<?xml version="1.0" encoding="UTF-8"?>
<testsuite xmlns:xsi="http://www.w3.org/2001/XMLSchema-instance" xsi:noNamespaceSchemaLocation="https://maven.apache.org/surefire/maven-surefire-plugin/xsd/surefire-test-report-3.0.xsd" version="3.0" name="org.apache.hadoop.ozone.container.TestContainerReplication" time="244.084" tests="6" errors="1" skipped="0" failures="0">
  <properties>
    <property name="awt.toolkit" value="sun.awt.X11.XToolkit"/>
    <property name="file.encoding.pkg" value="sun.io"/>
    <property name="java.specification.version" value="1.8"/>
    <property name="sun.cpu.isalist" value=""/>
    <property name="sun.jnu.encoding" value="UTF-8"/>
    <property name="java.class.path" value="/home/runner/work/ozone/ozone/hadoop-ozone/integration-test/target/test-classes:/home/runner/work/ozone/ozone/hadoop-ozone/integration-test/target/classes:/home/runner/.m2/repository/org/apache/ozone/ozone-common/1.4.0-SNAPSHOT/ozone-common-1.4.0-SNAPSHOT.jar:/home/runner/.m2/repository/io/grpc/grpc-netty/1.51.1/grpc-netty-1.51.1.jar:/home/runner/.m2/repository/io/grpc/grpc-core/1.51.1/grpc-core-1.51.1.jar:/home/runner/.m2/repository/com/google/android/annotations/4.1.1.4/annotations-4.1.1.4.jar:/home/runner/.m2/repository/org/codehaus/mojo/animal-sniffer-annotations/1.21/animal-sniffer-annotations-1.21.jar:/home/runner/.m2/repository/com/google/errorprone/error_prone_annotations/2.2.0/error_prone_annotations-2.2.0.jar:/home/runner/.m2/repository/io/perfmark/perfmark-api/0.25.0/perfmark-api-0.25.0.jar:/home/runner/.m2/repository/io/netty/netty-codec-http2/4.1.86.Final/netty-codec-http2-4.1.86.Final.jar:/home/runner/.m2/repository/io/netty/netty-common/4.1.86.Final/netty-common-4.1.86.Final.jar:/home/runner/.m2/repository/io/netty/netty-buffer/4.1.86.Final/netty-buffer-4.1.86.Final.jar:/home/runner/.m2/repository/io/netty/netty-codec-http/4.1.86.Final/netty-codec-http-4.1.86.Final.jar:/home/runner/.m2/repository/io/netty/netty-handler-proxy/4.1.86.Final/netty-handler-proxy-4.1.86.Final.jar:/home/runner/.m2/repository/io/netty/netty-codec-socks/4.1.86.Final/netty-codec-socks-4.1.86.Final.jar:/home/runner/.m2/repository/io/netty/netty-tcnative-boringssl-static/2.0.54.Final/netty-tcnative-boringssl-static-2.0.54.Final.jar:/home/runner/.m2/repository/io/netty/netty-tcnative-classes/2.0.54.Final/netty-tcnative-classes-2.0.54.Final.jar:/home/runner/.m2/repository/io/netty/netty-tcnative-boringssl-static/2.0.54.Final/netty-tcnative-boringssl-static-2.0.54.Final-linux-x86_64.jar:/home/runner/.m2/repository/io/netty/netty-tcnative-boringssl-static/2.0.54.Final/netty-tcnative-boringssl-static-2.0.54.Final-linux-aarch_64.jar:/home/runner/.m2/repository/io/netty/netty-tcnative-boringssl-static/2.0.54.Final/netty-tcnative-boringssl-static-2.0.54.Final-osx-x86_64.jar:/home/runner/.m2/repository/io/netty/netty-tcnative-boringssl-static/2.0.54.Final/netty-tcnative-boringssl-static-2.0.54.Final-osx-aarch_64.jar:/home/runner/.m2/repository/io/netty/netty-tcnative-boringssl-static/2.0.54.Final/netty-tcnative-boringssl-static-2.0.54.Final-windows-x86_64.jar:/home/runner/.m2/repository/org/apache/commons/commons-compress/1.21/commons-compress-1.21.jar:/home/runner/.m2/repository/org/apache/ozone/hdds-common/1.4.0-SNAPSHOT/hdds-common-1.4.0-SNAPSHOT.jar:/home/runner/.m2/repository/org/apache/ozone/hdds-client/1.4.0-SNAPSHOT/hdds-client-1.4.0-SNAPSHOT.jar:/home/runner/.m2/repository/org/apache/ozone/ozone-interface-client/1.4.0-SNAPSHOT/ozone-interface-client-1.4.0-SNAPSHOT.jar:/home/runner/.m2/repository/org/apache/hadoop/hadoop-hdfs-client/3.3.5/hadoop-hdfs-client-3.3.5.jar:/home/runner/.m2/repository/com/squareup/okhttp3/okhttp/4.9.3/okhttp-4.9.3.jar:/home/runner/.m2/repository/com/squareup/okio/okio/2.8.0/okio-2.8.0.jar:/home/runner/.m2/repository/org/jetbrains/kotlin/kotlin-stdlib-common/1.6.21/kotlin-stdlib-common-1.6.21.jar:/home/runner/.m2/repository/org/apache/ozone/hdds-test-utils/1.4.0-SNAPSHOT/hdds-test-utils-1.4.0-SNAPSHOT.jar:/home/runner/.m2/repository/com/google/guava/guava/31.1-jre/guava-31.1-jre.jar:/home/runner/.m2/repository/com/google/guava/failureaccess/1.0.1/failureaccess-1.0.1.jar:/home/runner/.m2/repository/com/google/guava/listenablefuture/9999.0-empty-to-avoid-conflict-with-guava/listenablefuture-9999.0-empty-to-avoid-conflict-with-guava.jar:/home/runner/.m2/repository/com/google/code/findbugs/jsr305/3.0.0/jsr305-3.0.0.jar:/home/runner/.m2/repository/org/checkerframework/checker-qual/3.12.0/checker-qual-3.12.0.jar:/home/runner/.m2/repository/com/google/j2objc/j2objc-annotations/1.3/j2objc-annotations-1.3.jar:/home/runner/.m2/repository/commons-io/commons-io/2.11.0/commons-io-2.11.0.jar:/home/runner/.m2/repository/commons-logging/commons-logging/1.2/commons-logging-1.2.jar:/home/runner/.m2/repository/ch/qos/reload4j/reload4j/1.2.22/reload4j-1.2.22.jar:/home/runner/.m2/repository/org/slf4j/slf4j-api/1.7.36/slf4j-api-1.7.36.jar:/home/runner/.m2/repository/org/apache/ozone/hdds-server-scm/1.4.0-SNAPSHOT/hdds-server-scm-1.4.0-SNAPSHOT.jar:/home/runner/.m2/repository/org/apache/ozone/hdds-container-service/1.4.0-SNAPSHOT/hdds-container-service-1.4.0-SNAPSHOT.jar:/home/runner/.m2/repository/org/apache/ozone/hdds-hadoop-dependency-server/1.4.0-SNAPSHOT/hdds-hadoop-dependency-server-1.4.0-SNAPSHOT.jar:/home/runner/.m2/repository/org/apache/hadoop/hadoop-hdfs/3.3.5/hadoop-hdfs-3.3.5.jar:/home/runner/.m2/repository/commons-daemon/commons-daemon/1.0.13/commons-daemon-1.0.13.jar:/home/runner/.m2/repository/org/apache/ozone/hdds-server-framework/1.4.0-SNAPSHOT/hdds-server-framework-1.4.0-SNAPSHOT.jar:/home/runner/.m2/repository/io/dropwizard/metrics/metrics-core/3.2.4/metrics-core-3.2.4.jar:/home/runner/.m2/repository/org/apache/commons/commons-text/1.4/commons-text-1.4.jar:/home/runner/.m2/repository/org/bouncycastle/bcprov-jdk15on/1.67/bcprov-jdk15on-1.67.jar:/home/runner/.m2/repository/com/google/protobuf/protobuf-java/2.5.0/protobuf-java-2.5.0.jar:/home/runner/.m2/repository/org/apache/ozone/hdds-server-framework/1.4.0-SNAPSHOT/hdds-server-framework-1.4.0-SNAPSHOT-tests.jar:/home/runner/.m2/repository/org/apache/ozone/hdds-interface-server/1.4.0-SNAPSHOT/hdds-interface-server-1.4.0-SNAPSHOT.jar:/home/runner/.m2/repository/org/apache/ozone/hdds-interface-admin/1.4.0-SNAPSHOT/hdds-interface-admin-1.4.0-SNAPSHOT.jar:/home/runner/.m2/repository/org/apache/ozone/hdds-managed-rocksdb/1.4.0-SNAPSHOT/hdds-managed-rocksdb-1.4.0-SNAPSHOT.jar:/home/runner/.m2/repository/org/rocksdb/rocksdbjni/7.7.3/rocksdbjni-7.7.3.jar:/home/runner/.m2/repository/org/slf4j/slf4j-reload4j/1.7.36/slf4j-reload4j-1.7.36.jar:/home/runner/.m2/repository/org/apache/commons/commons-configuration2/2.1.1/commons-configuration2-2.1.1.jar:/home/runner/.m2/repository/org/apache/logging/log4j/log4j-core/2.17.1/log4j-core-2.17.1.jar:/home/runner/.m2/repository/com/lmax/disruptor/3.4.2/disruptor-3.4.2.jar:/home/runner/.m2/repository/org/eclipse/jetty/jetty-util/9.4.51.v20230217/jetty-util-9.4.51.v20230217.jar:/home/runner/.m2/repository/org/eclipse/jetty/jetty-server/9.4.51.v20230217/jetty-server-9.4.51.v20230217.jar:/home/runner/.m2/repository/org/eclipse/jetty/jetty-http/9.4.51.v20230217/jetty-http-9.4.51.v20230217.jar:/home/runner/.m2/repository/org/eclipse/jetty/jetty-io/9.4.51.v20230217/jetty-io-9.4.51.v20230217.jar:/home/runner/.m2/repository/org/eclipse/jetty/jetty-servlet/9.4.51.v20230217/jetty-servlet-9.4.51.v20230217.jar:/home/runner/.m2/repository/org/eclipse/jetty/jetty-security/9.4.51.v20230217/jetty-security-9.4.51.v20230217.jar:/home/runner/.m2/repository/org/eclipse/jetty/jetty-util-ajax/9.4.51.v20230217/jetty-util-ajax-9.4.51.v20230217.jar:/home/runner/.m2/repository/org/eclipse/jetty/jetty-webapp/9.4.51.v20230217/jetty-webapp-9.4.51.v20230217.jar:/home/runner/.m2/repository/org/eclipse/jetty/jetty-xml/9.4.51.v20230217/jetty-xml-9.4.51.v20230217.jar:/home/runner/.m2/repository/org/apache/ratis/ratis-server/2.5.1/ratis-server-2.5.1.jar:/home/runner/.m2/repository/org/apache/ratis/ratis-thirdparty-misc/1.0.4/ratis-thirdparty-misc-1.0.4.jar:/home/runner/.m2/repository/org/apache/ratis/ratis-proto/2.5.1/ratis-proto-2.5.1.jar:/home/runner/.m2/repository/org/apache/ratis/ratis-common/2.5.1/ratis-common-2.5.1.jar:/home/runner/.m2/repository/org/apache/ratis/ratis-client/2.5.1/ratis-client-2.5.1.jar:/home/runner/.m2/repository/org/apache/ratis/ratis-server-api/2.5.1/ratis-server-api-2.5.1.jar:/home/runner/.m2/repository/org/apache/ratis/ratis-metrics/2.5.1/ratis-metrics-2.5.1.jar:/home/runner/.m2/repository/io/prometheus/simpleclient_dropwizard/0.7.0/simpleclient_dropwizard-0.7.0.jar:/home/runner/.m2/repository/io/prometheus/simpleclient/0.7.0/simpleclient-0.7.0.jar:/home/runner/.m2/repository/io/prometheus/simpleclient_common/0.7.0/simpleclient_common-0.7.0.jar:/home/runner/.m2/repository/com/fasterxml/jackson/datatype/jackson-datatype-jsr310/2.13.4/jackson-datatype-jsr310-2.13.4.jar:/home/runner/.m2/repository/com/fasterxml/jackson/core/jackson-core/2.13.4/jackson-core-2.13.4.jar:/home/runner/.m2/repository/com/github/spotbugs/spotbugs-annotations/3.1.12/spotbugs-annotations-3.1.12.jar:/home/runner/.m2/repository/org/apache/ozone/rocksdb-checkpoint-differ/1.4.0-SNAPSHOT/rocksdb-checkpoint-differ-1.4.0-SNAPSHOT.jar:/home/runner/.m2/repository/org/awaitility/awaitility/4.2.0/awaitility-4.2.0.jar:/home/runner/.m2/repository/org/hamcrest/hamcrest/2.1/hamcrest-2.1.jar:/home/runner/.m2/repository/org/apache/ozone/ozone-manager/1.4.0-SNAPSHOT/ozone-manager-1.4.0-SNAPSHOT.jar:/home/runner/.m2/repository/org/aspectj/aspectjrt/1.9.7/aspectjrt-1.9.7.jar:/home/runner/.m2/repository/org/aspectj/aspectjweaver/1.9.7/aspectjweaver-1.9.7.jar:/home/runner/.m2/repository/org/apache/ozone/hdds-interface-client/1.4.0-SNAPSHOT/hdds-interface-client-1.4.0-SNAPSHOT.jar:/home/runner/.m2/repository/org/apache/hadoop/thirdparty/hadoop-shaded-protobuf_3_7/1.1.1/hadoop-shaded-protobuf_3_7-1.1.1.jar:/home/runner/.m2/repository/org/apache/ozone/ozone-interface-storage/1.4.0-SNAPSHOT/ozone-interface-storage-1.4.0-SNAPSHOT.jar:/home/runner/.m2/repository/org/reflections/reflections/0.9.11/reflections-0.9.11.jar:/home/runner/.m2/repository/com/sun/jersey/jersey-client/1.19/jersey-client-1.19.jar:/home/runner/.m2/repository/org/codehaus/jackson/jackson-core-asl/1.9.13/jackson-core-asl-1.9.13.jar:/home/runner/.m2/repository/org/codehaus/jackson/jackson-mapper-asl/1.9.13/jackson-mapper-asl-1.9.13.jar:/home/runner/.m2/repository/org/codehaus/jackson/jackson-jaxrs/1.9.13/jackson-jaxrs-1.9.13.jar:/home/runner/.m2/repository/org/apache/ranger/ranger-intg/2.3.0/ranger-intg-2.3.0.jar:/home/runner/.m2/repository/org/apache/ranger/ranger-plugins-common/2.3.0/ranger-plugins-common-2.3.0.jar:/home/runner/.m2/repository/commons-lang/commons-lang/2.6/commons-lang-2.6.jar:/home/runner/.m2/repository/org/apache/ranger/ranger-plugins-cred/2.3.0/ranger-plugins-cred-2.3.0.jar:/home/runner/.m2/repository/org/apache/ranger/ranger-plugins-audit/2.3.0/ranger-plugins-audit-2.3.0.jar:/home/runner/.m2/repository/org/eclipse/jetty/jetty-client/9.4.51.v20230217/jetty-client-9.4.51.v20230217.jar:/home/runner/.m2/repository/org/apache/httpcomponents/httpmime/4.5.6/httpmime-4.5.6.jar:/home/runner/.m2/repository/org/apache/httpcomponents/httpcore-nio/4.4.13/httpcore-nio-4.4.13.jar:/home/runner/.m2/repository/org/apache/httpcomponents/httpasyncclient/4.1.3/httpasyncclient-4.1.3.jar:/home/runner/.m2/repository/com/carrotsearch/hppc/0.8.0/hppc-0.8.0.jar:/home/runner/.m2/repository/org/apache/orc/orc-core/1.5.8/orc-core-1.5.8.jar:/home/runner/.m2/repository/net/java/dev/jna/jna/5.2.0/jna-5.2.0.jar:/home/runner/.m2/repository/net/java/dev/jna/jna-platform/5.2.0/jna-platform-5.2.0.jar:/home/runner/.m2/repository/com/kstruct/gethostname4j/0.0.2/gethostname4j-0.0.2.jar:/home/runner/.m2/repository/org/apache/ranger/ranger-plugin-classloader/2.3.0/ranger-plugin-classloader-2.3.0.jar:/home/runner/.m2/repository/org/apache/ozone/hdds-rocks-native/1.4.0-SNAPSHOT/hdds-rocks-native-1.4.0-SNAPSHOT.jar:/home/runner/.m2/repository/org/apache/hadoop/hadoop-minikdc/3.3.5/hadoop-minikdc-3.3.5.jar:/home/runner/.m2/repository/org/apache/kerby/kerb-simplekdc/1.0.1/kerb-simplekdc-1.0.1.jar:/home/runner/.m2/repository/org/apache/kerby/kerb-client/1.0.1/kerb-client-1.0.1.jar:/home/runner/.m2/repository/org/apache/kerby/kerby-config/1.0.1/kerby-config-1.0.1.jar:/home/runner/.m2/repository/org/apache/kerby/kerb-common/1.0.1/kerb-common-1.0.1.jar:/home/runner/.m2/repository/org/apache/kerby/kerb-crypto/1.0.1/kerb-crypto-1.0.1.jar:/home/runner/.m2/repository/org/apache/kerby/kerb-util/1.0.1/kerb-util-1.0.1.jar:/home/runner/.m2/repository/org/apache/kerby/token-provider/1.0.1/token-provider-1.0.1.jar:/home/runner/.m2/repository/org/apache/kerby/kerb-admin/1.0.1/kerb-admin-1.0.1.jar:/home/runner/.m2/repository/org/apache/kerby/kerb-server/1.0.1/kerb-server-1.0.1.jar:/home/runner/.m2/repository/org/apache/kerby/kerb-identity/1.0.1/kerb-identity-1.0.1.jar:/home/runner/.m2/repository/org/apache/kerby/kerby-xdr/1.0.1/kerby-xdr-1.0.1.jar:/home/runner/.m2/repository/org/apache/ozone/ozone-s3gateway/1.4.0-SNAPSHOT/ozone-s3gateway-1.4.0-SNAPSHOT.jar:/home/runner/.m2/repository/org/javassist/javassist/3.21.0-GA/javassist-3.21.0-GA.jar:/home/runner/.m2/repository/org/jboss/weld/servlet/weld-servlet-shaded/3.1.9.Final/weld-servlet-shaded-3.1.9.Final.jar:/home/runner/.m2/repository/org/glassfish/jersey/containers/jersey-container-servlet-core/2.34/jersey-container-servlet-core-2.34.jar:/home/runner/.m2/repository/org/glassfish/hk2/external/jakarta.inject/2.6.1/jakarta.inject-2.6.1.jar:/home/runner/.m2/repository/org/glassfish/jersey/core/jersey-common/2.34/jersey-common-2.34.jar:/home/runner/.m2/repository/jakarta/ws/rs/jakarta.ws.rs-api/2.1.6/jakarta.ws.rs-api-2.1.6.jar:/home/runner/.m2/repository/org/glassfish/jersey/ext/cdi/jersey-cdi1x/2.34/jersey-cdi1x-2.34.jar:/home/runner/.m2/repository/org/glassfish/jersey/inject/jersey-hk2/2.34/jersey-hk2-2.34.jar:/home/runner/.m2/repository/org/glassfish/hk2/hk2-locator/2.6.1/hk2-locator-2.6.1.jar:/home/runner/.m2/repository/org/glassfish/jersey/media/jersey-media-jaxb/2.34/jersey-media-jaxb-2.34.jar:/home/runner/.m2/repository/org/glassfish/hk2/osgi-resource-locator/1.0.3/osgi-resource-locator-1.0.3.jar:/home/runner/.m2/repository/org/glassfish/hk2/hk2-api/2.5.0/hk2-api-2.5.0.jar:/home/runner/.m2/repository/org/glassfish/hk2/hk2-utils/2.5.0/hk2-utils-2.5.0.jar:/home/runner/.m2/repository/org/glassfish/hk2/external/aopalliance-repackaged/2.5.0/aopalliance-repackaged-2.5.0.jar:/home/runner/.m2/repository/com/fasterxml/jackson/dataformat/jackson-dataformat-xml/2.13.4/jackson-dataformat-xml-2.13.4.jar:/home/runner/.m2/repository/org/codehaus/woodstox/stax2-api/4.2.1/stax2-api-4.2.1.jar:/home/runner/.m2/repository/com/fasterxml/woodstox/woodstox-core/5.4.0/woodstox-core-5.4.0.jar:/home/runner/.m2/repository/com/fasterxml/jackson/module/jackson-module-jaxb-annotations/2.13.4/jackson-module-jaxb-annotations-2.13.4.jar:/home/runner/.m2/repository/jakarta/xml/bind/jakarta.xml.bind-api/2.3.3/jakarta.xml.bind-api-2.3.3.jar:/home/runner/.m2/repository/jakarta/activation/jakarta.activation-api/1.2.2/jakarta.activation-api-1.2.2.jar:/home/runner/.m2/repository/javax/enterprise/cdi-api/2.0/cdi-api-2.0.jar:/home/runner/.m2/repository/javax/el/javax.el-api/3.0.0/javax.el-api-3.0.0.jar:/home/runner/.m2/repository/javax/interceptor/javax.interceptor-api/1.2/javax.interceptor-api-1.2.jar:/home/runner/.m2/repository/javax/inject/javax.inject/1/javax.inject-1.jar:/home/runner/.m2/repository/javax/xml/bind/jaxb-api/2.3.0/jaxb-api-2.3.0.jar:/home/runner/.m2/repository/org/glassfish/jaxb/jaxb-runtime/2.3.0.1/jaxb-runtime-2.3.0.1.jar:/home/runner/.m2/repository/org/glassfish/jaxb/jaxb-core/2.3.0.1/jaxb-core-2.3.0.1.jar:/home/runner/.m2/repository/org/glassfish/jaxb/txw2/2.3.0.1/txw2-2.3.0.1.jar:/home/runner/.m2/repository/com/sun/istack/istack-commons-runtime/3.0.5/istack-commons-runtime-3.0.5.jar:/home/runner/.m2/repository/org/jvnet/staxex/stax-ex/1.7.8/stax-ex-1.7.8.jar:/home/runner/.m2/repository/com/sun/xml/fastinfoset/FastInfoset/1.2.13/FastInfoset-1.2.13.jar:/home/runner/.m2/repository/javax/activation/activation/1.1.1/activation-1.1.1.jar:/home/runner/.m2/repository/io/grpc/grpc-protobuf/1.51.1/grpc-protobuf-1.51.1.jar:/home/runner/.m2/repository/io/grpc/grpc-api/1.51.1/grpc-api-1.51.1.jar:/home/runner/.m2/repository/io/grpc/grpc-context/1.51.1/grpc-context-1.51.1.jar:/home/runner/.m2/repository/com/google/api/grpc/proto-google-common-protos/2.9.0/proto-google-common-protos-2.9.0.jar:/home/runner/.m2/repository/io/grpc/grpc-protobuf-lite/1.51.1/grpc-protobuf-lite-1.51.1.jar:/home/runner/.m2/repository/io/grpc/grpc-stub/1.51.1/grpc-stub-1.51.1.jar:/home/runner/.m2/repository/io/netty/netty-transport/4.1.86.Final/netty-transport-4.1.86.Final.jar:/home/runner/.m2/repository/io/netty/netty-resolver/4.1.86.Final/netty-resolver-4.1.86.Final.jar:/home/runner/.m2/repository/org/apache/ozone/ozone-csi/1.4.0-SNAPSHOT/ozone-csi-1.4.0-SNAPSHOT.jar:/home/runner/.m2/repository/com/google/protobuf/protobuf-java-util/3.19.6/protobuf-java-util-3.19.6.jar:/home/runner/.m2/repository/com/google/code/gson/gson/2.9.0/gson-2.9.0.jar:/home/runner/.m2/repository/org/apache/ozone/hdds-config/1.4.0-SNAPSHOT/hdds-config-1.4.0-SNAPSHOT.jar:/home/runner/.m2/repository/io/netty/netty-transport-native-epoll/4.1.86.Final/netty-transport-native-epoll-4.1.86.Final-linux-x86_64.jar:/home/runner/.m2/repository/io/netty/netty-transport-classes-epoll/4.1.86.Final/netty-transport-classes-epoll-4.1.86.Final.jar:/home/runner/.m2/repository/io/netty/netty-transport-native-unix-common/4.1.86.Final/netty-transport-native-unix-common-4.1.86.Final.jar:/home/runner/.m2/repository/org/apache/ozone/ozone-recon/1.4.0-SNAPSHOT/ozone-recon-1.4.0-SNAPSHOT.jar:/home/runner/.m2/repository/org/apache/ozone/ozone-reconcodegen/1.4.0-SNAPSHOT/ozone-reconcodegen-1.4.0-SNAPSHOT.jar:/home/runner/.m2/repository/com/google/inject/guice/5.1.0/guice-5.1.0.jar:/home/runner/.m2/repository/aopalliance/aopalliance/1.0/aopalliance-1.0.jar:/home/runner/.m2/repository/com/google/inject/extensions/guice-assistedinject/5.1.0/guice-assistedinject-5.1.0.jar:/home/runner/.m2/repository/com/google/inject/extensions/guice-servlet/5.1.0/guice-servlet-5.1.0.jar:/home/runner/.m2/repository/org/glassfish/jersey/containers/jersey-container-servlet/2.34/jersey-container-servlet-2.34.jar:/home/runner/.m2/repository/org/glassfish/hk2/guice-bridge/2.5.0/guice-bridge-2.5.0.jar:/home/runner/.m2/repository/org/glassfish/jersey/core/jersey-server/2.34/jersey-server-2.34.jar:/home/runner/.m2/repository/org/glassfish/jersey/core/jersey-client/2.34/jersey-client-2.34.jar:/home/runner/.m2/repository/jakarta/annotation/jakarta.annotation-api/1.3.5/jakarta.annotation-api-1.3.5.jar:/home/runner/.m2/repository/jakarta/validation/jakarta.validation-api/2.0.2/jakarta.validation-api-2.0.2.jar:/home/runner/.m2/repository/org/glassfish/jersey/media/jersey-media-json-jackson/2.34/jersey-media-json-jackson-2.34.jar:/home/runner/.m2/repository/org/glassfish/jersey/ext/jersey-entity-filtering/2.34/jersey-entity-filtering-2.34.jar:/home/runner/.m2/repository/org/jooq/jooq/3.11.10/jooq-3.11.10.jar:/home/runner/.m2/repository/org/jooq/jooq-meta/3.11.10/jooq-meta-3.11.10.jar:/home/runner/.m2/repository/org/jooq/jooq-codegen/3.11.10/jooq-codegen-3.11.10.jar:/home/runner/.m2/repository/com/jolbox/bonecp/0.8.0.RELEASE/bonecp-0.8.0.RELEASE.jar:/home/runner/.m2/repository/org/apache/derby/derby/10.14.2.0/derby-10.14.2.0.jar:/home/runner/.m2/repository/org/xerial/sqlite-jdbc/3.25.2/sqlite-jdbc-3.25.2.jar:/home/runner/.m2/repository/org/springframework/spring-jdbc/5.3.27/spring-jdbc-5.3.27.jar:/home/runner/.m2/repository/org/springframework/spring-beans/5.3.27/spring-beans-5.3.27.jar:/home/runner/.m2/repository/org/springframework/spring-core/5.3.27/spring-core-5.3.27.jar:/home/runner/.m2/repository/org/springframework/spring-tx/5.3.27/spring-tx-5.3.27.jar:/home/runner/.m2/repository/org/apache/ozone/ozone-client/1.4.0-SNAPSHOT/ozone-client-1.4.0-SNAPSHOT.jar:/home/runner/.m2/repository/org/apache/ozone/hdds-erasurecode/1.4.0-SNAPSHOT/hdds-erasurecode-1.4.0-SNAPSHOT.jar:/home/runner/.m2/repository/org/apache/ozone/ozone-filesystem/1.4.0-SNAPSHOT/ozone-filesystem-1.4.0-SNAPSHOT.jar:/home/runner/.m2/repository/org/apache/ozone/ozone-filesystem-common/1.4.0-SNAPSHOT/ozone-filesystem-common-1.4.0-SNAPSHOT.jar:/home/runner/.m2/repository/org/apache/ozone/ozone-tools/1.4.0-SNAPSHOT/ozone-tools-1.4.0-SNAPSHOT.jar:/home/runner/.m2/repository/com/amazonaws/aws-java-sdk-core/1.12.261/aws-java-sdk-core-1.12.261.jar:/home/runner/.m2/repository/org/apache/httpcomponents/httpclient/4.5.13/httpclient-4.5.13.jar:/home/runner/.m2/repository/org/apache/httpcomponents/httpcore/4.4.13/httpcore-4.4.13.jar:/home/runner/.m2/repository/software/amazon/ion/ion-java/1.0.2/ion-java-1.0.2.jar:/home/runner/.m2/repository/com/fasterxml/jackson/dataformat/jackson-dataformat-cbor/2.13.4/jackson-dataformat-cbor-2.13.4.jar:/home/runner/.m2/repository/joda-time/joda-time/2.10.6/joda-time-2.10.6.jar:/home/runner/.m2/repository/com/amazonaws/aws-java-sdk-s3/1.12.261/aws-java-sdk-s3-1.12.261.jar:/home/runner/.m2/repository/com/amazonaws/aws-java-sdk-kms/1.12.261/aws-java-sdk-kms-1.12.261.jar:/home/runner/.m2/repository/com/amazonaws/jmespath-java/1.12.261/jmespath-java-1.12.261.jar:/home/runner/.m2/repository/org/kohsuke/metainf-services/metainf-services/1.8/metainf-services-1.8.jar:/home/runner/.m2/repository/org/apache/ozone/hdds-tools/1.4.0-SNAPSHOT/hdds-tools-1.4.0-SNAPSHOT.jar:/home/runner/.m2/repository/org/apache/ratis/ratis-tools/2.5.1/ratis-tools-2.5.1.jar:/home/runner/.m2/repository/commons-cli/commons-cli/1.2/commons-cli-1.2.jar:/home/runner/.m2/repository/org/apache/commons/commons-lang3/3.7/commons-lang3-3.7.jar:/home/runner/.m2/repository/org/apache/ozone/ozone-manager/1.4.0-SNAPSHOT/ozone-manager-1.4.0-SNAPSHOT-tests.jar:/home/runner/.m2/repository/org/apache/ozone/hdds-common/1.4.0-SNAPSHOT/hdds-common-1.4.0-SNAPSHOT-tests.jar:/home/runner/.m2/repository/org/apache/ozone/hdds-hadoop-dependency-client/1.4.0-SNAPSHOT/hdds-hadoop-dependency-client-1.4.0-SNAPSHOT.jar:/home/runner/.m2/repository/info/picocli/picocli/4.6.1/picocli-4.6.1.jar:/home/runner/.m2/repository/com/fasterxml/jackson/core/jackson-annotations/2.13.4/jackson-annotations-2.13.4.jar:/home/runner/.m2/repository/org/apache/ozone/hdds-annotation-processing/1.4.0-SNAPSHOT/hdds-annotation-processing-1.4.0-SNAPSHOT.jar:/home/runner/.m2/repository/javax/annotation/javax.annotation-api/1.2/javax.annotation-api-1.2.jar:/home/runner/.m2/repository/org/apache/ratis/ratis-netty/2.5.1/ratis-netty-2.5.1.jar:/home/runner/.m2/repository/org/apache/ratis/ratis-grpc/2.5.1/ratis-grpc-2.5.1.jar:/home/runner/.m2/repository/org/apache/logging/log4j/log4j-api/2.17.1/log4j-api-2.17.1.jar:/home/runner/.m2/repository/org/apache/commons/commons-pool2/2.6.0/commons-pool2-2.6.0.jar:/home/runner/.m2/repository/org/bouncycastle/bcpkix-jdk15on/1.67/bcpkix-jdk15on-1.67.jar:/home/runner/.m2/repository/commons-validator/commons-validator/1.6/commons-validator-1.6.jar:/home/runner/.m2/repository/commons-beanutils/commons-beanutils/1.9.4/commons-beanutils-1.9.4.jar:/home/runner/.m2/repository/commons-digester/commons-digester/1.8.1/commons-digester-1.8.1.jar:/home/runner/.m2/repository/commons-collections/commons-collections/3.2.2/commons-collections-3.2.2.jar:/home/runner/.m2/repository/io/jaegertracing/jaeger-client/1.6.0/jaeger-client-1.6.0.jar:/home/runner/.m2/repository/io/jaegertracing/jaeger-thrift/1.6.0/jaeger-thrift-1.6.0.jar:/home/runner/.m2/repository/org/apache/thrift/libthrift/0.14.1/libthrift-0.14.1.jar:/home/runner/.m2/repository/io/jaegertracing/jaeger-core/1.6.0/jaeger-core-1.6.0.jar:/home/runner/.m2/repository/io/jaegertracing/jaeger-tracerresolver/1.6.0/jaeger-tracerresolver-1.6.0.jar:/home/runner/.m2/repository/io/opentracing/contrib/opentracing-tracerresolver/0.1.8/opentracing-tracerresolver-0.1.8.jar:/home/runner/.m2/repository/org/jetbrains/kotlin/kotlin-stdlib/1.6.21/kotlin-stdlib-1.6.21.jar:/home/runner/.m2/repository/org/jetbrains/annotations/13.0/annotations-13.0.jar:/home/runner/.m2/repository/io/opentracing/opentracing-util/0.33.0/opentracing-util-0.33.0.jar:/home/runner/.m2/repository/io/opentracing/opentracing-api/0.33.0/opentracing-api-0.33.0.jar:/home/runner/.m2/repository/io/opentracing/opentracing-noop/0.33.0/opentracing-noop-0.33.0.jar:/home/runner/.m2/repository/org/yaml/snakeyaml/2.0/snakeyaml-2.0.jar:/home/runner/.m2/repository/junit/junit/4.13.1/junit-4.13.1.jar:/home/runner/.m2/repository/org/hamcrest/hamcrest-core/1.3/hamcrest-core-1.3.jar:/home/runner/.m2/repository/org/junit/jupiter/junit-jupiter-api/5.8.2/junit-jupiter-api-5.8.2.jar:/home/runner/.m2/repository/org/opentest4j/opentest4j/1.2.0/opentest4j-1.2.0.jar:/home/runner/.m2/repository/org/junit/platform/junit-platform-commons/1.8.2/junit-platform-commons-1.8.2.jar:/home/runner/.m2/repository/org/apiguardian/apiguardian-api/1.1.2/apiguardian-api-1.1.2.jar:/home/runner/.m2/repository/org/junit/jupiter/junit-jupiter-params/5.8.2/junit-jupiter-params-5.8.2.jar:/home/runner/.m2/repository/org/junit/jupiter/junit-jupiter-migrationsupport/5.8.2/junit-jupiter-migrationsupport-5.8.2.jar:/home/runner/.m2/repository/org/junit/jupiter/junit-jupiter-engine/5.8.2/junit-jupiter-engine-5.8.2.jar:/home/runner/.m2/repository/org/junit/platform/junit-platform-engine/1.8.2/junit-platform-engine-1.8.2.jar:/home/runner/.m2/repository/org/junit/vintage/junit-vintage-engine/5.8.2/junit-vintage-engine-5.8.2.jar:/home/runner/.m2/repository/org/junit/platform/junit-platform-launcher/1.8.2/junit-platform-launcher-1.8.2.jar:/home/runner/.m2/repository/org/mockito/mockito-core/2.28.2/mockito-core-2.28.2.jar:/home/runner/.m2/repository/net/bytebuddy/byte-buddy/1.9.10/byte-buddy-1.9.10.jar:/home/runner/.m2/repository/net/bytebuddy/byte-buddy-agent/1.9.10/byte-buddy-agent-1.9.10.jar:/home/runner/.m2/repository/org/objenesis/objenesis/1.0/objenesis-1.0.jar:/home/runner/.m2/repository/org/apache/hadoop/hadoop-kms/3.3.5/hadoop-kms-3.3.5.jar:/home/runner/.m2/repository/org/apache/hadoop/hadoop-auth/3.3.5/hadoop-auth-3.3.5.jar:/home/runner/.m2/repository/com/nimbusds/nimbus-jose-jwt/9.8.1/nimbus-jose-jwt-9.8.1.jar:/home/runner/.m2/repository/com/github/stephenc/jcip/jcip-annotations/1.0-1/jcip-annotations-1.0-1.jar:/home/runner/.m2/repository/net/minidev/json-smart/2.4.7/json-smart-2.4.7.jar:/home/runner/.m2/repository/net/minidev/accessors-smart/2.4.7/accessors-smart-2.4.7.jar:/home/runner/.m2/repository/org/ow2/asm/asm/5.0.4/asm-5.0.4.jar:/home/runner/.m2/repository/org/apache/zookeeper/zookeeper/3.5.6/zookeeper-3.5.6.jar:/home/runner/.m2/repository/org/apache/zookeeper/zookeeper-jute/3.5.6/zookeeper-jute-3.5.6.jar:/home/runner/.m2/repository/org/apache/yetus/audience-annotations/0.5.0/audience-annotations-0.5.0.jar:/home/runner/.m2/repository/org/apache/curator/curator-framework/4.2.0/curator-framework-4.2.0.jar:/home/runner/.m2/repository/org/apache/hadoop/thirdparty/hadoop-shaded-guava/1.1.1/hadoop-shaded-guava-1.1.1.jar:/home/runner/.m2/repository/com/sun/jersey/jersey-core/1.19/jersey-core-1.19.jar:/home/runner/.m2/repository/javax/ws/rs/jsr311-api/1.1.1/jsr311-api-1.1.1.jar:/home/runner/.m2/repository/com/sun/jersey/jersey-server/1.19/jersey-server-1.19.jar:/home/runner/.m2/repository/javax/servlet/javax.servlet-api/3.1.0/javax.servlet-api-3.1.0.jar:/home/runner/.m2/repository/org/apache/hadoop/hadoop-common/3.3.5/hadoop-common-3.3.5.jar:/home/runner/.m2/repository/org/apache/commons/commons-math3/3.1.1/commons-math3-3.1.1.jar:/home/runner/.m2/repository/commons-net/commons-net/3.9.0/commons-net-3.9.0.jar:/home/runner/.m2/repository/com/sun/jersey/jersey-servlet/1.19/jersey-servlet-1.19.jar:/home/runner/.m2/repository/com/github/pjfanning/jersey-json/1.20/jersey-json-1.20.jar:/home/runner/.m2/repository/org/codehaus/jettison/jettison/1.1/jettison-1.1.jar:/home/runner/.m2/repository/com/sun/xml/bind/jaxb-impl/2.2.3-1/jaxb-impl-2.2.3-1.jar:/home/runner/.m2/repository/com/google/re2j/re2j/1.1/re2j-1.1.jar:/home/runner/.m2/repository/com/jcraft/jsch/0.1.54/jsch-0.1.54.jar:/home/runner/.m2/repository/org/apache/curator/curator-client/4.2.0/curator-client-4.2.0.jar:/home/runner/.m2/repository/org/apache/curator/curator-recipes/4.2.0/curator-recipes-4.2.0.jar:/home/runner/.m2/repository/org/apache/kerby/kerb-core/1.0.1/kerb-core-1.0.1.jar:/home/runner/.m2/repository/org/apache/kerby/kerby-pkix/1.0.1/kerby-pkix-1.0.1.jar:/home/runner/.m2/repository/org/apache/kerby/kerby-asn1/1.0.1/kerby-asn1-1.0.1.jar:/home/runner/.m2/repository/org/apache/kerby/kerby-util/1.0.1/kerby-util-1.0.1.jar:/home/runner/.m2/repository/dnsjava/dnsjava/2.1.7/dnsjava-2.1.7.jar:/home/runner/.m2/repository/org/xerial/snappy/snappy-java/1.1.8.2/snappy-java-1.1.8.2.jar:/home/runner/.m2/repository/com/fasterxml/jackson/core/jackson-databind/2.13.4.2/jackson-databind-2.13.4.2.jar:/home/runner/.m2/repository/org/apache/hadoop/hadoop-kms/3.3.5/hadoop-kms-3.3.5-tests.jar:/home/runner/.m2/repository/org/apache/ozone/hdds-server-scm/1.4.0-SNAPSHOT/hdds-server-scm-1.4.0-SNAPSHOT-tests.jar:/home/runner/.m2/repository/org/apache/ozone/hdds-container-service/1.4.0-SNAPSHOT/hdds-container-service-1.4.0-SNAPSHOT-tests.jar:/home/runner/.m2/repository/com/github/luben/zstd-jni/1.5.2-5/zstd-jni-1.5.2-5.jar:/home/runner/.m2/repository/commons-codec/commons-codec/1.15/commons-codec-1.15.jar:/home/runner/.m2/repository/io/netty/netty-codec/4.1.86.Final/netty-codec-4.1.86.Final.jar:/home/runner/.m2/repository/io/netty/netty-handler/4.1.86.Final/netty-handler-4.1.86.Final.jar:/home/runner/.m2/repository/org/apache/ozone/hdds-hadoop-dependency-test/1.4.0-SNAPSHOT/hdds-hadoop-dependency-test-1.4.0-SNAPSHOT.jar:/home/runner/.m2/repository/org/apache/hadoop/hadoop-common/3.3.5/hadoop-common-3.3.5-tests.jar:/home/runner/.m2/repository/org/apache/hadoop/hadoop-hdfs/3.3.5/hadoop-hdfs-3.3.5-tests.jar:/home/runner/.m2/repository/org/assertj/assertj-core/3.12.2/assertj-core-3.12.2.jar:/home/runner/.m2/repository/org/apache/hadoop/hadoop-distcp/3.3.5/hadoop-distcp-3.3.5.jar:/home/runner/.m2/repository/org/apache/hadoop/hadoop-mapreduce-client-jobclient/3.3.5/hadoop-mapreduce-client-jobclient-3.3.5.jar:/home/runner/.m2/repository/org/apache/hadoop/hadoop-mapreduce-client-common/3.3.5/hadoop-mapreduce-client-common-3.3.5.jar:/home/runner/.m2/repository/org/apache/hadoop/hadoop-yarn-common/3.3.5/hadoop-yarn-common-3.3.5.jar:/home/runner/.m2/repository/org/apache/hadoop/hadoop-yarn-api/3.3.5/hadoop-yarn-api-3.3.5.jar:/home/runner/.m2/repository/com/sun/jersey/contribs/jersey-guice/1.19/jersey-guice-1.19.jar:/home/runner/.m2/repository/com/fasterxml/jackson/jaxrs/jackson-jaxrs-json-provider/2.13.4/jackson-jaxrs-json-provider-2.13.4.jar:/home/runner/.m2/repository/com/fasterxml/jackson/jaxrs/jackson-jaxrs-base/2.13.4/jackson-jaxrs-base-2.13.4.jar:/home/runner/.m2/repository/org/apache/hadoop/hadoop-yarn-client/3.3.5/hadoop-yarn-client-3.3.5.jar:/home/runner/.m2/repository/org/eclipse/jetty/websocket/websocket-client/9.4.48.v20220622/websocket-client-9.4.48.v20220622.jar:/home/runner/.m2/repository/org/eclipse/jetty/websocket/websocket-common/9.4.48.v20220622/websocket-common-9.4.48.v20220622.jar:/home/runner/.m2/repository/org/eclipse/jetty/websocket/websocket-api/9.4.48.v20220622/websocket-api-9.4.48.v20220622.jar:/home/runner/.m2/repository/org/jline/jline/3.9.0/jline-3.9.0.jar:/home/runner/.m2/repository/org/apache/hadoop/hadoop-mapreduce-client-core/3.3.5/hadoop-mapreduce-client-core-3.3.5.jar:/home/runner/.m2/repository/org/apache/avro/avro/1.7.7/avro-1.7.7.jar:/home/runner/.m2/repository/com/thoughtworks/paranamer/paranamer/2.3/paranamer-2.3.jar:/home/runner/.m2/repository/org/apache/hadoop/hadoop-annotations/3.3.5/hadoop-annotations-3.3.5.jar:/usr/lib/jvm/temurin-8-jdk-amd64/jre/../lib/tools.jar:/home/runner/.m2/repository/io/netty/netty/3.10.6.Final/netty-3.10.6.Final.jar:/home/runner/.m2/repository/org/apache/hadoop/hadoop-distcp/3.3.5/hadoop-distcp-3.3.5-tests.jar:/home/runner/.m2/repository/org/slf4j/jul-to-slf4j/1.7.36/jul-to-slf4j-1.7.36.jar:"/>
    <property name="java.vm.vendor" value="Temurin"/>
    <property name="sun.arch.data.model" value="64"/>
    <property name="test.build.dir" value="/home/runner/work/ozone/ozone/hadoop-ozone/integration-test/target/test-dir"/>
    <property name="test.cache.data" value=""/>
    <property name="java.vendor.url" value="https://adoptium.net/"/>
    <property name="user.timezone" value="Etc/UTC"/>
    <property name="java.vm.specification.version" value="1.8"/>
    <property name="os.name" value="Linux"/>
    <property name="test.build.data" value="/home/runner/work/ozone/ozone/hadoop-ozone/integration-test/target/test-dir"/>
    <property name="sun.java.launcher" value="SUN_STANDARD"/>
    <property name="sun.boot.library.path" value="/usr/lib/jvm/temurin-8-jdk-amd64/jre/lib/amd64"/>
    <property name="sun.java.command" value="/home/runner/work/ozone/ozone/hadoop-ozone/integration-test/target/surefire/surefirebooter2074169421866956714.jar /home/runner/work/ozone/ozone/hadoop-ozone/integration-test/target/surefire 2023-05-23T10-18-07_757-jvmRun1 surefire6225102896152526118tmp surefire_102284648839154974871tmp"/>
    <property name="surefire.test.class.path" value="/home/runner/work/ozone/ozone/hadoop-ozone/integration-test/target/test-classes:/home/runner/work/ozone/ozone/hadoop-ozone/integration-test/target/classes:/home/runner/.m2/repository/org/apache/ozone/ozone-common/1.4.0-SNAPSHOT/ozone-common-1.4.0-SNAPSHOT.jar:/home/runner/.m2/repository/io/grpc/grpc-netty/1.51.1/grpc-netty-1.51.1.jar:/home/runner/.m2/repository/io/grpc/grpc-core/1.51.1/grpc-core-1.51.1.jar:/home/runner/.m2/repository/com/google/android/annotations/4.1.1.4/annotations-4.1.1.4.jar:/home/runner/.m2/repository/org/codehaus/mojo/animal-sniffer-annotations/1.21/animal-sniffer-annotations-1.21.jar:/home/runner/.m2/repository/com/google/errorprone/error_prone_annotations/2.2.0/error_prone_annotations-2.2.0.jar:/home/runner/.m2/repository/io/perfmark/perfmark-api/0.25.0/perfmark-api-0.25.0.jar:/home/runner/.m2/repository/io/netty/netty-codec-http2/4.1.86.Final/netty-codec-http2-4.1.86.Final.jar:/home/runner/.m2/repository/io/netty/netty-common/4.1.86.Final/netty-common-4.1.86.Final.jar:/home/runner/.m2/repository/io/netty/netty-buffer/4.1.86.Final/netty-buffer-4.1.86.Final.jar:/home/runner/.m2/repository/io/netty/netty-codec-http/4.1.86.Final/netty-codec-http-4.1.86.Final.jar:/home/runner/.m2/repository/io/netty/netty-handler-proxy/4.1.86.Final/netty-handler-proxy-4.1.86.Final.jar:/home/runner/.m2/repository/io/netty/netty-codec-socks/4.1.86.Final/netty-codec-socks-4.1.86.Final.jar:/home/runner/.m2/repository/io/netty/netty-tcnative-boringssl-static/2.0.54.Final/netty-tcnative-boringssl-static-2.0.54.Final.jar:/home/runner/.m2/repository/io/netty/netty-tcnative-classes/2.0.54.Final/netty-tcnative-classes-2.0.54.Final.jar:/home/runner/.m2/repository/io/netty/netty-tcnative-boringssl-static/2.0.54.Final/netty-tcnative-boringssl-static-2.0.54.Final-linux-x86_64.jar:/home/runner/.m2/repository/io/netty/netty-tcnative-boringssl-static/2.0.54.Final/netty-tcnative-boringssl-static-2.0.54.Final-linux-aarch_64.jar:/home/runner/.m2/repository/io/netty/netty-tcnative-boringssl-static/2.0.54.Final/netty-tcnative-boringssl-static-2.0.54.Final-osx-x86_64.jar:/home/runner/.m2/repository/io/netty/netty-tcnative-boringssl-static/2.0.54.Final/netty-tcnative-boringssl-static-2.0.54.Final-osx-aarch_64.jar:/home/runner/.m2/repository/io/netty/netty-tcnative-boringssl-static/2.0.54.Final/netty-tcnative-boringssl-static-2.0.54.Final-windows-x86_64.jar:/home/runner/.m2/repository/org/apache/commons/commons-compress/1.21/commons-compress-1.21.jar:/home/runner/.m2/repository/org/apache/ozone/hdds-common/1.4.0-SNAPSHOT/hdds-common-1.4.0-SNAPSHOT.jar:/home/runner/.m2/repository/org/apache/ozone/hdds-client/1.4.0-SNAPSHOT/hdds-client-1.4.0-SNAPSHOT.jar:/home/runner/.m2/repository/org/apache/ozone/ozone-interface-client/1.4.0-SNAPSHOT/ozone-interface-client-1.4.0-SNAPSHOT.jar:/home/runner/.m2/repository/org/apache/hadoop/hadoop-hdfs-client/3.3.5/hadoop-hdfs-client-3.3.5.jar:/home/runner/.m2/repository/com/squareup/okhttp3/okhttp/4.9.3/okhttp-4.9.3.jar:/home/runner/.m2/repository/com/squareup/okio/okio/2.8.0/okio-2.8.0.jar:/home/runner/.m2/repository/org/jetbrains/kotlin/kotlin-stdlib-common/1.6.21/kotlin-stdlib-common-1.6.21.jar:/home/runner/.m2/repository/org/apache/ozone/hdds-test-utils/1.4.0-SNAPSHOT/hdds-test-utils-1.4.0-SNAPSHOT.jar:/home/runner/.m2/repository/com/google/guava/guava/31.1-jre/guava-31.1-jre.jar:/home/runner/.m2/repository/com/google/guava/failureaccess/1.0.1/failureaccess-1.0.1.jar:/home/runner/.m2/repository/com/google/guava/listenablefuture/9999.0-empty-to-avoid-conflict-with-guava/listenablefuture-9999.0-empty-to-avoid-conflict-with-guava.jar:/home/runner/.m2/repository/com/google/code/findbugs/jsr305/3.0.0/jsr305-3.0.0.jar:/home/runner/.m2/repository/org/checkerframework/checker-qual/3.12.0/checker-qual-3.12.0.jar:/home/runner/.m2/repository/com/google/j2objc/j2objc-annotations/1.3/j2objc-annotations-1.3.jar:/home/runner/.m2/repository/commons-io/commons-io/2.11.0/commons-io-2.11.0.jar:/home/runner/.m2/repository/commons-logging/commons-logging/1.2/commons-logging-1.2.jar:/home/runner/.m2/repository/ch/qos/reload4j/reload4j/1.2.22/reload4j-1.2.22.jar:/home/runner/.m2/repository/org/slf4j/slf4j-api/1.7.36/slf4j-api-1.7.36.jar:/home/runner/.m2/repository/org/apache/ozone/hdds-server-scm/1.4.0-SNAPSHOT/hdds-server-scm-1.4.0-SNAPSHOT.jar:/home/runner/.m2/repository/org/apache/ozone/hdds-container-service/1.4.0-SNAPSHOT/hdds-container-service-1.4.0-SNAPSHOT.jar:/home/runner/.m2/repository/org/apache/ozone/hdds-hadoop-dependency-server/1.4.0-SNAPSHOT/hdds-hadoop-dependency-server-1.4.0-SNAPSHOT.jar:/home/runner/.m2/repository/org/apache/hadoop/hadoop-hdfs/3.3.5/hadoop-hdfs-3.3.5.jar:/home/runner/.m2/repository/commons-daemon/commons-daemon/1.0.13/commons-daemon-1.0.13.jar:/home/runner/.m2/repository/org/apache/ozone/hdds-server-framework/1.4.0-SNAPSHOT/hdds-server-framework-1.4.0-SNAPSHOT.jar:/home/runner/.m2/repository/io/dropwizard/metrics/metrics-core/3.2.4/metrics-core-3.2.4.jar:/home/runner/.m2/repository/org/apache/commons/commons-text/1.4/commons-text-1.4.jar:/home/runner/.m2/repository/org/bouncycastle/bcprov-jdk15on/1.67/bcprov-jdk15on-1.67.jar:/home/runner/.m2/repository/com/google/protobuf/protobuf-java/2.5.0/protobuf-java-2.5.0.jar:/home/runner/.m2/repository/org/apache/ozone/hdds-server-framework/1.4.0-SNAPSHOT/hdds-server-framework-1.4.0-SNAPSHOT-tests.jar:/home/runner/.m2/repository/org/apache/ozone/hdds-interface-server/1.4.0-SNAPSHOT/hdds-interface-server-1.4.0-SNAPSHOT.jar:/home/runner/.m2/repository/org/apache/ozone/hdds-interface-admin/1.4.0-SNAPSHOT/hdds-interface-admin-1.4.0-SNAPSHOT.jar:/home/runner/.m2/repository/org/apache/ozone/hdds-managed-rocksdb/1.4.0-SNAPSHOT/hdds-managed-rocksdb-1.4.0-SNAPSHOT.jar:/home/runner/.m2/repository/org/rocksdb/rocksdbjni/7.7.3/rocksdbjni-7.7.3.jar:/home/runner/.m2/repository/org/slf4j/slf4j-reload4j/1.7.36/slf4j-reload4j-1.7.36.jar:/home/runner/.m2/repository/org/apache/commons/commons-configuration2/2.1.1/commons-configuration2-2.1.1.jar:/home/runner/.m2/repository/org/apache/logging/log4j/log4j-core/2.17.1/log4j-core-2.17.1.jar:/home/runner/.m2/repository/com/lmax/disruptor/3.4.2/disruptor-3.4.2.jar:/home/runner/.m2/repository/org/eclipse/jetty/jetty-util/9.4.51.v20230217/jetty-util-9.4.51.v20230217.jar:/home/runner/.m2/repository/org/eclipse/jetty/jetty-server/9.4.51.v20230217/jetty-server-9.4.51.v20230217.jar:/home/runner/.m2/repository/org/eclipse/jetty/jetty-http/9.4.51.v20230217/jetty-http-9.4.51.v20230217.jar:/home/runner/.m2/repository/org/eclipse/jetty/jetty-io/9.4.51.v20230217/jetty-io-9.4.51.v20230217.jar:/home/runner/.m2/repository/org/eclipse/jetty/jetty-servlet/9.4.51.v20230217/jetty-servlet-9.4.51.v20230217.jar:/home/runner/.m2/repository/org/eclipse/jetty/jetty-security/9.4.51.v20230217/jetty-security-9.4.51.v20230217.jar:/home/runner/.m2/repository/org/eclipse/jetty/jetty-util-ajax/9.4.51.v20230217/jetty-util-ajax-9.4.51.v20230217.jar:/home/runner/.m2/repository/org/eclipse/jetty/jetty-webapp/9.4.51.v20230217/jetty-webapp-9.4.51.v20230217.jar:/home/runner/.m2/repository/org/eclipse/jetty/jetty-xml/9.4.51.v20230217/jetty-xml-9.4.51.v20230217.jar:/home/runner/.m2/repository/org/apache/ratis/ratis-server/2.5.1/ratis-server-2.5.1.jar:/home/runner/.m2/repository/org/apache/ratis/ratis-thirdparty-misc/1.0.4/ratis-thirdparty-misc-1.0.4.jar:/home/runner/.m2/repository/org/apache/ratis/ratis-proto/2.5.1/ratis-proto-2.5.1.jar:/home/runner/.m2/repository/org/apache/ratis/ratis-common/2.5.1/ratis-common-2.5.1.jar:/home/runner/.m2/repository/org/apache/ratis/ratis-client/2.5.1/ratis-client-2.5.1.jar:/home/runner/.m2/repository/org/apache/ratis/ratis-server-api/2.5.1/ratis-server-api-2.5.1.jar:/home/runner/.m2/repository/org/apache/ratis/ratis-metrics/2.5.1/ratis-metrics-2.5.1.jar:/home/runner/.m2/repository/io/prometheus/simpleclient_dropwizard/0.7.0/simpleclient_dropwizard-0.7.0.jar:/home/runner/.m2/repository/io/prometheus/simpleclient/0.7.0/simpleclient-0.7.0.jar:/home/runner/.m2/repository/io/prometheus/simpleclient_common/0.7.0/simpleclient_common-0.7.0.jar:/home/runner/.m2/repository/com/fasterxml/jackson/datatype/jackson-datatype-jsr310/2.13.4/jackson-datatype-jsr310-2.13.4.jar:/home/runner/.m2/repository/com/fasterxml/jackson/core/jackson-core/2.13.4/jackson-core-2.13.4.jar:/home/runner/.m2/repository/com/github/spotbugs/spotbugs-annotations/3.1.12/spotbugs-annotations-3.1.12.jar:/home/runner/.m2/repository/org/apache/ozone/rocksdb-checkpoint-differ/1.4.0-SNAPSHOT/rocksdb-checkpoint-differ-1.4.0-SNAPSHOT.jar:/home/runner/.m2/repository/org/awaitility/awaitility/4.2.0/awaitility-4.2.0.jar:/home/runner/.m2/repository/org/hamcrest/hamcrest/2.1/hamcrest-2.1.jar:/home/runner/.m2/repository/org/apache/ozone/ozone-manager/1.4.0-SNAPSHOT/ozone-manager-1.4.0-SNAPSHOT.jar:/home/runner/.m2/repository/org/aspectj/aspectjrt/1.9.7/aspectjrt-1.9.7.jar:/home/runner/.m2/repository/org/aspectj/aspectjweaver/1.9.7/aspectjweaver-1.9.7.jar:/home/runner/.m2/repository/org/apache/ozone/hdds-interface-client/1.4.0-SNAPSHOT/hdds-interface-client-1.4.0-SNAPSHOT.jar:/home/runner/.m2/repository/org/apache/hadoop/thirdparty/hadoop-shaded-protobuf_3_7/1.1.1/hadoop-shaded-protobuf_3_7-1.1.1.jar:/home/runner/.m2/repository/org/apache/ozone/ozone-interface-storage/1.4.0-SNAPSHOT/ozone-interface-storage-1.4.0-SNAPSHOT.jar:/home/runner/.m2/repository/org/reflections/reflections/0.9.11/reflections-0.9.11.jar:/home/runner/.m2/repository/com/sun/jersey/jersey-client/1.19/jersey-client-1.19.jar:/home/runner/.m2/repository/org/codehaus/jackson/jackson-core-asl/1.9.13/jackson-core-asl-1.9.13.jar:/home/runner/.m2/repository/org/codehaus/jackson/jackson-mapper-asl/1.9.13/jackson-mapper-asl-1.9.13.jar:/home/runner/.m2/repository/org/codehaus/jackson/jackson-jaxrs/1.9.13/jackson-jaxrs-1.9.13.jar:/home/runner/.m2/repository/org/apache/ranger/ranger-intg/2.3.0/ranger-intg-2.3.0.jar:/home/runner/.m2/repository/org/apache/ranger/ranger-plugins-common/2.3.0/ranger-plugins-common-2.3.0.jar:/home/runner/.m2/repository/commons-lang/commons-lang/2.6/commons-lang-2.6.jar:/home/runner/.m2/repository/org/apache/ranger/ranger-plugins-cred/2.3.0/ranger-plugins-cred-2.3.0.jar:/home/runner/.m2/repository/org/apache/ranger/ranger-plugins-audit/2.3.0/ranger-plugins-audit-2.3.0.jar:/home/runner/.m2/repository/org/eclipse/jetty/jetty-client/9.4.51.v20230217/jetty-client-9.4.51.v20230217.jar:/home/runner/.m2/repository/org/apache/httpcomponents/httpmime/4.5.6/httpmime-4.5.6.jar:/home/runner/.m2/repository/org/apache/httpcomponents/httpcore-nio/4.4.13/httpcore-nio-4.4.13.jar:/home/runner/.m2/repository/org/apache/httpcomponents/httpasyncclient/4.1.3/httpasyncclient-4.1.3.jar:/home/runner/.m2/repository/com/carrotsearch/hppc/0.8.0/hppc-0.8.0.jar:/home/runner/.m2/repository/org/apache/orc/orc-core/1.5.8/orc-core-1.5.8.jar:/home/runner/.m2/repository/net/java/dev/jna/jna/5.2.0/jna-5.2.0.jar:/home/runner/.m2/repository/net/java/dev/jna/jna-platform/5.2.0/jna-platform-5.2.0.jar:/home/runner/.m2/repository/com/kstruct/gethostname4j/0.0.2/gethostname4j-0.0.2.jar:/home/runner/.m2/repository/org/apache/ranger/ranger-plugin-classloader/2.3.0/ranger-plugin-classloader-2.3.0.jar:/home/runner/.m2/repository/org/apache/ozone/hdds-rocks-native/1.4.0-SNAPSHOT/hdds-rocks-native-1.4.0-SNAPSHOT.jar:/home/runner/.m2/repository/org/apache/hadoop/hadoop-minikdc/3.3.5/hadoop-minikdc-3.3.5.jar:/home/runner/.m2/repository/org/apache/kerby/kerb-simplekdc/1.0.1/kerb-simplekdc-1.0.1.jar:/home/runner/.m2/repository/org/apache/kerby/kerb-client/1.0.1/kerb-client-1.0.1.jar:/home/runner/.m2/repository/org/apache/kerby/kerby-config/1.0.1/kerby-config-1.0.1.jar:/home/runner/.m2/repository/org/apache/kerby/kerb-common/1.0.1/kerb-common-1.0.1.jar:/home/runner/.m2/repository/org/apache/kerby/kerb-crypto/1.0.1/kerb-crypto-1.0.1.jar:/home/runner/.m2/repository/org/apache/kerby/kerb-util/1.0.1/kerb-util-1.0.1.jar:/home/runner/.m2/repository/org/apache/kerby/token-provider/1.0.1/token-provider-1.0.1.jar:/home/runner/.m2/repository/org/apache/kerby/kerb-admin/1.0.1/kerb-admin-1.0.1.jar:/home/runner/.m2/repository/org/apache/kerby/kerb-server/1.0.1/kerb-server-1.0.1.jar:/home/runner/.m2/repository/org/apache/kerby/kerb-identity/1.0.1/kerb-identity-1.0.1.jar:/home/runner/.m2/repository/org/apache/kerby/kerby-xdr/1.0.1/kerby-xdr-1.0.1.jar:/home/runner/.m2/repository/org/apache/ozone/ozone-s3gateway/1.4.0-SNAPSHOT/ozone-s3gateway-1.4.0-SNAPSHOT.jar:/home/runner/.m2/repository/org/javassist/javassist/3.21.0-GA/javassist-3.21.0-GA.jar:/home/runner/.m2/repository/org/jboss/weld/servlet/weld-servlet-shaded/3.1.9.Final/weld-servlet-shaded-3.1.9.Final.jar:/home/runner/.m2/repository/org/glassfish/jersey/containers/jersey-container-servlet-core/2.34/jersey-container-servlet-core-2.34.jar:/home/runner/.m2/repository/org/glassfish/hk2/external/jakarta.inject/2.6.1/jakarta.inject-2.6.1.jar:/home/runner/.m2/repository/org/glassfish/jersey/core/jersey-common/2.34/jersey-common-2.34.jar:/home/runner/.m2/repository/jakarta/ws/rs/jakarta.ws.rs-api/2.1.6/jakarta.ws.rs-api-2.1.6.jar:/home/runner/.m2/repository/org/glassfish/jersey/ext/cdi/jersey-cdi1x/2.34/jersey-cdi1x-2.34.jar:/home/runner/.m2/repository/org/glassfish/jersey/inject/jersey-hk2/2.34/jersey-hk2-2.34.jar:/home/runner/.m2/repository/org/glassfish/hk2/hk2-locator/2.6.1/hk2-locator-2.6.1.jar:/home/runner/.m2/repository/org/glassfish/jersey/media/jersey-media-jaxb/2.34/jersey-media-jaxb-2.34.jar:/home/runner/.m2/repository/org/glassfish/hk2/osgi-resource-locator/1.0.3/osgi-resource-locator-1.0.3.jar:/home/runner/.m2/repository/org/glassfish/hk2/hk2-api/2.5.0/hk2-api-2.5.0.jar:/home/runner/.m2/repository/org/glassfish/hk2/hk2-utils/2.5.0/hk2-utils-2.5.0.jar:/home/runner/.m2/repository/org/glassfish/hk2/external/aopalliance-repackaged/2.5.0/aopalliance-repackaged-2.5.0.jar:/home/runner/.m2/repository/com/fasterxml/jackson/dataformat/jackson-dataformat-xml/2.13.4/jackson-dataformat-xml-2.13.4.jar:/home/runner/.m2/repository/org/codehaus/woodstox/stax2-api/4.2.1/stax2-api-4.2.1.jar:/home/runner/.m2/repository/com/fasterxml/woodstox/woodstox-core/5.4.0/woodstox-core-5.4.0.jar:/home/runner/.m2/repository/com/fasterxml/jackson/module/jackson-module-jaxb-annotations/2.13.4/jackson-module-jaxb-annotations-2.13.4.jar:/home/runner/.m2/repository/jakarta/xml/bind/jakarta.xml.bind-api/2.3.3/jakarta.xml.bind-api-2.3.3.jar:/home/runner/.m2/repository/jakarta/activation/jakarta.activation-api/1.2.2/jakarta.activation-api-1.2.2.jar:/home/runner/.m2/repository/javax/enterprise/cdi-api/2.0/cdi-api-2.0.jar:/home/runner/.m2/repository/javax/el/javax.el-api/3.0.0/javax.el-api-3.0.0.jar:/home/runner/.m2/repository/javax/interceptor/javax.interceptor-api/1.2/javax.interceptor-api-1.2.jar:/home/runner/.m2/repository/javax/inject/javax.inject/1/javax.inject-1.jar:/home/runner/.m2/repository/javax/xml/bind/jaxb-api/2.3.0/jaxb-api-2.3.0.jar:/home/runner/.m2/repository/org/glassfish/jaxb/jaxb-runtime/2.3.0.1/jaxb-runtime-2.3.0.1.jar:/home/runner/.m2/repository/org/glassfish/jaxb/jaxb-core/2.3.0.1/jaxb-core-2.3.0.1.jar:/home/runner/.m2/repository/org/glassfish/jaxb/txw2/2.3.0.1/txw2-2.3.0.1.jar:/home/runner/.m2/repository/com/sun/istack/istack-commons-runtime/3.0.5/istack-commons-runtime-3.0.5.jar:/home/runner/.m2/repository/org/jvnet/staxex/stax-ex/1.7.8/stax-ex-1.7.8.jar:/home/runner/.m2/repository/com/sun/xml/fastinfoset/FastInfoset/1.2.13/FastInfoset-1.2.13.jar:/home/runner/.m2/repository/javax/activation/activation/1.1.1/activation-1.1.1.jar:/home/runner/.m2/repository/io/grpc/grpc-protobuf/1.51.1/grpc-protobuf-1.51.1.jar:/home/runner/.m2/repository/io/grpc/grpc-api/1.51.1/grpc-api-1.51.1.jar:/home/runner/.m2/repository/io/grpc/grpc-context/1.51.1/grpc-context-1.51.1.jar:/home/runner/.m2/repository/com/google/api/grpc/proto-google-common-protos/2.9.0/proto-google-common-protos-2.9.0.jar:/home/runner/.m2/repository/io/grpc/grpc-protobuf-lite/1.51.1/grpc-protobuf-lite-1.51.1.jar:/home/runner/.m2/repository/io/grpc/grpc-stub/1.51.1/grpc-stub-1.51.1.jar:/home/runner/.m2/repository/io/netty/netty-transport/4.1.86.Final/netty-transport-4.1.86.Final.jar:/home/runner/.m2/repository/io/netty/netty-resolver/4.1.86.Final/netty-resolver-4.1.86.Final.jar:/home/runner/.m2/repository/org/apache/ozone/ozone-csi/1.4.0-SNAPSHOT/ozone-csi-1.4.0-SNAPSHOT.jar:/home/runner/.m2/repository/com/google/protobuf/protobuf-java-util/3.19.6/protobuf-java-util-3.19.6.jar:/home/runner/.m2/repository/com/google/code/gson/gson/2.9.0/gson-2.9.0.jar:/home/runner/.m2/repository/org/apache/ozone/hdds-config/1.4.0-SNAPSHOT/hdds-config-1.4.0-SNAPSHOT.jar:/home/runner/.m2/repository/io/netty/netty-transport-native-epoll/4.1.86.Final/netty-transport-native-epoll-4.1.86.Final-linux-x86_64.jar:/home/runner/.m2/repository/io/netty/netty-transport-classes-epoll/4.1.86.Final/netty-transport-classes-epoll-4.1.86.Final.jar:/home/runner/.m2/repository/io/netty/netty-transport-native-unix-common/4.1.86.Final/netty-transport-native-unix-common-4.1.86.Final.jar:/home/runner/.m2/repository/org/apache/ozone/ozone-recon/1.4.0-SNAPSHOT/ozone-recon-1.4.0-SNAPSHOT.jar:/home/runner/.m2/repository/org/apache/ozone/ozone-reconcodegen/1.4.0-SNAPSHOT/ozone-reconcodegen-1.4.0-SNAPSHOT.jar:/home/runner/.m2/repository/com/google/inject/guice/5.1.0/guice-5.1.0.jar:/home/runner/.m2/repository/aopalliance/aopalliance/1.0/aopalliance-1.0.jar:/home/runner/.m2/repository/com/google/inject/extensions/guice-assistedinject/5.1.0/guice-assistedinject-5.1.0.jar:/home/runner/.m2/repository/com/google/inject/extensions/guice-servlet/5.1.0/guice-servlet-5.1.0.jar:/home/runner/.m2/repository/org/glassfish/jersey/containers/jersey-container-servlet/2.34/jersey-container-servlet-2.34.jar:/home/runner/.m2/repository/org/glassfish/hk2/guice-bridge/2.5.0/guice-bridge-2.5.0.jar:/home/runner/.m2/repository/org/glassfish/jersey/core/jersey-server/2.34/jersey-server-2.34.jar:/home/runner/.m2/repository/org/glassfish/jersey/core/jersey-client/2.34/jersey-client-2.34.jar:/home/runner/.m2/repository/jakarta/annotation/jakarta.annotation-api/1.3.5/jakarta.annotation-api-1.3.5.jar:/home/runner/.m2/repository/jakarta/validation/jakarta.validation-api/2.0.2/jakarta.validation-api-2.0.2.jar:/home/runner/.m2/repository/org/glassfish/jersey/media/jersey-media-json-jackson/2.34/jersey-media-json-jackson-2.34.jar:/home/runner/.m2/repository/org/glassfish/jersey/ext/jersey-entity-filtering/2.34/jersey-entity-filtering-2.34.jar:/home/runner/.m2/repository/org/jooq/jooq/3.11.10/jooq-3.11.10.jar:/home/runner/.m2/repository/org/jooq/jooq-meta/3.11.10/jooq-meta-3.11.10.jar:/home/runner/.m2/repository/org/jooq/jooq-codegen/3.11.10/jooq-codegen-3.11.10.jar:/home/runner/.m2/repository/com/jolbox/bonecp/0.8.0.RELEASE/bonecp-0.8.0.RELEASE.jar:/home/runner/.m2/repository/org/apache/derby/derby/10.14.2.0/derby-10.14.2.0.jar:/home/runner/.m2/repository/org/xerial/sqlite-jdbc/3.25.2/sqlite-jdbc-3.25.2.jar:/home/runner/.m2/repository/org/springframework/spring-jdbc/5.3.27/spring-jdbc-5.3.27.jar:/home/runner/.m2/repository/org/springframework/spring-beans/5.3.27/spring-beans-5.3.27.jar:/home/runner/.m2/repository/org/springframework/spring-core/5.3.27/spring-core-5.3.27.jar:/home/runner/.m2/repository/org/springframework/spring-tx/5.3.27/spring-tx-5.3.27.jar:/home/runner/.m2/repository/org/apache/ozone/ozone-client/1.4.0-SNAPSHOT/ozone-client-1.4.0-SNAPSHOT.jar:/home/runner/.m2/repository/org/apache/ozone/hdds-erasurecode/1.4.0-SNAPSHOT/hdds-erasurecode-1.4.0-SNAPSHOT.jar:/home/runner/.m2/repository/org/apache/ozone/ozone-filesystem/1.4.0-SNAPSHOT/ozone-filesystem-1.4.0-SNAPSHOT.jar:/home/runner/.m2/repository/org/apache/ozone/ozone-filesystem-common/1.4.0-SNAPSHOT/ozone-filesystem-common-1.4.0-SNAPSHOT.jar:/home/runner/.m2/repository/org/apache/ozone/ozone-tools/1.4.0-SNAPSHOT/ozone-tools-1.4.0-SNAPSHOT.jar:/home/runner/.m2/repository/com/amazonaws/aws-java-sdk-core/1.12.261/aws-java-sdk-core-1.12.261.jar:/home/runner/.m2/repository/org/apache/httpcomponents/httpclient/4.5.13/httpclient-4.5.13.jar:/home/runner/.m2/repository/org/apache/httpcomponents/httpcore/4.4.13/httpcore-4.4.13.jar:/home/runner/.m2/repository/software/amazon/ion/ion-java/1.0.2/ion-java-1.0.2.jar:/home/runner/.m2/repository/com/fasterxml/jackson/dataformat/jackson-dataformat-cbor/2.13.4/jackson-dataformat-cbor-2.13.4.jar:/home/runner/.m2/repository/joda-time/joda-time/2.10.6/joda-time-2.10.6.jar:/home/runner/.m2/repository/com/amazonaws/aws-java-sdk-s3/1.12.261/aws-java-sdk-s3-1.12.261.jar:/home/runner/.m2/repository/com/amazonaws/aws-java-sdk-kms/1.12.261/aws-java-sdk-kms-1.12.261.jar:/home/runner/.m2/repository/com/amazonaws/jmespath-java/1.12.261/jmespath-java-1.12.261.jar:/home/runner/.m2/repository/org/kohsuke/metainf-services/metainf-services/1.8/metainf-services-1.8.jar:/home/runner/.m2/repository/org/apache/ozone/hdds-tools/1.4.0-SNAPSHOT/hdds-tools-1.4.0-SNAPSHOT.jar:/home/runner/.m2/repository/org/apache/ratis/ratis-tools/2.5.1/ratis-tools-2.5.1.jar:/home/runner/.m2/repository/commons-cli/commons-cli/1.2/commons-cli-1.2.jar:/home/runner/.m2/repository/org/apache/commons/commons-lang3/3.7/commons-lang3-3.7.jar:/home/runner/.m2/repository/org/apache/ozone/ozone-manager/1.4.0-SNAPSHOT/ozone-manager-1.4.0-SNAPSHOT-tests.jar:/home/runner/.m2/repository/org/apache/ozone/hdds-common/1.4.0-SNAPSHOT/hdds-common-1.4.0-SNAPSHOT-tests.jar:/home/runner/.m2/repository/org/apache/ozone/hdds-hadoop-dependency-client/1.4.0-SNAPSHOT/hdds-hadoop-dependency-client-1.4.0-SNAPSHOT.jar:/home/runner/.m2/repository/info/picocli/picocli/4.6.1/picocli-4.6.1.jar:/home/runner/.m2/repository/com/fasterxml/jackson/core/jackson-annotations/2.13.4/jackson-annotations-2.13.4.jar:/home/runner/.m2/repository/org/apache/ozone/hdds-annotation-processing/1.4.0-SNAPSHOT/hdds-annotation-processing-1.4.0-SNAPSHOT.jar:/home/runner/.m2/repository/javax/annotation/javax.annotation-api/1.2/javax.annotation-api-1.2.jar:/home/runner/.m2/repository/org/apache/ratis/ratis-netty/2.5.1/ratis-netty-2.5.1.jar:/home/runner/.m2/repository/org/apache/ratis/ratis-grpc/2.5.1/ratis-grpc-2.5.1.jar:/home/runner/.m2/repository/org/apache/logging/log4j/log4j-api/2.17.1/log4j-api-2.17.1.jar:/home/runner/.m2/repository/org/apache/commons/commons-pool2/2.6.0/commons-pool2-2.6.0.jar:/home/runner/.m2/repository/org/bouncycastle/bcpkix-jdk15on/1.67/bcpkix-jdk15on-1.67.jar:/home/runner/.m2/repository/commons-validator/commons-validator/1.6/commons-validator-1.6.jar:/home/runner/.m2/repository/commons-beanutils/commons-beanutils/1.9.4/commons-beanutils-1.9.4.jar:/home/runner/.m2/repository/commons-digester/commons-digester/1.8.1/commons-digester-1.8.1.jar:/home/runner/.m2/repository/commons-collections/commons-collections/3.2.2/commons-collections-3.2.2.jar:/home/runner/.m2/repository/io/jaegertracing/jaeger-client/1.6.0/jaeger-client-1.6.0.jar:/home/runner/.m2/repository/io/jaegertracing/jaeger-thrift/1.6.0/jaeger-thrift-1.6.0.jar:/home/runner/.m2/repository/org/apache/thrift/libthrift/0.14.1/libthrift-0.14.1.jar:/home/runner/.m2/repository/io/jaegertracing/jaeger-core/1.6.0/jaeger-core-1.6.0.jar:/home/runner/.m2/repository/io/jaegertracing/jaeger-tracerresolver/1.6.0/jaeger-tracerresolver-1.6.0.jar:/home/runner/.m2/repository/io/opentracing/contrib/opentracing-tracerresolver/0.1.8/opentracing-tracerresolver-0.1.8.jar:/home/runner/.m2/repository/org/jetbrains/kotlin/kotlin-stdlib/1.6.21/kotlin-stdlib-1.6.21.jar:/home/runner/.m2/repository/org/jetbrains/annotations/13.0/annotations-13.0.jar:/home/runner/.m2/repository/io/opentracing/opentracing-util/0.33.0/opentracing-util-0.33.0.jar:/home/runner/.m2/repository/io/opentracing/opentracing-api/0.33.0/opentracing-api-0.33.0.jar:/home/runner/.m2/repository/io/opentracing/opentracing-noop/0.33.0/opentracing-noop-0.33.0.jar:/home/runner/.m2/repository/org/yaml/snakeyaml/2.0/snakeyaml-2.0.jar:/home/runner/.m2/repository/junit/junit/4.13.1/junit-4.13.1.jar:/home/runner/.m2/repository/org/hamcrest/hamcrest-core/1.3/hamcrest-core-1.3.jar:/home/runner/.m2/repository/org/junit/jupiter/junit-jupiter-api/5.8.2/junit-jupiter-api-5.8.2.jar:/home/runner/.m2/repository/org/opentest4j/opentest4j/1.2.0/opentest4j-1.2.0.jar:/home/runner/.m2/repository/org/junit/platform/junit-platform-commons/1.8.2/junit-platform-commons-1.8.2.jar:/home/runner/.m2/repository/org/apiguardian/apiguardian-api/1.1.2/apiguardian-api-1.1.2.jar:/home/runner/.m2/repository/org/junit/jupiter/junit-jupiter-params/5.8.2/junit-jupiter-params-5.8.2.jar:/home/runner/.m2/repository/org/junit/jupiter/junit-jupiter-migrationsupport/5.8.2/junit-jupiter-migrationsupport-5.8.2.jar:/home/runner/.m2/repository/org/junit/jupiter/junit-jupiter-engine/5.8.2/junit-jupiter-engine-5.8.2.jar:/home/runner/.m2/repository/org/junit/platform/junit-platform-engine/1.8.2/junit-platform-engine-1.8.2.jar:/home/runner/.m2/repository/org/junit/vintage/junit-vintage-engine/5.8.2/junit-vintage-engine-5.8.2.jar:/home/runner/.m2/repository/org/junit/platform/junit-platform-launcher/1.8.2/junit-platform-launcher-1.8.2.jar:/home/runner/.m2/repository/org/mockito/mockito-core/2.28.2/mockito-core-2.28.2.jar:/home/runner/.m2/repository/net/bytebuddy/byte-buddy/1.9.10/byte-buddy-1.9.10.jar:/home/runner/.m2/repository/net/bytebuddy/byte-buddy-agent/1.9.10/byte-buddy-agent-1.9.10.jar:/home/runner/.m2/repository/org/objenesis/objenesis/1.0/objenesis-1.0.jar:/home/runner/.m2/repository/org/apache/hadoop/hadoop-kms/3.3.5/hadoop-kms-3.3.5.jar:/home/runner/.m2/repository/org/apache/hadoop/hadoop-auth/3.3.5/hadoop-auth-3.3.5.jar:/home/runner/.m2/repository/com/nimbusds/nimbus-jose-jwt/9.8.1/nimbus-jose-jwt-9.8.1.jar:/home/runner/.m2/repository/com/github/stephenc/jcip/jcip-annotations/1.0-1/jcip-annotations-1.0-1.jar:/home/runner/.m2/repository/net/minidev/json-smart/2.4.7/json-smart-2.4.7.jar:/home/runner/.m2/repository/net/minidev/accessors-smart/2.4.7/accessors-smart-2.4.7.jar:/home/runner/.m2/repository/org/ow2/asm/asm/5.0.4/asm-5.0.4.jar:/home/runner/.m2/repository/org/apache/zookeeper/zookeeper/3.5.6/zookeeper-3.5.6.jar:/home/runner/.m2/repository/org/apache/zookeeper/zookeeper-jute/3.5.6/zookeeper-jute-3.5.6.jar:/home/runner/.m2/repository/org/apache/yetus/audience-annotations/0.5.0/audience-annotations-0.5.0.jar:/home/runner/.m2/repository/org/apache/curator/curator-framework/4.2.0/curator-framework-4.2.0.jar:/home/runner/.m2/repository/org/apache/hadoop/thirdparty/hadoop-shaded-guava/1.1.1/hadoop-shaded-guava-1.1.1.jar:/home/runner/.m2/repository/com/sun/jersey/jersey-core/1.19/jersey-core-1.19.jar:/home/runner/.m2/repository/javax/ws/rs/jsr311-api/1.1.1/jsr311-api-1.1.1.jar:/home/runner/.m2/repository/com/sun/jersey/jersey-server/1.19/jersey-server-1.19.jar:/home/runner/.m2/repository/javax/servlet/javax.servlet-api/3.1.0/javax.servlet-api-3.1.0.jar:/home/runner/.m2/repository/org/apache/hadoop/hadoop-common/3.3.5/hadoop-common-3.3.5.jar:/home/runner/.m2/repository/org/apache/commons/commons-math3/3.1.1/commons-math3-3.1.1.jar:/home/runner/.m2/repository/commons-net/commons-net/3.9.0/commons-net-3.9.0.jar:/home/runner/.m2/repository/com/sun/jersey/jersey-servlet/1.19/jersey-servlet-1.19.jar:/home/runner/.m2/repository/com/github/pjfanning/jersey-json/1.20/jersey-json-1.20.jar:/home/runner/.m2/repository/org/codehaus/jettison/jettison/1.1/jettison-1.1.jar:/home/runner/.m2/repository/com/sun/xml/bind/jaxb-impl/2.2.3-1/jaxb-impl-2.2.3-1.jar:/home/runner/.m2/repository/com/google/re2j/re2j/1.1/re2j-1.1.jar:/home/runner/.m2/repository/com/jcraft/jsch/0.1.54/jsch-0.1.54.jar:/home/runner/.m2/repository/org/apache/curator/curator-client/4.2.0/curator-client-4.2.0.jar:/home/runner/.m2/repository/org/apache/curator/curator-recipes/4.2.0/curator-recipes-4.2.0.jar:/home/runner/.m2/repository/org/apache/kerby/kerb-core/1.0.1/kerb-core-1.0.1.jar:/home/runner/.m2/repository/org/apache/kerby/kerby-pkix/1.0.1/kerby-pkix-1.0.1.jar:/home/runner/.m2/repository/org/apache/kerby/kerby-asn1/1.0.1/kerby-asn1-1.0.1.jar:/home/runner/.m2/repository/org/apache/kerby/kerby-util/1.0.1/kerby-util-1.0.1.jar:/home/runner/.m2/repository/dnsjava/dnsjava/2.1.7/dnsjava-2.1.7.jar:/home/runner/.m2/repository/org/xerial/snappy/snappy-java/1.1.8.2/snappy-java-1.1.8.2.jar:/home/runner/.m2/repository/com/fasterxml/jackson/core/jackson-databind/2.13.4.2/jackson-databind-2.13.4.2.jar:/home/runner/.m2/repository/org/apache/hadoop/hadoop-kms/3.3.5/hadoop-kms-3.3.5-tests.jar:/home/runner/.m2/repository/org/apache/ozone/hdds-server-scm/1.4.0-SNAPSHOT/hdds-server-scm-1.4.0-SNAPSHOT-tests.jar:/home/runner/.m2/repository/org/apache/ozone/hdds-container-service/1.4.0-SNAPSHOT/hdds-container-service-1.4.0-SNAPSHOT-tests.jar:/home/runner/.m2/repository/com/github/luben/zstd-jni/1.5.2-5/zstd-jni-1.5.2-5.jar:/home/runner/.m2/repository/commons-codec/commons-codec/1.15/commons-codec-1.15.jar:/home/runner/.m2/repository/io/netty/netty-codec/4.1.86.Final/netty-codec-4.1.86.Final.jar:/home/runner/.m2/repository/io/netty/netty-handler/4.1.86.Final/netty-handler-4.1.86.Final.jar:/home/runner/.m2/repository/org/apache/ozone/hdds-hadoop-dependency-test/1.4.0-SNAPSHOT/hdds-hadoop-dependency-test-1.4.0-SNAPSHOT.jar:/home/runner/.m2/repository/org/apache/hadoop/hadoop-common/3.3.5/hadoop-common-3.3.5-tests.jar:/home/runner/.m2/repository/org/apache/hadoop/hadoop-hdfs/3.3.5/hadoop-hdfs-3.3.5-tests.jar:/home/runner/.m2/repository/org/assertj/assertj-core/3.12.2/assertj-core-3.12.2.jar:/home/runner/.m2/repository/org/apache/hadoop/hadoop-distcp/3.3.5/hadoop-distcp-3.3.5.jar:/home/runner/.m2/repository/org/apache/hadoop/hadoop-mapreduce-client-jobclient/3.3.5/hadoop-mapreduce-client-jobclient-3.3.5.jar:/home/runner/.m2/repository/org/apache/hadoop/hadoop-mapreduce-client-common/3.3.5/hadoop-mapreduce-client-common-3.3.5.jar:/home/runner/.m2/repository/org/apache/hadoop/hadoop-yarn-common/3.3.5/hadoop-yarn-common-3.3.5.jar:/home/runner/.m2/repository/org/apache/hadoop/hadoop-yarn-api/3.3.5/hadoop-yarn-api-3.3.5.jar:/home/runner/.m2/repository/com/sun/jersey/contribs/jersey-guice/1.19/jersey-guice-1.19.jar:/home/runner/.m2/repository/com/fasterxml/jackson/jaxrs/jackson-jaxrs-json-provider/2.13.4/jackson-jaxrs-json-provider-2.13.4.jar:/home/runner/.m2/repository/com/fasterxml/jackson/jaxrs/jackson-jaxrs-base/2.13.4/jackson-jaxrs-base-2.13.4.jar:/home/runner/.m2/repository/org/apache/hadoop/hadoop-yarn-client/3.3.5/hadoop-yarn-client-3.3.5.jar:/home/runner/.m2/repository/org/eclipse/jetty/websocket/websocket-client/9.4.48.v20220622/websocket-client-9.4.48.v20220622.jar:/home/runner/.m2/repository/org/eclipse/jetty/websocket/websocket-common/9.4.48.v20220622/websocket-common-9.4.48.v20220622.jar:/home/runner/.m2/repository/org/eclipse/jetty/websocket/websocket-api/9.4.48.v20220622/websocket-api-9.4.48.v20220622.jar:/home/runner/.m2/repository/org/jline/jline/3.9.0/jline-3.9.0.jar:/home/runner/.m2/repository/org/apache/hadoop/hadoop-mapreduce-client-core/3.3.5/hadoop-mapreduce-client-core-3.3.5.jar:/home/runner/.m2/repository/org/apache/avro/avro/1.7.7/avro-1.7.7.jar:/home/runner/.m2/repository/com/thoughtworks/paranamer/paranamer/2.3/paranamer-2.3.jar:/home/runner/.m2/repository/org/apache/hadoop/hadoop-annotations/3.3.5/hadoop-annotations-3.3.5.jar:/usr/lib/jvm/temurin-8-jdk-amd64/jre/../lib/tools.jar:/home/runner/.m2/repository/io/netty/netty/3.10.6.Final/netty-3.10.6.Final.jar:/home/runner/.m2/repository/org/apache/hadoop/hadoop-distcp/3.3.5/hadoop-distcp-3.3.5-tests.jar:/home/runner/.m2/repository/org/slf4j/jul-to-slf4j/1.7.36/jul-to-slf4j-1.7.36.jar:"/>
    <property name="sun.cpu.endian" value="little"/>
    <property name="user.home" value="/home/runner"/>
    <property name="user.language" value="en"/>
    <property name="java.specification.vendor" value="Oracle Corporation"/>
    <property name="java.home" value="/usr/lib/jvm/temurin-8-jdk-amd64/jre"/>
    <property name="java.security.krb5.conf" value="/home/runner/work/ozone/ozone/hadoop-ozone/integration-test/target/test-classes/krb5.conf"/>
    <property name="basedir" value="/home/runner/work/ozone/ozone/hadoop-ozone/integration-test"/>
    <property name="file.separator" value="/"/>
    <property name="line.separator" value="&#10;"/>
    <property name="java.vm.specification.vendor" value="Oracle Corporation"/>
    <property name="java.specification.name" value="Java Platform API Specification"/>
    <property name="java.awt.graphicsenv" value="sun.awt.X11GraphicsEnvironment"/>
    <property name="skip.installnpx" value="true"/>
    <property name="surefire.real.class.path" value="/home/runner/work/ozone/ozone/hadoop-ozone/integration-test/target/surefire/surefirebooter2074169421866956714.jar:/home/runner/.m2/repository/org/jacoco/org.jacoco.agent/0.8.5/org.jacoco.agent-0.8.5-runtime.jar"/>
    <property name="hadoop.log.dir" value="/home/runner/work/ozone/ozone/hadoop-ozone/integration-test/target/log"/>
    <property name="sun.boot.class.path" value="/usr/lib/jvm/temurin-8-jdk-amd64/jre/lib/resources.jar:/usr/lib/jvm/temurin-8-jdk-amd64/jre/lib/rt.jar:/usr/lib/jvm/temurin-8-jdk-amd64/jre/lib/sunrsasign.jar:/usr/lib/jvm/temurin-8-jdk-amd64/jre/lib/jsse.jar:/usr/lib/jvm/temurin-8-jdk-amd64/jre/lib/jce.jar:/usr/lib/jvm/temurin-8-jdk-amd64/jre/lib/charsets.jar:/usr/lib/jvm/temurin-8-jdk-amd64/jre/lib/jfr.jar:/usr/lib/jvm/temurin-8-jdk-amd64/jre/classes"/>
    <property name="sun.management.compiler" value="HotSpot 64-Bit Tiered Compilers"/>
    <property name="skip.npx" value="true"/>
    <property name="java.runtime.version" value="1.8.0_362-b09"/>
    <property name="java.net.preferIPv4Stack" value="true"/>
    <property name="user.name" value="runner"/>
    <property name="path.separator" value=":"/>
    <property name="java.security.egd" value="file:///dev/urandom"/>
    <property name="os.version" value="5.15.0-1037-azure"/>
    <property name="java.endorsed.dirs" value="/usr/lib/jvm/temurin-8-jdk-amd64/jre/lib/endorsed"/>
    <property name="java.runtime.name" value="OpenJDK Runtime Environment"/>
    <property name="file.encoding" value="UTF-8"/>
    <property name="java.vm.name" value="OpenJDK 64-Bit Server VM"/>
    <property name="test.build.webapps" value=""/>
    <property name="localRepository" value="/home/runner/.m2/repository"/>
    <property name="jetty.git.hash" value="b45c405e4544384de066f814ed42ae3dceacdd49"/>
    <property name="java.vendor.url.bug" value="https://github.com/adoptium/adoptium-support/issues"/>
    <property name="java.io.tmpdir" value="/tmp"/>
    <property name="require.test.libhadoop" value=""/>
    <property name="java.version" value="1.8.0_362"/>
    <property name="user.dir" value="/home/runner/work/ozone/ozone/hadoop-ozone/integration-test"/>
    <property name="os.arch" value="amd64"/>
    <property name="java.vm.specification.name" value="Java Virtual Machine Specification"/>
    <property name="test.build.classes" value="/home/runner/work/ozone/ozone/hadoop-ozone/integration-test/target/test-classes"/>
    <property name="java.awt.printerjob" value="sun.print.PSPrinterJob"/>
    <property name="sun.os.patch.level" value="unknown"/>
    <property name="org.apache.ratis.thirdparty.io.netty.allocator.useCacheForAllThreads" value="false"/>
    <property name="hadoop.tmp.dir" value="/home/runner/work/ozone/ozone/hadoop-ozone/integration-test/target/tmp"/>
    <property name="java.library.path" value="/usr/java/packages/lib/amd64:/usr/lib64:/lib64:/lib:/usr/lib"/>
    <property name="java.vm.info" value="mixed mode"/>
    <property name="java.vendor" value="Temurin"/>
    <property name="java.vm.version" value="25.362-b09"/>
    <property name="java.specification.maintenance.version" value="4"/>
    <property name="java.ext.dirs" value="/usr/lib/jvm/temurin-8-jdk-amd64/jre/lib/ext:/usr/java/packages/lib/ext"/>
    <property name="sun.io.unicode.encoding" value="UnicodeLittle"/>
    <property name="java.class.version" value="52.0"/>
  </properties>
  <testcase name="testContainerReplicationWithLegacyReplicationManagerDisabled" classname="TestContainerReplication" time="40.094">
    <system-out><![CDATA[2023-05-23 10:24:28,543 [Time-limited test] WARN  server.ServerUtils (ServerUtils.java:getScmDbDir(148)) - ozone.scm.db.dirs is not configured. We recommend adding this setting. Falling back to ozone.metadata.dirs instead.
2023-05-23 10:24:28,720 [Time-limited test] INFO  reflections.Reflections (Reflections.java:scan(232)) - Reflections took 144 ms to scan 7 urls, producing 156 keys and 367 values 
2023-05-23 10:24:28,863 [Time-limited test] WARN  server.ServerUtils (ServerUtils.java:getScmDbDir(148)) - ozone.scm.db.dirs is not configured. We recommend adding this setting. Falling back to ozone.metadata.dirs instead.
2023-05-23 10:24:28,866 [Time-limited test] INFO  ha.SCMHANodeDetails (SCMHANodeDetails.java:loadSCMHAConfig(209)) - ServiceID for StorageContainerManager is null
2023-05-23 10:24:28,872 [Time-limited test] WARN  ha.SCMHANodeDetails (SCMHANodeDetails.java:validateSCMHAConfig(182)) - Invalid config ozone.scm.ratis.enable. The config was not specified, but the default value true conflicts with the expected config value false. Falling back to the expected value. Current State of SCM: SCM is running in Non-HA without Ratis Ratis SCM -> Non Ratis SCM or Non HA SCM -> HA SCM is not supported
2023-05-23 10:24:28,872 [Time-limited test] INFO  ha.SCMHANodeDetails (SCMHANodeDetails.java:loadSCMHAConfig(214)) - ozone.scm.default.service.id is not defined, falling back to ozone.scm.service.ids to find serviceID for StorageContainerManager if it is HA enabled cluster
2023-05-23 10:24:29,504 [Time-limited test] WARN  utils.HAUtils (HAUtils.java:getMetaDir(350)) - ozone.scm.db.dirs is not configured. We recommend adding this setting. Falling back to ozone.metadata.dirs instead.
2023-05-23 10:24:29,663 [Time-limited test] WARN  db.DBStoreBuilder (DBStoreBuilder.java:applyDBDefinition(165)) - ozone.scm.db.dirs is not configured. We recommend adding this setting. Falling back to ozone.metadata.dirs instead.
2023-05-23 10:24:29,927 [Time-limited test] INFO  net.NodeSchemaLoader (NodeSchemaLoader.java:loadSchemaFromFile(129)) - Loading schema from [jar:file:/home/runner/.m2/repository/org/apache/ozone/hdds-common/1.4.0-SNAPSHOT/hdds-common-1.4.0-SNAPSHOT.jar!/network-topology-default.xml]
2023-05-23 10:24:29,928 [Time-limited test] INFO  net.NodeSchemaLoader (NodeSchemaLoader.java:loadSchema(176)) - Loading network topology layer schema file
2023-05-23 10:24:29,981 [Time-limited test] INFO  metrics.MetricRegistries (MetricRegistriesLoader.java:load(64)) - Loaded MetricRegistries class org.apache.ratis.metrics.impl.MetricRegistriesImpl
2023-05-23 10:24:30,004 [Time-limited test] INFO  upgrade.AbstractLayoutVersionManager (AbstractLayoutVersionManager.java:init(83)) - Initializing Layout version manager with metadata layout = WEBUI_PORTS_IN_DATANODEDETAILS (version = 6), software layout = WEBUI_PORTS_IN_DATANODEDETAILS (version = 6)
2023-05-23 10:24:30,180 [Time-limited test] INFO  ha.SequenceIdGenerator (SequenceIdGenerator.java:upgradeToSequenceId(349)) - upgrade localId to 111677748019200000
2023-05-23 10:24:30,181 [Time-limited test] INFO  ha.SequenceIdGenerator (SequenceIdGenerator.java:upgradeToSequenceId(359)) - upgrade delTxnId to 0
2023-05-23 10:24:30,185 [Time-limited test] INFO  ha.SequenceIdGenerator (SequenceIdGenerator.java:upgradeToSequenceId(376)) - upgrade containerId to 0
2023-05-23 10:24:30,187 [Time-limited test] INFO  ha.SequenceIdGenerator (SequenceIdGenerator.java:<init>(220)) - Init the HA SequenceIdGenerator.
2023-05-23 10:24:30,244 [Time-limited test] INFO  node.SCMNodeManager (SCMNodeManager.java:<init>(159)) - Entering startup safe mode.
2023-05-23 10:24:30,256 [Time-limited test] INFO  algorithms.ContainerPlacementPolicyFactory (ContainerPlacementPolicyFactory.java:getPolicyInternal(86)) - Create container placement policy of type org.apache.hadoop.hdds.scm.container.placement.algorithms.SCMContainerPlacementRackAware
2023-05-23 10:24:30,260 [Time-limited test] INFO  algorithms.ContainerPlacementPolicyFactory (ContainerPlacementPolicyFactory.java:getPolicyInternal(86)) - Create container placement policy of type org.apache.hadoop.hdds.scm.container.placement.algorithms.SCMContainerPlacementRackScatter
2023-05-23 10:24:30,270 [Time-limited test] INFO  pipeline.PipelineStateManagerImpl (PipelineStateManagerImpl.java:initialize(78)) - No pipeline exists in current db
2023-05-23 10:24:30,307 [Time-limited test] INFO  algorithms.LeaderChoosePolicyFactory (LeaderChoosePolicyFactory.java:getPolicy(57)) - Create leader choose policy of type org.apache.hadoop.hdds.scm.pipeline.leader.choose.algorithms.MinLeaderCountChoosePolicy
2023-05-23 10:24:30,307 [Time-limited test] INFO  algorithms.ContainerPlacementPolicyFactory (ContainerPlacementPolicyFactory.java:getPolicyInternal(86)) - Create container placement policy of type org.apache.hadoop.hdds.scm.container.placement.algorithms.SCMContainerPlacementRackScatter
2023-05-23 10:24:30,314 [Time-limited test] INFO  ha.SCMServiceManager (SCMServiceManager.java:register(42)) - Registering service BackgroundPipelineCreator.
2023-05-23 10:24:30,314 [Time-limited test] INFO  pipeline.BackgroundPipelineCreator (BackgroundPipelineCreator.java:start(124)) - Starting RatisPipelineUtilsThread.
2023-05-23 10:24:30,318 [Time-limited test] INFO  BackgroundPipelineScrubber (BackgroundSCMService.java:start(68)) - Starting BackgroundPipelineScrubber Service.
2023-05-23 10:24:30,321 [Time-limited test] INFO  ha.SCMServiceManager (SCMServiceManager.java:register(42)) - Registering service BackgroundPipelineScrubber.
2023-05-23 10:24:30,328 [Time-limited test] INFO  ExpiredContainerReplicaOpScrubber (BackgroundSCMService.java:start(68)) - Starting ExpiredContainerReplicaOpScrubber Service.
2023-05-23 10:24:30,337 [Time-limited test] INFO  ha.SCMServiceManager (SCMServiceManager.java:register(42)) - Registering service ExpiredContainerReplicaOpScrubber.
2023-05-23 10:24:30,390 [Time-limited test] INFO  algorithms.PipelineChoosePolicyFactory (PipelineChoosePolicyFactory.java:createPipelineChoosePolicyFromClass(73)) - Create pipeline choose policy of type org.apache.hadoop.hdds.scm.pipeline.choose.algorithms.RandomPipelineChoosePolicy
2023-05-23 10:24:30,417 [Time-limited test] INFO  ha.SCMServiceManager (SCMServiceManager.java:register(42)) - Registering service SCMBlockDeletingService.
2023-05-23 10:24:30,496 [Time-limited test] INFO  replication.ReplicationManager (ReplicationManager.java:start(300)) - Starting Replication Monitor Thread.
2023-05-23 10:24:30,507 [Time-limited test] INFO  ha.SCMServiceManager (SCMServiceManager.java:register(42)) - Registering service ReplicationManager.
2023-05-23 10:24:30,514 [ReplicationMonitor] INFO  replication.ReplicationManager (ReplicationManager.java:processAll(375)) - Replication Manager is not ready to run until 3000ms after safemode exit
2023-05-23 10:24:30,522 [Time-limited test] INFO  safemode.ContainerSafeModeRule (ContainerSafeModeRule.java:<init>(89)) - containers with one replica threshold count 0
2023-05-23 10:24:30,528 [Time-limited test] INFO  safemode.HealthyPipelineSafeModeRule (HealthyPipelineSafeModeRule.java:initializeRule(169)) - Total pipeline count is 0, healthy pipeline threshold count is 1
2023-05-23 10:24:30,530 [Time-limited test] INFO  safemode.OneReplicaPipelineSafeModeRule (OneReplicaPipelineSafeModeRule.java:initializeRule(180)) - Total pipeline count is 0, pipeline's with at least one datanode reported threshold count is 0
2023-05-23 10:24:30,584 [Time-limited test] INFO  server.StorageContainerManager (StorageContainerManager.java:<init>(403)) - SCM start with adminUsers: [runner]
2023-05-23 10:24:30,937 [Time-limited test] INFO  audit.AuditLogger (AuditLogger.java:refreshDebugCmdSet(126)) - Refresh DebugCmdSet for SCMAudit to [].
2023-05-23 10:24:30,972 [Time-limited test] INFO  ipc.CallQueueManager (CallQueueManager.java:<init>(90)) - Using callQueue: class java.util.concurrent.LinkedBlockingQueue, queueCapacity: 2000, scheduler: class org.apache.hadoop.ipc.DefaultRpcScheduler, ipcBackoff: false.
2023-05-23 10:24:31,107 [Socket Reader #1 for port 15002] INFO  ipc.Server (Server.java:run(1319)) - Starting Socket Reader #1 for port 15002
2023-05-23 10:24:31,166 [Listener at 0.0.0.0/15002] INFO  audit.AuditLogger (AuditLogger.java:refreshDebugCmdSet(126)) - Refresh DebugCmdSet for SCMAudit to [].
2023-05-23 10:24:31,172 [Listener at 0.0.0.0/15002] INFO  ipc.CallQueueManager (CallQueueManager.java:<init>(90)) - Using callQueue: class java.util.concurrent.LinkedBlockingQueue, queueCapacity: 2000, scheduler: class org.apache.hadoop.ipc.DefaultRpcScheduler, ipcBackoff: false.
2023-05-23 10:24:31,173 [Socket Reader #1 for port 15001] INFO  ipc.Server (Server.java:run(1319)) - Starting Socket Reader #1 for port 15001
2023-05-23 10:24:31,207 [Listener at 0.0.0.0/15001] INFO  audit.AuditLogger (AuditLogger.java:refreshDebugCmdSet(126)) - Refresh DebugCmdSet for SCMAudit to [].
2023-05-23 10:24:31,220 [Listener at 0.0.0.0/15001] INFO  ipc.CallQueueManager (CallQueueManager.java:<init>(90)) - Using callQueue: class java.util.concurrent.LinkedBlockingQueue, queueCapacity: 2000, scheduler: class org.apache.hadoop.ipc.DefaultRpcScheduler, ipcBackoff: false.
2023-05-23 10:24:31,223 [Socket Reader #1 for port 15000] INFO  ipc.Server (Server.java:run(1319)) - Starting Socket Reader #1 for port 15000
2023-05-23 10:24:31,289 [Listener at 0.0.0.0/15000] INFO  ha.SCMServiceManager (SCMServiceManager.java:register(42)) - Registering service ContainerBalancer.
2023-05-23 10:24:31,290 [Listener at 0.0.0.0/15000] INFO  server.StorageContainerManager (StorageContainerManager.java:<init>(420)) - 
Container Balancer status:
Key                            Value
Running                        false
Container Balancer Configuration values:
Key                                                Value
Threshold                                          10
Max Datanodes to Involve per Iteration(percent)    20
Max Size to Move per Iteration                     500GB
Max Size Entering Target per Iteration             26GB
Max Size Leaving Source per Iteration              26GB

2023-05-23 10:24:31,293 [Listener at 0.0.0.0/15000] INFO  ha.SCMContext (SCMContext.java:updateSafeModeStatus(228)) - Update SafeModeStatus from SafeModeStatus{safeModeStatus=true, preCheckPassed=false} to SafeModeStatus{safeModeStatus=true, preCheckPassed=false}.
2023-05-23 10:24:31,302 [Listener at 0.0.0.0/15000] INFO  server.StorageContainerManager (StorageContainerManager.java:start(1477)) - StorageContainerLocationProtocol RPC server is listening at /0.0.0.0:15000
2023-05-23 10:24:31,379 [Listener at 0.0.0.0/15000] WARN  impl.MetricsConfig (MetricsConfig.java:loadFirst(136)) - Cannot locate configuration: tried hadoop-metrics2-storagecontainermanager.properties,hadoop-metrics2.properties
2023-05-23 10:24:31,400 [Listener at 0.0.0.0/15000] INFO  impl.MetricsSystemImpl (MetricsSystemImpl.java:startTimer(378)) - Scheduled Metric snapshot period at 10 second(s).
2023-05-23 10:24:31,400 [Listener at 0.0.0.0/15000] INFO  impl.MetricsSystemImpl (MetricsSystemImpl.java:start(191)) - StorageContainerManager metrics system started
2023-05-23 10:24:31,514 [ReplicationMonitor] INFO  replication.ReplicationManager (ReplicationManager.java:processAll(375)) - Replication Manager is not ready to run until 3000ms after safemode exit
2023-05-23 10:24:31,694 [Listener at 0.0.0.0/15000] INFO  server.SCMClientProtocolServer (SCMClientProtocolServer.java:start(199)) - RPC server for Client  is listening at /0.0.0.0:15000
2023-05-23 10:24:31,695 [IPC Server Responder] INFO  ipc.Server (Server.java:run(1558)) - IPC Server Responder: starting
2023-05-23 10:24:31,696 [IPC Server listener on 15000] INFO  ipc.Server (Server.java:run(1398)) - IPC Server listener on 15000: starting
2023-05-23 10:24:31,700 [Listener at 0.0.0.0/15000] INFO  server.StorageContainerManager (StorageContainerManager.java:start(1491)) - ScmBlockLocationProtocol RPC server is listening at /0.0.0.0:15001
2023-05-23 10:24:31,701 [Listener at 0.0.0.0/15000] INFO  server.SCMBlockProtocolServer (SCMBlockProtocolServer.java:start(152)) - RPC server for Block Protocol is listening at /0.0.0.0:15001
2023-05-23 10:24:31,709 [IPC Server Responder] INFO  ipc.Server (Server.java:run(1558)) - IPC Server Responder: starting
2023-05-23 10:24:31,709 [IPC Server listener on 15001] INFO  ipc.Server (Server.java:run(1398)) - IPC Server listener on 15001: starting
2023-05-23 10:24:31,717 [Listener at 0.0.0.0/15000] INFO  server.SCMDatanodeProtocolServer (SCMDatanodeProtocolServer.java:start(193)) - ScmDatanodeProtocol RPC server for DataNodes is listening at /0.0.0.0:15002
2023-05-23 10:24:31,727 [IPC Server Responder] INFO  ipc.Server (Server.java:run(1558)) - IPC Server Responder: starting
2023-05-23 10:24:31,728 [IPC Server listener on 15002] INFO  ipc.Server (Server.java:run(1398)) - IPC Server listener on 15002: starting
2023-05-23 10:24:31,767 [org.apache.hadoop.util.JvmPauseMonitor$Monitor@57f339a] INFO  util.JvmPauseMonitor (JvmPauseMonitor.java:run(188)) - Starting JVM pause monitor
2023-05-23 10:24:31,773 [Listener at 0.0.0.0/15000] INFO  http.BaseHttpServer (BaseHttpServer.java:newHttpServer2BuilderForOzone(224)) - Starting Web-server for scm at: http://0.0.0.0:15003
2023-05-23 10:24:31,774 [Listener at 0.0.0.0/15000] INFO  http.BaseHttpServer (BaseHttpServer.java:<init>(111)) - Hadoop Security Enabled: false Ozone Security Enabled: false Ozone HTTP Security Enabled: false 
2023-05-23 10:24:31,801 [Listener at 0.0.0.0/15000] INFO  util.log (Log.java:initialized(170)) - Logging initialized @4853ms to org.eclipse.jetty.util.log.Slf4jLog
2023-05-23 10:24:31,907 [Listener at 0.0.0.0/15000] WARN  server.AuthenticationFilter (AuthenticationFilter.java:constructSecretProvider(240)) - Unable to initialize FileSignerSecretProvider, falling back to use random secrets. Reason: Could not read signature secret file: /home/runner/hadoop-http-auth-signature-secret
2023-05-23 10:24:31,913 [Listener at 0.0.0.0/15000] INFO  http.HttpRequestLog (HttpRequestLog.java:getRequestLog(86)) - Http request log for http.requests.scm is not defined
2023-05-23 10:24:31,922 [Listener at 0.0.0.0/15000] INFO  http.HttpServer2 (HttpServer2.java:addGlobalFilter(1031)) - Added global filter 'safety' (class=org.apache.hadoop.hdds.server.http.HttpServer2$QuotingInputFilter)
2023-05-23 10:24:31,924 [Listener at 0.0.0.0/15000] INFO  http.HttpServer2 (HttpServer2.java:addFilter(1007)) - Added filter static_user_filter (class=org.apache.hadoop.http.lib.StaticUserWebFilter$StaticUserFilter) to context scm
2023-05-23 10:24:31,924 [Listener at 0.0.0.0/15000] INFO  http.HttpServer2 (HttpServer2.java:addFilter(1015)) - Added filter static_user_filter (class=org.apache.hadoop.http.lib.StaticUserWebFilter$StaticUserFilter) to context logs
2023-05-23 10:24:31,924 [Listener at 0.0.0.0/15000] INFO  http.HttpServer2 (HttpServer2.java:addFilter(1015)) - Added filter static_user_filter (class=org.apache.hadoop.http.lib.StaticUserWebFilter$StaticUserFilter) to context static
2023-05-23 10:24:31,965 [Listener at 0.0.0.0/15000] INFO  http.BaseHttpServer (BaseHttpServer.java:<init>(190)) - HTTP server of scm uses base directory /home/runner/work/ozone/ozone/hadoop-ozone/integration-test/target/test-dir/MiniOzoneClusterImpl-95ea0607-12be-46e0-be72-f6ffafe0ad81/ozone-meta/webserver
2023-05-23 10:24:31,966 [Listener at 0.0.0.0/15000] INFO  http.HttpServer2 (HttpServer2.java:bindListener(1250)) - Jetty bound to port 15003
2023-05-23 10:24:31,967 [Listener at 0.0.0.0/15000] INFO  server.Server (Server.java:doStart(375)) - jetty-9.4.51.v20230217; built: 2023-02-17T08:19:37.309Z; git: b45c405e4544384de066f814ed42ae3dceacdd49; jvm 1.8.0_362-b09
2023-05-23 10:24:32,024 [Listener at 0.0.0.0/15000] INFO  server.session (DefaultSessionIdManager.java:doStart(334)) - DefaultSessionIdManager workerName=node0
2023-05-23 10:24:32,024 [Listener at 0.0.0.0/15000] INFO  server.session (DefaultSessionIdManager.java:doStart(339)) - No SessionScavenger set, using defaults
2023-05-23 10:24:32,026 [Listener at 0.0.0.0/15000] INFO  server.session (HouseKeeper.java:startScavenging(132)) - node0 Scavenging every 600000ms
2023-05-23 10:24:32,042 [Listener at 0.0.0.0/15000] INFO  handler.ContextHandler (ContextHandler.java:doStart(921)) - Started o.e.j.s.ServletContextHandler@48496312{logs,/logs,file:///home/runner/work/ozone/ozone/hadoop-ozone/integration-test/target/log,AVAILABLE}
2023-05-23 10:24:32,043 [Listener at 0.0.0.0/15000] INFO  handler.ContextHandler (ContextHandler.java:doStart(921)) - Started o.e.j.s.ServletContextHandler@56bdc976{static,/static,file:///home/runner/work/ozone/ozone/hadoop-ozone/integration-test/target/test-classes/webapps/static,AVAILABLE}
2023-05-23 10:24:32,098 [Listener at 0.0.0.0/15000] INFO  handler.ContextHandler (ContextHandler.java:doStart(921)) - Started o.e.j.w.WebAppContext@72a7deaa{scm,/,file:///home/runner/work/ozone/ozone/hadoop-ozone/integration-test/target/test-classes/webapps/scm/,AVAILABLE}{file:/home/runner/work/ozone/ozone/hadoop-ozone/integration-test/target/test-classes/webapps/scm}
2023-05-23 10:24:32,107 [Listener at 0.0.0.0/15000] INFO  server.AbstractConnector (AbstractConnector.java:doStart(333)) - Started ServerConnector@db66529{HTTP/1.1, (http/1.1)}{0.0.0.0:15003}
2023-05-23 10:24:32,107 [Listener at 0.0.0.0/15000] INFO  server.Server (Server.java:doStart(415)) - Started @5159ms
2023-05-23 10:24:32,110 [Listener at 0.0.0.0/15000] INFO  impl.MetricsSinkAdapter (MetricsSinkAdapter.java:start(204)) - Sink prometheus started
2023-05-23 10:24:32,110 [Listener at 0.0.0.0/15000] INFO  impl.MetricsSystemImpl (MetricsSystemImpl.java:registerSink(305)) - Registered sink prometheus
2023-05-23 10:24:32,111 [Listener at 0.0.0.0/15000] INFO  http.BaseHttpServer (BaseHttpServer.java:updateConnectorAddress(344)) - HTTP server of scm listening at http://0.0.0.0:15003
2023-05-23 10:24:32,115 [Listener at 0.0.0.0/15000] WARN  server.ServerUtils (ServerUtils.java:getDBPath(225)) - ozone.om.db.dirs is not configured. We recommend adding this setting. Falling back to ozone.metadata.dirs instead.
2023-05-23 10:24:32,182 [Listener at 0.0.0.0/15000] INFO  audit.AuditLogger (AuditLogger.java:refreshDebugCmdSet(126)) - Refresh DebugCmdSet for OMAudit to [].
2023-05-23 10:24:32,275 [Listener at 0.0.0.0/15000] INFO  ha.OMHANodeDetails (OMHANodeDetails.java:loadOMHAConfig(115)) - ozone.om.internal.service.id is not defined, falling back to ozone.om.service.ids to find serviceID for OzoneManager if it is HA enabled cluster
2023-05-23 10:24:32,279 [Listener at 0.0.0.0/15000] INFO  ha.OMHANodeDetails (OMHANodeDetails.java:loadOMHAConfig(226)) - Configuration does not have ozone.om.address set. Falling back to the default OM address /127.0.0.1:15004
2023-05-23 10:24:32,279 [Listener at 0.0.0.0/15000] INFO  ha.OMHANodeDetails (OMHANodeDetails.java:getOMNodeDetailsForNonHA(254)) - OM Service ID is not set. Setting it to the default ID: omServiceIdDefault
2023-05-23 10:24:32,279 [Listener at 0.0.0.0/15000] INFO  ha.OMHANodeDetails (OMHANodeDetails.java:getOMNodeDetailsForNonHA(261)) - OM Node ID is not set. Setting it to the default ID: om1
2023-05-23 10:24:32,284 [Listener at 0.0.0.0/15000] WARN  server.ServerUtils (ServerUtils.java:getDBPath(225)) - ozone.om.db.dirs is not configured. We recommend adding this setting. Falling back to ozone.metadata.dirs instead.
2023-05-23 10:24:32,287 [Listener at 0.0.0.0/15000] INFO  upgrade.AbstractLayoutVersionManager (AbstractLayoutVersionManager.java:init(83)) - Initializing Layout version manager with metadata layout = HSYNC (version = 4), software layout = HSYNC (version = 4)
2023-05-23 10:24:32,381 [Listener at 0.0.0.0/15000] INFO  reflections.Reflections (Reflections.java:scan(232)) - Reflections took 90 ms to scan 2 urls, producing 174 keys and 483 values [using 2 cores]
2023-05-23 10:24:32,386 [Listener at 0.0.0.0/15000] INFO  upgrade.OMLayoutVersionManager (OMLayoutVersionManager.java:lambda$0(115)) - Skipping Upgrade Action MockOmUpgradeAction since it has been finalized.
2023-05-23 10:24:32,388 [Listener at 0.0.0.0/15000] WARN  server.ServerUtils (ServerUtils.java:getDBPath(225)) - ozone.om.db.dirs is not configured. We recommend adding this setting. Falling back to ozone.metadata.dirs instead.
2023-05-23 10:24:32,515 [ReplicationMonitor] INFO  replication.ReplicationManager (ReplicationManager.java:processAll(375)) - Replication Manager is not ready to run until 3000ms after safemode exit
2023-05-23 10:24:32,572 [Listener at 0.0.0.0/15000] INFO  proxy.SCMBlockLocationFailoverProxyProvider (SCMBlockLocationFailoverProxyProvider.java:<init>(114)) - Created block location fail-over proxy with 1 nodes: [nodeId=scmNodeId,nodeAddress=/0.0.0.0:15001]
2023-05-23 10:24:32,611 [Listener at 0.0.0.0/15000] INFO  proxy.SCMBlockLocationFailoverProxyProvider (SCMBlockLocationFailoverProxyProvider.java:<init>(114)) - Created block location fail-over proxy with 1 nodes: [nodeId=scmNodeId,nodeAddress=/0.0.0.0:15001]
2023-05-23 10:24:32,857 [Listener at 0.0.0.0/15000] INFO  om.OzoneManager (OzoneManager.java:<init>(648)) - OM start with adminUsers: [runner]
2023-05-23 10:24:32,869 [Listener at 0.0.0.0/15000] WARN  server.ServerUtils (ServerUtils.java:getDBPath(225)) - ozone.om.db.dirs is not configured. We recommend adding this setting. Falling back to ozone.metadata.dirs instead.
2023-05-23 10:24:32,901 [Listener at 0.0.0.0/15000] INFO  helpers.OmKeyInfo (OmKeyInfo.java:getCodec(75)) - OmKeyInfo.getCodec ignorePipeline = true
2023-05-23 10:24:32,902 [Listener at 0.0.0.0/15000] INFO  codec.RepeatedOmKeyInfoCodec (RepeatedOmKeyInfoCodec.java:<init>(41)) - RepeatedOmKeyInfoCodec ignorePipeline = true
2023-05-23 10:24:33,197 [Listener at 0.0.0.0/15000] INFO  om.OzoneManager (OzoneManager.java:instantiateServices(789)) - S3 Multi-Tenancy is disabled
2023-05-23 10:24:33,232 [Listener at 0.0.0.0/15000] INFO  om.OmSnapshotManager (OmSnapshotManager.java:<init>(170)) - Ozone filesystem snapshot feature is enabled.
2023-05-23 10:24:33,241 [Listener at 0.0.0.0/15000] WARN  server.ServerUtils (ServerUtils.java:getDBPath(225)) - ozone.om.snapshot.diff.db.dir is not configured. We recommend adding this setting. Falling back to ozone.metadata.dirs instead.
2023-05-23 10:24:33,284 [Listener at 0.0.0.0/15000] INFO  utils.NativeLibraryLoader (NativeLibraryLoader.java:loadLibrary(103)) - Loading Library: ozone_rocksdb_tools
2023-05-23 10:24:33,371 [Listener at 0.0.0.0/15000] INFO  om.OzoneManager (OzoneManager.java:addS3GVolumeToDB(4326)) - Created Volume s3v With Owner runner required for S3Gateway operations.
2023-05-23 10:24:33,460 [Listener at 0.0.0.0/15000] WARN  server.ServerUtils (ServerUtils.java:getDefaultRatisDirectory(237)) - Storage directory for Ratis is not configured. It is a good idea to map this to an SSD disk. Falling back to ozone.metadata.dirs
2023-05-23 10:24:33,460 [Listener at 0.0.0.0/15000] WARN  utils.OzoneManagerRatisUtils (OzoneManagerRatisUtils.java:getOMRatisSnapshotDirectory(456)) - ozone.om.ratis.snapshot.dir is not configured. Falling back to ozone.metadata.dirs config
2023-05-23 10:24:33,481 [Listener at 0.0.0.0/15000] WARN  server.ServerUtils (ServerUtils.java:getDefaultRatisDirectory(237)) - Storage directory for Ratis is not configured. It is a good idea to map this to an SSD disk. Falling back to ozone.metadata.dirs
2023-05-23 10:24:33,515 [ReplicationMonitor] INFO  replication.ReplicationManager (ReplicationManager.java:processAll(375)) - Replication Manager is not ready to run until 3000ms after safemode exit
2023-05-23 10:24:33,520 [Listener at 0.0.0.0/15000] INFO  ratis.OzoneManagerRatisServer (OzoneManagerRatisServer.java:<init>(163)) - Instantiating OM Ratis server with groupID: omServiceIdDefault and peers: localhost:15007
2023-05-23 10:24:33,530 [Listener at 0.0.0.0/15000] INFO  ratis.OzoneManagerStateMachine (OzoneManagerStateMachine.java:loadSnapshotInfoFromDB(670)) - LastAppliedIndex is set from TransactionInfo from OM DB as (t:0, i:~)
2023-05-23 10:24:33,596 [Listener at 0.0.0.0/15000] INFO  server.RaftServer (ConfUtils.java:logGet(46)) - raft.rpc.type = GRPC (default)
2023-05-23 10:24:33,609 [Listener at 0.0.0.0/15000] INFO  grpc.GrpcConfigKeys (ConfUtils.java:logFallback(53)) - raft.grpc.admin.host = null (fallback to raft.grpc.server.host)
2023-05-23 10:24:33,611 [Listener at 0.0.0.0/15000] INFO  grpc.GrpcConfigKeys (ConfUtils.java:logFallback(53)) - raft.grpc.admin.port = 15007 (fallback to raft.grpc.server.port)
2023-05-23 10:24:33,612 [Listener at 0.0.0.0/15000] INFO  grpc.GrpcConfigKeys (ConfUtils.java:logFallback(53)) - raft.grpc.client.host = null (fallback to raft.grpc.server.host)
2023-05-23 10:24:33,612 [Listener at 0.0.0.0/15000] INFO  grpc.GrpcConfigKeys (ConfUtils.java:logFallback(53)) - raft.grpc.client.port = 15007 (fallback to raft.grpc.server.port)
2023-05-23 10:24:33,613 [Listener at 0.0.0.0/15000] INFO  grpc.GrpcConfigKeys (ConfUtils.java:logGet(46)) - raft.grpc.server.host = null (default)
2023-05-23 10:24:33,614 [Listener at 0.0.0.0/15000] INFO  grpc.GrpcConfigKeys (ConfUtils.java:logGet(46)) - raft.grpc.server.port = 15007 (custom)
2023-05-23 10:24:33,615 [Listener at 0.0.0.0/15000] INFO  server.GrpcService (ConfUtils.java:logGet(46)) - raft.grpc.message.size.max = 33554432 (custom)
2023-05-23 10:24:33,617 [Listener at 0.0.0.0/15000] INFO  server.RaftServerConfigKeys (ConfUtils.java:logGet(46)) - raft.server.log.appender.buffer.byte-limit = 33554432 (custom)
2023-05-23 10:24:33,620 [Listener at 0.0.0.0/15000] INFO  server.GrpcService (ConfUtils.java:logGet(46)) - raft.grpc.flow.control.window = 1MB (=1048576) (default)
2023-05-23 10:24:33,622 [Listener at 0.0.0.0/15000] INFO  server.RaftServerConfigKeys (ConfUtils.java:logGet(46)) - raft.server.rpc.request.timeout = 3000ms (default)
2023-05-23 10:24:33,637 [Listener at 0.0.0.0/15000] INFO  grpc.GrpcConfigKeys (ConfUtils.java:logGet(46)) - raft.grpc.server.heartbeat.channel = true (default)
2023-05-23 10:24:33,642 [Listener at 0.0.0.0/15000] INFO  grpc.GrpcConfigKeys (ConfUtils.java:logGet(46)) - raft.grpc.server.async.request.thread.pool.cached = true (default)
2023-05-23 10:24:33,643 [Listener at 0.0.0.0/15000] INFO  grpc.GrpcConfigKeys (ConfUtils.java:logGet(46)) - raft.grpc.server.async.request.thread.pool.size = 32 (default)
2023-05-23 10:24:33,938 [Listener at 0.0.0.0/15000] INFO  impl.DataStreamServerImpl (ConfUtils.java:logGet(46)) - raft.datastream.type = DISABLED (default)
2023-05-23 10:24:33,941 [Listener at 0.0.0.0/15000] INFO  server.RaftServerConfigKeys (ConfUtils.java:logGet(46)) - raft.server.threadpool.proxy.cached = true (default)
2023-05-23 10:24:33,941 [Listener at 0.0.0.0/15000] INFO  server.RaftServerConfigKeys (ConfUtils.java:logGet(46)) - raft.server.threadpool.proxy.size = 0 (default)
2023-05-23 10:24:33,942 [Listener at 0.0.0.0/15000] INFO  server.RaftServerConfigKeys (ConfUtils.java:logGet(46)) - raft.server.rpc.slowness.timeout = 120s (custom)
2023-05-23 10:24:33,942 [Listener at 0.0.0.0/15000] INFO  server.RaftServerConfigKeys (ConfUtils.java:logGet(46)) - raft.server.leaderelection.leader.step-down.wait-time = 10s (default)
2023-05-23 10:24:33,946 [Listener at 0.0.0.0/15000] INFO  server.RaftServerConfigKeys (ConfUtils.java:logGet(46)) - raft.server.storage.dir = [/home/runner/work/ozone/ozone/hadoop-ozone/integration-test/target/test-dir/MiniOzoneClusterImpl-95ea0607-12be-46e0-be72-f6ffafe0ad81/ozone-meta/ratis] (custom)
2023-05-23 10:24:33,960 [Listener at 0.0.0.0/15000] INFO  server.RaftServer (RaftServerProxy.java:addNew(98)) - om1: addNew group-C5BA1605619E:[om1|rpc:localhost:15007|priority:0|startupRole:FOLLOWER] returns group-C5BA1605619E:java.util.concurrent.CompletableFuture@540ccf3d[Not completed]
2023-05-23 10:24:33,960 [Listener at 0.0.0.0/15000] INFO  om.OzoneManager (OzoneManager.java:initializeRatisServer(2151)) - OzoneManager Ratis server initialized at port 15007
2023-05-23 10:24:33,963 [Listener at 0.0.0.0/15000] INFO  om.OzoneManager (OzoneManager.java:getRpcServer(1198)) - Creating RPC Server
2023-05-23 10:24:34,001 [om1-groupManagement] INFO  server.RaftServer$Division (RaftServerImpl.java:<init>(198)) - om1: new RaftServerImpl for group-C5BA1605619E:[om1|rpc:localhost:15007|priority:0|startupRole:FOLLOWER] with OzoneManagerStateMachine:uninitialized
2023-05-23 10:24:34,006 [om1-groupManagement] INFO  server.RaftServerConfigKeys (ConfUtils.java:logGet(46)) - raft.server.rpc.timeout.min = 1s (custom)
2023-05-23 10:24:34,009 [om1-groupManagement] INFO  server.RaftServerConfigKeys (ConfUtils.java:logGet(46)) - raft.server.rpc.timeout.max = 1200ms (custom)
2023-05-23 10:24:34,009 [om1-groupManagement] INFO  server.RaftServerConfigKeys (ConfUtils.java:logGet(46)) - raft.server.rpc.sleep.time = 25ms (default)
2023-05-23 10:24:34,009 [om1-groupManagement] INFO  server.RaftServerConfigKeys (ConfUtils.java:logGet(46)) - raft.server.rpc.slowness.timeout = 120s (custom)
2023-05-23 10:24:34,009 [om1-groupManagement] INFO  server.RaftServerConfigKeys (ConfUtils.java:logGet(46)) - raft.server.leaderelection.leader.step-down.wait-time = 10s (default)
2023-05-23 10:24:34,009 [om1-groupManagement] INFO  server.RaftServerConfigKeys (ConfUtils.java:logGet(46)) - raft.server.sleep.deviation.threshold = 300ms (default)
2023-05-23 10:24:34,019 [om1-groupManagement] INFO  server.RaftServer$Division (ServerState.java:<init>(120)) - om1@group-C5BA1605619E: ConfigurationManager, init=-1: peers:[om1|rpc:localhost:15007|priority:0|startupRole:FOLLOWER]|listeners:[], old=null, confs=<EMPTY_MAP>
2023-05-23 10:24:34,019 [om1-groupManagement] INFO  server.RaftServerConfigKeys (ConfUtils.java:logGet(46)) - raft.server.storage.dir = [/home/runner/work/ozone/ozone/hadoop-ozone/integration-test/target/test-dir/MiniOzoneClusterImpl-95ea0607-12be-46e0-be72-f6ffafe0ad81/ozone-meta/ratis] (custom)
2023-05-23 10:24:34,027 [om1-groupManagement] INFO  server.RaftServerConfigKeys (ConfUtils.java:logGet(46)) - raft.server.log.corruption.policy = EXCEPTION (default)
2023-05-23 10:24:34,029 [om1-groupManagement] INFO  server.RaftServerConfigKeys (ConfUtils.java:logGet(46)) - raft.server.storage.free-space.min = 0MB (=0) (default)
2023-05-23 10:24:34,040 [om1-groupManagement] INFO  server.RaftServerConfigKeys (ConfUtils.java:logGet(46)) - raft.server.notification.no-leader.timeout = 120s (custom)
2023-05-23 10:24:34,044 [om1-groupManagement] INFO  server.RaftServerConfigKeys (ConfUtils.java:logGet(46)) - raft.server.read.timeout = 10s (default)
2023-05-23 10:24:34,051 [om1-groupManagement] INFO  server.RaftServerConfigKeys (ConfUtils.java:logGet(46)) - raft.server.retrycache.expirytime = 300s (custom)
2023-05-23 10:24:34,051 [om1-groupManagement] INFO  server.RaftServerConfigKeys (ConfUtils.java:logGet(46)) - raft.server.retrycache.statistics.expirytime = 100μs (default)
2023-05-23 10:24:34,126 [om1-groupManagement] INFO  server.RaftServerConfigKeys (ConfUtils.java:logGet(46)) - raft.server.read.option = DEFAULT (default)
2023-05-23 10:24:34,186 [om1-groupManagement] INFO  server.RaftServerConfigKeys (ConfUtils.java:logGet(46)) - raft.server.rpc.request.timeout = 3000ms (default)
2023-05-23 10:24:34,190 [om1-groupManagement] INFO  server.RaftServerConfigKeys (ConfUtils.java:logGet(46)) - raft.server.log.appender.install.snapshot.enabled = false (custom)
2023-05-23 10:24:34,191 [om1-groupManagement] INFO  server.RaftServerConfigKeys (ConfUtils.java:logGet(46)) - raft.server.threadpool.server.cached = true (default)
2023-05-23 10:24:34,191 [om1-groupManagement] INFO  server.RaftServerConfigKeys (ConfUtils.java:logGet(46)) - raft.server.threadpool.server.size = 0 (default)
2023-05-23 10:24:34,192 [om1-groupManagement] INFO  server.RaftServerConfigKeys (ConfUtils.java:logGet(46)) - raft.server.threadpool.client.cached = true (default)
2023-05-23 10:24:34,192 [om1-groupManagement] INFO  server.RaftServerConfigKeys (ConfUtils.java:logGet(46)) - raft.server.threadpool.client.size = 0 (default)
2023-05-23 10:24:34,515 [ReplicationMonitor] INFO  replication.ReplicationManager (ReplicationManager.java:processAll(375)) - Replication Manager is not ready to run until 3000ms after safemode exit
2023-05-23 10:24:34,876 [Listener at 0.0.0.0/15000] INFO  reflections.Reflections (Reflections.java:scan(232)) - Reflections took 801 ms to scan 19 urls, producing 69 keys and 5193 values [using 2 cores]
2023-05-23 10:24:35,296 [Listener at 0.0.0.0/15000] INFO  ipc.CallQueueManager (CallQueueManager.java:<init>(90)) - Using callQueue: class java.util.concurrent.LinkedBlockingQueue, queueCapacity: 2000, scheduler: class org.apache.hadoop.ipc.DefaultRpcScheduler, ipcBackoff: false.
2023-05-23 10:24:35,296 [Socket Reader #1 for port 15004] INFO  ipc.Server (Server.java:run(1319)) - Starting Socket Reader #1 for port 15004
2023-05-23 10:24:35,345 [Listener at 127.0.0.1/15004] INFO  impl.MetricsSystemImpl (MetricsSystemImpl.java:init(158)) - OzoneManager metrics system started (again)
2023-05-23 10:24:35,362 [Listener at 127.0.0.1/15004] INFO  om.OzoneManager (OzoneManager.java:start(1619)) - OzoneManager RPC server is listening at localhost/127.0.0.1:15004
2023-05-23 10:24:35,362 [Listener at 127.0.0.1/15004] INFO  ratis.OzoneManagerRatisServer (OzoneManagerRatisServer.java:start(558)) - Starting OzoneManagerRatisServer om1 at port 15007
2023-05-23 10:24:35,365 [om1-impl-thread1] INFO  storage.RaftStorageDirectory (RaftStorageDirectoryImpl.java:analyzeStorage(137)) - The storage directory /home/runner/work/ozone/ozone/hadoop-ozone/integration-test/target/test-dir/MiniOzoneClusterImpl-95ea0607-12be-46e0-be72-f6ffafe0ad81/ozone-meta/ratis/bf265839-605b-3f16-9796-c5ba1605619e does not exist. Creating ...
2023-05-23 10:24:35,370 [om1-impl-thread1] INFO  storage.RaftStorageDirectory (RaftStorageDirectoryImpl.java:tryLock(231)) - Lock on /home/runner/work/ozone/ozone/hadoop-ozone/integration-test/target/test-dir/MiniOzoneClusterImpl-95ea0607-12be-46e0-be72-f6ffafe0ad81/ozone-meta/ratis/bf265839-605b-3f16-9796-c5ba1605619e/in_use.lock acquired by nodename 10384@fv-az1249-304
2023-05-23 10:24:35,377 [om1-impl-thread1] INFO  storage.RaftStorage (RaftStorageImpl.java:format(96)) - Storage directory /home/runner/work/ozone/ozone/hadoop-ozone/integration-test/target/test-dir/MiniOzoneClusterImpl-95ea0607-12be-46e0-be72-f6ffafe0ad81/ozone-meta/ratis/bf265839-605b-3f16-9796-c5ba1605619e has been successfully formatted.
2023-05-23 10:24:35,380 [om1-impl-thread1] INFO  server.RaftServerConfigKeys (ConfUtils.java:logGet(46)) - raft.server.log.use.memory = false (default)
2023-05-23 10:24:35,392 [om1-impl-thread1] INFO  server.RaftServerConfigKeys (ConfUtils.java:logGet(46)) - raft.server.log.purge.gap = 1000000 (custom)
2023-05-23 10:24:35,392 [om1-impl-thread1] INFO  server.RaftServerConfigKeys (ConfUtils.java:logGet(46)) - raft.server.log.appender.buffer.byte-limit = 33554432 (custom)
2023-05-23 10:24:35,394 [om1-impl-thread1] INFO  server.RaftServerConfigKeys (ConfUtils.java:logGet(46)) - raft.server.log.statemachine.data.read.timeout = 1000ms (default)
2023-05-23 10:24:35,395 [om1-impl-thread1] INFO  server.RaftServerConfigKeys (ConfUtils.java:logGet(46)) - raft.server.log.purge.preservation.log.num = 0 (default)
2023-05-23 10:24:35,397 [om1-impl-thread1] INFO  server.RaftServerConfigKeys (ConfUtils.java:logGet(46)) - raft.server.log.segment.size.max = 4194304 (custom)
2023-05-23 10:24:35,403 [om1-impl-thread1] INFO  server.RaftServerConfigKeys (ConfUtils.java:logGet(46)) - raft.server.log.segment.cache.num.max = 2 (custom)
2023-05-23 10:24:35,403 [om1-impl-thread1] INFO  server.RaftServerConfigKeys (ConfUtils.java:logGet(46)) - raft.server.log.segment.cache.size.max = 200MB (=209715200) (default)
2023-05-23 10:24:35,403 [om1-impl-thread1] INFO  server.RaftServerConfigKeys (ConfUtils.java:logGet(46)) - raft.server.log.appender.buffer.byte-limit = 33554432 (custom)
2023-05-23 10:24:35,410 [om1-impl-thread1] INFO  segmented.SegmentedRaftLogWorker (SegmentedRaftLogWorker.java:<init>(188)) - new om1@group-C5BA1605619E-SegmentedRaftLogWorker for RaftStorageImpl:Storage Directory /home/runner/work/ozone/ozone/hadoop-ozone/integration-test/target/test-dir/MiniOzoneClusterImpl-95ea0607-12be-46e0-be72-f6ffafe0ad81/ozone-meta/ratis/bf265839-605b-3f16-9796-c5ba1605619e
2023-05-23 10:24:35,410 [om1-impl-thread1] INFO  server.RaftServerConfigKeys (ConfUtils.java:logGet(46)) - raft.server.log.queue.byte-limit = 64MB (=67108864) (default)
2023-05-23 10:24:35,410 [om1-impl-thread1] INFO  server.RaftServerConfigKeys (ConfUtils.java:logGet(46)) - raft.server.log.queue.element-limit = 4096 (default)
2023-05-23 10:24:35,412 [om1-impl-thread1] INFO  server.RaftServerConfigKeys (ConfUtils.java:logGet(46)) - raft.server.log.segment.size.max = 4194304 (custom)
2023-05-23 10:24:35,412 [om1-impl-thread1] INFO  server.RaftServerConfigKeys (ConfUtils.java:logGet(46)) - raft.server.log.preallocated.size = 4194304 (custom)
2023-05-23 10:24:35,413 [om1-impl-thread1] INFO  server.RaftServerConfigKeys (ConfUtils.java:logGet(46)) - raft.server.log.force.sync.num = 128 (default)
2023-05-23 10:24:35,414 [om1-impl-thread1] INFO  server.RaftServerConfigKeys (ConfUtils.java:logGet(46)) - raft.server.log.statemachine.data.sync = true (default)
2023-05-23 10:24:35,414 [om1-impl-thread1] INFO  server.RaftServerConfigKeys (ConfUtils.java:logGet(46)) - raft.server.log.statemachine.data.sync.timeout = 10s (default)
2023-05-23 10:24:35,414 [om1-impl-thread1] INFO  server.RaftServerConfigKeys (ConfUtils.java:logGet(46)) - raft.server.log.statemachine.data.sync.timeout.retry = -1 (default)
2023-05-23 10:24:35,424 [om1-impl-thread1] INFO  server.RaftServerConfigKeys (ConfUtils.java:logGet(46)) - raft.server.log.write.buffer.size = 64KB (=65536) (default)
2023-05-23 10:24:35,425 [om1-impl-thread1] INFO  server.RaftServerConfigKeys (ConfUtils.java:logGet(46)) - raft.server.log.appender.buffer.byte-limit = 33554432 (custom)
2023-05-23 10:24:35,431 [om1-impl-thread1] INFO  server.RaftServerConfigKeys (ConfUtils.java:logGet(46)) - raft.server.log.unsafe-flush.enabled = false (default)
2023-05-23 10:24:35,431 [om1-impl-thread1] INFO  server.RaftServerConfigKeys (ConfUtils.java:logGet(46)) - raft.server.log.async-flush.enabled = false (default)
2023-05-23 10:24:35,432 [om1-impl-thread1] INFO  server.RaftServerConfigKeys (ConfUtils.java:logGet(46)) - raft.server.log.statemachine.data.caching.enabled = false (default)
2023-05-23 10:24:35,440 [om1-impl-thread1] INFO  segmented.SegmentedRaftLogWorker (SegmentedRaftLogWorker.java:lambda$new$0(135)) - om1@group-C5BA1605619E-SegmentedRaftLogWorker: flushIndex: setUnconditionally 0 -> -1
2023-05-23 10:24:35,440 [om1-impl-thread1] INFO  segmented.SegmentedRaftLogWorker (SegmentedRaftLogWorker.java:lambda$new$0(135)) - om1@group-C5BA1605619E-SegmentedRaftLogWorker: safeCacheEvictIndex: setUnconditionally 0 -> -1
2023-05-23 10:24:35,446 [om1-impl-thread1] INFO  server.RaftServer$Division (RaftServerImpl.java:start(342)) - om1@group-C5BA1605619E: start as a follower, conf=-1: peers:[om1|rpc:localhost:15007|priority:0|startupRole:FOLLOWER]|listeners:[], old=null
2023-05-23 10:24:35,450 [om1-impl-thread1] INFO  server.RaftServer$Division (RaftServerImpl.java:setRole(329)) - om1@group-C5BA1605619E: changes role from      null to FOLLOWER at term 0 for startAsFollower
2023-05-23 10:24:35,452 [om1-impl-thread1] INFO  impl.RoleInfo (RoleInfo.java:updateAndGet(139)) - om1: start om1@group-C5BA1605619E-FollowerState
2023-05-23 10:24:35,456 [om1-impl-thread1] INFO  util.JmxRegister (JmxRegister.java:tryRegister(44)) - Successfully registered JMX Bean with object name Ratis:service=RaftServer,group=group-C5BA1605619E,id=om1
2023-05-23 10:24:35,458 [om1-impl-thread1] INFO  server.RaftServerConfigKeys (ConfUtils.java:logGet(46)) - raft.server.snapshot.auto.trigger.enabled = true (custom)
2023-05-23 10:24:35,459 [om1-impl-thread1] INFO  server.RaftServerConfigKeys (ConfUtils.java:logGet(46)) - raft.server.snapshot.auto.trigger.threshold = 400000 (default)
2023-05-23 10:24:35,458 [om1@group-C5BA1605619E-FollowerState] INFO  server.RaftServerConfigKeys (ConfUtils.java:logFallback(53)) - raft.server.rpc.first-election.timeout.min = 1s (fallback to raft.server.rpc.timeout.min)
2023-05-23 10:24:35,459 [om1@group-C5BA1605619E-FollowerState] INFO  server.RaftServerConfigKeys (ConfUtils.java:logFallback(53)) - raft.server.rpc.first-election.timeout.max = 1200ms (fallback to raft.server.rpc.timeout.max)
2023-05-23 10:24:35,460 [om1-impl-thread1] INFO  server.RaftServerConfigKeys (ConfUtils.java:logGet(46)) - raft.server.snapshot.retention.file.num = -1 (default)
2023-05-23 10:24:35,461 [om1-impl-thread1] INFO  server.RaftServerConfigKeys (ConfUtils.java:logGet(46)) - raft.server.log.purge.upto.snapshot.index = true (custom)
2023-05-23 10:24:35,465 [Listener at 127.0.0.1/15004] INFO  server.RaftServer (RaftServerProxy.java:startImpl(400)) - om1: start RPC server
2023-05-23 10:24:35,515 [ReplicationMonitor] INFO  replication.ReplicationManager (ReplicationManager.java:processAll(375)) - Replication Manager is not ready to run until 3000ms after safemode exit
2023-05-23 10:24:35,519 [Listener at 127.0.0.1/15004] INFO  server.GrpcService (GrpcService.java:startImpl(302)) - om1: GrpcService started, listening on 15007
2023-05-23 10:24:35,522 [Listener at 127.0.0.1/15004] INFO  om.OzoneManager (OzoneManager.java:start(1635)) - Version File has different layout version (4) than OM DB (null). That is expected if this OM has never been finalized to a newer layout version.
2023-05-23 10:24:35,524 [JvmPauseMonitor0] INFO  util.JvmPauseMonitor (JvmPauseMonitor.java:run(103)) - JvmPauseMonitor-om1: Started
2023-05-23 10:24:35,549 [Listener at 127.0.0.1/15004] INFO  http.BaseHttpServer (BaseHttpServer.java:newHttpServer2BuilderForOzone(224)) - Starting Web-server for ozoneManager at: http://0.0.0.0:15005
2023-05-23 10:24:35,549 [Listener at 127.0.0.1/15004] INFO  http.BaseHttpServer (BaseHttpServer.java:<init>(111)) - Hadoop Security Enabled: false Ozone Security Enabled: false Ozone HTTP Security Enabled: false 
2023-05-23 10:24:35,551 [Listener at 127.0.0.1/15004] WARN  server.AuthenticationFilter (AuthenticationFilter.java:constructSecretProvider(240)) - Unable to initialize FileSignerSecretProvider, falling back to use random secrets. Reason: Could not read signature secret file: /home/runner/hadoop-http-auth-signature-secret
2023-05-23 10:24:35,553 [Listener at 127.0.0.1/15004] INFO  http.HttpRequestLog (HttpRequestLog.java:getRequestLog(86)) - Http request log for http.requests.ozoneManager is not defined
2023-05-23 10:24:35,555 [Listener at 127.0.0.1/15004] INFO  http.HttpServer2 (HttpServer2.java:addGlobalFilter(1031)) - Added global filter 'safety' (class=org.apache.hadoop.hdds.server.http.HttpServer2$QuotingInputFilter)
2023-05-23 10:24:35,556 [Listener at 127.0.0.1/15004] INFO  http.HttpServer2 (HttpServer2.java:addFilter(1007)) - Added filter static_user_filter (class=org.apache.hadoop.http.lib.StaticUserWebFilter$StaticUserFilter) to context ozoneManager
2023-05-23 10:24:35,556 [Listener at 127.0.0.1/15004] INFO  http.HttpServer2 (HttpServer2.java:addFilter(1015)) - Added filter static_user_filter (class=org.apache.hadoop.http.lib.StaticUserWebFilter$StaticUserFilter) to context static
2023-05-23 10:24:35,557 [Listener at 127.0.0.1/15004] INFO  http.HttpServer2 (HttpServer2.java:addFilter(1015)) - Added filter static_user_filter (class=org.apache.hadoop.http.lib.StaticUserWebFilter$StaticUserFilter) to context logs
2023-05-23 10:24:35,558 [Listener at 127.0.0.1/15004] INFO  http.BaseHttpServer (BaseHttpServer.java:<init>(190)) - HTTP server of ozoneManager uses base directory /home/runner/work/ozone/ozone/hadoop-ozone/integration-test/target/test-dir/MiniOzoneClusterImpl-95ea0607-12be-46e0-be72-f6ffafe0ad81/ozone-meta/webserver
2023-05-23 10:24:35,563 [Listener at 127.0.0.1/15004] INFO  http.HttpServer2 (HttpServer2.java:bindListener(1250)) - Jetty bound to port 15005
2023-05-23 10:24:35,564 [Listener at 127.0.0.1/15004] INFO  server.Server (Server.java:doStart(375)) - jetty-9.4.51.v20230217; built: 2023-02-17T08:19:37.309Z; git: b45c405e4544384de066f814ed42ae3dceacdd49; jvm 1.8.0_362-b09
2023-05-23 10:24:35,571 [Listener at 127.0.0.1/15004] INFO  server.session (DefaultSessionIdManager.java:doStart(334)) - DefaultSessionIdManager workerName=node0
2023-05-23 10:24:35,571 [Listener at 127.0.0.1/15004] INFO  server.session (DefaultSessionIdManager.java:doStart(339)) - No SessionScavenger set, using defaults
2023-05-23 10:24:35,571 [Listener at 127.0.0.1/15004] INFO  server.session (HouseKeeper.java:startScavenging(132)) - node0 Scavenging every 600000ms
2023-05-23 10:24:35,572 [Listener at 127.0.0.1/15004] INFO  handler.ContextHandler (ContextHandler.java:doStart(921)) - Started o.e.j.s.ServletContextHandler@7d97a67f{logs,/logs,file:///home/runner/work/ozone/ozone/hadoop-ozone/integration-test/target/log,AVAILABLE}
2023-05-23 10:24:35,573 [Listener at 127.0.0.1/15004] INFO  handler.ContextHandler (ContextHandler.java:doStart(921)) - Started o.e.j.s.ServletContextHandler@69f7a485{static,/static,file:///home/runner/work/ozone/ozone/hadoop-ozone/integration-test/target/test-classes/webapps/static,AVAILABLE}
2023-05-23 10:24:35,577 [Listener at 127.0.0.1/15004] INFO  handler.ContextHandler (ContextHandler.java:doStart(921)) - Started o.e.j.w.WebAppContext@3a76069d{ozoneManager,/,file:///home/runner/work/ozone/ozone/hadoop-ozone/integration-test/target/test-classes/webapps/ozoneManager/,AVAILABLE}{file:/home/runner/work/ozone/ozone/hadoop-ozone/integration-test/target/test-classes/webapps/ozoneManager}
2023-05-23 10:24:35,583 [Listener at 127.0.0.1/15004] INFO  server.AbstractConnector (AbstractConnector.java:doStart(333)) - Started ServerConnector@18f41faf{HTTP/1.1, (http/1.1)}{0.0.0.0:15005}
2023-05-23 10:24:35,584 [Listener at 127.0.0.1/15004] INFO  server.Server (Server.java:doStart(415)) - Started @8635ms
2023-05-23 10:24:35,584 [Listener at 127.0.0.1/15004] WARN  impl.MetricsSystemImpl (MetricsSystemImpl.java:register(279)) - Sink prometheus already exists!
2023-05-23 10:24:35,585 [Listener at 127.0.0.1/15004] INFO  http.BaseHttpServer (BaseHttpServer.java:updateConnectorAddress(344)) - HTTP server of ozoneManager listening at http://0.0.0.0:15005
2023-05-23 10:24:35,585 [IPC Server Responder] INFO  ipc.Server (Server.java:run(1558)) - IPC Server Responder: starting
2023-05-23 10:24:35,585 [IPC Server listener on 15004] INFO  ipc.Server (Server.java:run(1398)) - IPC Server listener on 15004: starting
2023-05-23 10:24:35,589 [Listener at 127.0.0.1/15004] INFO  om.OzoneManager (OzoneManager.java:startTrashEmptier(2095)) - Trash Interval set to 0. Files deleted won't move to trash
2023-05-23 10:24:35,601 [org.apache.hadoop.util.JvmPauseMonitor$Monitor@1afe291b] INFO  util.JvmPauseMonitor (JvmPauseMonitor.java:run(188)) - Starting JVM pause monitor
2023-05-23 10:24:35,759 [Listener at 127.0.0.1/15004] WARN  impl.MetricRegistriesImpl (MetricRegistriesImpl.java:addReporterRegistration(111)) - New reporters are added after registries were created. Some metrics will be missing from the reporter. Please add reporter before adding any new registry.
2023-05-23 10:24:35,760 [Listener at 127.0.0.1/15004] WARN  impl.MetricRegistriesImpl (MetricRegistriesImpl.java:addReporterRegistration(111)) - New reporters are added after registries were created. Some metrics will be missing from the reporter. Please add reporter before adding any new registry.
2023-05-23 10:24:35,760 [Listener at 127.0.0.1/15004] INFO  impl.MetricsSystemImpl (MetricsSystemImpl.java:init(158)) - HddsDatanode metrics system started (again)
2023-05-23 10:24:35,784 [Listener at 127.0.0.1/15004] INFO  ozone.HddsDatanodeService (HddsDatanodeService.java:start(252)) - HddsDatanodeService host:fv-az1249-304 ip:10.1.0.38
2023-05-23 10:24:35,832 [Listener at 127.0.0.1/15004] INFO  upgrade.AbstractLayoutVersionManager (AbstractLayoutVersionManager.java:init(83)) - Initializing Layout version manager with metadata layout = WEBUI_PORTS_IN_DATANODEDETAILS (version = 6), software layout = WEBUI_PORTS_IN_DATANODEDETAILS (version = 6)
2023-05-23 10:24:35,836 [Listener at 127.0.0.1/15004] INFO  statemachine.DatanodeStateMachine (DatanodeStateMachine.java:getEndPointTaskThreadPoolSize(267)) - Datanode State Machine Task Thread Pool size 2
2023-05-23 10:24:35,915 [Listener at 127.0.0.1/15004] INFO  volume.HddsVolume (HddsVolume.java:<init>(130)) - Creating HddsVolume: /home/runner/work/ozone/ozone/hadoop-ozone/integration-test/target/test-dir/MiniOzoneClusterImpl-95ea0607-12be-46e0-be72-f6ffafe0ad81/datanode-0/data-0/containers/hdds of storage type : DISK capacity : 9223372036854775807
2023-05-23 10:24:35,918 [Listener at 127.0.0.1/15004] INFO  volume.MutableVolumeSet (MutableVolumeSet.java:initializeVolumeSet(175)) - Added Volume : /home/runner/work/ozone/ozone/hadoop-ozone/integration-test/target/test-dir/MiniOzoneClusterImpl-95ea0607-12be-46e0-be72-f6ffafe0ad81/datanode-0/data-0/containers/hdds to VolumeSet
2023-05-23 10:24:35,918 [Listener at 127.0.0.1/15004] INFO  volume.ThrottledAsyncChecker (ThrottledAsyncChecker.java:schedule(141)) - Scheduling a check for /home/runner/work/ozone/ozone/hadoop-ozone/integration-test/target/test-dir/MiniOzoneClusterImpl-95ea0607-12be-46e0-be72-f6ffafe0ad81/datanode-0/data-0/containers/hdds
2023-05-23 10:24:35,939 [Listener at 127.0.0.1/15004] INFO  volume.StorageVolumeChecker (StorageVolumeChecker.java:checkAllVolumes(202)) - Scheduled health check for volume /home/runner/work/ozone/ozone/hadoop-ozone/integration-test/target/test-dir/MiniOzoneClusterImpl-95ea0607-12be-46e0-be72-f6ffafe0ad81/datanode-0/data-0/containers/hdds
2023-05-23 10:24:35,960 [Listener at 127.0.0.1/15004] INFO  volume.MutableVolumeSet (MutableVolumeSet.java:initializeVolumeSet(175)) - Added Volume : /home/runner/work/ozone/ozone/hadoop-ozone/integration-test/target/test-dir/MiniOzoneClusterImpl-95ea0607-12be-46e0-be72-f6ffafe0ad81/datanode-0/data/ratis to VolumeSet
2023-05-23 10:24:35,962 [Listener at 127.0.0.1/15004] INFO  volume.ThrottledAsyncChecker (ThrottledAsyncChecker.java:schedule(141)) - Scheduling a check for /home/runner/work/ozone/ozone/hadoop-ozone/integration-test/target/test-dir/MiniOzoneClusterImpl-95ea0607-12be-46e0-be72-f6ffafe0ad81/datanode-0/data/ratis
2023-05-23 10:24:35,962 [Listener at 127.0.0.1/15004] INFO  volume.StorageVolumeChecker (StorageVolumeChecker.java:checkAllVolumes(202)) - Scheduled health check for volume /home/runner/work/ozone/ozone/hadoop-ozone/integration-test/target/test-dir/MiniOzoneClusterImpl-95ea0607-12be-46e0-be72-f6ffafe0ad81/datanode-0/data/ratis
2023-05-23 10:24:35,988 [Thread-141] INFO  ozoneimpl.ContainerReader (ContainerReader.java:readVolume(175)) - Finish verifying containers on volume /home/runner/work/ozone/ozone/hadoop-ozone/integration-test/target/test-dir/MiniOzoneClusterImpl-95ea0607-12be-46e0-be72-f6ffafe0ad81/datanode-0/data-0/containers/hdds
2023-05-23 10:24:35,989 [Listener at 127.0.0.1/15004] INFO  ozoneimpl.OzoneContainer (OzoneContainer.java:buildContainerSet(303)) - Build ContainerSet costs 0s
2023-05-23 10:24:36,051 [Listener at 127.0.0.1/15004] INFO  audit.AuditLogger (AuditLogger.java:refreshDebugCmdSet(126)) - Refresh DebugCmdSet for DNAudit to [].
2023-05-23 10:24:36,089 [Listener at 127.0.0.1/15004] INFO  server.RaftServer (ConfUtils.java:logGet(46)) - raft.rpc.type = GRPC (default)
2023-05-23 10:24:36,092 [Listener at 127.0.0.1/15004] INFO  grpc.GrpcConfigKeys (ConfUtils.java:logFallback(53)) - raft.grpc.admin.host = null (fallback to raft.grpc.server.host)
2023-05-23 10:24:36,092 [Listener at 127.0.0.1/15004] INFO  grpc.GrpcConfigKeys (ConfUtils.java:logGet(46)) - raft.grpc.admin.port = 15012 (custom)
2023-05-23 10:24:36,097 [Listener at 127.0.0.1/15004] INFO  grpc.GrpcConfigKeys (ConfUtils.java:logFallback(53)) - raft.grpc.client.host = null (fallback to raft.grpc.server.host)
2023-05-23 10:24:36,098 [Listener at 127.0.0.1/15004] INFO  grpc.GrpcConfigKeys (ConfUtils.java:logGet(46)) - raft.grpc.client.port = 15011 (custom)
2023-05-23 10:24:36,098 [Listener at 127.0.0.1/15004] INFO  grpc.GrpcConfigKeys (ConfUtils.java:logGet(46)) - raft.grpc.server.host = null (default)
2023-05-23 10:24:36,098 [Listener at 127.0.0.1/15004] INFO  grpc.GrpcConfigKeys (ConfUtils.java:logGet(46)) - raft.grpc.server.port = 15013 (custom)
2023-05-23 10:24:36,098 [Listener at 127.0.0.1/15004] INFO  server.GrpcService (ConfUtils.java:logGet(46)) - raft.grpc.message.size.max = 32MB (=33554432) (custom)
2023-05-23 10:24:36,098 [Listener at 127.0.0.1/15004] INFO  server.RaftServerConfigKeys (ConfUtils.java:logGet(46)) - raft.server.log.appender.buffer.byte-limit = 33554432 (custom)
2023-05-23 10:24:36,099 [Listener at 127.0.0.1/15004] INFO  server.GrpcService (ConfUtils.java:logGet(46)) - raft.grpc.flow.control.window = 5MB (=5242880) (custom)
2023-05-23 10:24:36,099 [Listener at 127.0.0.1/15004] INFO  server.RaftServerConfigKeys (ConfUtils.java:logGet(46)) - raft.server.rpc.request.timeout = 60s (custom)
2023-05-23 10:24:36,099 [Listener at 127.0.0.1/15004] INFO  grpc.GrpcConfigKeys (ConfUtils.java:logGet(46)) - raft.grpc.server.heartbeat.channel = true (default)
2023-05-23 10:24:36,099 [Listener at 127.0.0.1/15004] INFO  grpc.GrpcConfigKeys (ConfUtils.java:logGet(46)) - raft.grpc.server.async.request.thread.pool.cached = true (default)
2023-05-23 10:24:36,099 [Listener at 127.0.0.1/15004] INFO  grpc.GrpcConfigKeys (ConfUtils.java:logGet(46)) - raft.grpc.server.async.request.thread.pool.size = 32 (default)
2023-05-23 10:24:36,102 [Listener at 127.0.0.1/15004] INFO  impl.DataStreamServerImpl (ConfUtils.java:logGet(46)) - raft.datastream.type = NETTY (custom)
2023-05-23 10:24:36,113 [Listener at 127.0.0.1/15004] INFO  server.RaftServerConfigKeys (ConfUtils.java:logGet(46)) - raft.server.data-stream.async.request.thread.pool.cached = false (default)
2023-05-23 10:24:36,113 [Listener at 127.0.0.1/15004] INFO  server.RaftServerConfigKeys (ConfUtils.java:logGet(46)) - raft.server.data-stream.async.request.thread.pool.size = 20 (custom)
2023-05-23 10:24:36,114 [Listener at 127.0.0.1/15004] INFO  server.RaftServerConfigKeys (ConfUtils.java:logGet(46)) - raft.server.data-stream.async.write.thread.pool.size = 16 (default)
2023-05-23 10:24:36,115 [Listener at 127.0.0.1/15004] INFO  server.RaftServerConfigKeys (ConfUtils.java:logGet(46)) - raft.server.data-stream.client.pool.size = 10 (default)
2023-05-23 10:24:36,118 [Listener at 127.0.0.1/15004] INFO  netty.NettyConfigKeys$DataStream (ConfUtils.java:logGet(46)) - raft.netty.dataStream.server.use-epoll = false (default)
2023-05-23 10:24:36,118 [Listener at 127.0.0.1/15004] INFO  netty.NettyConfigKeys$DataStream (ConfUtils.java:logGet(46)) - raft.netty.dataStream.server.boss-group.size = 0 (default)
2023-05-23 10:24:36,125 [Listener at 127.0.0.1/15004] INFO  netty.NettyConfigKeys$DataStream (ConfUtils.java:logGet(46)) - raft.netty.dataStream.server.worker-group.size = 0 (default)
2023-05-23 10:24:36,128 [Listener at 127.0.0.1/15004] INFO  netty.NettyConfigKeys$DataStream (ConfUtils.java:logGet(46)) - raft.netty.dataStream.server.tls.conf = null (default)
2023-05-23 10:24:36,129 [Listener at 127.0.0.1/15004] INFO  netty.NettyConfigKeys$DataStream (ConfUtils.java:logGet(46)) - raft.netty.dataStream.host = null (default)
2023-05-23 10:24:36,130 [Listener at 127.0.0.1/15004] INFO  netty.NettyConfigKeys$DataStream (ConfUtils.java:logGet(46)) - raft.netty.dataStream.port = 15014 (custom)
2023-05-23 10:24:36,139 [Listener at 127.0.0.1/15004] INFO  server.RaftServerConfigKeys (ConfUtils.java:logGet(46)) - raft.server.threadpool.proxy.cached = true (default)
2023-05-23 10:24:36,139 [Listener at 127.0.0.1/15004] INFO  server.RaftServerConfigKeys (ConfUtils.java:logGet(46)) - raft.server.threadpool.proxy.size = 0 (default)
2023-05-23 10:24:36,139 [Listener at 127.0.0.1/15004] INFO  server.RaftServerConfigKeys (ConfUtils.java:logGet(46)) - raft.server.rpc.slowness.timeout = 300s (custom)
2023-05-23 10:24:36,139 [Listener at 127.0.0.1/15004] INFO  server.RaftServerConfigKeys (ConfUtils.java:logGet(46)) - raft.server.leaderelection.leader.step-down.wait-time = 10s (default)
2023-05-23 10:24:36,139 [Listener at 127.0.0.1/15004] INFO  server.RaftServerConfigKeys (ConfUtils.java:logGet(46)) - raft.server.storage.dir = [/home/runner/work/ozone/ozone/hadoop-ozone/integration-test/target/test-dir/MiniOzoneClusterImpl-95ea0607-12be-46e0-be72-f6ffafe0ad81/datanode-0/data/ratis] (custom)
2023-05-23 10:24:36,167 [b2d3243d-5675-45e1-a91c-710d3aed9e7e-NettyServerStreamRpc-bossGroup--thread1] INFO  logging.LoggingHandler (AbstractInternalLogger.java:log(148)) - [id: 0x052e4914] REGISTERED
2023-05-23 10:24:36,168 [b2d3243d-5675-45e1-a91c-710d3aed9e7e-NettyServerStreamRpc-bossGroup--thread1] INFO  logging.LoggingHandler (AbstractInternalLogger.java:log(148)) - [id: 0x052e4914] BIND: 0.0.0.0/0.0.0.0:15014
2023-05-23 10:24:36,170 [b2d3243d-5675-45e1-a91c-710d3aed9e7e-NettyServerStreamRpc-bossGroup--thread1] INFO  logging.LoggingHandler (AbstractInternalLogger.java:log(148)) - [id: 0x052e4914, L:/0:0:0:0:0:0:0:0:15014] ACTIVE
2023-05-23 10:24:36,172 [Listener at 127.0.0.1/15004] INFO  server.XceiverServerGrpc (XceiverServerGrpc.java:<init>(132)) - GrpcServer channel type EpollServerSocketChannel
2023-05-23 10:24:36,210 [Listener at 127.0.0.1/15004] INFO  replication.ReplicationSupervisor (ReplicationSupervisor.java:nodeStateUpdated(296)) - Node state updated to IN_SERVICE, scaling executor pool size to 10
2023-05-23 10:24:36,261 [Listener at 127.0.0.1/15004] INFO  http.BaseHttpServer (BaseHttpServer.java:newHttpServer2BuilderForOzone(224)) - Starting Web-server for hddsDatanode at: http://0.0.0.0:15009
2023-05-23 10:24:36,261 [Listener at 127.0.0.1/15004] INFO  http.BaseHttpServer (BaseHttpServer.java:<init>(111)) - Hadoop Security Enabled: false Ozone Security Enabled: false Ozone HTTP Security Enabled: false 
2023-05-23 10:24:36,263 [Listener at 127.0.0.1/15004] WARN  server.AuthenticationFilter (AuthenticationFilter.java:constructSecretProvider(240)) - Unable to initialize FileSignerSecretProvider, falling back to use random secrets. Reason: Could not read signature secret file: /home/runner/hadoop-http-auth-signature-secret
2023-05-23 10:24:36,265 [Listener at 127.0.0.1/15004] INFO  http.HttpRequestLog (HttpRequestLog.java:getRequestLog(86)) - Http request log for http.requests.hddsDatanode is not defined
2023-05-23 10:24:36,267 [Listener at 127.0.0.1/15004] INFO  http.HttpServer2 (HttpServer2.java:addGlobalFilter(1031)) - Added global filter 'safety' (class=org.apache.hadoop.hdds.server.http.HttpServer2$QuotingInputFilter)
2023-05-23 10:24:36,267 [Listener at 127.0.0.1/15004] INFO  http.HttpServer2 (HttpServer2.java:addFilter(1007)) - Added filter static_user_filter (class=org.apache.hadoop.http.lib.StaticUserWebFilter$StaticUserFilter) to context hddsDatanode
2023-05-23 10:24:36,268 [Listener at 127.0.0.1/15004] INFO  http.HttpServer2 (HttpServer2.java:addFilter(1015)) - Added filter static_user_filter (class=org.apache.hadoop.http.lib.StaticUserWebFilter$StaticUserFilter) to context static
2023-05-23 10:24:36,268 [Listener at 127.0.0.1/15004] INFO  http.HttpServer2 (HttpServer2.java:addFilter(1015)) - Added filter static_user_filter (class=org.apache.hadoop.http.lib.StaticUserWebFilter$StaticUserFilter) to context logs
2023-05-23 10:24:36,268 [Listener at 127.0.0.1/15004] INFO  http.BaseHttpServer (BaseHttpServer.java:<init>(190)) - HTTP server of hddsDatanode uses base directory /home/runner/work/ozone/ozone/hadoop-ozone/integration-test/target/test-dir/MiniOzoneClusterImpl-95ea0607-12be-46e0-be72-f6ffafe0ad81/datanode-0/meta/webserver
2023-05-23 10:24:36,269 [Listener at 127.0.0.1/15004] INFO  http.HttpServer2 (HttpServer2.java:bindListener(1250)) - Jetty bound to port 15009
2023-05-23 10:24:36,269 [Listener at 127.0.0.1/15004] INFO  server.Server (Server.java:doStart(375)) - jetty-9.4.51.v20230217; built: 2023-02-17T08:19:37.309Z; git: b45c405e4544384de066f814ed42ae3dceacdd49; jvm 1.8.0_362-b09
2023-05-23 10:24:36,277 [Listener at 127.0.0.1/15004] INFO  server.session (DefaultSessionIdManager.java:doStart(334)) - DefaultSessionIdManager workerName=node0
2023-05-23 10:24:36,277 [Listener at 127.0.0.1/15004] INFO  server.session (DefaultSessionIdManager.java:doStart(339)) - No SessionScavenger set, using defaults
2023-05-23 10:24:36,277 [Listener at 127.0.0.1/15004] INFO  server.session (HouseKeeper.java:startScavenging(132)) - node0 Scavenging every 600000ms
2023-05-23 10:24:36,278 [Listener at 127.0.0.1/15004] INFO  handler.ContextHandler (ContextHandler.java:doStart(921)) - Started o.e.j.s.ServletContextHandler@387520f8{logs,/logs,file:///home/runner/work/ozone/ozone/hadoop-ozone/integration-test/target/log,AVAILABLE}
2023-05-23 10:24:36,278 [Listener at 127.0.0.1/15004] INFO  handler.ContextHandler (ContextHandler.java:doStart(921)) - Started o.e.j.s.ServletContextHandler@430dd691{static,/static,jar:file:/home/runner/.m2/repository/org/apache/ozone/hdds-container-service/1.4.0-SNAPSHOT/hdds-container-service-1.4.0-SNAPSHOT.jar!/webapps/static,AVAILABLE}
2023-05-23 10:24:36,516 [ReplicationMonitor] INFO  replication.ReplicationManager (ReplicationManager.java:processAll(375)) - Replication Manager is not ready to run until 3000ms after safemode exit
2023-05-23 10:24:36,536 [Listener at 127.0.0.1/15004] INFO  handler.ContextHandler (ContextHandler.java:doStart(921)) - Started o.e.j.w.WebAppContext@2717be25{hddsDatanode,/,file:///home/runner/work/ozone/ozone/hadoop-ozone/integration-test/target/test-dir/MiniOzoneClusterImpl-95ea0607-12be-46e0-be72-f6ffafe0ad81/datanode-0/meta/webserver/jetty-0_0_0_0-15009-hdds-container-service-1_4_0-SNAPSHOT_jar-_-any-5925952161985523482/webapp/,AVAILABLE}{jar:file:/home/runner/.m2/repository/org/apache/ozone/hdds-container-service/1.4.0-SNAPSHOT/hdds-container-service-1.4.0-SNAPSHOT.jar!/webapps/hddsDatanode}
2023-05-23 10:24:36,538 [Listener at 127.0.0.1/15004] INFO  server.AbstractConnector (AbstractConnector.java:doStart(333)) - Started ServerConnector@20b3a94d{HTTP/1.1, (http/1.1)}{0.0.0.0:15009}
2023-05-23 10:24:36,538 [Listener at 127.0.0.1/15004] INFO  server.Server (Server.java:doStart(415)) - Started @9590ms
2023-05-23 10:24:36,538 [Listener at 127.0.0.1/15004] WARN  impl.MetricsSystemImpl (MetricsSystemImpl.java:register(279)) - Sink prometheus already exists!
2023-05-23 10:24:36,539 [Listener at 127.0.0.1/15004] INFO  http.BaseHttpServer (BaseHttpServer.java:updateConnectorAddress(344)) - HTTP server of hddsDatanode listening at http://0.0.0.0:15009
2023-05-23 10:24:36,545 [Listener at 127.0.0.1/15004] WARN  impl.MetricRegistriesImpl (MetricRegistriesImpl.java:addReporterRegistration(111)) - New reporters are added after registries were created. Some metrics will be missing from the reporter. Please add reporter before adding any new registry.
2023-05-23 10:24:36,545 [Listener at 127.0.0.1/15004] WARN  impl.MetricRegistriesImpl (MetricRegistriesImpl.java:addReporterRegistration(111)) - New reporters are added after registries were created. Some metrics will be missing from the reporter. Please add reporter before adding any new registry.
2023-05-23 10:24:36,545 [Listener at 127.0.0.1/15004] INFO  impl.MetricsSystemImpl (MetricsSystemImpl.java:init(158)) - HddsDatanode metrics system started (again)
2023-05-23 10:24:36,550 [Datanode State Machine Daemon Thread] INFO  statemachine.DatanodeStateMachine (DatanodeStateMachine.java:lambda$startDaemon$0(524)) - Ozone container server started.
2023-05-23 10:24:36,551 [om1@group-C5BA1605619E-FollowerState] INFO  impl.FollowerState (FollowerState.java:run(143)) - om1@group-C5BA1605619E-FollowerState: change to CANDIDATE, lastRpcElapsedTime:1098906719ns, electionTimeout:1090ms
2023-05-23 10:24:36,552 [om1@group-C5BA1605619E-FollowerState] INFO  impl.RoleInfo (RoleInfo.java:shutdownFollowerState(110)) - om1: shutdown om1@group-C5BA1605619E-FollowerState
2023-05-23 10:24:36,553 [om1@group-C5BA1605619E-FollowerState] INFO  server.RaftServer$Division (RaftServerImpl.java:setRole(329)) - om1@group-C5BA1605619E: changes role from  FOLLOWER to CANDIDATE at term 0 for changeToCandidate
2023-05-23 10:24:36,565 [om1@group-C5BA1605619E-FollowerState] INFO  server.RaftServerConfigKeys (ConfUtils.java:logGet(46)) - raft.server.leaderelection.pre-vote = true (default)
2023-05-23 10:24:36,565 [om1@group-C5BA1605619E-FollowerState] INFO  impl.RoleInfo (RoleInfo.java:updateAndGet(139)) - om1: start om1@group-C5BA1605619E-LeaderElection1
2023-05-23 10:24:36,568 [Listener at 127.0.0.1/15004] INFO  ozone.HddsDatanodeService (HddsDatanodeService.java:start(252)) - HddsDatanodeService host:fv-az1249-304 ip:10.1.0.38
2023-05-23 10:24:36,579 [org.apache.hadoop.util.JvmPauseMonitor$Monitor@517d2b98] INFO  util.JvmPauseMonitor (JvmPauseMonitor.java:run(188)) - Starting JVM pause monitor
2023-05-23 10:24:36,585 [om1@group-C5BA1605619E-LeaderElection1] INFO  impl.LeaderElection (LeaderElection.java:askForVotes(321)) - om1@group-C5BA1605619E-LeaderElection1 PRE_VOTE round 0: submit vote requests at term 0 for -1: peers:[om1|rpc:localhost:15007|priority:0|startupRole:FOLLOWER]|listeners:[], old=null
2023-05-23 10:24:36,587 [om1@group-C5BA1605619E-LeaderElection1] INFO  impl.LeaderElection (LeaderElection.java:askForVotes(323)) - om1@group-C5BA1605619E-LeaderElection1 PRE_VOTE round 0: result PASSED (term=0)
2023-05-23 10:24:36,589 [om1@group-C5BA1605619E-LeaderElection1] INFO  impl.LeaderElection (LeaderElection.java:askForVotes(321)) - om1@group-C5BA1605619E-LeaderElection1 ELECTION round 0: submit vote requests at term 1 for -1: peers:[om1|rpc:localhost:15007|priority:0|startupRole:FOLLOWER]|listeners:[], old=null
2023-05-23 10:24:36,589 [om1@group-C5BA1605619E-LeaderElection1] INFO  impl.LeaderElection (LeaderElection.java:askForVotes(323)) - om1@group-C5BA1605619E-LeaderElection1 ELECTION round 0: result PASSED (term=1)
2023-05-23 10:24:36,589 [om1@group-C5BA1605619E-LeaderElection1] INFO  impl.RoleInfo (RoleInfo.java:shutdownLeaderElection(130)) - om1: shutdown om1@group-C5BA1605619E-LeaderElection1
2023-05-23 10:24:36,589 [om1@group-C5BA1605619E-LeaderElection1] INFO  server.RaftServer$Division (RaftServerImpl.java:setRole(329)) - om1@group-C5BA1605619E: changes role from CANDIDATE to LEADER at term 1 for changeToLeader
2023-05-23 10:24:36,594 [om1@group-C5BA1605619E-LeaderElection1] INFO  server.RaftServer$Division (ServerState.java:setLeader(317)) - om1@group-C5BA1605619E: change Leader from null to om1 at term 1 for becomeLeader, leader elected after 2549ms
2023-05-23 10:24:36,605 [Listener at 127.0.0.1/15004] INFO  upgrade.AbstractLayoutVersionManager (AbstractLayoutVersionManager.java:init(83)) - Initializing Layout version manager with metadata layout = WEBUI_PORTS_IN_DATANODEDETAILS (version = 6), software layout = WEBUI_PORTS_IN_DATANODEDETAILS (version = 6)
2023-05-23 10:24:36,607 [Listener at 127.0.0.1/15004] INFO  statemachine.DatanodeStateMachine (DatanodeStateMachine.java:getEndPointTaskThreadPoolSize(267)) - Datanode State Machine Task Thread Pool size 2
2023-05-23 10:24:36,607 [om1@group-C5BA1605619E-LeaderElection1] INFO  server.RaftServerConfigKeys (ConfUtils.java:logGet(46)) - raft.server.staging.catchup.gap = 1000 (default)
2023-05-23 10:24:36,613 [om1@group-C5BA1605619E-LeaderElection1] INFO  server.RaftServerConfigKeys (ConfUtils.java:logGet(46)) - raft.server.write.element-limit = 4096 (default)
2023-05-23 10:24:36,614 [Listener at 127.0.0.1/15004] INFO  volume.HddsVolume (HddsVolume.java:<init>(130)) - Creating HddsVolume: /home/runner/work/ozone/ozone/hadoop-ozone/integration-test/target/test-dir/MiniOzoneClusterImpl-95ea0607-12be-46e0-be72-f6ffafe0ad81/datanode-1/data-0/containers/hdds of storage type : DISK capacity : 9223372036854775807
2023-05-23 10:24:36,615 [om1@group-C5BA1605619E-LeaderElection1] INFO  server.RaftServerConfigKeys (ConfUtils.java:logGet(46)) - raft.server.write.byte-limit = 64MB (=67108864) (default)
2023-05-23 10:24:36,616 [Listener at 127.0.0.1/15004] INFO  volume.MutableVolumeSet (MutableVolumeSet.java:initializeVolumeSet(175)) - Added Volume : /home/runner/work/ozone/ozone/hadoop-ozone/integration-test/target/test-dir/MiniOzoneClusterImpl-95ea0607-12be-46e0-be72-f6ffafe0ad81/datanode-1/data-0/containers/hdds to VolumeSet
2023-05-23 10:24:36,616 [Listener at 127.0.0.1/15004] INFO  volume.ThrottledAsyncChecker (ThrottledAsyncChecker.java:schedule(141)) - Scheduling a check for /home/runner/work/ozone/ozone/hadoop-ozone/integration-test/target/test-dir/MiniOzoneClusterImpl-95ea0607-12be-46e0-be72-f6ffafe0ad81/datanode-1/data-0/containers/hdds
2023-05-23 10:24:36,619 [om1@group-C5BA1605619E-LeaderElection1] INFO  server.RaftServerConfigKeys (ConfUtils.java:logGet(46)) - raft.server.watch.timeout = 10s (default)
2023-05-23 10:24:36,620 [om1@group-C5BA1605619E-LeaderElection1] INFO  server.RaftServerConfigKeys (ConfUtils.java:logGet(46)) - raft.server.watch.timeout.denomination = 1s (default)
2023-05-23 10:24:36,620 [om1@group-C5BA1605619E-LeaderElection1] INFO  server.RaftServerConfigKeys (ConfUtils.java:logGet(46)) - raft.server.watch.element-limit = 65536 (default)
2023-05-23 10:24:36,626 [om1@group-C5BA1605619E-LeaderElection1] INFO  server.RaftServerConfigKeys (ConfUtils.java:logGet(46)) - raft.server.write.element-limit = 4096 (default)
2023-05-23 10:24:36,628 [om1@group-C5BA1605619E-LeaderElection1] INFO  server.RaftServerConfigKeys (ConfUtils.java:logGet(46)) - raft.server.write.follower.gap.ratio.max = -1.0 (default)
2023-05-23 10:24:36,629 [om1@group-C5BA1605619E-LeaderElection1] INFO  impl.RoleInfo (RoleInfo.java:updateAndGet(139)) - om1: start om1@group-C5BA1605619E-LeaderStateImpl
2023-05-23 10:24:36,632 [Listener at 127.0.0.1/15004] INFO  volume.StorageVolumeChecker (StorageVolumeChecker.java:checkAllVolumes(202)) - Scheduled health check for volume /home/runner/work/ozone/ozone/hadoop-ozone/integration-test/target/test-dir/MiniOzoneClusterImpl-95ea0607-12be-46e0-be72-f6ffafe0ad81/datanode-1/data-0/containers/hdds
2023-05-23 10:24:36,658 [Listener at 127.0.0.1/15004] INFO  volume.MutableVolumeSet (MutableVolumeSet.java:initializeVolumeSet(175)) - Added Volume : /home/runner/work/ozone/ozone/hadoop-ozone/integration-test/target/test-dir/MiniOzoneClusterImpl-95ea0607-12be-46e0-be72-f6ffafe0ad81/datanode-1/data/ratis to VolumeSet
2023-05-23 10:24:36,658 [Listener at 127.0.0.1/15004] INFO  volume.ThrottledAsyncChecker (ThrottledAsyncChecker.java:schedule(141)) - Scheduling a check for /home/runner/work/ozone/ozone/hadoop-ozone/integration-test/target/test-dir/MiniOzoneClusterImpl-95ea0607-12be-46e0-be72-f6ffafe0ad81/datanode-1/data/ratis
2023-05-23 10:24:36,658 [Listener at 127.0.0.1/15004] INFO  volume.StorageVolumeChecker (StorageVolumeChecker.java:checkAllVolumes(202)) - Scheduled health check for volume /home/runner/work/ozone/ozone/hadoop-ozone/integration-test/target/test-dir/MiniOzoneClusterImpl-95ea0607-12be-46e0-be72-f6ffafe0ad81/datanode-1/data/ratis
2023-05-23 10:24:36,692 [om1@group-C5BA1605619E-LeaderElection1] INFO  segmented.SegmentedRaftLogWorker (SegmentedRaftLogWorker.java:startLogSegment(447)) - om1@group-C5BA1605619E-SegmentedRaftLogWorker: Starting segment from index:0
2023-05-23 10:24:36,701 [Thread-157] INFO  ozoneimpl.ContainerReader (ContainerReader.java:readVolume(175)) - Finish verifying containers on volume /home/runner/work/ozone/ozone/hadoop-ozone/integration-test/target/test-dir/MiniOzoneClusterImpl-95ea0607-12be-46e0-be72-f6ffafe0ad81/datanode-1/data-0/containers/hdds
2023-05-23 10:24:36,701 [Listener at 127.0.0.1/15004] INFO  ozoneimpl.OzoneContainer (OzoneContainer.java:buildContainerSet(303)) - Build ContainerSet costs 0s
2023-05-23 10:24:36,717 [Listener at 127.0.0.1/15004] INFO  server.RaftServer (ConfUtils.java:logGet(46)) - raft.rpc.type = GRPC (default)
2023-05-23 10:24:36,717 [Listener at 127.0.0.1/15004] INFO  grpc.GrpcConfigKeys (ConfUtils.java:logFallback(53)) - raft.grpc.admin.host = null (fallback to raft.grpc.server.host)
2023-05-23 10:24:36,717 [Listener at 127.0.0.1/15004] INFO  grpc.GrpcConfigKeys (ConfUtils.java:logGet(46)) - raft.grpc.admin.port = 15020 (custom)
2023-05-23 10:24:36,717 [Listener at 127.0.0.1/15004] INFO  grpc.GrpcConfigKeys (ConfUtils.java:logFallback(53)) - raft.grpc.client.host = null (fallback to raft.grpc.server.host)
2023-05-23 10:24:36,720 [Listener at 127.0.0.1/15004] INFO  grpc.GrpcConfigKeys (ConfUtils.java:logGet(46)) - raft.grpc.client.port = 15019 (custom)
2023-05-23 10:24:36,720 [Listener at 127.0.0.1/15004] INFO  grpc.GrpcConfigKeys (ConfUtils.java:logGet(46)) - raft.grpc.server.host = null (default)
2023-05-23 10:24:36,720 [Listener at 127.0.0.1/15004] INFO  grpc.GrpcConfigKeys (ConfUtils.java:logGet(46)) - raft.grpc.server.port = 15021 (custom)
2023-05-23 10:24:36,720 [Listener at 127.0.0.1/15004] INFO  server.GrpcService (ConfUtils.java:logGet(46)) - raft.grpc.message.size.max = 32MB (=33554432) (custom)
2023-05-23 10:24:36,720 [Listener at 127.0.0.1/15004] INFO  server.RaftServerConfigKeys (ConfUtils.java:logGet(46)) - raft.server.log.appender.buffer.byte-limit = 33554432 (custom)
2023-05-23 10:24:36,720 [Listener at 127.0.0.1/15004] INFO  server.GrpcService (ConfUtils.java:logGet(46)) - raft.grpc.flow.control.window = 5MB (=5242880) (custom)
2023-05-23 10:24:36,721 [Listener at 127.0.0.1/15004] INFO  server.RaftServerConfigKeys (ConfUtils.java:logGet(46)) - raft.server.rpc.request.timeout = 60s (custom)
2023-05-23 10:24:36,721 [Listener at 127.0.0.1/15004] INFO  grpc.GrpcConfigKeys (ConfUtils.java:logGet(46)) - raft.grpc.server.heartbeat.channel = true (default)
2023-05-23 10:24:36,721 [Listener at 127.0.0.1/15004] INFO  grpc.GrpcConfigKeys (ConfUtils.java:logGet(46)) - raft.grpc.server.async.request.thread.pool.cached = true (default)
2023-05-23 10:24:36,721 [Listener at 127.0.0.1/15004] INFO  grpc.GrpcConfigKeys (ConfUtils.java:logGet(46)) - raft.grpc.server.async.request.thread.pool.size = 32 (default)
2023-05-23 10:24:36,737 [Listener at 127.0.0.1/15004] INFO  impl.DataStreamServerImpl (ConfUtils.java:logGet(46)) - raft.datastream.type = NETTY (custom)
2023-05-23 10:24:36,737 [Listener at 127.0.0.1/15004] INFO  server.RaftServerConfigKeys (ConfUtils.java:logGet(46)) - raft.server.data-stream.async.request.thread.pool.cached = false (default)
2023-05-23 10:24:36,738 [Listener at 127.0.0.1/15004] INFO  server.RaftServerConfigKeys (ConfUtils.java:logGet(46)) - raft.server.data-stream.async.request.thread.pool.size = 20 (custom)
2023-05-23 10:24:36,738 [Listener at 127.0.0.1/15004] INFO  server.RaftServerConfigKeys (ConfUtils.java:logGet(46)) - raft.server.data-stream.async.write.thread.pool.size = 16 (default)
2023-05-23 10:24:36,739 [Listener at 127.0.0.1/15004] INFO  server.RaftServerConfigKeys (ConfUtils.java:logGet(46)) - raft.server.data-stream.client.pool.size = 10 (default)
2023-05-23 10:24:36,739 [Listener at 127.0.0.1/15004] INFO  netty.NettyConfigKeys$DataStream (ConfUtils.java:logGet(46)) - raft.netty.dataStream.server.use-epoll = false (default)
2023-05-23 10:24:36,739 [Listener at 127.0.0.1/15004] INFO  netty.NettyConfigKeys$DataStream (ConfUtils.java:logGet(46)) - raft.netty.dataStream.server.boss-group.size = 0 (default)
2023-05-23 10:24:36,741 [Listener at 127.0.0.1/15004] INFO  netty.NettyConfigKeys$DataStream (ConfUtils.java:logGet(46)) - raft.netty.dataStream.server.worker-group.size = 0 (default)
2023-05-23 10:24:36,743 [Listener at 127.0.0.1/15004] INFO  netty.NettyConfigKeys$DataStream (ConfUtils.java:logGet(46)) - raft.netty.dataStream.server.tls.conf = null (default)
2023-05-23 10:24:36,743 [Listener at 127.0.0.1/15004] INFO  netty.NettyConfigKeys$DataStream (ConfUtils.java:logGet(46)) - raft.netty.dataStream.host = null (default)
2023-05-23 10:24:36,744 [Listener at 127.0.0.1/15004] INFO  netty.NettyConfigKeys$DataStream (ConfUtils.java:logGet(46)) - raft.netty.dataStream.port = 15022 (custom)
2023-05-23 10:24:36,753 [Listener at 127.0.0.1/15004] INFO  server.RaftServerConfigKeys (ConfUtils.java:logGet(46)) - raft.server.threadpool.proxy.cached = true (default)
2023-05-23 10:24:36,753 [Listener at 127.0.0.1/15004] INFO  server.RaftServerConfigKeys (ConfUtils.java:logGet(46)) - raft.server.threadpool.proxy.size = 0 (default)
2023-05-23 10:24:36,753 [Listener at 127.0.0.1/15004] INFO  server.RaftServerConfigKeys (ConfUtils.java:logGet(46)) - raft.server.rpc.slowness.timeout = 300s (custom)
2023-05-23 10:24:36,753 [Listener at 127.0.0.1/15004] INFO  server.RaftServerConfigKeys (ConfUtils.java:logGet(46)) - raft.server.leaderelection.leader.step-down.wait-time = 10s (default)
2023-05-23 10:24:36,753 [Listener at 127.0.0.1/15004] INFO  server.RaftServerConfigKeys (ConfUtils.java:logGet(46)) - raft.server.storage.dir = [/home/runner/work/ozone/ozone/hadoop-ozone/integration-test/target/test-dir/MiniOzoneClusterImpl-95ea0607-12be-46e0-be72-f6ffafe0ad81/datanode-1/data/ratis] (custom)
2023-05-23 10:24:36,762 [6a8c5c8c-0ee8-4287-ac95-4d490c63ac6c-NettyServerStreamRpc-bossGroup--thread1] INFO  logging.LoggingHandler (AbstractInternalLogger.java:log(148)) - [id: 0x655e75e2] REGISTERED
2023-05-23 10:24:36,762 [6a8c5c8c-0ee8-4287-ac95-4d490c63ac6c-NettyServerStreamRpc-bossGroup--thread1] INFO  logging.LoggingHandler (AbstractInternalLogger.java:log(148)) - [id: 0x655e75e2] BIND: 0.0.0.0/0.0.0.0:15022
2023-05-23 10:24:36,764 [6a8c5c8c-0ee8-4287-ac95-4d490c63ac6c-NettyServerStreamRpc-bossGroup--thread1] INFO  logging.LoggingHandler (AbstractInternalLogger.java:log(148)) - [id: 0x655e75e2, L:/0:0:0:0:0:0:0:0:15022] ACTIVE
2023-05-23 10:24:36,770 [Listener at 127.0.0.1/15004] INFO  server.XceiverServerGrpc (XceiverServerGrpc.java:<init>(132)) - GrpcServer channel type EpollServerSocketChannel
2023-05-23 10:24:36,772 [Listener at 127.0.0.1/15004] INFO  replication.ReplicationSupervisor (ReplicationSupervisor.java:nodeStateUpdated(296)) - Node state updated to IN_SERVICE, scaling executor pool size to 10
2023-05-23 10:24:36,787 [om1@group-C5BA1605619E-LeaderElection1] INFO  server.RaftServer$Division (ServerState.java:setRaftConf(434)) - om1@group-C5BA1605619E: set configuration 0: peers:[om1|rpc:localhost:15007|admin:|client:|dataStream:|priority:0|startupRole:FOLLOWER]|listeners:[], old=null
2023-05-23 10:24:36,788 [Listener at 127.0.0.1/15004] INFO  http.BaseHttpServer (BaseHttpServer.java:newHttpServer2BuilderForOzone(224)) - Starting Web-server for hddsDatanode at: http://0.0.0.0:15017
2023-05-23 10:24:36,789 [Listener at 127.0.0.1/15004] INFO  http.BaseHttpServer (BaseHttpServer.java:<init>(111)) - Hadoop Security Enabled: false Ozone Security Enabled: false Ozone HTTP Security Enabled: false 
2023-05-23 10:24:36,793 [Listener at 127.0.0.1/15004] WARN  server.AuthenticationFilter (AuthenticationFilter.java:constructSecretProvider(240)) - Unable to initialize FileSignerSecretProvider, falling back to use random secrets. Reason: Could not read signature secret file: /home/runner/hadoop-http-auth-signature-secret
2023-05-23 10:24:36,793 [Listener at 127.0.0.1/15004] INFO  http.HttpRequestLog (HttpRequestLog.java:getRequestLog(86)) - Http request log for http.requests.hddsDatanode is not defined
2023-05-23 10:24:36,795 [Listener at 127.0.0.1/15004] INFO  http.HttpServer2 (HttpServer2.java:addGlobalFilter(1031)) - Added global filter 'safety' (class=org.apache.hadoop.hdds.server.http.HttpServer2$QuotingInputFilter)
2023-05-23 10:24:36,796 [Listener at 127.0.0.1/15004] INFO  http.HttpServer2 (HttpServer2.java:addFilter(1007)) - Added filter static_user_filter (class=org.apache.hadoop.http.lib.StaticUserWebFilter$StaticUserFilter) to context hddsDatanode
2023-05-23 10:24:36,796 [Listener at 127.0.0.1/15004] INFO  http.HttpServer2 (HttpServer2.java:addFilter(1015)) - Added filter static_user_filter (class=org.apache.hadoop.http.lib.StaticUserWebFilter$StaticUserFilter) to context logs
2023-05-23 10:24:36,796 [Listener at 127.0.0.1/15004] INFO  http.HttpServer2 (HttpServer2.java:addFilter(1015)) - Added filter static_user_filter (class=org.apache.hadoop.http.lib.StaticUserWebFilter$StaticUserFilter) to context static
2023-05-23 10:24:36,797 [Listener at 127.0.0.1/15004] INFO  http.BaseHttpServer (BaseHttpServer.java:<init>(190)) - HTTP server of hddsDatanode uses base directory /home/runner/work/ozone/ozone/hadoop-ozone/integration-test/target/test-dir/MiniOzoneClusterImpl-95ea0607-12be-46e0-be72-f6ffafe0ad81/datanode-1/meta/webserver
2023-05-23 10:24:36,797 [Listener at 127.0.0.1/15004] INFO  http.HttpServer2 (HttpServer2.java:bindListener(1250)) - Jetty bound to port 15017
2023-05-23 10:24:36,797 [Listener at 127.0.0.1/15004] INFO  server.Server (Server.java:doStart(375)) - jetty-9.4.51.v20230217; built: 2023-02-17T08:19:37.309Z; git: b45c405e4544384de066f814ed42ae3dceacdd49; jvm 1.8.0_362-b09
2023-05-23 10:24:36,801 [Listener at 127.0.0.1/15004] INFO  server.session (DefaultSessionIdManager.java:doStart(334)) - DefaultSessionIdManager workerName=node0
2023-05-23 10:24:36,802 [Listener at 127.0.0.1/15004] INFO  server.session (DefaultSessionIdManager.java:doStart(339)) - No SessionScavenger set, using defaults
2023-05-23 10:24:36,802 [Listener at 127.0.0.1/15004] INFO  server.session (HouseKeeper.java:startScavenging(132)) - node0 Scavenging every 660000ms
2023-05-23 10:24:36,803 [Listener at 127.0.0.1/15004] INFO  handler.ContextHandler (ContextHandler.java:doStart(921)) - Started o.e.j.s.ServletContextHandler@6ee2ba80{logs,/logs,file:///home/runner/work/ozone/ozone/hadoop-ozone/integration-test/target/log,AVAILABLE}
2023-05-23 10:24:36,803 [Listener at 127.0.0.1/15004] INFO  handler.ContextHandler (ContextHandler.java:doStart(921)) - Started o.e.j.s.ServletContextHandler@48141eeb{static,/static,jar:file:/home/runner/.m2/repository/org/apache/ozone/hdds-container-service/1.4.0-SNAPSHOT/hdds-container-service-1.4.0-SNAPSHOT.jar!/webapps/static,AVAILABLE}
2023-05-23 10:24:36,905 [Datanode State Machine Task Thread - 0] INFO  datanode.InitDatanodeState (InitDatanodeState.java:persistContainerDatanodeDetails(138)) - DatanodeDetails is persisted to /home/runner/work/ozone/ozone/hadoop-ozone/integration-test/target/test-dir/MiniOzoneClusterImpl-95ea0607-12be-46e0-be72-f6ffafe0ad81/datanode-0/meta/datanode.id
2023-05-23 10:24:36,918 [om1@group-C5BA1605619E-SegmentedRaftLogWorker] INFO  segmented.SegmentedRaftLogWorker (SegmentedRaftLogWorker.java:execute(651)) - om1@group-C5BA1605619E-SegmentedRaftLogWorker: created new log segment /home/runner/work/ozone/ozone/hadoop-ozone/integration-test/target/test-dir/MiniOzoneClusterImpl-95ea0607-12be-46e0-be72-f6ffafe0ad81/ozone-meta/ratis/bf265839-605b-3f16-9796-c5ba1605619e/current/log_inprogress_0
2023-05-23 10:24:37,112 [om1@group-C5BA1605619E-StateMachineUpdater] INFO  ratis.OzoneManagerStateMachine (OzoneManagerStateMachine.java:notifyConfigurationChanged(201)) - Received Configuration change notification from Ratis. New Peer list:
[id: "om1"
address: "localhost:15007"
startupRole: FOLLOWER
]
2023-05-23 10:24:37,131 [Listener at 127.0.0.1/15004] INFO  handler.ContextHandler (ContextHandler.java:doStart(921)) - Started o.e.j.w.WebAppContext@43b5dd6d{hddsDatanode,/,file:///home/runner/work/ozone/ozone/hadoop-ozone/integration-test/target/test-dir/MiniOzoneClusterImpl-95ea0607-12be-46e0-be72-f6ffafe0ad81/datanode-1/meta/webserver/jetty-0_0_0_0-15017-hdds-container-service-1_4_0-SNAPSHOT_jar-_-any-5296593519483368006/webapp/,AVAILABLE}{jar:file:/home/runner/.m2/repository/org/apache/ozone/hdds-container-service/1.4.0-SNAPSHOT/hdds-container-service-1.4.0-SNAPSHOT.jar!/webapps/hddsDatanode}
2023-05-23 10:24:37,133 [Listener at 127.0.0.1/15004] INFO  server.AbstractConnector (AbstractConnector.java:doStart(333)) - Started ServerConnector@1c13fcc7{HTTP/1.1, (http/1.1)}{0.0.0.0:15017}
2023-05-23 10:24:37,133 [Listener at 127.0.0.1/15004] INFO  server.Server (Server.java:doStart(415)) - Started @10185ms
2023-05-23 10:24:37,133 [Listener at 127.0.0.1/15004] WARN  impl.MetricsSystemImpl (MetricsSystemImpl.java:register(279)) - Sink prometheus already exists!
2023-05-23 10:24:37,134 [Listener at 127.0.0.1/15004] INFO  http.BaseHttpServer (BaseHttpServer.java:updateConnectorAddress(344)) - HTTP server of hddsDatanode listening at http://0.0.0.0:15017
2023-05-23 10:24:37,134 [Listener at 127.0.0.1/15004] WARN  impl.MetricRegistriesImpl (MetricRegistriesImpl.java:addReporterRegistration(111)) - New reporters are added after registries were created. Some metrics will be missing from the reporter. Please add reporter before adding any new registry.
2023-05-23 10:24:37,134 [Listener at 127.0.0.1/15004] WARN  impl.MetricRegistriesImpl (MetricRegistriesImpl.java:addReporterRegistration(111)) - New reporters are added after registries were created. Some metrics will be missing from the reporter. Please add reporter before adding any new registry.
2023-05-23 10:24:37,134 [Listener at 127.0.0.1/15004] INFO  impl.MetricsSystemImpl (MetricsSystemImpl.java:init(158)) - HddsDatanode metrics system started (again)
2023-05-23 10:24:37,141 [Datanode State Machine Daemon Thread] INFO  statemachine.DatanodeStateMachine (DatanodeStateMachine.java:lambda$startDaemon$0(524)) - Ozone container server started.
2023-05-23 10:24:37,156 [org.apache.hadoop.util.JvmPauseMonitor$Monitor@11164289] INFO  util.JvmPauseMonitor (JvmPauseMonitor.java:run(188)) - Starting JVM pause monitor
2023-05-23 10:24:37,168 [Listener at 127.0.0.1/15004] INFO  ozone.HddsDatanodeService (HddsDatanodeService.java:start(252)) - HddsDatanodeService host:fv-az1249-304 ip:10.1.0.38
2023-05-23 10:24:37,167 [Datanode State Machine Task Thread - 0] INFO  datanode.InitDatanodeState (InitDatanodeState.java:persistContainerDatanodeDetails(138)) - DatanodeDetails is persisted to /home/runner/work/ozone/ozone/hadoop-ozone/integration-test/target/test-dir/MiniOzoneClusterImpl-95ea0607-12be-46e0-be72-f6ffafe0ad81/datanode-1/meta/datanode.id
2023-05-23 10:24:37,205 [Listener at 127.0.0.1/15004] INFO  upgrade.AbstractLayoutVersionManager (AbstractLayoutVersionManager.java:init(83)) - Initializing Layout version manager with metadata layout = WEBUI_PORTS_IN_DATANODEDETAILS (version = 6), software layout = WEBUI_PORTS_IN_DATANODEDETAILS (version = 6)
2023-05-23 10:24:37,208 [Listener at 127.0.0.1/15004] INFO  statemachine.DatanodeStateMachine (DatanodeStateMachine.java:getEndPointTaskThreadPoolSize(267)) - Datanode State Machine Task Thread Pool size 2
2023-05-23 10:24:37,212 [Listener at 127.0.0.1/15004] INFO  volume.HddsVolume (HddsVolume.java:<init>(130)) - Creating HddsVolume: /home/runner/work/ozone/ozone/hadoop-ozone/integration-test/target/test-dir/MiniOzoneClusterImpl-95ea0607-12be-46e0-be72-f6ffafe0ad81/datanode-2/data-0/containers/hdds of storage type : DISK capacity : 9223372036854775807
2023-05-23 10:24:37,212 [Listener at 127.0.0.1/15004] INFO  volume.MutableVolumeSet (MutableVolumeSet.java:initializeVolumeSet(175)) - Added Volume : /home/runner/work/ozone/ozone/hadoop-ozone/integration-test/target/test-dir/MiniOzoneClusterImpl-95ea0607-12be-46e0-be72-f6ffafe0ad81/datanode-2/data-0/containers/hdds to VolumeSet
2023-05-23 10:24:37,212 [Listener at 127.0.0.1/15004] INFO  volume.ThrottledAsyncChecker (ThrottledAsyncChecker.java:schedule(141)) - Scheduling a check for /home/runner/work/ozone/ozone/hadoop-ozone/integration-test/target/test-dir/MiniOzoneClusterImpl-95ea0607-12be-46e0-be72-f6ffafe0ad81/datanode-2/data-0/containers/hdds
2023-05-23 10:24:37,215 [Listener at 127.0.0.1/15004] INFO  volume.StorageVolumeChecker (StorageVolumeChecker.java:checkAllVolumes(202)) - Scheduled health check for volume /home/runner/work/ozone/ozone/hadoop-ozone/integration-test/target/test-dir/MiniOzoneClusterImpl-95ea0607-12be-46e0-be72-f6ffafe0ad81/datanode-2/data-0/containers/hdds
2023-05-23 10:24:37,231 [Listener at 127.0.0.1/15004] INFO  volume.MutableVolumeSet (MutableVolumeSet.java:initializeVolumeSet(175)) - Added Volume : /home/runner/work/ozone/ozone/hadoop-ozone/integration-test/target/test-dir/MiniOzoneClusterImpl-95ea0607-12be-46e0-be72-f6ffafe0ad81/datanode-2/data/ratis to VolumeSet
2023-05-23 10:24:37,231 [Listener at 127.0.0.1/15004] INFO  volume.ThrottledAsyncChecker (ThrottledAsyncChecker.java:schedule(141)) - Scheduling a check for /home/runner/work/ozone/ozone/hadoop-ozone/integration-test/target/test-dir/MiniOzoneClusterImpl-95ea0607-12be-46e0-be72-f6ffafe0ad81/datanode-2/data/ratis
2023-05-23 10:24:37,231 [Listener at 127.0.0.1/15004] INFO  volume.StorageVolumeChecker (StorageVolumeChecker.java:checkAllVolumes(202)) - Scheduled health check for volume /home/runner/work/ozone/ozone/hadoop-ozone/integration-test/target/test-dir/MiniOzoneClusterImpl-95ea0607-12be-46e0-be72-f6ffafe0ad81/datanode-2/data/ratis
2023-05-23 10:24:37,245 [Thread-171] INFO  ozoneimpl.ContainerReader (ContainerReader.java:readVolume(175)) - Finish verifying containers on volume /home/runner/work/ozone/ozone/hadoop-ozone/integration-test/target/test-dir/MiniOzoneClusterImpl-95ea0607-12be-46e0-be72-f6ffafe0ad81/datanode-2/data-0/containers/hdds
2023-05-23 10:24:37,246 [Listener at 127.0.0.1/15004] INFO  ozoneimpl.OzoneContainer (OzoneContainer.java:buildContainerSet(303)) - Build ContainerSet costs 0s
2023-05-23 10:24:37,253 [Listener at 127.0.0.1/15004] INFO  server.RaftServer (ConfUtils.java:logGet(46)) - raft.rpc.type = GRPC (default)
2023-05-23 10:24:37,253 [Listener at 127.0.0.1/15004] INFO  grpc.GrpcConfigKeys (ConfUtils.java:logFallback(53)) - raft.grpc.admin.host = null (fallback to raft.grpc.server.host)
2023-05-23 10:24:37,253 [Listener at 127.0.0.1/15004] INFO  grpc.GrpcConfigKeys (ConfUtils.java:logGet(46)) - raft.grpc.admin.port = 15028 (custom)
2023-05-23 10:24:37,253 [Listener at 127.0.0.1/15004] INFO  grpc.GrpcConfigKeys (ConfUtils.java:logFallback(53)) - raft.grpc.client.host = null (fallback to raft.grpc.server.host)
2023-05-23 10:24:37,254 [Listener at 127.0.0.1/15004] INFO  grpc.GrpcConfigKeys (ConfUtils.java:logGet(46)) - raft.grpc.client.port = 15027 (custom)
2023-05-23 10:24:37,254 [Listener at 127.0.0.1/15004] INFO  grpc.GrpcConfigKeys (ConfUtils.java:logGet(46)) - raft.grpc.server.host = null (default)
2023-05-23 10:24:37,254 [Listener at 127.0.0.1/15004] INFO  grpc.GrpcConfigKeys (ConfUtils.java:logGet(46)) - raft.grpc.server.port = 15029 (custom)
2023-05-23 10:24:37,254 [Listener at 127.0.0.1/15004] INFO  server.GrpcService (ConfUtils.java:logGet(46)) - raft.grpc.message.size.max = 32MB (=33554432) (custom)
2023-05-23 10:24:37,254 [Listener at 127.0.0.1/15004] INFO  server.RaftServerConfigKeys (ConfUtils.java:logGet(46)) - raft.server.log.appender.buffer.byte-limit = 33554432 (custom)
2023-05-23 10:24:37,254 [Listener at 127.0.0.1/15004] INFO  server.GrpcService (ConfUtils.java:logGet(46)) - raft.grpc.flow.control.window = 5MB (=5242880) (custom)
2023-05-23 10:24:37,254 [Listener at 127.0.0.1/15004] INFO  server.RaftServerConfigKeys (ConfUtils.java:logGet(46)) - raft.server.rpc.request.timeout = 60s (custom)
2023-05-23 10:24:37,254 [Listener at 127.0.0.1/15004] INFO  grpc.GrpcConfigKeys (ConfUtils.java:logGet(46)) - raft.grpc.server.heartbeat.channel = true (default)
2023-05-23 10:24:37,255 [Listener at 127.0.0.1/15004] INFO  grpc.GrpcConfigKeys (ConfUtils.java:logGet(46)) - raft.grpc.server.async.request.thread.pool.cached = true (default)
2023-05-23 10:24:37,255 [Listener at 127.0.0.1/15004] INFO  grpc.GrpcConfigKeys (ConfUtils.java:logGet(46)) - raft.grpc.server.async.request.thread.pool.size = 32 (default)
2023-05-23 10:24:37,260 [Listener at 127.0.0.1/15004] INFO  impl.DataStreamServerImpl (ConfUtils.java:logGet(46)) - raft.datastream.type = NETTY (custom)
2023-05-23 10:24:37,261 [Listener at 127.0.0.1/15004] INFO  server.RaftServerConfigKeys (ConfUtils.java:logGet(46)) - raft.server.data-stream.async.request.thread.pool.cached = false (default)
2023-05-23 10:24:37,261 [Listener at 127.0.0.1/15004] INFO  server.RaftServerConfigKeys (ConfUtils.java:logGet(46)) - raft.server.data-stream.async.request.thread.pool.size = 20 (custom)
2023-05-23 10:24:37,261 [Listener at 127.0.0.1/15004] INFO  server.RaftServerConfigKeys (ConfUtils.java:logGet(46)) - raft.server.data-stream.async.write.thread.pool.size = 16 (default)
2023-05-23 10:24:37,262 [Listener at 127.0.0.1/15004] INFO  server.RaftServerConfigKeys (ConfUtils.java:logGet(46)) - raft.server.data-stream.client.pool.size = 10 (default)
2023-05-23 10:24:37,262 [Listener at 127.0.0.1/15004] INFO  netty.NettyConfigKeys$DataStream (ConfUtils.java:logGet(46)) - raft.netty.dataStream.server.use-epoll = false (default)
2023-05-23 10:24:37,262 [Listener at 127.0.0.1/15004] INFO  netty.NettyConfigKeys$DataStream (ConfUtils.java:logGet(46)) - raft.netty.dataStream.server.boss-group.size = 0 (default)
2023-05-23 10:24:37,262 [Listener at 127.0.0.1/15004] INFO  netty.NettyConfigKeys$DataStream (ConfUtils.java:logGet(46)) - raft.netty.dataStream.server.worker-group.size = 0 (default)
2023-05-23 10:24:37,263 [Listener at 127.0.0.1/15004] INFO  netty.NettyConfigKeys$DataStream (ConfUtils.java:logGet(46)) - raft.netty.dataStream.server.tls.conf = null (default)
2023-05-23 10:24:37,263 [Listener at 127.0.0.1/15004] INFO  netty.NettyConfigKeys$DataStream (ConfUtils.java:logGet(46)) - raft.netty.dataStream.host = null (default)
2023-05-23 10:24:37,263 [Listener at 127.0.0.1/15004] INFO  netty.NettyConfigKeys$DataStream (ConfUtils.java:logGet(46)) - raft.netty.dataStream.port = 15030 (custom)
2023-05-23 10:24:37,265 [Listener at 127.0.0.1/15004] INFO  server.RaftServerConfigKeys (ConfUtils.java:logGet(46)) - raft.server.threadpool.proxy.cached = true (default)
2023-05-23 10:24:37,265 [Listener at 127.0.0.1/15004] INFO  server.RaftServerConfigKeys (ConfUtils.java:logGet(46)) - raft.server.threadpool.proxy.size = 0 (default)
2023-05-23 10:24:37,265 [Listener at 127.0.0.1/15004] INFO  server.RaftServerConfigKeys (ConfUtils.java:logGet(46)) - raft.server.rpc.slowness.timeout = 300s (custom)
2023-05-23 10:24:37,265 [Listener at 127.0.0.1/15004] INFO  server.RaftServerConfigKeys (ConfUtils.java:logGet(46)) - raft.server.leaderelection.leader.step-down.wait-time = 10s (default)
2023-05-23 10:24:37,265 [Listener at 127.0.0.1/15004] INFO  server.RaftServerConfigKeys (ConfUtils.java:logGet(46)) - raft.server.storage.dir = [/home/runner/work/ozone/ozone/hadoop-ozone/integration-test/target/test-dir/MiniOzoneClusterImpl-95ea0607-12be-46e0-be72-f6ffafe0ad81/datanode-2/data/ratis] (custom)
2023-05-23 10:24:37,270 [e2067284-0d49-4f78-bd84-4dfeb1c34035-NettyServerStreamRpc-bossGroup--thread1] INFO  logging.LoggingHandler (AbstractInternalLogger.java:log(148)) - [id: 0xa0e770dc] REGISTERED
2023-05-23 10:24:37,270 [e2067284-0d49-4f78-bd84-4dfeb1c34035-NettyServerStreamRpc-bossGroup--thread1] INFO  logging.LoggingHandler (AbstractInternalLogger.java:log(148)) - [id: 0xa0e770dc] BIND: 0.0.0.0/0.0.0.0:15030
2023-05-23 10:24:37,270 [e2067284-0d49-4f78-bd84-4dfeb1c34035-NettyServerStreamRpc-bossGroup--thread1] INFO  logging.LoggingHandler (AbstractInternalLogger.java:log(148)) - [id: 0xa0e770dc, L:/0:0:0:0:0:0:0:0:15030] ACTIVE
2023-05-23 10:24:37,272 [Listener at 127.0.0.1/15004] INFO  server.XceiverServerGrpc (XceiverServerGrpc.java:<init>(132)) - GrpcServer channel type EpollServerSocketChannel
2023-05-23 10:24:37,277 [Listener at 127.0.0.1/15004] INFO  replication.ReplicationSupervisor (ReplicationSupervisor.java:nodeStateUpdated(296)) - Node state updated to IN_SERVICE, scaling executor pool size to 10
2023-05-23 10:24:37,284 [Listener at 127.0.0.1/15004] INFO  http.BaseHttpServer (BaseHttpServer.java:newHttpServer2BuilderForOzone(224)) - Starting Web-server for hddsDatanode at: http://0.0.0.0:15025
2023-05-23 10:24:37,285 [Listener at 127.0.0.1/15004] INFO  http.BaseHttpServer (BaseHttpServer.java:<init>(111)) - Hadoop Security Enabled: false Ozone Security Enabled: false Ozone HTTP Security Enabled: false 
2023-05-23 10:24:37,286 [Listener at 127.0.0.1/15004] WARN  server.AuthenticationFilter (AuthenticationFilter.java:constructSecretProvider(240)) - Unable to initialize FileSignerSecretProvider, falling back to use random secrets. Reason: Could not read signature secret file: /home/runner/hadoop-http-auth-signature-secret
2023-05-23 10:24:37,287 [Listener at 127.0.0.1/15004] INFO  http.HttpRequestLog (HttpRequestLog.java:getRequestLog(86)) - Http request log for http.requests.hddsDatanode is not defined
2023-05-23 10:24:37,288 [Listener at 127.0.0.1/15004] INFO  http.HttpServer2 (HttpServer2.java:addGlobalFilter(1031)) - Added global filter 'safety' (class=org.apache.hadoop.hdds.server.http.HttpServer2$QuotingInputFilter)
2023-05-23 10:24:37,289 [Listener at 127.0.0.1/15004] INFO  http.HttpServer2 (HttpServer2.java:addFilter(1007)) - Added filter static_user_filter (class=org.apache.hadoop.http.lib.StaticUserWebFilter$StaticUserFilter) to context hddsDatanode
2023-05-23 10:24:37,289 [Listener at 127.0.0.1/15004] INFO  http.HttpServer2 (HttpServer2.java:addFilter(1015)) - Added filter static_user_filter (class=org.apache.hadoop.http.lib.StaticUserWebFilter$StaticUserFilter) to context static
2023-05-23 10:24:37,289 [Listener at 127.0.0.1/15004] INFO  http.HttpServer2 (HttpServer2.java:addFilter(1015)) - Added filter static_user_filter (class=org.apache.hadoop.http.lib.StaticUserWebFilter$StaticUserFilter) to context logs
2023-05-23 10:24:37,290 [Listener at 127.0.0.1/15004] INFO  http.BaseHttpServer (BaseHttpServer.java:<init>(190)) - HTTP server of hddsDatanode uses base directory /home/runner/work/ozone/ozone/hadoop-ozone/integration-test/target/test-dir/MiniOzoneClusterImpl-95ea0607-12be-46e0-be72-f6ffafe0ad81/datanode-2/meta/webserver
2023-05-23 10:24:37,290 [Listener at 127.0.0.1/15004] INFO  http.HttpServer2 (HttpServer2.java:bindListener(1250)) - Jetty bound to port 15025
2023-05-23 10:24:37,290 [Listener at 127.0.0.1/15004] INFO  server.Server (Server.java:doStart(375)) - jetty-9.4.51.v20230217; built: 2023-02-17T08:19:37.309Z; git: b45c405e4544384de066f814ed42ae3dceacdd49; jvm 1.8.0_362-b09
2023-05-23 10:24:37,297 [Listener at 127.0.0.1/15004] INFO  server.session (DefaultSessionIdManager.java:doStart(334)) - DefaultSessionIdManager workerName=node0
2023-05-23 10:24:37,297 [Listener at 127.0.0.1/15004] INFO  server.session (DefaultSessionIdManager.java:doStart(339)) - No SessionScavenger set, using defaults
2023-05-23 10:24:37,298 [Listener at 127.0.0.1/15004] INFO  server.session (HouseKeeper.java:startScavenging(132)) - node0 Scavenging every 600000ms
2023-05-23 10:24:37,298 [Listener at 127.0.0.1/15004] INFO  handler.ContextHandler (ContextHandler.java:doStart(921)) - Started o.e.j.s.ServletContextHandler@14c630de{logs,/logs,file:///home/runner/work/ozone/ozone/hadoop-ozone/integration-test/target/log,AVAILABLE}
2023-05-23 10:24:37,299 [Listener at 127.0.0.1/15004] INFO  handler.ContextHandler (ContextHandler.java:doStart(921)) - Started o.e.j.s.ServletContextHandler@715379a4{static,/static,jar:file:/home/runner/.m2/repository/org/apache/ozone/hdds-container-service/1.4.0-SNAPSHOT/hdds-container-service-1.4.0-SNAPSHOT.jar!/webapps/static,AVAILABLE}
2023-05-23 10:24:37,516 [ReplicationMonitor] INFO  replication.ReplicationManager (ReplicationManager.java:processAll(375)) - Replication Manager is not ready to run until 3000ms after safemode exit
2023-05-23 10:24:37,525 [Listener at 127.0.0.1/15004] INFO  handler.ContextHandler (ContextHandler.java:doStart(921)) - Started o.e.j.w.WebAppContext@463d9924{hddsDatanode,/,file:///home/runner/work/ozone/ozone/hadoop-ozone/integration-test/target/test-dir/MiniOzoneClusterImpl-95ea0607-12be-46e0-be72-f6ffafe0ad81/datanode-2/meta/webserver/jetty-0_0_0_0-15025-hdds-container-service-1_4_0-SNAPSHOT_jar-_-any-5053204852949414671/webapp/,AVAILABLE}{jar:file:/home/runner/.m2/repository/org/apache/ozone/hdds-container-service/1.4.0-SNAPSHOT/hdds-container-service-1.4.0-SNAPSHOT.jar!/webapps/hddsDatanode}
2023-05-23 10:24:37,527 [Listener at 127.0.0.1/15004] INFO  server.AbstractConnector (AbstractConnector.java:doStart(333)) - Started ServerConnector@5d90f27c{HTTP/1.1, (http/1.1)}{0.0.0.0:15025}
2023-05-23 10:24:37,527 [Listener at 127.0.0.1/15004] INFO  server.Server (Server.java:doStart(415)) - Started @10579ms
2023-05-23 10:24:37,527 [Listener at 127.0.0.1/15004] WARN  impl.MetricsSystemImpl (MetricsSystemImpl.java:register(279)) - Sink prometheus already exists!
2023-05-23 10:24:37,528 [Listener at 127.0.0.1/15004] INFO  http.BaseHttpServer (BaseHttpServer.java:updateConnectorAddress(344)) - HTTP server of hddsDatanode listening at http://0.0.0.0:15025
2023-05-23 10:24:37,529 [Listener at 127.0.0.1/15004] WARN  impl.MetricRegistriesImpl (MetricRegistriesImpl.java:addReporterRegistration(111)) - New reporters are added after registries were created. Some metrics will be missing from the reporter. Please add reporter before adding any new registry.
2023-05-23 10:24:37,529 [Listener at 127.0.0.1/15004] WARN  impl.MetricRegistriesImpl (MetricRegistriesImpl.java:addReporterRegistration(111)) - New reporters are added after registries were created. Some metrics will be missing from the reporter. Please add reporter before adding any new registry.
2023-05-23 10:24:37,529 [Listener at 127.0.0.1/15004] INFO  impl.MetricsSystemImpl (MetricsSystemImpl.java:init(158)) - HddsDatanode metrics system started (again)
2023-05-23 10:24:37,537 [Datanode State Machine Daemon Thread] INFO  statemachine.DatanodeStateMachine (DatanodeStateMachine.java:lambda$startDaemon$0(524)) - Ozone container server started.
2023-05-23 10:24:37,550 [Listener at 127.0.0.1/15004] INFO  ozone.HddsDatanodeService (HddsDatanodeService.java:start(252)) - HddsDatanodeService host:fv-az1249-304 ip:10.1.0.38
2023-05-23 10:24:37,556 [org.apache.hadoop.util.JvmPauseMonitor$Monitor@e0019d3] INFO  util.JvmPauseMonitor (JvmPauseMonitor.java:run(188)) - Starting JVM pause monitor
2023-05-23 10:24:37,559 [Datanode State Machine Task Thread - 0] INFO  datanode.InitDatanodeState (InitDatanodeState.java:persistContainerDatanodeDetails(138)) - DatanodeDetails is persisted to /home/runner/work/ozone/ozone/hadoop-ozone/integration-test/target/test-dir/MiniOzoneClusterImpl-95ea0607-12be-46e0-be72-f6ffafe0ad81/datanode-2/meta/datanode.id
2023-05-23 10:24:37,579 [Listener at 127.0.0.1/15004] INFO  upgrade.AbstractLayoutVersionManager (AbstractLayoutVersionManager.java:init(83)) - Initializing Layout version manager with metadata layout = WEBUI_PORTS_IN_DATANODEDETAILS (version = 6), software layout = WEBUI_PORTS_IN_DATANODEDETAILS (version = 6)
2023-05-23 10:24:37,581 [Listener at 127.0.0.1/15004] INFO  statemachine.DatanodeStateMachine (DatanodeStateMachine.java:getEndPointTaskThreadPoolSize(267)) - Datanode State Machine Task Thread Pool size 2
2023-05-23 10:24:37,588 [Listener at 127.0.0.1/15004] INFO  volume.HddsVolume (HddsVolume.java:<init>(130)) - Creating HddsVolume: /home/runner/work/ozone/ozone/hadoop-ozone/integration-test/target/test-dir/MiniOzoneClusterImpl-95ea0607-12be-46e0-be72-f6ffafe0ad81/datanode-3/data-0/containers/hdds of storage type : DISK capacity : 9223372036854775807
2023-05-23 10:24:37,588 [Listener at 127.0.0.1/15004] INFO  volume.MutableVolumeSet (MutableVolumeSet.java:initializeVolumeSet(175)) - Added Volume : /home/runner/work/ozone/ozone/hadoop-ozone/integration-test/target/test-dir/MiniOzoneClusterImpl-95ea0607-12be-46e0-be72-f6ffafe0ad81/datanode-3/data-0/containers/hdds to VolumeSet
2023-05-23 10:24:37,588 [Listener at 127.0.0.1/15004] INFO  volume.ThrottledAsyncChecker (ThrottledAsyncChecker.java:schedule(141)) - Scheduling a check for /home/runner/work/ozone/ozone/hadoop-ozone/integration-test/target/test-dir/MiniOzoneClusterImpl-95ea0607-12be-46e0-be72-f6ffafe0ad81/datanode-3/data-0/containers/hdds
2023-05-23 10:24:37,589 [Listener at 127.0.0.1/15004] INFO  volume.StorageVolumeChecker (StorageVolumeChecker.java:checkAllVolumes(202)) - Scheduled health check for volume /home/runner/work/ozone/ozone/hadoop-ozone/integration-test/target/test-dir/MiniOzoneClusterImpl-95ea0607-12be-46e0-be72-f6ffafe0ad81/datanode-3/data-0/containers/hdds
2023-05-23 10:24:37,603 [Listener at 127.0.0.1/15004] INFO  volume.MutableVolumeSet (MutableVolumeSet.java:initializeVolumeSet(175)) - Added Volume : /home/runner/work/ozone/ozone/hadoop-ozone/integration-test/target/test-dir/MiniOzoneClusterImpl-95ea0607-12be-46e0-be72-f6ffafe0ad81/datanode-3/data/ratis to VolumeSet
2023-05-23 10:24:37,603 [Listener at 127.0.0.1/15004] INFO  volume.ThrottledAsyncChecker (ThrottledAsyncChecker.java:schedule(141)) - Scheduling a check for /home/runner/work/ozone/ozone/hadoop-ozone/integration-test/target/test-dir/MiniOzoneClusterImpl-95ea0607-12be-46e0-be72-f6ffafe0ad81/datanode-3/data/ratis
2023-05-23 10:24:37,603 [Listener at 127.0.0.1/15004] INFO  volume.StorageVolumeChecker (StorageVolumeChecker.java:checkAllVolumes(202)) - Scheduled health check for volume /home/runner/work/ozone/ozone/hadoop-ozone/integration-test/target/test-dir/MiniOzoneClusterImpl-95ea0607-12be-46e0-be72-f6ffafe0ad81/datanode-3/data/ratis
2023-05-23 10:24:37,615 [Thread-185] INFO  ozoneimpl.ContainerReader (ContainerReader.java:readVolume(175)) - Finish verifying containers on volume /home/runner/work/ozone/ozone/hadoop-ozone/integration-test/target/test-dir/MiniOzoneClusterImpl-95ea0607-12be-46e0-be72-f6ffafe0ad81/datanode-3/data-0/containers/hdds
2023-05-23 10:24:37,615 [Listener at 127.0.0.1/15004] INFO  ozoneimpl.OzoneContainer (OzoneContainer.java:buildContainerSet(303)) - Build ContainerSet costs 0s
2023-05-23 10:24:37,619 [Listener at 127.0.0.1/15004] INFO  server.RaftServer (ConfUtils.java:logGet(46)) - raft.rpc.type = GRPC (default)
2023-05-23 10:24:37,619 [Listener at 127.0.0.1/15004] INFO  grpc.GrpcConfigKeys (ConfUtils.java:logFallback(53)) - raft.grpc.admin.host = null (fallback to raft.grpc.server.host)
2023-05-23 10:24:37,619 [Listener at 127.0.0.1/15004] INFO  grpc.GrpcConfigKeys (ConfUtils.java:logGet(46)) - raft.grpc.admin.port = 15036 (custom)
2023-05-23 10:24:37,620 [Listener at 127.0.0.1/15004] INFO  grpc.GrpcConfigKeys (ConfUtils.java:logFallback(53)) - raft.grpc.client.host = null (fallback to raft.grpc.server.host)
2023-05-23 10:24:37,620 [Listener at 127.0.0.1/15004] INFO  grpc.GrpcConfigKeys (ConfUtils.java:logGet(46)) - raft.grpc.client.port = 15035 (custom)
2023-05-23 10:24:37,620 [Listener at 127.0.0.1/15004] INFO  grpc.GrpcConfigKeys (ConfUtils.java:logGet(46)) - raft.grpc.server.host = null (default)
2023-05-23 10:24:37,620 [Listener at 127.0.0.1/15004] INFO  grpc.GrpcConfigKeys (ConfUtils.java:logGet(46)) - raft.grpc.server.port = 15037 (custom)
2023-05-23 10:24:37,620 [Listener at 127.0.0.1/15004] INFO  server.GrpcService (ConfUtils.java:logGet(46)) - raft.grpc.message.size.max = 32MB (=33554432) (custom)
2023-05-23 10:24:37,620 [Listener at 127.0.0.1/15004] INFO  server.RaftServerConfigKeys (ConfUtils.java:logGet(46)) - raft.server.log.appender.buffer.byte-limit = 33554432 (custom)
2023-05-23 10:24:37,620 [Listener at 127.0.0.1/15004] INFO  server.GrpcService (ConfUtils.java:logGet(46)) - raft.grpc.flow.control.window = 5MB (=5242880) (custom)
2023-05-23 10:24:37,620 [Listener at 127.0.0.1/15004] INFO  server.RaftServerConfigKeys (ConfUtils.java:logGet(46)) - raft.server.rpc.request.timeout = 60s (custom)
2023-05-23 10:24:37,620 [Listener at 127.0.0.1/15004] INFO  grpc.GrpcConfigKeys (ConfUtils.java:logGet(46)) - raft.grpc.server.heartbeat.channel = true (default)
2023-05-23 10:24:37,620 [Listener at 127.0.0.1/15004] INFO  grpc.GrpcConfigKeys (ConfUtils.java:logGet(46)) - raft.grpc.server.async.request.thread.pool.cached = true (default)
2023-05-23 10:24:37,621 [Listener at 127.0.0.1/15004] INFO  grpc.GrpcConfigKeys (ConfUtils.java:logGet(46)) - raft.grpc.server.async.request.thread.pool.size = 32 (default)
2023-05-23 10:24:37,623 [Listener at 127.0.0.1/15004] INFO  impl.DataStreamServerImpl (ConfUtils.java:logGet(46)) - raft.datastream.type = NETTY (custom)
2023-05-23 10:24:37,623 [Listener at 127.0.0.1/15004] INFO  server.RaftServerConfigKeys (ConfUtils.java:logGet(46)) - raft.server.data-stream.async.request.thread.pool.cached = false (default)
2023-05-23 10:24:37,624 [Listener at 127.0.0.1/15004] INFO  server.RaftServerConfigKeys (ConfUtils.java:logGet(46)) - raft.server.data-stream.async.request.thread.pool.size = 20 (custom)
2023-05-23 10:24:37,624 [Listener at 127.0.0.1/15004] INFO  server.RaftServerConfigKeys (ConfUtils.java:logGet(46)) - raft.server.data-stream.async.write.thread.pool.size = 16 (default)
2023-05-23 10:24:37,624 [Listener at 127.0.0.1/15004] INFO  server.RaftServerConfigKeys (ConfUtils.java:logGet(46)) - raft.server.data-stream.client.pool.size = 10 (default)
2023-05-23 10:24:37,624 [Listener at 127.0.0.1/15004] INFO  netty.NettyConfigKeys$DataStream (ConfUtils.java:logGet(46)) - raft.netty.dataStream.server.use-epoll = false (default)
2023-05-23 10:24:37,624 [Listener at 127.0.0.1/15004] INFO  netty.NettyConfigKeys$DataStream (ConfUtils.java:logGet(46)) - raft.netty.dataStream.server.boss-group.size = 0 (default)
2023-05-23 10:24:37,624 [Listener at 127.0.0.1/15004] INFO  netty.NettyConfigKeys$DataStream (ConfUtils.java:logGet(46)) - raft.netty.dataStream.server.worker-group.size = 0 (default)
2023-05-23 10:24:37,625 [Listener at 127.0.0.1/15004] INFO  netty.NettyConfigKeys$DataStream (ConfUtils.java:logGet(46)) - raft.netty.dataStream.server.tls.conf = null (default)
2023-05-23 10:24:37,625 [Listener at 127.0.0.1/15004] INFO  netty.NettyConfigKeys$DataStream (ConfUtils.java:logGet(46)) - raft.netty.dataStream.host = null (default)
2023-05-23 10:24:37,625 [Listener at 127.0.0.1/15004] INFO  netty.NettyConfigKeys$DataStream (ConfUtils.java:logGet(46)) - raft.netty.dataStream.port = 15038 (custom)
2023-05-23 10:24:37,625 [Listener at 127.0.0.1/15004] INFO  server.RaftServerConfigKeys (ConfUtils.java:logGet(46)) - raft.server.threadpool.proxy.cached = true (default)
2023-05-23 10:24:37,625 [Listener at 127.0.0.1/15004] INFO  server.RaftServerConfigKeys (ConfUtils.java:logGet(46)) - raft.server.threadpool.proxy.size = 0 (default)
2023-05-23 10:24:37,626 [Listener at 127.0.0.1/15004] INFO  server.RaftServerConfigKeys (ConfUtils.java:logGet(46)) - raft.server.rpc.slowness.timeout = 300s (custom)
2023-05-23 10:24:37,626 [Listener at 127.0.0.1/15004] INFO  server.RaftServerConfigKeys (ConfUtils.java:logGet(46)) - raft.server.leaderelection.leader.step-down.wait-time = 10s (default)
2023-05-23 10:24:37,626 [Listener at 127.0.0.1/15004] INFO  server.RaftServerConfigKeys (ConfUtils.java:logGet(46)) - raft.server.storage.dir = [/home/runner/work/ozone/ozone/hadoop-ozone/integration-test/target/test-dir/MiniOzoneClusterImpl-95ea0607-12be-46e0-be72-f6ffafe0ad81/datanode-3/data/ratis] (custom)
2023-05-23 10:24:37,627 [6321734e-47b1-462e-9f32-22d48b3b1ad8-NettyServerStreamRpc-bossGroup--thread1] INFO  logging.LoggingHandler (AbstractInternalLogger.java:log(148)) - [id: 0xf73c170c] REGISTERED
2023-05-23 10:24:37,627 [6321734e-47b1-462e-9f32-22d48b3b1ad8-NettyServerStreamRpc-bossGroup--thread1] INFO  logging.LoggingHandler (AbstractInternalLogger.java:log(148)) - [id: 0xf73c170c] BIND: 0.0.0.0/0.0.0.0:15038
2023-05-23 10:24:37,628 [6321734e-47b1-462e-9f32-22d48b3b1ad8-NettyServerStreamRpc-bossGroup--thread1] INFO  logging.LoggingHandler (AbstractInternalLogger.java:log(148)) - [id: 0xf73c170c, L:/0:0:0:0:0:0:0:0:15038] ACTIVE
2023-05-23 10:24:37,629 [Listener at 127.0.0.1/15004] INFO  server.XceiverServerGrpc (XceiverServerGrpc.java:<init>(132)) - GrpcServer channel type EpollServerSocketChannel
2023-05-23 10:24:37,631 [Listener at 127.0.0.1/15004] INFO  replication.ReplicationSupervisor (ReplicationSupervisor.java:nodeStateUpdated(296)) - Node state updated to IN_SERVICE, scaling executor pool size to 10
2023-05-23 10:24:37,637 [Listener at 127.0.0.1/15004] INFO  http.BaseHttpServer (BaseHttpServer.java:newHttpServer2BuilderForOzone(224)) - Starting Web-server for hddsDatanode at: http://0.0.0.0:15033
2023-05-23 10:24:37,637 [Listener at 127.0.0.1/15004] INFO  http.BaseHttpServer (BaseHttpServer.java:<init>(111)) - Hadoop Security Enabled: false Ozone Security Enabled: false Ozone HTTP Security Enabled: false 
2023-05-23 10:24:37,638 [Listener at 127.0.0.1/15004] WARN  server.AuthenticationFilter (AuthenticationFilter.java:constructSecretProvider(240)) - Unable to initialize FileSignerSecretProvider, falling back to use random secrets. Reason: Could not read signature secret file: /home/runner/hadoop-http-auth-signature-secret
2023-05-23 10:24:37,639 [Listener at 127.0.0.1/15004] INFO  http.HttpRequestLog (HttpRequestLog.java:getRequestLog(86)) - Http request log for http.requests.hddsDatanode is not defined
2023-05-23 10:24:37,640 [Listener at 127.0.0.1/15004] INFO  http.HttpServer2 (HttpServer2.java:addGlobalFilter(1031)) - Added global filter 'safety' (class=org.apache.hadoop.hdds.server.http.HttpServer2$QuotingInputFilter)
2023-05-23 10:24:37,641 [Listener at 127.0.0.1/15004] INFO  http.HttpServer2 (HttpServer2.java:addFilter(1007)) - Added filter static_user_filter (class=org.apache.hadoop.http.lib.StaticUserWebFilter$StaticUserFilter) to context hddsDatanode
2023-05-23 10:24:37,641 [Listener at 127.0.0.1/15004] INFO  http.HttpServer2 (HttpServer2.java:addFilter(1015)) - Added filter static_user_filter (class=org.apache.hadoop.http.lib.StaticUserWebFilter$StaticUserFilter) to context static
2023-05-23 10:24:37,641 [Listener at 127.0.0.1/15004] INFO  http.HttpServer2 (HttpServer2.java:addFilter(1015)) - Added filter static_user_filter (class=org.apache.hadoop.http.lib.StaticUserWebFilter$StaticUserFilter) to context logs
2023-05-23 10:24:37,642 [Listener at 127.0.0.1/15004] INFO  http.BaseHttpServer (BaseHttpServer.java:<init>(190)) - HTTP server of hddsDatanode uses base directory /home/runner/work/ozone/ozone/hadoop-ozone/integration-test/target/test-dir/MiniOzoneClusterImpl-95ea0607-12be-46e0-be72-f6ffafe0ad81/datanode-3/meta/webserver
2023-05-23 10:24:37,642 [Listener at 127.0.0.1/15004] INFO  http.HttpServer2 (HttpServer2.java:bindListener(1250)) - Jetty bound to port 15033
2023-05-23 10:24:37,642 [Listener at 127.0.0.1/15004] INFO  server.Server (Server.java:doStart(375)) - jetty-9.4.51.v20230217; built: 2023-02-17T08:19:37.309Z; git: b45c405e4544384de066f814ed42ae3dceacdd49; jvm 1.8.0_362-b09
2023-05-23 10:24:37,652 [Listener at 127.0.0.1/15004] INFO  server.session (DefaultSessionIdManager.java:doStart(334)) - DefaultSessionIdManager workerName=node0
2023-05-23 10:24:37,652 [Listener at 127.0.0.1/15004] INFO  server.session (DefaultSessionIdManager.java:doStart(339)) - No SessionScavenger set, using defaults
2023-05-23 10:24:37,652 [Listener at 127.0.0.1/15004] INFO  server.session (HouseKeeper.java:startScavenging(132)) - node0 Scavenging every 660000ms
2023-05-23 10:24:37,653 [Listener at 127.0.0.1/15004] INFO  handler.ContextHandler (ContextHandler.java:doStart(921)) - Started o.e.j.s.ServletContextHandler@aab2f6c{logs,/logs,file:///home/runner/work/ozone/ozone/hadoop-ozone/integration-test/target/log,AVAILABLE}
2023-05-23 10:24:37,654 [Listener at 127.0.0.1/15004] INFO  handler.ContextHandler (ContextHandler.java:doStart(921)) - Started o.e.j.s.ServletContextHandler@6e8fe13f{static,/static,jar:file:/home/runner/.m2/repository/org/apache/ozone/hdds-container-service/1.4.0-SNAPSHOT/hdds-container-service-1.4.0-SNAPSHOT.jar!/webapps/static,AVAILABLE}
2023-05-23 10:24:37,888 [Listener at 127.0.0.1/15004] INFO  handler.ContextHandler (ContextHandler.java:doStart(921)) - Started o.e.j.w.WebAppContext@11bcc04d{hddsDatanode,/,file:///home/runner/work/ozone/ozone/hadoop-ozone/integration-test/target/test-dir/MiniOzoneClusterImpl-95ea0607-12be-46e0-be72-f6ffafe0ad81/datanode-3/meta/webserver/jetty-0_0_0_0-15033-hdds-container-service-1_4_0-SNAPSHOT_jar-_-any-4096427234800734384/webapp/,AVAILABLE}{jar:file:/home/runner/.m2/repository/org/apache/ozone/hdds-container-service/1.4.0-SNAPSHOT/hdds-container-service-1.4.0-SNAPSHOT.jar!/webapps/hddsDatanode}
2023-05-23 10:24:37,889 [Listener at 127.0.0.1/15004] INFO  server.AbstractConnector (AbstractConnector.java:doStart(333)) - Started ServerConnector@18ee882f{HTTP/1.1, (http/1.1)}{0.0.0.0:15033}
2023-05-23 10:24:37,889 [Listener at 127.0.0.1/15004] INFO  server.Server (Server.java:doStart(415)) - Started @10941ms
2023-05-23 10:24:37,889 [Listener at 127.0.0.1/15004] WARN  impl.MetricsSystemImpl (MetricsSystemImpl.java:register(279)) - Sink prometheus already exists!
2023-05-23 10:24:37,890 [Listener at 127.0.0.1/15004] INFO  http.BaseHttpServer (BaseHttpServer.java:updateConnectorAddress(344)) - HTTP server of hddsDatanode listening at http://0.0.0.0:15033
2023-05-23 10:24:37,892 [Listener at 127.0.0.1/15004] WARN  impl.MetricRegistriesImpl (MetricRegistriesImpl.java:addReporterRegistration(111)) - New reporters are added after registries were created. Some metrics will be missing from the reporter. Please add reporter before adding any new registry.
2023-05-23 10:24:37,892 [Listener at 127.0.0.1/15004] WARN  impl.MetricRegistriesImpl (MetricRegistriesImpl.java:addReporterRegistration(111)) - New reporters are added after registries were created. Some metrics will be missing from the reporter. Please add reporter before adding any new registry.
2023-05-23 10:24:37,893 [Listener at 127.0.0.1/15004] INFO  impl.MetricsSystemImpl (MetricsSystemImpl.java:init(158)) - HddsDatanode metrics system started (again)
2023-05-23 10:24:37,893 [Datanode State Machine Daemon Thread] INFO  statemachine.DatanodeStateMachine (DatanodeStateMachine.java:lambda$startDaemon$0(524)) - Ozone container server started.
2023-05-23 10:24:37,905 [org.apache.hadoop.util.JvmPauseMonitor$Monitor@69aeb642] INFO  util.JvmPauseMonitor (JvmPauseMonitor.java:run(188)) - Starting JVM pause monitor
2023-05-23 10:24:37,913 [Listener at 127.0.0.1/15004] INFO  ozone.HddsDatanodeService (HddsDatanodeService.java:start(252)) - HddsDatanodeService host:fv-az1249-304 ip:10.1.0.38
2023-05-23 10:24:37,921 [Datanode State Machine Task Thread - 0] INFO  datanode.InitDatanodeState (InitDatanodeState.java:persistContainerDatanodeDetails(138)) - DatanodeDetails is persisted to /home/runner/work/ozone/ozone/hadoop-ozone/integration-test/target/test-dir/MiniOzoneClusterImpl-95ea0607-12be-46e0-be72-f6ffafe0ad81/datanode-3/meta/datanode.id
2023-05-23 10:24:37,942 [Listener at 127.0.0.1/15004] INFO  upgrade.AbstractLayoutVersionManager (AbstractLayoutVersionManager.java:init(83)) - Initializing Layout version manager with metadata layout = WEBUI_PORTS_IN_DATANODEDETAILS (version = 6), software layout = WEBUI_PORTS_IN_DATANODEDETAILS (version = 6)
2023-05-23 10:24:37,943 [Listener at 127.0.0.1/15004] INFO  statemachine.DatanodeStateMachine (DatanodeStateMachine.java:getEndPointTaskThreadPoolSize(267)) - Datanode State Machine Task Thread Pool size 2
2023-05-23 10:24:37,946 [Listener at 127.0.0.1/15004] INFO  volume.HddsVolume (HddsVolume.java:<init>(130)) - Creating HddsVolume: /home/runner/work/ozone/ozone/hadoop-ozone/integration-test/target/test-dir/MiniOzoneClusterImpl-95ea0607-12be-46e0-be72-f6ffafe0ad81/datanode-4/data-0/containers/hdds of storage type : DISK capacity : 9223372036854775807
2023-05-23 10:24:37,947 [Listener at 127.0.0.1/15004] INFO  volume.MutableVolumeSet (MutableVolumeSet.java:initializeVolumeSet(175)) - Added Volume : /home/runner/work/ozone/ozone/hadoop-ozone/integration-test/target/test-dir/MiniOzoneClusterImpl-95ea0607-12be-46e0-be72-f6ffafe0ad81/datanode-4/data-0/containers/hdds to VolumeSet
2023-05-23 10:24:37,947 [Listener at 127.0.0.1/15004] INFO  volume.ThrottledAsyncChecker (ThrottledAsyncChecker.java:schedule(141)) - Scheduling a check for /home/runner/work/ozone/ozone/hadoop-ozone/integration-test/target/test-dir/MiniOzoneClusterImpl-95ea0607-12be-46e0-be72-f6ffafe0ad81/datanode-4/data-0/containers/hdds
2023-05-23 10:24:37,947 [Listener at 127.0.0.1/15004] INFO  volume.StorageVolumeChecker (StorageVolumeChecker.java:checkAllVolumes(202)) - Scheduled health check for volume /home/runner/work/ozone/ozone/hadoop-ozone/integration-test/target/test-dir/MiniOzoneClusterImpl-95ea0607-12be-46e0-be72-f6ffafe0ad81/datanode-4/data-0/containers/hdds
2023-05-23 10:24:37,959 [Listener at 127.0.0.1/15004] INFO  volume.MutableVolumeSet (MutableVolumeSet.java:initializeVolumeSet(175)) - Added Volume : /home/runner/work/ozone/ozone/hadoop-ozone/integration-test/target/test-dir/MiniOzoneClusterImpl-95ea0607-12be-46e0-be72-f6ffafe0ad81/datanode-4/data/ratis to VolumeSet
2023-05-23 10:24:37,960 [Listener at 127.0.0.1/15004] INFO  volume.ThrottledAsyncChecker (ThrottledAsyncChecker.java:schedule(141)) - Scheduling a check for /home/runner/work/ozone/ozone/hadoop-ozone/integration-test/target/test-dir/MiniOzoneClusterImpl-95ea0607-12be-46e0-be72-f6ffafe0ad81/datanode-4/data/ratis
2023-05-23 10:24:37,960 [Listener at 127.0.0.1/15004] INFO  volume.StorageVolumeChecker (StorageVolumeChecker.java:checkAllVolumes(202)) - Scheduled health check for volume /home/runner/work/ozone/ozone/hadoop-ozone/integration-test/target/test-dir/MiniOzoneClusterImpl-95ea0607-12be-46e0-be72-f6ffafe0ad81/datanode-4/data/ratis
2023-05-23 10:24:37,979 [Thread-199] INFO  ozoneimpl.ContainerReader (ContainerReader.java:readVolume(175)) - Finish verifying containers on volume /home/runner/work/ozone/ozone/hadoop-ozone/integration-test/target/test-dir/MiniOzoneClusterImpl-95ea0607-12be-46e0-be72-f6ffafe0ad81/datanode-4/data-0/containers/hdds
2023-05-23 10:24:37,979 [Listener at 127.0.0.1/15004] INFO  ozoneimpl.OzoneContainer (OzoneContainer.java:buildContainerSet(303)) - Build ContainerSet costs 0s
2023-05-23 10:24:37,982 [Listener at 127.0.0.1/15004] INFO  server.RaftServer (ConfUtils.java:logGet(46)) - raft.rpc.type = GRPC (default)
2023-05-23 10:24:37,982 [Listener at 127.0.0.1/15004] INFO  grpc.GrpcConfigKeys (ConfUtils.java:logFallback(53)) - raft.grpc.admin.host = null (fallback to raft.grpc.server.host)
2023-05-23 10:24:37,982 [Listener at 127.0.0.1/15004] INFO  grpc.GrpcConfigKeys (ConfUtils.java:logGet(46)) - raft.grpc.admin.port = 15044 (custom)
2023-05-23 10:24:37,982 [Listener at 127.0.0.1/15004] INFO  grpc.GrpcConfigKeys (ConfUtils.java:logFallback(53)) - raft.grpc.client.host = null (fallback to raft.grpc.server.host)
2023-05-23 10:24:37,982 [Listener at 127.0.0.1/15004] INFO  grpc.GrpcConfigKeys (ConfUtils.java:logGet(46)) - raft.grpc.client.port = 15043 (custom)
2023-05-23 10:24:37,982 [Listener at 127.0.0.1/15004] INFO  grpc.GrpcConfigKeys (ConfUtils.java:logGet(46)) - raft.grpc.server.host = null (default)
2023-05-23 10:24:37,982 [Listener at 127.0.0.1/15004] INFO  grpc.GrpcConfigKeys (ConfUtils.java:logGet(46)) - raft.grpc.server.port = 15045 (custom)
2023-05-23 10:24:37,982 [Listener at 127.0.0.1/15004] INFO  server.GrpcService (ConfUtils.java:logGet(46)) - raft.grpc.message.size.max = 32MB (=33554432) (custom)
2023-05-23 10:24:37,983 [Listener at 127.0.0.1/15004] INFO  server.RaftServerConfigKeys (ConfUtils.java:logGet(46)) - raft.server.log.appender.buffer.byte-limit = 33554432 (custom)
2023-05-23 10:24:37,983 [Listener at 127.0.0.1/15004] INFO  server.GrpcService (ConfUtils.java:logGet(46)) - raft.grpc.flow.control.window = 5MB (=5242880) (custom)
2023-05-23 10:24:37,983 [Listener at 127.0.0.1/15004] INFO  server.RaftServerConfigKeys (ConfUtils.java:logGet(46)) - raft.server.rpc.request.timeout = 60s (custom)
2023-05-23 10:24:37,983 [Listener at 127.0.0.1/15004] INFO  grpc.GrpcConfigKeys (ConfUtils.java:logGet(46)) - raft.grpc.server.heartbeat.channel = true (default)
2023-05-23 10:24:37,983 [Listener at 127.0.0.1/15004] INFO  grpc.GrpcConfigKeys (ConfUtils.java:logGet(46)) - raft.grpc.server.async.request.thread.pool.cached = true (default)
2023-05-23 10:24:37,983 [Listener at 127.0.0.1/15004] INFO  grpc.GrpcConfigKeys (ConfUtils.java:logGet(46)) - raft.grpc.server.async.request.thread.pool.size = 32 (default)
2023-05-23 10:24:37,985 [Listener at 127.0.0.1/15004] INFO  impl.DataStreamServerImpl (ConfUtils.java:logGet(46)) - raft.datastream.type = NETTY (custom)
2023-05-23 10:24:37,986 [Listener at 127.0.0.1/15004] INFO  server.RaftServerConfigKeys (ConfUtils.java:logGet(46)) - raft.server.data-stream.async.request.thread.pool.cached = false (default)
2023-05-23 10:24:37,986 [Listener at 127.0.0.1/15004] INFO  server.RaftServerConfigKeys (ConfUtils.java:logGet(46)) - raft.server.data-stream.async.request.thread.pool.size = 20 (custom)
2023-05-23 10:24:37,986 [Listener at 127.0.0.1/15004] INFO  server.RaftServerConfigKeys (ConfUtils.java:logGet(46)) - raft.server.data-stream.async.write.thread.pool.size = 16 (default)
2023-05-23 10:24:37,986 [Listener at 127.0.0.1/15004] INFO  server.RaftServerConfigKeys (ConfUtils.java:logGet(46)) - raft.server.data-stream.client.pool.size = 10 (default)
2023-05-23 10:24:37,986 [Listener at 127.0.0.1/15004] INFO  netty.NettyConfigKeys$DataStream (ConfUtils.java:logGet(46)) - raft.netty.dataStream.server.use-epoll = false (default)
2023-05-23 10:24:37,986 [Listener at 127.0.0.1/15004] INFO  netty.NettyConfigKeys$DataStream (ConfUtils.java:logGet(46)) - raft.netty.dataStream.server.boss-group.size = 0 (default)
2023-05-23 10:24:37,987 [Listener at 127.0.0.1/15004] INFO  netty.NettyConfigKeys$DataStream (ConfUtils.java:logGet(46)) - raft.netty.dataStream.server.worker-group.size = 0 (default)
2023-05-23 10:24:37,987 [Listener at 127.0.0.1/15004] INFO  netty.NettyConfigKeys$DataStream (ConfUtils.java:logGet(46)) - raft.netty.dataStream.server.tls.conf = null (default)
2023-05-23 10:24:37,987 [Listener at 127.0.0.1/15004] INFO  netty.NettyConfigKeys$DataStream (ConfUtils.java:logGet(46)) - raft.netty.dataStream.host = null (default)
2023-05-23 10:24:37,987 [Listener at 127.0.0.1/15004] INFO  netty.NettyConfigKeys$DataStream (ConfUtils.java:logGet(46)) - raft.netty.dataStream.port = 15046 (custom)
2023-05-23 10:24:37,988 [Listener at 127.0.0.1/15004] INFO  server.RaftServerConfigKeys (ConfUtils.java:logGet(46)) - raft.server.threadpool.proxy.cached = true (default)
2023-05-23 10:24:37,988 [Listener at 127.0.0.1/15004] INFO  server.RaftServerConfigKeys (ConfUtils.java:logGet(46)) - raft.server.threadpool.proxy.size = 0 (default)
2023-05-23 10:24:37,988 [Listener at 127.0.0.1/15004] INFO  server.RaftServerConfigKeys (ConfUtils.java:logGet(46)) - raft.server.rpc.slowness.timeout = 300s (custom)
2023-05-23 10:24:37,988 [Listener at 127.0.0.1/15004] INFO  server.RaftServerConfigKeys (ConfUtils.java:logGet(46)) - raft.server.leaderelection.leader.step-down.wait-time = 10s (default)
2023-05-23 10:24:37,988 [Listener at 127.0.0.1/15004] INFO  server.RaftServerConfigKeys (ConfUtils.java:logGet(46)) - raft.server.storage.dir = [/home/runner/work/ozone/ozone/hadoop-ozone/integration-test/target/test-dir/MiniOzoneClusterImpl-95ea0607-12be-46e0-be72-f6ffafe0ad81/datanode-4/data/ratis] (custom)
2023-05-23 10:24:37,993 [7e4b7257-5563-4054-b0a0-e23b6b773055-NettyServerStreamRpc-bossGroup--thread1] INFO  logging.LoggingHandler (AbstractInternalLogger.java:log(148)) - [id: 0x04a10f01] REGISTERED
2023-05-23 10:24:37,993 [7e4b7257-5563-4054-b0a0-e23b6b773055-NettyServerStreamRpc-bossGroup--thread1] INFO  logging.LoggingHandler (AbstractInternalLogger.java:log(148)) - [id: 0x04a10f01] BIND: 0.0.0.0/0.0.0.0:15046
2023-05-23 10:24:37,993 [7e4b7257-5563-4054-b0a0-e23b6b773055-NettyServerStreamRpc-bossGroup--thread1] INFO  logging.LoggingHandler (AbstractInternalLogger.java:log(148)) - [id: 0x04a10f01, L:/0:0:0:0:0:0:0:0:15046] ACTIVE
2023-05-23 10:24:37,994 [Listener at 127.0.0.1/15004] INFO  server.XceiverServerGrpc (XceiverServerGrpc.java:<init>(132)) - GrpcServer channel type EpollServerSocketChannel
2023-05-23 10:24:37,998 [Listener at 127.0.0.1/15004] INFO  replication.ReplicationSupervisor (ReplicationSupervisor.java:nodeStateUpdated(296)) - Node state updated to IN_SERVICE, scaling executor pool size to 10
2023-05-23 10:24:38,002 [Listener at 127.0.0.1/15004] INFO  http.BaseHttpServer (BaseHttpServer.java:newHttpServer2BuilderForOzone(224)) - Starting Web-server for hddsDatanode at: http://0.0.0.0:15041
2023-05-23 10:24:38,002 [Listener at 127.0.0.1/15004] INFO  http.BaseHttpServer (BaseHttpServer.java:<init>(111)) - Hadoop Security Enabled: false Ozone Security Enabled: false Ozone HTTP Security Enabled: false 
2023-05-23 10:24:38,003 [Listener at 127.0.0.1/15004] WARN  server.AuthenticationFilter (AuthenticationFilter.java:constructSecretProvider(240)) - Unable to initialize FileSignerSecretProvider, falling back to use random secrets. Reason: Could not read signature secret file: /home/runner/hadoop-http-auth-signature-secret
2023-05-23 10:24:38,004 [Listener at 127.0.0.1/15004] INFO  http.HttpRequestLog (HttpRequestLog.java:getRequestLog(86)) - Http request log for http.requests.hddsDatanode is not defined
2023-05-23 10:24:38,006 [Listener at 127.0.0.1/15004] INFO  http.HttpServer2 (HttpServer2.java:addGlobalFilter(1031)) - Added global filter 'safety' (class=org.apache.hadoop.hdds.server.http.HttpServer2$QuotingInputFilter)
2023-05-23 10:24:38,006 [Listener at 127.0.0.1/15004] INFO  http.HttpServer2 (HttpServer2.java:addFilter(1007)) - Added filter static_user_filter (class=org.apache.hadoop.http.lib.StaticUserWebFilter$StaticUserFilter) to context hddsDatanode
2023-05-23 10:24:38,007 [Listener at 127.0.0.1/15004] INFO  http.HttpServer2 (HttpServer2.java:addFilter(1015)) - Added filter static_user_filter (class=org.apache.hadoop.http.lib.StaticUserWebFilter$StaticUserFilter) to context logs
2023-05-23 10:24:38,007 [Listener at 127.0.0.1/15004] INFO  http.HttpServer2 (HttpServer2.java:addFilter(1015)) - Added filter static_user_filter (class=org.apache.hadoop.http.lib.StaticUserWebFilter$StaticUserFilter) to context static
2023-05-23 10:24:38,008 [Listener at 127.0.0.1/15004] INFO  http.BaseHttpServer (BaseHttpServer.java:<init>(190)) - HTTP server of hddsDatanode uses base directory /home/runner/work/ozone/ozone/hadoop-ozone/integration-test/target/test-dir/MiniOzoneClusterImpl-95ea0607-12be-46e0-be72-f6ffafe0ad81/datanode-4/meta/webserver
2023-05-23 10:24:38,008 [Listener at 127.0.0.1/15004] INFO  http.HttpServer2 (HttpServer2.java:bindListener(1250)) - Jetty bound to port 15041
2023-05-23 10:24:38,008 [Listener at 127.0.0.1/15004] INFO  server.Server (Server.java:doStart(375)) - jetty-9.4.51.v20230217; built: 2023-02-17T08:19:37.309Z; git: b45c405e4544384de066f814ed42ae3dceacdd49; jvm 1.8.0_362-b09
2023-05-23 10:24:38,010 [Listener at 127.0.0.1/15004] INFO  server.session (DefaultSessionIdManager.java:doStart(334)) - DefaultSessionIdManager workerName=node0
2023-05-23 10:24:38,010 [Listener at 127.0.0.1/15004] INFO  server.session (DefaultSessionIdManager.java:doStart(339)) - No SessionScavenger set, using defaults
2023-05-23 10:24:38,010 [Listener at 127.0.0.1/15004] INFO  server.session (HouseKeeper.java:startScavenging(132)) - node0 Scavenging every 660000ms
2023-05-23 10:24:38,011 [Listener at 127.0.0.1/15004] INFO  handler.ContextHandler (ContextHandler.java:doStart(921)) - Started o.e.j.s.ServletContextHandler@519b9a9e{logs,/logs,file:///home/runner/work/ozone/ozone/hadoop-ozone/integration-test/target/log,AVAILABLE}
2023-05-23 10:24:38,011 [Listener at 127.0.0.1/15004] INFO  handler.ContextHandler (ContextHandler.java:doStart(921)) - Started o.e.j.s.ServletContextHandler@46668f19{static,/static,jar:file:/home/runner/.m2/repository/org/apache/ozone/hdds-container-service/1.4.0-SNAPSHOT/hdds-container-service-1.4.0-SNAPSHOT.jar!/webapps/static,AVAILABLE}
2023-05-23 10:24:38,236 [Listener at 127.0.0.1/15004] INFO  handler.ContextHandler (ContextHandler.java:doStart(921)) - Started o.e.j.w.WebAppContext@6f0ed0de{hddsDatanode,/,file:///home/runner/work/ozone/ozone/hadoop-ozone/integration-test/target/test-dir/MiniOzoneClusterImpl-95ea0607-12be-46e0-be72-f6ffafe0ad81/datanode-4/meta/webserver/jetty-0_0_0_0-15041-hdds-container-service-1_4_0-SNAPSHOT_jar-_-any-226643895169730723/webapp/,AVAILABLE}{jar:file:/home/runner/.m2/repository/org/apache/ozone/hdds-container-service/1.4.0-SNAPSHOT/hdds-container-service-1.4.0-SNAPSHOT.jar!/webapps/hddsDatanode}
2023-05-23 10:24:38,238 [Listener at 127.0.0.1/15004] INFO  server.AbstractConnector (AbstractConnector.java:doStart(333)) - Started ServerConnector@2b8b5c79{HTTP/1.1, (http/1.1)}{0.0.0.0:15041}
2023-05-23 10:24:38,238 [Listener at 127.0.0.1/15004] INFO  server.Server (Server.java:doStart(415)) - Started @11290ms
2023-05-23 10:24:38,238 [Listener at 127.0.0.1/15004] WARN  impl.MetricsSystemImpl (MetricsSystemImpl.java:register(279)) - Sink prometheus already exists!
2023-05-23 10:24:38,239 [Listener at 127.0.0.1/15004] INFO  http.BaseHttpServer (BaseHttpServer.java:updateConnectorAddress(344)) - HTTP server of hddsDatanode listening at http://0.0.0.0:15041
2023-05-23 10:24:38,240 [Datanode State Machine Daemon Thread] INFO  statemachine.DatanodeStateMachine (DatanodeStateMachine.java:lambda$startDaemon$0(524)) - Ozone container server started.
2023-05-23 10:24:38,242 [Listener at 127.0.0.1/15004] INFO  ozone.MiniOzoneClusterImpl (MiniOzoneClusterImpl.java:lambda$waitForClusterToBeReady$0(222)) - Waiting for nodes to be ready. Got 0 of 5 DN Heartbeats.
2023-05-23 10:24:38,245 [Listener at 127.0.0.1/15004] INFO  ozone.MiniOzoneClusterImpl (MiniOzoneClusterImpl.java:lambda$waitForClusterToBeReady$0(225)) - Waiting for cluster to exit safe mode
2023-05-23 10:24:38,245 [Listener at 127.0.0.1/15004] INFO  ozone.MiniOzoneClusterImpl (MiniOzoneClusterImpl.java:lambda$waitForClusterToBeReady$0(227)) - SCM became leader
2023-05-23 10:24:38,251 [org.apache.hadoop.util.JvmPauseMonitor$Monitor@464338c8] INFO  util.JvmPauseMonitor (JvmPauseMonitor.java:run(188)) - Starting JVM pause monitor
2023-05-23 10:24:38,254 [Datanode State Machine Task Thread - 0] INFO  datanode.InitDatanodeState (InitDatanodeState.java:persistContainerDatanodeDetails(138)) - DatanodeDetails is persisted to /home/runner/work/ozone/ozone/hadoop-ozone/integration-test/target/test-dir/MiniOzoneClusterImpl-95ea0607-12be-46e0-be72-f6ffafe0ad81/datanode-4/meta/datanode.id
2023-05-23 10:24:38,516 [ReplicationMonitor] INFO  replication.ReplicationManager (ReplicationManager.java:processAll(375)) - Replication Manager is not ready to run until 3000ms after safemode exit
2023-05-23 10:24:38,732 [EndpointStateMachine task thread for /0.0.0.0:15002 - 0 ] INFO  utils.DatanodeStoreCache (DatanodeStoreCache.java:addDB(66)) - Added db /home/runner/work/ozone/ozone/hadoop-ozone/integration-test/target/test-dir/MiniOzoneClusterImpl-95ea0607-12be-46e0-be72-f6ffafe0ad81/datanode-0/data-0/containers/hdds/95ea0607-12be-46e0-be72-f6ffafe0ad81/DS-f0da91af-e848-4f0a-afeb-14faff8a02d0/container.db to cache
2023-05-23 10:24:38,732 [EndpointStateMachine task thread for /0.0.0.0:15002 - 0 ] INFO  volume.HddsVolume (HddsVolume.java:createDbStore(350)) - SchemaV3 db is created and loaded at /home/runner/work/ozone/ozone/hadoop-ozone/integration-test/target/test-dir/MiniOzoneClusterImpl-95ea0607-12be-46e0-be72-f6ffafe0ad81/datanode-0/data-0/containers/hdds/95ea0607-12be-46e0-be72-f6ffafe0ad81/DS-f0da91af-e848-4f0a-afeb-14faff8a02d0/container.db for volume DS-f0da91af-e848-4f0a-afeb-14faff8a02d0
2023-05-23 10:24:38,735 [EndpointStateMachine task thread for /0.0.0.0:15002 - 0 ] INFO  ozoneimpl.OzoneContainer (OzoneContainer.java:start(397)) - Attempting to start container services.
2023-05-23 10:24:38,737 [EndpointStateMachine task thread for /0.0.0.0:15002 - 0 ] INFO  ozoneimpl.OzoneContainer (OzoneContainer.java:startContainerScrub(314)) - Scheduled background container scanners and the on-demand container scanner have been disabled.
2023-05-23 10:24:38,740 [EndpointStateMachine task thread for /0.0.0.0:15002 - 0 ] INFO  replication.ReplicationServer (ReplicationServer.java:start(128)) - ReplicationServer is started using port 15015
2023-05-23 10:24:38,740 [EndpointStateMachine task thread for /0.0.0.0:15002 - 0 ] INFO  ratis.XceiverServerRatis (XceiverServerRatis.java:start(517)) - Starting XceiverServerRatis b2d3243d-5675-45e1-a91c-710d3aed9e7e
2023-05-23 10:24:38,747 [EndpointStateMachine task thread for /0.0.0.0:15002 - 0 ] INFO  server.RaftServer (RaftServerProxy.java:startImpl(400)) - b2d3243d-5675-45e1-a91c-710d3aed9e7e: start RPC server
2023-05-23 10:24:38,763 [EndpointStateMachine task thread for /0.0.0.0:15002 - 0 ] INFO  server.GrpcService (GrpcService.java:startImpl(302)) - b2d3243d-5675-45e1-a91c-710d3aed9e7e: GrpcService started, listening on 15011
2023-05-23 10:24:38,765 [EndpointStateMachine task thread for /0.0.0.0:15002 - 0 ] INFO  server.GrpcService (GrpcService.java:startImpl(302)) - b2d3243d-5675-45e1-a91c-710d3aed9e7e: GrpcService started, listening on 15013
2023-05-23 10:24:38,766 [EndpointStateMachine task thread for /0.0.0.0:15002 - 0 ] INFO  server.GrpcService (GrpcService.java:startImpl(302)) - b2d3243d-5675-45e1-a91c-710d3aed9e7e: GrpcService started, listening on 15012
2023-05-23 10:24:38,769 [EndpointStateMachine task thread for /0.0.0.0:15002 - 0 ] INFO  ratis.XceiverServerRatis (XceiverServerRatis.java:getRealPort(543)) - XceiverServerRatis b2d3243d-5675-45e1-a91c-710d3aed9e7e is started using port 15011 for RATIS
2023-05-23 10:24:38,769 [EndpointStateMachine task thread for /0.0.0.0:15002 - 0 ] INFO  ratis.XceiverServerRatis (XceiverServerRatis.java:getRealPort(543)) - XceiverServerRatis b2d3243d-5675-45e1-a91c-710d3aed9e7e is started using port 15012 for RATIS_ADMIN
2023-05-23 10:24:38,769 [EndpointStateMachine task thread for /0.0.0.0:15002 - 0 ] INFO  ratis.XceiverServerRatis (XceiverServerRatis.java:getRealPort(543)) - XceiverServerRatis b2d3243d-5675-45e1-a91c-710d3aed9e7e is started using port 15013 for RATIS_SERVER
2023-05-23 10:24:38,769 [EndpointStateMachine task thread for /0.0.0.0:15002 - 0 ] INFO  ratis.XceiverServerRatis (XceiverServerRatis.java:getRealPort(543)) - XceiverServerRatis b2d3243d-5675-45e1-a91c-710d3aed9e7e is started using port 15014 for RATIS_DATASTREAM
2023-05-23 10:24:38,769 [JvmPauseMonitor1] INFO  util.JvmPauseMonitor (JvmPauseMonitor.java:run(103)) - JvmPauseMonitor-b2d3243d-5675-45e1-a91c-710d3aed9e7e: Started
2023-05-23 10:24:38,791 [BlockDeletingService#0] INFO  interfaces.ContainerDeletionChoosingPolicyTemplate (ContainerDeletionChoosingPolicyTemplate.java:chooseContainerForBlockDeletion(83)) - Chosen 0/5000 blocks from 0 candidate containers.
2023-05-23 10:24:39,196 [EndpointStateMachine task thread for /0.0.0.0:15002 - 0 ] INFO  utils.DatanodeStoreCache (DatanodeStoreCache.java:addDB(66)) - Added db /home/runner/work/ozone/ozone/hadoop-ozone/integration-test/target/test-dir/MiniOzoneClusterImpl-95ea0607-12be-46e0-be72-f6ffafe0ad81/datanode-1/data-0/containers/hdds/95ea0607-12be-46e0-be72-f6ffafe0ad81/DS-6cfb76f3-0a8a-4d44-bef1-ffa1b820fd4d/container.db to cache
2023-05-23 10:24:39,196 [EndpointStateMachine task thread for /0.0.0.0:15002 - 0 ] INFO  volume.HddsVolume (HddsVolume.java:createDbStore(350)) - SchemaV3 db is created and loaded at /home/runner/work/ozone/ozone/hadoop-ozone/integration-test/target/test-dir/MiniOzoneClusterImpl-95ea0607-12be-46e0-be72-f6ffafe0ad81/datanode-1/data-0/containers/hdds/95ea0607-12be-46e0-be72-f6ffafe0ad81/DS-6cfb76f3-0a8a-4d44-bef1-ffa1b820fd4d/container.db for volume DS-6cfb76f3-0a8a-4d44-bef1-ffa1b820fd4d
2023-05-23 10:24:39,198 [EndpointStateMachine task thread for /0.0.0.0:15002 - 0 ] INFO  ozoneimpl.OzoneContainer (OzoneContainer.java:start(397)) - Attempting to start container services.
2023-05-23 10:24:39,198 [EndpointStateMachine task thread for /0.0.0.0:15002 - 0 ] INFO  ozoneimpl.OzoneContainer (OzoneContainer.java:startContainerScrub(314)) - Scheduled background container scanners and the on-demand container scanner have been disabled.
2023-05-23 10:24:39,200 [EndpointStateMachine task thread for /0.0.0.0:15002 - 0 ] INFO  replication.ReplicationServer (ReplicationServer.java:start(128)) - ReplicationServer is started using port 15023
2023-05-23 10:24:39,201 [EndpointStateMachine task thread for /0.0.0.0:15002 - 0 ] INFO  ratis.XceiverServerRatis (XceiverServerRatis.java:start(517)) - Starting XceiverServerRatis 6a8c5c8c-0ee8-4287-ac95-4d490c63ac6c
2023-05-23 10:24:39,205 [EndpointStateMachine task thread for /0.0.0.0:15002 - 0 ] INFO  server.RaftServer (RaftServerProxy.java:startImpl(400)) - 6a8c5c8c-0ee8-4287-ac95-4d490c63ac6c: start RPC server
2023-05-23 10:24:39,206 [EndpointStateMachine task thread for /0.0.0.0:15002 - 0 ] INFO  server.GrpcService (GrpcService.java:startImpl(302)) - 6a8c5c8c-0ee8-4287-ac95-4d490c63ac6c: GrpcService started, listening on 15019
2023-05-23 10:24:39,209 [EndpointStateMachine task thread for /0.0.0.0:15002 - 0 ] INFO  server.GrpcService (GrpcService.java:startImpl(302)) - 6a8c5c8c-0ee8-4287-ac95-4d490c63ac6c: GrpcService started, listening on 15021
2023-05-23 10:24:39,211 [EndpointStateMachine task thread for /0.0.0.0:15002 - 0 ] INFO  server.GrpcService (GrpcService.java:startImpl(302)) - 6a8c5c8c-0ee8-4287-ac95-4d490c63ac6c: GrpcService started, listening on 15020
2023-05-23 10:24:39,212 [EndpointStateMachine task thread for /0.0.0.0:15002 - 0 ] INFO  ratis.XceiverServerRatis (XceiverServerRatis.java:getRealPort(543)) - XceiverServerRatis 6a8c5c8c-0ee8-4287-ac95-4d490c63ac6c is started using port 15019 for RATIS
2023-05-23 10:24:39,212 [EndpointStateMachine task thread for /0.0.0.0:15002 - 0 ] INFO  ratis.XceiverServerRatis (XceiverServerRatis.java:getRealPort(543)) - XceiverServerRatis 6a8c5c8c-0ee8-4287-ac95-4d490c63ac6c is started using port 15020 for RATIS_ADMIN
2023-05-23 10:24:39,212 [JvmPauseMonitor2] INFO  util.JvmPauseMonitor (JvmPauseMonitor.java:run(103)) - JvmPauseMonitor-6a8c5c8c-0ee8-4287-ac95-4d490c63ac6c: Started
2023-05-23 10:24:39,212 [EndpointStateMachine task thread for /0.0.0.0:15002 - 0 ] INFO  ratis.XceiverServerRatis (XceiverServerRatis.java:getRealPort(543)) - XceiverServerRatis 6a8c5c8c-0ee8-4287-ac95-4d490c63ac6c is started using port 15021 for RATIS_SERVER
2023-05-23 10:24:39,212 [EndpointStateMachine task thread for /0.0.0.0:15002 - 0 ] INFO  ratis.XceiverServerRatis (XceiverServerRatis.java:getRealPort(543)) - XceiverServerRatis 6a8c5c8c-0ee8-4287-ac95-4d490c63ac6c is started using port 15022 for RATIS_DATASTREAM
2023-05-23 10:24:39,225 [BlockDeletingService#0] INFO  interfaces.ContainerDeletionChoosingPolicyTemplate (ContainerDeletionChoosingPolicyTemplate.java:chooseContainerForBlockDeletion(83)) - Chosen 0/5000 blocks from 0 candidate containers.
2023-05-23 10:24:39,246 [Listener at 127.0.0.1/15004] INFO  ozone.MiniOzoneClusterImpl (MiniOzoneClusterImpl.java:lambda$waitForClusterToBeReady$0(222)) - Waiting for nodes to be ready. Got 0 of 5 DN Heartbeats.
2023-05-23 10:24:39,246 [Listener at 127.0.0.1/15004] INFO  ozone.MiniOzoneClusterImpl (MiniOzoneClusterImpl.java:lambda$waitForClusterToBeReady$0(225)) - Waiting for cluster to exit safe mode
2023-05-23 10:24:39,246 [Listener at 127.0.0.1/15004] INFO  ozone.MiniOzoneClusterImpl (MiniOzoneClusterImpl.java:lambda$waitForClusterToBeReady$0(227)) - SCM became leader
2023-05-23 10:24:39,517 [ReplicationMonitor] INFO  replication.ReplicationManager (ReplicationManager.java:processAll(375)) - Replication Manager is not ready to run until 3000ms after safemode exit
2023-05-23 10:24:39,597 [EndpointStateMachine task thread for /0.0.0.0:15002 - 0 ] INFO  utils.DatanodeStoreCache (DatanodeStoreCache.java:addDB(66)) - Added db /home/runner/work/ozone/ozone/hadoop-ozone/integration-test/target/test-dir/MiniOzoneClusterImpl-95ea0607-12be-46e0-be72-f6ffafe0ad81/datanode-2/data-0/containers/hdds/95ea0607-12be-46e0-be72-f6ffafe0ad81/DS-f7e9030c-5df9-48ec-8697-a76fd45b0cc2/container.db to cache
2023-05-23 10:24:39,598 [EndpointStateMachine task thread for /0.0.0.0:15002 - 0 ] INFO  volume.HddsVolume (HddsVolume.java:createDbStore(350)) - SchemaV3 db is created and loaded at /home/runner/work/ozone/ozone/hadoop-ozone/integration-test/target/test-dir/MiniOzoneClusterImpl-95ea0607-12be-46e0-be72-f6ffafe0ad81/datanode-2/data-0/containers/hdds/95ea0607-12be-46e0-be72-f6ffafe0ad81/DS-f7e9030c-5df9-48ec-8697-a76fd45b0cc2/container.db for volume DS-f7e9030c-5df9-48ec-8697-a76fd45b0cc2
2023-05-23 10:24:39,598 [EndpointStateMachine task thread for /0.0.0.0:15002 - 0 ] INFO  ozoneimpl.OzoneContainer (OzoneContainer.java:start(397)) - Attempting to start container services.
2023-05-23 10:24:39,598 [EndpointStateMachine task thread for /0.0.0.0:15002 - 0 ] INFO  ozoneimpl.OzoneContainer (OzoneContainer.java:startContainerScrub(314)) - Scheduled background container scanners and the on-demand container scanner have been disabled.
2023-05-23 10:24:39,600 [EndpointStateMachine task thread for /0.0.0.0:15002 - 0 ] INFO  replication.ReplicationServer (ReplicationServer.java:start(128)) - ReplicationServer is started using port 15031
2023-05-23 10:24:39,600 [EndpointStateMachine task thread for /0.0.0.0:15002 - 0 ] INFO  ratis.XceiverServerRatis (XceiverServerRatis.java:start(517)) - Starting XceiverServerRatis e2067284-0d49-4f78-bd84-4dfeb1c34035
2023-05-23 10:24:39,601 [EndpointStateMachine task thread for /0.0.0.0:15002 - 0 ] INFO  server.RaftServer (RaftServerProxy.java:startImpl(400)) - e2067284-0d49-4f78-bd84-4dfeb1c34035: start RPC server
2023-05-23 10:24:39,607 [EndpointStateMachine task thread for /0.0.0.0:15002 - 0 ] INFO  server.GrpcService (GrpcService.java:startImpl(302)) - e2067284-0d49-4f78-bd84-4dfeb1c34035: GrpcService started, listening on 15027
2023-05-23 10:24:39,610 [EndpointStateMachine task thread for /0.0.0.0:15002 - 0 ] INFO  server.GrpcService (GrpcService.java:startImpl(302)) - e2067284-0d49-4f78-bd84-4dfeb1c34035: GrpcService started, listening on 15029
2023-05-23 10:24:39,612 [EndpointStateMachine task thread for /0.0.0.0:15002 - 0 ] INFO  server.GrpcService (GrpcService.java:startImpl(302)) - e2067284-0d49-4f78-bd84-4dfeb1c34035: GrpcService started, listening on 15028
2023-05-23 10:24:39,612 [EndpointStateMachine task thread for /0.0.0.0:15002 - 0 ] INFO  ratis.XceiverServerRatis (XceiverServerRatis.java:getRealPort(543)) - XceiverServerRatis e2067284-0d49-4f78-bd84-4dfeb1c34035 is started using port 15027 for RATIS
2023-05-23 10:24:39,612 [EndpointStateMachine task thread for /0.0.0.0:15002 - 0 ] INFO  ratis.XceiverServerRatis (XceiverServerRatis.java:getRealPort(543)) - XceiverServerRatis e2067284-0d49-4f78-bd84-4dfeb1c34035 is started using port 15028 for RATIS_ADMIN
2023-05-23 10:24:39,612 [EndpointStateMachine task thread for /0.0.0.0:15002 - 0 ] INFO  ratis.XceiverServerRatis (XceiverServerRatis.java:getRealPort(543)) - XceiverServerRatis e2067284-0d49-4f78-bd84-4dfeb1c34035 is started using port 15029 for RATIS_SERVER
2023-05-23 10:24:39,612 [EndpointStateMachine task thread for /0.0.0.0:15002 - 0 ] INFO  ratis.XceiverServerRatis (XceiverServerRatis.java:getRealPort(543)) - XceiverServerRatis e2067284-0d49-4f78-bd84-4dfeb1c34035 is started using port 15030 for RATIS_DATASTREAM
2023-05-23 10:24:39,612 [JvmPauseMonitor3] INFO  util.JvmPauseMonitor (JvmPauseMonitor.java:run(103)) - JvmPauseMonitor-e2067284-0d49-4f78-bd84-4dfeb1c34035: Started
2023-05-23 10:24:39,628 [BlockDeletingService#0] INFO  interfaces.ContainerDeletionChoosingPolicyTemplate (ContainerDeletionChoosingPolicyTemplate.java:chooseContainerForBlockDeletion(83)) - Chosen 0/5000 blocks from 0 candidate containers.
2023-05-23 10:24:39,958 [EndpointStateMachine task thread for /0.0.0.0:15002 - 0 ] INFO  utils.DatanodeStoreCache (DatanodeStoreCache.java:addDB(66)) - Added db /home/runner/work/ozone/ozone/hadoop-ozone/integration-test/target/test-dir/MiniOzoneClusterImpl-95ea0607-12be-46e0-be72-f6ffafe0ad81/datanode-3/data-0/containers/hdds/95ea0607-12be-46e0-be72-f6ffafe0ad81/DS-e63d50c4-6c5d-448a-9b31-cdfd66248640/container.db to cache
2023-05-23 10:24:39,958 [EndpointStateMachine task thread for /0.0.0.0:15002 - 0 ] INFO  volume.HddsVolume (HddsVolume.java:createDbStore(350)) - SchemaV3 db is created and loaded at /home/runner/work/ozone/ozone/hadoop-ozone/integration-test/target/test-dir/MiniOzoneClusterImpl-95ea0607-12be-46e0-be72-f6ffafe0ad81/datanode-3/data-0/containers/hdds/95ea0607-12be-46e0-be72-f6ffafe0ad81/DS-e63d50c4-6c5d-448a-9b31-cdfd66248640/container.db for volume DS-e63d50c4-6c5d-448a-9b31-cdfd66248640
2023-05-23 10:24:39,959 [EndpointStateMachine task thread for /0.0.0.0:15002 - 0 ] INFO  ozoneimpl.OzoneContainer (OzoneContainer.java:start(397)) - Attempting to start container services.
2023-05-23 10:24:39,959 [EndpointStateMachine task thread for /0.0.0.0:15002 - 0 ] INFO  ozoneimpl.OzoneContainer (OzoneContainer.java:startContainerScrub(314)) - Scheduled background container scanners and the on-demand container scanner have been disabled.
2023-05-23 10:24:39,963 [EndpointStateMachine task thread for /0.0.0.0:15002 - 0 ] INFO  replication.ReplicationServer (ReplicationServer.java:start(128)) - ReplicationServer is started using port 15039
2023-05-23 10:24:39,963 [EndpointStateMachine task thread for /0.0.0.0:15002 - 0 ] INFO  ratis.XceiverServerRatis (XceiverServerRatis.java:start(517)) - Starting XceiverServerRatis 6321734e-47b1-462e-9f32-22d48b3b1ad8
2023-05-23 10:24:39,963 [EndpointStateMachine task thread for /0.0.0.0:15002 - 0 ] INFO  server.RaftServer (RaftServerProxy.java:startImpl(400)) - 6321734e-47b1-462e-9f32-22d48b3b1ad8: start RPC server
2023-05-23 10:24:39,966 [EndpointStateMachine task thread for /0.0.0.0:15002 - 0 ] INFO  server.GrpcService (GrpcService.java:startImpl(302)) - 6321734e-47b1-462e-9f32-22d48b3b1ad8: GrpcService started, listening on 15035
2023-05-23 10:24:39,970 [EndpointStateMachine task thread for /0.0.0.0:15002 - 0 ] INFO  server.GrpcService (GrpcService.java:startImpl(302)) - 6321734e-47b1-462e-9f32-22d48b3b1ad8: GrpcService started, listening on 15037
2023-05-23 10:24:39,974 [EndpointStateMachine task thread for /0.0.0.0:15002 - 0 ] INFO  server.GrpcService (GrpcService.java:startImpl(302)) - 6321734e-47b1-462e-9f32-22d48b3b1ad8: GrpcService started, listening on 15036
2023-05-23 10:24:39,975 [EndpointStateMachine task thread for /0.0.0.0:15002 - 0 ] INFO  ratis.XceiverServerRatis (XceiverServerRatis.java:getRealPort(543)) - XceiverServerRatis 6321734e-47b1-462e-9f32-22d48b3b1ad8 is started using port 15035 for RATIS
2023-05-23 10:24:39,975 [JvmPauseMonitor4] INFO  util.JvmPauseMonitor (JvmPauseMonitor.java:run(103)) - JvmPauseMonitor-6321734e-47b1-462e-9f32-22d48b3b1ad8: Started
2023-05-23 10:24:39,975 [EndpointStateMachine task thread for /0.0.0.0:15002 - 0 ] INFO  ratis.XceiverServerRatis (XceiverServerRatis.java:getRealPort(543)) - XceiverServerRatis 6321734e-47b1-462e-9f32-22d48b3b1ad8 is started using port 15036 for RATIS_ADMIN
2023-05-23 10:24:39,975 [EndpointStateMachine task thread for /0.0.0.0:15002 - 0 ] INFO  ratis.XceiverServerRatis (XceiverServerRatis.java:getRealPort(543)) - XceiverServerRatis 6321734e-47b1-462e-9f32-22d48b3b1ad8 is started using port 15037 for RATIS_SERVER
2023-05-23 10:24:39,975 [EndpointStateMachine task thread for /0.0.0.0:15002 - 0 ] INFO  ratis.XceiverServerRatis (XceiverServerRatis.java:getRealPort(543)) - XceiverServerRatis 6321734e-47b1-462e-9f32-22d48b3b1ad8 is started using port 15038 for RATIS_DATASTREAM
2023-05-23 10:24:39,988 [BlockDeletingService#0] INFO  interfaces.ContainerDeletionChoosingPolicyTemplate (ContainerDeletionChoosingPolicyTemplate.java:chooseContainerForBlockDeletion(83)) - Chosen 0/5000 blocks from 0 candidate containers.
2023-05-23 10:24:40,246 [Listener at 127.0.0.1/15004] INFO  ozone.MiniOzoneClusterImpl (MiniOzoneClusterImpl.java:lambda$waitForClusterToBeReady$0(222)) - Waiting for nodes to be ready. Got 0 of 5 DN Heartbeats.
2023-05-23 10:24:40,247 [Listener at 127.0.0.1/15004] INFO  ozone.MiniOzoneClusterImpl (MiniOzoneClusterImpl.java:lambda$waitForClusterToBeReady$0(225)) - Waiting for cluster to exit safe mode
2023-05-23 10:24:40,247 [Listener at 127.0.0.1/15004] INFO  ozone.MiniOzoneClusterImpl (MiniOzoneClusterImpl.java:lambda$waitForClusterToBeReady$0(227)) - SCM became leader
2023-05-23 10:24:40,299 [EndpointStateMachine task thread for /0.0.0.0:15002 - 0 ] INFO  utils.DatanodeStoreCache (DatanodeStoreCache.java:addDB(66)) - Added db /home/runner/work/ozone/ozone/hadoop-ozone/integration-test/target/test-dir/MiniOzoneClusterImpl-95ea0607-12be-46e0-be72-f6ffafe0ad81/datanode-4/data-0/containers/hdds/95ea0607-12be-46e0-be72-f6ffafe0ad81/DS-0cc61d3b-4dd5-453d-b6c9-39a5902bbc6e/container.db to cache
2023-05-23 10:24:40,299 [EndpointStateMachine task thread for /0.0.0.0:15002 - 0 ] INFO  volume.HddsVolume (HddsVolume.java:createDbStore(350)) - SchemaV3 db is created and loaded at /home/runner/work/ozone/ozone/hadoop-ozone/integration-test/target/test-dir/MiniOzoneClusterImpl-95ea0607-12be-46e0-be72-f6ffafe0ad81/datanode-4/data-0/containers/hdds/95ea0607-12be-46e0-be72-f6ffafe0ad81/DS-0cc61d3b-4dd5-453d-b6c9-39a5902bbc6e/container.db for volume DS-0cc61d3b-4dd5-453d-b6c9-39a5902bbc6e
2023-05-23 10:24:40,299 [EndpointStateMachine task thread for /0.0.0.0:15002 - 0 ] INFO  ozoneimpl.OzoneContainer (OzoneContainer.java:start(397)) - Attempting to start container services.
2023-05-23 10:24:40,300 [EndpointStateMachine task thread for /0.0.0.0:15002 - 0 ] INFO  ozoneimpl.OzoneContainer (OzoneContainer.java:startContainerScrub(314)) - Scheduled background container scanners and the on-demand container scanner have been disabled.
2023-05-23 10:24:40,303 [EndpointStateMachine task thread for /0.0.0.0:15002 - 0 ] INFO  replication.ReplicationServer (ReplicationServer.java:start(128)) - ReplicationServer is started using port 15047
2023-05-23 10:24:40,303 [EndpointStateMachine task thread for /0.0.0.0:15002 - 0 ] INFO  ratis.XceiverServerRatis (XceiverServerRatis.java:start(517)) - Starting XceiverServerRatis 7e4b7257-5563-4054-b0a0-e23b6b773055
2023-05-23 10:24:40,304 [EndpointStateMachine task thread for /0.0.0.0:15002 - 0 ] INFO  server.RaftServer (RaftServerProxy.java:startImpl(400)) - 7e4b7257-5563-4054-b0a0-e23b6b773055: start RPC server
2023-05-23 10:24:40,305 [EndpointStateMachine task thread for /0.0.0.0:15002 - 0 ] INFO  server.GrpcService (GrpcService.java:startImpl(302)) - 7e4b7257-5563-4054-b0a0-e23b6b773055: GrpcService started, listening on 15043
2023-05-23 10:24:40,306 [EndpointStateMachine task thread for /0.0.0.0:15002 - 0 ] INFO  server.GrpcService (GrpcService.java:startImpl(302)) - 7e4b7257-5563-4054-b0a0-e23b6b773055: GrpcService started, listening on 15045
2023-05-23 10:24:40,306 [EndpointStateMachine task thread for /0.0.0.0:15002 - 0 ] INFO  server.GrpcService (GrpcService.java:startImpl(302)) - 7e4b7257-5563-4054-b0a0-e23b6b773055: GrpcService started, listening on 15044
2023-05-23 10:24:40,307 [EndpointStateMachine task thread for /0.0.0.0:15002 - 0 ] INFO  ratis.XceiverServerRatis (XceiverServerRatis.java:getRealPort(543)) - XceiverServerRatis 7e4b7257-5563-4054-b0a0-e23b6b773055 is started using port 15043 for RATIS
2023-05-23 10:24:40,307 [EndpointStateMachine task thread for /0.0.0.0:15002 - 0 ] INFO  ratis.XceiverServerRatis (XceiverServerRatis.java:getRealPort(543)) - XceiverServerRatis 7e4b7257-5563-4054-b0a0-e23b6b773055 is started using port 15044 for RATIS_ADMIN
2023-05-23 10:24:40,307 [EndpointStateMachine task thread for /0.0.0.0:15002 - 0 ] INFO  ratis.XceiverServerRatis (XceiverServerRatis.java:getRealPort(543)) - XceiverServerRatis 7e4b7257-5563-4054-b0a0-e23b6b773055 is started using port 15045 for RATIS_SERVER
2023-05-23 10:24:40,307 [EndpointStateMachine task thread for /0.0.0.0:15002 - 0 ] INFO  ratis.XceiverServerRatis (XceiverServerRatis.java:getRealPort(543)) - XceiverServerRatis 7e4b7257-5563-4054-b0a0-e23b6b773055 is started using port 15046 for RATIS_DATASTREAM
2023-05-23 10:24:40,309 [JvmPauseMonitor5] INFO  util.JvmPauseMonitor (JvmPauseMonitor.java:run(103)) - JvmPauseMonitor-7e4b7257-5563-4054-b0a0-e23b6b773055: Started
2023-05-23 10:24:40,311 [BlockDeletingService#0] INFO  interfaces.ContainerDeletionChoosingPolicyTemplate (ContainerDeletionChoosingPolicyTemplate.java:chooseContainerForBlockDeletion(83)) - Chosen 0/5000 blocks from 0 candidate containers.
2023-05-23 10:24:40,517 [ReplicationMonitor] INFO  replication.ReplicationManager (ReplicationManager.java:processAll(375)) - Replication Manager is not ready to run until 3000ms after safemode exit
2023-05-23 10:24:40,617 [IPC Server handler 2 on default port 15002] INFO  net.NetworkTopologyImpl (NetworkTopologyImpl.java:add(112)) - Added a new node: /default-rack/b2d3243d-5675-45e1-a91c-710d3aed9e7e
2023-05-23 10:24:40,619 [IPC Server handler 2 on default port 15002] INFO  node.SCMNodeManager (SCMNodeManager.java:register(407)) - Registered Data node : b2d3243d-5675-45e1-a91c-710d3aed9e7e{ip: 10.1.0.38, host: fv-az1249-304, ports: [HTTP=15009, REPLICATION=15015, RATIS=15011, RATIS_ADMIN=15012, RATIS_SERVER=15013, RATIS_DATASTREAM=15014, STANDALONE=15010], networkLocation: /default-rack, certSerialId: null, persistedOpState: null, persistedOpStateExpiryEpochSec: 0}
2023-05-23 10:24:40,628 [EventQueue-NewNodeForNewNodeHandler] INFO  pipeline.BackgroundPipelineCreator (BackgroundPipelineCreator.java:notifyEventTriggered(276)) - trigger a one-shot run on RatisPipelineUtilsThread.
2023-05-23 10:24:40,630 [EventQueue-NodeRegistrationContainerReportForDataNodeSafeModeRule] INFO  safemode.SCMSafeModeManager (DataNodeSafeModeRule.java:process(71)) - SCM in safe mode. 1 DataNodes registered, 3 required.
2023-05-23 10:24:40,638 [RatisPipelineUtilsThread - 0] INFO  pipeline.RatisPipelineProvider (RatisPipelineProvider.java:lambda$create$0(206)) - Sending CreatePipelineCommand for pipeline:PipelineID=ea5379e2-295a-4407-903c-5fcc1eadb69a to datanode:b2d3243d-5675-45e1-a91c-710d3aed9e7e
2023-05-23 10:24:40,640 [EventQueue-NodeRegistrationContainerReportForContainerSafeModeRule] INFO  safemode.SCMSafeModeManager (SCMSafeModeManager.java:validateSafeModeExitRules(200)) - ContainerSafeModeRule rule is successfully validated
2023-05-23 10:24:40,651 [RatisPipelineUtilsThread - 0] INFO  pipeline.PipelineStateManagerImpl (PipelineStateManagerImpl.java:addPipeline(103)) - Created pipeline Pipeline[ Id: ea5379e2-295a-4407-903c-5fcc1eadb69a, Nodes: b2d3243d-5675-45e1-a91c-710d3aed9e7e(fv-az1249-304/10.1.0.38), ReplicationConfig: RATIS/ONE, State:ALLOCATED, leaderId:, CreationTimestamp2023-05-23T10:24:40.637Z[Etc/UTC]].
2023-05-23 10:24:40,654 [EventQueue-PipelineReportForOneReplicaPipelineSafeModeRule] INFO  safemode.SCMSafeModeManager (SCMSafeModeManager.java:validateSafeModeExitRules(200)) - AtleastOneDatanodeReportedRule rule is successfully validated
2023-05-23 10:24:41,158 [IPC Server handler 1 on default port 15002] INFO  net.NetworkTopologyImpl (NetworkTopologyImpl.java:add(112)) - Added a new node: /default-rack/6a8c5c8c-0ee8-4287-ac95-4d490c63ac6c
2023-05-23 10:24:41,158 [IPC Server handler 1 on default port 15002] INFO  node.SCMNodeManager (SCMNodeManager.java:register(407)) - Registered Data node : 6a8c5c8c-0ee8-4287-ac95-4d490c63ac6c{ip: 10.1.0.38, host: fv-az1249-304, ports: [HTTP=15017, REPLICATION=15023, RATIS=15019, RATIS_ADMIN=15020, RATIS_SERVER=15021, RATIS_DATASTREAM=15022, STANDALONE=15018], networkLocation: /default-rack, certSerialId: null, persistedOpState: null, persistedOpStateExpiryEpochSec: 0}
2023-05-23 10:24:41,159 [EventQueue-NodeRegistrationContainerReportForDataNodeSafeModeRule] INFO  safemode.SCMSafeModeManager (DataNodeSafeModeRule.java:process(71)) - SCM in safe mode. 2 DataNodes registered, 3 required.
2023-05-23 10:24:41,159 [EventQueue-NewNodeForNewNodeHandler] INFO  pipeline.BackgroundPipelineCreator (BackgroundPipelineCreator.java:notifyEventTriggered(276)) - trigger a one-shot run on RatisPipelineUtilsThread.
2023-05-23 10:24:41,161 [RatisPipelineUtilsThread - 0] INFO  pipeline.RatisPipelineProvider (RatisPipelineProvider.java:lambda$create$0(206)) - Sending CreatePipelineCommand for pipeline:PipelineID=dd4eb37e-1fa8-4cac-93b3-2c57fa8cb753 to datanode:6a8c5c8c-0ee8-4287-ac95-4d490c63ac6c
2023-05-23 10:24:41,162 [RatisPipelineUtilsThread - 0] INFO  pipeline.PipelineStateManagerImpl (PipelineStateManagerImpl.java:addPipeline(103)) - Created pipeline Pipeline[ Id: dd4eb37e-1fa8-4cac-93b3-2c57fa8cb753, Nodes: 6a8c5c8c-0ee8-4287-ac95-4d490c63ac6c(fv-az1249-304/10.1.0.38), ReplicationConfig: RATIS/ONE, State:ALLOCATED, leaderId:, CreationTimestamp2023-05-23T10:24:41.161Z[Etc/UTC]].
2023-05-23 10:24:41,247 [Listener at 127.0.0.1/15004] INFO  ozone.MiniOzoneClusterImpl (MiniOzoneClusterImpl.java:lambda$waitForClusterToBeReady$0(222)) - Waiting for nodes to be ready. Got 2 of 5 DN Heartbeats.
2023-05-23 10:24:41,247 [Listener at 127.0.0.1/15004] INFO  ozone.MiniOzoneClusterImpl (MiniOzoneClusterImpl.java:lambda$waitForClusterToBeReady$0(225)) - Waiting for cluster to exit safe mode
2023-05-23 10:24:41,247 [Listener at 127.0.0.1/15004] INFO  ozone.MiniOzoneClusterImpl (MiniOzoneClusterImpl.java:lambda$waitForClusterToBeReady$0(227)) - SCM became leader
2023-05-23 10:24:41,517 [ReplicationMonitor] INFO  replication.ReplicationManager (ReplicationManager.java:processAll(375)) - Replication Manager is not ready to run until 3000ms after safemode exit
2023-05-23 10:24:41,584 [IPC Server handler 2 on default port 15002] INFO  net.NetworkTopologyImpl (NetworkTopologyImpl.java:add(112)) - Added a new node: /default-rack/e2067284-0d49-4f78-bd84-4dfeb1c34035
2023-05-23 10:24:41,584 [IPC Server handler 2 on default port 15002] INFO  node.SCMNodeManager (SCMNodeManager.java:register(407)) - Registered Data node : e2067284-0d49-4f78-bd84-4dfeb1c34035{ip: 10.1.0.38, host: fv-az1249-304, ports: [HTTP=15025, REPLICATION=15031, RATIS=15027, RATIS_ADMIN=15028, RATIS_SERVER=15029, RATIS_DATASTREAM=15030, STANDALONE=15026], networkLocation: /default-rack, certSerialId: null, persistedOpState: null, persistedOpStateExpiryEpochSec: 0}
2023-05-23 10:24:41,584 [EventQueue-NewNodeForNewNodeHandler] INFO  pipeline.BackgroundPipelineCreator (BackgroundPipelineCreator.java:notifyEventTriggered(276)) - trigger a one-shot run on RatisPipelineUtilsThread.
2023-05-23 10:24:41,585 [EventQueue-NodeRegistrationContainerReportForDataNodeSafeModeRule] INFO  safemode.SCMSafeModeManager (DataNodeSafeModeRule.java:process(71)) - SCM in safe mode. 3 DataNodes registered, 3 required.
2023-05-23 10:24:41,585 [EventQueue-NodeRegistrationContainerReportForDataNodeSafeModeRule] INFO  safemode.SCMSafeModeManager (SCMSafeModeManager.java:validateSafeModeExitRules(200)) - DataNodeSafeModeRule rule is successfully validated
2023-05-23 10:24:41,585 [RatisPipelineUtilsThread - 0] INFO  pipeline.RatisPipelineProvider (RatisPipelineProvider.java:lambda$create$0(206)) - Sending CreatePipelineCommand for pipeline:PipelineID=620304fc-5fcd-4b1e-bfde-6fd0e88b63c5 to datanode:e2067284-0d49-4f78-bd84-4dfeb1c34035
2023-05-23 10:24:41,585 [EventQueue-NodeRegistrationContainerReportForDataNodeSafeModeRule] INFO  safemode.SCMSafeModeManager (SCMSafeModeManager.java:completePreCheck(229)) - All SCM safe mode pre check rules have passed
2023-05-23 10:24:41,585 [EventQueue-NodeRegistrationContainerReportForDataNodeSafeModeRule] INFO  ha.SCMContext (SCMContext.java:updateSafeModeStatus(228)) - Update SafeModeStatus from SafeModeStatus{safeModeStatus=true, preCheckPassed=false} to SafeModeStatus{safeModeStatus=true, preCheckPassed=true}.
2023-05-23 10:24:41,585 [EventQueue-NodeRegistrationContainerReportForDataNodeSafeModeRule] INFO  pipeline.BackgroundPipelineCreator (BackgroundPipelineCreator.java:notifyEventTriggered(276)) - trigger a one-shot run on RatisPipelineUtilsThread.
2023-05-23 10:24:41,586 [RatisPipelineUtilsThread - 0] INFO  pipeline.PipelineStateManagerImpl (PipelineStateManagerImpl.java:addPipeline(103)) - Created pipeline Pipeline[ Id: 620304fc-5fcd-4b1e-bfde-6fd0e88b63c5, Nodes: e2067284-0d49-4f78-bd84-4dfeb1c34035(fv-az1249-304/10.1.0.38), ReplicationConfig: RATIS/ONE, State:ALLOCATED, leaderId:, CreationTimestamp2023-05-23T10:24:41.585Z[Etc/UTC]].
2023-05-23 10:24:41,595 [RatisPipelineUtilsThread - 0] INFO  pipeline.RatisPipelineProvider (RatisPipelineProvider.java:lambda$create$0(206)) - Sending CreatePipelineCommand for pipeline:PipelineID=f2eb3a5b-5bd7-42ee-9a29-0f081356a623 to datanode:b2d3243d-5675-45e1-a91c-710d3aed9e7e
2023-05-23 10:24:41,595 [RatisPipelineUtilsThread - 0] INFO  pipeline.RatisPipelineProvider (RatisPipelineProvider.java:lambda$create$0(206)) - Sending CreatePipelineCommand for pipeline:PipelineID=f2eb3a5b-5bd7-42ee-9a29-0f081356a623 to datanode:6a8c5c8c-0ee8-4287-ac95-4d490c63ac6c
2023-05-23 10:24:41,595 [RatisPipelineUtilsThread - 0] INFO  pipeline.RatisPipelineProvider (RatisPipelineProvider.java:lambda$create$0(206)) - Sending CreatePipelineCommand for pipeline:PipelineID=f2eb3a5b-5bd7-42ee-9a29-0f081356a623 to datanode:e2067284-0d49-4f78-bd84-4dfeb1c34035
2023-05-23 10:24:41,596 [RatisPipelineUtilsThread - 0] INFO  pipeline.PipelineStateManagerImpl (PipelineStateManagerImpl.java:addPipeline(103)) - Created pipeline Pipeline[ Id: f2eb3a5b-5bd7-42ee-9a29-0f081356a623, Nodes: b2d3243d-5675-45e1-a91c-710d3aed9e7e(fv-az1249-304/10.1.0.38)6a8c5c8c-0ee8-4287-ac95-4d490c63ac6c(fv-az1249-304/10.1.0.38)e2067284-0d49-4f78-bd84-4dfeb1c34035(fv-az1249-304/10.1.0.38), ReplicationConfig: RATIS/THREE, State:ALLOCATED, leaderId:, CreationTimestamp2023-05-23T10:24:41.595Z[Etc/UTC]].
2023-05-23 10:24:41,604 [RatisPipelineUtilsThread - 0] INFO  pipeline.RatisPipelineProvider (RatisPipelineProvider.java:lambda$create$0(206)) - Sending CreatePipelineCommand for pipeline:PipelineID=7a7547c5-f5da-4e43-822b-23872b0778c9 to datanode:e2067284-0d49-4f78-bd84-4dfeb1c34035
2023-05-23 10:24:41,605 [RatisPipelineUtilsThread - 0] INFO  pipeline.RatisPipelineProvider (RatisPipelineProvider.java:lambda$create$0(206)) - Sending CreatePipelineCommand for pipeline:PipelineID=7a7547c5-f5da-4e43-822b-23872b0778c9 to datanode:b2d3243d-5675-45e1-a91c-710d3aed9e7e
2023-05-23 10:24:41,605 [RatisPipelineUtilsThread - 0] INFO  pipeline.RatisPipelineProvider (RatisPipelineProvider.java:lambda$create$0(206)) - Sending CreatePipelineCommand for pipeline:PipelineID=7a7547c5-f5da-4e43-822b-23872b0778c9 to datanode:6a8c5c8c-0ee8-4287-ac95-4d490c63ac6c
2023-05-23 10:24:41,606 [RatisPipelineUtilsThread - 0] INFO  pipeline.PipelineStateManagerImpl (PipelineStateManagerImpl.java:addPipeline(103)) - Created pipeline Pipeline[ Id: 7a7547c5-f5da-4e43-822b-23872b0778c9, Nodes: e2067284-0d49-4f78-bd84-4dfeb1c34035(fv-az1249-304/10.1.0.38)b2d3243d-5675-45e1-a91c-710d3aed9e7e(fv-az1249-304/10.1.0.38)6a8c5c8c-0ee8-4287-ac95-4d490c63ac6c(fv-az1249-304/10.1.0.38), ReplicationConfig: RATIS/THREE, State:ALLOCATED, leaderId:, CreationTimestamp2023-05-23T10:24:41.604Z[Etc/UTC]].
2023-05-23 10:24:41,607 [RatisPipelineUtilsThread - 0] INFO  pipeline.PipelineManagerImpl (PipelineManagerImpl.java:recordMetricsForPipeline(826)) - Pipeline: PipelineID=7a7547c5-f5da-4e43-822b-23872b0778c9 contains same datanodes as previous pipelines: PipelineID=f2eb3a5b-5bd7-42ee-9a29-0f081356a623 nodeIds: e2067284-0d49-4f78-bd84-4dfeb1c34035, b2d3243d-5675-45e1-a91c-710d3aed9e7e, 6a8c5c8c-0ee8-4287-ac95-4d490c63ac6c
2023-05-23 10:24:41,608 [RatisPipelineUtilsThread - 0] WARN  pipeline.PipelinePlacementPolicy (PipelinePlacementPolicy.java:filterViableNodes(160)) - Pipeline creation failed due to no sufficient healthy datanodes. Required 3. Found 0. Excluded 3.
2023-05-23 10:24:41,611 [RatisPipelineUtilsThread - 0] WARN  pipeline.PipelinePlacementPolicy (PipelinePlacementPolicy.java:filterViableNodes(160)) - Pipeline creation failed due to no sufficient healthy datanodes. Required 3. Found 0. Excluded 3.
2023-05-23 10:24:41,908 [IPC Server handler 0 on default port 15002] INFO  net.NetworkTopologyImpl (NetworkTopologyImpl.java:add(112)) - Added a new node: /default-rack/6321734e-47b1-462e-9f32-22d48b3b1ad8
2023-05-23 10:24:41,909 [IPC Server handler 0 on default port 15002] INFO  node.SCMNodeManager (SCMNodeManager.java:register(407)) - Registered Data node : 6321734e-47b1-462e-9f32-22d48b3b1ad8{ip: 10.1.0.38, host: fv-az1249-304, ports: [HTTP=15033, REPLICATION=15039, RATIS=15035, RATIS_ADMIN=15036, RATIS_SERVER=15037, RATIS_DATASTREAM=15038, STANDALONE=15034], networkLocation: /default-rack, certSerialId: null, persistedOpState: null, persistedOpStateExpiryEpochSec: 0}
2023-05-23 10:24:41,910 [EventQueue-NewNodeForNewNodeHandler] INFO  pipeline.BackgroundPipelineCreator (BackgroundPipelineCreator.java:notifyEventTriggered(276)) - trigger a one-shot run on RatisPipelineUtilsThread.
2023-05-23 10:24:41,911 [RatisPipelineUtilsThread - 0] INFO  pipeline.RatisPipelineProvider (RatisPipelineProvider.java:lambda$create$0(206)) - Sending CreatePipelineCommand for pipeline:PipelineID=d63b8d1b-8569-49cc-9f2d-f47663f14343 to datanode:6321734e-47b1-462e-9f32-22d48b3b1ad8
2023-05-23 10:24:41,912 [RatisPipelineUtilsThread - 0] INFO  pipeline.PipelineStateManagerImpl (PipelineStateManagerImpl.java:addPipeline(103)) - Created pipeline Pipeline[ Id: d63b8d1b-8569-49cc-9f2d-f47663f14343, Nodes: 6321734e-47b1-462e-9f32-22d48b3b1ad8(fv-az1249-304/10.1.0.38), ReplicationConfig: RATIS/ONE, State:ALLOCATED, leaderId:, CreationTimestamp2023-05-23T10:24:41.911Z[Etc/UTC]].
2023-05-23 10:24:41,912 [RatisPipelineUtilsThread - 0] WARN  pipeline.PipelinePlacementPolicy (PipelinePlacementPolicy.java:filterViableNodes(160)) - Pipeline creation failed due to no sufficient healthy datanodes. Required 3. Found 1. Excluded 3.
2023-05-23 10:24:42,247 [Listener at 127.0.0.1/15004] INFO  ozone.MiniOzoneClusterImpl (MiniOzoneClusterImpl.java:lambda$waitForClusterToBeReady$0(222)) - Waiting for nodes to be ready. Got 4 of 5 DN Heartbeats.
2023-05-23 10:24:42,248 [Listener at 127.0.0.1/15004] INFO  ozone.MiniOzoneClusterImpl (MiniOzoneClusterImpl.java:lambda$waitForClusterToBeReady$0(225)) - Waiting for cluster to exit safe mode
2023-05-23 10:24:42,248 [Listener at 127.0.0.1/15004] INFO  ozone.MiniOzoneClusterImpl (MiniOzoneClusterImpl.java:lambda$waitForClusterToBeReady$0(227)) - SCM became leader
2023-05-23 10:24:42,254 [IPC Server handler 2 on default port 15002] INFO  net.NetworkTopologyImpl (NetworkTopologyImpl.java:add(112)) - Added a new node: /default-rack/7e4b7257-5563-4054-b0a0-e23b6b773055
2023-05-23 10:24:42,254 [IPC Server handler 2 on default port 15002] INFO  node.SCMNodeManager (SCMNodeManager.java:register(407)) - Registered Data node : 7e4b7257-5563-4054-b0a0-e23b6b773055{ip: 10.1.0.38, host: fv-az1249-304, ports: [HTTP=15041, REPLICATION=15047, RATIS=15043, RATIS_ADMIN=15044, RATIS_SERVER=15045, RATIS_DATASTREAM=15046, STANDALONE=15042], networkLocation: /default-rack, certSerialId: null, persistedOpState: null, persistedOpStateExpiryEpochSec: 0}
2023-05-23 10:24:42,255 [EventQueue-NewNodeForNewNodeHandler] INFO  pipeline.BackgroundPipelineCreator (BackgroundPipelineCreator.java:notifyEventTriggered(276)) - trigger a one-shot run on RatisPipelineUtilsThread.
2023-05-23 10:24:42,255 [RatisPipelineUtilsThread - 0] INFO  pipeline.RatisPipelineProvider (RatisPipelineProvider.java:lambda$create$0(206)) - Sending CreatePipelineCommand for pipeline:PipelineID=64f6ca94-6641-4c50-bfa2-bc7249027c7d to datanode:7e4b7257-5563-4054-b0a0-e23b6b773055
2023-05-23 10:24:42,256 [RatisPipelineUtilsThread - 0] INFO  pipeline.PipelineStateManagerImpl (PipelineStateManagerImpl.java:addPipeline(103)) - Created pipeline Pipeline[ Id: 64f6ca94-6641-4c50-bfa2-bc7249027c7d, Nodes: 7e4b7257-5563-4054-b0a0-e23b6b773055(fv-az1249-304/10.1.0.38), ReplicationConfig: RATIS/ONE, State:ALLOCATED, leaderId:, CreationTimestamp2023-05-23T10:24:42.255Z[Etc/UTC]].
2023-05-23 10:24:42,257 [RatisPipelineUtilsThread - 0] WARN  pipeline.PipelinePlacementPolicy (PipelinePlacementPolicy.java:filterViableNodes(160)) - Pipeline creation failed due to no sufficient healthy datanodes. Required 3. Found 2. Excluded 3.
2023-05-23 10:24:42,518 [ReplicationMonitor] INFO  replication.ReplicationManager (ReplicationManager.java:processAll(375)) - Replication Manager is not ready to run until 3000ms after safemode exit
2023-05-23 10:24:43,248 [Listener at 127.0.0.1/15004] INFO  ozone.MiniOzoneClusterImpl (MiniOzoneClusterImpl.java:lambda$waitForClusterToBeReady$0(222)) - Nodes are ready. Got 5 of 5 DN Heartbeats.
2023-05-23 10:24:43,249 [Listener at 127.0.0.1/15004] INFO  ozone.MiniOzoneClusterImpl (MiniOzoneClusterImpl.java:lambda$waitForClusterToBeReady$0(225)) - Waiting for cluster to exit safe mode
2023-05-23 10:24:43,249 [Listener at 127.0.0.1/15004] INFO  ozone.MiniOzoneClusterImpl (MiniOzoneClusterImpl.java:lambda$waitForClusterToBeReady$0(227)) - SCM became leader
2023-05-23 10:24:43,518 [ReplicationMonitor] INFO  replication.ReplicationManager (ReplicationManager.java:processAll(375)) - Replication Manager is not ready to run until 3000ms after safemode exit
2023-05-23 10:24:43,619 [Command processor thread] INFO  server.RaftServer (RaftServerProxy.java:addNew(98)) - b2d3243d-5675-45e1-a91c-710d3aed9e7e: addNew group-5FCC1EADB69A:[b2d3243d-5675-45e1-a91c-710d3aed9e7e|rpc:10.1.0.38:15013|admin:10.1.0.38:15012|client:10.1.0.38:15011|dataStream:10.1.0.38:15014|priority:1|startupRole:FOLLOWER] returns group-5FCC1EADB69A:java.util.concurrent.CompletableFuture@1b85732b[Not completed]
2023-05-23 10:24:43,632 [b2d3243d-5675-45e1-a91c-710d3aed9e7e-groupManagement] INFO  server.RaftServer$Division (RaftServerImpl.java:<init>(198)) - b2d3243d-5675-45e1-a91c-710d3aed9e7e: new RaftServerImpl for group-5FCC1EADB69A:[b2d3243d-5675-45e1-a91c-710d3aed9e7e|rpc:10.1.0.38:15013|admin:10.1.0.38:15012|client:10.1.0.38:15011|dataStream:10.1.0.38:15014|priority:1|startupRole:FOLLOWER] with ContainerStateMachine:uninitialized
2023-05-23 10:24:43,632 [b2d3243d-5675-45e1-a91c-710d3aed9e7e-groupManagement] INFO  server.RaftServerConfigKeys (ConfUtils.java:logGet(46)) - raft.server.rpc.timeout.min = 5s (custom)
2023-05-23 10:24:43,632 [b2d3243d-5675-45e1-a91c-710d3aed9e7e-groupManagement] INFO  server.RaftServerConfigKeys (ConfUtils.java:logGet(46)) - raft.server.rpc.timeout.max = 5200ms (custom)
2023-05-23 10:24:43,633 [b2d3243d-5675-45e1-a91c-710d3aed9e7e-groupManagement] INFO  server.RaftServerConfigKeys (ConfUtils.java:logGet(46)) - raft.server.rpc.sleep.time = 25ms (default)
2023-05-23 10:24:43,633 [b2d3243d-5675-45e1-a91c-710d3aed9e7e-groupManagement] INFO  server.RaftServerConfigKeys (ConfUtils.java:logGet(46)) - raft.server.rpc.slowness.timeout = 300s (custom)
2023-05-23 10:24:43,633 [b2d3243d-5675-45e1-a91c-710d3aed9e7e-groupManagement] INFO  server.RaftServerConfigKeys (ConfUtils.java:logGet(46)) - raft.server.leaderelection.leader.step-down.wait-time = 10s (default)
2023-05-23 10:24:43,633 [b2d3243d-5675-45e1-a91c-710d3aed9e7e-groupManagement] INFO  server.RaftServerConfigKeys (ConfUtils.java:logGet(46)) - raft.server.sleep.deviation.threshold = 300ms (default)
2023-05-23 10:24:43,633 [b2d3243d-5675-45e1-a91c-710d3aed9e7e-groupManagement] INFO  server.RaftServer$Division (ServerState.java:<init>(120)) - b2d3243d-5675-45e1-a91c-710d3aed9e7e@group-5FCC1EADB69A: ConfigurationManager, init=-1: peers:[b2d3243d-5675-45e1-a91c-710d3aed9e7e|rpc:10.1.0.38:15013|admin:10.1.0.38:15012|client:10.1.0.38:15011|dataStream:10.1.0.38:15014|priority:1|startupRole:FOLLOWER]|listeners:[], old=null, confs=<EMPTY_MAP>
2023-05-23 10:24:43,633 [b2d3243d-5675-45e1-a91c-710d3aed9e7e-groupManagement] INFO  server.RaftServerConfigKeys (ConfUtils.java:logGet(46)) - raft.server.storage.dir = [/home/runner/work/ozone/ozone/hadoop-ozone/integration-test/target/test-dir/MiniOzoneClusterImpl-95ea0607-12be-46e0-be72-f6ffafe0ad81/datanode-0/data/ratis] (custom)
2023-05-23 10:24:43,633 [b2d3243d-5675-45e1-a91c-710d3aed9e7e-groupManagement] INFO  server.RaftServerConfigKeys (ConfUtils.java:logGet(46)) - raft.server.log.corruption.policy = EXCEPTION (default)
2023-05-23 10:24:43,633 [b2d3243d-5675-45e1-a91c-710d3aed9e7e-groupManagement] INFO  server.RaftServerConfigKeys (ConfUtils.java:logGet(46)) - raft.server.storage.free-space.min = 0MB (=0) (default)
2023-05-23 10:24:43,633 [b2d3243d-5675-45e1-a91c-710d3aed9e7e-groupManagement] INFO  server.RaftServerConfigKeys (ConfUtils.java:logGet(46)) - raft.server.notification.no-leader.timeout = 300s (custom)
2023-05-23 10:24:43,633 [b2d3243d-5675-45e1-a91c-710d3aed9e7e-groupManagement] INFO  server.RaftServerConfigKeys (ConfUtils.java:logGet(46)) - raft.server.read.timeout = 10s (default)
2023-05-23 10:24:43,634 [b2d3243d-5675-45e1-a91c-710d3aed9e7e-groupManagement] INFO  server.RaftServerConfigKeys (ConfUtils.java:logGet(46)) - raft.server.retrycache.expirytime = 600000ms (custom)
2023-05-23 10:24:43,634 [b2d3243d-5675-45e1-a91c-710d3aed9e7e-groupManagement] INFO  server.RaftServerConfigKeys (ConfUtils.java:logGet(46)) - raft.server.retrycache.statistics.expirytime = 100μs (default)
2023-05-23 10:24:43,634 [b2d3243d-5675-45e1-a91c-710d3aed9e7e-groupManagement] INFO  server.RaftServerConfigKeys (ConfUtils.java:logGet(46)) - raft.server.read.option = DEFAULT (default)
2023-05-23 10:24:43,636 [b2d3243d-5675-45e1-a91c-710d3aed9e7e-groupManagement] INFO  server.RaftServerConfigKeys (ConfUtils.java:logGet(46)) - raft.server.rpc.request.timeout = 60s (custom)
2023-05-23 10:24:43,636 [b2d3243d-5675-45e1-a91c-710d3aed9e7e-groupManagement] INFO  server.RaftServerConfigKeys (ConfUtils.java:logGet(46)) - raft.server.log.appender.install.snapshot.enabled = false (custom)
2023-05-23 10:24:43,636 [b2d3243d-5675-45e1-a91c-710d3aed9e7e-groupManagement] INFO  server.RaftServerConfigKeys (ConfUtils.java:logGet(46)) - raft.server.threadpool.server.cached = true (default)
2023-05-23 10:24:43,636 [b2d3243d-5675-45e1-a91c-710d3aed9e7e-groupManagement] INFO  server.RaftServerConfigKeys (ConfUtils.java:logGet(46)) - raft.server.threadpool.server.size = 0 (default)
2023-05-23 10:24:43,636 [b2d3243d-5675-45e1-a91c-710d3aed9e7e-groupManagement] INFO  server.RaftServerConfigKeys (ConfUtils.java:logGet(46)) - raft.server.threadpool.client.cached = true (default)
2023-05-23 10:24:43,636 [b2d3243d-5675-45e1-a91c-710d3aed9e7e-groupManagement] INFO  server.RaftServerConfigKeys (ConfUtils.java:logGet(46)) - raft.server.threadpool.client.size = 0 (default)
2023-05-23 10:24:43,637 [b2d3243d-5675-45e1-a91c-710d3aed9e7e-groupManagement] INFO  storage.RaftStorageDirectory (RaftStorageDirectoryImpl.java:analyzeStorage(137)) - The storage directory /home/runner/work/ozone/ozone/hadoop-ozone/integration-test/target/test-dir/MiniOzoneClusterImpl-95ea0607-12be-46e0-be72-f6ffafe0ad81/datanode-0/data/ratis/ea5379e2-295a-4407-903c-5fcc1eadb69a does not exist. Creating ...
2023-05-23 10:24:43,640 [b2d3243d-5675-45e1-a91c-710d3aed9e7e-groupManagement] INFO  storage.RaftStorageDirectory (RaftStorageDirectoryImpl.java:tryLock(231)) - Lock on /home/runner/work/ozone/ozone/hadoop-ozone/integration-test/target/test-dir/MiniOzoneClusterImpl-95ea0607-12be-46e0-be72-f6ffafe0ad81/datanode-0/data/ratis/ea5379e2-295a-4407-903c-5fcc1eadb69a/in_use.lock acquired by nodename 10384@fv-az1249-304
2023-05-23 10:24:43,642 [b2d3243d-5675-45e1-a91c-710d3aed9e7e-groupManagement] INFO  storage.RaftStorage (RaftStorageImpl.java:format(96)) - Storage directory /home/runner/work/ozone/ozone/hadoop-ozone/integration-test/target/test-dir/MiniOzoneClusterImpl-95ea0607-12be-46e0-be72-f6ffafe0ad81/datanode-0/data/ratis/ea5379e2-295a-4407-903c-5fcc1eadb69a has been successfully formatted.
2023-05-23 10:24:43,653 [b2d3243d-5675-45e1-a91c-710d3aed9e7e-groupManagement] INFO  ratis.ContainerStateMachine (ContainerStateMachine.java:loadSnapshot(262)) - group-5FCC1EADB69A: The snapshot info is null. Setting the last applied indexto:(t:0, i:~)
2023-05-23 10:24:43,653 [b2d3243d-5675-45e1-a91c-710d3aed9e7e-groupManagement] INFO  server.RaftServerConfigKeys (ConfUtils.java:logGet(46)) - raft.server.log.use.memory = false (default)
2023-05-23 10:24:43,653 [b2d3243d-5675-45e1-a91c-710d3aed9e7e-groupManagement] INFO  server.RaftServerConfigKeys (ConfUtils.java:logGet(46)) - raft.server.log.purge.gap = 1000000 (custom)
2023-05-23 10:24:43,653 [b2d3243d-5675-45e1-a91c-710d3aed9e7e-groupManagement] INFO  server.RaftServerConfigKeys (ConfUtils.java:logGet(46)) - raft.server.log.appender.buffer.byte-limit = 33554432 (custom)
2023-05-23 10:24:43,653 [b2d3243d-5675-45e1-a91c-710d3aed9e7e-groupManagement] INFO  server.RaftServerConfigKeys (ConfUtils.java:logGet(46)) - raft.server.log.statemachine.data.read.timeout = 1000ms (default)
2023-05-23 10:24:43,653 [b2d3243d-5675-45e1-a91c-710d3aed9e7e-groupManagement] INFO  server.RaftServerConfigKeys (ConfUtils.java:logGet(46)) - raft.server.log.purge.preservation.log.num = 0 (default)
2023-05-23 10:24:43,655 [b2d3243d-5675-45e1-a91c-710d3aed9e7e-groupManagement] INFO  server.RaftServerConfigKeys (ConfUtils.java:logGet(46)) - raft.server.log.segment.size.max = 1048576 (custom)
2023-05-23 10:24:43,659 [b2d3243d-5675-45e1-a91c-710d3aed9e7e-groupManagement] INFO  server.RaftServerConfigKeys (ConfUtils.java:logGet(46)) - raft.server.log.segment.cache.num.max = 2 (custom)
2023-05-23 10:24:43,659 [b2d3243d-5675-45e1-a91c-710d3aed9e7e-groupManagement] INFO  server.RaftServerConfigKeys (ConfUtils.java:logGet(46)) - raft.server.log.segment.cache.size.max = 200MB (=209715200) (default)
2023-05-23 10:24:43,659 [b2d3243d-5675-45e1-a91c-710d3aed9e7e-groupManagement] INFO  server.RaftServerConfigKeys (ConfUtils.java:logGet(46)) - raft.server.log.appender.buffer.byte-limit = 33554432 (custom)
2023-05-23 10:24:43,660 [b2d3243d-5675-45e1-a91c-710d3aed9e7e-groupManagement] INFO  segmented.SegmentedRaftLogWorker (SegmentedRaftLogWorker.java:<init>(188)) - new b2d3243d-5675-45e1-a91c-710d3aed9e7e@group-5FCC1EADB69A-SegmentedRaftLogWorker for RaftStorageImpl:Storage Directory /home/runner/work/ozone/ozone/hadoop-ozone/integration-test/target/test-dir/MiniOzoneClusterImpl-95ea0607-12be-46e0-be72-f6ffafe0ad81/datanode-0/data/ratis/ea5379e2-295a-4407-903c-5fcc1eadb69a
2023-05-23 10:24:43,660 [b2d3243d-5675-45e1-a91c-710d3aed9e7e-groupManagement] INFO  server.RaftServerConfigKeys (ConfUtils.java:logGet(46)) - raft.server.log.queue.byte-limit = 4294967296 (custom)
2023-05-23 10:24:43,660 [b2d3243d-5675-45e1-a91c-710d3aed9e7e-groupManagement] INFO  server.RaftServerConfigKeys (ConfUtils.java:logGet(46)) - raft.server.log.queue.element-limit = 1024 (custom)
2023-05-23 10:24:43,660 [b2d3243d-5675-45e1-a91c-710d3aed9e7e-groupManagement] INFO  server.RaftServerConfigKeys (ConfUtils.java:logGet(46)) - raft.server.log.segment.size.max = 1048576 (custom)
2023-05-23 10:24:43,660 [b2d3243d-5675-45e1-a91c-710d3aed9e7e-groupManagement] INFO  server.RaftServerConfigKeys (ConfUtils.java:logGet(46)) - raft.server.log.preallocated.size = 16384 (custom)
2023-05-23 10:24:43,660 [b2d3243d-5675-45e1-a91c-710d3aed9e7e-groupManagement] INFO  server.RaftServerConfigKeys (ConfUtils.java:logGet(46)) - raft.server.log.force.sync.num = 128 (default)
2023-05-23 10:24:43,660 [b2d3243d-5675-45e1-a91c-710d3aed9e7e-groupManagement] INFO  server.RaftServerConfigKeys (ConfUtils.java:logGet(46)) - raft.server.log.statemachine.data.sync = true (default)
2023-05-23 10:24:43,661 [b2d3243d-5675-45e1-a91c-710d3aed9e7e-groupManagement] INFO  server.RaftServerConfigKeys (ConfUtils.java:logGet(46)) - raft.server.log.statemachine.data.sync.timeout = 10s (default)
2023-05-23 10:24:43,661 [b2d3243d-5675-45e1-a91c-710d3aed9e7e-groupManagement] INFO  server.RaftServerConfigKeys (ConfUtils.java:logGet(46)) - raft.server.log.statemachine.data.sync.timeout.retry = -1 (default)
2023-05-23 10:24:43,664 [EventQueue-PipelineReportForPipelineReportHandler] INFO  pipeline.PipelineManagerImpl (PipelineManagerImpl.java:openPipeline(367)) - Pipeline Pipeline[ Id: ea5379e2-295a-4407-903c-5fcc1eadb69a, Nodes: b2d3243d-5675-45e1-a91c-710d3aed9e7e(fv-az1249-304/10.1.0.38), ReplicationConfig: RATIS/ONE, State:ALLOCATED, leaderId:b2d3243d-5675-45e1-a91c-710d3aed9e7e, CreationTimestamp2023-05-23T10:24:40.637Z[Etc/UTC]] moved to OPEN state
2023-05-23 10:24:43,666 [EventQueue-OpenPipelineForHealthyPipelineSafeModeRule] INFO  safemode.SCMSafeModeManager (HealthyPipelineSafeModeRule.java:process(137)) - SCM in safe mode. Healthy pipelines reported count is 0, required healthy pipeline reported count is 1
2023-05-23 10:24:43,666 [b2d3243d-5675-45e1-a91c-710d3aed9e7e-groupManagement] INFO  server.RaftServerConfigKeys (ConfUtils.java:logGet(46)) - raft.server.log.write.buffer.size = 1048576 (custom)
2023-05-23 10:24:43,667 [b2d3243d-5675-45e1-a91c-710d3aed9e7e-groupManagement] INFO  server.RaftServerConfigKeys (ConfUtils.java:logGet(46)) - raft.server.log.appender.buffer.byte-limit = 33554432 (custom)
2023-05-23 10:24:43,677 [b2d3243d-5675-45e1-a91c-710d3aed9e7e-groupManagement] INFO  server.RaftServerConfigKeys (ConfUtils.java:logGet(46)) - raft.server.log.unsafe-flush.enabled = false (default)
2023-05-23 10:24:43,678 [b2d3243d-5675-45e1-a91c-710d3aed9e7e-groupManagement] INFO  server.RaftServerConfigKeys (ConfUtils.java:logGet(46)) - raft.server.log.async-flush.enabled = false (default)
2023-05-23 10:24:43,678 [b2d3243d-5675-45e1-a91c-710d3aed9e7e-groupManagement] INFO  server.RaftServerConfigKeys (ConfUtils.java:logGet(46)) - raft.server.log.statemachine.data.caching.enabled = true (custom)
2023-05-23 10:24:43,678 [b2d3243d-5675-45e1-a91c-710d3aed9e7e-groupManagement] INFO  segmented.SegmentedRaftLogWorker (SegmentedRaftLogWorker.java:lambda$new$0(135)) - b2d3243d-5675-45e1-a91c-710d3aed9e7e@group-5FCC1EADB69A-SegmentedRaftLogWorker: flushIndex: setUnconditionally 0 -> -1
2023-05-23 10:24:43,678 [b2d3243d-5675-45e1-a91c-710d3aed9e7e-groupManagement] INFO  segmented.SegmentedRaftLogWorker (SegmentedRaftLogWorker.java:lambda$new$0(135)) - b2d3243d-5675-45e1-a91c-710d3aed9e7e@group-5FCC1EADB69A-SegmentedRaftLogWorker: safeCacheEvictIndex: setUnconditionally 0 -> -1
2023-05-23 10:24:43,678 [b2d3243d-5675-45e1-a91c-710d3aed9e7e-groupManagement] INFO  server.RaftServer$Division (RaftServerImpl.java:start(342)) - b2d3243d-5675-45e1-a91c-710d3aed9e7e@group-5FCC1EADB69A: start as a follower, conf=-1: peers:[b2d3243d-5675-45e1-a91c-710d3aed9e7e|rpc:10.1.0.38:15013|admin:10.1.0.38:15012|client:10.1.0.38:15011|dataStream:10.1.0.38:15014|priority:1|startupRole:FOLLOWER]|listeners:[], old=null
2023-05-23 10:24:43,678 [b2d3243d-5675-45e1-a91c-710d3aed9e7e-groupManagement] INFO  server.RaftServer$Division (RaftServerImpl.java:setRole(329)) - b2d3243d-5675-45e1-a91c-710d3aed9e7e@group-5FCC1EADB69A: changes role from      null to FOLLOWER at term 0 for startAsFollower
2023-05-23 10:24:43,678 [b2d3243d-5675-45e1-a91c-710d3aed9e7e-groupManagement] INFO  impl.RoleInfo (RoleInfo.java:updateAndGet(139)) - b2d3243d-5675-45e1-a91c-710d3aed9e7e: start b2d3243d-5675-45e1-a91c-710d3aed9e7e@group-5FCC1EADB69A-FollowerState
2023-05-23 10:24:43,679 [b2d3243d-5675-45e1-a91c-710d3aed9e7e-groupManagement] INFO  util.JmxRegister (JmxRegister.java:tryRegister(44)) - Successfully registered JMX Bean with object name Ratis:service=RaftServer,group=group-5FCC1EADB69A,id=b2d3243d-5675-45e1-a91c-710d3aed9e7e
2023-05-23 10:24:43,679 [b2d3243d-5675-45e1-a91c-710d3aed9e7e-groupManagement] INFO  server.RaftServerConfigKeys (ConfUtils.java:logGet(46)) - raft.server.snapshot.auto.trigger.enabled = true (custom)
2023-05-23 10:24:43,679 [b2d3243d-5675-45e1-a91c-710d3aed9e7e-groupManagement] INFO  server.RaftServerConfigKeys (ConfUtils.java:logGet(46)) - raft.server.snapshot.auto.trigger.threshold = 10000 (custom)
2023-05-23 10:24:43,679 [b2d3243d-5675-45e1-a91c-710d3aed9e7e-groupManagement] INFO  server.RaftServerConfigKeys (ConfUtils.java:logGet(46)) - raft.server.snapshot.retention.file.num = 5 (custom)
2023-05-23 10:24:43,679 [b2d3243d-5675-45e1-a91c-710d3aed9e7e-groupManagement] INFO  server.RaftServerConfigKeys (ConfUtils.java:logGet(46)) - raft.server.log.purge.upto.snapshot.index = false (default)
2023-05-23 10:24:43,681 [b2d3243d-5675-45e1-a91c-710d3aed9e7e@group-5FCC1EADB69A-FollowerState] INFO  server.RaftServerConfigKeys (ConfUtils.java:logFallback(53)) - raft.server.rpc.first-election.timeout.min = 5s (fallback to raft.server.rpc.timeout.min)
2023-05-23 10:24:43,681 [b2d3243d-5675-45e1-a91c-710d3aed9e7e@group-5FCC1EADB69A-FollowerState] INFO  server.RaftServerConfigKeys (ConfUtils.java:logFallback(53)) - raft.server.rpc.first-election.timeout.max = 5200ms (fallback to raft.server.rpc.timeout.max)
2023-05-23 10:24:43,690 [Command processor thread] INFO  ratis.XceiverServerRatis (XceiverServerRatis.java:addGroup(806)) - Created group PipelineID=ea5379e2-295a-4407-903c-5fcc1eadb69a
2023-05-23 10:24:43,690 [Command processor thread] INFO  commandhandler.CreatePipelineCommandHandler (CreatePipelineCommandHandler.java:handle(113)) - Created Pipeline RATIS ONE PipelineID=ea5379e2-295a-4407-903c-5fcc1eadb69a.
2023-05-23 10:24:43,691 [Command processor thread] INFO  server.RaftServer (RaftServerProxy.java:addNew(98)) - b2d3243d-5675-45e1-a91c-710d3aed9e7e: addNew group-0F081356A623:[e2067284-0d49-4f78-bd84-4dfeb1c34035|rpc:10.1.0.38:15029|admin:10.1.0.38:15028|client:10.1.0.38:15027|dataStream:10.1.0.38:15030|priority:0|startupRole:FOLLOWER, 6a8c5c8c-0ee8-4287-ac95-4d490c63ac6c|rpc:10.1.0.38:15021|admin:10.1.0.38:15020|client:10.1.0.38:15019|dataStream:10.1.0.38:15022|priority:0|startupRole:FOLLOWER, b2d3243d-5675-45e1-a91c-710d3aed9e7e|rpc:10.1.0.38:15013|admin:10.1.0.38:15012|client:10.1.0.38:15011|dataStream:10.1.0.38:15014|priority:1|startupRole:FOLLOWER] returns group-0F081356A623:java.util.concurrent.CompletableFuture@44fc3bba[Not completed]
2023-05-23 10:24:43,695 [b2d3243d-5675-45e1-a91c-710d3aed9e7e-groupManagement] INFO  server.RaftServer$Division (RaftServerImpl.java:<init>(198)) - b2d3243d-5675-45e1-a91c-710d3aed9e7e: new RaftServerImpl for group-0F081356A623:[e2067284-0d49-4f78-bd84-4dfeb1c34035|rpc:10.1.0.38:15029|admin:10.1.0.38:15028|client:10.1.0.38:15027|dataStream:10.1.0.38:15030|priority:0|startupRole:FOLLOWER, 6a8c5c8c-0ee8-4287-ac95-4d490c63ac6c|rpc:10.1.0.38:15021|admin:10.1.0.38:15020|client:10.1.0.38:15019|dataStream:10.1.0.38:15022|priority:0|startupRole:FOLLOWER, b2d3243d-5675-45e1-a91c-710d3aed9e7e|rpc:10.1.0.38:15013|admin:10.1.0.38:15012|client:10.1.0.38:15011|dataStream:10.1.0.38:15014|priority:1|startupRole:FOLLOWER] with ContainerStateMachine:uninitialized
2023-05-23 10:24:43,695 [b2d3243d-5675-45e1-a91c-710d3aed9e7e-groupManagement] INFO  server.RaftServerConfigKeys (ConfUtils.java:logGet(46)) - raft.server.rpc.timeout.min = 5s (custom)
2023-05-23 10:24:43,695 [b2d3243d-5675-45e1-a91c-710d3aed9e7e-groupManagement] INFO  server.RaftServerConfigKeys (ConfUtils.java:logGet(46)) - raft.server.rpc.timeout.max = 5200ms (custom)
2023-05-23 10:24:43,695 [b2d3243d-5675-45e1-a91c-710d3aed9e7e-groupManagement] INFO  server.RaftServerConfigKeys (ConfUtils.java:logGet(46)) - raft.server.rpc.sleep.time = 25ms (default)
2023-05-23 10:24:43,695 [b2d3243d-5675-45e1-a91c-710d3aed9e7e-groupManagement] INFO  server.RaftServerConfigKeys (ConfUtils.java:logGet(46)) - raft.server.rpc.slowness.timeout = 300s (custom)
2023-05-23 10:24:43,695 [b2d3243d-5675-45e1-a91c-710d3aed9e7e-groupManagement] INFO  server.RaftServerConfigKeys (ConfUtils.java:logGet(46)) - raft.server.leaderelection.leader.step-down.wait-time = 10s (default)
2023-05-23 10:24:43,695 [b2d3243d-5675-45e1-a91c-710d3aed9e7e-groupManagement] INFO  server.RaftServerConfigKeys (ConfUtils.java:logGet(46)) - raft.server.sleep.deviation.threshold = 300ms (default)
2023-05-23 10:24:43,695 [b2d3243d-5675-45e1-a91c-710d3aed9e7e-groupManagement] INFO  server.RaftServer$Division (ServerState.java:<init>(120)) - b2d3243d-5675-45e1-a91c-710d3aed9e7e@group-0F081356A623: ConfigurationManager, init=-1: peers:[e2067284-0d49-4f78-bd84-4dfeb1c34035|rpc:10.1.0.38:15029|admin:10.1.0.38:15028|client:10.1.0.38:15027|dataStream:10.1.0.38:15030|priority:0|startupRole:FOLLOWER, 6a8c5c8c-0ee8-4287-ac95-4d490c63ac6c|rpc:10.1.0.38:15021|admin:10.1.0.38:15020|client:10.1.0.38:15019|dataStream:10.1.0.38:15022|priority:0|startupRole:FOLLOWER, b2d3243d-5675-45e1-a91c-710d3aed9e7e|rpc:10.1.0.38:15013|admin:10.1.0.38:15012|client:10.1.0.38:15011|dataStream:10.1.0.38:15014|priority:1|startupRole:FOLLOWER]|listeners:[], old=null, confs=<EMPTY_MAP>
2023-05-23 10:24:43,695 [b2d3243d-5675-45e1-a91c-710d3aed9e7e-groupManagement] INFO  server.RaftServerConfigKeys (ConfUtils.java:logGet(46)) - raft.server.storage.dir = [/home/runner/work/ozone/ozone/hadoop-ozone/integration-test/target/test-dir/MiniOzoneClusterImpl-95ea0607-12be-46e0-be72-f6ffafe0ad81/datanode-0/data/ratis] (custom)
2023-05-23 10:24:43,695 [b2d3243d-5675-45e1-a91c-710d3aed9e7e-groupManagement] INFO  server.RaftServerConfigKeys (ConfUtils.java:logGet(46)) - raft.server.log.corruption.policy = EXCEPTION (default)
2023-05-23 10:24:43,696 [b2d3243d-5675-45e1-a91c-710d3aed9e7e-groupManagement] INFO  server.RaftServerConfigKeys (ConfUtils.java:logGet(46)) - raft.server.storage.free-space.min = 0MB (=0) (default)
2023-05-23 10:24:43,696 [b2d3243d-5675-45e1-a91c-710d3aed9e7e-groupManagement] INFO  server.RaftServerConfigKeys (ConfUtils.java:logGet(46)) - raft.server.notification.no-leader.timeout = 300s (custom)
2023-05-23 10:24:43,696 [b2d3243d-5675-45e1-a91c-710d3aed9e7e-groupManagement] INFO  server.RaftServerConfigKeys (ConfUtils.java:logGet(46)) - raft.server.read.timeout = 10s (default)
2023-05-23 10:24:43,696 [b2d3243d-5675-45e1-a91c-710d3aed9e7e-groupManagement] INFO  server.RaftServerConfigKeys (ConfUtils.java:logGet(46)) - raft.server.retrycache.expirytime = 600000ms (custom)
2023-05-23 10:24:43,696 [b2d3243d-5675-45e1-a91c-710d3aed9e7e-groupManagement] INFO  server.RaftServerConfigKeys (ConfUtils.java:logGet(46)) - raft.server.retrycache.statistics.expirytime = 100μs (default)
2023-05-23 10:24:43,696 [b2d3243d-5675-45e1-a91c-710d3aed9e7e-groupManagement] INFO  server.RaftServerConfigKeys (ConfUtils.java:logGet(46)) - raft.server.read.option = DEFAULT (default)
2023-05-23 10:24:43,698 [b2d3243d-5675-45e1-a91c-710d3aed9e7e-groupManagement] INFO  server.RaftServerConfigKeys (ConfUtils.java:logGet(46)) - raft.server.rpc.request.timeout = 60s (custom)
2023-05-23 10:24:43,698 [b2d3243d-5675-45e1-a91c-710d3aed9e7e-groupManagement] INFO  server.RaftServerConfigKeys (ConfUtils.java:logGet(46)) - raft.server.log.appender.install.snapshot.enabled = false (custom)
2023-05-23 10:24:43,698 [b2d3243d-5675-45e1-a91c-710d3aed9e7e-groupManagement] INFO  server.RaftServerConfigKeys (ConfUtils.java:logGet(46)) - raft.server.threadpool.server.cached = true (default)
2023-05-23 10:24:43,698 [b2d3243d-5675-45e1-a91c-710d3aed9e7e-groupManagement] INFO  server.RaftServerConfigKeys (ConfUtils.java:logGet(46)) - raft.server.threadpool.server.size = 0 (default)
2023-05-23 10:24:43,698 [b2d3243d-5675-45e1-a91c-710d3aed9e7e-groupManagement] INFO  server.RaftServerConfigKeys (ConfUtils.java:logGet(46)) - raft.server.threadpool.client.cached = true (default)
2023-05-23 10:24:43,698 [b2d3243d-5675-45e1-a91c-710d3aed9e7e-groupManagement] INFO  server.RaftServerConfigKeys (ConfUtils.java:logGet(46)) - raft.server.threadpool.client.size = 0 (default)
2023-05-23 10:24:43,698 [b2d3243d-5675-45e1-a91c-710d3aed9e7e-groupManagement] INFO  storage.RaftStorageDirectory (RaftStorageDirectoryImpl.java:analyzeStorage(137)) - The storage directory /home/runner/work/ozone/ozone/hadoop-ozone/integration-test/target/test-dir/MiniOzoneClusterImpl-95ea0607-12be-46e0-be72-f6ffafe0ad81/datanode-0/data/ratis/f2eb3a5b-5bd7-42ee-9a29-0f081356a623 does not exist. Creating ...
2023-05-23 10:24:43,700 [b2d3243d-5675-45e1-a91c-710d3aed9e7e-groupManagement] INFO  storage.RaftStorageDirectory (RaftStorageDirectoryImpl.java:tryLock(231)) - Lock on /home/runner/work/ozone/ozone/hadoop-ozone/integration-test/target/test-dir/MiniOzoneClusterImpl-95ea0607-12be-46e0-be72-f6ffafe0ad81/datanode-0/data/ratis/f2eb3a5b-5bd7-42ee-9a29-0f081356a623/in_use.lock acquired by nodename 10384@fv-az1249-304
2023-05-23 10:24:43,701 [b2d3243d-5675-45e1-a91c-710d3aed9e7e-groupManagement] INFO  storage.RaftStorage (RaftStorageImpl.java:format(96)) - Storage directory /home/runner/work/ozone/ozone/hadoop-ozone/integration-test/target/test-dir/MiniOzoneClusterImpl-95ea0607-12be-46e0-be72-f6ffafe0ad81/datanode-0/data/ratis/f2eb3a5b-5bd7-42ee-9a29-0f081356a623 has been successfully formatted.
2023-05-23 10:24:43,702 [b2d3243d-5675-45e1-a91c-710d3aed9e7e-groupManagement] INFO  ratis.ContainerStateMachine (ContainerStateMachine.java:loadSnapshot(262)) - group-0F081356A623: The snapshot info is null. Setting the last applied indexto:(t:0, i:~)
2023-05-23 10:24:43,702 [b2d3243d-5675-45e1-a91c-710d3aed9e7e-groupManagement] INFO  server.RaftServerConfigKeys (ConfUtils.java:logGet(46)) - raft.server.log.use.memory = false (default)
2023-05-23 10:24:43,702 [b2d3243d-5675-45e1-a91c-710d3aed9e7e-groupManagement] INFO  server.RaftServerConfigKeys (ConfUtils.java:logGet(46)) - raft.server.log.purge.gap = 1000000 (custom)
2023-05-23 10:24:43,702 [b2d3243d-5675-45e1-a91c-710d3aed9e7e-groupManagement] INFO  server.RaftServerConfigKeys (ConfUtils.java:logGet(46)) - raft.server.log.appender.buffer.byte-limit = 33554432 (custom)
2023-05-23 10:24:43,702 [b2d3243d-5675-45e1-a91c-710d3aed9e7e-groupManagement] INFO  server.RaftServerConfigKeys (ConfUtils.java:logGet(46)) - raft.server.log.statemachine.data.read.timeout = 1000ms (default)
2023-05-23 10:24:43,702 [b2d3243d-5675-45e1-a91c-710d3aed9e7e-groupManagement] INFO  server.RaftServerConfigKeys (ConfUtils.java:logGet(46)) - raft.server.log.purge.preservation.log.num = 0 (default)
2023-05-23 10:24:43,705 [b2d3243d-5675-45e1-a91c-710d3aed9e7e-groupManagement] INFO  server.RaftServerConfigKeys (ConfUtils.java:logGet(46)) - raft.server.log.segment.size.max = 1048576 (custom)
2023-05-23 10:24:43,705 [EventQueue-OpenPipelineForHealthyPipelineSafeModeRule] INFO  safemode.SCMSafeModeManager (HealthyPipelineSafeModeRule.java:process(137)) - SCM in safe mode. Healthy pipelines reported count is 0, required healthy pipeline reported count is 1
2023-05-23 10:24:43,709 [b2d3243d-5675-45e1-a91c-710d3aed9e7e-groupManagement] INFO  server.RaftServerConfigKeys (ConfUtils.java:logGet(46)) - raft.server.log.segment.cache.num.max = 2 (custom)
2023-05-23 10:24:43,709 [b2d3243d-5675-45e1-a91c-710d3aed9e7e-groupManagement] INFO  server.RaftServerConfigKeys (ConfUtils.java:logGet(46)) - raft.server.log.segment.cache.size.max = 200MB (=209715200) (default)
2023-05-23 10:24:43,709 [b2d3243d-5675-45e1-a91c-710d3aed9e7e-groupManagement] INFO  server.RaftServerConfigKeys (ConfUtils.java:logGet(46)) - raft.server.log.appender.buffer.byte-limit = 33554432 (custom)
2023-05-23 10:24:43,709 [b2d3243d-5675-45e1-a91c-710d3aed9e7e-groupManagement] INFO  segmented.SegmentedRaftLogWorker (SegmentedRaftLogWorker.java:<init>(188)) - new b2d3243d-5675-45e1-a91c-710d3aed9e7e@group-0F081356A623-SegmentedRaftLogWorker for RaftStorageImpl:Storage Directory /home/runner/work/ozone/ozone/hadoop-ozone/integration-test/target/test-dir/MiniOzoneClusterImpl-95ea0607-12be-46e0-be72-f6ffafe0ad81/datanode-0/data/ratis/f2eb3a5b-5bd7-42ee-9a29-0f081356a623
2023-05-23 10:24:43,709 [b2d3243d-5675-45e1-a91c-710d3aed9e7e-groupManagement] INFO  server.RaftServerConfigKeys (ConfUtils.java:logGet(46)) - raft.server.log.queue.byte-limit = 4294967296 (custom)
2023-05-23 10:24:43,709 [b2d3243d-5675-45e1-a91c-710d3aed9e7e-groupManagement] INFO  server.RaftServerConfigKeys (ConfUtils.java:logGet(46)) - raft.server.log.queue.element-limit = 1024 (custom)
2023-05-23 10:24:43,709 [b2d3243d-5675-45e1-a91c-710d3aed9e7e-groupManagement] INFO  server.RaftServerConfigKeys (ConfUtils.java:logGet(46)) - raft.server.log.segment.size.max = 1048576 (custom)
2023-05-23 10:24:43,709 [b2d3243d-5675-45e1-a91c-710d3aed9e7e-groupManagement] INFO  server.RaftServerConfigKeys (ConfUtils.java:logGet(46)) - raft.server.log.preallocated.size = 16384 (custom)
2023-05-23 10:24:43,711 [b2d3243d-5675-45e1-a91c-710d3aed9e7e-groupManagement] INFO  server.RaftServerConfigKeys (ConfUtils.java:logGet(46)) - raft.server.log.force.sync.num = 128 (default)
2023-05-23 10:24:43,711 [b2d3243d-5675-45e1-a91c-710d3aed9e7e-groupManagement] INFO  server.RaftServerConfigKeys (ConfUtils.java:logGet(46)) - raft.server.log.statemachine.data.sync = true (default)
2023-05-23 10:24:43,711 [b2d3243d-5675-45e1-a91c-710d3aed9e7e-groupManagement] INFO  server.RaftServerConfigKeys (ConfUtils.java:logGet(46)) - raft.server.log.statemachine.data.sync.timeout = 10s (default)
2023-05-23 10:24:43,711 [b2d3243d-5675-45e1-a91c-710d3aed9e7e-groupManagement] INFO  server.RaftServerConfigKeys (ConfUtils.java:logGet(46)) - raft.server.log.statemachine.data.sync.timeout.retry = -1 (default)
2023-05-23 10:24:43,714 [b2d3243d-5675-45e1-a91c-710d3aed9e7e-groupManagement] INFO  server.RaftServerConfigKeys (ConfUtils.java:logGet(46)) - raft.server.log.write.buffer.size = 1048576 (custom)
2023-05-23 10:24:43,716 [b2d3243d-5675-45e1-a91c-710d3aed9e7e-groupManagement] INFO  server.RaftServerConfigKeys (ConfUtils.java:logGet(46)) - raft.server.log.appender.buffer.byte-limit = 33554432 (custom)
2023-05-23 10:24:43,724 [b2d3243d-5675-45e1-a91c-710d3aed9e7e-groupManagement] INFO  server.RaftServerConfigKeys (ConfUtils.java:logGet(46)) - raft.server.log.unsafe-flush.enabled = false (default)
2023-05-23 10:24:43,724 [b2d3243d-5675-45e1-a91c-710d3aed9e7e-groupManagement] INFO  server.RaftServerConfigKeys (ConfUtils.java:logGet(46)) - raft.server.log.async-flush.enabled = false (default)
2023-05-23 10:24:43,724 [b2d3243d-5675-45e1-a91c-710d3aed9e7e-groupManagement] INFO  server.RaftServerConfigKeys (ConfUtils.java:logGet(46)) - raft.server.log.statemachine.data.caching.enabled = true (custom)
2023-05-23 10:24:43,725 [b2d3243d-5675-45e1-a91c-710d3aed9e7e-groupManagement] INFO  segmented.SegmentedRaftLogWorker (SegmentedRaftLogWorker.java:lambda$new$0(135)) - b2d3243d-5675-45e1-a91c-710d3aed9e7e@group-0F081356A623-SegmentedRaftLogWorker: flushIndex: setUnconditionally 0 -> -1
2023-05-23 10:24:43,725 [b2d3243d-5675-45e1-a91c-710d3aed9e7e-groupManagement] INFO  segmented.SegmentedRaftLogWorker (SegmentedRaftLogWorker.java:lambda$new$0(135)) - b2d3243d-5675-45e1-a91c-710d3aed9e7e@group-0F081356A623-SegmentedRaftLogWorker: safeCacheEvictIndex: setUnconditionally 0 -> -1
2023-05-23 10:24:43,725 [b2d3243d-5675-45e1-a91c-710d3aed9e7e-groupManagement] INFO  server.RaftServer$Division (RaftServerImpl.java:start(342)) - b2d3243d-5675-45e1-a91c-710d3aed9e7e@group-0F081356A623: start as a follower, conf=-1: peers:[e2067284-0d49-4f78-bd84-4dfeb1c34035|rpc:10.1.0.38:15029|admin:10.1.0.38:15028|client:10.1.0.38:15027|dataStream:10.1.0.38:15030|priority:0|startupRole:FOLLOWER, 6a8c5c8c-0ee8-4287-ac95-4d490c63ac6c|rpc:10.1.0.38:15021|admin:10.1.0.38:15020|client:10.1.0.38:15019|dataStream:10.1.0.38:15022|priority:0|startupRole:FOLLOWER, b2d3243d-5675-45e1-a91c-710d3aed9e7e|rpc:10.1.0.38:15013|admin:10.1.0.38:15012|client:10.1.0.38:15011|dataStream:10.1.0.38:15014|priority:1|startupRole:FOLLOWER]|listeners:[], old=null
2023-05-23 10:24:43,725 [b2d3243d-5675-45e1-a91c-710d3aed9e7e-groupManagement] INFO  server.RaftServer$Division (RaftServerImpl.java:setRole(329)) - b2d3243d-5675-45e1-a91c-710d3aed9e7e@group-0F081356A623: changes role from      null to FOLLOWER at term 0 for startAsFollower
2023-05-23 10:24:43,725 [b2d3243d-5675-45e1-a91c-710d3aed9e7e-groupManagement] INFO  impl.RoleInfo (RoleInfo.java:updateAndGet(139)) - b2d3243d-5675-45e1-a91c-710d3aed9e7e: start b2d3243d-5675-45e1-a91c-710d3aed9e7e@group-0F081356A623-FollowerState
2023-05-23 10:24:43,729 [b2d3243d-5675-45e1-a91c-710d3aed9e7e-groupManagement] INFO  util.JmxRegister (JmxRegister.java:tryRegister(44)) - Successfully registered JMX Bean with object name Ratis:service=RaftServer,group=group-0F081356A623,id=b2d3243d-5675-45e1-a91c-710d3aed9e7e
2023-05-23 10:24:43,729 [b2d3243d-5675-45e1-a91c-710d3aed9e7e-groupManagement] INFO  server.RaftServerConfigKeys (ConfUtils.java:logGet(46)) - raft.server.snapshot.auto.trigger.enabled = true (custom)
2023-05-23 10:24:43,729 [b2d3243d-5675-45e1-a91c-710d3aed9e7e-groupManagement] INFO  server.RaftServerConfigKeys (ConfUtils.java:logGet(46)) - raft.server.snapshot.auto.trigger.threshold = 10000 (custom)
2023-05-23 10:24:43,729 [b2d3243d-5675-45e1-a91c-710d3aed9e7e-groupManagement] INFO  server.RaftServerConfigKeys (ConfUtils.java:logGet(46)) - raft.server.snapshot.retention.file.num = 5 (custom)
2023-05-23 10:24:43,729 [b2d3243d-5675-45e1-a91c-710d3aed9e7e-groupManagement] INFO  server.RaftServerConfigKeys (ConfUtils.java:logGet(46)) - raft.server.log.purge.upto.snapshot.index = false (default)
2023-05-23 10:24:43,733 [Command processor thread] INFO  ratis.XceiverServerRatis (XceiverServerRatis.java:addGroup(806)) - Created group PipelineID=f2eb3a5b-5bd7-42ee-9a29-0f081356a623
2023-05-23 10:24:43,740 [b2d3243d-5675-45e1-a91c-710d3aed9e7e@group-0F081356A623-FollowerState] INFO  server.RaftServerConfigKeys (ConfUtils.java:logFallback(53)) - raft.server.rpc.first-election.timeout.min = 5s (fallback to raft.server.rpc.timeout.min)
2023-05-23 10:24:43,741 [b2d3243d-5675-45e1-a91c-710d3aed9e7e@group-0F081356A623-FollowerState] INFO  server.RaftServerConfigKeys (ConfUtils.java:logFallback(53)) - raft.server.rpc.first-election.timeout.max = 5200ms (fallback to raft.server.rpc.timeout.max)
2023-05-23 10:24:44,158 [Command processor thread] INFO  server.RaftServer (RaftServerProxy.java:addNew(98)) - 6a8c5c8c-0ee8-4287-ac95-4d490c63ac6c: addNew group-2C57FA8CB753:[6a8c5c8c-0ee8-4287-ac95-4d490c63ac6c|rpc:10.1.0.38:15021|admin:10.1.0.38:15020|client:10.1.0.38:15019|dataStream:10.1.0.38:15022|priority:1|startupRole:FOLLOWER] returns group-2C57FA8CB753:java.util.concurrent.CompletableFuture@7a3e015c[Not completed]
2023-05-23 10:24:44,164 [grpc-default-executor-0] INFO  server.RaftServer (RaftServerProxy.java:addNew(98)) - 6a8c5c8c-0ee8-4287-ac95-4d490c63ac6c: addNew group-0F081356A623:[e2067284-0d49-4f78-bd84-4dfeb1c34035|rpc:10.1.0.38:15029|admin:10.1.0.38:15028|client:10.1.0.38:15027|dataStream:10.1.0.38:15030|priority:0|startupRole:FOLLOWER, 6a8c5c8c-0ee8-4287-ac95-4d490c63ac6c|rpc:10.1.0.38:15021|admin:10.1.0.38:15020|client:10.1.0.38:15019|dataStream:10.1.0.38:15022|priority:0|startupRole:FOLLOWER, b2d3243d-5675-45e1-a91c-710d3aed9e7e|rpc:10.1.0.38:15013|admin:10.1.0.38:15012|client:10.1.0.38:15011|dataStream:10.1.0.38:15014|priority:1|startupRole:FOLLOWER] returns group-0F081356A623:java.util.concurrent.CompletableFuture@1786ecf5[Not completed]
2023-05-23 10:24:44,165 [6a8c5c8c-0ee8-4287-ac95-4d490c63ac6c-groupManagement] INFO  server.RaftServer$Division (RaftServerImpl.java:<init>(198)) - 6a8c5c8c-0ee8-4287-ac95-4d490c63ac6c: new RaftServerImpl for group-2C57FA8CB753:[6a8c5c8c-0ee8-4287-ac95-4d490c63ac6c|rpc:10.1.0.38:15021|admin:10.1.0.38:15020|client:10.1.0.38:15019|dataStream:10.1.0.38:15022|priority:1|startupRole:FOLLOWER] with ContainerStateMachine:uninitialized
2023-05-23 10:24:44,165 [6a8c5c8c-0ee8-4287-ac95-4d490c63ac6c-groupManagement] INFO  server.RaftServerConfigKeys (ConfUtils.java:logGet(46)) - raft.server.rpc.timeout.min = 5s (custom)
2023-05-23 10:24:44,165 [6a8c5c8c-0ee8-4287-ac95-4d490c63ac6c-groupManagement] INFO  server.RaftServerConfigKeys (ConfUtils.java:logGet(46)) - raft.server.rpc.timeout.max = 5200ms (custom)
2023-05-23 10:24:44,165 [6a8c5c8c-0ee8-4287-ac95-4d490c63ac6c-groupManagement] INFO  server.RaftServerConfigKeys (ConfUtils.java:logGet(46)) - raft.server.rpc.sleep.time = 25ms (default)
2023-05-23 10:24:44,165 [6a8c5c8c-0ee8-4287-ac95-4d490c63ac6c-groupManagement] INFO  server.RaftServerConfigKeys (ConfUtils.java:logGet(46)) - raft.server.rpc.slowness.timeout = 300s (custom)
2023-05-23 10:24:44,165 [6a8c5c8c-0ee8-4287-ac95-4d490c63ac6c-groupManagement] INFO  server.RaftServerConfigKeys (ConfUtils.java:logGet(46)) - raft.server.leaderelection.leader.step-down.wait-time = 10s (default)
2023-05-23 10:24:44,165 [6a8c5c8c-0ee8-4287-ac95-4d490c63ac6c-groupManagement] INFO  server.RaftServerConfigKeys (ConfUtils.java:logGet(46)) - raft.server.sleep.deviation.threshold = 300ms (default)
2023-05-23 10:24:44,165 [6a8c5c8c-0ee8-4287-ac95-4d490c63ac6c-groupManagement] INFO  server.RaftServer$Division (ServerState.java:<init>(120)) - 6a8c5c8c-0ee8-4287-ac95-4d490c63ac6c@group-2C57FA8CB753: ConfigurationManager, init=-1: peers:[6a8c5c8c-0ee8-4287-ac95-4d490c63ac6c|rpc:10.1.0.38:15021|admin:10.1.0.38:15020|client:10.1.0.38:15019|dataStream:10.1.0.38:15022|priority:1|startupRole:FOLLOWER]|listeners:[], old=null, confs=<EMPTY_MAP>
2023-05-23 10:24:44,165 [6a8c5c8c-0ee8-4287-ac95-4d490c63ac6c-groupManagement] INFO  server.RaftServerConfigKeys (ConfUtils.java:logGet(46)) - raft.server.storage.dir = [/home/runner/work/ozone/ozone/hadoop-ozone/integration-test/target/test-dir/MiniOzoneClusterImpl-95ea0607-12be-46e0-be72-f6ffafe0ad81/datanode-1/data/ratis] (custom)
2023-05-23 10:24:44,166 [6a8c5c8c-0ee8-4287-ac95-4d490c63ac6c-groupManagement] INFO  server.RaftServerConfigKeys (ConfUtils.java:logGet(46)) - raft.server.log.corruption.policy = EXCEPTION (default)
2023-05-23 10:24:44,166 [6a8c5c8c-0ee8-4287-ac95-4d490c63ac6c-groupManagement] INFO  server.RaftServerConfigKeys (ConfUtils.java:logGet(46)) - raft.server.storage.free-space.min = 0MB (=0) (default)
2023-05-23 10:24:44,166 [6a8c5c8c-0ee8-4287-ac95-4d490c63ac6c-groupManagement] INFO  server.RaftServerConfigKeys (ConfUtils.java:logGet(46)) - raft.server.notification.no-leader.timeout = 300s (custom)
2023-05-23 10:24:44,166 [6a8c5c8c-0ee8-4287-ac95-4d490c63ac6c-groupManagement] INFO  server.RaftServerConfigKeys (ConfUtils.java:logGet(46)) - raft.server.read.timeout = 10s (default)
2023-05-23 10:24:44,166 [6a8c5c8c-0ee8-4287-ac95-4d490c63ac6c-groupManagement] INFO  server.RaftServerConfigKeys (ConfUtils.java:logGet(46)) - raft.server.retrycache.expirytime = 600000ms (custom)
2023-05-23 10:24:44,166 [6a8c5c8c-0ee8-4287-ac95-4d490c63ac6c-groupManagement] INFO  server.RaftServerConfigKeys (ConfUtils.java:logGet(46)) - raft.server.retrycache.statistics.expirytime = 100μs (default)
2023-05-23 10:24:44,166 [6a8c5c8c-0ee8-4287-ac95-4d490c63ac6c-groupManagement] INFO  server.RaftServerConfigKeys (ConfUtils.java:logGet(46)) - raft.server.read.option = DEFAULT (default)
2023-05-23 10:24:44,169 [6a8c5c8c-0ee8-4287-ac95-4d490c63ac6c-groupManagement] INFO  server.RaftServerConfigKeys (ConfUtils.java:logGet(46)) - raft.server.rpc.request.timeout = 60s (custom)
2023-05-23 10:24:44,170 [6a8c5c8c-0ee8-4287-ac95-4d490c63ac6c-groupManagement] INFO  server.RaftServerConfigKeys (ConfUtils.java:logGet(46)) - raft.server.log.appender.install.snapshot.enabled = false (custom)
2023-05-23 10:24:44,170 [6a8c5c8c-0ee8-4287-ac95-4d490c63ac6c-groupManagement] INFO  server.RaftServerConfigKeys (ConfUtils.java:logGet(46)) - raft.server.threadpool.server.cached = true (default)
2023-05-23 10:24:44,170 [6a8c5c8c-0ee8-4287-ac95-4d490c63ac6c-groupManagement] INFO  server.RaftServerConfigKeys (ConfUtils.java:logGet(46)) - raft.server.threadpool.server.size = 0 (default)
2023-05-23 10:24:44,170 [6a8c5c8c-0ee8-4287-ac95-4d490c63ac6c-groupManagement] INFO  server.RaftServerConfigKeys (ConfUtils.java:logGet(46)) - raft.server.threadpool.client.cached = true (default)
2023-05-23 10:24:44,170 [6a8c5c8c-0ee8-4287-ac95-4d490c63ac6c-groupManagement] INFO  server.RaftServerConfigKeys (ConfUtils.java:logGet(46)) - raft.server.threadpool.client.size = 0 (default)
2023-05-23 10:24:44,171 [6a8c5c8c-0ee8-4287-ac95-4d490c63ac6c-groupManagement] INFO  server.RaftServer$Division (RaftServerImpl.java:<init>(198)) - 6a8c5c8c-0ee8-4287-ac95-4d490c63ac6c: new RaftServerImpl for group-0F081356A623:[e2067284-0d49-4f78-bd84-4dfeb1c34035|rpc:10.1.0.38:15029|admin:10.1.0.38:15028|client:10.1.0.38:15027|dataStream:10.1.0.38:15030|priority:0|startupRole:FOLLOWER, 6a8c5c8c-0ee8-4287-ac95-4d490c63ac6c|rpc:10.1.0.38:15021|admin:10.1.0.38:15020|client:10.1.0.38:15019|dataStream:10.1.0.38:15022|priority:0|startupRole:FOLLOWER, b2d3243d-5675-45e1-a91c-710d3aed9e7e|rpc:10.1.0.38:15013|admin:10.1.0.38:15012|client:10.1.0.38:15011|dataStream:10.1.0.38:15014|priority:1|startupRole:FOLLOWER] with ContainerStateMachine:uninitialized
2023-05-23 10:24:44,171 [6a8c5c8c-0ee8-4287-ac95-4d490c63ac6c-groupManagement] INFO  server.RaftServerConfigKeys (ConfUtils.java:logGet(46)) - raft.server.rpc.timeout.min = 5s (custom)
2023-05-23 10:24:44,171 [6a8c5c8c-0ee8-4287-ac95-4d490c63ac6c-groupManagement] INFO  server.RaftServerConfigKeys (ConfUtils.java:logGet(46)) - raft.server.rpc.timeout.max = 5200ms (custom)
2023-05-23 10:24:44,171 [6a8c5c8c-0ee8-4287-ac95-4d490c63ac6c-groupManagement] INFO  server.RaftServerConfigKeys (ConfUtils.java:logGet(46)) - raft.server.rpc.sleep.time = 25ms (default)
2023-05-23 10:24:44,171 [6a8c5c8c-0ee8-4287-ac95-4d490c63ac6c-groupManagement] INFO  server.RaftServerConfigKeys (ConfUtils.java:logGet(46)) - raft.server.rpc.slowness.timeout = 300s (custom)
2023-05-23 10:24:44,171 [6a8c5c8c-0ee8-4287-ac95-4d490c63ac6c-groupManagement] INFO  server.RaftServerConfigKeys (ConfUtils.java:logGet(46)) - raft.server.leaderelection.leader.step-down.wait-time = 10s (default)
2023-05-23 10:24:44,171 [6a8c5c8c-0ee8-4287-ac95-4d490c63ac6c-groupManagement] INFO  server.RaftServerConfigKeys (ConfUtils.java:logGet(46)) - raft.server.sleep.deviation.threshold = 300ms (default)
2023-05-23 10:24:44,172 [6a8c5c8c-0ee8-4287-ac95-4d490c63ac6c-groupManagement] INFO  server.RaftServer$Division (ServerState.java:<init>(120)) - 6a8c5c8c-0ee8-4287-ac95-4d490c63ac6c@group-0F081356A623: ConfigurationManager, init=-1: peers:[e2067284-0d49-4f78-bd84-4dfeb1c34035|rpc:10.1.0.38:15029|admin:10.1.0.38:15028|client:10.1.0.38:15027|dataStream:10.1.0.38:15030|priority:0|startupRole:FOLLOWER, 6a8c5c8c-0ee8-4287-ac95-4d490c63ac6c|rpc:10.1.0.38:15021|admin:10.1.0.38:15020|client:10.1.0.38:15019|dataStream:10.1.0.38:15022|priority:0|startupRole:FOLLOWER, b2d3243d-5675-45e1-a91c-710d3aed9e7e|rpc:10.1.0.38:15013|admin:10.1.0.38:15012|client:10.1.0.38:15011|dataStream:10.1.0.38:15014|priority:1|startupRole:FOLLOWER]|listeners:[], old=null, confs=<EMPTY_MAP>
2023-05-23 10:24:44,172 [6a8c5c8c-0ee8-4287-ac95-4d490c63ac6c-groupManagement] INFO  server.RaftServerConfigKeys (ConfUtils.java:logGet(46)) - raft.server.storage.dir = [/home/runner/work/ozone/ozone/hadoop-ozone/integration-test/target/test-dir/MiniOzoneClusterImpl-95ea0607-12be-46e0-be72-f6ffafe0ad81/datanode-1/data/ratis] (custom)
2023-05-23 10:24:44,172 [6a8c5c8c-0ee8-4287-ac95-4d490c63ac6c-groupManagement] INFO  server.RaftServerConfigKeys (ConfUtils.java:logGet(46)) - raft.server.log.corruption.policy = EXCEPTION (default)
2023-05-23 10:24:44,172 [6a8c5c8c-0ee8-4287-ac95-4d490c63ac6c-groupManagement] INFO  server.RaftServerConfigKeys (ConfUtils.java:logGet(46)) - raft.server.storage.free-space.min = 0MB (=0) (default)
2023-05-23 10:24:44,172 [6a8c5c8c-0ee8-4287-ac95-4d490c63ac6c-groupManagement] INFO  server.RaftServerConfigKeys (ConfUtils.java:logGet(46)) - raft.server.notification.no-leader.timeout = 300s (custom)
2023-05-23 10:24:44,172 [6a8c5c8c-0ee8-4287-ac95-4d490c63ac6c-groupManagement] INFO  server.RaftServerConfigKeys (ConfUtils.java:logGet(46)) - raft.server.read.timeout = 10s (default)
2023-05-23 10:24:44,172 [6a8c5c8c-0ee8-4287-ac95-4d490c63ac6c-groupManagement] INFO  server.RaftServerConfigKeys (ConfUtils.java:logGet(46)) - raft.server.retrycache.expirytime = 600000ms (custom)
2023-05-23 10:24:44,172 [6a8c5c8c-0ee8-4287-ac95-4d490c63ac6c-groupManagement] INFO  server.RaftServerConfigKeys (ConfUtils.java:logGet(46)) - raft.server.retrycache.statistics.expirytime = 100μs (default)
2023-05-23 10:24:44,172 [6a8c5c8c-0ee8-4287-ac95-4d490c63ac6c-groupManagement] INFO  server.RaftServerConfigKeys (ConfUtils.java:logGet(46)) - raft.server.read.option = DEFAULT (default)
2023-05-23 10:24:44,174 [6a8c5c8c-0ee8-4287-ac95-4d490c63ac6c-groupManagement] INFO  server.RaftServerConfigKeys (ConfUtils.java:logGet(46)) - raft.server.rpc.request.timeout = 60s (custom)
2023-05-23 10:24:44,174 [6a8c5c8c-0ee8-4287-ac95-4d490c63ac6c-groupManagement] INFO  server.RaftServerConfigKeys (ConfUtils.java:logGet(46)) - raft.server.log.appender.install.snapshot.enabled = false (custom)
2023-05-23 10:24:44,174 [6a8c5c8c-0ee8-4287-ac95-4d490c63ac6c-groupManagement] INFO  server.RaftServerConfigKeys (ConfUtils.java:logGet(46)) - raft.server.threadpool.server.cached = true (default)
2023-05-23 10:24:44,174 [6a8c5c8c-0ee8-4287-ac95-4d490c63ac6c-groupManagement] INFO  server.RaftServerConfigKeys (ConfUtils.java:logGet(46)) - raft.server.threadpool.server.size = 0 (default)
2023-05-23 10:24:44,174 [6a8c5c8c-0ee8-4287-ac95-4d490c63ac6c-groupManagement] INFO  server.RaftServerConfigKeys (ConfUtils.java:logGet(46)) - raft.server.threadpool.client.cached = true (default)
2023-05-23 10:24:44,174 [6a8c5c8c-0ee8-4287-ac95-4d490c63ac6c-groupManagement] INFO  server.RaftServerConfigKeys (ConfUtils.java:logGet(46)) - raft.server.threadpool.client.size = 0 (default)
2023-05-23 10:24:44,174 [6a8c5c8c-0ee8-4287-ac95-4d490c63ac6c-groupManagement] INFO  storage.RaftStorageDirectory (RaftStorageDirectoryImpl.java:analyzeStorage(137)) - The storage directory /home/runner/work/ozone/ozone/hadoop-ozone/integration-test/target/test-dir/MiniOzoneClusterImpl-95ea0607-12be-46e0-be72-f6ffafe0ad81/datanode-1/data/ratis/dd4eb37e-1fa8-4cac-93b3-2c57fa8cb753 does not exist. Creating ...
2023-05-23 10:24:44,176 [6a8c5c8c-0ee8-4287-ac95-4d490c63ac6c-groupManagement] INFO  storage.RaftStorageDirectory (RaftStorageDirectoryImpl.java:tryLock(231)) - Lock on /home/runner/work/ozone/ozone/hadoop-ozone/integration-test/target/test-dir/MiniOzoneClusterImpl-95ea0607-12be-46e0-be72-f6ffafe0ad81/datanode-1/data/ratis/dd4eb37e-1fa8-4cac-93b3-2c57fa8cb753/in_use.lock acquired by nodename 10384@fv-az1249-304
2023-05-23 10:24:44,178 [6a8c5c8c-0ee8-4287-ac95-4d490c63ac6c-groupManagement] INFO  storage.RaftStorage (RaftStorageImpl.java:format(96)) - Storage directory /home/runner/work/ozone/ozone/hadoop-ozone/integration-test/target/test-dir/MiniOzoneClusterImpl-95ea0607-12be-46e0-be72-f6ffafe0ad81/datanode-1/data/ratis/dd4eb37e-1fa8-4cac-93b3-2c57fa8cb753 has been successfully formatted.
2023-05-23 10:24:44,179 [6a8c5c8c-0ee8-4287-ac95-4d490c63ac6c-groupManagement] INFO  ratis.ContainerStateMachine (ContainerStateMachine.java:loadSnapshot(262)) - group-2C57FA8CB753: The snapshot info is null. Setting the last applied indexto:(t:0, i:~)
2023-05-23 10:24:44,184 [EventQueue-PipelineReportForPipelineReportHandler] INFO  pipeline.PipelineManagerImpl (PipelineManagerImpl.java:openPipeline(367)) - Pipeline Pipeline[ Id: dd4eb37e-1fa8-4cac-93b3-2c57fa8cb753, Nodes: 6a8c5c8c-0ee8-4287-ac95-4d490c63ac6c(fv-az1249-304/10.1.0.38), ReplicationConfig: RATIS/ONE, State:ALLOCATED, leaderId:6a8c5c8c-0ee8-4287-ac95-4d490c63ac6c, CreationTimestamp2023-05-23T10:24:41.161Z[Etc/UTC]] moved to OPEN state
2023-05-23 10:24:44,185 [EventQueue-OpenPipelineForHealthyPipelineSafeModeRule] INFO  safemode.SCMSafeModeManager (HealthyPipelineSafeModeRule.java:process(137)) - SCM in safe mode. Healthy pipelines reported count is 0, required healthy pipeline reported count is 1
2023-05-23 10:24:44,184 [6a8c5c8c-0ee8-4287-ac95-4d490c63ac6c-groupManagement] INFO  server.RaftServerConfigKeys (ConfUtils.java:logGet(46)) - raft.server.log.use.memory = false (default)
2023-05-23 10:24:44,187 [6a8c5c8c-0ee8-4287-ac95-4d490c63ac6c-groupManagement] INFO  server.RaftServerConfigKeys (ConfUtils.java:logGet(46)) - raft.server.log.purge.gap = 1000000 (custom)
2023-05-23 10:24:44,187 [6a8c5c8c-0ee8-4287-ac95-4d490c63ac6c-groupManagement] INFO  server.RaftServerConfigKeys (ConfUtils.java:logGet(46)) - raft.server.log.appender.buffer.byte-limit = 33554432 (custom)
2023-05-23 10:24:44,187 [6a8c5c8c-0ee8-4287-ac95-4d490c63ac6c-groupManagement] INFO  server.RaftServerConfigKeys (ConfUtils.java:logGet(46)) - raft.server.log.statemachine.data.read.timeout = 1000ms (default)
2023-05-23 10:24:44,187 [6a8c5c8c-0ee8-4287-ac95-4d490c63ac6c-groupManagement] INFO  server.RaftServerConfigKeys (ConfUtils.java:logGet(46)) - raft.server.log.purge.preservation.log.num = 0 (default)
2023-05-23 10:24:44,187 [6a8c5c8c-0ee8-4287-ac95-4d490c63ac6c-groupManagement] INFO  server.RaftServerConfigKeys (ConfUtils.java:logGet(46)) - raft.server.log.segment.size.max = 1048576 (custom)
2023-05-23 10:24:44,189 [6a8c5c8c-0ee8-4287-ac95-4d490c63ac6c-groupManagement] INFO  server.RaftServerConfigKeys (ConfUtils.java:logGet(46)) - raft.server.log.segment.cache.num.max = 2 (custom)
2023-05-23 10:24:44,189 [6a8c5c8c-0ee8-4287-ac95-4d490c63ac6c-groupManagement] INFO  server.RaftServerConfigKeys (ConfUtils.java:logGet(46)) - raft.server.log.segment.cache.size.max = 200MB (=209715200) (default)
2023-05-23 10:24:44,189 [6a8c5c8c-0ee8-4287-ac95-4d490c63ac6c-groupManagement] INFO  server.RaftServerConfigKeys (ConfUtils.java:logGet(46)) - raft.server.log.appender.buffer.byte-limit = 33554432 (custom)
2023-05-23 10:24:44,189 [6a8c5c8c-0ee8-4287-ac95-4d490c63ac6c-groupManagement] INFO  segmented.SegmentedRaftLogWorker (SegmentedRaftLogWorker.java:<init>(188)) - new 6a8c5c8c-0ee8-4287-ac95-4d490c63ac6c@group-2C57FA8CB753-SegmentedRaftLogWorker for RaftStorageImpl:Storage Directory /home/runner/work/ozone/ozone/hadoop-ozone/integration-test/target/test-dir/MiniOzoneClusterImpl-95ea0607-12be-46e0-be72-f6ffafe0ad81/datanode-1/data/ratis/dd4eb37e-1fa8-4cac-93b3-2c57fa8cb753
2023-05-23 10:24:44,189 [6a8c5c8c-0ee8-4287-ac95-4d490c63ac6c-groupManagement] INFO  server.RaftServerConfigKeys (ConfUtils.java:logGet(46)) - raft.server.log.queue.byte-limit = 4294967296 (custom)
2023-05-23 10:24:44,189 [6a8c5c8c-0ee8-4287-ac95-4d490c63ac6c-groupManagement] INFO  server.RaftServerConfigKeys (ConfUtils.java:logGet(46)) - raft.server.log.queue.element-limit = 1024 (custom)
2023-05-23 10:24:44,189 [6a8c5c8c-0ee8-4287-ac95-4d490c63ac6c-groupManagement] INFO  server.RaftServerConfigKeys (ConfUtils.java:logGet(46)) - raft.server.log.segment.size.max = 1048576 (custom)
2023-05-23 10:24:44,189 [6a8c5c8c-0ee8-4287-ac95-4d490c63ac6c-groupManagement] INFO  server.RaftServerConfigKeys (ConfUtils.java:logGet(46)) - raft.server.log.preallocated.size = 16384 (custom)
2023-05-23 10:24:44,189 [6a8c5c8c-0ee8-4287-ac95-4d490c63ac6c-groupManagement] INFO  server.RaftServerConfigKeys (ConfUtils.java:logGet(46)) - raft.server.log.force.sync.num = 128 (default)
2023-05-23 10:24:44,189 [6a8c5c8c-0ee8-4287-ac95-4d490c63ac6c-groupManagement] INFO  server.RaftServerConfigKeys (ConfUtils.java:logGet(46)) - raft.server.log.statemachine.data.sync = true (default)
2023-05-23 10:24:44,189 [6a8c5c8c-0ee8-4287-ac95-4d490c63ac6c-groupManagement] INFO  server.RaftServerConfigKeys (ConfUtils.java:logGet(46)) - raft.server.log.statemachine.data.sync.timeout = 10s (default)
2023-05-23 10:24:44,189 [6a8c5c8c-0ee8-4287-ac95-4d490c63ac6c-groupManagement] INFO  server.RaftServerConfigKeys (ConfUtils.java:logGet(46)) - raft.server.log.statemachine.data.sync.timeout.retry = -1 (default)
2023-05-23 10:24:44,191 [6a8c5c8c-0ee8-4287-ac95-4d490c63ac6c-groupManagement] INFO  server.RaftServerConfigKeys (ConfUtils.java:logGet(46)) - raft.server.log.write.buffer.size = 1048576 (custom)
2023-05-23 10:24:44,192 [6a8c5c8c-0ee8-4287-ac95-4d490c63ac6c-groupManagement] INFO  server.RaftServerConfigKeys (ConfUtils.java:logGet(46)) - raft.server.log.appender.buffer.byte-limit = 33554432 (custom)
2023-05-23 10:24:44,197 [6a8c5c8c-0ee8-4287-ac95-4d490c63ac6c-groupManagement] INFO  server.RaftServerConfigKeys (ConfUtils.java:logGet(46)) - raft.server.log.unsafe-flush.enabled = false (default)
2023-05-23 10:24:44,197 [6a8c5c8c-0ee8-4287-ac95-4d490c63ac6c-groupManagement] INFO  server.RaftServerConfigKeys (ConfUtils.java:logGet(46)) - raft.server.log.async-flush.enabled = false (default)
2023-05-23 10:24:44,197 [6a8c5c8c-0ee8-4287-ac95-4d490c63ac6c-groupManagement] INFO  server.RaftServerConfigKeys (ConfUtils.java:logGet(46)) - raft.server.log.statemachine.data.caching.enabled = true (custom)
2023-05-23 10:24:44,197 [6a8c5c8c-0ee8-4287-ac95-4d490c63ac6c-groupManagement] INFO  segmented.SegmentedRaftLogWorker (SegmentedRaftLogWorker.java:lambda$new$0(135)) - 6a8c5c8c-0ee8-4287-ac95-4d490c63ac6c@group-2C57FA8CB753-SegmentedRaftLogWorker: flushIndex: setUnconditionally 0 -> -1
2023-05-23 10:24:44,197 [6a8c5c8c-0ee8-4287-ac95-4d490c63ac6c-groupManagement] INFO  segmented.SegmentedRaftLogWorker (SegmentedRaftLogWorker.java:lambda$new$0(135)) - 6a8c5c8c-0ee8-4287-ac95-4d490c63ac6c@group-2C57FA8CB753-SegmentedRaftLogWorker: safeCacheEvictIndex: setUnconditionally 0 -> -1
2023-05-23 10:24:44,198 [6a8c5c8c-0ee8-4287-ac95-4d490c63ac6c-groupManagement] INFO  server.RaftServer$Division (RaftServerImpl.java:start(342)) - 6a8c5c8c-0ee8-4287-ac95-4d490c63ac6c@group-2C57FA8CB753: start as a follower, conf=-1: peers:[6a8c5c8c-0ee8-4287-ac95-4d490c63ac6c|rpc:10.1.0.38:15021|admin:10.1.0.38:15020|client:10.1.0.38:15019|dataStream:10.1.0.38:15022|priority:1|startupRole:FOLLOWER]|listeners:[], old=null
2023-05-23 10:24:44,198 [6a8c5c8c-0ee8-4287-ac95-4d490c63ac6c-groupManagement] INFO  server.RaftServer$Division (RaftServerImpl.java:setRole(329)) - 6a8c5c8c-0ee8-4287-ac95-4d490c63ac6c@group-2C57FA8CB753: changes role from      null to FOLLOWER at term 0 for startAsFollower
2023-05-23 10:24:44,198 [6a8c5c8c-0ee8-4287-ac95-4d490c63ac6c-groupManagement] INFO  impl.RoleInfo (RoleInfo.java:updateAndGet(139)) - 6a8c5c8c-0ee8-4287-ac95-4d490c63ac6c: start 6a8c5c8c-0ee8-4287-ac95-4d490c63ac6c@group-2C57FA8CB753-FollowerState
2023-05-23 10:24:44,199 [6a8c5c8c-0ee8-4287-ac95-4d490c63ac6c-groupManagement] INFO  util.JmxRegister (JmxRegister.java:tryRegister(44)) - Successfully registered JMX Bean with object name Ratis:service=RaftServer,group=group-2C57FA8CB753,id=6a8c5c8c-0ee8-4287-ac95-4d490c63ac6c
2023-05-23 10:24:44,199 [6a8c5c8c-0ee8-4287-ac95-4d490c63ac6c@group-2C57FA8CB753-FollowerState] INFO  server.RaftServerConfigKeys (ConfUtils.java:logFallback(53)) - raft.server.rpc.first-election.timeout.min = 5s (fallback to raft.server.rpc.timeout.min)
2023-05-23 10:24:44,200 [6a8c5c8c-0ee8-4287-ac95-4d490c63ac6c-groupManagement] INFO  server.RaftServerConfigKeys (ConfUtils.java:logGet(46)) - raft.server.snapshot.auto.trigger.enabled = true (custom)
2023-05-23 10:24:44,201 [6a8c5c8c-0ee8-4287-ac95-4d490c63ac6c-groupManagement] INFO  server.RaftServerConfigKeys (ConfUtils.java:logGet(46)) - raft.server.snapshot.auto.trigger.threshold = 10000 (custom)
2023-05-23 10:24:44,201 [6a8c5c8c-0ee8-4287-ac95-4d490c63ac6c-groupManagement] INFO  server.RaftServerConfigKeys (ConfUtils.java:logGet(46)) - raft.server.snapshot.retention.file.num = 5 (custom)
2023-05-23 10:24:44,201 [6a8c5c8c-0ee8-4287-ac95-4d490c63ac6c-groupManagement] INFO  server.RaftServerConfigKeys (ConfUtils.java:logGet(46)) - raft.server.log.purge.upto.snapshot.index = false (default)
2023-05-23 10:24:44,202 [6a8c5c8c-0ee8-4287-ac95-4d490c63ac6c@group-2C57FA8CB753-FollowerState] INFO  server.RaftServerConfigKeys (ConfUtils.java:logFallback(53)) - raft.server.rpc.first-election.timeout.max = 5200ms (fallback to raft.server.rpc.timeout.max)
2023-05-23 10:24:44,203 [6a8c5c8c-0ee8-4287-ac95-4d490c63ac6c-groupManagement] INFO  storage.RaftStorageDirectory (RaftStorageDirectoryImpl.java:analyzeStorage(137)) - The storage directory /home/runner/work/ozone/ozone/hadoop-ozone/integration-test/target/test-dir/MiniOzoneClusterImpl-95ea0607-12be-46e0-be72-f6ffafe0ad81/datanode-1/data/ratis/f2eb3a5b-5bd7-42ee-9a29-0f081356a623 does not exist. Creating ...
2023-05-23 10:24:44,203 [Command processor thread] INFO  ratis.XceiverServerRatis (XceiverServerRatis.java:addGroup(806)) - Created group PipelineID=dd4eb37e-1fa8-4cac-93b3-2c57fa8cb753
2023-05-23 10:24:44,203 [Command processor thread] INFO  commandhandler.CreatePipelineCommandHandler (CreatePipelineCommandHandler.java:handle(113)) - Created Pipeline RATIS ONE PipelineID=dd4eb37e-1fa8-4cac-93b3-2c57fa8cb753.
2023-05-23 10:24:44,205 [Command processor thread] INFO  server.RaftServer (RaftServerProxy.java:addNew(98)) - 6a8c5c8c-0ee8-4287-ac95-4d490c63ac6c: addNew group-23872B0778C9:[e2067284-0d49-4f78-bd84-4dfeb1c34035|rpc:10.1.0.38:15029|admin:10.1.0.38:15028|client:10.1.0.38:15027|dataStream:10.1.0.38:15030|priority:0|startupRole:FOLLOWER, 6a8c5c8c-0ee8-4287-ac95-4d490c63ac6c|rpc:10.1.0.38:15021|admin:10.1.0.38:15020|client:10.1.0.38:15019|dataStream:10.1.0.38:15022|priority:1|startupRole:FOLLOWER, b2d3243d-5675-45e1-a91c-710d3aed9e7e|rpc:10.1.0.38:15013|admin:10.1.0.38:15012|client:10.1.0.38:15011|dataStream:10.1.0.38:15014|priority:0|startupRole:FOLLOWER] returns group-23872B0778C9:java.util.concurrent.CompletableFuture@7e018ac3[Not completed]
2023-05-23 10:24:44,206 [6a8c5c8c-0ee8-4287-ac95-4d490c63ac6c-groupManagement] INFO  storage.RaftStorageDirectory (RaftStorageDirectoryImpl.java:tryLock(231)) - Lock on /home/runner/work/ozone/ozone/hadoop-ozone/integration-test/target/test-dir/MiniOzoneClusterImpl-95ea0607-12be-46e0-be72-f6ffafe0ad81/datanode-1/data/ratis/f2eb3a5b-5bd7-42ee-9a29-0f081356a623/in_use.lock acquired by nodename 10384@fv-az1249-304
2023-05-23 10:24:44,207 [6a8c5c8c-0ee8-4287-ac95-4d490c63ac6c-groupManagement] INFO  storage.RaftStorage (RaftStorageImpl.java:format(96)) - Storage directory /home/runner/work/ozone/ozone/hadoop-ozone/integration-test/target/test-dir/MiniOzoneClusterImpl-95ea0607-12be-46e0-be72-f6ffafe0ad81/datanode-1/data/ratis/f2eb3a5b-5bd7-42ee-9a29-0f081356a623 has been successfully formatted.
2023-05-23 10:24:44,208 [6a8c5c8c-0ee8-4287-ac95-4d490c63ac6c-groupManagement] INFO  ratis.ContainerStateMachine (ContainerStateMachine.java:loadSnapshot(262)) - group-0F081356A623: The snapshot info is null. Setting the last applied indexto:(t:0, i:~)
2023-05-23 10:24:44,208 [6a8c5c8c-0ee8-4287-ac95-4d490c63ac6c-groupManagement] INFO  server.RaftServerConfigKeys (ConfUtils.java:logGet(46)) - raft.server.log.use.memory = false (default)
2023-05-23 10:24:44,208 [6a8c5c8c-0ee8-4287-ac95-4d490c63ac6c-groupManagement] INFO  server.RaftServerConfigKeys (ConfUtils.java:logGet(46)) - raft.server.log.purge.gap = 1000000 (custom)
2023-05-23 10:24:44,208 [6a8c5c8c-0ee8-4287-ac95-4d490c63ac6c-groupManagement] INFO  server.RaftServerConfigKeys (ConfUtils.java:logGet(46)) - raft.server.log.appender.buffer.byte-limit = 33554432 (custom)
2023-05-23 10:24:44,208 [6a8c5c8c-0ee8-4287-ac95-4d490c63ac6c-groupManagement] INFO  server.RaftServerConfigKeys (ConfUtils.java:logGet(46)) - raft.server.log.statemachine.data.read.timeout = 1000ms (default)
2023-05-23 10:24:44,208 [6a8c5c8c-0ee8-4287-ac95-4d490c63ac6c-groupManagement] INFO  server.RaftServerConfigKeys (ConfUtils.java:logGet(46)) - raft.server.log.purge.preservation.log.num = 0 (default)
2023-05-23 10:24:44,208 [6a8c5c8c-0ee8-4287-ac95-4d490c63ac6c-groupManagement] INFO  server.RaftServerConfigKeys (ConfUtils.java:logGet(46)) - raft.server.log.segment.size.max = 1048576 (custom)
2023-05-23 10:24:44,210 [EventQueue-OpenPipelineForHealthyPipelineSafeModeRule] INFO  safemode.SCMSafeModeManager (HealthyPipelineSafeModeRule.java:process(137)) - SCM in safe mode. Healthy pipelines reported count is 0, required healthy pipeline reported count is 1
2023-05-23 10:24:44,212 [6a8c5c8c-0ee8-4287-ac95-4d490c63ac6c-groupManagement] INFO  server.RaftServerConfigKeys (ConfUtils.java:logGet(46)) - raft.server.log.segment.cache.num.max = 2 (custom)
2023-05-23 10:24:44,213 [6a8c5c8c-0ee8-4287-ac95-4d490c63ac6c-groupManagement] INFO  server.RaftServerConfigKeys (ConfUtils.java:logGet(46)) - raft.server.log.segment.cache.size.max = 200MB (=209715200) (default)
2023-05-23 10:24:44,214 [6a8c5c8c-0ee8-4287-ac95-4d490c63ac6c-groupManagement] INFO  server.RaftServerConfigKeys (ConfUtils.java:logGet(46)) - raft.server.log.appender.buffer.byte-limit = 33554432 (custom)
2023-05-23 10:24:44,214 [6a8c5c8c-0ee8-4287-ac95-4d490c63ac6c-groupManagement] INFO  segmented.SegmentedRaftLogWorker (SegmentedRaftLogWorker.java:<init>(188)) - new 6a8c5c8c-0ee8-4287-ac95-4d490c63ac6c@group-0F081356A623-SegmentedRaftLogWorker for RaftStorageImpl:Storage Directory /home/runner/work/ozone/ozone/hadoop-ozone/integration-test/target/test-dir/MiniOzoneClusterImpl-95ea0607-12be-46e0-be72-f6ffafe0ad81/datanode-1/data/ratis/f2eb3a5b-5bd7-42ee-9a29-0f081356a623
2023-05-23 10:24:44,214 [6a8c5c8c-0ee8-4287-ac95-4d490c63ac6c-groupManagement] INFO  server.RaftServerConfigKeys (ConfUtils.java:logGet(46)) - raft.server.log.queue.byte-limit = 4294967296 (custom)
2023-05-23 10:24:44,214 [6a8c5c8c-0ee8-4287-ac95-4d490c63ac6c-groupManagement] INFO  server.RaftServerConfigKeys (ConfUtils.java:logGet(46)) - raft.server.log.queue.element-limit = 1024 (custom)
2023-05-23 10:24:44,214 [6a8c5c8c-0ee8-4287-ac95-4d490c63ac6c-groupManagement] INFO  server.RaftServerConfigKeys (ConfUtils.java:logGet(46)) - raft.server.log.segment.size.max = 1048576 (custom)
2023-05-23 10:24:44,214 [6a8c5c8c-0ee8-4287-ac95-4d490c63ac6c-groupManagement] INFO  server.RaftServerConfigKeys (ConfUtils.java:logGet(46)) - raft.server.log.preallocated.size = 16384 (custom)
2023-05-23 10:24:44,214 [6a8c5c8c-0ee8-4287-ac95-4d490c63ac6c-groupManagement] INFO  server.RaftServerConfigKeys (ConfUtils.java:logGet(46)) - raft.server.log.force.sync.num = 128 (default)
2023-05-23 10:24:44,214 [6a8c5c8c-0ee8-4287-ac95-4d490c63ac6c-groupManagement] INFO  server.RaftServerConfigKeys (ConfUtils.java:logGet(46)) - raft.server.log.statemachine.data.sync = true (default)
2023-05-23 10:24:44,215 [6a8c5c8c-0ee8-4287-ac95-4d490c63ac6c-groupManagement] INFO  server.RaftServerConfigKeys (ConfUtils.java:logGet(46)) - raft.server.log.statemachine.data.sync.timeout = 10s (default)
2023-05-23 10:24:44,215 [6a8c5c8c-0ee8-4287-ac95-4d490c63ac6c-groupManagement] INFO  server.RaftServerConfigKeys (ConfUtils.java:logGet(46)) - raft.server.log.statemachine.data.sync.timeout.retry = -1 (default)
2023-05-23 10:24:44,216 [6a8c5c8c-0ee8-4287-ac95-4d490c63ac6c-groupManagement] INFO  server.RaftServerConfigKeys (ConfUtils.java:logGet(46)) - raft.server.log.write.buffer.size = 1048576 (custom)
2023-05-23 10:24:44,217 [6a8c5c8c-0ee8-4287-ac95-4d490c63ac6c-groupManagement] INFO  server.RaftServerConfigKeys (ConfUtils.java:logGet(46)) - raft.server.log.appender.buffer.byte-limit = 33554432 (custom)
2023-05-23 10:24:44,222 [6a8c5c8c-0ee8-4287-ac95-4d490c63ac6c-groupManagement] INFO  server.RaftServerConfigKeys (ConfUtils.java:logGet(46)) - raft.server.log.unsafe-flush.enabled = false (default)
2023-05-23 10:24:44,222 [6a8c5c8c-0ee8-4287-ac95-4d490c63ac6c-groupManagement] INFO  server.RaftServerConfigKeys (ConfUtils.java:logGet(46)) - raft.server.log.async-flush.enabled = false (default)
2023-05-23 10:24:44,222 [6a8c5c8c-0ee8-4287-ac95-4d490c63ac6c-groupManagement] INFO  server.RaftServerConfigKeys (ConfUtils.java:logGet(46)) - raft.server.log.statemachine.data.caching.enabled = true (custom)
2023-05-23 10:24:44,222 [6a8c5c8c-0ee8-4287-ac95-4d490c63ac6c-groupManagement] INFO  segmented.SegmentedRaftLogWorker (SegmentedRaftLogWorker.java:lambda$new$0(135)) - 6a8c5c8c-0ee8-4287-ac95-4d490c63ac6c@group-0F081356A623-SegmentedRaftLogWorker: flushIndex: setUnconditionally 0 -> -1
2023-05-23 10:24:44,222 [6a8c5c8c-0ee8-4287-ac95-4d490c63ac6c-groupManagement] INFO  segmented.SegmentedRaftLogWorker (SegmentedRaftLogWorker.java:lambda$new$0(135)) - 6a8c5c8c-0ee8-4287-ac95-4d490c63ac6c@group-0F081356A623-SegmentedRaftLogWorker: safeCacheEvictIndex: setUnconditionally 0 -> -1
2023-05-23 10:24:44,223 [6a8c5c8c-0ee8-4287-ac95-4d490c63ac6c-groupManagement] INFO  server.RaftServer$Division (RaftServerImpl.java:start(342)) - 6a8c5c8c-0ee8-4287-ac95-4d490c63ac6c@group-0F081356A623: start as a follower, conf=-1: peers:[e2067284-0d49-4f78-bd84-4dfeb1c34035|rpc:10.1.0.38:15029|admin:10.1.0.38:15028|client:10.1.0.38:15027|dataStream:10.1.0.38:15030|priority:0|startupRole:FOLLOWER, 6a8c5c8c-0ee8-4287-ac95-4d490c63ac6c|rpc:10.1.0.38:15021|admin:10.1.0.38:15020|client:10.1.0.38:15019|dataStream:10.1.0.38:15022|priority:0|startupRole:FOLLOWER, b2d3243d-5675-45e1-a91c-710d3aed9e7e|rpc:10.1.0.38:15013|admin:10.1.0.38:15012|client:10.1.0.38:15011|dataStream:10.1.0.38:15014|priority:1|startupRole:FOLLOWER]|listeners:[], old=null
2023-05-23 10:24:44,223 [6a8c5c8c-0ee8-4287-ac95-4d490c63ac6c-groupManagement] INFO  server.RaftServer$Division (RaftServerImpl.java:setRole(329)) - 6a8c5c8c-0ee8-4287-ac95-4d490c63ac6c@group-0F081356A623: changes role from      null to FOLLOWER at term 0 for startAsFollower
2023-05-23 10:24:44,223 [6a8c5c8c-0ee8-4287-ac95-4d490c63ac6c-groupManagement] INFO  impl.RoleInfo (RoleInfo.java:updateAndGet(139)) - 6a8c5c8c-0ee8-4287-ac95-4d490c63ac6c: start 6a8c5c8c-0ee8-4287-ac95-4d490c63ac6c@group-0F081356A623-FollowerState
2023-05-23 10:24:44,223 [6a8c5c8c-0ee8-4287-ac95-4d490c63ac6c-groupManagement] INFO  util.JmxRegister (JmxRegister.java:tryRegister(44)) - Successfully registered JMX Bean with object name Ratis:service=RaftServer,group=group-0F081356A623,id=6a8c5c8c-0ee8-4287-ac95-4d490c63ac6c
2023-05-23 10:24:44,223 [6a8c5c8c-0ee8-4287-ac95-4d490c63ac6c@group-0F081356A623-FollowerState] INFO  server.RaftServerConfigKeys (ConfUtils.java:logFallback(53)) - raft.server.rpc.first-election.timeout.min = 5s (fallback to raft.server.rpc.timeout.min)
2023-05-23 10:24:44,225 [6a8c5c8c-0ee8-4287-ac95-4d490c63ac6c@group-0F081356A623-FollowerState] INFO  server.RaftServerConfigKeys (ConfUtils.java:logFallback(53)) - raft.server.rpc.first-election.timeout.max = 5200ms (fallback to raft.server.rpc.timeout.max)
2023-05-23 10:24:44,224 [6a8c5c8c-0ee8-4287-ac95-4d490c63ac6c-groupManagement] INFO  server.RaftServerConfigKeys (ConfUtils.java:logGet(46)) - raft.server.snapshot.auto.trigger.enabled = true (custom)
2023-05-23 10:24:44,225 [6a8c5c8c-0ee8-4287-ac95-4d490c63ac6c-groupManagement] INFO  server.RaftServerConfigKeys (ConfUtils.java:logGet(46)) - raft.server.snapshot.auto.trigger.threshold = 10000 (custom)
2023-05-23 10:24:44,225 [6a8c5c8c-0ee8-4287-ac95-4d490c63ac6c-groupManagement] INFO  server.RaftServerConfigKeys (ConfUtils.java:logGet(46)) - raft.server.snapshot.retention.file.num = 5 (custom)
2023-05-23 10:24:44,225 [6a8c5c8c-0ee8-4287-ac95-4d490c63ac6c-groupManagement] INFO  server.RaftServerConfigKeys (ConfUtils.java:logGet(46)) - raft.server.log.purge.upto.snapshot.index = false (default)
2023-05-23 10:24:44,228 [6a8c5c8c-0ee8-4287-ac95-4d490c63ac6c-groupManagement] INFO  server.RaftServer$Division (RaftServerImpl.java:<init>(198)) - 6a8c5c8c-0ee8-4287-ac95-4d490c63ac6c: new RaftServerImpl for group-23872B0778C9:[e2067284-0d49-4f78-bd84-4dfeb1c34035|rpc:10.1.0.38:15029|admin:10.1.0.38:15028|client:10.1.0.38:15027|dataStream:10.1.0.38:15030|priority:0|startupRole:FOLLOWER, 6a8c5c8c-0ee8-4287-ac95-4d490c63ac6c|rpc:10.1.0.38:15021|admin:10.1.0.38:15020|client:10.1.0.38:15019|dataStream:10.1.0.38:15022|priority:1|startupRole:FOLLOWER, b2d3243d-5675-45e1-a91c-710d3aed9e7e|rpc:10.1.0.38:15013|admin:10.1.0.38:15012|client:10.1.0.38:15011|dataStream:10.1.0.38:15014|priority:0|startupRole:FOLLOWER] with ContainerStateMachine:uninitialized
2023-05-23 10:24:44,228 [6a8c5c8c-0ee8-4287-ac95-4d490c63ac6c-groupManagement] INFO  server.RaftServerConfigKeys (ConfUtils.java:logGet(46)) - raft.server.rpc.timeout.min = 5s (custom)
2023-05-23 10:24:44,228 [6a8c5c8c-0ee8-4287-ac95-4d490c63ac6c-groupManagement] INFO  server.RaftServerConfigKeys (ConfUtils.java:logGet(46)) - raft.server.rpc.timeout.max = 5200ms (custom)
2023-05-23 10:24:44,228 [6a8c5c8c-0ee8-4287-ac95-4d490c63ac6c-groupManagement] INFO  server.RaftServerConfigKeys (ConfUtils.java:logGet(46)) - raft.server.rpc.sleep.time = 25ms (default)
2023-05-23 10:24:44,228 [6a8c5c8c-0ee8-4287-ac95-4d490c63ac6c-groupManagement] INFO  server.RaftServerConfigKeys (ConfUtils.java:logGet(46)) - raft.server.rpc.slowness.timeout = 300s (custom)
2023-05-23 10:24:44,228 [6a8c5c8c-0ee8-4287-ac95-4d490c63ac6c-groupManagement] INFO  server.RaftServerConfigKeys (ConfUtils.java:logGet(46)) - raft.server.leaderelection.leader.step-down.wait-time = 10s (default)
2023-05-23 10:24:44,228 [6a8c5c8c-0ee8-4287-ac95-4d490c63ac6c-groupManagement] INFO  server.RaftServerConfigKeys (ConfUtils.java:logGet(46)) - raft.server.sleep.deviation.threshold = 300ms (default)
2023-05-23 10:24:44,229 [6a8c5c8c-0ee8-4287-ac95-4d490c63ac6c-groupManagement] INFO  server.RaftServer$Division (ServerState.java:<init>(120)) - 6a8c5c8c-0ee8-4287-ac95-4d490c63ac6c@group-23872B0778C9: ConfigurationManager, init=-1: peers:[e2067284-0d49-4f78-bd84-4dfeb1c34035|rpc:10.1.0.38:15029|admin:10.1.0.38:15028|client:10.1.0.38:15027|dataStream:10.1.0.38:15030|priority:0|startupRole:FOLLOWER, 6a8c5c8c-0ee8-4287-ac95-4d490c63ac6c|rpc:10.1.0.38:15021|admin:10.1.0.38:15020|client:10.1.0.38:15019|dataStream:10.1.0.38:15022|priority:1|startupRole:FOLLOWER, b2d3243d-5675-45e1-a91c-710d3aed9e7e|rpc:10.1.0.38:15013|admin:10.1.0.38:15012|client:10.1.0.38:15011|dataStream:10.1.0.38:15014|priority:0|startupRole:FOLLOWER]|listeners:[], old=null, confs=<EMPTY_MAP>
2023-05-23 10:24:44,229 [6a8c5c8c-0ee8-4287-ac95-4d490c63ac6c-groupManagement] INFO  server.RaftServerConfigKeys (ConfUtils.java:logGet(46)) - raft.server.storage.dir = [/home/runner/work/ozone/ozone/hadoop-ozone/integration-test/target/test-dir/MiniOzoneClusterImpl-95ea0607-12be-46e0-be72-f6ffafe0ad81/datanode-1/data/ratis] (custom)
2023-05-23 10:24:44,229 [6a8c5c8c-0ee8-4287-ac95-4d490c63ac6c-groupManagement] INFO  server.RaftServerConfigKeys (ConfUtils.java:logGet(46)) - raft.server.log.corruption.policy = EXCEPTION (default)
2023-05-23 10:24:44,229 [6a8c5c8c-0ee8-4287-ac95-4d490c63ac6c-groupManagement] INFO  server.RaftServerConfigKeys (ConfUtils.java:logGet(46)) - raft.server.storage.free-space.min = 0MB (=0) (default)
2023-05-23 10:24:44,229 [6a8c5c8c-0ee8-4287-ac95-4d490c63ac6c-groupManagement] INFO  server.RaftServerConfigKeys (ConfUtils.java:logGet(46)) - raft.server.notification.no-leader.timeout = 300s (custom)
2023-05-23 10:24:44,229 [6a8c5c8c-0ee8-4287-ac95-4d490c63ac6c-groupManagement] INFO  server.RaftServerConfigKeys (ConfUtils.java:logGet(46)) - raft.server.read.timeout = 10s (default)
2023-05-23 10:24:44,229 [6a8c5c8c-0ee8-4287-ac95-4d490c63ac6c-groupManagement] INFO  server.RaftServerConfigKeys (ConfUtils.java:logGet(46)) - raft.server.retrycache.expirytime = 600000ms (custom)
2023-05-23 10:24:44,229 [6a8c5c8c-0ee8-4287-ac95-4d490c63ac6c-groupManagement] INFO  server.RaftServerConfigKeys (ConfUtils.java:logGet(46)) - raft.server.retrycache.statistics.expirytime = 100μs (default)
2023-05-23 10:24:44,229 [6a8c5c8c-0ee8-4287-ac95-4d490c63ac6c-groupManagement] INFO  server.RaftServerConfigKeys (ConfUtils.java:logGet(46)) - raft.server.read.option = DEFAULT (default)
2023-05-23 10:24:44,238 [6a8c5c8c-0ee8-4287-ac95-4d490c63ac6c-groupManagement] INFO  server.RaftServerConfigKeys (ConfUtils.java:logGet(46)) - raft.server.rpc.request.timeout = 60s (custom)
2023-05-23 10:24:44,238 [6a8c5c8c-0ee8-4287-ac95-4d490c63ac6c-groupManagement] INFO  server.RaftServerConfigKeys (ConfUtils.java:logGet(46)) - raft.server.log.appender.install.snapshot.enabled = false (custom)
2023-05-23 10:24:44,238 [6a8c5c8c-0ee8-4287-ac95-4d490c63ac6c-groupManagement] INFO  server.RaftServerConfigKeys (ConfUtils.java:logGet(46)) - raft.server.threadpool.server.cached = true (default)
2023-05-23 10:24:44,238 [6a8c5c8c-0ee8-4287-ac95-4d490c63ac6c-groupManagement] INFO  server.RaftServerConfigKeys (ConfUtils.java:logGet(46)) - raft.server.threadpool.server.size = 0 (default)
2023-05-23 10:24:44,238 [6a8c5c8c-0ee8-4287-ac95-4d490c63ac6c-groupManagement] INFO  server.RaftServerConfigKeys (ConfUtils.java:logGet(46)) - raft.server.threadpool.client.cached = true (default)
2023-05-23 10:24:44,238 [6a8c5c8c-0ee8-4287-ac95-4d490c63ac6c-groupManagement] INFO  server.RaftServerConfigKeys (ConfUtils.java:logGet(46)) - raft.server.threadpool.client.size = 0 (default)
2023-05-23 10:24:44,239 [6a8c5c8c-0ee8-4287-ac95-4d490c63ac6c-groupManagement] INFO  storage.RaftStorageDirectory (RaftStorageDirectoryImpl.java:analyzeStorage(137)) - The storage directory /home/runner/work/ozone/ozone/hadoop-ozone/integration-test/target/test-dir/MiniOzoneClusterImpl-95ea0607-12be-46e0-be72-f6ffafe0ad81/datanode-1/data/ratis/7a7547c5-f5da-4e43-822b-23872b0778c9 does not exist. Creating ...
2023-05-23 10:24:44,241 [6a8c5c8c-0ee8-4287-ac95-4d490c63ac6c-groupManagement] INFO  storage.RaftStorageDirectory (RaftStorageDirectoryImpl.java:tryLock(231)) - Lock on /home/runner/work/ozone/ozone/hadoop-ozone/integration-test/target/test-dir/MiniOzoneClusterImpl-95ea0607-12be-46e0-be72-f6ffafe0ad81/datanode-1/data/ratis/7a7547c5-f5da-4e43-822b-23872b0778c9/in_use.lock acquired by nodename 10384@fv-az1249-304
2023-05-23 10:24:44,243 [6a8c5c8c-0ee8-4287-ac95-4d490c63ac6c-groupManagement] INFO  storage.RaftStorage (RaftStorageImpl.java:format(96)) - Storage directory /home/runner/work/ozone/ozone/hadoop-ozone/integration-test/target/test-dir/MiniOzoneClusterImpl-95ea0607-12be-46e0-be72-f6ffafe0ad81/datanode-1/data/ratis/7a7547c5-f5da-4e43-822b-23872b0778c9 has been successfully formatted.
2023-05-23 10:24:44,243 [6a8c5c8c-0ee8-4287-ac95-4d490c63ac6c-groupManagement] INFO  ratis.ContainerStateMachine (ContainerStateMachine.java:loadSnapshot(262)) - group-23872B0778C9: The snapshot info is null. Setting the last applied indexto:(t:0, i:~)
2023-05-23 10:24:44,243 [6a8c5c8c-0ee8-4287-ac95-4d490c63ac6c-groupManagement] INFO  server.RaftServerConfigKeys (ConfUtils.java:logGet(46)) - raft.server.log.use.memory = false (default)
2023-05-23 10:24:44,243 [6a8c5c8c-0ee8-4287-ac95-4d490c63ac6c-groupManagement] INFO  server.RaftServerConfigKeys (ConfUtils.java:logGet(46)) - raft.server.log.purge.gap = 1000000 (custom)
2023-05-23 10:24:44,244 [6a8c5c8c-0ee8-4287-ac95-4d490c63ac6c-groupManagement] INFO  server.RaftServerConfigKeys (ConfUtils.java:logGet(46)) - raft.server.log.appender.buffer.byte-limit = 33554432 (custom)
2023-05-23 10:24:44,244 [6a8c5c8c-0ee8-4287-ac95-4d490c63ac6c-groupManagement] INFO  server.RaftServerConfigKeys (ConfUtils.java:logGet(46)) - raft.server.log.statemachine.data.read.timeout = 1000ms (default)
2023-05-23 10:24:44,244 [6a8c5c8c-0ee8-4287-ac95-4d490c63ac6c-groupManagement] INFO  server.RaftServerConfigKeys (ConfUtils.java:logGet(46)) - raft.server.log.purge.preservation.log.num = 0 (default)
2023-05-23 10:24:44,244 [6a8c5c8c-0ee8-4287-ac95-4d490c63ac6c-groupManagement] INFO  server.RaftServerConfigKeys (ConfUtils.java:logGet(46)) - raft.server.log.segment.size.max = 1048576 (custom)
2023-05-23 10:24:44,249 [Listener at 127.0.0.1/15004] INFO  ozone.MiniOzoneClusterImpl (MiniOzoneClusterImpl.java:lambda$waitForClusterToBeReady$0(222)) - Nodes are ready. Got 5 of 5 DN Heartbeats.
2023-05-23 10:24:44,250 [Listener at 127.0.0.1/15004] INFO  ozone.MiniOzoneClusterImpl (MiniOzoneClusterImpl.java:lambda$waitForClusterToBeReady$0(225)) - Waiting for cluster to exit safe mode
2023-05-23 10:24:44,250 [Listener at 127.0.0.1/15004] INFO  ozone.MiniOzoneClusterImpl (MiniOzoneClusterImpl.java:lambda$waitForClusterToBeReady$0(227)) - SCM became leader
2023-05-23 10:24:44,250 [6a8c5c8c-0ee8-4287-ac95-4d490c63ac6c-groupManagement] INFO  server.RaftServerConfigKeys (ConfUtils.java:logGet(46)) - raft.server.log.segment.cache.num.max = 2 (custom)
2023-05-23 10:24:44,250 [6a8c5c8c-0ee8-4287-ac95-4d490c63ac6c-groupManagement] INFO  server.RaftServerConfigKeys (ConfUtils.java:logGet(46)) - raft.server.log.segment.cache.size.max = 200MB (=209715200) (default)
2023-05-23 10:24:44,251 [6a8c5c8c-0ee8-4287-ac95-4d490c63ac6c-groupManagement] INFO  server.RaftServerConfigKeys (ConfUtils.java:logGet(46)) - raft.server.log.appender.buffer.byte-limit = 33554432 (custom)
2023-05-23 10:24:44,251 [6a8c5c8c-0ee8-4287-ac95-4d490c63ac6c-groupManagement] INFO  segmented.SegmentedRaftLogWorker (SegmentedRaftLogWorker.java:<init>(188)) - new 6a8c5c8c-0ee8-4287-ac95-4d490c63ac6c@group-23872B0778C9-SegmentedRaftLogWorker for RaftStorageImpl:Storage Directory /home/runner/work/ozone/ozone/hadoop-ozone/integration-test/target/test-dir/MiniOzoneClusterImpl-95ea0607-12be-46e0-be72-f6ffafe0ad81/datanode-1/data/ratis/7a7547c5-f5da-4e43-822b-23872b0778c9
2023-05-23 10:24:44,251 [6a8c5c8c-0ee8-4287-ac95-4d490c63ac6c-groupManagement] INFO  server.RaftServerConfigKeys (ConfUtils.java:logGet(46)) - raft.server.log.queue.byte-limit = 4294967296 (custom)
2023-05-23 10:24:44,251 [6a8c5c8c-0ee8-4287-ac95-4d490c63ac6c-groupManagement] INFO  server.RaftServerConfigKeys (ConfUtils.java:logGet(46)) - raft.server.log.queue.element-limit = 1024 (custom)
2023-05-23 10:24:44,251 [6a8c5c8c-0ee8-4287-ac95-4d490c63ac6c-groupManagement] INFO  server.RaftServerConfigKeys (ConfUtils.java:logGet(46)) - raft.server.log.segment.size.max = 1048576 (custom)
2023-05-23 10:24:44,251 [6a8c5c8c-0ee8-4287-ac95-4d490c63ac6c-groupManagement] INFO  server.RaftServerConfigKeys (ConfUtils.java:logGet(46)) - raft.server.log.preallocated.size = 16384 (custom)
2023-05-23 10:24:44,251 [6a8c5c8c-0ee8-4287-ac95-4d490c63ac6c-groupManagement] INFO  server.RaftServerConfigKeys (ConfUtils.java:logGet(46)) - raft.server.log.force.sync.num = 128 (default)
2023-05-23 10:24:44,251 [6a8c5c8c-0ee8-4287-ac95-4d490c63ac6c-groupManagement] INFO  server.RaftServerConfigKeys (ConfUtils.java:logGet(46)) - raft.server.log.statemachine.data.sync = true (default)
2023-05-23 10:24:44,251 [6a8c5c8c-0ee8-4287-ac95-4d490c63ac6c-groupManagement] INFO  server.RaftServerConfigKeys (ConfUtils.java:logGet(46)) - raft.server.log.statemachine.data.sync.timeout = 10s (default)
2023-05-23 10:24:44,251 [6a8c5c8c-0ee8-4287-ac95-4d490c63ac6c-groupManagement] INFO  server.RaftServerConfigKeys (ConfUtils.java:logGet(46)) - raft.server.log.statemachine.data.sync.timeout.retry = -1 (default)
2023-05-23 10:24:44,252 [6a8c5c8c-0ee8-4287-ac95-4d490c63ac6c-groupManagement] INFO  server.RaftServerConfigKeys (ConfUtils.java:logGet(46)) - raft.server.log.write.buffer.size = 1048576 (custom)
2023-05-23 10:24:44,254 [EventQueue-OpenPipelineForHealthyPipelineSafeModeRule] INFO  safemode.SCMSafeModeManager (HealthyPipelineSafeModeRule.java:process(137)) - SCM in safe mode. Healthy pipelines reported count is 0, required healthy pipeline reported count is 1
2023-05-23 10:24:44,265 [6a8c5c8c-0ee8-4287-ac95-4d490c63ac6c-groupManagement] INFO  server.RaftServerConfigKeys (ConfUtils.java:logGet(46)) - raft.server.log.appender.buffer.byte-limit = 33554432 (custom)
2023-05-23 10:24:44,276 [6a8c5c8c-0ee8-4287-ac95-4d490c63ac6c-groupManagement] INFO  server.RaftServerConfigKeys (ConfUtils.java:logGet(46)) - raft.server.log.unsafe-flush.enabled = false (default)
2023-05-23 10:24:44,276 [6a8c5c8c-0ee8-4287-ac95-4d490c63ac6c-groupManagement] INFO  server.RaftServerConfigKeys (ConfUtils.java:logGet(46)) - raft.server.log.async-flush.enabled = false (default)
2023-05-23 10:24:44,276 [6a8c5c8c-0ee8-4287-ac95-4d490c63ac6c-groupManagement] INFO  server.RaftServerConfigKeys (ConfUtils.java:logGet(46)) - raft.server.log.statemachine.data.caching.enabled = true (custom)
2023-05-23 10:24:44,276 [6a8c5c8c-0ee8-4287-ac95-4d490c63ac6c-groupManagement] INFO  segmented.SegmentedRaftLogWorker (SegmentedRaftLogWorker.java:lambda$new$0(135)) - 6a8c5c8c-0ee8-4287-ac95-4d490c63ac6c@group-23872B0778C9-SegmentedRaftLogWorker: flushIndex: setUnconditionally 0 -> -1
2023-05-23 10:24:44,276 [6a8c5c8c-0ee8-4287-ac95-4d490c63ac6c-groupManagement] INFO  segmented.SegmentedRaftLogWorker (SegmentedRaftLogWorker.java:lambda$new$0(135)) - 6a8c5c8c-0ee8-4287-ac95-4d490c63ac6c@group-23872B0778C9-SegmentedRaftLogWorker: safeCacheEvictIndex: setUnconditionally 0 -> -1
2023-05-23 10:24:44,280 [6a8c5c8c-0ee8-4287-ac95-4d490c63ac6c-groupManagement] INFO  server.RaftServer$Division (RaftServerImpl.java:start(342)) - 6a8c5c8c-0ee8-4287-ac95-4d490c63ac6c@group-23872B0778C9: start as a follower, conf=-1: peers:[e2067284-0d49-4f78-bd84-4dfeb1c34035|rpc:10.1.0.38:15029|admin:10.1.0.38:15028|client:10.1.0.38:15027|dataStream:10.1.0.38:15030|priority:0|startupRole:FOLLOWER, 6a8c5c8c-0ee8-4287-ac95-4d490c63ac6c|rpc:10.1.0.38:15021|admin:10.1.0.38:15020|client:10.1.0.38:15019|dataStream:10.1.0.38:15022|priority:1|startupRole:FOLLOWER, b2d3243d-5675-45e1-a91c-710d3aed9e7e|rpc:10.1.0.38:15013|admin:10.1.0.38:15012|client:10.1.0.38:15011|dataStream:10.1.0.38:15014|priority:0|startupRole:FOLLOWER]|listeners:[], old=null
2023-05-23 10:24:44,280 [6a8c5c8c-0ee8-4287-ac95-4d490c63ac6c-groupManagement] INFO  server.RaftServer$Division (RaftServerImpl.java:setRole(329)) - 6a8c5c8c-0ee8-4287-ac95-4d490c63ac6c@group-23872B0778C9: changes role from      null to FOLLOWER at term 0 for startAsFollower
2023-05-23 10:24:44,280 [6a8c5c8c-0ee8-4287-ac95-4d490c63ac6c-groupManagement] INFO  impl.RoleInfo (RoleInfo.java:updateAndGet(139)) - 6a8c5c8c-0ee8-4287-ac95-4d490c63ac6c: start 6a8c5c8c-0ee8-4287-ac95-4d490c63ac6c@group-23872B0778C9-FollowerState
2023-05-23 10:24:44,290 [6a8c5c8c-0ee8-4287-ac95-4d490c63ac6c-groupManagement] INFO  util.JmxRegister (JmxRegister.java:tryRegister(44)) - Successfully registered JMX Bean with object name Ratis:service=RaftServer,group=group-23872B0778C9,id=6a8c5c8c-0ee8-4287-ac95-4d490c63ac6c
2023-05-23 10:24:44,290 [6a8c5c8c-0ee8-4287-ac95-4d490c63ac6c-groupManagement] INFO  server.RaftServerConfigKeys (ConfUtils.java:logGet(46)) - raft.server.snapshot.auto.trigger.enabled = true (custom)
2023-05-23 10:24:44,290 [6a8c5c8c-0ee8-4287-ac95-4d490c63ac6c-groupManagement] INFO  server.RaftServerConfigKeys (ConfUtils.java:logGet(46)) - raft.server.snapshot.auto.trigger.threshold = 10000 (custom)
2023-05-23 10:24:44,290 [6a8c5c8c-0ee8-4287-ac95-4d490c63ac6c-groupManagement] INFO  server.RaftServerConfigKeys (ConfUtils.java:logGet(46)) - raft.server.snapshot.retention.file.num = 5 (custom)
2023-05-23 10:24:44,291 [6a8c5c8c-0ee8-4287-ac95-4d490c63ac6c-groupManagement] INFO  server.RaftServerConfigKeys (ConfUtils.java:logGet(46)) - raft.server.log.purge.upto.snapshot.index = false (default)
2023-05-23 10:24:44,291 [6a8c5c8c-0ee8-4287-ac95-4d490c63ac6c@group-23872B0778C9-FollowerState] INFO  server.RaftServerConfigKeys (ConfUtils.java:logFallback(53)) - raft.server.rpc.first-election.timeout.min = 5s (fallback to raft.server.rpc.timeout.min)
2023-05-23 10:24:44,294 [6a8c5c8c-0ee8-4287-ac95-4d490c63ac6c@group-23872B0778C9-FollowerState] INFO  server.RaftServerConfigKeys (ConfUtils.java:logFallback(53)) - raft.server.rpc.first-election.timeout.max = 5200ms (fallback to raft.server.rpc.timeout.max)
2023-05-23 10:24:44,295 [Command processor thread] INFO  ratis.XceiverServerRatis (XceiverServerRatis.java:addGroup(806)) - Created group PipelineID=7a7547c5-f5da-4e43-822b-23872b0778c9
2023-05-23 10:24:44,325 [grpc-default-executor-0] INFO  server.RaftServer (RaftServerProxy.java:addNew(98)) - e2067284-0d49-4f78-bd84-4dfeb1c34035: addNew group-23872B0778C9:[e2067284-0d49-4f78-bd84-4dfeb1c34035|rpc:10.1.0.38:15029|admin:10.1.0.38:15028|client:10.1.0.38:15027|dataStream:10.1.0.38:15030|priority:0|startupRole:FOLLOWER, 6a8c5c8c-0ee8-4287-ac95-4d490c63ac6c|rpc:10.1.0.38:15021|admin:10.1.0.38:15020|client:10.1.0.38:15019|dataStream:10.1.0.38:15022|priority:1|startupRole:FOLLOWER, b2d3243d-5675-45e1-a91c-710d3aed9e7e|rpc:10.1.0.38:15013|admin:10.1.0.38:15012|client:10.1.0.38:15011|dataStream:10.1.0.38:15014|priority:0|startupRole:FOLLOWER] returns group-23872B0778C9:java.util.concurrent.CompletableFuture@789afd88[Not completed]
2023-05-23 10:24:44,337 [e2067284-0d49-4f78-bd84-4dfeb1c34035-groupManagement] INFO  server.RaftServer$Division (RaftServerImpl.java:<init>(198)) - e2067284-0d49-4f78-bd84-4dfeb1c34035: new RaftServerImpl for group-23872B0778C9:[e2067284-0d49-4f78-bd84-4dfeb1c34035|rpc:10.1.0.38:15029|admin:10.1.0.38:15028|client:10.1.0.38:15027|dataStream:10.1.0.38:15030|priority:0|startupRole:FOLLOWER, 6a8c5c8c-0ee8-4287-ac95-4d490c63ac6c|rpc:10.1.0.38:15021|admin:10.1.0.38:15020|client:10.1.0.38:15019|dataStream:10.1.0.38:15022|priority:1|startupRole:FOLLOWER, b2d3243d-5675-45e1-a91c-710d3aed9e7e|rpc:10.1.0.38:15013|admin:10.1.0.38:15012|client:10.1.0.38:15011|dataStream:10.1.0.38:15014|priority:0|startupRole:FOLLOWER] with ContainerStateMachine:uninitialized
2023-05-23 10:24:44,340 [e2067284-0d49-4f78-bd84-4dfeb1c34035-groupManagement] INFO  server.RaftServerConfigKeys (ConfUtils.java:logGet(46)) - raft.server.rpc.timeout.min = 5s (custom)
2023-05-23 10:24:44,340 [e2067284-0d49-4f78-bd84-4dfeb1c34035-groupManagement] INFO  server.RaftServerConfigKeys (ConfUtils.java:logGet(46)) - raft.server.rpc.timeout.max = 5200ms (custom)
2023-05-23 10:24:44,340 [e2067284-0d49-4f78-bd84-4dfeb1c34035-groupManagement] INFO  server.RaftServerConfigKeys (ConfUtils.java:logGet(46)) - raft.server.rpc.sleep.time = 25ms (default)
2023-05-23 10:24:44,340 [e2067284-0d49-4f78-bd84-4dfeb1c34035-groupManagement] INFO  server.RaftServerConfigKeys (ConfUtils.java:logGet(46)) - raft.server.rpc.slowness.timeout = 300s (custom)
2023-05-23 10:24:44,340 [e2067284-0d49-4f78-bd84-4dfeb1c34035-groupManagement] INFO  server.RaftServerConfigKeys (ConfUtils.java:logGet(46)) - raft.server.leaderelection.leader.step-down.wait-time = 10s (default)
2023-05-23 10:24:44,340 [e2067284-0d49-4f78-bd84-4dfeb1c34035-groupManagement] INFO  server.RaftServerConfigKeys (ConfUtils.java:logGet(46)) - raft.server.sleep.deviation.threshold = 300ms (default)
2023-05-23 10:24:44,340 [e2067284-0d49-4f78-bd84-4dfeb1c34035-groupManagement] INFO  server.RaftServer$Division (ServerState.java:<init>(120)) - e2067284-0d49-4f78-bd84-4dfeb1c34035@group-23872B0778C9: ConfigurationManager, init=-1: peers:[e2067284-0d49-4f78-bd84-4dfeb1c34035|rpc:10.1.0.38:15029|admin:10.1.0.38:15028|client:10.1.0.38:15027|dataStream:10.1.0.38:15030|priority:0|startupRole:FOLLOWER, 6a8c5c8c-0ee8-4287-ac95-4d490c63ac6c|rpc:10.1.0.38:15021|admin:10.1.0.38:15020|client:10.1.0.38:15019|dataStream:10.1.0.38:15022|priority:1|startupRole:FOLLOWER, b2d3243d-5675-45e1-a91c-710d3aed9e7e|rpc:10.1.0.38:15013|admin:10.1.0.38:15012|client:10.1.0.38:15011|dataStream:10.1.0.38:15014|priority:0|startupRole:FOLLOWER]|listeners:[], old=null, confs=<EMPTY_MAP>
2023-05-23 10:24:44,340 [e2067284-0d49-4f78-bd84-4dfeb1c34035-groupManagement] INFO  server.RaftServerConfigKeys (ConfUtils.java:logGet(46)) - raft.server.storage.dir = [/home/runner/work/ozone/ozone/hadoop-ozone/integration-test/target/test-dir/MiniOzoneClusterImpl-95ea0607-12be-46e0-be72-f6ffafe0ad81/datanode-2/data/ratis] (custom)
2023-05-23 10:24:44,341 [e2067284-0d49-4f78-bd84-4dfeb1c34035-groupManagement] INFO  server.RaftServerConfigKeys (ConfUtils.java:logGet(46)) - raft.server.log.corruption.policy = EXCEPTION (default)
2023-05-23 10:24:44,341 [e2067284-0d49-4f78-bd84-4dfeb1c34035-groupManagement] INFO  server.RaftServerConfigKeys (ConfUtils.java:logGet(46)) - raft.server.storage.free-space.min = 0MB (=0) (default)
2023-05-23 10:24:44,341 [e2067284-0d49-4f78-bd84-4dfeb1c34035-groupManagement] INFO  server.RaftServerConfigKeys (ConfUtils.java:logGet(46)) - raft.server.notification.no-leader.timeout = 300s (custom)
2023-05-23 10:24:44,341 [e2067284-0d49-4f78-bd84-4dfeb1c34035-groupManagement] INFO  server.RaftServerConfigKeys (ConfUtils.java:logGet(46)) - raft.server.read.timeout = 10s (default)
2023-05-23 10:24:44,341 [e2067284-0d49-4f78-bd84-4dfeb1c34035-groupManagement] INFO  server.RaftServerConfigKeys (ConfUtils.java:logGet(46)) - raft.server.retrycache.expirytime = 600000ms (custom)
2023-05-23 10:24:44,341 [e2067284-0d49-4f78-bd84-4dfeb1c34035-groupManagement] INFO  server.RaftServerConfigKeys (ConfUtils.java:logGet(46)) - raft.server.retrycache.statistics.expirytime = 100μs (default)
2023-05-23 10:24:44,341 [e2067284-0d49-4f78-bd84-4dfeb1c34035-groupManagement] INFO  server.RaftServerConfigKeys (ConfUtils.java:logGet(46)) - raft.server.read.option = DEFAULT (default)
2023-05-23 10:24:44,343 [e2067284-0d49-4f78-bd84-4dfeb1c34035-groupManagement] INFO  server.RaftServerConfigKeys (ConfUtils.java:logGet(46)) - raft.server.rpc.request.timeout = 60s (custom)
2023-05-23 10:24:44,343 [e2067284-0d49-4f78-bd84-4dfeb1c34035-groupManagement] INFO  server.RaftServerConfigKeys (ConfUtils.java:logGet(46)) - raft.server.log.appender.install.snapshot.enabled = false (custom)
2023-05-23 10:24:44,343 [e2067284-0d49-4f78-bd84-4dfeb1c34035-groupManagement] INFO  server.RaftServerConfigKeys (ConfUtils.java:logGet(46)) - raft.server.threadpool.server.cached = true (default)
2023-05-23 10:24:44,343 [e2067284-0d49-4f78-bd84-4dfeb1c34035-groupManagement] INFO  server.RaftServerConfigKeys (ConfUtils.java:logGet(46)) - raft.server.threadpool.server.size = 0 (default)
2023-05-23 10:24:44,343 [e2067284-0d49-4f78-bd84-4dfeb1c34035-groupManagement] INFO  server.RaftServerConfigKeys (ConfUtils.java:logGet(46)) - raft.server.threadpool.client.cached = true (default)
2023-05-23 10:24:44,343 [e2067284-0d49-4f78-bd84-4dfeb1c34035-groupManagement] INFO  server.RaftServerConfigKeys (ConfUtils.java:logGet(46)) - raft.server.threadpool.client.size = 0 (default)
2023-05-23 10:24:44,343 [e2067284-0d49-4f78-bd84-4dfeb1c34035-groupManagement] INFO  storage.RaftStorageDirectory (RaftStorageDirectoryImpl.java:analyzeStorage(137)) - The storage directory /home/runner/work/ozone/ozone/hadoop-ozone/integration-test/target/test-dir/MiniOzoneClusterImpl-95ea0607-12be-46e0-be72-f6ffafe0ad81/datanode-2/data/ratis/7a7547c5-f5da-4e43-822b-23872b0778c9 does not exist. Creating ...
2023-05-23 10:24:44,345 [e2067284-0d49-4f78-bd84-4dfeb1c34035-groupManagement] INFO  storage.RaftStorageDirectory (RaftStorageDirectoryImpl.java:tryLock(231)) - Lock on /home/runner/work/ozone/ozone/hadoop-ozone/integration-test/target/test-dir/MiniOzoneClusterImpl-95ea0607-12be-46e0-be72-f6ffafe0ad81/datanode-2/data/ratis/7a7547c5-f5da-4e43-822b-23872b0778c9/in_use.lock acquired by nodename 10384@fv-az1249-304
2023-05-23 10:24:44,357 [e2067284-0d49-4f78-bd84-4dfeb1c34035-groupManagement] INFO  storage.RaftStorage (RaftStorageImpl.java:format(96)) - Storage directory /home/runner/work/ozone/ozone/hadoop-ozone/integration-test/target/test-dir/MiniOzoneClusterImpl-95ea0607-12be-46e0-be72-f6ffafe0ad81/datanode-2/data/ratis/7a7547c5-f5da-4e43-822b-23872b0778c9 has been successfully formatted.
2023-05-23 10:24:44,359 [e2067284-0d49-4f78-bd84-4dfeb1c34035-groupManagement] INFO  ratis.ContainerStateMachine (ContainerStateMachine.java:loadSnapshot(262)) - group-23872B0778C9: The snapshot info is null. Setting the last applied indexto:(t:0, i:~)
2023-05-23 10:24:44,359 [e2067284-0d49-4f78-bd84-4dfeb1c34035-groupManagement] INFO  server.RaftServerConfigKeys (ConfUtils.java:logGet(46)) - raft.server.log.use.memory = false (default)
2023-05-23 10:24:44,359 [e2067284-0d49-4f78-bd84-4dfeb1c34035-groupManagement] INFO  server.RaftServerConfigKeys (ConfUtils.java:logGet(46)) - raft.server.log.purge.gap = 1000000 (custom)
2023-05-23 10:24:44,359 [e2067284-0d49-4f78-bd84-4dfeb1c34035-groupManagement] INFO  server.RaftServerConfigKeys (ConfUtils.java:logGet(46)) - raft.server.log.appender.buffer.byte-limit = 33554432 (custom)
2023-05-23 10:24:44,359 [e2067284-0d49-4f78-bd84-4dfeb1c34035-groupManagement] INFO  server.RaftServerConfigKeys (ConfUtils.java:logGet(46)) - raft.server.log.statemachine.data.read.timeout = 1000ms (default)
2023-05-23 10:24:44,360 [e2067284-0d49-4f78-bd84-4dfeb1c34035-groupManagement] INFO  server.RaftServerConfigKeys (ConfUtils.java:logGet(46)) - raft.server.log.purge.preservation.log.num = 0 (default)
2023-05-23 10:24:44,360 [e2067284-0d49-4f78-bd84-4dfeb1c34035-groupManagement] INFO  server.RaftServerConfigKeys (ConfUtils.java:logGet(46)) - raft.server.log.segment.size.max = 1048576 (custom)
2023-05-23 10:24:44,360 [e2067284-0d49-4f78-bd84-4dfeb1c34035-groupManagement] INFO  server.RaftServerConfigKeys (ConfUtils.java:logGet(46)) - raft.server.log.segment.cache.num.max = 2 (custom)
2023-05-23 10:24:44,360 [e2067284-0d49-4f78-bd84-4dfeb1c34035-groupManagement] INFO  server.RaftServerConfigKeys (ConfUtils.java:logGet(46)) - raft.server.log.segment.cache.size.max = 200MB (=209715200) (default)
2023-05-23 10:24:44,360 [e2067284-0d49-4f78-bd84-4dfeb1c34035-groupManagement] INFO  server.RaftServerConfigKeys (ConfUtils.java:logGet(46)) - raft.server.log.appender.buffer.byte-limit = 33554432 (custom)
2023-05-23 10:24:44,360 [e2067284-0d49-4f78-bd84-4dfeb1c34035-groupManagement] INFO  segmented.SegmentedRaftLogWorker (SegmentedRaftLogWorker.java:<init>(188)) - new e2067284-0d49-4f78-bd84-4dfeb1c34035@group-23872B0778C9-SegmentedRaftLogWorker for RaftStorageImpl:Storage Directory /home/runner/work/ozone/ozone/hadoop-ozone/integration-test/target/test-dir/MiniOzoneClusterImpl-95ea0607-12be-46e0-be72-f6ffafe0ad81/datanode-2/data/ratis/7a7547c5-f5da-4e43-822b-23872b0778c9
2023-05-23 10:24:44,361 [e2067284-0d49-4f78-bd84-4dfeb1c34035-groupManagement] INFO  server.RaftServerConfigKeys (ConfUtils.java:logGet(46)) - raft.server.log.queue.byte-limit = 4294967296 (custom)
2023-05-23 10:24:44,361 [e2067284-0d49-4f78-bd84-4dfeb1c34035-groupManagement] INFO  server.RaftServerConfigKeys (ConfUtils.java:logGet(46)) - raft.server.log.queue.element-limit = 1024 (custom)
2023-05-23 10:24:44,361 [e2067284-0d49-4f78-bd84-4dfeb1c34035-groupManagement] INFO  server.RaftServerConfigKeys (ConfUtils.java:logGet(46)) - raft.server.log.segment.size.max = 1048576 (custom)
2023-05-23 10:24:44,361 [e2067284-0d49-4f78-bd84-4dfeb1c34035-groupManagement] INFO  server.RaftServerConfigKeys (ConfUtils.java:logGet(46)) - raft.server.log.preallocated.size = 16384 (custom)
2023-05-23 10:24:44,361 [e2067284-0d49-4f78-bd84-4dfeb1c34035-groupManagement] INFO  server.RaftServerConfigKeys (ConfUtils.java:logGet(46)) - raft.server.log.force.sync.num = 128 (default)
2023-05-23 10:24:44,361 [e2067284-0d49-4f78-bd84-4dfeb1c34035-groupManagement] INFO  server.RaftServerConfigKeys (ConfUtils.java:logGet(46)) - raft.server.log.statemachine.data.sync = true (default)
2023-05-23 10:24:44,362 [e2067284-0d49-4f78-bd84-4dfeb1c34035-groupManagement] INFO  server.RaftServerConfigKeys (ConfUtils.java:logGet(46)) - raft.server.log.statemachine.data.sync.timeout = 10s (default)
2023-05-23 10:24:44,362 [e2067284-0d49-4f78-bd84-4dfeb1c34035-groupManagement] INFO  server.RaftServerConfigKeys (ConfUtils.java:logGet(46)) - raft.server.log.statemachine.data.sync.timeout.retry = -1 (default)
2023-05-23 10:24:44,363 [e2067284-0d49-4f78-bd84-4dfeb1c34035-groupManagement] INFO  server.RaftServerConfigKeys (ConfUtils.java:logGet(46)) - raft.server.log.write.buffer.size = 1048576 (custom)
2023-05-23 10:24:44,364 [grpc-default-executor-0] INFO  server.RaftServer (RaftServerProxy.java:addNew(98)) - e2067284-0d49-4f78-bd84-4dfeb1c34035: addNew group-0F081356A623:[e2067284-0d49-4f78-bd84-4dfeb1c34035|rpc:10.1.0.38:15029|admin:10.1.0.38:15028|client:10.1.0.38:15027|dataStream:10.1.0.38:15030|priority:0|startupRole:FOLLOWER, 6a8c5c8c-0ee8-4287-ac95-4d490c63ac6c|rpc:10.1.0.38:15021|admin:10.1.0.38:15020|client:10.1.0.38:15019|dataStream:10.1.0.38:15022|priority:0|startupRole:FOLLOWER, b2d3243d-5675-45e1-a91c-710d3aed9e7e|rpc:10.1.0.38:15013|admin:10.1.0.38:15012|client:10.1.0.38:15011|dataStream:10.1.0.38:15014|priority:1|startupRole:FOLLOWER] returns group-0F081356A623:java.util.concurrent.CompletableFuture@4c70fe4d[Not completed]
2023-05-23 10:24:44,366 [e2067284-0d49-4f78-bd84-4dfeb1c34035-groupManagement] INFO  server.RaftServerConfigKeys (ConfUtils.java:logGet(46)) - raft.server.log.appender.buffer.byte-limit = 33554432 (custom)
2023-05-23 10:24:44,371 [e2067284-0d49-4f78-bd84-4dfeb1c34035-groupManagement] INFO  server.RaftServerConfigKeys (ConfUtils.java:logGet(46)) - raft.server.log.unsafe-flush.enabled = false (default)
2023-05-23 10:24:44,371 [e2067284-0d49-4f78-bd84-4dfeb1c34035-groupManagement] INFO  server.RaftServerConfigKeys (ConfUtils.java:logGet(46)) - raft.server.log.async-flush.enabled = false (default)
2023-05-23 10:24:44,371 [e2067284-0d49-4f78-bd84-4dfeb1c34035-groupManagement] INFO  server.RaftServerConfigKeys (ConfUtils.java:logGet(46)) - raft.server.log.statemachine.data.caching.enabled = true (custom)
2023-05-23 10:24:44,372 [e2067284-0d49-4f78-bd84-4dfeb1c34035-groupManagement] INFO  segmented.SegmentedRaftLogWorker (SegmentedRaftLogWorker.java:lambda$new$0(135)) - e2067284-0d49-4f78-bd84-4dfeb1c34035@group-23872B0778C9-SegmentedRaftLogWorker: flushIndex: setUnconditionally 0 -> -1
2023-05-23 10:24:44,372 [e2067284-0d49-4f78-bd84-4dfeb1c34035-groupManagement] INFO  segmented.SegmentedRaftLogWorker (SegmentedRaftLogWorker.java:lambda$new$0(135)) - e2067284-0d49-4f78-bd84-4dfeb1c34035@group-23872B0778C9-SegmentedRaftLogWorker: safeCacheEvictIndex: setUnconditionally 0 -> -1
2023-05-23 10:24:44,372 [e2067284-0d49-4f78-bd84-4dfeb1c34035-groupManagement] INFO  server.RaftServer$Division (RaftServerImpl.java:start(342)) - e2067284-0d49-4f78-bd84-4dfeb1c34035@group-23872B0778C9: start as a follower, conf=-1: peers:[e2067284-0d49-4f78-bd84-4dfeb1c34035|rpc:10.1.0.38:15029|admin:10.1.0.38:15028|client:10.1.0.38:15027|dataStream:10.1.0.38:15030|priority:0|startupRole:FOLLOWER, 6a8c5c8c-0ee8-4287-ac95-4d490c63ac6c|rpc:10.1.0.38:15021|admin:10.1.0.38:15020|client:10.1.0.38:15019|dataStream:10.1.0.38:15022|priority:1|startupRole:FOLLOWER, b2d3243d-5675-45e1-a91c-710d3aed9e7e|rpc:10.1.0.38:15013|admin:10.1.0.38:15012|client:10.1.0.38:15011|dataStream:10.1.0.38:15014|priority:0|startupRole:FOLLOWER]|listeners:[], old=null
2023-05-23 10:24:44,372 [e2067284-0d49-4f78-bd84-4dfeb1c34035-groupManagement] INFO  server.RaftServer$Division (RaftServerImpl.java:setRole(329)) - e2067284-0d49-4f78-bd84-4dfeb1c34035@group-23872B0778C9: changes role from      null to FOLLOWER at term 0 for startAsFollower
2023-05-23 10:24:44,372 [e2067284-0d49-4f78-bd84-4dfeb1c34035-groupManagement] INFO  impl.RoleInfo (RoleInfo.java:updateAndGet(139)) - e2067284-0d49-4f78-bd84-4dfeb1c34035: start e2067284-0d49-4f78-bd84-4dfeb1c34035@group-23872B0778C9-FollowerState
2023-05-23 10:24:44,372 [e2067284-0d49-4f78-bd84-4dfeb1c34035@group-23872B0778C9-FollowerState] INFO  server.RaftServerConfigKeys (ConfUtils.java:logFallback(53)) - raft.server.rpc.first-election.timeout.min = 5s (fallback to raft.server.rpc.timeout.min)
2023-05-23 10:24:44,373 [e2067284-0d49-4f78-bd84-4dfeb1c34035-groupManagement] INFO  util.JmxRegister (JmxRegister.java:tryRegister(44)) - Successfully registered JMX Bean with object name Ratis:service=RaftServer,group=group-23872B0778C9,id=e2067284-0d49-4f78-bd84-4dfeb1c34035
2023-05-23 10:24:44,373 [e2067284-0d49-4f78-bd84-4dfeb1c34035@group-23872B0778C9-FollowerState] INFO  server.RaftServerConfigKeys (ConfUtils.java:logFallback(53)) - raft.server.rpc.first-election.timeout.max = 5200ms (fallback to raft.server.rpc.timeout.max)
2023-05-23 10:24:44,373 [e2067284-0d49-4f78-bd84-4dfeb1c34035-groupManagement] INFO  server.RaftServerConfigKeys (ConfUtils.java:logGet(46)) - raft.server.snapshot.auto.trigger.enabled = true (custom)
2023-05-23 10:24:44,374 [e2067284-0d49-4f78-bd84-4dfeb1c34035-groupManagement] INFO  server.RaftServerConfigKeys (ConfUtils.java:logGet(46)) - raft.server.snapshot.auto.trigger.threshold = 10000 (custom)
2023-05-23 10:24:44,374 [e2067284-0d49-4f78-bd84-4dfeb1c34035-groupManagement] INFO  server.RaftServerConfigKeys (ConfUtils.java:logGet(46)) - raft.server.snapshot.retention.file.num = 5 (custom)
2023-05-23 10:24:44,374 [e2067284-0d49-4f78-bd84-4dfeb1c34035-groupManagement] INFO  server.RaftServerConfigKeys (ConfUtils.java:logGet(46)) - raft.server.log.purge.upto.snapshot.index = false (default)
2023-05-23 10:24:44,384 [e2067284-0d49-4f78-bd84-4dfeb1c34035-groupManagement] INFO  server.RaftServer$Division (RaftServerImpl.java:<init>(198)) - e2067284-0d49-4f78-bd84-4dfeb1c34035: new RaftServerImpl for group-0F081356A623:[e2067284-0d49-4f78-bd84-4dfeb1c34035|rpc:10.1.0.38:15029|admin:10.1.0.38:15028|client:10.1.0.38:15027|dataStream:10.1.0.38:15030|priority:0|startupRole:FOLLOWER, 6a8c5c8c-0ee8-4287-ac95-4d490c63ac6c|rpc:10.1.0.38:15021|admin:10.1.0.38:15020|client:10.1.0.38:15019|dataStream:10.1.0.38:15022|priority:0|startupRole:FOLLOWER, b2d3243d-5675-45e1-a91c-710d3aed9e7e|rpc:10.1.0.38:15013|admin:10.1.0.38:15012|client:10.1.0.38:15011|dataStream:10.1.0.38:15014|priority:1|startupRole:FOLLOWER] with ContainerStateMachine:uninitialized
2023-05-23 10:24:44,385 [e2067284-0d49-4f78-bd84-4dfeb1c34035-groupManagement] INFO  server.RaftServerConfigKeys (ConfUtils.java:logGet(46)) - raft.server.rpc.timeout.min = 5s (custom)
2023-05-23 10:24:44,385 [e2067284-0d49-4f78-bd84-4dfeb1c34035-groupManagement] INFO  server.RaftServerConfigKeys (ConfUtils.java:logGet(46)) - raft.server.rpc.timeout.max = 5200ms (custom)
2023-05-23 10:24:44,386 [e2067284-0d49-4f78-bd84-4dfeb1c34035-groupManagement] INFO  server.RaftServerConfigKeys (ConfUtils.java:logGet(46)) - raft.server.rpc.sleep.time = 25ms (default)
2023-05-23 10:24:44,386 [e2067284-0d49-4f78-bd84-4dfeb1c34035-groupManagement] INFO  server.RaftServerConfigKeys (ConfUtils.java:logGet(46)) - raft.server.rpc.slowness.timeout = 300s (custom)
2023-05-23 10:24:44,386 [e2067284-0d49-4f78-bd84-4dfeb1c34035-groupManagement] INFO  server.RaftServerConfigKeys (ConfUtils.java:logGet(46)) - raft.server.leaderelection.leader.step-down.wait-time = 10s (default)
2023-05-23 10:24:44,386 [e2067284-0d49-4f78-bd84-4dfeb1c34035-groupManagement] INFO  server.RaftServerConfigKeys (ConfUtils.java:logGet(46)) - raft.server.sleep.deviation.threshold = 300ms (default)
2023-05-23 10:24:44,386 [e2067284-0d49-4f78-bd84-4dfeb1c34035-groupManagement] INFO  server.RaftServer$Division (ServerState.java:<init>(120)) - e2067284-0d49-4f78-bd84-4dfeb1c34035@group-0F081356A623: ConfigurationManager, init=-1: peers:[e2067284-0d49-4f78-bd84-4dfeb1c34035|rpc:10.1.0.38:15029|admin:10.1.0.38:15028|client:10.1.0.38:15027|dataStream:10.1.0.38:15030|priority:0|startupRole:FOLLOWER, 6a8c5c8c-0ee8-4287-ac95-4d490c63ac6c|rpc:10.1.0.38:15021|admin:10.1.0.38:15020|client:10.1.0.38:15019|dataStream:10.1.0.38:15022|priority:0|startupRole:FOLLOWER, b2d3243d-5675-45e1-a91c-710d3aed9e7e|rpc:10.1.0.38:15013|admin:10.1.0.38:15012|client:10.1.0.38:15011|dataStream:10.1.0.38:15014|priority:1|startupRole:FOLLOWER]|listeners:[], old=null, confs=<EMPTY_MAP>
2023-05-23 10:24:44,386 [e2067284-0d49-4f78-bd84-4dfeb1c34035-groupManagement] INFO  server.RaftServerConfigKeys (ConfUtils.java:logGet(46)) - raft.server.storage.dir = [/home/runner/work/ozone/ozone/hadoop-ozone/integration-test/target/test-dir/MiniOzoneClusterImpl-95ea0607-12be-46e0-be72-f6ffafe0ad81/datanode-2/data/ratis] (custom)
2023-05-23 10:24:44,386 [e2067284-0d49-4f78-bd84-4dfeb1c34035-groupManagement] INFO  server.RaftServerConfigKeys (ConfUtils.java:logGet(46)) - raft.server.log.corruption.policy = EXCEPTION (default)
2023-05-23 10:24:44,386 [e2067284-0d49-4f78-bd84-4dfeb1c34035-groupManagement] INFO  server.RaftServerConfigKeys (ConfUtils.java:logGet(46)) - raft.server.storage.free-space.min = 0MB (=0) (default)
2023-05-23 10:24:44,386 [e2067284-0d49-4f78-bd84-4dfeb1c34035-groupManagement] INFO  server.RaftServerConfigKeys (ConfUtils.java:logGet(46)) - raft.server.notification.no-leader.timeout = 300s (custom)
2023-05-23 10:24:44,386 [e2067284-0d49-4f78-bd84-4dfeb1c34035-groupManagement] INFO  server.RaftServerConfigKeys (ConfUtils.java:logGet(46)) - raft.server.read.timeout = 10s (default)
2023-05-23 10:24:44,386 [e2067284-0d49-4f78-bd84-4dfeb1c34035-groupManagement] INFO  server.RaftServerConfigKeys (ConfUtils.java:logGet(46)) - raft.server.retrycache.expirytime = 600000ms (custom)
2023-05-23 10:24:44,387 [e2067284-0d49-4f78-bd84-4dfeb1c34035-groupManagement] INFO  server.RaftServerConfigKeys (ConfUtils.java:logGet(46)) - raft.server.retrycache.statistics.expirytime = 100μs (default)
2023-05-23 10:24:44,387 [e2067284-0d49-4f78-bd84-4dfeb1c34035-groupManagement] INFO  server.RaftServerConfigKeys (ConfUtils.java:logGet(46)) - raft.server.read.option = DEFAULT (default)
2023-05-23 10:24:44,388 [e2067284-0d49-4f78-bd84-4dfeb1c34035-groupManagement] INFO  server.RaftServerConfigKeys (ConfUtils.java:logGet(46)) - raft.server.rpc.request.timeout = 60s (custom)
2023-05-23 10:24:44,388 [e2067284-0d49-4f78-bd84-4dfeb1c34035-groupManagement] INFO  server.RaftServerConfigKeys (ConfUtils.java:logGet(46)) - raft.server.log.appender.install.snapshot.enabled = false (custom)
2023-05-23 10:24:44,389 [e2067284-0d49-4f78-bd84-4dfeb1c34035-groupManagement] INFO  server.RaftServerConfigKeys (ConfUtils.java:logGet(46)) - raft.server.threadpool.server.cached = true (default)
2023-05-23 10:24:44,389 [e2067284-0d49-4f78-bd84-4dfeb1c34035-groupManagement] INFO  server.RaftServerConfigKeys (ConfUtils.java:logGet(46)) - raft.server.threadpool.server.size = 0 (default)
2023-05-23 10:24:44,389 [e2067284-0d49-4f78-bd84-4dfeb1c34035-groupManagement] INFO  server.RaftServerConfigKeys (ConfUtils.java:logGet(46)) - raft.server.threadpool.client.cached = true (default)
2023-05-23 10:24:44,389 [e2067284-0d49-4f78-bd84-4dfeb1c34035-groupManagement] INFO  server.RaftServerConfigKeys (ConfUtils.java:logGet(46)) - raft.server.threadpool.client.size = 0 (default)
2023-05-23 10:24:44,389 [e2067284-0d49-4f78-bd84-4dfeb1c34035-groupManagement] INFO  storage.RaftStorageDirectory (RaftStorageDirectoryImpl.java:analyzeStorage(137)) - The storage directory /home/runner/work/ozone/ozone/hadoop-ozone/integration-test/target/test-dir/MiniOzoneClusterImpl-95ea0607-12be-46e0-be72-f6ffafe0ad81/datanode-2/data/ratis/f2eb3a5b-5bd7-42ee-9a29-0f081356a623 does not exist. Creating ...
2023-05-23 10:24:44,391 [e2067284-0d49-4f78-bd84-4dfeb1c34035-groupManagement] INFO  storage.RaftStorageDirectory (RaftStorageDirectoryImpl.java:tryLock(231)) - Lock on /home/runner/work/ozone/ozone/hadoop-ozone/integration-test/target/test-dir/MiniOzoneClusterImpl-95ea0607-12be-46e0-be72-f6ffafe0ad81/datanode-2/data/ratis/f2eb3a5b-5bd7-42ee-9a29-0f081356a623/in_use.lock acquired by nodename 10384@fv-az1249-304
2023-05-23 10:24:44,399 [e2067284-0d49-4f78-bd84-4dfeb1c34035-groupManagement] INFO  storage.RaftStorage (RaftStorageImpl.java:format(96)) - Storage directory /home/runner/work/ozone/ozone/hadoop-ozone/integration-test/target/test-dir/MiniOzoneClusterImpl-95ea0607-12be-46e0-be72-f6ffafe0ad81/datanode-2/data/ratis/f2eb3a5b-5bd7-42ee-9a29-0f081356a623 has been successfully formatted.
2023-05-23 10:24:44,400 [e2067284-0d49-4f78-bd84-4dfeb1c34035-groupManagement] INFO  ratis.ContainerStateMachine (ContainerStateMachine.java:loadSnapshot(262)) - group-0F081356A623: The snapshot info is null. Setting the last applied indexto:(t:0, i:~)
2023-05-23 10:24:44,400 [e2067284-0d49-4f78-bd84-4dfeb1c34035-groupManagement] INFO  server.RaftServerConfigKeys (ConfUtils.java:logGet(46)) - raft.server.log.use.memory = false (default)
2023-05-23 10:24:44,400 [e2067284-0d49-4f78-bd84-4dfeb1c34035-groupManagement] INFO  server.RaftServerConfigKeys (ConfUtils.java:logGet(46)) - raft.server.log.purge.gap = 1000000 (custom)
2023-05-23 10:24:44,400 [e2067284-0d49-4f78-bd84-4dfeb1c34035-groupManagement] INFO  server.RaftServerConfigKeys (ConfUtils.java:logGet(46)) - raft.server.log.appender.buffer.byte-limit = 33554432 (custom)
2023-05-23 10:24:44,400 [e2067284-0d49-4f78-bd84-4dfeb1c34035-groupManagement] INFO  server.RaftServerConfigKeys (ConfUtils.java:logGet(46)) - raft.server.log.statemachine.data.read.timeout = 1000ms (default)
2023-05-23 10:24:44,400 [e2067284-0d49-4f78-bd84-4dfeb1c34035-groupManagement] INFO  server.RaftServerConfigKeys (ConfUtils.java:logGet(46)) - raft.server.log.purge.preservation.log.num = 0 (default)
2023-05-23 10:24:44,400 [e2067284-0d49-4f78-bd84-4dfeb1c34035-groupManagement] INFO  server.RaftServerConfigKeys (ConfUtils.java:logGet(46)) - raft.server.log.segment.size.max = 1048576 (custom)
2023-05-23 10:24:44,409 [e2067284-0d49-4f78-bd84-4dfeb1c34035-groupManagement] INFO  server.RaftServerConfigKeys (ConfUtils.java:logGet(46)) - raft.server.log.segment.cache.num.max = 2 (custom)
2023-05-23 10:24:44,409 [e2067284-0d49-4f78-bd84-4dfeb1c34035-groupManagement] INFO  server.RaftServerConfigKeys (ConfUtils.java:logGet(46)) - raft.server.log.segment.cache.size.max = 200MB (=209715200) (default)
2023-05-23 10:24:44,409 [e2067284-0d49-4f78-bd84-4dfeb1c34035-groupManagement] INFO  server.RaftServerConfigKeys (ConfUtils.java:logGet(46)) - raft.server.log.appender.buffer.byte-limit = 33554432 (custom)
2023-05-23 10:24:44,409 [e2067284-0d49-4f78-bd84-4dfeb1c34035-groupManagement] INFO  segmented.SegmentedRaftLogWorker (SegmentedRaftLogWorker.java:<init>(188)) - new e2067284-0d49-4f78-bd84-4dfeb1c34035@group-0F081356A623-SegmentedRaftLogWorker for RaftStorageImpl:Storage Directory /home/runner/work/ozone/ozone/hadoop-ozone/integration-test/target/test-dir/MiniOzoneClusterImpl-95ea0607-12be-46e0-be72-f6ffafe0ad81/datanode-2/data/ratis/f2eb3a5b-5bd7-42ee-9a29-0f081356a623
2023-05-23 10:24:44,409 [e2067284-0d49-4f78-bd84-4dfeb1c34035-groupManagement] INFO  server.RaftServerConfigKeys (ConfUtils.java:logGet(46)) - raft.server.log.queue.byte-limit = 4294967296 (custom)
2023-05-23 10:24:44,409 [e2067284-0d49-4f78-bd84-4dfeb1c34035-groupManagement] INFO  server.RaftServerConfigKeys (ConfUtils.java:logGet(46)) - raft.server.log.queue.element-limit = 1024 (custom)
2023-05-23 10:24:44,409 [e2067284-0d49-4f78-bd84-4dfeb1c34035-groupManagement] INFO  server.RaftServerConfigKeys (ConfUtils.java:logGet(46)) - raft.server.log.segment.size.max = 1048576 (custom)
2023-05-23 10:24:44,409 [e2067284-0d49-4f78-bd84-4dfeb1c34035-groupManagement] INFO  server.RaftServerConfigKeys (ConfUtils.java:logGet(46)) - raft.server.log.preallocated.size = 16384 (custom)
2023-05-23 10:24:44,410 [e2067284-0d49-4f78-bd84-4dfeb1c34035-groupManagement] INFO  server.RaftServerConfigKeys (ConfUtils.java:logGet(46)) - raft.server.log.force.sync.num = 128 (default)
2023-05-23 10:24:44,410 [e2067284-0d49-4f78-bd84-4dfeb1c34035-groupManagement] INFO  server.RaftServerConfigKeys (ConfUtils.java:logGet(46)) - raft.server.log.statemachine.data.sync = true (default)
2023-05-23 10:24:44,411 [grpc-default-executor-0] INFO  server.RaftServer (RaftServerProxy.java:addNew(98)) - b2d3243d-5675-45e1-a91c-710d3aed9e7e: addNew group-23872B0778C9:[e2067284-0d49-4f78-bd84-4dfeb1c34035|rpc:10.1.0.38:15029|admin:10.1.0.38:15028|client:10.1.0.38:15027|dataStream:10.1.0.38:15030|priority:0|startupRole:FOLLOWER, 6a8c5c8c-0ee8-4287-ac95-4d490c63ac6c|rpc:10.1.0.38:15021|admin:10.1.0.38:15020|client:10.1.0.38:15019|dataStream:10.1.0.38:15022|priority:1|startupRole:FOLLOWER, b2d3243d-5675-45e1-a91c-710d3aed9e7e|rpc:10.1.0.38:15013|admin:10.1.0.38:15012|client:10.1.0.38:15011|dataStream:10.1.0.38:15014|priority:0|startupRole:FOLLOWER] returns group-23872B0778C9:java.util.concurrent.CompletableFuture@498ade51[Not completed]
2023-05-23 10:24:44,412 [b2d3243d-5675-45e1-a91c-710d3aed9e7e-groupManagement] INFO  server.RaftServer$Division (RaftServerImpl.java:<init>(198)) - b2d3243d-5675-45e1-a91c-710d3aed9e7e: new RaftServerImpl for group-23872B0778C9:[e2067284-0d49-4f78-bd84-4dfeb1c34035|rpc:10.1.0.38:15029|admin:10.1.0.38:15028|client:10.1.0.38:15027|dataStream:10.1.0.38:15030|priority:0|startupRole:FOLLOWER, 6a8c5c8c-0ee8-4287-ac95-4d490c63ac6c|rpc:10.1.0.38:15021|admin:10.1.0.38:15020|client:10.1.0.38:15019|dataStream:10.1.0.38:15022|priority:1|startupRole:FOLLOWER, b2d3243d-5675-45e1-a91c-710d3aed9e7e|rpc:10.1.0.38:15013|admin:10.1.0.38:15012|client:10.1.0.38:15011|dataStream:10.1.0.38:15014|priority:0|startupRole:FOLLOWER] with ContainerStateMachine:uninitialized
2023-05-23 10:24:44,412 [b2d3243d-5675-45e1-a91c-710d3aed9e7e-groupManagement] INFO  server.RaftServerConfigKeys (ConfUtils.java:logGet(46)) - raft.server.rpc.timeout.min = 5s (custom)
2023-05-23 10:24:44,413 [b2d3243d-5675-45e1-a91c-710d3aed9e7e-groupManagement] INFO  server.RaftServerConfigKeys (ConfUtils.java:logGet(46)) - raft.server.rpc.timeout.max = 5200ms (custom)
2023-05-23 10:24:44,413 [b2d3243d-5675-45e1-a91c-710d3aed9e7e-groupManagement] INFO  server.RaftServerConfigKeys (ConfUtils.java:logGet(46)) - raft.server.rpc.sleep.time = 25ms (default)
2023-05-23 10:24:44,413 [b2d3243d-5675-45e1-a91c-710d3aed9e7e-groupManagement] INFO  server.RaftServerConfigKeys (ConfUtils.java:logGet(46)) - raft.server.rpc.slowness.timeout = 300s (custom)
2023-05-23 10:24:44,413 [b2d3243d-5675-45e1-a91c-710d3aed9e7e-groupManagement] INFO  server.RaftServerConfigKeys (ConfUtils.java:logGet(46)) - raft.server.leaderelection.leader.step-down.wait-time = 10s (default)
2023-05-23 10:24:44,413 [b2d3243d-5675-45e1-a91c-710d3aed9e7e-groupManagement] INFO  server.RaftServerConfigKeys (ConfUtils.java:logGet(46)) - raft.server.sleep.deviation.threshold = 300ms (default)
2023-05-23 10:24:44,413 [b2d3243d-5675-45e1-a91c-710d3aed9e7e-groupManagement] INFO  server.RaftServer$Division (ServerState.java:<init>(120)) - b2d3243d-5675-45e1-a91c-710d3aed9e7e@group-23872B0778C9: ConfigurationManager, init=-1: peers:[e2067284-0d49-4f78-bd84-4dfeb1c34035|rpc:10.1.0.38:15029|admin:10.1.0.38:15028|client:10.1.0.38:15027|dataStream:10.1.0.38:15030|priority:0|startupRole:FOLLOWER, 6a8c5c8c-0ee8-4287-ac95-4d490c63ac6c|rpc:10.1.0.38:15021|admin:10.1.0.38:15020|client:10.1.0.38:15019|dataStream:10.1.0.38:15022|priority:1|startupRole:FOLLOWER, b2d3243d-5675-45e1-a91c-710d3aed9e7e|rpc:10.1.0.38:15013|admin:10.1.0.38:15012|client:10.1.0.38:15011|dataStream:10.1.0.38:15014|priority:0|startupRole:FOLLOWER]|listeners:[], old=null, confs=<EMPTY_MAP>
2023-05-23 10:24:44,413 [b2d3243d-5675-45e1-a91c-710d3aed9e7e-groupManagement] INFO  server.RaftServerConfigKeys (ConfUtils.java:logGet(46)) - raft.server.storage.dir = [/home/runner/work/ozone/ozone/hadoop-ozone/integration-test/target/test-dir/MiniOzoneClusterImpl-95ea0607-12be-46e0-be72-f6ffafe0ad81/datanode-0/data/ratis] (custom)
2023-05-23 10:24:44,413 [b2d3243d-5675-45e1-a91c-710d3aed9e7e-groupManagement] INFO  server.RaftServerConfigKeys (ConfUtils.java:logGet(46)) - raft.server.log.corruption.policy = EXCEPTION (default)
2023-05-23 10:24:44,413 [b2d3243d-5675-45e1-a91c-710d3aed9e7e-groupManagement] INFO  server.RaftServerConfigKeys (ConfUtils.java:logGet(46)) - raft.server.storage.free-space.min = 0MB (=0) (default)
2023-05-23 10:24:44,413 [e2067284-0d49-4f78-bd84-4dfeb1c34035-groupManagement] INFO  server.RaftServerConfigKeys (ConfUtils.java:logGet(46)) - raft.server.log.statemachine.data.sync.timeout = 10s (default)
2023-05-23 10:24:44,414 [e2067284-0d49-4f78-bd84-4dfeb1c34035-groupManagement] INFO  server.RaftServerConfigKeys (ConfUtils.java:logGet(46)) - raft.server.log.statemachine.data.sync.timeout.retry = -1 (default)
2023-05-23 10:24:44,415 [e2067284-0d49-4f78-bd84-4dfeb1c34035-groupManagement] INFO  server.RaftServerConfigKeys (ConfUtils.java:logGet(46)) - raft.server.log.write.buffer.size = 1048576 (custom)
2023-05-23 10:24:44,416 [e2067284-0d49-4f78-bd84-4dfeb1c34035-groupManagement] INFO  server.RaftServerConfigKeys (ConfUtils.java:logGet(46)) - raft.server.log.appender.buffer.byte-limit = 33554432 (custom)
2023-05-23 10:24:44,417 [b2d3243d-5675-45e1-a91c-710d3aed9e7e-groupManagement] INFO  server.RaftServerConfigKeys (ConfUtils.java:logGet(46)) - raft.server.notification.no-leader.timeout = 300s (custom)
2023-05-23 10:24:44,417 [b2d3243d-5675-45e1-a91c-710d3aed9e7e-groupManagement] INFO  server.RaftServerConfigKeys (ConfUtils.java:logGet(46)) - raft.server.read.timeout = 10s (default)
2023-05-23 10:24:44,417 [b2d3243d-5675-45e1-a91c-710d3aed9e7e-groupManagement] INFO  server.RaftServerConfigKeys (ConfUtils.java:logGet(46)) - raft.server.retrycache.expirytime = 600000ms (custom)
2023-05-23 10:24:44,417 [b2d3243d-5675-45e1-a91c-710d3aed9e7e-groupManagement] INFO  server.RaftServerConfigKeys (ConfUtils.java:logGet(46)) - raft.server.retrycache.statistics.expirytime = 100μs (default)
2023-05-23 10:24:44,417 [b2d3243d-5675-45e1-a91c-710d3aed9e7e-groupManagement] INFO  server.RaftServerConfigKeys (ConfUtils.java:logGet(46)) - raft.server.read.option = DEFAULT (default)
2023-05-23 10:24:44,418 [b2d3243d-5675-45e1-a91c-710d3aed9e7e-groupManagement] INFO  server.RaftServerConfigKeys (ConfUtils.java:logGet(46)) - raft.server.rpc.request.timeout = 60s (custom)
2023-05-23 10:24:44,418 [b2d3243d-5675-45e1-a91c-710d3aed9e7e-groupManagement] INFO  server.RaftServerConfigKeys (ConfUtils.java:logGet(46)) - raft.server.log.appender.install.snapshot.enabled = false (custom)
2023-05-23 10:24:44,418 [b2d3243d-5675-45e1-a91c-710d3aed9e7e-groupManagement] INFO  server.RaftServerConfigKeys (ConfUtils.java:logGet(46)) - raft.server.threadpool.server.cached = true (default)
2023-05-23 10:24:44,418 [b2d3243d-5675-45e1-a91c-710d3aed9e7e-groupManagement] INFO  server.RaftServerConfigKeys (ConfUtils.java:logGet(46)) - raft.server.threadpool.server.size = 0 (default)
2023-05-23 10:24:44,419 [b2d3243d-5675-45e1-a91c-710d3aed9e7e-groupManagement] INFO  server.RaftServerConfigKeys (ConfUtils.java:logGet(46)) - raft.server.threadpool.client.cached = true (default)
2023-05-23 10:24:44,419 [b2d3243d-5675-45e1-a91c-710d3aed9e7e-groupManagement] INFO  server.RaftServerConfigKeys (ConfUtils.java:logGet(46)) - raft.server.threadpool.client.size = 0 (default)
2023-05-23 10:24:44,419 [b2d3243d-5675-45e1-a91c-710d3aed9e7e-groupManagement] INFO  storage.RaftStorageDirectory (RaftStorageDirectoryImpl.java:analyzeStorage(137)) - The storage directory /home/runner/work/ozone/ozone/hadoop-ozone/integration-test/target/test-dir/MiniOzoneClusterImpl-95ea0607-12be-46e0-be72-f6ffafe0ad81/datanode-0/data/ratis/7a7547c5-f5da-4e43-822b-23872b0778c9 does not exist. Creating ...
2023-05-23 10:24:44,420 [b2d3243d-5675-45e1-a91c-710d3aed9e7e-groupManagement] INFO  storage.RaftStorageDirectory (RaftStorageDirectoryImpl.java:tryLock(231)) - Lock on /home/runner/work/ozone/ozone/hadoop-ozone/integration-test/target/test-dir/MiniOzoneClusterImpl-95ea0607-12be-46e0-be72-f6ffafe0ad81/datanode-0/data/ratis/7a7547c5-f5da-4e43-822b-23872b0778c9/in_use.lock acquired by nodename 10384@fv-az1249-304
2023-05-23 10:24:44,422 [b2d3243d-5675-45e1-a91c-710d3aed9e7e-groupManagement] INFO  storage.RaftStorage (RaftStorageImpl.java:format(96)) - Storage directory /home/runner/work/ozone/ozone/hadoop-ozone/integration-test/target/test-dir/MiniOzoneClusterImpl-95ea0607-12be-46e0-be72-f6ffafe0ad81/datanode-0/data/ratis/7a7547c5-f5da-4e43-822b-23872b0778c9 has been successfully formatted.
2023-05-23 10:24:44,423 [b2d3243d-5675-45e1-a91c-710d3aed9e7e-groupManagement] INFO  ratis.ContainerStateMachine (ContainerStateMachine.java:loadSnapshot(262)) - group-23872B0778C9: The snapshot info is null. Setting the last applied indexto:(t:0, i:~)
2023-05-23 10:24:44,423 [b2d3243d-5675-45e1-a91c-710d3aed9e7e-groupManagement] INFO  server.RaftServerConfigKeys (ConfUtils.java:logGet(46)) - raft.server.log.use.memory = false (default)
2023-05-23 10:24:44,423 [b2d3243d-5675-45e1-a91c-710d3aed9e7e-groupManagement] INFO  server.RaftServerConfigKeys (ConfUtils.java:logGet(46)) - raft.server.log.purge.gap = 1000000 (custom)
2023-05-23 10:24:44,423 [b2d3243d-5675-45e1-a91c-710d3aed9e7e-groupManagement] INFO  server.RaftServerConfigKeys (ConfUtils.java:logGet(46)) - raft.server.log.appender.buffer.byte-limit = 33554432 (custom)
2023-05-23 10:24:44,423 [b2d3243d-5675-45e1-a91c-710d3aed9e7e-groupManagement] INFO  server.RaftServerConfigKeys (ConfUtils.java:logGet(46)) - raft.server.log.statemachine.data.read.timeout = 1000ms (default)
2023-05-23 10:24:44,423 [b2d3243d-5675-45e1-a91c-710d3aed9e7e-groupManagement] INFO  server.RaftServerConfigKeys (ConfUtils.java:logGet(46)) - raft.server.log.purge.preservation.log.num = 0 (default)
2023-05-23 10:24:44,426 [EventQueue-OpenPipelineForHealthyPipelineSafeModeRule] INFO  safemode.SCMSafeModeManager (HealthyPipelineSafeModeRule.java:process(137)) - SCM in safe mode. Healthy pipelines reported count is 0, required healthy pipeline reported count is 1
2023-05-23 10:24:44,426 [e2067284-0d49-4f78-bd84-4dfeb1c34035-groupManagement] INFO  server.RaftServerConfigKeys (ConfUtils.java:logGet(46)) - raft.server.log.unsafe-flush.enabled = false (default)
2023-05-23 10:24:44,427 [e2067284-0d49-4f78-bd84-4dfeb1c34035-groupManagement] INFO  server.RaftServerConfigKeys (ConfUtils.java:logGet(46)) - raft.server.log.async-flush.enabled = false (default)
2023-05-23 10:24:44,427 [b2d3243d-5675-45e1-a91c-710d3aed9e7e-groupManagement] INFO  server.RaftServerConfigKeys (ConfUtils.java:logGet(46)) - raft.server.log.segment.size.max = 1048576 (custom)
2023-05-23 10:24:44,427 [e2067284-0d49-4f78-bd84-4dfeb1c34035-groupManagement] INFO  server.RaftServerConfigKeys (ConfUtils.java:logGet(46)) - raft.server.log.statemachine.data.caching.enabled = true (custom)
2023-05-23 10:24:44,427 [e2067284-0d49-4f78-bd84-4dfeb1c34035-groupManagement] INFO  segmented.SegmentedRaftLogWorker (SegmentedRaftLogWorker.java:lambda$new$0(135)) - e2067284-0d49-4f78-bd84-4dfeb1c34035@group-0F081356A623-SegmentedRaftLogWorker: flushIndex: setUnconditionally 0 -> -1
2023-05-23 10:24:44,427 [e2067284-0d49-4f78-bd84-4dfeb1c34035-groupManagement] INFO  segmented.SegmentedRaftLogWorker (SegmentedRaftLogWorker.java:lambda$new$0(135)) - e2067284-0d49-4f78-bd84-4dfeb1c34035@group-0F081356A623-SegmentedRaftLogWorker: safeCacheEvictIndex: setUnconditionally 0 -> -1
2023-05-23 10:24:44,427 [e2067284-0d49-4f78-bd84-4dfeb1c34035-groupManagement] INFO  server.RaftServer$Division (RaftServerImpl.java:start(342)) - e2067284-0d49-4f78-bd84-4dfeb1c34035@group-0F081356A623: start as a follower, conf=-1: peers:[e2067284-0d49-4f78-bd84-4dfeb1c34035|rpc:10.1.0.38:15029|admin:10.1.0.38:15028|client:10.1.0.38:15027|dataStream:10.1.0.38:15030|priority:0|startupRole:FOLLOWER, 6a8c5c8c-0ee8-4287-ac95-4d490c63ac6c|rpc:10.1.0.38:15021|admin:10.1.0.38:15020|client:10.1.0.38:15019|dataStream:10.1.0.38:15022|priority:0|startupRole:FOLLOWER, b2d3243d-5675-45e1-a91c-710d3aed9e7e|rpc:10.1.0.38:15013|admin:10.1.0.38:15012|client:10.1.0.38:15011|dataStream:10.1.0.38:15014|priority:1|startupRole:FOLLOWER]|listeners:[], old=null
2023-05-23 10:24:44,427 [e2067284-0d49-4f78-bd84-4dfeb1c34035-groupManagement] INFO  server.RaftServer$Division (RaftServerImpl.java:setRole(329)) - e2067284-0d49-4f78-bd84-4dfeb1c34035@group-0F081356A623: changes role from      null to FOLLOWER at term 0 for startAsFollower
2023-05-23 10:24:44,428 [e2067284-0d49-4f78-bd84-4dfeb1c34035-groupManagement] INFO  impl.RoleInfo (RoleInfo.java:updateAndGet(139)) - e2067284-0d49-4f78-bd84-4dfeb1c34035: start e2067284-0d49-4f78-bd84-4dfeb1c34035@group-0F081356A623-FollowerState
2023-05-23 10:24:44,427 [b2d3243d-5675-45e1-a91c-710d3aed9e7e-groupManagement] INFO  server.RaftServerConfigKeys (ConfUtils.java:logGet(46)) - raft.server.log.segment.cache.num.max = 2 (custom)
2023-05-23 10:24:44,433 [b2d3243d-5675-45e1-a91c-710d3aed9e7e-groupManagement] INFO  server.RaftServerConfigKeys (ConfUtils.java:logGet(46)) - raft.server.log.segment.cache.size.max = 200MB (=209715200) (default)
2023-05-23 10:24:44,433 [b2d3243d-5675-45e1-a91c-710d3aed9e7e-groupManagement] INFO  server.RaftServerConfigKeys (ConfUtils.java:logGet(46)) - raft.server.log.appender.buffer.byte-limit = 33554432 (custom)
2023-05-23 10:24:44,434 [b2d3243d-5675-45e1-a91c-710d3aed9e7e-groupManagement] INFO  segmented.SegmentedRaftLogWorker (SegmentedRaftLogWorker.java:<init>(188)) - new b2d3243d-5675-45e1-a91c-710d3aed9e7e@group-23872B0778C9-SegmentedRaftLogWorker for RaftStorageImpl:Storage Directory /home/runner/work/ozone/ozone/hadoop-ozone/integration-test/target/test-dir/MiniOzoneClusterImpl-95ea0607-12be-46e0-be72-f6ffafe0ad81/datanode-0/data/ratis/7a7547c5-f5da-4e43-822b-23872b0778c9
2023-05-23 10:24:44,434 [b2d3243d-5675-45e1-a91c-710d3aed9e7e-groupManagement] INFO  server.RaftServerConfigKeys (ConfUtils.java:logGet(46)) - raft.server.log.queue.byte-limit = 4294967296 (custom)
2023-05-23 10:24:44,434 [b2d3243d-5675-45e1-a91c-710d3aed9e7e-groupManagement] INFO  server.RaftServerConfigKeys (ConfUtils.java:logGet(46)) - raft.server.log.queue.element-limit = 1024 (custom)
2023-05-23 10:24:44,434 [b2d3243d-5675-45e1-a91c-710d3aed9e7e-groupManagement] INFO  server.RaftServerConfigKeys (ConfUtils.java:logGet(46)) - raft.server.log.segment.size.max = 1048576 (custom)
2023-05-23 10:24:44,434 [b2d3243d-5675-45e1-a91c-710d3aed9e7e-groupManagement] INFO  server.RaftServerConfigKeys (ConfUtils.java:logGet(46)) - raft.server.log.preallocated.size = 16384 (custom)
2023-05-23 10:24:44,434 [b2d3243d-5675-45e1-a91c-710d3aed9e7e-groupManagement] INFO  server.RaftServerConfigKeys (ConfUtils.java:logGet(46)) - raft.server.log.force.sync.num = 128 (default)
2023-05-23 10:24:44,434 [b2d3243d-5675-45e1-a91c-710d3aed9e7e-groupManagement] INFO  server.RaftServerConfigKeys (ConfUtils.java:logGet(46)) - raft.server.log.statemachine.data.sync = true (default)
2023-05-23 10:24:44,434 [b2d3243d-5675-45e1-a91c-710d3aed9e7e-groupManagement] INFO  server.RaftServerConfigKeys (ConfUtils.java:logGet(46)) - raft.server.log.statemachine.data.sync.timeout = 10s (default)
2023-05-23 10:24:44,434 [b2d3243d-5675-45e1-a91c-710d3aed9e7e-groupManagement] INFO  server.RaftServerConfigKeys (ConfUtils.java:logGet(46)) - raft.server.log.statemachine.data.sync.timeout.retry = -1 (default)
2023-05-23 10:24:44,435 [b2d3243d-5675-45e1-a91c-710d3aed9e7e-groupManagement] INFO  server.RaftServerConfigKeys (ConfUtils.java:logGet(46)) - raft.server.log.write.buffer.size = 1048576 (custom)
2023-05-23 10:24:44,435 [b2d3243d-5675-45e1-a91c-710d3aed9e7e-groupManagement] INFO  server.RaftServerConfigKeys (ConfUtils.java:logGet(46)) - raft.server.log.appender.buffer.byte-limit = 33554432 (custom)
2023-05-23 10:24:44,441 [b2d3243d-5675-45e1-a91c-710d3aed9e7e-groupManagement] INFO  server.RaftServerConfigKeys (ConfUtils.java:logGet(46)) - raft.server.log.unsafe-flush.enabled = false (default)
2023-05-23 10:24:44,443 [b2d3243d-5675-45e1-a91c-710d3aed9e7e-groupManagement] INFO  server.RaftServerConfigKeys (ConfUtils.java:logGet(46)) - raft.server.log.async-flush.enabled = false (default)
2023-05-23 10:24:44,443 [b2d3243d-5675-45e1-a91c-710d3aed9e7e-groupManagement] INFO  server.RaftServerConfigKeys (ConfUtils.java:logGet(46)) - raft.server.log.statemachine.data.caching.enabled = true (custom)
2023-05-23 10:24:44,443 [b2d3243d-5675-45e1-a91c-710d3aed9e7e-groupManagement] INFO  segmented.SegmentedRaftLogWorker (SegmentedRaftLogWorker.java:lambda$new$0(135)) - b2d3243d-5675-45e1-a91c-710d3aed9e7e@group-23872B0778C9-SegmentedRaftLogWorker: flushIndex: setUnconditionally 0 -> -1
2023-05-23 10:24:44,443 [b2d3243d-5675-45e1-a91c-710d3aed9e7e-groupManagement] INFO  segmented.SegmentedRaftLogWorker (SegmentedRaftLogWorker.java:lambda$new$0(135)) - b2d3243d-5675-45e1-a91c-710d3aed9e7e@group-23872B0778C9-SegmentedRaftLogWorker: safeCacheEvictIndex: setUnconditionally 0 -> -1
2023-05-23 10:24:44,441 [e2067284-0d49-4f78-bd84-4dfeb1c34035@group-0F081356A623-FollowerState] INFO  server.RaftServerConfigKeys (ConfUtils.java:logFallback(53)) - raft.server.rpc.first-election.timeout.min = 5s (fallback to raft.server.rpc.timeout.min)
2023-05-23 10:24:44,441 [e2067284-0d49-4f78-bd84-4dfeb1c34035-groupManagement] INFO  util.JmxRegister (JmxRegister.java:tryRegister(44)) - Successfully registered JMX Bean with object name Ratis:service=RaftServer,group=group-0F081356A623,id=e2067284-0d49-4f78-bd84-4dfeb1c34035
2023-05-23 10:24:44,444 [e2067284-0d49-4f78-bd84-4dfeb1c34035-groupManagement] INFO  server.RaftServerConfigKeys (ConfUtils.java:logGet(46)) - raft.server.snapshot.auto.trigger.enabled = true (custom)
2023-05-23 10:24:44,444 [e2067284-0d49-4f78-bd84-4dfeb1c34035-groupManagement] INFO  server.RaftServerConfigKeys (ConfUtils.java:logGet(46)) - raft.server.snapshot.auto.trigger.threshold = 10000 (custom)
2023-05-23 10:24:44,444 [e2067284-0d49-4f78-bd84-4dfeb1c34035-groupManagement] INFO  server.RaftServerConfigKeys (ConfUtils.java:logGet(46)) - raft.server.snapshot.retention.file.num = 5 (custom)
2023-05-23 10:24:44,444 [e2067284-0d49-4f78-bd84-4dfeb1c34035-groupManagement] INFO  server.RaftServerConfigKeys (ConfUtils.java:logGet(46)) - raft.server.log.purge.upto.snapshot.index = false (default)
2023-05-23 10:24:44,444 [e2067284-0d49-4f78-bd84-4dfeb1c34035@group-0F081356A623-FollowerState] INFO  server.RaftServerConfigKeys (ConfUtils.java:logFallback(53)) - raft.server.rpc.first-election.timeout.max = 5200ms (fallback to raft.server.rpc.timeout.max)
2023-05-23 10:24:44,449 [b2d3243d-5675-45e1-a91c-710d3aed9e7e-groupManagement] INFO  server.RaftServer$Division (RaftServerImpl.java:start(342)) - b2d3243d-5675-45e1-a91c-710d3aed9e7e@group-23872B0778C9: start as a follower, conf=-1: peers:[e2067284-0d49-4f78-bd84-4dfeb1c34035|rpc:10.1.0.38:15029|admin:10.1.0.38:15028|client:10.1.0.38:15027|dataStream:10.1.0.38:15030|priority:0|startupRole:FOLLOWER, 6a8c5c8c-0ee8-4287-ac95-4d490c63ac6c|rpc:10.1.0.38:15021|admin:10.1.0.38:15020|client:10.1.0.38:15019|dataStream:10.1.0.38:15022|priority:1|startupRole:FOLLOWER, b2d3243d-5675-45e1-a91c-710d3aed9e7e|rpc:10.1.0.38:15013|admin:10.1.0.38:15012|client:10.1.0.38:15011|dataStream:10.1.0.38:15014|priority:0|startupRole:FOLLOWER]|listeners:[], old=null
2023-05-23 10:24:44,449 [b2d3243d-5675-45e1-a91c-710d3aed9e7e-groupManagement] INFO  server.RaftServer$Division (RaftServerImpl.java:setRole(329)) - b2d3243d-5675-45e1-a91c-710d3aed9e7e@group-23872B0778C9: changes role from      null to FOLLOWER at term 0 for startAsFollower
2023-05-23 10:24:44,450 [b2d3243d-5675-45e1-a91c-710d3aed9e7e-groupManagement] INFO  impl.RoleInfo (RoleInfo.java:updateAndGet(139)) - b2d3243d-5675-45e1-a91c-710d3aed9e7e: start b2d3243d-5675-45e1-a91c-710d3aed9e7e@group-23872B0778C9-FollowerState
2023-05-23 10:24:44,457 [b2d3243d-5675-45e1-a91c-710d3aed9e7e-groupManagement] INFO  util.JmxRegister (JmxRegister.java:tryRegister(44)) - Successfully registered JMX Bean with object name Ratis:service=RaftServer,group=group-23872B0778C9,id=b2d3243d-5675-45e1-a91c-710d3aed9e7e
2023-05-23 10:24:44,457 [b2d3243d-5675-45e1-a91c-710d3aed9e7e-groupManagement] INFO  server.RaftServerConfigKeys (ConfUtils.java:logGet(46)) - raft.server.snapshot.auto.trigger.enabled = true (custom)
2023-05-23 10:24:44,457 [b2d3243d-5675-45e1-a91c-710d3aed9e7e-groupManagement] INFO  server.RaftServerConfigKeys (ConfUtils.java:logGet(46)) - raft.server.snapshot.auto.trigger.threshold = 10000 (custom)
2023-05-23 10:24:44,457 [b2d3243d-5675-45e1-a91c-710d3aed9e7e-groupManagement] INFO  server.RaftServerConfigKeys (ConfUtils.java:logGet(46)) - raft.server.snapshot.retention.file.num = 5 (custom)
2023-05-23 10:24:44,457 [b2d3243d-5675-45e1-a91c-710d3aed9e7e-groupManagement] INFO  server.RaftServerConfigKeys (ConfUtils.java:logGet(46)) - raft.server.log.purge.upto.snapshot.index = false (default)
2023-05-23 10:24:44,464 [b2d3243d-5675-45e1-a91c-710d3aed9e7e@group-23872B0778C9-FollowerState] INFO  server.RaftServerConfigKeys (ConfUtils.java:logFallback(53)) - raft.server.rpc.first-election.timeout.min = 5s (fallback to raft.server.rpc.timeout.min)
2023-05-23 10:24:44,466 [b2d3243d-5675-45e1-a91c-710d3aed9e7e@group-23872B0778C9-FollowerState] INFO  server.RaftServerConfigKeys (ConfUtils.java:logFallback(53)) - raft.server.rpc.first-election.timeout.max = 5200ms (fallback to raft.server.rpc.timeout.max)
2023-05-23 10:24:44,473 [Command processor thread] INFO  commandhandler.CreatePipelineCommandHandler (CreatePipelineCommandHandler.java:handle(113)) - Created Pipeline RATIS THREE PipelineID=f2eb3a5b-5bd7-42ee-9a29-0f081356a623.
2023-05-23 10:24:44,481 [Command processor thread] INFO  commandhandler.CreatePipelineCommandHandler (CreatePipelineCommandHandler.java:handle(113)) - Created Pipeline RATIS THREE PipelineID=7a7547c5-f5da-4e43-822b-23872b0778c9.
2023-05-23 10:24:44,518 [ReplicationMonitor] INFO  replication.ReplicationManager (ReplicationManager.java:processAll(375)) - Replication Manager is not ready to run until 3000ms after safemode exit
2023-05-23 10:24:44,572 [Command processor thread] INFO  server.RaftServer (RaftServerProxy.java:addNew(98)) - e2067284-0d49-4f78-bd84-4dfeb1c34035: addNew group-6FD0E88B63C5:[e2067284-0d49-4f78-bd84-4dfeb1c34035|rpc:10.1.0.38:15029|admin:10.1.0.38:15028|client:10.1.0.38:15027|dataStream:10.1.0.38:15030|priority:1|startupRole:FOLLOWER] returns group-6FD0E88B63C5:java.util.concurrent.CompletableFuture@520dc299[Not completed]
2023-05-23 10:24:44,573 [e2067284-0d49-4f78-bd84-4dfeb1c34035-groupManagement] INFO  server.RaftServer$Division (RaftServerImpl.java:<init>(198)) - e2067284-0d49-4f78-bd84-4dfeb1c34035: new RaftServerImpl for group-6FD0E88B63C5:[e2067284-0d49-4f78-bd84-4dfeb1c34035|rpc:10.1.0.38:15029|admin:10.1.0.38:15028|client:10.1.0.38:15027|dataStream:10.1.0.38:15030|priority:1|startupRole:FOLLOWER] with ContainerStateMachine:uninitialized
2023-05-23 10:24:44,573 [e2067284-0d49-4f78-bd84-4dfeb1c34035-groupManagement] INFO  server.RaftServerConfigKeys (ConfUtils.java:logGet(46)) - raft.server.rpc.timeout.min = 5s (custom)
2023-05-23 10:24:44,573 [e2067284-0d49-4f78-bd84-4dfeb1c34035-groupManagement] INFO  server.RaftServerConfigKeys (ConfUtils.java:logGet(46)) - raft.server.rpc.timeout.max = 5200ms (custom)
2023-05-23 10:24:44,573 [e2067284-0d49-4f78-bd84-4dfeb1c34035-groupManagement] INFO  server.RaftServerConfigKeys (ConfUtils.java:logGet(46)) - raft.server.rpc.sleep.time = 25ms (default)
2023-05-23 10:24:44,573 [e2067284-0d49-4f78-bd84-4dfeb1c34035-groupManagement] INFO  server.RaftServerConfigKeys (ConfUtils.java:logGet(46)) - raft.server.rpc.slowness.timeout = 300s (custom)
2023-05-23 10:24:44,573 [e2067284-0d49-4f78-bd84-4dfeb1c34035-groupManagement] INFO  server.RaftServerConfigKeys (ConfUtils.java:logGet(46)) - raft.server.leaderelection.leader.step-down.wait-time = 10s (default)
2023-05-23 10:24:44,573 [e2067284-0d49-4f78-bd84-4dfeb1c34035-groupManagement] INFO  server.RaftServerConfigKeys (ConfUtils.java:logGet(46)) - raft.server.sleep.deviation.threshold = 300ms (default)
2023-05-23 10:24:44,574 [e2067284-0d49-4f78-bd84-4dfeb1c34035-groupManagement] INFO  server.RaftServer$Division (ServerState.java:<init>(120)) - e2067284-0d49-4f78-bd84-4dfeb1c34035@group-6FD0E88B63C5: ConfigurationManager, init=-1: peers:[e2067284-0d49-4f78-bd84-4dfeb1c34035|rpc:10.1.0.38:15029|admin:10.1.0.38:15028|client:10.1.0.38:15027|dataStream:10.1.0.38:15030|priority:1|startupRole:FOLLOWER]|listeners:[], old=null, confs=<EMPTY_MAP>
2023-05-23 10:24:44,574 [e2067284-0d49-4f78-bd84-4dfeb1c34035-groupManagement] INFO  server.RaftServerConfigKeys (ConfUtils.java:logGet(46)) - raft.server.storage.dir = [/home/runner/work/ozone/ozone/hadoop-ozone/integration-test/target/test-dir/MiniOzoneClusterImpl-95ea0607-12be-46e0-be72-f6ffafe0ad81/datanode-2/data/ratis] (custom)
2023-05-23 10:24:44,574 [e2067284-0d49-4f78-bd84-4dfeb1c34035-groupManagement] INFO  server.RaftServerConfigKeys (ConfUtils.java:logGet(46)) - raft.server.log.corruption.policy = EXCEPTION (default)
2023-05-23 10:24:44,574 [e2067284-0d49-4f78-bd84-4dfeb1c34035-groupManagement] INFO  server.RaftServerConfigKeys (ConfUtils.java:logGet(46)) - raft.server.storage.free-space.min = 0MB (=0) (default)
2023-05-23 10:24:44,574 [e2067284-0d49-4f78-bd84-4dfeb1c34035-groupManagement] INFO  server.RaftServerConfigKeys (ConfUtils.java:logGet(46)) - raft.server.notification.no-leader.timeout = 300s (custom)
2023-05-23 10:24:44,574 [e2067284-0d49-4f78-bd84-4dfeb1c34035-groupManagement] INFO  server.RaftServerConfigKeys (ConfUtils.java:logGet(46)) - raft.server.read.timeout = 10s (default)
2023-05-23 10:24:44,574 [e2067284-0d49-4f78-bd84-4dfeb1c34035-groupManagement] INFO  server.RaftServerConfigKeys (ConfUtils.java:logGet(46)) - raft.server.retrycache.expirytime = 600000ms (custom)
2023-05-23 10:24:44,574 [e2067284-0d49-4f78-bd84-4dfeb1c34035-groupManagement] INFO  server.RaftServerConfigKeys (ConfUtils.java:logGet(46)) - raft.server.retrycache.statistics.expirytime = 100μs (default)
2023-05-23 10:24:44,574 [e2067284-0d49-4f78-bd84-4dfeb1c34035-groupManagement] INFO  server.RaftServerConfigKeys (ConfUtils.java:logGet(46)) - raft.server.read.option = DEFAULT (default)
2023-05-23 10:24:44,575 [e2067284-0d49-4f78-bd84-4dfeb1c34035-groupManagement] INFO  server.RaftServerConfigKeys (ConfUtils.java:logGet(46)) - raft.server.rpc.request.timeout = 60s (custom)
2023-05-23 10:24:44,575 [e2067284-0d49-4f78-bd84-4dfeb1c34035-groupManagement] INFO  server.RaftServerConfigKeys (ConfUtils.java:logGet(46)) - raft.server.log.appender.install.snapshot.enabled = false (custom)
2023-05-23 10:24:44,575 [e2067284-0d49-4f78-bd84-4dfeb1c34035-groupManagement] INFO  server.RaftServerConfigKeys (ConfUtils.java:logGet(46)) - raft.server.threadpool.server.cached = true (default)
2023-05-23 10:24:44,575 [e2067284-0d49-4f78-bd84-4dfeb1c34035-groupManagement] INFO  server.RaftServerConfigKeys (ConfUtils.java:logGet(46)) - raft.server.threadpool.server.size = 0 (default)
2023-05-23 10:24:44,576 [e2067284-0d49-4f78-bd84-4dfeb1c34035-groupManagement] INFO  server.RaftServerConfigKeys (ConfUtils.java:logGet(46)) - raft.server.threadpool.client.cached = true (default)
2023-05-23 10:24:44,576 [e2067284-0d49-4f78-bd84-4dfeb1c34035-groupManagement] INFO  server.RaftServerConfigKeys (ConfUtils.java:logGet(46)) - raft.server.threadpool.client.size = 0 (default)
2023-05-23 10:24:44,576 [e2067284-0d49-4f78-bd84-4dfeb1c34035-groupManagement] INFO  storage.RaftStorageDirectory (RaftStorageDirectoryImpl.java:analyzeStorage(137)) - The storage directory /home/runner/work/ozone/ozone/hadoop-ozone/integration-test/target/test-dir/MiniOzoneClusterImpl-95ea0607-12be-46e0-be72-f6ffafe0ad81/datanode-2/data/ratis/620304fc-5fcd-4b1e-bfde-6fd0e88b63c5 does not exist. Creating ...
2023-05-23 10:24:44,580 [e2067284-0d49-4f78-bd84-4dfeb1c34035-groupManagement] INFO  storage.RaftStorageDirectory (RaftStorageDirectoryImpl.java:tryLock(231)) - Lock on /home/runner/work/ozone/ozone/hadoop-ozone/integration-test/target/test-dir/MiniOzoneClusterImpl-95ea0607-12be-46e0-be72-f6ffafe0ad81/datanode-2/data/ratis/620304fc-5fcd-4b1e-bfde-6fd0e88b63c5/in_use.lock acquired by nodename 10384@fv-az1249-304
2023-05-23 10:24:44,582 [e2067284-0d49-4f78-bd84-4dfeb1c34035-groupManagement] INFO  storage.RaftStorage (RaftStorageImpl.java:format(96)) - Storage directory /home/runner/work/ozone/ozone/hadoop-ozone/integration-test/target/test-dir/MiniOzoneClusterImpl-95ea0607-12be-46e0-be72-f6ffafe0ad81/datanode-2/data/ratis/620304fc-5fcd-4b1e-bfde-6fd0e88b63c5 has been successfully formatted.
2023-05-23 10:24:44,582 [e2067284-0d49-4f78-bd84-4dfeb1c34035-groupManagement] INFO  ratis.ContainerStateMachine (ContainerStateMachine.java:loadSnapshot(262)) - group-6FD0E88B63C5: The snapshot info is null. Setting the last applied indexto:(t:0, i:~)
2023-05-23 10:24:44,583 [e2067284-0d49-4f78-bd84-4dfeb1c34035-groupManagement] INFO  server.RaftServerConfigKeys (ConfUtils.java:logGet(46)) - raft.server.log.use.memory = false (default)
2023-05-23 10:24:44,584 [e2067284-0d49-4f78-bd84-4dfeb1c34035-groupManagement] INFO  server.RaftServerConfigKeys (ConfUtils.java:logGet(46)) - raft.server.log.purge.gap = 1000000 (custom)
2023-05-23 10:24:44,584 [e2067284-0d49-4f78-bd84-4dfeb1c34035-groupManagement] INFO  server.RaftServerConfigKeys (ConfUtils.java:logGet(46)) - raft.server.log.appender.buffer.byte-limit = 33554432 (custom)
2023-05-23 10:24:44,584 [e2067284-0d49-4f78-bd84-4dfeb1c34035-groupManagement] INFO  server.RaftServerConfigKeys (ConfUtils.java:logGet(46)) - raft.server.log.statemachine.data.read.timeout = 1000ms (default)
2023-05-23 10:24:44,584 [e2067284-0d49-4f78-bd84-4dfeb1c34035-groupManagement] INFO  server.RaftServerConfigKeys (ConfUtils.java:logGet(46)) - raft.server.log.purge.preservation.log.num = 0 (default)
2023-05-23 10:24:44,586 [e2067284-0d49-4f78-bd84-4dfeb1c34035-groupManagement] INFO  server.RaftServerConfigKeys (ConfUtils.java:logGet(46)) - raft.server.log.segment.size.max = 1048576 (custom)
2023-05-23 10:24:44,586 [e2067284-0d49-4f78-bd84-4dfeb1c34035-groupManagement] INFO  server.RaftServerConfigKeys (ConfUtils.java:logGet(46)) - raft.server.log.segment.cache.num.max = 2 (custom)
2023-05-23 10:24:44,586 [e2067284-0d49-4f78-bd84-4dfeb1c34035-groupManagement] INFO  server.RaftServerConfigKeys (ConfUtils.java:logGet(46)) - raft.server.log.segment.cache.size.max = 200MB (=209715200) (default)
2023-05-23 10:24:44,586 [e2067284-0d49-4f78-bd84-4dfeb1c34035-groupManagement] INFO  server.RaftServerConfigKeys (ConfUtils.java:logGet(46)) - raft.server.log.appender.buffer.byte-limit = 33554432 (custom)
2023-05-23 10:24:44,586 [e2067284-0d49-4f78-bd84-4dfeb1c34035-groupManagement] INFO  segmented.SegmentedRaftLogWorker (SegmentedRaftLogWorker.java:<init>(188)) - new e2067284-0d49-4f78-bd84-4dfeb1c34035@group-6FD0E88B63C5-SegmentedRaftLogWorker for RaftStorageImpl:Storage Directory /home/runner/work/ozone/ozone/hadoop-ozone/integration-test/target/test-dir/MiniOzoneClusterImpl-95ea0607-12be-46e0-be72-f6ffafe0ad81/datanode-2/data/ratis/620304fc-5fcd-4b1e-bfde-6fd0e88b63c5
2023-05-23 10:24:44,586 [e2067284-0d49-4f78-bd84-4dfeb1c34035-groupManagement] INFO  server.RaftServerConfigKeys (ConfUtils.java:logGet(46)) - raft.server.log.queue.byte-limit = 4294967296 (custom)
2023-05-23 10:24:44,586 [e2067284-0d49-4f78-bd84-4dfeb1c34035-groupManagement] INFO  server.RaftServerConfigKeys (ConfUtils.java:logGet(46)) - raft.server.log.queue.element-limit = 1024 (custom)
2023-05-23 10:24:44,586 [e2067284-0d49-4f78-bd84-4dfeb1c34035-groupManagement] INFO  server.RaftServerConfigKeys (ConfUtils.java:logGet(46)) - raft.server.log.segment.size.max = 1048576 (custom)
2023-05-23 10:24:44,586 [e2067284-0d49-4f78-bd84-4dfeb1c34035-groupManagement] INFO  server.RaftServerConfigKeys (ConfUtils.java:logGet(46)) - raft.server.log.preallocated.size = 16384 (custom)
2023-05-23 10:24:44,586 [e2067284-0d49-4f78-bd84-4dfeb1c34035-groupManagement] INFO  server.RaftServerConfigKeys (ConfUtils.java:logGet(46)) - raft.server.log.force.sync.num = 128 (default)
2023-05-23 10:24:44,586 [e2067284-0d49-4f78-bd84-4dfeb1c34035-groupManagement] INFO  server.RaftServerConfigKeys (ConfUtils.java:logGet(46)) - raft.server.log.statemachine.data.sync = true (default)
2023-05-23 10:24:44,587 [e2067284-0d49-4f78-bd84-4dfeb1c34035-groupManagement] INFO  server.RaftServerConfigKeys (ConfUtils.java:logGet(46)) - raft.server.log.statemachine.data.sync.timeout = 10s (default)
2023-05-23 10:24:44,587 [e2067284-0d49-4f78-bd84-4dfeb1c34035-groupManagement] INFO  server.RaftServerConfigKeys (ConfUtils.java:logGet(46)) - raft.server.log.statemachine.data.sync.timeout.retry = -1 (default)
2023-05-23 10:24:44,588 [EventQueue-PipelineReportForPipelineReportHandler] INFO  pipeline.PipelineManagerImpl (PipelineManagerImpl.java:openPipeline(367)) - Pipeline Pipeline[ Id: 620304fc-5fcd-4b1e-bfde-6fd0e88b63c5, Nodes: e2067284-0d49-4f78-bd84-4dfeb1c34035(fv-az1249-304/10.1.0.38), ReplicationConfig: RATIS/ONE, State:ALLOCATED, leaderId:e2067284-0d49-4f78-bd84-4dfeb1c34035, CreationTimestamp2023-05-23T10:24:41.585Z[Etc/UTC]] moved to OPEN state
2023-05-23 10:24:44,589 [EventQueue-OpenPipelineForHealthyPipelineSafeModeRule] INFO  safemode.SCMSafeModeManager (HealthyPipelineSafeModeRule.java:process(137)) - SCM in safe mode. Healthy pipelines reported count is 0, required healthy pipeline reported count is 1
2023-05-23 10:24:44,590 [e2067284-0d49-4f78-bd84-4dfeb1c34035-groupManagement] INFO  server.RaftServerConfigKeys (ConfUtils.java:logGet(46)) - raft.server.log.write.buffer.size = 1048576 (custom)
2023-05-23 10:24:44,591 [e2067284-0d49-4f78-bd84-4dfeb1c34035-groupManagement] INFO  server.RaftServerConfigKeys (ConfUtils.java:logGet(46)) - raft.server.log.appender.buffer.byte-limit = 33554432 (custom)
2023-05-23 10:24:44,596 [e2067284-0d49-4f78-bd84-4dfeb1c34035-groupManagement] INFO  server.RaftServerConfigKeys (ConfUtils.java:logGet(46)) - raft.server.log.unsafe-flush.enabled = false (default)
2023-05-23 10:24:44,596 [e2067284-0d49-4f78-bd84-4dfeb1c34035-groupManagement] INFO  server.RaftServerConfigKeys (ConfUtils.java:logGet(46)) - raft.server.log.async-flush.enabled = false (default)
2023-05-23 10:24:44,596 [e2067284-0d49-4f78-bd84-4dfeb1c34035-groupManagement] INFO  server.RaftServerConfigKeys (ConfUtils.java:logGet(46)) - raft.server.log.statemachine.data.caching.enabled = true (custom)
2023-05-23 10:24:44,596 [e2067284-0d49-4f78-bd84-4dfeb1c34035-groupManagement] INFO  segmented.SegmentedRaftLogWorker (SegmentedRaftLogWorker.java:lambda$new$0(135)) - e2067284-0d49-4f78-bd84-4dfeb1c34035@group-6FD0E88B63C5-SegmentedRaftLogWorker: flushIndex: setUnconditionally 0 -> -1
2023-05-23 10:24:44,596 [e2067284-0d49-4f78-bd84-4dfeb1c34035-groupManagement] INFO  segmented.SegmentedRaftLogWorker (SegmentedRaftLogWorker.java:lambda$new$0(135)) - e2067284-0d49-4f78-bd84-4dfeb1c34035@group-6FD0E88B63C5-SegmentedRaftLogWorker: safeCacheEvictIndex: setUnconditionally 0 -> -1
2023-05-23 10:24:44,597 [e2067284-0d49-4f78-bd84-4dfeb1c34035-groupManagement] INFO  server.RaftServer$Division (RaftServerImpl.java:start(342)) - e2067284-0d49-4f78-bd84-4dfeb1c34035@group-6FD0E88B63C5: start as a follower, conf=-1: peers:[e2067284-0d49-4f78-bd84-4dfeb1c34035|rpc:10.1.0.38:15029|admin:10.1.0.38:15028|client:10.1.0.38:15027|dataStream:10.1.0.38:15030|priority:1|startupRole:FOLLOWER]|listeners:[], old=null
2023-05-23 10:24:44,597 [e2067284-0d49-4f78-bd84-4dfeb1c34035-groupManagement] INFO  server.RaftServer$Division (RaftServerImpl.java:setRole(329)) - e2067284-0d49-4f78-bd84-4dfeb1c34035@group-6FD0E88B63C5: changes role from      null to FOLLOWER at term 0 for startAsFollower
2023-05-23 10:24:44,597 [e2067284-0d49-4f78-bd84-4dfeb1c34035-groupManagement] INFO  impl.RoleInfo (RoleInfo.java:updateAndGet(139)) - e2067284-0d49-4f78-bd84-4dfeb1c34035: start e2067284-0d49-4f78-bd84-4dfeb1c34035@group-6FD0E88B63C5-FollowerState
2023-05-23 10:24:44,597 [e2067284-0d49-4f78-bd84-4dfeb1c34035-groupManagement] INFO  util.JmxRegister (JmxRegister.java:tryRegister(44)) - Successfully registered JMX Bean with object name Ratis:service=RaftServer,group=group-6FD0E88B63C5,id=e2067284-0d49-4f78-bd84-4dfeb1c34035
2023-05-23 10:24:44,597 [e2067284-0d49-4f78-bd84-4dfeb1c34035-groupManagement] INFO  server.RaftServerConfigKeys (ConfUtils.java:logGet(46)) - raft.server.snapshot.auto.trigger.enabled = true (custom)
2023-05-23 10:24:44,597 [e2067284-0d49-4f78-bd84-4dfeb1c34035-groupManagement] INFO  server.RaftServerConfigKeys (ConfUtils.java:logGet(46)) - raft.server.snapshot.auto.trigger.threshold = 10000 (custom)
2023-05-23 10:24:44,598 [e2067284-0d49-4f78-bd84-4dfeb1c34035-groupManagement] INFO  server.RaftServerConfigKeys (ConfUtils.java:logGet(46)) - raft.server.snapshot.retention.file.num = 5 (custom)
2023-05-23 10:24:44,598 [e2067284-0d49-4f78-bd84-4dfeb1c34035-groupManagement] INFO  server.RaftServerConfigKeys (ConfUtils.java:logGet(46)) - raft.server.log.purge.upto.snapshot.index = false (default)
2023-05-23 10:24:44,599 [e2067284-0d49-4f78-bd84-4dfeb1c34035@group-6FD0E88B63C5-FollowerState] INFO  server.RaftServerConfigKeys (ConfUtils.java:logFallback(53)) - raft.server.rpc.first-election.timeout.min = 5s (fallback to raft.server.rpc.timeout.min)
2023-05-23 10:24:44,599 [e2067284-0d49-4f78-bd84-4dfeb1c34035@group-6FD0E88B63C5-FollowerState] INFO  server.RaftServerConfigKeys (ConfUtils.java:logFallback(53)) - raft.server.rpc.first-election.timeout.max = 5200ms (fallback to raft.server.rpc.timeout.max)
2023-05-23 10:24:44,602 [Command processor thread] INFO  ratis.XceiverServerRatis (XceiverServerRatis.java:addGroup(806)) - Created group PipelineID=620304fc-5fcd-4b1e-bfde-6fd0e88b63c5
2023-05-23 10:24:44,602 [Command processor thread] INFO  commandhandler.CreatePipelineCommandHandler (CreatePipelineCommandHandler.java:handle(113)) - Created Pipeline RATIS ONE PipelineID=620304fc-5fcd-4b1e-bfde-6fd0e88b63c5.
2023-05-23 10:24:44,907 [Command processor thread] INFO  server.RaftServer (RaftServerProxy.java:addNew(98)) - 6321734e-47b1-462e-9f32-22d48b3b1ad8: addNew group-F47663F14343:[6321734e-47b1-462e-9f32-22d48b3b1ad8|rpc:10.1.0.38:15037|admin:10.1.0.38:15036|client:10.1.0.38:15035|dataStream:10.1.0.38:15038|priority:1|startupRole:FOLLOWER] returns group-F47663F14343:java.util.concurrent.CompletableFuture@2123f9bb[Not completed]
2023-05-23 10:24:44,911 [6321734e-47b1-462e-9f32-22d48b3b1ad8-groupManagement] INFO  server.RaftServer$Division (RaftServerImpl.java:<init>(198)) - 6321734e-47b1-462e-9f32-22d48b3b1ad8: new RaftServerImpl for group-F47663F14343:[6321734e-47b1-462e-9f32-22d48b3b1ad8|rpc:10.1.0.38:15037|admin:10.1.0.38:15036|client:10.1.0.38:15035|dataStream:10.1.0.38:15038|priority:1|startupRole:FOLLOWER] with ContainerStateMachine:uninitialized
2023-05-23 10:24:44,911 [6321734e-47b1-462e-9f32-22d48b3b1ad8-groupManagement] INFO  server.RaftServerConfigKeys (ConfUtils.java:logGet(46)) - raft.server.rpc.timeout.min = 5s (custom)
2023-05-23 10:24:44,911 [6321734e-47b1-462e-9f32-22d48b3b1ad8-groupManagement] INFO  server.RaftServerConfigKeys (ConfUtils.java:logGet(46)) - raft.server.rpc.timeout.max = 5200ms (custom)
2023-05-23 10:24:44,911 [6321734e-47b1-462e-9f32-22d48b3b1ad8-groupManagement] INFO  server.RaftServerConfigKeys (ConfUtils.java:logGet(46)) - raft.server.rpc.sleep.time = 25ms (default)
2023-05-23 10:24:44,911 [6321734e-47b1-462e-9f32-22d48b3b1ad8-groupManagement] INFO  server.RaftServerConfigKeys (ConfUtils.java:logGet(46)) - raft.server.rpc.slowness.timeout = 300s (custom)
2023-05-23 10:24:44,911 [6321734e-47b1-462e-9f32-22d48b3b1ad8-groupManagement] INFO  server.RaftServerConfigKeys (ConfUtils.java:logGet(46)) - raft.server.leaderelection.leader.step-down.wait-time = 10s (default)
2023-05-23 10:24:44,911 [6321734e-47b1-462e-9f32-22d48b3b1ad8-groupManagement] INFO  server.RaftServerConfigKeys (ConfUtils.java:logGet(46)) - raft.server.sleep.deviation.threshold = 300ms (default)
2023-05-23 10:24:44,912 [6321734e-47b1-462e-9f32-22d48b3b1ad8-groupManagement] INFO  server.RaftServer$Division (ServerState.java:<init>(120)) - 6321734e-47b1-462e-9f32-22d48b3b1ad8@group-F47663F14343: ConfigurationManager, init=-1: peers:[6321734e-47b1-462e-9f32-22d48b3b1ad8|rpc:10.1.0.38:15037|admin:10.1.0.38:15036|client:10.1.0.38:15035|dataStream:10.1.0.38:15038|priority:1|startupRole:FOLLOWER]|listeners:[], old=null, confs=<EMPTY_MAP>
2023-05-23 10:24:44,912 [6321734e-47b1-462e-9f32-22d48b3b1ad8-groupManagement] INFO  server.RaftServerConfigKeys (ConfUtils.java:logGet(46)) - raft.server.storage.dir = [/home/runner/work/ozone/ozone/hadoop-ozone/integration-test/target/test-dir/MiniOzoneClusterImpl-95ea0607-12be-46e0-be72-f6ffafe0ad81/datanode-3/data/ratis] (custom)
2023-05-23 10:24:44,912 [6321734e-47b1-462e-9f32-22d48b3b1ad8-groupManagement] INFO  server.RaftServerConfigKeys (ConfUtils.java:logGet(46)) - raft.server.log.corruption.policy = EXCEPTION (default)
2023-05-23 10:24:44,912 [6321734e-47b1-462e-9f32-22d48b3b1ad8-groupManagement] INFO  server.RaftServerConfigKeys (ConfUtils.java:logGet(46)) - raft.server.storage.free-space.min = 0MB (=0) (default)
2023-05-23 10:24:44,912 [6321734e-47b1-462e-9f32-22d48b3b1ad8-groupManagement] INFO  server.RaftServerConfigKeys (ConfUtils.java:logGet(46)) - raft.server.notification.no-leader.timeout = 300s (custom)
2023-05-23 10:24:44,912 [6321734e-47b1-462e-9f32-22d48b3b1ad8-groupManagement] INFO  server.RaftServerConfigKeys (ConfUtils.java:logGet(46)) - raft.server.read.timeout = 10s (default)
2023-05-23 10:24:44,912 [6321734e-47b1-462e-9f32-22d48b3b1ad8-groupManagement] INFO  server.RaftServerConfigKeys (ConfUtils.java:logGet(46)) - raft.server.retrycache.expirytime = 600000ms (custom)
2023-05-23 10:24:44,912 [6321734e-47b1-462e-9f32-22d48b3b1ad8-groupManagement] INFO  server.RaftServerConfigKeys (ConfUtils.java:logGet(46)) - raft.server.retrycache.statistics.expirytime = 100μs (default)
2023-05-23 10:24:44,912 [6321734e-47b1-462e-9f32-22d48b3b1ad8-groupManagement] INFO  server.RaftServerConfigKeys (ConfUtils.java:logGet(46)) - raft.server.read.option = DEFAULT (default)
2023-05-23 10:24:44,914 [6321734e-47b1-462e-9f32-22d48b3b1ad8-groupManagement] INFO  server.RaftServerConfigKeys (ConfUtils.java:logGet(46)) - raft.server.rpc.request.timeout = 60s (custom)
2023-05-23 10:24:44,915 [6321734e-47b1-462e-9f32-22d48b3b1ad8-groupManagement] INFO  server.RaftServerConfigKeys (ConfUtils.java:logGet(46)) - raft.server.log.appender.install.snapshot.enabled = false (custom)
2023-05-23 10:24:44,915 [6321734e-47b1-462e-9f32-22d48b3b1ad8-groupManagement] INFO  server.RaftServerConfigKeys (ConfUtils.java:logGet(46)) - raft.server.threadpool.server.cached = true (default)
2023-05-23 10:24:44,915 [6321734e-47b1-462e-9f32-22d48b3b1ad8-groupManagement] INFO  server.RaftServerConfigKeys (ConfUtils.java:logGet(46)) - raft.server.threadpool.server.size = 0 (default)
2023-05-23 10:24:44,915 [6321734e-47b1-462e-9f32-22d48b3b1ad8-groupManagement] INFO  server.RaftServerConfigKeys (ConfUtils.java:logGet(46)) - raft.server.threadpool.client.cached = true (default)
2023-05-23 10:24:44,915 [6321734e-47b1-462e-9f32-22d48b3b1ad8-groupManagement] INFO  server.RaftServerConfigKeys (ConfUtils.java:logGet(46)) - raft.server.threadpool.client.size = 0 (default)
2023-05-23 10:24:44,915 [6321734e-47b1-462e-9f32-22d48b3b1ad8-groupManagement] INFO  storage.RaftStorageDirectory (RaftStorageDirectoryImpl.java:analyzeStorage(137)) - The storage directory /home/runner/work/ozone/ozone/hadoop-ozone/integration-test/target/test-dir/MiniOzoneClusterImpl-95ea0607-12be-46e0-be72-f6ffafe0ad81/datanode-3/data/ratis/d63b8d1b-8569-49cc-9f2d-f47663f14343 does not exist. Creating ...
2023-05-23 10:24:44,917 [6321734e-47b1-462e-9f32-22d48b3b1ad8-groupManagement] INFO  storage.RaftStorageDirectory (RaftStorageDirectoryImpl.java:tryLock(231)) - Lock on /home/runner/work/ozone/ozone/hadoop-ozone/integration-test/target/test-dir/MiniOzoneClusterImpl-95ea0607-12be-46e0-be72-f6ffafe0ad81/datanode-3/data/ratis/d63b8d1b-8569-49cc-9f2d-f47663f14343/in_use.lock acquired by nodename 10384@fv-az1249-304
2023-05-23 10:24:44,919 [6321734e-47b1-462e-9f32-22d48b3b1ad8-groupManagement] INFO  storage.RaftStorage (RaftStorageImpl.java:format(96)) - Storage directory /home/runner/work/ozone/ozone/hadoop-ozone/integration-test/target/test-dir/MiniOzoneClusterImpl-95ea0607-12be-46e0-be72-f6ffafe0ad81/datanode-3/data/ratis/d63b8d1b-8569-49cc-9f2d-f47663f14343 has been successfully formatted.
2023-05-23 10:24:44,920 [6321734e-47b1-462e-9f32-22d48b3b1ad8-groupManagement] INFO  ratis.ContainerStateMachine (ContainerStateMachine.java:loadSnapshot(262)) - group-F47663F14343: The snapshot info is null. Setting the last applied indexto:(t:0, i:~)
2023-05-23 10:24:44,920 [6321734e-47b1-462e-9f32-22d48b3b1ad8-groupManagement] INFO  server.RaftServerConfigKeys (ConfUtils.java:logGet(46)) - raft.server.log.use.memory = false (default)
2023-05-23 10:24:44,920 [6321734e-47b1-462e-9f32-22d48b3b1ad8-groupManagement] INFO  server.RaftServerConfigKeys (ConfUtils.java:logGet(46)) - raft.server.log.purge.gap = 1000000 (custom)
2023-05-23 10:24:44,920 [6321734e-47b1-462e-9f32-22d48b3b1ad8-groupManagement] INFO  server.RaftServerConfigKeys (ConfUtils.java:logGet(46)) - raft.server.log.appender.buffer.byte-limit = 33554432 (custom)
2023-05-23 10:24:44,921 [6321734e-47b1-462e-9f32-22d48b3b1ad8-groupManagement] INFO  server.RaftServerConfigKeys (ConfUtils.java:logGet(46)) - raft.server.log.statemachine.data.read.timeout = 1000ms (default)
2023-05-23 10:24:44,921 [6321734e-47b1-462e-9f32-22d48b3b1ad8-groupManagement] INFO  server.RaftServerConfigKeys (ConfUtils.java:logGet(46)) - raft.server.log.purge.preservation.log.num = 0 (default)
2023-05-23 10:24:44,922 [6321734e-47b1-462e-9f32-22d48b3b1ad8-groupManagement] INFO  server.RaftServerConfigKeys (ConfUtils.java:logGet(46)) - raft.server.log.segment.size.max = 1048576 (custom)
2023-05-23 10:24:44,922 [EventQueue-PipelineReportForPipelineReportHandler] INFO  pipeline.PipelineManagerImpl (PipelineManagerImpl.java:openPipeline(367)) - Pipeline Pipeline[ Id: d63b8d1b-8569-49cc-9f2d-f47663f14343, Nodes: 6321734e-47b1-462e-9f32-22d48b3b1ad8(fv-az1249-304/10.1.0.38), ReplicationConfig: RATIS/ONE, State:ALLOCATED, leaderId:6321734e-47b1-462e-9f32-22d48b3b1ad8, CreationTimestamp2023-05-23T10:24:41.911Z[Etc/UTC]] moved to OPEN state
2023-05-23 10:24:44,923 [EventQueue-OpenPipelineForHealthyPipelineSafeModeRule] INFO  safemode.SCMSafeModeManager (HealthyPipelineSafeModeRule.java:process(137)) - SCM in safe mode. Healthy pipelines reported count is 0, required healthy pipeline reported count is 1
2023-05-23 10:24:44,923 [6321734e-47b1-462e-9f32-22d48b3b1ad8-groupManagement] INFO  server.RaftServerConfigKeys (ConfUtils.java:logGet(46)) - raft.server.log.segment.cache.num.max = 2 (custom)
2023-05-23 10:24:44,923 [6321734e-47b1-462e-9f32-22d48b3b1ad8-groupManagement] INFO  server.RaftServerConfigKeys (ConfUtils.java:logGet(46)) - raft.server.log.segment.cache.size.max = 200MB (=209715200) (default)
2023-05-23 10:24:44,923 [6321734e-47b1-462e-9f32-22d48b3b1ad8-groupManagement] INFO  server.RaftServerConfigKeys (ConfUtils.java:logGet(46)) - raft.server.log.appender.buffer.byte-limit = 33554432 (custom)
2023-05-23 10:24:44,923 [6321734e-47b1-462e-9f32-22d48b3b1ad8-groupManagement] INFO  segmented.SegmentedRaftLogWorker (SegmentedRaftLogWorker.java:<init>(188)) - new 6321734e-47b1-462e-9f32-22d48b3b1ad8@group-F47663F14343-SegmentedRaftLogWorker for RaftStorageImpl:Storage Directory /home/runner/work/ozone/ozone/hadoop-ozone/integration-test/target/test-dir/MiniOzoneClusterImpl-95ea0607-12be-46e0-be72-f6ffafe0ad81/datanode-3/data/ratis/d63b8d1b-8569-49cc-9f2d-f47663f14343
2023-05-23 10:24:44,923 [6321734e-47b1-462e-9f32-22d48b3b1ad8-groupManagement] INFO  server.RaftServerConfigKeys (ConfUtils.java:logGet(46)) - raft.server.log.queue.byte-limit = 4294967296 (custom)
2023-05-23 10:24:44,923 [6321734e-47b1-462e-9f32-22d48b3b1ad8-groupManagement] INFO  server.RaftServerConfigKeys (ConfUtils.java:logGet(46)) - raft.server.log.queue.element-limit = 1024 (custom)
2023-05-23 10:24:44,923 [6321734e-47b1-462e-9f32-22d48b3b1ad8-groupManagement] INFO  server.RaftServerConfigKeys (ConfUtils.java:logGet(46)) - raft.server.log.segment.size.max = 1048576 (custom)
2023-05-23 10:24:44,923 [6321734e-47b1-462e-9f32-22d48b3b1ad8-groupManagement] INFO  server.RaftServerConfigKeys (ConfUtils.java:logGet(46)) - raft.server.log.preallocated.size = 16384 (custom)
2023-05-23 10:24:44,923 [6321734e-47b1-462e-9f32-22d48b3b1ad8-groupManagement] INFO  server.RaftServerConfigKeys (ConfUtils.java:logGet(46)) - raft.server.log.force.sync.num = 128 (default)
2023-05-23 10:24:44,924 [6321734e-47b1-462e-9f32-22d48b3b1ad8-groupManagement] INFO  server.RaftServerConfigKeys (ConfUtils.java:logGet(46)) - raft.server.log.statemachine.data.sync = true (default)
2023-05-23 10:24:44,924 [6321734e-47b1-462e-9f32-22d48b3b1ad8-groupManagement] INFO  server.RaftServerConfigKeys (ConfUtils.java:logGet(46)) - raft.server.log.statemachine.data.sync.timeout = 10s (default)
2023-05-23 10:24:44,926 [6321734e-47b1-462e-9f32-22d48b3b1ad8-groupManagement] INFO  server.RaftServerConfigKeys (ConfUtils.java:logGet(46)) - raft.server.log.statemachine.data.sync.timeout.retry = -1 (default)
2023-05-23 10:24:44,927 [6321734e-47b1-462e-9f32-22d48b3b1ad8-groupManagement] INFO  server.RaftServerConfigKeys (ConfUtils.java:logGet(46)) - raft.server.log.write.buffer.size = 1048576 (custom)
2023-05-23 10:24:44,927 [6321734e-47b1-462e-9f32-22d48b3b1ad8-groupManagement] INFO  server.RaftServerConfigKeys (ConfUtils.java:logGet(46)) - raft.server.log.appender.buffer.byte-limit = 33554432 (custom)
2023-05-23 10:24:44,933 [6321734e-47b1-462e-9f32-22d48b3b1ad8-groupManagement] INFO  server.RaftServerConfigKeys (ConfUtils.java:logGet(46)) - raft.server.log.unsafe-flush.enabled = false (default)
2023-05-23 10:24:44,933 [6321734e-47b1-462e-9f32-22d48b3b1ad8-groupManagement] INFO  server.RaftServerConfigKeys (ConfUtils.java:logGet(46)) - raft.server.log.async-flush.enabled = false (default)
2023-05-23 10:24:44,933 [6321734e-47b1-462e-9f32-22d48b3b1ad8-groupManagement] INFO  server.RaftServerConfigKeys (ConfUtils.java:logGet(46)) - raft.server.log.statemachine.data.caching.enabled = true (custom)
2023-05-23 10:24:44,934 [6321734e-47b1-462e-9f32-22d48b3b1ad8-groupManagement] INFO  segmented.SegmentedRaftLogWorker (SegmentedRaftLogWorker.java:lambda$new$0(135)) - 6321734e-47b1-462e-9f32-22d48b3b1ad8@group-F47663F14343-SegmentedRaftLogWorker: flushIndex: setUnconditionally 0 -> -1
2023-05-23 10:24:44,934 [6321734e-47b1-462e-9f32-22d48b3b1ad8-groupManagement] INFO  segmented.SegmentedRaftLogWorker (SegmentedRaftLogWorker.java:lambda$new$0(135)) - 6321734e-47b1-462e-9f32-22d48b3b1ad8@group-F47663F14343-SegmentedRaftLogWorker: safeCacheEvictIndex: setUnconditionally 0 -> -1
2023-05-23 10:24:44,941 [6321734e-47b1-462e-9f32-22d48b3b1ad8-groupManagement] INFO  server.RaftServer$Division (RaftServerImpl.java:start(342)) - 6321734e-47b1-462e-9f32-22d48b3b1ad8@group-F47663F14343: start as a follower, conf=-1: peers:[6321734e-47b1-462e-9f32-22d48b3b1ad8|rpc:10.1.0.38:15037|admin:10.1.0.38:15036|client:10.1.0.38:15035|dataStream:10.1.0.38:15038|priority:1|startupRole:FOLLOWER]|listeners:[], old=null
2023-05-23 10:24:44,941 [6321734e-47b1-462e-9f32-22d48b3b1ad8-groupManagement] INFO  server.RaftServer$Division (RaftServerImpl.java:setRole(329)) - 6321734e-47b1-462e-9f32-22d48b3b1ad8@group-F47663F14343: changes role from      null to FOLLOWER at term 0 for startAsFollower
2023-05-23 10:24:44,941 [6321734e-47b1-462e-9f32-22d48b3b1ad8-groupManagement] INFO  impl.RoleInfo (RoleInfo.java:updateAndGet(139)) - 6321734e-47b1-462e-9f32-22d48b3b1ad8: start 6321734e-47b1-462e-9f32-22d48b3b1ad8@group-F47663F14343-FollowerState
2023-05-23 10:24:44,945 [6321734e-47b1-462e-9f32-22d48b3b1ad8-groupManagement] INFO  util.JmxRegister (JmxRegister.java:tryRegister(44)) - Successfully registered JMX Bean with object name Ratis:service=RaftServer,group=group-F47663F14343,id=6321734e-47b1-462e-9f32-22d48b3b1ad8
2023-05-23 10:24:44,945 [6321734e-47b1-462e-9f32-22d48b3b1ad8-groupManagement] INFO  server.RaftServerConfigKeys (ConfUtils.java:logGet(46)) - raft.server.snapshot.auto.trigger.enabled = true (custom)
2023-05-23 10:24:44,945 [6321734e-47b1-462e-9f32-22d48b3b1ad8-groupManagement] INFO  server.RaftServerConfigKeys (ConfUtils.java:logGet(46)) - raft.server.snapshot.auto.trigger.threshold = 10000 (custom)
2023-05-23 10:24:44,945 [6321734e-47b1-462e-9f32-22d48b3b1ad8-groupManagement] INFO  server.RaftServerConfigKeys (ConfUtils.java:logGet(46)) - raft.server.snapshot.retention.file.num = 5 (custom)
2023-05-23 10:24:44,945 [6321734e-47b1-462e-9f32-22d48b3b1ad8-groupManagement] INFO  server.RaftServerConfigKeys (ConfUtils.java:logGet(46)) - raft.server.log.purge.upto.snapshot.index = false (default)
2023-05-23 10:24:44,946 [6321734e-47b1-462e-9f32-22d48b3b1ad8@group-F47663F14343-FollowerState] INFO  server.RaftServerConfigKeys (ConfUtils.java:logFallback(53)) - raft.server.rpc.first-election.timeout.min = 5s (fallback to raft.server.rpc.timeout.min)
2023-05-23 10:24:44,946 [6321734e-47b1-462e-9f32-22d48b3b1ad8@group-F47663F14343-FollowerState] INFO  server.RaftServerConfigKeys (ConfUtils.java:logFallback(53)) - raft.server.rpc.first-election.timeout.max = 5200ms (fallback to raft.server.rpc.timeout.max)
2023-05-23 10:24:44,949 [Command processor thread] INFO  ratis.XceiverServerRatis (XceiverServerRatis.java:addGroup(806)) - Created group PipelineID=d63b8d1b-8569-49cc-9f2d-f47663f14343
2023-05-23 10:24:44,949 [Command processor thread] INFO  commandhandler.CreatePipelineCommandHandler (CreatePipelineCommandHandler.java:handle(113)) - Created Pipeline RATIS ONE PipelineID=d63b8d1b-8569-49cc-9f2d-f47663f14343.
2023-05-23 10:24:45,250 [Listener at 127.0.0.1/15004] INFO  ozone.MiniOzoneClusterImpl (MiniOzoneClusterImpl.java:lambda$waitForClusterToBeReady$0(222)) - Nodes are ready. Got 5 of 5 DN Heartbeats.
2023-05-23 10:24:45,250 [Listener at 127.0.0.1/15004] INFO  ozone.MiniOzoneClusterImpl (MiniOzoneClusterImpl.java:lambda$waitForClusterToBeReady$0(225)) - Waiting for cluster to exit safe mode
2023-05-23 10:24:45,250 [Listener at 127.0.0.1/15004] INFO  ozone.MiniOzoneClusterImpl (MiniOzoneClusterImpl.java:lambda$waitForClusterToBeReady$0(227)) - SCM became leader
2023-05-23 10:24:45,252 [Command processor thread] INFO  server.RaftServer (RaftServerProxy.java:addNew(98)) - 7e4b7257-5563-4054-b0a0-e23b6b773055: addNew group-BC7249027C7D:[7e4b7257-5563-4054-b0a0-e23b6b773055|rpc:10.1.0.38:15045|admin:10.1.0.38:15044|client:10.1.0.38:15043|dataStream:10.1.0.38:15046|priority:1|startupRole:FOLLOWER] returns group-BC7249027C7D:java.util.concurrent.CompletableFuture@2424e6a7[Not completed]
2023-05-23 10:24:45,254 [7e4b7257-5563-4054-b0a0-e23b6b773055-groupManagement] INFO  server.RaftServer$Division (RaftServerImpl.java:<init>(198)) - 7e4b7257-5563-4054-b0a0-e23b6b773055: new RaftServerImpl for group-BC7249027C7D:[7e4b7257-5563-4054-b0a0-e23b6b773055|rpc:10.1.0.38:15045|admin:10.1.0.38:15044|client:10.1.0.38:15043|dataStream:10.1.0.38:15046|priority:1|startupRole:FOLLOWER] with ContainerStateMachine:uninitialized
2023-05-23 10:24:45,255 [7e4b7257-5563-4054-b0a0-e23b6b773055-groupManagement] INFO  server.RaftServerConfigKeys (ConfUtils.java:logGet(46)) - raft.server.rpc.timeout.min = 5s (custom)
2023-05-23 10:24:45,255 [7e4b7257-5563-4054-b0a0-e23b6b773055-groupManagement] INFO  server.RaftServerConfigKeys (ConfUtils.java:logGet(46)) - raft.server.rpc.timeout.max = 5200ms (custom)
2023-05-23 10:24:45,255 [7e4b7257-5563-4054-b0a0-e23b6b773055-groupManagement] INFO  server.RaftServerConfigKeys (ConfUtils.java:logGet(46)) - raft.server.rpc.sleep.time = 25ms (default)
2023-05-23 10:24:45,256 [7e4b7257-5563-4054-b0a0-e23b6b773055-groupManagement] INFO  server.RaftServerConfigKeys (ConfUtils.java:logGet(46)) - raft.server.rpc.slowness.timeout = 300s (custom)
2023-05-23 10:24:45,256 [7e4b7257-5563-4054-b0a0-e23b6b773055-groupManagement] INFO  server.RaftServerConfigKeys (ConfUtils.java:logGet(46)) - raft.server.leaderelection.leader.step-down.wait-time = 10s (default)
2023-05-23 10:24:45,256 [7e4b7257-5563-4054-b0a0-e23b6b773055-groupManagement] INFO  server.RaftServerConfigKeys (ConfUtils.java:logGet(46)) - raft.server.sleep.deviation.threshold = 300ms (default)
2023-05-23 10:24:45,256 [7e4b7257-5563-4054-b0a0-e23b6b773055-groupManagement] INFO  server.RaftServer$Division (ServerState.java:<init>(120)) - 7e4b7257-5563-4054-b0a0-e23b6b773055@group-BC7249027C7D: ConfigurationManager, init=-1: peers:[7e4b7257-5563-4054-b0a0-e23b6b773055|rpc:10.1.0.38:15045|admin:10.1.0.38:15044|client:10.1.0.38:15043|dataStream:10.1.0.38:15046|priority:1|startupRole:FOLLOWER]|listeners:[], old=null, confs=<EMPTY_MAP>
2023-05-23 10:24:45,256 [7e4b7257-5563-4054-b0a0-e23b6b773055-groupManagement] INFO  server.RaftServerConfigKeys (ConfUtils.java:logGet(46)) - raft.server.storage.dir = [/home/runner/work/ozone/ozone/hadoop-ozone/integration-test/target/test-dir/MiniOzoneClusterImpl-95ea0607-12be-46e0-be72-f6ffafe0ad81/datanode-4/data/ratis] (custom)
2023-05-23 10:24:45,256 [7e4b7257-5563-4054-b0a0-e23b6b773055-groupManagement] INFO  server.RaftServerConfigKeys (ConfUtils.java:logGet(46)) - raft.server.log.corruption.policy = EXCEPTION (default)
2023-05-23 10:24:45,256 [7e4b7257-5563-4054-b0a0-e23b6b773055-groupManagement] INFO  server.RaftServerConfigKeys (ConfUtils.java:logGet(46)) - raft.server.storage.free-space.min = 0MB (=0) (default)
2023-05-23 10:24:45,256 [7e4b7257-5563-4054-b0a0-e23b6b773055-groupManagement] INFO  server.RaftServerConfigKeys (ConfUtils.java:logGet(46)) - raft.server.notification.no-leader.timeout = 300s (custom)
2023-05-23 10:24:45,256 [7e4b7257-5563-4054-b0a0-e23b6b773055-groupManagement] INFO  server.RaftServerConfigKeys (ConfUtils.java:logGet(46)) - raft.server.read.timeout = 10s (default)
2023-05-23 10:24:45,256 [7e4b7257-5563-4054-b0a0-e23b6b773055-groupManagement] INFO  server.RaftServerConfigKeys (ConfUtils.java:logGet(46)) - raft.server.retrycache.expirytime = 600000ms (custom)
2023-05-23 10:24:45,256 [7e4b7257-5563-4054-b0a0-e23b6b773055-groupManagement] INFO  server.RaftServerConfigKeys (ConfUtils.java:logGet(46)) - raft.server.retrycache.statistics.expirytime = 100μs (default)
2023-05-23 10:24:45,257 [7e4b7257-5563-4054-b0a0-e23b6b773055-groupManagement] INFO  server.RaftServerConfigKeys (ConfUtils.java:logGet(46)) - raft.server.read.option = DEFAULT (default)
2023-05-23 10:24:45,258 [7e4b7257-5563-4054-b0a0-e23b6b773055-groupManagement] INFO  server.RaftServerConfigKeys (ConfUtils.java:logGet(46)) - raft.server.rpc.request.timeout = 60s (custom)
2023-05-23 10:24:45,259 [7e4b7257-5563-4054-b0a0-e23b6b773055-groupManagement] INFO  server.RaftServerConfigKeys (ConfUtils.java:logGet(46)) - raft.server.log.appender.install.snapshot.enabled = false (custom)
2023-05-23 10:24:45,259 [7e4b7257-5563-4054-b0a0-e23b6b773055-groupManagement] INFO  server.RaftServerConfigKeys (ConfUtils.java:logGet(46)) - raft.server.threadpool.server.cached = true (default)
2023-05-23 10:24:45,259 [7e4b7257-5563-4054-b0a0-e23b6b773055-groupManagement] INFO  server.RaftServerConfigKeys (ConfUtils.java:logGet(46)) - raft.server.threadpool.server.size = 0 (default)
2023-05-23 10:24:45,259 [7e4b7257-5563-4054-b0a0-e23b6b773055-groupManagement] INFO  server.RaftServerConfigKeys (ConfUtils.java:logGet(46)) - raft.server.threadpool.client.cached = true (default)
2023-05-23 10:24:45,259 [7e4b7257-5563-4054-b0a0-e23b6b773055-groupManagement] INFO  server.RaftServerConfigKeys (ConfUtils.java:logGet(46)) - raft.server.threadpool.client.size = 0 (default)
2023-05-23 10:24:45,259 [7e4b7257-5563-4054-b0a0-e23b6b773055-groupManagement] INFO  storage.RaftStorageDirectory (RaftStorageDirectoryImpl.java:analyzeStorage(137)) - The storage directory /home/runner/work/ozone/ozone/hadoop-ozone/integration-test/target/test-dir/MiniOzoneClusterImpl-95ea0607-12be-46e0-be72-f6ffafe0ad81/datanode-4/data/ratis/64f6ca94-6641-4c50-bfa2-bc7249027c7d does not exist. Creating ...
2023-05-23 10:24:45,260 [7e4b7257-5563-4054-b0a0-e23b6b773055-groupManagement] INFO  storage.RaftStorageDirectory (RaftStorageDirectoryImpl.java:tryLock(231)) - Lock on /home/runner/work/ozone/ozone/hadoop-ozone/integration-test/target/test-dir/MiniOzoneClusterImpl-95ea0607-12be-46e0-be72-f6ffafe0ad81/datanode-4/data/ratis/64f6ca94-6641-4c50-bfa2-bc7249027c7d/in_use.lock acquired by nodename 10384@fv-az1249-304
2023-05-23 10:24:45,263 [7e4b7257-5563-4054-b0a0-e23b6b773055-groupManagement] INFO  storage.RaftStorage (RaftStorageImpl.java:format(96)) - Storage directory /home/runner/work/ozone/ozone/hadoop-ozone/integration-test/target/test-dir/MiniOzoneClusterImpl-95ea0607-12be-46e0-be72-f6ffafe0ad81/datanode-4/data/ratis/64f6ca94-6641-4c50-bfa2-bc7249027c7d has been successfully formatted.
2023-05-23 10:24:45,264 [7e4b7257-5563-4054-b0a0-e23b6b773055-groupManagement] INFO  ratis.ContainerStateMachine (ContainerStateMachine.java:loadSnapshot(262)) - group-BC7249027C7D: The snapshot info is null. Setting the last applied indexto:(t:0, i:~)
2023-05-23 10:24:45,264 [7e4b7257-5563-4054-b0a0-e23b6b773055-groupManagement] INFO  server.RaftServerConfigKeys (ConfUtils.java:logGet(46)) - raft.server.log.use.memory = false (default)
2023-05-23 10:24:45,264 [7e4b7257-5563-4054-b0a0-e23b6b773055-groupManagement] INFO  server.RaftServerConfigKeys (ConfUtils.java:logGet(46)) - raft.server.log.purge.gap = 1000000 (custom)
2023-05-23 10:24:45,264 [7e4b7257-5563-4054-b0a0-e23b6b773055-groupManagement] INFO  server.RaftServerConfigKeys (ConfUtils.java:logGet(46)) - raft.server.log.appender.buffer.byte-limit = 33554432 (custom)
2023-05-23 10:24:45,264 [7e4b7257-5563-4054-b0a0-e23b6b773055-groupManagement] INFO  server.RaftServerConfigKeys (ConfUtils.java:logGet(46)) - raft.server.log.statemachine.data.read.timeout = 1000ms (default)
2023-05-23 10:24:45,264 [7e4b7257-5563-4054-b0a0-e23b6b773055-groupManagement] INFO  server.RaftServerConfigKeys (ConfUtils.java:logGet(46)) - raft.server.log.purge.preservation.log.num = 0 (default)
2023-05-23 10:24:45,265 [7e4b7257-5563-4054-b0a0-e23b6b773055-groupManagement] INFO  server.RaftServerConfigKeys (ConfUtils.java:logGet(46)) - raft.server.log.segment.size.max = 1048576 (custom)
2023-05-23 10:24:45,265 [7e4b7257-5563-4054-b0a0-e23b6b773055-groupManagement] INFO  server.RaftServerConfigKeys (ConfUtils.java:logGet(46)) - raft.server.log.segment.cache.num.max = 2 (custom)
2023-05-23 10:24:45,266 [7e4b7257-5563-4054-b0a0-e23b6b773055-groupManagement] INFO  server.RaftServerConfigKeys (ConfUtils.java:logGet(46)) - raft.server.log.segment.cache.size.max = 200MB (=209715200) (default)
2023-05-23 10:24:45,266 [7e4b7257-5563-4054-b0a0-e23b6b773055-groupManagement] INFO  server.RaftServerConfigKeys (ConfUtils.java:logGet(46)) - raft.server.log.appender.buffer.byte-limit = 33554432 (custom)
2023-05-23 10:24:45,266 [7e4b7257-5563-4054-b0a0-e23b6b773055-groupManagement] INFO  segmented.SegmentedRaftLogWorker (SegmentedRaftLogWorker.java:<init>(188)) - new 7e4b7257-5563-4054-b0a0-e23b6b773055@group-BC7249027C7D-SegmentedRaftLogWorker for RaftStorageImpl:Storage Directory /home/runner/work/ozone/ozone/hadoop-ozone/integration-test/target/test-dir/MiniOzoneClusterImpl-95ea0607-12be-46e0-be72-f6ffafe0ad81/datanode-4/data/ratis/64f6ca94-6641-4c50-bfa2-bc7249027c7d
2023-05-23 10:24:45,266 [7e4b7257-5563-4054-b0a0-e23b6b773055-groupManagement] INFO  server.RaftServerConfigKeys (ConfUtils.java:logGet(46)) - raft.server.log.queue.byte-limit = 4294967296 (custom)
2023-05-23 10:24:45,266 [7e4b7257-5563-4054-b0a0-e23b6b773055-groupManagement] INFO  server.RaftServerConfigKeys (ConfUtils.java:logGet(46)) - raft.server.log.queue.element-limit = 1024 (custom)
2023-05-23 10:24:45,266 [7e4b7257-5563-4054-b0a0-e23b6b773055-groupManagement] INFO  server.RaftServerConfigKeys (ConfUtils.java:logGet(46)) - raft.server.log.segment.size.max = 1048576 (custom)
2023-05-23 10:24:45,267 [EventQueue-PipelineReportForPipelineReportHandler] INFO  pipeline.PipelineManagerImpl (PipelineManagerImpl.java:openPipeline(367)) - Pipeline Pipeline[ Id: 64f6ca94-6641-4c50-bfa2-bc7249027c7d, Nodes: 7e4b7257-5563-4054-b0a0-e23b6b773055(fv-az1249-304/10.1.0.38), ReplicationConfig: RATIS/ONE, State:ALLOCATED, leaderId:7e4b7257-5563-4054-b0a0-e23b6b773055, CreationTimestamp2023-05-23T10:24:42.255Z[Etc/UTC]] moved to OPEN state
2023-05-23 10:24:45,267 [EventQueue-OpenPipelineForHealthyPipelineSafeModeRule] INFO  safemode.SCMSafeModeManager (HealthyPipelineSafeModeRule.java:process(137)) - SCM in safe mode. Healthy pipelines reported count is 0, required healthy pipeline reported count is 1
2023-05-23 10:24:45,267 [7e4b7257-5563-4054-b0a0-e23b6b773055-groupManagement] INFO  server.RaftServerConfigKeys (ConfUtils.java:logGet(46)) - raft.server.log.preallocated.size = 16384 (custom)
2023-05-23 10:24:45,268 [7e4b7257-5563-4054-b0a0-e23b6b773055-groupManagement] INFO  server.RaftServerConfigKeys (ConfUtils.java:logGet(46)) - raft.server.log.force.sync.num = 128 (default)
2023-05-23 10:24:45,268 [7e4b7257-5563-4054-b0a0-e23b6b773055-groupManagement] INFO  server.RaftServerConfigKeys (ConfUtils.java:logGet(46)) - raft.server.log.statemachine.data.sync = true (default)
2023-05-23 10:24:45,268 [7e4b7257-5563-4054-b0a0-e23b6b773055-groupManagement] INFO  server.RaftServerConfigKeys (ConfUtils.java:logGet(46)) - raft.server.log.statemachine.data.sync.timeout = 10s (default)
2023-05-23 10:24:45,268 [7e4b7257-5563-4054-b0a0-e23b6b773055-groupManagement] INFO  server.RaftServerConfigKeys (ConfUtils.java:logGet(46)) - raft.server.log.statemachine.data.sync.timeout.retry = -1 (default)
2023-05-23 10:24:45,268 [7e4b7257-5563-4054-b0a0-e23b6b773055-groupManagement] INFO  server.RaftServerConfigKeys (ConfUtils.java:logGet(46)) - raft.server.log.write.buffer.size = 1048576 (custom)
2023-05-23 10:24:45,269 [7e4b7257-5563-4054-b0a0-e23b6b773055-groupManagement] INFO  server.RaftServerConfigKeys (ConfUtils.java:logGet(46)) - raft.server.log.appender.buffer.byte-limit = 33554432 (custom)
2023-05-23 10:24:45,275 [7e4b7257-5563-4054-b0a0-e23b6b773055-groupManagement] INFO  server.RaftServerConfigKeys (ConfUtils.java:logGet(46)) - raft.server.log.unsafe-flush.enabled = false (default)
2023-05-23 10:24:45,276 [7e4b7257-5563-4054-b0a0-e23b6b773055-groupManagement] INFO  server.RaftServerConfigKeys (ConfUtils.java:logGet(46)) - raft.server.log.async-flush.enabled = false (default)
2023-05-23 10:24:45,276 [7e4b7257-5563-4054-b0a0-e23b6b773055-groupManagement] INFO  server.RaftServerConfigKeys (ConfUtils.java:logGet(46)) - raft.server.log.statemachine.data.caching.enabled = true (custom)
2023-05-23 10:24:45,277 [7e4b7257-5563-4054-b0a0-e23b6b773055-groupManagement] INFO  segmented.SegmentedRaftLogWorker (SegmentedRaftLogWorker.java:lambda$new$0(135)) - 7e4b7257-5563-4054-b0a0-e23b6b773055@group-BC7249027C7D-SegmentedRaftLogWorker: flushIndex: setUnconditionally 0 -> -1
2023-05-23 10:24:45,277 [7e4b7257-5563-4054-b0a0-e23b6b773055-groupManagement] INFO  segmented.SegmentedRaftLogWorker (SegmentedRaftLogWorker.java:lambda$new$0(135)) - 7e4b7257-5563-4054-b0a0-e23b6b773055@group-BC7249027C7D-SegmentedRaftLogWorker: safeCacheEvictIndex: setUnconditionally 0 -> -1
2023-05-23 10:24:45,278 [7e4b7257-5563-4054-b0a0-e23b6b773055-groupManagement] INFO  server.RaftServer$Division (RaftServerImpl.java:start(342)) - 7e4b7257-5563-4054-b0a0-e23b6b773055@group-BC7249027C7D: start as a follower, conf=-1: peers:[7e4b7257-5563-4054-b0a0-e23b6b773055|rpc:10.1.0.38:15045|admin:10.1.0.38:15044|client:10.1.0.38:15043|dataStream:10.1.0.38:15046|priority:1|startupRole:FOLLOWER]|listeners:[], old=null
2023-05-23 10:24:45,278 [7e4b7257-5563-4054-b0a0-e23b6b773055-groupManagement] INFO  server.RaftServer$Division (RaftServerImpl.java:setRole(329)) - 7e4b7257-5563-4054-b0a0-e23b6b773055@group-BC7249027C7D: changes role from      null to FOLLOWER at term 0 for startAsFollower
2023-05-23 10:24:45,278 [7e4b7257-5563-4054-b0a0-e23b6b773055-groupManagement] INFO  impl.RoleInfo (RoleInfo.java:updateAndGet(139)) - 7e4b7257-5563-4054-b0a0-e23b6b773055: start 7e4b7257-5563-4054-b0a0-e23b6b773055@group-BC7249027C7D-FollowerState
2023-05-23 10:24:45,285 [7e4b7257-5563-4054-b0a0-e23b6b773055-groupManagement] INFO  util.JmxRegister (JmxRegister.java:tryRegister(44)) - Successfully registered JMX Bean with object name Ratis:service=RaftServer,group=group-BC7249027C7D,id=7e4b7257-5563-4054-b0a0-e23b6b773055
2023-05-23 10:24:45,285 [7e4b7257-5563-4054-b0a0-e23b6b773055-groupManagement] INFO  server.RaftServerConfigKeys (ConfUtils.java:logGet(46)) - raft.server.snapshot.auto.trigger.enabled = true (custom)
2023-05-23 10:24:45,285 [7e4b7257-5563-4054-b0a0-e23b6b773055-groupManagement] INFO  server.RaftServerConfigKeys (ConfUtils.java:logGet(46)) - raft.server.snapshot.auto.trigger.threshold = 10000 (custom)
2023-05-23 10:24:45,285 [7e4b7257-5563-4054-b0a0-e23b6b773055-groupManagement] INFO  server.RaftServerConfigKeys (ConfUtils.java:logGet(46)) - raft.server.snapshot.retention.file.num = 5 (custom)
2023-05-23 10:24:45,285 [7e4b7257-5563-4054-b0a0-e23b6b773055-groupManagement] INFO  server.RaftServerConfigKeys (ConfUtils.java:logGet(46)) - raft.server.log.purge.upto.snapshot.index = false (default)
2023-05-23 10:24:45,287 [7e4b7257-5563-4054-b0a0-e23b6b773055@group-BC7249027C7D-FollowerState] INFO  server.RaftServerConfigKeys (ConfUtils.java:logFallback(53)) - raft.server.rpc.first-election.timeout.min = 5s (fallback to raft.server.rpc.timeout.min)
2023-05-23 10:24:45,287 [7e4b7257-5563-4054-b0a0-e23b6b773055@group-BC7249027C7D-FollowerState] INFO  server.RaftServerConfigKeys (ConfUtils.java:logFallback(53)) - raft.server.rpc.first-election.timeout.max = 5200ms (fallback to raft.server.rpc.timeout.max)
2023-05-23 10:24:45,293 [Command processor thread] INFO  ratis.XceiverServerRatis (XceiverServerRatis.java:addGroup(806)) - Created group PipelineID=64f6ca94-6641-4c50-bfa2-bc7249027c7d
2023-05-23 10:24:45,293 [Command processor thread] INFO  commandhandler.CreatePipelineCommandHandler (CreatePipelineCommandHandler.java:handle(113)) - Created Pipeline RATIS ONE PipelineID=64f6ca94-6641-4c50-bfa2-bc7249027c7d.
2023-05-23 10:24:45,518 [ReplicationMonitor] INFO  replication.ReplicationManager (ReplicationManager.java:processAll(375)) - Replication Manager is not ready to run until 3000ms after safemode exit
2023-05-23 10:24:46,251 [Listener at 127.0.0.1/15004] INFO  ozone.MiniOzoneClusterImpl (MiniOzoneClusterImpl.java:lambda$waitForClusterToBeReady$0(222)) - Nodes are ready. Got 5 of 5 DN Heartbeats.
2023-05-23 10:24:46,251 [Listener at 127.0.0.1/15004] INFO  ozone.MiniOzoneClusterImpl (MiniOzoneClusterImpl.java:lambda$waitForClusterToBeReady$0(225)) - Waiting for cluster to exit safe mode
2023-05-23 10:24:46,251 [Listener at 127.0.0.1/15004] INFO  ozone.MiniOzoneClusterImpl (MiniOzoneClusterImpl.java:lambda$waitForClusterToBeReady$0(227)) - SCM became leader
2023-05-23 10:24:46,518 [ReplicationMonitor] INFO  replication.ReplicationManager (ReplicationManager.java:processAll(375)) - Replication Manager is not ready to run until 3000ms after safemode exit
2023-05-23 10:24:47,251 [Listener at 127.0.0.1/15004] INFO  ozone.MiniOzoneClusterImpl (MiniOzoneClusterImpl.java:lambda$waitForClusterToBeReady$0(222)) - Nodes are ready. Got 5 of 5 DN Heartbeats.
2023-05-23 10:24:47,251 [Listener at 127.0.0.1/15004] INFO  ozone.MiniOzoneClusterImpl (MiniOzoneClusterImpl.java:lambda$waitForClusterToBeReady$0(225)) - Waiting for cluster to exit safe mode
2023-05-23 10:24:47,251 [Listener at 127.0.0.1/15004] INFO  ozone.MiniOzoneClusterImpl (MiniOzoneClusterImpl.java:lambda$waitForClusterToBeReady$0(227)) - SCM became leader
2023-05-23 10:24:47,519 [ReplicationMonitor] INFO  replication.ReplicationManager (ReplicationManager.java:processAll(375)) - Replication Manager is not ready to run until 3000ms after safemode exit
2023-05-23 10:24:48,251 [Listener at 127.0.0.1/15004] INFO  ozone.MiniOzoneClusterImpl (MiniOzoneClusterImpl.java:lambda$waitForClusterToBeReady$0(222)) - Nodes are ready. Got 5 of 5 DN Heartbeats.
2023-05-23 10:24:48,252 [Listener at 127.0.0.1/15004] INFO  ozone.MiniOzoneClusterImpl (MiniOzoneClusterImpl.java:lambda$waitForClusterToBeReady$0(225)) - Waiting for cluster to exit safe mode
2023-05-23 10:24:48,252 [Listener at 127.0.0.1/15004] INFO  ozone.MiniOzoneClusterImpl (MiniOzoneClusterImpl.java:lambda$waitForClusterToBeReady$0(227)) - SCM became leader
2023-05-23 10:24:48,519 [ReplicationMonitor] INFO  replication.ReplicationManager (ReplicationManager.java:processAll(375)) - Replication Manager is not ready to run until 3000ms after safemode exit
2023-05-23 10:24:48,785 [b2d3243d-5675-45e1-a91c-710d3aed9e7e@group-0F081356A623-FollowerState] INFO  impl.FollowerState (FollowerState.java:run(143)) - b2d3243d-5675-45e1-a91c-710d3aed9e7e@group-0F081356A623-FollowerState: change to CANDIDATE, lastRpcElapsedTime:5059605267ns, electionTimeout:5044ms
2023-05-23 10:24:48,785 [b2d3243d-5675-45e1-a91c-710d3aed9e7e@group-0F081356A623-FollowerState] INFO  impl.RoleInfo (RoleInfo.java:shutdownFollowerState(110)) - b2d3243d-5675-45e1-a91c-710d3aed9e7e: shutdown b2d3243d-5675-45e1-a91c-710d3aed9e7e@group-0F081356A623-FollowerState
2023-05-23 10:24:48,785 [b2d3243d-5675-45e1-a91c-710d3aed9e7e@group-0F081356A623-FollowerState] INFO  server.RaftServer$Division (RaftServerImpl.java:setRole(329)) - b2d3243d-5675-45e1-a91c-710d3aed9e7e@group-0F081356A623: changes role from  FOLLOWER to CANDIDATE at term 0 for changeToCandidate
2023-05-23 10:24:48,786 [b2d3243d-5675-45e1-a91c-710d3aed9e7e@group-0F081356A623-FollowerState] INFO  server.RaftServerConfigKeys (ConfUtils.java:logGet(46)) - raft.server.leaderelection.pre-vote = true (default)
2023-05-23 10:24:48,787 [b2d3243d-5675-45e1-a91c-710d3aed9e7e@group-0F081356A623-FollowerState] INFO  impl.RoleInfo (RoleInfo.java:updateAndGet(139)) - b2d3243d-5675-45e1-a91c-710d3aed9e7e: start b2d3243d-5675-45e1-a91c-710d3aed9e7e@group-0F081356A623-LeaderElection2
2023-05-23 10:24:48,791 [b2d3243d-5675-45e1-a91c-710d3aed9e7e@group-0F081356A623-LeaderElection2] INFO  impl.LeaderElection (LeaderElection.java:askForVotes(321)) - b2d3243d-5675-45e1-a91c-710d3aed9e7e@group-0F081356A623-LeaderElection2 PRE_VOTE round 0: submit vote requests at term 0 for -1: peers:[e2067284-0d49-4f78-bd84-4dfeb1c34035|rpc:10.1.0.38:15029|admin:10.1.0.38:15028|client:10.1.0.38:15027|dataStream:10.1.0.38:15030|priority:0|startupRole:FOLLOWER, 6a8c5c8c-0ee8-4287-ac95-4d490c63ac6c|rpc:10.1.0.38:15021|admin:10.1.0.38:15020|client:10.1.0.38:15019|dataStream:10.1.0.38:15022|priority:0|startupRole:FOLLOWER, b2d3243d-5675-45e1-a91c-710d3aed9e7e|rpc:10.1.0.38:15013|admin:10.1.0.38:15012|client:10.1.0.38:15011|dataStream:10.1.0.38:15014|priority:1|startupRole:FOLLOWER]|listeners:[], old=null
2023-05-23 10:24:48,797 [b2d3243d-5675-45e1-a91c-710d3aed9e7e@group-0F081356A623-LeaderElection2] INFO  server.RaftServerConfigKeys (ConfUtils.java:logFallback(53)) - raft.server.rpc.first-election.timeout.min = 5s (fallback to raft.server.rpc.timeout.min)
2023-05-23 10:24:48,797 [b2d3243d-5675-45e1-a91c-710d3aed9e7e@group-0F081356A623-LeaderElection2] INFO  server.RaftServerConfigKeys (ConfUtils.java:logFallback(53)) - raft.server.rpc.first-election.timeout.max = 5200ms (fallback to raft.server.rpc.timeout.max)
2023-05-23 10:24:48,798 [b2d3243d-5675-45e1-a91c-710d3aed9e7e@group-0F081356A623-LeaderElection2-1] INFO  server.GrpcServerProtocolClient (GrpcServerProtocolClient.java:<init>(65)) - Build channel for e2067284-0d49-4f78-bd84-4dfeb1c34035
2023-05-23 10:24:48,800 [b2d3243d-5675-45e1-a91c-710d3aed9e7e@group-0F081356A623-LeaderElection2-2] INFO  server.GrpcServerProtocolClient (GrpcServerProtocolClient.java:<init>(65)) - Build channel for 6a8c5c8c-0ee8-4287-ac95-4d490c63ac6c
2023-05-23 10:24:48,825 [grpc-default-executor-1] INFO  server.RaftServer$Division (RaftServerImpl.java:requestVote(1302)) - e2067284-0d49-4f78-bd84-4dfeb1c34035@group-0F081356A623: receive requestVote(PRE_VOTE, b2d3243d-5675-45e1-a91c-710d3aed9e7e, group-0F081356A623, 0, (t:0, i:0))
2023-05-23 10:24:48,827 [grpc-default-executor-0] INFO  server.RaftServer$Division (RaftServerImpl.java:requestVote(1302)) - 6a8c5c8c-0ee8-4287-ac95-4d490c63ac6c@group-0F081356A623: receive requestVote(PRE_VOTE, b2d3243d-5675-45e1-a91c-710d3aed9e7e, group-0F081356A623, 0, (t:0, i:0))
2023-05-23 10:24:48,835 [grpc-default-executor-0] INFO  impl.VoteContext (VoteContext.java:log(49)) - 6a8c5c8c-0ee8-4287-ac95-4d490c63ac6c@group-0F081356A623-FOLLOWER: accept PRE_VOTE from b2d3243d-5675-45e1-a91c-710d3aed9e7e: our priority 0 <= candidate's priority 1
2023-05-23 10:24:48,837 [grpc-default-executor-1] INFO  impl.VoteContext (VoteContext.java:log(49)) - e2067284-0d49-4f78-bd84-4dfeb1c34035@group-0F081356A623-FOLLOWER: accept PRE_VOTE from b2d3243d-5675-45e1-a91c-710d3aed9e7e: our priority 0 <= candidate's priority 1
2023-05-23 10:24:48,838 [b2d3243d-5675-45e1-a91c-710d3aed9e7e@group-5FCC1EADB69A-FollowerState] INFO  impl.FollowerState (FollowerState.java:run(143)) - b2d3243d-5675-45e1-a91c-710d3aed9e7e@group-5FCC1EADB69A-FollowerState: change to CANDIDATE, lastRpcElapsedTime:5159542996ns, electionTimeout:5157ms
2023-05-23 10:24:48,839 [b2d3243d-5675-45e1-a91c-710d3aed9e7e@group-5FCC1EADB69A-FollowerState] INFO  impl.RoleInfo (RoleInfo.java:shutdownFollowerState(110)) - b2d3243d-5675-45e1-a91c-710d3aed9e7e: shutdown b2d3243d-5675-45e1-a91c-710d3aed9e7e@group-5FCC1EADB69A-FollowerState
2023-05-23 10:24:48,839 [b2d3243d-5675-45e1-a91c-710d3aed9e7e@group-5FCC1EADB69A-FollowerState] INFO  server.RaftServer$Division (RaftServerImpl.java:setRole(329)) - b2d3243d-5675-45e1-a91c-710d3aed9e7e@group-5FCC1EADB69A: changes role from  FOLLOWER to CANDIDATE at term 0 for changeToCandidate
2023-05-23 10:24:48,839 [b2d3243d-5675-45e1-a91c-710d3aed9e7e@group-5FCC1EADB69A-FollowerState] INFO  server.RaftServerConfigKeys (ConfUtils.java:logGet(46)) - raft.server.leaderelection.pre-vote = true (default)
2023-05-23 10:24:48,839 [b2d3243d-5675-45e1-a91c-710d3aed9e7e@group-5FCC1EADB69A-FollowerState] INFO  impl.RoleInfo (RoleInfo.java:updateAndGet(139)) - b2d3243d-5675-45e1-a91c-710d3aed9e7e: start b2d3243d-5675-45e1-a91c-710d3aed9e7e@group-5FCC1EADB69A-LeaderElection3
2023-05-23 10:24:48,841 [grpc-default-executor-1] INFO  server.RaftServer$Division (RaftServerImpl.java:requestVote(1335)) - e2067284-0d49-4f78-bd84-4dfeb1c34035@group-0F081356A623 replies to PRE_VOTE vote request: b2d3243d-5675-45e1-a91c-710d3aed9e7e<-e2067284-0d49-4f78-bd84-4dfeb1c34035#0:OK-t0. Peer's state: e2067284-0d49-4f78-bd84-4dfeb1c34035@group-0F081356A623:t0, leader=null, voted=, raftlog=Memoized:e2067284-0d49-4f78-bd84-4dfeb1c34035@group-0F081356A623-SegmentedRaftLog:OPENED:c-1, conf=-1: peers:[e2067284-0d49-4f78-bd84-4dfeb1c34035|rpc:10.1.0.38:15029|admin:10.1.0.38:15028|client:10.1.0.38:15027|dataStream:10.1.0.38:15030|priority:0|startupRole:FOLLOWER, 6a8c5c8c-0ee8-4287-ac95-4d490c63ac6c|rpc:10.1.0.38:15021|admin:10.1.0.38:15020|client:10.1.0.38:15019|dataStream:10.1.0.38:15022|priority:0|startupRole:FOLLOWER, b2d3243d-5675-45e1-a91c-710d3aed9e7e|rpc:10.1.0.38:15013|admin:10.1.0.38:15012|client:10.1.0.38:15011|dataStream:10.1.0.38:15014|priority:1|startupRole:FOLLOWER]|listeners:[], old=null
2023-05-23 10:24:48,841 [grpc-default-executor-0] INFO  server.RaftServer$Division (RaftServerImpl.java:requestVote(1335)) - 6a8c5c8c-0ee8-4287-ac95-4d490c63ac6c@group-0F081356A623 replies to PRE_VOTE vote request: b2d3243d-5675-45e1-a91c-710d3aed9e7e<-6a8c5c8c-0ee8-4287-ac95-4d490c63ac6c#0:OK-t0. Peer's state: 6a8c5c8c-0ee8-4287-ac95-4d490c63ac6c@group-0F081356A623:t0, leader=null, voted=, raftlog=Memoized:6a8c5c8c-0ee8-4287-ac95-4d490c63ac6c@group-0F081356A623-SegmentedRaftLog:OPENED:c-1, conf=-1: peers:[e2067284-0d49-4f78-bd84-4dfeb1c34035|rpc:10.1.0.38:15029|admin:10.1.0.38:15028|client:10.1.0.38:15027|dataStream:10.1.0.38:15030|priority:0|startupRole:FOLLOWER, 6a8c5c8c-0ee8-4287-ac95-4d490c63ac6c|rpc:10.1.0.38:15021|admin:10.1.0.38:15020|client:10.1.0.38:15019|dataStream:10.1.0.38:15022|priority:0|startupRole:FOLLOWER, b2d3243d-5675-45e1-a91c-710d3aed9e7e|rpc:10.1.0.38:15013|admin:10.1.0.38:15012|client:10.1.0.38:15011|dataStream:10.1.0.38:15014|priority:1|startupRole:FOLLOWER]|listeners:[], old=null
2023-05-23 10:24:48,851 [b2d3243d-5675-45e1-a91c-710d3aed9e7e@group-5FCC1EADB69A-LeaderElection3] INFO  impl.LeaderElection (LeaderElection.java:askForVotes(321)) - b2d3243d-5675-45e1-a91c-710d3aed9e7e@group-5FCC1EADB69A-LeaderElection3 PRE_VOTE round 0: submit vote requests at term 0 for -1: peers:[b2d3243d-5675-45e1-a91c-710d3aed9e7e|rpc:10.1.0.38:15013|admin:10.1.0.38:15012|client:10.1.0.38:15011|dataStream:10.1.0.38:15014|priority:1|startupRole:FOLLOWER]|listeners:[], old=null
2023-05-23 10:24:48,853 [b2d3243d-5675-45e1-a91c-710d3aed9e7e@group-5FCC1EADB69A-LeaderElection3] INFO  impl.LeaderElection (LeaderElection.java:askForVotes(323)) - b2d3243d-5675-45e1-a91c-710d3aed9e7e@group-5FCC1EADB69A-LeaderElection3 PRE_VOTE round 0: result PASSED (term=0)
2023-05-23 10:24:48,857 [b2d3243d-5675-45e1-a91c-710d3aed9e7e@group-0F081356A623-LeaderElection2] INFO  impl.LeaderElection (LeaderElection.java:logAndReturn(90)) - b2d3243d-5675-45e1-a91c-710d3aed9e7e@group-0F081356A623-LeaderElection2: PRE_VOTE PASSED received 1 response(s) and 0 exception(s):
2023-05-23 10:24:48,857 [b2d3243d-5675-45e1-a91c-710d3aed9e7e@group-0F081356A623-LeaderElection2] INFO  impl.LeaderElection (LeaderElection.java:logAndReturn(94)) -   Response 0: b2d3243d-5675-45e1-a91c-710d3aed9e7e<-e2067284-0d49-4f78-bd84-4dfeb1c34035#0:OK-t0
2023-05-23 10:24:48,857 [b2d3243d-5675-45e1-a91c-710d3aed9e7e@group-0F081356A623-LeaderElection2] INFO  impl.LeaderElection (LeaderElection.java:askForVotes(323)) - b2d3243d-5675-45e1-a91c-710d3aed9e7e@group-0F081356A623-LeaderElection2 PRE_VOTE round 0: result PASSED
2023-05-23 10:24:48,860 [b2d3243d-5675-45e1-a91c-710d3aed9e7e@group-0F081356A623-LeaderElection2] INFO  impl.LeaderElection (LeaderElection.java:askForVotes(321)) - b2d3243d-5675-45e1-a91c-710d3aed9e7e@group-0F081356A623-LeaderElection2 ELECTION round 0: submit vote requests at term 1 for -1: peers:[e2067284-0d49-4f78-bd84-4dfeb1c34035|rpc:10.1.0.38:15029|admin:10.1.0.38:15028|client:10.1.0.38:15027|dataStream:10.1.0.38:15030|priority:0|startupRole:FOLLOWER, 6a8c5c8c-0ee8-4287-ac95-4d490c63ac6c|rpc:10.1.0.38:15021|admin:10.1.0.38:15020|client:10.1.0.38:15019|dataStream:10.1.0.38:15022|priority:0|startupRole:FOLLOWER, b2d3243d-5675-45e1-a91c-710d3aed9e7e|rpc:10.1.0.38:15013|admin:10.1.0.38:15012|client:10.1.0.38:15011|dataStream:10.1.0.38:15014|priority:1|startupRole:FOLLOWER]|listeners:[], old=null
2023-05-23 10:24:48,860 [b2d3243d-5675-45e1-a91c-710d3aed9e7e@group-0F081356A623-LeaderElection2] INFO  server.RaftServerConfigKeys (ConfUtils.java:logFallback(53)) - raft.server.rpc.first-election.timeout.min = 5s (fallback to raft.server.rpc.timeout.min)
2023-05-23 10:24:48,860 [b2d3243d-5675-45e1-a91c-710d3aed9e7e@group-0F081356A623-LeaderElection2] INFO  server.RaftServerConfigKeys (ConfUtils.java:logFallback(53)) - raft.server.rpc.first-election.timeout.max = 5200ms (fallback to raft.server.rpc.timeout.max)
2023-05-23 10:24:48,863 [b2d3243d-5675-45e1-a91c-710d3aed9e7e@group-5FCC1EADB69A-LeaderElection3] INFO  impl.LeaderElection (LeaderElection.java:askForVotes(321)) - b2d3243d-5675-45e1-a91c-710d3aed9e7e@group-5FCC1EADB69A-LeaderElection3 ELECTION round 0: submit vote requests at term 1 for -1: peers:[b2d3243d-5675-45e1-a91c-710d3aed9e7e|rpc:10.1.0.38:15013|admin:10.1.0.38:15012|client:10.1.0.38:15011|dataStream:10.1.0.38:15014|priority:1|startupRole:FOLLOWER]|listeners:[], old=null
2023-05-23 10:24:48,863 [b2d3243d-5675-45e1-a91c-710d3aed9e7e@group-5FCC1EADB69A-LeaderElection3] INFO  impl.LeaderElection (LeaderElection.java:askForVotes(323)) - b2d3243d-5675-45e1-a91c-710d3aed9e7e@group-5FCC1EADB69A-LeaderElection3 ELECTION round 0: result PASSED (term=1)
2023-05-23 10:24:48,864 [b2d3243d-5675-45e1-a91c-710d3aed9e7e@group-5FCC1EADB69A-LeaderElection3] INFO  impl.RoleInfo (RoleInfo.java:shutdownLeaderElection(130)) - b2d3243d-5675-45e1-a91c-710d3aed9e7e: shutdown b2d3243d-5675-45e1-a91c-710d3aed9e7e@group-5FCC1EADB69A-LeaderElection3
2023-05-23 10:24:48,864 [b2d3243d-5675-45e1-a91c-710d3aed9e7e@group-5FCC1EADB69A-LeaderElection3] INFO  server.RaftServer$Division (RaftServerImpl.java:setRole(329)) - b2d3243d-5675-45e1-a91c-710d3aed9e7e@group-5FCC1EADB69A: changes role from CANDIDATE to LEADER at term 1 for changeToLeader
2023-05-23 10:24:48,864 [b2d3243d-5675-45e1-a91c-710d3aed9e7e@group-5FCC1EADB69A-LeaderElection3] INFO  ratis.XceiverServerRatis (XceiverServerRatis.java:handleLeaderChangedNotification(904)) - Leader change notification received for group: group-5FCC1EADB69A with new leaderId: b2d3243d-5675-45e1-a91c-710d3aed9e7e
2023-05-23 10:24:48,865 [b2d3243d-5675-45e1-a91c-710d3aed9e7e@group-5FCC1EADB69A-LeaderElection3] INFO  server.RaftServer$Division (ServerState.java:setLeader(317)) - b2d3243d-5675-45e1-a91c-710d3aed9e7e@group-5FCC1EADB69A: change Leader from null to b2d3243d-5675-45e1-a91c-710d3aed9e7e at term 1 for becomeLeader, leader elected after 5230ms
2023-05-23 10:24:48,865 [b2d3243d-5675-45e1-a91c-710d3aed9e7e@group-5FCC1EADB69A-LeaderElection3] INFO  server.RaftServerConfigKeys (ConfUtils.java:logGet(46)) - raft.server.staging.catchup.gap = 1000 (default)
2023-05-23 10:24:48,869 [b2d3243d-5675-45e1-a91c-710d3aed9e7e@group-5FCC1EADB69A-LeaderElection3] INFO  server.RaftServerConfigKeys (ConfUtils.java:logGet(46)) - raft.server.write.element-limit = 1024 (custom)
2023-05-23 10:24:48,869 [grpc-default-executor-0] INFO  server.RaftServer$Division (RaftServerImpl.java:requestVote(1302)) - 6a8c5c8c-0ee8-4287-ac95-4d490c63ac6c@group-0F081356A623: receive requestVote(ELECTION, b2d3243d-5675-45e1-a91c-710d3aed9e7e, group-0F081356A623, 1, (t:0, i:0))
2023-05-23 10:24:48,869 [b2d3243d-5675-45e1-a91c-710d3aed9e7e@group-5FCC1EADB69A-LeaderElection3] INFO  server.RaftServerConfigKeys (ConfUtils.java:logGet(46)) - raft.server.write.byte-limit = 1024 M (=1073741824) (custom)
2023-05-23 10:24:48,870 [grpc-default-executor-0] INFO  impl.VoteContext (VoteContext.java:log(49)) - 6a8c5c8c-0ee8-4287-ac95-4d490c63ac6c@group-0F081356A623-FOLLOWER: accept ELECTION from b2d3243d-5675-45e1-a91c-710d3aed9e7e: our priority 0 <= candidate's priority 1
2023-05-23 10:24:48,870 [b2d3243d-5675-45e1-a91c-710d3aed9e7e@group-5FCC1EADB69A-LeaderElection3] INFO  server.RaftServerConfigKeys (ConfUtils.java:logGet(46)) - raft.server.watch.timeout = 180s (custom)
2023-05-23 10:24:48,870 [b2d3243d-5675-45e1-a91c-710d3aed9e7e@group-5FCC1EADB69A-LeaderElection3] INFO  server.RaftServerConfigKeys (ConfUtils.java:logGet(46)) - raft.server.watch.timeout.denomination = 1s (default)
2023-05-23 10:24:48,870 [b2d3243d-5675-45e1-a91c-710d3aed9e7e@group-5FCC1EADB69A-LeaderElection3] INFO  server.RaftServerConfigKeys (ConfUtils.java:logGet(46)) - raft.server.watch.element-limit = 65536 (default)
2023-05-23 10:24:48,870 [grpc-default-executor-0] INFO  server.RaftServer$Division (RaftServerImpl.java:setRole(329)) - 6a8c5c8c-0ee8-4287-ac95-4d490c63ac6c@group-0F081356A623: changes role from  FOLLOWER to FOLLOWER at term 1 for candidate:b2d3243d-5675-45e1-a91c-710d3aed9e7e
2023-05-23 10:24:48,870 [EventQueue-OpenPipelineForHealthyPipelineSafeModeRule] INFO  safemode.SCMSafeModeManager (HealthyPipelineSafeModeRule.java:process(137)) - SCM in safe mode. Healthy pipelines reported count is 0, required healthy pipeline reported count is 1
2023-05-23 10:24:48,872 [grpc-default-executor-0] INFO  impl.RoleInfo (RoleInfo.java:shutdownFollowerState(110)) - 6a8c5c8c-0ee8-4287-ac95-4d490c63ac6c: shutdown 6a8c5c8c-0ee8-4287-ac95-4d490c63ac6c@group-0F081356A623-FollowerState
2023-05-23 10:24:48,872 [6a8c5c8c-0ee8-4287-ac95-4d490c63ac6c@group-0F081356A623-FollowerState] INFO  impl.FollowerState (FollowerState.java:run(152)) - 6a8c5c8c-0ee8-4287-ac95-4d490c63ac6c@group-0F081356A623-FollowerState was interrupted
2023-05-23 10:24:48,873 [grpc-default-executor-0] INFO  impl.RoleInfo (RoleInfo.java:updateAndGet(139)) - 6a8c5c8c-0ee8-4287-ac95-4d490c63ac6c: start 6a8c5c8c-0ee8-4287-ac95-4d490c63ac6c@group-0F081356A623-FollowerState
2023-05-23 10:24:48,870 [b2d3243d-5675-45e1-a91c-710d3aed9e7e@group-5FCC1EADB69A-LeaderElection3] INFO  server.RaftServerConfigKeys (ConfUtils.java:logGet(46)) - raft.server.write.element-limit = 1024 (custom)
2023-05-23 10:24:48,873 [b2d3243d-5675-45e1-a91c-710d3aed9e7e@group-5FCC1EADB69A-LeaderElection3] INFO  server.RaftServerConfigKeys (ConfUtils.java:logGet(46)) - raft.server.write.follower.gap.ratio.max = -1.0 (default)
2023-05-23 10:24:48,873 [b2d3243d-5675-45e1-a91c-710d3aed9e7e@group-5FCC1EADB69A-LeaderElection3] INFO  impl.RoleInfo (RoleInfo.java:updateAndGet(139)) - b2d3243d-5675-45e1-a91c-710d3aed9e7e: start b2d3243d-5675-45e1-a91c-710d3aed9e7e@group-5FCC1EADB69A-LeaderStateImpl
2023-05-23 10:24:48,874 [b2d3243d-5675-45e1-a91c-710d3aed9e7e@group-5FCC1EADB69A-LeaderElection3] INFO  segmented.SegmentedRaftLogWorker (SegmentedRaftLogWorker.java:startLogSegment(447)) - b2d3243d-5675-45e1-a91c-710d3aed9e7e@group-5FCC1EADB69A-SegmentedRaftLogWorker: Starting segment from index:0
2023-05-23 10:24:48,877 [grpc-default-executor-1] INFO  server.RaftServer$Division (RaftServerImpl.java:requestVote(1302)) - e2067284-0d49-4f78-bd84-4dfeb1c34035@group-0F081356A623: receive requestVote(ELECTION, b2d3243d-5675-45e1-a91c-710d3aed9e7e, group-0F081356A623, 1, (t:0, i:0))
2023-05-23 10:24:48,878 [grpc-default-executor-1] INFO  impl.VoteContext (VoteContext.java:log(49)) - e2067284-0d49-4f78-bd84-4dfeb1c34035@group-0F081356A623-FOLLOWER: accept ELECTION from b2d3243d-5675-45e1-a91c-710d3aed9e7e: our priority 0 <= candidate's priority 1
2023-05-23 10:24:48,878 [grpc-default-executor-1] INFO  server.RaftServer$Division (RaftServerImpl.java:setRole(329)) - e2067284-0d49-4f78-bd84-4dfeb1c34035@group-0F081356A623: changes role from  FOLLOWER to FOLLOWER at term 1 for candidate:b2d3243d-5675-45e1-a91c-710d3aed9e7e
2023-05-23 10:24:48,878 [grpc-default-executor-1] INFO  impl.RoleInfo (RoleInfo.java:shutdownFollowerState(110)) - e2067284-0d49-4f78-bd84-4dfeb1c34035: shutdown e2067284-0d49-4f78-bd84-4dfeb1c34035@group-0F081356A623-FollowerState
2023-05-23 10:24:48,878 [e2067284-0d49-4f78-bd84-4dfeb1c34035@group-0F081356A623-FollowerState] INFO  impl.FollowerState (FollowerState.java:run(152)) - e2067284-0d49-4f78-bd84-4dfeb1c34035@group-0F081356A623-FollowerState was interrupted
2023-05-23 10:24:48,881 [grpc-default-executor-0] INFO  server.RaftServer$Division (RaftServerImpl.java:requestVote(1335)) - 6a8c5c8c-0ee8-4287-ac95-4d490c63ac6c@group-0F081356A623 replies to ELECTION vote request: b2d3243d-5675-45e1-a91c-710d3aed9e7e<-6a8c5c8c-0ee8-4287-ac95-4d490c63ac6c#0:OK-t1. Peer's state: 6a8c5c8c-0ee8-4287-ac95-4d490c63ac6c@group-0F081356A623:t1, leader=null, voted=b2d3243d-5675-45e1-a91c-710d3aed9e7e, raftlog=Memoized:6a8c5c8c-0ee8-4287-ac95-4d490c63ac6c@group-0F081356A623-SegmentedRaftLog:OPENED:c-1, conf=-1: peers:[e2067284-0d49-4f78-bd84-4dfeb1c34035|rpc:10.1.0.38:15029|admin:10.1.0.38:15028|client:10.1.0.38:15027|dataStream:10.1.0.38:15030|priority:0|startupRole:FOLLOWER, 6a8c5c8c-0ee8-4287-ac95-4d490c63ac6c|rpc:10.1.0.38:15021|admin:10.1.0.38:15020|client:10.1.0.38:15019|dataStream:10.1.0.38:15022|priority:0|startupRole:FOLLOWER, b2d3243d-5675-45e1-a91c-710d3aed9e7e|rpc:10.1.0.38:15013|admin:10.1.0.38:15012|client:10.1.0.38:15011|dataStream:10.1.0.38:15014|priority:1|startupRole:FOLLOWER]|listeners:[], old=null
2023-05-23 10:24:48,889 [grpc-default-executor-1] INFO  impl.RoleInfo (RoleInfo.java:updateAndGet(139)) - e2067284-0d49-4f78-bd84-4dfeb1c34035: start e2067284-0d49-4f78-bd84-4dfeb1c34035@group-0F081356A623-FollowerState
2023-05-23 10:24:48,889 [b2d3243d-5675-45e1-a91c-710d3aed9e7e@group-5FCC1EADB69A-LeaderElection3] INFO  server.RaftServer$Division (ServerState.java:setRaftConf(434)) - b2d3243d-5675-45e1-a91c-710d3aed9e7e@group-5FCC1EADB69A: set configuration 0: peers:[b2d3243d-5675-45e1-a91c-710d3aed9e7e|rpc:10.1.0.38:15013|admin:10.1.0.38:15012|client:10.1.0.38:15011|dataStream:10.1.0.38:15014|priority:1|startupRole:FOLLOWER]|listeners:[], old=null
2023-05-23 10:24:48,890 [b2d3243d-5675-45e1-a91c-710d3aed9e7e@group-5FCC1EADB69A-SegmentedRaftLogWorker] INFO  segmented.SegmentedRaftLogWorker (SegmentedRaftLogWorker.java:execute(651)) - b2d3243d-5675-45e1-a91c-710d3aed9e7e@group-5FCC1EADB69A-SegmentedRaftLogWorker: created new log segment /home/runner/work/ozone/ozone/hadoop-ozone/integration-test/target/test-dir/MiniOzoneClusterImpl-95ea0607-12be-46e0-be72-f6ffafe0ad81/datanode-0/data/ratis/ea5379e2-295a-4407-903c-5fcc1eadb69a/current/log_inprogress_0
2023-05-23 10:24:48,892 [b2d3243d-5675-45e1-a91c-710d3aed9e7e@group-0F081356A623-LeaderElection2] INFO  impl.LeaderElection (LeaderElection.java:logAndReturn(90)) - b2d3243d-5675-45e1-a91c-710d3aed9e7e@group-0F081356A623-LeaderElection2: ELECTION PASSED received 1 response(s) and 0 exception(s):
2023-05-23 10:24:48,892 [b2d3243d-5675-45e1-a91c-710d3aed9e7e@group-0F081356A623-LeaderElection2] INFO  impl.LeaderElection (LeaderElection.java:logAndReturn(94)) -   Response 0: b2d3243d-5675-45e1-a91c-710d3aed9e7e<-6a8c5c8c-0ee8-4287-ac95-4d490c63ac6c#0:OK-t1
2023-05-23 10:24:48,892 [b2d3243d-5675-45e1-a91c-710d3aed9e7e@group-0F081356A623-LeaderElection2] INFO  impl.LeaderElection (LeaderElection.java:askForVotes(323)) - b2d3243d-5675-45e1-a91c-710d3aed9e7e@group-0F081356A623-LeaderElection2 ELECTION round 0: result PASSED
2023-05-23 10:24:48,892 [b2d3243d-5675-45e1-a91c-710d3aed9e7e@group-0F081356A623-LeaderElection2] INFO  impl.RoleInfo (RoleInfo.java:shutdownLeaderElection(130)) - b2d3243d-5675-45e1-a91c-710d3aed9e7e: shutdown b2d3243d-5675-45e1-a91c-710d3aed9e7e@group-0F081356A623-LeaderElection2
2023-05-23 10:24:48,892 [b2d3243d-5675-45e1-a91c-710d3aed9e7e@group-0F081356A623-LeaderElection2] INFO  server.RaftServer$Division (RaftServerImpl.java:setRole(329)) - b2d3243d-5675-45e1-a91c-710d3aed9e7e@group-0F081356A623: changes role from CANDIDATE to LEADER at term 1 for changeToLeader
2023-05-23 10:24:48,892 [b2d3243d-5675-45e1-a91c-710d3aed9e7e@group-0F081356A623-LeaderElection2] INFO  ratis.XceiverServerRatis (XceiverServerRatis.java:handleLeaderChangedNotification(904)) - Leader change notification received for group: group-0F081356A623 with new leaderId: b2d3243d-5675-45e1-a91c-710d3aed9e7e
2023-05-23 10:24:48,892 [b2d3243d-5675-45e1-a91c-710d3aed9e7e@group-0F081356A623-LeaderElection2] INFO  server.RaftServer$Division (ServerState.java:setLeader(317)) - b2d3243d-5675-45e1-a91c-710d3aed9e7e@group-0F081356A623: change Leader from null to b2d3243d-5675-45e1-a91c-710d3aed9e7e at term 1 for becomeLeader, leader elected after 5196ms
2023-05-23 10:24:48,892 [b2d3243d-5675-45e1-a91c-710d3aed9e7e@group-0F081356A623-LeaderElection2] INFO  server.RaftServerConfigKeys (ConfUtils.java:logGet(46)) - raft.server.staging.catchup.gap = 1000 (default)
2023-05-23 10:24:48,892 [b2d3243d-5675-45e1-a91c-710d3aed9e7e@group-0F081356A623-LeaderElection2] INFO  server.RaftServerConfigKeys (ConfUtils.java:logGet(46)) - raft.server.write.element-limit = 1024 (custom)
2023-05-23 10:24:48,893 [b2d3243d-5675-45e1-a91c-710d3aed9e7e@group-0F081356A623-LeaderElection2] INFO  server.RaftServerConfigKeys (ConfUtils.java:logGet(46)) - raft.server.write.byte-limit = 1024 M (=1073741824) (custom)
2023-05-23 10:24:48,893 [b2d3243d-5675-45e1-a91c-710d3aed9e7e@group-0F081356A623-LeaderElection2] INFO  server.RaftServerConfigKeys (ConfUtils.java:logGet(46)) - raft.server.watch.timeout = 180s (custom)
2023-05-23 10:24:48,893 [b2d3243d-5675-45e1-a91c-710d3aed9e7e@group-0F081356A623-LeaderElection2] INFO  server.RaftServerConfigKeys (ConfUtils.java:logGet(46)) - raft.server.watch.timeout.denomination = 1s (default)
2023-05-23 10:24:48,893 [b2d3243d-5675-45e1-a91c-710d3aed9e7e@group-0F081356A623-LeaderElection2] INFO  server.RaftServerConfigKeys (ConfUtils.java:logGet(46)) - raft.server.watch.element-limit = 65536 (default)
2023-05-23 10:24:48,893 [b2d3243d-5675-45e1-a91c-710d3aed9e7e@group-0F081356A623-LeaderElection2] INFO  server.RaftServerConfigKeys (ConfUtils.java:logGet(46)) - raft.server.write.element-limit = 1024 (custom)
2023-05-23 10:24:48,893 [b2d3243d-5675-45e1-a91c-710d3aed9e7e@group-0F081356A623-LeaderElection2] INFO  server.RaftServerConfigKeys (ConfUtils.java:logGet(46)) - raft.server.write.follower.gap.ratio.max = -1.0 (default)
2023-05-23 10:24:48,894 [grpc-default-executor-1] INFO  server.RaftServer$Division (RaftServerImpl.java:requestVote(1335)) - e2067284-0d49-4f78-bd84-4dfeb1c34035@group-0F081356A623 replies to ELECTION vote request: b2d3243d-5675-45e1-a91c-710d3aed9e7e<-e2067284-0d49-4f78-bd84-4dfeb1c34035#0:OK-t1. Peer's state: e2067284-0d49-4f78-bd84-4dfeb1c34035@group-0F081356A623:t1, leader=null, voted=b2d3243d-5675-45e1-a91c-710d3aed9e7e, raftlog=Memoized:e2067284-0d49-4f78-bd84-4dfeb1c34035@group-0F081356A623-SegmentedRaftLog:OPENED:c-1, conf=-1: peers:[e2067284-0d49-4f78-bd84-4dfeb1c34035|rpc:10.1.0.38:15029|admin:10.1.0.38:15028|client:10.1.0.38:15027|dataStream:10.1.0.38:15030|priority:0|startupRole:FOLLOWER, 6a8c5c8c-0ee8-4287-ac95-4d490c63ac6c|rpc:10.1.0.38:15021|admin:10.1.0.38:15020|client:10.1.0.38:15019|dataStream:10.1.0.38:15022|priority:0|startupRole:FOLLOWER, b2d3243d-5675-45e1-a91c-710d3aed9e7e|rpc:10.1.0.38:15013|admin:10.1.0.38:15012|client:10.1.0.38:15011|dataStream:10.1.0.38:15014|priority:1|startupRole:FOLLOWER]|listeners:[], old=null
2023-05-23 10:24:48,896 [EventQueue-PipelineReportForPipelineReportHandler] INFO  pipeline.PipelineManagerImpl (PipelineManagerImpl.java:openPipeline(367)) - Pipeline Pipeline[ Id: f2eb3a5b-5bd7-42ee-9a29-0f081356a623, Nodes: b2d3243d-5675-45e1-a91c-710d3aed9e7e(fv-az1249-304/10.1.0.38)6a8c5c8c-0ee8-4287-ac95-4d490c63ac6c(fv-az1249-304/10.1.0.38)e2067284-0d49-4f78-bd84-4dfeb1c34035(fv-az1249-304/10.1.0.38), ReplicationConfig: RATIS/THREE, State:ALLOCATED, leaderId:b2d3243d-5675-45e1-a91c-710d3aed9e7e, CreationTimestamp2023-05-23T10:24:41.595Z[Etc/UTC]] moved to OPEN state
2023-05-23 10:24:48,897 [EventQueue-OpenPipelineForHealthyPipelineSafeModeRule] INFO  safemode.SCMSafeModeManager (HealthyPipelineSafeModeRule.java:process(137)) - SCM in safe mode. Healthy pipelines reported count is 0, required healthy pipeline reported count is 1
2023-05-23 10:24:48,902 [EventQueue-OpenPipelineForHealthyPipelineSafeModeRule] INFO  safemode.SCMSafeModeManager (HealthyPipelineSafeModeRule.java:process(137)) - SCM in safe mode. Healthy pipelines reported count is 1, required healthy pipeline reported count is 1
2023-05-23 10:24:48,902 [EventQueue-OpenPipelineForHealthyPipelineSafeModeRule] INFO  safemode.SCMSafeModeManager (SCMSafeModeManager.java:validateSafeModeExitRules(200)) - HealthyPipelineSafeModeRule rule is successfully validated
2023-05-23 10:24:48,902 [EventQueue-OpenPipelineForHealthyPipelineSafeModeRule] INFO  safemode.SCMSafeModeManager (SCMSafeModeManager.java:validateSafeModeExitRules(215)) - ScmSafeModeManager, all rules are successfully validated
2023-05-23 10:24:48,902 [EventQueue-OpenPipelineForHealthyPipelineSafeModeRule] INFO  safemode.SCMSafeModeManager (SCMSafeModeManager.java:exitSafeMode(244)) - SCM exiting safe mode.
2023-05-23 10:24:48,903 [EventQueue-OpenPipelineForHealthyPipelineSafeModeRule] INFO  ha.SCMContext (SCMContext.java:updateSafeModeStatus(228)) - Update SafeModeStatus from SafeModeStatus{safeModeStatus=true, preCheckPassed=true} to SafeModeStatus{safeModeStatus=false, preCheckPassed=true}.
2023-05-23 10:24:48,903 [EventQueue-OpenPipelineForHealthyPipelineSafeModeRule] INFO  pipeline.BackgroundPipelineCreator (BackgroundPipelineCreator.java:notifyStatusChanged(254)) - Service BackgroundPipelineCreator transitions to RUNNING.
2023-05-23 10:24:48,903 [EventQueue-OpenPipelineForHealthyPipelineSafeModeRule] INFO  BackgroundPipelineScrubber (BackgroundSCMService.java:notifyStatusChanged(82)) - Service BackgroundPipelineScrubber transitions to RUNNING.
2023-05-23 10:24:48,903 [EventQueue-OpenPipelineForHealthyPipelineSafeModeRule] INFO  ExpiredContainerReplicaOpScrubber (BackgroundSCMService.java:notifyStatusChanged(82)) - Service ExpiredContainerReplicaOpScrubber transitions to RUNNING.
2023-05-23 10:24:48,903 [EventQueue-OpenPipelineForHealthyPipelineSafeModeRule] INFO  replication.ReplicationManager (ReplicationManager.java:notifyStatusChanged(1377)) - Service ReplicationManager transitions to RUNNING.
2023-05-23 10:24:48,905 [b2d3243d-5675-45e1-a91c-710d3aed9e7e@group-0F081356A623-LeaderElection2] INFO  server.RaftServerConfigKeys (ConfUtils.java:logGet(46)) - raft.server.log.appender.snapshot.chunk.size.max = 16MB (=16777216) (default)
2023-05-23 10:24:48,906 [EventQueue-OpenPipelineForHealthyPipelineSafeModeRule] WARN  balancer.ContainerBalancer (ContainerBalancer.java:shouldRun(132)) - Could not find persisted configuration for ContainerBalancer when checking if ContainerBalancer should run. ContainerBalancer should not run now.
2023-05-23 10:24:48,908 [b2d3243d-5675-45e1-a91c-710d3aed9e7e@group-0F081356A623-LeaderElection2] INFO  server.RaftServerConfigKeys (ConfUtils.java:logGet(46)) - raft.server.log.appender.buffer.byte-limit = 33554432 (custom)
2023-05-23 10:24:48,908 [b2d3243d-5675-45e1-a91c-710d3aed9e7e@group-0F081356A623-LeaderElection2] INFO  server.RaftServerConfigKeys (ConfUtils.java:logGet(46)) - raft.server.log.appender.buffer.element-limit = 1 (custom)
2023-05-23 10:24:48,910 [b2d3243d-5675-45e1-a91c-710d3aed9e7e@group-0F081356A623-LeaderElection2] INFO  server.RaftServerConfigKeys (ConfUtils.java:logGet(46)) - raft.server.log.appender.wait-time.min = 10ms (default)
2023-05-23 10:24:48,911 [b2d3243d-5675-45e1-a91c-710d3aed9e7e@group-0F081356A623-LeaderElection2] INFO  grpc.GrpcConfigKeys (ConfUtils.java:logGet(46)) - raft.grpc.server.leader.outstanding.appends.max = 128 (default)
2023-05-23 10:24:48,911 [b2d3243d-5675-45e1-a91c-710d3aed9e7e@group-0F081356A623-LeaderElection2] INFO  server.RaftServerConfigKeys (ConfUtils.java:logGet(46)) - raft.server.rpc.request.timeout = 60s (custom)
2023-05-23 10:24:48,911 [b2d3243d-5675-45e1-a91c-710d3aed9e7e@group-0F081356A623-LeaderElection2] INFO  grpc.GrpcConfigKeys (ConfUtils.java:logGet(46)) - raft.grpc.server.install_snapshot.request.element-limit = 8 (default)
2023-05-23 10:24:48,911 [b2d3243d-5675-45e1-a91c-710d3aed9e7e@group-0F081356A623-LeaderElection2] INFO  grpc.GrpcConfigKeys (ConfUtils.java:logGet(46)) - raft.grpc.server.install_snapshot.request.timeout = 3000ms (default)
2023-05-23 10:24:48,911 [b2d3243d-5675-45e1-a91c-710d3aed9e7e@group-0F081356A623-LeaderElection2] INFO  server.RaftServerConfigKeys (ConfUtils.java:logGet(46)) - raft.server.log.appender.install.snapshot.enabled = false (custom)
2023-05-23 10:24:48,912 [b2d3243d-5675-45e1-a91c-710d3aed9e7e@group-0F081356A623-LeaderElection2] INFO  grpc.GrpcConfigKeys (ConfUtils.java:logGet(46)) - raft.grpc.server.heartbeat.channel = true (default)
2023-05-23 10:24:48,914 [b2d3243d-5675-45e1-a91c-710d3aed9e7e@group-0F081356A623-LeaderElection2] INFO  server.RaftServerConfigKeys (ConfUtils.java:logGet(46)) - raft.server.log.appender.snapshot.chunk.size.max = 16MB (=16777216) (default)
2023-05-23 10:24:48,914 [b2d3243d-5675-45e1-a91c-710d3aed9e7e@group-0F081356A623-LeaderElection2] INFO  server.RaftServerConfigKeys (ConfUtils.java:logGet(46)) - raft.server.log.appender.buffer.byte-limit = 33554432 (custom)
2023-05-23 10:24:48,914 [b2d3243d-5675-45e1-a91c-710d3aed9e7e@group-0F081356A623-LeaderElection2] INFO  server.RaftServerConfigKeys (ConfUtils.java:logGet(46)) - raft.server.log.appender.buffer.element-limit = 1 (custom)
2023-05-23 10:24:48,914 [b2d3243d-5675-45e1-a91c-710d3aed9e7e@group-0F081356A623-LeaderElection2] INFO  server.RaftServerConfigKeys (ConfUtils.java:logGet(46)) - raft.server.log.appender.wait-time.min = 10ms (default)
2023-05-23 10:24:48,914 [b2d3243d-5675-45e1-a91c-710d3aed9e7e@group-0F081356A623-LeaderElection2] INFO  grpc.GrpcConfigKeys (ConfUtils.java:logGet(46)) - raft.grpc.server.leader.outstanding.appends.max = 128 (default)
2023-05-23 10:24:48,914 [b2d3243d-5675-45e1-a91c-710d3aed9e7e@group-0F081356A623-LeaderElection2] INFO  server.RaftServerConfigKeys (ConfUtils.java:logGet(46)) - raft.server.rpc.request.timeout = 60s (custom)
2023-05-23 10:24:48,914 [b2d3243d-5675-45e1-a91c-710d3aed9e7e@group-0F081356A623-LeaderElection2] INFO  grpc.GrpcConfigKeys (ConfUtils.java:logGet(46)) - raft.grpc.server.install_snapshot.request.element-limit = 8 (default)
2023-05-23 10:24:48,914 [b2d3243d-5675-45e1-a91c-710d3aed9e7e@group-0F081356A623-LeaderElection2] INFO  grpc.GrpcConfigKeys (ConfUtils.java:logGet(46)) - raft.grpc.server.install_snapshot.request.timeout = 3000ms (default)
2023-05-23 10:24:48,914 [b2d3243d-5675-45e1-a91c-710d3aed9e7e@group-0F081356A623-LeaderElection2] INFO  server.RaftServerConfigKeys (ConfUtils.java:logGet(46)) - raft.server.log.appender.install.snapshot.enabled = false (custom)
2023-05-23 10:24:48,914 [b2d3243d-5675-45e1-a91c-710d3aed9e7e@group-0F081356A623-LeaderElection2] INFO  grpc.GrpcConfigKeys (ConfUtils.java:logGet(46)) - raft.grpc.server.heartbeat.channel = true (default)
2023-05-23 10:24:48,916 [b2d3243d-5675-45e1-a91c-710d3aed9e7e@group-0F081356A623-LeaderElection2] INFO  impl.RoleInfo (RoleInfo.java:updateAndGet(139)) - b2d3243d-5675-45e1-a91c-710d3aed9e7e: start b2d3243d-5675-45e1-a91c-710d3aed9e7e@group-0F081356A623-LeaderStateImpl
2023-05-23 10:24:48,916 [b2d3243d-5675-45e1-a91c-710d3aed9e7e@group-0F081356A623-LeaderElection2] INFO  segmented.SegmentedRaftLogWorker (SegmentedRaftLogWorker.java:startLogSegment(447)) - b2d3243d-5675-45e1-a91c-710d3aed9e7e@group-0F081356A623-SegmentedRaftLogWorker: Starting segment from index:0
2023-05-23 10:24:48,918 [b2d3243d-5675-45e1-a91c-710d3aed9e7e@group-0F081356A623-SegmentedRaftLogWorker] INFO  segmented.SegmentedRaftLogWorker (SegmentedRaftLogWorker.java:execute(651)) - b2d3243d-5675-45e1-a91c-710d3aed9e7e@group-0F081356A623-SegmentedRaftLogWorker: created new log segment /home/runner/work/ozone/ozone/hadoop-ozone/integration-test/target/test-dir/MiniOzoneClusterImpl-95ea0607-12be-46e0-be72-f6ffafe0ad81/datanode-0/data/ratis/f2eb3a5b-5bd7-42ee-9a29-0f081356a623/current/log_inprogress_0
2023-05-23 10:24:48,929 [b2d3243d-5675-45e1-a91c-710d3aed9e7e@group-0F081356A623-LeaderElection2] INFO  server.RaftServer$Division (ServerState.java:setRaftConf(434)) - b2d3243d-5675-45e1-a91c-710d3aed9e7e@group-0F081356A623: set configuration 0: peers:[e2067284-0d49-4f78-bd84-4dfeb1c34035|rpc:10.1.0.38:15029|admin:10.1.0.38:15028|client:10.1.0.38:15027|dataStream:10.1.0.38:15030|priority:0|startupRole:FOLLOWER, 6a8c5c8c-0ee8-4287-ac95-4d490c63ac6c|rpc:10.1.0.38:15021|admin:10.1.0.38:15020|client:10.1.0.38:15019|dataStream:10.1.0.38:15022|priority:0|startupRole:FOLLOWER, b2d3243d-5675-45e1-a91c-710d3aed9e7e|rpc:10.1.0.38:15013|admin:10.1.0.38:15012|client:10.1.0.38:15011|dataStream:10.1.0.38:15014|priority:1|startupRole:FOLLOWER]|listeners:[], old=null
2023-05-23 10:24:48,998 [e2067284-0d49-4f78-bd84-4dfeb1c34035-server-thread1] INFO  ratis.XceiverServerRatis (XceiverServerRatis.java:handleLeaderChangedNotification(904)) - Leader change notification received for group: group-0F081356A623 with new leaderId: b2d3243d-5675-45e1-a91c-710d3aed9e7e
2023-05-23 10:24:48,999 [e2067284-0d49-4f78-bd84-4dfeb1c34035-server-thread1] INFO  server.RaftServer$Division (ServerState.java:setLeader(317)) - e2067284-0d49-4f78-bd84-4dfeb1c34035@group-0F081356A623: change Leader from null to b2d3243d-5675-45e1-a91c-710d3aed9e7e at term 1 for appendEntries, leader elected after 4612ms
2023-05-23 10:24:49,003 [6a8c5c8c-0ee8-4287-ac95-4d490c63ac6c-server-thread1] INFO  ratis.XceiverServerRatis (XceiverServerRatis.java:handleLeaderChangedNotification(904)) - Leader change notification received for group: group-0F081356A623 with new leaderId: b2d3243d-5675-45e1-a91c-710d3aed9e7e
2023-05-23 10:24:49,005 [6a8c5c8c-0ee8-4287-ac95-4d490c63ac6c-server-thread1] INFO  server.RaftServer$Division (ServerState.java:setLeader(317)) - 6a8c5c8c-0ee8-4287-ac95-4d490c63ac6c@group-0F081356A623: change Leader from null to b2d3243d-5675-45e1-a91c-710d3aed9e7e at term 1 for appendEntries, leader elected after 4830ms
2023-05-23 10:24:49,004 [e2067284-0d49-4f78-bd84-4dfeb1c34035-server-thread1] INFO  server.RaftServer$Division (ServerState.java:setRaftConf(434)) - e2067284-0d49-4f78-bd84-4dfeb1c34035@group-0F081356A623: set configuration 0: peers:[e2067284-0d49-4f78-bd84-4dfeb1c34035|rpc:10.1.0.38:15029|admin:10.1.0.38:15028|client:10.1.0.38:15027|dataStream:10.1.0.38:15030|priority:0|startupRole:FOLLOWER, 6a8c5c8c-0ee8-4287-ac95-4d490c63ac6c|rpc:10.1.0.38:15021|admin:10.1.0.38:15020|client:10.1.0.38:15019|dataStream:10.1.0.38:15022|priority:0|startupRole:FOLLOWER, b2d3243d-5675-45e1-a91c-710d3aed9e7e|rpc:10.1.0.38:15013|admin:10.1.0.38:15012|client:10.1.0.38:15011|dataStream:10.1.0.38:15014|priority:1|startupRole:FOLLOWER]|listeners:[], old=null
2023-05-23 10:24:49,007 [e2067284-0d49-4f78-bd84-4dfeb1c34035-server-thread1] INFO  segmented.SegmentedRaftLogWorker (SegmentedRaftLogWorker.java:startLogSegment(447)) - e2067284-0d49-4f78-bd84-4dfeb1c34035@group-0F081356A623-SegmentedRaftLogWorker: Starting segment from index:0
2023-05-23 10:24:49,019 [e2067284-0d49-4f78-bd84-4dfeb1c34035@group-0F081356A623-SegmentedRaftLogWorker] INFO  segmented.SegmentedRaftLogWorker (SegmentedRaftLogWorker.java:execute(651)) - e2067284-0d49-4f78-bd84-4dfeb1c34035@group-0F081356A623-SegmentedRaftLogWorker: created new log segment /home/runner/work/ozone/ozone/hadoop-ozone/integration-test/target/test-dir/MiniOzoneClusterImpl-95ea0607-12be-46e0-be72-f6ffafe0ad81/datanode-2/data/ratis/f2eb3a5b-5bd7-42ee-9a29-0f081356a623/current/log_inprogress_0
2023-05-23 10:24:49,021 [6a8c5c8c-0ee8-4287-ac95-4d490c63ac6c-server-thread2] INFO  server.RaftServer$Division (ServerState.java:setRaftConf(434)) - 6a8c5c8c-0ee8-4287-ac95-4d490c63ac6c@group-0F081356A623: set configuration 0: peers:[e2067284-0d49-4f78-bd84-4dfeb1c34035|rpc:10.1.0.38:15029|admin:10.1.0.38:15028|client:10.1.0.38:15027|dataStream:10.1.0.38:15030|priority:0|startupRole:FOLLOWER, 6a8c5c8c-0ee8-4287-ac95-4d490c63ac6c|rpc:10.1.0.38:15021|admin:10.1.0.38:15020|client:10.1.0.38:15019|dataStream:10.1.0.38:15022|priority:0|startupRole:FOLLOWER, b2d3243d-5675-45e1-a91c-710d3aed9e7e|rpc:10.1.0.38:15013|admin:10.1.0.38:15012|client:10.1.0.38:15011|dataStream:10.1.0.38:15014|priority:1|startupRole:FOLLOWER]|listeners:[], old=null
2023-05-23 10:24:49,024 [6a8c5c8c-0ee8-4287-ac95-4d490c63ac6c-server-thread2] INFO  segmented.SegmentedRaftLogWorker (SegmentedRaftLogWorker.java:startLogSegment(447)) - 6a8c5c8c-0ee8-4287-ac95-4d490c63ac6c@group-0F081356A623-SegmentedRaftLogWorker: Starting segment from index:0
2023-05-23 10:24:49,029 [6a8c5c8c-0ee8-4287-ac95-4d490c63ac6c@group-0F081356A623-SegmentedRaftLogWorker] INFO  segmented.SegmentedRaftLogWorker (SegmentedRaftLogWorker.java:execute(651)) - 6a8c5c8c-0ee8-4287-ac95-4d490c63ac6c@group-0F081356A623-SegmentedRaftLogWorker: created new log segment /home/runner/work/ozone/ozone/hadoop-ozone/integration-test/target/test-dir/MiniOzoneClusterImpl-95ea0607-12be-46e0-be72-f6ffafe0ad81/datanode-1/data/ratis/f2eb3a5b-5bd7-42ee-9a29-0f081356a623/current/log_inprogress_0
2023-05-23 10:24:49,252 [Listener at 127.0.0.1/15004] INFO  ozone.MiniOzoneClusterImpl (MiniOzoneClusterImpl.java:lambda$waitForClusterToBeReady$0(222)) - Nodes are ready. Got 5 of 5 DN Heartbeats.
2023-05-23 10:24:49,252 [Listener at 127.0.0.1/15004] INFO  ozone.MiniOzoneClusterImpl (MiniOzoneClusterImpl.java:lambda$waitForClusterToBeReady$0(225)) - Cluster exits safe mode
2023-05-23 10:24:49,252 [Listener at 127.0.0.1/15004] INFO  ozone.MiniOzoneClusterImpl (MiniOzoneClusterImpl.java:lambda$waitForClusterToBeReady$0(227)) - SCM became leader
2023-05-23 10:24:49,769 [JvmPauseMonitor3] WARN  util.JvmPauseMonitor (JvmPauseMonitor.java:detectPause(124)) - JvmPauseMonitor-e2067284-0d49-4f78-bd84-4dfeb1c34035: Detected pause in JVM or host machine approximately 0.152s with 0.401s GC time.
GC pool 'PS MarkSweep' had collection(s): count=1 time=206ms
GC pool 'PS Scavenge' had collection(s): count=1 time=195ms
2023-05-23 10:24:49,771 [JvmPauseMonitor0] WARN  util.JvmPauseMonitor (JvmPauseMonitor.java:detectPause(124)) - JvmPauseMonitor-om1: Detected pause in JVM or host machine approximately 0.194s with 0.401s GC time.
GC pool 'PS MarkSweep' had collection(s): count=1 time=206ms
GC pool 'PS Scavenge' had collection(s): count=1 time=195ms
2023-05-23 10:24:49,773 [b2d3243d-5675-45e1-a91c-710d3aed9e7e@group-23872B0778C9-FollowerState] INFO  impl.FollowerState (FollowerState.java:run(143)) - b2d3243d-5675-45e1-a91c-710d3aed9e7e@group-23872B0778C9-FollowerState: change to CANDIDATE, lastRpcElapsedTime:5322735572ns, electionTimeout:5089ms
2023-05-23 10:24:49,773 [ReplicationMonitor] INFO  replication.ReplicationManager (ReplicationManager.java:processAll(375)) - Replication Manager is not ready to run until 3000ms after safemode exit
2023-05-23 10:24:49,773 [e2067284-0d49-4f78-bd84-4dfeb1c34035@group-23872B0778C9-FollowerState] INFO  impl.FollowerState (FollowerState.java:run(143)) - e2067284-0d49-4f78-bd84-4dfeb1c34035@group-23872B0778C9-FollowerState: change to CANDIDATE, lastRpcElapsedTime:5400710755ns, electionTimeout:5121ms
2023-05-23 10:24:49,773 [b2d3243d-5675-45e1-a91c-710d3aed9e7e@group-23872B0778C9-FollowerState] INFO  impl.RoleInfo (RoleInfo.java:shutdownFollowerState(110)) - b2d3243d-5675-45e1-a91c-710d3aed9e7e: shutdown b2d3243d-5675-45e1-a91c-710d3aed9e7e@group-23872B0778C9-FollowerState
2023-05-23 10:24:49,773 [b2d3243d-5675-45e1-a91c-710d3aed9e7e@group-23872B0778C9-FollowerState] INFO  server.RaftServer$Division (RaftServerImpl.java:setRole(329)) - b2d3243d-5675-45e1-a91c-710d3aed9e7e@group-23872B0778C9: changes role from  FOLLOWER to CANDIDATE at term 0 for changeToCandidate
2023-05-23 10:24:49,773 [e2067284-0d49-4f78-bd84-4dfeb1c34035@group-23872B0778C9-FollowerState] INFO  impl.RoleInfo (RoleInfo.java:shutdownFollowerState(110)) - e2067284-0d49-4f78-bd84-4dfeb1c34035: shutdown e2067284-0d49-4f78-bd84-4dfeb1c34035@group-23872B0778C9-FollowerState
2023-05-23 10:24:49,773 [e2067284-0d49-4f78-bd84-4dfeb1c34035@group-23872B0778C9-FollowerState] INFO  server.RaftServer$Division (RaftServerImpl.java:setRole(329)) - e2067284-0d49-4f78-bd84-4dfeb1c34035@group-23872B0778C9: changes role from  FOLLOWER to CANDIDATE at term 0 for changeToCandidate
2023-05-23 10:24:49,773 [JvmPauseMonitor4] WARN  util.JvmPauseMonitor (JvmPauseMonitor.java:detectPause(124)) - JvmPauseMonitor-6321734e-47b1-462e-9f32-22d48b3b1ad8: Detected pause in JVM or host machine approximately 0.294s with 0.401s GC time.
GC pool 'PS MarkSweep' had collection(s): count=1 time=206ms
GC pool 'PS Scavenge' had collection(s): count=1 time=195ms
2023-05-23 10:24:49,784 [e2067284-0d49-4f78-bd84-4dfeb1c34035@group-6FD0E88B63C5-FollowerState] INFO  impl.FollowerState (FollowerState.java:run(143)) - e2067284-0d49-4f78-bd84-4dfeb1c34035@group-6FD0E88B63C5-FollowerState: change to CANDIDATE, lastRpcElapsedTime:5187152311ns, electionTimeout:5161ms
2023-05-23 10:24:49,784 [e2067284-0d49-4f78-bd84-4dfeb1c34035@group-6FD0E88B63C5-FollowerState] INFO  impl.RoleInfo (RoleInfo.java:shutdownFollowerState(110)) - e2067284-0d49-4f78-bd84-4dfeb1c34035: shutdown e2067284-0d49-4f78-bd84-4dfeb1c34035@group-6FD0E88B63C5-FollowerState
2023-05-23 10:24:49,784 [e2067284-0d49-4f78-bd84-4dfeb1c34035@group-6FD0E88B63C5-FollowerState] INFO  server.RaftServer$Division (RaftServerImpl.java:setRole(329)) - e2067284-0d49-4f78-bd84-4dfeb1c34035@group-6FD0E88B63C5: changes role from  FOLLOWER to CANDIDATE at term 0 for changeToCandidate
2023-05-23 10:24:49,777 [6a8c5c8c-0ee8-4287-ac95-4d490c63ac6c@group-2C57FA8CB753-FollowerState] WARN  impl.FollowerState (FollowerState.java:run(130)) - Unexpected long sleep: sleep 5167ms but took extra 407589163ns (> threshold = 300ms)
2023-05-23 10:24:49,774 [e2067284-0d49-4f78-bd84-4dfeb1c34035@group-23872B0778C9-FollowerState] INFO  server.RaftServerConfigKeys (ConfUtils.java:logGet(46)) - raft.server.leaderelection.pre-vote = true (default)
2023-05-23 10:24:49,789 [e2067284-0d49-4f78-bd84-4dfeb1c34035@group-23872B0778C9-FollowerState] INFO  impl.RoleInfo (RoleInfo.java:updateAndGet(139)) - e2067284-0d49-4f78-bd84-4dfeb1c34035: start e2067284-0d49-4f78-bd84-4dfeb1c34035@group-23872B0778C9-LeaderElection5
2023-05-23 10:24:49,774 [b2d3243d-5675-45e1-a91c-710d3aed9e7e@group-23872B0778C9-FollowerState] INFO  server.RaftServerConfigKeys (ConfUtils.java:logGet(46)) - raft.server.leaderelection.pre-vote = true (default)
2023-05-23 10:24:49,790 [b2d3243d-5675-45e1-a91c-710d3aed9e7e@group-23872B0778C9-FollowerState] INFO  impl.RoleInfo (RoleInfo.java:updateAndGet(139)) - b2d3243d-5675-45e1-a91c-710d3aed9e7e: start b2d3243d-5675-45e1-a91c-710d3aed9e7e@group-23872B0778C9-LeaderElection4
2023-05-23 10:24:49,774 [6a8c5c8c-0ee8-4287-ac95-4d490c63ac6c@group-23872B0778C9-FollowerState] WARN  impl.FollowerState (FollowerState.java:run(130)) - Unexpected long sleep: sleep 5137ms but took extra 343321131ns (> threshold = 300ms)
2023-05-23 10:24:49,791 [6a8c5c8c-0ee8-4287-ac95-4d490c63ac6c@group-23872B0778C9-FollowerState] INFO  server.RaftServerConfigKeys (ConfUtils.java:logFallback(53)) - raft.server.rpc.first-election.timeout.min = 5s (fallback to raft.server.rpc.timeout.min)
2023-05-23 10:24:49,791 [6a8c5c8c-0ee8-4287-ac95-4d490c63ac6c@group-23872B0778C9-FollowerState] INFO  server.RaftServerConfigKeys (ConfUtils.java:logFallback(53)) - raft.server.rpc.first-election.timeout.max = 5200ms (fallback to raft.server.rpc.timeout.max)
2023-05-23 10:24:49,789 [6a8c5c8c-0ee8-4287-ac95-4d490c63ac6c@group-2C57FA8CB753-FollowerState] INFO  server.RaftServerConfigKeys (ConfUtils.java:logFallback(53)) - raft.server.rpc.first-election.timeout.min = 5s (fallback to raft.server.rpc.timeout.min)
2023-05-23 10:24:49,791 [6a8c5c8c-0ee8-4287-ac95-4d490c63ac6c@group-2C57FA8CB753-FollowerState] INFO  server.RaftServerConfigKeys (ConfUtils.java:logFallback(53)) - raft.server.rpc.first-election.timeout.max = 5200ms (fallback to raft.server.rpc.timeout.max)
2023-05-23 10:24:49,804 [e2067284-0d49-4f78-bd84-4dfeb1c34035@group-6FD0E88B63C5-FollowerState] INFO  server.RaftServerConfigKeys (ConfUtils.java:logGet(46)) - raft.server.leaderelection.pre-vote = true (default)
2023-05-23 10:24:49,804 [e2067284-0d49-4f78-bd84-4dfeb1c34035@group-6FD0E88B63C5-FollowerState] INFO  impl.RoleInfo (RoleInfo.java:updateAndGet(139)) - e2067284-0d49-4f78-bd84-4dfeb1c34035: start e2067284-0d49-4f78-bd84-4dfeb1c34035@group-6FD0E88B63C5-LeaderElection6
2023-05-23 10:24:49,814 [b2d3243d-5675-45e1-a91c-710d3aed9e7e@group-23872B0778C9-LeaderElection4] INFO  impl.LeaderElection (LeaderElection.java:askForVotes(321)) - b2d3243d-5675-45e1-a91c-710d3aed9e7e@group-23872B0778C9-LeaderElection4 PRE_VOTE round 0: submit vote requests at term 0 for -1: peers:[e2067284-0d49-4f78-bd84-4dfeb1c34035|rpc:10.1.0.38:15029|admin:10.1.0.38:15028|client:10.1.0.38:15027|dataStream:10.1.0.38:15030|priority:0|startupRole:FOLLOWER, 6a8c5c8c-0ee8-4287-ac95-4d490c63ac6c|rpc:10.1.0.38:15021|admin:10.1.0.38:15020|client:10.1.0.38:15019|dataStream:10.1.0.38:15022|priority:1|startupRole:FOLLOWER, b2d3243d-5675-45e1-a91c-710d3aed9e7e|rpc:10.1.0.38:15013|admin:10.1.0.38:15012|client:10.1.0.38:15011|dataStream:10.1.0.38:15014|priority:0|startupRole:FOLLOWER]|listeners:[], old=null
2023-05-23 10:24:49,834 [b2d3243d-5675-45e1-a91c-710d3aed9e7e@group-23872B0778C9-LeaderElection4] INFO  server.RaftServerConfigKeys (ConfUtils.java:logFallback(53)) - raft.server.rpc.first-election.timeout.min = 5s (fallback to raft.server.rpc.timeout.min)
2023-05-23 10:24:49,834 [e2067284-0d49-4f78-bd84-4dfeb1c34035@group-23872B0778C9-LeaderElection5] INFO  impl.LeaderElection (LeaderElection.java:askForVotes(321)) - e2067284-0d49-4f78-bd84-4dfeb1c34035@group-23872B0778C9-LeaderElection5 PRE_VOTE round 0: submit vote requests at term 0 for -1: peers:[e2067284-0d49-4f78-bd84-4dfeb1c34035|rpc:10.1.0.38:15029|admin:10.1.0.38:15028|client:10.1.0.38:15027|dataStream:10.1.0.38:15030|priority:0|startupRole:FOLLOWER, 6a8c5c8c-0ee8-4287-ac95-4d490c63ac6c|rpc:10.1.0.38:15021|admin:10.1.0.38:15020|client:10.1.0.38:15019|dataStream:10.1.0.38:15022|priority:1|startupRole:FOLLOWER, b2d3243d-5675-45e1-a91c-710d3aed9e7e|rpc:10.1.0.38:15013|admin:10.1.0.38:15012|client:10.1.0.38:15011|dataStream:10.1.0.38:15014|priority:0|startupRole:FOLLOWER]|listeners:[], old=null
2023-05-23 10:24:49,837 [grpc-default-executor-1] INFO  server.RaftServer$Division (RaftServerImpl.java:requestVote(1302)) - 6a8c5c8c-0ee8-4287-ac95-4d490c63ac6c@group-23872B0778C9: receive requestVote(PRE_VOTE, b2d3243d-5675-45e1-a91c-710d3aed9e7e, group-23872B0778C9, 0, (t:0, i:0))
2023-05-23 10:24:49,834 [grpc-default-executor-0] INFO  server.RaftServer$Division (RaftServerImpl.java:requestVote(1302)) - e2067284-0d49-4f78-bd84-4dfeb1c34035@group-23872B0778C9: receive requestVote(PRE_VOTE, b2d3243d-5675-45e1-a91c-710d3aed9e7e, group-23872B0778C9, 0, (t:0, i:0))
2023-05-23 10:24:49,849 [grpc-default-executor-0] INFO  impl.VoteContext (VoteContext.java:log(49)) - e2067284-0d49-4f78-bd84-4dfeb1c34035@group-23872B0778C9-CANDIDATE: accept PRE_VOTE from b2d3243d-5675-45e1-a91c-710d3aed9e7e: our priority 0 <= candidate's priority 0
2023-05-23 10:24:49,849 [grpc-default-executor-0] INFO  server.RaftServer$Division (RaftServerImpl.java:requestVote(1335)) - e2067284-0d49-4f78-bd84-4dfeb1c34035@group-23872B0778C9 replies to PRE_VOTE vote request: b2d3243d-5675-45e1-a91c-710d3aed9e7e<-e2067284-0d49-4f78-bd84-4dfeb1c34035#0:OK-t0. Peer's state: e2067284-0d49-4f78-bd84-4dfeb1c34035@group-23872B0778C9:t0, leader=null, voted=, raftlog=Memoized:e2067284-0d49-4f78-bd84-4dfeb1c34035@group-23872B0778C9-SegmentedRaftLog:OPENED:c-1, conf=-1: peers:[e2067284-0d49-4f78-bd84-4dfeb1c34035|rpc:10.1.0.38:15029|admin:10.1.0.38:15028|client:10.1.0.38:15027|dataStream:10.1.0.38:15030|priority:0|startupRole:FOLLOWER, 6a8c5c8c-0ee8-4287-ac95-4d490c63ac6c|rpc:10.1.0.38:15021|admin:10.1.0.38:15020|client:10.1.0.38:15019|dataStream:10.1.0.38:15022|priority:1|startupRole:FOLLOWER, b2d3243d-5675-45e1-a91c-710d3aed9e7e|rpc:10.1.0.38:15013|admin:10.1.0.38:15012|client:10.1.0.38:15011|dataStream:10.1.0.38:15014|priority:0|startupRole:FOLLOWER]|listeners:[], old=null
2023-05-23 10:24:49,834 [b2d3243d-5675-45e1-a91c-710d3aed9e7e@group-23872B0778C9-LeaderElection4] INFO  server.RaftServerConfigKeys (ConfUtils.java:logFallback(53)) - raft.server.rpc.first-election.timeout.max = 5200ms (fallback to raft.server.rpc.timeout.max)
2023-05-23 10:24:49,834 [e2067284-0d49-4f78-bd84-4dfeb1c34035@group-6FD0E88B63C5-LeaderElection6] INFO  impl.LeaderElection (LeaderElection.java:askForVotes(321)) - e2067284-0d49-4f78-bd84-4dfeb1c34035@group-6FD0E88B63C5-LeaderElection6 PRE_VOTE round 0: submit vote requests at term 0 for -1: peers:[e2067284-0d49-4f78-bd84-4dfeb1c34035|rpc:10.1.0.38:15029|admin:10.1.0.38:15028|client:10.1.0.38:15027|dataStream:10.1.0.38:15030|priority:1|startupRole:FOLLOWER]|listeners:[], old=null
2023-05-23 10:24:49,852 [e2067284-0d49-4f78-bd84-4dfeb1c34035@group-6FD0E88B63C5-LeaderElection6] INFO  impl.LeaderElection (LeaderElection.java:askForVotes(323)) - e2067284-0d49-4f78-bd84-4dfeb1c34035@group-6FD0E88B63C5-LeaderElection6 PRE_VOTE round 0: result PASSED (term=0)
2023-05-23 10:24:49,845 [e2067284-0d49-4f78-bd84-4dfeb1c34035@group-23872B0778C9-LeaderElection5-2] INFO  server.GrpcServerProtocolClient (GrpcServerProtocolClient.java:<init>(65)) - Build channel for b2d3243d-5675-45e1-a91c-710d3aed9e7e
2023-05-23 10:24:49,845 [e2067284-0d49-4f78-bd84-4dfeb1c34035@group-23872B0778C9-LeaderElection5] INFO  server.RaftServerConfigKeys (ConfUtils.java:logFallback(53)) - raft.server.rpc.first-election.timeout.min = 5s (fallback to raft.server.rpc.timeout.min)
2023-05-23 10:24:49,854 [e2067284-0d49-4f78-bd84-4dfeb1c34035@group-23872B0778C9-LeaderElection5] INFO  server.RaftServerConfigKeys (ConfUtils.java:logFallback(53)) - raft.server.rpc.first-election.timeout.max = 5200ms (fallback to raft.server.rpc.timeout.max)
2023-05-23 10:24:49,854 [e2067284-0d49-4f78-bd84-4dfeb1c34035@group-6FD0E88B63C5-LeaderElection6] INFO  impl.LeaderElection (LeaderElection.java:askForVotes(321)) - e2067284-0d49-4f78-bd84-4dfeb1c34035@group-6FD0E88B63C5-LeaderElection6 ELECTION round 0: submit vote requests at term 1 for -1: peers:[e2067284-0d49-4f78-bd84-4dfeb1c34035|rpc:10.1.0.38:15029|admin:10.1.0.38:15028|client:10.1.0.38:15027|dataStream:10.1.0.38:15030|priority:1|startupRole:FOLLOWER]|listeners:[], old=null
2023-05-23 10:24:49,854 [e2067284-0d49-4f78-bd84-4dfeb1c34035@group-6FD0E88B63C5-LeaderElection6] INFO  impl.LeaderElection (LeaderElection.java:askForVotes(323)) - e2067284-0d49-4f78-bd84-4dfeb1c34035@group-6FD0E88B63C5-LeaderElection6 ELECTION round 0: result PASSED (term=1)
2023-05-23 10:24:49,855 [e2067284-0d49-4f78-bd84-4dfeb1c34035@group-6FD0E88B63C5-LeaderElection6] INFO  impl.RoleInfo (RoleInfo.java:shutdownLeaderElection(130)) - e2067284-0d49-4f78-bd84-4dfeb1c34035: shutdown e2067284-0d49-4f78-bd84-4dfeb1c34035@group-6FD0E88B63C5-LeaderElection6
2023-05-23 10:24:49,855 [e2067284-0d49-4f78-bd84-4dfeb1c34035@group-6FD0E88B63C5-LeaderElection6] INFO  server.RaftServer$Division (RaftServerImpl.java:setRole(329)) - e2067284-0d49-4f78-bd84-4dfeb1c34035@group-6FD0E88B63C5: changes role from CANDIDATE to LEADER at term 1 for changeToLeader
2023-05-23 10:24:49,855 [e2067284-0d49-4f78-bd84-4dfeb1c34035@group-6FD0E88B63C5-LeaderElection6] INFO  ratis.XceiverServerRatis (XceiverServerRatis.java:handleLeaderChangedNotification(904)) - Leader change notification received for group: group-6FD0E88B63C5 with new leaderId: e2067284-0d49-4f78-bd84-4dfeb1c34035
2023-05-23 10:24:49,855 [e2067284-0d49-4f78-bd84-4dfeb1c34035@group-6FD0E88B63C5-LeaderElection6] INFO  server.RaftServer$Division (ServerState.java:setLeader(317)) - e2067284-0d49-4f78-bd84-4dfeb1c34035@group-6FD0E88B63C5: change Leader from null to e2067284-0d49-4f78-bd84-4dfeb1c34035 at term 1 for becomeLeader, leader elected after 5280ms
2023-05-23 10:24:49,855 [e2067284-0d49-4f78-bd84-4dfeb1c34035@group-6FD0E88B63C5-LeaderElection6] INFO  server.RaftServerConfigKeys (ConfUtils.java:logGet(46)) - raft.server.staging.catchup.gap = 1000 (default)
2023-05-23 10:24:49,855 [e2067284-0d49-4f78-bd84-4dfeb1c34035@group-6FD0E88B63C5-LeaderElection6] INFO  server.RaftServerConfigKeys (ConfUtils.java:logGet(46)) - raft.server.write.element-limit = 1024 (custom)
2023-05-23 10:24:49,855 [e2067284-0d49-4f78-bd84-4dfeb1c34035@group-6FD0E88B63C5-LeaderElection6] INFO  server.RaftServerConfigKeys (ConfUtils.java:logGet(46)) - raft.server.write.byte-limit = 1024 M (=1073741824) (custom)
2023-05-23 10:24:49,840 [e2067284-0d49-4f78-bd84-4dfeb1c34035@group-23872B0778C9-LeaderElection5-1] INFO  server.GrpcServerProtocolClient (GrpcServerProtocolClient.java:<init>(65)) - Build channel for 6a8c5c8c-0ee8-4287-ac95-4d490c63ac6c
2023-05-23 10:24:49,856 [e2067284-0d49-4f78-bd84-4dfeb1c34035@group-6FD0E88B63C5-LeaderElection6] INFO  server.RaftServerConfigKeys (ConfUtils.java:logGet(46)) - raft.server.watch.timeout = 180s (custom)
2023-05-23 10:24:49,856 [e2067284-0d49-4f78-bd84-4dfeb1c34035@group-6FD0E88B63C5-LeaderElection6] INFO  server.RaftServerConfigKeys (ConfUtils.java:logGet(46)) - raft.server.watch.timeout.denomination = 1s (default)
2023-05-23 10:24:49,856 [e2067284-0d49-4f78-bd84-4dfeb1c34035@group-6FD0E88B63C5-LeaderElection6] INFO  server.RaftServerConfigKeys (ConfUtils.java:logGet(46)) - raft.server.watch.element-limit = 65536 (default)
2023-05-23 10:24:49,856 [e2067284-0d49-4f78-bd84-4dfeb1c34035@group-6FD0E88B63C5-LeaderElection6] INFO  server.RaftServerConfigKeys (ConfUtils.java:logGet(46)) - raft.server.write.element-limit = 1024 (custom)
2023-05-23 10:24:49,856 [e2067284-0d49-4f78-bd84-4dfeb1c34035@group-6FD0E88B63C5-LeaderElection6] INFO  server.RaftServerConfigKeys (ConfUtils.java:logGet(46)) - raft.server.write.follower.gap.ratio.max = -1.0 (default)
2023-05-23 10:24:49,856 [e2067284-0d49-4f78-bd84-4dfeb1c34035@group-6FD0E88B63C5-LeaderElection6] INFO  impl.RoleInfo (RoleInfo.java:updateAndGet(139)) - e2067284-0d49-4f78-bd84-4dfeb1c34035: start e2067284-0d49-4f78-bd84-4dfeb1c34035@group-6FD0E88B63C5-LeaderStateImpl
2023-05-23 10:24:49,856 [e2067284-0d49-4f78-bd84-4dfeb1c34035@group-6FD0E88B63C5-LeaderElection6] INFO  segmented.SegmentedRaftLogWorker (SegmentedRaftLogWorker.java:startLogSegment(447)) - e2067284-0d49-4f78-bd84-4dfeb1c34035@group-6FD0E88B63C5-SegmentedRaftLogWorker: Starting segment from index:0
2023-05-23 10:24:49,837 [grpc-default-executor-1] INFO  impl.VoteContext (VoteContext.java:log(49)) - 6a8c5c8c-0ee8-4287-ac95-4d490c63ac6c@group-23872B0778C9-FOLLOWER: reject PRE_VOTE from b2d3243d-5675-45e1-a91c-710d3aed9e7e: our priority 1 > candidate's priority 0
2023-05-23 10:24:49,857 [grpc-default-executor-1] INFO  server.RaftServer$Division (RaftServerImpl.java:requestVote(1335)) - 6a8c5c8c-0ee8-4287-ac95-4d490c63ac6c@group-23872B0778C9 replies to PRE_VOTE vote request: b2d3243d-5675-45e1-a91c-710d3aed9e7e<-6a8c5c8c-0ee8-4287-ac95-4d490c63ac6c#0:FAIL-t0. Peer's state: 6a8c5c8c-0ee8-4287-ac95-4d490c63ac6c@group-23872B0778C9:t0, leader=null, voted=, raftlog=Memoized:6a8c5c8c-0ee8-4287-ac95-4d490c63ac6c@group-23872B0778C9-SegmentedRaftLog:OPENED:c-1, conf=-1: peers:[e2067284-0d49-4f78-bd84-4dfeb1c34035|rpc:10.1.0.38:15029|admin:10.1.0.38:15028|client:10.1.0.38:15027|dataStream:10.1.0.38:15030|priority:0|startupRole:FOLLOWER, 6a8c5c8c-0ee8-4287-ac95-4d490c63ac6c|rpc:10.1.0.38:15021|admin:10.1.0.38:15020|client:10.1.0.38:15019|dataStream:10.1.0.38:15022|priority:1|startupRole:FOLLOWER, b2d3243d-5675-45e1-a91c-710d3aed9e7e|rpc:10.1.0.38:15013|admin:10.1.0.38:15012|client:10.1.0.38:15011|dataStream:10.1.0.38:15014|priority:0|startupRole:FOLLOWER]|listeners:[], old=null
2023-05-23 10:24:49,858 [e2067284-0d49-4f78-bd84-4dfeb1c34035@group-6FD0E88B63C5-SegmentedRaftLogWorker] INFO  segmented.SegmentedRaftLogWorker (SegmentedRaftLogWorker.java:execute(651)) - e2067284-0d49-4f78-bd84-4dfeb1c34035@group-6FD0E88B63C5-SegmentedRaftLogWorker: created new log segment /home/runner/work/ozone/ozone/hadoop-ozone/integration-test/target/test-dir/MiniOzoneClusterImpl-95ea0607-12be-46e0-be72-f6ffafe0ad81/datanode-2/data/ratis/620304fc-5fcd-4b1e-bfde-6fd0e88b63c5/current/log_inprogress_0
2023-05-23 10:24:49,867 [b2d3243d-5675-45e1-a91c-710d3aed9e7e@group-23872B0778C9-LeaderElection4] INFO  impl.LeaderElection (LeaderElection.java:logAndReturn(90)) - b2d3243d-5675-45e1-a91c-710d3aed9e7e@group-23872B0778C9-LeaderElection4: PRE_VOTE REJECTED received 2 response(s) and 0 exception(s):
2023-05-23 10:24:49,869 [b2d3243d-5675-45e1-a91c-710d3aed9e7e@group-23872B0778C9-LeaderElection4] INFO  impl.LeaderElection (LeaderElection.java:logAndReturn(94)) -   Response 0: b2d3243d-5675-45e1-a91c-710d3aed9e7e<-e2067284-0d49-4f78-bd84-4dfeb1c34035#0:OK-t0
2023-05-23 10:24:49,869 [b2d3243d-5675-45e1-a91c-710d3aed9e7e@group-23872B0778C9-LeaderElection4] INFO  impl.LeaderElection (LeaderElection.java:logAndReturn(94)) -   Response 1: b2d3243d-5675-45e1-a91c-710d3aed9e7e<-6a8c5c8c-0ee8-4287-ac95-4d490c63ac6c#0:FAIL-t0
2023-05-23 10:24:49,869 [b2d3243d-5675-45e1-a91c-710d3aed9e7e@group-23872B0778C9-LeaderElection4] INFO  impl.LeaderElection (LeaderElection.java:askForVotes(323)) - b2d3243d-5675-45e1-a91c-710d3aed9e7e@group-23872B0778C9-LeaderElection4 PRE_VOTE round 0: result REJECTED
2023-05-23 10:24:49,869 [b2d3243d-5675-45e1-a91c-710d3aed9e7e@group-23872B0778C9-LeaderElection4] INFO  server.RaftServer$Division (RaftServerImpl.java:setRole(329)) - b2d3243d-5675-45e1-a91c-710d3aed9e7e@group-23872B0778C9: changes role from CANDIDATE to FOLLOWER at term 0 for REJECTED
2023-05-23 10:24:49,869 [b2d3243d-5675-45e1-a91c-710d3aed9e7e@group-23872B0778C9-LeaderElection4] INFO  impl.RoleInfo (RoleInfo.java:shutdownLeaderElection(130)) - b2d3243d-5675-45e1-a91c-710d3aed9e7e: shutdown b2d3243d-5675-45e1-a91c-710d3aed9e7e@group-23872B0778C9-LeaderElection4
2023-05-23 10:24:49,869 [b2d3243d-5675-45e1-a91c-710d3aed9e7e@group-23872B0778C9-LeaderElection4] INFO  impl.RoleInfo (RoleInfo.java:updateAndGet(139)) - b2d3243d-5675-45e1-a91c-710d3aed9e7e: start b2d3243d-5675-45e1-a91c-710d3aed9e7e@group-23872B0778C9-FollowerState
2023-05-23 10:24:49,868 [e2067284-0d49-4f78-bd84-4dfeb1c34035@group-6FD0E88B63C5-LeaderElection6] INFO  server.RaftServer$Division (ServerState.java:setRaftConf(434)) - e2067284-0d49-4f78-bd84-4dfeb1c34035@group-6FD0E88B63C5: set configuration 0: peers:[e2067284-0d49-4f78-bd84-4dfeb1c34035|rpc:10.1.0.38:15029|admin:10.1.0.38:15028|client:10.1.0.38:15027|dataStream:10.1.0.38:15030|priority:1|startupRole:FOLLOWER]|listeners:[], old=null
2023-05-23 10:24:49,886 [grpc-default-executor-1] INFO  server.RaftServer$Division (RaftServerImpl.java:requestVote(1302)) - 6a8c5c8c-0ee8-4287-ac95-4d490c63ac6c@group-23872B0778C9: receive requestVote(PRE_VOTE, e2067284-0d49-4f78-bd84-4dfeb1c34035, group-23872B0778C9, 0, (t:0, i:0))
2023-05-23 10:24:49,886 [grpc-default-executor-1] INFO  impl.VoteContext (VoteContext.java:log(49)) - 6a8c5c8c-0ee8-4287-ac95-4d490c63ac6c@group-23872B0778C9-FOLLOWER: reject PRE_VOTE from e2067284-0d49-4f78-bd84-4dfeb1c34035: our priority 1 > candidate's priority 0
2023-05-23 10:24:49,886 [grpc-default-executor-1] INFO  server.RaftServer$Division (RaftServerImpl.java:requestVote(1335)) - 6a8c5c8c-0ee8-4287-ac95-4d490c63ac6c@group-23872B0778C9 replies to PRE_VOTE vote request: e2067284-0d49-4f78-bd84-4dfeb1c34035<-6a8c5c8c-0ee8-4287-ac95-4d490c63ac6c#0:FAIL-t0. Peer's state: 6a8c5c8c-0ee8-4287-ac95-4d490c63ac6c@group-23872B0778C9:t0, leader=null, voted=, raftlog=Memoized:6a8c5c8c-0ee8-4287-ac95-4d490c63ac6c@group-23872B0778C9-SegmentedRaftLog:OPENED:c-1, conf=-1: peers:[e2067284-0d49-4f78-bd84-4dfeb1c34035|rpc:10.1.0.38:15029|admin:10.1.0.38:15028|client:10.1.0.38:15027|dataStream:10.1.0.38:15030|priority:0|startupRole:FOLLOWER, 6a8c5c8c-0ee8-4287-ac95-4d490c63ac6c|rpc:10.1.0.38:15021|admin:10.1.0.38:15020|client:10.1.0.38:15019|dataStream:10.1.0.38:15022|priority:1|startupRole:FOLLOWER, b2d3243d-5675-45e1-a91c-710d3aed9e7e|rpc:10.1.0.38:15013|admin:10.1.0.38:15012|client:10.1.0.38:15011|dataStream:10.1.0.38:15014|priority:0|startupRole:FOLLOWER]|listeners:[], old=null
2023-05-23 10:24:49,891 [grpc-default-executor-1] INFO  server.RaftServer$Division (RaftServerImpl.java:requestVote(1302)) - b2d3243d-5675-45e1-a91c-710d3aed9e7e@group-23872B0778C9: receive requestVote(PRE_VOTE, e2067284-0d49-4f78-bd84-4dfeb1c34035, group-23872B0778C9, 0, (t:0, i:0))
2023-05-23 10:24:49,891 [grpc-default-executor-1] INFO  impl.VoteContext (VoteContext.java:log(49)) - b2d3243d-5675-45e1-a91c-710d3aed9e7e@group-23872B0778C9-FOLLOWER: accept PRE_VOTE from e2067284-0d49-4f78-bd84-4dfeb1c34035: our priority 0 <= candidate's priority 0
2023-05-23 10:24:49,892 [grpc-default-executor-1] INFO  server.RaftServer$Division (RaftServerImpl.java:requestVote(1335)) - b2d3243d-5675-45e1-a91c-710d3aed9e7e@group-23872B0778C9 replies to PRE_VOTE vote request: e2067284-0d49-4f78-bd84-4dfeb1c34035<-b2d3243d-5675-45e1-a91c-710d3aed9e7e#0:OK-t0. Peer's state: b2d3243d-5675-45e1-a91c-710d3aed9e7e@group-23872B0778C9:t0, leader=null, voted=, raftlog=Memoized:b2d3243d-5675-45e1-a91c-710d3aed9e7e@group-23872B0778C9-SegmentedRaftLog:OPENED:c-1, conf=-1: peers:[e2067284-0d49-4f78-bd84-4dfeb1c34035|rpc:10.1.0.38:15029|admin:10.1.0.38:15028|client:10.1.0.38:15027|dataStream:10.1.0.38:15030|priority:0|startupRole:FOLLOWER, 6a8c5c8c-0ee8-4287-ac95-4d490c63ac6c|rpc:10.1.0.38:15021|admin:10.1.0.38:15020|client:10.1.0.38:15019|dataStream:10.1.0.38:15022|priority:1|startupRole:FOLLOWER, b2d3243d-5675-45e1-a91c-710d3aed9e7e|rpc:10.1.0.38:15013|admin:10.1.0.38:15012|client:10.1.0.38:15011|dataStream:10.1.0.38:15014|priority:0|startupRole:FOLLOWER]|listeners:[], old=null
2023-05-23 10:24:49,901 [e2067284-0d49-4f78-bd84-4dfeb1c34035@group-23872B0778C9-LeaderElection5] INFO  impl.LeaderElection (LeaderElection.java:logAndReturn(90)) - e2067284-0d49-4f78-bd84-4dfeb1c34035@group-23872B0778C9-LeaderElection5: PRE_VOTE REJECTED received 2 response(s) and 0 exception(s):
2023-05-23 10:24:49,904 [e2067284-0d49-4f78-bd84-4dfeb1c34035@group-23872B0778C9-LeaderElection5] INFO  impl.LeaderElection (LeaderElection.java:logAndReturn(94)) -   Response 0: e2067284-0d49-4f78-bd84-4dfeb1c34035<-6a8c5c8c-0ee8-4287-ac95-4d490c63ac6c#0:FAIL-t0
2023-05-23 10:24:49,904 [e2067284-0d49-4f78-bd84-4dfeb1c34035@group-23872B0778C9-LeaderElection5] INFO  impl.LeaderElection (LeaderElection.java:logAndReturn(94)) -   Response 1: e2067284-0d49-4f78-bd84-4dfeb1c34035<-b2d3243d-5675-45e1-a91c-710d3aed9e7e#0:OK-t0
2023-05-23 10:24:49,904 [e2067284-0d49-4f78-bd84-4dfeb1c34035@group-23872B0778C9-LeaderElection5] INFO  impl.LeaderElection (LeaderElection.java:askForVotes(323)) - e2067284-0d49-4f78-bd84-4dfeb1c34035@group-23872B0778C9-LeaderElection5 PRE_VOTE round 0: result REJECTED
2023-05-23 10:24:49,904 [e2067284-0d49-4f78-bd84-4dfeb1c34035@group-23872B0778C9-LeaderElection5] INFO  server.RaftServer$Division (RaftServerImpl.java:setRole(329)) - e2067284-0d49-4f78-bd84-4dfeb1c34035@group-23872B0778C9: changes role from CANDIDATE to FOLLOWER at term 0 for REJECTED
2023-05-23 10:24:49,904 [e2067284-0d49-4f78-bd84-4dfeb1c34035@group-23872B0778C9-LeaderElection5] INFO  impl.RoleInfo (RoleInfo.java:shutdownLeaderElection(130)) - e2067284-0d49-4f78-bd84-4dfeb1c34035: shutdown e2067284-0d49-4f78-bd84-4dfeb1c34035@group-23872B0778C9-LeaderElection5
2023-05-23 10:24:49,904 [e2067284-0d49-4f78-bd84-4dfeb1c34035@group-23872B0778C9-LeaderElection5] INFO  impl.RoleInfo (RoleInfo.java:updateAndGet(139)) - e2067284-0d49-4f78-bd84-4dfeb1c34035: start e2067284-0d49-4f78-bd84-4dfeb1c34035@group-23872B0778C9-FollowerState
2023-05-23 10:24:49,994 [6321734e-47b1-462e-9f32-22d48b3b1ad8@group-F47663F14343-FollowerState] INFO  impl.FollowerState (FollowerState.java:run(143)) - 6321734e-47b1-462e-9f32-22d48b3b1ad8@group-F47663F14343-FollowerState: change to CANDIDATE, lastRpcElapsedTime:5053062528ns, electionTimeout:5048ms
2023-05-23 10:24:49,996 [6321734e-47b1-462e-9f32-22d48b3b1ad8@group-F47663F14343-FollowerState] INFO  impl.RoleInfo (RoleInfo.java:shutdownFollowerState(110)) - 6321734e-47b1-462e-9f32-22d48b3b1ad8: shutdown 6321734e-47b1-462e-9f32-22d48b3b1ad8@group-F47663F14343-FollowerState
2023-05-23 10:24:49,996 [6321734e-47b1-462e-9f32-22d48b3b1ad8@group-F47663F14343-FollowerState] INFO  server.RaftServer$Division (RaftServerImpl.java:setRole(329)) - 6321734e-47b1-462e-9f32-22d48b3b1ad8@group-F47663F14343: changes role from  FOLLOWER to CANDIDATE at term 0 for changeToCandidate
2023-05-23 10:24:49,997 [6321734e-47b1-462e-9f32-22d48b3b1ad8@group-F47663F14343-FollowerState] INFO  server.RaftServerConfigKeys (ConfUtils.java:logGet(46)) - raft.server.leaderelection.pre-vote = true (default)
2023-05-23 10:24:49,997 [6321734e-47b1-462e-9f32-22d48b3b1ad8@group-F47663F14343-FollowerState] INFO  impl.RoleInfo (RoleInfo.java:updateAndGet(139)) - 6321734e-47b1-462e-9f32-22d48b3b1ad8: start 6321734e-47b1-462e-9f32-22d48b3b1ad8@group-F47663F14343-LeaderElection7
2023-05-23 10:24:50,014 [6321734e-47b1-462e-9f32-22d48b3b1ad8@group-F47663F14343-LeaderElection7] INFO  impl.LeaderElection (LeaderElection.java:askForVotes(321)) - 6321734e-47b1-462e-9f32-22d48b3b1ad8@group-F47663F14343-LeaderElection7 PRE_VOTE round 0: submit vote requests at term 0 for -1: peers:[6321734e-47b1-462e-9f32-22d48b3b1ad8|rpc:10.1.0.38:15037|admin:10.1.0.38:15036|client:10.1.0.38:15035|dataStream:10.1.0.38:15038|priority:1|startupRole:FOLLOWER]|listeners:[], old=null
2023-05-23 10:24:50,015 [6321734e-47b1-462e-9f32-22d48b3b1ad8@group-F47663F14343-LeaderElection7] INFO  impl.LeaderElection (LeaderElection.java:askForVotes(323)) - 6321734e-47b1-462e-9f32-22d48b3b1ad8@group-F47663F14343-LeaderElection7 PRE_VOTE round 0: result PASSED (term=0)
2023-05-23 10:24:50,018 [6321734e-47b1-462e-9f32-22d48b3b1ad8@group-F47663F14343-LeaderElection7] INFO  impl.LeaderElection (LeaderElection.java:askForVotes(321)) - 6321734e-47b1-462e-9f32-22d48b3b1ad8@group-F47663F14343-LeaderElection7 ELECTION round 0: submit vote requests at term 1 for -1: peers:[6321734e-47b1-462e-9f32-22d48b3b1ad8|rpc:10.1.0.38:15037|admin:10.1.0.38:15036|client:10.1.0.38:15035|dataStream:10.1.0.38:15038|priority:1|startupRole:FOLLOWER]|listeners:[], old=null
2023-05-23 10:24:50,018 [6321734e-47b1-462e-9f32-22d48b3b1ad8@group-F47663F14343-LeaderElection7] INFO  impl.LeaderElection (LeaderElection.java:askForVotes(323)) - 6321734e-47b1-462e-9f32-22d48b3b1ad8@group-F47663F14343-LeaderElection7 ELECTION round 0: result PASSED (term=1)
2023-05-23 10:24:50,018 [6321734e-47b1-462e-9f32-22d48b3b1ad8@group-F47663F14343-LeaderElection7] INFO  impl.RoleInfo (RoleInfo.java:shutdownLeaderElection(130)) - 6321734e-47b1-462e-9f32-22d48b3b1ad8: shutdown 6321734e-47b1-462e-9f32-22d48b3b1ad8@group-F47663F14343-LeaderElection7
2023-05-23 10:24:50,018 [6321734e-47b1-462e-9f32-22d48b3b1ad8@group-F47663F14343-LeaderElection7] INFO  server.RaftServer$Division (RaftServerImpl.java:setRole(329)) - 6321734e-47b1-462e-9f32-22d48b3b1ad8@group-F47663F14343: changes role from CANDIDATE to LEADER at term 1 for changeToLeader
2023-05-23 10:24:50,019 [6321734e-47b1-462e-9f32-22d48b3b1ad8@group-F47663F14343-LeaderElection7] INFO  ratis.XceiverServerRatis (XceiverServerRatis.java:handleLeaderChangedNotification(904)) - Leader change notification received for group: group-F47663F14343 with new leaderId: 6321734e-47b1-462e-9f32-22d48b3b1ad8
2023-05-23 10:24:50,019 [6321734e-47b1-462e-9f32-22d48b3b1ad8@group-F47663F14343-LeaderElection7] INFO  server.RaftServer$Division (ServerState.java:setLeader(317)) - 6321734e-47b1-462e-9f32-22d48b3b1ad8@group-F47663F14343: change Leader from null to 6321734e-47b1-462e-9f32-22d48b3b1ad8 at term 1 for becomeLeader, leader elected after 5106ms
2023-05-23 10:24:50,019 [6321734e-47b1-462e-9f32-22d48b3b1ad8@group-F47663F14343-LeaderElection7] INFO  server.RaftServerConfigKeys (ConfUtils.java:logGet(46)) - raft.server.staging.catchup.gap = 1000 (default)
2023-05-23 10:24:50,021 [6321734e-47b1-462e-9f32-22d48b3b1ad8@group-F47663F14343-LeaderElection7] INFO  server.RaftServerConfigKeys (ConfUtils.java:logGet(46)) - raft.server.write.element-limit = 1024 (custom)
2023-05-23 10:24:50,021 [6321734e-47b1-462e-9f32-22d48b3b1ad8@group-F47663F14343-LeaderElection7] INFO  server.RaftServerConfigKeys (ConfUtils.java:logGet(46)) - raft.server.write.byte-limit = 1024 M (=1073741824) (custom)
2023-05-23 10:24:50,022 [6321734e-47b1-462e-9f32-22d48b3b1ad8@group-F47663F14343-LeaderElection7] INFO  server.RaftServerConfigKeys (ConfUtils.java:logGet(46)) - raft.server.watch.timeout = 180s (custom)
2023-05-23 10:24:50,022 [6321734e-47b1-462e-9f32-22d48b3b1ad8@group-F47663F14343-LeaderElection7] INFO  server.RaftServerConfigKeys (ConfUtils.java:logGet(46)) - raft.server.watch.timeout.denomination = 1s (default)
2023-05-23 10:24:50,022 [6321734e-47b1-462e-9f32-22d48b3b1ad8@group-F47663F14343-LeaderElection7] INFO  server.RaftServerConfigKeys (ConfUtils.java:logGet(46)) - raft.server.watch.element-limit = 65536 (default)
2023-05-23 10:24:50,022 [6321734e-47b1-462e-9f32-22d48b3b1ad8@group-F47663F14343-LeaderElection7] INFO  server.RaftServerConfigKeys (ConfUtils.java:logGet(46)) - raft.server.write.element-limit = 1024 (custom)
2023-05-23 10:24:50,022 [6321734e-47b1-462e-9f32-22d48b3b1ad8@group-F47663F14343-LeaderElection7] INFO  server.RaftServerConfigKeys (ConfUtils.java:logGet(46)) - raft.server.write.follower.gap.ratio.max = -1.0 (default)
2023-05-23 10:24:50,022 [6321734e-47b1-462e-9f32-22d48b3b1ad8@group-F47663F14343-LeaderElection7] INFO  impl.RoleInfo (RoleInfo.java:updateAndGet(139)) - 6321734e-47b1-462e-9f32-22d48b3b1ad8: start 6321734e-47b1-462e-9f32-22d48b3b1ad8@group-F47663F14343-LeaderStateImpl
2023-05-23 10:24:50,022 [6321734e-47b1-462e-9f32-22d48b3b1ad8@group-F47663F14343-LeaderElection7] INFO  segmented.SegmentedRaftLogWorker (SegmentedRaftLogWorker.java:startLogSegment(447)) - 6321734e-47b1-462e-9f32-22d48b3b1ad8@group-F47663F14343-SegmentedRaftLogWorker: Starting segment from index:0
2023-05-23 10:24:50,025 [6321734e-47b1-462e-9f32-22d48b3b1ad8@group-F47663F14343-SegmentedRaftLogWorker] INFO  segmented.SegmentedRaftLogWorker (SegmentedRaftLogWorker.java:execute(651)) - 6321734e-47b1-462e-9f32-22d48b3b1ad8@group-F47663F14343-SegmentedRaftLogWorker: created new log segment /home/runner/work/ozone/ozone/hadoop-ozone/integration-test/target/test-dir/MiniOzoneClusterImpl-95ea0607-12be-46e0-be72-f6ffafe0ad81/datanode-3/data/ratis/d63b8d1b-8569-49cc-9f2d-f47663f14343/current/log_inprogress_0
2023-05-23 10:24:50,041 [6321734e-47b1-462e-9f32-22d48b3b1ad8@group-F47663F14343-LeaderElection7] INFO  server.RaftServer$Division (ServerState.java:setRaftConf(434)) - 6321734e-47b1-462e-9f32-22d48b3b1ad8@group-F47663F14343: set configuration 0: peers:[6321734e-47b1-462e-9f32-22d48b3b1ad8|rpc:10.1.0.38:15037|admin:10.1.0.38:15036|client:10.1.0.38:15035|dataStream:10.1.0.38:15038|priority:1|startupRole:FOLLOWER]|listeners:[], old=null
2023-05-23 10:24:50,300 [Listener at 127.0.0.1/15004] INFO  rpc.RpcClient (RpcClient.java:createVolume(455)) - Creating Volume: vol1, with runner as owner and space quota set to -1 bytes, counts quota set to -1
2023-05-23 10:24:50,351 [OM StateMachine ApplyTransaction Thread - 0] INFO  volume.OMVolumeCreateRequest (OMVolumeCreateRequest.java:validateAndUpdateCache(196)) - created volume:vol1 for user:runner
2023-05-23 10:24:50,382 [Listener at 127.0.0.1/15004] INFO  rpc.RpcClient (RpcClient.java:createBucket(677)) - Creating Bucket: vol1/bucket1, with server-side default bucket layout, runner as owner, Versioning false, Storage Type set to DISK and Encryption set to false, Replication Type set to server-side default replication type, Namespace Quota set to -1, Space Quota set to -1 
2023-05-23 10:24:50,399 [OM StateMachine ApplyTransaction Thread - 0] INFO  bucket.OMBucketCreateRequest (OMBucketCreateRequest.java:validateAndUpdateCache(270)) - created bucket: bucket1 of layout FILE_SYSTEM_OPTIMIZED in volume: vol1
2023-05-23 10:24:50,421 [7e4b7257-5563-4054-b0a0-e23b6b773055@group-BC7249027C7D-FollowerState] INFO  impl.FollowerState (FollowerState.java:run(143)) - 7e4b7257-5563-4054-b0a0-e23b6b773055@group-BC7249027C7D-FollowerState: change to CANDIDATE, lastRpcElapsedTime:5142508727ns, electionTimeout:5134ms
2023-05-23 10:24:50,421 [7e4b7257-5563-4054-b0a0-e23b6b773055@group-BC7249027C7D-FollowerState] INFO  impl.RoleInfo (RoleInfo.java:shutdownFollowerState(110)) - 7e4b7257-5563-4054-b0a0-e23b6b773055: shutdown 7e4b7257-5563-4054-b0a0-e23b6b773055@group-BC7249027C7D-FollowerState
2023-05-23 10:24:50,421 [7e4b7257-5563-4054-b0a0-e23b6b773055@group-BC7249027C7D-FollowerState] INFO  server.RaftServer$Division (RaftServerImpl.java:setRole(329)) - 7e4b7257-5563-4054-b0a0-e23b6b773055@group-BC7249027C7D: changes role from  FOLLOWER to CANDIDATE at term 0 for changeToCandidate
2023-05-23 10:24:50,422 [7e4b7257-5563-4054-b0a0-e23b6b773055@group-BC7249027C7D-FollowerState] INFO  server.RaftServerConfigKeys (ConfUtils.java:logGet(46)) - raft.server.leaderelection.pre-vote = true (default)
2023-05-23 10:24:50,422 [7e4b7257-5563-4054-b0a0-e23b6b773055@group-BC7249027C7D-FollowerState] INFO  impl.RoleInfo (RoleInfo.java:updateAndGet(139)) - 7e4b7257-5563-4054-b0a0-e23b6b773055: start 7e4b7257-5563-4054-b0a0-e23b6b773055@group-BC7249027C7D-LeaderElection8
2023-05-23 10:24:50,433 [7e4b7257-5563-4054-b0a0-e23b6b773055@group-BC7249027C7D-LeaderElection8] INFO  impl.LeaderElection (LeaderElection.java:askForVotes(321)) - 7e4b7257-5563-4054-b0a0-e23b6b773055@group-BC7249027C7D-LeaderElection8 PRE_VOTE round 0: submit vote requests at term 0 for -1: peers:[7e4b7257-5563-4054-b0a0-e23b6b773055|rpc:10.1.0.38:15045|admin:10.1.0.38:15044|client:10.1.0.38:15043|dataStream:10.1.0.38:15046|priority:1|startupRole:FOLLOWER]|listeners:[], old=null
2023-05-23 10:24:50,434 [7e4b7257-5563-4054-b0a0-e23b6b773055@group-BC7249027C7D-LeaderElection8] INFO  impl.LeaderElection (LeaderElection.java:askForVotes(323)) - 7e4b7257-5563-4054-b0a0-e23b6b773055@group-BC7249027C7D-LeaderElection8 PRE_VOTE round 0: result PASSED (term=0)
2023-05-23 10:24:50,436 [7e4b7257-5563-4054-b0a0-e23b6b773055@group-BC7249027C7D-LeaderElection8] INFO  impl.LeaderElection (LeaderElection.java:askForVotes(321)) - 7e4b7257-5563-4054-b0a0-e23b6b773055@group-BC7249027C7D-LeaderElection8 ELECTION round 0: submit vote requests at term 1 for -1: peers:[7e4b7257-5563-4054-b0a0-e23b6b773055|rpc:10.1.0.38:15045|admin:10.1.0.38:15044|client:10.1.0.38:15043|dataStream:10.1.0.38:15046|priority:1|startupRole:FOLLOWER]|listeners:[], old=null
2023-05-23 10:24:50,436 [7e4b7257-5563-4054-b0a0-e23b6b773055@group-BC7249027C7D-LeaderElection8] INFO  impl.LeaderElection (LeaderElection.java:askForVotes(323)) - 7e4b7257-5563-4054-b0a0-e23b6b773055@group-BC7249027C7D-LeaderElection8 ELECTION round 0: result PASSED (term=1)
2023-05-23 10:24:50,436 [7e4b7257-5563-4054-b0a0-e23b6b773055@group-BC7249027C7D-LeaderElection8] INFO  impl.RoleInfo (RoleInfo.java:shutdownLeaderElection(130)) - 7e4b7257-5563-4054-b0a0-e23b6b773055: shutdown 7e4b7257-5563-4054-b0a0-e23b6b773055@group-BC7249027C7D-LeaderElection8
2023-05-23 10:24:50,436 [7e4b7257-5563-4054-b0a0-e23b6b773055@group-BC7249027C7D-LeaderElection8] INFO  server.RaftServer$Division (RaftServerImpl.java:setRole(329)) - 7e4b7257-5563-4054-b0a0-e23b6b773055@group-BC7249027C7D: changes role from CANDIDATE to LEADER at term 1 for changeToLeader
2023-05-23 10:24:50,436 [7e4b7257-5563-4054-b0a0-e23b6b773055@group-BC7249027C7D-LeaderElection8] INFO  ratis.XceiverServerRatis (XceiverServerRatis.java:handleLeaderChangedNotification(904)) - Leader change notification received for group: group-BC7249027C7D with new leaderId: 7e4b7257-5563-4054-b0a0-e23b6b773055
2023-05-23 10:24:50,436 [7e4b7257-5563-4054-b0a0-e23b6b773055@group-BC7249027C7D-LeaderElection8] INFO  server.RaftServer$Division (ServerState.java:setLeader(317)) - 7e4b7257-5563-4054-b0a0-e23b6b773055@group-BC7249027C7D: change Leader from null to 7e4b7257-5563-4054-b0a0-e23b6b773055 at term 1 for becomeLeader, leader elected after 5179ms
2023-05-23 10:24:50,436 [7e4b7257-5563-4054-b0a0-e23b6b773055@group-BC7249027C7D-LeaderElection8] INFO  server.RaftServerConfigKeys (ConfUtils.java:logGet(46)) - raft.server.staging.catchup.gap = 1000 (default)
2023-05-23 10:24:50,439 [7e4b7257-5563-4054-b0a0-e23b6b773055@group-BC7249027C7D-LeaderElection8] INFO  server.RaftServerConfigKeys (ConfUtils.java:logGet(46)) - raft.server.write.element-limit = 1024 (custom)
2023-05-23 10:24:50,439 [7e4b7257-5563-4054-b0a0-e23b6b773055@group-BC7249027C7D-LeaderElection8] INFO  server.RaftServerConfigKeys (ConfUtils.java:logGet(46)) - raft.server.write.byte-limit = 1024 M (=1073741824) (custom)
2023-05-23 10:24:50,439 [7e4b7257-5563-4054-b0a0-e23b6b773055@group-BC7249027C7D-LeaderElection8] INFO  server.RaftServerConfigKeys (ConfUtils.java:logGet(46)) - raft.server.watch.timeout = 180s (custom)
2023-05-23 10:24:50,440 [7e4b7257-5563-4054-b0a0-e23b6b773055@group-BC7249027C7D-LeaderElection8] INFO  server.RaftServerConfigKeys (ConfUtils.java:logGet(46)) - raft.server.watch.timeout.denomination = 1s (default)
2023-05-23 10:24:50,440 [7e4b7257-5563-4054-b0a0-e23b6b773055@group-BC7249027C7D-LeaderElection8] INFO  server.RaftServerConfigKeys (ConfUtils.java:logGet(46)) - raft.server.watch.element-limit = 65536 (default)
2023-05-23 10:24:50,440 [7e4b7257-5563-4054-b0a0-e23b6b773055@group-BC7249027C7D-LeaderElection8] INFO  server.RaftServerConfigKeys (ConfUtils.java:logGet(46)) - raft.server.write.element-limit = 1024 (custom)
2023-05-23 10:24:50,440 [7e4b7257-5563-4054-b0a0-e23b6b773055@group-BC7249027C7D-LeaderElection8] INFO  server.RaftServerConfigKeys (ConfUtils.java:logGet(46)) - raft.server.write.follower.gap.ratio.max = -1.0 (default)
2023-05-23 10:24:50,440 [7e4b7257-5563-4054-b0a0-e23b6b773055@group-BC7249027C7D-LeaderElection8] INFO  impl.RoleInfo (RoleInfo.java:updateAndGet(139)) - 7e4b7257-5563-4054-b0a0-e23b6b773055: start 7e4b7257-5563-4054-b0a0-e23b6b773055@group-BC7249027C7D-LeaderStateImpl
2023-05-23 10:24:50,440 [7e4b7257-5563-4054-b0a0-e23b6b773055@group-BC7249027C7D-LeaderElection8] INFO  segmented.SegmentedRaftLogWorker (SegmentedRaftLogWorker.java:startLogSegment(447)) - 7e4b7257-5563-4054-b0a0-e23b6b773055@group-BC7249027C7D-SegmentedRaftLogWorker: Starting segment from index:0
2023-05-23 10:24:50,442 [7e4b7257-5563-4054-b0a0-e23b6b773055@group-BC7249027C7D-SegmentedRaftLogWorker] INFO  segmented.SegmentedRaftLogWorker (SegmentedRaftLogWorker.java:execute(651)) - 7e4b7257-5563-4054-b0a0-e23b6b773055@group-BC7249027C7D-SegmentedRaftLogWorker: created new log segment /home/runner/work/ozone/ozone/hadoop-ozone/integration-test/target/test-dir/MiniOzoneClusterImpl-95ea0607-12be-46e0-be72-f6ffafe0ad81/datanode-4/data/ratis/64f6ca94-6641-4c50-bfa2-bc7249027c7d/current/log_inprogress_0
2023-05-23 10:24:50,445 [7e4b7257-5563-4054-b0a0-e23b6b773055@group-BC7249027C7D-LeaderElection8] INFO  server.RaftServer$Division (ServerState.java:setRaftConf(434)) - 7e4b7257-5563-4054-b0a0-e23b6b773055@group-BC7249027C7D: set configuration 0: peers:[7e4b7257-5563-4054-b0a0-e23b6b773055|rpc:10.1.0.38:15045|admin:10.1.0.38:15044|client:10.1.0.38:15043|dataStream:10.1.0.38:15046|priority:1|startupRole:FOLLOWER]|listeners:[], old=null
2023-05-23 10:24:50,479 [IPC Server handler 19 on default port 15001] INFO  ha.SequenceIdGenerator (SequenceIdGenerator.java:getNextId(128)) - Allocate a batch for containerId, change lastId from 0 to 1000.
2023-05-23 10:24:50,491 [IPC Server handler 19 on default port 15001] WARN  ha.SequenceIdGenerator (SequenceIdGenerator.java:allocateBatch(237)) - Failed to allocate a batch for localId, expected lastId is 0, actual lastId is 111677748019200000.
2023-05-23 10:24:50,491 [IPC Server handler 19 on default port 15001] INFO  ha.SequenceIdGenerator (SequenceIdGenerator.java:getNextId(128)) - Allocate a batch for localId, change lastId from 111677748019200000 to 111677748019201000.
2023-05-23 10:24:50,587 [Listener at 127.0.0.1/15004] INFO  impl.MetricsSystemImpl (MetricsSystemImpl.java:init(158)) - XceiverClientMetrics metrics system started (again)
2023-05-23 10:24:50,588 [Listener at 127.0.0.1/15004] INFO  lib.Interns (Interns.java:removeEldestEntry(50)) - Metrics intern cache overflow at 2011 for MetricsSystem={MetricsSystem=MetricsInfoImpl{name=MetricsSystem, description=MetricsSystem}, MetricsSystem record=MetricsInfoImpl{name=MetricsSystem, description=MetricsSystem record}}
2023-05-23 10:24:50,773 [ReplicationMonitor] INFO  replication.ReplicationManager (ReplicationManager.java:processAll(375)) - Replication Manager is not ready to run until 3000ms after safemode exit
2023-05-23 10:24:51,175 [EventQueue-CloseContainerForCloseContainerEventHandler] INFO  container.CloseContainerEventHandler (CloseContainerEventHandler.java:onMessage(89)) - Close container Event triggered for container : #1, current state: OPEN
2023-05-23 10:24:51,181 [EventQueue-CloseContainerForCloseContainerEventHandler] INFO  container.CloseContainerEventHandler (CloseContainerEventHandler.java:onMessage(89)) - Close container Event triggered for container : #1, current state: CLOSING
2023-05-23 10:24:51,181 [EventQueue-CloseContainerForCloseContainerEventHandler] INFO  container.CloseContainerEventHandler (CloseContainerEventHandler.java:onMessage(89)) - Close container Event triggered for container : #1, current state: CLOSING
2023-05-23 10:24:51,773 [ReplicationMonitor] INFO  replication.ReplicationManager (ReplicationManager.java:processAll(375)) - Replication Manager is not ready to run until 3000ms after safemode exit
2023-05-23 10:24:52,776 [ReplicationMonitor] INFO  replication.ReplicationManager (ReplicationManager.java:sendDatanodeCommand(684)) - Sending command [closeContainerCommand: containerID: 1, pipelineID: PipelineID=f2eb3a5b-5bd7-42ee-9a29-0f081356a623, force: false] for container ContainerInfo{id=#1, state=CLOSING, pipelineID=PipelineID=f2eb3a5b-5bd7-42ee-9a29-0f081356a623, stateEnterTime=2023-05-23T10:24:50.483Z, owner=om1} to b2d3243d-5675-45e1-a91c-710d3aed9e7e(fv-az1249-304/10.1.0.38) with datanode deadline 1684838062776 and scm deadline 1684838092776
2023-05-23 10:24:52,776 [ReplicationMonitor] INFO  replication.ReplicationManager (ReplicationManager.java:sendDatanodeCommand(684)) - Sending command [closeContainerCommand: containerID: 1, pipelineID: PipelineID=f2eb3a5b-5bd7-42ee-9a29-0f081356a623, force: false] for container ContainerInfo{id=#1, state=CLOSING, pipelineID=PipelineID=f2eb3a5b-5bd7-42ee-9a29-0f081356a623, stateEnterTime=2023-05-23T10:24:50.483Z, owner=om1} to 6a8c5c8c-0ee8-4287-ac95-4d490c63ac6c(fv-az1249-304/10.1.0.38) with datanode deadline 1684838062776 and scm deadline 1684838092776
2023-05-23 10:24:52,776 [ReplicationMonitor] INFO  replication.ReplicationManager (ReplicationManager.java:sendDatanodeCommand(684)) - Sending command [closeContainerCommand: containerID: 1, pipelineID: PipelineID=f2eb3a5b-5bd7-42ee-9a29-0f081356a623, force: false] for container ContainerInfo{id=#1, state=CLOSING, pipelineID=PipelineID=f2eb3a5b-5bd7-42ee-9a29-0f081356a623, stateEnterTime=2023-05-23T10:24:50.483Z, owner=om1} to e2067284-0d49-4f78-bd84-4dfeb1c34035(fv-az1249-304/10.1.0.38) with datanode deadline 1684838062776 and scm deadline 1684838092776
2023-05-23 10:24:52,776 [ReplicationMonitor] INFO  replication.ReplicationManager (ReplicationManager.java:processAll(403)) - Replication Monitor Thread took 3 milliseconds for processing 1 containers.
2023-05-23 10:24:53,777 [ReplicationMonitor] INFO  replication.ReplicationManager (ReplicationManager.java:sendDatanodeCommand(684)) - Sending command [closeContainerCommand: containerID: 1, pipelineID: PipelineID=f2eb3a5b-5bd7-42ee-9a29-0f081356a623, force: false] for container ContainerInfo{id=#1, state=CLOSING, pipelineID=PipelineID=f2eb3a5b-5bd7-42ee-9a29-0f081356a623, stateEnterTime=2023-05-23T10:24:50.483Z, owner=om1} to b2d3243d-5675-45e1-a91c-710d3aed9e7e(fv-az1249-304/10.1.0.38) with datanode deadline 1684838063777 and scm deadline 1684838093777
2023-05-23 10:24:53,777 [ReplicationMonitor] INFO  replication.ReplicationManager (ReplicationManager.java:sendDatanodeCommand(684)) - Sending command [closeContainerCommand: containerID: 1, pipelineID: PipelineID=f2eb3a5b-5bd7-42ee-9a29-0f081356a623, force: false] for container ContainerInfo{id=#1, state=CLOSING, pipelineID=PipelineID=f2eb3a5b-5bd7-42ee-9a29-0f081356a623, stateEnterTime=2023-05-23T10:24:50.483Z, owner=om1} to 6a8c5c8c-0ee8-4287-ac95-4d490c63ac6c(fv-az1249-304/10.1.0.38) with datanode deadline 1684838063777 and scm deadline 1684838093777
2023-05-23 10:24:53,777 [ReplicationMonitor] INFO  replication.ReplicationManager (ReplicationManager.java:sendDatanodeCommand(684)) - Sending command [closeContainerCommand: containerID: 1, pipelineID: PipelineID=f2eb3a5b-5bd7-42ee-9a29-0f081356a623, force: false] for container ContainerInfo{id=#1, state=CLOSING, pipelineID=PipelineID=f2eb3a5b-5bd7-42ee-9a29-0f081356a623, stateEnterTime=2023-05-23T10:24:50.483Z, owner=om1} to e2067284-0d49-4f78-bd84-4dfeb1c34035(fv-az1249-304/10.1.0.38) with datanode deadline 1684838063777 and scm deadline 1684838093777
2023-05-23 10:24:53,777 [ReplicationMonitor] INFO  replication.ReplicationManager (ReplicationManager.java:processAll(403)) - Replication Monitor Thread took 1 milliseconds for processing 1 containers.
2023-05-23 10:24:54,778 [ReplicationMonitor] INFO  replication.ReplicationManager (ReplicationManager.java:sendDatanodeCommand(684)) - Sending command [closeContainerCommand: containerID: 1, pipelineID: PipelineID=f2eb3a5b-5bd7-42ee-9a29-0f081356a623, force: false] for container ContainerInfo{id=#1, state=CLOSING, pipelineID=PipelineID=f2eb3a5b-5bd7-42ee-9a29-0f081356a623, stateEnterTime=2023-05-23T10:24:50.483Z, owner=om1} to b2d3243d-5675-45e1-a91c-710d3aed9e7e(fv-az1249-304/10.1.0.38) with datanode deadline 1684838064778 and scm deadline 1684838094778
2023-05-23 10:24:54,778 [ReplicationMonitor] INFO  replication.ReplicationManager (ReplicationManager.java:sendDatanodeCommand(684)) - Sending command [closeContainerCommand: containerID: 1, pipelineID: PipelineID=f2eb3a5b-5bd7-42ee-9a29-0f081356a623, force: false] for container ContainerInfo{id=#1, state=CLOSING, pipelineID=PipelineID=f2eb3a5b-5bd7-42ee-9a29-0f081356a623, stateEnterTime=2023-05-23T10:24:50.483Z, owner=om1} to 6a8c5c8c-0ee8-4287-ac95-4d490c63ac6c(fv-az1249-304/10.1.0.38) with datanode deadline 1684838064778 and scm deadline 1684838094778
2023-05-23 10:24:54,778 [ReplicationMonitor] INFO  replication.ReplicationManager (ReplicationManager.java:sendDatanodeCommand(684)) - Sending command [closeContainerCommand: containerID: 1, pipelineID: PipelineID=f2eb3a5b-5bd7-42ee-9a29-0f081356a623, force: false] for container ContainerInfo{id=#1, state=CLOSING, pipelineID=PipelineID=f2eb3a5b-5bd7-42ee-9a29-0f081356a623, stateEnterTime=2023-05-23T10:24:50.483Z, owner=om1} to e2067284-0d49-4f78-bd84-4dfeb1c34035(fv-az1249-304/10.1.0.38) with datanode deadline 1684838064778 and scm deadline 1684838094778
2023-05-23 10:24:54,778 [ReplicationMonitor] INFO  replication.ReplicationManager (ReplicationManager.java:processAll(403)) - Replication Monitor Thread took 1 milliseconds for processing 1 containers.
2023-05-23 10:24:54,847 [ContainerOp-f2eb3a5b-5bd7-42ee-9a29-0f081356a623-2] INFO  keyvalue.KeyValueContainer (KeyValueContainer.java:flushAndSyncDB(446)) - Container 1 is synced with bcsId 2.
2023-05-23 10:24:54,848 [ContainerOp-f2eb3a5b-5bd7-42ee-9a29-0f081356a623-2] INFO  keyvalue.KeyValueContainer (KeyValueContainer.java:flushAndSyncDB(446)) - Container 1 is synced with bcsId 2.
2023-05-23 10:24:54,853 [ContainerOp-f2eb3a5b-5bd7-42ee-9a29-0f081356a623-2] INFO  keyvalue.KeyValueContainer (KeyValueContainer.java:close(361)) - Container 1 is closed with bcsId 2.
2023-05-23 10:24:54,858 [ContainerOp-f2eb3a5b-5bd7-42ee-9a29-0f081356a623-2] INFO  keyvalue.KeyValueContainer (KeyValueContainer.java:flushAndSyncDB(446)) - Container 1 is synced with bcsId 2.
2023-05-23 10:24:54,860 [ContainerOp-f2eb3a5b-5bd7-42ee-9a29-0f081356a623-2] INFO  keyvalue.KeyValueContainer (KeyValueContainer.java:flushAndSyncDB(446)) - Container 1 is synced with bcsId 2.
2023-05-23 10:24:54,862 [ContainerOp-f2eb3a5b-5bd7-42ee-9a29-0f081356a623-2] INFO  keyvalue.KeyValueContainer (KeyValueContainer.java:flushAndSyncDB(446)) - Container 1 is synced with bcsId 2.
2023-05-23 10:24:54,862 [ContainerOp-f2eb3a5b-5bd7-42ee-9a29-0f081356a623-2] INFO  keyvalue.KeyValueContainer (KeyValueContainer.java:flushAndSyncDB(446)) - Container 1 is synced with bcsId 2.
2023-05-23 10:24:54,862 [FixedThreadPoolWithAffinityExecutor-9-0] INFO  container.IncrementalContainerReportHandler (AbstractContainerReportHandler.java:updateContainerState(310)) - Moving container #1 to CLOSED state, datanode b2d3243d-5675-45e1-a91c-710d3aed9e7e(fv-az1249-304/10.1.0.38) reported CLOSED replica with index 0.
2023-05-23 10:24:54,871 [ContainerOp-f2eb3a5b-5bd7-42ee-9a29-0f081356a623-2] INFO  keyvalue.KeyValueContainer (KeyValueContainer.java:close(361)) - Container 1 is closed with bcsId 2.
2023-05-23 10:24:54,873 [6a8c5c8c-0ee8-4287-ac95-4d490c63ac6c@group-23872B0778C9-FollowerState] INFO  impl.FollowerState (FollowerState.java:run(143)) - 6a8c5c8c-0ee8-4287-ac95-4d490c63ac6c@group-23872B0778C9-FollowerState: change to CANDIDATE, lastRpcElapsedTime:10592775064ns, electionTimeout:5081ms
2023-05-23 10:24:54,873 [6a8c5c8c-0ee8-4287-ac95-4d490c63ac6c@group-23872B0778C9-FollowerState] INFO  impl.RoleInfo (RoleInfo.java:shutdownFollowerState(110)) - 6a8c5c8c-0ee8-4287-ac95-4d490c63ac6c: shutdown 6a8c5c8c-0ee8-4287-ac95-4d490c63ac6c@group-23872B0778C9-FollowerState
2023-05-23 10:24:54,873 [6a8c5c8c-0ee8-4287-ac95-4d490c63ac6c@group-23872B0778C9-FollowerState] INFO  server.RaftServer$Division (RaftServerImpl.java:setRole(329)) - 6a8c5c8c-0ee8-4287-ac95-4d490c63ac6c@group-23872B0778C9: changes role from  FOLLOWER to CANDIDATE at term 0 for changeToCandidate
2023-05-23 10:24:54,873 [6a8c5c8c-0ee8-4287-ac95-4d490c63ac6c@group-23872B0778C9-FollowerState] INFO  server.RaftServerConfigKeys (ConfUtils.java:logGet(46)) - raft.server.leaderelection.pre-vote = true (default)
2023-05-23 10:24:54,873 [6a8c5c8c-0ee8-4287-ac95-4d490c63ac6c@group-23872B0778C9-FollowerState] INFO  impl.RoleInfo (RoleInfo.java:updateAndGet(139)) - 6a8c5c8c-0ee8-4287-ac95-4d490c63ac6c: start 6a8c5c8c-0ee8-4287-ac95-4d490c63ac6c@group-23872B0778C9-LeaderElection9
2023-05-23 10:24:54,875 [ContainerOp-f2eb3a5b-5bd7-42ee-9a29-0f081356a623-2] INFO  keyvalue.KeyValueContainer (KeyValueContainer.java:close(361)) - Container 1 is closed with bcsId 2.
2023-05-23 10:24:54,885 [6a8c5c8c-0ee8-4287-ac95-4d490c63ac6c@group-23872B0778C9-LeaderElection9] INFO  impl.LeaderElection (LeaderElection.java:askForVotes(321)) - 6a8c5c8c-0ee8-4287-ac95-4d490c63ac6c@group-23872B0778C9-LeaderElection9 PRE_VOTE round 0: submit vote requests at term 0 for -1: peers:[e2067284-0d49-4f78-bd84-4dfeb1c34035|rpc:10.1.0.38:15029|admin:10.1.0.38:15028|client:10.1.0.38:15027|dataStream:10.1.0.38:15030|priority:0|startupRole:FOLLOWER, 6a8c5c8c-0ee8-4287-ac95-4d490c63ac6c|rpc:10.1.0.38:15021|admin:10.1.0.38:15020|client:10.1.0.38:15019|dataStream:10.1.0.38:15022|priority:1|startupRole:FOLLOWER, b2d3243d-5675-45e1-a91c-710d3aed9e7e|rpc:10.1.0.38:15013|admin:10.1.0.38:15012|client:10.1.0.38:15011|dataStream:10.1.0.38:15014|priority:0|startupRole:FOLLOWER]|listeners:[], old=null
2023-05-23 10:24:54,885 [6a8c5c8c-0ee8-4287-ac95-4d490c63ac6c@group-23872B0778C9-LeaderElection9-1] INFO  server.GrpcServerProtocolClient (GrpcServerProtocolClient.java:<init>(65)) - Build channel for e2067284-0d49-4f78-bd84-4dfeb1c34035
2023-05-23 10:24:54,889 [6a8c5c8c-0ee8-4287-ac95-4d490c63ac6c@group-23872B0778C9-LeaderElection9] INFO  server.RaftServerConfigKeys (ConfUtils.java:logFallback(53)) - raft.server.rpc.first-election.timeout.min = 5s (fallback to raft.server.rpc.timeout.min)
2023-05-23 10:24:54,894 [6a8c5c8c-0ee8-4287-ac95-4d490c63ac6c@group-23872B0778C9-LeaderElection9] INFO  server.RaftServerConfigKeys (ConfUtils.java:logFallback(53)) - raft.server.rpc.first-election.timeout.max = 5200ms (fallback to raft.server.rpc.timeout.max)
2023-05-23 10:24:54,895 [6a8c5c8c-0ee8-4287-ac95-4d490c63ac6c@group-23872B0778C9-LeaderElection9-2] INFO  server.GrpcServerProtocolClient (GrpcServerProtocolClient.java:<init>(65)) - Build channel for b2d3243d-5675-45e1-a91c-710d3aed9e7e
2023-05-23 10:24:54,899 [grpc-default-executor-1] INFO  server.RaftServer$Division (RaftServerImpl.java:requestVote(1302)) - e2067284-0d49-4f78-bd84-4dfeb1c34035@group-23872B0778C9: receive requestVote(PRE_VOTE, 6a8c5c8c-0ee8-4287-ac95-4d490c63ac6c, group-23872B0778C9, 0, (t:0, i:0))
2023-05-23 10:24:54,899 [grpc-default-executor-1] INFO  impl.VoteContext (VoteContext.java:log(49)) - e2067284-0d49-4f78-bd84-4dfeb1c34035@group-23872B0778C9-FOLLOWER: accept PRE_VOTE from 6a8c5c8c-0ee8-4287-ac95-4d490c63ac6c: our priority 0 <= candidate's priority 1
2023-05-23 10:24:54,899 [grpc-default-executor-1] INFO  server.RaftServer$Division (RaftServerImpl.java:requestVote(1335)) - e2067284-0d49-4f78-bd84-4dfeb1c34035@group-23872B0778C9 replies to PRE_VOTE vote request: 6a8c5c8c-0ee8-4287-ac95-4d490c63ac6c<-e2067284-0d49-4f78-bd84-4dfeb1c34035#0:OK-t0. Peer's state: e2067284-0d49-4f78-bd84-4dfeb1c34035@group-23872B0778C9:t0, leader=null, voted=, raftlog=Memoized:e2067284-0d49-4f78-bd84-4dfeb1c34035@group-23872B0778C9-SegmentedRaftLog:OPENED:c-1, conf=-1: peers:[e2067284-0d49-4f78-bd84-4dfeb1c34035|rpc:10.1.0.38:15029|admin:10.1.0.38:15028|client:10.1.0.38:15027|dataStream:10.1.0.38:15030|priority:0|startupRole:FOLLOWER, 6a8c5c8c-0ee8-4287-ac95-4d490c63ac6c|rpc:10.1.0.38:15021|admin:10.1.0.38:15020|client:10.1.0.38:15019|dataStream:10.1.0.38:15022|priority:1|startupRole:FOLLOWER, b2d3243d-5675-45e1-a91c-710d3aed9e7e|rpc:10.1.0.38:15013|admin:10.1.0.38:15012|client:10.1.0.38:15011|dataStream:10.1.0.38:15014|priority:0|startupRole:FOLLOWER]|listeners:[], old=null
2023-05-23 10:24:54,901 [6a8c5c8c-0ee8-4287-ac95-4d490c63ac6c@group-23872B0778C9-LeaderElection9] INFO  impl.LeaderElection (LeaderElection.java:logAndReturn(90)) - 6a8c5c8c-0ee8-4287-ac95-4d490c63ac6c@group-23872B0778C9-LeaderElection9: PRE_VOTE PASSED received 1 response(s) and 0 exception(s):
2023-05-23 10:24:54,901 [6a8c5c8c-0ee8-4287-ac95-4d490c63ac6c@group-23872B0778C9-LeaderElection9] INFO  impl.LeaderElection (LeaderElection.java:logAndReturn(94)) -   Response 0: 6a8c5c8c-0ee8-4287-ac95-4d490c63ac6c<-e2067284-0d49-4f78-bd84-4dfeb1c34035#0:OK-t0
2023-05-23 10:24:54,901 [6a8c5c8c-0ee8-4287-ac95-4d490c63ac6c@group-23872B0778C9-LeaderElection9] INFO  impl.LeaderElection (LeaderElection.java:askForVotes(323)) - 6a8c5c8c-0ee8-4287-ac95-4d490c63ac6c@group-23872B0778C9-LeaderElection9 PRE_VOTE round 0: result PASSED
2023-05-23 10:24:54,903 [6a8c5c8c-0ee8-4287-ac95-4d490c63ac6c@group-23872B0778C9-LeaderElection9] INFO  impl.LeaderElection (LeaderElection.java:askForVotes(321)) - 6a8c5c8c-0ee8-4287-ac95-4d490c63ac6c@group-23872B0778C9-LeaderElection9 ELECTION round 0: submit vote requests at term 1 for -1: peers:[e2067284-0d49-4f78-bd84-4dfeb1c34035|rpc:10.1.0.38:15029|admin:10.1.0.38:15028|client:10.1.0.38:15027|dataStream:10.1.0.38:15030|priority:0|startupRole:FOLLOWER, 6a8c5c8c-0ee8-4287-ac95-4d490c63ac6c|rpc:10.1.0.38:15021|admin:10.1.0.38:15020|client:10.1.0.38:15019|dataStream:10.1.0.38:15022|priority:1|startupRole:FOLLOWER, b2d3243d-5675-45e1-a91c-710d3aed9e7e|rpc:10.1.0.38:15013|admin:10.1.0.38:15012|client:10.1.0.38:15011|dataStream:10.1.0.38:15014|priority:0|startupRole:FOLLOWER]|listeners:[], old=null
2023-05-23 10:24:54,909 [6a8c5c8c-0ee8-4287-ac95-4d490c63ac6c@group-23872B0778C9-LeaderElection9] INFO  server.RaftServerConfigKeys (ConfUtils.java:logFallback(53)) - raft.server.rpc.first-election.timeout.min = 5s (fallback to raft.server.rpc.timeout.min)
2023-05-23 10:24:54,913 [6a8c5c8c-0ee8-4287-ac95-4d490c63ac6c@group-23872B0778C9-LeaderElection9] INFO  server.RaftServerConfigKeys (ConfUtils.java:logFallback(53)) - raft.server.rpc.first-election.timeout.max = 5200ms (fallback to raft.server.rpc.timeout.max)
2023-05-23 10:24:54,913 [grpc-default-executor-1] INFO  server.RaftServer$Division (RaftServerImpl.java:requestVote(1302)) - e2067284-0d49-4f78-bd84-4dfeb1c34035@group-23872B0778C9: receive requestVote(ELECTION, 6a8c5c8c-0ee8-4287-ac95-4d490c63ac6c, group-23872B0778C9, 1, (t:0, i:0))
2023-05-23 10:24:54,914 [grpc-default-executor-1] INFO  impl.VoteContext (VoteContext.java:log(49)) - e2067284-0d49-4f78-bd84-4dfeb1c34035@group-23872B0778C9-FOLLOWER: accept ELECTION from 6a8c5c8c-0ee8-4287-ac95-4d490c63ac6c: our priority 0 <= candidate's priority 1
2023-05-23 10:24:54,914 [grpc-default-executor-1] INFO  server.RaftServer$Division (RaftServerImpl.java:setRole(329)) - e2067284-0d49-4f78-bd84-4dfeb1c34035@group-23872B0778C9: changes role from  FOLLOWER to FOLLOWER at term 1 for candidate:6a8c5c8c-0ee8-4287-ac95-4d490c63ac6c
2023-05-23 10:24:54,914 [grpc-default-executor-1] INFO  impl.RoleInfo (RoleInfo.java:shutdownFollowerState(110)) - e2067284-0d49-4f78-bd84-4dfeb1c34035: shutdown e2067284-0d49-4f78-bd84-4dfeb1c34035@group-23872B0778C9-FollowerState
2023-05-23 10:24:54,914 [grpc-default-executor-1] INFO  impl.RoleInfo (RoleInfo.java:updateAndGet(139)) - e2067284-0d49-4f78-bd84-4dfeb1c34035: start e2067284-0d49-4f78-bd84-4dfeb1c34035@group-23872B0778C9-FollowerState
2023-05-23 10:24:54,914 [e2067284-0d49-4f78-bd84-4dfeb1c34035@group-23872B0778C9-FollowerState] INFO  impl.FollowerState (FollowerState.java:run(152)) - e2067284-0d49-4f78-bd84-4dfeb1c34035@group-23872B0778C9-FollowerState was interrupted
2023-05-23 10:24:54,915 [6a8c5c8c-0ee8-4287-ac95-4d490c63ac6c@group-2C57FA8CB753-FollowerState] INFO  impl.FollowerState (FollowerState.java:run(143)) - 6a8c5c8c-0ee8-4287-ac95-4d490c63ac6c@group-2C57FA8CB753-FollowerState: change to CANDIDATE, lastRpcElapsedTime:10717098428ns, electionTimeout:5118ms
2023-05-23 10:24:54,915 [6a8c5c8c-0ee8-4287-ac95-4d490c63ac6c@group-2C57FA8CB753-FollowerState] INFO  impl.RoleInfo (RoleInfo.java:shutdownFollowerState(110)) - 6a8c5c8c-0ee8-4287-ac95-4d490c63ac6c: shutdown 6a8c5c8c-0ee8-4287-ac95-4d490c63ac6c@group-2C57FA8CB753-FollowerState
2023-05-23 10:24:54,915 [6a8c5c8c-0ee8-4287-ac95-4d490c63ac6c@group-2C57FA8CB753-FollowerState] INFO  server.RaftServer$Division (RaftServerImpl.java:setRole(329)) - 6a8c5c8c-0ee8-4287-ac95-4d490c63ac6c@group-2C57FA8CB753: changes role from  FOLLOWER to CANDIDATE at term 0 for changeToCandidate
2023-05-23 10:24:54,915 [6a8c5c8c-0ee8-4287-ac95-4d490c63ac6c@group-2C57FA8CB753-FollowerState] INFO  server.RaftServerConfigKeys (ConfUtils.java:logGet(46)) - raft.server.leaderelection.pre-vote = true (default)
2023-05-23 10:24:54,915 [6a8c5c8c-0ee8-4287-ac95-4d490c63ac6c@group-2C57FA8CB753-FollowerState] INFO  impl.RoleInfo (RoleInfo.java:updateAndGet(139)) - 6a8c5c8c-0ee8-4287-ac95-4d490c63ac6c: start 6a8c5c8c-0ee8-4287-ac95-4d490c63ac6c@group-2C57FA8CB753-LeaderElection10
2023-05-23 10:24:54,920 [grpc-default-executor-1] INFO  server.RaftServer$Division (RaftServerImpl.java:requestVote(1335)) - e2067284-0d49-4f78-bd84-4dfeb1c34035@group-23872B0778C9 replies to ELECTION vote request: 6a8c5c8c-0ee8-4287-ac95-4d490c63ac6c<-e2067284-0d49-4f78-bd84-4dfeb1c34035#0:OK-t1. Peer's state: e2067284-0d49-4f78-bd84-4dfeb1c34035@group-23872B0778C9:t1, leader=null, voted=6a8c5c8c-0ee8-4287-ac95-4d490c63ac6c, raftlog=Memoized:e2067284-0d49-4f78-bd84-4dfeb1c34035@group-23872B0778C9-SegmentedRaftLog:OPENED:c-1, conf=-1: peers:[e2067284-0d49-4f78-bd84-4dfeb1c34035|rpc:10.1.0.38:15029|admin:10.1.0.38:15028|client:10.1.0.38:15027|dataStream:10.1.0.38:15030|priority:0|startupRole:FOLLOWER, 6a8c5c8c-0ee8-4287-ac95-4d490c63ac6c|rpc:10.1.0.38:15021|admin:10.1.0.38:15020|client:10.1.0.38:15019|dataStream:10.1.0.38:15022|priority:1|startupRole:FOLLOWER, b2d3243d-5675-45e1-a91c-710d3aed9e7e|rpc:10.1.0.38:15013|admin:10.1.0.38:15012|client:10.1.0.38:15011|dataStream:10.1.0.38:15014|priority:0|startupRole:FOLLOWER]|listeners:[], old=null
2023-05-23 10:24:54,938 [6a8c5c8c-0ee8-4287-ac95-4d490c63ac6c@group-2C57FA8CB753-LeaderElection10] INFO  impl.LeaderElection (LeaderElection.java:askForVotes(321)) - 6a8c5c8c-0ee8-4287-ac95-4d490c63ac6c@group-2C57FA8CB753-LeaderElection10 PRE_VOTE round 0: submit vote requests at term 0 for -1: peers:[6a8c5c8c-0ee8-4287-ac95-4d490c63ac6c|rpc:10.1.0.38:15021|admin:10.1.0.38:15020|client:10.1.0.38:15019|dataStream:10.1.0.38:15022|priority:1|startupRole:FOLLOWER]|listeners:[], old=null
2023-05-23 10:24:54,938 [6a8c5c8c-0ee8-4287-ac95-4d490c63ac6c@group-2C57FA8CB753-LeaderElection10] INFO  impl.LeaderElection (LeaderElection.java:askForVotes(323)) - 6a8c5c8c-0ee8-4287-ac95-4d490c63ac6c@group-2C57FA8CB753-LeaderElection10 PRE_VOTE round 0: result PASSED (term=0)
2023-05-23 10:24:54,939 [6a8c5c8c-0ee8-4287-ac95-4d490c63ac6c@group-23872B0778C9-LeaderElection9] INFO  impl.LeaderElection (LeaderElection.java:logAndReturn(90)) - 6a8c5c8c-0ee8-4287-ac95-4d490c63ac6c@group-23872B0778C9-LeaderElection9: ELECTION PASSED received 1 response(s) and 0 exception(s):
2023-05-23 10:24:54,941 [6a8c5c8c-0ee8-4287-ac95-4d490c63ac6c@group-23872B0778C9-LeaderElection9] INFO  impl.LeaderElection (LeaderElection.java:logAndReturn(94)) -   Response 0: 6a8c5c8c-0ee8-4287-ac95-4d490c63ac6c<-e2067284-0d49-4f78-bd84-4dfeb1c34035#0:OK-t1
2023-05-23 10:24:54,941 [grpc-default-executor-4] INFO  server.RaftServer$Division (RaftServerImpl.java:requestVote(1302)) - b2d3243d-5675-45e1-a91c-710d3aed9e7e@group-23872B0778C9: receive requestVote(ELECTION, 6a8c5c8c-0ee8-4287-ac95-4d490c63ac6c, group-23872B0778C9, 1, (t:0, i:0))
2023-05-23 10:24:54,942 [grpc-default-executor-4] INFO  impl.VoteContext (VoteContext.java:log(49)) - b2d3243d-5675-45e1-a91c-710d3aed9e7e@group-23872B0778C9-FOLLOWER: accept ELECTION from 6a8c5c8c-0ee8-4287-ac95-4d490c63ac6c: our priority 0 <= candidate's priority 1
2023-05-23 10:24:54,942 [grpc-default-executor-4] INFO  server.RaftServer$Division (RaftServerImpl.java:setRole(329)) - b2d3243d-5675-45e1-a91c-710d3aed9e7e@group-23872B0778C9: changes role from  FOLLOWER to FOLLOWER at term 1 for candidate:6a8c5c8c-0ee8-4287-ac95-4d490c63ac6c
2023-05-23 10:24:54,942 [grpc-default-executor-4] INFO  impl.RoleInfo (RoleInfo.java:shutdownFollowerState(110)) - b2d3243d-5675-45e1-a91c-710d3aed9e7e: shutdown b2d3243d-5675-45e1-a91c-710d3aed9e7e@group-23872B0778C9-FollowerState
2023-05-23 10:24:54,942 [grpc-default-executor-4] INFO  impl.RoleInfo (RoleInfo.java:updateAndGet(139)) - b2d3243d-5675-45e1-a91c-710d3aed9e7e: start b2d3243d-5675-45e1-a91c-710d3aed9e7e@group-23872B0778C9-FollowerState
2023-05-23 10:24:54,939 [grpc-default-executor-1] INFO  server.RaftServer$Division (RaftServerImpl.java:requestVote(1302)) - b2d3243d-5675-45e1-a91c-710d3aed9e7e@group-23872B0778C9: receive requestVote(PRE_VOTE, 6a8c5c8c-0ee8-4287-ac95-4d490c63ac6c, group-23872B0778C9, 0, (t:0, i:0))
2023-05-23 10:24:54,943 [6a8c5c8c-0ee8-4287-ac95-4d490c63ac6c@group-2C57FA8CB753-LeaderElection10] INFO  impl.LeaderElection (LeaderElection.java:askForVotes(321)) - 6a8c5c8c-0ee8-4287-ac95-4d490c63ac6c@group-2C57FA8CB753-LeaderElection10 ELECTION round 0: submit vote requests at term 1 for -1: peers:[6a8c5c8c-0ee8-4287-ac95-4d490c63ac6c|rpc:10.1.0.38:15021|admin:10.1.0.38:15020|client:10.1.0.38:15019|dataStream:10.1.0.38:15022|priority:1|startupRole:FOLLOWER]|listeners:[], old=null
2023-05-23 10:24:54,943 [6a8c5c8c-0ee8-4287-ac95-4d490c63ac6c@group-2C57FA8CB753-LeaderElection10] INFO  impl.LeaderElection (LeaderElection.java:askForVotes(323)) - 6a8c5c8c-0ee8-4287-ac95-4d490c63ac6c@group-2C57FA8CB753-LeaderElection10 ELECTION round 0: result PASSED (term=1)
2023-05-23 10:24:54,943 [6a8c5c8c-0ee8-4287-ac95-4d490c63ac6c@group-2C57FA8CB753-LeaderElection10] INFO  impl.RoleInfo (RoleInfo.java:shutdownLeaderElection(130)) - 6a8c5c8c-0ee8-4287-ac95-4d490c63ac6c: shutdown 6a8c5c8c-0ee8-4287-ac95-4d490c63ac6c@group-2C57FA8CB753-LeaderElection10
2023-05-23 10:24:54,943 [6a8c5c8c-0ee8-4287-ac95-4d490c63ac6c@group-2C57FA8CB753-LeaderElection10] INFO  server.RaftServer$Division (RaftServerImpl.java:setRole(329)) - 6a8c5c8c-0ee8-4287-ac95-4d490c63ac6c@group-2C57FA8CB753: changes role from CANDIDATE to LEADER at term 1 for changeToLeader
2023-05-23 10:24:54,943 [b2d3243d-5675-45e1-a91c-710d3aed9e7e@group-23872B0778C9-FollowerState] INFO  impl.FollowerState (FollowerState.java:run(152)) - b2d3243d-5675-45e1-a91c-710d3aed9e7e@group-23872B0778C9-FollowerState was interrupted
2023-05-23 10:24:54,941 [6a8c5c8c-0ee8-4287-ac95-4d490c63ac6c@group-23872B0778C9-LeaderElection9] INFO  impl.LeaderElection (LeaderElection.java:askForVotes(323)) - 6a8c5c8c-0ee8-4287-ac95-4d490c63ac6c@group-23872B0778C9-LeaderElection9 ELECTION round 0: result PASSED
2023-05-23 10:24:54,946 [6a8c5c8c-0ee8-4287-ac95-4d490c63ac6c@group-23872B0778C9-LeaderElection9] INFO  impl.RoleInfo (RoleInfo.java:shutdownLeaderElection(130)) - 6a8c5c8c-0ee8-4287-ac95-4d490c63ac6c: shutdown 6a8c5c8c-0ee8-4287-ac95-4d490c63ac6c@group-23872B0778C9-LeaderElection9
2023-05-23 10:24:54,946 [6a8c5c8c-0ee8-4287-ac95-4d490c63ac6c@group-23872B0778C9-LeaderElection9] INFO  server.RaftServer$Division (RaftServerImpl.java:setRole(329)) - 6a8c5c8c-0ee8-4287-ac95-4d490c63ac6c@group-23872B0778C9: changes role from CANDIDATE to LEADER at term 1 for changeToLeader
2023-05-23 10:24:54,946 [6a8c5c8c-0ee8-4287-ac95-4d490c63ac6c@group-23872B0778C9-LeaderElection9] INFO  ratis.XceiverServerRatis (XceiverServerRatis.java:handleLeaderChangedNotification(904)) - Leader change notification received for group: group-23872B0778C9 with new leaderId: 6a8c5c8c-0ee8-4287-ac95-4d490c63ac6c
2023-05-23 10:24:54,946 [6a8c5c8c-0ee8-4287-ac95-4d490c63ac6c@group-23872B0778C9-LeaderElection9] INFO  server.RaftServer$Division (ServerState.java:setLeader(317)) - 6a8c5c8c-0ee8-4287-ac95-4d490c63ac6c@group-23872B0778C9: change Leader from null to 6a8c5c8c-0ee8-4287-ac95-4d490c63ac6c at term 1 for becomeLeader, leader elected after 10716ms
2023-05-23 10:24:54,946 [6a8c5c8c-0ee8-4287-ac95-4d490c63ac6c@group-23872B0778C9-LeaderElection9] INFO  server.RaftServerConfigKeys (ConfUtils.java:logGet(46)) - raft.server.staging.catchup.gap = 1000 (default)
2023-05-23 10:24:54,946 [6a8c5c8c-0ee8-4287-ac95-4d490c63ac6c@group-23872B0778C9-LeaderElection9] INFO  server.RaftServerConfigKeys (ConfUtils.java:logGet(46)) - raft.server.write.element-limit = 1024 (custom)
2023-05-23 10:24:54,946 [6a8c5c8c-0ee8-4287-ac95-4d490c63ac6c@group-23872B0778C9-LeaderElection9] INFO  server.RaftServerConfigKeys (ConfUtils.java:logGet(46)) - raft.server.write.byte-limit = 1024 M (=1073741824) (custom)
2023-05-23 10:24:54,947 [6a8c5c8c-0ee8-4287-ac95-4d490c63ac6c@group-23872B0778C9-LeaderElection9] INFO  server.RaftServerConfigKeys (ConfUtils.java:logGet(46)) - raft.server.watch.timeout = 180s (custom)
2023-05-23 10:24:54,947 [6a8c5c8c-0ee8-4287-ac95-4d490c63ac6c@group-23872B0778C9-LeaderElection9] INFO  server.RaftServerConfigKeys (ConfUtils.java:logGet(46)) - raft.server.watch.timeout.denomination = 1s (default)
2023-05-23 10:24:54,947 [6a8c5c8c-0ee8-4287-ac95-4d490c63ac6c@group-23872B0778C9-LeaderElection9] INFO  server.RaftServerConfigKeys (ConfUtils.java:logGet(46)) - raft.server.watch.element-limit = 65536 (default)
2023-05-23 10:24:54,947 [6a8c5c8c-0ee8-4287-ac95-4d490c63ac6c@group-23872B0778C9-LeaderElection9] INFO  server.RaftServerConfigKeys (ConfUtils.java:logGet(46)) - raft.server.write.element-limit = 1024 (custom)
2023-05-23 10:24:54,947 [6a8c5c8c-0ee8-4287-ac95-4d490c63ac6c@group-23872B0778C9-LeaderElection9] INFO  server.RaftServerConfigKeys (ConfUtils.java:logGet(46)) - raft.server.write.follower.gap.ratio.max = -1.0 (default)
2023-05-23 10:24:54,948 [6a8c5c8c-0ee8-4287-ac95-4d490c63ac6c@group-23872B0778C9-LeaderElection9] INFO  server.RaftServerConfigKeys (ConfUtils.java:logGet(46)) - raft.server.log.appender.snapshot.chunk.size.max = 16MB (=16777216) (default)
2023-05-23 10:24:54,948 [6a8c5c8c-0ee8-4287-ac95-4d490c63ac6c@group-23872B0778C9-LeaderElection9] INFO  server.RaftServerConfigKeys (ConfUtils.java:logGet(46)) - raft.server.log.appender.buffer.byte-limit = 33554432 (custom)
2023-05-23 10:24:54,948 [6a8c5c8c-0ee8-4287-ac95-4d490c63ac6c@group-23872B0778C9-LeaderElection9] INFO  server.RaftServerConfigKeys (ConfUtils.java:logGet(46)) - raft.server.log.appender.buffer.element-limit = 1 (custom)
2023-05-23 10:24:54,948 [6a8c5c8c-0ee8-4287-ac95-4d490c63ac6c@group-23872B0778C9-LeaderElection9] INFO  server.RaftServerConfigKeys (ConfUtils.java:logGet(46)) - raft.server.log.appender.wait-time.min = 10ms (default)
2023-05-23 10:24:54,943 [6a8c5c8c-0ee8-4287-ac95-4d490c63ac6c@group-2C57FA8CB753-LeaderElection10] INFO  ratis.XceiverServerRatis (XceiverServerRatis.java:handleLeaderChangedNotification(904)) - Leader change notification received for group: group-2C57FA8CB753 with new leaderId: 6a8c5c8c-0ee8-4287-ac95-4d490c63ac6c
2023-05-23 10:24:54,949 [6a8c5c8c-0ee8-4287-ac95-4d490c63ac6c@group-2C57FA8CB753-LeaderElection10] INFO  server.RaftServer$Division (ServerState.java:setLeader(317)) - 6a8c5c8c-0ee8-4287-ac95-4d490c63ac6c@group-2C57FA8CB753: change Leader from null to 6a8c5c8c-0ee8-4287-ac95-4d490c63ac6c at term 1 for becomeLeader, leader elected after 10776ms
2023-05-23 10:24:54,949 [6a8c5c8c-0ee8-4287-ac95-4d490c63ac6c@group-2C57FA8CB753-LeaderElection10] INFO  server.RaftServerConfigKeys (ConfUtils.java:logGet(46)) - raft.server.staging.catchup.gap = 1000 (default)
2023-05-23 10:24:54,950 [6a8c5c8c-0ee8-4287-ac95-4d490c63ac6c@group-2C57FA8CB753-LeaderElection10] INFO  server.RaftServerConfigKeys (ConfUtils.java:logGet(46)) - raft.server.write.element-limit = 1024 (custom)
2023-05-23 10:24:54,950 [6a8c5c8c-0ee8-4287-ac95-4d490c63ac6c@group-2C57FA8CB753-LeaderElection10] INFO  server.RaftServerConfigKeys (ConfUtils.java:logGet(46)) - raft.server.write.byte-limit = 1024 M (=1073741824) (custom)
2023-05-23 10:24:54,950 [6a8c5c8c-0ee8-4287-ac95-4d490c63ac6c@group-2C57FA8CB753-LeaderElection10] INFO  server.RaftServerConfigKeys (ConfUtils.java:logGet(46)) - raft.server.watch.timeout = 180s (custom)
2023-05-23 10:24:54,950 [6a8c5c8c-0ee8-4287-ac95-4d490c63ac6c@group-2C57FA8CB753-LeaderElection10] INFO  server.RaftServerConfigKeys (ConfUtils.java:logGet(46)) - raft.server.watch.timeout.denomination = 1s (default)
2023-05-23 10:24:54,950 [6a8c5c8c-0ee8-4287-ac95-4d490c63ac6c@group-2C57FA8CB753-LeaderElection10] INFO  server.RaftServerConfigKeys (ConfUtils.java:logGet(46)) - raft.server.watch.element-limit = 65536 (default)
2023-05-23 10:24:54,950 [6a8c5c8c-0ee8-4287-ac95-4d490c63ac6c@group-2C57FA8CB753-LeaderElection10] INFO  server.RaftServerConfigKeys (ConfUtils.java:logGet(46)) - raft.server.write.element-limit = 1024 (custom)
2023-05-23 10:24:54,950 [6a8c5c8c-0ee8-4287-ac95-4d490c63ac6c@group-2C57FA8CB753-LeaderElection10] INFO  server.RaftServerConfigKeys (ConfUtils.java:logGet(46)) - raft.server.write.follower.gap.ratio.max = -1.0 (default)
2023-05-23 10:24:54,950 [6a8c5c8c-0ee8-4287-ac95-4d490c63ac6c@group-2C57FA8CB753-LeaderElection10] INFO  impl.RoleInfo (RoleInfo.java:updateAndGet(139)) - 6a8c5c8c-0ee8-4287-ac95-4d490c63ac6c: start 6a8c5c8c-0ee8-4287-ac95-4d490c63ac6c@group-2C57FA8CB753-LeaderStateImpl
2023-05-23 10:24:54,951 [6a8c5c8c-0ee8-4287-ac95-4d490c63ac6c@group-2C57FA8CB753-LeaderElection10] INFO  segmented.SegmentedRaftLogWorker (SegmentedRaftLogWorker.java:startLogSegment(447)) - 6a8c5c8c-0ee8-4287-ac95-4d490c63ac6c@group-2C57FA8CB753-SegmentedRaftLogWorker: Starting segment from index:0
2023-05-23 10:24:54,952 [EventQueue-PipelineReportForPipelineReportHandler] INFO  pipeline.PipelineManagerImpl (PipelineManagerImpl.java:openPipeline(367)) - Pipeline Pipeline[ Id: 7a7547c5-f5da-4e43-822b-23872b0778c9, Nodes: e2067284-0d49-4f78-bd84-4dfeb1c34035(fv-az1249-304/10.1.0.38)b2d3243d-5675-45e1-a91c-710d3aed9e7e(fv-az1249-304/10.1.0.38)6a8c5c8c-0ee8-4287-ac95-4d490c63ac6c(fv-az1249-304/10.1.0.38), ReplicationConfig: RATIS/THREE, State:ALLOCATED, leaderId:6a8c5c8c-0ee8-4287-ac95-4d490c63ac6c, CreationTimestamp2023-05-23T10:24:41.604Z[Etc/UTC]] moved to OPEN state
2023-05-23 10:24:54,952 [grpc-default-executor-4] INFO  server.RaftServer$Division (RaftServerImpl.java:requestVote(1335)) - b2d3243d-5675-45e1-a91c-710d3aed9e7e@group-23872B0778C9 replies to ELECTION vote request: 6a8c5c8c-0ee8-4287-ac95-4d490c63ac6c<-b2d3243d-5675-45e1-a91c-710d3aed9e7e#0:OK-t1. Peer's state: b2d3243d-5675-45e1-a91c-710d3aed9e7e@group-23872B0778C9:t1, leader=null, voted=6a8c5c8c-0ee8-4287-ac95-4d490c63ac6c, raftlog=Memoized:b2d3243d-5675-45e1-a91c-710d3aed9e7e@group-23872B0778C9-SegmentedRaftLog:OPENED:c-1, conf=-1: peers:[e2067284-0d49-4f78-bd84-4dfeb1c34035|rpc:10.1.0.38:15029|admin:10.1.0.38:15028|client:10.1.0.38:15027|dataStream:10.1.0.38:15030|priority:0|startupRole:FOLLOWER, 6a8c5c8c-0ee8-4287-ac95-4d490c63ac6c|rpc:10.1.0.38:15021|admin:10.1.0.38:15020|client:10.1.0.38:15019|dataStream:10.1.0.38:15022|priority:1|startupRole:FOLLOWER, b2d3243d-5675-45e1-a91c-710d3aed9e7e|rpc:10.1.0.38:15013|admin:10.1.0.38:15012|client:10.1.0.38:15011|dataStream:10.1.0.38:15014|priority:0|startupRole:FOLLOWER]|listeners:[], old=null
2023-05-23 10:24:54,953 [grpc-default-executor-1] INFO  impl.VoteContext (VoteContext.java:log(49)) - b2d3243d-5675-45e1-a91c-710d3aed9e7e@group-23872B0778C9-FOLLOWER: accept PRE_VOTE from 6a8c5c8c-0ee8-4287-ac95-4d490c63ac6c: our priority 0 <= candidate's priority 1
2023-05-23 10:24:54,953 [grpc-default-executor-1] INFO  server.RaftServer$Division (RaftServerImpl.java:requestVote(1335)) - b2d3243d-5675-45e1-a91c-710d3aed9e7e@group-23872B0778C9 replies to PRE_VOTE vote request: 6a8c5c8c-0ee8-4287-ac95-4d490c63ac6c<-b2d3243d-5675-45e1-a91c-710d3aed9e7e#0:OK-t1. Peer's state: b2d3243d-5675-45e1-a91c-710d3aed9e7e@group-23872B0778C9:t1, leader=null, voted=6a8c5c8c-0ee8-4287-ac95-4d490c63ac6c, raftlog=Memoized:b2d3243d-5675-45e1-a91c-710d3aed9e7e@group-23872B0778C9-SegmentedRaftLog:OPENED:c-1, conf=-1: peers:[e2067284-0d49-4f78-bd84-4dfeb1c34035|rpc:10.1.0.38:15029|admin:10.1.0.38:15028|client:10.1.0.38:15027|dataStream:10.1.0.38:15030|priority:0|startupRole:FOLLOWER, 6a8c5c8c-0ee8-4287-ac95-4d490c63ac6c|rpc:10.1.0.38:15021|admin:10.1.0.38:15020|client:10.1.0.38:15019|dataStream:10.1.0.38:15022|priority:1|startupRole:FOLLOWER, b2d3243d-5675-45e1-a91c-710d3aed9e7e|rpc:10.1.0.38:15013|admin:10.1.0.38:15012|client:10.1.0.38:15011|dataStream:10.1.0.38:15014|priority:0|startupRole:FOLLOWER]|listeners:[], old=null
2023-05-23 10:24:54,954 [6a8c5c8c-0ee8-4287-ac95-4d490c63ac6c@group-2C57FA8CB753-SegmentedRaftLogWorker] INFO  segmented.SegmentedRaftLogWorker (SegmentedRaftLogWorker.java:execute(651)) - 6a8c5c8c-0ee8-4287-ac95-4d490c63ac6c@group-2C57FA8CB753-SegmentedRaftLogWorker: created new log segment /home/runner/work/ozone/ozone/hadoop-ozone/integration-test/target/test-dir/MiniOzoneClusterImpl-95ea0607-12be-46e0-be72-f6ffafe0ad81/datanode-1/data/ratis/dd4eb37e-1fa8-4cac-93b3-2c57fa8cb753/current/log_inprogress_0
2023-05-23 10:24:54,948 [6a8c5c8c-0ee8-4287-ac95-4d490c63ac6c@group-23872B0778C9-LeaderElection9] INFO  grpc.GrpcConfigKeys (ConfUtils.java:logGet(46)) - raft.grpc.server.leader.outstanding.appends.max = 128 (default)
2023-05-23 10:24:54,955 [6a8c5c8c-0ee8-4287-ac95-4d490c63ac6c@group-23872B0778C9-LeaderElection9] INFO  server.RaftServerConfigKeys (ConfUtils.java:logGet(46)) - raft.server.rpc.request.timeout = 60s (custom)
2023-05-23 10:24:54,955 [6a8c5c8c-0ee8-4287-ac95-4d490c63ac6c@group-23872B0778C9-LeaderElection9] INFO  grpc.GrpcConfigKeys (ConfUtils.java:logGet(46)) - raft.grpc.server.install_snapshot.request.element-limit = 8 (default)
2023-05-23 10:24:54,955 [6a8c5c8c-0ee8-4287-ac95-4d490c63ac6c@group-23872B0778C9-LeaderElection9] INFO  grpc.GrpcConfigKeys (ConfUtils.java:logGet(46)) - raft.grpc.server.install_snapshot.request.timeout = 3000ms (default)
2023-05-23 10:24:54,955 [6a8c5c8c-0ee8-4287-ac95-4d490c63ac6c@group-23872B0778C9-LeaderElection9] INFO  server.RaftServerConfigKeys (ConfUtils.java:logGet(46)) - raft.server.log.appender.install.snapshot.enabled = false (custom)
2023-05-23 10:24:54,955 [6a8c5c8c-0ee8-4287-ac95-4d490c63ac6c@group-23872B0778C9-LeaderElection9] INFO  grpc.GrpcConfigKeys (ConfUtils.java:logGet(46)) - raft.grpc.server.heartbeat.channel = true (default)
2023-05-23 10:24:54,956 [6a8c5c8c-0ee8-4287-ac95-4d490c63ac6c@group-23872B0778C9-LeaderElection9] INFO  server.RaftServerConfigKeys (ConfUtils.java:logGet(46)) - raft.server.log.appender.snapshot.chunk.size.max = 16MB (=16777216) (default)
2023-05-23 10:24:54,956 [6a8c5c8c-0ee8-4287-ac95-4d490c63ac6c@group-23872B0778C9-LeaderElection9] INFO  server.RaftServerConfigKeys (ConfUtils.java:logGet(46)) - raft.server.log.appender.buffer.byte-limit = 33554432 (custom)
2023-05-23 10:24:54,957 [6a8c5c8c-0ee8-4287-ac95-4d490c63ac6c@group-23872B0778C9-LeaderElection9] INFO  server.RaftServerConfigKeys (ConfUtils.java:logGet(46)) - raft.server.log.appender.buffer.element-limit = 1 (custom)
2023-05-23 10:24:54,957 [6a8c5c8c-0ee8-4287-ac95-4d490c63ac6c@group-2C57FA8CB753-LeaderElection10] INFO  server.RaftServer$Division (ServerState.java:setRaftConf(434)) - 6a8c5c8c-0ee8-4287-ac95-4d490c63ac6c@group-2C57FA8CB753: set configuration 0: peers:[6a8c5c8c-0ee8-4287-ac95-4d490c63ac6c|rpc:10.1.0.38:15021|admin:10.1.0.38:15020|client:10.1.0.38:15019|dataStream:10.1.0.38:15022|priority:1|startupRole:FOLLOWER]|listeners:[], old=null
2023-05-23 10:24:54,962 [6a8c5c8c-0ee8-4287-ac95-4d490c63ac6c@group-23872B0778C9-LeaderElection9] INFO  server.RaftServerConfigKeys (ConfUtils.java:logGet(46)) - raft.server.log.appender.wait-time.min = 10ms (default)
2023-05-23 10:24:54,962 [6a8c5c8c-0ee8-4287-ac95-4d490c63ac6c@group-23872B0778C9-LeaderElection9] INFO  grpc.GrpcConfigKeys (ConfUtils.java:logGet(46)) - raft.grpc.server.leader.outstanding.appends.max = 128 (default)
2023-05-23 10:24:54,962 [6a8c5c8c-0ee8-4287-ac95-4d490c63ac6c@group-23872B0778C9-LeaderElection9] INFO  server.RaftServerConfigKeys (ConfUtils.java:logGet(46)) - raft.server.rpc.request.timeout = 60s (custom)
2023-05-23 10:24:54,962 [6a8c5c8c-0ee8-4287-ac95-4d490c63ac6c@group-23872B0778C9-LeaderElection9] INFO  grpc.GrpcConfigKeys (ConfUtils.java:logGet(46)) - raft.grpc.server.install_snapshot.request.element-limit = 8 (default)
2023-05-23 10:24:54,962 [6a8c5c8c-0ee8-4287-ac95-4d490c63ac6c@group-23872B0778C9-LeaderElection9] INFO  grpc.GrpcConfigKeys (ConfUtils.java:logGet(46)) - raft.grpc.server.install_snapshot.request.timeout = 3000ms (default)
2023-05-23 10:24:54,962 [6a8c5c8c-0ee8-4287-ac95-4d490c63ac6c@group-23872B0778C9-LeaderElection9] INFO  server.RaftServerConfigKeys (ConfUtils.java:logGet(46)) - raft.server.log.appender.install.snapshot.enabled = false (custom)
2023-05-23 10:24:54,963 [6a8c5c8c-0ee8-4287-ac95-4d490c63ac6c@group-23872B0778C9-LeaderElection9] INFO  grpc.GrpcConfigKeys (ConfUtils.java:logGet(46)) - raft.grpc.server.heartbeat.channel = true (default)
2023-05-23 10:24:54,963 [6a8c5c8c-0ee8-4287-ac95-4d490c63ac6c@group-23872B0778C9-LeaderElection9] INFO  impl.RoleInfo (RoleInfo.java:updateAndGet(139)) - 6a8c5c8c-0ee8-4287-ac95-4d490c63ac6c: start 6a8c5c8c-0ee8-4287-ac95-4d490c63ac6c@group-23872B0778C9-LeaderStateImpl
2023-05-23 10:24:54,963 [6a8c5c8c-0ee8-4287-ac95-4d490c63ac6c@group-23872B0778C9-LeaderElection9] INFO  segmented.SegmentedRaftLogWorker (SegmentedRaftLogWorker.java:startLogSegment(447)) - 6a8c5c8c-0ee8-4287-ac95-4d490c63ac6c@group-23872B0778C9-SegmentedRaftLogWorker: Starting segment from index:0
2023-05-23 10:24:54,965 [6a8c5c8c-0ee8-4287-ac95-4d490c63ac6c@group-23872B0778C9-SegmentedRaftLogWorker] INFO  segmented.SegmentedRaftLogWorker (SegmentedRaftLogWorker.java:execute(651)) - 6a8c5c8c-0ee8-4287-ac95-4d490c63ac6c@group-23872B0778C9-SegmentedRaftLogWorker: created new log segment /home/runner/work/ozone/ozone/hadoop-ozone/integration-test/target/test-dir/MiniOzoneClusterImpl-95ea0607-12be-46e0-be72-f6ffafe0ad81/datanode-1/data/ratis/7a7547c5-f5da-4e43-822b-23872b0778c9/current/log_inprogress_0
2023-05-23 10:24:54,970 [6a8c5c8c-0ee8-4287-ac95-4d490c63ac6c@group-23872B0778C9-LeaderElection9] INFO  server.RaftServer$Division (ServerState.java:setRaftConf(434)) - 6a8c5c8c-0ee8-4287-ac95-4d490c63ac6c@group-23872B0778C9: set configuration 0: peers:[e2067284-0d49-4f78-bd84-4dfeb1c34035|rpc:10.1.0.38:15029|admin:10.1.0.38:15028|client:10.1.0.38:15027|dataStream:10.1.0.38:15030|priority:0|startupRole:FOLLOWER, 6a8c5c8c-0ee8-4287-ac95-4d490c63ac6c|rpc:10.1.0.38:15021|admin:10.1.0.38:15020|client:10.1.0.38:15019|dataStream:10.1.0.38:15022|priority:1|startupRole:FOLLOWER, b2d3243d-5675-45e1-a91c-710d3aed9e7e|rpc:10.1.0.38:15013|admin:10.1.0.38:15012|client:10.1.0.38:15011|dataStream:10.1.0.38:15014|priority:0|startupRole:FOLLOWER]|listeners:[], old=null
2023-05-23 10:24:54,980 [e2067284-0d49-4f78-bd84-4dfeb1c34035-server-thread1] INFO  ratis.XceiverServerRatis (XceiverServerRatis.java:handleLeaderChangedNotification(904)) - Leader change notification received for group: group-23872B0778C9 with new leaderId: 6a8c5c8c-0ee8-4287-ac95-4d490c63ac6c
2023-05-23 10:24:54,980 [e2067284-0d49-4f78-bd84-4dfeb1c34035-server-thread1] INFO  server.RaftServer$Division (ServerState.java:setLeader(317)) - e2067284-0d49-4f78-bd84-4dfeb1c34035@group-23872B0778C9: change Leader from null to 6a8c5c8c-0ee8-4287-ac95-4d490c63ac6c at term 1 for appendEntries, leader elected after 10639ms
2023-05-23 10:24:54,986 [e2067284-0d49-4f78-bd84-4dfeb1c34035-server-thread1] INFO  server.RaftServer$Division (ServerState.java:setRaftConf(434)) - e2067284-0d49-4f78-bd84-4dfeb1c34035@group-23872B0778C9: set configuration 0: peers:[e2067284-0d49-4f78-bd84-4dfeb1c34035|rpc:10.1.0.38:15029|admin:10.1.0.38:15028|client:10.1.0.38:15027|dataStream:10.1.0.38:15030|priority:0|startupRole:FOLLOWER, 6a8c5c8c-0ee8-4287-ac95-4d490c63ac6c|rpc:10.1.0.38:15021|admin:10.1.0.38:15020|client:10.1.0.38:15019|dataStream:10.1.0.38:15022|priority:1|startupRole:FOLLOWER, b2d3243d-5675-45e1-a91c-710d3aed9e7e|rpc:10.1.0.38:15013|admin:10.1.0.38:15012|client:10.1.0.38:15011|dataStream:10.1.0.38:15014|priority:0|startupRole:FOLLOWER]|listeners:[], old=null
2023-05-23 10:24:54,987 [e2067284-0d49-4f78-bd84-4dfeb1c34035-server-thread1] INFO  segmented.SegmentedRaftLogWorker (SegmentedRaftLogWorker.java:startLogSegment(447)) - e2067284-0d49-4f78-bd84-4dfeb1c34035@group-23872B0778C9-SegmentedRaftLogWorker: Starting segment from index:0
2023-05-23 10:24:54,988 [e2067284-0d49-4f78-bd84-4dfeb1c34035@group-23872B0778C9-SegmentedRaftLogWorker] INFO  segmented.SegmentedRaftLogWorker (SegmentedRaftLogWorker.java:execute(651)) - e2067284-0d49-4f78-bd84-4dfeb1c34035@group-23872B0778C9-SegmentedRaftLogWorker: created new log segment /home/runner/work/ozone/ozone/hadoop-ozone/integration-test/target/test-dir/MiniOzoneClusterImpl-95ea0607-12be-46e0-be72-f6ffafe0ad81/datanode-2/data/ratis/7a7547c5-f5da-4e43-822b-23872b0778c9/current/log_inprogress_0
2023-05-23 10:24:54,997 [b2d3243d-5675-45e1-a91c-710d3aed9e7e-server-thread1] INFO  ratis.XceiverServerRatis (XceiverServerRatis.java:handleLeaderChangedNotification(904)) - Leader change notification received for group: group-23872B0778C9 with new leaderId: 6a8c5c8c-0ee8-4287-ac95-4d490c63ac6c
2023-05-23 10:24:54,997 [b2d3243d-5675-45e1-a91c-710d3aed9e7e-server-thread1] INFO  server.RaftServer$Division (ServerState.java:setLeader(317)) - b2d3243d-5675-45e1-a91c-710d3aed9e7e@group-23872B0778C9: change Leader from null to 6a8c5c8c-0ee8-4287-ac95-4d490c63ac6c at term 1 for appendEntries, leader elected after 10579ms
2023-05-23 10:24:55,003 [b2d3243d-5675-45e1-a91c-710d3aed9e7e-server-thread2] INFO  server.RaftServer$Division (ServerState.java:setRaftConf(434)) - b2d3243d-5675-45e1-a91c-710d3aed9e7e@group-23872B0778C9: set configuration 0: peers:[e2067284-0d49-4f78-bd84-4dfeb1c34035|rpc:10.1.0.38:15029|admin:10.1.0.38:15028|client:10.1.0.38:15027|dataStream:10.1.0.38:15030|priority:0|startupRole:FOLLOWER, 6a8c5c8c-0ee8-4287-ac95-4d490c63ac6c|rpc:10.1.0.38:15021|admin:10.1.0.38:15020|client:10.1.0.38:15019|dataStream:10.1.0.38:15022|priority:1|startupRole:FOLLOWER, b2d3243d-5675-45e1-a91c-710d3aed9e7e|rpc:10.1.0.38:15013|admin:10.1.0.38:15012|client:10.1.0.38:15011|dataStream:10.1.0.38:15014|priority:0|startupRole:FOLLOWER]|listeners:[], old=null
2023-05-23 10:24:55,004 [b2d3243d-5675-45e1-a91c-710d3aed9e7e-server-thread2] INFO  segmented.SegmentedRaftLogWorker (SegmentedRaftLogWorker.java:startLogSegment(447)) - b2d3243d-5675-45e1-a91c-710d3aed9e7e@group-23872B0778C9-SegmentedRaftLogWorker: Starting segment from index:0
2023-05-23 10:24:55,006 [b2d3243d-5675-45e1-a91c-710d3aed9e7e@group-23872B0778C9-SegmentedRaftLogWorker] INFO  segmented.SegmentedRaftLogWorker (SegmentedRaftLogWorker.java:execute(651)) - b2d3243d-5675-45e1-a91c-710d3aed9e7e@group-23872B0778C9-SegmentedRaftLogWorker: created new log segment /home/runner/work/ozone/ozone/hadoop-ozone/integration-test/target/test-dir/MiniOzoneClusterImpl-95ea0607-12be-46e0-be72-f6ffafe0ad81/datanode-0/data/ratis/7a7547c5-f5da-4e43-822b-23872b0778c9/current/log_inprogress_0
2023-05-23 10:24:55,181 [Listener at 127.0.0.1/15004] INFO  ozoneimpl.OzoneContainer (OzoneContainer.java:stop(419)) - Attempting to stop container services.
2023-05-23 10:24:55,188 [Listener at 127.0.0.1/15004] INFO  server.RaftServer (RaftServerProxy.java:lambda$close$6(416)) - b2d3243d-5675-45e1-a91c-710d3aed9e7e: close
2023-05-23 10:24:55,189 [b2d3243d-5675-45e1-a91c-710d3aed9e7e-impl-thread1] INFO  server.RaftServer$Division (RaftServerImpl.java:lambda$close$4(466)) - b2d3243d-5675-45e1-a91c-710d3aed9e7e@group-5FCC1EADB69A: shutdown
2023-05-23 10:24:55,189 [b2d3243d-5675-45e1-a91c-710d3aed9e7e-impl-thread1] INFO  util.JmxRegister (JmxRegister.java:unregister(73)) - Successfully un-registered JMX Bean with object name Ratis:service=RaftServer,group=group-5FCC1EADB69A,id=b2d3243d-5675-45e1-a91c-710d3aed9e7e
2023-05-23 10:24:55,189 [b2d3243d-5675-45e1-a91c-710d3aed9e7e-impl-thread1] INFO  impl.RoleInfo (RoleInfo.java:shutdownLeaderState(93)) - b2d3243d-5675-45e1-a91c-710d3aed9e7e: shutdown b2d3243d-5675-45e1-a91c-710d3aed9e7e@group-5FCC1EADB69A-LeaderStateImpl
2023-05-23 10:24:55,189 [Listener at 127.0.0.1/15004] INFO  server.GrpcService (GrpcService.java:closeImpl(311)) - b2d3243d-5675-45e1-a91c-710d3aed9e7e: shutdown server org.apache.ratis.grpc.server.GrpcClientProtocolService now
2023-05-23 10:24:55,189 [b2d3243d-5675-45e1-a91c-710d3aed9e7e-impl-thread1] INFO  impl.PendingRequests (PendingRequests.java:sendNotLeaderResponses(289)) - b2d3243d-5675-45e1-a91c-710d3aed9e7e@group-5FCC1EADB69A-PendingRequests: sendNotLeaderResponses
2023-05-23 10:24:55,189 [b2d3243d-5675-45e1-a91c-710d3aed9e7e-impl-thread2] INFO  server.RaftServer$Division (RaftServerImpl.java:lambda$close$4(466)) - b2d3243d-5675-45e1-a91c-710d3aed9e7e@group-23872B0778C9: shutdown
2023-05-23 10:24:55,191 [b2d3243d-5675-45e1-a91c-710d3aed9e7e-impl-thread2] INFO  util.JmxRegister (JmxRegister.java:unregister(73)) - Successfully un-registered JMX Bean with object name Ratis:service=RaftServer,group=group-23872B0778C9,id=b2d3243d-5675-45e1-a91c-710d3aed9e7e
2023-05-23 10:24:55,191 [b2d3243d-5675-45e1-a91c-710d3aed9e7e-impl-thread2] INFO  impl.RoleInfo (RoleInfo.java:shutdownFollowerState(110)) - b2d3243d-5675-45e1-a91c-710d3aed9e7e: shutdown b2d3243d-5675-45e1-a91c-710d3aed9e7e@group-23872B0778C9-FollowerState
2023-05-23 10:24:55,191 [b2d3243d-5675-45e1-a91c-710d3aed9e7e@group-23872B0778C9-FollowerState] INFO  impl.FollowerState (FollowerState.java:run(152)) - b2d3243d-5675-45e1-a91c-710d3aed9e7e@group-23872B0778C9-FollowerState was interrupted
2023-05-23 10:24:55,191 [b2d3243d-5675-45e1-a91c-710d3aed9e7e-impl-thread2] INFO  impl.StateMachineUpdater (StateMachineUpdater.java:stopAndJoin(155)) - b2d3243d-5675-45e1-a91c-710d3aed9e7e@group-23872B0778C9-StateMachineUpdater: set stopIndex = -1
2023-05-23 10:24:55,191 [b2d3243d-5675-45e1-a91c-710d3aed9e7e-impl-thread2] INFO  server.RaftServer$Division (ServerState.java:close(472)) - b2d3243d-5675-45e1-a91c-710d3aed9e7e@group-23872B0778C9: closes. applyIndex: -1
2023-05-23 10:24:55,192 [b2d3243d-5675-45e1-a91c-710d3aed9e7e-impl-thread3] INFO  server.RaftServer$Division (RaftServerImpl.java:lambda$close$4(466)) - b2d3243d-5675-45e1-a91c-710d3aed9e7e@group-0F081356A623: shutdown
2023-05-23 10:24:55,193 [b2d3243d-5675-45e1-a91c-710d3aed9e7e-impl-thread3] INFO  util.JmxRegister (JmxRegister.java:unregister(73)) - Successfully un-registered JMX Bean with object name Ratis:service=RaftServer,group=group-0F081356A623,id=b2d3243d-5675-45e1-a91c-710d3aed9e7e
2023-05-23 10:24:55,193 [b2d3243d-5675-45e1-a91c-710d3aed9e7e-impl-thread3] INFO  impl.RoleInfo (RoleInfo.java:shutdownLeaderState(93)) - b2d3243d-5675-45e1-a91c-710d3aed9e7e: shutdown b2d3243d-5675-45e1-a91c-710d3aed9e7e@group-0F081356A623-LeaderStateImpl
2023-05-23 10:24:55,193 [b2d3243d-5675-45e1-a91c-710d3aed9e7e@group-5FCC1EADB69A-StateMachineUpdater] INFO  ratis.ContainerStateMachine (ContainerStateMachine.java:takeSnapshot(330)) - group-5FCC1EADB69A: Taking a snapshot at:(t:1, i:0) file /home/runner/work/ozone/ozone/hadoop-ozone/integration-test/target/test-dir/MiniOzoneClusterImpl-95ea0607-12be-46e0-be72-f6ffafe0ad81/datanode-0/data/ratis/ea5379e2-295a-4407-903c-5fcc1eadb69a/sm/snapshot.1_0
2023-05-23 10:24:55,193 [b2d3243d-5675-45e1-a91c-710d3aed9e7e-impl-thread1] INFO  impl.StateMachineUpdater (StateMachineUpdater.java:stopAndJoin(155)) - b2d3243d-5675-45e1-a91c-710d3aed9e7e@group-5FCC1EADB69A-StateMachineUpdater: set stopIndex = 0
2023-05-23 10:24:55,213 [b2d3243d-5675-45e1-a91c-710d3aed9e7e@group-0F081356A623->e2067284-0d49-4f78-bd84-4dfeb1c34035-GrpcLogAppender-LogAppenderDaemon] WARN  server.GrpcLogAppender (GrpcLogAppender.java:mayWait(199)) - b2d3243d-5675-45e1-a91c-710d3aed9e7e@group-0F081356A623->e2067284-0d49-4f78-bd84-4dfeb1c34035-GrpcLogAppender: Wait interrupted by java.lang.InterruptedException
2023-05-23 10:24:55,213 [grpc-default-executor-0] WARN  server.GrpcClientProtocolService (LogUtils.java:warn(122)) - 0-OrderedRequestStreamObserver0: onError: org.apache.ratis.thirdparty.io.grpc.StatusRuntimeException: CANCELLED: client cancelled
2023-05-23 10:24:55,216 [Thread-372] INFO  server.GrpcServerProtocolClient (GrpcServerProtocolClient.java:close(103)) - e2067284-0d49-4f78-bd84-4dfeb1c34035 Close channels
2023-05-23 10:24:55,216 [Thread-373] INFO  server.GrpcServerProtocolClient (GrpcServerProtocolClient.java:close(103)) - 6a8c5c8c-0ee8-4287-ac95-4d490c63ac6c Close channels
2023-05-23 10:24:55,214 [b2d3243d-5675-45e1-a91c-710d3aed9e7e@group-0F081356A623->6a8c5c8c-0ee8-4287-ac95-4d490c63ac6c-GrpcLogAppender-LogAppenderDaemon] WARN  server.GrpcLogAppender (GrpcLogAppender.java:mayWait(199)) - b2d3243d-5675-45e1-a91c-710d3aed9e7e@group-0F081356A623->6a8c5c8c-0ee8-4287-ac95-4d490c63ac6c-GrpcLogAppender: Wait interrupted by java.lang.InterruptedException
2023-05-23 10:24:55,213 [b2d3243d-5675-45e1-a91c-710d3aed9e7e-impl-thread3] INFO  impl.PendingRequests (PendingRequests.java:sendNotLeaderResponses(289)) - b2d3243d-5675-45e1-a91c-710d3aed9e7e@group-0F081356A623-PendingRequests: sendNotLeaderResponses
2023-05-23 10:24:55,223 [grpc-default-executor-4] INFO  server.GrpcServerProtocolService (GrpcServerProtocolService.java:onCompleted(155)) - e2067284-0d49-4f78-bd84-4dfeb1c34035: Completed APPEND_ENTRIES, lastRequest: b2d3243d-5675-45e1-a91c-710d3aed9e7e->e2067284-0d49-4f78-bd84-4dfeb1c34035#11-t1,previous=(t:1, i:4),leaderCommit=4,initializing? true,entries: size=1, first=(t:1, i:5), METADATAENTRY(c:4)
2023-05-23 10:24:55,224 [grpc-default-executor-4] INFO  server.GrpcServerProtocolService (GrpcServerProtocolService.java:lambda$onCompleted$5(157)) - e2067284-0d49-4f78-bd84-4dfeb1c34035: Completed APPEND_ENTRIES, lastReply: null
2023-05-23 10:24:55,225 [grpc-default-executor-4] INFO  server.GrpcServerProtocolService (GrpcServerProtocolService.java:onCompleted(155)) - e2067284-0d49-4f78-bd84-4dfeb1c34035: Completed APPEND_ENTRIES, lastRequest: null
2023-05-23 10:24:55,223 [grpc-default-executor-0] INFO  server.GrpcServerProtocolService (GrpcServerProtocolService.java:onCompleted(155)) - 6a8c5c8c-0ee8-4287-ac95-4d490c63ac6c: Completed APPEND_ENTRIES, lastRequest: b2d3243d-5675-45e1-a91c-710d3aed9e7e->6a8c5c8c-0ee8-4287-ac95-4d490c63ac6c#12-t1,previous=(t:1, i:4),leaderCommit=4,initializing? true,entries: size=1, first=(t:1, i:5), METADATAENTRY(c:4)
2023-05-23 10:24:55,226 [grpc-default-executor-0] INFO  server.GrpcServerProtocolService (GrpcServerProtocolService.java:lambda$onCompleted$5(157)) - 6a8c5c8c-0ee8-4287-ac95-4d490c63ac6c: Completed APPEND_ENTRIES, lastReply: null
2023-05-23 10:24:55,226 [b2d3243d-5675-45e1-a91c-710d3aed9e7e@group-0F081356A623-StateMachineUpdater] INFO  ratis.ContainerStateMachine (ContainerStateMachine.java:takeSnapshot(330)) - group-0F081356A623: Taking a snapshot at:(t:1, i:5) file /home/runner/work/ozone/ozone/hadoop-ozone/integration-test/target/test-dir/MiniOzoneClusterImpl-95ea0607-12be-46e0-be72-f6ffafe0ad81/datanode-0/data/ratis/f2eb3a5b-5bd7-42ee-9a29-0f081356a623/sm/snapshot.1_5
2023-05-23 10:24:55,226 [grpc-default-executor-3] INFO  server.GrpcLogAppender (GrpcLogAppender.java:onCompleted(428)) - b2d3243d-5675-45e1-a91c-710d3aed9e7e@group-0F081356A623->e2067284-0d49-4f78-bd84-4dfeb1c34035-AppendLogResponseHandler: follower responses appendEntries COMPLETED
2023-05-23 10:24:55,228 [grpc-default-executor-4] INFO  server.GrpcServerProtocolService (GrpcServerProtocolService.java:lambda$onCompleted$5(157)) - e2067284-0d49-4f78-bd84-4dfeb1c34035: Completed APPEND_ENTRIES, lastReply: serverReply {
  requestorId: "b2d3243d-5675-45e1-a91c-710d3aed9e7e"
  replyId: "e2067284-0d49-4f78-bd84-4dfeb1c34035"
  raftGroupId {
    id: "\362\353:[[\327B\356\232)\017\b\023V\246#"
  }
  callId: 9
  success: true
}
term: 1
nextIndex: 4
followerCommit: 3
matchIndex: 18446744073709551615
isHearbeat: true

2023-05-23 10:24:55,226 [b2d3243d-5675-45e1-a91c-710d3aed9e7e-impl-thread3] INFO  impl.StateMachineUpdater (StateMachineUpdater.java:stopAndJoin(155)) - b2d3243d-5675-45e1-a91c-710d3aed9e7e@group-0F081356A623-StateMachineUpdater: set stopIndex = 5
2023-05-23 10:24:55,224 [grpc-default-executor-2] INFO  server.GrpcServerProtocolService (GrpcServerProtocolService.java:onCompleted(155)) - 6a8c5c8c-0ee8-4287-ac95-4d490c63ac6c: Completed APPEND_ENTRIES, lastRequest: null
2023-05-23 10:24:55,229 [grpc-default-executor-4] INFO  server.GrpcLogAppender (GrpcLogAppender.java:onCompleted(428)) - b2d3243d-5675-45e1-a91c-710d3aed9e7e@group-0F081356A623->6a8c5c8c-0ee8-4287-ac95-4d490c63ac6c-AppendLogResponseHandler: follower responses appendEntries COMPLETED
2023-05-23 10:24:55,229 [grpc-default-executor-2] INFO  server.GrpcServerProtocolService (GrpcServerProtocolService.java:lambda$onCompleted$5(157)) - 6a8c5c8c-0ee8-4287-ac95-4d490c63ac6c: Completed APPEND_ENTRIES, lastReply: serverReply {
  requestorId: "b2d3243d-5675-45e1-a91c-710d3aed9e7e"
  replyId: "6a8c5c8c-0ee8-4287-ac95-4d490c63ac6c"
  raftGroupId {
    id: "\362\353:[[\327B\356\232)\017\b\023V\246#"
  }
  callId: 10
  success: true
}
term: 1
nextIndex: 4
followerCommit: 3
matchIndex: 18446744073709551615
isHearbeat: true

2023-05-23 10:24:55,230 [grpc-default-executor-0] INFO  server.GrpcLogAppender (GrpcLogAppender.java:onCompleted(428)) - b2d3243d-5675-45e1-a91c-710d3aed9e7e@group-0F081356A623->e2067284-0d49-4f78-bd84-4dfeb1c34035-AppendLogResponseHandler: follower responses appendEntries COMPLETED
2023-05-23 10:24:55,230 [grpc-default-executor-3] WARN  server.GrpcLogAppender (GrpcLogAppender.java:resetClient(137)) - b2d3243d-5675-45e1-a91c-710d3aed9e7e@group-0F081356A623->e2067284-0d49-4f78-bd84-4dfeb1c34035-GrpcLogAppender: Failed to getClient for e2067284-0d49-4f78-bd84-4dfeb1c34035
org.apache.ratis.protocol.exceptions.AlreadyClosedException: b2d3243d-5675-45e1-a91c-710d3aed9e7e is already CLOSED
	at org.apache.ratis.util.PeerProxyMap$PeerAndProxy.getProxy(PeerProxyMap.java:61)
	at org.apache.ratis.util.PeerProxyMap.getProxy(PeerProxyMap.java:115)
	at org.apache.ratis.grpc.server.GrpcLogAppender.getClient(GrpcLogAppender.java:112)
	at org.apache.ratis.grpc.server.GrpcLogAppender.resetClient(GrpcLogAppender.java:117)
	at org.apache.ratis.grpc.server.GrpcLogAppender.access$500(GrpcLogAppender.java:56)
	at org.apache.ratis.grpc.server.GrpcLogAppender$AppendLogResponseHandler.onCompleted(GrpcLogAppender.java:429)
	at org.apache.ratis.thirdparty.io.grpc.stub.ClientCalls$StreamObserverToCallListenerAdapter.onClose(ClientCalls.java:485)
	at org.apache.ratis.thirdparty.io.grpc.internal.ClientCallImpl.closeObserver(ClientCallImpl.java:563)
	at org.apache.ratis.thirdparty.io.grpc.internal.ClientCallImpl.access$300(ClientCallImpl.java:70)
	at org.apache.ratis.thirdparty.io.grpc.internal.ClientCallImpl$ClientStreamListenerImpl$1StreamClosed.runInternal(ClientCallImpl.java:744)
	at org.apache.ratis.thirdparty.io.grpc.internal.ClientCallImpl$ClientStreamListenerImpl$1StreamClosed.runInContext(ClientCallImpl.java:723)
	at org.apache.ratis.thirdparty.io.grpc.internal.ContextRunnable.run(ContextRunnable.java:37)
	at org.apache.ratis.thirdparty.io.grpc.internal.SerializingExecutor.run(SerializingExecutor.java:133)
	at java.util.concurrent.ThreadPoolExecutor.runWorker(ThreadPoolExecutor.java:1149)
	at java.util.concurrent.ThreadPoolExecutor$Worker.run(ThreadPoolExecutor.java:624)
	at java.lang.Thread.run(Thread.java:750)
2023-05-23 10:24:55,230 [grpc-default-executor-0] WARN  server.GrpcLogAppender (GrpcLogAppender.java:resetClient(137)) - b2d3243d-5675-45e1-a91c-710d3aed9e7e@group-0F081356A623->e2067284-0d49-4f78-bd84-4dfeb1c34035-GrpcLogAppender: Failed to getClient for e2067284-0d49-4f78-bd84-4dfeb1c34035
org.apache.ratis.protocol.exceptions.AlreadyClosedException: b2d3243d-5675-45e1-a91c-710d3aed9e7e is already CLOSED
	at org.apache.ratis.util.PeerProxyMap$PeerAndProxy.getProxy(PeerProxyMap.java:61)
	at org.apache.ratis.util.PeerProxyMap.getProxy(PeerProxyMap.java:115)
	at org.apache.ratis.grpc.server.GrpcLogAppender.getClient(GrpcLogAppender.java:112)
	at org.apache.ratis.grpc.server.GrpcLogAppender.resetClient(GrpcLogAppender.java:117)
	at org.apache.ratis.grpc.server.GrpcLogAppender.access$500(GrpcLogAppender.java:56)
	at org.apache.ratis.grpc.server.GrpcLogAppender$AppendLogResponseHandler.onCompleted(GrpcLogAppender.java:429)
	at org.apache.ratis.thirdparty.io.grpc.stub.ClientCalls$StreamObserverToCallListenerAdapter.onClose(ClientCalls.java:485)
	at org.apache.ratis.thirdparty.io.grpc.internal.ClientCallImpl.closeObserver(ClientCallImpl.java:563)
	at org.apache.ratis.thirdparty.io.grpc.internal.ClientCallImpl.access$300(ClientCallImpl.java:70)
	at org.apache.ratis.thirdparty.io.grpc.internal.ClientCallImpl$ClientStreamListenerImpl$1StreamClosed.runInternal(ClientCallImpl.java:744)
	at org.apache.ratis.thirdparty.io.grpc.internal.ClientCallImpl$ClientStreamListenerImpl$1StreamClosed.runInContext(ClientCallImpl.java:723)
	at org.apache.ratis.thirdparty.io.grpc.internal.ContextRunnable.run(ContextRunnable.java:37)
	at org.apache.ratis.thirdparty.io.grpc.internal.SerializingExecutor.run(SerializingExecutor.java:133)
	at java.util.concurrent.ThreadPoolExecutor.runWorker(ThreadPoolExecutor.java:1149)
	at java.util.concurrent.ThreadPoolExecutor$Worker.run(ThreadPoolExecutor.java:624)
	at java.lang.Thread.run(Thread.java:750)
2023-05-23 10:24:55,230 [grpc-default-executor-4] WARN  server.GrpcLogAppender (GrpcLogAppender.java:resetClient(137)) - b2d3243d-5675-45e1-a91c-710d3aed9e7e@group-0F081356A623->6a8c5c8c-0ee8-4287-ac95-4d490c63ac6c-GrpcLogAppender: Failed to getClient for 6a8c5c8c-0ee8-4287-ac95-4d490c63ac6c
org.apache.ratis.protocol.exceptions.AlreadyClosedException: b2d3243d-5675-45e1-a91c-710d3aed9e7e is already CLOSED
	at org.apache.ratis.util.PeerProxyMap$PeerAndProxy.getProxy(PeerProxyMap.java:61)
	at org.apache.ratis.util.PeerProxyMap.getProxy(PeerProxyMap.java:115)
	at org.apache.ratis.grpc.server.GrpcLogAppender.getClient(GrpcLogAppender.java:112)
	at org.apache.ratis.grpc.server.GrpcLogAppender.resetClient(GrpcLogAppender.java:117)
	at org.apache.ratis.grpc.server.GrpcLogAppender.access$500(GrpcLogAppender.java:56)
	at org.apache.ratis.grpc.server.GrpcLogAppender$AppendLogResponseHandler.onCompleted(GrpcLogAppender.java:429)
	at org.apache.ratis.thirdparty.io.grpc.stub.ClientCalls$StreamObserverToCallListenerAdapter.onClose(ClientCalls.java:485)
	at org.apache.ratis.thirdparty.io.grpc.internal.ClientCallImpl.closeObserver(ClientCallImpl.java:563)
	at org.apache.ratis.thirdparty.io.grpc.internal.ClientCallImpl.access$300(ClientCallImpl.java:70)
	at org.apache.ratis.thirdparty.io.grpc.internal.ClientCallImpl$ClientStreamListenerImpl$1StreamClosed.runInternal(ClientCallImpl.java:744)
	at org.apache.ratis.thirdparty.io.grpc.internal.ClientCallImpl$ClientStreamListenerImpl$1StreamClosed.runInContext(ClientCallImpl.java:723)
	at org.apache.ratis.thirdparty.io.grpc.internal.ContextRunnable.run(ContextRunnable.java:37)
	at org.apache.ratis.thirdparty.io.grpc.internal.SerializingExecutor.run(SerializingExecutor.java:133)
	at java.util.concurrent.ThreadPoolExecutor.runWorker(ThreadPoolExecutor.java:1149)
	at java.util.concurrent.ThreadPoolExecutor$Worker.run(ThreadPoolExecutor.java:624)
	at java.lang.Thread.run(Thread.java:750)
2023-05-23 10:24:55,238 [grpc-default-executor-2] INFO  server.GrpcLogAppender (GrpcLogAppender.java:onCompleted(428)) - b2d3243d-5675-45e1-a91c-710d3aed9e7e@group-0F081356A623->6a8c5c8c-0ee8-4287-ac95-4d490c63ac6c-AppendLogResponseHandler: follower responses appendEntries COMPLETED
2023-05-23 10:24:55,238 [grpc-default-executor-2] WARN  server.GrpcLogAppender (GrpcLogAppender.java:resetClient(137)) - b2d3243d-5675-45e1-a91c-710d3aed9e7e@group-0F081356A623->6a8c5c8c-0ee8-4287-ac95-4d490c63ac6c-GrpcLogAppender: Failed to getClient for 6a8c5c8c-0ee8-4287-ac95-4d490c63ac6c
org.apache.ratis.protocol.exceptions.AlreadyClosedException: b2d3243d-5675-45e1-a91c-710d3aed9e7e is already CLOSED
	at org.apache.ratis.util.PeerProxyMap$PeerAndProxy.getProxy(PeerProxyMap.java:61)
	at org.apache.ratis.util.PeerProxyMap.getProxy(PeerProxyMap.java:115)
	at org.apache.ratis.grpc.server.GrpcLogAppender.getClient(GrpcLogAppender.java:112)
	at org.apache.ratis.grpc.server.GrpcLogAppender.resetClient(GrpcLogAppender.java:117)
	at org.apache.ratis.grpc.server.GrpcLogAppender.access$500(GrpcLogAppender.java:56)
	at org.apache.ratis.grpc.server.GrpcLogAppender$AppendLogResponseHandler.onCompleted(GrpcLogAppender.java:429)
	at org.apache.ratis.thirdparty.io.grpc.stub.ClientCalls$StreamObserverToCallListenerAdapter.onClose(ClientCalls.java:485)
	at org.apache.ratis.thirdparty.io.grpc.internal.DelayedClientCall$DelayedListener$3.run(DelayedClientCall.java:471)
	at org.apache.ratis.thirdparty.io.grpc.internal.DelayedClientCall$DelayedListener.delayOrExecute(DelayedClientCall.java:435)
	at org.apache.ratis.thirdparty.io.grpc.internal.DelayedClientCall$DelayedListener.onClose(DelayedClientCall.java:468)
	at org.apache.ratis.thirdparty.io.grpc.internal.ClientCallImpl.closeObserver(ClientCallImpl.java:563)
	at org.apache.ratis.thirdparty.io.grpc.internal.ClientCallImpl.access$300(ClientCallImpl.java:70)
	at org.apache.ratis.thirdparty.io.grpc.internal.ClientCallImpl$ClientStreamListenerImpl$1StreamClosed.runInternal(ClientCallImpl.java:744)
	at org.apache.ratis.thirdparty.io.grpc.internal.ClientCallImpl$ClientStreamListenerImpl$1StreamClosed.runInContext(ClientCallImpl.java:723)
	at org.apache.ratis.thirdparty.io.grpc.internal.ContextRunnable.run(ContextRunnable.java:37)
	at org.apache.ratis.thirdparty.io.grpc.internal.SerializingExecutor.run(SerializingExecutor.java:133)
	at java.util.concurrent.ThreadPoolExecutor.runWorker(ThreadPoolExecutor.java:1149)
	at java.util.concurrent.ThreadPoolExecutor$Worker.run(ThreadPoolExecutor.java:624)
	at java.lang.Thread.run(Thread.java:750)
2023-05-23 10:24:55,243 [Listener at 127.0.0.1/15004] INFO  server.GrpcService (GrpcService.java:closeImpl(320)) - b2d3243d-5675-45e1-a91c-710d3aed9e7e: shutdown server org.apache.ratis.grpc.server.GrpcClientProtocolService successfully
2023-05-23 10:24:55,243 [Listener at 127.0.0.1/15004] INFO  server.GrpcService (GrpcService.java:closeImpl(311)) - b2d3243d-5675-45e1-a91c-710d3aed9e7e: shutdown server GrpcServerProtocolService now
2023-05-23 10:24:55,245 [grpc-default-executor-1] WARN  server.GrpcServerProtocolService (LogUtils.java:warn(122)) - b2d3243d-5675-45e1-a91c-710d3aed9e7e: APPEND_ENTRIES onError, lastRequest: null: org.apache.ratis.thirdparty.io.grpc.StatusRuntimeException: CANCELLED: client cancelled
2023-05-23 10:24:55,247 [grpc-default-executor-0] WARN  server.GrpcServerProtocolService (LogUtils.java:warn(122)) - b2d3243d-5675-45e1-a91c-710d3aed9e7e: APPEND_ENTRIES onError, lastRequest: 6a8c5c8c-0ee8-4287-ac95-4d490c63ac6c->b2d3243d-5675-45e1-a91c-710d3aed9e7e#1-t1,previous=(t:0, i:0),leaderCommit=-1,initializing? true,entries: size=1, first=(t:1, i:0), CONFIGURATIONENTRY(current:id: "e2067284-0d49-4f78-bd84-4dfeb1c34035"
address: "10.1.0.38:15029"
dataStreamAddress: "10.1.0.38:15030"
clientAddress: "10.1.0.38:15027"
adminAddress: "10.1.0.38:15028"
startupRole: FOLLOWER
,id: "6a8c5c8c-0ee8-4287-ac95-4d490c63ac6c"
address: "10.1.0.38:15021"
priority: 1
dataStreamAddress: "10.1.0.38:15022"
clientAddress: "10.1.0.38:15019"
adminAddress: "10.1.0.38:15020"
startupRole: FOLLOWER
,id: "b2d3243d-5675-45e1-a91c-710d3aed9e7e"
address: "10.1.0.38:15013"
dataStreamAddress: "10.1.0.38:15014"
clientAddress: "10.1.0.38:15011"
adminAddress: "10.1.0.38:15012"
startupRole: FOLLOWER
, old:): org.apache.ratis.thirdparty.io.grpc.StatusRuntimeException: CANCELLED: client cancelled
2023-05-23 10:24:55,248 [grpc-default-executor-4] WARN  server.GrpcLogAppender (LogUtils.java:warn(122)) - 6a8c5c8c-0ee8-4287-ac95-4d490c63ac6c@group-23872B0778C9->b2d3243d-5675-45e1-a91c-710d3aed9e7e-AppendLogResponseHandler: Failed appendEntries: org.apache.ratis.thirdparty.io.grpc.StatusRuntimeException: CANCELLED: RST_STREAM closed stream. HTTP/2 error code: CANCEL
2023-05-23 10:24:55,249 [grpc-default-executor-4] WARN  server.GrpcLogAppender (GrpcLogAppender.java:resetClient(128)) - 6a8c5c8c-0ee8-4287-ac95-4d490c63ac6c@group-23872B0778C9->b2d3243d-5675-45e1-a91c-710d3aed9e7e-GrpcLogAppender: Follower failed when matchIndex == 0,  keep nextIndex (1) unchanged and retry.
2023-05-23 10:24:55,262 [grpc-default-executor-2] WARN  server.GrpcLogAppender (LogUtils.java:warn(122)) - 6a8c5c8c-0ee8-4287-ac95-4d490c63ac6c@group-23872B0778C9->b2d3243d-5675-45e1-a91c-710d3aed9e7e-AppendLogResponseHandler: Failed appendEntries: org.apache.ratis.thirdparty.io.grpc.StatusRuntimeException: CANCELLED: RST_STREAM closed stream. HTTP/2 error code: CANCEL
2023-05-23 10:24:55,262 [grpc-default-executor-2] WARN  server.GrpcLogAppender (GrpcLogAppender.java:resetClient(128)) - 6a8c5c8c-0ee8-4287-ac95-4d490c63ac6c@group-23872B0778C9->b2d3243d-5675-45e1-a91c-710d3aed9e7e-GrpcLogAppender: Follower failed when matchIndex == 0,  keep nextIndex (1) unchanged and retry.
2023-05-23 10:24:55,262 [Listener at 127.0.0.1/15004] INFO  server.GrpcService (GrpcService.java:closeImpl(320)) - b2d3243d-5675-45e1-a91c-710d3aed9e7e: shutdown server GrpcServerProtocolService successfully
2023-05-23 10:24:55,262 [Listener at 127.0.0.1/15004] INFO  server.GrpcService (GrpcService.java:closeImpl(311)) - b2d3243d-5675-45e1-a91c-710d3aed9e7e: shutdown server org.apache.ratis.grpc.server.GrpcAdminProtocolService now
2023-05-23 10:24:55,265 [Listener at 127.0.0.1/15004] INFO  server.GrpcService (GrpcService.java:closeImpl(320)) - b2d3243d-5675-45e1-a91c-710d3aed9e7e: shutdown server org.apache.ratis.grpc.server.GrpcAdminProtocolService successfully
2023-05-23 10:24:55,265 [b2d3243d-5675-45e1-a91c-710d3aed9e7e-NettyServerStreamRpc-bossGroup--thread1] INFO  logging.LoggingHandler (AbstractInternalLogger.java:log(148)) - [id: 0x052e4914, L:/0:0:0:0:0:0:0:0:15014] CLOSE
2023-05-23 10:24:55,266 [b2d3243d-5675-45e1-a91c-710d3aed9e7e-NettyServerStreamRpc-bossGroup--thread1] INFO  logging.LoggingHandler (AbstractInternalLogger.java:log(148)) - [id: 0x052e4914, L:/0:0:0:0:0:0:0:0:15014] INACTIVE
2023-05-23 10:24:55,266 [b2d3243d-5675-45e1-a91c-710d3aed9e7e-NettyServerStreamRpc-bossGroup--thread1] INFO  logging.LoggingHandler (AbstractInternalLogger.java:log(148)) - [id: 0x052e4914, L:/0:0:0:0:0:0:0:0:15014] UNREGISTERED
2023-05-23 10:24:55,287 [b2d3243d-5675-45e1-a91c-710d3aed9e7e@group-5FCC1EADB69A-StateMachineUpdater] INFO  ratis.ContainerStateMachine (ContainerStateMachine.java:takeSnapshot(341)) - group-5FCC1EADB69A: Finished taking a snapshot at:(t:1, i:0) file:/home/runner/work/ozone/ozone/hadoop-ozone/integration-test/target/test-dir/MiniOzoneClusterImpl-95ea0607-12be-46e0-be72-f6ffafe0ad81/datanode-0/data/ratis/ea5379e2-295a-4407-903c-5fcc1eadb69a/sm/snapshot.1_0 took: 94 ms
2023-05-23 10:24:55,288 [b2d3243d-5675-45e1-a91c-710d3aed9e7e@group-0F081356A623-StateMachineUpdater] INFO  ratis.ContainerStateMachine (ContainerStateMachine.java:takeSnapshot(341)) - group-0F081356A623: Finished taking a snapshot at:(t:1, i:5) file:/home/runner/work/ozone/ozone/hadoop-ozone/integration-test/target/test-dir/MiniOzoneClusterImpl-95ea0607-12be-46e0-be72-f6ffafe0ad81/datanode-0/data/ratis/f2eb3a5b-5bd7-42ee-9a29-0f081356a623/sm/snapshot.1_5 took: 62 ms
2023-05-23 10:24:55,289 [b2d3243d-5675-45e1-a91c-710d3aed9e7e@group-0F081356A623-StateMachineUpdater] INFO  impl.StateMachineUpdater (StateMachineUpdater.java:takeSnapshot(291)) - b2d3243d-5675-45e1-a91c-710d3aed9e7e@group-0F081356A623-StateMachineUpdater: Took a snapshot at index 5
2023-05-23 10:24:55,289 [b2d3243d-5675-45e1-a91c-710d3aed9e7e@group-5FCC1EADB69A-StateMachineUpdater] INFO  impl.StateMachineUpdater (StateMachineUpdater.java:takeSnapshot(291)) - b2d3243d-5675-45e1-a91c-710d3aed9e7e@group-5FCC1EADB69A-StateMachineUpdater: Took a snapshot at index 0
2023-05-23 10:24:55,289 [b2d3243d-5675-45e1-a91c-710d3aed9e7e@group-0F081356A623-StateMachineUpdater] INFO  impl.StateMachineUpdater (StateMachineUpdater.java:lambda$new$0(97)) - b2d3243d-5675-45e1-a91c-710d3aed9e7e@group-0F081356A623-StateMachineUpdater: snapshotIndex: updateIncreasingly -1 -> 5
2023-05-23 10:24:55,293 [b2d3243d-5675-45e1-a91c-710d3aed9e7e@group-5FCC1EADB69A-StateMachineUpdater] INFO  impl.StateMachineUpdater (StateMachineUpdater.java:lambda$new$0(97)) - b2d3243d-5675-45e1-a91c-710d3aed9e7e@group-5FCC1EADB69A-StateMachineUpdater: snapshotIndex: updateIncreasingly -1 -> 0
2023-05-23 10:24:55,293 [b2d3243d-5675-45e1-a91c-710d3aed9e7e-impl-thread3] INFO  server.RaftServer$Division (ServerState.java:close(472)) - b2d3243d-5675-45e1-a91c-710d3aed9e7e@group-0F081356A623: closes. applyIndex: 5
2023-05-23 10:24:55,293 [b2d3243d-5675-45e1-a91c-710d3aed9e7e-impl-thread1] INFO  server.RaftServer$Division (ServerState.java:close(472)) - b2d3243d-5675-45e1-a91c-710d3aed9e7e@group-5FCC1EADB69A: closes. applyIndex: 0
2023-05-23 10:24:55,783 [ReplicationMonitor] INFO  replication.ReplicationManager (ReplicationManager.java:processAll(403)) - Replication Monitor Thread took 5 milliseconds for processing 1 containers.
2023-05-23 10:24:55,846 [b2d3243d-5675-45e1-a91c-710d3aed9e7e-impl-thread3] INFO  segmented.SegmentedRaftLogWorker (SegmentedRaftLogWorker.java:close(252)) - b2d3243d-5675-45e1-a91c-710d3aed9e7e@group-0F081356A623-SegmentedRaftLogWorker close()
2023-05-23 10:24:55,897 [b2d3243d-5675-45e1-a91c-710d3aed9e7e-impl-thread1] INFO  segmented.SegmentedRaftLogWorker (SegmentedRaftLogWorker.java:close(252)) - b2d3243d-5675-45e1-a91c-710d3aed9e7e@group-5FCC1EADB69A-SegmentedRaftLogWorker close()
2023-05-23 10:24:56,008 [b2d3243d-5675-45e1-a91c-710d3aed9e7e-impl-thread2] INFO  segmented.SegmentedRaftLogWorker (SegmentedRaftLogWorker.java:close(252)) - b2d3243d-5675-45e1-a91c-710d3aed9e7e@group-23872B0778C9-SegmentedRaftLogWorker close()
2023-05-23 10:24:56,009 [JvmPauseMonitor1] INFO  util.JvmPauseMonitor (JvmPauseMonitor.java:run(109)) - JvmPauseMonitor-b2d3243d-5675-45e1-a91c-710d3aed9e7e: Stopped
2023-05-23 10:24:56,784 [ReplicationMonitor] INFO  replication.ReplicationManager (ReplicationManager.java:processAll(403)) - Replication Monitor Thread took 1 milliseconds for processing 1 containers.
2023-05-23 10:24:57,525 [grpc-default-executor-2] WARN  server.GrpcLogAppender (LogUtils.java:warn(122)) - 6a8c5c8c-0ee8-4287-ac95-4d490c63ac6c@group-23872B0778C9->b2d3243d-5675-45e1-a91c-710d3aed9e7e-AppendLogResponseHandler: Failed appendEntries: org.apache.ratis.thirdparty.io.grpc.StatusRuntimeException: UNAVAILABLE: io exception
2023-05-23 10:24:57,526 [grpc-default-executor-2] WARN  server.GrpcLogAppender (GrpcLogAppender.java:resetClient(128)) - 6a8c5c8c-0ee8-4287-ac95-4d490c63ac6c@group-23872B0778C9->b2d3243d-5675-45e1-a91c-710d3aed9e7e-GrpcLogAppender: Follower failed when matchIndex == 0,  keep nextIndex (1) unchanged and retry.
2023-05-23 10:24:57,527 [grpc-default-executor-2] WARN  server.GrpcLogAppender (LogUtils.java:warn(122)) - 6a8c5c8c-0ee8-4287-ac95-4d490c63ac6c@group-23872B0778C9->b2d3243d-5675-45e1-a91c-710d3aed9e7e-AppendLogResponseHandler: Failed appendEntries: org.apache.ratis.thirdparty.io.grpc.StatusRuntimeException: UNAVAILABLE: io exception
2023-05-23 10:24:57,527 [grpc-default-executor-2] WARN  server.GrpcLogAppender (GrpcLogAppender.java:resetClient(128)) - 6a8c5c8c-0ee8-4287-ac95-4d490c63ac6c@group-23872B0778C9->b2d3243d-5675-45e1-a91c-710d3aed9e7e-GrpcLogAppender: Follower failed when matchIndex == 0,  keep nextIndex (1) unchanged and retry.
2023-05-23 10:24:57,785 [ReplicationMonitor] INFO  replication.ReplicationManager (ReplicationManager.java:processAll(403)) - Replication Monitor Thread took 1 milliseconds for processing 1 containers.
2023-05-23 10:24:57,891 [EventQueue-StaleNodeForStaleNodeHandler] INFO  node.StaleNodeHandler (StaleNodeHandler.java:onMessage(59)) - Datanode b2d3243d-5675-45e1-a91c-710d3aed9e7e(fv-az1249-304/10.1.0.38) moved to stale state. Finalizing its pipelines [PipelineID=ea5379e2-295a-4407-903c-5fcc1eadb69a, PipelineID=7a7547c5-f5da-4e43-822b-23872b0778c9, PipelineID=f2eb3a5b-5bd7-42ee-9a29-0f081356a623]
2023-05-23 10:24:57,892 [EventQueue-StaleNodeForStaleNodeHandler] INFO  pipeline.PipelineManagerImpl (PipelineManagerImpl.java:closePipeline(442)) - Pipeline Pipeline[ Id: ea5379e2-295a-4407-903c-5fcc1eadb69a, Nodes: b2d3243d-5675-45e1-a91c-710d3aed9e7e(fv-az1249-304/10.1.0.38), ReplicationConfig: RATIS/ONE, State:OPEN, leaderId:b2d3243d-5675-45e1-a91c-710d3aed9e7e, CreationTimestamp2023-05-23T10:24:40.637Z[Etc/UTC]] moved to CLOSED state
2023-05-23 10:24:57,893 [EventQueue-StaleNodeForStaleNodeHandler] INFO  pipeline.PipelineManagerImpl (PipelineManagerImpl.java:closePipeline(442)) - Pipeline Pipeline[ Id: 7a7547c5-f5da-4e43-822b-23872b0778c9, Nodes: e2067284-0d49-4f78-bd84-4dfeb1c34035(fv-az1249-304/10.1.0.38)b2d3243d-5675-45e1-a91c-710d3aed9e7e(fv-az1249-304/10.1.0.38)6a8c5c8c-0ee8-4287-ac95-4d490c63ac6c(fv-az1249-304/10.1.0.38), ReplicationConfig: RATIS/THREE, State:OPEN, leaderId:6a8c5c8c-0ee8-4287-ac95-4d490c63ac6c, CreationTimestamp2023-05-23T10:24:41.604Z[Etc/UTC]] moved to CLOSED state
2023-05-23 10:24:57,893 [EventQueue-StaleNodeForStaleNodeHandler] INFO  pipeline.PipelineManagerImpl (PipelineManagerImpl.java:closePipeline(442)) - Pipeline Pipeline[ Id: f2eb3a5b-5bd7-42ee-9a29-0f081356a623, Nodes: b2d3243d-5675-45e1-a91c-710d3aed9e7e(fv-az1249-304/10.1.0.38)6a8c5c8c-0ee8-4287-ac95-4d490c63ac6c(fv-az1249-304/10.1.0.38)e2067284-0d49-4f78-bd84-4dfeb1c34035(fv-az1249-304/10.1.0.38), ReplicationConfig: RATIS/THREE, State:OPEN, leaderId:b2d3243d-5675-45e1-a91c-710d3aed9e7e, CreationTimestamp2023-05-23T10:24:41.595Z[Etc/UTC]] moved to CLOSED state
2023-05-23 10:24:58,049 [Listener at 127.0.0.1/15004] INFO  utils.DatanodeStoreCache (DatanodeStoreCache.java:shutdownCache(110)) - Skip clearing cache in mini cluster mode. Entries left: [/home/runner/work/ozone/ozone/hadoop-ozone/integration-test/target/test-dir/MiniOzoneClusterImpl-95ea0607-12be-46e0-be72-f6ffafe0ad81/datanode-0/data-0/containers/hdds/95ea0607-12be-46e0-be72-f6ffafe0ad81/DS-f0da91af-e848-4f0a-afeb-14faff8a02d0/container.db, /home/runner/work/ozone/ozone/hadoop-ozone/integration-test/target/test-dir/MiniOzoneClusterImpl-95ea0607-12be-46e0-be72-f6ffafe0ad81/datanode-1/data-0/containers/hdds/95ea0607-12be-46e0-be72-f6ffafe0ad81/DS-6cfb76f3-0a8a-4d44-bef1-ffa1b820fd4d/container.db, /home/runner/work/ozone/ozone/hadoop-ozone/integration-test/target/test-dir/MiniOzoneClusterImpl-95ea0607-12be-46e0-be72-f6ffafe0ad81/datanode-2/data-0/containers/hdds/95ea0607-12be-46e0-be72-f6ffafe0ad81/DS-f7e9030c-5df9-48ec-8697-a76fd45b0cc2/container.db, /home/runner/work/ozone/ozone/hadoop-ozone/integration-test/target/test-dir/MiniOzoneClusterImpl-95ea0607-12be-46e0-be72-f6ffafe0ad81/datanode-3/data-0/containers/hdds/95ea0607-12be-46e0-be72-f6ffafe0ad81/DS-e63d50c4-6c5d-448a-9b31-cdfd66248640/container.db, /home/runner/work/ozone/ozone/hadoop-ozone/integration-test/target/test-dir/MiniOzoneClusterImpl-95ea0607-12be-46e0-be72-f6ffafe0ad81/datanode-4/data-0/containers/hdds/95ea0607-12be-46e0-be72-f6ffafe0ad81/DS-0cc61d3b-4dd5-453d-b6c9-39a5902bbc6e/container.db]
2023-05-23 10:24:58,059 [Listener at 127.0.0.1/15004] INFO  utils.DatanodeStoreCache (DatanodeStoreCache.java:removeDB(104)) - Removed db /home/runner/work/ozone/ozone/hadoop-ozone/integration-test/target/test-dir/MiniOzoneClusterImpl-95ea0607-12be-46e0-be72-f6ffafe0ad81/datanode-0/data-0/containers/hdds/95ea0607-12be-46e0-be72-f6ffafe0ad81/DS-f0da91af-e848-4f0a-afeb-14faff8a02d0/container.db from cache
2023-05-23 10:24:58,059 [Listener at 127.0.0.1/15004] INFO  volume.HddsVolume (HddsVolume.java:closeDbStore(437)) - SchemaV3 db is stopped at /home/runner/work/ozone/ozone/hadoop-ozone/integration-test/target/test-dir/MiniOzoneClusterImpl-95ea0607-12be-46e0-be72-f6ffafe0ad81/datanode-0/data-0/containers/hdds/95ea0607-12be-46e0-be72-f6ffafe0ad81/DS-f0da91af-e848-4f0a-afeb-14faff8a02d0/container.db for volume DS-f0da91af-e848-4f0a-afeb-14faff8a02d0
2023-05-23 10:24:58,059 [Listener at 127.0.0.1/15004] INFO  utils.BackgroundService (BackgroundService.java:shutdown(141)) - Shutting down service BlockDeletingService
2023-05-23 10:24:58,060 [Listener at 127.0.0.1/15004] INFO  utils.BackgroundService (BackgroundService.java:shutdown(141)) - Shutting down service StaleRecoveringContainerScrubbingService
2023-05-23 10:24:58,062 [Listener at 127.0.0.1/15004] INFO  statemachine.DatanodeStateMachine (DatanodeStateMachine.java:stopDaemon(608)) - Ozone container server stopped.
2023-05-23 10:24:58,074 [Listener at 127.0.0.1/15004] INFO  handler.ContextHandler (ContextHandler.java:doStop(1159)) - Stopped o.e.j.w.WebAppContext@2717be25{hddsDatanode,/,null,STOPPED}{jar:file:/home/runner/.m2/repository/org/apache/ozone/hdds-container-service/1.4.0-SNAPSHOT/hdds-container-service-1.4.0-SNAPSHOT.jar!/webapps/hddsDatanode}
2023-05-23 10:24:58,080 [Listener at 127.0.0.1/15004] INFO  server.AbstractConnector (AbstractConnector.java:doStop(383)) - Stopped ServerConnector@20b3a94d{HTTP/1.1, (http/1.1)}{0.0.0.0:15009}
2023-05-23 10:24:58,080 [Listener at 127.0.0.1/15004] INFO  server.session (HouseKeeper.java:stopScavenging(149)) - node0 Stopped scavenging
2023-05-23 10:24:58,081 [Listener at 127.0.0.1/15004] INFO  handler.ContextHandler (ContextHandler.java:doStop(1159)) - Stopped o.e.j.s.ServletContextHandler@430dd691{static,/static,jar:file:/home/runner/.m2/repository/org/apache/ozone/hdds-container-service/1.4.0-SNAPSHOT/hdds-container-service-1.4.0-SNAPSHOT.jar!/webapps/static,STOPPED}
2023-05-23 10:24:58,081 [Listener at 127.0.0.1/15004] INFO  handler.ContextHandler (ContextHandler.java:doStop(1159)) - Stopped o.e.j.s.ServletContextHandler@387520f8{logs,/logs,file:///home/runner/work/ozone/ozone/hadoop-ozone/integration-test/target/log,STOPPED}
2023-05-23 10:24:58,087 [Listener at 127.0.0.1/15004] INFO  container.TestHelper (TestHelper.java:countReplicas(423)) - Container 1 has 3 replicas on [6a8c5c8c-0ee8-4287-ac95-4d490c63ac6c, b2d3243d-5675-45e1-a91c-710d3aed9e7e, e2067284-0d49-4f78-bd84-4dfeb1c34035]
2023-05-23 10:24:58,764 [grpc-default-executor-0] WARN  server.GrpcLogAppender (LogUtils.java:warn(122)) - 6a8c5c8c-0ee8-4287-ac95-4d490c63ac6c@group-23872B0778C9->b2d3243d-5675-45e1-a91c-710d3aed9e7e-AppendLogResponseHandler: Failed appendEntries: org.apache.ratis.thirdparty.io.grpc.StatusRuntimeException: UNAVAILABLE: io exception
2023-05-23 10:24:58,764 [grpc-default-executor-2] WARN  server.GrpcLogAppender (LogUtils.java:warn(122)) - 6a8c5c8c-0ee8-4287-ac95-4d490c63ac6c@group-23872B0778C9->b2d3243d-5675-45e1-a91c-710d3aed9e7e-AppendLogResponseHandler: Failed appendEntries: org.apache.ratis.thirdparty.io.grpc.StatusRuntimeException: UNAVAILABLE: io exception
2023-05-23 10:24:58,765 [grpc-default-executor-0] WARN  server.GrpcLogAppender (GrpcLogAppender.java:resetClient(128)) - 6a8c5c8c-0ee8-4287-ac95-4d490c63ac6c@group-23872B0778C9->b2d3243d-5675-45e1-a91c-710d3aed9e7e-GrpcLogAppender: Follower failed when matchIndex == 0,  keep nextIndex (1) unchanged and retry.
2023-05-23 10:24:58,767 [grpc-default-executor-2] WARN  server.GrpcLogAppender (GrpcLogAppender.java:resetClient(128)) - 6a8c5c8c-0ee8-4287-ac95-4d490c63ac6c@group-23872B0778C9->b2d3243d-5675-45e1-a91c-710d3aed9e7e-GrpcLogAppender: Follower failed when matchIndex == 0,  keep nextIndex (1) unchanged and retry.
2023-05-23 10:24:58,786 [ReplicationMonitor] INFO  replication.ReplicationManager (ReplicationManager.java:processAll(403)) - Replication Monitor Thread took 1 milliseconds for processing 1 containers.
2023-05-23 10:24:59,088 [Listener at 127.0.0.1/15004] INFO  container.TestHelper (TestHelper.java:countReplicas(423)) - Container 1 has 3 replicas on [6a8c5c8c-0ee8-4287-ac95-4d490c63ac6c, b2d3243d-5675-45e1-a91c-710d3aed9e7e, e2067284-0d49-4f78-bd84-4dfeb1c34035]
2023-05-23 10:24:59,787 [ReplicationMonitor] INFO  replication.ReplicationManager (ReplicationManager.java:processAll(403)) - Replication Monitor Thread took 1 milliseconds for processing 1 containers.
2023-05-23 10:25:00,015 [grpc-default-executor-2] WARN  server.GrpcLogAppender (LogUtils.java:warn(122)) - 6a8c5c8c-0ee8-4287-ac95-4d490c63ac6c@group-23872B0778C9->b2d3243d-5675-45e1-a91c-710d3aed9e7e-AppendLogResponseHandler: Failed appendEntries: org.apache.ratis.thirdparty.io.grpc.StatusRuntimeException: UNAVAILABLE: io exception
2023-05-23 10:25:00,015 [grpc-default-executor-0] WARN  server.GrpcLogAppender (LogUtils.java:warn(122)) - 6a8c5c8c-0ee8-4287-ac95-4d490c63ac6c@group-23872B0778C9->b2d3243d-5675-45e1-a91c-710d3aed9e7e-AppendLogResponseHandler: Failed appendEntries: org.apache.ratis.thirdparty.io.grpc.StatusRuntimeException: UNAVAILABLE: io exception
2023-05-23 10:25:00,016 [grpc-default-executor-2] WARN  server.GrpcLogAppender (GrpcLogAppender.java:resetClient(128)) - 6a8c5c8c-0ee8-4287-ac95-4d490c63ac6c@group-23872B0778C9->b2d3243d-5675-45e1-a91c-710d3aed9e7e-GrpcLogAppender: Follower failed when matchIndex == 0,  keep nextIndex (1) unchanged and retry.
2023-05-23 10:25:00,017 [grpc-default-executor-0] WARN  server.GrpcLogAppender (GrpcLogAppender.java:resetClient(128)) - 6a8c5c8c-0ee8-4287-ac95-4d490c63ac6c@group-23872B0778C9->b2d3243d-5675-45e1-a91c-710d3aed9e7e-GrpcLogAppender: Follower failed when matchIndex == 0,  keep nextIndex (1) unchanged and retry.
2023-05-23 10:25:00,088 [Listener at 127.0.0.1/15004] INFO  container.TestHelper (TestHelper.java:countReplicas(423)) - Container 1 has 3 replicas on [6a8c5c8c-0ee8-4287-ac95-4d490c63ac6c, b2d3243d-5675-45e1-a91c-710d3aed9e7e, e2067284-0d49-4f78-bd84-4dfeb1c34035]
2023-05-23 10:25:00,787 [ReplicationMonitor] INFO  replication.ReplicationManager (ReplicationManager.java:processAll(403)) - Replication Monitor Thread took 0 milliseconds for processing 1 containers.
2023-05-23 10:25:00,895 [EventQueue-DeadNodeForDeadNodeHandler] INFO  node.DeadNodeHandler (DeadNodeHandler.java:onMessage(83)) - A dead datanode is detected. b2d3243d-5675-45e1-a91c-710d3aed9e7e(fv-az1249-304/10.1.0.38)
2023-05-23 10:25:00,897 [EventQueue-DeadNodeForDeadNodeHandler] INFO  pipeline.RatisPipelineProvider (RatisPipelineProvider.java:lambda$close$4(272)) - Send pipeline:PipelineID=ea5379e2-295a-4407-903c-5fcc1eadb69a close command to datanode b2d3243d-5675-45e1-a91c-710d3aed9e7e
2023-05-23 10:25:00,898 [EventQueue-DeadNodeForDeadNodeHandler] INFO  pipeline.PipelineStateManagerImpl (PipelineStateManagerImpl.java:removePipeline(245)) - Pipeline Pipeline[ Id: ea5379e2-295a-4407-903c-5fcc1eadb69a, Nodes: b2d3243d-5675-45e1-a91c-710d3aed9e7e(fv-az1249-304/10.1.0.38), ReplicationConfig: RATIS/ONE, State:CLOSED, leaderId:b2d3243d-5675-45e1-a91c-710d3aed9e7e, CreationTimestamp2023-05-23T10:24:40.637Z[Etc/UTC]] removed.
2023-05-23 10:25:00,898 [EventQueue-DeadNodeForDeadNodeHandler] INFO  pipeline.RatisPipelineProvider (RatisPipelineProvider.java:lambda$close$4(272)) - Send pipeline:PipelineID=7a7547c5-f5da-4e43-822b-23872b0778c9 close command to datanode e2067284-0d49-4f78-bd84-4dfeb1c34035
2023-05-23 10:25:00,898 [EventQueue-DeadNodeForDeadNodeHandler] INFO  pipeline.RatisPipelineProvider (RatisPipelineProvider.java:lambda$close$4(272)) - Send pipeline:PipelineID=7a7547c5-f5da-4e43-822b-23872b0778c9 close command to datanode b2d3243d-5675-45e1-a91c-710d3aed9e7e
2023-05-23 10:25:00,898 [EventQueue-DeadNodeForDeadNodeHandler] INFO  pipeline.RatisPipelineProvider (RatisPipelineProvider.java:lambda$close$4(272)) - Send pipeline:PipelineID=7a7547c5-f5da-4e43-822b-23872b0778c9 close command to datanode 6a8c5c8c-0ee8-4287-ac95-4d490c63ac6c
2023-05-23 10:25:00,899 [EventQueue-DeadNodeForDeadNodeHandler] INFO  pipeline.PipelineStateManagerImpl (PipelineStateManagerImpl.java:removePipeline(245)) - Pipeline Pipeline[ Id: 7a7547c5-f5da-4e43-822b-23872b0778c9, Nodes: e2067284-0d49-4f78-bd84-4dfeb1c34035(fv-az1249-304/10.1.0.38)b2d3243d-5675-45e1-a91c-710d3aed9e7e(fv-az1249-304/10.1.0.38)6a8c5c8c-0ee8-4287-ac95-4d490c63ac6c(fv-az1249-304/10.1.0.38), ReplicationConfig: RATIS/THREE, State:CLOSED, leaderId:6a8c5c8c-0ee8-4287-ac95-4d490c63ac6c, CreationTimestamp2023-05-23T10:24:41.604Z[Etc/UTC]] removed.
2023-05-23 10:25:00,899 [EventQueue-DeadNodeForDeadNodeHandler] INFO  pipeline.RatisPipelineProvider (RatisPipelineProvider.java:lambda$close$4(272)) - Send pipeline:PipelineID=f2eb3a5b-5bd7-42ee-9a29-0f081356a623 close command to datanode b2d3243d-5675-45e1-a91c-710d3aed9e7e
2023-05-23 10:25:00,899 [EventQueue-DeadNodeForDeadNodeHandler] INFO  pipeline.RatisPipelineProvider (RatisPipelineProvider.java:lambda$close$4(272)) - Send pipeline:PipelineID=f2eb3a5b-5bd7-42ee-9a29-0f081356a623 close command to datanode 6a8c5c8c-0ee8-4287-ac95-4d490c63ac6c
2023-05-23 10:25:00,899 [EventQueue-DeadNodeForDeadNodeHandler] INFO  pipeline.RatisPipelineProvider (RatisPipelineProvider.java:lambda$close$4(272)) - Send pipeline:PipelineID=f2eb3a5b-5bd7-42ee-9a29-0f081356a623 close command to datanode e2067284-0d49-4f78-bd84-4dfeb1c34035
2023-05-23 10:25:00,899 [EventQueue-DeadNodeForDeadNodeHandler] INFO  pipeline.PipelineStateManagerImpl (PipelineStateManagerImpl.java:removePipeline(245)) - Pipeline Pipeline[ Id: f2eb3a5b-5bd7-42ee-9a29-0f081356a623, Nodes: b2d3243d-5675-45e1-a91c-710d3aed9e7e(fv-az1249-304/10.1.0.38)6a8c5c8c-0ee8-4287-ac95-4d490c63ac6c(fv-az1249-304/10.1.0.38)e2067284-0d49-4f78-bd84-4dfeb1c34035(fv-az1249-304/10.1.0.38), ReplicationConfig: RATIS/THREE, State:CLOSED, leaderId:b2d3243d-5675-45e1-a91c-710d3aed9e7e, CreationTimestamp2023-05-23T10:24:41.595Z[Etc/UTC]] removed.
2023-05-23 10:25:00,901 [EventQueue-DeadNodeForDeadNodeHandler] INFO  node.DeadNodeHandler (DeadNodeHandler.java:onMessage(96)) - Clearing command queue of size 3 for DN b2d3243d-5675-45e1-a91c-710d3aed9e7e(fv-az1249-304/10.1.0.38)
2023-05-23 10:25:00,901 [EventQueue-DeadNodeForDeadNodeHandler] INFO  net.NetworkTopologyImpl (NetworkTopologyImpl.java:remove(190)) - Removed a node: /default-rack/b2d3243d-5675-45e1-a91c-710d3aed9e7e
2023-05-23 10:25:01,089 [Listener at 127.0.0.1/15004] INFO  container.TestHelper (TestHelper.java:countReplicas(423)) - Container 1 has 2 replicas on [6a8c5c8c-0ee8-4287-ac95-4d490c63ac6c, e2067284-0d49-4f78-bd84-4dfeb1c34035]
2023-05-23 10:25:01,089 [Listener at 127.0.0.1/15004] INFO  container.TestHelper (TestHelper.java:countReplicas(423)) - Container 1 has 2 replicas on [6a8c5c8c-0ee8-4287-ac95-4d490c63ac6c, e2067284-0d49-4f78-bd84-4dfeb1c34035]
2023-05-23 10:25:01,265 [grpc-default-executor-0] WARN  server.GrpcLogAppender (LogUtils.java:warn(122)) - 6a8c5c8c-0ee8-4287-ac95-4d490c63ac6c@group-23872B0778C9->b2d3243d-5675-45e1-a91c-710d3aed9e7e-AppendLogResponseHandler: Failed appendEntries: org.apache.ratis.thirdparty.io.grpc.StatusRuntimeException: UNAVAILABLE: io exception
2023-05-23 10:25:01,266 [grpc-default-executor-2] WARN  server.GrpcLogAppender (LogUtils.java:warn(122)) - 6a8c5c8c-0ee8-4287-ac95-4d490c63ac6c@group-23872B0778C9->b2d3243d-5675-45e1-a91c-710d3aed9e7e-AppendLogResponseHandler: Failed appendEntries: org.apache.ratis.thirdparty.io.grpc.StatusRuntimeException: UNAVAILABLE: io exception
2023-05-23 10:25:01,267 [grpc-default-executor-0] WARN  server.GrpcLogAppender (GrpcLogAppender.java:resetClient(128)) - 6a8c5c8c-0ee8-4287-ac95-4d490c63ac6c@group-23872B0778C9->b2d3243d-5675-45e1-a91c-710d3aed9e7e-GrpcLogAppender: Follower failed when matchIndex == 0,  keep nextIndex (1) unchanged and retry.
2023-05-23 10:25:01,267 [grpc-default-executor-2] WARN  server.GrpcLogAppender (GrpcLogAppender.java:resetClient(128)) - 6a8c5c8c-0ee8-4287-ac95-4d490c63ac6c@group-23872B0778C9->b2d3243d-5675-45e1-a91c-710d3aed9e7e-GrpcLogAppender: Follower failed when matchIndex == 0,  keep nextIndex (1) unchanged and retry.
2023-05-23 10:25:01,789 [ReplicationMonitor] INFO  replication.ReplicationManager (ReplicationManager.java:processAll(403)) - Replication Monitor Thread took 1 milliseconds for processing 1 containers.
2023-05-23 10:25:01,954 [Command processor thread] INFO  server.RaftServer (RaftServerProxy.java:remove(109)) - 6a8c5c8c-0ee8-4287-ac95-4d490c63ac6c: remove    LEADER 6a8c5c8c-0ee8-4287-ac95-4d490c63ac6c@group-23872B0778C9:t1, leader=6a8c5c8c-0ee8-4287-ac95-4d490c63ac6c, voted=6a8c5c8c-0ee8-4287-ac95-4d490c63ac6c, raftlog=Memoized:6a8c5c8c-0ee8-4287-ac95-4d490c63ac6c@group-23872B0778C9-SegmentedRaftLog:OPENED:c0, conf=0: peers:[e2067284-0d49-4f78-bd84-4dfeb1c34035|rpc:10.1.0.38:15029|admin:10.1.0.38:15028|client:10.1.0.38:15027|dataStream:10.1.0.38:15030|priority:0|startupRole:FOLLOWER, 6a8c5c8c-0ee8-4287-ac95-4d490c63ac6c|rpc:10.1.0.38:15021|admin:10.1.0.38:15020|client:10.1.0.38:15019|dataStream:10.1.0.38:15022|priority:1|startupRole:FOLLOWER, b2d3243d-5675-45e1-a91c-710d3aed9e7e|rpc:10.1.0.38:15013|admin:10.1.0.38:15012|client:10.1.0.38:15011|dataStream:10.1.0.38:15014|priority:0|startupRole:FOLLOWER]|listeners:[], old=null RUNNING
2023-05-23 10:25:01,956 [Command processor thread] INFO  server.RaftServer$Division (RaftServerImpl.java:lambda$close$4(466)) - 6a8c5c8c-0ee8-4287-ac95-4d490c63ac6c@group-23872B0778C9: shutdown
2023-05-23 10:25:01,956 [Command processor thread] INFO  util.JmxRegister (JmxRegister.java:unregister(73)) - Successfully un-registered JMX Bean with object name Ratis:service=RaftServer,group=group-23872B0778C9,id=6a8c5c8c-0ee8-4287-ac95-4d490c63ac6c
2023-05-23 10:25:01,956 [Command processor thread] INFO  impl.RoleInfo (RoleInfo.java:shutdownLeaderState(93)) - 6a8c5c8c-0ee8-4287-ac95-4d490c63ac6c: shutdown 6a8c5c8c-0ee8-4287-ac95-4d490c63ac6c@group-23872B0778C9-LeaderStateImpl
2023-05-23 10:25:01,956 [6a8c5c8c-0ee8-4287-ac95-4d490c63ac6c@group-23872B0778C9->e2067284-0d49-4f78-bd84-4dfeb1c34035-GrpcLogAppender-LogAppenderDaemon] WARN  server.GrpcLogAppender (GrpcLogAppender.java:mayWait(199)) - 6a8c5c8c-0ee8-4287-ac95-4d490c63ac6c@group-23872B0778C9->e2067284-0d49-4f78-bd84-4dfeb1c34035-GrpcLogAppender: Wait interrupted by java.lang.InterruptedException
2023-05-23 10:25:01,957 [6a8c5c8c-0ee8-4287-ac95-4d490c63ac6c@group-23872B0778C9->b2d3243d-5675-45e1-a91c-710d3aed9e7e-GrpcLogAppender-LogAppenderDaemon] WARN  server.GrpcLogAppender (GrpcLogAppender.java:mayWait(199)) - 6a8c5c8c-0ee8-4287-ac95-4d490c63ac6c@group-23872B0778C9->b2d3243d-5675-45e1-a91c-710d3aed9e7e-GrpcLogAppender: Wait interrupted by java.lang.InterruptedException
2023-05-23 10:25:01,957 [Command processor thread] INFO  impl.PendingRequests (PendingRequests.java:sendNotLeaderResponses(289)) - 6a8c5c8c-0ee8-4287-ac95-4d490c63ac6c@group-23872B0778C9-PendingRequests: sendNotLeaderResponses
2023-05-23 10:25:01,958 [grpc-default-executor-2] INFO  server.GrpcServerProtocolService (GrpcServerProtocolService.java:onCompleted(155)) - e2067284-0d49-4f78-bd84-4dfeb1c34035: Completed APPEND_ENTRIES, lastRequest: null
2023-05-23 10:25:01,959 [Command processor thread] INFO  impl.StateMachineUpdater (StateMachineUpdater.java:stopAndJoin(155)) - 6a8c5c8c-0ee8-4287-ac95-4d490c63ac6c@group-23872B0778C9-StateMachineUpdater: set stopIndex = 0
2023-05-23 10:25:01,959 [6a8c5c8c-0ee8-4287-ac95-4d490c63ac6c@group-23872B0778C9-StateMachineUpdater] INFO  ratis.ContainerStateMachine (ContainerStateMachine.java:takeSnapshot(330)) - group-23872B0778C9: Taking a snapshot at:(t:1, i:0) file /home/runner/work/ozone/ozone/hadoop-ozone/integration-test/target/test-dir/MiniOzoneClusterImpl-95ea0607-12be-46e0-be72-f6ffafe0ad81/datanode-1/data/ratis/7a7547c5-f5da-4e43-822b-23872b0778c9/sm/snapshot.1_0
2023-05-23 10:25:01,960 [grpc-default-executor-0] INFO  server.GrpcServerProtocolService (GrpcServerProtocolService.java:onCompleted(155)) - e2067284-0d49-4f78-bd84-4dfeb1c34035: Completed APPEND_ENTRIES, lastRequest: 6a8c5c8c-0ee8-4287-ac95-4d490c63ac6c->e2067284-0d49-4f78-bd84-4dfeb1c34035#1-t1,previous=(t:0, i:0),leaderCommit=-1,initializing? true,entries: size=1, first=(t:1, i:0), CONFIGURATIONENTRY(current:id: "e2067284-0d49-4f78-bd84-4dfeb1c34035"
address: "10.1.0.38:15029"
dataStreamAddress: "10.1.0.38:15030"
clientAddress: "10.1.0.38:15027"
adminAddress: "10.1.0.38:15028"
startupRole: FOLLOWER
,id: "6a8c5c8c-0ee8-4287-ac95-4d490c63ac6c"
address: "10.1.0.38:15021"
priority: 1
dataStreamAddress: "10.1.0.38:15022"
clientAddress: "10.1.0.38:15019"
adminAddress: "10.1.0.38:15020"
startupRole: FOLLOWER
,id: "b2d3243d-5675-45e1-a91c-710d3aed9e7e"
address: "10.1.0.38:15013"
dataStreamAddress: "10.1.0.38:15014"
clientAddress: "10.1.0.38:15011"
adminAddress: "10.1.0.38:15012"
startupRole: FOLLOWER
, old:)
2023-05-23 10:25:01,960 [grpc-default-executor-0] INFO  server.GrpcServerProtocolService (GrpcServerProtocolService.java:lambda$onCompleted$5(157)) - e2067284-0d49-4f78-bd84-4dfeb1c34035: Completed APPEND_ENTRIES, lastReply: null
2023-05-23 10:25:01,961 [grpc-default-executor-1] INFO  server.GrpcLogAppender (GrpcLogAppender.java:onCompleted(428)) - 6a8c5c8c-0ee8-4287-ac95-4d490c63ac6c@group-23872B0778C9->e2067284-0d49-4f78-bd84-4dfeb1c34035-AppendLogResponseHandler: follower responses appendEntries COMPLETED
2023-05-23 10:25:01,961 [grpc-default-executor-2] INFO  server.GrpcServerProtocolService (GrpcServerProtocolService.java:lambda$onCompleted$5(157)) - e2067284-0d49-4f78-bd84-4dfeb1c34035: Completed APPEND_ENTRIES, lastReply: serverReply {
  requestorId: "6a8c5c8c-0ee8-4287-ac95-4d490c63ac6c"
  replyId: "e2067284-0d49-4f78-bd84-4dfeb1c34035"
  raftGroupId {
    id: "zuG\305\365\332NC\202+#\207+\ax\311"
  }
  callId: 5
  success: true
}
term: 1
nextIndex: 1
matchIndex: 18446744073709551615
isHearbeat: true

2023-05-23 10:25:01,961 [6a8c5c8c-0ee8-4287-ac95-4d490c63ac6c@group-23872B0778C9-StateMachineUpdater] INFO  ratis.ContainerStateMachine (ContainerStateMachine.java:takeSnapshot(341)) - group-23872B0778C9: Finished taking a snapshot at:(t:1, i:0) file:/home/runner/work/ozone/ozone/hadoop-ozone/integration-test/target/test-dir/MiniOzoneClusterImpl-95ea0607-12be-46e0-be72-f6ffafe0ad81/datanode-1/data/ratis/7a7547c5-f5da-4e43-822b-23872b0778c9/sm/snapshot.1_0 took: 2 ms
2023-05-23 10:25:01,962 [grpc-default-executor-1] INFO  leader.FollowerInfo (FollowerInfoImpl.java:lambda$new$0(52)) - 6a8c5c8c-0ee8-4287-ac95-4d490c63ac6c@group-23872B0778C9->e2067284-0d49-4f78-bd84-4dfeb1c34035: decreaseNextIndex nextIndex: updateUnconditionally 1 -> 0
2023-05-23 10:25:01,962 [6a8c5c8c-0ee8-4287-ac95-4d490c63ac6c@group-23872B0778C9-StateMachineUpdater] INFO  impl.StateMachineUpdater (StateMachineUpdater.java:takeSnapshot(291)) - 6a8c5c8c-0ee8-4287-ac95-4d490c63ac6c@group-23872B0778C9-StateMachineUpdater: Took a snapshot at index 0
2023-05-23 10:25:01,962 [6a8c5c8c-0ee8-4287-ac95-4d490c63ac6c@group-23872B0778C9-StateMachineUpdater] INFO  impl.StateMachineUpdater (StateMachineUpdater.java:lambda$new$0(97)) - 6a8c5c8c-0ee8-4287-ac95-4d490c63ac6c@group-23872B0778C9-StateMachineUpdater: snapshotIndex: updateIncreasingly -1 -> 0
2023-05-23 10:25:01,962 [Command processor thread] INFO  server.RaftServer$Division (ServerState.java:close(472)) - 6a8c5c8c-0ee8-4287-ac95-4d490c63ac6c@group-23872B0778C9: closes. applyIndex: 0
2023-05-23 10:25:01,963 [grpc-default-executor-0] INFO  server.GrpcLogAppender (GrpcLogAppender.java:onCompleted(428)) - 6a8c5c8c-0ee8-4287-ac95-4d490c63ac6c@group-23872B0778C9->e2067284-0d49-4f78-bd84-4dfeb1c34035-AppendLogResponseHandler: follower responses appendEntries COMPLETED
2023-05-23 10:25:01,968 [Command processor thread] INFO  segmented.SegmentedRaftLogWorker (SegmentedRaftLogWorker.java:close(252)) - 6a8c5c8c-0ee8-4287-ac95-4d490c63ac6c@group-23872B0778C9-SegmentedRaftLogWorker close()
2023-05-23 10:25:01,973 [Command processor thread] INFO  server.RaftServer$Division (RaftServerImpl.java:groupRemove(436)) - 6a8c5c8c-0ee8-4287-ac95-4d490c63ac6c@group-23872B0778C9: Succeed to remove RaftStorageDirectory Storage Directory /home/runner/work/ozone/ozone/hadoop-ozone/integration-test/target/test-dir/MiniOzoneClusterImpl-95ea0607-12be-46e0-be72-f6ffafe0ad81/datanode-1/data/ratis/7a7547c5-f5da-4e43-822b-23872b0778c9
2023-05-23 10:25:01,973 [Command processor thread] INFO  commandhandler.ClosePipelineCommandHandler (ClosePipelineCommandHandler.java:handle(78)) - Close Pipeline PipelineID=7a7547c5-f5da-4e43-822b-23872b0778c9 command on datanode 6a8c5c8c-0ee8-4287-ac95-4d490c63ac6c.
2023-05-23 10:25:01,973 [Command processor thread] INFO  server.RaftServer (RaftServerProxy.java:remove(109)) - 6a8c5c8c-0ee8-4287-ac95-4d490c63ac6c: remove  FOLLOWER 6a8c5c8c-0ee8-4287-ac95-4d490c63ac6c@group-0F081356A623:t1, leader=b2d3243d-5675-45e1-a91c-710d3aed9e7e, voted=b2d3243d-5675-45e1-a91c-710d3aed9e7e, raftlog=Memoized:6a8c5c8c-0ee8-4287-ac95-4d490c63ac6c@group-0F081356A623-SegmentedRaftLog:OPENED:c4, conf=0: peers:[e2067284-0d49-4f78-bd84-4dfeb1c34035|rpc:10.1.0.38:15029|admin:10.1.0.38:15028|client:10.1.0.38:15027|dataStream:10.1.0.38:15030|priority:0|startupRole:FOLLOWER, 6a8c5c8c-0ee8-4287-ac95-4d490c63ac6c|rpc:10.1.0.38:15021|admin:10.1.0.38:15020|client:10.1.0.38:15019|dataStream:10.1.0.38:15022|priority:0|startupRole:FOLLOWER, b2d3243d-5675-45e1-a91c-710d3aed9e7e|rpc:10.1.0.38:15013|admin:10.1.0.38:15012|client:10.1.0.38:15011|dataStream:10.1.0.38:15014|priority:1|startupRole:FOLLOWER]|listeners:[], old=null RUNNING
2023-05-23 10:25:01,974 [Command processor thread] INFO  server.RaftServer$Division (RaftServerImpl.java:lambda$close$4(466)) - 6a8c5c8c-0ee8-4287-ac95-4d490c63ac6c@group-0F081356A623: shutdown
2023-05-23 10:25:01,974 [Command processor thread] INFO  util.JmxRegister (JmxRegister.java:unregister(73)) - Successfully un-registered JMX Bean with object name Ratis:service=RaftServer,group=group-0F081356A623,id=6a8c5c8c-0ee8-4287-ac95-4d490c63ac6c
2023-05-23 10:25:01,974 [Command processor thread] INFO  impl.RoleInfo (RoleInfo.java:shutdownFollowerState(110)) - 6a8c5c8c-0ee8-4287-ac95-4d490c63ac6c: shutdown 6a8c5c8c-0ee8-4287-ac95-4d490c63ac6c@group-0F081356A623-FollowerState
2023-05-23 10:25:01,974 [6a8c5c8c-0ee8-4287-ac95-4d490c63ac6c@group-0F081356A623-FollowerState] INFO  impl.FollowerState (FollowerState.java:run(152)) - 6a8c5c8c-0ee8-4287-ac95-4d490c63ac6c@group-0F081356A623-FollowerState was interrupted
2023-05-23 10:25:01,974 [6a8c5c8c-0ee8-4287-ac95-4d490c63ac6c@group-0F081356A623-StateMachineUpdater] INFO  ratis.ContainerStateMachine (ContainerStateMachine.java:takeSnapshot(330)) - group-0F081356A623: Taking a snapshot at:(t:1, i:4) file /home/runner/work/ozone/ozone/hadoop-ozone/integration-test/target/test-dir/MiniOzoneClusterImpl-95ea0607-12be-46e0-be72-f6ffafe0ad81/datanode-1/data/ratis/f2eb3a5b-5bd7-42ee-9a29-0f081356a623/sm/snapshot.1_4
2023-05-23 10:25:01,975 [Command processor thread] INFO  impl.StateMachineUpdater (StateMachineUpdater.java:stopAndJoin(155)) - 6a8c5c8c-0ee8-4287-ac95-4d490c63ac6c@group-0F081356A623-StateMachineUpdater: set stopIndex = 4
2023-05-23 10:25:01,975 [6a8c5c8c-0ee8-4287-ac95-4d490c63ac6c@group-0F081356A623-StateMachineUpdater] INFO  ratis.ContainerStateMachine (ContainerStateMachine.java:takeSnapshot(341)) - group-0F081356A623: Finished taking a snapshot at:(t:1, i:4) file:/home/runner/work/ozone/ozone/hadoop-ozone/integration-test/target/test-dir/MiniOzoneClusterImpl-95ea0607-12be-46e0-be72-f6ffafe0ad81/datanode-1/data/ratis/f2eb3a5b-5bd7-42ee-9a29-0f081356a623/sm/snapshot.1_4 took: 1 ms
2023-05-23 10:25:01,976 [6a8c5c8c-0ee8-4287-ac95-4d490c63ac6c@group-0F081356A623-StateMachineUpdater] INFO  impl.StateMachineUpdater (StateMachineUpdater.java:takeSnapshot(291)) - 6a8c5c8c-0ee8-4287-ac95-4d490c63ac6c@group-0F081356A623-StateMachineUpdater: Took a snapshot at index 4
2023-05-23 10:25:01,976 [6a8c5c8c-0ee8-4287-ac95-4d490c63ac6c@group-0F081356A623-StateMachineUpdater] INFO  impl.StateMachineUpdater (StateMachineUpdater.java:lambda$new$0(97)) - 6a8c5c8c-0ee8-4287-ac95-4d490c63ac6c@group-0F081356A623-StateMachineUpdater: snapshotIndex: updateIncreasingly -1 -> 4
2023-05-23 10:25:01,976 [Command processor thread] INFO  server.RaftServer$Division (ServerState.java:close(472)) - 6a8c5c8c-0ee8-4287-ac95-4d490c63ac6c@group-0F081356A623: closes. applyIndex: 4
2023-05-23 10:25:02,089 [Listener at 127.0.0.1/15004] INFO  container.TestHelper (TestHelper.java:countReplicas(423)) - Container 1 has 2 replicas on [6a8c5c8c-0ee8-4287-ac95-4d490c63ac6c, e2067284-0d49-4f78-bd84-4dfeb1c34035]
2023-05-23 10:25:02,787 [Under Replicated Processor] WARN  net.NetworkTopologyImpl (NetworkTopologyImpl.java:chooseNodeInternal(653)) - No available node in (scope="/" excludedScope="[/default-rack/6a8c5c8c-0ee8-4287-ac95-4d490c63ac6c, /default-rack/e2067284-0d49-4f78-bd84-4dfeb1c34035]" excludedNodes="[6a8c5c8c-0ee8-4287-ac95-4d490c63ac6c(fv-az1249-304/10.1.0.38), e2067284-0d49-4f78-bd84-4dfeb1c34035(fv-az1249-304/10.1.0.38)]"  ancestorGen="1").
2023-05-23 10:25:02,788 [Under Replicated Processor] WARN  algorithms.SCMContainerPlacementRackAware (SCMContainerPlacementRackAware.java:chooseNode(485)) - Failed to find the datanode for container. excludedNodes:[6a8c5c8c-0ee8-4287-ac95-4d490c63ac6c(fv-az1249-304/10.1.0.38), e2067284-0d49-4f78-bd84-4dfeb1c34035(fv-az1249-304/10.1.0.38)], affinityNode:
2023-05-23 10:25:02,789 [Under Replicated Processor] INFO  replication.ReplicationManager (ReplicationManager.java:sendDatanodeCommand(684)) - Sending command [replicateContainerCommand: containerId=1, replicaIndex=0, targetNode=6321734e-47b1-462e-9f32-22d48b3b1ad8(fv-az1249-304/10.1.0.38), priority=NORMAL] for container ContainerInfo{id=#1, state=CLOSED, pipelineID=PipelineID=f2eb3a5b-5bd7-42ee-9a29-0f081356a623, stateEnterTime=2023-05-23T10:24:50.483Z, owner=om1} to 6a8c5c8c-0ee8-4287-ac95-4d490c63ac6c(fv-az1249-304/10.1.0.38) with datanode deadline 1684838072789 and scm deadline 1684838102789
2023-05-23 10:25:02,790 [ReplicationMonitor] INFO  replication.ReplicationManager (ReplicationManager.java:processAll(403)) - Replication Monitor Thread took 1 milliseconds for processing 1 containers.
2023-05-23 10:25:02,790 [Under Replicated Processor] INFO  replication.UnhealthyReplicationProcessor (UnhealthyReplicationProcessor.java:processAll(131)) - Processed 1 containers with health state counts {UNDER_REPLICATED=1}, failed processing 0
2023-05-23 10:25:02,854 [Command processor thread] INFO  segmented.SegmentedRaftLogWorker (SegmentedRaftLogWorker.java:close(252)) - 6a8c5c8c-0ee8-4287-ac95-4d490c63ac6c@group-0F081356A623-SegmentedRaftLogWorker close()
2023-05-23 10:25:02,856 [Command processor thread] INFO  server.RaftServer$Division (RaftServerImpl.java:groupRemove(436)) - 6a8c5c8c-0ee8-4287-ac95-4d490c63ac6c@group-0F081356A623: Succeed to remove RaftStorageDirectory Storage Directory /home/runner/work/ozone/ozone/hadoop-ozone/integration-test/target/test-dir/MiniOzoneClusterImpl-95ea0607-12be-46e0-be72-f6ffafe0ad81/datanode-1/data/ratis/f2eb3a5b-5bd7-42ee-9a29-0f081356a623
2023-05-23 10:25:02,857 [Command processor thread] INFO  commandhandler.ClosePipelineCommandHandler (ClosePipelineCommandHandler.java:handle(78)) - Close Pipeline PipelineID=f2eb3a5b-5bd7-42ee-9a29-0f081356a623 command on datanode 6a8c5c8c-0ee8-4287-ac95-4d490c63ac6c.
2023-05-23 10:25:02,872 [Command processor thread] INFO  server.RaftServer (RaftServerProxy.java:remove(109)) - e2067284-0d49-4f78-bd84-4dfeb1c34035: remove  FOLLOWER e2067284-0d49-4f78-bd84-4dfeb1c34035@group-23872B0778C9:t1, leader=6a8c5c8c-0ee8-4287-ac95-4d490c63ac6c, voted=6a8c5c8c-0ee8-4287-ac95-4d490c63ac6c, raftlog=Memoized:e2067284-0d49-4f78-bd84-4dfeb1c34035@group-23872B0778C9-SegmentedRaftLog:OPENED:c0, conf=0: peers:[e2067284-0d49-4f78-bd84-4dfeb1c34035|rpc:10.1.0.38:15029|admin:10.1.0.38:15028|client:10.1.0.38:15027|dataStream:10.1.0.38:15030|priority:0|startupRole:FOLLOWER, 6a8c5c8c-0ee8-4287-ac95-4d490c63ac6c|rpc:10.1.0.38:15021|admin:10.1.0.38:15020|client:10.1.0.38:15019|dataStream:10.1.0.38:15022|priority:1|startupRole:FOLLOWER, b2d3243d-5675-45e1-a91c-710d3aed9e7e|rpc:10.1.0.38:15013|admin:10.1.0.38:15012|client:10.1.0.38:15011|dataStream:10.1.0.38:15014|priority:0|startupRole:FOLLOWER]|listeners:[], old=null RUNNING
2023-05-23 10:25:02,872 [Command processor thread] INFO  server.RaftServer$Division (RaftServerImpl.java:lambda$close$4(466)) - e2067284-0d49-4f78-bd84-4dfeb1c34035@group-23872B0778C9: shutdown
2023-05-23 10:25:02,872 [Command processor thread] INFO  util.JmxRegister (JmxRegister.java:unregister(73)) - Successfully un-registered JMX Bean with object name Ratis:service=RaftServer,group=group-23872B0778C9,id=e2067284-0d49-4f78-bd84-4dfeb1c34035
2023-05-23 10:25:02,873 [Command processor thread] INFO  impl.RoleInfo (RoleInfo.java:shutdownFollowerState(110)) - e2067284-0d49-4f78-bd84-4dfeb1c34035: shutdown e2067284-0d49-4f78-bd84-4dfeb1c34035@group-23872B0778C9-FollowerState
2023-05-23 10:25:02,873 [Command processor thread] INFO  impl.StateMachineUpdater (StateMachineUpdater.java:stopAndJoin(155)) - e2067284-0d49-4f78-bd84-4dfeb1c34035@group-23872B0778C9-StateMachineUpdater: set stopIndex = 0
2023-05-23 10:25:02,873 [e2067284-0d49-4f78-bd84-4dfeb1c34035@group-23872B0778C9-FollowerState] INFO  impl.FollowerState (FollowerState.java:run(152)) - e2067284-0d49-4f78-bd84-4dfeb1c34035@group-23872B0778C9-FollowerState was interrupted
2023-05-23 10:25:02,873 [e2067284-0d49-4f78-bd84-4dfeb1c34035@group-23872B0778C9-StateMachineUpdater] INFO  ratis.ContainerStateMachine (ContainerStateMachine.java:takeSnapshot(330)) - group-23872B0778C9: Taking a snapshot at:(t:1, i:0) file /home/runner/work/ozone/ozone/hadoop-ozone/integration-test/target/test-dir/MiniOzoneClusterImpl-95ea0607-12be-46e0-be72-f6ffafe0ad81/datanode-2/data/ratis/7a7547c5-f5da-4e43-822b-23872b0778c9/sm/snapshot.1_0
2023-05-23 10:25:02,875 [e2067284-0d49-4f78-bd84-4dfeb1c34035@group-23872B0778C9-StateMachineUpdater] INFO  ratis.ContainerStateMachine (ContainerStateMachine.java:takeSnapshot(341)) - group-23872B0778C9: Finished taking a snapshot at:(t:1, i:0) file:/home/runner/work/ozone/ozone/hadoop-ozone/integration-test/target/test-dir/MiniOzoneClusterImpl-95ea0607-12be-46e0-be72-f6ffafe0ad81/datanode-2/data/ratis/7a7547c5-f5da-4e43-822b-23872b0778c9/sm/snapshot.1_0 took: 1 ms
2023-05-23 10:25:02,875 [e2067284-0d49-4f78-bd84-4dfeb1c34035@group-23872B0778C9-StateMachineUpdater] INFO  impl.StateMachineUpdater (StateMachineUpdater.java:takeSnapshot(291)) - e2067284-0d49-4f78-bd84-4dfeb1c34035@group-23872B0778C9-StateMachineUpdater: Took a snapshot at index 0
2023-05-23 10:25:02,875 [e2067284-0d49-4f78-bd84-4dfeb1c34035@group-23872B0778C9-StateMachineUpdater] INFO  impl.StateMachineUpdater (StateMachineUpdater.java:lambda$new$0(97)) - e2067284-0d49-4f78-bd84-4dfeb1c34035@group-23872B0778C9-StateMachineUpdater: snapshotIndex: updateIncreasingly -1 -> 0
2023-05-23 10:25:02,875 [Command processor thread] INFO  server.RaftServer$Division (ServerState.java:close(472)) - e2067284-0d49-4f78-bd84-4dfeb1c34035@group-23872B0778C9: closes. applyIndex: 0
2023-05-23 10:25:02,991 [Command processor thread] INFO  segmented.SegmentedRaftLogWorker (SegmentedRaftLogWorker.java:close(252)) - e2067284-0d49-4f78-bd84-4dfeb1c34035@group-23872B0778C9-SegmentedRaftLogWorker close()
2023-05-23 10:25:02,993 [Command processor thread] INFO  server.RaftServer$Division (RaftServerImpl.java:groupRemove(436)) - e2067284-0d49-4f78-bd84-4dfeb1c34035@group-23872B0778C9: Succeed to remove RaftStorageDirectory Storage Directory /home/runner/work/ozone/ozone/hadoop-ozone/integration-test/target/test-dir/MiniOzoneClusterImpl-95ea0607-12be-46e0-be72-f6ffafe0ad81/datanode-2/data/ratis/7a7547c5-f5da-4e43-822b-23872b0778c9
2023-05-23 10:25:02,993 [Command processor thread] INFO  commandhandler.ClosePipelineCommandHandler (ClosePipelineCommandHandler.java:handle(78)) - Close Pipeline PipelineID=7a7547c5-f5da-4e43-822b-23872b0778c9 command on datanode e2067284-0d49-4f78-bd84-4dfeb1c34035.
2023-05-23 10:25:02,996 [Command processor thread] INFO  server.RaftServer (RaftServerProxy.java:remove(109)) - e2067284-0d49-4f78-bd84-4dfeb1c34035: remove  FOLLOWER e2067284-0d49-4f78-bd84-4dfeb1c34035@group-0F081356A623:t1, leader=b2d3243d-5675-45e1-a91c-710d3aed9e7e, voted=b2d3243d-5675-45e1-a91c-710d3aed9e7e, raftlog=Memoized:e2067284-0d49-4f78-bd84-4dfeb1c34035@group-0F081356A623-SegmentedRaftLog:OPENED:c4, conf=0: peers:[e2067284-0d49-4f78-bd84-4dfeb1c34035|rpc:10.1.0.38:15029|admin:10.1.0.38:15028|client:10.1.0.38:15027|dataStream:10.1.0.38:15030|priority:0|startupRole:FOLLOWER, 6a8c5c8c-0ee8-4287-ac95-4d490c63ac6c|rpc:10.1.0.38:15021|admin:10.1.0.38:15020|client:10.1.0.38:15019|dataStream:10.1.0.38:15022|priority:0|startupRole:FOLLOWER, b2d3243d-5675-45e1-a91c-710d3aed9e7e|rpc:10.1.0.38:15013|admin:10.1.0.38:15012|client:10.1.0.38:15011|dataStream:10.1.0.38:15014|priority:1|startupRole:FOLLOWER]|listeners:[], old=null RUNNING
2023-05-23 10:25:02,996 [Command processor thread] INFO  server.RaftServer$Division (RaftServerImpl.java:lambda$close$4(466)) - e2067284-0d49-4f78-bd84-4dfeb1c34035@group-0F081356A623: shutdown
2023-05-23 10:25:02,996 [Command processor thread] INFO  util.JmxRegister (JmxRegister.java:unregister(73)) - Successfully un-registered JMX Bean with object name Ratis:service=RaftServer,group=group-0F081356A623,id=e2067284-0d49-4f78-bd84-4dfeb1c34035
2023-05-23 10:25:02,996 [Command processor thread] INFO  impl.RoleInfo (RoleInfo.java:shutdownFollowerState(110)) - e2067284-0d49-4f78-bd84-4dfeb1c34035: shutdown e2067284-0d49-4f78-bd84-4dfeb1c34035@group-0F081356A623-FollowerState
2023-05-23 10:25:02,996 [Command processor thread] INFO  impl.StateMachineUpdater (StateMachineUpdater.java:stopAndJoin(155)) - e2067284-0d49-4f78-bd84-4dfeb1c34035@group-0F081356A623-StateMachineUpdater: set stopIndex = 4
2023-05-23 10:25:02,996 [e2067284-0d49-4f78-bd84-4dfeb1c34035@group-0F081356A623-FollowerState] INFO  impl.FollowerState (FollowerState.java:run(152)) - e2067284-0d49-4f78-bd84-4dfeb1c34035@group-0F081356A623-FollowerState was interrupted
2023-05-23 10:25:02,997 [e2067284-0d49-4f78-bd84-4dfeb1c34035@group-0F081356A623-StateMachineUpdater] INFO  ratis.ContainerStateMachine (ContainerStateMachine.java:takeSnapshot(330)) - group-0F081356A623: Taking a snapshot at:(t:1, i:4) file /home/runner/work/ozone/ozone/hadoop-ozone/integration-test/target/test-dir/MiniOzoneClusterImpl-95ea0607-12be-46e0-be72-f6ffafe0ad81/datanode-2/data/ratis/f2eb3a5b-5bd7-42ee-9a29-0f081356a623/sm/snapshot.1_4
2023-05-23 10:25:02,999 [e2067284-0d49-4f78-bd84-4dfeb1c34035@group-0F081356A623-StateMachineUpdater] INFO  ratis.ContainerStateMachine (ContainerStateMachine.java:takeSnapshot(341)) - group-0F081356A623: Finished taking a snapshot at:(t:1, i:4) file:/home/runner/work/ozone/ozone/hadoop-ozone/integration-test/target/test-dir/MiniOzoneClusterImpl-95ea0607-12be-46e0-be72-f6ffafe0ad81/datanode-2/data/ratis/f2eb3a5b-5bd7-42ee-9a29-0f081356a623/sm/snapshot.1_4 took: 2 ms
2023-05-23 10:25:02,999 [e2067284-0d49-4f78-bd84-4dfeb1c34035@group-0F081356A623-StateMachineUpdater] INFO  impl.StateMachineUpdater (StateMachineUpdater.java:takeSnapshot(291)) - e2067284-0d49-4f78-bd84-4dfeb1c34035@group-0F081356A623-StateMachineUpdater: Took a snapshot at index 4
2023-05-23 10:25:02,999 [e2067284-0d49-4f78-bd84-4dfeb1c34035@group-0F081356A623-StateMachineUpdater] INFO  impl.StateMachineUpdater (StateMachineUpdater.java:lambda$new$0(97)) - e2067284-0d49-4f78-bd84-4dfeb1c34035@group-0F081356A623-StateMachineUpdater: snapshotIndex: updateIncreasingly -1 -> 4
2023-05-23 10:25:03,000 [Command processor thread] INFO  server.RaftServer$Division (ServerState.java:close(472)) - e2067284-0d49-4f78-bd84-4dfeb1c34035@group-0F081356A623: closes. applyIndex: 4
2023-05-23 10:25:03,090 [Listener at 127.0.0.1/15004] INFO  container.TestHelper (TestHelper.java:countReplicas(423)) - Container 1 has 2 replicas on [6a8c5c8c-0ee8-4287-ac95-4d490c63ac6c, e2067284-0d49-4f78-bd84-4dfeb1c34035]
2023-05-23 10:25:03,791 [ReplicationMonitor] INFO  replication.ReplicationManager (ReplicationManager.java:processAll(403)) - Replication Monitor Thread took 1 milliseconds for processing 1 containers.
2023-05-23 10:25:03,852 [Command processor thread] INFO  segmented.SegmentedRaftLogWorker (SegmentedRaftLogWorker.java:close(252)) - e2067284-0d49-4f78-bd84-4dfeb1c34035@group-0F081356A623-SegmentedRaftLogWorker close()
2023-05-23 10:25:03,855 [Command processor thread] INFO  server.RaftServer$Division (RaftServerImpl.java:groupRemove(436)) - e2067284-0d49-4f78-bd84-4dfeb1c34035@group-0F081356A623: Succeed to remove RaftStorageDirectory Storage Directory /home/runner/work/ozone/ozone/hadoop-ozone/integration-test/target/test-dir/MiniOzoneClusterImpl-95ea0607-12be-46e0-be72-f6ffafe0ad81/datanode-2/data/ratis/f2eb3a5b-5bd7-42ee-9a29-0f081356a623
2023-05-23 10:25:03,856 [Command processor thread] INFO  commandhandler.ClosePipelineCommandHandler (ClosePipelineCommandHandler.java:handle(78)) - Close Pipeline PipelineID=f2eb3a5b-5bd7-42ee-9a29-0f081356a623 command on datanode e2067284-0d49-4f78-bd84-4dfeb1c34035.
2023-05-23 10:25:03,963 [ContainerReplicationThread-0] INFO  replication.PushReplicator (PushReplicator.java:replicate(58)) - Starting replication of container 1 to 6321734e-47b1-462e-9f32-22d48b3b1ad8(fv-az1249-304/10.1.0.38) using NO_COMPRESSION
2023-05-23 10:25:04,014 [ContainerReplicationThread-0] INFO  replication.GrpcOutputStream (GrpcOutputStream.java:close(111)) - Sent 9728 bytes for container 1
2023-05-23 10:25:04,021 [ReplicationContainerReader-1] INFO  replication.SendContainerRequestHandler (SendContainerRequestHandler.java:onNext(80)) - Accepting container 1
2023-05-23 10:25:04,022 [ReplicationContainerReader-1] INFO  replication.SendContainerRequestHandler (SendContainerRequestHandler.java:onCompleted(108)) - Container 1 is downloaded with size 9728, starting to import.
2023-05-23 10:25:04,079 [ReplicationContainerReader-1] INFO  replication.SendContainerRequestHandler (SendContainerRequestHandler.java:onCompleted(114)) - Container 1 is replicated successfully
2023-05-23 10:25:04,084 [grpc-default-executor-1] INFO  replication.GrpcContainerUploader (GrpcContainerUploader.java:onCompleted(119)) - Finished uploading container 1 to 6321734e-47b1-462e-9f32-22d48b3b1ad8(fv-az1249-304/10.1.0.38)
2023-05-23 10:25:04,085 [ContainerReplicationThread-0] INFO  replication.ReplicationSupervisor (ReplicationSupervisor.java:run(353)) - Successful DONE replicateContainerCommand: containerId=1, replicaIndex=0, targetNode=6321734e-47b1-462e-9f32-22d48b3b1ad8(fv-az1249-304/10.1.0.38), priority=NORMAL, transferred 9728 bytes
2023-05-23 10:25:04,090 [Listener at 127.0.0.1/15004] INFO  container.TestHelper (TestHelper.java:countReplicas(423)) - Container 1 has 3 replicas on [6321734e-47b1-462e-9f32-22d48b3b1ad8, 6a8c5c8c-0ee8-4287-ac95-4d490c63ac6c, e2067284-0d49-4f78-bd84-4dfeb1c34035]
2023-05-23 10:25:04,093 [Listener at 127.0.0.1/15004] INFO  ozone.MiniOzoneClusterImpl (MiniOzoneClusterImpl.java:shutdown(441)) - Shutting down the Mini Ozone Cluster
2023-05-23 10:25:04,093 [Listener at 127.0.0.1/15004] INFO  ozone.MiniOzoneClusterImpl (MiniOzoneClusterImpl.java:stop(458)) - Stopping the Mini Ozone Cluster
2023-05-23 10:25:04,093 [Listener at 127.0.0.1/15004] INFO  ozone.MiniOzoneClusterImpl (MiniOzoneClusterImpl.java:stopOM(544)) - Stopping the OzoneManager
2023-05-23 10:25:04,093 [Listener at 127.0.0.1/15004] INFO  om.OzoneManager (OzoneManager.java:stop(2210)) - om1[localhost:15004]: Stopping Ozone Manager
2023-05-23 10:25:04,093 [Listener at 127.0.0.1/15004] INFO  ipc.Server (Server.java:stop(3501)) - Stopping server on 15004
2023-05-23 10:25:04,098 [IPC Server Responder] INFO  ipc.Server (Server.java:run(1563)) - Stopping IPC Server Responder
2023-05-23 10:25:04,099 [Listener at 127.0.0.1/15004] INFO  server.RaftServer (RaftServerProxy.java:lambda$close$6(416)) - om1: close
2023-05-23 10:25:04,099 [IPC Server listener on 15004] INFO  ipc.Server (Server.java:run(1430)) - Stopping IPC Server listener on 15004
2023-05-23 10:25:04,099 [Listener at 127.0.0.1/15004] INFO  server.GrpcService (GrpcService.java:closeImpl(311)) - om1: shutdown server GrpcServerProtocolService now
2023-05-23 10:25:04,099 [om1-impl-thread1] INFO  server.RaftServer$Division (RaftServerImpl.java:lambda$close$4(466)) - om1@group-C5BA1605619E: shutdown
2023-05-23 10:25:04,099 [om1-impl-thread1] INFO  util.JmxRegister (JmxRegister.java:unregister(73)) - Successfully un-registered JMX Bean with object name Ratis:service=RaftServer,group=group-C5BA1605619E,id=om1
2023-05-23 10:25:04,099 [om1-impl-thread1] INFO  impl.RoleInfo (RoleInfo.java:shutdownLeaderState(93)) - om1: shutdown om1@group-C5BA1605619E-LeaderStateImpl
2023-05-23 10:25:04,099 [om1-impl-thread1] INFO  impl.PendingRequests (PendingRequests.java:sendNotLeaderResponses(289)) - om1@group-C5BA1605619E-PendingRequests: sendNotLeaderResponses
2023-05-23 10:25:04,102 [om1-impl-thread1] INFO  impl.StateMachineUpdater (StateMachineUpdater.java:stopAndJoin(155)) - om1@group-C5BA1605619E-StateMachineUpdater: set stopIndex = 8
2023-05-23 10:25:04,102 [Listener at 127.0.0.1/15004] INFO  server.GrpcService (GrpcService.java:closeImpl(320)) - om1: shutdown server GrpcServerProtocolService successfully
2023-05-23 10:25:04,102 [om1@group-C5BA1605619E-StateMachineUpdater] INFO  ratis.OzoneManagerStateMachine (OzoneManagerStateMachine.java:takeSnapshot(479)) - Current Snapshot Index (t:1, i:8)
2023-05-23 10:25:04,128 [om1@group-C5BA1605619E-StateMachineUpdater] INFO  impl.StateMachineUpdater (StateMachineUpdater.java:takeSnapshot(291)) - om1@group-C5BA1605619E-StateMachineUpdater: Took a snapshot at index 8
2023-05-23 10:25:04,129 [om1@group-C5BA1605619E-StateMachineUpdater] INFO  impl.StateMachineUpdater (StateMachineUpdater.java:lambda$new$0(97)) - om1@group-C5BA1605619E-StateMachineUpdater: snapshotIndex: updateIncreasingly -1 -> 8
2023-05-23 10:25:04,129 [om1@group-C5BA1605619E-StateMachineUpdater] INFO  ratis.OzoneManagerStateMachine (OzoneManagerStateMachine.java:close(533)) - StateMachine has shutdown. Shutdown OzoneManager if not already shutdown.
2023-05-23 10:25:04,129 [om1@group-C5BA1605619E-StateMachineUpdater] INFO  ratis.OzoneManagerDoubleBuffer (OzoneManagerDoubleBuffer.java:stopDaemon(559)) - Stopping OMDoubleBuffer flush thread
2023-05-23 10:25:04,130 [OMDoubleBufferFlushThread] INFO  ratis.OzoneManagerDoubleBuffer (OzoneManagerDoubleBuffer.java:canFlush(648)) - OMDoubleBuffer flush thread OMDoubleBufferFlushThread is interrupted and will exit.
2023-05-23 10:25:04,131 [om1-impl-thread1] INFO  server.RaftServer$Division (ServerState.java:close(472)) - om1@group-C5BA1605619E: closes. applyIndex: 8
2023-05-23 10:25:04,792 [ReplicationMonitor] INFO  replication.ReplicationManager (ReplicationManager.java:processAll(403)) - Replication Monitor Thread took 1 milliseconds for processing 1 containers.
2023-05-23 10:25:04,972 [om1-impl-thread1] INFO  segmented.SegmentedRaftLogWorker (SegmentedRaftLogWorker.java:close(252)) - om1@group-C5BA1605619E-SegmentedRaftLogWorker close()
2023-05-23 10:25:04,973 [JvmPauseMonitor0] INFO  util.JvmPauseMonitor (JvmPauseMonitor.java:run(109)) - JvmPauseMonitor-om1: Stopped
2023-05-23 10:25:04,973 [Listener at 127.0.0.1/15004] INFO  ratis.OzoneManagerStateMachine (OzoneManagerStateMachine.java:close(533)) - StateMachine has shutdown. Shutdown OzoneManager if not already shutdown.
2023-05-23 10:25:04,973 [Listener at 127.0.0.1/15004] INFO  ratis.OzoneManagerDoubleBuffer (OzoneManagerDoubleBuffer.java:stopDaemon(568)) - OMDoubleBuffer flush thread is not running.
2023-05-23 10:25:04,974 [Listener at 127.0.0.1/15004] INFO  utils.BackgroundService (BackgroundService.java:shutdown(141)) - Shutting down service KeyDeletingService
2023-05-23 10:25:04,974 [Listener at 127.0.0.1/15004] INFO  utils.BackgroundService (BackgroundService.java:shutdown(141)) - Shutting down service KeyDeletingService
2023-05-23 10:25:04,974 [Listener at 127.0.0.1/15004] INFO  utils.BackgroundService (BackgroundService.java:shutdown(141)) - Shutting down service OpenKeyCleanupService
2023-05-23 10:25:04,975 [Listener at 127.0.0.1/15004] INFO  utils.BackgroundService (BackgroundService.java:shutdown(141)) - Shutting down service SstFilteringService
2023-05-23 10:25:04,975 [Listener at 127.0.0.1/15004] INFO  utils.BackgroundService (BackgroundService.java:shutdown(141)) - Shutting down service SnapshotDeletingService
2023-05-23 10:25:04,976 [Listener at 127.0.0.1/15004] INFO  handler.ContextHandler (ContextHandler.java:doStop(1159)) - Stopped o.e.j.w.WebAppContext@3a76069d{ozoneManager,/,null,STOPPED}{file:/home/runner/work/ozone/ozone/hadoop-ozone/integration-test/target/test-classes/webapps/ozoneManager}
2023-05-23 10:25:04,977 [Listener at 127.0.0.1/15004] INFO  server.AbstractConnector (AbstractConnector.java:doStop(383)) - Stopped ServerConnector@18f41faf{HTTP/1.1, (http/1.1)}{0.0.0.0:15005}
2023-05-23 10:25:04,977 [Listener at 127.0.0.1/15004] INFO  server.session (HouseKeeper.java:stopScavenging(149)) - node0 Stopped scavenging
2023-05-23 10:25:04,977 [Listener at 127.0.0.1/15004] INFO  handler.ContextHandler (ContextHandler.java:doStop(1159)) - Stopped o.e.j.s.ServletContextHandler@69f7a485{static,/static,file:///home/runner/work/ozone/ozone/hadoop-ozone/integration-test/target/test-classes/webapps/static,STOPPED}
2023-05-23 10:25:04,977 [Listener at 127.0.0.1/15004] INFO  handler.ContextHandler (ContextHandler.java:doStop(1159)) - Stopped o.e.j.s.ServletContextHandler@7d97a67f{logs,/logs,file:///home/runner/work/ozone/ozone/hadoop-ozone/integration-test/target/log,STOPPED}
2023-05-23 10:25:04,980 [Listener at 127.0.0.1/15004] INFO  utils.BackgroundService (BackgroundService.java:shutdown(141)) - Shutting down service SnapshotDiffCleanupService
2023-05-23 10:25:04,983 [Listener at 127.0.0.1/15004] INFO  ozone.MiniOzoneClusterImpl (MiniOzoneClusterImpl.java:stopDatanodes(521)) - Stopping the HddsDatanodes
2023-05-23 10:25:04,989 [Listener at 127.0.0.1/15004] INFO  ozoneimpl.OzoneContainer (OzoneContainer.java:stop(419)) - Attempting to stop container services.
2023-05-23 10:25:04,991 [Listener at 127.0.0.1/15004] INFO  server.RaftServer (RaftServerProxy.java:lambda$close$6(416)) - e2067284-0d49-4f78-bd84-4dfeb1c34035: close
2023-05-23 10:25:04,991 [ForkJoinPool.commonPool-worker-1] INFO  ozoneimpl.OzoneContainer (OzoneContainer.java:stop(419)) - Attempting to stop container services.
2023-05-23 10:25:04,991 [e2067284-0d49-4f78-bd84-4dfeb1c34035-impl-thread1] INFO  server.RaftServer$Division (RaftServerImpl.java:lambda$close$4(466)) - e2067284-0d49-4f78-bd84-4dfeb1c34035@group-6FD0E88B63C5: shutdown
2023-05-23 10:25:04,991 [e2067284-0d49-4f78-bd84-4dfeb1c34035-impl-thread1] INFO  util.JmxRegister (JmxRegister.java:unregister(73)) - Successfully un-registered JMX Bean with object name Ratis:service=RaftServer,group=group-6FD0E88B63C5,id=e2067284-0d49-4f78-bd84-4dfeb1c34035
2023-05-23 10:25:04,991 [e2067284-0d49-4f78-bd84-4dfeb1c34035-impl-thread1] INFO  impl.RoleInfo (RoleInfo.java:shutdownLeaderState(93)) - e2067284-0d49-4f78-bd84-4dfeb1c34035: shutdown e2067284-0d49-4f78-bd84-4dfeb1c34035@group-6FD0E88B63C5-LeaderStateImpl
2023-05-23 10:25:04,991 [e2067284-0d49-4f78-bd84-4dfeb1c34035-impl-thread1] INFO  impl.PendingRequests (PendingRequests.java:sendNotLeaderResponses(289)) - e2067284-0d49-4f78-bd84-4dfeb1c34035@group-6FD0E88B63C5-PendingRequests: sendNotLeaderResponses
2023-05-23 10:25:04,992 [e2067284-0d49-4f78-bd84-4dfeb1c34035-impl-thread1] INFO  impl.StateMachineUpdater (StateMachineUpdater.java:stopAndJoin(155)) - e2067284-0d49-4f78-bd84-4dfeb1c34035@group-6FD0E88B63C5-StateMachineUpdater: set stopIndex = 0
2023-05-23 10:25:04,992 [e2067284-0d49-4f78-bd84-4dfeb1c34035@group-6FD0E88B63C5-StateMachineUpdater] INFO  ratis.ContainerStateMachine (ContainerStateMachine.java:takeSnapshot(330)) - group-6FD0E88B63C5: Taking a snapshot at:(t:1, i:0) file /home/runner/work/ozone/ozone/hadoop-ozone/integration-test/target/test-dir/MiniOzoneClusterImpl-95ea0607-12be-46e0-be72-f6ffafe0ad81/datanode-2/data/ratis/620304fc-5fcd-4b1e-bfde-6fd0e88b63c5/sm/snapshot.1_0
2023-05-23 10:25:04,993 [ForkJoinPool.commonPool-worker-1] INFO  server.RaftServer (RaftServerProxy.java:lambda$close$6(416)) - 6a8c5c8c-0ee8-4287-ac95-4d490c63ac6c: close
2023-05-23 10:25:04,993 [ForkJoinPool.commonPool-worker-1] INFO  server.GrpcService (GrpcService.java:closeImpl(311)) - 6a8c5c8c-0ee8-4287-ac95-4d490c63ac6c: shutdown server org.apache.ratis.grpc.server.GrpcClientProtocolService now
2023-05-23 10:25:04,992 [Listener at 127.0.0.1/15004] INFO  server.GrpcService (GrpcService.java:closeImpl(311)) - e2067284-0d49-4f78-bd84-4dfeb1c34035: shutdown server org.apache.ratis.grpc.server.GrpcClientProtocolService now
2023-05-23 10:25:04,993 [e2067284-0d49-4f78-bd84-4dfeb1c34035@group-6FD0E88B63C5-StateMachineUpdater] INFO  ratis.ContainerStateMachine (ContainerStateMachine.java:takeSnapshot(341)) - group-6FD0E88B63C5: Finished taking a snapshot at:(t:1, i:0) file:/home/runner/work/ozone/ozone/hadoop-ozone/integration-test/target/test-dir/MiniOzoneClusterImpl-95ea0607-12be-46e0-be72-f6ffafe0ad81/datanode-2/data/ratis/620304fc-5fcd-4b1e-bfde-6fd0e88b63c5/sm/snapshot.1_0 took: 1 ms
2023-05-23 10:25:04,993 [6a8c5c8c-0ee8-4287-ac95-4d490c63ac6c-impl-thread1] INFO  server.RaftServer$Division (RaftServerImpl.java:lambda$close$4(466)) - 6a8c5c8c-0ee8-4287-ac95-4d490c63ac6c@group-2C57FA8CB753: shutdown
2023-05-23 10:25:04,994 [6a8c5c8c-0ee8-4287-ac95-4d490c63ac6c-impl-thread1] INFO  util.JmxRegister (JmxRegister.java:unregister(73)) - Successfully un-registered JMX Bean with object name Ratis:service=RaftServer,group=group-2C57FA8CB753,id=6a8c5c8c-0ee8-4287-ac95-4d490c63ac6c
2023-05-23 10:25:04,994 [6a8c5c8c-0ee8-4287-ac95-4d490c63ac6c-impl-thread1] INFO  impl.RoleInfo (RoleInfo.java:shutdownLeaderState(93)) - 6a8c5c8c-0ee8-4287-ac95-4d490c63ac6c: shutdown 6a8c5c8c-0ee8-4287-ac95-4d490c63ac6c@group-2C57FA8CB753-LeaderStateImpl
2023-05-23 10:25:04,994 [e2067284-0d49-4f78-bd84-4dfeb1c34035@group-6FD0E88B63C5-StateMachineUpdater] INFO  impl.StateMachineUpdater (StateMachineUpdater.java:takeSnapshot(291)) - e2067284-0d49-4f78-bd84-4dfeb1c34035@group-6FD0E88B63C5-StateMachineUpdater: Took a snapshot at index 0
2023-05-23 10:25:04,994 [6a8c5c8c-0ee8-4287-ac95-4d490c63ac6c-impl-thread1] INFO  impl.PendingRequests (PendingRequests.java:sendNotLeaderResponses(289)) - 6a8c5c8c-0ee8-4287-ac95-4d490c63ac6c@group-2C57FA8CB753-PendingRequests: sendNotLeaderResponses
2023-05-23 10:25:04,994 [e2067284-0d49-4f78-bd84-4dfeb1c34035@group-6FD0E88B63C5-StateMachineUpdater] INFO  impl.StateMachineUpdater (StateMachineUpdater.java:lambda$new$0(97)) - e2067284-0d49-4f78-bd84-4dfeb1c34035@group-6FD0E88B63C5-StateMachineUpdater: snapshotIndex: updateIncreasingly -1 -> 0
2023-05-23 10:25:04,994 [6a8c5c8c-0ee8-4287-ac95-4d490c63ac6c-impl-thread1] INFO  impl.StateMachineUpdater (StateMachineUpdater.java:stopAndJoin(155)) - 6a8c5c8c-0ee8-4287-ac95-4d490c63ac6c@group-2C57FA8CB753-StateMachineUpdater: set stopIndex = 0
2023-05-23 10:25:04,994 [6a8c5c8c-0ee8-4287-ac95-4d490c63ac6c@group-2C57FA8CB753-StateMachineUpdater] INFO  ratis.ContainerStateMachine (ContainerStateMachine.java:takeSnapshot(330)) - group-2C57FA8CB753: Taking a snapshot at:(t:1, i:0) file /home/runner/work/ozone/ozone/hadoop-ozone/integration-test/target/test-dir/MiniOzoneClusterImpl-95ea0607-12be-46e0-be72-f6ffafe0ad81/datanode-1/data/ratis/dd4eb37e-1fa8-4cac-93b3-2c57fa8cb753/sm/snapshot.1_0
2023-05-23 10:25:04,995 [e2067284-0d49-4f78-bd84-4dfeb1c34035-impl-thread1] INFO  server.RaftServer$Division (ServerState.java:close(472)) - e2067284-0d49-4f78-bd84-4dfeb1c34035@group-6FD0E88B63C5: closes. applyIndex: 0
2023-05-23 10:25:04,995 [6a8c5c8c-0ee8-4287-ac95-4d490c63ac6c@group-2C57FA8CB753-StateMachineUpdater] INFO  ratis.ContainerStateMachine (ContainerStateMachine.java:takeSnapshot(341)) - group-2C57FA8CB753: Finished taking a snapshot at:(t:1, i:0) file:/home/runner/work/ozone/ozone/hadoop-ozone/integration-test/target/test-dir/MiniOzoneClusterImpl-95ea0607-12be-46e0-be72-f6ffafe0ad81/datanode-1/data/ratis/dd4eb37e-1fa8-4cac-93b3-2c57fa8cb753/sm/snapshot.1_0 took: 1 ms
2023-05-23 10:25:04,995 [6a8c5c8c-0ee8-4287-ac95-4d490c63ac6c@group-2C57FA8CB753-StateMachineUpdater] INFO  impl.StateMachineUpdater (StateMachineUpdater.java:takeSnapshot(291)) - 6a8c5c8c-0ee8-4287-ac95-4d490c63ac6c@group-2C57FA8CB753-StateMachineUpdater: Took a snapshot at index 0
2023-05-23 10:25:04,996 [6a8c5c8c-0ee8-4287-ac95-4d490c63ac6c@group-2C57FA8CB753-StateMachineUpdater] INFO  impl.StateMachineUpdater (StateMachineUpdater.java:lambda$new$0(97)) - 6a8c5c8c-0ee8-4287-ac95-4d490c63ac6c@group-2C57FA8CB753-StateMachineUpdater: snapshotIndex: updateIncreasingly -1 -> 0
2023-05-23 10:25:04,996 [6a8c5c8c-0ee8-4287-ac95-4d490c63ac6c-impl-thread1] INFO  server.RaftServer$Division (ServerState.java:close(472)) - 6a8c5c8c-0ee8-4287-ac95-4d490c63ac6c@group-2C57FA8CB753: closes. applyIndex: 0
2023-05-23 10:25:04,997 [Thread-486] INFO  server.GrpcServerProtocolClient (GrpcServerProtocolClient.java:close(103)) - e2067284-0d49-4f78-bd84-4dfeb1c34035 Close channels
2023-05-23 10:25:04,999 [Thread-488] INFO  server.GrpcServerProtocolClient (GrpcServerProtocolClient.java:close(103)) - b2d3243d-5675-45e1-a91c-710d3aed9e7e Close channels
2023-05-23 10:25:05,006 [ForkJoinPool.commonPool-worker-1] INFO  server.GrpcService (GrpcService.java:closeImpl(320)) - 6a8c5c8c-0ee8-4287-ac95-4d490c63ac6c: shutdown server org.apache.ratis.grpc.server.GrpcClientProtocolService successfully
2023-05-23 10:25:05,006 [ForkJoinPool.commonPool-worker-1] INFO  server.GrpcService (GrpcService.java:closeImpl(311)) - 6a8c5c8c-0ee8-4287-ac95-4d490c63ac6c: shutdown server GrpcServerProtocolService now
2023-05-23 10:25:05,007 [Thread-490] INFO  server.GrpcServerProtocolClient (GrpcServerProtocolClient.java:close(103)) - 6a8c5c8c-0ee8-4287-ac95-4d490c63ac6c Close channels
2023-05-23 10:25:05,008 [ForkJoinPool.commonPool-worker-0] INFO  ozoneimpl.OzoneContainer (OzoneContainer.java:stop(419)) - Attempting to stop container services.
2023-05-23 10:25:05,008 [Thread-491] INFO  server.GrpcServerProtocolClient (GrpcServerProtocolClient.java:close(103)) - b2d3243d-5675-45e1-a91c-710d3aed9e7e Close channels
2023-05-23 10:25:05,009 [ForkJoinPool.commonPool-worker-1] INFO  server.GrpcService (GrpcService.java:closeImpl(320)) - 6a8c5c8c-0ee8-4287-ac95-4d490c63ac6c: shutdown server GrpcServerProtocolService successfully
2023-05-23 10:25:05,009 [ForkJoinPool.commonPool-worker-1] INFO  server.GrpcService (GrpcService.java:closeImpl(311)) - 6a8c5c8c-0ee8-4287-ac95-4d490c63ac6c: shutdown server org.apache.ratis.grpc.server.GrpcAdminProtocolService now
2023-05-23 10:25:05,010 [Listener at 127.0.0.1/15004] INFO  server.GrpcService (GrpcService.java:closeImpl(320)) - e2067284-0d49-4f78-bd84-4dfeb1c34035: shutdown server org.apache.ratis.grpc.server.GrpcClientProtocolService successfully
2023-05-23 10:25:05,010 [Listener at 127.0.0.1/15004] INFO  server.GrpcService (GrpcService.java:closeImpl(311)) - e2067284-0d49-4f78-bd84-4dfeb1c34035: shutdown server GrpcServerProtocolService now
2023-05-23 10:25:05,010 [ForkJoinPool.commonPool-worker-0] INFO  server.RaftServer (RaftServerProxy.java:lambda$close$6(416)) - 7e4b7257-5563-4054-b0a0-e23b6b773055: close
2023-05-23 10:25:05,011 [ForkJoinPool.commonPool-worker-0] INFO  server.GrpcService (GrpcService.java:closeImpl(311)) - 7e4b7257-5563-4054-b0a0-e23b6b773055: shutdown server org.apache.ratis.grpc.server.GrpcClientProtocolService now
2023-05-23 10:25:05,011 [7e4b7257-5563-4054-b0a0-e23b6b773055-impl-thread1] INFO  server.RaftServer$Division (RaftServerImpl.java:lambda$close$4(466)) - 7e4b7257-5563-4054-b0a0-e23b6b773055@group-BC7249027C7D: shutdown
2023-05-23 10:25:05,011 [7e4b7257-5563-4054-b0a0-e23b6b773055-impl-thread1] INFO  util.JmxRegister (JmxRegister.java:unregister(73)) - Successfully un-registered JMX Bean with object name Ratis:service=RaftServer,group=group-BC7249027C7D,id=7e4b7257-5563-4054-b0a0-e23b6b773055
2023-05-23 10:25:05,013 [7e4b7257-5563-4054-b0a0-e23b6b773055-impl-thread1] INFO  impl.RoleInfo (RoleInfo.java:shutdownLeaderState(93)) - 7e4b7257-5563-4054-b0a0-e23b6b773055: shutdown 7e4b7257-5563-4054-b0a0-e23b6b773055@group-BC7249027C7D-LeaderStateImpl
2023-05-23 10:25:05,014 [7e4b7257-5563-4054-b0a0-e23b6b773055-impl-thread1] INFO  impl.PendingRequests (PendingRequests.java:sendNotLeaderResponses(289)) - 7e4b7257-5563-4054-b0a0-e23b6b773055@group-BC7249027C7D-PendingRequests: sendNotLeaderResponses
2023-05-23 10:25:05,014 [7e4b7257-5563-4054-b0a0-e23b6b773055-impl-thread1] INFO  impl.StateMachineUpdater (StateMachineUpdater.java:stopAndJoin(155)) - 7e4b7257-5563-4054-b0a0-e23b6b773055@group-BC7249027C7D-StateMachineUpdater: set stopIndex = 0
2023-05-23 10:25:05,014 [7e4b7257-5563-4054-b0a0-e23b6b773055@group-BC7249027C7D-StateMachineUpdater] INFO  ratis.ContainerStateMachine (ContainerStateMachine.java:takeSnapshot(330)) - group-BC7249027C7D: Taking a snapshot at:(t:1, i:0) file /home/runner/work/ozone/ozone/hadoop-ozone/integration-test/target/test-dir/MiniOzoneClusterImpl-95ea0607-12be-46e0-be72-f6ffafe0ad81/datanode-4/data/ratis/64f6ca94-6641-4c50-bfa2-bc7249027c7d/sm/snapshot.1_0
2023-05-23 10:25:05,015 [7e4b7257-5563-4054-b0a0-e23b6b773055@group-BC7249027C7D-StateMachineUpdater] INFO  ratis.ContainerStateMachine (ContainerStateMachine.java:takeSnapshot(341)) - group-BC7249027C7D: Finished taking a snapshot at:(t:1, i:0) file:/home/runner/work/ozone/ozone/hadoop-ozone/integration-test/target/test-dir/MiniOzoneClusterImpl-95ea0607-12be-46e0-be72-f6ffafe0ad81/datanode-4/data/ratis/64f6ca94-6641-4c50-bfa2-bc7249027c7d/sm/snapshot.1_0 took: 1 ms
2023-05-23 10:25:05,015 [ForkJoinPool.commonPool-worker-1] INFO  server.GrpcService (GrpcService.java:closeImpl(320)) - 6a8c5c8c-0ee8-4287-ac95-4d490c63ac6c: shutdown server org.apache.ratis.grpc.server.GrpcAdminProtocolService successfully
2023-05-23 10:25:05,015 [6a8c5c8c-0ee8-4287-ac95-4d490c63ac6c-NettyServerStreamRpc-bossGroup--thread1] INFO  logging.LoggingHandler (AbstractInternalLogger.java:log(148)) - [id: 0x655e75e2, L:/0:0:0:0:0:0:0:0:15022] CLOSE
2023-05-23 10:25:05,015 [6a8c5c8c-0ee8-4287-ac95-4d490c63ac6c-NettyServerStreamRpc-bossGroup--thread1] INFO  logging.LoggingHandler (AbstractInternalLogger.java:log(148)) - [id: 0x655e75e2, L:/0:0:0:0:0:0:0:0:15022] INACTIVE
2023-05-23 10:25:05,016 [6a8c5c8c-0ee8-4287-ac95-4d490c63ac6c-NettyServerStreamRpc-bossGroup--thread1] INFO  logging.LoggingHandler (AbstractInternalLogger.java:log(148)) - [id: 0x655e75e2, L:/0:0:0:0:0:0:0:0:15022] UNREGISTERED
2023-05-23 10:25:05,015 [7e4b7257-5563-4054-b0a0-e23b6b773055@group-BC7249027C7D-StateMachineUpdater] INFO  impl.StateMachineUpdater (StateMachineUpdater.java:takeSnapshot(291)) - 7e4b7257-5563-4054-b0a0-e23b6b773055@group-BC7249027C7D-StateMachineUpdater: Took a snapshot at index 0
2023-05-23 10:25:05,016 [7e4b7257-5563-4054-b0a0-e23b6b773055@group-BC7249027C7D-StateMachineUpdater] INFO  impl.StateMachineUpdater (StateMachineUpdater.java:lambda$new$0(97)) - 7e4b7257-5563-4054-b0a0-e23b6b773055@group-BC7249027C7D-StateMachineUpdater: snapshotIndex: updateIncreasingly -1 -> 0
2023-05-23 10:25:05,016 [7e4b7257-5563-4054-b0a0-e23b6b773055-impl-thread1] INFO  server.RaftServer$Division (ServerState.java:close(472)) - 7e4b7257-5563-4054-b0a0-e23b6b773055@group-BC7249027C7D: closes. applyIndex: 0
2023-05-23 10:25:05,021 [Listener at 127.0.0.1/15004] INFO  server.GrpcService (GrpcService.java:closeImpl(320)) - e2067284-0d49-4f78-bd84-4dfeb1c34035: shutdown server GrpcServerProtocolService successfully
2023-05-23 10:25:05,021 [Listener at 127.0.0.1/15004] INFO  server.GrpcService (GrpcService.java:closeImpl(311)) - e2067284-0d49-4f78-bd84-4dfeb1c34035: shutdown server org.apache.ratis.grpc.server.GrpcAdminProtocolService now
2023-05-23 10:25:05,022 [ForkJoinPool.commonPool-worker-0] INFO  server.GrpcService (GrpcService.java:closeImpl(320)) - 7e4b7257-5563-4054-b0a0-e23b6b773055: shutdown server org.apache.ratis.grpc.server.GrpcClientProtocolService successfully
2023-05-23 10:25:05,022 [ForkJoinPool.commonPool-worker-0] INFO  server.GrpcService (GrpcService.java:closeImpl(311)) - 7e4b7257-5563-4054-b0a0-e23b6b773055: shutdown server GrpcServerProtocolService now
2023-05-23 10:25:05,023 [Listener at 127.0.0.1/15004] INFO  server.GrpcService (GrpcService.java:closeImpl(320)) - e2067284-0d49-4f78-bd84-4dfeb1c34035: shutdown server org.apache.ratis.grpc.server.GrpcAdminProtocolService successfully
2023-05-23 10:25:05,023 [e2067284-0d49-4f78-bd84-4dfeb1c34035-NettyServerStreamRpc-bossGroup--thread1] INFO  logging.LoggingHandler (AbstractInternalLogger.java:log(148)) - [id: 0xa0e770dc, L:/0:0:0:0:0:0:0:0:15030] CLOSE
2023-05-23 10:25:05,023 [e2067284-0d49-4f78-bd84-4dfeb1c34035-NettyServerStreamRpc-bossGroup--thread1] INFO  logging.LoggingHandler (AbstractInternalLogger.java:log(148)) - [id: 0xa0e770dc, L:/0:0:0:0:0:0:0:0:15030] INACTIVE
2023-05-23 10:25:05,023 [e2067284-0d49-4f78-bd84-4dfeb1c34035-NettyServerStreamRpc-bossGroup--thread1] INFO  logging.LoggingHandler (AbstractInternalLogger.java:log(148)) - [id: 0xa0e770dc, L:/0:0:0:0:0:0:0:0:15030] UNREGISTERED
2023-05-23 10:25:05,034 [ForkJoinPool.commonPool-worker-0] INFO  server.GrpcService (GrpcService.java:closeImpl(320)) - 7e4b7257-5563-4054-b0a0-e23b6b773055: shutdown server GrpcServerProtocolService successfully
2023-05-23 10:25:05,034 [ForkJoinPool.commonPool-worker-0] INFO  server.GrpcService (GrpcService.java:closeImpl(311)) - 7e4b7257-5563-4054-b0a0-e23b6b773055: shutdown server org.apache.ratis.grpc.server.GrpcAdminProtocolService now
2023-05-23 10:25:05,035 [ForkJoinPool.commonPool-worker-2] INFO  ozoneimpl.OzoneContainer (OzoneContainer.java:stop(419)) - Attempting to stop container services.
2023-05-23 10:25:05,038 [ForkJoinPool.commonPool-worker-0] INFO  server.GrpcService (GrpcService.java:closeImpl(320)) - 7e4b7257-5563-4054-b0a0-e23b6b773055: shutdown server org.apache.ratis.grpc.server.GrpcAdminProtocolService successfully
2023-05-23 10:25:05,039 [7e4b7257-5563-4054-b0a0-e23b6b773055-NettyServerStreamRpc-bossGroup--thread1] INFO  logging.LoggingHandler (AbstractInternalLogger.java:log(148)) - [id: 0x04a10f01, L:/0:0:0:0:0:0:0:0:15046] CLOSE
2023-05-23 10:25:05,039 [7e4b7257-5563-4054-b0a0-e23b6b773055-NettyServerStreamRpc-bossGroup--thread1] INFO  logging.LoggingHandler (AbstractInternalLogger.java:log(148)) - [id: 0x04a10f01, L:/0:0:0:0:0:0:0:0:15046] INACTIVE
2023-05-23 10:25:05,039 [7e4b7257-5563-4054-b0a0-e23b6b773055-NettyServerStreamRpc-bossGroup--thread1] INFO  logging.LoggingHandler (AbstractInternalLogger.java:log(148)) - [id: 0x04a10f01, L:/0:0:0:0:0:0:0:0:15046] UNREGISTERED
2023-05-23 10:25:05,041 [ForkJoinPool.commonPool-worker-2] INFO  server.RaftServer (RaftServerProxy.java:lambda$close$6(416)) - 6321734e-47b1-462e-9f32-22d48b3b1ad8: close
2023-05-23 10:25:05,045 [ForkJoinPool.commonPool-worker-2] INFO  server.GrpcService (GrpcService.java:closeImpl(311)) - 6321734e-47b1-462e-9f32-22d48b3b1ad8: shutdown server org.apache.ratis.grpc.server.GrpcClientProtocolService now
2023-05-23 10:25:05,046 [6321734e-47b1-462e-9f32-22d48b3b1ad8-impl-thread1] INFO  server.RaftServer$Division (RaftServerImpl.java:lambda$close$4(466)) - 6321734e-47b1-462e-9f32-22d48b3b1ad8@group-F47663F14343: shutdown
2023-05-23 10:25:05,046 [6321734e-47b1-462e-9f32-22d48b3b1ad8-impl-thread1] INFO  util.JmxRegister (JmxRegister.java:unregister(73)) - Successfully un-registered JMX Bean with object name Ratis:service=RaftServer,group=group-F47663F14343,id=6321734e-47b1-462e-9f32-22d48b3b1ad8
2023-05-23 10:25:05,046 [6321734e-47b1-462e-9f32-22d48b3b1ad8-impl-thread1] INFO  impl.RoleInfo (RoleInfo.java:shutdownLeaderState(93)) - 6321734e-47b1-462e-9f32-22d48b3b1ad8: shutdown 6321734e-47b1-462e-9f32-22d48b3b1ad8@group-F47663F14343-LeaderStateImpl
2023-05-23 10:25:05,046 [6321734e-47b1-462e-9f32-22d48b3b1ad8-impl-thread1] INFO  impl.PendingRequests (PendingRequests.java:sendNotLeaderResponses(289)) - 6321734e-47b1-462e-9f32-22d48b3b1ad8@group-F47663F14343-PendingRequests: sendNotLeaderResponses
2023-05-23 10:25:05,046 [6321734e-47b1-462e-9f32-22d48b3b1ad8-impl-thread1] INFO  impl.StateMachineUpdater (StateMachineUpdater.java:stopAndJoin(155)) - 6321734e-47b1-462e-9f32-22d48b3b1ad8@group-F47663F14343-StateMachineUpdater: set stopIndex = 0
2023-05-23 10:25:05,046 [6321734e-47b1-462e-9f32-22d48b3b1ad8@group-F47663F14343-StateMachineUpdater] INFO  ratis.ContainerStateMachine (ContainerStateMachine.java:takeSnapshot(330)) - group-F47663F14343: Taking a snapshot at:(t:1, i:0) file /home/runner/work/ozone/ozone/hadoop-ozone/integration-test/target/test-dir/MiniOzoneClusterImpl-95ea0607-12be-46e0-be72-f6ffafe0ad81/datanode-3/data/ratis/d63b8d1b-8569-49cc-9f2d-f47663f14343/sm/snapshot.1_0
2023-05-23 10:25:05,050 [ForkJoinPool.commonPool-worker-2] INFO  server.GrpcService (GrpcService.java:closeImpl(320)) - 6321734e-47b1-462e-9f32-22d48b3b1ad8: shutdown server org.apache.ratis.grpc.server.GrpcClientProtocolService successfully
2023-05-23 10:25:05,050 [ForkJoinPool.commonPool-worker-2] INFO  server.GrpcService (GrpcService.java:closeImpl(311)) - 6321734e-47b1-462e-9f32-22d48b3b1ad8: shutdown server GrpcServerProtocolService now
2023-05-23 10:25:05,051 [6321734e-47b1-462e-9f32-22d48b3b1ad8@group-F47663F14343-StateMachineUpdater] INFO  ratis.ContainerStateMachine (ContainerStateMachine.java:takeSnapshot(341)) - group-F47663F14343: Finished taking a snapshot at:(t:1, i:0) file:/home/runner/work/ozone/ozone/hadoop-ozone/integration-test/target/test-dir/MiniOzoneClusterImpl-95ea0607-12be-46e0-be72-f6ffafe0ad81/datanode-3/data/ratis/d63b8d1b-8569-49cc-9f2d-f47663f14343/sm/snapshot.1_0 took: 5 ms
2023-05-23 10:25:05,051 [6321734e-47b1-462e-9f32-22d48b3b1ad8@group-F47663F14343-StateMachineUpdater] INFO  impl.StateMachineUpdater (StateMachineUpdater.java:takeSnapshot(291)) - 6321734e-47b1-462e-9f32-22d48b3b1ad8@group-F47663F14343-StateMachineUpdater: Took a snapshot at index 0
2023-05-23 10:25:05,051 [6321734e-47b1-462e-9f32-22d48b3b1ad8@group-F47663F14343-StateMachineUpdater] INFO  impl.StateMachineUpdater (StateMachineUpdater.java:lambda$new$0(97)) - 6321734e-47b1-462e-9f32-22d48b3b1ad8@group-F47663F14343-StateMachineUpdater: snapshotIndex: updateIncreasingly -1 -> 0
2023-05-23 10:25:05,052 [6321734e-47b1-462e-9f32-22d48b3b1ad8-impl-thread1] INFO  server.RaftServer$Division (ServerState.java:close(472)) - 6321734e-47b1-462e-9f32-22d48b3b1ad8@group-F47663F14343: closes. applyIndex: 0
2023-05-23 10:25:05,056 [ForkJoinPool.commonPool-worker-2] INFO  server.GrpcService (GrpcService.java:closeImpl(320)) - 6321734e-47b1-462e-9f32-22d48b3b1ad8: shutdown server GrpcServerProtocolService successfully
2023-05-23 10:25:05,056 [ForkJoinPool.commonPool-worker-2] INFO  server.GrpcService (GrpcService.java:closeImpl(311)) - 6321734e-47b1-462e-9f32-22d48b3b1ad8: shutdown server org.apache.ratis.grpc.server.GrpcAdminProtocolService now
2023-05-23 10:25:05,069 [ForkJoinPool.commonPool-worker-2] INFO  server.GrpcService (GrpcService.java:closeImpl(320)) - 6321734e-47b1-462e-9f32-22d48b3b1ad8: shutdown server org.apache.ratis.grpc.server.GrpcAdminProtocolService successfully
2023-05-23 10:25:05,069 [6321734e-47b1-462e-9f32-22d48b3b1ad8-NettyServerStreamRpc-bossGroup--thread1] INFO  logging.LoggingHandler (AbstractInternalLogger.java:log(148)) - [id: 0xf73c170c, L:/0:0:0:0:0:0:0:0:15038] CLOSE
2023-05-23 10:25:05,069 [6321734e-47b1-462e-9f32-22d48b3b1ad8-NettyServerStreamRpc-bossGroup--thread1] INFO  logging.LoggingHandler (AbstractInternalLogger.java:log(148)) - [id: 0xf73c170c, L:/0:0:0:0:0:0:0:0:15038] INACTIVE
2023-05-23 10:25:05,069 [6321734e-47b1-462e-9f32-22d48b3b1ad8-NettyServerStreamRpc-bossGroup--thread1] INFO  logging.LoggingHandler (AbstractInternalLogger.java:log(148)) - [id: 0xf73c170c, L:/0:0:0:0:0:0:0:0:15038] UNREGISTERED
2023-05-23 10:25:05,445 [7e4b7257-5563-4054-b0a0-e23b6b773055-impl-thread1] INFO  segmented.SegmentedRaftLogWorker (SegmentedRaftLogWorker.java:close(252)) - 7e4b7257-5563-4054-b0a0-e23b6b773055@group-BC7249027C7D-SegmentedRaftLogWorker close()
2023-05-23 10:25:05,446 [JvmPauseMonitor5] INFO  util.JvmPauseMonitor (JvmPauseMonitor.java:run(109)) - JvmPauseMonitor-7e4b7257-5563-4054-b0a0-e23b6b773055: Stopped
2023-05-23 10:25:05,793 [ReplicationMonitor] INFO  replication.ReplicationManager (ReplicationManager.java:processAll(403)) - Replication Monitor Thread took 1 milliseconds for processing 1 containers.
2023-05-23 10:25:05,863 [e2067284-0d49-4f78-bd84-4dfeb1c34035-impl-thread1] INFO  segmented.SegmentedRaftLogWorker (SegmentedRaftLogWorker.java:close(252)) - e2067284-0d49-4f78-bd84-4dfeb1c34035@group-6FD0E88B63C5-SegmentedRaftLogWorker close()
2023-05-23 10:25:05,864 [JvmPauseMonitor3] INFO  util.JvmPauseMonitor (JvmPauseMonitor.java:run(109)) - JvmPauseMonitor-e2067284-0d49-4f78-bd84-4dfeb1c34035: Stopped
2023-05-23 10:25:05,960 [6a8c5c8c-0ee8-4287-ac95-4d490c63ac6c-impl-thread1] INFO  segmented.SegmentedRaftLogWorker (SegmentedRaftLogWorker.java:close(252)) - 6a8c5c8c-0ee8-4287-ac95-4d490c63ac6c@group-2C57FA8CB753-SegmentedRaftLogWorker close()
2023-05-23 10:25:05,961 [JvmPauseMonitor2] INFO  util.JvmPauseMonitor (JvmPauseMonitor.java:run(109)) - JvmPauseMonitor-6a8c5c8c-0ee8-4287-ac95-4d490c63ac6c: Stopped
2023-05-23 10:25:06,034 [6321734e-47b1-462e-9f32-22d48b3b1ad8-impl-thread1] INFO  segmented.SegmentedRaftLogWorker (SegmentedRaftLogWorker.java:close(252)) - 6321734e-47b1-462e-9f32-22d48b3b1ad8@group-F47663F14343-SegmentedRaftLogWorker close()
2023-05-23 10:25:06,035 [JvmPauseMonitor4] INFO  util.JvmPauseMonitor (JvmPauseMonitor.java:run(109)) - JvmPauseMonitor-6321734e-47b1-462e-9f32-22d48b3b1ad8: Stopped
2023-05-23 10:25:06,794 [ReplicationMonitor] INFO  replication.ReplicationManager (ReplicationManager.java:processAll(403)) - Replication Monitor Thread took 1 milliseconds for processing 1 containers.
2023-05-23 10:25:07,105 [EventQueue-StaleNodeForStaleNodeHandler] INFO  node.StaleNodeHandler (StaleNodeHandler.java:onMessage(59)) - Datanode 6321734e-47b1-462e-9f32-22d48b3b1ad8(fv-az1249-304/10.1.0.38) moved to stale state. Finalizing its pipelines [PipelineID=d63b8d1b-8569-49cc-9f2d-f47663f14343]
2023-05-23 10:25:07,106 [EventQueue-StaleNodeForStaleNodeHandler] INFO  pipeline.PipelineManagerImpl (PipelineManagerImpl.java:closePipeline(442)) - Pipeline Pipeline[ Id: d63b8d1b-8569-49cc-9f2d-f47663f14343, Nodes: 6321734e-47b1-462e-9f32-22d48b3b1ad8(fv-az1249-304/10.1.0.38), ReplicationConfig: RATIS/ONE, State:OPEN, leaderId:6321734e-47b1-462e-9f32-22d48b3b1ad8, CreationTimestamp2023-05-23T10:24:41.911Z[Etc/UTC]] moved to CLOSED state
2023-05-23 10:25:07,450 [ForkJoinPool.commonPool-worker-0] INFO  utils.DatanodeStoreCache (DatanodeStoreCache.java:shutdownCache(110)) - Skip clearing cache in mini cluster mode. Entries left: [/home/runner/work/ozone/ozone/hadoop-ozone/integration-test/target/test-dir/MiniOzoneClusterImpl-95ea0607-12be-46e0-be72-f6ffafe0ad81/datanode-1/data-0/containers/hdds/95ea0607-12be-46e0-be72-f6ffafe0ad81/DS-6cfb76f3-0a8a-4d44-bef1-ffa1b820fd4d/container.db, /home/runner/work/ozone/ozone/hadoop-ozone/integration-test/target/test-dir/MiniOzoneClusterImpl-95ea0607-12be-46e0-be72-f6ffafe0ad81/datanode-2/data-0/containers/hdds/95ea0607-12be-46e0-be72-f6ffafe0ad81/DS-f7e9030c-5df9-48ec-8697-a76fd45b0cc2/container.db, /home/runner/work/ozone/ozone/hadoop-ozone/integration-test/target/test-dir/MiniOzoneClusterImpl-95ea0607-12be-46e0-be72-f6ffafe0ad81/datanode-3/data-0/containers/hdds/95ea0607-12be-46e0-be72-f6ffafe0ad81/DS-e63d50c4-6c5d-448a-9b31-cdfd66248640/container.db, /home/runner/work/ozone/ozone/hadoop-ozone/integration-test/target/test-dir/MiniOzoneClusterImpl-95ea0607-12be-46e0-be72-f6ffafe0ad81/datanode-4/data-0/containers/hdds/95ea0607-12be-46e0-be72-f6ffafe0ad81/DS-0cc61d3b-4dd5-453d-b6c9-39a5902bbc6e/container.db]
2023-05-23 10:25:07,453 [ForkJoinPool.commonPool-worker-0] INFO  utils.DatanodeStoreCache (DatanodeStoreCache.java:removeDB(104)) - Removed db /home/runner/work/ozone/ozone/hadoop-ozone/integration-test/target/test-dir/MiniOzoneClusterImpl-95ea0607-12be-46e0-be72-f6ffafe0ad81/datanode-4/data-0/containers/hdds/95ea0607-12be-46e0-be72-f6ffafe0ad81/DS-0cc61d3b-4dd5-453d-b6c9-39a5902bbc6e/container.db from cache
2023-05-23 10:25:07,454 [ForkJoinPool.commonPool-worker-0] INFO  volume.HddsVolume (HddsVolume.java:closeDbStore(437)) - SchemaV3 db is stopped at /home/runner/work/ozone/ozone/hadoop-ozone/integration-test/target/test-dir/MiniOzoneClusterImpl-95ea0607-12be-46e0-be72-f6ffafe0ad81/datanode-4/data-0/containers/hdds/95ea0607-12be-46e0-be72-f6ffafe0ad81/DS-0cc61d3b-4dd5-453d-b6c9-39a5902bbc6e/container.db for volume DS-0cc61d3b-4dd5-453d-b6c9-39a5902bbc6e
2023-05-23 10:25:07,454 [ForkJoinPool.commonPool-worker-0] INFO  utils.BackgroundService (BackgroundService.java:shutdown(141)) - Shutting down service BlockDeletingService
2023-05-23 10:25:07,455 [ForkJoinPool.commonPool-worker-0] INFO  utils.BackgroundService (BackgroundService.java:shutdown(141)) - Shutting down service StaleRecoveringContainerScrubbingService
2023-05-23 10:25:07,463 [ForkJoinPool.commonPool-worker-0] INFO  statemachine.DatanodeStateMachine (DatanodeStateMachine.java:stopDaemon(608)) - Ozone container server stopped.
2023-05-23 10:25:07,474 [ForkJoinPool.commonPool-worker-0] INFO  handler.ContextHandler (ContextHandler.java:doStop(1159)) - Stopped o.e.j.w.WebAppContext@6f0ed0de{hddsDatanode,/,null,STOPPED}{jar:file:/home/runner/.m2/repository/org/apache/ozone/hdds-container-service/1.4.0-SNAPSHOT/hdds-container-service-1.4.0-SNAPSHOT.jar!/webapps/hddsDatanode}
2023-05-23 10:25:07,477 [ForkJoinPool.commonPool-worker-0] INFO  server.AbstractConnector (AbstractConnector.java:doStop(383)) - Stopped ServerConnector@2b8b5c79{HTTP/1.1, (http/1.1)}{0.0.0.0:15041}
2023-05-23 10:25:07,481 [ForkJoinPool.commonPool-worker-0] INFO  server.session (HouseKeeper.java:stopScavenging(149)) - node0 Stopped scavenging
2023-05-23 10:25:07,484 [ForkJoinPool.commonPool-worker-0] INFO  handler.ContextHandler (ContextHandler.java:doStop(1159)) - Stopped o.e.j.s.ServletContextHandler@46668f19{static,/static,jar:file:/home/runner/.m2/repository/org/apache/ozone/hdds-container-service/1.4.0-SNAPSHOT/hdds-container-service-1.4.0-SNAPSHOT.jar!/webapps/static,STOPPED}
2023-05-23 10:25:07,484 [ForkJoinPool.commonPool-worker-0] INFO  handler.ContextHandler (ContextHandler.java:doStop(1159)) - Stopped o.e.j.s.ServletContextHandler@519b9a9e{logs,/logs,file:///home/runner/work/ozone/ozone/hadoop-ozone/integration-test/target/log,STOPPED}
2023-05-23 10:25:07,506 [EventQueue-StaleNodeForStaleNodeHandler] INFO  node.StaleNodeHandler (StaleNodeHandler.java:onMessage(59)) - Datanode 7e4b7257-5563-4054-b0a0-e23b6b773055(fv-az1249-304/10.1.0.38) moved to stale state. Finalizing its pipelines [PipelineID=64f6ca94-6641-4c50-bfa2-bc7249027c7d]
2023-05-23 10:25:07,507 [EventQueue-StaleNodeForStaleNodeHandler] INFO  pipeline.PipelineManagerImpl (PipelineManagerImpl.java:closePipeline(442)) - Pipeline Pipeline[ Id: 64f6ca94-6641-4c50-bfa2-bc7249027c7d, Nodes: 7e4b7257-5563-4054-b0a0-e23b6b773055(fv-az1249-304/10.1.0.38), ReplicationConfig: RATIS/ONE, State:OPEN, leaderId:7e4b7257-5563-4054-b0a0-e23b6b773055, CreationTimestamp2023-05-23T10:24:42.255Z[Etc/UTC]] moved to CLOSED state
2023-05-23 10:25:07,795 [ReplicationMonitor] INFO  replication.ReplicationManager (ReplicationManager.java:processAll(403)) - Replication Monitor Thread took 1 milliseconds for processing 1 containers.
2023-05-23 10:25:07,868 [Listener at 127.0.0.1/15004] INFO  utils.DatanodeStoreCache (DatanodeStoreCache.java:shutdownCache(110)) - Skip clearing cache in mini cluster mode. Entries left: [/home/runner/work/ozone/ozone/hadoop-ozone/integration-test/target/test-dir/MiniOzoneClusterImpl-95ea0607-12be-46e0-be72-f6ffafe0ad81/datanode-1/data-0/containers/hdds/95ea0607-12be-46e0-be72-f6ffafe0ad81/DS-6cfb76f3-0a8a-4d44-bef1-ffa1b820fd4d/container.db, /home/runner/work/ozone/ozone/hadoop-ozone/integration-test/target/test-dir/MiniOzoneClusterImpl-95ea0607-12be-46e0-be72-f6ffafe0ad81/datanode-2/data-0/containers/hdds/95ea0607-12be-46e0-be72-f6ffafe0ad81/DS-f7e9030c-5df9-48ec-8697-a76fd45b0cc2/container.db, /home/runner/work/ozone/ozone/hadoop-ozone/integration-test/target/test-dir/MiniOzoneClusterImpl-95ea0607-12be-46e0-be72-f6ffafe0ad81/datanode-3/data-0/containers/hdds/95ea0607-12be-46e0-be72-f6ffafe0ad81/DS-e63d50c4-6c5d-448a-9b31-cdfd66248640/container.db]
2023-05-23 10:25:07,874 [Listener at 127.0.0.1/15004] INFO  utils.DatanodeStoreCache (DatanodeStoreCache.java:removeDB(104)) - Removed db /home/runner/work/ozone/ozone/hadoop-ozone/integration-test/target/test-dir/MiniOzoneClusterImpl-95ea0607-12be-46e0-be72-f6ffafe0ad81/datanode-2/data-0/containers/hdds/95ea0607-12be-46e0-be72-f6ffafe0ad81/DS-f7e9030c-5df9-48ec-8697-a76fd45b0cc2/container.db from cache
2023-05-23 10:25:07,874 [Listener at 127.0.0.1/15004] INFO  volume.HddsVolume (HddsVolume.java:closeDbStore(437)) - SchemaV3 db is stopped at /home/runner/work/ozone/ozone/hadoop-ozone/integration-test/target/test-dir/MiniOzoneClusterImpl-95ea0607-12be-46e0-be72-f6ffafe0ad81/datanode-2/data-0/containers/hdds/95ea0607-12be-46e0-be72-f6ffafe0ad81/DS-f7e9030c-5df9-48ec-8697-a76fd45b0cc2/container.db for volume DS-f7e9030c-5df9-48ec-8697-a76fd45b0cc2
2023-05-23 10:25:07,874 [Listener at 127.0.0.1/15004] INFO  utils.BackgroundService (BackgroundService.java:shutdown(141)) - Shutting down service BlockDeletingService
2023-05-23 10:25:07,875 [Listener at 127.0.0.1/15004] INFO  utils.BackgroundService (BackgroundService.java:shutdown(141)) - Shutting down service StaleRecoveringContainerScrubbingService
2023-05-23 10:25:07,877 [Listener at 127.0.0.1/15004] INFO  statemachine.DatanodeStateMachine (DatanodeStateMachine.java:stopDaemon(608)) - Ozone container server stopped.
2023-05-23 10:25:07,888 [Listener at 127.0.0.1/15004] INFO  handler.ContextHandler (ContextHandler.java:doStop(1159)) - Stopped o.e.j.w.WebAppContext@463d9924{hddsDatanode,/,null,STOPPED}{jar:file:/home/runner/.m2/repository/org/apache/ozone/hdds-container-service/1.4.0-SNAPSHOT/hdds-container-service-1.4.0-SNAPSHOT.jar!/webapps/hddsDatanode}
2023-05-23 10:25:07,888 [Listener at 127.0.0.1/15004] INFO  server.AbstractConnector (AbstractConnector.java:doStop(383)) - Stopped ServerConnector@5d90f27c{HTTP/1.1, (http/1.1)}{0.0.0.0:15025}
2023-05-23 10:25:07,888 [Listener at 127.0.0.1/15004] INFO  server.session (HouseKeeper.java:stopScavenging(149)) - node0 Stopped scavenging
2023-05-23 10:25:07,889 [Listener at 127.0.0.1/15004] INFO  handler.ContextHandler (ContextHandler.java:doStop(1159)) - Stopped o.e.j.s.ServletContextHandler@715379a4{static,/static,jar:file:/home/runner/.m2/repository/org/apache/ozone/hdds-container-service/1.4.0-SNAPSHOT/hdds-container-service-1.4.0-SNAPSHOT.jar!/webapps/static,STOPPED}
2023-05-23 10:25:07,889 [Listener at 127.0.0.1/15004] INFO  handler.ContextHandler (ContextHandler.java:doStop(1159)) - Stopped o.e.j.s.ServletContextHandler@14c630de{logs,/logs,file:///home/runner/work/ozone/ozone/hadoop-ozone/integration-test/target/log,STOPPED}
2023-05-23 10:25:07,907 [EventQueue-StaleNodeForStaleNodeHandler] INFO  node.StaleNodeHandler (StaleNodeHandler.java:onMessage(59)) - Datanode e2067284-0d49-4f78-bd84-4dfeb1c34035(fv-az1249-304/10.1.0.38) moved to stale state. Finalizing its pipelines [PipelineID=620304fc-5fcd-4b1e-bfde-6fd0e88b63c5]
2023-05-23 10:25:07,908 [EventQueue-StaleNodeForStaleNodeHandler] INFO  pipeline.PipelineManagerImpl (PipelineManagerImpl.java:closePipeline(442)) - Pipeline Pipeline[ Id: 620304fc-5fcd-4b1e-bfde-6fd0e88b63c5, Nodes: e2067284-0d49-4f78-bd84-4dfeb1c34035(fv-az1249-304/10.1.0.38), ReplicationConfig: RATIS/ONE, State:OPEN, leaderId:e2067284-0d49-4f78-bd84-4dfeb1c34035, CreationTimestamp2023-05-23T10:24:41.585Z[Etc/UTC]] moved to CLOSED state
2023-05-23 10:25:07,965 [ForkJoinPool.commonPool-worker-1] INFO  utils.DatanodeStoreCache (DatanodeStoreCache.java:shutdownCache(110)) - Skip clearing cache in mini cluster mode. Entries left: [/home/runner/work/ozone/ozone/hadoop-ozone/integration-test/target/test-dir/MiniOzoneClusterImpl-95ea0607-12be-46e0-be72-f6ffafe0ad81/datanode-1/data-0/containers/hdds/95ea0607-12be-46e0-be72-f6ffafe0ad81/DS-6cfb76f3-0a8a-4d44-bef1-ffa1b820fd4d/container.db, /home/runner/work/ozone/ozone/hadoop-ozone/integration-test/target/test-dir/MiniOzoneClusterImpl-95ea0607-12be-46e0-be72-f6ffafe0ad81/datanode-3/data-0/containers/hdds/95ea0607-12be-46e0-be72-f6ffafe0ad81/DS-e63d50c4-6c5d-448a-9b31-cdfd66248640/container.db]
2023-05-23 10:25:07,967 [ForkJoinPool.commonPool-worker-1] INFO  utils.DatanodeStoreCache (DatanodeStoreCache.java:removeDB(104)) - Removed db /home/runner/work/ozone/ozone/hadoop-ozone/integration-test/target/test-dir/MiniOzoneClusterImpl-95ea0607-12be-46e0-be72-f6ffafe0ad81/datanode-1/data-0/containers/hdds/95ea0607-12be-46e0-be72-f6ffafe0ad81/DS-6cfb76f3-0a8a-4d44-bef1-ffa1b820fd4d/container.db from cache
2023-05-23 10:25:07,967 [ForkJoinPool.commonPool-worker-1] INFO  volume.HddsVolume (HddsVolume.java:closeDbStore(437)) - SchemaV3 db is stopped at /home/runner/work/ozone/ozone/hadoop-ozone/integration-test/target/test-dir/MiniOzoneClusterImpl-95ea0607-12be-46e0-be72-f6ffafe0ad81/datanode-1/data-0/containers/hdds/95ea0607-12be-46e0-be72-f6ffafe0ad81/DS-6cfb76f3-0a8a-4d44-bef1-ffa1b820fd4d/container.db for volume DS-6cfb76f3-0a8a-4d44-bef1-ffa1b820fd4d
2023-05-23 10:25:07,968 [ForkJoinPool.commonPool-worker-1] INFO  utils.BackgroundService (BackgroundService.java:shutdown(141)) - Shutting down service BlockDeletingService
2023-05-23 10:25:07,968 [ForkJoinPool.commonPool-worker-1] INFO  utils.BackgroundService (BackgroundService.java:shutdown(141)) - Shutting down service StaleRecoveringContainerScrubbingService
2023-05-23 10:25:07,970 [ForkJoinPool.commonPool-worker-1] INFO  statemachine.DatanodeStateMachine (DatanodeStateMachine.java:stopDaemon(608)) - Ozone container server stopped.
2023-05-23 10:25:07,983 [ForkJoinPool.commonPool-worker-1] INFO  handler.ContextHandler (ContextHandler.java:doStop(1159)) - Stopped o.e.j.w.WebAppContext@43b5dd6d{hddsDatanode,/,null,STOPPED}{jar:file:/home/runner/.m2/repository/org/apache/ozone/hdds-container-service/1.4.0-SNAPSHOT/hdds-container-service-1.4.0-SNAPSHOT.jar!/webapps/hddsDatanode}
2023-05-23 10:25:07,984 [ForkJoinPool.commonPool-worker-1] INFO  server.AbstractConnector (AbstractConnector.java:doStop(383)) - Stopped ServerConnector@1c13fcc7{HTTP/1.1, (http/1.1)}{0.0.0.0:15017}
2023-05-23 10:25:07,984 [ForkJoinPool.commonPool-worker-1] INFO  server.session (HouseKeeper.java:stopScavenging(149)) - node0 Stopped scavenging
2023-05-23 10:25:07,985 [ForkJoinPool.commonPool-worker-1] INFO  handler.ContextHandler (ContextHandler.java:doStop(1159)) - Stopped o.e.j.s.ServletContextHandler@48141eeb{static,/static,jar:file:/home/runner/.m2/repository/org/apache/ozone/hdds-container-service/1.4.0-SNAPSHOT/hdds-container-service-1.4.0-SNAPSHOT.jar!/webapps/static,STOPPED}
2023-05-23 10:25:07,985 [ForkJoinPool.commonPool-worker-1] INFO  handler.ContextHandler (ContextHandler.java:doStop(1159)) - Stopped o.e.j.s.ServletContextHandler@6ee2ba80{logs,/logs,file:///home/runner/work/ozone/ozone/hadoop-ozone/integration-test/target/log,STOPPED}
2023-05-23 10:25:08,007 [EventQueue-StaleNodeForStaleNodeHandler] INFO  node.StaleNodeHandler (StaleNodeHandler.java:onMessage(59)) - Datanode 6a8c5c8c-0ee8-4287-ac95-4d490c63ac6c(fv-az1249-304/10.1.0.38) moved to stale state. Finalizing its pipelines [PipelineID=dd4eb37e-1fa8-4cac-93b3-2c57fa8cb753]
2023-05-23 10:25:08,008 [EventQueue-StaleNodeForStaleNodeHandler] INFO  pipeline.PipelineManagerImpl (PipelineManagerImpl.java:closePipeline(442)) - Pipeline Pipeline[ Id: dd4eb37e-1fa8-4cac-93b3-2c57fa8cb753, Nodes: 6a8c5c8c-0ee8-4287-ac95-4d490c63ac6c(fv-az1249-304/10.1.0.38), ReplicationConfig: RATIS/ONE, State:OPEN, leaderId:6a8c5c8c-0ee8-4287-ac95-4d490c63ac6c, CreationTimestamp2023-05-23T10:24:41.161Z[Etc/UTC]] moved to CLOSED state
2023-05-23 10:25:08,040 [ForkJoinPool.commonPool-worker-2] INFO  utils.DatanodeStoreCache (DatanodeStoreCache.java:shutdownCache(110)) - Skip clearing cache in mini cluster mode. Entries left: [/home/runner/work/ozone/ozone/hadoop-ozone/integration-test/target/test-dir/MiniOzoneClusterImpl-95ea0607-12be-46e0-be72-f6ffafe0ad81/datanode-3/data-0/containers/hdds/95ea0607-12be-46e0-be72-f6ffafe0ad81/DS-e63d50c4-6c5d-448a-9b31-cdfd66248640/container.db]
2023-05-23 10:25:08,043 [ForkJoinPool.commonPool-worker-2] INFO  utils.DatanodeStoreCache (DatanodeStoreCache.java:removeDB(104)) - Removed db /home/runner/work/ozone/ozone/hadoop-ozone/integration-test/target/test-dir/MiniOzoneClusterImpl-95ea0607-12be-46e0-be72-f6ffafe0ad81/datanode-3/data-0/containers/hdds/95ea0607-12be-46e0-be72-f6ffafe0ad81/DS-e63d50c4-6c5d-448a-9b31-cdfd66248640/container.db from cache
2023-05-23 10:25:08,043 [ForkJoinPool.commonPool-worker-2] INFO  volume.HddsVolume (HddsVolume.java:closeDbStore(437)) - SchemaV3 db is stopped at /home/runner/work/ozone/ozone/hadoop-ozone/integration-test/target/test-dir/MiniOzoneClusterImpl-95ea0607-12be-46e0-be72-f6ffafe0ad81/datanode-3/data-0/containers/hdds/95ea0607-12be-46e0-be72-f6ffafe0ad81/DS-e63d50c4-6c5d-448a-9b31-cdfd66248640/container.db for volume DS-e63d50c4-6c5d-448a-9b31-cdfd66248640
2023-05-23 10:25:08,043 [ForkJoinPool.commonPool-worker-2] INFO  utils.BackgroundService (BackgroundService.java:shutdown(141)) - Shutting down service BlockDeletingService
2023-05-23 10:25:08,044 [ForkJoinPool.commonPool-worker-2] INFO  utils.BackgroundService (BackgroundService.java:shutdown(141)) - Shutting down service StaleRecoveringContainerScrubbingService
2023-05-23 10:25:08,046 [ForkJoinPool.commonPool-worker-2] INFO  statemachine.DatanodeStateMachine (DatanodeStateMachine.java:stopDaemon(608)) - Ozone container server stopped.
2023-05-23 10:25:08,057 [ForkJoinPool.commonPool-worker-2] INFO  handler.ContextHandler (ContextHandler.java:doStop(1159)) - Stopped o.e.j.w.WebAppContext@11bcc04d{hddsDatanode,/,null,STOPPED}{jar:file:/home/runner/.m2/repository/org/apache/ozone/hdds-container-service/1.4.0-SNAPSHOT/hdds-container-service-1.4.0-SNAPSHOT.jar!/webapps/hddsDatanode}
2023-05-23 10:25:08,058 [ForkJoinPool.commonPool-worker-2] INFO  server.AbstractConnector (AbstractConnector.java:doStop(383)) - Stopped ServerConnector@18ee882f{HTTP/1.1, (http/1.1)}{0.0.0.0:15033}
2023-05-23 10:25:08,058 [ForkJoinPool.commonPool-worker-2] INFO  server.session (HouseKeeper.java:stopScavenging(149)) - node0 Stopped scavenging
2023-05-23 10:25:08,059 [ForkJoinPool.commonPool-worker-2] INFO  handler.ContextHandler (ContextHandler.java:doStop(1159)) - Stopped o.e.j.s.ServletContextHandler@6e8fe13f{static,/static,jar:file:/home/runner/.m2/repository/org/apache/ozone/hdds-container-service/1.4.0-SNAPSHOT/hdds-container-service-1.4.0-SNAPSHOT.jar!/webapps/static,STOPPED}
2023-05-23 10:25:08,060 [ForkJoinPool.commonPool-worker-2] INFO  handler.ContextHandler (ContextHandler.java:doStop(1159)) - Stopped o.e.j.s.ServletContextHandler@aab2f6c{logs,/logs,file:///home/runner/work/ozone/ozone/hadoop-ozone/integration-test/target/log,STOPPED}
2023-05-23 10:25:08,061 [Listener at 127.0.0.1/15004] INFO  ozone.MiniOzoneClusterImpl (MiniOzoneClusterImpl.java:stopSCM(536)) - Stopping the StorageContainerManager
2023-05-23 10:25:08,062 [Listener at 127.0.0.1/15004] INFO  server.StorageContainerManager (StorageContainerManager.java:stop(1578)) - Container Balancer is not running.
2023-05-23 10:25:08,062 [Listener at 127.0.0.1/15004] INFO  server.StorageContainerManager (StorageContainerManager.java:stopReplicationManager(1709)) - Stopping Replication Manager Service.
2023-05-23 10:25:08,062 [Listener at 127.0.0.1/15004] INFO  replication.ReplicationManager (ReplicationManager.java:stop(333)) - Stopping Replication Monitor Thread.
2023-05-23 10:25:08,062 [Listener at 127.0.0.1/15004] INFO  server.StorageContainerManager (StorageContainerManager.java:stop(1587)) - Stopping the Datanode Admin Monitor.
2023-05-23 10:25:08,062 [Over Replicated Processor] WARN  replication.UnhealthyReplicationProcessor (UnhealthyReplicationProcessor.java:run(167)) - Over Replicated Processor interrupted. Exiting...
2023-05-23 10:25:08,062 [Listener at 127.0.0.1/15004] INFO  server.StorageContainerManager (StorageContainerManager.java:stop(1594)) - Stopping datanode service RPC server
2023-05-23 10:25:08,062 [Listener at 127.0.0.1/15004] INFO  server.SCMDatanodeProtocolServer (SCMDatanodeProtocolServer.java:stop(424)) - Stopping the RPC server for DataNodes
2023-05-23 10:25:08,062 [Listener at 127.0.0.1/15004] INFO  ipc.Server (Server.java:stop(3501)) - Stopping server on 15002
2023-05-23 10:25:08,062 [ReplicationMonitor] INFO  replication.ReplicationManager (ReplicationManager.java:run(944)) - Replication Monitor Thread is stopped
2023-05-23 10:25:08,062 [Under Replicated Processor] WARN  replication.UnhealthyReplicationProcessor (UnhealthyReplicationProcessor.java:run(167)) - Under Replicated Processor interrupted. Exiting...
2023-05-23 10:25:08,063 [IPC Server listener on 15002] INFO  ipc.Server (Server.java:run(1430)) - Stopping IPC Server listener on 15002
2023-05-23 10:25:08,064 [IPC Server Responder] INFO  ipc.Server (Server.java:run(1563)) - Stopping IPC Server Responder
2023-05-23 10:25:08,107 [SCM Heartbeat Processing Thread - 0] WARN  node.NodeStateManager (NodeStateManager.java:scheduleNextHealthCheck(870)) - Current Thread is interrupted, shutting down HB processing thread for Node Manager.
2023-05-23 10:25:08,108 [Listener at 127.0.0.1/15004] INFO  server.StorageContainerManager (StorageContainerManager.java:stop(1602)) - Stopping block service RPC server
2023-05-23 10:25:08,108 [Listener at 127.0.0.1/15004] INFO  server.SCMBlockProtocolServer (SCMBlockProtocolServer.java:stop(161)) - Stopping the RPC server for Block Protocol
2023-05-23 10:25:08,108 [Listener at 127.0.0.1/15004] INFO  ipc.Server (Server.java:stop(3501)) - Stopping server on 15001
2023-05-23 10:25:08,109 [IPC Server Responder] INFO  ipc.Server (Server.java:run(1563)) - Stopping IPC Server Responder
2023-05-23 10:25:08,109 [IPC Server listener on 15001] INFO  ipc.Server (Server.java:run(1430)) - Stopping IPC Server listener on 15001
2023-05-23 10:25:08,109 [Listener at 127.0.0.1/15004] INFO  server.StorageContainerManager (StorageContainerManager.java:stop(1609)) - Stopping the StorageContainerLocationProtocol RPC server
2023-05-23 10:25:08,109 [Listener at 127.0.0.1/15004] INFO  server.SCMClientProtocolServer (SCMClientProtocolServer.java:stop(208)) - Stopping the RPC server for Client Protocol
2023-05-23 10:25:08,109 [Listener at 127.0.0.1/15004] INFO  ipc.Server (Server.java:stop(3501)) - Stopping server on 15000
2023-05-23 10:25:08,112 [IPC Server listener on 15000] INFO  ipc.Server (Server.java:run(1430)) - Stopping IPC Server listener on 15000
2023-05-23 10:25:08,112 [Listener at 127.0.0.1/15004] INFO  server.StorageContainerManager (StorageContainerManager.java:stop(1616)) - Stopping Storage Container Manager HTTP server.
2023-05-23 10:25:08,112 [IPC Server Responder] INFO  ipc.Server (Server.java:run(1563)) - Stopping IPC Server Responder
2023-05-23 10:25:08,113 [Listener at 127.0.0.1/15004] INFO  handler.ContextHandler (ContextHandler.java:doStop(1159)) - Stopped o.e.j.w.WebAppContext@72a7deaa{scm,/,null,STOPPED}{file:/home/runner/work/ozone/ozone/hadoop-ozone/integration-test/target/test-classes/webapps/scm}
2023-05-23 10:25:08,113 [Listener at 127.0.0.1/15004] INFO  server.AbstractConnector (AbstractConnector.java:doStop(383)) - Stopped ServerConnector@db66529{HTTP/1.1, (http/1.1)}{0.0.0.0:15003}
2023-05-23 10:25:08,113 [Listener at 127.0.0.1/15004] INFO  server.session (HouseKeeper.java:stopScavenging(149)) - node0 Stopped scavenging
2023-05-23 10:25:08,114 [Listener at 127.0.0.1/15004] INFO  handler.ContextHandler (ContextHandler.java:doStop(1159)) - Stopped o.e.j.s.ServletContextHandler@56bdc976{static,/static,file:///home/runner/work/ozone/ozone/hadoop-ozone/integration-test/target/test-classes/webapps/static,STOPPED}
2023-05-23 10:25:08,114 [Listener at 127.0.0.1/15004] INFO  handler.ContextHandler (ContextHandler.java:doStop(1159)) - Stopped o.e.j.s.ServletContextHandler@48496312{logs,/logs,file:///home/runner/work/ozone/ozone/hadoop-ozone/integration-test/target/log,STOPPED}
2023-05-23 10:25:08,115 [Listener at 127.0.0.1/15004] INFO  server.StorageContainerManager (StorageContainerManager.java:stop(1624)) - Stopping SCM LayoutVersionManager Service.
2023-05-23 10:25:08,115 [Listener at 127.0.0.1/15004] INFO  server.StorageContainerManager (StorageContainerManager.java:stop(1632)) - Stopping Block Manager Service.
2023-05-23 10:25:08,115 [Listener at 127.0.0.1/15004] INFO  utils.BackgroundService (BackgroundService.java:shutdown(141)) - Shutting down service SCMBlockDeletingService
2023-05-23 10:25:08,115 [Listener at 127.0.0.1/15004] INFO  utils.BackgroundService (BackgroundService.java:shutdown(141)) - Shutting down service SCMBlockDeletingService
2023-05-23 10:25:08,115 [Listener at 127.0.0.1/15004] INFO  server.StorageContainerManager (StorageContainerManager.java:stop(1654)) - Stopping SCM Event Queue.
2023-05-23 10:25:08,118 [Listener at 127.0.0.1/15004] INFO  server.StorageContainerManager (StorageContainerManager.java:stop(1665)) - Stopping SCM HA services.
2023-05-23 10:25:08,118 [Listener at 127.0.0.1/15004] INFO  pipeline.BackgroundPipelineCreator (BackgroundPipelineCreator.java:stop(149)) - Stopping RatisPipelineUtilsThread.
2023-05-23 10:25:08,119 [RatisPipelineUtilsThread - 0] WARN  pipeline.BackgroundPipelineCreator (BackgroundPipelineCreator.java:run(180)) - RatisPipelineUtilsThread is interrupted.
2023-05-23 10:25:08,119 [BackgroundPipelineScrubberThread] WARN  BackgroundPipelineScrubber (BackgroundSCMService.java:run(115)) - BackgroundPipelineScrubber is interrupted, exit
2023-05-23 10:25:08,119 [Listener at 127.0.0.1/15004] INFO  BackgroundPipelineScrubber (BackgroundSCMService.java:stop(131)) - Stopping BackgroundPipelineScrubber Service.
2023-05-23 10:25:08,120 [Listener at 127.0.0.1/15004] INFO  impl.MetricsSystemImpl (MetricsSystemImpl.java:stop(210)) - Stopping XceiverClientMetrics metrics system...
2023-05-23 10:25:08,122 [prometheus] INFO  impl.MetricsSinkAdapter (MetricsSinkAdapter.java:publishMetricsFromQueue(141)) - prometheus thread interrupted.
2023-05-23 10:25:08,123 [Listener at 127.0.0.1/15004] INFO  impl.MetricsSystemImpl (MetricsSystemImpl.java:stop(216)) - XceiverClientMetrics metrics system stopped.
2023-05-23 10:25:08,123 [Listener at 127.0.0.1/15004] WARN  pipeline.BackgroundPipelineCreator (BackgroundPipelineCreator.java:stop(145)) - RatisPipelineUtilsThread is not running, just ignore.
2023-05-23 10:25:08,123 [Listener at 127.0.0.1/15004] INFO  BackgroundPipelineScrubber (BackgroundSCMService.java:stop(126)) - BackgroundPipelineScrubber Service is not running, skip stop.
2023-05-23 10:25:08,123 [Listener at 127.0.0.1/15004] INFO  ExpiredContainerReplicaOpScrubber (BackgroundSCMService.java:stop(131)) - Stopping ExpiredContainerReplicaOpScrubber Service.
2023-05-23 10:25:08,123 [ExpiredContainerReplicaOpScrubberThread] WARN  ExpiredContainerReplicaOpScrubber (BackgroundSCMService.java:run(115)) - ExpiredContainerReplicaOpScrubber is interrupted, exit
2023-05-23 10:25:08,123 [Listener at 127.0.0.1/15004] INFO  utils.BackgroundService (BackgroundService.java:shutdown(141)) - Shutting down service SCMBlockDeletingService
2023-05-23 10:25:08,123 [Listener at 127.0.0.1/15004] INFO  replication.ReplicationManager (ReplicationManager.java:stop(343)) - Replication Monitor Thread is not running.
2023-05-23 10:25:08,123 [Listener at 127.0.0.1/15004] WARN  balancer.ContainerBalancer (ContainerBalancer.java:stop(324)) - Cannot stop Container Balancer because it's not running or stopping
2023-05-23 10:25:08,124 [Listener at 127.0.0.1/15004] INFO  server.StorageContainerManager (StorageContainerManager.java:stop(1700)) - Stopping SCM MetadataStore.
]]></system-out>
  </testcase>
  <testcase name="testContainerReplicationWithLegacyReplicationManagerDisabled" classname="TestContainerReplication" time="31.28">
    <system-out><![CDATA[2023-05-23 10:25:45,600 [Time-limited test] WARN  server.ServerUtils (ServerUtils.java:getScmDbDir(148)) - ozone.scm.db.dirs is not configured. We recommend adding this setting. Falling back to ozone.metadata.dirs instead.
2023-05-23 10:25:45,604 [Time-limited test] WARN  server.ServerUtils (ServerUtils.java:getScmDbDir(148)) - ozone.scm.db.dirs is not configured. We recommend adding this setting. Falling back to ozone.metadata.dirs instead.
2023-05-23 10:25:45,604 [Time-limited test] INFO  ha.SCMHANodeDetails (SCMHANodeDetails.java:loadSCMHAConfig(209)) - ServiceID for StorageContainerManager is null
2023-05-23 10:25:45,604 [Time-limited test] INFO  ha.SCMHANodeDetails (SCMHANodeDetails.java:loadSCMHAConfig(214)) - ozone.scm.default.service.id is not defined, falling back to ozone.scm.service.ids to find serviceID for StorageContainerManager if it is HA enabled cluster
2023-05-23 10:25:45,605 [Time-limited test] WARN  utils.HAUtils (HAUtils.java:getMetaDir(350)) - ozone.scm.db.dirs is not configured. We recommend adding this setting. Falling back to ozone.metadata.dirs instead.
2023-05-23 10:25:45,605 [Time-limited test] WARN  db.DBStoreBuilder (DBStoreBuilder.java:applyDBDefinition(165)) - ozone.scm.db.dirs is not configured. We recommend adding this setting. Falling back to ozone.metadata.dirs instead.
2023-05-23 10:25:45,733 [Time-limited test] INFO  net.NodeSchemaLoader (NodeSchemaLoader.java:loadSchemaFromFile(129)) - Loading schema from [jar:file:/home/runner/.m2/repository/org/apache/ozone/hdds-common/1.4.0-SNAPSHOT/hdds-common-1.4.0-SNAPSHOT.jar!/network-topology-default.xml]
2023-05-23 10:25:45,734 [Time-limited test] INFO  net.NodeSchemaLoader (NodeSchemaLoader.java:loadSchema(176)) - Loading network topology layer schema file
2023-05-23 10:25:45,736 [Time-limited test] INFO  upgrade.AbstractLayoutVersionManager (AbstractLayoutVersionManager.java:init(83)) - Initializing Layout version manager with metadata layout = WEBUI_PORTS_IN_DATANODEDETAILS (version = 6), software layout = WEBUI_PORTS_IN_DATANODEDETAILS (version = 6)
2023-05-23 10:25:45,737 [Time-limited test] INFO  ha.SequenceIdGenerator (SequenceIdGenerator.java:upgradeToSequenceId(349)) - upgrade localId to 111677748019200000
2023-05-23 10:25:45,738 [Time-limited test] INFO  ha.SequenceIdGenerator (SequenceIdGenerator.java:upgradeToSequenceId(359)) - upgrade delTxnId to 0
2023-05-23 10:25:45,738 [Time-limited test] INFO  ha.SequenceIdGenerator (SequenceIdGenerator.java:upgradeToSequenceId(376)) - upgrade containerId to 0
2023-05-23 10:25:45,738 [Time-limited test] INFO  ha.SequenceIdGenerator (SequenceIdGenerator.java:<init>(220)) - Init the HA SequenceIdGenerator.
2023-05-23 10:25:45,739 [Time-limited test] INFO  node.SCMNodeManager (SCMNodeManager.java:<init>(159)) - Entering startup safe mode.
2023-05-23 10:25:45,739 [Time-limited test] INFO  algorithms.ContainerPlacementPolicyFactory (ContainerPlacementPolicyFactory.java:getPolicyInternal(86)) - Create container placement policy of type org.apache.hadoop.hdds.scm.container.placement.algorithms.SCMContainerPlacementCapacity
2023-05-23 10:25:45,740 [Time-limited test] INFO  algorithms.ContainerPlacementPolicyFactory (ContainerPlacementPolicyFactory.java:getPolicyInternal(86)) - Create container placement policy of type org.apache.hadoop.hdds.scm.container.placement.algorithms.SCMContainerPlacementRackScatter
2023-05-23 10:25:45,740 [Time-limited test] INFO  pipeline.PipelineStateManagerImpl (PipelineStateManagerImpl.java:initialize(78)) - No pipeline exists in current db
2023-05-23 10:25:45,740 [Time-limited test] INFO  algorithms.LeaderChoosePolicyFactory (LeaderChoosePolicyFactory.java:getPolicy(57)) - Create leader choose policy of type org.apache.hadoop.hdds.scm.pipeline.leader.choose.algorithms.MinLeaderCountChoosePolicy
2023-05-23 10:25:45,740 [Time-limited test] INFO  algorithms.ContainerPlacementPolicyFactory (ContainerPlacementPolicyFactory.java:getPolicyInternal(86)) - Create container placement policy of type org.apache.hadoop.hdds.scm.container.placement.algorithms.SCMContainerPlacementRackScatter
2023-05-23 10:25:45,740 [Time-limited test] INFO  ha.SCMServiceManager (SCMServiceManager.java:register(42)) - Registering service BackgroundPipelineCreator.
2023-05-23 10:25:45,740 [Time-limited test] INFO  pipeline.BackgroundPipelineCreator (BackgroundPipelineCreator.java:start(124)) - Starting RatisPipelineUtilsThread.
2023-05-23 10:25:45,741 [Time-limited test] INFO  BackgroundPipelineScrubber (BackgroundSCMService.java:start(68)) - Starting BackgroundPipelineScrubber Service.
2023-05-23 10:25:45,741 [Time-limited test] INFO  ha.SCMServiceManager (SCMServiceManager.java:register(42)) - Registering service BackgroundPipelineScrubber.
2023-05-23 10:25:45,741 [Time-limited test] INFO  ExpiredContainerReplicaOpScrubber (BackgroundSCMService.java:start(68)) - Starting ExpiredContainerReplicaOpScrubber Service.
2023-05-23 10:25:45,741 [Time-limited test] INFO  ha.SCMServiceManager (SCMServiceManager.java:register(42)) - Registering service ExpiredContainerReplicaOpScrubber.
2023-05-23 10:25:45,742 [Time-limited test] INFO  algorithms.PipelineChoosePolicyFactory (PipelineChoosePolicyFactory.java:createPipelineChoosePolicyFromClass(73)) - Create pipeline choose policy of type org.apache.hadoop.hdds.scm.pipeline.choose.algorithms.RandomPipelineChoosePolicy
2023-05-23 10:25:45,743 [Time-limited test] INFO  ha.SCMServiceManager (SCMServiceManager.java:register(42)) - Registering service SCMBlockDeletingService.
2023-05-23 10:25:45,743 [Time-limited test] INFO  replication.ReplicationManager (ReplicationManager.java:start(300)) - Starting Replication Monitor Thread.
2023-05-23 10:25:45,745 [Time-limited test] INFO  ha.SCMServiceManager (SCMServiceManager.java:register(42)) - Registering service ReplicationManager.
2023-05-23 10:25:45,745 [Time-limited test] INFO  safemode.ContainerSafeModeRule (ContainerSafeModeRule.java:<init>(89)) - containers with one replica threshold count 0
2023-05-23 10:25:45,745 [Time-limited test] INFO  safemode.HealthyPipelineSafeModeRule (HealthyPipelineSafeModeRule.java:initializeRule(169)) - Total pipeline count is 0, healthy pipeline threshold count is 1
2023-05-23 10:25:45,746 [Time-limited test] INFO  safemode.OneReplicaPipelineSafeModeRule (OneReplicaPipelineSafeModeRule.java:initializeRule(180)) - Total pipeline count is 0, pipeline's with at least one datanode reported threshold count is 0
2023-05-23 10:25:45,746 [Time-limited test] INFO  server.StorageContainerManager (StorageContainerManager.java:<init>(403)) - SCM start with adminUsers: [runner]
2023-05-23 10:25:45,746 [Time-limited test] INFO  ipc.CallQueueManager (CallQueueManager.java:<init>(90)) - Using callQueue: class java.util.concurrent.LinkedBlockingQueue, queueCapacity: 2000, scheduler: class org.apache.hadoop.ipc.DefaultRpcScheduler, ipcBackoff: false.
2023-05-23 10:25:45,747 [Socket Reader #1 for port 15098] INFO  ipc.Server (Server.java:run(1319)) - Starting Socket Reader #1 for port 15098
2023-05-23 10:25:45,749 [ReplicationMonitor] INFO  replication.ReplicationManager (ReplicationManager.java:processAll(375)) - Replication Manager is not ready to run until 3000ms after safemode exit
2023-05-23 10:25:45,757 [Listener at 0.0.0.0/15098] INFO  ipc.CallQueueManager (CallQueueManager.java:<init>(90)) - Using callQueue: class java.util.concurrent.LinkedBlockingQueue, queueCapacity: 2000, scheduler: class org.apache.hadoop.ipc.DefaultRpcScheduler, ipcBackoff: false.
2023-05-23 10:25:45,758 [Socket Reader #1 for port 15097] INFO  ipc.Server (Server.java:run(1319)) - Starting Socket Reader #1 for port 15097
2023-05-23 10:25:45,759 [Listener at 0.0.0.0/15097] INFO  ipc.CallQueueManager (CallQueueManager.java:<init>(90)) - Using callQueue: class java.util.concurrent.LinkedBlockingQueue, queueCapacity: 2000, scheduler: class org.apache.hadoop.ipc.DefaultRpcScheduler, ipcBackoff: false.
2023-05-23 10:25:45,759 [Socket Reader #1 for port 15096] INFO  ipc.Server (Server.java:run(1319)) - Starting Socket Reader #1 for port 15096
2023-05-23 10:25:45,768 [Listener at 0.0.0.0/15096] INFO  ha.SCMServiceManager (SCMServiceManager.java:register(42)) - Registering service ContainerBalancer.
2023-05-23 10:25:45,768 [Listener at 0.0.0.0/15096] INFO  server.StorageContainerManager (StorageContainerManager.java:<init>(420)) - 
Container Balancer status:
Key                            Value
Running                        false
Container Balancer Configuration values:
Key                                                Value
Threshold                                          10
Max Datanodes to Involve per Iteration(percent)    20
Max Size to Move per Iteration                     500GB
Max Size Entering Target per Iteration             26GB
Max Size Leaving Source per Iteration              26GB

2023-05-23 10:25:45,768 [Listener at 0.0.0.0/15096] INFO  ha.SCMContext (SCMContext.java:updateSafeModeStatus(228)) - Update SafeModeStatus from SafeModeStatus{safeModeStatus=true, preCheckPassed=false} to SafeModeStatus{safeModeStatus=true, preCheckPassed=false}.
2023-05-23 10:25:45,769 [Listener at 0.0.0.0/15096] INFO  server.StorageContainerManager (StorageContainerManager.java:start(1477)) - StorageContainerLocationProtocol RPC server is listening at /0.0.0.0:15096
2023-05-23 10:25:45,770 [Listener at 0.0.0.0/15096] WARN  impl.MetricsConfig (MetricsConfig.java:loadFirst(136)) - Cannot locate configuration: tried hadoop-metrics2-storagecontainermanager.properties,hadoop-metrics2.properties
2023-05-23 10:25:45,775 [Listener at 0.0.0.0/15096] INFO  impl.MetricsSystemImpl (MetricsSystemImpl.java:startTimer(378)) - Scheduled Metric snapshot period at 10 second(s).
2023-05-23 10:25:45,775 [Listener at 0.0.0.0/15096] INFO  impl.MetricsSystemImpl (MetricsSystemImpl.java:start(191)) - StorageContainerManager metrics system started
2023-05-23 10:25:45,783 [Listener at 0.0.0.0/15096] INFO  impl.MetricsSinkAdapter (MetricsSinkAdapter.java:start(204)) - Sink prometheus started
2023-05-23 10:25:45,783 [Listener at 0.0.0.0/15096] INFO  impl.MetricsSystemImpl (MetricsSystemImpl.java:registerSink(305)) - Registered sink prometheus
2023-05-23 10:25:45,811 [Listener at 0.0.0.0/15096] INFO  server.SCMClientProtocolServer (SCMClientProtocolServer.java:start(199)) - RPC server for Client  is listening at /0.0.0.0:15096
2023-05-23 10:25:45,811 [IPC Server Responder] INFO  ipc.Server (Server.java:run(1558)) - IPC Server Responder: starting
2023-05-23 10:25:45,813 [IPC Server listener on 15096] INFO  ipc.Server (Server.java:run(1398)) - IPC Server listener on 15096: starting
2023-05-23 10:25:45,823 [Listener at 0.0.0.0/15096] INFO  server.StorageContainerManager (StorageContainerManager.java:start(1491)) - ScmBlockLocationProtocol RPC server is listening at /0.0.0.0:15097
2023-05-23 10:25:45,823 [Listener at 0.0.0.0/15096] INFO  server.SCMBlockProtocolServer (SCMBlockProtocolServer.java:start(152)) - RPC server for Block Protocol is listening at /0.0.0.0:15097
2023-05-23 10:25:45,823 [IPC Server Responder] INFO  ipc.Server (Server.java:run(1558)) - IPC Server Responder: starting
2023-05-23 10:25:45,824 [IPC Server listener on 15097] INFO  ipc.Server (Server.java:run(1398)) - IPC Server listener on 15097: starting
2023-05-23 10:25:45,829 [Listener at 0.0.0.0/15096] INFO  server.SCMDatanodeProtocolServer (SCMDatanodeProtocolServer.java:start(193)) - ScmDatanodeProtocol RPC server for DataNodes is listening at /0.0.0.0:15098
2023-05-23 10:25:45,830 [IPC Server Responder] INFO  ipc.Server (Server.java:run(1558)) - IPC Server Responder: starting
2023-05-23 10:25:45,833 [IPC Server listener on 15098] INFO  ipc.Server (Server.java:run(1398)) - IPC Server listener on 15098: starting
2023-05-23 10:25:45,835 [org.apache.hadoop.util.JvmPauseMonitor$Monitor@4cd0088d] INFO  util.JvmPauseMonitor (JvmPauseMonitor.java:run(188)) - Starting JVM pause monitor
2023-05-23 10:25:45,836 [Listener at 0.0.0.0/15096] INFO  http.BaseHttpServer (BaseHttpServer.java:newHttpServer2BuilderForOzone(224)) - Starting Web-server for scm at: http://0.0.0.0:15099
2023-05-23 10:25:45,836 [Listener at 0.0.0.0/15096] INFO  http.BaseHttpServer (BaseHttpServer.java:<init>(111)) - Hadoop Security Enabled: false Ozone Security Enabled: false Ozone HTTP Security Enabled: false 
2023-05-23 10:25:45,838 [Listener at 0.0.0.0/15096] WARN  server.AuthenticationFilter (AuthenticationFilter.java:constructSecretProvider(240)) - Unable to initialize FileSignerSecretProvider, falling back to use random secrets. Reason: Could not read signature secret file: /home/runner/hadoop-http-auth-signature-secret
2023-05-23 10:25:45,838 [Listener at 0.0.0.0/15096] INFO  http.HttpRequestLog (HttpRequestLog.java:getRequestLog(86)) - Http request log for http.requests.scm is not defined
2023-05-23 10:25:45,840 [Listener at 0.0.0.0/15096] INFO  http.HttpServer2 (HttpServer2.java:addGlobalFilter(1031)) - Added global filter 'safety' (class=org.apache.hadoop.hdds.server.http.HttpServer2$QuotingInputFilter)
2023-05-23 10:25:45,846 [Listener at 0.0.0.0/15096] INFO  http.HttpServer2 (HttpServer2.java:addFilter(1007)) - Added filter static_user_filter (class=org.apache.hadoop.http.lib.StaticUserWebFilter$StaticUserFilter) to context scm
2023-05-23 10:25:45,846 [Listener at 0.0.0.0/15096] INFO  http.HttpServer2 (HttpServer2.java:addFilter(1015)) - Added filter static_user_filter (class=org.apache.hadoop.http.lib.StaticUserWebFilter$StaticUserFilter) to context logs
2023-05-23 10:25:45,846 [Listener at 0.0.0.0/15096] INFO  http.HttpServer2 (HttpServer2.java:addFilter(1015)) - Added filter static_user_filter (class=org.apache.hadoop.http.lib.StaticUserWebFilter$StaticUserFilter) to context static
2023-05-23 10:25:45,848 [Listener at 0.0.0.0/15096] INFO  http.BaseHttpServer (BaseHttpServer.java:<init>(190)) - HTTP server of scm uses base directory /home/runner/work/ozone/ozone/hadoop-ozone/integration-test/target/test-dir/MiniOzoneClusterImpl-bbf8790f-824b-49ae-85c2-11c1b792a20d/ozone-meta/webserver
2023-05-23 10:25:45,848 [Listener at 0.0.0.0/15096] INFO  http.HttpServer2 (HttpServer2.java:bindListener(1250)) - Jetty bound to port 15099
2023-05-23 10:25:45,848 [Listener at 0.0.0.0/15096] INFO  server.Server (Server.java:doStart(375)) - jetty-9.4.51.v20230217; built: 2023-02-17T08:19:37.309Z; git: b45c405e4544384de066f814ed42ae3dceacdd49; jvm 1.8.0_362-b09
2023-05-23 10:25:45,857 [Listener at 0.0.0.0/15096] INFO  server.session (DefaultSessionIdManager.java:doStart(334)) - DefaultSessionIdManager workerName=node0
2023-05-23 10:25:45,857 [Listener at 0.0.0.0/15096] INFO  server.session (DefaultSessionIdManager.java:doStart(339)) - No SessionScavenger set, using defaults
2023-05-23 10:25:45,857 [Listener at 0.0.0.0/15096] INFO  server.session (HouseKeeper.java:startScavenging(132)) - node0 Scavenging every 600000ms
2023-05-23 10:25:45,858 [Listener at 0.0.0.0/15096] INFO  handler.ContextHandler (ContextHandler.java:doStart(921)) - Started o.e.j.s.ServletContextHandler@64702f76{logs,/logs,file:///home/runner/work/ozone/ozone/hadoop-ozone/integration-test/target/log,AVAILABLE}
2023-05-23 10:25:45,858 [Listener at 0.0.0.0/15096] INFO  handler.ContextHandler (ContextHandler.java:doStart(921)) - Started o.e.j.s.ServletContextHandler@20dd40e7{static,/static,file:///home/runner/work/ozone/ozone/hadoop-ozone/integration-test/target/test-classes/webapps/static,AVAILABLE}
2023-05-23 10:25:45,861 [Listener at 0.0.0.0/15096] INFO  handler.ContextHandler (ContextHandler.java:doStart(921)) - Started o.e.j.w.WebAppContext@252ec17b{scm,/,file:///home/runner/work/ozone/ozone/hadoop-ozone/integration-test/target/test-classes/webapps/scm/,AVAILABLE}{file:/home/runner/work/ozone/ozone/hadoop-ozone/integration-test/target/test-classes/webapps/scm}
2023-05-23 10:25:45,866 [Listener at 0.0.0.0/15096] INFO  server.AbstractConnector (AbstractConnector.java:doStart(333)) - Started ServerConnector@47fa1fa7{HTTP/1.1, (http/1.1)}{0.0.0.0:15099}
2023-05-23 10:25:45,867 [Listener at 0.0.0.0/15096] INFO  server.Server (Server.java:doStart(415)) - Started @78919ms
2023-05-23 10:25:45,867 [Listener at 0.0.0.0/15096] WARN  impl.MetricsSystemImpl (MetricsSystemImpl.java:register(279)) - Sink prometheus already exists!
2023-05-23 10:25:45,868 [Listener at 0.0.0.0/15096] INFO  http.BaseHttpServer (BaseHttpServer.java:updateConnectorAddress(344)) - HTTP server of scm listening at http://0.0.0.0:15099
2023-05-23 10:25:45,868 [Listener at 0.0.0.0/15096] WARN  server.ServerUtils (ServerUtils.java:getDBPath(225)) - ozone.om.db.dirs is not configured. We recommend adding this setting. Falling back to ozone.metadata.dirs instead.
2023-05-23 10:25:45,871 [Listener at 0.0.0.0/15096] INFO  ha.OMHANodeDetails (OMHANodeDetails.java:loadOMHAConfig(115)) - ozone.om.internal.service.id is not defined, falling back to ozone.om.service.ids to find serviceID for OzoneManager if it is HA enabled cluster
2023-05-23 10:25:45,871 [Listener at 0.0.0.0/15096] INFO  ha.OMHANodeDetails (OMHANodeDetails.java:loadOMHAConfig(226)) - Configuration does not have ozone.om.address set. Falling back to the default OM address /127.0.0.1:15100
2023-05-23 10:25:45,871 [Listener at 0.0.0.0/15096] INFO  ha.OMHANodeDetails (OMHANodeDetails.java:getOMNodeDetailsForNonHA(254)) - OM Service ID is not set. Setting it to the default ID: omServiceIdDefault
2023-05-23 10:25:45,871 [Listener at 0.0.0.0/15096] INFO  ha.OMHANodeDetails (OMHANodeDetails.java:getOMNodeDetailsForNonHA(261)) - OM Node ID is not set. Setting it to the default ID: om1
2023-05-23 10:25:45,872 [Listener at 0.0.0.0/15096] WARN  server.ServerUtils (ServerUtils.java:getDBPath(225)) - ozone.om.db.dirs is not configured. We recommend adding this setting. Falling back to ozone.metadata.dirs instead.
2023-05-23 10:25:45,876 [Listener at 0.0.0.0/15096] INFO  upgrade.AbstractLayoutVersionManager (AbstractLayoutVersionManager.java:init(83)) - Initializing Layout version manager with metadata layout = HSYNC (version = 4), software layout = HSYNC (version = 4)
2023-05-23 10:25:45,982 [Listener at 0.0.0.0/15096] INFO  reflections.Reflections (Reflections.java:scan(232)) - Reflections took 103 ms to scan 2 urls, producing 174 keys and 483 values [using 2 cores]
2023-05-23 10:25:45,982 [Listener at 0.0.0.0/15096] INFO  upgrade.OMLayoutVersionManager (OMLayoutVersionManager.java:lambda$0(115)) - Skipping Upgrade Action MockOmUpgradeAction since it has been finalized.
2023-05-23 10:25:45,982 [Listener at 0.0.0.0/15096] WARN  server.ServerUtils (ServerUtils.java:getDBPath(225)) - ozone.om.db.dirs is not configured. We recommend adding this setting. Falling back to ozone.metadata.dirs instead.
2023-05-23 10:25:45,983 [Listener at 0.0.0.0/15096] INFO  proxy.SCMBlockLocationFailoverProxyProvider (SCMBlockLocationFailoverProxyProvider.java:<init>(114)) - Created block location fail-over proxy with 1 nodes: [nodeId=scmNodeId,nodeAddress=/0.0.0.0:15097]
2023-05-23 10:25:45,985 [Listener at 0.0.0.0/15096] INFO  proxy.SCMBlockLocationFailoverProxyProvider (SCMBlockLocationFailoverProxyProvider.java:<init>(114)) - Created block location fail-over proxy with 1 nodes: [nodeId=scmNodeId,nodeAddress=/0.0.0.0:15097]
2023-05-23 10:25:45,993 [Listener at 0.0.0.0/15096] INFO  om.OzoneManager (OzoneManager.java:<init>(648)) - OM start with adminUsers: [runner]
2023-05-23 10:25:45,994 [Listener at 0.0.0.0/15096] WARN  server.ServerUtils (ServerUtils.java:getDBPath(225)) - ozone.om.db.dirs is not configured. We recommend adding this setting. Falling back to ozone.metadata.dirs instead.
2023-05-23 10:25:45,994 [Listener at 0.0.0.0/15096] INFO  helpers.OmKeyInfo (OmKeyInfo.java:getCodec(75)) - OmKeyInfo.getCodec ignorePipeline = true
2023-05-23 10:25:45,994 [Listener at 0.0.0.0/15096] INFO  codec.RepeatedOmKeyInfoCodec (RepeatedOmKeyInfoCodec.java:<init>(41)) - RepeatedOmKeyInfoCodec ignorePipeline = true
2023-05-23 10:25:46,215 [Listener at 0.0.0.0/15096] INFO  om.OzoneManager (OzoneManager.java:instantiateServices(789)) - S3 Multi-Tenancy is disabled
2023-05-23 10:25:46,215 [Listener at 0.0.0.0/15096] INFO  om.OmSnapshotManager (OmSnapshotManager.java:<init>(170)) - Ozone filesystem snapshot feature is enabled.
2023-05-23 10:25:46,215 [Listener at 0.0.0.0/15096] WARN  server.ServerUtils (ServerUtils.java:getDBPath(225)) - ozone.om.snapshot.diff.db.dir is not configured. We recommend adding this setting. Falling back to ozone.metadata.dirs instead.
2023-05-23 10:25:46,238 [Listener at 0.0.0.0/15096] INFO  utils.NativeLibraryLoader (NativeLibraryLoader.java:loadLibrary(103)) - Loading Library: ozone_rocksdb_tools
2023-05-23 10:25:46,240 [Listener at 0.0.0.0/15096] INFO  om.OzoneManager (OzoneManager.java:addS3GVolumeToDB(4326)) - Created Volume s3v With Owner runner required for S3Gateway operations.
2023-05-23 10:25:46,240 [Listener at 0.0.0.0/15096] WARN  server.ServerUtils (ServerUtils.java:getDefaultRatisDirectory(237)) - Storage directory for Ratis is not configured. It is a good idea to map this to an SSD disk. Falling back to ozone.metadata.dirs
2023-05-23 10:25:46,240 [Listener at 0.0.0.0/15096] WARN  utils.OzoneManagerRatisUtils (OzoneManagerRatisUtils.java:getOMRatisSnapshotDirectory(456)) - ozone.om.ratis.snapshot.dir is not configured. Falling back to ozone.metadata.dirs config
2023-05-23 10:25:46,241 [Listener at 0.0.0.0/15096] WARN  server.ServerUtils (ServerUtils.java:getDefaultRatisDirectory(237)) - Storage directory for Ratis is not configured. It is a good idea to map this to an SSD disk. Falling back to ozone.metadata.dirs
2023-05-23 10:25:46,242 [Listener at 0.0.0.0/15096] INFO  ratis.OzoneManagerRatisServer (OzoneManagerRatisServer.java:<init>(163)) - Instantiating OM Ratis server with groupID: omServiceIdDefault and peers: localhost:15103
2023-05-23 10:25:46,242 [Listener at 0.0.0.0/15096] INFO  ratis.OzoneManagerStateMachine (OzoneManagerStateMachine.java:loadSnapshotInfoFromDB(670)) - LastAppliedIndex is set from TransactionInfo from OM DB as (t:0, i:~)
2023-05-23 10:25:46,243 [Listener at 0.0.0.0/15096] INFO  server.RaftServer (ConfUtils.java:logGet(46)) - raft.rpc.type = GRPC (default)
2023-05-23 10:25:46,243 [Listener at 0.0.0.0/15096] INFO  grpc.GrpcConfigKeys (ConfUtils.java:logFallback(53)) - raft.grpc.admin.host = null (fallback to raft.grpc.server.host)
2023-05-23 10:25:46,243 [Listener at 0.0.0.0/15096] INFO  grpc.GrpcConfigKeys (ConfUtils.java:logFallback(53)) - raft.grpc.admin.port = 15103 (fallback to raft.grpc.server.port)
2023-05-23 10:25:46,243 [Listener at 0.0.0.0/15096] INFO  grpc.GrpcConfigKeys (ConfUtils.java:logFallback(53)) - raft.grpc.client.host = null (fallback to raft.grpc.server.host)
2023-05-23 10:25:46,243 [Listener at 0.0.0.0/15096] INFO  grpc.GrpcConfigKeys (ConfUtils.java:logFallback(53)) - raft.grpc.client.port = 15103 (fallback to raft.grpc.server.port)
2023-05-23 10:25:46,243 [Listener at 0.0.0.0/15096] INFO  grpc.GrpcConfigKeys (ConfUtils.java:logGet(46)) - raft.grpc.server.host = null (default)
2023-05-23 10:25:46,243 [Listener at 0.0.0.0/15096] INFO  grpc.GrpcConfigKeys (ConfUtils.java:logGet(46)) - raft.grpc.server.port = 15103 (custom)
2023-05-23 10:25:46,243 [Listener at 0.0.0.0/15096] INFO  server.GrpcService (ConfUtils.java:logGet(46)) - raft.grpc.message.size.max = 33554432 (custom)
2023-05-23 10:25:46,243 [Listener at 0.0.0.0/15096] INFO  server.RaftServerConfigKeys (ConfUtils.java:logGet(46)) - raft.server.log.appender.buffer.byte-limit = 33554432 (custom)
2023-05-23 10:25:46,244 [Listener at 0.0.0.0/15096] INFO  server.GrpcService (ConfUtils.java:logGet(46)) - raft.grpc.flow.control.window = 1MB (=1048576) (default)
2023-05-23 10:25:46,244 [Listener at 0.0.0.0/15096] INFO  server.RaftServerConfigKeys (ConfUtils.java:logGet(46)) - raft.server.rpc.request.timeout = 3000ms (default)
2023-05-23 10:25:46,244 [Listener at 0.0.0.0/15096] INFO  grpc.GrpcConfigKeys (ConfUtils.java:logGet(46)) - raft.grpc.server.heartbeat.channel = true (default)
2023-05-23 10:25:46,244 [Listener at 0.0.0.0/15096] INFO  grpc.GrpcConfigKeys (ConfUtils.java:logGet(46)) - raft.grpc.server.async.request.thread.pool.cached = true (default)
2023-05-23 10:25:46,244 [Listener at 0.0.0.0/15096] INFO  grpc.GrpcConfigKeys (ConfUtils.java:logGet(46)) - raft.grpc.server.async.request.thread.pool.size = 32 (default)
2023-05-23 10:25:46,245 [Listener at 0.0.0.0/15096] INFO  impl.DataStreamServerImpl (ConfUtils.java:logGet(46)) - raft.datastream.type = DISABLED (default)
2023-05-23 10:25:46,245 [Listener at 0.0.0.0/15096] INFO  server.RaftServerConfigKeys (ConfUtils.java:logGet(46)) - raft.server.threadpool.proxy.cached = true (default)
2023-05-23 10:25:46,246 [Listener at 0.0.0.0/15096] INFO  server.RaftServerConfigKeys (ConfUtils.java:logGet(46)) - raft.server.threadpool.proxy.size = 0 (default)
2023-05-23 10:25:46,246 [Listener at 0.0.0.0/15096] INFO  server.RaftServerConfigKeys (ConfUtils.java:logGet(46)) - raft.server.rpc.slowness.timeout = 120s (custom)
2023-05-23 10:25:46,246 [Listener at 0.0.0.0/15096] INFO  server.RaftServerConfigKeys (ConfUtils.java:logGet(46)) - raft.server.leaderelection.leader.step-down.wait-time = 10s (default)
2023-05-23 10:25:46,246 [Listener at 0.0.0.0/15096] INFO  server.RaftServerConfigKeys (ConfUtils.java:logGet(46)) - raft.server.storage.dir = [/home/runner/work/ozone/ozone/hadoop-ozone/integration-test/target/test-dir/MiniOzoneClusterImpl-bbf8790f-824b-49ae-85c2-11c1b792a20d/ozone-meta/ratis] (custom)
2023-05-23 10:25:46,249 [Listener at 0.0.0.0/15096] INFO  server.RaftServer (RaftServerProxy.java:addNew(98)) - om1: addNew group-C5BA1605619E:[om1|rpc:localhost:15103|priority:0|startupRole:FOLLOWER] returns group-C5BA1605619E:java.util.concurrent.CompletableFuture@5988ce2a[Not completed]
2023-05-23 10:25:46,249 [Listener at 0.0.0.0/15096] INFO  om.OzoneManager (OzoneManager.java:initializeRatisServer(2151)) - OzoneManager Ratis server initialized at port 15103
2023-05-23 10:25:46,249 [Listener at 0.0.0.0/15096] INFO  om.OzoneManager (OzoneManager.java:getRpcServer(1198)) - Creating RPC Server
2023-05-23 10:25:46,250 [om1-groupManagement] INFO  server.RaftServer$Division (RaftServerImpl.java:<init>(198)) - om1: new RaftServerImpl for group-C5BA1605619E:[om1|rpc:localhost:15103|priority:0|startupRole:FOLLOWER] with OzoneManagerStateMachine:uninitialized
2023-05-23 10:25:46,250 [om1-groupManagement] INFO  server.RaftServerConfigKeys (ConfUtils.java:logGet(46)) - raft.server.rpc.timeout.min = 1s (custom)
2023-05-23 10:25:46,250 [om1-groupManagement] INFO  server.RaftServerConfigKeys (ConfUtils.java:logGet(46)) - raft.server.rpc.timeout.max = 1200ms (custom)
2023-05-23 10:25:46,250 [om1-groupManagement] INFO  server.RaftServerConfigKeys (ConfUtils.java:logGet(46)) - raft.server.rpc.sleep.time = 25ms (default)
2023-05-23 10:25:46,250 [om1-groupManagement] INFO  server.RaftServerConfigKeys (ConfUtils.java:logGet(46)) - raft.server.rpc.slowness.timeout = 120s (custom)
2023-05-23 10:25:46,250 [om1-groupManagement] INFO  server.RaftServerConfigKeys (ConfUtils.java:logGet(46)) - raft.server.leaderelection.leader.step-down.wait-time = 10s (default)
2023-05-23 10:25:46,250 [om1-groupManagement] INFO  server.RaftServerConfigKeys (ConfUtils.java:logGet(46)) - raft.server.sleep.deviation.threshold = 300ms (default)
2023-05-23 10:25:46,250 [om1-groupManagement] INFO  server.RaftServer$Division (ServerState.java:<init>(120)) - om1@group-C5BA1605619E: ConfigurationManager, init=-1: peers:[om1|rpc:localhost:15103|priority:0|startupRole:FOLLOWER]|listeners:[], old=null, confs=<EMPTY_MAP>
2023-05-23 10:25:46,250 [om1-groupManagement] INFO  server.RaftServerConfigKeys (ConfUtils.java:logGet(46)) - raft.server.storage.dir = [/home/runner/work/ozone/ozone/hadoop-ozone/integration-test/target/test-dir/MiniOzoneClusterImpl-bbf8790f-824b-49ae-85c2-11c1b792a20d/ozone-meta/ratis] (custom)
2023-05-23 10:25:46,251 [om1-groupManagement] INFO  server.RaftServerConfigKeys (ConfUtils.java:logGet(46)) - raft.server.log.corruption.policy = EXCEPTION (default)
2023-05-23 10:25:46,251 [om1-groupManagement] INFO  server.RaftServerConfigKeys (ConfUtils.java:logGet(46)) - raft.server.storage.free-space.min = 0MB (=0) (default)
2023-05-23 10:25:46,251 [om1-groupManagement] INFO  server.RaftServerConfigKeys (ConfUtils.java:logGet(46)) - raft.server.notification.no-leader.timeout = 120s (custom)
2023-05-23 10:25:46,251 [om1-groupManagement] INFO  server.RaftServerConfigKeys (ConfUtils.java:logGet(46)) - raft.server.read.timeout = 10s (default)
2023-05-23 10:25:46,251 [om1-groupManagement] INFO  server.RaftServerConfigKeys (ConfUtils.java:logGet(46)) - raft.server.retrycache.expirytime = 300s (custom)
2023-05-23 10:25:46,251 [om1-groupManagement] INFO  server.RaftServerConfigKeys (ConfUtils.java:logGet(46)) - raft.server.retrycache.statistics.expirytime = 100μs (default)
2023-05-23 10:25:46,251 [om1-groupManagement] INFO  server.RaftServerConfigKeys (ConfUtils.java:logGet(46)) - raft.server.read.option = DEFAULT (default)
2023-05-23 10:25:46,251 [om1-groupManagement] INFO  server.RaftServerConfigKeys (ConfUtils.java:logGet(46)) - raft.server.rpc.request.timeout = 3000ms (default)
2023-05-23 10:25:46,251 [om1-groupManagement] INFO  server.RaftServerConfigKeys (ConfUtils.java:logGet(46)) - raft.server.log.appender.install.snapshot.enabled = false (custom)
2023-05-23 10:25:46,252 [om1-groupManagement] INFO  server.RaftServerConfigKeys (ConfUtils.java:logGet(46)) - raft.server.threadpool.server.cached = true (default)
2023-05-23 10:25:46,252 [om1-groupManagement] INFO  server.RaftServerConfigKeys (ConfUtils.java:logGet(46)) - raft.server.threadpool.server.size = 0 (default)
2023-05-23 10:25:46,252 [om1-groupManagement] INFO  server.RaftServerConfigKeys (ConfUtils.java:logGet(46)) - raft.server.threadpool.client.cached = true (default)
2023-05-23 10:25:46,252 [om1-groupManagement] INFO  server.RaftServerConfigKeys (ConfUtils.java:logGet(46)) - raft.server.threadpool.client.size = 0 (default)
2023-05-23 10:25:46,725 [Listener at 0.0.0.0/15096] INFO  reflections.Reflections (Reflections.java:scan(232)) - Reflections took 475 ms to scan 19 urls, producing 69 keys and 5193 values [using 2 cores]
2023-05-23 10:25:46,727 [Listener at 0.0.0.0/15096] INFO  ipc.CallQueueManager (CallQueueManager.java:<init>(90)) - Using callQueue: class java.util.concurrent.LinkedBlockingQueue, queueCapacity: 2000, scheduler: class org.apache.hadoop.ipc.DefaultRpcScheduler, ipcBackoff: false.
2023-05-23 10:25:46,729 [Socket Reader #1 for port 15100] INFO  ipc.Server (Server.java:run(1319)) - Starting Socket Reader #1 for port 15100
2023-05-23 10:25:46,749 [ReplicationMonitor] INFO  replication.ReplicationManager (ReplicationManager.java:processAll(375)) - Replication Manager is not ready to run until 3000ms after safemode exit
2023-05-23 10:25:46,756 [Listener at 127.0.0.1/15100] INFO  impl.MetricsSystemImpl (MetricsSystemImpl.java:init(158)) - OzoneManager metrics system started (again)
2023-05-23 10:25:46,769 [Listener at 127.0.0.1/15100] INFO  om.OzoneManager (OzoneManager.java:start(1619)) - OzoneManager RPC server is listening at localhost/127.0.0.1:15100
2023-05-23 10:25:46,769 [Listener at 127.0.0.1/15100] INFO  ratis.OzoneManagerRatisServer (OzoneManagerRatisServer.java:start(558)) - Starting OzoneManagerRatisServer om1 at port 15103
2023-05-23 10:25:46,769 [om1-impl-thread1] INFO  storage.RaftStorageDirectory (RaftStorageDirectoryImpl.java:analyzeStorage(137)) - The storage directory /home/runner/work/ozone/ozone/hadoop-ozone/integration-test/target/test-dir/MiniOzoneClusterImpl-bbf8790f-824b-49ae-85c2-11c1b792a20d/ozone-meta/ratis/bf265839-605b-3f16-9796-c5ba1605619e does not exist. Creating ...
2023-05-23 10:25:46,771 [om1-impl-thread1] INFO  storage.RaftStorageDirectory (RaftStorageDirectoryImpl.java:tryLock(231)) - Lock on /home/runner/work/ozone/ozone/hadoop-ozone/integration-test/target/test-dir/MiniOzoneClusterImpl-bbf8790f-824b-49ae-85c2-11c1b792a20d/ozone-meta/ratis/bf265839-605b-3f16-9796-c5ba1605619e/in_use.lock acquired by nodename 10384@fv-az1249-304
2023-05-23 10:25:46,775 [om1-impl-thread1] INFO  storage.RaftStorage (RaftStorageImpl.java:format(96)) - Storage directory /home/runner/work/ozone/ozone/hadoop-ozone/integration-test/target/test-dir/MiniOzoneClusterImpl-bbf8790f-824b-49ae-85c2-11c1b792a20d/ozone-meta/ratis/bf265839-605b-3f16-9796-c5ba1605619e has been successfully formatted.
2023-05-23 10:25:46,776 [om1-impl-thread1] INFO  server.RaftServerConfigKeys (ConfUtils.java:logGet(46)) - raft.server.log.use.memory = false (default)
2023-05-23 10:25:46,776 [om1-impl-thread1] INFO  server.RaftServerConfigKeys (ConfUtils.java:logGet(46)) - raft.server.log.purge.gap = 1000000 (custom)
2023-05-23 10:25:46,776 [om1-impl-thread1] INFO  server.RaftServerConfigKeys (ConfUtils.java:logGet(46)) - raft.server.log.appender.buffer.byte-limit = 33554432 (custom)
2023-05-23 10:25:46,776 [om1-impl-thread1] INFO  server.RaftServerConfigKeys (ConfUtils.java:logGet(46)) - raft.server.log.statemachine.data.read.timeout = 1000ms (default)
2023-05-23 10:25:46,776 [om1-impl-thread1] INFO  server.RaftServerConfigKeys (ConfUtils.java:logGet(46)) - raft.server.log.purge.preservation.log.num = 0 (default)
2023-05-23 10:25:46,776 [om1-impl-thread1] INFO  server.RaftServerConfigKeys (ConfUtils.java:logGet(46)) - raft.server.log.segment.size.max = 4194304 (custom)
2023-05-23 10:25:46,776 [om1-impl-thread1] INFO  server.RaftServerConfigKeys (ConfUtils.java:logGet(46)) - raft.server.log.segment.cache.num.max = 2 (custom)
2023-05-23 10:25:46,776 [om1-impl-thread1] INFO  server.RaftServerConfigKeys (ConfUtils.java:logGet(46)) - raft.server.log.segment.cache.size.max = 200MB (=209715200) (default)
2023-05-23 10:25:46,776 [om1-impl-thread1] INFO  server.RaftServerConfigKeys (ConfUtils.java:logGet(46)) - raft.server.log.appender.buffer.byte-limit = 33554432 (custom)
2023-05-23 10:25:46,777 [om1-impl-thread1] INFO  segmented.SegmentedRaftLogWorker (SegmentedRaftLogWorker.java:<init>(188)) - new om1@group-C5BA1605619E-SegmentedRaftLogWorker for RaftStorageImpl:Storage Directory /home/runner/work/ozone/ozone/hadoop-ozone/integration-test/target/test-dir/MiniOzoneClusterImpl-bbf8790f-824b-49ae-85c2-11c1b792a20d/ozone-meta/ratis/bf265839-605b-3f16-9796-c5ba1605619e
2023-05-23 10:25:46,777 [om1-impl-thread1] INFO  server.RaftServerConfigKeys (ConfUtils.java:logGet(46)) - raft.server.log.queue.byte-limit = 64MB (=67108864) (default)
2023-05-23 10:25:46,777 [om1-impl-thread1] INFO  server.RaftServerConfigKeys (ConfUtils.java:logGet(46)) - raft.server.log.queue.element-limit = 4096 (default)
2023-05-23 10:25:46,777 [om1-impl-thread1] INFO  server.RaftServerConfigKeys (ConfUtils.java:logGet(46)) - raft.server.log.segment.size.max = 4194304 (custom)
2023-05-23 10:25:46,777 [om1-impl-thread1] INFO  server.RaftServerConfigKeys (ConfUtils.java:logGet(46)) - raft.server.log.preallocated.size = 4194304 (custom)
2023-05-23 10:25:46,777 [om1-impl-thread1] INFO  server.RaftServerConfigKeys (ConfUtils.java:logGet(46)) - raft.server.log.force.sync.num = 128 (default)
2023-05-23 10:25:46,777 [om1-impl-thread1] INFO  server.RaftServerConfigKeys (ConfUtils.java:logGet(46)) - raft.server.log.statemachine.data.sync = true (default)
2023-05-23 10:25:46,777 [om1-impl-thread1] INFO  server.RaftServerConfigKeys (ConfUtils.java:logGet(46)) - raft.server.log.statemachine.data.sync.timeout = 10s (default)
2023-05-23 10:25:46,777 [om1-impl-thread1] INFO  server.RaftServerConfigKeys (ConfUtils.java:logGet(46)) - raft.server.log.statemachine.data.sync.timeout.retry = -1 (default)
2023-05-23 10:25:46,778 [om1-impl-thread1] INFO  server.RaftServerConfigKeys (ConfUtils.java:logGet(46)) - raft.server.log.write.buffer.size = 64KB (=65536) (default)
2023-05-23 10:25:46,779 [om1-impl-thread1] INFO  server.RaftServerConfigKeys (ConfUtils.java:logGet(46)) - raft.server.log.appender.buffer.byte-limit = 33554432 (custom)
2023-05-23 10:25:46,784 [om1-impl-thread1] INFO  server.RaftServerConfigKeys (ConfUtils.java:logGet(46)) - raft.server.log.unsafe-flush.enabled = false (default)
2023-05-23 10:25:46,785 [om1-impl-thread1] INFO  server.RaftServerConfigKeys (ConfUtils.java:logGet(46)) - raft.server.log.async-flush.enabled = false (default)
2023-05-23 10:25:46,785 [om1-impl-thread1] INFO  server.RaftServerConfigKeys (ConfUtils.java:logGet(46)) - raft.server.log.statemachine.data.caching.enabled = false (default)
2023-05-23 10:25:46,785 [om1-impl-thread1] INFO  segmented.SegmentedRaftLogWorker (SegmentedRaftLogWorker.java:lambda$new$0(135)) - om1@group-C5BA1605619E-SegmentedRaftLogWorker: flushIndex: setUnconditionally 0 -> -1
2023-05-23 10:25:46,785 [om1-impl-thread1] INFO  segmented.SegmentedRaftLogWorker (SegmentedRaftLogWorker.java:lambda$new$0(135)) - om1@group-C5BA1605619E-SegmentedRaftLogWorker: safeCacheEvictIndex: setUnconditionally 0 -> -1
2023-05-23 10:25:46,785 [om1-impl-thread1] INFO  server.RaftServer$Division (RaftServerImpl.java:start(342)) - om1@group-C5BA1605619E: start as a follower, conf=-1: peers:[om1|rpc:localhost:15103|priority:0|startupRole:FOLLOWER]|listeners:[], old=null
2023-05-23 10:25:46,785 [om1-impl-thread1] INFO  server.RaftServer$Division (RaftServerImpl.java:setRole(329)) - om1@group-C5BA1605619E: changes role from      null to FOLLOWER at term 0 for startAsFollower
2023-05-23 10:25:46,785 [om1-impl-thread1] INFO  impl.RoleInfo (RoleInfo.java:updateAndGet(139)) - om1: start om1@group-C5BA1605619E-FollowerState
2023-05-23 10:25:46,786 [om1-impl-thread1] INFO  util.JmxRegister (JmxRegister.java:tryRegister(44)) - Successfully registered JMX Bean with object name Ratis:service=RaftServer,group=group-C5BA1605619E,id=om1
2023-05-23 10:25:46,786 [om1-impl-thread1] INFO  server.RaftServerConfigKeys (ConfUtils.java:logGet(46)) - raft.server.snapshot.auto.trigger.enabled = true (custom)
2023-05-23 10:25:46,786 [om1-impl-thread1] INFO  server.RaftServerConfigKeys (ConfUtils.java:logGet(46)) - raft.server.snapshot.auto.trigger.threshold = 400000 (default)
2023-05-23 10:25:46,786 [om1-impl-thread1] INFO  server.RaftServerConfigKeys (ConfUtils.java:logGet(46)) - raft.server.snapshot.retention.file.num = -1 (default)
2023-05-23 10:25:46,786 [om1-impl-thread1] INFO  server.RaftServerConfigKeys (ConfUtils.java:logGet(46)) - raft.server.log.purge.upto.snapshot.index = true (custom)
2023-05-23 10:25:46,786 [om1@group-C5BA1605619E-FollowerState] INFO  server.RaftServerConfigKeys (ConfUtils.java:logFallback(53)) - raft.server.rpc.first-election.timeout.min = 1s (fallback to raft.server.rpc.timeout.min)
2023-05-23 10:25:46,787 [om1@group-C5BA1605619E-FollowerState] INFO  server.RaftServerConfigKeys (ConfUtils.java:logFallback(53)) - raft.server.rpc.first-election.timeout.max = 1200ms (fallback to raft.server.rpc.timeout.max)
2023-05-23 10:25:46,787 [Listener at 127.0.0.1/15100] INFO  server.RaftServer (RaftServerProxy.java:startImpl(400)) - om1: start RPC server
2023-05-23 10:25:46,792 [Listener at 127.0.0.1/15100] INFO  server.GrpcService (GrpcService.java:startImpl(302)) - om1: GrpcService started, listening on 15103
2023-05-23 10:25:46,793 [Listener at 127.0.0.1/15100] INFO  om.OzoneManager (OzoneManager.java:start(1635)) - Version File has different layout version (4) than OM DB (null). That is expected if this OM has never been finalized to a newer layout version.
2023-05-23 10:25:46,793 [JvmPauseMonitor12] INFO  util.JvmPauseMonitor (JvmPauseMonitor.java:run(103)) - JvmPauseMonitor-om1: Started
2023-05-23 10:25:46,796 [Listener at 127.0.0.1/15100] INFO  http.BaseHttpServer (BaseHttpServer.java:newHttpServer2BuilderForOzone(224)) - Starting Web-server for ozoneManager at: http://0.0.0.0:15101
2023-05-23 10:25:46,796 [Listener at 127.0.0.1/15100] INFO  http.BaseHttpServer (BaseHttpServer.java:<init>(111)) - Hadoop Security Enabled: false Ozone Security Enabled: false Ozone HTTP Security Enabled: false 
2023-05-23 10:25:46,800 [Listener at 127.0.0.1/15100] WARN  server.AuthenticationFilter (AuthenticationFilter.java:constructSecretProvider(240)) - Unable to initialize FileSignerSecretProvider, falling back to use random secrets. Reason: Could not read signature secret file: /home/runner/hadoop-http-auth-signature-secret
2023-05-23 10:25:46,805 [Listener at 127.0.0.1/15100] INFO  http.HttpRequestLog (HttpRequestLog.java:getRequestLog(86)) - Http request log for http.requests.ozoneManager is not defined
2023-05-23 10:25:46,809 [Listener at 127.0.0.1/15100] INFO  http.HttpServer2 (HttpServer2.java:addGlobalFilter(1031)) - Added global filter 'safety' (class=org.apache.hadoop.hdds.server.http.HttpServer2$QuotingInputFilter)
2023-05-23 10:25:46,810 [Listener at 127.0.0.1/15100] INFO  http.HttpServer2 (HttpServer2.java:addFilter(1007)) - Added filter static_user_filter (class=org.apache.hadoop.http.lib.StaticUserWebFilter$StaticUserFilter) to context ozoneManager
2023-05-23 10:25:46,810 [Listener at 127.0.0.1/15100] INFO  http.HttpServer2 (HttpServer2.java:addFilter(1015)) - Added filter static_user_filter (class=org.apache.hadoop.http.lib.StaticUserWebFilter$StaticUserFilter) to context static
2023-05-23 10:25:46,811 [Listener at 127.0.0.1/15100] INFO  http.HttpServer2 (HttpServer2.java:addFilter(1015)) - Added filter static_user_filter (class=org.apache.hadoop.http.lib.StaticUserWebFilter$StaticUserFilter) to context logs
2023-05-23 10:25:46,814 [Listener at 127.0.0.1/15100] INFO  http.BaseHttpServer (BaseHttpServer.java:<init>(190)) - HTTP server of ozoneManager uses base directory /home/runner/work/ozone/ozone/hadoop-ozone/integration-test/target/test-dir/MiniOzoneClusterImpl-bbf8790f-824b-49ae-85c2-11c1b792a20d/ozone-meta/webserver
2023-05-23 10:25:46,815 [Listener at 127.0.0.1/15100] INFO  http.HttpServer2 (HttpServer2.java:bindListener(1250)) - Jetty bound to port 15101
2023-05-23 10:25:46,815 [Listener at 127.0.0.1/15100] INFO  server.Server (Server.java:doStart(375)) - jetty-9.4.51.v20230217; built: 2023-02-17T08:19:37.309Z; git: b45c405e4544384de066f814ed42ae3dceacdd49; jvm 1.8.0_362-b09
2023-05-23 10:25:46,818 [Listener at 127.0.0.1/15100] INFO  server.session (DefaultSessionIdManager.java:doStart(334)) - DefaultSessionIdManager workerName=node0
2023-05-23 10:25:46,818 [Listener at 127.0.0.1/15100] INFO  server.session (DefaultSessionIdManager.java:doStart(339)) - No SessionScavenger set, using defaults
2023-05-23 10:25:46,818 [Listener at 127.0.0.1/15100] INFO  server.session (HouseKeeper.java:startScavenging(132)) - node0 Scavenging every 660000ms
2023-05-23 10:25:46,819 [Listener at 127.0.0.1/15100] INFO  handler.ContextHandler (ContextHandler.java:doStart(921)) - Started o.e.j.s.ServletContextHandler@5fdca986{logs,/logs,file:///home/runner/work/ozone/ozone/hadoop-ozone/integration-test/target/log,AVAILABLE}
2023-05-23 10:25:46,820 [Listener at 127.0.0.1/15100] INFO  handler.ContextHandler (ContextHandler.java:doStart(921)) - Started o.e.j.s.ServletContextHandler@304257f3{static,/static,file:///home/runner/work/ozone/ozone/hadoop-ozone/integration-test/target/test-classes/webapps/static,AVAILABLE}
2023-05-23 10:25:46,830 [Listener at 127.0.0.1/15100] INFO  handler.ContextHandler (ContextHandler.java:doStart(921)) - Started o.e.j.w.WebAppContext@1a8a8014{ozoneManager,/,file:///home/runner/work/ozone/ozone/hadoop-ozone/integration-test/target/test-classes/webapps/ozoneManager/,AVAILABLE}{file:/home/runner/work/ozone/ozone/hadoop-ozone/integration-test/target/test-classes/webapps/ozoneManager}
2023-05-23 10:25:46,832 [Listener at 127.0.0.1/15100] INFO  server.AbstractConnector (AbstractConnector.java:doStart(333)) - Started ServerConnector@4c513684{HTTP/1.1, (http/1.1)}{0.0.0.0:15101}
2023-05-23 10:25:46,832 [Listener at 127.0.0.1/15100] INFO  server.Server (Server.java:doStart(415)) - Started @79884ms
2023-05-23 10:25:46,833 [Listener at 127.0.0.1/15100] WARN  impl.MetricsSystemImpl (MetricsSystemImpl.java:register(279)) - Sink prometheus already exists!
2023-05-23 10:25:46,833 [Listener at 127.0.0.1/15100] INFO  http.BaseHttpServer (BaseHttpServer.java:updateConnectorAddress(344)) - HTTP server of ozoneManager listening at http://0.0.0.0:15101
2023-05-23 10:25:46,836 [IPC Server Responder] INFO  ipc.Server (Server.java:run(1558)) - IPC Server Responder: starting
2023-05-23 10:25:46,837 [IPC Server listener on 15100] INFO  ipc.Server (Server.java:run(1398)) - IPC Server listener on 15100: starting
2023-05-23 10:25:46,849 [Listener at 127.0.0.1/15100] INFO  om.OzoneManager (OzoneManager.java:startTrashEmptier(2095)) - Trash Interval set to 0. Files deleted won't move to trash
2023-05-23 10:25:46,850 [org.apache.hadoop.util.JvmPauseMonitor$Monitor@9c8f729] INFO  util.JvmPauseMonitor (JvmPauseMonitor.java:run(188)) - Starting JVM pause monitor
2023-05-23 10:25:46,863 [Listener at 127.0.0.1/15100] WARN  impl.MetricRegistriesImpl (MetricRegistriesImpl.java:addReporterRegistration(111)) - New reporters are added after registries were created. Some metrics will be missing from the reporter. Please add reporter before adding any new registry.
2023-05-23 10:25:46,864 [Listener at 127.0.0.1/15100] WARN  impl.MetricRegistriesImpl (MetricRegistriesImpl.java:addReporterRegistration(111)) - New reporters are added after registries were created. Some metrics will be missing from the reporter. Please add reporter before adding any new registry.
2023-05-23 10:25:46,864 [Listener at 127.0.0.1/15100] INFO  impl.MetricsSystemImpl (MetricsSystemImpl.java:init(158)) - HddsDatanode metrics system started (again)
2023-05-23 10:25:46,876 [Listener at 127.0.0.1/15100] INFO  ozone.HddsDatanodeService (HddsDatanodeService.java:start(252)) - HddsDatanodeService host:fv-az1249-304 ip:10.1.0.38
2023-05-23 10:25:46,899 [Listener at 127.0.0.1/15100] INFO  upgrade.AbstractLayoutVersionManager (AbstractLayoutVersionManager.java:init(83)) - Initializing Layout version manager with metadata layout = WEBUI_PORTS_IN_DATANODEDETAILS (version = 6), software layout = WEBUI_PORTS_IN_DATANODEDETAILS (version = 6)
2023-05-23 10:25:46,900 [Listener at 127.0.0.1/15100] INFO  statemachine.DatanodeStateMachine (DatanodeStateMachine.java:getEndPointTaskThreadPoolSize(267)) - Datanode State Machine Task Thread Pool size 2
2023-05-23 10:25:46,907 [Listener at 127.0.0.1/15100] INFO  volume.HddsVolume (HddsVolume.java:<init>(130)) - Creating HddsVolume: /home/runner/work/ozone/ozone/hadoop-ozone/integration-test/target/test-dir/MiniOzoneClusterImpl-bbf8790f-824b-49ae-85c2-11c1b792a20d/datanode-0/data-0/containers/hdds of storage type : DISK capacity : 9223372036854775807
2023-05-23 10:25:46,908 [Listener at 127.0.0.1/15100] INFO  volume.MutableVolumeSet (MutableVolumeSet.java:initializeVolumeSet(175)) - Added Volume : /home/runner/work/ozone/ozone/hadoop-ozone/integration-test/target/test-dir/MiniOzoneClusterImpl-bbf8790f-824b-49ae-85c2-11c1b792a20d/datanode-0/data-0/containers/hdds to VolumeSet
2023-05-23 10:25:46,908 [Listener at 127.0.0.1/15100] INFO  volume.ThrottledAsyncChecker (ThrottledAsyncChecker.java:schedule(141)) - Scheduling a check for /home/runner/work/ozone/ozone/hadoop-ozone/integration-test/target/test-dir/MiniOzoneClusterImpl-bbf8790f-824b-49ae-85c2-11c1b792a20d/datanode-0/data-0/containers/hdds
2023-05-23 10:25:46,908 [Listener at 127.0.0.1/15100] INFO  volume.StorageVolumeChecker (StorageVolumeChecker.java:checkAllVolumes(202)) - Scheduled health check for volume /home/runner/work/ozone/ozone/hadoop-ozone/integration-test/target/test-dir/MiniOzoneClusterImpl-bbf8790f-824b-49ae-85c2-11c1b792a20d/datanode-0/data-0/containers/hdds
2023-05-23 10:25:46,921 [Listener at 127.0.0.1/15100] INFO  volume.MutableVolumeSet (MutableVolumeSet.java:initializeVolumeSet(175)) - Added Volume : /home/runner/work/ozone/ozone/hadoop-ozone/integration-test/target/test-dir/MiniOzoneClusterImpl-bbf8790f-824b-49ae-85c2-11c1b792a20d/datanode-0/data/ratis to VolumeSet
2023-05-23 10:25:46,921 [Listener at 127.0.0.1/15100] INFO  volume.ThrottledAsyncChecker (ThrottledAsyncChecker.java:schedule(141)) - Scheduling a check for /home/runner/work/ozone/ozone/hadoop-ozone/integration-test/target/test-dir/MiniOzoneClusterImpl-bbf8790f-824b-49ae-85c2-11c1b792a20d/datanode-0/data/ratis
2023-05-23 10:25:46,921 [Listener at 127.0.0.1/15100] INFO  volume.StorageVolumeChecker (StorageVolumeChecker.java:checkAllVolumes(202)) - Scheduled health check for volume /home/runner/work/ozone/ozone/hadoop-ozone/integration-test/target/test-dir/MiniOzoneClusterImpl-bbf8790f-824b-49ae-85c2-11c1b792a20d/datanode-0/data/ratis
2023-05-23 10:25:46,935 [Thread-1286] INFO  ozoneimpl.ContainerReader (ContainerReader.java:readVolume(175)) - Finish verifying containers on volume /home/runner/work/ozone/ozone/hadoop-ozone/integration-test/target/test-dir/MiniOzoneClusterImpl-bbf8790f-824b-49ae-85c2-11c1b792a20d/datanode-0/data-0/containers/hdds
2023-05-23 10:25:46,935 [Listener at 127.0.0.1/15100] INFO  ozoneimpl.OzoneContainer (OzoneContainer.java:buildContainerSet(303)) - Build ContainerSet costs 0s
2023-05-23 10:25:46,938 [Listener at 127.0.0.1/15100] INFO  server.RaftServer (ConfUtils.java:logGet(46)) - raft.rpc.type = GRPC (default)
2023-05-23 10:25:46,939 [Listener at 127.0.0.1/15100] INFO  grpc.GrpcConfigKeys (ConfUtils.java:logFallback(53)) - raft.grpc.admin.host = null (fallback to raft.grpc.server.host)
2023-05-23 10:25:46,939 [Listener at 127.0.0.1/15100] INFO  grpc.GrpcConfigKeys (ConfUtils.java:logGet(46)) - raft.grpc.admin.port = 15108 (custom)
2023-05-23 10:25:46,939 [Listener at 127.0.0.1/15100] INFO  grpc.GrpcConfigKeys (ConfUtils.java:logFallback(53)) - raft.grpc.client.host = null (fallback to raft.grpc.server.host)
2023-05-23 10:25:46,939 [Listener at 127.0.0.1/15100] INFO  grpc.GrpcConfigKeys (ConfUtils.java:logGet(46)) - raft.grpc.client.port = 15107 (custom)
2023-05-23 10:25:46,939 [Listener at 127.0.0.1/15100] INFO  grpc.GrpcConfigKeys (ConfUtils.java:logGet(46)) - raft.grpc.server.host = null (default)
2023-05-23 10:25:46,939 [Listener at 127.0.0.1/15100] INFO  grpc.GrpcConfigKeys (ConfUtils.java:logGet(46)) - raft.grpc.server.port = 15109 (custom)
2023-05-23 10:25:46,939 [Listener at 127.0.0.1/15100] INFO  server.GrpcService (ConfUtils.java:logGet(46)) - raft.grpc.message.size.max = 32MB (=33554432) (custom)
2023-05-23 10:25:46,939 [Listener at 127.0.0.1/15100] INFO  server.RaftServerConfigKeys (ConfUtils.java:logGet(46)) - raft.server.log.appender.buffer.byte-limit = 33554432 (custom)
2023-05-23 10:25:46,939 [Listener at 127.0.0.1/15100] INFO  server.GrpcService (ConfUtils.java:logGet(46)) - raft.grpc.flow.control.window = 5MB (=5242880) (custom)
2023-05-23 10:25:46,939 [Listener at 127.0.0.1/15100] INFO  server.RaftServerConfigKeys (ConfUtils.java:logGet(46)) - raft.server.rpc.request.timeout = 60s (custom)
2023-05-23 10:25:46,939 [Listener at 127.0.0.1/15100] INFO  grpc.GrpcConfigKeys (ConfUtils.java:logGet(46)) - raft.grpc.server.heartbeat.channel = true (default)
2023-05-23 10:25:46,940 [Listener at 127.0.0.1/15100] INFO  grpc.GrpcConfigKeys (ConfUtils.java:logGet(46)) - raft.grpc.server.async.request.thread.pool.cached = true (default)
2023-05-23 10:25:46,940 [Listener at 127.0.0.1/15100] INFO  grpc.GrpcConfigKeys (ConfUtils.java:logGet(46)) - raft.grpc.server.async.request.thread.pool.size = 32 (default)
2023-05-23 10:25:46,942 [Listener at 127.0.0.1/15100] INFO  impl.DataStreamServerImpl (ConfUtils.java:logGet(46)) - raft.datastream.type = NETTY (custom)
2023-05-23 10:25:46,942 [Listener at 127.0.0.1/15100] INFO  server.RaftServerConfigKeys (ConfUtils.java:logGet(46)) - raft.server.data-stream.async.request.thread.pool.cached = false (default)
2023-05-23 10:25:46,942 [Listener at 127.0.0.1/15100] INFO  server.RaftServerConfigKeys (ConfUtils.java:logGet(46)) - raft.server.data-stream.async.request.thread.pool.size = 20 (custom)
2023-05-23 10:25:46,943 [Listener at 127.0.0.1/15100] INFO  server.RaftServerConfigKeys (ConfUtils.java:logGet(46)) - raft.server.data-stream.async.write.thread.pool.size = 16 (default)
2023-05-23 10:25:46,943 [Listener at 127.0.0.1/15100] INFO  server.RaftServerConfigKeys (ConfUtils.java:logGet(46)) - raft.server.data-stream.client.pool.size = 10 (default)
2023-05-23 10:25:46,943 [Listener at 127.0.0.1/15100] INFO  netty.NettyConfigKeys$DataStream (ConfUtils.java:logGet(46)) - raft.netty.dataStream.server.use-epoll = false (default)
2023-05-23 10:25:46,943 [Listener at 127.0.0.1/15100] INFO  netty.NettyConfigKeys$DataStream (ConfUtils.java:logGet(46)) - raft.netty.dataStream.server.boss-group.size = 0 (default)
2023-05-23 10:25:46,944 [Listener at 127.0.0.1/15100] INFO  netty.NettyConfigKeys$DataStream (ConfUtils.java:logGet(46)) - raft.netty.dataStream.server.worker-group.size = 0 (default)
2023-05-23 10:25:46,944 [Listener at 127.0.0.1/15100] INFO  netty.NettyConfigKeys$DataStream (ConfUtils.java:logGet(46)) - raft.netty.dataStream.server.tls.conf = null (default)
2023-05-23 10:25:46,944 [Listener at 127.0.0.1/15100] INFO  netty.NettyConfigKeys$DataStream (ConfUtils.java:logGet(46)) - raft.netty.dataStream.host = null (default)
2023-05-23 10:25:46,945 [Listener at 127.0.0.1/15100] INFO  netty.NettyConfigKeys$DataStream (ConfUtils.java:logGet(46)) - raft.netty.dataStream.port = 15110 (custom)
2023-05-23 10:25:46,945 [Listener at 127.0.0.1/15100] INFO  server.RaftServerConfigKeys (ConfUtils.java:logGet(46)) - raft.server.threadpool.proxy.cached = true (default)
2023-05-23 10:25:46,945 [Listener at 127.0.0.1/15100] INFO  server.RaftServerConfigKeys (ConfUtils.java:logGet(46)) - raft.server.threadpool.proxy.size = 0 (default)
2023-05-23 10:25:46,945 [Listener at 127.0.0.1/15100] INFO  server.RaftServerConfigKeys (ConfUtils.java:logGet(46)) - raft.server.rpc.slowness.timeout = 300s (custom)
2023-05-23 10:25:46,945 [Listener at 127.0.0.1/15100] INFO  server.RaftServerConfigKeys (ConfUtils.java:logGet(46)) - raft.server.leaderelection.leader.step-down.wait-time = 10s (default)
2023-05-23 10:25:46,945 [Listener at 127.0.0.1/15100] INFO  server.RaftServerConfigKeys (ConfUtils.java:logGet(46)) - raft.server.storage.dir = [/home/runner/work/ozone/ozone/hadoop-ozone/integration-test/target/test-dir/MiniOzoneClusterImpl-bbf8790f-824b-49ae-85c2-11c1b792a20d/datanode-0/data/ratis] (custom)
2023-05-23 10:25:46,946 [4423aca3-b60e-4ab8-b093-c0faf93dfaca-NettyServerStreamRpc-bossGroup--thread1] INFO  logging.LoggingHandler (AbstractInternalLogger.java:log(148)) - [id: 0x4b976ca4] REGISTERED
2023-05-23 10:25:46,946 [4423aca3-b60e-4ab8-b093-c0faf93dfaca-NettyServerStreamRpc-bossGroup--thread1] INFO  logging.LoggingHandler (AbstractInternalLogger.java:log(148)) - [id: 0x4b976ca4] BIND: 0.0.0.0/0.0.0.0:15110
2023-05-23 10:25:46,946 [4423aca3-b60e-4ab8-b093-c0faf93dfaca-NettyServerStreamRpc-bossGroup--thread1] INFO  logging.LoggingHandler (AbstractInternalLogger.java:log(148)) - [id: 0x4b976ca4, L:/0:0:0:0:0:0:0:0:15110] ACTIVE
2023-05-23 10:25:46,948 [Listener at 127.0.0.1/15100] INFO  server.XceiverServerGrpc (XceiverServerGrpc.java:<init>(132)) - GrpcServer channel type EpollServerSocketChannel
2023-05-23 10:25:46,950 [Listener at 127.0.0.1/15100] INFO  replication.ReplicationSupervisor (ReplicationSupervisor.java:nodeStateUpdated(296)) - Node state updated to IN_SERVICE, scaling executor pool size to 10
2023-05-23 10:25:46,952 [Listener at 127.0.0.1/15100] INFO  http.BaseHttpServer (BaseHttpServer.java:newHttpServer2BuilderForOzone(224)) - Starting Web-server for hddsDatanode at: http://0.0.0.0:15105
2023-05-23 10:25:46,952 [Listener at 127.0.0.1/15100] INFO  http.BaseHttpServer (BaseHttpServer.java:<init>(111)) - Hadoop Security Enabled: false Ozone Security Enabled: false Ozone HTTP Security Enabled: false 
2023-05-23 10:25:46,953 [Listener at 127.0.0.1/15100] WARN  server.AuthenticationFilter (AuthenticationFilter.java:constructSecretProvider(240)) - Unable to initialize FileSignerSecretProvider, falling back to use random secrets. Reason: Could not read signature secret file: /home/runner/hadoop-http-auth-signature-secret
2023-05-23 10:25:46,954 [Listener at 127.0.0.1/15100] INFO  http.HttpRequestLog (HttpRequestLog.java:getRequestLog(86)) - Http request log for http.requests.hddsDatanode is not defined
2023-05-23 10:25:46,955 [Listener at 127.0.0.1/15100] INFO  http.HttpServer2 (HttpServer2.java:addGlobalFilter(1031)) - Added global filter 'safety' (class=org.apache.hadoop.hdds.server.http.HttpServer2$QuotingInputFilter)
2023-05-23 10:25:46,955 [Listener at 127.0.0.1/15100] INFO  http.HttpServer2 (HttpServer2.java:addFilter(1007)) - Added filter static_user_filter (class=org.apache.hadoop.http.lib.StaticUserWebFilter$StaticUserFilter) to context hddsDatanode
2023-05-23 10:25:46,955 [Listener at 127.0.0.1/15100] INFO  http.HttpServer2 (HttpServer2.java:addFilter(1015)) - Added filter static_user_filter (class=org.apache.hadoop.http.lib.StaticUserWebFilter$StaticUserFilter) to context logs
2023-05-23 10:25:46,956 [Listener at 127.0.0.1/15100] INFO  http.HttpServer2 (HttpServer2.java:addFilter(1015)) - Added filter static_user_filter (class=org.apache.hadoop.http.lib.StaticUserWebFilter$StaticUserFilter) to context static
2023-05-23 10:25:46,956 [Listener at 127.0.0.1/15100] INFO  http.BaseHttpServer (BaseHttpServer.java:<init>(190)) - HTTP server of hddsDatanode uses base directory /home/runner/work/ozone/ozone/hadoop-ozone/integration-test/target/test-dir/MiniOzoneClusterImpl-bbf8790f-824b-49ae-85c2-11c1b792a20d/datanode-0/meta/webserver
2023-05-23 10:25:46,956 [Listener at 127.0.0.1/15100] INFO  http.HttpServer2 (HttpServer2.java:bindListener(1250)) - Jetty bound to port 15105
2023-05-23 10:25:46,956 [Listener at 127.0.0.1/15100] INFO  server.Server (Server.java:doStart(375)) - jetty-9.4.51.v20230217; built: 2023-02-17T08:19:37.309Z; git: b45c405e4544384de066f814ed42ae3dceacdd49; jvm 1.8.0_362-b09
2023-05-23 10:25:46,958 [Listener at 127.0.0.1/15100] INFO  server.session (DefaultSessionIdManager.java:doStart(334)) - DefaultSessionIdManager workerName=node0
2023-05-23 10:25:46,958 [Listener at 127.0.0.1/15100] INFO  server.session (DefaultSessionIdManager.java:doStart(339)) - No SessionScavenger set, using defaults
2023-05-23 10:25:46,958 [Listener at 127.0.0.1/15100] INFO  server.session (HouseKeeper.java:startScavenging(132)) - node0 Scavenging every 660000ms
2023-05-23 10:25:46,960 [Listener at 127.0.0.1/15100] INFO  handler.ContextHandler (ContextHandler.java:doStart(921)) - Started o.e.j.s.ServletContextHandler@644855{logs,/logs,file:///home/runner/work/ozone/ozone/hadoop-ozone/integration-test/target/log,AVAILABLE}
2023-05-23 10:25:46,961 [Listener at 127.0.0.1/15100] INFO  handler.ContextHandler (ContextHandler.java:doStart(921)) - Started o.e.j.s.ServletContextHandler@289bb610{static,/static,jar:file:/home/runner/.m2/repository/org/apache/ozone/hdds-container-service/1.4.0-SNAPSHOT/hdds-container-service-1.4.0-SNAPSHOT.jar!/webapps/static,AVAILABLE}
2023-05-23 10:25:47,184 [Listener at 127.0.0.1/15100] INFO  handler.ContextHandler (ContextHandler.java:doStart(921)) - Started o.e.j.w.WebAppContext@5171334a{hddsDatanode,/,file:///home/runner/work/ozone/ozone/hadoop-ozone/integration-test/target/test-dir/MiniOzoneClusterImpl-bbf8790f-824b-49ae-85c2-11c1b792a20d/datanode-0/meta/webserver/jetty-0_0_0_0-15105-hdds-container-service-1_4_0-SNAPSHOT_jar-_-any-2466593191660245887/webapp/,AVAILABLE}{jar:file:/home/runner/.m2/repository/org/apache/ozone/hdds-container-service/1.4.0-SNAPSHOT/hdds-container-service-1.4.0-SNAPSHOT.jar!/webapps/hddsDatanode}
2023-05-23 10:25:47,185 [Listener at 127.0.0.1/15100] INFO  server.AbstractConnector (AbstractConnector.java:doStart(333)) - Started ServerConnector@33f2af3b{HTTP/1.1, (http/1.1)}{0.0.0.0:15105}
2023-05-23 10:25:47,186 [Listener at 127.0.0.1/15100] INFO  server.Server (Server.java:doStart(415)) - Started @80237ms
2023-05-23 10:25:47,186 [Listener at 127.0.0.1/15100] WARN  impl.MetricsSystemImpl (MetricsSystemImpl.java:register(279)) - Sink prometheus already exists!
2023-05-23 10:25:47,186 [Listener at 127.0.0.1/15100] INFO  http.BaseHttpServer (BaseHttpServer.java:updateConnectorAddress(344)) - HTTP server of hddsDatanode listening at http://0.0.0.0:15105
2023-05-23 10:25:47,187 [Datanode State Machine Daemon Thread] INFO  statemachine.DatanodeStateMachine (DatanodeStateMachine.java:lambda$startDaemon$0(524)) - Ozone container server started.
2023-05-23 10:25:47,187 [Listener at 127.0.0.1/15100] WARN  impl.MetricRegistriesImpl (MetricRegistriesImpl.java:addReporterRegistration(111)) - New reporters are added after registries were created. Some metrics will be missing from the reporter. Please add reporter before adding any new registry.
2023-05-23 10:25:47,187 [Listener at 127.0.0.1/15100] WARN  impl.MetricRegistriesImpl (MetricRegistriesImpl.java:addReporterRegistration(111)) - New reporters are added after registries were created. Some metrics will be missing from the reporter. Please add reporter before adding any new registry.
2023-05-23 10:25:47,187 [Listener at 127.0.0.1/15100] INFO  impl.MetricsSystemImpl (MetricsSystemImpl.java:init(158)) - HddsDatanode metrics system started (again)
2023-05-23 10:25:47,201 [Listener at 127.0.0.1/15100] INFO  ozone.HddsDatanodeService (HddsDatanodeService.java:start(252)) - HddsDatanodeService host:fv-az1249-304 ip:10.1.0.38
2023-05-23 10:25:47,205 [org.apache.hadoop.util.JvmPauseMonitor$Monitor@1739b374] INFO  util.JvmPauseMonitor (JvmPauseMonitor.java:run(188)) - Starting JVM pause monitor
2023-05-23 10:25:47,218 [Datanode State Machine Task Thread - 0] INFO  datanode.InitDatanodeState (InitDatanodeState.java:persistContainerDatanodeDetails(138)) - DatanodeDetails is persisted to /home/runner/work/ozone/ozone/hadoop-ozone/integration-test/target/test-dir/MiniOzoneClusterImpl-bbf8790f-824b-49ae-85c2-11c1b792a20d/datanode-0/meta/datanode.id
2023-05-23 10:25:47,237 [Listener at 127.0.0.1/15100] INFO  upgrade.AbstractLayoutVersionManager (AbstractLayoutVersionManager.java:init(83)) - Initializing Layout version manager with metadata layout = WEBUI_PORTS_IN_DATANODEDETAILS (version = 6), software layout = WEBUI_PORTS_IN_DATANODEDETAILS (version = 6)
2023-05-23 10:25:47,238 [Listener at 127.0.0.1/15100] INFO  statemachine.DatanodeStateMachine (DatanodeStateMachine.java:getEndPointTaskThreadPoolSize(267)) - Datanode State Machine Task Thread Pool size 2
2023-05-23 10:25:47,242 [Listener at 127.0.0.1/15100] INFO  volume.HddsVolume (HddsVolume.java:<init>(130)) - Creating HddsVolume: /home/runner/work/ozone/ozone/hadoop-ozone/integration-test/target/test-dir/MiniOzoneClusterImpl-bbf8790f-824b-49ae-85c2-11c1b792a20d/datanode-1/data-0/containers/hdds of storage type : DISK capacity : 9223372036854775807
2023-05-23 10:25:47,242 [Listener at 127.0.0.1/15100] INFO  volume.MutableVolumeSet (MutableVolumeSet.java:initializeVolumeSet(175)) - Added Volume : /home/runner/work/ozone/ozone/hadoop-ozone/integration-test/target/test-dir/MiniOzoneClusterImpl-bbf8790f-824b-49ae-85c2-11c1b792a20d/datanode-1/data-0/containers/hdds to VolumeSet
2023-05-23 10:25:47,242 [Listener at 127.0.0.1/15100] INFO  volume.ThrottledAsyncChecker (ThrottledAsyncChecker.java:schedule(141)) - Scheduling a check for /home/runner/work/ozone/ozone/hadoop-ozone/integration-test/target/test-dir/MiniOzoneClusterImpl-bbf8790f-824b-49ae-85c2-11c1b792a20d/datanode-1/data-0/containers/hdds
2023-05-23 10:25:47,248 [Listener at 127.0.0.1/15100] INFO  volume.StorageVolumeChecker (StorageVolumeChecker.java:checkAllVolumes(202)) - Scheduled health check for volume /home/runner/work/ozone/ozone/hadoop-ozone/integration-test/target/test-dir/MiniOzoneClusterImpl-bbf8790f-824b-49ae-85c2-11c1b792a20d/datanode-1/data-0/containers/hdds
2023-05-23 10:25:47,262 [Listener at 127.0.0.1/15100] INFO  volume.MutableVolumeSet (MutableVolumeSet.java:initializeVolumeSet(175)) - Added Volume : /home/runner/work/ozone/ozone/hadoop-ozone/integration-test/target/test-dir/MiniOzoneClusterImpl-bbf8790f-824b-49ae-85c2-11c1b792a20d/datanode-1/data/ratis to VolumeSet
2023-05-23 10:25:47,262 [Listener at 127.0.0.1/15100] INFO  volume.ThrottledAsyncChecker (ThrottledAsyncChecker.java:schedule(141)) - Scheduling a check for /home/runner/work/ozone/ozone/hadoop-ozone/integration-test/target/test-dir/MiniOzoneClusterImpl-bbf8790f-824b-49ae-85c2-11c1b792a20d/datanode-1/data/ratis
2023-05-23 10:25:47,262 [Listener at 127.0.0.1/15100] INFO  volume.StorageVolumeChecker (StorageVolumeChecker.java:checkAllVolumes(202)) - Scheduled health check for volume /home/runner/work/ozone/ozone/hadoop-ozone/integration-test/target/test-dir/MiniOzoneClusterImpl-bbf8790f-824b-49ae-85c2-11c1b792a20d/datanode-1/data/ratis
2023-05-23 10:25:47,275 [Thread-1300] INFO  ozoneimpl.ContainerReader (ContainerReader.java:readVolume(175)) - Finish verifying containers on volume /home/runner/work/ozone/ozone/hadoop-ozone/integration-test/target/test-dir/MiniOzoneClusterImpl-bbf8790f-824b-49ae-85c2-11c1b792a20d/datanode-1/data-0/containers/hdds
2023-05-23 10:25:47,275 [Listener at 127.0.0.1/15100] INFO  ozoneimpl.OzoneContainer (OzoneContainer.java:buildContainerSet(303)) - Build ContainerSet costs 0s
2023-05-23 10:25:47,276 [Listener at 127.0.0.1/15100] INFO  server.RaftServer (ConfUtils.java:logGet(46)) - raft.rpc.type = GRPC (default)
2023-05-23 10:25:47,277 [Listener at 127.0.0.1/15100] INFO  grpc.GrpcConfigKeys (ConfUtils.java:logFallback(53)) - raft.grpc.admin.host = null (fallback to raft.grpc.server.host)
2023-05-23 10:25:47,277 [Listener at 127.0.0.1/15100] INFO  grpc.GrpcConfigKeys (ConfUtils.java:logGet(46)) - raft.grpc.admin.port = 15116 (custom)
2023-05-23 10:25:47,277 [Listener at 127.0.0.1/15100] INFO  grpc.GrpcConfigKeys (ConfUtils.java:logFallback(53)) - raft.grpc.client.host = null (fallback to raft.grpc.server.host)
2023-05-23 10:25:47,277 [Listener at 127.0.0.1/15100] INFO  grpc.GrpcConfigKeys (ConfUtils.java:logGet(46)) - raft.grpc.client.port = 15115 (custom)
2023-05-23 10:25:47,277 [Listener at 127.0.0.1/15100] INFO  grpc.GrpcConfigKeys (ConfUtils.java:logGet(46)) - raft.grpc.server.host = null (default)
2023-05-23 10:25:47,278 [Listener at 127.0.0.1/15100] INFO  grpc.GrpcConfigKeys (ConfUtils.java:logGet(46)) - raft.grpc.server.port = 15117 (custom)
2023-05-23 10:25:47,278 [Listener at 127.0.0.1/15100] INFO  server.GrpcService (ConfUtils.java:logGet(46)) - raft.grpc.message.size.max = 32MB (=33554432) (custom)
2023-05-23 10:25:47,278 [Listener at 127.0.0.1/15100] INFO  server.RaftServerConfigKeys (ConfUtils.java:logGet(46)) - raft.server.log.appender.buffer.byte-limit = 33554432 (custom)
2023-05-23 10:25:47,278 [Listener at 127.0.0.1/15100] INFO  server.GrpcService (ConfUtils.java:logGet(46)) - raft.grpc.flow.control.window = 5MB (=5242880) (custom)
2023-05-23 10:25:47,278 [Listener at 127.0.0.1/15100] INFO  server.RaftServerConfigKeys (ConfUtils.java:logGet(46)) - raft.server.rpc.request.timeout = 60s (custom)
2023-05-23 10:25:47,278 [Listener at 127.0.0.1/15100] INFO  grpc.GrpcConfigKeys (ConfUtils.java:logGet(46)) - raft.grpc.server.heartbeat.channel = true (default)
2023-05-23 10:25:47,278 [Listener at 127.0.0.1/15100] INFO  grpc.GrpcConfigKeys (ConfUtils.java:logGet(46)) - raft.grpc.server.async.request.thread.pool.cached = true (default)
2023-05-23 10:25:47,278 [Listener at 127.0.0.1/15100] INFO  grpc.GrpcConfigKeys (ConfUtils.java:logGet(46)) - raft.grpc.server.async.request.thread.pool.size = 32 (default)
2023-05-23 10:25:47,281 [Listener at 127.0.0.1/15100] INFO  impl.DataStreamServerImpl (ConfUtils.java:logGet(46)) - raft.datastream.type = NETTY (custom)
2023-05-23 10:25:47,281 [Listener at 127.0.0.1/15100] INFO  server.RaftServerConfigKeys (ConfUtils.java:logGet(46)) - raft.server.data-stream.async.request.thread.pool.cached = false (default)
2023-05-23 10:25:47,281 [Listener at 127.0.0.1/15100] INFO  server.RaftServerConfigKeys (ConfUtils.java:logGet(46)) - raft.server.data-stream.async.request.thread.pool.size = 20 (custom)
2023-05-23 10:25:47,281 [Listener at 127.0.0.1/15100] INFO  server.RaftServerConfigKeys (ConfUtils.java:logGet(46)) - raft.server.data-stream.async.write.thread.pool.size = 16 (default)
2023-05-23 10:25:47,281 [Listener at 127.0.0.1/15100] INFO  server.RaftServerConfigKeys (ConfUtils.java:logGet(46)) - raft.server.data-stream.client.pool.size = 10 (default)
2023-05-23 10:25:47,281 [Listener at 127.0.0.1/15100] INFO  netty.NettyConfigKeys$DataStream (ConfUtils.java:logGet(46)) - raft.netty.dataStream.server.use-epoll = false (default)
2023-05-23 10:25:47,281 [Listener at 127.0.0.1/15100] INFO  netty.NettyConfigKeys$DataStream (ConfUtils.java:logGet(46)) - raft.netty.dataStream.server.boss-group.size = 0 (default)
2023-05-23 10:25:47,282 [Listener at 127.0.0.1/15100] INFO  netty.NettyConfigKeys$DataStream (ConfUtils.java:logGet(46)) - raft.netty.dataStream.server.worker-group.size = 0 (default)
2023-05-23 10:25:47,282 [Listener at 127.0.0.1/15100] INFO  netty.NettyConfigKeys$DataStream (ConfUtils.java:logGet(46)) - raft.netty.dataStream.server.tls.conf = null (default)
2023-05-23 10:25:47,282 [Listener at 127.0.0.1/15100] INFO  netty.NettyConfigKeys$DataStream (ConfUtils.java:logGet(46)) - raft.netty.dataStream.host = null (default)
2023-05-23 10:25:47,282 [Listener at 127.0.0.1/15100] INFO  netty.NettyConfigKeys$DataStream (ConfUtils.java:logGet(46)) - raft.netty.dataStream.port = 15118 (custom)
2023-05-23 10:25:47,283 [Listener at 127.0.0.1/15100] INFO  server.RaftServerConfigKeys (ConfUtils.java:logGet(46)) - raft.server.threadpool.proxy.cached = true (default)
2023-05-23 10:25:47,283 [Listener at 127.0.0.1/15100] INFO  server.RaftServerConfigKeys (ConfUtils.java:logGet(46)) - raft.server.threadpool.proxy.size = 0 (default)
2023-05-23 10:25:47,283 [Listener at 127.0.0.1/15100] INFO  server.RaftServerConfigKeys (ConfUtils.java:logGet(46)) - raft.server.rpc.slowness.timeout = 300s (custom)
2023-05-23 10:25:47,283 [Listener at 127.0.0.1/15100] INFO  server.RaftServerConfigKeys (ConfUtils.java:logGet(46)) - raft.server.leaderelection.leader.step-down.wait-time = 10s (default)
2023-05-23 10:25:47,283 [Listener at 127.0.0.1/15100] INFO  server.RaftServerConfigKeys (ConfUtils.java:logGet(46)) - raft.server.storage.dir = [/home/runner/work/ozone/ozone/hadoop-ozone/integration-test/target/test-dir/MiniOzoneClusterImpl-bbf8790f-824b-49ae-85c2-11c1b792a20d/datanode-1/data/ratis] (custom)
2023-05-23 10:25:47,284 [54284929-3371-4a1e-b544-6f7fda27a691-NettyServerStreamRpc-bossGroup--thread1] INFO  logging.LoggingHandler (AbstractInternalLogger.java:log(148)) - [id: 0x3609fde8] REGISTERED
2023-05-23 10:25:47,284 [54284929-3371-4a1e-b544-6f7fda27a691-NettyServerStreamRpc-bossGroup--thread1] INFO  logging.LoggingHandler (AbstractInternalLogger.java:log(148)) - [id: 0x3609fde8] BIND: 0.0.0.0/0.0.0.0:15118
2023-05-23 10:25:47,284 [54284929-3371-4a1e-b544-6f7fda27a691-NettyServerStreamRpc-bossGroup--thread1] INFO  logging.LoggingHandler (AbstractInternalLogger.java:log(148)) - [id: 0x3609fde8, L:/0:0:0:0:0:0:0:0:15118] ACTIVE
2023-05-23 10:25:47,285 [Listener at 127.0.0.1/15100] INFO  server.XceiverServerGrpc (XceiverServerGrpc.java:<init>(132)) - GrpcServer channel type EpollServerSocketChannel
2023-05-23 10:25:47,287 [Listener at 127.0.0.1/15100] INFO  replication.ReplicationSupervisor (ReplicationSupervisor.java:nodeStateUpdated(296)) - Node state updated to IN_SERVICE, scaling executor pool size to 10
2023-05-23 10:25:47,289 [Listener at 127.0.0.1/15100] INFO  http.BaseHttpServer (BaseHttpServer.java:newHttpServer2BuilderForOzone(224)) - Starting Web-server for hddsDatanode at: http://0.0.0.0:15113
2023-05-23 10:25:47,290 [Listener at 127.0.0.1/15100] INFO  http.BaseHttpServer (BaseHttpServer.java:<init>(111)) - Hadoop Security Enabled: false Ozone Security Enabled: false Ozone HTTP Security Enabled: false 
2023-05-23 10:25:47,292 [Listener at 127.0.0.1/15100] WARN  server.AuthenticationFilter (AuthenticationFilter.java:constructSecretProvider(240)) - Unable to initialize FileSignerSecretProvider, falling back to use random secrets. Reason: Could not read signature secret file: /home/runner/hadoop-http-auth-signature-secret
2023-05-23 10:25:47,293 [Listener at 127.0.0.1/15100] INFO  http.HttpRequestLog (HttpRequestLog.java:getRequestLog(86)) - Http request log for http.requests.hddsDatanode is not defined
2023-05-23 10:25:47,294 [Listener at 127.0.0.1/15100] INFO  http.HttpServer2 (HttpServer2.java:addGlobalFilter(1031)) - Added global filter 'safety' (class=org.apache.hadoop.hdds.server.http.HttpServer2$QuotingInputFilter)
2023-05-23 10:25:47,294 [Listener at 127.0.0.1/15100] INFO  http.HttpServer2 (HttpServer2.java:addFilter(1007)) - Added filter static_user_filter (class=org.apache.hadoop.http.lib.StaticUserWebFilter$StaticUserFilter) to context hddsDatanode
2023-05-23 10:25:47,294 [Listener at 127.0.0.1/15100] INFO  http.HttpServer2 (HttpServer2.java:addFilter(1015)) - Added filter static_user_filter (class=org.apache.hadoop.http.lib.StaticUserWebFilter$StaticUserFilter) to context static
2023-05-23 10:25:47,295 [Listener at 127.0.0.1/15100] INFO  http.HttpServer2 (HttpServer2.java:addFilter(1015)) - Added filter static_user_filter (class=org.apache.hadoop.http.lib.StaticUserWebFilter$StaticUserFilter) to context logs
2023-05-23 10:25:47,295 [Listener at 127.0.0.1/15100] INFO  http.BaseHttpServer (BaseHttpServer.java:<init>(190)) - HTTP server of hddsDatanode uses base directory /home/runner/work/ozone/ozone/hadoop-ozone/integration-test/target/test-dir/MiniOzoneClusterImpl-bbf8790f-824b-49ae-85c2-11c1b792a20d/datanode-1/meta/webserver
2023-05-23 10:25:47,295 [Listener at 127.0.0.1/15100] INFO  http.HttpServer2 (HttpServer2.java:bindListener(1250)) - Jetty bound to port 15113
2023-05-23 10:25:47,295 [Listener at 127.0.0.1/15100] INFO  server.Server (Server.java:doStart(375)) - jetty-9.4.51.v20230217; built: 2023-02-17T08:19:37.309Z; git: b45c405e4544384de066f814ed42ae3dceacdd49; jvm 1.8.0_362-b09
2023-05-23 10:25:47,297 [Listener at 127.0.0.1/15100] INFO  server.session (DefaultSessionIdManager.java:doStart(334)) - DefaultSessionIdManager workerName=node0
2023-05-23 10:25:47,297 [Listener at 127.0.0.1/15100] INFO  server.session (DefaultSessionIdManager.java:doStart(339)) - No SessionScavenger set, using defaults
2023-05-23 10:25:47,297 [Listener at 127.0.0.1/15100] INFO  server.session (HouseKeeper.java:startScavenging(132)) - node0 Scavenging every 600000ms
2023-05-23 10:25:47,298 [Listener at 127.0.0.1/15100] INFO  handler.ContextHandler (ContextHandler.java:doStart(921)) - Started o.e.j.s.ServletContextHandler@580e20f7{logs,/logs,file:///home/runner/work/ozone/ozone/hadoop-ozone/integration-test/target/log,AVAILABLE}
2023-05-23 10:25:47,298 [Listener at 127.0.0.1/15100] INFO  handler.ContextHandler (ContextHandler.java:doStart(921)) - Started o.e.j.s.ServletContextHandler@484a68fd{static,/static,jar:file:/home/runner/.m2/repository/org/apache/ozone/hdds-container-service/1.4.0-SNAPSHOT/hdds-container-service-1.4.0-SNAPSHOT.jar!/webapps/static,AVAILABLE}
2023-05-23 10:25:47,531 [Listener at 127.0.0.1/15100] INFO  handler.ContextHandler (ContextHandler.java:doStart(921)) - Started o.e.j.w.WebAppContext@20cd5ec5{hddsDatanode,/,file:///home/runner/work/ozone/ozone/hadoop-ozone/integration-test/target/test-dir/MiniOzoneClusterImpl-bbf8790f-824b-49ae-85c2-11c1b792a20d/datanode-1/meta/webserver/jetty-0_0_0_0-15113-hdds-container-service-1_4_0-SNAPSHOT_jar-_-any-5844397017279805590/webapp/,AVAILABLE}{jar:file:/home/runner/.m2/repository/org/apache/ozone/hdds-container-service/1.4.0-SNAPSHOT/hdds-container-service-1.4.0-SNAPSHOT.jar!/webapps/hddsDatanode}
2023-05-23 10:25:47,532 [Listener at 127.0.0.1/15100] INFO  server.AbstractConnector (AbstractConnector.java:doStart(333)) - Started ServerConnector@7c3cfafb{HTTP/1.1, (http/1.1)}{0.0.0.0:15113}
2023-05-23 10:25:47,532 [Listener at 127.0.0.1/15100] INFO  server.Server (Server.java:doStart(415)) - Started @80584ms
2023-05-23 10:25:47,532 [Listener at 127.0.0.1/15100] WARN  impl.MetricsSystemImpl (MetricsSystemImpl.java:register(279)) - Sink prometheus already exists!
2023-05-23 10:25:47,533 [Listener at 127.0.0.1/15100] INFO  http.BaseHttpServer (BaseHttpServer.java:updateConnectorAddress(344)) - HTTP server of hddsDatanode listening at http://0.0.0.0:15113
2023-05-23 10:25:47,534 [Datanode State Machine Daemon Thread] INFO  statemachine.DatanodeStateMachine (DatanodeStateMachine.java:lambda$startDaemon$0(524)) - Ozone container server started.
2023-05-23 10:25:47,534 [Listener at 127.0.0.1/15100] WARN  impl.MetricRegistriesImpl (MetricRegistriesImpl.java:addReporterRegistration(111)) - New reporters are added after registries were created. Some metrics will be missing from the reporter. Please add reporter before adding any new registry.
2023-05-23 10:25:47,537 [Listener at 127.0.0.1/15100] WARN  impl.MetricRegistriesImpl (MetricRegistriesImpl.java:addReporterRegistration(111)) - New reporters are added after registries were created. Some metrics will be missing from the reporter. Please add reporter before adding any new registry.
2023-05-23 10:25:47,537 [Listener at 127.0.0.1/15100] INFO  impl.MetricsSystemImpl (MetricsSystemImpl.java:init(158)) - HddsDatanode metrics system started (again)
2023-05-23 10:25:47,549 [org.apache.hadoop.util.JvmPauseMonitor$Monitor@e1d07a5] INFO  util.JvmPauseMonitor (JvmPauseMonitor.java:run(188)) - Starting JVM pause monitor
2023-05-23 10:25:47,554 [Datanode State Machine Task Thread - 0] INFO  datanode.InitDatanodeState (InitDatanodeState.java:persistContainerDatanodeDetails(138)) - DatanodeDetails is persisted to /home/runner/work/ozone/ozone/hadoop-ozone/integration-test/target/test-dir/MiniOzoneClusterImpl-bbf8790f-824b-49ae-85c2-11c1b792a20d/datanode-1/meta/datanode.id
2023-05-23 10:25:47,557 [Listener at 127.0.0.1/15100] INFO  ozone.HddsDatanodeService (HddsDatanodeService.java:start(252)) - HddsDatanodeService host:fv-az1249-304 ip:10.1.0.38
2023-05-23 10:25:47,584 [Listener at 127.0.0.1/15100] INFO  upgrade.AbstractLayoutVersionManager (AbstractLayoutVersionManager.java:init(83)) - Initializing Layout version manager with metadata layout = WEBUI_PORTS_IN_DATANODEDETAILS (version = 6), software layout = WEBUI_PORTS_IN_DATANODEDETAILS (version = 6)
2023-05-23 10:25:47,589 [Listener at 127.0.0.1/15100] INFO  statemachine.DatanodeStateMachine (DatanodeStateMachine.java:getEndPointTaskThreadPoolSize(267)) - Datanode State Machine Task Thread Pool size 2
2023-05-23 10:25:47,590 [Listener at 127.0.0.1/15100] INFO  volume.HddsVolume (HddsVolume.java:<init>(130)) - Creating HddsVolume: /home/runner/work/ozone/ozone/hadoop-ozone/integration-test/target/test-dir/MiniOzoneClusterImpl-bbf8790f-824b-49ae-85c2-11c1b792a20d/datanode-2/data-0/containers/hdds of storage type : DISK capacity : 9223372036854775807
2023-05-23 10:25:47,590 [Listener at 127.0.0.1/15100] INFO  volume.MutableVolumeSet (MutableVolumeSet.java:initializeVolumeSet(175)) - Added Volume : /home/runner/work/ozone/ozone/hadoop-ozone/integration-test/target/test-dir/MiniOzoneClusterImpl-bbf8790f-824b-49ae-85c2-11c1b792a20d/datanode-2/data-0/containers/hdds to VolumeSet
2023-05-23 10:25:47,590 [Listener at 127.0.0.1/15100] INFO  volume.ThrottledAsyncChecker (ThrottledAsyncChecker.java:schedule(141)) - Scheduling a check for /home/runner/work/ozone/ozone/hadoop-ozone/integration-test/target/test-dir/MiniOzoneClusterImpl-bbf8790f-824b-49ae-85c2-11c1b792a20d/datanode-2/data-0/containers/hdds
2023-05-23 10:25:47,591 [Listener at 127.0.0.1/15100] INFO  volume.StorageVolumeChecker (StorageVolumeChecker.java:checkAllVolumes(202)) - Scheduled health check for volume /home/runner/work/ozone/ozone/hadoop-ozone/integration-test/target/test-dir/MiniOzoneClusterImpl-bbf8790f-824b-49ae-85c2-11c1b792a20d/datanode-2/data-0/containers/hdds
2023-05-23 10:25:47,603 [Listener at 127.0.0.1/15100] INFO  volume.MutableVolumeSet (MutableVolumeSet.java:initializeVolumeSet(175)) - Added Volume : /home/runner/work/ozone/ozone/hadoop-ozone/integration-test/target/test-dir/MiniOzoneClusterImpl-bbf8790f-824b-49ae-85c2-11c1b792a20d/datanode-2/data/ratis to VolumeSet
2023-05-23 10:25:47,603 [Listener at 127.0.0.1/15100] INFO  volume.ThrottledAsyncChecker (ThrottledAsyncChecker.java:schedule(141)) - Scheduling a check for /home/runner/work/ozone/ozone/hadoop-ozone/integration-test/target/test-dir/MiniOzoneClusterImpl-bbf8790f-824b-49ae-85c2-11c1b792a20d/datanode-2/data/ratis
2023-05-23 10:25:47,603 [Listener at 127.0.0.1/15100] INFO  volume.StorageVolumeChecker (StorageVolumeChecker.java:checkAllVolumes(202)) - Scheduled health check for volume /home/runner/work/ozone/ozone/hadoop-ozone/integration-test/target/test-dir/MiniOzoneClusterImpl-bbf8790f-824b-49ae-85c2-11c1b792a20d/datanode-2/data/ratis
2023-05-23 10:25:47,615 [Thread-1314] INFO  ozoneimpl.ContainerReader (ContainerReader.java:readVolume(175)) - Finish verifying containers on volume /home/runner/work/ozone/ozone/hadoop-ozone/integration-test/target/test-dir/MiniOzoneClusterImpl-bbf8790f-824b-49ae-85c2-11c1b792a20d/datanode-2/data-0/containers/hdds
2023-05-23 10:25:47,615 [Listener at 127.0.0.1/15100] INFO  ozoneimpl.OzoneContainer (OzoneContainer.java:buildContainerSet(303)) - Build ContainerSet costs 0s
2023-05-23 10:25:47,617 [Listener at 127.0.0.1/15100] INFO  server.RaftServer (ConfUtils.java:logGet(46)) - raft.rpc.type = GRPC (default)
2023-05-23 10:25:47,617 [Listener at 127.0.0.1/15100] INFO  grpc.GrpcConfigKeys (ConfUtils.java:logFallback(53)) - raft.grpc.admin.host = null (fallback to raft.grpc.server.host)
2023-05-23 10:25:47,617 [Listener at 127.0.0.1/15100] INFO  grpc.GrpcConfigKeys (ConfUtils.java:logGet(46)) - raft.grpc.admin.port = 15124 (custom)
2023-05-23 10:25:47,618 [Listener at 127.0.0.1/15100] INFO  grpc.GrpcConfigKeys (ConfUtils.java:logFallback(53)) - raft.grpc.client.host = null (fallback to raft.grpc.server.host)
2023-05-23 10:25:47,618 [Listener at 127.0.0.1/15100] INFO  grpc.GrpcConfigKeys (ConfUtils.java:logGet(46)) - raft.grpc.client.port = 15123 (custom)
2023-05-23 10:25:47,618 [Listener at 127.0.0.1/15100] INFO  grpc.GrpcConfigKeys (ConfUtils.java:logGet(46)) - raft.grpc.server.host = null (default)
2023-05-23 10:25:47,618 [Listener at 127.0.0.1/15100] INFO  grpc.GrpcConfigKeys (ConfUtils.java:logGet(46)) - raft.grpc.server.port = 15125 (custom)
2023-05-23 10:25:47,618 [Listener at 127.0.0.1/15100] INFO  server.GrpcService (ConfUtils.java:logGet(46)) - raft.grpc.message.size.max = 32MB (=33554432) (custom)
2023-05-23 10:25:47,618 [Listener at 127.0.0.1/15100] INFO  server.RaftServerConfigKeys (ConfUtils.java:logGet(46)) - raft.server.log.appender.buffer.byte-limit = 33554432 (custom)
2023-05-23 10:25:47,618 [Listener at 127.0.0.1/15100] INFO  server.GrpcService (ConfUtils.java:logGet(46)) - raft.grpc.flow.control.window = 5MB (=5242880) (custom)
2023-05-23 10:25:47,618 [Listener at 127.0.0.1/15100] INFO  server.RaftServerConfigKeys (ConfUtils.java:logGet(46)) - raft.server.rpc.request.timeout = 60s (custom)
2023-05-23 10:25:47,618 [Listener at 127.0.0.1/15100] INFO  grpc.GrpcConfigKeys (ConfUtils.java:logGet(46)) - raft.grpc.server.heartbeat.channel = true (default)
2023-05-23 10:25:47,618 [Listener at 127.0.0.1/15100] INFO  grpc.GrpcConfigKeys (ConfUtils.java:logGet(46)) - raft.grpc.server.async.request.thread.pool.cached = true (default)
2023-05-23 10:25:47,618 [Listener at 127.0.0.1/15100] INFO  grpc.GrpcConfigKeys (ConfUtils.java:logGet(46)) - raft.grpc.server.async.request.thread.pool.size = 32 (default)
2023-05-23 10:25:47,621 [Listener at 127.0.0.1/15100] INFO  impl.DataStreamServerImpl (ConfUtils.java:logGet(46)) - raft.datastream.type = NETTY (custom)
2023-05-23 10:25:47,621 [Listener at 127.0.0.1/15100] INFO  server.RaftServerConfigKeys (ConfUtils.java:logGet(46)) - raft.server.data-stream.async.request.thread.pool.cached = false (default)
2023-05-23 10:25:47,621 [Listener at 127.0.0.1/15100] INFO  server.RaftServerConfigKeys (ConfUtils.java:logGet(46)) - raft.server.data-stream.async.request.thread.pool.size = 20 (custom)
2023-05-23 10:25:47,621 [Listener at 127.0.0.1/15100] INFO  server.RaftServerConfigKeys (ConfUtils.java:logGet(46)) - raft.server.data-stream.async.write.thread.pool.size = 16 (default)
2023-05-23 10:25:47,621 [Listener at 127.0.0.1/15100] INFO  server.RaftServerConfigKeys (ConfUtils.java:logGet(46)) - raft.server.data-stream.client.pool.size = 10 (default)
2023-05-23 10:25:47,621 [Listener at 127.0.0.1/15100] INFO  netty.NettyConfigKeys$DataStream (ConfUtils.java:logGet(46)) - raft.netty.dataStream.server.use-epoll = false (default)
2023-05-23 10:25:47,621 [Listener at 127.0.0.1/15100] INFO  netty.NettyConfigKeys$DataStream (ConfUtils.java:logGet(46)) - raft.netty.dataStream.server.boss-group.size = 0 (default)
2023-05-23 10:25:47,622 [Listener at 127.0.0.1/15100] INFO  netty.NettyConfigKeys$DataStream (ConfUtils.java:logGet(46)) - raft.netty.dataStream.server.worker-group.size = 0 (default)
2023-05-23 10:25:47,622 [Listener at 127.0.0.1/15100] INFO  netty.NettyConfigKeys$DataStream (ConfUtils.java:logGet(46)) - raft.netty.dataStream.server.tls.conf = null (default)
2023-05-23 10:25:47,622 [Listener at 127.0.0.1/15100] INFO  netty.NettyConfigKeys$DataStream (ConfUtils.java:logGet(46)) - raft.netty.dataStream.host = null (default)
2023-05-23 10:25:47,622 [Listener at 127.0.0.1/15100] INFO  netty.NettyConfigKeys$DataStream (ConfUtils.java:logGet(46)) - raft.netty.dataStream.port = 15126 (custom)
2023-05-23 10:25:47,622 [Listener at 127.0.0.1/15100] INFO  server.RaftServerConfigKeys (ConfUtils.java:logGet(46)) - raft.server.threadpool.proxy.cached = true (default)
2023-05-23 10:25:47,623 [Listener at 127.0.0.1/15100] INFO  server.RaftServerConfigKeys (ConfUtils.java:logGet(46)) - raft.server.threadpool.proxy.size = 0 (default)
2023-05-23 10:25:47,623 [Listener at 127.0.0.1/15100] INFO  server.RaftServerConfigKeys (ConfUtils.java:logGet(46)) - raft.server.rpc.slowness.timeout = 300s (custom)
2023-05-23 10:25:47,623 [c8934a7e-3164-45c1-bd4f-8a83062f2a8f-NettyServerStreamRpc-bossGroup--thread1] INFO  logging.LoggingHandler (AbstractInternalLogger.java:log(148)) - [id: 0x827681a7] REGISTERED
2023-05-23 10:25:47,623 [Listener at 127.0.0.1/15100] INFO  server.RaftServerConfigKeys (ConfUtils.java:logGet(46)) - raft.server.leaderelection.leader.step-down.wait-time = 10s (default)
2023-05-23 10:25:47,623 [c8934a7e-3164-45c1-bd4f-8a83062f2a8f-NettyServerStreamRpc-bossGroup--thread1] INFO  logging.LoggingHandler (AbstractInternalLogger.java:log(148)) - [id: 0x827681a7] BIND: 0.0.0.0/0.0.0.0:15126
2023-05-23 10:25:47,623 [Listener at 127.0.0.1/15100] INFO  server.RaftServerConfigKeys (ConfUtils.java:logGet(46)) - raft.server.storage.dir = [/home/runner/work/ozone/ozone/hadoop-ozone/integration-test/target/test-dir/MiniOzoneClusterImpl-bbf8790f-824b-49ae-85c2-11c1b792a20d/datanode-2/data/ratis] (custom)
2023-05-23 10:25:47,624 [c8934a7e-3164-45c1-bd4f-8a83062f2a8f-NettyServerStreamRpc-bossGroup--thread1] INFO  logging.LoggingHandler (AbstractInternalLogger.java:log(148)) - [id: 0x827681a7, L:/0:0:0:0:0:0:0:0:15126] ACTIVE
2023-05-23 10:25:47,624 [Listener at 127.0.0.1/15100] INFO  server.XceiverServerGrpc (XceiverServerGrpc.java:<init>(132)) - GrpcServer channel type EpollServerSocketChannel
2023-05-23 10:25:47,626 [Listener at 127.0.0.1/15100] INFO  replication.ReplicationSupervisor (ReplicationSupervisor.java:nodeStateUpdated(296)) - Node state updated to IN_SERVICE, scaling executor pool size to 10
2023-05-23 10:25:47,630 [Listener at 127.0.0.1/15100] INFO  http.BaseHttpServer (BaseHttpServer.java:newHttpServer2BuilderForOzone(224)) - Starting Web-server for hddsDatanode at: http://0.0.0.0:15121
2023-05-23 10:25:47,630 [Listener at 127.0.0.1/15100] INFO  http.BaseHttpServer (BaseHttpServer.java:<init>(111)) - Hadoop Security Enabled: false Ozone Security Enabled: false Ozone HTTP Security Enabled: false 
2023-05-23 10:25:47,631 [Listener at 127.0.0.1/15100] WARN  server.AuthenticationFilter (AuthenticationFilter.java:constructSecretProvider(240)) - Unable to initialize FileSignerSecretProvider, falling back to use random secrets. Reason: Could not read signature secret file: /home/runner/hadoop-http-auth-signature-secret
2023-05-23 10:25:47,631 [Listener at 127.0.0.1/15100] INFO  http.HttpRequestLog (HttpRequestLog.java:getRequestLog(86)) - Http request log for http.requests.hddsDatanode is not defined
2023-05-23 10:25:47,632 [Listener at 127.0.0.1/15100] INFO  http.HttpServer2 (HttpServer2.java:addGlobalFilter(1031)) - Added global filter 'safety' (class=org.apache.hadoop.hdds.server.http.HttpServer2$QuotingInputFilter)
2023-05-23 10:25:47,633 [Listener at 127.0.0.1/15100] INFO  http.HttpServer2 (HttpServer2.java:addFilter(1007)) - Added filter static_user_filter (class=org.apache.hadoop.http.lib.StaticUserWebFilter$StaticUserFilter) to context hddsDatanode
2023-05-23 10:25:47,633 [Listener at 127.0.0.1/15100] INFO  http.HttpServer2 (HttpServer2.java:addFilter(1015)) - Added filter static_user_filter (class=org.apache.hadoop.http.lib.StaticUserWebFilter$StaticUserFilter) to context logs
2023-05-23 10:25:47,633 [Listener at 127.0.0.1/15100] INFO  http.HttpServer2 (HttpServer2.java:addFilter(1015)) - Added filter static_user_filter (class=org.apache.hadoop.http.lib.StaticUserWebFilter$StaticUserFilter) to context static
2023-05-23 10:25:47,634 [Listener at 127.0.0.1/15100] INFO  http.BaseHttpServer (BaseHttpServer.java:<init>(190)) - HTTP server of hddsDatanode uses base directory /home/runner/work/ozone/ozone/hadoop-ozone/integration-test/target/test-dir/MiniOzoneClusterImpl-bbf8790f-824b-49ae-85c2-11c1b792a20d/datanode-2/meta/webserver
2023-05-23 10:25:47,634 [Listener at 127.0.0.1/15100] INFO  http.HttpServer2 (HttpServer2.java:bindListener(1250)) - Jetty bound to port 15121
2023-05-23 10:25:47,634 [Listener at 127.0.0.1/15100] INFO  server.Server (Server.java:doStart(375)) - jetty-9.4.51.v20230217; built: 2023-02-17T08:19:37.309Z; git: b45c405e4544384de066f814ed42ae3dceacdd49; jvm 1.8.0_362-b09
2023-05-23 10:25:47,636 [Listener at 127.0.0.1/15100] INFO  server.session (DefaultSessionIdManager.java:doStart(334)) - DefaultSessionIdManager workerName=node0
2023-05-23 10:25:47,636 [Listener at 127.0.0.1/15100] INFO  server.session (DefaultSessionIdManager.java:doStart(339)) - No SessionScavenger set, using defaults
2023-05-23 10:25:47,637 [Listener at 127.0.0.1/15100] INFO  server.session (HouseKeeper.java:startScavenging(132)) - node0 Scavenging every 600000ms
2023-05-23 10:25:47,637 [Listener at 127.0.0.1/15100] INFO  handler.ContextHandler (ContextHandler.java:doStart(921)) - Started o.e.j.s.ServletContextHandler@2bcfefa0{logs,/logs,file:///home/runner/work/ozone/ozone/hadoop-ozone/integration-test/target/log,AVAILABLE}
2023-05-23 10:25:47,638 [Listener at 127.0.0.1/15100] INFO  handler.ContextHandler (ContextHandler.java:doStart(921)) - Started o.e.j.s.ServletContextHandler@2300f77f{static,/static,jar:file:/home/runner/.m2/repository/org/apache/ozone/hdds-container-service/1.4.0-SNAPSHOT/hdds-container-service-1.4.0-SNAPSHOT.jar!/webapps/static,AVAILABLE}
2023-05-23 10:25:47,749 [ReplicationMonitor] INFO  replication.ReplicationManager (ReplicationManager.java:processAll(375)) - Replication Manager is not ready to run until 3000ms after safemode exit
2023-05-23 10:25:47,861 [om1@group-C5BA1605619E-FollowerState] INFO  impl.FollowerState (FollowerState.java:run(143)) - om1@group-C5BA1605619E-FollowerState: change to CANDIDATE, lastRpcElapsedTime:1075306108ns, electionTimeout:1074ms
2023-05-23 10:25:47,861 [om1@group-C5BA1605619E-FollowerState] INFO  impl.RoleInfo (RoleInfo.java:shutdownFollowerState(110)) - om1: shutdown om1@group-C5BA1605619E-FollowerState
2023-05-23 10:25:47,861 [om1@group-C5BA1605619E-FollowerState] INFO  server.RaftServer$Division (RaftServerImpl.java:setRole(329)) - om1@group-C5BA1605619E: changes role from  FOLLOWER to CANDIDATE at term 0 for changeToCandidate
2023-05-23 10:25:47,861 [om1@group-C5BA1605619E-FollowerState] INFO  server.RaftServerConfigKeys (ConfUtils.java:logGet(46)) - raft.server.leaderelection.pre-vote = true (default)
2023-05-23 10:25:47,861 [om1@group-C5BA1605619E-FollowerState] INFO  impl.RoleInfo (RoleInfo.java:updateAndGet(139)) - om1: start om1@group-C5BA1605619E-LeaderElection23
2023-05-23 10:25:47,864 [om1@group-C5BA1605619E-LeaderElection23] INFO  impl.LeaderElection (LeaderElection.java:askForVotes(321)) - om1@group-C5BA1605619E-LeaderElection23 PRE_VOTE round 0: submit vote requests at term 0 for -1: peers:[om1|rpc:localhost:15103|priority:0|startupRole:FOLLOWER]|listeners:[], old=null
2023-05-23 10:25:47,864 [om1@group-C5BA1605619E-LeaderElection23] INFO  impl.LeaderElection (LeaderElection.java:askForVotes(323)) - om1@group-C5BA1605619E-LeaderElection23 PRE_VOTE round 0: result PASSED (term=0)
2023-05-23 10:25:47,866 [om1@group-C5BA1605619E-LeaderElection23] INFO  impl.LeaderElection (LeaderElection.java:askForVotes(321)) - om1@group-C5BA1605619E-LeaderElection23 ELECTION round 0: submit vote requests at term 1 for -1: peers:[om1|rpc:localhost:15103|priority:0|startupRole:FOLLOWER]|listeners:[], old=null
2023-05-23 10:25:47,866 [om1@group-C5BA1605619E-LeaderElection23] INFO  impl.LeaderElection (LeaderElection.java:askForVotes(323)) - om1@group-C5BA1605619E-LeaderElection23 ELECTION round 0: result PASSED (term=1)
2023-05-23 10:25:47,866 [om1@group-C5BA1605619E-LeaderElection23] INFO  impl.RoleInfo (RoleInfo.java:shutdownLeaderElection(130)) - om1: shutdown om1@group-C5BA1605619E-LeaderElection23
2023-05-23 10:25:47,867 [om1@group-C5BA1605619E-LeaderElection23] INFO  server.RaftServer$Division (RaftServerImpl.java:setRole(329)) - om1@group-C5BA1605619E: changes role from CANDIDATE to LEADER at term 1 for changeToLeader
2023-05-23 10:25:47,867 [om1@group-C5BA1605619E-LeaderElection23] INFO  server.RaftServer$Division (ServerState.java:setLeader(317)) - om1@group-C5BA1605619E: change Leader from null to om1 at term 1 for becomeLeader, leader elected after 1615ms
2023-05-23 10:25:47,867 [om1@group-C5BA1605619E-LeaderElection23] INFO  server.RaftServerConfigKeys (ConfUtils.java:logGet(46)) - raft.server.staging.catchup.gap = 1000 (default)
2023-05-23 10:25:47,867 [om1@group-C5BA1605619E-LeaderElection23] INFO  server.RaftServerConfigKeys (ConfUtils.java:logGet(46)) - raft.server.write.element-limit = 4096 (default)
2023-05-23 10:25:47,867 [om1@group-C5BA1605619E-LeaderElection23] INFO  server.RaftServerConfigKeys (ConfUtils.java:logGet(46)) - raft.server.write.byte-limit = 64MB (=67108864) (default)
2023-05-23 10:25:47,867 [om1@group-C5BA1605619E-LeaderElection23] INFO  server.RaftServerConfigKeys (ConfUtils.java:logGet(46)) - raft.server.watch.timeout = 10s (default)
2023-05-23 10:25:47,868 [om1@group-C5BA1605619E-LeaderElection23] INFO  server.RaftServerConfigKeys (ConfUtils.java:logGet(46)) - raft.server.watch.timeout.denomination = 1s (default)
2023-05-23 10:25:47,868 [om1@group-C5BA1605619E-LeaderElection23] INFO  server.RaftServerConfigKeys (ConfUtils.java:logGet(46)) - raft.server.watch.element-limit = 65536 (default)
2023-05-23 10:25:47,868 [om1@group-C5BA1605619E-LeaderElection23] INFO  server.RaftServerConfigKeys (ConfUtils.java:logGet(46)) - raft.server.write.element-limit = 4096 (default)
2023-05-23 10:25:47,868 [om1@group-C5BA1605619E-LeaderElection23] INFO  server.RaftServerConfigKeys (ConfUtils.java:logGet(46)) - raft.server.write.follower.gap.ratio.max = -1.0 (default)
2023-05-23 10:25:47,868 [om1@group-C5BA1605619E-LeaderElection23] INFO  impl.RoleInfo (RoleInfo.java:updateAndGet(139)) - om1: start om1@group-C5BA1605619E-LeaderStateImpl
2023-05-23 10:25:47,868 [om1@group-C5BA1605619E-LeaderElection23] INFO  segmented.SegmentedRaftLogWorker (SegmentedRaftLogWorker.java:startLogSegment(447)) - om1@group-C5BA1605619E-SegmentedRaftLogWorker: Starting segment from index:0
2023-05-23 10:25:47,875 [om1@group-C5BA1605619E-LeaderElection23] INFO  server.RaftServer$Division (ServerState.java:setRaftConf(434)) - om1@group-C5BA1605619E: set configuration 0: peers:[om1|rpc:localhost:15103|admin:|client:|dataStream:|priority:0|startupRole:FOLLOWER]|listeners:[], old=null
2023-05-23 10:25:47,878 [Listener at 127.0.0.1/15100] INFO  handler.ContextHandler (ContextHandler.java:doStart(921)) - Started o.e.j.w.WebAppContext@7db9d99{hddsDatanode,/,file:///home/runner/work/ozone/ozone/hadoop-ozone/integration-test/target/test-dir/MiniOzoneClusterImpl-bbf8790f-824b-49ae-85c2-11c1b792a20d/datanode-2/meta/webserver/jetty-0_0_0_0-15121-hdds-container-service-1_4_0-SNAPSHOT_jar-_-any-6297771706252869468/webapp/,AVAILABLE}{jar:file:/home/runner/.m2/repository/org/apache/ozone/hdds-container-service/1.4.0-SNAPSHOT/hdds-container-service-1.4.0-SNAPSHOT.jar!/webapps/hddsDatanode}
2023-05-23 10:25:47,879 [Listener at 127.0.0.1/15100] INFO  server.AbstractConnector (AbstractConnector.java:doStart(333)) - Started ServerConnector@4d7dec6e{HTTP/1.1, (http/1.1)}{0.0.0.0:15121}
2023-05-23 10:25:47,879 [Listener at 127.0.0.1/15100] INFO  server.Server (Server.java:doStart(415)) - Started @80931ms
2023-05-23 10:25:47,879 [Listener at 127.0.0.1/15100] WARN  impl.MetricsSystemImpl (MetricsSystemImpl.java:register(279)) - Sink prometheus already exists!
2023-05-23 10:25:47,880 [om1@group-C5BA1605619E-SegmentedRaftLogWorker] INFO  segmented.SegmentedRaftLogWorker (SegmentedRaftLogWorker.java:execute(651)) - om1@group-C5BA1605619E-SegmentedRaftLogWorker: created new log segment /home/runner/work/ozone/ozone/hadoop-ozone/integration-test/target/test-dir/MiniOzoneClusterImpl-bbf8790f-824b-49ae-85c2-11c1b792a20d/ozone-meta/ratis/bf265839-605b-3f16-9796-c5ba1605619e/current/log_inprogress_0
2023-05-23 10:25:47,880 [Listener at 127.0.0.1/15100] INFO  http.BaseHttpServer (BaseHttpServer.java:updateConnectorAddress(344)) - HTTP server of hddsDatanode listening at http://0.0.0.0:15121
2023-05-23 10:25:47,881 [Listener at 127.0.0.1/15100] WARN  impl.MetricRegistriesImpl (MetricRegistriesImpl.java:addReporterRegistration(111)) - New reporters are added after registries were created. Some metrics will be missing from the reporter. Please add reporter before adding any new registry.
2023-05-23 10:25:47,881 [Listener at 127.0.0.1/15100] WARN  impl.MetricRegistriesImpl (MetricRegistriesImpl.java:addReporterRegistration(111)) - New reporters are added after registries were created. Some metrics will be missing from the reporter. Please add reporter before adding any new registry.
2023-05-23 10:25:47,881 [om1@group-C5BA1605619E-StateMachineUpdater] INFO  ratis.OzoneManagerStateMachine (OzoneManagerStateMachine.java:notifyConfigurationChanged(201)) - Received Configuration change notification from Ratis. New Peer list:
[id: "om1"
address: "localhost:15103"
startupRole: FOLLOWER
]
2023-05-23 10:25:47,881 [Listener at 127.0.0.1/15100] INFO  impl.MetricsSystemImpl (MetricsSystemImpl.java:init(158)) - HddsDatanode metrics system started (again)
2023-05-23 10:25:47,885 [Datanode State Machine Daemon Thread] INFO  statemachine.DatanodeStateMachine (DatanodeStateMachine.java:lambda$startDaemon$0(524)) - Ozone container server started.
2023-05-23 10:25:47,896 [Listener at 127.0.0.1/15100] INFO  ozone.HddsDatanodeService (HddsDatanodeService.java:start(252)) - HddsDatanodeService host:fv-az1249-304 ip:10.1.0.38
2023-05-23 10:25:47,898 [org.apache.hadoop.util.JvmPauseMonitor$Monitor@7001117] INFO  util.JvmPauseMonitor (JvmPauseMonitor.java:run(188)) - Starting JVM pause monitor
2023-05-23 10:25:47,906 [Datanode State Machine Task Thread - 0] INFO  datanode.InitDatanodeState (InitDatanodeState.java:persistContainerDatanodeDetails(138)) - DatanodeDetails is persisted to /home/runner/work/ozone/ozone/hadoop-ozone/integration-test/target/test-dir/MiniOzoneClusterImpl-bbf8790f-824b-49ae-85c2-11c1b792a20d/datanode-2/meta/datanode.id
2023-05-23 10:25:47,926 [Listener at 127.0.0.1/15100] INFO  upgrade.AbstractLayoutVersionManager (AbstractLayoutVersionManager.java:init(83)) - Initializing Layout version manager with metadata layout = WEBUI_PORTS_IN_DATANODEDETAILS (version = 6), software layout = WEBUI_PORTS_IN_DATANODEDETAILS (version = 6)
2023-05-23 10:25:47,926 [Listener at 127.0.0.1/15100] INFO  statemachine.DatanodeStateMachine (DatanodeStateMachine.java:getEndPointTaskThreadPoolSize(267)) - Datanode State Machine Task Thread Pool size 2
2023-05-23 10:25:47,930 [Listener at 127.0.0.1/15100] INFO  volume.HddsVolume (HddsVolume.java:<init>(130)) - Creating HddsVolume: /home/runner/work/ozone/ozone/hadoop-ozone/integration-test/target/test-dir/MiniOzoneClusterImpl-bbf8790f-824b-49ae-85c2-11c1b792a20d/datanode-3/data-0/containers/hdds of storage type : DISK capacity : 9223372036854775807
2023-05-23 10:25:47,930 [Listener at 127.0.0.1/15100] INFO  volume.MutableVolumeSet (MutableVolumeSet.java:initializeVolumeSet(175)) - Added Volume : /home/runner/work/ozone/ozone/hadoop-ozone/integration-test/target/test-dir/MiniOzoneClusterImpl-bbf8790f-824b-49ae-85c2-11c1b792a20d/datanode-3/data-0/containers/hdds to VolumeSet
2023-05-23 10:25:47,930 [Listener at 127.0.0.1/15100] INFO  volume.ThrottledAsyncChecker (ThrottledAsyncChecker.java:schedule(141)) - Scheduling a check for /home/runner/work/ozone/ozone/hadoop-ozone/integration-test/target/test-dir/MiniOzoneClusterImpl-bbf8790f-824b-49ae-85c2-11c1b792a20d/datanode-3/data-0/containers/hdds
2023-05-23 10:25:47,932 [Listener at 127.0.0.1/15100] INFO  volume.StorageVolumeChecker (StorageVolumeChecker.java:checkAllVolumes(202)) - Scheduled health check for volume /home/runner/work/ozone/ozone/hadoop-ozone/integration-test/target/test-dir/MiniOzoneClusterImpl-bbf8790f-824b-49ae-85c2-11c1b792a20d/datanode-3/data-0/containers/hdds
2023-05-23 10:25:47,944 [Listener at 127.0.0.1/15100] INFO  volume.MutableVolumeSet (MutableVolumeSet.java:initializeVolumeSet(175)) - Added Volume : /home/runner/work/ozone/ozone/hadoop-ozone/integration-test/target/test-dir/MiniOzoneClusterImpl-bbf8790f-824b-49ae-85c2-11c1b792a20d/datanode-3/data/ratis to VolumeSet
2023-05-23 10:25:47,944 [Listener at 127.0.0.1/15100] INFO  volume.ThrottledAsyncChecker (ThrottledAsyncChecker.java:schedule(141)) - Scheduling a check for /home/runner/work/ozone/ozone/hadoop-ozone/integration-test/target/test-dir/MiniOzoneClusterImpl-bbf8790f-824b-49ae-85c2-11c1b792a20d/datanode-3/data/ratis
2023-05-23 10:25:47,944 [Listener at 127.0.0.1/15100] INFO  volume.StorageVolumeChecker (StorageVolumeChecker.java:checkAllVolumes(202)) - Scheduled health check for volume /home/runner/work/ozone/ozone/hadoop-ozone/integration-test/target/test-dir/MiniOzoneClusterImpl-bbf8790f-824b-49ae-85c2-11c1b792a20d/datanode-3/data/ratis
2023-05-23 10:25:47,955 [Thread-1330] INFO  ozoneimpl.ContainerReader (ContainerReader.java:readVolume(175)) - Finish verifying containers on volume /home/runner/work/ozone/ozone/hadoop-ozone/integration-test/target/test-dir/MiniOzoneClusterImpl-bbf8790f-824b-49ae-85c2-11c1b792a20d/datanode-3/data-0/containers/hdds
2023-05-23 10:25:47,956 [Listener at 127.0.0.1/15100] INFO  ozoneimpl.OzoneContainer (OzoneContainer.java:buildContainerSet(303)) - Build ContainerSet costs 0s
2023-05-23 10:25:47,959 [Listener at 127.0.0.1/15100] INFO  server.RaftServer (ConfUtils.java:logGet(46)) - raft.rpc.type = GRPC (default)
2023-05-23 10:25:47,959 [Listener at 127.0.0.1/15100] INFO  grpc.GrpcConfigKeys (ConfUtils.java:logFallback(53)) - raft.grpc.admin.host = null (fallback to raft.grpc.server.host)
2023-05-23 10:25:47,959 [Listener at 127.0.0.1/15100] INFO  grpc.GrpcConfigKeys (ConfUtils.java:logGet(46)) - raft.grpc.admin.port = 15132 (custom)
2023-05-23 10:25:47,959 [Listener at 127.0.0.1/15100] INFO  grpc.GrpcConfigKeys (ConfUtils.java:logFallback(53)) - raft.grpc.client.host = null (fallback to raft.grpc.server.host)
2023-05-23 10:25:47,959 [Listener at 127.0.0.1/15100] INFO  grpc.GrpcConfigKeys (ConfUtils.java:logGet(46)) - raft.grpc.client.port = 15131 (custom)
2023-05-23 10:25:47,959 [Listener at 127.0.0.1/15100] INFO  grpc.GrpcConfigKeys (ConfUtils.java:logGet(46)) - raft.grpc.server.host = null (default)
2023-05-23 10:25:47,959 [Listener at 127.0.0.1/15100] INFO  grpc.GrpcConfigKeys (ConfUtils.java:logGet(46)) - raft.grpc.server.port = 15133 (custom)
2023-05-23 10:25:47,960 [Listener at 127.0.0.1/15100] INFO  server.GrpcService (ConfUtils.java:logGet(46)) - raft.grpc.message.size.max = 32MB (=33554432) (custom)
2023-05-23 10:25:47,960 [Listener at 127.0.0.1/15100] INFO  server.RaftServerConfigKeys (ConfUtils.java:logGet(46)) - raft.server.log.appender.buffer.byte-limit = 33554432 (custom)
2023-05-23 10:25:47,960 [Listener at 127.0.0.1/15100] INFO  server.GrpcService (ConfUtils.java:logGet(46)) - raft.grpc.flow.control.window = 5MB (=5242880) (custom)
2023-05-23 10:25:47,960 [Listener at 127.0.0.1/15100] INFO  server.RaftServerConfigKeys (ConfUtils.java:logGet(46)) - raft.server.rpc.request.timeout = 60s (custom)
2023-05-23 10:25:47,960 [Listener at 127.0.0.1/15100] INFO  grpc.GrpcConfigKeys (ConfUtils.java:logGet(46)) - raft.grpc.server.heartbeat.channel = true (default)
2023-05-23 10:25:47,960 [Listener at 127.0.0.1/15100] INFO  grpc.GrpcConfigKeys (ConfUtils.java:logGet(46)) - raft.grpc.server.async.request.thread.pool.cached = true (default)
2023-05-23 10:25:47,960 [Listener at 127.0.0.1/15100] INFO  grpc.GrpcConfigKeys (ConfUtils.java:logGet(46)) - raft.grpc.server.async.request.thread.pool.size = 32 (default)
2023-05-23 10:25:47,963 [Listener at 127.0.0.1/15100] INFO  impl.DataStreamServerImpl (ConfUtils.java:logGet(46)) - raft.datastream.type = NETTY (custom)
2023-05-23 10:25:47,963 [Listener at 127.0.0.1/15100] INFO  server.RaftServerConfigKeys (ConfUtils.java:logGet(46)) - raft.server.data-stream.async.request.thread.pool.cached = false (default)
2023-05-23 10:25:47,963 [Listener at 127.0.0.1/15100] INFO  server.RaftServerConfigKeys (ConfUtils.java:logGet(46)) - raft.server.data-stream.async.request.thread.pool.size = 20 (custom)
2023-05-23 10:25:47,963 [Listener at 127.0.0.1/15100] INFO  server.RaftServerConfigKeys (ConfUtils.java:logGet(46)) - raft.server.data-stream.async.write.thread.pool.size = 16 (default)
2023-05-23 10:25:47,963 [Listener at 127.0.0.1/15100] INFO  server.RaftServerConfigKeys (ConfUtils.java:logGet(46)) - raft.server.data-stream.client.pool.size = 10 (default)
2023-05-23 10:25:47,963 [Listener at 127.0.0.1/15100] INFO  netty.NettyConfigKeys$DataStream (ConfUtils.java:logGet(46)) - raft.netty.dataStream.server.use-epoll = false (default)
2023-05-23 10:25:47,963 [Listener at 127.0.0.1/15100] INFO  netty.NettyConfigKeys$DataStream (ConfUtils.java:logGet(46)) - raft.netty.dataStream.server.boss-group.size = 0 (default)
2023-05-23 10:25:47,964 [Listener at 127.0.0.1/15100] INFO  netty.NettyConfigKeys$DataStream (ConfUtils.java:logGet(46)) - raft.netty.dataStream.server.worker-group.size = 0 (default)
2023-05-23 10:25:47,965 [Listener at 127.0.0.1/15100] INFO  netty.NettyConfigKeys$DataStream (ConfUtils.java:logGet(46)) - raft.netty.dataStream.server.tls.conf = null (default)
2023-05-23 10:25:47,965 [Listener at 127.0.0.1/15100] INFO  netty.NettyConfigKeys$DataStream (ConfUtils.java:logGet(46)) - raft.netty.dataStream.host = null (default)
2023-05-23 10:25:47,965 [Listener at 127.0.0.1/15100] INFO  netty.NettyConfigKeys$DataStream (ConfUtils.java:logGet(46)) - raft.netty.dataStream.port = 15134 (custom)
2023-05-23 10:25:47,965 [Listener at 127.0.0.1/15100] INFO  server.RaftServerConfigKeys (ConfUtils.java:logGet(46)) - raft.server.threadpool.proxy.cached = true (default)
2023-05-23 10:25:47,966 [Listener at 127.0.0.1/15100] INFO  server.RaftServerConfigKeys (ConfUtils.java:logGet(46)) - raft.server.threadpool.proxy.size = 0 (default)
2023-05-23 10:25:47,966 [Listener at 127.0.0.1/15100] INFO  server.RaftServerConfigKeys (ConfUtils.java:logGet(46)) - raft.server.rpc.slowness.timeout = 300s (custom)
2023-05-23 10:25:47,966 [Listener at 127.0.0.1/15100] INFO  server.RaftServerConfigKeys (ConfUtils.java:logGet(46)) - raft.server.leaderelection.leader.step-down.wait-time = 10s (default)
2023-05-23 10:25:47,966 [6e950c4a-83fa-42eb-b7f3-936364e499ea-NettyServerStreamRpc-bossGroup--thread1] INFO  logging.LoggingHandler (AbstractInternalLogger.java:log(148)) - [id: 0x51e0768b] REGISTERED
2023-05-23 10:25:47,966 [Listener at 127.0.0.1/15100] INFO  server.RaftServerConfigKeys (ConfUtils.java:logGet(46)) - raft.server.storage.dir = [/home/runner/work/ozone/ozone/hadoop-ozone/integration-test/target/test-dir/MiniOzoneClusterImpl-bbf8790f-824b-49ae-85c2-11c1b792a20d/datanode-3/data/ratis] (custom)
2023-05-23 10:25:47,966 [6e950c4a-83fa-42eb-b7f3-936364e499ea-NettyServerStreamRpc-bossGroup--thread1] INFO  logging.LoggingHandler (AbstractInternalLogger.java:log(148)) - [id: 0x51e0768b] BIND: 0.0.0.0/0.0.0.0:15134
2023-05-23 10:25:47,966 [6e950c4a-83fa-42eb-b7f3-936364e499ea-NettyServerStreamRpc-bossGroup--thread1] INFO  logging.LoggingHandler (AbstractInternalLogger.java:log(148)) - [id: 0x51e0768b, L:/0:0:0:0:0:0:0:0:15134] ACTIVE
2023-05-23 10:25:47,968 [Listener at 127.0.0.1/15100] INFO  server.XceiverServerGrpc (XceiverServerGrpc.java:<init>(132)) - GrpcServer channel type EpollServerSocketChannel
2023-05-23 10:25:47,971 [Listener at 127.0.0.1/15100] INFO  replication.ReplicationSupervisor (ReplicationSupervisor.java:nodeStateUpdated(296)) - Node state updated to IN_SERVICE, scaling executor pool size to 10
2023-05-23 10:25:47,974 [Listener at 127.0.0.1/15100] INFO  http.BaseHttpServer (BaseHttpServer.java:newHttpServer2BuilderForOzone(224)) - Starting Web-server for hddsDatanode at: http://0.0.0.0:15129
2023-05-23 10:25:47,974 [Listener at 127.0.0.1/15100] INFO  http.BaseHttpServer (BaseHttpServer.java:<init>(111)) - Hadoop Security Enabled: false Ozone Security Enabled: false Ozone HTTP Security Enabled: false 
2023-05-23 10:25:47,982 [Listener at 127.0.0.1/15100] WARN  server.AuthenticationFilter (AuthenticationFilter.java:constructSecretProvider(240)) - Unable to initialize FileSignerSecretProvider, falling back to use random secrets. Reason: Could not read signature secret file: /home/runner/hadoop-http-auth-signature-secret
2023-05-23 10:25:47,983 [Listener at 127.0.0.1/15100] INFO  http.HttpRequestLog (HttpRequestLog.java:getRequestLog(86)) - Http request log for http.requests.hddsDatanode is not defined
2023-05-23 10:25:47,984 [Listener at 127.0.0.1/15100] INFO  http.HttpServer2 (HttpServer2.java:addGlobalFilter(1031)) - Added global filter 'safety' (class=org.apache.hadoop.hdds.server.http.HttpServer2$QuotingInputFilter)
2023-05-23 10:25:47,984 [Listener at 127.0.0.1/15100] INFO  http.HttpServer2 (HttpServer2.java:addFilter(1007)) - Added filter static_user_filter (class=org.apache.hadoop.http.lib.StaticUserWebFilter$StaticUserFilter) to context hddsDatanode
2023-05-23 10:25:47,984 [Listener at 127.0.0.1/15100] INFO  http.HttpServer2 (HttpServer2.java:addFilter(1015)) - Added filter static_user_filter (class=org.apache.hadoop.http.lib.StaticUserWebFilter$StaticUserFilter) to context static
2023-05-23 10:25:47,984 [Listener at 127.0.0.1/15100] INFO  http.HttpServer2 (HttpServer2.java:addFilter(1015)) - Added filter static_user_filter (class=org.apache.hadoop.http.lib.StaticUserWebFilter$StaticUserFilter) to context logs
2023-05-23 10:25:47,985 [Listener at 127.0.0.1/15100] INFO  http.BaseHttpServer (BaseHttpServer.java:<init>(190)) - HTTP server of hddsDatanode uses base directory /home/runner/work/ozone/ozone/hadoop-ozone/integration-test/target/test-dir/MiniOzoneClusterImpl-bbf8790f-824b-49ae-85c2-11c1b792a20d/datanode-3/meta/webserver
2023-05-23 10:25:47,985 [Listener at 127.0.0.1/15100] INFO  http.HttpServer2 (HttpServer2.java:bindListener(1250)) - Jetty bound to port 15129
2023-05-23 10:25:47,985 [Listener at 127.0.0.1/15100] INFO  server.Server (Server.java:doStart(375)) - jetty-9.4.51.v20230217; built: 2023-02-17T08:19:37.309Z; git: b45c405e4544384de066f814ed42ae3dceacdd49; jvm 1.8.0_362-b09
2023-05-23 10:25:47,987 [Listener at 127.0.0.1/15100] INFO  server.session (DefaultSessionIdManager.java:doStart(334)) - DefaultSessionIdManager workerName=node0
2023-05-23 10:25:47,987 [Listener at 127.0.0.1/15100] INFO  server.session (DefaultSessionIdManager.java:doStart(339)) - No SessionScavenger set, using defaults
2023-05-23 10:25:47,989 [Listener at 127.0.0.1/15100] INFO  server.session (HouseKeeper.java:startScavenging(132)) - node0 Scavenging every 600000ms
2023-05-23 10:25:47,989 [Listener at 127.0.0.1/15100] INFO  handler.ContextHandler (ContextHandler.java:doStart(921)) - Started o.e.j.s.ServletContextHandler@6641858d{logs,/logs,file:///home/runner/work/ozone/ozone/hadoop-ozone/integration-test/target/log,AVAILABLE}
2023-05-23 10:25:47,990 [Listener at 127.0.0.1/15100] INFO  handler.ContextHandler (ContextHandler.java:doStart(921)) - Started o.e.j.s.ServletContextHandler@10cfa185{static,/static,jar:file:/home/runner/.m2/repository/org/apache/ozone/hdds-container-service/1.4.0-SNAPSHOT/hdds-container-service-1.4.0-SNAPSHOT.jar!/webapps/static,AVAILABLE}
2023-05-23 10:25:48,215 [Listener at 127.0.0.1/15100] INFO  handler.ContextHandler (ContextHandler.java:doStart(921)) - Started o.e.j.w.WebAppContext@1e74a17c{hddsDatanode,/,file:///home/runner/work/ozone/ozone/hadoop-ozone/integration-test/target/test-dir/MiniOzoneClusterImpl-bbf8790f-824b-49ae-85c2-11c1b792a20d/datanode-3/meta/webserver/jetty-0_0_0_0-15129-hdds-container-service-1_4_0-SNAPSHOT_jar-_-any-3287495758853968400/webapp/,AVAILABLE}{jar:file:/home/runner/.m2/repository/org/apache/ozone/hdds-container-service/1.4.0-SNAPSHOT/hdds-container-service-1.4.0-SNAPSHOT.jar!/webapps/hddsDatanode}
2023-05-23 10:25:48,219 [Listener at 127.0.0.1/15100] INFO  server.AbstractConnector (AbstractConnector.java:doStart(333)) - Started ServerConnector@42557e1d{HTTP/1.1, (http/1.1)}{0.0.0.0:15129}
2023-05-23 10:25:48,219 [Listener at 127.0.0.1/15100] INFO  server.Server (Server.java:doStart(415)) - Started @81271ms
2023-05-23 10:25:48,219 [Listener at 127.0.0.1/15100] WARN  impl.MetricsSystemImpl (MetricsSystemImpl.java:register(279)) - Sink prometheus already exists!
2023-05-23 10:25:48,220 [Listener at 127.0.0.1/15100] INFO  http.BaseHttpServer (BaseHttpServer.java:updateConnectorAddress(344)) - HTTP server of hddsDatanode listening at http://0.0.0.0:15129
2023-05-23 10:25:48,220 [Datanode State Machine Daemon Thread] INFO  statemachine.DatanodeStateMachine (DatanodeStateMachine.java:lambda$startDaemon$0(524)) - Ozone container server started.
2023-05-23 10:25:48,220 [Listener at 127.0.0.1/15100] WARN  impl.MetricRegistriesImpl (MetricRegistriesImpl.java:addReporterRegistration(111)) - New reporters are added after registries were created. Some metrics will be missing from the reporter. Please add reporter before adding any new registry.
2023-05-23 10:25:48,221 [Listener at 127.0.0.1/15100] WARN  impl.MetricRegistriesImpl (MetricRegistriesImpl.java:addReporterRegistration(111)) - New reporters are added after registries were created. Some metrics will be missing from the reporter. Please add reporter before adding any new registry.
2023-05-23 10:25:48,221 [Listener at 127.0.0.1/15100] INFO  impl.MetricsSystemImpl (MetricsSystemImpl.java:init(158)) - HddsDatanode metrics system started (again)
2023-05-23 10:25:48,235 [Listener at 127.0.0.1/15100] INFO  ozone.HddsDatanodeService (HddsDatanodeService.java:start(252)) - HddsDatanodeService host:fv-az1249-304 ip:10.1.0.38
2023-05-23 10:25:48,236 [org.apache.hadoop.util.JvmPauseMonitor$Monitor@513cdc5a] INFO  util.JvmPauseMonitor (JvmPauseMonitor.java:run(188)) - Starting JVM pause monitor
2023-05-23 10:25:48,238 [Datanode State Machine Task Thread - 0] INFO  datanode.InitDatanodeState (InitDatanodeState.java:persistContainerDatanodeDetails(138)) - DatanodeDetails is persisted to /home/runner/work/ozone/ozone/hadoop-ozone/integration-test/target/test-dir/MiniOzoneClusterImpl-bbf8790f-824b-49ae-85c2-11c1b792a20d/datanode-3/meta/datanode.id
2023-05-23 10:25:48,263 [Listener at 127.0.0.1/15100] INFO  upgrade.AbstractLayoutVersionManager (AbstractLayoutVersionManager.java:init(83)) - Initializing Layout version manager with metadata layout = WEBUI_PORTS_IN_DATANODEDETAILS (version = 6), software layout = WEBUI_PORTS_IN_DATANODEDETAILS (version = 6)
2023-05-23 10:25:48,263 [Listener at 127.0.0.1/15100] INFO  statemachine.DatanodeStateMachine (DatanodeStateMachine.java:getEndPointTaskThreadPoolSize(267)) - Datanode State Machine Task Thread Pool size 2
2023-05-23 10:25:48,265 [Listener at 127.0.0.1/15100] INFO  volume.HddsVolume (HddsVolume.java:<init>(130)) - Creating HddsVolume: /home/runner/work/ozone/ozone/hadoop-ozone/integration-test/target/test-dir/MiniOzoneClusterImpl-bbf8790f-824b-49ae-85c2-11c1b792a20d/datanode-4/data-0/containers/hdds of storage type : DISK capacity : 9223372036854775807
2023-05-23 10:25:48,268 [Listener at 127.0.0.1/15100] INFO  volume.MutableVolumeSet (MutableVolumeSet.java:initializeVolumeSet(175)) - Added Volume : /home/runner/work/ozone/ozone/hadoop-ozone/integration-test/target/test-dir/MiniOzoneClusterImpl-bbf8790f-824b-49ae-85c2-11c1b792a20d/datanode-4/data-0/containers/hdds to VolumeSet
2023-05-23 10:25:48,268 [Listener at 127.0.0.1/15100] INFO  volume.ThrottledAsyncChecker (ThrottledAsyncChecker.java:schedule(141)) - Scheduling a check for /home/runner/work/ozone/ozone/hadoop-ozone/integration-test/target/test-dir/MiniOzoneClusterImpl-bbf8790f-824b-49ae-85c2-11c1b792a20d/datanode-4/data-0/containers/hdds
2023-05-23 10:25:48,268 [Listener at 127.0.0.1/15100] INFO  volume.StorageVolumeChecker (StorageVolumeChecker.java:checkAllVolumes(202)) - Scheduled health check for volume /home/runner/work/ozone/ozone/hadoop-ozone/integration-test/target/test-dir/MiniOzoneClusterImpl-bbf8790f-824b-49ae-85c2-11c1b792a20d/datanode-4/data-0/containers/hdds
2023-05-23 10:25:48,282 [Listener at 127.0.0.1/15100] INFO  volume.MutableVolumeSet (MutableVolumeSet.java:initializeVolumeSet(175)) - Added Volume : /home/runner/work/ozone/ozone/hadoop-ozone/integration-test/target/test-dir/MiniOzoneClusterImpl-bbf8790f-824b-49ae-85c2-11c1b792a20d/datanode-4/data/ratis to VolumeSet
2023-05-23 10:25:48,282 [Listener at 127.0.0.1/15100] INFO  volume.ThrottledAsyncChecker (ThrottledAsyncChecker.java:schedule(141)) - Scheduling a check for /home/runner/work/ozone/ozone/hadoop-ozone/integration-test/target/test-dir/MiniOzoneClusterImpl-bbf8790f-824b-49ae-85c2-11c1b792a20d/datanode-4/data/ratis
2023-05-23 10:25:48,282 [Listener at 127.0.0.1/15100] INFO  volume.StorageVolumeChecker (StorageVolumeChecker.java:checkAllVolumes(202)) - Scheduled health check for volume /home/runner/work/ozone/ozone/hadoop-ozone/integration-test/target/test-dir/MiniOzoneClusterImpl-bbf8790f-824b-49ae-85c2-11c1b792a20d/datanode-4/data/ratis
2023-05-23 10:25:48,295 [Thread-1344] INFO  ozoneimpl.ContainerReader (ContainerReader.java:readVolume(175)) - Finish verifying containers on volume /home/runner/work/ozone/ozone/hadoop-ozone/integration-test/target/test-dir/MiniOzoneClusterImpl-bbf8790f-824b-49ae-85c2-11c1b792a20d/datanode-4/data-0/containers/hdds
2023-05-23 10:25:48,295 [Listener at 127.0.0.1/15100] INFO  ozoneimpl.OzoneContainer (OzoneContainer.java:buildContainerSet(303)) - Build ContainerSet costs 0s
2023-05-23 10:25:48,298 [Listener at 127.0.0.1/15100] INFO  server.RaftServer (ConfUtils.java:logGet(46)) - raft.rpc.type = GRPC (default)
2023-05-23 10:25:48,298 [Listener at 127.0.0.1/15100] INFO  grpc.GrpcConfigKeys (ConfUtils.java:logFallback(53)) - raft.grpc.admin.host = null (fallback to raft.grpc.server.host)
2023-05-23 10:25:48,298 [Listener at 127.0.0.1/15100] INFO  grpc.GrpcConfigKeys (ConfUtils.java:logGet(46)) - raft.grpc.admin.port = 15140 (custom)
2023-05-23 10:25:48,298 [Listener at 127.0.0.1/15100] INFO  grpc.GrpcConfigKeys (ConfUtils.java:logFallback(53)) - raft.grpc.client.host = null (fallback to raft.grpc.server.host)
2023-05-23 10:25:48,298 [Listener at 127.0.0.1/15100] INFO  grpc.GrpcConfigKeys (ConfUtils.java:logGet(46)) - raft.grpc.client.port = 15139 (custom)
2023-05-23 10:25:48,298 [Listener at 127.0.0.1/15100] INFO  grpc.GrpcConfigKeys (ConfUtils.java:logGet(46)) - raft.grpc.server.host = null (default)
2023-05-23 10:25:48,298 [Listener at 127.0.0.1/15100] INFO  grpc.GrpcConfigKeys (ConfUtils.java:logGet(46)) - raft.grpc.server.port = 15141 (custom)
2023-05-23 10:25:48,299 [Listener at 127.0.0.1/15100] INFO  server.GrpcService (ConfUtils.java:logGet(46)) - raft.grpc.message.size.max = 32MB (=33554432) (custom)
2023-05-23 10:25:48,299 [Listener at 127.0.0.1/15100] INFO  server.RaftServerConfigKeys (ConfUtils.java:logGet(46)) - raft.server.log.appender.buffer.byte-limit = 33554432 (custom)
2023-05-23 10:25:48,299 [Listener at 127.0.0.1/15100] INFO  server.GrpcService (ConfUtils.java:logGet(46)) - raft.grpc.flow.control.window = 5MB (=5242880) (custom)
2023-05-23 10:25:48,299 [Listener at 127.0.0.1/15100] INFO  server.RaftServerConfigKeys (ConfUtils.java:logGet(46)) - raft.server.rpc.request.timeout = 60s (custom)
2023-05-23 10:25:48,299 [Listener at 127.0.0.1/15100] INFO  grpc.GrpcConfigKeys (ConfUtils.java:logGet(46)) - raft.grpc.server.heartbeat.channel = true (default)
2023-05-23 10:25:48,299 [Listener at 127.0.0.1/15100] INFO  grpc.GrpcConfigKeys (ConfUtils.java:logGet(46)) - raft.grpc.server.async.request.thread.pool.cached = true (default)
2023-05-23 10:25:48,299 [Listener at 127.0.0.1/15100] INFO  grpc.GrpcConfigKeys (ConfUtils.java:logGet(46)) - raft.grpc.server.async.request.thread.pool.size = 32 (default)
2023-05-23 10:25:48,301 [Listener at 127.0.0.1/15100] INFO  impl.DataStreamServerImpl (ConfUtils.java:logGet(46)) - raft.datastream.type = NETTY (custom)
2023-05-23 10:25:48,301 [Listener at 127.0.0.1/15100] INFO  server.RaftServerConfigKeys (ConfUtils.java:logGet(46)) - raft.server.data-stream.async.request.thread.pool.cached = false (default)
2023-05-23 10:25:48,302 [Listener at 127.0.0.1/15100] INFO  server.RaftServerConfigKeys (ConfUtils.java:logGet(46)) - raft.server.data-stream.async.request.thread.pool.size = 20 (custom)
2023-05-23 10:25:48,302 [Listener at 127.0.0.1/15100] INFO  server.RaftServerConfigKeys (ConfUtils.java:logGet(46)) - raft.server.data-stream.async.write.thread.pool.size = 16 (default)
2023-05-23 10:25:48,302 [Listener at 127.0.0.1/15100] INFO  server.RaftServerConfigKeys (ConfUtils.java:logGet(46)) - raft.server.data-stream.client.pool.size = 10 (default)
2023-05-23 10:25:48,302 [Listener at 127.0.0.1/15100] INFO  netty.NettyConfigKeys$DataStream (ConfUtils.java:logGet(46)) - raft.netty.dataStream.server.use-epoll = false (default)
2023-05-23 10:25:48,302 [Listener at 127.0.0.1/15100] INFO  netty.NettyConfigKeys$DataStream (ConfUtils.java:logGet(46)) - raft.netty.dataStream.server.boss-group.size = 0 (default)
2023-05-23 10:25:48,305 [Listener at 127.0.0.1/15100] INFO  netty.NettyConfigKeys$DataStream (ConfUtils.java:logGet(46)) - raft.netty.dataStream.server.worker-group.size = 0 (default)
2023-05-23 10:25:48,305 [Listener at 127.0.0.1/15100] INFO  netty.NettyConfigKeys$DataStream (ConfUtils.java:logGet(46)) - raft.netty.dataStream.server.tls.conf = null (default)
2023-05-23 10:25:48,305 [Listener at 127.0.0.1/15100] INFO  netty.NettyConfigKeys$DataStream (ConfUtils.java:logGet(46)) - raft.netty.dataStream.host = null (default)
2023-05-23 10:25:48,306 [Listener at 127.0.0.1/15100] INFO  netty.NettyConfigKeys$DataStream (ConfUtils.java:logGet(46)) - raft.netty.dataStream.port = 15142 (custom)
2023-05-23 10:25:48,310 [Listener at 127.0.0.1/15100] INFO  server.RaftServerConfigKeys (ConfUtils.java:logGet(46)) - raft.server.threadpool.proxy.cached = true (default)
2023-05-23 10:25:48,310 [Listener at 127.0.0.1/15100] INFO  server.RaftServerConfigKeys (ConfUtils.java:logGet(46)) - raft.server.threadpool.proxy.size = 0 (default)
2023-05-23 10:25:48,311 [Listener at 127.0.0.1/15100] INFO  server.RaftServerConfigKeys (ConfUtils.java:logGet(46)) - raft.server.rpc.slowness.timeout = 300s (custom)
2023-05-23 10:25:48,311 [Listener at 127.0.0.1/15100] INFO  server.RaftServerConfigKeys (ConfUtils.java:logGet(46)) - raft.server.leaderelection.leader.step-down.wait-time = 10s (default)
2023-05-23 10:25:48,311 [Listener at 127.0.0.1/15100] INFO  server.RaftServerConfigKeys (ConfUtils.java:logGet(46)) - raft.server.storage.dir = [/home/runner/work/ozone/ozone/hadoop-ozone/integration-test/target/test-dir/MiniOzoneClusterImpl-bbf8790f-824b-49ae-85c2-11c1b792a20d/datanode-4/data/ratis] (custom)
2023-05-23 10:25:48,311 [790de1da-4581-4ab1-98ae-bd0ae5797406-NettyServerStreamRpc-bossGroup--thread1] INFO  logging.LoggingHandler (AbstractInternalLogger.java:log(148)) - [id: 0x479f413f] REGISTERED
2023-05-23 10:25:48,311 [790de1da-4581-4ab1-98ae-bd0ae5797406-NettyServerStreamRpc-bossGroup--thread1] INFO  logging.LoggingHandler (AbstractInternalLogger.java:log(148)) - [id: 0x479f413f] BIND: 0.0.0.0/0.0.0.0:15142
2023-05-23 10:25:48,312 [790de1da-4581-4ab1-98ae-bd0ae5797406-NettyServerStreamRpc-bossGroup--thread1] INFO  logging.LoggingHandler (AbstractInternalLogger.java:log(148)) - [id: 0x479f413f, L:/0:0:0:0:0:0:0:0:15142] ACTIVE
2023-05-23 10:25:48,313 [Listener at 127.0.0.1/15100] INFO  server.XceiverServerGrpc (XceiverServerGrpc.java:<init>(132)) - GrpcServer channel type EpollServerSocketChannel
2023-05-23 10:25:48,314 [Listener at 127.0.0.1/15100] INFO  replication.ReplicationSupervisor (ReplicationSupervisor.java:nodeStateUpdated(296)) - Node state updated to IN_SERVICE, scaling executor pool size to 10
2023-05-23 10:25:48,319 [Listener at 127.0.0.1/15100] INFO  http.BaseHttpServer (BaseHttpServer.java:newHttpServer2BuilderForOzone(224)) - Starting Web-server for hddsDatanode at: http://0.0.0.0:15137
2023-05-23 10:25:48,320 [Listener at 127.0.0.1/15100] INFO  http.BaseHttpServer (BaseHttpServer.java:<init>(111)) - Hadoop Security Enabled: false Ozone Security Enabled: false Ozone HTTP Security Enabled: false 
2023-05-23 10:25:48,320 [Listener at 127.0.0.1/15100] WARN  server.AuthenticationFilter (AuthenticationFilter.java:constructSecretProvider(240)) - Unable to initialize FileSignerSecretProvider, falling back to use random secrets. Reason: Could not read signature secret file: /home/runner/hadoop-http-auth-signature-secret
2023-05-23 10:25:48,324 [Listener at 127.0.0.1/15100] INFO  http.HttpRequestLog (HttpRequestLog.java:getRequestLog(86)) - Http request log for http.requests.hddsDatanode is not defined
2023-05-23 10:25:48,325 [Listener at 127.0.0.1/15100] INFO  http.HttpServer2 (HttpServer2.java:addGlobalFilter(1031)) - Added global filter 'safety' (class=org.apache.hadoop.hdds.server.http.HttpServer2$QuotingInputFilter)
2023-05-23 10:25:48,326 [Listener at 127.0.0.1/15100] INFO  http.HttpServer2 (HttpServer2.java:addFilter(1007)) - Added filter static_user_filter (class=org.apache.hadoop.http.lib.StaticUserWebFilter$StaticUserFilter) to context hddsDatanode
2023-05-23 10:25:48,326 [Listener at 127.0.0.1/15100] INFO  http.HttpServer2 (HttpServer2.java:addFilter(1015)) - Added filter static_user_filter (class=org.apache.hadoop.http.lib.StaticUserWebFilter$StaticUserFilter) to context logs
2023-05-23 10:25:48,326 [Listener at 127.0.0.1/15100] INFO  http.HttpServer2 (HttpServer2.java:addFilter(1015)) - Added filter static_user_filter (class=org.apache.hadoop.http.lib.StaticUserWebFilter$StaticUserFilter) to context static
2023-05-23 10:25:48,326 [Listener at 127.0.0.1/15100] INFO  http.BaseHttpServer (BaseHttpServer.java:<init>(190)) - HTTP server of hddsDatanode uses base directory /home/runner/work/ozone/ozone/hadoop-ozone/integration-test/target/test-dir/MiniOzoneClusterImpl-bbf8790f-824b-49ae-85c2-11c1b792a20d/datanode-4/meta/webserver
2023-05-23 10:25:48,327 [Listener at 127.0.0.1/15100] INFO  http.HttpServer2 (HttpServer2.java:bindListener(1250)) - Jetty bound to port 15137
2023-05-23 10:25:48,327 [Listener at 127.0.0.1/15100] INFO  server.Server (Server.java:doStart(375)) - jetty-9.4.51.v20230217; built: 2023-02-17T08:19:37.309Z; git: b45c405e4544384de066f814ed42ae3dceacdd49; jvm 1.8.0_362-b09
2023-05-23 10:25:48,330 [Listener at 127.0.0.1/15100] INFO  server.session (DefaultSessionIdManager.java:doStart(334)) - DefaultSessionIdManager workerName=node0
2023-05-23 10:25:48,330 [Listener at 127.0.0.1/15100] INFO  server.session (DefaultSessionIdManager.java:doStart(339)) - No SessionScavenger set, using defaults
2023-05-23 10:25:48,330 [Listener at 127.0.0.1/15100] INFO  server.session (HouseKeeper.java:startScavenging(132)) - node0 Scavenging every 660000ms
2023-05-23 10:25:48,331 [Listener at 127.0.0.1/15100] INFO  handler.ContextHandler (ContextHandler.java:doStart(921)) - Started o.e.j.s.ServletContextHandler@3ff7cc15{logs,/logs,file:///home/runner/work/ozone/ozone/hadoop-ozone/integration-test/target/log,AVAILABLE}
2023-05-23 10:25:48,331 [Listener at 127.0.0.1/15100] INFO  handler.ContextHandler (ContextHandler.java:doStart(921)) - Started o.e.j.s.ServletContextHandler@2f4e6566{static,/static,jar:file:/home/runner/.m2/repository/org/apache/ozone/hdds-container-service/1.4.0-SNAPSHOT/hdds-container-service-1.4.0-SNAPSHOT.jar!/webapps/static,AVAILABLE}
2023-05-23 10:25:48,558 [Listener at 127.0.0.1/15100] INFO  handler.ContextHandler (ContextHandler.java:doStart(921)) - Started o.e.j.w.WebAppContext@1dd53f2b{hddsDatanode,/,file:///home/runner/work/ozone/ozone/hadoop-ozone/integration-test/target/test-dir/MiniOzoneClusterImpl-bbf8790f-824b-49ae-85c2-11c1b792a20d/datanode-4/meta/webserver/jetty-0_0_0_0-15137-hdds-container-service-1_4_0-SNAPSHOT_jar-_-any-830416702536957369/webapp/,AVAILABLE}{jar:file:/home/runner/.m2/repository/org/apache/ozone/hdds-container-service/1.4.0-SNAPSHOT/hdds-container-service-1.4.0-SNAPSHOT.jar!/webapps/hddsDatanode}
2023-05-23 10:25:48,560 [Listener at 127.0.0.1/15100] INFO  server.AbstractConnector (AbstractConnector.java:doStart(333)) - Started ServerConnector@5a053644{HTTP/1.1, (http/1.1)}{0.0.0.0:15137}
2023-05-23 10:25:48,560 [Listener at 127.0.0.1/15100] INFO  server.Server (Server.java:doStart(415)) - Started @81611ms
2023-05-23 10:25:48,560 [Listener at 127.0.0.1/15100] WARN  impl.MetricsSystemImpl (MetricsSystemImpl.java:register(279)) - Sink prometheus already exists!
2023-05-23 10:25:48,560 [Listener at 127.0.0.1/15100] INFO  http.BaseHttpServer (BaseHttpServer.java:updateConnectorAddress(344)) - HTTP server of hddsDatanode listening at http://0.0.0.0:15137
2023-05-23 10:25:48,561 [Listener at 127.0.0.1/15100] INFO  ozone.MiniOzoneClusterImpl (MiniOzoneClusterImpl.java:lambda$waitForClusterToBeReady$0(222)) - Waiting for nodes to be ready. Got 0 of 5 DN Heartbeats.
2023-05-23 10:25:48,561 [Listener at 127.0.0.1/15100] INFO  ozone.MiniOzoneClusterImpl (MiniOzoneClusterImpl.java:lambda$waitForClusterToBeReady$0(225)) - Waiting for cluster to exit safe mode
2023-05-23 10:25:48,561 [Listener at 127.0.0.1/15100] INFO  ozone.MiniOzoneClusterImpl (MiniOzoneClusterImpl.java:lambda$waitForClusterToBeReady$0(227)) - SCM became leader
2023-05-23 10:25:48,561 [Datanode State Machine Daemon Thread] INFO  statemachine.DatanodeStateMachine (DatanodeStateMachine.java:lambda$startDaemon$0(524)) - Ozone container server started.
2023-05-23 10:25:48,565 [org.apache.hadoop.util.JvmPauseMonitor$Monitor@11d397c7] INFO  util.JvmPauseMonitor (JvmPauseMonitor.java:run(188)) - Starting JVM pause monitor
2023-05-23 10:25:48,567 [Datanode State Machine Task Thread - 0] INFO  datanode.InitDatanodeState (InitDatanodeState.java:persistContainerDatanodeDetails(138)) - DatanodeDetails is persisted to /home/runner/work/ozone/ozone/hadoop-ozone/integration-test/target/test-dir/MiniOzoneClusterImpl-bbf8790f-824b-49ae-85c2-11c1b792a20d/datanode-4/meta/datanode.id
2023-05-23 10:25:48,749 [ReplicationMonitor] INFO  replication.ReplicationManager (ReplicationManager.java:processAll(375)) - Replication Manager is not ready to run until 3000ms after safemode exit
2023-05-23 10:25:49,248 [EndpointStateMachine task thread for /0.0.0.0:15098 - 0 ] INFO  utils.DatanodeStoreCache (DatanodeStoreCache.java:addDB(66)) - Added db /home/runner/work/ozone/ozone/hadoop-ozone/integration-test/target/test-dir/MiniOzoneClusterImpl-bbf8790f-824b-49ae-85c2-11c1b792a20d/datanode-0/data-0/containers/hdds/bbf8790f-824b-49ae-85c2-11c1b792a20d/DS-4e315784-f0ac-4dd3-8b7d-a222a1982c9c/container.db to cache
2023-05-23 10:25:49,248 [EndpointStateMachine task thread for /0.0.0.0:15098 - 0 ] INFO  volume.HddsVolume (HddsVolume.java:createDbStore(350)) - SchemaV3 db is created and loaded at /home/runner/work/ozone/ozone/hadoop-ozone/integration-test/target/test-dir/MiniOzoneClusterImpl-bbf8790f-824b-49ae-85c2-11c1b792a20d/datanode-0/data-0/containers/hdds/bbf8790f-824b-49ae-85c2-11c1b792a20d/DS-4e315784-f0ac-4dd3-8b7d-a222a1982c9c/container.db for volume DS-4e315784-f0ac-4dd3-8b7d-a222a1982c9c
2023-05-23 10:25:49,249 [EndpointStateMachine task thread for /0.0.0.0:15098 - 0 ] INFO  ozoneimpl.OzoneContainer (OzoneContainer.java:start(397)) - Attempting to start container services.
2023-05-23 10:25:49,249 [EndpointStateMachine task thread for /0.0.0.0:15098 - 0 ] INFO  ozoneimpl.OzoneContainer (OzoneContainer.java:startContainerScrub(314)) - Scheduled background container scanners and the on-demand container scanner have been disabled.
2023-05-23 10:25:49,253 [EndpointStateMachine task thread for /0.0.0.0:15098 - 0 ] INFO  replication.ReplicationServer (ReplicationServer.java:start(128)) - ReplicationServer is started using port 15111
2023-05-23 10:25:49,253 [EndpointStateMachine task thread for /0.0.0.0:15098 - 0 ] INFO  ratis.XceiverServerRatis (XceiverServerRatis.java:start(517)) - Starting XceiverServerRatis 4423aca3-b60e-4ab8-b093-c0faf93dfaca
2023-05-23 10:25:49,254 [EndpointStateMachine task thread for /0.0.0.0:15098 - 0 ] INFO  server.RaftServer (RaftServerProxy.java:startImpl(400)) - 4423aca3-b60e-4ab8-b093-c0faf93dfaca: start RPC server
2023-05-23 10:25:49,256 [EndpointStateMachine task thread for /0.0.0.0:15098 - 0 ] INFO  server.GrpcService (GrpcService.java:startImpl(302)) - 4423aca3-b60e-4ab8-b093-c0faf93dfaca: GrpcService started, listening on 15107
2023-05-23 10:25:49,257 [EndpointStateMachine task thread for /0.0.0.0:15098 - 0 ] INFO  server.GrpcService (GrpcService.java:startImpl(302)) - 4423aca3-b60e-4ab8-b093-c0faf93dfaca: GrpcService started, listening on 15109
2023-05-23 10:25:49,258 [EndpointStateMachine task thread for /0.0.0.0:15098 - 0 ] INFO  server.GrpcService (GrpcService.java:startImpl(302)) - 4423aca3-b60e-4ab8-b093-c0faf93dfaca: GrpcService started, listening on 15108
2023-05-23 10:25:49,259 [EndpointStateMachine task thread for /0.0.0.0:15098 - 0 ] INFO  ratis.XceiverServerRatis (XceiverServerRatis.java:getRealPort(543)) - XceiverServerRatis 4423aca3-b60e-4ab8-b093-c0faf93dfaca is started using port 15107 for RATIS
2023-05-23 10:25:49,259 [JvmPauseMonitor13] INFO  util.JvmPauseMonitor (JvmPauseMonitor.java:run(103)) - JvmPauseMonitor-4423aca3-b60e-4ab8-b093-c0faf93dfaca: Started
2023-05-23 10:25:49,259 [EndpointStateMachine task thread for /0.0.0.0:15098 - 0 ] INFO  ratis.XceiverServerRatis (XceiverServerRatis.java:getRealPort(543)) - XceiverServerRatis 4423aca3-b60e-4ab8-b093-c0faf93dfaca is started using port 15108 for RATIS_ADMIN
2023-05-23 10:25:49,259 [EndpointStateMachine task thread for /0.0.0.0:15098 - 0 ] INFO  ratis.XceiverServerRatis (XceiverServerRatis.java:getRealPort(543)) - XceiverServerRatis 4423aca3-b60e-4ab8-b093-c0faf93dfaca is started using port 15109 for RATIS_SERVER
2023-05-23 10:25:49,259 [EndpointStateMachine task thread for /0.0.0.0:15098 - 0 ] INFO  ratis.XceiverServerRatis (XceiverServerRatis.java:getRealPort(543)) - XceiverServerRatis 4423aca3-b60e-4ab8-b093-c0faf93dfaca is started using port 15110 for RATIS_DATASTREAM
2023-05-23 10:25:49,261 [BlockDeletingService#0] INFO  interfaces.ContainerDeletionChoosingPolicyTemplate (ContainerDeletionChoosingPolicyTemplate.java:chooseContainerForBlockDeletion(83)) - Chosen 0/5000 blocks from 0 candidate containers.
2023-05-23 10:25:49,561 [Listener at 127.0.0.1/15100] INFO  ozone.MiniOzoneClusterImpl (MiniOzoneClusterImpl.java:lambda$waitForClusterToBeReady$0(222)) - Waiting for nodes to be ready. Got 0 of 5 DN Heartbeats.
2023-05-23 10:25:49,561 [Listener at 127.0.0.1/15100] INFO  ozone.MiniOzoneClusterImpl (MiniOzoneClusterImpl.java:lambda$waitForClusterToBeReady$0(225)) - Waiting for cluster to exit safe mode
2023-05-23 10:25:49,562 [Listener at 127.0.0.1/15100] INFO  ozone.MiniOzoneClusterImpl (MiniOzoneClusterImpl.java:lambda$waitForClusterToBeReady$0(227)) - SCM became leader
2023-05-23 10:25:49,589 [EndpointStateMachine task thread for /0.0.0.0:15098 - 0 ] INFO  utils.DatanodeStoreCache (DatanodeStoreCache.java:addDB(66)) - Added db /home/runner/work/ozone/ozone/hadoop-ozone/integration-test/target/test-dir/MiniOzoneClusterImpl-bbf8790f-824b-49ae-85c2-11c1b792a20d/datanode-1/data-0/containers/hdds/bbf8790f-824b-49ae-85c2-11c1b792a20d/DS-c1ba049d-53a3-4063-bb7e-0f25b58e29a7/container.db to cache
2023-05-23 10:25:49,589 [EndpointStateMachine task thread for /0.0.0.0:15098 - 0 ] INFO  volume.HddsVolume (HddsVolume.java:createDbStore(350)) - SchemaV3 db is created and loaded at /home/runner/work/ozone/ozone/hadoop-ozone/integration-test/target/test-dir/MiniOzoneClusterImpl-bbf8790f-824b-49ae-85c2-11c1b792a20d/datanode-1/data-0/containers/hdds/bbf8790f-824b-49ae-85c2-11c1b792a20d/DS-c1ba049d-53a3-4063-bb7e-0f25b58e29a7/container.db for volume DS-c1ba049d-53a3-4063-bb7e-0f25b58e29a7
2023-05-23 10:25:49,589 [EndpointStateMachine task thread for /0.0.0.0:15098 - 0 ] INFO  ozoneimpl.OzoneContainer (OzoneContainer.java:start(397)) - Attempting to start container services.
2023-05-23 10:25:49,589 [EndpointStateMachine task thread for /0.0.0.0:15098 - 0 ] INFO  ozoneimpl.OzoneContainer (OzoneContainer.java:startContainerScrub(314)) - Scheduled background container scanners and the on-demand container scanner have been disabled.
2023-05-23 10:25:49,591 [EndpointStateMachine task thread for /0.0.0.0:15098 - 0 ] INFO  replication.ReplicationServer (ReplicationServer.java:start(128)) - ReplicationServer is started using port 15119
2023-05-23 10:25:49,591 [EndpointStateMachine task thread for /0.0.0.0:15098 - 0 ] INFO  ratis.XceiverServerRatis (XceiverServerRatis.java:start(517)) - Starting XceiverServerRatis 54284929-3371-4a1e-b544-6f7fda27a691
2023-05-23 10:25:49,596 [EndpointStateMachine task thread for /0.0.0.0:15098 - 0 ] INFO  server.RaftServer (RaftServerProxy.java:startImpl(400)) - 54284929-3371-4a1e-b544-6f7fda27a691: start RPC server
2023-05-23 10:25:49,597 [EndpointStateMachine task thread for /0.0.0.0:15098 - 0 ] INFO  server.GrpcService (GrpcService.java:startImpl(302)) - 54284929-3371-4a1e-b544-6f7fda27a691: GrpcService started, listening on 15115
2023-05-23 10:25:49,598 [EndpointStateMachine task thread for /0.0.0.0:15098 - 0 ] INFO  server.GrpcService (GrpcService.java:startImpl(302)) - 54284929-3371-4a1e-b544-6f7fda27a691: GrpcService started, listening on 15117
2023-05-23 10:25:49,600 [EndpointStateMachine task thread for /0.0.0.0:15098 - 0 ] INFO  server.GrpcService (GrpcService.java:startImpl(302)) - 54284929-3371-4a1e-b544-6f7fda27a691: GrpcService started, listening on 15116
2023-05-23 10:25:49,601 [EndpointStateMachine task thread for /0.0.0.0:15098 - 0 ] INFO  ratis.XceiverServerRatis (XceiverServerRatis.java:getRealPort(543)) - XceiverServerRatis 54284929-3371-4a1e-b544-6f7fda27a691 is started using port 15115 for RATIS
2023-05-23 10:25:49,601 [EndpointStateMachine task thread for /0.0.0.0:15098 - 0 ] INFO  ratis.XceiverServerRatis (XceiverServerRatis.java:getRealPort(543)) - XceiverServerRatis 54284929-3371-4a1e-b544-6f7fda27a691 is started using port 15116 for RATIS_ADMIN
2023-05-23 10:25:49,601 [EndpointStateMachine task thread for /0.0.0.0:15098 - 0 ] INFO  ratis.XceiverServerRatis (XceiverServerRatis.java:getRealPort(543)) - XceiverServerRatis 54284929-3371-4a1e-b544-6f7fda27a691 is started using port 15117 for RATIS_SERVER
2023-05-23 10:25:49,601 [EndpointStateMachine task thread for /0.0.0.0:15098 - 0 ] INFO  ratis.XceiverServerRatis (XceiverServerRatis.java:getRealPort(543)) - XceiverServerRatis 54284929-3371-4a1e-b544-6f7fda27a691 is started using port 15118 for RATIS_DATASTREAM
2023-05-23 10:25:49,601 [JvmPauseMonitor14] INFO  util.JvmPauseMonitor (JvmPauseMonitor.java:run(103)) - JvmPauseMonitor-54284929-3371-4a1e-b544-6f7fda27a691: Started
2023-05-23 10:25:49,606 [BlockDeletingService#0] INFO  interfaces.ContainerDeletionChoosingPolicyTemplate (ContainerDeletionChoosingPolicyTemplate.java:chooseContainerForBlockDeletion(83)) - Chosen 0/5000 blocks from 0 candidate containers.
2023-05-23 10:25:49,749 [ReplicationMonitor] INFO  replication.ReplicationManager (ReplicationManager.java:processAll(375)) - Replication Manager is not ready to run until 3000ms after safemode exit
2023-05-23 10:25:49,935 [EndpointStateMachine task thread for /0.0.0.0:15098 - 0 ] INFO  utils.DatanodeStoreCache (DatanodeStoreCache.java:addDB(66)) - Added db /home/runner/work/ozone/ozone/hadoop-ozone/integration-test/target/test-dir/MiniOzoneClusterImpl-bbf8790f-824b-49ae-85c2-11c1b792a20d/datanode-2/data-0/containers/hdds/bbf8790f-824b-49ae-85c2-11c1b792a20d/DS-299968e8-a6c1-46df-8d64-6677e8baaa9c/container.db to cache
2023-05-23 10:25:49,935 [EndpointStateMachine task thread for /0.0.0.0:15098 - 0 ] INFO  volume.HddsVolume (HddsVolume.java:createDbStore(350)) - SchemaV3 db is created and loaded at /home/runner/work/ozone/ozone/hadoop-ozone/integration-test/target/test-dir/MiniOzoneClusterImpl-bbf8790f-824b-49ae-85c2-11c1b792a20d/datanode-2/data-0/containers/hdds/bbf8790f-824b-49ae-85c2-11c1b792a20d/DS-299968e8-a6c1-46df-8d64-6677e8baaa9c/container.db for volume DS-299968e8-a6c1-46df-8d64-6677e8baaa9c
2023-05-23 10:25:49,935 [EndpointStateMachine task thread for /0.0.0.0:15098 - 0 ] INFO  ozoneimpl.OzoneContainer (OzoneContainer.java:start(397)) - Attempting to start container services.
2023-05-23 10:25:49,935 [EndpointStateMachine task thread for /0.0.0.0:15098 - 0 ] INFO  ozoneimpl.OzoneContainer (OzoneContainer.java:startContainerScrub(314)) - Scheduled background container scanners and the on-demand container scanner have been disabled.
2023-05-23 10:25:49,938 [EndpointStateMachine task thread for /0.0.0.0:15098 - 0 ] INFO  replication.ReplicationServer (ReplicationServer.java:start(128)) - ReplicationServer is started using port 15127
2023-05-23 10:25:49,938 [EndpointStateMachine task thread for /0.0.0.0:15098 - 0 ] INFO  ratis.XceiverServerRatis (XceiverServerRatis.java:start(517)) - Starting XceiverServerRatis c8934a7e-3164-45c1-bd4f-8a83062f2a8f
2023-05-23 10:25:49,942 [EndpointStateMachine task thread for /0.0.0.0:15098 - 0 ] INFO  server.RaftServer (RaftServerProxy.java:startImpl(400)) - c8934a7e-3164-45c1-bd4f-8a83062f2a8f: start RPC server
2023-05-23 10:25:49,943 [EndpointStateMachine task thread for /0.0.0.0:15098 - 0 ] INFO  server.GrpcService (GrpcService.java:startImpl(302)) - c8934a7e-3164-45c1-bd4f-8a83062f2a8f: GrpcService started, listening on 15123
2023-05-23 10:25:49,944 [EndpointStateMachine task thread for /0.0.0.0:15098 - 0 ] INFO  server.GrpcService (GrpcService.java:startImpl(302)) - c8934a7e-3164-45c1-bd4f-8a83062f2a8f: GrpcService started, listening on 15125
2023-05-23 10:25:49,945 [EndpointStateMachine task thread for /0.0.0.0:15098 - 0 ] INFO  server.GrpcService (GrpcService.java:startImpl(302)) - c8934a7e-3164-45c1-bd4f-8a83062f2a8f: GrpcService started, listening on 15124
2023-05-23 10:25:49,945 [EndpointStateMachine task thread for /0.0.0.0:15098 - 0 ] INFO  ratis.XceiverServerRatis (XceiverServerRatis.java:getRealPort(543)) - XceiverServerRatis c8934a7e-3164-45c1-bd4f-8a83062f2a8f is started using port 15123 for RATIS
2023-05-23 10:25:49,945 [JvmPauseMonitor15] INFO  util.JvmPauseMonitor (JvmPauseMonitor.java:run(103)) - JvmPauseMonitor-c8934a7e-3164-45c1-bd4f-8a83062f2a8f: Started
2023-05-23 10:25:49,945 [EndpointStateMachine task thread for /0.0.0.0:15098 - 0 ] INFO  ratis.XceiverServerRatis (XceiverServerRatis.java:getRealPort(543)) - XceiverServerRatis c8934a7e-3164-45c1-bd4f-8a83062f2a8f is started using port 15124 for RATIS_ADMIN
2023-05-23 10:25:49,946 [EndpointStateMachine task thread for /0.0.0.0:15098 - 0 ] INFO  ratis.XceiverServerRatis (XceiverServerRatis.java:getRealPort(543)) - XceiverServerRatis c8934a7e-3164-45c1-bd4f-8a83062f2a8f is started using port 15125 for RATIS_SERVER
2023-05-23 10:25:49,946 [EndpointStateMachine task thread for /0.0.0.0:15098 - 0 ] INFO  ratis.XceiverServerRatis (XceiverServerRatis.java:getRealPort(543)) - XceiverServerRatis c8934a7e-3164-45c1-bd4f-8a83062f2a8f is started using port 15126 for RATIS_DATASTREAM
2023-05-23 10:25:49,948 [BlockDeletingService#0] INFO  interfaces.ContainerDeletionChoosingPolicyTemplate (ContainerDeletionChoosingPolicyTemplate.java:chooseContainerForBlockDeletion(83)) - Chosen 0/5000 blocks from 0 candidate containers.
2023-05-23 10:25:50,280 [EndpointStateMachine task thread for /0.0.0.0:15098 - 0 ] INFO  utils.DatanodeStoreCache (DatanodeStoreCache.java:addDB(66)) - Added db /home/runner/work/ozone/ozone/hadoop-ozone/integration-test/target/test-dir/MiniOzoneClusterImpl-bbf8790f-824b-49ae-85c2-11c1b792a20d/datanode-3/data-0/containers/hdds/bbf8790f-824b-49ae-85c2-11c1b792a20d/DS-58161461-740c-4b70-919c-e32e9493169a/container.db to cache
2023-05-23 10:25:50,280 [EndpointStateMachine task thread for /0.0.0.0:15098 - 0 ] INFO  volume.HddsVolume (HddsVolume.java:createDbStore(350)) - SchemaV3 db is created and loaded at /home/runner/work/ozone/ozone/hadoop-ozone/integration-test/target/test-dir/MiniOzoneClusterImpl-bbf8790f-824b-49ae-85c2-11c1b792a20d/datanode-3/data-0/containers/hdds/bbf8790f-824b-49ae-85c2-11c1b792a20d/DS-58161461-740c-4b70-919c-e32e9493169a/container.db for volume DS-58161461-740c-4b70-919c-e32e9493169a
2023-05-23 10:25:50,280 [EndpointStateMachine task thread for /0.0.0.0:15098 - 0 ] INFO  ozoneimpl.OzoneContainer (OzoneContainer.java:start(397)) - Attempting to start container services.
2023-05-23 10:25:50,280 [EndpointStateMachine task thread for /0.0.0.0:15098 - 0 ] INFO  ozoneimpl.OzoneContainer (OzoneContainer.java:startContainerScrub(314)) - Scheduled background container scanners and the on-demand container scanner have been disabled.
2023-05-23 10:25:50,287 [EndpointStateMachine task thread for /0.0.0.0:15098 - 0 ] INFO  replication.ReplicationServer (ReplicationServer.java:start(128)) - ReplicationServer is started using port 15135
2023-05-23 10:25:50,287 [EndpointStateMachine task thread for /0.0.0.0:15098 - 0 ] INFO  ratis.XceiverServerRatis (XceiverServerRatis.java:start(517)) - Starting XceiverServerRatis 6e950c4a-83fa-42eb-b7f3-936364e499ea
2023-05-23 10:25:50,287 [EndpointStateMachine task thread for /0.0.0.0:15098 - 0 ] INFO  server.RaftServer (RaftServerProxy.java:startImpl(400)) - 6e950c4a-83fa-42eb-b7f3-936364e499ea: start RPC server
2023-05-23 10:25:50,289 [EndpointStateMachine task thread for /0.0.0.0:15098 - 0 ] INFO  server.GrpcService (GrpcService.java:startImpl(302)) - 6e950c4a-83fa-42eb-b7f3-936364e499ea: GrpcService started, listening on 15131
2023-05-23 10:25:50,299 [EndpointStateMachine task thread for /0.0.0.0:15098 - 0 ] INFO  server.GrpcService (GrpcService.java:startImpl(302)) - 6e950c4a-83fa-42eb-b7f3-936364e499ea: GrpcService started, listening on 15133
2023-05-23 10:25:50,300 [EndpointStateMachine task thread for /0.0.0.0:15098 - 0 ] INFO  server.GrpcService (GrpcService.java:startImpl(302)) - 6e950c4a-83fa-42eb-b7f3-936364e499ea: GrpcService started, listening on 15132
2023-05-23 10:25:50,300 [EndpointStateMachine task thread for /0.0.0.0:15098 - 0 ] INFO  ratis.XceiverServerRatis (XceiverServerRatis.java:getRealPort(543)) - XceiverServerRatis 6e950c4a-83fa-42eb-b7f3-936364e499ea is started using port 15131 for RATIS
2023-05-23 10:25:50,300 [EndpointStateMachine task thread for /0.0.0.0:15098 - 0 ] INFO  ratis.XceiverServerRatis (XceiverServerRatis.java:getRealPort(543)) - XceiverServerRatis 6e950c4a-83fa-42eb-b7f3-936364e499ea is started using port 15132 for RATIS_ADMIN
2023-05-23 10:25:50,300 [JvmPauseMonitor16] INFO  util.JvmPauseMonitor (JvmPauseMonitor.java:run(103)) - JvmPauseMonitor-6e950c4a-83fa-42eb-b7f3-936364e499ea: Started
2023-05-23 10:25:50,300 [EndpointStateMachine task thread for /0.0.0.0:15098 - 0 ] INFO  ratis.XceiverServerRatis (XceiverServerRatis.java:getRealPort(543)) - XceiverServerRatis 6e950c4a-83fa-42eb-b7f3-936364e499ea is started using port 15133 for RATIS_SERVER
2023-05-23 10:25:50,300 [EndpointStateMachine task thread for /0.0.0.0:15098 - 0 ] INFO  ratis.XceiverServerRatis (XceiverServerRatis.java:getRealPort(543)) - XceiverServerRatis 6e950c4a-83fa-42eb-b7f3-936364e499ea is started using port 15134 for RATIS_DATASTREAM
2023-05-23 10:25:50,302 [BlockDeletingService#0] INFO  interfaces.ContainerDeletionChoosingPolicyTemplate (ContainerDeletionChoosingPolicyTemplate.java:chooseContainerForBlockDeletion(83)) - Chosen 0/5000 blocks from 0 candidate containers.
2023-05-23 10:25:50,562 [Listener at 127.0.0.1/15100] INFO  ozone.MiniOzoneClusterImpl (MiniOzoneClusterImpl.java:lambda$waitForClusterToBeReady$0(222)) - Waiting for nodes to be ready. Got 0 of 5 DN Heartbeats.
2023-05-23 10:25:50,562 [Listener at 127.0.0.1/15100] INFO  ozone.MiniOzoneClusterImpl (MiniOzoneClusterImpl.java:lambda$waitForClusterToBeReady$0(225)) - Waiting for cluster to exit safe mode
2023-05-23 10:25:50,562 [Listener at 127.0.0.1/15100] INFO  ozone.MiniOzoneClusterImpl (MiniOzoneClusterImpl.java:lambda$waitForClusterToBeReady$0(227)) - SCM became leader
2023-05-23 10:25:50,603 [EndpointStateMachine task thread for /0.0.0.0:15098 - 0 ] INFO  utils.DatanodeStoreCache (DatanodeStoreCache.java:addDB(66)) - Added db /home/runner/work/ozone/ozone/hadoop-ozone/integration-test/target/test-dir/MiniOzoneClusterImpl-bbf8790f-824b-49ae-85c2-11c1b792a20d/datanode-4/data-0/containers/hdds/bbf8790f-824b-49ae-85c2-11c1b792a20d/DS-c923a1d0-37ba-48cf-bd17-fde95f1c4386/container.db to cache
2023-05-23 10:25:50,603 [EndpointStateMachine task thread for /0.0.0.0:15098 - 0 ] INFO  volume.HddsVolume (HddsVolume.java:createDbStore(350)) - SchemaV3 db is created and loaded at /home/runner/work/ozone/ozone/hadoop-ozone/integration-test/target/test-dir/MiniOzoneClusterImpl-bbf8790f-824b-49ae-85c2-11c1b792a20d/datanode-4/data-0/containers/hdds/bbf8790f-824b-49ae-85c2-11c1b792a20d/DS-c923a1d0-37ba-48cf-bd17-fde95f1c4386/container.db for volume DS-c923a1d0-37ba-48cf-bd17-fde95f1c4386
2023-05-23 10:25:50,604 [EndpointStateMachine task thread for /0.0.0.0:15098 - 0 ] INFO  ozoneimpl.OzoneContainer (OzoneContainer.java:start(397)) - Attempting to start container services.
2023-05-23 10:25:50,604 [EndpointStateMachine task thread for /0.0.0.0:15098 - 0 ] INFO  ozoneimpl.OzoneContainer (OzoneContainer.java:startContainerScrub(314)) - Scheduled background container scanners and the on-demand container scanner have been disabled.
2023-05-23 10:25:50,605 [EndpointStateMachine task thread for /0.0.0.0:15098 - 0 ] INFO  replication.ReplicationServer (ReplicationServer.java:start(128)) - ReplicationServer is started using port 15143
2023-05-23 10:25:50,605 [EndpointStateMachine task thread for /0.0.0.0:15098 - 0 ] INFO  ratis.XceiverServerRatis (XceiverServerRatis.java:start(517)) - Starting XceiverServerRatis 790de1da-4581-4ab1-98ae-bd0ae5797406
2023-05-23 10:25:50,607 [EndpointStateMachine task thread for /0.0.0.0:15098 - 0 ] INFO  server.RaftServer (RaftServerProxy.java:startImpl(400)) - 790de1da-4581-4ab1-98ae-bd0ae5797406: start RPC server
2023-05-23 10:25:50,609 [EndpointStateMachine task thread for /0.0.0.0:15098 - 0 ] INFO  server.GrpcService (GrpcService.java:startImpl(302)) - 790de1da-4581-4ab1-98ae-bd0ae5797406: GrpcService started, listening on 15139
2023-05-23 10:25:50,610 [EndpointStateMachine task thread for /0.0.0.0:15098 - 0 ] INFO  server.GrpcService (GrpcService.java:startImpl(302)) - 790de1da-4581-4ab1-98ae-bd0ae5797406: GrpcService started, listening on 15141
2023-05-23 10:25:50,611 [EndpointStateMachine task thread for /0.0.0.0:15098 - 0 ] INFO  server.GrpcService (GrpcService.java:startImpl(302)) - 790de1da-4581-4ab1-98ae-bd0ae5797406: GrpcService started, listening on 15140
2023-05-23 10:25:50,612 [EndpointStateMachine task thread for /0.0.0.0:15098 - 0 ] INFO  ratis.XceiverServerRatis (XceiverServerRatis.java:getRealPort(543)) - XceiverServerRatis 790de1da-4581-4ab1-98ae-bd0ae5797406 is started using port 15139 for RATIS
2023-05-23 10:25:50,612 [EndpointStateMachine task thread for /0.0.0.0:15098 - 0 ] INFO  ratis.XceiverServerRatis (XceiverServerRatis.java:getRealPort(543)) - XceiverServerRatis 790de1da-4581-4ab1-98ae-bd0ae5797406 is started using port 15140 for RATIS_ADMIN
2023-05-23 10:25:50,612 [EndpointStateMachine task thread for /0.0.0.0:15098 - 0 ] INFO  ratis.XceiverServerRatis (XceiverServerRatis.java:getRealPort(543)) - XceiverServerRatis 790de1da-4581-4ab1-98ae-bd0ae5797406 is started using port 15141 for RATIS_SERVER
2023-05-23 10:25:50,612 [EndpointStateMachine task thread for /0.0.0.0:15098 - 0 ] INFO  ratis.XceiverServerRatis (XceiverServerRatis.java:getRealPort(543)) - XceiverServerRatis 790de1da-4581-4ab1-98ae-bd0ae5797406 is started using port 15142 for RATIS_DATASTREAM
2023-05-23 10:25:50,612 [JvmPauseMonitor17] INFO  util.JvmPauseMonitor (JvmPauseMonitor.java:run(103)) - JvmPauseMonitor-790de1da-4581-4ab1-98ae-bd0ae5797406: Started
2023-05-23 10:25:50,618 [BlockDeletingService#0] INFO  interfaces.ContainerDeletionChoosingPolicyTemplate (ContainerDeletionChoosingPolicyTemplate.java:chooseContainerForBlockDeletion(83)) - Chosen 0/5000 blocks from 0 candidate containers.
2023-05-23 10:25:50,750 [ReplicationMonitor] INFO  replication.ReplicationManager (ReplicationManager.java:processAll(375)) - Replication Manager is not ready to run until 3000ms after safemode exit
2023-05-23 10:25:51,209 [IPC Server handler 0 on default port 15098] INFO  net.NetworkTopologyImpl (NetworkTopologyImpl.java:add(112)) - Added a new node: /default-rack/4423aca3-b60e-4ab8-b093-c0faf93dfaca
2023-05-23 10:25:51,209 [IPC Server handler 0 on default port 15098] INFO  node.SCMNodeManager (SCMNodeManager.java:register(407)) - Registered Data node : 4423aca3-b60e-4ab8-b093-c0faf93dfaca{ip: 10.1.0.38, host: fv-az1249-304, ports: [HTTP=15105, REPLICATION=15111, RATIS=15107, RATIS_ADMIN=15108, RATIS_SERVER=15109, RATIS_DATASTREAM=15110, STANDALONE=15106], networkLocation: /default-rack, certSerialId: null, persistedOpState: null, persistedOpStateExpiryEpochSec: 0}
2023-05-23 10:25:51,212 [EventQueue-NodeRegistrationContainerReportForContainerSafeModeRule] INFO  safemode.SCMSafeModeManager (SCMSafeModeManager.java:validateSafeModeExitRules(200)) - ContainerSafeModeRule rule is successfully validated
2023-05-23 10:25:51,212 [EventQueue-NodeRegistrationContainerReportForDataNodeSafeModeRule] INFO  safemode.SCMSafeModeManager (DataNodeSafeModeRule.java:process(71)) - SCM in safe mode. 1 DataNodes registered, 3 required.
2023-05-23 10:25:51,217 [EventQueue-NewNodeForNewNodeHandler] INFO  pipeline.BackgroundPipelineCreator (BackgroundPipelineCreator.java:notifyEventTriggered(276)) - trigger a one-shot run on RatisPipelineUtilsThread.
2023-05-23 10:25:51,217 [EventQueue-PipelineReportForOneReplicaPipelineSafeModeRule] INFO  safemode.SCMSafeModeManager (SCMSafeModeManager.java:validateSafeModeExitRules(200)) - AtleastOneDatanodeReportedRule rule is successfully validated
2023-05-23 10:25:51,218 [RatisPipelineUtilsThread - 0] INFO  pipeline.RatisPipelineProvider (RatisPipelineProvider.java:lambda$create$0(206)) - Sending CreatePipelineCommand for pipeline:PipelineID=7f620d81-5e62-4566-835b-4f9513bb0631 to datanode:4423aca3-b60e-4ab8-b093-c0faf93dfaca
2023-05-23 10:25:51,220 [RatisPipelineUtilsThread - 0] INFO  pipeline.PipelineStateManagerImpl (PipelineStateManagerImpl.java:addPipeline(103)) - Created pipeline Pipeline[ Id: 7f620d81-5e62-4566-835b-4f9513bb0631, Nodes: 4423aca3-b60e-4ab8-b093-c0faf93dfaca(fv-az1249-304/10.1.0.38), ReplicationConfig: RATIS/ONE, State:ALLOCATED, leaderId:, CreationTimestamp2023-05-23T10:25:51.218Z[Etc/UTC]].
2023-05-23 10:25:51,549 [IPC Server handler 2 on default port 15098] INFO  net.NetworkTopologyImpl (NetworkTopologyImpl.java:add(112)) - Added a new node: /default-rack/54284929-3371-4a1e-b544-6f7fda27a691
2023-05-23 10:25:51,549 [IPC Server handler 2 on default port 15098] INFO  node.SCMNodeManager (SCMNodeManager.java:register(407)) - Registered Data node : 54284929-3371-4a1e-b544-6f7fda27a691{ip: 10.1.0.38, host: fv-az1249-304, ports: [HTTP=15113, REPLICATION=15119, RATIS=15115, RATIS_ADMIN=15116, RATIS_SERVER=15117, RATIS_DATASTREAM=15118, STANDALONE=15114], networkLocation: /default-rack, certSerialId: null, persistedOpState: null, persistedOpStateExpiryEpochSec: 0}
2023-05-23 10:25:51,550 [EventQueue-NewNodeForNewNodeHandler] INFO  pipeline.BackgroundPipelineCreator (BackgroundPipelineCreator.java:notifyEventTriggered(276)) - trigger a one-shot run on RatisPipelineUtilsThread.
2023-05-23 10:25:51,550 [EventQueue-NodeRegistrationContainerReportForDataNodeSafeModeRule] INFO  safemode.SCMSafeModeManager (DataNodeSafeModeRule.java:process(71)) - SCM in safe mode. 2 DataNodes registered, 3 required.
2023-05-23 10:25:51,551 [RatisPipelineUtilsThread - 0] INFO  pipeline.RatisPipelineProvider (RatisPipelineProvider.java:lambda$create$0(206)) - Sending CreatePipelineCommand for pipeline:PipelineID=2d03b8dc-0e46-44d8-b77b-1cb070401100 to datanode:54284929-3371-4a1e-b544-6f7fda27a691
2023-05-23 10:25:51,552 [RatisPipelineUtilsThread - 0] INFO  pipeline.PipelineStateManagerImpl (PipelineStateManagerImpl.java:addPipeline(103)) - Created pipeline Pipeline[ Id: 2d03b8dc-0e46-44d8-b77b-1cb070401100, Nodes: 54284929-3371-4a1e-b544-6f7fda27a691(fv-az1249-304/10.1.0.38), ReplicationConfig: RATIS/ONE, State:ALLOCATED, leaderId:, CreationTimestamp2023-05-23T10:25:51.551Z[Etc/UTC]].
2023-05-23 10:25:51,562 [Listener at 127.0.0.1/15100] INFO  ozone.MiniOzoneClusterImpl (MiniOzoneClusterImpl.java:lambda$waitForClusterToBeReady$0(222)) - Waiting for nodes to be ready. Got 2 of 5 DN Heartbeats.
2023-05-23 10:25:51,562 [Listener at 127.0.0.1/15100] INFO  ozone.MiniOzoneClusterImpl (MiniOzoneClusterImpl.java:lambda$waitForClusterToBeReady$0(225)) - Waiting for cluster to exit safe mode
2023-05-23 10:25:51,562 [Listener at 127.0.0.1/15100] INFO  ozone.MiniOzoneClusterImpl (MiniOzoneClusterImpl.java:lambda$waitForClusterToBeReady$0(227)) - SCM became leader
2023-05-23 10:25:51,750 [ReplicationMonitor] INFO  replication.ReplicationManager (ReplicationManager.java:processAll(375)) - Replication Manager is not ready to run until 3000ms after safemode exit
2023-05-23 10:25:51,899 [IPC Server handler 1 on default port 15098] INFO  net.NetworkTopologyImpl (NetworkTopologyImpl.java:add(112)) - Added a new node: /default-rack/c8934a7e-3164-45c1-bd4f-8a83062f2a8f
2023-05-23 10:25:51,899 [IPC Server handler 1 on default port 15098] INFO  node.SCMNodeManager (SCMNodeManager.java:register(407)) - Registered Data node : c8934a7e-3164-45c1-bd4f-8a83062f2a8f{ip: 10.1.0.38, host: fv-az1249-304, ports: [HTTP=15121, REPLICATION=15127, RATIS=15123, RATIS_ADMIN=15124, RATIS_SERVER=15125, RATIS_DATASTREAM=15126, STANDALONE=15122], networkLocation: /default-rack, certSerialId: null, persistedOpState: null, persistedOpStateExpiryEpochSec: 0}
2023-05-23 10:25:51,901 [EventQueue-NodeRegistrationContainerReportForDataNodeSafeModeRule] INFO  safemode.SCMSafeModeManager (DataNodeSafeModeRule.java:process(71)) - SCM in safe mode. 3 DataNodes registered, 3 required.
2023-05-23 10:25:51,901 [EventQueue-NewNodeForNewNodeHandler] INFO  pipeline.BackgroundPipelineCreator (BackgroundPipelineCreator.java:notifyEventTriggered(276)) - trigger a one-shot run on RatisPipelineUtilsThread.
2023-05-23 10:25:51,901 [EventQueue-NodeRegistrationContainerReportForDataNodeSafeModeRule] INFO  safemode.SCMSafeModeManager (SCMSafeModeManager.java:validateSafeModeExitRules(200)) - DataNodeSafeModeRule rule is successfully validated
2023-05-23 10:25:51,901 [EventQueue-NodeRegistrationContainerReportForDataNodeSafeModeRule] INFO  safemode.SCMSafeModeManager (SCMSafeModeManager.java:completePreCheck(229)) - All SCM safe mode pre check rules have passed
2023-05-23 10:25:51,901 [EventQueue-NodeRegistrationContainerReportForDataNodeSafeModeRule] INFO  ha.SCMContext (SCMContext.java:updateSafeModeStatus(228)) - Update SafeModeStatus from SafeModeStatus{safeModeStatus=true, preCheckPassed=false} to SafeModeStatus{safeModeStatus=true, preCheckPassed=true}.
2023-05-23 10:25:51,901 [EventQueue-NodeRegistrationContainerReportForDataNodeSafeModeRule] INFO  pipeline.BackgroundPipelineCreator (BackgroundPipelineCreator.java:notifyEventTriggered(276)) - trigger a one-shot run on RatisPipelineUtilsThread.
2023-05-23 10:25:51,901 [RatisPipelineUtilsThread - 0] INFO  pipeline.RatisPipelineProvider (RatisPipelineProvider.java:lambda$create$0(206)) - Sending CreatePipelineCommand for pipeline:PipelineID=39c5a10c-bc6a-410a-8f50-53ed05e41ae4 to datanode:c8934a7e-3164-45c1-bd4f-8a83062f2a8f
2023-05-23 10:25:51,902 [RatisPipelineUtilsThread - 0] INFO  pipeline.PipelineStateManagerImpl (PipelineStateManagerImpl.java:addPipeline(103)) - Created pipeline Pipeline[ Id: 39c5a10c-bc6a-410a-8f50-53ed05e41ae4, Nodes: c8934a7e-3164-45c1-bd4f-8a83062f2a8f(fv-az1249-304/10.1.0.38), ReplicationConfig: RATIS/ONE, State:ALLOCATED, leaderId:, CreationTimestamp2023-05-23T10:25:51.901Z[Etc/UTC]].
2023-05-23 10:25:51,902 [RatisPipelineUtilsThread - 0] INFO  pipeline.RatisPipelineProvider (RatisPipelineProvider.java:lambda$create$0(206)) - Sending CreatePipelineCommand for pipeline:PipelineID=362d79f6-c8d2-406a-8969-d8d700e0c36a to datanode:4423aca3-b60e-4ab8-b093-c0faf93dfaca
2023-05-23 10:25:51,902 [RatisPipelineUtilsThread - 0] INFO  pipeline.RatisPipelineProvider (RatisPipelineProvider.java:lambda$create$0(206)) - Sending CreatePipelineCommand for pipeline:PipelineID=362d79f6-c8d2-406a-8969-d8d700e0c36a to datanode:c8934a7e-3164-45c1-bd4f-8a83062f2a8f
2023-05-23 10:25:51,902 [RatisPipelineUtilsThread - 0] INFO  pipeline.RatisPipelineProvider (RatisPipelineProvider.java:lambda$create$0(206)) - Sending CreatePipelineCommand for pipeline:PipelineID=362d79f6-c8d2-406a-8969-d8d700e0c36a to datanode:54284929-3371-4a1e-b544-6f7fda27a691
2023-05-23 10:25:51,903 [RatisPipelineUtilsThread - 0] INFO  pipeline.PipelineStateManagerImpl (PipelineStateManagerImpl.java:addPipeline(103)) - Created pipeline Pipeline[ Id: 362d79f6-c8d2-406a-8969-d8d700e0c36a, Nodes: 4423aca3-b60e-4ab8-b093-c0faf93dfaca(fv-az1249-304/10.1.0.38)c8934a7e-3164-45c1-bd4f-8a83062f2a8f(fv-az1249-304/10.1.0.38)54284929-3371-4a1e-b544-6f7fda27a691(fv-az1249-304/10.1.0.38), ReplicationConfig: RATIS/THREE, State:ALLOCATED, leaderId:, CreationTimestamp2023-05-23T10:25:51.902Z[Etc/UTC]].
2023-05-23 10:25:51,903 [RatisPipelineUtilsThread - 0] INFO  pipeline.RatisPipelineProvider (RatisPipelineProvider.java:lambda$create$0(206)) - Sending CreatePipelineCommand for pipeline:PipelineID=3417e7a8-d8c8-49d9-9466-53464b176a33 to datanode:c8934a7e-3164-45c1-bd4f-8a83062f2a8f
2023-05-23 10:25:51,904 [RatisPipelineUtilsThread - 0] INFO  pipeline.RatisPipelineProvider (RatisPipelineProvider.java:lambda$create$0(206)) - Sending CreatePipelineCommand for pipeline:PipelineID=3417e7a8-d8c8-49d9-9466-53464b176a33 to datanode:54284929-3371-4a1e-b544-6f7fda27a691
2023-05-23 10:25:51,904 [RatisPipelineUtilsThread - 0] INFO  pipeline.RatisPipelineProvider (RatisPipelineProvider.java:lambda$create$0(206)) - Sending CreatePipelineCommand for pipeline:PipelineID=3417e7a8-d8c8-49d9-9466-53464b176a33 to datanode:4423aca3-b60e-4ab8-b093-c0faf93dfaca
2023-05-23 10:25:51,904 [RatisPipelineUtilsThread - 0] INFO  pipeline.PipelineStateManagerImpl (PipelineStateManagerImpl.java:addPipeline(103)) - Created pipeline Pipeline[ Id: 3417e7a8-d8c8-49d9-9466-53464b176a33, Nodes: c8934a7e-3164-45c1-bd4f-8a83062f2a8f(fv-az1249-304/10.1.0.38)54284929-3371-4a1e-b544-6f7fda27a691(fv-az1249-304/10.1.0.38)4423aca3-b60e-4ab8-b093-c0faf93dfaca(fv-az1249-304/10.1.0.38), ReplicationConfig: RATIS/THREE, State:ALLOCATED, leaderId:, CreationTimestamp2023-05-23T10:25:51.903Z[Etc/UTC]].
2023-05-23 10:25:51,904 [RatisPipelineUtilsThread - 0] INFO  pipeline.PipelineManagerImpl (PipelineManagerImpl.java:recordMetricsForPipeline(826)) - Pipeline: PipelineID=3417e7a8-d8c8-49d9-9466-53464b176a33 contains same datanodes as previous pipelines: PipelineID=362d79f6-c8d2-406a-8969-d8d700e0c36a nodeIds: c8934a7e-3164-45c1-bd4f-8a83062f2a8f, 54284929-3371-4a1e-b544-6f7fda27a691, 4423aca3-b60e-4ab8-b093-c0faf93dfaca
2023-05-23 10:25:51,904 [RatisPipelineUtilsThread - 0] WARN  pipeline.PipelinePlacementPolicy (PipelinePlacementPolicy.java:filterViableNodes(160)) - Pipeline creation failed due to no sufficient healthy datanodes. Required 3. Found 0. Excluded 3.
2023-05-23 10:25:51,905 [RatisPipelineUtilsThread - 0] WARN  pipeline.PipelinePlacementPolicy (PipelinePlacementPolicy.java:filterViableNodes(160)) - Pipeline creation failed due to no sufficient healthy datanodes. Required 3. Found 0. Excluded 3.
2023-05-23 10:25:52,237 [IPC Server handler 2 on default port 15098] INFO  net.NetworkTopologyImpl (NetworkTopologyImpl.java:add(112)) - Added a new node: /default-rack/6e950c4a-83fa-42eb-b7f3-936364e499ea
2023-05-23 10:25:52,237 [IPC Server handler 2 on default port 15098] INFO  node.SCMNodeManager (SCMNodeManager.java:register(407)) - Registered Data node : 6e950c4a-83fa-42eb-b7f3-936364e499ea{ip: 10.1.0.38, host: fv-az1249-304, ports: [HTTP=15129, REPLICATION=15135, RATIS=15131, RATIS_ADMIN=15132, RATIS_SERVER=15133, RATIS_DATASTREAM=15134, STANDALONE=15130], networkLocation: /default-rack, certSerialId: null, persistedOpState: null, persistedOpStateExpiryEpochSec: 0}
2023-05-23 10:25:52,239 [EventQueue-NewNodeForNewNodeHandler] INFO  pipeline.BackgroundPipelineCreator (BackgroundPipelineCreator.java:notifyEventTriggered(276)) - trigger a one-shot run on RatisPipelineUtilsThread.
2023-05-23 10:25:52,239 [RatisPipelineUtilsThread - 0] INFO  pipeline.RatisPipelineProvider (RatisPipelineProvider.java:lambda$create$0(206)) - Sending CreatePipelineCommand for pipeline:PipelineID=435416e2-3744-4f0a-b35f-8859ab9ef78d to datanode:6e950c4a-83fa-42eb-b7f3-936364e499ea
2023-05-23 10:25:52,240 [RatisPipelineUtilsThread - 0] INFO  pipeline.PipelineStateManagerImpl (PipelineStateManagerImpl.java:addPipeline(103)) - Created pipeline Pipeline[ Id: 435416e2-3744-4f0a-b35f-8859ab9ef78d, Nodes: 6e950c4a-83fa-42eb-b7f3-936364e499ea(fv-az1249-304/10.1.0.38), ReplicationConfig: RATIS/ONE, State:ALLOCATED, leaderId:, CreationTimestamp2023-05-23T10:25:52.239Z[Etc/UTC]].
2023-05-23 10:25:52,240 [RatisPipelineUtilsThread - 0] WARN  pipeline.PipelinePlacementPolicy (PipelinePlacementPolicy.java:filterViableNodes(160)) - Pipeline creation failed due to no sufficient healthy datanodes. Required 3. Found 1. Excluded 3.
2023-05-23 10:25:52,563 [Listener at 127.0.0.1/15100] INFO  ozone.MiniOzoneClusterImpl (MiniOzoneClusterImpl.java:lambda$waitForClusterToBeReady$0(222)) - Waiting for nodes to be ready. Got 4 of 5 DN Heartbeats.
2023-05-23 10:25:52,563 [Listener at 127.0.0.1/15100] INFO  ozone.MiniOzoneClusterImpl (MiniOzoneClusterImpl.java:lambda$waitForClusterToBeReady$0(225)) - Waiting for cluster to exit safe mode
2023-05-23 10:25:52,563 [Listener at 127.0.0.1/15100] INFO  ozone.MiniOzoneClusterImpl (MiniOzoneClusterImpl.java:lambda$waitForClusterToBeReady$0(227)) - SCM became leader
2023-05-23 10:25:52,566 [IPC Server handler 3 on default port 15098] INFO  net.NetworkTopologyImpl (NetworkTopologyImpl.java:add(112)) - Added a new node: /default-rack/790de1da-4581-4ab1-98ae-bd0ae5797406
2023-05-23 10:25:52,566 [IPC Server handler 3 on default port 15098] INFO  node.SCMNodeManager (SCMNodeManager.java:register(407)) - Registered Data node : 790de1da-4581-4ab1-98ae-bd0ae5797406{ip: 10.1.0.38, host: fv-az1249-304, ports: [HTTP=15137, REPLICATION=15143, RATIS=15139, RATIS_ADMIN=15140, RATIS_SERVER=15141, RATIS_DATASTREAM=15142, STANDALONE=15138], networkLocation: /default-rack, certSerialId: null, persistedOpState: null, persistedOpStateExpiryEpochSec: 0}
2023-05-23 10:25:52,566 [EventQueue-NewNodeForNewNodeHandler] INFO  pipeline.BackgroundPipelineCreator (BackgroundPipelineCreator.java:notifyEventTriggered(276)) - trigger a one-shot run on RatisPipelineUtilsThread.
2023-05-23 10:25:52,567 [RatisPipelineUtilsThread - 0] INFO  pipeline.RatisPipelineProvider (RatisPipelineProvider.java:lambda$create$0(206)) - Sending CreatePipelineCommand for pipeline:PipelineID=fdae6696-d0cc-4c4f-9491-28c61c381d58 to datanode:790de1da-4581-4ab1-98ae-bd0ae5797406
2023-05-23 10:25:52,568 [RatisPipelineUtilsThread - 0] INFO  pipeline.PipelineStateManagerImpl (PipelineStateManagerImpl.java:addPipeline(103)) - Created pipeline Pipeline[ Id: fdae6696-d0cc-4c4f-9491-28c61c381d58, Nodes: 790de1da-4581-4ab1-98ae-bd0ae5797406(fv-az1249-304/10.1.0.38), ReplicationConfig: RATIS/ONE, State:ALLOCATED, leaderId:, CreationTimestamp2023-05-23T10:25:52.567Z[Etc/UTC]].
2023-05-23 10:25:52,568 [RatisPipelineUtilsThread - 0] WARN  pipeline.PipelinePlacementPolicy (PipelinePlacementPolicy.java:filterViableNodes(160)) - Pipeline creation failed due to no sufficient healthy datanodes. Required 3. Found 2. Excluded 3.
2023-05-23 10:25:52,750 [ReplicationMonitor] INFO  replication.ReplicationManager (ReplicationManager.java:processAll(375)) - Replication Manager is not ready to run until 3000ms after safemode exit
2023-05-23 10:25:53,563 [Listener at 127.0.0.1/15100] INFO  ozone.MiniOzoneClusterImpl (MiniOzoneClusterImpl.java:lambda$waitForClusterToBeReady$0(222)) - Nodes are ready. Got 5 of 5 DN Heartbeats.
2023-05-23 10:25:53,564 [Listener at 127.0.0.1/15100] INFO  ozone.MiniOzoneClusterImpl (MiniOzoneClusterImpl.java:lambda$waitForClusterToBeReady$0(225)) - Waiting for cluster to exit safe mode
2023-05-23 10:25:53,564 [Listener at 127.0.0.1/15100] INFO  ozone.MiniOzoneClusterImpl (MiniOzoneClusterImpl.java:lambda$waitForClusterToBeReady$0(227)) - SCM became leader
2023-05-23 10:25:53,750 [ReplicationMonitor] INFO  replication.ReplicationManager (ReplicationManager.java:processAll(375)) - Replication Manager is not ready to run until 3000ms after safemode exit
2023-05-23 10:25:54,208 [Command processor thread] INFO  server.RaftServer (RaftServerProxy.java:addNew(98)) - 4423aca3-b60e-4ab8-b093-c0faf93dfaca: addNew group-4F9513BB0631:[4423aca3-b60e-4ab8-b093-c0faf93dfaca|rpc:10.1.0.38:15109|admin:10.1.0.38:15108|client:10.1.0.38:15107|dataStream:10.1.0.38:15110|priority:1|startupRole:FOLLOWER] returns group-4F9513BB0631:java.util.concurrent.CompletableFuture@22c3846a[Not completed]
2023-05-23 10:25:54,209 [4423aca3-b60e-4ab8-b093-c0faf93dfaca-groupManagement] INFO  server.RaftServer$Division (RaftServerImpl.java:<init>(198)) - 4423aca3-b60e-4ab8-b093-c0faf93dfaca: new RaftServerImpl for group-4F9513BB0631:[4423aca3-b60e-4ab8-b093-c0faf93dfaca|rpc:10.1.0.38:15109|admin:10.1.0.38:15108|client:10.1.0.38:15107|dataStream:10.1.0.38:15110|priority:1|startupRole:FOLLOWER] with ContainerStateMachine:uninitialized
2023-05-23 10:25:54,209 [4423aca3-b60e-4ab8-b093-c0faf93dfaca-groupManagement] INFO  server.RaftServerConfigKeys (ConfUtils.java:logGet(46)) - raft.server.rpc.timeout.min = 5s (custom)
2023-05-23 10:25:54,209 [4423aca3-b60e-4ab8-b093-c0faf93dfaca-groupManagement] INFO  server.RaftServerConfigKeys (ConfUtils.java:logGet(46)) - raft.server.rpc.timeout.max = 5200ms (custom)
2023-05-23 10:25:54,209 [4423aca3-b60e-4ab8-b093-c0faf93dfaca-groupManagement] INFO  server.RaftServerConfigKeys (ConfUtils.java:logGet(46)) - raft.server.rpc.sleep.time = 25ms (default)
2023-05-23 10:25:54,209 [4423aca3-b60e-4ab8-b093-c0faf93dfaca-groupManagement] INFO  server.RaftServerConfigKeys (ConfUtils.java:logGet(46)) - raft.server.rpc.slowness.timeout = 300s (custom)
2023-05-23 10:25:54,209 [4423aca3-b60e-4ab8-b093-c0faf93dfaca-groupManagement] INFO  server.RaftServerConfigKeys (ConfUtils.java:logGet(46)) - raft.server.leaderelection.leader.step-down.wait-time = 10s (default)
2023-05-23 10:25:54,209 [4423aca3-b60e-4ab8-b093-c0faf93dfaca-groupManagement] INFO  server.RaftServerConfigKeys (ConfUtils.java:logGet(46)) - raft.server.sleep.deviation.threshold = 300ms (default)
2023-05-23 10:25:54,209 [4423aca3-b60e-4ab8-b093-c0faf93dfaca-groupManagement] INFO  server.RaftServer$Division (ServerState.java:<init>(120)) - 4423aca3-b60e-4ab8-b093-c0faf93dfaca@group-4F9513BB0631: ConfigurationManager, init=-1: peers:[4423aca3-b60e-4ab8-b093-c0faf93dfaca|rpc:10.1.0.38:15109|admin:10.1.0.38:15108|client:10.1.0.38:15107|dataStream:10.1.0.38:15110|priority:1|startupRole:FOLLOWER]|listeners:[], old=null, confs=<EMPTY_MAP>
2023-05-23 10:25:54,209 [4423aca3-b60e-4ab8-b093-c0faf93dfaca-groupManagement] INFO  server.RaftServerConfigKeys (ConfUtils.java:logGet(46)) - raft.server.storage.dir = [/home/runner/work/ozone/ozone/hadoop-ozone/integration-test/target/test-dir/MiniOzoneClusterImpl-bbf8790f-824b-49ae-85c2-11c1b792a20d/datanode-0/data/ratis] (custom)
2023-05-23 10:25:54,210 [4423aca3-b60e-4ab8-b093-c0faf93dfaca-groupManagement] INFO  server.RaftServerConfigKeys (ConfUtils.java:logGet(46)) - raft.server.log.corruption.policy = EXCEPTION (default)
2023-05-23 10:25:54,210 [4423aca3-b60e-4ab8-b093-c0faf93dfaca-groupManagement] INFO  server.RaftServerConfigKeys (ConfUtils.java:logGet(46)) - raft.server.storage.free-space.min = 0MB (=0) (default)
2023-05-23 10:25:54,210 [4423aca3-b60e-4ab8-b093-c0faf93dfaca-groupManagement] INFO  server.RaftServerConfigKeys (ConfUtils.java:logGet(46)) - raft.server.notification.no-leader.timeout = 300s (custom)
2023-05-23 10:25:54,210 [4423aca3-b60e-4ab8-b093-c0faf93dfaca-groupManagement] INFO  server.RaftServerConfigKeys (ConfUtils.java:logGet(46)) - raft.server.read.timeout = 10s (default)
2023-05-23 10:25:54,210 [4423aca3-b60e-4ab8-b093-c0faf93dfaca-groupManagement] INFO  server.RaftServerConfigKeys (ConfUtils.java:logGet(46)) - raft.server.retrycache.expirytime = 600000ms (custom)
2023-05-23 10:25:54,210 [4423aca3-b60e-4ab8-b093-c0faf93dfaca-groupManagement] INFO  server.RaftServerConfigKeys (ConfUtils.java:logGet(46)) - raft.server.retrycache.statistics.expirytime = 100μs (default)
2023-05-23 10:25:54,210 [4423aca3-b60e-4ab8-b093-c0faf93dfaca-groupManagement] INFO  server.RaftServerConfigKeys (ConfUtils.java:logGet(46)) - raft.server.read.option = DEFAULT (default)
2023-05-23 10:25:54,211 [4423aca3-b60e-4ab8-b093-c0faf93dfaca-groupManagement] INFO  server.RaftServerConfigKeys (ConfUtils.java:logGet(46)) - raft.server.rpc.request.timeout = 60s (custom)
2023-05-23 10:25:54,211 [4423aca3-b60e-4ab8-b093-c0faf93dfaca-groupManagement] INFO  server.RaftServerConfigKeys (ConfUtils.java:logGet(46)) - raft.server.log.appender.install.snapshot.enabled = false (custom)
2023-05-23 10:25:54,211 [4423aca3-b60e-4ab8-b093-c0faf93dfaca-groupManagement] INFO  server.RaftServerConfigKeys (ConfUtils.java:logGet(46)) - raft.server.threadpool.server.cached = true (default)
2023-05-23 10:25:54,211 [4423aca3-b60e-4ab8-b093-c0faf93dfaca-groupManagement] INFO  server.RaftServerConfigKeys (ConfUtils.java:logGet(46)) - raft.server.threadpool.server.size = 0 (default)
2023-05-23 10:25:54,211 [4423aca3-b60e-4ab8-b093-c0faf93dfaca-groupManagement] INFO  server.RaftServerConfigKeys (ConfUtils.java:logGet(46)) - raft.server.threadpool.client.cached = true (default)
2023-05-23 10:25:54,211 [4423aca3-b60e-4ab8-b093-c0faf93dfaca-groupManagement] INFO  server.RaftServerConfigKeys (ConfUtils.java:logGet(46)) - raft.server.threadpool.client.size = 0 (default)
2023-05-23 10:25:54,211 [4423aca3-b60e-4ab8-b093-c0faf93dfaca-groupManagement] INFO  storage.RaftStorageDirectory (RaftStorageDirectoryImpl.java:analyzeStorage(137)) - The storage directory /home/runner/work/ozone/ozone/hadoop-ozone/integration-test/target/test-dir/MiniOzoneClusterImpl-bbf8790f-824b-49ae-85c2-11c1b792a20d/datanode-0/data/ratis/7f620d81-5e62-4566-835b-4f9513bb0631 does not exist. Creating ...
2023-05-23 10:25:54,213 [4423aca3-b60e-4ab8-b093-c0faf93dfaca-groupManagement] INFO  storage.RaftStorageDirectory (RaftStorageDirectoryImpl.java:tryLock(231)) - Lock on /home/runner/work/ozone/ozone/hadoop-ozone/integration-test/target/test-dir/MiniOzoneClusterImpl-bbf8790f-824b-49ae-85c2-11c1b792a20d/datanode-0/data/ratis/7f620d81-5e62-4566-835b-4f9513bb0631/in_use.lock acquired by nodename 10384@fv-az1249-304
2023-05-23 10:25:54,215 [4423aca3-b60e-4ab8-b093-c0faf93dfaca-groupManagement] INFO  storage.RaftStorage (RaftStorageImpl.java:format(96)) - Storage directory /home/runner/work/ozone/ozone/hadoop-ozone/integration-test/target/test-dir/MiniOzoneClusterImpl-bbf8790f-824b-49ae-85c2-11c1b792a20d/datanode-0/data/ratis/7f620d81-5e62-4566-835b-4f9513bb0631 has been successfully formatted.
2023-05-23 10:25:54,216 [4423aca3-b60e-4ab8-b093-c0faf93dfaca-groupManagement] INFO  ratis.ContainerStateMachine (ContainerStateMachine.java:loadSnapshot(262)) - group-4F9513BB0631: The snapshot info is null. Setting the last applied indexto:(t:0, i:~)
2023-05-23 10:25:54,216 [4423aca3-b60e-4ab8-b093-c0faf93dfaca-groupManagement] INFO  server.RaftServerConfigKeys (ConfUtils.java:logGet(46)) - raft.server.log.use.memory = false (default)
2023-05-23 10:25:54,216 [4423aca3-b60e-4ab8-b093-c0faf93dfaca-groupManagement] INFO  server.RaftServerConfigKeys (ConfUtils.java:logGet(46)) - raft.server.log.purge.gap = 1000000 (custom)
2023-05-23 10:25:54,217 [4423aca3-b60e-4ab8-b093-c0faf93dfaca-groupManagement] INFO  server.RaftServerConfigKeys (ConfUtils.java:logGet(46)) - raft.server.log.appender.buffer.byte-limit = 33554432 (custom)
2023-05-23 10:25:54,217 [4423aca3-b60e-4ab8-b093-c0faf93dfaca-groupManagement] INFO  server.RaftServerConfigKeys (ConfUtils.java:logGet(46)) - raft.server.log.statemachine.data.read.timeout = 1000ms (default)
2023-05-23 10:25:54,217 [4423aca3-b60e-4ab8-b093-c0faf93dfaca-groupManagement] INFO  server.RaftServerConfigKeys (ConfUtils.java:logGet(46)) - raft.server.log.purge.preservation.log.num = 0 (default)
2023-05-23 10:25:54,217 [4423aca3-b60e-4ab8-b093-c0faf93dfaca-groupManagement] INFO  server.RaftServerConfigKeys (ConfUtils.java:logGet(46)) - raft.server.log.segment.size.max = 1048576 (custom)
2023-05-23 10:25:54,217 [EventQueue-PipelineReportForPipelineReportHandler] INFO  pipeline.PipelineManagerImpl (PipelineManagerImpl.java:openPipeline(367)) - Pipeline Pipeline[ Id: 7f620d81-5e62-4566-835b-4f9513bb0631, Nodes: 4423aca3-b60e-4ab8-b093-c0faf93dfaca(fv-az1249-304/10.1.0.38), ReplicationConfig: RATIS/ONE, State:ALLOCATED, leaderId:4423aca3-b60e-4ab8-b093-c0faf93dfaca, CreationTimestamp2023-05-23T10:25:51.218Z[Etc/UTC]] moved to OPEN state
2023-05-23 10:25:54,217 [4423aca3-b60e-4ab8-b093-c0faf93dfaca-groupManagement] INFO  server.RaftServerConfigKeys (ConfUtils.java:logGet(46)) - raft.server.log.segment.cache.num.max = 2 (custom)
2023-05-23 10:25:54,218 [4423aca3-b60e-4ab8-b093-c0faf93dfaca-groupManagement] INFO  server.RaftServerConfigKeys (ConfUtils.java:logGet(46)) - raft.server.log.segment.cache.size.max = 200MB (=209715200) (default)
2023-05-23 10:25:54,218 [4423aca3-b60e-4ab8-b093-c0faf93dfaca-groupManagement] INFO  server.RaftServerConfigKeys (ConfUtils.java:logGet(46)) - raft.server.log.appender.buffer.byte-limit = 33554432 (custom)
2023-05-23 10:25:54,218 [4423aca3-b60e-4ab8-b093-c0faf93dfaca-groupManagement] INFO  segmented.SegmentedRaftLogWorker (SegmentedRaftLogWorker.java:<init>(188)) - new 4423aca3-b60e-4ab8-b093-c0faf93dfaca@group-4F9513BB0631-SegmentedRaftLogWorker for RaftStorageImpl:Storage Directory /home/runner/work/ozone/ozone/hadoop-ozone/integration-test/target/test-dir/MiniOzoneClusterImpl-bbf8790f-824b-49ae-85c2-11c1b792a20d/datanode-0/data/ratis/7f620d81-5e62-4566-835b-4f9513bb0631
2023-05-23 10:25:54,218 [4423aca3-b60e-4ab8-b093-c0faf93dfaca-groupManagement] INFO  server.RaftServerConfigKeys (ConfUtils.java:logGet(46)) - raft.server.log.queue.byte-limit = 4294967296 (custom)
2023-05-23 10:25:54,218 [4423aca3-b60e-4ab8-b093-c0faf93dfaca-groupManagement] INFO  server.RaftServerConfigKeys (ConfUtils.java:logGet(46)) - raft.server.log.queue.element-limit = 1024 (custom)
2023-05-23 10:25:54,218 [4423aca3-b60e-4ab8-b093-c0faf93dfaca-groupManagement] INFO  server.RaftServerConfigKeys (ConfUtils.java:logGet(46)) - raft.server.log.segment.size.max = 1048576 (custom)
2023-05-23 10:25:54,219 [4423aca3-b60e-4ab8-b093-c0faf93dfaca-groupManagement] INFO  server.RaftServerConfigKeys (ConfUtils.java:logGet(46)) - raft.server.log.preallocated.size = 16384 (custom)
2023-05-23 10:25:54,219 [4423aca3-b60e-4ab8-b093-c0faf93dfaca-groupManagement] INFO  server.RaftServerConfigKeys (ConfUtils.java:logGet(46)) - raft.server.log.force.sync.num = 128 (default)
2023-05-23 10:25:54,219 [4423aca3-b60e-4ab8-b093-c0faf93dfaca-groupManagement] INFO  server.RaftServerConfigKeys (ConfUtils.java:logGet(46)) - raft.server.log.statemachine.data.sync = true (default)
2023-05-23 10:25:54,219 [4423aca3-b60e-4ab8-b093-c0faf93dfaca-groupManagement] INFO  server.RaftServerConfigKeys (ConfUtils.java:logGet(46)) - raft.server.log.statemachine.data.sync.timeout = 10s (default)
2023-05-23 10:25:54,219 [4423aca3-b60e-4ab8-b093-c0faf93dfaca-groupManagement] INFO  server.RaftServerConfigKeys (ConfUtils.java:logGet(46)) - raft.server.log.statemachine.data.sync.timeout.retry = -1 (default)
2023-05-23 10:25:54,220 [EventQueue-OpenPipelineForHealthyPipelineSafeModeRule] INFO  safemode.SCMSafeModeManager (HealthyPipelineSafeModeRule.java:process(137)) - SCM in safe mode. Healthy pipelines reported count is 0, required healthy pipeline reported count is 1
2023-05-23 10:25:54,221 [4423aca3-b60e-4ab8-b093-c0faf93dfaca-groupManagement] INFO  server.RaftServerConfigKeys (ConfUtils.java:logGet(46)) - raft.server.log.write.buffer.size = 1048576 (custom)
2023-05-23 10:25:54,221 [4423aca3-b60e-4ab8-b093-c0faf93dfaca-groupManagement] INFO  server.RaftServerConfigKeys (ConfUtils.java:logGet(46)) - raft.server.log.appender.buffer.byte-limit = 33554432 (custom)
2023-05-23 10:25:54,227 [4423aca3-b60e-4ab8-b093-c0faf93dfaca-groupManagement] INFO  server.RaftServerConfigKeys (ConfUtils.java:logGet(46)) - raft.server.log.unsafe-flush.enabled = false (default)
2023-05-23 10:25:54,227 [4423aca3-b60e-4ab8-b093-c0faf93dfaca-groupManagement] INFO  server.RaftServerConfigKeys (ConfUtils.java:logGet(46)) - raft.server.log.async-flush.enabled = false (default)
2023-05-23 10:25:54,227 [4423aca3-b60e-4ab8-b093-c0faf93dfaca-groupManagement] INFO  server.RaftServerConfigKeys (ConfUtils.java:logGet(46)) - raft.server.log.statemachine.data.caching.enabled = true (custom)
2023-05-23 10:25:54,228 [4423aca3-b60e-4ab8-b093-c0faf93dfaca-groupManagement] INFO  segmented.SegmentedRaftLogWorker (SegmentedRaftLogWorker.java:lambda$new$0(135)) - 4423aca3-b60e-4ab8-b093-c0faf93dfaca@group-4F9513BB0631-SegmentedRaftLogWorker: flushIndex: setUnconditionally 0 -> -1
2023-05-23 10:25:54,228 [4423aca3-b60e-4ab8-b093-c0faf93dfaca-groupManagement] INFO  segmented.SegmentedRaftLogWorker (SegmentedRaftLogWorker.java:lambda$new$0(135)) - 4423aca3-b60e-4ab8-b093-c0faf93dfaca@group-4F9513BB0631-SegmentedRaftLogWorker: safeCacheEvictIndex: setUnconditionally 0 -> -1
2023-05-23 10:25:54,234 [4423aca3-b60e-4ab8-b093-c0faf93dfaca-groupManagement] INFO  server.RaftServer$Division (RaftServerImpl.java:start(342)) - 4423aca3-b60e-4ab8-b093-c0faf93dfaca@group-4F9513BB0631: start as a follower, conf=-1: peers:[4423aca3-b60e-4ab8-b093-c0faf93dfaca|rpc:10.1.0.38:15109|admin:10.1.0.38:15108|client:10.1.0.38:15107|dataStream:10.1.0.38:15110|priority:1|startupRole:FOLLOWER]|listeners:[], old=null
2023-05-23 10:25:54,234 [4423aca3-b60e-4ab8-b093-c0faf93dfaca-groupManagement] INFO  server.RaftServer$Division (RaftServerImpl.java:setRole(329)) - 4423aca3-b60e-4ab8-b093-c0faf93dfaca@group-4F9513BB0631: changes role from      null to FOLLOWER at term 0 for startAsFollower
2023-05-23 10:25:54,235 [4423aca3-b60e-4ab8-b093-c0faf93dfaca-groupManagement] INFO  impl.RoleInfo (RoleInfo.java:updateAndGet(139)) - 4423aca3-b60e-4ab8-b093-c0faf93dfaca: start 4423aca3-b60e-4ab8-b093-c0faf93dfaca@group-4F9513BB0631-FollowerState
2023-05-23 10:25:54,242 [4423aca3-b60e-4ab8-b093-c0faf93dfaca-groupManagement] INFO  util.JmxRegister (JmxRegister.java:tryRegister(44)) - Successfully registered JMX Bean with object name Ratis:service=RaftServer,group=group-4F9513BB0631,id=4423aca3-b60e-4ab8-b093-c0faf93dfaca
2023-05-23 10:25:54,243 [4423aca3-b60e-4ab8-b093-c0faf93dfaca-groupManagement] INFO  server.RaftServerConfigKeys (ConfUtils.java:logGet(46)) - raft.server.snapshot.auto.trigger.enabled = true (custom)
2023-05-23 10:25:54,243 [4423aca3-b60e-4ab8-b093-c0faf93dfaca-groupManagement] INFO  server.RaftServerConfigKeys (ConfUtils.java:logGet(46)) - raft.server.snapshot.auto.trigger.threshold = 10000 (custom)
2023-05-23 10:25:54,243 [4423aca3-b60e-4ab8-b093-c0faf93dfaca-groupManagement] INFO  server.RaftServerConfigKeys (ConfUtils.java:logGet(46)) - raft.server.snapshot.retention.file.num = 5 (custom)
2023-05-23 10:25:54,243 [4423aca3-b60e-4ab8-b093-c0faf93dfaca-groupManagement] INFO  server.RaftServerConfigKeys (ConfUtils.java:logGet(46)) - raft.server.log.purge.upto.snapshot.index = false (default)
2023-05-23 10:25:54,243 [4423aca3-b60e-4ab8-b093-c0faf93dfaca@group-4F9513BB0631-FollowerState] INFO  server.RaftServerConfigKeys (ConfUtils.java:logFallback(53)) - raft.server.rpc.first-election.timeout.min = 5s (fallback to raft.server.rpc.timeout.min)
2023-05-23 10:25:54,243 [4423aca3-b60e-4ab8-b093-c0faf93dfaca@group-4F9513BB0631-FollowerState] INFO  server.RaftServerConfigKeys (ConfUtils.java:logFallback(53)) - raft.server.rpc.first-election.timeout.max = 5200ms (fallback to raft.server.rpc.timeout.max)
2023-05-23 10:25:54,243 [Command processor thread] INFO  ratis.XceiverServerRatis (XceiverServerRatis.java:addGroup(806)) - Created group PipelineID=7f620d81-5e62-4566-835b-4f9513bb0631
2023-05-23 10:25:54,244 [Command processor thread] INFO  commandhandler.CreatePipelineCommandHandler (CreatePipelineCommandHandler.java:handle(113)) - Created Pipeline RATIS ONE PipelineID=7f620d81-5e62-4566-835b-4f9513bb0631.
2023-05-23 10:25:54,244 [Command processor thread] INFO  server.RaftServer (RaftServerProxy.java:addNew(98)) - 4423aca3-b60e-4ab8-b093-c0faf93dfaca: addNew group-D8D700E0C36A:[4423aca3-b60e-4ab8-b093-c0faf93dfaca|rpc:10.1.0.38:15109|admin:10.1.0.38:15108|client:10.1.0.38:15107|dataStream:10.1.0.38:15110|priority:0|startupRole:FOLLOWER, c8934a7e-3164-45c1-bd4f-8a83062f2a8f|rpc:10.1.0.38:15125|admin:10.1.0.38:15124|client:10.1.0.38:15123|dataStream:10.1.0.38:15126|priority:0|startupRole:FOLLOWER, 54284929-3371-4a1e-b544-6f7fda27a691|rpc:10.1.0.38:15117|admin:10.1.0.38:15116|client:10.1.0.38:15115|dataStream:10.1.0.38:15118|priority:1|startupRole:FOLLOWER] returns group-D8D700E0C36A:java.util.concurrent.CompletableFuture@26fc14ea[Not completed]
2023-05-23 10:25:54,245 [4423aca3-b60e-4ab8-b093-c0faf93dfaca-groupManagement] INFO  server.RaftServer$Division (RaftServerImpl.java:<init>(198)) - 4423aca3-b60e-4ab8-b093-c0faf93dfaca: new RaftServerImpl for group-D8D700E0C36A:[4423aca3-b60e-4ab8-b093-c0faf93dfaca|rpc:10.1.0.38:15109|admin:10.1.0.38:15108|client:10.1.0.38:15107|dataStream:10.1.0.38:15110|priority:0|startupRole:FOLLOWER, c8934a7e-3164-45c1-bd4f-8a83062f2a8f|rpc:10.1.0.38:15125|admin:10.1.0.38:15124|client:10.1.0.38:15123|dataStream:10.1.0.38:15126|priority:0|startupRole:FOLLOWER, 54284929-3371-4a1e-b544-6f7fda27a691|rpc:10.1.0.38:15117|admin:10.1.0.38:15116|client:10.1.0.38:15115|dataStream:10.1.0.38:15118|priority:1|startupRole:FOLLOWER] with ContainerStateMachine:uninitialized
2023-05-23 10:25:54,245 [4423aca3-b60e-4ab8-b093-c0faf93dfaca-groupManagement] INFO  server.RaftServerConfigKeys (ConfUtils.java:logGet(46)) - raft.server.rpc.timeout.min = 5s (custom)
2023-05-23 10:25:54,245 [4423aca3-b60e-4ab8-b093-c0faf93dfaca-groupManagement] INFO  server.RaftServerConfigKeys (ConfUtils.java:logGet(46)) - raft.server.rpc.timeout.max = 5200ms (custom)
2023-05-23 10:25:54,245 [4423aca3-b60e-4ab8-b093-c0faf93dfaca-groupManagement] INFO  server.RaftServerConfigKeys (ConfUtils.java:logGet(46)) - raft.server.rpc.sleep.time = 25ms (default)
2023-05-23 10:25:54,245 [4423aca3-b60e-4ab8-b093-c0faf93dfaca-groupManagement] INFO  server.RaftServerConfigKeys (ConfUtils.java:logGet(46)) - raft.server.rpc.slowness.timeout = 300s (custom)
2023-05-23 10:25:54,246 [4423aca3-b60e-4ab8-b093-c0faf93dfaca-groupManagement] INFO  server.RaftServerConfigKeys (ConfUtils.java:logGet(46)) - raft.server.leaderelection.leader.step-down.wait-time = 10s (default)
2023-05-23 10:25:54,246 [4423aca3-b60e-4ab8-b093-c0faf93dfaca-groupManagement] INFO  server.RaftServerConfigKeys (ConfUtils.java:logGet(46)) - raft.server.sleep.deviation.threshold = 300ms (default)
2023-05-23 10:25:54,246 [4423aca3-b60e-4ab8-b093-c0faf93dfaca-groupManagement] INFO  server.RaftServer$Division (ServerState.java:<init>(120)) - 4423aca3-b60e-4ab8-b093-c0faf93dfaca@group-D8D700E0C36A: ConfigurationManager, init=-1: peers:[4423aca3-b60e-4ab8-b093-c0faf93dfaca|rpc:10.1.0.38:15109|admin:10.1.0.38:15108|client:10.1.0.38:15107|dataStream:10.1.0.38:15110|priority:0|startupRole:FOLLOWER, c8934a7e-3164-45c1-bd4f-8a83062f2a8f|rpc:10.1.0.38:15125|admin:10.1.0.38:15124|client:10.1.0.38:15123|dataStream:10.1.0.38:15126|priority:0|startupRole:FOLLOWER, 54284929-3371-4a1e-b544-6f7fda27a691|rpc:10.1.0.38:15117|admin:10.1.0.38:15116|client:10.1.0.38:15115|dataStream:10.1.0.38:15118|priority:1|startupRole:FOLLOWER]|listeners:[], old=null, confs=<EMPTY_MAP>
2023-05-23 10:25:54,246 [4423aca3-b60e-4ab8-b093-c0faf93dfaca-groupManagement] INFO  server.RaftServerConfigKeys (ConfUtils.java:logGet(46)) - raft.server.storage.dir = [/home/runner/work/ozone/ozone/hadoop-ozone/integration-test/target/test-dir/MiniOzoneClusterImpl-bbf8790f-824b-49ae-85c2-11c1b792a20d/datanode-0/data/ratis] (custom)
2023-05-23 10:25:54,246 [4423aca3-b60e-4ab8-b093-c0faf93dfaca-groupManagement] INFO  server.RaftServerConfigKeys (ConfUtils.java:logGet(46)) - raft.server.log.corruption.policy = EXCEPTION (default)
2023-05-23 10:25:54,246 [4423aca3-b60e-4ab8-b093-c0faf93dfaca-groupManagement] INFO  server.RaftServerConfigKeys (ConfUtils.java:logGet(46)) - raft.server.storage.free-space.min = 0MB (=0) (default)
2023-05-23 10:25:54,246 [4423aca3-b60e-4ab8-b093-c0faf93dfaca-groupManagement] INFO  server.RaftServerConfigKeys (ConfUtils.java:logGet(46)) - raft.server.notification.no-leader.timeout = 300s (custom)
2023-05-23 10:25:54,246 [4423aca3-b60e-4ab8-b093-c0faf93dfaca-groupManagement] INFO  server.RaftServerConfigKeys (ConfUtils.java:logGet(46)) - raft.server.read.timeout = 10s (default)
2023-05-23 10:25:54,246 [4423aca3-b60e-4ab8-b093-c0faf93dfaca-groupManagement] INFO  server.RaftServerConfigKeys (ConfUtils.java:logGet(46)) - raft.server.retrycache.expirytime = 600000ms (custom)
2023-05-23 10:25:54,246 [4423aca3-b60e-4ab8-b093-c0faf93dfaca-groupManagement] INFO  server.RaftServerConfigKeys (ConfUtils.java:logGet(46)) - raft.server.retrycache.statistics.expirytime = 100μs (default)
2023-05-23 10:25:54,246 [4423aca3-b60e-4ab8-b093-c0faf93dfaca-groupManagement] INFO  server.RaftServerConfigKeys (ConfUtils.java:logGet(46)) - raft.server.read.option = DEFAULT (default)
2023-05-23 10:25:54,247 [4423aca3-b60e-4ab8-b093-c0faf93dfaca-groupManagement] INFO  server.RaftServerConfigKeys (ConfUtils.java:logGet(46)) - raft.server.rpc.request.timeout = 60s (custom)
2023-05-23 10:25:54,247 [4423aca3-b60e-4ab8-b093-c0faf93dfaca-groupManagement] INFO  server.RaftServerConfigKeys (ConfUtils.java:logGet(46)) - raft.server.log.appender.install.snapshot.enabled = false (custom)
2023-05-23 10:25:54,247 [4423aca3-b60e-4ab8-b093-c0faf93dfaca-groupManagement] INFO  server.RaftServerConfigKeys (ConfUtils.java:logGet(46)) - raft.server.threadpool.server.cached = true (default)
2023-05-23 10:25:54,247 [4423aca3-b60e-4ab8-b093-c0faf93dfaca-groupManagement] INFO  server.RaftServerConfigKeys (ConfUtils.java:logGet(46)) - raft.server.threadpool.server.size = 0 (default)
2023-05-23 10:25:54,247 [4423aca3-b60e-4ab8-b093-c0faf93dfaca-groupManagement] INFO  server.RaftServerConfigKeys (ConfUtils.java:logGet(46)) - raft.server.threadpool.client.cached = true (default)
2023-05-23 10:25:54,247 [4423aca3-b60e-4ab8-b093-c0faf93dfaca-groupManagement] INFO  server.RaftServerConfigKeys (ConfUtils.java:logGet(46)) - raft.server.threadpool.client.size = 0 (default)
2023-05-23 10:25:54,247 [4423aca3-b60e-4ab8-b093-c0faf93dfaca-groupManagement] INFO  storage.RaftStorageDirectory (RaftStorageDirectoryImpl.java:analyzeStorage(137)) - The storage directory /home/runner/work/ozone/ozone/hadoop-ozone/integration-test/target/test-dir/MiniOzoneClusterImpl-bbf8790f-824b-49ae-85c2-11c1b792a20d/datanode-0/data/ratis/362d79f6-c8d2-406a-8969-d8d700e0c36a does not exist. Creating ...
2023-05-23 10:25:54,249 [4423aca3-b60e-4ab8-b093-c0faf93dfaca-groupManagement] INFO  storage.RaftStorageDirectory (RaftStorageDirectoryImpl.java:tryLock(231)) - Lock on /home/runner/work/ozone/ozone/hadoop-ozone/integration-test/target/test-dir/MiniOzoneClusterImpl-bbf8790f-824b-49ae-85c2-11c1b792a20d/datanode-0/data/ratis/362d79f6-c8d2-406a-8969-d8d700e0c36a/in_use.lock acquired by nodename 10384@fv-az1249-304
2023-05-23 10:25:54,251 [4423aca3-b60e-4ab8-b093-c0faf93dfaca-groupManagement] INFO  storage.RaftStorage (RaftStorageImpl.java:format(96)) - Storage directory /home/runner/work/ozone/ozone/hadoop-ozone/integration-test/target/test-dir/MiniOzoneClusterImpl-bbf8790f-824b-49ae-85c2-11c1b792a20d/datanode-0/data/ratis/362d79f6-c8d2-406a-8969-d8d700e0c36a has been successfully formatted.
2023-05-23 10:25:54,251 [4423aca3-b60e-4ab8-b093-c0faf93dfaca-groupManagement] INFO  ratis.ContainerStateMachine (ContainerStateMachine.java:loadSnapshot(262)) - group-D8D700E0C36A: The snapshot info is null. Setting the last applied indexto:(t:0, i:~)
2023-05-23 10:25:54,251 [4423aca3-b60e-4ab8-b093-c0faf93dfaca-groupManagement] INFO  server.RaftServerConfigKeys (ConfUtils.java:logGet(46)) - raft.server.log.use.memory = false (default)
2023-05-23 10:25:54,252 [4423aca3-b60e-4ab8-b093-c0faf93dfaca-groupManagement] INFO  server.RaftServerConfigKeys (ConfUtils.java:logGet(46)) - raft.server.log.purge.gap = 1000000 (custom)
2023-05-23 10:25:54,252 [4423aca3-b60e-4ab8-b093-c0faf93dfaca-groupManagement] INFO  server.RaftServerConfigKeys (ConfUtils.java:logGet(46)) - raft.server.log.appender.buffer.byte-limit = 33554432 (custom)
2023-05-23 10:25:54,252 [EventQueue-OpenPipelineForHealthyPipelineSafeModeRule] INFO  safemode.SCMSafeModeManager (HealthyPipelineSafeModeRule.java:process(137)) - SCM in safe mode. Healthy pipelines reported count is 0, required healthy pipeline reported count is 1
2023-05-23 10:25:54,255 [4423aca3-b60e-4ab8-b093-c0faf93dfaca-groupManagement] INFO  server.RaftServerConfigKeys (ConfUtils.java:logGet(46)) - raft.server.log.statemachine.data.read.timeout = 1000ms (default)
2023-05-23 10:25:54,255 [4423aca3-b60e-4ab8-b093-c0faf93dfaca-groupManagement] INFO  server.RaftServerConfigKeys (ConfUtils.java:logGet(46)) - raft.server.log.purge.preservation.log.num = 0 (default)
2023-05-23 10:25:54,255 [4423aca3-b60e-4ab8-b093-c0faf93dfaca-groupManagement] INFO  server.RaftServerConfigKeys (ConfUtils.java:logGet(46)) - raft.server.log.segment.size.max = 1048576 (custom)
2023-05-23 10:25:54,255 [4423aca3-b60e-4ab8-b093-c0faf93dfaca-groupManagement] INFO  server.RaftServerConfigKeys (ConfUtils.java:logGet(46)) - raft.server.log.segment.cache.num.max = 2 (custom)
2023-05-23 10:25:54,255 [4423aca3-b60e-4ab8-b093-c0faf93dfaca-groupManagement] INFO  server.RaftServerConfigKeys (ConfUtils.java:logGet(46)) - raft.server.log.segment.cache.size.max = 200MB (=209715200) (default)
2023-05-23 10:25:54,255 [4423aca3-b60e-4ab8-b093-c0faf93dfaca-groupManagement] INFO  server.RaftServerConfigKeys (ConfUtils.java:logGet(46)) - raft.server.log.appender.buffer.byte-limit = 33554432 (custom)
2023-05-23 10:25:54,255 [4423aca3-b60e-4ab8-b093-c0faf93dfaca-groupManagement] INFO  segmented.SegmentedRaftLogWorker (SegmentedRaftLogWorker.java:<init>(188)) - new 4423aca3-b60e-4ab8-b093-c0faf93dfaca@group-D8D700E0C36A-SegmentedRaftLogWorker for RaftStorageImpl:Storage Directory /home/runner/work/ozone/ozone/hadoop-ozone/integration-test/target/test-dir/MiniOzoneClusterImpl-bbf8790f-824b-49ae-85c2-11c1b792a20d/datanode-0/data/ratis/362d79f6-c8d2-406a-8969-d8d700e0c36a
2023-05-23 10:25:54,255 [4423aca3-b60e-4ab8-b093-c0faf93dfaca-groupManagement] INFO  server.RaftServerConfigKeys (ConfUtils.java:logGet(46)) - raft.server.log.queue.byte-limit = 4294967296 (custom)
2023-05-23 10:25:54,255 [4423aca3-b60e-4ab8-b093-c0faf93dfaca-groupManagement] INFO  server.RaftServerConfigKeys (ConfUtils.java:logGet(46)) - raft.server.log.queue.element-limit = 1024 (custom)
2023-05-23 10:25:54,256 [4423aca3-b60e-4ab8-b093-c0faf93dfaca-groupManagement] INFO  server.RaftServerConfigKeys (ConfUtils.java:logGet(46)) - raft.server.log.segment.size.max = 1048576 (custom)
2023-05-23 10:25:54,256 [4423aca3-b60e-4ab8-b093-c0faf93dfaca-groupManagement] INFO  server.RaftServerConfigKeys (ConfUtils.java:logGet(46)) - raft.server.log.preallocated.size = 16384 (custom)
2023-05-23 10:25:54,256 [4423aca3-b60e-4ab8-b093-c0faf93dfaca-groupManagement] INFO  server.RaftServerConfigKeys (ConfUtils.java:logGet(46)) - raft.server.log.force.sync.num = 128 (default)
2023-05-23 10:25:54,256 [4423aca3-b60e-4ab8-b093-c0faf93dfaca-groupManagement] INFO  server.RaftServerConfigKeys (ConfUtils.java:logGet(46)) - raft.server.log.statemachine.data.sync = true (default)
2023-05-23 10:25:54,256 [4423aca3-b60e-4ab8-b093-c0faf93dfaca-groupManagement] INFO  server.RaftServerConfigKeys (ConfUtils.java:logGet(46)) - raft.server.log.statemachine.data.sync.timeout = 10s (default)
2023-05-23 10:25:54,256 [4423aca3-b60e-4ab8-b093-c0faf93dfaca-groupManagement] INFO  server.RaftServerConfigKeys (ConfUtils.java:logGet(46)) - raft.server.log.statemachine.data.sync.timeout.retry = -1 (default)
2023-05-23 10:25:54,257 [4423aca3-b60e-4ab8-b093-c0faf93dfaca-groupManagement] INFO  server.RaftServerConfigKeys (ConfUtils.java:logGet(46)) - raft.server.log.write.buffer.size = 1048576 (custom)
2023-05-23 10:25:54,257 [4423aca3-b60e-4ab8-b093-c0faf93dfaca-groupManagement] INFO  server.RaftServerConfigKeys (ConfUtils.java:logGet(46)) - raft.server.log.appender.buffer.byte-limit = 33554432 (custom)
2023-05-23 10:25:54,380 [JvmPauseMonitor13] WARN  util.JvmPauseMonitor (JvmPauseMonitor.java:detectPause(124)) - JvmPauseMonitor-4423aca3-b60e-4ab8-b093-c0faf93dfaca: Detected pause in JVM or host machine approximately 0.120s with 0.121s GC time.
GC pool 'PS Scavenge' had collection(s): count=1 time=121ms
2023-05-23 10:25:54,387 [4423aca3-b60e-4ab8-b093-c0faf93dfaca-groupManagement] INFO  server.RaftServerConfigKeys (ConfUtils.java:logGet(46)) - raft.server.log.unsafe-flush.enabled = false (default)
2023-05-23 10:25:54,387 [4423aca3-b60e-4ab8-b093-c0faf93dfaca-groupManagement] INFO  server.RaftServerConfigKeys (ConfUtils.java:logGet(46)) - raft.server.log.async-flush.enabled = false (default)
2023-05-23 10:25:54,387 [4423aca3-b60e-4ab8-b093-c0faf93dfaca-groupManagement] INFO  server.RaftServerConfigKeys (ConfUtils.java:logGet(46)) - raft.server.log.statemachine.data.caching.enabled = true (custom)
2023-05-23 10:25:54,387 [4423aca3-b60e-4ab8-b093-c0faf93dfaca-groupManagement] INFO  segmented.SegmentedRaftLogWorker (SegmentedRaftLogWorker.java:lambda$new$0(135)) - 4423aca3-b60e-4ab8-b093-c0faf93dfaca@group-D8D700E0C36A-SegmentedRaftLogWorker: flushIndex: setUnconditionally 0 -> -1
2023-05-23 10:25:54,388 [4423aca3-b60e-4ab8-b093-c0faf93dfaca-groupManagement] INFO  segmented.SegmentedRaftLogWorker (SegmentedRaftLogWorker.java:lambda$new$0(135)) - 4423aca3-b60e-4ab8-b093-c0faf93dfaca@group-D8D700E0C36A-SegmentedRaftLogWorker: safeCacheEvictIndex: setUnconditionally 0 -> -1
2023-05-23 10:25:54,388 [4423aca3-b60e-4ab8-b093-c0faf93dfaca-groupManagement] INFO  server.RaftServer$Division (RaftServerImpl.java:start(342)) - 4423aca3-b60e-4ab8-b093-c0faf93dfaca@group-D8D700E0C36A: start as a follower, conf=-1: peers:[4423aca3-b60e-4ab8-b093-c0faf93dfaca|rpc:10.1.0.38:15109|admin:10.1.0.38:15108|client:10.1.0.38:15107|dataStream:10.1.0.38:15110|priority:0|startupRole:FOLLOWER, c8934a7e-3164-45c1-bd4f-8a83062f2a8f|rpc:10.1.0.38:15125|admin:10.1.0.38:15124|client:10.1.0.38:15123|dataStream:10.1.0.38:15126|priority:0|startupRole:FOLLOWER, 54284929-3371-4a1e-b544-6f7fda27a691|rpc:10.1.0.38:15117|admin:10.1.0.38:15116|client:10.1.0.38:15115|dataStream:10.1.0.38:15118|priority:1|startupRole:FOLLOWER]|listeners:[], old=null
2023-05-23 10:25:54,388 [4423aca3-b60e-4ab8-b093-c0faf93dfaca-groupManagement] INFO  server.RaftServer$Division (RaftServerImpl.java:setRole(329)) - 4423aca3-b60e-4ab8-b093-c0faf93dfaca@group-D8D700E0C36A: changes role from      null to FOLLOWER at term 0 for startAsFollower
2023-05-23 10:25:54,388 [4423aca3-b60e-4ab8-b093-c0faf93dfaca-groupManagement] INFO  impl.RoleInfo (RoleInfo.java:updateAndGet(139)) - 4423aca3-b60e-4ab8-b093-c0faf93dfaca: start 4423aca3-b60e-4ab8-b093-c0faf93dfaca@group-D8D700E0C36A-FollowerState
2023-05-23 10:25:54,388 [4423aca3-b60e-4ab8-b093-c0faf93dfaca-groupManagement] INFO  util.JmxRegister (JmxRegister.java:tryRegister(44)) - Successfully registered JMX Bean with object name Ratis:service=RaftServer,group=group-D8D700E0C36A,id=4423aca3-b60e-4ab8-b093-c0faf93dfaca
2023-05-23 10:25:54,394 [4423aca3-b60e-4ab8-b093-c0faf93dfaca-groupManagement] INFO  server.RaftServerConfigKeys (ConfUtils.java:logGet(46)) - raft.server.snapshot.auto.trigger.enabled = true (custom)
2023-05-23 10:25:54,394 [4423aca3-b60e-4ab8-b093-c0faf93dfaca-groupManagement] INFO  server.RaftServerConfigKeys (ConfUtils.java:logGet(46)) - raft.server.snapshot.auto.trigger.threshold = 10000 (custom)
2023-05-23 10:25:54,394 [4423aca3-b60e-4ab8-b093-c0faf93dfaca-groupManagement] INFO  server.RaftServerConfigKeys (ConfUtils.java:logGet(46)) - raft.server.snapshot.retention.file.num = 5 (custom)
2023-05-23 10:25:54,394 [4423aca3-b60e-4ab8-b093-c0faf93dfaca-groupManagement] INFO  server.RaftServerConfigKeys (ConfUtils.java:logGet(46)) - raft.server.log.purge.upto.snapshot.index = false (default)
2023-05-23 10:25:54,395 [Command processor thread] INFO  ratis.XceiverServerRatis (XceiverServerRatis.java:addGroup(806)) - Created group PipelineID=362d79f6-c8d2-406a-8969-d8d700e0c36a
2023-05-23 10:25:54,396 [4423aca3-b60e-4ab8-b093-c0faf93dfaca@group-D8D700E0C36A-FollowerState] INFO  server.RaftServerConfigKeys (ConfUtils.java:logFallback(53)) - raft.server.rpc.first-election.timeout.min = 5s (fallback to raft.server.rpc.timeout.min)
2023-05-23 10:25:54,396 [4423aca3-b60e-4ab8-b093-c0faf93dfaca@group-D8D700E0C36A-FollowerState] INFO  server.RaftServerConfigKeys (ConfUtils.java:logFallback(53)) - raft.server.rpc.first-election.timeout.max = 5200ms (fallback to raft.server.rpc.timeout.max)
2023-05-23 10:25:54,432 [grpc-default-executor-0] INFO  server.RaftServer (RaftServerProxy.java:addNew(98)) - c8934a7e-3164-45c1-bd4f-8a83062f2a8f: addNew group-D8D700E0C36A:[4423aca3-b60e-4ab8-b093-c0faf93dfaca|rpc:10.1.0.38:15109|admin:10.1.0.38:15108|client:10.1.0.38:15107|dataStream:10.1.0.38:15110|priority:0|startupRole:FOLLOWER, c8934a7e-3164-45c1-bd4f-8a83062f2a8f|rpc:10.1.0.38:15125|admin:10.1.0.38:15124|client:10.1.0.38:15123|dataStream:10.1.0.38:15126|priority:0|startupRole:FOLLOWER, 54284929-3371-4a1e-b544-6f7fda27a691|rpc:10.1.0.38:15117|admin:10.1.0.38:15116|client:10.1.0.38:15115|dataStream:10.1.0.38:15118|priority:1|startupRole:FOLLOWER] returns group-D8D700E0C36A:java.util.concurrent.CompletableFuture@7ac09438[Not completed]
2023-05-23 10:25:54,433 [c8934a7e-3164-45c1-bd4f-8a83062f2a8f-groupManagement] INFO  server.RaftServer$Division (RaftServerImpl.java:<init>(198)) - c8934a7e-3164-45c1-bd4f-8a83062f2a8f: new RaftServerImpl for group-D8D700E0C36A:[4423aca3-b60e-4ab8-b093-c0faf93dfaca|rpc:10.1.0.38:15109|admin:10.1.0.38:15108|client:10.1.0.38:15107|dataStream:10.1.0.38:15110|priority:0|startupRole:FOLLOWER, c8934a7e-3164-45c1-bd4f-8a83062f2a8f|rpc:10.1.0.38:15125|admin:10.1.0.38:15124|client:10.1.0.38:15123|dataStream:10.1.0.38:15126|priority:0|startupRole:FOLLOWER, 54284929-3371-4a1e-b544-6f7fda27a691|rpc:10.1.0.38:15117|admin:10.1.0.38:15116|client:10.1.0.38:15115|dataStream:10.1.0.38:15118|priority:1|startupRole:FOLLOWER] with ContainerStateMachine:uninitialized
2023-05-23 10:25:54,433 [c8934a7e-3164-45c1-bd4f-8a83062f2a8f-groupManagement] INFO  server.RaftServerConfigKeys (ConfUtils.java:logGet(46)) - raft.server.rpc.timeout.min = 5s (custom)
2023-05-23 10:25:54,433 [c8934a7e-3164-45c1-bd4f-8a83062f2a8f-groupManagement] INFO  server.RaftServerConfigKeys (ConfUtils.java:logGet(46)) - raft.server.rpc.timeout.max = 5200ms (custom)
2023-05-23 10:25:54,434 [c8934a7e-3164-45c1-bd4f-8a83062f2a8f-groupManagement] INFO  server.RaftServerConfigKeys (ConfUtils.java:logGet(46)) - raft.server.rpc.sleep.time = 25ms (default)
2023-05-23 10:25:54,434 [c8934a7e-3164-45c1-bd4f-8a83062f2a8f-groupManagement] INFO  server.RaftServerConfigKeys (ConfUtils.java:logGet(46)) - raft.server.rpc.slowness.timeout = 300s (custom)
2023-05-23 10:25:54,434 [c8934a7e-3164-45c1-bd4f-8a83062f2a8f-groupManagement] INFO  server.RaftServerConfigKeys (ConfUtils.java:logGet(46)) - raft.server.leaderelection.leader.step-down.wait-time = 10s (default)
2023-05-23 10:25:54,434 [c8934a7e-3164-45c1-bd4f-8a83062f2a8f-groupManagement] INFO  server.RaftServerConfigKeys (ConfUtils.java:logGet(46)) - raft.server.sleep.deviation.threshold = 300ms (default)
2023-05-23 10:25:54,434 [c8934a7e-3164-45c1-bd4f-8a83062f2a8f-groupManagement] INFO  server.RaftServer$Division (ServerState.java:<init>(120)) - c8934a7e-3164-45c1-bd4f-8a83062f2a8f@group-D8D700E0C36A: ConfigurationManager, init=-1: peers:[4423aca3-b60e-4ab8-b093-c0faf93dfaca|rpc:10.1.0.38:15109|admin:10.1.0.38:15108|client:10.1.0.38:15107|dataStream:10.1.0.38:15110|priority:0|startupRole:FOLLOWER, c8934a7e-3164-45c1-bd4f-8a83062f2a8f|rpc:10.1.0.38:15125|admin:10.1.0.38:15124|client:10.1.0.38:15123|dataStream:10.1.0.38:15126|priority:0|startupRole:FOLLOWER, 54284929-3371-4a1e-b544-6f7fda27a691|rpc:10.1.0.38:15117|admin:10.1.0.38:15116|client:10.1.0.38:15115|dataStream:10.1.0.38:15118|priority:1|startupRole:FOLLOWER]|listeners:[], old=null, confs=<EMPTY_MAP>
2023-05-23 10:25:54,434 [c8934a7e-3164-45c1-bd4f-8a83062f2a8f-groupManagement] INFO  server.RaftServerConfigKeys (ConfUtils.java:logGet(46)) - raft.server.storage.dir = [/home/runner/work/ozone/ozone/hadoop-ozone/integration-test/target/test-dir/MiniOzoneClusterImpl-bbf8790f-824b-49ae-85c2-11c1b792a20d/datanode-2/data/ratis] (custom)
2023-05-23 10:25:54,434 [c8934a7e-3164-45c1-bd4f-8a83062f2a8f-groupManagement] INFO  server.RaftServerConfigKeys (ConfUtils.java:logGet(46)) - raft.server.log.corruption.policy = EXCEPTION (default)
2023-05-23 10:25:54,434 [c8934a7e-3164-45c1-bd4f-8a83062f2a8f-groupManagement] INFO  server.RaftServerConfigKeys (ConfUtils.java:logGet(46)) - raft.server.storage.free-space.min = 0MB (=0) (default)
2023-05-23 10:25:54,434 [c8934a7e-3164-45c1-bd4f-8a83062f2a8f-groupManagement] INFO  server.RaftServerConfigKeys (ConfUtils.java:logGet(46)) - raft.server.notification.no-leader.timeout = 300s (custom)
2023-05-23 10:25:54,434 [c8934a7e-3164-45c1-bd4f-8a83062f2a8f-groupManagement] INFO  server.RaftServerConfigKeys (ConfUtils.java:logGet(46)) - raft.server.read.timeout = 10s (default)
2023-05-23 10:25:54,434 [c8934a7e-3164-45c1-bd4f-8a83062f2a8f-groupManagement] INFO  server.RaftServerConfigKeys (ConfUtils.java:logGet(46)) - raft.server.retrycache.expirytime = 600000ms (custom)
2023-05-23 10:25:54,434 [c8934a7e-3164-45c1-bd4f-8a83062f2a8f-groupManagement] INFO  server.RaftServerConfigKeys (ConfUtils.java:logGet(46)) - raft.server.retrycache.statistics.expirytime = 100μs (default)
2023-05-23 10:25:54,435 [c8934a7e-3164-45c1-bd4f-8a83062f2a8f-groupManagement] INFO  server.RaftServerConfigKeys (ConfUtils.java:logGet(46)) - raft.server.read.option = DEFAULT (default)
2023-05-23 10:25:54,435 [c8934a7e-3164-45c1-bd4f-8a83062f2a8f-groupManagement] INFO  server.RaftServerConfigKeys (ConfUtils.java:logGet(46)) - raft.server.rpc.request.timeout = 60s (custom)
2023-05-23 10:25:54,435 [c8934a7e-3164-45c1-bd4f-8a83062f2a8f-groupManagement] INFO  server.RaftServerConfigKeys (ConfUtils.java:logGet(46)) - raft.server.log.appender.install.snapshot.enabled = false (custom)
2023-05-23 10:25:54,435 [c8934a7e-3164-45c1-bd4f-8a83062f2a8f-groupManagement] INFO  server.RaftServerConfigKeys (ConfUtils.java:logGet(46)) - raft.server.threadpool.server.cached = true (default)
2023-05-23 10:25:54,435 [c8934a7e-3164-45c1-bd4f-8a83062f2a8f-groupManagement] INFO  server.RaftServerConfigKeys (ConfUtils.java:logGet(46)) - raft.server.threadpool.server.size = 0 (default)
2023-05-23 10:25:54,435 [c8934a7e-3164-45c1-bd4f-8a83062f2a8f-groupManagement] INFO  server.RaftServerConfigKeys (ConfUtils.java:logGet(46)) - raft.server.threadpool.client.cached = true (default)
2023-05-23 10:25:54,436 [c8934a7e-3164-45c1-bd4f-8a83062f2a8f-groupManagement] INFO  server.RaftServerConfigKeys (ConfUtils.java:logGet(46)) - raft.server.threadpool.client.size = 0 (default)
2023-05-23 10:25:54,436 [c8934a7e-3164-45c1-bd4f-8a83062f2a8f-groupManagement] INFO  storage.RaftStorageDirectory (RaftStorageDirectoryImpl.java:analyzeStorage(137)) - The storage directory /home/runner/work/ozone/ozone/hadoop-ozone/integration-test/target/test-dir/MiniOzoneClusterImpl-bbf8790f-824b-49ae-85c2-11c1b792a20d/datanode-2/data/ratis/362d79f6-c8d2-406a-8969-d8d700e0c36a does not exist. Creating ...
2023-05-23 10:25:54,437 [c8934a7e-3164-45c1-bd4f-8a83062f2a8f-groupManagement] INFO  storage.RaftStorageDirectory (RaftStorageDirectoryImpl.java:tryLock(231)) - Lock on /home/runner/work/ozone/ozone/hadoop-ozone/integration-test/target/test-dir/MiniOzoneClusterImpl-bbf8790f-824b-49ae-85c2-11c1b792a20d/datanode-2/data/ratis/362d79f6-c8d2-406a-8969-d8d700e0c36a/in_use.lock acquired by nodename 10384@fv-az1249-304
2023-05-23 10:25:54,438 [c8934a7e-3164-45c1-bd4f-8a83062f2a8f-groupManagement] INFO  storage.RaftStorage (RaftStorageImpl.java:format(96)) - Storage directory /home/runner/work/ozone/ozone/hadoop-ozone/integration-test/target/test-dir/MiniOzoneClusterImpl-bbf8790f-824b-49ae-85c2-11c1b792a20d/datanode-2/data/ratis/362d79f6-c8d2-406a-8969-d8d700e0c36a has been successfully formatted.
2023-05-23 10:25:54,439 [c8934a7e-3164-45c1-bd4f-8a83062f2a8f-groupManagement] INFO  ratis.ContainerStateMachine (ContainerStateMachine.java:loadSnapshot(262)) - group-D8D700E0C36A: The snapshot info is null. Setting the last applied indexto:(t:0, i:~)
2023-05-23 10:25:54,440 [c8934a7e-3164-45c1-bd4f-8a83062f2a8f-groupManagement] INFO  server.RaftServerConfigKeys (ConfUtils.java:logGet(46)) - raft.server.log.use.memory = false (default)
2023-05-23 10:25:54,440 [c8934a7e-3164-45c1-bd4f-8a83062f2a8f-groupManagement] INFO  server.RaftServerConfigKeys (ConfUtils.java:logGet(46)) - raft.server.log.purge.gap = 1000000 (custom)
2023-05-23 10:25:54,440 [c8934a7e-3164-45c1-bd4f-8a83062f2a8f-groupManagement] INFO  server.RaftServerConfigKeys (ConfUtils.java:logGet(46)) - raft.server.log.appender.buffer.byte-limit = 33554432 (custom)
2023-05-23 10:25:54,440 [c8934a7e-3164-45c1-bd4f-8a83062f2a8f-groupManagement] INFO  server.RaftServerConfigKeys (ConfUtils.java:logGet(46)) - raft.server.log.statemachine.data.read.timeout = 1000ms (default)
2023-05-23 10:25:54,440 [c8934a7e-3164-45c1-bd4f-8a83062f2a8f-groupManagement] INFO  server.RaftServerConfigKeys (ConfUtils.java:logGet(46)) - raft.server.log.purge.preservation.log.num = 0 (default)
2023-05-23 10:25:54,440 [c8934a7e-3164-45c1-bd4f-8a83062f2a8f-groupManagement] INFO  server.RaftServerConfigKeys (ConfUtils.java:logGet(46)) - raft.server.log.segment.size.max = 1048576 (custom)
2023-05-23 10:25:54,441 [c8934a7e-3164-45c1-bd4f-8a83062f2a8f-groupManagement] INFO  server.RaftServerConfigKeys (ConfUtils.java:logGet(46)) - raft.server.log.segment.cache.num.max = 2 (custom)
2023-05-23 10:25:54,441 [c8934a7e-3164-45c1-bd4f-8a83062f2a8f-groupManagement] INFO  server.RaftServerConfigKeys (ConfUtils.java:logGet(46)) - raft.server.log.segment.cache.size.max = 200MB (=209715200) (default)
2023-05-23 10:25:54,441 [c8934a7e-3164-45c1-bd4f-8a83062f2a8f-groupManagement] INFO  server.RaftServerConfigKeys (ConfUtils.java:logGet(46)) - raft.server.log.appender.buffer.byte-limit = 33554432 (custom)
2023-05-23 10:25:54,441 [c8934a7e-3164-45c1-bd4f-8a83062f2a8f-groupManagement] INFO  segmented.SegmentedRaftLogWorker (SegmentedRaftLogWorker.java:<init>(188)) - new c8934a7e-3164-45c1-bd4f-8a83062f2a8f@group-D8D700E0C36A-SegmentedRaftLogWorker for RaftStorageImpl:Storage Directory /home/runner/work/ozone/ozone/hadoop-ozone/integration-test/target/test-dir/MiniOzoneClusterImpl-bbf8790f-824b-49ae-85c2-11c1b792a20d/datanode-2/data/ratis/362d79f6-c8d2-406a-8969-d8d700e0c36a
2023-05-23 10:25:54,441 [c8934a7e-3164-45c1-bd4f-8a83062f2a8f-groupManagement] INFO  server.RaftServerConfigKeys (ConfUtils.java:logGet(46)) - raft.server.log.queue.byte-limit = 4294967296 (custom)
2023-05-23 10:25:54,441 [c8934a7e-3164-45c1-bd4f-8a83062f2a8f-groupManagement] INFO  server.RaftServerConfigKeys (ConfUtils.java:logGet(46)) - raft.server.log.queue.element-limit = 1024 (custom)
2023-05-23 10:25:54,441 [c8934a7e-3164-45c1-bd4f-8a83062f2a8f-groupManagement] INFO  server.RaftServerConfigKeys (ConfUtils.java:logGet(46)) - raft.server.log.segment.size.max = 1048576 (custom)
2023-05-23 10:25:54,441 [c8934a7e-3164-45c1-bd4f-8a83062f2a8f-groupManagement] INFO  server.RaftServerConfigKeys (ConfUtils.java:logGet(46)) - raft.server.log.preallocated.size = 16384 (custom)
2023-05-23 10:25:54,441 [c8934a7e-3164-45c1-bd4f-8a83062f2a8f-groupManagement] INFO  server.RaftServerConfigKeys (ConfUtils.java:logGet(46)) - raft.server.log.force.sync.num = 128 (default)
2023-05-23 10:25:54,441 [c8934a7e-3164-45c1-bd4f-8a83062f2a8f-groupManagement] INFO  server.RaftServerConfigKeys (ConfUtils.java:logGet(46)) - raft.server.log.statemachine.data.sync = true (default)
2023-05-23 10:25:54,441 [c8934a7e-3164-45c1-bd4f-8a83062f2a8f-groupManagement] INFO  server.RaftServerConfigKeys (ConfUtils.java:logGet(46)) - raft.server.log.statemachine.data.sync.timeout = 10s (default)
2023-05-23 10:25:54,441 [c8934a7e-3164-45c1-bd4f-8a83062f2a8f-groupManagement] INFO  server.RaftServerConfigKeys (ConfUtils.java:logGet(46)) - raft.server.log.statemachine.data.sync.timeout.retry = -1 (default)
2023-05-23 10:25:54,442 [c8934a7e-3164-45c1-bd4f-8a83062f2a8f-groupManagement] INFO  server.RaftServerConfigKeys (ConfUtils.java:logGet(46)) - raft.server.log.write.buffer.size = 1048576 (custom)
2023-05-23 10:25:54,443 [c8934a7e-3164-45c1-bd4f-8a83062f2a8f-groupManagement] INFO  server.RaftServerConfigKeys (ConfUtils.java:logGet(46)) - raft.server.log.appender.buffer.byte-limit = 33554432 (custom)
2023-05-23 10:25:54,448 [c8934a7e-3164-45c1-bd4f-8a83062f2a8f-groupManagement] INFO  server.RaftServerConfigKeys (ConfUtils.java:logGet(46)) - raft.server.log.unsafe-flush.enabled = false (default)
2023-05-23 10:25:54,448 [c8934a7e-3164-45c1-bd4f-8a83062f2a8f-groupManagement] INFO  server.RaftServerConfigKeys (ConfUtils.java:logGet(46)) - raft.server.log.async-flush.enabled = false (default)
2023-05-23 10:25:54,448 [c8934a7e-3164-45c1-bd4f-8a83062f2a8f-groupManagement] INFO  server.RaftServerConfigKeys (ConfUtils.java:logGet(46)) - raft.server.log.statemachine.data.caching.enabled = true (custom)
2023-05-23 10:25:54,449 [c8934a7e-3164-45c1-bd4f-8a83062f2a8f-groupManagement] INFO  segmented.SegmentedRaftLogWorker (SegmentedRaftLogWorker.java:lambda$new$0(135)) - c8934a7e-3164-45c1-bd4f-8a83062f2a8f@group-D8D700E0C36A-SegmentedRaftLogWorker: flushIndex: setUnconditionally 0 -> -1
2023-05-23 10:25:54,449 [c8934a7e-3164-45c1-bd4f-8a83062f2a8f-groupManagement] INFO  segmented.SegmentedRaftLogWorker (SegmentedRaftLogWorker.java:lambda$new$0(135)) - c8934a7e-3164-45c1-bd4f-8a83062f2a8f@group-D8D700E0C36A-SegmentedRaftLogWorker: safeCacheEvictIndex: setUnconditionally 0 -> -1
2023-05-23 10:25:54,449 [c8934a7e-3164-45c1-bd4f-8a83062f2a8f-groupManagement] INFO  server.RaftServer$Division (RaftServerImpl.java:start(342)) - c8934a7e-3164-45c1-bd4f-8a83062f2a8f@group-D8D700E0C36A: start as a follower, conf=-1: peers:[4423aca3-b60e-4ab8-b093-c0faf93dfaca|rpc:10.1.0.38:15109|admin:10.1.0.38:15108|client:10.1.0.38:15107|dataStream:10.1.0.38:15110|priority:0|startupRole:FOLLOWER, c8934a7e-3164-45c1-bd4f-8a83062f2a8f|rpc:10.1.0.38:15125|admin:10.1.0.38:15124|client:10.1.0.38:15123|dataStream:10.1.0.38:15126|priority:0|startupRole:FOLLOWER, 54284929-3371-4a1e-b544-6f7fda27a691|rpc:10.1.0.38:15117|admin:10.1.0.38:15116|client:10.1.0.38:15115|dataStream:10.1.0.38:15118|priority:1|startupRole:FOLLOWER]|listeners:[], old=null
2023-05-23 10:25:54,449 [c8934a7e-3164-45c1-bd4f-8a83062f2a8f-groupManagement] INFO  server.RaftServer$Division (RaftServerImpl.java:setRole(329)) - c8934a7e-3164-45c1-bd4f-8a83062f2a8f@group-D8D700E0C36A: changes role from      null to FOLLOWER at term 0 for startAsFollower
2023-05-23 10:25:54,449 [c8934a7e-3164-45c1-bd4f-8a83062f2a8f-groupManagement] INFO  impl.RoleInfo (RoleInfo.java:updateAndGet(139)) - c8934a7e-3164-45c1-bd4f-8a83062f2a8f: start c8934a7e-3164-45c1-bd4f-8a83062f2a8f@group-D8D700E0C36A-FollowerState
2023-05-23 10:25:54,449 [c8934a7e-3164-45c1-bd4f-8a83062f2a8f-groupManagement] INFO  util.JmxRegister (JmxRegister.java:tryRegister(44)) - Successfully registered JMX Bean with object name Ratis:service=RaftServer,group=group-D8D700E0C36A,id=c8934a7e-3164-45c1-bd4f-8a83062f2a8f
2023-05-23 10:25:54,449 [c8934a7e-3164-45c1-bd4f-8a83062f2a8f@group-D8D700E0C36A-FollowerState] INFO  server.RaftServerConfigKeys (ConfUtils.java:logFallback(53)) - raft.server.rpc.first-election.timeout.min = 5s (fallback to raft.server.rpc.timeout.min)
2023-05-23 10:25:54,449 [c8934a7e-3164-45c1-bd4f-8a83062f2a8f-groupManagement] INFO  server.RaftServerConfigKeys (ConfUtils.java:logGet(46)) - raft.server.snapshot.auto.trigger.enabled = true (custom)
2023-05-23 10:25:54,450 [c8934a7e-3164-45c1-bd4f-8a83062f2a8f@group-D8D700E0C36A-FollowerState] INFO  server.RaftServerConfigKeys (ConfUtils.java:logFallback(53)) - raft.server.rpc.first-election.timeout.max = 5200ms (fallback to raft.server.rpc.timeout.max)
2023-05-23 10:25:54,450 [c8934a7e-3164-45c1-bd4f-8a83062f2a8f-groupManagement] INFO  server.RaftServerConfigKeys (ConfUtils.java:logGet(46)) - raft.server.snapshot.auto.trigger.threshold = 10000 (custom)
2023-05-23 10:25:54,450 [c8934a7e-3164-45c1-bd4f-8a83062f2a8f-groupManagement] INFO  server.RaftServerConfigKeys (ConfUtils.java:logGet(46)) - raft.server.snapshot.retention.file.num = 5 (custom)
2023-05-23 10:25:54,450 [c8934a7e-3164-45c1-bd4f-8a83062f2a8f-groupManagement] INFO  server.RaftServerConfigKeys (ConfUtils.java:logGet(46)) - raft.server.log.purge.upto.snapshot.index = false (default)
2023-05-23 10:25:54,471 [grpc-default-executor-0] INFO  server.RaftServer (RaftServerProxy.java:addNew(98)) - 54284929-3371-4a1e-b544-6f7fda27a691: addNew group-D8D700E0C36A:[4423aca3-b60e-4ab8-b093-c0faf93dfaca|rpc:10.1.0.38:15109|admin:10.1.0.38:15108|client:10.1.0.38:15107|dataStream:10.1.0.38:15110|priority:0|startupRole:FOLLOWER, c8934a7e-3164-45c1-bd4f-8a83062f2a8f|rpc:10.1.0.38:15125|admin:10.1.0.38:15124|client:10.1.0.38:15123|dataStream:10.1.0.38:15126|priority:0|startupRole:FOLLOWER, 54284929-3371-4a1e-b544-6f7fda27a691|rpc:10.1.0.38:15117|admin:10.1.0.38:15116|client:10.1.0.38:15115|dataStream:10.1.0.38:15118|priority:1|startupRole:FOLLOWER] returns group-D8D700E0C36A:java.util.concurrent.CompletableFuture@26f610ce[Not completed]
2023-05-23 10:25:54,473 [54284929-3371-4a1e-b544-6f7fda27a691-groupManagement] INFO  server.RaftServer$Division (RaftServerImpl.java:<init>(198)) - 54284929-3371-4a1e-b544-6f7fda27a691: new RaftServerImpl for group-D8D700E0C36A:[4423aca3-b60e-4ab8-b093-c0faf93dfaca|rpc:10.1.0.38:15109|admin:10.1.0.38:15108|client:10.1.0.38:15107|dataStream:10.1.0.38:15110|priority:0|startupRole:FOLLOWER, c8934a7e-3164-45c1-bd4f-8a83062f2a8f|rpc:10.1.0.38:15125|admin:10.1.0.38:15124|client:10.1.0.38:15123|dataStream:10.1.0.38:15126|priority:0|startupRole:FOLLOWER, 54284929-3371-4a1e-b544-6f7fda27a691|rpc:10.1.0.38:15117|admin:10.1.0.38:15116|client:10.1.0.38:15115|dataStream:10.1.0.38:15118|priority:1|startupRole:FOLLOWER] with ContainerStateMachine:uninitialized
2023-05-23 10:25:54,473 [54284929-3371-4a1e-b544-6f7fda27a691-groupManagement] INFO  server.RaftServerConfigKeys (ConfUtils.java:logGet(46)) - raft.server.rpc.timeout.min = 5s (custom)
2023-05-23 10:25:54,473 [54284929-3371-4a1e-b544-6f7fda27a691-groupManagement] INFO  server.RaftServerConfigKeys (ConfUtils.java:logGet(46)) - raft.server.rpc.timeout.max = 5200ms (custom)
2023-05-23 10:25:54,473 [54284929-3371-4a1e-b544-6f7fda27a691-groupManagement] INFO  server.RaftServerConfigKeys (ConfUtils.java:logGet(46)) - raft.server.rpc.sleep.time = 25ms (default)
2023-05-23 10:25:54,473 [54284929-3371-4a1e-b544-6f7fda27a691-groupManagement] INFO  server.RaftServerConfigKeys (ConfUtils.java:logGet(46)) - raft.server.rpc.slowness.timeout = 300s (custom)
2023-05-23 10:25:54,473 [54284929-3371-4a1e-b544-6f7fda27a691-groupManagement] INFO  server.RaftServerConfigKeys (ConfUtils.java:logGet(46)) - raft.server.leaderelection.leader.step-down.wait-time = 10s (default)
2023-05-23 10:25:54,473 [54284929-3371-4a1e-b544-6f7fda27a691-groupManagement] INFO  server.RaftServerConfigKeys (ConfUtils.java:logGet(46)) - raft.server.sleep.deviation.threshold = 300ms (default)
2023-05-23 10:25:54,473 [54284929-3371-4a1e-b544-6f7fda27a691-groupManagement] INFO  server.RaftServer$Division (ServerState.java:<init>(120)) - 54284929-3371-4a1e-b544-6f7fda27a691@group-D8D700E0C36A: ConfigurationManager, init=-1: peers:[4423aca3-b60e-4ab8-b093-c0faf93dfaca|rpc:10.1.0.38:15109|admin:10.1.0.38:15108|client:10.1.0.38:15107|dataStream:10.1.0.38:15110|priority:0|startupRole:FOLLOWER, c8934a7e-3164-45c1-bd4f-8a83062f2a8f|rpc:10.1.0.38:15125|admin:10.1.0.38:15124|client:10.1.0.38:15123|dataStream:10.1.0.38:15126|priority:0|startupRole:FOLLOWER, 54284929-3371-4a1e-b544-6f7fda27a691|rpc:10.1.0.38:15117|admin:10.1.0.38:15116|client:10.1.0.38:15115|dataStream:10.1.0.38:15118|priority:1|startupRole:FOLLOWER]|listeners:[], old=null, confs=<EMPTY_MAP>
2023-05-23 10:25:54,473 [54284929-3371-4a1e-b544-6f7fda27a691-groupManagement] INFO  server.RaftServerConfigKeys (ConfUtils.java:logGet(46)) - raft.server.storage.dir = [/home/runner/work/ozone/ozone/hadoop-ozone/integration-test/target/test-dir/MiniOzoneClusterImpl-bbf8790f-824b-49ae-85c2-11c1b792a20d/datanode-1/data/ratis] (custom)
2023-05-23 10:25:54,474 [54284929-3371-4a1e-b544-6f7fda27a691-groupManagement] INFO  server.RaftServerConfigKeys (ConfUtils.java:logGet(46)) - raft.server.log.corruption.policy = EXCEPTION (default)
2023-05-23 10:25:54,474 [54284929-3371-4a1e-b544-6f7fda27a691-groupManagement] INFO  server.RaftServerConfigKeys (ConfUtils.java:logGet(46)) - raft.server.storage.free-space.min = 0MB (=0) (default)
2023-05-23 10:25:54,474 [54284929-3371-4a1e-b544-6f7fda27a691-groupManagement] INFO  server.RaftServerConfigKeys (ConfUtils.java:logGet(46)) - raft.server.notification.no-leader.timeout = 300s (custom)
2023-05-23 10:25:54,474 [54284929-3371-4a1e-b544-6f7fda27a691-groupManagement] INFO  server.RaftServerConfigKeys (ConfUtils.java:logGet(46)) - raft.server.read.timeout = 10s (default)
2023-05-23 10:25:54,474 [54284929-3371-4a1e-b544-6f7fda27a691-groupManagement] INFO  server.RaftServerConfigKeys (ConfUtils.java:logGet(46)) - raft.server.retrycache.expirytime = 600000ms (custom)
2023-05-23 10:25:54,474 [54284929-3371-4a1e-b544-6f7fda27a691-groupManagement] INFO  server.RaftServerConfigKeys (ConfUtils.java:logGet(46)) - raft.server.retrycache.statistics.expirytime = 100μs (default)
2023-05-23 10:25:54,474 [54284929-3371-4a1e-b544-6f7fda27a691-groupManagement] INFO  server.RaftServerConfigKeys (ConfUtils.java:logGet(46)) - raft.server.read.option = DEFAULT (default)
2023-05-23 10:25:54,475 [54284929-3371-4a1e-b544-6f7fda27a691-groupManagement] INFO  server.RaftServerConfigKeys (ConfUtils.java:logGet(46)) - raft.server.rpc.request.timeout = 60s (custom)
2023-05-23 10:25:54,475 [54284929-3371-4a1e-b544-6f7fda27a691-groupManagement] INFO  server.RaftServerConfigKeys (ConfUtils.java:logGet(46)) - raft.server.log.appender.install.snapshot.enabled = false (custom)
2023-05-23 10:25:54,475 [54284929-3371-4a1e-b544-6f7fda27a691-groupManagement] INFO  server.RaftServerConfigKeys (ConfUtils.java:logGet(46)) - raft.server.threadpool.server.cached = true (default)
2023-05-23 10:25:54,475 [54284929-3371-4a1e-b544-6f7fda27a691-groupManagement] INFO  server.RaftServerConfigKeys (ConfUtils.java:logGet(46)) - raft.server.threadpool.server.size = 0 (default)
2023-05-23 10:25:54,475 [54284929-3371-4a1e-b544-6f7fda27a691-groupManagement] INFO  server.RaftServerConfigKeys (ConfUtils.java:logGet(46)) - raft.server.threadpool.client.cached = true (default)
2023-05-23 10:25:54,475 [54284929-3371-4a1e-b544-6f7fda27a691-groupManagement] INFO  server.RaftServerConfigKeys (ConfUtils.java:logGet(46)) - raft.server.threadpool.client.size = 0 (default)
2023-05-23 10:25:54,475 [54284929-3371-4a1e-b544-6f7fda27a691-groupManagement] INFO  storage.RaftStorageDirectory (RaftStorageDirectoryImpl.java:analyzeStorage(137)) - The storage directory /home/runner/work/ozone/ozone/hadoop-ozone/integration-test/target/test-dir/MiniOzoneClusterImpl-bbf8790f-824b-49ae-85c2-11c1b792a20d/datanode-1/data/ratis/362d79f6-c8d2-406a-8969-d8d700e0c36a does not exist. Creating ...
2023-05-23 10:25:54,476 [54284929-3371-4a1e-b544-6f7fda27a691-groupManagement] INFO  storage.RaftStorageDirectory (RaftStorageDirectoryImpl.java:tryLock(231)) - Lock on /home/runner/work/ozone/ozone/hadoop-ozone/integration-test/target/test-dir/MiniOzoneClusterImpl-bbf8790f-824b-49ae-85c2-11c1b792a20d/datanode-1/data/ratis/362d79f6-c8d2-406a-8969-d8d700e0c36a/in_use.lock acquired by nodename 10384@fv-az1249-304
2023-05-23 10:25:54,478 [54284929-3371-4a1e-b544-6f7fda27a691-groupManagement] INFO  storage.RaftStorage (RaftStorageImpl.java:format(96)) - Storage directory /home/runner/work/ozone/ozone/hadoop-ozone/integration-test/target/test-dir/MiniOzoneClusterImpl-bbf8790f-824b-49ae-85c2-11c1b792a20d/datanode-1/data/ratis/362d79f6-c8d2-406a-8969-d8d700e0c36a has been successfully formatted.
2023-05-23 10:25:54,479 [54284929-3371-4a1e-b544-6f7fda27a691-groupManagement] INFO  ratis.ContainerStateMachine (ContainerStateMachine.java:loadSnapshot(262)) - group-D8D700E0C36A: The snapshot info is null. Setting the last applied indexto:(t:0, i:~)
2023-05-23 10:25:54,479 [54284929-3371-4a1e-b544-6f7fda27a691-groupManagement] INFO  server.RaftServerConfigKeys (ConfUtils.java:logGet(46)) - raft.server.log.use.memory = false (default)
2023-05-23 10:25:54,479 [54284929-3371-4a1e-b544-6f7fda27a691-groupManagement] INFO  server.RaftServerConfigKeys (ConfUtils.java:logGet(46)) - raft.server.log.purge.gap = 1000000 (custom)
2023-05-23 10:25:54,480 [54284929-3371-4a1e-b544-6f7fda27a691-groupManagement] INFO  server.RaftServerConfigKeys (ConfUtils.java:logGet(46)) - raft.server.log.appender.buffer.byte-limit = 33554432 (custom)
2023-05-23 10:25:54,480 [54284929-3371-4a1e-b544-6f7fda27a691-groupManagement] INFO  server.RaftServerConfigKeys (ConfUtils.java:logGet(46)) - raft.server.log.statemachine.data.read.timeout = 1000ms (default)
2023-05-23 10:25:54,480 [54284929-3371-4a1e-b544-6f7fda27a691-groupManagement] INFO  server.RaftServerConfigKeys (ConfUtils.java:logGet(46)) - raft.server.log.purge.preservation.log.num = 0 (default)
2023-05-23 10:25:54,480 [54284929-3371-4a1e-b544-6f7fda27a691-groupManagement] INFO  server.RaftServerConfigKeys (ConfUtils.java:logGet(46)) - raft.server.log.segment.size.max = 1048576 (custom)
2023-05-23 10:25:54,481 [54284929-3371-4a1e-b544-6f7fda27a691-groupManagement] INFO  server.RaftServerConfigKeys (ConfUtils.java:logGet(46)) - raft.server.log.segment.cache.num.max = 2 (custom)
2023-05-23 10:25:54,481 [54284929-3371-4a1e-b544-6f7fda27a691-groupManagement] INFO  server.RaftServerConfigKeys (ConfUtils.java:logGet(46)) - raft.server.log.segment.cache.size.max = 200MB (=209715200) (default)
2023-05-23 10:25:54,481 [54284929-3371-4a1e-b544-6f7fda27a691-groupManagement] INFO  server.RaftServerConfigKeys (ConfUtils.java:logGet(46)) - raft.server.log.appender.buffer.byte-limit = 33554432 (custom)
2023-05-23 10:25:54,481 [54284929-3371-4a1e-b544-6f7fda27a691-groupManagement] INFO  segmented.SegmentedRaftLogWorker (SegmentedRaftLogWorker.java:<init>(188)) - new 54284929-3371-4a1e-b544-6f7fda27a691@group-D8D700E0C36A-SegmentedRaftLogWorker for RaftStorageImpl:Storage Directory /home/runner/work/ozone/ozone/hadoop-ozone/integration-test/target/test-dir/MiniOzoneClusterImpl-bbf8790f-824b-49ae-85c2-11c1b792a20d/datanode-1/data/ratis/362d79f6-c8d2-406a-8969-d8d700e0c36a
2023-05-23 10:25:54,481 [54284929-3371-4a1e-b544-6f7fda27a691-groupManagement] INFO  server.RaftServerConfigKeys (ConfUtils.java:logGet(46)) - raft.server.log.queue.byte-limit = 4294967296 (custom)
2023-05-23 10:25:54,481 [54284929-3371-4a1e-b544-6f7fda27a691-groupManagement] INFO  server.RaftServerConfigKeys (ConfUtils.java:logGet(46)) - raft.server.log.queue.element-limit = 1024 (custom)
2023-05-23 10:25:54,481 [54284929-3371-4a1e-b544-6f7fda27a691-groupManagement] INFO  server.RaftServerConfigKeys (ConfUtils.java:logGet(46)) - raft.server.log.segment.size.max = 1048576 (custom)
2023-05-23 10:25:54,481 [54284929-3371-4a1e-b544-6f7fda27a691-groupManagement] INFO  server.RaftServerConfigKeys (ConfUtils.java:logGet(46)) - raft.server.log.preallocated.size = 16384 (custom)
2023-05-23 10:25:54,481 [54284929-3371-4a1e-b544-6f7fda27a691-groupManagement] INFO  server.RaftServerConfigKeys (ConfUtils.java:logGet(46)) - raft.server.log.force.sync.num = 128 (default)
2023-05-23 10:25:54,481 [54284929-3371-4a1e-b544-6f7fda27a691-groupManagement] INFO  server.RaftServerConfigKeys (ConfUtils.java:logGet(46)) - raft.server.log.statemachine.data.sync = true (default)
2023-05-23 10:25:54,481 [54284929-3371-4a1e-b544-6f7fda27a691-groupManagement] INFO  server.RaftServerConfigKeys (ConfUtils.java:logGet(46)) - raft.server.log.statemachine.data.sync.timeout = 10s (default)
2023-05-23 10:25:54,481 [54284929-3371-4a1e-b544-6f7fda27a691-groupManagement] INFO  server.RaftServerConfigKeys (ConfUtils.java:logGet(46)) - raft.server.log.statemachine.data.sync.timeout.retry = -1 (default)
2023-05-23 10:25:54,482 [54284929-3371-4a1e-b544-6f7fda27a691-groupManagement] INFO  server.RaftServerConfigKeys (ConfUtils.java:logGet(46)) - raft.server.log.write.buffer.size = 1048576 (custom)
2023-05-23 10:25:54,483 [54284929-3371-4a1e-b544-6f7fda27a691-groupManagement] INFO  server.RaftServerConfigKeys (ConfUtils.java:logGet(46)) - raft.server.log.appender.buffer.byte-limit = 33554432 (custom)
2023-05-23 10:25:54,488 [54284929-3371-4a1e-b544-6f7fda27a691-groupManagement] INFO  server.RaftServerConfigKeys (ConfUtils.java:logGet(46)) - raft.server.log.unsafe-flush.enabled = false (default)
2023-05-23 10:25:54,488 [54284929-3371-4a1e-b544-6f7fda27a691-groupManagement] INFO  server.RaftServerConfigKeys (ConfUtils.java:logGet(46)) - raft.server.log.async-flush.enabled = false (default)
2023-05-23 10:25:54,488 [54284929-3371-4a1e-b544-6f7fda27a691-groupManagement] INFO  server.RaftServerConfigKeys (ConfUtils.java:logGet(46)) - raft.server.log.statemachine.data.caching.enabled = true (custom)
2023-05-23 10:25:54,489 [54284929-3371-4a1e-b544-6f7fda27a691-groupManagement] INFO  segmented.SegmentedRaftLogWorker (SegmentedRaftLogWorker.java:lambda$new$0(135)) - 54284929-3371-4a1e-b544-6f7fda27a691@group-D8D700E0C36A-SegmentedRaftLogWorker: flushIndex: setUnconditionally 0 -> -1
2023-05-23 10:25:54,489 [54284929-3371-4a1e-b544-6f7fda27a691-groupManagement] INFO  segmented.SegmentedRaftLogWorker (SegmentedRaftLogWorker.java:lambda$new$0(135)) - 54284929-3371-4a1e-b544-6f7fda27a691@group-D8D700E0C36A-SegmentedRaftLogWorker: safeCacheEvictIndex: setUnconditionally 0 -> -1
2023-05-23 10:25:54,489 [54284929-3371-4a1e-b544-6f7fda27a691-groupManagement] INFO  server.RaftServer$Division (RaftServerImpl.java:start(342)) - 54284929-3371-4a1e-b544-6f7fda27a691@group-D8D700E0C36A: start as a follower, conf=-1: peers:[4423aca3-b60e-4ab8-b093-c0faf93dfaca|rpc:10.1.0.38:15109|admin:10.1.0.38:15108|client:10.1.0.38:15107|dataStream:10.1.0.38:15110|priority:0|startupRole:FOLLOWER, c8934a7e-3164-45c1-bd4f-8a83062f2a8f|rpc:10.1.0.38:15125|admin:10.1.0.38:15124|client:10.1.0.38:15123|dataStream:10.1.0.38:15126|priority:0|startupRole:FOLLOWER, 54284929-3371-4a1e-b544-6f7fda27a691|rpc:10.1.0.38:15117|admin:10.1.0.38:15116|client:10.1.0.38:15115|dataStream:10.1.0.38:15118|priority:1|startupRole:FOLLOWER]|listeners:[], old=null
2023-05-23 10:25:54,489 [54284929-3371-4a1e-b544-6f7fda27a691-groupManagement] INFO  server.RaftServer$Division (RaftServerImpl.java:setRole(329)) - 54284929-3371-4a1e-b544-6f7fda27a691@group-D8D700E0C36A: changes role from      null to FOLLOWER at term 0 for startAsFollower
2023-05-23 10:25:54,490 [54284929-3371-4a1e-b544-6f7fda27a691-groupManagement] INFO  impl.RoleInfo (RoleInfo.java:updateAndGet(139)) - 54284929-3371-4a1e-b544-6f7fda27a691: start 54284929-3371-4a1e-b544-6f7fda27a691@group-D8D700E0C36A-FollowerState
2023-05-23 10:25:54,490 [54284929-3371-4a1e-b544-6f7fda27a691-groupManagement] INFO  util.JmxRegister (JmxRegister.java:tryRegister(44)) - Successfully registered JMX Bean with object name Ratis:service=RaftServer,group=group-D8D700E0C36A,id=54284929-3371-4a1e-b544-6f7fda27a691
2023-05-23 10:25:54,490 [54284929-3371-4a1e-b544-6f7fda27a691@group-D8D700E0C36A-FollowerState] INFO  server.RaftServerConfigKeys (ConfUtils.java:logFallback(53)) - raft.server.rpc.first-election.timeout.min = 5s (fallback to raft.server.rpc.timeout.min)
2023-05-23 10:25:54,490 [54284929-3371-4a1e-b544-6f7fda27a691-groupManagement] INFO  server.RaftServerConfigKeys (ConfUtils.java:logGet(46)) - raft.server.snapshot.auto.trigger.enabled = true (custom)
2023-05-23 10:25:54,490 [54284929-3371-4a1e-b544-6f7fda27a691@group-D8D700E0C36A-FollowerState] INFO  server.RaftServerConfigKeys (ConfUtils.java:logFallback(53)) - raft.server.rpc.first-election.timeout.max = 5200ms (fallback to raft.server.rpc.timeout.max)
2023-05-23 10:25:54,490 [54284929-3371-4a1e-b544-6f7fda27a691-groupManagement] INFO  server.RaftServerConfigKeys (ConfUtils.java:logGet(46)) - raft.server.snapshot.auto.trigger.threshold = 10000 (custom)
2023-05-23 10:25:54,491 [54284929-3371-4a1e-b544-6f7fda27a691-groupManagement] INFO  server.RaftServerConfigKeys (ConfUtils.java:logGet(46)) - raft.server.snapshot.retention.file.num = 5 (custom)
2023-05-23 10:25:54,491 [54284929-3371-4a1e-b544-6f7fda27a691-groupManagement] INFO  server.RaftServerConfigKeys (ConfUtils.java:logGet(46)) - raft.server.log.purge.upto.snapshot.index = false (default)
2023-05-23 10:25:54,498 [Command processor thread] INFO  commandhandler.CreatePipelineCommandHandler (CreatePipelineCommandHandler.java:handle(113)) - Created Pipeline RATIS THREE PipelineID=362d79f6-c8d2-406a-8969-d8d700e0c36a.
2023-05-23 10:25:54,498 [Command processor thread] INFO  server.RaftServer (RaftServerProxy.java:addNew(98)) - 4423aca3-b60e-4ab8-b093-c0faf93dfaca: addNew group-53464B176A33:[4423aca3-b60e-4ab8-b093-c0faf93dfaca|rpc:10.1.0.38:15109|admin:10.1.0.38:15108|client:10.1.0.38:15107|dataStream:10.1.0.38:15110|priority:0|startupRole:FOLLOWER, c8934a7e-3164-45c1-bd4f-8a83062f2a8f|rpc:10.1.0.38:15125|admin:10.1.0.38:15124|client:10.1.0.38:15123|dataStream:10.1.0.38:15126|priority:1|startupRole:FOLLOWER, 54284929-3371-4a1e-b544-6f7fda27a691|rpc:10.1.0.38:15117|admin:10.1.0.38:15116|client:10.1.0.38:15115|dataStream:10.1.0.38:15118|priority:0|startupRole:FOLLOWER] returns group-53464B176A33:java.util.concurrent.CompletableFuture@d708f4f[Not completed]
2023-05-23 10:25:54,499 [4423aca3-b60e-4ab8-b093-c0faf93dfaca-groupManagement] INFO  server.RaftServer$Division (RaftServerImpl.java:<init>(198)) - 4423aca3-b60e-4ab8-b093-c0faf93dfaca: new RaftServerImpl for group-53464B176A33:[4423aca3-b60e-4ab8-b093-c0faf93dfaca|rpc:10.1.0.38:15109|admin:10.1.0.38:15108|client:10.1.0.38:15107|dataStream:10.1.0.38:15110|priority:0|startupRole:FOLLOWER, c8934a7e-3164-45c1-bd4f-8a83062f2a8f|rpc:10.1.0.38:15125|admin:10.1.0.38:15124|client:10.1.0.38:15123|dataStream:10.1.0.38:15126|priority:1|startupRole:FOLLOWER, 54284929-3371-4a1e-b544-6f7fda27a691|rpc:10.1.0.38:15117|admin:10.1.0.38:15116|client:10.1.0.38:15115|dataStream:10.1.0.38:15118|priority:0|startupRole:FOLLOWER] with ContainerStateMachine:uninitialized
2023-05-23 10:25:54,499 [4423aca3-b60e-4ab8-b093-c0faf93dfaca-groupManagement] INFO  server.RaftServerConfigKeys (ConfUtils.java:logGet(46)) - raft.server.rpc.timeout.min = 5s (custom)
2023-05-23 10:25:54,499 [4423aca3-b60e-4ab8-b093-c0faf93dfaca-groupManagement] INFO  server.RaftServerConfigKeys (ConfUtils.java:logGet(46)) - raft.server.rpc.timeout.max = 5200ms (custom)
2023-05-23 10:25:54,499 [4423aca3-b60e-4ab8-b093-c0faf93dfaca-groupManagement] INFO  server.RaftServerConfigKeys (ConfUtils.java:logGet(46)) - raft.server.rpc.sleep.time = 25ms (default)
2023-05-23 10:25:54,499 [4423aca3-b60e-4ab8-b093-c0faf93dfaca-groupManagement] INFO  server.RaftServerConfigKeys (ConfUtils.java:logGet(46)) - raft.server.rpc.slowness.timeout = 300s (custom)
2023-05-23 10:25:54,499 [4423aca3-b60e-4ab8-b093-c0faf93dfaca-groupManagement] INFO  server.RaftServerConfigKeys (ConfUtils.java:logGet(46)) - raft.server.leaderelection.leader.step-down.wait-time = 10s (default)
2023-05-23 10:25:54,499 [4423aca3-b60e-4ab8-b093-c0faf93dfaca-groupManagement] INFO  server.RaftServerConfigKeys (ConfUtils.java:logGet(46)) - raft.server.sleep.deviation.threshold = 300ms (default)
2023-05-23 10:25:54,499 [4423aca3-b60e-4ab8-b093-c0faf93dfaca-groupManagement] INFO  server.RaftServer$Division (ServerState.java:<init>(120)) - 4423aca3-b60e-4ab8-b093-c0faf93dfaca@group-53464B176A33: ConfigurationManager, init=-1: peers:[4423aca3-b60e-4ab8-b093-c0faf93dfaca|rpc:10.1.0.38:15109|admin:10.1.0.38:15108|client:10.1.0.38:15107|dataStream:10.1.0.38:15110|priority:0|startupRole:FOLLOWER, c8934a7e-3164-45c1-bd4f-8a83062f2a8f|rpc:10.1.0.38:15125|admin:10.1.0.38:15124|client:10.1.0.38:15123|dataStream:10.1.0.38:15126|priority:1|startupRole:FOLLOWER, 54284929-3371-4a1e-b544-6f7fda27a691|rpc:10.1.0.38:15117|admin:10.1.0.38:15116|client:10.1.0.38:15115|dataStream:10.1.0.38:15118|priority:0|startupRole:FOLLOWER]|listeners:[], old=null, confs=<EMPTY_MAP>
2023-05-23 10:25:54,500 [4423aca3-b60e-4ab8-b093-c0faf93dfaca-groupManagement] INFO  server.RaftServerConfigKeys (ConfUtils.java:logGet(46)) - raft.server.storage.dir = [/home/runner/work/ozone/ozone/hadoop-ozone/integration-test/target/test-dir/MiniOzoneClusterImpl-bbf8790f-824b-49ae-85c2-11c1b792a20d/datanode-0/data/ratis] (custom)
2023-05-23 10:25:54,500 [4423aca3-b60e-4ab8-b093-c0faf93dfaca-groupManagement] INFO  server.RaftServerConfigKeys (ConfUtils.java:logGet(46)) - raft.server.log.corruption.policy = EXCEPTION (default)
2023-05-23 10:25:54,500 [4423aca3-b60e-4ab8-b093-c0faf93dfaca-groupManagement] INFO  server.RaftServerConfigKeys (ConfUtils.java:logGet(46)) - raft.server.storage.free-space.min = 0MB (=0) (default)
2023-05-23 10:25:54,500 [4423aca3-b60e-4ab8-b093-c0faf93dfaca-groupManagement] INFO  server.RaftServerConfigKeys (ConfUtils.java:logGet(46)) - raft.server.notification.no-leader.timeout = 300s (custom)
2023-05-23 10:25:54,500 [4423aca3-b60e-4ab8-b093-c0faf93dfaca-groupManagement] INFO  server.RaftServerConfigKeys (ConfUtils.java:logGet(46)) - raft.server.read.timeout = 10s (default)
2023-05-23 10:25:54,500 [4423aca3-b60e-4ab8-b093-c0faf93dfaca-groupManagement] INFO  server.RaftServerConfigKeys (ConfUtils.java:logGet(46)) - raft.server.retrycache.expirytime = 600000ms (custom)
2023-05-23 10:25:54,500 [4423aca3-b60e-4ab8-b093-c0faf93dfaca-groupManagement] INFO  server.RaftServerConfigKeys (ConfUtils.java:logGet(46)) - raft.server.retrycache.statistics.expirytime = 100μs (default)
2023-05-23 10:25:54,500 [4423aca3-b60e-4ab8-b093-c0faf93dfaca-groupManagement] INFO  server.RaftServerConfigKeys (ConfUtils.java:logGet(46)) - raft.server.read.option = DEFAULT (default)
2023-05-23 10:25:54,501 [4423aca3-b60e-4ab8-b093-c0faf93dfaca-groupManagement] INFO  server.RaftServerConfigKeys (ConfUtils.java:logGet(46)) - raft.server.rpc.request.timeout = 60s (custom)
2023-05-23 10:25:54,501 [4423aca3-b60e-4ab8-b093-c0faf93dfaca-groupManagement] INFO  server.RaftServerConfigKeys (ConfUtils.java:logGet(46)) - raft.server.log.appender.install.snapshot.enabled = false (custom)
2023-05-23 10:25:54,501 [4423aca3-b60e-4ab8-b093-c0faf93dfaca-groupManagement] INFO  server.RaftServerConfigKeys (ConfUtils.java:logGet(46)) - raft.server.threadpool.server.cached = true (default)
2023-05-23 10:25:54,501 [4423aca3-b60e-4ab8-b093-c0faf93dfaca-groupManagement] INFO  server.RaftServerConfigKeys (ConfUtils.java:logGet(46)) - raft.server.threadpool.server.size = 0 (default)
2023-05-23 10:25:54,502 [4423aca3-b60e-4ab8-b093-c0faf93dfaca-groupManagement] INFO  server.RaftServerConfigKeys (ConfUtils.java:logGet(46)) - raft.server.threadpool.client.cached = true (default)
2023-05-23 10:25:54,502 [4423aca3-b60e-4ab8-b093-c0faf93dfaca-groupManagement] INFO  server.RaftServerConfigKeys (ConfUtils.java:logGet(46)) - raft.server.threadpool.client.size = 0 (default)
2023-05-23 10:25:54,502 [4423aca3-b60e-4ab8-b093-c0faf93dfaca-groupManagement] INFO  storage.RaftStorageDirectory (RaftStorageDirectoryImpl.java:analyzeStorage(137)) - The storage directory /home/runner/work/ozone/ozone/hadoop-ozone/integration-test/target/test-dir/MiniOzoneClusterImpl-bbf8790f-824b-49ae-85c2-11c1b792a20d/datanode-0/data/ratis/3417e7a8-d8c8-49d9-9466-53464b176a33 does not exist. Creating ...
2023-05-23 10:25:54,503 [4423aca3-b60e-4ab8-b093-c0faf93dfaca-groupManagement] INFO  storage.RaftStorageDirectory (RaftStorageDirectoryImpl.java:tryLock(231)) - Lock on /home/runner/work/ozone/ozone/hadoop-ozone/integration-test/target/test-dir/MiniOzoneClusterImpl-bbf8790f-824b-49ae-85c2-11c1b792a20d/datanode-0/data/ratis/3417e7a8-d8c8-49d9-9466-53464b176a33/in_use.lock acquired by nodename 10384@fv-az1249-304
2023-05-23 10:25:54,505 [4423aca3-b60e-4ab8-b093-c0faf93dfaca-groupManagement] INFO  storage.RaftStorage (RaftStorageImpl.java:format(96)) - Storage directory /home/runner/work/ozone/ozone/hadoop-ozone/integration-test/target/test-dir/MiniOzoneClusterImpl-bbf8790f-824b-49ae-85c2-11c1b792a20d/datanode-0/data/ratis/3417e7a8-d8c8-49d9-9466-53464b176a33 has been successfully formatted.
2023-05-23 10:25:54,505 [4423aca3-b60e-4ab8-b093-c0faf93dfaca-groupManagement] INFO  ratis.ContainerStateMachine (ContainerStateMachine.java:loadSnapshot(262)) - group-53464B176A33: The snapshot info is null. Setting the last applied indexto:(t:0, i:~)
2023-05-23 10:25:54,505 [4423aca3-b60e-4ab8-b093-c0faf93dfaca-groupManagement] INFO  server.RaftServerConfigKeys (ConfUtils.java:logGet(46)) - raft.server.log.use.memory = false (default)
2023-05-23 10:25:54,505 [4423aca3-b60e-4ab8-b093-c0faf93dfaca-groupManagement] INFO  server.RaftServerConfigKeys (ConfUtils.java:logGet(46)) - raft.server.log.purge.gap = 1000000 (custom)
2023-05-23 10:25:54,505 [4423aca3-b60e-4ab8-b093-c0faf93dfaca-groupManagement] INFO  server.RaftServerConfigKeys (ConfUtils.java:logGet(46)) - raft.server.log.appender.buffer.byte-limit = 33554432 (custom)
2023-05-23 10:25:54,506 [4423aca3-b60e-4ab8-b093-c0faf93dfaca-groupManagement] INFO  server.RaftServerConfigKeys (ConfUtils.java:logGet(46)) - raft.server.log.statemachine.data.read.timeout = 1000ms (default)
2023-05-23 10:25:54,506 [4423aca3-b60e-4ab8-b093-c0faf93dfaca-groupManagement] INFO  server.RaftServerConfigKeys (ConfUtils.java:logGet(46)) - raft.server.log.purge.preservation.log.num = 0 (default)
2023-05-23 10:25:54,506 [4423aca3-b60e-4ab8-b093-c0faf93dfaca-groupManagement] INFO  server.RaftServerConfigKeys (ConfUtils.java:logGet(46)) - raft.server.log.segment.size.max = 1048576 (custom)
2023-05-23 10:25:54,506 [4423aca3-b60e-4ab8-b093-c0faf93dfaca-groupManagement] INFO  server.RaftServerConfigKeys (ConfUtils.java:logGet(46)) - raft.server.log.segment.cache.num.max = 2 (custom)
2023-05-23 10:25:54,506 [4423aca3-b60e-4ab8-b093-c0faf93dfaca-groupManagement] INFO  server.RaftServerConfigKeys (ConfUtils.java:logGet(46)) - raft.server.log.segment.cache.size.max = 200MB (=209715200) (default)
2023-05-23 10:25:54,506 [4423aca3-b60e-4ab8-b093-c0faf93dfaca-groupManagement] INFO  server.RaftServerConfigKeys (ConfUtils.java:logGet(46)) - raft.server.log.appender.buffer.byte-limit = 33554432 (custom)
2023-05-23 10:25:54,506 [4423aca3-b60e-4ab8-b093-c0faf93dfaca-groupManagement] INFO  segmented.SegmentedRaftLogWorker (SegmentedRaftLogWorker.java:<init>(188)) - new 4423aca3-b60e-4ab8-b093-c0faf93dfaca@group-53464B176A33-SegmentedRaftLogWorker for RaftStorageImpl:Storage Directory /home/runner/work/ozone/ozone/hadoop-ozone/integration-test/target/test-dir/MiniOzoneClusterImpl-bbf8790f-824b-49ae-85c2-11c1b792a20d/datanode-0/data/ratis/3417e7a8-d8c8-49d9-9466-53464b176a33
2023-05-23 10:25:54,506 [4423aca3-b60e-4ab8-b093-c0faf93dfaca-groupManagement] INFO  server.RaftServerConfigKeys (ConfUtils.java:logGet(46)) - raft.server.log.queue.byte-limit = 4294967296 (custom)
2023-05-23 10:25:54,506 [EventQueue-OpenPipelineForHealthyPipelineSafeModeRule] INFO  safemode.SCMSafeModeManager (HealthyPipelineSafeModeRule.java:process(137)) - SCM in safe mode. Healthy pipelines reported count is 0, required healthy pipeline reported count is 1
2023-05-23 10:25:54,507 [4423aca3-b60e-4ab8-b093-c0faf93dfaca-groupManagement] INFO  server.RaftServerConfigKeys (ConfUtils.java:logGet(46)) - raft.server.log.queue.element-limit = 1024 (custom)
2023-05-23 10:25:54,507 [4423aca3-b60e-4ab8-b093-c0faf93dfaca-groupManagement] INFO  server.RaftServerConfigKeys (ConfUtils.java:logGet(46)) - raft.server.log.segment.size.max = 1048576 (custom)
2023-05-23 10:25:54,507 [4423aca3-b60e-4ab8-b093-c0faf93dfaca-groupManagement] INFO  server.RaftServerConfigKeys (ConfUtils.java:logGet(46)) - raft.server.log.preallocated.size = 16384 (custom)
2023-05-23 10:25:54,507 [4423aca3-b60e-4ab8-b093-c0faf93dfaca-groupManagement] INFO  server.RaftServerConfigKeys (ConfUtils.java:logGet(46)) - raft.server.log.force.sync.num = 128 (default)
2023-05-23 10:25:54,507 [4423aca3-b60e-4ab8-b093-c0faf93dfaca-groupManagement] INFO  server.RaftServerConfigKeys (ConfUtils.java:logGet(46)) - raft.server.log.statemachine.data.sync = true (default)
2023-05-23 10:25:54,507 [4423aca3-b60e-4ab8-b093-c0faf93dfaca-groupManagement] INFO  server.RaftServerConfigKeys (ConfUtils.java:logGet(46)) - raft.server.log.statemachine.data.sync.timeout = 10s (default)
2023-05-23 10:25:54,507 [4423aca3-b60e-4ab8-b093-c0faf93dfaca-groupManagement] INFO  server.RaftServerConfigKeys (ConfUtils.java:logGet(46)) - raft.server.log.statemachine.data.sync.timeout.retry = -1 (default)
2023-05-23 10:25:54,508 [4423aca3-b60e-4ab8-b093-c0faf93dfaca-groupManagement] INFO  server.RaftServerConfigKeys (ConfUtils.java:logGet(46)) - raft.server.log.write.buffer.size = 1048576 (custom)
2023-05-23 10:25:54,510 [4423aca3-b60e-4ab8-b093-c0faf93dfaca-groupManagement] INFO  server.RaftServerConfigKeys (ConfUtils.java:logGet(46)) - raft.server.log.appender.buffer.byte-limit = 33554432 (custom)
2023-05-23 10:25:54,515 [4423aca3-b60e-4ab8-b093-c0faf93dfaca-groupManagement] INFO  server.RaftServerConfigKeys (ConfUtils.java:logGet(46)) - raft.server.log.unsafe-flush.enabled = false (default)
2023-05-23 10:25:54,516 [4423aca3-b60e-4ab8-b093-c0faf93dfaca-groupManagement] INFO  server.RaftServerConfigKeys (ConfUtils.java:logGet(46)) - raft.server.log.async-flush.enabled = false (default)
2023-05-23 10:25:54,516 [4423aca3-b60e-4ab8-b093-c0faf93dfaca-groupManagement] INFO  server.RaftServerConfigKeys (ConfUtils.java:logGet(46)) - raft.server.log.statemachine.data.caching.enabled = true (custom)
2023-05-23 10:25:54,516 [4423aca3-b60e-4ab8-b093-c0faf93dfaca-groupManagement] INFO  segmented.SegmentedRaftLogWorker (SegmentedRaftLogWorker.java:lambda$new$0(135)) - 4423aca3-b60e-4ab8-b093-c0faf93dfaca@group-53464B176A33-SegmentedRaftLogWorker: flushIndex: setUnconditionally 0 -> -1
2023-05-23 10:25:54,516 [4423aca3-b60e-4ab8-b093-c0faf93dfaca-groupManagement] INFO  segmented.SegmentedRaftLogWorker (SegmentedRaftLogWorker.java:lambda$new$0(135)) - 4423aca3-b60e-4ab8-b093-c0faf93dfaca@group-53464B176A33-SegmentedRaftLogWorker: safeCacheEvictIndex: setUnconditionally 0 -> -1
2023-05-23 10:25:54,516 [4423aca3-b60e-4ab8-b093-c0faf93dfaca-groupManagement] INFO  server.RaftServer$Division (RaftServerImpl.java:start(342)) - 4423aca3-b60e-4ab8-b093-c0faf93dfaca@group-53464B176A33: start as a follower, conf=-1: peers:[4423aca3-b60e-4ab8-b093-c0faf93dfaca|rpc:10.1.0.38:15109|admin:10.1.0.38:15108|client:10.1.0.38:15107|dataStream:10.1.0.38:15110|priority:0|startupRole:FOLLOWER, c8934a7e-3164-45c1-bd4f-8a83062f2a8f|rpc:10.1.0.38:15125|admin:10.1.0.38:15124|client:10.1.0.38:15123|dataStream:10.1.0.38:15126|priority:1|startupRole:FOLLOWER, 54284929-3371-4a1e-b544-6f7fda27a691|rpc:10.1.0.38:15117|admin:10.1.0.38:15116|client:10.1.0.38:15115|dataStream:10.1.0.38:15118|priority:0|startupRole:FOLLOWER]|listeners:[], old=null
2023-05-23 10:25:54,516 [4423aca3-b60e-4ab8-b093-c0faf93dfaca-groupManagement] INFO  server.RaftServer$Division (RaftServerImpl.java:setRole(329)) - 4423aca3-b60e-4ab8-b093-c0faf93dfaca@group-53464B176A33: changes role from      null to FOLLOWER at term 0 for startAsFollower
2023-05-23 10:25:54,516 [4423aca3-b60e-4ab8-b093-c0faf93dfaca-groupManagement] INFO  impl.RoleInfo (RoleInfo.java:updateAndGet(139)) - 4423aca3-b60e-4ab8-b093-c0faf93dfaca: start 4423aca3-b60e-4ab8-b093-c0faf93dfaca@group-53464B176A33-FollowerState
2023-05-23 10:25:54,517 [4423aca3-b60e-4ab8-b093-c0faf93dfaca-groupManagement] INFO  util.JmxRegister (JmxRegister.java:tryRegister(44)) - Successfully registered JMX Bean with object name Ratis:service=RaftServer,group=group-53464B176A33,id=4423aca3-b60e-4ab8-b093-c0faf93dfaca
2023-05-23 10:25:54,517 [4423aca3-b60e-4ab8-b093-c0faf93dfaca-groupManagement] INFO  server.RaftServerConfigKeys (ConfUtils.java:logGet(46)) - raft.server.snapshot.auto.trigger.enabled = true (custom)
2023-05-23 10:25:54,517 [4423aca3-b60e-4ab8-b093-c0faf93dfaca-groupManagement] INFO  server.RaftServerConfigKeys (ConfUtils.java:logGet(46)) - raft.server.snapshot.auto.trigger.threshold = 10000 (custom)
2023-05-23 10:25:54,517 [4423aca3-b60e-4ab8-b093-c0faf93dfaca-groupManagement] INFO  server.RaftServerConfigKeys (ConfUtils.java:logGet(46)) - raft.server.snapshot.retention.file.num = 5 (custom)
2023-05-23 10:25:54,517 [4423aca3-b60e-4ab8-b093-c0faf93dfaca-groupManagement] INFO  server.RaftServerConfigKeys (ConfUtils.java:logGet(46)) - raft.server.log.purge.upto.snapshot.index = false (default)
2023-05-23 10:25:54,518 [4423aca3-b60e-4ab8-b093-c0faf93dfaca@group-53464B176A33-FollowerState] INFO  server.RaftServerConfigKeys (ConfUtils.java:logFallback(53)) - raft.server.rpc.first-election.timeout.min = 5s (fallback to raft.server.rpc.timeout.min)
2023-05-23 10:25:54,518 [4423aca3-b60e-4ab8-b093-c0faf93dfaca@group-53464B176A33-FollowerState] INFO  server.RaftServerConfigKeys (ConfUtils.java:logFallback(53)) - raft.server.rpc.first-election.timeout.max = 5200ms (fallback to raft.server.rpc.timeout.max)
2023-05-23 10:25:54,520 [Command processor thread] INFO  ratis.XceiverServerRatis (XceiverServerRatis.java:addGroup(806)) - Created group PipelineID=3417e7a8-d8c8-49d9-9466-53464b176a33
2023-05-23 10:25:54,532 [grpc-default-executor-0] INFO  server.RaftServer (RaftServerProxy.java:addNew(98)) - c8934a7e-3164-45c1-bd4f-8a83062f2a8f: addNew group-53464B176A33:[4423aca3-b60e-4ab8-b093-c0faf93dfaca|rpc:10.1.0.38:15109|admin:10.1.0.38:15108|client:10.1.0.38:15107|dataStream:10.1.0.38:15110|priority:0|startupRole:FOLLOWER, c8934a7e-3164-45c1-bd4f-8a83062f2a8f|rpc:10.1.0.38:15125|admin:10.1.0.38:15124|client:10.1.0.38:15123|dataStream:10.1.0.38:15126|priority:1|startupRole:FOLLOWER, 54284929-3371-4a1e-b544-6f7fda27a691|rpc:10.1.0.38:15117|admin:10.1.0.38:15116|client:10.1.0.38:15115|dataStream:10.1.0.38:15118|priority:0|startupRole:FOLLOWER] returns group-53464B176A33:java.util.concurrent.CompletableFuture@52309a6a[Not completed]
2023-05-23 10:25:54,533 [c8934a7e-3164-45c1-bd4f-8a83062f2a8f-groupManagement] INFO  server.RaftServer$Division (RaftServerImpl.java:<init>(198)) - c8934a7e-3164-45c1-bd4f-8a83062f2a8f: new RaftServerImpl for group-53464B176A33:[4423aca3-b60e-4ab8-b093-c0faf93dfaca|rpc:10.1.0.38:15109|admin:10.1.0.38:15108|client:10.1.0.38:15107|dataStream:10.1.0.38:15110|priority:0|startupRole:FOLLOWER, c8934a7e-3164-45c1-bd4f-8a83062f2a8f|rpc:10.1.0.38:15125|admin:10.1.0.38:15124|client:10.1.0.38:15123|dataStream:10.1.0.38:15126|priority:1|startupRole:FOLLOWER, 54284929-3371-4a1e-b544-6f7fda27a691|rpc:10.1.0.38:15117|admin:10.1.0.38:15116|client:10.1.0.38:15115|dataStream:10.1.0.38:15118|priority:0|startupRole:FOLLOWER] with ContainerStateMachine:uninitialized
2023-05-23 10:25:54,533 [c8934a7e-3164-45c1-bd4f-8a83062f2a8f-groupManagement] INFO  server.RaftServerConfigKeys (ConfUtils.java:logGet(46)) - raft.server.rpc.timeout.min = 5s (custom)
2023-05-23 10:25:54,533 [c8934a7e-3164-45c1-bd4f-8a83062f2a8f-groupManagement] INFO  server.RaftServerConfigKeys (ConfUtils.java:logGet(46)) - raft.server.rpc.timeout.max = 5200ms (custom)
2023-05-23 10:25:54,533 [c8934a7e-3164-45c1-bd4f-8a83062f2a8f-groupManagement] INFO  server.RaftServerConfigKeys (ConfUtils.java:logGet(46)) - raft.server.rpc.sleep.time = 25ms (default)
2023-05-23 10:25:54,533 [c8934a7e-3164-45c1-bd4f-8a83062f2a8f-groupManagement] INFO  server.RaftServerConfigKeys (ConfUtils.java:logGet(46)) - raft.server.rpc.slowness.timeout = 300s (custom)
2023-05-23 10:25:54,533 [c8934a7e-3164-45c1-bd4f-8a83062f2a8f-groupManagement] INFO  server.RaftServerConfigKeys (ConfUtils.java:logGet(46)) - raft.server.leaderelection.leader.step-down.wait-time = 10s (default)
2023-05-23 10:25:54,534 [c8934a7e-3164-45c1-bd4f-8a83062f2a8f-groupManagement] INFO  server.RaftServerConfigKeys (ConfUtils.java:logGet(46)) - raft.server.sleep.deviation.threshold = 300ms (default)
2023-05-23 10:25:54,534 [c8934a7e-3164-45c1-bd4f-8a83062f2a8f-groupManagement] INFO  server.RaftServer$Division (ServerState.java:<init>(120)) - c8934a7e-3164-45c1-bd4f-8a83062f2a8f@group-53464B176A33: ConfigurationManager, init=-1: peers:[4423aca3-b60e-4ab8-b093-c0faf93dfaca|rpc:10.1.0.38:15109|admin:10.1.0.38:15108|client:10.1.0.38:15107|dataStream:10.1.0.38:15110|priority:0|startupRole:FOLLOWER, c8934a7e-3164-45c1-bd4f-8a83062f2a8f|rpc:10.1.0.38:15125|admin:10.1.0.38:15124|client:10.1.0.38:15123|dataStream:10.1.0.38:15126|priority:1|startupRole:FOLLOWER, 54284929-3371-4a1e-b544-6f7fda27a691|rpc:10.1.0.38:15117|admin:10.1.0.38:15116|client:10.1.0.38:15115|dataStream:10.1.0.38:15118|priority:0|startupRole:FOLLOWER]|listeners:[], old=null, confs=<EMPTY_MAP>
2023-05-23 10:25:54,534 [c8934a7e-3164-45c1-bd4f-8a83062f2a8f-groupManagement] INFO  server.RaftServerConfigKeys (ConfUtils.java:logGet(46)) - raft.server.storage.dir = [/home/runner/work/ozone/ozone/hadoop-ozone/integration-test/target/test-dir/MiniOzoneClusterImpl-bbf8790f-824b-49ae-85c2-11c1b792a20d/datanode-2/data/ratis] (custom)
2023-05-23 10:25:54,534 [c8934a7e-3164-45c1-bd4f-8a83062f2a8f-groupManagement] INFO  server.RaftServerConfigKeys (ConfUtils.java:logGet(46)) - raft.server.log.corruption.policy = EXCEPTION (default)
2023-05-23 10:25:54,534 [c8934a7e-3164-45c1-bd4f-8a83062f2a8f-groupManagement] INFO  server.RaftServerConfigKeys (ConfUtils.java:logGet(46)) - raft.server.storage.free-space.min = 0MB (=0) (default)
2023-05-23 10:25:54,534 [c8934a7e-3164-45c1-bd4f-8a83062f2a8f-groupManagement] INFO  server.RaftServerConfigKeys (ConfUtils.java:logGet(46)) - raft.server.notification.no-leader.timeout = 300s (custom)
2023-05-23 10:25:54,534 [c8934a7e-3164-45c1-bd4f-8a83062f2a8f-groupManagement] INFO  server.RaftServerConfigKeys (ConfUtils.java:logGet(46)) - raft.server.read.timeout = 10s (default)
2023-05-23 10:25:54,534 [c8934a7e-3164-45c1-bd4f-8a83062f2a8f-groupManagement] INFO  server.RaftServerConfigKeys (ConfUtils.java:logGet(46)) - raft.server.retrycache.expirytime = 600000ms (custom)
2023-05-23 10:25:54,534 [c8934a7e-3164-45c1-bd4f-8a83062f2a8f-groupManagement] INFO  server.RaftServerConfigKeys (ConfUtils.java:logGet(46)) - raft.server.retrycache.statistics.expirytime = 100μs (default)
2023-05-23 10:25:54,534 [c8934a7e-3164-45c1-bd4f-8a83062f2a8f-groupManagement] INFO  server.RaftServerConfigKeys (ConfUtils.java:logGet(46)) - raft.server.read.option = DEFAULT (default)
2023-05-23 10:25:54,535 [c8934a7e-3164-45c1-bd4f-8a83062f2a8f-groupManagement] INFO  server.RaftServerConfigKeys (ConfUtils.java:logGet(46)) - raft.server.rpc.request.timeout = 60s (custom)
2023-05-23 10:25:54,535 [c8934a7e-3164-45c1-bd4f-8a83062f2a8f-groupManagement] INFO  server.RaftServerConfigKeys (ConfUtils.java:logGet(46)) - raft.server.log.appender.install.snapshot.enabled = false (custom)
2023-05-23 10:25:54,535 [c8934a7e-3164-45c1-bd4f-8a83062f2a8f-groupManagement] INFO  server.RaftServerConfigKeys (ConfUtils.java:logGet(46)) - raft.server.threadpool.server.cached = true (default)
2023-05-23 10:25:54,535 [c8934a7e-3164-45c1-bd4f-8a83062f2a8f-groupManagement] INFO  server.RaftServerConfigKeys (ConfUtils.java:logGet(46)) - raft.server.threadpool.server.size = 0 (default)
2023-05-23 10:25:54,535 [c8934a7e-3164-45c1-bd4f-8a83062f2a8f-groupManagement] INFO  server.RaftServerConfigKeys (ConfUtils.java:logGet(46)) - raft.server.threadpool.client.cached = true (default)
2023-05-23 10:25:54,535 [c8934a7e-3164-45c1-bd4f-8a83062f2a8f-groupManagement] INFO  server.RaftServerConfigKeys (ConfUtils.java:logGet(46)) - raft.server.threadpool.client.size = 0 (default)
2023-05-23 10:25:54,535 [c8934a7e-3164-45c1-bd4f-8a83062f2a8f-groupManagement] INFO  storage.RaftStorageDirectory (RaftStorageDirectoryImpl.java:analyzeStorage(137)) - The storage directory /home/runner/work/ozone/ozone/hadoop-ozone/integration-test/target/test-dir/MiniOzoneClusterImpl-bbf8790f-824b-49ae-85c2-11c1b792a20d/datanode-2/data/ratis/3417e7a8-d8c8-49d9-9466-53464b176a33 does not exist. Creating ...
2023-05-23 10:25:54,537 [c8934a7e-3164-45c1-bd4f-8a83062f2a8f-groupManagement] INFO  storage.RaftStorageDirectory (RaftStorageDirectoryImpl.java:tryLock(231)) - Lock on /home/runner/work/ozone/ozone/hadoop-ozone/integration-test/target/test-dir/MiniOzoneClusterImpl-bbf8790f-824b-49ae-85c2-11c1b792a20d/datanode-2/data/ratis/3417e7a8-d8c8-49d9-9466-53464b176a33/in_use.lock acquired by nodename 10384@fv-az1249-304
2023-05-23 10:25:54,538 [c8934a7e-3164-45c1-bd4f-8a83062f2a8f-groupManagement] INFO  storage.RaftStorage (RaftStorageImpl.java:format(96)) - Storage directory /home/runner/work/ozone/ozone/hadoop-ozone/integration-test/target/test-dir/MiniOzoneClusterImpl-bbf8790f-824b-49ae-85c2-11c1b792a20d/datanode-2/data/ratis/3417e7a8-d8c8-49d9-9466-53464b176a33 has been successfully formatted.
2023-05-23 10:25:54,538 [c8934a7e-3164-45c1-bd4f-8a83062f2a8f-groupManagement] INFO  ratis.ContainerStateMachine (ContainerStateMachine.java:loadSnapshot(262)) - group-53464B176A33: The snapshot info is null. Setting the last applied indexto:(t:0, i:~)
2023-05-23 10:25:54,539 [c8934a7e-3164-45c1-bd4f-8a83062f2a8f-groupManagement] INFO  server.RaftServerConfigKeys (ConfUtils.java:logGet(46)) - raft.server.log.use.memory = false (default)
2023-05-23 10:25:54,539 [c8934a7e-3164-45c1-bd4f-8a83062f2a8f-groupManagement] INFO  server.RaftServerConfigKeys (ConfUtils.java:logGet(46)) - raft.server.log.purge.gap = 1000000 (custom)
2023-05-23 10:25:54,540 [c8934a7e-3164-45c1-bd4f-8a83062f2a8f-groupManagement] INFO  server.RaftServerConfigKeys (ConfUtils.java:logGet(46)) - raft.server.log.appender.buffer.byte-limit = 33554432 (custom)
2023-05-23 10:25:54,540 [c8934a7e-3164-45c1-bd4f-8a83062f2a8f-groupManagement] INFO  server.RaftServerConfigKeys (ConfUtils.java:logGet(46)) - raft.server.log.statemachine.data.read.timeout = 1000ms (default)
2023-05-23 10:25:54,540 [c8934a7e-3164-45c1-bd4f-8a83062f2a8f-groupManagement] INFO  server.RaftServerConfigKeys (ConfUtils.java:logGet(46)) - raft.server.log.purge.preservation.log.num = 0 (default)
2023-05-23 10:25:54,540 [c8934a7e-3164-45c1-bd4f-8a83062f2a8f-groupManagement] INFO  server.RaftServerConfigKeys (ConfUtils.java:logGet(46)) - raft.server.log.segment.size.max = 1048576 (custom)
2023-05-23 10:25:54,540 [c8934a7e-3164-45c1-bd4f-8a83062f2a8f-groupManagement] INFO  server.RaftServerConfigKeys (ConfUtils.java:logGet(46)) - raft.server.log.segment.cache.num.max = 2 (custom)
2023-05-23 10:25:54,540 [c8934a7e-3164-45c1-bd4f-8a83062f2a8f-groupManagement] INFO  server.RaftServerConfigKeys (ConfUtils.java:logGet(46)) - raft.server.log.segment.cache.size.max = 200MB (=209715200) (default)
2023-05-23 10:25:54,540 [c8934a7e-3164-45c1-bd4f-8a83062f2a8f-groupManagement] INFO  server.RaftServerConfigKeys (ConfUtils.java:logGet(46)) - raft.server.log.appender.buffer.byte-limit = 33554432 (custom)
2023-05-23 10:25:54,540 [c8934a7e-3164-45c1-bd4f-8a83062f2a8f-groupManagement] INFO  segmented.SegmentedRaftLogWorker (SegmentedRaftLogWorker.java:<init>(188)) - new c8934a7e-3164-45c1-bd4f-8a83062f2a8f@group-53464B176A33-SegmentedRaftLogWorker for RaftStorageImpl:Storage Directory /home/runner/work/ozone/ozone/hadoop-ozone/integration-test/target/test-dir/MiniOzoneClusterImpl-bbf8790f-824b-49ae-85c2-11c1b792a20d/datanode-2/data/ratis/3417e7a8-d8c8-49d9-9466-53464b176a33
2023-05-23 10:25:54,540 [c8934a7e-3164-45c1-bd4f-8a83062f2a8f-groupManagement] INFO  server.RaftServerConfigKeys (ConfUtils.java:logGet(46)) - raft.server.log.queue.byte-limit = 4294967296 (custom)
2023-05-23 10:25:54,540 [c8934a7e-3164-45c1-bd4f-8a83062f2a8f-groupManagement] INFO  server.RaftServerConfigKeys (ConfUtils.java:logGet(46)) - raft.server.log.queue.element-limit = 1024 (custom)
2023-05-23 10:25:54,540 [c8934a7e-3164-45c1-bd4f-8a83062f2a8f-groupManagement] INFO  server.RaftServerConfigKeys (ConfUtils.java:logGet(46)) - raft.server.log.segment.size.max = 1048576 (custom)
2023-05-23 10:25:54,541 [c8934a7e-3164-45c1-bd4f-8a83062f2a8f-groupManagement] INFO  server.RaftServerConfigKeys (ConfUtils.java:logGet(46)) - raft.server.log.preallocated.size = 16384 (custom)
2023-05-23 10:25:54,541 [c8934a7e-3164-45c1-bd4f-8a83062f2a8f-groupManagement] INFO  server.RaftServerConfigKeys (ConfUtils.java:logGet(46)) - raft.server.log.force.sync.num = 128 (default)
2023-05-23 10:25:54,541 [c8934a7e-3164-45c1-bd4f-8a83062f2a8f-groupManagement] INFO  server.RaftServerConfigKeys (ConfUtils.java:logGet(46)) - raft.server.log.statemachine.data.sync = true (default)
2023-05-23 10:25:54,541 [c8934a7e-3164-45c1-bd4f-8a83062f2a8f-groupManagement] INFO  server.RaftServerConfigKeys (ConfUtils.java:logGet(46)) - raft.server.log.statemachine.data.sync.timeout = 10s (default)
2023-05-23 10:25:54,541 [c8934a7e-3164-45c1-bd4f-8a83062f2a8f-groupManagement] INFO  server.RaftServerConfigKeys (ConfUtils.java:logGet(46)) - raft.server.log.statemachine.data.sync.timeout.retry = -1 (default)
2023-05-23 10:25:54,541 [c8934a7e-3164-45c1-bd4f-8a83062f2a8f-groupManagement] INFO  server.RaftServerConfigKeys (ConfUtils.java:logGet(46)) - raft.server.log.write.buffer.size = 1048576 (custom)
2023-05-23 10:25:54,543 [c8934a7e-3164-45c1-bd4f-8a83062f2a8f-groupManagement] INFO  server.RaftServerConfigKeys (ConfUtils.java:logGet(46)) - raft.server.log.appender.buffer.byte-limit = 33554432 (custom)
2023-05-23 10:25:54,548 [Command processor thread] INFO  server.RaftServer (RaftServerProxy.java:addNew(98)) - 54284929-3371-4a1e-b544-6f7fda27a691: addNew group-1CB070401100:[54284929-3371-4a1e-b544-6f7fda27a691|rpc:10.1.0.38:15117|admin:10.1.0.38:15116|client:10.1.0.38:15115|dataStream:10.1.0.38:15118|priority:1|startupRole:FOLLOWER] returns group-1CB070401100:java.util.concurrent.CompletableFuture@595fc9a9[Not completed]
2023-05-23 10:25:54,549 [54284929-3371-4a1e-b544-6f7fda27a691-groupManagement] INFO  server.RaftServer$Division (RaftServerImpl.java:<init>(198)) - 54284929-3371-4a1e-b544-6f7fda27a691: new RaftServerImpl for group-1CB070401100:[54284929-3371-4a1e-b544-6f7fda27a691|rpc:10.1.0.38:15117|admin:10.1.0.38:15116|client:10.1.0.38:15115|dataStream:10.1.0.38:15118|priority:1|startupRole:FOLLOWER] with ContainerStateMachine:uninitialized
2023-05-23 10:25:54,549 [54284929-3371-4a1e-b544-6f7fda27a691-groupManagement] INFO  server.RaftServerConfigKeys (ConfUtils.java:logGet(46)) - raft.server.rpc.timeout.min = 5s (custom)
2023-05-23 10:25:54,549 [54284929-3371-4a1e-b544-6f7fda27a691-groupManagement] INFO  server.RaftServerConfigKeys (ConfUtils.java:logGet(46)) - raft.server.rpc.timeout.max = 5200ms (custom)
2023-05-23 10:25:54,549 [54284929-3371-4a1e-b544-6f7fda27a691-groupManagement] INFO  server.RaftServerConfigKeys (ConfUtils.java:logGet(46)) - raft.server.rpc.sleep.time = 25ms (default)
2023-05-23 10:25:54,549 [54284929-3371-4a1e-b544-6f7fda27a691-groupManagement] INFO  server.RaftServerConfigKeys (ConfUtils.java:logGet(46)) - raft.server.rpc.slowness.timeout = 300s (custom)
2023-05-23 10:25:54,549 [54284929-3371-4a1e-b544-6f7fda27a691-groupManagement] INFO  server.RaftServerConfigKeys (ConfUtils.java:logGet(46)) - raft.server.leaderelection.leader.step-down.wait-time = 10s (default)
2023-05-23 10:25:54,549 [54284929-3371-4a1e-b544-6f7fda27a691-groupManagement] INFO  server.RaftServerConfigKeys (ConfUtils.java:logGet(46)) - raft.server.sleep.deviation.threshold = 300ms (default)
2023-05-23 10:25:54,550 [54284929-3371-4a1e-b544-6f7fda27a691-groupManagement] INFO  server.RaftServer$Division (ServerState.java:<init>(120)) - 54284929-3371-4a1e-b544-6f7fda27a691@group-1CB070401100: ConfigurationManager, init=-1: peers:[54284929-3371-4a1e-b544-6f7fda27a691|rpc:10.1.0.38:15117|admin:10.1.0.38:15116|client:10.1.0.38:15115|dataStream:10.1.0.38:15118|priority:1|startupRole:FOLLOWER]|listeners:[], old=null, confs=<EMPTY_MAP>
2023-05-23 10:25:54,550 [54284929-3371-4a1e-b544-6f7fda27a691-groupManagement] INFO  server.RaftServerConfigKeys (ConfUtils.java:logGet(46)) - raft.server.storage.dir = [/home/runner/work/ozone/ozone/hadoop-ozone/integration-test/target/test-dir/MiniOzoneClusterImpl-bbf8790f-824b-49ae-85c2-11c1b792a20d/datanode-1/data/ratis] (custom)
2023-05-23 10:25:54,550 [54284929-3371-4a1e-b544-6f7fda27a691-groupManagement] INFO  server.RaftServerConfigKeys (ConfUtils.java:logGet(46)) - raft.server.log.corruption.policy = EXCEPTION (default)
2023-05-23 10:25:54,550 [54284929-3371-4a1e-b544-6f7fda27a691-groupManagement] INFO  server.RaftServerConfigKeys (ConfUtils.java:logGet(46)) - raft.server.storage.free-space.min = 0MB (=0) (default)
2023-05-23 10:25:54,550 [54284929-3371-4a1e-b544-6f7fda27a691-groupManagement] INFO  server.RaftServerConfigKeys (ConfUtils.java:logGet(46)) - raft.server.notification.no-leader.timeout = 300s (custom)
2023-05-23 10:25:54,550 [54284929-3371-4a1e-b544-6f7fda27a691-groupManagement] INFO  server.RaftServerConfigKeys (ConfUtils.java:logGet(46)) - raft.server.read.timeout = 10s (default)
2023-05-23 10:25:54,550 [54284929-3371-4a1e-b544-6f7fda27a691-groupManagement] INFO  server.RaftServerConfigKeys (ConfUtils.java:logGet(46)) - raft.server.retrycache.expirytime = 600000ms (custom)
2023-05-23 10:25:54,550 [54284929-3371-4a1e-b544-6f7fda27a691-groupManagement] INFO  server.RaftServerConfigKeys (ConfUtils.java:logGet(46)) - raft.server.retrycache.statistics.expirytime = 100μs (default)
2023-05-23 10:25:54,550 [54284929-3371-4a1e-b544-6f7fda27a691-groupManagement] INFO  server.RaftServerConfigKeys (ConfUtils.java:logGet(46)) - raft.server.read.option = DEFAULT (default)
2023-05-23 10:25:54,551 [54284929-3371-4a1e-b544-6f7fda27a691-groupManagement] INFO  server.RaftServerConfigKeys (ConfUtils.java:logGet(46)) - raft.server.rpc.request.timeout = 60s (custom)
2023-05-23 10:25:54,551 [54284929-3371-4a1e-b544-6f7fda27a691-groupManagement] INFO  server.RaftServerConfigKeys (ConfUtils.java:logGet(46)) - raft.server.log.appender.install.snapshot.enabled = false (custom)
2023-05-23 10:25:54,551 [54284929-3371-4a1e-b544-6f7fda27a691-groupManagement] INFO  server.RaftServerConfigKeys (ConfUtils.java:logGet(46)) - raft.server.threadpool.server.cached = true (default)
2023-05-23 10:25:54,551 [54284929-3371-4a1e-b544-6f7fda27a691-groupManagement] INFO  server.RaftServerConfigKeys (ConfUtils.java:logGet(46)) - raft.server.threadpool.server.size = 0 (default)
2023-05-23 10:25:54,551 [54284929-3371-4a1e-b544-6f7fda27a691-groupManagement] INFO  server.RaftServerConfigKeys (ConfUtils.java:logGet(46)) - raft.server.threadpool.client.cached = true (default)
2023-05-23 10:25:54,551 [54284929-3371-4a1e-b544-6f7fda27a691-groupManagement] INFO  server.RaftServerConfigKeys (ConfUtils.java:logGet(46)) - raft.server.threadpool.client.size = 0 (default)
2023-05-23 10:25:54,551 [54284929-3371-4a1e-b544-6f7fda27a691-groupManagement] INFO  storage.RaftStorageDirectory (RaftStorageDirectoryImpl.java:analyzeStorage(137)) - The storage directory /home/runner/work/ozone/ozone/hadoop-ozone/integration-test/target/test-dir/MiniOzoneClusterImpl-bbf8790f-824b-49ae-85c2-11c1b792a20d/datanode-1/data/ratis/2d03b8dc-0e46-44d8-b77b-1cb070401100 does not exist. Creating ...
2023-05-23 10:25:54,552 [c8934a7e-3164-45c1-bd4f-8a83062f2a8f-groupManagement] INFO  server.RaftServerConfigKeys (ConfUtils.java:logGet(46)) - raft.server.log.unsafe-flush.enabled = false (default)
2023-05-23 10:25:54,552 [c8934a7e-3164-45c1-bd4f-8a83062f2a8f-groupManagement] INFO  server.RaftServerConfigKeys (ConfUtils.java:logGet(46)) - raft.server.log.async-flush.enabled = false (default)
2023-05-23 10:25:54,552 [c8934a7e-3164-45c1-bd4f-8a83062f2a8f-groupManagement] INFO  server.RaftServerConfigKeys (ConfUtils.java:logGet(46)) - raft.server.log.statemachine.data.caching.enabled = true (custom)
2023-05-23 10:25:54,553 [c8934a7e-3164-45c1-bd4f-8a83062f2a8f-groupManagement] INFO  segmented.SegmentedRaftLogWorker (SegmentedRaftLogWorker.java:lambda$new$0(135)) - c8934a7e-3164-45c1-bd4f-8a83062f2a8f@group-53464B176A33-SegmentedRaftLogWorker: flushIndex: setUnconditionally 0 -> -1
2023-05-23 10:25:54,553 [54284929-3371-4a1e-b544-6f7fda27a691-groupManagement] INFO  storage.RaftStorageDirectory (RaftStorageDirectoryImpl.java:tryLock(231)) - Lock on /home/runner/work/ozone/ozone/hadoop-ozone/integration-test/target/test-dir/MiniOzoneClusterImpl-bbf8790f-824b-49ae-85c2-11c1b792a20d/datanode-1/data/ratis/2d03b8dc-0e46-44d8-b77b-1cb070401100/in_use.lock acquired by nodename 10384@fv-az1249-304
2023-05-23 10:25:54,553 [c8934a7e-3164-45c1-bd4f-8a83062f2a8f-groupManagement] INFO  segmented.SegmentedRaftLogWorker (SegmentedRaftLogWorker.java:lambda$new$0(135)) - c8934a7e-3164-45c1-bd4f-8a83062f2a8f@group-53464B176A33-SegmentedRaftLogWorker: safeCacheEvictIndex: setUnconditionally 0 -> -1
2023-05-23 10:25:54,553 [c8934a7e-3164-45c1-bd4f-8a83062f2a8f-groupManagement] INFO  server.RaftServer$Division (RaftServerImpl.java:start(342)) - c8934a7e-3164-45c1-bd4f-8a83062f2a8f@group-53464B176A33: start as a follower, conf=-1: peers:[4423aca3-b60e-4ab8-b093-c0faf93dfaca|rpc:10.1.0.38:15109|admin:10.1.0.38:15108|client:10.1.0.38:15107|dataStream:10.1.0.38:15110|priority:0|startupRole:FOLLOWER, c8934a7e-3164-45c1-bd4f-8a83062f2a8f|rpc:10.1.0.38:15125|admin:10.1.0.38:15124|client:10.1.0.38:15123|dataStream:10.1.0.38:15126|priority:1|startupRole:FOLLOWER, 54284929-3371-4a1e-b544-6f7fda27a691|rpc:10.1.0.38:15117|admin:10.1.0.38:15116|client:10.1.0.38:15115|dataStream:10.1.0.38:15118|priority:0|startupRole:FOLLOWER]|listeners:[], old=null
2023-05-23 10:25:54,554 [c8934a7e-3164-45c1-bd4f-8a83062f2a8f-groupManagement] INFO  server.RaftServer$Division (RaftServerImpl.java:setRole(329)) - c8934a7e-3164-45c1-bd4f-8a83062f2a8f@group-53464B176A33: changes role from      null to FOLLOWER at term 0 for startAsFollower
2023-05-23 10:25:54,554 [c8934a7e-3164-45c1-bd4f-8a83062f2a8f-groupManagement] INFO  impl.RoleInfo (RoleInfo.java:updateAndGet(139)) - c8934a7e-3164-45c1-bd4f-8a83062f2a8f: start c8934a7e-3164-45c1-bd4f-8a83062f2a8f@group-53464B176A33-FollowerState
2023-05-23 10:25:54,554 [54284929-3371-4a1e-b544-6f7fda27a691-groupManagement] INFO  storage.RaftStorage (RaftStorageImpl.java:format(96)) - Storage directory /home/runner/work/ozone/ozone/hadoop-ozone/integration-test/target/test-dir/MiniOzoneClusterImpl-bbf8790f-824b-49ae-85c2-11c1b792a20d/datanode-1/data/ratis/2d03b8dc-0e46-44d8-b77b-1cb070401100 has been successfully formatted.
2023-05-23 10:25:54,556 [c8934a7e-3164-45c1-bd4f-8a83062f2a8f-groupManagement] INFO  util.JmxRegister (JmxRegister.java:tryRegister(44)) - Successfully registered JMX Bean with object name Ratis:service=RaftServer,group=group-53464B176A33,id=c8934a7e-3164-45c1-bd4f-8a83062f2a8f
2023-05-23 10:25:54,556 [c8934a7e-3164-45c1-bd4f-8a83062f2a8f@group-53464B176A33-FollowerState] INFO  server.RaftServerConfigKeys (ConfUtils.java:logFallback(53)) - raft.server.rpc.first-election.timeout.min = 5s (fallback to raft.server.rpc.timeout.min)
2023-05-23 10:25:54,556 [c8934a7e-3164-45c1-bd4f-8a83062f2a8f@group-53464B176A33-FollowerState] INFO  server.RaftServerConfigKeys (ConfUtils.java:logFallback(53)) - raft.server.rpc.first-election.timeout.max = 5200ms (fallback to raft.server.rpc.timeout.max)
2023-05-23 10:25:54,556 [54284929-3371-4a1e-b544-6f7fda27a691-groupManagement] INFO  ratis.ContainerStateMachine (ContainerStateMachine.java:loadSnapshot(262)) - group-1CB070401100: The snapshot info is null. Setting the last applied indexto:(t:0, i:~)
2023-05-23 10:25:54,557 [54284929-3371-4a1e-b544-6f7fda27a691-groupManagement] INFO  server.RaftServerConfigKeys (ConfUtils.java:logGet(46)) - raft.server.log.use.memory = false (default)
2023-05-23 10:25:54,557 [54284929-3371-4a1e-b544-6f7fda27a691-groupManagement] INFO  server.RaftServerConfigKeys (ConfUtils.java:logGet(46)) - raft.server.log.purge.gap = 1000000 (custom)
2023-05-23 10:25:54,557 [54284929-3371-4a1e-b544-6f7fda27a691-groupManagement] INFO  server.RaftServerConfigKeys (ConfUtils.java:logGet(46)) - raft.server.log.appender.buffer.byte-limit = 33554432 (custom)
2023-05-23 10:25:54,557 [54284929-3371-4a1e-b544-6f7fda27a691-groupManagement] INFO  server.RaftServerConfigKeys (ConfUtils.java:logGet(46)) - raft.server.log.statemachine.data.read.timeout = 1000ms (default)
2023-05-23 10:25:54,557 [54284929-3371-4a1e-b544-6f7fda27a691-groupManagement] INFO  server.RaftServerConfigKeys (ConfUtils.java:logGet(46)) - raft.server.log.purge.preservation.log.num = 0 (default)
2023-05-23 10:25:54,557 [54284929-3371-4a1e-b544-6f7fda27a691-groupManagement] INFO  server.RaftServerConfigKeys (ConfUtils.java:logGet(46)) - raft.server.log.segment.size.max = 1048576 (custom)
2023-05-23 10:25:54,557 [54284929-3371-4a1e-b544-6f7fda27a691-groupManagement] INFO  server.RaftServerConfigKeys (ConfUtils.java:logGet(46)) - raft.server.log.segment.cache.num.max = 2 (custom)
2023-05-23 10:25:54,557 [54284929-3371-4a1e-b544-6f7fda27a691-groupManagement] INFO  server.RaftServerConfigKeys (ConfUtils.java:logGet(46)) - raft.server.log.segment.cache.size.max = 200MB (=209715200) (default)
2023-05-23 10:25:54,557 [54284929-3371-4a1e-b544-6f7fda27a691-groupManagement] INFO  server.RaftServerConfigKeys (ConfUtils.java:logGet(46)) - raft.server.log.appender.buffer.byte-limit = 33554432 (custom)
2023-05-23 10:25:54,557 [54284929-3371-4a1e-b544-6f7fda27a691-groupManagement] INFO  segmented.SegmentedRaftLogWorker (SegmentedRaftLogWorker.java:<init>(188)) - new 54284929-3371-4a1e-b544-6f7fda27a691@group-1CB070401100-SegmentedRaftLogWorker for RaftStorageImpl:Storage Directory /home/runner/work/ozone/ozone/hadoop-ozone/integration-test/target/test-dir/MiniOzoneClusterImpl-bbf8790f-824b-49ae-85c2-11c1b792a20d/datanode-1/data/ratis/2d03b8dc-0e46-44d8-b77b-1cb070401100
2023-05-23 10:25:54,558 [54284929-3371-4a1e-b544-6f7fda27a691-groupManagement] INFO  server.RaftServerConfigKeys (ConfUtils.java:logGet(46)) - raft.server.log.queue.byte-limit = 4294967296 (custom)
2023-05-23 10:25:54,558 [EventQueue-PipelineReportForPipelineReportHandler] INFO  pipeline.PipelineManagerImpl (PipelineManagerImpl.java:openPipeline(367)) - Pipeline Pipeline[ Id: 2d03b8dc-0e46-44d8-b77b-1cb070401100, Nodes: 54284929-3371-4a1e-b544-6f7fda27a691(fv-az1249-304/10.1.0.38), ReplicationConfig: RATIS/ONE, State:ALLOCATED, leaderId:54284929-3371-4a1e-b544-6f7fda27a691, CreationTimestamp2023-05-23T10:25:51.551Z[Etc/UTC]] moved to OPEN state
2023-05-23 10:25:54,556 [c8934a7e-3164-45c1-bd4f-8a83062f2a8f-groupManagement] INFO  server.RaftServerConfigKeys (ConfUtils.java:logGet(46)) - raft.server.snapshot.auto.trigger.enabled = true (custom)
2023-05-23 10:25:54,558 [c8934a7e-3164-45c1-bd4f-8a83062f2a8f-groupManagement] INFO  server.RaftServerConfigKeys (ConfUtils.java:logGet(46)) - raft.server.snapshot.auto.trigger.threshold = 10000 (custom)
2023-05-23 10:25:54,558 [c8934a7e-3164-45c1-bd4f-8a83062f2a8f-groupManagement] INFO  server.RaftServerConfigKeys (ConfUtils.java:logGet(46)) - raft.server.snapshot.retention.file.num = 5 (custom)
2023-05-23 10:25:54,558 [c8934a7e-3164-45c1-bd4f-8a83062f2a8f-groupManagement] INFO  server.RaftServerConfigKeys (ConfUtils.java:logGet(46)) - raft.server.log.purge.upto.snapshot.index = false (default)
2023-05-23 10:25:54,558 [EventQueue-OpenPipelineForHealthyPipelineSafeModeRule] INFO  safemode.SCMSafeModeManager (HealthyPipelineSafeModeRule.java:process(137)) - SCM in safe mode. Healthy pipelines reported count is 0, required healthy pipeline reported count is 1
2023-05-23 10:25:54,558 [54284929-3371-4a1e-b544-6f7fda27a691-groupManagement] INFO  server.RaftServerConfigKeys (ConfUtils.java:logGet(46)) - raft.server.log.queue.element-limit = 1024 (custom)
2023-05-23 10:25:54,558 [54284929-3371-4a1e-b544-6f7fda27a691-groupManagement] INFO  server.RaftServerConfigKeys (ConfUtils.java:logGet(46)) - raft.server.log.segment.size.max = 1048576 (custom)
2023-05-23 10:25:54,558 [54284929-3371-4a1e-b544-6f7fda27a691-groupManagement] INFO  server.RaftServerConfigKeys (ConfUtils.java:logGet(46)) - raft.server.log.preallocated.size = 16384 (custom)
2023-05-23 10:25:54,558 [54284929-3371-4a1e-b544-6f7fda27a691-groupManagement] INFO  server.RaftServerConfigKeys (ConfUtils.java:logGet(46)) - raft.server.log.force.sync.num = 128 (default)
2023-05-23 10:25:54,559 [54284929-3371-4a1e-b544-6f7fda27a691-groupManagement] INFO  server.RaftServerConfigKeys (ConfUtils.java:logGet(46)) - raft.server.log.statemachine.data.sync = true (default)
2023-05-23 10:25:54,559 [54284929-3371-4a1e-b544-6f7fda27a691-groupManagement] INFO  server.RaftServerConfigKeys (ConfUtils.java:logGet(46)) - raft.server.log.statemachine.data.sync.timeout = 10s (default)
2023-05-23 10:25:54,559 [54284929-3371-4a1e-b544-6f7fda27a691-groupManagement] INFO  server.RaftServerConfigKeys (ConfUtils.java:logGet(46)) - raft.server.log.statemachine.data.sync.timeout.retry = -1 (default)
2023-05-23 10:25:54,559 [54284929-3371-4a1e-b544-6f7fda27a691-groupManagement] INFO  server.RaftServerConfigKeys (ConfUtils.java:logGet(46)) - raft.server.log.write.buffer.size = 1048576 (custom)
2023-05-23 10:25:54,560 [54284929-3371-4a1e-b544-6f7fda27a691-groupManagement] INFO  server.RaftServerConfigKeys (ConfUtils.java:logGet(46)) - raft.server.log.appender.buffer.byte-limit = 33554432 (custom)
2023-05-23 10:25:54,564 [Listener at 127.0.0.1/15100] INFO  ozone.MiniOzoneClusterImpl (MiniOzoneClusterImpl.java:lambda$waitForClusterToBeReady$0(222)) - Nodes are ready. Got 5 of 5 DN Heartbeats.
2023-05-23 10:25:54,564 [Listener at 127.0.0.1/15100] INFO  ozone.MiniOzoneClusterImpl (MiniOzoneClusterImpl.java:lambda$waitForClusterToBeReady$0(225)) - Waiting for cluster to exit safe mode
2023-05-23 10:25:54,564 [Listener at 127.0.0.1/15100] INFO  ozone.MiniOzoneClusterImpl (MiniOzoneClusterImpl.java:lambda$waitForClusterToBeReady$0(227)) - SCM became leader
2023-05-23 10:25:54,566 [54284929-3371-4a1e-b544-6f7fda27a691-groupManagement] INFO  server.RaftServerConfigKeys (ConfUtils.java:logGet(46)) - raft.server.log.unsafe-flush.enabled = false (default)
2023-05-23 10:25:54,566 [54284929-3371-4a1e-b544-6f7fda27a691-groupManagement] INFO  server.RaftServerConfigKeys (ConfUtils.java:logGet(46)) - raft.server.log.async-flush.enabled = false (default)
2023-05-23 10:25:54,566 [54284929-3371-4a1e-b544-6f7fda27a691-groupManagement] INFO  server.RaftServerConfigKeys (ConfUtils.java:logGet(46)) - raft.server.log.statemachine.data.caching.enabled = true (custom)
2023-05-23 10:25:54,566 [54284929-3371-4a1e-b544-6f7fda27a691-groupManagement] INFO  segmented.SegmentedRaftLogWorker (SegmentedRaftLogWorker.java:lambda$new$0(135)) - 54284929-3371-4a1e-b544-6f7fda27a691@group-1CB070401100-SegmentedRaftLogWorker: flushIndex: setUnconditionally 0 -> -1
2023-05-23 10:25:54,566 [54284929-3371-4a1e-b544-6f7fda27a691-groupManagement] INFO  segmented.SegmentedRaftLogWorker (SegmentedRaftLogWorker.java:lambda$new$0(135)) - 54284929-3371-4a1e-b544-6f7fda27a691@group-1CB070401100-SegmentedRaftLogWorker: safeCacheEvictIndex: setUnconditionally 0 -> -1
2023-05-23 10:25:54,573 [54284929-3371-4a1e-b544-6f7fda27a691-groupManagement] INFO  server.RaftServer$Division (RaftServerImpl.java:start(342)) - 54284929-3371-4a1e-b544-6f7fda27a691@group-1CB070401100: start as a follower, conf=-1: peers:[54284929-3371-4a1e-b544-6f7fda27a691|rpc:10.1.0.38:15117|admin:10.1.0.38:15116|client:10.1.0.38:15115|dataStream:10.1.0.38:15118|priority:1|startupRole:FOLLOWER]|listeners:[], old=null
2023-05-23 10:25:54,573 [54284929-3371-4a1e-b544-6f7fda27a691-groupManagement] INFO  server.RaftServer$Division (RaftServerImpl.java:setRole(329)) - 54284929-3371-4a1e-b544-6f7fda27a691@group-1CB070401100: changes role from      null to FOLLOWER at term 0 for startAsFollower
2023-05-23 10:25:54,573 [54284929-3371-4a1e-b544-6f7fda27a691-groupManagement] INFO  impl.RoleInfo (RoleInfo.java:updateAndGet(139)) - 54284929-3371-4a1e-b544-6f7fda27a691: start 54284929-3371-4a1e-b544-6f7fda27a691@group-1CB070401100-FollowerState
2023-05-23 10:25:54,574 [54284929-3371-4a1e-b544-6f7fda27a691-groupManagement] INFO  util.JmxRegister (JmxRegister.java:tryRegister(44)) - Successfully registered JMX Bean with object name Ratis:service=RaftServer,group=group-1CB070401100,id=54284929-3371-4a1e-b544-6f7fda27a691
2023-05-23 10:25:54,574 [54284929-3371-4a1e-b544-6f7fda27a691-groupManagement] INFO  server.RaftServerConfigKeys (ConfUtils.java:logGet(46)) - raft.server.snapshot.auto.trigger.enabled = true (custom)
2023-05-23 10:25:54,574 [54284929-3371-4a1e-b544-6f7fda27a691-groupManagement] INFO  server.RaftServerConfigKeys (ConfUtils.java:logGet(46)) - raft.server.snapshot.auto.trigger.threshold = 10000 (custom)
2023-05-23 10:25:54,574 [54284929-3371-4a1e-b544-6f7fda27a691-groupManagement] INFO  server.RaftServerConfigKeys (ConfUtils.java:logGet(46)) - raft.server.snapshot.retention.file.num = 5 (custom)
2023-05-23 10:25:54,574 [54284929-3371-4a1e-b544-6f7fda27a691-groupManagement] INFO  server.RaftServerConfigKeys (ConfUtils.java:logGet(46)) - raft.server.log.purge.upto.snapshot.index = false (default)
2023-05-23 10:25:54,575 [54284929-3371-4a1e-b544-6f7fda27a691@group-1CB070401100-FollowerState] INFO  server.RaftServerConfigKeys (ConfUtils.java:logFallback(53)) - raft.server.rpc.first-election.timeout.min = 5s (fallback to raft.server.rpc.timeout.min)
2023-05-23 10:25:54,575 [54284929-3371-4a1e-b544-6f7fda27a691@group-1CB070401100-FollowerState] INFO  server.RaftServerConfigKeys (ConfUtils.java:logFallback(53)) - raft.server.rpc.first-election.timeout.max = 5200ms (fallback to raft.server.rpc.timeout.max)
2023-05-23 10:25:54,576 [Command processor thread] INFO  ratis.XceiverServerRatis (XceiverServerRatis.java:addGroup(806)) - Created group PipelineID=2d03b8dc-0e46-44d8-b77b-1cb070401100
2023-05-23 10:25:54,576 [Command processor thread] INFO  commandhandler.CreatePipelineCommandHandler (CreatePipelineCommandHandler.java:handle(113)) - Created Pipeline RATIS ONE PipelineID=2d03b8dc-0e46-44d8-b77b-1cb070401100.
2023-05-23 10:25:54,576 [Command processor thread] INFO  server.RaftServer (RaftServerProxy.java:addNew(98)) - 54284929-3371-4a1e-b544-6f7fda27a691: addNew group-53464B176A33:[4423aca3-b60e-4ab8-b093-c0faf93dfaca|rpc:10.1.0.38:15109|admin:10.1.0.38:15108|client:10.1.0.38:15107|dataStream:10.1.0.38:15110|priority:0|startupRole:FOLLOWER, c8934a7e-3164-45c1-bd4f-8a83062f2a8f|rpc:10.1.0.38:15125|admin:10.1.0.38:15124|client:10.1.0.38:15123|dataStream:10.1.0.38:15126|priority:1|startupRole:FOLLOWER, 54284929-3371-4a1e-b544-6f7fda27a691|rpc:10.1.0.38:15117|admin:10.1.0.38:15116|client:10.1.0.38:15115|dataStream:10.1.0.38:15118|priority:0|startupRole:FOLLOWER] returns group-53464B176A33:java.util.concurrent.CompletableFuture@57983cf2[Not completed]
2023-05-23 10:25:54,579 [54284929-3371-4a1e-b544-6f7fda27a691-groupManagement] INFO  server.RaftServer$Division (RaftServerImpl.java:<init>(198)) - 54284929-3371-4a1e-b544-6f7fda27a691: new RaftServerImpl for group-53464B176A33:[4423aca3-b60e-4ab8-b093-c0faf93dfaca|rpc:10.1.0.38:15109|admin:10.1.0.38:15108|client:10.1.0.38:15107|dataStream:10.1.0.38:15110|priority:0|startupRole:FOLLOWER, c8934a7e-3164-45c1-bd4f-8a83062f2a8f|rpc:10.1.0.38:15125|admin:10.1.0.38:15124|client:10.1.0.38:15123|dataStream:10.1.0.38:15126|priority:1|startupRole:FOLLOWER, 54284929-3371-4a1e-b544-6f7fda27a691|rpc:10.1.0.38:15117|admin:10.1.0.38:15116|client:10.1.0.38:15115|dataStream:10.1.0.38:15118|priority:0|startupRole:FOLLOWER] with ContainerStateMachine:uninitialized
2023-05-23 10:25:54,580 [54284929-3371-4a1e-b544-6f7fda27a691-groupManagement] INFO  server.RaftServerConfigKeys (ConfUtils.java:logGet(46)) - raft.server.rpc.timeout.min = 5s (custom)
2023-05-23 10:25:54,580 [54284929-3371-4a1e-b544-6f7fda27a691-groupManagement] INFO  server.RaftServerConfigKeys (ConfUtils.java:logGet(46)) - raft.server.rpc.timeout.max = 5200ms (custom)
2023-05-23 10:25:54,580 [54284929-3371-4a1e-b544-6f7fda27a691-groupManagement] INFO  server.RaftServerConfigKeys (ConfUtils.java:logGet(46)) - raft.server.rpc.sleep.time = 25ms (default)
2023-05-23 10:25:54,580 [54284929-3371-4a1e-b544-6f7fda27a691-groupManagement] INFO  server.RaftServerConfigKeys (ConfUtils.java:logGet(46)) - raft.server.rpc.slowness.timeout = 300s (custom)
2023-05-23 10:25:54,580 [54284929-3371-4a1e-b544-6f7fda27a691-groupManagement] INFO  server.RaftServerConfigKeys (ConfUtils.java:logGet(46)) - raft.server.leaderelection.leader.step-down.wait-time = 10s (default)
2023-05-23 10:25:54,580 [54284929-3371-4a1e-b544-6f7fda27a691-groupManagement] INFO  server.RaftServerConfigKeys (ConfUtils.java:logGet(46)) - raft.server.sleep.deviation.threshold = 300ms (default)
2023-05-23 10:25:54,580 [54284929-3371-4a1e-b544-6f7fda27a691-groupManagement] INFO  server.RaftServer$Division (ServerState.java:<init>(120)) - 54284929-3371-4a1e-b544-6f7fda27a691@group-53464B176A33: ConfigurationManager, init=-1: peers:[4423aca3-b60e-4ab8-b093-c0faf93dfaca|rpc:10.1.0.38:15109|admin:10.1.0.38:15108|client:10.1.0.38:15107|dataStream:10.1.0.38:15110|priority:0|startupRole:FOLLOWER, c8934a7e-3164-45c1-bd4f-8a83062f2a8f|rpc:10.1.0.38:15125|admin:10.1.0.38:15124|client:10.1.0.38:15123|dataStream:10.1.0.38:15126|priority:1|startupRole:FOLLOWER, 54284929-3371-4a1e-b544-6f7fda27a691|rpc:10.1.0.38:15117|admin:10.1.0.38:15116|client:10.1.0.38:15115|dataStream:10.1.0.38:15118|priority:0|startupRole:FOLLOWER]|listeners:[], old=null, confs=<EMPTY_MAP>
2023-05-23 10:25:54,580 [54284929-3371-4a1e-b544-6f7fda27a691-groupManagement] INFO  server.RaftServerConfigKeys (ConfUtils.java:logGet(46)) - raft.server.storage.dir = [/home/runner/work/ozone/ozone/hadoop-ozone/integration-test/target/test-dir/MiniOzoneClusterImpl-bbf8790f-824b-49ae-85c2-11c1b792a20d/datanode-1/data/ratis] (custom)
2023-05-23 10:25:54,580 [54284929-3371-4a1e-b544-6f7fda27a691-groupManagement] INFO  server.RaftServerConfigKeys (ConfUtils.java:logGet(46)) - raft.server.log.corruption.policy = EXCEPTION (default)
2023-05-23 10:25:54,580 [54284929-3371-4a1e-b544-6f7fda27a691-groupManagement] INFO  server.RaftServerConfigKeys (ConfUtils.java:logGet(46)) - raft.server.storage.free-space.min = 0MB (=0) (default)
2023-05-23 10:25:54,580 [54284929-3371-4a1e-b544-6f7fda27a691-groupManagement] INFO  server.RaftServerConfigKeys (ConfUtils.java:logGet(46)) - raft.server.notification.no-leader.timeout = 300s (custom)
2023-05-23 10:25:54,580 [54284929-3371-4a1e-b544-6f7fda27a691-groupManagement] INFO  server.RaftServerConfigKeys (ConfUtils.java:logGet(46)) - raft.server.read.timeout = 10s (default)
2023-05-23 10:25:54,580 [54284929-3371-4a1e-b544-6f7fda27a691-groupManagement] INFO  server.RaftServerConfigKeys (ConfUtils.java:logGet(46)) - raft.server.retrycache.expirytime = 600000ms (custom)
2023-05-23 10:25:54,580 [54284929-3371-4a1e-b544-6f7fda27a691-groupManagement] INFO  server.RaftServerConfigKeys (ConfUtils.java:logGet(46)) - raft.server.retrycache.statistics.expirytime = 100μs (default)
2023-05-23 10:25:54,580 [54284929-3371-4a1e-b544-6f7fda27a691-groupManagement] INFO  server.RaftServerConfigKeys (ConfUtils.java:logGet(46)) - raft.server.read.option = DEFAULT (default)
2023-05-23 10:25:54,581 [54284929-3371-4a1e-b544-6f7fda27a691-groupManagement] INFO  server.RaftServerConfigKeys (ConfUtils.java:logGet(46)) - raft.server.rpc.request.timeout = 60s (custom)
2023-05-23 10:25:54,581 [54284929-3371-4a1e-b544-6f7fda27a691-groupManagement] INFO  server.RaftServerConfigKeys (ConfUtils.java:logGet(46)) - raft.server.log.appender.install.snapshot.enabled = false (custom)
2023-05-23 10:25:54,581 [54284929-3371-4a1e-b544-6f7fda27a691-groupManagement] INFO  server.RaftServerConfigKeys (ConfUtils.java:logGet(46)) - raft.server.threadpool.server.cached = true (default)
2023-05-23 10:25:54,582 [54284929-3371-4a1e-b544-6f7fda27a691-groupManagement] INFO  server.RaftServerConfigKeys (ConfUtils.java:logGet(46)) - raft.server.threadpool.server.size = 0 (default)
2023-05-23 10:25:54,582 [54284929-3371-4a1e-b544-6f7fda27a691-groupManagement] INFO  server.RaftServerConfigKeys (ConfUtils.java:logGet(46)) - raft.server.threadpool.client.cached = true (default)
2023-05-23 10:25:54,582 [54284929-3371-4a1e-b544-6f7fda27a691-groupManagement] INFO  server.RaftServerConfigKeys (ConfUtils.java:logGet(46)) - raft.server.threadpool.client.size = 0 (default)
2023-05-23 10:25:54,582 [54284929-3371-4a1e-b544-6f7fda27a691-groupManagement] INFO  storage.RaftStorageDirectory (RaftStorageDirectoryImpl.java:analyzeStorage(137)) - The storage directory /home/runner/work/ozone/ozone/hadoop-ozone/integration-test/target/test-dir/MiniOzoneClusterImpl-bbf8790f-824b-49ae-85c2-11c1b792a20d/datanode-1/data/ratis/3417e7a8-d8c8-49d9-9466-53464b176a33 does not exist. Creating ...
2023-05-23 10:25:54,583 [54284929-3371-4a1e-b544-6f7fda27a691-groupManagement] INFO  storage.RaftStorageDirectory (RaftStorageDirectoryImpl.java:tryLock(231)) - Lock on /home/runner/work/ozone/ozone/hadoop-ozone/integration-test/target/test-dir/MiniOzoneClusterImpl-bbf8790f-824b-49ae-85c2-11c1b792a20d/datanode-1/data/ratis/3417e7a8-d8c8-49d9-9466-53464b176a33/in_use.lock acquired by nodename 10384@fv-az1249-304
2023-05-23 10:25:54,584 [54284929-3371-4a1e-b544-6f7fda27a691-groupManagement] INFO  storage.RaftStorage (RaftStorageImpl.java:format(96)) - Storage directory /home/runner/work/ozone/ozone/hadoop-ozone/integration-test/target/test-dir/MiniOzoneClusterImpl-bbf8790f-824b-49ae-85c2-11c1b792a20d/datanode-1/data/ratis/3417e7a8-d8c8-49d9-9466-53464b176a33 has been successfully formatted.
2023-05-23 10:25:54,585 [54284929-3371-4a1e-b544-6f7fda27a691-groupManagement] INFO  ratis.ContainerStateMachine (ContainerStateMachine.java:loadSnapshot(262)) - group-53464B176A33: The snapshot info is null. Setting the last applied indexto:(t:0, i:~)
2023-05-23 10:25:54,585 [54284929-3371-4a1e-b544-6f7fda27a691-groupManagement] INFO  server.RaftServerConfigKeys (ConfUtils.java:logGet(46)) - raft.server.log.use.memory = false (default)
2023-05-23 10:25:54,590 [EventQueue-OpenPipelineForHealthyPipelineSafeModeRule] INFO  safemode.SCMSafeModeManager (HealthyPipelineSafeModeRule.java:process(137)) - SCM in safe mode. Healthy pipelines reported count is 0, required healthy pipeline reported count is 1
2023-05-23 10:25:54,592 [54284929-3371-4a1e-b544-6f7fda27a691-groupManagement] INFO  server.RaftServerConfigKeys (ConfUtils.java:logGet(46)) - raft.server.log.purge.gap = 1000000 (custom)
2023-05-23 10:25:54,592 [54284929-3371-4a1e-b544-6f7fda27a691-groupManagement] INFO  server.RaftServerConfigKeys (ConfUtils.java:logGet(46)) - raft.server.log.appender.buffer.byte-limit = 33554432 (custom)
2023-05-23 10:25:54,592 [54284929-3371-4a1e-b544-6f7fda27a691-groupManagement] INFO  server.RaftServerConfigKeys (ConfUtils.java:logGet(46)) - raft.server.log.statemachine.data.read.timeout = 1000ms (default)
2023-05-23 10:25:54,593 [54284929-3371-4a1e-b544-6f7fda27a691-groupManagement] INFO  server.RaftServerConfigKeys (ConfUtils.java:logGet(46)) - raft.server.log.purge.preservation.log.num = 0 (default)
2023-05-23 10:25:54,593 [54284929-3371-4a1e-b544-6f7fda27a691-groupManagement] INFO  server.RaftServerConfigKeys (ConfUtils.java:logGet(46)) - raft.server.log.segment.size.max = 1048576 (custom)
2023-05-23 10:25:54,593 [54284929-3371-4a1e-b544-6f7fda27a691-groupManagement] INFO  server.RaftServerConfigKeys (ConfUtils.java:logGet(46)) - raft.server.log.segment.cache.num.max = 2 (custom)
2023-05-23 10:25:54,593 [54284929-3371-4a1e-b544-6f7fda27a691-groupManagement] INFO  server.RaftServerConfigKeys (ConfUtils.java:logGet(46)) - raft.server.log.segment.cache.size.max = 200MB (=209715200) (default)
2023-05-23 10:25:54,593 [54284929-3371-4a1e-b544-6f7fda27a691-groupManagement] INFO  server.RaftServerConfigKeys (ConfUtils.java:logGet(46)) - raft.server.log.appender.buffer.byte-limit = 33554432 (custom)
2023-05-23 10:25:54,593 [54284929-3371-4a1e-b544-6f7fda27a691-groupManagement] INFO  segmented.SegmentedRaftLogWorker (SegmentedRaftLogWorker.java:<init>(188)) - new 54284929-3371-4a1e-b544-6f7fda27a691@group-53464B176A33-SegmentedRaftLogWorker for RaftStorageImpl:Storage Directory /home/runner/work/ozone/ozone/hadoop-ozone/integration-test/target/test-dir/MiniOzoneClusterImpl-bbf8790f-824b-49ae-85c2-11c1b792a20d/datanode-1/data/ratis/3417e7a8-d8c8-49d9-9466-53464b176a33
2023-05-23 10:25:54,593 [54284929-3371-4a1e-b544-6f7fda27a691-groupManagement] INFO  server.RaftServerConfigKeys (ConfUtils.java:logGet(46)) - raft.server.log.queue.byte-limit = 4294967296 (custom)
2023-05-23 10:25:54,593 [54284929-3371-4a1e-b544-6f7fda27a691-groupManagement] INFO  server.RaftServerConfigKeys (ConfUtils.java:logGet(46)) - raft.server.log.queue.element-limit = 1024 (custom)
2023-05-23 10:25:54,593 [54284929-3371-4a1e-b544-6f7fda27a691-groupManagement] INFO  server.RaftServerConfigKeys (ConfUtils.java:logGet(46)) - raft.server.log.segment.size.max = 1048576 (custom)
2023-05-23 10:25:54,593 [54284929-3371-4a1e-b544-6f7fda27a691-groupManagement] INFO  server.RaftServerConfigKeys (ConfUtils.java:logGet(46)) - raft.server.log.preallocated.size = 16384 (custom)
2023-05-23 10:25:54,593 [54284929-3371-4a1e-b544-6f7fda27a691-groupManagement] INFO  server.RaftServerConfigKeys (ConfUtils.java:logGet(46)) - raft.server.log.force.sync.num = 128 (default)
2023-05-23 10:25:54,593 [54284929-3371-4a1e-b544-6f7fda27a691-groupManagement] INFO  server.RaftServerConfigKeys (ConfUtils.java:logGet(46)) - raft.server.log.statemachine.data.sync = true (default)
2023-05-23 10:25:54,593 [54284929-3371-4a1e-b544-6f7fda27a691-groupManagement] INFO  server.RaftServerConfigKeys (ConfUtils.java:logGet(46)) - raft.server.log.statemachine.data.sync.timeout = 10s (default)
2023-05-23 10:25:54,593 [54284929-3371-4a1e-b544-6f7fda27a691-groupManagement] INFO  server.RaftServerConfigKeys (ConfUtils.java:logGet(46)) - raft.server.log.statemachine.data.sync.timeout.retry = -1 (default)
2023-05-23 10:25:54,594 [54284929-3371-4a1e-b544-6f7fda27a691-groupManagement] INFO  server.RaftServerConfigKeys (ConfUtils.java:logGet(46)) - raft.server.log.write.buffer.size = 1048576 (custom)
2023-05-23 10:25:54,595 [54284929-3371-4a1e-b544-6f7fda27a691-groupManagement] INFO  server.RaftServerConfigKeys (ConfUtils.java:logGet(46)) - raft.server.log.appender.buffer.byte-limit = 33554432 (custom)
2023-05-23 10:25:54,603 [54284929-3371-4a1e-b544-6f7fda27a691-groupManagement] INFO  server.RaftServerConfigKeys (ConfUtils.java:logGet(46)) - raft.server.log.unsafe-flush.enabled = false (default)
2023-05-23 10:25:54,603 [54284929-3371-4a1e-b544-6f7fda27a691-groupManagement] INFO  server.RaftServerConfigKeys (ConfUtils.java:logGet(46)) - raft.server.log.async-flush.enabled = false (default)
2023-05-23 10:25:54,603 [54284929-3371-4a1e-b544-6f7fda27a691-groupManagement] INFO  server.RaftServerConfigKeys (ConfUtils.java:logGet(46)) - raft.server.log.statemachine.data.caching.enabled = true (custom)
2023-05-23 10:25:54,604 [54284929-3371-4a1e-b544-6f7fda27a691-groupManagement] INFO  segmented.SegmentedRaftLogWorker (SegmentedRaftLogWorker.java:lambda$new$0(135)) - 54284929-3371-4a1e-b544-6f7fda27a691@group-53464B176A33-SegmentedRaftLogWorker: flushIndex: setUnconditionally 0 -> -1
2023-05-23 10:25:54,604 [54284929-3371-4a1e-b544-6f7fda27a691-groupManagement] INFO  segmented.SegmentedRaftLogWorker (SegmentedRaftLogWorker.java:lambda$new$0(135)) - 54284929-3371-4a1e-b544-6f7fda27a691@group-53464B176A33-SegmentedRaftLogWorker: safeCacheEvictIndex: setUnconditionally 0 -> -1
2023-05-23 10:25:54,604 [54284929-3371-4a1e-b544-6f7fda27a691-groupManagement] INFO  server.RaftServer$Division (RaftServerImpl.java:start(342)) - 54284929-3371-4a1e-b544-6f7fda27a691@group-53464B176A33: start as a follower, conf=-1: peers:[4423aca3-b60e-4ab8-b093-c0faf93dfaca|rpc:10.1.0.38:15109|admin:10.1.0.38:15108|client:10.1.0.38:15107|dataStream:10.1.0.38:15110|priority:0|startupRole:FOLLOWER, c8934a7e-3164-45c1-bd4f-8a83062f2a8f|rpc:10.1.0.38:15125|admin:10.1.0.38:15124|client:10.1.0.38:15123|dataStream:10.1.0.38:15126|priority:1|startupRole:FOLLOWER, 54284929-3371-4a1e-b544-6f7fda27a691|rpc:10.1.0.38:15117|admin:10.1.0.38:15116|client:10.1.0.38:15115|dataStream:10.1.0.38:15118|priority:0|startupRole:FOLLOWER]|listeners:[], old=null
2023-05-23 10:25:54,604 [54284929-3371-4a1e-b544-6f7fda27a691-groupManagement] INFO  server.RaftServer$Division (RaftServerImpl.java:setRole(329)) - 54284929-3371-4a1e-b544-6f7fda27a691@group-53464B176A33: changes role from      null to FOLLOWER at term 0 for startAsFollower
2023-05-23 10:25:54,604 [54284929-3371-4a1e-b544-6f7fda27a691-groupManagement] INFO  impl.RoleInfo (RoleInfo.java:updateAndGet(139)) - 54284929-3371-4a1e-b544-6f7fda27a691: start 54284929-3371-4a1e-b544-6f7fda27a691@group-53464B176A33-FollowerState
2023-05-23 10:25:54,613 [54284929-3371-4a1e-b544-6f7fda27a691@group-53464B176A33-FollowerState] INFO  server.RaftServerConfigKeys (ConfUtils.java:logFallback(53)) - raft.server.rpc.first-election.timeout.min = 5s (fallback to raft.server.rpc.timeout.min)
2023-05-23 10:25:54,614 [54284929-3371-4a1e-b544-6f7fda27a691@group-53464B176A33-FollowerState] INFO  server.RaftServerConfigKeys (ConfUtils.java:logFallback(53)) - raft.server.rpc.first-election.timeout.max = 5200ms (fallback to raft.server.rpc.timeout.max)
2023-05-23 10:25:54,614 [54284929-3371-4a1e-b544-6f7fda27a691-groupManagement] INFO  util.JmxRegister (JmxRegister.java:tryRegister(44)) - Successfully registered JMX Bean with object name Ratis:service=RaftServer,group=group-53464B176A33,id=54284929-3371-4a1e-b544-6f7fda27a691
2023-05-23 10:25:54,614 [54284929-3371-4a1e-b544-6f7fda27a691-groupManagement] INFO  server.RaftServerConfigKeys (ConfUtils.java:logGet(46)) - raft.server.snapshot.auto.trigger.enabled = true (custom)
2023-05-23 10:25:54,614 [54284929-3371-4a1e-b544-6f7fda27a691-groupManagement] INFO  server.RaftServerConfigKeys (ConfUtils.java:logGet(46)) - raft.server.snapshot.auto.trigger.threshold = 10000 (custom)
2023-05-23 10:25:54,614 [54284929-3371-4a1e-b544-6f7fda27a691-groupManagement] INFO  server.RaftServerConfigKeys (ConfUtils.java:logGet(46)) - raft.server.snapshot.retention.file.num = 5 (custom)
2023-05-23 10:25:54,614 [54284929-3371-4a1e-b544-6f7fda27a691-groupManagement] INFO  server.RaftServerConfigKeys (ConfUtils.java:logGet(46)) - raft.server.log.purge.upto.snapshot.index = false (default)
2023-05-23 10:25:54,618 [Command processor thread] INFO  ratis.XceiverServerRatis (XceiverServerRatis.java:addGroup(806)) - Created group PipelineID=3417e7a8-d8c8-49d9-9466-53464b176a33
2023-05-23 10:25:54,662 [Command processor thread] INFO  commandhandler.CreatePipelineCommandHandler (CreatePipelineCommandHandler.java:handle(113)) - Created Pipeline RATIS THREE PipelineID=3417e7a8-d8c8-49d9-9466-53464b176a33.
2023-05-23 10:25:54,693 [Command processor thread] INFO  commandhandler.CreatePipelineCommandHandler (CreatePipelineCommandHandler.java:handle(113)) - Created Pipeline RATIS THREE PipelineID=3417e7a8-d8c8-49d9-9466-53464b176a33.
2023-05-23 10:25:54,751 [ReplicationMonitor] INFO  replication.ReplicationManager (ReplicationManager.java:processAll(375)) - Replication Manager is not ready to run until 3000ms after safemode exit
2023-05-23 10:25:54,898 [Command processor thread] INFO  server.RaftServer (RaftServerProxy.java:addNew(98)) - c8934a7e-3164-45c1-bd4f-8a83062f2a8f: addNew group-53ED05E41AE4:[c8934a7e-3164-45c1-bd4f-8a83062f2a8f|rpc:10.1.0.38:15125|admin:10.1.0.38:15124|client:10.1.0.38:15123|dataStream:10.1.0.38:15126|priority:1|startupRole:FOLLOWER] returns group-53ED05E41AE4:java.util.concurrent.CompletableFuture@7844addd[Not completed]
2023-05-23 10:25:54,899 [c8934a7e-3164-45c1-bd4f-8a83062f2a8f-groupManagement] INFO  server.RaftServer$Division (RaftServerImpl.java:<init>(198)) - c8934a7e-3164-45c1-bd4f-8a83062f2a8f: new RaftServerImpl for group-53ED05E41AE4:[c8934a7e-3164-45c1-bd4f-8a83062f2a8f|rpc:10.1.0.38:15125|admin:10.1.0.38:15124|client:10.1.0.38:15123|dataStream:10.1.0.38:15126|priority:1|startupRole:FOLLOWER] with ContainerStateMachine:uninitialized
2023-05-23 10:25:54,899 [c8934a7e-3164-45c1-bd4f-8a83062f2a8f-groupManagement] INFO  server.RaftServerConfigKeys (ConfUtils.java:logGet(46)) - raft.server.rpc.timeout.min = 5s (custom)
2023-05-23 10:25:54,899 [c8934a7e-3164-45c1-bd4f-8a83062f2a8f-groupManagement] INFO  server.RaftServerConfigKeys (ConfUtils.java:logGet(46)) - raft.server.rpc.timeout.max = 5200ms (custom)
2023-05-23 10:25:54,899 [c8934a7e-3164-45c1-bd4f-8a83062f2a8f-groupManagement] INFO  server.RaftServerConfigKeys (ConfUtils.java:logGet(46)) - raft.server.rpc.sleep.time = 25ms (default)
2023-05-23 10:25:54,899 [c8934a7e-3164-45c1-bd4f-8a83062f2a8f-groupManagement] INFO  server.RaftServerConfigKeys (ConfUtils.java:logGet(46)) - raft.server.rpc.slowness.timeout = 300s (custom)
2023-05-23 10:25:54,899 [c8934a7e-3164-45c1-bd4f-8a83062f2a8f-groupManagement] INFO  server.RaftServerConfigKeys (ConfUtils.java:logGet(46)) - raft.server.leaderelection.leader.step-down.wait-time = 10s (default)
2023-05-23 10:25:54,899 [c8934a7e-3164-45c1-bd4f-8a83062f2a8f-groupManagement] INFO  server.RaftServerConfigKeys (ConfUtils.java:logGet(46)) - raft.server.sleep.deviation.threshold = 300ms (default)
2023-05-23 10:25:54,899 [c8934a7e-3164-45c1-bd4f-8a83062f2a8f-groupManagement] INFO  server.RaftServer$Division (ServerState.java:<init>(120)) - c8934a7e-3164-45c1-bd4f-8a83062f2a8f@group-53ED05E41AE4: ConfigurationManager, init=-1: peers:[c8934a7e-3164-45c1-bd4f-8a83062f2a8f|rpc:10.1.0.38:15125|admin:10.1.0.38:15124|client:10.1.0.38:15123|dataStream:10.1.0.38:15126|priority:1|startupRole:FOLLOWER]|listeners:[], old=null, confs=<EMPTY_MAP>
2023-05-23 10:25:54,899 [c8934a7e-3164-45c1-bd4f-8a83062f2a8f-groupManagement] INFO  server.RaftServerConfigKeys (ConfUtils.java:logGet(46)) - raft.server.storage.dir = [/home/runner/work/ozone/ozone/hadoop-ozone/integration-test/target/test-dir/MiniOzoneClusterImpl-bbf8790f-824b-49ae-85c2-11c1b792a20d/datanode-2/data/ratis] (custom)
2023-05-23 10:25:54,899 [c8934a7e-3164-45c1-bd4f-8a83062f2a8f-groupManagement] INFO  server.RaftServerConfigKeys (ConfUtils.java:logGet(46)) - raft.server.log.corruption.policy = EXCEPTION (default)
2023-05-23 10:25:54,899 [c8934a7e-3164-45c1-bd4f-8a83062f2a8f-groupManagement] INFO  server.RaftServerConfigKeys (ConfUtils.java:logGet(46)) - raft.server.storage.free-space.min = 0MB (=0) (default)
2023-05-23 10:25:54,899 [c8934a7e-3164-45c1-bd4f-8a83062f2a8f-groupManagement] INFO  server.RaftServerConfigKeys (ConfUtils.java:logGet(46)) - raft.server.notification.no-leader.timeout = 300s (custom)
2023-05-23 10:25:54,900 [c8934a7e-3164-45c1-bd4f-8a83062f2a8f-groupManagement] INFO  server.RaftServerConfigKeys (ConfUtils.java:logGet(46)) - raft.server.read.timeout = 10s (default)
2023-05-23 10:25:54,900 [c8934a7e-3164-45c1-bd4f-8a83062f2a8f-groupManagement] INFO  server.RaftServerConfigKeys (ConfUtils.java:logGet(46)) - raft.server.retrycache.expirytime = 600000ms (custom)
2023-05-23 10:25:54,900 [c8934a7e-3164-45c1-bd4f-8a83062f2a8f-groupManagement] INFO  server.RaftServerConfigKeys (ConfUtils.java:logGet(46)) - raft.server.retrycache.statistics.expirytime = 100μs (default)
2023-05-23 10:25:54,900 [c8934a7e-3164-45c1-bd4f-8a83062f2a8f-groupManagement] INFO  server.RaftServerConfigKeys (ConfUtils.java:logGet(46)) - raft.server.read.option = DEFAULT (default)
2023-05-23 10:25:54,900 [c8934a7e-3164-45c1-bd4f-8a83062f2a8f-groupManagement] INFO  server.RaftServerConfigKeys (ConfUtils.java:logGet(46)) - raft.server.rpc.request.timeout = 60s (custom)
2023-05-23 10:25:54,900 [c8934a7e-3164-45c1-bd4f-8a83062f2a8f-groupManagement] INFO  server.RaftServerConfigKeys (ConfUtils.java:logGet(46)) - raft.server.log.appender.install.snapshot.enabled = false (custom)
2023-05-23 10:25:54,900 [c8934a7e-3164-45c1-bd4f-8a83062f2a8f-groupManagement] INFO  server.RaftServerConfigKeys (ConfUtils.java:logGet(46)) - raft.server.threadpool.server.cached = true (default)
2023-05-23 10:25:54,901 [c8934a7e-3164-45c1-bd4f-8a83062f2a8f-groupManagement] INFO  server.RaftServerConfigKeys (ConfUtils.java:logGet(46)) - raft.server.threadpool.server.size = 0 (default)
2023-05-23 10:25:54,901 [c8934a7e-3164-45c1-bd4f-8a83062f2a8f-groupManagement] INFO  server.RaftServerConfigKeys (ConfUtils.java:logGet(46)) - raft.server.threadpool.client.cached = true (default)
2023-05-23 10:25:54,901 [c8934a7e-3164-45c1-bd4f-8a83062f2a8f-groupManagement] INFO  server.RaftServerConfigKeys (ConfUtils.java:logGet(46)) - raft.server.threadpool.client.size = 0 (default)
2023-05-23 10:25:54,901 [c8934a7e-3164-45c1-bd4f-8a83062f2a8f-groupManagement] INFO  storage.RaftStorageDirectory (RaftStorageDirectoryImpl.java:analyzeStorage(137)) - The storage directory /home/runner/work/ozone/ozone/hadoop-ozone/integration-test/target/test-dir/MiniOzoneClusterImpl-bbf8790f-824b-49ae-85c2-11c1b792a20d/datanode-2/data/ratis/39c5a10c-bc6a-410a-8f50-53ed05e41ae4 does not exist. Creating ...
2023-05-23 10:25:54,902 [c8934a7e-3164-45c1-bd4f-8a83062f2a8f-groupManagement] INFO  storage.RaftStorageDirectory (RaftStorageDirectoryImpl.java:tryLock(231)) - Lock on /home/runner/work/ozone/ozone/hadoop-ozone/integration-test/target/test-dir/MiniOzoneClusterImpl-bbf8790f-824b-49ae-85c2-11c1b792a20d/datanode-2/data/ratis/39c5a10c-bc6a-410a-8f50-53ed05e41ae4/in_use.lock acquired by nodename 10384@fv-az1249-304
2023-05-23 10:25:54,903 [c8934a7e-3164-45c1-bd4f-8a83062f2a8f-groupManagement] INFO  storage.RaftStorage (RaftStorageImpl.java:format(96)) - Storage directory /home/runner/work/ozone/ozone/hadoop-ozone/integration-test/target/test-dir/MiniOzoneClusterImpl-bbf8790f-824b-49ae-85c2-11c1b792a20d/datanode-2/data/ratis/39c5a10c-bc6a-410a-8f50-53ed05e41ae4 has been successfully formatted.
2023-05-23 10:25:54,904 [c8934a7e-3164-45c1-bd4f-8a83062f2a8f-groupManagement] INFO  ratis.ContainerStateMachine (ContainerStateMachine.java:loadSnapshot(262)) - group-53ED05E41AE4: The snapshot info is null. Setting the last applied indexto:(t:0, i:~)
2023-05-23 10:25:54,904 [c8934a7e-3164-45c1-bd4f-8a83062f2a8f-groupManagement] INFO  server.RaftServerConfigKeys (ConfUtils.java:logGet(46)) - raft.server.log.use.memory = false (default)
2023-05-23 10:25:54,904 [c8934a7e-3164-45c1-bd4f-8a83062f2a8f-groupManagement] INFO  server.RaftServerConfigKeys (ConfUtils.java:logGet(46)) - raft.server.log.purge.gap = 1000000 (custom)
2023-05-23 10:25:54,904 [c8934a7e-3164-45c1-bd4f-8a83062f2a8f-groupManagement] INFO  server.RaftServerConfigKeys (ConfUtils.java:logGet(46)) - raft.server.log.appender.buffer.byte-limit = 33554432 (custom)
2023-05-23 10:25:54,904 [c8934a7e-3164-45c1-bd4f-8a83062f2a8f-groupManagement] INFO  server.RaftServerConfigKeys (ConfUtils.java:logGet(46)) - raft.server.log.statemachine.data.read.timeout = 1000ms (default)
2023-05-23 10:25:54,905 [c8934a7e-3164-45c1-bd4f-8a83062f2a8f-groupManagement] INFO  server.RaftServerConfigKeys (ConfUtils.java:logGet(46)) - raft.server.log.purge.preservation.log.num = 0 (default)
2023-05-23 10:25:54,905 [c8934a7e-3164-45c1-bd4f-8a83062f2a8f-groupManagement] INFO  server.RaftServerConfigKeys (ConfUtils.java:logGet(46)) - raft.server.log.segment.size.max = 1048576 (custom)
2023-05-23 10:25:54,905 [c8934a7e-3164-45c1-bd4f-8a83062f2a8f-groupManagement] INFO  server.RaftServerConfigKeys (ConfUtils.java:logGet(46)) - raft.server.log.segment.cache.num.max = 2 (custom)
2023-05-23 10:25:54,905 [c8934a7e-3164-45c1-bd4f-8a83062f2a8f-groupManagement] INFO  server.RaftServerConfigKeys (ConfUtils.java:logGet(46)) - raft.server.log.segment.cache.size.max = 200MB (=209715200) (default)
2023-05-23 10:25:54,905 [c8934a7e-3164-45c1-bd4f-8a83062f2a8f-groupManagement] INFO  server.RaftServerConfigKeys (ConfUtils.java:logGet(46)) - raft.server.log.appender.buffer.byte-limit = 33554432 (custom)
2023-05-23 10:25:54,905 [c8934a7e-3164-45c1-bd4f-8a83062f2a8f-groupManagement] INFO  segmented.SegmentedRaftLogWorker (SegmentedRaftLogWorker.java:<init>(188)) - new c8934a7e-3164-45c1-bd4f-8a83062f2a8f@group-53ED05E41AE4-SegmentedRaftLogWorker for RaftStorageImpl:Storage Directory /home/runner/work/ozone/ozone/hadoop-ozone/integration-test/target/test-dir/MiniOzoneClusterImpl-bbf8790f-824b-49ae-85c2-11c1b792a20d/datanode-2/data/ratis/39c5a10c-bc6a-410a-8f50-53ed05e41ae4
2023-05-23 10:25:54,905 [c8934a7e-3164-45c1-bd4f-8a83062f2a8f-groupManagement] INFO  server.RaftServerConfigKeys (ConfUtils.java:logGet(46)) - raft.server.log.queue.byte-limit = 4294967296 (custom)
2023-05-23 10:25:54,905 [c8934a7e-3164-45c1-bd4f-8a83062f2a8f-groupManagement] INFO  server.RaftServerConfigKeys (ConfUtils.java:logGet(46)) - raft.server.log.queue.element-limit = 1024 (custom)
2023-05-23 10:25:54,905 [c8934a7e-3164-45c1-bd4f-8a83062f2a8f-groupManagement] INFO  server.RaftServerConfigKeys (ConfUtils.java:logGet(46)) - raft.server.log.segment.size.max = 1048576 (custom)
2023-05-23 10:25:54,905 [c8934a7e-3164-45c1-bd4f-8a83062f2a8f-groupManagement] INFO  server.RaftServerConfigKeys (ConfUtils.java:logGet(46)) - raft.server.log.preallocated.size = 16384 (custom)
2023-05-23 10:25:54,905 [c8934a7e-3164-45c1-bd4f-8a83062f2a8f-groupManagement] INFO  server.RaftServerConfigKeys (ConfUtils.java:logGet(46)) - raft.server.log.force.sync.num = 128 (default)
2023-05-23 10:25:54,905 [c8934a7e-3164-45c1-bd4f-8a83062f2a8f-groupManagement] INFO  server.RaftServerConfigKeys (ConfUtils.java:logGet(46)) - raft.server.log.statemachine.data.sync = true (default)
2023-05-23 10:25:54,905 [EventQueue-PipelineReportForPipelineReportHandler] INFO  pipeline.PipelineManagerImpl (PipelineManagerImpl.java:openPipeline(367)) - Pipeline Pipeline[ Id: 39c5a10c-bc6a-410a-8f50-53ed05e41ae4, Nodes: c8934a7e-3164-45c1-bd4f-8a83062f2a8f(fv-az1249-304/10.1.0.38), ReplicationConfig: RATIS/ONE, State:ALLOCATED, leaderId:c8934a7e-3164-45c1-bd4f-8a83062f2a8f, CreationTimestamp2023-05-23T10:25:51.901Z[Etc/UTC]] moved to OPEN state
2023-05-23 10:25:54,906 [c8934a7e-3164-45c1-bd4f-8a83062f2a8f-groupManagement] INFO  server.RaftServerConfigKeys (ConfUtils.java:logGet(46)) - raft.server.log.statemachine.data.sync.timeout = 10s (default)
2023-05-23 10:25:54,906 [c8934a7e-3164-45c1-bd4f-8a83062f2a8f-groupManagement] INFO  server.RaftServerConfigKeys (ConfUtils.java:logGet(46)) - raft.server.log.statemachine.data.sync.timeout.retry = -1 (default)
2023-05-23 10:25:54,906 [EventQueue-OpenPipelineForHealthyPipelineSafeModeRule] INFO  safemode.SCMSafeModeManager (HealthyPipelineSafeModeRule.java:process(137)) - SCM in safe mode. Healthy pipelines reported count is 0, required healthy pipeline reported count is 1
2023-05-23 10:25:54,906 [c8934a7e-3164-45c1-bd4f-8a83062f2a8f-groupManagement] INFO  server.RaftServerConfigKeys (ConfUtils.java:logGet(46)) - raft.server.log.write.buffer.size = 1048576 (custom)
2023-05-23 10:25:54,907 [c8934a7e-3164-45c1-bd4f-8a83062f2a8f-groupManagement] INFO  server.RaftServerConfigKeys (ConfUtils.java:logGet(46)) - raft.server.log.appender.buffer.byte-limit = 33554432 (custom)
2023-05-23 10:25:54,912 [c8934a7e-3164-45c1-bd4f-8a83062f2a8f-groupManagement] INFO  server.RaftServerConfigKeys (ConfUtils.java:logGet(46)) - raft.server.log.unsafe-flush.enabled = false (default)
2023-05-23 10:25:54,912 [c8934a7e-3164-45c1-bd4f-8a83062f2a8f-groupManagement] INFO  server.RaftServerConfigKeys (ConfUtils.java:logGet(46)) - raft.server.log.async-flush.enabled = false (default)
2023-05-23 10:25:54,912 [c8934a7e-3164-45c1-bd4f-8a83062f2a8f-groupManagement] INFO  server.RaftServerConfigKeys (ConfUtils.java:logGet(46)) - raft.server.log.statemachine.data.caching.enabled = true (custom)
2023-05-23 10:25:54,913 [c8934a7e-3164-45c1-bd4f-8a83062f2a8f-groupManagement] INFO  segmented.SegmentedRaftLogWorker (SegmentedRaftLogWorker.java:lambda$new$0(135)) - c8934a7e-3164-45c1-bd4f-8a83062f2a8f@group-53ED05E41AE4-SegmentedRaftLogWorker: flushIndex: setUnconditionally 0 -> -1
2023-05-23 10:25:54,913 [c8934a7e-3164-45c1-bd4f-8a83062f2a8f-groupManagement] INFO  segmented.SegmentedRaftLogWorker (SegmentedRaftLogWorker.java:lambda$new$0(135)) - c8934a7e-3164-45c1-bd4f-8a83062f2a8f@group-53ED05E41AE4-SegmentedRaftLogWorker: safeCacheEvictIndex: setUnconditionally 0 -> -1
2023-05-23 10:25:54,913 [c8934a7e-3164-45c1-bd4f-8a83062f2a8f-groupManagement] INFO  server.RaftServer$Division (RaftServerImpl.java:start(342)) - c8934a7e-3164-45c1-bd4f-8a83062f2a8f@group-53ED05E41AE4: start as a follower, conf=-1: peers:[c8934a7e-3164-45c1-bd4f-8a83062f2a8f|rpc:10.1.0.38:15125|admin:10.1.0.38:15124|client:10.1.0.38:15123|dataStream:10.1.0.38:15126|priority:1|startupRole:FOLLOWER]|listeners:[], old=null
2023-05-23 10:25:54,913 [c8934a7e-3164-45c1-bd4f-8a83062f2a8f-groupManagement] INFO  server.RaftServer$Division (RaftServerImpl.java:setRole(329)) - c8934a7e-3164-45c1-bd4f-8a83062f2a8f@group-53ED05E41AE4: changes role from      null to FOLLOWER at term 0 for startAsFollower
2023-05-23 10:25:54,913 [c8934a7e-3164-45c1-bd4f-8a83062f2a8f-groupManagement] INFO  impl.RoleInfo (RoleInfo.java:updateAndGet(139)) - c8934a7e-3164-45c1-bd4f-8a83062f2a8f: start c8934a7e-3164-45c1-bd4f-8a83062f2a8f@group-53ED05E41AE4-FollowerState
2023-05-23 10:25:54,913 [c8934a7e-3164-45c1-bd4f-8a83062f2a8f-groupManagement] INFO  util.JmxRegister (JmxRegister.java:tryRegister(44)) - Successfully registered JMX Bean with object name Ratis:service=RaftServer,group=group-53ED05E41AE4,id=c8934a7e-3164-45c1-bd4f-8a83062f2a8f
2023-05-23 10:25:54,913 [c8934a7e-3164-45c1-bd4f-8a83062f2a8f@group-53ED05E41AE4-FollowerState] INFO  server.RaftServerConfigKeys (ConfUtils.java:logFallback(53)) - raft.server.rpc.first-election.timeout.min = 5s (fallback to raft.server.rpc.timeout.min)
2023-05-23 10:25:54,913 [c8934a7e-3164-45c1-bd4f-8a83062f2a8f-groupManagement] INFO  server.RaftServerConfigKeys (ConfUtils.java:logGet(46)) - raft.server.snapshot.auto.trigger.enabled = true (custom)
2023-05-23 10:25:54,913 [c8934a7e-3164-45c1-bd4f-8a83062f2a8f@group-53ED05E41AE4-FollowerState] INFO  server.RaftServerConfigKeys (ConfUtils.java:logFallback(53)) - raft.server.rpc.first-election.timeout.max = 5200ms (fallback to raft.server.rpc.timeout.max)
2023-05-23 10:25:54,914 [c8934a7e-3164-45c1-bd4f-8a83062f2a8f-groupManagement] INFO  server.RaftServerConfigKeys (ConfUtils.java:logGet(46)) - raft.server.snapshot.auto.trigger.threshold = 10000 (custom)
2023-05-23 10:25:54,914 [c8934a7e-3164-45c1-bd4f-8a83062f2a8f-groupManagement] INFO  server.RaftServerConfigKeys (ConfUtils.java:logGet(46)) - raft.server.snapshot.retention.file.num = 5 (custom)
2023-05-23 10:25:54,914 [c8934a7e-3164-45c1-bd4f-8a83062f2a8f-groupManagement] INFO  server.RaftServerConfigKeys (ConfUtils.java:logGet(46)) - raft.server.log.purge.upto.snapshot.index = false (default)
2023-05-23 10:25:54,914 [Command processor thread] INFO  ratis.XceiverServerRatis (XceiverServerRatis.java:addGroup(806)) - Created group PipelineID=39c5a10c-bc6a-410a-8f50-53ed05e41ae4
2023-05-23 10:25:54,914 [Command processor thread] INFO  commandhandler.CreatePipelineCommandHandler (CreatePipelineCommandHandler.java:handle(113)) - Created Pipeline RATIS ONE PipelineID=39c5a10c-bc6a-410a-8f50-53ed05e41ae4.
2023-05-23 10:25:55,237 [Command processor thread] INFO  server.RaftServer (RaftServerProxy.java:addNew(98)) - 6e950c4a-83fa-42eb-b7f3-936364e499ea: addNew group-8859AB9EF78D:[6e950c4a-83fa-42eb-b7f3-936364e499ea|rpc:10.1.0.38:15133|admin:10.1.0.38:15132|client:10.1.0.38:15131|dataStream:10.1.0.38:15134|priority:1|startupRole:FOLLOWER] returns group-8859AB9EF78D:java.util.concurrent.CompletableFuture@6c6cfcca[Not completed]
2023-05-23 10:25:55,243 [6e950c4a-83fa-42eb-b7f3-936364e499ea-groupManagement] INFO  server.RaftServer$Division (RaftServerImpl.java:<init>(198)) - 6e950c4a-83fa-42eb-b7f3-936364e499ea: new RaftServerImpl for group-8859AB9EF78D:[6e950c4a-83fa-42eb-b7f3-936364e499ea|rpc:10.1.0.38:15133|admin:10.1.0.38:15132|client:10.1.0.38:15131|dataStream:10.1.0.38:15134|priority:1|startupRole:FOLLOWER] with ContainerStateMachine:uninitialized
2023-05-23 10:25:55,243 [6e950c4a-83fa-42eb-b7f3-936364e499ea-groupManagement] INFO  server.RaftServerConfigKeys (ConfUtils.java:logGet(46)) - raft.server.rpc.timeout.min = 5s (custom)
2023-05-23 10:25:55,243 [6e950c4a-83fa-42eb-b7f3-936364e499ea-groupManagement] INFO  server.RaftServerConfigKeys (ConfUtils.java:logGet(46)) - raft.server.rpc.timeout.max = 5200ms (custom)
2023-05-23 10:25:55,243 [6e950c4a-83fa-42eb-b7f3-936364e499ea-groupManagement] INFO  server.RaftServerConfigKeys (ConfUtils.java:logGet(46)) - raft.server.rpc.sleep.time = 25ms (default)
2023-05-23 10:25:55,243 [6e950c4a-83fa-42eb-b7f3-936364e499ea-groupManagement] INFO  server.RaftServerConfigKeys (ConfUtils.java:logGet(46)) - raft.server.rpc.slowness.timeout = 300s (custom)
2023-05-23 10:25:55,243 [6e950c4a-83fa-42eb-b7f3-936364e499ea-groupManagement] INFO  server.RaftServerConfigKeys (ConfUtils.java:logGet(46)) - raft.server.leaderelection.leader.step-down.wait-time = 10s (default)
2023-05-23 10:25:55,243 [6e950c4a-83fa-42eb-b7f3-936364e499ea-groupManagement] INFO  server.RaftServerConfigKeys (ConfUtils.java:logGet(46)) - raft.server.sleep.deviation.threshold = 300ms (default)
2023-05-23 10:25:55,243 [6e950c4a-83fa-42eb-b7f3-936364e499ea-groupManagement] INFO  server.RaftServer$Division (ServerState.java:<init>(120)) - 6e950c4a-83fa-42eb-b7f3-936364e499ea@group-8859AB9EF78D: ConfigurationManager, init=-1: peers:[6e950c4a-83fa-42eb-b7f3-936364e499ea|rpc:10.1.0.38:15133|admin:10.1.0.38:15132|client:10.1.0.38:15131|dataStream:10.1.0.38:15134|priority:1|startupRole:FOLLOWER]|listeners:[], old=null, confs=<EMPTY_MAP>
2023-05-23 10:25:55,243 [6e950c4a-83fa-42eb-b7f3-936364e499ea-groupManagement] INFO  server.RaftServerConfigKeys (ConfUtils.java:logGet(46)) - raft.server.storage.dir = [/home/runner/work/ozone/ozone/hadoop-ozone/integration-test/target/test-dir/MiniOzoneClusterImpl-bbf8790f-824b-49ae-85c2-11c1b792a20d/datanode-3/data/ratis] (custom)
2023-05-23 10:25:55,244 [6e950c4a-83fa-42eb-b7f3-936364e499ea-groupManagement] INFO  server.RaftServerConfigKeys (ConfUtils.java:logGet(46)) - raft.server.log.corruption.policy = EXCEPTION (default)
2023-05-23 10:25:55,244 [6e950c4a-83fa-42eb-b7f3-936364e499ea-groupManagement] INFO  server.RaftServerConfigKeys (ConfUtils.java:logGet(46)) - raft.server.storage.free-space.min = 0MB (=0) (default)
2023-05-23 10:25:55,244 [6e950c4a-83fa-42eb-b7f3-936364e499ea-groupManagement] INFO  server.RaftServerConfigKeys (ConfUtils.java:logGet(46)) - raft.server.notification.no-leader.timeout = 300s (custom)
2023-05-23 10:25:55,244 [6e950c4a-83fa-42eb-b7f3-936364e499ea-groupManagement] INFO  server.RaftServerConfigKeys (ConfUtils.java:logGet(46)) - raft.server.read.timeout = 10s (default)
2023-05-23 10:25:55,244 [6e950c4a-83fa-42eb-b7f3-936364e499ea-groupManagement] INFO  server.RaftServerConfigKeys (ConfUtils.java:logGet(46)) - raft.server.retrycache.expirytime = 600000ms (custom)
2023-05-23 10:25:55,244 [6e950c4a-83fa-42eb-b7f3-936364e499ea-groupManagement] INFO  server.RaftServerConfigKeys (ConfUtils.java:logGet(46)) - raft.server.retrycache.statistics.expirytime = 100μs (default)
2023-05-23 10:25:55,244 [6e950c4a-83fa-42eb-b7f3-936364e499ea-groupManagement] INFO  server.RaftServerConfigKeys (ConfUtils.java:logGet(46)) - raft.server.read.option = DEFAULT (default)
2023-05-23 10:25:55,245 [6e950c4a-83fa-42eb-b7f3-936364e499ea-groupManagement] INFO  server.RaftServerConfigKeys (ConfUtils.java:logGet(46)) - raft.server.rpc.request.timeout = 60s (custom)
2023-05-23 10:25:55,245 [6e950c4a-83fa-42eb-b7f3-936364e499ea-groupManagement] INFO  server.RaftServerConfigKeys (ConfUtils.java:logGet(46)) - raft.server.log.appender.install.snapshot.enabled = false (custom)
2023-05-23 10:25:55,245 [6e950c4a-83fa-42eb-b7f3-936364e499ea-groupManagement] INFO  server.RaftServerConfigKeys (ConfUtils.java:logGet(46)) - raft.server.threadpool.server.cached = true (default)
2023-05-23 10:25:55,245 [6e950c4a-83fa-42eb-b7f3-936364e499ea-groupManagement] INFO  server.RaftServerConfigKeys (ConfUtils.java:logGet(46)) - raft.server.threadpool.server.size = 0 (default)
2023-05-23 10:25:55,245 [6e950c4a-83fa-42eb-b7f3-936364e499ea-groupManagement] INFO  server.RaftServerConfigKeys (ConfUtils.java:logGet(46)) - raft.server.threadpool.client.cached = true (default)
2023-05-23 10:25:55,245 [6e950c4a-83fa-42eb-b7f3-936364e499ea-groupManagement] INFO  server.RaftServerConfigKeys (ConfUtils.java:logGet(46)) - raft.server.threadpool.client.size = 0 (default)
2023-05-23 10:25:55,245 [6e950c4a-83fa-42eb-b7f3-936364e499ea-groupManagement] INFO  storage.RaftStorageDirectory (RaftStorageDirectoryImpl.java:analyzeStorage(137)) - The storage directory /home/runner/work/ozone/ozone/hadoop-ozone/integration-test/target/test-dir/MiniOzoneClusterImpl-bbf8790f-824b-49ae-85c2-11c1b792a20d/datanode-3/data/ratis/435416e2-3744-4f0a-b35f-8859ab9ef78d does not exist. Creating ...
2023-05-23 10:25:55,247 [6e950c4a-83fa-42eb-b7f3-936364e499ea-groupManagement] INFO  storage.RaftStorageDirectory (RaftStorageDirectoryImpl.java:tryLock(231)) - Lock on /home/runner/work/ozone/ozone/hadoop-ozone/integration-test/target/test-dir/MiniOzoneClusterImpl-bbf8790f-824b-49ae-85c2-11c1b792a20d/datanode-3/data/ratis/435416e2-3744-4f0a-b35f-8859ab9ef78d/in_use.lock acquired by nodename 10384@fv-az1249-304
2023-05-23 10:25:55,248 [6e950c4a-83fa-42eb-b7f3-936364e499ea-groupManagement] INFO  storage.RaftStorage (RaftStorageImpl.java:format(96)) - Storage directory /home/runner/work/ozone/ozone/hadoop-ozone/integration-test/target/test-dir/MiniOzoneClusterImpl-bbf8790f-824b-49ae-85c2-11c1b792a20d/datanode-3/data/ratis/435416e2-3744-4f0a-b35f-8859ab9ef78d has been successfully formatted.
2023-05-23 10:25:55,250 [6e950c4a-83fa-42eb-b7f3-936364e499ea-groupManagement] INFO  ratis.ContainerStateMachine (ContainerStateMachine.java:loadSnapshot(262)) - group-8859AB9EF78D: The snapshot info is null. Setting the last applied indexto:(t:0, i:~)
2023-05-23 10:25:55,251 [6e950c4a-83fa-42eb-b7f3-936364e499ea-groupManagement] INFO  server.RaftServerConfigKeys (ConfUtils.java:logGet(46)) - raft.server.log.use.memory = false (default)
2023-05-23 10:25:55,253 [EventQueue-PipelineReportForPipelineReportHandler] INFO  pipeline.PipelineManagerImpl (PipelineManagerImpl.java:openPipeline(367)) - Pipeline Pipeline[ Id: 435416e2-3744-4f0a-b35f-8859ab9ef78d, Nodes: 6e950c4a-83fa-42eb-b7f3-936364e499ea(fv-az1249-304/10.1.0.38), ReplicationConfig: RATIS/ONE, State:ALLOCATED, leaderId:6e950c4a-83fa-42eb-b7f3-936364e499ea, CreationTimestamp2023-05-23T10:25:52.239Z[Etc/UTC]] moved to OPEN state
2023-05-23 10:25:55,254 [EventQueue-OpenPipelineForHealthyPipelineSafeModeRule] INFO  safemode.SCMSafeModeManager (HealthyPipelineSafeModeRule.java:process(137)) - SCM in safe mode. Healthy pipelines reported count is 0, required healthy pipeline reported count is 1
2023-05-23 10:25:55,254 [6e950c4a-83fa-42eb-b7f3-936364e499ea-groupManagement] INFO  server.RaftServerConfigKeys (ConfUtils.java:logGet(46)) - raft.server.log.purge.gap = 1000000 (custom)
2023-05-23 10:25:55,254 [6e950c4a-83fa-42eb-b7f3-936364e499ea-groupManagement] INFO  server.RaftServerConfigKeys (ConfUtils.java:logGet(46)) - raft.server.log.appender.buffer.byte-limit = 33554432 (custom)
2023-05-23 10:25:55,254 [6e950c4a-83fa-42eb-b7f3-936364e499ea-groupManagement] INFO  server.RaftServerConfigKeys (ConfUtils.java:logGet(46)) - raft.server.log.statemachine.data.read.timeout = 1000ms (default)
2023-05-23 10:25:55,254 [6e950c4a-83fa-42eb-b7f3-936364e499ea-groupManagement] INFO  server.RaftServerConfigKeys (ConfUtils.java:logGet(46)) - raft.server.log.purge.preservation.log.num = 0 (default)
2023-05-23 10:25:55,255 [6e950c4a-83fa-42eb-b7f3-936364e499ea-groupManagement] INFO  server.RaftServerConfigKeys (ConfUtils.java:logGet(46)) - raft.server.log.segment.size.max = 1048576 (custom)
2023-05-23 10:25:55,255 [6e950c4a-83fa-42eb-b7f3-936364e499ea-groupManagement] INFO  server.RaftServerConfigKeys (ConfUtils.java:logGet(46)) - raft.server.log.segment.cache.num.max = 2 (custom)
2023-05-23 10:25:55,255 [6e950c4a-83fa-42eb-b7f3-936364e499ea-groupManagement] INFO  server.RaftServerConfigKeys (ConfUtils.java:logGet(46)) - raft.server.log.segment.cache.size.max = 200MB (=209715200) (default)
2023-05-23 10:25:55,255 [6e950c4a-83fa-42eb-b7f3-936364e499ea-groupManagement] INFO  server.RaftServerConfigKeys (ConfUtils.java:logGet(46)) - raft.server.log.appender.buffer.byte-limit = 33554432 (custom)
2023-05-23 10:25:55,255 [6e950c4a-83fa-42eb-b7f3-936364e499ea-groupManagement] INFO  segmented.SegmentedRaftLogWorker (SegmentedRaftLogWorker.java:<init>(188)) - new 6e950c4a-83fa-42eb-b7f3-936364e499ea@group-8859AB9EF78D-SegmentedRaftLogWorker for RaftStorageImpl:Storage Directory /home/runner/work/ozone/ozone/hadoop-ozone/integration-test/target/test-dir/MiniOzoneClusterImpl-bbf8790f-824b-49ae-85c2-11c1b792a20d/datanode-3/data/ratis/435416e2-3744-4f0a-b35f-8859ab9ef78d
2023-05-23 10:25:55,255 [6e950c4a-83fa-42eb-b7f3-936364e499ea-groupManagement] INFO  server.RaftServerConfigKeys (ConfUtils.java:logGet(46)) - raft.server.log.queue.byte-limit = 4294967296 (custom)
2023-05-23 10:25:55,255 [6e950c4a-83fa-42eb-b7f3-936364e499ea-groupManagement] INFO  server.RaftServerConfigKeys (ConfUtils.java:logGet(46)) - raft.server.log.queue.element-limit = 1024 (custom)
2023-05-23 10:25:55,255 [6e950c4a-83fa-42eb-b7f3-936364e499ea-groupManagement] INFO  server.RaftServerConfigKeys (ConfUtils.java:logGet(46)) - raft.server.log.segment.size.max = 1048576 (custom)
2023-05-23 10:25:55,255 [6e950c4a-83fa-42eb-b7f3-936364e499ea-groupManagement] INFO  server.RaftServerConfigKeys (ConfUtils.java:logGet(46)) - raft.server.log.preallocated.size = 16384 (custom)
2023-05-23 10:25:55,255 [6e950c4a-83fa-42eb-b7f3-936364e499ea-groupManagement] INFO  server.RaftServerConfigKeys (ConfUtils.java:logGet(46)) - raft.server.log.force.sync.num = 128 (default)
2023-05-23 10:25:55,255 [6e950c4a-83fa-42eb-b7f3-936364e499ea-groupManagement] INFO  server.RaftServerConfigKeys (ConfUtils.java:logGet(46)) - raft.server.log.statemachine.data.sync = true (default)
2023-05-23 10:25:55,255 [6e950c4a-83fa-42eb-b7f3-936364e499ea-groupManagement] INFO  server.RaftServerConfigKeys (ConfUtils.java:logGet(46)) - raft.server.log.statemachine.data.sync.timeout = 10s (default)
2023-05-23 10:25:55,255 [6e950c4a-83fa-42eb-b7f3-936364e499ea-groupManagement] INFO  server.RaftServerConfigKeys (ConfUtils.java:logGet(46)) - raft.server.log.statemachine.data.sync.timeout.retry = -1 (default)
2023-05-23 10:25:55,256 [6e950c4a-83fa-42eb-b7f3-936364e499ea-groupManagement] INFO  server.RaftServerConfigKeys (ConfUtils.java:logGet(46)) - raft.server.log.write.buffer.size = 1048576 (custom)
2023-05-23 10:25:55,257 [6e950c4a-83fa-42eb-b7f3-936364e499ea-groupManagement] INFO  server.RaftServerConfigKeys (ConfUtils.java:logGet(46)) - raft.server.log.appender.buffer.byte-limit = 33554432 (custom)
2023-05-23 10:25:55,264 [6e950c4a-83fa-42eb-b7f3-936364e499ea-groupManagement] INFO  server.RaftServerConfigKeys (ConfUtils.java:logGet(46)) - raft.server.log.unsafe-flush.enabled = false (default)
2023-05-23 10:25:55,264 [6e950c4a-83fa-42eb-b7f3-936364e499ea-groupManagement] INFO  server.RaftServerConfigKeys (ConfUtils.java:logGet(46)) - raft.server.log.async-flush.enabled = false (default)
2023-05-23 10:25:55,264 [6e950c4a-83fa-42eb-b7f3-936364e499ea-groupManagement] INFO  server.RaftServerConfigKeys (ConfUtils.java:logGet(46)) - raft.server.log.statemachine.data.caching.enabled = true (custom)
2023-05-23 10:25:55,264 [6e950c4a-83fa-42eb-b7f3-936364e499ea-groupManagement] INFO  segmented.SegmentedRaftLogWorker (SegmentedRaftLogWorker.java:lambda$new$0(135)) - 6e950c4a-83fa-42eb-b7f3-936364e499ea@group-8859AB9EF78D-SegmentedRaftLogWorker: flushIndex: setUnconditionally 0 -> -1
2023-05-23 10:25:55,265 [6e950c4a-83fa-42eb-b7f3-936364e499ea-groupManagement] INFO  segmented.SegmentedRaftLogWorker (SegmentedRaftLogWorker.java:lambda$new$0(135)) - 6e950c4a-83fa-42eb-b7f3-936364e499ea@group-8859AB9EF78D-SegmentedRaftLogWorker: safeCacheEvictIndex: setUnconditionally 0 -> -1
2023-05-23 10:25:55,265 [6e950c4a-83fa-42eb-b7f3-936364e499ea-groupManagement] INFO  server.RaftServer$Division (RaftServerImpl.java:start(342)) - 6e950c4a-83fa-42eb-b7f3-936364e499ea@group-8859AB9EF78D: start as a follower, conf=-1: peers:[6e950c4a-83fa-42eb-b7f3-936364e499ea|rpc:10.1.0.38:15133|admin:10.1.0.38:15132|client:10.1.0.38:15131|dataStream:10.1.0.38:15134|priority:1|startupRole:FOLLOWER]|listeners:[], old=null
2023-05-23 10:25:55,265 [6e950c4a-83fa-42eb-b7f3-936364e499ea-groupManagement] INFO  server.RaftServer$Division (RaftServerImpl.java:setRole(329)) - 6e950c4a-83fa-42eb-b7f3-936364e499ea@group-8859AB9EF78D: changes role from      null to FOLLOWER at term 0 for startAsFollower
2023-05-23 10:25:55,265 [6e950c4a-83fa-42eb-b7f3-936364e499ea-groupManagement] INFO  impl.RoleInfo (RoleInfo.java:updateAndGet(139)) - 6e950c4a-83fa-42eb-b7f3-936364e499ea: start 6e950c4a-83fa-42eb-b7f3-936364e499ea@group-8859AB9EF78D-FollowerState
2023-05-23 10:25:55,268 [6e950c4a-83fa-42eb-b7f3-936364e499ea-groupManagement] INFO  util.JmxRegister (JmxRegister.java:tryRegister(44)) - Successfully registered JMX Bean with object name Ratis:service=RaftServer,group=group-8859AB9EF78D,id=6e950c4a-83fa-42eb-b7f3-936364e499ea
2023-05-23 10:25:55,268 [6e950c4a-83fa-42eb-b7f3-936364e499ea-groupManagement] INFO  server.RaftServerConfigKeys (ConfUtils.java:logGet(46)) - raft.server.snapshot.auto.trigger.enabled = true (custom)
2023-05-23 10:25:55,268 [6e950c4a-83fa-42eb-b7f3-936364e499ea-groupManagement] INFO  server.RaftServerConfigKeys (ConfUtils.java:logGet(46)) - raft.server.snapshot.auto.trigger.threshold = 10000 (custom)
2023-05-23 10:25:55,268 [6e950c4a-83fa-42eb-b7f3-936364e499ea-groupManagement] INFO  server.RaftServerConfigKeys (ConfUtils.java:logGet(46)) - raft.server.snapshot.retention.file.num = 5 (custom)
2023-05-23 10:25:55,268 [6e950c4a-83fa-42eb-b7f3-936364e499ea-groupManagement] INFO  server.RaftServerConfigKeys (ConfUtils.java:logGet(46)) - raft.server.log.purge.upto.snapshot.index = false (default)
2023-05-23 10:25:55,269 [6e950c4a-83fa-42eb-b7f3-936364e499ea@group-8859AB9EF78D-FollowerState] INFO  server.RaftServerConfigKeys (ConfUtils.java:logFallback(53)) - raft.server.rpc.first-election.timeout.min = 5s (fallback to raft.server.rpc.timeout.min)
2023-05-23 10:25:55,269 [6e950c4a-83fa-42eb-b7f3-936364e499ea@group-8859AB9EF78D-FollowerState] INFO  server.RaftServerConfigKeys (ConfUtils.java:logFallback(53)) - raft.server.rpc.first-election.timeout.max = 5200ms (fallback to raft.server.rpc.timeout.max)
2023-05-23 10:25:55,269 [Command processor thread] INFO  ratis.XceiverServerRatis (XceiverServerRatis.java:addGroup(806)) - Created group PipelineID=435416e2-3744-4f0a-b35f-8859ab9ef78d
2023-05-23 10:25:55,269 [Command processor thread] INFO  commandhandler.CreatePipelineCommandHandler (CreatePipelineCommandHandler.java:handle(113)) - Created Pipeline RATIS ONE PipelineID=435416e2-3744-4f0a-b35f-8859ab9ef78d.
2023-05-23 10:25:55,566 [Command processor thread] INFO  server.RaftServer (RaftServerProxy.java:addNew(98)) - 790de1da-4581-4ab1-98ae-bd0ae5797406: addNew group-28C61C381D58:[790de1da-4581-4ab1-98ae-bd0ae5797406|rpc:10.1.0.38:15141|admin:10.1.0.38:15140|client:10.1.0.38:15139|dataStream:10.1.0.38:15142|priority:1|startupRole:FOLLOWER] returns group-28C61C381D58:java.util.concurrent.CompletableFuture@628b1a60[Not completed]
2023-05-23 10:25:55,567 [790de1da-4581-4ab1-98ae-bd0ae5797406-groupManagement] INFO  server.RaftServer$Division (RaftServerImpl.java:<init>(198)) - 790de1da-4581-4ab1-98ae-bd0ae5797406: new RaftServerImpl for group-28C61C381D58:[790de1da-4581-4ab1-98ae-bd0ae5797406|rpc:10.1.0.38:15141|admin:10.1.0.38:15140|client:10.1.0.38:15139|dataStream:10.1.0.38:15142|priority:1|startupRole:FOLLOWER] with ContainerStateMachine:uninitialized
2023-05-23 10:25:55,569 [790de1da-4581-4ab1-98ae-bd0ae5797406-groupManagement] INFO  server.RaftServerConfigKeys (ConfUtils.java:logGet(46)) - raft.server.rpc.timeout.min = 5s (custom)
2023-05-23 10:25:55,569 [790de1da-4581-4ab1-98ae-bd0ae5797406-groupManagement] INFO  server.RaftServerConfigKeys (ConfUtils.java:logGet(46)) - raft.server.rpc.timeout.max = 5200ms (custom)
2023-05-23 10:25:55,569 [790de1da-4581-4ab1-98ae-bd0ae5797406-groupManagement] INFO  server.RaftServerConfigKeys (ConfUtils.java:logGet(46)) - raft.server.rpc.sleep.time = 25ms (default)
2023-05-23 10:25:55,569 [790de1da-4581-4ab1-98ae-bd0ae5797406-groupManagement] INFO  server.RaftServerConfigKeys (ConfUtils.java:logGet(46)) - raft.server.rpc.slowness.timeout = 300s (custom)
2023-05-23 10:25:55,569 [790de1da-4581-4ab1-98ae-bd0ae5797406-groupManagement] INFO  server.RaftServerConfigKeys (ConfUtils.java:logGet(46)) - raft.server.leaderelection.leader.step-down.wait-time = 10s (default)
2023-05-23 10:25:55,569 [790de1da-4581-4ab1-98ae-bd0ae5797406-groupManagement] INFO  server.RaftServerConfigKeys (ConfUtils.java:logGet(46)) - raft.server.sleep.deviation.threshold = 300ms (default)
2023-05-23 10:25:55,569 [790de1da-4581-4ab1-98ae-bd0ae5797406-groupManagement] INFO  server.RaftServer$Division (ServerState.java:<init>(120)) - 790de1da-4581-4ab1-98ae-bd0ae5797406@group-28C61C381D58: ConfigurationManager, init=-1: peers:[790de1da-4581-4ab1-98ae-bd0ae5797406|rpc:10.1.0.38:15141|admin:10.1.0.38:15140|client:10.1.0.38:15139|dataStream:10.1.0.38:15142|priority:1|startupRole:FOLLOWER]|listeners:[], old=null, confs=<EMPTY_MAP>
2023-05-23 10:25:55,569 [790de1da-4581-4ab1-98ae-bd0ae5797406-groupManagement] INFO  server.RaftServerConfigKeys (ConfUtils.java:logGet(46)) - raft.server.storage.dir = [/home/runner/work/ozone/ozone/hadoop-ozone/integration-test/target/test-dir/MiniOzoneClusterImpl-bbf8790f-824b-49ae-85c2-11c1b792a20d/datanode-4/data/ratis] (custom)
2023-05-23 10:25:55,570 [790de1da-4581-4ab1-98ae-bd0ae5797406-groupManagement] INFO  server.RaftServerConfigKeys (ConfUtils.java:logGet(46)) - raft.server.log.corruption.policy = EXCEPTION (default)
2023-05-23 10:25:55,570 [790de1da-4581-4ab1-98ae-bd0ae5797406-groupManagement] INFO  server.RaftServerConfigKeys (ConfUtils.java:logGet(46)) - raft.server.storage.free-space.min = 0MB (=0) (default)
2023-05-23 10:25:55,570 [790de1da-4581-4ab1-98ae-bd0ae5797406-groupManagement] INFO  server.RaftServerConfigKeys (ConfUtils.java:logGet(46)) - raft.server.notification.no-leader.timeout = 300s (custom)
2023-05-23 10:25:55,570 [790de1da-4581-4ab1-98ae-bd0ae5797406-groupManagement] INFO  server.RaftServerConfigKeys (ConfUtils.java:logGet(46)) - raft.server.read.timeout = 10s (default)
2023-05-23 10:25:55,570 [790de1da-4581-4ab1-98ae-bd0ae5797406-groupManagement] INFO  server.RaftServerConfigKeys (ConfUtils.java:logGet(46)) - raft.server.retrycache.expirytime = 600000ms (custom)
2023-05-23 10:25:55,570 [790de1da-4581-4ab1-98ae-bd0ae5797406-groupManagement] INFO  server.RaftServerConfigKeys (ConfUtils.java:logGet(46)) - raft.server.retrycache.statistics.expirytime = 100μs (default)
2023-05-23 10:25:55,570 [790de1da-4581-4ab1-98ae-bd0ae5797406-groupManagement] INFO  server.RaftServerConfigKeys (ConfUtils.java:logGet(46)) - raft.server.read.option = DEFAULT (default)
2023-05-23 10:25:55,571 [790de1da-4581-4ab1-98ae-bd0ae5797406-groupManagement] INFO  server.RaftServerConfigKeys (ConfUtils.java:logGet(46)) - raft.server.rpc.request.timeout = 60s (custom)
2023-05-23 10:25:55,571 [790de1da-4581-4ab1-98ae-bd0ae5797406-groupManagement] INFO  server.RaftServerConfigKeys (ConfUtils.java:logGet(46)) - raft.server.log.appender.install.snapshot.enabled = false (custom)
2023-05-23 10:25:55,571 [790de1da-4581-4ab1-98ae-bd0ae5797406-groupManagement] INFO  server.RaftServerConfigKeys (ConfUtils.java:logGet(46)) - raft.server.threadpool.server.cached = true (default)
2023-05-23 10:25:55,571 [790de1da-4581-4ab1-98ae-bd0ae5797406-groupManagement] INFO  server.RaftServerConfigKeys (ConfUtils.java:logGet(46)) - raft.server.threadpool.server.size = 0 (default)
2023-05-23 10:25:55,571 [790de1da-4581-4ab1-98ae-bd0ae5797406-groupManagement] INFO  server.RaftServerConfigKeys (ConfUtils.java:logGet(46)) - raft.server.threadpool.client.cached = true (default)
2023-05-23 10:25:55,571 [790de1da-4581-4ab1-98ae-bd0ae5797406-groupManagement] INFO  server.RaftServerConfigKeys (ConfUtils.java:logGet(46)) - raft.server.threadpool.client.size = 0 (default)
2023-05-23 10:25:55,571 [790de1da-4581-4ab1-98ae-bd0ae5797406-groupManagement] INFO  storage.RaftStorageDirectory (RaftStorageDirectoryImpl.java:analyzeStorage(137)) - The storage directory /home/runner/work/ozone/ozone/hadoop-ozone/integration-test/target/test-dir/MiniOzoneClusterImpl-bbf8790f-824b-49ae-85c2-11c1b792a20d/datanode-4/data/ratis/fdae6696-d0cc-4c4f-9491-28c61c381d58 does not exist. Creating ...
2023-05-23 10:25:55,572 [Listener at 127.0.0.1/15100] INFO  ozone.MiniOzoneClusterImpl (MiniOzoneClusterImpl.java:lambda$waitForClusterToBeReady$0(222)) - Nodes are ready. Got 5 of 5 DN Heartbeats.
2023-05-23 10:25:55,572 [Listener at 127.0.0.1/15100] INFO  ozone.MiniOzoneClusterImpl (MiniOzoneClusterImpl.java:lambda$waitForClusterToBeReady$0(225)) - Waiting for cluster to exit safe mode
2023-05-23 10:25:55,572 [Listener at 127.0.0.1/15100] INFO  ozone.MiniOzoneClusterImpl (MiniOzoneClusterImpl.java:lambda$waitForClusterToBeReady$0(227)) - SCM became leader
2023-05-23 10:25:55,574 [790de1da-4581-4ab1-98ae-bd0ae5797406-groupManagement] INFO  storage.RaftStorageDirectory (RaftStorageDirectoryImpl.java:tryLock(231)) - Lock on /home/runner/work/ozone/ozone/hadoop-ozone/integration-test/target/test-dir/MiniOzoneClusterImpl-bbf8790f-824b-49ae-85c2-11c1b792a20d/datanode-4/data/ratis/fdae6696-d0cc-4c4f-9491-28c61c381d58/in_use.lock acquired by nodename 10384@fv-az1249-304
2023-05-23 10:25:55,576 [790de1da-4581-4ab1-98ae-bd0ae5797406-groupManagement] INFO  storage.RaftStorage (RaftStorageImpl.java:format(96)) - Storage directory /home/runner/work/ozone/ozone/hadoop-ozone/integration-test/target/test-dir/MiniOzoneClusterImpl-bbf8790f-824b-49ae-85c2-11c1b792a20d/datanode-4/data/ratis/fdae6696-d0cc-4c4f-9491-28c61c381d58 has been successfully formatted.
2023-05-23 10:25:55,577 [790de1da-4581-4ab1-98ae-bd0ae5797406-groupManagement] INFO  ratis.ContainerStateMachine (ContainerStateMachine.java:loadSnapshot(262)) - group-28C61C381D58: The snapshot info is null. Setting the last applied indexto:(t:0, i:~)
2023-05-23 10:25:55,577 [790de1da-4581-4ab1-98ae-bd0ae5797406-groupManagement] INFO  server.RaftServerConfigKeys (ConfUtils.java:logGet(46)) - raft.server.log.use.memory = false (default)
2023-05-23 10:25:55,577 [790de1da-4581-4ab1-98ae-bd0ae5797406-groupManagement] INFO  server.RaftServerConfigKeys (ConfUtils.java:logGet(46)) - raft.server.log.purge.gap = 1000000 (custom)
2023-05-23 10:25:55,577 [790de1da-4581-4ab1-98ae-bd0ae5797406-groupManagement] INFO  server.RaftServerConfigKeys (ConfUtils.java:logGet(46)) - raft.server.log.appender.buffer.byte-limit = 33554432 (custom)
2023-05-23 10:25:55,578 [EventQueue-PipelineReportForPipelineReportHandler] INFO  pipeline.PipelineManagerImpl (PipelineManagerImpl.java:openPipeline(367)) - Pipeline Pipeline[ Id: fdae6696-d0cc-4c4f-9491-28c61c381d58, Nodes: 790de1da-4581-4ab1-98ae-bd0ae5797406(fv-az1249-304/10.1.0.38), ReplicationConfig: RATIS/ONE, State:ALLOCATED, leaderId:790de1da-4581-4ab1-98ae-bd0ae5797406, CreationTimestamp2023-05-23T10:25:52.567Z[Etc/UTC]] moved to OPEN state
2023-05-23 10:25:55,578 [790de1da-4581-4ab1-98ae-bd0ae5797406-groupManagement] INFO  server.RaftServerConfigKeys (ConfUtils.java:logGet(46)) - raft.server.log.statemachine.data.read.timeout = 1000ms (default)
2023-05-23 10:25:55,579 [790de1da-4581-4ab1-98ae-bd0ae5797406-groupManagement] INFO  server.RaftServerConfigKeys (ConfUtils.java:logGet(46)) - raft.server.log.purge.preservation.log.num = 0 (default)
2023-05-23 10:25:55,579 [790de1da-4581-4ab1-98ae-bd0ae5797406-groupManagement] INFO  server.RaftServerConfigKeys (ConfUtils.java:logGet(46)) - raft.server.log.segment.size.max = 1048576 (custom)
2023-05-23 10:25:55,579 [EventQueue-OpenPipelineForHealthyPipelineSafeModeRule] INFO  safemode.SCMSafeModeManager (HealthyPipelineSafeModeRule.java:process(137)) - SCM in safe mode. Healthy pipelines reported count is 0, required healthy pipeline reported count is 1
2023-05-23 10:25:55,579 [790de1da-4581-4ab1-98ae-bd0ae5797406-groupManagement] INFO  server.RaftServerConfigKeys (ConfUtils.java:logGet(46)) - raft.server.log.segment.cache.num.max = 2 (custom)
2023-05-23 10:25:55,579 [790de1da-4581-4ab1-98ae-bd0ae5797406-groupManagement] INFO  server.RaftServerConfigKeys (ConfUtils.java:logGet(46)) - raft.server.log.segment.cache.size.max = 200MB (=209715200) (default)
2023-05-23 10:25:55,579 [790de1da-4581-4ab1-98ae-bd0ae5797406-groupManagement] INFO  server.RaftServerConfigKeys (ConfUtils.java:logGet(46)) - raft.server.log.appender.buffer.byte-limit = 33554432 (custom)
2023-05-23 10:25:55,579 [790de1da-4581-4ab1-98ae-bd0ae5797406-groupManagement] INFO  segmented.SegmentedRaftLogWorker (SegmentedRaftLogWorker.java:<init>(188)) - new 790de1da-4581-4ab1-98ae-bd0ae5797406@group-28C61C381D58-SegmentedRaftLogWorker for RaftStorageImpl:Storage Directory /home/runner/work/ozone/ozone/hadoop-ozone/integration-test/target/test-dir/MiniOzoneClusterImpl-bbf8790f-824b-49ae-85c2-11c1b792a20d/datanode-4/data/ratis/fdae6696-d0cc-4c4f-9491-28c61c381d58
2023-05-23 10:25:55,579 [790de1da-4581-4ab1-98ae-bd0ae5797406-groupManagement] INFO  server.RaftServerConfigKeys (ConfUtils.java:logGet(46)) - raft.server.log.queue.byte-limit = 4294967296 (custom)
2023-05-23 10:25:55,580 [790de1da-4581-4ab1-98ae-bd0ae5797406-groupManagement] INFO  server.RaftServerConfigKeys (ConfUtils.java:logGet(46)) - raft.server.log.queue.element-limit = 1024 (custom)
2023-05-23 10:25:55,580 [790de1da-4581-4ab1-98ae-bd0ae5797406-groupManagement] INFO  server.RaftServerConfigKeys (ConfUtils.java:logGet(46)) - raft.server.log.segment.size.max = 1048576 (custom)
2023-05-23 10:25:55,580 [790de1da-4581-4ab1-98ae-bd0ae5797406-groupManagement] INFO  server.RaftServerConfigKeys (ConfUtils.java:logGet(46)) - raft.server.log.preallocated.size = 16384 (custom)
2023-05-23 10:25:55,580 [790de1da-4581-4ab1-98ae-bd0ae5797406-groupManagement] INFO  server.RaftServerConfigKeys (ConfUtils.java:logGet(46)) - raft.server.log.force.sync.num = 128 (default)
2023-05-23 10:25:55,580 [790de1da-4581-4ab1-98ae-bd0ae5797406-groupManagement] INFO  server.RaftServerConfigKeys (ConfUtils.java:logGet(46)) - raft.server.log.statemachine.data.sync = true (default)
2023-05-23 10:25:55,580 [790de1da-4581-4ab1-98ae-bd0ae5797406-groupManagement] INFO  server.RaftServerConfigKeys (ConfUtils.java:logGet(46)) - raft.server.log.statemachine.data.sync.timeout = 10s (default)
2023-05-23 10:25:55,580 [790de1da-4581-4ab1-98ae-bd0ae5797406-groupManagement] INFO  server.RaftServerConfigKeys (ConfUtils.java:logGet(46)) - raft.server.log.statemachine.data.sync.timeout.retry = -1 (default)
2023-05-23 10:25:55,580 [790de1da-4581-4ab1-98ae-bd0ae5797406-groupManagement] INFO  server.RaftServerConfigKeys (ConfUtils.java:logGet(46)) - raft.server.log.write.buffer.size = 1048576 (custom)
2023-05-23 10:25:55,581 [790de1da-4581-4ab1-98ae-bd0ae5797406-groupManagement] INFO  server.RaftServerConfigKeys (ConfUtils.java:logGet(46)) - raft.server.log.appender.buffer.byte-limit = 33554432 (custom)
2023-05-23 10:25:55,587 [790de1da-4581-4ab1-98ae-bd0ae5797406-groupManagement] INFO  server.RaftServerConfigKeys (ConfUtils.java:logGet(46)) - raft.server.log.unsafe-flush.enabled = false (default)
2023-05-23 10:25:55,587 [790de1da-4581-4ab1-98ae-bd0ae5797406-groupManagement] INFO  server.RaftServerConfigKeys (ConfUtils.java:logGet(46)) - raft.server.log.async-flush.enabled = false (default)
2023-05-23 10:25:55,587 [790de1da-4581-4ab1-98ae-bd0ae5797406-groupManagement] INFO  server.RaftServerConfigKeys (ConfUtils.java:logGet(46)) - raft.server.log.statemachine.data.caching.enabled = true (custom)
2023-05-23 10:25:55,587 [790de1da-4581-4ab1-98ae-bd0ae5797406-groupManagement] INFO  segmented.SegmentedRaftLogWorker (SegmentedRaftLogWorker.java:lambda$new$0(135)) - 790de1da-4581-4ab1-98ae-bd0ae5797406@group-28C61C381D58-SegmentedRaftLogWorker: flushIndex: setUnconditionally 0 -> -1
2023-05-23 10:25:55,587 [790de1da-4581-4ab1-98ae-bd0ae5797406-groupManagement] INFO  segmented.SegmentedRaftLogWorker (SegmentedRaftLogWorker.java:lambda$new$0(135)) - 790de1da-4581-4ab1-98ae-bd0ae5797406@group-28C61C381D58-SegmentedRaftLogWorker: safeCacheEvictIndex: setUnconditionally 0 -> -1
2023-05-23 10:25:55,588 [790de1da-4581-4ab1-98ae-bd0ae5797406-groupManagement] INFO  server.RaftServer$Division (RaftServerImpl.java:start(342)) - 790de1da-4581-4ab1-98ae-bd0ae5797406@group-28C61C381D58: start as a follower, conf=-1: peers:[790de1da-4581-4ab1-98ae-bd0ae5797406|rpc:10.1.0.38:15141|admin:10.1.0.38:15140|client:10.1.0.38:15139|dataStream:10.1.0.38:15142|priority:1|startupRole:FOLLOWER]|listeners:[], old=null
2023-05-23 10:25:55,588 [790de1da-4581-4ab1-98ae-bd0ae5797406-groupManagement] INFO  server.RaftServer$Division (RaftServerImpl.java:setRole(329)) - 790de1da-4581-4ab1-98ae-bd0ae5797406@group-28C61C381D58: changes role from      null to FOLLOWER at term 0 for startAsFollower
2023-05-23 10:25:55,588 [790de1da-4581-4ab1-98ae-bd0ae5797406-groupManagement] INFO  impl.RoleInfo (RoleInfo.java:updateAndGet(139)) - 790de1da-4581-4ab1-98ae-bd0ae5797406: start 790de1da-4581-4ab1-98ae-bd0ae5797406@group-28C61C381D58-FollowerState
2023-05-23 10:25:55,588 [790de1da-4581-4ab1-98ae-bd0ae5797406-groupManagement] INFO  util.JmxRegister (JmxRegister.java:tryRegister(44)) - Successfully registered JMX Bean with object name Ratis:service=RaftServer,group=group-28C61C381D58,id=790de1da-4581-4ab1-98ae-bd0ae5797406
2023-05-23 10:25:55,588 [790de1da-4581-4ab1-98ae-bd0ae5797406-groupManagement] INFO  server.RaftServerConfigKeys (ConfUtils.java:logGet(46)) - raft.server.snapshot.auto.trigger.enabled = true (custom)
2023-05-23 10:25:55,588 [790de1da-4581-4ab1-98ae-bd0ae5797406-groupManagement] INFO  server.RaftServerConfigKeys (ConfUtils.java:logGet(46)) - raft.server.snapshot.auto.trigger.threshold = 10000 (custom)
2023-05-23 10:25:55,588 [790de1da-4581-4ab1-98ae-bd0ae5797406-groupManagement] INFO  server.RaftServerConfigKeys (ConfUtils.java:logGet(46)) - raft.server.snapshot.retention.file.num = 5 (custom)
2023-05-23 10:25:55,588 [790de1da-4581-4ab1-98ae-bd0ae5797406-groupManagement] INFO  server.RaftServerConfigKeys (ConfUtils.java:logGet(46)) - raft.server.log.purge.upto.snapshot.index = false (default)
2023-05-23 10:25:55,589 [790de1da-4581-4ab1-98ae-bd0ae5797406@group-28C61C381D58-FollowerState] INFO  server.RaftServerConfigKeys (ConfUtils.java:logFallback(53)) - raft.server.rpc.first-election.timeout.min = 5s (fallback to raft.server.rpc.timeout.min)
2023-05-23 10:25:55,589 [790de1da-4581-4ab1-98ae-bd0ae5797406@group-28C61C381D58-FollowerState] INFO  server.RaftServerConfigKeys (ConfUtils.java:logFallback(53)) - raft.server.rpc.first-election.timeout.max = 5200ms (fallback to raft.server.rpc.timeout.max)
2023-05-23 10:25:55,591 [Command processor thread] INFO  ratis.XceiverServerRatis (XceiverServerRatis.java:addGroup(806)) - Created group PipelineID=fdae6696-d0cc-4c4f-9491-28c61c381d58
2023-05-23 10:25:55,591 [Command processor thread] INFO  commandhandler.CreatePipelineCommandHandler (CreatePipelineCommandHandler.java:handle(113)) - Created Pipeline RATIS ONE PipelineID=fdae6696-d0cc-4c4f-9491-28c61c381d58.
2023-05-23 10:25:55,751 [ReplicationMonitor] INFO  replication.ReplicationManager (ReplicationManager.java:processAll(375)) - Replication Manager is not ready to run until 3000ms after safemode exit
2023-05-23 10:25:56,573 [Listener at 127.0.0.1/15100] INFO  ozone.MiniOzoneClusterImpl (MiniOzoneClusterImpl.java:lambda$waitForClusterToBeReady$0(222)) - Nodes are ready. Got 5 of 5 DN Heartbeats.
2023-05-23 10:25:56,573 [Listener at 127.0.0.1/15100] INFO  ozone.MiniOzoneClusterImpl (MiniOzoneClusterImpl.java:lambda$waitForClusterToBeReady$0(225)) - Waiting for cluster to exit safe mode
2023-05-23 10:25:56,573 [Listener at 127.0.0.1/15100] INFO  ozone.MiniOzoneClusterImpl (MiniOzoneClusterImpl.java:lambda$waitForClusterToBeReady$0(227)) - SCM became leader
2023-05-23 10:25:56,751 [ReplicationMonitor] INFO  replication.ReplicationManager (ReplicationManager.java:processAll(375)) - Replication Manager is not ready to run until 3000ms after safemode exit
2023-05-23 10:25:57,573 [Listener at 127.0.0.1/15100] INFO  ozone.MiniOzoneClusterImpl (MiniOzoneClusterImpl.java:lambda$waitForClusterToBeReady$0(222)) - Nodes are ready. Got 5 of 5 DN Heartbeats.
2023-05-23 10:25:57,574 [Listener at 127.0.0.1/15100] INFO  ozone.MiniOzoneClusterImpl (MiniOzoneClusterImpl.java:lambda$waitForClusterToBeReady$0(225)) - Waiting for cluster to exit safe mode
2023-05-23 10:25:57,574 [Listener at 127.0.0.1/15100] INFO  ozone.MiniOzoneClusterImpl (MiniOzoneClusterImpl.java:lambda$waitForClusterToBeReady$0(227)) - SCM became leader
2023-05-23 10:25:57,751 [ReplicationMonitor] INFO  replication.ReplicationManager (ReplicationManager.java:processAll(375)) - Replication Manager is not ready to run until 3000ms after safemode exit
2023-05-23 10:25:58,574 [Listener at 127.0.0.1/15100] INFO  ozone.MiniOzoneClusterImpl (MiniOzoneClusterImpl.java:lambda$waitForClusterToBeReady$0(222)) - Nodes are ready. Got 5 of 5 DN Heartbeats.
2023-05-23 10:25:58,574 [Listener at 127.0.0.1/15100] INFO  ozone.MiniOzoneClusterImpl (MiniOzoneClusterImpl.java:lambda$waitForClusterToBeReady$0(225)) - Waiting for cluster to exit safe mode
2023-05-23 10:25:58,574 [Listener at 127.0.0.1/15100] INFO  ozone.MiniOzoneClusterImpl (MiniOzoneClusterImpl.java:lambda$waitForClusterToBeReady$0(227)) - SCM became leader
2023-05-23 10:25:58,752 [ReplicationMonitor] INFO  replication.ReplicationManager (ReplicationManager.java:processAll(375)) - Replication Manager is not ready to run until 3000ms after safemode exit
2023-05-23 10:25:59,260 [4423aca3-b60e-4ab8-b093-c0faf93dfaca@group-4F9513BB0631-FollowerState] INFO  impl.FollowerState (FollowerState.java:run(143)) - 4423aca3-b60e-4ab8-b093-c0faf93dfaca@group-4F9513BB0631-FollowerState: change to CANDIDATE, lastRpcElapsedTime:5025895880ns, electionTimeout:5017ms
2023-05-23 10:25:59,261 [4423aca3-b60e-4ab8-b093-c0faf93dfaca@group-4F9513BB0631-FollowerState] INFO  impl.RoleInfo (RoleInfo.java:shutdownFollowerState(110)) - 4423aca3-b60e-4ab8-b093-c0faf93dfaca: shutdown 4423aca3-b60e-4ab8-b093-c0faf93dfaca@group-4F9513BB0631-FollowerState
2023-05-23 10:25:59,261 [4423aca3-b60e-4ab8-b093-c0faf93dfaca@group-4F9513BB0631-FollowerState] INFO  server.RaftServer$Division (RaftServerImpl.java:setRole(329)) - 4423aca3-b60e-4ab8-b093-c0faf93dfaca@group-4F9513BB0631: changes role from  FOLLOWER to CANDIDATE at term 0 for changeToCandidate
2023-05-23 10:25:59,261 [4423aca3-b60e-4ab8-b093-c0faf93dfaca@group-4F9513BB0631-FollowerState] INFO  server.RaftServerConfigKeys (ConfUtils.java:logGet(46)) - raft.server.leaderelection.pre-vote = true (default)
2023-05-23 10:25:59,261 [4423aca3-b60e-4ab8-b093-c0faf93dfaca@group-4F9513BB0631-FollowerState] INFO  impl.RoleInfo (RoleInfo.java:updateAndGet(139)) - 4423aca3-b60e-4ab8-b093-c0faf93dfaca: start 4423aca3-b60e-4ab8-b093-c0faf93dfaca@group-4F9513BB0631-LeaderElection24
2023-05-23 10:25:59,263 [4423aca3-b60e-4ab8-b093-c0faf93dfaca@group-4F9513BB0631-LeaderElection24] INFO  impl.LeaderElection (LeaderElection.java:askForVotes(321)) - 4423aca3-b60e-4ab8-b093-c0faf93dfaca@group-4F9513BB0631-LeaderElection24 PRE_VOTE round 0: submit vote requests at term 0 for -1: peers:[4423aca3-b60e-4ab8-b093-c0faf93dfaca|rpc:10.1.0.38:15109|admin:10.1.0.38:15108|client:10.1.0.38:15107|dataStream:10.1.0.38:15110|priority:1|startupRole:FOLLOWER]|listeners:[], old=null
2023-05-23 10:25:59,263 [4423aca3-b60e-4ab8-b093-c0faf93dfaca@group-4F9513BB0631-LeaderElection24] INFO  impl.LeaderElection (LeaderElection.java:askForVotes(323)) - 4423aca3-b60e-4ab8-b093-c0faf93dfaca@group-4F9513BB0631-LeaderElection24 PRE_VOTE round 0: result PASSED (term=0)
2023-05-23 10:25:59,265 [4423aca3-b60e-4ab8-b093-c0faf93dfaca@group-4F9513BB0631-LeaderElection24] INFO  impl.LeaderElection (LeaderElection.java:askForVotes(321)) - 4423aca3-b60e-4ab8-b093-c0faf93dfaca@group-4F9513BB0631-LeaderElection24 ELECTION round 0: submit vote requests at term 1 for -1: peers:[4423aca3-b60e-4ab8-b093-c0faf93dfaca|rpc:10.1.0.38:15109|admin:10.1.0.38:15108|client:10.1.0.38:15107|dataStream:10.1.0.38:15110|priority:1|startupRole:FOLLOWER]|listeners:[], old=null
2023-05-23 10:25:59,265 [4423aca3-b60e-4ab8-b093-c0faf93dfaca@group-4F9513BB0631-LeaderElection24] INFO  impl.LeaderElection (LeaderElection.java:askForVotes(323)) - 4423aca3-b60e-4ab8-b093-c0faf93dfaca@group-4F9513BB0631-LeaderElection24 ELECTION round 0: result PASSED (term=1)
2023-05-23 10:25:59,265 [4423aca3-b60e-4ab8-b093-c0faf93dfaca@group-4F9513BB0631-LeaderElection24] INFO  impl.RoleInfo (RoleInfo.java:shutdownLeaderElection(130)) - 4423aca3-b60e-4ab8-b093-c0faf93dfaca: shutdown 4423aca3-b60e-4ab8-b093-c0faf93dfaca@group-4F9513BB0631-LeaderElection24
2023-05-23 10:25:59,265 [4423aca3-b60e-4ab8-b093-c0faf93dfaca@group-4F9513BB0631-LeaderElection24] INFO  server.RaftServer$Division (RaftServerImpl.java:setRole(329)) - 4423aca3-b60e-4ab8-b093-c0faf93dfaca@group-4F9513BB0631: changes role from CANDIDATE to LEADER at term 1 for changeToLeader
2023-05-23 10:25:59,265 [4423aca3-b60e-4ab8-b093-c0faf93dfaca@group-4F9513BB0631-LeaderElection24] INFO  ratis.XceiverServerRatis (XceiverServerRatis.java:handleLeaderChangedNotification(904)) - Leader change notification received for group: group-4F9513BB0631 with new leaderId: 4423aca3-b60e-4ab8-b093-c0faf93dfaca
2023-05-23 10:25:59,266 [4423aca3-b60e-4ab8-b093-c0faf93dfaca@group-4F9513BB0631-LeaderElection24] INFO  server.RaftServer$Division (ServerState.java:setLeader(317)) - 4423aca3-b60e-4ab8-b093-c0faf93dfaca@group-4F9513BB0631: change Leader from null to 4423aca3-b60e-4ab8-b093-c0faf93dfaca at term 1 for becomeLeader, leader elected after 5055ms
2023-05-23 10:25:59,266 [4423aca3-b60e-4ab8-b093-c0faf93dfaca@group-4F9513BB0631-LeaderElection24] INFO  server.RaftServerConfigKeys (ConfUtils.java:logGet(46)) - raft.server.staging.catchup.gap = 1000 (default)
2023-05-23 10:25:59,266 [4423aca3-b60e-4ab8-b093-c0faf93dfaca@group-4F9513BB0631-LeaderElection24] INFO  server.RaftServerConfigKeys (ConfUtils.java:logGet(46)) - raft.server.write.element-limit = 1024 (custom)
2023-05-23 10:25:59,266 [4423aca3-b60e-4ab8-b093-c0faf93dfaca@group-4F9513BB0631-LeaderElection24] INFO  server.RaftServerConfigKeys (ConfUtils.java:logGet(46)) - raft.server.write.byte-limit = 1024 M (=1073741824) (custom)
2023-05-23 10:25:59,266 [4423aca3-b60e-4ab8-b093-c0faf93dfaca@group-4F9513BB0631-LeaderElection24] INFO  server.RaftServerConfigKeys (ConfUtils.java:logGet(46)) - raft.server.watch.timeout = 180s (custom)
2023-05-23 10:25:59,267 [4423aca3-b60e-4ab8-b093-c0faf93dfaca@group-4F9513BB0631-LeaderElection24] INFO  server.RaftServerConfigKeys (ConfUtils.java:logGet(46)) - raft.server.watch.timeout.denomination = 1s (default)
2023-05-23 10:25:59,267 [4423aca3-b60e-4ab8-b093-c0faf93dfaca@group-4F9513BB0631-LeaderElection24] INFO  server.RaftServerConfigKeys (ConfUtils.java:logGet(46)) - raft.server.watch.element-limit = 65536 (default)
2023-05-23 10:25:59,267 [4423aca3-b60e-4ab8-b093-c0faf93dfaca@group-4F9513BB0631-LeaderElection24] INFO  server.RaftServerConfigKeys (ConfUtils.java:logGet(46)) - raft.server.write.element-limit = 1024 (custom)
2023-05-23 10:25:59,267 [4423aca3-b60e-4ab8-b093-c0faf93dfaca@group-4F9513BB0631-LeaderElection24] INFO  server.RaftServerConfigKeys (ConfUtils.java:logGet(46)) - raft.server.write.follower.gap.ratio.max = -1.0 (default)
2023-05-23 10:25:59,267 [4423aca3-b60e-4ab8-b093-c0faf93dfaca@group-4F9513BB0631-LeaderElection24] INFO  impl.RoleInfo (RoleInfo.java:updateAndGet(139)) - 4423aca3-b60e-4ab8-b093-c0faf93dfaca: start 4423aca3-b60e-4ab8-b093-c0faf93dfaca@group-4F9513BB0631-LeaderStateImpl
2023-05-23 10:25:59,267 [EventQueue-OpenPipelineForHealthyPipelineSafeModeRule] INFO  safemode.SCMSafeModeManager (HealthyPipelineSafeModeRule.java:process(137)) - SCM in safe mode. Healthy pipelines reported count is 0, required healthy pipeline reported count is 1
2023-05-23 10:25:59,267 [4423aca3-b60e-4ab8-b093-c0faf93dfaca@group-4F9513BB0631-LeaderElection24] INFO  segmented.SegmentedRaftLogWorker (SegmentedRaftLogWorker.java:startLogSegment(447)) - 4423aca3-b60e-4ab8-b093-c0faf93dfaca@group-4F9513BB0631-SegmentedRaftLogWorker: Starting segment from index:0
2023-05-23 10:25:59,269 [4423aca3-b60e-4ab8-b093-c0faf93dfaca@group-4F9513BB0631-LeaderElection24] INFO  server.RaftServer$Division (ServerState.java:setRaftConf(434)) - 4423aca3-b60e-4ab8-b093-c0faf93dfaca@group-4F9513BB0631: set configuration 0: peers:[4423aca3-b60e-4ab8-b093-c0faf93dfaca|rpc:10.1.0.38:15109|admin:10.1.0.38:15108|client:10.1.0.38:15107|dataStream:10.1.0.38:15110|priority:1|startupRole:FOLLOWER]|listeners:[], old=null
2023-05-23 10:25:59,269 [4423aca3-b60e-4ab8-b093-c0faf93dfaca@group-4F9513BB0631-SegmentedRaftLogWorker] INFO  segmented.SegmentedRaftLogWorker (SegmentedRaftLogWorker.java:execute(651)) - 4423aca3-b60e-4ab8-b093-c0faf93dfaca@group-4F9513BB0631-SegmentedRaftLogWorker: created new log segment /home/runner/work/ozone/ozone/hadoop-ozone/integration-test/target/test-dir/MiniOzoneClusterImpl-bbf8790f-824b-49ae-85c2-11c1b792a20d/datanode-0/data/ratis/7f620d81-5e62-4566-835b-4f9513bb0631/current/log_inprogress_0
2023-05-23 10:25:59,464 [c8934a7e-3164-45c1-bd4f-8a83062f2a8f@group-D8D700E0C36A-FollowerState] INFO  impl.FollowerState (FollowerState.java:run(143)) - c8934a7e-3164-45c1-bd4f-8a83062f2a8f@group-D8D700E0C36A-FollowerState: change to CANDIDATE, lastRpcElapsedTime:5014831307ns, electionTimeout:5014ms
2023-05-23 10:25:59,464 [c8934a7e-3164-45c1-bd4f-8a83062f2a8f@group-D8D700E0C36A-FollowerState] INFO  impl.RoleInfo (RoleInfo.java:shutdownFollowerState(110)) - c8934a7e-3164-45c1-bd4f-8a83062f2a8f: shutdown c8934a7e-3164-45c1-bd4f-8a83062f2a8f@group-D8D700E0C36A-FollowerState
2023-05-23 10:25:59,464 [c8934a7e-3164-45c1-bd4f-8a83062f2a8f@group-D8D700E0C36A-FollowerState] INFO  server.RaftServer$Division (RaftServerImpl.java:setRole(329)) - c8934a7e-3164-45c1-bd4f-8a83062f2a8f@group-D8D700E0C36A: changes role from  FOLLOWER to CANDIDATE at term 0 for changeToCandidate
2023-05-23 10:25:59,465 [c8934a7e-3164-45c1-bd4f-8a83062f2a8f@group-D8D700E0C36A-FollowerState] INFO  server.RaftServerConfigKeys (ConfUtils.java:logGet(46)) - raft.server.leaderelection.pre-vote = true (default)
2023-05-23 10:25:59,465 [c8934a7e-3164-45c1-bd4f-8a83062f2a8f@group-D8D700E0C36A-FollowerState] INFO  impl.RoleInfo (RoleInfo.java:updateAndGet(139)) - c8934a7e-3164-45c1-bd4f-8a83062f2a8f: start c8934a7e-3164-45c1-bd4f-8a83062f2a8f@group-D8D700E0C36A-LeaderElection25
2023-05-23 10:25:59,467 [c8934a7e-3164-45c1-bd4f-8a83062f2a8f@group-D8D700E0C36A-LeaderElection25] INFO  impl.LeaderElection (LeaderElection.java:askForVotes(321)) - c8934a7e-3164-45c1-bd4f-8a83062f2a8f@group-D8D700E0C36A-LeaderElection25 PRE_VOTE round 0: submit vote requests at term 0 for -1: peers:[4423aca3-b60e-4ab8-b093-c0faf93dfaca|rpc:10.1.0.38:15109|admin:10.1.0.38:15108|client:10.1.0.38:15107|dataStream:10.1.0.38:15110|priority:0|startupRole:FOLLOWER, c8934a7e-3164-45c1-bd4f-8a83062f2a8f|rpc:10.1.0.38:15125|admin:10.1.0.38:15124|client:10.1.0.38:15123|dataStream:10.1.0.38:15126|priority:0|startupRole:FOLLOWER, 54284929-3371-4a1e-b544-6f7fda27a691|rpc:10.1.0.38:15117|admin:10.1.0.38:15116|client:10.1.0.38:15115|dataStream:10.1.0.38:15118|priority:1|startupRole:FOLLOWER]|listeners:[], old=null
2023-05-23 10:25:59,468 [c8934a7e-3164-45c1-bd4f-8a83062f2a8f@group-D8D700E0C36A-LeaderElection25] INFO  server.RaftServerConfigKeys (ConfUtils.java:logFallback(53)) - raft.server.rpc.first-election.timeout.min = 5s (fallback to raft.server.rpc.timeout.min)
2023-05-23 10:25:59,468 [c8934a7e-3164-45c1-bd4f-8a83062f2a8f@group-D8D700E0C36A-LeaderElection25-1] INFO  server.GrpcServerProtocolClient (GrpcServerProtocolClient.java:<init>(65)) - Build channel for 4423aca3-b60e-4ab8-b093-c0faf93dfaca
2023-05-23 10:25:59,468 [c8934a7e-3164-45c1-bd4f-8a83062f2a8f@group-D8D700E0C36A-LeaderElection25] INFO  server.RaftServerConfigKeys (ConfUtils.java:logFallback(53)) - raft.server.rpc.first-election.timeout.max = 5200ms (fallback to raft.server.rpc.timeout.max)
2023-05-23 10:25:59,468 [c8934a7e-3164-45c1-bd4f-8a83062f2a8f@group-D8D700E0C36A-LeaderElection25-2] INFO  server.GrpcServerProtocolClient (GrpcServerProtocolClient.java:<init>(65)) - Build channel for 54284929-3371-4a1e-b544-6f7fda27a691
2023-05-23 10:25:59,477 [grpc-default-executor-0] INFO  server.RaftServer$Division (RaftServerImpl.java:requestVote(1302)) - 54284929-3371-4a1e-b544-6f7fda27a691@group-D8D700E0C36A: receive requestVote(PRE_VOTE, c8934a7e-3164-45c1-bd4f-8a83062f2a8f, group-D8D700E0C36A, 0, (t:0, i:0))
2023-05-23 10:25:59,478 [grpc-default-executor-0] INFO  impl.VoteContext (VoteContext.java:log(49)) - 54284929-3371-4a1e-b544-6f7fda27a691@group-D8D700E0C36A-FOLLOWER: reject PRE_VOTE from c8934a7e-3164-45c1-bd4f-8a83062f2a8f: our priority 1 > candidate's priority 0
2023-05-23 10:25:59,478 [grpc-default-executor-0] INFO  server.RaftServer$Division (RaftServerImpl.java:requestVote(1335)) - 54284929-3371-4a1e-b544-6f7fda27a691@group-D8D700E0C36A replies to PRE_VOTE vote request: c8934a7e-3164-45c1-bd4f-8a83062f2a8f<-54284929-3371-4a1e-b544-6f7fda27a691#0:FAIL-t0. Peer's state: 54284929-3371-4a1e-b544-6f7fda27a691@group-D8D700E0C36A:t0, leader=null, voted=, raftlog=Memoized:54284929-3371-4a1e-b544-6f7fda27a691@group-D8D700E0C36A-SegmentedRaftLog:OPENED:c-1, conf=-1: peers:[4423aca3-b60e-4ab8-b093-c0faf93dfaca|rpc:10.1.0.38:15109|admin:10.1.0.38:15108|client:10.1.0.38:15107|dataStream:10.1.0.38:15110|priority:0|startupRole:FOLLOWER, c8934a7e-3164-45c1-bd4f-8a83062f2a8f|rpc:10.1.0.38:15125|admin:10.1.0.38:15124|client:10.1.0.38:15123|dataStream:10.1.0.38:15126|priority:0|startupRole:FOLLOWER, 54284929-3371-4a1e-b544-6f7fda27a691|rpc:10.1.0.38:15117|admin:10.1.0.38:15116|client:10.1.0.38:15115|dataStream:10.1.0.38:15118|priority:1|startupRole:FOLLOWER]|listeners:[], old=null
2023-05-23 10:25:59,485 [c8934a7e-3164-45c1-bd4f-8a83062f2a8f@group-D8D700E0C36A-LeaderElection25] INFO  impl.LeaderElection (LeaderElection.java:logAndReturn(90)) - c8934a7e-3164-45c1-bd4f-8a83062f2a8f@group-D8D700E0C36A-LeaderElection25: PRE_VOTE REJECTED received 1 response(s) and 0 exception(s):
2023-05-23 10:25:59,485 [c8934a7e-3164-45c1-bd4f-8a83062f2a8f@group-D8D700E0C36A-LeaderElection25] INFO  impl.LeaderElection (LeaderElection.java:logAndReturn(94)) -   Response 0: c8934a7e-3164-45c1-bd4f-8a83062f2a8f<-54284929-3371-4a1e-b544-6f7fda27a691#0:FAIL-t0
2023-05-23 10:25:59,485 [c8934a7e-3164-45c1-bd4f-8a83062f2a8f@group-D8D700E0C36A-LeaderElection25] INFO  impl.LeaderElection (LeaderElection.java:askForVotes(323)) - c8934a7e-3164-45c1-bd4f-8a83062f2a8f@group-D8D700E0C36A-LeaderElection25 PRE_VOTE round 0: result REJECTED
2023-05-23 10:25:59,485 [c8934a7e-3164-45c1-bd4f-8a83062f2a8f@group-D8D700E0C36A-LeaderElection25] INFO  server.RaftServer$Division (RaftServerImpl.java:setRole(329)) - c8934a7e-3164-45c1-bd4f-8a83062f2a8f@group-D8D700E0C36A: changes role from CANDIDATE to FOLLOWER at term 0 for REJECTED
2023-05-23 10:25:59,485 [c8934a7e-3164-45c1-bd4f-8a83062f2a8f@group-D8D700E0C36A-LeaderElection25] INFO  impl.RoleInfo (RoleInfo.java:shutdownLeaderElection(130)) - c8934a7e-3164-45c1-bd4f-8a83062f2a8f: shutdown c8934a7e-3164-45c1-bd4f-8a83062f2a8f@group-D8D700E0C36A-LeaderElection25
2023-05-23 10:25:59,485 [c8934a7e-3164-45c1-bd4f-8a83062f2a8f@group-D8D700E0C36A-LeaderElection25] INFO  impl.RoleInfo (RoleInfo.java:updateAndGet(139)) - c8934a7e-3164-45c1-bd4f-8a83062f2a8f: start c8934a7e-3164-45c1-bd4f-8a83062f2a8f@group-D8D700E0C36A-FollowerState
2023-05-23 10:25:59,488 [grpc-default-executor-0] INFO  server.RaftServer$Division (RaftServerImpl.java:requestVote(1302)) - 4423aca3-b60e-4ab8-b093-c0faf93dfaca@group-D8D700E0C36A: receive requestVote(PRE_VOTE, c8934a7e-3164-45c1-bd4f-8a83062f2a8f, group-D8D700E0C36A, 0, (t:0, i:0))
2023-05-23 10:25:59,488 [grpc-default-executor-0] INFO  impl.VoteContext (VoteContext.java:log(49)) - 4423aca3-b60e-4ab8-b093-c0faf93dfaca@group-D8D700E0C36A-FOLLOWER: accept PRE_VOTE from c8934a7e-3164-45c1-bd4f-8a83062f2a8f: our priority 0 <= candidate's priority 0
2023-05-23 10:25:59,488 [grpc-default-executor-0] INFO  server.RaftServer$Division (RaftServerImpl.java:requestVote(1335)) - 4423aca3-b60e-4ab8-b093-c0faf93dfaca@group-D8D700E0C36A replies to PRE_VOTE vote request: c8934a7e-3164-45c1-bd4f-8a83062f2a8f<-4423aca3-b60e-4ab8-b093-c0faf93dfaca#0:OK-t0. Peer's state: 4423aca3-b60e-4ab8-b093-c0faf93dfaca@group-D8D700E0C36A:t0, leader=null, voted=, raftlog=Memoized:4423aca3-b60e-4ab8-b093-c0faf93dfaca@group-D8D700E0C36A-SegmentedRaftLog:OPENED:c-1, conf=-1: peers:[4423aca3-b60e-4ab8-b093-c0faf93dfaca|rpc:10.1.0.38:15109|admin:10.1.0.38:15108|client:10.1.0.38:15107|dataStream:10.1.0.38:15110|priority:0|startupRole:FOLLOWER, c8934a7e-3164-45c1-bd4f-8a83062f2a8f|rpc:10.1.0.38:15125|admin:10.1.0.38:15124|client:10.1.0.38:15123|dataStream:10.1.0.38:15126|priority:0|startupRole:FOLLOWER, 54284929-3371-4a1e-b544-6f7fda27a691|rpc:10.1.0.38:15117|admin:10.1.0.38:15116|client:10.1.0.38:15115|dataStream:10.1.0.38:15118|priority:1|startupRole:FOLLOWER]|listeners:[], old=null
2023-05-23 10:25:59,528 [4423aca3-b60e-4ab8-b093-c0faf93dfaca@group-D8D700E0C36A-FollowerState] INFO  server.RaftServerConfigKeys (ConfUtils.java:logFallback(53)) - raft.server.rpc.first-election.timeout.min = 5s (fallback to raft.server.rpc.timeout.min)
2023-05-23 10:25:59,528 [4423aca3-b60e-4ab8-b093-c0faf93dfaca@group-D8D700E0C36A-FollowerState] INFO  server.RaftServerConfigKeys (ConfUtils.java:logFallback(53)) - raft.server.rpc.first-election.timeout.max = 5200ms (fallback to raft.server.rpc.timeout.max)
2023-05-23 10:25:59,574 [Listener at 127.0.0.1/15100] INFO  ozone.MiniOzoneClusterImpl (MiniOzoneClusterImpl.java:lambda$waitForClusterToBeReady$0(222)) - Nodes are ready. Got 5 of 5 DN Heartbeats.
2023-05-23 10:25:59,575 [Listener at 127.0.0.1/15100] INFO  ozone.MiniOzoneClusterImpl (MiniOzoneClusterImpl.java:lambda$waitForClusterToBeReady$0(225)) - Waiting for cluster to exit safe mode
2023-05-23 10:25:59,575 [Listener at 127.0.0.1/15100] INFO  ozone.MiniOzoneClusterImpl (MiniOzoneClusterImpl.java:lambda$waitForClusterToBeReady$0(227)) - SCM became leader
2023-05-23 10:25:59,603 [4423aca3-b60e-4ab8-b093-c0faf93dfaca@group-53464B176A33-FollowerState] INFO  impl.FollowerState (FollowerState.java:run(143)) - 4423aca3-b60e-4ab8-b093-c0faf93dfaca@group-53464B176A33-FollowerState: change to CANDIDATE, lastRpcElapsedTime:5086911685ns, electionTimeout:5085ms
2023-05-23 10:25:59,603 [4423aca3-b60e-4ab8-b093-c0faf93dfaca@group-53464B176A33-FollowerState] INFO  impl.RoleInfo (RoleInfo.java:shutdownFollowerState(110)) - 4423aca3-b60e-4ab8-b093-c0faf93dfaca: shutdown 4423aca3-b60e-4ab8-b093-c0faf93dfaca@group-53464B176A33-FollowerState
2023-05-23 10:25:59,603 [4423aca3-b60e-4ab8-b093-c0faf93dfaca@group-53464B176A33-FollowerState] INFO  server.RaftServer$Division (RaftServerImpl.java:setRole(329)) - 4423aca3-b60e-4ab8-b093-c0faf93dfaca@group-53464B176A33: changes role from  FOLLOWER to CANDIDATE at term 0 for changeToCandidate
2023-05-23 10:25:59,603 [4423aca3-b60e-4ab8-b093-c0faf93dfaca@group-53464B176A33-FollowerState] INFO  server.RaftServerConfigKeys (ConfUtils.java:logGet(46)) - raft.server.leaderelection.pre-vote = true (default)
2023-05-23 10:25:59,604 [4423aca3-b60e-4ab8-b093-c0faf93dfaca@group-53464B176A33-FollowerState] INFO  impl.RoleInfo (RoleInfo.java:updateAndGet(139)) - 4423aca3-b60e-4ab8-b093-c0faf93dfaca: start 4423aca3-b60e-4ab8-b093-c0faf93dfaca@group-53464B176A33-LeaderElection26
2023-05-23 10:25:59,606 [4423aca3-b60e-4ab8-b093-c0faf93dfaca@group-53464B176A33-LeaderElection26] INFO  impl.LeaderElection (LeaderElection.java:askForVotes(321)) - 4423aca3-b60e-4ab8-b093-c0faf93dfaca@group-53464B176A33-LeaderElection26 PRE_VOTE round 0: submit vote requests at term 0 for -1: peers:[4423aca3-b60e-4ab8-b093-c0faf93dfaca|rpc:10.1.0.38:15109|admin:10.1.0.38:15108|client:10.1.0.38:15107|dataStream:10.1.0.38:15110|priority:0|startupRole:FOLLOWER, c8934a7e-3164-45c1-bd4f-8a83062f2a8f|rpc:10.1.0.38:15125|admin:10.1.0.38:15124|client:10.1.0.38:15123|dataStream:10.1.0.38:15126|priority:1|startupRole:FOLLOWER, 54284929-3371-4a1e-b544-6f7fda27a691|rpc:10.1.0.38:15117|admin:10.1.0.38:15116|client:10.1.0.38:15115|dataStream:10.1.0.38:15118|priority:0|startupRole:FOLLOWER]|listeners:[], old=null
2023-05-23 10:25:59,607 [4423aca3-b60e-4ab8-b093-c0faf93dfaca@group-53464B176A33-LeaderElection26-1] INFO  server.GrpcServerProtocolClient (GrpcServerProtocolClient.java:<init>(65)) - Build channel for c8934a7e-3164-45c1-bd4f-8a83062f2a8f
2023-05-23 10:25:59,609 [4423aca3-b60e-4ab8-b093-c0faf93dfaca@group-53464B176A33-LeaderElection26] INFO  server.RaftServerConfigKeys (ConfUtils.java:logFallback(53)) - raft.server.rpc.first-election.timeout.min = 5s (fallback to raft.server.rpc.timeout.min)
2023-05-23 10:25:59,609 [4423aca3-b60e-4ab8-b093-c0faf93dfaca@group-53464B176A33-LeaderElection26-2] INFO  server.GrpcServerProtocolClient (GrpcServerProtocolClient.java:<init>(65)) - Build channel for 54284929-3371-4a1e-b544-6f7fda27a691
2023-05-23 10:25:59,609 [4423aca3-b60e-4ab8-b093-c0faf93dfaca@group-53464B176A33-LeaderElection26] INFO  server.RaftServerConfigKeys (ConfUtils.java:logFallback(53)) - raft.server.rpc.first-election.timeout.max = 5200ms (fallback to raft.server.rpc.timeout.max)
2023-05-23 10:25:59,613 [54284929-3371-4a1e-b544-6f7fda27a691@group-D8D700E0C36A-FollowerState] INFO  impl.FollowerState (FollowerState.java:run(143)) - 54284929-3371-4a1e-b544-6f7fda27a691@group-D8D700E0C36A-FollowerState: change to CANDIDATE, lastRpcElapsedTime:5123966136ns, electionTimeout:5122ms
2023-05-23 10:25:59,614 [54284929-3371-4a1e-b544-6f7fda27a691@group-D8D700E0C36A-FollowerState] INFO  impl.RoleInfo (RoleInfo.java:shutdownFollowerState(110)) - 54284929-3371-4a1e-b544-6f7fda27a691: shutdown 54284929-3371-4a1e-b544-6f7fda27a691@group-D8D700E0C36A-FollowerState
2023-05-23 10:25:59,614 [54284929-3371-4a1e-b544-6f7fda27a691@group-D8D700E0C36A-FollowerState] INFO  server.RaftServer$Division (RaftServerImpl.java:setRole(329)) - 54284929-3371-4a1e-b544-6f7fda27a691@group-D8D700E0C36A: changes role from  FOLLOWER to CANDIDATE at term 0 for changeToCandidate
2023-05-23 10:25:59,614 [54284929-3371-4a1e-b544-6f7fda27a691@group-D8D700E0C36A-FollowerState] INFO  server.RaftServerConfigKeys (ConfUtils.java:logGet(46)) - raft.server.leaderelection.pre-vote = true (default)
2023-05-23 10:25:59,614 [54284929-3371-4a1e-b544-6f7fda27a691@group-D8D700E0C36A-FollowerState] INFO  impl.RoleInfo (RoleInfo.java:updateAndGet(139)) - 54284929-3371-4a1e-b544-6f7fda27a691: start 54284929-3371-4a1e-b544-6f7fda27a691@group-D8D700E0C36A-LeaderElection27
2023-05-23 10:25:59,624 [grpc-default-executor-0] INFO  server.RaftServer$Division (RaftServerImpl.java:requestVote(1302)) - c8934a7e-3164-45c1-bd4f-8a83062f2a8f@group-53464B176A33: receive requestVote(PRE_VOTE, 4423aca3-b60e-4ab8-b093-c0faf93dfaca, group-53464B176A33, 0, (t:0, i:0))
2023-05-23 10:25:59,624 [54284929-3371-4a1e-b544-6f7fda27a691@group-D8D700E0C36A-LeaderElection27] INFO  impl.LeaderElection (LeaderElection.java:askForVotes(321)) - 54284929-3371-4a1e-b544-6f7fda27a691@group-D8D700E0C36A-LeaderElection27 PRE_VOTE round 0: submit vote requests at term 0 for -1: peers:[4423aca3-b60e-4ab8-b093-c0faf93dfaca|rpc:10.1.0.38:15109|admin:10.1.0.38:15108|client:10.1.0.38:15107|dataStream:10.1.0.38:15110|priority:0|startupRole:FOLLOWER, c8934a7e-3164-45c1-bd4f-8a83062f2a8f|rpc:10.1.0.38:15125|admin:10.1.0.38:15124|client:10.1.0.38:15123|dataStream:10.1.0.38:15126|priority:0|startupRole:FOLLOWER, 54284929-3371-4a1e-b544-6f7fda27a691|rpc:10.1.0.38:15117|admin:10.1.0.38:15116|client:10.1.0.38:15115|dataStream:10.1.0.38:15118|priority:1|startupRole:FOLLOWER]|listeners:[], old=null
2023-05-23 10:25:59,625 [grpc-default-executor-0] INFO  impl.VoteContext (VoteContext.java:log(49)) - c8934a7e-3164-45c1-bd4f-8a83062f2a8f@group-53464B176A33-FOLLOWER: reject PRE_VOTE from 4423aca3-b60e-4ab8-b093-c0faf93dfaca: our priority 1 > candidate's priority 0
2023-05-23 10:25:59,625 [grpc-default-executor-0] INFO  server.RaftServer$Division (RaftServerImpl.java:requestVote(1335)) - c8934a7e-3164-45c1-bd4f-8a83062f2a8f@group-53464B176A33 replies to PRE_VOTE vote request: 4423aca3-b60e-4ab8-b093-c0faf93dfaca<-c8934a7e-3164-45c1-bd4f-8a83062f2a8f#0:FAIL-t0. Peer's state: c8934a7e-3164-45c1-bd4f-8a83062f2a8f@group-53464B176A33:t0, leader=null, voted=, raftlog=Memoized:c8934a7e-3164-45c1-bd4f-8a83062f2a8f@group-53464B176A33-SegmentedRaftLog:OPENED:c-1, conf=-1: peers:[4423aca3-b60e-4ab8-b093-c0faf93dfaca|rpc:10.1.0.38:15109|admin:10.1.0.38:15108|client:10.1.0.38:15107|dataStream:10.1.0.38:15110|priority:0|startupRole:FOLLOWER, c8934a7e-3164-45c1-bd4f-8a83062f2a8f|rpc:10.1.0.38:15125|admin:10.1.0.38:15124|client:10.1.0.38:15123|dataStream:10.1.0.38:15126|priority:1|startupRole:FOLLOWER, 54284929-3371-4a1e-b544-6f7fda27a691|rpc:10.1.0.38:15117|admin:10.1.0.38:15116|client:10.1.0.38:15115|dataStream:10.1.0.38:15118|priority:0|startupRole:FOLLOWER]|listeners:[], old=null
2023-05-23 10:25:59,627 [4423aca3-b60e-4ab8-b093-c0faf93dfaca@group-53464B176A33-LeaderElection26] INFO  impl.LeaderElection (LeaderElection.java:logAndReturn(90)) - 4423aca3-b60e-4ab8-b093-c0faf93dfaca@group-53464B176A33-LeaderElection26: PRE_VOTE REJECTED received 1 response(s) and 0 exception(s):
2023-05-23 10:25:59,627 [4423aca3-b60e-4ab8-b093-c0faf93dfaca@group-53464B176A33-LeaderElection26] INFO  impl.LeaderElection (LeaderElection.java:logAndReturn(94)) -   Response 0: 4423aca3-b60e-4ab8-b093-c0faf93dfaca<-c8934a7e-3164-45c1-bd4f-8a83062f2a8f#0:FAIL-t0
2023-05-23 10:25:59,627 [54284929-3371-4a1e-b544-6f7fda27a691@group-D8D700E0C36A-LeaderElection27-1] INFO  server.GrpcServerProtocolClient (GrpcServerProtocolClient.java:<init>(65)) - Build channel for 4423aca3-b60e-4ab8-b093-c0faf93dfaca
2023-05-23 10:25:59,627 [54284929-3371-4a1e-b544-6f7fda27a691@group-D8D700E0C36A-LeaderElection27] INFO  server.RaftServerConfigKeys (ConfUtils.java:logFallback(53)) - raft.server.rpc.first-election.timeout.min = 5s (fallback to raft.server.rpc.timeout.min)
2023-05-23 10:25:59,627 [54284929-3371-4a1e-b544-6f7fda27a691@group-D8D700E0C36A-LeaderElection27] INFO  server.RaftServerConfigKeys (ConfUtils.java:logFallback(53)) - raft.server.rpc.first-election.timeout.max = 5200ms (fallback to raft.server.rpc.timeout.max)
2023-05-23 10:25:59,629 [54284929-3371-4a1e-b544-6f7fda27a691@group-D8D700E0C36A-LeaderElection27-2] INFO  server.GrpcServerProtocolClient (GrpcServerProtocolClient.java:<init>(65)) - Build channel for c8934a7e-3164-45c1-bd4f-8a83062f2a8f
2023-05-23 10:25:59,629 [4423aca3-b60e-4ab8-b093-c0faf93dfaca@group-53464B176A33-LeaderElection26] INFO  impl.LeaderElection (LeaderElection.java:askForVotes(323)) - 4423aca3-b60e-4ab8-b093-c0faf93dfaca@group-53464B176A33-LeaderElection26 PRE_VOTE round 0: result REJECTED
2023-05-23 10:25:59,629 [4423aca3-b60e-4ab8-b093-c0faf93dfaca@group-53464B176A33-LeaderElection26] INFO  server.RaftServer$Division (RaftServerImpl.java:setRole(329)) - 4423aca3-b60e-4ab8-b093-c0faf93dfaca@group-53464B176A33: changes role from CANDIDATE to FOLLOWER at term 0 for REJECTED
2023-05-23 10:25:59,629 [4423aca3-b60e-4ab8-b093-c0faf93dfaca@group-53464B176A33-LeaderElection26] INFO  impl.RoleInfo (RoleInfo.java:shutdownLeaderElection(130)) - 4423aca3-b60e-4ab8-b093-c0faf93dfaca: shutdown 4423aca3-b60e-4ab8-b093-c0faf93dfaca@group-53464B176A33-LeaderElection26
2023-05-23 10:25:59,630 [4423aca3-b60e-4ab8-b093-c0faf93dfaca@group-53464B176A33-LeaderElection26] INFO  impl.RoleInfo (RoleInfo.java:updateAndGet(139)) - 4423aca3-b60e-4ab8-b093-c0faf93dfaca: start 4423aca3-b60e-4ab8-b093-c0faf93dfaca@group-53464B176A33-FollowerState
2023-05-23 10:25:59,646 [grpc-default-executor-0] INFO  server.RaftServer$Division (RaftServerImpl.java:requestVote(1302)) - 4423aca3-b60e-4ab8-b093-c0faf93dfaca@group-D8D700E0C36A: receive requestVote(PRE_VOTE, 54284929-3371-4a1e-b544-6f7fda27a691, group-D8D700E0C36A, 0, (t:0, i:0))
2023-05-23 10:25:59,646 [grpc-default-executor-0] INFO  impl.VoteContext (VoteContext.java:log(49)) - 4423aca3-b60e-4ab8-b093-c0faf93dfaca@group-D8D700E0C36A-FOLLOWER: accept PRE_VOTE from 54284929-3371-4a1e-b544-6f7fda27a691: our priority 0 <= candidate's priority 1
2023-05-23 10:25:59,646 [grpc-default-executor-0] INFO  server.RaftServer$Division (RaftServerImpl.java:requestVote(1335)) - 4423aca3-b60e-4ab8-b093-c0faf93dfaca@group-D8D700E0C36A replies to PRE_VOTE vote request: 54284929-3371-4a1e-b544-6f7fda27a691<-4423aca3-b60e-4ab8-b093-c0faf93dfaca#0:OK-t0. Peer's state: 4423aca3-b60e-4ab8-b093-c0faf93dfaca@group-D8D700E0C36A:t0, leader=null, voted=, raftlog=Memoized:4423aca3-b60e-4ab8-b093-c0faf93dfaca@group-D8D700E0C36A-SegmentedRaftLog:OPENED:c-1, conf=-1: peers:[4423aca3-b60e-4ab8-b093-c0faf93dfaca|rpc:10.1.0.38:15109|admin:10.1.0.38:15108|client:10.1.0.38:15107|dataStream:10.1.0.38:15110|priority:0|startupRole:FOLLOWER, c8934a7e-3164-45c1-bd4f-8a83062f2a8f|rpc:10.1.0.38:15125|admin:10.1.0.38:15124|client:10.1.0.38:15123|dataStream:10.1.0.38:15126|priority:0|startupRole:FOLLOWER, 54284929-3371-4a1e-b544-6f7fda27a691|rpc:10.1.0.38:15117|admin:10.1.0.38:15116|client:10.1.0.38:15115|dataStream:10.1.0.38:15118|priority:1|startupRole:FOLLOWER]|listeners:[], old=null
2023-05-23 10:25:59,647 [grpc-default-executor-1] INFO  server.RaftServer$Division (RaftServerImpl.java:requestVote(1302)) - 54284929-3371-4a1e-b544-6f7fda27a691@group-53464B176A33: receive requestVote(PRE_VOTE, 4423aca3-b60e-4ab8-b093-c0faf93dfaca, group-53464B176A33, 0, (t:0, i:0))
2023-05-23 10:25:59,647 [grpc-default-executor-1] INFO  impl.VoteContext (VoteContext.java:log(49)) - 54284929-3371-4a1e-b544-6f7fda27a691@group-53464B176A33-FOLLOWER: accept PRE_VOTE from 4423aca3-b60e-4ab8-b093-c0faf93dfaca: our priority 0 <= candidate's priority 0
2023-05-23 10:25:59,647 [grpc-default-executor-1] INFO  server.RaftServer$Division (RaftServerImpl.java:requestVote(1335)) - 54284929-3371-4a1e-b544-6f7fda27a691@group-53464B176A33 replies to PRE_VOTE vote request: 4423aca3-b60e-4ab8-b093-c0faf93dfaca<-54284929-3371-4a1e-b544-6f7fda27a691#0:OK-t0. Peer's state: 54284929-3371-4a1e-b544-6f7fda27a691@group-53464B176A33:t0, leader=null, voted=, raftlog=Memoized:54284929-3371-4a1e-b544-6f7fda27a691@group-53464B176A33-SegmentedRaftLog:OPENED:c-1, conf=-1: peers:[4423aca3-b60e-4ab8-b093-c0faf93dfaca|rpc:10.1.0.38:15109|admin:10.1.0.38:15108|client:10.1.0.38:15107|dataStream:10.1.0.38:15110|priority:0|startupRole:FOLLOWER, c8934a7e-3164-45c1-bd4f-8a83062f2a8f|rpc:10.1.0.38:15125|admin:10.1.0.38:15124|client:10.1.0.38:15123|dataStream:10.1.0.38:15126|priority:1|startupRole:FOLLOWER, 54284929-3371-4a1e-b544-6f7fda27a691|rpc:10.1.0.38:15117|admin:10.1.0.38:15116|client:10.1.0.38:15115|dataStream:10.1.0.38:15118|priority:0|startupRole:FOLLOWER]|listeners:[], old=null
2023-05-23 10:25:59,652 [54284929-3371-4a1e-b544-6f7fda27a691@group-D8D700E0C36A-LeaderElection27] INFO  impl.LeaderElection (LeaderElection.java:logAndReturn(90)) - 54284929-3371-4a1e-b544-6f7fda27a691@group-D8D700E0C36A-LeaderElection27: PRE_VOTE PASSED received 1 response(s) and 0 exception(s):
2023-05-23 10:25:59,652 [54284929-3371-4a1e-b544-6f7fda27a691@group-D8D700E0C36A-LeaderElection27] INFO  impl.LeaderElection (LeaderElection.java:logAndReturn(94)) -   Response 0: 54284929-3371-4a1e-b544-6f7fda27a691<-4423aca3-b60e-4ab8-b093-c0faf93dfaca#0:OK-t0
2023-05-23 10:25:59,652 [54284929-3371-4a1e-b544-6f7fda27a691@group-D8D700E0C36A-LeaderElection27] INFO  impl.LeaderElection (LeaderElection.java:askForVotes(323)) - 54284929-3371-4a1e-b544-6f7fda27a691@group-D8D700E0C36A-LeaderElection27 PRE_VOTE round 0: result PASSED
2023-05-23 10:25:59,654 [54284929-3371-4a1e-b544-6f7fda27a691@group-D8D700E0C36A-LeaderElection27] INFO  impl.LeaderElection (LeaderElection.java:askForVotes(321)) - 54284929-3371-4a1e-b544-6f7fda27a691@group-D8D700E0C36A-LeaderElection27 ELECTION round 0: submit vote requests at term 1 for -1: peers:[4423aca3-b60e-4ab8-b093-c0faf93dfaca|rpc:10.1.0.38:15109|admin:10.1.0.38:15108|client:10.1.0.38:15107|dataStream:10.1.0.38:15110|priority:0|startupRole:FOLLOWER, c8934a7e-3164-45c1-bd4f-8a83062f2a8f|rpc:10.1.0.38:15125|admin:10.1.0.38:15124|client:10.1.0.38:15123|dataStream:10.1.0.38:15126|priority:0|startupRole:FOLLOWER, 54284929-3371-4a1e-b544-6f7fda27a691|rpc:10.1.0.38:15117|admin:10.1.0.38:15116|client:10.1.0.38:15115|dataStream:10.1.0.38:15118|priority:1|startupRole:FOLLOWER]|listeners:[], old=null
2023-05-23 10:25:59,655 [c8934a7e-3164-45c1-bd4f-8a83062f2a8f@group-53464B176A33-FollowerState] INFO  impl.FollowerState (FollowerState.java:run(143)) - c8934a7e-3164-45c1-bd4f-8a83062f2a8f@group-53464B176A33-FollowerState: change to CANDIDATE, lastRpcElapsedTime:5101746687ns, electionTimeout:5098ms
2023-05-23 10:25:59,656 [c8934a7e-3164-45c1-bd4f-8a83062f2a8f@group-53464B176A33-FollowerState] INFO  impl.RoleInfo (RoleInfo.java:shutdownFollowerState(110)) - c8934a7e-3164-45c1-bd4f-8a83062f2a8f: shutdown c8934a7e-3164-45c1-bd4f-8a83062f2a8f@group-53464B176A33-FollowerState
2023-05-23 10:25:59,656 [54284929-3371-4a1e-b544-6f7fda27a691@group-D8D700E0C36A-LeaderElection27] INFO  server.RaftServerConfigKeys (ConfUtils.java:logFallback(53)) - raft.server.rpc.first-election.timeout.min = 5s (fallback to raft.server.rpc.timeout.min)
2023-05-23 10:25:59,656 [54284929-3371-4a1e-b544-6f7fda27a691@group-D8D700E0C36A-LeaderElection27] INFO  server.RaftServerConfigKeys (ConfUtils.java:logFallback(53)) - raft.server.rpc.first-election.timeout.max = 5200ms (fallback to raft.server.rpc.timeout.max)
2023-05-23 10:25:59,656 [c8934a7e-3164-45c1-bd4f-8a83062f2a8f@group-53464B176A33-FollowerState] INFO  server.RaftServer$Division (RaftServerImpl.java:setRole(329)) - c8934a7e-3164-45c1-bd4f-8a83062f2a8f@group-53464B176A33: changes role from  FOLLOWER to CANDIDATE at term 0 for changeToCandidate
2023-05-23 10:25:59,656 [c8934a7e-3164-45c1-bd4f-8a83062f2a8f@group-53464B176A33-FollowerState] INFO  server.RaftServerConfigKeys (ConfUtils.java:logGet(46)) - raft.server.leaderelection.pre-vote = true (default)
2023-05-23 10:25:59,656 [c8934a7e-3164-45c1-bd4f-8a83062f2a8f@group-53464B176A33-FollowerState] INFO  impl.RoleInfo (RoleInfo.java:updateAndGet(139)) - c8934a7e-3164-45c1-bd4f-8a83062f2a8f: start c8934a7e-3164-45c1-bd4f-8a83062f2a8f@group-53464B176A33-LeaderElection28
2023-05-23 10:25:59,661 [grpc-default-executor-1] INFO  server.RaftServer$Division (RaftServerImpl.java:requestVote(1302)) - 4423aca3-b60e-4ab8-b093-c0faf93dfaca@group-D8D700E0C36A: receive requestVote(ELECTION, 54284929-3371-4a1e-b544-6f7fda27a691, group-D8D700E0C36A, 1, (t:0, i:0))
2023-05-23 10:25:59,661 [grpc-default-executor-1] INFO  impl.VoteContext (VoteContext.java:log(49)) - 4423aca3-b60e-4ab8-b093-c0faf93dfaca@group-D8D700E0C36A-FOLLOWER: accept ELECTION from 54284929-3371-4a1e-b544-6f7fda27a691: our priority 0 <= candidate's priority 1
2023-05-23 10:25:59,661 [grpc-default-executor-1] INFO  server.RaftServer$Division (RaftServerImpl.java:setRole(329)) - 4423aca3-b60e-4ab8-b093-c0faf93dfaca@group-D8D700E0C36A: changes role from  FOLLOWER to FOLLOWER at term 1 for candidate:54284929-3371-4a1e-b544-6f7fda27a691
2023-05-23 10:25:59,661 [grpc-default-executor-1] INFO  impl.RoleInfo (RoleInfo.java:shutdownFollowerState(110)) - 4423aca3-b60e-4ab8-b093-c0faf93dfaca: shutdown 4423aca3-b60e-4ab8-b093-c0faf93dfaca@group-D8D700E0C36A-FollowerState
2023-05-23 10:25:59,662 [4423aca3-b60e-4ab8-b093-c0faf93dfaca@group-D8D700E0C36A-FollowerState] INFO  impl.FollowerState (FollowerState.java:run(152)) - 4423aca3-b60e-4ab8-b093-c0faf93dfaca@group-D8D700E0C36A-FollowerState was interrupted
2023-05-23 10:25:59,662 [c8934a7e-3164-45c1-bd4f-8a83062f2a8f@group-53464B176A33-LeaderElection28] INFO  impl.LeaderElection (LeaderElection.java:askForVotes(321)) - c8934a7e-3164-45c1-bd4f-8a83062f2a8f@group-53464B176A33-LeaderElection28 PRE_VOTE round 0: submit vote requests at term 0 for -1: peers:[4423aca3-b60e-4ab8-b093-c0faf93dfaca|rpc:10.1.0.38:15109|admin:10.1.0.38:15108|client:10.1.0.38:15107|dataStream:10.1.0.38:15110|priority:0|startupRole:FOLLOWER, c8934a7e-3164-45c1-bd4f-8a83062f2a8f|rpc:10.1.0.38:15125|admin:10.1.0.38:15124|client:10.1.0.38:15123|dataStream:10.1.0.38:15126|priority:1|startupRole:FOLLOWER, 54284929-3371-4a1e-b544-6f7fda27a691|rpc:10.1.0.38:15117|admin:10.1.0.38:15116|client:10.1.0.38:15115|dataStream:10.1.0.38:15118|priority:0|startupRole:FOLLOWER]|listeners:[], old=null
2023-05-23 10:25:59,662 [grpc-default-executor-1] INFO  impl.RoleInfo (RoleInfo.java:updateAndGet(139)) - 4423aca3-b60e-4ab8-b093-c0faf93dfaca: start 4423aca3-b60e-4ab8-b093-c0faf93dfaca@group-D8D700E0C36A-FollowerState
2023-05-23 10:25:59,665 [c8934a7e-3164-45c1-bd4f-8a83062f2a8f@group-53464B176A33-LeaderElection28] INFO  server.RaftServerConfigKeys (ConfUtils.java:logFallback(53)) - raft.server.rpc.first-election.timeout.min = 5s (fallback to raft.server.rpc.timeout.min)
2023-05-23 10:25:59,665 [c8934a7e-3164-45c1-bd4f-8a83062f2a8f@group-53464B176A33-LeaderElection28] INFO  server.RaftServerConfigKeys (ConfUtils.java:logFallback(53)) - raft.server.rpc.first-election.timeout.max = 5200ms (fallback to raft.server.rpc.timeout.max)
2023-05-23 10:25:59,668 [grpc-default-executor-0] INFO  server.RaftServer$Division (RaftServerImpl.java:requestVote(1302)) - c8934a7e-3164-45c1-bd4f-8a83062f2a8f@group-D8D700E0C36A: receive requestVote(PRE_VOTE, 54284929-3371-4a1e-b544-6f7fda27a691, group-D8D700E0C36A, 0, (t:0, i:0))
2023-05-23 10:25:59,668 [grpc-default-executor-0] INFO  impl.VoteContext (VoteContext.java:log(49)) - c8934a7e-3164-45c1-bd4f-8a83062f2a8f@group-D8D700E0C36A-FOLLOWER: accept PRE_VOTE from 54284929-3371-4a1e-b544-6f7fda27a691: our priority 0 <= candidate's priority 1
2023-05-23 10:25:59,668 [grpc-default-executor-0] INFO  server.RaftServer$Division (RaftServerImpl.java:requestVote(1335)) - c8934a7e-3164-45c1-bd4f-8a83062f2a8f@group-D8D700E0C36A replies to PRE_VOTE vote request: 54284929-3371-4a1e-b544-6f7fda27a691<-c8934a7e-3164-45c1-bd4f-8a83062f2a8f#0:OK-t0. Peer's state: c8934a7e-3164-45c1-bd4f-8a83062f2a8f@group-D8D700E0C36A:t0, leader=null, voted=, raftlog=Memoized:c8934a7e-3164-45c1-bd4f-8a83062f2a8f@group-D8D700E0C36A-SegmentedRaftLog:OPENED:c-1, conf=-1: peers:[4423aca3-b60e-4ab8-b093-c0faf93dfaca|rpc:10.1.0.38:15109|admin:10.1.0.38:15108|client:10.1.0.38:15107|dataStream:10.1.0.38:15110|priority:0|startupRole:FOLLOWER, c8934a7e-3164-45c1-bd4f-8a83062f2a8f|rpc:10.1.0.38:15125|admin:10.1.0.38:15124|client:10.1.0.38:15123|dataStream:10.1.0.38:15126|priority:0|startupRole:FOLLOWER, 54284929-3371-4a1e-b544-6f7fda27a691|rpc:10.1.0.38:15117|admin:10.1.0.38:15116|client:10.1.0.38:15115|dataStream:10.1.0.38:15118|priority:1|startupRole:FOLLOWER]|listeners:[], old=null
2023-05-23 10:25:59,668 [grpc-default-executor-1] INFO  server.RaftServer$Division (RaftServerImpl.java:requestVote(1335)) - 4423aca3-b60e-4ab8-b093-c0faf93dfaca@group-D8D700E0C36A replies to ELECTION vote request: 54284929-3371-4a1e-b544-6f7fda27a691<-4423aca3-b60e-4ab8-b093-c0faf93dfaca#0:OK-t1. Peer's state: 4423aca3-b60e-4ab8-b093-c0faf93dfaca@group-D8D700E0C36A:t1, leader=null, voted=54284929-3371-4a1e-b544-6f7fda27a691, raftlog=Memoized:4423aca3-b60e-4ab8-b093-c0faf93dfaca@group-D8D700E0C36A-SegmentedRaftLog:OPENED:c-1, conf=-1: peers:[4423aca3-b60e-4ab8-b093-c0faf93dfaca|rpc:10.1.0.38:15109|admin:10.1.0.38:15108|client:10.1.0.38:15107|dataStream:10.1.0.38:15110|priority:0|startupRole:FOLLOWER, c8934a7e-3164-45c1-bd4f-8a83062f2a8f|rpc:10.1.0.38:15125|admin:10.1.0.38:15124|client:10.1.0.38:15123|dataStream:10.1.0.38:15126|priority:0|startupRole:FOLLOWER, 54284929-3371-4a1e-b544-6f7fda27a691|rpc:10.1.0.38:15117|admin:10.1.0.38:15116|client:10.1.0.38:15115|dataStream:10.1.0.38:15118|priority:1|startupRole:FOLLOWER]|listeners:[], old=null
2023-05-23 10:25:59,673 [grpc-default-executor-2] INFO  server.RaftServer$Division (RaftServerImpl.java:requestVote(1302)) - 4423aca3-b60e-4ab8-b093-c0faf93dfaca@group-53464B176A33: receive requestVote(PRE_VOTE, c8934a7e-3164-45c1-bd4f-8a83062f2a8f, group-53464B176A33, 0, (t:0, i:0))
2023-05-23 10:25:59,673 [grpc-default-executor-2] INFO  impl.VoteContext (VoteContext.java:log(49)) - 4423aca3-b60e-4ab8-b093-c0faf93dfaca@group-53464B176A33-FOLLOWER: accept PRE_VOTE from c8934a7e-3164-45c1-bd4f-8a83062f2a8f: our priority 0 <= candidate's priority 1
2023-05-23 10:25:59,673 [grpc-default-executor-2] INFO  server.RaftServer$Division (RaftServerImpl.java:requestVote(1335)) - 4423aca3-b60e-4ab8-b093-c0faf93dfaca@group-53464B176A33 replies to PRE_VOTE vote request: c8934a7e-3164-45c1-bd4f-8a83062f2a8f<-4423aca3-b60e-4ab8-b093-c0faf93dfaca#0:OK-t0. Peer's state: 4423aca3-b60e-4ab8-b093-c0faf93dfaca@group-53464B176A33:t0, leader=null, voted=, raftlog=Memoized:4423aca3-b60e-4ab8-b093-c0faf93dfaca@group-53464B176A33-SegmentedRaftLog:OPENED:c-1, conf=-1: peers:[4423aca3-b60e-4ab8-b093-c0faf93dfaca|rpc:10.1.0.38:15109|admin:10.1.0.38:15108|client:10.1.0.38:15107|dataStream:10.1.0.38:15110|priority:0|startupRole:FOLLOWER, c8934a7e-3164-45c1-bd4f-8a83062f2a8f|rpc:10.1.0.38:15125|admin:10.1.0.38:15124|client:10.1.0.38:15123|dataStream:10.1.0.38:15126|priority:1|startupRole:FOLLOWER, 54284929-3371-4a1e-b544-6f7fda27a691|rpc:10.1.0.38:15117|admin:10.1.0.38:15116|client:10.1.0.38:15115|dataStream:10.1.0.38:15118|priority:0|startupRole:FOLLOWER]|listeners:[], old=null
2023-05-23 10:25:59,674 [54284929-3371-4a1e-b544-6f7fda27a691@group-D8D700E0C36A-LeaderElection27] INFO  impl.LeaderElection (LeaderElection.java:logAndReturn(90)) - 54284929-3371-4a1e-b544-6f7fda27a691@group-D8D700E0C36A-LeaderElection27: ELECTION PASSED received 1 response(s) and 0 exception(s):
2023-05-23 10:25:59,674 [grpc-default-executor-3] INFO  server.RaftServer$Division (RaftServerImpl.java:requestVote(1302)) - c8934a7e-3164-45c1-bd4f-8a83062f2a8f@group-D8D700E0C36A: receive requestVote(ELECTION, 54284929-3371-4a1e-b544-6f7fda27a691, group-D8D700E0C36A, 1, (t:0, i:0))
2023-05-23 10:25:59,674 [grpc-default-executor-3] INFO  impl.VoteContext (VoteContext.java:log(49)) - c8934a7e-3164-45c1-bd4f-8a83062f2a8f@group-D8D700E0C36A-FOLLOWER: accept ELECTION from 54284929-3371-4a1e-b544-6f7fda27a691: our priority 0 <= candidate's priority 1
2023-05-23 10:25:59,674 [grpc-default-executor-3] INFO  server.RaftServer$Division (RaftServerImpl.java:setRole(329)) - c8934a7e-3164-45c1-bd4f-8a83062f2a8f@group-D8D700E0C36A: changes role from  FOLLOWER to FOLLOWER at term 1 for candidate:54284929-3371-4a1e-b544-6f7fda27a691
2023-05-23 10:25:59,674 [grpc-default-executor-3] INFO  impl.RoleInfo (RoleInfo.java:shutdownFollowerState(110)) - c8934a7e-3164-45c1-bd4f-8a83062f2a8f: shutdown c8934a7e-3164-45c1-bd4f-8a83062f2a8f@group-D8D700E0C36A-FollowerState
2023-05-23 10:25:59,674 [c8934a7e-3164-45c1-bd4f-8a83062f2a8f@group-D8D700E0C36A-FollowerState] INFO  impl.FollowerState (FollowerState.java:run(152)) - c8934a7e-3164-45c1-bd4f-8a83062f2a8f@group-D8D700E0C36A-FollowerState was interrupted
2023-05-23 10:25:59,674 [grpc-default-executor-3] INFO  impl.RoleInfo (RoleInfo.java:updateAndGet(139)) - c8934a7e-3164-45c1-bd4f-8a83062f2a8f: start c8934a7e-3164-45c1-bd4f-8a83062f2a8f@group-D8D700E0C36A-FollowerState
2023-05-23 10:25:59,674 [54284929-3371-4a1e-b544-6f7fda27a691@group-D8D700E0C36A-LeaderElection27] INFO  impl.LeaderElection (LeaderElection.java:logAndReturn(94)) -   Response 0: 54284929-3371-4a1e-b544-6f7fda27a691<-4423aca3-b60e-4ab8-b093-c0faf93dfaca#0:OK-t1
2023-05-23 10:25:59,676 [54284929-3371-4a1e-b544-6f7fda27a691@group-D8D700E0C36A-LeaderElection27] INFO  impl.LeaderElection (LeaderElection.java:askForVotes(323)) - 54284929-3371-4a1e-b544-6f7fda27a691@group-D8D700E0C36A-LeaderElection27 ELECTION round 0: result PASSED
2023-05-23 10:25:59,676 [54284929-3371-4a1e-b544-6f7fda27a691@group-D8D700E0C36A-LeaderElection27] INFO  impl.RoleInfo (RoleInfo.java:shutdownLeaderElection(130)) - 54284929-3371-4a1e-b544-6f7fda27a691: shutdown 54284929-3371-4a1e-b544-6f7fda27a691@group-D8D700E0C36A-LeaderElection27
2023-05-23 10:25:59,676 [54284929-3371-4a1e-b544-6f7fda27a691@group-D8D700E0C36A-LeaderElection27] INFO  server.RaftServer$Division (RaftServerImpl.java:setRole(329)) - 54284929-3371-4a1e-b544-6f7fda27a691@group-D8D700E0C36A: changes role from CANDIDATE to LEADER at term 1 for changeToLeader
2023-05-23 10:25:59,676 [54284929-3371-4a1e-b544-6f7fda27a691@group-D8D700E0C36A-LeaderElection27] INFO  ratis.XceiverServerRatis (XceiverServerRatis.java:handleLeaderChangedNotification(904)) - Leader change notification received for group: group-D8D700E0C36A with new leaderId: 54284929-3371-4a1e-b544-6f7fda27a691
2023-05-23 10:25:59,676 [54284929-3371-4a1e-b544-6f7fda27a691@group-D8D700E0C36A-LeaderElection27] INFO  server.RaftServer$Division (ServerState.java:setLeader(317)) - 54284929-3371-4a1e-b544-6f7fda27a691@group-D8D700E0C36A: change Leader from null to 54284929-3371-4a1e-b544-6f7fda27a691 at term 1 for becomeLeader, leader elected after 5201ms
2023-05-23 10:25:59,676 [54284929-3371-4a1e-b544-6f7fda27a691@group-D8D700E0C36A-LeaderElection27] INFO  server.RaftServerConfigKeys (ConfUtils.java:logGet(46)) - raft.server.staging.catchup.gap = 1000 (default)
2023-05-23 10:25:59,676 [54284929-3371-4a1e-b544-6f7fda27a691@group-D8D700E0C36A-LeaderElection27] INFO  server.RaftServerConfigKeys (ConfUtils.java:logGet(46)) - raft.server.write.element-limit = 1024 (custom)
2023-05-23 10:25:59,676 [54284929-3371-4a1e-b544-6f7fda27a691@group-D8D700E0C36A-LeaderElection27] INFO  server.RaftServerConfigKeys (ConfUtils.java:logGet(46)) - raft.server.write.byte-limit = 1024 M (=1073741824) (custom)
2023-05-23 10:25:59,677 [grpc-default-executor-3] INFO  server.RaftServer$Division (RaftServerImpl.java:requestVote(1335)) - c8934a7e-3164-45c1-bd4f-8a83062f2a8f@group-D8D700E0C36A replies to ELECTION vote request: 54284929-3371-4a1e-b544-6f7fda27a691<-c8934a7e-3164-45c1-bd4f-8a83062f2a8f#0:OK-t1. Peer's state: c8934a7e-3164-45c1-bd4f-8a83062f2a8f@group-D8D700E0C36A:t1, leader=null, voted=54284929-3371-4a1e-b544-6f7fda27a691, raftlog=Memoized:c8934a7e-3164-45c1-bd4f-8a83062f2a8f@group-D8D700E0C36A-SegmentedRaftLog:OPENED:c-1, conf=-1: peers:[4423aca3-b60e-4ab8-b093-c0faf93dfaca|rpc:10.1.0.38:15109|admin:10.1.0.38:15108|client:10.1.0.38:15107|dataStream:10.1.0.38:15110|priority:0|startupRole:FOLLOWER, c8934a7e-3164-45c1-bd4f-8a83062f2a8f|rpc:10.1.0.38:15125|admin:10.1.0.38:15124|client:10.1.0.38:15123|dataStream:10.1.0.38:15126|priority:0|startupRole:FOLLOWER, 54284929-3371-4a1e-b544-6f7fda27a691|rpc:10.1.0.38:15117|admin:10.1.0.38:15116|client:10.1.0.38:15115|dataStream:10.1.0.38:15118|priority:1|startupRole:FOLLOWER]|listeners:[], old=null
2023-05-23 10:25:59,677 [54284929-3371-4a1e-b544-6f7fda27a691@group-D8D700E0C36A-LeaderElection27] INFO  server.RaftServerConfigKeys (ConfUtils.java:logGet(46)) - raft.server.watch.timeout = 180s (custom)
2023-05-23 10:25:59,677 [54284929-3371-4a1e-b544-6f7fda27a691@group-D8D700E0C36A-LeaderElection27] INFO  server.RaftServerConfigKeys (ConfUtils.java:logGet(46)) - raft.server.watch.timeout.denomination = 1s (default)
2023-05-23 10:25:59,677 [54284929-3371-4a1e-b544-6f7fda27a691@group-D8D700E0C36A-LeaderElection27] INFO  server.RaftServerConfigKeys (ConfUtils.java:logGet(46)) - raft.server.watch.element-limit = 65536 (default)
2023-05-23 10:25:59,677 [54284929-3371-4a1e-b544-6f7fda27a691@group-D8D700E0C36A-LeaderElection27] INFO  server.RaftServerConfigKeys (ConfUtils.java:logGet(46)) - raft.server.write.element-limit = 1024 (custom)
2023-05-23 10:25:59,677 [54284929-3371-4a1e-b544-6f7fda27a691@group-D8D700E0C36A-LeaderElection27] INFO  server.RaftServerConfigKeys (ConfUtils.java:logGet(46)) - raft.server.write.follower.gap.ratio.max = -1.0 (default)
2023-05-23 10:25:59,677 [54284929-3371-4a1e-b544-6f7fda27a691@group-D8D700E0C36A-LeaderElection27] INFO  server.RaftServerConfigKeys (ConfUtils.java:logGet(46)) - raft.server.log.appender.snapshot.chunk.size.max = 16MB (=16777216) (default)
2023-05-23 10:25:59,677 [54284929-3371-4a1e-b544-6f7fda27a691@group-D8D700E0C36A-LeaderElection27] INFO  server.RaftServerConfigKeys (ConfUtils.java:logGet(46)) - raft.server.log.appender.buffer.byte-limit = 33554432 (custom)
2023-05-23 10:25:59,677 [54284929-3371-4a1e-b544-6f7fda27a691@group-D8D700E0C36A-LeaderElection27] INFO  server.RaftServerConfigKeys (ConfUtils.java:logGet(46)) - raft.server.log.appender.buffer.element-limit = 1 (custom)
2023-05-23 10:25:59,678 [54284929-3371-4a1e-b544-6f7fda27a691@group-D8D700E0C36A-LeaderElection27] INFO  server.RaftServerConfigKeys (ConfUtils.java:logGet(46)) - raft.server.log.appender.wait-time.min = 10ms (default)
2023-05-23 10:25:59,678 [54284929-3371-4a1e-b544-6f7fda27a691@group-D8D700E0C36A-LeaderElection27] INFO  grpc.GrpcConfigKeys (ConfUtils.java:logGet(46)) - raft.grpc.server.leader.outstanding.appends.max = 128 (default)
2023-05-23 10:25:59,678 [54284929-3371-4a1e-b544-6f7fda27a691@group-D8D700E0C36A-LeaderElection27] INFO  server.RaftServerConfigKeys (ConfUtils.java:logGet(46)) - raft.server.rpc.request.timeout = 60s (custom)
2023-05-23 10:25:59,678 [54284929-3371-4a1e-b544-6f7fda27a691@group-D8D700E0C36A-LeaderElection27] INFO  grpc.GrpcConfigKeys (ConfUtils.java:logGet(46)) - raft.grpc.server.install_snapshot.request.element-limit = 8 (default)
2023-05-23 10:25:59,678 [54284929-3371-4a1e-b544-6f7fda27a691@group-D8D700E0C36A-LeaderElection27] INFO  grpc.GrpcConfigKeys (ConfUtils.java:logGet(46)) - raft.grpc.server.install_snapshot.request.timeout = 3000ms (default)
2023-05-23 10:25:59,678 [54284929-3371-4a1e-b544-6f7fda27a691@group-D8D700E0C36A-LeaderElection27] INFO  server.RaftServerConfigKeys (ConfUtils.java:logGet(46)) - raft.server.log.appender.install.snapshot.enabled = false (custom)
2023-05-23 10:25:59,678 [54284929-3371-4a1e-b544-6f7fda27a691@group-D8D700E0C36A-LeaderElection27] INFO  grpc.GrpcConfigKeys (ConfUtils.java:logGet(46)) - raft.grpc.server.heartbeat.channel = true (default)
2023-05-23 10:25:59,678 [54284929-3371-4a1e-b544-6f7fda27a691@group-D8D700E0C36A-LeaderElection27] INFO  server.RaftServerConfigKeys (ConfUtils.java:logGet(46)) - raft.server.log.appender.snapshot.chunk.size.max = 16MB (=16777216) (default)
2023-05-23 10:25:59,678 [54284929-3371-4a1e-b544-6f7fda27a691@group-D8D700E0C36A-LeaderElection27] INFO  server.RaftServerConfigKeys (ConfUtils.java:logGet(46)) - raft.server.log.appender.buffer.byte-limit = 33554432 (custom)
2023-05-23 10:25:59,678 [54284929-3371-4a1e-b544-6f7fda27a691@group-D8D700E0C36A-LeaderElection27] INFO  server.RaftServerConfigKeys (ConfUtils.java:logGet(46)) - raft.server.log.appender.buffer.element-limit = 1 (custom)
2023-05-23 10:25:59,679 [54284929-3371-4a1e-b544-6f7fda27a691@group-D8D700E0C36A-LeaderElection27] INFO  server.RaftServerConfigKeys (ConfUtils.java:logGet(46)) - raft.server.log.appender.wait-time.min = 10ms (default)
2023-05-23 10:25:59,679 [54284929-3371-4a1e-b544-6f7fda27a691@group-D8D700E0C36A-LeaderElection27] INFO  grpc.GrpcConfigKeys (ConfUtils.java:logGet(46)) - raft.grpc.server.leader.outstanding.appends.max = 128 (default)
2023-05-23 10:25:59,679 [54284929-3371-4a1e-b544-6f7fda27a691@group-D8D700E0C36A-LeaderElection27] INFO  server.RaftServerConfigKeys (ConfUtils.java:logGet(46)) - raft.server.rpc.request.timeout = 60s (custom)
2023-05-23 10:25:59,679 [54284929-3371-4a1e-b544-6f7fda27a691@group-D8D700E0C36A-LeaderElection27] INFO  grpc.GrpcConfigKeys (ConfUtils.java:logGet(46)) - raft.grpc.server.install_snapshot.request.element-limit = 8 (default)
2023-05-23 10:25:59,679 [54284929-3371-4a1e-b544-6f7fda27a691@group-D8D700E0C36A-LeaderElection27] INFO  grpc.GrpcConfigKeys (ConfUtils.java:logGet(46)) - raft.grpc.server.install_snapshot.request.timeout = 3000ms (default)
2023-05-23 10:25:59,679 [54284929-3371-4a1e-b544-6f7fda27a691@group-D8D700E0C36A-LeaderElection27] INFO  server.RaftServerConfigKeys (ConfUtils.java:logGet(46)) - raft.server.log.appender.install.snapshot.enabled = false (custom)
2023-05-23 10:25:59,679 [54284929-3371-4a1e-b544-6f7fda27a691@group-D8D700E0C36A-LeaderElection27] INFO  grpc.GrpcConfigKeys (ConfUtils.java:logGet(46)) - raft.grpc.server.heartbeat.channel = true (default)
2023-05-23 10:25:59,679 [54284929-3371-4a1e-b544-6f7fda27a691@group-D8D700E0C36A-LeaderElection27] INFO  impl.RoleInfo (RoleInfo.java:updateAndGet(139)) - 54284929-3371-4a1e-b544-6f7fda27a691: start 54284929-3371-4a1e-b544-6f7fda27a691@group-D8D700E0C36A-LeaderStateImpl
2023-05-23 10:25:59,679 [54284929-3371-4a1e-b544-6f7fda27a691@group-D8D700E0C36A-LeaderElection27] INFO  segmented.SegmentedRaftLogWorker (SegmentedRaftLogWorker.java:startLogSegment(447)) - 54284929-3371-4a1e-b544-6f7fda27a691@group-D8D700E0C36A-SegmentedRaftLogWorker: Starting segment from index:0
2023-05-23 10:25:59,680 [EventQueue-PipelineReportForPipelineReportHandler] INFO  pipeline.PipelineManagerImpl (PipelineManagerImpl.java:openPipeline(367)) - Pipeline Pipeline[ Id: 362d79f6-c8d2-406a-8969-d8d700e0c36a, Nodes: 4423aca3-b60e-4ab8-b093-c0faf93dfaca(fv-az1249-304/10.1.0.38)c8934a7e-3164-45c1-bd4f-8a83062f2a8f(fv-az1249-304/10.1.0.38)54284929-3371-4a1e-b544-6f7fda27a691(fv-az1249-304/10.1.0.38), ReplicationConfig: RATIS/THREE, State:ALLOCATED, leaderId:54284929-3371-4a1e-b544-6f7fda27a691, CreationTimestamp2023-05-23T10:25:51.902Z[Etc/UTC]] moved to OPEN state
2023-05-23 10:25:59,680 [EventQueue-OpenPipelineForHealthyPipelineSafeModeRule] INFO  safemode.SCMSafeModeManager (HealthyPipelineSafeModeRule.java:process(137)) - SCM in safe mode. Healthy pipelines reported count is 1, required healthy pipeline reported count is 1
2023-05-23 10:25:59,680 [EventQueue-OpenPipelineForHealthyPipelineSafeModeRule] INFO  safemode.SCMSafeModeManager (SCMSafeModeManager.java:validateSafeModeExitRules(200)) - HealthyPipelineSafeModeRule rule is successfully validated
2023-05-23 10:25:59,680 [EventQueue-OpenPipelineForHealthyPipelineSafeModeRule] INFO  safemode.SCMSafeModeManager (SCMSafeModeManager.java:validateSafeModeExitRules(215)) - ScmSafeModeManager, all rules are successfully validated
2023-05-23 10:25:59,681 [EventQueue-OpenPipelineForHealthyPipelineSafeModeRule] INFO  safemode.SCMSafeModeManager (SCMSafeModeManager.java:exitSafeMode(244)) - SCM exiting safe mode.
2023-05-23 10:25:59,681 [EventQueue-OpenPipelineForHealthyPipelineSafeModeRule] INFO  ha.SCMContext (SCMContext.java:updateSafeModeStatus(228)) - Update SafeModeStatus from SafeModeStatus{safeModeStatus=true, preCheckPassed=true} to SafeModeStatus{safeModeStatus=false, preCheckPassed=true}.
2023-05-23 10:25:59,681 [EventQueue-OpenPipelineForHealthyPipelineSafeModeRule] INFO  pipeline.BackgroundPipelineCreator (BackgroundPipelineCreator.java:notifyStatusChanged(254)) - Service BackgroundPipelineCreator transitions to RUNNING.
2023-05-23 10:25:59,681 [EventQueue-OpenPipelineForHealthyPipelineSafeModeRule] INFO  BackgroundPipelineScrubber (BackgroundSCMService.java:notifyStatusChanged(82)) - Service BackgroundPipelineScrubber transitions to RUNNING.
2023-05-23 10:25:59,681 [EventQueue-OpenPipelineForHealthyPipelineSafeModeRule] INFO  ExpiredContainerReplicaOpScrubber (BackgroundSCMService.java:notifyStatusChanged(82)) - Service ExpiredContainerReplicaOpScrubber transitions to RUNNING.
2023-05-23 10:25:59,681 [EventQueue-OpenPipelineForHealthyPipelineSafeModeRule] INFO  replication.ReplicationManager (ReplicationManager.java:notifyStatusChanged(1377)) - Service ReplicationManager transitions to RUNNING.
2023-05-23 10:25:59,681 [EventQueue-OpenPipelineForHealthyPipelineSafeModeRule] WARN  balancer.ContainerBalancer (ContainerBalancer.java:shouldRun(132)) - Could not find persisted configuration for ContainerBalancer when checking if ContainerBalancer should run. ContainerBalancer should not run now.
2023-05-23 10:25:59,683 [54284929-3371-4a1e-b544-6f7fda27a691@group-D8D700E0C36A-SegmentedRaftLogWorker] INFO  segmented.SegmentedRaftLogWorker (SegmentedRaftLogWorker.java:execute(651)) - 54284929-3371-4a1e-b544-6f7fda27a691@group-D8D700E0C36A-SegmentedRaftLogWorker: created new log segment /home/runner/work/ozone/ozone/hadoop-ozone/integration-test/target/test-dir/MiniOzoneClusterImpl-bbf8790f-824b-49ae-85c2-11c1b792a20d/datanode-1/data/ratis/362d79f6-c8d2-406a-8969-d8d700e0c36a/current/log_inprogress_0
2023-05-23 10:25:59,691 [54284929-3371-4a1e-b544-6f7fda27a691@group-D8D700E0C36A-LeaderElection27] INFO  server.RaftServer$Division (ServerState.java:setRaftConf(434)) - 54284929-3371-4a1e-b544-6f7fda27a691@group-D8D700E0C36A: set configuration 0: peers:[4423aca3-b60e-4ab8-b093-c0faf93dfaca|rpc:10.1.0.38:15109|admin:10.1.0.38:15108|client:10.1.0.38:15107|dataStream:10.1.0.38:15110|priority:0|startupRole:FOLLOWER, c8934a7e-3164-45c1-bd4f-8a83062f2a8f|rpc:10.1.0.38:15125|admin:10.1.0.38:15124|client:10.1.0.38:15123|dataStream:10.1.0.38:15126|priority:0|startupRole:FOLLOWER, 54284929-3371-4a1e-b544-6f7fda27a691|rpc:10.1.0.38:15117|admin:10.1.0.38:15116|client:10.1.0.38:15115|dataStream:10.1.0.38:15118|priority:1|startupRole:FOLLOWER]|listeners:[], old=null
2023-05-23 10:25:59,692 [grpc-default-executor-4] INFO  server.RaftServer$Division (RaftServerImpl.java:requestVote(1302)) - 54284929-3371-4a1e-b544-6f7fda27a691@group-53464B176A33: receive requestVote(PRE_VOTE, c8934a7e-3164-45c1-bd4f-8a83062f2a8f, group-53464B176A33, 0, (t:0, i:0))
2023-05-23 10:25:59,700 [grpc-default-executor-4] INFO  impl.VoteContext (VoteContext.java:log(49)) - 54284929-3371-4a1e-b544-6f7fda27a691@group-53464B176A33-FOLLOWER: accept PRE_VOTE from c8934a7e-3164-45c1-bd4f-8a83062f2a8f: our priority 0 <= candidate's priority 1
2023-05-23 10:25:59,700 [grpc-default-executor-4] INFO  server.RaftServer$Division (RaftServerImpl.java:requestVote(1335)) - 54284929-3371-4a1e-b544-6f7fda27a691@group-53464B176A33 replies to PRE_VOTE vote request: c8934a7e-3164-45c1-bd4f-8a83062f2a8f<-54284929-3371-4a1e-b544-6f7fda27a691#0:OK-t0. Peer's state: 54284929-3371-4a1e-b544-6f7fda27a691@group-53464B176A33:t0, leader=null, voted=, raftlog=Memoized:54284929-3371-4a1e-b544-6f7fda27a691@group-53464B176A33-SegmentedRaftLog:OPENED:c-1, conf=-1: peers:[4423aca3-b60e-4ab8-b093-c0faf93dfaca|rpc:10.1.0.38:15109|admin:10.1.0.38:15108|client:10.1.0.38:15107|dataStream:10.1.0.38:15110|priority:0|startupRole:FOLLOWER, c8934a7e-3164-45c1-bd4f-8a83062f2a8f|rpc:10.1.0.38:15125|admin:10.1.0.38:15124|client:10.1.0.38:15123|dataStream:10.1.0.38:15126|priority:1|startupRole:FOLLOWER, 54284929-3371-4a1e-b544-6f7fda27a691|rpc:10.1.0.38:15117|admin:10.1.0.38:15116|client:10.1.0.38:15115|dataStream:10.1.0.38:15118|priority:0|startupRole:FOLLOWER]|listeners:[], old=null
2023-05-23 10:25:59,703 [c8934a7e-3164-45c1-bd4f-8a83062f2a8f@group-53464B176A33-LeaderElection28] INFO  impl.LeaderElection (LeaderElection.java:logAndReturn(90)) - c8934a7e-3164-45c1-bd4f-8a83062f2a8f@group-53464B176A33-LeaderElection28: PRE_VOTE PASSED received 1 response(s) and 0 exception(s):
2023-05-23 10:25:59,703 [c8934a7e-3164-45c1-bd4f-8a83062f2a8f@group-53464B176A33-LeaderElection28] INFO  impl.LeaderElection (LeaderElection.java:logAndReturn(94)) -   Response 0: c8934a7e-3164-45c1-bd4f-8a83062f2a8f<-4423aca3-b60e-4ab8-b093-c0faf93dfaca#0:OK-t0
2023-05-23 10:25:59,703 [c8934a7e-3164-45c1-bd4f-8a83062f2a8f@group-53464B176A33-LeaderElection28] INFO  impl.LeaderElection (LeaderElection.java:askForVotes(323)) - c8934a7e-3164-45c1-bd4f-8a83062f2a8f@group-53464B176A33-LeaderElection28 PRE_VOTE round 0: result PASSED
2023-05-23 10:25:59,705 [c8934a7e-3164-45c1-bd4f-8a83062f2a8f@group-53464B176A33-LeaderElection28] INFO  impl.LeaderElection (LeaderElection.java:askForVotes(321)) - c8934a7e-3164-45c1-bd4f-8a83062f2a8f@group-53464B176A33-LeaderElection28 ELECTION round 0: submit vote requests at term 1 for -1: peers:[4423aca3-b60e-4ab8-b093-c0faf93dfaca|rpc:10.1.0.38:15109|admin:10.1.0.38:15108|client:10.1.0.38:15107|dataStream:10.1.0.38:15110|priority:0|startupRole:FOLLOWER, c8934a7e-3164-45c1-bd4f-8a83062f2a8f|rpc:10.1.0.38:15125|admin:10.1.0.38:15124|client:10.1.0.38:15123|dataStream:10.1.0.38:15126|priority:1|startupRole:FOLLOWER, 54284929-3371-4a1e-b544-6f7fda27a691|rpc:10.1.0.38:15117|admin:10.1.0.38:15116|client:10.1.0.38:15115|dataStream:10.1.0.38:15118|priority:0|startupRole:FOLLOWER]|listeners:[], old=null
2023-05-23 10:25:59,711 [c8934a7e-3164-45c1-bd4f-8a83062f2a8f@group-53464B176A33-LeaderElection28] INFO  server.RaftServerConfigKeys (ConfUtils.java:logFallback(53)) - raft.server.rpc.first-election.timeout.min = 5s (fallback to raft.server.rpc.timeout.min)
2023-05-23 10:25:59,711 [c8934a7e-3164-45c1-bd4f-8a83062f2a8f@group-53464B176A33-LeaderElection28] INFO  server.RaftServerConfigKeys (ConfUtils.java:logFallback(53)) - raft.server.rpc.first-election.timeout.max = 5200ms (fallback to raft.server.rpc.timeout.max)
2023-05-23 10:25:59,711 [54284929-3371-4a1e-b544-6f7fda27a691@group-53464B176A33-FollowerState] INFO  server.RaftServerConfigKeys (ConfUtils.java:logFallback(53)) - raft.server.rpc.first-election.timeout.min = 5s (fallback to raft.server.rpc.timeout.min)
2023-05-23 10:25:59,711 [54284929-3371-4a1e-b544-6f7fda27a691@group-53464B176A33-FollowerState] INFO  server.RaftServerConfigKeys (ConfUtils.java:logFallback(53)) - raft.server.rpc.first-election.timeout.max = 5200ms (fallback to raft.server.rpc.timeout.max)
2023-05-23 10:25:59,712 [c8934a7e-3164-45c1-bd4f-8a83062f2a8f-server-thread2] INFO  ratis.XceiverServerRatis (XceiverServerRatis.java:handleLeaderChangedNotification(904)) - Leader change notification received for group: group-D8D700E0C36A with new leaderId: 54284929-3371-4a1e-b544-6f7fda27a691
2023-05-23 10:25:59,712 [c8934a7e-3164-45c1-bd4f-8a83062f2a8f-server-thread2] INFO  server.RaftServer$Division (ServerState.java:setLeader(317)) - c8934a7e-3164-45c1-bd4f-8a83062f2a8f@group-D8D700E0C36A: change Leader from null to 54284929-3371-4a1e-b544-6f7fda27a691 at term 1 for appendEntries, leader elected after 5277ms
2023-05-23 10:25:59,713 [4423aca3-b60e-4ab8-b093-c0faf93dfaca-server-thread2] INFO  ratis.XceiverServerRatis (XceiverServerRatis.java:handleLeaderChangedNotification(904)) - Leader change notification received for group: group-D8D700E0C36A with new leaderId: 54284929-3371-4a1e-b544-6f7fda27a691
2023-05-23 10:25:59,713 [4423aca3-b60e-4ab8-b093-c0faf93dfaca-server-thread2] INFO  server.RaftServer$Division (ServerState.java:setLeader(317)) - 4423aca3-b60e-4ab8-b093-c0faf93dfaca@group-D8D700E0C36A: change Leader from null to 54284929-3371-4a1e-b544-6f7fda27a691 at term 1 for appendEntries, leader elected after 5467ms
2023-05-23 10:25:59,718 [grpc-default-executor-0] INFO  server.RaftServer$Division (RaftServerImpl.java:requestVote(1302)) - 4423aca3-b60e-4ab8-b093-c0faf93dfaca@group-53464B176A33: receive requestVote(ELECTION, c8934a7e-3164-45c1-bd4f-8a83062f2a8f, group-53464B176A33, 1, (t:0, i:0))
2023-05-23 10:25:59,718 [grpc-default-executor-0] INFO  impl.VoteContext (VoteContext.java:log(49)) - 4423aca3-b60e-4ab8-b093-c0faf93dfaca@group-53464B176A33-FOLLOWER: accept ELECTION from c8934a7e-3164-45c1-bd4f-8a83062f2a8f: our priority 0 <= candidate's priority 1
2023-05-23 10:25:59,718 [grpc-default-executor-0] INFO  server.RaftServer$Division (RaftServerImpl.java:setRole(329)) - 4423aca3-b60e-4ab8-b093-c0faf93dfaca@group-53464B176A33: changes role from  FOLLOWER to FOLLOWER at term 1 for candidate:c8934a7e-3164-45c1-bd4f-8a83062f2a8f
2023-05-23 10:25:59,718 [grpc-default-executor-0] INFO  impl.RoleInfo (RoleInfo.java:shutdownFollowerState(110)) - 4423aca3-b60e-4ab8-b093-c0faf93dfaca: shutdown 4423aca3-b60e-4ab8-b093-c0faf93dfaca@group-53464B176A33-FollowerState
2023-05-23 10:25:59,718 [4423aca3-b60e-4ab8-b093-c0faf93dfaca-server-thread1] INFO  server.RaftServer$Division (ServerState.java:setRaftConf(434)) - 4423aca3-b60e-4ab8-b093-c0faf93dfaca@group-D8D700E0C36A: set configuration 0: peers:[4423aca3-b60e-4ab8-b093-c0faf93dfaca|rpc:10.1.0.38:15109|admin:10.1.0.38:15108|client:10.1.0.38:15107|dataStream:10.1.0.38:15110|priority:0|startupRole:FOLLOWER, c8934a7e-3164-45c1-bd4f-8a83062f2a8f|rpc:10.1.0.38:15125|admin:10.1.0.38:15124|client:10.1.0.38:15123|dataStream:10.1.0.38:15126|priority:0|startupRole:FOLLOWER, 54284929-3371-4a1e-b544-6f7fda27a691|rpc:10.1.0.38:15117|admin:10.1.0.38:15116|client:10.1.0.38:15115|dataStream:10.1.0.38:15118|priority:1|startupRole:FOLLOWER]|listeners:[], old=null
2023-05-23 10:25:59,718 [c8934a7e-3164-45c1-bd4f-8a83062f2a8f-server-thread2] INFO  server.RaftServer$Division (ServerState.java:setRaftConf(434)) - c8934a7e-3164-45c1-bd4f-8a83062f2a8f@group-D8D700E0C36A: set configuration 0: peers:[4423aca3-b60e-4ab8-b093-c0faf93dfaca|rpc:10.1.0.38:15109|admin:10.1.0.38:15108|client:10.1.0.38:15107|dataStream:10.1.0.38:15110|priority:0|startupRole:FOLLOWER, c8934a7e-3164-45c1-bd4f-8a83062f2a8f|rpc:10.1.0.38:15125|admin:10.1.0.38:15124|client:10.1.0.38:15123|dataStream:10.1.0.38:15126|priority:0|startupRole:FOLLOWER, 54284929-3371-4a1e-b544-6f7fda27a691|rpc:10.1.0.38:15117|admin:10.1.0.38:15116|client:10.1.0.38:15115|dataStream:10.1.0.38:15118|priority:1|startupRole:FOLLOWER]|listeners:[], old=null
2023-05-23 10:25:59,719 [4423aca3-b60e-4ab8-b093-c0faf93dfaca-server-thread1] INFO  segmented.SegmentedRaftLogWorker (SegmentedRaftLogWorker.java:startLogSegment(447)) - 4423aca3-b60e-4ab8-b093-c0faf93dfaca@group-D8D700E0C36A-SegmentedRaftLogWorker: Starting segment from index:0
2023-05-23 10:25:59,719 [c8934a7e-3164-45c1-bd4f-8a83062f2a8f-server-thread2] INFO  segmented.SegmentedRaftLogWorker (SegmentedRaftLogWorker.java:startLogSegment(447)) - c8934a7e-3164-45c1-bd4f-8a83062f2a8f@group-D8D700E0C36A-SegmentedRaftLogWorker: Starting segment from index:0
2023-05-23 10:25:59,725 [grpc-default-executor-5] INFO  server.RaftServer$Division (RaftServerImpl.java:requestVote(1302)) - 54284929-3371-4a1e-b544-6f7fda27a691@group-53464B176A33: receive requestVote(ELECTION, c8934a7e-3164-45c1-bd4f-8a83062f2a8f, group-53464B176A33, 1, (t:0, i:0))
2023-05-23 10:25:59,726 [4423aca3-b60e-4ab8-b093-c0faf93dfaca@group-53464B176A33-FollowerState] INFO  impl.FollowerState (FollowerState.java:run(152)) - 4423aca3-b60e-4ab8-b093-c0faf93dfaca@group-53464B176A33-FollowerState was interrupted
2023-05-23 10:25:59,726 [grpc-default-executor-0] INFO  impl.RoleInfo (RoleInfo.java:updateAndGet(139)) - 4423aca3-b60e-4ab8-b093-c0faf93dfaca: start 4423aca3-b60e-4ab8-b093-c0faf93dfaca@group-53464B176A33-FollowerState
2023-05-23 10:25:59,731 [c8934a7e-3164-45c1-bd4f-8a83062f2a8f@group-D8D700E0C36A-SegmentedRaftLogWorker] INFO  segmented.SegmentedRaftLogWorker (SegmentedRaftLogWorker.java:execute(651)) - c8934a7e-3164-45c1-bd4f-8a83062f2a8f@group-D8D700E0C36A-SegmentedRaftLogWorker: created new log segment /home/runner/work/ozone/ozone/hadoop-ozone/integration-test/target/test-dir/MiniOzoneClusterImpl-bbf8790f-824b-49ae-85c2-11c1b792a20d/datanode-2/data/ratis/362d79f6-c8d2-406a-8969-d8d700e0c36a/current/log_inprogress_0
2023-05-23 10:25:59,731 [grpc-default-executor-0] INFO  server.RaftServer$Division (RaftServerImpl.java:requestVote(1335)) - 4423aca3-b60e-4ab8-b093-c0faf93dfaca@group-53464B176A33 replies to ELECTION vote request: c8934a7e-3164-45c1-bd4f-8a83062f2a8f<-4423aca3-b60e-4ab8-b093-c0faf93dfaca#0:OK-t1. Peer's state: 4423aca3-b60e-4ab8-b093-c0faf93dfaca@group-53464B176A33:t1, leader=null, voted=c8934a7e-3164-45c1-bd4f-8a83062f2a8f, raftlog=Memoized:4423aca3-b60e-4ab8-b093-c0faf93dfaca@group-53464B176A33-SegmentedRaftLog:OPENED:c-1, conf=-1: peers:[4423aca3-b60e-4ab8-b093-c0faf93dfaca|rpc:10.1.0.38:15109|admin:10.1.0.38:15108|client:10.1.0.38:15107|dataStream:10.1.0.38:15110|priority:0|startupRole:FOLLOWER, c8934a7e-3164-45c1-bd4f-8a83062f2a8f|rpc:10.1.0.38:15125|admin:10.1.0.38:15124|client:10.1.0.38:15123|dataStream:10.1.0.38:15126|priority:1|startupRole:FOLLOWER, 54284929-3371-4a1e-b544-6f7fda27a691|rpc:10.1.0.38:15117|admin:10.1.0.38:15116|client:10.1.0.38:15115|dataStream:10.1.0.38:15118|priority:0|startupRole:FOLLOWER]|listeners:[], old=null
2023-05-23 10:25:59,732 [c8934a7e-3164-45c1-bd4f-8a83062f2a8f@group-53464B176A33-LeaderElection28] INFO  impl.LeaderElection (LeaderElection.java:logAndReturn(90)) - c8934a7e-3164-45c1-bd4f-8a83062f2a8f@group-53464B176A33-LeaderElection28: ELECTION PASSED received 1 response(s) and 0 exception(s):
2023-05-23 10:25:59,732 [c8934a7e-3164-45c1-bd4f-8a83062f2a8f@group-53464B176A33-LeaderElection28] INFO  impl.LeaderElection (LeaderElection.java:logAndReturn(94)) -   Response 0: c8934a7e-3164-45c1-bd4f-8a83062f2a8f<-4423aca3-b60e-4ab8-b093-c0faf93dfaca#0:OK-t1
2023-05-23 10:25:59,732 [c8934a7e-3164-45c1-bd4f-8a83062f2a8f@group-53464B176A33-LeaderElection28] INFO  impl.LeaderElection (LeaderElection.java:askForVotes(323)) - c8934a7e-3164-45c1-bd4f-8a83062f2a8f@group-53464B176A33-LeaderElection28 ELECTION round 0: result PASSED
2023-05-23 10:25:59,732 [c8934a7e-3164-45c1-bd4f-8a83062f2a8f@group-53464B176A33-LeaderElection28] INFO  impl.RoleInfo (RoleInfo.java:shutdownLeaderElection(130)) - c8934a7e-3164-45c1-bd4f-8a83062f2a8f: shutdown c8934a7e-3164-45c1-bd4f-8a83062f2a8f@group-53464B176A33-LeaderElection28
2023-05-23 10:25:59,732 [c8934a7e-3164-45c1-bd4f-8a83062f2a8f@group-53464B176A33-LeaderElection28] INFO  server.RaftServer$Division (RaftServerImpl.java:setRole(329)) - c8934a7e-3164-45c1-bd4f-8a83062f2a8f@group-53464B176A33: changes role from CANDIDATE to LEADER at term 1 for changeToLeader
2023-05-23 10:25:59,732 [c8934a7e-3164-45c1-bd4f-8a83062f2a8f@group-53464B176A33-LeaderElection28] INFO  ratis.XceiverServerRatis (XceiverServerRatis.java:handleLeaderChangedNotification(904)) - Leader change notification received for group: group-53464B176A33 with new leaderId: c8934a7e-3164-45c1-bd4f-8a83062f2a8f
2023-05-23 10:25:59,732 [c8934a7e-3164-45c1-bd4f-8a83062f2a8f@group-53464B176A33-LeaderElection28] INFO  server.RaftServer$Division (ServerState.java:setLeader(317)) - c8934a7e-3164-45c1-bd4f-8a83062f2a8f@group-53464B176A33: change Leader from null to c8934a7e-3164-45c1-bd4f-8a83062f2a8f at term 1 for becomeLeader, leader elected after 5198ms
2023-05-23 10:25:59,732 [c8934a7e-3164-45c1-bd4f-8a83062f2a8f@group-53464B176A33-LeaderElection28] INFO  server.RaftServerConfigKeys (ConfUtils.java:logGet(46)) - raft.server.staging.catchup.gap = 1000 (default)
2023-05-23 10:25:59,733 [c8934a7e-3164-45c1-bd4f-8a83062f2a8f@group-53464B176A33-LeaderElection28] INFO  server.RaftServerConfigKeys (ConfUtils.java:logGet(46)) - raft.server.write.element-limit = 1024 (custom)
2023-05-23 10:25:59,733 [c8934a7e-3164-45c1-bd4f-8a83062f2a8f@group-53464B176A33-LeaderElection28] INFO  server.RaftServerConfigKeys (ConfUtils.java:logGet(46)) - raft.server.write.byte-limit = 1024 M (=1073741824) (custom)
2023-05-23 10:25:59,733 [c8934a7e-3164-45c1-bd4f-8a83062f2a8f@group-53464B176A33-LeaderElection28] INFO  server.RaftServerConfigKeys (ConfUtils.java:logGet(46)) - raft.server.watch.timeout = 180s (custom)
2023-05-23 10:25:59,733 [c8934a7e-3164-45c1-bd4f-8a83062f2a8f@group-53464B176A33-LeaderElection28] INFO  server.RaftServerConfigKeys (ConfUtils.java:logGet(46)) - raft.server.watch.timeout.denomination = 1s (default)
2023-05-23 10:25:59,733 [c8934a7e-3164-45c1-bd4f-8a83062f2a8f@group-53464B176A33-LeaderElection28] INFO  server.RaftServerConfigKeys (ConfUtils.java:logGet(46)) - raft.server.watch.element-limit = 65536 (default)
2023-05-23 10:25:59,733 [c8934a7e-3164-45c1-bd4f-8a83062f2a8f@group-53464B176A33-LeaderElection28] INFO  server.RaftServerConfigKeys (ConfUtils.java:logGet(46)) - raft.server.write.element-limit = 1024 (custom)
2023-05-23 10:25:59,733 [c8934a7e-3164-45c1-bd4f-8a83062f2a8f@group-53464B176A33-LeaderElection28] INFO  server.RaftServerConfigKeys (ConfUtils.java:logGet(46)) - raft.server.write.follower.gap.ratio.max = -1.0 (default)
2023-05-23 10:25:59,733 [c8934a7e-3164-45c1-bd4f-8a83062f2a8f@group-53464B176A33-LeaderElection28] INFO  server.RaftServerConfigKeys (ConfUtils.java:logGet(46)) - raft.server.log.appender.snapshot.chunk.size.max = 16MB (=16777216) (default)
2023-05-23 10:25:59,734 [c8934a7e-3164-45c1-bd4f-8a83062f2a8f@group-53464B176A33-LeaderElection28] INFO  server.RaftServerConfigKeys (ConfUtils.java:logGet(46)) - raft.server.log.appender.buffer.byte-limit = 33554432 (custom)
2023-05-23 10:25:59,734 [c8934a7e-3164-45c1-bd4f-8a83062f2a8f@group-53464B176A33-LeaderElection28] INFO  server.RaftServerConfigKeys (ConfUtils.java:logGet(46)) - raft.server.log.appender.buffer.element-limit = 1 (custom)
2023-05-23 10:25:59,734 [c8934a7e-3164-45c1-bd4f-8a83062f2a8f@group-53464B176A33-LeaderElection28] INFO  server.RaftServerConfigKeys (ConfUtils.java:logGet(46)) - raft.server.log.appender.wait-time.min = 10ms (default)
2023-05-23 10:25:59,734 [c8934a7e-3164-45c1-bd4f-8a83062f2a8f@group-53464B176A33-LeaderElection28] INFO  grpc.GrpcConfigKeys (ConfUtils.java:logGet(46)) - raft.grpc.server.leader.outstanding.appends.max = 128 (default)
2023-05-23 10:25:59,734 [c8934a7e-3164-45c1-bd4f-8a83062f2a8f@group-53464B176A33-LeaderElection28] INFO  server.RaftServerConfigKeys (ConfUtils.java:logGet(46)) - raft.server.rpc.request.timeout = 60s (custom)
2023-05-23 10:25:59,734 [c8934a7e-3164-45c1-bd4f-8a83062f2a8f@group-53464B176A33-LeaderElection28] INFO  grpc.GrpcConfigKeys (ConfUtils.java:logGet(46)) - raft.grpc.server.install_snapshot.request.element-limit = 8 (default)
2023-05-23 10:25:59,734 [c8934a7e-3164-45c1-bd4f-8a83062f2a8f@group-53464B176A33-LeaderElection28] INFO  grpc.GrpcConfigKeys (ConfUtils.java:logGet(46)) - raft.grpc.server.install_snapshot.request.timeout = 3000ms (default)
2023-05-23 10:25:59,734 [c8934a7e-3164-45c1-bd4f-8a83062f2a8f@group-53464B176A33-LeaderElection28] INFO  server.RaftServerConfigKeys (ConfUtils.java:logGet(46)) - raft.server.log.appender.install.snapshot.enabled = false (custom)
2023-05-23 10:25:59,734 [c8934a7e-3164-45c1-bd4f-8a83062f2a8f@group-53464B176A33-LeaderElection28] INFO  grpc.GrpcConfigKeys (ConfUtils.java:logGet(46)) - raft.grpc.server.heartbeat.channel = true (default)
2023-05-23 10:25:59,734 [54284929-3371-4a1e-b544-6f7fda27a691@group-1CB070401100-FollowerState] INFO  impl.FollowerState (FollowerState.java:run(143)) - 54284929-3371-4a1e-b544-6f7fda27a691@group-1CB070401100-FollowerState: change to CANDIDATE, lastRpcElapsedTime:5161589322ns, electionTimeout:5157ms
2023-05-23 10:25:59,736 [EventQueue-PipelineReportForPipelineReportHandler] INFO  pipeline.PipelineManagerImpl (PipelineManagerImpl.java:openPipeline(367)) - Pipeline Pipeline[ Id: 3417e7a8-d8c8-49d9-9466-53464b176a33, Nodes: c8934a7e-3164-45c1-bd4f-8a83062f2a8f(fv-az1249-304/10.1.0.38)54284929-3371-4a1e-b544-6f7fda27a691(fv-az1249-304/10.1.0.38)4423aca3-b60e-4ab8-b093-c0faf93dfaca(fv-az1249-304/10.1.0.38), ReplicationConfig: RATIS/THREE, State:ALLOCATED, leaderId:c8934a7e-3164-45c1-bd4f-8a83062f2a8f, CreationTimestamp2023-05-23T10:25:51.903Z[Etc/UTC]] moved to OPEN state
2023-05-23 10:25:59,738 [grpc-default-executor-5] INFO  impl.VoteContext (VoteContext.java:log(49)) - 54284929-3371-4a1e-b544-6f7fda27a691@group-53464B176A33-FOLLOWER: accept ELECTION from c8934a7e-3164-45c1-bd4f-8a83062f2a8f: our priority 0 <= candidate's priority 1
2023-05-23 10:25:59,739 [grpc-default-executor-5] INFO  server.RaftServer$Division (RaftServerImpl.java:setRole(329)) - 54284929-3371-4a1e-b544-6f7fda27a691@group-53464B176A33: changes role from  FOLLOWER to FOLLOWER at term 1 for candidate:c8934a7e-3164-45c1-bd4f-8a83062f2a8f
2023-05-23 10:25:59,739 [grpc-default-executor-5] INFO  impl.RoleInfo (RoleInfo.java:shutdownFollowerState(110)) - 54284929-3371-4a1e-b544-6f7fda27a691: shutdown 54284929-3371-4a1e-b544-6f7fda27a691@group-53464B176A33-FollowerState
2023-05-23 10:25:59,739 [grpc-default-executor-5] INFO  impl.RoleInfo (RoleInfo.java:updateAndGet(139)) - 54284929-3371-4a1e-b544-6f7fda27a691: start 54284929-3371-4a1e-b544-6f7fda27a691@group-53464B176A33-FollowerState
2023-05-23 10:25:59,739 [54284929-3371-4a1e-b544-6f7fda27a691@group-53464B176A33-FollowerState] INFO  impl.FollowerState (FollowerState.java:run(152)) - 54284929-3371-4a1e-b544-6f7fda27a691@group-53464B176A33-FollowerState was interrupted
2023-05-23 10:25:59,746 [54284929-3371-4a1e-b544-6f7fda27a691@group-1CB070401100-FollowerState] INFO  impl.RoleInfo (RoleInfo.java:shutdownFollowerState(110)) - 54284929-3371-4a1e-b544-6f7fda27a691: shutdown 54284929-3371-4a1e-b544-6f7fda27a691@group-1CB070401100-FollowerState
2023-05-23 10:25:59,747 [54284929-3371-4a1e-b544-6f7fda27a691@group-1CB070401100-FollowerState] INFO  server.RaftServer$Division (RaftServerImpl.java:setRole(329)) - 54284929-3371-4a1e-b544-6f7fda27a691@group-1CB070401100: changes role from  FOLLOWER to CANDIDATE at term 0 for changeToCandidate
2023-05-23 10:25:59,747 [54284929-3371-4a1e-b544-6f7fda27a691@group-1CB070401100-FollowerState] INFO  server.RaftServerConfigKeys (ConfUtils.java:logGet(46)) - raft.server.leaderelection.pre-vote = true (default)
2023-05-23 10:25:59,747 [54284929-3371-4a1e-b544-6f7fda27a691@group-1CB070401100-FollowerState] INFO  impl.RoleInfo (RoleInfo.java:updateAndGet(139)) - 54284929-3371-4a1e-b544-6f7fda27a691: start 54284929-3371-4a1e-b544-6f7fda27a691@group-1CB070401100-LeaderElection29
2023-05-23 10:25:59,747 [c8934a7e-3164-45c1-bd4f-8a83062f2a8f@group-53464B176A33-LeaderElection28] INFO  server.RaftServerConfigKeys (ConfUtils.java:logGet(46)) - raft.server.log.appender.snapshot.chunk.size.max = 16MB (=16777216) (default)
2023-05-23 10:25:59,747 [c8934a7e-3164-45c1-bd4f-8a83062f2a8f@group-53464B176A33-LeaderElection28] INFO  server.RaftServerConfigKeys (ConfUtils.java:logGet(46)) - raft.server.log.appender.buffer.byte-limit = 33554432 (custom)
2023-05-23 10:25:59,747 [c8934a7e-3164-45c1-bd4f-8a83062f2a8f@group-53464B176A33-LeaderElection28] INFO  server.RaftServerConfigKeys (ConfUtils.java:logGet(46)) - raft.server.log.appender.buffer.element-limit = 1 (custom)
2023-05-23 10:25:59,747 [c8934a7e-3164-45c1-bd4f-8a83062f2a8f@group-53464B176A33-LeaderElection28] INFO  server.RaftServerConfigKeys (ConfUtils.java:logGet(46)) - raft.server.log.appender.wait-time.min = 10ms (default)
2023-05-23 10:25:59,747 [c8934a7e-3164-45c1-bd4f-8a83062f2a8f@group-53464B176A33-LeaderElection28] INFO  grpc.GrpcConfigKeys (ConfUtils.java:logGet(46)) - raft.grpc.server.leader.outstanding.appends.max = 128 (default)
2023-05-23 10:25:59,748 [c8934a7e-3164-45c1-bd4f-8a83062f2a8f@group-53464B176A33-LeaderElection28] INFO  server.RaftServerConfigKeys (ConfUtils.java:logGet(46)) - raft.server.rpc.request.timeout = 60s (custom)
2023-05-23 10:25:59,748 [c8934a7e-3164-45c1-bd4f-8a83062f2a8f@group-53464B176A33-LeaderElection28] INFO  grpc.GrpcConfigKeys (ConfUtils.java:logGet(46)) - raft.grpc.server.install_snapshot.request.element-limit = 8 (default)
2023-05-23 10:25:59,748 [c8934a7e-3164-45c1-bd4f-8a83062f2a8f@group-53464B176A33-LeaderElection28] INFO  grpc.GrpcConfigKeys (ConfUtils.java:logGet(46)) - raft.grpc.server.install_snapshot.request.timeout = 3000ms (default)
2023-05-23 10:25:59,748 [c8934a7e-3164-45c1-bd4f-8a83062f2a8f@group-53464B176A33-LeaderElection28] INFO  server.RaftServerConfigKeys (ConfUtils.java:logGet(46)) - raft.server.log.appender.install.snapshot.enabled = false (custom)
2023-05-23 10:25:59,748 [c8934a7e-3164-45c1-bd4f-8a83062f2a8f@group-53464B176A33-LeaderElection28] INFO  grpc.GrpcConfigKeys (ConfUtils.java:logGet(46)) - raft.grpc.server.heartbeat.channel = true (default)
2023-05-23 10:25:59,748 [4423aca3-b60e-4ab8-b093-c0faf93dfaca@group-D8D700E0C36A-SegmentedRaftLogWorker] INFO  segmented.SegmentedRaftLogWorker (SegmentedRaftLogWorker.java:execute(651)) - 4423aca3-b60e-4ab8-b093-c0faf93dfaca@group-D8D700E0C36A-SegmentedRaftLogWorker: created new log segment /home/runner/work/ozone/ozone/hadoop-ozone/integration-test/target/test-dir/MiniOzoneClusterImpl-bbf8790f-824b-49ae-85c2-11c1b792a20d/datanode-0/data/ratis/362d79f6-c8d2-406a-8969-d8d700e0c36a/current/log_inprogress_0
2023-05-23 10:25:59,748 [grpc-default-executor-5] INFO  server.RaftServer$Division (RaftServerImpl.java:requestVote(1335)) - 54284929-3371-4a1e-b544-6f7fda27a691@group-53464B176A33 replies to ELECTION vote request: c8934a7e-3164-45c1-bd4f-8a83062f2a8f<-54284929-3371-4a1e-b544-6f7fda27a691#0:OK-t1. Peer's state: 54284929-3371-4a1e-b544-6f7fda27a691@group-53464B176A33:t1, leader=null, voted=c8934a7e-3164-45c1-bd4f-8a83062f2a8f, raftlog=Memoized:54284929-3371-4a1e-b544-6f7fda27a691@group-53464B176A33-SegmentedRaftLog:OPENED:c-1, conf=-1: peers:[4423aca3-b60e-4ab8-b093-c0faf93dfaca|rpc:10.1.0.38:15109|admin:10.1.0.38:15108|client:10.1.0.38:15107|dataStream:10.1.0.38:15110|priority:0|startupRole:FOLLOWER, c8934a7e-3164-45c1-bd4f-8a83062f2a8f|rpc:10.1.0.38:15125|admin:10.1.0.38:15124|client:10.1.0.38:15123|dataStream:10.1.0.38:15126|priority:1|startupRole:FOLLOWER, 54284929-3371-4a1e-b544-6f7fda27a691|rpc:10.1.0.38:15117|admin:10.1.0.38:15116|client:10.1.0.38:15115|dataStream:10.1.0.38:15118|priority:0|startupRole:FOLLOWER]|listeners:[], old=null
2023-05-23 10:25:59,749 [c8934a7e-3164-45c1-bd4f-8a83062f2a8f@group-53464B176A33-LeaderElection28] INFO  impl.RoleInfo (RoleInfo.java:updateAndGet(139)) - c8934a7e-3164-45c1-bd4f-8a83062f2a8f: start c8934a7e-3164-45c1-bd4f-8a83062f2a8f@group-53464B176A33-LeaderStateImpl
2023-05-23 10:25:59,749 [c8934a7e-3164-45c1-bd4f-8a83062f2a8f@group-53464B176A33-LeaderElection28] INFO  segmented.SegmentedRaftLogWorker (SegmentedRaftLogWorker.java:startLogSegment(447)) - c8934a7e-3164-45c1-bd4f-8a83062f2a8f@group-53464B176A33-SegmentedRaftLogWorker: Starting segment from index:0
2023-05-23 10:25:59,751 [54284929-3371-4a1e-b544-6f7fda27a691@group-1CB070401100-LeaderElection29] INFO  impl.LeaderElection (LeaderElection.java:askForVotes(321)) - 54284929-3371-4a1e-b544-6f7fda27a691@group-1CB070401100-LeaderElection29 PRE_VOTE round 0: submit vote requests at term 0 for -1: peers:[54284929-3371-4a1e-b544-6f7fda27a691|rpc:10.1.0.38:15117|admin:10.1.0.38:15116|client:10.1.0.38:15115|dataStream:10.1.0.38:15118|priority:1|startupRole:FOLLOWER]|listeners:[], old=null
2023-05-23 10:25:59,751 [54284929-3371-4a1e-b544-6f7fda27a691@group-1CB070401100-LeaderElection29] INFO  impl.LeaderElection (LeaderElection.java:askForVotes(323)) - 54284929-3371-4a1e-b544-6f7fda27a691@group-1CB070401100-LeaderElection29 PRE_VOTE round 0: result PASSED (term=0)
2023-05-23 10:25:59,752 [c8934a7e-3164-45c1-bd4f-8a83062f2a8f@group-53464B176A33-SegmentedRaftLogWorker] INFO  segmented.SegmentedRaftLogWorker (SegmentedRaftLogWorker.java:execute(651)) - c8934a7e-3164-45c1-bd4f-8a83062f2a8f@group-53464B176A33-SegmentedRaftLogWorker: created new log segment /home/runner/work/ozone/ozone/hadoop-ozone/integration-test/target/test-dir/MiniOzoneClusterImpl-bbf8790f-824b-49ae-85c2-11c1b792a20d/datanode-2/data/ratis/3417e7a8-d8c8-49d9-9466-53464b176a33/current/log_inprogress_0
2023-05-23 10:25:59,752 [ReplicationMonitor] INFO  replication.ReplicationManager (ReplicationManager.java:processAll(375)) - Replication Manager is not ready to run until 3000ms after safemode exit
2023-05-23 10:25:59,753 [54284929-3371-4a1e-b544-6f7fda27a691@group-1CB070401100-LeaderElection29] INFO  impl.LeaderElection (LeaderElection.java:askForVotes(321)) - 54284929-3371-4a1e-b544-6f7fda27a691@group-1CB070401100-LeaderElection29 ELECTION round 0: submit vote requests at term 1 for -1: peers:[54284929-3371-4a1e-b544-6f7fda27a691|rpc:10.1.0.38:15117|admin:10.1.0.38:15116|client:10.1.0.38:15115|dataStream:10.1.0.38:15118|priority:1|startupRole:FOLLOWER]|listeners:[], old=null
2023-05-23 10:25:59,753 [54284929-3371-4a1e-b544-6f7fda27a691@group-1CB070401100-LeaderElection29] INFO  impl.LeaderElection (LeaderElection.java:askForVotes(323)) - 54284929-3371-4a1e-b544-6f7fda27a691@group-1CB070401100-LeaderElection29 ELECTION round 0: result PASSED (term=1)
2023-05-23 10:25:59,753 [54284929-3371-4a1e-b544-6f7fda27a691@group-1CB070401100-LeaderElection29] INFO  impl.RoleInfo (RoleInfo.java:shutdownLeaderElection(130)) - 54284929-3371-4a1e-b544-6f7fda27a691: shutdown 54284929-3371-4a1e-b544-6f7fda27a691@group-1CB070401100-LeaderElection29
2023-05-23 10:25:59,753 [54284929-3371-4a1e-b544-6f7fda27a691@group-1CB070401100-LeaderElection29] INFO  server.RaftServer$Division (RaftServerImpl.java:setRole(329)) - 54284929-3371-4a1e-b544-6f7fda27a691@group-1CB070401100: changes role from CANDIDATE to LEADER at term 1 for changeToLeader
2023-05-23 10:25:59,753 [54284929-3371-4a1e-b544-6f7fda27a691@group-1CB070401100-LeaderElection29] INFO  ratis.XceiverServerRatis (XceiverServerRatis.java:handleLeaderChangedNotification(904)) - Leader change notification received for group: group-1CB070401100 with new leaderId: 54284929-3371-4a1e-b544-6f7fda27a691
2023-05-23 10:25:59,760 [54284929-3371-4a1e-b544-6f7fda27a691@group-1CB070401100-LeaderElection29] INFO  server.RaftServer$Division (ServerState.java:setLeader(317)) - 54284929-3371-4a1e-b544-6f7fda27a691@group-1CB070401100: change Leader from null to 54284929-3371-4a1e-b544-6f7fda27a691 at term 1 for becomeLeader, leader elected after 5203ms
2023-05-23 10:25:59,760 [54284929-3371-4a1e-b544-6f7fda27a691@group-1CB070401100-LeaderElection29] INFO  server.RaftServerConfigKeys (ConfUtils.java:logGet(46)) - raft.server.staging.catchup.gap = 1000 (default)
2023-05-23 10:25:59,760 [54284929-3371-4a1e-b544-6f7fda27a691@group-1CB070401100-LeaderElection29] INFO  server.RaftServerConfigKeys (ConfUtils.java:logGet(46)) - raft.server.write.element-limit = 1024 (custom)
2023-05-23 10:25:59,760 [54284929-3371-4a1e-b544-6f7fda27a691@group-1CB070401100-LeaderElection29] INFO  server.RaftServerConfigKeys (ConfUtils.java:logGet(46)) - raft.server.write.byte-limit = 1024 M (=1073741824) (custom)
2023-05-23 10:25:59,760 [54284929-3371-4a1e-b544-6f7fda27a691@group-1CB070401100-LeaderElection29] INFO  server.RaftServerConfigKeys (ConfUtils.java:logGet(46)) - raft.server.watch.timeout = 180s (custom)
2023-05-23 10:25:59,760 [54284929-3371-4a1e-b544-6f7fda27a691@group-1CB070401100-LeaderElection29] INFO  server.RaftServerConfigKeys (ConfUtils.java:logGet(46)) - raft.server.watch.timeout.denomination = 1s (default)
2023-05-23 10:25:59,760 [54284929-3371-4a1e-b544-6f7fda27a691@group-1CB070401100-LeaderElection29] INFO  server.RaftServerConfigKeys (ConfUtils.java:logGet(46)) - raft.server.watch.element-limit = 65536 (default)
2023-05-23 10:25:59,760 [54284929-3371-4a1e-b544-6f7fda27a691@group-1CB070401100-LeaderElection29] INFO  server.RaftServerConfigKeys (ConfUtils.java:logGet(46)) - raft.server.write.element-limit = 1024 (custom)
2023-05-23 10:25:59,760 [54284929-3371-4a1e-b544-6f7fda27a691@group-1CB070401100-LeaderElection29] INFO  server.RaftServerConfigKeys (ConfUtils.java:logGet(46)) - raft.server.write.follower.gap.ratio.max = -1.0 (default)
2023-05-23 10:25:59,761 [54284929-3371-4a1e-b544-6f7fda27a691@group-1CB070401100-LeaderElection29] INFO  impl.RoleInfo (RoleInfo.java:updateAndGet(139)) - 54284929-3371-4a1e-b544-6f7fda27a691: start 54284929-3371-4a1e-b544-6f7fda27a691@group-1CB070401100-LeaderStateImpl
2023-05-23 10:25:59,761 [54284929-3371-4a1e-b544-6f7fda27a691@group-1CB070401100-LeaderElection29] INFO  segmented.SegmentedRaftLogWorker (SegmentedRaftLogWorker.java:startLogSegment(447)) - 54284929-3371-4a1e-b544-6f7fda27a691@group-1CB070401100-SegmentedRaftLogWorker: Starting segment from index:0
2023-05-23 10:25:59,762 [4423aca3-b60e-4ab8-b093-c0faf93dfaca-server-thread1] INFO  ratis.XceiverServerRatis (XceiverServerRatis.java:handleLeaderChangedNotification(904)) - Leader change notification received for group: group-53464B176A33 with new leaderId: c8934a7e-3164-45c1-bd4f-8a83062f2a8f
2023-05-23 10:25:59,763 [54284929-3371-4a1e-b544-6f7fda27a691@group-1CB070401100-SegmentedRaftLogWorker] INFO  segmented.SegmentedRaftLogWorker (SegmentedRaftLogWorker.java:execute(651)) - 54284929-3371-4a1e-b544-6f7fda27a691@group-1CB070401100-SegmentedRaftLogWorker: created new log segment /home/runner/work/ozone/ozone/hadoop-ozone/integration-test/target/test-dir/MiniOzoneClusterImpl-bbf8790f-824b-49ae-85c2-11c1b792a20d/datanode-1/data/ratis/2d03b8dc-0e46-44d8-b77b-1cb070401100/current/log_inprogress_0
2023-05-23 10:25:59,769 [4423aca3-b60e-4ab8-b093-c0faf93dfaca-server-thread1] INFO  server.RaftServer$Division (ServerState.java:setLeader(317)) - 4423aca3-b60e-4ab8-b093-c0faf93dfaca@group-53464B176A33: change Leader from null to c8934a7e-3164-45c1-bd4f-8a83062f2a8f at term 1 for appendEntries, leader elected after 5262ms
2023-05-23 10:25:59,770 [c8934a7e-3164-45c1-bd4f-8a83062f2a8f@group-53464B176A33-LeaderElection28] INFO  server.RaftServer$Division (ServerState.java:setRaftConf(434)) - c8934a7e-3164-45c1-bd4f-8a83062f2a8f@group-53464B176A33: set configuration 0: peers:[4423aca3-b60e-4ab8-b093-c0faf93dfaca|rpc:10.1.0.38:15109|admin:10.1.0.38:15108|client:10.1.0.38:15107|dataStream:10.1.0.38:15110|priority:0|startupRole:FOLLOWER, c8934a7e-3164-45c1-bd4f-8a83062f2a8f|rpc:10.1.0.38:15125|admin:10.1.0.38:15124|client:10.1.0.38:15123|dataStream:10.1.0.38:15126|priority:1|startupRole:FOLLOWER, 54284929-3371-4a1e-b544-6f7fda27a691|rpc:10.1.0.38:15117|admin:10.1.0.38:15116|client:10.1.0.38:15115|dataStream:10.1.0.38:15118|priority:0|startupRole:FOLLOWER]|listeners:[], old=null
2023-05-23 10:25:59,771 [54284929-3371-4a1e-b544-6f7fda27a691@group-1CB070401100-LeaderElection29] INFO  server.RaftServer$Division (ServerState.java:setRaftConf(434)) - 54284929-3371-4a1e-b544-6f7fda27a691@group-1CB070401100: set configuration 0: peers:[54284929-3371-4a1e-b544-6f7fda27a691|rpc:10.1.0.38:15117|admin:10.1.0.38:15116|client:10.1.0.38:15115|dataStream:10.1.0.38:15118|priority:1|startupRole:FOLLOWER]|listeners:[], old=null
2023-05-23 10:25:59,775 [54284929-3371-4a1e-b544-6f7fda27a691-server-thread1] INFO  ratis.XceiverServerRatis (XceiverServerRatis.java:handleLeaderChangedNotification(904)) - Leader change notification received for group: group-53464B176A33 with new leaderId: c8934a7e-3164-45c1-bd4f-8a83062f2a8f
2023-05-23 10:25:59,775 [54284929-3371-4a1e-b544-6f7fda27a691-server-thread1] INFO  server.RaftServer$Division (ServerState.java:setLeader(317)) - 54284929-3371-4a1e-b544-6f7fda27a691@group-53464B176A33: change Leader from null to c8934a7e-3164-45c1-bd4f-8a83062f2a8f at term 1 for appendEntries, leader elected after 5194ms
2023-05-23 10:25:59,780 [4423aca3-b60e-4ab8-b093-c0faf93dfaca-server-thread1] INFO  server.RaftServer$Division (ServerState.java:setRaftConf(434)) - 4423aca3-b60e-4ab8-b093-c0faf93dfaca@group-53464B176A33: set configuration 0: peers:[4423aca3-b60e-4ab8-b093-c0faf93dfaca|rpc:10.1.0.38:15109|admin:10.1.0.38:15108|client:10.1.0.38:15107|dataStream:10.1.0.38:15110|priority:0|startupRole:FOLLOWER, c8934a7e-3164-45c1-bd4f-8a83062f2a8f|rpc:10.1.0.38:15125|admin:10.1.0.38:15124|client:10.1.0.38:15123|dataStream:10.1.0.38:15126|priority:1|startupRole:FOLLOWER, 54284929-3371-4a1e-b544-6f7fda27a691|rpc:10.1.0.38:15117|admin:10.1.0.38:15116|client:10.1.0.38:15115|dataStream:10.1.0.38:15118|priority:0|startupRole:FOLLOWER]|listeners:[], old=null
2023-05-23 10:25:59,780 [4423aca3-b60e-4ab8-b093-c0faf93dfaca-server-thread1] INFO  segmented.SegmentedRaftLogWorker (SegmentedRaftLogWorker.java:startLogSegment(447)) - 4423aca3-b60e-4ab8-b093-c0faf93dfaca@group-53464B176A33-SegmentedRaftLogWorker: Starting segment from index:0
2023-05-23 10:25:59,782 [4423aca3-b60e-4ab8-b093-c0faf93dfaca@group-53464B176A33-SegmentedRaftLogWorker] INFO  segmented.SegmentedRaftLogWorker (SegmentedRaftLogWorker.java:execute(651)) - 4423aca3-b60e-4ab8-b093-c0faf93dfaca@group-53464B176A33-SegmentedRaftLogWorker: created new log segment /home/runner/work/ozone/ozone/hadoop-ozone/integration-test/target/test-dir/MiniOzoneClusterImpl-bbf8790f-824b-49ae-85c2-11c1b792a20d/datanode-0/data/ratis/3417e7a8-d8c8-49d9-9466-53464b176a33/current/log_inprogress_0
2023-05-23 10:25:59,786 [54284929-3371-4a1e-b544-6f7fda27a691-server-thread2] INFO  server.RaftServer$Division (ServerState.java:setRaftConf(434)) - 54284929-3371-4a1e-b544-6f7fda27a691@group-53464B176A33: set configuration 0: peers:[4423aca3-b60e-4ab8-b093-c0faf93dfaca|rpc:10.1.0.38:15109|admin:10.1.0.38:15108|client:10.1.0.38:15107|dataStream:10.1.0.38:15110|priority:0|startupRole:FOLLOWER, c8934a7e-3164-45c1-bd4f-8a83062f2a8f|rpc:10.1.0.38:15125|admin:10.1.0.38:15124|client:10.1.0.38:15123|dataStream:10.1.0.38:15126|priority:1|startupRole:FOLLOWER, 54284929-3371-4a1e-b544-6f7fda27a691|rpc:10.1.0.38:15117|admin:10.1.0.38:15116|client:10.1.0.38:15115|dataStream:10.1.0.38:15118|priority:0|startupRole:FOLLOWER]|listeners:[], old=null
2023-05-23 10:25:59,786 [54284929-3371-4a1e-b544-6f7fda27a691-server-thread2] INFO  segmented.SegmentedRaftLogWorker (SegmentedRaftLogWorker.java:startLogSegment(447)) - 54284929-3371-4a1e-b544-6f7fda27a691@group-53464B176A33-SegmentedRaftLogWorker: Starting segment from index:0
2023-05-23 10:25:59,787 [54284929-3371-4a1e-b544-6f7fda27a691@group-53464B176A33-SegmentedRaftLogWorker] INFO  segmented.SegmentedRaftLogWorker (SegmentedRaftLogWorker.java:execute(651)) - 54284929-3371-4a1e-b544-6f7fda27a691@group-53464B176A33-SegmentedRaftLogWorker: created new log segment /home/runner/work/ozone/ozone/hadoop-ozone/integration-test/target/test-dir/MiniOzoneClusterImpl-bbf8790f-824b-49ae-85c2-11c1b792a20d/datanode-1/data/ratis/3417e7a8-d8c8-49d9-9466-53464b176a33/current/log_inprogress_0
2023-05-23 10:25:59,936 [c8934a7e-3164-45c1-bd4f-8a83062f2a8f@group-53ED05E41AE4-FollowerState] INFO  impl.FollowerState (FollowerState.java:run(143)) - c8934a7e-3164-45c1-bd4f-8a83062f2a8f@group-53ED05E41AE4-FollowerState: change to CANDIDATE, lastRpcElapsedTime:5022574177ns, electionTimeout:5022ms
2023-05-23 10:25:59,936 [c8934a7e-3164-45c1-bd4f-8a83062f2a8f@group-53ED05E41AE4-FollowerState] INFO  impl.RoleInfo (RoleInfo.java:shutdownFollowerState(110)) - c8934a7e-3164-45c1-bd4f-8a83062f2a8f: shutdown c8934a7e-3164-45c1-bd4f-8a83062f2a8f@group-53ED05E41AE4-FollowerState
2023-05-23 10:25:59,936 [c8934a7e-3164-45c1-bd4f-8a83062f2a8f@group-53ED05E41AE4-FollowerState] INFO  server.RaftServer$Division (RaftServerImpl.java:setRole(329)) - c8934a7e-3164-45c1-bd4f-8a83062f2a8f@group-53ED05E41AE4: changes role from  FOLLOWER to CANDIDATE at term 0 for changeToCandidate
2023-05-23 10:25:59,936 [c8934a7e-3164-45c1-bd4f-8a83062f2a8f@group-53ED05E41AE4-FollowerState] INFO  server.RaftServerConfigKeys (ConfUtils.java:logGet(46)) - raft.server.leaderelection.pre-vote = true (default)
2023-05-23 10:25:59,936 [c8934a7e-3164-45c1-bd4f-8a83062f2a8f@group-53ED05E41AE4-FollowerState] INFO  impl.RoleInfo (RoleInfo.java:updateAndGet(139)) - c8934a7e-3164-45c1-bd4f-8a83062f2a8f: start c8934a7e-3164-45c1-bd4f-8a83062f2a8f@group-53ED05E41AE4-LeaderElection30
2023-05-23 10:25:59,938 [c8934a7e-3164-45c1-bd4f-8a83062f2a8f@group-53ED05E41AE4-LeaderElection30] INFO  impl.LeaderElection (LeaderElection.java:askForVotes(321)) - c8934a7e-3164-45c1-bd4f-8a83062f2a8f@group-53ED05E41AE4-LeaderElection30 PRE_VOTE round 0: submit vote requests at term 0 for -1: peers:[c8934a7e-3164-45c1-bd4f-8a83062f2a8f|rpc:10.1.0.38:15125|admin:10.1.0.38:15124|client:10.1.0.38:15123|dataStream:10.1.0.38:15126|priority:1|startupRole:FOLLOWER]|listeners:[], old=null
2023-05-23 10:25:59,939 [c8934a7e-3164-45c1-bd4f-8a83062f2a8f@group-53ED05E41AE4-LeaderElection30] INFO  impl.LeaderElection (LeaderElection.java:askForVotes(323)) - c8934a7e-3164-45c1-bd4f-8a83062f2a8f@group-53ED05E41AE4-LeaderElection30 PRE_VOTE round 0: result PASSED (term=0)
2023-05-23 10:25:59,940 [c8934a7e-3164-45c1-bd4f-8a83062f2a8f@group-53ED05E41AE4-LeaderElection30] INFO  impl.LeaderElection (LeaderElection.java:askForVotes(321)) - c8934a7e-3164-45c1-bd4f-8a83062f2a8f@group-53ED05E41AE4-LeaderElection30 ELECTION round 0: submit vote requests at term 1 for -1: peers:[c8934a7e-3164-45c1-bd4f-8a83062f2a8f|rpc:10.1.0.38:15125|admin:10.1.0.38:15124|client:10.1.0.38:15123|dataStream:10.1.0.38:15126|priority:1|startupRole:FOLLOWER]|listeners:[], old=null
2023-05-23 10:25:59,940 [c8934a7e-3164-45c1-bd4f-8a83062f2a8f@group-53ED05E41AE4-LeaderElection30] INFO  impl.LeaderElection (LeaderElection.java:askForVotes(323)) - c8934a7e-3164-45c1-bd4f-8a83062f2a8f@group-53ED05E41AE4-LeaderElection30 ELECTION round 0: result PASSED (term=1)
2023-05-23 10:25:59,940 [c8934a7e-3164-45c1-bd4f-8a83062f2a8f@group-53ED05E41AE4-LeaderElection30] INFO  impl.RoleInfo (RoleInfo.java:shutdownLeaderElection(130)) - c8934a7e-3164-45c1-bd4f-8a83062f2a8f: shutdown c8934a7e-3164-45c1-bd4f-8a83062f2a8f@group-53ED05E41AE4-LeaderElection30
2023-05-23 10:25:59,940 [c8934a7e-3164-45c1-bd4f-8a83062f2a8f@group-53ED05E41AE4-LeaderElection30] INFO  server.RaftServer$Division (RaftServerImpl.java:setRole(329)) - c8934a7e-3164-45c1-bd4f-8a83062f2a8f@group-53ED05E41AE4: changes role from CANDIDATE to LEADER at term 1 for changeToLeader
2023-05-23 10:25:59,940 [c8934a7e-3164-45c1-bd4f-8a83062f2a8f@group-53ED05E41AE4-LeaderElection30] INFO  ratis.XceiverServerRatis (XceiverServerRatis.java:handleLeaderChangedNotification(904)) - Leader change notification received for group: group-53ED05E41AE4 with new leaderId: c8934a7e-3164-45c1-bd4f-8a83062f2a8f
2023-05-23 10:25:59,940 [c8934a7e-3164-45c1-bd4f-8a83062f2a8f@group-53ED05E41AE4-LeaderElection30] INFO  server.RaftServer$Division (ServerState.java:setLeader(317)) - c8934a7e-3164-45c1-bd4f-8a83062f2a8f@group-53ED05E41AE4: change Leader from null to c8934a7e-3164-45c1-bd4f-8a83062f2a8f at term 1 for becomeLeader, leader elected after 5040ms
2023-05-23 10:25:59,940 [c8934a7e-3164-45c1-bd4f-8a83062f2a8f@group-53ED05E41AE4-LeaderElection30] INFO  server.RaftServerConfigKeys (ConfUtils.java:logGet(46)) - raft.server.staging.catchup.gap = 1000 (default)
2023-05-23 10:25:59,941 [c8934a7e-3164-45c1-bd4f-8a83062f2a8f@group-53ED05E41AE4-LeaderElection30] INFO  server.RaftServerConfigKeys (ConfUtils.java:logGet(46)) - raft.server.write.element-limit = 1024 (custom)
2023-05-23 10:25:59,945 [c8934a7e-3164-45c1-bd4f-8a83062f2a8f@group-53ED05E41AE4-LeaderElection30] INFO  server.RaftServerConfigKeys (ConfUtils.java:logGet(46)) - raft.server.write.byte-limit = 1024 M (=1073741824) (custom)
2023-05-23 10:25:59,945 [c8934a7e-3164-45c1-bd4f-8a83062f2a8f@group-53ED05E41AE4-LeaderElection30] INFO  server.RaftServerConfigKeys (ConfUtils.java:logGet(46)) - raft.server.watch.timeout = 180s (custom)
2023-05-23 10:25:59,945 [c8934a7e-3164-45c1-bd4f-8a83062f2a8f@group-53ED05E41AE4-LeaderElection30] INFO  server.RaftServerConfigKeys (ConfUtils.java:logGet(46)) - raft.server.watch.timeout.denomination = 1s (default)
2023-05-23 10:25:59,945 [c8934a7e-3164-45c1-bd4f-8a83062f2a8f@group-53ED05E41AE4-LeaderElection30] INFO  server.RaftServerConfigKeys (ConfUtils.java:logGet(46)) - raft.server.watch.element-limit = 65536 (default)
2023-05-23 10:25:59,945 [c8934a7e-3164-45c1-bd4f-8a83062f2a8f@group-53ED05E41AE4-LeaderElection30] INFO  server.RaftServerConfigKeys (ConfUtils.java:logGet(46)) - raft.server.write.element-limit = 1024 (custom)
2023-05-23 10:25:59,946 [c8934a7e-3164-45c1-bd4f-8a83062f2a8f@group-53ED05E41AE4-LeaderElection30] INFO  server.RaftServerConfigKeys (ConfUtils.java:logGet(46)) - raft.server.write.follower.gap.ratio.max = -1.0 (default)
2023-05-23 10:25:59,946 [c8934a7e-3164-45c1-bd4f-8a83062f2a8f@group-53ED05E41AE4-LeaderElection30] INFO  impl.RoleInfo (RoleInfo.java:updateAndGet(139)) - c8934a7e-3164-45c1-bd4f-8a83062f2a8f: start c8934a7e-3164-45c1-bd4f-8a83062f2a8f@group-53ED05E41AE4-LeaderStateImpl
2023-05-23 10:25:59,946 [c8934a7e-3164-45c1-bd4f-8a83062f2a8f@group-53ED05E41AE4-LeaderElection30] INFO  segmented.SegmentedRaftLogWorker (SegmentedRaftLogWorker.java:startLogSegment(447)) - c8934a7e-3164-45c1-bd4f-8a83062f2a8f@group-53ED05E41AE4-SegmentedRaftLogWorker: Starting segment from index:0
2023-05-23 10:25:59,948 [c8934a7e-3164-45c1-bd4f-8a83062f2a8f@group-53ED05E41AE4-SegmentedRaftLogWorker] INFO  segmented.SegmentedRaftLogWorker (SegmentedRaftLogWorker.java:execute(651)) - c8934a7e-3164-45c1-bd4f-8a83062f2a8f@group-53ED05E41AE4-SegmentedRaftLogWorker: created new log segment /home/runner/work/ozone/ozone/hadoop-ozone/integration-test/target/test-dir/MiniOzoneClusterImpl-bbf8790f-824b-49ae-85c2-11c1b792a20d/datanode-2/data/ratis/39c5a10c-bc6a-410a-8f50-53ed05e41ae4/current/log_inprogress_0
2023-05-23 10:25:59,953 [c8934a7e-3164-45c1-bd4f-8a83062f2a8f@group-53ED05E41AE4-LeaderElection30] INFO  server.RaftServer$Division (ServerState.java:setRaftConf(434)) - c8934a7e-3164-45c1-bd4f-8a83062f2a8f@group-53ED05E41AE4: set configuration 0: peers:[c8934a7e-3164-45c1-bd4f-8a83062f2a8f|rpc:10.1.0.38:15125|admin:10.1.0.38:15124|client:10.1.0.38:15123|dataStream:10.1.0.38:15126|priority:1|startupRole:FOLLOWER]|listeners:[], old=null
2023-05-23 10:26:00,303 [6e950c4a-83fa-42eb-b7f3-936364e499ea@group-8859AB9EF78D-FollowerState] INFO  impl.FollowerState (FollowerState.java:run(143)) - 6e950c4a-83fa-42eb-b7f3-936364e499ea@group-8859AB9EF78D-FollowerState: change to CANDIDATE, lastRpcElapsedTime:5037979813ns, electionTimeout:5034ms
2023-05-23 10:26:00,303 [6e950c4a-83fa-42eb-b7f3-936364e499ea@group-8859AB9EF78D-FollowerState] INFO  impl.RoleInfo (RoleInfo.java:shutdownFollowerState(110)) - 6e950c4a-83fa-42eb-b7f3-936364e499ea: shutdown 6e950c4a-83fa-42eb-b7f3-936364e499ea@group-8859AB9EF78D-FollowerState
2023-05-23 10:26:00,303 [6e950c4a-83fa-42eb-b7f3-936364e499ea@group-8859AB9EF78D-FollowerState] INFO  server.RaftServer$Division (RaftServerImpl.java:setRole(329)) - 6e950c4a-83fa-42eb-b7f3-936364e499ea@group-8859AB9EF78D: changes role from  FOLLOWER to CANDIDATE at term 0 for changeToCandidate
2023-05-23 10:26:00,304 [6e950c4a-83fa-42eb-b7f3-936364e499ea@group-8859AB9EF78D-FollowerState] INFO  server.RaftServerConfigKeys (ConfUtils.java:logGet(46)) - raft.server.leaderelection.pre-vote = true (default)
2023-05-23 10:26:00,304 [6e950c4a-83fa-42eb-b7f3-936364e499ea@group-8859AB9EF78D-FollowerState] INFO  impl.RoleInfo (RoleInfo.java:updateAndGet(139)) - 6e950c4a-83fa-42eb-b7f3-936364e499ea: start 6e950c4a-83fa-42eb-b7f3-936364e499ea@group-8859AB9EF78D-LeaderElection31
2023-05-23 10:26:00,311 [6e950c4a-83fa-42eb-b7f3-936364e499ea@group-8859AB9EF78D-LeaderElection31] INFO  impl.LeaderElection (LeaderElection.java:askForVotes(321)) - 6e950c4a-83fa-42eb-b7f3-936364e499ea@group-8859AB9EF78D-LeaderElection31 PRE_VOTE round 0: submit vote requests at term 0 for -1: peers:[6e950c4a-83fa-42eb-b7f3-936364e499ea|rpc:10.1.0.38:15133|admin:10.1.0.38:15132|client:10.1.0.38:15131|dataStream:10.1.0.38:15134|priority:1|startupRole:FOLLOWER]|listeners:[], old=null
2023-05-23 10:26:00,311 [6e950c4a-83fa-42eb-b7f3-936364e499ea@group-8859AB9EF78D-LeaderElection31] INFO  impl.LeaderElection (LeaderElection.java:askForVotes(323)) - 6e950c4a-83fa-42eb-b7f3-936364e499ea@group-8859AB9EF78D-LeaderElection31 PRE_VOTE round 0: result PASSED (term=0)
2023-05-23 10:26:00,312 [6e950c4a-83fa-42eb-b7f3-936364e499ea@group-8859AB9EF78D-LeaderElection31] INFO  impl.LeaderElection (LeaderElection.java:askForVotes(321)) - 6e950c4a-83fa-42eb-b7f3-936364e499ea@group-8859AB9EF78D-LeaderElection31 ELECTION round 0: submit vote requests at term 1 for -1: peers:[6e950c4a-83fa-42eb-b7f3-936364e499ea|rpc:10.1.0.38:15133|admin:10.1.0.38:15132|client:10.1.0.38:15131|dataStream:10.1.0.38:15134|priority:1|startupRole:FOLLOWER]|listeners:[], old=null
2023-05-23 10:26:00,313 [6e950c4a-83fa-42eb-b7f3-936364e499ea@group-8859AB9EF78D-LeaderElection31] INFO  impl.LeaderElection (LeaderElection.java:askForVotes(323)) - 6e950c4a-83fa-42eb-b7f3-936364e499ea@group-8859AB9EF78D-LeaderElection31 ELECTION round 0: result PASSED (term=1)
2023-05-23 10:26:00,313 [6e950c4a-83fa-42eb-b7f3-936364e499ea@group-8859AB9EF78D-LeaderElection31] INFO  impl.RoleInfo (RoleInfo.java:shutdownLeaderElection(130)) - 6e950c4a-83fa-42eb-b7f3-936364e499ea: shutdown 6e950c4a-83fa-42eb-b7f3-936364e499ea@group-8859AB9EF78D-LeaderElection31
2023-05-23 10:26:00,313 [6e950c4a-83fa-42eb-b7f3-936364e499ea@group-8859AB9EF78D-LeaderElection31] INFO  server.RaftServer$Division (RaftServerImpl.java:setRole(329)) - 6e950c4a-83fa-42eb-b7f3-936364e499ea@group-8859AB9EF78D: changes role from CANDIDATE to LEADER at term 1 for changeToLeader
2023-05-23 10:26:00,313 [6e950c4a-83fa-42eb-b7f3-936364e499ea@group-8859AB9EF78D-LeaderElection31] INFO  ratis.XceiverServerRatis (XceiverServerRatis.java:handleLeaderChangedNotification(904)) - Leader change notification received for group: group-8859AB9EF78D with new leaderId: 6e950c4a-83fa-42eb-b7f3-936364e499ea
2023-05-23 10:26:00,313 [6e950c4a-83fa-42eb-b7f3-936364e499ea@group-8859AB9EF78D-LeaderElection31] INFO  server.RaftServer$Division (ServerState.java:setLeader(317)) - 6e950c4a-83fa-42eb-b7f3-936364e499ea@group-8859AB9EF78D: change Leader from null to 6e950c4a-83fa-42eb-b7f3-936364e499ea at term 1 for becomeLeader, leader elected after 5068ms
2023-05-23 10:26:00,313 [6e950c4a-83fa-42eb-b7f3-936364e499ea@group-8859AB9EF78D-LeaderElection31] INFO  server.RaftServerConfigKeys (ConfUtils.java:logGet(46)) - raft.server.staging.catchup.gap = 1000 (default)
2023-05-23 10:26:00,313 [6e950c4a-83fa-42eb-b7f3-936364e499ea@group-8859AB9EF78D-LeaderElection31] INFO  server.RaftServerConfigKeys (ConfUtils.java:logGet(46)) - raft.server.write.element-limit = 1024 (custom)
2023-05-23 10:26:00,313 [6e950c4a-83fa-42eb-b7f3-936364e499ea@group-8859AB9EF78D-LeaderElection31] INFO  server.RaftServerConfigKeys (ConfUtils.java:logGet(46)) - raft.server.write.byte-limit = 1024 M (=1073741824) (custom)
2023-05-23 10:26:00,314 [6e950c4a-83fa-42eb-b7f3-936364e499ea@group-8859AB9EF78D-LeaderElection31] INFO  server.RaftServerConfigKeys (ConfUtils.java:logGet(46)) - raft.server.watch.timeout = 180s (custom)
2023-05-23 10:26:00,314 [6e950c4a-83fa-42eb-b7f3-936364e499ea@group-8859AB9EF78D-LeaderElection31] INFO  server.RaftServerConfigKeys (ConfUtils.java:logGet(46)) - raft.server.watch.timeout.denomination = 1s (default)
2023-05-23 10:26:00,314 [6e950c4a-83fa-42eb-b7f3-936364e499ea@group-8859AB9EF78D-LeaderElection31] INFO  server.RaftServerConfigKeys (ConfUtils.java:logGet(46)) - raft.server.watch.element-limit = 65536 (default)
2023-05-23 10:26:00,314 [6e950c4a-83fa-42eb-b7f3-936364e499ea@group-8859AB9EF78D-LeaderElection31] INFO  server.RaftServerConfigKeys (ConfUtils.java:logGet(46)) - raft.server.write.element-limit = 1024 (custom)
2023-05-23 10:26:00,314 [6e950c4a-83fa-42eb-b7f3-936364e499ea@group-8859AB9EF78D-LeaderElection31] INFO  server.RaftServerConfigKeys (ConfUtils.java:logGet(46)) - raft.server.write.follower.gap.ratio.max = -1.0 (default)
2023-05-23 10:26:00,314 [6e950c4a-83fa-42eb-b7f3-936364e499ea@group-8859AB9EF78D-LeaderElection31] INFO  impl.RoleInfo (RoleInfo.java:updateAndGet(139)) - 6e950c4a-83fa-42eb-b7f3-936364e499ea: start 6e950c4a-83fa-42eb-b7f3-936364e499ea@group-8859AB9EF78D-LeaderStateImpl
2023-05-23 10:26:00,317 [6e950c4a-83fa-42eb-b7f3-936364e499ea@group-8859AB9EF78D-LeaderElection31] INFO  segmented.SegmentedRaftLogWorker (SegmentedRaftLogWorker.java:startLogSegment(447)) - 6e950c4a-83fa-42eb-b7f3-936364e499ea@group-8859AB9EF78D-SegmentedRaftLogWorker: Starting segment from index:0
2023-05-23 10:26:00,318 [6e950c4a-83fa-42eb-b7f3-936364e499ea@group-8859AB9EF78D-LeaderElection31] INFO  server.RaftServer$Division (ServerState.java:setRaftConf(434)) - 6e950c4a-83fa-42eb-b7f3-936364e499ea@group-8859AB9EF78D: set configuration 0: peers:[6e950c4a-83fa-42eb-b7f3-936364e499ea|rpc:10.1.0.38:15133|admin:10.1.0.38:15132|client:10.1.0.38:15131|dataStream:10.1.0.38:15134|priority:1|startupRole:FOLLOWER]|listeners:[], old=null
2023-05-23 10:26:00,319 [6e950c4a-83fa-42eb-b7f3-936364e499ea@group-8859AB9EF78D-SegmentedRaftLogWorker] INFO  segmented.SegmentedRaftLogWorker (SegmentedRaftLogWorker.java:execute(651)) - 6e950c4a-83fa-42eb-b7f3-936364e499ea@group-8859AB9EF78D-SegmentedRaftLogWorker: created new log segment /home/runner/work/ozone/ozone/hadoop-ozone/integration-test/target/test-dir/MiniOzoneClusterImpl-bbf8790f-824b-49ae-85c2-11c1b792a20d/datanode-3/data/ratis/435416e2-3744-4f0a-b35f-8859ab9ef78d/current/log_inprogress_0
2023-05-23 10:26:00,575 [Listener at 127.0.0.1/15100] INFO  ozone.MiniOzoneClusterImpl (MiniOzoneClusterImpl.java:lambda$waitForClusterToBeReady$0(222)) - Nodes are ready. Got 5 of 5 DN Heartbeats.
2023-05-23 10:26:00,575 [Listener at 127.0.0.1/15100] INFO  ozone.MiniOzoneClusterImpl (MiniOzoneClusterImpl.java:lambda$waitForClusterToBeReady$0(225)) - Cluster exits safe mode
2023-05-23 10:26:00,575 [Listener at 127.0.0.1/15100] INFO  ozone.MiniOzoneClusterImpl (MiniOzoneClusterImpl.java:lambda$waitForClusterToBeReady$0(227)) - SCM became leader
2023-05-23 10:26:00,589 [Listener at 127.0.0.1/15100] INFO  rpc.RpcClient (RpcClient.java:createVolume(455)) - Creating Volume: vol1, with runner as owner and space quota set to -1 bytes, counts quota set to -1
2023-05-23 10:26:00,605 [OM StateMachine ApplyTransaction Thread - 0] INFO  volume.OMVolumeCreateRequest (OMVolumeCreateRequest.java:validateAndUpdateCache(196)) - created volume:vol1 for user:runner
2023-05-23 10:26:00,613 [Listener at 127.0.0.1/15100] INFO  rpc.RpcClient (RpcClient.java:createBucket(677)) - Creating Bucket: vol1/bucket1, with server-side default bucket layout, runner as owner, Versioning false, Storage Type set to DISK and Encryption set to false, Replication Type set to server-side default replication type, Namespace Quota set to -1, Space Quota set to -1 
2023-05-23 10:26:00,618 [OM StateMachine ApplyTransaction Thread - 0] INFO  bucket.OMBucketCreateRequest (OMBucketCreateRequest.java:validateAndUpdateCache(270)) - created bucket: bucket1 of layout FILE_SYSTEM_OPTIMIZED in volume: vol1
2023-05-23 10:26:00,639 [IPC Server handler 2 on default port 15097] INFO  ha.SequenceIdGenerator (SequenceIdGenerator.java:getNextId(128)) - Allocate a batch for containerId, change lastId from 0 to 1000.
2023-05-23 10:26:00,639 [IPC Server handler 2 on default port 15097] WARN  ha.SequenceIdGenerator (SequenceIdGenerator.java:allocateBatch(237)) - Failed to allocate a batch for localId, expected lastId is 0, actual lastId is 111677748019200000.
2023-05-23 10:26:00,640 [IPC Server handler 2 on default port 15097] INFO  ha.SequenceIdGenerator (SequenceIdGenerator.java:getNextId(128)) - Allocate a batch for localId, change lastId from 111677748019200000 to 111677748019201000.
2023-05-23 10:26:00,646 [790de1da-4581-4ab1-98ae-bd0ae5797406@group-28C61C381D58-FollowerState] INFO  impl.FollowerState (FollowerState.java:run(143)) - 790de1da-4581-4ab1-98ae-bd0ae5797406@group-28C61C381D58-FollowerState: change to CANDIDATE, lastRpcElapsedTime:5058290147ns, electionTimeout:5057ms
2023-05-23 10:26:00,646 [790de1da-4581-4ab1-98ae-bd0ae5797406@group-28C61C381D58-FollowerState] INFO  impl.RoleInfo (RoleInfo.java:shutdownFollowerState(110)) - 790de1da-4581-4ab1-98ae-bd0ae5797406: shutdown 790de1da-4581-4ab1-98ae-bd0ae5797406@group-28C61C381D58-FollowerState
2023-05-23 10:26:00,646 [790de1da-4581-4ab1-98ae-bd0ae5797406@group-28C61C381D58-FollowerState] INFO  server.RaftServer$Division (RaftServerImpl.java:setRole(329)) - 790de1da-4581-4ab1-98ae-bd0ae5797406@group-28C61C381D58: changes role from  FOLLOWER to CANDIDATE at term 0 for changeToCandidate
2023-05-23 10:26:00,653 [790de1da-4581-4ab1-98ae-bd0ae5797406@group-28C61C381D58-FollowerState] INFO  server.RaftServerConfigKeys (ConfUtils.java:logGet(46)) - raft.server.leaderelection.pre-vote = true (default)
2023-05-23 10:26:00,653 [790de1da-4581-4ab1-98ae-bd0ae5797406@group-28C61C381D58-FollowerState] INFO  impl.RoleInfo (RoleInfo.java:updateAndGet(139)) - 790de1da-4581-4ab1-98ae-bd0ae5797406: start 790de1da-4581-4ab1-98ae-bd0ae5797406@group-28C61C381D58-LeaderElection32
2023-05-23 10:26:00,658 [790de1da-4581-4ab1-98ae-bd0ae5797406@group-28C61C381D58-LeaderElection32] INFO  impl.LeaderElection (LeaderElection.java:askForVotes(321)) - 790de1da-4581-4ab1-98ae-bd0ae5797406@group-28C61C381D58-LeaderElection32 PRE_VOTE round 0: submit vote requests at term 0 for -1: peers:[790de1da-4581-4ab1-98ae-bd0ae5797406|rpc:10.1.0.38:15141|admin:10.1.0.38:15140|client:10.1.0.38:15139|dataStream:10.1.0.38:15142|priority:1|startupRole:FOLLOWER]|listeners:[], old=null
2023-05-23 10:26:00,658 [790de1da-4581-4ab1-98ae-bd0ae5797406@group-28C61C381D58-LeaderElection32] INFO  impl.LeaderElection (LeaderElection.java:askForVotes(323)) - 790de1da-4581-4ab1-98ae-bd0ae5797406@group-28C61C381D58-LeaderElection32 PRE_VOTE round 0: result PASSED (term=0)
2023-05-23 10:26:00,660 [790de1da-4581-4ab1-98ae-bd0ae5797406@group-28C61C381D58-LeaderElection32] INFO  impl.LeaderElection (LeaderElection.java:askForVotes(321)) - 790de1da-4581-4ab1-98ae-bd0ae5797406@group-28C61C381D58-LeaderElection32 ELECTION round 0: submit vote requests at term 1 for -1: peers:[790de1da-4581-4ab1-98ae-bd0ae5797406|rpc:10.1.0.38:15141|admin:10.1.0.38:15140|client:10.1.0.38:15139|dataStream:10.1.0.38:15142|priority:1|startupRole:FOLLOWER]|listeners:[], old=null
2023-05-23 10:26:00,660 [790de1da-4581-4ab1-98ae-bd0ae5797406@group-28C61C381D58-LeaderElection32] INFO  impl.LeaderElection (LeaderElection.java:askForVotes(323)) - 790de1da-4581-4ab1-98ae-bd0ae5797406@group-28C61C381D58-LeaderElection32 ELECTION round 0: result PASSED (term=1)
2023-05-23 10:26:00,660 [790de1da-4581-4ab1-98ae-bd0ae5797406@group-28C61C381D58-LeaderElection32] INFO  impl.RoleInfo (RoleInfo.java:shutdownLeaderElection(130)) - 790de1da-4581-4ab1-98ae-bd0ae5797406: shutdown 790de1da-4581-4ab1-98ae-bd0ae5797406@group-28C61C381D58-LeaderElection32
2023-05-23 10:26:00,660 [790de1da-4581-4ab1-98ae-bd0ae5797406@group-28C61C381D58-LeaderElection32] INFO  server.RaftServer$Division (RaftServerImpl.java:setRole(329)) - 790de1da-4581-4ab1-98ae-bd0ae5797406@group-28C61C381D58: changes role from CANDIDATE to LEADER at term 1 for changeToLeader
2023-05-23 10:26:00,660 [790de1da-4581-4ab1-98ae-bd0ae5797406@group-28C61C381D58-LeaderElection32] INFO  ratis.XceiverServerRatis (XceiverServerRatis.java:handleLeaderChangedNotification(904)) - Leader change notification received for group: group-28C61C381D58 with new leaderId: 790de1da-4581-4ab1-98ae-bd0ae5797406
2023-05-23 10:26:00,660 [790de1da-4581-4ab1-98ae-bd0ae5797406@group-28C61C381D58-LeaderElection32] INFO  server.RaftServer$Division (ServerState.java:setLeader(317)) - 790de1da-4581-4ab1-98ae-bd0ae5797406@group-28C61C381D58: change Leader from null to 790de1da-4581-4ab1-98ae-bd0ae5797406 at term 1 for becomeLeader, leader elected after 5090ms
2023-05-23 10:26:00,661 [790de1da-4581-4ab1-98ae-bd0ae5797406@group-28C61C381D58-LeaderElection32] INFO  server.RaftServerConfigKeys (ConfUtils.java:logGet(46)) - raft.server.staging.catchup.gap = 1000 (default)
2023-05-23 10:26:00,661 [790de1da-4581-4ab1-98ae-bd0ae5797406@group-28C61C381D58-LeaderElection32] INFO  server.RaftServerConfigKeys (ConfUtils.java:logGet(46)) - raft.server.write.element-limit = 1024 (custom)
2023-05-23 10:26:00,661 [790de1da-4581-4ab1-98ae-bd0ae5797406@group-28C61C381D58-LeaderElection32] INFO  server.RaftServerConfigKeys (ConfUtils.java:logGet(46)) - raft.server.write.byte-limit = 1024 M (=1073741824) (custom)
2023-05-23 10:26:00,661 [790de1da-4581-4ab1-98ae-bd0ae5797406@group-28C61C381D58-LeaderElection32] INFO  server.RaftServerConfigKeys (ConfUtils.java:logGet(46)) - raft.server.watch.timeout = 180s (custom)
2023-05-23 10:26:00,661 [790de1da-4581-4ab1-98ae-bd0ae5797406@group-28C61C381D58-LeaderElection32] INFO  server.RaftServerConfigKeys (ConfUtils.java:logGet(46)) - raft.server.watch.timeout.denomination = 1s (default)
2023-05-23 10:26:00,661 [790de1da-4581-4ab1-98ae-bd0ae5797406@group-28C61C381D58-LeaderElection32] INFO  server.RaftServerConfigKeys (ConfUtils.java:logGet(46)) - raft.server.watch.element-limit = 65536 (default)
2023-05-23 10:26:00,661 [790de1da-4581-4ab1-98ae-bd0ae5797406@group-28C61C381D58-LeaderElection32] INFO  server.RaftServerConfigKeys (ConfUtils.java:logGet(46)) - raft.server.write.element-limit = 1024 (custom)
2023-05-23 10:26:00,661 [790de1da-4581-4ab1-98ae-bd0ae5797406@group-28C61C381D58-LeaderElection32] INFO  server.RaftServerConfigKeys (ConfUtils.java:logGet(46)) - raft.server.write.follower.gap.ratio.max = -1.0 (default)
2023-05-23 10:26:00,661 [790de1da-4581-4ab1-98ae-bd0ae5797406@group-28C61C381D58-LeaderElection32] INFO  impl.RoleInfo (RoleInfo.java:updateAndGet(139)) - 790de1da-4581-4ab1-98ae-bd0ae5797406: start 790de1da-4581-4ab1-98ae-bd0ae5797406@group-28C61C381D58-LeaderStateImpl
2023-05-23 10:26:00,661 [790de1da-4581-4ab1-98ae-bd0ae5797406@group-28C61C381D58-LeaderElection32] INFO  segmented.SegmentedRaftLogWorker (SegmentedRaftLogWorker.java:startLogSegment(447)) - 790de1da-4581-4ab1-98ae-bd0ae5797406@group-28C61C381D58-SegmentedRaftLogWorker: Starting segment from index:0
2023-05-23 10:26:00,663 [790de1da-4581-4ab1-98ae-bd0ae5797406@group-28C61C381D58-SegmentedRaftLogWorker] INFO  segmented.SegmentedRaftLogWorker (SegmentedRaftLogWorker.java:execute(651)) - 790de1da-4581-4ab1-98ae-bd0ae5797406@group-28C61C381D58-SegmentedRaftLogWorker: created new log segment /home/runner/work/ozone/ozone/hadoop-ozone/integration-test/target/test-dir/MiniOzoneClusterImpl-bbf8790f-824b-49ae-85c2-11c1b792a20d/datanode-4/data/ratis/fdae6696-d0cc-4c4f-9491-28c61c381d58/current/log_inprogress_0
2023-05-23 10:26:00,671 [790de1da-4581-4ab1-98ae-bd0ae5797406@group-28C61C381D58-LeaderElection32] INFO  server.RaftServer$Division (ServerState.java:setRaftConf(434)) - 790de1da-4581-4ab1-98ae-bd0ae5797406@group-28C61C381D58: set configuration 0: peers:[790de1da-4581-4ab1-98ae-bd0ae5797406|rpc:10.1.0.38:15141|admin:10.1.0.38:15140|client:10.1.0.38:15139|dataStream:10.1.0.38:15142|priority:1|startupRole:FOLLOWER]|listeners:[], old=null
2023-05-23 10:26:00,753 [ReplicationMonitor] INFO  replication.ReplicationManager (ReplicationManager.java:processAll(375)) - Replication Manager is not ready to run until 3000ms after safemode exit
2023-05-23 10:26:00,770 [EventQueue-CloseContainerForCloseContainerEventHandler] INFO  container.CloseContainerEventHandler (CloseContainerEventHandler.java:onMessage(89)) - Close container Event triggered for container : #1, current state: OPEN
2023-05-23 10:26:00,771 [EventQueue-CloseContainerForCloseContainerEventHandler] INFO  container.CloseContainerEventHandler (CloseContainerEventHandler.java:onMessage(89)) - Close container Event triggered for container : #1, current state: CLOSING
2023-05-23 10:26:00,771 [EventQueue-CloseContainerForCloseContainerEventHandler] INFO  container.CloseContainerEventHandler (CloseContainerEventHandler.java:onMessage(89)) - Close container Event triggered for container : #1, current state: CLOSING
2023-05-23 10:26:01,753 [ReplicationMonitor] INFO  replication.ReplicationManager (ReplicationManager.java:processAll(375)) - Replication Manager is not ready to run until 3000ms after safemode exit
2023-05-23 10:26:02,754 [ReplicationMonitor] INFO  replication.ReplicationManager (ReplicationManager.java:sendDatanodeCommand(684)) - Sending command [closeContainerCommand: containerID: 1, pipelineID: PipelineID=362d79f6-c8d2-406a-8969-d8d700e0c36a, force: false] for container ContainerInfo{id=#1, state=CLOSING, pipelineID=PipelineID=362d79f6-c8d2-406a-8969-d8d700e0c36a, stateEnterTime=2023-05-23T10:26:00.639Z, owner=om1} to 4423aca3-b60e-4ab8-b093-c0faf93dfaca(fv-az1249-304/10.1.0.38) with datanode deadline 1684838132754 and scm deadline 1684838162754
2023-05-23 10:26:02,754 [ReplicationMonitor] INFO  replication.ReplicationManager (ReplicationManager.java:sendDatanodeCommand(684)) - Sending command [closeContainerCommand: containerID: 1, pipelineID: PipelineID=362d79f6-c8d2-406a-8969-d8d700e0c36a, force: false] for container ContainerInfo{id=#1, state=CLOSING, pipelineID=PipelineID=362d79f6-c8d2-406a-8969-d8d700e0c36a, stateEnterTime=2023-05-23T10:26:00.639Z, owner=om1} to c8934a7e-3164-45c1-bd4f-8a83062f2a8f(fv-az1249-304/10.1.0.38) with datanode deadline 1684838132754 and scm deadline 1684838162754
2023-05-23 10:26:02,754 [ReplicationMonitor] INFO  replication.ReplicationManager (ReplicationManager.java:sendDatanodeCommand(684)) - Sending command [closeContainerCommand: containerID: 1, pipelineID: PipelineID=362d79f6-c8d2-406a-8969-d8d700e0c36a, force: false] for container ContainerInfo{id=#1, state=CLOSING, pipelineID=PipelineID=362d79f6-c8d2-406a-8969-d8d700e0c36a, stateEnterTime=2023-05-23T10:26:00.639Z, owner=om1} to 54284929-3371-4a1e-b544-6f7fda27a691(fv-az1249-304/10.1.0.38) with datanode deadline 1684838132754 and scm deadline 1684838162754
2023-05-23 10:26:02,754 [ReplicationMonitor] INFO  replication.ReplicationManager (ReplicationManager.java:processAll(403)) - Replication Monitor Thread took 1 milliseconds for processing 1 containers.
2023-05-23 10:26:03,705 [ContainerOp-362d79f6-c8d2-406a-8969-d8d700e0c36a-2] INFO  keyvalue.KeyValueContainer (KeyValueContainer.java:flushAndSyncDB(446)) - Container 1 is synced with bcsId 2.
2023-05-23 10:26:03,705 [ContainerOp-362d79f6-c8d2-406a-8969-d8d700e0c36a-2] INFO  keyvalue.KeyValueContainer (KeyValueContainer.java:flushAndSyncDB(446)) - Container 1 is synced with bcsId 2.
2023-05-23 10:26:03,708 [ContainerOp-362d79f6-c8d2-406a-8969-d8d700e0c36a-2] INFO  keyvalue.KeyValueContainer (KeyValueContainer.java:close(361)) - Container 1 is closed with bcsId 2.
2023-05-23 10:26:03,714 [ContainerOp-362d79f6-c8d2-406a-8969-d8d700e0c36a-2] INFO  keyvalue.KeyValueContainer (KeyValueContainer.java:flushAndSyncDB(446)) - Container 1 is synced with bcsId 2.
2023-05-23 10:26:03,714 [ContainerOp-362d79f6-c8d2-406a-8969-d8d700e0c36a-2] INFO  keyvalue.KeyValueContainer (KeyValueContainer.java:flushAndSyncDB(446)) - Container 1 is synced with bcsId 2.
2023-05-23 10:26:03,716 [FixedThreadPoolWithAffinityExecutor-9-0] INFO  container.IncrementalContainerReportHandler (AbstractContainerReportHandler.java:updateContainerState(310)) - Moving container #1 to CLOSED state, datanode 54284929-3371-4a1e-b544-6f7fda27a691(fv-az1249-304/10.1.0.38) reported CLOSED replica with index 0.
2023-05-23 10:26:03,718 [ContainerOp-362d79f6-c8d2-406a-8969-d8d700e0c36a-2] INFO  keyvalue.KeyValueContainer (KeyValueContainer.java:close(361)) - Container 1 is closed with bcsId 2.
2023-05-23 10:26:03,721 [ContainerOp-362d79f6-c8d2-406a-8969-d8d700e0c36a-2] INFO  keyvalue.KeyValueContainer (KeyValueContainer.java:flushAndSyncDB(446)) - Container 1 is synced with bcsId 2.
2023-05-23 10:26:03,721 [ContainerOp-362d79f6-c8d2-406a-8969-d8d700e0c36a-2] INFO  keyvalue.KeyValueContainer (KeyValueContainer.java:flushAndSyncDB(446)) - Container 1 is synced with bcsId 2.
2023-05-23 10:26:03,723 [ContainerOp-362d79f6-c8d2-406a-8969-d8d700e0c36a-2] INFO  keyvalue.KeyValueContainer (KeyValueContainer.java:close(361)) - Container 1 is closed with bcsId 2.
2023-05-23 10:26:03,755 [ReplicationMonitor] INFO  replication.ReplicationManager (ReplicationManager.java:processAll(403)) - Replication Monitor Thread took 1 milliseconds for processing 1 containers.
2023-05-23 10:26:03,772 [Listener at 127.0.0.1/15100] INFO  ozoneimpl.OzoneContainer (OzoneContainer.java:stop(419)) - Attempting to stop container services.
2023-05-23 10:26:03,772 [Listener at 127.0.0.1/15100] INFO  server.RaftServer (RaftServerProxy.java:lambda$close$6(416)) - 4423aca3-b60e-4ab8-b093-c0faf93dfaca: close
2023-05-23 10:26:03,773 [4423aca3-b60e-4ab8-b093-c0faf93dfaca-impl-thread1] INFO  server.RaftServer$Division (RaftServerImpl.java:lambda$close$4(466)) - 4423aca3-b60e-4ab8-b093-c0faf93dfaca@group-4F9513BB0631: shutdown
2023-05-23 10:26:03,773 [4423aca3-b60e-4ab8-b093-c0faf93dfaca-impl-thread1] INFO  util.JmxRegister (JmxRegister.java:unregister(73)) - Successfully un-registered JMX Bean with object name Ratis:service=RaftServer,group=group-4F9513BB0631,id=4423aca3-b60e-4ab8-b093-c0faf93dfaca
2023-05-23 10:26:03,773 [4423aca3-b60e-4ab8-b093-c0faf93dfaca-impl-thread1] INFO  impl.RoleInfo (RoleInfo.java:shutdownLeaderState(93)) - 4423aca3-b60e-4ab8-b093-c0faf93dfaca: shutdown 4423aca3-b60e-4ab8-b093-c0faf93dfaca@group-4F9513BB0631-LeaderStateImpl
2023-05-23 10:26:03,773 [4423aca3-b60e-4ab8-b093-c0faf93dfaca-impl-thread1] INFO  impl.PendingRequests (PendingRequests.java:sendNotLeaderResponses(289)) - 4423aca3-b60e-4ab8-b093-c0faf93dfaca@group-4F9513BB0631-PendingRequests: sendNotLeaderResponses
2023-05-23 10:26:03,773 [4423aca3-b60e-4ab8-b093-c0faf93dfaca-impl-thread2] INFO  server.RaftServer$Division (RaftServerImpl.java:lambda$close$4(466)) - 4423aca3-b60e-4ab8-b093-c0faf93dfaca@group-D8D700E0C36A: shutdown
2023-05-23 10:26:03,774 [4423aca3-b60e-4ab8-b093-c0faf93dfaca-impl-thread2] INFO  util.JmxRegister (JmxRegister.java:unregister(73)) - Successfully un-registered JMX Bean with object name Ratis:service=RaftServer,group=group-D8D700E0C36A,id=4423aca3-b60e-4ab8-b093-c0faf93dfaca
2023-05-23 10:26:03,774 [4423aca3-b60e-4ab8-b093-c0faf93dfaca-impl-thread2] INFO  impl.RoleInfo (RoleInfo.java:shutdownFollowerState(110)) - 4423aca3-b60e-4ab8-b093-c0faf93dfaca: shutdown 4423aca3-b60e-4ab8-b093-c0faf93dfaca@group-D8D700E0C36A-FollowerState
2023-05-23 10:26:03,774 [4423aca3-b60e-4ab8-b093-c0faf93dfaca@group-4F9513BB0631-StateMachineUpdater] INFO  ratis.ContainerStateMachine (ContainerStateMachine.java:takeSnapshot(330)) - group-4F9513BB0631: Taking a snapshot at:(t:1, i:0) file /home/runner/work/ozone/ozone/hadoop-ozone/integration-test/target/test-dir/MiniOzoneClusterImpl-bbf8790f-824b-49ae-85c2-11c1b792a20d/datanode-0/data/ratis/7f620d81-5e62-4566-835b-4f9513bb0631/sm/snapshot.1_0
2023-05-23 10:26:03,774 [Listener at 127.0.0.1/15100] INFO  server.GrpcService (GrpcService.java:closeImpl(311)) - 4423aca3-b60e-4ab8-b093-c0faf93dfaca: shutdown server org.apache.ratis.grpc.server.GrpcClientProtocolService now
2023-05-23 10:26:03,774 [4423aca3-b60e-4ab8-b093-c0faf93dfaca@group-D8D700E0C36A-FollowerState] INFO  impl.FollowerState (FollowerState.java:run(152)) - 4423aca3-b60e-4ab8-b093-c0faf93dfaca@group-D8D700E0C36A-FollowerState was interrupted
2023-05-23 10:26:03,774 [4423aca3-b60e-4ab8-b093-c0faf93dfaca@group-D8D700E0C36A-StateMachineUpdater] INFO  ratis.ContainerStateMachine (ContainerStateMachine.java:takeSnapshot(330)) - group-D8D700E0C36A: Taking a snapshot at:(t:1, i:5) file /home/runner/work/ozone/ozone/hadoop-ozone/integration-test/target/test-dir/MiniOzoneClusterImpl-bbf8790f-824b-49ae-85c2-11c1b792a20d/datanode-0/data/ratis/362d79f6-c8d2-406a-8969-d8d700e0c36a/sm/snapshot.1_5
2023-05-23 10:26:03,775 [4423aca3-b60e-4ab8-b093-c0faf93dfaca-impl-thread2] INFO  impl.StateMachineUpdater (StateMachineUpdater.java:stopAndJoin(155)) - 4423aca3-b60e-4ab8-b093-c0faf93dfaca@group-D8D700E0C36A-StateMachineUpdater: set stopIndex = 5
2023-05-23 10:26:03,774 [4423aca3-b60e-4ab8-b093-c0faf93dfaca-impl-thread1] INFO  impl.StateMachineUpdater (StateMachineUpdater.java:stopAndJoin(155)) - 4423aca3-b60e-4ab8-b093-c0faf93dfaca@group-4F9513BB0631-StateMachineUpdater: set stopIndex = 0
2023-05-23 10:26:03,775 [4423aca3-b60e-4ab8-b093-c0faf93dfaca-impl-thread3] INFO  server.RaftServer$Division (RaftServerImpl.java:lambda$close$4(466)) - 4423aca3-b60e-4ab8-b093-c0faf93dfaca@group-53464B176A33: shutdown
2023-05-23 10:26:03,775 [4423aca3-b60e-4ab8-b093-c0faf93dfaca-impl-thread3] INFO  util.JmxRegister (JmxRegister.java:unregister(73)) - Successfully un-registered JMX Bean with object name Ratis:service=RaftServer,group=group-53464B176A33,id=4423aca3-b60e-4ab8-b093-c0faf93dfaca
2023-05-23 10:26:03,775 [4423aca3-b60e-4ab8-b093-c0faf93dfaca-impl-thread3] INFO  impl.RoleInfo (RoleInfo.java:shutdownFollowerState(110)) - 4423aca3-b60e-4ab8-b093-c0faf93dfaca: shutdown 4423aca3-b60e-4ab8-b093-c0faf93dfaca@group-53464B176A33-FollowerState
2023-05-23 10:26:03,776 [4423aca3-b60e-4ab8-b093-c0faf93dfaca@group-D8D700E0C36A-StateMachineUpdater] INFO  ratis.ContainerStateMachine (ContainerStateMachine.java:takeSnapshot(341)) - group-D8D700E0C36A: Finished taking a snapshot at:(t:1, i:5) file:/home/runner/work/ozone/ozone/hadoop-ozone/integration-test/target/test-dir/MiniOzoneClusterImpl-bbf8790f-824b-49ae-85c2-11c1b792a20d/datanode-0/data/ratis/362d79f6-c8d2-406a-8969-d8d700e0c36a/sm/snapshot.1_5 took: 2 ms
2023-05-23 10:26:03,776 [Thread-1515] INFO  server.GrpcServerProtocolClient (GrpcServerProtocolClient.java:close(103)) - c8934a7e-3164-45c1-bd4f-8a83062f2a8f Close channels
2023-05-23 10:26:03,777 [4423aca3-b60e-4ab8-b093-c0faf93dfaca@group-D8D700E0C36A-StateMachineUpdater] INFO  impl.StateMachineUpdater (StateMachineUpdater.java:takeSnapshot(291)) - 4423aca3-b60e-4ab8-b093-c0faf93dfaca@group-D8D700E0C36A-StateMachineUpdater: Took a snapshot at index 5
2023-05-23 10:26:03,777 [4423aca3-b60e-4ab8-b093-c0faf93dfaca@group-4F9513BB0631-StateMachineUpdater] INFO  ratis.ContainerStateMachine (ContainerStateMachine.java:takeSnapshot(341)) - group-4F9513BB0631: Finished taking a snapshot at:(t:1, i:0) file:/home/runner/work/ozone/ozone/hadoop-ozone/integration-test/target/test-dir/MiniOzoneClusterImpl-bbf8790f-824b-49ae-85c2-11c1b792a20d/datanode-0/data/ratis/7f620d81-5e62-4566-835b-4f9513bb0631/sm/snapshot.1_0 took: 2 ms
2023-05-23 10:26:03,777 [4423aca3-b60e-4ab8-b093-c0faf93dfaca@group-4F9513BB0631-StateMachineUpdater] INFO  impl.StateMachineUpdater (StateMachineUpdater.java:takeSnapshot(291)) - 4423aca3-b60e-4ab8-b093-c0faf93dfaca@group-4F9513BB0631-StateMachineUpdater: Took a snapshot at index 0
2023-05-23 10:26:03,777 [4423aca3-b60e-4ab8-b093-c0faf93dfaca@group-4F9513BB0631-StateMachineUpdater] INFO  impl.StateMachineUpdater (StateMachineUpdater.java:lambda$new$0(97)) - 4423aca3-b60e-4ab8-b093-c0faf93dfaca@group-4F9513BB0631-StateMachineUpdater: snapshotIndex: updateIncreasingly -1 -> 0
2023-05-23 10:26:03,777 [4423aca3-b60e-4ab8-b093-c0faf93dfaca@group-53464B176A33-FollowerState] INFO  impl.FollowerState (FollowerState.java:run(152)) - 4423aca3-b60e-4ab8-b093-c0faf93dfaca@group-53464B176A33-FollowerState was interrupted
2023-05-23 10:26:03,777 [4423aca3-b60e-4ab8-b093-c0faf93dfaca-impl-thread1] INFO  server.RaftServer$Division (ServerState.java:close(472)) - 4423aca3-b60e-4ab8-b093-c0faf93dfaca@group-4F9513BB0631: closes. applyIndex: 0
2023-05-23 10:26:03,777 [4423aca3-b60e-4ab8-b093-c0faf93dfaca@group-D8D700E0C36A-StateMachineUpdater] INFO  impl.StateMachineUpdater (StateMachineUpdater.java:lambda$new$0(97)) - 4423aca3-b60e-4ab8-b093-c0faf93dfaca@group-D8D700E0C36A-StateMachineUpdater: snapshotIndex: updateIncreasingly -1 -> 5
2023-05-23 10:26:03,779 [4423aca3-b60e-4ab8-b093-c0faf93dfaca-impl-thread2] INFO  server.RaftServer$Division (ServerState.java:close(472)) - 4423aca3-b60e-4ab8-b093-c0faf93dfaca@group-D8D700E0C36A: closes. applyIndex: 5
2023-05-23 10:26:03,780 [Thread-1516] INFO  server.GrpcServerProtocolClient (GrpcServerProtocolClient.java:close(103)) - 54284929-3371-4a1e-b544-6f7fda27a691 Close channels
2023-05-23 10:26:03,780 [4423aca3-b60e-4ab8-b093-c0faf93dfaca-impl-thread3] INFO  impl.StateMachineUpdater (StateMachineUpdater.java:stopAndJoin(155)) - 4423aca3-b60e-4ab8-b093-c0faf93dfaca@group-53464B176A33-StateMachineUpdater: set stopIndex = 0
2023-05-23 10:26:03,780 [4423aca3-b60e-4ab8-b093-c0faf93dfaca@group-53464B176A33-StateMachineUpdater] INFO  ratis.ContainerStateMachine (ContainerStateMachine.java:takeSnapshot(330)) - group-53464B176A33: Taking a snapshot at:(t:1, i:0) file /home/runner/work/ozone/ozone/hadoop-ozone/integration-test/target/test-dir/MiniOzoneClusterImpl-bbf8790f-824b-49ae-85c2-11c1b792a20d/datanode-0/data/ratis/3417e7a8-d8c8-49d9-9466-53464b176a33/sm/snapshot.1_0
2023-05-23 10:26:03,782 [Listener at 127.0.0.1/15100] INFO  server.GrpcService (GrpcService.java:closeImpl(320)) - 4423aca3-b60e-4ab8-b093-c0faf93dfaca: shutdown server org.apache.ratis.grpc.server.GrpcClientProtocolService successfully
2023-05-23 10:26:03,782 [Listener at 127.0.0.1/15100] INFO  server.GrpcService (GrpcService.java:closeImpl(311)) - 4423aca3-b60e-4ab8-b093-c0faf93dfaca: shutdown server GrpcServerProtocolService now
2023-05-23 10:26:03,783 [4423aca3-b60e-4ab8-b093-c0faf93dfaca@group-53464B176A33-StateMachineUpdater] INFO  ratis.ContainerStateMachine (ContainerStateMachine.java:takeSnapshot(341)) - group-53464B176A33: Finished taking a snapshot at:(t:1, i:0) file:/home/runner/work/ozone/ozone/hadoop-ozone/integration-test/target/test-dir/MiniOzoneClusterImpl-bbf8790f-824b-49ae-85c2-11c1b792a20d/datanode-0/data/ratis/3417e7a8-d8c8-49d9-9466-53464b176a33/sm/snapshot.1_0 took: 3 ms
2023-05-23 10:26:03,783 [4423aca3-b60e-4ab8-b093-c0faf93dfaca@group-53464B176A33-StateMachineUpdater] INFO  impl.StateMachineUpdater (StateMachineUpdater.java:takeSnapshot(291)) - 4423aca3-b60e-4ab8-b093-c0faf93dfaca@group-53464B176A33-StateMachineUpdater: Took a snapshot at index 0
2023-05-23 10:26:03,783 [4423aca3-b60e-4ab8-b093-c0faf93dfaca@group-53464B176A33-StateMachineUpdater] INFO  impl.StateMachineUpdater (StateMachineUpdater.java:lambda$new$0(97)) - 4423aca3-b60e-4ab8-b093-c0faf93dfaca@group-53464B176A33-StateMachineUpdater: snapshotIndex: updateIncreasingly -1 -> 0
2023-05-23 10:26:03,784 [grpc-default-executor-1] WARN  server.GrpcServerProtocolService (LogUtils.java:warn(122)) - 4423aca3-b60e-4ab8-b093-c0faf93dfaca: APPEND_ENTRIES onError, lastRequest: 54284929-3371-4a1e-b544-6f7fda27a691->4423aca3-b60e-4ab8-b093-c0faf93dfaca#12-t1,previous=(t:1, i:5),leaderCommit=5,initializing? true,entries: size=1, first=(t:1, i:6), METADATAENTRY(c:5): org.apache.ratis.thirdparty.io.grpc.StatusRuntimeException: CANCELLED: client cancelled
2023-05-23 10:26:03,784 [grpc-default-executor-3] WARN  server.GrpcServerProtocolService (LogUtils.java:warn(122)) - 4423aca3-b60e-4ab8-b093-c0faf93dfaca: APPEND_ENTRIES onError, lastRequest: null: org.apache.ratis.thirdparty.io.grpc.StatusRuntimeException: CANCELLED: client cancelled
2023-05-23 10:26:03,784 [grpc-default-executor-2] WARN  server.GrpcServerProtocolService (LogUtils.java:warn(122)) - 4423aca3-b60e-4ab8-b093-c0faf93dfaca: APPEND_ENTRIES onError, lastRequest: c8934a7e-3164-45c1-bd4f-8a83062f2a8f->4423aca3-b60e-4ab8-b093-c0faf93dfaca#1-t1,previous=(t:0, i:0),leaderCommit=-1,initializing? true,entries: size=1, first=(t:1, i:0), CONFIGURATIONENTRY(current:id: "4423aca3-b60e-4ab8-b093-c0faf93dfaca"
address: "10.1.0.38:15109"
dataStreamAddress: "10.1.0.38:15110"
clientAddress: "10.1.0.38:15107"
adminAddress: "10.1.0.38:15108"
startupRole: FOLLOWER
,id: "c8934a7e-3164-45c1-bd4f-8a83062f2a8f"
address: "10.1.0.38:15125"
priority: 1
dataStreamAddress: "10.1.0.38:15126"
clientAddress: "10.1.0.38:15123"
adminAddress: "10.1.0.38:15124"
startupRole: FOLLOWER
,id: "54284929-3371-4a1e-b544-6f7fda27a691"
address: "10.1.0.38:15117"
dataStreamAddress: "10.1.0.38:15118"
clientAddress: "10.1.0.38:15115"
adminAddress: "10.1.0.38:15116"
startupRole: FOLLOWER
, old:): org.apache.ratis.thirdparty.io.grpc.StatusRuntimeException: CANCELLED: client cancelled
2023-05-23 10:26:03,785 [grpc-default-executor-1] WARN  server.GrpcLogAppender (LogUtils.java:warn(122)) - 54284929-3371-4a1e-b544-6f7fda27a691@group-D8D700E0C36A->4423aca3-b60e-4ab8-b093-c0faf93dfaca-AppendLogResponseHandler: Failed appendEntries: org.apache.ratis.thirdparty.io.grpc.StatusRuntimeException: CANCELLED: RST_STREAM closed stream. HTTP/2 error code: CANCEL
2023-05-23 10:26:03,785 [grpc-default-executor-1] INFO  leader.FollowerInfo (FollowerInfoImpl.java:lambda$new$0(52)) - 54284929-3371-4a1e-b544-6f7fda27a691@group-D8D700E0C36A->4423aca3-b60e-4ab8-b093-c0faf93dfaca: decreaseNextIndex nextIndex: updateUnconditionally 7 -> 6
2023-05-23 10:26:03,785 [4423aca3-b60e-4ab8-b093-c0faf93dfaca-impl-thread3] INFO  server.RaftServer$Division (ServerState.java:close(472)) - 4423aca3-b60e-4ab8-b093-c0faf93dfaca@group-53464B176A33: closes. applyIndex: 0
2023-05-23 10:26:03,786 [grpc-default-executor-1] WARN  server.GrpcServerProtocolService (LogUtils.java:warn(122)) - 4423aca3-b60e-4ab8-b093-c0faf93dfaca: APPEND_ENTRIES onError, lastRequest: null: org.apache.ratis.thirdparty.io.grpc.StatusRuntimeException: CANCELLED: client cancelled
2023-05-23 10:26:03,787 [grpc-default-executor-7] WARN  server.GrpcLogAppender (LogUtils.java:warn(122)) - c8934a7e-3164-45c1-bd4f-8a83062f2a8f@group-53464B176A33->4423aca3-b60e-4ab8-b093-c0faf93dfaca-AppendLogResponseHandler: Failed appendEntries: org.apache.ratis.thirdparty.io.grpc.StatusRuntimeException: CANCELLED: RST_STREAM closed stream. HTTP/2 error code: CANCEL
2023-05-23 10:26:03,787 [grpc-default-executor-7] WARN  server.GrpcLogAppender (GrpcLogAppender.java:resetClient(128)) - c8934a7e-3164-45c1-bd4f-8a83062f2a8f@group-53464B176A33->4423aca3-b60e-4ab8-b093-c0faf93dfaca-GrpcLogAppender: Follower failed when matchIndex == 0,  keep nextIndex (1) unchanged and retry.
2023-05-23 10:26:03,787 [grpc-default-executor-4] WARN  server.GrpcLogAppender (LogUtils.java:warn(122)) - 54284929-3371-4a1e-b544-6f7fda27a691@group-D8D700E0C36A->4423aca3-b60e-4ab8-b093-c0faf93dfaca-AppendLogResponseHandler: Failed appendEntries: org.apache.ratis.thirdparty.io.grpc.StatusRuntimeException: CANCELLED: RST_STREAM closed stream. HTTP/2 error code: CANCEL
2023-05-23 10:26:03,787 [grpc-default-executor-4] INFO  leader.FollowerInfo (FollowerInfoImpl.java:lambda$new$0(52)) - 54284929-3371-4a1e-b544-6f7fda27a691@group-D8D700E0C36A->4423aca3-b60e-4ab8-b093-c0faf93dfaca: decreaseNextIndex nextIndex: updateUnconditionally 6 -> 5
2023-05-23 10:26:03,794 [grpc-default-executor-8] WARN  server.GrpcLogAppender (LogUtils.java:warn(122)) - c8934a7e-3164-45c1-bd4f-8a83062f2a8f@group-53464B176A33->4423aca3-b60e-4ab8-b093-c0faf93dfaca-AppendLogResponseHandler: Failed appendEntries: org.apache.ratis.thirdparty.io.grpc.StatusRuntimeException: CANCELLED: RST_STREAM closed stream. HTTP/2 error code: CANCEL
2023-05-23 10:26:03,794 [grpc-default-executor-8] WARN  server.GrpcLogAppender (GrpcLogAppender.java:resetClient(128)) - c8934a7e-3164-45c1-bd4f-8a83062f2a8f@group-53464B176A33->4423aca3-b60e-4ab8-b093-c0faf93dfaca-GrpcLogAppender: Follower failed when matchIndex == 0,  keep nextIndex (1) unchanged and retry.
2023-05-23 10:26:03,794 [Listener at 127.0.0.1/15100] INFO  server.GrpcService (GrpcService.java:closeImpl(320)) - 4423aca3-b60e-4ab8-b093-c0faf93dfaca: shutdown server GrpcServerProtocolService successfully
2023-05-23 10:26:03,794 [Listener at 127.0.0.1/15100] INFO  server.GrpcService (GrpcService.java:closeImpl(311)) - 4423aca3-b60e-4ab8-b093-c0faf93dfaca: shutdown server org.apache.ratis.grpc.server.GrpcAdminProtocolService now
2023-05-23 10:26:03,795 [Listener at 127.0.0.1/15100] INFO  server.GrpcService (GrpcService.java:closeImpl(320)) - 4423aca3-b60e-4ab8-b093-c0faf93dfaca: shutdown server org.apache.ratis.grpc.server.GrpcAdminProtocolService successfully
2023-05-23 10:26:03,796 [4423aca3-b60e-4ab8-b093-c0faf93dfaca-NettyServerStreamRpc-bossGroup--thread1] INFO  logging.LoggingHandler (AbstractInternalLogger.java:log(148)) - [id: 0x4b976ca4, L:/0:0:0:0:0:0:0:0:15110] CLOSE
2023-05-23 10:26:03,796 [4423aca3-b60e-4ab8-b093-c0faf93dfaca-NettyServerStreamRpc-bossGroup--thread1] INFO  logging.LoggingHandler (AbstractInternalLogger.java:log(148)) - [id: 0x4b976ca4, L:/0:0:0:0:0:0:0:0:15110] INACTIVE
2023-05-23 10:26:03,796 [4423aca3-b60e-4ab8-b093-c0faf93dfaca-NettyServerStreamRpc-bossGroup--thread1] INFO  logging.LoggingHandler (AbstractInternalLogger.java:log(148)) - [id: 0x4b976ca4, L:/0:0:0:0:0:0:0:0:15110] UNREGISTERED
2023-05-23 10:26:04,272 [4423aca3-b60e-4ab8-b093-c0faf93dfaca-impl-thread1] INFO  segmented.SegmentedRaftLogWorker (SegmentedRaftLogWorker.java:close(252)) - 4423aca3-b60e-4ab8-b093-c0faf93dfaca@group-4F9513BB0631-SegmentedRaftLogWorker close()
2023-05-23 10:26:04,708 [4423aca3-b60e-4ab8-b093-c0faf93dfaca-impl-thread2] INFO  segmented.SegmentedRaftLogWorker (SegmentedRaftLogWorker.java:close(252)) - 4423aca3-b60e-4ab8-b093-c0faf93dfaca@group-D8D700E0C36A-SegmentedRaftLogWorker close()
2023-05-23 10:26:04,755 [ReplicationMonitor] INFO  replication.ReplicationManager (ReplicationManager.java:processAll(403)) - Replication Monitor Thread took 0 milliseconds for processing 1 containers.
2023-05-23 10:26:04,785 [4423aca3-b60e-4ab8-b093-c0faf93dfaca-impl-thread3] INFO  segmented.SegmentedRaftLogWorker (SegmentedRaftLogWorker.java:close(252)) - 4423aca3-b60e-4ab8-b093-c0faf93dfaca@group-53464B176A33-SegmentedRaftLogWorker close()
2023-05-23 10:26:04,787 [JvmPauseMonitor13] INFO  util.JvmPauseMonitor (JvmPauseMonitor.java:run(109)) - JvmPauseMonitor-4423aca3-b60e-4ab8-b093-c0faf93dfaca: Stopped
2023-05-23 10:26:04,791 [grpc-default-executor-6] WARN  server.GrpcLogAppender (LogUtils.java:warn(122)) - c8934a7e-3164-45c1-bd4f-8a83062f2a8f@group-53464B176A33->4423aca3-b60e-4ab8-b093-c0faf93dfaca-AppendLogResponseHandler: Failed appendEntries: org.apache.ratis.thirdparty.io.grpc.StatusRuntimeException: UNAVAILABLE: io exception
2023-05-23 10:26:04,791 [grpc-default-executor-8] WARN  server.GrpcLogAppender (LogUtils.java:warn(122)) - c8934a7e-3164-45c1-bd4f-8a83062f2a8f@group-53464B176A33->4423aca3-b60e-4ab8-b093-c0faf93dfaca-AppendLogResponseHandler: Failed appendEntries: org.apache.ratis.thirdparty.io.grpc.StatusRuntimeException: UNAVAILABLE: io exception
2023-05-23 10:26:04,792 [grpc-default-executor-6] WARN  server.GrpcLogAppender (GrpcLogAppender.java:resetClient(128)) - c8934a7e-3164-45c1-bd4f-8a83062f2a8f@group-53464B176A33->4423aca3-b60e-4ab8-b093-c0faf93dfaca-GrpcLogAppender: Follower failed when matchIndex == 0,  keep nextIndex (1) unchanged and retry.
2023-05-23 10:26:04,792 [grpc-default-executor-8] WARN  server.GrpcLogAppender (GrpcLogAppender.java:resetClient(128)) - c8934a7e-3164-45c1-bd4f-8a83062f2a8f@group-53464B176A33->4423aca3-b60e-4ab8-b093-c0faf93dfaca-GrpcLogAppender: Follower failed when matchIndex == 0,  keep nextIndex (1) unchanged and retry.
2023-05-23 10:26:05,756 [ReplicationMonitor] INFO  replication.ReplicationManager (ReplicationManager.java:processAll(403)) - Replication Monitor Thread took 1 milliseconds for processing 1 containers.
2023-05-23 10:26:06,040 [grpc-default-executor-8] WARN  server.GrpcLogAppender (LogUtils.java:warn(122)) - c8934a7e-3164-45c1-bd4f-8a83062f2a8f@group-53464B176A33->4423aca3-b60e-4ab8-b093-c0faf93dfaca-AppendLogResponseHandler: Failed appendEntries: org.apache.ratis.thirdparty.io.grpc.StatusRuntimeException: UNAVAILABLE: io exception
2023-05-23 10:26:06,041 [grpc-default-executor-6] WARN  server.GrpcLogAppender (LogUtils.java:warn(122)) - c8934a7e-3164-45c1-bd4f-8a83062f2a8f@group-53464B176A33->4423aca3-b60e-4ab8-b093-c0faf93dfaca-AppendLogResponseHandler: Failed appendEntries: org.apache.ratis.thirdparty.io.grpc.StatusRuntimeException: UNAVAILABLE: io exception
2023-05-23 10:26:06,041 [grpc-default-executor-8] WARN  server.GrpcLogAppender (GrpcLogAppender.java:resetClient(128)) - c8934a7e-3164-45c1-bd4f-8a83062f2a8f@group-53464B176A33->4423aca3-b60e-4ab8-b093-c0faf93dfaca-GrpcLogAppender: Follower failed when matchIndex == 0,  keep nextIndex (1) unchanged and retry.
2023-05-23 10:26:06,043 [grpc-default-executor-6] WARN  server.GrpcLogAppender (GrpcLogAppender.java:resetClient(128)) - c8934a7e-3164-45c1-bd4f-8a83062f2a8f@group-53464B176A33->4423aca3-b60e-4ab8-b093-c0faf93dfaca-GrpcLogAppender: Follower failed when matchIndex == 0,  keep nextIndex (1) unchanged and retry.
2023-05-23 10:26:06,211 [grpc-default-executor-6] WARN  server.GrpcLogAppender (LogUtils.java:warn(122)) - 54284929-3371-4a1e-b544-6f7fda27a691@group-D8D700E0C36A->4423aca3-b60e-4ab8-b093-c0faf93dfaca-AppendLogResponseHandler: Failed appendEntries: org.apache.ratis.thirdparty.io.grpc.StatusRuntimeException: UNAVAILABLE: io exception
2023-05-23 10:26:06,211 [grpc-default-executor-6] INFO  leader.FollowerInfo (FollowerInfoImpl.java:lambda$new$0(52)) - 54284929-3371-4a1e-b544-6f7fda27a691@group-D8D700E0C36A->4423aca3-b60e-4ab8-b093-c0faf93dfaca: decreaseNextIndex nextIndex: updateUnconditionally 5 -> 4
2023-05-23 10:26:06,213 [grpc-default-executor-8] WARN  server.GrpcLogAppender (LogUtils.java:warn(122)) - 54284929-3371-4a1e-b544-6f7fda27a691@group-D8D700E0C36A->4423aca3-b60e-4ab8-b093-c0faf93dfaca-AppendLogResponseHandler: Failed appendEntries: org.apache.ratis.thirdparty.io.grpc.StatusRuntimeException: UNAVAILABLE: io exception
2023-05-23 10:26:06,214 [grpc-default-executor-8] INFO  leader.FollowerInfo (FollowerInfoImpl.java:lambda$new$0(52)) - 54284929-3371-4a1e-b544-6f7fda27a691@group-D8D700E0C36A->4423aca3-b60e-4ab8-b093-c0faf93dfaca: decreaseNextIndex nextIndex: updateUnconditionally 4 -> 3
2023-05-23 10:26:06,221 [grpc-default-executor-8] WARN  server.GrpcLogAppender (LogUtils.java:warn(122)) - 54284929-3371-4a1e-b544-6f7fda27a691@group-D8D700E0C36A->4423aca3-b60e-4ab8-b093-c0faf93dfaca-AppendLogResponseHandler: Failed appendEntries: org.apache.ratis.thirdparty.io.grpc.StatusRuntimeException: UNAVAILABLE: io exception
2023-05-23 10:26:06,221 [grpc-default-executor-6] WARN  server.GrpcLogAppender (LogUtils.java:warn(122)) - 54284929-3371-4a1e-b544-6f7fda27a691@group-D8D700E0C36A->4423aca3-b60e-4ab8-b093-c0faf93dfaca-AppendLogResponseHandler: Failed appendEntries: org.apache.ratis.thirdparty.io.grpc.StatusRuntimeException: UNAVAILABLE: io exception
2023-05-23 10:26:06,222 [grpc-default-executor-8] INFO  leader.FollowerInfo (FollowerInfoImpl.java:lambda$new$0(52)) - 54284929-3371-4a1e-b544-6f7fda27a691@group-D8D700E0C36A->4423aca3-b60e-4ab8-b093-c0faf93dfaca: decreaseNextIndex nextIndex: updateUnconditionally 4 -> 3
2023-05-23 10:26:06,222 [grpc-default-executor-6] INFO  leader.FollowerInfo (FollowerInfoImpl.java:lambda$new$0(52)) - 54284929-3371-4a1e-b544-6f7fda27a691@group-D8D700E0C36A->4423aca3-b60e-4ab8-b093-c0faf93dfaca: decreaseNextIndex nextIndex: updateUnconditionally 3 -> 2
2023-05-23 10:26:06,756 [ReplicationMonitor] INFO  replication.ReplicationManager (ReplicationManager.java:processAll(403)) - Replication Monitor Thread took 0 milliseconds for processing 1 containers.
2023-05-23 10:26:06,796 [Listener at 127.0.0.1/15100] INFO  utils.DatanodeStoreCache (DatanodeStoreCache.java:shutdownCache(110)) - Skip clearing cache in mini cluster mode. Entries left: [/home/runner/work/ozone/ozone/hadoop-ozone/integration-test/target/test-dir/MiniOzoneClusterImpl-bbf8790f-824b-49ae-85c2-11c1b792a20d/datanode-0/data-0/containers/hdds/bbf8790f-824b-49ae-85c2-11c1b792a20d/DS-4e315784-f0ac-4dd3-8b7d-a222a1982c9c/container.db, /home/runner/work/ozone/ozone/hadoop-ozone/integration-test/target/test-dir/MiniOzoneClusterImpl-bbf8790f-824b-49ae-85c2-11c1b792a20d/datanode-1/data-0/containers/hdds/bbf8790f-824b-49ae-85c2-11c1b792a20d/DS-c1ba049d-53a3-4063-bb7e-0f25b58e29a7/container.db, /home/runner/work/ozone/ozone/hadoop-ozone/integration-test/target/test-dir/MiniOzoneClusterImpl-bbf8790f-824b-49ae-85c2-11c1b792a20d/datanode-2/data-0/containers/hdds/bbf8790f-824b-49ae-85c2-11c1b792a20d/DS-299968e8-a6c1-46df-8d64-6677e8baaa9c/container.db, /home/runner/work/ozone/ozone/hadoop-ozone/integration-test/target/test-dir/MiniOzoneClusterImpl-bbf8790f-824b-49ae-85c2-11c1b792a20d/datanode-3/data-0/containers/hdds/bbf8790f-824b-49ae-85c2-11c1b792a20d/DS-58161461-740c-4b70-919c-e32e9493169a/container.db, /home/runner/work/ozone/ozone/hadoop-ozone/integration-test/target/test-dir/MiniOzoneClusterImpl-bbf8790f-824b-49ae-85c2-11c1b792a20d/datanode-4/data-0/containers/hdds/bbf8790f-824b-49ae-85c2-11c1b792a20d/DS-c923a1d0-37ba-48cf-bd17-fde95f1c4386/container.db]
2023-05-23 10:26:06,801 [EventQueue-StaleNodeForStaleNodeHandler] INFO  node.StaleNodeHandler (StaleNodeHandler.java:onMessage(59)) - Datanode 4423aca3-b60e-4ab8-b093-c0faf93dfaca(fv-az1249-304/10.1.0.38) moved to stale state. Finalizing its pipelines [PipelineID=7f620d81-5e62-4566-835b-4f9513bb0631, PipelineID=362d79f6-c8d2-406a-8969-d8d700e0c36a, PipelineID=3417e7a8-d8c8-49d9-9466-53464b176a33]
2023-05-23 10:26:06,802 [EventQueue-StaleNodeForStaleNodeHandler] INFO  pipeline.PipelineManagerImpl (PipelineManagerImpl.java:closePipeline(442)) - Pipeline Pipeline[ Id: 7f620d81-5e62-4566-835b-4f9513bb0631, Nodes: 4423aca3-b60e-4ab8-b093-c0faf93dfaca(fv-az1249-304/10.1.0.38), ReplicationConfig: RATIS/ONE, State:OPEN, leaderId:4423aca3-b60e-4ab8-b093-c0faf93dfaca, CreationTimestamp2023-05-23T10:25:51.218Z[Etc/UTC]] moved to CLOSED state
2023-05-23 10:26:06,802 [Listener at 127.0.0.1/15100] INFO  utils.DatanodeStoreCache (DatanodeStoreCache.java:removeDB(104)) - Removed db /home/runner/work/ozone/ozone/hadoop-ozone/integration-test/target/test-dir/MiniOzoneClusterImpl-bbf8790f-824b-49ae-85c2-11c1b792a20d/datanode-0/data-0/containers/hdds/bbf8790f-824b-49ae-85c2-11c1b792a20d/DS-4e315784-f0ac-4dd3-8b7d-a222a1982c9c/container.db from cache
2023-05-23 10:26:06,802 [Listener at 127.0.0.1/15100] INFO  volume.HddsVolume (HddsVolume.java:closeDbStore(437)) - SchemaV3 db is stopped at /home/runner/work/ozone/ozone/hadoop-ozone/integration-test/target/test-dir/MiniOzoneClusterImpl-bbf8790f-824b-49ae-85c2-11c1b792a20d/datanode-0/data-0/containers/hdds/bbf8790f-824b-49ae-85c2-11c1b792a20d/DS-4e315784-f0ac-4dd3-8b7d-a222a1982c9c/container.db for volume DS-4e315784-f0ac-4dd3-8b7d-a222a1982c9c
2023-05-23 10:26:06,802 [Listener at 127.0.0.1/15100] INFO  utils.BackgroundService (BackgroundService.java:shutdown(141)) - Shutting down service BlockDeletingService
2023-05-23 10:26:06,802 [EventQueue-StaleNodeForStaleNodeHandler] INFO  pipeline.PipelineManagerImpl (PipelineManagerImpl.java:closePipeline(442)) - Pipeline Pipeline[ Id: 362d79f6-c8d2-406a-8969-d8d700e0c36a, Nodes: 4423aca3-b60e-4ab8-b093-c0faf93dfaca(fv-az1249-304/10.1.0.38)c8934a7e-3164-45c1-bd4f-8a83062f2a8f(fv-az1249-304/10.1.0.38)54284929-3371-4a1e-b544-6f7fda27a691(fv-az1249-304/10.1.0.38), ReplicationConfig: RATIS/THREE, State:OPEN, leaderId:54284929-3371-4a1e-b544-6f7fda27a691, CreationTimestamp2023-05-23T10:25:51.902Z[Etc/UTC]] moved to CLOSED state
2023-05-23 10:26:06,802 [Listener at 127.0.0.1/15100] INFO  utils.BackgroundService (BackgroundService.java:shutdown(141)) - Shutting down service StaleRecoveringContainerScrubbingService
2023-05-23 10:26:06,803 [EventQueue-StaleNodeForStaleNodeHandler] INFO  pipeline.PipelineManagerImpl (PipelineManagerImpl.java:closePipeline(442)) - Pipeline Pipeline[ Id: 3417e7a8-d8c8-49d9-9466-53464b176a33, Nodes: c8934a7e-3164-45c1-bd4f-8a83062f2a8f(fv-az1249-304/10.1.0.38)54284929-3371-4a1e-b544-6f7fda27a691(fv-az1249-304/10.1.0.38)4423aca3-b60e-4ab8-b093-c0faf93dfaca(fv-az1249-304/10.1.0.38), ReplicationConfig: RATIS/THREE, State:OPEN, leaderId:c8934a7e-3164-45c1-bd4f-8a83062f2a8f, CreationTimestamp2023-05-23T10:25:51.903Z[Etc/UTC]] moved to CLOSED state
2023-05-23 10:26:06,807 [Listener at 127.0.0.1/15100] INFO  statemachine.DatanodeStateMachine (DatanodeStateMachine.java:stopDaemon(608)) - Ozone container server stopped.
2023-05-23 10:26:06,816 [Listener at 127.0.0.1/15100] INFO  handler.ContextHandler (ContextHandler.java:doStop(1159)) - Stopped o.e.j.w.WebAppContext@5171334a{hddsDatanode,/,null,STOPPED}{jar:file:/home/runner/.m2/repository/org/apache/ozone/hdds-container-service/1.4.0-SNAPSHOT/hdds-container-service-1.4.0-SNAPSHOT.jar!/webapps/hddsDatanode}
2023-05-23 10:26:06,817 [Listener at 127.0.0.1/15100] INFO  server.AbstractConnector (AbstractConnector.java:doStop(383)) - Stopped ServerConnector@33f2af3b{HTTP/1.1, (http/1.1)}{0.0.0.0:15105}
2023-05-23 10:26:06,817 [Listener at 127.0.0.1/15100] INFO  server.session (HouseKeeper.java:stopScavenging(149)) - node0 Stopped scavenging
2023-05-23 10:26:06,817 [Listener at 127.0.0.1/15100] INFO  handler.ContextHandler (ContextHandler.java:doStop(1159)) - Stopped o.e.j.s.ServletContextHandler@289bb610{static,/static,jar:file:/home/runner/.m2/repository/org/apache/ozone/hdds-container-service/1.4.0-SNAPSHOT/hdds-container-service-1.4.0-SNAPSHOT.jar!/webapps/static,STOPPED}
2023-05-23 10:26:06,817 [Listener at 127.0.0.1/15100] INFO  handler.ContextHandler (ContextHandler.java:doStop(1159)) - Stopped o.e.j.s.ServletContextHandler@644855{logs,/logs,file:///home/runner/work/ozone/ozone/hadoop-ozone/integration-test/target/log,STOPPED}
2023-05-23 10:26:06,821 [Listener at 127.0.0.1/15100] INFO  container.TestHelper (TestHelper.java:countReplicas(423)) - Container 1 has 3 replicas on [4423aca3-b60e-4ab8-b093-c0faf93dfaca, 54284929-3371-4a1e-b544-6f7fda27a691, c8934a7e-3164-45c1-bd4f-8a83062f2a8f]
2023-05-23 10:26:07,291 [grpc-default-executor-8] WARN  server.GrpcLogAppender (LogUtils.java:warn(122)) - c8934a7e-3164-45c1-bd4f-8a83062f2a8f@group-53464B176A33->4423aca3-b60e-4ab8-b093-c0faf93dfaca-AppendLogResponseHandler: Failed appendEntries: org.apache.ratis.thirdparty.io.grpc.StatusRuntimeException: UNAVAILABLE: io exception
2023-05-23 10:26:07,291 [grpc-default-executor-6] WARN  server.GrpcLogAppender (LogUtils.java:warn(122)) - c8934a7e-3164-45c1-bd4f-8a83062f2a8f@group-53464B176A33->4423aca3-b60e-4ab8-b093-c0faf93dfaca-AppendLogResponseHandler: Failed appendEntries: org.apache.ratis.thirdparty.io.grpc.StatusRuntimeException: UNAVAILABLE: io exception
2023-05-23 10:26:07,292 [grpc-default-executor-8] WARN  server.GrpcLogAppender (GrpcLogAppender.java:resetClient(128)) - c8934a7e-3164-45c1-bd4f-8a83062f2a8f@group-53464B176A33->4423aca3-b60e-4ab8-b093-c0faf93dfaca-GrpcLogAppender: Follower failed when matchIndex == 0,  keep nextIndex (1) unchanged and retry.
2023-05-23 10:26:07,292 [grpc-default-executor-6] WARN  server.GrpcLogAppender (GrpcLogAppender.java:resetClient(128)) - c8934a7e-3164-45c1-bd4f-8a83062f2a8f@group-53464B176A33->4423aca3-b60e-4ab8-b093-c0faf93dfaca-GrpcLogAppender: Follower failed when matchIndex == 0,  keep nextIndex (1) unchanged and retry.
2023-05-23 10:26:07,462 [grpc-default-executor-6] WARN  server.GrpcLogAppender (LogUtils.java:warn(122)) - 54284929-3371-4a1e-b544-6f7fda27a691@group-D8D700E0C36A->4423aca3-b60e-4ab8-b093-c0faf93dfaca-AppendLogResponseHandler: Failed appendEntries: org.apache.ratis.thirdparty.io.grpc.StatusRuntimeException: UNAVAILABLE: io exception
2023-05-23 10:26:07,463 [grpc-default-executor-6] INFO  leader.FollowerInfo (FollowerInfoImpl.java:lambda$new$0(52)) - 54284929-3371-4a1e-b544-6f7fda27a691@group-D8D700E0C36A->4423aca3-b60e-4ab8-b093-c0faf93dfaca: decreaseNextIndex nextIndex: updateUnconditionally 2 -> 1
2023-05-23 10:26:07,463 [grpc-default-executor-8] WARN  server.GrpcLogAppender (LogUtils.java:warn(122)) - 54284929-3371-4a1e-b544-6f7fda27a691@group-D8D700E0C36A->4423aca3-b60e-4ab8-b093-c0faf93dfaca-AppendLogResponseHandler: Failed appendEntries: org.apache.ratis.thirdparty.io.grpc.StatusRuntimeException: UNAVAILABLE: io exception
2023-05-23 10:26:07,464 [grpc-default-executor-8] INFO  leader.FollowerInfo (FollowerInfoImpl.java:lambda$new$0(52)) - 54284929-3371-4a1e-b544-6f7fda27a691@group-D8D700E0C36A->4423aca3-b60e-4ab8-b093-c0faf93dfaca: decreaseNextIndex nextIndex: updateUnconditionally 1 -> 0
2023-05-23 10:26:07,473 [grpc-default-executor-8] WARN  server.GrpcLogAppender (LogUtils.java:warn(122)) - 54284929-3371-4a1e-b544-6f7fda27a691@group-D8D700E0C36A->4423aca3-b60e-4ab8-b093-c0faf93dfaca-AppendLogResponseHandler: Failed appendEntries: org.apache.ratis.thirdparty.io.grpc.StatusRuntimeException: UNAVAILABLE: io exception
2023-05-23 10:26:07,473 [grpc-default-executor-8] INFO  leader.FollowerInfo (FollowerInfoImpl.java:lambda$new$0(52)) - 54284929-3371-4a1e-b544-6f7fda27a691@group-D8D700E0C36A->4423aca3-b60e-4ab8-b093-c0faf93dfaca: decreaseNextIndex nextIndex: updateUnconditionally 1 -> 0
2023-05-23 10:26:07,474 [grpc-default-executor-6] WARN  server.GrpcLogAppender (LogUtils.java:warn(122)) - 54284929-3371-4a1e-b544-6f7fda27a691@group-D8D700E0C36A->4423aca3-b60e-4ab8-b093-c0faf93dfaca-AppendLogResponseHandler: Failed appendEntries: org.apache.ratis.thirdparty.io.grpc.StatusRuntimeException: UNAVAILABLE: io exception
2023-05-23 10:26:07,483 [grpc-default-executor-8] WARN  server.GrpcLogAppender (LogUtils.java:warn(122)) - 54284929-3371-4a1e-b544-6f7fda27a691@group-D8D700E0C36A->4423aca3-b60e-4ab8-b093-c0faf93dfaca-AppendLogResponseHandler: Failed appendEntries: org.apache.ratis.thirdparty.io.grpc.StatusRuntimeException: UNAVAILABLE: io exception
2023-05-23 10:26:07,484 [grpc-default-executor-8] INFO  leader.FollowerInfo (FollowerInfoImpl.java:lambda$new$0(52)) - 54284929-3371-4a1e-b544-6f7fda27a691@group-D8D700E0C36A->4423aca3-b60e-4ab8-b093-c0faf93dfaca: decreaseNextIndex nextIndex: updateUnconditionally 1 -> 0
2023-05-23 10:26:07,485 [grpc-default-executor-6] WARN  server.GrpcLogAppender (LogUtils.java:warn(122)) - 54284929-3371-4a1e-b544-6f7fda27a691@group-D8D700E0C36A->4423aca3-b60e-4ab8-b093-c0faf93dfaca-AppendLogResponseHandler: Failed appendEntries: org.apache.ratis.thirdparty.io.grpc.StatusRuntimeException: UNAVAILABLE: io exception
2023-05-23 10:26:07,757 [ReplicationMonitor] INFO  replication.ReplicationManager (ReplicationManager.java:processAll(403)) - Replication Monitor Thread took 0 milliseconds for processing 1 containers.
2023-05-23 10:26:07,821 [Listener at 127.0.0.1/15100] INFO  container.TestHelper (TestHelper.java:countReplicas(423)) - Container 1 has 3 replicas on [4423aca3-b60e-4ab8-b093-c0faf93dfaca, 54284929-3371-4a1e-b544-6f7fda27a691, c8934a7e-3164-45c1-bd4f-8a83062f2a8f]
2023-05-23 10:26:08,541 [grpc-default-executor-6] WARN  server.GrpcLogAppender (LogUtils.java:warn(122)) - c8934a7e-3164-45c1-bd4f-8a83062f2a8f@group-53464B176A33->4423aca3-b60e-4ab8-b093-c0faf93dfaca-AppendLogResponseHandler: Failed appendEntries: org.apache.ratis.thirdparty.io.grpc.StatusRuntimeException: UNAVAILABLE: io exception
2023-05-23 10:26:08,542 [grpc-default-executor-6] WARN  server.GrpcLogAppender (GrpcLogAppender.java:resetClient(128)) - c8934a7e-3164-45c1-bd4f-8a83062f2a8f@group-53464B176A33->4423aca3-b60e-4ab8-b093-c0faf93dfaca-GrpcLogAppender: Follower failed when matchIndex == 0,  keep nextIndex (1) unchanged and retry.
2023-05-23 10:26:08,542 [grpc-default-executor-8] WARN  server.GrpcLogAppender (LogUtils.java:warn(122)) - c8934a7e-3164-45c1-bd4f-8a83062f2a8f@group-53464B176A33->4423aca3-b60e-4ab8-b093-c0faf93dfaca-AppendLogResponseHandler: Failed appendEntries: org.apache.ratis.thirdparty.io.grpc.StatusRuntimeException: UNAVAILABLE: io exception
2023-05-23 10:26:08,543 [grpc-default-executor-8] WARN  server.GrpcLogAppender (GrpcLogAppender.java:resetClient(128)) - c8934a7e-3164-45c1-bd4f-8a83062f2a8f@group-53464B176A33->4423aca3-b60e-4ab8-b093-c0faf93dfaca-GrpcLogAppender: Follower failed when matchIndex == 0,  keep nextIndex (1) unchanged and retry.
2023-05-23 10:26:08,713 [grpc-default-executor-8] WARN  server.GrpcLogAppender (LogUtils.java:warn(122)) - 54284929-3371-4a1e-b544-6f7fda27a691@group-D8D700E0C36A->4423aca3-b60e-4ab8-b093-c0faf93dfaca-AppendLogResponseHandler: Failed appendEntries: org.apache.ratis.thirdparty.io.grpc.StatusRuntimeException: UNAVAILABLE: io exception
2023-05-23 10:26:08,714 [grpc-default-executor-6] WARN  server.GrpcLogAppender (LogUtils.java:warn(122)) - 54284929-3371-4a1e-b544-6f7fda27a691@group-D8D700E0C36A->4423aca3-b60e-4ab8-b093-c0faf93dfaca-AppendLogResponseHandler: Failed appendEntries: org.apache.ratis.thirdparty.io.grpc.StatusRuntimeException: UNAVAILABLE: io exception
2023-05-23 10:26:08,724 [grpc-default-executor-6] WARN  server.GrpcLogAppender (LogUtils.java:warn(122)) - 54284929-3371-4a1e-b544-6f7fda27a691@group-D8D700E0C36A->4423aca3-b60e-4ab8-b093-c0faf93dfaca-AppendLogResponseHandler: Failed appendEntries: org.apache.ratis.thirdparty.io.grpc.StatusRuntimeException: UNAVAILABLE: io exception
2023-05-23 10:26:08,724 [grpc-default-executor-6] INFO  leader.FollowerInfo (FollowerInfoImpl.java:lambda$new$0(52)) - 54284929-3371-4a1e-b544-6f7fda27a691@group-D8D700E0C36A->4423aca3-b60e-4ab8-b093-c0faf93dfaca: decreaseNextIndex nextIndex: updateUnconditionally 1 -> 0
2023-05-23 10:26:08,724 [grpc-default-executor-8] WARN  server.GrpcLogAppender (LogUtils.java:warn(122)) - 54284929-3371-4a1e-b544-6f7fda27a691@group-D8D700E0C36A->4423aca3-b60e-4ab8-b093-c0faf93dfaca-AppendLogResponseHandler: Failed appendEntries: org.apache.ratis.thirdparty.io.grpc.StatusRuntimeException: UNAVAILABLE: io exception
2023-05-23 10:26:08,758 [ReplicationMonitor] INFO  replication.ReplicationManager (ReplicationManager.java:processAll(403)) - Replication Monitor Thread took 1 milliseconds for processing 1 containers.
2023-05-23 10:26:08,822 [Listener at 127.0.0.1/15100] INFO  container.TestHelper (TestHelper.java:countReplicas(423)) - Container 1 has 3 replicas on [4423aca3-b60e-4ab8-b093-c0faf93dfaca, 54284929-3371-4a1e-b544-6f7fda27a691, c8934a7e-3164-45c1-bd4f-8a83062f2a8f]
2023-05-23 10:26:09,758 [ReplicationMonitor] INFO  replication.ReplicationManager (ReplicationManager.java:processAll(403)) - Replication Monitor Thread took 0 milliseconds for processing 1 containers.
2023-05-23 10:26:09,792 [grpc-default-executor-8] WARN  server.GrpcLogAppender (LogUtils.java:warn(122)) - c8934a7e-3164-45c1-bd4f-8a83062f2a8f@group-53464B176A33->4423aca3-b60e-4ab8-b093-c0faf93dfaca-AppendLogResponseHandler: Failed appendEntries: org.apache.ratis.thirdparty.io.grpc.StatusRuntimeException: UNAVAILABLE: io exception
2023-05-23 10:26:09,793 [grpc-default-executor-8] WARN  server.GrpcLogAppender (GrpcLogAppender.java:resetClient(128)) - c8934a7e-3164-45c1-bd4f-8a83062f2a8f@group-53464B176A33->4423aca3-b60e-4ab8-b093-c0faf93dfaca-GrpcLogAppender: Follower failed when matchIndex == 0,  keep nextIndex (1) unchanged and retry.
2023-05-23 10:26:09,793 [grpc-default-executor-6] WARN  server.GrpcLogAppender (LogUtils.java:warn(122)) - c8934a7e-3164-45c1-bd4f-8a83062f2a8f@group-53464B176A33->4423aca3-b60e-4ab8-b093-c0faf93dfaca-AppendLogResponseHandler: Failed appendEntries: org.apache.ratis.thirdparty.io.grpc.StatusRuntimeException: UNAVAILABLE: io exception
2023-05-23 10:26:09,793 [grpc-default-executor-6] WARN  server.GrpcLogAppender (GrpcLogAppender.java:resetClient(128)) - c8934a7e-3164-45c1-bd4f-8a83062f2a8f@group-53464B176A33->4423aca3-b60e-4ab8-b093-c0faf93dfaca-GrpcLogAppender: Follower failed when matchIndex == 0,  keep nextIndex (1) unchanged and retry.
2023-05-23 10:26:09,801 [EventQueue-DeadNodeForDeadNodeHandler] INFO  node.DeadNodeHandler (DeadNodeHandler.java:onMessage(83)) - A dead datanode is detected. 4423aca3-b60e-4ab8-b093-c0faf93dfaca(fv-az1249-304/10.1.0.38)
2023-05-23 10:26:09,801 [EventQueue-DeadNodeForDeadNodeHandler] INFO  pipeline.RatisPipelineProvider (RatisPipelineProvider.java:lambda$close$4(272)) - Send pipeline:PipelineID=7f620d81-5e62-4566-835b-4f9513bb0631 close command to datanode 4423aca3-b60e-4ab8-b093-c0faf93dfaca
2023-05-23 10:26:09,803 [EventQueue-DeadNodeForDeadNodeHandler] INFO  pipeline.PipelineStateManagerImpl (PipelineStateManagerImpl.java:removePipeline(245)) - Pipeline Pipeline[ Id: 7f620d81-5e62-4566-835b-4f9513bb0631, Nodes: 4423aca3-b60e-4ab8-b093-c0faf93dfaca(fv-az1249-304/10.1.0.38), ReplicationConfig: RATIS/ONE, State:CLOSED, leaderId:4423aca3-b60e-4ab8-b093-c0faf93dfaca, CreationTimestamp2023-05-23T10:25:51.218Z[Etc/UTC]] removed.
2023-05-23 10:26:09,803 [EventQueue-DeadNodeForDeadNodeHandler] INFO  pipeline.RatisPipelineProvider (RatisPipelineProvider.java:lambda$close$4(272)) - Send pipeline:PipelineID=362d79f6-c8d2-406a-8969-d8d700e0c36a close command to datanode 4423aca3-b60e-4ab8-b093-c0faf93dfaca
2023-05-23 10:26:09,803 [EventQueue-DeadNodeForDeadNodeHandler] INFO  pipeline.RatisPipelineProvider (RatisPipelineProvider.java:lambda$close$4(272)) - Send pipeline:PipelineID=362d79f6-c8d2-406a-8969-d8d700e0c36a close command to datanode c8934a7e-3164-45c1-bd4f-8a83062f2a8f
2023-05-23 10:26:09,803 [EventQueue-DeadNodeForDeadNodeHandler] INFO  pipeline.RatisPipelineProvider (RatisPipelineProvider.java:lambda$close$4(272)) - Send pipeline:PipelineID=362d79f6-c8d2-406a-8969-d8d700e0c36a close command to datanode 54284929-3371-4a1e-b544-6f7fda27a691
2023-05-23 10:26:09,804 [EventQueue-DeadNodeForDeadNodeHandler] INFO  pipeline.PipelineStateManagerImpl (PipelineStateManagerImpl.java:removePipeline(245)) - Pipeline Pipeline[ Id: 362d79f6-c8d2-406a-8969-d8d700e0c36a, Nodes: 4423aca3-b60e-4ab8-b093-c0faf93dfaca(fv-az1249-304/10.1.0.38)c8934a7e-3164-45c1-bd4f-8a83062f2a8f(fv-az1249-304/10.1.0.38)54284929-3371-4a1e-b544-6f7fda27a691(fv-az1249-304/10.1.0.38), ReplicationConfig: RATIS/THREE, State:CLOSED, leaderId:54284929-3371-4a1e-b544-6f7fda27a691, CreationTimestamp2023-05-23T10:25:51.902Z[Etc/UTC]] removed.
2023-05-23 10:26:09,804 [EventQueue-DeadNodeForDeadNodeHandler] INFO  pipeline.RatisPipelineProvider (RatisPipelineProvider.java:lambda$close$4(272)) - Send pipeline:PipelineID=3417e7a8-d8c8-49d9-9466-53464b176a33 close command to datanode c8934a7e-3164-45c1-bd4f-8a83062f2a8f
2023-05-23 10:26:09,804 [EventQueue-DeadNodeForDeadNodeHandler] INFO  pipeline.RatisPipelineProvider (RatisPipelineProvider.java:lambda$close$4(272)) - Send pipeline:PipelineID=3417e7a8-d8c8-49d9-9466-53464b176a33 close command to datanode 54284929-3371-4a1e-b544-6f7fda27a691
2023-05-23 10:26:09,804 [EventQueue-DeadNodeForDeadNodeHandler] INFO  pipeline.RatisPipelineProvider (RatisPipelineProvider.java:lambda$close$4(272)) - Send pipeline:PipelineID=3417e7a8-d8c8-49d9-9466-53464b176a33 close command to datanode 4423aca3-b60e-4ab8-b093-c0faf93dfaca
2023-05-23 10:26:09,804 [EventQueue-DeadNodeForDeadNodeHandler] INFO  pipeline.PipelineStateManagerImpl (PipelineStateManagerImpl.java:removePipeline(245)) - Pipeline Pipeline[ Id: 3417e7a8-d8c8-49d9-9466-53464b176a33, Nodes: c8934a7e-3164-45c1-bd4f-8a83062f2a8f(fv-az1249-304/10.1.0.38)54284929-3371-4a1e-b544-6f7fda27a691(fv-az1249-304/10.1.0.38)4423aca3-b60e-4ab8-b093-c0faf93dfaca(fv-az1249-304/10.1.0.38), ReplicationConfig: RATIS/THREE, State:CLOSED, leaderId:c8934a7e-3164-45c1-bd4f-8a83062f2a8f, CreationTimestamp2023-05-23T10:25:51.903Z[Etc/UTC]] removed.
2023-05-23 10:26:09,804 [EventQueue-DeadNodeForDeadNodeHandler] INFO  node.DeadNodeHandler (DeadNodeHandler.java:onMessage(96)) - Clearing command queue of size 3 for DN 4423aca3-b60e-4ab8-b093-c0faf93dfaca(fv-az1249-304/10.1.0.38)
2023-05-23 10:26:09,805 [EventQueue-DeadNodeForDeadNodeHandler] INFO  net.NetworkTopologyImpl (NetworkTopologyImpl.java:remove(190)) - Removed a node: /default-rack/4423aca3-b60e-4ab8-b093-c0faf93dfaca
2023-05-23 10:26:09,822 [Listener at 127.0.0.1/15100] INFO  container.TestHelper (TestHelper.java:countReplicas(423)) - Container 1 has 2 replicas on [54284929-3371-4a1e-b544-6f7fda27a691, c8934a7e-3164-45c1-bd4f-8a83062f2a8f]
2023-05-23 10:26:09,822 [Listener at 127.0.0.1/15100] INFO  container.TestHelper (TestHelper.java:countReplicas(423)) - Container 1 has 2 replicas on [54284929-3371-4a1e-b544-6f7fda27a691, c8934a7e-3164-45c1-bd4f-8a83062f2a8f]
2023-05-23 10:26:09,964 [grpc-default-executor-6] WARN  server.GrpcLogAppender (LogUtils.java:warn(122)) - 54284929-3371-4a1e-b544-6f7fda27a691@group-D8D700E0C36A->4423aca3-b60e-4ab8-b093-c0faf93dfaca-AppendLogResponseHandler: Failed appendEntries: org.apache.ratis.thirdparty.io.grpc.StatusRuntimeException: UNAVAILABLE: io exception
2023-05-23 10:26:09,964 [grpc-default-executor-8] WARN  server.GrpcLogAppender (LogUtils.java:warn(122)) - 54284929-3371-4a1e-b544-6f7fda27a691@group-D8D700E0C36A->4423aca3-b60e-4ab8-b093-c0faf93dfaca-AppendLogResponseHandler: Failed appendEntries: org.apache.ratis.thirdparty.io.grpc.StatusRuntimeException: UNAVAILABLE: io exception
2023-05-23 10:26:09,975 [grpc-default-executor-8] WARN  server.GrpcLogAppender (LogUtils.java:warn(122)) - 54284929-3371-4a1e-b544-6f7fda27a691@group-D8D700E0C36A->4423aca3-b60e-4ab8-b093-c0faf93dfaca-AppendLogResponseHandler: Failed appendEntries: org.apache.ratis.thirdparty.io.grpc.StatusRuntimeException: UNAVAILABLE: io exception
2023-05-23 10:26:09,976 [grpc-default-executor-6] WARN  server.GrpcLogAppender (LogUtils.java:warn(122)) - 54284929-3371-4a1e-b544-6f7fda27a691@group-D8D700E0C36A->4423aca3-b60e-4ab8-b093-c0faf93dfaca-AppendLogResponseHandler: Failed appendEntries: org.apache.ratis.thirdparty.io.grpc.StatusRuntimeException: UNAVAILABLE: io exception
2023-05-23 10:26:09,976 [grpc-default-executor-8] INFO  leader.FollowerInfo (FollowerInfoImpl.java:lambda$new$0(52)) - 54284929-3371-4a1e-b544-6f7fda27a691@group-D8D700E0C36A->4423aca3-b60e-4ab8-b093-c0faf93dfaca: decreaseNextIndex nextIndex: updateUnconditionally 1 -> 0
2023-05-23 10:26:10,759 [ReplicationMonitor] INFO  replication.ReplicationManager (ReplicationManager.java:processAll(403)) - Replication Monitor Thread took 0 milliseconds for processing 1 containers.
2023-05-23 10:26:10,822 [Listener at 127.0.0.1/15100] INFO  container.TestHelper (TestHelper.java:countReplicas(423)) - Container 1 has 2 replicas on [54284929-3371-4a1e-b544-6f7fda27a691, c8934a7e-3164-45c1-bd4f-8a83062f2a8f]
2023-05-23 10:26:11,043 [grpc-default-executor-6] WARN  server.GrpcLogAppender (LogUtils.java:warn(122)) - c8934a7e-3164-45c1-bd4f-8a83062f2a8f@group-53464B176A33->4423aca3-b60e-4ab8-b093-c0faf93dfaca-AppendLogResponseHandler: Failed appendEntries: org.apache.ratis.thirdparty.io.grpc.StatusRuntimeException: UNAVAILABLE: io exception
2023-05-23 10:26:11,043 [grpc-default-executor-8] WARN  server.GrpcLogAppender (LogUtils.java:warn(122)) - c8934a7e-3164-45c1-bd4f-8a83062f2a8f@group-53464B176A33->4423aca3-b60e-4ab8-b093-c0faf93dfaca-AppendLogResponseHandler: Failed appendEntries: org.apache.ratis.thirdparty.io.grpc.StatusRuntimeException: UNAVAILABLE: io exception
2023-05-23 10:26:11,043 [grpc-default-executor-6] WARN  server.GrpcLogAppender (GrpcLogAppender.java:resetClient(128)) - c8934a7e-3164-45c1-bd4f-8a83062f2a8f@group-53464B176A33->4423aca3-b60e-4ab8-b093-c0faf93dfaca-GrpcLogAppender: Follower failed when matchIndex == 0,  keep nextIndex (1) unchanged and retry.
2023-05-23 10:26:11,045 [grpc-default-executor-8] WARN  server.GrpcLogAppender (GrpcLogAppender.java:resetClient(128)) - c8934a7e-3164-45c1-bd4f-8a83062f2a8f@group-53464B176A33->4423aca3-b60e-4ab8-b093-c0faf93dfaca-GrpcLogAppender: Follower failed when matchIndex == 0,  keep nextIndex (1) unchanged and retry.
2023-05-23 10:26:11,215 [grpc-default-executor-8] WARN  server.GrpcLogAppender (LogUtils.java:warn(122)) - 54284929-3371-4a1e-b544-6f7fda27a691@group-D8D700E0C36A->4423aca3-b60e-4ab8-b093-c0faf93dfaca-AppendLogResponseHandler: Failed appendEntries: org.apache.ratis.thirdparty.io.grpc.StatusRuntimeException: UNAVAILABLE: io exception
2023-05-23 10:26:11,216 [grpc-default-executor-6] WARN  server.GrpcLogAppender (LogUtils.java:warn(122)) - 54284929-3371-4a1e-b544-6f7fda27a691@group-D8D700E0C36A->4423aca3-b60e-4ab8-b093-c0faf93dfaca-AppendLogResponseHandler: Failed appendEntries: org.apache.ratis.thirdparty.io.grpc.StatusRuntimeException: UNAVAILABLE: io exception
2023-05-23 10:26:11,226 [grpc-default-executor-8] WARN  server.GrpcLogAppender (LogUtils.java:warn(122)) - 54284929-3371-4a1e-b544-6f7fda27a691@group-D8D700E0C36A->4423aca3-b60e-4ab8-b093-c0faf93dfaca-AppendLogResponseHandler: Failed appendEntries: org.apache.ratis.thirdparty.io.grpc.StatusRuntimeException: UNAVAILABLE: io exception
2023-05-23 10:26:11,227 [grpc-default-executor-8] INFO  leader.FollowerInfo (FollowerInfoImpl.java:lambda$new$0(52)) - 54284929-3371-4a1e-b544-6f7fda27a691@group-D8D700E0C36A->4423aca3-b60e-4ab8-b093-c0faf93dfaca: decreaseNextIndex nextIndex: updateUnconditionally 1 -> 0
2023-05-23 10:26:11,227 [grpc-default-executor-6] WARN  server.GrpcLogAppender (LogUtils.java:warn(122)) - 54284929-3371-4a1e-b544-6f7fda27a691@group-D8D700E0C36A->4423aca3-b60e-4ab8-b093-c0faf93dfaca-AppendLogResponseHandler: Failed appendEntries: org.apache.ratis.thirdparty.io.grpc.StatusRuntimeException: UNAVAILABLE: io exception
2023-05-23 10:26:11,713 [Command processor thread] INFO  server.RaftServer (RaftServerProxy.java:remove(109)) - 54284929-3371-4a1e-b544-6f7fda27a691: remove    LEADER 54284929-3371-4a1e-b544-6f7fda27a691@group-D8D700E0C36A:t1, leader=54284929-3371-4a1e-b544-6f7fda27a691, voted=54284929-3371-4a1e-b544-6f7fda27a691, raftlog=Memoized:54284929-3371-4a1e-b544-6f7fda27a691@group-D8D700E0C36A-SegmentedRaftLog:OPENED:c6, conf=0: peers:[4423aca3-b60e-4ab8-b093-c0faf93dfaca|rpc:10.1.0.38:15109|admin:10.1.0.38:15108|client:10.1.0.38:15107|dataStream:10.1.0.38:15110|priority:0|startupRole:FOLLOWER, c8934a7e-3164-45c1-bd4f-8a83062f2a8f|rpc:10.1.0.38:15125|admin:10.1.0.38:15124|client:10.1.0.38:15123|dataStream:10.1.0.38:15126|priority:0|startupRole:FOLLOWER, 54284929-3371-4a1e-b544-6f7fda27a691|rpc:10.1.0.38:15117|admin:10.1.0.38:15116|client:10.1.0.38:15115|dataStream:10.1.0.38:15118|priority:1|startupRole:FOLLOWER]|listeners:[], old=null RUNNING
2023-05-23 10:26:11,713 [Command processor thread] INFO  server.RaftServer$Division (RaftServerImpl.java:lambda$close$4(466)) - 54284929-3371-4a1e-b544-6f7fda27a691@group-D8D700E0C36A: shutdown
2023-05-23 10:26:11,713 [Command processor thread] INFO  util.JmxRegister (JmxRegister.java:unregister(73)) - Successfully un-registered JMX Bean with object name Ratis:service=RaftServer,group=group-D8D700E0C36A,id=54284929-3371-4a1e-b544-6f7fda27a691
2023-05-23 10:26:11,713 [Command processor thread] INFO  impl.RoleInfo (RoleInfo.java:shutdownLeaderState(93)) - 54284929-3371-4a1e-b544-6f7fda27a691: shutdown 54284929-3371-4a1e-b544-6f7fda27a691@group-D8D700E0C36A-LeaderStateImpl
2023-05-23 10:26:11,713 [Command processor thread] INFO  impl.PendingRequests (PendingRequests.java:sendNotLeaderResponses(289)) - 54284929-3371-4a1e-b544-6f7fda27a691@group-D8D700E0C36A-PendingRequests: sendNotLeaderResponses
2023-05-23 10:26:11,713 [54284929-3371-4a1e-b544-6f7fda27a691@group-D8D700E0C36A->c8934a7e-3164-45c1-bd4f-8a83062f2a8f-GrpcLogAppender-LogAppenderDaemon] WARN  server.GrpcLogAppender (GrpcLogAppender.java:mayWait(199)) - 54284929-3371-4a1e-b544-6f7fda27a691@group-D8D700E0C36A->c8934a7e-3164-45c1-bd4f-8a83062f2a8f-GrpcLogAppender: Wait interrupted by java.lang.InterruptedException
2023-05-23 10:26:11,713 [54284929-3371-4a1e-b544-6f7fda27a691@group-D8D700E0C36A->4423aca3-b60e-4ab8-b093-c0faf93dfaca-GrpcLogAppender-LogAppenderDaemon] WARN  server.GrpcLogAppender (GrpcLogAppender.java:mayWait(199)) - 54284929-3371-4a1e-b544-6f7fda27a691@group-D8D700E0C36A->4423aca3-b60e-4ab8-b093-c0faf93dfaca-GrpcLogAppender: Wait interrupted by java.lang.InterruptedException
2023-05-23 10:26:11,719 [grpc-default-executor-1] INFO  server.GrpcServerProtocolService (GrpcServerProtocolService.java:onCompleted(155)) - c8934a7e-3164-45c1-bd4f-8a83062f2a8f: Completed APPEND_ENTRIES, lastRequest: null
2023-05-23 10:26:11,720 [grpc-default-executor-1] INFO  server.GrpcServerProtocolService (GrpcServerProtocolService.java:lambda$onCompleted$5(157)) - c8934a7e-3164-45c1-bd4f-8a83062f2a8f: Completed APPEND_ENTRIES, lastReply: serverReply {
  requestorId: "54284929-3371-4a1e-b544-6f7fda27a691"
  replyId: "c8934a7e-3164-45c1-bd4f-8a83062f2a8f"
  raftGroupId {
    id: "6-y\366\310\322@j\211i\330\327\000\340\303j"
  }
  callId: 20
  success: true
}
term: 1
nextIndex: 7
followerCommit: 6
matchIndex: 18446744073709551615
isHearbeat: true

2023-05-23 10:26:11,719 [grpc-default-executor-6] INFO  server.GrpcServerProtocolService (GrpcServerProtocolService.java:onCompleted(155)) - c8934a7e-3164-45c1-bd4f-8a83062f2a8f: Completed APPEND_ENTRIES, lastRequest: 54284929-3371-4a1e-b544-6f7fda27a691->c8934a7e-3164-45c1-bd4f-8a83062f2a8f#15-t1,previous=(t:1, i:5),leaderCommit=5,initializing? true,entries: size=1, first=(t:1, i:6), METADATAENTRY(c:5)
2023-05-23 10:26:11,721 [grpc-default-executor-6] INFO  server.GrpcServerProtocolService (GrpcServerProtocolService.java:lambda$onCompleted$5(157)) - c8934a7e-3164-45c1-bd4f-8a83062f2a8f: Completed APPEND_ENTRIES, lastReply: null
2023-05-23 10:26:11,718 [54284929-3371-4a1e-b544-6f7fda27a691@group-D8D700E0C36A-StateMachineUpdater] INFO  ratis.ContainerStateMachine (ContainerStateMachine.java:takeSnapshot(330)) - group-D8D700E0C36A: Taking a snapshot at:(t:1, i:6) file /home/runner/work/ozone/ozone/hadoop-ozone/integration-test/target/test-dir/MiniOzoneClusterImpl-bbf8790f-824b-49ae-85c2-11c1b792a20d/datanode-1/data/ratis/362d79f6-c8d2-406a-8969-d8d700e0c36a/sm/snapshot.1_6
2023-05-23 10:26:11,718 [Command processor thread] INFO  impl.StateMachineUpdater (StateMachineUpdater.java:stopAndJoin(155)) - 54284929-3371-4a1e-b544-6f7fda27a691@group-D8D700E0C36A-StateMachineUpdater: set stopIndex = 6
2023-05-23 10:26:11,724 [54284929-3371-4a1e-b544-6f7fda27a691@group-D8D700E0C36A-StateMachineUpdater] INFO  ratis.ContainerStateMachine (ContainerStateMachine.java:takeSnapshot(341)) - group-D8D700E0C36A: Finished taking a snapshot at:(t:1, i:6) file:/home/runner/work/ozone/ozone/hadoop-ozone/integration-test/target/test-dir/MiniOzoneClusterImpl-bbf8790f-824b-49ae-85c2-11c1b792a20d/datanode-1/data/ratis/362d79f6-c8d2-406a-8969-d8d700e0c36a/sm/snapshot.1_6 took: 6 ms
2023-05-23 10:26:11,724 [grpc-default-executor-1] INFO  server.GrpcLogAppender (GrpcLogAppender.java:onCompleted(428)) - 54284929-3371-4a1e-b544-6f7fda27a691@group-D8D700E0C36A->c8934a7e-3164-45c1-bd4f-8a83062f2a8f-AppendLogResponseHandler: follower responses appendEntries COMPLETED
2023-05-23 10:26:11,724 [54284929-3371-4a1e-b544-6f7fda27a691@group-D8D700E0C36A-StateMachineUpdater] INFO  impl.StateMachineUpdater (StateMachineUpdater.java:takeSnapshot(291)) - 54284929-3371-4a1e-b544-6f7fda27a691@group-D8D700E0C36A-StateMachineUpdater: Took a snapshot at index 6
2023-05-23 10:26:11,724 [grpc-default-executor-6] INFO  server.GrpcLogAppender (GrpcLogAppender.java:onCompleted(428)) - 54284929-3371-4a1e-b544-6f7fda27a691@group-D8D700E0C36A->c8934a7e-3164-45c1-bd4f-8a83062f2a8f-AppendLogResponseHandler: follower responses appendEntries COMPLETED
2023-05-23 10:26:11,724 [54284929-3371-4a1e-b544-6f7fda27a691@group-D8D700E0C36A-StateMachineUpdater] INFO  impl.StateMachineUpdater (StateMachineUpdater.java:lambda$new$0(97)) - 54284929-3371-4a1e-b544-6f7fda27a691@group-D8D700E0C36A-StateMachineUpdater: snapshotIndex: updateIncreasingly -1 -> 6
2023-05-23 10:26:11,724 [grpc-default-executor-1] INFO  leader.FollowerInfo (FollowerInfoImpl.java:lambda$new$0(52)) - 54284929-3371-4a1e-b544-6f7fda27a691@group-D8D700E0C36A->c8934a7e-3164-45c1-bd4f-8a83062f2a8f: decreaseNextIndex nextIndex: updateUnconditionally 7 -> 6
2023-05-23 10:26:11,725 [Command processor thread] INFO  server.RaftServer$Division (ServerState.java:close(472)) - 54284929-3371-4a1e-b544-6f7fda27a691@group-D8D700E0C36A: closes. applyIndex: 6
2023-05-23 10:26:11,725 [grpc-default-executor-6] INFO  leader.FollowerInfo (FollowerInfoImpl.java:lambda$new$0(52)) - 54284929-3371-4a1e-b544-6f7fda27a691@group-D8D700E0C36A->c8934a7e-3164-45c1-bd4f-8a83062f2a8f: decreaseNextIndex nextIndex: updateUnconditionally 6 -> 5
2023-05-23 10:26:11,725 [Command processor thread] INFO  server.RaftServer (RaftServerProxy.java:remove(109)) - c8934a7e-3164-45c1-bd4f-8a83062f2a8f: remove  FOLLOWER c8934a7e-3164-45c1-bd4f-8a83062f2a8f@group-D8D700E0C36A:t1, leader=54284929-3371-4a1e-b544-6f7fda27a691, voted=54284929-3371-4a1e-b544-6f7fda27a691, raftlog=Memoized:c8934a7e-3164-45c1-bd4f-8a83062f2a8f@group-D8D700E0C36A-SegmentedRaftLog:OPENED:c6, conf=0: peers:[4423aca3-b60e-4ab8-b093-c0faf93dfaca|rpc:10.1.0.38:15109|admin:10.1.0.38:15108|client:10.1.0.38:15107|dataStream:10.1.0.38:15110|priority:0|startupRole:FOLLOWER, c8934a7e-3164-45c1-bd4f-8a83062f2a8f|rpc:10.1.0.38:15125|admin:10.1.0.38:15124|client:10.1.0.38:15123|dataStream:10.1.0.38:15126|priority:0|startupRole:FOLLOWER, 54284929-3371-4a1e-b544-6f7fda27a691|rpc:10.1.0.38:15117|admin:10.1.0.38:15116|client:10.1.0.38:15115|dataStream:10.1.0.38:15118|priority:1|startupRole:FOLLOWER]|listeners:[], old=null RUNNING
2023-05-23 10:26:11,725 [Command processor thread] INFO  server.RaftServer$Division (RaftServerImpl.java:lambda$close$4(466)) - c8934a7e-3164-45c1-bd4f-8a83062f2a8f@group-D8D700E0C36A: shutdown
2023-05-23 10:26:11,725 [Command processor thread] INFO  util.JmxRegister (JmxRegister.java:unregister(73)) - Successfully un-registered JMX Bean with object name Ratis:service=RaftServer,group=group-D8D700E0C36A,id=c8934a7e-3164-45c1-bd4f-8a83062f2a8f
2023-05-23 10:26:11,725 [Command processor thread] INFO  impl.RoleInfo (RoleInfo.java:shutdownFollowerState(110)) - c8934a7e-3164-45c1-bd4f-8a83062f2a8f: shutdown c8934a7e-3164-45c1-bd4f-8a83062f2a8f@group-D8D700E0C36A-FollowerState
2023-05-23 10:26:11,725 [Command processor thread] INFO  impl.StateMachineUpdater (StateMachineUpdater.java:stopAndJoin(155)) - c8934a7e-3164-45c1-bd4f-8a83062f2a8f@group-D8D700E0C36A-StateMachineUpdater: set stopIndex = 6
2023-05-23 10:26:11,725 [c8934a7e-3164-45c1-bd4f-8a83062f2a8f@group-D8D700E0C36A-FollowerState] INFO  impl.FollowerState (FollowerState.java:run(152)) - c8934a7e-3164-45c1-bd4f-8a83062f2a8f@group-D8D700E0C36A-FollowerState was interrupted
2023-05-23 10:26:11,727 [c8934a7e-3164-45c1-bd4f-8a83062f2a8f@group-D8D700E0C36A-StateMachineUpdater] INFO  ratis.ContainerStateMachine (ContainerStateMachine.java:takeSnapshot(330)) - group-D8D700E0C36A: Taking a snapshot at:(t:1, i:6) file /home/runner/work/ozone/ozone/hadoop-ozone/integration-test/target/test-dir/MiniOzoneClusterImpl-bbf8790f-824b-49ae-85c2-11c1b792a20d/datanode-2/data/ratis/362d79f6-c8d2-406a-8969-d8d700e0c36a/sm/snapshot.1_6
2023-05-23 10:26:11,728 [c8934a7e-3164-45c1-bd4f-8a83062f2a8f@group-D8D700E0C36A-StateMachineUpdater] INFO  ratis.ContainerStateMachine (ContainerStateMachine.java:takeSnapshot(341)) - group-D8D700E0C36A: Finished taking a snapshot at:(t:1, i:6) file:/home/runner/work/ozone/ozone/hadoop-ozone/integration-test/target/test-dir/MiniOzoneClusterImpl-bbf8790f-824b-49ae-85c2-11c1b792a20d/datanode-2/data/ratis/362d79f6-c8d2-406a-8969-d8d700e0c36a/sm/snapshot.1_6 took: 1 ms
2023-05-23 10:26:11,728 [c8934a7e-3164-45c1-bd4f-8a83062f2a8f@group-D8D700E0C36A-StateMachineUpdater] INFO  impl.StateMachineUpdater (StateMachineUpdater.java:takeSnapshot(291)) - c8934a7e-3164-45c1-bd4f-8a83062f2a8f@group-D8D700E0C36A-StateMachineUpdater: Took a snapshot at index 6
2023-05-23 10:26:11,728 [c8934a7e-3164-45c1-bd4f-8a83062f2a8f@group-D8D700E0C36A-StateMachineUpdater] INFO  impl.StateMachineUpdater (StateMachineUpdater.java:lambda$new$0(97)) - c8934a7e-3164-45c1-bd4f-8a83062f2a8f@group-D8D700E0C36A-StateMachineUpdater: snapshotIndex: updateIncreasingly -1 -> 6
2023-05-23 10:26:11,728 [Command processor thread] INFO  server.RaftServer$Division (ServerState.java:close(472)) - c8934a7e-3164-45c1-bd4f-8a83062f2a8f@group-D8D700E0C36A: closes. applyIndex: 6
2023-05-23 10:26:11,749 [Under Replicated Processor] INFO  replication.ReplicationManager (ReplicationManager.java:sendDatanodeCommand(684)) - Sending command [replicateContainerCommand: containerId=1, replicaIndex=0, targetNode=790de1da-4581-4ab1-98ae-bd0ae5797406(fv-az1249-304/10.1.0.38), priority=NORMAL] for container ContainerInfo{id=#1, state=CLOSED, pipelineID=PipelineID=362d79f6-c8d2-406a-8969-d8d700e0c36a, stateEnterTime=2023-05-23T10:26:00.639Z, owner=om1} to 54284929-3371-4a1e-b544-6f7fda27a691(fv-az1249-304/10.1.0.38) with datanode deadline 1684838141749 and scm deadline 1684838171749
2023-05-23 10:26:11,750 [Under Replicated Processor] INFO  replication.UnhealthyReplicationProcessor (UnhealthyReplicationProcessor.java:processAll(131)) - Processed 1 containers with health state counts {UNDER_REPLICATED=1}, failed processing 0
2023-05-23 10:26:11,759 [ReplicationMonitor] INFO  replication.ReplicationManager (ReplicationManager.java:processAll(403)) - Replication Monitor Thread took 0 milliseconds for processing 1 containers.
2023-05-23 10:26:11,823 [Listener at 127.0.0.1/15100] INFO  container.TestHelper (TestHelper.java:countReplicas(423)) - Container 1 has 2 replicas on [54284929-3371-4a1e-b544-6f7fda27a691, c8934a7e-3164-45c1-bd4f-8a83062f2a8f]
2023-05-23 10:26:12,294 [grpc-default-executor-6] WARN  server.GrpcLogAppender (LogUtils.java:warn(122)) - c8934a7e-3164-45c1-bd4f-8a83062f2a8f@group-53464B176A33->4423aca3-b60e-4ab8-b093-c0faf93dfaca-AppendLogResponseHandler: Failed appendEntries: org.apache.ratis.thirdparty.io.grpc.StatusRuntimeException: UNAVAILABLE: io exception
2023-05-23 10:26:12,295 [grpc-default-executor-6] WARN  server.GrpcLogAppender (GrpcLogAppender.java:resetClient(128)) - c8934a7e-3164-45c1-bd4f-8a83062f2a8f@group-53464B176A33->4423aca3-b60e-4ab8-b093-c0faf93dfaca-GrpcLogAppender: Follower failed when matchIndex == 0,  keep nextIndex (1) unchanged and retry.
2023-05-23 10:26:12,295 [grpc-default-executor-1] WARN  server.GrpcLogAppender (LogUtils.java:warn(122)) - c8934a7e-3164-45c1-bd4f-8a83062f2a8f@group-53464B176A33->4423aca3-b60e-4ab8-b093-c0faf93dfaca-AppendLogResponseHandler: Failed appendEntries: org.apache.ratis.thirdparty.io.grpc.StatusRuntimeException: UNAVAILABLE: io exception
2023-05-23 10:26:12,295 [grpc-default-executor-1] WARN  server.GrpcLogAppender (GrpcLogAppender.java:resetClient(128)) - c8934a7e-3164-45c1-bd4f-8a83062f2a8f@group-53464B176A33->4423aca3-b60e-4ab8-b093-c0faf93dfaca-GrpcLogAppender: Follower failed when matchIndex == 0,  keep nextIndex (1) unchanged and retry.
2023-05-23 10:26:12,699 [Command processor thread] INFO  segmented.SegmentedRaftLogWorker (SegmentedRaftLogWorker.java:close(252)) - 54284929-3371-4a1e-b544-6f7fda27a691@group-D8D700E0C36A-SegmentedRaftLogWorker close()
2023-05-23 10:26:12,703 [Command processor thread] INFO  server.RaftServer$Division (RaftServerImpl.java:groupRemove(436)) - 54284929-3371-4a1e-b544-6f7fda27a691@group-D8D700E0C36A: Succeed to remove RaftStorageDirectory Storage Directory /home/runner/work/ozone/ozone/hadoop-ozone/integration-test/target/test-dir/MiniOzoneClusterImpl-bbf8790f-824b-49ae-85c2-11c1b792a20d/datanode-1/data/ratis/362d79f6-c8d2-406a-8969-d8d700e0c36a
2023-05-23 10:26:12,703 [Command processor thread] INFO  commandhandler.ClosePipelineCommandHandler (ClosePipelineCommandHandler.java:handle(78)) - Close Pipeline PipelineID=362d79f6-c8d2-406a-8969-d8d700e0c36a command on datanode 54284929-3371-4a1e-b544-6f7fda27a691.
2023-05-23 10:26:12,703 [Command processor thread] INFO  server.RaftServer (RaftServerProxy.java:remove(109)) - 54284929-3371-4a1e-b544-6f7fda27a691: remove  FOLLOWER 54284929-3371-4a1e-b544-6f7fda27a691@group-53464B176A33:t1, leader=c8934a7e-3164-45c1-bd4f-8a83062f2a8f, voted=c8934a7e-3164-45c1-bd4f-8a83062f2a8f, raftlog=Memoized:54284929-3371-4a1e-b544-6f7fda27a691@group-53464B176A33-SegmentedRaftLog:OPENED:c0, conf=0: peers:[4423aca3-b60e-4ab8-b093-c0faf93dfaca|rpc:10.1.0.38:15109|admin:10.1.0.38:15108|client:10.1.0.38:15107|dataStream:10.1.0.38:15110|priority:0|startupRole:FOLLOWER, c8934a7e-3164-45c1-bd4f-8a83062f2a8f|rpc:10.1.0.38:15125|admin:10.1.0.38:15124|client:10.1.0.38:15123|dataStream:10.1.0.38:15126|priority:1|startupRole:FOLLOWER, 54284929-3371-4a1e-b544-6f7fda27a691|rpc:10.1.0.38:15117|admin:10.1.0.38:15116|client:10.1.0.38:15115|dataStream:10.1.0.38:15118|priority:0|startupRole:FOLLOWER]|listeners:[], old=null RUNNING
2023-05-23 10:26:12,703 [Command processor thread] INFO  server.RaftServer$Division (RaftServerImpl.java:lambda$close$4(466)) - 54284929-3371-4a1e-b544-6f7fda27a691@group-53464B176A33: shutdown
2023-05-23 10:26:12,704 [Command processor thread] INFO  util.JmxRegister (JmxRegister.java:unregister(73)) - Successfully un-registered JMX Bean with object name Ratis:service=RaftServer,group=group-53464B176A33,id=54284929-3371-4a1e-b544-6f7fda27a691
2023-05-23 10:26:12,704 [Command processor thread] INFO  impl.RoleInfo (RoleInfo.java:shutdownFollowerState(110)) - 54284929-3371-4a1e-b544-6f7fda27a691: shutdown 54284929-3371-4a1e-b544-6f7fda27a691@group-53464B176A33-FollowerState
2023-05-23 10:26:12,704 [54284929-3371-4a1e-b544-6f7fda27a691@group-53464B176A33-FollowerState] INFO  impl.FollowerState (FollowerState.java:run(152)) - 54284929-3371-4a1e-b544-6f7fda27a691@group-53464B176A33-FollowerState was interrupted
2023-05-23 10:26:12,705 [Command processor thread] INFO  impl.StateMachineUpdater (StateMachineUpdater.java:stopAndJoin(155)) - 54284929-3371-4a1e-b544-6f7fda27a691@group-53464B176A33-StateMachineUpdater: set stopIndex = 0
2023-05-23 10:26:12,706 [54284929-3371-4a1e-b544-6f7fda27a691@group-53464B176A33-StateMachineUpdater] INFO  ratis.ContainerStateMachine (ContainerStateMachine.java:takeSnapshot(330)) - group-53464B176A33: Taking a snapshot at:(t:1, i:0) file /home/runner/work/ozone/ozone/hadoop-ozone/integration-test/target/test-dir/MiniOzoneClusterImpl-bbf8790f-824b-49ae-85c2-11c1b792a20d/datanode-1/data/ratis/3417e7a8-d8c8-49d9-9466-53464b176a33/sm/snapshot.1_0
2023-05-23 10:26:12,706 [Command processor thread] INFO  segmented.SegmentedRaftLogWorker (SegmentedRaftLogWorker.java:close(252)) - c8934a7e-3164-45c1-bd4f-8a83062f2a8f@group-D8D700E0C36A-SegmentedRaftLogWorker close()
2023-05-23 10:26:12,708 [54284929-3371-4a1e-b544-6f7fda27a691@group-53464B176A33-StateMachineUpdater] INFO  ratis.ContainerStateMachine (ContainerStateMachine.java:takeSnapshot(341)) - group-53464B176A33: Finished taking a snapshot at:(t:1, i:0) file:/home/runner/work/ozone/ozone/hadoop-ozone/integration-test/target/test-dir/MiniOzoneClusterImpl-bbf8790f-824b-49ae-85c2-11c1b792a20d/datanode-1/data/ratis/3417e7a8-d8c8-49d9-9466-53464b176a33/sm/snapshot.1_0 took: 4 ms
2023-05-23 10:26:12,708 [54284929-3371-4a1e-b544-6f7fda27a691@group-53464B176A33-StateMachineUpdater] INFO  impl.StateMachineUpdater (StateMachineUpdater.java:takeSnapshot(291)) - 54284929-3371-4a1e-b544-6f7fda27a691@group-53464B176A33-StateMachineUpdater: Took a snapshot at index 0
2023-05-23 10:26:12,708 [54284929-3371-4a1e-b544-6f7fda27a691@group-53464B176A33-StateMachineUpdater] INFO  impl.StateMachineUpdater (StateMachineUpdater.java:lambda$new$0(97)) - 54284929-3371-4a1e-b544-6f7fda27a691@group-53464B176A33-StateMachineUpdater: snapshotIndex: updateIncreasingly -1 -> 0
2023-05-23 10:26:12,708 [Command processor thread] INFO  server.RaftServer$Division (RaftServerImpl.java:groupRemove(436)) - c8934a7e-3164-45c1-bd4f-8a83062f2a8f@group-D8D700E0C36A: Succeed to remove RaftStorageDirectory Storage Directory /home/runner/work/ozone/ozone/hadoop-ozone/integration-test/target/test-dir/MiniOzoneClusterImpl-bbf8790f-824b-49ae-85c2-11c1b792a20d/datanode-2/data/ratis/362d79f6-c8d2-406a-8969-d8d700e0c36a
2023-05-23 10:26:12,708 [Command processor thread] INFO  commandhandler.ClosePipelineCommandHandler (ClosePipelineCommandHandler.java:handle(78)) - Close Pipeline PipelineID=362d79f6-c8d2-406a-8969-d8d700e0c36a command on datanode c8934a7e-3164-45c1-bd4f-8a83062f2a8f.
2023-05-23 10:26:12,709 [Command processor thread] INFO  server.RaftServer (RaftServerProxy.java:remove(109)) - c8934a7e-3164-45c1-bd4f-8a83062f2a8f: remove    LEADER c8934a7e-3164-45c1-bd4f-8a83062f2a8f@group-53464B176A33:t1, leader=c8934a7e-3164-45c1-bd4f-8a83062f2a8f, voted=c8934a7e-3164-45c1-bd4f-8a83062f2a8f, raftlog=Memoized:c8934a7e-3164-45c1-bd4f-8a83062f2a8f@group-53464B176A33-SegmentedRaftLog:OPENED:c0, conf=0: peers:[4423aca3-b60e-4ab8-b093-c0faf93dfaca|rpc:10.1.0.38:15109|admin:10.1.0.38:15108|client:10.1.0.38:15107|dataStream:10.1.0.38:15110|priority:0|startupRole:FOLLOWER, c8934a7e-3164-45c1-bd4f-8a83062f2a8f|rpc:10.1.0.38:15125|admin:10.1.0.38:15124|client:10.1.0.38:15123|dataStream:10.1.0.38:15126|priority:1|startupRole:FOLLOWER, 54284929-3371-4a1e-b544-6f7fda27a691|rpc:10.1.0.38:15117|admin:10.1.0.38:15116|client:10.1.0.38:15115|dataStream:10.1.0.38:15118|priority:0|startupRole:FOLLOWER]|listeners:[], old=null RUNNING
2023-05-23 10:26:12,709 [Command processor thread] INFO  server.RaftServer$Division (RaftServerImpl.java:lambda$close$4(466)) - c8934a7e-3164-45c1-bd4f-8a83062f2a8f@group-53464B176A33: shutdown
2023-05-23 10:26:12,709 [Command processor thread] INFO  server.RaftServer$Division (ServerState.java:close(472)) - 54284929-3371-4a1e-b544-6f7fda27a691@group-53464B176A33: closes. applyIndex: 0
2023-05-23 10:26:12,709 [Command processor thread] INFO  util.JmxRegister (JmxRegister.java:unregister(73)) - Successfully un-registered JMX Bean with object name Ratis:service=RaftServer,group=group-53464B176A33,id=c8934a7e-3164-45c1-bd4f-8a83062f2a8f
2023-05-23 10:26:12,709 [Command processor thread] INFO  impl.RoleInfo (RoleInfo.java:shutdownLeaderState(93)) - c8934a7e-3164-45c1-bd4f-8a83062f2a8f: shutdown c8934a7e-3164-45c1-bd4f-8a83062f2a8f@group-53464B176A33-LeaderStateImpl
2023-05-23 10:26:12,709 [Command processor thread] INFO  impl.PendingRequests (PendingRequests.java:sendNotLeaderResponses(289)) - c8934a7e-3164-45c1-bd4f-8a83062f2a8f@group-53464B176A33-PendingRequests: sendNotLeaderResponses
2023-05-23 10:26:12,709 [c8934a7e-3164-45c1-bd4f-8a83062f2a8f@group-53464B176A33->54284929-3371-4a1e-b544-6f7fda27a691-GrpcLogAppender-LogAppenderDaemon] WARN  server.GrpcLogAppender (GrpcLogAppender.java:mayWait(199)) - c8934a7e-3164-45c1-bd4f-8a83062f2a8f@group-53464B176A33->54284929-3371-4a1e-b544-6f7fda27a691-GrpcLogAppender: Wait interrupted by java.lang.InterruptedException
2023-05-23 10:26:12,709 [Command processor thread] INFO  impl.StateMachineUpdater (StateMachineUpdater.java:stopAndJoin(155)) - c8934a7e-3164-45c1-bd4f-8a83062f2a8f@group-53464B176A33-StateMachineUpdater: set stopIndex = 0
2023-05-23 10:26:12,710 [c8934a7e-3164-45c1-bd4f-8a83062f2a8f@group-53464B176A33-StateMachineUpdater] INFO  ratis.ContainerStateMachine (ContainerStateMachine.java:takeSnapshot(330)) - group-53464B176A33: Taking a snapshot at:(t:1, i:0) file /home/runner/work/ozone/ozone/hadoop-ozone/integration-test/target/test-dir/MiniOzoneClusterImpl-bbf8790f-824b-49ae-85c2-11c1b792a20d/datanode-2/data/ratis/3417e7a8-d8c8-49d9-9466-53464b176a33/sm/snapshot.1_0
2023-05-23 10:26:12,710 [grpc-default-executor-1] INFO  server.GrpcServerProtocolService (GrpcServerProtocolService.java:onCompleted(155)) - 54284929-3371-4a1e-b544-6f7fda27a691: Completed APPEND_ENTRIES, lastRequest: null
2023-05-23 10:26:12,710 [grpc-default-executor-6] INFO  server.GrpcServerProtocolService (GrpcServerProtocolService.java:onCompleted(155)) - 54284929-3371-4a1e-b544-6f7fda27a691: Completed APPEND_ENTRIES, lastRequest: c8934a7e-3164-45c1-bd4f-8a83062f2a8f->54284929-3371-4a1e-b544-6f7fda27a691#1-t1,previous=(t:0, i:0),leaderCommit=-1,initializing? true,entries: size=1, first=(t:1, i:0), CONFIGURATIONENTRY(current:id: "4423aca3-b60e-4ab8-b093-c0faf93dfaca"
address: "10.1.0.38:15109"
dataStreamAddress: "10.1.0.38:15110"
clientAddress: "10.1.0.38:15107"
adminAddress: "10.1.0.38:15108"
startupRole: FOLLOWER
,id: "c8934a7e-3164-45c1-bd4f-8a83062f2a8f"
address: "10.1.0.38:15125"
priority: 1
dataStreamAddress: "10.1.0.38:15126"
clientAddress: "10.1.0.38:15123"
adminAddress: "10.1.0.38:15124"
startupRole: FOLLOWER
,id: "54284929-3371-4a1e-b544-6f7fda27a691"
address: "10.1.0.38:15117"
dataStreamAddress: "10.1.0.38:15118"
clientAddress: "10.1.0.38:15115"
adminAddress: "10.1.0.38:15116"
startupRole: FOLLOWER
, old:)
2023-05-23 10:26:12,710 [grpc-default-executor-6] INFO  server.GrpcServerProtocolService (GrpcServerProtocolService.java:lambda$onCompleted$5(157)) - 54284929-3371-4a1e-b544-6f7fda27a691: Completed APPEND_ENTRIES, lastReply: null
2023-05-23 10:26:12,709 [c8934a7e-3164-45c1-bd4f-8a83062f2a8f@group-53464B176A33->4423aca3-b60e-4ab8-b093-c0faf93dfaca-GrpcLogAppender-LogAppenderDaemon] WARN  server.GrpcLogAppender (GrpcLogAppender.java:mayWait(199)) - c8934a7e-3164-45c1-bd4f-8a83062f2a8f@group-53464B176A33->4423aca3-b60e-4ab8-b093-c0faf93dfaca-GrpcLogAppender: Wait interrupted by java.lang.InterruptedException
2023-05-23 10:26:12,711 [c8934a7e-3164-45c1-bd4f-8a83062f2a8f@group-53464B176A33-StateMachineUpdater] INFO  ratis.ContainerStateMachine (ContainerStateMachine.java:takeSnapshot(341)) - group-53464B176A33: Finished taking a snapshot at:(t:1, i:0) file:/home/runner/work/ozone/ozone/hadoop-ozone/integration-test/target/test-dir/MiniOzoneClusterImpl-bbf8790f-824b-49ae-85c2-11c1b792a20d/datanode-2/data/ratis/3417e7a8-d8c8-49d9-9466-53464b176a33/sm/snapshot.1_0 took: 1 ms
2023-05-23 10:26:12,712 [c8934a7e-3164-45c1-bd4f-8a83062f2a8f@group-53464B176A33-StateMachineUpdater] INFO  impl.StateMachineUpdater (StateMachineUpdater.java:takeSnapshot(291)) - c8934a7e-3164-45c1-bd4f-8a83062f2a8f@group-53464B176A33-StateMachineUpdater: Took a snapshot at index 0
2023-05-23 10:26:12,712 [c8934a7e-3164-45c1-bd4f-8a83062f2a8f@group-53464B176A33-StateMachineUpdater] INFO  impl.StateMachineUpdater (StateMachineUpdater.java:lambda$new$0(97)) - c8934a7e-3164-45c1-bd4f-8a83062f2a8f@group-53464B176A33-StateMachineUpdater: snapshotIndex: updateIncreasingly -1 -> 0
2023-05-23 10:26:12,712 [grpc-default-executor-1] INFO  server.GrpcServerProtocolService (GrpcServerProtocolService.java:lambda$onCompleted$5(157)) - 54284929-3371-4a1e-b544-6f7fda27a691: Completed APPEND_ENTRIES, lastReply: serverReply {
  requestorId: "c8934a7e-3164-45c1-bd4f-8a83062f2a8f"
  replyId: "54284929-3371-4a1e-b544-6f7fda27a691"
  raftGroupId {
    id: "4\027\347\250\330\310I\331\224fSFK\027j3"
  }
  callId: 9
  success: true
}
term: 1
nextIndex: 1
matchIndex: 18446744073709551615
isHearbeat: true

2023-05-23 10:26:12,713 [grpc-default-executor-8] INFO  server.GrpcLogAppender (GrpcLogAppender.java:onCompleted(428)) - c8934a7e-3164-45c1-bd4f-8a83062f2a8f@group-53464B176A33->54284929-3371-4a1e-b544-6f7fda27a691-AppendLogResponseHandler: follower responses appendEntries COMPLETED
2023-05-23 10:26:12,713 [Command processor thread] INFO  server.RaftServer$Division (ServerState.java:close(472)) - c8934a7e-3164-45c1-bd4f-8a83062f2a8f@group-53464B176A33: closes. applyIndex: 0
2023-05-23 10:26:12,713 [grpc-default-executor-8] INFO  leader.FollowerInfo (FollowerInfoImpl.java:lambda$new$0(52)) - c8934a7e-3164-45c1-bd4f-8a83062f2a8f@group-53464B176A33->54284929-3371-4a1e-b544-6f7fda27a691: decreaseNextIndex nextIndex: updateUnconditionally 1 -> 0
2023-05-23 10:26:12,715 [grpc-default-executor-8] INFO  server.GrpcLogAppender (GrpcLogAppender.java:onCompleted(428)) - c8934a7e-3164-45c1-bd4f-8a83062f2a8f@group-53464B176A33->54284929-3371-4a1e-b544-6f7fda27a691-AppendLogResponseHandler: follower responses appendEntries COMPLETED
2023-05-23 10:26:12,754 [Command processor thread] INFO  segmented.SegmentedRaftLogWorker (SegmentedRaftLogWorker.java:close(252)) - c8934a7e-3164-45c1-bd4f-8a83062f2a8f@group-53464B176A33-SegmentedRaftLogWorker close()
2023-05-23 10:26:12,756 [Command processor thread] INFO  server.RaftServer$Division (RaftServerImpl.java:groupRemove(436)) - c8934a7e-3164-45c1-bd4f-8a83062f2a8f@group-53464B176A33: Succeed to remove RaftStorageDirectory Storage Directory /home/runner/work/ozone/ozone/hadoop-ozone/integration-test/target/test-dir/MiniOzoneClusterImpl-bbf8790f-824b-49ae-85c2-11c1b792a20d/datanode-2/data/ratis/3417e7a8-d8c8-49d9-9466-53464b176a33
2023-05-23 10:26:12,756 [Command processor thread] INFO  commandhandler.ClosePipelineCommandHandler (ClosePipelineCommandHandler.java:handle(78)) - Close Pipeline PipelineID=3417e7a8-d8c8-49d9-9466-53464b176a33 command on datanode c8934a7e-3164-45c1-bd4f-8a83062f2a8f.
2023-05-23 10:26:12,760 [ReplicationMonitor] INFO  replication.ReplicationManager (ReplicationManager.java:processAll(403)) - Replication Monitor Thread took 0 milliseconds for processing 1 containers.
2023-05-23 10:26:12,790 [Command processor thread] INFO  segmented.SegmentedRaftLogWorker (SegmentedRaftLogWorker.java:close(252)) - 54284929-3371-4a1e-b544-6f7fda27a691@group-53464B176A33-SegmentedRaftLogWorker close()
2023-05-23 10:26:12,792 [Command processor thread] INFO  server.RaftServer$Division (RaftServerImpl.java:groupRemove(436)) - 54284929-3371-4a1e-b544-6f7fda27a691@group-53464B176A33: Succeed to remove RaftStorageDirectory Storage Directory /home/runner/work/ozone/ozone/hadoop-ozone/integration-test/target/test-dir/MiniOzoneClusterImpl-bbf8790f-824b-49ae-85c2-11c1b792a20d/datanode-1/data/ratis/3417e7a8-d8c8-49d9-9466-53464b176a33
2023-05-23 10:26:12,792 [Command processor thread] INFO  commandhandler.ClosePipelineCommandHandler (ClosePipelineCommandHandler.java:handle(78)) - Close Pipeline PipelineID=3417e7a8-d8c8-49d9-9466-53464b176a33 command on datanode 54284929-3371-4a1e-b544-6f7fda27a691.
2023-05-23 10:26:12,792 [ContainerReplicationThread-0] INFO  replication.PushReplicator (PushReplicator.java:replicate(58)) - Starting replication of container 1 to 790de1da-4581-4ab1-98ae-bd0ae5797406(fv-az1249-304/10.1.0.38) using NO_COMPRESSION
2023-05-23 10:26:12,802 [ContainerReplicationThread-0] INFO  replication.GrpcOutputStream (GrpcOutputStream.java:close(111)) - Sent 9728 bytes for container 1
2023-05-23 10:26:12,804 [ReplicationContainerReader-1] INFO  replication.SendContainerRequestHandler (SendContainerRequestHandler.java:onNext(80)) - Accepting container 1
2023-05-23 10:26:12,804 [ReplicationContainerReader-1] INFO  replication.SendContainerRequestHandler (SendContainerRequestHandler.java:onCompleted(108)) - Container 1 is downloaded with size 9728, starting to import.
2023-05-23 10:26:12,819 [ReplicationContainerReader-1] INFO  replication.SendContainerRequestHandler (SendContainerRequestHandler.java:onCompleted(114)) - Container 1 is replicated successfully
2023-05-23 10:26:12,823 [Listener at 127.0.0.1/15100] INFO  container.TestHelper (TestHelper.java:countReplicas(423)) - Container 1 has 3 replicas on [54284929-3371-4a1e-b544-6f7fda27a691, 790de1da-4581-4ab1-98ae-bd0ae5797406, c8934a7e-3164-45c1-bd4f-8a83062f2a8f]
2023-05-23 10:26:12,830 [grpc-default-executor-8] INFO  replication.GrpcContainerUploader (GrpcContainerUploader.java:onCompleted(119)) - Finished uploading container 1 to 790de1da-4581-4ab1-98ae-bd0ae5797406(fv-az1249-304/10.1.0.38)
2023-05-23 10:26:12,831 [ContainerReplicationThread-0] INFO  replication.ReplicationSupervisor (ReplicationSupervisor.java:run(353)) - Successful DONE replicateContainerCommand: containerId=1, replicaIndex=0, targetNode=790de1da-4581-4ab1-98ae-bd0ae5797406(fv-az1249-304/10.1.0.38), priority=NORMAL, transferred 9728 bytes
2023-05-23 10:26:12,834 [Listener at 127.0.0.1/15100] INFO  ozone.MiniOzoneClusterImpl (MiniOzoneClusterImpl.java:shutdown(441)) - Shutting down the Mini Ozone Cluster
2023-05-23 10:26:12,834 [Listener at 127.0.0.1/15100] INFO  ozone.MiniOzoneClusterImpl (MiniOzoneClusterImpl.java:stop(458)) - Stopping the Mini Ozone Cluster
2023-05-23 10:26:12,834 [Listener at 127.0.0.1/15100] INFO  ozone.MiniOzoneClusterImpl (MiniOzoneClusterImpl.java:stopOM(544)) - Stopping the OzoneManager
2023-05-23 10:26:12,834 [Listener at 127.0.0.1/15100] INFO  om.OzoneManager (OzoneManager.java:stop(2210)) - om1[localhost:15100]: Stopping Ozone Manager
2023-05-23 10:26:12,834 [Listener at 127.0.0.1/15100] INFO  ipc.Server (Server.java:stop(3501)) - Stopping server on 15100
2023-05-23 10:26:12,836 [IPC Server Responder] INFO  ipc.Server (Server.java:run(1563)) - Stopping IPC Server Responder
2023-05-23 10:26:12,836 [IPC Server listener on 15100] INFO  ipc.Server (Server.java:run(1430)) - Stopping IPC Server listener on 15100
2023-05-23 10:26:12,839 [Listener at 127.0.0.1/15100] INFO  server.RaftServer (RaftServerProxy.java:lambda$close$6(416)) - om1: close
2023-05-23 10:26:12,839 [Listener at 127.0.0.1/15100] INFO  server.GrpcService (GrpcService.java:closeImpl(311)) - om1: shutdown server GrpcServerProtocolService now
2023-05-23 10:26:12,839 [om1-impl-thread1] INFO  server.RaftServer$Division (RaftServerImpl.java:lambda$close$4(466)) - om1@group-C5BA1605619E: shutdown
2023-05-23 10:26:12,840 [om1-impl-thread1] INFO  util.JmxRegister (JmxRegister.java:unregister(73)) - Successfully un-registered JMX Bean with object name Ratis:service=RaftServer,group=group-C5BA1605619E,id=om1
2023-05-23 10:26:12,840 [om1-impl-thread1] INFO  impl.RoleInfo (RoleInfo.java:shutdownLeaderState(93)) - om1: shutdown om1@group-C5BA1605619E-LeaderStateImpl
2023-05-23 10:26:12,840 [om1-impl-thread1] INFO  impl.PendingRequests (PendingRequests.java:sendNotLeaderResponses(289)) - om1@group-C5BA1605619E-PendingRequests: sendNotLeaderResponses
2023-05-23 10:26:12,845 [om1-impl-thread1] INFO  impl.StateMachineUpdater (StateMachineUpdater.java:stopAndJoin(155)) - om1@group-C5BA1605619E-StateMachineUpdater: set stopIndex = 8
2023-05-23 10:26:12,846 [om1@group-C5BA1605619E-StateMachineUpdater] INFO  ratis.OzoneManagerStateMachine (OzoneManagerStateMachine.java:takeSnapshot(479)) - Current Snapshot Index (t:1, i:8)
2023-05-23 10:26:12,846 [Listener at 127.0.0.1/15100] INFO  server.GrpcService (GrpcService.java:closeImpl(320)) - om1: shutdown server GrpcServerProtocolService successfully
2023-05-23 10:26:12,869 [om1@group-C5BA1605619E-StateMachineUpdater] INFO  impl.StateMachineUpdater (StateMachineUpdater.java:takeSnapshot(291)) - om1@group-C5BA1605619E-StateMachineUpdater: Took a snapshot at index 8
2023-05-23 10:26:12,869 [om1@group-C5BA1605619E-StateMachineUpdater] INFO  impl.StateMachineUpdater (StateMachineUpdater.java:lambda$new$0(97)) - om1@group-C5BA1605619E-StateMachineUpdater: snapshotIndex: updateIncreasingly -1 -> 8
2023-05-23 10:26:12,869 [om1@group-C5BA1605619E-StateMachineUpdater] INFO  ratis.OzoneManagerStateMachine (OzoneManagerStateMachine.java:close(533)) - StateMachine has shutdown. Shutdown OzoneManager if not already shutdown.
2023-05-23 10:26:12,869 [om1@group-C5BA1605619E-StateMachineUpdater] INFO  ratis.OzoneManagerDoubleBuffer (OzoneManagerDoubleBuffer.java:stopDaemon(559)) - Stopping OMDoubleBuffer flush thread
2023-05-23 10:26:12,871 [OMDoubleBufferFlushThread] INFO  ratis.OzoneManagerDoubleBuffer (OzoneManagerDoubleBuffer.java:canFlush(648)) - OMDoubleBuffer flush thread OMDoubleBufferFlushThread is interrupted and will exit.
2023-05-23 10:26:12,871 [om1-impl-thread1] INFO  server.RaftServer$Division (ServerState.java:close(472)) - om1@group-C5BA1605619E: closes. applyIndex: 8
2023-05-23 10:26:13,754 [om1-impl-thread1] INFO  segmented.SegmentedRaftLogWorker (SegmentedRaftLogWorker.java:close(252)) - om1@group-C5BA1605619E-SegmentedRaftLogWorker close()
2023-05-23 10:26:13,755 [JvmPauseMonitor12] INFO  util.JvmPauseMonitor (JvmPauseMonitor.java:run(109)) - JvmPauseMonitor-om1: Stopped
2023-05-23 10:26:13,755 [Listener at 127.0.0.1/15100] INFO  ratis.OzoneManagerStateMachine (OzoneManagerStateMachine.java:close(533)) - StateMachine has shutdown. Shutdown OzoneManager if not already shutdown.
2023-05-23 10:26:13,755 [Listener at 127.0.0.1/15100] INFO  ratis.OzoneManagerDoubleBuffer (OzoneManagerDoubleBuffer.java:stopDaemon(568)) - OMDoubleBuffer flush thread is not running.
2023-05-23 10:26:13,756 [Listener at 127.0.0.1/15100] INFO  utils.BackgroundService (BackgroundService.java:shutdown(141)) - Shutting down service KeyDeletingService
2023-05-23 10:26:13,756 [Listener at 127.0.0.1/15100] INFO  utils.BackgroundService (BackgroundService.java:shutdown(141)) - Shutting down service KeyDeletingService
2023-05-23 10:26:13,756 [Listener at 127.0.0.1/15100] INFO  utils.BackgroundService (BackgroundService.java:shutdown(141)) - Shutting down service OpenKeyCleanupService
2023-05-23 10:26:13,756 [Listener at 127.0.0.1/15100] INFO  utils.BackgroundService (BackgroundService.java:shutdown(141)) - Shutting down service SstFilteringService
2023-05-23 10:26:13,756 [Listener at 127.0.0.1/15100] INFO  utils.BackgroundService (BackgroundService.java:shutdown(141)) - Shutting down service SnapshotDeletingService
2023-05-23 10:26:13,757 [Listener at 127.0.0.1/15100] INFO  handler.ContextHandler (ContextHandler.java:doStop(1159)) - Stopped o.e.j.w.WebAppContext@1a8a8014{ozoneManager,/,null,STOPPED}{file:/home/runner/work/ozone/ozone/hadoop-ozone/integration-test/target/test-classes/webapps/ozoneManager}
2023-05-23 10:26:13,757 [Listener at 127.0.0.1/15100] INFO  server.AbstractConnector (AbstractConnector.java:doStop(383)) - Stopped ServerConnector@4c513684{HTTP/1.1, (http/1.1)}{0.0.0.0:15101}
2023-05-23 10:26:13,758 [Listener at 127.0.0.1/15100] INFO  server.session (HouseKeeper.java:stopScavenging(149)) - node0 Stopped scavenging
2023-05-23 10:26:13,758 [Listener at 127.0.0.1/15100] INFO  handler.ContextHandler (ContextHandler.java:doStop(1159)) - Stopped o.e.j.s.ServletContextHandler@304257f3{static,/static,file:///home/runner/work/ozone/ozone/hadoop-ozone/integration-test/target/test-classes/webapps/static,STOPPED}
2023-05-23 10:26:13,758 [Listener at 127.0.0.1/15100] INFO  handler.ContextHandler (ContextHandler.java:doStop(1159)) - Stopped o.e.j.s.ServletContextHandler@5fdca986{logs,/logs,file:///home/runner/work/ozone/ozone/hadoop-ozone/integration-test/target/log,STOPPED}
2023-05-23 10:26:13,760 [Listener at 127.0.0.1/15100] INFO  utils.BackgroundService (BackgroundService.java:shutdown(141)) - Shutting down service SnapshotDiffCleanupService
2023-05-23 10:26:13,761 [ReplicationMonitor] INFO  replication.ReplicationManager (ReplicationManager.java:processAll(403)) - Replication Monitor Thread took 1 milliseconds for processing 1 containers.
2023-05-23 10:26:13,763 [Listener at 127.0.0.1/15100] INFO  ozone.MiniOzoneClusterImpl (MiniOzoneClusterImpl.java:stopDatanodes(521)) - Stopping the HddsDatanodes
2023-05-23 10:26:13,765 [ForkJoinPool.commonPool-worker-2] INFO  ozoneimpl.OzoneContainer (OzoneContainer.java:stop(419)) - Attempting to stop container services.
2023-05-23 10:26:13,766 [ForkJoinPool.commonPool-worker-2] INFO  server.RaftServer (RaftServerProxy.java:lambda$close$6(416)) - 54284929-3371-4a1e-b544-6f7fda27a691: close
2023-05-23 10:26:13,766 [Listener at 127.0.0.1/15100] INFO  ozoneimpl.OzoneContainer (OzoneContainer.java:stop(419)) - Attempting to stop container services.
2023-05-23 10:26:13,766 [54284929-3371-4a1e-b544-6f7fda27a691-impl-thread1] INFO  server.RaftServer$Division (RaftServerImpl.java:lambda$close$4(466)) - 54284929-3371-4a1e-b544-6f7fda27a691@group-1CB070401100: shutdown
2023-05-23 10:26:13,766 [ForkJoinPool.commonPool-worker-2] INFO  server.GrpcService (GrpcService.java:closeImpl(311)) - 54284929-3371-4a1e-b544-6f7fda27a691: shutdown server org.apache.ratis.grpc.server.GrpcClientProtocolService now
2023-05-23 10:26:13,766 [54284929-3371-4a1e-b544-6f7fda27a691-impl-thread1] INFO  util.JmxRegister (JmxRegister.java:unregister(73)) - Successfully un-registered JMX Bean with object name Ratis:service=RaftServer,group=group-1CB070401100,id=54284929-3371-4a1e-b544-6f7fda27a691
2023-05-23 10:26:13,767 [54284929-3371-4a1e-b544-6f7fda27a691-impl-thread1] INFO  impl.RoleInfo (RoleInfo.java:shutdownLeaderState(93)) - 54284929-3371-4a1e-b544-6f7fda27a691: shutdown 54284929-3371-4a1e-b544-6f7fda27a691@group-1CB070401100-LeaderStateImpl
2023-05-23 10:26:13,767 [54284929-3371-4a1e-b544-6f7fda27a691-impl-thread1] INFO  impl.PendingRequests (PendingRequests.java:sendNotLeaderResponses(289)) - 54284929-3371-4a1e-b544-6f7fda27a691@group-1CB070401100-PendingRequests: sendNotLeaderResponses
2023-05-23 10:26:13,767 [54284929-3371-4a1e-b544-6f7fda27a691-impl-thread1] INFO  impl.StateMachineUpdater (StateMachineUpdater.java:stopAndJoin(155)) - 54284929-3371-4a1e-b544-6f7fda27a691@group-1CB070401100-StateMachineUpdater: set stopIndex = 0
2023-05-23 10:26:13,767 [54284929-3371-4a1e-b544-6f7fda27a691@group-1CB070401100-StateMachineUpdater] INFO  ratis.ContainerStateMachine (ContainerStateMachine.java:takeSnapshot(330)) - group-1CB070401100: Taking a snapshot at:(t:1, i:0) file /home/runner/work/ozone/ozone/hadoop-ozone/integration-test/target/test-dir/MiniOzoneClusterImpl-bbf8790f-824b-49ae-85c2-11c1b792a20d/datanode-1/data/ratis/2d03b8dc-0e46-44d8-b77b-1cb070401100/sm/snapshot.1_0
2023-05-23 10:26:13,768 [54284929-3371-4a1e-b544-6f7fda27a691@group-1CB070401100-StateMachineUpdater] INFO  ratis.ContainerStateMachine (ContainerStateMachine.java:takeSnapshot(341)) - group-1CB070401100: Finished taking a snapshot at:(t:1, i:0) file:/home/runner/work/ozone/ozone/hadoop-ozone/integration-test/target/test-dir/MiniOzoneClusterImpl-bbf8790f-824b-49ae-85c2-11c1b792a20d/datanode-1/data/ratis/2d03b8dc-0e46-44d8-b77b-1cb070401100/sm/snapshot.1_0 took: 1 ms
2023-05-23 10:26:13,768 [54284929-3371-4a1e-b544-6f7fda27a691@group-1CB070401100-StateMachineUpdater] INFO  impl.StateMachineUpdater (StateMachineUpdater.java:takeSnapshot(291)) - 54284929-3371-4a1e-b544-6f7fda27a691@group-1CB070401100-StateMachineUpdater: Took a snapshot at index 0
2023-05-23 10:26:13,768 [54284929-3371-4a1e-b544-6f7fda27a691@group-1CB070401100-StateMachineUpdater] INFO  impl.StateMachineUpdater (StateMachineUpdater.java:lambda$new$0(97)) - 54284929-3371-4a1e-b544-6f7fda27a691@group-1CB070401100-StateMachineUpdater: snapshotIndex: updateIncreasingly -1 -> 0
2023-05-23 10:26:13,769 [54284929-3371-4a1e-b544-6f7fda27a691-impl-thread1] INFO  server.RaftServer$Division (ServerState.java:close(472)) - 54284929-3371-4a1e-b544-6f7fda27a691@group-1CB070401100: closes. applyIndex: 0
2023-05-23 10:26:13,776 [Thread-1628] INFO  server.GrpcServerProtocolClient (GrpcServerProtocolClient.java:close(103)) - 4423aca3-b60e-4ab8-b093-c0faf93dfaca Close channels
2023-05-23 10:26:13,777 [Listener at 127.0.0.1/15100] INFO  server.RaftServer (RaftServerProxy.java:lambda$close$6(416)) - c8934a7e-3164-45c1-bd4f-8a83062f2a8f: close
2023-05-23 10:26:13,777 [Listener at 127.0.0.1/15100] INFO  server.GrpcService (GrpcService.java:closeImpl(311)) - c8934a7e-3164-45c1-bd4f-8a83062f2a8f: shutdown server org.apache.ratis.grpc.server.GrpcClientProtocolService now
2023-05-23 10:26:13,777 [c8934a7e-3164-45c1-bd4f-8a83062f2a8f-impl-thread1] INFO  server.RaftServer$Division (RaftServerImpl.java:lambda$close$4(466)) - c8934a7e-3164-45c1-bd4f-8a83062f2a8f@group-53ED05E41AE4: shutdown
2023-05-23 10:26:13,777 [c8934a7e-3164-45c1-bd4f-8a83062f2a8f-impl-thread1] INFO  util.JmxRegister (JmxRegister.java:unregister(73)) - Successfully un-registered JMX Bean with object name Ratis:service=RaftServer,group=group-53ED05E41AE4,id=c8934a7e-3164-45c1-bd4f-8a83062f2a8f
2023-05-23 10:26:13,777 [c8934a7e-3164-45c1-bd4f-8a83062f2a8f-impl-thread1] INFO  impl.RoleInfo (RoleInfo.java:shutdownLeaderState(93)) - c8934a7e-3164-45c1-bd4f-8a83062f2a8f: shutdown c8934a7e-3164-45c1-bd4f-8a83062f2a8f@group-53ED05E41AE4-LeaderStateImpl
2023-05-23 10:26:13,777 [c8934a7e-3164-45c1-bd4f-8a83062f2a8f-impl-thread1] INFO  impl.PendingRequests (PendingRequests.java:sendNotLeaderResponses(289)) - c8934a7e-3164-45c1-bd4f-8a83062f2a8f@group-53ED05E41AE4-PendingRequests: sendNotLeaderResponses
2023-05-23 10:26:13,777 [c8934a7e-3164-45c1-bd4f-8a83062f2a8f-impl-thread1] INFO  impl.StateMachineUpdater (StateMachineUpdater.java:stopAndJoin(155)) - c8934a7e-3164-45c1-bd4f-8a83062f2a8f@group-53ED05E41AE4-StateMachineUpdater: set stopIndex = 0
2023-05-23 10:26:13,778 [c8934a7e-3164-45c1-bd4f-8a83062f2a8f@group-53ED05E41AE4-StateMachineUpdater] INFO  ratis.ContainerStateMachine (ContainerStateMachine.java:takeSnapshot(330)) - group-53ED05E41AE4: Taking a snapshot at:(t:1, i:0) file /home/runner/work/ozone/ozone/hadoop-ozone/integration-test/target/test-dir/MiniOzoneClusterImpl-bbf8790f-824b-49ae-85c2-11c1b792a20d/datanode-2/data/ratis/39c5a10c-bc6a-410a-8f50-53ed05e41ae4/sm/snapshot.1_0
2023-05-23 10:26:13,779 [c8934a7e-3164-45c1-bd4f-8a83062f2a8f@group-53ED05E41AE4-StateMachineUpdater] INFO  ratis.ContainerStateMachine (ContainerStateMachine.java:takeSnapshot(341)) - group-53ED05E41AE4: Finished taking a snapshot at:(t:1, i:0) file:/home/runner/work/ozone/ozone/hadoop-ozone/integration-test/target/test-dir/MiniOzoneClusterImpl-bbf8790f-824b-49ae-85c2-11c1b792a20d/datanode-2/data/ratis/39c5a10c-bc6a-410a-8f50-53ed05e41ae4/sm/snapshot.1_0 took: 1 ms
2023-05-23 10:26:13,779 [c8934a7e-3164-45c1-bd4f-8a83062f2a8f@group-53ED05E41AE4-StateMachineUpdater] INFO  impl.StateMachineUpdater (StateMachineUpdater.java:takeSnapshot(291)) - c8934a7e-3164-45c1-bd4f-8a83062f2a8f@group-53ED05E41AE4-StateMachineUpdater: Took a snapshot at index 0
2023-05-23 10:26:13,779 [c8934a7e-3164-45c1-bd4f-8a83062f2a8f@group-53ED05E41AE4-StateMachineUpdater] INFO  impl.StateMachineUpdater (StateMachineUpdater.java:lambda$new$0(97)) - c8934a7e-3164-45c1-bd4f-8a83062f2a8f@group-53ED05E41AE4-StateMachineUpdater: snapshotIndex: updateIncreasingly -1 -> 0
2023-05-23 10:26:13,779 [c8934a7e-3164-45c1-bd4f-8a83062f2a8f-impl-thread1] INFO  server.RaftServer$Division (ServerState.java:close(472)) - c8934a7e-3164-45c1-bd4f-8a83062f2a8f@group-53ED05E41AE4: closes. applyIndex: 0
2023-05-23 10:26:13,782 [Thread-1631] INFO  server.GrpcServerProtocolClient (GrpcServerProtocolClient.java:close(103)) - 4423aca3-b60e-4ab8-b093-c0faf93dfaca Close channels
2023-05-23 10:26:13,788 [Thread-1629] INFO  server.GrpcServerProtocolClient (GrpcServerProtocolClient.java:close(103)) - c8934a7e-3164-45c1-bd4f-8a83062f2a8f Close channels
2023-05-23 10:26:13,793 [ForkJoinPool.commonPool-worker-3] INFO  ozoneimpl.OzoneContainer (OzoneContainer.java:stop(419)) - Attempting to stop container services.
2023-05-23 10:26:13,794 [Thread-1633] INFO  server.GrpcServerProtocolClient (GrpcServerProtocolClient.java:close(103)) - 54284929-3371-4a1e-b544-6f7fda27a691 Close channels
2023-05-23 10:26:13,795 [Listener at 127.0.0.1/15100] INFO  server.GrpcService (GrpcService.java:closeImpl(320)) - c8934a7e-3164-45c1-bd4f-8a83062f2a8f: shutdown server org.apache.ratis.grpc.server.GrpcClientProtocolService successfully
2023-05-23 10:26:13,795 [Listener at 127.0.0.1/15100] INFO  server.GrpcService (GrpcService.java:closeImpl(311)) - c8934a7e-3164-45c1-bd4f-8a83062f2a8f: shutdown server GrpcServerProtocolService now
2023-05-23 10:26:13,796 [ForkJoinPool.commonPool-worker-2] INFO  server.GrpcService (GrpcService.java:closeImpl(320)) - 54284929-3371-4a1e-b544-6f7fda27a691: shutdown server org.apache.ratis.grpc.server.GrpcClientProtocolService successfully
2023-05-23 10:26:13,796 [ForkJoinPool.commonPool-worker-2] INFO  server.GrpcService (GrpcService.java:closeImpl(311)) - 54284929-3371-4a1e-b544-6f7fda27a691: shutdown server GrpcServerProtocolService now
2023-05-23 10:26:13,801 [ForkJoinPool.commonPool-worker-3] INFO  server.RaftServer (RaftServerProxy.java:lambda$close$6(416)) - 790de1da-4581-4ab1-98ae-bd0ae5797406: close
2023-05-23 10:26:13,802 [ForkJoinPool.commonPool-worker-3] INFO  server.GrpcService (GrpcService.java:closeImpl(311)) - 790de1da-4581-4ab1-98ae-bd0ae5797406: shutdown server org.apache.ratis.grpc.server.GrpcClientProtocolService now
2023-05-23 10:26:13,802 [790de1da-4581-4ab1-98ae-bd0ae5797406-impl-thread1] INFO  server.RaftServer$Division (RaftServerImpl.java:lambda$close$4(466)) - 790de1da-4581-4ab1-98ae-bd0ae5797406@group-28C61C381D58: shutdown
2023-05-23 10:26:13,802 [790de1da-4581-4ab1-98ae-bd0ae5797406-impl-thread1] INFO  util.JmxRegister (JmxRegister.java:unregister(73)) - Successfully un-registered JMX Bean with object name Ratis:service=RaftServer,group=group-28C61C381D58,id=790de1da-4581-4ab1-98ae-bd0ae5797406
2023-05-23 10:26:13,802 [790de1da-4581-4ab1-98ae-bd0ae5797406-impl-thread1] INFO  impl.RoleInfo (RoleInfo.java:shutdownLeaderState(93)) - 790de1da-4581-4ab1-98ae-bd0ae5797406: shutdown 790de1da-4581-4ab1-98ae-bd0ae5797406@group-28C61C381D58-LeaderStateImpl
2023-05-23 10:26:13,802 [790de1da-4581-4ab1-98ae-bd0ae5797406-impl-thread1] INFO  impl.PendingRequests (PendingRequests.java:sendNotLeaderResponses(289)) - 790de1da-4581-4ab1-98ae-bd0ae5797406@group-28C61C381D58-PendingRequests: sendNotLeaderResponses
2023-05-23 10:26:13,802 [790de1da-4581-4ab1-98ae-bd0ae5797406-impl-thread1] INFO  impl.StateMachineUpdater (StateMachineUpdater.java:stopAndJoin(155)) - 790de1da-4581-4ab1-98ae-bd0ae5797406@group-28C61C381D58-StateMachineUpdater: set stopIndex = 0
2023-05-23 10:26:13,802 [790de1da-4581-4ab1-98ae-bd0ae5797406@group-28C61C381D58-StateMachineUpdater] INFO  ratis.ContainerStateMachine (ContainerStateMachine.java:takeSnapshot(330)) - group-28C61C381D58: Taking a snapshot at:(t:1, i:0) file /home/runner/work/ozone/ozone/hadoop-ozone/integration-test/target/test-dir/MiniOzoneClusterImpl-bbf8790f-824b-49ae-85c2-11c1b792a20d/datanode-4/data/ratis/fdae6696-d0cc-4c4f-9491-28c61c381d58/sm/snapshot.1_0
2023-05-23 10:26:13,803 [ForkJoinPool.commonPool-worker-3] INFO  server.GrpcService (GrpcService.java:closeImpl(320)) - 790de1da-4581-4ab1-98ae-bd0ae5797406: shutdown server org.apache.ratis.grpc.server.GrpcClientProtocolService successfully
2023-05-23 10:26:13,803 [ForkJoinPool.commonPool-worker-3] INFO  server.GrpcService (GrpcService.java:closeImpl(311)) - 790de1da-4581-4ab1-98ae-bd0ae5797406: shutdown server GrpcServerProtocolService now
2023-05-23 10:26:13,803 [790de1da-4581-4ab1-98ae-bd0ae5797406@group-28C61C381D58-StateMachineUpdater] INFO  ratis.ContainerStateMachine (ContainerStateMachine.java:takeSnapshot(341)) - group-28C61C381D58: Finished taking a snapshot at:(t:1, i:0) file:/home/runner/work/ozone/ozone/hadoop-ozone/integration-test/target/test-dir/MiniOzoneClusterImpl-bbf8790f-824b-49ae-85c2-11c1b792a20d/datanode-4/data/ratis/fdae6696-d0cc-4c4f-9491-28c61c381d58/sm/snapshot.1_0 took: 1 ms
2023-05-23 10:26:13,803 [790de1da-4581-4ab1-98ae-bd0ae5797406@group-28C61C381D58-StateMachineUpdater] INFO  impl.StateMachineUpdater (StateMachineUpdater.java:takeSnapshot(291)) - 790de1da-4581-4ab1-98ae-bd0ae5797406@group-28C61C381D58-StateMachineUpdater: Took a snapshot at index 0
2023-05-23 10:26:13,804 [790de1da-4581-4ab1-98ae-bd0ae5797406@group-28C61C381D58-StateMachineUpdater] INFO  impl.StateMachineUpdater (StateMachineUpdater.java:lambda$new$0(97)) - 790de1da-4581-4ab1-98ae-bd0ae5797406@group-28C61C381D58-StateMachineUpdater: snapshotIndex: updateIncreasingly -1 -> 0
2023-05-23 10:26:13,804 [790de1da-4581-4ab1-98ae-bd0ae5797406-impl-thread1] INFO  server.RaftServer$Division (ServerState.java:close(472)) - 790de1da-4581-4ab1-98ae-bd0ae5797406@group-28C61C381D58: closes. applyIndex: 0
2023-05-23 10:26:13,809 [ForkJoinPool.commonPool-worker-2] INFO  server.GrpcService (GrpcService.java:closeImpl(320)) - 54284929-3371-4a1e-b544-6f7fda27a691: shutdown server GrpcServerProtocolService successfully
2023-05-23 10:26:13,809 [ForkJoinPool.commonPool-worker-2] INFO  server.GrpcService (GrpcService.java:closeImpl(311)) - 54284929-3371-4a1e-b544-6f7fda27a691: shutdown server org.apache.ratis.grpc.server.GrpcAdminProtocolService now
2023-05-23 10:26:13,809 [Listener at 127.0.0.1/15100] INFO  server.GrpcService (GrpcService.java:closeImpl(320)) - c8934a7e-3164-45c1-bd4f-8a83062f2a8f: shutdown server GrpcServerProtocolService successfully
2023-05-23 10:26:13,810 [Listener at 127.0.0.1/15100] INFO  server.GrpcService (GrpcService.java:closeImpl(311)) - c8934a7e-3164-45c1-bd4f-8a83062f2a8f: shutdown server org.apache.ratis.grpc.server.GrpcAdminProtocolService now
2023-05-23 10:26:13,810 [ForkJoinPool.commonPool-worker-3] INFO  server.GrpcService (GrpcService.java:closeImpl(320)) - 790de1da-4581-4ab1-98ae-bd0ae5797406: shutdown server GrpcServerProtocolService successfully
2023-05-23 10:26:13,810 [ForkJoinPool.commonPool-worker-3] INFO  server.GrpcService (GrpcService.java:closeImpl(311)) - 790de1da-4581-4ab1-98ae-bd0ae5797406: shutdown server org.apache.ratis.grpc.server.GrpcAdminProtocolService now
2023-05-23 10:26:13,813 [ForkJoinPool.commonPool-worker-0] INFO  ozoneimpl.OzoneContainer (OzoneContainer.java:stop(419)) - Attempting to stop container services.
2023-05-23 10:26:13,818 [ForkJoinPool.commonPool-worker-0] INFO  server.RaftServer (RaftServerProxy.java:lambda$close$6(416)) - 6e950c4a-83fa-42eb-b7f3-936364e499ea: close
2023-05-23 10:26:13,818 [ForkJoinPool.commonPool-worker-0] INFO  server.GrpcService (GrpcService.java:closeImpl(311)) - 6e950c4a-83fa-42eb-b7f3-936364e499ea: shutdown server org.apache.ratis.grpc.server.GrpcClientProtocolService now
2023-05-23 10:26:13,818 [6e950c4a-83fa-42eb-b7f3-936364e499ea-impl-thread1] INFO  server.RaftServer$Division (RaftServerImpl.java:lambda$close$4(466)) - 6e950c4a-83fa-42eb-b7f3-936364e499ea@group-8859AB9EF78D: shutdown
2023-05-23 10:26:13,819 [6e950c4a-83fa-42eb-b7f3-936364e499ea-impl-thread1] INFO  util.JmxRegister (JmxRegister.java:unregister(73)) - Successfully un-registered JMX Bean with object name Ratis:service=RaftServer,group=group-8859AB9EF78D,id=6e950c4a-83fa-42eb-b7f3-936364e499ea
2023-05-23 10:26:13,819 [6e950c4a-83fa-42eb-b7f3-936364e499ea-impl-thread1] INFO  impl.RoleInfo (RoleInfo.java:shutdownLeaderState(93)) - 6e950c4a-83fa-42eb-b7f3-936364e499ea: shutdown 6e950c4a-83fa-42eb-b7f3-936364e499ea@group-8859AB9EF78D-LeaderStateImpl
2023-05-23 10:26:13,819 [6e950c4a-83fa-42eb-b7f3-936364e499ea-impl-thread1] INFO  impl.PendingRequests (PendingRequests.java:sendNotLeaderResponses(289)) - 6e950c4a-83fa-42eb-b7f3-936364e499ea@group-8859AB9EF78D-PendingRequests: sendNotLeaderResponses
2023-05-23 10:26:13,819 [ForkJoinPool.commonPool-worker-3] INFO  server.GrpcService (GrpcService.java:closeImpl(320)) - 790de1da-4581-4ab1-98ae-bd0ae5797406: shutdown server org.apache.ratis.grpc.server.GrpcAdminProtocolService successfully
2023-05-23 10:26:13,819 [6e950c4a-83fa-42eb-b7f3-936364e499ea@group-8859AB9EF78D-StateMachineUpdater] INFO  ratis.ContainerStateMachine (ContainerStateMachine.java:takeSnapshot(330)) - group-8859AB9EF78D: Taking a snapshot at:(t:1, i:0) file /home/runner/work/ozone/ozone/hadoop-ozone/integration-test/target/test-dir/MiniOzoneClusterImpl-bbf8790f-824b-49ae-85c2-11c1b792a20d/datanode-3/data/ratis/435416e2-3744-4f0a-b35f-8859ab9ef78d/sm/snapshot.1_0
2023-05-23 10:26:13,819 [790de1da-4581-4ab1-98ae-bd0ae5797406-NettyServerStreamRpc-bossGroup--thread1] INFO  logging.LoggingHandler (AbstractInternalLogger.java:log(148)) - [id: 0x479f413f, L:/0:0:0:0:0:0:0:0:15142] CLOSE
2023-05-23 10:26:13,820 [790de1da-4581-4ab1-98ae-bd0ae5797406-NettyServerStreamRpc-bossGroup--thread1] INFO  logging.LoggingHandler (AbstractInternalLogger.java:log(148)) - [id: 0x479f413f, L:/0:0:0:0:0:0:0:0:15142] INACTIVE
2023-05-23 10:26:13,820 [790de1da-4581-4ab1-98ae-bd0ae5797406-NettyServerStreamRpc-bossGroup--thread1] INFO  logging.LoggingHandler (AbstractInternalLogger.java:log(148)) - [id: 0x479f413f, L:/0:0:0:0:0:0:0:0:15142] UNREGISTERED
2023-05-23 10:26:13,819 [6e950c4a-83fa-42eb-b7f3-936364e499ea-impl-thread1] INFO  impl.StateMachineUpdater (StateMachineUpdater.java:stopAndJoin(155)) - 6e950c4a-83fa-42eb-b7f3-936364e499ea@group-8859AB9EF78D-StateMachineUpdater: set stopIndex = 0
2023-05-23 10:26:13,820 [6e950c4a-83fa-42eb-b7f3-936364e499ea@group-8859AB9EF78D-StateMachineUpdater] INFO  ratis.ContainerStateMachine (ContainerStateMachine.java:takeSnapshot(341)) - group-8859AB9EF78D: Finished taking a snapshot at:(t:1, i:0) file:/home/runner/work/ozone/ozone/hadoop-ozone/integration-test/target/test-dir/MiniOzoneClusterImpl-bbf8790f-824b-49ae-85c2-11c1b792a20d/datanode-3/data/ratis/435416e2-3744-4f0a-b35f-8859ab9ef78d/sm/snapshot.1_0 took: 1 ms
2023-05-23 10:26:13,820 [6e950c4a-83fa-42eb-b7f3-936364e499ea@group-8859AB9EF78D-StateMachineUpdater] INFO  impl.StateMachineUpdater (StateMachineUpdater.java:takeSnapshot(291)) - 6e950c4a-83fa-42eb-b7f3-936364e499ea@group-8859AB9EF78D-StateMachineUpdater: Took a snapshot at index 0
2023-05-23 10:26:13,820 [6e950c4a-83fa-42eb-b7f3-936364e499ea@group-8859AB9EF78D-StateMachineUpdater] INFO  impl.StateMachineUpdater (StateMachineUpdater.java:lambda$new$0(97)) - 6e950c4a-83fa-42eb-b7f3-936364e499ea@group-8859AB9EF78D-StateMachineUpdater: snapshotIndex: updateIncreasingly -1 -> 0
2023-05-23 10:26:13,821 [6e950c4a-83fa-42eb-b7f3-936364e499ea-impl-thread1] INFO  server.RaftServer$Division (ServerState.java:close(472)) - 6e950c4a-83fa-42eb-b7f3-936364e499ea@group-8859AB9EF78D: closes. applyIndex: 0
2023-05-23 10:26:13,821 [ForkJoinPool.commonPool-worker-0] INFO  server.GrpcService (GrpcService.java:closeImpl(320)) - 6e950c4a-83fa-42eb-b7f3-936364e499ea: shutdown server org.apache.ratis.grpc.server.GrpcClientProtocolService successfully
2023-05-23 10:26:13,821 [ForkJoinPool.commonPool-worker-0] INFO  server.GrpcService (GrpcService.java:closeImpl(311)) - 6e950c4a-83fa-42eb-b7f3-936364e499ea: shutdown server GrpcServerProtocolService now
2023-05-23 10:26:13,823 [Listener at 127.0.0.1/15100] INFO  server.GrpcService (GrpcService.java:closeImpl(320)) - c8934a7e-3164-45c1-bd4f-8a83062f2a8f: shutdown server org.apache.ratis.grpc.server.GrpcAdminProtocolService successfully
2023-05-23 10:26:13,823 [c8934a7e-3164-45c1-bd4f-8a83062f2a8f-NettyServerStreamRpc-bossGroup--thread1] INFO  logging.LoggingHandler (AbstractInternalLogger.java:log(148)) - [id: 0x827681a7, L:/0:0:0:0:0:0:0:0:15126] CLOSE
2023-05-23 10:26:13,823 [c8934a7e-3164-45c1-bd4f-8a83062f2a8f-NettyServerStreamRpc-bossGroup--thread1] INFO  logging.LoggingHandler (AbstractInternalLogger.java:log(148)) - [id: 0x827681a7, L:/0:0:0:0:0:0:0:0:15126] INACTIVE
2023-05-23 10:26:13,823 [c8934a7e-3164-45c1-bd4f-8a83062f2a8f-NettyServerStreamRpc-bossGroup--thread1] INFO  logging.LoggingHandler (AbstractInternalLogger.java:log(148)) - [id: 0x827681a7, L:/0:0:0:0:0:0:0:0:15126] UNREGISTERED
2023-05-23 10:26:13,829 [ForkJoinPool.commonPool-worker-2] INFO  server.GrpcService (GrpcService.java:closeImpl(320)) - 54284929-3371-4a1e-b544-6f7fda27a691: shutdown server org.apache.ratis.grpc.server.GrpcAdminProtocolService successfully
2023-05-23 10:26:13,830 [54284929-3371-4a1e-b544-6f7fda27a691-NettyServerStreamRpc-bossGroup--thread1] INFO  logging.LoggingHandler (AbstractInternalLogger.java:log(148)) - [id: 0x3609fde8, L:/0:0:0:0:0:0:0:0:15118] CLOSE
2023-05-23 10:26:13,830 [54284929-3371-4a1e-b544-6f7fda27a691-NettyServerStreamRpc-bossGroup--thread1] INFO  logging.LoggingHandler (AbstractInternalLogger.java:log(148)) - [id: 0x3609fde8, L:/0:0:0:0:0:0:0:0:15118] INACTIVE
2023-05-23 10:26:13,830 [54284929-3371-4a1e-b544-6f7fda27a691-NettyServerStreamRpc-bossGroup--thread1] INFO  logging.LoggingHandler (AbstractInternalLogger.java:log(148)) - [id: 0x3609fde8, L:/0:0:0:0:0:0:0:0:15118] UNREGISTERED
2023-05-23 10:26:13,831 [ForkJoinPool.commonPool-worker-0] INFO  server.GrpcService (GrpcService.java:closeImpl(320)) - 6e950c4a-83fa-42eb-b7f3-936364e499ea: shutdown server GrpcServerProtocolService successfully
2023-05-23 10:26:13,831 [ForkJoinPool.commonPool-worker-0] INFO  server.GrpcService (GrpcService.java:closeImpl(311)) - 6e950c4a-83fa-42eb-b7f3-936364e499ea: shutdown server org.apache.ratis.grpc.server.GrpcAdminProtocolService now
2023-05-23 10:26:13,836 [ForkJoinPool.commonPool-worker-0] INFO  server.GrpcService (GrpcService.java:closeImpl(320)) - 6e950c4a-83fa-42eb-b7f3-936364e499ea: shutdown server org.apache.ratis.grpc.server.GrpcAdminProtocolService successfully
2023-05-23 10:26:13,836 [6e950c4a-83fa-42eb-b7f3-936364e499ea-NettyServerStreamRpc-bossGroup--thread1] INFO  logging.LoggingHandler (AbstractInternalLogger.java:log(148)) - [id: 0x51e0768b, L:/0:0:0:0:0:0:0:0:15134] CLOSE
2023-05-23 10:26:13,837 [6e950c4a-83fa-42eb-b7f3-936364e499ea-NettyServerStreamRpc-bossGroup--thread1] INFO  logging.LoggingHandler (AbstractInternalLogger.java:log(148)) - [id: 0x51e0768b, L:/0:0:0:0:0:0:0:0:15134] INACTIVE
2023-05-23 10:26:13,837 [6e950c4a-83fa-42eb-b7f3-936364e499ea-NettyServerStreamRpc-bossGroup--thread1] INFO  logging.LoggingHandler (AbstractInternalLogger.java:log(148)) - [id: 0x51e0768b, L:/0:0:0:0:0:0:0:0:15134] UNREGISTERED
2023-05-23 10:26:13,951 [c8934a7e-3164-45c1-bd4f-8a83062f2a8f-impl-thread1] INFO  segmented.SegmentedRaftLogWorker (SegmentedRaftLogWorker.java:close(252)) - c8934a7e-3164-45c1-bd4f-8a83062f2a8f@group-53ED05E41AE4-SegmentedRaftLogWorker close()
2023-05-23 10:26:13,952 [JvmPauseMonitor15] INFO  util.JvmPauseMonitor (JvmPauseMonitor.java:run(109)) - JvmPauseMonitor-c8934a7e-3164-45c1-bd4f-8a83062f2a8f: Stopped
2023-05-23 10:26:14,322 [6e950c4a-83fa-42eb-b7f3-936364e499ea-impl-thread1] INFO  segmented.SegmentedRaftLogWorker (SegmentedRaftLogWorker.java:close(252)) - 6e950c4a-83fa-42eb-b7f3-936364e499ea@group-8859AB9EF78D-SegmentedRaftLogWorker close()
2023-05-23 10:26:14,323 [JvmPauseMonitor16] INFO  util.JvmPauseMonitor (JvmPauseMonitor.java:run(109)) - JvmPauseMonitor-6e950c4a-83fa-42eb-b7f3-936364e499ea: Stopped
2023-05-23 10:26:14,666 [790de1da-4581-4ab1-98ae-bd0ae5797406-impl-thread1] INFO  segmented.SegmentedRaftLogWorker (SegmentedRaftLogWorker.java:close(252)) - 790de1da-4581-4ab1-98ae-bd0ae5797406@group-28C61C381D58-SegmentedRaftLogWorker close()
2023-05-23 10:26:14,667 [JvmPauseMonitor17] INFO  util.JvmPauseMonitor (JvmPauseMonitor.java:run(109)) - JvmPauseMonitor-790de1da-4581-4ab1-98ae-bd0ae5797406: Stopped
2023-05-23 10:26:14,761 [ReplicationMonitor] INFO  replication.ReplicationManager (ReplicationManager.java:processAll(403)) - Replication Monitor Thread took 0 milliseconds for processing 1 containers.
2023-05-23 10:26:14,766 [54284929-3371-4a1e-b544-6f7fda27a691-impl-thread1] INFO  segmented.SegmentedRaftLogWorker (SegmentedRaftLogWorker.java:close(252)) - 54284929-3371-4a1e-b544-6f7fda27a691@group-1CB070401100-SegmentedRaftLogWorker close()
2023-05-23 10:26:14,768 [JvmPauseMonitor14] INFO  util.JvmPauseMonitor (JvmPauseMonitor.java:run(109)) - JvmPauseMonitor-54284929-3371-4a1e-b544-6f7fda27a691: Stopped
2023-05-23 10:26:15,762 [ReplicationMonitor] INFO  replication.ReplicationManager (ReplicationManager.java:processAll(403)) - Replication Monitor Thread took 1 milliseconds for processing 1 containers.
2023-05-23 10:26:15,910 [EventQueue-StaleNodeForStaleNodeHandler] INFO  node.StaleNodeHandler (StaleNodeHandler.java:onMessage(59)) - Datanode 790de1da-4581-4ab1-98ae-bd0ae5797406(fv-az1249-304/10.1.0.38) moved to stale state. Finalizing its pipelines [PipelineID=fdae6696-d0cc-4c4f-9491-28c61c381d58]
2023-05-23 10:26:15,911 [EventQueue-StaleNodeForStaleNodeHandler] INFO  pipeline.PipelineManagerImpl (PipelineManagerImpl.java:closePipeline(442)) - Pipeline Pipeline[ Id: fdae6696-d0cc-4c4f-9491-28c61c381d58, Nodes: 790de1da-4581-4ab1-98ae-bd0ae5797406(fv-az1249-304/10.1.0.38), ReplicationConfig: RATIS/ONE, State:OPEN, leaderId:790de1da-4581-4ab1-98ae-bd0ae5797406, CreationTimestamp2023-05-23T10:25:52.567Z[Etc/UTC]] moved to CLOSED state
2023-05-23 10:26:15,956 [Listener at 127.0.0.1/15100] INFO  utils.DatanodeStoreCache (DatanodeStoreCache.java:shutdownCache(110)) - Skip clearing cache in mini cluster mode. Entries left: [/home/runner/work/ozone/ozone/hadoop-ozone/integration-test/target/test-dir/MiniOzoneClusterImpl-bbf8790f-824b-49ae-85c2-11c1b792a20d/datanode-1/data-0/containers/hdds/bbf8790f-824b-49ae-85c2-11c1b792a20d/DS-c1ba049d-53a3-4063-bb7e-0f25b58e29a7/container.db, /home/runner/work/ozone/ozone/hadoop-ozone/integration-test/target/test-dir/MiniOzoneClusterImpl-bbf8790f-824b-49ae-85c2-11c1b792a20d/datanode-2/data-0/containers/hdds/bbf8790f-824b-49ae-85c2-11c1b792a20d/DS-299968e8-a6c1-46df-8d64-6677e8baaa9c/container.db, /home/runner/work/ozone/ozone/hadoop-ozone/integration-test/target/test-dir/MiniOzoneClusterImpl-bbf8790f-824b-49ae-85c2-11c1b792a20d/datanode-3/data-0/containers/hdds/bbf8790f-824b-49ae-85c2-11c1b792a20d/DS-58161461-740c-4b70-919c-e32e9493169a/container.db, /home/runner/work/ozone/ozone/hadoop-ozone/integration-test/target/test-dir/MiniOzoneClusterImpl-bbf8790f-824b-49ae-85c2-11c1b792a20d/datanode-4/data-0/containers/hdds/bbf8790f-824b-49ae-85c2-11c1b792a20d/DS-c923a1d0-37ba-48cf-bd17-fde95f1c4386/container.db]
2023-05-23 10:26:15,962 [Listener at 127.0.0.1/15100] INFO  utils.DatanodeStoreCache (DatanodeStoreCache.java:removeDB(104)) - Removed db /home/runner/work/ozone/ozone/hadoop-ozone/integration-test/target/test-dir/MiniOzoneClusterImpl-bbf8790f-824b-49ae-85c2-11c1b792a20d/datanode-2/data-0/containers/hdds/bbf8790f-824b-49ae-85c2-11c1b792a20d/DS-299968e8-a6c1-46df-8d64-6677e8baaa9c/container.db from cache
2023-05-23 10:26:15,962 [Listener at 127.0.0.1/15100] INFO  volume.HddsVolume (HddsVolume.java:closeDbStore(437)) - SchemaV3 db is stopped at /home/runner/work/ozone/ozone/hadoop-ozone/integration-test/target/test-dir/MiniOzoneClusterImpl-bbf8790f-824b-49ae-85c2-11c1b792a20d/datanode-2/data-0/containers/hdds/bbf8790f-824b-49ae-85c2-11c1b792a20d/DS-299968e8-a6c1-46df-8d64-6677e8baaa9c/container.db for volume DS-299968e8-a6c1-46df-8d64-6677e8baaa9c
2023-05-23 10:26:15,962 [Listener at 127.0.0.1/15100] INFO  utils.BackgroundService (BackgroundService.java:shutdown(141)) - Shutting down service BlockDeletingService
2023-05-23 10:26:15,963 [Listener at 127.0.0.1/15100] INFO  utils.BackgroundService (BackgroundService.java:shutdown(141)) - Shutting down service StaleRecoveringContainerScrubbingService
2023-05-23 10:26:15,964 [Listener at 127.0.0.1/15100] INFO  statemachine.DatanodeStateMachine (DatanodeStateMachine.java:stopDaemon(608)) - Ozone container server stopped.
2023-05-23 10:26:15,974 [Listener at 127.0.0.1/15100] INFO  handler.ContextHandler (ContextHandler.java:doStop(1159)) - Stopped o.e.j.w.WebAppContext@7db9d99{hddsDatanode,/,null,STOPPED}{jar:file:/home/runner/.m2/repository/org/apache/ozone/hdds-container-service/1.4.0-SNAPSHOT/hdds-container-service-1.4.0-SNAPSHOT.jar!/webapps/hddsDatanode}
2023-05-23 10:26:15,977 [Listener at 127.0.0.1/15100] INFO  server.AbstractConnector (AbstractConnector.java:doStop(383)) - Stopped ServerConnector@4d7dec6e{HTTP/1.1, (http/1.1)}{0.0.0.0:15121}
2023-05-23 10:26:15,977 [Listener at 127.0.0.1/15100] INFO  server.session (HouseKeeper.java:stopScavenging(149)) - node0 Stopped scavenging
2023-05-23 10:26:15,977 [Listener at 127.0.0.1/15100] INFO  handler.ContextHandler (ContextHandler.java:doStop(1159)) - Stopped o.e.j.s.ServletContextHandler@2300f77f{static,/static,jar:file:/home/runner/.m2/repository/org/apache/ozone/hdds-container-service/1.4.0-SNAPSHOT/hdds-container-service-1.4.0-SNAPSHOT.jar!/webapps/static,STOPPED}
2023-05-23 10:26:15,977 [Listener at 127.0.0.1/15100] INFO  handler.ContextHandler (ContextHandler.java:doStop(1159)) - Stopped o.e.j.s.ServletContextHandler@2bcfefa0{logs,/logs,file:///home/runner/work/ozone/ozone/hadoop-ozone/integration-test/target/log,STOPPED}
2023-05-23 10:26:16,326 [ForkJoinPool.commonPool-worker-0] INFO  utils.DatanodeStoreCache (DatanodeStoreCache.java:shutdownCache(110)) - Skip clearing cache in mini cluster mode. Entries left: [/home/runner/work/ozone/ozone/hadoop-ozone/integration-test/target/test-dir/MiniOzoneClusterImpl-bbf8790f-824b-49ae-85c2-11c1b792a20d/datanode-1/data-0/containers/hdds/bbf8790f-824b-49ae-85c2-11c1b792a20d/DS-c1ba049d-53a3-4063-bb7e-0f25b58e29a7/container.db, /home/runner/work/ozone/ozone/hadoop-ozone/integration-test/target/test-dir/MiniOzoneClusterImpl-bbf8790f-824b-49ae-85c2-11c1b792a20d/datanode-3/data-0/containers/hdds/bbf8790f-824b-49ae-85c2-11c1b792a20d/DS-58161461-740c-4b70-919c-e32e9493169a/container.db, /home/runner/work/ozone/ozone/hadoop-ozone/integration-test/target/test-dir/MiniOzoneClusterImpl-bbf8790f-824b-49ae-85c2-11c1b792a20d/datanode-4/data-0/containers/hdds/bbf8790f-824b-49ae-85c2-11c1b792a20d/DS-c923a1d0-37ba-48cf-bd17-fde95f1c4386/container.db]
2023-05-23 10:26:16,329 [ForkJoinPool.commonPool-worker-0] INFO  utils.DatanodeStoreCache (DatanodeStoreCache.java:removeDB(104)) - Removed db /home/runner/work/ozone/ozone/hadoop-ozone/integration-test/target/test-dir/MiniOzoneClusterImpl-bbf8790f-824b-49ae-85c2-11c1b792a20d/datanode-3/data-0/containers/hdds/bbf8790f-824b-49ae-85c2-11c1b792a20d/DS-58161461-740c-4b70-919c-e32e9493169a/container.db from cache
2023-05-23 10:26:16,329 [ForkJoinPool.commonPool-worker-0] INFO  volume.HddsVolume (HddsVolume.java:closeDbStore(437)) - SchemaV3 db is stopped at /home/runner/work/ozone/ozone/hadoop-ozone/integration-test/target/test-dir/MiniOzoneClusterImpl-bbf8790f-824b-49ae-85c2-11c1b792a20d/datanode-3/data-0/containers/hdds/bbf8790f-824b-49ae-85c2-11c1b792a20d/DS-58161461-740c-4b70-919c-e32e9493169a/container.db for volume DS-58161461-740c-4b70-919c-e32e9493169a
2023-05-23 10:26:16,330 [ForkJoinPool.commonPool-worker-0] INFO  utils.BackgroundService (BackgroundService.java:shutdown(141)) - Shutting down service BlockDeletingService
2023-05-23 10:26:16,330 [ForkJoinPool.commonPool-worker-0] INFO  utils.BackgroundService (BackgroundService.java:shutdown(141)) - Shutting down service StaleRecoveringContainerScrubbingService
2023-05-23 10:26:16,331 [ForkJoinPool.commonPool-worker-0] INFO  statemachine.DatanodeStateMachine (DatanodeStateMachine.java:stopDaemon(608)) - Ozone container server stopped.
2023-05-23 10:26:16,342 [ForkJoinPool.commonPool-worker-0] INFO  handler.ContextHandler (ContextHandler.java:doStop(1159)) - Stopped o.e.j.w.WebAppContext@1e74a17c{hddsDatanode,/,null,STOPPED}{jar:file:/home/runner/.m2/repository/org/apache/ozone/hdds-container-service/1.4.0-SNAPSHOT/hdds-container-service-1.4.0-SNAPSHOT.jar!/webapps/hddsDatanode}
2023-05-23 10:26:16,343 [ForkJoinPool.commonPool-worker-0] INFO  server.AbstractConnector (AbstractConnector.java:doStop(383)) - Stopped ServerConnector@42557e1d{HTTP/1.1, (http/1.1)}{0.0.0.0:15129}
2023-05-23 10:26:16,343 [ForkJoinPool.commonPool-worker-0] INFO  server.session (HouseKeeper.java:stopScavenging(149)) - node0 Stopped scavenging
2023-05-23 10:26:16,344 [ForkJoinPool.commonPool-worker-0] INFO  handler.ContextHandler (ContextHandler.java:doStop(1159)) - Stopped o.e.j.s.ServletContextHandler@10cfa185{static,/static,jar:file:/home/runner/.m2/repository/org/apache/ozone/hdds-container-service/1.4.0-SNAPSHOT/hdds-container-service-1.4.0-SNAPSHOT.jar!/webapps/static,STOPPED}
2023-05-23 10:26:16,345 [ForkJoinPool.commonPool-worker-0] INFO  handler.ContextHandler (ContextHandler.java:doStop(1159)) - Stopped o.e.j.s.ServletContextHandler@6641858d{logs,/logs,file:///home/runner/work/ozone/ozone/hadoop-ozone/integration-test/target/log,STOPPED}
2023-05-23 10:26:16,411 [EventQueue-StaleNodeForStaleNodeHandler] INFO  node.StaleNodeHandler (StaleNodeHandler.java:onMessage(59)) - Datanode 6e950c4a-83fa-42eb-b7f3-936364e499ea(fv-az1249-304/10.1.0.38) moved to stale state. Finalizing its pipelines [PipelineID=435416e2-3744-4f0a-b35f-8859ab9ef78d]
2023-05-23 10:26:16,411 [EventQueue-StaleNodeForStaleNodeHandler] INFO  pipeline.PipelineManagerImpl (PipelineManagerImpl.java:closePipeline(442)) - Pipeline Pipeline[ Id: 435416e2-3744-4f0a-b35f-8859ab9ef78d, Nodes: 6e950c4a-83fa-42eb-b7f3-936364e499ea(fv-az1249-304/10.1.0.38), ReplicationConfig: RATIS/ONE, State:OPEN, leaderId:6e950c4a-83fa-42eb-b7f3-936364e499ea, CreationTimestamp2023-05-23T10:25:52.239Z[Etc/UTC]] moved to CLOSED state
2023-05-23 10:26:16,670 [ForkJoinPool.commonPool-worker-3] INFO  utils.DatanodeStoreCache (DatanodeStoreCache.java:shutdownCache(110)) - Skip clearing cache in mini cluster mode. Entries left: [/home/runner/work/ozone/ozone/hadoop-ozone/integration-test/target/test-dir/MiniOzoneClusterImpl-bbf8790f-824b-49ae-85c2-11c1b792a20d/datanode-1/data-0/containers/hdds/bbf8790f-824b-49ae-85c2-11c1b792a20d/DS-c1ba049d-53a3-4063-bb7e-0f25b58e29a7/container.db, /home/runner/work/ozone/ozone/hadoop-ozone/integration-test/target/test-dir/MiniOzoneClusterImpl-bbf8790f-824b-49ae-85c2-11c1b792a20d/datanode-4/data-0/containers/hdds/bbf8790f-824b-49ae-85c2-11c1b792a20d/DS-c923a1d0-37ba-48cf-bd17-fde95f1c4386/container.db]
2023-05-23 10:26:16,673 [ForkJoinPool.commonPool-worker-3] INFO  utils.DatanodeStoreCache (DatanodeStoreCache.java:removeDB(104)) - Removed db /home/runner/work/ozone/ozone/hadoop-ozone/integration-test/target/test-dir/MiniOzoneClusterImpl-bbf8790f-824b-49ae-85c2-11c1b792a20d/datanode-4/data-0/containers/hdds/bbf8790f-824b-49ae-85c2-11c1b792a20d/DS-c923a1d0-37ba-48cf-bd17-fde95f1c4386/container.db from cache
2023-05-23 10:26:16,673 [ForkJoinPool.commonPool-worker-3] INFO  volume.HddsVolume (HddsVolume.java:closeDbStore(437)) - SchemaV3 db is stopped at /home/runner/work/ozone/ozone/hadoop-ozone/integration-test/target/test-dir/MiniOzoneClusterImpl-bbf8790f-824b-49ae-85c2-11c1b792a20d/datanode-4/data-0/containers/hdds/bbf8790f-824b-49ae-85c2-11c1b792a20d/DS-c923a1d0-37ba-48cf-bd17-fde95f1c4386/container.db for volume DS-c923a1d0-37ba-48cf-bd17-fde95f1c4386
2023-05-23 10:26:16,674 [ForkJoinPool.commonPool-worker-3] INFO  utils.BackgroundService (BackgroundService.java:shutdown(141)) - Shutting down service BlockDeletingService
2023-05-23 10:26:16,674 [ForkJoinPool.commonPool-worker-3] INFO  utils.BackgroundService (BackgroundService.java:shutdown(141)) - Shutting down service StaleRecoveringContainerScrubbingService
2023-05-23 10:26:16,675 [ForkJoinPool.commonPool-worker-3] INFO  statemachine.DatanodeStateMachine (DatanodeStateMachine.java:stopDaemon(608)) - Ozone container server stopped.
2023-05-23 10:26:16,685 [ForkJoinPool.commonPool-worker-3] INFO  handler.ContextHandler (ContextHandler.java:doStop(1159)) - Stopped o.e.j.w.WebAppContext@1dd53f2b{hddsDatanode,/,null,STOPPED}{jar:file:/home/runner/.m2/repository/org/apache/ozone/hdds-container-service/1.4.0-SNAPSHOT/hdds-container-service-1.4.0-SNAPSHOT.jar!/webapps/hddsDatanode}
2023-05-23 10:26:16,686 [ForkJoinPool.commonPool-worker-3] INFO  server.AbstractConnector (AbstractConnector.java:doStop(383)) - Stopped ServerConnector@5a053644{HTTP/1.1, (http/1.1)}{0.0.0.0:15137}
2023-05-23 10:26:16,686 [ForkJoinPool.commonPool-worker-3] INFO  server.session (HouseKeeper.java:stopScavenging(149)) - node0 Stopped scavenging
2023-05-23 10:26:16,686 [ForkJoinPool.commonPool-worker-3] INFO  handler.ContextHandler (ContextHandler.java:doStop(1159)) - Stopped o.e.j.s.ServletContextHandler@2f4e6566{static,/static,jar:file:/home/runner/.m2/repository/org/apache/ozone/hdds-container-service/1.4.0-SNAPSHOT/hdds-container-service-1.4.0-SNAPSHOT.jar!/webapps/static,STOPPED}
2023-05-23 10:26:16,686 [ForkJoinPool.commonPool-worker-3] INFO  handler.ContextHandler (ContextHandler.java:doStop(1159)) - Stopped o.e.j.s.ServletContextHandler@3ff7cc15{logs,/logs,file:///home/runner/work/ozone/ozone/hadoop-ozone/integration-test/target/log,STOPPED}
2023-05-23 10:26:16,762 [ReplicationMonitor] INFO  replication.ReplicationManager (ReplicationManager.java:processAll(403)) - Replication Monitor Thread took 0 milliseconds for processing 1 containers.
2023-05-23 10:26:16,771 [ForkJoinPool.commonPool-worker-2] INFO  utils.DatanodeStoreCache (DatanodeStoreCache.java:shutdownCache(110)) - Skip clearing cache in mini cluster mode. Entries left: [/home/runner/work/ozone/ozone/hadoop-ozone/integration-test/target/test-dir/MiniOzoneClusterImpl-bbf8790f-824b-49ae-85c2-11c1b792a20d/datanode-1/data-0/containers/hdds/bbf8790f-824b-49ae-85c2-11c1b792a20d/DS-c1ba049d-53a3-4063-bb7e-0f25b58e29a7/container.db]
2023-05-23 10:26:16,773 [ForkJoinPool.commonPool-worker-2] INFO  utils.DatanodeStoreCache (DatanodeStoreCache.java:removeDB(104)) - Removed db /home/runner/work/ozone/ozone/hadoop-ozone/integration-test/target/test-dir/MiniOzoneClusterImpl-bbf8790f-824b-49ae-85c2-11c1b792a20d/datanode-1/data-0/containers/hdds/bbf8790f-824b-49ae-85c2-11c1b792a20d/DS-c1ba049d-53a3-4063-bb7e-0f25b58e29a7/container.db from cache
2023-05-23 10:26:16,773 [ForkJoinPool.commonPool-worker-2] INFO  volume.HddsVolume (HddsVolume.java:closeDbStore(437)) - SchemaV3 db is stopped at /home/runner/work/ozone/ozone/hadoop-ozone/integration-test/target/test-dir/MiniOzoneClusterImpl-bbf8790f-824b-49ae-85c2-11c1b792a20d/datanode-1/data-0/containers/hdds/bbf8790f-824b-49ae-85c2-11c1b792a20d/DS-c1ba049d-53a3-4063-bb7e-0f25b58e29a7/container.db for volume DS-c1ba049d-53a3-4063-bb7e-0f25b58e29a7
2023-05-23 10:26:16,774 [ForkJoinPool.commonPool-worker-2] INFO  utils.BackgroundService (BackgroundService.java:shutdown(141)) - Shutting down service BlockDeletingService
2023-05-23 10:26:16,777 [ForkJoinPool.commonPool-worker-2] INFO  utils.BackgroundService (BackgroundService.java:shutdown(141)) - Shutting down service StaleRecoveringContainerScrubbingService
2023-05-23 10:26:16,779 [ForkJoinPool.commonPool-worker-2] INFO  statemachine.DatanodeStateMachine (DatanodeStateMachine.java:stopDaemon(608)) - Ozone container server stopped.
2023-05-23 10:26:16,789 [ForkJoinPool.commonPool-worker-2] INFO  handler.ContextHandler (ContextHandler.java:doStop(1159)) - Stopped o.e.j.w.WebAppContext@20cd5ec5{hddsDatanode,/,null,STOPPED}{jar:file:/home/runner/.m2/repository/org/apache/ozone/hdds-container-service/1.4.0-SNAPSHOT/hdds-container-service-1.4.0-SNAPSHOT.jar!/webapps/hddsDatanode}
2023-05-23 10:26:16,791 [ForkJoinPool.commonPool-worker-2] INFO  server.AbstractConnector (AbstractConnector.java:doStop(383)) - Stopped ServerConnector@7c3cfafb{HTTP/1.1, (http/1.1)}{0.0.0.0:15113}
2023-05-23 10:26:16,791 [ForkJoinPool.commonPool-worker-2] INFO  server.session (HouseKeeper.java:stopScavenging(149)) - node0 Stopped scavenging
2023-05-23 10:26:16,791 [ForkJoinPool.commonPool-worker-2] INFO  handler.ContextHandler (ContextHandler.java:doStop(1159)) - Stopped o.e.j.s.ServletContextHandler@484a68fd{static,/static,jar:file:/home/runner/.m2/repository/org/apache/ozone/hdds-container-service/1.4.0-SNAPSHOT/hdds-container-service-1.4.0-SNAPSHOT.jar!/webapps/static,STOPPED}
2023-05-23 10:26:16,791 [ForkJoinPool.commonPool-worker-2] INFO  handler.ContextHandler (ContextHandler.java:doStop(1159)) - Stopped o.e.j.s.ServletContextHandler@580e20f7{logs,/logs,file:///home/runner/work/ozone/ozone/hadoop-ozone/integration-test/target/log,STOPPED}
2023-05-23 10:26:16,793 [Listener at 127.0.0.1/15100] INFO  ozone.MiniOzoneClusterImpl (MiniOzoneClusterImpl.java:stopSCM(536)) - Stopping the StorageContainerManager
2023-05-23 10:26:16,793 [Listener at 127.0.0.1/15100] INFO  server.StorageContainerManager (StorageContainerManager.java:stop(1578)) - Container Balancer is not running.
2023-05-23 10:26:16,793 [Listener at 127.0.0.1/15100] INFO  server.StorageContainerManager (StorageContainerManager.java:stopReplicationManager(1709)) - Stopping Replication Manager Service.
2023-05-23 10:26:16,793 [Listener at 127.0.0.1/15100] INFO  replication.ReplicationManager (ReplicationManager.java:stop(333)) - Stopping Replication Monitor Thread.
2023-05-23 10:26:16,793 [Listener at 127.0.0.1/15100] INFO  server.StorageContainerManager (StorageContainerManager.java:stop(1587)) - Stopping the Datanode Admin Monitor.
2023-05-23 10:26:16,793 [Listener at 127.0.0.1/15100] INFO  server.StorageContainerManager (StorageContainerManager.java:stop(1594)) - Stopping datanode service RPC server
2023-05-23 10:26:16,794 [Listener at 127.0.0.1/15100] INFO  server.SCMDatanodeProtocolServer (SCMDatanodeProtocolServer.java:stop(424)) - Stopping the RPC server for DataNodes
2023-05-23 10:26:16,794 [Listener at 127.0.0.1/15100] INFO  ipc.Server (Server.java:stop(3501)) - Stopping server on 15098
2023-05-23 10:26:16,794 [Under Replicated Processor] WARN  replication.UnhealthyReplicationProcessor (UnhealthyReplicationProcessor.java:run(167)) - Under Replicated Processor interrupted. Exiting...
2023-05-23 10:26:16,794 [ReplicationMonitor] INFO  replication.ReplicationManager (ReplicationManager.java:run(944)) - Replication Monitor Thread is stopped
2023-05-23 10:26:16,794 [Over Replicated Processor] WARN  replication.UnhealthyReplicationProcessor (UnhealthyReplicationProcessor.java:run(167)) - Over Replicated Processor interrupted. Exiting...
2023-05-23 10:26:16,798 [IPC Server Responder] INFO  ipc.Server (Server.java:run(1563)) - Stopping IPC Server Responder
2023-05-23 10:26:16,798 [IPC Server listener on 15098] INFO  ipc.Server (Server.java:run(1430)) - Stopping IPC Server listener on 15098
2023-05-23 10:26:16,811 [SCM Heartbeat Processing Thread - 0] WARN  node.NodeStateManager (NodeStateManager.java:scheduleNextHealthCheck(870)) - Current Thread is interrupted, shutting down HB processing thread for Node Manager.
2023-05-23 10:26:16,811 [EventQueue-StaleNodeForStaleNodeHandler] INFO  node.StaleNodeHandler (StaleNodeHandler.java:onMessage(59)) - Datanode 54284929-3371-4a1e-b544-6f7fda27a691(fv-az1249-304/10.1.0.38) moved to stale state. Finalizing its pipelines [PipelineID=2d03b8dc-0e46-44d8-b77b-1cb070401100]
2023-05-23 10:26:16,812 [EventQueue-StaleNodeForStaleNodeHandler] INFO  pipeline.PipelineManagerImpl (PipelineManagerImpl.java:closePipeline(442)) - Pipeline Pipeline[ Id: 2d03b8dc-0e46-44d8-b77b-1cb070401100, Nodes: 54284929-3371-4a1e-b544-6f7fda27a691(fv-az1249-304/10.1.0.38), ReplicationConfig: RATIS/ONE, State:OPEN, leaderId:54284929-3371-4a1e-b544-6f7fda27a691, CreationTimestamp2023-05-23T10:25:51.551Z[Etc/UTC]] moved to CLOSED state
2023-05-23 10:26:16,812 [EventQueue-StaleNodeForStaleNodeHandler] INFO  node.StaleNodeHandler (StaleNodeHandler.java:onMessage(59)) - Datanode c8934a7e-3164-45c1-bd4f-8a83062f2a8f(fv-az1249-304/10.1.0.38) moved to stale state. Finalizing its pipelines [PipelineID=39c5a10c-bc6a-410a-8f50-53ed05e41ae4]
2023-05-23 10:26:16,812 [EventQueue-StaleNodeForStaleNodeHandler] INFO  pipeline.PipelineManagerImpl (PipelineManagerImpl.java:closePipeline(442)) - Pipeline Pipeline[ Id: 39c5a10c-bc6a-410a-8f50-53ed05e41ae4, Nodes: c8934a7e-3164-45c1-bd4f-8a83062f2a8f(fv-az1249-304/10.1.0.38), ReplicationConfig: RATIS/ONE, State:OPEN, leaderId:c8934a7e-3164-45c1-bd4f-8a83062f2a8f, CreationTimestamp2023-05-23T10:25:51.901Z[Etc/UTC]] moved to CLOSED state
2023-05-23 10:26:16,812 [Listener at 127.0.0.1/15100] INFO  server.StorageContainerManager (StorageContainerManager.java:stop(1602)) - Stopping block service RPC server
2023-05-23 10:26:16,812 [Listener at 127.0.0.1/15100] INFO  server.SCMBlockProtocolServer (SCMBlockProtocolServer.java:stop(161)) - Stopping the RPC server for Block Protocol
2023-05-23 10:26:16,812 [Listener at 127.0.0.1/15100] INFO  ipc.Server (Server.java:stop(3501)) - Stopping server on 15097
2023-05-23 10:26:16,815 [IPC Server listener on 15097] INFO  ipc.Server (Server.java:run(1430)) - Stopping IPC Server listener on 15097
2023-05-23 10:26:16,815 [IPC Server Responder] INFO  ipc.Server (Server.java:run(1563)) - Stopping IPC Server Responder
2023-05-23 10:26:16,815 [Listener at 127.0.0.1/15100] INFO  server.StorageContainerManager (StorageContainerManager.java:stop(1609)) - Stopping the StorageContainerLocationProtocol RPC server
2023-05-23 10:26:16,816 [Listener at 127.0.0.1/15100] INFO  server.SCMClientProtocolServer (SCMClientProtocolServer.java:stop(208)) - Stopping the RPC server for Client Protocol
2023-05-23 10:26:16,816 [Listener at 127.0.0.1/15100] INFO  ipc.Server (Server.java:stop(3501)) - Stopping server on 15096
2023-05-23 10:26:16,818 [IPC Server Responder] INFO  ipc.Server (Server.java:run(1563)) - Stopping IPC Server Responder
2023-05-23 10:26:16,818 [IPC Server listener on 15096] INFO  ipc.Server (Server.java:run(1430)) - Stopping IPC Server listener on 15096
2023-05-23 10:26:16,818 [Listener at 127.0.0.1/15100] INFO  server.StorageContainerManager (StorageContainerManager.java:stop(1616)) - Stopping Storage Container Manager HTTP server.
2023-05-23 10:26:16,819 [Listener at 127.0.0.1/15100] INFO  handler.ContextHandler (ContextHandler.java:doStop(1159)) - Stopped o.e.j.w.WebAppContext@252ec17b{scm,/,null,STOPPED}{file:/home/runner/work/ozone/ozone/hadoop-ozone/integration-test/target/test-classes/webapps/scm}
2023-05-23 10:26:16,819 [Listener at 127.0.0.1/15100] INFO  server.AbstractConnector (AbstractConnector.java:doStop(383)) - Stopped ServerConnector@47fa1fa7{HTTP/1.1, (http/1.1)}{0.0.0.0:15099}
2023-05-23 10:26:16,820 [Listener at 127.0.0.1/15100] INFO  server.session (HouseKeeper.java:stopScavenging(149)) - node0 Stopped scavenging
2023-05-23 10:26:16,820 [Listener at 127.0.0.1/15100] INFO  handler.ContextHandler (ContextHandler.java:doStop(1159)) - Stopped o.e.j.s.ServletContextHandler@20dd40e7{static,/static,file:///home/runner/work/ozone/ozone/hadoop-ozone/integration-test/target/test-classes/webapps/static,STOPPED}
2023-05-23 10:26:16,820 [Listener at 127.0.0.1/15100] INFO  handler.ContextHandler (ContextHandler.java:doStop(1159)) - Stopped o.e.j.s.ServletContextHandler@64702f76{logs,/logs,file:///home/runner/work/ozone/ozone/hadoop-ozone/integration-test/target/log,STOPPED}
2023-05-23 10:26:16,821 [Listener at 127.0.0.1/15100] INFO  server.StorageContainerManager (StorageContainerManager.java:stop(1624)) - Stopping SCM LayoutVersionManager Service.
2023-05-23 10:26:16,821 [Listener at 127.0.0.1/15100] INFO  server.StorageContainerManager (StorageContainerManager.java:stop(1632)) - Stopping Block Manager Service.
2023-05-23 10:26:16,821 [Listener at 127.0.0.1/15100] INFO  utils.BackgroundService (BackgroundService.java:shutdown(141)) - Shutting down service SCMBlockDeletingService
2023-05-23 10:26:16,821 [Listener at 127.0.0.1/15100] INFO  utils.BackgroundService (BackgroundService.java:shutdown(141)) - Shutting down service SCMBlockDeletingService
2023-05-23 10:26:16,822 [Listener at 127.0.0.1/15100] INFO  server.StorageContainerManager (StorageContainerManager.java:stop(1654)) - Stopping SCM Event Queue.
2023-05-23 10:26:16,823 [Listener at 127.0.0.1/15100] INFO  server.StorageContainerManager (StorageContainerManager.java:stop(1665)) - Stopping SCM HA services.
2023-05-23 10:26:16,823 [Listener at 127.0.0.1/15100] INFO  pipeline.BackgroundPipelineCreator (BackgroundPipelineCreator.java:stop(149)) - Stopping RatisPipelineUtilsThread.
2023-05-23 10:26:16,823 [RatisPipelineUtilsThread - 0] WARN  pipeline.BackgroundPipelineCreator (BackgroundPipelineCreator.java:run(180)) - RatisPipelineUtilsThread is interrupted.
2023-05-23 10:26:16,824 [Listener at 127.0.0.1/15100] INFO  BackgroundPipelineScrubber (BackgroundSCMService.java:stop(131)) - Stopping BackgroundPipelineScrubber Service.
2023-05-23 10:26:16,824 [Listener at 127.0.0.1/15100] INFO  impl.MetricsSystemImpl (MetricsSystemImpl.java:stop(210)) - Stopping HddsDatanode metrics system...
2023-05-23 10:26:16,824 [BackgroundPipelineScrubberThread] WARN  BackgroundPipelineScrubber (BackgroundSCMService.java:run(115)) - BackgroundPipelineScrubber is interrupted, exit
2023-05-23 10:26:16,827 [prometheus] INFO  impl.MetricsSinkAdapter (MetricsSinkAdapter.java:publishMetricsFromQueue(141)) - prometheus thread interrupted.
2023-05-23 10:26:16,827 [Listener at 127.0.0.1/15100] INFO  impl.MetricsSystemImpl (MetricsSystemImpl.java:stop(216)) - HddsDatanode metrics system stopped.
2023-05-23 10:26:16,827 [Listener at 127.0.0.1/15100] WARN  pipeline.BackgroundPipelineCreator (BackgroundPipelineCreator.java:stop(145)) - RatisPipelineUtilsThread is not running, just ignore.
2023-05-23 10:26:16,827 [Listener at 127.0.0.1/15100] INFO  BackgroundPipelineScrubber (BackgroundSCMService.java:stop(126)) - BackgroundPipelineScrubber Service is not running, skip stop.
2023-05-23 10:26:16,827 [Listener at 127.0.0.1/15100] INFO  ExpiredContainerReplicaOpScrubber (BackgroundSCMService.java:stop(131)) - Stopping ExpiredContainerReplicaOpScrubber Service.
2023-05-23 10:26:16,827 [ExpiredContainerReplicaOpScrubberThread] WARN  ExpiredContainerReplicaOpScrubber (BackgroundSCMService.java:run(115)) - ExpiredContainerReplicaOpScrubber is interrupted, exit
2023-05-23 10:26:16,827 [Listener at 127.0.0.1/15100] INFO  utils.BackgroundService (BackgroundService.java:shutdown(141)) - Shutting down service SCMBlockDeletingService
2023-05-23 10:26:16,827 [Listener at 127.0.0.1/15100] INFO  replication.ReplicationManager (ReplicationManager.java:stop(343)) - Replication Monitor Thread is not running.
2023-05-23 10:26:16,827 [Listener at 127.0.0.1/15100] WARN  balancer.ContainerBalancer (ContainerBalancer.java:stop(324)) - Cannot stop Container Balancer because it's not running or stopping
2023-05-23 10:26:16,828 [Listener at 127.0.0.1/15100] INFO  server.StorageContainerManager (StorageContainerManager.java:stop(1700)) - Stopping SCM MetadataStore.
]]></system-out>
  </testcase>
  <testcase name="testContainerReplicationWithLegacyReplicationManagerDisabled" classname="TestContainerReplication" time="31.981">
    <system-out><![CDATA[2023-05-23 10:27:23,226 [Time-limited test] WARN  server.ServerUtils (ServerUtils.java:getScmDbDir(148)) - ozone.scm.db.dirs is not configured. We recommend adding this setting. Falling back to ozone.metadata.dirs instead.
2023-05-23 10:27:23,230 [Time-limited test] WARN  server.ServerUtils (ServerUtils.java:getScmDbDir(148)) - ozone.scm.db.dirs is not configured. We recommend adding this setting. Falling back to ozone.metadata.dirs instead.
2023-05-23 10:27:23,230 [Time-limited test] INFO  ha.SCMHANodeDetails (SCMHANodeDetails.java:loadSCMHAConfig(209)) - ServiceID for StorageContainerManager is null
2023-05-23 10:27:23,230 [Time-limited test] INFO  ha.SCMHANodeDetails (SCMHANodeDetails.java:loadSCMHAConfig(214)) - ozone.scm.default.service.id is not defined, falling back to ozone.scm.service.ids to find serviceID for StorageContainerManager if it is HA enabled cluster
2023-05-23 10:27:23,231 [Time-limited test] WARN  utils.HAUtils (HAUtils.java:getMetaDir(350)) - ozone.scm.db.dirs is not configured. We recommend adding this setting. Falling back to ozone.metadata.dirs instead.
2023-05-23 10:27:23,231 [Time-limited test] WARN  db.DBStoreBuilder (DBStoreBuilder.java:applyDBDefinition(165)) - ozone.scm.db.dirs is not configured. We recommend adding this setting. Falling back to ozone.metadata.dirs instead.
2023-05-23 10:27:23,352 [Time-limited test] INFO  net.NodeSchemaLoader (NodeSchemaLoader.java:loadSchemaFromFile(129)) - Loading schema from [jar:file:/home/runner/.m2/repository/org/apache/ozone/hdds-common/1.4.0-SNAPSHOT/hdds-common-1.4.0-SNAPSHOT.jar!/network-topology-default.xml]
2023-05-23 10:27:23,352 [Time-limited test] INFO  net.NodeSchemaLoader (NodeSchemaLoader.java:loadSchema(176)) - Loading network topology layer schema file
2023-05-23 10:27:23,354 [Time-limited test] INFO  upgrade.AbstractLayoutVersionManager (AbstractLayoutVersionManager.java:init(83)) - Initializing Layout version manager with metadata layout = WEBUI_PORTS_IN_DATANODEDETAILS (version = 6), software layout = WEBUI_PORTS_IN_DATANODEDETAILS (version = 6)
2023-05-23 10:27:23,355 [Time-limited test] INFO  ha.SequenceIdGenerator (SequenceIdGenerator.java:upgradeToSequenceId(349)) - upgrade localId to 111677748019200000
2023-05-23 10:27:23,355 [Time-limited test] INFO  ha.SequenceIdGenerator (SequenceIdGenerator.java:upgradeToSequenceId(359)) - upgrade delTxnId to 0
2023-05-23 10:27:23,356 [Time-limited test] INFO  ha.SequenceIdGenerator (SequenceIdGenerator.java:upgradeToSequenceId(376)) - upgrade containerId to 0
2023-05-23 10:27:23,356 [Time-limited test] INFO  ha.SequenceIdGenerator (SequenceIdGenerator.java:<init>(220)) - Init the HA SequenceIdGenerator.
2023-05-23 10:27:23,356 [Time-limited test] INFO  node.SCMNodeManager (SCMNodeManager.java:<init>(159)) - Entering startup safe mode.
2023-05-23 10:27:23,357 [Time-limited test] INFO  algorithms.ContainerPlacementPolicyFactory (ContainerPlacementPolicyFactory.java:getPolicyInternal(86)) - Create container placement policy of type org.apache.hadoop.hdds.scm.container.placement.algorithms.SCMContainerPlacementRandom
2023-05-23 10:27:23,357 [Time-limited test] INFO  algorithms.ContainerPlacementPolicyFactory (ContainerPlacementPolicyFactory.java:getPolicyInternal(86)) - Create container placement policy of type org.apache.hadoop.hdds.scm.container.placement.algorithms.SCMContainerPlacementRackScatter
2023-05-23 10:27:23,357 [Time-limited test] INFO  pipeline.PipelineStateManagerImpl (PipelineStateManagerImpl.java:initialize(78)) - No pipeline exists in current db
2023-05-23 10:27:23,357 [Time-limited test] INFO  algorithms.LeaderChoosePolicyFactory (LeaderChoosePolicyFactory.java:getPolicy(57)) - Create leader choose policy of type org.apache.hadoop.hdds.scm.pipeline.leader.choose.algorithms.MinLeaderCountChoosePolicy
2023-05-23 10:27:23,357 [Time-limited test] INFO  algorithms.ContainerPlacementPolicyFactory (ContainerPlacementPolicyFactory.java:getPolicyInternal(86)) - Create container placement policy of type org.apache.hadoop.hdds.scm.container.placement.algorithms.SCMContainerPlacementRackScatter
2023-05-23 10:27:23,357 [Time-limited test] INFO  ha.SCMServiceManager (SCMServiceManager.java:register(42)) - Registering service BackgroundPipelineCreator.
2023-05-23 10:27:23,357 [Time-limited test] INFO  pipeline.BackgroundPipelineCreator (BackgroundPipelineCreator.java:start(124)) - Starting RatisPipelineUtilsThread.
2023-05-23 10:27:23,361 [Time-limited test] INFO  BackgroundPipelineScrubber (BackgroundSCMService.java:start(68)) - Starting BackgroundPipelineScrubber Service.
2023-05-23 10:27:23,361 [Time-limited test] INFO  ha.SCMServiceManager (SCMServiceManager.java:register(42)) - Registering service BackgroundPipelineScrubber.
2023-05-23 10:27:23,361 [Time-limited test] INFO  ExpiredContainerReplicaOpScrubber (BackgroundSCMService.java:start(68)) - Starting ExpiredContainerReplicaOpScrubber Service.
2023-05-23 10:27:23,361 [Time-limited test] INFO  ha.SCMServiceManager (SCMServiceManager.java:register(42)) - Registering service ExpiredContainerReplicaOpScrubber.
2023-05-23 10:27:23,362 [Time-limited test] INFO  algorithms.PipelineChoosePolicyFactory (PipelineChoosePolicyFactory.java:createPipelineChoosePolicyFromClass(73)) - Create pipeline choose policy of type org.apache.hadoop.hdds.scm.pipeline.choose.algorithms.RandomPipelineChoosePolicy
2023-05-23 10:27:23,363 [Time-limited test] INFO  ha.SCMServiceManager (SCMServiceManager.java:register(42)) - Registering service SCMBlockDeletingService.
2023-05-23 10:27:23,363 [Time-limited test] INFO  replication.ReplicationManager (ReplicationManager.java:start(300)) - Starting Replication Monitor Thread.
2023-05-23 10:27:23,364 [Time-limited test] INFO  ha.SCMServiceManager (SCMServiceManager.java:register(42)) - Registering service ReplicationManager.
2023-05-23 10:27:23,364 [Time-limited test] INFO  safemode.ContainerSafeModeRule (ContainerSafeModeRule.java:<init>(89)) - containers with one replica threshold count 0
2023-05-23 10:27:23,365 [Time-limited test] INFO  safemode.HealthyPipelineSafeModeRule (HealthyPipelineSafeModeRule.java:initializeRule(169)) - Total pipeline count is 0, healthy pipeline threshold count is 1
2023-05-23 10:27:23,365 [Time-limited test] INFO  safemode.OneReplicaPipelineSafeModeRule (OneReplicaPipelineSafeModeRule.java:initializeRule(180)) - Total pipeline count is 0, pipeline's with at least one datanode reported threshold count is 0
2023-05-23 10:27:23,365 [ReplicationMonitor] INFO  replication.ReplicationManager (ReplicationManager.java:processAll(375)) - Replication Manager is not ready to run until 3000ms after safemode exit
2023-05-23 10:27:23,365 [Time-limited test] INFO  server.StorageContainerManager (StorageContainerManager.java:<init>(403)) - SCM start with adminUsers: [runner]
2023-05-23 10:27:23,365 [Time-limited test] INFO  ipc.CallQueueManager (CallQueueManager.java:<init>(90)) - Using callQueue: class java.util.concurrent.LinkedBlockingQueue, queueCapacity: 2000, scheduler: class org.apache.hadoop.ipc.DefaultRpcScheduler, ipcBackoff: false.
2023-05-23 10:27:23,366 [Socket Reader #1 for port 15194] INFO  ipc.Server (Server.java:run(1319)) - Starting Socket Reader #1 for port 15194
2023-05-23 10:27:23,367 [Listener at 0.0.0.0/15194] INFO  ipc.CallQueueManager (CallQueueManager.java:<init>(90)) - Using callQueue: class java.util.concurrent.LinkedBlockingQueue, queueCapacity: 2000, scheduler: class org.apache.hadoop.ipc.DefaultRpcScheduler, ipcBackoff: false.
2023-05-23 10:27:23,367 [Socket Reader #1 for port 15193] INFO  ipc.Server (Server.java:run(1319)) - Starting Socket Reader #1 for port 15193
2023-05-23 10:27:23,369 [Listener at 0.0.0.0/15193] INFO  ipc.CallQueueManager (CallQueueManager.java:<init>(90)) - Using callQueue: class java.util.concurrent.LinkedBlockingQueue, queueCapacity: 2000, scheduler: class org.apache.hadoop.ipc.DefaultRpcScheduler, ipcBackoff: false.
2023-05-23 10:27:23,370 [Socket Reader #1 for port 15192] INFO  ipc.Server (Server.java:run(1319)) - Starting Socket Reader #1 for port 15192
2023-05-23 10:27:23,378 [Listener at 0.0.0.0/15192] INFO  ha.SCMServiceManager (SCMServiceManager.java:register(42)) - Registering service ContainerBalancer.
2023-05-23 10:27:23,378 [Listener at 0.0.0.0/15192] INFO  server.StorageContainerManager (StorageContainerManager.java:<init>(420)) - 
Container Balancer status:
Key                            Value
Running                        false
Container Balancer Configuration values:
Key                                                Value
Threshold                                          10
Max Datanodes to Involve per Iteration(percent)    20
Max Size to Move per Iteration                     500GB
Max Size Entering Target per Iteration             26GB
Max Size Leaving Source per Iteration              26GB

2023-05-23 10:27:23,378 [Listener at 0.0.0.0/15192] INFO  ha.SCMContext (SCMContext.java:updateSafeModeStatus(228)) - Update SafeModeStatus from SafeModeStatus{safeModeStatus=true, preCheckPassed=false} to SafeModeStatus{safeModeStatus=true, preCheckPassed=false}.
2023-05-23 10:27:23,379 [Listener at 0.0.0.0/15192] INFO  server.StorageContainerManager (StorageContainerManager.java:start(1477)) - StorageContainerLocationProtocol RPC server is listening at /0.0.0.0:15192
2023-05-23 10:27:23,380 [Listener at 0.0.0.0/15192] WARN  impl.MetricsConfig (MetricsConfig.java:loadFirst(136)) - Cannot locate configuration: tried hadoop-metrics2-storagecontainermanager.properties,hadoop-metrics2.properties
2023-05-23 10:27:23,380 [Listener at 0.0.0.0/15192] INFO  impl.MetricsSystemImpl (MetricsSystemImpl.java:startTimer(378)) - Scheduled Metric snapshot period at 10 second(s).
2023-05-23 10:27:23,380 [Listener at 0.0.0.0/15192] INFO  impl.MetricsSystemImpl (MetricsSystemImpl.java:start(191)) - StorageContainerManager metrics system started
2023-05-23 10:27:23,384 [Listener at 0.0.0.0/15192] INFO  impl.MetricsSinkAdapter (MetricsSinkAdapter.java:start(204)) - Sink prometheus started
2023-05-23 10:27:23,384 [Listener at 0.0.0.0/15192] INFO  impl.MetricsSystemImpl (MetricsSystemImpl.java:registerSink(305)) - Registered sink prometheus
2023-05-23 10:27:23,401 [Listener at 0.0.0.0/15192] INFO  server.SCMClientProtocolServer (SCMClientProtocolServer.java:start(199)) - RPC server for Client  is listening at /0.0.0.0:15192
2023-05-23 10:27:23,402 [IPC Server Responder] INFO  ipc.Server (Server.java:run(1558)) - IPC Server Responder: starting
2023-05-23 10:27:23,403 [IPC Server listener on 15192] INFO  ipc.Server (Server.java:run(1398)) - IPC Server listener on 15192: starting
2023-05-23 10:27:23,405 [Listener at 0.0.0.0/15192] INFO  server.StorageContainerManager (StorageContainerManager.java:start(1491)) - ScmBlockLocationProtocol RPC server is listening at /0.0.0.0:15193
2023-05-23 10:27:23,405 [Listener at 0.0.0.0/15192] INFO  server.SCMBlockProtocolServer (SCMBlockProtocolServer.java:start(152)) - RPC server for Block Protocol is listening at /0.0.0.0:15193
2023-05-23 10:27:23,406 [IPC Server Responder] INFO  ipc.Server (Server.java:run(1558)) - IPC Server Responder: starting
2023-05-23 10:27:23,406 [IPC Server listener on 15193] INFO  ipc.Server (Server.java:run(1398)) - IPC Server listener on 15193: starting
2023-05-23 10:27:23,408 [Listener at 0.0.0.0/15192] INFO  server.SCMDatanodeProtocolServer (SCMDatanodeProtocolServer.java:start(193)) - ScmDatanodeProtocol RPC server for DataNodes is listening at /0.0.0.0:15194
2023-05-23 10:27:23,408 [IPC Server Responder] INFO  ipc.Server (Server.java:run(1558)) - IPC Server Responder: starting
2023-05-23 10:27:23,408 [IPC Server listener on 15194] INFO  ipc.Server (Server.java:run(1398)) - IPC Server listener on 15194: starting
2023-05-23 10:27:23,415 [org.apache.hadoop.util.JvmPauseMonitor$Monitor@504884d0] INFO  util.JvmPauseMonitor (JvmPauseMonitor.java:run(188)) - Starting JVM pause monitor
2023-05-23 10:27:23,415 [Listener at 0.0.0.0/15192] INFO  http.BaseHttpServer (BaseHttpServer.java:newHttpServer2BuilderForOzone(224)) - Starting Web-server for scm at: http://0.0.0.0:15195
2023-05-23 10:27:23,415 [Listener at 0.0.0.0/15192] INFO  http.BaseHttpServer (BaseHttpServer.java:<init>(111)) - Hadoop Security Enabled: false Ozone Security Enabled: false Ozone HTTP Security Enabled: false 
2023-05-23 10:27:23,416 [Listener at 0.0.0.0/15192] WARN  server.AuthenticationFilter (AuthenticationFilter.java:constructSecretProvider(240)) - Unable to initialize FileSignerSecretProvider, falling back to use random secrets. Reason: Could not read signature secret file: /home/runner/hadoop-http-auth-signature-secret
2023-05-23 10:27:23,417 [Listener at 0.0.0.0/15192] INFO  http.HttpRequestLog (HttpRequestLog.java:getRequestLog(86)) - Http request log for http.requests.scm is not defined
2023-05-23 10:27:23,419 [Listener at 0.0.0.0/15192] INFO  http.HttpServer2 (HttpServer2.java:addGlobalFilter(1031)) - Added global filter 'safety' (class=org.apache.hadoop.hdds.server.http.HttpServer2$QuotingInputFilter)
2023-05-23 10:27:23,419 [Listener at 0.0.0.0/15192] INFO  http.HttpServer2 (HttpServer2.java:addFilter(1007)) - Added filter static_user_filter (class=org.apache.hadoop.http.lib.StaticUserWebFilter$StaticUserFilter) to context scm
2023-05-23 10:27:23,420 [Listener at 0.0.0.0/15192] INFO  http.HttpServer2 (HttpServer2.java:addFilter(1015)) - Added filter static_user_filter (class=org.apache.hadoop.http.lib.StaticUserWebFilter$StaticUserFilter) to context static
2023-05-23 10:27:23,420 [Listener at 0.0.0.0/15192] INFO  http.HttpServer2 (HttpServer2.java:addFilter(1015)) - Added filter static_user_filter (class=org.apache.hadoop.http.lib.StaticUserWebFilter$StaticUserFilter) to context logs
2023-05-23 10:27:23,421 [Listener at 0.0.0.0/15192] INFO  http.BaseHttpServer (BaseHttpServer.java:<init>(190)) - HTTP server of scm uses base directory /home/runner/work/ozone/ozone/hadoop-ozone/integration-test/target/test-dir/MiniOzoneClusterImpl-1448f794-6d1a-4b49-b7b3-e839f56d4fba/ozone-meta/webserver
2023-05-23 10:27:23,421 [Listener at 0.0.0.0/15192] INFO  http.HttpServer2 (HttpServer2.java:bindListener(1250)) - Jetty bound to port 15195
2023-05-23 10:27:23,421 [Listener at 0.0.0.0/15192] INFO  server.Server (Server.java:doStart(375)) - jetty-9.4.51.v20230217; built: 2023-02-17T08:19:37.309Z; git: b45c405e4544384de066f814ed42ae3dceacdd49; jvm 1.8.0_362-b09
2023-05-23 10:27:23,423 [Listener at 0.0.0.0/15192] INFO  server.session (DefaultSessionIdManager.java:doStart(334)) - DefaultSessionIdManager workerName=node0
2023-05-23 10:27:23,423 [Listener at 0.0.0.0/15192] INFO  server.session (DefaultSessionIdManager.java:doStart(339)) - No SessionScavenger set, using defaults
2023-05-23 10:27:23,423 [Listener at 0.0.0.0/15192] INFO  server.session (HouseKeeper.java:startScavenging(132)) - node0 Scavenging every 600000ms
2023-05-23 10:27:23,424 [Listener at 0.0.0.0/15192] INFO  handler.ContextHandler (ContextHandler.java:doStart(921)) - Started o.e.j.s.ServletContextHandler@7668f1a0{logs,/logs,file:///home/runner/work/ozone/ozone/hadoop-ozone/integration-test/target/log,AVAILABLE}
2023-05-23 10:27:23,425 [Listener at 0.0.0.0/15192] INFO  handler.ContextHandler (ContextHandler.java:doStart(921)) - Started o.e.j.s.ServletContextHandler@33c02487{static,/static,file:///home/runner/work/ozone/ozone/hadoop-ozone/integration-test/target/test-classes/webapps/static,AVAILABLE}
2023-05-23 10:27:23,427 [Listener at 0.0.0.0/15192] INFO  handler.ContextHandler (ContextHandler.java:doStart(921)) - Started o.e.j.w.WebAppContext@4824f159{scm,/,file:///home/runner/work/ozone/ozone/hadoop-ozone/integration-test/target/test-classes/webapps/scm/,AVAILABLE}{file:/home/runner/work/ozone/ozone/hadoop-ozone/integration-test/target/test-classes/webapps/scm}
2023-05-23 10:27:23,428 [Listener at 0.0.0.0/15192] INFO  server.AbstractConnector (AbstractConnector.java:doStart(333)) - Started ServerConnector@6620a622{HTTP/1.1, (http/1.1)}{0.0.0.0:15195}
2023-05-23 10:27:23,428 [Listener at 0.0.0.0/15192] INFO  server.Server (Server.java:doStart(415)) - Started @176480ms
2023-05-23 10:27:23,428 [Listener at 0.0.0.0/15192] WARN  impl.MetricsSystemImpl (MetricsSystemImpl.java:register(279)) - Sink prometheus already exists!
2023-05-23 10:27:23,429 [Listener at 0.0.0.0/15192] INFO  http.BaseHttpServer (BaseHttpServer.java:updateConnectorAddress(344)) - HTTP server of scm listening at http://0.0.0.0:15195
2023-05-23 10:27:23,429 [Listener at 0.0.0.0/15192] WARN  server.ServerUtils (ServerUtils.java:getDBPath(225)) - ozone.om.db.dirs is not configured. We recommend adding this setting. Falling back to ozone.metadata.dirs instead.
2023-05-23 10:27:23,432 [Listener at 0.0.0.0/15192] INFO  ha.OMHANodeDetails (OMHANodeDetails.java:loadOMHAConfig(115)) - ozone.om.internal.service.id is not defined, falling back to ozone.om.service.ids to find serviceID for OzoneManager if it is HA enabled cluster
2023-05-23 10:27:23,432 [Listener at 0.0.0.0/15192] INFO  ha.OMHANodeDetails (OMHANodeDetails.java:loadOMHAConfig(226)) - Configuration does not have ozone.om.address set. Falling back to the default OM address /127.0.0.1:15196
2023-05-23 10:27:23,432 [Listener at 0.0.0.0/15192] INFO  ha.OMHANodeDetails (OMHANodeDetails.java:getOMNodeDetailsForNonHA(254)) - OM Service ID is not set. Setting it to the default ID: omServiceIdDefault
2023-05-23 10:27:23,432 [Listener at 0.0.0.0/15192] INFO  ha.OMHANodeDetails (OMHANodeDetails.java:getOMNodeDetailsForNonHA(261)) - OM Node ID is not set. Setting it to the default ID: om1
2023-05-23 10:27:23,432 [Listener at 0.0.0.0/15192] WARN  server.ServerUtils (ServerUtils.java:getDBPath(225)) - ozone.om.db.dirs is not configured. We recommend adding this setting. Falling back to ozone.metadata.dirs instead.
2023-05-23 10:27:23,435 [Listener at 0.0.0.0/15192] INFO  upgrade.AbstractLayoutVersionManager (AbstractLayoutVersionManager.java:init(83)) - Initializing Layout version manager with metadata layout = HSYNC (version = 4), software layout = HSYNC (version = 4)
2023-05-23 10:27:23,508 [Listener at 0.0.0.0/15192] INFO  reflections.Reflections (Reflections.java:scan(232)) - Reflections took 72 ms to scan 2 urls, producing 174 keys and 483 values [using 2 cores]
2023-05-23 10:27:23,508 [Listener at 0.0.0.0/15192] INFO  upgrade.OMLayoutVersionManager (OMLayoutVersionManager.java:lambda$0(115)) - Skipping Upgrade Action MockOmUpgradeAction since it has been finalized.
2023-05-23 10:27:23,509 [Listener at 0.0.0.0/15192] WARN  server.ServerUtils (ServerUtils.java:getDBPath(225)) - ozone.om.db.dirs is not configured. We recommend adding this setting. Falling back to ozone.metadata.dirs instead.
2023-05-23 10:27:23,509 [Listener at 0.0.0.0/15192] INFO  proxy.SCMBlockLocationFailoverProxyProvider (SCMBlockLocationFailoverProxyProvider.java:<init>(114)) - Created block location fail-over proxy with 1 nodes: [nodeId=scmNodeId,nodeAddress=/0.0.0.0:15193]
2023-05-23 10:27:23,510 [Listener at 0.0.0.0/15192] INFO  proxy.SCMBlockLocationFailoverProxyProvider (SCMBlockLocationFailoverProxyProvider.java:<init>(114)) - Created block location fail-over proxy with 1 nodes: [nodeId=scmNodeId,nodeAddress=/0.0.0.0:15193]
2023-05-23 10:27:23,516 [Listener at 0.0.0.0/15192] INFO  om.OzoneManager (OzoneManager.java:<init>(648)) - OM start with adminUsers: [runner]
2023-05-23 10:27:23,517 [Listener at 0.0.0.0/15192] WARN  server.ServerUtils (ServerUtils.java:getDBPath(225)) - ozone.om.db.dirs is not configured. We recommend adding this setting. Falling back to ozone.metadata.dirs instead.
2023-05-23 10:27:23,517 [Listener at 0.0.0.0/15192] INFO  helpers.OmKeyInfo (OmKeyInfo.java:getCodec(75)) - OmKeyInfo.getCodec ignorePipeline = true
2023-05-23 10:27:23,517 [Listener at 0.0.0.0/15192] INFO  codec.RepeatedOmKeyInfoCodec (RepeatedOmKeyInfoCodec.java:<init>(41)) - RepeatedOmKeyInfoCodec ignorePipeline = true
2023-05-23 10:27:23,734 [Listener at 0.0.0.0/15192] INFO  om.OzoneManager (OzoneManager.java:instantiateServices(789)) - S3 Multi-Tenancy is disabled
2023-05-23 10:27:23,734 [Listener at 0.0.0.0/15192] INFO  om.OmSnapshotManager (OmSnapshotManager.java:<init>(170)) - Ozone filesystem snapshot feature is enabled.
2023-05-23 10:27:23,734 [Listener at 0.0.0.0/15192] WARN  server.ServerUtils (ServerUtils.java:getDBPath(225)) - ozone.om.snapshot.diff.db.dir is not configured. We recommend adding this setting. Falling back to ozone.metadata.dirs instead.
2023-05-23 10:27:23,761 [Listener at 0.0.0.0/15192] INFO  utils.NativeLibraryLoader (NativeLibraryLoader.java:loadLibrary(103)) - Loading Library: ozone_rocksdb_tools
2023-05-23 10:27:23,764 [Listener at 0.0.0.0/15192] INFO  om.OzoneManager (OzoneManager.java:addS3GVolumeToDB(4326)) - Created Volume s3v With Owner runner required for S3Gateway operations.
2023-05-23 10:27:23,764 [Listener at 0.0.0.0/15192] WARN  server.ServerUtils (ServerUtils.java:getDefaultRatisDirectory(237)) - Storage directory for Ratis is not configured. It is a good idea to map this to an SSD disk. Falling back to ozone.metadata.dirs
2023-05-23 10:27:23,764 [Listener at 0.0.0.0/15192] WARN  utils.OzoneManagerRatisUtils (OzoneManagerRatisUtils.java:getOMRatisSnapshotDirectory(456)) - ozone.om.ratis.snapshot.dir is not configured. Falling back to ozone.metadata.dirs config
2023-05-23 10:27:23,764 [Listener at 0.0.0.0/15192] WARN  server.ServerUtils (ServerUtils.java:getDefaultRatisDirectory(237)) - Storage directory for Ratis is not configured. It is a good idea to map this to an SSD disk. Falling back to ozone.metadata.dirs
2023-05-23 10:27:23,765 [Listener at 0.0.0.0/15192] INFO  ratis.OzoneManagerRatisServer (OzoneManagerRatisServer.java:<init>(163)) - Instantiating OM Ratis server with groupID: omServiceIdDefault and peers: localhost:15199
2023-05-23 10:27:23,765 [Listener at 0.0.0.0/15192] INFO  ratis.OzoneManagerStateMachine (OzoneManagerStateMachine.java:loadSnapshotInfoFromDB(670)) - LastAppliedIndex is set from TransactionInfo from OM DB as (t:0, i:~)
2023-05-23 10:27:23,766 [Listener at 0.0.0.0/15192] INFO  server.RaftServer (ConfUtils.java:logGet(46)) - raft.rpc.type = GRPC (default)
2023-05-23 10:27:23,766 [Listener at 0.0.0.0/15192] INFO  grpc.GrpcConfigKeys (ConfUtils.java:logFallback(53)) - raft.grpc.admin.host = null (fallback to raft.grpc.server.host)
2023-05-23 10:27:23,766 [Listener at 0.0.0.0/15192] INFO  grpc.GrpcConfigKeys (ConfUtils.java:logFallback(53)) - raft.grpc.admin.port = 15199 (fallback to raft.grpc.server.port)
2023-05-23 10:27:23,766 [Listener at 0.0.0.0/15192] INFO  grpc.GrpcConfigKeys (ConfUtils.java:logFallback(53)) - raft.grpc.client.host = null (fallback to raft.grpc.server.host)
2023-05-23 10:27:23,766 [Listener at 0.0.0.0/15192] INFO  grpc.GrpcConfigKeys (ConfUtils.java:logFallback(53)) - raft.grpc.client.port = 15199 (fallback to raft.grpc.server.port)
2023-05-23 10:27:23,766 [Listener at 0.0.0.0/15192] INFO  grpc.GrpcConfigKeys (ConfUtils.java:logGet(46)) - raft.grpc.server.host = null (default)
2023-05-23 10:27:23,766 [Listener at 0.0.0.0/15192] INFO  grpc.GrpcConfigKeys (ConfUtils.java:logGet(46)) - raft.grpc.server.port = 15199 (custom)
2023-05-23 10:27:23,766 [Listener at 0.0.0.0/15192] INFO  server.GrpcService (ConfUtils.java:logGet(46)) - raft.grpc.message.size.max = 33554432 (custom)
2023-05-23 10:27:23,766 [Listener at 0.0.0.0/15192] INFO  server.RaftServerConfigKeys (ConfUtils.java:logGet(46)) - raft.server.log.appender.buffer.byte-limit = 33554432 (custom)
2023-05-23 10:27:23,767 [Listener at 0.0.0.0/15192] INFO  server.GrpcService (ConfUtils.java:logGet(46)) - raft.grpc.flow.control.window = 1MB (=1048576) (default)
2023-05-23 10:27:23,767 [Listener at 0.0.0.0/15192] INFO  server.RaftServerConfigKeys (ConfUtils.java:logGet(46)) - raft.server.rpc.request.timeout = 3000ms (default)
2023-05-23 10:27:23,767 [Listener at 0.0.0.0/15192] INFO  grpc.GrpcConfigKeys (ConfUtils.java:logGet(46)) - raft.grpc.server.heartbeat.channel = true (default)
2023-05-23 10:27:23,767 [Listener at 0.0.0.0/15192] INFO  grpc.GrpcConfigKeys (ConfUtils.java:logGet(46)) - raft.grpc.server.async.request.thread.pool.cached = true (default)
2023-05-23 10:27:23,767 [Listener at 0.0.0.0/15192] INFO  grpc.GrpcConfigKeys (ConfUtils.java:logGet(46)) - raft.grpc.server.async.request.thread.pool.size = 32 (default)
2023-05-23 10:27:23,768 [Listener at 0.0.0.0/15192] INFO  impl.DataStreamServerImpl (ConfUtils.java:logGet(46)) - raft.datastream.type = DISABLED (default)
2023-05-23 10:27:23,768 [Listener at 0.0.0.0/15192] INFO  server.RaftServerConfigKeys (ConfUtils.java:logGet(46)) - raft.server.threadpool.proxy.cached = true (default)
2023-05-23 10:27:23,768 [Listener at 0.0.0.0/15192] INFO  server.RaftServerConfigKeys (ConfUtils.java:logGet(46)) - raft.server.threadpool.proxy.size = 0 (default)
2023-05-23 10:27:23,768 [Listener at 0.0.0.0/15192] INFO  server.RaftServerConfigKeys (ConfUtils.java:logGet(46)) - raft.server.rpc.slowness.timeout = 120s (custom)
2023-05-23 10:27:23,769 [Listener at 0.0.0.0/15192] INFO  server.RaftServerConfigKeys (ConfUtils.java:logGet(46)) - raft.server.leaderelection.leader.step-down.wait-time = 10s (default)
2023-05-23 10:27:23,769 [Listener at 0.0.0.0/15192] INFO  server.RaftServerConfigKeys (ConfUtils.java:logGet(46)) - raft.server.storage.dir = [/home/runner/work/ozone/ozone/hadoop-ozone/integration-test/target/test-dir/MiniOzoneClusterImpl-1448f794-6d1a-4b49-b7b3-e839f56d4fba/ozone-meta/ratis] (custom)
2023-05-23 10:27:23,769 [Listener at 0.0.0.0/15192] INFO  server.RaftServer (RaftServerProxy.java:addNew(98)) - om1: addNew group-C5BA1605619E:[om1|rpc:localhost:15199|priority:0|startupRole:FOLLOWER] returns group-C5BA1605619E:java.util.concurrent.CompletableFuture@4cd0c755[Not completed]
2023-05-23 10:27:23,769 [Listener at 0.0.0.0/15192] INFO  om.OzoneManager (OzoneManager.java:initializeRatisServer(2151)) - OzoneManager Ratis server initialized at port 15199
2023-05-23 10:27:23,769 [om1-groupManagement] INFO  server.RaftServer$Division (RaftServerImpl.java:<init>(198)) - om1: new RaftServerImpl for group-C5BA1605619E:[om1|rpc:localhost:15199|priority:0|startupRole:FOLLOWER] with OzoneManagerStateMachine:uninitialized
2023-05-23 10:27:23,769 [Listener at 0.0.0.0/15192] INFO  om.OzoneManager (OzoneManager.java:getRpcServer(1198)) - Creating RPC Server
2023-05-23 10:27:23,770 [om1-groupManagement] INFO  server.RaftServerConfigKeys (ConfUtils.java:logGet(46)) - raft.server.rpc.timeout.min = 1s (custom)
2023-05-23 10:27:23,770 [om1-groupManagement] INFO  server.RaftServerConfigKeys (ConfUtils.java:logGet(46)) - raft.server.rpc.timeout.max = 1200ms (custom)
2023-05-23 10:27:23,770 [om1-groupManagement] INFO  server.RaftServerConfigKeys (ConfUtils.java:logGet(46)) - raft.server.rpc.sleep.time = 25ms (default)
2023-05-23 10:27:23,770 [om1-groupManagement] INFO  server.RaftServerConfigKeys (ConfUtils.java:logGet(46)) - raft.server.rpc.slowness.timeout = 120s (custom)
2023-05-23 10:27:23,770 [om1-groupManagement] INFO  server.RaftServerConfigKeys (ConfUtils.java:logGet(46)) - raft.server.leaderelection.leader.step-down.wait-time = 10s (default)
2023-05-23 10:27:23,770 [om1-groupManagement] INFO  server.RaftServerConfigKeys (ConfUtils.java:logGet(46)) - raft.server.sleep.deviation.threshold = 300ms (default)
2023-05-23 10:27:23,770 [om1-groupManagement] INFO  server.RaftServer$Division (ServerState.java:<init>(120)) - om1@group-C5BA1605619E: ConfigurationManager, init=-1: peers:[om1|rpc:localhost:15199|priority:0|startupRole:FOLLOWER]|listeners:[], old=null, confs=<EMPTY_MAP>
2023-05-23 10:27:23,770 [om1-groupManagement] INFO  server.RaftServerConfigKeys (ConfUtils.java:logGet(46)) - raft.server.storage.dir = [/home/runner/work/ozone/ozone/hadoop-ozone/integration-test/target/test-dir/MiniOzoneClusterImpl-1448f794-6d1a-4b49-b7b3-e839f56d4fba/ozone-meta/ratis] (custom)
2023-05-23 10:27:23,770 [om1-groupManagement] INFO  server.RaftServerConfigKeys (ConfUtils.java:logGet(46)) - raft.server.log.corruption.policy = EXCEPTION (default)
2023-05-23 10:27:23,770 [om1-groupManagement] INFO  server.RaftServerConfigKeys (ConfUtils.java:logGet(46)) - raft.server.storage.free-space.min = 0MB (=0) (default)
2023-05-23 10:27:23,770 [om1-groupManagement] INFO  server.RaftServerConfigKeys (ConfUtils.java:logGet(46)) - raft.server.notification.no-leader.timeout = 120s (custom)
2023-05-23 10:27:23,770 [om1-groupManagement] INFO  server.RaftServerConfigKeys (ConfUtils.java:logGet(46)) - raft.server.read.timeout = 10s (default)
2023-05-23 10:27:23,770 [om1-groupManagement] INFO  server.RaftServerConfigKeys (ConfUtils.java:logGet(46)) - raft.server.retrycache.expirytime = 300s (custom)
2023-05-23 10:27:23,770 [om1-groupManagement] INFO  server.RaftServerConfigKeys (ConfUtils.java:logGet(46)) - raft.server.retrycache.statistics.expirytime = 100μs (default)
2023-05-23 10:27:23,771 [om1-groupManagement] INFO  server.RaftServerConfigKeys (ConfUtils.java:logGet(46)) - raft.server.read.option = DEFAULT (default)
2023-05-23 10:27:23,771 [om1-groupManagement] INFO  server.RaftServerConfigKeys (ConfUtils.java:logGet(46)) - raft.server.rpc.request.timeout = 3000ms (default)
2023-05-23 10:27:23,771 [om1-groupManagement] INFO  server.RaftServerConfigKeys (ConfUtils.java:logGet(46)) - raft.server.log.appender.install.snapshot.enabled = false (custom)
2023-05-23 10:27:23,771 [om1-groupManagement] INFO  server.RaftServerConfigKeys (ConfUtils.java:logGet(46)) - raft.server.threadpool.server.cached = true (default)
2023-05-23 10:27:23,771 [om1-groupManagement] INFO  server.RaftServerConfigKeys (ConfUtils.java:logGet(46)) - raft.server.threadpool.server.size = 0 (default)
2023-05-23 10:27:23,771 [om1-groupManagement] INFO  server.RaftServerConfigKeys (ConfUtils.java:logGet(46)) - raft.server.threadpool.client.cached = true (default)
2023-05-23 10:27:23,771 [om1-groupManagement] INFO  server.RaftServerConfigKeys (ConfUtils.java:logGet(46)) - raft.server.threadpool.client.size = 0 (default)
2023-05-23 10:27:24,127 [Listener at 0.0.0.0/15192] INFO  reflections.Reflections (Reflections.java:scan(232)) - Reflections took 357 ms to scan 19 urls, producing 69 keys and 5193 values [using 2 cores]
2023-05-23 10:27:24,129 [Listener at 0.0.0.0/15192] INFO  ipc.CallQueueManager (CallQueueManager.java:<init>(90)) - Using callQueue: class java.util.concurrent.LinkedBlockingQueue, queueCapacity: 2000, scheduler: class org.apache.hadoop.ipc.DefaultRpcScheduler, ipcBackoff: false.
2023-05-23 10:27:24,129 [Socket Reader #1 for port 15196] INFO  ipc.Server (Server.java:run(1319)) - Starting Socket Reader #1 for port 15196
2023-05-23 10:27:24,149 [Listener at 127.0.0.1/15196] INFO  impl.MetricsSystemImpl (MetricsSystemImpl.java:init(158)) - OzoneManager metrics system started (again)
2023-05-23 10:27:24,160 [Listener at 127.0.0.1/15196] INFO  om.OzoneManager (OzoneManager.java:start(1619)) - OzoneManager RPC server is listening at localhost/127.0.0.1:15196
2023-05-23 10:27:24,160 [Listener at 127.0.0.1/15196] INFO  ratis.OzoneManagerRatisServer (OzoneManagerRatisServer.java:start(558)) - Starting OzoneManagerRatisServer om1 at port 15199
2023-05-23 10:27:24,161 [om1-impl-thread1] INFO  storage.RaftStorageDirectory (RaftStorageDirectoryImpl.java:analyzeStorage(137)) - The storage directory /home/runner/work/ozone/ozone/hadoop-ozone/integration-test/target/test-dir/MiniOzoneClusterImpl-1448f794-6d1a-4b49-b7b3-e839f56d4fba/ozone-meta/ratis/bf265839-605b-3f16-9796-c5ba1605619e does not exist. Creating ...
2023-05-23 10:27:24,162 [om1-impl-thread1] INFO  storage.RaftStorageDirectory (RaftStorageDirectoryImpl.java:tryLock(231)) - Lock on /home/runner/work/ozone/ozone/hadoop-ozone/integration-test/target/test-dir/MiniOzoneClusterImpl-1448f794-6d1a-4b49-b7b3-e839f56d4fba/ozone-meta/ratis/bf265839-605b-3f16-9796-c5ba1605619e/in_use.lock acquired by nodename 10384@fv-az1249-304
2023-05-23 10:27:24,164 [om1-impl-thread1] INFO  storage.RaftStorage (RaftStorageImpl.java:format(96)) - Storage directory /home/runner/work/ozone/ozone/hadoop-ozone/integration-test/target/test-dir/MiniOzoneClusterImpl-1448f794-6d1a-4b49-b7b3-e839f56d4fba/ozone-meta/ratis/bf265839-605b-3f16-9796-c5ba1605619e has been successfully formatted.
2023-05-23 10:27:24,164 [om1-impl-thread1] INFO  server.RaftServerConfigKeys (ConfUtils.java:logGet(46)) - raft.server.log.use.memory = false (default)
2023-05-23 10:27:24,164 [om1-impl-thread1] INFO  server.RaftServerConfigKeys (ConfUtils.java:logGet(46)) - raft.server.log.purge.gap = 1000000 (custom)
2023-05-23 10:27:24,164 [om1-impl-thread1] INFO  server.RaftServerConfigKeys (ConfUtils.java:logGet(46)) - raft.server.log.appender.buffer.byte-limit = 33554432 (custom)
2023-05-23 10:27:24,164 [om1-impl-thread1] INFO  server.RaftServerConfigKeys (ConfUtils.java:logGet(46)) - raft.server.log.statemachine.data.read.timeout = 1000ms (default)
2023-05-23 10:27:24,164 [om1-impl-thread1] INFO  server.RaftServerConfigKeys (ConfUtils.java:logGet(46)) - raft.server.log.purge.preservation.log.num = 0 (default)
2023-05-23 10:27:24,165 [om1-impl-thread1] INFO  server.RaftServerConfigKeys (ConfUtils.java:logGet(46)) - raft.server.log.segment.size.max = 4194304 (custom)
2023-05-23 10:27:24,165 [om1-impl-thread1] INFO  server.RaftServerConfigKeys (ConfUtils.java:logGet(46)) - raft.server.log.segment.cache.num.max = 2 (custom)
2023-05-23 10:27:24,165 [om1-impl-thread1] INFO  server.RaftServerConfigKeys (ConfUtils.java:logGet(46)) - raft.server.log.segment.cache.size.max = 200MB (=209715200) (default)
2023-05-23 10:27:24,165 [om1-impl-thread1] INFO  server.RaftServerConfigKeys (ConfUtils.java:logGet(46)) - raft.server.log.appender.buffer.byte-limit = 33554432 (custom)
2023-05-23 10:27:24,165 [om1-impl-thread1] INFO  segmented.SegmentedRaftLogWorker (SegmentedRaftLogWorker.java:<init>(188)) - new om1@group-C5BA1605619E-SegmentedRaftLogWorker for RaftStorageImpl:Storage Directory /home/runner/work/ozone/ozone/hadoop-ozone/integration-test/target/test-dir/MiniOzoneClusterImpl-1448f794-6d1a-4b49-b7b3-e839f56d4fba/ozone-meta/ratis/bf265839-605b-3f16-9796-c5ba1605619e
2023-05-23 10:27:24,165 [om1-impl-thread1] INFO  server.RaftServerConfigKeys (ConfUtils.java:logGet(46)) - raft.server.log.queue.byte-limit = 64MB (=67108864) (default)
2023-05-23 10:27:24,165 [om1-impl-thread1] INFO  server.RaftServerConfigKeys (ConfUtils.java:logGet(46)) - raft.server.log.queue.element-limit = 4096 (default)
2023-05-23 10:27:24,165 [om1-impl-thread1] INFO  server.RaftServerConfigKeys (ConfUtils.java:logGet(46)) - raft.server.log.segment.size.max = 4194304 (custom)
2023-05-23 10:27:24,165 [om1-impl-thread1] INFO  server.RaftServerConfigKeys (ConfUtils.java:logGet(46)) - raft.server.log.preallocated.size = 4194304 (custom)
2023-05-23 10:27:24,165 [om1-impl-thread1] INFO  server.RaftServerConfigKeys (ConfUtils.java:logGet(46)) - raft.server.log.force.sync.num = 128 (default)
2023-05-23 10:27:24,165 [om1-impl-thread1] INFO  server.RaftServerConfigKeys (ConfUtils.java:logGet(46)) - raft.server.log.statemachine.data.sync = true (default)
2023-05-23 10:27:24,165 [om1-impl-thread1] INFO  server.RaftServerConfigKeys (ConfUtils.java:logGet(46)) - raft.server.log.statemachine.data.sync.timeout = 10s (default)
2023-05-23 10:27:24,165 [om1-impl-thread1] INFO  server.RaftServerConfigKeys (ConfUtils.java:logGet(46)) - raft.server.log.statemachine.data.sync.timeout.retry = -1 (default)
2023-05-23 10:27:24,165 [om1-impl-thread1] INFO  server.RaftServerConfigKeys (ConfUtils.java:logGet(46)) - raft.server.log.write.buffer.size = 64KB (=65536) (default)
2023-05-23 10:27:24,165 [om1-impl-thread1] INFO  server.RaftServerConfigKeys (ConfUtils.java:logGet(46)) - raft.server.log.appender.buffer.byte-limit = 33554432 (custom)
2023-05-23 10:27:24,171 [om1-impl-thread1] INFO  server.RaftServerConfigKeys (ConfUtils.java:logGet(46)) - raft.server.log.unsafe-flush.enabled = false (default)
2023-05-23 10:27:24,171 [om1-impl-thread1] INFO  server.RaftServerConfigKeys (ConfUtils.java:logGet(46)) - raft.server.log.async-flush.enabled = false (default)
2023-05-23 10:27:24,171 [om1-impl-thread1] INFO  server.RaftServerConfigKeys (ConfUtils.java:logGet(46)) - raft.server.log.statemachine.data.caching.enabled = false (default)
2023-05-23 10:27:24,171 [om1-impl-thread1] INFO  segmented.SegmentedRaftLogWorker (SegmentedRaftLogWorker.java:lambda$new$0(135)) - om1@group-C5BA1605619E-SegmentedRaftLogWorker: flushIndex: setUnconditionally 0 -> -1
2023-05-23 10:27:24,171 [om1-impl-thread1] INFO  segmented.SegmentedRaftLogWorker (SegmentedRaftLogWorker.java:lambda$new$0(135)) - om1@group-C5BA1605619E-SegmentedRaftLogWorker: safeCacheEvictIndex: setUnconditionally 0 -> -1
2023-05-23 10:27:24,171 [om1-impl-thread1] INFO  server.RaftServer$Division (RaftServerImpl.java:start(342)) - om1@group-C5BA1605619E: start as a follower, conf=-1: peers:[om1|rpc:localhost:15199|priority:0|startupRole:FOLLOWER]|listeners:[], old=null
2023-05-23 10:27:24,171 [om1-impl-thread1] INFO  server.RaftServer$Division (RaftServerImpl.java:setRole(329)) - om1@group-C5BA1605619E: changes role from      null to FOLLOWER at term 0 for startAsFollower
2023-05-23 10:27:24,171 [om1-impl-thread1] INFO  impl.RoleInfo (RoleInfo.java:updateAndGet(139)) - om1: start om1@group-C5BA1605619E-FollowerState
2023-05-23 10:27:24,172 [om1-impl-thread1] INFO  util.JmxRegister (JmxRegister.java:tryRegister(44)) - Successfully registered JMX Bean with object name Ratis:service=RaftServer,group=group-C5BA1605619E,id=om1
2023-05-23 10:27:24,172 [om1@group-C5BA1605619E-FollowerState] INFO  server.RaftServerConfigKeys (ConfUtils.java:logFallback(53)) - raft.server.rpc.first-election.timeout.min = 1s (fallback to raft.server.rpc.timeout.min)
2023-05-23 10:27:24,172 [om1-impl-thread1] INFO  server.RaftServerConfigKeys (ConfUtils.java:logGet(46)) - raft.server.snapshot.auto.trigger.enabled = true (custom)
2023-05-23 10:27:24,172 [om1-impl-thread1] INFO  server.RaftServerConfigKeys (ConfUtils.java:logGet(46)) - raft.server.snapshot.auto.trigger.threshold = 400000 (default)
2023-05-23 10:27:24,172 [om1-impl-thread1] INFO  server.RaftServerConfigKeys (ConfUtils.java:logGet(46)) - raft.server.snapshot.retention.file.num = -1 (default)
2023-05-23 10:27:24,172 [om1@group-C5BA1605619E-FollowerState] INFO  server.RaftServerConfigKeys (ConfUtils.java:logFallback(53)) - raft.server.rpc.first-election.timeout.max = 1200ms (fallback to raft.server.rpc.timeout.max)
2023-05-23 10:27:24,172 [om1-impl-thread1] INFO  server.RaftServerConfigKeys (ConfUtils.java:logGet(46)) - raft.server.log.purge.upto.snapshot.index = true (custom)
2023-05-23 10:27:24,172 [Listener at 127.0.0.1/15196] INFO  server.RaftServer (RaftServerProxy.java:startImpl(400)) - om1: start RPC server
2023-05-23 10:27:24,175 [Listener at 127.0.0.1/15196] INFO  server.GrpcService (GrpcService.java:startImpl(302)) - om1: GrpcService started, listening on 15199
2023-05-23 10:27:24,175 [Listener at 127.0.0.1/15196] INFO  om.OzoneManager (OzoneManager.java:start(1635)) - Version File has different layout version (4) than OM DB (null). That is expected if this OM has never been finalized to a newer layout version.
2023-05-23 10:27:24,175 [JvmPauseMonitor24] INFO  util.JvmPauseMonitor (JvmPauseMonitor.java:run(103)) - JvmPauseMonitor-om1: Started
2023-05-23 10:27:24,178 [Listener at 127.0.0.1/15196] INFO  http.BaseHttpServer (BaseHttpServer.java:newHttpServer2BuilderForOzone(224)) - Starting Web-server for ozoneManager at: http://0.0.0.0:15197
2023-05-23 10:27:24,178 [Listener at 127.0.0.1/15196] INFO  http.BaseHttpServer (BaseHttpServer.java:<init>(111)) - Hadoop Security Enabled: false Ozone Security Enabled: false Ozone HTTP Security Enabled: false 
2023-05-23 10:27:24,179 [Listener at 127.0.0.1/15196] WARN  server.AuthenticationFilter (AuthenticationFilter.java:constructSecretProvider(240)) - Unable to initialize FileSignerSecretProvider, falling back to use random secrets. Reason: Could not read signature secret file: /home/runner/hadoop-http-auth-signature-secret
2023-05-23 10:27:24,179 [Listener at 127.0.0.1/15196] INFO  http.HttpRequestLog (HttpRequestLog.java:getRequestLog(86)) - Http request log for http.requests.ozoneManager is not defined
2023-05-23 10:27:24,181 [Listener at 127.0.0.1/15196] INFO  http.HttpServer2 (HttpServer2.java:addGlobalFilter(1031)) - Added global filter 'safety' (class=org.apache.hadoop.hdds.server.http.HttpServer2$QuotingInputFilter)
2023-05-23 10:27:24,182 [Listener at 127.0.0.1/15196] INFO  http.HttpServer2 (HttpServer2.java:addFilter(1007)) - Added filter static_user_filter (class=org.apache.hadoop.http.lib.StaticUserWebFilter$StaticUserFilter) to context ozoneManager
2023-05-23 10:27:24,182 [Listener at 127.0.0.1/15196] INFO  http.HttpServer2 (HttpServer2.java:addFilter(1015)) - Added filter static_user_filter (class=org.apache.hadoop.http.lib.StaticUserWebFilter$StaticUserFilter) to context logs
2023-05-23 10:27:24,183 [Listener at 127.0.0.1/15196] INFO  http.HttpServer2 (HttpServer2.java:addFilter(1015)) - Added filter static_user_filter (class=org.apache.hadoop.http.lib.StaticUserWebFilter$StaticUserFilter) to context static
2023-05-23 10:27:24,184 [Listener at 127.0.0.1/15196] INFO  http.BaseHttpServer (BaseHttpServer.java:<init>(190)) - HTTP server of ozoneManager uses base directory /home/runner/work/ozone/ozone/hadoop-ozone/integration-test/target/test-dir/MiniOzoneClusterImpl-1448f794-6d1a-4b49-b7b3-e839f56d4fba/ozone-meta/webserver
2023-05-23 10:27:24,184 [Listener at 127.0.0.1/15196] INFO  http.HttpServer2 (HttpServer2.java:bindListener(1250)) - Jetty bound to port 15197
2023-05-23 10:27:24,184 [Listener at 127.0.0.1/15196] INFO  server.Server (Server.java:doStart(375)) - jetty-9.4.51.v20230217; built: 2023-02-17T08:19:37.309Z; git: b45c405e4544384de066f814ed42ae3dceacdd49; jvm 1.8.0_362-b09
2023-05-23 10:27:24,190 [Listener at 127.0.0.1/15196] INFO  server.session (DefaultSessionIdManager.java:doStart(334)) - DefaultSessionIdManager workerName=node0
2023-05-23 10:27:24,190 [Listener at 127.0.0.1/15196] INFO  server.session (DefaultSessionIdManager.java:doStart(339)) - No SessionScavenger set, using defaults
2023-05-23 10:27:24,190 [Listener at 127.0.0.1/15196] INFO  server.session (HouseKeeper.java:startScavenging(132)) - node0 Scavenging every 660000ms
2023-05-23 10:27:24,190 [Listener at 127.0.0.1/15196] INFO  handler.ContextHandler (ContextHandler.java:doStart(921)) - Started o.e.j.s.ServletContextHandler@639019a0{logs,/logs,file:///home/runner/work/ozone/ozone/hadoop-ozone/integration-test/target/log,AVAILABLE}
2023-05-23 10:27:24,191 [Listener at 127.0.0.1/15196] INFO  handler.ContextHandler (ContextHandler.java:doStart(921)) - Started o.e.j.s.ServletContextHandler@4f083944{static,/static,file:///home/runner/work/ozone/ozone/hadoop-ozone/integration-test/target/test-classes/webapps/static,AVAILABLE}
2023-05-23 10:27:24,193 [Listener at 127.0.0.1/15196] INFO  handler.ContextHandler (ContextHandler.java:doStart(921)) - Started o.e.j.w.WebAppContext@49bb0381{ozoneManager,/,file:///home/runner/work/ozone/ozone/hadoop-ozone/integration-test/target/test-classes/webapps/ozoneManager/,AVAILABLE}{file:/home/runner/work/ozone/ozone/hadoop-ozone/integration-test/target/test-classes/webapps/ozoneManager}
2023-05-23 10:27:24,195 [Listener at 127.0.0.1/15196] INFO  server.AbstractConnector (AbstractConnector.java:doStart(333)) - Started ServerConnector@7e9fd287{HTTP/1.1, (http/1.1)}{0.0.0.0:15197}
2023-05-23 10:27:24,195 [Listener at 127.0.0.1/15196] INFO  server.Server (Server.java:doStart(415)) - Started @177247ms
2023-05-23 10:27:24,196 [Listener at 127.0.0.1/15196] WARN  impl.MetricsSystemImpl (MetricsSystemImpl.java:register(279)) - Sink prometheus already exists!
2023-05-23 10:27:24,196 [Listener at 127.0.0.1/15196] INFO  http.BaseHttpServer (BaseHttpServer.java:updateConnectorAddress(344)) - HTTP server of ozoneManager listening at http://0.0.0.0:15197
2023-05-23 10:27:24,196 [IPC Server Responder] INFO  ipc.Server (Server.java:run(1558)) - IPC Server Responder: starting
2023-05-23 10:27:24,197 [IPC Server listener on 15196] INFO  ipc.Server (Server.java:run(1398)) - IPC Server listener on 15196: starting
2023-05-23 10:27:24,206 [Listener at 127.0.0.1/15196] INFO  om.OzoneManager (OzoneManager.java:startTrashEmptier(2095)) - Trash Interval set to 0. Files deleted won't move to trash
2023-05-23 10:27:24,207 [org.apache.hadoop.util.JvmPauseMonitor$Monitor@379b31bc] INFO  util.JvmPauseMonitor (JvmPauseMonitor.java:run(188)) - Starting JVM pause monitor
2023-05-23 10:27:24,227 [Listener at 127.0.0.1/15196] WARN  impl.MetricRegistriesImpl (MetricRegistriesImpl.java:addReporterRegistration(111)) - New reporters are added after registries were created. Some metrics will be missing from the reporter. Please add reporter before adding any new registry.
2023-05-23 10:27:24,228 [Listener at 127.0.0.1/15196] WARN  impl.MetricRegistriesImpl (MetricRegistriesImpl.java:addReporterRegistration(111)) - New reporters are added after registries were created. Some metrics will be missing from the reporter. Please add reporter before adding any new registry.
2023-05-23 10:27:24,228 [Listener at 127.0.0.1/15196] INFO  impl.MetricsSystemImpl (MetricsSystemImpl.java:init(158)) - HddsDatanode metrics system started (again)
2023-05-23 10:27:24,240 [Listener at 127.0.0.1/15196] INFO  ozone.HddsDatanodeService (HddsDatanodeService.java:start(252)) - HddsDatanodeService host:fv-az1249-304 ip:10.1.0.38
2023-05-23 10:27:24,265 [Listener at 127.0.0.1/15196] INFO  upgrade.AbstractLayoutVersionManager (AbstractLayoutVersionManager.java:init(83)) - Initializing Layout version manager with metadata layout = WEBUI_PORTS_IN_DATANODEDETAILS (version = 6), software layout = WEBUI_PORTS_IN_DATANODEDETAILS (version = 6)
2023-05-23 10:27:24,265 [Listener at 127.0.0.1/15196] INFO  statemachine.DatanodeStateMachine (DatanodeStateMachine.java:getEndPointTaskThreadPoolSize(267)) - Datanode State Machine Task Thread Pool size 2
2023-05-23 10:27:24,267 [Listener at 127.0.0.1/15196] INFO  volume.HddsVolume (HddsVolume.java:<init>(130)) - Creating HddsVolume: /home/runner/work/ozone/ozone/hadoop-ozone/integration-test/target/test-dir/MiniOzoneClusterImpl-1448f794-6d1a-4b49-b7b3-e839f56d4fba/datanode-0/data-0/containers/hdds of storage type : DISK capacity : 9223372036854775807
2023-05-23 10:27:24,267 [Listener at 127.0.0.1/15196] INFO  volume.MutableVolumeSet (MutableVolumeSet.java:initializeVolumeSet(175)) - Added Volume : /home/runner/work/ozone/ozone/hadoop-ozone/integration-test/target/test-dir/MiniOzoneClusterImpl-1448f794-6d1a-4b49-b7b3-e839f56d4fba/datanode-0/data-0/containers/hdds to VolumeSet
2023-05-23 10:27:24,267 [Listener at 127.0.0.1/15196] INFO  volume.ThrottledAsyncChecker (ThrottledAsyncChecker.java:schedule(141)) - Scheduling a check for /home/runner/work/ozone/ozone/hadoop-ozone/integration-test/target/test-dir/MiniOzoneClusterImpl-1448f794-6d1a-4b49-b7b3-e839f56d4fba/datanode-0/data-0/containers/hdds
2023-05-23 10:27:24,267 [Listener at 127.0.0.1/15196] INFO  volume.StorageVolumeChecker (StorageVolumeChecker.java:checkAllVolumes(202)) - Scheduled health check for volume /home/runner/work/ozone/ozone/hadoop-ozone/integration-test/target/test-dir/MiniOzoneClusterImpl-1448f794-6d1a-4b49-b7b3-e839f56d4fba/datanode-0/data-0/containers/hdds
2023-05-23 10:27:24,279 [Listener at 127.0.0.1/15196] INFO  volume.MutableVolumeSet (MutableVolumeSet.java:initializeVolumeSet(175)) - Added Volume : /home/runner/work/ozone/ozone/hadoop-ozone/integration-test/target/test-dir/MiniOzoneClusterImpl-1448f794-6d1a-4b49-b7b3-e839f56d4fba/datanode-0/data/ratis to VolumeSet
2023-05-23 10:27:24,280 [Listener at 127.0.0.1/15196] INFO  volume.ThrottledAsyncChecker (ThrottledAsyncChecker.java:schedule(141)) - Scheduling a check for /home/runner/work/ozone/ozone/hadoop-ozone/integration-test/target/test-dir/MiniOzoneClusterImpl-1448f794-6d1a-4b49-b7b3-e839f56d4fba/datanode-0/data/ratis
2023-05-23 10:27:24,280 [Listener at 127.0.0.1/15196] INFO  volume.StorageVolumeChecker (StorageVolumeChecker.java:checkAllVolumes(202)) - Scheduled health check for volume /home/runner/work/ozone/ozone/hadoop-ozone/integration-test/target/test-dir/MiniOzoneClusterImpl-1448f794-6d1a-4b49-b7b3-e839f56d4fba/datanode-0/data/ratis
2023-05-23 10:27:24,291 [Thread-2435] INFO  ozoneimpl.ContainerReader (ContainerReader.java:readVolume(175)) - Finish verifying containers on volume /home/runner/work/ozone/ozone/hadoop-ozone/integration-test/target/test-dir/MiniOzoneClusterImpl-1448f794-6d1a-4b49-b7b3-e839f56d4fba/datanode-0/data-0/containers/hdds
2023-05-23 10:27:24,291 [Listener at 127.0.0.1/15196] INFO  ozoneimpl.OzoneContainer (OzoneContainer.java:buildContainerSet(303)) - Build ContainerSet costs 0s
2023-05-23 10:27:24,294 [Listener at 127.0.0.1/15196] INFO  server.RaftServer (ConfUtils.java:logGet(46)) - raft.rpc.type = GRPC (default)
2023-05-23 10:27:24,295 [Listener at 127.0.0.1/15196] INFO  grpc.GrpcConfigKeys (ConfUtils.java:logFallback(53)) - raft.grpc.admin.host = null (fallback to raft.grpc.server.host)
2023-05-23 10:27:24,295 [Listener at 127.0.0.1/15196] INFO  grpc.GrpcConfigKeys (ConfUtils.java:logGet(46)) - raft.grpc.admin.port = 15204 (custom)
2023-05-23 10:27:24,295 [Listener at 127.0.0.1/15196] INFO  grpc.GrpcConfigKeys (ConfUtils.java:logFallback(53)) - raft.grpc.client.host = null (fallback to raft.grpc.server.host)
2023-05-23 10:27:24,295 [Listener at 127.0.0.1/15196] INFO  grpc.GrpcConfigKeys (ConfUtils.java:logGet(46)) - raft.grpc.client.port = 15203 (custom)
2023-05-23 10:27:24,295 [Listener at 127.0.0.1/15196] INFO  grpc.GrpcConfigKeys (ConfUtils.java:logGet(46)) - raft.grpc.server.host = null (default)
2023-05-23 10:27:24,295 [Listener at 127.0.0.1/15196] INFO  grpc.GrpcConfigKeys (ConfUtils.java:logGet(46)) - raft.grpc.server.port = 15205 (custom)
2023-05-23 10:27:24,295 [Listener at 127.0.0.1/15196] INFO  server.GrpcService (ConfUtils.java:logGet(46)) - raft.grpc.message.size.max = 32MB (=33554432) (custom)
2023-05-23 10:27:24,295 [Listener at 127.0.0.1/15196] INFO  server.RaftServerConfigKeys (ConfUtils.java:logGet(46)) - raft.server.log.appender.buffer.byte-limit = 33554432 (custom)
2023-05-23 10:27:24,295 [Listener at 127.0.0.1/15196] INFO  server.GrpcService (ConfUtils.java:logGet(46)) - raft.grpc.flow.control.window = 5MB (=5242880) (custom)
2023-05-23 10:27:24,295 [Listener at 127.0.0.1/15196] INFO  server.RaftServerConfigKeys (ConfUtils.java:logGet(46)) - raft.server.rpc.request.timeout = 60s (custom)
2023-05-23 10:27:24,295 [Listener at 127.0.0.1/15196] INFO  grpc.GrpcConfigKeys (ConfUtils.java:logGet(46)) - raft.grpc.server.heartbeat.channel = true (default)
2023-05-23 10:27:24,295 [Listener at 127.0.0.1/15196] INFO  grpc.GrpcConfigKeys (ConfUtils.java:logGet(46)) - raft.grpc.server.async.request.thread.pool.cached = true (default)
2023-05-23 10:27:24,296 [Listener at 127.0.0.1/15196] INFO  grpc.GrpcConfigKeys (ConfUtils.java:logGet(46)) - raft.grpc.server.async.request.thread.pool.size = 32 (default)
2023-05-23 10:27:24,298 [Listener at 127.0.0.1/15196] INFO  impl.DataStreamServerImpl (ConfUtils.java:logGet(46)) - raft.datastream.type = NETTY (custom)
2023-05-23 10:27:24,298 [Listener at 127.0.0.1/15196] INFO  server.RaftServerConfigKeys (ConfUtils.java:logGet(46)) - raft.server.data-stream.async.request.thread.pool.cached = false (default)
2023-05-23 10:27:24,298 [Listener at 127.0.0.1/15196] INFO  server.RaftServerConfigKeys (ConfUtils.java:logGet(46)) - raft.server.data-stream.async.request.thread.pool.size = 20 (custom)
2023-05-23 10:27:24,298 [Listener at 127.0.0.1/15196] INFO  server.RaftServerConfigKeys (ConfUtils.java:logGet(46)) - raft.server.data-stream.async.write.thread.pool.size = 16 (default)
2023-05-23 10:27:24,298 [Listener at 127.0.0.1/15196] INFO  server.RaftServerConfigKeys (ConfUtils.java:logGet(46)) - raft.server.data-stream.client.pool.size = 10 (default)
2023-05-23 10:27:24,298 [Listener at 127.0.0.1/15196] INFO  netty.NettyConfigKeys$DataStream (ConfUtils.java:logGet(46)) - raft.netty.dataStream.server.use-epoll = false (default)
2023-05-23 10:27:24,298 [Listener at 127.0.0.1/15196] INFO  netty.NettyConfigKeys$DataStream (ConfUtils.java:logGet(46)) - raft.netty.dataStream.server.boss-group.size = 0 (default)
2023-05-23 10:27:24,299 [Listener at 127.0.0.1/15196] INFO  netty.NettyConfigKeys$DataStream (ConfUtils.java:logGet(46)) - raft.netty.dataStream.server.worker-group.size = 0 (default)
2023-05-23 10:27:24,299 [Listener at 127.0.0.1/15196] INFO  netty.NettyConfigKeys$DataStream (ConfUtils.java:logGet(46)) - raft.netty.dataStream.server.tls.conf = null (default)
2023-05-23 10:27:24,299 [Listener at 127.0.0.1/15196] INFO  netty.NettyConfigKeys$DataStream (ConfUtils.java:logGet(46)) - raft.netty.dataStream.host = null (default)
2023-05-23 10:27:24,299 [Listener at 127.0.0.1/15196] INFO  netty.NettyConfigKeys$DataStream (ConfUtils.java:logGet(46)) - raft.netty.dataStream.port = 15206 (custom)
2023-05-23 10:27:24,300 [Listener at 127.0.0.1/15196] INFO  server.RaftServerConfigKeys (ConfUtils.java:logGet(46)) - raft.server.threadpool.proxy.cached = true (default)
2023-05-23 10:27:24,300 [Listener at 127.0.0.1/15196] INFO  server.RaftServerConfigKeys (ConfUtils.java:logGet(46)) - raft.server.threadpool.proxy.size = 0 (default)
2023-05-23 10:27:24,300 [Listener at 127.0.0.1/15196] INFO  server.RaftServerConfigKeys (ConfUtils.java:logGet(46)) - raft.server.rpc.slowness.timeout = 300s (custom)
2023-05-23 10:27:24,300 [Listener at 127.0.0.1/15196] INFO  server.RaftServerConfigKeys (ConfUtils.java:logGet(46)) - raft.server.leaderelection.leader.step-down.wait-time = 10s (default)
2023-05-23 10:27:24,300 [fad86c32-67f1-4b6d-b48a-d8941e8b4fba-NettyServerStreamRpc-bossGroup--thread1] INFO  logging.LoggingHandler (AbstractInternalLogger.java:log(148)) - [id: 0x38a6818b] REGISTERED
2023-05-23 10:27:24,300 [Listener at 127.0.0.1/15196] INFO  server.RaftServerConfigKeys (ConfUtils.java:logGet(46)) - raft.server.storage.dir = [/home/runner/work/ozone/ozone/hadoop-ozone/integration-test/target/test-dir/MiniOzoneClusterImpl-1448f794-6d1a-4b49-b7b3-e839f56d4fba/datanode-0/data/ratis] (custom)
2023-05-23 10:27:24,300 [fad86c32-67f1-4b6d-b48a-d8941e8b4fba-NettyServerStreamRpc-bossGroup--thread1] INFO  logging.LoggingHandler (AbstractInternalLogger.java:log(148)) - [id: 0x38a6818b] BIND: 0.0.0.0/0.0.0.0:15206
2023-05-23 10:27:24,300 [fad86c32-67f1-4b6d-b48a-d8941e8b4fba-NettyServerStreamRpc-bossGroup--thread1] INFO  logging.LoggingHandler (AbstractInternalLogger.java:log(148)) - [id: 0x38a6818b, L:/0:0:0:0:0:0:0:0:15206] ACTIVE
2023-05-23 10:27:24,301 [Listener at 127.0.0.1/15196] INFO  server.XceiverServerGrpc (XceiverServerGrpc.java:<init>(132)) - GrpcServer channel type EpollServerSocketChannel
2023-05-23 10:27:24,303 [Listener at 127.0.0.1/15196] INFO  replication.ReplicationSupervisor (ReplicationSupervisor.java:nodeStateUpdated(296)) - Node state updated to IN_SERVICE, scaling executor pool size to 10
2023-05-23 10:27:24,304 [Listener at 127.0.0.1/15196] INFO  http.BaseHttpServer (BaseHttpServer.java:newHttpServer2BuilderForOzone(224)) - Starting Web-server for hddsDatanode at: http://0.0.0.0:15201
2023-05-23 10:27:24,304 [Listener at 127.0.0.1/15196] INFO  http.BaseHttpServer (BaseHttpServer.java:<init>(111)) - Hadoop Security Enabled: false Ozone Security Enabled: false Ozone HTTP Security Enabled: false 
2023-05-23 10:27:24,305 [Listener at 127.0.0.1/15196] WARN  server.AuthenticationFilter (AuthenticationFilter.java:constructSecretProvider(240)) - Unable to initialize FileSignerSecretProvider, falling back to use random secrets. Reason: Could not read signature secret file: /home/runner/hadoop-http-auth-signature-secret
2023-05-23 10:27:24,306 [Listener at 127.0.0.1/15196] INFO  http.HttpRequestLog (HttpRequestLog.java:getRequestLog(86)) - Http request log for http.requests.hddsDatanode is not defined
2023-05-23 10:27:24,307 [Listener at 127.0.0.1/15196] INFO  http.HttpServer2 (HttpServer2.java:addGlobalFilter(1031)) - Added global filter 'safety' (class=org.apache.hadoop.hdds.server.http.HttpServer2$QuotingInputFilter)
2023-05-23 10:27:24,307 [Listener at 127.0.0.1/15196] INFO  http.HttpServer2 (HttpServer2.java:addFilter(1007)) - Added filter static_user_filter (class=org.apache.hadoop.http.lib.StaticUserWebFilter$StaticUserFilter) to context hddsDatanode
2023-05-23 10:27:24,307 [Listener at 127.0.0.1/15196] INFO  http.HttpServer2 (HttpServer2.java:addFilter(1015)) - Added filter static_user_filter (class=org.apache.hadoop.http.lib.StaticUserWebFilter$StaticUserFilter) to context static
2023-05-23 10:27:24,307 [Listener at 127.0.0.1/15196] INFO  http.HttpServer2 (HttpServer2.java:addFilter(1015)) - Added filter static_user_filter (class=org.apache.hadoop.http.lib.StaticUserWebFilter$StaticUserFilter) to context logs
2023-05-23 10:27:24,308 [Listener at 127.0.0.1/15196] INFO  http.BaseHttpServer (BaseHttpServer.java:<init>(190)) - HTTP server of hddsDatanode uses base directory /home/runner/work/ozone/ozone/hadoop-ozone/integration-test/target/test-dir/MiniOzoneClusterImpl-1448f794-6d1a-4b49-b7b3-e839f56d4fba/datanode-0/meta/webserver
2023-05-23 10:27:24,308 [Listener at 127.0.0.1/15196] INFO  http.HttpServer2 (HttpServer2.java:bindListener(1250)) - Jetty bound to port 15201
2023-05-23 10:27:24,308 [Listener at 127.0.0.1/15196] INFO  server.Server (Server.java:doStart(375)) - jetty-9.4.51.v20230217; built: 2023-02-17T08:19:37.309Z; git: b45c405e4544384de066f814ed42ae3dceacdd49; jvm 1.8.0_362-b09
2023-05-23 10:27:24,310 [Listener at 127.0.0.1/15196] INFO  server.session (DefaultSessionIdManager.java:doStart(334)) - DefaultSessionIdManager workerName=node0
2023-05-23 10:27:24,310 [Listener at 127.0.0.1/15196] INFO  server.session (DefaultSessionIdManager.java:doStart(339)) - No SessionScavenger set, using defaults
2023-05-23 10:27:24,310 [Listener at 127.0.0.1/15196] INFO  server.session (HouseKeeper.java:startScavenging(132)) - node0 Scavenging every 660000ms
2023-05-23 10:27:24,310 [Listener at 127.0.0.1/15196] INFO  handler.ContextHandler (ContextHandler.java:doStart(921)) - Started o.e.j.s.ServletContextHandler@16f7418c{logs,/logs,file:///home/runner/work/ozone/ozone/hadoop-ozone/integration-test/target/log,AVAILABLE}
2023-05-23 10:27:24,311 [Listener at 127.0.0.1/15196] INFO  handler.ContextHandler (ContextHandler.java:doStart(921)) - Started o.e.j.s.ServletContextHandler@584b8663{static,/static,jar:file:/home/runner/.m2/repository/org/apache/ozone/hdds-container-service/1.4.0-SNAPSHOT/hdds-container-service-1.4.0-SNAPSHOT.jar!/webapps/static,AVAILABLE}
2023-05-23 10:27:24,365 [ReplicationMonitor] INFO  replication.ReplicationManager (ReplicationManager.java:processAll(375)) - Replication Manager is not ready to run until 3000ms after safemode exit
2023-05-23 10:27:24,534 [Listener at 127.0.0.1/15196] INFO  handler.ContextHandler (ContextHandler.java:doStart(921)) - Started o.e.j.w.WebAppContext@56dd6659{hddsDatanode,/,file:///home/runner/work/ozone/ozone/hadoop-ozone/integration-test/target/test-dir/MiniOzoneClusterImpl-1448f794-6d1a-4b49-b7b3-e839f56d4fba/datanode-0/meta/webserver/jetty-0_0_0_0-15201-hdds-container-service-1_4_0-SNAPSHOT_jar-_-any-8067359406102680971/webapp/,AVAILABLE}{jar:file:/home/runner/.m2/repository/org/apache/ozone/hdds-container-service/1.4.0-SNAPSHOT/hdds-container-service-1.4.0-SNAPSHOT.jar!/webapps/hddsDatanode}
2023-05-23 10:27:24,535 [Listener at 127.0.0.1/15196] INFO  server.AbstractConnector (AbstractConnector.java:doStart(333)) - Started ServerConnector@4ce3b89d{HTTP/1.1, (http/1.1)}{0.0.0.0:15201}
2023-05-23 10:27:24,535 [Listener at 127.0.0.1/15196] INFO  server.Server (Server.java:doStart(415)) - Started @177587ms
2023-05-23 10:27:24,535 [Listener at 127.0.0.1/15196] WARN  impl.MetricsSystemImpl (MetricsSystemImpl.java:register(279)) - Sink prometheus already exists!
2023-05-23 10:27:24,536 [Listener at 127.0.0.1/15196] INFO  http.BaseHttpServer (BaseHttpServer.java:updateConnectorAddress(344)) - HTTP server of hddsDatanode listening at http://0.0.0.0:15201
2023-05-23 10:27:24,537 [Listener at 127.0.0.1/15196] WARN  impl.MetricRegistriesImpl (MetricRegistriesImpl.java:addReporterRegistration(111)) - New reporters are added after registries were created. Some metrics will be missing from the reporter. Please add reporter before adding any new registry.
2023-05-23 10:27:24,537 [Listener at 127.0.0.1/15196] WARN  impl.MetricRegistriesImpl (MetricRegistriesImpl.java:addReporterRegistration(111)) - New reporters are added after registries were created. Some metrics will be missing from the reporter. Please add reporter before adding any new registry.
2023-05-23 10:27:24,537 [Listener at 127.0.0.1/15196] INFO  impl.MetricsSystemImpl (MetricsSystemImpl.java:init(158)) - HddsDatanode metrics system started (again)
2023-05-23 10:27:24,538 [Datanode State Machine Daemon Thread] INFO  statemachine.DatanodeStateMachine (DatanodeStateMachine.java:lambda$startDaemon$0(524)) - Ozone container server started.
2023-05-23 10:27:24,548 [org.apache.hadoop.util.JvmPauseMonitor$Monitor@2f657847] INFO  util.JvmPauseMonitor (JvmPauseMonitor.java:run(188)) - Starting JVM pause monitor
2023-05-23 10:27:24,551 [Listener at 127.0.0.1/15196] INFO  ozone.HddsDatanodeService (HddsDatanodeService.java:start(252)) - HddsDatanodeService host:fv-az1249-304 ip:10.1.0.38
2023-05-23 10:27:24,566 [Datanode State Machine Task Thread - 0] INFO  datanode.InitDatanodeState (InitDatanodeState.java:persistContainerDatanodeDetails(138)) - DatanodeDetails is persisted to /home/runner/work/ozone/ozone/hadoop-ozone/integration-test/target/test-dir/MiniOzoneClusterImpl-1448f794-6d1a-4b49-b7b3-e839f56d4fba/datanode-0/meta/datanode.id
2023-05-23 10:27:24,576 [Listener at 127.0.0.1/15196] INFO  upgrade.AbstractLayoutVersionManager (AbstractLayoutVersionManager.java:init(83)) - Initializing Layout version manager with metadata layout = WEBUI_PORTS_IN_DATANODEDETAILS (version = 6), software layout = WEBUI_PORTS_IN_DATANODEDETAILS (version = 6)
2023-05-23 10:27:24,576 [Listener at 127.0.0.1/15196] INFO  statemachine.DatanodeStateMachine (DatanodeStateMachine.java:getEndPointTaskThreadPoolSize(267)) - Datanode State Machine Task Thread Pool size 2
2023-05-23 10:27:24,578 [Listener at 127.0.0.1/15196] INFO  volume.HddsVolume (HddsVolume.java:<init>(130)) - Creating HddsVolume: /home/runner/work/ozone/ozone/hadoop-ozone/integration-test/target/test-dir/MiniOzoneClusterImpl-1448f794-6d1a-4b49-b7b3-e839f56d4fba/datanode-1/data-0/containers/hdds of storage type : DISK capacity : 9223372036854775807
2023-05-23 10:27:24,578 [Listener at 127.0.0.1/15196] INFO  volume.MutableVolumeSet (MutableVolumeSet.java:initializeVolumeSet(175)) - Added Volume : /home/runner/work/ozone/ozone/hadoop-ozone/integration-test/target/test-dir/MiniOzoneClusterImpl-1448f794-6d1a-4b49-b7b3-e839f56d4fba/datanode-1/data-0/containers/hdds to VolumeSet
2023-05-23 10:27:24,578 [Listener at 127.0.0.1/15196] INFO  volume.ThrottledAsyncChecker (ThrottledAsyncChecker.java:schedule(141)) - Scheduling a check for /home/runner/work/ozone/ozone/hadoop-ozone/integration-test/target/test-dir/MiniOzoneClusterImpl-1448f794-6d1a-4b49-b7b3-e839f56d4fba/datanode-1/data-0/containers/hdds
2023-05-23 10:27:24,580 [Listener at 127.0.0.1/15196] INFO  volume.StorageVolumeChecker (StorageVolumeChecker.java:checkAllVolumes(202)) - Scheduled health check for volume /home/runner/work/ozone/ozone/hadoop-ozone/integration-test/target/test-dir/MiniOzoneClusterImpl-1448f794-6d1a-4b49-b7b3-e839f56d4fba/datanode-1/data-0/containers/hdds
2023-05-23 10:27:24,592 [Listener at 127.0.0.1/15196] INFO  volume.MutableVolumeSet (MutableVolumeSet.java:initializeVolumeSet(175)) - Added Volume : /home/runner/work/ozone/ozone/hadoop-ozone/integration-test/target/test-dir/MiniOzoneClusterImpl-1448f794-6d1a-4b49-b7b3-e839f56d4fba/datanode-1/data/ratis to VolumeSet
2023-05-23 10:27:24,592 [Listener at 127.0.0.1/15196] INFO  volume.ThrottledAsyncChecker (ThrottledAsyncChecker.java:schedule(141)) - Scheduling a check for /home/runner/work/ozone/ozone/hadoop-ozone/integration-test/target/test-dir/MiniOzoneClusterImpl-1448f794-6d1a-4b49-b7b3-e839f56d4fba/datanode-1/data/ratis
2023-05-23 10:27:24,592 [Listener at 127.0.0.1/15196] INFO  volume.StorageVolumeChecker (StorageVolumeChecker.java:checkAllVolumes(202)) - Scheduled health check for volume /home/runner/work/ozone/ozone/hadoop-ozone/integration-test/target/test-dir/MiniOzoneClusterImpl-1448f794-6d1a-4b49-b7b3-e839f56d4fba/datanode-1/data/ratis
2023-05-23 10:27:24,604 [Thread-2449] INFO  ozoneimpl.ContainerReader (ContainerReader.java:readVolume(175)) - Finish verifying containers on volume /home/runner/work/ozone/ozone/hadoop-ozone/integration-test/target/test-dir/MiniOzoneClusterImpl-1448f794-6d1a-4b49-b7b3-e839f56d4fba/datanode-1/data-0/containers/hdds
2023-05-23 10:27:24,604 [Listener at 127.0.0.1/15196] INFO  ozoneimpl.OzoneContainer (OzoneContainer.java:buildContainerSet(303)) - Build ContainerSet costs 0s
2023-05-23 10:27:24,606 [Listener at 127.0.0.1/15196] INFO  server.RaftServer (ConfUtils.java:logGet(46)) - raft.rpc.type = GRPC (default)
2023-05-23 10:27:24,606 [Listener at 127.0.0.1/15196] INFO  grpc.GrpcConfigKeys (ConfUtils.java:logFallback(53)) - raft.grpc.admin.host = null (fallback to raft.grpc.server.host)
2023-05-23 10:27:24,606 [Listener at 127.0.0.1/15196] INFO  grpc.GrpcConfigKeys (ConfUtils.java:logGet(46)) - raft.grpc.admin.port = 15212 (custom)
2023-05-23 10:27:24,606 [Listener at 127.0.0.1/15196] INFO  grpc.GrpcConfigKeys (ConfUtils.java:logFallback(53)) - raft.grpc.client.host = null (fallback to raft.grpc.server.host)
2023-05-23 10:27:24,606 [Listener at 127.0.0.1/15196] INFO  grpc.GrpcConfigKeys (ConfUtils.java:logGet(46)) - raft.grpc.client.port = 15211 (custom)
2023-05-23 10:27:24,606 [Listener at 127.0.0.1/15196] INFO  grpc.GrpcConfigKeys (ConfUtils.java:logGet(46)) - raft.grpc.server.host = null (default)
2023-05-23 10:27:24,607 [Listener at 127.0.0.1/15196] INFO  grpc.GrpcConfigKeys (ConfUtils.java:logGet(46)) - raft.grpc.server.port = 15213 (custom)
2023-05-23 10:27:24,607 [Listener at 127.0.0.1/15196] INFO  server.GrpcService (ConfUtils.java:logGet(46)) - raft.grpc.message.size.max = 32MB (=33554432) (custom)
2023-05-23 10:27:24,607 [Listener at 127.0.0.1/15196] INFO  server.RaftServerConfigKeys (ConfUtils.java:logGet(46)) - raft.server.log.appender.buffer.byte-limit = 33554432 (custom)
2023-05-23 10:27:24,607 [Listener at 127.0.0.1/15196] INFO  server.GrpcService (ConfUtils.java:logGet(46)) - raft.grpc.flow.control.window = 5MB (=5242880) (custom)
2023-05-23 10:27:24,607 [Listener at 127.0.0.1/15196] INFO  server.RaftServerConfigKeys (ConfUtils.java:logGet(46)) - raft.server.rpc.request.timeout = 60s (custom)
2023-05-23 10:27:24,607 [Listener at 127.0.0.1/15196] INFO  grpc.GrpcConfigKeys (ConfUtils.java:logGet(46)) - raft.grpc.server.heartbeat.channel = true (default)
2023-05-23 10:27:24,607 [Listener at 127.0.0.1/15196] INFO  grpc.GrpcConfigKeys (ConfUtils.java:logGet(46)) - raft.grpc.server.async.request.thread.pool.cached = true (default)
2023-05-23 10:27:24,607 [Listener at 127.0.0.1/15196] INFO  grpc.GrpcConfigKeys (ConfUtils.java:logGet(46)) - raft.grpc.server.async.request.thread.pool.size = 32 (default)
2023-05-23 10:27:24,609 [Listener at 127.0.0.1/15196] INFO  impl.DataStreamServerImpl (ConfUtils.java:logGet(46)) - raft.datastream.type = NETTY (custom)
2023-05-23 10:27:24,609 [Listener at 127.0.0.1/15196] INFO  server.RaftServerConfigKeys (ConfUtils.java:logGet(46)) - raft.server.data-stream.async.request.thread.pool.cached = false (default)
2023-05-23 10:27:24,610 [Listener at 127.0.0.1/15196] INFO  server.RaftServerConfigKeys (ConfUtils.java:logGet(46)) - raft.server.data-stream.async.request.thread.pool.size = 20 (custom)
2023-05-23 10:27:24,610 [Listener at 127.0.0.1/15196] INFO  server.RaftServerConfigKeys (ConfUtils.java:logGet(46)) - raft.server.data-stream.async.write.thread.pool.size = 16 (default)
2023-05-23 10:27:24,610 [Listener at 127.0.0.1/15196] INFO  server.RaftServerConfigKeys (ConfUtils.java:logGet(46)) - raft.server.data-stream.client.pool.size = 10 (default)
2023-05-23 10:27:24,610 [Listener at 127.0.0.1/15196] INFO  netty.NettyConfigKeys$DataStream (ConfUtils.java:logGet(46)) - raft.netty.dataStream.server.use-epoll = false (default)
2023-05-23 10:27:24,610 [Listener at 127.0.0.1/15196] INFO  netty.NettyConfigKeys$DataStream (ConfUtils.java:logGet(46)) - raft.netty.dataStream.server.boss-group.size = 0 (default)
2023-05-23 10:27:24,610 [Listener at 127.0.0.1/15196] INFO  netty.NettyConfigKeys$DataStream (ConfUtils.java:logGet(46)) - raft.netty.dataStream.server.worker-group.size = 0 (default)
2023-05-23 10:27:24,610 [Listener at 127.0.0.1/15196] INFO  netty.NettyConfigKeys$DataStream (ConfUtils.java:logGet(46)) - raft.netty.dataStream.server.tls.conf = null (default)
2023-05-23 10:27:24,611 [Listener at 127.0.0.1/15196] INFO  netty.NettyConfigKeys$DataStream (ConfUtils.java:logGet(46)) - raft.netty.dataStream.host = null (default)
2023-05-23 10:27:24,611 [Listener at 127.0.0.1/15196] INFO  netty.NettyConfigKeys$DataStream (ConfUtils.java:logGet(46)) - raft.netty.dataStream.port = 15214 (custom)
2023-05-23 10:27:24,611 [Listener at 127.0.0.1/15196] INFO  server.RaftServerConfigKeys (ConfUtils.java:logGet(46)) - raft.server.threadpool.proxy.cached = true (default)
2023-05-23 10:27:24,611 [Listener at 127.0.0.1/15196] INFO  server.RaftServerConfigKeys (ConfUtils.java:logGet(46)) - raft.server.threadpool.proxy.size = 0 (default)
2023-05-23 10:27:24,611 [Listener at 127.0.0.1/15196] INFO  server.RaftServerConfigKeys (ConfUtils.java:logGet(46)) - raft.server.rpc.slowness.timeout = 300s (custom)
2023-05-23 10:27:24,611 [Listener at 127.0.0.1/15196] INFO  server.RaftServerConfigKeys (ConfUtils.java:logGet(46)) - raft.server.leaderelection.leader.step-down.wait-time = 10s (default)
2023-05-23 10:27:24,611 [Listener at 127.0.0.1/15196] INFO  server.RaftServerConfigKeys (ConfUtils.java:logGet(46)) - raft.server.storage.dir = [/home/runner/work/ozone/ozone/hadoop-ozone/integration-test/target/test-dir/MiniOzoneClusterImpl-1448f794-6d1a-4b49-b7b3-e839f56d4fba/datanode-1/data/ratis] (custom)
2023-05-23 10:27:24,612 [8252e408-c982-4bc9-a7b5-c82dcdf99b6f-NettyServerStreamRpc-bossGroup--thread1] INFO  logging.LoggingHandler (AbstractInternalLogger.java:log(148)) - [id: 0x79fd687a] REGISTERED
2023-05-23 10:27:24,612 [8252e408-c982-4bc9-a7b5-c82dcdf99b6f-NettyServerStreamRpc-bossGroup--thread1] INFO  logging.LoggingHandler (AbstractInternalLogger.java:log(148)) - [id: 0x79fd687a] BIND: 0.0.0.0/0.0.0.0:15214
2023-05-23 10:27:24,612 [8252e408-c982-4bc9-a7b5-c82dcdf99b6f-NettyServerStreamRpc-bossGroup--thread1] INFO  logging.LoggingHandler (AbstractInternalLogger.java:log(148)) - [id: 0x79fd687a, L:/0:0:0:0:0:0:0:0:15214] ACTIVE
2023-05-23 10:27:24,614 [Listener at 127.0.0.1/15196] INFO  server.XceiverServerGrpc (XceiverServerGrpc.java:<init>(132)) - GrpcServer channel type EpollServerSocketChannel
2023-05-23 10:27:24,616 [Listener at 127.0.0.1/15196] INFO  replication.ReplicationSupervisor (ReplicationSupervisor.java:nodeStateUpdated(296)) - Node state updated to IN_SERVICE, scaling executor pool size to 10
2023-05-23 10:27:24,617 [Listener at 127.0.0.1/15196] INFO  http.BaseHttpServer (BaseHttpServer.java:newHttpServer2BuilderForOzone(224)) - Starting Web-server for hddsDatanode at: http://0.0.0.0:15209
2023-05-23 10:27:24,617 [Listener at 127.0.0.1/15196] INFO  http.BaseHttpServer (BaseHttpServer.java:<init>(111)) - Hadoop Security Enabled: false Ozone Security Enabled: false Ozone HTTP Security Enabled: false 
2023-05-23 10:27:24,618 [Listener at 127.0.0.1/15196] WARN  server.AuthenticationFilter (AuthenticationFilter.java:constructSecretProvider(240)) - Unable to initialize FileSignerSecretProvider, falling back to use random secrets. Reason: Could not read signature secret file: /home/runner/hadoop-http-auth-signature-secret
2023-05-23 10:27:24,621 [Listener at 127.0.0.1/15196] INFO  http.HttpRequestLog (HttpRequestLog.java:getRequestLog(86)) - Http request log for http.requests.hddsDatanode is not defined
2023-05-23 10:27:24,622 [Listener at 127.0.0.1/15196] INFO  http.HttpServer2 (HttpServer2.java:addGlobalFilter(1031)) - Added global filter 'safety' (class=org.apache.hadoop.hdds.server.http.HttpServer2$QuotingInputFilter)
2023-05-23 10:27:24,622 [Listener at 127.0.0.1/15196] INFO  http.HttpServer2 (HttpServer2.java:addFilter(1007)) - Added filter static_user_filter (class=org.apache.hadoop.http.lib.StaticUserWebFilter$StaticUserFilter) to context hddsDatanode
2023-05-23 10:27:24,622 [Listener at 127.0.0.1/15196] INFO  http.HttpServer2 (HttpServer2.java:addFilter(1015)) - Added filter static_user_filter (class=org.apache.hadoop.http.lib.StaticUserWebFilter$StaticUserFilter) to context logs
2023-05-23 10:27:24,622 [Listener at 127.0.0.1/15196] INFO  http.HttpServer2 (HttpServer2.java:addFilter(1015)) - Added filter static_user_filter (class=org.apache.hadoop.http.lib.StaticUserWebFilter$StaticUserFilter) to context static
2023-05-23 10:27:24,623 [Listener at 127.0.0.1/15196] INFO  http.BaseHttpServer (BaseHttpServer.java:<init>(190)) - HTTP server of hddsDatanode uses base directory /home/runner/work/ozone/ozone/hadoop-ozone/integration-test/target/test-dir/MiniOzoneClusterImpl-1448f794-6d1a-4b49-b7b3-e839f56d4fba/datanode-1/meta/webserver
2023-05-23 10:27:24,623 [Listener at 127.0.0.1/15196] INFO  http.HttpServer2 (HttpServer2.java:bindListener(1250)) - Jetty bound to port 15209
2023-05-23 10:27:24,623 [Listener at 127.0.0.1/15196] INFO  server.Server (Server.java:doStart(375)) - jetty-9.4.51.v20230217; built: 2023-02-17T08:19:37.309Z; git: b45c405e4544384de066f814ed42ae3dceacdd49; jvm 1.8.0_362-b09
2023-05-23 10:27:24,627 [Listener at 127.0.0.1/15196] INFO  server.session (DefaultSessionIdManager.java:doStart(334)) - DefaultSessionIdManager workerName=node0
2023-05-23 10:27:24,627 [Listener at 127.0.0.1/15196] INFO  server.session (DefaultSessionIdManager.java:doStart(339)) - No SessionScavenger set, using defaults
2023-05-23 10:27:24,627 [Listener at 127.0.0.1/15196] INFO  server.session (HouseKeeper.java:startScavenging(132)) - node0 Scavenging every 600000ms
2023-05-23 10:27:24,628 [Listener at 127.0.0.1/15196] INFO  handler.ContextHandler (ContextHandler.java:doStart(921)) - Started o.e.j.s.ServletContextHandler@1c031425{logs,/logs,file:///home/runner/work/ozone/ozone/hadoop-ozone/integration-test/target/log,AVAILABLE}
2023-05-23 10:27:24,628 [Listener at 127.0.0.1/15196] INFO  handler.ContextHandler (ContextHandler.java:doStart(921)) - Started o.e.j.s.ServletContextHandler@72e2f108{static,/static,jar:file:/home/runner/.m2/repository/org/apache/ozone/hdds-container-service/1.4.0-SNAPSHOT/hdds-container-service-1.4.0-SNAPSHOT.jar!/webapps/static,AVAILABLE}
2023-05-23 10:27:24,852 [Listener at 127.0.0.1/15196] INFO  handler.ContextHandler (ContextHandler.java:doStart(921)) - Started o.e.j.w.WebAppContext@7e069830{hddsDatanode,/,file:///home/runner/work/ozone/ozone/hadoop-ozone/integration-test/target/test-dir/MiniOzoneClusterImpl-1448f794-6d1a-4b49-b7b3-e839f56d4fba/datanode-1/meta/webserver/jetty-0_0_0_0-15209-hdds-container-service-1_4_0-SNAPSHOT_jar-_-any-977355470184732411/webapp/,AVAILABLE}{jar:file:/home/runner/.m2/repository/org/apache/ozone/hdds-container-service/1.4.0-SNAPSHOT/hdds-container-service-1.4.0-SNAPSHOT.jar!/webapps/hddsDatanode}
2023-05-23 10:27:24,853 [Listener at 127.0.0.1/15196] INFO  server.AbstractConnector (AbstractConnector.java:doStart(333)) - Started ServerConnector@293850b3{HTTP/1.1, (http/1.1)}{0.0.0.0:15209}
2023-05-23 10:27:24,854 [Listener at 127.0.0.1/15196] INFO  server.Server (Server.java:doStart(415)) - Started @177905ms
2023-05-23 10:27:24,854 [Listener at 127.0.0.1/15196] WARN  impl.MetricsSystemImpl (MetricsSystemImpl.java:register(279)) - Sink prometheus already exists!
2023-05-23 10:27:24,855 [Listener at 127.0.0.1/15196] INFO  http.BaseHttpServer (BaseHttpServer.java:updateConnectorAddress(344)) - HTTP server of hddsDatanode listening at http://0.0.0.0:15209
2023-05-23 10:27:24,856 [Listener at 127.0.0.1/15196] WARN  impl.MetricRegistriesImpl (MetricRegistriesImpl.java:addReporterRegistration(111)) - New reporters are added after registries were created. Some metrics will be missing from the reporter. Please add reporter before adding any new registry.
2023-05-23 10:27:24,856 [Listener at 127.0.0.1/15196] WARN  impl.MetricRegistriesImpl (MetricRegistriesImpl.java:addReporterRegistration(111)) - New reporters are added after registries were created. Some metrics will be missing from the reporter. Please add reporter before adding any new registry.
2023-05-23 10:27:24,856 [Listener at 127.0.0.1/15196] INFO  impl.MetricsSystemImpl (MetricsSystemImpl.java:init(158)) - HddsDatanode metrics system started (again)
2023-05-23 10:27:24,857 [Datanode State Machine Daemon Thread] INFO  statemachine.DatanodeStateMachine (DatanodeStateMachine.java:lambda$startDaemon$0(524)) - Ozone container server started.
2023-05-23 10:27:24,870 [Listener at 127.0.0.1/15196] INFO  ozone.HddsDatanodeService (HddsDatanodeService.java:start(252)) - HddsDatanodeService host:fv-az1249-304 ip:10.1.0.38
2023-05-23 10:27:24,871 [org.apache.hadoop.util.JvmPauseMonitor$Monitor@7d30d98a] INFO  util.JvmPauseMonitor (JvmPauseMonitor.java:run(188)) - Starting JVM pause monitor
2023-05-23 10:27:24,885 [Datanode State Machine Task Thread - 0] INFO  datanode.InitDatanodeState (InitDatanodeState.java:persistContainerDatanodeDetails(138)) - DatanodeDetails is persisted to /home/runner/work/ozone/ozone/hadoop-ozone/integration-test/target/test-dir/MiniOzoneClusterImpl-1448f794-6d1a-4b49-b7b3-e839f56d4fba/datanode-1/meta/datanode.id
2023-05-23 10:27:24,901 [Listener at 127.0.0.1/15196] INFO  upgrade.AbstractLayoutVersionManager (AbstractLayoutVersionManager.java:init(83)) - Initializing Layout version manager with metadata layout = WEBUI_PORTS_IN_DATANODEDETAILS (version = 6), software layout = WEBUI_PORTS_IN_DATANODEDETAILS (version = 6)
2023-05-23 10:27:24,903 [Listener at 127.0.0.1/15196] INFO  statemachine.DatanodeStateMachine (DatanodeStateMachine.java:getEndPointTaskThreadPoolSize(267)) - Datanode State Machine Task Thread Pool size 2
2023-05-23 10:27:24,906 [Listener at 127.0.0.1/15196] INFO  volume.HddsVolume (HddsVolume.java:<init>(130)) - Creating HddsVolume: /home/runner/work/ozone/ozone/hadoop-ozone/integration-test/target/test-dir/MiniOzoneClusterImpl-1448f794-6d1a-4b49-b7b3-e839f56d4fba/datanode-2/data-0/containers/hdds of storage type : DISK capacity : 9223372036854775807
2023-05-23 10:27:24,906 [Listener at 127.0.0.1/15196] INFO  volume.MutableVolumeSet (MutableVolumeSet.java:initializeVolumeSet(175)) - Added Volume : /home/runner/work/ozone/ozone/hadoop-ozone/integration-test/target/test-dir/MiniOzoneClusterImpl-1448f794-6d1a-4b49-b7b3-e839f56d4fba/datanode-2/data-0/containers/hdds to VolumeSet
2023-05-23 10:27:24,906 [Listener at 127.0.0.1/15196] INFO  volume.ThrottledAsyncChecker (ThrottledAsyncChecker.java:schedule(141)) - Scheduling a check for /home/runner/work/ozone/ozone/hadoop-ozone/integration-test/target/test-dir/MiniOzoneClusterImpl-1448f794-6d1a-4b49-b7b3-e839f56d4fba/datanode-2/data-0/containers/hdds
2023-05-23 10:27:24,907 [Listener at 127.0.0.1/15196] INFO  volume.StorageVolumeChecker (StorageVolumeChecker.java:checkAllVolumes(202)) - Scheduled health check for volume /home/runner/work/ozone/ozone/hadoop-ozone/integration-test/target/test-dir/MiniOzoneClusterImpl-1448f794-6d1a-4b49-b7b3-e839f56d4fba/datanode-2/data-0/containers/hdds
2023-05-23 10:27:24,920 [Listener at 127.0.0.1/15196] INFO  volume.MutableVolumeSet (MutableVolumeSet.java:initializeVolumeSet(175)) - Added Volume : /home/runner/work/ozone/ozone/hadoop-ozone/integration-test/target/test-dir/MiniOzoneClusterImpl-1448f794-6d1a-4b49-b7b3-e839f56d4fba/datanode-2/data/ratis to VolumeSet
2023-05-23 10:27:24,920 [Listener at 127.0.0.1/15196] INFO  volume.ThrottledAsyncChecker (ThrottledAsyncChecker.java:schedule(141)) - Scheduling a check for /home/runner/work/ozone/ozone/hadoop-ozone/integration-test/target/test-dir/MiniOzoneClusterImpl-1448f794-6d1a-4b49-b7b3-e839f56d4fba/datanode-2/data/ratis
2023-05-23 10:27:24,920 [Listener at 127.0.0.1/15196] INFO  volume.StorageVolumeChecker (StorageVolumeChecker.java:checkAllVolumes(202)) - Scheduled health check for volume /home/runner/work/ozone/ozone/hadoop-ozone/integration-test/target/test-dir/MiniOzoneClusterImpl-1448f794-6d1a-4b49-b7b3-e839f56d4fba/datanode-2/data/ratis
2023-05-23 10:27:24,933 [Thread-2463] INFO  ozoneimpl.ContainerReader (ContainerReader.java:readVolume(175)) - Finish verifying containers on volume /home/runner/work/ozone/ozone/hadoop-ozone/integration-test/target/test-dir/MiniOzoneClusterImpl-1448f794-6d1a-4b49-b7b3-e839f56d4fba/datanode-2/data-0/containers/hdds
2023-05-23 10:27:24,933 [Listener at 127.0.0.1/15196] INFO  ozoneimpl.OzoneContainer (OzoneContainer.java:buildContainerSet(303)) - Build ContainerSet costs 0s
2023-05-23 10:27:24,935 [Listener at 127.0.0.1/15196] INFO  server.RaftServer (ConfUtils.java:logGet(46)) - raft.rpc.type = GRPC (default)
2023-05-23 10:27:24,935 [Listener at 127.0.0.1/15196] INFO  grpc.GrpcConfigKeys (ConfUtils.java:logFallback(53)) - raft.grpc.admin.host = null (fallback to raft.grpc.server.host)
2023-05-23 10:27:24,935 [Listener at 127.0.0.1/15196] INFO  grpc.GrpcConfigKeys (ConfUtils.java:logGet(46)) - raft.grpc.admin.port = 15220 (custom)
2023-05-23 10:27:24,935 [Listener at 127.0.0.1/15196] INFO  grpc.GrpcConfigKeys (ConfUtils.java:logFallback(53)) - raft.grpc.client.host = null (fallback to raft.grpc.server.host)
2023-05-23 10:27:24,935 [Listener at 127.0.0.1/15196] INFO  grpc.GrpcConfigKeys (ConfUtils.java:logGet(46)) - raft.grpc.client.port = 15219 (custom)
2023-05-23 10:27:24,935 [Listener at 127.0.0.1/15196] INFO  grpc.GrpcConfigKeys (ConfUtils.java:logGet(46)) - raft.grpc.server.host = null (default)
2023-05-23 10:27:24,935 [Listener at 127.0.0.1/15196] INFO  grpc.GrpcConfigKeys (ConfUtils.java:logGet(46)) - raft.grpc.server.port = 15221 (custom)
2023-05-23 10:27:24,935 [Listener at 127.0.0.1/15196] INFO  server.GrpcService (ConfUtils.java:logGet(46)) - raft.grpc.message.size.max = 32MB (=33554432) (custom)
2023-05-23 10:27:24,935 [Listener at 127.0.0.1/15196] INFO  server.RaftServerConfigKeys (ConfUtils.java:logGet(46)) - raft.server.log.appender.buffer.byte-limit = 33554432 (custom)
2023-05-23 10:27:24,935 [Listener at 127.0.0.1/15196] INFO  server.GrpcService (ConfUtils.java:logGet(46)) - raft.grpc.flow.control.window = 5MB (=5242880) (custom)
2023-05-23 10:27:24,935 [Listener at 127.0.0.1/15196] INFO  server.RaftServerConfigKeys (ConfUtils.java:logGet(46)) - raft.server.rpc.request.timeout = 60s (custom)
2023-05-23 10:27:24,936 [Listener at 127.0.0.1/15196] INFO  grpc.GrpcConfigKeys (ConfUtils.java:logGet(46)) - raft.grpc.server.heartbeat.channel = true (default)
2023-05-23 10:27:24,936 [Listener at 127.0.0.1/15196] INFO  grpc.GrpcConfigKeys (ConfUtils.java:logGet(46)) - raft.grpc.server.async.request.thread.pool.cached = true (default)
2023-05-23 10:27:24,936 [Listener at 127.0.0.1/15196] INFO  grpc.GrpcConfigKeys (ConfUtils.java:logGet(46)) - raft.grpc.server.async.request.thread.pool.size = 32 (default)
2023-05-23 10:27:24,940 [Listener at 127.0.0.1/15196] INFO  impl.DataStreamServerImpl (ConfUtils.java:logGet(46)) - raft.datastream.type = NETTY (custom)
2023-05-23 10:27:24,941 [Listener at 127.0.0.1/15196] INFO  server.RaftServerConfigKeys (ConfUtils.java:logGet(46)) - raft.server.data-stream.async.request.thread.pool.cached = false (default)
2023-05-23 10:27:24,941 [Listener at 127.0.0.1/15196] INFO  server.RaftServerConfigKeys (ConfUtils.java:logGet(46)) - raft.server.data-stream.async.request.thread.pool.size = 20 (custom)
2023-05-23 10:27:24,941 [Listener at 127.0.0.1/15196] INFO  server.RaftServerConfigKeys (ConfUtils.java:logGet(46)) - raft.server.data-stream.async.write.thread.pool.size = 16 (default)
2023-05-23 10:27:24,941 [Listener at 127.0.0.1/15196] INFO  server.RaftServerConfigKeys (ConfUtils.java:logGet(46)) - raft.server.data-stream.client.pool.size = 10 (default)
2023-05-23 10:27:24,941 [Listener at 127.0.0.1/15196] INFO  netty.NettyConfigKeys$DataStream (ConfUtils.java:logGet(46)) - raft.netty.dataStream.server.use-epoll = false (default)
2023-05-23 10:27:24,941 [Listener at 127.0.0.1/15196] INFO  netty.NettyConfigKeys$DataStream (ConfUtils.java:logGet(46)) - raft.netty.dataStream.server.boss-group.size = 0 (default)
2023-05-23 10:27:24,941 [Listener at 127.0.0.1/15196] INFO  netty.NettyConfigKeys$DataStream (ConfUtils.java:logGet(46)) - raft.netty.dataStream.server.worker-group.size = 0 (default)
2023-05-23 10:27:24,942 [Listener at 127.0.0.1/15196] INFO  netty.NettyConfigKeys$DataStream (ConfUtils.java:logGet(46)) - raft.netty.dataStream.server.tls.conf = null (default)
2023-05-23 10:27:24,942 [Listener at 127.0.0.1/15196] INFO  netty.NettyConfigKeys$DataStream (ConfUtils.java:logGet(46)) - raft.netty.dataStream.host = null (default)
2023-05-23 10:27:24,942 [Listener at 127.0.0.1/15196] INFO  netty.NettyConfigKeys$DataStream (ConfUtils.java:logGet(46)) - raft.netty.dataStream.port = 15222 (custom)
2023-05-23 10:27:24,942 [Listener at 127.0.0.1/15196] INFO  server.RaftServerConfigKeys (ConfUtils.java:logGet(46)) - raft.server.threadpool.proxy.cached = true (default)
2023-05-23 10:27:24,942 [Listener at 127.0.0.1/15196] INFO  server.RaftServerConfigKeys (ConfUtils.java:logGet(46)) - raft.server.threadpool.proxy.size = 0 (default)
2023-05-23 10:27:24,942 [Listener at 127.0.0.1/15196] INFO  server.RaftServerConfigKeys (ConfUtils.java:logGet(46)) - raft.server.rpc.slowness.timeout = 300s (custom)
2023-05-23 10:27:24,942 [Listener at 127.0.0.1/15196] INFO  server.RaftServerConfigKeys (ConfUtils.java:logGet(46)) - raft.server.leaderelection.leader.step-down.wait-time = 10s (default)
2023-05-23 10:27:24,943 [Listener at 127.0.0.1/15196] INFO  server.RaftServerConfigKeys (ConfUtils.java:logGet(46)) - raft.server.storage.dir = [/home/runner/work/ozone/ozone/hadoop-ozone/integration-test/target/test-dir/MiniOzoneClusterImpl-1448f794-6d1a-4b49-b7b3-e839f56d4fba/datanode-2/data/ratis] (custom)
2023-05-23 10:27:24,943 [85fe1515-2b71-4688-862a-26af69046f00-NettyServerStreamRpc-bossGroup--thread1] INFO  logging.LoggingHandler (AbstractInternalLogger.java:log(148)) - [id: 0x6ea23772] REGISTERED
2023-05-23 10:27:24,943 [85fe1515-2b71-4688-862a-26af69046f00-NettyServerStreamRpc-bossGroup--thread1] INFO  logging.LoggingHandler (AbstractInternalLogger.java:log(148)) - [id: 0x6ea23772] BIND: 0.0.0.0/0.0.0.0:15222
2023-05-23 10:27:24,943 [85fe1515-2b71-4688-862a-26af69046f00-NettyServerStreamRpc-bossGroup--thread1] INFO  logging.LoggingHandler (AbstractInternalLogger.java:log(148)) - [id: 0x6ea23772, L:/0:0:0:0:0:0:0:0:15222] ACTIVE
2023-05-23 10:27:24,945 [Listener at 127.0.0.1/15196] INFO  server.XceiverServerGrpc (XceiverServerGrpc.java:<init>(132)) - GrpcServer channel type EpollServerSocketChannel
2023-05-23 10:27:24,946 [Listener at 127.0.0.1/15196] INFO  replication.ReplicationSupervisor (ReplicationSupervisor.java:nodeStateUpdated(296)) - Node state updated to IN_SERVICE, scaling executor pool size to 10
2023-05-23 10:27:24,947 [Listener at 127.0.0.1/15196] INFO  http.BaseHttpServer (BaseHttpServer.java:newHttpServer2BuilderForOzone(224)) - Starting Web-server for hddsDatanode at: http://0.0.0.0:15217
2023-05-23 10:27:24,947 [Listener at 127.0.0.1/15196] INFO  http.BaseHttpServer (BaseHttpServer.java:<init>(111)) - Hadoop Security Enabled: false Ozone Security Enabled: false Ozone HTTP Security Enabled: false 
2023-05-23 10:27:24,948 [Listener at 127.0.0.1/15196] WARN  server.AuthenticationFilter (AuthenticationFilter.java:constructSecretProvider(240)) - Unable to initialize FileSignerSecretProvider, falling back to use random secrets. Reason: Could not read signature secret file: /home/runner/hadoop-http-auth-signature-secret
2023-05-23 10:27:24,949 [Listener at 127.0.0.1/15196] INFO  http.HttpRequestLog (HttpRequestLog.java:getRequestLog(86)) - Http request log for http.requests.hddsDatanode is not defined
2023-05-23 10:27:24,950 [Listener at 127.0.0.1/15196] INFO  http.HttpServer2 (HttpServer2.java:addGlobalFilter(1031)) - Added global filter 'safety' (class=org.apache.hadoop.hdds.server.http.HttpServer2$QuotingInputFilter)
2023-05-23 10:27:24,950 [Listener at 127.0.0.1/15196] INFO  http.HttpServer2 (HttpServer2.java:addFilter(1007)) - Added filter static_user_filter (class=org.apache.hadoop.http.lib.StaticUserWebFilter$StaticUserFilter) to context hddsDatanode
2023-05-23 10:27:24,950 [Listener at 127.0.0.1/15196] INFO  http.HttpServer2 (HttpServer2.java:addFilter(1015)) - Added filter static_user_filter (class=org.apache.hadoop.http.lib.StaticUserWebFilter$StaticUserFilter) to context static
2023-05-23 10:27:24,950 [Listener at 127.0.0.1/15196] INFO  http.HttpServer2 (HttpServer2.java:addFilter(1015)) - Added filter static_user_filter (class=org.apache.hadoop.http.lib.StaticUserWebFilter$StaticUserFilter) to context logs
2023-05-23 10:27:24,951 [Listener at 127.0.0.1/15196] INFO  http.BaseHttpServer (BaseHttpServer.java:<init>(190)) - HTTP server of hddsDatanode uses base directory /home/runner/work/ozone/ozone/hadoop-ozone/integration-test/target/test-dir/MiniOzoneClusterImpl-1448f794-6d1a-4b49-b7b3-e839f56d4fba/datanode-2/meta/webserver
2023-05-23 10:27:24,951 [Listener at 127.0.0.1/15196] INFO  http.HttpServer2 (HttpServer2.java:bindListener(1250)) - Jetty bound to port 15217
2023-05-23 10:27:24,951 [Listener at 127.0.0.1/15196] INFO  server.Server (Server.java:doStart(375)) - jetty-9.4.51.v20230217; built: 2023-02-17T08:19:37.309Z; git: b45c405e4544384de066f814ed42ae3dceacdd49; jvm 1.8.0_362-b09
2023-05-23 10:27:24,954 [Listener at 127.0.0.1/15196] INFO  server.session (DefaultSessionIdManager.java:doStart(334)) - DefaultSessionIdManager workerName=node0
2023-05-23 10:27:24,954 [Listener at 127.0.0.1/15196] INFO  server.session (DefaultSessionIdManager.java:doStart(339)) - No SessionScavenger set, using defaults
2023-05-23 10:27:24,954 [Listener at 127.0.0.1/15196] INFO  server.session (HouseKeeper.java:startScavenging(132)) - node0 Scavenging every 660000ms
2023-05-23 10:27:24,954 [Listener at 127.0.0.1/15196] INFO  handler.ContextHandler (ContextHandler.java:doStart(921)) - Started o.e.j.s.ServletContextHandler@f56b379{logs,/logs,file:///home/runner/work/ozone/ozone/hadoop-ozone/integration-test/target/log,AVAILABLE}
2023-05-23 10:27:24,955 [Listener at 127.0.0.1/15196] INFO  handler.ContextHandler (ContextHandler.java:doStart(921)) - Started o.e.j.s.ServletContextHandler@56d4378e{static,/static,jar:file:/home/runner/.m2/repository/org/apache/ozone/hdds-container-service/1.4.0-SNAPSHOT/hdds-container-service-1.4.0-SNAPSHOT.jar!/webapps/static,AVAILABLE}
2023-05-23 10:27:25,178 [Listener at 127.0.0.1/15196] INFO  handler.ContextHandler (ContextHandler.java:doStart(921)) - Started o.e.j.w.WebAppContext@365f1aff{hddsDatanode,/,file:///home/runner/work/ozone/ozone/hadoop-ozone/integration-test/target/test-dir/MiniOzoneClusterImpl-1448f794-6d1a-4b49-b7b3-e839f56d4fba/datanode-2/meta/webserver/jetty-0_0_0_0-15217-hdds-container-service-1_4_0-SNAPSHOT_jar-_-any-7017363544650752964/webapp/,AVAILABLE}{jar:file:/home/runner/.m2/repository/org/apache/ozone/hdds-container-service/1.4.0-SNAPSHOT/hdds-container-service-1.4.0-SNAPSHOT.jar!/webapps/hddsDatanode}
2023-05-23 10:27:25,180 [Listener at 127.0.0.1/15196] INFO  server.AbstractConnector (AbstractConnector.java:doStart(333)) - Started ServerConnector@6ca74675{HTTP/1.1, (http/1.1)}{0.0.0.0:15217}
2023-05-23 10:27:25,180 [Listener at 127.0.0.1/15196] INFO  server.Server (Server.java:doStart(415)) - Started @178232ms
2023-05-23 10:27:25,180 [Listener at 127.0.0.1/15196] WARN  impl.MetricsSystemImpl (MetricsSystemImpl.java:register(279)) - Sink prometheus already exists!
2023-05-23 10:27:25,181 [Listener at 127.0.0.1/15196] INFO  http.BaseHttpServer (BaseHttpServer.java:updateConnectorAddress(344)) - HTTP server of hddsDatanode listening at http://0.0.0.0:15217
2023-05-23 10:27:25,181 [Listener at 127.0.0.1/15196] WARN  impl.MetricRegistriesImpl (MetricRegistriesImpl.java:addReporterRegistration(111)) - New reporters are added after registries were created. Some metrics will be missing from the reporter. Please add reporter before adding any new registry.
2023-05-23 10:27:25,181 [Listener at 127.0.0.1/15196] WARN  impl.MetricRegistriesImpl (MetricRegistriesImpl.java:addReporterRegistration(111)) - New reporters are added after registries were created. Some metrics will be missing from the reporter. Please add reporter before adding any new registry.
2023-05-23 10:27:25,182 [Listener at 127.0.0.1/15196] INFO  impl.MetricsSystemImpl (MetricsSystemImpl.java:init(158)) - HddsDatanode metrics system started (again)
2023-05-23 10:27:25,188 [Datanode State Machine Daemon Thread] INFO  statemachine.DatanodeStateMachine (DatanodeStateMachine.java:lambda$startDaemon$0(524)) - Ozone container server started.
2023-05-23 10:27:25,199 [Listener at 127.0.0.1/15196] INFO  ozone.HddsDatanodeService (HddsDatanodeService.java:start(252)) - HddsDatanodeService host:fv-az1249-304 ip:10.1.0.38
2023-05-23 10:27:25,212 [org.apache.hadoop.util.JvmPauseMonitor$Monitor@3b7cf45d] INFO  util.JvmPauseMonitor (JvmPauseMonitor.java:run(188)) - Starting JVM pause monitor
2023-05-23 10:27:25,215 [Datanode State Machine Task Thread - 0] INFO  datanode.InitDatanodeState (InitDatanodeState.java:persistContainerDatanodeDetails(138)) - DatanodeDetails is persisted to /home/runner/work/ozone/ozone/hadoop-ozone/integration-test/target/test-dir/MiniOzoneClusterImpl-1448f794-6d1a-4b49-b7b3-e839f56d4fba/datanode-2/meta/datanode.id
2023-05-23 10:27:25,232 [Listener at 127.0.0.1/15196] INFO  upgrade.AbstractLayoutVersionManager (AbstractLayoutVersionManager.java:init(83)) - Initializing Layout version manager with metadata layout = WEBUI_PORTS_IN_DATANODEDETAILS (version = 6), software layout = WEBUI_PORTS_IN_DATANODEDETAILS (version = 6)
2023-05-23 10:27:25,234 [Listener at 127.0.0.1/15196] INFO  statemachine.DatanodeStateMachine (DatanodeStateMachine.java:getEndPointTaskThreadPoolSize(267)) - Datanode State Machine Task Thread Pool size 2
2023-05-23 10:27:25,238 [Listener at 127.0.0.1/15196] INFO  volume.HddsVolume (HddsVolume.java:<init>(130)) - Creating HddsVolume: /home/runner/work/ozone/ozone/hadoop-ozone/integration-test/target/test-dir/MiniOzoneClusterImpl-1448f794-6d1a-4b49-b7b3-e839f56d4fba/datanode-3/data-0/containers/hdds of storage type : DISK capacity : 9223372036854775807
2023-05-23 10:27:25,238 [Listener at 127.0.0.1/15196] INFO  volume.MutableVolumeSet (MutableVolumeSet.java:initializeVolumeSet(175)) - Added Volume : /home/runner/work/ozone/ozone/hadoop-ozone/integration-test/target/test-dir/MiniOzoneClusterImpl-1448f794-6d1a-4b49-b7b3-e839f56d4fba/datanode-3/data-0/containers/hdds to VolumeSet
2023-05-23 10:27:25,238 [Listener at 127.0.0.1/15196] INFO  volume.ThrottledAsyncChecker (ThrottledAsyncChecker.java:schedule(141)) - Scheduling a check for /home/runner/work/ozone/ozone/hadoop-ozone/integration-test/target/test-dir/MiniOzoneClusterImpl-1448f794-6d1a-4b49-b7b3-e839f56d4fba/datanode-3/data-0/containers/hdds
2023-05-23 10:27:25,240 [Listener at 127.0.0.1/15196] INFO  volume.StorageVolumeChecker (StorageVolumeChecker.java:checkAllVolumes(202)) - Scheduled health check for volume /home/runner/work/ozone/ozone/hadoop-ozone/integration-test/target/test-dir/MiniOzoneClusterImpl-1448f794-6d1a-4b49-b7b3-e839f56d4fba/datanode-3/data-0/containers/hdds
2023-05-23 10:27:25,254 [Listener at 127.0.0.1/15196] INFO  volume.MutableVolumeSet (MutableVolumeSet.java:initializeVolumeSet(175)) - Added Volume : /home/runner/work/ozone/ozone/hadoop-ozone/integration-test/target/test-dir/MiniOzoneClusterImpl-1448f794-6d1a-4b49-b7b3-e839f56d4fba/datanode-3/data/ratis to VolumeSet
2023-05-23 10:27:25,254 [Listener at 127.0.0.1/15196] INFO  volume.ThrottledAsyncChecker (ThrottledAsyncChecker.java:schedule(141)) - Scheduling a check for /home/runner/work/ozone/ozone/hadoop-ozone/integration-test/target/test-dir/MiniOzoneClusterImpl-1448f794-6d1a-4b49-b7b3-e839f56d4fba/datanode-3/data/ratis
2023-05-23 10:27:25,254 [Listener at 127.0.0.1/15196] INFO  volume.StorageVolumeChecker (StorageVolumeChecker.java:checkAllVolumes(202)) - Scheduled health check for volume /home/runner/work/ozone/ozone/hadoop-ozone/integration-test/target/test-dir/MiniOzoneClusterImpl-1448f794-6d1a-4b49-b7b3-e839f56d4fba/datanode-3/data/ratis
2023-05-23 10:27:25,266 [Thread-2477] INFO  ozoneimpl.ContainerReader (ContainerReader.java:readVolume(175)) - Finish verifying containers on volume /home/runner/work/ozone/ozone/hadoop-ozone/integration-test/target/test-dir/MiniOzoneClusterImpl-1448f794-6d1a-4b49-b7b3-e839f56d4fba/datanode-3/data-0/containers/hdds
2023-05-23 10:27:25,266 [Listener at 127.0.0.1/15196] INFO  ozoneimpl.OzoneContainer (OzoneContainer.java:buildContainerSet(303)) - Build ContainerSet costs 0s
2023-05-23 10:27:25,268 [Listener at 127.0.0.1/15196] INFO  server.RaftServer (ConfUtils.java:logGet(46)) - raft.rpc.type = GRPC (default)
2023-05-23 10:27:25,268 [Listener at 127.0.0.1/15196] INFO  grpc.GrpcConfigKeys (ConfUtils.java:logFallback(53)) - raft.grpc.admin.host = null (fallback to raft.grpc.server.host)
2023-05-23 10:27:25,268 [Listener at 127.0.0.1/15196] INFO  grpc.GrpcConfigKeys (ConfUtils.java:logGet(46)) - raft.grpc.admin.port = 15228 (custom)
2023-05-23 10:27:25,268 [Listener at 127.0.0.1/15196] INFO  grpc.GrpcConfigKeys (ConfUtils.java:logFallback(53)) - raft.grpc.client.host = null (fallback to raft.grpc.server.host)
2023-05-23 10:27:25,268 [Listener at 127.0.0.1/15196] INFO  grpc.GrpcConfigKeys (ConfUtils.java:logGet(46)) - raft.grpc.client.port = 15227 (custom)
2023-05-23 10:27:25,268 [Listener at 127.0.0.1/15196] INFO  grpc.GrpcConfigKeys (ConfUtils.java:logGet(46)) - raft.grpc.server.host = null (default)
2023-05-23 10:27:25,268 [Listener at 127.0.0.1/15196] INFO  grpc.GrpcConfigKeys (ConfUtils.java:logGet(46)) - raft.grpc.server.port = 15229 (custom)
2023-05-23 10:27:25,268 [Listener at 127.0.0.1/15196] INFO  server.GrpcService (ConfUtils.java:logGet(46)) - raft.grpc.message.size.max = 32MB (=33554432) (custom)
2023-05-23 10:27:25,268 [Listener at 127.0.0.1/15196] INFO  server.RaftServerConfigKeys (ConfUtils.java:logGet(46)) - raft.server.log.appender.buffer.byte-limit = 33554432 (custom)
2023-05-23 10:27:25,268 [Listener at 127.0.0.1/15196] INFO  server.GrpcService (ConfUtils.java:logGet(46)) - raft.grpc.flow.control.window = 5MB (=5242880) (custom)
2023-05-23 10:27:25,268 [Listener at 127.0.0.1/15196] INFO  server.RaftServerConfigKeys (ConfUtils.java:logGet(46)) - raft.server.rpc.request.timeout = 60s (custom)
2023-05-23 10:27:25,268 [Listener at 127.0.0.1/15196] INFO  grpc.GrpcConfigKeys (ConfUtils.java:logGet(46)) - raft.grpc.server.heartbeat.channel = true (default)
2023-05-23 10:27:25,269 [Listener at 127.0.0.1/15196] INFO  grpc.GrpcConfigKeys (ConfUtils.java:logGet(46)) - raft.grpc.server.async.request.thread.pool.cached = true (default)
2023-05-23 10:27:25,269 [Listener at 127.0.0.1/15196] INFO  grpc.GrpcConfigKeys (ConfUtils.java:logGet(46)) - raft.grpc.server.async.request.thread.pool.size = 32 (default)
2023-05-23 10:27:25,271 [Listener at 127.0.0.1/15196] INFO  impl.DataStreamServerImpl (ConfUtils.java:logGet(46)) - raft.datastream.type = NETTY (custom)
2023-05-23 10:27:25,272 [Listener at 127.0.0.1/15196] INFO  server.RaftServerConfigKeys (ConfUtils.java:logGet(46)) - raft.server.data-stream.async.request.thread.pool.cached = false (default)
2023-05-23 10:27:25,272 [Listener at 127.0.0.1/15196] INFO  server.RaftServerConfigKeys (ConfUtils.java:logGet(46)) - raft.server.data-stream.async.request.thread.pool.size = 20 (custom)
2023-05-23 10:27:25,272 [Listener at 127.0.0.1/15196] INFO  server.RaftServerConfigKeys (ConfUtils.java:logGet(46)) - raft.server.data-stream.async.write.thread.pool.size = 16 (default)
2023-05-23 10:27:25,272 [Listener at 127.0.0.1/15196] INFO  server.RaftServerConfigKeys (ConfUtils.java:logGet(46)) - raft.server.data-stream.client.pool.size = 10 (default)
2023-05-23 10:27:25,272 [Listener at 127.0.0.1/15196] INFO  netty.NettyConfigKeys$DataStream (ConfUtils.java:logGet(46)) - raft.netty.dataStream.server.use-epoll = false (default)
2023-05-23 10:27:25,272 [Listener at 127.0.0.1/15196] INFO  netty.NettyConfigKeys$DataStream (ConfUtils.java:logGet(46)) - raft.netty.dataStream.server.boss-group.size = 0 (default)
2023-05-23 10:27:25,272 [Listener at 127.0.0.1/15196] INFO  netty.NettyConfigKeys$DataStream (ConfUtils.java:logGet(46)) - raft.netty.dataStream.server.worker-group.size = 0 (default)
2023-05-23 10:27:25,273 [Listener at 127.0.0.1/15196] INFO  netty.NettyConfigKeys$DataStream (ConfUtils.java:logGet(46)) - raft.netty.dataStream.server.tls.conf = null (default)
2023-05-23 10:27:25,273 [Listener at 127.0.0.1/15196] INFO  netty.NettyConfigKeys$DataStream (ConfUtils.java:logGet(46)) - raft.netty.dataStream.host = null (default)
2023-05-23 10:27:25,273 [Listener at 127.0.0.1/15196] INFO  netty.NettyConfigKeys$DataStream (ConfUtils.java:logGet(46)) - raft.netty.dataStream.port = 15230 (custom)
2023-05-23 10:27:25,273 [Listener at 127.0.0.1/15196] INFO  server.RaftServerConfigKeys (ConfUtils.java:logGet(46)) - raft.server.threadpool.proxy.cached = true (default)
2023-05-23 10:27:25,273 [Listener at 127.0.0.1/15196] INFO  server.RaftServerConfigKeys (ConfUtils.java:logGet(46)) - raft.server.threadpool.proxy.size = 0 (default)
2023-05-23 10:27:25,273 [Listener at 127.0.0.1/15196] INFO  server.RaftServerConfigKeys (ConfUtils.java:logGet(46)) - raft.server.rpc.slowness.timeout = 300s (custom)
2023-05-23 10:27:25,273 [Listener at 127.0.0.1/15196] INFO  server.RaftServerConfigKeys (ConfUtils.java:logGet(46)) - raft.server.leaderelection.leader.step-down.wait-time = 10s (default)
2023-05-23 10:27:25,274 [Listener at 127.0.0.1/15196] INFO  server.RaftServerConfigKeys (ConfUtils.java:logGet(46)) - raft.server.storage.dir = [/home/runner/work/ozone/ozone/hadoop-ozone/integration-test/target/test-dir/MiniOzoneClusterImpl-1448f794-6d1a-4b49-b7b3-e839f56d4fba/datanode-3/data/ratis] (custom)
2023-05-23 10:27:25,274 [c218ba02-a349-461c-9b33-7224d749d428-NettyServerStreamRpc-bossGroup--thread1] INFO  logging.LoggingHandler (AbstractInternalLogger.java:log(148)) - [id: 0xede6073e] REGISTERED
2023-05-23 10:27:25,274 [c218ba02-a349-461c-9b33-7224d749d428-NettyServerStreamRpc-bossGroup--thread1] INFO  logging.LoggingHandler (AbstractInternalLogger.java:log(148)) - [id: 0xede6073e] BIND: 0.0.0.0/0.0.0.0:15230
2023-05-23 10:27:25,274 [c218ba02-a349-461c-9b33-7224d749d428-NettyServerStreamRpc-bossGroup--thread1] INFO  logging.LoggingHandler (AbstractInternalLogger.java:log(148)) - [id: 0xede6073e, L:/0:0:0:0:0:0:0:0:15230] ACTIVE
2023-05-23 10:27:25,276 [Listener at 127.0.0.1/15196] INFO  server.XceiverServerGrpc (XceiverServerGrpc.java:<init>(132)) - GrpcServer channel type EpollServerSocketChannel
2023-05-23 10:27:25,277 [Listener at 127.0.0.1/15196] INFO  replication.ReplicationSupervisor (ReplicationSupervisor.java:nodeStateUpdated(296)) - Node state updated to IN_SERVICE, scaling executor pool size to 10
2023-05-23 10:27:25,279 [Listener at 127.0.0.1/15196] INFO  http.BaseHttpServer (BaseHttpServer.java:newHttpServer2BuilderForOzone(224)) - Starting Web-server for hddsDatanode at: http://0.0.0.0:15225
2023-05-23 10:27:25,279 [Listener at 127.0.0.1/15196] INFO  http.BaseHttpServer (BaseHttpServer.java:<init>(111)) - Hadoop Security Enabled: false Ozone Security Enabled: false Ozone HTTP Security Enabled: false 
2023-05-23 10:27:25,280 [Listener at 127.0.0.1/15196] WARN  server.AuthenticationFilter (AuthenticationFilter.java:constructSecretProvider(240)) - Unable to initialize FileSignerSecretProvider, falling back to use random secrets. Reason: Could not read signature secret file: /home/runner/hadoop-http-auth-signature-secret
2023-05-23 10:27:25,281 [Listener at 127.0.0.1/15196] INFO  http.HttpRequestLog (HttpRequestLog.java:getRequestLog(86)) - Http request log for http.requests.hddsDatanode is not defined
2023-05-23 10:27:25,282 [Listener at 127.0.0.1/15196] INFO  http.HttpServer2 (HttpServer2.java:addGlobalFilter(1031)) - Added global filter 'safety' (class=org.apache.hadoop.hdds.server.http.HttpServer2$QuotingInputFilter)
2023-05-23 10:27:25,282 [Listener at 127.0.0.1/15196] INFO  http.HttpServer2 (HttpServer2.java:addFilter(1007)) - Added filter static_user_filter (class=org.apache.hadoop.http.lib.StaticUserWebFilter$StaticUserFilter) to context hddsDatanode
2023-05-23 10:27:25,282 [Listener at 127.0.0.1/15196] INFO  http.HttpServer2 (HttpServer2.java:addFilter(1015)) - Added filter static_user_filter (class=org.apache.hadoop.http.lib.StaticUserWebFilter$StaticUserFilter) to context logs
2023-05-23 10:27:25,282 [Listener at 127.0.0.1/15196] INFO  http.HttpServer2 (HttpServer2.java:addFilter(1015)) - Added filter static_user_filter (class=org.apache.hadoop.http.lib.StaticUserWebFilter$StaticUserFilter) to context static
2023-05-23 10:27:25,282 [Listener at 127.0.0.1/15196] INFO  http.BaseHttpServer (BaseHttpServer.java:<init>(190)) - HTTP server of hddsDatanode uses base directory /home/runner/work/ozone/ozone/hadoop-ozone/integration-test/target/test-dir/MiniOzoneClusterImpl-1448f794-6d1a-4b49-b7b3-e839f56d4fba/datanode-3/meta/webserver
2023-05-23 10:27:25,283 [Listener at 127.0.0.1/15196] INFO  http.HttpServer2 (HttpServer2.java:bindListener(1250)) - Jetty bound to port 15225
2023-05-23 10:27:25,283 [Listener at 127.0.0.1/15196] INFO  server.Server (Server.java:doStart(375)) - jetty-9.4.51.v20230217; built: 2023-02-17T08:19:37.309Z; git: b45c405e4544384de066f814ed42ae3dceacdd49; jvm 1.8.0_362-b09
2023-05-23 10:27:25,284 [Listener at 127.0.0.1/15196] INFO  server.session (DefaultSessionIdManager.java:doStart(334)) - DefaultSessionIdManager workerName=node0
2023-05-23 10:27:25,284 [Listener at 127.0.0.1/15196] INFO  server.session (DefaultSessionIdManager.java:doStart(339)) - No SessionScavenger set, using defaults
2023-05-23 10:27:25,284 [Listener at 127.0.0.1/15196] INFO  server.session (HouseKeeper.java:startScavenging(132)) - node0 Scavenging every 660000ms
2023-05-23 10:27:25,285 [Listener at 127.0.0.1/15196] INFO  handler.ContextHandler (ContextHandler.java:doStart(921)) - Started o.e.j.s.ServletContextHandler@5774e9c6{logs,/logs,file:///home/runner/work/ozone/ozone/hadoop-ozone/integration-test/target/log,AVAILABLE}
2023-05-23 10:27:25,285 [Listener at 127.0.0.1/15196] INFO  handler.ContextHandler (ContextHandler.java:doStart(921)) - Started o.e.j.s.ServletContextHandler@5fce6b82{static,/static,jar:file:/home/runner/.m2/repository/org/apache/ozone/hdds-container-service/1.4.0-SNAPSHOT/hdds-container-service-1.4.0-SNAPSHOT.jar!/webapps/static,AVAILABLE}
2023-05-23 10:27:25,292 [om1@group-C5BA1605619E-FollowerState] INFO  impl.FollowerState (FollowerState.java:run(143)) - om1@group-C5BA1605619E-FollowerState: change to CANDIDATE, lastRpcElapsedTime:1120704163ns, electionTimeout:1120ms
2023-05-23 10:27:25,292 [om1@group-C5BA1605619E-FollowerState] INFO  impl.RoleInfo (RoleInfo.java:shutdownFollowerState(110)) - om1: shutdown om1@group-C5BA1605619E-FollowerState
2023-05-23 10:27:25,292 [om1@group-C5BA1605619E-FollowerState] INFO  server.RaftServer$Division (RaftServerImpl.java:setRole(329)) - om1@group-C5BA1605619E: changes role from  FOLLOWER to CANDIDATE at term 0 for changeToCandidate
2023-05-23 10:27:25,292 [om1@group-C5BA1605619E-FollowerState] INFO  server.RaftServerConfigKeys (ConfUtils.java:logGet(46)) - raft.server.leaderelection.pre-vote = true (default)
2023-05-23 10:27:25,292 [om1@group-C5BA1605619E-FollowerState] INFO  impl.RoleInfo (RoleInfo.java:updateAndGet(139)) - om1: start om1@group-C5BA1605619E-LeaderElection43
2023-05-23 10:27:25,298 [om1@group-C5BA1605619E-LeaderElection43] INFO  impl.LeaderElection (LeaderElection.java:askForVotes(321)) - om1@group-C5BA1605619E-LeaderElection43 PRE_VOTE round 0: submit vote requests at term 0 for -1: peers:[om1|rpc:localhost:15199|priority:0|startupRole:FOLLOWER]|listeners:[], old=null
2023-05-23 10:27:25,298 [om1@group-C5BA1605619E-LeaderElection43] INFO  impl.LeaderElection (LeaderElection.java:askForVotes(323)) - om1@group-C5BA1605619E-LeaderElection43 PRE_VOTE round 0: result PASSED (term=0)
2023-05-23 10:27:25,300 [om1@group-C5BA1605619E-LeaderElection43] INFO  impl.LeaderElection (LeaderElection.java:askForVotes(321)) - om1@group-C5BA1605619E-LeaderElection43 ELECTION round 0: submit vote requests at term 1 for -1: peers:[om1|rpc:localhost:15199|priority:0|startupRole:FOLLOWER]|listeners:[], old=null
2023-05-23 10:27:25,300 [om1@group-C5BA1605619E-LeaderElection43] INFO  impl.LeaderElection (LeaderElection.java:askForVotes(323)) - om1@group-C5BA1605619E-LeaderElection43 ELECTION round 0: result PASSED (term=1)
2023-05-23 10:27:25,300 [om1@group-C5BA1605619E-LeaderElection43] INFO  impl.RoleInfo (RoleInfo.java:shutdownLeaderElection(130)) - om1: shutdown om1@group-C5BA1605619E-LeaderElection43
2023-05-23 10:27:25,300 [om1@group-C5BA1605619E-LeaderElection43] INFO  server.RaftServer$Division (RaftServerImpl.java:setRole(329)) - om1@group-C5BA1605619E: changes role from CANDIDATE to LEADER at term 1 for changeToLeader
2023-05-23 10:27:25,300 [om1@group-C5BA1605619E-LeaderElection43] INFO  server.RaftServer$Division (ServerState.java:setLeader(317)) - om1@group-C5BA1605619E: change Leader from null to om1 at term 1 for becomeLeader, leader elected after 1530ms
2023-05-23 10:27:25,301 [om1@group-C5BA1605619E-LeaderElection43] INFO  server.RaftServerConfigKeys (ConfUtils.java:logGet(46)) - raft.server.staging.catchup.gap = 1000 (default)
2023-05-23 10:27:25,301 [om1@group-C5BA1605619E-LeaderElection43] INFO  server.RaftServerConfigKeys (ConfUtils.java:logGet(46)) - raft.server.write.element-limit = 4096 (default)
2023-05-23 10:27:25,301 [om1@group-C5BA1605619E-LeaderElection43] INFO  server.RaftServerConfigKeys (ConfUtils.java:logGet(46)) - raft.server.write.byte-limit = 64MB (=67108864) (default)
2023-05-23 10:27:25,301 [om1@group-C5BA1605619E-LeaderElection43] INFO  server.RaftServerConfigKeys (ConfUtils.java:logGet(46)) - raft.server.watch.timeout = 10s (default)
2023-05-23 10:27:25,301 [om1@group-C5BA1605619E-LeaderElection43] INFO  server.RaftServerConfigKeys (ConfUtils.java:logGet(46)) - raft.server.watch.timeout.denomination = 1s (default)
2023-05-23 10:27:25,301 [om1@group-C5BA1605619E-LeaderElection43] INFO  server.RaftServerConfigKeys (ConfUtils.java:logGet(46)) - raft.server.watch.element-limit = 65536 (default)
2023-05-23 10:27:25,301 [om1@group-C5BA1605619E-LeaderElection43] INFO  server.RaftServerConfigKeys (ConfUtils.java:logGet(46)) - raft.server.write.element-limit = 4096 (default)
2023-05-23 10:27:25,301 [om1@group-C5BA1605619E-LeaderElection43] INFO  server.RaftServerConfigKeys (ConfUtils.java:logGet(46)) - raft.server.write.follower.gap.ratio.max = -1.0 (default)
2023-05-23 10:27:25,301 [om1@group-C5BA1605619E-LeaderElection43] INFO  impl.RoleInfo (RoleInfo.java:updateAndGet(139)) - om1: start om1@group-C5BA1605619E-LeaderStateImpl
2023-05-23 10:27:25,302 [om1@group-C5BA1605619E-LeaderElection43] INFO  segmented.SegmentedRaftLogWorker (SegmentedRaftLogWorker.java:startLogSegment(447)) - om1@group-C5BA1605619E-SegmentedRaftLogWorker: Starting segment from index:0
2023-05-23 10:27:25,317 [om1@group-C5BA1605619E-LeaderElection43] INFO  server.RaftServer$Division (ServerState.java:setRaftConf(434)) - om1@group-C5BA1605619E: set configuration 0: peers:[om1|rpc:localhost:15199|admin:|client:|dataStream:|priority:0|startupRole:FOLLOWER]|listeners:[], old=null
2023-05-23 10:27:25,317 [om1@group-C5BA1605619E-SegmentedRaftLogWorker] INFO  segmented.SegmentedRaftLogWorker (SegmentedRaftLogWorker.java:execute(651)) - om1@group-C5BA1605619E-SegmentedRaftLogWorker: created new log segment /home/runner/work/ozone/ozone/hadoop-ozone/integration-test/target/test-dir/MiniOzoneClusterImpl-1448f794-6d1a-4b49-b7b3-e839f56d4fba/ozone-meta/ratis/bf265839-605b-3f16-9796-c5ba1605619e/current/log_inprogress_0
2023-05-23 10:27:25,318 [om1@group-C5BA1605619E-StateMachineUpdater] INFO  ratis.OzoneManagerStateMachine (OzoneManagerStateMachine.java:notifyConfigurationChanged(201)) - Received Configuration change notification from Ratis. New Peer list:
[id: "om1"
address: "localhost:15199"
startupRole: FOLLOWER
]
2023-05-23 10:27:25,365 [ReplicationMonitor] INFO  replication.ReplicationManager (ReplicationManager.java:processAll(375)) - Replication Manager is not ready to run until 3000ms after safemode exit
2023-05-23 10:27:25,522 [Listener at 127.0.0.1/15196] INFO  handler.ContextHandler (ContextHandler.java:doStart(921)) - Started o.e.j.w.WebAppContext@7225e27d{hddsDatanode,/,file:///home/runner/work/ozone/ozone/hadoop-ozone/integration-test/target/test-dir/MiniOzoneClusterImpl-1448f794-6d1a-4b49-b7b3-e839f56d4fba/datanode-3/meta/webserver/jetty-0_0_0_0-15225-hdds-container-service-1_4_0-SNAPSHOT_jar-_-any-284664907859360853/webapp/,AVAILABLE}{jar:file:/home/runner/.m2/repository/org/apache/ozone/hdds-container-service/1.4.0-SNAPSHOT/hdds-container-service-1.4.0-SNAPSHOT.jar!/webapps/hddsDatanode}
2023-05-23 10:27:25,524 [Listener at 127.0.0.1/15196] INFO  server.AbstractConnector (AbstractConnector.java:doStart(333)) - Started ServerConnector@4a8a3bf2{HTTP/1.1, (http/1.1)}{0.0.0.0:15225}
2023-05-23 10:27:25,524 [Listener at 127.0.0.1/15196] INFO  server.Server (Server.java:doStart(415)) - Started @178576ms
2023-05-23 10:27:25,525 [Listener at 127.0.0.1/15196] WARN  impl.MetricsSystemImpl (MetricsSystemImpl.java:register(279)) - Sink prometheus already exists!
2023-05-23 10:27:25,525 [Listener at 127.0.0.1/15196] INFO  http.BaseHttpServer (BaseHttpServer.java:updateConnectorAddress(344)) - HTTP server of hddsDatanode listening at http://0.0.0.0:15225
2023-05-23 10:27:25,526 [Datanode State Machine Daemon Thread] INFO  statemachine.DatanodeStateMachine (DatanodeStateMachine.java:lambda$startDaemon$0(524)) - Ozone container server started.
2023-05-23 10:27:25,526 [Listener at 127.0.0.1/15196] WARN  impl.MetricRegistriesImpl (MetricRegistriesImpl.java:addReporterRegistration(111)) - New reporters are added after registries were created. Some metrics will be missing from the reporter. Please add reporter before adding any new registry.
2023-05-23 10:27:25,527 [Listener at 127.0.0.1/15196] WARN  impl.MetricRegistriesImpl (MetricRegistriesImpl.java:addReporterRegistration(111)) - New reporters are added after registries were created. Some metrics will be missing from the reporter. Please add reporter before adding any new registry.
2023-05-23 10:27:25,527 [Listener at 127.0.0.1/15196] INFO  impl.MetricsSystemImpl (MetricsSystemImpl.java:init(158)) - HddsDatanode metrics system started (again)
2023-05-23 10:27:25,540 [Listener at 127.0.0.1/15196] INFO  ozone.HddsDatanodeService (HddsDatanodeService.java:start(252)) - HddsDatanodeService host:fv-az1249-304 ip:10.1.0.38
2023-05-23 10:27:25,541 [org.apache.hadoop.util.JvmPauseMonitor$Monitor@75955d85] INFO  util.JvmPauseMonitor (JvmPauseMonitor.java:run(188)) - Starting JVM pause monitor
2023-05-23 10:27:25,546 [Datanode State Machine Task Thread - 0] INFO  datanode.InitDatanodeState (InitDatanodeState.java:persistContainerDatanodeDetails(138)) - DatanodeDetails is persisted to /home/runner/work/ozone/ozone/hadoop-ozone/integration-test/target/test-dir/MiniOzoneClusterImpl-1448f794-6d1a-4b49-b7b3-e839f56d4fba/datanode-3/meta/datanode.id
2023-05-23 10:27:25,567 [Listener at 127.0.0.1/15196] INFO  upgrade.AbstractLayoutVersionManager (AbstractLayoutVersionManager.java:init(83)) - Initializing Layout version manager with metadata layout = WEBUI_PORTS_IN_DATANODEDETAILS (version = 6), software layout = WEBUI_PORTS_IN_DATANODEDETAILS (version = 6)
2023-05-23 10:27:25,567 [Listener at 127.0.0.1/15196] INFO  statemachine.DatanodeStateMachine (DatanodeStateMachine.java:getEndPointTaskThreadPoolSize(267)) - Datanode State Machine Task Thread Pool size 2
2023-05-23 10:27:25,570 [Listener at 127.0.0.1/15196] INFO  volume.HddsVolume (HddsVolume.java:<init>(130)) - Creating HddsVolume: /home/runner/work/ozone/ozone/hadoop-ozone/integration-test/target/test-dir/MiniOzoneClusterImpl-1448f794-6d1a-4b49-b7b3-e839f56d4fba/datanode-4/data-0/containers/hdds of storage type : DISK capacity : 9223372036854775807
2023-05-23 10:27:25,570 [Listener at 127.0.0.1/15196] INFO  volume.MutableVolumeSet (MutableVolumeSet.java:initializeVolumeSet(175)) - Added Volume : /home/runner/work/ozone/ozone/hadoop-ozone/integration-test/target/test-dir/MiniOzoneClusterImpl-1448f794-6d1a-4b49-b7b3-e839f56d4fba/datanode-4/data-0/containers/hdds to VolumeSet
2023-05-23 10:27:25,570 [Listener at 127.0.0.1/15196] INFO  volume.ThrottledAsyncChecker (ThrottledAsyncChecker.java:schedule(141)) - Scheduling a check for /home/runner/work/ozone/ozone/hadoop-ozone/integration-test/target/test-dir/MiniOzoneClusterImpl-1448f794-6d1a-4b49-b7b3-e839f56d4fba/datanode-4/data-0/containers/hdds
2023-05-23 10:27:25,570 [Listener at 127.0.0.1/15196] INFO  volume.StorageVolumeChecker (StorageVolumeChecker.java:checkAllVolumes(202)) - Scheduled health check for volume /home/runner/work/ozone/ozone/hadoop-ozone/integration-test/target/test-dir/MiniOzoneClusterImpl-1448f794-6d1a-4b49-b7b3-e839f56d4fba/datanode-4/data-0/containers/hdds
2023-05-23 10:27:25,587 [Listener at 127.0.0.1/15196] INFO  volume.MutableVolumeSet (MutableVolumeSet.java:initializeVolumeSet(175)) - Added Volume : /home/runner/work/ozone/ozone/hadoop-ozone/integration-test/target/test-dir/MiniOzoneClusterImpl-1448f794-6d1a-4b49-b7b3-e839f56d4fba/datanode-4/data/ratis to VolumeSet
2023-05-23 10:27:25,587 [Listener at 127.0.0.1/15196] INFO  volume.ThrottledAsyncChecker (ThrottledAsyncChecker.java:schedule(141)) - Scheduling a check for /home/runner/work/ozone/ozone/hadoop-ozone/integration-test/target/test-dir/MiniOzoneClusterImpl-1448f794-6d1a-4b49-b7b3-e839f56d4fba/datanode-4/data/ratis
2023-05-23 10:27:25,587 [Listener at 127.0.0.1/15196] INFO  volume.StorageVolumeChecker (StorageVolumeChecker.java:checkAllVolumes(202)) - Scheduled health check for volume /home/runner/work/ozone/ozone/hadoop-ozone/integration-test/target/test-dir/MiniOzoneClusterImpl-1448f794-6d1a-4b49-b7b3-e839f56d4fba/datanode-4/data/ratis
2023-05-23 10:27:25,599 [Thread-2493] INFO  ozoneimpl.ContainerReader (ContainerReader.java:readVolume(175)) - Finish verifying containers on volume /home/runner/work/ozone/ozone/hadoop-ozone/integration-test/target/test-dir/MiniOzoneClusterImpl-1448f794-6d1a-4b49-b7b3-e839f56d4fba/datanode-4/data-0/containers/hdds
2023-05-23 10:27:25,599 [Listener at 127.0.0.1/15196] INFO  ozoneimpl.OzoneContainer (OzoneContainer.java:buildContainerSet(303)) - Build ContainerSet costs 0s
2023-05-23 10:27:25,601 [Listener at 127.0.0.1/15196] INFO  server.RaftServer (ConfUtils.java:logGet(46)) - raft.rpc.type = GRPC (default)
2023-05-23 10:27:25,602 [Listener at 127.0.0.1/15196] INFO  grpc.GrpcConfigKeys (ConfUtils.java:logFallback(53)) - raft.grpc.admin.host = null (fallback to raft.grpc.server.host)
2023-05-23 10:27:25,602 [Listener at 127.0.0.1/15196] INFO  grpc.GrpcConfigKeys (ConfUtils.java:logGet(46)) - raft.grpc.admin.port = 15236 (custom)
2023-05-23 10:27:25,602 [Listener at 127.0.0.1/15196] INFO  grpc.GrpcConfigKeys (ConfUtils.java:logFallback(53)) - raft.grpc.client.host = null (fallback to raft.grpc.server.host)
2023-05-23 10:27:25,602 [Listener at 127.0.0.1/15196] INFO  grpc.GrpcConfigKeys (ConfUtils.java:logGet(46)) - raft.grpc.client.port = 15235 (custom)
2023-05-23 10:27:25,602 [Listener at 127.0.0.1/15196] INFO  grpc.GrpcConfigKeys (ConfUtils.java:logGet(46)) - raft.grpc.server.host = null (default)
2023-05-23 10:27:25,602 [Listener at 127.0.0.1/15196] INFO  grpc.GrpcConfigKeys (ConfUtils.java:logGet(46)) - raft.grpc.server.port = 15237 (custom)
2023-05-23 10:27:25,602 [Listener at 127.0.0.1/15196] INFO  server.GrpcService (ConfUtils.java:logGet(46)) - raft.grpc.message.size.max = 32MB (=33554432) (custom)
2023-05-23 10:27:25,602 [Listener at 127.0.0.1/15196] INFO  server.RaftServerConfigKeys (ConfUtils.java:logGet(46)) - raft.server.log.appender.buffer.byte-limit = 33554432 (custom)
2023-05-23 10:27:25,602 [Listener at 127.0.0.1/15196] INFO  server.GrpcService (ConfUtils.java:logGet(46)) - raft.grpc.flow.control.window = 5MB (=5242880) (custom)
2023-05-23 10:27:25,602 [Listener at 127.0.0.1/15196] INFO  server.RaftServerConfigKeys (ConfUtils.java:logGet(46)) - raft.server.rpc.request.timeout = 60s (custom)
2023-05-23 10:27:25,602 [Listener at 127.0.0.1/15196] INFO  grpc.GrpcConfigKeys (ConfUtils.java:logGet(46)) - raft.grpc.server.heartbeat.channel = true (default)
2023-05-23 10:27:25,602 [Listener at 127.0.0.1/15196] INFO  grpc.GrpcConfigKeys (ConfUtils.java:logGet(46)) - raft.grpc.server.async.request.thread.pool.cached = true (default)
2023-05-23 10:27:25,602 [Listener at 127.0.0.1/15196] INFO  grpc.GrpcConfigKeys (ConfUtils.java:logGet(46)) - raft.grpc.server.async.request.thread.pool.size = 32 (default)
2023-05-23 10:27:25,606 [Listener at 127.0.0.1/15196] INFO  impl.DataStreamServerImpl (ConfUtils.java:logGet(46)) - raft.datastream.type = NETTY (custom)
2023-05-23 10:27:25,606 [Listener at 127.0.0.1/15196] INFO  server.RaftServerConfigKeys (ConfUtils.java:logGet(46)) - raft.server.data-stream.async.request.thread.pool.cached = false (default)
2023-05-23 10:27:25,606 [Listener at 127.0.0.1/15196] INFO  server.RaftServerConfigKeys (ConfUtils.java:logGet(46)) - raft.server.data-stream.async.request.thread.pool.size = 20 (custom)
2023-05-23 10:27:25,606 [Listener at 127.0.0.1/15196] INFO  server.RaftServerConfigKeys (ConfUtils.java:logGet(46)) - raft.server.data-stream.async.write.thread.pool.size = 16 (default)
2023-05-23 10:27:25,610 [Listener at 127.0.0.1/15196] INFO  server.RaftServerConfigKeys (ConfUtils.java:logGet(46)) - raft.server.data-stream.client.pool.size = 10 (default)
2023-05-23 10:27:25,610 [Listener at 127.0.0.1/15196] INFO  netty.NettyConfigKeys$DataStream (ConfUtils.java:logGet(46)) - raft.netty.dataStream.server.use-epoll = false (default)
2023-05-23 10:27:25,611 [Listener at 127.0.0.1/15196] INFO  netty.NettyConfigKeys$DataStream (ConfUtils.java:logGet(46)) - raft.netty.dataStream.server.boss-group.size = 0 (default)
2023-05-23 10:27:25,611 [Listener at 127.0.0.1/15196] INFO  netty.NettyConfigKeys$DataStream (ConfUtils.java:logGet(46)) - raft.netty.dataStream.server.worker-group.size = 0 (default)
2023-05-23 10:27:25,612 [Listener at 127.0.0.1/15196] INFO  netty.NettyConfigKeys$DataStream (ConfUtils.java:logGet(46)) - raft.netty.dataStream.server.tls.conf = null (default)
2023-05-23 10:27:25,612 [Listener at 127.0.0.1/15196] INFO  netty.NettyConfigKeys$DataStream (ConfUtils.java:logGet(46)) - raft.netty.dataStream.host = null (default)
2023-05-23 10:27:25,612 [Listener at 127.0.0.1/15196] INFO  netty.NettyConfigKeys$DataStream (ConfUtils.java:logGet(46)) - raft.netty.dataStream.port = 15238 (custom)
2023-05-23 10:27:25,612 [Listener at 127.0.0.1/15196] INFO  server.RaftServerConfigKeys (ConfUtils.java:logGet(46)) - raft.server.threadpool.proxy.cached = true (default)
2023-05-23 10:27:25,612 [Listener at 127.0.0.1/15196] INFO  server.RaftServerConfigKeys (ConfUtils.java:logGet(46)) - raft.server.threadpool.proxy.size = 0 (default)
2023-05-23 10:27:25,612 [Listener at 127.0.0.1/15196] INFO  server.RaftServerConfigKeys (ConfUtils.java:logGet(46)) - raft.server.rpc.slowness.timeout = 300s (custom)
2023-05-23 10:27:25,613 [Listener at 127.0.0.1/15196] INFO  server.RaftServerConfigKeys (ConfUtils.java:logGet(46)) - raft.server.leaderelection.leader.step-down.wait-time = 10s (default)
2023-05-23 10:27:25,613 [Listener at 127.0.0.1/15196] INFO  server.RaftServerConfigKeys (ConfUtils.java:logGet(46)) - raft.server.storage.dir = [/home/runner/work/ozone/ozone/hadoop-ozone/integration-test/target/test-dir/MiniOzoneClusterImpl-1448f794-6d1a-4b49-b7b3-e839f56d4fba/datanode-4/data/ratis] (custom)
2023-05-23 10:27:25,613 [e2ddfef6-1e3c-4407-91fd-4f310f7b7654-NettyServerStreamRpc-bossGroup--thread1] INFO  logging.LoggingHandler (AbstractInternalLogger.java:log(148)) - [id: 0xfd4886be] REGISTERED
2023-05-23 10:27:25,613 [e2ddfef6-1e3c-4407-91fd-4f310f7b7654-NettyServerStreamRpc-bossGroup--thread1] INFO  logging.LoggingHandler (AbstractInternalLogger.java:log(148)) - [id: 0xfd4886be] BIND: 0.0.0.0/0.0.0.0:15238
2023-05-23 10:27:25,613 [e2ddfef6-1e3c-4407-91fd-4f310f7b7654-NettyServerStreamRpc-bossGroup--thread1] INFO  logging.LoggingHandler (AbstractInternalLogger.java:log(148)) - [id: 0xfd4886be, L:/0:0:0:0:0:0:0:0:15238] ACTIVE
2023-05-23 10:27:25,618 [Listener at 127.0.0.1/15196] INFO  server.XceiverServerGrpc (XceiverServerGrpc.java:<init>(132)) - GrpcServer channel type EpollServerSocketChannel
2023-05-23 10:27:25,619 [Listener at 127.0.0.1/15196] INFO  replication.ReplicationSupervisor (ReplicationSupervisor.java:nodeStateUpdated(296)) - Node state updated to IN_SERVICE, scaling executor pool size to 10
2023-05-23 10:27:25,622 [Listener at 127.0.0.1/15196] INFO  http.BaseHttpServer (BaseHttpServer.java:newHttpServer2BuilderForOzone(224)) - Starting Web-server for hddsDatanode at: http://0.0.0.0:15233
2023-05-23 10:27:25,622 [Listener at 127.0.0.1/15196] INFO  http.BaseHttpServer (BaseHttpServer.java:<init>(111)) - Hadoop Security Enabled: false Ozone Security Enabled: false Ozone HTTP Security Enabled: false 
2023-05-23 10:27:25,623 [Listener at 127.0.0.1/15196] WARN  server.AuthenticationFilter (AuthenticationFilter.java:constructSecretProvider(240)) - Unable to initialize FileSignerSecretProvider, falling back to use random secrets. Reason: Could not read signature secret file: /home/runner/hadoop-http-auth-signature-secret
2023-05-23 10:27:25,623 [Listener at 127.0.0.1/15196] INFO  http.HttpRequestLog (HttpRequestLog.java:getRequestLog(86)) - Http request log for http.requests.hddsDatanode is not defined
2023-05-23 10:27:25,624 [Listener at 127.0.0.1/15196] INFO  http.HttpServer2 (HttpServer2.java:addGlobalFilter(1031)) - Added global filter 'safety' (class=org.apache.hadoop.hdds.server.http.HttpServer2$QuotingInputFilter)
2023-05-23 10:27:25,625 [Listener at 127.0.0.1/15196] INFO  http.HttpServer2 (HttpServer2.java:addFilter(1007)) - Added filter static_user_filter (class=org.apache.hadoop.http.lib.StaticUserWebFilter$StaticUserFilter) to context hddsDatanode
2023-05-23 10:27:25,625 [Listener at 127.0.0.1/15196] INFO  http.HttpServer2 (HttpServer2.java:addFilter(1015)) - Added filter static_user_filter (class=org.apache.hadoop.http.lib.StaticUserWebFilter$StaticUserFilter) to context logs
2023-05-23 10:27:25,625 [Listener at 127.0.0.1/15196] INFO  http.HttpServer2 (HttpServer2.java:addFilter(1015)) - Added filter static_user_filter (class=org.apache.hadoop.http.lib.StaticUserWebFilter$StaticUserFilter) to context static
2023-05-23 10:27:25,625 [Listener at 127.0.0.1/15196] INFO  http.BaseHttpServer (BaseHttpServer.java:<init>(190)) - HTTP server of hddsDatanode uses base directory /home/runner/work/ozone/ozone/hadoop-ozone/integration-test/target/test-dir/MiniOzoneClusterImpl-1448f794-6d1a-4b49-b7b3-e839f56d4fba/datanode-4/meta/webserver
2023-05-23 10:27:25,626 [Listener at 127.0.0.1/15196] INFO  http.HttpServer2 (HttpServer2.java:bindListener(1250)) - Jetty bound to port 15233
2023-05-23 10:27:25,626 [Listener at 127.0.0.1/15196] INFO  server.Server (Server.java:doStart(375)) - jetty-9.4.51.v20230217; built: 2023-02-17T08:19:37.309Z; git: b45c405e4544384de066f814ed42ae3dceacdd49; jvm 1.8.0_362-b09
2023-05-23 10:27:25,627 [Listener at 127.0.0.1/15196] INFO  server.session (DefaultSessionIdManager.java:doStart(334)) - DefaultSessionIdManager workerName=node0
2023-05-23 10:27:25,627 [Listener at 127.0.0.1/15196] INFO  server.session (DefaultSessionIdManager.java:doStart(339)) - No SessionScavenger set, using defaults
2023-05-23 10:27:25,627 [Listener at 127.0.0.1/15196] INFO  server.session (HouseKeeper.java:startScavenging(132)) - node0 Scavenging every 600000ms
2023-05-23 10:27:25,628 [Listener at 127.0.0.1/15196] INFO  handler.ContextHandler (ContextHandler.java:doStart(921)) - Started o.e.j.s.ServletContextHandler@72ac22b7{logs,/logs,file:///home/runner/work/ozone/ozone/hadoop-ozone/integration-test/target/log,AVAILABLE}
2023-05-23 10:27:25,628 [Listener at 127.0.0.1/15196] INFO  handler.ContextHandler (ContextHandler.java:doStart(921)) - Started o.e.j.s.ServletContextHandler@4322d3fd{static,/static,jar:file:/home/runner/.m2/repository/org/apache/ozone/hdds-container-service/1.4.0-SNAPSHOT/hdds-container-service-1.4.0-SNAPSHOT.jar!/webapps/static,AVAILABLE}
2023-05-23 10:27:25,851 [Listener at 127.0.0.1/15196] INFO  handler.ContextHandler (ContextHandler.java:doStart(921)) - Started o.e.j.w.WebAppContext@28bddfda{hddsDatanode,/,file:///home/runner/work/ozone/ozone/hadoop-ozone/integration-test/target/test-dir/MiniOzoneClusterImpl-1448f794-6d1a-4b49-b7b3-e839f56d4fba/datanode-4/meta/webserver/jetty-0_0_0_0-15233-hdds-container-service-1_4_0-SNAPSHOT_jar-_-any-3203050281818411196/webapp/,AVAILABLE}{jar:file:/home/runner/.m2/repository/org/apache/ozone/hdds-container-service/1.4.0-SNAPSHOT/hdds-container-service-1.4.0-SNAPSHOT.jar!/webapps/hddsDatanode}
2023-05-23 10:27:25,853 [Listener at 127.0.0.1/15196] INFO  server.AbstractConnector (AbstractConnector.java:doStart(333)) - Started ServerConnector@7a414faa{HTTP/1.1, (http/1.1)}{0.0.0.0:15233}
2023-05-23 10:27:25,853 [Listener at 127.0.0.1/15196] INFO  server.Server (Server.java:doStart(415)) - Started @178905ms
2023-05-23 10:27:25,853 [Listener at 127.0.0.1/15196] WARN  impl.MetricsSystemImpl (MetricsSystemImpl.java:register(279)) - Sink prometheus already exists!
2023-05-23 10:27:25,853 [Listener at 127.0.0.1/15196] INFO  http.BaseHttpServer (BaseHttpServer.java:updateConnectorAddress(344)) - HTTP server of hddsDatanode listening at http://0.0.0.0:15233
2023-05-23 10:27:25,854 [Datanode State Machine Daemon Thread] INFO  statemachine.DatanodeStateMachine (DatanodeStateMachine.java:lambda$startDaemon$0(524)) - Ozone container server started.
2023-05-23 10:27:25,854 [Listener at 127.0.0.1/15196] INFO  ozone.MiniOzoneClusterImpl (MiniOzoneClusterImpl.java:lambda$waitForClusterToBeReady$0(222)) - Waiting for nodes to be ready. Got 0 of 5 DN Heartbeats.
2023-05-23 10:27:25,862 [Listener at 127.0.0.1/15196] INFO  ozone.MiniOzoneClusterImpl (MiniOzoneClusterImpl.java:lambda$waitForClusterToBeReady$0(225)) - Waiting for cluster to exit safe mode
2023-05-23 10:27:25,862 [Listener at 127.0.0.1/15196] INFO  ozone.MiniOzoneClusterImpl (MiniOzoneClusterImpl.java:lambda$waitForClusterToBeReady$0(227)) - SCM became leader
2023-05-23 10:27:25,863 [org.apache.hadoop.util.JvmPauseMonitor$Monitor@3ee389b1] INFO  util.JvmPauseMonitor (JvmPauseMonitor.java:run(188)) - Starting JVM pause monitor
2023-05-23 10:27:25,864 [Datanode State Machine Task Thread - 0] INFO  datanode.InitDatanodeState (InitDatanodeState.java:persistContainerDatanodeDetails(138)) - DatanodeDetails is persisted to /home/runner/work/ozone/ozone/hadoop-ozone/integration-test/target/test-dir/MiniOzoneClusterImpl-1448f794-6d1a-4b49-b7b3-e839f56d4fba/datanode-4/meta/datanode.id
2023-05-23 10:27:26,365 [ReplicationMonitor] INFO  replication.ReplicationManager (ReplicationManager.java:processAll(375)) - Replication Manager is not ready to run until 3000ms after safemode exit
2023-05-23 10:27:26,591 [EndpointStateMachine task thread for /0.0.0.0:15194 - 0 ] INFO  utils.DatanodeStoreCache (DatanodeStoreCache.java:addDB(66)) - Added db /home/runner/work/ozone/ozone/hadoop-ozone/integration-test/target/test-dir/MiniOzoneClusterImpl-1448f794-6d1a-4b49-b7b3-e839f56d4fba/datanode-0/data-0/containers/hdds/1448f794-6d1a-4b49-b7b3-e839f56d4fba/DS-0e3e776a-dae2-4e1b-b913-cf2271425593/container.db to cache
2023-05-23 10:27:26,591 [EndpointStateMachine task thread for /0.0.0.0:15194 - 0 ] INFO  volume.HddsVolume (HddsVolume.java:createDbStore(350)) - SchemaV3 db is created and loaded at /home/runner/work/ozone/ozone/hadoop-ozone/integration-test/target/test-dir/MiniOzoneClusterImpl-1448f794-6d1a-4b49-b7b3-e839f56d4fba/datanode-0/data-0/containers/hdds/1448f794-6d1a-4b49-b7b3-e839f56d4fba/DS-0e3e776a-dae2-4e1b-b913-cf2271425593/container.db for volume DS-0e3e776a-dae2-4e1b-b913-cf2271425593
2023-05-23 10:27:26,592 [EndpointStateMachine task thread for /0.0.0.0:15194 - 0 ] INFO  ozoneimpl.OzoneContainer (OzoneContainer.java:start(397)) - Attempting to start container services.
2023-05-23 10:27:26,592 [EndpointStateMachine task thread for /0.0.0.0:15194 - 0 ] INFO  ozoneimpl.OzoneContainer (OzoneContainer.java:startContainerScrub(314)) - Scheduled background container scanners and the on-demand container scanner have been disabled.
2023-05-23 10:27:26,594 [EndpointStateMachine task thread for /0.0.0.0:15194 - 0 ] INFO  replication.ReplicationServer (ReplicationServer.java:start(128)) - ReplicationServer is started using port 15207
2023-05-23 10:27:26,594 [EndpointStateMachine task thread for /0.0.0.0:15194 - 0 ] INFO  ratis.XceiverServerRatis (XceiverServerRatis.java:start(517)) - Starting XceiverServerRatis fad86c32-67f1-4b6d-b48a-d8941e8b4fba
2023-05-23 10:27:26,596 [EndpointStateMachine task thread for /0.0.0.0:15194 - 0 ] INFO  server.RaftServer (RaftServerProxy.java:startImpl(400)) - fad86c32-67f1-4b6d-b48a-d8941e8b4fba: start RPC server
2023-05-23 10:27:26,597 [EndpointStateMachine task thread for /0.0.0.0:15194 - 0 ] INFO  server.GrpcService (GrpcService.java:startImpl(302)) - fad86c32-67f1-4b6d-b48a-d8941e8b4fba: GrpcService started, listening on 15203
2023-05-23 10:27:26,599 [EndpointStateMachine task thread for /0.0.0.0:15194 - 0 ] INFO  server.GrpcService (GrpcService.java:startImpl(302)) - fad86c32-67f1-4b6d-b48a-d8941e8b4fba: GrpcService started, listening on 15205
2023-05-23 10:27:26,600 [EndpointStateMachine task thread for /0.0.0.0:15194 - 0 ] INFO  server.GrpcService (GrpcService.java:startImpl(302)) - fad86c32-67f1-4b6d-b48a-d8941e8b4fba: GrpcService started, listening on 15204
2023-05-23 10:27:26,600 [EndpointStateMachine task thread for /0.0.0.0:15194 - 0 ] INFO  ratis.XceiverServerRatis (XceiverServerRatis.java:getRealPort(543)) - XceiverServerRatis fad86c32-67f1-4b6d-b48a-d8941e8b4fba is started using port 15203 for RATIS
2023-05-23 10:27:26,600 [EndpointStateMachine task thread for /0.0.0.0:15194 - 0 ] INFO  ratis.XceiverServerRatis (XceiverServerRatis.java:getRealPort(543)) - XceiverServerRatis fad86c32-67f1-4b6d-b48a-d8941e8b4fba is started using port 15204 for RATIS_ADMIN
2023-05-23 10:27:26,600 [JvmPauseMonitor25] INFO  util.JvmPauseMonitor (JvmPauseMonitor.java:run(103)) - JvmPauseMonitor-fad86c32-67f1-4b6d-b48a-d8941e8b4fba: Started
2023-05-23 10:27:26,600 [EndpointStateMachine task thread for /0.0.0.0:15194 - 0 ] INFO  ratis.XceiverServerRatis (XceiverServerRatis.java:getRealPort(543)) - XceiverServerRatis fad86c32-67f1-4b6d-b48a-d8941e8b4fba is started using port 15205 for RATIS_SERVER
2023-05-23 10:27:26,601 [EndpointStateMachine task thread for /0.0.0.0:15194 - 0 ] INFO  ratis.XceiverServerRatis (XceiverServerRatis.java:getRealPort(543)) - XceiverServerRatis fad86c32-67f1-4b6d-b48a-d8941e8b4fba is started using port 15206 for RATIS_DATASTREAM
2023-05-23 10:27:26,602 [BlockDeletingService#0] INFO  interfaces.ContainerDeletionChoosingPolicyTemplate (ContainerDeletionChoosingPolicyTemplate.java:chooseContainerForBlockDeletion(83)) - Chosen 0/5000 blocks from 0 candidate containers.
2023-05-23 10:27:26,862 [Listener at 127.0.0.1/15196] INFO  ozone.MiniOzoneClusterImpl (MiniOzoneClusterImpl.java:lambda$waitForClusterToBeReady$0(222)) - Waiting for nodes to be ready. Got 0 of 5 DN Heartbeats.
2023-05-23 10:27:26,862 [Listener at 127.0.0.1/15196] INFO  ozone.MiniOzoneClusterImpl (MiniOzoneClusterImpl.java:lambda$waitForClusterToBeReady$0(225)) - Waiting for cluster to exit safe mode
2023-05-23 10:27:26,862 [Listener at 127.0.0.1/15196] INFO  ozone.MiniOzoneClusterImpl (MiniOzoneClusterImpl.java:lambda$waitForClusterToBeReady$0(227)) - SCM became leader
2023-05-23 10:27:26,911 [EndpointStateMachine task thread for /0.0.0.0:15194 - 0 ] INFO  utils.DatanodeStoreCache (DatanodeStoreCache.java:addDB(66)) - Added db /home/runner/work/ozone/ozone/hadoop-ozone/integration-test/target/test-dir/MiniOzoneClusterImpl-1448f794-6d1a-4b49-b7b3-e839f56d4fba/datanode-1/data-0/containers/hdds/1448f794-6d1a-4b49-b7b3-e839f56d4fba/DS-769727ae-ca82-4514-9e6b-d7c55e66922a/container.db to cache
2023-05-23 10:27:26,911 [EndpointStateMachine task thread for /0.0.0.0:15194 - 0 ] INFO  volume.HddsVolume (HddsVolume.java:createDbStore(350)) - SchemaV3 db is created and loaded at /home/runner/work/ozone/ozone/hadoop-ozone/integration-test/target/test-dir/MiniOzoneClusterImpl-1448f794-6d1a-4b49-b7b3-e839f56d4fba/datanode-1/data-0/containers/hdds/1448f794-6d1a-4b49-b7b3-e839f56d4fba/DS-769727ae-ca82-4514-9e6b-d7c55e66922a/container.db for volume DS-769727ae-ca82-4514-9e6b-d7c55e66922a
2023-05-23 10:27:26,912 [EndpointStateMachine task thread for /0.0.0.0:15194 - 0 ] INFO  ozoneimpl.OzoneContainer (OzoneContainer.java:start(397)) - Attempting to start container services.
2023-05-23 10:27:26,912 [EndpointStateMachine task thread for /0.0.0.0:15194 - 0 ] INFO  ozoneimpl.OzoneContainer (OzoneContainer.java:startContainerScrub(314)) - Scheduled background container scanners and the on-demand container scanner have been disabled.
2023-05-23 10:27:26,913 [EndpointStateMachine task thread for /0.0.0.0:15194 - 0 ] INFO  replication.ReplicationServer (ReplicationServer.java:start(128)) - ReplicationServer is started using port 15215
2023-05-23 10:27:26,913 [EndpointStateMachine task thread for /0.0.0.0:15194 - 0 ] INFO  ratis.XceiverServerRatis (XceiverServerRatis.java:start(517)) - Starting XceiverServerRatis 8252e408-c982-4bc9-a7b5-c82dcdf99b6f
2023-05-23 10:27:26,914 [EndpointStateMachine task thread for /0.0.0.0:15194 - 0 ] INFO  server.RaftServer (RaftServerProxy.java:startImpl(400)) - 8252e408-c982-4bc9-a7b5-c82dcdf99b6f: start RPC server
2023-05-23 10:27:26,918 [EndpointStateMachine task thread for /0.0.0.0:15194 - 0 ] INFO  server.GrpcService (GrpcService.java:startImpl(302)) - 8252e408-c982-4bc9-a7b5-c82dcdf99b6f: GrpcService started, listening on 15211
2023-05-23 10:27:26,920 [EndpointStateMachine task thread for /0.0.0.0:15194 - 0 ] INFO  server.GrpcService (GrpcService.java:startImpl(302)) - 8252e408-c982-4bc9-a7b5-c82dcdf99b6f: GrpcService started, listening on 15213
2023-05-23 10:27:26,921 [EndpointStateMachine task thread for /0.0.0.0:15194 - 0 ] INFO  server.GrpcService (GrpcService.java:startImpl(302)) - 8252e408-c982-4bc9-a7b5-c82dcdf99b6f: GrpcService started, listening on 15212
2023-05-23 10:27:26,921 [EndpointStateMachine task thread for /0.0.0.0:15194 - 0 ] INFO  ratis.XceiverServerRatis (XceiverServerRatis.java:getRealPort(543)) - XceiverServerRatis 8252e408-c982-4bc9-a7b5-c82dcdf99b6f is started using port 15211 for RATIS
2023-05-23 10:27:26,921 [EndpointStateMachine task thread for /0.0.0.0:15194 - 0 ] INFO  ratis.XceiverServerRatis (XceiverServerRatis.java:getRealPort(543)) - XceiverServerRatis 8252e408-c982-4bc9-a7b5-c82dcdf99b6f is started using port 15212 for RATIS_ADMIN
2023-05-23 10:27:26,921 [JvmPauseMonitor26] INFO  util.JvmPauseMonitor (JvmPauseMonitor.java:run(103)) - JvmPauseMonitor-8252e408-c982-4bc9-a7b5-c82dcdf99b6f: Started
2023-05-23 10:27:26,921 [EndpointStateMachine task thread for /0.0.0.0:15194 - 0 ] INFO  ratis.XceiverServerRatis (XceiverServerRatis.java:getRealPort(543)) - XceiverServerRatis 8252e408-c982-4bc9-a7b5-c82dcdf99b6f is started using port 15213 for RATIS_SERVER
2023-05-23 10:27:26,921 [EndpointStateMachine task thread for /0.0.0.0:15194 - 0 ] INFO  ratis.XceiverServerRatis (XceiverServerRatis.java:getRealPort(543)) - XceiverServerRatis 8252e408-c982-4bc9-a7b5-c82dcdf99b6f is started using port 15214 for RATIS_DATASTREAM
2023-05-23 10:27:26,929 [BlockDeletingService#0] INFO  interfaces.ContainerDeletionChoosingPolicyTemplate (ContainerDeletionChoosingPolicyTemplate.java:chooseContainerForBlockDeletion(83)) - Chosen 0/5000 blocks from 0 candidate containers.
2023-05-23 10:27:27,252 [EndpointStateMachine task thread for /0.0.0.0:15194 - 0 ] INFO  utils.DatanodeStoreCache (DatanodeStoreCache.java:addDB(66)) - Added db /home/runner/work/ozone/ozone/hadoop-ozone/integration-test/target/test-dir/MiniOzoneClusterImpl-1448f794-6d1a-4b49-b7b3-e839f56d4fba/datanode-2/data-0/containers/hdds/1448f794-6d1a-4b49-b7b3-e839f56d4fba/DS-5c721517-4486-417f-9592-06b9ea74e557/container.db to cache
2023-05-23 10:27:27,252 [EndpointStateMachine task thread for /0.0.0.0:15194 - 0 ] INFO  volume.HddsVolume (HddsVolume.java:createDbStore(350)) - SchemaV3 db is created and loaded at /home/runner/work/ozone/ozone/hadoop-ozone/integration-test/target/test-dir/MiniOzoneClusterImpl-1448f794-6d1a-4b49-b7b3-e839f56d4fba/datanode-2/data-0/containers/hdds/1448f794-6d1a-4b49-b7b3-e839f56d4fba/DS-5c721517-4486-417f-9592-06b9ea74e557/container.db for volume DS-5c721517-4486-417f-9592-06b9ea74e557
2023-05-23 10:27:27,252 [EndpointStateMachine task thread for /0.0.0.0:15194 - 0 ] INFO  ozoneimpl.OzoneContainer (OzoneContainer.java:start(397)) - Attempting to start container services.
2023-05-23 10:27:27,252 [EndpointStateMachine task thread for /0.0.0.0:15194 - 0 ] INFO  ozoneimpl.OzoneContainer (OzoneContainer.java:startContainerScrub(314)) - Scheduled background container scanners and the on-demand container scanner have been disabled.
2023-05-23 10:27:27,254 [EndpointStateMachine task thread for /0.0.0.0:15194 - 0 ] INFO  replication.ReplicationServer (ReplicationServer.java:start(128)) - ReplicationServer is started using port 15223
2023-05-23 10:27:27,254 [EndpointStateMachine task thread for /0.0.0.0:15194 - 0 ] INFO  ratis.XceiverServerRatis (XceiverServerRatis.java:start(517)) - Starting XceiverServerRatis 85fe1515-2b71-4688-862a-26af69046f00
2023-05-23 10:27:27,254 [EndpointStateMachine task thread for /0.0.0.0:15194 - 0 ] INFO  server.RaftServer (RaftServerProxy.java:startImpl(400)) - 85fe1515-2b71-4688-862a-26af69046f00: start RPC server
2023-05-23 10:27:27,255 [EndpointStateMachine task thread for /0.0.0.0:15194 - 0 ] INFO  server.GrpcService (GrpcService.java:startImpl(302)) - 85fe1515-2b71-4688-862a-26af69046f00: GrpcService started, listening on 15219
2023-05-23 10:27:27,256 [EndpointStateMachine task thread for /0.0.0.0:15194 - 0 ] INFO  server.GrpcService (GrpcService.java:startImpl(302)) - 85fe1515-2b71-4688-862a-26af69046f00: GrpcService started, listening on 15221
2023-05-23 10:27:27,261 [EndpointStateMachine task thread for /0.0.0.0:15194 - 0 ] INFO  server.GrpcService (GrpcService.java:startImpl(302)) - 85fe1515-2b71-4688-862a-26af69046f00: GrpcService started, listening on 15220
2023-05-23 10:27:27,265 [EndpointStateMachine task thread for /0.0.0.0:15194 - 0 ] INFO  ratis.XceiverServerRatis (XceiverServerRatis.java:getRealPort(543)) - XceiverServerRatis 85fe1515-2b71-4688-862a-26af69046f00 is started using port 15219 for RATIS
2023-05-23 10:27:27,265 [EndpointStateMachine task thread for /0.0.0.0:15194 - 0 ] INFO  ratis.XceiverServerRatis (XceiverServerRatis.java:getRealPort(543)) - XceiverServerRatis 85fe1515-2b71-4688-862a-26af69046f00 is started using port 15220 for RATIS_ADMIN
2023-05-23 10:27:27,265 [EndpointStateMachine task thread for /0.0.0.0:15194 - 0 ] INFO  ratis.XceiverServerRatis (XceiverServerRatis.java:getRealPort(543)) - XceiverServerRatis 85fe1515-2b71-4688-862a-26af69046f00 is started using port 15221 for RATIS_SERVER
2023-05-23 10:27:27,265 [EndpointStateMachine task thread for /0.0.0.0:15194 - 0 ] INFO  ratis.XceiverServerRatis (XceiverServerRatis.java:getRealPort(543)) - XceiverServerRatis 85fe1515-2b71-4688-862a-26af69046f00 is started using port 15222 for RATIS_DATASTREAM
2023-05-23 10:27:27,265 [JvmPauseMonitor27] INFO  util.JvmPauseMonitor (JvmPauseMonitor.java:run(103)) - JvmPauseMonitor-85fe1515-2b71-4688-862a-26af69046f00: Started
2023-05-23 10:27:27,270 [BlockDeletingService#0] INFO  interfaces.ContainerDeletionChoosingPolicyTemplate (ContainerDeletionChoosingPolicyTemplate.java:chooseContainerForBlockDeletion(83)) - Chosen 0/5000 blocks from 0 candidate containers.
2023-05-23 10:27:27,366 [ReplicationMonitor] INFO  replication.ReplicationManager (ReplicationManager.java:processAll(375)) - Replication Manager is not ready to run until 3000ms after safemode exit
2023-05-23 10:27:27,581 [EndpointStateMachine task thread for /0.0.0.0:15194 - 0 ] INFO  utils.DatanodeStoreCache (DatanodeStoreCache.java:addDB(66)) - Added db /home/runner/work/ozone/ozone/hadoop-ozone/integration-test/target/test-dir/MiniOzoneClusterImpl-1448f794-6d1a-4b49-b7b3-e839f56d4fba/datanode-3/data-0/containers/hdds/1448f794-6d1a-4b49-b7b3-e839f56d4fba/DS-e582ba44-268a-42ab-be84-a6c7d5fda64b/container.db to cache
2023-05-23 10:27:27,582 [EndpointStateMachine task thread for /0.0.0.0:15194 - 0 ] INFO  volume.HddsVolume (HddsVolume.java:createDbStore(350)) - SchemaV3 db is created and loaded at /home/runner/work/ozone/ozone/hadoop-ozone/integration-test/target/test-dir/MiniOzoneClusterImpl-1448f794-6d1a-4b49-b7b3-e839f56d4fba/datanode-3/data-0/containers/hdds/1448f794-6d1a-4b49-b7b3-e839f56d4fba/DS-e582ba44-268a-42ab-be84-a6c7d5fda64b/container.db for volume DS-e582ba44-268a-42ab-be84-a6c7d5fda64b
2023-05-23 10:27:27,582 [EndpointStateMachine task thread for /0.0.0.0:15194 - 0 ] INFO  ozoneimpl.OzoneContainer (OzoneContainer.java:start(397)) - Attempting to start container services.
2023-05-23 10:27:27,582 [EndpointStateMachine task thread for /0.0.0.0:15194 - 0 ] INFO  ozoneimpl.OzoneContainer (OzoneContainer.java:startContainerScrub(314)) - Scheduled background container scanners and the on-demand container scanner have been disabled.
2023-05-23 10:27:27,585 [EndpointStateMachine task thread for /0.0.0.0:15194 - 0 ] INFO  replication.ReplicationServer (ReplicationServer.java:start(128)) - ReplicationServer is started using port 15231
2023-05-23 10:27:27,585 [EndpointStateMachine task thread for /0.0.0.0:15194 - 0 ] INFO  ratis.XceiverServerRatis (XceiverServerRatis.java:start(517)) - Starting XceiverServerRatis c218ba02-a349-461c-9b33-7224d749d428
2023-05-23 10:27:27,586 [EndpointStateMachine task thread for /0.0.0.0:15194 - 0 ] INFO  server.RaftServer (RaftServerProxy.java:startImpl(400)) - c218ba02-a349-461c-9b33-7224d749d428: start RPC server
2023-05-23 10:27:27,587 [EndpointStateMachine task thread for /0.0.0.0:15194 - 0 ] INFO  server.GrpcService (GrpcService.java:startImpl(302)) - c218ba02-a349-461c-9b33-7224d749d428: GrpcService started, listening on 15227
2023-05-23 10:27:27,589 [EndpointStateMachine task thread for /0.0.0.0:15194 - 0 ] INFO  server.GrpcService (GrpcService.java:startImpl(302)) - c218ba02-a349-461c-9b33-7224d749d428: GrpcService started, listening on 15229
2023-05-23 10:27:27,592 [EndpointStateMachine task thread for /0.0.0.0:15194 - 0 ] INFO  server.GrpcService (GrpcService.java:startImpl(302)) - c218ba02-a349-461c-9b33-7224d749d428: GrpcService started, listening on 15228
2023-05-23 10:27:27,592 [EndpointStateMachine task thread for /0.0.0.0:15194 - 0 ] INFO  ratis.XceiverServerRatis (XceiverServerRatis.java:getRealPort(543)) - XceiverServerRatis c218ba02-a349-461c-9b33-7224d749d428 is started using port 15227 for RATIS
2023-05-23 10:27:27,593 [EndpointStateMachine task thread for /0.0.0.0:15194 - 0 ] INFO  ratis.XceiverServerRatis (XceiverServerRatis.java:getRealPort(543)) - XceiverServerRatis c218ba02-a349-461c-9b33-7224d749d428 is started using port 15228 for RATIS_ADMIN
2023-05-23 10:27:27,593 [JvmPauseMonitor28] INFO  util.JvmPauseMonitor (JvmPauseMonitor.java:run(103)) - JvmPauseMonitor-c218ba02-a349-461c-9b33-7224d749d428: Started
2023-05-23 10:27:27,593 [EndpointStateMachine task thread for /0.0.0.0:15194 - 0 ] INFO  ratis.XceiverServerRatis (XceiverServerRatis.java:getRealPort(543)) - XceiverServerRatis c218ba02-a349-461c-9b33-7224d749d428 is started using port 15229 for RATIS_SERVER
2023-05-23 10:27:27,593 [EndpointStateMachine task thread for /0.0.0.0:15194 - 0 ] INFO  ratis.XceiverServerRatis (XceiverServerRatis.java:getRealPort(543)) - XceiverServerRatis c218ba02-a349-461c-9b33-7224d749d428 is started using port 15230 for RATIS_DATASTREAM
2023-05-23 10:27:27,594 [BlockDeletingService#0] INFO  interfaces.ContainerDeletionChoosingPolicyTemplate (ContainerDeletionChoosingPolicyTemplate.java:chooseContainerForBlockDeletion(83)) - Chosen 0/5000 blocks from 0 candidate containers.
2023-05-23 10:27:27,862 [Listener at 127.0.0.1/15196] INFO  ozone.MiniOzoneClusterImpl (MiniOzoneClusterImpl.java:lambda$waitForClusterToBeReady$0(222)) - Waiting for nodes to be ready. Got 0 of 5 DN Heartbeats.
2023-05-23 10:27:27,862 [Listener at 127.0.0.1/15196] INFO  ozone.MiniOzoneClusterImpl (MiniOzoneClusterImpl.java:lambda$waitForClusterToBeReady$0(225)) - Waiting for cluster to exit safe mode
2023-05-23 10:27:27,862 [Listener at 127.0.0.1/15196] INFO  ozone.MiniOzoneClusterImpl (MiniOzoneClusterImpl.java:lambda$waitForClusterToBeReady$0(227)) - SCM became leader
2023-05-23 10:27:27,903 [EndpointStateMachine task thread for /0.0.0.0:15194 - 0 ] INFO  utils.DatanodeStoreCache (DatanodeStoreCache.java:addDB(66)) - Added db /home/runner/work/ozone/ozone/hadoop-ozone/integration-test/target/test-dir/MiniOzoneClusterImpl-1448f794-6d1a-4b49-b7b3-e839f56d4fba/datanode-4/data-0/containers/hdds/1448f794-6d1a-4b49-b7b3-e839f56d4fba/DS-74313cb6-6868-41fa-8918-3f60abd0fa1a/container.db to cache
2023-05-23 10:27:27,903 [EndpointStateMachine task thread for /0.0.0.0:15194 - 0 ] INFO  volume.HddsVolume (HddsVolume.java:createDbStore(350)) - SchemaV3 db is created and loaded at /home/runner/work/ozone/ozone/hadoop-ozone/integration-test/target/test-dir/MiniOzoneClusterImpl-1448f794-6d1a-4b49-b7b3-e839f56d4fba/datanode-4/data-0/containers/hdds/1448f794-6d1a-4b49-b7b3-e839f56d4fba/DS-74313cb6-6868-41fa-8918-3f60abd0fa1a/container.db for volume DS-74313cb6-6868-41fa-8918-3f60abd0fa1a
2023-05-23 10:27:27,903 [EndpointStateMachine task thread for /0.0.0.0:15194 - 0 ] INFO  ozoneimpl.OzoneContainer (OzoneContainer.java:start(397)) - Attempting to start container services.
2023-05-23 10:27:27,904 [EndpointStateMachine task thread for /0.0.0.0:15194 - 0 ] INFO  ozoneimpl.OzoneContainer (OzoneContainer.java:startContainerScrub(314)) - Scheduled background container scanners and the on-demand container scanner have been disabled.
2023-05-23 10:27:27,906 [EndpointStateMachine task thread for /0.0.0.0:15194 - 0 ] INFO  replication.ReplicationServer (ReplicationServer.java:start(128)) - ReplicationServer is started using port 15239
2023-05-23 10:27:27,907 [EndpointStateMachine task thread for /0.0.0.0:15194 - 0 ] INFO  ratis.XceiverServerRatis (XceiverServerRatis.java:start(517)) - Starting XceiverServerRatis e2ddfef6-1e3c-4407-91fd-4f310f7b7654
2023-05-23 10:27:27,908 [EndpointStateMachine task thread for /0.0.0.0:15194 - 0 ] INFO  server.RaftServer (RaftServerProxy.java:startImpl(400)) - e2ddfef6-1e3c-4407-91fd-4f310f7b7654: start RPC server
2023-05-23 10:27:27,909 [EndpointStateMachine task thread for /0.0.0.0:15194 - 0 ] INFO  server.GrpcService (GrpcService.java:startImpl(302)) - e2ddfef6-1e3c-4407-91fd-4f310f7b7654: GrpcService started, listening on 15235
2023-05-23 10:27:27,910 [EndpointStateMachine task thread for /0.0.0.0:15194 - 0 ] INFO  server.GrpcService (GrpcService.java:startImpl(302)) - e2ddfef6-1e3c-4407-91fd-4f310f7b7654: GrpcService started, listening on 15237
2023-05-23 10:27:27,912 [EndpointStateMachine task thread for /0.0.0.0:15194 - 0 ] INFO  server.GrpcService (GrpcService.java:startImpl(302)) - e2ddfef6-1e3c-4407-91fd-4f310f7b7654: GrpcService started, listening on 15236
2023-05-23 10:27:27,912 [EndpointStateMachine task thread for /0.0.0.0:15194 - 0 ] INFO  ratis.XceiverServerRatis (XceiverServerRatis.java:getRealPort(543)) - XceiverServerRatis e2ddfef6-1e3c-4407-91fd-4f310f7b7654 is started using port 15235 for RATIS
2023-05-23 10:27:27,912 [EndpointStateMachine task thread for /0.0.0.0:15194 - 0 ] INFO  ratis.XceiverServerRatis (XceiverServerRatis.java:getRealPort(543)) - XceiverServerRatis e2ddfef6-1e3c-4407-91fd-4f310f7b7654 is started using port 15236 for RATIS_ADMIN
2023-05-23 10:27:27,912 [JvmPauseMonitor29] INFO  util.JvmPauseMonitor (JvmPauseMonitor.java:run(103)) - JvmPauseMonitor-e2ddfef6-1e3c-4407-91fd-4f310f7b7654: Started
2023-05-23 10:27:27,912 [EndpointStateMachine task thread for /0.0.0.0:15194 - 0 ] INFO  ratis.XceiverServerRatis (XceiverServerRatis.java:getRealPort(543)) - XceiverServerRatis e2ddfef6-1e3c-4407-91fd-4f310f7b7654 is started using port 15237 for RATIS_SERVER
2023-05-23 10:27:27,912 [EndpointStateMachine task thread for /0.0.0.0:15194 - 0 ] INFO  ratis.XceiverServerRatis (XceiverServerRatis.java:getRealPort(543)) - XceiverServerRatis e2ddfef6-1e3c-4407-91fd-4f310f7b7654 is started using port 15238 for RATIS_DATASTREAM
2023-05-23 10:27:27,914 [BlockDeletingService#0] INFO  interfaces.ContainerDeletionChoosingPolicyTemplate (ContainerDeletionChoosingPolicyTemplate.java:chooseContainerForBlockDeletion(83)) - Chosen 0/5000 blocks from 0 candidate containers.
2023-05-23 10:27:28,366 [ReplicationMonitor] INFO  replication.ReplicationManager (ReplicationManager.java:processAll(375)) - Replication Manager is not ready to run until 3000ms after safemode exit
2023-05-23 10:27:28,549 [IPC Server handler 1 on default port 15194] INFO  net.NetworkTopologyImpl (NetworkTopologyImpl.java:add(112)) - Added a new node: /default-rack/fad86c32-67f1-4b6d-b48a-d8941e8b4fba
2023-05-23 10:27:28,549 [IPC Server handler 1 on default port 15194] INFO  node.SCMNodeManager (SCMNodeManager.java:register(407)) - Registered Data node : fad86c32-67f1-4b6d-b48a-d8941e8b4fba{ip: 10.1.0.38, host: fv-az1249-304, ports: [HTTP=15201, REPLICATION=15207, RATIS=15203, RATIS_ADMIN=15204, RATIS_SERVER=15205, RATIS_DATASTREAM=15206, STANDALONE=15202], networkLocation: /default-rack, certSerialId: null, persistedOpState: null, persistedOpStateExpiryEpochSec: 0}
2023-05-23 10:27:28,552 [EventQueue-NodeRegistrationContainerReportForContainerSafeModeRule] INFO  safemode.SCMSafeModeManager (SCMSafeModeManager.java:validateSafeModeExitRules(200)) - ContainerSafeModeRule rule is successfully validated
2023-05-23 10:27:28,552 [EventQueue-NodeRegistrationContainerReportForDataNodeSafeModeRule] INFO  safemode.SCMSafeModeManager (DataNodeSafeModeRule.java:process(71)) - SCM in safe mode. 1 DataNodes registered, 3 required.
2023-05-23 10:27:28,554 [EventQueue-NewNodeForNewNodeHandler] INFO  pipeline.BackgroundPipelineCreator (BackgroundPipelineCreator.java:notifyEventTriggered(276)) - trigger a one-shot run on RatisPipelineUtilsThread.
2023-05-23 10:27:28,554 [EventQueue-PipelineReportForOneReplicaPipelineSafeModeRule] INFO  safemode.SCMSafeModeManager (SCMSafeModeManager.java:validateSafeModeExitRules(200)) - AtleastOneDatanodeReportedRule rule is successfully validated
2023-05-23 10:27:28,554 [RatisPipelineUtilsThread - 0] INFO  pipeline.RatisPipelineProvider (RatisPipelineProvider.java:lambda$create$0(206)) - Sending CreatePipelineCommand for pipeline:PipelineID=bf29fd44-6b6a-4218-9b55-b2d228e39e14 to datanode:fad86c32-67f1-4b6d-b48a-d8941e8b4fba
2023-05-23 10:27:28,555 [RatisPipelineUtilsThread - 0] INFO  pipeline.PipelineStateManagerImpl (PipelineStateManagerImpl.java:addPipeline(103)) - Created pipeline Pipeline[ Id: bf29fd44-6b6a-4218-9b55-b2d228e39e14, Nodes: fad86c32-67f1-4b6d-b48a-d8941e8b4fba(fv-az1249-304/10.1.0.38), ReplicationConfig: RATIS/ONE, State:ALLOCATED, leaderId:, CreationTimestamp2023-05-23T10:27:28.554Z[Etc/UTC]].
2023-05-23 10:27:28,863 [Listener at 127.0.0.1/15196] INFO  ozone.MiniOzoneClusterImpl (MiniOzoneClusterImpl.java:lambda$waitForClusterToBeReady$0(222)) - Waiting for nodes to be ready. Got 1 of 5 DN Heartbeats.
2023-05-23 10:27:28,863 [Listener at 127.0.0.1/15196] INFO  ozone.MiniOzoneClusterImpl (MiniOzoneClusterImpl.java:lambda$waitForClusterToBeReady$0(225)) - Waiting for cluster to exit safe mode
2023-05-23 10:27:28,863 [Listener at 127.0.0.1/15196] INFO  ozone.MiniOzoneClusterImpl (MiniOzoneClusterImpl.java:lambda$waitForClusterToBeReady$0(227)) - SCM became leader
2023-05-23 10:27:28,873 [IPC Server handler 3 on default port 15194] INFO  net.NetworkTopologyImpl (NetworkTopologyImpl.java:add(112)) - Added a new node: /default-rack/8252e408-c982-4bc9-a7b5-c82dcdf99b6f
2023-05-23 10:27:28,873 [IPC Server handler 3 on default port 15194] INFO  node.SCMNodeManager (SCMNodeManager.java:register(407)) - Registered Data node : 8252e408-c982-4bc9-a7b5-c82dcdf99b6f{ip: 10.1.0.38, host: fv-az1249-304, ports: [HTTP=15209, REPLICATION=15215, RATIS=15211, RATIS_ADMIN=15212, RATIS_SERVER=15213, RATIS_DATASTREAM=15214, STANDALONE=15210], networkLocation: /default-rack, certSerialId: null, persistedOpState: null, persistedOpStateExpiryEpochSec: 0}
2023-05-23 10:27:28,875 [EventQueue-NewNodeForNewNodeHandler] INFO  pipeline.BackgroundPipelineCreator (BackgroundPipelineCreator.java:notifyEventTriggered(276)) - trigger a one-shot run on RatisPipelineUtilsThread.
2023-05-23 10:27:28,875 [EventQueue-NodeRegistrationContainerReportForDataNodeSafeModeRule] INFO  safemode.SCMSafeModeManager (DataNodeSafeModeRule.java:process(71)) - SCM in safe mode. 2 DataNodes registered, 3 required.
2023-05-23 10:27:28,875 [RatisPipelineUtilsThread - 0] INFO  pipeline.RatisPipelineProvider (RatisPipelineProvider.java:lambda$create$0(206)) - Sending CreatePipelineCommand for pipeline:PipelineID=c069f734-edbe-487e-8bb1-6e7b3e935167 to datanode:8252e408-c982-4bc9-a7b5-c82dcdf99b6f
2023-05-23 10:27:28,876 [RatisPipelineUtilsThread - 0] INFO  pipeline.PipelineStateManagerImpl (PipelineStateManagerImpl.java:addPipeline(103)) - Created pipeline Pipeline[ Id: c069f734-edbe-487e-8bb1-6e7b3e935167, Nodes: 8252e408-c982-4bc9-a7b5-c82dcdf99b6f(fv-az1249-304/10.1.0.38), ReplicationConfig: RATIS/ONE, State:ALLOCATED, leaderId:, CreationTimestamp2023-05-23T10:27:28.875Z[Etc/UTC]].
2023-05-23 10:27:29,213 [IPC Server handler 4 on default port 15194] INFO  net.NetworkTopologyImpl (NetworkTopologyImpl.java:add(112)) - Added a new node: /default-rack/85fe1515-2b71-4688-862a-26af69046f00
2023-05-23 10:27:29,213 [IPC Server handler 4 on default port 15194] INFO  node.SCMNodeManager (SCMNodeManager.java:register(407)) - Registered Data node : 85fe1515-2b71-4688-862a-26af69046f00{ip: 10.1.0.38, host: fv-az1249-304, ports: [HTTP=15217, REPLICATION=15223, RATIS=15219, RATIS_ADMIN=15220, RATIS_SERVER=15221, RATIS_DATASTREAM=15222, STANDALONE=15218], networkLocation: /default-rack, certSerialId: null, persistedOpState: null, persistedOpStateExpiryEpochSec: 0}
2023-05-23 10:27:29,215 [EventQueue-NewNodeForNewNodeHandler] INFO  pipeline.BackgroundPipelineCreator (BackgroundPipelineCreator.java:notifyEventTriggered(276)) - trigger a one-shot run on RatisPipelineUtilsThread.
2023-05-23 10:27:29,215 [EventQueue-NodeRegistrationContainerReportForDataNodeSafeModeRule] INFO  safemode.SCMSafeModeManager (DataNodeSafeModeRule.java:process(71)) - SCM in safe mode. 3 DataNodes registered, 3 required.
2023-05-23 10:27:29,215 [EventQueue-NodeRegistrationContainerReportForDataNodeSafeModeRule] INFO  safemode.SCMSafeModeManager (SCMSafeModeManager.java:validateSafeModeExitRules(200)) - DataNodeSafeModeRule rule is successfully validated
2023-05-23 10:27:29,215 [EventQueue-NodeRegistrationContainerReportForDataNodeSafeModeRule] INFO  safemode.SCMSafeModeManager (SCMSafeModeManager.java:completePreCheck(229)) - All SCM safe mode pre check rules have passed
2023-05-23 10:27:29,215 [EventQueue-NodeRegistrationContainerReportForDataNodeSafeModeRule] INFO  ha.SCMContext (SCMContext.java:updateSafeModeStatus(228)) - Update SafeModeStatus from SafeModeStatus{safeModeStatus=true, preCheckPassed=false} to SafeModeStatus{safeModeStatus=true, preCheckPassed=true}.
2023-05-23 10:27:29,215 [EventQueue-NodeRegistrationContainerReportForDataNodeSafeModeRule] INFO  pipeline.BackgroundPipelineCreator (BackgroundPipelineCreator.java:notifyEventTriggered(276)) - trigger a one-shot run on RatisPipelineUtilsThread.
2023-05-23 10:27:29,215 [RatisPipelineUtilsThread - 0] INFO  pipeline.RatisPipelineProvider (RatisPipelineProvider.java:lambda$create$0(206)) - Sending CreatePipelineCommand for pipeline:PipelineID=12c8013d-565a-432e-9b23-f83cb09f0f7a to datanode:85fe1515-2b71-4688-862a-26af69046f00
2023-05-23 10:27:29,216 [RatisPipelineUtilsThread - 0] INFO  pipeline.PipelineStateManagerImpl (PipelineStateManagerImpl.java:addPipeline(103)) - Created pipeline Pipeline[ Id: 12c8013d-565a-432e-9b23-f83cb09f0f7a, Nodes: 85fe1515-2b71-4688-862a-26af69046f00(fv-az1249-304/10.1.0.38), ReplicationConfig: RATIS/ONE, State:ALLOCATED, leaderId:, CreationTimestamp2023-05-23T10:27:29.215Z[Etc/UTC]].
2023-05-23 10:27:29,216 [RatisPipelineUtilsThread - 0] INFO  pipeline.RatisPipelineProvider (RatisPipelineProvider.java:lambda$create$0(206)) - Sending CreatePipelineCommand for pipeline:PipelineID=b47636c3-2d9f-4218-b1b8-7fdc898a2b18 to datanode:8252e408-c982-4bc9-a7b5-c82dcdf99b6f
2023-05-23 10:27:29,216 [RatisPipelineUtilsThread - 0] INFO  pipeline.RatisPipelineProvider (RatisPipelineProvider.java:lambda$create$0(206)) - Sending CreatePipelineCommand for pipeline:PipelineID=b47636c3-2d9f-4218-b1b8-7fdc898a2b18 to datanode:fad86c32-67f1-4b6d-b48a-d8941e8b4fba
2023-05-23 10:27:29,216 [RatisPipelineUtilsThread - 0] INFO  pipeline.RatisPipelineProvider (RatisPipelineProvider.java:lambda$create$0(206)) - Sending CreatePipelineCommand for pipeline:PipelineID=b47636c3-2d9f-4218-b1b8-7fdc898a2b18 to datanode:85fe1515-2b71-4688-862a-26af69046f00
2023-05-23 10:27:29,217 [RatisPipelineUtilsThread - 0] INFO  pipeline.PipelineStateManagerImpl (PipelineStateManagerImpl.java:addPipeline(103)) - Created pipeline Pipeline[ Id: b47636c3-2d9f-4218-b1b8-7fdc898a2b18, Nodes: 8252e408-c982-4bc9-a7b5-c82dcdf99b6f(fv-az1249-304/10.1.0.38)fad86c32-67f1-4b6d-b48a-d8941e8b4fba(fv-az1249-304/10.1.0.38)85fe1515-2b71-4688-862a-26af69046f00(fv-az1249-304/10.1.0.38), ReplicationConfig: RATIS/THREE, State:ALLOCATED, leaderId:, CreationTimestamp2023-05-23T10:27:29.216Z[Etc/UTC]].
2023-05-23 10:27:29,218 [RatisPipelineUtilsThread - 0] INFO  pipeline.RatisPipelineProvider (RatisPipelineProvider.java:lambda$create$0(206)) - Sending CreatePipelineCommand for pipeline:PipelineID=6c514fb2-bffb-4707-8a6d-f6f833690ca0 to datanode:fad86c32-67f1-4b6d-b48a-d8941e8b4fba
2023-05-23 10:27:29,218 [RatisPipelineUtilsThread - 0] INFO  pipeline.RatisPipelineProvider (RatisPipelineProvider.java:lambda$create$0(206)) - Sending CreatePipelineCommand for pipeline:PipelineID=6c514fb2-bffb-4707-8a6d-f6f833690ca0 to datanode:8252e408-c982-4bc9-a7b5-c82dcdf99b6f
2023-05-23 10:27:29,218 [RatisPipelineUtilsThread - 0] INFO  pipeline.RatisPipelineProvider (RatisPipelineProvider.java:lambda$create$0(206)) - Sending CreatePipelineCommand for pipeline:PipelineID=6c514fb2-bffb-4707-8a6d-f6f833690ca0 to datanode:85fe1515-2b71-4688-862a-26af69046f00
2023-05-23 10:27:29,218 [RatisPipelineUtilsThread - 0] INFO  pipeline.PipelineStateManagerImpl (PipelineStateManagerImpl.java:addPipeline(103)) - Created pipeline Pipeline[ Id: 6c514fb2-bffb-4707-8a6d-f6f833690ca0, Nodes: fad86c32-67f1-4b6d-b48a-d8941e8b4fba(fv-az1249-304/10.1.0.38)8252e408-c982-4bc9-a7b5-c82dcdf99b6f(fv-az1249-304/10.1.0.38)85fe1515-2b71-4688-862a-26af69046f00(fv-az1249-304/10.1.0.38), ReplicationConfig: RATIS/THREE, State:ALLOCATED, leaderId:, CreationTimestamp2023-05-23T10:27:29.218Z[Etc/UTC]].
2023-05-23 10:27:29,221 [RatisPipelineUtilsThread - 0] INFO  pipeline.PipelineManagerImpl (PipelineManagerImpl.java:recordMetricsForPipeline(826)) - Pipeline: PipelineID=6c514fb2-bffb-4707-8a6d-f6f833690ca0 contains same datanodes as previous pipelines: PipelineID=b47636c3-2d9f-4218-b1b8-7fdc898a2b18 nodeIds: fad86c32-67f1-4b6d-b48a-d8941e8b4fba, 8252e408-c982-4bc9-a7b5-c82dcdf99b6f, 85fe1515-2b71-4688-862a-26af69046f00
2023-05-23 10:27:29,221 [RatisPipelineUtilsThread - 0] WARN  pipeline.PipelinePlacementPolicy (PipelinePlacementPolicy.java:filterViableNodes(160)) - Pipeline creation failed due to no sufficient healthy datanodes. Required 3. Found 0. Excluded 3.
2023-05-23 10:27:29,222 [RatisPipelineUtilsThread - 0] WARN  pipeline.PipelinePlacementPolicy (PipelinePlacementPolicy.java:filterViableNodes(160)) - Pipeline creation failed due to no sufficient healthy datanodes. Required 3. Found 0. Excluded 3.
2023-05-23 10:27:29,366 [ReplicationMonitor] INFO  replication.ReplicationManager (ReplicationManager.java:processAll(375)) - Replication Manager is not ready to run until 3000ms after safemode exit
2023-05-23 10:27:29,543 [IPC Server handler 0 on default port 15194] INFO  net.NetworkTopologyImpl (NetworkTopologyImpl.java:add(112)) - Added a new node: /default-rack/c218ba02-a349-461c-9b33-7224d749d428
2023-05-23 10:27:29,543 [IPC Server handler 0 on default port 15194] INFO  node.SCMNodeManager (SCMNodeManager.java:register(407)) - Registered Data node : c218ba02-a349-461c-9b33-7224d749d428{ip: 10.1.0.38, host: fv-az1249-304, ports: [HTTP=15225, REPLICATION=15231, RATIS=15227, RATIS_ADMIN=15228, RATIS_SERVER=15229, RATIS_DATASTREAM=15230, STANDALONE=15226], networkLocation: /default-rack, certSerialId: null, persistedOpState: null, persistedOpStateExpiryEpochSec: 0}
2023-05-23 10:27:29,543 [EventQueue-NewNodeForNewNodeHandler] INFO  pipeline.BackgroundPipelineCreator (BackgroundPipelineCreator.java:notifyEventTriggered(276)) - trigger a one-shot run on RatisPipelineUtilsThread.
2023-05-23 10:27:29,548 [RatisPipelineUtilsThread - 0] INFO  pipeline.RatisPipelineProvider (RatisPipelineProvider.java:lambda$create$0(206)) - Sending CreatePipelineCommand for pipeline:PipelineID=b50137f5-ee47-49a1-899a-95b4ad24c02c to datanode:c218ba02-a349-461c-9b33-7224d749d428
2023-05-23 10:27:29,549 [RatisPipelineUtilsThread - 0] INFO  pipeline.PipelineStateManagerImpl (PipelineStateManagerImpl.java:addPipeline(103)) - Created pipeline Pipeline[ Id: b50137f5-ee47-49a1-899a-95b4ad24c02c, Nodes: c218ba02-a349-461c-9b33-7224d749d428(fv-az1249-304/10.1.0.38), ReplicationConfig: RATIS/ONE, State:ALLOCATED, leaderId:, CreationTimestamp2023-05-23T10:27:29.548Z[Etc/UTC]].
2023-05-23 10:27:29,549 [RatisPipelineUtilsThread - 0] WARN  pipeline.PipelinePlacementPolicy (PipelinePlacementPolicy.java:filterViableNodes(160)) - Pipeline creation failed due to no sufficient healthy datanodes. Required 3. Found 1. Excluded 3.
2023-05-23 10:27:29,863 [Listener at 127.0.0.1/15196] INFO  ozone.MiniOzoneClusterImpl (MiniOzoneClusterImpl.java:lambda$waitForClusterToBeReady$0(222)) - Waiting for nodes to be ready. Got 4 of 5 DN Heartbeats.
2023-05-23 10:27:29,863 [Listener at 127.0.0.1/15196] INFO  ozone.MiniOzoneClusterImpl (MiniOzoneClusterImpl.java:lambda$waitForClusterToBeReady$0(225)) - Waiting for cluster to exit safe mode
2023-05-23 10:27:29,863 [Listener at 127.0.0.1/15196] INFO  ozone.MiniOzoneClusterImpl (MiniOzoneClusterImpl.java:lambda$waitForClusterToBeReady$0(227)) - SCM became leader
2023-05-23 10:27:29,864 [IPC Server handler 3 on default port 15194] INFO  net.NetworkTopologyImpl (NetworkTopologyImpl.java:add(112)) - Added a new node: /default-rack/e2ddfef6-1e3c-4407-91fd-4f310f7b7654
2023-05-23 10:27:29,864 [IPC Server handler 3 on default port 15194] INFO  node.SCMNodeManager (SCMNodeManager.java:register(407)) - Registered Data node : e2ddfef6-1e3c-4407-91fd-4f310f7b7654{ip: 10.1.0.38, host: fv-az1249-304, ports: [HTTP=15233, REPLICATION=15239, RATIS=15235, RATIS_ADMIN=15236, RATIS_SERVER=15237, RATIS_DATASTREAM=15238, STANDALONE=15234], networkLocation: /default-rack, certSerialId: null, persistedOpState: null, persistedOpStateExpiryEpochSec: 0}
2023-05-23 10:27:29,864 [EventQueue-NewNodeForNewNodeHandler] INFO  pipeline.BackgroundPipelineCreator (BackgroundPipelineCreator.java:notifyEventTriggered(276)) - trigger a one-shot run on RatisPipelineUtilsThread.
2023-05-23 10:27:29,868 [RatisPipelineUtilsThread - 0] INFO  pipeline.RatisPipelineProvider (RatisPipelineProvider.java:lambda$create$0(206)) - Sending CreatePipelineCommand for pipeline:PipelineID=55498606-a808-4a19-8697-9ba6fc6b829d to datanode:e2ddfef6-1e3c-4407-91fd-4f310f7b7654
2023-05-23 10:27:29,869 [RatisPipelineUtilsThread - 0] INFO  pipeline.PipelineStateManagerImpl (PipelineStateManagerImpl.java:addPipeline(103)) - Created pipeline Pipeline[ Id: 55498606-a808-4a19-8697-9ba6fc6b829d, Nodes: e2ddfef6-1e3c-4407-91fd-4f310f7b7654(fv-az1249-304/10.1.0.38), ReplicationConfig: RATIS/ONE, State:ALLOCATED, leaderId:, CreationTimestamp2023-05-23T10:27:29.868Z[Etc/UTC]].
2023-05-23 10:27:29,869 [RatisPipelineUtilsThread - 0] WARN  pipeline.PipelinePlacementPolicy (PipelinePlacementPolicy.java:filterViableNodes(160)) - Pipeline creation failed due to no sufficient healthy datanodes. Required 3. Found 2. Excluded 3.
2023-05-23 10:27:30,366 [ReplicationMonitor] INFO  replication.ReplicationManager (ReplicationManager.java:processAll(375)) - Replication Manager is not ready to run until 3000ms after safemode exit
2023-05-23 10:27:30,864 [Listener at 127.0.0.1/15196] INFO  ozone.MiniOzoneClusterImpl (MiniOzoneClusterImpl.java:lambda$waitForClusterToBeReady$0(222)) - Nodes are ready. Got 5 of 5 DN Heartbeats.
2023-05-23 10:27:30,864 [Listener at 127.0.0.1/15196] INFO  ozone.MiniOzoneClusterImpl (MiniOzoneClusterImpl.java:lambda$waitForClusterToBeReady$0(225)) - Waiting for cluster to exit safe mode
2023-05-23 10:27:30,864 [Listener at 127.0.0.1/15196] INFO  ozone.MiniOzoneClusterImpl (MiniOzoneClusterImpl.java:lambda$waitForClusterToBeReady$0(227)) - SCM became leader
2023-05-23 10:27:31,367 [ReplicationMonitor] INFO  replication.ReplicationManager (ReplicationManager.java:processAll(375)) - Replication Manager is not ready to run until 3000ms after safemode exit
2023-05-23 10:27:31,549 [Command processor thread] INFO  server.RaftServer (RaftServerProxy.java:addNew(98)) - fad86c32-67f1-4b6d-b48a-d8941e8b4fba: addNew group-B2D228E39E14:[fad86c32-67f1-4b6d-b48a-d8941e8b4fba|rpc:10.1.0.38:15205|admin:10.1.0.38:15204|client:10.1.0.38:15203|dataStream:10.1.0.38:15206|priority:1|startupRole:FOLLOWER] returns group-B2D228E39E14:java.util.concurrent.CompletableFuture@7fcdbb6b[Not completed]
2023-05-23 10:27:31,551 [fad86c32-67f1-4b6d-b48a-d8941e8b4fba-groupManagement] INFO  server.RaftServer$Division (RaftServerImpl.java:<init>(198)) - fad86c32-67f1-4b6d-b48a-d8941e8b4fba: new RaftServerImpl for group-B2D228E39E14:[fad86c32-67f1-4b6d-b48a-d8941e8b4fba|rpc:10.1.0.38:15205|admin:10.1.0.38:15204|client:10.1.0.38:15203|dataStream:10.1.0.38:15206|priority:1|startupRole:FOLLOWER] with ContainerStateMachine:uninitialized
2023-05-23 10:27:31,551 [fad86c32-67f1-4b6d-b48a-d8941e8b4fba-groupManagement] INFO  server.RaftServerConfigKeys (ConfUtils.java:logGet(46)) - raft.server.rpc.timeout.min = 5s (custom)
2023-05-23 10:27:31,551 [fad86c32-67f1-4b6d-b48a-d8941e8b4fba-groupManagement] INFO  server.RaftServerConfigKeys (ConfUtils.java:logGet(46)) - raft.server.rpc.timeout.max = 5200ms (custom)
2023-05-23 10:27:31,551 [fad86c32-67f1-4b6d-b48a-d8941e8b4fba-groupManagement] INFO  server.RaftServerConfigKeys (ConfUtils.java:logGet(46)) - raft.server.rpc.sleep.time = 25ms (default)
2023-05-23 10:27:31,551 [fad86c32-67f1-4b6d-b48a-d8941e8b4fba-groupManagement] INFO  server.RaftServerConfigKeys (ConfUtils.java:logGet(46)) - raft.server.rpc.slowness.timeout = 300s (custom)
2023-05-23 10:27:31,551 [fad86c32-67f1-4b6d-b48a-d8941e8b4fba-groupManagement] INFO  server.RaftServerConfigKeys (ConfUtils.java:logGet(46)) - raft.server.leaderelection.leader.step-down.wait-time = 10s (default)
2023-05-23 10:27:31,551 [fad86c32-67f1-4b6d-b48a-d8941e8b4fba-groupManagement] INFO  server.RaftServerConfigKeys (ConfUtils.java:logGet(46)) - raft.server.sleep.deviation.threshold = 300ms (default)
2023-05-23 10:27:31,551 [fad86c32-67f1-4b6d-b48a-d8941e8b4fba-groupManagement] INFO  server.RaftServer$Division (ServerState.java:<init>(120)) - fad86c32-67f1-4b6d-b48a-d8941e8b4fba@group-B2D228E39E14: ConfigurationManager, init=-1: peers:[fad86c32-67f1-4b6d-b48a-d8941e8b4fba|rpc:10.1.0.38:15205|admin:10.1.0.38:15204|client:10.1.0.38:15203|dataStream:10.1.0.38:15206|priority:1|startupRole:FOLLOWER]|listeners:[], old=null, confs=<EMPTY_MAP>
2023-05-23 10:27:31,551 [fad86c32-67f1-4b6d-b48a-d8941e8b4fba-groupManagement] INFO  server.RaftServerConfigKeys (ConfUtils.java:logGet(46)) - raft.server.storage.dir = [/home/runner/work/ozone/ozone/hadoop-ozone/integration-test/target/test-dir/MiniOzoneClusterImpl-1448f794-6d1a-4b49-b7b3-e839f56d4fba/datanode-0/data/ratis] (custom)
2023-05-23 10:27:31,551 [fad86c32-67f1-4b6d-b48a-d8941e8b4fba-groupManagement] INFO  server.RaftServerConfigKeys (ConfUtils.java:logGet(46)) - raft.server.log.corruption.policy = EXCEPTION (default)
2023-05-23 10:27:31,554 [fad86c32-67f1-4b6d-b48a-d8941e8b4fba-groupManagement] INFO  server.RaftServerConfigKeys (ConfUtils.java:logGet(46)) - raft.server.storage.free-space.min = 0MB (=0) (default)
2023-05-23 10:27:31,554 [fad86c32-67f1-4b6d-b48a-d8941e8b4fba-groupManagement] INFO  server.RaftServerConfigKeys (ConfUtils.java:logGet(46)) - raft.server.notification.no-leader.timeout = 300s (custom)
2023-05-23 10:27:31,554 [fad86c32-67f1-4b6d-b48a-d8941e8b4fba-groupManagement] INFO  server.RaftServerConfigKeys (ConfUtils.java:logGet(46)) - raft.server.read.timeout = 10s (default)
2023-05-23 10:27:31,554 [fad86c32-67f1-4b6d-b48a-d8941e8b4fba-groupManagement] INFO  server.RaftServerConfigKeys (ConfUtils.java:logGet(46)) - raft.server.retrycache.expirytime = 600000ms (custom)
2023-05-23 10:27:31,554 [fad86c32-67f1-4b6d-b48a-d8941e8b4fba-groupManagement] INFO  server.RaftServerConfigKeys (ConfUtils.java:logGet(46)) - raft.server.retrycache.statistics.expirytime = 100μs (default)
2023-05-23 10:27:31,554 [fad86c32-67f1-4b6d-b48a-d8941e8b4fba-groupManagement] INFO  server.RaftServerConfigKeys (ConfUtils.java:logGet(46)) - raft.server.read.option = DEFAULT (default)
2023-05-23 10:27:31,555 [fad86c32-67f1-4b6d-b48a-d8941e8b4fba-groupManagement] INFO  server.RaftServerConfigKeys (ConfUtils.java:logGet(46)) - raft.server.rpc.request.timeout = 60s (custom)
2023-05-23 10:27:31,555 [fad86c32-67f1-4b6d-b48a-d8941e8b4fba-groupManagement] INFO  server.RaftServerConfigKeys (ConfUtils.java:logGet(46)) - raft.server.log.appender.install.snapshot.enabled = false (custom)
2023-05-23 10:27:31,555 [fad86c32-67f1-4b6d-b48a-d8941e8b4fba-groupManagement] INFO  server.RaftServerConfigKeys (ConfUtils.java:logGet(46)) - raft.server.threadpool.server.cached = true (default)
2023-05-23 10:27:31,555 [fad86c32-67f1-4b6d-b48a-d8941e8b4fba-groupManagement] INFO  server.RaftServerConfigKeys (ConfUtils.java:logGet(46)) - raft.server.threadpool.server.size = 0 (default)
2023-05-23 10:27:31,555 [fad86c32-67f1-4b6d-b48a-d8941e8b4fba-groupManagement] INFO  server.RaftServerConfigKeys (ConfUtils.java:logGet(46)) - raft.server.threadpool.client.cached = true (default)
2023-05-23 10:27:31,555 [fad86c32-67f1-4b6d-b48a-d8941e8b4fba-groupManagement] INFO  server.RaftServerConfigKeys (ConfUtils.java:logGet(46)) - raft.server.threadpool.client.size = 0 (default)
2023-05-23 10:27:31,555 [fad86c32-67f1-4b6d-b48a-d8941e8b4fba-groupManagement] INFO  storage.RaftStorageDirectory (RaftStorageDirectoryImpl.java:analyzeStorage(137)) - The storage directory /home/runner/work/ozone/ozone/hadoop-ozone/integration-test/target/test-dir/MiniOzoneClusterImpl-1448f794-6d1a-4b49-b7b3-e839f56d4fba/datanode-0/data/ratis/bf29fd44-6b6a-4218-9b55-b2d228e39e14 does not exist. Creating ...
2023-05-23 10:27:31,557 [fad86c32-67f1-4b6d-b48a-d8941e8b4fba-groupManagement] INFO  storage.RaftStorageDirectory (RaftStorageDirectoryImpl.java:tryLock(231)) - Lock on /home/runner/work/ozone/ozone/hadoop-ozone/integration-test/target/test-dir/MiniOzoneClusterImpl-1448f794-6d1a-4b49-b7b3-e839f56d4fba/datanode-0/data/ratis/bf29fd44-6b6a-4218-9b55-b2d228e39e14/in_use.lock acquired by nodename 10384@fv-az1249-304
2023-05-23 10:27:31,559 [fad86c32-67f1-4b6d-b48a-d8941e8b4fba-groupManagement] INFO  storage.RaftStorage (RaftStorageImpl.java:format(96)) - Storage directory /home/runner/work/ozone/ozone/hadoop-ozone/integration-test/target/test-dir/MiniOzoneClusterImpl-1448f794-6d1a-4b49-b7b3-e839f56d4fba/datanode-0/data/ratis/bf29fd44-6b6a-4218-9b55-b2d228e39e14 has been successfully formatted.
2023-05-23 10:27:31,560 [fad86c32-67f1-4b6d-b48a-d8941e8b4fba-groupManagement] INFO  ratis.ContainerStateMachine (ContainerStateMachine.java:loadSnapshot(262)) - group-B2D228E39E14: The snapshot info is null. Setting the last applied indexto:(t:0, i:~)
2023-05-23 10:27:31,561 [fad86c32-67f1-4b6d-b48a-d8941e8b4fba-groupManagement] INFO  server.RaftServerConfigKeys (ConfUtils.java:logGet(46)) - raft.server.log.use.memory = false (default)
2023-05-23 10:27:31,561 [fad86c32-67f1-4b6d-b48a-d8941e8b4fba-groupManagement] INFO  server.RaftServerConfigKeys (ConfUtils.java:logGet(46)) - raft.server.log.purge.gap = 1000000 (custom)
2023-05-23 10:27:31,561 [fad86c32-67f1-4b6d-b48a-d8941e8b4fba-groupManagement] INFO  server.RaftServerConfigKeys (ConfUtils.java:logGet(46)) - raft.server.log.appender.buffer.byte-limit = 33554432 (custom)
2023-05-23 10:27:31,561 [fad86c32-67f1-4b6d-b48a-d8941e8b4fba-groupManagement] INFO  server.RaftServerConfigKeys (ConfUtils.java:logGet(46)) - raft.server.log.statemachine.data.read.timeout = 1000ms (default)
2023-05-23 10:27:31,561 [fad86c32-67f1-4b6d-b48a-d8941e8b4fba-groupManagement] INFO  server.RaftServerConfigKeys (ConfUtils.java:logGet(46)) - raft.server.log.purge.preservation.log.num = 0 (default)
2023-05-23 10:27:31,561 [fad86c32-67f1-4b6d-b48a-d8941e8b4fba-groupManagement] INFO  server.RaftServerConfigKeys (ConfUtils.java:logGet(46)) - raft.server.log.segment.size.max = 1048576 (custom)
2023-05-23 10:27:31,561 [fad86c32-67f1-4b6d-b48a-d8941e8b4fba-groupManagement] INFO  server.RaftServerConfigKeys (ConfUtils.java:logGet(46)) - raft.server.log.segment.cache.num.max = 2 (custom)
2023-05-23 10:27:31,561 [fad86c32-67f1-4b6d-b48a-d8941e8b4fba-groupManagement] INFO  server.RaftServerConfigKeys (ConfUtils.java:logGet(46)) - raft.server.log.segment.cache.size.max = 200MB (=209715200) (default)
2023-05-23 10:27:31,561 [fad86c32-67f1-4b6d-b48a-d8941e8b4fba-groupManagement] INFO  server.RaftServerConfigKeys (ConfUtils.java:logGet(46)) - raft.server.log.appender.buffer.byte-limit = 33554432 (custom)
2023-05-23 10:27:31,562 [fad86c32-67f1-4b6d-b48a-d8941e8b4fba-groupManagement] INFO  segmented.SegmentedRaftLogWorker (SegmentedRaftLogWorker.java:<init>(188)) - new fad86c32-67f1-4b6d-b48a-d8941e8b4fba@group-B2D228E39E14-SegmentedRaftLogWorker for RaftStorageImpl:Storage Directory /home/runner/work/ozone/ozone/hadoop-ozone/integration-test/target/test-dir/MiniOzoneClusterImpl-1448f794-6d1a-4b49-b7b3-e839f56d4fba/datanode-0/data/ratis/bf29fd44-6b6a-4218-9b55-b2d228e39e14
2023-05-23 10:27:31,562 [fad86c32-67f1-4b6d-b48a-d8941e8b4fba-groupManagement] INFO  server.RaftServerConfigKeys (ConfUtils.java:logGet(46)) - raft.server.log.queue.byte-limit = 4294967296 (custom)
2023-05-23 10:27:31,562 [fad86c32-67f1-4b6d-b48a-d8941e8b4fba-groupManagement] INFO  server.RaftServerConfigKeys (ConfUtils.java:logGet(46)) - raft.server.log.queue.element-limit = 1024 (custom)
2023-05-23 10:27:31,562 [fad86c32-67f1-4b6d-b48a-d8941e8b4fba-groupManagement] INFO  server.RaftServerConfigKeys (ConfUtils.java:logGet(46)) - raft.server.log.segment.size.max = 1048576 (custom)
2023-05-23 10:27:31,562 [fad86c32-67f1-4b6d-b48a-d8941e8b4fba-groupManagement] INFO  server.RaftServerConfigKeys (ConfUtils.java:logGet(46)) - raft.server.log.preallocated.size = 16384 (custom)
2023-05-23 10:27:31,562 [fad86c32-67f1-4b6d-b48a-d8941e8b4fba-groupManagement] INFO  server.RaftServerConfigKeys (ConfUtils.java:logGet(46)) - raft.server.log.force.sync.num = 128 (default)
2023-05-23 10:27:31,562 [fad86c32-67f1-4b6d-b48a-d8941e8b4fba-groupManagement] INFO  server.RaftServerConfigKeys (ConfUtils.java:logGet(46)) - raft.server.log.statemachine.data.sync = true (default)
2023-05-23 10:27:31,562 [fad86c32-67f1-4b6d-b48a-d8941e8b4fba-groupManagement] INFO  server.RaftServerConfigKeys (ConfUtils.java:logGet(46)) - raft.server.log.statemachine.data.sync.timeout = 10s (default)
2023-05-23 10:27:31,562 [fad86c32-67f1-4b6d-b48a-d8941e8b4fba-groupManagement] INFO  server.RaftServerConfigKeys (ConfUtils.java:logGet(46)) - raft.server.log.statemachine.data.sync.timeout.retry = -1 (default)
2023-05-23 10:27:31,562 [EventQueue-PipelineReportForPipelineReportHandler] INFO  pipeline.PipelineManagerImpl (PipelineManagerImpl.java:openPipeline(367)) - Pipeline Pipeline[ Id: bf29fd44-6b6a-4218-9b55-b2d228e39e14, Nodes: fad86c32-67f1-4b6d-b48a-d8941e8b4fba(fv-az1249-304/10.1.0.38), ReplicationConfig: RATIS/ONE, State:ALLOCATED, leaderId:fad86c32-67f1-4b6d-b48a-d8941e8b4fba, CreationTimestamp2023-05-23T10:27:28.554Z[Etc/UTC]] moved to OPEN state
2023-05-23 10:27:31,562 [fad86c32-67f1-4b6d-b48a-d8941e8b4fba-groupManagement] INFO  server.RaftServerConfigKeys (ConfUtils.java:logGet(46)) - raft.server.log.write.buffer.size = 1048576 (custom)
2023-05-23 10:27:31,570 [fad86c32-67f1-4b6d-b48a-d8941e8b4fba-groupManagement] INFO  server.RaftServerConfigKeys (ConfUtils.java:logGet(46)) - raft.server.log.appender.buffer.byte-limit = 33554432 (custom)
2023-05-23 10:27:31,576 [fad86c32-67f1-4b6d-b48a-d8941e8b4fba-groupManagement] INFO  server.RaftServerConfigKeys (ConfUtils.java:logGet(46)) - raft.server.log.unsafe-flush.enabled = false (default)
2023-05-23 10:27:31,576 [EventQueue-OpenPipelineForHealthyPipelineSafeModeRule] INFO  safemode.SCMSafeModeManager (HealthyPipelineSafeModeRule.java:process(137)) - SCM in safe mode. Healthy pipelines reported count is 0, required healthy pipeline reported count is 1
2023-05-23 10:27:31,576 [fad86c32-67f1-4b6d-b48a-d8941e8b4fba-groupManagement] INFO  server.RaftServerConfigKeys (ConfUtils.java:logGet(46)) - raft.server.log.async-flush.enabled = false (default)
2023-05-23 10:27:31,576 [fad86c32-67f1-4b6d-b48a-d8941e8b4fba-groupManagement] INFO  server.RaftServerConfigKeys (ConfUtils.java:logGet(46)) - raft.server.log.statemachine.data.caching.enabled = true (custom)
2023-05-23 10:27:31,576 [fad86c32-67f1-4b6d-b48a-d8941e8b4fba-groupManagement] INFO  segmented.SegmentedRaftLogWorker (SegmentedRaftLogWorker.java:lambda$new$0(135)) - fad86c32-67f1-4b6d-b48a-d8941e8b4fba@group-B2D228E39E14-SegmentedRaftLogWorker: flushIndex: setUnconditionally 0 -> -1
2023-05-23 10:27:31,576 [fad86c32-67f1-4b6d-b48a-d8941e8b4fba-groupManagement] INFO  segmented.SegmentedRaftLogWorker (SegmentedRaftLogWorker.java:lambda$new$0(135)) - fad86c32-67f1-4b6d-b48a-d8941e8b4fba@group-B2D228E39E14-SegmentedRaftLogWorker: safeCacheEvictIndex: setUnconditionally 0 -> -1
2023-05-23 10:27:31,577 [fad86c32-67f1-4b6d-b48a-d8941e8b4fba-groupManagement] INFO  server.RaftServer$Division (RaftServerImpl.java:start(342)) - fad86c32-67f1-4b6d-b48a-d8941e8b4fba@group-B2D228E39E14: start as a follower, conf=-1: peers:[fad86c32-67f1-4b6d-b48a-d8941e8b4fba|rpc:10.1.0.38:15205|admin:10.1.0.38:15204|client:10.1.0.38:15203|dataStream:10.1.0.38:15206|priority:1|startupRole:FOLLOWER]|listeners:[], old=null
2023-05-23 10:27:31,577 [fad86c32-67f1-4b6d-b48a-d8941e8b4fba-groupManagement] INFO  server.RaftServer$Division (RaftServerImpl.java:setRole(329)) - fad86c32-67f1-4b6d-b48a-d8941e8b4fba@group-B2D228E39E14: changes role from      null to FOLLOWER at term 0 for startAsFollower
2023-05-23 10:27:31,577 [fad86c32-67f1-4b6d-b48a-d8941e8b4fba-groupManagement] INFO  impl.RoleInfo (RoleInfo.java:updateAndGet(139)) - fad86c32-67f1-4b6d-b48a-d8941e8b4fba: start fad86c32-67f1-4b6d-b48a-d8941e8b4fba@group-B2D228E39E14-FollowerState
2023-05-23 10:27:31,577 [fad86c32-67f1-4b6d-b48a-d8941e8b4fba-groupManagement] INFO  util.JmxRegister (JmxRegister.java:tryRegister(44)) - Successfully registered JMX Bean with object name Ratis:service=RaftServer,group=group-B2D228E39E14,id=fad86c32-67f1-4b6d-b48a-d8941e8b4fba
2023-05-23 10:27:31,577 [fad86c32-67f1-4b6d-b48a-d8941e8b4fba@group-B2D228E39E14-FollowerState] INFO  server.RaftServerConfigKeys (ConfUtils.java:logFallback(53)) - raft.server.rpc.first-election.timeout.min = 5s (fallback to raft.server.rpc.timeout.min)
2023-05-23 10:27:31,577 [fad86c32-67f1-4b6d-b48a-d8941e8b4fba-groupManagement] INFO  server.RaftServerConfigKeys (ConfUtils.java:logGet(46)) - raft.server.snapshot.auto.trigger.enabled = true (custom)
2023-05-23 10:27:31,577 [fad86c32-67f1-4b6d-b48a-d8941e8b4fba@group-B2D228E39E14-FollowerState] INFO  server.RaftServerConfigKeys (ConfUtils.java:logFallback(53)) - raft.server.rpc.first-election.timeout.max = 5200ms (fallback to raft.server.rpc.timeout.max)
2023-05-23 10:27:31,577 [fad86c32-67f1-4b6d-b48a-d8941e8b4fba-groupManagement] INFO  server.RaftServerConfigKeys (ConfUtils.java:logGet(46)) - raft.server.snapshot.auto.trigger.threshold = 10000 (custom)
2023-05-23 10:27:31,577 [fad86c32-67f1-4b6d-b48a-d8941e8b4fba-groupManagement] INFO  server.RaftServerConfigKeys (ConfUtils.java:logGet(46)) - raft.server.snapshot.retention.file.num = 5 (custom)
2023-05-23 10:27:31,577 [fad86c32-67f1-4b6d-b48a-d8941e8b4fba-groupManagement] INFO  server.RaftServerConfigKeys (ConfUtils.java:logGet(46)) - raft.server.log.purge.upto.snapshot.index = false (default)
2023-05-23 10:27:31,578 [Command processor thread] INFO  ratis.XceiverServerRatis (XceiverServerRatis.java:addGroup(806)) - Created group PipelineID=bf29fd44-6b6a-4218-9b55-b2d228e39e14
2023-05-23 10:27:31,578 [Command processor thread] INFO  commandhandler.CreatePipelineCommandHandler (CreatePipelineCommandHandler.java:handle(113)) - Created Pipeline RATIS ONE PipelineID=bf29fd44-6b6a-4218-9b55-b2d228e39e14.
2023-05-23 10:27:31,578 [Command processor thread] INFO  server.RaftServer (RaftServerProxy.java:addNew(98)) - fad86c32-67f1-4b6d-b48a-d8941e8b4fba: addNew group-7FDC898A2B18:[fad86c32-67f1-4b6d-b48a-d8941e8b4fba|rpc:10.1.0.38:15205|admin:10.1.0.38:15204|client:10.1.0.38:15203|dataStream:10.1.0.38:15206|priority:0|startupRole:FOLLOWER, 85fe1515-2b71-4688-862a-26af69046f00|rpc:10.1.0.38:15221|admin:10.1.0.38:15220|client:10.1.0.38:15219|dataStream:10.1.0.38:15222|priority:1|startupRole:FOLLOWER, 8252e408-c982-4bc9-a7b5-c82dcdf99b6f|rpc:10.1.0.38:15213|admin:10.1.0.38:15212|client:10.1.0.38:15211|dataStream:10.1.0.38:15214|priority:0|startupRole:FOLLOWER] returns group-7FDC898A2B18:java.util.concurrent.CompletableFuture@7bf2204a[Not completed]
2023-05-23 10:27:31,579 [fad86c32-67f1-4b6d-b48a-d8941e8b4fba-groupManagement] INFO  server.RaftServer$Division (RaftServerImpl.java:<init>(198)) - fad86c32-67f1-4b6d-b48a-d8941e8b4fba: new RaftServerImpl for group-7FDC898A2B18:[fad86c32-67f1-4b6d-b48a-d8941e8b4fba|rpc:10.1.0.38:15205|admin:10.1.0.38:15204|client:10.1.0.38:15203|dataStream:10.1.0.38:15206|priority:0|startupRole:FOLLOWER, 85fe1515-2b71-4688-862a-26af69046f00|rpc:10.1.0.38:15221|admin:10.1.0.38:15220|client:10.1.0.38:15219|dataStream:10.1.0.38:15222|priority:1|startupRole:FOLLOWER, 8252e408-c982-4bc9-a7b5-c82dcdf99b6f|rpc:10.1.0.38:15213|admin:10.1.0.38:15212|client:10.1.0.38:15211|dataStream:10.1.0.38:15214|priority:0|startupRole:FOLLOWER] with ContainerStateMachine:uninitialized
2023-05-23 10:27:31,579 [fad86c32-67f1-4b6d-b48a-d8941e8b4fba-groupManagement] INFO  server.RaftServerConfigKeys (ConfUtils.java:logGet(46)) - raft.server.rpc.timeout.min = 5s (custom)
2023-05-23 10:27:31,579 [fad86c32-67f1-4b6d-b48a-d8941e8b4fba-groupManagement] INFO  server.RaftServerConfigKeys (ConfUtils.java:logGet(46)) - raft.server.rpc.timeout.max = 5200ms (custom)
2023-05-23 10:27:31,579 [fad86c32-67f1-4b6d-b48a-d8941e8b4fba-groupManagement] INFO  server.RaftServerConfigKeys (ConfUtils.java:logGet(46)) - raft.server.rpc.sleep.time = 25ms (default)
2023-05-23 10:27:31,579 [fad86c32-67f1-4b6d-b48a-d8941e8b4fba-groupManagement] INFO  server.RaftServerConfigKeys (ConfUtils.java:logGet(46)) - raft.server.rpc.slowness.timeout = 300s (custom)
2023-05-23 10:27:31,579 [fad86c32-67f1-4b6d-b48a-d8941e8b4fba-groupManagement] INFO  server.RaftServerConfigKeys (ConfUtils.java:logGet(46)) - raft.server.leaderelection.leader.step-down.wait-time = 10s (default)
2023-05-23 10:27:31,579 [fad86c32-67f1-4b6d-b48a-d8941e8b4fba-groupManagement] INFO  server.RaftServerConfigKeys (ConfUtils.java:logGet(46)) - raft.server.sleep.deviation.threshold = 300ms (default)
2023-05-23 10:27:31,579 [fad86c32-67f1-4b6d-b48a-d8941e8b4fba-groupManagement] INFO  server.RaftServer$Division (ServerState.java:<init>(120)) - fad86c32-67f1-4b6d-b48a-d8941e8b4fba@group-7FDC898A2B18: ConfigurationManager, init=-1: peers:[fad86c32-67f1-4b6d-b48a-d8941e8b4fba|rpc:10.1.0.38:15205|admin:10.1.0.38:15204|client:10.1.0.38:15203|dataStream:10.1.0.38:15206|priority:0|startupRole:FOLLOWER, 85fe1515-2b71-4688-862a-26af69046f00|rpc:10.1.0.38:15221|admin:10.1.0.38:15220|client:10.1.0.38:15219|dataStream:10.1.0.38:15222|priority:1|startupRole:FOLLOWER, 8252e408-c982-4bc9-a7b5-c82dcdf99b6f|rpc:10.1.0.38:15213|admin:10.1.0.38:15212|client:10.1.0.38:15211|dataStream:10.1.0.38:15214|priority:0|startupRole:FOLLOWER]|listeners:[], old=null, confs=<EMPTY_MAP>
2023-05-23 10:27:31,580 [fad86c32-67f1-4b6d-b48a-d8941e8b4fba-groupManagement] INFO  server.RaftServerConfigKeys (ConfUtils.java:logGet(46)) - raft.server.storage.dir = [/home/runner/work/ozone/ozone/hadoop-ozone/integration-test/target/test-dir/MiniOzoneClusterImpl-1448f794-6d1a-4b49-b7b3-e839f56d4fba/datanode-0/data/ratis] (custom)
2023-05-23 10:27:31,580 [fad86c32-67f1-4b6d-b48a-d8941e8b4fba-groupManagement] INFO  server.RaftServerConfigKeys (ConfUtils.java:logGet(46)) - raft.server.log.corruption.policy = EXCEPTION (default)
2023-05-23 10:27:31,580 [fad86c32-67f1-4b6d-b48a-d8941e8b4fba-groupManagement] INFO  server.RaftServerConfigKeys (ConfUtils.java:logGet(46)) - raft.server.storage.free-space.min = 0MB (=0) (default)
2023-05-23 10:27:31,580 [fad86c32-67f1-4b6d-b48a-d8941e8b4fba-groupManagement] INFO  server.RaftServerConfigKeys (ConfUtils.java:logGet(46)) - raft.server.notification.no-leader.timeout = 300s (custom)
2023-05-23 10:27:31,580 [fad86c32-67f1-4b6d-b48a-d8941e8b4fba-groupManagement] INFO  server.RaftServerConfigKeys (ConfUtils.java:logGet(46)) - raft.server.read.timeout = 10s (default)
2023-05-23 10:27:31,580 [fad86c32-67f1-4b6d-b48a-d8941e8b4fba-groupManagement] INFO  server.RaftServerConfigKeys (ConfUtils.java:logGet(46)) - raft.server.retrycache.expirytime = 600000ms (custom)
2023-05-23 10:27:31,580 [fad86c32-67f1-4b6d-b48a-d8941e8b4fba-groupManagement] INFO  server.RaftServerConfigKeys (ConfUtils.java:logGet(46)) - raft.server.retrycache.statistics.expirytime = 100μs (default)
2023-05-23 10:27:31,581 [fad86c32-67f1-4b6d-b48a-d8941e8b4fba-groupManagement] INFO  server.RaftServerConfigKeys (ConfUtils.java:logGet(46)) - raft.server.read.option = DEFAULT (default)
2023-05-23 10:27:31,581 [fad86c32-67f1-4b6d-b48a-d8941e8b4fba-groupManagement] INFO  server.RaftServerConfigKeys (ConfUtils.java:logGet(46)) - raft.server.rpc.request.timeout = 60s (custom)
2023-05-23 10:27:31,581 [fad86c32-67f1-4b6d-b48a-d8941e8b4fba-groupManagement] INFO  server.RaftServerConfigKeys (ConfUtils.java:logGet(46)) - raft.server.log.appender.install.snapshot.enabled = false (custom)
2023-05-23 10:27:31,581 [fad86c32-67f1-4b6d-b48a-d8941e8b4fba-groupManagement] INFO  server.RaftServerConfigKeys (ConfUtils.java:logGet(46)) - raft.server.threadpool.server.cached = true (default)
2023-05-23 10:27:31,581 [fad86c32-67f1-4b6d-b48a-d8941e8b4fba-groupManagement] INFO  server.RaftServerConfigKeys (ConfUtils.java:logGet(46)) - raft.server.threadpool.server.size = 0 (default)
2023-05-23 10:27:31,581 [fad86c32-67f1-4b6d-b48a-d8941e8b4fba-groupManagement] INFO  server.RaftServerConfigKeys (ConfUtils.java:logGet(46)) - raft.server.threadpool.client.cached = true (default)
2023-05-23 10:27:31,581 [fad86c32-67f1-4b6d-b48a-d8941e8b4fba-groupManagement] INFO  server.RaftServerConfigKeys (ConfUtils.java:logGet(46)) - raft.server.threadpool.client.size = 0 (default)
2023-05-23 10:27:31,581 [fad86c32-67f1-4b6d-b48a-d8941e8b4fba-groupManagement] INFO  storage.RaftStorageDirectory (RaftStorageDirectoryImpl.java:analyzeStorage(137)) - The storage directory /home/runner/work/ozone/ozone/hadoop-ozone/integration-test/target/test-dir/MiniOzoneClusterImpl-1448f794-6d1a-4b49-b7b3-e839f56d4fba/datanode-0/data/ratis/b47636c3-2d9f-4218-b1b8-7fdc898a2b18 does not exist. Creating ...
2023-05-23 10:27:31,583 [fad86c32-67f1-4b6d-b48a-d8941e8b4fba-groupManagement] INFO  storage.RaftStorageDirectory (RaftStorageDirectoryImpl.java:tryLock(231)) - Lock on /home/runner/work/ozone/ozone/hadoop-ozone/integration-test/target/test-dir/MiniOzoneClusterImpl-1448f794-6d1a-4b49-b7b3-e839f56d4fba/datanode-0/data/ratis/b47636c3-2d9f-4218-b1b8-7fdc898a2b18/in_use.lock acquired by nodename 10384@fv-az1249-304
2023-05-23 10:27:31,585 [fad86c32-67f1-4b6d-b48a-d8941e8b4fba-groupManagement] INFO  storage.RaftStorage (RaftStorageImpl.java:format(96)) - Storage directory /home/runner/work/ozone/ozone/hadoop-ozone/integration-test/target/test-dir/MiniOzoneClusterImpl-1448f794-6d1a-4b49-b7b3-e839f56d4fba/datanode-0/data/ratis/b47636c3-2d9f-4218-b1b8-7fdc898a2b18 has been successfully formatted.
2023-05-23 10:27:31,585 [fad86c32-67f1-4b6d-b48a-d8941e8b4fba-groupManagement] INFO  ratis.ContainerStateMachine (ContainerStateMachine.java:loadSnapshot(262)) - group-7FDC898A2B18: The snapshot info is null. Setting the last applied indexto:(t:0, i:~)
2023-05-23 10:27:31,585 [fad86c32-67f1-4b6d-b48a-d8941e8b4fba-groupManagement] INFO  server.RaftServerConfigKeys (ConfUtils.java:logGet(46)) - raft.server.log.use.memory = false (default)
2023-05-23 10:27:31,585 [fad86c32-67f1-4b6d-b48a-d8941e8b4fba-groupManagement] INFO  server.RaftServerConfigKeys (ConfUtils.java:logGet(46)) - raft.server.log.purge.gap = 1000000 (custom)
2023-05-23 10:27:31,585 [fad86c32-67f1-4b6d-b48a-d8941e8b4fba-groupManagement] INFO  server.RaftServerConfigKeys (ConfUtils.java:logGet(46)) - raft.server.log.appender.buffer.byte-limit = 33554432 (custom)
2023-05-23 10:27:31,585 [fad86c32-67f1-4b6d-b48a-d8941e8b4fba-groupManagement] INFO  server.RaftServerConfigKeys (ConfUtils.java:logGet(46)) - raft.server.log.statemachine.data.read.timeout = 1000ms (default)
2023-05-23 10:27:31,585 [fad86c32-67f1-4b6d-b48a-d8941e8b4fba-groupManagement] INFO  server.RaftServerConfigKeys (ConfUtils.java:logGet(46)) - raft.server.log.purge.preservation.log.num = 0 (default)
2023-05-23 10:27:31,586 [fad86c32-67f1-4b6d-b48a-d8941e8b4fba-groupManagement] INFO  server.RaftServerConfigKeys (ConfUtils.java:logGet(46)) - raft.server.log.segment.size.max = 1048576 (custom)
2023-05-23 10:27:31,586 [fad86c32-67f1-4b6d-b48a-d8941e8b4fba-groupManagement] INFO  server.RaftServerConfigKeys (ConfUtils.java:logGet(46)) - raft.server.log.segment.cache.num.max = 2 (custom)
2023-05-23 10:27:31,586 [fad86c32-67f1-4b6d-b48a-d8941e8b4fba-groupManagement] INFO  server.RaftServerConfigKeys (ConfUtils.java:logGet(46)) - raft.server.log.segment.cache.size.max = 200MB (=209715200) (default)
2023-05-23 10:27:31,586 [fad86c32-67f1-4b6d-b48a-d8941e8b4fba-groupManagement] INFO  server.RaftServerConfigKeys (ConfUtils.java:logGet(46)) - raft.server.log.appender.buffer.byte-limit = 33554432 (custom)
2023-05-23 10:27:31,586 [fad86c32-67f1-4b6d-b48a-d8941e8b4fba-groupManagement] INFO  segmented.SegmentedRaftLogWorker (SegmentedRaftLogWorker.java:<init>(188)) - new fad86c32-67f1-4b6d-b48a-d8941e8b4fba@group-7FDC898A2B18-SegmentedRaftLogWorker for RaftStorageImpl:Storage Directory /home/runner/work/ozone/ozone/hadoop-ozone/integration-test/target/test-dir/MiniOzoneClusterImpl-1448f794-6d1a-4b49-b7b3-e839f56d4fba/datanode-0/data/ratis/b47636c3-2d9f-4218-b1b8-7fdc898a2b18
2023-05-23 10:27:31,586 [fad86c32-67f1-4b6d-b48a-d8941e8b4fba-groupManagement] INFO  server.RaftServerConfigKeys (ConfUtils.java:logGet(46)) - raft.server.log.queue.byte-limit = 4294967296 (custom)
2023-05-23 10:27:31,586 [fad86c32-67f1-4b6d-b48a-d8941e8b4fba-groupManagement] INFO  server.RaftServerConfigKeys (ConfUtils.java:logGet(46)) - raft.server.log.queue.element-limit = 1024 (custom)
2023-05-23 10:27:31,586 [fad86c32-67f1-4b6d-b48a-d8941e8b4fba-groupManagement] INFO  server.RaftServerConfigKeys (ConfUtils.java:logGet(46)) - raft.server.log.segment.size.max = 1048576 (custom)
2023-05-23 10:27:31,586 [fad86c32-67f1-4b6d-b48a-d8941e8b4fba-groupManagement] INFO  server.RaftServerConfigKeys (ConfUtils.java:logGet(46)) - raft.server.log.preallocated.size = 16384 (custom)
2023-05-23 10:27:31,586 [fad86c32-67f1-4b6d-b48a-d8941e8b4fba-groupManagement] INFO  server.RaftServerConfigKeys (ConfUtils.java:logGet(46)) - raft.server.log.force.sync.num = 128 (default)
2023-05-23 10:27:31,586 [fad86c32-67f1-4b6d-b48a-d8941e8b4fba-groupManagement] INFO  server.RaftServerConfigKeys (ConfUtils.java:logGet(46)) - raft.server.log.statemachine.data.sync = true (default)
2023-05-23 10:27:31,586 [fad86c32-67f1-4b6d-b48a-d8941e8b4fba-groupManagement] INFO  server.RaftServerConfigKeys (ConfUtils.java:logGet(46)) - raft.server.log.statemachine.data.sync.timeout = 10s (default)
2023-05-23 10:27:31,586 [fad86c32-67f1-4b6d-b48a-d8941e8b4fba-groupManagement] INFO  server.RaftServerConfigKeys (ConfUtils.java:logGet(46)) - raft.server.log.statemachine.data.sync.timeout.retry = -1 (default)
2023-05-23 10:27:31,587 [fad86c32-67f1-4b6d-b48a-d8941e8b4fba-groupManagement] INFO  server.RaftServerConfigKeys (ConfUtils.java:logGet(46)) - raft.server.log.write.buffer.size = 1048576 (custom)
2023-05-23 10:27:31,588 [fad86c32-67f1-4b6d-b48a-d8941e8b4fba-groupManagement] INFO  server.RaftServerConfigKeys (ConfUtils.java:logGet(46)) - raft.server.log.appender.buffer.byte-limit = 33554432 (custom)
2023-05-23 10:27:31,694 [JvmPauseMonitor28] WARN  util.JvmPauseMonitor (JvmPauseMonitor.java:detectPause(124)) - JvmPauseMonitor-c218ba02-a349-461c-9b33-7224d749d428: Detected pause in JVM or host machine approximately 0.101s with 0.106s GC time.
GC pool 'PS Scavenge' had collection(s): count=1 time=106ms
2023-05-23 10:27:31,697 [EventQueue-OpenPipelineForHealthyPipelineSafeModeRule] INFO  safemode.SCMSafeModeManager (HealthyPipelineSafeModeRule.java:process(137)) - SCM in safe mode. Healthy pipelines reported count is 0, required healthy pipeline reported count is 1
2023-05-23 10:27:31,703 [fad86c32-67f1-4b6d-b48a-d8941e8b4fba-groupManagement] INFO  server.RaftServerConfigKeys (ConfUtils.java:logGet(46)) - raft.server.log.unsafe-flush.enabled = false (default)
2023-05-23 10:27:31,703 [fad86c32-67f1-4b6d-b48a-d8941e8b4fba-groupManagement] INFO  server.RaftServerConfigKeys (ConfUtils.java:logGet(46)) - raft.server.log.async-flush.enabled = false (default)
2023-05-23 10:27:31,703 [fad86c32-67f1-4b6d-b48a-d8941e8b4fba-groupManagement] INFO  server.RaftServerConfigKeys (ConfUtils.java:logGet(46)) - raft.server.log.statemachine.data.caching.enabled = true (custom)
2023-05-23 10:27:31,704 [fad86c32-67f1-4b6d-b48a-d8941e8b4fba-groupManagement] INFO  segmented.SegmentedRaftLogWorker (SegmentedRaftLogWorker.java:lambda$new$0(135)) - fad86c32-67f1-4b6d-b48a-d8941e8b4fba@group-7FDC898A2B18-SegmentedRaftLogWorker: flushIndex: setUnconditionally 0 -> -1
2023-05-23 10:27:31,704 [fad86c32-67f1-4b6d-b48a-d8941e8b4fba-groupManagement] INFO  segmented.SegmentedRaftLogWorker (SegmentedRaftLogWorker.java:lambda$new$0(135)) - fad86c32-67f1-4b6d-b48a-d8941e8b4fba@group-7FDC898A2B18-SegmentedRaftLogWorker: safeCacheEvictIndex: setUnconditionally 0 -> -1
2023-05-23 10:27:31,704 [fad86c32-67f1-4b6d-b48a-d8941e8b4fba-groupManagement] INFO  server.RaftServer$Division (RaftServerImpl.java:start(342)) - fad86c32-67f1-4b6d-b48a-d8941e8b4fba@group-7FDC898A2B18: start as a follower, conf=-1: peers:[fad86c32-67f1-4b6d-b48a-d8941e8b4fba|rpc:10.1.0.38:15205|admin:10.1.0.38:15204|client:10.1.0.38:15203|dataStream:10.1.0.38:15206|priority:0|startupRole:FOLLOWER, 85fe1515-2b71-4688-862a-26af69046f00|rpc:10.1.0.38:15221|admin:10.1.0.38:15220|client:10.1.0.38:15219|dataStream:10.1.0.38:15222|priority:1|startupRole:FOLLOWER, 8252e408-c982-4bc9-a7b5-c82dcdf99b6f|rpc:10.1.0.38:15213|admin:10.1.0.38:15212|client:10.1.0.38:15211|dataStream:10.1.0.38:15214|priority:0|startupRole:FOLLOWER]|listeners:[], old=null
2023-05-23 10:27:31,704 [fad86c32-67f1-4b6d-b48a-d8941e8b4fba-groupManagement] INFO  server.RaftServer$Division (RaftServerImpl.java:setRole(329)) - fad86c32-67f1-4b6d-b48a-d8941e8b4fba@group-7FDC898A2B18: changes role from      null to FOLLOWER at term 0 for startAsFollower
2023-05-23 10:27:31,706 [fad86c32-67f1-4b6d-b48a-d8941e8b4fba-groupManagement] INFO  impl.RoleInfo (RoleInfo.java:updateAndGet(139)) - fad86c32-67f1-4b6d-b48a-d8941e8b4fba: start fad86c32-67f1-4b6d-b48a-d8941e8b4fba@group-7FDC898A2B18-FollowerState
2023-05-23 10:27:31,706 [fad86c32-67f1-4b6d-b48a-d8941e8b4fba-groupManagement] INFO  util.JmxRegister (JmxRegister.java:tryRegister(44)) - Successfully registered JMX Bean with object name Ratis:service=RaftServer,group=group-7FDC898A2B18,id=fad86c32-67f1-4b6d-b48a-d8941e8b4fba
2023-05-23 10:27:31,706 [fad86c32-67f1-4b6d-b48a-d8941e8b4fba-groupManagement] INFO  server.RaftServerConfigKeys (ConfUtils.java:logGet(46)) - raft.server.snapshot.auto.trigger.enabled = true (custom)
2023-05-23 10:27:31,706 [fad86c32-67f1-4b6d-b48a-d8941e8b4fba-groupManagement] INFO  server.RaftServerConfigKeys (ConfUtils.java:logGet(46)) - raft.server.snapshot.auto.trigger.threshold = 10000 (custom)
2023-05-23 10:27:31,706 [fad86c32-67f1-4b6d-b48a-d8941e8b4fba-groupManagement] INFO  server.RaftServerConfigKeys (ConfUtils.java:logGet(46)) - raft.server.snapshot.retention.file.num = 5 (custom)
2023-05-23 10:27:31,707 [fad86c32-67f1-4b6d-b48a-d8941e8b4fba-groupManagement] INFO  server.RaftServerConfigKeys (ConfUtils.java:logGet(46)) - raft.server.log.purge.upto.snapshot.index = false (default)
2023-05-23 10:27:31,707 [fad86c32-67f1-4b6d-b48a-d8941e8b4fba@group-7FDC898A2B18-FollowerState] INFO  server.RaftServerConfigKeys (ConfUtils.java:logFallback(53)) - raft.server.rpc.first-election.timeout.min = 5s (fallback to raft.server.rpc.timeout.min)
2023-05-23 10:27:31,707 [fad86c32-67f1-4b6d-b48a-d8941e8b4fba@group-7FDC898A2B18-FollowerState] INFO  server.RaftServerConfigKeys (ConfUtils.java:logFallback(53)) - raft.server.rpc.first-election.timeout.max = 5200ms (fallback to raft.server.rpc.timeout.max)
2023-05-23 10:27:31,709 [Command processor thread] INFO  ratis.XceiverServerRatis (XceiverServerRatis.java:addGroup(806)) - Created group PipelineID=b47636c3-2d9f-4218-b1b8-7fdc898a2b18
2023-05-23 10:27:31,737 [grpc-default-executor-0] INFO  server.RaftServer (RaftServerProxy.java:addNew(98)) - 8252e408-c982-4bc9-a7b5-c82dcdf99b6f: addNew group-7FDC898A2B18:[fad86c32-67f1-4b6d-b48a-d8941e8b4fba|rpc:10.1.0.38:15205|admin:10.1.0.38:15204|client:10.1.0.38:15203|dataStream:10.1.0.38:15206|priority:0|startupRole:FOLLOWER, 85fe1515-2b71-4688-862a-26af69046f00|rpc:10.1.0.38:15221|admin:10.1.0.38:15220|client:10.1.0.38:15219|dataStream:10.1.0.38:15222|priority:1|startupRole:FOLLOWER, 8252e408-c982-4bc9-a7b5-c82dcdf99b6f|rpc:10.1.0.38:15213|admin:10.1.0.38:15212|client:10.1.0.38:15211|dataStream:10.1.0.38:15214|priority:0|startupRole:FOLLOWER] returns group-7FDC898A2B18:java.util.concurrent.CompletableFuture@4bf1677b[Not completed]
2023-05-23 10:27:31,739 [8252e408-c982-4bc9-a7b5-c82dcdf99b6f-groupManagement] INFO  server.RaftServer$Division (RaftServerImpl.java:<init>(198)) - 8252e408-c982-4bc9-a7b5-c82dcdf99b6f: new RaftServerImpl for group-7FDC898A2B18:[fad86c32-67f1-4b6d-b48a-d8941e8b4fba|rpc:10.1.0.38:15205|admin:10.1.0.38:15204|client:10.1.0.38:15203|dataStream:10.1.0.38:15206|priority:0|startupRole:FOLLOWER, 85fe1515-2b71-4688-862a-26af69046f00|rpc:10.1.0.38:15221|admin:10.1.0.38:15220|client:10.1.0.38:15219|dataStream:10.1.0.38:15222|priority:1|startupRole:FOLLOWER, 8252e408-c982-4bc9-a7b5-c82dcdf99b6f|rpc:10.1.0.38:15213|admin:10.1.0.38:15212|client:10.1.0.38:15211|dataStream:10.1.0.38:15214|priority:0|startupRole:FOLLOWER] with ContainerStateMachine:uninitialized
2023-05-23 10:27:31,739 [8252e408-c982-4bc9-a7b5-c82dcdf99b6f-groupManagement] INFO  server.RaftServerConfigKeys (ConfUtils.java:logGet(46)) - raft.server.rpc.timeout.min = 5s (custom)
2023-05-23 10:27:31,739 [8252e408-c982-4bc9-a7b5-c82dcdf99b6f-groupManagement] INFO  server.RaftServerConfigKeys (ConfUtils.java:logGet(46)) - raft.server.rpc.timeout.max = 5200ms (custom)
2023-05-23 10:27:31,739 [8252e408-c982-4bc9-a7b5-c82dcdf99b6f-groupManagement] INFO  server.RaftServerConfigKeys (ConfUtils.java:logGet(46)) - raft.server.rpc.sleep.time = 25ms (default)
2023-05-23 10:27:31,739 [8252e408-c982-4bc9-a7b5-c82dcdf99b6f-groupManagement] INFO  server.RaftServerConfigKeys (ConfUtils.java:logGet(46)) - raft.server.rpc.slowness.timeout = 300s (custom)
2023-05-23 10:27:31,739 [8252e408-c982-4bc9-a7b5-c82dcdf99b6f-groupManagement] INFO  server.RaftServerConfigKeys (ConfUtils.java:logGet(46)) - raft.server.leaderelection.leader.step-down.wait-time = 10s (default)
2023-05-23 10:27:31,739 [8252e408-c982-4bc9-a7b5-c82dcdf99b6f-groupManagement] INFO  server.RaftServerConfigKeys (ConfUtils.java:logGet(46)) - raft.server.sleep.deviation.threshold = 300ms (default)
2023-05-23 10:27:31,739 [8252e408-c982-4bc9-a7b5-c82dcdf99b6f-groupManagement] INFO  server.RaftServer$Division (ServerState.java:<init>(120)) - 8252e408-c982-4bc9-a7b5-c82dcdf99b6f@group-7FDC898A2B18: ConfigurationManager, init=-1: peers:[fad86c32-67f1-4b6d-b48a-d8941e8b4fba|rpc:10.1.0.38:15205|admin:10.1.0.38:15204|client:10.1.0.38:15203|dataStream:10.1.0.38:15206|priority:0|startupRole:FOLLOWER, 85fe1515-2b71-4688-862a-26af69046f00|rpc:10.1.0.38:15221|admin:10.1.0.38:15220|client:10.1.0.38:15219|dataStream:10.1.0.38:15222|priority:1|startupRole:FOLLOWER, 8252e408-c982-4bc9-a7b5-c82dcdf99b6f|rpc:10.1.0.38:15213|admin:10.1.0.38:15212|client:10.1.0.38:15211|dataStream:10.1.0.38:15214|priority:0|startupRole:FOLLOWER]|listeners:[], old=null, confs=<EMPTY_MAP>
2023-05-23 10:27:31,739 [8252e408-c982-4bc9-a7b5-c82dcdf99b6f-groupManagement] INFO  server.RaftServerConfigKeys (ConfUtils.java:logGet(46)) - raft.server.storage.dir = [/home/runner/work/ozone/ozone/hadoop-ozone/integration-test/target/test-dir/MiniOzoneClusterImpl-1448f794-6d1a-4b49-b7b3-e839f56d4fba/datanode-1/data/ratis] (custom)
2023-05-23 10:27:31,739 [8252e408-c982-4bc9-a7b5-c82dcdf99b6f-groupManagement] INFO  server.RaftServerConfigKeys (ConfUtils.java:logGet(46)) - raft.server.log.corruption.policy = EXCEPTION (default)
2023-05-23 10:27:31,739 [8252e408-c982-4bc9-a7b5-c82dcdf99b6f-groupManagement] INFO  server.RaftServerConfigKeys (ConfUtils.java:logGet(46)) - raft.server.storage.free-space.min = 0MB (=0) (default)
2023-05-23 10:27:31,740 [8252e408-c982-4bc9-a7b5-c82dcdf99b6f-groupManagement] INFO  server.RaftServerConfigKeys (ConfUtils.java:logGet(46)) - raft.server.notification.no-leader.timeout = 300s (custom)
2023-05-23 10:27:31,740 [8252e408-c982-4bc9-a7b5-c82dcdf99b6f-groupManagement] INFO  server.RaftServerConfigKeys (ConfUtils.java:logGet(46)) - raft.server.read.timeout = 10s (default)
2023-05-23 10:27:31,740 [8252e408-c982-4bc9-a7b5-c82dcdf99b6f-groupManagement] INFO  server.RaftServerConfigKeys (ConfUtils.java:logGet(46)) - raft.server.retrycache.expirytime = 600000ms (custom)
2023-05-23 10:27:31,740 [8252e408-c982-4bc9-a7b5-c82dcdf99b6f-groupManagement] INFO  server.RaftServerConfigKeys (ConfUtils.java:logGet(46)) - raft.server.retrycache.statistics.expirytime = 100μs (default)
2023-05-23 10:27:31,740 [8252e408-c982-4bc9-a7b5-c82dcdf99b6f-groupManagement] INFO  server.RaftServerConfigKeys (ConfUtils.java:logGet(46)) - raft.server.read.option = DEFAULT (default)
2023-05-23 10:27:31,740 [8252e408-c982-4bc9-a7b5-c82dcdf99b6f-groupManagement] INFO  server.RaftServerConfigKeys (ConfUtils.java:logGet(46)) - raft.server.rpc.request.timeout = 60s (custom)
2023-05-23 10:27:31,740 [8252e408-c982-4bc9-a7b5-c82dcdf99b6f-groupManagement] INFO  server.RaftServerConfigKeys (ConfUtils.java:logGet(46)) - raft.server.log.appender.install.snapshot.enabled = false (custom)
2023-05-23 10:27:31,740 [8252e408-c982-4bc9-a7b5-c82dcdf99b6f-groupManagement] INFO  server.RaftServerConfigKeys (ConfUtils.java:logGet(46)) - raft.server.threadpool.server.cached = true (default)
2023-05-23 10:27:31,740 [8252e408-c982-4bc9-a7b5-c82dcdf99b6f-groupManagement] INFO  server.RaftServerConfigKeys (ConfUtils.java:logGet(46)) - raft.server.threadpool.server.size = 0 (default)
2023-05-23 10:27:31,740 [8252e408-c982-4bc9-a7b5-c82dcdf99b6f-groupManagement] INFO  server.RaftServerConfigKeys (ConfUtils.java:logGet(46)) - raft.server.threadpool.client.cached = true (default)
2023-05-23 10:27:31,741 [8252e408-c982-4bc9-a7b5-c82dcdf99b6f-groupManagement] INFO  server.RaftServerConfigKeys (ConfUtils.java:logGet(46)) - raft.server.threadpool.client.size = 0 (default)
2023-05-23 10:27:31,741 [8252e408-c982-4bc9-a7b5-c82dcdf99b6f-groupManagement] INFO  storage.RaftStorageDirectory (RaftStorageDirectoryImpl.java:analyzeStorage(137)) - The storage directory /home/runner/work/ozone/ozone/hadoop-ozone/integration-test/target/test-dir/MiniOzoneClusterImpl-1448f794-6d1a-4b49-b7b3-e839f56d4fba/datanode-1/data/ratis/b47636c3-2d9f-4218-b1b8-7fdc898a2b18 does not exist. Creating ...
2023-05-23 10:27:31,742 [8252e408-c982-4bc9-a7b5-c82dcdf99b6f-groupManagement] INFO  storage.RaftStorageDirectory (RaftStorageDirectoryImpl.java:tryLock(231)) - Lock on /home/runner/work/ozone/ozone/hadoop-ozone/integration-test/target/test-dir/MiniOzoneClusterImpl-1448f794-6d1a-4b49-b7b3-e839f56d4fba/datanode-1/data/ratis/b47636c3-2d9f-4218-b1b8-7fdc898a2b18/in_use.lock acquired by nodename 10384@fv-az1249-304
2023-05-23 10:27:31,744 [8252e408-c982-4bc9-a7b5-c82dcdf99b6f-groupManagement] INFO  storage.RaftStorage (RaftStorageImpl.java:format(96)) - Storage directory /home/runner/work/ozone/ozone/hadoop-ozone/integration-test/target/test-dir/MiniOzoneClusterImpl-1448f794-6d1a-4b49-b7b3-e839f56d4fba/datanode-1/data/ratis/b47636c3-2d9f-4218-b1b8-7fdc898a2b18 has been successfully formatted.
2023-05-23 10:27:31,746 [8252e408-c982-4bc9-a7b5-c82dcdf99b6f-groupManagement] INFO  ratis.ContainerStateMachine (ContainerStateMachine.java:loadSnapshot(262)) - group-7FDC898A2B18: The snapshot info is null. Setting the last applied indexto:(t:0, i:~)
2023-05-23 10:27:31,746 [8252e408-c982-4bc9-a7b5-c82dcdf99b6f-groupManagement] INFO  server.RaftServerConfigKeys (ConfUtils.java:logGet(46)) - raft.server.log.use.memory = false (default)
2023-05-23 10:27:31,746 [8252e408-c982-4bc9-a7b5-c82dcdf99b6f-groupManagement] INFO  server.RaftServerConfigKeys (ConfUtils.java:logGet(46)) - raft.server.log.purge.gap = 1000000 (custom)
2023-05-23 10:27:31,746 [8252e408-c982-4bc9-a7b5-c82dcdf99b6f-groupManagement] INFO  server.RaftServerConfigKeys (ConfUtils.java:logGet(46)) - raft.server.log.appender.buffer.byte-limit = 33554432 (custom)
2023-05-23 10:27:31,746 [8252e408-c982-4bc9-a7b5-c82dcdf99b6f-groupManagement] INFO  server.RaftServerConfigKeys (ConfUtils.java:logGet(46)) - raft.server.log.statemachine.data.read.timeout = 1000ms (default)
2023-05-23 10:27:31,746 [8252e408-c982-4bc9-a7b5-c82dcdf99b6f-groupManagement] INFO  server.RaftServerConfigKeys (ConfUtils.java:logGet(46)) - raft.server.log.purge.preservation.log.num = 0 (default)
2023-05-23 10:27:31,747 [8252e408-c982-4bc9-a7b5-c82dcdf99b6f-groupManagement] INFO  server.RaftServerConfigKeys (ConfUtils.java:logGet(46)) - raft.server.log.segment.size.max = 1048576 (custom)
2023-05-23 10:27:31,747 [8252e408-c982-4bc9-a7b5-c82dcdf99b6f-groupManagement] INFO  server.RaftServerConfigKeys (ConfUtils.java:logGet(46)) - raft.server.log.segment.cache.num.max = 2 (custom)
2023-05-23 10:27:31,747 [8252e408-c982-4bc9-a7b5-c82dcdf99b6f-groupManagement] INFO  server.RaftServerConfigKeys (ConfUtils.java:logGet(46)) - raft.server.log.segment.cache.size.max = 200MB (=209715200) (default)
2023-05-23 10:27:31,747 [8252e408-c982-4bc9-a7b5-c82dcdf99b6f-groupManagement] INFO  server.RaftServerConfigKeys (ConfUtils.java:logGet(46)) - raft.server.log.appender.buffer.byte-limit = 33554432 (custom)
2023-05-23 10:27:31,747 [8252e408-c982-4bc9-a7b5-c82dcdf99b6f-groupManagement] INFO  segmented.SegmentedRaftLogWorker (SegmentedRaftLogWorker.java:<init>(188)) - new 8252e408-c982-4bc9-a7b5-c82dcdf99b6f@group-7FDC898A2B18-SegmentedRaftLogWorker for RaftStorageImpl:Storage Directory /home/runner/work/ozone/ozone/hadoop-ozone/integration-test/target/test-dir/MiniOzoneClusterImpl-1448f794-6d1a-4b49-b7b3-e839f56d4fba/datanode-1/data/ratis/b47636c3-2d9f-4218-b1b8-7fdc898a2b18
2023-05-23 10:27:31,747 [8252e408-c982-4bc9-a7b5-c82dcdf99b6f-groupManagement] INFO  server.RaftServerConfigKeys (ConfUtils.java:logGet(46)) - raft.server.log.queue.byte-limit = 4294967296 (custom)
2023-05-23 10:27:31,747 [8252e408-c982-4bc9-a7b5-c82dcdf99b6f-groupManagement] INFO  server.RaftServerConfigKeys (ConfUtils.java:logGet(46)) - raft.server.log.queue.element-limit = 1024 (custom)
2023-05-23 10:27:31,747 [8252e408-c982-4bc9-a7b5-c82dcdf99b6f-groupManagement] INFO  server.RaftServerConfigKeys (ConfUtils.java:logGet(46)) - raft.server.log.segment.size.max = 1048576 (custom)
2023-05-23 10:27:31,747 [8252e408-c982-4bc9-a7b5-c82dcdf99b6f-groupManagement] INFO  server.RaftServerConfigKeys (ConfUtils.java:logGet(46)) - raft.server.log.preallocated.size = 16384 (custom)
2023-05-23 10:27:31,747 [8252e408-c982-4bc9-a7b5-c82dcdf99b6f-groupManagement] INFO  server.RaftServerConfigKeys (ConfUtils.java:logGet(46)) - raft.server.log.force.sync.num = 128 (default)
2023-05-23 10:27:31,747 [8252e408-c982-4bc9-a7b5-c82dcdf99b6f-groupManagement] INFO  server.RaftServerConfigKeys (ConfUtils.java:logGet(46)) - raft.server.log.statemachine.data.sync = true (default)
2023-05-23 10:27:31,747 [8252e408-c982-4bc9-a7b5-c82dcdf99b6f-groupManagement] INFO  server.RaftServerConfigKeys (ConfUtils.java:logGet(46)) - raft.server.log.statemachine.data.sync.timeout = 10s (default)
2023-05-23 10:27:31,747 [8252e408-c982-4bc9-a7b5-c82dcdf99b6f-groupManagement] INFO  server.RaftServerConfigKeys (ConfUtils.java:logGet(46)) - raft.server.log.statemachine.data.sync.timeout.retry = -1 (default)
2023-05-23 10:27:31,748 [8252e408-c982-4bc9-a7b5-c82dcdf99b6f-groupManagement] INFO  server.RaftServerConfigKeys (ConfUtils.java:logGet(46)) - raft.server.log.write.buffer.size = 1048576 (custom)
2023-05-23 10:27:31,749 [8252e408-c982-4bc9-a7b5-c82dcdf99b6f-groupManagement] INFO  server.RaftServerConfigKeys (ConfUtils.java:logGet(46)) - raft.server.log.appender.buffer.byte-limit = 33554432 (custom)
2023-05-23 10:27:31,754 [8252e408-c982-4bc9-a7b5-c82dcdf99b6f-groupManagement] INFO  server.RaftServerConfigKeys (ConfUtils.java:logGet(46)) - raft.server.log.unsafe-flush.enabled = false (default)
2023-05-23 10:27:31,754 [8252e408-c982-4bc9-a7b5-c82dcdf99b6f-groupManagement] INFO  server.RaftServerConfigKeys (ConfUtils.java:logGet(46)) - raft.server.log.async-flush.enabled = false (default)
2023-05-23 10:27:31,754 [8252e408-c982-4bc9-a7b5-c82dcdf99b6f-groupManagement] INFO  server.RaftServerConfigKeys (ConfUtils.java:logGet(46)) - raft.server.log.statemachine.data.caching.enabled = true (custom)
2023-05-23 10:27:31,754 [8252e408-c982-4bc9-a7b5-c82dcdf99b6f-groupManagement] INFO  segmented.SegmentedRaftLogWorker (SegmentedRaftLogWorker.java:lambda$new$0(135)) - 8252e408-c982-4bc9-a7b5-c82dcdf99b6f@group-7FDC898A2B18-SegmentedRaftLogWorker: flushIndex: setUnconditionally 0 -> -1
2023-05-23 10:27:31,754 [8252e408-c982-4bc9-a7b5-c82dcdf99b6f-groupManagement] INFO  segmented.SegmentedRaftLogWorker (SegmentedRaftLogWorker.java:lambda$new$0(135)) - 8252e408-c982-4bc9-a7b5-c82dcdf99b6f@group-7FDC898A2B18-SegmentedRaftLogWorker: safeCacheEvictIndex: setUnconditionally 0 -> -1
2023-05-23 10:27:31,755 [8252e408-c982-4bc9-a7b5-c82dcdf99b6f-groupManagement] INFO  server.RaftServer$Division (RaftServerImpl.java:start(342)) - 8252e408-c982-4bc9-a7b5-c82dcdf99b6f@group-7FDC898A2B18: start as a follower, conf=-1: peers:[fad86c32-67f1-4b6d-b48a-d8941e8b4fba|rpc:10.1.0.38:15205|admin:10.1.0.38:15204|client:10.1.0.38:15203|dataStream:10.1.0.38:15206|priority:0|startupRole:FOLLOWER, 85fe1515-2b71-4688-862a-26af69046f00|rpc:10.1.0.38:15221|admin:10.1.0.38:15220|client:10.1.0.38:15219|dataStream:10.1.0.38:15222|priority:1|startupRole:FOLLOWER, 8252e408-c982-4bc9-a7b5-c82dcdf99b6f|rpc:10.1.0.38:15213|admin:10.1.0.38:15212|client:10.1.0.38:15211|dataStream:10.1.0.38:15214|priority:0|startupRole:FOLLOWER]|listeners:[], old=null
2023-05-23 10:27:31,755 [8252e408-c982-4bc9-a7b5-c82dcdf99b6f-groupManagement] INFO  server.RaftServer$Division (RaftServerImpl.java:setRole(329)) - 8252e408-c982-4bc9-a7b5-c82dcdf99b6f@group-7FDC898A2B18: changes role from      null to FOLLOWER at term 0 for startAsFollower
2023-05-23 10:27:31,755 [8252e408-c982-4bc9-a7b5-c82dcdf99b6f-groupManagement] INFO  impl.RoleInfo (RoleInfo.java:updateAndGet(139)) - 8252e408-c982-4bc9-a7b5-c82dcdf99b6f: start 8252e408-c982-4bc9-a7b5-c82dcdf99b6f@group-7FDC898A2B18-FollowerState
2023-05-23 10:27:31,755 [8252e408-c982-4bc9-a7b5-c82dcdf99b6f-groupManagement] INFO  util.JmxRegister (JmxRegister.java:tryRegister(44)) - Successfully registered JMX Bean with object name Ratis:service=RaftServer,group=group-7FDC898A2B18,id=8252e408-c982-4bc9-a7b5-c82dcdf99b6f
2023-05-23 10:27:31,755 [8252e408-c982-4bc9-a7b5-c82dcdf99b6f@group-7FDC898A2B18-FollowerState] INFO  server.RaftServerConfigKeys (ConfUtils.java:logFallback(53)) - raft.server.rpc.first-election.timeout.min = 5s (fallback to raft.server.rpc.timeout.min)
2023-05-23 10:27:31,755 [8252e408-c982-4bc9-a7b5-c82dcdf99b6f-groupManagement] INFO  server.RaftServerConfigKeys (ConfUtils.java:logGet(46)) - raft.server.snapshot.auto.trigger.enabled = true (custom)
2023-05-23 10:27:31,755 [8252e408-c982-4bc9-a7b5-c82dcdf99b6f@group-7FDC898A2B18-FollowerState] INFO  server.RaftServerConfigKeys (ConfUtils.java:logFallback(53)) - raft.server.rpc.first-election.timeout.max = 5200ms (fallback to raft.server.rpc.timeout.max)
2023-05-23 10:27:31,755 [8252e408-c982-4bc9-a7b5-c82dcdf99b6f-groupManagement] INFO  server.RaftServerConfigKeys (ConfUtils.java:logGet(46)) - raft.server.snapshot.auto.trigger.threshold = 10000 (custom)
2023-05-23 10:27:31,755 [8252e408-c982-4bc9-a7b5-c82dcdf99b6f-groupManagement] INFO  server.RaftServerConfigKeys (ConfUtils.java:logGet(46)) - raft.server.snapshot.retention.file.num = 5 (custom)
2023-05-23 10:27:31,755 [8252e408-c982-4bc9-a7b5-c82dcdf99b6f-groupManagement] INFO  server.RaftServerConfigKeys (ConfUtils.java:logGet(46)) - raft.server.log.purge.upto.snapshot.index = false (default)
2023-05-23 10:27:31,775 [grpc-default-executor-0] INFO  server.RaftServer (RaftServerProxy.java:addNew(98)) - 85fe1515-2b71-4688-862a-26af69046f00: addNew group-7FDC898A2B18:[fad86c32-67f1-4b6d-b48a-d8941e8b4fba|rpc:10.1.0.38:15205|admin:10.1.0.38:15204|client:10.1.0.38:15203|dataStream:10.1.0.38:15206|priority:0|startupRole:FOLLOWER, 85fe1515-2b71-4688-862a-26af69046f00|rpc:10.1.0.38:15221|admin:10.1.0.38:15220|client:10.1.0.38:15219|dataStream:10.1.0.38:15222|priority:1|startupRole:FOLLOWER, 8252e408-c982-4bc9-a7b5-c82dcdf99b6f|rpc:10.1.0.38:15213|admin:10.1.0.38:15212|client:10.1.0.38:15211|dataStream:10.1.0.38:15214|priority:0|startupRole:FOLLOWER] returns group-7FDC898A2B18:java.util.concurrent.CompletableFuture@b742cb[Not completed]
2023-05-23 10:27:31,779 [85fe1515-2b71-4688-862a-26af69046f00-groupManagement] INFO  server.RaftServer$Division (RaftServerImpl.java:<init>(198)) - 85fe1515-2b71-4688-862a-26af69046f00: new RaftServerImpl for group-7FDC898A2B18:[fad86c32-67f1-4b6d-b48a-d8941e8b4fba|rpc:10.1.0.38:15205|admin:10.1.0.38:15204|client:10.1.0.38:15203|dataStream:10.1.0.38:15206|priority:0|startupRole:FOLLOWER, 85fe1515-2b71-4688-862a-26af69046f00|rpc:10.1.0.38:15221|admin:10.1.0.38:15220|client:10.1.0.38:15219|dataStream:10.1.0.38:15222|priority:1|startupRole:FOLLOWER, 8252e408-c982-4bc9-a7b5-c82dcdf99b6f|rpc:10.1.0.38:15213|admin:10.1.0.38:15212|client:10.1.0.38:15211|dataStream:10.1.0.38:15214|priority:0|startupRole:FOLLOWER] with ContainerStateMachine:uninitialized
2023-05-23 10:27:31,779 [85fe1515-2b71-4688-862a-26af69046f00-groupManagement] INFO  server.RaftServerConfigKeys (ConfUtils.java:logGet(46)) - raft.server.rpc.timeout.min = 5s (custom)
2023-05-23 10:27:31,779 [85fe1515-2b71-4688-862a-26af69046f00-groupManagement] INFO  server.RaftServerConfigKeys (ConfUtils.java:logGet(46)) - raft.server.rpc.timeout.max = 5200ms (custom)
2023-05-23 10:27:31,779 [85fe1515-2b71-4688-862a-26af69046f00-groupManagement] INFO  server.RaftServerConfigKeys (ConfUtils.java:logGet(46)) - raft.server.rpc.sleep.time = 25ms (default)
2023-05-23 10:27:31,780 [85fe1515-2b71-4688-862a-26af69046f00-groupManagement] INFO  server.RaftServerConfigKeys (ConfUtils.java:logGet(46)) - raft.server.rpc.slowness.timeout = 300s (custom)
2023-05-23 10:27:31,780 [85fe1515-2b71-4688-862a-26af69046f00-groupManagement] INFO  server.RaftServerConfigKeys (ConfUtils.java:logGet(46)) - raft.server.leaderelection.leader.step-down.wait-time = 10s (default)
2023-05-23 10:27:31,780 [85fe1515-2b71-4688-862a-26af69046f00-groupManagement] INFO  server.RaftServerConfigKeys (ConfUtils.java:logGet(46)) - raft.server.sleep.deviation.threshold = 300ms (default)
2023-05-23 10:27:31,780 [85fe1515-2b71-4688-862a-26af69046f00-groupManagement] INFO  server.RaftServer$Division (ServerState.java:<init>(120)) - 85fe1515-2b71-4688-862a-26af69046f00@group-7FDC898A2B18: ConfigurationManager, init=-1: peers:[fad86c32-67f1-4b6d-b48a-d8941e8b4fba|rpc:10.1.0.38:15205|admin:10.1.0.38:15204|client:10.1.0.38:15203|dataStream:10.1.0.38:15206|priority:0|startupRole:FOLLOWER, 85fe1515-2b71-4688-862a-26af69046f00|rpc:10.1.0.38:15221|admin:10.1.0.38:15220|client:10.1.0.38:15219|dataStream:10.1.0.38:15222|priority:1|startupRole:FOLLOWER, 8252e408-c982-4bc9-a7b5-c82dcdf99b6f|rpc:10.1.0.38:15213|admin:10.1.0.38:15212|client:10.1.0.38:15211|dataStream:10.1.0.38:15214|priority:0|startupRole:FOLLOWER]|listeners:[], old=null, confs=<EMPTY_MAP>
2023-05-23 10:27:31,780 [85fe1515-2b71-4688-862a-26af69046f00-groupManagement] INFO  server.RaftServerConfigKeys (ConfUtils.java:logGet(46)) - raft.server.storage.dir = [/home/runner/work/ozone/ozone/hadoop-ozone/integration-test/target/test-dir/MiniOzoneClusterImpl-1448f794-6d1a-4b49-b7b3-e839f56d4fba/datanode-2/data/ratis] (custom)
2023-05-23 10:27:31,780 [85fe1515-2b71-4688-862a-26af69046f00-groupManagement] INFO  server.RaftServerConfigKeys (ConfUtils.java:logGet(46)) - raft.server.log.corruption.policy = EXCEPTION (default)
2023-05-23 10:27:31,780 [85fe1515-2b71-4688-862a-26af69046f00-groupManagement] INFO  server.RaftServerConfigKeys (ConfUtils.java:logGet(46)) - raft.server.storage.free-space.min = 0MB (=0) (default)
2023-05-23 10:27:31,780 [85fe1515-2b71-4688-862a-26af69046f00-groupManagement] INFO  server.RaftServerConfigKeys (ConfUtils.java:logGet(46)) - raft.server.notification.no-leader.timeout = 300s (custom)
2023-05-23 10:27:31,780 [85fe1515-2b71-4688-862a-26af69046f00-groupManagement] INFO  server.RaftServerConfigKeys (ConfUtils.java:logGet(46)) - raft.server.read.timeout = 10s (default)
2023-05-23 10:27:31,780 [85fe1515-2b71-4688-862a-26af69046f00-groupManagement] INFO  server.RaftServerConfigKeys (ConfUtils.java:logGet(46)) - raft.server.retrycache.expirytime = 600000ms (custom)
2023-05-23 10:27:31,780 [85fe1515-2b71-4688-862a-26af69046f00-groupManagement] INFO  server.RaftServerConfigKeys (ConfUtils.java:logGet(46)) - raft.server.retrycache.statistics.expirytime = 100μs (default)
2023-05-23 10:27:31,780 [85fe1515-2b71-4688-862a-26af69046f00-groupManagement] INFO  server.RaftServerConfigKeys (ConfUtils.java:logGet(46)) - raft.server.read.option = DEFAULT (default)
2023-05-23 10:27:31,781 [85fe1515-2b71-4688-862a-26af69046f00-groupManagement] INFO  server.RaftServerConfigKeys (ConfUtils.java:logGet(46)) - raft.server.rpc.request.timeout = 60s (custom)
2023-05-23 10:27:31,781 [85fe1515-2b71-4688-862a-26af69046f00-groupManagement] INFO  server.RaftServerConfigKeys (ConfUtils.java:logGet(46)) - raft.server.log.appender.install.snapshot.enabled = false (custom)
2023-05-23 10:27:31,781 [85fe1515-2b71-4688-862a-26af69046f00-groupManagement] INFO  server.RaftServerConfigKeys (ConfUtils.java:logGet(46)) - raft.server.threadpool.server.cached = true (default)
2023-05-23 10:27:31,781 [85fe1515-2b71-4688-862a-26af69046f00-groupManagement] INFO  server.RaftServerConfigKeys (ConfUtils.java:logGet(46)) - raft.server.threadpool.server.size = 0 (default)
2023-05-23 10:27:31,781 [85fe1515-2b71-4688-862a-26af69046f00-groupManagement] INFO  server.RaftServerConfigKeys (ConfUtils.java:logGet(46)) - raft.server.threadpool.client.cached = true (default)
2023-05-23 10:27:31,781 [85fe1515-2b71-4688-862a-26af69046f00-groupManagement] INFO  server.RaftServerConfigKeys (ConfUtils.java:logGet(46)) - raft.server.threadpool.client.size = 0 (default)
2023-05-23 10:27:31,781 [85fe1515-2b71-4688-862a-26af69046f00-groupManagement] INFO  storage.RaftStorageDirectory (RaftStorageDirectoryImpl.java:analyzeStorage(137)) - The storage directory /home/runner/work/ozone/ozone/hadoop-ozone/integration-test/target/test-dir/MiniOzoneClusterImpl-1448f794-6d1a-4b49-b7b3-e839f56d4fba/datanode-2/data/ratis/b47636c3-2d9f-4218-b1b8-7fdc898a2b18 does not exist. Creating ...
2023-05-23 10:27:31,783 [85fe1515-2b71-4688-862a-26af69046f00-groupManagement] INFO  storage.RaftStorageDirectory (RaftStorageDirectoryImpl.java:tryLock(231)) - Lock on /home/runner/work/ozone/ozone/hadoop-ozone/integration-test/target/test-dir/MiniOzoneClusterImpl-1448f794-6d1a-4b49-b7b3-e839f56d4fba/datanode-2/data/ratis/b47636c3-2d9f-4218-b1b8-7fdc898a2b18/in_use.lock acquired by nodename 10384@fv-az1249-304
2023-05-23 10:27:31,784 [85fe1515-2b71-4688-862a-26af69046f00-groupManagement] INFO  storage.RaftStorage (RaftStorageImpl.java:format(96)) - Storage directory /home/runner/work/ozone/ozone/hadoop-ozone/integration-test/target/test-dir/MiniOzoneClusterImpl-1448f794-6d1a-4b49-b7b3-e839f56d4fba/datanode-2/data/ratis/b47636c3-2d9f-4218-b1b8-7fdc898a2b18 has been successfully formatted.
2023-05-23 10:27:31,785 [85fe1515-2b71-4688-862a-26af69046f00-groupManagement] INFO  ratis.ContainerStateMachine (ContainerStateMachine.java:loadSnapshot(262)) - group-7FDC898A2B18: The snapshot info is null. Setting the last applied indexto:(t:0, i:~)
2023-05-23 10:27:31,785 [85fe1515-2b71-4688-862a-26af69046f00-groupManagement] INFO  server.RaftServerConfigKeys (ConfUtils.java:logGet(46)) - raft.server.log.use.memory = false (default)
2023-05-23 10:27:31,787 [85fe1515-2b71-4688-862a-26af69046f00-groupManagement] INFO  server.RaftServerConfigKeys (ConfUtils.java:logGet(46)) - raft.server.log.purge.gap = 1000000 (custom)
2023-05-23 10:27:31,787 [85fe1515-2b71-4688-862a-26af69046f00-groupManagement] INFO  server.RaftServerConfigKeys (ConfUtils.java:logGet(46)) - raft.server.log.appender.buffer.byte-limit = 33554432 (custom)
2023-05-23 10:27:31,787 [85fe1515-2b71-4688-862a-26af69046f00-groupManagement] INFO  server.RaftServerConfigKeys (ConfUtils.java:logGet(46)) - raft.server.log.statemachine.data.read.timeout = 1000ms (default)
2023-05-23 10:27:31,787 [85fe1515-2b71-4688-862a-26af69046f00-groupManagement] INFO  server.RaftServerConfigKeys (ConfUtils.java:logGet(46)) - raft.server.log.purge.preservation.log.num = 0 (default)
2023-05-23 10:27:31,787 [85fe1515-2b71-4688-862a-26af69046f00-groupManagement] INFO  server.RaftServerConfigKeys (ConfUtils.java:logGet(46)) - raft.server.log.segment.size.max = 1048576 (custom)
2023-05-23 10:27:31,787 [85fe1515-2b71-4688-862a-26af69046f00-groupManagement] INFO  server.RaftServerConfigKeys (ConfUtils.java:logGet(46)) - raft.server.log.segment.cache.num.max = 2 (custom)
2023-05-23 10:27:31,787 [85fe1515-2b71-4688-862a-26af69046f00-groupManagement] INFO  server.RaftServerConfigKeys (ConfUtils.java:logGet(46)) - raft.server.log.segment.cache.size.max = 200MB (=209715200) (default)
2023-05-23 10:27:31,787 [85fe1515-2b71-4688-862a-26af69046f00-groupManagement] INFO  server.RaftServerConfigKeys (ConfUtils.java:logGet(46)) - raft.server.log.appender.buffer.byte-limit = 33554432 (custom)
2023-05-23 10:27:31,787 [85fe1515-2b71-4688-862a-26af69046f00-groupManagement] INFO  segmented.SegmentedRaftLogWorker (SegmentedRaftLogWorker.java:<init>(188)) - new 85fe1515-2b71-4688-862a-26af69046f00@group-7FDC898A2B18-SegmentedRaftLogWorker for RaftStorageImpl:Storage Directory /home/runner/work/ozone/ozone/hadoop-ozone/integration-test/target/test-dir/MiniOzoneClusterImpl-1448f794-6d1a-4b49-b7b3-e839f56d4fba/datanode-2/data/ratis/b47636c3-2d9f-4218-b1b8-7fdc898a2b18
2023-05-23 10:27:31,787 [85fe1515-2b71-4688-862a-26af69046f00-groupManagement] INFO  server.RaftServerConfigKeys (ConfUtils.java:logGet(46)) - raft.server.log.queue.byte-limit = 4294967296 (custom)
2023-05-23 10:27:31,787 [85fe1515-2b71-4688-862a-26af69046f00-groupManagement] INFO  server.RaftServerConfigKeys (ConfUtils.java:logGet(46)) - raft.server.log.queue.element-limit = 1024 (custom)
2023-05-23 10:27:31,787 [85fe1515-2b71-4688-862a-26af69046f00-groupManagement] INFO  server.RaftServerConfigKeys (ConfUtils.java:logGet(46)) - raft.server.log.segment.size.max = 1048576 (custom)
2023-05-23 10:27:31,787 [85fe1515-2b71-4688-862a-26af69046f00-groupManagement] INFO  server.RaftServerConfigKeys (ConfUtils.java:logGet(46)) - raft.server.log.preallocated.size = 16384 (custom)
2023-05-23 10:27:31,788 [85fe1515-2b71-4688-862a-26af69046f00-groupManagement] INFO  server.RaftServerConfigKeys (ConfUtils.java:logGet(46)) - raft.server.log.force.sync.num = 128 (default)
2023-05-23 10:27:31,788 [85fe1515-2b71-4688-862a-26af69046f00-groupManagement] INFO  server.RaftServerConfigKeys (ConfUtils.java:logGet(46)) - raft.server.log.statemachine.data.sync = true (default)
2023-05-23 10:27:31,788 [85fe1515-2b71-4688-862a-26af69046f00-groupManagement] INFO  server.RaftServerConfigKeys (ConfUtils.java:logGet(46)) - raft.server.log.statemachine.data.sync.timeout = 10s (default)
2023-05-23 10:27:31,788 [85fe1515-2b71-4688-862a-26af69046f00-groupManagement] INFO  server.RaftServerConfigKeys (ConfUtils.java:logGet(46)) - raft.server.log.statemachine.data.sync.timeout.retry = -1 (default)
2023-05-23 10:27:31,788 [85fe1515-2b71-4688-862a-26af69046f00-groupManagement] INFO  server.RaftServerConfigKeys (ConfUtils.java:logGet(46)) - raft.server.log.write.buffer.size = 1048576 (custom)
2023-05-23 10:27:31,789 [85fe1515-2b71-4688-862a-26af69046f00-groupManagement] INFO  server.RaftServerConfigKeys (ConfUtils.java:logGet(46)) - raft.server.log.appender.buffer.byte-limit = 33554432 (custom)
2023-05-23 10:27:31,794 [85fe1515-2b71-4688-862a-26af69046f00-groupManagement] INFO  server.RaftServerConfigKeys (ConfUtils.java:logGet(46)) - raft.server.log.unsafe-flush.enabled = false (default)
2023-05-23 10:27:31,795 [85fe1515-2b71-4688-862a-26af69046f00-groupManagement] INFO  server.RaftServerConfigKeys (ConfUtils.java:logGet(46)) - raft.server.log.async-flush.enabled = false (default)
2023-05-23 10:27:31,795 [85fe1515-2b71-4688-862a-26af69046f00-groupManagement] INFO  server.RaftServerConfigKeys (ConfUtils.java:logGet(46)) - raft.server.log.statemachine.data.caching.enabled = true (custom)
2023-05-23 10:27:31,795 [85fe1515-2b71-4688-862a-26af69046f00-groupManagement] INFO  segmented.SegmentedRaftLogWorker (SegmentedRaftLogWorker.java:lambda$new$0(135)) - 85fe1515-2b71-4688-862a-26af69046f00@group-7FDC898A2B18-SegmentedRaftLogWorker: flushIndex: setUnconditionally 0 -> -1
2023-05-23 10:27:31,795 [85fe1515-2b71-4688-862a-26af69046f00-groupManagement] INFO  segmented.SegmentedRaftLogWorker (SegmentedRaftLogWorker.java:lambda$new$0(135)) - 85fe1515-2b71-4688-862a-26af69046f00@group-7FDC898A2B18-SegmentedRaftLogWorker: safeCacheEvictIndex: setUnconditionally 0 -> -1
2023-05-23 10:27:31,796 [85fe1515-2b71-4688-862a-26af69046f00-groupManagement] INFO  server.RaftServer$Division (RaftServerImpl.java:start(342)) - 85fe1515-2b71-4688-862a-26af69046f00@group-7FDC898A2B18: start as a follower, conf=-1: peers:[fad86c32-67f1-4b6d-b48a-d8941e8b4fba|rpc:10.1.0.38:15205|admin:10.1.0.38:15204|client:10.1.0.38:15203|dataStream:10.1.0.38:15206|priority:0|startupRole:FOLLOWER, 85fe1515-2b71-4688-862a-26af69046f00|rpc:10.1.0.38:15221|admin:10.1.0.38:15220|client:10.1.0.38:15219|dataStream:10.1.0.38:15222|priority:1|startupRole:FOLLOWER, 8252e408-c982-4bc9-a7b5-c82dcdf99b6f|rpc:10.1.0.38:15213|admin:10.1.0.38:15212|client:10.1.0.38:15211|dataStream:10.1.0.38:15214|priority:0|startupRole:FOLLOWER]|listeners:[], old=null
2023-05-23 10:27:31,796 [85fe1515-2b71-4688-862a-26af69046f00-groupManagement] INFO  server.RaftServer$Division (RaftServerImpl.java:setRole(329)) - 85fe1515-2b71-4688-862a-26af69046f00@group-7FDC898A2B18: changes role from      null to FOLLOWER at term 0 for startAsFollower
2023-05-23 10:27:31,796 [85fe1515-2b71-4688-862a-26af69046f00-groupManagement] INFO  impl.RoleInfo (RoleInfo.java:updateAndGet(139)) - 85fe1515-2b71-4688-862a-26af69046f00: start 85fe1515-2b71-4688-862a-26af69046f00@group-7FDC898A2B18-FollowerState
2023-05-23 10:27:31,797 [85fe1515-2b71-4688-862a-26af69046f00-groupManagement] INFO  util.JmxRegister (JmxRegister.java:tryRegister(44)) - Successfully registered JMX Bean with object name Ratis:service=RaftServer,group=group-7FDC898A2B18,id=85fe1515-2b71-4688-862a-26af69046f00
2023-05-23 10:27:31,797 [85fe1515-2b71-4688-862a-26af69046f00-groupManagement] INFO  server.RaftServerConfigKeys (ConfUtils.java:logGet(46)) - raft.server.snapshot.auto.trigger.enabled = true (custom)
2023-05-23 10:27:31,797 [85fe1515-2b71-4688-862a-26af69046f00-groupManagement] INFO  server.RaftServerConfigKeys (ConfUtils.java:logGet(46)) - raft.server.snapshot.auto.trigger.threshold = 10000 (custom)
2023-05-23 10:27:31,797 [85fe1515-2b71-4688-862a-26af69046f00-groupManagement] INFO  server.RaftServerConfigKeys (ConfUtils.java:logGet(46)) - raft.server.snapshot.retention.file.num = 5 (custom)
2023-05-23 10:27:31,797 [85fe1515-2b71-4688-862a-26af69046f00-groupManagement] INFO  server.RaftServerConfigKeys (ConfUtils.java:logGet(46)) - raft.server.log.purge.upto.snapshot.index = false (default)
2023-05-23 10:27:31,797 [85fe1515-2b71-4688-862a-26af69046f00@group-7FDC898A2B18-FollowerState] INFO  server.RaftServerConfigKeys (ConfUtils.java:logFallback(53)) - raft.server.rpc.first-election.timeout.min = 5s (fallback to raft.server.rpc.timeout.min)
2023-05-23 10:27:31,797 [85fe1515-2b71-4688-862a-26af69046f00@group-7FDC898A2B18-FollowerState] INFO  server.RaftServerConfigKeys (ConfUtils.java:logFallback(53)) - raft.server.rpc.first-election.timeout.max = 5200ms (fallback to raft.server.rpc.timeout.max)
2023-05-23 10:27:31,811 [Command processor thread] INFO  commandhandler.CreatePipelineCommandHandler (CreatePipelineCommandHandler.java:handle(113)) - Created Pipeline RATIS THREE PipelineID=b47636c3-2d9f-4218-b1b8-7fdc898a2b18.
2023-05-23 10:27:31,811 [Command processor thread] INFO  server.RaftServer (RaftServerProxy.java:addNew(98)) - fad86c32-67f1-4b6d-b48a-d8941e8b4fba: addNew group-F6F833690CA0:[fad86c32-67f1-4b6d-b48a-d8941e8b4fba|rpc:10.1.0.38:15205|admin:10.1.0.38:15204|client:10.1.0.38:15203|dataStream:10.1.0.38:15206|priority:1|startupRole:FOLLOWER, 85fe1515-2b71-4688-862a-26af69046f00|rpc:10.1.0.38:15221|admin:10.1.0.38:15220|client:10.1.0.38:15219|dataStream:10.1.0.38:15222|priority:0|startupRole:FOLLOWER, 8252e408-c982-4bc9-a7b5-c82dcdf99b6f|rpc:10.1.0.38:15213|admin:10.1.0.38:15212|client:10.1.0.38:15211|dataStream:10.1.0.38:15214|priority:0|startupRole:FOLLOWER] returns group-F6F833690CA0:java.util.concurrent.CompletableFuture@78ab8ab2[Not completed]
2023-05-23 10:27:31,812 [fad86c32-67f1-4b6d-b48a-d8941e8b4fba-groupManagement] INFO  server.RaftServer$Division (RaftServerImpl.java:<init>(198)) - fad86c32-67f1-4b6d-b48a-d8941e8b4fba: new RaftServerImpl for group-F6F833690CA0:[fad86c32-67f1-4b6d-b48a-d8941e8b4fba|rpc:10.1.0.38:15205|admin:10.1.0.38:15204|client:10.1.0.38:15203|dataStream:10.1.0.38:15206|priority:1|startupRole:FOLLOWER, 85fe1515-2b71-4688-862a-26af69046f00|rpc:10.1.0.38:15221|admin:10.1.0.38:15220|client:10.1.0.38:15219|dataStream:10.1.0.38:15222|priority:0|startupRole:FOLLOWER, 8252e408-c982-4bc9-a7b5-c82dcdf99b6f|rpc:10.1.0.38:15213|admin:10.1.0.38:15212|client:10.1.0.38:15211|dataStream:10.1.0.38:15214|priority:0|startupRole:FOLLOWER] with ContainerStateMachine:uninitialized
2023-05-23 10:27:31,812 [fad86c32-67f1-4b6d-b48a-d8941e8b4fba-groupManagement] INFO  server.RaftServerConfigKeys (ConfUtils.java:logGet(46)) - raft.server.rpc.timeout.min = 5s (custom)
2023-05-23 10:27:31,812 [fad86c32-67f1-4b6d-b48a-d8941e8b4fba-groupManagement] INFO  server.RaftServerConfigKeys (ConfUtils.java:logGet(46)) - raft.server.rpc.timeout.max = 5200ms (custom)
2023-05-23 10:27:31,812 [fad86c32-67f1-4b6d-b48a-d8941e8b4fba-groupManagement] INFO  server.RaftServerConfigKeys (ConfUtils.java:logGet(46)) - raft.server.rpc.sleep.time = 25ms (default)
2023-05-23 10:27:31,812 [fad86c32-67f1-4b6d-b48a-d8941e8b4fba-groupManagement] INFO  server.RaftServerConfigKeys (ConfUtils.java:logGet(46)) - raft.server.rpc.slowness.timeout = 300s (custom)
2023-05-23 10:27:31,812 [fad86c32-67f1-4b6d-b48a-d8941e8b4fba-groupManagement] INFO  server.RaftServerConfigKeys (ConfUtils.java:logGet(46)) - raft.server.leaderelection.leader.step-down.wait-time = 10s (default)
2023-05-23 10:27:31,812 [fad86c32-67f1-4b6d-b48a-d8941e8b4fba-groupManagement] INFO  server.RaftServerConfigKeys (ConfUtils.java:logGet(46)) - raft.server.sleep.deviation.threshold = 300ms (default)
2023-05-23 10:27:31,812 [fad86c32-67f1-4b6d-b48a-d8941e8b4fba-groupManagement] INFO  server.RaftServer$Division (ServerState.java:<init>(120)) - fad86c32-67f1-4b6d-b48a-d8941e8b4fba@group-F6F833690CA0: ConfigurationManager, init=-1: peers:[fad86c32-67f1-4b6d-b48a-d8941e8b4fba|rpc:10.1.0.38:15205|admin:10.1.0.38:15204|client:10.1.0.38:15203|dataStream:10.1.0.38:15206|priority:1|startupRole:FOLLOWER, 85fe1515-2b71-4688-862a-26af69046f00|rpc:10.1.0.38:15221|admin:10.1.0.38:15220|client:10.1.0.38:15219|dataStream:10.1.0.38:15222|priority:0|startupRole:FOLLOWER, 8252e408-c982-4bc9-a7b5-c82dcdf99b6f|rpc:10.1.0.38:15213|admin:10.1.0.38:15212|client:10.1.0.38:15211|dataStream:10.1.0.38:15214|priority:0|startupRole:FOLLOWER]|listeners:[], old=null, confs=<EMPTY_MAP>
2023-05-23 10:27:31,812 [fad86c32-67f1-4b6d-b48a-d8941e8b4fba-groupManagement] INFO  server.RaftServerConfigKeys (ConfUtils.java:logGet(46)) - raft.server.storage.dir = [/home/runner/work/ozone/ozone/hadoop-ozone/integration-test/target/test-dir/MiniOzoneClusterImpl-1448f794-6d1a-4b49-b7b3-e839f56d4fba/datanode-0/data/ratis] (custom)
2023-05-23 10:27:31,813 [fad86c32-67f1-4b6d-b48a-d8941e8b4fba-groupManagement] INFO  server.RaftServerConfigKeys (ConfUtils.java:logGet(46)) - raft.server.log.corruption.policy = EXCEPTION (default)
2023-05-23 10:27:31,813 [fad86c32-67f1-4b6d-b48a-d8941e8b4fba-groupManagement] INFO  server.RaftServerConfigKeys (ConfUtils.java:logGet(46)) - raft.server.storage.free-space.min = 0MB (=0) (default)
2023-05-23 10:27:31,813 [fad86c32-67f1-4b6d-b48a-d8941e8b4fba-groupManagement] INFO  server.RaftServerConfigKeys (ConfUtils.java:logGet(46)) - raft.server.notification.no-leader.timeout = 300s (custom)
2023-05-23 10:27:31,813 [fad86c32-67f1-4b6d-b48a-d8941e8b4fba-groupManagement] INFO  server.RaftServerConfigKeys (ConfUtils.java:logGet(46)) - raft.server.read.timeout = 10s (default)
2023-05-23 10:27:31,813 [fad86c32-67f1-4b6d-b48a-d8941e8b4fba-groupManagement] INFO  server.RaftServerConfigKeys (ConfUtils.java:logGet(46)) - raft.server.retrycache.expirytime = 600000ms (custom)
2023-05-23 10:27:31,813 [fad86c32-67f1-4b6d-b48a-d8941e8b4fba-groupManagement] INFO  server.RaftServerConfigKeys (ConfUtils.java:logGet(46)) - raft.server.retrycache.statistics.expirytime = 100μs (default)
2023-05-23 10:27:31,813 [fad86c32-67f1-4b6d-b48a-d8941e8b4fba-groupManagement] INFO  server.RaftServerConfigKeys (ConfUtils.java:logGet(46)) - raft.server.read.option = DEFAULT (default)
2023-05-23 10:27:31,814 [fad86c32-67f1-4b6d-b48a-d8941e8b4fba-groupManagement] INFO  server.RaftServerConfigKeys (ConfUtils.java:logGet(46)) - raft.server.rpc.request.timeout = 60s (custom)
2023-05-23 10:27:31,814 [fad86c32-67f1-4b6d-b48a-d8941e8b4fba-groupManagement] INFO  server.RaftServerConfigKeys (ConfUtils.java:logGet(46)) - raft.server.log.appender.install.snapshot.enabled = false (custom)
2023-05-23 10:27:31,814 [fad86c32-67f1-4b6d-b48a-d8941e8b4fba-groupManagement] INFO  server.RaftServerConfigKeys (ConfUtils.java:logGet(46)) - raft.server.threadpool.server.cached = true (default)
2023-05-23 10:27:31,814 [fad86c32-67f1-4b6d-b48a-d8941e8b4fba-groupManagement] INFO  server.RaftServerConfigKeys (ConfUtils.java:logGet(46)) - raft.server.threadpool.server.size = 0 (default)
2023-05-23 10:27:31,814 [fad86c32-67f1-4b6d-b48a-d8941e8b4fba-groupManagement] INFO  server.RaftServerConfigKeys (ConfUtils.java:logGet(46)) - raft.server.threadpool.client.cached = true (default)
2023-05-23 10:27:31,814 [fad86c32-67f1-4b6d-b48a-d8941e8b4fba-groupManagement] INFO  server.RaftServerConfigKeys (ConfUtils.java:logGet(46)) - raft.server.threadpool.client.size = 0 (default)
2023-05-23 10:27:31,814 [fad86c32-67f1-4b6d-b48a-d8941e8b4fba-groupManagement] INFO  storage.RaftStorageDirectory (RaftStorageDirectoryImpl.java:analyzeStorage(137)) - The storage directory /home/runner/work/ozone/ozone/hadoop-ozone/integration-test/target/test-dir/MiniOzoneClusterImpl-1448f794-6d1a-4b49-b7b3-e839f56d4fba/datanode-0/data/ratis/6c514fb2-bffb-4707-8a6d-f6f833690ca0 does not exist. Creating ...
2023-05-23 10:27:31,815 [fad86c32-67f1-4b6d-b48a-d8941e8b4fba-groupManagement] INFO  storage.RaftStorageDirectory (RaftStorageDirectoryImpl.java:tryLock(231)) - Lock on /home/runner/work/ozone/ozone/hadoop-ozone/integration-test/target/test-dir/MiniOzoneClusterImpl-1448f794-6d1a-4b49-b7b3-e839f56d4fba/datanode-0/data/ratis/6c514fb2-bffb-4707-8a6d-f6f833690ca0/in_use.lock acquired by nodename 10384@fv-az1249-304
2023-05-23 10:27:31,816 [fad86c32-67f1-4b6d-b48a-d8941e8b4fba-groupManagement] INFO  storage.RaftStorage (RaftStorageImpl.java:format(96)) - Storage directory /home/runner/work/ozone/ozone/hadoop-ozone/integration-test/target/test-dir/MiniOzoneClusterImpl-1448f794-6d1a-4b49-b7b3-e839f56d4fba/datanode-0/data/ratis/6c514fb2-bffb-4707-8a6d-f6f833690ca0 has been successfully formatted.
2023-05-23 10:27:31,817 [fad86c32-67f1-4b6d-b48a-d8941e8b4fba-groupManagement] INFO  ratis.ContainerStateMachine (ContainerStateMachine.java:loadSnapshot(262)) - group-F6F833690CA0: The snapshot info is null. Setting the last applied indexto:(t:0, i:~)
2023-05-23 10:27:31,817 [fad86c32-67f1-4b6d-b48a-d8941e8b4fba-groupManagement] INFO  server.RaftServerConfigKeys (ConfUtils.java:logGet(46)) - raft.server.log.use.memory = false (default)
2023-05-23 10:27:31,817 [fad86c32-67f1-4b6d-b48a-d8941e8b4fba-groupManagement] INFO  server.RaftServerConfigKeys (ConfUtils.java:logGet(46)) - raft.server.log.purge.gap = 1000000 (custom)
2023-05-23 10:27:31,817 [fad86c32-67f1-4b6d-b48a-d8941e8b4fba-groupManagement] INFO  server.RaftServerConfigKeys (ConfUtils.java:logGet(46)) - raft.server.log.appender.buffer.byte-limit = 33554432 (custom)
2023-05-23 10:27:31,818 [fad86c32-67f1-4b6d-b48a-d8941e8b4fba-groupManagement] INFO  server.RaftServerConfigKeys (ConfUtils.java:logGet(46)) - raft.server.log.statemachine.data.read.timeout = 1000ms (default)
2023-05-23 10:27:31,818 [fad86c32-67f1-4b6d-b48a-d8941e8b4fba-groupManagement] INFO  server.RaftServerConfigKeys (ConfUtils.java:logGet(46)) - raft.server.log.purge.preservation.log.num = 0 (default)
2023-05-23 10:27:31,818 [EventQueue-OpenPipelineForHealthyPipelineSafeModeRule] INFO  safemode.SCMSafeModeManager (HealthyPipelineSafeModeRule.java:process(137)) - SCM in safe mode. Healthy pipelines reported count is 0, required healthy pipeline reported count is 1
2023-05-23 10:27:31,818 [fad86c32-67f1-4b6d-b48a-d8941e8b4fba-groupManagement] INFO  server.RaftServerConfigKeys (ConfUtils.java:logGet(46)) - raft.server.log.segment.size.max = 1048576 (custom)
2023-05-23 10:27:31,818 [fad86c32-67f1-4b6d-b48a-d8941e8b4fba-groupManagement] INFO  server.RaftServerConfigKeys (ConfUtils.java:logGet(46)) - raft.server.log.segment.cache.num.max = 2 (custom)
2023-05-23 10:27:31,818 [fad86c32-67f1-4b6d-b48a-d8941e8b4fba-groupManagement] INFO  server.RaftServerConfigKeys (ConfUtils.java:logGet(46)) - raft.server.log.segment.cache.size.max = 200MB (=209715200) (default)
2023-05-23 10:27:31,818 [fad86c32-67f1-4b6d-b48a-d8941e8b4fba-groupManagement] INFO  server.RaftServerConfigKeys (ConfUtils.java:logGet(46)) - raft.server.log.appender.buffer.byte-limit = 33554432 (custom)
2023-05-23 10:27:31,818 [fad86c32-67f1-4b6d-b48a-d8941e8b4fba-groupManagement] INFO  segmented.SegmentedRaftLogWorker (SegmentedRaftLogWorker.java:<init>(188)) - new fad86c32-67f1-4b6d-b48a-d8941e8b4fba@group-F6F833690CA0-SegmentedRaftLogWorker for RaftStorageImpl:Storage Directory /home/runner/work/ozone/ozone/hadoop-ozone/integration-test/target/test-dir/MiniOzoneClusterImpl-1448f794-6d1a-4b49-b7b3-e839f56d4fba/datanode-0/data/ratis/6c514fb2-bffb-4707-8a6d-f6f833690ca0
2023-05-23 10:27:31,819 [fad86c32-67f1-4b6d-b48a-d8941e8b4fba-groupManagement] INFO  server.RaftServerConfigKeys (ConfUtils.java:logGet(46)) - raft.server.log.queue.byte-limit = 4294967296 (custom)
2023-05-23 10:27:31,819 [fad86c32-67f1-4b6d-b48a-d8941e8b4fba-groupManagement] INFO  server.RaftServerConfigKeys (ConfUtils.java:logGet(46)) - raft.server.log.queue.element-limit = 1024 (custom)
2023-05-23 10:27:31,819 [fad86c32-67f1-4b6d-b48a-d8941e8b4fba-groupManagement] INFO  server.RaftServerConfigKeys (ConfUtils.java:logGet(46)) - raft.server.log.segment.size.max = 1048576 (custom)
2023-05-23 10:27:31,819 [fad86c32-67f1-4b6d-b48a-d8941e8b4fba-groupManagement] INFO  server.RaftServerConfigKeys (ConfUtils.java:logGet(46)) - raft.server.log.preallocated.size = 16384 (custom)
2023-05-23 10:27:31,819 [fad86c32-67f1-4b6d-b48a-d8941e8b4fba-groupManagement] INFO  server.RaftServerConfigKeys (ConfUtils.java:logGet(46)) - raft.server.log.force.sync.num = 128 (default)
2023-05-23 10:27:31,819 [fad86c32-67f1-4b6d-b48a-d8941e8b4fba-groupManagement] INFO  server.RaftServerConfigKeys (ConfUtils.java:logGet(46)) - raft.server.log.statemachine.data.sync = true (default)
2023-05-23 10:27:31,819 [fad86c32-67f1-4b6d-b48a-d8941e8b4fba-groupManagement] INFO  server.RaftServerConfigKeys (ConfUtils.java:logGet(46)) - raft.server.log.statemachine.data.sync.timeout = 10s (default)
2023-05-23 10:27:31,819 [fad86c32-67f1-4b6d-b48a-d8941e8b4fba-groupManagement] INFO  server.RaftServerConfigKeys (ConfUtils.java:logGet(46)) - raft.server.log.statemachine.data.sync.timeout.retry = -1 (default)
2023-05-23 10:27:31,819 [fad86c32-67f1-4b6d-b48a-d8941e8b4fba-groupManagement] INFO  server.RaftServerConfigKeys (ConfUtils.java:logGet(46)) - raft.server.log.write.buffer.size = 1048576 (custom)
2023-05-23 10:27:31,820 [fad86c32-67f1-4b6d-b48a-d8941e8b4fba-groupManagement] INFO  server.RaftServerConfigKeys (ConfUtils.java:logGet(46)) - raft.server.log.appender.buffer.byte-limit = 33554432 (custom)
2023-05-23 10:27:31,826 [fad86c32-67f1-4b6d-b48a-d8941e8b4fba-groupManagement] INFO  server.RaftServerConfigKeys (ConfUtils.java:logGet(46)) - raft.server.log.unsafe-flush.enabled = false (default)
2023-05-23 10:27:31,826 [fad86c32-67f1-4b6d-b48a-d8941e8b4fba-groupManagement] INFO  server.RaftServerConfigKeys (ConfUtils.java:logGet(46)) - raft.server.log.async-flush.enabled = false (default)
2023-05-23 10:27:31,826 [fad86c32-67f1-4b6d-b48a-d8941e8b4fba-groupManagement] INFO  server.RaftServerConfigKeys (ConfUtils.java:logGet(46)) - raft.server.log.statemachine.data.caching.enabled = true (custom)
2023-05-23 10:27:31,826 [fad86c32-67f1-4b6d-b48a-d8941e8b4fba-groupManagement] INFO  segmented.SegmentedRaftLogWorker (SegmentedRaftLogWorker.java:lambda$new$0(135)) - fad86c32-67f1-4b6d-b48a-d8941e8b4fba@group-F6F833690CA0-SegmentedRaftLogWorker: flushIndex: setUnconditionally 0 -> -1
2023-05-23 10:27:31,826 [fad86c32-67f1-4b6d-b48a-d8941e8b4fba-groupManagement] INFO  segmented.SegmentedRaftLogWorker (SegmentedRaftLogWorker.java:lambda$new$0(135)) - fad86c32-67f1-4b6d-b48a-d8941e8b4fba@group-F6F833690CA0-SegmentedRaftLogWorker: safeCacheEvictIndex: setUnconditionally 0 -> -1
2023-05-23 10:27:31,826 [fad86c32-67f1-4b6d-b48a-d8941e8b4fba-groupManagement] INFO  server.RaftServer$Division (RaftServerImpl.java:start(342)) - fad86c32-67f1-4b6d-b48a-d8941e8b4fba@group-F6F833690CA0: start as a follower, conf=-1: peers:[fad86c32-67f1-4b6d-b48a-d8941e8b4fba|rpc:10.1.0.38:15205|admin:10.1.0.38:15204|client:10.1.0.38:15203|dataStream:10.1.0.38:15206|priority:1|startupRole:FOLLOWER, 85fe1515-2b71-4688-862a-26af69046f00|rpc:10.1.0.38:15221|admin:10.1.0.38:15220|client:10.1.0.38:15219|dataStream:10.1.0.38:15222|priority:0|startupRole:FOLLOWER, 8252e408-c982-4bc9-a7b5-c82dcdf99b6f|rpc:10.1.0.38:15213|admin:10.1.0.38:15212|client:10.1.0.38:15211|dataStream:10.1.0.38:15214|priority:0|startupRole:FOLLOWER]|listeners:[], old=null
2023-05-23 10:27:31,826 [fad86c32-67f1-4b6d-b48a-d8941e8b4fba-groupManagement] INFO  server.RaftServer$Division (RaftServerImpl.java:setRole(329)) - fad86c32-67f1-4b6d-b48a-d8941e8b4fba@group-F6F833690CA0: changes role from      null to FOLLOWER at term 0 for startAsFollower
2023-05-23 10:27:31,826 [fad86c32-67f1-4b6d-b48a-d8941e8b4fba-groupManagement] INFO  impl.RoleInfo (RoleInfo.java:updateAndGet(139)) - fad86c32-67f1-4b6d-b48a-d8941e8b4fba: start fad86c32-67f1-4b6d-b48a-d8941e8b4fba@group-F6F833690CA0-FollowerState
2023-05-23 10:27:31,827 [fad86c32-67f1-4b6d-b48a-d8941e8b4fba@group-F6F833690CA0-FollowerState] INFO  server.RaftServerConfigKeys (ConfUtils.java:logFallback(53)) - raft.server.rpc.first-election.timeout.min = 5s (fallback to raft.server.rpc.timeout.min)
2023-05-23 10:27:31,827 [fad86c32-67f1-4b6d-b48a-d8941e8b4fba-groupManagement] INFO  util.JmxRegister (JmxRegister.java:tryRegister(44)) - Successfully registered JMX Bean with object name Ratis:service=RaftServer,group=group-F6F833690CA0,id=fad86c32-67f1-4b6d-b48a-d8941e8b4fba
2023-05-23 10:27:31,827 [fad86c32-67f1-4b6d-b48a-d8941e8b4fba@group-F6F833690CA0-FollowerState] INFO  server.RaftServerConfigKeys (ConfUtils.java:logFallback(53)) - raft.server.rpc.first-election.timeout.max = 5200ms (fallback to raft.server.rpc.timeout.max)
2023-05-23 10:27:31,827 [fad86c32-67f1-4b6d-b48a-d8941e8b4fba-groupManagement] INFO  server.RaftServerConfigKeys (ConfUtils.java:logGet(46)) - raft.server.snapshot.auto.trigger.enabled = true (custom)
2023-05-23 10:27:31,827 [fad86c32-67f1-4b6d-b48a-d8941e8b4fba-groupManagement] INFO  server.RaftServerConfigKeys (ConfUtils.java:logGet(46)) - raft.server.snapshot.auto.trigger.threshold = 10000 (custom)
2023-05-23 10:27:31,827 [fad86c32-67f1-4b6d-b48a-d8941e8b4fba-groupManagement] INFO  server.RaftServerConfigKeys (ConfUtils.java:logGet(46)) - raft.server.snapshot.retention.file.num = 5 (custom)
2023-05-23 10:27:31,827 [fad86c32-67f1-4b6d-b48a-d8941e8b4fba-groupManagement] INFO  server.RaftServerConfigKeys (ConfUtils.java:logGet(46)) - raft.server.log.purge.upto.snapshot.index = false (default)
2023-05-23 10:27:31,827 [Command processor thread] INFO  ratis.XceiverServerRatis (XceiverServerRatis.java:addGroup(806)) - Created group PipelineID=6c514fb2-bffb-4707-8a6d-f6f833690ca0
2023-05-23 10:27:31,842 [grpc-default-executor-0] INFO  server.RaftServer (RaftServerProxy.java:addNew(98)) - 8252e408-c982-4bc9-a7b5-c82dcdf99b6f: addNew group-F6F833690CA0:[fad86c32-67f1-4b6d-b48a-d8941e8b4fba|rpc:10.1.0.38:15205|admin:10.1.0.38:15204|client:10.1.0.38:15203|dataStream:10.1.0.38:15206|priority:1|startupRole:FOLLOWER, 85fe1515-2b71-4688-862a-26af69046f00|rpc:10.1.0.38:15221|admin:10.1.0.38:15220|client:10.1.0.38:15219|dataStream:10.1.0.38:15222|priority:0|startupRole:FOLLOWER, 8252e408-c982-4bc9-a7b5-c82dcdf99b6f|rpc:10.1.0.38:15213|admin:10.1.0.38:15212|client:10.1.0.38:15211|dataStream:10.1.0.38:15214|priority:0|startupRole:FOLLOWER] returns group-F6F833690CA0:java.util.concurrent.CompletableFuture@7450bcda[Not completed]
2023-05-23 10:27:31,843 [8252e408-c982-4bc9-a7b5-c82dcdf99b6f-groupManagement] INFO  server.RaftServer$Division (RaftServerImpl.java:<init>(198)) - 8252e408-c982-4bc9-a7b5-c82dcdf99b6f: new RaftServerImpl for group-F6F833690CA0:[fad86c32-67f1-4b6d-b48a-d8941e8b4fba|rpc:10.1.0.38:15205|admin:10.1.0.38:15204|client:10.1.0.38:15203|dataStream:10.1.0.38:15206|priority:1|startupRole:FOLLOWER, 85fe1515-2b71-4688-862a-26af69046f00|rpc:10.1.0.38:15221|admin:10.1.0.38:15220|client:10.1.0.38:15219|dataStream:10.1.0.38:15222|priority:0|startupRole:FOLLOWER, 8252e408-c982-4bc9-a7b5-c82dcdf99b6f|rpc:10.1.0.38:15213|admin:10.1.0.38:15212|client:10.1.0.38:15211|dataStream:10.1.0.38:15214|priority:0|startupRole:FOLLOWER] with ContainerStateMachine:uninitialized
2023-05-23 10:27:31,843 [8252e408-c982-4bc9-a7b5-c82dcdf99b6f-groupManagement] INFO  server.RaftServerConfigKeys (ConfUtils.java:logGet(46)) - raft.server.rpc.timeout.min = 5s (custom)
2023-05-23 10:27:31,843 [8252e408-c982-4bc9-a7b5-c82dcdf99b6f-groupManagement] INFO  server.RaftServerConfigKeys (ConfUtils.java:logGet(46)) - raft.server.rpc.timeout.max = 5200ms (custom)
2023-05-23 10:27:31,843 [8252e408-c982-4bc9-a7b5-c82dcdf99b6f-groupManagement] INFO  server.RaftServerConfigKeys (ConfUtils.java:logGet(46)) - raft.server.rpc.sleep.time = 25ms (default)
2023-05-23 10:27:31,843 [8252e408-c982-4bc9-a7b5-c82dcdf99b6f-groupManagement] INFO  server.RaftServerConfigKeys (ConfUtils.java:logGet(46)) - raft.server.rpc.slowness.timeout = 300s (custom)
2023-05-23 10:27:31,843 [8252e408-c982-4bc9-a7b5-c82dcdf99b6f-groupManagement] INFO  server.RaftServerConfigKeys (ConfUtils.java:logGet(46)) - raft.server.leaderelection.leader.step-down.wait-time = 10s (default)
2023-05-23 10:27:31,843 [8252e408-c982-4bc9-a7b5-c82dcdf99b6f-groupManagement] INFO  server.RaftServerConfigKeys (ConfUtils.java:logGet(46)) - raft.server.sleep.deviation.threshold = 300ms (default)
2023-05-23 10:27:31,843 [8252e408-c982-4bc9-a7b5-c82dcdf99b6f-groupManagement] INFO  server.RaftServer$Division (ServerState.java:<init>(120)) - 8252e408-c982-4bc9-a7b5-c82dcdf99b6f@group-F6F833690CA0: ConfigurationManager, init=-1: peers:[fad86c32-67f1-4b6d-b48a-d8941e8b4fba|rpc:10.1.0.38:15205|admin:10.1.0.38:15204|client:10.1.0.38:15203|dataStream:10.1.0.38:15206|priority:1|startupRole:FOLLOWER, 85fe1515-2b71-4688-862a-26af69046f00|rpc:10.1.0.38:15221|admin:10.1.0.38:15220|client:10.1.0.38:15219|dataStream:10.1.0.38:15222|priority:0|startupRole:FOLLOWER, 8252e408-c982-4bc9-a7b5-c82dcdf99b6f|rpc:10.1.0.38:15213|admin:10.1.0.38:15212|client:10.1.0.38:15211|dataStream:10.1.0.38:15214|priority:0|startupRole:FOLLOWER]|listeners:[], old=null, confs=<EMPTY_MAP>
2023-05-23 10:27:31,843 [8252e408-c982-4bc9-a7b5-c82dcdf99b6f-groupManagement] INFO  server.RaftServerConfigKeys (ConfUtils.java:logGet(46)) - raft.server.storage.dir = [/home/runner/work/ozone/ozone/hadoop-ozone/integration-test/target/test-dir/MiniOzoneClusterImpl-1448f794-6d1a-4b49-b7b3-e839f56d4fba/datanode-1/data/ratis] (custom)
2023-05-23 10:27:31,843 [8252e408-c982-4bc9-a7b5-c82dcdf99b6f-groupManagement] INFO  server.RaftServerConfigKeys (ConfUtils.java:logGet(46)) - raft.server.log.corruption.policy = EXCEPTION (default)
2023-05-23 10:27:31,843 [8252e408-c982-4bc9-a7b5-c82dcdf99b6f-groupManagement] INFO  server.RaftServerConfigKeys (ConfUtils.java:logGet(46)) - raft.server.storage.free-space.min = 0MB (=0) (default)
2023-05-23 10:27:31,843 [8252e408-c982-4bc9-a7b5-c82dcdf99b6f-groupManagement] INFO  server.RaftServerConfigKeys (ConfUtils.java:logGet(46)) - raft.server.notification.no-leader.timeout = 300s (custom)
2023-05-23 10:27:31,843 [8252e408-c982-4bc9-a7b5-c82dcdf99b6f-groupManagement] INFO  server.RaftServerConfigKeys (ConfUtils.java:logGet(46)) - raft.server.read.timeout = 10s (default)
2023-05-23 10:27:31,843 [8252e408-c982-4bc9-a7b5-c82dcdf99b6f-groupManagement] INFO  server.RaftServerConfigKeys (ConfUtils.java:logGet(46)) - raft.server.retrycache.expirytime = 600000ms (custom)
2023-05-23 10:27:31,843 [8252e408-c982-4bc9-a7b5-c82dcdf99b6f-groupManagement] INFO  server.RaftServerConfigKeys (ConfUtils.java:logGet(46)) - raft.server.retrycache.statistics.expirytime = 100μs (default)
2023-05-23 10:27:31,844 [8252e408-c982-4bc9-a7b5-c82dcdf99b6f-groupManagement] INFO  server.RaftServerConfigKeys (ConfUtils.java:logGet(46)) - raft.server.read.option = DEFAULT (default)
2023-05-23 10:27:31,844 [8252e408-c982-4bc9-a7b5-c82dcdf99b6f-groupManagement] INFO  server.RaftServerConfigKeys (ConfUtils.java:logGet(46)) - raft.server.rpc.request.timeout = 60s (custom)
2023-05-23 10:27:31,844 [8252e408-c982-4bc9-a7b5-c82dcdf99b6f-groupManagement] INFO  server.RaftServerConfigKeys (ConfUtils.java:logGet(46)) - raft.server.log.appender.install.snapshot.enabled = false (custom)
2023-05-23 10:27:31,844 [8252e408-c982-4bc9-a7b5-c82dcdf99b6f-groupManagement] INFO  server.RaftServerConfigKeys (ConfUtils.java:logGet(46)) - raft.server.threadpool.server.cached = true (default)
2023-05-23 10:27:31,844 [8252e408-c982-4bc9-a7b5-c82dcdf99b6f-groupManagement] INFO  server.RaftServerConfigKeys (ConfUtils.java:logGet(46)) - raft.server.threadpool.server.size = 0 (default)
2023-05-23 10:27:31,844 [8252e408-c982-4bc9-a7b5-c82dcdf99b6f-groupManagement] INFO  server.RaftServerConfigKeys (ConfUtils.java:logGet(46)) - raft.server.threadpool.client.cached = true (default)
2023-05-23 10:27:31,844 [8252e408-c982-4bc9-a7b5-c82dcdf99b6f-groupManagement] INFO  server.RaftServerConfigKeys (ConfUtils.java:logGet(46)) - raft.server.threadpool.client.size = 0 (default)
2023-05-23 10:27:31,844 [8252e408-c982-4bc9-a7b5-c82dcdf99b6f-groupManagement] INFO  storage.RaftStorageDirectory (RaftStorageDirectoryImpl.java:analyzeStorage(137)) - The storage directory /home/runner/work/ozone/ozone/hadoop-ozone/integration-test/target/test-dir/MiniOzoneClusterImpl-1448f794-6d1a-4b49-b7b3-e839f56d4fba/datanode-1/data/ratis/6c514fb2-bffb-4707-8a6d-f6f833690ca0 does not exist. Creating ...
2023-05-23 10:27:31,846 [8252e408-c982-4bc9-a7b5-c82dcdf99b6f-groupManagement] INFO  storage.RaftStorageDirectory (RaftStorageDirectoryImpl.java:tryLock(231)) - Lock on /home/runner/work/ozone/ozone/hadoop-ozone/integration-test/target/test-dir/MiniOzoneClusterImpl-1448f794-6d1a-4b49-b7b3-e839f56d4fba/datanode-1/data/ratis/6c514fb2-bffb-4707-8a6d-f6f833690ca0/in_use.lock acquired by nodename 10384@fv-az1249-304
2023-05-23 10:27:31,847 [8252e408-c982-4bc9-a7b5-c82dcdf99b6f-groupManagement] INFO  storage.RaftStorage (RaftStorageImpl.java:format(96)) - Storage directory /home/runner/work/ozone/ozone/hadoop-ozone/integration-test/target/test-dir/MiniOzoneClusterImpl-1448f794-6d1a-4b49-b7b3-e839f56d4fba/datanode-1/data/ratis/6c514fb2-bffb-4707-8a6d-f6f833690ca0 has been successfully formatted.
2023-05-23 10:27:31,849 [8252e408-c982-4bc9-a7b5-c82dcdf99b6f-groupManagement] INFO  ratis.ContainerStateMachine (ContainerStateMachine.java:loadSnapshot(262)) - group-F6F833690CA0: The snapshot info is null. Setting the last applied indexto:(t:0, i:~)
2023-05-23 10:27:31,849 [8252e408-c982-4bc9-a7b5-c82dcdf99b6f-groupManagement] INFO  server.RaftServerConfigKeys (ConfUtils.java:logGet(46)) - raft.server.log.use.memory = false (default)
2023-05-23 10:27:31,849 [8252e408-c982-4bc9-a7b5-c82dcdf99b6f-groupManagement] INFO  server.RaftServerConfigKeys (ConfUtils.java:logGet(46)) - raft.server.log.purge.gap = 1000000 (custom)
2023-05-23 10:27:31,849 [8252e408-c982-4bc9-a7b5-c82dcdf99b6f-groupManagement] INFO  server.RaftServerConfigKeys (ConfUtils.java:logGet(46)) - raft.server.log.appender.buffer.byte-limit = 33554432 (custom)
2023-05-23 10:27:31,849 [8252e408-c982-4bc9-a7b5-c82dcdf99b6f-groupManagement] INFO  server.RaftServerConfigKeys (ConfUtils.java:logGet(46)) - raft.server.log.statemachine.data.read.timeout = 1000ms (default)
2023-05-23 10:27:31,849 [8252e408-c982-4bc9-a7b5-c82dcdf99b6f-groupManagement] INFO  server.RaftServerConfigKeys (ConfUtils.java:logGet(46)) - raft.server.log.purge.preservation.log.num = 0 (default)
2023-05-23 10:27:31,849 [8252e408-c982-4bc9-a7b5-c82dcdf99b6f-groupManagement] INFO  server.RaftServerConfigKeys (ConfUtils.java:logGet(46)) - raft.server.log.segment.size.max = 1048576 (custom)
2023-05-23 10:27:31,850 [8252e408-c982-4bc9-a7b5-c82dcdf99b6f-groupManagement] INFO  server.RaftServerConfigKeys (ConfUtils.java:logGet(46)) - raft.server.log.segment.cache.num.max = 2 (custom)
2023-05-23 10:27:31,850 [8252e408-c982-4bc9-a7b5-c82dcdf99b6f-groupManagement] INFO  server.RaftServerConfigKeys (ConfUtils.java:logGet(46)) - raft.server.log.segment.cache.size.max = 200MB (=209715200) (default)
2023-05-23 10:27:31,850 [8252e408-c982-4bc9-a7b5-c82dcdf99b6f-groupManagement] INFO  server.RaftServerConfigKeys (ConfUtils.java:logGet(46)) - raft.server.log.appender.buffer.byte-limit = 33554432 (custom)
2023-05-23 10:27:31,850 [8252e408-c982-4bc9-a7b5-c82dcdf99b6f-groupManagement] INFO  segmented.SegmentedRaftLogWorker (SegmentedRaftLogWorker.java:<init>(188)) - new 8252e408-c982-4bc9-a7b5-c82dcdf99b6f@group-F6F833690CA0-SegmentedRaftLogWorker for RaftStorageImpl:Storage Directory /home/runner/work/ozone/ozone/hadoop-ozone/integration-test/target/test-dir/MiniOzoneClusterImpl-1448f794-6d1a-4b49-b7b3-e839f56d4fba/datanode-1/data/ratis/6c514fb2-bffb-4707-8a6d-f6f833690ca0
2023-05-23 10:27:31,850 [8252e408-c982-4bc9-a7b5-c82dcdf99b6f-groupManagement] INFO  server.RaftServerConfigKeys (ConfUtils.java:logGet(46)) - raft.server.log.queue.byte-limit = 4294967296 (custom)
2023-05-23 10:27:31,850 [8252e408-c982-4bc9-a7b5-c82dcdf99b6f-groupManagement] INFO  server.RaftServerConfigKeys (ConfUtils.java:logGet(46)) - raft.server.log.queue.element-limit = 1024 (custom)
2023-05-23 10:27:31,850 [8252e408-c982-4bc9-a7b5-c82dcdf99b6f-groupManagement] INFO  server.RaftServerConfigKeys (ConfUtils.java:logGet(46)) - raft.server.log.segment.size.max = 1048576 (custom)
2023-05-23 10:27:31,850 [8252e408-c982-4bc9-a7b5-c82dcdf99b6f-groupManagement] INFO  server.RaftServerConfigKeys (ConfUtils.java:logGet(46)) - raft.server.log.preallocated.size = 16384 (custom)
2023-05-23 10:27:31,850 [8252e408-c982-4bc9-a7b5-c82dcdf99b6f-groupManagement] INFO  server.RaftServerConfigKeys (ConfUtils.java:logGet(46)) - raft.server.log.force.sync.num = 128 (default)
2023-05-23 10:27:31,850 [8252e408-c982-4bc9-a7b5-c82dcdf99b6f-groupManagement] INFO  server.RaftServerConfigKeys (ConfUtils.java:logGet(46)) - raft.server.log.statemachine.data.sync = true (default)
2023-05-23 10:27:31,850 [8252e408-c982-4bc9-a7b5-c82dcdf99b6f-groupManagement] INFO  server.RaftServerConfigKeys (ConfUtils.java:logGet(46)) - raft.server.log.statemachine.data.sync.timeout = 10s (default)
2023-05-23 10:27:31,850 [8252e408-c982-4bc9-a7b5-c82dcdf99b6f-groupManagement] INFO  server.RaftServerConfigKeys (ConfUtils.java:logGet(46)) - raft.server.log.statemachine.data.sync.timeout.retry = -1 (default)
2023-05-23 10:27:31,851 [8252e408-c982-4bc9-a7b5-c82dcdf99b6f-groupManagement] INFO  server.RaftServerConfigKeys (ConfUtils.java:logGet(46)) - raft.server.log.write.buffer.size = 1048576 (custom)
2023-05-23 10:27:31,851 [8252e408-c982-4bc9-a7b5-c82dcdf99b6f-groupManagement] INFO  server.RaftServerConfigKeys (ConfUtils.java:logGet(46)) - raft.server.log.appender.buffer.byte-limit = 33554432 (custom)
2023-05-23 10:27:31,857 [8252e408-c982-4bc9-a7b5-c82dcdf99b6f-groupManagement] INFO  server.RaftServerConfigKeys (ConfUtils.java:logGet(46)) - raft.server.log.unsafe-flush.enabled = false (default)
2023-05-23 10:27:31,857 [8252e408-c982-4bc9-a7b5-c82dcdf99b6f-groupManagement] INFO  server.RaftServerConfigKeys (ConfUtils.java:logGet(46)) - raft.server.log.async-flush.enabled = false (default)
2023-05-23 10:27:31,857 [8252e408-c982-4bc9-a7b5-c82dcdf99b6f-groupManagement] INFO  server.RaftServerConfigKeys (ConfUtils.java:logGet(46)) - raft.server.log.statemachine.data.caching.enabled = true (custom)
2023-05-23 10:27:31,857 [8252e408-c982-4bc9-a7b5-c82dcdf99b6f-groupManagement] INFO  segmented.SegmentedRaftLogWorker (SegmentedRaftLogWorker.java:lambda$new$0(135)) - 8252e408-c982-4bc9-a7b5-c82dcdf99b6f@group-F6F833690CA0-SegmentedRaftLogWorker: flushIndex: setUnconditionally 0 -> -1
2023-05-23 10:27:31,857 [8252e408-c982-4bc9-a7b5-c82dcdf99b6f-groupManagement] INFO  segmented.SegmentedRaftLogWorker (SegmentedRaftLogWorker.java:lambda$new$0(135)) - 8252e408-c982-4bc9-a7b5-c82dcdf99b6f@group-F6F833690CA0-SegmentedRaftLogWorker: safeCacheEvictIndex: setUnconditionally 0 -> -1
2023-05-23 10:27:31,858 [8252e408-c982-4bc9-a7b5-c82dcdf99b6f-groupManagement] INFO  server.RaftServer$Division (RaftServerImpl.java:start(342)) - 8252e408-c982-4bc9-a7b5-c82dcdf99b6f@group-F6F833690CA0: start as a follower, conf=-1: peers:[fad86c32-67f1-4b6d-b48a-d8941e8b4fba|rpc:10.1.0.38:15205|admin:10.1.0.38:15204|client:10.1.0.38:15203|dataStream:10.1.0.38:15206|priority:1|startupRole:FOLLOWER, 85fe1515-2b71-4688-862a-26af69046f00|rpc:10.1.0.38:15221|admin:10.1.0.38:15220|client:10.1.0.38:15219|dataStream:10.1.0.38:15222|priority:0|startupRole:FOLLOWER, 8252e408-c982-4bc9-a7b5-c82dcdf99b6f|rpc:10.1.0.38:15213|admin:10.1.0.38:15212|client:10.1.0.38:15211|dataStream:10.1.0.38:15214|priority:0|startupRole:FOLLOWER]|listeners:[], old=null
2023-05-23 10:27:31,858 [8252e408-c982-4bc9-a7b5-c82dcdf99b6f-groupManagement] INFO  server.RaftServer$Division (RaftServerImpl.java:setRole(329)) - 8252e408-c982-4bc9-a7b5-c82dcdf99b6f@group-F6F833690CA0: changes role from      null to FOLLOWER at term 0 for startAsFollower
2023-05-23 10:27:31,858 [8252e408-c982-4bc9-a7b5-c82dcdf99b6f-groupManagement] INFO  impl.RoleInfo (RoleInfo.java:updateAndGet(139)) - 8252e408-c982-4bc9-a7b5-c82dcdf99b6f: start 8252e408-c982-4bc9-a7b5-c82dcdf99b6f@group-F6F833690CA0-FollowerState
2023-05-23 10:27:31,858 [8252e408-c982-4bc9-a7b5-c82dcdf99b6f-groupManagement] INFO  util.JmxRegister (JmxRegister.java:tryRegister(44)) - Successfully registered JMX Bean with object name Ratis:service=RaftServer,group=group-F6F833690CA0,id=8252e408-c982-4bc9-a7b5-c82dcdf99b6f
2023-05-23 10:27:31,858 [8252e408-c982-4bc9-a7b5-c82dcdf99b6f@group-F6F833690CA0-FollowerState] INFO  server.RaftServerConfigKeys (ConfUtils.java:logFallback(53)) - raft.server.rpc.first-election.timeout.min = 5s (fallback to raft.server.rpc.timeout.min)
2023-05-23 10:27:31,858 [8252e408-c982-4bc9-a7b5-c82dcdf99b6f-groupManagement] INFO  server.RaftServerConfigKeys (ConfUtils.java:logGet(46)) - raft.server.snapshot.auto.trigger.enabled = true (custom)
2023-05-23 10:27:31,858 [8252e408-c982-4bc9-a7b5-c82dcdf99b6f@group-F6F833690CA0-FollowerState] INFO  server.RaftServerConfigKeys (ConfUtils.java:logFallback(53)) - raft.server.rpc.first-election.timeout.max = 5200ms (fallback to raft.server.rpc.timeout.max)
2023-05-23 10:27:31,858 [8252e408-c982-4bc9-a7b5-c82dcdf99b6f-groupManagement] INFO  server.RaftServerConfigKeys (ConfUtils.java:logGet(46)) - raft.server.snapshot.auto.trigger.threshold = 10000 (custom)
2023-05-23 10:27:31,858 [8252e408-c982-4bc9-a7b5-c82dcdf99b6f-groupManagement] INFO  server.RaftServerConfigKeys (ConfUtils.java:logGet(46)) - raft.server.snapshot.retention.file.num = 5 (custom)
2023-05-23 10:27:31,858 [8252e408-c982-4bc9-a7b5-c82dcdf99b6f-groupManagement] INFO  server.RaftServerConfigKeys (ConfUtils.java:logGet(46)) - raft.server.log.purge.upto.snapshot.index = false (default)
2023-05-23 10:27:31,864 [Listener at 127.0.0.1/15196] INFO  ozone.MiniOzoneClusterImpl (MiniOzoneClusterImpl.java:lambda$waitForClusterToBeReady$0(222)) - Nodes are ready. Got 5 of 5 DN Heartbeats.
2023-05-23 10:27:31,864 [Listener at 127.0.0.1/15196] INFO  ozone.MiniOzoneClusterImpl (MiniOzoneClusterImpl.java:lambda$waitForClusterToBeReady$0(225)) - Waiting for cluster to exit safe mode
2023-05-23 10:27:31,864 [Listener at 127.0.0.1/15196] INFO  ozone.MiniOzoneClusterImpl (MiniOzoneClusterImpl.java:lambda$waitForClusterToBeReady$0(227)) - SCM became leader
2023-05-23 10:27:31,871 [Command processor thread] INFO  server.RaftServer (RaftServerProxy.java:addNew(98)) - 8252e408-c982-4bc9-a7b5-c82dcdf99b6f: addNew group-6E7B3E935167:[8252e408-c982-4bc9-a7b5-c82dcdf99b6f|rpc:10.1.0.38:15213|admin:10.1.0.38:15212|client:10.1.0.38:15211|dataStream:10.1.0.38:15214|priority:1|startupRole:FOLLOWER] returns group-6E7B3E935167:java.util.concurrent.CompletableFuture@430a2f73[Not completed]
2023-05-23 10:27:31,876 [8252e408-c982-4bc9-a7b5-c82dcdf99b6f-groupManagement] INFO  server.RaftServer$Division (RaftServerImpl.java:<init>(198)) - 8252e408-c982-4bc9-a7b5-c82dcdf99b6f: new RaftServerImpl for group-6E7B3E935167:[8252e408-c982-4bc9-a7b5-c82dcdf99b6f|rpc:10.1.0.38:15213|admin:10.1.0.38:15212|client:10.1.0.38:15211|dataStream:10.1.0.38:15214|priority:1|startupRole:FOLLOWER] with ContainerStateMachine:uninitialized
2023-05-23 10:27:31,876 [8252e408-c982-4bc9-a7b5-c82dcdf99b6f-groupManagement] INFO  server.RaftServerConfigKeys (ConfUtils.java:logGet(46)) - raft.server.rpc.timeout.min = 5s (custom)
2023-05-23 10:27:31,876 [8252e408-c982-4bc9-a7b5-c82dcdf99b6f-groupManagement] INFO  server.RaftServerConfigKeys (ConfUtils.java:logGet(46)) - raft.server.rpc.timeout.max = 5200ms (custom)
2023-05-23 10:27:31,877 [8252e408-c982-4bc9-a7b5-c82dcdf99b6f-groupManagement] INFO  server.RaftServerConfigKeys (ConfUtils.java:logGet(46)) - raft.server.rpc.sleep.time = 25ms (default)
2023-05-23 10:27:31,877 [8252e408-c982-4bc9-a7b5-c82dcdf99b6f-groupManagement] INFO  server.RaftServerConfigKeys (ConfUtils.java:logGet(46)) - raft.server.rpc.slowness.timeout = 300s (custom)
2023-05-23 10:27:31,877 [8252e408-c982-4bc9-a7b5-c82dcdf99b6f-groupManagement] INFO  server.RaftServerConfigKeys (ConfUtils.java:logGet(46)) - raft.server.leaderelection.leader.step-down.wait-time = 10s (default)
2023-05-23 10:27:31,877 [8252e408-c982-4bc9-a7b5-c82dcdf99b6f-groupManagement] INFO  server.RaftServerConfigKeys (ConfUtils.java:logGet(46)) - raft.server.sleep.deviation.threshold = 300ms (default)
2023-05-23 10:27:31,877 [8252e408-c982-4bc9-a7b5-c82dcdf99b6f-groupManagement] INFO  server.RaftServer$Division (ServerState.java:<init>(120)) - 8252e408-c982-4bc9-a7b5-c82dcdf99b6f@group-6E7B3E935167: ConfigurationManager, init=-1: peers:[8252e408-c982-4bc9-a7b5-c82dcdf99b6f|rpc:10.1.0.38:15213|admin:10.1.0.38:15212|client:10.1.0.38:15211|dataStream:10.1.0.38:15214|priority:1|startupRole:FOLLOWER]|listeners:[], old=null, confs=<EMPTY_MAP>
2023-05-23 10:27:31,877 [8252e408-c982-4bc9-a7b5-c82dcdf99b6f-groupManagement] INFO  server.RaftServerConfigKeys (ConfUtils.java:logGet(46)) - raft.server.storage.dir = [/home/runner/work/ozone/ozone/hadoop-ozone/integration-test/target/test-dir/MiniOzoneClusterImpl-1448f794-6d1a-4b49-b7b3-e839f56d4fba/datanode-1/data/ratis] (custom)
2023-05-23 10:27:31,877 [8252e408-c982-4bc9-a7b5-c82dcdf99b6f-groupManagement] INFO  server.RaftServerConfigKeys (ConfUtils.java:logGet(46)) - raft.server.log.corruption.policy = EXCEPTION (default)
2023-05-23 10:27:31,877 [8252e408-c982-4bc9-a7b5-c82dcdf99b6f-groupManagement] INFO  server.RaftServerConfigKeys (ConfUtils.java:logGet(46)) - raft.server.storage.free-space.min = 0MB (=0) (default)
2023-05-23 10:27:31,877 [8252e408-c982-4bc9-a7b5-c82dcdf99b6f-groupManagement] INFO  server.RaftServerConfigKeys (ConfUtils.java:logGet(46)) - raft.server.notification.no-leader.timeout = 300s (custom)
2023-05-23 10:27:31,877 [8252e408-c982-4bc9-a7b5-c82dcdf99b6f-groupManagement] INFO  server.RaftServerConfigKeys (ConfUtils.java:logGet(46)) - raft.server.read.timeout = 10s (default)
2023-05-23 10:27:31,877 [8252e408-c982-4bc9-a7b5-c82dcdf99b6f-groupManagement] INFO  server.RaftServerConfigKeys (ConfUtils.java:logGet(46)) - raft.server.retrycache.expirytime = 600000ms (custom)
2023-05-23 10:27:31,877 [8252e408-c982-4bc9-a7b5-c82dcdf99b6f-groupManagement] INFO  server.RaftServerConfigKeys (ConfUtils.java:logGet(46)) - raft.server.retrycache.statistics.expirytime = 100μs (default)
2023-05-23 10:27:31,877 [8252e408-c982-4bc9-a7b5-c82dcdf99b6f-groupManagement] INFO  server.RaftServerConfigKeys (ConfUtils.java:logGet(46)) - raft.server.read.option = DEFAULT (default)
2023-05-23 10:27:31,879 [grpc-default-executor-0] INFO  server.RaftServer (RaftServerProxy.java:addNew(98)) - 85fe1515-2b71-4688-862a-26af69046f00: addNew group-F6F833690CA0:[fad86c32-67f1-4b6d-b48a-d8941e8b4fba|rpc:10.1.0.38:15205|admin:10.1.0.38:15204|client:10.1.0.38:15203|dataStream:10.1.0.38:15206|priority:1|startupRole:FOLLOWER, 85fe1515-2b71-4688-862a-26af69046f00|rpc:10.1.0.38:15221|admin:10.1.0.38:15220|client:10.1.0.38:15219|dataStream:10.1.0.38:15222|priority:0|startupRole:FOLLOWER, 8252e408-c982-4bc9-a7b5-c82dcdf99b6f|rpc:10.1.0.38:15213|admin:10.1.0.38:15212|client:10.1.0.38:15211|dataStream:10.1.0.38:15214|priority:0|startupRole:FOLLOWER] returns group-F6F833690CA0:java.util.concurrent.CompletableFuture@5be6743e[Not completed]
2023-05-23 10:27:31,880 [85fe1515-2b71-4688-862a-26af69046f00-groupManagement] INFO  server.RaftServer$Division (RaftServerImpl.java:<init>(198)) - 85fe1515-2b71-4688-862a-26af69046f00: new RaftServerImpl for group-F6F833690CA0:[fad86c32-67f1-4b6d-b48a-d8941e8b4fba|rpc:10.1.0.38:15205|admin:10.1.0.38:15204|client:10.1.0.38:15203|dataStream:10.1.0.38:15206|priority:1|startupRole:FOLLOWER, 85fe1515-2b71-4688-862a-26af69046f00|rpc:10.1.0.38:15221|admin:10.1.0.38:15220|client:10.1.0.38:15219|dataStream:10.1.0.38:15222|priority:0|startupRole:FOLLOWER, 8252e408-c982-4bc9-a7b5-c82dcdf99b6f|rpc:10.1.0.38:15213|admin:10.1.0.38:15212|client:10.1.0.38:15211|dataStream:10.1.0.38:15214|priority:0|startupRole:FOLLOWER] with ContainerStateMachine:uninitialized
2023-05-23 10:27:31,880 [85fe1515-2b71-4688-862a-26af69046f00-groupManagement] INFO  server.RaftServerConfigKeys (ConfUtils.java:logGet(46)) - raft.server.rpc.timeout.min = 5s (custom)
2023-05-23 10:27:31,880 [85fe1515-2b71-4688-862a-26af69046f00-groupManagement] INFO  server.RaftServerConfigKeys (ConfUtils.java:logGet(46)) - raft.server.rpc.timeout.max = 5200ms (custom)
2023-05-23 10:27:31,880 [85fe1515-2b71-4688-862a-26af69046f00-groupManagement] INFO  server.RaftServerConfigKeys (ConfUtils.java:logGet(46)) - raft.server.rpc.sleep.time = 25ms (default)
2023-05-23 10:27:31,880 [85fe1515-2b71-4688-862a-26af69046f00-groupManagement] INFO  server.RaftServerConfigKeys (ConfUtils.java:logGet(46)) - raft.server.rpc.slowness.timeout = 300s (custom)
2023-05-23 10:27:31,880 [85fe1515-2b71-4688-862a-26af69046f00-groupManagement] INFO  server.RaftServerConfigKeys (ConfUtils.java:logGet(46)) - raft.server.leaderelection.leader.step-down.wait-time = 10s (default)
2023-05-23 10:27:31,880 [85fe1515-2b71-4688-862a-26af69046f00-groupManagement] INFO  server.RaftServerConfigKeys (ConfUtils.java:logGet(46)) - raft.server.sleep.deviation.threshold = 300ms (default)
2023-05-23 10:27:31,880 [85fe1515-2b71-4688-862a-26af69046f00-groupManagement] INFO  server.RaftServer$Division (ServerState.java:<init>(120)) - 85fe1515-2b71-4688-862a-26af69046f00@group-F6F833690CA0: ConfigurationManager, init=-1: peers:[fad86c32-67f1-4b6d-b48a-d8941e8b4fba|rpc:10.1.0.38:15205|admin:10.1.0.38:15204|client:10.1.0.38:15203|dataStream:10.1.0.38:15206|priority:1|startupRole:FOLLOWER, 85fe1515-2b71-4688-862a-26af69046f00|rpc:10.1.0.38:15221|admin:10.1.0.38:15220|client:10.1.0.38:15219|dataStream:10.1.0.38:15222|priority:0|startupRole:FOLLOWER, 8252e408-c982-4bc9-a7b5-c82dcdf99b6f|rpc:10.1.0.38:15213|admin:10.1.0.38:15212|client:10.1.0.38:15211|dataStream:10.1.0.38:15214|priority:0|startupRole:FOLLOWER]|listeners:[], old=null, confs=<EMPTY_MAP>
2023-05-23 10:27:31,880 [85fe1515-2b71-4688-862a-26af69046f00-groupManagement] INFO  server.RaftServerConfigKeys (ConfUtils.java:logGet(46)) - raft.server.storage.dir = [/home/runner/work/ozone/ozone/hadoop-ozone/integration-test/target/test-dir/MiniOzoneClusterImpl-1448f794-6d1a-4b49-b7b3-e839f56d4fba/datanode-2/data/ratis] (custom)
2023-05-23 10:27:31,880 [85fe1515-2b71-4688-862a-26af69046f00-groupManagement] INFO  server.RaftServerConfigKeys (ConfUtils.java:logGet(46)) - raft.server.log.corruption.policy = EXCEPTION (default)
2023-05-23 10:27:31,880 [85fe1515-2b71-4688-862a-26af69046f00-groupManagement] INFO  server.RaftServerConfigKeys (ConfUtils.java:logGet(46)) - raft.server.storage.free-space.min = 0MB (=0) (default)
2023-05-23 10:27:31,880 [85fe1515-2b71-4688-862a-26af69046f00-groupManagement] INFO  server.RaftServerConfigKeys (ConfUtils.java:logGet(46)) - raft.server.notification.no-leader.timeout = 300s (custom)
2023-05-23 10:27:31,880 [85fe1515-2b71-4688-862a-26af69046f00-groupManagement] INFO  server.RaftServerConfigKeys (ConfUtils.java:logGet(46)) - raft.server.read.timeout = 10s (default)
2023-05-23 10:27:31,880 [85fe1515-2b71-4688-862a-26af69046f00-groupManagement] INFO  server.RaftServerConfigKeys (ConfUtils.java:logGet(46)) - raft.server.retrycache.expirytime = 600000ms (custom)
2023-05-23 10:27:31,880 [85fe1515-2b71-4688-862a-26af69046f00-groupManagement] INFO  server.RaftServerConfigKeys (ConfUtils.java:logGet(46)) - raft.server.retrycache.statistics.expirytime = 100μs (default)
2023-05-23 10:27:31,881 [85fe1515-2b71-4688-862a-26af69046f00-groupManagement] INFO  server.RaftServerConfigKeys (ConfUtils.java:logGet(46)) - raft.server.read.option = DEFAULT (default)
2023-05-23 10:27:31,881 [85fe1515-2b71-4688-862a-26af69046f00-groupManagement] INFO  server.RaftServerConfigKeys (ConfUtils.java:logGet(46)) - raft.server.rpc.request.timeout = 60s (custom)
2023-05-23 10:27:31,881 [85fe1515-2b71-4688-862a-26af69046f00-groupManagement] INFO  server.RaftServerConfigKeys (ConfUtils.java:logGet(46)) - raft.server.log.appender.install.snapshot.enabled = false (custom)
2023-05-23 10:27:31,881 [85fe1515-2b71-4688-862a-26af69046f00-groupManagement] INFO  server.RaftServerConfigKeys (ConfUtils.java:logGet(46)) - raft.server.threadpool.server.cached = true (default)
2023-05-23 10:27:31,881 [85fe1515-2b71-4688-862a-26af69046f00-groupManagement] INFO  server.RaftServerConfigKeys (ConfUtils.java:logGet(46)) - raft.server.threadpool.server.size = 0 (default)
2023-05-23 10:27:31,881 [85fe1515-2b71-4688-862a-26af69046f00-groupManagement] INFO  server.RaftServerConfigKeys (ConfUtils.java:logGet(46)) - raft.server.threadpool.client.cached = true (default)
2023-05-23 10:27:31,881 [85fe1515-2b71-4688-862a-26af69046f00-groupManagement] INFO  server.RaftServerConfigKeys (ConfUtils.java:logGet(46)) - raft.server.threadpool.client.size = 0 (default)
2023-05-23 10:27:31,882 [85fe1515-2b71-4688-862a-26af69046f00-groupManagement] INFO  storage.RaftStorageDirectory (RaftStorageDirectoryImpl.java:analyzeStorage(137)) - The storage directory /home/runner/work/ozone/ozone/hadoop-ozone/integration-test/target/test-dir/MiniOzoneClusterImpl-1448f794-6d1a-4b49-b7b3-e839f56d4fba/datanode-2/data/ratis/6c514fb2-bffb-4707-8a6d-f6f833690ca0 does not exist. Creating ...
2023-05-23 10:27:31,882 [8252e408-c982-4bc9-a7b5-c82dcdf99b6f-groupManagement] INFO  server.RaftServerConfigKeys (ConfUtils.java:logGet(46)) - raft.server.rpc.request.timeout = 60s (custom)
2023-05-23 10:27:31,882 [8252e408-c982-4bc9-a7b5-c82dcdf99b6f-groupManagement] INFO  server.RaftServerConfigKeys (ConfUtils.java:logGet(46)) - raft.server.log.appender.install.snapshot.enabled = false (custom)
2023-05-23 10:27:31,883 [8252e408-c982-4bc9-a7b5-c82dcdf99b6f-groupManagement] INFO  server.RaftServerConfigKeys (ConfUtils.java:logGet(46)) - raft.server.threadpool.server.cached = true (default)
2023-05-23 10:27:31,883 [8252e408-c982-4bc9-a7b5-c82dcdf99b6f-groupManagement] INFO  server.RaftServerConfigKeys (ConfUtils.java:logGet(46)) - raft.server.threadpool.server.size = 0 (default)
2023-05-23 10:27:31,883 [8252e408-c982-4bc9-a7b5-c82dcdf99b6f-groupManagement] INFO  server.RaftServerConfigKeys (ConfUtils.java:logGet(46)) - raft.server.threadpool.client.cached = true (default)
2023-05-23 10:27:31,883 [8252e408-c982-4bc9-a7b5-c82dcdf99b6f-groupManagement] INFO  server.RaftServerConfigKeys (ConfUtils.java:logGet(46)) - raft.server.threadpool.client.size = 0 (default)
2023-05-23 10:27:31,883 [8252e408-c982-4bc9-a7b5-c82dcdf99b6f-groupManagement] INFO  storage.RaftStorageDirectory (RaftStorageDirectoryImpl.java:analyzeStorage(137)) - The storage directory /home/runner/work/ozone/ozone/hadoop-ozone/integration-test/target/test-dir/MiniOzoneClusterImpl-1448f794-6d1a-4b49-b7b3-e839f56d4fba/datanode-1/data/ratis/c069f734-edbe-487e-8bb1-6e7b3e935167 does not exist. Creating ...
2023-05-23 10:27:31,883 [85fe1515-2b71-4688-862a-26af69046f00-groupManagement] INFO  storage.RaftStorageDirectory (RaftStorageDirectoryImpl.java:tryLock(231)) - Lock on /home/runner/work/ozone/ozone/hadoop-ozone/integration-test/target/test-dir/MiniOzoneClusterImpl-1448f794-6d1a-4b49-b7b3-e839f56d4fba/datanode-2/data/ratis/6c514fb2-bffb-4707-8a6d-f6f833690ca0/in_use.lock acquired by nodename 10384@fv-az1249-304
2023-05-23 10:27:31,885 [85fe1515-2b71-4688-862a-26af69046f00-groupManagement] INFO  storage.RaftStorage (RaftStorageImpl.java:format(96)) - Storage directory /home/runner/work/ozone/ozone/hadoop-ozone/integration-test/target/test-dir/MiniOzoneClusterImpl-1448f794-6d1a-4b49-b7b3-e839f56d4fba/datanode-2/data/ratis/6c514fb2-bffb-4707-8a6d-f6f833690ca0 has been successfully formatted.
2023-05-23 10:27:31,885 [85fe1515-2b71-4688-862a-26af69046f00-groupManagement] INFO  ratis.ContainerStateMachine (ContainerStateMachine.java:loadSnapshot(262)) - group-F6F833690CA0: The snapshot info is null. Setting the last applied indexto:(t:0, i:~)
2023-05-23 10:27:31,885 [85fe1515-2b71-4688-862a-26af69046f00-groupManagement] INFO  server.RaftServerConfigKeys (ConfUtils.java:logGet(46)) - raft.server.log.use.memory = false (default)
2023-05-23 10:27:31,886 [85fe1515-2b71-4688-862a-26af69046f00-groupManagement] INFO  server.RaftServerConfigKeys (ConfUtils.java:logGet(46)) - raft.server.log.purge.gap = 1000000 (custom)
2023-05-23 10:27:31,887 [85fe1515-2b71-4688-862a-26af69046f00-groupManagement] INFO  server.RaftServerConfigKeys (ConfUtils.java:logGet(46)) - raft.server.log.appender.buffer.byte-limit = 33554432 (custom)
2023-05-23 10:27:31,887 [85fe1515-2b71-4688-862a-26af69046f00-groupManagement] INFO  server.RaftServerConfigKeys (ConfUtils.java:logGet(46)) - raft.server.log.statemachine.data.read.timeout = 1000ms (default)
2023-05-23 10:27:31,887 [85fe1515-2b71-4688-862a-26af69046f00-groupManagement] INFO  server.RaftServerConfigKeys (ConfUtils.java:logGet(46)) - raft.server.log.purge.preservation.log.num = 0 (default)
2023-05-23 10:27:31,887 [85fe1515-2b71-4688-862a-26af69046f00-groupManagement] INFO  server.RaftServerConfigKeys (ConfUtils.java:logGet(46)) - raft.server.log.segment.size.max = 1048576 (custom)
2023-05-23 10:27:31,887 [85fe1515-2b71-4688-862a-26af69046f00-groupManagement] INFO  server.RaftServerConfigKeys (ConfUtils.java:logGet(46)) - raft.server.log.segment.cache.num.max = 2 (custom)
2023-05-23 10:27:31,887 [85fe1515-2b71-4688-862a-26af69046f00-groupManagement] INFO  server.RaftServerConfigKeys (ConfUtils.java:logGet(46)) - raft.server.log.segment.cache.size.max = 200MB (=209715200) (default)
2023-05-23 10:27:31,887 [85fe1515-2b71-4688-862a-26af69046f00-groupManagement] INFO  server.RaftServerConfigKeys (ConfUtils.java:logGet(46)) - raft.server.log.appender.buffer.byte-limit = 33554432 (custom)
2023-05-23 10:27:31,887 [85fe1515-2b71-4688-862a-26af69046f00-groupManagement] INFO  segmented.SegmentedRaftLogWorker (SegmentedRaftLogWorker.java:<init>(188)) - new 85fe1515-2b71-4688-862a-26af69046f00@group-F6F833690CA0-SegmentedRaftLogWorker for RaftStorageImpl:Storage Directory /home/runner/work/ozone/ozone/hadoop-ozone/integration-test/target/test-dir/MiniOzoneClusterImpl-1448f794-6d1a-4b49-b7b3-e839f56d4fba/datanode-2/data/ratis/6c514fb2-bffb-4707-8a6d-f6f833690ca0
2023-05-23 10:27:31,887 [85fe1515-2b71-4688-862a-26af69046f00-groupManagement] INFO  server.RaftServerConfigKeys (ConfUtils.java:logGet(46)) - raft.server.log.queue.byte-limit = 4294967296 (custom)
2023-05-23 10:27:31,887 [85fe1515-2b71-4688-862a-26af69046f00-groupManagement] INFO  server.RaftServerConfigKeys (ConfUtils.java:logGet(46)) - raft.server.log.queue.element-limit = 1024 (custom)
2023-05-23 10:27:31,887 [85fe1515-2b71-4688-862a-26af69046f00-groupManagement] INFO  server.RaftServerConfigKeys (ConfUtils.java:logGet(46)) - raft.server.log.segment.size.max = 1048576 (custom)
2023-05-23 10:27:31,887 [85fe1515-2b71-4688-862a-26af69046f00-groupManagement] INFO  server.RaftServerConfigKeys (ConfUtils.java:logGet(46)) - raft.server.log.preallocated.size = 16384 (custom)
2023-05-23 10:27:31,887 [85fe1515-2b71-4688-862a-26af69046f00-groupManagement] INFO  server.RaftServerConfigKeys (ConfUtils.java:logGet(46)) - raft.server.log.force.sync.num = 128 (default)
2023-05-23 10:27:31,888 [85fe1515-2b71-4688-862a-26af69046f00-groupManagement] INFO  server.RaftServerConfigKeys (ConfUtils.java:logGet(46)) - raft.server.log.statemachine.data.sync = true (default)
2023-05-23 10:27:31,888 [85fe1515-2b71-4688-862a-26af69046f00-groupManagement] INFO  server.RaftServerConfigKeys (ConfUtils.java:logGet(46)) - raft.server.log.statemachine.data.sync.timeout = 10s (default)
2023-05-23 10:27:31,888 [85fe1515-2b71-4688-862a-26af69046f00-groupManagement] INFO  server.RaftServerConfigKeys (ConfUtils.java:logGet(46)) - raft.server.log.statemachine.data.sync.timeout.retry = -1 (default)
2023-05-23 10:27:31,888 [85fe1515-2b71-4688-862a-26af69046f00-groupManagement] INFO  server.RaftServerConfigKeys (ConfUtils.java:logGet(46)) - raft.server.log.write.buffer.size = 1048576 (custom)
2023-05-23 10:27:31,889 [85fe1515-2b71-4688-862a-26af69046f00-groupManagement] INFO  server.RaftServerConfigKeys (ConfUtils.java:logGet(46)) - raft.server.log.appender.buffer.byte-limit = 33554432 (custom)
2023-05-23 10:27:31,890 [8252e408-c982-4bc9-a7b5-c82dcdf99b6f-groupManagement] INFO  storage.RaftStorageDirectory (RaftStorageDirectoryImpl.java:tryLock(231)) - Lock on /home/runner/work/ozone/ozone/hadoop-ozone/integration-test/target/test-dir/MiniOzoneClusterImpl-1448f794-6d1a-4b49-b7b3-e839f56d4fba/datanode-1/data/ratis/c069f734-edbe-487e-8bb1-6e7b3e935167/in_use.lock acquired by nodename 10384@fv-az1249-304
2023-05-23 10:27:31,891 [8252e408-c982-4bc9-a7b5-c82dcdf99b6f-groupManagement] INFO  storage.RaftStorage (RaftStorageImpl.java:format(96)) - Storage directory /home/runner/work/ozone/ozone/hadoop-ozone/integration-test/target/test-dir/MiniOzoneClusterImpl-1448f794-6d1a-4b49-b7b3-e839f56d4fba/datanode-1/data/ratis/c069f734-edbe-487e-8bb1-6e7b3e935167 has been successfully formatted.
2023-05-23 10:27:31,892 [8252e408-c982-4bc9-a7b5-c82dcdf99b6f-groupManagement] INFO  ratis.ContainerStateMachine (ContainerStateMachine.java:loadSnapshot(262)) - group-6E7B3E935167: The snapshot info is null. Setting the last applied indexto:(t:0, i:~)
2023-05-23 10:27:31,893 [EventQueue-PipelineReportForPipelineReportHandler] INFO  pipeline.PipelineManagerImpl (PipelineManagerImpl.java:openPipeline(367)) - Pipeline Pipeline[ Id: c069f734-edbe-487e-8bb1-6e7b3e935167, Nodes: 8252e408-c982-4bc9-a7b5-c82dcdf99b6f(fv-az1249-304/10.1.0.38), ReplicationConfig: RATIS/ONE, State:ALLOCATED, leaderId:8252e408-c982-4bc9-a7b5-c82dcdf99b6f, CreationTimestamp2023-05-23T10:27:28.875Z[Etc/UTC]] moved to OPEN state
2023-05-23 10:27:31,893 [EventQueue-OpenPipelineForHealthyPipelineSafeModeRule] INFO  safemode.SCMSafeModeManager (HealthyPipelineSafeModeRule.java:process(137)) - SCM in safe mode. Healthy pipelines reported count is 0, required healthy pipeline reported count is 1
2023-05-23 10:27:31,896 [8252e408-c982-4bc9-a7b5-c82dcdf99b6f-groupManagement] INFO  server.RaftServerConfigKeys (ConfUtils.java:logGet(46)) - raft.server.log.use.memory = false (default)
2023-05-23 10:27:31,896 [8252e408-c982-4bc9-a7b5-c82dcdf99b6f-groupManagement] INFO  server.RaftServerConfigKeys (ConfUtils.java:logGet(46)) - raft.server.log.purge.gap = 1000000 (custom)
2023-05-23 10:27:31,896 [8252e408-c982-4bc9-a7b5-c82dcdf99b6f-groupManagement] INFO  server.RaftServerConfigKeys (ConfUtils.java:logGet(46)) - raft.server.log.appender.buffer.byte-limit = 33554432 (custom)
2023-05-23 10:27:31,896 [8252e408-c982-4bc9-a7b5-c82dcdf99b6f-groupManagement] INFO  server.RaftServerConfigKeys (ConfUtils.java:logGet(46)) - raft.server.log.statemachine.data.read.timeout = 1000ms (default)
2023-05-23 10:27:31,896 [8252e408-c982-4bc9-a7b5-c82dcdf99b6f-groupManagement] INFO  server.RaftServerConfigKeys (ConfUtils.java:logGet(46)) - raft.server.log.purge.preservation.log.num = 0 (default)
2023-05-23 10:27:31,896 [8252e408-c982-4bc9-a7b5-c82dcdf99b6f-groupManagement] INFO  server.RaftServerConfigKeys (ConfUtils.java:logGet(46)) - raft.server.log.segment.size.max = 1048576 (custom)
2023-05-23 10:27:31,896 [8252e408-c982-4bc9-a7b5-c82dcdf99b6f-groupManagement] INFO  server.RaftServerConfigKeys (ConfUtils.java:logGet(46)) - raft.server.log.segment.cache.num.max = 2 (custom)
2023-05-23 10:27:31,896 [8252e408-c982-4bc9-a7b5-c82dcdf99b6f-groupManagement] INFO  server.RaftServerConfigKeys (ConfUtils.java:logGet(46)) - raft.server.log.segment.cache.size.max = 200MB (=209715200) (default)
2023-05-23 10:27:31,896 [8252e408-c982-4bc9-a7b5-c82dcdf99b6f-groupManagement] INFO  server.RaftServerConfigKeys (ConfUtils.java:logGet(46)) - raft.server.log.appender.buffer.byte-limit = 33554432 (custom)
2023-05-23 10:27:31,896 [8252e408-c982-4bc9-a7b5-c82dcdf99b6f-groupManagement] INFO  segmented.SegmentedRaftLogWorker (SegmentedRaftLogWorker.java:<init>(188)) - new 8252e408-c982-4bc9-a7b5-c82dcdf99b6f@group-6E7B3E935167-SegmentedRaftLogWorker for RaftStorageImpl:Storage Directory /home/runner/work/ozone/ozone/hadoop-ozone/integration-test/target/test-dir/MiniOzoneClusterImpl-1448f794-6d1a-4b49-b7b3-e839f56d4fba/datanode-1/data/ratis/c069f734-edbe-487e-8bb1-6e7b3e935167
2023-05-23 10:27:31,896 [8252e408-c982-4bc9-a7b5-c82dcdf99b6f-groupManagement] INFO  server.RaftServerConfigKeys (ConfUtils.java:logGet(46)) - raft.server.log.queue.byte-limit = 4294967296 (custom)
2023-05-23 10:27:31,896 [8252e408-c982-4bc9-a7b5-c82dcdf99b6f-groupManagement] INFO  server.RaftServerConfigKeys (ConfUtils.java:logGet(46)) - raft.server.log.queue.element-limit = 1024 (custom)
2023-05-23 10:27:31,898 [8252e408-c982-4bc9-a7b5-c82dcdf99b6f-groupManagement] INFO  server.RaftServerConfigKeys (ConfUtils.java:logGet(46)) - raft.server.log.segment.size.max = 1048576 (custom)
2023-05-23 10:27:31,898 [8252e408-c982-4bc9-a7b5-c82dcdf99b6f-groupManagement] INFO  server.RaftServerConfigKeys (ConfUtils.java:logGet(46)) - raft.server.log.preallocated.size = 16384 (custom)
2023-05-23 10:27:31,899 [8252e408-c982-4bc9-a7b5-c82dcdf99b6f-groupManagement] INFO  server.RaftServerConfigKeys (ConfUtils.java:logGet(46)) - raft.server.log.force.sync.num = 128 (default)
2023-05-23 10:27:31,899 [8252e408-c982-4bc9-a7b5-c82dcdf99b6f-groupManagement] INFO  server.RaftServerConfigKeys (ConfUtils.java:logGet(46)) - raft.server.log.statemachine.data.sync = true (default)
2023-05-23 10:27:31,899 [8252e408-c982-4bc9-a7b5-c82dcdf99b6f-groupManagement] INFO  server.RaftServerConfigKeys (ConfUtils.java:logGet(46)) - raft.server.log.statemachine.data.sync.timeout = 10s (default)
2023-05-23 10:27:31,899 [8252e408-c982-4bc9-a7b5-c82dcdf99b6f-groupManagement] INFO  server.RaftServerConfigKeys (ConfUtils.java:logGet(46)) - raft.server.log.statemachine.data.sync.timeout.retry = -1 (default)
2023-05-23 10:27:31,899 [8252e408-c982-4bc9-a7b5-c82dcdf99b6f-groupManagement] INFO  server.RaftServerConfigKeys (ConfUtils.java:logGet(46)) - raft.server.log.write.buffer.size = 1048576 (custom)
2023-05-23 10:27:31,901 [8252e408-c982-4bc9-a7b5-c82dcdf99b6f-groupManagement] INFO  server.RaftServerConfigKeys (ConfUtils.java:logGet(46)) - raft.server.log.appender.buffer.byte-limit = 33554432 (custom)
2023-05-23 10:27:31,904 [85fe1515-2b71-4688-862a-26af69046f00-groupManagement] INFO  server.RaftServerConfigKeys (ConfUtils.java:logGet(46)) - raft.server.log.unsafe-flush.enabled = false (default)
2023-05-23 10:27:31,904 [85fe1515-2b71-4688-862a-26af69046f00-groupManagement] INFO  server.RaftServerConfigKeys (ConfUtils.java:logGet(46)) - raft.server.log.async-flush.enabled = false (default)
2023-05-23 10:27:31,904 [85fe1515-2b71-4688-862a-26af69046f00-groupManagement] INFO  server.RaftServerConfigKeys (ConfUtils.java:logGet(46)) - raft.server.log.statemachine.data.caching.enabled = true (custom)
2023-05-23 10:27:31,904 [85fe1515-2b71-4688-862a-26af69046f00-groupManagement] INFO  segmented.SegmentedRaftLogWorker (SegmentedRaftLogWorker.java:lambda$new$0(135)) - 85fe1515-2b71-4688-862a-26af69046f00@group-F6F833690CA0-SegmentedRaftLogWorker: flushIndex: setUnconditionally 0 -> -1
2023-05-23 10:27:31,904 [85fe1515-2b71-4688-862a-26af69046f00-groupManagement] INFO  segmented.SegmentedRaftLogWorker (SegmentedRaftLogWorker.java:lambda$new$0(135)) - 85fe1515-2b71-4688-862a-26af69046f00@group-F6F833690CA0-SegmentedRaftLogWorker: safeCacheEvictIndex: setUnconditionally 0 -> -1
2023-05-23 10:27:31,910 [8252e408-c982-4bc9-a7b5-c82dcdf99b6f-groupManagement] INFO  server.RaftServerConfigKeys (ConfUtils.java:logGet(46)) - raft.server.log.unsafe-flush.enabled = false (default)
2023-05-23 10:27:31,910 [8252e408-c982-4bc9-a7b5-c82dcdf99b6f-groupManagement] INFO  server.RaftServerConfigKeys (ConfUtils.java:logGet(46)) - raft.server.log.async-flush.enabled = false (default)
2023-05-23 10:27:31,910 [8252e408-c982-4bc9-a7b5-c82dcdf99b6f-groupManagement] INFO  server.RaftServerConfigKeys (ConfUtils.java:logGet(46)) - raft.server.log.statemachine.data.caching.enabled = true (custom)
2023-05-23 10:27:31,910 [8252e408-c982-4bc9-a7b5-c82dcdf99b6f-groupManagement] INFO  segmented.SegmentedRaftLogWorker (SegmentedRaftLogWorker.java:lambda$new$0(135)) - 8252e408-c982-4bc9-a7b5-c82dcdf99b6f@group-6E7B3E935167-SegmentedRaftLogWorker: flushIndex: setUnconditionally 0 -> -1
2023-05-23 10:27:31,910 [8252e408-c982-4bc9-a7b5-c82dcdf99b6f-groupManagement] INFO  segmented.SegmentedRaftLogWorker (SegmentedRaftLogWorker.java:lambda$new$0(135)) - 8252e408-c982-4bc9-a7b5-c82dcdf99b6f@group-6E7B3E935167-SegmentedRaftLogWorker: safeCacheEvictIndex: setUnconditionally 0 -> -1
2023-05-23 10:27:31,911 [85fe1515-2b71-4688-862a-26af69046f00-groupManagement] INFO  server.RaftServer$Division (RaftServerImpl.java:start(342)) - 85fe1515-2b71-4688-862a-26af69046f00@group-F6F833690CA0: start as a follower, conf=-1: peers:[fad86c32-67f1-4b6d-b48a-d8941e8b4fba|rpc:10.1.0.38:15205|admin:10.1.0.38:15204|client:10.1.0.38:15203|dataStream:10.1.0.38:15206|priority:1|startupRole:FOLLOWER, 85fe1515-2b71-4688-862a-26af69046f00|rpc:10.1.0.38:15221|admin:10.1.0.38:15220|client:10.1.0.38:15219|dataStream:10.1.0.38:15222|priority:0|startupRole:FOLLOWER, 8252e408-c982-4bc9-a7b5-c82dcdf99b6f|rpc:10.1.0.38:15213|admin:10.1.0.38:15212|client:10.1.0.38:15211|dataStream:10.1.0.38:15214|priority:0|startupRole:FOLLOWER]|listeners:[], old=null
2023-05-23 10:27:31,911 [85fe1515-2b71-4688-862a-26af69046f00-groupManagement] INFO  server.RaftServer$Division (RaftServerImpl.java:setRole(329)) - 85fe1515-2b71-4688-862a-26af69046f00@group-F6F833690CA0: changes role from      null to FOLLOWER at term 0 for startAsFollower
2023-05-23 10:27:31,911 [85fe1515-2b71-4688-862a-26af69046f00-groupManagement] INFO  impl.RoleInfo (RoleInfo.java:updateAndGet(139)) - 85fe1515-2b71-4688-862a-26af69046f00: start 85fe1515-2b71-4688-862a-26af69046f00@group-F6F833690CA0-FollowerState
2023-05-23 10:27:31,911 [85fe1515-2b71-4688-862a-26af69046f00-groupManagement] INFO  util.JmxRegister (JmxRegister.java:tryRegister(44)) - Successfully registered JMX Bean with object name Ratis:service=RaftServer,group=group-F6F833690CA0,id=85fe1515-2b71-4688-862a-26af69046f00
2023-05-23 10:27:31,911 [85fe1515-2b71-4688-862a-26af69046f00-groupManagement] INFO  server.RaftServerConfigKeys (ConfUtils.java:logGet(46)) - raft.server.snapshot.auto.trigger.enabled = true (custom)
2023-05-23 10:27:31,912 [85fe1515-2b71-4688-862a-26af69046f00-groupManagement] INFO  server.RaftServerConfigKeys (ConfUtils.java:logGet(46)) - raft.server.snapshot.auto.trigger.threshold = 10000 (custom)
2023-05-23 10:27:31,912 [85fe1515-2b71-4688-862a-26af69046f00-groupManagement] INFO  server.RaftServerConfigKeys (ConfUtils.java:logGet(46)) - raft.server.snapshot.retention.file.num = 5 (custom)
2023-05-23 10:27:31,912 [85fe1515-2b71-4688-862a-26af69046f00-groupManagement] INFO  server.RaftServerConfigKeys (ConfUtils.java:logGet(46)) - raft.server.log.purge.upto.snapshot.index = false (default)
2023-05-23 10:27:31,912 [85fe1515-2b71-4688-862a-26af69046f00@group-F6F833690CA0-FollowerState] INFO  server.RaftServerConfigKeys (ConfUtils.java:logFallback(53)) - raft.server.rpc.first-election.timeout.min = 5s (fallback to raft.server.rpc.timeout.min)
2023-05-23 10:27:31,912 [85fe1515-2b71-4688-862a-26af69046f00@group-F6F833690CA0-FollowerState] INFO  server.RaftServerConfigKeys (ConfUtils.java:logFallback(53)) - raft.server.rpc.first-election.timeout.max = 5200ms (fallback to raft.server.rpc.timeout.max)
2023-05-23 10:27:31,921 [8252e408-c982-4bc9-a7b5-c82dcdf99b6f-groupManagement] INFO  server.RaftServer$Division (RaftServerImpl.java:start(342)) - 8252e408-c982-4bc9-a7b5-c82dcdf99b6f@group-6E7B3E935167: start as a follower, conf=-1: peers:[8252e408-c982-4bc9-a7b5-c82dcdf99b6f|rpc:10.1.0.38:15213|admin:10.1.0.38:15212|client:10.1.0.38:15211|dataStream:10.1.0.38:15214|priority:1|startupRole:FOLLOWER]|listeners:[], old=null
2023-05-23 10:27:31,921 [8252e408-c982-4bc9-a7b5-c82dcdf99b6f-groupManagement] INFO  server.RaftServer$Division (RaftServerImpl.java:setRole(329)) - 8252e408-c982-4bc9-a7b5-c82dcdf99b6f@group-6E7B3E935167: changes role from      null to FOLLOWER at term 0 for startAsFollower
2023-05-23 10:27:31,921 [8252e408-c982-4bc9-a7b5-c82dcdf99b6f-groupManagement] INFO  impl.RoleInfo (RoleInfo.java:updateAndGet(139)) - 8252e408-c982-4bc9-a7b5-c82dcdf99b6f: start 8252e408-c982-4bc9-a7b5-c82dcdf99b6f@group-6E7B3E935167-FollowerState
2023-05-23 10:27:31,921 [8252e408-c982-4bc9-a7b5-c82dcdf99b6f-groupManagement] INFO  util.JmxRegister (JmxRegister.java:tryRegister(44)) - Successfully registered JMX Bean with object name Ratis:service=RaftServer,group=group-6E7B3E935167,id=8252e408-c982-4bc9-a7b5-c82dcdf99b6f
2023-05-23 10:27:31,921 [8252e408-c982-4bc9-a7b5-c82dcdf99b6f-groupManagement] INFO  server.RaftServerConfigKeys (ConfUtils.java:logGet(46)) - raft.server.snapshot.auto.trigger.enabled = true (custom)
2023-05-23 10:27:31,921 [8252e408-c982-4bc9-a7b5-c82dcdf99b6f-groupManagement] INFO  server.RaftServerConfigKeys (ConfUtils.java:logGet(46)) - raft.server.snapshot.auto.trigger.threshold = 10000 (custom)
2023-05-23 10:27:31,921 [8252e408-c982-4bc9-a7b5-c82dcdf99b6f-groupManagement] INFO  server.RaftServerConfigKeys (ConfUtils.java:logGet(46)) - raft.server.snapshot.retention.file.num = 5 (custom)
2023-05-23 10:27:31,921 [8252e408-c982-4bc9-a7b5-c82dcdf99b6f-groupManagement] INFO  server.RaftServerConfigKeys (ConfUtils.java:logGet(46)) - raft.server.log.purge.upto.snapshot.index = false (default)
2023-05-23 10:27:31,922 [8252e408-c982-4bc9-a7b5-c82dcdf99b6f@group-6E7B3E935167-FollowerState] INFO  server.RaftServerConfigKeys (ConfUtils.java:logFallback(53)) - raft.server.rpc.first-election.timeout.min = 5s (fallback to raft.server.rpc.timeout.min)
2023-05-23 10:27:31,922 [8252e408-c982-4bc9-a7b5-c82dcdf99b6f@group-6E7B3E935167-FollowerState] INFO  server.RaftServerConfigKeys (ConfUtils.java:logFallback(53)) - raft.server.rpc.first-election.timeout.max = 5200ms (fallback to raft.server.rpc.timeout.max)
2023-05-23 10:27:31,924 [Command processor thread] INFO  ratis.XceiverServerRatis (XceiverServerRatis.java:addGroup(806)) - Created group PipelineID=c069f734-edbe-487e-8bb1-6e7b3e935167
2023-05-23 10:27:31,924 [Command processor thread] INFO  commandhandler.CreatePipelineCommandHandler (CreatePipelineCommandHandler.java:handle(113)) - Created Pipeline RATIS ONE PipelineID=c069f734-edbe-487e-8bb1-6e7b3e935167.
2023-05-23 10:27:31,931 [Command processor thread] INFO  commandhandler.CreatePipelineCommandHandler (CreatePipelineCommandHandler.java:handle(113)) - Created Pipeline RATIS THREE PipelineID=6c514fb2-bffb-4707-8a6d-f6f833690ca0.
2023-05-23 10:27:32,211 [Command processor thread] INFO  server.RaftServer (RaftServerProxy.java:addNew(98)) - 85fe1515-2b71-4688-862a-26af69046f00: addNew group-F83CB09F0F7A:[85fe1515-2b71-4688-862a-26af69046f00|rpc:10.1.0.38:15221|admin:10.1.0.38:15220|client:10.1.0.38:15219|dataStream:10.1.0.38:15222|priority:1|startupRole:FOLLOWER] returns group-F83CB09F0F7A:java.util.concurrent.CompletableFuture@342c21a8[Not completed]
2023-05-23 10:27:32,212 [85fe1515-2b71-4688-862a-26af69046f00-groupManagement] INFO  server.RaftServer$Division (RaftServerImpl.java:<init>(198)) - 85fe1515-2b71-4688-862a-26af69046f00: new RaftServerImpl for group-F83CB09F0F7A:[85fe1515-2b71-4688-862a-26af69046f00|rpc:10.1.0.38:15221|admin:10.1.0.38:15220|client:10.1.0.38:15219|dataStream:10.1.0.38:15222|priority:1|startupRole:FOLLOWER] with ContainerStateMachine:uninitialized
2023-05-23 10:27:32,212 [85fe1515-2b71-4688-862a-26af69046f00-groupManagement] INFO  server.RaftServerConfigKeys (ConfUtils.java:logGet(46)) - raft.server.rpc.timeout.min = 5s (custom)
2023-05-23 10:27:32,213 [85fe1515-2b71-4688-862a-26af69046f00-groupManagement] INFO  server.RaftServerConfigKeys (ConfUtils.java:logGet(46)) - raft.server.rpc.timeout.max = 5200ms (custom)
2023-05-23 10:27:32,213 [85fe1515-2b71-4688-862a-26af69046f00-groupManagement] INFO  server.RaftServerConfigKeys (ConfUtils.java:logGet(46)) - raft.server.rpc.sleep.time = 25ms (default)
2023-05-23 10:27:32,213 [85fe1515-2b71-4688-862a-26af69046f00-groupManagement] INFO  server.RaftServerConfigKeys (ConfUtils.java:logGet(46)) - raft.server.rpc.slowness.timeout = 300s (custom)
2023-05-23 10:27:32,213 [85fe1515-2b71-4688-862a-26af69046f00-groupManagement] INFO  server.RaftServerConfigKeys (ConfUtils.java:logGet(46)) - raft.server.leaderelection.leader.step-down.wait-time = 10s (default)
2023-05-23 10:27:32,213 [85fe1515-2b71-4688-862a-26af69046f00-groupManagement] INFO  server.RaftServerConfigKeys (ConfUtils.java:logGet(46)) - raft.server.sleep.deviation.threshold = 300ms (default)
2023-05-23 10:27:32,213 [85fe1515-2b71-4688-862a-26af69046f00-groupManagement] INFO  server.RaftServer$Division (ServerState.java:<init>(120)) - 85fe1515-2b71-4688-862a-26af69046f00@group-F83CB09F0F7A: ConfigurationManager, init=-1: peers:[85fe1515-2b71-4688-862a-26af69046f00|rpc:10.1.0.38:15221|admin:10.1.0.38:15220|client:10.1.0.38:15219|dataStream:10.1.0.38:15222|priority:1|startupRole:FOLLOWER]|listeners:[], old=null, confs=<EMPTY_MAP>
2023-05-23 10:27:32,213 [85fe1515-2b71-4688-862a-26af69046f00-groupManagement] INFO  server.RaftServerConfigKeys (ConfUtils.java:logGet(46)) - raft.server.storage.dir = [/home/runner/work/ozone/ozone/hadoop-ozone/integration-test/target/test-dir/MiniOzoneClusterImpl-1448f794-6d1a-4b49-b7b3-e839f56d4fba/datanode-2/data/ratis] (custom)
2023-05-23 10:27:32,213 [85fe1515-2b71-4688-862a-26af69046f00-groupManagement] INFO  server.RaftServerConfigKeys (ConfUtils.java:logGet(46)) - raft.server.log.corruption.policy = EXCEPTION (default)
2023-05-23 10:27:32,213 [85fe1515-2b71-4688-862a-26af69046f00-groupManagement] INFO  server.RaftServerConfigKeys (ConfUtils.java:logGet(46)) - raft.server.storage.free-space.min = 0MB (=0) (default)
2023-05-23 10:27:32,213 [85fe1515-2b71-4688-862a-26af69046f00-groupManagement] INFO  server.RaftServerConfigKeys (ConfUtils.java:logGet(46)) - raft.server.notification.no-leader.timeout = 300s (custom)
2023-05-23 10:27:32,213 [85fe1515-2b71-4688-862a-26af69046f00-groupManagement] INFO  server.RaftServerConfigKeys (ConfUtils.java:logGet(46)) - raft.server.read.timeout = 10s (default)
2023-05-23 10:27:32,213 [85fe1515-2b71-4688-862a-26af69046f00-groupManagement] INFO  server.RaftServerConfigKeys (ConfUtils.java:logGet(46)) - raft.server.retrycache.expirytime = 600000ms (custom)
2023-05-23 10:27:32,213 [85fe1515-2b71-4688-862a-26af69046f00-groupManagement] INFO  server.RaftServerConfigKeys (ConfUtils.java:logGet(46)) - raft.server.retrycache.statistics.expirytime = 100μs (default)
2023-05-23 10:27:32,213 [85fe1515-2b71-4688-862a-26af69046f00-groupManagement] INFO  server.RaftServerConfigKeys (ConfUtils.java:logGet(46)) - raft.server.read.option = DEFAULT (default)
2023-05-23 10:27:32,214 [85fe1515-2b71-4688-862a-26af69046f00-groupManagement] INFO  server.RaftServerConfigKeys (ConfUtils.java:logGet(46)) - raft.server.rpc.request.timeout = 60s (custom)
2023-05-23 10:27:32,214 [85fe1515-2b71-4688-862a-26af69046f00-groupManagement] INFO  server.RaftServerConfigKeys (ConfUtils.java:logGet(46)) - raft.server.log.appender.install.snapshot.enabled = false (custom)
2023-05-23 10:27:32,214 [85fe1515-2b71-4688-862a-26af69046f00-groupManagement] INFO  server.RaftServerConfigKeys (ConfUtils.java:logGet(46)) - raft.server.threadpool.server.cached = true (default)
2023-05-23 10:27:32,214 [85fe1515-2b71-4688-862a-26af69046f00-groupManagement] INFO  server.RaftServerConfigKeys (ConfUtils.java:logGet(46)) - raft.server.threadpool.server.size = 0 (default)
2023-05-23 10:27:32,214 [85fe1515-2b71-4688-862a-26af69046f00-groupManagement] INFO  server.RaftServerConfigKeys (ConfUtils.java:logGet(46)) - raft.server.threadpool.client.cached = true (default)
2023-05-23 10:27:32,214 [85fe1515-2b71-4688-862a-26af69046f00-groupManagement] INFO  server.RaftServerConfigKeys (ConfUtils.java:logGet(46)) - raft.server.threadpool.client.size = 0 (default)
2023-05-23 10:27:32,214 [85fe1515-2b71-4688-862a-26af69046f00-groupManagement] INFO  storage.RaftStorageDirectory (RaftStorageDirectoryImpl.java:analyzeStorage(137)) - The storage directory /home/runner/work/ozone/ozone/hadoop-ozone/integration-test/target/test-dir/MiniOzoneClusterImpl-1448f794-6d1a-4b49-b7b3-e839f56d4fba/datanode-2/data/ratis/12c8013d-565a-432e-9b23-f83cb09f0f7a does not exist. Creating ...
2023-05-23 10:27:32,216 [85fe1515-2b71-4688-862a-26af69046f00-groupManagement] INFO  storage.RaftStorageDirectory (RaftStorageDirectoryImpl.java:tryLock(231)) - Lock on /home/runner/work/ozone/ozone/hadoop-ozone/integration-test/target/test-dir/MiniOzoneClusterImpl-1448f794-6d1a-4b49-b7b3-e839f56d4fba/datanode-2/data/ratis/12c8013d-565a-432e-9b23-f83cb09f0f7a/in_use.lock acquired by nodename 10384@fv-az1249-304
2023-05-23 10:27:32,217 [85fe1515-2b71-4688-862a-26af69046f00-groupManagement] INFO  storage.RaftStorage (RaftStorageImpl.java:format(96)) - Storage directory /home/runner/work/ozone/ozone/hadoop-ozone/integration-test/target/test-dir/MiniOzoneClusterImpl-1448f794-6d1a-4b49-b7b3-e839f56d4fba/datanode-2/data/ratis/12c8013d-565a-432e-9b23-f83cb09f0f7a has been successfully formatted.
2023-05-23 10:27:32,218 [85fe1515-2b71-4688-862a-26af69046f00-groupManagement] INFO  ratis.ContainerStateMachine (ContainerStateMachine.java:loadSnapshot(262)) - group-F83CB09F0F7A: The snapshot info is null. Setting the last applied indexto:(t:0, i:~)
2023-05-23 10:27:32,218 [85fe1515-2b71-4688-862a-26af69046f00-groupManagement] INFO  server.RaftServerConfigKeys (ConfUtils.java:logGet(46)) - raft.server.log.use.memory = false (default)
2023-05-23 10:27:32,218 [85fe1515-2b71-4688-862a-26af69046f00-groupManagement] INFO  server.RaftServerConfigKeys (ConfUtils.java:logGet(46)) - raft.server.log.purge.gap = 1000000 (custom)
2023-05-23 10:27:32,218 [85fe1515-2b71-4688-862a-26af69046f00-groupManagement] INFO  server.RaftServerConfigKeys (ConfUtils.java:logGet(46)) - raft.server.log.appender.buffer.byte-limit = 33554432 (custom)
2023-05-23 10:27:32,218 [85fe1515-2b71-4688-862a-26af69046f00-groupManagement] INFO  server.RaftServerConfigKeys (ConfUtils.java:logGet(46)) - raft.server.log.statemachine.data.read.timeout = 1000ms (default)
2023-05-23 10:27:32,218 [85fe1515-2b71-4688-862a-26af69046f00-groupManagement] INFO  server.RaftServerConfigKeys (ConfUtils.java:logGet(46)) - raft.server.log.purge.preservation.log.num = 0 (default)
2023-05-23 10:27:32,218 [85fe1515-2b71-4688-862a-26af69046f00-groupManagement] INFO  server.RaftServerConfigKeys (ConfUtils.java:logGet(46)) - raft.server.log.segment.size.max = 1048576 (custom)
2023-05-23 10:27:32,218 [85fe1515-2b71-4688-862a-26af69046f00-groupManagement] INFO  server.RaftServerConfigKeys (ConfUtils.java:logGet(46)) - raft.server.log.segment.cache.num.max = 2 (custom)
2023-05-23 10:27:32,218 [85fe1515-2b71-4688-862a-26af69046f00-groupManagement] INFO  server.RaftServerConfigKeys (ConfUtils.java:logGet(46)) - raft.server.log.segment.cache.size.max = 200MB (=209715200) (default)
2023-05-23 10:27:32,218 [85fe1515-2b71-4688-862a-26af69046f00-groupManagement] INFO  server.RaftServerConfigKeys (ConfUtils.java:logGet(46)) - raft.server.log.appender.buffer.byte-limit = 33554432 (custom)
2023-05-23 10:27:32,219 [85fe1515-2b71-4688-862a-26af69046f00-groupManagement] INFO  segmented.SegmentedRaftLogWorker (SegmentedRaftLogWorker.java:<init>(188)) - new 85fe1515-2b71-4688-862a-26af69046f00@group-F83CB09F0F7A-SegmentedRaftLogWorker for RaftStorageImpl:Storage Directory /home/runner/work/ozone/ozone/hadoop-ozone/integration-test/target/test-dir/MiniOzoneClusterImpl-1448f794-6d1a-4b49-b7b3-e839f56d4fba/datanode-2/data/ratis/12c8013d-565a-432e-9b23-f83cb09f0f7a
2023-05-23 10:27:32,219 [85fe1515-2b71-4688-862a-26af69046f00-groupManagement] INFO  server.RaftServerConfigKeys (ConfUtils.java:logGet(46)) - raft.server.log.queue.byte-limit = 4294967296 (custom)
2023-05-23 10:27:32,219 [85fe1515-2b71-4688-862a-26af69046f00-groupManagement] INFO  server.RaftServerConfigKeys (ConfUtils.java:logGet(46)) - raft.server.log.queue.element-limit = 1024 (custom)
2023-05-23 10:27:32,219 [85fe1515-2b71-4688-862a-26af69046f00-groupManagement] INFO  server.RaftServerConfigKeys (ConfUtils.java:logGet(46)) - raft.server.log.segment.size.max = 1048576 (custom)
2023-05-23 10:27:32,219 [85fe1515-2b71-4688-862a-26af69046f00-groupManagement] INFO  server.RaftServerConfigKeys (ConfUtils.java:logGet(46)) - raft.server.log.preallocated.size = 16384 (custom)
2023-05-23 10:27:32,219 [85fe1515-2b71-4688-862a-26af69046f00-groupManagement] INFO  server.RaftServerConfigKeys (ConfUtils.java:logGet(46)) - raft.server.log.force.sync.num = 128 (default)
2023-05-23 10:27:32,219 [85fe1515-2b71-4688-862a-26af69046f00-groupManagement] INFO  server.RaftServerConfigKeys (ConfUtils.java:logGet(46)) - raft.server.log.statemachine.data.sync = true (default)
2023-05-23 10:27:32,219 [85fe1515-2b71-4688-862a-26af69046f00-groupManagement] INFO  server.RaftServerConfigKeys (ConfUtils.java:logGet(46)) - raft.server.log.statemachine.data.sync.timeout = 10s (default)
2023-05-23 10:27:32,219 [EventQueue-PipelineReportForPipelineReportHandler] INFO  pipeline.PipelineManagerImpl (PipelineManagerImpl.java:openPipeline(367)) - Pipeline Pipeline[ Id: 12c8013d-565a-432e-9b23-f83cb09f0f7a, Nodes: 85fe1515-2b71-4688-862a-26af69046f00(fv-az1249-304/10.1.0.38), ReplicationConfig: RATIS/ONE, State:ALLOCATED, leaderId:85fe1515-2b71-4688-862a-26af69046f00, CreationTimestamp2023-05-23T10:27:29.215Z[Etc/UTC]] moved to OPEN state
2023-05-23 10:27:32,219 [EventQueue-OpenPipelineForHealthyPipelineSafeModeRule] INFO  safemode.SCMSafeModeManager (HealthyPipelineSafeModeRule.java:process(137)) - SCM in safe mode. Healthy pipelines reported count is 0, required healthy pipeline reported count is 1
2023-05-23 10:27:32,219 [85fe1515-2b71-4688-862a-26af69046f00-groupManagement] INFO  server.RaftServerConfigKeys (ConfUtils.java:logGet(46)) - raft.server.log.statemachine.data.sync.timeout.retry = -1 (default)
2023-05-23 10:27:32,220 [85fe1515-2b71-4688-862a-26af69046f00-groupManagement] INFO  server.RaftServerConfigKeys (ConfUtils.java:logGet(46)) - raft.server.log.write.buffer.size = 1048576 (custom)
2023-05-23 10:27:32,221 [85fe1515-2b71-4688-862a-26af69046f00-groupManagement] INFO  server.RaftServerConfigKeys (ConfUtils.java:logGet(46)) - raft.server.log.appender.buffer.byte-limit = 33554432 (custom)
2023-05-23 10:27:32,226 [85fe1515-2b71-4688-862a-26af69046f00-groupManagement] INFO  server.RaftServerConfigKeys (ConfUtils.java:logGet(46)) - raft.server.log.unsafe-flush.enabled = false (default)
2023-05-23 10:27:32,226 [85fe1515-2b71-4688-862a-26af69046f00-groupManagement] INFO  server.RaftServerConfigKeys (ConfUtils.java:logGet(46)) - raft.server.log.async-flush.enabled = false (default)
2023-05-23 10:27:32,226 [85fe1515-2b71-4688-862a-26af69046f00-groupManagement] INFO  server.RaftServerConfigKeys (ConfUtils.java:logGet(46)) - raft.server.log.statemachine.data.caching.enabled = true (custom)
2023-05-23 10:27:32,226 [85fe1515-2b71-4688-862a-26af69046f00-groupManagement] INFO  segmented.SegmentedRaftLogWorker (SegmentedRaftLogWorker.java:lambda$new$0(135)) - 85fe1515-2b71-4688-862a-26af69046f00@group-F83CB09F0F7A-SegmentedRaftLogWorker: flushIndex: setUnconditionally 0 -> -1
2023-05-23 10:27:32,226 [85fe1515-2b71-4688-862a-26af69046f00-groupManagement] INFO  segmented.SegmentedRaftLogWorker (SegmentedRaftLogWorker.java:lambda$new$0(135)) - 85fe1515-2b71-4688-862a-26af69046f00@group-F83CB09F0F7A-SegmentedRaftLogWorker: safeCacheEvictIndex: setUnconditionally 0 -> -1
2023-05-23 10:27:32,226 [85fe1515-2b71-4688-862a-26af69046f00-groupManagement] INFO  server.RaftServer$Division (RaftServerImpl.java:start(342)) - 85fe1515-2b71-4688-862a-26af69046f00@group-F83CB09F0F7A: start as a follower, conf=-1: peers:[85fe1515-2b71-4688-862a-26af69046f00|rpc:10.1.0.38:15221|admin:10.1.0.38:15220|client:10.1.0.38:15219|dataStream:10.1.0.38:15222|priority:1|startupRole:FOLLOWER]|listeners:[], old=null
2023-05-23 10:27:32,226 [85fe1515-2b71-4688-862a-26af69046f00-groupManagement] INFO  server.RaftServer$Division (RaftServerImpl.java:setRole(329)) - 85fe1515-2b71-4688-862a-26af69046f00@group-F83CB09F0F7A: changes role from      null to FOLLOWER at term 0 for startAsFollower
2023-05-23 10:27:32,226 [85fe1515-2b71-4688-862a-26af69046f00-groupManagement] INFO  impl.RoleInfo (RoleInfo.java:updateAndGet(139)) - 85fe1515-2b71-4688-862a-26af69046f00: start 85fe1515-2b71-4688-862a-26af69046f00@group-F83CB09F0F7A-FollowerState
2023-05-23 10:27:32,227 [85fe1515-2b71-4688-862a-26af69046f00-groupManagement] INFO  util.JmxRegister (JmxRegister.java:tryRegister(44)) - Successfully registered JMX Bean with object name Ratis:service=RaftServer,group=group-F83CB09F0F7A,id=85fe1515-2b71-4688-862a-26af69046f00
2023-05-23 10:27:32,227 [85fe1515-2b71-4688-862a-26af69046f00-groupManagement] INFO  server.RaftServerConfigKeys (ConfUtils.java:logGet(46)) - raft.server.snapshot.auto.trigger.enabled = true (custom)
2023-05-23 10:27:32,227 [85fe1515-2b71-4688-862a-26af69046f00-groupManagement] INFO  server.RaftServerConfigKeys (ConfUtils.java:logGet(46)) - raft.server.snapshot.auto.trigger.threshold = 10000 (custom)
2023-05-23 10:27:32,227 [85fe1515-2b71-4688-862a-26af69046f00-groupManagement] INFO  server.RaftServerConfigKeys (ConfUtils.java:logGet(46)) - raft.server.snapshot.retention.file.num = 5 (custom)
2023-05-23 10:27:32,227 [85fe1515-2b71-4688-862a-26af69046f00-groupManagement] INFO  server.RaftServerConfigKeys (ConfUtils.java:logGet(46)) - raft.server.log.purge.upto.snapshot.index = false (default)
2023-05-23 10:27:32,227 [85fe1515-2b71-4688-862a-26af69046f00@group-F83CB09F0F7A-FollowerState] INFO  server.RaftServerConfigKeys (ConfUtils.java:logFallback(53)) - raft.server.rpc.first-election.timeout.min = 5s (fallback to raft.server.rpc.timeout.min)
2023-05-23 10:27:32,227 [85fe1515-2b71-4688-862a-26af69046f00@group-F83CB09F0F7A-FollowerState] INFO  server.RaftServerConfigKeys (ConfUtils.java:logFallback(53)) - raft.server.rpc.first-election.timeout.max = 5200ms (fallback to raft.server.rpc.timeout.max)
2023-05-23 10:27:32,228 [Command processor thread] INFO  ratis.XceiverServerRatis (XceiverServerRatis.java:addGroup(806)) - Created group PipelineID=12c8013d-565a-432e-9b23-f83cb09f0f7a
2023-05-23 10:27:32,228 [Command processor thread] INFO  commandhandler.CreatePipelineCommandHandler (CreatePipelineCommandHandler.java:handle(113)) - Created Pipeline RATIS ONE PipelineID=12c8013d-565a-432e-9b23-f83cb09f0f7a.
2023-05-23 10:27:32,367 [ReplicationMonitor] INFO  replication.ReplicationManager (ReplicationManager.java:processAll(375)) - Replication Manager is not ready to run until 3000ms after safemode exit
2023-05-23 10:27:32,543 [Command processor thread] INFO  server.RaftServer (RaftServerProxy.java:addNew(98)) - c218ba02-a349-461c-9b33-7224d749d428: addNew group-95B4AD24C02C:[c218ba02-a349-461c-9b33-7224d749d428|rpc:10.1.0.38:15229|admin:10.1.0.38:15228|client:10.1.0.38:15227|dataStream:10.1.0.38:15230|priority:1|startupRole:FOLLOWER] returns group-95B4AD24C02C:java.util.concurrent.CompletableFuture@4d361623[Not completed]
2023-05-23 10:27:32,549 [c218ba02-a349-461c-9b33-7224d749d428-groupManagement] INFO  server.RaftServer$Division (RaftServerImpl.java:<init>(198)) - c218ba02-a349-461c-9b33-7224d749d428: new RaftServerImpl for group-95B4AD24C02C:[c218ba02-a349-461c-9b33-7224d749d428|rpc:10.1.0.38:15229|admin:10.1.0.38:15228|client:10.1.0.38:15227|dataStream:10.1.0.38:15230|priority:1|startupRole:FOLLOWER] with ContainerStateMachine:uninitialized
2023-05-23 10:27:32,549 [c218ba02-a349-461c-9b33-7224d749d428-groupManagement] INFO  server.RaftServerConfigKeys (ConfUtils.java:logGet(46)) - raft.server.rpc.timeout.min = 5s (custom)
2023-05-23 10:27:32,549 [c218ba02-a349-461c-9b33-7224d749d428-groupManagement] INFO  server.RaftServerConfigKeys (ConfUtils.java:logGet(46)) - raft.server.rpc.timeout.max = 5200ms (custom)
2023-05-23 10:27:32,549 [c218ba02-a349-461c-9b33-7224d749d428-groupManagement] INFO  server.RaftServerConfigKeys (ConfUtils.java:logGet(46)) - raft.server.rpc.sleep.time = 25ms (default)
2023-05-23 10:27:32,549 [c218ba02-a349-461c-9b33-7224d749d428-groupManagement] INFO  server.RaftServerConfigKeys (ConfUtils.java:logGet(46)) - raft.server.rpc.slowness.timeout = 300s (custom)
2023-05-23 10:27:32,549 [c218ba02-a349-461c-9b33-7224d749d428-groupManagement] INFO  server.RaftServerConfigKeys (ConfUtils.java:logGet(46)) - raft.server.leaderelection.leader.step-down.wait-time = 10s (default)
2023-05-23 10:27:32,549 [c218ba02-a349-461c-9b33-7224d749d428-groupManagement] INFO  server.RaftServerConfigKeys (ConfUtils.java:logGet(46)) - raft.server.sleep.deviation.threshold = 300ms (default)
2023-05-23 10:27:32,550 [c218ba02-a349-461c-9b33-7224d749d428-groupManagement] INFO  server.RaftServer$Division (ServerState.java:<init>(120)) - c218ba02-a349-461c-9b33-7224d749d428@group-95B4AD24C02C: ConfigurationManager, init=-1: peers:[c218ba02-a349-461c-9b33-7224d749d428|rpc:10.1.0.38:15229|admin:10.1.0.38:15228|client:10.1.0.38:15227|dataStream:10.1.0.38:15230|priority:1|startupRole:FOLLOWER]|listeners:[], old=null, confs=<EMPTY_MAP>
2023-05-23 10:27:32,550 [c218ba02-a349-461c-9b33-7224d749d428-groupManagement] INFO  server.RaftServerConfigKeys (ConfUtils.java:logGet(46)) - raft.server.storage.dir = [/home/runner/work/ozone/ozone/hadoop-ozone/integration-test/target/test-dir/MiniOzoneClusterImpl-1448f794-6d1a-4b49-b7b3-e839f56d4fba/datanode-3/data/ratis] (custom)
2023-05-23 10:27:32,550 [c218ba02-a349-461c-9b33-7224d749d428-groupManagement] INFO  server.RaftServerConfigKeys (ConfUtils.java:logGet(46)) - raft.server.log.corruption.policy = EXCEPTION (default)
2023-05-23 10:27:32,550 [c218ba02-a349-461c-9b33-7224d749d428-groupManagement] INFO  server.RaftServerConfigKeys (ConfUtils.java:logGet(46)) - raft.server.storage.free-space.min = 0MB (=0) (default)
2023-05-23 10:27:32,550 [c218ba02-a349-461c-9b33-7224d749d428-groupManagement] INFO  server.RaftServerConfigKeys (ConfUtils.java:logGet(46)) - raft.server.notification.no-leader.timeout = 300s (custom)
2023-05-23 10:27:32,550 [c218ba02-a349-461c-9b33-7224d749d428-groupManagement] INFO  server.RaftServerConfigKeys (ConfUtils.java:logGet(46)) - raft.server.read.timeout = 10s (default)
2023-05-23 10:27:32,550 [c218ba02-a349-461c-9b33-7224d749d428-groupManagement] INFO  server.RaftServerConfigKeys (ConfUtils.java:logGet(46)) - raft.server.retrycache.expirytime = 600000ms (custom)
2023-05-23 10:27:32,550 [c218ba02-a349-461c-9b33-7224d749d428-groupManagement] INFO  server.RaftServerConfigKeys (ConfUtils.java:logGet(46)) - raft.server.retrycache.statistics.expirytime = 100μs (default)
2023-05-23 10:27:32,550 [c218ba02-a349-461c-9b33-7224d749d428-groupManagement] INFO  server.RaftServerConfigKeys (ConfUtils.java:logGet(46)) - raft.server.read.option = DEFAULT (default)
2023-05-23 10:27:32,551 [c218ba02-a349-461c-9b33-7224d749d428-groupManagement] INFO  server.RaftServerConfigKeys (ConfUtils.java:logGet(46)) - raft.server.rpc.request.timeout = 60s (custom)
2023-05-23 10:27:32,551 [c218ba02-a349-461c-9b33-7224d749d428-groupManagement] INFO  server.RaftServerConfigKeys (ConfUtils.java:logGet(46)) - raft.server.log.appender.install.snapshot.enabled = false (custom)
2023-05-23 10:27:32,551 [c218ba02-a349-461c-9b33-7224d749d428-groupManagement] INFO  server.RaftServerConfigKeys (ConfUtils.java:logGet(46)) - raft.server.threadpool.server.cached = true (default)
2023-05-23 10:27:32,551 [c218ba02-a349-461c-9b33-7224d749d428-groupManagement] INFO  server.RaftServerConfigKeys (ConfUtils.java:logGet(46)) - raft.server.threadpool.server.size = 0 (default)
2023-05-23 10:27:32,551 [c218ba02-a349-461c-9b33-7224d749d428-groupManagement] INFO  server.RaftServerConfigKeys (ConfUtils.java:logGet(46)) - raft.server.threadpool.client.cached = true (default)
2023-05-23 10:27:32,551 [c218ba02-a349-461c-9b33-7224d749d428-groupManagement] INFO  server.RaftServerConfigKeys (ConfUtils.java:logGet(46)) - raft.server.threadpool.client.size = 0 (default)
2023-05-23 10:27:32,551 [c218ba02-a349-461c-9b33-7224d749d428-groupManagement] INFO  storage.RaftStorageDirectory (RaftStorageDirectoryImpl.java:analyzeStorage(137)) - The storage directory /home/runner/work/ozone/ozone/hadoop-ozone/integration-test/target/test-dir/MiniOzoneClusterImpl-1448f794-6d1a-4b49-b7b3-e839f56d4fba/datanode-3/data/ratis/b50137f5-ee47-49a1-899a-95b4ad24c02c does not exist. Creating ...
2023-05-23 10:27:32,553 [c218ba02-a349-461c-9b33-7224d749d428-groupManagement] INFO  storage.RaftStorageDirectory (RaftStorageDirectoryImpl.java:tryLock(231)) - Lock on /home/runner/work/ozone/ozone/hadoop-ozone/integration-test/target/test-dir/MiniOzoneClusterImpl-1448f794-6d1a-4b49-b7b3-e839f56d4fba/datanode-3/data/ratis/b50137f5-ee47-49a1-899a-95b4ad24c02c/in_use.lock acquired by nodename 10384@fv-az1249-304
2023-05-23 10:27:32,556 [c218ba02-a349-461c-9b33-7224d749d428-groupManagement] INFO  storage.RaftStorage (RaftStorageImpl.java:format(96)) - Storage directory /home/runner/work/ozone/ozone/hadoop-ozone/integration-test/target/test-dir/MiniOzoneClusterImpl-1448f794-6d1a-4b49-b7b3-e839f56d4fba/datanode-3/data/ratis/b50137f5-ee47-49a1-899a-95b4ad24c02c has been successfully formatted.
2023-05-23 10:27:32,560 [c218ba02-a349-461c-9b33-7224d749d428-groupManagement] INFO  ratis.ContainerStateMachine (ContainerStateMachine.java:loadSnapshot(262)) - group-95B4AD24C02C: The snapshot info is null. Setting the last applied indexto:(t:0, i:~)
2023-05-23 10:27:32,560 [c218ba02-a349-461c-9b33-7224d749d428-groupManagement] INFO  server.RaftServerConfigKeys (ConfUtils.java:logGet(46)) - raft.server.log.use.memory = false (default)
2023-05-23 10:27:32,560 [c218ba02-a349-461c-9b33-7224d749d428-groupManagement] INFO  server.RaftServerConfigKeys (ConfUtils.java:logGet(46)) - raft.server.log.purge.gap = 1000000 (custom)
2023-05-23 10:27:32,560 [c218ba02-a349-461c-9b33-7224d749d428-groupManagement] INFO  server.RaftServerConfigKeys (ConfUtils.java:logGet(46)) - raft.server.log.appender.buffer.byte-limit = 33554432 (custom)
2023-05-23 10:27:32,560 [c218ba02-a349-461c-9b33-7224d749d428-groupManagement] INFO  server.RaftServerConfigKeys (ConfUtils.java:logGet(46)) - raft.server.log.statemachine.data.read.timeout = 1000ms (default)
2023-05-23 10:27:32,560 [c218ba02-a349-461c-9b33-7224d749d428-groupManagement] INFO  server.RaftServerConfigKeys (ConfUtils.java:logGet(46)) - raft.server.log.purge.preservation.log.num = 0 (default)
2023-05-23 10:27:32,560 [c218ba02-a349-461c-9b33-7224d749d428-groupManagement] INFO  server.RaftServerConfigKeys (ConfUtils.java:logGet(46)) - raft.server.log.segment.size.max = 1048576 (custom)
2023-05-23 10:27:32,560 [EventQueue-PipelineReportForPipelineReportHandler] INFO  pipeline.PipelineManagerImpl (PipelineManagerImpl.java:openPipeline(367)) - Pipeline Pipeline[ Id: b50137f5-ee47-49a1-899a-95b4ad24c02c, Nodes: c218ba02-a349-461c-9b33-7224d749d428(fv-az1249-304/10.1.0.38), ReplicationConfig: RATIS/ONE, State:ALLOCATED, leaderId:c218ba02-a349-461c-9b33-7224d749d428, CreationTimestamp2023-05-23T10:27:29.548Z[Etc/UTC]] moved to OPEN state
2023-05-23 10:27:32,561 [c218ba02-a349-461c-9b33-7224d749d428-groupManagement] INFO  server.RaftServerConfigKeys (ConfUtils.java:logGet(46)) - raft.server.log.segment.cache.num.max = 2 (custom)
2023-05-23 10:27:32,561 [c218ba02-a349-461c-9b33-7224d749d428-groupManagement] INFO  server.RaftServerConfigKeys (ConfUtils.java:logGet(46)) - raft.server.log.segment.cache.size.max = 200MB (=209715200) (default)
2023-05-23 10:27:32,561 [c218ba02-a349-461c-9b33-7224d749d428-groupManagement] INFO  server.RaftServerConfigKeys (ConfUtils.java:logGet(46)) - raft.server.log.appender.buffer.byte-limit = 33554432 (custom)
2023-05-23 10:27:32,561 [c218ba02-a349-461c-9b33-7224d749d428-groupManagement] INFO  segmented.SegmentedRaftLogWorker (SegmentedRaftLogWorker.java:<init>(188)) - new c218ba02-a349-461c-9b33-7224d749d428@group-95B4AD24C02C-SegmentedRaftLogWorker for RaftStorageImpl:Storage Directory /home/runner/work/ozone/ozone/hadoop-ozone/integration-test/target/test-dir/MiniOzoneClusterImpl-1448f794-6d1a-4b49-b7b3-e839f56d4fba/datanode-3/data/ratis/b50137f5-ee47-49a1-899a-95b4ad24c02c
2023-05-23 10:27:32,561 [c218ba02-a349-461c-9b33-7224d749d428-groupManagement] INFO  server.RaftServerConfigKeys (ConfUtils.java:logGet(46)) - raft.server.log.queue.byte-limit = 4294967296 (custom)
2023-05-23 10:27:32,561 [c218ba02-a349-461c-9b33-7224d749d428-groupManagement] INFO  server.RaftServerConfigKeys (ConfUtils.java:logGet(46)) - raft.server.log.queue.element-limit = 1024 (custom)
2023-05-23 10:27:32,561 [c218ba02-a349-461c-9b33-7224d749d428-groupManagement] INFO  server.RaftServerConfigKeys (ConfUtils.java:logGet(46)) - raft.server.log.segment.size.max = 1048576 (custom)
2023-05-23 10:27:32,561 [EventQueue-OpenPipelineForHealthyPipelineSafeModeRule] INFO  safemode.SCMSafeModeManager (HealthyPipelineSafeModeRule.java:process(137)) - SCM in safe mode. Healthy pipelines reported count is 0, required healthy pipeline reported count is 1
2023-05-23 10:27:32,561 [c218ba02-a349-461c-9b33-7224d749d428-groupManagement] INFO  server.RaftServerConfigKeys (ConfUtils.java:logGet(46)) - raft.server.log.preallocated.size = 16384 (custom)
2023-05-23 10:27:32,561 [c218ba02-a349-461c-9b33-7224d749d428-groupManagement] INFO  server.RaftServerConfigKeys (ConfUtils.java:logGet(46)) - raft.server.log.force.sync.num = 128 (default)
2023-05-23 10:27:32,561 [c218ba02-a349-461c-9b33-7224d749d428-groupManagement] INFO  server.RaftServerConfigKeys (ConfUtils.java:logGet(46)) - raft.server.log.statemachine.data.sync = true (default)
2023-05-23 10:27:32,561 [c218ba02-a349-461c-9b33-7224d749d428-groupManagement] INFO  server.RaftServerConfigKeys (ConfUtils.java:logGet(46)) - raft.server.log.statemachine.data.sync.timeout = 10s (default)
2023-05-23 10:27:32,561 [c218ba02-a349-461c-9b33-7224d749d428-groupManagement] INFO  server.RaftServerConfigKeys (ConfUtils.java:logGet(46)) - raft.server.log.statemachine.data.sync.timeout.retry = -1 (default)
2023-05-23 10:27:32,562 [c218ba02-a349-461c-9b33-7224d749d428-groupManagement] INFO  server.RaftServerConfigKeys (ConfUtils.java:logGet(46)) - raft.server.log.write.buffer.size = 1048576 (custom)
2023-05-23 10:27:32,562 [c218ba02-a349-461c-9b33-7224d749d428-groupManagement] INFO  server.RaftServerConfigKeys (ConfUtils.java:logGet(46)) - raft.server.log.appender.buffer.byte-limit = 33554432 (custom)
2023-05-23 10:27:32,567 [c218ba02-a349-461c-9b33-7224d749d428-groupManagement] INFO  server.RaftServerConfigKeys (ConfUtils.java:logGet(46)) - raft.server.log.unsafe-flush.enabled = false (default)
2023-05-23 10:27:32,567 [c218ba02-a349-461c-9b33-7224d749d428-groupManagement] INFO  server.RaftServerConfigKeys (ConfUtils.java:logGet(46)) - raft.server.log.async-flush.enabled = false (default)
2023-05-23 10:27:32,567 [c218ba02-a349-461c-9b33-7224d749d428-groupManagement] INFO  server.RaftServerConfigKeys (ConfUtils.java:logGet(46)) - raft.server.log.statemachine.data.caching.enabled = true (custom)
2023-05-23 10:27:32,568 [c218ba02-a349-461c-9b33-7224d749d428-groupManagement] INFO  segmented.SegmentedRaftLogWorker (SegmentedRaftLogWorker.java:lambda$new$0(135)) - c218ba02-a349-461c-9b33-7224d749d428@group-95B4AD24C02C-SegmentedRaftLogWorker: flushIndex: setUnconditionally 0 -> -1
2023-05-23 10:27:32,568 [c218ba02-a349-461c-9b33-7224d749d428-groupManagement] INFO  segmented.SegmentedRaftLogWorker (SegmentedRaftLogWorker.java:lambda$new$0(135)) - c218ba02-a349-461c-9b33-7224d749d428@group-95B4AD24C02C-SegmentedRaftLogWorker: safeCacheEvictIndex: setUnconditionally 0 -> -1
2023-05-23 10:27:32,568 [c218ba02-a349-461c-9b33-7224d749d428-groupManagement] INFO  server.RaftServer$Division (RaftServerImpl.java:start(342)) - c218ba02-a349-461c-9b33-7224d749d428@group-95B4AD24C02C: start as a follower, conf=-1: peers:[c218ba02-a349-461c-9b33-7224d749d428|rpc:10.1.0.38:15229|admin:10.1.0.38:15228|client:10.1.0.38:15227|dataStream:10.1.0.38:15230|priority:1|startupRole:FOLLOWER]|listeners:[], old=null
2023-05-23 10:27:32,568 [c218ba02-a349-461c-9b33-7224d749d428-groupManagement] INFO  server.RaftServer$Division (RaftServerImpl.java:setRole(329)) - c218ba02-a349-461c-9b33-7224d749d428@group-95B4AD24C02C: changes role from      null to FOLLOWER at term 0 for startAsFollower
2023-05-23 10:27:32,568 [c218ba02-a349-461c-9b33-7224d749d428-groupManagement] INFO  impl.RoleInfo (RoleInfo.java:updateAndGet(139)) - c218ba02-a349-461c-9b33-7224d749d428: start c218ba02-a349-461c-9b33-7224d749d428@group-95B4AD24C02C-FollowerState
2023-05-23 10:27:32,571 [c218ba02-a349-461c-9b33-7224d749d428-groupManagement] INFO  util.JmxRegister (JmxRegister.java:tryRegister(44)) - Successfully registered JMX Bean with object name Ratis:service=RaftServer,group=group-95B4AD24C02C,id=c218ba02-a349-461c-9b33-7224d749d428
2023-05-23 10:27:32,571 [c218ba02-a349-461c-9b33-7224d749d428-groupManagement] INFO  server.RaftServerConfigKeys (ConfUtils.java:logGet(46)) - raft.server.snapshot.auto.trigger.enabled = true (custom)
2023-05-23 10:27:32,571 [c218ba02-a349-461c-9b33-7224d749d428-groupManagement] INFO  server.RaftServerConfigKeys (ConfUtils.java:logGet(46)) - raft.server.snapshot.auto.trigger.threshold = 10000 (custom)
2023-05-23 10:27:32,571 [c218ba02-a349-461c-9b33-7224d749d428-groupManagement] INFO  server.RaftServerConfigKeys (ConfUtils.java:logGet(46)) - raft.server.snapshot.retention.file.num = 5 (custom)
2023-05-23 10:27:32,571 [c218ba02-a349-461c-9b33-7224d749d428-groupManagement] INFO  server.RaftServerConfigKeys (ConfUtils.java:logGet(46)) - raft.server.log.purge.upto.snapshot.index = false (default)
2023-05-23 10:27:32,571 [c218ba02-a349-461c-9b33-7224d749d428@group-95B4AD24C02C-FollowerState] INFO  server.RaftServerConfigKeys (ConfUtils.java:logFallback(53)) - raft.server.rpc.first-election.timeout.min = 5s (fallback to raft.server.rpc.timeout.min)
2023-05-23 10:27:32,572 [c218ba02-a349-461c-9b33-7224d749d428@group-95B4AD24C02C-FollowerState] INFO  server.RaftServerConfigKeys (ConfUtils.java:logFallback(53)) - raft.server.rpc.first-election.timeout.max = 5200ms (fallback to raft.server.rpc.timeout.max)
2023-05-23 10:27:32,576 [Command processor thread] INFO  ratis.XceiverServerRatis (XceiverServerRatis.java:addGroup(806)) - Created group PipelineID=b50137f5-ee47-49a1-899a-95b4ad24c02c
2023-05-23 10:27:32,576 [Command processor thread] INFO  commandhandler.CreatePipelineCommandHandler (CreatePipelineCommandHandler.java:handle(113)) - Created Pipeline RATIS ONE PipelineID=b50137f5-ee47-49a1-899a-95b4ad24c02c.
2023-05-23 10:27:32,864 [Command processor thread] INFO  server.RaftServer (RaftServerProxy.java:addNew(98)) - e2ddfef6-1e3c-4407-91fd-4f310f7b7654: addNew group-9BA6FC6B829D:[e2ddfef6-1e3c-4407-91fd-4f310f7b7654|rpc:10.1.0.38:15237|admin:10.1.0.38:15236|client:10.1.0.38:15235|dataStream:10.1.0.38:15238|priority:1|startupRole:FOLLOWER] returns group-9BA6FC6B829D:java.util.concurrent.CompletableFuture@442f5d4a[Not completed]
2023-05-23 10:27:32,864 [Listener at 127.0.0.1/15196] INFO  ozone.MiniOzoneClusterImpl (MiniOzoneClusterImpl.java:lambda$waitForClusterToBeReady$0(222)) - Nodes are ready. Got 5 of 5 DN Heartbeats.
2023-05-23 10:27:32,865 [Listener at 127.0.0.1/15196] INFO  ozone.MiniOzoneClusterImpl (MiniOzoneClusterImpl.java:lambda$waitForClusterToBeReady$0(225)) - Waiting for cluster to exit safe mode
2023-05-23 10:27:32,865 [Listener at 127.0.0.1/15196] INFO  ozone.MiniOzoneClusterImpl (MiniOzoneClusterImpl.java:lambda$waitForClusterToBeReady$0(227)) - SCM became leader
2023-05-23 10:27:32,868 [e2ddfef6-1e3c-4407-91fd-4f310f7b7654-groupManagement] INFO  server.RaftServer$Division (RaftServerImpl.java:<init>(198)) - e2ddfef6-1e3c-4407-91fd-4f310f7b7654: new RaftServerImpl for group-9BA6FC6B829D:[e2ddfef6-1e3c-4407-91fd-4f310f7b7654|rpc:10.1.0.38:15237|admin:10.1.0.38:15236|client:10.1.0.38:15235|dataStream:10.1.0.38:15238|priority:1|startupRole:FOLLOWER] with ContainerStateMachine:uninitialized
2023-05-23 10:27:32,868 [e2ddfef6-1e3c-4407-91fd-4f310f7b7654-groupManagement] INFO  server.RaftServerConfigKeys (ConfUtils.java:logGet(46)) - raft.server.rpc.timeout.min = 5s (custom)
2023-05-23 10:27:32,868 [e2ddfef6-1e3c-4407-91fd-4f310f7b7654-groupManagement] INFO  server.RaftServerConfigKeys (ConfUtils.java:logGet(46)) - raft.server.rpc.timeout.max = 5200ms (custom)
2023-05-23 10:27:32,868 [e2ddfef6-1e3c-4407-91fd-4f310f7b7654-groupManagement] INFO  server.RaftServerConfigKeys (ConfUtils.java:logGet(46)) - raft.server.rpc.sleep.time = 25ms (default)
2023-05-23 10:27:32,868 [e2ddfef6-1e3c-4407-91fd-4f310f7b7654-groupManagement] INFO  server.RaftServerConfigKeys (ConfUtils.java:logGet(46)) - raft.server.rpc.slowness.timeout = 300s (custom)
2023-05-23 10:27:32,868 [e2ddfef6-1e3c-4407-91fd-4f310f7b7654-groupManagement] INFO  server.RaftServerConfigKeys (ConfUtils.java:logGet(46)) - raft.server.leaderelection.leader.step-down.wait-time = 10s (default)
2023-05-23 10:27:32,868 [e2ddfef6-1e3c-4407-91fd-4f310f7b7654-groupManagement] INFO  server.RaftServerConfigKeys (ConfUtils.java:logGet(46)) - raft.server.sleep.deviation.threshold = 300ms (default)
2023-05-23 10:27:32,868 [e2ddfef6-1e3c-4407-91fd-4f310f7b7654-groupManagement] INFO  server.RaftServer$Division (ServerState.java:<init>(120)) - e2ddfef6-1e3c-4407-91fd-4f310f7b7654@group-9BA6FC6B829D: ConfigurationManager, init=-1: peers:[e2ddfef6-1e3c-4407-91fd-4f310f7b7654|rpc:10.1.0.38:15237|admin:10.1.0.38:15236|client:10.1.0.38:15235|dataStream:10.1.0.38:15238|priority:1|startupRole:FOLLOWER]|listeners:[], old=null, confs=<EMPTY_MAP>
2023-05-23 10:27:32,868 [e2ddfef6-1e3c-4407-91fd-4f310f7b7654-groupManagement] INFO  server.RaftServerConfigKeys (ConfUtils.java:logGet(46)) - raft.server.storage.dir = [/home/runner/work/ozone/ozone/hadoop-ozone/integration-test/target/test-dir/MiniOzoneClusterImpl-1448f794-6d1a-4b49-b7b3-e839f56d4fba/datanode-4/data/ratis] (custom)
2023-05-23 10:27:32,868 [e2ddfef6-1e3c-4407-91fd-4f310f7b7654-groupManagement] INFO  server.RaftServerConfigKeys (ConfUtils.java:logGet(46)) - raft.server.log.corruption.policy = EXCEPTION (default)
2023-05-23 10:27:32,869 [e2ddfef6-1e3c-4407-91fd-4f310f7b7654-groupManagement] INFO  server.RaftServerConfigKeys (ConfUtils.java:logGet(46)) - raft.server.storage.free-space.min = 0MB (=0) (default)
2023-05-23 10:27:32,869 [e2ddfef6-1e3c-4407-91fd-4f310f7b7654-groupManagement] INFO  server.RaftServerConfigKeys (ConfUtils.java:logGet(46)) - raft.server.notification.no-leader.timeout = 300s (custom)
2023-05-23 10:27:32,869 [e2ddfef6-1e3c-4407-91fd-4f310f7b7654-groupManagement] INFO  server.RaftServerConfigKeys (ConfUtils.java:logGet(46)) - raft.server.read.timeout = 10s (default)
2023-05-23 10:27:32,869 [e2ddfef6-1e3c-4407-91fd-4f310f7b7654-groupManagement] INFO  server.RaftServerConfigKeys (ConfUtils.java:logGet(46)) - raft.server.retrycache.expirytime = 600000ms (custom)
2023-05-23 10:27:32,869 [e2ddfef6-1e3c-4407-91fd-4f310f7b7654-groupManagement] INFO  server.RaftServerConfigKeys (ConfUtils.java:logGet(46)) - raft.server.retrycache.statistics.expirytime = 100μs (default)
2023-05-23 10:27:32,869 [e2ddfef6-1e3c-4407-91fd-4f310f7b7654-groupManagement] INFO  server.RaftServerConfigKeys (ConfUtils.java:logGet(46)) - raft.server.read.option = DEFAULT (default)
2023-05-23 10:27:32,869 [e2ddfef6-1e3c-4407-91fd-4f310f7b7654-groupManagement] INFO  server.RaftServerConfigKeys (ConfUtils.java:logGet(46)) - raft.server.rpc.request.timeout = 60s (custom)
2023-05-23 10:27:32,870 [e2ddfef6-1e3c-4407-91fd-4f310f7b7654-groupManagement] INFO  server.RaftServerConfigKeys (ConfUtils.java:logGet(46)) - raft.server.log.appender.install.snapshot.enabled = false (custom)
2023-05-23 10:27:32,870 [e2ddfef6-1e3c-4407-91fd-4f310f7b7654-groupManagement] INFO  server.RaftServerConfigKeys (ConfUtils.java:logGet(46)) - raft.server.threadpool.server.cached = true (default)
2023-05-23 10:27:32,870 [e2ddfef6-1e3c-4407-91fd-4f310f7b7654-groupManagement] INFO  server.RaftServerConfigKeys (ConfUtils.java:logGet(46)) - raft.server.threadpool.server.size = 0 (default)
2023-05-23 10:27:32,870 [e2ddfef6-1e3c-4407-91fd-4f310f7b7654-groupManagement] INFO  server.RaftServerConfigKeys (ConfUtils.java:logGet(46)) - raft.server.threadpool.client.cached = true (default)
2023-05-23 10:27:32,870 [e2ddfef6-1e3c-4407-91fd-4f310f7b7654-groupManagement] INFO  server.RaftServerConfigKeys (ConfUtils.java:logGet(46)) - raft.server.threadpool.client.size = 0 (default)
2023-05-23 10:27:32,870 [e2ddfef6-1e3c-4407-91fd-4f310f7b7654-groupManagement] INFO  storage.RaftStorageDirectory (RaftStorageDirectoryImpl.java:analyzeStorage(137)) - The storage directory /home/runner/work/ozone/ozone/hadoop-ozone/integration-test/target/test-dir/MiniOzoneClusterImpl-1448f794-6d1a-4b49-b7b3-e839f56d4fba/datanode-4/data/ratis/55498606-a808-4a19-8697-9ba6fc6b829d does not exist. Creating ...
2023-05-23 10:27:32,872 [e2ddfef6-1e3c-4407-91fd-4f310f7b7654-groupManagement] INFO  storage.RaftStorageDirectory (RaftStorageDirectoryImpl.java:tryLock(231)) - Lock on /home/runner/work/ozone/ozone/hadoop-ozone/integration-test/target/test-dir/MiniOzoneClusterImpl-1448f794-6d1a-4b49-b7b3-e839f56d4fba/datanode-4/data/ratis/55498606-a808-4a19-8697-9ba6fc6b829d/in_use.lock acquired by nodename 10384@fv-az1249-304
2023-05-23 10:27:32,873 [e2ddfef6-1e3c-4407-91fd-4f310f7b7654-groupManagement] INFO  storage.RaftStorage (RaftStorageImpl.java:format(96)) - Storage directory /home/runner/work/ozone/ozone/hadoop-ozone/integration-test/target/test-dir/MiniOzoneClusterImpl-1448f794-6d1a-4b49-b7b3-e839f56d4fba/datanode-4/data/ratis/55498606-a808-4a19-8697-9ba6fc6b829d has been successfully formatted.
2023-05-23 10:27:32,876 [e2ddfef6-1e3c-4407-91fd-4f310f7b7654-groupManagement] INFO  ratis.ContainerStateMachine (ContainerStateMachine.java:loadSnapshot(262)) - group-9BA6FC6B829D: The snapshot info is null. Setting the last applied indexto:(t:0, i:~)
2023-05-23 10:27:32,876 [e2ddfef6-1e3c-4407-91fd-4f310f7b7654-groupManagement] INFO  server.RaftServerConfigKeys (ConfUtils.java:logGet(46)) - raft.server.log.use.memory = false (default)
2023-05-23 10:27:32,876 [e2ddfef6-1e3c-4407-91fd-4f310f7b7654-groupManagement] INFO  server.RaftServerConfigKeys (ConfUtils.java:logGet(46)) - raft.server.log.purge.gap = 1000000 (custom)
2023-05-23 10:27:32,876 [e2ddfef6-1e3c-4407-91fd-4f310f7b7654-groupManagement] INFO  server.RaftServerConfigKeys (ConfUtils.java:logGet(46)) - raft.server.log.appender.buffer.byte-limit = 33554432 (custom)
2023-05-23 10:27:32,876 [e2ddfef6-1e3c-4407-91fd-4f310f7b7654-groupManagement] INFO  server.RaftServerConfigKeys (ConfUtils.java:logGet(46)) - raft.server.log.statemachine.data.read.timeout = 1000ms (default)
2023-05-23 10:27:32,876 [e2ddfef6-1e3c-4407-91fd-4f310f7b7654-groupManagement] INFO  server.RaftServerConfigKeys (ConfUtils.java:logGet(46)) - raft.server.log.purge.preservation.log.num = 0 (default)
2023-05-23 10:27:32,877 [EventQueue-PipelineReportForPipelineReportHandler] INFO  pipeline.PipelineManagerImpl (PipelineManagerImpl.java:openPipeline(367)) - Pipeline Pipeline[ Id: 55498606-a808-4a19-8697-9ba6fc6b829d, Nodes: e2ddfef6-1e3c-4407-91fd-4f310f7b7654(fv-az1249-304/10.1.0.38), ReplicationConfig: RATIS/ONE, State:ALLOCATED, leaderId:e2ddfef6-1e3c-4407-91fd-4f310f7b7654, CreationTimestamp2023-05-23T10:27:29.868Z[Etc/UTC]] moved to OPEN state
2023-05-23 10:27:32,878 [EventQueue-OpenPipelineForHealthyPipelineSafeModeRule] INFO  safemode.SCMSafeModeManager (HealthyPipelineSafeModeRule.java:process(137)) - SCM in safe mode. Healthy pipelines reported count is 0, required healthy pipeline reported count is 1
2023-05-23 10:27:32,878 [e2ddfef6-1e3c-4407-91fd-4f310f7b7654-groupManagement] INFO  server.RaftServerConfigKeys (ConfUtils.java:logGet(46)) - raft.server.log.segment.size.max = 1048576 (custom)
2023-05-23 10:27:32,878 [e2ddfef6-1e3c-4407-91fd-4f310f7b7654-groupManagement] INFO  server.RaftServerConfigKeys (ConfUtils.java:logGet(46)) - raft.server.log.segment.cache.num.max = 2 (custom)
2023-05-23 10:27:32,878 [e2ddfef6-1e3c-4407-91fd-4f310f7b7654-groupManagement] INFO  server.RaftServerConfigKeys (ConfUtils.java:logGet(46)) - raft.server.log.segment.cache.size.max = 200MB (=209715200) (default)
2023-05-23 10:27:32,878 [e2ddfef6-1e3c-4407-91fd-4f310f7b7654-groupManagement] INFO  server.RaftServerConfigKeys (ConfUtils.java:logGet(46)) - raft.server.log.appender.buffer.byte-limit = 33554432 (custom)
2023-05-23 10:27:32,878 [e2ddfef6-1e3c-4407-91fd-4f310f7b7654-groupManagement] INFO  segmented.SegmentedRaftLogWorker (SegmentedRaftLogWorker.java:<init>(188)) - new e2ddfef6-1e3c-4407-91fd-4f310f7b7654@group-9BA6FC6B829D-SegmentedRaftLogWorker for RaftStorageImpl:Storage Directory /home/runner/work/ozone/ozone/hadoop-ozone/integration-test/target/test-dir/MiniOzoneClusterImpl-1448f794-6d1a-4b49-b7b3-e839f56d4fba/datanode-4/data/ratis/55498606-a808-4a19-8697-9ba6fc6b829d
2023-05-23 10:27:32,878 [e2ddfef6-1e3c-4407-91fd-4f310f7b7654-groupManagement] INFO  server.RaftServerConfigKeys (ConfUtils.java:logGet(46)) - raft.server.log.queue.byte-limit = 4294967296 (custom)
2023-05-23 10:27:32,878 [e2ddfef6-1e3c-4407-91fd-4f310f7b7654-groupManagement] INFO  server.RaftServerConfigKeys (ConfUtils.java:logGet(46)) - raft.server.log.queue.element-limit = 1024 (custom)
2023-05-23 10:27:32,878 [e2ddfef6-1e3c-4407-91fd-4f310f7b7654-groupManagement] INFO  server.RaftServerConfigKeys (ConfUtils.java:logGet(46)) - raft.server.log.segment.size.max = 1048576 (custom)
2023-05-23 10:27:32,878 [e2ddfef6-1e3c-4407-91fd-4f310f7b7654-groupManagement] INFO  server.RaftServerConfigKeys (ConfUtils.java:logGet(46)) - raft.server.log.preallocated.size = 16384 (custom)
2023-05-23 10:27:32,878 [e2ddfef6-1e3c-4407-91fd-4f310f7b7654-groupManagement] INFO  server.RaftServerConfigKeys (ConfUtils.java:logGet(46)) - raft.server.log.force.sync.num = 128 (default)
2023-05-23 10:27:32,878 [e2ddfef6-1e3c-4407-91fd-4f310f7b7654-groupManagement] INFO  server.RaftServerConfigKeys (ConfUtils.java:logGet(46)) - raft.server.log.statemachine.data.sync = true (default)
2023-05-23 10:27:32,878 [e2ddfef6-1e3c-4407-91fd-4f310f7b7654-groupManagement] INFO  server.RaftServerConfigKeys (ConfUtils.java:logGet(46)) - raft.server.log.statemachine.data.sync.timeout = 10s (default)
2023-05-23 10:27:32,878 [e2ddfef6-1e3c-4407-91fd-4f310f7b7654-groupManagement] INFO  server.RaftServerConfigKeys (ConfUtils.java:logGet(46)) - raft.server.log.statemachine.data.sync.timeout.retry = -1 (default)
2023-05-23 10:27:32,879 [e2ddfef6-1e3c-4407-91fd-4f310f7b7654-groupManagement] INFO  server.RaftServerConfigKeys (ConfUtils.java:logGet(46)) - raft.server.log.write.buffer.size = 1048576 (custom)
2023-05-23 10:27:32,879 [e2ddfef6-1e3c-4407-91fd-4f310f7b7654-groupManagement] INFO  server.RaftServerConfigKeys (ConfUtils.java:logGet(46)) - raft.server.log.appender.buffer.byte-limit = 33554432 (custom)
2023-05-23 10:27:32,885 [e2ddfef6-1e3c-4407-91fd-4f310f7b7654-groupManagement] INFO  server.RaftServerConfigKeys (ConfUtils.java:logGet(46)) - raft.server.log.unsafe-flush.enabled = false (default)
2023-05-23 10:27:32,885 [e2ddfef6-1e3c-4407-91fd-4f310f7b7654-groupManagement] INFO  server.RaftServerConfigKeys (ConfUtils.java:logGet(46)) - raft.server.log.async-flush.enabled = false (default)
2023-05-23 10:27:32,885 [e2ddfef6-1e3c-4407-91fd-4f310f7b7654-groupManagement] INFO  server.RaftServerConfigKeys (ConfUtils.java:logGet(46)) - raft.server.log.statemachine.data.caching.enabled = true (custom)
2023-05-23 10:27:32,885 [e2ddfef6-1e3c-4407-91fd-4f310f7b7654-groupManagement] INFO  segmented.SegmentedRaftLogWorker (SegmentedRaftLogWorker.java:lambda$new$0(135)) - e2ddfef6-1e3c-4407-91fd-4f310f7b7654@group-9BA6FC6B829D-SegmentedRaftLogWorker: flushIndex: setUnconditionally 0 -> -1
2023-05-23 10:27:32,885 [e2ddfef6-1e3c-4407-91fd-4f310f7b7654-groupManagement] INFO  segmented.SegmentedRaftLogWorker (SegmentedRaftLogWorker.java:lambda$new$0(135)) - e2ddfef6-1e3c-4407-91fd-4f310f7b7654@group-9BA6FC6B829D-SegmentedRaftLogWorker: safeCacheEvictIndex: setUnconditionally 0 -> -1
2023-05-23 10:27:32,885 [e2ddfef6-1e3c-4407-91fd-4f310f7b7654-groupManagement] INFO  server.RaftServer$Division (RaftServerImpl.java:start(342)) - e2ddfef6-1e3c-4407-91fd-4f310f7b7654@group-9BA6FC6B829D: start as a follower, conf=-1: peers:[e2ddfef6-1e3c-4407-91fd-4f310f7b7654|rpc:10.1.0.38:15237|admin:10.1.0.38:15236|client:10.1.0.38:15235|dataStream:10.1.0.38:15238|priority:1|startupRole:FOLLOWER]|listeners:[], old=null
2023-05-23 10:27:32,885 [e2ddfef6-1e3c-4407-91fd-4f310f7b7654-groupManagement] INFO  server.RaftServer$Division (RaftServerImpl.java:setRole(329)) - e2ddfef6-1e3c-4407-91fd-4f310f7b7654@group-9BA6FC6B829D: changes role from      null to FOLLOWER at term 0 for startAsFollower
2023-05-23 10:27:32,885 [e2ddfef6-1e3c-4407-91fd-4f310f7b7654-groupManagement] INFO  impl.RoleInfo (RoleInfo.java:updateAndGet(139)) - e2ddfef6-1e3c-4407-91fd-4f310f7b7654: start e2ddfef6-1e3c-4407-91fd-4f310f7b7654@group-9BA6FC6B829D-FollowerState
2023-05-23 10:27:32,889 [e2ddfef6-1e3c-4407-91fd-4f310f7b7654-groupManagement] INFO  util.JmxRegister (JmxRegister.java:tryRegister(44)) - Successfully registered JMX Bean with object name Ratis:service=RaftServer,group=group-9BA6FC6B829D,id=e2ddfef6-1e3c-4407-91fd-4f310f7b7654
2023-05-23 10:27:32,889 [e2ddfef6-1e3c-4407-91fd-4f310f7b7654-groupManagement] INFO  server.RaftServerConfigKeys (ConfUtils.java:logGet(46)) - raft.server.snapshot.auto.trigger.enabled = true (custom)
2023-05-23 10:27:32,889 [e2ddfef6-1e3c-4407-91fd-4f310f7b7654-groupManagement] INFO  server.RaftServerConfigKeys (ConfUtils.java:logGet(46)) - raft.server.snapshot.auto.trigger.threshold = 10000 (custom)
2023-05-23 10:27:32,889 [e2ddfef6-1e3c-4407-91fd-4f310f7b7654-groupManagement] INFO  server.RaftServerConfigKeys (ConfUtils.java:logGet(46)) - raft.server.snapshot.retention.file.num = 5 (custom)
2023-05-23 10:27:32,889 [e2ddfef6-1e3c-4407-91fd-4f310f7b7654-groupManagement] INFO  server.RaftServerConfigKeys (ConfUtils.java:logGet(46)) - raft.server.log.purge.upto.snapshot.index = false (default)
2023-05-23 10:27:32,890 [e2ddfef6-1e3c-4407-91fd-4f310f7b7654@group-9BA6FC6B829D-FollowerState] INFO  server.RaftServerConfigKeys (ConfUtils.java:logFallback(53)) - raft.server.rpc.first-election.timeout.min = 5s (fallback to raft.server.rpc.timeout.min)
2023-05-23 10:27:32,890 [e2ddfef6-1e3c-4407-91fd-4f310f7b7654@group-9BA6FC6B829D-FollowerState] INFO  server.RaftServerConfigKeys (ConfUtils.java:logFallback(53)) - raft.server.rpc.first-election.timeout.max = 5200ms (fallback to raft.server.rpc.timeout.max)
2023-05-23 10:27:32,893 [Command processor thread] INFO  ratis.XceiverServerRatis (XceiverServerRatis.java:addGroup(806)) - Created group PipelineID=55498606-a808-4a19-8697-9ba6fc6b829d
2023-05-23 10:27:32,893 [Command processor thread] INFO  commandhandler.CreatePipelineCommandHandler (CreatePipelineCommandHandler.java:handle(113)) - Created Pipeline RATIS ONE PipelineID=55498606-a808-4a19-8697-9ba6fc6b829d.
2023-05-23 10:27:33,367 [ReplicationMonitor] INFO  replication.ReplicationManager (ReplicationManager.java:processAll(375)) - Replication Manager is not ready to run until 3000ms after safemode exit
2023-05-23 10:27:33,865 [Listener at 127.0.0.1/15196] INFO  ozone.MiniOzoneClusterImpl (MiniOzoneClusterImpl.java:lambda$waitForClusterToBeReady$0(222)) - Nodes are ready. Got 5 of 5 DN Heartbeats.
2023-05-23 10:27:33,865 [Listener at 127.0.0.1/15196] INFO  ozone.MiniOzoneClusterImpl (MiniOzoneClusterImpl.java:lambda$waitForClusterToBeReady$0(225)) - Waiting for cluster to exit safe mode
2023-05-23 10:27:33,865 [Listener at 127.0.0.1/15196] INFO  ozone.MiniOzoneClusterImpl (MiniOzoneClusterImpl.java:lambda$waitForClusterToBeReady$0(227)) - SCM became leader
2023-05-23 10:27:34,367 [ReplicationMonitor] INFO  replication.ReplicationManager (ReplicationManager.java:processAll(375)) - Replication Manager is not ready to run until 3000ms after safemode exit
2023-05-23 10:27:34,865 [Listener at 127.0.0.1/15196] INFO  ozone.MiniOzoneClusterImpl (MiniOzoneClusterImpl.java:lambda$waitForClusterToBeReady$0(222)) - Nodes are ready. Got 5 of 5 DN Heartbeats.
2023-05-23 10:27:34,865 [Listener at 127.0.0.1/15196] INFO  ozone.MiniOzoneClusterImpl (MiniOzoneClusterImpl.java:lambda$waitForClusterToBeReady$0(225)) - Waiting for cluster to exit safe mode
2023-05-23 10:27:34,865 [Listener at 127.0.0.1/15196] INFO  ozone.MiniOzoneClusterImpl (MiniOzoneClusterImpl.java:lambda$waitForClusterToBeReady$0(227)) - SCM became leader
2023-05-23 10:27:35,368 [ReplicationMonitor] INFO  replication.ReplicationManager (ReplicationManager.java:processAll(375)) - Replication Manager is not ready to run until 3000ms after safemode exit
2023-05-23 10:27:35,866 [Listener at 127.0.0.1/15196] INFO  ozone.MiniOzoneClusterImpl (MiniOzoneClusterImpl.java:lambda$waitForClusterToBeReady$0(222)) - Nodes are ready. Got 5 of 5 DN Heartbeats.
2023-05-23 10:27:35,866 [Listener at 127.0.0.1/15196] INFO  ozone.MiniOzoneClusterImpl (MiniOzoneClusterImpl.java:lambda$waitForClusterToBeReady$0(225)) - Waiting for cluster to exit safe mode
2023-05-23 10:27:35,866 [Listener at 127.0.0.1/15196] INFO  ozone.MiniOzoneClusterImpl (MiniOzoneClusterImpl.java:lambda$waitForClusterToBeReady$0(227)) - SCM became leader
2023-05-23 10:27:36,368 [ReplicationMonitor] INFO  replication.ReplicationManager (ReplicationManager.java:processAll(375)) - Replication Manager is not ready to run until 3000ms after safemode exit
2023-05-23 10:27:36,764 [fad86c32-67f1-4b6d-b48a-d8941e8b4fba@group-B2D228E39E14-FollowerState] INFO  impl.FollowerState (FollowerState.java:run(143)) - fad86c32-67f1-4b6d-b48a-d8941e8b4fba@group-B2D228E39E14-FollowerState: change to CANDIDATE, lastRpcElapsedTime:5187625848ns, electionTimeout:5187ms
2023-05-23 10:27:36,765 [fad86c32-67f1-4b6d-b48a-d8941e8b4fba@group-B2D228E39E14-FollowerState] INFO  impl.RoleInfo (RoleInfo.java:shutdownFollowerState(110)) - fad86c32-67f1-4b6d-b48a-d8941e8b4fba: shutdown fad86c32-67f1-4b6d-b48a-d8941e8b4fba@group-B2D228E39E14-FollowerState
2023-05-23 10:27:36,765 [fad86c32-67f1-4b6d-b48a-d8941e8b4fba@group-B2D228E39E14-FollowerState] INFO  server.RaftServer$Division (RaftServerImpl.java:setRole(329)) - fad86c32-67f1-4b6d-b48a-d8941e8b4fba@group-B2D228E39E14: changes role from  FOLLOWER to CANDIDATE at term 0 for changeToCandidate
2023-05-23 10:27:36,765 [fad86c32-67f1-4b6d-b48a-d8941e8b4fba@group-B2D228E39E14-FollowerState] INFO  server.RaftServerConfigKeys (ConfUtils.java:logGet(46)) - raft.server.leaderelection.pre-vote = true (default)
2023-05-23 10:27:36,765 [fad86c32-67f1-4b6d-b48a-d8941e8b4fba@group-B2D228E39E14-FollowerState] INFO  impl.RoleInfo (RoleInfo.java:updateAndGet(139)) - fad86c32-67f1-4b6d-b48a-d8941e8b4fba: start fad86c32-67f1-4b6d-b48a-d8941e8b4fba@group-B2D228E39E14-LeaderElection44
2023-05-23 10:27:36,771 [fad86c32-67f1-4b6d-b48a-d8941e8b4fba@group-B2D228E39E14-LeaderElection44] INFO  impl.LeaderElection (LeaderElection.java:askForVotes(321)) - fad86c32-67f1-4b6d-b48a-d8941e8b4fba@group-B2D228E39E14-LeaderElection44 PRE_VOTE round 0: submit vote requests at term 0 for -1: peers:[fad86c32-67f1-4b6d-b48a-d8941e8b4fba|rpc:10.1.0.38:15205|admin:10.1.0.38:15204|client:10.1.0.38:15203|dataStream:10.1.0.38:15206|priority:1|startupRole:FOLLOWER]|listeners:[], old=null
2023-05-23 10:27:36,771 [fad86c32-67f1-4b6d-b48a-d8941e8b4fba@group-B2D228E39E14-LeaderElection44] INFO  impl.LeaderElection (LeaderElection.java:askForVotes(323)) - fad86c32-67f1-4b6d-b48a-d8941e8b4fba@group-B2D228E39E14-LeaderElection44 PRE_VOTE round 0: result PASSED (term=0)
2023-05-23 10:27:36,772 [fad86c32-67f1-4b6d-b48a-d8941e8b4fba@group-B2D228E39E14-LeaderElection44] INFO  impl.LeaderElection (LeaderElection.java:askForVotes(321)) - fad86c32-67f1-4b6d-b48a-d8941e8b4fba@group-B2D228E39E14-LeaderElection44 ELECTION round 0: submit vote requests at term 1 for -1: peers:[fad86c32-67f1-4b6d-b48a-d8941e8b4fba|rpc:10.1.0.38:15205|admin:10.1.0.38:15204|client:10.1.0.38:15203|dataStream:10.1.0.38:15206|priority:1|startupRole:FOLLOWER]|listeners:[], old=null
2023-05-23 10:27:36,773 [fad86c32-67f1-4b6d-b48a-d8941e8b4fba@group-B2D228E39E14-LeaderElection44] INFO  impl.LeaderElection (LeaderElection.java:askForVotes(323)) - fad86c32-67f1-4b6d-b48a-d8941e8b4fba@group-B2D228E39E14-LeaderElection44 ELECTION round 0: result PASSED (term=1)
2023-05-23 10:27:36,773 [fad86c32-67f1-4b6d-b48a-d8941e8b4fba@group-B2D228E39E14-LeaderElection44] INFO  impl.RoleInfo (RoleInfo.java:shutdownLeaderElection(130)) - fad86c32-67f1-4b6d-b48a-d8941e8b4fba: shutdown fad86c32-67f1-4b6d-b48a-d8941e8b4fba@group-B2D228E39E14-LeaderElection44
2023-05-23 10:27:36,773 [fad86c32-67f1-4b6d-b48a-d8941e8b4fba@group-B2D228E39E14-LeaderElection44] INFO  server.RaftServer$Division (RaftServerImpl.java:setRole(329)) - fad86c32-67f1-4b6d-b48a-d8941e8b4fba@group-B2D228E39E14: changes role from CANDIDATE to LEADER at term 1 for changeToLeader
2023-05-23 10:27:36,773 [fad86c32-67f1-4b6d-b48a-d8941e8b4fba@group-B2D228E39E14-LeaderElection44] INFO  ratis.XceiverServerRatis (XceiverServerRatis.java:handleLeaderChangedNotification(904)) - Leader change notification received for group: group-B2D228E39E14 with new leaderId: fad86c32-67f1-4b6d-b48a-d8941e8b4fba
2023-05-23 10:27:36,773 [fad86c32-67f1-4b6d-b48a-d8941e8b4fba@group-B2D228E39E14-LeaderElection44] INFO  server.RaftServer$Division (ServerState.java:setLeader(317)) - fad86c32-67f1-4b6d-b48a-d8941e8b4fba@group-B2D228E39E14: change Leader from null to fad86c32-67f1-4b6d-b48a-d8941e8b4fba at term 1 for becomeLeader, leader elected after 5218ms
2023-05-23 10:27:36,773 [fad86c32-67f1-4b6d-b48a-d8941e8b4fba@group-B2D228E39E14-LeaderElection44] INFO  server.RaftServerConfigKeys (ConfUtils.java:logGet(46)) - raft.server.staging.catchup.gap = 1000 (default)
2023-05-23 10:27:36,777 [EventQueue-OpenPipelineForHealthyPipelineSafeModeRule] INFO  safemode.SCMSafeModeManager (HealthyPipelineSafeModeRule.java:process(137)) - SCM in safe mode. Healthy pipelines reported count is 0, required healthy pipeline reported count is 1
2023-05-23 10:27:36,780 [fad86c32-67f1-4b6d-b48a-d8941e8b4fba@group-7FDC898A2B18-FollowerState] INFO  impl.FollowerState (FollowerState.java:run(143)) - fad86c32-67f1-4b6d-b48a-d8941e8b4fba@group-7FDC898A2B18-FollowerState: change to CANDIDATE, lastRpcElapsedTime:5074348069ns, electionTimeout:5073ms
2023-05-23 10:27:36,780 [fad86c32-67f1-4b6d-b48a-d8941e8b4fba@group-7FDC898A2B18-FollowerState] INFO  impl.RoleInfo (RoleInfo.java:shutdownFollowerState(110)) - fad86c32-67f1-4b6d-b48a-d8941e8b4fba: shutdown fad86c32-67f1-4b6d-b48a-d8941e8b4fba@group-7FDC898A2B18-FollowerState
2023-05-23 10:27:36,780 [fad86c32-67f1-4b6d-b48a-d8941e8b4fba@group-7FDC898A2B18-FollowerState] INFO  server.RaftServer$Division (RaftServerImpl.java:setRole(329)) - fad86c32-67f1-4b6d-b48a-d8941e8b4fba@group-7FDC898A2B18: changes role from  FOLLOWER to CANDIDATE at term 0 for changeToCandidate
2023-05-23 10:27:36,781 [fad86c32-67f1-4b6d-b48a-d8941e8b4fba@group-7FDC898A2B18-FollowerState] INFO  server.RaftServerConfigKeys (ConfUtils.java:logGet(46)) - raft.server.leaderelection.pre-vote = true (default)
2023-05-23 10:27:36,781 [fad86c32-67f1-4b6d-b48a-d8941e8b4fba@group-7FDC898A2B18-FollowerState] INFO  impl.RoleInfo (RoleInfo.java:updateAndGet(139)) - fad86c32-67f1-4b6d-b48a-d8941e8b4fba: start fad86c32-67f1-4b6d-b48a-d8941e8b4fba@group-7FDC898A2B18-LeaderElection45
2023-05-23 10:27:36,786 [fad86c32-67f1-4b6d-b48a-d8941e8b4fba@group-B2D228E39E14-LeaderElection44] INFO  server.RaftServerConfigKeys (ConfUtils.java:logGet(46)) - raft.server.write.element-limit = 1024 (custom)
2023-05-23 10:27:36,789 [fad86c32-67f1-4b6d-b48a-d8941e8b4fba@group-B2D228E39E14-LeaderElection44] INFO  server.RaftServerConfigKeys (ConfUtils.java:logGet(46)) - raft.server.write.byte-limit = 1024 M (=1073741824) (custom)
2023-05-23 10:27:36,789 [fad86c32-67f1-4b6d-b48a-d8941e8b4fba@group-B2D228E39E14-LeaderElection44] INFO  server.RaftServerConfigKeys (ConfUtils.java:logGet(46)) - raft.server.watch.timeout = 180s (custom)
2023-05-23 10:27:36,789 [fad86c32-67f1-4b6d-b48a-d8941e8b4fba@group-B2D228E39E14-LeaderElection44] INFO  server.RaftServerConfigKeys (ConfUtils.java:logGet(46)) - raft.server.watch.timeout.denomination = 1s (default)
2023-05-23 10:27:36,789 [fad86c32-67f1-4b6d-b48a-d8941e8b4fba@group-B2D228E39E14-LeaderElection44] INFO  server.RaftServerConfigKeys (ConfUtils.java:logGet(46)) - raft.server.watch.element-limit = 65536 (default)
2023-05-23 10:27:36,789 [fad86c32-67f1-4b6d-b48a-d8941e8b4fba@group-B2D228E39E14-LeaderElection44] INFO  server.RaftServerConfigKeys (ConfUtils.java:logGet(46)) - raft.server.write.element-limit = 1024 (custom)
2023-05-23 10:27:36,789 [fad86c32-67f1-4b6d-b48a-d8941e8b4fba@group-B2D228E39E14-LeaderElection44] INFO  server.RaftServerConfigKeys (ConfUtils.java:logGet(46)) - raft.server.write.follower.gap.ratio.max = -1.0 (default)
2023-05-23 10:27:36,789 [fad86c32-67f1-4b6d-b48a-d8941e8b4fba@group-B2D228E39E14-LeaderElection44] INFO  impl.RoleInfo (RoleInfo.java:updateAndGet(139)) - fad86c32-67f1-4b6d-b48a-d8941e8b4fba: start fad86c32-67f1-4b6d-b48a-d8941e8b4fba@group-B2D228E39E14-LeaderStateImpl
2023-05-23 10:27:36,790 [fad86c32-67f1-4b6d-b48a-d8941e8b4fba@group-B2D228E39E14-LeaderElection44] INFO  segmented.SegmentedRaftLogWorker (SegmentedRaftLogWorker.java:startLogSegment(447)) - fad86c32-67f1-4b6d-b48a-d8941e8b4fba@group-B2D228E39E14-SegmentedRaftLogWorker: Starting segment from index:0
2023-05-23 10:27:36,803 [fad86c32-67f1-4b6d-b48a-d8941e8b4fba@group-B2D228E39E14-LeaderElection44] INFO  server.RaftServer$Division (ServerState.java:setRaftConf(434)) - fad86c32-67f1-4b6d-b48a-d8941e8b4fba@group-B2D228E39E14: set configuration 0: peers:[fad86c32-67f1-4b6d-b48a-d8941e8b4fba|rpc:10.1.0.38:15205|admin:10.1.0.38:15204|client:10.1.0.38:15203|dataStream:10.1.0.38:15206|priority:1|startupRole:FOLLOWER]|listeners:[], old=null
2023-05-23 10:27:36,805 [fad86c32-67f1-4b6d-b48a-d8941e8b4fba@group-B2D228E39E14-SegmentedRaftLogWorker] INFO  segmented.SegmentedRaftLogWorker (SegmentedRaftLogWorker.java:execute(651)) - fad86c32-67f1-4b6d-b48a-d8941e8b4fba@group-B2D228E39E14-SegmentedRaftLogWorker: created new log segment /home/runner/work/ozone/ozone/hadoop-ozone/integration-test/target/test-dir/MiniOzoneClusterImpl-1448f794-6d1a-4b49-b7b3-e839f56d4fba/datanode-0/data/ratis/bf29fd44-6b6a-4218-9b55-b2d228e39e14/current/log_inprogress_0
2023-05-23 10:27:36,805 [fad86c32-67f1-4b6d-b48a-d8941e8b4fba@group-7FDC898A2B18-LeaderElection45] INFO  impl.LeaderElection (LeaderElection.java:askForVotes(321)) - fad86c32-67f1-4b6d-b48a-d8941e8b4fba@group-7FDC898A2B18-LeaderElection45 PRE_VOTE round 0: submit vote requests at term 0 for -1: peers:[fad86c32-67f1-4b6d-b48a-d8941e8b4fba|rpc:10.1.0.38:15205|admin:10.1.0.38:15204|client:10.1.0.38:15203|dataStream:10.1.0.38:15206|priority:0|startupRole:FOLLOWER, 85fe1515-2b71-4688-862a-26af69046f00|rpc:10.1.0.38:15221|admin:10.1.0.38:15220|client:10.1.0.38:15219|dataStream:10.1.0.38:15222|priority:1|startupRole:FOLLOWER, 8252e408-c982-4bc9-a7b5-c82dcdf99b6f|rpc:10.1.0.38:15213|admin:10.1.0.38:15212|client:10.1.0.38:15211|dataStream:10.1.0.38:15214|priority:0|startupRole:FOLLOWER]|listeners:[], old=null
2023-05-23 10:27:36,807 [fad86c32-67f1-4b6d-b48a-d8941e8b4fba@group-7FDC898A2B18-LeaderElection45-1] INFO  server.GrpcServerProtocolClient (GrpcServerProtocolClient.java:<init>(65)) - Build channel for 85fe1515-2b71-4688-862a-26af69046f00
2023-05-23 10:27:36,810 [fad86c32-67f1-4b6d-b48a-d8941e8b4fba@group-7FDC898A2B18-LeaderElection45] INFO  server.RaftServerConfigKeys (ConfUtils.java:logFallback(53)) - raft.server.rpc.first-election.timeout.min = 5s (fallback to raft.server.rpc.timeout.min)
2023-05-23 10:27:36,810 [fad86c32-67f1-4b6d-b48a-d8941e8b4fba@group-7FDC898A2B18-LeaderElection45] INFO  server.RaftServerConfigKeys (ConfUtils.java:logFallback(53)) - raft.server.rpc.first-election.timeout.max = 5200ms (fallback to raft.server.rpc.timeout.max)
2023-05-23 10:27:36,811 [fad86c32-67f1-4b6d-b48a-d8941e8b4fba@group-7FDC898A2B18-LeaderElection45-2] INFO  server.GrpcServerProtocolClient (GrpcServerProtocolClient.java:<init>(65)) - Build channel for 8252e408-c982-4bc9-a7b5-c82dcdf99b6f
2023-05-23 10:27:36,818 [grpc-default-executor-0] INFO  server.RaftServer$Division (RaftServerImpl.java:requestVote(1302)) - 85fe1515-2b71-4688-862a-26af69046f00@group-7FDC898A2B18: receive requestVote(PRE_VOTE, fad86c32-67f1-4b6d-b48a-d8941e8b4fba, group-7FDC898A2B18, 0, (t:0, i:0))
2023-05-23 10:27:36,818 [grpc-default-executor-0] INFO  impl.VoteContext (VoteContext.java:log(49)) - 85fe1515-2b71-4688-862a-26af69046f00@group-7FDC898A2B18-FOLLOWER: reject PRE_VOTE from fad86c32-67f1-4b6d-b48a-d8941e8b4fba: our priority 1 > candidate's priority 0
2023-05-23 10:27:36,818 [grpc-default-executor-0] INFO  server.RaftServer$Division (RaftServerImpl.java:requestVote(1335)) - 85fe1515-2b71-4688-862a-26af69046f00@group-7FDC898A2B18 replies to PRE_VOTE vote request: fad86c32-67f1-4b6d-b48a-d8941e8b4fba<-85fe1515-2b71-4688-862a-26af69046f00#0:FAIL-t0. Peer's state: 85fe1515-2b71-4688-862a-26af69046f00@group-7FDC898A2B18:t0, leader=null, voted=, raftlog=Memoized:85fe1515-2b71-4688-862a-26af69046f00@group-7FDC898A2B18-SegmentedRaftLog:OPENED:c-1, conf=-1: peers:[fad86c32-67f1-4b6d-b48a-d8941e8b4fba|rpc:10.1.0.38:15205|admin:10.1.0.38:15204|client:10.1.0.38:15203|dataStream:10.1.0.38:15206|priority:0|startupRole:FOLLOWER, 85fe1515-2b71-4688-862a-26af69046f00|rpc:10.1.0.38:15221|admin:10.1.0.38:15220|client:10.1.0.38:15219|dataStream:10.1.0.38:15222|priority:1|startupRole:FOLLOWER, 8252e408-c982-4bc9-a7b5-c82dcdf99b6f|rpc:10.1.0.38:15213|admin:10.1.0.38:15212|client:10.1.0.38:15211|dataStream:10.1.0.38:15214|priority:0|startupRole:FOLLOWER]|listeners:[], old=null
2023-05-23 10:27:36,820 [fad86c32-67f1-4b6d-b48a-d8941e8b4fba@group-7FDC898A2B18-LeaderElection45] INFO  impl.LeaderElection (LeaderElection.java:logAndReturn(90)) - fad86c32-67f1-4b6d-b48a-d8941e8b4fba@group-7FDC898A2B18-LeaderElection45: PRE_VOTE REJECTED received 1 response(s) and 0 exception(s):
2023-05-23 10:27:36,820 [fad86c32-67f1-4b6d-b48a-d8941e8b4fba@group-7FDC898A2B18-LeaderElection45] INFO  impl.LeaderElection (LeaderElection.java:logAndReturn(94)) -   Response 0: fad86c32-67f1-4b6d-b48a-d8941e8b4fba<-85fe1515-2b71-4688-862a-26af69046f00#0:FAIL-t0
2023-05-23 10:27:36,820 [fad86c32-67f1-4b6d-b48a-d8941e8b4fba@group-7FDC898A2B18-LeaderElection45] INFO  impl.LeaderElection (LeaderElection.java:askForVotes(323)) - fad86c32-67f1-4b6d-b48a-d8941e8b4fba@group-7FDC898A2B18-LeaderElection45 PRE_VOTE round 0: result REJECTED
2023-05-23 10:27:36,820 [fad86c32-67f1-4b6d-b48a-d8941e8b4fba@group-7FDC898A2B18-LeaderElection45] INFO  server.RaftServer$Division (RaftServerImpl.java:setRole(329)) - fad86c32-67f1-4b6d-b48a-d8941e8b4fba@group-7FDC898A2B18: changes role from CANDIDATE to FOLLOWER at term 0 for REJECTED
2023-05-23 10:27:36,820 [fad86c32-67f1-4b6d-b48a-d8941e8b4fba@group-7FDC898A2B18-LeaderElection45] INFO  impl.RoleInfo (RoleInfo.java:shutdownLeaderElection(130)) - fad86c32-67f1-4b6d-b48a-d8941e8b4fba: shutdown fad86c32-67f1-4b6d-b48a-d8941e8b4fba@group-7FDC898A2B18-LeaderElection45
2023-05-23 10:27:36,820 [fad86c32-67f1-4b6d-b48a-d8941e8b4fba@group-7FDC898A2B18-LeaderElection45] INFO  impl.RoleInfo (RoleInfo.java:updateAndGet(139)) - fad86c32-67f1-4b6d-b48a-d8941e8b4fba: start fad86c32-67f1-4b6d-b48a-d8941e8b4fba@group-7FDC898A2B18-FollowerState
2023-05-23 10:27:36,825 [grpc-default-executor-0] INFO  server.RaftServer$Division (RaftServerImpl.java:requestVote(1302)) - 8252e408-c982-4bc9-a7b5-c82dcdf99b6f@group-7FDC898A2B18: receive requestVote(PRE_VOTE, fad86c32-67f1-4b6d-b48a-d8941e8b4fba, group-7FDC898A2B18, 0, (t:0, i:0))
2023-05-23 10:27:36,826 [grpc-default-executor-0] INFO  impl.VoteContext (VoteContext.java:log(49)) - 8252e408-c982-4bc9-a7b5-c82dcdf99b6f@group-7FDC898A2B18-FOLLOWER: accept PRE_VOTE from fad86c32-67f1-4b6d-b48a-d8941e8b4fba: our priority 0 <= candidate's priority 0
2023-05-23 10:27:36,826 [grpc-default-executor-0] INFO  server.RaftServer$Division (RaftServerImpl.java:requestVote(1335)) - 8252e408-c982-4bc9-a7b5-c82dcdf99b6f@group-7FDC898A2B18 replies to PRE_VOTE vote request: fad86c32-67f1-4b6d-b48a-d8941e8b4fba<-8252e408-c982-4bc9-a7b5-c82dcdf99b6f#0:OK-t0. Peer's state: 8252e408-c982-4bc9-a7b5-c82dcdf99b6f@group-7FDC898A2B18:t0, leader=null, voted=, raftlog=Memoized:8252e408-c982-4bc9-a7b5-c82dcdf99b6f@group-7FDC898A2B18-SegmentedRaftLog:OPENED:c-1, conf=-1: peers:[fad86c32-67f1-4b6d-b48a-d8941e8b4fba|rpc:10.1.0.38:15205|admin:10.1.0.38:15204|client:10.1.0.38:15203|dataStream:10.1.0.38:15206|priority:0|startupRole:FOLLOWER, 85fe1515-2b71-4688-862a-26af69046f00|rpc:10.1.0.38:15221|admin:10.1.0.38:15220|client:10.1.0.38:15219|dataStream:10.1.0.38:15222|priority:1|startupRole:FOLLOWER, 8252e408-c982-4bc9-a7b5-c82dcdf99b6f|rpc:10.1.0.38:15213|admin:10.1.0.38:15212|client:10.1.0.38:15211|dataStream:10.1.0.38:15214|priority:0|startupRole:FOLLOWER]|listeners:[], old=null
2023-05-23 10:27:36,832 [8252e408-c982-4bc9-a7b5-c82dcdf99b6f@group-7FDC898A2B18-FollowerState] INFO  server.RaftServerConfigKeys (ConfUtils.java:logFallback(53)) - raft.server.rpc.first-election.timeout.min = 5s (fallback to raft.server.rpc.timeout.min)
2023-05-23 10:27:36,832 [8252e408-c982-4bc9-a7b5-c82dcdf99b6f@group-7FDC898A2B18-FollowerState] INFO  server.RaftServerConfigKeys (ConfUtils.java:logFallback(53)) - raft.server.rpc.first-election.timeout.max = 5200ms (fallback to raft.server.rpc.timeout.max)
2023-05-23 10:27:36,866 [Listener at 127.0.0.1/15196] INFO  ozone.MiniOzoneClusterImpl (MiniOzoneClusterImpl.java:lambda$waitForClusterToBeReady$0(222)) - Nodes are ready. Got 5 of 5 DN Heartbeats.
2023-05-23 10:27:36,866 [Listener at 127.0.0.1/15196] INFO  ozone.MiniOzoneClusterImpl (MiniOzoneClusterImpl.java:lambda$waitForClusterToBeReady$0(225)) - Waiting for cluster to exit safe mode
2023-05-23 10:27:36,866 [Listener at 127.0.0.1/15196] INFO  ozone.MiniOzoneClusterImpl (MiniOzoneClusterImpl.java:lambda$waitForClusterToBeReady$0(227)) - SCM became leader
2023-05-23 10:27:36,934 [fad86c32-67f1-4b6d-b48a-d8941e8b4fba@group-F6F833690CA0-FollowerState] INFO  impl.FollowerState (FollowerState.java:run(143)) - fad86c32-67f1-4b6d-b48a-d8941e8b4fba@group-F6F833690CA0-FollowerState: change to CANDIDATE, lastRpcElapsedTime:5107508944ns, electionTimeout:5107ms
2023-05-23 10:27:36,934 [fad86c32-67f1-4b6d-b48a-d8941e8b4fba@group-F6F833690CA0-FollowerState] INFO  impl.RoleInfo (RoleInfo.java:shutdownFollowerState(110)) - fad86c32-67f1-4b6d-b48a-d8941e8b4fba: shutdown fad86c32-67f1-4b6d-b48a-d8941e8b4fba@group-F6F833690CA0-FollowerState
2023-05-23 10:27:36,934 [fad86c32-67f1-4b6d-b48a-d8941e8b4fba@group-F6F833690CA0-FollowerState] INFO  server.RaftServer$Division (RaftServerImpl.java:setRole(329)) - fad86c32-67f1-4b6d-b48a-d8941e8b4fba@group-F6F833690CA0: changes role from  FOLLOWER to CANDIDATE at term 0 for changeToCandidate
2023-05-23 10:27:36,934 [fad86c32-67f1-4b6d-b48a-d8941e8b4fba@group-F6F833690CA0-FollowerState] INFO  server.RaftServerConfigKeys (ConfUtils.java:logGet(46)) - raft.server.leaderelection.pre-vote = true (default)
2023-05-23 10:27:36,934 [fad86c32-67f1-4b6d-b48a-d8941e8b4fba@group-F6F833690CA0-FollowerState] INFO  impl.RoleInfo (RoleInfo.java:updateAndGet(139)) - fad86c32-67f1-4b6d-b48a-d8941e8b4fba: start fad86c32-67f1-4b6d-b48a-d8941e8b4fba@group-F6F833690CA0-LeaderElection46
2023-05-23 10:27:36,937 [fad86c32-67f1-4b6d-b48a-d8941e8b4fba@group-F6F833690CA0-LeaderElection46] INFO  impl.LeaderElection (LeaderElection.java:askForVotes(321)) - fad86c32-67f1-4b6d-b48a-d8941e8b4fba@group-F6F833690CA0-LeaderElection46 PRE_VOTE round 0: submit vote requests at term 0 for -1: peers:[fad86c32-67f1-4b6d-b48a-d8941e8b4fba|rpc:10.1.0.38:15205|admin:10.1.0.38:15204|client:10.1.0.38:15203|dataStream:10.1.0.38:15206|priority:1|startupRole:FOLLOWER, 85fe1515-2b71-4688-862a-26af69046f00|rpc:10.1.0.38:15221|admin:10.1.0.38:15220|client:10.1.0.38:15219|dataStream:10.1.0.38:15222|priority:0|startupRole:FOLLOWER, 8252e408-c982-4bc9-a7b5-c82dcdf99b6f|rpc:10.1.0.38:15213|admin:10.1.0.38:15212|client:10.1.0.38:15211|dataStream:10.1.0.38:15214|priority:0|startupRole:FOLLOWER]|listeners:[], old=null
2023-05-23 10:27:36,939 [fad86c32-67f1-4b6d-b48a-d8941e8b4fba@group-F6F833690CA0-LeaderElection46] INFO  server.RaftServerConfigKeys (ConfUtils.java:logFallback(53)) - raft.server.rpc.first-election.timeout.min = 5s (fallback to raft.server.rpc.timeout.min)
2023-05-23 10:27:36,939 [fad86c32-67f1-4b6d-b48a-d8941e8b4fba@group-F6F833690CA0-LeaderElection46] INFO  server.RaftServerConfigKeys (ConfUtils.java:logFallback(53)) - raft.server.rpc.first-election.timeout.max = 5200ms (fallback to raft.server.rpc.timeout.max)
2023-05-23 10:27:36,942 [grpc-default-executor-0] INFO  server.RaftServer$Division (RaftServerImpl.java:requestVote(1302)) - 85fe1515-2b71-4688-862a-26af69046f00@group-F6F833690CA0: receive requestVote(PRE_VOTE, fad86c32-67f1-4b6d-b48a-d8941e8b4fba, group-F6F833690CA0, 0, (t:0, i:0))
2023-05-23 10:27:36,943 [grpc-default-executor-0] INFO  impl.VoteContext (VoteContext.java:log(49)) - 85fe1515-2b71-4688-862a-26af69046f00@group-F6F833690CA0-FOLLOWER: accept PRE_VOTE from fad86c32-67f1-4b6d-b48a-d8941e8b4fba: our priority 0 <= candidate's priority 1
2023-05-23 10:27:36,943 [grpc-default-executor-0] INFO  server.RaftServer$Division (RaftServerImpl.java:requestVote(1335)) - 85fe1515-2b71-4688-862a-26af69046f00@group-F6F833690CA0 replies to PRE_VOTE vote request: fad86c32-67f1-4b6d-b48a-d8941e8b4fba<-85fe1515-2b71-4688-862a-26af69046f00#0:OK-t0. Peer's state: 85fe1515-2b71-4688-862a-26af69046f00@group-F6F833690CA0:t0, leader=null, voted=, raftlog=Memoized:85fe1515-2b71-4688-862a-26af69046f00@group-F6F833690CA0-SegmentedRaftLog:OPENED:c-1, conf=-1: peers:[fad86c32-67f1-4b6d-b48a-d8941e8b4fba|rpc:10.1.0.38:15205|admin:10.1.0.38:15204|client:10.1.0.38:15203|dataStream:10.1.0.38:15206|priority:1|startupRole:FOLLOWER, 85fe1515-2b71-4688-862a-26af69046f00|rpc:10.1.0.38:15221|admin:10.1.0.38:15220|client:10.1.0.38:15219|dataStream:10.1.0.38:15222|priority:0|startupRole:FOLLOWER, 8252e408-c982-4bc9-a7b5-c82dcdf99b6f|rpc:10.1.0.38:15213|admin:10.1.0.38:15212|client:10.1.0.38:15211|dataStream:10.1.0.38:15214|priority:0|startupRole:FOLLOWER]|listeners:[], old=null
2023-05-23 10:27:36,944 [fad86c32-67f1-4b6d-b48a-d8941e8b4fba@group-F6F833690CA0-LeaderElection46] INFO  impl.LeaderElection (LeaderElection.java:logAndReturn(90)) - fad86c32-67f1-4b6d-b48a-d8941e8b4fba@group-F6F833690CA0-LeaderElection46: PRE_VOTE PASSED received 1 response(s) and 0 exception(s):
2023-05-23 10:27:36,944 [fad86c32-67f1-4b6d-b48a-d8941e8b4fba@group-F6F833690CA0-LeaderElection46] INFO  impl.LeaderElection (LeaderElection.java:logAndReturn(94)) -   Response 0: fad86c32-67f1-4b6d-b48a-d8941e8b4fba<-85fe1515-2b71-4688-862a-26af69046f00#0:OK-t0
2023-05-23 10:27:36,944 [fad86c32-67f1-4b6d-b48a-d8941e8b4fba@group-F6F833690CA0-LeaderElection46] INFO  impl.LeaderElection (LeaderElection.java:askForVotes(323)) - fad86c32-67f1-4b6d-b48a-d8941e8b4fba@group-F6F833690CA0-LeaderElection46 PRE_VOTE round 0: result PASSED
2023-05-23 10:27:36,945 [fad86c32-67f1-4b6d-b48a-d8941e8b4fba@group-F6F833690CA0-LeaderElection46] INFO  impl.LeaderElection (LeaderElection.java:askForVotes(321)) - fad86c32-67f1-4b6d-b48a-d8941e8b4fba@group-F6F833690CA0-LeaderElection46 ELECTION round 0: submit vote requests at term 1 for -1: peers:[fad86c32-67f1-4b6d-b48a-d8941e8b4fba|rpc:10.1.0.38:15205|admin:10.1.0.38:15204|client:10.1.0.38:15203|dataStream:10.1.0.38:15206|priority:1|startupRole:FOLLOWER, 85fe1515-2b71-4688-862a-26af69046f00|rpc:10.1.0.38:15221|admin:10.1.0.38:15220|client:10.1.0.38:15219|dataStream:10.1.0.38:15222|priority:0|startupRole:FOLLOWER, 8252e408-c982-4bc9-a7b5-c82dcdf99b6f|rpc:10.1.0.38:15213|admin:10.1.0.38:15212|client:10.1.0.38:15211|dataStream:10.1.0.38:15214|priority:0|startupRole:FOLLOWER]|listeners:[], old=null
2023-05-23 10:27:36,947 [fad86c32-67f1-4b6d-b48a-d8941e8b4fba@group-F6F833690CA0-LeaderElection46] INFO  server.RaftServerConfigKeys (ConfUtils.java:logFallback(53)) - raft.server.rpc.first-election.timeout.min = 5s (fallback to raft.server.rpc.timeout.min)
2023-05-23 10:27:36,948 [85fe1515-2b71-4688-862a-26af69046f00@group-F6F833690CA0-FollowerState] INFO  server.RaftServerConfigKeys (ConfUtils.java:logFallback(53)) - raft.server.rpc.first-election.timeout.min = 5s (fallback to raft.server.rpc.timeout.min)
2023-05-23 10:27:36,948 [85fe1515-2b71-4688-862a-26af69046f00@group-F6F833690CA0-FollowerState] INFO  server.RaftServerConfigKeys (ConfUtils.java:logFallback(53)) - raft.server.rpc.first-election.timeout.max = 5200ms (fallback to raft.server.rpc.timeout.max)
2023-05-23 10:27:36,948 [grpc-default-executor-0] INFO  server.RaftServer$Division (RaftServerImpl.java:requestVote(1302)) - 85fe1515-2b71-4688-862a-26af69046f00@group-F6F833690CA0: receive requestVote(ELECTION, fad86c32-67f1-4b6d-b48a-d8941e8b4fba, group-F6F833690CA0, 1, (t:0, i:0))
2023-05-23 10:27:36,948 [grpc-default-executor-0] INFO  impl.VoteContext (VoteContext.java:log(49)) - 85fe1515-2b71-4688-862a-26af69046f00@group-F6F833690CA0-FOLLOWER: accept ELECTION from fad86c32-67f1-4b6d-b48a-d8941e8b4fba: our priority 0 <= candidate's priority 1
2023-05-23 10:27:36,948 [grpc-default-executor-0] INFO  server.RaftServer$Division (RaftServerImpl.java:setRole(329)) - 85fe1515-2b71-4688-862a-26af69046f00@group-F6F833690CA0: changes role from  FOLLOWER to FOLLOWER at term 1 for candidate:fad86c32-67f1-4b6d-b48a-d8941e8b4fba
2023-05-23 10:27:36,948 [grpc-default-executor-0] INFO  impl.RoleInfo (RoleInfo.java:shutdownFollowerState(110)) - 85fe1515-2b71-4688-862a-26af69046f00: shutdown 85fe1515-2b71-4688-862a-26af69046f00@group-F6F833690CA0-FollowerState
2023-05-23 10:27:36,948 [grpc-default-executor-0] INFO  impl.RoleInfo (RoleInfo.java:updateAndGet(139)) - 85fe1515-2b71-4688-862a-26af69046f00: start 85fe1515-2b71-4688-862a-26af69046f00@group-F6F833690CA0-FollowerState
2023-05-23 10:27:36,948 [fad86c32-67f1-4b6d-b48a-d8941e8b4fba@group-F6F833690CA0-LeaderElection46] INFO  server.RaftServerConfigKeys (ConfUtils.java:logFallback(53)) - raft.server.rpc.first-election.timeout.max = 5200ms (fallback to raft.server.rpc.timeout.max)
2023-05-23 10:27:36,949 [85fe1515-2b71-4688-862a-26af69046f00@group-F6F833690CA0-FollowerState] INFO  impl.FollowerState (FollowerState.java:run(152)) - 85fe1515-2b71-4688-862a-26af69046f00@group-F6F833690CA0-FollowerState was interrupted
2023-05-23 10:27:36,950 [grpc-default-executor-1] INFO  server.RaftServer$Division (RaftServerImpl.java:requestVote(1302)) - 8252e408-c982-4bc9-a7b5-c82dcdf99b6f@group-F6F833690CA0: receive requestVote(PRE_VOTE, fad86c32-67f1-4b6d-b48a-d8941e8b4fba, group-F6F833690CA0, 0, (t:0, i:0))
2023-05-23 10:27:36,950 [grpc-default-executor-1] INFO  impl.VoteContext (VoteContext.java:log(49)) - 8252e408-c982-4bc9-a7b5-c82dcdf99b6f@group-F6F833690CA0-FOLLOWER: accept PRE_VOTE from fad86c32-67f1-4b6d-b48a-d8941e8b4fba: our priority 0 <= candidate's priority 1
2023-05-23 10:27:36,950 [grpc-default-executor-0] INFO  server.RaftServer$Division (RaftServerImpl.java:requestVote(1335)) - 85fe1515-2b71-4688-862a-26af69046f00@group-F6F833690CA0 replies to ELECTION vote request: fad86c32-67f1-4b6d-b48a-d8941e8b4fba<-85fe1515-2b71-4688-862a-26af69046f00#0:OK-t1. Peer's state: 85fe1515-2b71-4688-862a-26af69046f00@group-F6F833690CA0:t1, leader=null, voted=fad86c32-67f1-4b6d-b48a-d8941e8b4fba, raftlog=Memoized:85fe1515-2b71-4688-862a-26af69046f00@group-F6F833690CA0-SegmentedRaftLog:OPENED:c-1, conf=-1: peers:[fad86c32-67f1-4b6d-b48a-d8941e8b4fba|rpc:10.1.0.38:15205|admin:10.1.0.38:15204|client:10.1.0.38:15203|dataStream:10.1.0.38:15206|priority:1|startupRole:FOLLOWER, 85fe1515-2b71-4688-862a-26af69046f00|rpc:10.1.0.38:15221|admin:10.1.0.38:15220|client:10.1.0.38:15219|dataStream:10.1.0.38:15222|priority:0|startupRole:FOLLOWER, 8252e408-c982-4bc9-a7b5-c82dcdf99b6f|rpc:10.1.0.38:15213|admin:10.1.0.38:15212|client:10.1.0.38:15211|dataStream:10.1.0.38:15214|priority:0|startupRole:FOLLOWER]|listeners:[], old=null
2023-05-23 10:27:36,950 [grpc-default-executor-1] INFO  server.RaftServer$Division (RaftServerImpl.java:requestVote(1335)) - 8252e408-c982-4bc9-a7b5-c82dcdf99b6f@group-F6F833690CA0 replies to PRE_VOTE vote request: fad86c32-67f1-4b6d-b48a-d8941e8b4fba<-8252e408-c982-4bc9-a7b5-c82dcdf99b6f#0:OK-t0. Peer's state: 8252e408-c982-4bc9-a7b5-c82dcdf99b6f@group-F6F833690CA0:t0, leader=null, voted=, raftlog=Memoized:8252e408-c982-4bc9-a7b5-c82dcdf99b6f@group-F6F833690CA0-SegmentedRaftLog:OPENED:c-1, conf=-1: peers:[fad86c32-67f1-4b6d-b48a-d8941e8b4fba|rpc:10.1.0.38:15205|admin:10.1.0.38:15204|client:10.1.0.38:15203|dataStream:10.1.0.38:15206|priority:1|startupRole:FOLLOWER, 85fe1515-2b71-4688-862a-26af69046f00|rpc:10.1.0.38:15221|admin:10.1.0.38:15220|client:10.1.0.38:15219|dataStream:10.1.0.38:15222|priority:0|startupRole:FOLLOWER, 8252e408-c982-4bc9-a7b5-c82dcdf99b6f|rpc:10.1.0.38:15213|admin:10.1.0.38:15212|client:10.1.0.38:15211|dataStream:10.1.0.38:15214|priority:0|startupRole:FOLLOWER]|listeners:[], old=null
2023-05-23 10:27:36,952 [grpc-default-executor-2] INFO  server.RaftServer$Division (RaftServerImpl.java:requestVote(1302)) - 8252e408-c982-4bc9-a7b5-c82dcdf99b6f@group-F6F833690CA0: receive requestVote(ELECTION, fad86c32-67f1-4b6d-b48a-d8941e8b4fba, group-F6F833690CA0, 1, (t:0, i:0))
2023-05-23 10:27:36,953 [grpc-default-executor-2] INFO  impl.VoteContext (VoteContext.java:log(49)) - 8252e408-c982-4bc9-a7b5-c82dcdf99b6f@group-F6F833690CA0-FOLLOWER: accept ELECTION from fad86c32-67f1-4b6d-b48a-d8941e8b4fba: our priority 0 <= candidate's priority 1
2023-05-23 10:27:36,953 [fad86c32-67f1-4b6d-b48a-d8941e8b4fba@group-F6F833690CA0-LeaderElection46] INFO  impl.LeaderElection (LeaderElection.java:logAndReturn(90)) - fad86c32-67f1-4b6d-b48a-d8941e8b4fba@group-F6F833690CA0-LeaderElection46: ELECTION PASSED received 1 response(s) and 0 exception(s):
2023-05-23 10:27:36,953 [fad86c32-67f1-4b6d-b48a-d8941e8b4fba@group-F6F833690CA0-LeaderElection46] INFO  impl.LeaderElection (LeaderElection.java:logAndReturn(94)) -   Response 0: fad86c32-67f1-4b6d-b48a-d8941e8b4fba<-85fe1515-2b71-4688-862a-26af69046f00#0:OK-t1
2023-05-23 10:27:36,953 [fad86c32-67f1-4b6d-b48a-d8941e8b4fba@group-F6F833690CA0-LeaderElection46] INFO  impl.LeaderElection (LeaderElection.java:askForVotes(323)) - fad86c32-67f1-4b6d-b48a-d8941e8b4fba@group-F6F833690CA0-LeaderElection46 ELECTION round 0: result PASSED
2023-05-23 10:27:36,953 [fad86c32-67f1-4b6d-b48a-d8941e8b4fba@group-F6F833690CA0-LeaderElection46] INFO  impl.RoleInfo (RoleInfo.java:shutdownLeaderElection(130)) - fad86c32-67f1-4b6d-b48a-d8941e8b4fba: shutdown fad86c32-67f1-4b6d-b48a-d8941e8b4fba@group-F6F833690CA0-LeaderElection46
2023-05-23 10:27:36,953 [fad86c32-67f1-4b6d-b48a-d8941e8b4fba@group-F6F833690CA0-LeaderElection46] INFO  server.RaftServer$Division (RaftServerImpl.java:setRole(329)) - fad86c32-67f1-4b6d-b48a-d8941e8b4fba@group-F6F833690CA0: changes role from CANDIDATE to LEADER at term 1 for changeToLeader
2023-05-23 10:27:36,953 [fad86c32-67f1-4b6d-b48a-d8941e8b4fba@group-F6F833690CA0-LeaderElection46] INFO  ratis.XceiverServerRatis (XceiverServerRatis.java:handleLeaderChangedNotification(904)) - Leader change notification received for group: group-F6F833690CA0 with new leaderId: fad86c32-67f1-4b6d-b48a-d8941e8b4fba
2023-05-23 10:27:36,953 [fad86c32-67f1-4b6d-b48a-d8941e8b4fba@group-F6F833690CA0-LeaderElection46] INFO  server.RaftServer$Division (ServerState.java:setLeader(317)) - fad86c32-67f1-4b6d-b48a-d8941e8b4fba@group-F6F833690CA0: change Leader from null to fad86c32-67f1-4b6d-b48a-d8941e8b4fba at term 1 for becomeLeader, leader elected after 5140ms
2023-05-23 10:27:36,953 [fad86c32-67f1-4b6d-b48a-d8941e8b4fba@group-F6F833690CA0-LeaderElection46] INFO  server.RaftServerConfigKeys (ConfUtils.java:logGet(46)) - raft.server.staging.catchup.gap = 1000 (default)
2023-05-23 10:27:36,953 [fad86c32-67f1-4b6d-b48a-d8941e8b4fba@group-F6F833690CA0-LeaderElection46] INFO  server.RaftServerConfigKeys (ConfUtils.java:logGet(46)) - raft.server.write.element-limit = 1024 (custom)
2023-05-23 10:27:36,953 [fad86c32-67f1-4b6d-b48a-d8941e8b4fba@group-F6F833690CA0-LeaderElection46] INFO  server.RaftServerConfigKeys (ConfUtils.java:logGet(46)) - raft.server.write.byte-limit = 1024 M (=1073741824) (custom)
2023-05-23 10:27:36,954 [fad86c32-67f1-4b6d-b48a-d8941e8b4fba@group-F6F833690CA0-LeaderElection46] INFO  server.RaftServerConfigKeys (ConfUtils.java:logGet(46)) - raft.server.watch.timeout = 180s (custom)
2023-05-23 10:27:36,954 [fad86c32-67f1-4b6d-b48a-d8941e8b4fba@group-F6F833690CA0-LeaderElection46] INFO  server.RaftServerConfigKeys (ConfUtils.java:logGet(46)) - raft.server.watch.timeout.denomination = 1s (default)
2023-05-23 10:27:36,954 [fad86c32-67f1-4b6d-b48a-d8941e8b4fba@group-F6F833690CA0-LeaderElection46] INFO  server.RaftServerConfigKeys (ConfUtils.java:logGet(46)) - raft.server.watch.element-limit = 65536 (default)
2023-05-23 10:27:36,954 [fad86c32-67f1-4b6d-b48a-d8941e8b4fba@group-F6F833690CA0-LeaderElection46] INFO  server.RaftServerConfigKeys (ConfUtils.java:logGet(46)) - raft.server.write.element-limit = 1024 (custom)
2023-05-23 10:27:36,954 [fad86c32-67f1-4b6d-b48a-d8941e8b4fba@group-F6F833690CA0-LeaderElection46] INFO  server.RaftServerConfigKeys (ConfUtils.java:logGet(46)) - raft.server.write.follower.gap.ratio.max = -1.0 (default)
2023-05-23 10:27:36,954 [fad86c32-67f1-4b6d-b48a-d8941e8b4fba@group-F6F833690CA0-LeaderElection46] INFO  server.RaftServerConfigKeys (ConfUtils.java:logGet(46)) - raft.server.log.appender.snapshot.chunk.size.max = 16MB (=16777216) (default)
2023-05-23 10:27:36,954 [fad86c32-67f1-4b6d-b48a-d8941e8b4fba@group-F6F833690CA0-LeaderElection46] INFO  server.RaftServerConfigKeys (ConfUtils.java:logGet(46)) - raft.server.log.appender.buffer.byte-limit = 33554432 (custom)
2023-05-23 10:27:36,954 [fad86c32-67f1-4b6d-b48a-d8941e8b4fba@group-F6F833690CA0-LeaderElection46] INFO  server.RaftServerConfigKeys (ConfUtils.java:logGet(46)) - raft.server.log.appender.buffer.element-limit = 1 (custom)
2023-05-23 10:27:36,954 [fad86c32-67f1-4b6d-b48a-d8941e8b4fba@group-F6F833690CA0-LeaderElection46] INFO  server.RaftServerConfigKeys (ConfUtils.java:logGet(46)) - raft.server.log.appender.wait-time.min = 10ms (default)
2023-05-23 10:27:36,954 [fad86c32-67f1-4b6d-b48a-d8941e8b4fba@group-F6F833690CA0-LeaderElection46] INFO  grpc.GrpcConfigKeys (ConfUtils.java:logGet(46)) - raft.grpc.server.leader.outstanding.appends.max = 128 (default)
2023-05-23 10:27:36,954 [fad86c32-67f1-4b6d-b48a-d8941e8b4fba@group-F6F833690CA0-LeaderElection46] INFO  server.RaftServerConfigKeys (ConfUtils.java:logGet(46)) - raft.server.rpc.request.timeout = 60s (custom)
2023-05-23 10:27:36,954 [fad86c32-67f1-4b6d-b48a-d8941e8b4fba@group-F6F833690CA0-LeaderElection46] INFO  grpc.GrpcConfigKeys (ConfUtils.java:logGet(46)) - raft.grpc.server.install_snapshot.request.element-limit = 8 (default)
2023-05-23 10:27:36,955 [fad86c32-67f1-4b6d-b48a-d8941e8b4fba@group-F6F833690CA0-LeaderElection46] INFO  grpc.GrpcConfigKeys (ConfUtils.java:logGet(46)) - raft.grpc.server.install_snapshot.request.timeout = 3000ms (default)
2023-05-23 10:27:36,955 [fad86c32-67f1-4b6d-b48a-d8941e8b4fba@group-F6F833690CA0-LeaderElection46] INFO  server.RaftServerConfigKeys (ConfUtils.java:logGet(46)) - raft.server.log.appender.install.snapshot.enabled = false (custom)
2023-05-23 10:27:36,955 [fad86c32-67f1-4b6d-b48a-d8941e8b4fba@group-F6F833690CA0-LeaderElection46] INFO  grpc.GrpcConfigKeys (ConfUtils.java:logGet(46)) - raft.grpc.server.heartbeat.channel = true (default)
2023-05-23 10:27:36,955 [fad86c32-67f1-4b6d-b48a-d8941e8b4fba@group-F6F833690CA0-LeaderElection46] INFO  server.RaftServerConfigKeys (ConfUtils.java:logGet(46)) - raft.server.log.appender.snapshot.chunk.size.max = 16MB (=16777216) (default)
2023-05-23 10:27:36,955 [fad86c32-67f1-4b6d-b48a-d8941e8b4fba@group-F6F833690CA0-LeaderElection46] INFO  server.RaftServerConfigKeys (ConfUtils.java:logGet(46)) - raft.server.log.appender.buffer.byte-limit = 33554432 (custom)
2023-05-23 10:27:36,955 [fad86c32-67f1-4b6d-b48a-d8941e8b4fba@group-F6F833690CA0-LeaderElection46] INFO  server.RaftServerConfigKeys (ConfUtils.java:logGet(46)) - raft.server.log.appender.buffer.element-limit = 1 (custom)
2023-05-23 10:27:36,955 [fad86c32-67f1-4b6d-b48a-d8941e8b4fba@group-F6F833690CA0-LeaderElection46] INFO  server.RaftServerConfigKeys (ConfUtils.java:logGet(46)) - raft.server.log.appender.wait-time.min = 10ms (default)
2023-05-23 10:27:36,955 [fad86c32-67f1-4b6d-b48a-d8941e8b4fba@group-F6F833690CA0-LeaderElection46] INFO  grpc.GrpcConfigKeys (ConfUtils.java:logGet(46)) - raft.grpc.server.leader.outstanding.appends.max = 128 (default)
2023-05-23 10:27:36,955 [fad86c32-67f1-4b6d-b48a-d8941e8b4fba@group-F6F833690CA0-LeaderElection46] INFO  server.RaftServerConfigKeys (ConfUtils.java:logGet(46)) - raft.server.rpc.request.timeout = 60s (custom)
2023-05-23 10:27:36,955 [fad86c32-67f1-4b6d-b48a-d8941e8b4fba@group-F6F833690CA0-LeaderElection46] INFO  grpc.GrpcConfigKeys (ConfUtils.java:logGet(46)) - raft.grpc.server.install_snapshot.request.element-limit = 8 (default)
2023-05-23 10:27:36,955 [fad86c32-67f1-4b6d-b48a-d8941e8b4fba@group-F6F833690CA0-LeaderElection46] INFO  grpc.GrpcConfigKeys (ConfUtils.java:logGet(46)) - raft.grpc.server.install_snapshot.request.timeout = 3000ms (default)
2023-05-23 10:27:36,955 [fad86c32-67f1-4b6d-b48a-d8941e8b4fba@group-F6F833690CA0-LeaderElection46] INFO  server.RaftServerConfigKeys (ConfUtils.java:logGet(46)) - raft.server.log.appender.install.snapshot.enabled = false (custom)
2023-05-23 10:27:36,956 [fad86c32-67f1-4b6d-b48a-d8941e8b4fba@group-F6F833690CA0-LeaderElection46] INFO  grpc.GrpcConfigKeys (ConfUtils.java:logGet(46)) - raft.grpc.server.heartbeat.channel = true (default)
2023-05-23 10:27:36,956 [fad86c32-67f1-4b6d-b48a-d8941e8b4fba@group-F6F833690CA0-LeaderElection46] INFO  impl.RoleInfo (RoleInfo.java:updateAndGet(139)) - fad86c32-67f1-4b6d-b48a-d8941e8b4fba: start fad86c32-67f1-4b6d-b48a-d8941e8b4fba@group-F6F833690CA0-LeaderStateImpl
2023-05-23 10:27:36,956 [fad86c32-67f1-4b6d-b48a-d8941e8b4fba@group-F6F833690CA0-LeaderElection46] INFO  segmented.SegmentedRaftLogWorker (SegmentedRaftLogWorker.java:startLogSegment(447)) - fad86c32-67f1-4b6d-b48a-d8941e8b4fba@group-F6F833690CA0-SegmentedRaftLogWorker: Starting segment from index:0
2023-05-23 10:27:36,956 [EventQueue-PipelineReportForPipelineReportHandler] INFO  pipeline.PipelineManagerImpl (PipelineManagerImpl.java:openPipeline(367)) - Pipeline Pipeline[ Id: 6c514fb2-bffb-4707-8a6d-f6f833690ca0, Nodes: fad86c32-67f1-4b6d-b48a-d8941e8b4fba(fv-az1249-304/10.1.0.38)8252e408-c982-4bc9-a7b5-c82dcdf99b6f(fv-az1249-304/10.1.0.38)85fe1515-2b71-4688-862a-26af69046f00(fv-az1249-304/10.1.0.38), ReplicationConfig: RATIS/THREE, State:ALLOCATED, leaderId:fad86c32-67f1-4b6d-b48a-d8941e8b4fba, CreationTimestamp2023-05-23T10:27:29.218Z[Etc/UTC]] moved to OPEN state
2023-05-23 10:27:36,957 [EventQueue-OpenPipelineForHealthyPipelineSafeModeRule] INFO  safemode.SCMSafeModeManager (HealthyPipelineSafeModeRule.java:process(137)) - SCM in safe mode. Healthy pipelines reported count is 1, required healthy pipeline reported count is 1
2023-05-23 10:27:36,957 [EventQueue-OpenPipelineForHealthyPipelineSafeModeRule] INFO  safemode.SCMSafeModeManager (SCMSafeModeManager.java:validateSafeModeExitRules(200)) - HealthyPipelineSafeModeRule rule is successfully validated
2023-05-23 10:27:36,957 [EventQueue-OpenPipelineForHealthyPipelineSafeModeRule] INFO  safemode.SCMSafeModeManager (SCMSafeModeManager.java:validateSafeModeExitRules(215)) - ScmSafeModeManager, all rules are successfully validated
2023-05-23 10:27:36,957 [EventQueue-OpenPipelineForHealthyPipelineSafeModeRule] INFO  safemode.SCMSafeModeManager (SCMSafeModeManager.java:exitSafeMode(244)) - SCM exiting safe mode.
2023-05-23 10:27:36,957 [EventQueue-OpenPipelineForHealthyPipelineSafeModeRule] INFO  ha.SCMContext (SCMContext.java:updateSafeModeStatus(228)) - Update SafeModeStatus from SafeModeStatus{safeModeStatus=true, preCheckPassed=true} to SafeModeStatus{safeModeStatus=false, preCheckPassed=true}.
2023-05-23 10:27:36,957 [EventQueue-OpenPipelineForHealthyPipelineSafeModeRule] INFO  pipeline.BackgroundPipelineCreator (BackgroundPipelineCreator.java:notifyStatusChanged(254)) - Service BackgroundPipelineCreator transitions to RUNNING.
2023-05-23 10:27:36,957 [EventQueue-OpenPipelineForHealthyPipelineSafeModeRule] INFO  BackgroundPipelineScrubber (BackgroundSCMService.java:notifyStatusChanged(82)) - Service BackgroundPipelineScrubber transitions to RUNNING.
2023-05-23 10:27:36,957 [EventQueue-OpenPipelineForHealthyPipelineSafeModeRule] INFO  ExpiredContainerReplicaOpScrubber (BackgroundSCMService.java:notifyStatusChanged(82)) - Service ExpiredContainerReplicaOpScrubber transitions to RUNNING.
2023-05-23 10:27:36,957 [EventQueue-OpenPipelineForHealthyPipelineSafeModeRule] INFO  replication.ReplicationManager (ReplicationManager.java:notifyStatusChanged(1377)) - Service ReplicationManager transitions to RUNNING.
2023-05-23 10:27:36,957 [EventQueue-OpenPipelineForHealthyPipelineSafeModeRule] WARN  balancer.ContainerBalancer (ContainerBalancer.java:shouldRun(132)) - Could not find persisted configuration for ContainerBalancer when checking if ContainerBalancer should run. ContainerBalancer should not run now.
2023-05-23 10:27:36,958 [grpc-default-executor-2] INFO  server.RaftServer$Division (RaftServerImpl.java:setRole(329)) - 8252e408-c982-4bc9-a7b5-c82dcdf99b6f@group-F6F833690CA0: changes role from  FOLLOWER to FOLLOWER at term 1 for candidate:fad86c32-67f1-4b6d-b48a-d8941e8b4fba
2023-05-23 10:27:36,958 [grpc-default-executor-2] INFO  impl.RoleInfo (RoleInfo.java:shutdownFollowerState(110)) - 8252e408-c982-4bc9-a7b5-c82dcdf99b6f: shutdown 8252e408-c982-4bc9-a7b5-c82dcdf99b6f@group-F6F833690CA0-FollowerState
2023-05-23 10:27:36,959 [fad86c32-67f1-4b6d-b48a-d8941e8b4fba@group-F6F833690CA0-SegmentedRaftLogWorker] INFO  segmented.SegmentedRaftLogWorker (SegmentedRaftLogWorker.java:execute(651)) - fad86c32-67f1-4b6d-b48a-d8941e8b4fba@group-F6F833690CA0-SegmentedRaftLogWorker: created new log segment /home/runner/work/ozone/ozone/hadoop-ozone/integration-test/target/test-dir/MiniOzoneClusterImpl-1448f794-6d1a-4b49-b7b3-e839f56d4fba/datanode-0/data/ratis/6c514fb2-bffb-4707-8a6d-f6f833690ca0/current/log_inprogress_0
2023-05-23 10:27:36,961 [8252e408-c982-4bc9-a7b5-c82dcdf99b6f@group-F6F833690CA0-FollowerState] INFO  impl.FollowerState (FollowerState.java:run(152)) - 8252e408-c982-4bc9-a7b5-c82dcdf99b6f@group-F6F833690CA0-FollowerState was interrupted
2023-05-23 10:27:36,961 [grpc-default-executor-2] INFO  impl.RoleInfo (RoleInfo.java:updateAndGet(139)) - 8252e408-c982-4bc9-a7b5-c82dcdf99b6f: start 8252e408-c982-4bc9-a7b5-c82dcdf99b6f@group-F6F833690CA0-FollowerState
2023-05-23 10:27:36,966 [fad86c32-67f1-4b6d-b48a-d8941e8b4fba@group-F6F833690CA0-LeaderElection46] INFO  server.RaftServer$Division (ServerState.java:setRaftConf(434)) - fad86c32-67f1-4b6d-b48a-d8941e8b4fba@group-F6F833690CA0: set configuration 0: peers:[fad86c32-67f1-4b6d-b48a-d8941e8b4fba|rpc:10.1.0.38:15205|admin:10.1.0.38:15204|client:10.1.0.38:15203|dataStream:10.1.0.38:15206|priority:1|startupRole:FOLLOWER, 85fe1515-2b71-4688-862a-26af69046f00|rpc:10.1.0.38:15221|admin:10.1.0.38:15220|client:10.1.0.38:15219|dataStream:10.1.0.38:15222|priority:0|startupRole:FOLLOWER, 8252e408-c982-4bc9-a7b5-c82dcdf99b6f|rpc:10.1.0.38:15213|admin:10.1.0.38:15212|client:10.1.0.38:15211|dataStream:10.1.0.38:15214|priority:0|startupRole:FOLLOWER]|listeners:[], old=null
2023-05-23 10:27:36,966 [grpc-default-executor-2] INFO  server.RaftServer$Division (RaftServerImpl.java:requestVote(1335)) - 8252e408-c982-4bc9-a7b5-c82dcdf99b6f@group-F6F833690CA0 replies to ELECTION vote request: fad86c32-67f1-4b6d-b48a-d8941e8b4fba<-8252e408-c982-4bc9-a7b5-c82dcdf99b6f#0:OK-t1. Peer's state: 8252e408-c982-4bc9-a7b5-c82dcdf99b6f@group-F6F833690CA0:t1, leader=null, voted=fad86c32-67f1-4b6d-b48a-d8941e8b4fba, raftlog=Memoized:8252e408-c982-4bc9-a7b5-c82dcdf99b6f@group-F6F833690CA0-SegmentedRaftLog:OPENED:c-1, conf=-1: peers:[fad86c32-67f1-4b6d-b48a-d8941e8b4fba|rpc:10.1.0.38:15205|admin:10.1.0.38:15204|client:10.1.0.38:15203|dataStream:10.1.0.38:15206|priority:1|startupRole:FOLLOWER, 85fe1515-2b71-4688-862a-26af69046f00|rpc:10.1.0.38:15221|admin:10.1.0.38:15220|client:10.1.0.38:15219|dataStream:10.1.0.38:15222|priority:0|startupRole:FOLLOWER, 8252e408-c982-4bc9-a7b5-c82dcdf99b6f|rpc:10.1.0.38:15213|admin:10.1.0.38:15212|client:10.1.0.38:15211|dataStream:10.1.0.38:15214|priority:0|startupRole:FOLLOWER]|listeners:[], old=null
2023-05-23 10:27:36,979 [85fe1515-2b71-4688-862a-26af69046f00-server-thread1] INFO  ratis.XceiverServerRatis (XceiverServerRatis.java:handleLeaderChangedNotification(904)) - Leader change notification received for group: group-F6F833690CA0 with new leaderId: fad86c32-67f1-4b6d-b48a-d8941e8b4fba
2023-05-23 10:27:36,979 [85fe1515-2b71-4688-862a-26af69046f00-server-thread1] INFO  server.RaftServer$Division (ServerState.java:setLeader(317)) - 85fe1515-2b71-4688-862a-26af69046f00@group-F6F833690CA0: change Leader from null to fad86c32-67f1-4b6d-b48a-d8941e8b4fba at term 1 for appendEntries, leader elected after 5098ms
2023-05-23 10:27:36,979 [8252e408-c982-4bc9-a7b5-c82dcdf99b6f-server-thread1] INFO  ratis.XceiverServerRatis (XceiverServerRatis.java:handleLeaderChangedNotification(904)) - Leader change notification received for group: group-F6F833690CA0 with new leaderId: fad86c32-67f1-4b6d-b48a-d8941e8b4fba
2023-05-23 10:27:36,979 [8252e408-c982-4bc9-a7b5-c82dcdf99b6f-server-thread1] INFO  server.RaftServer$Division (ServerState.java:setLeader(317)) - 8252e408-c982-4bc9-a7b5-c82dcdf99b6f@group-F6F833690CA0: change Leader from null to fad86c32-67f1-4b6d-b48a-d8941e8b4fba at term 1 for appendEntries, leader elected after 5135ms
2023-05-23 10:27:36,981 [85fe1515-2b71-4688-862a-26af69046f00-server-thread2] INFO  server.RaftServer$Division (ServerState.java:setRaftConf(434)) - 85fe1515-2b71-4688-862a-26af69046f00@group-F6F833690CA0: set configuration 0: peers:[fad86c32-67f1-4b6d-b48a-d8941e8b4fba|rpc:10.1.0.38:15205|admin:10.1.0.38:15204|client:10.1.0.38:15203|dataStream:10.1.0.38:15206|priority:1|startupRole:FOLLOWER, 85fe1515-2b71-4688-862a-26af69046f00|rpc:10.1.0.38:15221|admin:10.1.0.38:15220|client:10.1.0.38:15219|dataStream:10.1.0.38:15222|priority:0|startupRole:FOLLOWER, 8252e408-c982-4bc9-a7b5-c82dcdf99b6f|rpc:10.1.0.38:15213|admin:10.1.0.38:15212|client:10.1.0.38:15211|dataStream:10.1.0.38:15214|priority:0|startupRole:FOLLOWER]|listeners:[], old=null
2023-05-23 10:27:36,981 [85fe1515-2b71-4688-862a-26af69046f00-server-thread2] INFO  segmented.SegmentedRaftLogWorker (SegmentedRaftLogWorker.java:startLogSegment(447)) - 85fe1515-2b71-4688-862a-26af69046f00@group-F6F833690CA0-SegmentedRaftLogWorker: Starting segment from index:0
2023-05-23 10:27:36,983 [85fe1515-2b71-4688-862a-26af69046f00@group-F6F833690CA0-SegmentedRaftLogWorker] INFO  segmented.SegmentedRaftLogWorker (SegmentedRaftLogWorker.java:execute(651)) - 85fe1515-2b71-4688-862a-26af69046f00@group-F6F833690CA0-SegmentedRaftLogWorker: created new log segment /home/runner/work/ozone/ozone/hadoop-ozone/integration-test/target/test-dir/MiniOzoneClusterImpl-1448f794-6d1a-4b49-b7b3-e839f56d4fba/datanode-2/data/ratis/6c514fb2-bffb-4707-8a6d-f6f833690ca0/current/log_inprogress_0
2023-05-23 10:27:36,997 [85fe1515-2b71-4688-862a-26af69046f00@group-7FDC898A2B18-FollowerState] INFO  impl.FollowerState (FollowerState.java:run(143)) - 85fe1515-2b71-4688-862a-26af69046f00@group-7FDC898A2B18-FollowerState: change to CANDIDATE, lastRpcElapsedTime:5200919756ns, electionTimeout:5194ms
2023-05-23 10:27:36,997 [85fe1515-2b71-4688-862a-26af69046f00@group-7FDC898A2B18-FollowerState] INFO  impl.RoleInfo (RoleInfo.java:shutdownFollowerState(110)) - 85fe1515-2b71-4688-862a-26af69046f00: shutdown 85fe1515-2b71-4688-862a-26af69046f00@group-7FDC898A2B18-FollowerState
2023-05-23 10:27:36,997 [85fe1515-2b71-4688-862a-26af69046f00@group-7FDC898A2B18-FollowerState] INFO  server.RaftServer$Division (RaftServerImpl.java:setRole(329)) - 85fe1515-2b71-4688-862a-26af69046f00@group-7FDC898A2B18: changes role from  FOLLOWER to CANDIDATE at term 0 for changeToCandidate
2023-05-23 10:27:36,997 [85fe1515-2b71-4688-862a-26af69046f00@group-7FDC898A2B18-FollowerState] INFO  server.RaftServerConfigKeys (ConfUtils.java:logGet(46)) - raft.server.leaderelection.pre-vote = true (default)
2023-05-23 10:27:36,998 [85fe1515-2b71-4688-862a-26af69046f00@group-7FDC898A2B18-FollowerState] INFO  impl.RoleInfo (RoleInfo.java:updateAndGet(139)) - 85fe1515-2b71-4688-862a-26af69046f00: start 85fe1515-2b71-4688-862a-26af69046f00@group-7FDC898A2B18-LeaderElection47
2023-05-23 10:27:36,998 [8252e408-c982-4bc9-a7b5-c82dcdf99b6f-server-thread2] INFO  server.RaftServer$Division (ServerState.java:setRaftConf(434)) - 8252e408-c982-4bc9-a7b5-c82dcdf99b6f@group-F6F833690CA0: set configuration 0: peers:[fad86c32-67f1-4b6d-b48a-d8941e8b4fba|rpc:10.1.0.38:15205|admin:10.1.0.38:15204|client:10.1.0.38:15203|dataStream:10.1.0.38:15206|priority:1|startupRole:FOLLOWER, 85fe1515-2b71-4688-862a-26af69046f00|rpc:10.1.0.38:15221|admin:10.1.0.38:15220|client:10.1.0.38:15219|dataStream:10.1.0.38:15222|priority:0|startupRole:FOLLOWER, 8252e408-c982-4bc9-a7b5-c82dcdf99b6f|rpc:10.1.0.38:15213|admin:10.1.0.38:15212|client:10.1.0.38:15211|dataStream:10.1.0.38:15214|priority:0|startupRole:FOLLOWER]|listeners:[], old=null
2023-05-23 10:27:36,998 [8252e408-c982-4bc9-a7b5-c82dcdf99b6f-server-thread2] INFO  segmented.SegmentedRaftLogWorker (SegmentedRaftLogWorker.java:startLogSegment(447)) - 8252e408-c982-4bc9-a7b5-c82dcdf99b6f@group-F6F833690CA0-SegmentedRaftLogWorker: Starting segment from index:0
2023-05-23 10:27:37,001 [8252e408-c982-4bc9-a7b5-c82dcdf99b6f@group-F6F833690CA0-SegmentedRaftLogWorker] INFO  segmented.SegmentedRaftLogWorker (SegmentedRaftLogWorker.java:execute(651)) - 8252e408-c982-4bc9-a7b5-c82dcdf99b6f@group-F6F833690CA0-SegmentedRaftLogWorker: created new log segment /home/runner/work/ozone/ozone/hadoop-ozone/integration-test/target/test-dir/MiniOzoneClusterImpl-1448f794-6d1a-4b49-b7b3-e839f56d4fba/datanode-1/data/ratis/6c514fb2-bffb-4707-8a6d-f6f833690ca0/current/log_inprogress_0
2023-05-23 10:27:37,002 [85fe1515-2b71-4688-862a-26af69046f00@group-7FDC898A2B18-LeaderElection47] INFO  impl.LeaderElection (LeaderElection.java:askForVotes(321)) - 85fe1515-2b71-4688-862a-26af69046f00@group-7FDC898A2B18-LeaderElection47 PRE_VOTE round 0: submit vote requests at term 0 for -1: peers:[fad86c32-67f1-4b6d-b48a-d8941e8b4fba|rpc:10.1.0.38:15205|admin:10.1.0.38:15204|client:10.1.0.38:15203|dataStream:10.1.0.38:15206|priority:0|startupRole:FOLLOWER, 85fe1515-2b71-4688-862a-26af69046f00|rpc:10.1.0.38:15221|admin:10.1.0.38:15220|client:10.1.0.38:15219|dataStream:10.1.0.38:15222|priority:1|startupRole:FOLLOWER, 8252e408-c982-4bc9-a7b5-c82dcdf99b6f|rpc:10.1.0.38:15213|admin:10.1.0.38:15212|client:10.1.0.38:15211|dataStream:10.1.0.38:15214|priority:0|startupRole:FOLLOWER]|listeners:[], old=null
2023-05-23 10:27:37,003 [85fe1515-2b71-4688-862a-26af69046f00@group-7FDC898A2B18-LeaderElection47-1] INFO  server.GrpcServerProtocolClient (GrpcServerProtocolClient.java:<init>(65)) - Build channel for fad86c32-67f1-4b6d-b48a-d8941e8b4fba
2023-05-23 10:27:37,005 [85fe1515-2b71-4688-862a-26af69046f00@group-7FDC898A2B18-LeaderElection47] INFO  server.RaftServerConfigKeys (ConfUtils.java:logFallback(53)) - raft.server.rpc.first-election.timeout.min = 5s (fallback to raft.server.rpc.timeout.min)
2023-05-23 10:27:37,005 [85fe1515-2b71-4688-862a-26af69046f00@group-7FDC898A2B18-LeaderElection47] INFO  server.RaftServerConfigKeys (ConfUtils.java:logFallback(53)) - raft.server.rpc.first-election.timeout.max = 5200ms (fallback to raft.server.rpc.timeout.max)
2023-05-23 10:27:37,006 [85fe1515-2b71-4688-862a-26af69046f00@group-7FDC898A2B18-LeaderElection47-2] INFO  server.GrpcServerProtocolClient (GrpcServerProtocolClient.java:<init>(65)) - Build channel for 8252e408-c982-4bc9-a7b5-c82dcdf99b6f
2023-05-23 10:27:37,013 [grpc-default-executor-4] INFO  server.RaftServer$Division (RaftServerImpl.java:requestVote(1302)) - fad86c32-67f1-4b6d-b48a-d8941e8b4fba@group-7FDC898A2B18: receive requestVote(PRE_VOTE, 85fe1515-2b71-4688-862a-26af69046f00, group-7FDC898A2B18, 0, (t:0, i:0))
2023-05-23 10:27:37,013 [grpc-default-executor-4] INFO  impl.VoteContext (VoteContext.java:log(49)) - fad86c32-67f1-4b6d-b48a-d8941e8b4fba@group-7FDC898A2B18-FOLLOWER: accept PRE_VOTE from 85fe1515-2b71-4688-862a-26af69046f00: our priority 0 <= candidate's priority 1
2023-05-23 10:27:37,013 [grpc-default-executor-4] INFO  server.RaftServer$Division (RaftServerImpl.java:requestVote(1335)) - fad86c32-67f1-4b6d-b48a-d8941e8b4fba@group-7FDC898A2B18 replies to PRE_VOTE vote request: 85fe1515-2b71-4688-862a-26af69046f00<-fad86c32-67f1-4b6d-b48a-d8941e8b4fba#0:OK-t0. Peer's state: fad86c32-67f1-4b6d-b48a-d8941e8b4fba@group-7FDC898A2B18:t0, leader=null, voted=, raftlog=Memoized:fad86c32-67f1-4b6d-b48a-d8941e8b4fba@group-7FDC898A2B18-SegmentedRaftLog:OPENED:c-1, conf=-1: peers:[fad86c32-67f1-4b6d-b48a-d8941e8b4fba|rpc:10.1.0.38:15205|admin:10.1.0.38:15204|client:10.1.0.38:15203|dataStream:10.1.0.38:15206|priority:0|startupRole:FOLLOWER, 85fe1515-2b71-4688-862a-26af69046f00|rpc:10.1.0.38:15221|admin:10.1.0.38:15220|client:10.1.0.38:15219|dataStream:10.1.0.38:15222|priority:1|startupRole:FOLLOWER, 8252e408-c982-4bc9-a7b5-c82dcdf99b6f|rpc:10.1.0.38:15213|admin:10.1.0.38:15212|client:10.1.0.38:15211|dataStream:10.1.0.38:15214|priority:0|startupRole:FOLLOWER]|listeners:[], old=null
2023-05-23 10:27:37,014 [85fe1515-2b71-4688-862a-26af69046f00@group-7FDC898A2B18-LeaderElection47] INFO  impl.LeaderElection (LeaderElection.java:logAndReturn(90)) - 85fe1515-2b71-4688-862a-26af69046f00@group-7FDC898A2B18-LeaderElection47: PRE_VOTE PASSED received 1 response(s) and 0 exception(s):
2023-05-23 10:27:37,014 [85fe1515-2b71-4688-862a-26af69046f00@group-7FDC898A2B18-LeaderElection47] INFO  impl.LeaderElection (LeaderElection.java:logAndReturn(94)) -   Response 0: 85fe1515-2b71-4688-862a-26af69046f00<-fad86c32-67f1-4b6d-b48a-d8941e8b4fba#0:OK-t0
2023-05-23 10:27:37,014 [85fe1515-2b71-4688-862a-26af69046f00@group-7FDC898A2B18-LeaderElection47] INFO  impl.LeaderElection (LeaderElection.java:askForVotes(323)) - 85fe1515-2b71-4688-862a-26af69046f00@group-7FDC898A2B18-LeaderElection47 PRE_VOTE round 0: result PASSED
2023-05-23 10:27:37,016 [85fe1515-2b71-4688-862a-26af69046f00@group-7FDC898A2B18-LeaderElection47] INFO  impl.LeaderElection (LeaderElection.java:askForVotes(321)) - 85fe1515-2b71-4688-862a-26af69046f00@group-7FDC898A2B18-LeaderElection47 ELECTION round 0: submit vote requests at term 1 for -1: peers:[fad86c32-67f1-4b6d-b48a-d8941e8b4fba|rpc:10.1.0.38:15205|admin:10.1.0.38:15204|client:10.1.0.38:15203|dataStream:10.1.0.38:15206|priority:0|startupRole:FOLLOWER, 85fe1515-2b71-4688-862a-26af69046f00|rpc:10.1.0.38:15221|admin:10.1.0.38:15220|client:10.1.0.38:15219|dataStream:10.1.0.38:15222|priority:1|startupRole:FOLLOWER, 8252e408-c982-4bc9-a7b5-c82dcdf99b6f|rpc:10.1.0.38:15213|admin:10.1.0.38:15212|client:10.1.0.38:15211|dataStream:10.1.0.38:15214|priority:0|startupRole:FOLLOWER]|listeners:[], old=null
2023-05-23 10:27:37,017 [grpc-default-executor-4] INFO  server.RaftServer$Division (RaftServerImpl.java:requestVote(1302)) - 8252e408-c982-4bc9-a7b5-c82dcdf99b6f@group-7FDC898A2B18: receive requestVote(PRE_VOTE, 85fe1515-2b71-4688-862a-26af69046f00, group-7FDC898A2B18, 0, (t:0, i:0))
2023-05-23 10:27:37,017 [grpc-default-executor-4] INFO  impl.VoteContext (VoteContext.java:log(49)) - 8252e408-c982-4bc9-a7b5-c82dcdf99b6f@group-7FDC898A2B18-FOLLOWER: accept PRE_VOTE from 85fe1515-2b71-4688-862a-26af69046f00: our priority 0 <= candidate's priority 1
2023-05-23 10:27:37,017 [grpc-default-executor-4] INFO  server.RaftServer$Division (RaftServerImpl.java:requestVote(1335)) - 8252e408-c982-4bc9-a7b5-c82dcdf99b6f@group-7FDC898A2B18 replies to PRE_VOTE vote request: 85fe1515-2b71-4688-862a-26af69046f00<-8252e408-c982-4bc9-a7b5-c82dcdf99b6f#0:OK-t0. Peer's state: 8252e408-c982-4bc9-a7b5-c82dcdf99b6f@group-7FDC898A2B18:t0, leader=null, voted=, raftlog=Memoized:8252e408-c982-4bc9-a7b5-c82dcdf99b6f@group-7FDC898A2B18-SegmentedRaftLog:OPENED:c-1, conf=-1: peers:[fad86c32-67f1-4b6d-b48a-d8941e8b4fba|rpc:10.1.0.38:15205|admin:10.1.0.38:15204|client:10.1.0.38:15203|dataStream:10.1.0.38:15206|priority:0|startupRole:FOLLOWER, 85fe1515-2b71-4688-862a-26af69046f00|rpc:10.1.0.38:15221|admin:10.1.0.38:15220|client:10.1.0.38:15219|dataStream:10.1.0.38:15222|priority:1|startupRole:FOLLOWER, 8252e408-c982-4bc9-a7b5-c82dcdf99b6f|rpc:10.1.0.38:15213|admin:10.1.0.38:15212|client:10.1.0.38:15211|dataStream:10.1.0.38:15214|priority:0|startupRole:FOLLOWER]|listeners:[], old=null
2023-05-23 10:27:37,021 [85fe1515-2b71-4688-862a-26af69046f00@group-7FDC898A2B18-LeaderElection47] INFO  server.RaftServerConfigKeys (ConfUtils.java:logFallback(53)) - raft.server.rpc.first-election.timeout.min = 5s (fallback to raft.server.rpc.timeout.min)
2023-05-23 10:27:37,021 [85fe1515-2b71-4688-862a-26af69046f00@group-7FDC898A2B18-LeaderElection47] INFO  server.RaftServerConfigKeys (ConfUtils.java:logFallback(53)) - raft.server.rpc.first-election.timeout.max = 5200ms (fallback to raft.server.rpc.timeout.max)
2023-05-23 10:27:37,022 [grpc-default-executor-4] INFO  server.RaftServer$Division (RaftServerImpl.java:requestVote(1302)) - fad86c32-67f1-4b6d-b48a-d8941e8b4fba@group-7FDC898A2B18: receive requestVote(ELECTION, 85fe1515-2b71-4688-862a-26af69046f00, group-7FDC898A2B18, 1, (t:0, i:0))
2023-05-23 10:27:37,022 [grpc-default-executor-4] INFO  impl.VoteContext (VoteContext.java:log(49)) - fad86c32-67f1-4b6d-b48a-d8941e8b4fba@group-7FDC898A2B18-FOLLOWER: accept ELECTION from 85fe1515-2b71-4688-862a-26af69046f00: our priority 0 <= candidate's priority 1
2023-05-23 10:27:37,023 [grpc-default-executor-4] INFO  server.RaftServer$Division (RaftServerImpl.java:setRole(329)) - fad86c32-67f1-4b6d-b48a-d8941e8b4fba@group-7FDC898A2B18: changes role from  FOLLOWER to FOLLOWER at term 1 for candidate:85fe1515-2b71-4688-862a-26af69046f00
2023-05-23 10:27:37,023 [grpc-default-executor-4] INFO  impl.RoleInfo (RoleInfo.java:shutdownFollowerState(110)) - fad86c32-67f1-4b6d-b48a-d8941e8b4fba: shutdown fad86c32-67f1-4b6d-b48a-d8941e8b4fba@group-7FDC898A2B18-FollowerState
2023-05-23 10:27:37,023 [fad86c32-67f1-4b6d-b48a-d8941e8b4fba@group-7FDC898A2B18-FollowerState] INFO  impl.FollowerState (FollowerState.java:run(152)) - fad86c32-67f1-4b6d-b48a-d8941e8b4fba@group-7FDC898A2B18-FollowerState was interrupted
2023-05-23 10:27:37,023 [grpc-default-executor-4] INFO  impl.RoleInfo (RoleInfo.java:updateAndGet(139)) - fad86c32-67f1-4b6d-b48a-d8941e8b4fba: start fad86c32-67f1-4b6d-b48a-d8941e8b4fba@group-7FDC898A2B18-FollowerState
2023-05-23 10:27:37,026 [grpc-default-executor-4] INFO  server.RaftServer$Division (RaftServerImpl.java:requestVote(1335)) - fad86c32-67f1-4b6d-b48a-d8941e8b4fba@group-7FDC898A2B18 replies to ELECTION vote request: 85fe1515-2b71-4688-862a-26af69046f00<-fad86c32-67f1-4b6d-b48a-d8941e8b4fba#0:OK-t1. Peer's state: fad86c32-67f1-4b6d-b48a-d8941e8b4fba@group-7FDC898A2B18:t1, leader=null, voted=85fe1515-2b71-4688-862a-26af69046f00, raftlog=Memoized:fad86c32-67f1-4b6d-b48a-d8941e8b4fba@group-7FDC898A2B18-SegmentedRaftLog:OPENED:c-1, conf=-1: peers:[fad86c32-67f1-4b6d-b48a-d8941e8b4fba|rpc:10.1.0.38:15205|admin:10.1.0.38:15204|client:10.1.0.38:15203|dataStream:10.1.0.38:15206|priority:0|startupRole:FOLLOWER, 85fe1515-2b71-4688-862a-26af69046f00|rpc:10.1.0.38:15221|admin:10.1.0.38:15220|client:10.1.0.38:15219|dataStream:10.1.0.38:15222|priority:1|startupRole:FOLLOWER, 8252e408-c982-4bc9-a7b5-c82dcdf99b6f|rpc:10.1.0.38:15213|admin:10.1.0.38:15212|client:10.1.0.38:15211|dataStream:10.1.0.38:15214|priority:0|startupRole:FOLLOWER]|listeners:[], old=null
2023-05-23 10:27:37,027 [85fe1515-2b71-4688-862a-26af69046f00@group-7FDC898A2B18-LeaderElection47] INFO  impl.LeaderElection (LeaderElection.java:logAndReturn(90)) - 85fe1515-2b71-4688-862a-26af69046f00@group-7FDC898A2B18-LeaderElection47: ELECTION PASSED received 1 response(s) and 0 exception(s):
2023-05-23 10:27:37,027 [85fe1515-2b71-4688-862a-26af69046f00@group-7FDC898A2B18-LeaderElection47] INFO  impl.LeaderElection (LeaderElection.java:logAndReturn(94)) -   Response 0: 85fe1515-2b71-4688-862a-26af69046f00<-fad86c32-67f1-4b6d-b48a-d8941e8b4fba#0:OK-t1
2023-05-23 10:27:37,028 [85fe1515-2b71-4688-862a-26af69046f00@group-7FDC898A2B18-LeaderElection47] INFO  impl.LeaderElection (LeaderElection.java:askForVotes(323)) - 85fe1515-2b71-4688-862a-26af69046f00@group-7FDC898A2B18-LeaderElection47 ELECTION round 0: result PASSED
2023-05-23 10:27:37,028 [85fe1515-2b71-4688-862a-26af69046f00@group-7FDC898A2B18-LeaderElection47] INFO  impl.RoleInfo (RoleInfo.java:shutdownLeaderElection(130)) - 85fe1515-2b71-4688-862a-26af69046f00: shutdown 85fe1515-2b71-4688-862a-26af69046f00@group-7FDC898A2B18-LeaderElection47
2023-05-23 10:27:37,028 [85fe1515-2b71-4688-862a-26af69046f00@group-7FDC898A2B18-LeaderElection47] INFO  server.RaftServer$Division (RaftServerImpl.java:setRole(329)) - 85fe1515-2b71-4688-862a-26af69046f00@group-7FDC898A2B18: changes role from CANDIDATE to LEADER at term 1 for changeToLeader
2023-05-23 10:27:37,028 [85fe1515-2b71-4688-862a-26af69046f00@group-7FDC898A2B18-LeaderElection47] INFO  ratis.XceiverServerRatis (XceiverServerRatis.java:handleLeaderChangedNotification(904)) - Leader change notification received for group: group-7FDC898A2B18 with new leaderId: 85fe1515-2b71-4688-862a-26af69046f00
2023-05-23 10:27:37,028 [85fe1515-2b71-4688-862a-26af69046f00@group-7FDC898A2B18-LeaderElection47] INFO  server.RaftServer$Division (ServerState.java:setLeader(317)) - 85fe1515-2b71-4688-862a-26af69046f00@group-7FDC898A2B18: change Leader from null to 85fe1515-2b71-4688-862a-26af69046f00 at term 1 for becomeLeader, leader elected after 5247ms
2023-05-23 10:27:37,028 [85fe1515-2b71-4688-862a-26af69046f00@group-7FDC898A2B18-LeaderElection47] INFO  server.RaftServerConfigKeys (ConfUtils.java:logGet(46)) - raft.server.staging.catchup.gap = 1000 (default)
2023-05-23 10:27:37,028 [85fe1515-2b71-4688-862a-26af69046f00@group-7FDC898A2B18-LeaderElection47] INFO  server.RaftServerConfigKeys (ConfUtils.java:logGet(46)) - raft.server.write.element-limit = 1024 (custom)
2023-05-23 10:27:37,028 [85fe1515-2b71-4688-862a-26af69046f00@group-7FDC898A2B18-LeaderElection47] INFO  server.RaftServerConfigKeys (ConfUtils.java:logGet(46)) - raft.server.write.byte-limit = 1024 M (=1073741824) (custom)
2023-05-23 10:27:37,028 [85fe1515-2b71-4688-862a-26af69046f00@group-7FDC898A2B18-LeaderElection47] INFO  server.RaftServerConfigKeys (ConfUtils.java:logGet(46)) - raft.server.watch.timeout = 180s (custom)
2023-05-23 10:27:37,028 [85fe1515-2b71-4688-862a-26af69046f00@group-7FDC898A2B18-LeaderElection47] INFO  server.RaftServerConfigKeys (ConfUtils.java:logGet(46)) - raft.server.watch.timeout.denomination = 1s (default)
2023-05-23 10:27:37,028 [85fe1515-2b71-4688-862a-26af69046f00@group-7FDC898A2B18-LeaderElection47] INFO  server.RaftServerConfigKeys (ConfUtils.java:logGet(46)) - raft.server.watch.element-limit = 65536 (default)
2023-05-23 10:27:37,028 [85fe1515-2b71-4688-862a-26af69046f00@group-7FDC898A2B18-LeaderElection47] INFO  server.RaftServerConfigKeys (ConfUtils.java:logGet(46)) - raft.server.write.element-limit = 1024 (custom)
2023-05-23 10:27:37,028 [85fe1515-2b71-4688-862a-26af69046f00@group-7FDC898A2B18-LeaderElection47] INFO  server.RaftServerConfigKeys (ConfUtils.java:logGet(46)) - raft.server.write.follower.gap.ratio.max = -1.0 (default)
2023-05-23 10:27:37,029 [85fe1515-2b71-4688-862a-26af69046f00@group-7FDC898A2B18-LeaderElection47] INFO  server.RaftServerConfigKeys (ConfUtils.java:logGet(46)) - raft.server.log.appender.snapshot.chunk.size.max = 16MB (=16777216) (default)
2023-05-23 10:27:37,029 [85fe1515-2b71-4688-862a-26af69046f00@group-7FDC898A2B18-LeaderElection47] INFO  server.RaftServerConfigKeys (ConfUtils.java:logGet(46)) - raft.server.log.appender.buffer.byte-limit = 33554432 (custom)
2023-05-23 10:27:37,029 [85fe1515-2b71-4688-862a-26af69046f00@group-7FDC898A2B18-LeaderElection47] INFO  server.RaftServerConfigKeys (ConfUtils.java:logGet(46)) - raft.server.log.appender.buffer.element-limit = 1 (custom)
2023-05-23 10:27:37,029 [85fe1515-2b71-4688-862a-26af69046f00@group-7FDC898A2B18-LeaderElection47] INFO  server.RaftServerConfigKeys (ConfUtils.java:logGet(46)) - raft.server.log.appender.wait-time.min = 10ms (default)
2023-05-23 10:27:37,029 [85fe1515-2b71-4688-862a-26af69046f00@group-7FDC898A2B18-LeaderElection47] INFO  grpc.GrpcConfigKeys (ConfUtils.java:logGet(46)) - raft.grpc.server.leader.outstanding.appends.max = 128 (default)
2023-05-23 10:27:37,029 [85fe1515-2b71-4688-862a-26af69046f00@group-7FDC898A2B18-LeaderElection47] INFO  server.RaftServerConfigKeys (ConfUtils.java:logGet(46)) - raft.server.rpc.request.timeout = 60s (custom)
2023-05-23 10:27:37,029 [85fe1515-2b71-4688-862a-26af69046f00@group-7FDC898A2B18-LeaderElection47] INFO  grpc.GrpcConfigKeys (ConfUtils.java:logGet(46)) - raft.grpc.server.install_snapshot.request.element-limit = 8 (default)
2023-05-23 10:27:37,029 [85fe1515-2b71-4688-862a-26af69046f00@group-7FDC898A2B18-LeaderElection47] INFO  grpc.GrpcConfigKeys (ConfUtils.java:logGet(46)) - raft.grpc.server.install_snapshot.request.timeout = 3000ms (default)
2023-05-23 10:27:37,029 [85fe1515-2b71-4688-862a-26af69046f00@group-7FDC898A2B18-LeaderElection47] INFO  server.RaftServerConfigKeys (ConfUtils.java:logGet(46)) - raft.server.log.appender.install.snapshot.enabled = false (custom)
2023-05-23 10:27:37,032 [85fe1515-2b71-4688-862a-26af69046f00@group-7FDC898A2B18-LeaderElection47] INFO  grpc.GrpcConfigKeys (ConfUtils.java:logGet(46)) - raft.grpc.server.heartbeat.channel = true (default)
2023-05-23 10:27:37,032 [EventQueue-PipelineReportForPipelineReportHandler] INFO  pipeline.PipelineManagerImpl (PipelineManagerImpl.java:openPipeline(367)) - Pipeline Pipeline[ Id: b47636c3-2d9f-4218-b1b8-7fdc898a2b18, Nodes: 8252e408-c982-4bc9-a7b5-c82dcdf99b6f(fv-az1249-304/10.1.0.38)fad86c32-67f1-4b6d-b48a-d8941e8b4fba(fv-az1249-304/10.1.0.38)85fe1515-2b71-4688-862a-26af69046f00(fv-az1249-304/10.1.0.38), ReplicationConfig: RATIS/THREE, State:ALLOCATED, leaderId:85fe1515-2b71-4688-862a-26af69046f00, CreationTimestamp2023-05-23T10:27:29.216Z[Etc/UTC]] moved to OPEN state
2023-05-23 10:27:37,037 [grpc-default-executor-1] INFO  server.RaftServer$Division (RaftServerImpl.java:requestVote(1302)) - 8252e408-c982-4bc9-a7b5-c82dcdf99b6f@group-7FDC898A2B18: receive requestVote(ELECTION, 85fe1515-2b71-4688-862a-26af69046f00, group-7FDC898A2B18, 1, (t:0, i:0))
2023-05-23 10:27:37,037 [grpc-default-executor-1] INFO  impl.VoteContext (VoteContext.java:log(49)) - 8252e408-c982-4bc9-a7b5-c82dcdf99b6f@group-7FDC898A2B18-FOLLOWER: accept ELECTION from 85fe1515-2b71-4688-862a-26af69046f00: our priority 0 <= candidate's priority 1
2023-05-23 10:27:37,038 [grpc-default-executor-1] INFO  server.RaftServer$Division (RaftServerImpl.java:setRole(329)) - 8252e408-c982-4bc9-a7b5-c82dcdf99b6f@group-7FDC898A2B18: changes role from  FOLLOWER to FOLLOWER at term 1 for candidate:85fe1515-2b71-4688-862a-26af69046f00
2023-05-23 10:27:37,038 [grpc-default-executor-1] INFO  impl.RoleInfo (RoleInfo.java:shutdownFollowerState(110)) - 8252e408-c982-4bc9-a7b5-c82dcdf99b6f: shutdown 8252e408-c982-4bc9-a7b5-c82dcdf99b6f@group-7FDC898A2B18-FollowerState
2023-05-23 10:27:37,038 [85fe1515-2b71-4688-862a-26af69046f00@group-7FDC898A2B18-LeaderElection47] INFO  server.RaftServerConfigKeys (ConfUtils.java:logGet(46)) - raft.server.log.appender.snapshot.chunk.size.max = 16MB (=16777216) (default)
2023-05-23 10:27:37,038 [85fe1515-2b71-4688-862a-26af69046f00@group-7FDC898A2B18-LeaderElection47] INFO  server.RaftServerConfigKeys (ConfUtils.java:logGet(46)) - raft.server.log.appender.buffer.byte-limit = 33554432 (custom)
2023-05-23 10:27:37,038 [85fe1515-2b71-4688-862a-26af69046f00@group-7FDC898A2B18-LeaderElection47] INFO  server.RaftServerConfigKeys (ConfUtils.java:logGet(46)) - raft.server.log.appender.buffer.element-limit = 1 (custom)
2023-05-23 10:27:37,038 [85fe1515-2b71-4688-862a-26af69046f00@group-7FDC898A2B18-LeaderElection47] INFO  server.RaftServerConfigKeys (ConfUtils.java:logGet(46)) - raft.server.log.appender.wait-time.min = 10ms (default)
2023-05-23 10:27:37,038 [85fe1515-2b71-4688-862a-26af69046f00@group-7FDC898A2B18-LeaderElection47] INFO  grpc.GrpcConfigKeys (ConfUtils.java:logGet(46)) - raft.grpc.server.leader.outstanding.appends.max = 128 (default)
2023-05-23 10:27:37,038 [85fe1515-2b71-4688-862a-26af69046f00@group-7FDC898A2B18-LeaderElection47] INFO  server.RaftServerConfigKeys (ConfUtils.java:logGet(46)) - raft.server.rpc.request.timeout = 60s (custom)
2023-05-23 10:27:37,038 [85fe1515-2b71-4688-862a-26af69046f00@group-7FDC898A2B18-LeaderElection47] INFO  grpc.GrpcConfigKeys (ConfUtils.java:logGet(46)) - raft.grpc.server.install_snapshot.request.element-limit = 8 (default)
2023-05-23 10:27:37,038 [85fe1515-2b71-4688-862a-26af69046f00@group-7FDC898A2B18-LeaderElection47] INFO  grpc.GrpcConfigKeys (ConfUtils.java:logGet(46)) - raft.grpc.server.install_snapshot.request.timeout = 3000ms (default)
2023-05-23 10:27:37,038 [85fe1515-2b71-4688-862a-26af69046f00@group-7FDC898A2B18-LeaderElection47] INFO  server.RaftServerConfigKeys (ConfUtils.java:logGet(46)) - raft.server.log.appender.install.snapshot.enabled = false (custom)
2023-05-23 10:27:37,038 [85fe1515-2b71-4688-862a-26af69046f00@group-7FDC898A2B18-LeaderElection47] INFO  grpc.GrpcConfigKeys (ConfUtils.java:logGet(46)) - raft.grpc.server.heartbeat.channel = true (default)
2023-05-23 10:27:37,039 [85fe1515-2b71-4688-862a-26af69046f00@group-7FDC898A2B18-LeaderElection47] INFO  impl.RoleInfo (RoleInfo.java:updateAndGet(139)) - 85fe1515-2b71-4688-862a-26af69046f00: start 85fe1515-2b71-4688-862a-26af69046f00@group-7FDC898A2B18-LeaderStateImpl
2023-05-23 10:27:37,039 [85fe1515-2b71-4688-862a-26af69046f00@group-7FDC898A2B18-LeaderElection47] INFO  segmented.SegmentedRaftLogWorker (SegmentedRaftLogWorker.java:startLogSegment(447)) - 85fe1515-2b71-4688-862a-26af69046f00@group-7FDC898A2B18-SegmentedRaftLogWorker: Starting segment from index:0
2023-05-23 10:27:37,039 [8252e408-c982-4bc9-a7b5-c82dcdf99b6f@group-7FDC898A2B18-FollowerState] INFO  impl.FollowerState (FollowerState.java:run(152)) - 8252e408-c982-4bc9-a7b5-c82dcdf99b6f@group-7FDC898A2B18-FollowerState was interrupted
2023-05-23 10:27:37,040 [85fe1515-2b71-4688-862a-26af69046f00@group-7FDC898A2B18-SegmentedRaftLogWorker] INFO  segmented.SegmentedRaftLogWorker (SegmentedRaftLogWorker.java:execute(651)) - 85fe1515-2b71-4688-862a-26af69046f00@group-7FDC898A2B18-SegmentedRaftLogWorker: created new log segment /home/runner/work/ozone/ozone/hadoop-ozone/integration-test/target/test-dir/MiniOzoneClusterImpl-1448f794-6d1a-4b49-b7b3-e839f56d4fba/datanode-2/data/ratis/b47636c3-2d9f-4218-b1b8-7fdc898a2b18/current/log_inprogress_0
2023-05-23 10:27:37,043 [grpc-default-executor-1] INFO  impl.RoleInfo (RoleInfo.java:updateAndGet(139)) - 8252e408-c982-4bc9-a7b5-c82dcdf99b6f: start 8252e408-c982-4bc9-a7b5-c82dcdf99b6f@group-7FDC898A2B18-FollowerState
2023-05-23 10:27:37,044 [85fe1515-2b71-4688-862a-26af69046f00@group-7FDC898A2B18-LeaderElection47] INFO  server.RaftServer$Division (ServerState.java:setRaftConf(434)) - 85fe1515-2b71-4688-862a-26af69046f00@group-7FDC898A2B18: set configuration 0: peers:[fad86c32-67f1-4b6d-b48a-d8941e8b4fba|rpc:10.1.0.38:15205|admin:10.1.0.38:15204|client:10.1.0.38:15203|dataStream:10.1.0.38:15206|priority:0|startupRole:FOLLOWER, 85fe1515-2b71-4688-862a-26af69046f00|rpc:10.1.0.38:15221|admin:10.1.0.38:15220|client:10.1.0.38:15219|dataStream:10.1.0.38:15222|priority:1|startupRole:FOLLOWER, 8252e408-c982-4bc9-a7b5-c82dcdf99b6f|rpc:10.1.0.38:15213|admin:10.1.0.38:15212|client:10.1.0.38:15211|dataStream:10.1.0.38:15214|priority:0|startupRole:FOLLOWER]|listeners:[], old=null
2023-05-23 10:27:37,048 [fad86c32-67f1-4b6d-b48a-d8941e8b4fba-server-thread1] INFO  ratis.XceiverServerRatis (XceiverServerRatis.java:handleLeaderChangedNotification(904)) - Leader change notification received for group: group-7FDC898A2B18 with new leaderId: 85fe1515-2b71-4688-862a-26af69046f00
2023-05-23 10:27:37,048 [fad86c32-67f1-4b6d-b48a-d8941e8b4fba-server-thread1] INFO  server.RaftServer$Division (ServerState.java:setLeader(317)) - fad86c32-67f1-4b6d-b48a-d8941e8b4fba@group-7FDC898A2B18: change Leader from null to 85fe1515-2b71-4688-862a-26af69046f00 at term 1 for appendEntries, leader elected after 5467ms
2023-05-23 10:27:37,048 [grpc-default-executor-1] INFO  server.RaftServer$Division (RaftServerImpl.java:requestVote(1335)) - 8252e408-c982-4bc9-a7b5-c82dcdf99b6f@group-7FDC898A2B18 replies to ELECTION vote request: 85fe1515-2b71-4688-862a-26af69046f00<-8252e408-c982-4bc9-a7b5-c82dcdf99b6f#0:OK-t1. Peer's state: 8252e408-c982-4bc9-a7b5-c82dcdf99b6f@group-7FDC898A2B18:t1, leader=null, voted=85fe1515-2b71-4688-862a-26af69046f00, raftlog=Memoized:8252e408-c982-4bc9-a7b5-c82dcdf99b6f@group-7FDC898A2B18-SegmentedRaftLog:OPENED:c-1, conf=-1: peers:[fad86c32-67f1-4b6d-b48a-d8941e8b4fba|rpc:10.1.0.38:15205|admin:10.1.0.38:15204|client:10.1.0.38:15203|dataStream:10.1.0.38:15206|priority:0|startupRole:FOLLOWER, 85fe1515-2b71-4688-862a-26af69046f00|rpc:10.1.0.38:15221|admin:10.1.0.38:15220|client:10.1.0.38:15219|dataStream:10.1.0.38:15222|priority:1|startupRole:FOLLOWER, 8252e408-c982-4bc9-a7b5-c82dcdf99b6f|rpc:10.1.0.38:15213|admin:10.1.0.38:15212|client:10.1.0.38:15211|dataStream:10.1.0.38:15214|priority:0|startupRole:FOLLOWER]|listeners:[], old=null
2023-05-23 10:27:37,051 [8252e408-c982-4bc9-a7b5-c82dcdf99b6f@group-6E7B3E935167-FollowerState] INFO  impl.FollowerState (FollowerState.java:run(143)) - 8252e408-c982-4bc9-a7b5-c82dcdf99b6f@group-6E7B3E935167-FollowerState: change to CANDIDATE, lastRpcElapsedTime:5130389210ns, electionTimeout:5129ms
2023-05-23 10:27:37,051 [8252e408-c982-4bc9-a7b5-c82dcdf99b6f@group-6E7B3E935167-FollowerState] INFO  impl.RoleInfo (RoleInfo.java:shutdownFollowerState(110)) - 8252e408-c982-4bc9-a7b5-c82dcdf99b6f: shutdown 8252e408-c982-4bc9-a7b5-c82dcdf99b6f@group-6E7B3E935167-FollowerState
2023-05-23 10:27:37,051 [8252e408-c982-4bc9-a7b5-c82dcdf99b6f@group-6E7B3E935167-FollowerState] INFO  server.RaftServer$Division (RaftServerImpl.java:setRole(329)) - 8252e408-c982-4bc9-a7b5-c82dcdf99b6f@group-6E7B3E935167: changes role from  FOLLOWER to CANDIDATE at term 0 for changeToCandidate
2023-05-23 10:27:37,051 [8252e408-c982-4bc9-a7b5-c82dcdf99b6f@group-6E7B3E935167-FollowerState] INFO  server.RaftServerConfigKeys (ConfUtils.java:logGet(46)) - raft.server.leaderelection.pre-vote = true (default)
2023-05-23 10:27:37,051 [8252e408-c982-4bc9-a7b5-c82dcdf99b6f@group-6E7B3E935167-FollowerState] INFO  impl.RoleInfo (RoleInfo.java:updateAndGet(139)) - 8252e408-c982-4bc9-a7b5-c82dcdf99b6f: start 8252e408-c982-4bc9-a7b5-c82dcdf99b6f@group-6E7B3E935167-LeaderElection48
2023-05-23 10:27:37,059 [8252e408-c982-4bc9-a7b5-c82dcdf99b6f-server-thread1] INFO  ratis.XceiverServerRatis (XceiverServerRatis.java:handleLeaderChangedNotification(904)) - Leader change notification received for group: group-7FDC898A2B18 with new leaderId: 85fe1515-2b71-4688-862a-26af69046f00
2023-05-23 10:27:37,059 [8252e408-c982-4bc9-a7b5-c82dcdf99b6f-server-thread1] INFO  server.RaftServer$Division (ServerState.java:setLeader(317)) - 8252e408-c982-4bc9-a7b5-c82dcdf99b6f@group-7FDC898A2B18: change Leader from null to 85fe1515-2b71-4688-862a-26af69046f00 at term 1 for appendEntries, leader elected after 5319ms
2023-05-23 10:27:37,065 [fad86c32-67f1-4b6d-b48a-d8941e8b4fba-server-thread2] INFO  server.RaftServer$Division (ServerState.java:setRaftConf(434)) - fad86c32-67f1-4b6d-b48a-d8941e8b4fba@group-7FDC898A2B18: set configuration 0: peers:[fad86c32-67f1-4b6d-b48a-d8941e8b4fba|rpc:10.1.0.38:15205|admin:10.1.0.38:15204|client:10.1.0.38:15203|dataStream:10.1.0.38:15206|priority:0|startupRole:FOLLOWER, 85fe1515-2b71-4688-862a-26af69046f00|rpc:10.1.0.38:15221|admin:10.1.0.38:15220|client:10.1.0.38:15219|dataStream:10.1.0.38:15222|priority:1|startupRole:FOLLOWER, 8252e408-c982-4bc9-a7b5-c82dcdf99b6f|rpc:10.1.0.38:15213|admin:10.1.0.38:15212|client:10.1.0.38:15211|dataStream:10.1.0.38:15214|priority:0|startupRole:FOLLOWER]|listeners:[], old=null
2023-05-23 10:27:37,065 [fad86c32-67f1-4b6d-b48a-d8941e8b4fba-server-thread2] INFO  segmented.SegmentedRaftLogWorker (SegmentedRaftLogWorker.java:startLogSegment(447)) - fad86c32-67f1-4b6d-b48a-d8941e8b4fba@group-7FDC898A2B18-SegmentedRaftLogWorker: Starting segment from index:0
2023-05-23 10:27:37,068 [fad86c32-67f1-4b6d-b48a-d8941e8b4fba@group-7FDC898A2B18-SegmentedRaftLogWorker] INFO  segmented.SegmentedRaftLogWorker (SegmentedRaftLogWorker.java:execute(651)) - fad86c32-67f1-4b6d-b48a-d8941e8b4fba@group-7FDC898A2B18-SegmentedRaftLogWorker: created new log segment /home/runner/work/ozone/ozone/hadoop-ozone/integration-test/target/test-dir/MiniOzoneClusterImpl-1448f794-6d1a-4b49-b7b3-e839f56d4fba/datanode-0/data/ratis/b47636c3-2d9f-4218-b1b8-7fdc898a2b18/current/log_inprogress_0
2023-05-23 10:27:37,068 [8252e408-c982-4bc9-a7b5-c82dcdf99b6f@group-6E7B3E935167-LeaderElection48] INFO  impl.LeaderElection (LeaderElection.java:askForVotes(321)) - 8252e408-c982-4bc9-a7b5-c82dcdf99b6f@group-6E7B3E935167-LeaderElection48 PRE_VOTE round 0: submit vote requests at term 0 for -1: peers:[8252e408-c982-4bc9-a7b5-c82dcdf99b6f|rpc:10.1.0.38:15213|admin:10.1.0.38:15212|client:10.1.0.38:15211|dataStream:10.1.0.38:15214|priority:1|startupRole:FOLLOWER]|listeners:[], old=null
2023-05-23 10:27:37,068 [8252e408-c982-4bc9-a7b5-c82dcdf99b6f@group-6E7B3E935167-LeaderElection48] INFO  impl.LeaderElection (LeaderElection.java:askForVotes(323)) - 8252e408-c982-4bc9-a7b5-c82dcdf99b6f@group-6E7B3E935167-LeaderElection48 PRE_VOTE round 0: result PASSED (term=0)
2023-05-23 10:27:37,068 [8252e408-c982-4bc9-a7b5-c82dcdf99b6f-server-thread1] INFO  server.RaftServer$Division (ServerState.java:setRaftConf(434)) - 8252e408-c982-4bc9-a7b5-c82dcdf99b6f@group-7FDC898A2B18: set configuration 0: peers:[fad86c32-67f1-4b6d-b48a-d8941e8b4fba|rpc:10.1.0.38:15205|admin:10.1.0.38:15204|client:10.1.0.38:15203|dataStream:10.1.0.38:15206|priority:0|startupRole:FOLLOWER, 85fe1515-2b71-4688-862a-26af69046f00|rpc:10.1.0.38:15221|admin:10.1.0.38:15220|client:10.1.0.38:15219|dataStream:10.1.0.38:15222|priority:1|startupRole:FOLLOWER, 8252e408-c982-4bc9-a7b5-c82dcdf99b6f|rpc:10.1.0.38:15213|admin:10.1.0.38:15212|client:10.1.0.38:15211|dataStream:10.1.0.38:15214|priority:0|startupRole:FOLLOWER]|listeners:[], old=null
2023-05-23 10:27:37,069 [8252e408-c982-4bc9-a7b5-c82dcdf99b6f-server-thread1] INFO  segmented.SegmentedRaftLogWorker (SegmentedRaftLogWorker.java:startLogSegment(447)) - 8252e408-c982-4bc9-a7b5-c82dcdf99b6f@group-7FDC898A2B18-SegmentedRaftLogWorker: Starting segment from index:0
2023-05-23 10:27:37,071 [8252e408-c982-4bc9-a7b5-c82dcdf99b6f@group-7FDC898A2B18-SegmentedRaftLogWorker] INFO  segmented.SegmentedRaftLogWorker (SegmentedRaftLogWorker.java:execute(651)) - 8252e408-c982-4bc9-a7b5-c82dcdf99b6f@group-7FDC898A2B18-SegmentedRaftLogWorker: created new log segment /home/runner/work/ozone/ozone/hadoop-ozone/integration-test/target/test-dir/MiniOzoneClusterImpl-1448f794-6d1a-4b49-b7b3-e839f56d4fba/datanode-1/data/ratis/b47636c3-2d9f-4218-b1b8-7fdc898a2b18/current/log_inprogress_0
2023-05-23 10:27:37,071 [8252e408-c982-4bc9-a7b5-c82dcdf99b6f@group-6E7B3E935167-LeaderElection48] INFO  impl.LeaderElection (LeaderElection.java:askForVotes(321)) - 8252e408-c982-4bc9-a7b5-c82dcdf99b6f@group-6E7B3E935167-LeaderElection48 ELECTION round 0: submit vote requests at term 1 for -1: peers:[8252e408-c982-4bc9-a7b5-c82dcdf99b6f|rpc:10.1.0.38:15213|admin:10.1.0.38:15212|client:10.1.0.38:15211|dataStream:10.1.0.38:15214|priority:1|startupRole:FOLLOWER]|listeners:[], old=null
2023-05-23 10:27:37,071 [8252e408-c982-4bc9-a7b5-c82dcdf99b6f@group-6E7B3E935167-LeaderElection48] INFO  impl.LeaderElection (LeaderElection.java:askForVotes(323)) - 8252e408-c982-4bc9-a7b5-c82dcdf99b6f@group-6E7B3E935167-LeaderElection48 ELECTION round 0: result PASSED (term=1)
2023-05-23 10:27:37,071 [8252e408-c982-4bc9-a7b5-c82dcdf99b6f@group-6E7B3E935167-LeaderElection48] INFO  impl.RoleInfo (RoleInfo.java:shutdownLeaderElection(130)) - 8252e408-c982-4bc9-a7b5-c82dcdf99b6f: shutdown 8252e408-c982-4bc9-a7b5-c82dcdf99b6f@group-6E7B3E935167-LeaderElection48
2023-05-23 10:27:37,072 [8252e408-c982-4bc9-a7b5-c82dcdf99b6f@group-6E7B3E935167-LeaderElection48] INFO  server.RaftServer$Division (RaftServerImpl.java:setRole(329)) - 8252e408-c982-4bc9-a7b5-c82dcdf99b6f@group-6E7B3E935167: changes role from CANDIDATE to LEADER at term 1 for changeToLeader
2023-05-23 10:27:37,072 [8252e408-c982-4bc9-a7b5-c82dcdf99b6f@group-6E7B3E935167-LeaderElection48] INFO  ratis.XceiverServerRatis (XceiverServerRatis.java:handleLeaderChangedNotification(904)) - Leader change notification received for group: group-6E7B3E935167 with new leaderId: 8252e408-c982-4bc9-a7b5-c82dcdf99b6f
2023-05-23 10:27:37,072 [8252e408-c982-4bc9-a7b5-c82dcdf99b6f@group-6E7B3E935167-LeaderElection48] INFO  server.RaftServer$Division (ServerState.java:setLeader(317)) - 8252e408-c982-4bc9-a7b5-c82dcdf99b6f@group-6E7B3E935167: change Leader from null to 8252e408-c982-4bc9-a7b5-c82dcdf99b6f at term 1 for becomeLeader, leader elected after 5195ms
2023-05-23 10:27:37,073 [8252e408-c982-4bc9-a7b5-c82dcdf99b6f@group-6E7B3E935167-LeaderElection48] INFO  server.RaftServerConfigKeys (ConfUtils.java:logGet(46)) - raft.server.staging.catchup.gap = 1000 (default)
2023-05-23 10:27:37,073 [8252e408-c982-4bc9-a7b5-c82dcdf99b6f@group-6E7B3E935167-LeaderElection48] INFO  server.RaftServerConfigKeys (ConfUtils.java:logGet(46)) - raft.server.write.element-limit = 1024 (custom)
2023-05-23 10:27:37,073 [8252e408-c982-4bc9-a7b5-c82dcdf99b6f@group-6E7B3E935167-LeaderElection48] INFO  server.RaftServerConfigKeys (ConfUtils.java:logGet(46)) - raft.server.write.byte-limit = 1024 M (=1073741824) (custom)
2023-05-23 10:27:37,073 [8252e408-c982-4bc9-a7b5-c82dcdf99b6f@group-6E7B3E935167-LeaderElection48] INFO  server.RaftServerConfigKeys (ConfUtils.java:logGet(46)) - raft.server.watch.timeout = 180s (custom)
2023-05-23 10:27:37,073 [8252e408-c982-4bc9-a7b5-c82dcdf99b6f@group-6E7B3E935167-LeaderElection48] INFO  server.RaftServerConfigKeys (ConfUtils.java:logGet(46)) - raft.server.watch.timeout.denomination = 1s (default)
2023-05-23 10:27:37,073 [8252e408-c982-4bc9-a7b5-c82dcdf99b6f@group-6E7B3E935167-LeaderElection48] INFO  server.RaftServerConfigKeys (ConfUtils.java:logGet(46)) - raft.server.watch.element-limit = 65536 (default)
2023-05-23 10:27:37,073 [8252e408-c982-4bc9-a7b5-c82dcdf99b6f@group-6E7B3E935167-LeaderElection48] INFO  server.RaftServerConfigKeys (ConfUtils.java:logGet(46)) - raft.server.write.element-limit = 1024 (custom)
2023-05-23 10:27:37,074 [8252e408-c982-4bc9-a7b5-c82dcdf99b6f@group-6E7B3E935167-LeaderElection48] INFO  server.RaftServerConfigKeys (ConfUtils.java:logGet(46)) - raft.server.write.follower.gap.ratio.max = -1.0 (default)
2023-05-23 10:27:37,074 [8252e408-c982-4bc9-a7b5-c82dcdf99b6f@group-6E7B3E935167-LeaderElection48] INFO  impl.RoleInfo (RoleInfo.java:updateAndGet(139)) - 8252e408-c982-4bc9-a7b5-c82dcdf99b6f: start 8252e408-c982-4bc9-a7b5-c82dcdf99b6f@group-6E7B3E935167-LeaderStateImpl
2023-05-23 10:27:37,074 [8252e408-c982-4bc9-a7b5-c82dcdf99b6f@group-6E7B3E935167-LeaderElection48] INFO  segmented.SegmentedRaftLogWorker (SegmentedRaftLogWorker.java:startLogSegment(447)) - 8252e408-c982-4bc9-a7b5-c82dcdf99b6f@group-6E7B3E935167-SegmentedRaftLogWorker: Starting segment from index:0
2023-05-23 10:27:37,077 [8252e408-c982-4bc9-a7b5-c82dcdf99b6f@group-6E7B3E935167-LeaderElection48] INFO  server.RaftServer$Division (ServerState.java:setRaftConf(434)) - 8252e408-c982-4bc9-a7b5-c82dcdf99b6f@group-6E7B3E935167: set configuration 0: peers:[8252e408-c982-4bc9-a7b5-c82dcdf99b6f|rpc:10.1.0.38:15213|admin:10.1.0.38:15212|client:10.1.0.38:15211|dataStream:10.1.0.38:15214|priority:1|startupRole:FOLLOWER]|listeners:[], old=null
2023-05-23 10:27:37,077 [8252e408-c982-4bc9-a7b5-c82dcdf99b6f@group-6E7B3E935167-SegmentedRaftLogWorker] INFO  segmented.SegmentedRaftLogWorker (SegmentedRaftLogWorker.java:execute(651)) - 8252e408-c982-4bc9-a7b5-c82dcdf99b6f@group-6E7B3E935167-SegmentedRaftLogWorker: created new log segment /home/runner/work/ozone/ozone/hadoop-ozone/integration-test/target/test-dir/MiniOzoneClusterImpl-1448f794-6d1a-4b49-b7b3-e839f56d4fba/datanode-1/data/ratis/c069f734-edbe-487e-8bb1-6e7b3e935167/current/log_inprogress_0
2023-05-23 10:27:37,336 [85fe1515-2b71-4688-862a-26af69046f00@group-F83CB09F0F7A-FollowerState] INFO  impl.FollowerState (FollowerState.java:run(143)) - 85fe1515-2b71-4688-862a-26af69046f00@group-F83CB09F0F7A-FollowerState: change to CANDIDATE, lastRpcElapsedTime:5109150282ns, electionTimeout:5108ms
2023-05-23 10:27:37,336 [85fe1515-2b71-4688-862a-26af69046f00@group-F83CB09F0F7A-FollowerState] INFO  impl.RoleInfo (RoleInfo.java:shutdownFollowerState(110)) - 85fe1515-2b71-4688-862a-26af69046f00: shutdown 85fe1515-2b71-4688-862a-26af69046f00@group-F83CB09F0F7A-FollowerState
2023-05-23 10:27:37,336 [85fe1515-2b71-4688-862a-26af69046f00@group-F83CB09F0F7A-FollowerState] INFO  server.RaftServer$Division (RaftServerImpl.java:setRole(329)) - 85fe1515-2b71-4688-862a-26af69046f00@group-F83CB09F0F7A: changes role from  FOLLOWER to CANDIDATE at term 0 for changeToCandidate
2023-05-23 10:27:37,336 [85fe1515-2b71-4688-862a-26af69046f00@group-F83CB09F0F7A-FollowerState] INFO  server.RaftServerConfigKeys (ConfUtils.java:logGet(46)) - raft.server.leaderelection.pre-vote = true (default)
2023-05-23 10:27:37,336 [85fe1515-2b71-4688-862a-26af69046f00@group-F83CB09F0F7A-FollowerState] INFO  impl.RoleInfo (RoleInfo.java:updateAndGet(139)) - 85fe1515-2b71-4688-862a-26af69046f00: start 85fe1515-2b71-4688-862a-26af69046f00@group-F83CB09F0F7A-LeaderElection49
2023-05-23 10:27:37,339 [85fe1515-2b71-4688-862a-26af69046f00@group-F83CB09F0F7A-LeaderElection49] INFO  impl.LeaderElection (LeaderElection.java:askForVotes(321)) - 85fe1515-2b71-4688-862a-26af69046f00@group-F83CB09F0F7A-LeaderElection49 PRE_VOTE round 0: submit vote requests at term 0 for -1: peers:[85fe1515-2b71-4688-862a-26af69046f00|rpc:10.1.0.38:15221|admin:10.1.0.38:15220|client:10.1.0.38:15219|dataStream:10.1.0.38:15222|priority:1|startupRole:FOLLOWER]|listeners:[], old=null
2023-05-23 10:27:37,339 [85fe1515-2b71-4688-862a-26af69046f00@group-F83CB09F0F7A-LeaderElection49] INFO  impl.LeaderElection (LeaderElection.java:askForVotes(323)) - 85fe1515-2b71-4688-862a-26af69046f00@group-F83CB09F0F7A-LeaderElection49 PRE_VOTE round 0: result PASSED (term=0)
2023-05-23 10:27:37,340 [85fe1515-2b71-4688-862a-26af69046f00@group-F83CB09F0F7A-LeaderElection49] INFO  impl.LeaderElection (LeaderElection.java:askForVotes(321)) - 85fe1515-2b71-4688-862a-26af69046f00@group-F83CB09F0F7A-LeaderElection49 ELECTION round 0: submit vote requests at term 1 for -1: peers:[85fe1515-2b71-4688-862a-26af69046f00|rpc:10.1.0.38:15221|admin:10.1.0.38:15220|client:10.1.0.38:15219|dataStream:10.1.0.38:15222|priority:1|startupRole:FOLLOWER]|listeners:[], old=null
2023-05-23 10:27:37,340 [85fe1515-2b71-4688-862a-26af69046f00@group-F83CB09F0F7A-LeaderElection49] INFO  impl.LeaderElection (LeaderElection.java:askForVotes(323)) - 85fe1515-2b71-4688-862a-26af69046f00@group-F83CB09F0F7A-LeaderElection49 ELECTION round 0: result PASSED (term=1)
2023-05-23 10:27:37,340 [85fe1515-2b71-4688-862a-26af69046f00@group-F83CB09F0F7A-LeaderElection49] INFO  impl.RoleInfo (RoleInfo.java:shutdownLeaderElection(130)) - 85fe1515-2b71-4688-862a-26af69046f00: shutdown 85fe1515-2b71-4688-862a-26af69046f00@group-F83CB09F0F7A-LeaderElection49
2023-05-23 10:27:37,340 [85fe1515-2b71-4688-862a-26af69046f00@group-F83CB09F0F7A-LeaderElection49] INFO  server.RaftServer$Division (RaftServerImpl.java:setRole(329)) - 85fe1515-2b71-4688-862a-26af69046f00@group-F83CB09F0F7A: changes role from CANDIDATE to LEADER at term 1 for changeToLeader
2023-05-23 10:27:37,340 [85fe1515-2b71-4688-862a-26af69046f00@group-F83CB09F0F7A-LeaderElection49] INFO  ratis.XceiverServerRatis (XceiverServerRatis.java:handleLeaderChangedNotification(904)) - Leader change notification received for group: group-F83CB09F0F7A with new leaderId: 85fe1515-2b71-4688-862a-26af69046f00
2023-05-23 10:27:37,341 [85fe1515-2b71-4688-862a-26af69046f00@group-F83CB09F0F7A-LeaderElection49] INFO  server.RaftServer$Division (ServerState.java:setLeader(317)) - 85fe1515-2b71-4688-862a-26af69046f00@group-F83CB09F0F7A: change Leader from null to 85fe1515-2b71-4688-862a-26af69046f00 at term 1 for becomeLeader, leader elected after 5127ms
2023-05-23 10:27:37,341 [85fe1515-2b71-4688-862a-26af69046f00@group-F83CB09F0F7A-LeaderElection49] INFO  server.RaftServerConfigKeys (ConfUtils.java:logGet(46)) - raft.server.staging.catchup.gap = 1000 (default)
2023-05-23 10:27:37,341 [85fe1515-2b71-4688-862a-26af69046f00@group-F83CB09F0F7A-LeaderElection49] INFO  server.RaftServerConfigKeys (ConfUtils.java:logGet(46)) - raft.server.write.element-limit = 1024 (custom)
2023-05-23 10:27:37,341 [85fe1515-2b71-4688-862a-26af69046f00@group-F83CB09F0F7A-LeaderElection49] INFO  server.RaftServerConfigKeys (ConfUtils.java:logGet(46)) - raft.server.write.byte-limit = 1024 M (=1073741824) (custom)
2023-05-23 10:27:37,341 [85fe1515-2b71-4688-862a-26af69046f00@group-F83CB09F0F7A-LeaderElection49] INFO  server.RaftServerConfigKeys (ConfUtils.java:logGet(46)) - raft.server.watch.timeout = 180s (custom)
2023-05-23 10:27:37,341 [85fe1515-2b71-4688-862a-26af69046f00@group-F83CB09F0F7A-LeaderElection49] INFO  server.RaftServerConfigKeys (ConfUtils.java:logGet(46)) - raft.server.watch.timeout.denomination = 1s (default)
2023-05-23 10:27:37,341 [85fe1515-2b71-4688-862a-26af69046f00@group-F83CB09F0F7A-LeaderElection49] INFO  server.RaftServerConfigKeys (ConfUtils.java:logGet(46)) - raft.server.watch.element-limit = 65536 (default)
2023-05-23 10:27:37,341 [85fe1515-2b71-4688-862a-26af69046f00@group-F83CB09F0F7A-LeaderElection49] INFO  server.RaftServerConfigKeys (ConfUtils.java:logGet(46)) - raft.server.write.element-limit = 1024 (custom)
2023-05-23 10:27:37,341 [85fe1515-2b71-4688-862a-26af69046f00@group-F83CB09F0F7A-LeaderElection49] INFO  server.RaftServerConfigKeys (ConfUtils.java:logGet(46)) - raft.server.write.follower.gap.ratio.max = -1.0 (default)
2023-05-23 10:27:37,341 [85fe1515-2b71-4688-862a-26af69046f00@group-F83CB09F0F7A-LeaderElection49] INFO  impl.RoleInfo (RoleInfo.java:updateAndGet(139)) - 85fe1515-2b71-4688-862a-26af69046f00: start 85fe1515-2b71-4688-862a-26af69046f00@group-F83CB09F0F7A-LeaderStateImpl
2023-05-23 10:27:37,342 [85fe1515-2b71-4688-862a-26af69046f00@group-F83CB09F0F7A-LeaderElection49] INFO  segmented.SegmentedRaftLogWorker (SegmentedRaftLogWorker.java:startLogSegment(447)) - 85fe1515-2b71-4688-862a-26af69046f00@group-F83CB09F0F7A-SegmentedRaftLogWorker: Starting segment from index:0
2023-05-23 10:27:37,346 [85fe1515-2b71-4688-862a-26af69046f00@group-F83CB09F0F7A-LeaderElection49] INFO  server.RaftServer$Division (ServerState.java:setRaftConf(434)) - 85fe1515-2b71-4688-862a-26af69046f00@group-F83CB09F0F7A: set configuration 0: peers:[85fe1515-2b71-4688-862a-26af69046f00|rpc:10.1.0.38:15221|admin:10.1.0.38:15220|client:10.1.0.38:15219|dataStream:10.1.0.38:15222|priority:1|startupRole:FOLLOWER]|listeners:[], old=null
2023-05-23 10:27:37,347 [85fe1515-2b71-4688-862a-26af69046f00@group-F83CB09F0F7A-SegmentedRaftLogWorker] INFO  segmented.SegmentedRaftLogWorker (SegmentedRaftLogWorker.java:execute(651)) - 85fe1515-2b71-4688-862a-26af69046f00@group-F83CB09F0F7A-SegmentedRaftLogWorker: created new log segment /home/runner/work/ozone/ozone/hadoop-ozone/integration-test/target/test-dir/MiniOzoneClusterImpl-1448f794-6d1a-4b49-b7b3-e839f56d4fba/datanode-2/data/ratis/12c8013d-565a-432e-9b23-f83cb09f0f7a/current/log_inprogress_0
2023-05-23 10:27:37,368 [ReplicationMonitor] INFO  replication.ReplicationManager (ReplicationManager.java:processAll(375)) - Replication Manager is not ready to run until 3000ms after safemode exit
2023-05-23 10:27:37,637 [c218ba02-a349-461c-9b33-7224d749d428@group-95B4AD24C02C-FollowerState] INFO  impl.FollowerState (FollowerState.java:run(143)) - c218ba02-a349-461c-9b33-7224d749d428@group-95B4AD24C02C-FollowerState: change to CANDIDATE, lastRpcElapsedTime:5068543683ns, electionTimeout:5065ms
2023-05-23 10:27:37,637 [c218ba02-a349-461c-9b33-7224d749d428@group-95B4AD24C02C-FollowerState] INFO  impl.RoleInfo (RoleInfo.java:shutdownFollowerState(110)) - c218ba02-a349-461c-9b33-7224d749d428: shutdown c218ba02-a349-461c-9b33-7224d749d428@group-95B4AD24C02C-FollowerState
2023-05-23 10:27:37,637 [c218ba02-a349-461c-9b33-7224d749d428@group-95B4AD24C02C-FollowerState] INFO  server.RaftServer$Division (RaftServerImpl.java:setRole(329)) - c218ba02-a349-461c-9b33-7224d749d428@group-95B4AD24C02C: changes role from  FOLLOWER to CANDIDATE at term 0 for changeToCandidate
2023-05-23 10:27:37,637 [c218ba02-a349-461c-9b33-7224d749d428@group-95B4AD24C02C-FollowerState] INFO  server.RaftServerConfigKeys (ConfUtils.java:logGet(46)) - raft.server.leaderelection.pre-vote = true (default)
2023-05-23 10:27:37,637 [c218ba02-a349-461c-9b33-7224d749d428@group-95B4AD24C02C-FollowerState] INFO  impl.RoleInfo (RoleInfo.java:updateAndGet(139)) - c218ba02-a349-461c-9b33-7224d749d428: start c218ba02-a349-461c-9b33-7224d749d428@group-95B4AD24C02C-LeaderElection50
2023-05-23 10:27:37,640 [c218ba02-a349-461c-9b33-7224d749d428@group-95B4AD24C02C-LeaderElection50] INFO  impl.LeaderElection (LeaderElection.java:askForVotes(321)) - c218ba02-a349-461c-9b33-7224d749d428@group-95B4AD24C02C-LeaderElection50 PRE_VOTE round 0: submit vote requests at term 0 for -1: peers:[c218ba02-a349-461c-9b33-7224d749d428|rpc:10.1.0.38:15229|admin:10.1.0.38:15228|client:10.1.0.38:15227|dataStream:10.1.0.38:15230|priority:1|startupRole:FOLLOWER]|listeners:[], old=null
2023-05-23 10:27:37,640 [c218ba02-a349-461c-9b33-7224d749d428@group-95B4AD24C02C-LeaderElection50] INFO  impl.LeaderElection (LeaderElection.java:askForVotes(323)) - c218ba02-a349-461c-9b33-7224d749d428@group-95B4AD24C02C-LeaderElection50 PRE_VOTE round 0: result PASSED (term=0)
2023-05-23 10:27:37,641 [c218ba02-a349-461c-9b33-7224d749d428@group-95B4AD24C02C-LeaderElection50] INFO  impl.LeaderElection (LeaderElection.java:askForVotes(321)) - c218ba02-a349-461c-9b33-7224d749d428@group-95B4AD24C02C-LeaderElection50 ELECTION round 0: submit vote requests at term 1 for -1: peers:[c218ba02-a349-461c-9b33-7224d749d428|rpc:10.1.0.38:15229|admin:10.1.0.38:15228|client:10.1.0.38:15227|dataStream:10.1.0.38:15230|priority:1|startupRole:FOLLOWER]|listeners:[], old=null
2023-05-23 10:27:37,641 [c218ba02-a349-461c-9b33-7224d749d428@group-95B4AD24C02C-LeaderElection50] INFO  impl.LeaderElection (LeaderElection.java:askForVotes(323)) - c218ba02-a349-461c-9b33-7224d749d428@group-95B4AD24C02C-LeaderElection50 ELECTION round 0: result PASSED (term=1)
2023-05-23 10:27:37,641 [c218ba02-a349-461c-9b33-7224d749d428@group-95B4AD24C02C-LeaderElection50] INFO  impl.RoleInfo (RoleInfo.java:shutdownLeaderElection(130)) - c218ba02-a349-461c-9b33-7224d749d428: shutdown c218ba02-a349-461c-9b33-7224d749d428@group-95B4AD24C02C-LeaderElection50
2023-05-23 10:27:37,642 [c218ba02-a349-461c-9b33-7224d749d428@group-95B4AD24C02C-LeaderElection50] INFO  server.RaftServer$Division (RaftServerImpl.java:setRole(329)) - c218ba02-a349-461c-9b33-7224d749d428@group-95B4AD24C02C: changes role from CANDIDATE to LEADER at term 1 for changeToLeader
2023-05-23 10:27:37,642 [c218ba02-a349-461c-9b33-7224d749d428@group-95B4AD24C02C-LeaderElection50] INFO  ratis.XceiverServerRatis (XceiverServerRatis.java:handleLeaderChangedNotification(904)) - Leader change notification received for group: group-95B4AD24C02C with new leaderId: c218ba02-a349-461c-9b33-7224d749d428
2023-05-23 10:27:37,642 [c218ba02-a349-461c-9b33-7224d749d428@group-95B4AD24C02C-LeaderElection50] INFO  server.RaftServer$Division (ServerState.java:setLeader(317)) - c218ba02-a349-461c-9b33-7224d749d428@group-95B4AD24C02C: change Leader from null to c218ba02-a349-461c-9b33-7224d749d428 at term 1 for becomeLeader, leader elected after 5091ms
2023-05-23 10:27:37,642 [c218ba02-a349-461c-9b33-7224d749d428@group-95B4AD24C02C-LeaderElection50] INFO  server.RaftServerConfigKeys (ConfUtils.java:logGet(46)) - raft.server.staging.catchup.gap = 1000 (default)
2023-05-23 10:27:37,642 [c218ba02-a349-461c-9b33-7224d749d428@group-95B4AD24C02C-LeaderElection50] INFO  server.RaftServerConfigKeys (ConfUtils.java:logGet(46)) - raft.server.write.element-limit = 1024 (custom)
2023-05-23 10:27:37,642 [c218ba02-a349-461c-9b33-7224d749d428@group-95B4AD24C02C-LeaderElection50] INFO  server.RaftServerConfigKeys (ConfUtils.java:logGet(46)) - raft.server.write.byte-limit = 1024 M (=1073741824) (custom)
2023-05-23 10:27:37,642 [c218ba02-a349-461c-9b33-7224d749d428@group-95B4AD24C02C-LeaderElection50] INFO  server.RaftServerConfigKeys (ConfUtils.java:logGet(46)) - raft.server.watch.timeout = 180s (custom)
2023-05-23 10:27:37,642 [c218ba02-a349-461c-9b33-7224d749d428@group-95B4AD24C02C-LeaderElection50] INFO  server.RaftServerConfigKeys (ConfUtils.java:logGet(46)) - raft.server.watch.timeout.denomination = 1s (default)
2023-05-23 10:27:37,642 [c218ba02-a349-461c-9b33-7224d749d428@group-95B4AD24C02C-LeaderElection50] INFO  server.RaftServerConfigKeys (ConfUtils.java:logGet(46)) - raft.server.watch.element-limit = 65536 (default)
2023-05-23 10:27:37,642 [c218ba02-a349-461c-9b33-7224d749d428@group-95B4AD24C02C-LeaderElection50] INFO  server.RaftServerConfigKeys (ConfUtils.java:logGet(46)) - raft.server.write.element-limit = 1024 (custom)
2023-05-23 10:27:37,643 [c218ba02-a349-461c-9b33-7224d749d428@group-95B4AD24C02C-LeaderElection50] INFO  server.RaftServerConfigKeys (ConfUtils.java:logGet(46)) - raft.server.write.follower.gap.ratio.max = -1.0 (default)
2023-05-23 10:27:37,643 [c218ba02-a349-461c-9b33-7224d749d428@group-95B4AD24C02C-LeaderElection50] INFO  impl.RoleInfo (RoleInfo.java:updateAndGet(139)) - c218ba02-a349-461c-9b33-7224d749d428: start c218ba02-a349-461c-9b33-7224d749d428@group-95B4AD24C02C-LeaderStateImpl
2023-05-23 10:27:37,643 [c218ba02-a349-461c-9b33-7224d749d428@group-95B4AD24C02C-LeaderElection50] INFO  segmented.SegmentedRaftLogWorker (SegmentedRaftLogWorker.java:startLogSegment(447)) - c218ba02-a349-461c-9b33-7224d749d428@group-95B4AD24C02C-SegmentedRaftLogWorker: Starting segment from index:0
2023-05-23 10:27:37,645 [c218ba02-a349-461c-9b33-7224d749d428@group-95B4AD24C02C-LeaderElection50] INFO  server.RaftServer$Division (ServerState.java:setRaftConf(434)) - c218ba02-a349-461c-9b33-7224d749d428@group-95B4AD24C02C: set configuration 0: peers:[c218ba02-a349-461c-9b33-7224d749d428|rpc:10.1.0.38:15229|admin:10.1.0.38:15228|client:10.1.0.38:15227|dataStream:10.1.0.38:15230|priority:1|startupRole:FOLLOWER]|listeners:[], old=null
2023-05-23 10:27:37,648 [c218ba02-a349-461c-9b33-7224d749d428@group-95B4AD24C02C-SegmentedRaftLogWorker] INFO  segmented.SegmentedRaftLogWorker (SegmentedRaftLogWorker.java:execute(651)) - c218ba02-a349-461c-9b33-7224d749d428@group-95B4AD24C02C-SegmentedRaftLogWorker: created new log segment /home/runner/work/ozone/ozone/hadoop-ozone/integration-test/target/test-dir/MiniOzoneClusterImpl-1448f794-6d1a-4b49-b7b3-e839f56d4fba/datanode-3/data/ratis/b50137f5-ee47-49a1-899a-95b4ad24c02c/current/log_inprogress_0
2023-05-23 10:27:37,866 [Listener at 127.0.0.1/15196] INFO  ozone.MiniOzoneClusterImpl (MiniOzoneClusterImpl.java:lambda$waitForClusterToBeReady$0(222)) - Nodes are ready. Got 5 of 5 DN Heartbeats.
2023-05-23 10:27:37,867 [Listener at 127.0.0.1/15196] INFO  ozone.MiniOzoneClusterImpl (MiniOzoneClusterImpl.java:lambda$waitForClusterToBeReady$0(225)) - Cluster exits safe mode
2023-05-23 10:27:37,867 [Listener at 127.0.0.1/15196] INFO  ozone.MiniOzoneClusterImpl (MiniOzoneClusterImpl.java:lambda$waitForClusterToBeReady$0(227)) - SCM became leader
2023-05-23 10:27:37,878 [Listener at 127.0.0.1/15196] INFO  rpc.RpcClient (RpcClient.java:createVolume(455)) - Creating Volume: vol1, with runner as owner and space quota set to -1 bytes, counts quota set to -1
2023-05-23 10:27:37,888 [OM StateMachine ApplyTransaction Thread - 0] INFO  volume.OMVolumeCreateRequest (OMVolumeCreateRequest.java:validateAndUpdateCache(196)) - created volume:vol1 for user:runner
2023-05-23 10:27:37,899 [Listener at 127.0.0.1/15196] INFO  rpc.RpcClient (RpcClient.java:createBucket(677)) - Creating Bucket: vol1/bucket1, with server-side default bucket layout, runner as owner, Versioning false, Storage Type set to DISK and Encryption set to false, Replication Type set to server-side default replication type, Namespace Quota set to -1, Space Quota set to -1 
2023-05-23 10:27:37,904 [OM StateMachine ApplyTransaction Thread - 0] INFO  bucket.OMBucketCreateRequest (OMBucketCreateRequest.java:validateAndUpdateCache(270)) - created bucket: bucket1 of layout FILE_SYSTEM_OPTIMIZED in volume: vol1
2023-05-23 10:27:37,924 [IPC Server handler 4 on default port 15193] INFO  ha.SequenceIdGenerator (SequenceIdGenerator.java:getNextId(128)) - Allocate a batch for containerId, change lastId from 0 to 1000.
2023-05-23 10:27:37,924 [IPC Server handler 4 on default port 15193] WARN  ha.SequenceIdGenerator (SequenceIdGenerator.java:allocateBatch(237)) - Failed to allocate a batch for localId, expected lastId is 0, actual lastId is 111677748019200000.
2023-05-23 10:27:37,924 [IPC Server handler 4 on default port 15193] INFO  ha.SequenceIdGenerator (SequenceIdGenerator.java:getNextId(128)) - Allocate a batch for localId, change lastId from 111677748019200000 to 111677748019201000.
2023-05-23 10:27:38,021 [e2ddfef6-1e3c-4407-91fd-4f310f7b7654@group-9BA6FC6B829D-FollowerState] INFO  impl.FollowerState (FollowerState.java:run(143)) - e2ddfef6-1e3c-4407-91fd-4f310f7b7654@group-9BA6FC6B829D-FollowerState: change to CANDIDATE, lastRpcElapsedTime:5135328823ns, electionTimeout:5131ms
2023-05-23 10:27:38,021 [e2ddfef6-1e3c-4407-91fd-4f310f7b7654@group-9BA6FC6B829D-FollowerState] INFO  impl.RoleInfo (RoleInfo.java:shutdownFollowerState(110)) - e2ddfef6-1e3c-4407-91fd-4f310f7b7654: shutdown e2ddfef6-1e3c-4407-91fd-4f310f7b7654@group-9BA6FC6B829D-FollowerState
2023-05-23 10:27:38,021 [e2ddfef6-1e3c-4407-91fd-4f310f7b7654@group-9BA6FC6B829D-FollowerState] INFO  server.RaftServer$Division (RaftServerImpl.java:setRole(329)) - e2ddfef6-1e3c-4407-91fd-4f310f7b7654@group-9BA6FC6B829D: changes role from  FOLLOWER to CANDIDATE at term 0 for changeToCandidate
2023-05-23 10:27:38,021 [e2ddfef6-1e3c-4407-91fd-4f310f7b7654@group-9BA6FC6B829D-FollowerState] INFO  server.RaftServerConfigKeys (ConfUtils.java:logGet(46)) - raft.server.leaderelection.pre-vote = true (default)
2023-05-23 10:27:38,021 [e2ddfef6-1e3c-4407-91fd-4f310f7b7654@group-9BA6FC6B829D-FollowerState] INFO  impl.RoleInfo (RoleInfo.java:updateAndGet(139)) - e2ddfef6-1e3c-4407-91fd-4f310f7b7654: start e2ddfef6-1e3c-4407-91fd-4f310f7b7654@group-9BA6FC6B829D-LeaderElection51
2023-05-23 10:27:38,024 [e2ddfef6-1e3c-4407-91fd-4f310f7b7654@group-9BA6FC6B829D-LeaderElection51] INFO  impl.LeaderElection (LeaderElection.java:askForVotes(321)) - e2ddfef6-1e3c-4407-91fd-4f310f7b7654@group-9BA6FC6B829D-LeaderElection51 PRE_VOTE round 0: submit vote requests at term 0 for -1: peers:[e2ddfef6-1e3c-4407-91fd-4f310f7b7654|rpc:10.1.0.38:15237|admin:10.1.0.38:15236|client:10.1.0.38:15235|dataStream:10.1.0.38:15238|priority:1|startupRole:FOLLOWER]|listeners:[], old=null
2023-05-23 10:27:38,024 [e2ddfef6-1e3c-4407-91fd-4f310f7b7654@group-9BA6FC6B829D-LeaderElection51] INFO  impl.LeaderElection (LeaderElection.java:askForVotes(323)) - e2ddfef6-1e3c-4407-91fd-4f310f7b7654@group-9BA6FC6B829D-LeaderElection51 PRE_VOTE round 0: result PASSED (term=0)
2023-05-23 10:27:38,027 [e2ddfef6-1e3c-4407-91fd-4f310f7b7654@group-9BA6FC6B829D-LeaderElection51] INFO  impl.LeaderElection (LeaderElection.java:askForVotes(321)) - e2ddfef6-1e3c-4407-91fd-4f310f7b7654@group-9BA6FC6B829D-LeaderElection51 ELECTION round 0: submit vote requests at term 1 for -1: peers:[e2ddfef6-1e3c-4407-91fd-4f310f7b7654|rpc:10.1.0.38:15237|admin:10.1.0.38:15236|client:10.1.0.38:15235|dataStream:10.1.0.38:15238|priority:1|startupRole:FOLLOWER]|listeners:[], old=null
2023-05-23 10:27:38,027 [e2ddfef6-1e3c-4407-91fd-4f310f7b7654@group-9BA6FC6B829D-LeaderElection51] INFO  impl.LeaderElection (LeaderElection.java:askForVotes(323)) - e2ddfef6-1e3c-4407-91fd-4f310f7b7654@group-9BA6FC6B829D-LeaderElection51 ELECTION round 0: result PASSED (term=1)
2023-05-23 10:27:38,028 [e2ddfef6-1e3c-4407-91fd-4f310f7b7654@group-9BA6FC6B829D-LeaderElection51] INFO  impl.RoleInfo (RoleInfo.java:shutdownLeaderElection(130)) - e2ddfef6-1e3c-4407-91fd-4f310f7b7654: shutdown e2ddfef6-1e3c-4407-91fd-4f310f7b7654@group-9BA6FC6B829D-LeaderElection51
2023-05-23 10:27:38,028 [e2ddfef6-1e3c-4407-91fd-4f310f7b7654@group-9BA6FC6B829D-LeaderElection51] INFO  server.RaftServer$Division (RaftServerImpl.java:setRole(329)) - e2ddfef6-1e3c-4407-91fd-4f310f7b7654@group-9BA6FC6B829D: changes role from CANDIDATE to LEADER at term 1 for changeToLeader
2023-05-23 10:27:38,028 [e2ddfef6-1e3c-4407-91fd-4f310f7b7654@group-9BA6FC6B829D-LeaderElection51] INFO  ratis.XceiverServerRatis (XceiverServerRatis.java:handleLeaderChangedNotification(904)) - Leader change notification received for group: group-9BA6FC6B829D with new leaderId: e2ddfef6-1e3c-4407-91fd-4f310f7b7654
2023-05-23 10:27:38,032 [e2ddfef6-1e3c-4407-91fd-4f310f7b7654@group-9BA6FC6B829D-LeaderElection51] INFO  server.RaftServer$Division (ServerState.java:setLeader(317)) - e2ddfef6-1e3c-4407-91fd-4f310f7b7654@group-9BA6FC6B829D: change Leader from null to e2ddfef6-1e3c-4407-91fd-4f310f7b7654 at term 1 for becomeLeader, leader elected after 5159ms
2023-05-23 10:27:38,032 [e2ddfef6-1e3c-4407-91fd-4f310f7b7654@group-9BA6FC6B829D-LeaderElection51] INFO  server.RaftServerConfigKeys (ConfUtils.java:logGet(46)) - raft.server.staging.catchup.gap = 1000 (default)
2023-05-23 10:27:38,037 [e2ddfef6-1e3c-4407-91fd-4f310f7b7654@group-9BA6FC6B829D-LeaderElection51] INFO  server.RaftServerConfigKeys (ConfUtils.java:logGet(46)) - raft.server.write.element-limit = 1024 (custom)
2023-05-23 10:27:38,037 [e2ddfef6-1e3c-4407-91fd-4f310f7b7654@group-9BA6FC6B829D-LeaderElection51] INFO  server.RaftServerConfigKeys (ConfUtils.java:logGet(46)) - raft.server.write.byte-limit = 1024 M (=1073741824) (custom)
2023-05-23 10:27:38,037 [e2ddfef6-1e3c-4407-91fd-4f310f7b7654@group-9BA6FC6B829D-LeaderElection51] INFO  server.RaftServerConfigKeys (ConfUtils.java:logGet(46)) - raft.server.watch.timeout = 180s (custom)
2023-05-23 10:27:38,037 [e2ddfef6-1e3c-4407-91fd-4f310f7b7654@group-9BA6FC6B829D-LeaderElection51] INFO  server.RaftServerConfigKeys (ConfUtils.java:logGet(46)) - raft.server.watch.timeout.denomination = 1s (default)
2023-05-23 10:27:38,037 [e2ddfef6-1e3c-4407-91fd-4f310f7b7654@group-9BA6FC6B829D-LeaderElection51] INFO  server.RaftServerConfigKeys (ConfUtils.java:logGet(46)) - raft.server.watch.element-limit = 65536 (default)
2023-05-23 10:27:38,037 [e2ddfef6-1e3c-4407-91fd-4f310f7b7654@group-9BA6FC6B829D-LeaderElection51] INFO  server.RaftServerConfigKeys (ConfUtils.java:logGet(46)) - raft.server.write.element-limit = 1024 (custom)
2023-05-23 10:27:38,037 [e2ddfef6-1e3c-4407-91fd-4f310f7b7654@group-9BA6FC6B829D-LeaderElection51] INFO  server.RaftServerConfigKeys (ConfUtils.java:logGet(46)) - raft.server.write.follower.gap.ratio.max = -1.0 (default)
2023-05-23 10:27:38,037 [e2ddfef6-1e3c-4407-91fd-4f310f7b7654@group-9BA6FC6B829D-LeaderElection51] INFO  impl.RoleInfo (RoleInfo.java:updateAndGet(139)) - e2ddfef6-1e3c-4407-91fd-4f310f7b7654: start e2ddfef6-1e3c-4407-91fd-4f310f7b7654@group-9BA6FC6B829D-LeaderStateImpl
2023-05-23 10:27:38,038 [e2ddfef6-1e3c-4407-91fd-4f310f7b7654@group-9BA6FC6B829D-LeaderElection51] INFO  segmented.SegmentedRaftLogWorker (SegmentedRaftLogWorker.java:startLogSegment(447)) - e2ddfef6-1e3c-4407-91fd-4f310f7b7654@group-9BA6FC6B829D-SegmentedRaftLogWorker: Starting segment from index:0
2023-05-23 10:27:38,045 [e2ddfef6-1e3c-4407-91fd-4f310f7b7654@group-9BA6FC6B829D-LeaderElection51] INFO  server.RaftServer$Division (ServerState.java:setRaftConf(434)) - e2ddfef6-1e3c-4407-91fd-4f310f7b7654@group-9BA6FC6B829D: set configuration 0: peers:[e2ddfef6-1e3c-4407-91fd-4f310f7b7654|rpc:10.1.0.38:15237|admin:10.1.0.38:15236|client:10.1.0.38:15235|dataStream:10.1.0.38:15238|priority:1|startupRole:FOLLOWER]|listeners:[], old=null
2023-05-23 10:27:38,045 [e2ddfef6-1e3c-4407-91fd-4f310f7b7654@group-9BA6FC6B829D-SegmentedRaftLogWorker] INFO  segmented.SegmentedRaftLogWorker (SegmentedRaftLogWorker.java:execute(651)) - e2ddfef6-1e3c-4407-91fd-4f310f7b7654@group-9BA6FC6B829D-SegmentedRaftLogWorker: created new log segment /home/runner/work/ozone/ozone/hadoop-ozone/integration-test/target/test-dir/MiniOzoneClusterImpl-1448f794-6d1a-4b49-b7b3-e839f56d4fba/datanode-4/data/ratis/55498606-a808-4a19-8697-9ba6fc6b829d/current/log_inprogress_0
2023-05-23 10:27:38,051 [EventQueue-CloseContainerForCloseContainerEventHandler] INFO  container.CloseContainerEventHandler (CloseContainerEventHandler.java:onMessage(89)) - Close container Event triggered for container : #1, current state: OPEN
2023-05-23 10:27:38,051 [EventQueue-CloseContainerForCloseContainerEventHandler] INFO  container.CloseContainerEventHandler (CloseContainerEventHandler.java:onMessage(89)) - Close container Event triggered for container : #1, current state: CLOSING
2023-05-23 10:27:38,052 [EventQueue-CloseContainerForCloseContainerEventHandler] INFO  container.CloseContainerEventHandler (CloseContainerEventHandler.java:onMessage(89)) - Close container Event triggered for container : #1, current state: CLOSING
2023-05-23 10:27:38,368 [ReplicationMonitor] INFO  replication.ReplicationManager (ReplicationManager.java:processAll(375)) - Replication Manager is not ready to run until 3000ms after safemode exit
2023-05-23 10:27:39,368 [ReplicationMonitor] INFO  replication.ReplicationManager (ReplicationManager.java:processAll(375)) - Replication Manager is not ready to run until 3000ms after safemode exit
2023-05-23 10:27:40,369 [ReplicationMonitor] INFO  replication.ReplicationManager (ReplicationManager.java:sendDatanodeCommand(684)) - Sending command [closeContainerCommand: containerID: 1, pipelineID: PipelineID=b47636c3-2d9f-4218-b1b8-7fdc898a2b18, force: false] for container ContainerInfo{id=#1, state=CLOSING, pipelineID=PipelineID=b47636c3-2d9f-4218-b1b8-7fdc898a2b18, stateEnterTime=2023-05-23T10:27:37.924Z, owner=om1} to fad86c32-67f1-4b6d-b48a-d8941e8b4fba(fv-az1249-304/10.1.0.38) with datanode deadline 1684838230369 and scm deadline 1684838260369
2023-05-23 10:27:40,369 [ReplicationMonitor] INFO  replication.ReplicationManager (ReplicationManager.java:sendDatanodeCommand(684)) - Sending command [closeContainerCommand: containerID: 1, pipelineID: PipelineID=b47636c3-2d9f-4218-b1b8-7fdc898a2b18, force: false] for container ContainerInfo{id=#1, state=CLOSING, pipelineID=PipelineID=b47636c3-2d9f-4218-b1b8-7fdc898a2b18, stateEnterTime=2023-05-23T10:27:37.924Z, owner=om1} to 8252e408-c982-4bc9-a7b5-c82dcdf99b6f(fv-az1249-304/10.1.0.38) with datanode deadline 1684838230369 and scm deadline 1684838260369
2023-05-23 10:27:40,369 [ReplicationMonitor] INFO  replication.ReplicationManager (ReplicationManager.java:sendDatanodeCommand(684)) - Sending command [closeContainerCommand: containerID: 1, pipelineID: PipelineID=b47636c3-2d9f-4218-b1b8-7fdc898a2b18, force: false] for container ContainerInfo{id=#1, state=CLOSING, pipelineID=PipelineID=b47636c3-2d9f-4218-b1b8-7fdc898a2b18, stateEnterTime=2023-05-23T10:27:37.924Z, owner=om1} to 85fe1515-2b71-4688-862a-26af69046f00(fv-az1249-304/10.1.0.38) with datanode deadline 1684838230369 and scm deadline 1684838260369
2023-05-23 10:27:40,369 [ReplicationMonitor] INFO  replication.ReplicationManager (ReplicationManager.java:processAll(403)) - Replication Monitor Thread took 0 milliseconds for processing 1 containers.
2023-05-23 10:27:41,370 [ReplicationMonitor] INFO  replication.ReplicationManager (ReplicationManager.java:sendDatanodeCommand(684)) - Sending command [closeContainerCommand: containerID: 1, pipelineID: PipelineID=b47636c3-2d9f-4218-b1b8-7fdc898a2b18, force: false] for container ContainerInfo{id=#1, state=CLOSING, pipelineID=PipelineID=b47636c3-2d9f-4218-b1b8-7fdc898a2b18, stateEnterTime=2023-05-23T10:27:37.924Z, owner=om1} to fad86c32-67f1-4b6d-b48a-d8941e8b4fba(fv-az1249-304/10.1.0.38) with datanode deadline 1684838231370 and scm deadline 1684838261370
2023-05-23 10:27:41,370 [ReplicationMonitor] INFO  replication.ReplicationManager (ReplicationManager.java:sendDatanodeCommand(684)) - Sending command [closeContainerCommand: containerID: 1, pipelineID: PipelineID=b47636c3-2d9f-4218-b1b8-7fdc898a2b18, force: false] for container ContainerInfo{id=#1, state=CLOSING, pipelineID=PipelineID=b47636c3-2d9f-4218-b1b8-7fdc898a2b18, stateEnterTime=2023-05-23T10:27:37.924Z, owner=om1} to 8252e408-c982-4bc9-a7b5-c82dcdf99b6f(fv-az1249-304/10.1.0.38) with datanode deadline 1684838231370 and scm deadline 1684838261370
2023-05-23 10:27:41,370 [ReplicationMonitor] INFO  replication.ReplicationManager (ReplicationManager.java:sendDatanodeCommand(684)) - Sending command [closeContainerCommand: containerID: 1, pipelineID: PipelineID=b47636c3-2d9f-4218-b1b8-7fdc898a2b18, force: false] for container ContainerInfo{id=#1, state=CLOSING, pipelineID=PipelineID=b47636c3-2d9f-4218-b1b8-7fdc898a2b18, stateEnterTime=2023-05-23T10:27:37.924Z, owner=om1} to 85fe1515-2b71-4688-862a-26af69046f00(fv-az1249-304/10.1.0.38) with datanode deadline 1684838231370 and scm deadline 1684838261370
2023-05-23 10:27:41,370 [ReplicationMonitor] INFO  replication.ReplicationManager (ReplicationManager.java:processAll(403)) - Replication Monitor Thread took 1 milliseconds for processing 1 containers.
2023-05-23 10:27:41,977 [ContainerOp-b47636c3-2d9f-4218-b1b8-7fdc898a2b18-2] INFO  keyvalue.KeyValueContainer (KeyValueContainer.java:flushAndSyncDB(446)) - Container 1 is synced with bcsId 2.
2023-05-23 10:27:41,977 [ContainerOp-b47636c3-2d9f-4218-b1b8-7fdc898a2b18-2] INFO  keyvalue.KeyValueContainer (KeyValueContainer.java:flushAndSyncDB(446)) - Container 1 is synced with bcsId 2.
2023-05-23 10:27:41,979 [ContainerOp-b47636c3-2d9f-4218-b1b8-7fdc898a2b18-2] INFO  keyvalue.KeyValueContainer (KeyValueContainer.java:close(361)) - Container 1 is closed with bcsId 2.
2023-05-23 10:27:41,987 [FixedThreadPoolWithAffinityExecutor-0-0] INFO  container.IncrementalContainerReportHandler (AbstractContainerReportHandler.java:updateContainerState(310)) - Moving container #1 to CLOSED state, datanode 85fe1515-2b71-4688-862a-26af69046f00(fv-az1249-304/10.1.0.38) reported CLOSED replica with index 0.
2023-05-23 10:27:41,989 [ContainerOp-b47636c3-2d9f-4218-b1b8-7fdc898a2b18-2] INFO  keyvalue.KeyValueContainer (KeyValueContainer.java:flushAndSyncDB(446)) - Container 1 is synced with bcsId 2.
2023-05-23 10:27:41,990 [ContainerOp-b47636c3-2d9f-4218-b1b8-7fdc898a2b18-2] INFO  keyvalue.KeyValueContainer (KeyValueContainer.java:flushAndSyncDB(446)) - Container 1 is synced with bcsId 2.
2023-05-23 10:27:41,999 [ContainerOp-b47636c3-2d9f-4218-b1b8-7fdc898a2b18-2] INFO  keyvalue.KeyValueContainer (KeyValueContainer.java:close(361)) - Container 1 is closed with bcsId 2.
2023-05-23 10:27:42,000 [ContainerOp-b47636c3-2d9f-4218-b1b8-7fdc898a2b18-2] INFO  keyvalue.KeyValueContainer (KeyValueContainer.java:flushAndSyncDB(446)) - Container 1 is synced with bcsId 2.
2023-05-23 10:27:42,001 [ContainerOp-b47636c3-2d9f-4218-b1b8-7fdc898a2b18-2] INFO  keyvalue.KeyValueContainer (KeyValueContainer.java:flushAndSyncDB(446)) - Container 1 is synced with bcsId 2.
2023-05-23 10:27:42,003 [ContainerOp-b47636c3-2d9f-4218-b1b8-7fdc898a2b18-2] INFO  keyvalue.KeyValueContainer (KeyValueContainer.java:close(361)) - Container 1 is closed with bcsId 2.
2023-05-23 10:27:42,053 [Listener at 127.0.0.1/15196] INFO  ozoneimpl.OzoneContainer (OzoneContainer.java:stop(419)) - Attempting to stop container services.
2023-05-23 10:27:42,054 [Listener at 127.0.0.1/15196] INFO  server.RaftServer (RaftServerProxy.java:lambda$close$6(416)) - 8252e408-c982-4bc9-a7b5-c82dcdf99b6f: close
2023-05-23 10:27:42,054 [8252e408-c982-4bc9-a7b5-c82dcdf99b6f-impl-thread1] INFO  server.RaftServer$Division (RaftServerImpl.java:lambda$close$4(466)) - 8252e408-c982-4bc9-a7b5-c82dcdf99b6f@group-F6F833690CA0: shutdown
2023-05-23 10:27:42,054 [8252e408-c982-4bc9-a7b5-c82dcdf99b6f-impl-thread1] INFO  util.JmxRegister (JmxRegister.java:unregister(73)) - Successfully un-registered JMX Bean with object name Ratis:service=RaftServer,group=group-F6F833690CA0,id=8252e408-c982-4bc9-a7b5-c82dcdf99b6f
2023-05-23 10:27:42,054 [8252e408-c982-4bc9-a7b5-c82dcdf99b6f-impl-thread1] INFO  impl.RoleInfo (RoleInfo.java:shutdownFollowerState(110)) - 8252e408-c982-4bc9-a7b5-c82dcdf99b6f: shutdown 8252e408-c982-4bc9-a7b5-c82dcdf99b6f@group-F6F833690CA0-FollowerState
2023-05-23 10:27:42,054 [8252e408-c982-4bc9-a7b5-c82dcdf99b6f-impl-thread1] INFO  impl.StateMachineUpdater (StateMachineUpdater.java:stopAndJoin(155)) - 8252e408-c982-4bc9-a7b5-c82dcdf99b6f@group-F6F833690CA0-StateMachineUpdater: set stopIndex = 0
2023-05-23 10:27:42,054 [8252e408-c982-4bc9-a7b5-c82dcdf99b6f@group-F6F833690CA0-FollowerState] INFO  impl.FollowerState (FollowerState.java:run(152)) - 8252e408-c982-4bc9-a7b5-c82dcdf99b6f@group-F6F833690CA0-FollowerState was interrupted
2023-05-23 10:27:42,054 [8252e408-c982-4bc9-a7b5-c82dcdf99b6f@group-F6F833690CA0-StateMachineUpdater] INFO  ratis.ContainerStateMachine (ContainerStateMachine.java:takeSnapshot(330)) - group-F6F833690CA0: Taking a snapshot at:(t:1, i:0) file /home/runner/work/ozone/ozone/hadoop-ozone/integration-test/target/test-dir/MiniOzoneClusterImpl-1448f794-6d1a-4b49-b7b3-e839f56d4fba/datanode-1/data/ratis/6c514fb2-bffb-4707-8a6d-f6f833690ca0/sm/snapshot.1_0
2023-05-23 10:27:42,054 [8252e408-c982-4bc9-a7b5-c82dcdf99b6f-impl-thread2] INFO  server.RaftServer$Division (RaftServerImpl.java:lambda$close$4(466)) - 8252e408-c982-4bc9-a7b5-c82dcdf99b6f@group-6E7B3E935167: shutdown
2023-05-23 10:27:42,054 [8252e408-c982-4bc9-a7b5-c82dcdf99b6f-impl-thread2] INFO  util.JmxRegister (JmxRegister.java:unregister(73)) - Successfully un-registered JMX Bean with object name Ratis:service=RaftServer,group=group-6E7B3E935167,id=8252e408-c982-4bc9-a7b5-c82dcdf99b6f
2023-05-23 10:27:42,054 [8252e408-c982-4bc9-a7b5-c82dcdf99b6f-impl-thread2] INFO  impl.RoleInfo (RoleInfo.java:shutdownLeaderState(93)) - 8252e408-c982-4bc9-a7b5-c82dcdf99b6f: shutdown 8252e408-c982-4bc9-a7b5-c82dcdf99b6f@group-6E7B3E935167-LeaderStateImpl
2023-05-23 10:27:42,055 [Listener at 127.0.0.1/15196] INFO  server.GrpcService (GrpcService.java:closeImpl(311)) - 8252e408-c982-4bc9-a7b5-c82dcdf99b6f: shutdown server org.apache.ratis.grpc.server.GrpcClientProtocolService now
2023-05-23 10:27:42,056 [8252e408-c982-4bc9-a7b5-c82dcdf99b6f@group-F6F833690CA0-StateMachineUpdater] INFO  ratis.ContainerStateMachine (ContainerStateMachine.java:takeSnapshot(341)) - group-F6F833690CA0: Finished taking a snapshot at:(t:1, i:0) file:/home/runner/work/ozone/ozone/hadoop-ozone/integration-test/target/test-dir/MiniOzoneClusterImpl-1448f794-6d1a-4b49-b7b3-e839f56d4fba/datanode-1/data/ratis/6c514fb2-bffb-4707-8a6d-f6f833690ca0/sm/snapshot.1_0 took: 2 ms
2023-05-23 10:27:42,057 [8252e408-c982-4bc9-a7b5-c82dcdf99b6f@group-F6F833690CA0-StateMachineUpdater] INFO  impl.StateMachineUpdater (StateMachineUpdater.java:takeSnapshot(291)) - 8252e408-c982-4bc9-a7b5-c82dcdf99b6f@group-F6F833690CA0-StateMachineUpdater: Took a snapshot at index 0
2023-05-23 10:27:42,057 [8252e408-c982-4bc9-a7b5-c82dcdf99b6f@group-F6F833690CA0-StateMachineUpdater] INFO  impl.StateMachineUpdater (StateMachineUpdater.java:lambda$new$0(97)) - 8252e408-c982-4bc9-a7b5-c82dcdf99b6f@group-F6F833690CA0-StateMachineUpdater: snapshotIndex: updateIncreasingly -1 -> 0
2023-05-23 10:27:42,057 [8252e408-c982-4bc9-a7b5-c82dcdf99b6f-impl-thread1] INFO  server.RaftServer$Division (ServerState.java:close(472)) - 8252e408-c982-4bc9-a7b5-c82dcdf99b6f@group-F6F833690CA0: closes. applyIndex: 0
2023-05-23 10:27:42,057 [8252e408-c982-4bc9-a7b5-c82dcdf99b6f-impl-thread2] INFO  impl.PendingRequests (PendingRequests.java:sendNotLeaderResponses(289)) - 8252e408-c982-4bc9-a7b5-c82dcdf99b6f@group-6E7B3E935167-PendingRequests: sendNotLeaderResponses
2023-05-23 10:27:42,057 [8252e408-c982-4bc9-a7b5-c82dcdf99b6f-impl-thread3] INFO  server.RaftServer$Division (RaftServerImpl.java:lambda$close$4(466)) - 8252e408-c982-4bc9-a7b5-c82dcdf99b6f@group-7FDC898A2B18: shutdown
2023-05-23 10:27:42,057 [8252e408-c982-4bc9-a7b5-c82dcdf99b6f-impl-thread3] INFO  util.JmxRegister (JmxRegister.java:unregister(73)) - Successfully un-registered JMX Bean with object name Ratis:service=RaftServer,group=group-7FDC898A2B18,id=8252e408-c982-4bc9-a7b5-c82dcdf99b6f
2023-05-23 10:27:42,057 [8252e408-c982-4bc9-a7b5-c82dcdf99b6f-impl-thread3] INFO  impl.RoleInfo (RoleInfo.java:shutdownFollowerState(110)) - 8252e408-c982-4bc9-a7b5-c82dcdf99b6f: shutdown 8252e408-c982-4bc9-a7b5-c82dcdf99b6f@group-7FDC898A2B18-FollowerState
2023-05-23 10:27:42,060 [8252e408-c982-4bc9-a7b5-c82dcdf99b6f@group-6E7B3E935167-StateMachineUpdater] INFO  ratis.ContainerStateMachine (ContainerStateMachine.java:takeSnapshot(330)) - group-6E7B3E935167: Taking a snapshot at:(t:1, i:0) file /home/runner/work/ozone/ozone/hadoop-ozone/integration-test/target/test-dir/MiniOzoneClusterImpl-1448f794-6d1a-4b49-b7b3-e839f56d4fba/datanode-1/data/ratis/c069f734-edbe-487e-8bb1-6e7b3e935167/sm/snapshot.1_0
2023-05-23 10:27:42,061 [8252e408-c982-4bc9-a7b5-c82dcdf99b6f-impl-thread2] INFO  impl.StateMachineUpdater (StateMachineUpdater.java:stopAndJoin(155)) - 8252e408-c982-4bc9-a7b5-c82dcdf99b6f@group-6E7B3E935167-StateMachineUpdater: set stopIndex = 0
2023-05-23 10:27:42,061 [8252e408-c982-4bc9-a7b5-c82dcdf99b6f@group-7FDC898A2B18-FollowerState] INFO  impl.FollowerState (FollowerState.java:run(152)) - 8252e408-c982-4bc9-a7b5-c82dcdf99b6f@group-7FDC898A2B18-FollowerState was interrupted
2023-05-23 10:27:42,062 [8252e408-c982-4bc9-a7b5-c82dcdf99b6f@group-6E7B3E935167-StateMachineUpdater] INFO  ratis.ContainerStateMachine (ContainerStateMachine.java:takeSnapshot(341)) - group-6E7B3E935167: Finished taking a snapshot at:(t:1, i:0) file:/home/runner/work/ozone/ozone/hadoop-ozone/integration-test/target/test-dir/MiniOzoneClusterImpl-1448f794-6d1a-4b49-b7b3-e839f56d4fba/datanode-1/data/ratis/c069f734-edbe-487e-8bb1-6e7b3e935167/sm/snapshot.1_0 took: 2 ms
2023-05-23 10:27:42,063 [8252e408-c982-4bc9-a7b5-c82dcdf99b6f@group-6E7B3E935167-StateMachineUpdater] INFO  impl.StateMachineUpdater (StateMachineUpdater.java:takeSnapshot(291)) - 8252e408-c982-4bc9-a7b5-c82dcdf99b6f@group-6E7B3E935167-StateMachineUpdater: Took a snapshot at index 0
2023-05-23 10:27:42,063 [8252e408-c982-4bc9-a7b5-c82dcdf99b6f@group-6E7B3E935167-StateMachineUpdater] INFO  impl.StateMachineUpdater (StateMachineUpdater.java:lambda$new$0(97)) - 8252e408-c982-4bc9-a7b5-c82dcdf99b6f@group-6E7B3E935167-StateMachineUpdater: snapshotIndex: updateIncreasingly -1 -> 0
2023-05-23 10:27:42,063 [8252e408-c982-4bc9-a7b5-c82dcdf99b6f-impl-thread2] INFO  server.RaftServer$Division (ServerState.java:close(472)) - 8252e408-c982-4bc9-a7b5-c82dcdf99b6f@group-6E7B3E935167: closes. applyIndex: 0
2023-05-23 10:27:42,063 [Listener at 127.0.0.1/15196] INFO  server.GrpcService (GrpcService.java:closeImpl(320)) - 8252e408-c982-4bc9-a7b5-c82dcdf99b6f: shutdown server org.apache.ratis.grpc.server.GrpcClientProtocolService successfully
2023-05-23 10:27:42,063 [8252e408-c982-4bc9-a7b5-c82dcdf99b6f@group-7FDC898A2B18-StateMachineUpdater] INFO  ratis.ContainerStateMachine (ContainerStateMachine.java:takeSnapshot(330)) - group-7FDC898A2B18: Taking a snapshot at:(t:1, i:5) file /home/runner/work/ozone/ozone/hadoop-ozone/integration-test/target/test-dir/MiniOzoneClusterImpl-1448f794-6d1a-4b49-b7b3-e839f56d4fba/datanode-1/data/ratis/b47636c3-2d9f-4218-b1b8-7fdc898a2b18/sm/snapshot.1_5
2023-05-23 10:27:42,063 [Listener at 127.0.0.1/15196] INFO  server.GrpcService (GrpcService.java:closeImpl(311)) - 8252e408-c982-4bc9-a7b5-c82dcdf99b6f: shutdown server GrpcServerProtocolService now
2023-05-23 10:27:42,065 [8252e408-c982-4bc9-a7b5-c82dcdf99b6f@group-7FDC898A2B18-StateMachineUpdater] INFO  ratis.ContainerStateMachine (ContainerStateMachine.java:takeSnapshot(341)) - group-7FDC898A2B18: Finished taking a snapshot at:(t:1, i:5) file:/home/runner/work/ozone/ozone/hadoop-ozone/integration-test/target/test-dir/MiniOzoneClusterImpl-1448f794-6d1a-4b49-b7b3-e839f56d4fba/datanode-1/data/ratis/b47636c3-2d9f-4218-b1b8-7fdc898a2b18/sm/snapshot.1_5 took: 2 ms
2023-05-23 10:27:42,065 [8252e408-c982-4bc9-a7b5-c82dcdf99b6f@group-7FDC898A2B18-StateMachineUpdater] INFO  impl.StateMachineUpdater (StateMachineUpdater.java:takeSnapshot(291)) - 8252e408-c982-4bc9-a7b5-c82dcdf99b6f@group-7FDC898A2B18-StateMachineUpdater: Took a snapshot at index 5
2023-05-23 10:27:42,065 [8252e408-c982-4bc9-a7b5-c82dcdf99b6f@group-7FDC898A2B18-StateMachineUpdater] INFO  impl.StateMachineUpdater (StateMachineUpdater.java:lambda$new$0(97)) - 8252e408-c982-4bc9-a7b5-c82dcdf99b6f@group-7FDC898A2B18-StateMachineUpdater: snapshotIndex: updateIncreasingly -1 -> 5
2023-05-23 10:27:42,067 [8252e408-c982-4bc9-a7b5-c82dcdf99b6f-impl-thread3] INFO  impl.StateMachineUpdater (StateMachineUpdater.java:stopAndJoin(155)) - 8252e408-c982-4bc9-a7b5-c82dcdf99b6f@group-7FDC898A2B18-StateMachineUpdater: set stopIndex = 5
2023-05-23 10:27:42,068 [grpc-default-executor-0] WARN  server.GrpcServerProtocolService (LogUtils.java:warn(122)) - 8252e408-c982-4bc9-a7b5-c82dcdf99b6f: APPEND_ENTRIES onError, lastRequest: null: org.apache.ratis.thirdparty.io.grpc.StatusRuntimeException: CANCELLED: client cancelled
2023-05-23 10:27:42,068 [grpc-default-executor-2] WARN  server.GrpcServerProtocolService (LogUtils.java:warn(122)) - 8252e408-c982-4bc9-a7b5-c82dcdf99b6f: APPEND_ENTRIES onError, lastRequest: fad86c32-67f1-4b6d-b48a-d8941e8b4fba->8252e408-c982-4bc9-a7b5-c82dcdf99b6f#1-t1,previous=(t:0, i:0),leaderCommit=-1,initializing? true,entries: size=1, first=(t:1, i:0), CONFIGURATIONENTRY(current:id: "fad86c32-67f1-4b6d-b48a-d8941e8b4fba"
address: "10.1.0.38:15205"
priority: 1
dataStreamAddress: "10.1.0.38:15206"
clientAddress: "10.1.0.38:15203"
adminAddress: "10.1.0.38:15204"
startupRole: FOLLOWER
,id: "85fe1515-2b71-4688-862a-26af69046f00"
address: "10.1.0.38:15221"
dataStreamAddress: "10.1.0.38:15222"
clientAddress: "10.1.0.38:15219"
adminAddress: "10.1.0.38:15220"
startupRole: FOLLOWER
,id: "8252e408-c982-4bc9-a7b5-c82dcdf99b6f"
address: "10.1.0.38:15213"
dataStreamAddress: "10.1.0.38:15214"
clientAddress: "10.1.0.38:15211"
adminAddress: "10.1.0.38:15212"
startupRole: FOLLOWER
, old:): org.apache.ratis.thirdparty.io.grpc.StatusRuntimeException: CANCELLED: client cancelled
2023-05-23 10:27:42,069 [8252e408-c982-4bc9-a7b5-c82dcdf99b6f-impl-thread3] INFO  server.RaftServer$Division (ServerState.java:close(472)) - 8252e408-c982-4bc9-a7b5-c82dcdf99b6f@group-7FDC898A2B18: closes. applyIndex: 5
2023-05-23 10:27:42,076 [grpc-default-executor-5] WARN  server.GrpcLogAppender (LogUtils.java:warn(122)) - 85fe1515-2b71-4688-862a-26af69046f00@group-7FDC898A2B18->8252e408-c982-4bc9-a7b5-c82dcdf99b6f-AppendLogResponseHandler: Failed appendEntries: org.apache.ratis.thirdparty.io.grpc.StatusRuntimeException: CANCELLED: RST_STREAM closed stream. HTTP/2 error code: CANCEL
2023-05-23 10:27:42,076 [grpc-default-executor-5] INFO  leader.FollowerInfo (FollowerInfoImpl.java:lambda$new$0(52)) - 85fe1515-2b71-4688-862a-26af69046f00@group-7FDC898A2B18->8252e408-c982-4bc9-a7b5-c82dcdf99b6f: decreaseNextIndex nextIndex: updateUnconditionally 7 -> 6
2023-05-23 10:27:42,077 [grpc-default-executor-2] WARN  server.GrpcServerProtocolService (LogUtils.java:warn(122)) - 8252e408-c982-4bc9-a7b5-c82dcdf99b6f: APPEND_ENTRIES onError, lastRequest: 85fe1515-2b71-4688-862a-26af69046f00->8252e408-c982-4bc9-a7b5-c82dcdf99b6f#14-t1,previous=(t:1, i:5),leaderCommit=5,initializing? true,entries: size=1, first=(t:1, i:6), METADATAENTRY(c:5): org.apache.ratis.thirdparty.io.grpc.StatusRuntimeException: CANCELLED: client cancelled
2023-05-23 10:27:42,078 [grpc-default-executor-1] WARN  server.GrpcLogAppender (LogUtils.java:warn(122)) - 85fe1515-2b71-4688-862a-26af69046f00@group-7FDC898A2B18->8252e408-c982-4bc9-a7b5-c82dcdf99b6f-AppendLogResponseHandler: Failed appendEntries: org.apache.ratis.thirdparty.io.grpc.StatusRuntimeException: CANCELLED: RST_STREAM closed stream. HTTP/2 error code: CANCEL
2023-05-23 10:27:42,078 [grpc-default-executor-1] INFO  leader.FollowerInfo (FollowerInfoImpl.java:lambda$new$0(52)) - 85fe1515-2b71-4688-862a-26af69046f00@group-7FDC898A2B18->8252e408-c982-4bc9-a7b5-c82dcdf99b6f: decreaseNextIndex nextIndex: updateUnconditionally 6 -> 5
2023-05-23 10:27:42,078 [Listener at 127.0.0.1/15196] INFO  server.GrpcService (GrpcService.java:closeImpl(320)) - 8252e408-c982-4bc9-a7b5-c82dcdf99b6f: shutdown server GrpcServerProtocolService successfully
2023-05-23 10:27:42,078 [Listener at 127.0.0.1/15196] INFO  server.GrpcService (GrpcService.java:closeImpl(311)) - 8252e408-c982-4bc9-a7b5-c82dcdf99b6f: shutdown server org.apache.ratis.grpc.server.GrpcAdminProtocolService now
2023-05-23 10:27:42,078 [grpc-default-executor-6] WARN  server.GrpcServerProtocolService (LogUtils.java:warn(122)) - 8252e408-c982-4bc9-a7b5-c82dcdf99b6f: APPEND_ENTRIES onError, lastRequest: null: org.apache.ratis.thirdparty.io.grpc.StatusRuntimeException: CANCELLED: client cancelled
2023-05-23 10:27:42,078 [grpc-default-executor-0] WARN  server.GrpcLogAppender (LogUtils.java:warn(122)) - fad86c32-67f1-4b6d-b48a-d8941e8b4fba@group-F6F833690CA0->8252e408-c982-4bc9-a7b5-c82dcdf99b6f-AppendLogResponseHandler: Failed appendEntries: org.apache.ratis.thirdparty.io.grpc.StatusRuntimeException: CANCELLED: RST_STREAM closed stream. HTTP/2 error code: CANCEL
2023-05-23 10:27:42,079 [grpc-default-executor-0] WARN  server.GrpcLogAppender (GrpcLogAppender.java:resetClient(128)) - fad86c32-67f1-4b6d-b48a-d8941e8b4fba@group-F6F833690CA0->8252e408-c982-4bc9-a7b5-c82dcdf99b6f-GrpcLogAppender: Follower failed when matchIndex == 0,  keep nextIndex (1) unchanged and retry.
2023-05-23 10:27:42,083 [grpc-default-executor-3] WARN  server.GrpcLogAppender (LogUtils.java:warn(122)) - fad86c32-67f1-4b6d-b48a-d8941e8b4fba@group-F6F833690CA0->8252e408-c982-4bc9-a7b5-c82dcdf99b6f-AppendLogResponseHandler: Failed appendEntries: org.apache.ratis.thirdparty.io.grpc.StatusRuntimeException: CANCELLED: RST_STREAM closed stream. HTTP/2 error code: CANCEL
2023-05-23 10:27:42,083 [grpc-default-executor-3] WARN  server.GrpcLogAppender (GrpcLogAppender.java:resetClient(128)) - fad86c32-67f1-4b6d-b48a-d8941e8b4fba@group-F6F833690CA0->8252e408-c982-4bc9-a7b5-c82dcdf99b6f-GrpcLogAppender: Follower failed when matchIndex == 0,  keep nextIndex (1) unchanged and retry.
2023-05-23 10:27:42,084 [8252e408-c982-4bc9-a7b5-c82dcdf99b6f-impl-thread2] INFO  segmented.SegmentedRaftLogWorker (SegmentedRaftLogWorker.java:close(252)) - 8252e408-c982-4bc9-a7b5-c82dcdf99b6f@group-6E7B3E935167-SegmentedRaftLogWorker close()
2023-05-23 10:27:42,085 [Listener at 127.0.0.1/15196] INFO  server.GrpcService (GrpcService.java:closeImpl(320)) - 8252e408-c982-4bc9-a7b5-c82dcdf99b6f: shutdown server org.apache.ratis.grpc.server.GrpcAdminProtocolService successfully
2023-05-23 10:27:42,086 [8252e408-c982-4bc9-a7b5-c82dcdf99b6f-NettyServerStreamRpc-bossGroup--thread1] INFO  logging.LoggingHandler (AbstractInternalLogger.java:log(148)) - [id: 0x79fd687a, L:/0:0:0:0:0:0:0:0:15214] CLOSE
2023-05-23 10:27:42,086 [8252e408-c982-4bc9-a7b5-c82dcdf99b6f-NettyServerStreamRpc-bossGroup--thread1] INFO  logging.LoggingHandler (AbstractInternalLogger.java:log(148)) - [id: 0x79fd687a, L:/0:0:0:0:0:0:0:0:15214] INACTIVE
2023-05-23 10:27:42,086 [8252e408-c982-4bc9-a7b5-c82dcdf99b6f-NettyServerStreamRpc-bossGroup--thread1] INFO  logging.LoggingHandler (AbstractInternalLogger.java:log(148)) - [id: 0x79fd687a, L:/0:0:0:0:0:0:0:0:15214] UNREGISTERED
2023-05-23 10:27:42,371 [ReplicationMonitor] INFO  replication.ReplicationManager (ReplicationManager.java:processAll(403)) - Replication Monitor Thread took 1 milliseconds for processing 1 containers.
2023-05-23 10:27:42,979 [8252e408-c982-4bc9-a7b5-c82dcdf99b6f-impl-thread3] INFO  segmented.SegmentedRaftLogWorker (SegmentedRaftLogWorker.java:close(252)) - 8252e408-c982-4bc9-a7b5-c82dcdf99b6f@group-7FDC898A2B18-SegmentedRaftLogWorker close()
2023-05-23 10:27:43,010 [8252e408-c982-4bc9-a7b5-c82dcdf99b6f-impl-thread1] INFO  segmented.SegmentedRaftLogWorker (SegmentedRaftLogWorker.java:close(252)) - 8252e408-c982-4bc9-a7b5-c82dcdf99b6f@group-F6F833690CA0-SegmentedRaftLogWorker close()
2023-05-23 10:27:43,013 [JvmPauseMonitor26] INFO  util.JvmPauseMonitor (JvmPauseMonitor.java:run(109)) - JvmPauseMonitor-8252e408-c982-4bc9-a7b5-c82dcdf99b6f: Stopped
2023-05-23 10:27:43,372 [ReplicationMonitor] INFO  replication.ReplicationManager (ReplicationManager.java:processAll(403)) - Replication Monitor Thread took 1 milliseconds for processing 1 containers.
2023-05-23 10:27:44,372 [ReplicationMonitor] INFO  replication.ReplicationManager (ReplicationManager.java:processAll(403)) - Replication Monitor Thread took 0 milliseconds for processing 1 containers.
2023-05-23 10:27:44,480 [grpc-default-executor-0] WARN  server.GrpcLogAppender (LogUtils.java:warn(122)) - 85fe1515-2b71-4688-862a-26af69046f00@group-7FDC898A2B18->8252e408-c982-4bc9-a7b5-c82dcdf99b6f-AppendLogResponseHandler: Failed appendEntries: org.apache.ratis.thirdparty.io.grpc.StatusRuntimeException: UNAVAILABLE: io exception
2023-05-23 10:27:44,480 [grpc-default-executor-0] INFO  leader.FollowerInfo (FollowerInfoImpl.java:lambda$new$0(52)) - 85fe1515-2b71-4688-862a-26af69046f00@group-7FDC898A2B18->8252e408-c982-4bc9-a7b5-c82dcdf99b6f: decreaseNextIndex nextIndex: updateUnconditionally 5 -> 4
2023-05-23 10:27:44,481 [grpc-default-executor-5] WARN  server.GrpcLogAppender (LogUtils.java:warn(122)) - 85fe1515-2b71-4688-862a-26af69046f00@group-7FDC898A2B18->8252e408-c982-4bc9-a7b5-c82dcdf99b6f-AppendLogResponseHandler: Failed appendEntries: org.apache.ratis.thirdparty.io.grpc.StatusRuntimeException: UNAVAILABLE: io exception
2023-05-23 10:27:44,482 [grpc-default-executor-5] INFO  leader.FollowerInfo (FollowerInfoImpl.java:lambda$new$0(52)) - 85fe1515-2b71-4688-862a-26af69046f00@group-7FDC898A2B18->8252e408-c982-4bc9-a7b5-c82dcdf99b6f: decreaseNextIndex nextIndex: updateUnconditionally 4 -> 3
2023-05-23 10:27:44,487 [grpc-default-executor-3] WARN  server.GrpcLogAppender (LogUtils.java:warn(122)) - 85fe1515-2b71-4688-862a-26af69046f00@group-7FDC898A2B18->8252e408-c982-4bc9-a7b5-c82dcdf99b6f-AppendLogResponseHandler: Failed appendEntries: org.apache.ratis.thirdparty.io.grpc.StatusRuntimeException: UNAVAILABLE: io exception
2023-05-23 10:27:44,487 [grpc-default-executor-5] WARN  server.GrpcLogAppender (LogUtils.java:warn(122)) - 85fe1515-2b71-4688-862a-26af69046f00@group-7FDC898A2B18->8252e408-c982-4bc9-a7b5-c82dcdf99b6f-AppendLogResponseHandler: Failed appendEntries: org.apache.ratis.thirdparty.io.grpc.StatusRuntimeException: UNAVAILABLE: io exception
2023-05-23 10:27:44,487 [grpc-default-executor-3] INFO  leader.FollowerInfo (FollowerInfoImpl.java:lambda$new$0(52)) - 85fe1515-2b71-4688-862a-26af69046f00@group-7FDC898A2B18->8252e408-c982-4bc9-a7b5-c82dcdf99b6f: decreaseNextIndex nextIndex: updateUnconditionally 4 -> 3
2023-05-23 10:27:44,487 [grpc-default-executor-5] INFO  leader.FollowerInfo (FollowerInfoImpl.java:lambda$new$0(52)) - 85fe1515-2b71-4688-862a-26af69046f00@group-7FDC898A2B18->8252e408-c982-4bc9-a7b5-c82dcdf99b6f: decreaseNextIndex nextIndex: updateUnconditionally 3 -> 2
2023-05-23 10:27:44,489 [grpc-default-executor-5] WARN  server.GrpcLogAppender (LogUtils.java:warn(122)) - 85fe1515-2b71-4688-862a-26af69046f00@group-7FDC898A2B18->8252e408-c982-4bc9-a7b5-c82dcdf99b6f-AppendLogResponseHandler: Failed appendEntries: org.apache.ratis.thirdparty.io.grpc.StatusRuntimeException: UNAVAILABLE: io exception
2023-05-23 10:27:44,489 [grpc-default-executor-3] WARN  server.GrpcLogAppender (LogUtils.java:warn(122)) - 85fe1515-2b71-4688-862a-26af69046f00@group-7FDC898A2B18->8252e408-c982-4bc9-a7b5-c82dcdf99b6f-AppendLogResponseHandler: Failed appendEntries: org.apache.ratis.thirdparty.io.grpc.StatusRuntimeException: UNAVAILABLE: io exception
2023-05-23 10:27:44,489 [grpc-default-executor-5] INFO  leader.FollowerInfo (FollowerInfoImpl.java:lambda$new$0(52)) - 85fe1515-2b71-4688-862a-26af69046f00@group-7FDC898A2B18->8252e408-c982-4bc9-a7b5-c82dcdf99b6f: decreaseNextIndex nextIndex: updateUnconditionally 3 -> 2
2023-05-23 10:27:44,490 [grpc-default-executor-3] INFO  leader.FollowerInfo (FollowerInfoImpl.java:lambda$new$0(52)) - 85fe1515-2b71-4688-862a-26af69046f00@group-7FDC898A2B18->8252e408-c982-4bc9-a7b5-c82dcdf99b6f: decreaseNextIndex nextIndex: updateUnconditionally 2 -> 1
2023-05-23 10:27:44,510 [grpc-default-executor-0] WARN  server.GrpcLogAppender (LogUtils.java:warn(122)) - fad86c32-67f1-4b6d-b48a-d8941e8b4fba@group-F6F833690CA0->8252e408-c982-4bc9-a7b5-c82dcdf99b6f-AppendLogResponseHandler: Failed appendEntries: org.apache.ratis.thirdparty.io.grpc.StatusRuntimeException: UNAVAILABLE: io exception
2023-05-23 10:27:44,511 [grpc-default-executor-0] WARN  server.GrpcLogAppender (GrpcLogAppender.java:resetClient(128)) - fad86c32-67f1-4b6d-b48a-d8941e8b4fba@group-F6F833690CA0->8252e408-c982-4bc9-a7b5-c82dcdf99b6f-GrpcLogAppender: Follower failed when matchIndex == 0,  keep nextIndex (1) unchanged and retry.
2023-05-23 10:27:44,512 [grpc-default-executor-0] WARN  server.GrpcLogAppender (LogUtils.java:warn(122)) - fad86c32-67f1-4b6d-b48a-d8941e8b4fba@group-F6F833690CA0->8252e408-c982-4bc9-a7b5-c82dcdf99b6f-AppendLogResponseHandler: Failed appendEntries: org.apache.ratis.thirdparty.io.grpc.StatusRuntimeException: UNAVAILABLE: io exception
2023-05-23 10:27:44,512 [grpc-default-executor-0] WARN  server.GrpcLogAppender (GrpcLogAppender.java:resetClient(128)) - fad86c32-67f1-4b6d-b48a-d8941e8b4fba@group-F6F833690CA0->8252e408-c982-4bc9-a7b5-c82dcdf99b6f-GrpcLogAppender: Follower failed when matchIndex == 0,  keep nextIndex (1) unchanged and retry.
2023-05-23 10:27:45,016 [EventQueue-StaleNodeForStaleNodeHandler] INFO  node.StaleNodeHandler (StaleNodeHandler.java:onMessage(59)) - Datanode 8252e408-c982-4bc9-a7b5-c82dcdf99b6f(fv-az1249-304/10.1.0.38) moved to stale state. Finalizing its pipelines [PipelineID=c069f734-edbe-487e-8bb1-6e7b3e935167, PipelineID=6c514fb2-bffb-4707-8a6d-f6f833690ca0, PipelineID=b47636c3-2d9f-4218-b1b8-7fdc898a2b18]
2023-05-23 10:27:45,016 [Listener at 127.0.0.1/15196] INFO  utils.DatanodeStoreCache (DatanodeStoreCache.java:shutdownCache(110)) - Skip clearing cache in mini cluster mode. Entries left: [/home/runner/work/ozone/ozone/hadoop-ozone/integration-test/target/test-dir/MiniOzoneClusterImpl-1448f794-6d1a-4b49-b7b3-e839f56d4fba/datanode-0/data-0/containers/hdds/1448f794-6d1a-4b49-b7b3-e839f56d4fba/DS-0e3e776a-dae2-4e1b-b913-cf2271425593/container.db, /home/runner/work/ozone/ozone/hadoop-ozone/integration-test/target/test-dir/MiniOzoneClusterImpl-1448f794-6d1a-4b49-b7b3-e839f56d4fba/datanode-1/data-0/containers/hdds/1448f794-6d1a-4b49-b7b3-e839f56d4fba/DS-769727ae-ca82-4514-9e6b-d7c55e66922a/container.db, /home/runner/work/ozone/ozone/hadoop-ozone/integration-test/target/test-dir/MiniOzoneClusterImpl-1448f794-6d1a-4b49-b7b3-e839f56d4fba/datanode-2/data-0/containers/hdds/1448f794-6d1a-4b49-b7b3-e839f56d4fba/DS-5c721517-4486-417f-9592-06b9ea74e557/container.db, /home/runner/work/ozone/ozone/hadoop-ozone/integration-test/target/test-dir/MiniOzoneClusterImpl-1448f794-6d1a-4b49-b7b3-e839f56d4fba/datanode-3/data-0/containers/hdds/1448f794-6d1a-4b49-b7b3-e839f56d4fba/DS-e582ba44-268a-42ab-be84-a6c7d5fda64b/container.db, /home/runner/work/ozone/ozone/hadoop-ozone/integration-test/target/test-dir/MiniOzoneClusterImpl-1448f794-6d1a-4b49-b7b3-e839f56d4fba/datanode-4/data-0/containers/hdds/1448f794-6d1a-4b49-b7b3-e839f56d4fba/DS-74313cb6-6868-41fa-8918-3f60abd0fa1a/container.db]
2023-05-23 10:27:45,020 [EventQueue-StaleNodeForStaleNodeHandler] INFO  pipeline.PipelineManagerImpl (PipelineManagerImpl.java:closePipeline(442)) - Pipeline Pipeline[ Id: c069f734-edbe-487e-8bb1-6e7b3e935167, Nodes: 8252e408-c982-4bc9-a7b5-c82dcdf99b6f(fv-az1249-304/10.1.0.38), ReplicationConfig: RATIS/ONE, State:OPEN, leaderId:8252e408-c982-4bc9-a7b5-c82dcdf99b6f, CreationTimestamp2023-05-23T10:27:28.875Z[Etc/UTC]] moved to CLOSED state
2023-05-23 10:27:45,020 [EventQueue-StaleNodeForStaleNodeHandler] INFO  pipeline.PipelineManagerImpl (PipelineManagerImpl.java:closePipeline(442)) - Pipeline Pipeline[ Id: 6c514fb2-bffb-4707-8a6d-f6f833690ca0, Nodes: fad86c32-67f1-4b6d-b48a-d8941e8b4fba(fv-az1249-304/10.1.0.38)8252e408-c982-4bc9-a7b5-c82dcdf99b6f(fv-az1249-304/10.1.0.38)85fe1515-2b71-4688-862a-26af69046f00(fv-az1249-304/10.1.0.38), ReplicationConfig: RATIS/THREE, State:OPEN, leaderId:fad86c32-67f1-4b6d-b48a-d8941e8b4fba, CreationTimestamp2023-05-23T10:27:29.218Z[Etc/UTC]] moved to CLOSED state
2023-05-23 10:27:45,020 [Listener at 127.0.0.1/15196] INFO  utils.DatanodeStoreCache (DatanodeStoreCache.java:removeDB(104)) - Removed db /home/runner/work/ozone/ozone/hadoop-ozone/integration-test/target/test-dir/MiniOzoneClusterImpl-1448f794-6d1a-4b49-b7b3-e839f56d4fba/datanode-1/data-0/containers/hdds/1448f794-6d1a-4b49-b7b3-e839f56d4fba/DS-769727ae-ca82-4514-9e6b-d7c55e66922a/container.db from cache
2023-05-23 10:27:45,021 [Listener at 127.0.0.1/15196] INFO  volume.HddsVolume (HddsVolume.java:closeDbStore(437)) - SchemaV3 db is stopped at /home/runner/work/ozone/ozone/hadoop-ozone/integration-test/target/test-dir/MiniOzoneClusterImpl-1448f794-6d1a-4b49-b7b3-e839f56d4fba/datanode-1/data-0/containers/hdds/1448f794-6d1a-4b49-b7b3-e839f56d4fba/DS-769727ae-ca82-4514-9e6b-d7c55e66922a/container.db for volume DS-769727ae-ca82-4514-9e6b-d7c55e66922a
2023-05-23 10:27:45,021 [Listener at 127.0.0.1/15196] INFO  utils.BackgroundService (BackgroundService.java:shutdown(141)) - Shutting down service BlockDeletingService
2023-05-23 10:27:45,021 [EventQueue-StaleNodeForStaleNodeHandler] INFO  pipeline.PipelineManagerImpl (PipelineManagerImpl.java:closePipeline(442)) - Pipeline Pipeline[ Id: b47636c3-2d9f-4218-b1b8-7fdc898a2b18, Nodes: 8252e408-c982-4bc9-a7b5-c82dcdf99b6f(fv-az1249-304/10.1.0.38)fad86c32-67f1-4b6d-b48a-d8941e8b4fba(fv-az1249-304/10.1.0.38)85fe1515-2b71-4688-862a-26af69046f00(fv-az1249-304/10.1.0.38), ReplicationConfig: RATIS/THREE, State:OPEN, leaderId:85fe1515-2b71-4688-862a-26af69046f00, CreationTimestamp2023-05-23T10:27:29.216Z[Etc/UTC]] moved to CLOSED state
2023-05-23 10:27:45,021 [Listener at 127.0.0.1/15196] INFO  utils.BackgroundService (BackgroundService.java:shutdown(141)) - Shutting down service StaleRecoveringContainerScrubbingService
2023-05-23 10:27:45,023 [Listener at 127.0.0.1/15196] INFO  statemachine.DatanodeStateMachine (DatanodeStateMachine.java:stopDaemon(608)) - Ozone container server stopped.
2023-05-23 10:27:45,033 [Listener at 127.0.0.1/15196] INFO  handler.ContextHandler (ContextHandler.java:doStop(1159)) - Stopped o.e.j.w.WebAppContext@7e069830{hddsDatanode,/,null,STOPPED}{jar:file:/home/runner/.m2/repository/org/apache/ozone/hdds-container-service/1.4.0-SNAPSHOT/hdds-container-service-1.4.0-SNAPSHOT.jar!/webapps/hddsDatanode}
2023-05-23 10:27:45,034 [Listener at 127.0.0.1/15196] INFO  server.AbstractConnector (AbstractConnector.java:doStop(383)) - Stopped ServerConnector@293850b3{HTTP/1.1, (http/1.1)}{0.0.0.0:15209}
2023-05-23 10:27:45,034 [Listener at 127.0.0.1/15196] INFO  server.session (HouseKeeper.java:stopScavenging(149)) - node0 Stopped scavenging
2023-05-23 10:27:45,034 [Listener at 127.0.0.1/15196] INFO  handler.ContextHandler (ContextHandler.java:doStop(1159)) - Stopped o.e.j.s.ServletContextHandler@72e2f108{static,/static,jar:file:/home/runner/.m2/repository/org/apache/ozone/hdds-container-service/1.4.0-SNAPSHOT/hdds-container-service-1.4.0-SNAPSHOT.jar!/webapps/static,STOPPED}
2023-05-23 10:27:45,034 [Listener at 127.0.0.1/15196] INFO  handler.ContextHandler (ContextHandler.java:doStop(1159)) - Stopped o.e.j.s.ServletContextHandler@1c031425{logs,/logs,file:///home/runner/work/ozone/ozone/hadoop-ozone/integration-test/target/log,STOPPED}
2023-05-23 10:27:45,036 [Listener at 127.0.0.1/15196] INFO  container.TestHelper (TestHelper.java:countReplicas(423)) - Container 1 has 3 replicas on [8252e408-c982-4bc9-a7b5-c82dcdf99b6f, 85fe1515-2b71-4688-862a-26af69046f00, fad86c32-67f1-4b6d-b48a-d8941e8b4fba]
2023-05-23 10:27:45,373 [ReplicationMonitor] INFO  replication.ReplicationManager (ReplicationManager.java:processAll(403)) - Replication Monitor Thread took 1 milliseconds for processing 1 containers.
2023-05-23 10:27:45,729 [grpc-default-executor-0] WARN  server.GrpcLogAppender (LogUtils.java:warn(122)) - 85fe1515-2b71-4688-862a-26af69046f00@group-7FDC898A2B18->8252e408-c982-4bc9-a7b5-c82dcdf99b6f-AppendLogResponseHandler: Failed appendEntries: org.apache.ratis.thirdparty.io.grpc.StatusRuntimeException: UNAVAILABLE: io exception
2023-05-23 10:27:45,730 [grpc-default-executor-0] INFO  leader.FollowerInfo (FollowerInfoImpl.java:lambda$new$0(52)) - 85fe1515-2b71-4688-862a-26af69046f00@group-7FDC898A2B18->8252e408-c982-4bc9-a7b5-c82dcdf99b6f: decreaseNextIndex nextIndex: updateUnconditionally 1 -> 0
2023-05-23 10:27:45,731 [grpc-default-executor-3] WARN  server.GrpcLogAppender (LogUtils.java:warn(122)) - 85fe1515-2b71-4688-862a-26af69046f00@group-7FDC898A2B18->8252e408-c982-4bc9-a7b5-c82dcdf99b6f-AppendLogResponseHandler: Failed appendEntries: org.apache.ratis.thirdparty.io.grpc.StatusRuntimeException: UNAVAILABLE: io exception
2023-05-23 10:27:45,741 [grpc-default-executor-3] WARN  server.GrpcLogAppender (LogUtils.java:warn(122)) - 85fe1515-2b71-4688-862a-26af69046f00@group-7FDC898A2B18->8252e408-c982-4bc9-a7b5-c82dcdf99b6f-AppendLogResponseHandler: Failed appendEntries: org.apache.ratis.thirdparty.io.grpc.StatusRuntimeException: UNAVAILABLE: io exception
2023-05-23 10:27:45,741 [grpc-default-executor-3] INFO  leader.FollowerInfo (FollowerInfoImpl.java:lambda$new$0(52)) - 85fe1515-2b71-4688-862a-26af69046f00@group-7FDC898A2B18->8252e408-c982-4bc9-a7b5-c82dcdf99b6f: decreaseNextIndex nextIndex: updateUnconditionally 1 -> 0
2023-05-23 10:27:45,745 [grpc-default-executor-0] WARN  server.GrpcLogAppender (LogUtils.java:warn(122)) - 85fe1515-2b71-4688-862a-26af69046f00@group-7FDC898A2B18->8252e408-c982-4bc9-a7b5-c82dcdf99b6f-AppendLogResponseHandler: Failed appendEntries: org.apache.ratis.thirdparty.io.grpc.StatusRuntimeException: UNAVAILABLE: io exception
2023-05-23 10:27:45,759 [grpc-default-executor-0] WARN  server.GrpcLogAppender (LogUtils.java:warn(122)) - fad86c32-67f1-4b6d-b48a-d8941e8b4fba@group-F6F833690CA0->8252e408-c982-4bc9-a7b5-c82dcdf99b6f-AppendLogResponseHandler: Failed appendEntries: org.apache.ratis.thirdparty.io.grpc.StatusRuntimeException: UNAVAILABLE: io exception
2023-05-23 10:27:45,759 [grpc-default-executor-3] WARN  server.GrpcLogAppender (LogUtils.java:warn(122)) - fad86c32-67f1-4b6d-b48a-d8941e8b4fba@group-F6F833690CA0->8252e408-c982-4bc9-a7b5-c82dcdf99b6f-AppendLogResponseHandler: Failed appendEntries: org.apache.ratis.thirdparty.io.grpc.StatusRuntimeException: UNAVAILABLE: io exception
2023-05-23 10:27:45,760 [grpc-default-executor-0] WARN  server.GrpcLogAppender (GrpcLogAppender.java:resetClient(128)) - fad86c32-67f1-4b6d-b48a-d8941e8b4fba@group-F6F833690CA0->8252e408-c982-4bc9-a7b5-c82dcdf99b6f-GrpcLogAppender: Follower failed when matchIndex == 0,  keep nextIndex (1) unchanged and retry.
2023-05-23 10:27:45,760 [grpc-default-executor-3] WARN  server.GrpcLogAppender (GrpcLogAppender.java:resetClient(128)) - fad86c32-67f1-4b6d-b48a-d8941e8b4fba@group-F6F833690CA0->8252e408-c982-4bc9-a7b5-c82dcdf99b6f-GrpcLogAppender: Follower failed when matchIndex == 0,  keep nextIndex (1) unchanged and retry.
2023-05-23 10:27:46,036 [Listener at 127.0.0.1/15196] INFO  container.TestHelper (TestHelper.java:countReplicas(423)) - Container 1 has 3 replicas on [8252e408-c982-4bc9-a7b5-c82dcdf99b6f, 85fe1515-2b71-4688-862a-26af69046f00, fad86c32-67f1-4b6d-b48a-d8941e8b4fba]
2023-05-23 10:27:46,374 [ReplicationMonitor] INFO  replication.ReplicationManager (ReplicationManager.java:processAll(403)) - Replication Monitor Thread took 1 milliseconds for processing 1 containers.
2023-05-23 10:27:46,981 [grpc-default-executor-3] WARN  server.GrpcLogAppender (LogUtils.java:warn(122)) - 85fe1515-2b71-4688-862a-26af69046f00@group-7FDC898A2B18->8252e408-c982-4bc9-a7b5-c82dcdf99b6f-AppendLogResponseHandler: Failed appendEntries: org.apache.ratis.thirdparty.io.grpc.StatusRuntimeException: UNAVAILABLE: io exception
2023-05-23 10:27:46,981 [grpc-default-executor-0] WARN  server.GrpcLogAppender (LogUtils.java:warn(122)) - 85fe1515-2b71-4688-862a-26af69046f00@group-7FDC898A2B18->8252e408-c982-4bc9-a7b5-c82dcdf99b6f-AppendLogResponseHandler: Failed appendEntries: org.apache.ratis.thirdparty.io.grpc.StatusRuntimeException: UNAVAILABLE: io exception
2023-05-23 10:27:46,992 [grpc-default-executor-5] WARN  server.GrpcLogAppender (LogUtils.java:warn(122)) - 85fe1515-2b71-4688-862a-26af69046f00@group-7FDC898A2B18->8252e408-c982-4bc9-a7b5-c82dcdf99b6f-AppendLogResponseHandler: Failed appendEntries: org.apache.ratis.thirdparty.io.grpc.StatusRuntimeException: UNAVAILABLE: io exception
2023-05-23 10:27:46,993 [grpc-default-executor-5] INFO  leader.FollowerInfo (FollowerInfoImpl.java:lambda$new$0(52)) - 85fe1515-2b71-4688-862a-26af69046f00@group-7FDC898A2B18->8252e408-c982-4bc9-a7b5-c82dcdf99b6f: decreaseNextIndex nextIndex: updateUnconditionally 1 -> 0
2023-05-23 10:27:46,993 [grpc-default-executor-3] WARN  server.GrpcLogAppender (LogUtils.java:warn(122)) - 85fe1515-2b71-4688-862a-26af69046f00@group-7FDC898A2B18->8252e408-c982-4bc9-a7b5-c82dcdf99b6f-AppendLogResponseHandler: Failed appendEntries: org.apache.ratis.thirdparty.io.grpc.StatusRuntimeException: UNAVAILABLE: io exception
2023-05-23 10:27:47,009 [grpc-default-executor-3] WARN  server.GrpcLogAppender (LogUtils.java:warn(122)) - fad86c32-67f1-4b6d-b48a-d8941e8b4fba@group-F6F833690CA0->8252e408-c982-4bc9-a7b5-c82dcdf99b6f-AppendLogResponseHandler: Failed appendEntries: org.apache.ratis.thirdparty.io.grpc.StatusRuntimeException: UNAVAILABLE: io exception
2023-05-23 10:27:47,009 [grpc-default-executor-5] WARN  server.GrpcLogAppender (LogUtils.java:warn(122)) - fad86c32-67f1-4b6d-b48a-d8941e8b4fba@group-F6F833690CA0->8252e408-c982-4bc9-a7b5-c82dcdf99b6f-AppendLogResponseHandler: Failed appendEntries: org.apache.ratis.thirdparty.io.grpc.StatusRuntimeException: UNAVAILABLE: io exception
2023-05-23 10:27:47,010 [grpc-default-executor-3] WARN  server.GrpcLogAppender (GrpcLogAppender.java:resetClient(128)) - fad86c32-67f1-4b6d-b48a-d8941e8b4fba@group-F6F833690CA0->8252e408-c982-4bc9-a7b5-c82dcdf99b6f-GrpcLogAppender: Follower failed when matchIndex == 0,  keep nextIndex (1) unchanged and retry.
2023-05-23 10:27:47,013 [grpc-default-executor-5] WARN  server.GrpcLogAppender (GrpcLogAppender.java:resetClient(128)) - fad86c32-67f1-4b6d-b48a-d8941e8b4fba@group-F6F833690CA0->8252e408-c982-4bc9-a7b5-c82dcdf99b6f-GrpcLogAppender: Follower failed when matchIndex == 0,  keep nextIndex (1) unchanged and retry.
2023-05-23 10:27:47,036 [Listener at 127.0.0.1/15196] INFO  container.TestHelper (TestHelper.java:countReplicas(423)) - Container 1 has 3 replicas on [8252e408-c982-4bc9-a7b5-c82dcdf99b6f, 85fe1515-2b71-4688-862a-26af69046f00, fad86c32-67f1-4b6d-b48a-d8941e8b4fba]
2023-05-23 10:27:47,374 [ReplicationMonitor] INFO  replication.ReplicationManager (ReplicationManager.java:processAll(403)) - Replication Monitor Thread took 0 milliseconds for processing 1 containers.
2023-05-23 10:27:48,019 [EventQueue-DeadNodeForDeadNodeHandler] INFO  node.DeadNodeHandler (DeadNodeHandler.java:onMessage(83)) - A dead datanode is detected. 8252e408-c982-4bc9-a7b5-c82dcdf99b6f(fv-az1249-304/10.1.0.38)
2023-05-23 10:27:48,019 [EventQueue-DeadNodeForDeadNodeHandler] INFO  pipeline.RatisPipelineProvider (RatisPipelineProvider.java:lambda$close$4(272)) - Send pipeline:PipelineID=c069f734-edbe-487e-8bb1-6e7b3e935167 close command to datanode 8252e408-c982-4bc9-a7b5-c82dcdf99b6f
2023-05-23 10:27:48,022 [EventQueue-DeadNodeForDeadNodeHandler] INFO  pipeline.PipelineStateManagerImpl (PipelineStateManagerImpl.java:removePipeline(245)) - Pipeline Pipeline[ Id: c069f734-edbe-487e-8bb1-6e7b3e935167, Nodes: 8252e408-c982-4bc9-a7b5-c82dcdf99b6f(fv-az1249-304/10.1.0.38), ReplicationConfig: RATIS/ONE, State:CLOSED, leaderId:8252e408-c982-4bc9-a7b5-c82dcdf99b6f, CreationTimestamp2023-05-23T10:27:28.875Z[Etc/UTC]] removed.
2023-05-23 10:27:48,022 [EventQueue-DeadNodeForDeadNodeHandler] INFO  pipeline.RatisPipelineProvider (RatisPipelineProvider.java:lambda$close$4(272)) - Send pipeline:PipelineID=6c514fb2-bffb-4707-8a6d-f6f833690ca0 close command to datanode fad86c32-67f1-4b6d-b48a-d8941e8b4fba
2023-05-23 10:27:48,022 [EventQueue-DeadNodeForDeadNodeHandler] INFO  pipeline.RatisPipelineProvider (RatisPipelineProvider.java:lambda$close$4(272)) - Send pipeline:PipelineID=6c514fb2-bffb-4707-8a6d-f6f833690ca0 close command to datanode 8252e408-c982-4bc9-a7b5-c82dcdf99b6f
2023-05-23 10:27:48,023 [EventQueue-DeadNodeForDeadNodeHandler] INFO  pipeline.RatisPipelineProvider (RatisPipelineProvider.java:lambda$close$4(272)) - Send pipeline:PipelineID=6c514fb2-bffb-4707-8a6d-f6f833690ca0 close command to datanode 85fe1515-2b71-4688-862a-26af69046f00
2023-05-23 10:27:48,023 [EventQueue-DeadNodeForDeadNodeHandler] INFO  pipeline.PipelineStateManagerImpl (PipelineStateManagerImpl.java:removePipeline(245)) - Pipeline Pipeline[ Id: 6c514fb2-bffb-4707-8a6d-f6f833690ca0, Nodes: fad86c32-67f1-4b6d-b48a-d8941e8b4fba(fv-az1249-304/10.1.0.38)8252e408-c982-4bc9-a7b5-c82dcdf99b6f(fv-az1249-304/10.1.0.38)85fe1515-2b71-4688-862a-26af69046f00(fv-az1249-304/10.1.0.38), ReplicationConfig: RATIS/THREE, State:CLOSED, leaderId:fad86c32-67f1-4b6d-b48a-d8941e8b4fba, CreationTimestamp2023-05-23T10:27:29.218Z[Etc/UTC]] removed.
2023-05-23 10:27:48,023 [EventQueue-DeadNodeForDeadNodeHandler] INFO  pipeline.RatisPipelineProvider (RatisPipelineProvider.java:lambda$close$4(272)) - Send pipeline:PipelineID=b47636c3-2d9f-4218-b1b8-7fdc898a2b18 close command to datanode 8252e408-c982-4bc9-a7b5-c82dcdf99b6f
2023-05-23 10:27:48,023 [EventQueue-DeadNodeForDeadNodeHandler] INFO  pipeline.RatisPipelineProvider (RatisPipelineProvider.java:lambda$close$4(272)) - Send pipeline:PipelineID=b47636c3-2d9f-4218-b1b8-7fdc898a2b18 close command to datanode fad86c32-67f1-4b6d-b48a-d8941e8b4fba
2023-05-23 10:27:48,023 [EventQueue-DeadNodeForDeadNodeHandler] INFO  pipeline.RatisPipelineProvider (RatisPipelineProvider.java:lambda$close$4(272)) - Send pipeline:PipelineID=b47636c3-2d9f-4218-b1b8-7fdc898a2b18 close command to datanode 85fe1515-2b71-4688-862a-26af69046f00
2023-05-23 10:27:48,023 [EventQueue-DeadNodeForDeadNodeHandler] INFO  pipeline.PipelineStateManagerImpl (PipelineStateManagerImpl.java:removePipeline(245)) - Pipeline Pipeline[ Id: b47636c3-2d9f-4218-b1b8-7fdc898a2b18, Nodes: 8252e408-c982-4bc9-a7b5-c82dcdf99b6f(fv-az1249-304/10.1.0.38)fad86c32-67f1-4b6d-b48a-d8941e8b4fba(fv-az1249-304/10.1.0.38)85fe1515-2b71-4688-862a-26af69046f00(fv-az1249-304/10.1.0.38), ReplicationConfig: RATIS/THREE, State:CLOSED, leaderId:85fe1515-2b71-4688-862a-26af69046f00, CreationTimestamp2023-05-23T10:27:29.216Z[Etc/UTC]] removed.
2023-05-23 10:27:48,023 [EventQueue-DeadNodeForDeadNodeHandler] INFO  node.DeadNodeHandler (DeadNodeHandler.java:onMessage(96)) - Clearing command queue of size 3 for DN 8252e408-c982-4bc9-a7b5-c82dcdf99b6f(fv-az1249-304/10.1.0.38)
2023-05-23 10:27:48,024 [EventQueue-DeadNodeForDeadNodeHandler] INFO  net.NetworkTopologyImpl (NetworkTopologyImpl.java:remove(190)) - Removed a node: /default-rack/8252e408-c982-4bc9-a7b5-c82dcdf99b6f
2023-05-23 10:27:48,037 [Listener at 127.0.0.1/15196] INFO  container.TestHelper (TestHelper.java:countReplicas(423)) - Container 1 has 2 replicas on [85fe1515-2b71-4688-862a-26af69046f00, fad86c32-67f1-4b6d-b48a-d8941e8b4fba]
2023-05-23 10:27:48,037 [Listener at 127.0.0.1/15196] INFO  container.TestHelper (TestHelper.java:countReplicas(423)) - Container 1 has 2 replicas on [85fe1515-2b71-4688-862a-26af69046f00, fad86c32-67f1-4b6d-b48a-d8941e8b4fba]
2023-05-23 10:27:48,232 [grpc-default-executor-5] WARN  server.GrpcLogAppender (LogUtils.java:warn(122)) - 85fe1515-2b71-4688-862a-26af69046f00@group-7FDC898A2B18->8252e408-c982-4bc9-a7b5-c82dcdf99b6f-AppendLogResponseHandler: Failed appendEntries: org.apache.ratis.thirdparty.io.grpc.StatusRuntimeException: UNAVAILABLE: io exception
2023-05-23 10:27:48,233 [grpc-default-executor-3] WARN  server.GrpcLogAppender (LogUtils.java:warn(122)) - 85fe1515-2b71-4688-862a-26af69046f00@group-7FDC898A2B18->8252e408-c982-4bc9-a7b5-c82dcdf99b6f-AppendLogResponseHandler: Failed appendEntries: org.apache.ratis.thirdparty.io.grpc.StatusRuntimeException: UNAVAILABLE: io exception
2023-05-23 10:27:48,243 [grpc-default-executor-3] WARN  server.GrpcLogAppender (LogUtils.java:warn(122)) - 85fe1515-2b71-4688-862a-26af69046f00@group-7FDC898A2B18->8252e408-c982-4bc9-a7b5-c82dcdf99b6f-AppendLogResponseHandler: Failed appendEntries: org.apache.ratis.thirdparty.io.grpc.StatusRuntimeException: UNAVAILABLE: io exception
2023-05-23 10:27:48,243 [grpc-default-executor-3] INFO  leader.FollowerInfo (FollowerInfoImpl.java:lambda$new$0(52)) - 85fe1515-2b71-4688-862a-26af69046f00@group-7FDC898A2B18->8252e408-c982-4bc9-a7b5-c82dcdf99b6f: decreaseNextIndex nextIndex: updateUnconditionally 1 -> 0
2023-05-23 10:27:48,244 [grpc-default-executor-5] WARN  server.GrpcLogAppender (LogUtils.java:warn(122)) - 85fe1515-2b71-4688-862a-26af69046f00@group-7FDC898A2B18->8252e408-c982-4bc9-a7b5-c82dcdf99b6f-AppendLogResponseHandler: Failed appendEntries: org.apache.ratis.thirdparty.io.grpc.StatusRuntimeException: UNAVAILABLE: io exception
2023-05-23 10:27:48,260 [grpc-default-executor-3] WARN  server.GrpcLogAppender (LogUtils.java:warn(122)) - fad86c32-67f1-4b6d-b48a-d8941e8b4fba@group-F6F833690CA0->8252e408-c982-4bc9-a7b5-c82dcdf99b6f-AppendLogResponseHandler: Failed appendEntries: org.apache.ratis.thirdparty.io.grpc.StatusRuntimeException: UNAVAILABLE: io exception
2023-05-23 10:27:48,260 [grpc-default-executor-5] WARN  server.GrpcLogAppender (LogUtils.java:warn(122)) - fad86c32-67f1-4b6d-b48a-d8941e8b4fba@group-F6F833690CA0->8252e408-c982-4bc9-a7b5-c82dcdf99b6f-AppendLogResponseHandler: Failed appendEntries: org.apache.ratis.thirdparty.io.grpc.StatusRuntimeException: UNAVAILABLE: io exception
2023-05-23 10:27:48,260 [grpc-default-executor-3] WARN  server.GrpcLogAppender (GrpcLogAppender.java:resetClient(128)) - fad86c32-67f1-4b6d-b48a-d8941e8b4fba@group-F6F833690CA0->8252e408-c982-4bc9-a7b5-c82dcdf99b6f-GrpcLogAppender: Follower failed when matchIndex == 0,  keep nextIndex (1) unchanged and retry.
2023-05-23 10:27:48,261 [grpc-default-executor-5] WARN  server.GrpcLogAppender (GrpcLogAppender.java:resetClient(128)) - fad86c32-67f1-4b6d-b48a-d8941e8b4fba@group-F6F833690CA0->8252e408-c982-4bc9-a7b5-c82dcdf99b6f-GrpcLogAppender: Follower failed when matchIndex == 0,  keep nextIndex (1) unchanged and retry.
2023-05-23 10:27:48,375 [ReplicationMonitor] INFO  replication.ReplicationManager (ReplicationManager.java:processAll(403)) - Replication Monitor Thread took 1 milliseconds for processing 1 containers.
2023-05-23 10:27:49,037 [Listener at 127.0.0.1/15196] INFO  container.TestHelper (TestHelper.java:countReplicas(423)) - Container 1 has 2 replicas on [85fe1515-2b71-4688-862a-26af69046f00, fad86c32-67f1-4b6d-b48a-d8941e8b4fba]
2023-05-23 10:27:49,370 [Under Replicated Processor] INFO  replication.ReplicationManager (ReplicationManager.java:sendDatanodeCommand(684)) - Sending command [replicateContainerCommand: containerId=1, replicaIndex=0, targetNode=c218ba02-a349-461c-9b33-7224d749d428(fv-az1249-304/10.1.0.38), priority=NORMAL] for container ContainerInfo{id=#1, state=CLOSED, pipelineID=PipelineID=b47636c3-2d9f-4218-b1b8-7fdc898a2b18, stateEnterTime=2023-05-23T10:27:37.924Z, owner=om1} to fad86c32-67f1-4b6d-b48a-d8941e8b4fba(fv-az1249-304/10.1.0.38) with datanode deadline 1684838239370 and scm deadline 1684838269370
2023-05-23 10:27:49,370 [Under Replicated Processor] INFO  replication.UnhealthyReplicationProcessor (UnhealthyReplicationProcessor.java:processAll(131)) - Processed 1 containers with health state counts {UNDER_REPLICATED=1}, failed processing 0
2023-05-23 10:27:49,375 [ReplicationMonitor] INFO  replication.ReplicationManager (ReplicationManager.java:processAll(403)) - Replication Monitor Thread took 0 milliseconds for processing 1 containers.
2023-05-23 10:27:49,483 [grpc-default-executor-5] WARN  server.GrpcLogAppender (LogUtils.java:warn(122)) - 85fe1515-2b71-4688-862a-26af69046f00@group-7FDC898A2B18->8252e408-c982-4bc9-a7b5-c82dcdf99b6f-AppendLogResponseHandler: Failed appendEntries: org.apache.ratis.thirdparty.io.grpc.StatusRuntimeException: UNAVAILABLE: io exception
2023-05-23 10:27:49,484 [grpc-default-executor-3] WARN  server.GrpcLogAppender (LogUtils.java:warn(122)) - 85fe1515-2b71-4688-862a-26af69046f00@group-7FDC898A2B18->8252e408-c982-4bc9-a7b5-c82dcdf99b6f-AppendLogResponseHandler: Failed appendEntries: org.apache.ratis.thirdparty.io.grpc.StatusRuntimeException: UNAVAILABLE: io exception
2023-05-23 10:27:49,493 [grpc-default-executor-3] WARN  server.GrpcLogAppender (LogUtils.java:warn(122)) - 85fe1515-2b71-4688-862a-26af69046f00@group-7FDC898A2B18->8252e408-c982-4bc9-a7b5-c82dcdf99b6f-AppendLogResponseHandler: Failed appendEntries: org.apache.ratis.thirdparty.io.grpc.StatusRuntimeException: UNAVAILABLE: io exception
2023-05-23 10:27:49,494 [grpc-default-executor-3] INFO  leader.FollowerInfo (FollowerInfoImpl.java:lambda$new$0(52)) - 85fe1515-2b71-4688-862a-26af69046f00@group-7FDC898A2B18->8252e408-c982-4bc9-a7b5-c82dcdf99b6f: decreaseNextIndex nextIndex: updateUnconditionally 1 -> 0
2023-05-23 10:27:49,494 [grpc-default-executor-5] WARN  server.GrpcLogAppender (LogUtils.java:warn(122)) - 85fe1515-2b71-4688-862a-26af69046f00@group-7FDC898A2B18->8252e408-c982-4bc9-a7b5-c82dcdf99b6f-AppendLogResponseHandler: Failed appendEntries: org.apache.ratis.thirdparty.io.grpc.StatusRuntimeException: UNAVAILABLE: io exception
2023-05-23 10:27:49,510 [grpc-default-executor-3] WARN  server.GrpcLogAppender (LogUtils.java:warn(122)) - fad86c32-67f1-4b6d-b48a-d8941e8b4fba@group-F6F833690CA0->8252e408-c982-4bc9-a7b5-c82dcdf99b6f-AppendLogResponseHandler: Failed appendEntries: org.apache.ratis.thirdparty.io.grpc.StatusRuntimeException: UNAVAILABLE: io exception
2023-05-23 10:27:49,511 [grpc-default-executor-3] WARN  server.GrpcLogAppender (GrpcLogAppender.java:resetClient(128)) - fad86c32-67f1-4b6d-b48a-d8941e8b4fba@group-F6F833690CA0->8252e408-c982-4bc9-a7b5-c82dcdf99b6f-GrpcLogAppender: Follower failed when matchIndex == 0,  keep nextIndex (1) unchanged and retry.
2023-05-23 10:27:49,510 [grpc-default-executor-5] WARN  server.GrpcLogAppender (LogUtils.java:warn(122)) - fad86c32-67f1-4b6d-b48a-d8941e8b4fba@group-F6F833690CA0->8252e408-c982-4bc9-a7b5-c82dcdf99b6f-AppendLogResponseHandler: Failed appendEntries: org.apache.ratis.thirdparty.io.grpc.StatusRuntimeException: UNAVAILABLE: io exception
2023-05-23 10:27:49,513 [grpc-default-executor-5] WARN  server.GrpcLogAppender (GrpcLogAppender.java:resetClient(128)) - fad86c32-67f1-4b6d-b48a-d8941e8b4fba@group-F6F833690CA0->8252e408-c982-4bc9-a7b5-c82dcdf99b6f-GrpcLogAppender: Follower failed when matchIndex == 0,  keep nextIndex (1) unchanged and retry.
2023-05-23 10:27:49,990 [Command processor thread] INFO  server.RaftServer (RaftServerProxy.java:remove(109)) - 85fe1515-2b71-4688-862a-26af69046f00: remove  FOLLOWER 85fe1515-2b71-4688-862a-26af69046f00@group-F6F833690CA0:t1, leader=fad86c32-67f1-4b6d-b48a-d8941e8b4fba, voted=fad86c32-67f1-4b6d-b48a-d8941e8b4fba, raftlog=Memoized:85fe1515-2b71-4688-862a-26af69046f00@group-F6F833690CA0-SegmentedRaftLog:OPENED:c0, conf=0: peers:[fad86c32-67f1-4b6d-b48a-d8941e8b4fba|rpc:10.1.0.38:15205|admin:10.1.0.38:15204|client:10.1.0.38:15203|dataStream:10.1.0.38:15206|priority:1|startupRole:FOLLOWER, 85fe1515-2b71-4688-862a-26af69046f00|rpc:10.1.0.38:15221|admin:10.1.0.38:15220|client:10.1.0.38:15219|dataStream:10.1.0.38:15222|priority:0|startupRole:FOLLOWER, 8252e408-c982-4bc9-a7b5-c82dcdf99b6f|rpc:10.1.0.38:15213|admin:10.1.0.38:15212|client:10.1.0.38:15211|dataStream:10.1.0.38:15214|priority:0|startupRole:FOLLOWER]|listeners:[], old=null RUNNING
2023-05-23 10:27:49,990 [Command processor thread] INFO  server.RaftServer$Division (RaftServerImpl.java:lambda$close$4(466)) - 85fe1515-2b71-4688-862a-26af69046f00@group-F6F833690CA0: shutdown
2023-05-23 10:27:49,990 [Command processor thread] INFO  util.JmxRegister (JmxRegister.java:unregister(73)) - Successfully un-registered JMX Bean with object name Ratis:service=RaftServer,group=group-F6F833690CA0,id=85fe1515-2b71-4688-862a-26af69046f00
2023-05-23 10:27:49,990 [Command processor thread] INFO  impl.RoleInfo (RoleInfo.java:shutdownFollowerState(110)) - 85fe1515-2b71-4688-862a-26af69046f00: shutdown 85fe1515-2b71-4688-862a-26af69046f00@group-F6F833690CA0-FollowerState
2023-05-23 10:27:49,990 [Command processor thread] INFO  impl.StateMachineUpdater (StateMachineUpdater.java:stopAndJoin(155)) - 85fe1515-2b71-4688-862a-26af69046f00@group-F6F833690CA0-StateMachineUpdater: set stopIndex = 0
2023-05-23 10:27:49,991 [85fe1515-2b71-4688-862a-26af69046f00@group-F6F833690CA0-FollowerState] INFO  impl.FollowerState (FollowerState.java:run(152)) - 85fe1515-2b71-4688-862a-26af69046f00@group-F6F833690CA0-FollowerState was interrupted
2023-05-23 10:27:49,992 [85fe1515-2b71-4688-862a-26af69046f00@group-F6F833690CA0-StateMachineUpdater] INFO  ratis.ContainerStateMachine (ContainerStateMachine.java:takeSnapshot(330)) - group-F6F833690CA0: Taking a snapshot at:(t:1, i:0) file /home/runner/work/ozone/ozone/hadoop-ozone/integration-test/target/test-dir/MiniOzoneClusterImpl-1448f794-6d1a-4b49-b7b3-e839f56d4fba/datanode-2/data/ratis/6c514fb2-bffb-4707-8a6d-f6f833690ca0/sm/snapshot.1_0
2023-05-23 10:27:49,993 [85fe1515-2b71-4688-862a-26af69046f00@group-F6F833690CA0-StateMachineUpdater] INFO  ratis.ContainerStateMachine (ContainerStateMachine.java:takeSnapshot(341)) - group-F6F833690CA0: Finished taking a snapshot at:(t:1, i:0) file:/home/runner/work/ozone/ozone/hadoop-ozone/integration-test/target/test-dir/MiniOzoneClusterImpl-1448f794-6d1a-4b49-b7b3-e839f56d4fba/datanode-2/data/ratis/6c514fb2-bffb-4707-8a6d-f6f833690ca0/sm/snapshot.1_0 took: 1 ms
2023-05-23 10:27:49,993 [85fe1515-2b71-4688-862a-26af69046f00@group-F6F833690CA0-StateMachineUpdater] INFO  impl.StateMachineUpdater (StateMachineUpdater.java:takeSnapshot(291)) - 85fe1515-2b71-4688-862a-26af69046f00@group-F6F833690CA0-StateMachineUpdater: Took a snapshot at index 0
2023-05-23 10:27:49,993 [85fe1515-2b71-4688-862a-26af69046f00@group-F6F833690CA0-StateMachineUpdater] INFO  impl.StateMachineUpdater (StateMachineUpdater.java:lambda$new$0(97)) - 85fe1515-2b71-4688-862a-26af69046f00@group-F6F833690CA0-StateMachineUpdater: snapshotIndex: updateIncreasingly -1 -> 0
2023-05-23 10:27:49,993 [Command processor thread] INFO  server.RaftServer$Division (ServerState.java:close(472)) - 85fe1515-2b71-4688-862a-26af69046f00@group-F6F833690CA0: closes. applyIndex: 0
2023-05-23 10:27:49,999 [Command processor thread] INFO  server.RaftServer (RaftServerProxy.java:remove(109)) - fad86c32-67f1-4b6d-b48a-d8941e8b4fba: remove    LEADER fad86c32-67f1-4b6d-b48a-d8941e8b4fba@group-F6F833690CA0:t1, leader=fad86c32-67f1-4b6d-b48a-d8941e8b4fba, voted=fad86c32-67f1-4b6d-b48a-d8941e8b4fba, raftlog=Memoized:fad86c32-67f1-4b6d-b48a-d8941e8b4fba@group-F6F833690CA0-SegmentedRaftLog:OPENED:c0, conf=0: peers:[fad86c32-67f1-4b6d-b48a-d8941e8b4fba|rpc:10.1.0.38:15205|admin:10.1.0.38:15204|client:10.1.0.38:15203|dataStream:10.1.0.38:15206|priority:1|startupRole:FOLLOWER, 85fe1515-2b71-4688-862a-26af69046f00|rpc:10.1.0.38:15221|admin:10.1.0.38:15220|client:10.1.0.38:15219|dataStream:10.1.0.38:15222|priority:0|startupRole:FOLLOWER, 8252e408-c982-4bc9-a7b5-c82dcdf99b6f|rpc:10.1.0.38:15213|admin:10.1.0.38:15212|client:10.1.0.38:15211|dataStream:10.1.0.38:15214|priority:0|startupRole:FOLLOWER]|listeners:[], old=null RUNNING
2023-05-23 10:27:49,999 [Command processor thread] INFO  server.RaftServer$Division (RaftServerImpl.java:lambda$close$4(466)) - fad86c32-67f1-4b6d-b48a-d8941e8b4fba@group-F6F833690CA0: shutdown
2023-05-23 10:27:49,999 [Command processor thread] INFO  util.JmxRegister (JmxRegister.java:unregister(73)) - Successfully un-registered JMX Bean with object name Ratis:service=RaftServer,group=group-F6F833690CA0,id=fad86c32-67f1-4b6d-b48a-d8941e8b4fba
2023-05-23 10:27:50,000 [Command processor thread] INFO  impl.RoleInfo (RoleInfo.java:shutdownLeaderState(93)) - fad86c32-67f1-4b6d-b48a-d8941e8b4fba: shutdown fad86c32-67f1-4b6d-b48a-d8941e8b4fba@group-F6F833690CA0-LeaderStateImpl
2023-05-23 10:27:50,000 [fad86c32-67f1-4b6d-b48a-d8941e8b4fba@group-F6F833690CA0->85fe1515-2b71-4688-862a-26af69046f00-GrpcLogAppender-LogAppenderDaemon] WARN  server.GrpcLogAppender (GrpcLogAppender.java:mayWait(199)) - fad86c32-67f1-4b6d-b48a-d8941e8b4fba@group-F6F833690CA0->85fe1515-2b71-4688-862a-26af69046f00-GrpcLogAppender: Wait interrupted by java.lang.InterruptedException
2023-05-23 10:27:50,000 [Command processor thread] INFO  impl.PendingRequests (PendingRequests.java:sendNotLeaderResponses(289)) - fad86c32-67f1-4b6d-b48a-d8941e8b4fba@group-F6F833690CA0-PendingRequests: sendNotLeaderResponses
2023-05-23 10:27:50,000 [Command processor thread] INFO  impl.StateMachineUpdater (StateMachineUpdater.java:stopAndJoin(155)) - fad86c32-67f1-4b6d-b48a-d8941e8b4fba@group-F6F833690CA0-StateMachineUpdater: set stopIndex = 0
2023-05-23 10:27:50,000 [fad86c32-67f1-4b6d-b48a-d8941e8b4fba@group-F6F833690CA0-StateMachineUpdater] INFO  ratis.ContainerStateMachine (ContainerStateMachine.java:takeSnapshot(330)) - group-F6F833690CA0: Taking a snapshot at:(t:1, i:0) file /home/runner/work/ozone/ozone/hadoop-ozone/integration-test/target/test-dir/MiniOzoneClusterImpl-1448f794-6d1a-4b49-b7b3-e839f56d4fba/datanode-0/data/ratis/6c514fb2-bffb-4707-8a6d-f6f833690ca0/sm/snapshot.1_0
2023-05-23 10:27:50,001 [fad86c32-67f1-4b6d-b48a-d8941e8b4fba@group-F6F833690CA0->8252e408-c982-4bc9-a7b5-c82dcdf99b6f-GrpcLogAppender-LogAppenderDaemon] WARN  server.GrpcLogAppender (GrpcLogAppender.java:mayWait(199)) - fad86c32-67f1-4b6d-b48a-d8941e8b4fba@group-F6F833690CA0->8252e408-c982-4bc9-a7b5-c82dcdf99b6f-GrpcLogAppender: Wait interrupted by java.lang.InterruptedException
2023-05-23 10:27:50,001 [grpc-default-executor-3] INFO  server.GrpcServerProtocolService (GrpcServerProtocolService.java:onCompleted(155)) - 85fe1515-2b71-4688-862a-26af69046f00: Completed APPEND_ENTRIES, lastRequest: null
2023-05-23 10:27:50,001 [fad86c32-67f1-4b6d-b48a-d8941e8b4fba@group-F6F833690CA0-StateMachineUpdater] INFO  ratis.ContainerStateMachine (ContainerStateMachine.java:takeSnapshot(341)) - group-F6F833690CA0: Finished taking a snapshot at:(t:1, i:0) file:/home/runner/work/ozone/ozone/hadoop-ozone/integration-test/target/test-dir/MiniOzoneClusterImpl-1448f794-6d1a-4b49-b7b3-e839f56d4fba/datanode-0/data/ratis/6c514fb2-bffb-4707-8a6d-f6f833690ca0/sm/snapshot.1_0 took: 1 ms
2023-05-23 10:27:50,001 [grpc-default-executor-3] INFO  server.GrpcServerProtocolService (GrpcServerProtocolService.java:lambda$onCompleted$5(157)) - 85fe1515-2b71-4688-862a-26af69046f00: Completed APPEND_ENTRIES, lastReply: serverReply {
  requestorId: "fad86c32-67f1-4b6d-b48a-d8941e8b4fba"
  replyId: "85fe1515-2b71-4688-862a-26af69046f00"
  raftGroupId {
    id: "lQO\262\277\373G\a\212m\366\3703i\f\240"
  }
  callId: 7
  success: true
}
term: 1
nextIndex: 1
matchIndex: 18446744073709551615
isHearbeat: true

2023-05-23 10:27:50,001 [fad86c32-67f1-4b6d-b48a-d8941e8b4fba@group-F6F833690CA0-StateMachineUpdater] INFO  impl.StateMachineUpdater (StateMachineUpdater.java:takeSnapshot(291)) - fad86c32-67f1-4b6d-b48a-d8941e8b4fba@group-F6F833690CA0-StateMachineUpdater: Took a snapshot at index 0
2023-05-23 10:27:50,001 [fad86c32-67f1-4b6d-b48a-d8941e8b4fba@group-F6F833690CA0-StateMachineUpdater] INFO  impl.StateMachineUpdater (StateMachineUpdater.java:lambda$new$0(97)) - fad86c32-67f1-4b6d-b48a-d8941e8b4fba@group-F6F833690CA0-StateMachineUpdater: snapshotIndex: updateIncreasingly -1 -> 0
2023-05-23 10:27:50,002 [grpc-default-executor-0] INFO  server.GrpcLogAppender (GrpcLogAppender.java:onCompleted(428)) - fad86c32-67f1-4b6d-b48a-d8941e8b4fba@group-F6F833690CA0->85fe1515-2b71-4688-862a-26af69046f00-AppendLogResponseHandler: follower responses appendEntries COMPLETED
2023-05-23 10:27:50,002 [grpc-default-executor-0] INFO  leader.FollowerInfo (FollowerInfoImpl.java:lambda$new$0(52)) - fad86c32-67f1-4b6d-b48a-d8941e8b4fba@group-F6F833690CA0->85fe1515-2b71-4688-862a-26af69046f00: decreaseNextIndex nextIndex: updateUnconditionally 1 -> 0
2023-05-23 10:27:50,004 [grpc-default-executor-5] INFO  server.GrpcServerProtocolService (GrpcServerProtocolService.java:onCompleted(155)) - 85fe1515-2b71-4688-862a-26af69046f00: Completed APPEND_ENTRIES, lastRequest: fad86c32-67f1-4b6d-b48a-d8941e8b4fba->85fe1515-2b71-4688-862a-26af69046f00#1-t1,previous=(t:0, i:0),leaderCommit=-1,initializing? true,entries: size=1, first=(t:1, i:0), CONFIGURATIONENTRY(current:id: "fad86c32-67f1-4b6d-b48a-d8941e8b4fba"
address: "10.1.0.38:15205"
priority: 1
dataStreamAddress: "10.1.0.38:15206"
clientAddress: "10.1.0.38:15203"
adminAddress: "10.1.0.38:15204"
startupRole: FOLLOWER
,id: "85fe1515-2b71-4688-862a-26af69046f00"
address: "10.1.0.38:15221"
dataStreamAddress: "10.1.0.38:15222"
clientAddress: "10.1.0.38:15219"
adminAddress: "10.1.0.38:15220"
startupRole: FOLLOWER
,id: "8252e408-c982-4bc9-a7b5-c82dcdf99b6f"
address: "10.1.0.38:15213"
dataStreamAddress: "10.1.0.38:15214"
clientAddress: "10.1.0.38:15211"
adminAddress: "10.1.0.38:15212"
startupRole: FOLLOWER
, old:)
2023-05-23 10:27:50,004 [grpc-default-executor-5] INFO  server.GrpcServerProtocolService (GrpcServerProtocolService.java:lambda$onCompleted$5(157)) - 85fe1515-2b71-4688-862a-26af69046f00: Completed APPEND_ENTRIES, lastReply: null
2023-05-23 10:27:50,004 [Command processor thread] INFO  server.RaftServer$Division (ServerState.java:close(472)) - fad86c32-67f1-4b6d-b48a-d8941e8b4fba@group-F6F833690CA0: closes. applyIndex: 0
2023-05-23 10:27:50,004 [grpc-default-executor-3] INFO  server.GrpcLogAppender (GrpcLogAppender.java:onCompleted(428)) - fad86c32-67f1-4b6d-b48a-d8941e8b4fba@group-F6F833690CA0->85fe1515-2b71-4688-862a-26af69046f00-AppendLogResponseHandler: follower responses appendEntries COMPLETED
2023-05-23 10:27:50,038 [Listener at 127.0.0.1/15196] INFO  container.TestHelper (TestHelper.java:countReplicas(423)) - Container 1 has 2 replicas on [85fe1515-2b71-4688-862a-26af69046f00, fad86c32-67f1-4b6d-b48a-d8941e8b4fba]
2023-05-23 10:27:50,375 [ReplicationMonitor] INFO  replication.ReplicationManager (ReplicationManager.java:processAll(403)) - Replication Monitor Thread took 0 milliseconds for processing 1 containers.
2023-05-23 10:27:50,734 [grpc-default-executor-5] WARN  server.GrpcLogAppender (LogUtils.java:warn(122)) - 85fe1515-2b71-4688-862a-26af69046f00@group-7FDC898A2B18->8252e408-c982-4bc9-a7b5-c82dcdf99b6f-AppendLogResponseHandler: Failed appendEntries: org.apache.ratis.thirdparty.io.grpc.StatusRuntimeException: UNAVAILABLE: io exception
2023-05-23 10:27:50,734 [grpc-default-executor-3] WARN  server.GrpcLogAppender (LogUtils.java:warn(122)) - 85fe1515-2b71-4688-862a-26af69046f00@group-7FDC898A2B18->8252e408-c982-4bc9-a7b5-c82dcdf99b6f-AppendLogResponseHandler: Failed appendEntries: org.apache.ratis.thirdparty.io.grpc.StatusRuntimeException: UNAVAILABLE: io exception
2023-05-23 10:27:50,746 [grpc-default-executor-3] WARN  server.GrpcLogAppender (LogUtils.java:warn(122)) - 85fe1515-2b71-4688-862a-26af69046f00@group-7FDC898A2B18->8252e408-c982-4bc9-a7b5-c82dcdf99b6f-AppendLogResponseHandler: Failed appendEntries: org.apache.ratis.thirdparty.io.grpc.StatusRuntimeException: UNAVAILABLE: io exception
2023-05-23 10:27:50,746 [grpc-default-executor-3] INFO  leader.FollowerInfo (FollowerInfoImpl.java:lambda$new$0(52)) - 85fe1515-2b71-4688-862a-26af69046f00@group-7FDC898A2B18->8252e408-c982-4bc9-a7b5-c82dcdf99b6f: decreaseNextIndex nextIndex: updateUnconditionally 1 -> 0
2023-05-23 10:27:50,747 [grpc-default-executor-5] WARN  server.GrpcLogAppender (LogUtils.java:warn(122)) - 85fe1515-2b71-4688-862a-26af69046f00@group-7FDC898A2B18->8252e408-c982-4bc9-a7b5-c82dcdf99b6f-AppendLogResponseHandler: Failed appendEntries: org.apache.ratis.thirdparty.io.grpc.StatusRuntimeException: UNAVAILABLE: io exception
2023-05-23 10:27:50,964 [Command processor thread] INFO  segmented.SegmentedRaftLogWorker (SegmentedRaftLogWorker.java:close(252)) - fad86c32-67f1-4b6d-b48a-d8941e8b4fba@group-F6F833690CA0-SegmentedRaftLogWorker close()
2023-05-23 10:27:50,966 [Command processor thread] INFO  server.RaftServer$Division (RaftServerImpl.java:groupRemove(436)) - fad86c32-67f1-4b6d-b48a-d8941e8b4fba@group-F6F833690CA0: Succeed to remove RaftStorageDirectory Storage Directory /home/runner/work/ozone/ozone/hadoop-ozone/integration-test/target/test-dir/MiniOzoneClusterImpl-1448f794-6d1a-4b49-b7b3-e839f56d4fba/datanode-0/data/ratis/6c514fb2-bffb-4707-8a6d-f6f833690ca0
2023-05-23 10:27:50,966 [Command processor thread] INFO  commandhandler.ClosePipelineCommandHandler (ClosePipelineCommandHandler.java:handle(78)) - Close Pipeline PipelineID=6c514fb2-bffb-4707-8a6d-f6f833690ca0 command on datanode fad86c32-67f1-4b6d-b48a-d8941e8b4fba.
2023-05-23 10:27:50,966 [Command processor thread] INFO  server.RaftServer (RaftServerProxy.java:remove(109)) - fad86c32-67f1-4b6d-b48a-d8941e8b4fba: remove  FOLLOWER fad86c32-67f1-4b6d-b48a-d8941e8b4fba@group-7FDC898A2B18:t1, leader=85fe1515-2b71-4688-862a-26af69046f00, voted=85fe1515-2b71-4688-862a-26af69046f00, raftlog=Memoized:fad86c32-67f1-4b6d-b48a-d8941e8b4fba@group-7FDC898A2B18-SegmentedRaftLog:OPENED:c6, conf=0: peers:[fad86c32-67f1-4b6d-b48a-d8941e8b4fba|rpc:10.1.0.38:15205|admin:10.1.0.38:15204|client:10.1.0.38:15203|dataStream:10.1.0.38:15206|priority:0|startupRole:FOLLOWER, 85fe1515-2b71-4688-862a-26af69046f00|rpc:10.1.0.38:15221|admin:10.1.0.38:15220|client:10.1.0.38:15219|dataStream:10.1.0.38:15222|priority:1|startupRole:FOLLOWER, 8252e408-c982-4bc9-a7b5-c82dcdf99b6f|rpc:10.1.0.38:15213|admin:10.1.0.38:15212|client:10.1.0.38:15211|dataStream:10.1.0.38:15214|priority:0|startupRole:FOLLOWER]|listeners:[], old=null RUNNING
2023-05-23 10:27:50,966 [Command processor thread] INFO  server.RaftServer$Division (RaftServerImpl.java:lambda$close$4(466)) - fad86c32-67f1-4b6d-b48a-d8941e8b4fba@group-7FDC898A2B18: shutdown
2023-05-23 10:27:50,966 [Command processor thread] INFO  util.JmxRegister (JmxRegister.java:unregister(73)) - Successfully un-registered JMX Bean with object name Ratis:service=RaftServer,group=group-7FDC898A2B18,id=fad86c32-67f1-4b6d-b48a-d8941e8b4fba
2023-05-23 10:27:50,967 [Command processor thread] INFO  impl.RoleInfo (RoleInfo.java:shutdownFollowerState(110)) - fad86c32-67f1-4b6d-b48a-d8941e8b4fba: shutdown fad86c32-67f1-4b6d-b48a-d8941e8b4fba@group-7FDC898A2B18-FollowerState
2023-05-23 10:27:50,967 [Command processor thread] INFO  impl.StateMachineUpdater (StateMachineUpdater.java:stopAndJoin(155)) - fad86c32-67f1-4b6d-b48a-d8941e8b4fba@group-7FDC898A2B18-StateMachineUpdater: set stopIndex = 6
2023-05-23 10:27:50,967 [fad86c32-67f1-4b6d-b48a-d8941e8b4fba@group-7FDC898A2B18-FollowerState] INFO  impl.FollowerState (FollowerState.java:run(152)) - fad86c32-67f1-4b6d-b48a-d8941e8b4fba@group-7FDC898A2B18-FollowerState was interrupted
2023-05-23 10:27:50,967 [fad86c32-67f1-4b6d-b48a-d8941e8b4fba@group-7FDC898A2B18-StateMachineUpdater] INFO  ratis.ContainerStateMachine (ContainerStateMachine.java:takeSnapshot(330)) - group-7FDC898A2B18: Taking a snapshot at:(t:1, i:6) file /home/runner/work/ozone/ozone/hadoop-ozone/integration-test/target/test-dir/MiniOzoneClusterImpl-1448f794-6d1a-4b49-b7b3-e839f56d4fba/datanode-0/data/ratis/b47636c3-2d9f-4218-b1b8-7fdc898a2b18/sm/snapshot.1_6
2023-05-23 10:27:50,969 [fad86c32-67f1-4b6d-b48a-d8941e8b4fba@group-7FDC898A2B18-StateMachineUpdater] INFO  ratis.ContainerStateMachine (ContainerStateMachine.java:takeSnapshot(341)) - group-7FDC898A2B18: Finished taking a snapshot at:(t:1, i:6) file:/home/runner/work/ozone/ozone/hadoop-ozone/integration-test/target/test-dir/MiniOzoneClusterImpl-1448f794-6d1a-4b49-b7b3-e839f56d4fba/datanode-0/data/ratis/b47636c3-2d9f-4218-b1b8-7fdc898a2b18/sm/snapshot.1_6 took: 2 ms
2023-05-23 10:27:50,969 [fad86c32-67f1-4b6d-b48a-d8941e8b4fba@group-7FDC898A2B18-StateMachineUpdater] INFO  impl.StateMachineUpdater (StateMachineUpdater.java:takeSnapshot(291)) - fad86c32-67f1-4b6d-b48a-d8941e8b4fba@group-7FDC898A2B18-StateMachineUpdater: Took a snapshot at index 6
2023-05-23 10:27:50,969 [fad86c32-67f1-4b6d-b48a-d8941e8b4fba@group-7FDC898A2B18-StateMachineUpdater] INFO  impl.StateMachineUpdater (StateMachineUpdater.java:lambda$new$0(97)) - fad86c32-67f1-4b6d-b48a-d8941e8b4fba@group-7FDC898A2B18-StateMachineUpdater: snapshotIndex: updateIncreasingly -1 -> 6
2023-05-23 10:27:50,970 [Command processor thread] INFO  server.RaftServer$Division (ServerState.java:close(472)) - fad86c32-67f1-4b6d-b48a-d8941e8b4fba@group-7FDC898A2B18: closes. applyIndex: 6
2023-05-23 10:27:50,979 [Command processor thread] INFO  segmented.SegmentedRaftLogWorker (SegmentedRaftLogWorker.java:close(252)) - fad86c32-67f1-4b6d-b48a-d8941e8b4fba@group-7FDC898A2B18-SegmentedRaftLogWorker close()
2023-05-23 10:27:50,982 [Command processor thread] INFO  server.RaftServer$Division (RaftServerImpl.java:groupRemove(436)) - fad86c32-67f1-4b6d-b48a-d8941e8b4fba@group-7FDC898A2B18: Succeed to remove RaftStorageDirectory Storage Directory /home/runner/work/ozone/ozone/hadoop-ozone/integration-test/target/test-dir/MiniOzoneClusterImpl-1448f794-6d1a-4b49-b7b3-e839f56d4fba/datanode-0/data/ratis/b47636c3-2d9f-4218-b1b8-7fdc898a2b18
2023-05-23 10:27:50,983 [Command processor thread] INFO  commandhandler.ClosePipelineCommandHandler (ClosePipelineCommandHandler.java:handle(78)) - Close Pipeline PipelineID=b47636c3-2d9f-4218-b1b8-7fdc898a2b18 command on datanode fad86c32-67f1-4b6d-b48a-d8941e8b4fba.
2023-05-23 10:27:50,983 [ContainerReplicationThread-0] INFO  replication.PushReplicator (PushReplicator.java:replicate(58)) - Starting replication of container 1 to c218ba02-a349-461c-9b33-7224d749d428(fv-az1249-304/10.1.0.38) using NO_COMPRESSION
2023-05-23 10:27:50,994 [Command processor thread] INFO  segmented.SegmentedRaftLogWorker (SegmentedRaftLogWorker.java:close(252)) - 85fe1515-2b71-4688-862a-26af69046f00@group-F6F833690CA0-SegmentedRaftLogWorker close()
2023-05-23 10:27:51,005 [ContainerReplicationThread-0] INFO  replication.GrpcOutputStream (GrpcOutputStream.java:close(111)) - Sent 9728 bytes for container 1
2023-05-23 10:27:51,008 [Command processor thread] INFO  server.RaftServer$Division (RaftServerImpl.java:groupRemove(436)) - 85fe1515-2b71-4688-862a-26af69046f00@group-F6F833690CA0: Succeed to remove RaftStorageDirectory Storage Directory /home/runner/work/ozone/ozone/hadoop-ozone/integration-test/target/test-dir/MiniOzoneClusterImpl-1448f794-6d1a-4b49-b7b3-e839f56d4fba/datanode-2/data/ratis/6c514fb2-bffb-4707-8a6d-f6f833690ca0
2023-05-23 10:27:51,008 [Command processor thread] INFO  commandhandler.ClosePipelineCommandHandler (ClosePipelineCommandHandler.java:handle(78)) - Close Pipeline PipelineID=6c514fb2-bffb-4707-8a6d-f6f833690ca0 command on datanode 85fe1515-2b71-4688-862a-26af69046f00.
2023-05-23 10:27:51,008 [Command processor thread] INFO  server.RaftServer (RaftServerProxy.java:remove(109)) - 85fe1515-2b71-4688-862a-26af69046f00: remove    LEADER 85fe1515-2b71-4688-862a-26af69046f00@group-7FDC898A2B18:t1, leader=85fe1515-2b71-4688-862a-26af69046f00, voted=85fe1515-2b71-4688-862a-26af69046f00, raftlog=Memoized:85fe1515-2b71-4688-862a-26af69046f00@group-7FDC898A2B18-SegmentedRaftLog:OPENED:c6, conf=0: peers:[fad86c32-67f1-4b6d-b48a-d8941e8b4fba|rpc:10.1.0.38:15205|admin:10.1.0.38:15204|client:10.1.0.38:15203|dataStream:10.1.0.38:15206|priority:0|startupRole:FOLLOWER, 85fe1515-2b71-4688-862a-26af69046f00|rpc:10.1.0.38:15221|admin:10.1.0.38:15220|client:10.1.0.38:15219|dataStream:10.1.0.38:15222|priority:1|startupRole:FOLLOWER, 8252e408-c982-4bc9-a7b5-c82dcdf99b6f|rpc:10.1.0.38:15213|admin:10.1.0.38:15212|client:10.1.0.38:15211|dataStream:10.1.0.38:15214|priority:0|startupRole:FOLLOWER]|listeners:[], old=null RUNNING
2023-05-23 10:27:51,008 [Command processor thread] INFO  server.RaftServer$Division (RaftServerImpl.java:lambda$close$4(466)) - 85fe1515-2b71-4688-862a-26af69046f00@group-7FDC898A2B18: shutdown
2023-05-23 10:27:51,008 [Command processor thread] INFO  util.JmxRegister (JmxRegister.java:unregister(73)) - Successfully un-registered JMX Bean with object name Ratis:service=RaftServer,group=group-7FDC898A2B18,id=85fe1515-2b71-4688-862a-26af69046f00
2023-05-23 10:27:51,008 [Command processor thread] INFO  impl.RoleInfo (RoleInfo.java:shutdownLeaderState(93)) - 85fe1515-2b71-4688-862a-26af69046f00: shutdown 85fe1515-2b71-4688-862a-26af69046f00@group-7FDC898A2B18-LeaderStateImpl
2023-05-23 10:27:51,008 [Command processor thread] INFO  impl.PendingRequests (PendingRequests.java:sendNotLeaderResponses(289)) - 85fe1515-2b71-4688-862a-26af69046f00@group-7FDC898A2B18-PendingRequests: sendNotLeaderResponses
2023-05-23 10:27:51,008 [85fe1515-2b71-4688-862a-26af69046f00@group-7FDC898A2B18->8252e408-c982-4bc9-a7b5-c82dcdf99b6f-GrpcLogAppender-LogAppenderDaemon] WARN  server.GrpcLogAppender (GrpcLogAppender.java:mayWait(199)) - 85fe1515-2b71-4688-862a-26af69046f00@group-7FDC898A2B18->8252e408-c982-4bc9-a7b5-c82dcdf99b6f-GrpcLogAppender: Wait interrupted by java.lang.InterruptedException
2023-05-23 10:27:51,006 [ReplicationContainerReader-1] INFO  replication.SendContainerRequestHandler (SendContainerRequestHandler.java:onNext(80)) - Accepting container 1
2023-05-23 10:27:51,010 [85fe1515-2b71-4688-862a-26af69046f00@group-7FDC898A2B18-StateMachineUpdater] INFO  ratis.ContainerStateMachine (ContainerStateMachine.java:takeSnapshot(330)) - group-7FDC898A2B18: Taking a snapshot at:(t:1, i:6) file /home/runner/work/ozone/ozone/hadoop-ozone/integration-test/target/test-dir/MiniOzoneClusterImpl-1448f794-6d1a-4b49-b7b3-e839f56d4fba/datanode-2/data/ratis/b47636c3-2d9f-4218-b1b8-7fdc898a2b18/sm/snapshot.1_6
2023-05-23 10:27:51,012 [ReplicationContainerReader-1] INFO  replication.SendContainerRequestHandler (SendContainerRequestHandler.java:onCompleted(108)) - Container 1 is downloaded with size 9728, starting to import.
2023-05-23 10:27:51,010 [Command processor thread] INFO  impl.StateMachineUpdater (StateMachineUpdater.java:stopAndJoin(155)) - 85fe1515-2b71-4688-862a-26af69046f00@group-7FDC898A2B18-StateMachineUpdater: set stopIndex = 6
2023-05-23 10:27:51,008 [85fe1515-2b71-4688-862a-26af69046f00@group-7FDC898A2B18->fad86c32-67f1-4b6d-b48a-d8941e8b4fba-GrpcLogAppender-LogAppenderDaemon] WARN  server.GrpcLogAppender (GrpcLogAppender.java:mayWait(199)) - 85fe1515-2b71-4688-862a-26af69046f00@group-7FDC898A2B18->fad86c32-67f1-4b6d-b48a-d8941e8b4fba-GrpcLogAppender: Wait interrupted by java.lang.InterruptedException
2023-05-23 10:27:51,013 [grpc-default-executor-5] INFO  server.GrpcServerProtocolService (GrpcServerProtocolService.java:onCompleted(155)) - fad86c32-67f1-4b6d-b48a-d8941e8b4fba: Completed APPEND_ENTRIES, lastRequest: null
2023-05-23 10:27:51,013 [grpc-default-executor-3] INFO  server.GrpcServerProtocolService (GrpcServerProtocolService.java:onCompleted(155)) - fad86c32-67f1-4b6d-b48a-d8941e8b4fba: Completed APPEND_ENTRIES, lastRequest: 85fe1515-2b71-4688-862a-26af69046f00->fad86c32-67f1-4b6d-b48a-d8941e8b4fba#13-t1,previous=(t:1, i:5),leaderCommit=5,initializing? true,entries: size=1, first=(t:1, i:6), METADATAENTRY(c:5)
2023-05-23 10:27:51,013 [grpc-default-executor-3] INFO  server.GrpcServerProtocolService (GrpcServerProtocolService.java:lambda$onCompleted$5(157)) - fad86c32-67f1-4b6d-b48a-d8941e8b4fba: Completed APPEND_ENTRIES, lastReply: null
2023-05-23 10:27:51,013 [grpc-default-executor-5] INFO  server.GrpcServerProtocolService (GrpcServerProtocolService.java:lambda$onCompleted$5(157)) - fad86c32-67f1-4b6d-b48a-d8941e8b4fba: Completed APPEND_ENTRIES, lastReply: serverReply {
  requestorId: "85fe1515-2b71-4688-862a-26af69046f00"
  replyId: "fad86c32-67f1-4b6d-b48a-d8941e8b4fba"
  raftGroupId {
    id: "\264v6\303-\237B\030\261\270\177\334\211\212+\030"
  }
  callId: 18
  success: true
}
term: 1
nextIndex: 7
followerCommit: 6
matchIndex: 18446744073709551615
isHearbeat: true

2023-05-23 10:27:51,013 [85fe1515-2b71-4688-862a-26af69046f00@group-7FDC898A2B18-StateMachineUpdater] INFO  ratis.ContainerStateMachine (ContainerStateMachine.java:takeSnapshot(341)) - group-7FDC898A2B18: Finished taking a snapshot at:(t:1, i:6) file:/home/runner/work/ozone/ozone/hadoop-ozone/integration-test/target/test-dir/MiniOzoneClusterImpl-1448f794-6d1a-4b49-b7b3-e839f56d4fba/datanode-2/data/ratis/b47636c3-2d9f-4218-b1b8-7fdc898a2b18/sm/snapshot.1_6 took: 3 ms
2023-05-23 10:27:51,014 [85fe1515-2b71-4688-862a-26af69046f00@group-7FDC898A2B18-StateMachineUpdater] INFO  impl.StateMachineUpdater (StateMachineUpdater.java:takeSnapshot(291)) - 85fe1515-2b71-4688-862a-26af69046f00@group-7FDC898A2B18-StateMachineUpdater: Took a snapshot at index 6
2023-05-23 10:27:51,014 [85fe1515-2b71-4688-862a-26af69046f00@group-7FDC898A2B18-StateMachineUpdater] INFO  impl.StateMachineUpdater (StateMachineUpdater.java:lambda$new$0(97)) - 85fe1515-2b71-4688-862a-26af69046f00@group-7FDC898A2B18-StateMachineUpdater: snapshotIndex: updateIncreasingly -1 -> 6
2023-05-23 10:27:51,014 [grpc-default-executor-6] INFO  server.GrpcLogAppender (GrpcLogAppender.java:onCompleted(428)) - 85fe1515-2b71-4688-862a-26af69046f00@group-7FDC898A2B18->fad86c32-67f1-4b6d-b48a-d8941e8b4fba-AppendLogResponseHandler: follower responses appendEntries COMPLETED
2023-05-23 10:27:51,014 [grpc-default-executor-6] INFO  leader.FollowerInfo (FollowerInfoImpl.java:lambda$new$0(52)) - 85fe1515-2b71-4688-862a-26af69046f00@group-7FDC898A2B18->fad86c32-67f1-4b6d-b48a-d8941e8b4fba: decreaseNextIndex nextIndex: updateUnconditionally 7 -> 6
2023-05-23 10:27:51,014 [grpc-default-executor-5] INFO  server.GrpcLogAppender (GrpcLogAppender.java:onCompleted(428)) - 85fe1515-2b71-4688-862a-26af69046f00@group-7FDC898A2B18->fad86c32-67f1-4b6d-b48a-d8941e8b4fba-AppendLogResponseHandler: follower responses appendEntries COMPLETED
2023-05-23 10:27:51,014 [grpc-default-executor-5] INFO  leader.FollowerInfo (FollowerInfoImpl.java:lambda$new$0(52)) - 85fe1515-2b71-4688-862a-26af69046f00@group-7FDC898A2B18->fad86c32-67f1-4b6d-b48a-d8941e8b4fba: decreaseNextIndex nextIndex: updateUnconditionally 6 -> 5
2023-05-23 10:27:51,014 [Command processor thread] INFO  server.RaftServer$Division (ServerState.java:close(472)) - 85fe1515-2b71-4688-862a-26af69046f00@group-7FDC898A2B18: closes. applyIndex: 6
2023-05-23 10:27:51,034 [ReplicationContainerReader-1] INFO  replication.SendContainerRequestHandler (SendContainerRequestHandler.java:onCompleted(114)) - Container 1 is replicated successfully
2023-05-23 10:27:51,036 [grpc-default-executor-0] INFO  replication.GrpcContainerUploader (GrpcContainerUploader.java:onCompleted(119)) - Finished uploading container 1 to c218ba02-a349-461c-9b33-7224d749d428(fv-az1249-304/10.1.0.38)
2023-05-23 10:27:51,037 [ContainerReplicationThread-0] INFO  replication.ReplicationSupervisor (ReplicationSupervisor.java:run(353)) - Successful DONE replicateContainerCommand: containerId=1, replicaIndex=0, targetNode=c218ba02-a349-461c-9b33-7224d749d428(fv-az1249-304/10.1.0.38), priority=NORMAL, transferred 9728 bytes
2023-05-23 10:27:51,038 [Listener at 127.0.0.1/15196] INFO  container.TestHelper (TestHelper.java:countReplicas(423)) - Container 1 has 3 replicas on [85fe1515-2b71-4688-862a-26af69046f00, c218ba02-a349-461c-9b33-7224d749d428, fad86c32-67f1-4b6d-b48a-d8941e8b4fba]
2023-05-23 10:27:51,049 [Listener at 127.0.0.1/15196] INFO  ozone.MiniOzoneClusterImpl (MiniOzoneClusterImpl.java:shutdown(441)) - Shutting down the Mini Ozone Cluster
2023-05-23 10:27:51,049 [Listener at 127.0.0.1/15196] INFO  ozone.MiniOzoneClusterImpl (MiniOzoneClusterImpl.java:stop(458)) - Stopping the Mini Ozone Cluster
2023-05-23 10:27:51,049 [Listener at 127.0.0.1/15196] INFO  ozone.MiniOzoneClusterImpl (MiniOzoneClusterImpl.java:stopOM(544)) - Stopping the OzoneManager
2023-05-23 10:27:51,049 [Listener at 127.0.0.1/15196] INFO  om.OzoneManager (OzoneManager.java:stop(2210)) - om1[localhost:15196]: Stopping Ozone Manager
2023-05-23 10:27:51,050 [Listener at 127.0.0.1/15196] INFO  ipc.Server (Server.java:stop(3501)) - Stopping server on 15196
2023-05-23 10:27:51,051 [IPC Server listener on 15196] INFO  ipc.Server (Server.java:run(1430)) - Stopping IPC Server listener on 15196
2023-05-23 10:27:51,051 [IPC Server Responder] INFO  ipc.Server (Server.java:run(1563)) - Stopping IPC Server Responder
2023-05-23 10:27:51,052 [Listener at 127.0.0.1/15196] INFO  server.RaftServer (RaftServerProxy.java:lambda$close$6(416)) - om1: close
2023-05-23 10:27:51,052 [Listener at 127.0.0.1/15196] INFO  server.GrpcService (GrpcService.java:closeImpl(311)) - om1: shutdown server GrpcServerProtocolService now
2023-05-23 10:27:51,052 [om1-impl-thread1] INFO  server.RaftServer$Division (RaftServerImpl.java:lambda$close$4(466)) - om1@group-C5BA1605619E: shutdown
2023-05-23 10:27:51,052 [om1-impl-thread1] INFO  util.JmxRegister (JmxRegister.java:unregister(73)) - Successfully un-registered JMX Bean with object name Ratis:service=RaftServer,group=group-C5BA1605619E,id=om1
2023-05-23 10:27:51,053 [om1-impl-thread1] INFO  impl.RoleInfo (RoleInfo.java:shutdownLeaderState(93)) - om1: shutdown om1@group-C5BA1605619E-LeaderStateImpl
2023-05-23 10:27:51,053 [om1-impl-thread1] INFO  impl.PendingRequests (PendingRequests.java:sendNotLeaderResponses(289)) - om1@group-C5BA1605619E-PendingRequests: sendNotLeaderResponses
2023-05-23 10:27:51,060 [Listener at 127.0.0.1/15196] INFO  server.GrpcService (GrpcService.java:closeImpl(320)) - om1: shutdown server GrpcServerProtocolService successfully
2023-05-23 10:27:51,064 [om1-impl-thread1] INFO  impl.StateMachineUpdater (StateMachineUpdater.java:stopAndJoin(155)) - om1@group-C5BA1605619E-StateMachineUpdater: set stopIndex = 8
2023-05-23 10:27:51,064 [om1@group-C5BA1605619E-StateMachineUpdater] INFO  ratis.OzoneManagerStateMachine (OzoneManagerStateMachine.java:takeSnapshot(479)) - Current Snapshot Index (t:1, i:8)
2023-05-23 10:27:51,089 [om1@group-C5BA1605619E-StateMachineUpdater] INFO  impl.StateMachineUpdater (StateMachineUpdater.java:takeSnapshot(291)) - om1@group-C5BA1605619E-StateMachineUpdater: Took a snapshot at index 8
2023-05-23 10:27:51,089 [om1@group-C5BA1605619E-StateMachineUpdater] INFO  impl.StateMachineUpdater (StateMachineUpdater.java:lambda$new$0(97)) - om1@group-C5BA1605619E-StateMachineUpdater: snapshotIndex: updateIncreasingly -1 -> 8
2023-05-23 10:27:51,089 [om1@group-C5BA1605619E-StateMachineUpdater] INFO  ratis.OzoneManagerStateMachine (OzoneManagerStateMachine.java:close(533)) - StateMachine has shutdown. Shutdown OzoneManager if not already shutdown.
2023-05-23 10:27:51,089 [om1@group-C5BA1605619E-StateMachineUpdater] INFO  ratis.OzoneManagerDoubleBuffer (OzoneManagerDoubleBuffer.java:stopDaemon(559)) - Stopping OMDoubleBuffer flush thread
2023-05-23 10:27:51,089 [OMDoubleBufferFlushThread] INFO  ratis.OzoneManagerDoubleBuffer (OzoneManagerDoubleBuffer.java:canFlush(648)) - OMDoubleBuffer flush thread OMDoubleBufferFlushThread is interrupted and will exit.
2023-05-23 10:27:51,090 [om1-impl-thread1] INFO  server.RaftServer$Division (ServerState.java:close(472)) - om1@group-C5BA1605619E: closes. applyIndex: 8
2023-05-23 10:27:51,376 [ReplicationMonitor] INFO  replication.ReplicationManager (ReplicationManager.java:processAll(403)) - Replication Monitor Thread took 0 milliseconds for processing 1 containers.
2023-05-23 10:27:51,978 [Command processor thread] INFO  segmented.SegmentedRaftLogWorker (SegmentedRaftLogWorker.java:close(252)) - 85fe1515-2b71-4688-862a-26af69046f00@group-7FDC898A2B18-SegmentedRaftLogWorker close()
2023-05-23 10:27:51,982 [Command processor thread] INFO  server.RaftServer$Division (RaftServerImpl.java:groupRemove(436)) - 85fe1515-2b71-4688-862a-26af69046f00@group-7FDC898A2B18: Succeed to remove RaftStorageDirectory Storage Directory /home/runner/work/ozone/ozone/hadoop-ozone/integration-test/target/test-dir/MiniOzoneClusterImpl-1448f794-6d1a-4b49-b7b3-e839f56d4fba/datanode-2/data/ratis/b47636c3-2d9f-4218-b1b8-7fdc898a2b18
2023-05-23 10:27:51,982 [Command processor thread] INFO  commandhandler.ClosePipelineCommandHandler (ClosePipelineCommandHandler.java:handle(78)) - Close Pipeline PipelineID=b47636c3-2d9f-4218-b1b8-7fdc898a2b18 command on datanode 85fe1515-2b71-4688-862a-26af69046f00.
2023-05-23 10:27:52,028 [om1-impl-thread1] INFO  segmented.SegmentedRaftLogWorker (SegmentedRaftLogWorker.java:close(252)) - om1@group-C5BA1605619E-SegmentedRaftLogWorker close()
2023-05-23 10:27:52,028 [JvmPauseMonitor24] INFO  util.JvmPauseMonitor (JvmPauseMonitor.java:run(109)) - JvmPauseMonitor-om1: Stopped
2023-05-23 10:27:52,028 [Listener at 127.0.0.1/15196] INFO  ratis.OzoneManagerStateMachine (OzoneManagerStateMachine.java:close(533)) - StateMachine has shutdown. Shutdown OzoneManager if not already shutdown.
2023-05-23 10:27:52,028 [Listener at 127.0.0.1/15196] INFO  ratis.OzoneManagerDoubleBuffer (OzoneManagerDoubleBuffer.java:stopDaemon(568)) - OMDoubleBuffer flush thread is not running.
2023-05-23 10:27:52,029 [Listener at 127.0.0.1/15196] INFO  utils.BackgroundService (BackgroundService.java:shutdown(141)) - Shutting down service KeyDeletingService
2023-05-23 10:27:52,029 [Listener at 127.0.0.1/15196] INFO  utils.BackgroundService (BackgroundService.java:shutdown(141)) - Shutting down service KeyDeletingService
2023-05-23 10:27:52,029 [Listener at 127.0.0.1/15196] INFO  utils.BackgroundService (BackgroundService.java:shutdown(141)) - Shutting down service OpenKeyCleanupService
2023-05-23 10:27:52,030 [Listener at 127.0.0.1/15196] INFO  utils.BackgroundService (BackgroundService.java:shutdown(141)) - Shutting down service SstFilteringService
2023-05-23 10:27:52,030 [Listener at 127.0.0.1/15196] INFO  utils.BackgroundService (BackgroundService.java:shutdown(141)) - Shutting down service SnapshotDeletingService
2023-05-23 10:27:52,030 [Listener at 127.0.0.1/15196] INFO  handler.ContextHandler (ContextHandler.java:doStop(1159)) - Stopped o.e.j.w.WebAppContext@49bb0381{ozoneManager,/,null,STOPPED}{file:/home/runner/work/ozone/ozone/hadoop-ozone/integration-test/target/test-classes/webapps/ozoneManager}
2023-05-23 10:27:52,031 [Listener at 127.0.0.1/15196] INFO  server.AbstractConnector (AbstractConnector.java:doStop(383)) - Stopped ServerConnector@7e9fd287{HTTP/1.1, (http/1.1)}{0.0.0.0:15197}
2023-05-23 10:27:52,031 [Listener at 127.0.0.1/15196] INFO  server.session (HouseKeeper.java:stopScavenging(149)) - node0 Stopped scavenging
2023-05-23 10:27:52,031 [Listener at 127.0.0.1/15196] INFO  handler.ContextHandler (ContextHandler.java:doStop(1159)) - Stopped o.e.j.s.ServletContextHandler@4f083944{static,/static,file:///home/runner/work/ozone/ozone/hadoop-ozone/integration-test/target/test-classes/webapps/static,STOPPED}
2023-05-23 10:27:52,031 [Listener at 127.0.0.1/15196] INFO  handler.ContextHandler (ContextHandler.java:doStop(1159)) - Stopped o.e.j.s.ServletContextHandler@639019a0{logs,/logs,file:///home/runner/work/ozone/ozone/hadoop-ozone/integration-test/target/log,STOPPED}
2023-05-23 10:27:52,034 [Listener at 127.0.0.1/15196] INFO  utils.BackgroundService (BackgroundService.java:shutdown(141)) - Shutting down service SnapshotDiffCleanupService
2023-05-23 10:27:52,038 [Listener at 127.0.0.1/15196] INFO  ozone.MiniOzoneClusterImpl (MiniOzoneClusterImpl.java:stopDatanodes(521)) - Stopping the HddsDatanodes
2023-05-23 10:27:52,040 [Listener at 127.0.0.1/15196] INFO  ozoneimpl.OzoneContainer (OzoneContainer.java:stop(419)) - Attempting to stop container services.
2023-05-23 10:27:52,040 [ForkJoinPool.commonPool-worker-2] INFO  ozoneimpl.OzoneContainer (OzoneContainer.java:stop(419)) - Attempting to stop container services.
2023-05-23 10:27:52,041 [Listener at 127.0.0.1/15196] INFO  server.RaftServer (RaftServerProxy.java:lambda$close$6(416)) - 85fe1515-2b71-4688-862a-26af69046f00: close
2023-05-23 10:27:52,042 [ForkJoinPool.commonPool-worker-2] INFO  server.RaftServer (RaftServerProxy.java:lambda$close$6(416)) - fad86c32-67f1-4b6d-b48a-d8941e8b4fba: close
2023-05-23 10:27:52,042 [Listener at 127.0.0.1/15196] INFO  server.GrpcService (GrpcService.java:closeImpl(311)) - 85fe1515-2b71-4688-862a-26af69046f00: shutdown server org.apache.ratis.grpc.server.GrpcClientProtocolService now
2023-05-23 10:27:52,042 [ForkJoinPool.commonPool-worker-2] INFO  server.GrpcService (GrpcService.java:closeImpl(311)) - fad86c32-67f1-4b6d-b48a-d8941e8b4fba: shutdown server org.apache.ratis.grpc.server.GrpcClientProtocolService now
2023-05-23 10:27:52,042 [fad86c32-67f1-4b6d-b48a-d8941e8b4fba-impl-thread1] INFO  server.RaftServer$Division (RaftServerImpl.java:lambda$close$4(466)) - fad86c32-67f1-4b6d-b48a-d8941e8b4fba@group-B2D228E39E14: shutdown
2023-05-23 10:27:52,042 [fad86c32-67f1-4b6d-b48a-d8941e8b4fba-impl-thread1] INFO  util.JmxRegister (JmxRegister.java:unregister(73)) - Successfully un-registered JMX Bean with object name Ratis:service=RaftServer,group=group-B2D228E39E14,id=fad86c32-67f1-4b6d-b48a-d8941e8b4fba
2023-05-23 10:27:52,042 [fad86c32-67f1-4b6d-b48a-d8941e8b4fba-impl-thread1] INFO  impl.RoleInfo (RoleInfo.java:shutdownLeaderState(93)) - fad86c32-67f1-4b6d-b48a-d8941e8b4fba: shutdown fad86c32-67f1-4b6d-b48a-d8941e8b4fba@group-B2D228E39E14-LeaderStateImpl
2023-05-23 10:27:52,042 [85fe1515-2b71-4688-862a-26af69046f00-impl-thread1] INFO  server.RaftServer$Division (RaftServerImpl.java:lambda$close$4(466)) - 85fe1515-2b71-4688-862a-26af69046f00@group-F83CB09F0F7A: shutdown
2023-05-23 10:27:52,045 [fad86c32-67f1-4b6d-b48a-d8941e8b4fba-impl-thread1] INFO  impl.PendingRequests (PendingRequests.java:sendNotLeaderResponses(289)) - fad86c32-67f1-4b6d-b48a-d8941e8b4fba@group-B2D228E39E14-PendingRequests: sendNotLeaderResponses
2023-05-23 10:27:52,045 [85fe1515-2b71-4688-862a-26af69046f00-impl-thread1] INFO  util.JmxRegister (JmxRegister.java:unregister(73)) - Successfully un-registered JMX Bean with object name Ratis:service=RaftServer,group=group-F83CB09F0F7A,id=85fe1515-2b71-4688-862a-26af69046f00
2023-05-23 10:27:52,045 [85fe1515-2b71-4688-862a-26af69046f00-impl-thread1] INFO  impl.RoleInfo (RoleInfo.java:shutdownLeaderState(93)) - 85fe1515-2b71-4688-862a-26af69046f00: shutdown 85fe1515-2b71-4688-862a-26af69046f00@group-F83CB09F0F7A-LeaderStateImpl
2023-05-23 10:27:52,045 [85fe1515-2b71-4688-862a-26af69046f00-impl-thread1] INFO  impl.PendingRequests (PendingRequests.java:sendNotLeaderResponses(289)) - 85fe1515-2b71-4688-862a-26af69046f00@group-F83CB09F0F7A-PendingRequests: sendNotLeaderResponses
2023-05-23 10:27:52,046 [fad86c32-67f1-4b6d-b48a-d8941e8b4fba@group-B2D228E39E14-StateMachineUpdater] INFO  ratis.ContainerStateMachine (ContainerStateMachine.java:takeSnapshot(330)) - group-B2D228E39E14: Taking a snapshot at:(t:1, i:0) file /home/runner/work/ozone/ozone/hadoop-ozone/integration-test/target/test-dir/MiniOzoneClusterImpl-1448f794-6d1a-4b49-b7b3-e839f56d4fba/datanode-0/data/ratis/bf29fd44-6b6a-4218-9b55-b2d228e39e14/sm/snapshot.1_0
2023-05-23 10:27:52,046 [85fe1515-2b71-4688-862a-26af69046f00-impl-thread1] INFO  impl.StateMachineUpdater (StateMachineUpdater.java:stopAndJoin(155)) - 85fe1515-2b71-4688-862a-26af69046f00@group-F83CB09F0F7A-StateMachineUpdater: set stopIndex = 0
2023-05-23 10:27:52,046 [85fe1515-2b71-4688-862a-26af69046f00@group-F83CB09F0F7A-StateMachineUpdater] INFO  ratis.ContainerStateMachine (ContainerStateMachine.java:takeSnapshot(330)) - group-F83CB09F0F7A: Taking a snapshot at:(t:1, i:0) file /home/runner/work/ozone/ozone/hadoop-ozone/integration-test/target/test-dir/MiniOzoneClusterImpl-1448f794-6d1a-4b49-b7b3-e839f56d4fba/datanode-2/data/ratis/12c8013d-565a-432e-9b23-f83cb09f0f7a/sm/snapshot.1_0
2023-05-23 10:27:52,045 [fad86c32-67f1-4b6d-b48a-d8941e8b4fba-impl-thread1] INFO  impl.StateMachineUpdater (StateMachineUpdater.java:stopAndJoin(155)) - fad86c32-67f1-4b6d-b48a-d8941e8b4fba@group-B2D228E39E14-StateMachineUpdater: set stopIndex = 0
2023-05-23 10:27:52,047 [fad86c32-67f1-4b6d-b48a-d8941e8b4fba@group-B2D228E39E14-StateMachineUpdater] INFO  ratis.ContainerStateMachine (ContainerStateMachine.java:takeSnapshot(341)) - group-B2D228E39E14: Finished taking a snapshot at:(t:1, i:0) file:/home/runner/work/ozone/ozone/hadoop-ozone/integration-test/target/test-dir/MiniOzoneClusterImpl-1448f794-6d1a-4b49-b7b3-e839f56d4fba/datanode-0/data/ratis/bf29fd44-6b6a-4218-9b55-b2d228e39e14/sm/snapshot.1_0 took: 2 ms
2023-05-23 10:27:52,047 [fad86c32-67f1-4b6d-b48a-d8941e8b4fba@group-B2D228E39E14-StateMachineUpdater] INFO  impl.StateMachineUpdater (StateMachineUpdater.java:takeSnapshot(291)) - fad86c32-67f1-4b6d-b48a-d8941e8b4fba@group-B2D228E39E14-StateMachineUpdater: Took a snapshot at index 0
2023-05-23 10:27:52,047 [fad86c32-67f1-4b6d-b48a-d8941e8b4fba@group-B2D228E39E14-StateMachineUpdater] INFO  impl.StateMachineUpdater (StateMachineUpdater.java:lambda$new$0(97)) - fad86c32-67f1-4b6d-b48a-d8941e8b4fba@group-B2D228E39E14-StateMachineUpdater: snapshotIndex: updateIncreasingly -1 -> 0
2023-05-23 10:27:52,047 [fad86c32-67f1-4b6d-b48a-d8941e8b4fba-impl-thread1] INFO  server.RaftServer$Division (ServerState.java:close(472)) - fad86c32-67f1-4b6d-b48a-d8941e8b4fba@group-B2D228E39E14: closes. applyIndex: 0
2023-05-23 10:27:52,050 [Thread-2772] INFO  server.GrpcServerProtocolClient (GrpcServerProtocolClient.java:close(103)) - 8252e408-c982-4bc9-a7b5-c82dcdf99b6f Close channels
2023-05-23 10:27:52,051 [Thread-2769] INFO  server.GrpcServerProtocolClient (GrpcServerProtocolClient.java:close(103)) - fad86c32-67f1-4b6d-b48a-d8941e8b4fba Close channels
2023-05-23 10:27:52,053 [85fe1515-2b71-4688-862a-26af69046f00@group-F83CB09F0F7A-StateMachineUpdater] INFO  ratis.ContainerStateMachine (ContainerStateMachine.java:takeSnapshot(341)) - group-F83CB09F0F7A: Finished taking a snapshot at:(t:1, i:0) file:/home/runner/work/ozone/ozone/hadoop-ozone/integration-test/target/test-dir/MiniOzoneClusterImpl-1448f794-6d1a-4b49-b7b3-e839f56d4fba/datanode-2/data/ratis/12c8013d-565a-432e-9b23-f83cb09f0f7a/sm/snapshot.1_0 took: 7 ms
2023-05-23 10:27:52,053 [85fe1515-2b71-4688-862a-26af69046f00@group-F83CB09F0F7A-StateMachineUpdater] INFO  impl.StateMachineUpdater (StateMachineUpdater.java:takeSnapshot(291)) - 85fe1515-2b71-4688-862a-26af69046f00@group-F83CB09F0F7A-StateMachineUpdater: Took a snapshot at index 0
2023-05-23 10:27:52,053 [85fe1515-2b71-4688-862a-26af69046f00@group-F83CB09F0F7A-StateMachineUpdater] INFO  impl.StateMachineUpdater (StateMachineUpdater.java:lambda$new$0(97)) - 85fe1515-2b71-4688-862a-26af69046f00@group-F83CB09F0F7A-StateMachineUpdater: snapshotIndex: updateIncreasingly -1 -> 0
2023-05-23 10:27:52,054 [85fe1515-2b71-4688-862a-26af69046f00-impl-thread1] INFO  server.RaftServer$Division (ServerState.java:close(472)) - 85fe1515-2b71-4688-862a-26af69046f00@group-F83CB09F0F7A: closes. applyIndex: 0
2023-05-23 10:27:52,054 [Listener at 127.0.0.1/15196] INFO  server.GrpcService (GrpcService.java:closeImpl(320)) - 85fe1515-2b71-4688-862a-26af69046f00: shutdown server org.apache.ratis.grpc.server.GrpcClientProtocolService successfully
2023-05-23 10:27:52,054 [Listener at 127.0.0.1/15196] INFO  server.GrpcService (GrpcService.java:closeImpl(311)) - 85fe1515-2b71-4688-862a-26af69046f00: shutdown server GrpcServerProtocolService now
2023-05-23 10:27:52,058 [Thread-2773] INFO  server.GrpcServerProtocolClient (GrpcServerProtocolClient.java:close(103)) - 85fe1515-2b71-4688-862a-26af69046f00 Close channels
2023-05-23 10:27:52,059 [Thread-2774] INFO  server.GrpcServerProtocolClient (GrpcServerProtocolClient.java:close(103)) - 8252e408-c982-4bc9-a7b5-c82dcdf99b6f Close channels
2023-05-23 10:27:52,059 [ForkJoinPool.commonPool-worker-2] INFO  server.GrpcService (GrpcService.java:closeImpl(320)) - fad86c32-67f1-4b6d-b48a-d8941e8b4fba: shutdown server org.apache.ratis.grpc.server.GrpcClientProtocolService successfully
2023-05-23 10:27:52,059 [ForkJoinPool.commonPool-worker-2] INFO  server.GrpcService (GrpcService.java:closeImpl(311)) - fad86c32-67f1-4b6d-b48a-d8941e8b4fba: shutdown server GrpcServerProtocolService now
2023-05-23 10:27:52,061 [Listener at 127.0.0.1/15196] INFO  server.GrpcService (GrpcService.java:closeImpl(320)) - 85fe1515-2b71-4688-862a-26af69046f00: shutdown server GrpcServerProtocolService successfully
2023-05-23 10:27:52,061 [Listener at 127.0.0.1/15196] INFO  server.GrpcService (GrpcService.java:closeImpl(311)) - 85fe1515-2b71-4688-862a-26af69046f00: shutdown server org.apache.ratis.grpc.server.GrpcAdminProtocolService now
2023-05-23 10:27:52,063 [ForkJoinPool.commonPool-worker-3] INFO  ozoneimpl.OzoneContainer (OzoneContainer.java:stop(419)) - Attempting to stop container services.
2023-05-23 10:27:52,063 [ForkJoinPool.commonPool-worker-2] INFO  server.GrpcService (GrpcService.java:closeImpl(320)) - fad86c32-67f1-4b6d-b48a-d8941e8b4fba: shutdown server GrpcServerProtocolService successfully
2023-05-23 10:27:52,063 [ForkJoinPool.commonPool-worker-2] INFO  server.GrpcService (GrpcService.java:closeImpl(311)) - fad86c32-67f1-4b6d-b48a-d8941e8b4fba: shutdown server org.apache.ratis.grpc.server.GrpcAdminProtocolService now
2023-05-23 10:27:52,064 [ForkJoinPool.commonPool-worker-3] INFO  server.RaftServer (RaftServerProxy.java:lambda$close$6(416)) - e2ddfef6-1e3c-4407-91fd-4f310f7b7654: close
2023-05-23 10:27:52,064 [ForkJoinPool.commonPool-worker-3] INFO  server.GrpcService (GrpcService.java:closeImpl(311)) - e2ddfef6-1e3c-4407-91fd-4f310f7b7654: shutdown server org.apache.ratis.grpc.server.GrpcClientProtocolService now
2023-05-23 10:27:52,065 [e2ddfef6-1e3c-4407-91fd-4f310f7b7654-impl-thread1] INFO  server.RaftServer$Division (RaftServerImpl.java:lambda$close$4(466)) - e2ddfef6-1e3c-4407-91fd-4f310f7b7654@group-9BA6FC6B829D: shutdown
2023-05-23 10:27:52,065 [e2ddfef6-1e3c-4407-91fd-4f310f7b7654-impl-thread1] INFO  util.JmxRegister (JmxRegister.java:unregister(73)) - Successfully un-registered JMX Bean with object name Ratis:service=RaftServer,group=group-9BA6FC6B829D,id=e2ddfef6-1e3c-4407-91fd-4f310f7b7654
2023-05-23 10:27:52,065 [e2ddfef6-1e3c-4407-91fd-4f310f7b7654-impl-thread1] INFO  impl.RoleInfo (RoleInfo.java:shutdownLeaderState(93)) - e2ddfef6-1e3c-4407-91fd-4f310f7b7654: shutdown e2ddfef6-1e3c-4407-91fd-4f310f7b7654@group-9BA6FC6B829D-LeaderStateImpl
2023-05-23 10:27:52,065 [e2ddfef6-1e3c-4407-91fd-4f310f7b7654-impl-thread1] INFO  impl.PendingRequests (PendingRequests.java:sendNotLeaderResponses(289)) - e2ddfef6-1e3c-4407-91fd-4f310f7b7654@group-9BA6FC6B829D-PendingRequests: sendNotLeaderResponses
2023-05-23 10:27:52,065 [e2ddfef6-1e3c-4407-91fd-4f310f7b7654-impl-thread1] INFO  impl.StateMachineUpdater (StateMachineUpdater.java:stopAndJoin(155)) - e2ddfef6-1e3c-4407-91fd-4f310f7b7654@group-9BA6FC6B829D-StateMachineUpdater: set stopIndex = 0
2023-05-23 10:27:52,065 [e2ddfef6-1e3c-4407-91fd-4f310f7b7654@group-9BA6FC6B829D-StateMachineUpdater] INFO  ratis.ContainerStateMachine (ContainerStateMachine.java:takeSnapshot(330)) - group-9BA6FC6B829D: Taking a snapshot at:(t:1, i:0) file /home/runner/work/ozone/ozone/hadoop-ozone/integration-test/target/test-dir/MiniOzoneClusterImpl-1448f794-6d1a-4b49-b7b3-e839f56d4fba/datanode-4/data/ratis/55498606-a808-4a19-8697-9ba6fc6b829d/sm/snapshot.1_0
2023-05-23 10:27:52,065 [ForkJoinPool.commonPool-worker-3] INFO  server.GrpcService (GrpcService.java:closeImpl(320)) - e2ddfef6-1e3c-4407-91fd-4f310f7b7654: shutdown server org.apache.ratis.grpc.server.GrpcClientProtocolService successfully
2023-05-23 10:27:52,065 [ForkJoinPool.commonPool-worker-2] INFO  server.GrpcService (GrpcService.java:closeImpl(320)) - fad86c32-67f1-4b6d-b48a-d8941e8b4fba: shutdown server org.apache.ratis.grpc.server.GrpcAdminProtocolService successfully
2023-05-23 10:27:52,066 [ForkJoinPool.commonPool-worker-3] INFO  server.GrpcService (GrpcService.java:closeImpl(311)) - e2ddfef6-1e3c-4407-91fd-4f310f7b7654: shutdown server GrpcServerProtocolService now
2023-05-23 10:27:52,066 [fad86c32-67f1-4b6d-b48a-d8941e8b4fba-NettyServerStreamRpc-bossGroup--thread1] INFO  logging.LoggingHandler (AbstractInternalLogger.java:log(148)) - [id: 0x38a6818b, L:/0:0:0:0:0:0:0:0:15206] CLOSE
2023-05-23 10:27:52,066 [fad86c32-67f1-4b6d-b48a-d8941e8b4fba-NettyServerStreamRpc-bossGroup--thread1] INFO  logging.LoggingHandler (AbstractInternalLogger.java:log(148)) - [id: 0x38a6818b, L:/0:0:0:0:0:0:0:0:15206] INACTIVE
2023-05-23 10:27:52,066 [fad86c32-67f1-4b6d-b48a-d8941e8b4fba-NettyServerStreamRpc-bossGroup--thread1] INFO  logging.LoggingHandler (AbstractInternalLogger.java:log(148)) - [id: 0x38a6818b, L:/0:0:0:0:0:0:0:0:15206] UNREGISTERED
2023-05-23 10:27:52,066 [ForkJoinPool.commonPool-worker-3] INFO  server.GrpcService (GrpcService.java:closeImpl(320)) - e2ddfef6-1e3c-4407-91fd-4f310f7b7654: shutdown server GrpcServerProtocolService successfully
2023-05-23 10:27:52,067 [ForkJoinPool.commonPool-worker-3] INFO  server.GrpcService (GrpcService.java:closeImpl(311)) - e2ddfef6-1e3c-4407-91fd-4f310f7b7654: shutdown server org.apache.ratis.grpc.server.GrpcAdminProtocolService now
2023-05-23 10:27:52,069 [e2ddfef6-1e3c-4407-91fd-4f310f7b7654@group-9BA6FC6B829D-StateMachineUpdater] INFO  ratis.ContainerStateMachine (ContainerStateMachine.java:takeSnapshot(341)) - group-9BA6FC6B829D: Finished taking a snapshot at:(t:1, i:0) file:/home/runner/work/ozone/ozone/hadoop-ozone/integration-test/target/test-dir/MiniOzoneClusterImpl-1448f794-6d1a-4b49-b7b3-e839f56d4fba/datanode-4/data/ratis/55498606-a808-4a19-8697-9ba6fc6b829d/sm/snapshot.1_0 took: 3 ms
2023-05-23 10:27:52,069 [e2ddfef6-1e3c-4407-91fd-4f310f7b7654@group-9BA6FC6B829D-StateMachineUpdater] INFO  impl.StateMachineUpdater (StateMachineUpdater.java:takeSnapshot(291)) - e2ddfef6-1e3c-4407-91fd-4f310f7b7654@group-9BA6FC6B829D-StateMachineUpdater: Took a snapshot at index 0
2023-05-23 10:27:52,070 [e2ddfef6-1e3c-4407-91fd-4f310f7b7654@group-9BA6FC6B829D-StateMachineUpdater] INFO  impl.StateMachineUpdater (StateMachineUpdater.java:lambda$new$0(97)) - e2ddfef6-1e3c-4407-91fd-4f310f7b7654@group-9BA6FC6B829D-StateMachineUpdater: snapshotIndex: updateIncreasingly -1 -> 0
2023-05-23 10:27:52,070 [Listener at 127.0.0.1/15196] INFO  server.GrpcService (GrpcService.java:closeImpl(320)) - 85fe1515-2b71-4688-862a-26af69046f00: shutdown server org.apache.ratis.grpc.server.GrpcAdminProtocolService successfully
2023-05-23 10:27:52,070 [e2ddfef6-1e3c-4407-91fd-4f310f7b7654-impl-thread1] INFO  server.RaftServer$Division (ServerState.java:close(472)) - e2ddfef6-1e3c-4407-91fd-4f310f7b7654@group-9BA6FC6B829D: closes. applyIndex: 0
2023-05-23 10:27:52,070 [ForkJoinPool.commonPool-worker-3] INFO  server.GrpcService (GrpcService.java:closeImpl(320)) - e2ddfef6-1e3c-4407-91fd-4f310f7b7654: shutdown server org.apache.ratis.grpc.server.GrpcAdminProtocolService successfully
2023-05-23 10:27:52,070 [e2ddfef6-1e3c-4407-91fd-4f310f7b7654-NettyServerStreamRpc-bossGroup--thread1] INFO  logging.LoggingHandler (AbstractInternalLogger.java:log(148)) - [id: 0xfd4886be, L:/0:0:0:0:0:0:0:0:15238] CLOSE
2023-05-23 10:27:52,071 [e2ddfef6-1e3c-4407-91fd-4f310f7b7654-NettyServerStreamRpc-bossGroup--thread1] INFO  logging.LoggingHandler (AbstractInternalLogger.java:log(148)) - [id: 0xfd4886be, L:/0:0:0:0:0:0:0:0:15238] INACTIVE
2023-05-23 10:27:52,071 [e2ddfef6-1e3c-4407-91fd-4f310f7b7654-NettyServerStreamRpc-bossGroup--thread1] INFO  logging.LoggingHandler (AbstractInternalLogger.java:log(148)) - [id: 0xfd4886be, L:/0:0:0:0:0:0:0:0:15238] UNREGISTERED
2023-05-23 10:27:52,075 [85fe1515-2b71-4688-862a-26af69046f00-NettyServerStreamRpc-bossGroup--thread1] INFO  logging.LoggingHandler (AbstractInternalLogger.java:log(148)) - [id: 0x6ea23772, L:/0:0:0:0:0:0:0:0:15222] CLOSE
2023-05-23 10:27:52,075 [85fe1515-2b71-4688-862a-26af69046f00-NettyServerStreamRpc-bossGroup--thread1] INFO  logging.LoggingHandler (AbstractInternalLogger.java:log(148)) - [id: 0x6ea23772, L:/0:0:0:0:0:0:0:0:15222] INACTIVE
2023-05-23 10:27:52,075 [85fe1515-2b71-4688-862a-26af69046f00-NettyServerStreamRpc-bossGroup--thread1] INFO  logging.LoggingHandler (AbstractInternalLogger.java:log(148)) - [id: 0x6ea23772, L:/0:0:0:0:0:0:0:0:15222] UNREGISTERED
2023-05-23 10:27:52,091 [ForkJoinPool.commonPool-worker-0] INFO  ozoneimpl.OzoneContainer (OzoneContainer.java:stop(419)) - Attempting to stop container services.
2023-05-23 10:27:52,097 [ForkJoinPool.commonPool-worker-0] INFO  server.RaftServer (RaftServerProxy.java:lambda$close$6(416)) - c218ba02-a349-461c-9b33-7224d749d428: close
2023-05-23 10:27:52,098 [ForkJoinPool.commonPool-worker-0] INFO  server.GrpcService (GrpcService.java:closeImpl(311)) - c218ba02-a349-461c-9b33-7224d749d428: shutdown server org.apache.ratis.grpc.server.GrpcClientProtocolService now
2023-05-23 10:27:52,098 [c218ba02-a349-461c-9b33-7224d749d428-impl-thread1] INFO  server.RaftServer$Division (RaftServerImpl.java:lambda$close$4(466)) - c218ba02-a349-461c-9b33-7224d749d428@group-95B4AD24C02C: shutdown
2023-05-23 10:27:52,098 [c218ba02-a349-461c-9b33-7224d749d428-impl-thread1] INFO  util.JmxRegister (JmxRegister.java:unregister(73)) - Successfully un-registered JMX Bean with object name Ratis:service=RaftServer,group=group-95B4AD24C02C,id=c218ba02-a349-461c-9b33-7224d749d428
2023-05-23 10:27:52,098 [c218ba02-a349-461c-9b33-7224d749d428-impl-thread1] INFO  impl.RoleInfo (RoleInfo.java:shutdownLeaderState(93)) - c218ba02-a349-461c-9b33-7224d749d428: shutdown c218ba02-a349-461c-9b33-7224d749d428@group-95B4AD24C02C-LeaderStateImpl
2023-05-23 10:27:52,098 [c218ba02-a349-461c-9b33-7224d749d428-impl-thread1] INFO  impl.PendingRequests (PendingRequests.java:sendNotLeaderResponses(289)) - c218ba02-a349-461c-9b33-7224d749d428@group-95B4AD24C02C-PendingRequests: sendNotLeaderResponses
2023-05-23 10:27:52,099 [c218ba02-a349-461c-9b33-7224d749d428-impl-thread1] INFO  impl.StateMachineUpdater (StateMachineUpdater.java:stopAndJoin(155)) - c218ba02-a349-461c-9b33-7224d749d428@group-95B4AD24C02C-StateMachineUpdater: set stopIndex = 0
2023-05-23 10:27:52,099 [c218ba02-a349-461c-9b33-7224d749d428@group-95B4AD24C02C-StateMachineUpdater] INFO  ratis.ContainerStateMachine (ContainerStateMachine.java:takeSnapshot(330)) - group-95B4AD24C02C: Taking a snapshot at:(t:1, i:0) file /home/runner/work/ozone/ozone/hadoop-ozone/integration-test/target/test-dir/MiniOzoneClusterImpl-1448f794-6d1a-4b49-b7b3-e839f56d4fba/datanode-3/data/ratis/b50137f5-ee47-49a1-899a-95b4ad24c02c/sm/snapshot.1_0
2023-05-23 10:27:52,100 [ForkJoinPool.commonPool-worker-0] INFO  server.GrpcService (GrpcService.java:closeImpl(320)) - c218ba02-a349-461c-9b33-7224d749d428: shutdown server org.apache.ratis.grpc.server.GrpcClientProtocolService successfully
2023-05-23 10:27:52,100 [ForkJoinPool.commonPool-worker-0] INFO  server.GrpcService (GrpcService.java:closeImpl(311)) - c218ba02-a349-461c-9b33-7224d749d428: shutdown server GrpcServerProtocolService now
2023-05-23 10:27:52,100 [c218ba02-a349-461c-9b33-7224d749d428@group-95B4AD24C02C-StateMachineUpdater] INFO  ratis.ContainerStateMachine (ContainerStateMachine.java:takeSnapshot(341)) - group-95B4AD24C02C: Finished taking a snapshot at:(t:1, i:0) file:/home/runner/work/ozone/ozone/hadoop-ozone/integration-test/target/test-dir/MiniOzoneClusterImpl-1448f794-6d1a-4b49-b7b3-e839f56d4fba/datanode-3/data/ratis/b50137f5-ee47-49a1-899a-95b4ad24c02c/sm/snapshot.1_0 took: 1 ms
2023-05-23 10:27:52,100 [c218ba02-a349-461c-9b33-7224d749d428@group-95B4AD24C02C-StateMachineUpdater] INFO  impl.StateMachineUpdater (StateMachineUpdater.java:takeSnapshot(291)) - c218ba02-a349-461c-9b33-7224d749d428@group-95B4AD24C02C-StateMachineUpdater: Took a snapshot at index 0
2023-05-23 10:27:52,100 [c218ba02-a349-461c-9b33-7224d749d428@group-95B4AD24C02C-StateMachineUpdater] INFO  impl.StateMachineUpdater (StateMachineUpdater.java:lambda$new$0(97)) - c218ba02-a349-461c-9b33-7224d749d428@group-95B4AD24C02C-StateMachineUpdater: snapshotIndex: updateIncreasingly -1 -> 0
2023-05-23 10:27:52,100 [c218ba02-a349-461c-9b33-7224d749d428-impl-thread1] INFO  server.RaftServer$Division (ServerState.java:close(472)) - c218ba02-a349-461c-9b33-7224d749d428@group-95B4AD24C02C: closes. applyIndex: 0
2023-05-23 10:27:52,106 [ForkJoinPool.commonPool-worker-0] INFO  server.GrpcService (GrpcService.java:closeImpl(320)) - c218ba02-a349-461c-9b33-7224d749d428: shutdown server GrpcServerProtocolService successfully
2023-05-23 10:27:52,106 [ForkJoinPool.commonPool-worker-0] INFO  server.GrpcService (GrpcService.java:closeImpl(311)) - c218ba02-a349-461c-9b33-7224d749d428: shutdown server org.apache.ratis.grpc.server.GrpcAdminProtocolService now
2023-05-23 10:27:52,109 [ForkJoinPool.commonPool-worker-0] INFO  server.GrpcService (GrpcService.java:closeImpl(320)) - c218ba02-a349-461c-9b33-7224d749d428: shutdown server org.apache.ratis.grpc.server.GrpcAdminProtocolService successfully
2023-05-23 10:27:52,109 [c218ba02-a349-461c-9b33-7224d749d428-NettyServerStreamRpc-bossGroup--thread1] INFO  logging.LoggingHandler (AbstractInternalLogger.java:log(148)) - [id: 0xede6073e, L:/0:0:0:0:0:0:0:0:15230] CLOSE
2023-05-23 10:27:52,110 [c218ba02-a349-461c-9b33-7224d749d428-NettyServerStreamRpc-bossGroup--thread1] INFO  logging.LoggingHandler (AbstractInternalLogger.java:log(148)) - [id: 0xede6073e, L:/0:0:0:0:0:0:0:0:15230] INACTIVE
2023-05-23 10:27:52,110 [c218ba02-a349-461c-9b33-7224d749d428-NettyServerStreamRpc-bossGroup--thread1] INFO  logging.LoggingHandler (AbstractInternalLogger.java:log(148)) - [id: 0xede6073e, L:/0:0:0:0:0:0:0:0:15230] UNREGISTERED
2023-05-23 10:27:52,350 [85fe1515-2b71-4688-862a-26af69046f00-impl-thread1] INFO  segmented.SegmentedRaftLogWorker (SegmentedRaftLogWorker.java:close(252)) - 85fe1515-2b71-4688-862a-26af69046f00@group-F83CB09F0F7A-SegmentedRaftLogWorker close()
2023-05-23 10:27:52,351 [JvmPauseMonitor27] INFO  util.JvmPauseMonitor (JvmPauseMonitor.java:run(109)) - JvmPauseMonitor-85fe1515-2b71-4688-862a-26af69046f00: Stopped
2023-05-23 10:27:52,377 [ReplicationMonitor] INFO  replication.ReplicationManager (ReplicationManager.java:processAll(403)) - Replication Monitor Thread took 1 milliseconds for processing 1 containers.
2023-05-23 10:27:52,651 [c218ba02-a349-461c-9b33-7224d749d428-impl-thread1] INFO  segmented.SegmentedRaftLogWorker (SegmentedRaftLogWorker.java:close(252)) - c218ba02-a349-461c-9b33-7224d749d428@group-95B4AD24C02C-SegmentedRaftLogWorker close()
2023-05-23 10:27:52,652 [JvmPauseMonitor28] INFO  util.JvmPauseMonitor (JvmPauseMonitor.java:run(109)) - JvmPauseMonitor-c218ba02-a349-461c-9b33-7224d749d428: Stopped
2023-05-23 10:27:52,813 [fad86c32-67f1-4b6d-b48a-d8941e8b4fba-impl-thread1] INFO  segmented.SegmentedRaftLogWorker (SegmentedRaftLogWorker.java:close(252)) - fad86c32-67f1-4b6d-b48a-d8941e8b4fba@group-B2D228E39E14-SegmentedRaftLogWorker close()
2023-05-23 10:27:52,815 [JvmPauseMonitor25] INFO  util.JvmPauseMonitor (JvmPauseMonitor.java:run(109)) - JvmPauseMonitor-fad86c32-67f1-4b6d-b48a-d8941e8b4fba: Stopped
2023-05-23 10:27:53,064 [e2ddfef6-1e3c-4407-91fd-4f310f7b7654-impl-thread1] INFO  segmented.SegmentedRaftLogWorker (SegmentedRaftLogWorker.java:close(252)) - e2ddfef6-1e3c-4407-91fd-4f310f7b7654@group-9BA6FC6B829D-SegmentedRaftLogWorker close()
2023-05-23 10:27:53,066 [JvmPauseMonitor29] INFO  util.JvmPauseMonitor (JvmPauseMonitor.java:run(109)) - JvmPauseMonitor-e2ddfef6-1e3c-4407-91fd-4f310f7b7654: Stopped
2023-05-23 10:27:53,378 [ReplicationMonitor] INFO  replication.ReplicationManager (ReplicationManager.java:processAll(403)) - Replication Monitor Thread took 1 milliseconds for processing 1 containers.
2023-05-23 10:27:54,356 [Listener at 127.0.0.1/15196] INFO  utils.DatanodeStoreCache (DatanodeStoreCache.java:shutdownCache(110)) - Skip clearing cache in mini cluster mode. Entries left: [/home/runner/work/ozone/ozone/hadoop-ozone/integration-test/target/test-dir/MiniOzoneClusterImpl-1448f794-6d1a-4b49-b7b3-e839f56d4fba/datanode-0/data-0/containers/hdds/1448f794-6d1a-4b49-b7b3-e839f56d4fba/DS-0e3e776a-dae2-4e1b-b913-cf2271425593/container.db, /home/runner/work/ozone/ozone/hadoop-ozone/integration-test/target/test-dir/MiniOzoneClusterImpl-1448f794-6d1a-4b49-b7b3-e839f56d4fba/datanode-2/data-0/containers/hdds/1448f794-6d1a-4b49-b7b3-e839f56d4fba/DS-5c721517-4486-417f-9592-06b9ea74e557/container.db, /home/runner/work/ozone/ozone/hadoop-ozone/integration-test/target/test-dir/MiniOzoneClusterImpl-1448f794-6d1a-4b49-b7b3-e839f56d4fba/datanode-3/data-0/containers/hdds/1448f794-6d1a-4b49-b7b3-e839f56d4fba/DS-e582ba44-268a-42ab-be84-a6c7d5fda64b/container.db, /home/runner/work/ozone/ozone/hadoop-ozone/integration-test/target/test-dir/MiniOzoneClusterImpl-1448f794-6d1a-4b49-b7b3-e839f56d4fba/datanode-4/data-0/containers/hdds/1448f794-6d1a-4b49-b7b3-e839f56d4fba/DS-74313cb6-6868-41fa-8918-3f60abd0fa1a/container.db]
2023-05-23 10:27:54,359 [Listener at 127.0.0.1/15196] INFO  utils.DatanodeStoreCache (DatanodeStoreCache.java:removeDB(104)) - Removed db /home/runner/work/ozone/ozone/hadoop-ozone/integration-test/target/test-dir/MiniOzoneClusterImpl-1448f794-6d1a-4b49-b7b3-e839f56d4fba/datanode-2/data-0/containers/hdds/1448f794-6d1a-4b49-b7b3-e839f56d4fba/DS-5c721517-4486-417f-9592-06b9ea74e557/container.db from cache
2023-05-23 10:27:54,359 [Listener at 127.0.0.1/15196] INFO  volume.HddsVolume (HddsVolume.java:closeDbStore(437)) - SchemaV3 db is stopped at /home/runner/work/ozone/ozone/hadoop-ozone/integration-test/target/test-dir/MiniOzoneClusterImpl-1448f794-6d1a-4b49-b7b3-e839f56d4fba/datanode-2/data-0/containers/hdds/1448f794-6d1a-4b49-b7b3-e839f56d4fba/DS-5c721517-4486-417f-9592-06b9ea74e557/container.db for volume DS-5c721517-4486-417f-9592-06b9ea74e557
2023-05-23 10:27:54,359 [Listener at 127.0.0.1/15196] INFO  utils.BackgroundService (BackgroundService.java:shutdown(141)) - Shutting down service BlockDeletingService
2023-05-23 10:27:54,359 [Listener at 127.0.0.1/15196] INFO  utils.BackgroundService (BackgroundService.java:shutdown(141)) - Shutting down service StaleRecoveringContainerScrubbingService
2023-05-23 10:27:54,360 [Listener at 127.0.0.1/15196] INFO  statemachine.DatanodeStateMachine (DatanodeStateMachine.java:stopDaemon(608)) - Ozone container server stopped.
2023-05-23 10:27:54,370 [Listener at 127.0.0.1/15196] INFO  handler.ContextHandler (ContextHandler.java:doStop(1159)) - Stopped o.e.j.w.WebAppContext@365f1aff{hddsDatanode,/,null,STOPPED}{jar:file:/home/runner/.m2/repository/org/apache/ozone/hdds-container-service/1.4.0-SNAPSHOT/hdds-container-service-1.4.0-SNAPSHOT.jar!/webapps/hddsDatanode}
2023-05-23 10:27:54,370 [Listener at 127.0.0.1/15196] INFO  server.AbstractConnector (AbstractConnector.java:doStop(383)) - Stopped ServerConnector@6ca74675{HTTP/1.1, (http/1.1)}{0.0.0.0:15217}
2023-05-23 10:27:54,370 [Listener at 127.0.0.1/15196] INFO  server.session (HouseKeeper.java:stopScavenging(149)) - node0 Stopped scavenging
2023-05-23 10:27:54,370 [Listener at 127.0.0.1/15196] INFO  handler.ContextHandler (ContextHandler.java:doStop(1159)) - Stopped o.e.j.s.ServletContextHandler@56d4378e{static,/static,jar:file:/home/runner/.m2/repository/org/apache/ozone/hdds-container-service/1.4.0-SNAPSHOT/hdds-container-service-1.4.0-SNAPSHOT.jar!/webapps/static,STOPPED}
2023-05-23 10:27:54,371 [Listener at 127.0.0.1/15196] INFO  handler.ContextHandler (ContextHandler.java:doStop(1159)) - Stopped o.e.j.s.ServletContextHandler@f56b379{logs,/logs,file:///home/runner/work/ozone/ozone/hadoop-ozone/integration-test/target/log,STOPPED}
2023-05-23 10:27:54,378 [ReplicationMonitor] INFO  replication.ReplicationManager (ReplicationManager.java:processAll(403)) - Replication Monitor Thread took 0 milliseconds for processing 1 containers.
2023-05-23 10:27:54,656 [ForkJoinPool.commonPool-worker-0] INFO  utils.DatanodeStoreCache (DatanodeStoreCache.java:shutdownCache(110)) - Skip clearing cache in mini cluster mode. Entries left: [/home/runner/work/ozone/ozone/hadoop-ozone/integration-test/target/test-dir/MiniOzoneClusterImpl-1448f794-6d1a-4b49-b7b3-e839f56d4fba/datanode-0/data-0/containers/hdds/1448f794-6d1a-4b49-b7b3-e839f56d4fba/DS-0e3e776a-dae2-4e1b-b913-cf2271425593/container.db, /home/runner/work/ozone/ozone/hadoop-ozone/integration-test/target/test-dir/MiniOzoneClusterImpl-1448f794-6d1a-4b49-b7b3-e839f56d4fba/datanode-3/data-0/containers/hdds/1448f794-6d1a-4b49-b7b3-e839f56d4fba/DS-e582ba44-268a-42ab-be84-a6c7d5fda64b/container.db, /home/runner/work/ozone/ozone/hadoop-ozone/integration-test/target/test-dir/MiniOzoneClusterImpl-1448f794-6d1a-4b49-b7b3-e839f56d4fba/datanode-4/data-0/containers/hdds/1448f794-6d1a-4b49-b7b3-e839f56d4fba/DS-74313cb6-6868-41fa-8918-3f60abd0fa1a/container.db]
2023-05-23 10:27:54,659 [ForkJoinPool.commonPool-worker-0] INFO  utils.DatanodeStoreCache (DatanodeStoreCache.java:removeDB(104)) - Removed db /home/runner/work/ozone/ozone/hadoop-ozone/integration-test/target/test-dir/MiniOzoneClusterImpl-1448f794-6d1a-4b49-b7b3-e839f56d4fba/datanode-3/data-0/containers/hdds/1448f794-6d1a-4b49-b7b3-e839f56d4fba/DS-e582ba44-268a-42ab-be84-a6c7d5fda64b/container.db from cache
2023-05-23 10:27:54,659 [ForkJoinPool.commonPool-worker-0] INFO  volume.HddsVolume (HddsVolume.java:closeDbStore(437)) - SchemaV3 db is stopped at /home/runner/work/ozone/ozone/hadoop-ozone/integration-test/target/test-dir/MiniOzoneClusterImpl-1448f794-6d1a-4b49-b7b3-e839f56d4fba/datanode-3/data-0/containers/hdds/1448f794-6d1a-4b49-b7b3-e839f56d4fba/DS-e582ba44-268a-42ab-be84-a6c7d5fda64b/container.db for volume DS-e582ba44-268a-42ab-be84-a6c7d5fda64b
2023-05-23 10:27:54,660 [ForkJoinPool.commonPool-worker-0] INFO  utils.BackgroundService (BackgroundService.java:shutdown(141)) - Shutting down service BlockDeletingService
2023-05-23 10:27:54,661 [ForkJoinPool.commonPool-worker-0] INFO  utils.BackgroundService (BackgroundService.java:shutdown(141)) - Shutting down service StaleRecoveringContainerScrubbingService
2023-05-23 10:27:54,662 [ForkJoinPool.commonPool-worker-0] INFO  statemachine.DatanodeStateMachine (DatanodeStateMachine.java:stopDaemon(608)) - Ozone container server stopped.
2023-05-23 10:27:54,672 [ForkJoinPool.commonPool-worker-0] INFO  handler.ContextHandler (ContextHandler.java:doStop(1159)) - Stopped o.e.j.w.WebAppContext@7225e27d{hddsDatanode,/,null,STOPPED}{jar:file:/home/runner/.m2/repository/org/apache/ozone/hdds-container-service/1.4.0-SNAPSHOT/hdds-container-service-1.4.0-SNAPSHOT.jar!/webapps/hddsDatanode}
2023-05-23 10:27:54,673 [ForkJoinPool.commonPool-worker-0] INFO  server.AbstractConnector (AbstractConnector.java:doStop(383)) - Stopped ServerConnector@4a8a3bf2{HTTP/1.1, (http/1.1)}{0.0.0.0:15225}
2023-05-23 10:27:54,673 [ForkJoinPool.commonPool-worker-0] INFO  server.session (HouseKeeper.java:stopScavenging(149)) - node0 Stopped scavenging
2023-05-23 10:27:54,674 [ForkJoinPool.commonPool-worker-0] INFO  handler.ContextHandler (ContextHandler.java:doStop(1159)) - Stopped o.e.j.s.ServletContextHandler@5fce6b82{static,/static,jar:file:/home/runner/.m2/repository/org/apache/ozone/hdds-container-service/1.4.0-SNAPSHOT/hdds-container-service-1.4.0-SNAPSHOT.jar!/webapps/static,STOPPED}
2023-05-23 10:27:54,675 [ForkJoinPool.commonPool-worker-0] INFO  handler.ContextHandler (ContextHandler.java:doStop(1159)) - Stopped o.e.j.s.ServletContextHandler@5774e9c6{logs,/logs,file:///home/runner/work/ozone/ozone/hadoop-ozone/integration-test/target/log,STOPPED}
2023-05-23 10:27:54,818 [ForkJoinPool.commonPool-worker-2] INFO  utils.DatanodeStoreCache (DatanodeStoreCache.java:shutdownCache(110)) - Skip clearing cache in mini cluster mode. Entries left: [/home/runner/work/ozone/ozone/hadoop-ozone/integration-test/target/test-dir/MiniOzoneClusterImpl-1448f794-6d1a-4b49-b7b3-e839f56d4fba/datanode-0/data-0/containers/hdds/1448f794-6d1a-4b49-b7b3-e839f56d4fba/DS-0e3e776a-dae2-4e1b-b913-cf2271425593/container.db, /home/runner/work/ozone/ozone/hadoop-ozone/integration-test/target/test-dir/MiniOzoneClusterImpl-1448f794-6d1a-4b49-b7b3-e839f56d4fba/datanode-4/data-0/containers/hdds/1448f794-6d1a-4b49-b7b3-e839f56d4fba/DS-74313cb6-6868-41fa-8918-3f60abd0fa1a/container.db]
2023-05-23 10:27:54,822 [ForkJoinPool.commonPool-worker-2] INFO  utils.DatanodeStoreCache (DatanodeStoreCache.java:removeDB(104)) - Removed db /home/runner/work/ozone/ozone/hadoop-ozone/integration-test/target/test-dir/MiniOzoneClusterImpl-1448f794-6d1a-4b49-b7b3-e839f56d4fba/datanode-0/data-0/containers/hdds/1448f794-6d1a-4b49-b7b3-e839f56d4fba/DS-0e3e776a-dae2-4e1b-b913-cf2271425593/container.db from cache
2023-05-23 10:27:54,823 [ForkJoinPool.commonPool-worker-2] INFO  volume.HddsVolume (HddsVolume.java:closeDbStore(437)) - SchemaV3 db is stopped at /home/runner/work/ozone/ozone/hadoop-ozone/integration-test/target/test-dir/MiniOzoneClusterImpl-1448f794-6d1a-4b49-b7b3-e839f56d4fba/datanode-0/data-0/containers/hdds/1448f794-6d1a-4b49-b7b3-e839f56d4fba/DS-0e3e776a-dae2-4e1b-b913-cf2271425593/container.db for volume DS-0e3e776a-dae2-4e1b-b913-cf2271425593
2023-05-23 10:27:54,823 [ForkJoinPool.commonPool-worker-2] INFO  utils.BackgroundService (BackgroundService.java:shutdown(141)) - Shutting down service BlockDeletingService
2023-05-23 10:27:54,823 [ForkJoinPool.commonPool-worker-2] INFO  utils.BackgroundService (BackgroundService.java:shutdown(141)) - Shutting down service StaleRecoveringContainerScrubbingService
2023-05-23 10:27:54,825 [ForkJoinPool.commonPool-worker-2] INFO  statemachine.DatanodeStateMachine (DatanodeStateMachine.java:stopDaemon(608)) - Ozone container server stopped.
2023-05-23 10:27:54,836 [ForkJoinPool.commonPool-worker-2] INFO  handler.ContextHandler (ContextHandler.java:doStop(1159)) - Stopped o.e.j.w.WebAppContext@56dd6659{hddsDatanode,/,null,STOPPED}{jar:file:/home/runner/.m2/repository/org/apache/ozone/hdds-container-service/1.4.0-SNAPSHOT/hdds-container-service-1.4.0-SNAPSHOT.jar!/webapps/hddsDatanode}
2023-05-23 10:27:54,836 [ForkJoinPool.commonPool-worker-2] INFO  server.AbstractConnector (AbstractConnector.java:doStop(383)) - Stopped ServerConnector@4ce3b89d{HTTP/1.1, (http/1.1)}{0.0.0.0:15201}
2023-05-23 10:27:54,836 [ForkJoinPool.commonPool-worker-2] INFO  server.session (HouseKeeper.java:stopScavenging(149)) - node0 Stopped scavenging
2023-05-23 10:27:54,837 [ForkJoinPool.commonPool-worker-2] INFO  handler.ContextHandler (ContextHandler.java:doStop(1159)) - Stopped o.e.j.s.ServletContextHandler@584b8663{static,/static,jar:file:/home/runner/.m2/repository/org/apache/ozone/hdds-container-service/1.4.0-SNAPSHOT/hdds-container-service-1.4.0-SNAPSHOT.jar!/webapps/static,STOPPED}
2023-05-23 10:27:54,837 [ForkJoinPool.commonPool-worker-2] INFO  handler.ContextHandler (ContextHandler.java:doStop(1159)) - Stopped o.e.j.s.ServletContextHandler@16f7418c{logs,/logs,file:///home/runner/work/ozone/ozone/hadoop-ozone/integration-test/target/log,STOPPED}
2023-05-23 10:27:55,027 [EventQueue-StaleNodeForStaleNodeHandler] INFO  node.StaleNodeHandler (StaleNodeHandler.java:onMessage(59)) - Datanode 85fe1515-2b71-4688-862a-26af69046f00(fv-az1249-304/10.1.0.38) moved to stale state. Finalizing its pipelines [PipelineID=12c8013d-565a-432e-9b23-f83cb09f0f7a]
2023-05-23 10:27:55,028 [EventQueue-StaleNodeForStaleNodeHandler] INFO  pipeline.PipelineManagerImpl (PipelineManagerImpl.java:closePipeline(442)) - Pipeline Pipeline[ Id: 12c8013d-565a-432e-9b23-f83cb09f0f7a, Nodes: 85fe1515-2b71-4688-862a-26af69046f00(fv-az1249-304/10.1.0.38), ReplicationConfig: RATIS/ONE, State:OPEN, leaderId:85fe1515-2b71-4688-862a-26af69046f00, CreationTimestamp2023-05-23T10:27:29.215Z[Etc/UTC]] moved to CLOSED state
2023-05-23 10:27:55,028 [EventQueue-StaleNodeForStaleNodeHandler] INFO  node.StaleNodeHandler (StaleNodeHandler.java:onMessage(59)) - Datanode fad86c32-67f1-4b6d-b48a-d8941e8b4fba(fv-az1249-304/10.1.0.38) moved to stale state. Finalizing its pipelines [PipelineID=bf29fd44-6b6a-4218-9b55-b2d228e39e14]
2023-05-23 10:27:55,028 [EventQueue-StaleNodeForStaleNodeHandler] INFO  pipeline.PipelineManagerImpl (PipelineManagerImpl.java:closePipeline(442)) - Pipeline Pipeline[ Id: bf29fd44-6b6a-4218-9b55-b2d228e39e14, Nodes: fad86c32-67f1-4b6d-b48a-d8941e8b4fba(fv-az1249-304/10.1.0.38), ReplicationConfig: RATIS/ONE, State:OPEN, leaderId:fad86c32-67f1-4b6d-b48a-d8941e8b4fba, CreationTimestamp2023-05-23T10:27:28.554Z[Etc/UTC]] moved to CLOSED state
2023-05-23 10:27:55,072 [ForkJoinPool.commonPool-worker-3] INFO  utils.DatanodeStoreCache (DatanodeStoreCache.java:shutdownCache(110)) - Skip clearing cache in mini cluster mode. Entries left: [/home/runner/work/ozone/ozone/hadoop-ozone/integration-test/target/test-dir/MiniOzoneClusterImpl-1448f794-6d1a-4b49-b7b3-e839f56d4fba/datanode-4/data-0/containers/hdds/1448f794-6d1a-4b49-b7b3-e839f56d4fba/DS-74313cb6-6868-41fa-8918-3f60abd0fa1a/container.db]
2023-05-23 10:27:55,075 [ForkJoinPool.commonPool-worker-3] INFO  utils.DatanodeStoreCache (DatanodeStoreCache.java:removeDB(104)) - Removed db /home/runner/work/ozone/ozone/hadoop-ozone/integration-test/target/test-dir/MiniOzoneClusterImpl-1448f794-6d1a-4b49-b7b3-e839f56d4fba/datanode-4/data-0/containers/hdds/1448f794-6d1a-4b49-b7b3-e839f56d4fba/DS-74313cb6-6868-41fa-8918-3f60abd0fa1a/container.db from cache
2023-05-23 10:27:55,075 [ForkJoinPool.commonPool-worker-3] INFO  volume.HddsVolume (HddsVolume.java:closeDbStore(437)) - SchemaV3 db is stopped at /home/runner/work/ozone/ozone/hadoop-ozone/integration-test/target/test-dir/MiniOzoneClusterImpl-1448f794-6d1a-4b49-b7b3-e839f56d4fba/datanode-4/data-0/containers/hdds/1448f794-6d1a-4b49-b7b3-e839f56d4fba/DS-74313cb6-6868-41fa-8918-3f60abd0fa1a/container.db for volume DS-74313cb6-6868-41fa-8918-3f60abd0fa1a
2023-05-23 10:27:55,076 [ForkJoinPool.commonPool-worker-3] INFO  utils.BackgroundService (BackgroundService.java:shutdown(141)) - Shutting down service BlockDeletingService
2023-05-23 10:27:55,077 [ForkJoinPool.commonPool-worker-3] INFO  utils.BackgroundService (BackgroundService.java:shutdown(141)) - Shutting down service StaleRecoveringContainerScrubbingService
2023-05-23 10:27:55,078 [ForkJoinPool.commonPool-worker-3] INFO  statemachine.DatanodeStateMachine (DatanodeStateMachine.java:stopDaemon(608)) - Ozone container server stopped.
2023-05-23 10:27:55,090 [ForkJoinPool.commonPool-worker-3] INFO  handler.ContextHandler (ContextHandler.java:doStop(1159)) - Stopped o.e.j.w.WebAppContext@28bddfda{hddsDatanode,/,null,STOPPED}{jar:file:/home/runner/.m2/repository/org/apache/ozone/hdds-container-service/1.4.0-SNAPSHOT/hdds-container-service-1.4.0-SNAPSHOT.jar!/webapps/hddsDatanode}
2023-05-23 10:27:55,090 [ForkJoinPool.commonPool-worker-3] INFO  server.AbstractConnector (AbstractConnector.java:doStop(383)) - Stopped ServerConnector@7a414faa{HTTP/1.1, (http/1.1)}{0.0.0.0:15233}
2023-05-23 10:27:55,091 [ForkJoinPool.commonPool-worker-3] INFO  server.session (HouseKeeper.java:stopScavenging(149)) - node0 Stopped scavenging
2023-05-23 10:27:55,092 [ForkJoinPool.commonPool-worker-3] INFO  handler.ContextHandler (ContextHandler.java:doStop(1159)) - Stopped o.e.j.s.ServletContextHandler@4322d3fd{static,/static,jar:file:/home/runner/.m2/repository/org/apache/ozone/hdds-container-service/1.4.0-SNAPSHOT/hdds-container-service-1.4.0-SNAPSHOT.jar!/webapps/static,STOPPED}
2023-05-23 10:27:55,092 [ForkJoinPool.commonPool-worker-3] INFO  handler.ContextHandler (ContextHandler.java:doStop(1159)) - Stopped o.e.j.s.ServletContextHandler@72ac22b7{logs,/logs,file:///home/runner/work/ozone/ozone/hadoop-ozone/integration-test/target/log,STOPPED}
2023-05-23 10:27:55,094 [Listener at 127.0.0.1/15196] INFO  ozone.MiniOzoneClusterImpl (MiniOzoneClusterImpl.java:stopSCM(536)) - Stopping the StorageContainerManager
2023-05-23 10:27:55,094 [Listener at 127.0.0.1/15196] INFO  server.StorageContainerManager (StorageContainerManager.java:stop(1578)) - Container Balancer is not running.
2023-05-23 10:27:55,094 [Listener at 127.0.0.1/15196] INFO  server.StorageContainerManager (StorageContainerManager.java:stopReplicationManager(1709)) - Stopping Replication Manager Service.
2023-05-23 10:27:55,094 [Listener at 127.0.0.1/15196] INFO  replication.ReplicationManager (ReplicationManager.java:stop(333)) - Stopping Replication Monitor Thread.
2023-05-23 10:27:55,094 [Listener at 127.0.0.1/15196] INFO  server.StorageContainerManager (StorageContainerManager.java:stop(1587)) - Stopping the Datanode Admin Monitor.
2023-05-23 10:27:55,094 [Under Replicated Processor] WARN  replication.UnhealthyReplicationProcessor (UnhealthyReplicationProcessor.java:run(167)) - Under Replicated Processor interrupted. Exiting...
2023-05-23 10:27:55,094 [ReplicationMonitor] INFO  replication.ReplicationManager (ReplicationManager.java:run(944)) - Replication Monitor Thread is stopped
2023-05-23 10:27:55,094 [Over Replicated Processor] WARN  replication.UnhealthyReplicationProcessor (UnhealthyReplicationProcessor.java:run(167)) - Over Replicated Processor interrupted. Exiting...
2023-05-23 10:27:55,094 [Listener at 127.0.0.1/15196] INFO  server.StorageContainerManager (StorageContainerManager.java:stop(1594)) - Stopping datanode service RPC server
2023-05-23 10:27:55,094 [Listener at 127.0.0.1/15196] INFO  server.SCMDatanodeProtocolServer (SCMDatanodeProtocolServer.java:stop(424)) - Stopping the RPC server for DataNodes
2023-05-23 10:27:55,094 [Listener at 127.0.0.1/15196] INFO  ipc.Server (Server.java:stop(3501)) - Stopping server on 15194
2023-05-23 10:27:55,097 [IPC Server Responder] INFO  ipc.Server (Server.java:run(1563)) - Stopping IPC Server Responder
2023-05-23 10:27:55,097 [IPC Server listener on 15194] INFO  ipc.Server (Server.java:run(1430)) - Stopping IPC Server listener on 15194
2023-05-23 10:27:55,127 [SCM Heartbeat Processing Thread - 0] WARN  node.NodeStateManager (NodeStateManager.java:scheduleNextHealthCheck(870)) - Current Thread is interrupted, shutting down HB processing thread for Node Manager.
2023-05-23 10:27:55,127 [EventQueue-StaleNodeForStaleNodeHandler] INFO  node.StaleNodeHandler (StaleNodeHandler.java:onMessage(59)) - Datanode e2ddfef6-1e3c-4407-91fd-4f310f7b7654(fv-az1249-304/10.1.0.38) moved to stale state. Finalizing its pipelines [PipelineID=55498606-a808-4a19-8697-9ba6fc6b829d]
2023-05-23 10:27:55,128 [EventQueue-StaleNodeForStaleNodeHandler] INFO  pipeline.PipelineManagerImpl (PipelineManagerImpl.java:closePipeline(442)) - Pipeline Pipeline[ Id: 55498606-a808-4a19-8697-9ba6fc6b829d, Nodes: e2ddfef6-1e3c-4407-91fd-4f310f7b7654(fv-az1249-304/10.1.0.38), ReplicationConfig: RATIS/ONE, State:OPEN, leaderId:e2ddfef6-1e3c-4407-91fd-4f310f7b7654, CreationTimestamp2023-05-23T10:27:29.868Z[Etc/UTC]] moved to CLOSED state
2023-05-23 10:27:55,128 [EventQueue-StaleNodeForStaleNodeHandler] INFO  node.StaleNodeHandler (StaleNodeHandler.java:onMessage(59)) - Datanode c218ba02-a349-461c-9b33-7224d749d428(fv-az1249-304/10.1.0.38) moved to stale state. Finalizing its pipelines [PipelineID=b50137f5-ee47-49a1-899a-95b4ad24c02c]
2023-05-23 10:27:55,128 [EventQueue-StaleNodeForStaleNodeHandler] INFO  pipeline.PipelineManagerImpl (PipelineManagerImpl.java:closePipeline(442)) - Pipeline Pipeline[ Id: b50137f5-ee47-49a1-899a-95b4ad24c02c, Nodes: c218ba02-a349-461c-9b33-7224d749d428(fv-az1249-304/10.1.0.38), ReplicationConfig: RATIS/ONE, State:OPEN, leaderId:c218ba02-a349-461c-9b33-7224d749d428, CreationTimestamp2023-05-23T10:27:29.548Z[Etc/UTC]] moved to CLOSED state
2023-05-23 10:27:55,128 [Listener at 127.0.0.1/15196] INFO  server.StorageContainerManager (StorageContainerManager.java:stop(1602)) - Stopping block service RPC server
2023-05-23 10:27:55,128 [Listener at 127.0.0.1/15196] INFO  server.SCMBlockProtocolServer (SCMBlockProtocolServer.java:stop(161)) - Stopping the RPC server for Block Protocol
2023-05-23 10:27:55,128 [Listener at 127.0.0.1/15196] INFO  ipc.Server (Server.java:stop(3501)) - Stopping server on 15193
2023-05-23 10:27:55,132 [IPC Server listener on 15193] INFO  ipc.Server (Server.java:run(1430)) - Stopping IPC Server listener on 15193
2023-05-23 10:27:55,133 [Listener at 127.0.0.1/15196] INFO  server.StorageContainerManager (StorageContainerManager.java:stop(1609)) - Stopping the StorageContainerLocationProtocol RPC server
2023-05-23 10:27:55,133 [Listener at 127.0.0.1/15196] INFO  server.SCMClientProtocolServer (SCMClientProtocolServer.java:stop(208)) - Stopping the RPC server for Client Protocol
2023-05-23 10:27:55,133 [Listener at 127.0.0.1/15196] INFO  ipc.Server (Server.java:stop(3501)) - Stopping server on 15192
2023-05-23 10:27:55,133 [IPC Server Responder] INFO  ipc.Server (Server.java:run(1563)) - Stopping IPC Server Responder
2023-05-23 10:27:55,135 [IPC Server Responder] INFO  ipc.Server (Server.java:run(1563)) - Stopping IPC Server Responder
2023-05-23 10:27:55,135 [IPC Server listener on 15192] INFO  ipc.Server (Server.java:run(1430)) - Stopping IPC Server listener on 15192
2023-05-23 10:27:55,136 [Listener at 127.0.0.1/15196] INFO  server.StorageContainerManager (StorageContainerManager.java:stop(1616)) - Stopping Storage Container Manager HTTP server.
2023-05-23 10:27:55,136 [Listener at 127.0.0.1/15196] INFO  handler.ContextHandler (ContextHandler.java:doStop(1159)) - Stopped o.e.j.w.WebAppContext@4824f159{scm,/,null,STOPPED}{file:/home/runner/work/ozone/ozone/hadoop-ozone/integration-test/target/test-classes/webapps/scm}
2023-05-23 10:27:55,137 [Listener at 127.0.0.1/15196] INFO  server.AbstractConnector (AbstractConnector.java:doStop(383)) - Stopped ServerConnector@6620a622{HTTP/1.1, (http/1.1)}{0.0.0.0:15195}
2023-05-23 10:27:55,137 [Listener at 127.0.0.1/15196] INFO  server.session (HouseKeeper.java:stopScavenging(149)) - node0 Stopped scavenging
2023-05-23 10:27:55,137 [Listener at 127.0.0.1/15196] INFO  handler.ContextHandler (ContextHandler.java:doStop(1159)) - Stopped o.e.j.s.ServletContextHandler@33c02487{static,/static,file:///home/runner/work/ozone/ozone/hadoop-ozone/integration-test/target/test-classes/webapps/static,STOPPED}
2023-05-23 10:27:55,137 [Listener at 127.0.0.1/15196] INFO  handler.ContextHandler (ContextHandler.java:doStop(1159)) - Stopped o.e.j.s.ServletContextHandler@7668f1a0{logs,/logs,file:///home/runner/work/ozone/ozone/hadoop-ozone/integration-test/target/log,STOPPED}
2023-05-23 10:27:55,138 [Listener at 127.0.0.1/15196] INFO  server.StorageContainerManager (StorageContainerManager.java:stop(1624)) - Stopping SCM LayoutVersionManager Service.
2023-05-23 10:27:55,138 [Listener at 127.0.0.1/15196] INFO  server.StorageContainerManager (StorageContainerManager.java:stop(1632)) - Stopping Block Manager Service.
2023-05-23 10:27:55,138 [Listener at 127.0.0.1/15196] INFO  utils.BackgroundService (BackgroundService.java:shutdown(141)) - Shutting down service SCMBlockDeletingService
2023-05-23 10:27:55,139 [Listener at 127.0.0.1/15196] INFO  utils.BackgroundService (BackgroundService.java:shutdown(141)) - Shutting down service SCMBlockDeletingService
2023-05-23 10:27:55,139 [Listener at 127.0.0.1/15196] INFO  server.StorageContainerManager (StorageContainerManager.java:stop(1654)) - Stopping SCM Event Queue.
2023-05-23 10:27:55,139 [Listener at 127.0.0.1/15196] INFO  server.StorageContainerManager (StorageContainerManager.java:stop(1665)) - Stopping SCM HA services.
2023-05-23 10:27:55,140 [Listener at 127.0.0.1/15196] INFO  pipeline.BackgroundPipelineCreator (BackgroundPipelineCreator.java:stop(149)) - Stopping RatisPipelineUtilsThread.
2023-05-23 10:27:55,140 [RatisPipelineUtilsThread - 0] WARN  pipeline.BackgroundPipelineCreator (BackgroundPipelineCreator.java:run(180)) - RatisPipelineUtilsThread is interrupted.
2023-05-23 10:27:55,140 [Listener at 127.0.0.1/15196] INFO  BackgroundPipelineScrubber (BackgroundSCMService.java:stop(131)) - Stopping BackgroundPipelineScrubber Service.
2023-05-23 10:27:55,140 [BackgroundPipelineScrubberThread] WARN  BackgroundPipelineScrubber (BackgroundSCMService.java:run(115)) - BackgroundPipelineScrubber is interrupted, exit
2023-05-23 10:27:55,140 [Listener at 127.0.0.1/15196] INFO  impl.MetricsSystemImpl (MetricsSystemImpl.java:stop(210)) - Stopping HddsDatanode metrics system...
2023-05-23 10:27:55,150 [prometheus] INFO  impl.MetricsSinkAdapter (MetricsSinkAdapter.java:publishMetricsFromQueue(141)) - prometheus thread interrupted.
2023-05-23 10:27:55,150 [Listener at 127.0.0.1/15196] INFO  impl.MetricsSystemImpl (MetricsSystemImpl.java:stop(216)) - HddsDatanode metrics system stopped.
2023-05-23 10:27:55,150 [Listener at 127.0.0.1/15196] WARN  pipeline.BackgroundPipelineCreator (BackgroundPipelineCreator.java:stop(145)) - RatisPipelineUtilsThread is not running, just ignore.
2023-05-23 10:27:55,150 [Listener at 127.0.0.1/15196] INFO  BackgroundPipelineScrubber (BackgroundSCMService.java:stop(126)) - BackgroundPipelineScrubber Service is not running, skip stop.
2023-05-23 10:27:55,151 [Listener at 127.0.0.1/15196] INFO  ExpiredContainerReplicaOpScrubber (BackgroundSCMService.java:stop(131)) - Stopping ExpiredContainerReplicaOpScrubber Service.
2023-05-23 10:27:55,151 [ExpiredContainerReplicaOpScrubberThread] WARN  ExpiredContainerReplicaOpScrubber (BackgroundSCMService.java:run(115)) - ExpiredContainerReplicaOpScrubber is interrupted, exit
2023-05-23 10:27:55,151 [Listener at 127.0.0.1/15196] INFO  utils.BackgroundService (BackgroundService.java:shutdown(141)) - Shutting down service SCMBlockDeletingService
2023-05-23 10:27:55,151 [Listener at 127.0.0.1/15196] INFO  replication.ReplicationManager (ReplicationManager.java:stop(343)) - Replication Monitor Thread is not running.
2023-05-23 10:27:55,151 [Listener at 127.0.0.1/15196] WARN  balancer.ContainerBalancer (ContainerBalancer.java:stop(324)) - Cannot stop Container Balancer because it's not running or stopping
2023-05-23 10:27:55,151 [Listener at 127.0.0.1/15196] INFO  server.StorageContainerManager (StorageContainerManager.java:stop(1700)) - Stopping SCM MetadataStore.
]]></system-out>
  </testcase>
  <testcase name="testContainerReplication" classname="TestContainerReplication" time="37.413">
    <system-out><![CDATA[2023-05-23 10:25:08,185 [Time-limited test] WARN  server.ServerUtils (ServerUtils.java:getScmDbDir(148)) - ozone.scm.db.dirs is not configured. We recommend adding this setting. Falling back to ozone.metadata.dirs instead.
2023-05-23 10:25:08,189 [Time-limited test] WARN  server.ServerUtils (ServerUtils.java:getScmDbDir(148)) - ozone.scm.db.dirs is not configured. We recommend adding this setting. Falling back to ozone.metadata.dirs instead.
2023-05-23 10:25:08,190 [Time-limited test] INFO  ha.SCMHANodeDetails (SCMHANodeDetails.java:loadSCMHAConfig(209)) - ServiceID for StorageContainerManager is null
2023-05-23 10:25:08,190 [Time-limited test] INFO  ha.SCMHANodeDetails (SCMHANodeDetails.java:loadSCMHAConfig(214)) - ozone.scm.default.service.id is not defined, falling back to ozone.scm.service.ids to find serviceID for StorageContainerManager if it is HA enabled cluster
2023-05-23 10:25:08,190 [Time-limited test] WARN  utils.HAUtils (HAUtils.java:getMetaDir(350)) - ozone.scm.db.dirs is not configured. We recommend adding this setting. Falling back to ozone.metadata.dirs instead.
2023-05-23 10:25:08,191 [Time-limited test] WARN  db.DBStoreBuilder (DBStoreBuilder.java:applyDBDefinition(165)) - ozone.scm.db.dirs is not configured. We recommend adding this setting. Falling back to ozone.metadata.dirs instead.
2023-05-23 10:25:08,319 [Time-limited test] INFO  net.NodeSchemaLoader (NodeSchemaLoader.java:loadSchemaFromFile(129)) - Loading schema from [jar:file:/home/runner/.m2/repository/org/apache/ozone/hdds-common/1.4.0-SNAPSHOT/hdds-common-1.4.0-SNAPSHOT.jar!/network-topology-default.xml]
2023-05-23 10:25:08,319 [Time-limited test] INFO  net.NodeSchemaLoader (NodeSchemaLoader.java:loadSchema(176)) - Loading network topology layer schema file
2023-05-23 10:25:08,322 [Time-limited test] INFO  upgrade.AbstractLayoutVersionManager (AbstractLayoutVersionManager.java:init(83)) - Initializing Layout version manager with metadata layout = WEBUI_PORTS_IN_DATANODEDETAILS (version = 6), software layout = WEBUI_PORTS_IN_DATANODEDETAILS (version = 6)
2023-05-23 10:25:08,324 [Time-limited test] INFO  ha.SequenceIdGenerator (SequenceIdGenerator.java:upgradeToSequenceId(349)) - upgrade localId to 111677748019200000
2023-05-23 10:25:08,324 [Time-limited test] INFO  ha.SequenceIdGenerator (SequenceIdGenerator.java:upgradeToSequenceId(359)) - upgrade delTxnId to 0
2023-05-23 10:25:08,324 [Time-limited test] INFO  ha.SequenceIdGenerator (SequenceIdGenerator.java:upgradeToSequenceId(376)) - upgrade containerId to 0
2023-05-23 10:25:08,324 [Time-limited test] INFO  ha.SequenceIdGenerator (SequenceIdGenerator.java:<init>(220)) - Init the HA SequenceIdGenerator.
2023-05-23 10:25:08,325 [Time-limited test] INFO  node.SCMNodeManager (SCMNodeManager.java:<init>(159)) - Entering startup safe mode.
2023-05-23 10:25:08,326 [Time-limited test] INFO  algorithms.ContainerPlacementPolicyFactory (ContainerPlacementPolicyFactory.java:getPolicyInternal(86)) - Create container placement policy of type org.apache.hadoop.hdds.scm.container.placement.algorithms.SCMContainerPlacementRackAware
2023-05-23 10:25:08,326 [Time-limited test] INFO  algorithms.ContainerPlacementPolicyFactory (ContainerPlacementPolicyFactory.java:getPolicyInternal(86)) - Create container placement policy of type org.apache.hadoop.hdds.scm.container.placement.algorithms.SCMContainerPlacementRackScatter
2023-05-23 10:25:08,326 [Time-limited test] INFO  pipeline.PipelineStateManagerImpl (PipelineStateManagerImpl.java:initialize(78)) - No pipeline exists in current db
2023-05-23 10:25:08,326 [Time-limited test] INFO  algorithms.LeaderChoosePolicyFactory (LeaderChoosePolicyFactory.java:getPolicy(57)) - Create leader choose policy of type org.apache.hadoop.hdds.scm.pipeline.leader.choose.algorithms.MinLeaderCountChoosePolicy
2023-05-23 10:25:08,326 [Time-limited test] INFO  algorithms.ContainerPlacementPolicyFactory (ContainerPlacementPolicyFactory.java:getPolicyInternal(86)) - Create container placement policy of type org.apache.hadoop.hdds.scm.container.placement.algorithms.SCMContainerPlacementRackScatter
2023-05-23 10:25:08,327 [Time-limited test] INFO  ha.SCMServiceManager (SCMServiceManager.java:register(42)) - Registering service BackgroundPipelineCreator.
2023-05-23 10:25:08,327 [Time-limited test] INFO  pipeline.BackgroundPipelineCreator (BackgroundPipelineCreator.java:start(124)) - Starting RatisPipelineUtilsThread.
2023-05-23 10:25:08,327 [Time-limited test] INFO  BackgroundPipelineScrubber (BackgroundSCMService.java:start(68)) - Starting BackgroundPipelineScrubber Service.
2023-05-23 10:25:08,329 [Time-limited test] INFO  ha.SCMServiceManager (SCMServiceManager.java:register(42)) - Registering service BackgroundPipelineScrubber.
2023-05-23 10:25:08,329 [Time-limited test] INFO  ExpiredContainerReplicaOpScrubber (BackgroundSCMService.java:start(68)) - Starting ExpiredContainerReplicaOpScrubber Service.
2023-05-23 10:25:08,329 [Time-limited test] INFO  ha.SCMServiceManager (SCMServiceManager.java:register(42)) - Registering service ExpiredContainerReplicaOpScrubber.
2023-05-23 10:25:08,330 [Time-limited test] INFO  algorithms.PipelineChoosePolicyFactory (PipelineChoosePolicyFactory.java:createPipelineChoosePolicyFromClass(73)) - Create pipeline choose policy of type org.apache.hadoop.hdds.scm.pipeline.choose.algorithms.RandomPipelineChoosePolicy
2023-05-23 10:25:08,331 [Time-limited test] INFO  ha.SCMServiceManager (SCMServiceManager.java:register(42)) - Registering service SCMBlockDeletingService.
2023-05-23 10:25:08,331 [Time-limited test] INFO  replication.ReplicationManager (ReplicationManager.java:start(300)) - Starting Replication Monitor Thread.
2023-05-23 10:25:08,333 [Time-limited test] INFO  ha.SCMServiceManager (SCMServiceManager.java:register(42)) - Registering service ReplicationManager.
2023-05-23 10:25:08,334 [Time-limited test] INFO  safemode.ContainerSafeModeRule (ContainerSafeModeRule.java:<init>(89)) - containers with one replica threshold count 0
2023-05-23 10:25:08,334 [Time-limited test] INFO  safemode.HealthyPipelineSafeModeRule (HealthyPipelineSafeModeRule.java:initializeRule(169)) - Total pipeline count is 0, healthy pipeline threshold count is 1
2023-05-23 10:25:08,334 [Time-limited test] INFO  safemode.OneReplicaPipelineSafeModeRule (OneReplicaPipelineSafeModeRule.java:initializeRule(180)) - Total pipeline count is 0, pipeline's with at least one datanode reported threshold count is 0
2023-05-23 10:25:08,334 [ReplicationMonitor] INFO  replication.ReplicationManager (ReplicationManager.java:processAll(375)) - Replication Manager is not ready to run until 3000ms after safemode exit
2023-05-23 10:25:08,335 [Time-limited test] INFO  server.StorageContainerManager (StorageContainerManager.java:<init>(403)) - SCM start with adminUsers: [runner]
2023-05-23 10:25:08,335 [Time-limited test] INFO  ipc.CallQueueManager (CallQueueManager.java:<init>(90)) - Using callQueue: class java.util.concurrent.LinkedBlockingQueue, queueCapacity: 2000, scheduler: class org.apache.hadoop.ipc.DefaultRpcScheduler, ipcBackoff: false.
2023-05-23 10:25:08,336 [Socket Reader #1 for port 15050] INFO  ipc.Server (Server.java:run(1319)) - Starting Socket Reader #1 for port 15050
2023-05-23 10:25:08,337 [Listener at 0.0.0.0/15050] INFO  ipc.CallQueueManager (CallQueueManager.java:<init>(90)) - Using callQueue: class java.util.concurrent.LinkedBlockingQueue, queueCapacity: 2000, scheduler: class org.apache.hadoop.ipc.DefaultRpcScheduler, ipcBackoff: false.
2023-05-23 10:25:08,338 [Listener at 0.0.0.0/15049] INFO  ipc.CallQueueManager (CallQueueManager.java:<init>(90)) - Using callQueue: class java.util.concurrent.LinkedBlockingQueue, queueCapacity: 2000, scheduler: class org.apache.hadoop.ipc.DefaultRpcScheduler, ipcBackoff: false.
2023-05-23 10:25:08,339 [Socket Reader #1 for port 15048] INFO  ipc.Server (Server.java:run(1319)) - Starting Socket Reader #1 for port 15048
2023-05-23 10:25:08,348 [Listener at 0.0.0.0/15048] INFO  ha.SCMServiceManager (SCMServiceManager.java:register(42)) - Registering service ContainerBalancer.
2023-05-23 10:25:08,348 [Listener at 0.0.0.0/15048] INFO  server.StorageContainerManager (StorageContainerManager.java:<init>(420)) - 
Container Balancer status:
Key                            Value
Running                        false
Container Balancer Configuration values:
Key                                                Value
Threshold                                          10
Max Datanodes to Involve per Iteration(percent)    20
Max Size to Move per Iteration                     500GB
Max Size Entering Target per Iteration             26GB
Max Size Leaving Source per Iteration              26GB

2023-05-23 10:25:08,348 [Listener at 0.0.0.0/15048] INFO  ha.SCMContext (SCMContext.java:updateSafeModeStatus(228)) - Update SafeModeStatus from SafeModeStatus{safeModeStatus=true, preCheckPassed=false} to SafeModeStatus{safeModeStatus=true, preCheckPassed=false}.
2023-05-23 10:25:08,348 [Listener at 0.0.0.0/15048] INFO  server.StorageContainerManager (StorageContainerManager.java:start(1477)) - StorageContainerLocationProtocol RPC server is listening at /0.0.0.0:15048
2023-05-23 10:25:08,350 [Listener at 0.0.0.0/15048] WARN  impl.MetricsConfig (MetricsConfig.java:loadFirst(136)) - Cannot locate configuration: tried hadoop-metrics2-storagecontainermanager.properties,hadoop-metrics2.properties
2023-05-23 10:25:08,356 [Socket Reader #1 for port 15049] INFO  ipc.Server (Server.java:run(1319)) - Starting Socket Reader #1 for port 15049
2023-05-23 10:25:08,357 [Listener at 0.0.0.0/15048] INFO  impl.MetricsSystemImpl (MetricsSystemImpl.java:startTimer(378)) - Scheduled Metric snapshot period at 10 second(s).
2023-05-23 10:25:08,357 [Listener at 0.0.0.0/15048] INFO  impl.MetricsSystemImpl (MetricsSystemImpl.java:start(191)) - StorageContainerManager metrics system started
2023-05-23 10:25:08,387 [Listener at 0.0.0.0/15048] INFO  impl.MetricsSinkAdapter (MetricsSinkAdapter.java:start(204)) - Sink prometheus started
2023-05-23 10:25:08,387 [Listener at 0.0.0.0/15048] INFO  impl.MetricsSystemImpl (MetricsSystemImpl.java:registerSink(305)) - Registered sink prometheus
2023-05-23 10:25:08,401 [Listener at 0.0.0.0/15048] INFO  server.SCMClientProtocolServer (SCMClientProtocolServer.java:start(199)) - RPC server for Client  is listening at /0.0.0.0:15048
2023-05-23 10:25:08,402 [IPC Server Responder] INFO  ipc.Server (Server.java:run(1558)) - IPC Server Responder: starting
2023-05-23 10:25:08,405 [IPC Server listener on 15048] INFO  ipc.Server (Server.java:run(1398)) - IPC Server listener on 15048: starting
2023-05-23 10:25:08,410 [Listener at 0.0.0.0/15048] INFO  server.StorageContainerManager (StorageContainerManager.java:start(1491)) - ScmBlockLocationProtocol RPC server is listening at /0.0.0.0:15049
2023-05-23 10:25:08,410 [Listener at 0.0.0.0/15048] INFO  server.SCMBlockProtocolServer (SCMBlockProtocolServer.java:start(152)) - RPC server for Block Protocol is listening at /0.0.0.0:15049
2023-05-23 10:25:08,410 [IPC Server Responder] INFO  ipc.Server (Server.java:run(1558)) - IPC Server Responder: starting
2023-05-23 10:25:08,411 [IPC Server listener on 15049] INFO  ipc.Server (Server.java:run(1398)) - IPC Server listener on 15049: starting
2023-05-23 10:25:08,413 [Listener at 0.0.0.0/15048] INFO  server.SCMDatanodeProtocolServer (SCMDatanodeProtocolServer.java:start(193)) - ScmDatanodeProtocol RPC server for DataNodes is listening at /0.0.0.0:15050
2023-05-23 10:25:08,414 [IPC Server listener on 15050] INFO  ipc.Server (Server.java:run(1398)) - IPC Server listener on 15050: starting
2023-05-23 10:25:08,414 [IPC Server Responder] INFO  ipc.Server (Server.java:run(1558)) - IPC Server Responder: starting
2023-05-23 10:25:08,416 [org.apache.hadoop.util.JvmPauseMonitor$Monitor@10dd97ef] INFO  util.JvmPauseMonitor (JvmPauseMonitor.java:run(188)) - Starting JVM pause monitor
2023-05-23 10:25:08,418 [Listener at 0.0.0.0/15048] INFO  http.BaseHttpServer (BaseHttpServer.java:newHttpServer2BuilderForOzone(224)) - Starting Web-server for scm at: http://0.0.0.0:15051
2023-05-23 10:25:08,418 [Listener at 0.0.0.0/15048] INFO  http.BaseHttpServer (BaseHttpServer.java:<init>(111)) - Hadoop Security Enabled: false Ozone Security Enabled: false Ozone HTTP Security Enabled: false 
2023-05-23 10:25:08,420 [Listener at 0.0.0.0/15048] WARN  server.AuthenticationFilter (AuthenticationFilter.java:constructSecretProvider(240)) - Unable to initialize FileSignerSecretProvider, falling back to use random secrets. Reason: Could not read signature secret file: /home/runner/hadoop-http-auth-signature-secret
2023-05-23 10:25:08,420 [Listener at 0.0.0.0/15048] INFO  http.HttpRequestLog (HttpRequestLog.java:getRequestLog(86)) - Http request log for http.requests.scm is not defined
2023-05-23 10:25:08,423 [Listener at 0.0.0.0/15048] INFO  http.HttpServer2 (HttpServer2.java:addGlobalFilter(1031)) - Added global filter 'safety' (class=org.apache.hadoop.hdds.server.http.HttpServer2$QuotingInputFilter)
2023-05-23 10:25:08,424 [Listener at 0.0.0.0/15048] INFO  http.HttpServer2 (HttpServer2.java:addFilter(1007)) - Added filter static_user_filter (class=org.apache.hadoop.http.lib.StaticUserWebFilter$StaticUserFilter) to context scm
2023-05-23 10:25:08,424 [Listener at 0.0.0.0/15048] INFO  http.HttpServer2 (HttpServer2.java:addFilter(1015)) - Added filter static_user_filter (class=org.apache.hadoop.http.lib.StaticUserWebFilter$StaticUserFilter) to context static
2023-05-23 10:25:08,424 [Listener at 0.0.0.0/15048] INFO  http.HttpServer2 (HttpServer2.java:addFilter(1015)) - Added filter static_user_filter (class=org.apache.hadoop.http.lib.StaticUserWebFilter$StaticUserFilter) to context logs
2023-05-23 10:25:08,424 [Listener at 0.0.0.0/15048] INFO  http.BaseHttpServer (BaseHttpServer.java:<init>(190)) - HTTP server of scm uses base directory /home/runner/work/ozone/ozone/hadoop-ozone/integration-test/target/test-dir/MiniOzoneClusterImpl-ce972063-568b-4811-bfe7-9c87601498a3/ozone-meta/webserver
2023-05-23 10:25:08,425 [Listener at 0.0.0.0/15048] INFO  http.HttpServer2 (HttpServer2.java:bindListener(1250)) - Jetty bound to port 15051
2023-05-23 10:25:08,425 [Listener at 0.0.0.0/15048] INFO  server.Server (Server.java:doStart(375)) - jetty-9.4.51.v20230217; built: 2023-02-17T08:19:37.309Z; git: b45c405e4544384de066f814ed42ae3dceacdd49; jvm 1.8.0_362-b09
2023-05-23 10:25:08,429 [Listener at 0.0.0.0/15048] INFO  server.session (DefaultSessionIdManager.java:doStart(334)) - DefaultSessionIdManager workerName=node0
2023-05-23 10:25:08,429 [Listener at 0.0.0.0/15048] INFO  server.session (DefaultSessionIdManager.java:doStart(339)) - No SessionScavenger set, using defaults
2023-05-23 10:25:08,429 [Listener at 0.0.0.0/15048] INFO  server.session (HouseKeeper.java:startScavenging(132)) - node0 Scavenging every 600000ms
2023-05-23 10:25:08,430 [Listener at 0.0.0.0/15048] INFO  handler.ContextHandler (ContextHandler.java:doStart(921)) - Started o.e.j.s.ServletContextHandler@5277c68a{logs,/logs,file:///home/runner/work/ozone/ozone/hadoop-ozone/integration-test/target/log,AVAILABLE}
2023-05-23 10:25:08,430 [Listener at 0.0.0.0/15048] INFO  handler.ContextHandler (ContextHandler.java:doStart(921)) - Started o.e.j.s.ServletContextHandler@66adfb56{static,/static,file:///home/runner/work/ozone/ozone/hadoop-ozone/integration-test/target/test-classes/webapps/static,AVAILABLE}
2023-05-23 10:25:08,434 [Listener at 0.0.0.0/15048] INFO  handler.ContextHandler (ContextHandler.java:doStart(921)) - Started o.e.j.w.WebAppContext@3fe9ae06{scm,/,file:///home/runner/work/ozone/ozone/hadoop-ozone/integration-test/target/test-classes/webapps/scm/,AVAILABLE}{file:/home/runner/work/ozone/ozone/hadoop-ozone/integration-test/target/test-classes/webapps/scm}
2023-05-23 10:25:08,440 [Listener at 0.0.0.0/15048] INFO  server.AbstractConnector (AbstractConnector.java:doStart(333)) - Started ServerConnector@582b7005{HTTP/1.1, (http/1.1)}{0.0.0.0:15051}
2023-05-23 10:25:08,440 [Listener at 0.0.0.0/15048] INFO  server.Server (Server.java:doStart(415)) - Started @41492ms
2023-05-23 10:25:08,440 [Listener at 0.0.0.0/15048] WARN  impl.MetricsSystemImpl (MetricsSystemImpl.java:register(279)) - Sink prometheus already exists!
2023-05-23 10:25:08,442 [Listener at 0.0.0.0/15048] INFO  http.BaseHttpServer (BaseHttpServer.java:updateConnectorAddress(344)) - HTTP server of scm listening at http://0.0.0.0:15051
2023-05-23 10:25:08,442 [Listener at 0.0.0.0/15048] WARN  server.ServerUtils (ServerUtils.java:getDBPath(225)) - ozone.om.db.dirs is not configured. We recommend adding this setting. Falling back to ozone.metadata.dirs instead.
2023-05-23 10:25:08,447 [Listener at 0.0.0.0/15048] INFO  ha.OMHANodeDetails (OMHANodeDetails.java:loadOMHAConfig(115)) - ozone.om.internal.service.id is not defined, falling back to ozone.om.service.ids to find serviceID for OzoneManager if it is HA enabled cluster
2023-05-23 10:25:08,447 [Listener at 0.0.0.0/15048] INFO  ha.OMHANodeDetails (OMHANodeDetails.java:loadOMHAConfig(226)) - Configuration does not have ozone.om.address set. Falling back to the default OM address /127.0.0.1:15052
2023-05-23 10:25:08,448 [Listener at 0.0.0.0/15048] INFO  ha.OMHANodeDetails (OMHANodeDetails.java:getOMNodeDetailsForNonHA(254)) - OM Service ID is not set. Setting it to the default ID: omServiceIdDefault
2023-05-23 10:25:08,448 [Listener at 0.0.0.0/15048] INFO  ha.OMHANodeDetails (OMHANodeDetails.java:getOMNodeDetailsForNonHA(261)) - OM Node ID is not set. Setting it to the default ID: om1
2023-05-23 10:25:08,448 [Listener at 0.0.0.0/15048] WARN  server.ServerUtils (ServerUtils.java:getDBPath(225)) - ozone.om.db.dirs is not configured. We recommend adding this setting. Falling back to ozone.metadata.dirs instead.
2023-05-23 10:25:08,449 [Listener at 0.0.0.0/15048] INFO  upgrade.AbstractLayoutVersionManager (AbstractLayoutVersionManager.java:init(83)) - Initializing Layout version manager with metadata layout = HSYNC (version = 4), software layout = HSYNC (version = 4)
2023-05-23 10:25:08,555 [Listener at 0.0.0.0/15048] INFO  reflections.Reflections (Reflections.java:scan(232)) - Reflections took 105 ms to scan 2 urls, producing 174 keys and 483 values [using 2 cores]
2023-05-23 10:25:08,555 [Listener at 0.0.0.0/15048] INFO  upgrade.OMLayoutVersionManager (OMLayoutVersionManager.java:lambda$0(115)) - Skipping Upgrade Action MockOmUpgradeAction since it has been finalized.
2023-05-23 10:25:08,555 [Listener at 0.0.0.0/15048] WARN  server.ServerUtils (ServerUtils.java:getDBPath(225)) - ozone.om.db.dirs is not configured. We recommend adding this setting. Falling back to ozone.metadata.dirs instead.
2023-05-23 10:25:08,556 [Listener at 0.0.0.0/15048] INFO  proxy.SCMBlockLocationFailoverProxyProvider (SCMBlockLocationFailoverProxyProvider.java:<init>(114)) - Created block location fail-over proxy with 1 nodes: [nodeId=scmNodeId,nodeAddress=/0.0.0.0:15049]
2023-05-23 10:25:08,559 [Listener at 0.0.0.0/15048] INFO  proxy.SCMBlockLocationFailoverProxyProvider (SCMBlockLocationFailoverProxyProvider.java:<init>(114)) - Created block location fail-over proxy with 1 nodes: [nodeId=scmNodeId,nodeAddress=/0.0.0.0:15049]
2023-05-23 10:25:08,565 [Listener at 0.0.0.0/15048] INFO  om.OzoneManager (OzoneManager.java:<init>(648)) - OM start with adminUsers: [runner]
2023-05-23 10:25:08,566 [Listener at 0.0.0.0/15048] WARN  server.ServerUtils (ServerUtils.java:getDBPath(225)) - ozone.om.db.dirs is not configured. We recommend adding this setting. Falling back to ozone.metadata.dirs instead.
2023-05-23 10:25:08,567 [Listener at 0.0.0.0/15048] INFO  helpers.OmKeyInfo (OmKeyInfo.java:getCodec(75)) - OmKeyInfo.getCodec ignorePipeline = true
2023-05-23 10:25:08,567 [Listener at 0.0.0.0/15048] INFO  codec.RepeatedOmKeyInfoCodec (RepeatedOmKeyInfoCodec.java:<init>(41)) - RepeatedOmKeyInfoCodec ignorePipeline = true
2023-05-23 10:25:08,786 [Listener at 0.0.0.0/15048] INFO  om.OzoneManager (OzoneManager.java:instantiateServices(789)) - S3 Multi-Tenancy is disabled
2023-05-23 10:25:08,786 [Listener at 0.0.0.0/15048] INFO  om.OmSnapshotManager (OmSnapshotManager.java:<init>(170)) - Ozone filesystem snapshot feature is enabled.
2023-05-23 10:25:08,787 [Listener at 0.0.0.0/15048] WARN  server.ServerUtils (ServerUtils.java:getDBPath(225)) - ozone.om.snapshot.diff.db.dir is not configured. We recommend adding this setting. Falling back to ozone.metadata.dirs instead.
2023-05-23 10:25:08,821 [Listener at 0.0.0.0/15048] INFO  utils.NativeLibraryLoader (NativeLibraryLoader.java:loadLibrary(103)) - Loading Library: ozone_rocksdb_tools
2023-05-23 10:25:08,824 [Listener at 0.0.0.0/15048] INFO  om.OzoneManager (OzoneManager.java:addS3GVolumeToDB(4326)) - Created Volume s3v With Owner runner required for S3Gateway operations.
2023-05-23 10:25:08,824 [Listener at 0.0.0.0/15048] WARN  server.ServerUtils (ServerUtils.java:getDefaultRatisDirectory(237)) - Storage directory for Ratis is not configured. It is a good idea to map this to an SSD disk. Falling back to ozone.metadata.dirs
2023-05-23 10:25:08,824 [Listener at 0.0.0.0/15048] WARN  utils.OzoneManagerRatisUtils (OzoneManagerRatisUtils.java:getOMRatisSnapshotDirectory(456)) - ozone.om.ratis.snapshot.dir is not configured. Falling back to ozone.metadata.dirs config
2023-05-23 10:25:08,825 [Listener at 0.0.0.0/15048] WARN  server.ServerUtils (ServerUtils.java:getDefaultRatisDirectory(237)) - Storage directory for Ratis is not configured. It is a good idea to map this to an SSD disk. Falling back to ozone.metadata.dirs
2023-05-23 10:25:08,826 [Listener at 0.0.0.0/15048] INFO  ratis.OzoneManagerRatisServer (OzoneManagerRatisServer.java:<init>(163)) - Instantiating OM Ratis server with groupID: omServiceIdDefault and peers: localhost:15055
2023-05-23 10:25:08,826 [Listener at 0.0.0.0/15048] INFO  ratis.OzoneManagerStateMachine (OzoneManagerStateMachine.java:loadSnapshotInfoFromDB(670)) - LastAppliedIndex is set from TransactionInfo from OM DB as (t:0, i:~)
2023-05-23 10:25:08,827 [Listener at 0.0.0.0/15048] INFO  server.RaftServer (ConfUtils.java:logGet(46)) - raft.rpc.type = GRPC (default)
2023-05-23 10:25:08,827 [Listener at 0.0.0.0/15048] INFO  grpc.GrpcConfigKeys (ConfUtils.java:logFallback(53)) - raft.grpc.admin.host = null (fallback to raft.grpc.server.host)
2023-05-23 10:25:08,827 [Listener at 0.0.0.0/15048] INFO  grpc.GrpcConfigKeys (ConfUtils.java:logFallback(53)) - raft.grpc.admin.port = 15055 (fallback to raft.grpc.server.port)
2023-05-23 10:25:08,827 [Listener at 0.0.0.0/15048] INFO  grpc.GrpcConfigKeys (ConfUtils.java:logFallback(53)) - raft.grpc.client.host = null (fallback to raft.grpc.server.host)
2023-05-23 10:25:08,827 [Listener at 0.0.0.0/15048] INFO  grpc.GrpcConfigKeys (ConfUtils.java:logFallback(53)) - raft.grpc.client.port = 15055 (fallback to raft.grpc.server.port)
2023-05-23 10:25:08,827 [Listener at 0.0.0.0/15048] INFO  grpc.GrpcConfigKeys (ConfUtils.java:logGet(46)) - raft.grpc.server.host = null (default)
2023-05-23 10:25:08,827 [Listener at 0.0.0.0/15048] INFO  grpc.GrpcConfigKeys (ConfUtils.java:logGet(46)) - raft.grpc.server.port = 15055 (custom)
2023-05-23 10:25:08,827 [Listener at 0.0.0.0/15048] INFO  server.GrpcService (ConfUtils.java:logGet(46)) - raft.grpc.message.size.max = 33554432 (custom)
2023-05-23 10:25:08,827 [Listener at 0.0.0.0/15048] INFO  server.RaftServerConfigKeys (ConfUtils.java:logGet(46)) - raft.server.log.appender.buffer.byte-limit = 33554432 (custom)
2023-05-23 10:25:08,827 [Listener at 0.0.0.0/15048] INFO  server.GrpcService (ConfUtils.java:logGet(46)) - raft.grpc.flow.control.window = 1MB (=1048576) (default)
2023-05-23 10:25:08,828 [Listener at 0.0.0.0/15048] INFO  server.RaftServerConfigKeys (ConfUtils.java:logGet(46)) - raft.server.rpc.request.timeout = 3000ms (default)
2023-05-23 10:25:08,828 [Listener at 0.0.0.0/15048] INFO  grpc.GrpcConfigKeys (ConfUtils.java:logGet(46)) - raft.grpc.server.heartbeat.channel = true (default)
2023-05-23 10:25:08,828 [Listener at 0.0.0.0/15048] INFO  grpc.GrpcConfigKeys (ConfUtils.java:logGet(46)) - raft.grpc.server.async.request.thread.pool.cached = true (default)
2023-05-23 10:25:08,828 [Listener at 0.0.0.0/15048] INFO  grpc.GrpcConfigKeys (ConfUtils.java:logGet(46)) - raft.grpc.server.async.request.thread.pool.size = 32 (default)
2023-05-23 10:25:08,829 [Listener at 0.0.0.0/15048] INFO  impl.DataStreamServerImpl (ConfUtils.java:logGet(46)) - raft.datastream.type = DISABLED (default)
2023-05-23 10:25:08,829 [Listener at 0.0.0.0/15048] INFO  server.RaftServerConfigKeys (ConfUtils.java:logGet(46)) - raft.server.threadpool.proxy.cached = true (default)
2023-05-23 10:25:08,829 [Listener at 0.0.0.0/15048] INFO  server.RaftServerConfigKeys (ConfUtils.java:logGet(46)) - raft.server.threadpool.proxy.size = 0 (default)
2023-05-23 10:25:08,830 [Listener at 0.0.0.0/15048] INFO  server.RaftServerConfigKeys (ConfUtils.java:logGet(46)) - raft.server.rpc.slowness.timeout = 120s (custom)
2023-05-23 10:25:08,830 [Listener at 0.0.0.0/15048] INFO  server.RaftServerConfigKeys (ConfUtils.java:logGet(46)) - raft.server.leaderelection.leader.step-down.wait-time = 10s (default)
2023-05-23 10:25:08,830 [Listener at 0.0.0.0/15048] INFO  server.RaftServerConfigKeys (ConfUtils.java:logGet(46)) - raft.server.storage.dir = [/home/runner/work/ozone/ozone/hadoop-ozone/integration-test/target/test-dir/MiniOzoneClusterImpl-ce972063-568b-4811-bfe7-9c87601498a3/ozone-meta/ratis] (custom)
2023-05-23 10:25:08,830 [Listener at 0.0.0.0/15048] INFO  server.RaftServer (RaftServerProxy.java:addNew(98)) - om1: addNew group-C5BA1605619E:[om1|rpc:localhost:15055|priority:0|startupRole:FOLLOWER] returns group-C5BA1605619E:java.util.concurrent.CompletableFuture@45de5ecd[Not completed]
2023-05-23 10:25:08,831 [Listener at 0.0.0.0/15048] INFO  om.OzoneManager (OzoneManager.java:initializeRatisServer(2151)) - OzoneManager Ratis server initialized at port 15055
2023-05-23 10:25:08,831 [om1-groupManagement] INFO  server.RaftServer$Division (RaftServerImpl.java:<init>(198)) - om1: new RaftServerImpl for group-C5BA1605619E:[om1|rpc:localhost:15055|priority:0|startupRole:FOLLOWER] with OzoneManagerStateMachine:uninitialized
2023-05-23 10:25:08,831 [om1-groupManagement] INFO  server.RaftServerConfigKeys (ConfUtils.java:logGet(46)) - raft.server.rpc.timeout.min = 1s (custom)
2023-05-23 10:25:08,831 [om1-groupManagement] INFO  server.RaftServerConfigKeys (ConfUtils.java:logGet(46)) - raft.server.rpc.timeout.max = 1200ms (custom)
2023-05-23 10:25:08,831 [om1-groupManagement] INFO  server.RaftServerConfigKeys (ConfUtils.java:logGet(46)) - raft.server.rpc.sleep.time = 25ms (default)
2023-05-23 10:25:08,831 [om1-groupManagement] INFO  server.RaftServerConfigKeys (ConfUtils.java:logGet(46)) - raft.server.rpc.slowness.timeout = 120s (custom)
2023-05-23 10:25:08,831 [om1-groupManagement] INFO  server.RaftServerConfigKeys (ConfUtils.java:logGet(46)) - raft.server.leaderelection.leader.step-down.wait-time = 10s (default)
2023-05-23 10:25:08,831 [om1-groupManagement] INFO  server.RaftServerConfigKeys (ConfUtils.java:logGet(46)) - raft.server.sleep.deviation.threshold = 300ms (default)
2023-05-23 10:25:08,831 [om1-groupManagement] INFO  server.RaftServer$Division (ServerState.java:<init>(120)) - om1@group-C5BA1605619E: ConfigurationManager, init=-1: peers:[om1|rpc:localhost:15055|priority:0|startupRole:FOLLOWER]|listeners:[], old=null, confs=<EMPTY_MAP>
2023-05-23 10:25:08,831 [om1-groupManagement] INFO  server.RaftServerConfigKeys (ConfUtils.java:logGet(46)) - raft.server.storage.dir = [/home/runner/work/ozone/ozone/hadoop-ozone/integration-test/target/test-dir/MiniOzoneClusterImpl-ce972063-568b-4811-bfe7-9c87601498a3/ozone-meta/ratis] (custom)
2023-05-23 10:25:08,831 [om1-groupManagement] INFO  server.RaftServerConfigKeys (ConfUtils.java:logGet(46)) - raft.server.log.corruption.policy = EXCEPTION (default)
2023-05-23 10:25:08,831 [om1-groupManagement] INFO  server.RaftServerConfigKeys (ConfUtils.java:logGet(46)) - raft.server.storage.free-space.min = 0MB (=0) (default)
2023-05-23 10:25:08,832 [om1-groupManagement] INFO  server.RaftServerConfigKeys (ConfUtils.java:logGet(46)) - raft.server.notification.no-leader.timeout = 120s (custom)
2023-05-23 10:25:08,831 [Listener at 0.0.0.0/15048] INFO  om.OzoneManager (OzoneManager.java:getRpcServer(1198)) - Creating RPC Server
2023-05-23 10:25:08,832 [om1-groupManagement] INFO  server.RaftServerConfigKeys (ConfUtils.java:logGet(46)) - raft.server.read.timeout = 10s (default)
2023-05-23 10:25:08,832 [om1-groupManagement] INFO  server.RaftServerConfigKeys (ConfUtils.java:logGet(46)) - raft.server.retrycache.expirytime = 300s (custom)
2023-05-23 10:25:08,832 [om1-groupManagement] INFO  server.RaftServerConfigKeys (ConfUtils.java:logGet(46)) - raft.server.retrycache.statistics.expirytime = 100μs (default)
2023-05-23 10:25:08,832 [om1-groupManagement] INFO  server.RaftServerConfigKeys (ConfUtils.java:logGet(46)) - raft.server.read.option = DEFAULT (default)
2023-05-23 10:25:08,833 [om1-groupManagement] INFO  server.RaftServerConfigKeys (ConfUtils.java:logGet(46)) - raft.server.rpc.request.timeout = 3000ms (default)
2023-05-23 10:25:08,833 [om1-groupManagement] INFO  server.RaftServerConfigKeys (ConfUtils.java:logGet(46)) - raft.server.log.appender.install.snapshot.enabled = false (custom)
2023-05-23 10:25:08,833 [om1-groupManagement] INFO  server.RaftServerConfigKeys (ConfUtils.java:logGet(46)) - raft.server.threadpool.server.cached = true (default)
2023-05-23 10:25:08,833 [om1-groupManagement] INFO  server.RaftServerConfigKeys (ConfUtils.java:logGet(46)) - raft.server.threadpool.server.size = 0 (default)
2023-05-23 10:25:08,833 [om1-groupManagement] INFO  server.RaftServerConfigKeys (ConfUtils.java:logGet(46)) - raft.server.threadpool.client.cached = true (default)
2023-05-23 10:25:08,833 [om1-groupManagement] INFO  server.RaftServerConfigKeys (ConfUtils.java:logGet(46)) - raft.server.threadpool.client.size = 0 (default)
2023-05-23 10:25:09,335 [ReplicationMonitor] INFO  replication.ReplicationManager (ReplicationManager.java:processAll(375)) - Replication Manager is not ready to run until 3000ms after safemode exit
2023-05-23 10:25:09,467 [Listener at 0.0.0.0/15048] INFO  reflections.Reflections (Reflections.java:scan(232)) - Reflections took 629 ms to scan 19 urls, producing 69 keys and 5193 values [using 2 cores]
2023-05-23 10:25:09,469 [Listener at 0.0.0.0/15048] INFO  ipc.CallQueueManager (CallQueueManager.java:<init>(90)) - Using callQueue: class java.util.concurrent.LinkedBlockingQueue, queueCapacity: 2000, scheduler: class org.apache.hadoop.ipc.DefaultRpcScheduler, ipcBackoff: false.
2023-05-23 10:25:09,471 [Socket Reader #1 for port 15052] INFO  ipc.Server (Server.java:run(1319)) - Starting Socket Reader #1 for port 15052
2023-05-23 10:25:09,507 [Listener at 127.0.0.1/15052] INFO  impl.MetricsSystemImpl (MetricsSystemImpl.java:init(158)) - OzoneManager metrics system started (again)
2023-05-23 10:25:09,520 [Listener at 127.0.0.1/15052] INFO  om.OzoneManager (OzoneManager.java:start(1619)) - OzoneManager RPC server is listening at localhost/127.0.0.1:15052
2023-05-23 10:25:09,520 [Listener at 127.0.0.1/15052] INFO  ratis.OzoneManagerRatisServer (OzoneManagerRatisServer.java:start(558)) - Starting OzoneManagerRatisServer om1 at port 15055
2023-05-23 10:25:09,520 [om1-impl-thread1] INFO  storage.RaftStorageDirectory (RaftStorageDirectoryImpl.java:analyzeStorage(137)) - The storage directory /home/runner/work/ozone/ozone/hadoop-ozone/integration-test/target/test-dir/MiniOzoneClusterImpl-ce972063-568b-4811-bfe7-9c87601498a3/ozone-meta/ratis/bf265839-605b-3f16-9796-c5ba1605619e does not exist. Creating ...
2023-05-23 10:25:09,522 [om1-impl-thread1] INFO  storage.RaftStorageDirectory (RaftStorageDirectoryImpl.java:tryLock(231)) - Lock on /home/runner/work/ozone/ozone/hadoop-ozone/integration-test/target/test-dir/MiniOzoneClusterImpl-ce972063-568b-4811-bfe7-9c87601498a3/ozone-meta/ratis/bf265839-605b-3f16-9796-c5ba1605619e/in_use.lock acquired by nodename 10384@fv-az1249-304
2023-05-23 10:25:09,523 [om1-impl-thread1] INFO  storage.RaftStorage (RaftStorageImpl.java:format(96)) - Storage directory /home/runner/work/ozone/ozone/hadoop-ozone/integration-test/target/test-dir/MiniOzoneClusterImpl-ce972063-568b-4811-bfe7-9c87601498a3/ozone-meta/ratis/bf265839-605b-3f16-9796-c5ba1605619e has been successfully formatted.
2023-05-23 10:25:09,523 [om1-impl-thread1] INFO  server.RaftServerConfigKeys (ConfUtils.java:logGet(46)) - raft.server.log.use.memory = false (default)
2023-05-23 10:25:09,524 [om1-impl-thread1] INFO  server.RaftServerConfigKeys (ConfUtils.java:logGet(46)) - raft.server.log.purge.gap = 1000000 (custom)
2023-05-23 10:25:09,524 [om1-impl-thread1] INFO  server.RaftServerConfigKeys (ConfUtils.java:logGet(46)) - raft.server.log.appender.buffer.byte-limit = 33554432 (custom)
2023-05-23 10:25:09,524 [om1-impl-thread1] INFO  server.RaftServerConfigKeys (ConfUtils.java:logGet(46)) - raft.server.log.statemachine.data.read.timeout = 1000ms (default)
2023-05-23 10:25:09,524 [om1-impl-thread1] INFO  server.RaftServerConfigKeys (ConfUtils.java:logGet(46)) - raft.server.log.purge.preservation.log.num = 0 (default)
2023-05-23 10:25:09,524 [om1-impl-thread1] INFO  server.RaftServerConfigKeys (ConfUtils.java:logGet(46)) - raft.server.log.segment.size.max = 4194304 (custom)
2023-05-23 10:25:09,524 [om1-impl-thread1] INFO  server.RaftServerConfigKeys (ConfUtils.java:logGet(46)) - raft.server.log.segment.cache.num.max = 2 (custom)
2023-05-23 10:25:09,524 [om1-impl-thread1] INFO  server.RaftServerConfigKeys (ConfUtils.java:logGet(46)) - raft.server.log.segment.cache.size.max = 200MB (=209715200) (default)
2023-05-23 10:25:09,524 [om1-impl-thread1] INFO  server.RaftServerConfigKeys (ConfUtils.java:logGet(46)) - raft.server.log.appender.buffer.byte-limit = 33554432 (custom)
2023-05-23 10:25:09,524 [om1-impl-thread1] INFO  segmented.SegmentedRaftLogWorker (SegmentedRaftLogWorker.java:<init>(188)) - new om1@group-C5BA1605619E-SegmentedRaftLogWorker for RaftStorageImpl:Storage Directory /home/runner/work/ozone/ozone/hadoop-ozone/integration-test/target/test-dir/MiniOzoneClusterImpl-ce972063-568b-4811-bfe7-9c87601498a3/ozone-meta/ratis/bf265839-605b-3f16-9796-c5ba1605619e
2023-05-23 10:25:09,524 [om1-impl-thread1] INFO  server.RaftServerConfigKeys (ConfUtils.java:logGet(46)) - raft.server.log.queue.byte-limit = 64MB (=67108864) (default)
2023-05-23 10:25:09,524 [om1-impl-thread1] INFO  server.RaftServerConfigKeys (ConfUtils.java:logGet(46)) - raft.server.log.queue.element-limit = 4096 (default)
2023-05-23 10:25:09,524 [om1-impl-thread1] INFO  server.RaftServerConfigKeys (ConfUtils.java:logGet(46)) - raft.server.log.segment.size.max = 4194304 (custom)
2023-05-23 10:25:09,524 [om1-impl-thread1] INFO  server.RaftServerConfigKeys (ConfUtils.java:logGet(46)) - raft.server.log.preallocated.size = 4194304 (custom)
2023-05-23 10:25:09,525 [om1-impl-thread1] INFO  server.RaftServerConfigKeys (ConfUtils.java:logGet(46)) - raft.server.log.force.sync.num = 128 (default)
2023-05-23 10:25:09,525 [om1-impl-thread1] INFO  server.RaftServerConfigKeys (ConfUtils.java:logGet(46)) - raft.server.log.statemachine.data.sync = true (default)
2023-05-23 10:25:09,525 [om1-impl-thread1] INFO  server.RaftServerConfigKeys (ConfUtils.java:logGet(46)) - raft.server.log.statemachine.data.sync.timeout = 10s (default)
2023-05-23 10:25:09,525 [om1-impl-thread1] INFO  server.RaftServerConfigKeys (ConfUtils.java:logGet(46)) - raft.server.log.statemachine.data.sync.timeout.retry = -1 (default)
2023-05-23 10:25:09,525 [om1-impl-thread1] INFO  server.RaftServerConfigKeys (ConfUtils.java:logGet(46)) - raft.server.log.write.buffer.size = 64KB (=65536) (default)
2023-05-23 10:25:09,525 [om1-impl-thread1] INFO  server.RaftServerConfigKeys (ConfUtils.java:logGet(46)) - raft.server.log.appender.buffer.byte-limit = 33554432 (custom)
2023-05-23 10:25:09,533 [om1-impl-thread1] INFO  server.RaftServerConfigKeys (ConfUtils.java:logGet(46)) - raft.server.log.unsafe-flush.enabled = false (default)
2023-05-23 10:25:09,533 [om1-impl-thread1] INFO  server.RaftServerConfigKeys (ConfUtils.java:logGet(46)) - raft.server.log.async-flush.enabled = false (default)
2023-05-23 10:25:09,534 [om1-impl-thread1] INFO  server.RaftServerConfigKeys (ConfUtils.java:logGet(46)) - raft.server.log.statemachine.data.caching.enabled = false (default)
2023-05-23 10:25:09,534 [om1-impl-thread1] INFO  segmented.SegmentedRaftLogWorker (SegmentedRaftLogWorker.java:lambda$new$0(135)) - om1@group-C5BA1605619E-SegmentedRaftLogWorker: flushIndex: setUnconditionally 0 -> -1
2023-05-23 10:25:09,534 [om1-impl-thread1] INFO  segmented.SegmentedRaftLogWorker (SegmentedRaftLogWorker.java:lambda$new$0(135)) - om1@group-C5BA1605619E-SegmentedRaftLogWorker: safeCacheEvictIndex: setUnconditionally 0 -> -1
2023-05-23 10:25:09,534 [om1-impl-thread1] INFO  server.RaftServer$Division (RaftServerImpl.java:start(342)) - om1@group-C5BA1605619E: start as a follower, conf=-1: peers:[om1|rpc:localhost:15055|priority:0|startupRole:FOLLOWER]|listeners:[], old=null
2023-05-23 10:25:09,534 [om1-impl-thread1] INFO  server.RaftServer$Division (RaftServerImpl.java:setRole(329)) - om1@group-C5BA1605619E: changes role from      null to FOLLOWER at term 0 for startAsFollower
2023-05-23 10:25:09,535 [om1-impl-thread1] INFO  impl.RoleInfo (RoleInfo.java:updateAndGet(139)) - om1: start om1@group-C5BA1605619E-FollowerState
2023-05-23 10:25:09,535 [om1@group-C5BA1605619E-FollowerState] INFO  server.RaftServerConfigKeys (ConfUtils.java:logFallback(53)) - raft.server.rpc.first-election.timeout.min = 1s (fallback to raft.server.rpc.timeout.min)
2023-05-23 10:25:09,535 [om1-impl-thread1] INFO  util.JmxRegister (JmxRegister.java:tryRegister(44)) - Successfully registered JMX Bean with object name Ratis:service=RaftServer,group=group-C5BA1605619E,id=om1
2023-05-23 10:25:09,535 [om1@group-C5BA1605619E-FollowerState] INFO  server.RaftServerConfigKeys (ConfUtils.java:logFallback(53)) - raft.server.rpc.first-election.timeout.max = 1200ms (fallback to raft.server.rpc.timeout.max)
2023-05-23 10:25:09,535 [om1-impl-thread1] INFO  server.RaftServerConfigKeys (ConfUtils.java:logGet(46)) - raft.server.snapshot.auto.trigger.enabled = true (custom)
2023-05-23 10:25:09,535 [om1-impl-thread1] INFO  server.RaftServerConfigKeys (ConfUtils.java:logGet(46)) - raft.server.snapshot.auto.trigger.threshold = 400000 (default)
2023-05-23 10:25:09,535 [om1-impl-thread1] INFO  server.RaftServerConfigKeys (ConfUtils.java:logGet(46)) - raft.server.snapshot.retention.file.num = -1 (default)
2023-05-23 10:25:09,536 [om1-impl-thread1] INFO  server.RaftServerConfigKeys (ConfUtils.java:logGet(46)) - raft.server.log.purge.upto.snapshot.index = true (custom)
2023-05-23 10:25:09,536 [Listener at 127.0.0.1/15052] INFO  server.RaftServer (RaftServerProxy.java:startImpl(400)) - om1: start RPC server
2023-05-23 10:25:09,538 [Listener at 127.0.0.1/15052] INFO  server.GrpcService (GrpcService.java:startImpl(302)) - om1: GrpcService started, listening on 15055
2023-05-23 10:25:09,538 [Listener at 127.0.0.1/15052] INFO  om.OzoneManager (OzoneManager.java:start(1635)) - Version File has different layout version (4) than OM DB (null). That is expected if this OM has never been finalized to a newer layout version.
2023-05-23 10:25:09,538 [JvmPauseMonitor6] INFO  util.JvmPauseMonitor (JvmPauseMonitor.java:run(103)) - JvmPauseMonitor-om1: Started
2023-05-23 10:25:09,541 [Listener at 127.0.0.1/15052] INFO  http.BaseHttpServer (BaseHttpServer.java:newHttpServer2BuilderForOzone(224)) - Starting Web-server for ozoneManager at: http://0.0.0.0:15053
2023-05-23 10:25:09,541 [Listener at 127.0.0.1/15052] INFO  http.BaseHttpServer (BaseHttpServer.java:<init>(111)) - Hadoop Security Enabled: false Ozone Security Enabled: false Ozone HTTP Security Enabled: false 
2023-05-23 10:25:09,543 [Listener at 127.0.0.1/15052] WARN  server.AuthenticationFilter (AuthenticationFilter.java:constructSecretProvider(240)) - Unable to initialize FileSignerSecretProvider, falling back to use random secrets. Reason: Could not read signature secret file: /home/runner/hadoop-http-auth-signature-secret
2023-05-23 10:25:09,543 [Listener at 127.0.0.1/15052] INFO  http.HttpRequestLog (HttpRequestLog.java:getRequestLog(86)) - Http request log for http.requests.ozoneManager is not defined
2023-05-23 10:25:09,546 [Listener at 127.0.0.1/15052] INFO  http.HttpServer2 (HttpServer2.java:addGlobalFilter(1031)) - Added global filter 'safety' (class=org.apache.hadoop.hdds.server.http.HttpServer2$QuotingInputFilter)
2023-05-23 10:25:09,547 [Listener at 127.0.0.1/15052] INFO  http.HttpServer2 (HttpServer2.java:addFilter(1007)) - Added filter static_user_filter (class=org.apache.hadoop.http.lib.StaticUserWebFilter$StaticUserFilter) to context ozoneManager
2023-05-23 10:25:09,547 [Listener at 127.0.0.1/15052] INFO  http.HttpServer2 (HttpServer2.java:addFilter(1015)) - Added filter static_user_filter (class=org.apache.hadoop.http.lib.StaticUserWebFilter$StaticUserFilter) to context logs
2023-05-23 10:25:09,547 [Listener at 127.0.0.1/15052] INFO  http.HttpServer2 (HttpServer2.java:addFilter(1015)) - Added filter static_user_filter (class=org.apache.hadoop.http.lib.StaticUserWebFilter$StaticUserFilter) to context static
2023-05-23 10:25:09,548 [Listener at 127.0.0.1/15052] INFO  http.BaseHttpServer (BaseHttpServer.java:<init>(190)) - HTTP server of ozoneManager uses base directory /home/runner/work/ozone/ozone/hadoop-ozone/integration-test/target/test-dir/MiniOzoneClusterImpl-ce972063-568b-4811-bfe7-9c87601498a3/ozone-meta/webserver
2023-05-23 10:25:09,549 [Listener at 127.0.0.1/15052] INFO  http.HttpServer2 (HttpServer2.java:bindListener(1250)) - Jetty bound to port 15053
2023-05-23 10:25:09,549 [Listener at 127.0.0.1/15052] INFO  server.Server (Server.java:doStart(375)) - jetty-9.4.51.v20230217; built: 2023-02-17T08:19:37.309Z; git: b45c405e4544384de066f814ed42ae3dceacdd49; jvm 1.8.0_362-b09
2023-05-23 10:25:09,550 [Listener at 127.0.0.1/15052] INFO  server.session (DefaultSessionIdManager.java:doStart(334)) - DefaultSessionIdManager workerName=node0
2023-05-23 10:25:09,551 [Listener at 127.0.0.1/15052] INFO  server.session (DefaultSessionIdManager.java:doStart(339)) - No SessionScavenger set, using defaults
2023-05-23 10:25:09,551 [Listener at 127.0.0.1/15052] INFO  server.session (HouseKeeper.java:startScavenging(132)) - node0 Scavenging every 600000ms
2023-05-23 10:25:09,553 [Listener at 127.0.0.1/15052] INFO  handler.ContextHandler (ContextHandler.java:doStart(921)) - Started o.e.j.s.ServletContextHandler@6d8b928{logs,/logs,file:///home/runner/work/ozone/ozone/hadoop-ozone/integration-test/target/log,AVAILABLE}
2023-05-23 10:25:09,554 [Listener at 127.0.0.1/15052] INFO  handler.ContextHandler (ContextHandler.java:doStart(921)) - Started o.e.j.s.ServletContextHandler@42a7c8a0{static,/static,file:///home/runner/work/ozone/ozone/hadoop-ozone/integration-test/target/test-classes/webapps/static,AVAILABLE}
2023-05-23 10:25:09,557 [Listener at 127.0.0.1/15052] INFO  handler.ContextHandler (ContextHandler.java:doStart(921)) - Started o.e.j.w.WebAppContext@2dd14133{ozoneManager,/,file:///home/runner/work/ozone/ozone/hadoop-ozone/integration-test/target/test-classes/webapps/ozoneManager/,AVAILABLE}{file:/home/runner/work/ozone/ozone/hadoop-ozone/integration-test/target/test-classes/webapps/ozoneManager}
2023-05-23 10:25:09,558 [Listener at 127.0.0.1/15052] INFO  server.AbstractConnector (AbstractConnector.java:doStart(333)) - Started ServerConnector@5c5e16b5{HTTP/1.1, (http/1.1)}{0.0.0.0:15053}
2023-05-23 10:25:09,559 [Listener at 127.0.0.1/15052] INFO  server.Server (Server.java:doStart(415)) - Started @42610ms
2023-05-23 10:25:09,559 [Listener at 127.0.0.1/15052] WARN  impl.MetricsSystemImpl (MetricsSystemImpl.java:register(279)) - Sink prometheus already exists!
2023-05-23 10:25:09,559 [Listener at 127.0.0.1/15052] INFO  http.BaseHttpServer (BaseHttpServer.java:updateConnectorAddress(344)) - HTTP server of ozoneManager listening at http://0.0.0.0:15053
2023-05-23 10:25:09,560 [IPC Server Responder] INFO  ipc.Server (Server.java:run(1558)) - IPC Server Responder: starting
2023-05-23 10:25:09,560 [IPC Server listener on 15052] INFO  ipc.Server (Server.java:run(1398)) - IPC Server listener on 15052: starting
2023-05-23 10:25:09,564 [Listener at 127.0.0.1/15052] INFO  om.OzoneManager (OzoneManager.java:startTrashEmptier(2095)) - Trash Interval set to 0. Files deleted won't move to trash
2023-05-23 10:25:09,564 [org.apache.hadoop.util.JvmPauseMonitor$Monitor@ee66dfc] INFO  util.JvmPauseMonitor (JvmPauseMonitor.java:run(188)) - Starting JVM pause monitor
2023-05-23 10:25:09,586 [Listener at 127.0.0.1/15052] WARN  impl.MetricRegistriesImpl (MetricRegistriesImpl.java:addReporterRegistration(111)) - New reporters are added after registries were created. Some metrics will be missing from the reporter. Please add reporter before adding any new registry.
2023-05-23 10:25:09,586 [Listener at 127.0.0.1/15052] WARN  impl.MetricRegistriesImpl (MetricRegistriesImpl.java:addReporterRegistration(111)) - New reporters are added after registries were created. Some metrics will be missing from the reporter. Please add reporter before adding any new registry.
2023-05-23 10:25:09,586 [Listener at 127.0.0.1/15052] INFO  impl.MetricsSystemImpl (MetricsSystemImpl.java:init(158)) - HddsDatanode metrics system started (again)
2023-05-23 10:25:09,600 [Listener at 127.0.0.1/15052] INFO  ozone.HddsDatanodeService (HddsDatanodeService.java:start(252)) - HddsDatanodeService host:fv-az1249-304 ip:10.1.0.38
2023-05-23 10:25:09,627 [Listener at 127.0.0.1/15052] INFO  upgrade.AbstractLayoutVersionManager (AbstractLayoutVersionManager.java:init(83)) - Initializing Layout version manager with metadata layout = WEBUI_PORTS_IN_DATANODEDETAILS (version = 6), software layout = WEBUI_PORTS_IN_DATANODEDETAILS (version = 6)
2023-05-23 10:25:09,629 [Listener at 127.0.0.1/15052] INFO  statemachine.DatanodeStateMachine (DatanodeStateMachine.java:getEndPointTaskThreadPoolSize(267)) - Datanode State Machine Task Thread Pool size 2
2023-05-23 10:25:09,632 [Listener at 127.0.0.1/15052] INFO  volume.HddsVolume (HddsVolume.java:<init>(130)) - Creating HddsVolume: /home/runner/work/ozone/ozone/hadoop-ozone/integration-test/target/test-dir/MiniOzoneClusterImpl-ce972063-568b-4811-bfe7-9c87601498a3/datanode-0/data-0/containers/hdds of storage type : DISK capacity : 9223372036854775807
2023-05-23 10:25:09,633 [Listener at 127.0.0.1/15052] INFO  volume.MutableVolumeSet (MutableVolumeSet.java:initializeVolumeSet(175)) - Added Volume : /home/runner/work/ozone/ozone/hadoop-ozone/integration-test/target/test-dir/MiniOzoneClusterImpl-ce972063-568b-4811-bfe7-9c87601498a3/datanode-0/data-0/containers/hdds to VolumeSet
2023-05-23 10:25:09,633 [Listener at 127.0.0.1/15052] INFO  volume.ThrottledAsyncChecker (ThrottledAsyncChecker.java:schedule(141)) - Scheduling a check for /home/runner/work/ozone/ozone/hadoop-ozone/integration-test/target/test-dir/MiniOzoneClusterImpl-ce972063-568b-4811-bfe7-9c87601498a3/datanode-0/data-0/containers/hdds
2023-05-23 10:25:09,633 [Listener at 127.0.0.1/15052] INFO  volume.StorageVolumeChecker (StorageVolumeChecker.java:checkAllVolumes(202)) - Scheduled health check for volume /home/runner/work/ozone/ozone/hadoop-ozone/integration-test/target/test-dir/MiniOzoneClusterImpl-ce972063-568b-4811-bfe7-9c87601498a3/datanode-0/data-0/containers/hdds
2023-05-23 10:25:09,647 [Listener at 127.0.0.1/15052] INFO  volume.MutableVolumeSet (MutableVolumeSet.java:initializeVolumeSet(175)) - Added Volume : /home/runner/work/ozone/ozone/hadoop-ozone/integration-test/target/test-dir/MiniOzoneClusterImpl-ce972063-568b-4811-bfe7-9c87601498a3/datanode-0/data/ratis to VolumeSet
2023-05-23 10:25:09,647 [Listener at 127.0.0.1/15052] INFO  volume.ThrottledAsyncChecker (ThrottledAsyncChecker.java:schedule(141)) - Scheduling a check for /home/runner/work/ozone/ozone/hadoop-ozone/integration-test/target/test-dir/MiniOzoneClusterImpl-ce972063-568b-4811-bfe7-9c87601498a3/datanode-0/data/ratis
2023-05-23 10:25:09,647 [Listener at 127.0.0.1/15052] INFO  volume.StorageVolumeChecker (StorageVolumeChecker.java:checkAllVolumes(202)) - Scheduled health check for volume /home/runner/work/ozone/ozone/hadoop-ozone/integration-test/target/test-dir/MiniOzoneClusterImpl-ce972063-568b-4811-bfe7-9c87601498a3/datanode-0/data/ratis
2023-05-23 10:25:09,661 [Thread-712] INFO  ozoneimpl.ContainerReader (ContainerReader.java:readVolume(175)) - Finish verifying containers on volume /home/runner/work/ozone/ozone/hadoop-ozone/integration-test/target/test-dir/MiniOzoneClusterImpl-ce972063-568b-4811-bfe7-9c87601498a3/datanode-0/data-0/containers/hdds
2023-05-23 10:25:09,661 [Listener at 127.0.0.1/15052] INFO  ozoneimpl.OzoneContainer (OzoneContainer.java:buildContainerSet(303)) - Build ContainerSet costs 0s
2023-05-23 10:25:09,666 [Listener at 127.0.0.1/15052] INFO  server.RaftServer (ConfUtils.java:logGet(46)) - raft.rpc.type = GRPC (default)
2023-05-23 10:25:09,666 [Listener at 127.0.0.1/15052] INFO  grpc.GrpcConfigKeys (ConfUtils.java:logFallback(53)) - raft.grpc.admin.host = null (fallback to raft.grpc.server.host)
2023-05-23 10:25:09,666 [Listener at 127.0.0.1/15052] INFO  grpc.GrpcConfigKeys (ConfUtils.java:logGet(46)) - raft.grpc.admin.port = 15060 (custom)
2023-05-23 10:25:09,666 [Listener at 127.0.0.1/15052] INFO  grpc.GrpcConfigKeys (ConfUtils.java:logFallback(53)) - raft.grpc.client.host = null (fallback to raft.grpc.server.host)
2023-05-23 10:25:09,666 [Listener at 127.0.0.1/15052] INFO  grpc.GrpcConfigKeys (ConfUtils.java:logGet(46)) - raft.grpc.client.port = 15059 (custom)
2023-05-23 10:25:09,666 [Listener at 127.0.0.1/15052] INFO  grpc.GrpcConfigKeys (ConfUtils.java:logGet(46)) - raft.grpc.server.host = null (default)
2023-05-23 10:25:09,666 [Listener at 127.0.0.1/15052] INFO  grpc.GrpcConfigKeys (ConfUtils.java:logGet(46)) - raft.grpc.server.port = 15061 (custom)
2023-05-23 10:25:09,667 [Listener at 127.0.0.1/15052] INFO  server.GrpcService (ConfUtils.java:logGet(46)) - raft.grpc.message.size.max = 32MB (=33554432) (custom)
2023-05-23 10:25:09,667 [Listener at 127.0.0.1/15052] INFO  server.RaftServerConfigKeys (ConfUtils.java:logGet(46)) - raft.server.log.appender.buffer.byte-limit = 33554432 (custom)
2023-05-23 10:25:09,667 [Listener at 127.0.0.1/15052] INFO  server.GrpcService (ConfUtils.java:logGet(46)) - raft.grpc.flow.control.window = 5MB (=5242880) (custom)
2023-05-23 10:25:09,667 [Listener at 127.0.0.1/15052] INFO  server.RaftServerConfigKeys (ConfUtils.java:logGet(46)) - raft.server.rpc.request.timeout = 60s (custom)
2023-05-23 10:25:09,667 [Listener at 127.0.0.1/15052] INFO  grpc.GrpcConfigKeys (ConfUtils.java:logGet(46)) - raft.grpc.server.heartbeat.channel = true (default)
2023-05-23 10:25:09,667 [Listener at 127.0.0.1/15052] INFO  grpc.GrpcConfigKeys (ConfUtils.java:logGet(46)) - raft.grpc.server.async.request.thread.pool.cached = true (default)
2023-05-23 10:25:09,667 [Listener at 127.0.0.1/15052] INFO  grpc.GrpcConfigKeys (ConfUtils.java:logGet(46)) - raft.grpc.server.async.request.thread.pool.size = 32 (default)
2023-05-23 10:25:09,669 [Listener at 127.0.0.1/15052] INFO  impl.DataStreamServerImpl (ConfUtils.java:logGet(46)) - raft.datastream.type = NETTY (custom)
2023-05-23 10:25:09,670 [Listener at 127.0.0.1/15052] INFO  server.RaftServerConfigKeys (ConfUtils.java:logGet(46)) - raft.server.data-stream.async.request.thread.pool.cached = false (default)
2023-05-23 10:25:09,670 [Listener at 127.0.0.1/15052] INFO  server.RaftServerConfigKeys (ConfUtils.java:logGet(46)) - raft.server.data-stream.async.request.thread.pool.size = 20 (custom)
2023-05-23 10:25:09,670 [Listener at 127.0.0.1/15052] INFO  server.RaftServerConfigKeys (ConfUtils.java:logGet(46)) - raft.server.data-stream.async.write.thread.pool.size = 16 (default)
2023-05-23 10:25:09,670 [Listener at 127.0.0.1/15052] INFO  server.RaftServerConfigKeys (ConfUtils.java:logGet(46)) - raft.server.data-stream.client.pool.size = 10 (default)
2023-05-23 10:25:09,670 [Listener at 127.0.0.1/15052] INFO  netty.NettyConfigKeys$DataStream (ConfUtils.java:logGet(46)) - raft.netty.dataStream.server.use-epoll = false (default)
2023-05-23 10:25:09,670 [Listener at 127.0.0.1/15052] INFO  netty.NettyConfigKeys$DataStream (ConfUtils.java:logGet(46)) - raft.netty.dataStream.server.boss-group.size = 0 (default)
2023-05-23 10:25:09,670 [Listener at 127.0.0.1/15052] INFO  netty.NettyConfigKeys$DataStream (ConfUtils.java:logGet(46)) - raft.netty.dataStream.server.worker-group.size = 0 (default)
2023-05-23 10:25:09,671 [Listener at 127.0.0.1/15052] INFO  netty.NettyConfigKeys$DataStream (ConfUtils.java:logGet(46)) - raft.netty.dataStream.server.tls.conf = null (default)
2023-05-23 10:25:09,671 [Listener at 127.0.0.1/15052] INFO  netty.NettyConfigKeys$DataStream (ConfUtils.java:logGet(46)) - raft.netty.dataStream.host = null (default)
2023-05-23 10:25:09,671 [Listener at 127.0.0.1/15052] INFO  netty.NettyConfigKeys$DataStream (ConfUtils.java:logGet(46)) - raft.netty.dataStream.port = 15062 (custom)
2023-05-23 10:25:09,671 [Listener at 127.0.0.1/15052] INFO  server.RaftServerConfigKeys (ConfUtils.java:logGet(46)) - raft.server.threadpool.proxy.cached = true (default)
2023-05-23 10:25:09,672 [Listener at 127.0.0.1/15052] INFO  server.RaftServerConfigKeys (ConfUtils.java:logGet(46)) - raft.server.threadpool.proxy.size = 0 (default)
2023-05-23 10:25:09,672 [Listener at 127.0.0.1/15052] INFO  server.RaftServerConfigKeys (ConfUtils.java:logGet(46)) - raft.server.rpc.slowness.timeout = 300s (custom)
2023-05-23 10:25:09,672 [7f763e46-2c68-46ea-ae9c-4adb784a7caa-NettyServerStreamRpc-bossGroup--thread1] INFO  logging.LoggingHandler (AbstractInternalLogger.java:log(148)) - [id: 0x091a25ec] REGISTERED
2023-05-23 10:25:09,672 [Listener at 127.0.0.1/15052] INFO  server.RaftServerConfigKeys (ConfUtils.java:logGet(46)) - raft.server.leaderelection.leader.step-down.wait-time = 10s (default)
2023-05-23 10:25:09,672 [Listener at 127.0.0.1/15052] INFO  server.RaftServerConfigKeys (ConfUtils.java:logGet(46)) - raft.server.storage.dir = [/home/runner/work/ozone/ozone/hadoop-ozone/integration-test/target/test-dir/MiniOzoneClusterImpl-ce972063-568b-4811-bfe7-9c87601498a3/datanode-0/data/ratis] (custom)
2023-05-23 10:25:09,672 [7f763e46-2c68-46ea-ae9c-4adb784a7caa-NettyServerStreamRpc-bossGroup--thread1] INFO  logging.LoggingHandler (AbstractInternalLogger.java:log(148)) - [id: 0x091a25ec] BIND: 0.0.0.0/0.0.0.0:15062
2023-05-23 10:25:09,673 [7f763e46-2c68-46ea-ae9c-4adb784a7caa-NettyServerStreamRpc-bossGroup--thread1] INFO  logging.LoggingHandler (AbstractInternalLogger.java:log(148)) - [id: 0x091a25ec, L:/0:0:0:0:0:0:0:0:15062] ACTIVE
2023-05-23 10:25:09,674 [Listener at 127.0.0.1/15052] INFO  server.XceiverServerGrpc (XceiverServerGrpc.java:<init>(132)) - GrpcServer channel type EpollServerSocketChannel
2023-05-23 10:25:09,675 [Listener at 127.0.0.1/15052] INFO  replication.ReplicationSupervisor (ReplicationSupervisor.java:nodeStateUpdated(296)) - Node state updated to IN_SERVICE, scaling executor pool size to 10
2023-05-23 10:25:09,679 [Listener at 127.0.0.1/15052] INFO  http.BaseHttpServer (BaseHttpServer.java:newHttpServer2BuilderForOzone(224)) - Starting Web-server for hddsDatanode at: http://0.0.0.0:15057
2023-05-23 10:25:09,679 [Listener at 127.0.0.1/15052] INFO  http.BaseHttpServer (BaseHttpServer.java:<init>(111)) - Hadoop Security Enabled: false Ozone Security Enabled: false Ozone HTTP Security Enabled: false 
2023-05-23 10:25:09,684 [Listener at 127.0.0.1/15052] WARN  server.AuthenticationFilter (AuthenticationFilter.java:constructSecretProvider(240)) - Unable to initialize FileSignerSecretProvider, falling back to use random secrets. Reason: Could not read signature secret file: /home/runner/hadoop-http-auth-signature-secret
2023-05-23 10:25:09,685 [Listener at 127.0.0.1/15052] INFO  http.HttpRequestLog (HttpRequestLog.java:getRequestLog(86)) - Http request log for http.requests.hddsDatanode is not defined
2023-05-23 10:25:09,687 [Listener at 127.0.0.1/15052] INFO  http.HttpServer2 (HttpServer2.java:addGlobalFilter(1031)) - Added global filter 'safety' (class=org.apache.hadoop.hdds.server.http.HttpServer2$QuotingInputFilter)
2023-05-23 10:25:09,687 [Listener at 127.0.0.1/15052] INFO  http.HttpServer2 (HttpServer2.java:addFilter(1007)) - Added filter static_user_filter (class=org.apache.hadoop.http.lib.StaticUserWebFilter$StaticUserFilter) to context hddsDatanode
2023-05-23 10:25:09,688 [Listener at 127.0.0.1/15052] INFO  http.HttpServer2 (HttpServer2.java:addFilter(1015)) - Added filter static_user_filter (class=org.apache.hadoop.http.lib.StaticUserWebFilter$StaticUserFilter) to context static
2023-05-23 10:25:09,688 [Listener at 127.0.0.1/15052] INFO  http.HttpServer2 (HttpServer2.java:addFilter(1015)) - Added filter static_user_filter (class=org.apache.hadoop.http.lib.StaticUserWebFilter$StaticUserFilter) to context logs
2023-05-23 10:25:09,689 [Listener at 127.0.0.1/15052] INFO  http.BaseHttpServer (BaseHttpServer.java:<init>(190)) - HTTP server of hddsDatanode uses base directory /home/runner/work/ozone/ozone/hadoop-ozone/integration-test/target/test-dir/MiniOzoneClusterImpl-ce972063-568b-4811-bfe7-9c87601498a3/datanode-0/meta/webserver
2023-05-23 10:25:09,689 [Listener at 127.0.0.1/15052] INFO  http.HttpServer2 (HttpServer2.java:bindListener(1250)) - Jetty bound to port 15057
2023-05-23 10:25:09,689 [Listener at 127.0.0.1/15052] INFO  server.Server (Server.java:doStart(375)) - jetty-9.4.51.v20230217; built: 2023-02-17T08:19:37.309Z; git: b45c405e4544384de066f814ed42ae3dceacdd49; jvm 1.8.0_362-b09
2023-05-23 10:25:09,692 [Listener at 127.0.0.1/15052] INFO  server.session (DefaultSessionIdManager.java:doStart(334)) - DefaultSessionIdManager workerName=node0
2023-05-23 10:25:09,692 [Listener at 127.0.0.1/15052] INFO  server.session (DefaultSessionIdManager.java:doStart(339)) - No SessionScavenger set, using defaults
2023-05-23 10:25:09,692 [Listener at 127.0.0.1/15052] INFO  server.session (HouseKeeper.java:startScavenging(132)) - node0 Scavenging every 660000ms
2023-05-23 10:25:09,695 [Listener at 127.0.0.1/15052] INFO  handler.ContextHandler (ContextHandler.java:doStart(921)) - Started o.e.j.s.ServletContextHandler@6d39109{logs,/logs,file:///home/runner/work/ozone/ozone/hadoop-ozone/integration-test/target/log,AVAILABLE}
2023-05-23 10:25:09,695 [Listener at 127.0.0.1/15052] INFO  handler.ContextHandler (ContextHandler.java:doStart(921)) - Started o.e.j.s.ServletContextHandler@1bc9ccf1{static,/static,jar:file:/home/runner/.m2/repository/org/apache/ozone/hdds-container-service/1.4.0-SNAPSHOT/hdds-container-service-1.4.0-SNAPSHOT.jar!/webapps/static,AVAILABLE}
2023-05-23 10:25:09,926 [Listener at 127.0.0.1/15052] INFO  handler.ContextHandler (ContextHandler.java:doStart(921)) - Started o.e.j.w.WebAppContext@d4b7218{hddsDatanode,/,file:///home/runner/work/ozone/ozone/hadoop-ozone/integration-test/target/test-dir/MiniOzoneClusterImpl-ce972063-568b-4811-bfe7-9c87601498a3/datanode-0/meta/webserver/jetty-0_0_0_0-15057-hdds-container-service-1_4_0-SNAPSHOT_jar-_-any-2083090792271585749/webapp/,AVAILABLE}{jar:file:/home/runner/.m2/repository/org/apache/ozone/hdds-container-service/1.4.0-SNAPSHOT/hdds-container-service-1.4.0-SNAPSHOT.jar!/webapps/hddsDatanode}
2023-05-23 10:25:09,928 [Listener at 127.0.0.1/15052] INFO  server.AbstractConnector (AbstractConnector.java:doStart(333)) - Started ServerConnector@2a30fa22{HTTP/1.1, (http/1.1)}{0.0.0.0:15057}
2023-05-23 10:25:09,928 [Listener at 127.0.0.1/15052] INFO  server.Server (Server.java:doStart(415)) - Started @42980ms
2023-05-23 10:25:09,928 [Listener at 127.0.0.1/15052] WARN  impl.MetricsSystemImpl (MetricsSystemImpl.java:register(279)) - Sink prometheus already exists!
2023-05-23 10:25:09,929 [Listener at 127.0.0.1/15052] INFO  http.BaseHttpServer (BaseHttpServer.java:updateConnectorAddress(344)) - HTTP server of hddsDatanode listening at http://0.0.0.0:15057
2023-05-23 10:25:09,929 [Datanode State Machine Daemon Thread] INFO  statemachine.DatanodeStateMachine (DatanodeStateMachine.java:lambda$startDaemon$0(524)) - Ozone container server started.
2023-05-23 10:25:09,929 [Listener at 127.0.0.1/15052] WARN  impl.MetricRegistriesImpl (MetricRegistriesImpl.java:addReporterRegistration(111)) - New reporters are added after registries were created. Some metrics will be missing from the reporter. Please add reporter before adding any new registry.
2023-05-23 10:25:09,930 [Listener at 127.0.0.1/15052] WARN  impl.MetricRegistriesImpl (MetricRegistriesImpl.java:addReporterRegistration(111)) - New reporters are added after registries were created. Some metrics will be missing from the reporter. Please add reporter before adding any new registry.
2023-05-23 10:25:09,930 [Listener at 127.0.0.1/15052] INFO  impl.MetricsSystemImpl (MetricsSystemImpl.java:init(158)) - HddsDatanode metrics system started (again)
2023-05-23 10:25:09,942 [Listener at 127.0.0.1/15052] INFO  ozone.HddsDatanodeService (HddsDatanodeService.java:start(252)) - HddsDatanodeService host:fv-az1249-304 ip:10.1.0.38
2023-05-23 10:25:09,956 [org.apache.hadoop.util.JvmPauseMonitor$Monitor@2d37ab6f] INFO  util.JvmPauseMonitor (JvmPauseMonitor.java:run(188)) - Starting JVM pause monitor
2023-05-23 10:25:09,966 [Datanode State Machine Task Thread - 0] INFO  datanode.InitDatanodeState (InitDatanodeState.java:persistContainerDatanodeDetails(138)) - DatanodeDetails is persisted to /home/runner/work/ozone/ozone/hadoop-ozone/integration-test/target/test-dir/MiniOzoneClusterImpl-ce972063-568b-4811-bfe7-9c87601498a3/datanode-0/meta/datanode.id
2023-05-23 10:25:09,971 [Listener at 127.0.0.1/15052] INFO  upgrade.AbstractLayoutVersionManager (AbstractLayoutVersionManager.java:init(83)) - Initializing Layout version manager with metadata layout = WEBUI_PORTS_IN_DATANODEDETAILS (version = 6), software layout = WEBUI_PORTS_IN_DATANODEDETAILS (version = 6)
2023-05-23 10:25:09,972 [Listener at 127.0.0.1/15052] INFO  statemachine.DatanodeStateMachine (DatanodeStateMachine.java:getEndPointTaskThreadPoolSize(267)) - Datanode State Machine Task Thread Pool size 2
2023-05-23 10:25:09,974 [Listener at 127.0.0.1/15052] INFO  volume.HddsVolume (HddsVolume.java:<init>(130)) - Creating HddsVolume: /home/runner/work/ozone/ozone/hadoop-ozone/integration-test/target/test-dir/MiniOzoneClusterImpl-ce972063-568b-4811-bfe7-9c87601498a3/datanode-1/data-0/containers/hdds of storage type : DISK capacity : 9223372036854775807
2023-05-23 10:25:09,974 [Listener at 127.0.0.1/15052] INFO  volume.MutableVolumeSet (MutableVolumeSet.java:initializeVolumeSet(175)) - Added Volume : /home/runner/work/ozone/ozone/hadoop-ozone/integration-test/target/test-dir/MiniOzoneClusterImpl-ce972063-568b-4811-bfe7-9c87601498a3/datanode-1/data-0/containers/hdds to VolumeSet
2023-05-23 10:25:09,974 [Listener at 127.0.0.1/15052] INFO  volume.ThrottledAsyncChecker (ThrottledAsyncChecker.java:schedule(141)) - Scheduling a check for /home/runner/work/ozone/ozone/hadoop-ozone/integration-test/target/test-dir/MiniOzoneClusterImpl-ce972063-568b-4811-bfe7-9c87601498a3/datanode-1/data-0/containers/hdds
2023-05-23 10:25:09,975 [Listener at 127.0.0.1/15052] INFO  volume.StorageVolumeChecker (StorageVolumeChecker.java:checkAllVolumes(202)) - Scheduled health check for volume /home/runner/work/ozone/ozone/hadoop-ozone/integration-test/target/test-dir/MiniOzoneClusterImpl-ce972063-568b-4811-bfe7-9c87601498a3/datanode-1/data-0/containers/hdds
2023-05-23 10:25:09,987 [Listener at 127.0.0.1/15052] INFO  volume.MutableVolumeSet (MutableVolumeSet.java:initializeVolumeSet(175)) - Added Volume : /home/runner/work/ozone/ozone/hadoop-ozone/integration-test/target/test-dir/MiniOzoneClusterImpl-ce972063-568b-4811-bfe7-9c87601498a3/datanode-1/data/ratis to VolumeSet
2023-05-23 10:25:09,988 [Listener at 127.0.0.1/15052] INFO  volume.ThrottledAsyncChecker (ThrottledAsyncChecker.java:schedule(141)) - Scheduling a check for /home/runner/work/ozone/ozone/hadoop-ozone/integration-test/target/test-dir/MiniOzoneClusterImpl-ce972063-568b-4811-bfe7-9c87601498a3/datanode-1/data/ratis
2023-05-23 10:25:09,988 [Listener at 127.0.0.1/15052] INFO  volume.StorageVolumeChecker (StorageVolumeChecker.java:checkAllVolumes(202)) - Scheduled health check for volume /home/runner/work/ozone/ozone/hadoop-ozone/integration-test/target/test-dir/MiniOzoneClusterImpl-ce972063-568b-4811-bfe7-9c87601498a3/datanode-1/data/ratis
2023-05-23 10:25:10,000 [Thread-726] INFO  ozoneimpl.ContainerReader (ContainerReader.java:readVolume(175)) - Finish verifying containers on volume /home/runner/work/ozone/ozone/hadoop-ozone/integration-test/target/test-dir/MiniOzoneClusterImpl-ce972063-568b-4811-bfe7-9c87601498a3/datanode-1/data-0/containers/hdds
2023-05-23 10:25:10,000 [Listener at 127.0.0.1/15052] INFO  ozoneimpl.OzoneContainer (OzoneContainer.java:buildContainerSet(303)) - Build ContainerSet costs 0s
2023-05-23 10:25:10,003 [Listener at 127.0.0.1/15052] INFO  server.RaftServer (ConfUtils.java:logGet(46)) - raft.rpc.type = GRPC (default)
2023-05-23 10:25:10,003 [Listener at 127.0.0.1/15052] INFO  grpc.GrpcConfigKeys (ConfUtils.java:logFallback(53)) - raft.grpc.admin.host = null (fallback to raft.grpc.server.host)
2023-05-23 10:25:10,003 [Listener at 127.0.0.1/15052] INFO  grpc.GrpcConfigKeys (ConfUtils.java:logGet(46)) - raft.grpc.admin.port = 15068 (custom)
2023-05-23 10:25:10,003 [Listener at 127.0.0.1/15052] INFO  grpc.GrpcConfigKeys (ConfUtils.java:logFallback(53)) - raft.grpc.client.host = null (fallback to raft.grpc.server.host)
2023-05-23 10:25:10,003 [Listener at 127.0.0.1/15052] INFO  grpc.GrpcConfigKeys (ConfUtils.java:logGet(46)) - raft.grpc.client.port = 15067 (custom)
2023-05-23 10:25:10,003 [Listener at 127.0.0.1/15052] INFO  grpc.GrpcConfigKeys (ConfUtils.java:logGet(46)) - raft.grpc.server.host = null (default)
2023-05-23 10:25:10,004 [Listener at 127.0.0.1/15052] INFO  grpc.GrpcConfigKeys (ConfUtils.java:logGet(46)) - raft.grpc.server.port = 15069 (custom)
2023-05-23 10:25:10,004 [Listener at 127.0.0.1/15052] INFO  server.GrpcService (ConfUtils.java:logGet(46)) - raft.grpc.message.size.max = 32MB (=33554432) (custom)
2023-05-23 10:25:10,004 [Listener at 127.0.0.1/15052] INFO  server.RaftServerConfigKeys (ConfUtils.java:logGet(46)) - raft.server.log.appender.buffer.byte-limit = 33554432 (custom)
2023-05-23 10:25:10,004 [Listener at 127.0.0.1/15052] INFO  server.GrpcService (ConfUtils.java:logGet(46)) - raft.grpc.flow.control.window = 5MB (=5242880) (custom)
2023-05-23 10:25:10,004 [Listener at 127.0.0.1/15052] INFO  server.RaftServerConfigKeys (ConfUtils.java:logGet(46)) - raft.server.rpc.request.timeout = 60s (custom)
2023-05-23 10:25:10,004 [Listener at 127.0.0.1/15052] INFO  grpc.GrpcConfigKeys (ConfUtils.java:logGet(46)) - raft.grpc.server.heartbeat.channel = true (default)
2023-05-23 10:25:10,004 [Listener at 127.0.0.1/15052] INFO  grpc.GrpcConfigKeys (ConfUtils.java:logGet(46)) - raft.grpc.server.async.request.thread.pool.cached = true (default)
2023-05-23 10:25:10,004 [Listener at 127.0.0.1/15052] INFO  grpc.GrpcConfigKeys (ConfUtils.java:logGet(46)) - raft.grpc.server.async.request.thread.pool.size = 32 (default)
2023-05-23 10:25:10,007 [Listener at 127.0.0.1/15052] INFO  impl.DataStreamServerImpl (ConfUtils.java:logGet(46)) - raft.datastream.type = NETTY (custom)
2023-05-23 10:25:10,007 [Listener at 127.0.0.1/15052] INFO  server.RaftServerConfigKeys (ConfUtils.java:logGet(46)) - raft.server.data-stream.async.request.thread.pool.cached = false (default)
2023-05-23 10:25:10,007 [Listener at 127.0.0.1/15052] INFO  server.RaftServerConfigKeys (ConfUtils.java:logGet(46)) - raft.server.data-stream.async.request.thread.pool.size = 20 (custom)
2023-05-23 10:25:10,007 [Listener at 127.0.0.1/15052] INFO  server.RaftServerConfigKeys (ConfUtils.java:logGet(46)) - raft.server.data-stream.async.write.thread.pool.size = 16 (default)
2023-05-23 10:25:10,007 [Listener at 127.0.0.1/15052] INFO  server.RaftServerConfigKeys (ConfUtils.java:logGet(46)) - raft.server.data-stream.client.pool.size = 10 (default)
2023-05-23 10:25:10,007 [Listener at 127.0.0.1/15052] INFO  netty.NettyConfigKeys$DataStream (ConfUtils.java:logGet(46)) - raft.netty.dataStream.server.use-epoll = false (default)
2023-05-23 10:25:10,008 [Listener at 127.0.0.1/15052] INFO  netty.NettyConfigKeys$DataStream (ConfUtils.java:logGet(46)) - raft.netty.dataStream.server.boss-group.size = 0 (default)
2023-05-23 10:25:10,008 [Listener at 127.0.0.1/15052] INFO  netty.NettyConfigKeys$DataStream (ConfUtils.java:logGet(46)) - raft.netty.dataStream.server.worker-group.size = 0 (default)
2023-05-23 10:25:10,008 [Listener at 127.0.0.1/15052] INFO  netty.NettyConfigKeys$DataStream (ConfUtils.java:logGet(46)) - raft.netty.dataStream.server.tls.conf = null (default)
2023-05-23 10:25:10,008 [Listener at 127.0.0.1/15052] INFO  netty.NettyConfigKeys$DataStream (ConfUtils.java:logGet(46)) - raft.netty.dataStream.host = null (default)
2023-05-23 10:25:10,008 [Listener at 127.0.0.1/15052] INFO  netty.NettyConfigKeys$DataStream (ConfUtils.java:logGet(46)) - raft.netty.dataStream.port = 15070 (custom)
2023-05-23 10:25:10,009 [Listener at 127.0.0.1/15052] INFO  server.RaftServerConfigKeys (ConfUtils.java:logGet(46)) - raft.server.threadpool.proxy.cached = true (default)
2023-05-23 10:25:10,009 [Listener at 127.0.0.1/15052] INFO  server.RaftServerConfigKeys (ConfUtils.java:logGet(46)) - raft.server.threadpool.proxy.size = 0 (default)
2023-05-23 10:25:10,009 [Listener at 127.0.0.1/15052] INFO  server.RaftServerConfigKeys (ConfUtils.java:logGet(46)) - raft.server.rpc.slowness.timeout = 300s (custom)
2023-05-23 10:25:10,009 [Listener at 127.0.0.1/15052] INFO  server.RaftServerConfigKeys (ConfUtils.java:logGet(46)) - raft.server.leaderelection.leader.step-down.wait-time = 10s (default)
2023-05-23 10:25:10,009 [Listener at 127.0.0.1/15052] INFO  server.RaftServerConfigKeys (ConfUtils.java:logGet(46)) - raft.server.storage.dir = [/home/runner/work/ozone/ozone/hadoop-ozone/integration-test/target/test-dir/MiniOzoneClusterImpl-ce972063-568b-4811-bfe7-9c87601498a3/datanode-1/data/ratis] (custom)
2023-05-23 10:25:10,010 [ec27dbe6-08af-4523-b3ed-9f1573a1668d-NettyServerStreamRpc-bossGroup--thread1] INFO  logging.LoggingHandler (AbstractInternalLogger.java:log(148)) - [id: 0xef308a58] REGISTERED
2023-05-23 10:25:10,010 [ec27dbe6-08af-4523-b3ed-9f1573a1668d-NettyServerStreamRpc-bossGroup--thread1] INFO  logging.LoggingHandler (AbstractInternalLogger.java:log(148)) - [id: 0xef308a58] BIND: 0.0.0.0/0.0.0.0:15070
2023-05-23 10:25:10,010 [ec27dbe6-08af-4523-b3ed-9f1573a1668d-NettyServerStreamRpc-bossGroup--thread1] INFO  logging.LoggingHandler (AbstractInternalLogger.java:log(148)) - [id: 0xef308a58, L:/0:0:0:0:0:0:0:0:15070] ACTIVE
2023-05-23 10:25:10,014 [Listener at 127.0.0.1/15052] INFO  server.XceiverServerGrpc (XceiverServerGrpc.java:<init>(132)) - GrpcServer channel type EpollServerSocketChannel
2023-05-23 10:25:10,016 [Listener at 127.0.0.1/15052] INFO  replication.ReplicationSupervisor (ReplicationSupervisor.java:nodeStateUpdated(296)) - Node state updated to IN_SERVICE, scaling executor pool size to 10
2023-05-23 10:25:10,018 [Listener at 127.0.0.1/15052] INFO  http.BaseHttpServer (BaseHttpServer.java:newHttpServer2BuilderForOzone(224)) - Starting Web-server for hddsDatanode at: http://0.0.0.0:15065
2023-05-23 10:25:10,018 [Listener at 127.0.0.1/15052] INFO  http.BaseHttpServer (BaseHttpServer.java:<init>(111)) - Hadoop Security Enabled: false Ozone Security Enabled: false Ozone HTTP Security Enabled: false 
2023-05-23 10:25:10,020 [Listener at 127.0.0.1/15052] WARN  server.AuthenticationFilter (AuthenticationFilter.java:constructSecretProvider(240)) - Unable to initialize FileSignerSecretProvider, falling back to use random secrets. Reason: Could not read signature secret file: /home/runner/hadoop-http-auth-signature-secret
2023-05-23 10:25:10,021 [Listener at 127.0.0.1/15052] INFO  http.HttpRequestLog (HttpRequestLog.java:getRequestLog(86)) - Http request log for http.requests.hddsDatanode is not defined
2023-05-23 10:25:10,022 [Listener at 127.0.0.1/15052] INFO  http.HttpServer2 (HttpServer2.java:addGlobalFilter(1031)) - Added global filter 'safety' (class=org.apache.hadoop.hdds.server.http.HttpServer2$QuotingInputFilter)
2023-05-23 10:25:10,023 [Listener at 127.0.0.1/15052] INFO  http.HttpServer2 (HttpServer2.java:addFilter(1007)) - Added filter static_user_filter (class=org.apache.hadoop.http.lib.StaticUserWebFilter$StaticUserFilter) to context hddsDatanode
2023-05-23 10:25:10,023 [Listener at 127.0.0.1/15052] INFO  http.HttpServer2 (HttpServer2.java:addFilter(1015)) - Added filter static_user_filter (class=org.apache.hadoop.http.lib.StaticUserWebFilter$StaticUserFilter) to context static
2023-05-23 10:25:10,023 [Listener at 127.0.0.1/15052] INFO  http.HttpServer2 (HttpServer2.java:addFilter(1015)) - Added filter static_user_filter (class=org.apache.hadoop.http.lib.StaticUserWebFilter$StaticUserFilter) to context logs
2023-05-23 10:25:10,023 [Listener at 127.0.0.1/15052] INFO  http.BaseHttpServer (BaseHttpServer.java:<init>(190)) - HTTP server of hddsDatanode uses base directory /home/runner/work/ozone/ozone/hadoop-ozone/integration-test/target/test-dir/MiniOzoneClusterImpl-ce972063-568b-4811-bfe7-9c87601498a3/datanode-1/meta/webserver
2023-05-23 10:25:10,024 [Listener at 127.0.0.1/15052] INFO  http.HttpServer2 (HttpServer2.java:bindListener(1250)) - Jetty bound to port 15065
2023-05-23 10:25:10,024 [Listener at 127.0.0.1/15052] INFO  server.Server (Server.java:doStart(375)) - jetty-9.4.51.v20230217; built: 2023-02-17T08:19:37.309Z; git: b45c405e4544384de066f814ed42ae3dceacdd49; jvm 1.8.0_362-b09
2023-05-23 10:25:10,027 [Listener at 127.0.0.1/15052] INFO  server.session (DefaultSessionIdManager.java:doStart(334)) - DefaultSessionIdManager workerName=node0
2023-05-23 10:25:10,027 [Listener at 127.0.0.1/15052] INFO  server.session (DefaultSessionIdManager.java:doStart(339)) - No SessionScavenger set, using defaults
2023-05-23 10:25:10,027 [Listener at 127.0.0.1/15052] INFO  server.session (HouseKeeper.java:startScavenging(132)) - node0 Scavenging every 600000ms
2023-05-23 10:25:10,028 [Listener at 127.0.0.1/15052] INFO  handler.ContextHandler (ContextHandler.java:doStart(921)) - Started o.e.j.s.ServletContextHandler@62e5b470{logs,/logs,file:///home/runner/work/ozone/ozone/hadoop-ozone/integration-test/target/log,AVAILABLE}
2023-05-23 10:25:10,029 [Listener at 127.0.0.1/15052] INFO  handler.ContextHandler (ContextHandler.java:doStart(921)) - Started o.e.j.s.ServletContextHandler@2695a7d5{static,/static,jar:file:/home/runner/.m2/repository/org/apache/ozone/hdds-container-service/1.4.0-SNAPSHOT/hdds-container-service-1.4.0-SNAPSHOT.jar!/webapps/static,AVAILABLE}
2023-05-23 10:25:10,254 [Listener at 127.0.0.1/15052] INFO  handler.ContextHandler (ContextHandler.java:doStart(921)) - Started o.e.j.w.WebAppContext@3edbcf02{hddsDatanode,/,file:///home/runner/work/ozone/ozone/hadoop-ozone/integration-test/target/test-dir/MiniOzoneClusterImpl-ce972063-568b-4811-bfe7-9c87601498a3/datanode-1/meta/webserver/jetty-0_0_0_0-15065-hdds-container-service-1_4_0-SNAPSHOT_jar-_-any-8448896720562638352/webapp/,AVAILABLE}{jar:file:/home/runner/.m2/repository/org/apache/ozone/hdds-container-service/1.4.0-SNAPSHOT/hdds-container-service-1.4.0-SNAPSHOT.jar!/webapps/hddsDatanode}
2023-05-23 10:25:10,255 [Listener at 127.0.0.1/15052] INFO  server.AbstractConnector (AbstractConnector.java:doStart(333)) - Started ServerConnector@7954369b{HTTP/1.1, (http/1.1)}{0.0.0.0:15065}
2023-05-23 10:25:10,256 [Listener at 127.0.0.1/15052] INFO  server.Server (Server.java:doStart(415)) - Started @43307ms
2023-05-23 10:25:10,256 [Listener at 127.0.0.1/15052] WARN  impl.MetricsSystemImpl (MetricsSystemImpl.java:register(279)) - Sink prometheus already exists!
2023-05-23 10:25:10,256 [Listener at 127.0.0.1/15052] INFO  http.BaseHttpServer (BaseHttpServer.java:updateConnectorAddress(344)) - HTTP server of hddsDatanode listening at http://0.0.0.0:15065
2023-05-23 10:25:10,261 [Listener at 127.0.0.1/15052] WARN  impl.MetricRegistriesImpl (MetricRegistriesImpl.java:addReporterRegistration(111)) - New reporters are added after registries were created. Some metrics will be missing from the reporter. Please add reporter before adding any new registry.
2023-05-23 10:25:10,261 [Listener at 127.0.0.1/15052] WARN  impl.MetricRegistriesImpl (MetricRegistriesImpl.java:addReporterRegistration(111)) - New reporters are added after registries were created. Some metrics will be missing from the reporter. Please add reporter before adding any new registry.
2023-05-23 10:25:10,261 [Listener at 127.0.0.1/15052] INFO  impl.MetricsSystemImpl (MetricsSystemImpl.java:init(158)) - HddsDatanode metrics system started (again)
2023-05-23 10:25:10,264 [Datanode State Machine Daemon Thread] INFO  statemachine.DatanodeStateMachine (DatanodeStateMachine.java:lambda$startDaemon$0(524)) - Ozone container server started.
2023-05-23 10:25:10,287 [org.apache.hadoop.util.JvmPauseMonitor$Monitor@cb50500] INFO  util.JvmPauseMonitor (JvmPauseMonitor.java:run(188)) - Starting JVM pause monitor
2023-05-23 10:25:10,293 [Datanode State Machine Task Thread - 0] INFO  datanode.InitDatanodeState (InitDatanodeState.java:persistContainerDatanodeDetails(138)) - DatanodeDetails is persisted to /home/runner/work/ozone/ozone/hadoop-ozone/integration-test/target/test-dir/MiniOzoneClusterImpl-ce972063-568b-4811-bfe7-9c87601498a3/datanode-1/meta/datanode.id
2023-05-23 10:25:10,302 [Listener at 127.0.0.1/15052] INFO  ozone.HddsDatanodeService (HddsDatanodeService.java:start(252)) - HddsDatanodeService host:fv-az1249-304 ip:10.1.0.38
2023-05-23 10:25:10,335 [ReplicationMonitor] INFO  replication.ReplicationManager (ReplicationManager.java:processAll(375)) - Replication Manager is not ready to run until 3000ms after safemode exit
2023-05-23 10:25:10,343 [Listener at 127.0.0.1/15052] INFO  upgrade.AbstractLayoutVersionManager (AbstractLayoutVersionManager.java:init(83)) - Initializing Layout version manager with metadata layout = WEBUI_PORTS_IN_DATANODEDETAILS (version = 6), software layout = WEBUI_PORTS_IN_DATANODEDETAILS (version = 6)
2023-05-23 10:25:10,344 [Listener at 127.0.0.1/15052] INFO  statemachine.DatanodeStateMachine (DatanodeStateMachine.java:getEndPointTaskThreadPoolSize(267)) - Datanode State Machine Task Thread Pool size 2
2023-05-23 10:25:10,347 [Listener at 127.0.0.1/15052] INFO  volume.HddsVolume (HddsVolume.java:<init>(130)) - Creating HddsVolume: /home/runner/work/ozone/ozone/hadoop-ozone/integration-test/target/test-dir/MiniOzoneClusterImpl-ce972063-568b-4811-bfe7-9c87601498a3/datanode-2/data-0/containers/hdds of storage type : DISK capacity : 9223372036854775807
2023-05-23 10:25:10,347 [Listener at 127.0.0.1/15052] INFO  volume.MutableVolumeSet (MutableVolumeSet.java:initializeVolumeSet(175)) - Added Volume : /home/runner/work/ozone/ozone/hadoop-ozone/integration-test/target/test-dir/MiniOzoneClusterImpl-ce972063-568b-4811-bfe7-9c87601498a3/datanode-2/data-0/containers/hdds to VolumeSet
2023-05-23 10:25:10,347 [Listener at 127.0.0.1/15052] INFO  volume.ThrottledAsyncChecker (ThrottledAsyncChecker.java:schedule(141)) - Scheduling a check for /home/runner/work/ozone/ozone/hadoop-ozone/integration-test/target/test-dir/MiniOzoneClusterImpl-ce972063-568b-4811-bfe7-9c87601498a3/datanode-2/data-0/containers/hdds
2023-05-23 10:25:10,351 [Listener at 127.0.0.1/15052] INFO  volume.StorageVolumeChecker (StorageVolumeChecker.java:checkAllVolumes(202)) - Scheduled health check for volume /home/runner/work/ozone/ozone/hadoop-ozone/integration-test/target/test-dir/MiniOzoneClusterImpl-ce972063-568b-4811-bfe7-9c87601498a3/datanode-2/data-0/containers/hdds
2023-05-23 10:25:10,367 [Listener at 127.0.0.1/15052] INFO  volume.MutableVolumeSet (MutableVolumeSet.java:initializeVolumeSet(175)) - Added Volume : /home/runner/work/ozone/ozone/hadoop-ozone/integration-test/target/test-dir/MiniOzoneClusterImpl-ce972063-568b-4811-bfe7-9c87601498a3/datanode-2/data/ratis to VolumeSet
2023-05-23 10:25:10,368 [Listener at 127.0.0.1/15052] INFO  volume.ThrottledAsyncChecker (ThrottledAsyncChecker.java:schedule(141)) - Scheduling a check for /home/runner/work/ozone/ozone/hadoop-ozone/integration-test/target/test-dir/MiniOzoneClusterImpl-ce972063-568b-4811-bfe7-9c87601498a3/datanode-2/data/ratis
2023-05-23 10:25:10,368 [Listener at 127.0.0.1/15052] INFO  volume.StorageVolumeChecker (StorageVolumeChecker.java:checkAllVolumes(202)) - Scheduled health check for volume /home/runner/work/ozone/ozone/hadoop-ozone/integration-test/target/test-dir/MiniOzoneClusterImpl-ce972063-568b-4811-bfe7-9c87601498a3/datanode-2/data/ratis
2023-05-23 10:25:10,381 [Thread-740] INFO  ozoneimpl.ContainerReader (ContainerReader.java:readVolume(175)) - Finish verifying containers on volume /home/runner/work/ozone/ozone/hadoop-ozone/integration-test/target/test-dir/MiniOzoneClusterImpl-ce972063-568b-4811-bfe7-9c87601498a3/datanode-2/data-0/containers/hdds
2023-05-23 10:25:10,381 [Listener at 127.0.0.1/15052] INFO  ozoneimpl.OzoneContainer (OzoneContainer.java:buildContainerSet(303)) - Build ContainerSet costs 0s
2023-05-23 10:25:10,384 [Listener at 127.0.0.1/15052] INFO  server.RaftServer (ConfUtils.java:logGet(46)) - raft.rpc.type = GRPC (default)
2023-05-23 10:25:10,384 [Listener at 127.0.0.1/15052] INFO  grpc.GrpcConfigKeys (ConfUtils.java:logFallback(53)) - raft.grpc.admin.host = null (fallback to raft.grpc.server.host)
2023-05-23 10:25:10,384 [Listener at 127.0.0.1/15052] INFO  grpc.GrpcConfigKeys (ConfUtils.java:logGet(46)) - raft.grpc.admin.port = 15076 (custom)
2023-05-23 10:25:10,384 [Listener at 127.0.0.1/15052] INFO  grpc.GrpcConfigKeys (ConfUtils.java:logFallback(53)) - raft.grpc.client.host = null (fallback to raft.grpc.server.host)
2023-05-23 10:25:10,385 [Listener at 127.0.0.1/15052] INFO  grpc.GrpcConfigKeys (ConfUtils.java:logGet(46)) - raft.grpc.client.port = 15075 (custom)
2023-05-23 10:25:10,385 [Listener at 127.0.0.1/15052] INFO  grpc.GrpcConfigKeys (ConfUtils.java:logGet(46)) - raft.grpc.server.host = null (default)
2023-05-23 10:25:10,385 [Listener at 127.0.0.1/15052] INFO  grpc.GrpcConfigKeys (ConfUtils.java:logGet(46)) - raft.grpc.server.port = 15077 (custom)
2023-05-23 10:25:10,385 [Listener at 127.0.0.1/15052] INFO  server.GrpcService (ConfUtils.java:logGet(46)) - raft.grpc.message.size.max = 32MB (=33554432) (custom)
2023-05-23 10:25:10,385 [Listener at 127.0.0.1/15052] INFO  server.RaftServerConfigKeys (ConfUtils.java:logGet(46)) - raft.server.log.appender.buffer.byte-limit = 33554432 (custom)
2023-05-23 10:25:10,385 [Listener at 127.0.0.1/15052] INFO  server.GrpcService (ConfUtils.java:logGet(46)) - raft.grpc.flow.control.window = 5MB (=5242880) (custom)
2023-05-23 10:25:10,385 [Listener at 127.0.0.1/15052] INFO  server.RaftServerConfigKeys (ConfUtils.java:logGet(46)) - raft.server.rpc.request.timeout = 60s (custom)
2023-05-23 10:25:10,385 [Listener at 127.0.0.1/15052] INFO  grpc.GrpcConfigKeys (ConfUtils.java:logGet(46)) - raft.grpc.server.heartbeat.channel = true (default)
2023-05-23 10:25:10,385 [Listener at 127.0.0.1/15052] INFO  grpc.GrpcConfigKeys (ConfUtils.java:logGet(46)) - raft.grpc.server.async.request.thread.pool.cached = true (default)
2023-05-23 10:25:10,385 [Listener at 127.0.0.1/15052] INFO  grpc.GrpcConfigKeys (ConfUtils.java:logGet(46)) - raft.grpc.server.async.request.thread.pool.size = 32 (default)
2023-05-23 10:25:10,388 [Listener at 127.0.0.1/15052] INFO  impl.DataStreamServerImpl (ConfUtils.java:logGet(46)) - raft.datastream.type = NETTY (custom)
2023-05-23 10:25:10,388 [Listener at 127.0.0.1/15052] INFO  server.RaftServerConfigKeys (ConfUtils.java:logGet(46)) - raft.server.data-stream.async.request.thread.pool.cached = false (default)
2023-05-23 10:25:10,388 [Listener at 127.0.0.1/15052] INFO  server.RaftServerConfigKeys (ConfUtils.java:logGet(46)) - raft.server.data-stream.async.request.thread.pool.size = 20 (custom)
2023-05-23 10:25:10,388 [Listener at 127.0.0.1/15052] INFO  server.RaftServerConfigKeys (ConfUtils.java:logGet(46)) - raft.server.data-stream.async.write.thread.pool.size = 16 (default)
2023-05-23 10:25:10,388 [Listener at 127.0.0.1/15052] INFO  server.RaftServerConfigKeys (ConfUtils.java:logGet(46)) - raft.server.data-stream.client.pool.size = 10 (default)
2023-05-23 10:25:10,389 [Listener at 127.0.0.1/15052] INFO  netty.NettyConfigKeys$DataStream (ConfUtils.java:logGet(46)) - raft.netty.dataStream.server.use-epoll = false (default)
2023-05-23 10:25:10,389 [Listener at 127.0.0.1/15052] INFO  netty.NettyConfigKeys$DataStream (ConfUtils.java:logGet(46)) - raft.netty.dataStream.server.boss-group.size = 0 (default)
2023-05-23 10:25:10,389 [Listener at 127.0.0.1/15052] INFO  netty.NettyConfigKeys$DataStream (ConfUtils.java:logGet(46)) - raft.netty.dataStream.server.worker-group.size = 0 (default)
2023-05-23 10:25:10,389 [Listener at 127.0.0.1/15052] INFO  netty.NettyConfigKeys$DataStream (ConfUtils.java:logGet(46)) - raft.netty.dataStream.server.tls.conf = null (default)
2023-05-23 10:25:10,390 [Listener at 127.0.0.1/15052] INFO  netty.NettyConfigKeys$DataStream (ConfUtils.java:logGet(46)) - raft.netty.dataStream.host = null (default)
2023-05-23 10:25:10,390 [Listener at 127.0.0.1/15052] INFO  netty.NettyConfigKeys$DataStream (ConfUtils.java:logGet(46)) - raft.netty.dataStream.port = 15078 (custom)
2023-05-23 10:25:10,390 [Listener at 127.0.0.1/15052] INFO  server.RaftServerConfigKeys (ConfUtils.java:logGet(46)) - raft.server.threadpool.proxy.cached = true (default)
2023-05-23 10:25:10,390 [Listener at 127.0.0.1/15052] INFO  server.RaftServerConfigKeys (ConfUtils.java:logGet(46)) - raft.server.threadpool.proxy.size = 0 (default)
2023-05-23 10:25:10,390 [Listener at 127.0.0.1/15052] INFO  server.RaftServerConfigKeys (ConfUtils.java:logGet(46)) - raft.server.rpc.slowness.timeout = 300s (custom)
2023-05-23 10:25:10,390 [e9bacc8e-add2-470d-91e3-29c7cfa3c1f4-NettyServerStreamRpc-bossGroup--thread1] INFO  logging.LoggingHandler (AbstractInternalLogger.java:log(148)) - [id: 0xff24f6be] REGISTERED
2023-05-23 10:25:10,390 [Listener at 127.0.0.1/15052] INFO  server.RaftServerConfigKeys (ConfUtils.java:logGet(46)) - raft.server.leaderelection.leader.step-down.wait-time = 10s (default)
2023-05-23 10:25:10,390 [e9bacc8e-add2-470d-91e3-29c7cfa3c1f4-NettyServerStreamRpc-bossGroup--thread1] INFO  logging.LoggingHandler (AbstractInternalLogger.java:log(148)) - [id: 0xff24f6be] BIND: 0.0.0.0/0.0.0.0:15078
2023-05-23 10:25:10,391 [Listener at 127.0.0.1/15052] INFO  server.RaftServerConfigKeys (ConfUtils.java:logGet(46)) - raft.server.storage.dir = [/home/runner/work/ozone/ozone/hadoop-ozone/integration-test/target/test-dir/MiniOzoneClusterImpl-ce972063-568b-4811-bfe7-9c87601498a3/datanode-2/data/ratis] (custom)
2023-05-23 10:25:10,391 [e9bacc8e-add2-470d-91e3-29c7cfa3c1f4-NettyServerStreamRpc-bossGroup--thread1] INFO  logging.LoggingHandler (AbstractInternalLogger.java:log(148)) - [id: 0xff24f6be, L:/0:0:0:0:0:0:0:0:15078] ACTIVE
2023-05-23 10:25:10,392 [Listener at 127.0.0.1/15052] INFO  server.XceiverServerGrpc (XceiverServerGrpc.java:<init>(132)) - GrpcServer channel type EpollServerSocketChannel
2023-05-23 10:25:10,394 [Listener at 127.0.0.1/15052] INFO  replication.ReplicationSupervisor (ReplicationSupervisor.java:nodeStateUpdated(296)) - Node state updated to IN_SERVICE, scaling executor pool size to 10
2023-05-23 10:25:10,396 [Listener at 127.0.0.1/15052] INFO  http.BaseHttpServer (BaseHttpServer.java:newHttpServer2BuilderForOzone(224)) - Starting Web-server for hddsDatanode at: http://0.0.0.0:15073
2023-05-23 10:25:10,396 [Listener at 127.0.0.1/15052] INFO  http.BaseHttpServer (BaseHttpServer.java:<init>(111)) - Hadoop Security Enabled: false Ozone Security Enabled: false Ozone HTTP Security Enabled: false 
2023-05-23 10:25:10,397 [Listener at 127.0.0.1/15052] WARN  server.AuthenticationFilter (AuthenticationFilter.java:constructSecretProvider(240)) - Unable to initialize FileSignerSecretProvider, falling back to use random secrets. Reason: Could not read signature secret file: /home/runner/hadoop-http-auth-signature-secret
2023-05-23 10:25:10,397 [Listener at 127.0.0.1/15052] INFO  http.HttpRequestLog (HttpRequestLog.java:getRequestLog(86)) - Http request log for http.requests.hddsDatanode is not defined
2023-05-23 10:25:10,399 [Listener at 127.0.0.1/15052] INFO  http.HttpServer2 (HttpServer2.java:addGlobalFilter(1031)) - Added global filter 'safety' (class=org.apache.hadoop.hdds.server.http.HttpServer2$QuotingInputFilter)
2023-05-23 10:25:10,399 [Listener at 127.0.0.1/15052] INFO  http.HttpServer2 (HttpServer2.java:addFilter(1007)) - Added filter static_user_filter (class=org.apache.hadoop.http.lib.StaticUserWebFilter$StaticUserFilter) to context hddsDatanode
2023-05-23 10:25:10,399 [Listener at 127.0.0.1/15052] INFO  http.HttpServer2 (HttpServer2.java:addFilter(1015)) - Added filter static_user_filter (class=org.apache.hadoop.http.lib.StaticUserWebFilter$StaticUserFilter) to context static
2023-05-23 10:25:10,399 [Listener at 127.0.0.1/15052] INFO  http.HttpServer2 (HttpServer2.java:addFilter(1015)) - Added filter static_user_filter (class=org.apache.hadoop.http.lib.StaticUserWebFilter$StaticUserFilter) to context logs
2023-05-23 10:25:10,400 [Listener at 127.0.0.1/15052] INFO  http.BaseHttpServer (BaseHttpServer.java:<init>(190)) - HTTP server of hddsDatanode uses base directory /home/runner/work/ozone/ozone/hadoop-ozone/integration-test/target/test-dir/MiniOzoneClusterImpl-ce972063-568b-4811-bfe7-9c87601498a3/datanode-2/meta/webserver
2023-05-23 10:25:10,400 [Listener at 127.0.0.1/15052] INFO  http.HttpServer2 (HttpServer2.java:bindListener(1250)) - Jetty bound to port 15073
2023-05-23 10:25:10,400 [Listener at 127.0.0.1/15052] INFO  server.Server (Server.java:doStart(375)) - jetty-9.4.51.v20230217; built: 2023-02-17T08:19:37.309Z; git: b45c405e4544384de066f814ed42ae3dceacdd49; jvm 1.8.0_362-b09
2023-05-23 10:25:10,404 [Listener at 127.0.0.1/15052] INFO  server.session (DefaultSessionIdManager.java:doStart(334)) - DefaultSessionIdManager workerName=node0
2023-05-23 10:25:10,404 [Listener at 127.0.0.1/15052] INFO  server.session (DefaultSessionIdManager.java:doStart(339)) - No SessionScavenger set, using defaults
2023-05-23 10:25:10,404 [Listener at 127.0.0.1/15052] INFO  server.session (HouseKeeper.java:startScavenging(132)) - node0 Scavenging every 660000ms
2023-05-23 10:25:10,405 [Listener at 127.0.0.1/15052] INFO  handler.ContextHandler (ContextHandler.java:doStart(921)) - Started o.e.j.s.ServletContextHandler@5661ae8f{logs,/logs,file:///home/runner/work/ozone/ozone/hadoop-ozone/integration-test/target/log,AVAILABLE}
2023-05-23 10:25:10,405 [Listener at 127.0.0.1/15052] INFO  handler.ContextHandler (ContextHandler.java:doStart(921)) - Started o.e.j.s.ServletContextHandler@31625844{static,/static,jar:file:/home/runner/.m2/repository/org/apache/ozone/hdds-container-service/1.4.0-SNAPSHOT/hdds-container-service-1.4.0-SNAPSHOT.jar!/webapps/static,AVAILABLE}
2023-05-23 10:25:10,580 [om1@group-C5BA1605619E-FollowerState] INFO  impl.FollowerState (FollowerState.java:run(143)) - om1@group-C5BA1605619E-FollowerState: change to CANDIDATE, lastRpcElapsedTime:1044748017ns, electionTimeout:1044ms
2023-05-23 10:25:10,580 [om1@group-C5BA1605619E-FollowerState] INFO  impl.RoleInfo (RoleInfo.java:shutdownFollowerState(110)) - om1: shutdown om1@group-C5BA1605619E-FollowerState
2023-05-23 10:25:10,580 [om1@group-C5BA1605619E-FollowerState] INFO  server.RaftServer$Division (RaftServerImpl.java:setRole(329)) - om1@group-C5BA1605619E: changes role from  FOLLOWER to CANDIDATE at term 0 for changeToCandidate
2023-05-23 10:25:10,580 [om1@group-C5BA1605619E-FollowerState] INFO  server.RaftServerConfigKeys (ConfUtils.java:logGet(46)) - raft.server.leaderelection.pre-vote = true (default)
2023-05-23 10:25:10,580 [om1@group-C5BA1605619E-FollowerState] INFO  impl.RoleInfo (RoleInfo.java:updateAndGet(139)) - om1: start om1@group-C5BA1605619E-LeaderElection11
2023-05-23 10:25:10,582 [om1@group-C5BA1605619E-LeaderElection11] INFO  impl.LeaderElection (LeaderElection.java:askForVotes(321)) - om1@group-C5BA1605619E-LeaderElection11 PRE_VOTE round 0: submit vote requests at term 0 for -1: peers:[om1|rpc:localhost:15055|priority:0|startupRole:FOLLOWER]|listeners:[], old=null
2023-05-23 10:25:10,582 [om1@group-C5BA1605619E-LeaderElection11] INFO  impl.LeaderElection (LeaderElection.java:askForVotes(323)) - om1@group-C5BA1605619E-LeaderElection11 PRE_VOTE round 0: result PASSED (term=0)
2023-05-23 10:25:10,585 [om1@group-C5BA1605619E-LeaderElection11] INFO  impl.LeaderElection (LeaderElection.java:askForVotes(321)) - om1@group-C5BA1605619E-LeaderElection11 ELECTION round 0: submit vote requests at term 1 for -1: peers:[om1|rpc:localhost:15055|priority:0|startupRole:FOLLOWER]|listeners:[], old=null
2023-05-23 10:25:10,585 [om1@group-C5BA1605619E-LeaderElection11] INFO  impl.LeaderElection (LeaderElection.java:askForVotes(323)) - om1@group-C5BA1605619E-LeaderElection11 ELECTION round 0: result PASSED (term=1)
2023-05-23 10:25:10,585 [om1@group-C5BA1605619E-LeaderElection11] INFO  impl.RoleInfo (RoleInfo.java:shutdownLeaderElection(130)) - om1: shutdown om1@group-C5BA1605619E-LeaderElection11
2023-05-23 10:25:10,585 [om1@group-C5BA1605619E-LeaderElection11] INFO  server.RaftServer$Division (RaftServerImpl.java:setRole(329)) - om1@group-C5BA1605619E: changes role from CANDIDATE to LEADER at term 1 for changeToLeader
2023-05-23 10:25:10,585 [om1@group-C5BA1605619E-LeaderElection11] INFO  server.RaftServer$Division (ServerState.java:setLeader(317)) - om1@group-C5BA1605619E: change Leader from null to om1 at term 1 for becomeLeader, leader elected after 1753ms
2023-05-23 10:25:10,585 [om1@group-C5BA1605619E-LeaderElection11] INFO  server.RaftServerConfigKeys (ConfUtils.java:logGet(46)) - raft.server.staging.catchup.gap = 1000 (default)
2023-05-23 10:25:10,585 [om1@group-C5BA1605619E-LeaderElection11] INFO  server.RaftServerConfigKeys (ConfUtils.java:logGet(46)) - raft.server.write.element-limit = 4096 (default)
2023-05-23 10:25:10,586 [om1@group-C5BA1605619E-LeaderElection11] INFO  server.RaftServerConfigKeys (ConfUtils.java:logGet(46)) - raft.server.write.byte-limit = 64MB (=67108864) (default)
2023-05-23 10:25:10,586 [om1@group-C5BA1605619E-LeaderElection11] INFO  server.RaftServerConfigKeys (ConfUtils.java:logGet(46)) - raft.server.watch.timeout = 10s (default)
2023-05-23 10:25:10,586 [om1@group-C5BA1605619E-LeaderElection11] INFO  server.RaftServerConfigKeys (ConfUtils.java:logGet(46)) - raft.server.watch.timeout.denomination = 1s (default)
2023-05-23 10:25:10,586 [om1@group-C5BA1605619E-LeaderElection11] INFO  server.RaftServerConfigKeys (ConfUtils.java:logGet(46)) - raft.server.watch.element-limit = 65536 (default)
2023-05-23 10:25:10,586 [om1@group-C5BA1605619E-LeaderElection11] INFO  server.RaftServerConfigKeys (ConfUtils.java:logGet(46)) - raft.server.write.element-limit = 4096 (default)
2023-05-23 10:25:10,586 [om1@group-C5BA1605619E-LeaderElection11] INFO  server.RaftServerConfigKeys (ConfUtils.java:logGet(46)) - raft.server.write.follower.gap.ratio.max = -1.0 (default)
2023-05-23 10:25:10,586 [om1@group-C5BA1605619E-LeaderElection11] INFO  impl.RoleInfo (RoleInfo.java:updateAndGet(139)) - om1: start om1@group-C5BA1605619E-LeaderStateImpl
2023-05-23 10:25:10,586 [om1@group-C5BA1605619E-LeaderElection11] INFO  segmented.SegmentedRaftLogWorker (SegmentedRaftLogWorker.java:startLogSegment(447)) - om1@group-C5BA1605619E-SegmentedRaftLogWorker: Starting segment from index:0
2023-05-23 10:25:10,592 [om1@group-C5BA1605619E-LeaderElection11] INFO  server.RaftServer$Division (ServerState.java:setRaftConf(434)) - om1@group-C5BA1605619E: set configuration 0: peers:[om1|rpc:localhost:15055|admin:|client:|dataStream:|priority:0|startupRole:FOLLOWER]|listeners:[], old=null
2023-05-23 10:25:10,599 [om1@group-C5BA1605619E-SegmentedRaftLogWorker] INFO  segmented.SegmentedRaftLogWorker (SegmentedRaftLogWorker.java:execute(651)) - om1@group-C5BA1605619E-SegmentedRaftLogWorker: created new log segment /home/runner/work/ozone/ozone/hadoop-ozone/integration-test/target/test-dir/MiniOzoneClusterImpl-ce972063-568b-4811-bfe7-9c87601498a3/ozone-meta/ratis/bf265839-605b-3f16-9796-c5ba1605619e/current/log_inprogress_0
2023-05-23 10:25:10,602 [om1@group-C5BA1605619E-StateMachineUpdater] INFO  ratis.OzoneManagerStateMachine (OzoneManagerStateMachine.java:notifyConfigurationChanged(201)) - Received Configuration change notification from Ratis. New Peer list:
[id: "om1"
address: "localhost:15055"
startupRole: FOLLOWER
]
2023-05-23 10:25:10,639 [Listener at 127.0.0.1/15052] INFO  handler.ContextHandler (ContextHandler.java:doStart(921)) - Started o.e.j.w.WebAppContext@2414588f{hddsDatanode,/,file:///home/runner/work/ozone/ozone/hadoop-ozone/integration-test/target/test-dir/MiniOzoneClusterImpl-ce972063-568b-4811-bfe7-9c87601498a3/datanode-2/meta/webserver/jetty-0_0_0_0-15073-hdds-container-service-1_4_0-SNAPSHOT_jar-_-any-948761344502055979/webapp/,AVAILABLE}{jar:file:/home/runner/.m2/repository/org/apache/ozone/hdds-container-service/1.4.0-SNAPSHOT/hdds-container-service-1.4.0-SNAPSHOT.jar!/webapps/hddsDatanode}
2023-05-23 10:25:10,641 [Listener at 127.0.0.1/15052] INFO  server.AbstractConnector (AbstractConnector.java:doStart(333)) - Started ServerConnector@5dde25eb{HTTP/1.1, (http/1.1)}{0.0.0.0:15073}
2023-05-23 10:25:10,641 [Listener at 127.0.0.1/15052] INFO  server.Server (Server.java:doStart(415)) - Started @43693ms
2023-05-23 10:25:10,641 [Listener at 127.0.0.1/15052] WARN  impl.MetricsSystemImpl (MetricsSystemImpl.java:register(279)) - Sink prometheus already exists!
2023-05-23 10:25:10,642 [Listener at 127.0.0.1/15052] INFO  http.BaseHttpServer (BaseHttpServer.java:updateConnectorAddress(344)) - HTTP server of hddsDatanode listening at http://0.0.0.0:15073
2023-05-23 10:25:10,642 [Datanode State Machine Daemon Thread] INFO  statemachine.DatanodeStateMachine (DatanodeStateMachine.java:lambda$startDaemon$0(524)) - Ozone container server started.
2023-05-23 10:25:10,644 [Listener at 127.0.0.1/15052] WARN  impl.MetricRegistriesImpl (MetricRegistriesImpl.java:addReporterRegistration(111)) - New reporters are added after registries were created. Some metrics will be missing from the reporter. Please add reporter before adding any new registry.
2023-05-23 10:25:10,644 [Listener at 127.0.0.1/15052] WARN  impl.MetricRegistriesImpl (MetricRegistriesImpl.java:addReporterRegistration(111)) - New reporters are added after registries were created. Some metrics will be missing from the reporter. Please add reporter before adding any new registry.
2023-05-23 10:25:10,645 [Listener at 127.0.0.1/15052] INFO  impl.MetricsSystemImpl (MetricsSystemImpl.java:init(158)) - HddsDatanode metrics system started (again)
2023-05-23 10:25:10,656 [org.apache.hadoop.util.JvmPauseMonitor$Monitor@12e589] INFO  util.JvmPauseMonitor (JvmPauseMonitor.java:run(188)) - Starting JVM pause monitor
2023-05-23 10:25:10,657 [Datanode State Machine Task Thread - 0] INFO  datanode.InitDatanodeState (InitDatanodeState.java:persistContainerDatanodeDetails(138)) - DatanodeDetails is persisted to /home/runner/work/ozone/ozone/hadoop-ozone/integration-test/target/test-dir/MiniOzoneClusterImpl-ce972063-568b-4811-bfe7-9c87601498a3/datanode-2/meta/datanode.id
2023-05-23 10:25:10,661 [Listener at 127.0.0.1/15052] INFO  ozone.HddsDatanodeService (HddsDatanodeService.java:start(252)) - HddsDatanodeService host:fv-az1249-304 ip:10.1.0.38
2023-05-23 10:25:10,687 [Listener at 127.0.0.1/15052] INFO  upgrade.AbstractLayoutVersionManager (AbstractLayoutVersionManager.java:init(83)) - Initializing Layout version manager with metadata layout = WEBUI_PORTS_IN_DATANODEDETAILS (version = 6), software layout = WEBUI_PORTS_IN_DATANODEDETAILS (version = 6)
2023-05-23 10:25:10,688 [Listener at 127.0.0.1/15052] INFO  statemachine.DatanodeStateMachine (DatanodeStateMachine.java:getEndPointTaskThreadPoolSize(267)) - Datanode State Machine Task Thread Pool size 2
2023-05-23 10:25:10,693 [Listener at 127.0.0.1/15052] INFO  volume.HddsVolume (HddsVolume.java:<init>(130)) - Creating HddsVolume: /home/runner/work/ozone/ozone/hadoop-ozone/integration-test/target/test-dir/MiniOzoneClusterImpl-ce972063-568b-4811-bfe7-9c87601498a3/datanode-3/data-0/containers/hdds of storage type : DISK capacity : 9223372036854775807
2023-05-23 10:25:10,693 [Listener at 127.0.0.1/15052] INFO  volume.MutableVolumeSet (MutableVolumeSet.java:initializeVolumeSet(175)) - Added Volume : /home/runner/work/ozone/ozone/hadoop-ozone/integration-test/target/test-dir/MiniOzoneClusterImpl-ce972063-568b-4811-bfe7-9c87601498a3/datanode-3/data-0/containers/hdds to VolumeSet
2023-05-23 10:25:10,693 [Listener at 127.0.0.1/15052] INFO  volume.ThrottledAsyncChecker (ThrottledAsyncChecker.java:schedule(141)) - Scheduling a check for /home/runner/work/ozone/ozone/hadoop-ozone/integration-test/target/test-dir/MiniOzoneClusterImpl-ce972063-568b-4811-bfe7-9c87601498a3/datanode-3/data-0/containers/hdds
2023-05-23 10:25:10,694 [Listener at 127.0.0.1/15052] INFO  volume.StorageVolumeChecker (StorageVolumeChecker.java:checkAllVolumes(202)) - Scheduled health check for volume /home/runner/work/ozone/ozone/hadoop-ozone/integration-test/target/test-dir/MiniOzoneClusterImpl-ce972063-568b-4811-bfe7-9c87601498a3/datanode-3/data-0/containers/hdds
2023-05-23 10:25:10,710 [Listener at 127.0.0.1/15052] INFO  volume.MutableVolumeSet (MutableVolumeSet.java:initializeVolumeSet(175)) - Added Volume : /home/runner/work/ozone/ozone/hadoop-ozone/integration-test/target/test-dir/MiniOzoneClusterImpl-ce972063-568b-4811-bfe7-9c87601498a3/datanode-3/data/ratis to VolumeSet
2023-05-23 10:25:10,710 [Listener at 127.0.0.1/15052] INFO  volume.ThrottledAsyncChecker (ThrottledAsyncChecker.java:schedule(141)) - Scheduling a check for /home/runner/work/ozone/ozone/hadoop-ozone/integration-test/target/test-dir/MiniOzoneClusterImpl-ce972063-568b-4811-bfe7-9c87601498a3/datanode-3/data/ratis
2023-05-23 10:25:10,710 [Listener at 127.0.0.1/15052] INFO  volume.StorageVolumeChecker (StorageVolumeChecker.java:checkAllVolumes(202)) - Scheduled health check for volume /home/runner/work/ozone/ozone/hadoop-ozone/integration-test/target/test-dir/MiniOzoneClusterImpl-ce972063-568b-4811-bfe7-9c87601498a3/datanode-3/data/ratis
2023-05-23 10:25:10,726 [Thread-756] INFO  ozoneimpl.ContainerReader (ContainerReader.java:readVolume(175)) - Finish verifying containers on volume /home/runner/work/ozone/ozone/hadoop-ozone/integration-test/target/test-dir/MiniOzoneClusterImpl-ce972063-568b-4811-bfe7-9c87601498a3/datanode-3/data-0/containers/hdds
2023-05-23 10:25:10,726 [Listener at 127.0.0.1/15052] INFO  ozoneimpl.OzoneContainer (OzoneContainer.java:buildContainerSet(303)) - Build ContainerSet costs 0s
2023-05-23 10:25:10,728 [Listener at 127.0.0.1/15052] INFO  server.RaftServer (ConfUtils.java:logGet(46)) - raft.rpc.type = GRPC (default)
2023-05-23 10:25:10,729 [Listener at 127.0.0.1/15052] INFO  grpc.GrpcConfigKeys (ConfUtils.java:logFallback(53)) - raft.grpc.admin.host = null (fallback to raft.grpc.server.host)
2023-05-23 10:25:10,729 [Listener at 127.0.0.1/15052] INFO  grpc.GrpcConfigKeys (ConfUtils.java:logGet(46)) - raft.grpc.admin.port = 15084 (custom)
2023-05-23 10:25:10,729 [Listener at 127.0.0.1/15052] INFO  grpc.GrpcConfigKeys (ConfUtils.java:logFallback(53)) - raft.grpc.client.host = null (fallback to raft.grpc.server.host)
2023-05-23 10:25:10,729 [Listener at 127.0.0.1/15052] INFO  grpc.GrpcConfigKeys (ConfUtils.java:logGet(46)) - raft.grpc.client.port = 15083 (custom)
2023-05-23 10:25:10,729 [Listener at 127.0.0.1/15052] INFO  grpc.GrpcConfigKeys (ConfUtils.java:logGet(46)) - raft.grpc.server.host = null (default)
2023-05-23 10:25:10,730 [Listener at 127.0.0.1/15052] INFO  grpc.GrpcConfigKeys (ConfUtils.java:logGet(46)) - raft.grpc.server.port = 15085 (custom)
2023-05-23 10:25:10,730 [Listener at 127.0.0.1/15052] INFO  server.GrpcService (ConfUtils.java:logGet(46)) - raft.grpc.message.size.max = 32MB (=33554432) (custom)
2023-05-23 10:25:10,730 [Listener at 127.0.0.1/15052] INFO  server.RaftServerConfigKeys (ConfUtils.java:logGet(46)) - raft.server.log.appender.buffer.byte-limit = 33554432 (custom)
2023-05-23 10:25:10,730 [Listener at 127.0.0.1/15052] INFO  server.GrpcService (ConfUtils.java:logGet(46)) - raft.grpc.flow.control.window = 5MB (=5242880) (custom)
2023-05-23 10:25:10,730 [Listener at 127.0.0.1/15052] INFO  server.RaftServerConfigKeys (ConfUtils.java:logGet(46)) - raft.server.rpc.request.timeout = 60s (custom)
2023-05-23 10:25:10,730 [Listener at 127.0.0.1/15052] INFO  grpc.GrpcConfigKeys (ConfUtils.java:logGet(46)) - raft.grpc.server.heartbeat.channel = true (default)
2023-05-23 10:25:10,730 [Listener at 127.0.0.1/15052] INFO  grpc.GrpcConfigKeys (ConfUtils.java:logGet(46)) - raft.grpc.server.async.request.thread.pool.cached = true (default)
2023-05-23 10:25:10,730 [Listener at 127.0.0.1/15052] INFO  grpc.GrpcConfigKeys (ConfUtils.java:logGet(46)) - raft.grpc.server.async.request.thread.pool.size = 32 (default)
2023-05-23 10:25:10,733 [Listener at 127.0.0.1/15052] INFO  impl.DataStreamServerImpl (ConfUtils.java:logGet(46)) - raft.datastream.type = NETTY (custom)
2023-05-23 10:25:10,734 [Listener at 127.0.0.1/15052] INFO  server.RaftServerConfigKeys (ConfUtils.java:logGet(46)) - raft.server.data-stream.async.request.thread.pool.cached = false (default)
2023-05-23 10:25:10,734 [Listener at 127.0.0.1/15052] INFO  server.RaftServerConfigKeys (ConfUtils.java:logGet(46)) - raft.server.data-stream.async.request.thread.pool.size = 20 (custom)
2023-05-23 10:25:10,734 [Listener at 127.0.0.1/15052] INFO  server.RaftServerConfigKeys (ConfUtils.java:logGet(46)) - raft.server.data-stream.async.write.thread.pool.size = 16 (default)
2023-05-23 10:25:10,734 [Listener at 127.0.0.1/15052] INFO  server.RaftServerConfigKeys (ConfUtils.java:logGet(46)) - raft.server.data-stream.client.pool.size = 10 (default)
2023-05-23 10:25:10,734 [Listener at 127.0.0.1/15052] INFO  netty.NettyConfigKeys$DataStream (ConfUtils.java:logGet(46)) - raft.netty.dataStream.server.use-epoll = false (default)
2023-05-23 10:25:10,734 [Listener at 127.0.0.1/15052] INFO  netty.NettyConfigKeys$DataStream (ConfUtils.java:logGet(46)) - raft.netty.dataStream.server.boss-group.size = 0 (default)
2023-05-23 10:25:10,735 [Listener at 127.0.0.1/15052] INFO  netty.NettyConfigKeys$DataStream (ConfUtils.java:logGet(46)) - raft.netty.dataStream.server.worker-group.size = 0 (default)
2023-05-23 10:25:10,735 [Listener at 127.0.0.1/15052] INFO  netty.NettyConfigKeys$DataStream (ConfUtils.java:logGet(46)) - raft.netty.dataStream.server.tls.conf = null (default)
2023-05-23 10:25:10,735 [Listener at 127.0.0.1/15052] INFO  netty.NettyConfigKeys$DataStream (ConfUtils.java:logGet(46)) - raft.netty.dataStream.host = null (default)
2023-05-23 10:25:10,735 [Listener at 127.0.0.1/15052] INFO  netty.NettyConfigKeys$DataStream (ConfUtils.java:logGet(46)) - raft.netty.dataStream.port = 15086 (custom)
2023-05-23 10:25:10,736 [Listener at 127.0.0.1/15052] INFO  server.RaftServerConfigKeys (ConfUtils.java:logGet(46)) - raft.server.threadpool.proxy.cached = true (default)
2023-05-23 10:25:10,736 [Listener at 127.0.0.1/15052] INFO  server.RaftServerConfigKeys (ConfUtils.java:logGet(46)) - raft.server.threadpool.proxy.size = 0 (default)
2023-05-23 10:25:10,736 [Listener at 127.0.0.1/15052] INFO  server.RaftServerConfigKeys (ConfUtils.java:logGet(46)) - raft.server.rpc.slowness.timeout = 300s (custom)
2023-05-23 10:25:10,736 [Listener at 127.0.0.1/15052] INFO  server.RaftServerConfigKeys (ConfUtils.java:logGet(46)) - raft.server.leaderelection.leader.step-down.wait-time = 10s (default)
2023-05-23 10:25:10,736 [Listener at 127.0.0.1/15052] INFO  server.RaftServerConfigKeys (ConfUtils.java:logGet(46)) - raft.server.storage.dir = [/home/runner/work/ozone/ozone/hadoop-ozone/integration-test/target/test-dir/MiniOzoneClusterImpl-ce972063-568b-4811-bfe7-9c87601498a3/datanode-3/data/ratis] (custom)
2023-05-23 10:25:10,737 [8a3b9119-c4fd-47cf-b64f-64ecafe7357b-NettyServerStreamRpc-bossGroup--thread1] INFO  logging.LoggingHandler (AbstractInternalLogger.java:log(148)) - [id: 0xec102df3] REGISTERED
2023-05-23 10:25:10,737 [8a3b9119-c4fd-47cf-b64f-64ecafe7357b-NettyServerStreamRpc-bossGroup--thread1] INFO  logging.LoggingHandler (AbstractInternalLogger.java:log(148)) - [id: 0xec102df3] BIND: 0.0.0.0/0.0.0.0:15086
2023-05-23 10:25:10,737 [8a3b9119-c4fd-47cf-b64f-64ecafe7357b-NettyServerStreamRpc-bossGroup--thread1] INFO  logging.LoggingHandler (AbstractInternalLogger.java:log(148)) - [id: 0xec102df3, L:/0:0:0:0:0:0:0:0:15086] ACTIVE
2023-05-23 10:25:10,739 [Listener at 127.0.0.1/15052] INFO  server.XceiverServerGrpc (XceiverServerGrpc.java:<init>(132)) - GrpcServer channel type EpollServerSocketChannel
2023-05-23 10:25:10,740 [Listener at 127.0.0.1/15052] INFO  replication.ReplicationSupervisor (ReplicationSupervisor.java:nodeStateUpdated(296)) - Node state updated to IN_SERVICE, scaling executor pool size to 10
2023-05-23 10:25:10,742 [Listener at 127.0.0.1/15052] INFO  http.BaseHttpServer (BaseHttpServer.java:newHttpServer2BuilderForOzone(224)) - Starting Web-server for hddsDatanode at: http://0.0.0.0:15081
2023-05-23 10:25:10,742 [Listener at 127.0.0.1/15052] INFO  http.BaseHttpServer (BaseHttpServer.java:<init>(111)) - Hadoop Security Enabled: false Ozone Security Enabled: false Ozone HTTP Security Enabled: false 
2023-05-23 10:25:10,743 [Listener at 127.0.0.1/15052] WARN  server.AuthenticationFilter (AuthenticationFilter.java:constructSecretProvider(240)) - Unable to initialize FileSignerSecretProvider, falling back to use random secrets. Reason: Could not read signature secret file: /home/runner/hadoop-http-auth-signature-secret
2023-05-23 10:25:10,744 [Listener at 127.0.0.1/15052] INFO  http.HttpRequestLog (HttpRequestLog.java:getRequestLog(86)) - Http request log for http.requests.hddsDatanode is not defined
2023-05-23 10:25:10,745 [Listener at 127.0.0.1/15052] INFO  http.HttpServer2 (HttpServer2.java:addGlobalFilter(1031)) - Added global filter 'safety' (class=org.apache.hadoop.hdds.server.http.HttpServer2$QuotingInputFilter)
2023-05-23 10:25:10,746 [Listener at 127.0.0.1/15052] INFO  http.HttpServer2 (HttpServer2.java:addFilter(1007)) - Added filter static_user_filter (class=org.apache.hadoop.http.lib.StaticUserWebFilter$StaticUserFilter) to context hddsDatanode
2023-05-23 10:25:10,746 [Listener at 127.0.0.1/15052] INFO  http.HttpServer2 (HttpServer2.java:addFilter(1015)) - Added filter static_user_filter (class=org.apache.hadoop.http.lib.StaticUserWebFilter$StaticUserFilter) to context logs
2023-05-23 10:25:10,746 [Listener at 127.0.0.1/15052] INFO  http.HttpServer2 (HttpServer2.java:addFilter(1015)) - Added filter static_user_filter (class=org.apache.hadoop.http.lib.StaticUserWebFilter$StaticUserFilter) to context static
2023-05-23 10:25:10,747 [Listener at 127.0.0.1/15052] INFO  http.BaseHttpServer (BaseHttpServer.java:<init>(190)) - HTTP server of hddsDatanode uses base directory /home/runner/work/ozone/ozone/hadoop-ozone/integration-test/target/test-dir/MiniOzoneClusterImpl-ce972063-568b-4811-bfe7-9c87601498a3/datanode-3/meta/webserver
2023-05-23 10:25:10,747 [Listener at 127.0.0.1/15052] INFO  http.HttpServer2 (HttpServer2.java:bindListener(1250)) - Jetty bound to port 15081
2023-05-23 10:25:10,747 [Listener at 127.0.0.1/15052] INFO  server.Server (Server.java:doStart(375)) - jetty-9.4.51.v20230217; built: 2023-02-17T08:19:37.309Z; git: b45c405e4544384de066f814ed42ae3dceacdd49; jvm 1.8.0_362-b09
2023-05-23 10:25:10,748 [Listener at 127.0.0.1/15052] INFO  server.session (DefaultSessionIdManager.java:doStart(334)) - DefaultSessionIdManager workerName=node0
2023-05-23 10:25:10,748 [Listener at 127.0.0.1/15052] INFO  server.session (DefaultSessionIdManager.java:doStart(339)) - No SessionScavenger set, using defaults
2023-05-23 10:25:10,749 [Listener at 127.0.0.1/15052] INFO  server.session (HouseKeeper.java:startScavenging(132)) - node0 Scavenging every 600000ms
2023-05-23 10:25:10,749 [Listener at 127.0.0.1/15052] INFO  handler.ContextHandler (ContextHandler.java:doStart(921)) - Started o.e.j.s.ServletContextHandler@3faf621b{logs,/logs,file:///home/runner/work/ozone/ozone/hadoop-ozone/integration-test/target/log,AVAILABLE}
2023-05-23 10:25:10,750 [Listener at 127.0.0.1/15052] INFO  handler.ContextHandler (ContextHandler.java:doStart(921)) - Started o.e.j.s.ServletContextHandler@64ecba79{static,/static,jar:file:/home/runner/.m2/repository/org/apache/ozone/hdds-container-service/1.4.0-SNAPSHOT/hdds-container-service-1.4.0-SNAPSHOT.jar!/webapps/static,AVAILABLE}
2023-05-23 10:25:10,987 [Listener at 127.0.0.1/15052] INFO  handler.ContextHandler (ContextHandler.java:doStart(921)) - Started o.e.j.w.WebAppContext@3c99eab4{hddsDatanode,/,file:///home/runner/work/ozone/ozone/hadoop-ozone/integration-test/target/test-dir/MiniOzoneClusterImpl-ce972063-568b-4811-bfe7-9c87601498a3/datanode-3/meta/webserver/jetty-0_0_0_0-15081-hdds-container-service-1_4_0-SNAPSHOT_jar-_-any-3641607921611912830/webapp/,AVAILABLE}{jar:file:/home/runner/.m2/repository/org/apache/ozone/hdds-container-service/1.4.0-SNAPSHOT/hdds-container-service-1.4.0-SNAPSHOT.jar!/webapps/hddsDatanode}
2023-05-23 10:25:10,990 [Listener at 127.0.0.1/15052] INFO  server.AbstractConnector (AbstractConnector.java:doStart(333)) - Started ServerConnector@5ea73801{HTTP/1.1, (http/1.1)}{0.0.0.0:15081}
2023-05-23 10:25:10,990 [Listener at 127.0.0.1/15052] INFO  server.Server (Server.java:doStart(415)) - Started @44042ms
2023-05-23 10:25:10,990 [Listener at 127.0.0.1/15052] WARN  impl.MetricsSystemImpl (MetricsSystemImpl.java:register(279)) - Sink prometheus already exists!
2023-05-23 10:25:10,991 [Listener at 127.0.0.1/15052] INFO  http.BaseHttpServer (BaseHttpServer.java:updateConnectorAddress(344)) - HTTP server of hddsDatanode listening at http://0.0.0.0:15081
2023-05-23 10:25:10,991 [Datanode State Machine Daemon Thread] INFO  statemachine.DatanodeStateMachine (DatanodeStateMachine.java:lambda$startDaemon$0(524)) - Ozone container server started.
2023-05-23 10:25:10,992 [Listener at 127.0.0.1/15052] WARN  impl.MetricRegistriesImpl (MetricRegistriesImpl.java:addReporterRegistration(111)) - New reporters are added after registries were created. Some metrics will be missing from the reporter. Please add reporter before adding any new registry.
2023-05-23 10:25:10,993 [Listener at 127.0.0.1/15052] WARN  impl.MetricRegistriesImpl (MetricRegistriesImpl.java:addReporterRegistration(111)) - New reporters are added after registries were created. Some metrics will be missing from the reporter. Please add reporter before adding any new registry.
2023-05-23 10:25:10,993 [Listener at 127.0.0.1/15052] INFO  impl.MetricsSystemImpl (MetricsSystemImpl.java:init(158)) - HddsDatanode metrics system started (again)
2023-05-23 10:25:11,007 [Listener at 127.0.0.1/15052] INFO  ozone.HddsDatanodeService (HddsDatanodeService.java:start(252)) - HddsDatanodeService host:fv-az1249-304 ip:10.1.0.38
2023-05-23 10:25:11,008 [org.apache.hadoop.util.JvmPauseMonitor$Monitor@3cdbe863] INFO  util.JvmPauseMonitor (JvmPauseMonitor.java:run(188)) - Starting JVM pause monitor
2023-05-23 10:25:11,012 [Datanode State Machine Task Thread - 0] INFO  datanode.InitDatanodeState (InitDatanodeState.java:persistContainerDatanodeDetails(138)) - DatanodeDetails is persisted to /home/runner/work/ozone/ozone/hadoop-ozone/integration-test/target/test-dir/MiniOzoneClusterImpl-ce972063-568b-4811-bfe7-9c87601498a3/datanode-3/meta/datanode.id
2023-05-23 10:25:11,034 [Listener at 127.0.0.1/15052] INFO  upgrade.AbstractLayoutVersionManager (AbstractLayoutVersionManager.java:init(83)) - Initializing Layout version manager with metadata layout = WEBUI_PORTS_IN_DATANODEDETAILS (version = 6), software layout = WEBUI_PORTS_IN_DATANODEDETAILS (version = 6)
2023-05-23 10:25:11,035 [Listener at 127.0.0.1/15052] INFO  statemachine.DatanodeStateMachine (DatanodeStateMachine.java:getEndPointTaskThreadPoolSize(267)) - Datanode State Machine Task Thread Pool size 2
2023-05-23 10:25:11,037 [Listener at 127.0.0.1/15052] INFO  volume.HddsVolume (HddsVolume.java:<init>(130)) - Creating HddsVolume: /home/runner/work/ozone/ozone/hadoop-ozone/integration-test/target/test-dir/MiniOzoneClusterImpl-ce972063-568b-4811-bfe7-9c87601498a3/datanode-4/data-0/containers/hdds of storage type : DISK capacity : 9223372036854775807
2023-05-23 10:25:11,037 [Listener at 127.0.0.1/15052] INFO  volume.MutableVolumeSet (MutableVolumeSet.java:initializeVolumeSet(175)) - Added Volume : /home/runner/work/ozone/ozone/hadoop-ozone/integration-test/target/test-dir/MiniOzoneClusterImpl-ce972063-568b-4811-bfe7-9c87601498a3/datanode-4/data-0/containers/hdds to VolumeSet
2023-05-23 10:25:11,037 [Listener at 127.0.0.1/15052] INFO  volume.ThrottledAsyncChecker (ThrottledAsyncChecker.java:schedule(141)) - Scheduling a check for /home/runner/work/ozone/ozone/hadoop-ozone/integration-test/target/test-dir/MiniOzoneClusterImpl-ce972063-568b-4811-bfe7-9c87601498a3/datanode-4/data-0/containers/hdds
2023-05-23 10:25:11,038 [Listener at 127.0.0.1/15052] INFO  volume.StorageVolumeChecker (StorageVolumeChecker.java:checkAllVolumes(202)) - Scheduled health check for volume /home/runner/work/ozone/ozone/hadoop-ozone/integration-test/target/test-dir/MiniOzoneClusterImpl-ce972063-568b-4811-bfe7-9c87601498a3/datanode-4/data-0/containers/hdds
2023-05-23 10:25:11,051 [Listener at 127.0.0.1/15052] INFO  volume.MutableVolumeSet (MutableVolumeSet.java:initializeVolumeSet(175)) - Added Volume : /home/runner/work/ozone/ozone/hadoop-ozone/integration-test/target/test-dir/MiniOzoneClusterImpl-ce972063-568b-4811-bfe7-9c87601498a3/datanode-4/data/ratis to VolumeSet
2023-05-23 10:25:11,051 [Listener at 127.0.0.1/15052] INFO  volume.ThrottledAsyncChecker (ThrottledAsyncChecker.java:schedule(141)) - Scheduling a check for /home/runner/work/ozone/ozone/hadoop-ozone/integration-test/target/test-dir/MiniOzoneClusterImpl-ce972063-568b-4811-bfe7-9c87601498a3/datanode-4/data/ratis
2023-05-23 10:25:11,051 [Listener at 127.0.0.1/15052] INFO  volume.StorageVolumeChecker (StorageVolumeChecker.java:checkAllVolumes(202)) - Scheduled health check for volume /home/runner/work/ozone/ozone/hadoop-ozone/integration-test/target/test-dir/MiniOzoneClusterImpl-ce972063-568b-4811-bfe7-9c87601498a3/datanode-4/data/ratis
2023-05-23 10:25:11,063 [Thread-770] INFO  ozoneimpl.ContainerReader (ContainerReader.java:readVolume(175)) - Finish verifying containers on volume /home/runner/work/ozone/ozone/hadoop-ozone/integration-test/target/test-dir/MiniOzoneClusterImpl-ce972063-568b-4811-bfe7-9c87601498a3/datanode-4/data-0/containers/hdds
2023-05-23 10:25:11,064 [Listener at 127.0.0.1/15052] INFO  ozoneimpl.OzoneContainer (OzoneContainer.java:buildContainerSet(303)) - Build ContainerSet costs 0s
2023-05-23 10:25:11,066 [Listener at 127.0.0.1/15052] INFO  server.RaftServer (ConfUtils.java:logGet(46)) - raft.rpc.type = GRPC (default)
2023-05-23 10:25:11,067 [Listener at 127.0.0.1/15052] INFO  grpc.GrpcConfigKeys (ConfUtils.java:logFallback(53)) - raft.grpc.admin.host = null (fallback to raft.grpc.server.host)
2023-05-23 10:25:11,067 [Listener at 127.0.0.1/15052] INFO  grpc.GrpcConfigKeys (ConfUtils.java:logGet(46)) - raft.grpc.admin.port = 15092 (custom)
2023-05-23 10:25:11,067 [Listener at 127.0.0.1/15052] INFO  grpc.GrpcConfigKeys (ConfUtils.java:logFallback(53)) - raft.grpc.client.host = null (fallback to raft.grpc.server.host)
2023-05-23 10:25:11,067 [Listener at 127.0.0.1/15052] INFO  grpc.GrpcConfigKeys (ConfUtils.java:logGet(46)) - raft.grpc.client.port = 15091 (custom)
2023-05-23 10:25:11,067 [Listener at 127.0.0.1/15052] INFO  grpc.GrpcConfigKeys (ConfUtils.java:logGet(46)) - raft.grpc.server.host = null (default)
2023-05-23 10:25:11,067 [Listener at 127.0.0.1/15052] INFO  grpc.GrpcConfigKeys (ConfUtils.java:logGet(46)) - raft.grpc.server.port = 15093 (custom)
2023-05-23 10:25:11,067 [Listener at 127.0.0.1/15052] INFO  server.GrpcService (ConfUtils.java:logGet(46)) - raft.grpc.message.size.max = 32MB (=33554432) (custom)
2023-05-23 10:25:11,067 [Listener at 127.0.0.1/15052] INFO  server.RaftServerConfigKeys (ConfUtils.java:logGet(46)) - raft.server.log.appender.buffer.byte-limit = 33554432 (custom)
2023-05-23 10:25:11,067 [Listener at 127.0.0.1/15052] INFO  server.GrpcService (ConfUtils.java:logGet(46)) - raft.grpc.flow.control.window = 5MB (=5242880) (custom)
2023-05-23 10:25:11,068 [Listener at 127.0.0.1/15052] INFO  server.RaftServerConfigKeys (ConfUtils.java:logGet(46)) - raft.server.rpc.request.timeout = 60s (custom)
2023-05-23 10:25:11,068 [Listener at 127.0.0.1/15052] INFO  grpc.GrpcConfigKeys (ConfUtils.java:logGet(46)) - raft.grpc.server.heartbeat.channel = true (default)
2023-05-23 10:25:11,068 [Listener at 127.0.0.1/15052] INFO  grpc.GrpcConfigKeys (ConfUtils.java:logGet(46)) - raft.grpc.server.async.request.thread.pool.cached = true (default)
2023-05-23 10:25:11,068 [Listener at 127.0.0.1/15052] INFO  grpc.GrpcConfigKeys (ConfUtils.java:logGet(46)) - raft.grpc.server.async.request.thread.pool.size = 32 (default)
2023-05-23 10:25:11,071 [Listener at 127.0.0.1/15052] INFO  impl.DataStreamServerImpl (ConfUtils.java:logGet(46)) - raft.datastream.type = NETTY (custom)
2023-05-23 10:25:11,071 [Listener at 127.0.0.1/15052] INFO  server.RaftServerConfigKeys (ConfUtils.java:logGet(46)) - raft.server.data-stream.async.request.thread.pool.cached = false (default)
2023-05-23 10:25:11,071 [Listener at 127.0.0.1/15052] INFO  server.RaftServerConfigKeys (ConfUtils.java:logGet(46)) - raft.server.data-stream.async.request.thread.pool.size = 20 (custom)
2023-05-23 10:25:11,072 [Listener at 127.0.0.1/15052] INFO  server.RaftServerConfigKeys (ConfUtils.java:logGet(46)) - raft.server.data-stream.async.write.thread.pool.size = 16 (default)
2023-05-23 10:25:11,074 [Listener at 127.0.0.1/15052] INFO  server.RaftServerConfigKeys (ConfUtils.java:logGet(46)) - raft.server.data-stream.client.pool.size = 10 (default)
2023-05-23 10:25:11,074 [Listener at 127.0.0.1/15052] INFO  netty.NettyConfigKeys$DataStream (ConfUtils.java:logGet(46)) - raft.netty.dataStream.server.use-epoll = false (default)
2023-05-23 10:25:11,074 [Listener at 127.0.0.1/15052] INFO  netty.NettyConfigKeys$DataStream (ConfUtils.java:logGet(46)) - raft.netty.dataStream.server.boss-group.size = 0 (default)
2023-05-23 10:25:11,074 [Listener at 127.0.0.1/15052] INFO  netty.NettyConfigKeys$DataStream (ConfUtils.java:logGet(46)) - raft.netty.dataStream.server.worker-group.size = 0 (default)
2023-05-23 10:25:11,075 [Listener at 127.0.0.1/15052] INFO  netty.NettyConfigKeys$DataStream (ConfUtils.java:logGet(46)) - raft.netty.dataStream.server.tls.conf = null (default)
2023-05-23 10:25:11,075 [Listener at 127.0.0.1/15052] INFO  netty.NettyConfigKeys$DataStream (ConfUtils.java:logGet(46)) - raft.netty.dataStream.host = null (default)
2023-05-23 10:25:11,075 [Listener at 127.0.0.1/15052] INFO  netty.NettyConfigKeys$DataStream (ConfUtils.java:logGet(46)) - raft.netty.dataStream.port = 15094 (custom)
2023-05-23 10:25:11,075 [Listener at 127.0.0.1/15052] INFO  server.RaftServerConfigKeys (ConfUtils.java:logGet(46)) - raft.server.threadpool.proxy.cached = true (default)
2023-05-23 10:25:11,076 [Listener at 127.0.0.1/15052] INFO  server.RaftServerConfigKeys (ConfUtils.java:logGet(46)) - raft.server.threadpool.proxy.size = 0 (default)
2023-05-23 10:25:11,076 [Listener at 127.0.0.1/15052] INFO  server.RaftServerConfigKeys (ConfUtils.java:logGet(46)) - raft.server.rpc.slowness.timeout = 300s (custom)
2023-05-23 10:25:11,076 [Listener at 127.0.0.1/15052] INFO  server.RaftServerConfigKeys (ConfUtils.java:logGet(46)) - raft.server.leaderelection.leader.step-down.wait-time = 10s (default)
2023-05-23 10:25:11,076 [Listener at 127.0.0.1/15052] INFO  server.RaftServerConfigKeys (ConfUtils.java:logGet(46)) - raft.server.storage.dir = [/home/runner/work/ozone/ozone/hadoop-ozone/integration-test/target/test-dir/MiniOzoneClusterImpl-ce972063-568b-4811-bfe7-9c87601498a3/datanode-4/data/ratis] (custom)
2023-05-23 10:25:11,078 [Listener at 127.0.0.1/15052] INFO  server.XceiverServerGrpc (XceiverServerGrpc.java:<init>(132)) - GrpcServer channel type EpollServerSocketChannel
2023-05-23 10:25:11,080 [Listener at 127.0.0.1/15052] INFO  replication.ReplicationSupervisor (ReplicationSupervisor.java:nodeStateUpdated(296)) - Node state updated to IN_SERVICE, scaling executor pool size to 10
2023-05-23 10:25:11,080 [7245158f-4bcf-4112-8365-c26f1e1b7534-NettyServerStreamRpc-bossGroup--thread1] INFO  logging.LoggingHandler (AbstractInternalLogger.java:log(148)) - [id: 0x9299d8de] REGISTERED
2023-05-23 10:25:11,081 [7245158f-4bcf-4112-8365-c26f1e1b7534-NettyServerStreamRpc-bossGroup--thread1] INFO  logging.LoggingHandler (AbstractInternalLogger.java:log(148)) - [id: 0x9299d8de] BIND: 0.0.0.0/0.0.0.0:15094
2023-05-23 10:25:11,081 [7245158f-4bcf-4112-8365-c26f1e1b7534-NettyServerStreamRpc-bossGroup--thread1] INFO  logging.LoggingHandler (AbstractInternalLogger.java:log(148)) - [id: 0x9299d8de, L:/0:0:0:0:0:0:0:0:15094] ACTIVE
2023-05-23 10:25:11,082 [Listener at 127.0.0.1/15052] INFO  http.BaseHttpServer (BaseHttpServer.java:newHttpServer2BuilderForOzone(224)) - Starting Web-server for hddsDatanode at: http://0.0.0.0:15089
2023-05-23 10:25:11,082 [Listener at 127.0.0.1/15052] INFO  http.BaseHttpServer (BaseHttpServer.java:<init>(111)) - Hadoop Security Enabled: false Ozone Security Enabled: false Ozone HTTP Security Enabled: false 
2023-05-23 10:25:11,083 [Listener at 127.0.0.1/15052] WARN  server.AuthenticationFilter (AuthenticationFilter.java:constructSecretProvider(240)) - Unable to initialize FileSignerSecretProvider, falling back to use random secrets. Reason: Could not read signature secret file: /home/runner/hadoop-http-auth-signature-secret
2023-05-23 10:25:11,084 [Listener at 127.0.0.1/15052] INFO  http.HttpRequestLog (HttpRequestLog.java:getRequestLog(86)) - Http request log for http.requests.hddsDatanode is not defined
2023-05-23 10:25:11,085 [Listener at 127.0.0.1/15052] INFO  http.HttpServer2 (HttpServer2.java:addGlobalFilter(1031)) - Added global filter 'safety' (class=org.apache.hadoop.hdds.server.http.HttpServer2$QuotingInputFilter)
2023-05-23 10:25:11,086 [Listener at 127.0.0.1/15052] INFO  http.HttpServer2 (HttpServer2.java:addFilter(1007)) - Added filter static_user_filter (class=org.apache.hadoop.http.lib.StaticUserWebFilter$StaticUserFilter) to context hddsDatanode
2023-05-23 10:25:11,086 [Listener at 127.0.0.1/15052] INFO  http.HttpServer2 (HttpServer2.java:addFilter(1015)) - Added filter static_user_filter (class=org.apache.hadoop.http.lib.StaticUserWebFilter$StaticUserFilter) to context static
2023-05-23 10:25:11,086 [Listener at 127.0.0.1/15052] INFO  http.HttpServer2 (HttpServer2.java:addFilter(1015)) - Added filter static_user_filter (class=org.apache.hadoop.http.lib.StaticUserWebFilter$StaticUserFilter) to context logs
2023-05-23 10:25:11,086 [Listener at 127.0.0.1/15052] INFO  http.BaseHttpServer (BaseHttpServer.java:<init>(190)) - HTTP server of hddsDatanode uses base directory /home/runner/work/ozone/ozone/hadoop-ozone/integration-test/target/test-dir/MiniOzoneClusterImpl-ce972063-568b-4811-bfe7-9c87601498a3/datanode-4/meta/webserver
2023-05-23 10:25:11,087 [Listener at 127.0.0.1/15052] INFO  http.HttpServer2 (HttpServer2.java:bindListener(1250)) - Jetty bound to port 15089
2023-05-23 10:25:11,087 [Listener at 127.0.0.1/15052] INFO  server.Server (Server.java:doStart(375)) - jetty-9.4.51.v20230217; built: 2023-02-17T08:19:37.309Z; git: b45c405e4544384de066f814ed42ae3dceacdd49; jvm 1.8.0_362-b09
2023-05-23 10:25:11,091 [Listener at 127.0.0.1/15052] INFO  server.session (DefaultSessionIdManager.java:doStart(334)) - DefaultSessionIdManager workerName=node0
2023-05-23 10:25:11,091 [Listener at 127.0.0.1/15052] INFO  server.session (DefaultSessionIdManager.java:doStart(339)) - No SessionScavenger set, using defaults
2023-05-23 10:25:11,092 [Listener at 127.0.0.1/15052] INFO  server.session (HouseKeeper.java:startScavenging(132)) - node0 Scavenging every 660000ms
2023-05-23 10:25:11,092 [Listener at 127.0.0.1/15052] INFO  handler.ContextHandler (ContextHandler.java:doStart(921)) - Started o.e.j.s.ServletContextHandler@2fd549ba{logs,/logs,file:///home/runner/work/ozone/ozone/hadoop-ozone/integration-test/target/log,AVAILABLE}
2023-05-23 10:25:11,093 [Listener at 127.0.0.1/15052] INFO  handler.ContextHandler (ContextHandler.java:doStart(921)) - Started o.e.j.s.ServletContextHandler@4bacb860{static,/static,jar:file:/home/runner/.m2/repository/org/apache/ozone/hdds-container-service/1.4.0-SNAPSHOT/hdds-container-service-1.4.0-SNAPSHOT.jar!/webapps/static,AVAILABLE}
2023-05-23 10:25:11,315 [Listener at 127.0.0.1/15052] INFO  handler.ContextHandler (ContextHandler.java:doStart(921)) - Started o.e.j.w.WebAppContext@4a7b6f4b{hddsDatanode,/,file:///home/runner/work/ozone/ozone/hadoop-ozone/integration-test/target/test-dir/MiniOzoneClusterImpl-ce972063-568b-4811-bfe7-9c87601498a3/datanode-4/meta/webserver/jetty-0_0_0_0-15089-hdds-container-service-1_4_0-SNAPSHOT_jar-_-any-1555248373943237501/webapp/,AVAILABLE}{jar:file:/home/runner/.m2/repository/org/apache/ozone/hdds-container-service/1.4.0-SNAPSHOT/hdds-container-service-1.4.0-SNAPSHOT.jar!/webapps/hddsDatanode}
2023-05-23 10:25:11,317 [Listener at 127.0.0.1/15052] INFO  server.AbstractConnector (AbstractConnector.java:doStart(333)) - Started ServerConnector@26ff8ce0{HTTP/1.1, (http/1.1)}{0.0.0.0:15089}
2023-05-23 10:25:11,317 [Listener at 127.0.0.1/15052] INFO  server.Server (Server.java:doStart(415)) - Started @44369ms
2023-05-23 10:25:11,317 [Listener at 127.0.0.1/15052] WARN  impl.MetricsSystemImpl (MetricsSystemImpl.java:register(279)) - Sink prometheus already exists!
2023-05-23 10:25:11,318 [Listener at 127.0.0.1/15052] INFO  http.BaseHttpServer (BaseHttpServer.java:updateConnectorAddress(344)) - HTTP server of hddsDatanode listening at http://0.0.0.0:15089
2023-05-23 10:25:11,319 [Listener at 127.0.0.1/15052] INFO  ozone.MiniOzoneClusterImpl (MiniOzoneClusterImpl.java:lambda$waitForClusterToBeReady$0(222)) - Waiting for nodes to be ready. Got 0 of 5 DN Heartbeats.
2023-05-23 10:25:11,319 [Listener at 127.0.0.1/15052] INFO  ozone.MiniOzoneClusterImpl (MiniOzoneClusterImpl.java:lambda$waitForClusterToBeReady$0(225)) - Waiting for cluster to exit safe mode
2023-05-23 10:25:11,319 [Listener at 127.0.0.1/15052] INFO  ozone.MiniOzoneClusterImpl (MiniOzoneClusterImpl.java:lambda$waitForClusterToBeReady$0(227)) - SCM became leader
2023-05-23 10:25:11,319 [Datanode State Machine Daemon Thread] INFO  statemachine.DatanodeStateMachine (DatanodeStateMachine.java:lambda$startDaemon$0(524)) - Ozone container server started.
2023-05-23 10:25:11,325 [org.apache.hadoop.util.JvmPauseMonitor$Monitor@e051a79] INFO  util.JvmPauseMonitor (JvmPauseMonitor.java:run(188)) - Starting JVM pause monitor
2023-05-23 10:25:11,331 [Datanode State Machine Task Thread - 0] INFO  datanode.InitDatanodeState (InitDatanodeState.java:persistContainerDatanodeDetails(138)) - DatanodeDetails is persisted to /home/runner/work/ozone/ozone/hadoop-ozone/integration-test/target/test-dir/MiniOzoneClusterImpl-ce972063-568b-4811-bfe7-9c87601498a3/datanode-4/meta/datanode.id
2023-05-23 10:25:11,335 [ReplicationMonitor] INFO  replication.ReplicationManager (ReplicationManager.java:processAll(375)) - Replication Manager is not ready to run until 3000ms after safemode exit
2023-05-23 10:25:11,998 [EndpointStateMachine task thread for /0.0.0.0:15050 - 0 ] INFO  utils.DatanodeStoreCache (DatanodeStoreCache.java:addDB(66)) - Added db /home/runner/work/ozone/ozone/hadoop-ozone/integration-test/target/test-dir/MiniOzoneClusterImpl-ce972063-568b-4811-bfe7-9c87601498a3/datanode-0/data-0/containers/hdds/ce972063-568b-4811-bfe7-9c87601498a3/DS-77db9df2-1b76-4211-a14f-a56f12aa4ec8/container.db to cache
2023-05-23 10:25:11,998 [EndpointStateMachine task thread for /0.0.0.0:15050 - 0 ] INFO  volume.HddsVolume (HddsVolume.java:createDbStore(350)) - SchemaV3 db is created and loaded at /home/runner/work/ozone/ozone/hadoop-ozone/integration-test/target/test-dir/MiniOzoneClusterImpl-ce972063-568b-4811-bfe7-9c87601498a3/datanode-0/data-0/containers/hdds/ce972063-568b-4811-bfe7-9c87601498a3/DS-77db9df2-1b76-4211-a14f-a56f12aa4ec8/container.db for volume DS-77db9df2-1b76-4211-a14f-a56f12aa4ec8
2023-05-23 10:25:11,998 [EndpointStateMachine task thread for /0.0.0.0:15050 - 0 ] INFO  ozoneimpl.OzoneContainer (OzoneContainer.java:start(397)) - Attempting to start container services.
2023-05-23 10:25:11,998 [EndpointStateMachine task thread for /0.0.0.0:15050 - 0 ] INFO  ozoneimpl.OzoneContainer (OzoneContainer.java:startContainerScrub(314)) - Scheduled background container scanners and the on-demand container scanner have been disabled.
2023-05-23 10:25:12,003 [EndpointStateMachine task thread for /0.0.0.0:15050 - 0 ] INFO  replication.ReplicationServer (ReplicationServer.java:start(128)) - ReplicationServer is started using port 15063
2023-05-23 10:25:12,003 [EndpointStateMachine task thread for /0.0.0.0:15050 - 0 ] INFO  ratis.XceiverServerRatis (XceiverServerRatis.java:start(517)) - Starting XceiverServerRatis 7f763e46-2c68-46ea-ae9c-4adb784a7caa
2023-05-23 10:25:12,003 [EndpointStateMachine task thread for /0.0.0.0:15050 - 0 ] INFO  server.RaftServer (RaftServerProxy.java:startImpl(400)) - 7f763e46-2c68-46ea-ae9c-4adb784a7caa: start RPC server
2023-05-23 10:25:12,004 [EndpointStateMachine task thread for /0.0.0.0:15050 - 0 ] INFO  server.GrpcService (GrpcService.java:startImpl(302)) - 7f763e46-2c68-46ea-ae9c-4adb784a7caa: GrpcService started, listening on 15059
2023-05-23 10:25:12,007 [EndpointStateMachine task thread for /0.0.0.0:15050 - 0 ] INFO  server.GrpcService (GrpcService.java:startImpl(302)) - 7f763e46-2c68-46ea-ae9c-4adb784a7caa: GrpcService started, listening on 15061
2023-05-23 10:25:12,008 [EndpointStateMachine task thread for /0.0.0.0:15050 - 0 ] INFO  server.GrpcService (GrpcService.java:startImpl(302)) - 7f763e46-2c68-46ea-ae9c-4adb784a7caa: GrpcService started, listening on 15060
2023-05-23 10:25:12,008 [EndpointStateMachine task thread for /0.0.0.0:15050 - 0 ] INFO  ratis.XceiverServerRatis (XceiverServerRatis.java:getRealPort(543)) - XceiverServerRatis 7f763e46-2c68-46ea-ae9c-4adb784a7caa is started using port 15059 for RATIS
2023-05-23 10:25:12,008 [EndpointStateMachine task thread for /0.0.0.0:15050 - 0 ] INFO  ratis.XceiverServerRatis (XceiverServerRatis.java:getRealPort(543)) - XceiverServerRatis 7f763e46-2c68-46ea-ae9c-4adb784a7caa is started using port 15060 for RATIS_ADMIN
2023-05-23 10:25:12,008 [EndpointStateMachine task thread for /0.0.0.0:15050 - 0 ] INFO  ratis.XceiverServerRatis (XceiverServerRatis.java:getRealPort(543)) - XceiverServerRatis 7f763e46-2c68-46ea-ae9c-4adb784a7caa is started using port 15061 for RATIS_SERVER
2023-05-23 10:25:12,008 [EndpointStateMachine task thread for /0.0.0.0:15050 - 0 ] INFO  ratis.XceiverServerRatis (XceiverServerRatis.java:getRealPort(543)) - XceiverServerRatis 7f763e46-2c68-46ea-ae9c-4adb784a7caa is started using port 15062 for RATIS_DATASTREAM
2023-05-23 10:25:12,008 [JvmPauseMonitor7] INFO  util.JvmPauseMonitor (JvmPauseMonitor.java:run(103)) - JvmPauseMonitor-7f763e46-2c68-46ea-ae9c-4adb784a7caa: Started
2023-05-23 10:25:12,013 [BlockDeletingService#0] INFO  interfaces.ContainerDeletionChoosingPolicyTemplate (ContainerDeletionChoosingPolicyTemplate.java:chooseContainerForBlockDeletion(83)) - Chosen 0/5000 blocks from 0 candidate containers.
2023-05-23 10:25:12,319 [Listener at 127.0.0.1/15052] INFO  ozone.MiniOzoneClusterImpl (MiniOzoneClusterImpl.java:lambda$waitForClusterToBeReady$0(222)) - Waiting for nodes to be ready. Got 0 of 5 DN Heartbeats.
2023-05-23 10:25:12,319 [Listener at 127.0.0.1/15052] INFO  ozone.MiniOzoneClusterImpl (MiniOzoneClusterImpl.java:lambda$waitForClusterToBeReady$0(225)) - Waiting for cluster to exit safe mode
2023-05-23 10:25:12,319 [Listener at 127.0.0.1/15052] INFO  ozone.MiniOzoneClusterImpl (MiniOzoneClusterImpl.java:lambda$waitForClusterToBeReady$0(227)) - SCM became leader
2023-05-23 10:25:12,323 [EndpointStateMachine task thread for /0.0.0.0:15050 - 0 ] INFO  utils.DatanodeStoreCache (DatanodeStoreCache.java:addDB(66)) - Added db /home/runner/work/ozone/ozone/hadoop-ozone/integration-test/target/test-dir/MiniOzoneClusterImpl-ce972063-568b-4811-bfe7-9c87601498a3/datanode-1/data-0/containers/hdds/ce972063-568b-4811-bfe7-9c87601498a3/DS-4fa0d410-27fa-49c6-a377-73f15b9008ea/container.db to cache
2023-05-23 10:25:12,323 [EndpointStateMachine task thread for /0.0.0.0:15050 - 0 ] INFO  volume.HddsVolume (HddsVolume.java:createDbStore(350)) - SchemaV3 db is created and loaded at /home/runner/work/ozone/ozone/hadoop-ozone/integration-test/target/test-dir/MiniOzoneClusterImpl-ce972063-568b-4811-bfe7-9c87601498a3/datanode-1/data-0/containers/hdds/ce972063-568b-4811-bfe7-9c87601498a3/DS-4fa0d410-27fa-49c6-a377-73f15b9008ea/container.db for volume DS-4fa0d410-27fa-49c6-a377-73f15b9008ea
2023-05-23 10:25:12,323 [EndpointStateMachine task thread for /0.0.0.0:15050 - 0 ] INFO  ozoneimpl.OzoneContainer (OzoneContainer.java:start(397)) - Attempting to start container services.
2023-05-23 10:25:12,324 [EndpointStateMachine task thread for /0.0.0.0:15050 - 0 ] INFO  ozoneimpl.OzoneContainer (OzoneContainer.java:startContainerScrub(314)) - Scheduled background container scanners and the on-demand container scanner have been disabled.
2023-05-23 10:25:12,325 [EndpointStateMachine task thread for /0.0.0.0:15050 - 0 ] INFO  replication.ReplicationServer (ReplicationServer.java:start(128)) - ReplicationServer is started using port 15071
2023-05-23 10:25:12,325 [EndpointStateMachine task thread for /0.0.0.0:15050 - 0 ] INFO  ratis.XceiverServerRatis (XceiverServerRatis.java:start(517)) - Starting XceiverServerRatis ec27dbe6-08af-4523-b3ed-9f1573a1668d
2023-05-23 10:25:12,326 [EndpointStateMachine task thread for /0.0.0.0:15050 - 0 ] INFO  server.RaftServer (RaftServerProxy.java:startImpl(400)) - ec27dbe6-08af-4523-b3ed-9f1573a1668d: start RPC server
2023-05-23 10:25:12,327 [EndpointStateMachine task thread for /0.0.0.0:15050 - 0 ] INFO  server.GrpcService (GrpcService.java:startImpl(302)) - ec27dbe6-08af-4523-b3ed-9f1573a1668d: GrpcService started, listening on 15067
2023-05-23 10:25:12,328 [EndpointStateMachine task thread for /0.0.0.0:15050 - 0 ] INFO  server.GrpcService (GrpcService.java:startImpl(302)) - ec27dbe6-08af-4523-b3ed-9f1573a1668d: GrpcService started, listening on 15069
2023-05-23 10:25:12,329 [EndpointStateMachine task thread for /0.0.0.0:15050 - 0 ] INFO  server.GrpcService (GrpcService.java:startImpl(302)) - ec27dbe6-08af-4523-b3ed-9f1573a1668d: GrpcService started, listening on 15068
2023-05-23 10:25:12,329 [EndpointStateMachine task thread for /0.0.0.0:15050 - 0 ] INFO  ratis.XceiverServerRatis (XceiverServerRatis.java:getRealPort(543)) - XceiverServerRatis ec27dbe6-08af-4523-b3ed-9f1573a1668d is started using port 15067 for RATIS
2023-05-23 10:25:12,329 [EndpointStateMachine task thread for /0.0.0.0:15050 - 0 ] INFO  ratis.XceiverServerRatis (XceiverServerRatis.java:getRealPort(543)) - XceiverServerRatis ec27dbe6-08af-4523-b3ed-9f1573a1668d is started using port 15068 for RATIS_ADMIN
2023-05-23 10:25:12,329 [JvmPauseMonitor8] INFO  util.JvmPauseMonitor (JvmPauseMonitor.java:run(103)) - JvmPauseMonitor-ec27dbe6-08af-4523-b3ed-9f1573a1668d: Started
2023-05-23 10:25:12,329 [EndpointStateMachine task thread for /0.0.0.0:15050 - 0 ] INFO  ratis.XceiverServerRatis (XceiverServerRatis.java:getRealPort(543)) - XceiverServerRatis ec27dbe6-08af-4523-b3ed-9f1573a1668d is started using port 15069 for RATIS_SERVER
2023-05-23 10:25:12,330 [EndpointStateMachine task thread for /0.0.0.0:15050 - 0 ] INFO  ratis.XceiverServerRatis (XceiverServerRatis.java:getRealPort(543)) - XceiverServerRatis ec27dbe6-08af-4523-b3ed-9f1573a1668d is started using port 15070 for RATIS_DATASTREAM
2023-05-23 10:25:12,333 [BlockDeletingService#0] INFO  interfaces.ContainerDeletionChoosingPolicyTemplate (ContainerDeletionChoosingPolicyTemplate.java:chooseContainerForBlockDeletion(83)) - Chosen 0/5000 blocks from 0 candidate containers.
2023-05-23 10:25:12,335 [ReplicationMonitor] INFO  replication.ReplicationManager (ReplicationManager.java:processAll(375)) - Replication Manager is not ready to run until 3000ms after safemode exit
2023-05-23 10:25:12,694 [EndpointStateMachine task thread for /0.0.0.0:15050 - 0 ] INFO  utils.DatanodeStoreCache (DatanodeStoreCache.java:addDB(66)) - Added db /home/runner/work/ozone/ozone/hadoop-ozone/integration-test/target/test-dir/MiniOzoneClusterImpl-ce972063-568b-4811-bfe7-9c87601498a3/datanode-2/data-0/containers/hdds/ce972063-568b-4811-bfe7-9c87601498a3/DS-090edaea-8a3a-4f9d-b41a-4fb0ddae93bc/container.db to cache
2023-05-23 10:25:12,695 [EndpointStateMachine task thread for /0.0.0.0:15050 - 0 ] INFO  volume.HddsVolume (HddsVolume.java:createDbStore(350)) - SchemaV3 db is created and loaded at /home/runner/work/ozone/ozone/hadoop-ozone/integration-test/target/test-dir/MiniOzoneClusterImpl-ce972063-568b-4811-bfe7-9c87601498a3/datanode-2/data-0/containers/hdds/ce972063-568b-4811-bfe7-9c87601498a3/DS-090edaea-8a3a-4f9d-b41a-4fb0ddae93bc/container.db for volume DS-090edaea-8a3a-4f9d-b41a-4fb0ddae93bc
2023-05-23 10:25:12,695 [EndpointStateMachine task thread for /0.0.0.0:15050 - 0 ] INFO  ozoneimpl.OzoneContainer (OzoneContainer.java:start(397)) - Attempting to start container services.
2023-05-23 10:25:12,695 [EndpointStateMachine task thread for /0.0.0.0:15050 - 0 ] INFO  ozoneimpl.OzoneContainer (OzoneContainer.java:startContainerScrub(314)) - Scheduled background container scanners and the on-demand container scanner have been disabled.
2023-05-23 10:25:12,697 [EndpointStateMachine task thread for /0.0.0.0:15050 - 0 ] INFO  replication.ReplicationServer (ReplicationServer.java:start(128)) - ReplicationServer is started using port 15079
2023-05-23 10:25:12,697 [EndpointStateMachine task thread for /0.0.0.0:15050 - 0 ] INFO  ratis.XceiverServerRatis (XceiverServerRatis.java:start(517)) - Starting XceiverServerRatis e9bacc8e-add2-470d-91e3-29c7cfa3c1f4
2023-05-23 10:25:12,697 [EndpointStateMachine task thread for /0.0.0.0:15050 - 0 ] INFO  server.RaftServer (RaftServerProxy.java:startImpl(400)) - e9bacc8e-add2-470d-91e3-29c7cfa3c1f4: start RPC server
2023-05-23 10:25:12,702 [EndpointStateMachine task thread for /0.0.0.0:15050 - 0 ] INFO  server.GrpcService (GrpcService.java:startImpl(302)) - e9bacc8e-add2-470d-91e3-29c7cfa3c1f4: GrpcService started, listening on 15075
2023-05-23 10:25:12,703 [EndpointStateMachine task thread for /0.0.0.0:15050 - 0 ] INFO  server.GrpcService (GrpcService.java:startImpl(302)) - e9bacc8e-add2-470d-91e3-29c7cfa3c1f4: GrpcService started, listening on 15077
2023-05-23 10:25:12,704 [EndpointStateMachine task thread for /0.0.0.0:15050 - 0 ] INFO  server.GrpcService (GrpcService.java:startImpl(302)) - e9bacc8e-add2-470d-91e3-29c7cfa3c1f4: GrpcService started, listening on 15076
2023-05-23 10:25:12,704 [EndpointStateMachine task thread for /0.0.0.0:15050 - 0 ] INFO  ratis.XceiverServerRatis (XceiverServerRatis.java:getRealPort(543)) - XceiverServerRatis e9bacc8e-add2-470d-91e3-29c7cfa3c1f4 is started using port 15075 for RATIS
2023-05-23 10:25:12,704 [EndpointStateMachine task thread for /0.0.0.0:15050 - 0 ] INFO  ratis.XceiverServerRatis (XceiverServerRatis.java:getRealPort(543)) - XceiverServerRatis e9bacc8e-add2-470d-91e3-29c7cfa3c1f4 is started using port 15076 for RATIS_ADMIN
2023-05-23 10:25:12,704 [JvmPauseMonitor9] INFO  util.JvmPauseMonitor (JvmPauseMonitor.java:run(103)) - JvmPauseMonitor-e9bacc8e-add2-470d-91e3-29c7cfa3c1f4: Started
2023-05-23 10:25:12,704 [EndpointStateMachine task thread for /0.0.0.0:15050 - 0 ] INFO  ratis.XceiverServerRatis (XceiverServerRatis.java:getRealPort(543)) - XceiverServerRatis e9bacc8e-add2-470d-91e3-29c7cfa3c1f4 is started using port 15077 for RATIS_SERVER
2023-05-23 10:25:12,704 [EndpointStateMachine task thread for /0.0.0.0:15050 - 0 ] INFO  ratis.XceiverServerRatis (XceiverServerRatis.java:getRealPort(543)) - XceiverServerRatis e9bacc8e-add2-470d-91e3-29c7cfa3c1f4 is started using port 15078 for RATIS_DATASTREAM
2023-05-23 10:25:12,723 [BlockDeletingService#0] INFO  interfaces.ContainerDeletionChoosingPolicyTemplate (ContainerDeletionChoosingPolicyTemplate.java:chooseContainerForBlockDeletion(83)) - Chosen 0/5000 blocks from 0 candidate containers.
2023-05-23 10:25:13,047 [EndpointStateMachine task thread for /0.0.0.0:15050 - 0 ] INFO  utils.DatanodeStoreCache (DatanodeStoreCache.java:addDB(66)) - Added db /home/runner/work/ozone/ozone/hadoop-ozone/integration-test/target/test-dir/MiniOzoneClusterImpl-ce972063-568b-4811-bfe7-9c87601498a3/datanode-3/data-0/containers/hdds/ce972063-568b-4811-bfe7-9c87601498a3/DS-cfb6084c-9516-498c-9d37-75c4f37a1c0d/container.db to cache
2023-05-23 10:25:13,047 [EndpointStateMachine task thread for /0.0.0.0:15050 - 0 ] INFO  volume.HddsVolume (HddsVolume.java:createDbStore(350)) - SchemaV3 db is created and loaded at /home/runner/work/ozone/ozone/hadoop-ozone/integration-test/target/test-dir/MiniOzoneClusterImpl-ce972063-568b-4811-bfe7-9c87601498a3/datanode-3/data-0/containers/hdds/ce972063-568b-4811-bfe7-9c87601498a3/DS-cfb6084c-9516-498c-9d37-75c4f37a1c0d/container.db for volume DS-cfb6084c-9516-498c-9d37-75c4f37a1c0d
2023-05-23 10:25:13,047 [EndpointStateMachine task thread for /0.0.0.0:15050 - 0 ] INFO  ozoneimpl.OzoneContainer (OzoneContainer.java:start(397)) - Attempting to start container services.
2023-05-23 10:25:13,047 [EndpointStateMachine task thread for /0.0.0.0:15050 - 0 ] INFO  ozoneimpl.OzoneContainer (OzoneContainer.java:startContainerScrub(314)) - Scheduled background container scanners and the on-demand container scanner have been disabled.
2023-05-23 10:25:13,050 [EndpointStateMachine task thread for /0.0.0.0:15050 - 0 ] INFO  replication.ReplicationServer (ReplicationServer.java:start(128)) - ReplicationServer is started using port 15087
2023-05-23 10:25:13,050 [EndpointStateMachine task thread for /0.0.0.0:15050 - 0 ] INFO  ratis.XceiverServerRatis (XceiverServerRatis.java:start(517)) - Starting XceiverServerRatis 8a3b9119-c4fd-47cf-b64f-64ecafe7357b
2023-05-23 10:25:13,051 [EndpointStateMachine task thread for /0.0.0.0:15050 - 0 ] INFO  server.RaftServer (RaftServerProxy.java:startImpl(400)) - 8a3b9119-c4fd-47cf-b64f-64ecafe7357b: start RPC server
2023-05-23 10:25:13,053 [EndpointStateMachine task thread for /0.0.0.0:15050 - 0 ] INFO  server.GrpcService (GrpcService.java:startImpl(302)) - 8a3b9119-c4fd-47cf-b64f-64ecafe7357b: GrpcService started, listening on 15083
2023-05-23 10:25:13,055 [EndpointStateMachine task thread for /0.0.0.0:15050 - 0 ] INFO  server.GrpcService (GrpcService.java:startImpl(302)) - 8a3b9119-c4fd-47cf-b64f-64ecafe7357b: GrpcService started, listening on 15085
2023-05-23 10:25:13,056 [EndpointStateMachine task thread for /0.0.0.0:15050 - 0 ] INFO  server.GrpcService (GrpcService.java:startImpl(302)) - 8a3b9119-c4fd-47cf-b64f-64ecafe7357b: GrpcService started, listening on 15084
2023-05-23 10:25:13,056 [EndpointStateMachine task thread for /0.0.0.0:15050 - 0 ] INFO  ratis.XceiverServerRatis (XceiverServerRatis.java:getRealPort(543)) - XceiverServerRatis 8a3b9119-c4fd-47cf-b64f-64ecafe7357b is started using port 15083 for RATIS
2023-05-23 10:25:13,056 [EndpointStateMachine task thread for /0.0.0.0:15050 - 0 ] INFO  ratis.XceiverServerRatis (XceiverServerRatis.java:getRealPort(543)) - XceiverServerRatis 8a3b9119-c4fd-47cf-b64f-64ecafe7357b is started using port 15084 for RATIS_ADMIN
2023-05-23 10:25:13,056 [JvmPauseMonitor10] INFO  util.JvmPauseMonitor (JvmPauseMonitor.java:run(103)) - JvmPauseMonitor-8a3b9119-c4fd-47cf-b64f-64ecafe7357b: Started
2023-05-23 10:25:13,056 [EndpointStateMachine task thread for /0.0.0.0:15050 - 0 ] INFO  ratis.XceiverServerRatis (XceiverServerRatis.java:getRealPort(543)) - XceiverServerRatis 8a3b9119-c4fd-47cf-b64f-64ecafe7357b is started using port 15085 for RATIS_SERVER
2023-05-23 10:25:13,057 [EndpointStateMachine task thread for /0.0.0.0:15050 - 0 ] INFO  ratis.XceiverServerRatis (XceiverServerRatis.java:getRealPort(543)) - XceiverServerRatis 8a3b9119-c4fd-47cf-b64f-64ecafe7357b is started using port 15086 for RATIS_DATASTREAM
2023-05-23 10:25:13,061 [BlockDeletingService#0] INFO  interfaces.ContainerDeletionChoosingPolicyTemplate (ContainerDeletionChoosingPolicyTemplate.java:chooseContainerForBlockDeletion(83)) - Chosen 0/5000 blocks from 0 candidate containers.
2023-05-23 10:25:13,319 [Listener at 127.0.0.1/15052] INFO  ozone.MiniOzoneClusterImpl (MiniOzoneClusterImpl.java:lambda$waitForClusterToBeReady$0(222)) - Waiting for nodes to be ready. Got 0 of 5 DN Heartbeats.
2023-05-23 10:25:13,320 [Listener at 127.0.0.1/15052] INFO  ozone.MiniOzoneClusterImpl (MiniOzoneClusterImpl.java:lambda$waitForClusterToBeReady$0(225)) - Waiting for cluster to exit safe mode
2023-05-23 10:25:13,320 [Listener at 127.0.0.1/15052] INFO  ozone.MiniOzoneClusterImpl (MiniOzoneClusterImpl.java:lambda$waitForClusterToBeReady$0(227)) - SCM became leader
2023-05-23 10:25:13,336 [ReplicationMonitor] INFO  replication.ReplicationManager (ReplicationManager.java:processAll(375)) - Replication Manager is not ready to run until 3000ms after safemode exit
2023-05-23 10:25:13,365 [EndpointStateMachine task thread for /0.0.0.0:15050 - 0 ] INFO  utils.DatanodeStoreCache (DatanodeStoreCache.java:addDB(66)) - Added db /home/runner/work/ozone/ozone/hadoop-ozone/integration-test/target/test-dir/MiniOzoneClusterImpl-ce972063-568b-4811-bfe7-9c87601498a3/datanode-4/data-0/containers/hdds/ce972063-568b-4811-bfe7-9c87601498a3/DS-0db26355-1014-4f2e-8464-bb747a244dc8/container.db to cache
2023-05-23 10:25:13,365 [EndpointStateMachine task thread for /0.0.0.0:15050 - 0 ] INFO  volume.HddsVolume (HddsVolume.java:createDbStore(350)) - SchemaV3 db is created and loaded at /home/runner/work/ozone/ozone/hadoop-ozone/integration-test/target/test-dir/MiniOzoneClusterImpl-ce972063-568b-4811-bfe7-9c87601498a3/datanode-4/data-0/containers/hdds/ce972063-568b-4811-bfe7-9c87601498a3/DS-0db26355-1014-4f2e-8464-bb747a244dc8/container.db for volume DS-0db26355-1014-4f2e-8464-bb747a244dc8
2023-05-23 10:25:13,366 [EndpointStateMachine task thread for /0.0.0.0:15050 - 0 ] INFO  ozoneimpl.OzoneContainer (OzoneContainer.java:start(397)) - Attempting to start container services.
2023-05-23 10:25:13,366 [EndpointStateMachine task thread for /0.0.0.0:15050 - 0 ] INFO  ozoneimpl.OzoneContainer (OzoneContainer.java:startContainerScrub(314)) - Scheduled background container scanners and the on-demand container scanner have been disabled.
2023-05-23 10:25:13,369 [EndpointStateMachine task thread for /0.0.0.0:15050 - 0 ] INFO  replication.ReplicationServer (ReplicationServer.java:start(128)) - ReplicationServer is started using port 15095
2023-05-23 10:25:13,369 [EndpointStateMachine task thread for /0.0.0.0:15050 - 0 ] INFO  ratis.XceiverServerRatis (XceiverServerRatis.java:start(517)) - Starting XceiverServerRatis 7245158f-4bcf-4112-8365-c26f1e1b7534
2023-05-23 10:25:13,370 [EndpointStateMachine task thread for /0.0.0.0:15050 - 0 ] INFO  server.RaftServer (RaftServerProxy.java:startImpl(400)) - 7245158f-4bcf-4112-8365-c26f1e1b7534: start RPC server
2023-05-23 10:25:13,374 [EndpointStateMachine task thread for /0.0.0.0:15050 - 0 ] INFO  server.GrpcService (GrpcService.java:startImpl(302)) - 7245158f-4bcf-4112-8365-c26f1e1b7534: GrpcService started, listening on 15091
2023-05-23 10:25:13,375 [EndpointStateMachine task thread for /0.0.0.0:15050 - 0 ] INFO  server.GrpcService (GrpcService.java:startImpl(302)) - 7245158f-4bcf-4112-8365-c26f1e1b7534: GrpcService started, listening on 15093
2023-05-23 10:25:13,376 [EndpointStateMachine task thread for /0.0.0.0:15050 - 0 ] INFO  server.GrpcService (GrpcService.java:startImpl(302)) - 7245158f-4bcf-4112-8365-c26f1e1b7534: GrpcService started, listening on 15092
2023-05-23 10:25:13,376 [EndpointStateMachine task thread for /0.0.0.0:15050 - 0 ] INFO  ratis.XceiverServerRatis (XceiverServerRatis.java:getRealPort(543)) - XceiverServerRatis 7245158f-4bcf-4112-8365-c26f1e1b7534 is started using port 15091 for RATIS
2023-05-23 10:25:13,376 [JvmPauseMonitor11] INFO  util.JvmPauseMonitor (JvmPauseMonitor.java:run(103)) - JvmPauseMonitor-7245158f-4bcf-4112-8365-c26f1e1b7534: Started
2023-05-23 10:25:13,376 [EndpointStateMachine task thread for /0.0.0.0:15050 - 0 ] INFO  ratis.XceiverServerRatis (XceiverServerRatis.java:getRealPort(543)) - XceiverServerRatis 7245158f-4bcf-4112-8365-c26f1e1b7534 is started using port 15092 for RATIS_ADMIN
2023-05-23 10:25:13,376 [EndpointStateMachine task thread for /0.0.0.0:15050 - 0 ] INFO  ratis.XceiverServerRatis (XceiverServerRatis.java:getRealPort(543)) - XceiverServerRatis 7245158f-4bcf-4112-8365-c26f1e1b7534 is started using port 15093 for RATIS_SERVER
2023-05-23 10:25:13,376 [EndpointStateMachine task thread for /0.0.0.0:15050 - 0 ] INFO  ratis.XceiverServerRatis (XceiverServerRatis.java:getRealPort(543)) - XceiverServerRatis 7245158f-4bcf-4112-8365-c26f1e1b7534 is started using port 15094 for RATIS_DATASTREAM
2023-05-23 10:25:13,378 [BlockDeletingService#0] INFO  interfaces.ContainerDeletionChoosingPolicyTemplate (ContainerDeletionChoosingPolicyTemplate.java:chooseContainerForBlockDeletion(83)) - Chosen 0/5000 blocks from 0 candidate containers.
2023-05-23 10:25:13,958 [IPC Server handler 1 on default port 15050] INFO  net.NetworkTopologyImpl (NetworkTopologyImpl.java:add(112)) - Added a new node: /default-rack/7f763e46-2c68-46ea-ae9c-4adb784a7caa
2023-05-23 10:25:13,958 [IPC Server handler 1 on default port 15050] INFO  node.SCMNodeManager (SCMNodeManager.java:register(407)) - Registered Data node : 7f763e46-2c68-46ea-ae9c-4adb784a7caa{ip: 10.1.0.38, host: fv-az1249-304, ports: [HTTP=15057, REPLICATION=15063, RATIS=15059, RATIS_ADMIN=15060, RATIS_SERVER=15061, RATIS_DATASTREAM=15062, STANDALONE=15058], networkLocation: /default-rack, certSerialId: null, persistedOpState: null, persistedOpStateExpiryEpochSec: 0}
2023-05-23 10:25:13,961 [EventQueue-NodeRegistrationContainerReportForContainerSafeModeRule] INFO  safemode.SCMSafeModeManager (SCMSafeModeManager.java:validateSafeModeExitRules(200)) - ContainerSafeModeRule rule is successfully validated
2023-05-23 10:25:13,962 [EventQueue-NewNodeForNewNodeHandler] INFO  pipeline.BackgroundPipelineCreator (BackgroundPipelineCreator.java:notifyEventTriggered(276)) - trigger a one-shot run on RatisPipelineUtilsThread.
2023-05-23 10:25:13,962 [RatisPipelineUtilsThread - 0] INFO  pipeline.RatisPipelineProvider (RatisPipelineProvider.java:lambda$create$0(206)) - Sending CreatePipelineCommand for pipeline:PipelineID=c0f45c07-70c4-4bcd-895a-44952e474e42 to datanode:7f763e46-2c68-46ea-ae9c-4adb784a7caa
2023-05-23 10:25:13,963 [EventQueue-NodeRegistrationContainerReportForDataNodeSafeModeRule] INFO  safemode.SCMSafeModeManager (DataNodeSafeModeRule.java:process(71)) - SCM in safe mode. 1 DataNodes registered, 3 required.
2023-05-23 10:25:13,964 [RatisPipelineUtilsThread - 0] INFO  pipeline.PipelineStateManagerImpl (PipelineStateManagerImpl.java:addPipeline(103)) - Created pipeline Pipeline[ Id: c0f45c07-70c4-4bcd-895a-44952e474e42, Nodes: 7f763e46-2c68-46ea-ae9c-4adb784a7caa(fv-az1249-304/10.1.0.38), ReplicationConfig: RATIS/ONE, State:ALLOCATED, leaderId:, CreationTimestamp2023-05-23T10:25:13.962Z[Etc/UTC]].
2023-05-23 10:25:13,969 [EventQueue-PipelineReportForOneReplicaPipelineSafeModeRule] INFO  safemode.SCMSafeModeManager (SCMSafeModeManager.java:validateSafeModeExitRules(200)) - AtleastOneDatanodeReportedRule rule is successfully validated
2023-05-23 10:25:14,282 [IPC Server handler 2 on default port 15050] INFO  net.NetworkTopologyImpl (NetworkTopologyImpl.java:add(112)) - Added a new node: /default-rack/ec27dbe6-08af-4523-b3ed-9f1573a1668d
2023-05-23 10:25:14,282 [IPC Server handler 2 on default port 15050] INFO  node.SCMNodeManager (SCMNodeManager.java:register(407)) - Registered Data node : ec27dbe6-08af-4523-b3ed-9f1573a1668d{ip: 10.1.0.38, host: fv-az1249-304, ports: [HTTP=15065, REPLICATION=15071, RATIS=15067, RATIS_ADMIN=15068, RATIS_SERVER=15069, RATIS_DATASTREAM=15070, STANDALONE=15066], networkLocation: /default-rack, certSerialId: null, persistedOpState: null, persistedOpStateExpiryEpochSec: 0}
2023-05-23 10:25:14,283 [EventQueue-NewNodeForNewNodeHandler] INFO  pipeline.BackgroundPipelineCreator (BackgroundPipelineCreator.java:notifyEventTriggered(276)) - trigger a one-shot run on RatisPipelineUtilsThread.
2023-05-23 10:25:14,283 [EventQueue-NodeRegistrationContainerReportForDataNodeSafeModeRule] INFO  safemode.SCMSafeModeManager (DataNodeSafeModeRule.java:process(71)) - SCM in safe mode. 2 DataNodes registered, 3 required.
2023-05-23 10:25:14,284 [RatisPipelineUtilsThread - 0] INFO  pipeline.RatisPipelineProvider (RatisPipelineProvider.java:lambda$create$0(206)) - Sending CreatePipelineCommand for pipeline:PipelineID=474b08bb-008e-45cd-aa20-be8f39fc7c97 to datanode:ec27dbe6-08af-4523-b3ed-9f1573a1668d
2023-05-23 10:25:14,284 [RatisPipelineUtilsThread - 0] INFO  pipeline.PipelineStateManagerImpl (PipelineStateManagerImpl.java:addPipeline(103)) - Created pipeline Pipeline[ Id: 474b08bb-008e-45cd-aa20-be8f39fc7c97, Nodes: ec27dbe6-08af-4523-b3ed-9f1573a1668d(fv-az1249-304/10.1.0.38), ReplicationConfig: RATIS/ONE, State:ALLOCATED, leaderId:, CreationTimestamp2023-05-23T10:25:14.284Z[Etc/UTC]].
2023-05-23 10:25:14,320 [Listener at 127.0.0.1/15052] INFO  ozone.MiniOzoneClusterImpl (MiniOzoneClusterImpl.java:lambda$waitForClusterToBeReady$0(222)) - Waiting for nodes to be ready. Got 2 of 5 DN Heartbeats.
2023-05-23 10:25:14,320 [Listener at 127.0.0.1/15052] INFO  ozone.MiniOzoneClusterImpl (MiniOzoneClusterImpl.java:lambda$waitForClusterToBeReady$0(225)) - Waiting for cluster to exit safe mode
2023-05-23 10:25:14,320 [Listener at 127.0.0.1/15052] INFO  ozone.MiniOzoneClusterImpl (MiniOzoneClusterImpl.java:lambda$waitForClusterToBeReady$0(227)) - SCM became leader
2023-05-23 10:25:14,336 [ReplicationMonitor] INFO  replication.ReplicationManager (ReplicationManager.java:processAll(375)) - Replication Manager is not ready to run until 3000ms after safemode exit
2023-05-23 10:25:14,655 [IPC Server handler 0 on default port 15050] INFO  net.NetworkTopologyImpl (NetworkTopologyImpl.java:add(112)) - Added a new node: /default-rack/e9bacc8e-add2-470d-91e3-29c7cfa3c1f4
2023-05-23 10:25:14,656 [IPC Server handler 0 on default port 15050] INFO  node.SCMNodeManager (SCMNodeManager.java:register(407)) - Registered Data node : e9bacc8e-add2-470d-91e3-29c7cfa3c1f4{ip: 10.1.0.38, host: fv-az1249-304, ports: [HTTP=15073, REPLICATION=15079, RATIS=15075, RATIS_ADMIN=15076, RATIS_SERVER=15077, RATIS_DATASTREAM=15078, STANDALONE=15074], networkLocation: /default-rack, certSerialId: null, persistedOpState: null, persistedOpStateExpiryEpochSec: 0}
2023-05-23 10:25:14,657 [EventQueue-NewNodeForNewNodeHandler] INFO  pipeline.BackgroundPipelineCreator (BackgroundPipelineCreator.java:notifyEventTriggered(276)) - trigger a one-shot run on RatisPipelineUtilsThread.
2023-05-23 10:25:14,657 [EventQueue-NodeRegistrationContainerReportForDataNodeSafeModeRule] INFO  safemode.SCMSafeModeManager (DataNodeSafeModeRule.java:process(71)) - SCM in safe mode. 3 DataNodes registered, 3 required.
2023-05-23 10:25:14,657 [EventQueue-NodeRegistrationContainerReportForDataNodeSafeModeRule] INFO  safemode.SCMSafeModeManager (SCMSafeModeManager.java:validateSafeModeExitRules(200)) - DataNodeSafeModeRule rule is successfully validated
2023-05-23 10:25:14,657 [EventQueue-NodeRegistrationContainerReportForDataNodeSafeModeRule] INFO  safemode.SCMSafeModeManager (SCMSafeModeManager.java:completePreCheck(229)) - All SCM safe mode pre check rules have passed
2023-05-23 10:25:14,657 [EventQueue-NodeRegistrationContainerReportForDataNodeSafeModeRule] INFO  ha.SCMContext (SCMContext.java:updateSafeModeStatus(228)) - Update SafeModeStatus from SafeModeStatus{safeModeStatus=true, preCheckPassed=false} to SafeModeStatus{safeModeStatus=true, preCheckPassed=true}.
2023-05-23 10:25:14,657 [RatisPipelineUtilsThread - 0] INFO  pipeline.RatisPipelineProvider (RatisPipelineProvider.java:lambda$create$0(206)) - Sending CreatePipelineCommand for pipeline:PipelineID=030ffc6f-8062-49cf-abd3-c975b6f1367c to datanode:e9bacc8e-add2-470d-91e3-29c7cfa3c1f4
2023-05-23 10:25:14,657 [EventQueue-NodeRegistrationContainerReportForDataNodeSafeModeRule] INFO  pipeline.BackgroundPipelineCreator (BackgroundPipelineCreator.java:notifyEventTriggered(276)) - trigger a one-shot run on RatisPipelineUtilsThread.
2023-05-23 10:25:14,658 [RatisPipelineUtilsThread - 0] INFO  pipeline.PipelineStateManagerImpl (PipelineStateManagerImpl.java:addPipeline(103)) - Created pipeline Pipeline[ Id: 030ffc6f-8062-49cf-abd3-c975b6f1367c, Nodes: e9bacc8e-add2-470d-91e3-29c7cfa3c1f4(fv-az1249-304/10.1.0.38), ReplicationConfig: RATIS/ONE, State:ALLOCATED, leaderId:, CreationTimestamp2023-05-23T10:25:14.657Z[Etc/UTC]].
2023-05-23 10:25:14,661 [RatisPipelineUtilsThread - 0] INFO  pipeline.RatisPipelineProvider (RatisPipelineProvider.java:lambda$create$0(206)) - Sending CreatePipelineCommand for pipeline:PipelineID=2dccc36a-3241-4516-8d37-180592a7f77f to datanode:e9bacc8e-add2-470d-91e3-29c7cfa3c1f4
2023-05-23 10:25:14,662 [RatisPipelineUtilsThread - 0] INFO  pipeline.RatisPipelineProvider (RatisPipelineProvider.java:lambda$create$0(206)) - Sending CreatePipelineCommand for pipeline:PipelineID=2dccc36a-3241-4516-8d37-180592a7f77f to datanode:ec27dbe6-08af-4523-b3ed-9f1573a1668d
2023-05-23 10:25:14,662 [RatisPipelineUtilsThread - 0] INFO  pipeline.RatisPipelineProvider (RatisPipelineProvider.java:lambda$create$0(206)) - Sending CreatePipelineCommand for pipeline:PipelineID=2dccc36a-3241-4516-8d37-180592a7f77f to datanode:7f763e46-2c68-46ea-ae9c-4adb784a7caa
2023-05-23 10:25:14,662 [RatisPipelineUtilsThread - 0] INFO  pipeline.PipelineStateManagerImpl (PipelineStateManagerImpl.java:addPipeline(103)) - Created pipeline Pipeline[ Id: 2dccc36a-3241-4516-8d37-180592a7f77f, Nodes: e9bacc8e-add2-470d-91e3-29c7cfa3c1f4(fv-az1249-304/10.1.0.38)ec27dbe6-08af-4523-b3ed-9f1573a1668d(fv-az1249-304/10.1.0.38)7f763e46-2c68-46ea-ae9c-4adb784a7caa(fv-az1249-304/10.1.0.38), ReplicationConfig: RATIS/THREE, State:ALLOCATED, leaderId:, CreationTimestamp2023-05-23T10:25:14.661Z[Etc/UTC]].
2023-05-23 10:25:14,663 [RatisPipelineUtilsThread - 0] INFO  pipeline.RatisPipelineProvider (RatisPipelineProvider.java:lambda$create$0(206)) - Sending CreatePipelineCommand for pipeline:PipelineID=1a2b4552-d01f-42a9-bdc6-f903808a28c9 to datanode:7f763e46-2c68-46ea-ae9c-4adb784a7caa
2023-05-23 10:25:14,666 [RatisPipelineUtilsThread - 0] INFO  pipeline.RatisPipelineProvider (RatisPipelineProvider.java:lambda$create$0(206)) - Sending CreatePipelineCommand for pipeline:PipelineID=1a2b4552-d01f-42a9-bdc6-f903808a28c9 to datanode:e9bacc8e-add2-470d-91e3-29c7cfa3c1f4
2023-05-23 10:25:14,666 [RatisPipelineUtilsThread - 0] INFO  pipeline.RatisPipelineProvider (RatisPipelineProvider.java:lambda$create$0(206)) - Sending CreatePipelineCommand for pipeline:PipelineID=1a2b4552-d01f-42a9-bdc6-f903808a28c9 to datanode:ec27dbe6-08af-4523-b3ed-9f1573a1668d
2023-05-23 10:25:14,666 [RatisPipelineUtilsThread - 0] INFO  pipeline.PipelineStateManagerImpl (PipelineStateManagerImpl.java:addPipeline(103)) - Created pipeline Pipeline[ Id: 1a2b4552-d01f-42a9-bdc6-f903808a28c9, Nodes: 7f763e46-2c68-46ea-ae9c-4adb784a7caa(fv-az1249-304/10.1.0.38)e9bacc8e-add2-470d-91e3-29c7cfa3c1f4(fv-az1249-304/10.1.0.38)ec27dbe6-08af-4523-b3ed-9f1573a1668d(fv-az1249-304/10.1.0.38), ReplicationConfig: RATIS/THREE, State:ALLOCATED, leaderId:, CreationTimestamp2023-05-23T10:25:14.663Z[Etc/UTC]].
2023-05-23 10:25:14,666 [RatisPipelineUtilsThread - 0] INFO  pipeline.PipelineManagerImpl (PipelineManagerImpl.java:recordMetricsForPipeline(826)) - Pipeline: PipelineID=1a2b4552-d01f-42a9-bdc6-f903808a28c9 contains same datanodes as previous pipelines: PipelineID=2dccc36a-3241-4516-8d37-180592a7f77f nodeIds: 7f763e46-2c68-46ea-ae9c-4adb784a7caa, e9bacc8e-add2-470d-91e3-29c7cfa3c1f4, ec27dbe6-08af-4523-b3ed-9f1573a1668d
2023-05-23 10:25:14,672 [RatisPipelineUtilsThread - 0] WARN  pipeline.PipelinePlacementPolicy (PipelinePlacementPolicy.java:filterViableNodes(160)) - Pipeline creation failed due to no sufficient healthy datanodes. Required 3. Found 0. Excluded 3.
2023-05-23 10:25:14,673 [RatisPipelineUtilsThread - 0] WARN  pipeline.PipelinePlacementPolicy (PipelinePlacementPolicy.java:filterViableNodes(160)) - Pipeline creation failed due to no sufficient healthy datanodes. Required 3. Found 0. Excluded 3.
2023-05-23 10:25:15,008 [IPC Server handler 2 on default port 15050] INFO  net.NetworkTopologyImpl (NetworkTopologyImpl.java:add(112)) - Added a new node: /default-rack/8a3b9119-c4fd-47cf-b64f-64ecafe7357b
2023-05-23 10:25:15,008 [IPC Server handler 2 on default port 15050] INFO  node.SCMNodeManager (SCMNodeManager.java:register(407)) - Registered Data node : 8a3b9119-c4fd-47cf-b64f-64ecafe7357b{ip: 10.1.0.38, host: fv-az1249-304, ports: [HTTP=15081, REPLICATION=15087, RATIS=15083, RATIS_ADMIN=15084, RATIS_SERVER=15085, RATIS_DATASTREAM=15086, STANDALONE=15082], networkLocation: /default-rack, certSerialId: null, persistedOpState: null, persistedOpStateExpiryEpochSec: 0}
2023-05-23 10:25:15,010 [EventQueue-NewNodeForNewNodeHandler] INFO  pipeline.BackgroundPipelineCreator (BackgroundPipelineCreator.java:notifyEventTriggered(276)) - trigger a one-shot run on RatisPipelineUtilsThread.
2023-05-23 10:25:15,011 [RatisPipelineUtilsThread - 0] INFO  pipeline.RatisPipelineProvider (RatisPipelineProvider.java:lambda$create$0(206)) - Sending CreatePipelineCommand for pipeline:PipelineID=a6a20d1e-ba56-4713-b995-2c031b791d02 to datanode:8a3b9119-c4fd-47cf-b64f-64ecafe7357b
2023-05-23 10:25:15,011 [RatisPipelineUtilsThread - 0] INFO  pipeline.PipelineStateManagerImpl (PipelineStateManagerImpl.java:addPipeline(103)) - Created pipeline Pipeline[ Id: a6a20d1e-ba56-4713-b995-2c031b791d02, Nodes: 8a3b9119-c4fd-47cf-b64f-64ecafe7357b(fv-az1249-304/10.1.0.38), ReplicationConfig: RATIS/ONE, State:ALLOCATED, leaderId:, CreationTimestamp2023-05-23T10:25:15.011Z[Etc/UTC]].
2023-05-23 10:25:15,012 [RatisPipelineUtilsThread - 0] WARN  pipeline.PipelinePlacementPolicy (PipelinePlacementPolicy.java:filterViableNodes(160)) - Pipeline creation failed due to no sufficient healthy datanodes. Required 3. Found 1. Excluded 3.
2023-05-23 10:25:15,320 [Listener at 127.0.0.1/15052] INFO  ozone.MiniOzoneClusterImpl (MiniOzoneClusterImpl.java:lambda$waitForClusterToBeReady$0(222)) - Waiting for nodes to be ready. Got 4 of 5 DN Heartbeats.
2023-05-23 10:25:15,321 [Listener at 127.0.0.1/15052] INFO  ozone.MiniOzoneClusterImpl (MiniOzoneClusterImpl.java:lambda$waitForClusterToBeReady$0(225)) - Waiting for cluster to exit safe mode
2023-05-23 10:25:15,321 [Listener at 127.0.0.1/15052] INFO  ozone.MiniOzoneClusterImpl (MiniOzoneClusterImpl.java:lambda$waitForClusterToBeReady$0(227)) - SCM became leader
2023-05-23 10:25:15,326 [IPC Server handler 3 on default port 15050] INFO  net.NetworkTopologyImpl (NetworkTopologyImpl.java:add(112)) - Added a new node: /default-rack/7245158f-4bcf-4112-8365-c26f1e1b7534
2023-05-23 10:25:15,326 [IPC Server handler 3 on default port 15050] INFO  node.SCMNodeManager (SCMNodeManager.java:register(407)) - Registered Data node : 7245158f-4bcf-4112-8365-c26f1e1b7534{ip: 10.1.0.38, host: fv-az1249-304, ports: [HTTP=15089, REPLICATION=15095, RATIS=15091, RATIS_ADMIN=15092, RATIS_SERVER=15093, RATIS_DATASTREAM=15094, STANDALONE=15090], networkLocation: /default-rack, certSerialId: null, persistedOpState: null, persistedOpStateExpiryEpochSec: 0}
2023-05-23 10:25:15,326 [EventQueue-NewNodeForNewNodeHandler] INFO  pipeline.BackgroundPipelineCreator (BackgroundPipelineCreator.java:notifyEventTriggered(276)) - trigger a one-shot run on RatisPipelineUtilsThread.
2023-05-23 10:25:15,327 [RatisPipelineUtilsThread - 0] INFO  pipeline.RatisPipelineProvider (RatisPipelineProvider.java:lambda$create$0(206)) - Sending CreatePipelineCommand for pipeline:PipelineID=589aebce-cf94-48d9-bf36-a947e808018f to datanode:7245158f-4bcf-4112-8365-c26f1e1b7534
2023-05-23 10:25:15,327 [RatisPipelineUtilsThread - 0] INFO  pipeline.PipelineStateManagerImpl (PipelineStateManagerImpl.java:addPipeline(103)) - Created pipeline Pipeline[ Id: 589aebce-cf94-48d9-bf36-a947e808018f, Nodes: 7245158f-4bcf-4112-8365-c26f1e1b7534(fv-az1249-304/10.1.0.38), ReplicationConfig: RATIS/ONE, State:ALLOCATED, leaderId:, CreationTimestamp2023-05-23T10:25:15.327Z[Etc/UTC]].
2023-05-23 10:25:15,328 [RatisPipelineUtilsThread - 0] WARN  pipeline.PipelinePlacementPolicy (PipelinePlacementPolicy.java:filterViableNodes(160)) - Pipeline creation failed due to no sufficient healthy datanodes. Required 3. Found 2. Excluded 3.
2023-05-23 10:25:15,336 [ReplicationMonitor] INFO  replication.ReplicationManager (ReplicationManager.java:processAll(375)) - Replication Manager is not ready to run until 3000ms after safemode exit
2023-05-23 10:25:16,321 [Listener at 127.0.0.1/15052] INFO  ozone.MiniOzoneClusterImpl (MiniOzoneClusterImpl.java:lambda$waitForClusterToBeReady$0(222)) - Nodes are ready. Got 5 of 5 DN Heartbeats.
2023-05-23 10:25:16,321 [Listener at 127.0.0.1/15052] INFO  ozone.MiniOzoneClusterImpl (MiniOzoneClusterImpl.java:lambda$waitForClusterToBeReady$0(225)) - Waiting for cluster to exit safe mode
2023-05-23 10:25:16,321 [Listener at 127.0.0.1/15052] INFO  ozone.MiniOzoneClusterImpl (MiniOzoneClusterImpl.java:lambda$waitForClusterToBeReady$0(227)) - SCM became leader
2023-05-23 10:25:16,336 [ReplicationMonitor] INFO  replication.ReplicationManager (ReplicationManager.java:processAll(375)) - Replication Manager is not ready to run until 3000ms after safemode exit
2023-05-23 10:25:16,957 [Command processor thread] INFO  server.RaftServer (RaftServerProxy.java:addNew(98)) - 7f763e46-2c68-46ea-ae9c-4adb784a7caa: addNew group-44952E474E42:[7f763e46-2c68-46ea-ae9c-4adb784a7caa|rpc:10.1.0.38:15061|admin:10.1.0.38:15060|client:10.1.0.38:15059|dataStream:10.1.0.38:15062|priority:1|startupRole:FOLLOWER] returns group-44952E474E42:java.util.concurrent.CompletableFuture@5630a7c3[Not completed]
2023-05-23 10:25:16,959 [7f763e46-2c68-46ea-ae9c-4adb784a7caa-groupManagement] INFO  server.RaftServer$Division (RaftServerImpl.java:<init>(198)) - 7f763e46-2c68-46ea-ae9c-4adb784a7caa: new RaftServerImpl for group-44952E474E42:[7f763e46-2c68-46ea-ae9c-4adb784a7caa|rpc:10.1.0.38:15061|admin:10.1.0.38:15060|client:10.1.0.38:15059|dataStream:10.1.0.38:15062|priority:1|startupRole:FOLLOWER] with ContainerStateMachine:uninitialized
2023-05-23 10:25:16,959 [7f763e46-2c68-46ea-ae9c-4adb784a7caa-groupManagement] INFO  server.RaftServerConfigKeys (ConfUtils.java:logGet(46)) - raft.server.rpc.timeout.min = 5s (custom)
2023-05-23 10:25:16,959 [7f763e46-2c68-46ea-ae9c-4adb784a7caa-groupManagement] INFO  server.RaftServerConfigKeys (ConfUtils.java:logGet(46)) - raft.server.rpc.timeout.max = 5200ms (custom)
2023-05-23 10:25:16,959 [7f763e46-2c68-46ea-ae9c-4adb784a7caa-groupManagement] INFO  server.RaftServerConfigKeys (ConfUtils.java:logGet(46)) - raft.server.rpc.sleep.time = 25ms (default)
2023-05-23 10:25:16,959 [7f763e46-2c68-46ea-ae9c-4adb784a7caa-groupManagement] INFO  server.RaftServerConfigKeys (ConfUtils.java:logGet(46)) - raft.server.rpc.slowness.timeout = 300s (custom)
2023-05-23 10:25:16,960 [7f763e46-2c68-46ea-ae9c-4adb784a7caa-groupManagement] INFO  server.RaftServerConfigKeys (ConfUtils.java:logGet(46)) - raft.server.leaderelection.leader.step-down.wait-time = 10s (default)
2023-05-23 10:25:16,960 [7f763e46-2c68-46ea-ae9c-4adb784a7caa-groupManagement] INFO  server.RaftServerConfigKeys (ConfUtils.java:logGet(46)) - raft.server.sleep.deviation.threshold = 300ms (default)
2023-05-23 10:25:16,960 [7f763e46-2c68-46ea-ae9c-4adb784a7caa-groupManagement] INFO  server.RaftServer$Division (ServerState.java:<init>(120)) - 7f763e46-2c68-46ea-ae9c-4adb784a7caa@group-44952E474E42: ConfigurationManager, init=-1: peers:[7f763e46-2c68-46ea-ae9c-4adb784a7caa|rpc:10.1.0.38:15061|admin:10.1.0.38:15060|client:10.1.0.38:15059|dataStream:10.1.0.38:15062|priority:1|startupRole:FOLLOWER]|listeners:[], old=null, confs=<EMPTY_MAP>
2023-05-23 10:25:16,960 [7f763e46-2c68-46ea-ae9c-4adb784a7caa-groupManagement] INFO  server.RaftServerConfigKeys (ConfUtils.java:logGet(46)) - raft.server.storage.dir = [/home/runner/work/ozone/ozone/hadoop-ozone/integration-test/target/test-dir/MiniOzoneClusterImpl-ce972063-568b-4811-bfe7-9c87601498a3/datanode-0/data/ratis] (custom)
2023-05-23 10:25:16,960 [7f763e46-2c68-46ea-ae9c-4adb784a7caa-groupManagement] INFO  server.RaftServerConfigKeys (ConfUtils.java:logGet(46)) - raft.server.log.corruption.policy = EXCEPTION (default)
2023-05-23 10:25:16,960 [7f763e46-2c68-46ea-ae9c-4adb784a7caa-groupManagement] INFO  server.RaftServerConfigKeys (ConfUtils.java:logGet(46)) - raft.server.storage.free-space.min = 0MB (=0) (default)
2023-05-23 10:25:16,960 [7f763e46-2c68-46ea-ae9c-4adb784a7caa-groupManagement] INFO  server.RaftServerConfigKeys (ConfUtils.java:logGet(46)) - raft.server.notification.no-leader.timeout = 300s (custom)
2023-05-23 10:25:16,960 [7f763e46-2c68-46ea-ae9c-4adb784a7caa-groupManagement] INFO  server.RaftServerConfigKeys (ConfUtils.java:logGet(46)) - raft.server.read.timeout = 10s (default)
2023-05-23 10:25:16,960 [7f763e46-2c68-46ea-ae9c-4adb784a7caa-groupManagement] INFO  server.RaftServerConfigKeys (ConfUtils.java:logGet(46)) - raft.server.retrycache.expirytime = 600000ms (custom)
2023-05-23 10:25:16,960 [7f763e46-2c68-46ea-ae9c-4adb784a7caa-groupManagement] INFO  server.RaftServerConfigKeys (ConfUtils.java:logGet(46)) - raft.server.retrycache.statistics.expirytime = 100μs (default)
2023-05-23 10:25:16,960 [7f763e46-2c68-46ea-ae9c-4adb784a7caa-groupManagement] INFO  server.RaftServerConfigKeys (ConfUtils.java:logGet(46)) - raft.server.read.option = DEFAULT (default)
2023-05-23 10:25:16,963 [7f763e46-2c68-46ea-ae9c-4adb784a7caa-groupManagement] INFO  server.RaftServerConfigKeys (ConfUtils.java:logGet(46)) - raft.server.rpc.request.timeout = 60s (custom)
2023-05-23 10:25:16,963 [7f763e46-2c68-46ea-ae9c-4adb784a7caa-groupManagement] INFO  server.RaftServerConfigKeys (ConfUtils.java:logGet(46)) - raft.server.log.appender.install.snapshot.enabled = false (custom)
2023-05-23 10:25:16,963 [7f763e46-2c68-46ea-ae9c-4adb784a7caa-groupManagement] INFO  server.RaftServerConfigKeys (ConfUtils.java:logGet(46)) - raft.server.threadpool.server.cached = true (default)
2023-05-23 10:25:16,963 [7f763e46-2c68-46ea-ae9c-4adb784a7caa-groupManagement] INFO  server.RaftServerConfigKeys (ConfUtils.java:logGet(46)) - raft.server.threadpool.server.size = 0 (default)
2023-05-23 10:25:16,963 [7f763e46-2c68-46ea-ae9c-4adb784a7caa-groupManagement] INFO  server.RaftServerConfigKeys (ConfUtils.java:logGet(46)) - raft.server.threadpool.client.cached = true (default)
2023-05-23 10:25:16,963 [7f763e46-2c68-46ea-ae9c-4adb784a7caa-groupManagement] INFO  server.RaftServerConfigKeys (ConfUtils.java:logGet(46)) - raft.server.threadpool.client.size = 0 (default)
2023-05-23 10:25:16,963 [7f763e46-2c68-46ea-ae9c-4adb784a7caa-groupManagement] INFO  storage.RaftStorageDirectory (RaftStorageDirectoryImpl.java:analyzeStorage(137)) - The storage directory /home/runner/work/ozone/ozone/hadoop-ozone/integration-test/target/test-dir/MiniOzoneClusterImpl-ce972063-568b-4811-bfe7-9c87601498a3/datanode-0/data/ratis/c0f45c07-70c4-4bcd-895a-44952e474e42 does not exist. Creating ...
2023-05-23 10:25:16,965 [7f763e46-2c68-46ea-ae9c-4adb784a7caa-groupManagement] INFO  storage.RaftStorageDirectory (RaftStorageDirectoryImpl.java:tryLock(231)) - Lock on /home/runner/work/ozone/ozone/hadoop-ozone/integration-test/target/test-dir/MiniOzoneClusterImpl-ce972063-568b-4811-bfe7-9c87601498a3/datanode-0/data/ratis/c0f45c07-70c4-4bcd-895a-44952e474e42/in_use.lock acquired by nodename 10384@fv-az1249-304
2023-05-23 10:25:16,966 [7f763e46-2c68-46ea-ae9c-4adb784a7caa-groupManagement] INFO  storage.RaftStorage (RaftStorageImpl.java:format(96)) - Storage directory /home/runner/work/ozone/ozone/hadoop-ozone/integration-test/target/test-dir/MiniOzoneClusterImpl-ce972063-568b-4811-bfe7-9c87601498a3/datanode-0/data/ratis/c0f45c07-70c4-4bcd-895a-44952e474e42 has been successfully formatted.
2023-05-23 10:25:16,969 [7f763e46-2c68-46ea-ae9c-4adb784a7caa-groupManagement] INFO  ratis.ContainerStateMachine (ContainerStateMachine.java:loadSnapshot(262)) - group-44952E474E42: The snapshot info is null. Setting the last applied indexto:(t:0, i:~)
2023-05-23 10:25:16,969 [7f763e46-2c68-46ea-ae9c-4adb784a7caa-groupManagement] INFO  server.RaftServerConfigKeys (ConfUtils.java:logGet(46)) - raft.server.log.use.memory = false (default)
2023-05-23 10:25:16,969 [7f763e46-2c68-46ea-ae9c-4adb784a7caa-groupManagement] INFO  server.RaftServerConfigKeys (ConfUtils.java:logGet(46)) - raft.server.log.purge.gap = 1000000 (custom)
2023-05-23 10:25:16,969 [7f763e46-2c68-46ea-ae9c-4adb784a7caa-groupManagement] INFO  server.RaftServerConfigKeys (ConfUtils.java:logGet(46)) - raft.server.log.appender.buffer.byte-limit = 33554432 (custom)
2023-05-23 10:25:16,969 [7f763e46-2c68-46ea-ae9c-4adb784a7caa-groupManagement] INFO  server.RaftServerConfigKeys (ConfUtils.java:logGet(46)) - raft.server.log.statemachine.data.read.timeout = 1000ms (default)
2023-05-23 10:25:16,969 [7f763e46-2c68-46ea-ae9c-4adb784a7caa-groupManagement] INFO  server.RaftServerConfigKeys (ConfUtils.java:logGet(46)) - raft.server.log.purge.preservation.log.num = 0 (default)
2023-05-23 10:25:16,970 [EventQueue-PipelineReportForPipelineReportHandler] INFO  pipeline.PipelineManagerImpl (PipelineManagerImpl.java:openPipeline(367)) - Pipeline Pipeline[ Id: c0f45c07-70c4-4bcd-895a-44952e474e42, Nodes: 7f763e46-2c68-46ea-ae9c-4adb784a7caa(fv-az1249-304/10.1.0.38), ReplicationConfig: RATIS/ONE, State:ALLOCATED, leaderId:7f763e46-2c68-46ea-ae9c-4adb784a7caa, CreationTimestamp2023-05-23T10:25:13.962Z[Etc/UTC]] moved to OPEN state
2023-05-23 10:25:16,970 [7f763e46-2c68-46ea-ae9c-4adb784a7caa-groupManagement] INFO  server.RaftServerConfigKeys (ConfUtils.java:logGet(46)) - raft.server.log.segment.size.max = 1048576 (custom)
2023-05-23 10:25:16,971 [7f763e46-2c68-46ea-ae9c-4adb784a7caa-groupManagement] INFO  server.RaftServerConfigKeys (ConfUtils.java:logGet(46)) - raft.server.log.segment.cache.num.max = 2 (custom)
2023-05-23 10:25:16,971 [7f763e46-2c68-46ea-ae9c-4adb784a7caa-groupManagement] INFO  server.RaftServerConfigKeys (ConfUtils.java:logGet(46)) - raft.server.log.segment.cache.size.max = 200MB (=209715200) (default)
2023-05-23 10:25:16,971 [7f763e46-2c68-46ea-ae9c-4adb784a7caa-groupManagement] INFO  server.RaftServerConfigKeys (ConfUtils.java:logGet(46)) - raft.server.log.appender.buffer.byte-limit = 33554432 (custom)
2023-05-23 10:25:16,971 [7f763e46-2c68-46ea-ae9c-4adb784a7caa-groupManagement] INFO  segmented.SegmentedRaftLogWorker (SegmentedRaftLogWorker.java:<init>(188)) - new 7f763e46-2c68-46ea-ae9c-4adb784a7caa@group-44952E474E42-SegmentedRaftLogWorker for RaftStorageImpl:Storage Directory /home/runner/work/ozone/ozone/hadoop-ozone/integration-test/target/test-dir/MiniOzoneClusterImpl-ce972063-568b-4811-bfe7-9c87601498a3/datanode-0/data/ratis/c0f45c07-70c4-4bcd-895a-44952e474e42
2023-05-23 10:25:16,971 [7f763e46-2c68-46ea-ae9c-4adb784a7caa-groupManagement] INFO  server.RaftServerConfigKeys (ConfUtils.java:logGet(46)) - raft.server.log.queue.byte-limit = 4294967296 (custom)
2023-05-23 10:25:16,972 [7f763e46-2c68-46ea-ae9c-4adb784a7caa-groupManagement] INFO  server.RaftServerConfigKeys (ConfUtils.java:logGet(46)) - raft.server.log.queue.element-limit = 1024 (custom)
2023-05-23 10:25:16,972 [7f763e46-2c68-46ea-ae9c-4adb784a7caa-groupManagement] INFO  server.RaftServerConfigKeys (ConfUtils.java:logGet(46)) - raft.server.log.segment.size.max = 1048576 (custom)
2023-05-23 10:25:16,972 [7f763e46-2c68-46ea-ae9c-4adb784a7caa-groupManagement] INFO  server.RaftServerConfigKeys (ConfUtils.java:logGet(46)) - raft.server.log.preallocated.size = 16384 (custom)
2023-05-23 10:25:16,972 [7f763e46-2c68-46ea-ae9c-4adb784a7caa-groupManagement] INFO  server.RaftServerConfigKeys (ConfUtils.java:logGet(46)) - raft.server.log.force.sync.num = 128 (default)
2023-05-23 10:25:16,972 [7f763e46-2c68-46ea-ae9c-4adb784a7caa-groupManagement] INFO  server.RaftServerConfigKeys (ConfUtils.java:logGet(46)) - raft.server.log.statemachine.data.sync = true (default)
2023-05-23 10:25:16,972 [7f763e46-2c68-46ea-ae9c-4adb784a7caa-groupManagement] INFO  server.RaftServerConfigKeys (ConfUtils.java:logGet(46)) - raft.server.log.statemachine.data.sync.timeout = 10s (default)
2023-05-23 10:25:16,972 [7f763e46-2c68-46ea-ae9c-4adb784a7caa-groupManagement] INFO  server.RaftServerConfigKeys (ConfUtils.java:logGet(46)) - raft.server.log.statemachine.data.sync.timeout.retry = -1 (default)
2023-05-23 10:25:16,973 [7f763e46-2c68-46ea-ae9c-4adb784a7caa-groupManagement] INFO  server.RaftServerConfigKeys (ConfUtils.java:logGet(46)) - raft.server.log.write.buffer.size = 1048576 (custom)
2023-05-23 10:25:16,974 [7f763e46-2c68-46ea-ae9c-4adb784a7caa-groupManagement] INFO  server.RaftServerConfigKeys (ConfUtils.java:logGet(46)) - raft.server.log.appender.buffer.byte-limit = 33554432 (custom)
2023-05-23 10:25:16,980 [7f763e46-2c68-46ea-ae9c-4adb784a7caa-groupManagement] INFO  server.RaftServerConfigKeys (ConfUtils.java:logGet(46)) - raft.server.log.unsafe-flush.enabled = false (default)
2023-05-23 10:25:16,980 [7f763e46-2c68-46ea-ae9c-4adb784a7caa-groupManagement] INFO  server.RaftServerConfigKeys (ConfUtils.java:logGet(46)) - raft.server.log.async-flush.enabled = false (default)
2023-05-23 10:25:16,980 [7f763e46-2c68-46ea-ae9c-4adb784a7caa-groupManagement] INFO  server.RaftServerConfigKeys (ConfUtils.java:logGet(46)) - raft.server.log.statemachine.data.caching.enabled = true (custom)
2023-05-23 10:25:16,980 [7f763e46-2c68-46ea-ae9c-4adb784a7caa-groupManagement] INFO  segmented.SegmentedRaftLogWorker (SegmentedRaftLogWorker.java:lambda$new$0(135)) - 7f763e46-2c68-46ea-ae9c-4adb784a7caa@group-44952E474E42-SegmentedRaftLogWorker: flushIndex: setUnconditionally 0 -> -1
2023-05-23 10:25:16,980 [7f763e46-2c68-46ea-ae9c-4adb784a7caa-groupManagement] INFO  segmented.SegmentedRaftLogWorker (SegmentedRaftLogWorker.java:lambda$new$0(135)) - 7f763e46-2c68-46ea-ae9c-4adb784a7caa@group-44952E474E42-SegmentedRaftLogWorker: safeCacheEvictIndex: setUnconditionally 0 -> -1
2023-05-23 10:25:16,981 [7f763e46-2c68-46ea-ae9c-4adb784a7caa-groupManagement] INFO  server.RaftServer$Division (RaftServerImpl.java:start(342)) - 7f763e46-2c68-46ea-ae9c-4adb784a7caa@group-44952E474E42: start as a follower, conf=-1: peers:[7f763e46-2c68-46ea-ae9c-4adb784a7caa|rpc:10.1.0.38:15061|admin:10.1.0.38:15060|client:10.1.0.38:15059|dataStream:10.1.0.38:15062|priority:1|startupRole:FOLLOWER]|listeners:[], old=null
2023-05-23 10:25:16,981 [7f763e46-2c68-46ea-ae9c-4adb784a7caa-groupManagement] INFO  server.RaftServer$Division (RaftServerImpl.java:setRole(329)) - 7f763e46-2c68-46ea-ae9c-4adb784a7caa@group-44952E474E42: changes role from      null to FOLLOWER at term 0 for startAsFollower
2023-05-23 10:25:16,981 [7f763e46-2c68-46ea-ae9c-4adb784a7caa-groupManagement] INFO  impl.RoleInfo (RoleInfo.java:updateAndGet(139)) - 7f763e46-2c68-46ea-ae9c-4adb784a7caa: start 7f763e46-2c68-46ea-ae9c-4adb784a7caa@group-44952E474E42-FollowerState
2023-05-23 10:25:16,983 [EventQueue-OpenPipelineForHealthyPipelineSafeModeRule] INFO  safemode.SCMSafeModeManager (HealthyPipelineSafeModeRule.java:process(137)) - SCM in safe mode. Healthy pipelines reported count is 0, required healthy pipeline reported count is 1
2023-05-23 10:25:16,983 [7f763e46-2c68-46ea-ae9c-4adb784a7caa-groupManagement] INFO  util.JmxRegister (JmxRegister.java:tryRegister(44)) - Successfully registered JMX Bean with object name Ratis:service=RaftServer,group=group-44952E474E42,id=7f763e46-2c68-46ea-ae9c-4adb784a7caa
2023-05-23 10:25:16,983 [7f763e46-2c68-46ea-ae9c-4adb784a7caa-groupManagement] INFO  server.RaftServerConfigKeys (ConfUtils.java:logGet(46)) - raft.server.snapshot.auto.trigger.enabled = true (custom)
2023-05-23 10:25:16,983 [7f763e46-2c68-46ea-ae9c-4adb784a7caa-groupManagement] INFO  server.RaftServerConfigKeys (ConfUtils.java:logGet(46)) - raft.server.snapshot.auto.trigger.threshold = 10000 (custom)
2023-05-23 10:25:16,983 [7f763e46-2c68-46ea-ae9c-4adb784a7caa-groupManagement] INFO  server.RaftServerConfigKeys (ConfUtils.java:logGet(46)) - raft.server.snapshot.retention.file.num = 5 (custom)
2023-05-23 10:25:16,983 [7f763e46-2c68-46ea-ae9c-4adb784a7caa-groupManagement] INFO  server.RaftServerConfigKeys (ConfUtils.java:logGet(46)) - raft.server.log.purge.upto.snapshot.index = false (default)
2023-05-23 10:25:16,983 [7f763e46-2c68-46ea-ae9c-4adb784a7caa@group-44952E474E42-FollowerState] INFO  server.RaftServerConfigKeys (ConfUtils.java:logFallback(53)) - raft.server.rpc.first-election.timeout.min = 5s (fallback to raft.server.rpc.timeout.min)
2023-05-23 10:25:16,984 [7f763e46-2c68-46ea-ae9c-4adb784a7caa@group-44952E474E42-FollowerState] INFO  server.RaftServerConfigKeys (ConfUtils.java:logFallback(53)) - raft.server.rpc.first-election.timeout.max = 5200ms (fallback to raft.server.rpc.timeout.max)
2023-05-23 10:25:16,984 [Command processor thread] INFO  ratis.XceiverServerRatis (XceiverServerRatis.java:addGroup(806)) - Created group PipelineID=c0f45c07-70c4-4bcd-895a-44952e474e42
2023-05-23 10:25:16,984 [Command processor thread] INFO  commandhandler.CreatePipelineCommandHandler (CreatePipelineCommandHandler.java:handle(113)) - Created Pipeline RATIS ONE PipelineID=c0f45c07-70c4-4bcd-895a-44952e474e42.
2023-05-23 10:25:16,984 [Command processor thread] INFO  server.RaftServer (RaftServerProxy.java:addNew(98)) - 7f763e46-2c68-46ea-ae9c-4adb784a7caa: addNew group-180592A7F77F:[ec27dbe6-08af-4523-b3ed-9f1573a1668d|rpc:10.1.0.38:15069|admin:10.1.0.38:15068|client:10.1.0.38:15067|dataStream:10.1.0.38:15070|priority:0|startupRole:FOLLOWER, 7f763e46-2c68-46ea-ae9c-4adb784a7caa|rpc:10.1.0.38:15061|admin:10.1.0.38:15060|client:10.1.0.38:15059|dataStream:10.1.0.38:15062|priority:1|startupRole:FOLLOWER, e9bacc8e-add2-470d-91e3-29c7cfa3c1f4|rpc:10.1.0.38:15077|admin:10.1.0.38:15076|client:10.1.0.38:15075|dataStream:10.1.0.38:15078|priority:0|startupRole:FOLLOWER] returns group-180592A7F77F:java.util.concurrent.CompletableFuture@520f29dd[Not completed]
2023-05-23 10:25:16,986 [7f763e46-2c68-46ea-ae9c-4adb784a7caa-groupManagement] INFO  server.RaftServer$Division (RaftServerImpl.java:<init>(198)) - 7f763e46-2c68-46ea-ae9c-4adb784a7caa: new RaftServerImpl for group-180592A7F77F:[ec27dbe6-08af-4523-b3ed-9f1573a1668d|rpc:10.1.0.38:15069|admin:10.1.0.38:15068|client:10.1.0.38:15067|dataStream:10.1.0.38:15070|priority:0|startupRole:FOLLOWER, 7f763e46-2c68-46ea-ae9c-4adb784a7caa|rpc:10.1.0.38:15061|admin:10.1.0.38:15060|client:10.1.0.38:15059|dataStream:10.1.0.38:15062|priority:1|startupRole:FOLLOWER, e9bacc8e-add2-470d-91e3-29c7cfa3c1f4|rpc:10.1.0.38:15077|admin:10.1.0.38:15076|client:10.1.0.38:15075|dataStream:10.1.0.38:15078|priority:0|startupRole:FOLLOWER] with ContainerStateMachine:uninitialized
2023-05-23 10:25:16,986 [7f763e46-2c68-46ea-ae9c-4adb784a7caa-groupManagement] INFO  server.RaftServerConfigKeys (ConfUtils.java:logGet(46)) - raft.server.rpc.timeout.min = 5s (custom)
2023-05-23 10:25:16,986 [7f763e46-2c68-46ea-ae9c-4adb784a7caa-groupManagement] INFO  server.RaftServerConfigKeys (ConfUtils.java:logGet(46)) - raft.server.rpc.timeout.max = 5200ms (custom)
2023-05-23 10:25:16,986 [7f763e46-2c68-46ea-ae9c-4adb784a7caa-groupManagement] INFO  server.RaftServerConfigKeys (ConfUtils.java:logGet(46)) - raft.server.rpc.sleep.time = 25ms (default)
2023-05-23 10:25:16,986 [7f763e46-2c68-46ea-ae9c-4adb784a7caa-groupManagement] INFO  server.RaftServerConfigKeys (ConfUtils.java:logGet(46)) - raft.server.rpc.slowness.timeout = 300s (custom)
2023-05-23 10:25:16,986 [7f763e46-2c68-46ea-ae9c-4adb784a7caa-groupManagement] INFO  server.RaftServerConfigKeys (ConfUtils.java:logGet(46)) - raft.server.leaderelection.leader.step-down.wait-time = 10s (default)
2023-05-23 10:25:16,986 [7f763e46-2c68-46ea-ae9c-4adb784a7caa-groupManagement] INFO  server.RaftServerConfigKeys (ConfUtils.java:logGet(46)) - raft.server.sleep.deviation.threshold = 300ms (default)
2023-05-23 10:25:16,986 [7f763e46-2c68-46ea-ae9c-4adb784a7caa-groupManagement] INFO  server.RaftServer$Division (ServerState.java:<init>(120)) - 7f763e46-2c68-46ea-ae9c-4adb784a7caa@group-180592A7F77F: ConfigurationManager, init=-1: peers:[ec27dbe6-08af-4523-b3ed-9f1573a1668d|rpc:10.1.0.38:15069|admin:10.1.0.38:15068|client:10.1.0.38:15067|dataStream:10.1.0.38:15070|priority:0|startupRole:FOLLOWER, 7f763e46-2c68-46ea-ae9c-4adb784a7caa|rpc:10.1.0.38:15061|admin:10.1.0.38:15060|client:10.1.0.38:15059|dataStream:10.1.0.38:15062|priority:1|startupRole:FOLLOWER, e9bacc8e-add2-470d-91e3-29c7cfa3c1f4|rpc:10.1.0.38:15077|admin:10.1.0.38:15076|client:10.1.0.38:15075|dataStream:10.1.0.38:15078|priority:0|startupRole:FOLLOWER]|listeners:[], old=null, confs=<EMPTY_MAP>
2023-05-23 10:25:16,986 [7f763e46-2c68-46ea-ae9c-4adb784a7caa-groupManagement] INFO  server.RaftServerConfigKeys (ConfUtils.java:logGet(46)) - raft.server.storage.dir = [/home/runner/work/ozone/ozone/hadoop-ozone/integration-test/target/test-dir/MiniOzoneClusterImpl-ce972063-568b-4811-bfe7-9c87601498a3/datanode-0/data/ratis] (custom)
2023-05-23 10:25:16,986 [7f763e46-2c68-46ea-ae9c-4adb784a7caa-groupManagement] INFO  server.RaftServerConfigKeys (ConfUtils.java:logGet(46)) - raft.server.log.corruption.policy = EXCEPTION (default)
2023-05-23 10:25:16,986 [7f763e46-2c68-46ea-ae9c-4adb784a7caa-groupManagement] INFO  server.RaftServerConfigKeys (ConfUtils.java:logGet(46)) - raft.server.storage.free-space.min = 0MB (=0) (default)
2023-05-23 10:25:16,987 [7f763e46-2c68-46ea-ae9c-4adb784a7caa-groupManagement] INFO  server.RaftServerConfigKeys (ConfUtils.java:logGet(46)) - raft.server.notification.no-leader.timeout = 300s (custom)
2023-05-23 10:25:16,987 [7f763e46-2c68-46ea-ae9c-4adb784a7caa-groupManagement] INFO  server.RaftServerConfigKeys (ConfUtils.java:logGet(46)) - raft.server.read.timeout = 10s (default)
2023-05-23 10:25:16,987 [7f763e46-2c68-46ea-ae9c-4adb784a7caa-groupManagement] INFO  server.RaftServerConfigKeys (ConfUtils.java:logGet(46)) - raft.server.retrycache.expirytime = 600000ms (custom)
2023-05-23 10:25:16,987 [7f763e46-2c68-46ea-ae9c-4adb784a7caa-groupManagement] INFO  server.RaftServerConfigKeys (ConfUtils.java:logGet(46)) - raft.server.retrycache.statistics.expirytime = 100μs (default)
2023-05-23 10:25:16,987 [7f763e46-2c68-46ea-ae9c-4adb784a7caa-groupManagement] INFO  server.RaftServerConfigKeys (ConfUtils.java:logGet(46)) - raft.server.read.option = DEFAULT (default)
2023-05-23 10:25:16,988 [7f763e46-2c68-46ea-ae9c-4adb784a7caa-groupManagement] INFO  server.RaftServerConfigKeys (ConfUtils.java:logGet(46)) - raft.server.rpc.request.timeout = 60s (custom)
2023-05-23 10:25:16,988 [7f763e46-2c68-46ea-ae9c-4adb784a7caa-groupManagement] INFO  server.RaftServerConfigKeys (ConfUtils.java:logGet(46)) - raft.server.log.appender.install.snapshot.enabled = false (custom)
2023-05-23 10:25:16,988 [7f763e46-2c68-46ea-ae9c-4adb784a7caa-groupManagement] INFO  server.RaftServerConfigKeys (ConfUtils.java:logGet(46)) - raft.server.threadpool.server.cached = true (default)
2023-05-23 10:25:16,988 [7f763e46-2c68-46ea-ae9c-4adb784a7caa-groupManagement] INFO  server.RaftServerConfigKeys (ConfUtils.java:logGet(46)) - raft.server.threadpool.server.size = 0 (default)
2023-05-23 10:25:16,988 [7f763e46-2c68-46ea-ae9c-4adb784a7caa-groupManagement] INFO  server.RaftServerConfigKeys (ConfUtils.java:logGet(46)) - raft.server.threadpool.client.cached = true (default)
2023-05-23 10:25:16,988 [7f763e46-2c68-46ea-ae9c-4adb784a7caa-groupManagement] INFO  server.RaftServerConfigKeys (ConfUtils.java:logGet(46)) - raft.server.threadpool.client.size = 0 (default)
2023-05-23 10:25:16,988 [7f763e46-2c68-46ea-ae9c-4adb784a7caa-groupManagement] INFO  storage.RaftStorageDirectory (RaftStorageDirectoryImpl.java:analyzeStorage(137)) - The storage directory /home/runner/work/ozone/ozone/hadoop-ozone/integration-test/target/test-dir/MiniOzoneClusterImpl-ce972063-568b-4811-bfe7-9c87601498a3/datanode-0/data/ratis/2dccc36a-3241-4516-8d37-180592a7f77f does not exist. Creating ...
2023-05-23 10:25:16,989 [7f763e46-2c68-46ea-ae9c-4adb784a7caa-groupManagement] INFO  storage.RaftStorageDirectory (RaftStorageDirectoryImpl.java:tryLock(231)) - Lock on /home/runner/work/ozone/ozone/hadoop-ozone/integration-test/target/test-dir/MiniOzoneClusterImpl-ce972063-568b-4811-bfe7-9c87601498a3/datanode-0/data/ratis/2dccc36a-3241-4516-8d37-180592a7f77f/in_use.lock acquired by nodename 10384@fv-az1249-304
2023-05-23 10:25:16,991 [7f763e46-2c68-46ea-ae9c-4adb784a7caa-groupManagement] INFO  storage.RaftStorage (RaftStorageImpl.java:format(96)) - Storage directory /home/runner/work/ozone/ozone/hadoop-ozone/integration-test/target/test-dir/MiniOzoneClusterImpl-ce972063-568b-4811-bfe7-9c87601498a3/datanode-0/data/ratis/2dccc36a-3241-4516-8d37-180592a7f77f has been successfully formatted.
2023-05-23 10:25:16,991 [7f763e46-2c68-46ea-ae9c-4adb784a7caa-groupManagement] INFO  ratis.ContainerStateMachine (ContainerStateMachine.java:loadSnapshot(262)) - group-180592A7F77F: The snapshot info is null. Setting the last applied indexto:(t:0, i:~)
2023-05-23 10:25:16,991 [7f763e46-2c68-46ea-ae9c-4adb784a7caa-groupManagement] INFO  server.RaftServerConfigKeys (ConfUtils.java:logGet(46)) - raft.server.log.use.memory = false (default)
2023-05-23 10:25:16,991 [7f763e46-2c68-46ea-ae9c-4adb784a7caa-groupManagement] INFO  server.RaftServerConfigKeys (ConfUtils.java:logGet(46)) - raft.server.log.purge.gap = 1000000 (custom)
2023-05-23 10:25:16,991 [7f763e46-2c68-46ea-ae9c-4adb784a7caa-groupManagement] INFO  server.RaftServerConfigKeys (ConfUtils.java:logGet(46)) - raft.server.log.appender.buffer.byte-limit = 33554432 (custom)
2023-05-23 10:25:16,991 [7f763e46-2c68-46ea-ae9c-4adb784a7caa-groupManagement] INFO  server.RaftServerConfigKeys (ConfUtils.java:logGet(46)) - raft.server.log.statemachine.data.read.timeout = 1000ms (default)
2023-05-23 10:25:16,991 [7f763e46-2c68-46ea-ae9c-4adb784a7caa-groupManagement] INFO  server.RaftServerConfigKeys (ConfUtils.java:logGet(46)) - raft.server.log.purge.preservation.log.num = 0 (default)
2023-05-23 10:25:16,992 [7f763e46-2c68-46ea-ae9c-4adb784a7caa-groupManagement] INFO  server.RaftServerConfigKeys (ConfUtils.java:logGet(46)) - raft.server.log.segment.size.max = 1048576 (custom)
2023-05-23 10:25:16,992 [7f763e46-2c68-46ea-ae9c-4adb784a7caa-groupManagement] INFO  server.RaftServerConfigKeys (ConfUtils.java:logGet(46)) - raft.server.log.segment.cache.num.max = 2 (custom)
2023-05-23 10:25:16,992 [7f763e46-2c68-46ea-ae9c-4adb784a7caa-groupManagement] INFO  server.RaftServerConfigKeys (ConfUtils.java:logGet(46)) - raft.server.log.segment.cache.size.max = 200MB (=209715200) (default)
2023-05-23 10:25:16,992 [7f763e46-2c68-46ea-ae9c-4adb784a7caa-groupManagement] INFO  server.RaftServerConfigKeys (ConfUtils.java:logGet(46)) - raft.server.log.appender.buffer.byte-limit = 33554432 (custom)
2023-05-23 10:25:16,992 [7f763e46-2c68-46ea-ae9c-4adb784a7caa-groupManagement] INFO  segmented.SegmentedRaftLogWorker (SegmentedRaftLogWorker.java:<init>(188)) - new 7f763e46-2c68-46ea-ae9c-4adb784a7caa@group-180592A7F77F-SegmentedRaftLogWorker for RaftStorageImpl:Storage Directory /home/runner/work/ozone/ozone/hadoop-ozone/integration-test/target/test-dir/MiniOzoneClusterImpl-ce972063-568b-4811-bfe7-9c87601498a3/datanode-0/data/ratis/2dccc36a-3241-4516-8d37-180592a7f77f
2023-05-23 10:25:16,992 [7f763e46-2c68-46ea-ae9c-4adb784a7caa-groupManagement] INFO  server.RaftServerConfigKeys (ConfUtils.java:logGet(46)) - raft.server.log.queue.byte-limit = 4294967296 (custom)
2023-05-23 10:25:16,992 [7f763e46-2c68-46ea-ae9c-4adb784a7caa-groupManagement] INFO  server.RaftServerConfigKeys (ConfUtils.java:logGet(46)) - raft.server.log.queue.element-limit = 1024 (custom)
2023-05-23 10:25:16,993 [7f763e46-2c68-46ea-ae9c-4adb784a7caa-groupManagement] INFO  server.RaftServerConfigKeys (ConfUtils.java:logGet(46)) - raft.server.log.segment.size.max = 1048576 (custom)
2023-05-23 10:25:16,993 [7f763e46-2c68-46ea-ae9c-4adb784a7caa-groupManagement] INFO  server.RaftServerConfigKeys (ConfUtils.java:logGet(46)) - raft.server.log.preallocated.size = 16384 (custom)
2023-05-23 10:25:16,993 [7f763e46-2c68-46ea-ae9c-4adb784a7caa-groupManagement] INFO  server.RaftServerConfigKeys (ConfUtils.java:logGet(46)) - raft.server.log.force.sync.num = 128 (default)
2023-05-23 10:25:16,993 [7f763e46-2c68-46ea-ae9c-4adb784a7caa-groupManagement] INFO  server.RaftServerConfigKeys (ConfUtils.java:logGet(46)) - raft.server.log.statemachine.data.sync = true (default)
2023-05-23 10:25:16,993 [7f763e46-2c68-46ea-ae9c-4adb784a7caa-groupManagement] INFO  server.RaftServerConfigKeys (ConfUtils.java:logGet(46)) - raft.server.log.statemachine.data.sync.timeout = 10s (default)
2023-05-23 10:25:16,993 [7f763e46-2c68-46ea-ae9c-4adb784a7caa-groupManagement] INFO  server.RaftServerConfigKeys (ConfUtils.java:logGet(46)) - raft.server.log.statemachine.data.sync.timeout.retry = -1 (default)
2023-05-23 10:25:16,993 [EventQueue-OpenPipelineForHealthyPipelineSafeModeRule] INFO  safemode.SCMSafeModeManager (HealthyPipelineSafeModeRule.java:process(137)) - SCM in safe mode. Healthy pipelines reported count is 0, required healthy pipeline reported count is 1
2023-05-23 10:25:16,994 [7f763e46-2c68-46ea-ae9c-4adb784a7caa-groupManagement] INFO  server.RaftServerConfigKeys (ConfUtils.java:logGet(46)) - raft.server.log.write.buffer.size = 1048576 (custom)
2023-05-23 10:25:16,994 [7f763e46-2c68-46ea-ae9c-4adb784a7caa-groupManagement] INFO  server.RaftServerConfigKeys (ConfUtils.java:logGet(46)) - raft.server.log.appender.buffer.byte-limit = 33554432 (custom)
2023-05-23 10:25:17,000 [7f763e46-2c68-46ea-ae9c-4adb784a7caa-groupManagement] INFO  server.RaftServerConfigKeys (ConfUtils.java:logGet(46)) - raft.server.log.unsafe-flush.enabled = false (default)
2023-05-23 10:25:17,000 [7f763e46-2c68-46ea-ae9c-4adb784a7caa-groupManagement] INFO  server.RaftServerConfigKeys (ConfUtils.java:logGet(46)) - raft.server.log.async-flush.enabled = false (default)
2023-05-23 10:25:17,000 [7f763e46-2c68-46ea-ae9c-4adb784a7caa-groupManagement] INFO  server.RaftServerConfigKeys (ConfUtils.java:logGet(46)) - raft.server.log.statemachine.data.caching.enabled = true (custom)
2023-05-23 10:25:17,000 [7f763e46-2c68-46ea-ae9c-4adb784a7caa-groupManagement] INFO  segmented.SegmentedRaftLogWorker (SegmentedRaftLogWorker.java:lambda$new$0(135)) - 7f763e46-2c68-46ea-ae9c-4adb784a7caa@group-180592A7F77F-SegmentedRaftLogWorker: flushIndex: setUnconditionally 0 -> -1
2023-05-23 10:25:17,000 [7f763e46-2c68-46ea-ae9c-4adb784a7caa-groupManagement] INFO  segmented.SegmentedRaftLogWorker (SegmentedRaftLogWorker.java:lambda$new$0(135)) - 7f763e46-2c68-46ea-ae9c-4adb784a7caa@group-180592A7F77F-SegmentedRaftLogWorker: safeCacheEvictIndex: setUnconditionally 0 -> -1
2023-05-23 10:25:17,001 [7f763e46-2c68-46ea-ae9c-4adb784a7caa-groupManagement] INFO  server.RaftServer$Division (RaftServerImpl.java:start(342)) - 7f763e46-2c68-46ea-ae9c-4adb784a7caa@group-180592A7F77F: start as a follower, conf=-1: peers:[ec27dbe6-08af-4523-b3ed-9f1573a1668d|rpc:10.1.0.38:15069|admin:10.1.0.38:15068|client:10.1.0.38:15067|dataStream:10.1.0.38:15070|priority:0|startupRole:FOLLOWER, 7f763e46-2c68-46ea-ae9c-4adb784a7caa|rpc:10.1.0.38:15061|admin:10.1.0.38:15060|client:10.1.0.38:15059|dataStream:10.1.0.38:15062|priority:1|startupRole:FOLLOWER, e9bacc8e-add2-470d-91e3-29c7cfa3c1f4|rpc:10.1.0.38:15077|admin:10.1.0.38:15076|client:10.1.0.38:15075|dataStream:10.1.0.38:15078|priority:0|startupRole:FOLLOWER]|listeners:[], old=null
2023-05-23 10:25:17,001 [7f763e46-2c68-46ea-ae9c-4adb784a7caa-groupManagement] INFO  server.RaftServer$Division (RaftServerImpl.java:setRole(329)) - 7f763e46-2c68-46ea-ae9c-4adb784a7caa@group-180592A7F77F: changes role from      null to FOLLOWER at term 0 for startAsFollower
2023-05-23 10:25:17,001 [7f763e46-2c68-46ea-ae9c-4adb784a7caa-groupManagement] INFO  impl.RoleInfo (RoleInfo.java:updateAndGet(139)) - 7f763e46-2c68-46ea-ae9c-4adb784a7caa: start 7f763e46-2c68-46ea-ae9c-4adb784a7caa@group-180592A7F77F-FollowerState
2023-05-23 10:25:17,001 [7f763e46-2c68-46ea-ae9c-4adb784a7caa-groupManagement] INFO  util.JmxRegister (JmxRegister.java:tryRegister(44)) - Successfully registered JMX Bean with object name Ratis:service=RaftServer,group=group-180592A7F77F,id=7f763e46-2c68-46ea-ae9c-4adb784a7caa
2023-05-23 10:25:17,001 [7f763e46-2c68-46ea-ae9c-4adb784a7caa-groupManagement] INFO  server.RaftServerConfigKeys (ConfUtils.java:logGet(46)) - raft.server.snapshot.auto.trigger.enabled = true (custom)
2023-05-23 10:25:17,001 [7f763e46-2c68-46ea-ae9c-4adb784a7caa-groupManagement] INFO  server.RaftServerConfigKeys (ConfUtils.java:logGet(46)) - raft.server.snapshot.auto.trigger.threshold = 10000 (custom)
2023-05-23 10:25:17,001 [7f763e46-2c68-46ea-ae9c-4adb784a7caa-groupManagement] INFO  server.RaftServerConfigKeys (ConfUtils.java:logGet(46)) - raft.server.snapshot.retention.file.num = 5 (custom)
2023-05-23 10:25:17,002 [7f763e46-2c68-46ea-ae9c-4adb784a7caa-groupManagement] INFO  server.RaftServerConfigKeys (ConfUtils.java:logGet(46)) - raft.server.log.purge.upto.snapshot.index = false (default)
2023-05-23 10:25:17,002 [7f763e46-2c68-46ea-ae9c-4adb784a7caa@group-180592A7F77F-FollowerState] INFO  server.RaftServerConfigKeys (ConfUtils.java:logFallback(53)) - raft.server.rpc.first-election.timeout.min = 5s (fallback to raft.server.rpc.timeout.min)
2023-05-23 10:25:17,002 [7f763e46-2c68-46ea-ae9c-4adb784a7caa@group-180592A7F77F-FollowerState] INFO  server.RaftServerConfigKeys (ConfUtils.java:logFallback(53)) - raft.server.rpc.first-election.timeout.max = 5200ms (fallback to raft.server.rpc.timeout.max)
2023-05-23 10:25:17,002 [Command processor thread] INFO  ratis.XceiverServerRatis (XceiverServerRatis.java:addGroup(806)) - Created group PipelineID=2dccc36a-3241-4516-8d37-180592a7f77f
2023-05-23 10:25:17,018 [grpc-default-executor-0] INFO  server.RaftServer (RaftServerProxy.java:addNew(98)) - e9bacc8e-add2-470d-91e3-29c7cfa3c1f4: addNew group-180592A7F77F:[ec27dbe6-08af-4523-b3ed-9f1573a1668d|rpc:10.1.0.38:15069|admin:10.1.0.38:15068|client:10.1.0.38:15067|dataStream:10.1.0.38:15070|priority:0|startupRole:FOLLOWER, 7f763e46-2c68-46ea-ae9c-4adb784a7caa|rpc:10.1.0.38:15061|admin:10.1.0.38:15060|client:10.1.0.38:15059|dataStream:10.1.0.38:15062|priority:1|startupRole:FOLLOWER, e9bacc8e-add2-470d-91e3-29c7cfa3c1f4|rpc:10.1.0.38:15077|admin:10.1.0.38:15076|client:10.1.0.38:15075|dataStream:10.1.0.38:15078|priority:0|startupRole:FOLLOWER] returns group-180592A7F77F:java.util.concurrent.CompletableFuture@7b16f8b6[Not completed]
2023-05-23 10:25:17,019 [e9bacc8e-add2-470d-91e3-29c7cfa3c1f4-groupManagement] INFO  server.RaftServer$Division (RaftServerImpl.java:<init>(198)) - e9bacc8e-add2-470d-91e3-29c7cfa3c1f4: new RaftServerImpl for group-180592A7F77F:[ec27dbe6-08af-4523-b3ed-9f1573a1668d|rpc:10.1.0.38:15069|admin:10.1.0.38:15068|client:10.1.0.38:15067|dataStream:10.1.0.38:15070|priority:0|startupRole:FOLLOWER, 7f763e46-2c68-46ea-ae9c-4adb784a7caa|rpc:10.1.0.38:15061|admin:10.1.0.38:15060|client:10.1.0.38:15059|dataStream:10.1.0.38:15062|priority:1|startupRole:FOLLOWER, e9bacc8e-add2-470d-91e3-29c7cfa3c1f4|rpc:10.1.0.38:15077|admin:10.1.0.38:15076|client:10.1.0.38:15075|dataStream:10.1.0.38:15078|priority:0|startupRole:FOLLOWER] with ContainerStateMachine:uninitialized
2023-05-23 10:25:17,019 [e9bacc8e-add2-470d-91e3-29c7cfa3c1f4-groupManagement] INFO  server.RaftServerConfigKeys (ConfUtils.java:logGet(46)) - raft.server.rpc.timeout.min = 5s (custom)
2023-05-23 10:25:17,019 [e9bacc8e-add2-470d-91e3-29c7cfa3c1f4-groupManagement] INFO  server.RaftServerConfigKeys (ConfUtils.java:logGet(46)) - raft.server.rpc.timeout.max = 5200ms (custom)
2023-05-23 10:25:17,019 [e9bacc8e-add2-470d-91e3-29c7cfa3c1f4-groupManagement] INFO  server.RaftServerConfigKeys (ConfUtils.java:logGet(46)) - raft.server.rpc.sleep.time = 25ms (default)
2023-05-23 10:25:17,019 [e9bacc8e-add2-470d-91e3-29c7cfa3c1f4-groupManagement] INFO  server.RaftServerConfigKeys (ConfUtils.java:logGet(46)) - raft.server.rpc.slowness.timeout = 300s (custom)
2023-05-23 10:25:17,019 [e9bacc8e-add2-470d-91e3-29c7cfa3c1f4-groupManagement] INFO  server.RaftServerConfigKeys (ConfUtils.java:logGet(46)) - raft.server.leaderelection.leader.step-down.wait-time = 10s (default)
2023-05-23 10:25:17,019 [e9bacc8e-add2-470d-91e3-29c7cfa3c1f4-groupManagement] INFO  server.RaftServerConfigKeys (ConfUtils.java:logGet(46)) - raft.server.sleep.deviation.threshold = 300ms (default)
2023-05-23 10:25:17,020 [e9bacc8e-add2-470d-91e3-29c7cfa3c1f4-groupManagement] INFO  server.RaftServer$Division (ServerState.java:<init>(120)) - e9bacc8e-add2-470d-91e3-29c7cfa3c1f4@group-180592A7F77F: ConfigurationManager, init=-1: peers:[ec27dbe6-08af-4523-b3ed-9f1573a1668d|rpc:10.1.0.38:15069|admin:10.1.0.38:15068|client:10.1.0.38:15067|dataStream:10.1.0.38:15070|priority:0|startupRole:FOLLOWER, 7f763e46-2c68-46ea-ae9c-4adb784a7caa|rpc:10.1.0.38:15061|admin:10.1.0.38:15060|client:10.1.0.38:15059|dataStream:10.1.0.38:15062|priority:1|startupRole:FOLLOWER, e9bacc8e-add2-470d-91e3-29c7cfa3c1f4|rpc:10.1.0.38:15077|admin:10.1.0.38:15076|client:10.1.0.38:15075|dataStream:10.1.0.38:15078|priority:0|startupRole:FOLLOWER]|listeners:[], old=null, confs=<EMPTY_MAP>
2023-05-23 10:25:17,020 [e9bacc8e-add2-470d-91e3-29c7cfa3c1f4-groupManagement] INFO  server.RaftServerConfigKeys (ConfUtils.java:logGet(46)) - raft.server.storage.dir = [/home/runner/work/ozone/ozone/hadoop-ozone/integration-test/target/test-dir/MiniOzoneClusterImpl-ce972063-568b-4811-bfe7-9c87601498a3/datanode-2/data/ratis] (custom)
2023-05-23 10:25:17,020 [e9bacc8e-add2-470d-91e3-29c7cfa3c1f4-groupManagement] INFO  server.RaftServerConfigKeys (ConfUtils.java:logGet(46)) - raft.server.log.corruption.policy = EXCEPTION (default)
2023-05-23 10:25:17,020 [e9bacc8e-add2-470d-91e3-29c7cfa3c1f4-groupManagement] INFO  server.RaftServerConfigKeys (ConfUtils.java:logGet(46)) - raft.server.storage.free-space.min = 0MB (=0) (default)
2023-05-23 10:25:17,021 [e9bacc8e-add2-470d-91e3-29c7cfa3c1f4-groupManagement] INFO  server.RaftServerConfigKeys (ConfUtils.java:logGet(46)) - raft.server.notification.no-leader.timeout = 300s (custom)
2023-05-23 10:25:17,021 [e9bacc8e-add2-470d-91e3-29c7cfa3c1f4-groupManagement] INFO  server.RaftServerConfigKeys (ConfUtils.java:logGet(46)) - raft.server.read.timeout = 10s (default)
2023-05-23 10:25:17,021 [e9bacc8e-add2-470d-91e3-29c7cfa3c1f4-groupManagement] INFO  server.RaftServerConfigKeys (ConfUtils.java:logGet(46)) - raft.server.retrycache.expirytime = 600000ms (custom)
2023-05-23 10:25:17,021 [e9bacc8e-add2-470d-91e3-29c7cfa3c1f4-groupManagement] INFO  server.RaftServerConfigKeys (ConfUtils.java:logGet(46)) - raft.server.retrycache.statistics.expirytime = 100μs (default)
2023-05-23 10:25:17,021 [e9bacc8e-add2-470d-91e3-29c7cfa3c1f4-groupManagement] INFO  server.RaftServerConfigKeys (ConfUtils.java:logGet(46)) - raft.server.read.option = DEFAULT (default)
2023-05-23 10:25:17,023 [e9bacc8e-add2-470d-91e3-29c7cfa3c1f4-groupManagement] INFO  server.RaftServerConfigKeys (ConfUtils.java:logGet(46)) - raft.server.rpc.request.timeout = 60s (custom)
2023-05-23 10:25:17,023 [e9bacc8e-add2-470d-91e3-29c7cfa3c1f4-groupManagement] INFO  server.RaftServerConfigKeys (ConfUtils.java:logGet(46)) - raft.server.log.appender.install.snapshot.enabled = false (custom)
2023-05-23 10:25:17,023 [e9bacc8e-add2-470d-91e3-29c7cfa3c1f4-groupManagement] INFO  server.RaftServerConfigKeys (ConfUtils.java:logGet(46)) - raft.server.threadpool.server.cached = true (default)
2023-05-23 10:25:17,023 [e9bacc8e-add2-470d-91e3-29c7cfa3c1f4-groupManagement] INFO  server.RaftServerConfigKeys (ConfUtils.java:logGet(46)) - raft.server.threadpool.server.size = 0 (default)
2023-05-23 10:25:17,023 [e9bacc8e-add2-470d-91e3-29c7cfa3c1f4-groupManagement] INFO  server.RaftServerConfigKeys (ConfUtils.java:logGet(46)) - raft.server.threadpool.client.cached = true (default)
2023-05-23 10:25:17,023 [e9bacc8e-add2-470d-91e3-29c7cfa3c1f4-groupManagement] INFO  server.RaftServerConfigKeys (ConfUtils.java:logGet(46)) - raft.server.threadpool.client.size = 0 (default)
2023-05-23 10:25:17,023 [e9bacc8e-add2-470d-91e3-29c7cfa3c1f4-groupManagement] INFO  storage.RaftStorageDirectory (RaftStorageDirectoryImpl.java:analyzeStorage(137)) - The storage directory /home/runner/work/ozone/ozone/hadoop-ozone/integration-test/target/test-dir/MiniOzoneClusterImpl-ce972063-568b-4811-bfe7-9c87601498a3/datanode-2/data/ratis/2dccc36a-3241-4516-8d37-180592a7f77f does not exist. Creating ...
2023-05-23 10:25:17,024 [e9bacc8e-add2-470d-91e3-29c7cfa3c1f4-groupManagement] INFO  storage.RaftStorageDirectory (RaftStorageDirectoryImpl.java:tryLock(231)) - Lock on /home/runner/work/ozone/ozone/hadoop-ozone/integration-test/target/test-dir/MiniOzoneClusterImpl-ce972063-568b-4811-bfe7-9c87601498a3/datanode-2/data/ratis/2dccc36a-3241-4516-8d37-180592a7f77f/in_use.lock acquired by nodename 10384@fv-az1249-304
2023-05-23 10:25:17,026 [e9bacc8e-add2-470d-91e3-29c7cfa3c1f4-groupManagement] INFO  storage.RaftStorage (RaftStorageImpl.java:format(96)) - Storage directory /home/runner/work/ozone/ozone/hadoop-ozone/integration-test/target/test-dir/MiniOzoneClusterImpl-ce972063-568b-4811-bfe7-9c87601498a3/datanode-2/data/ratis/2dccc36a-3241-4516-8d37-180592a7f77f has been successfully formatted.
2023-05-23 10:25:17,027 [e9bacc8e-add2-470d-91e3-29c7cfa3c1f4-groupManagement] INFO  ratis.ContainerStateMachine (ContainerStateMachine.java:loadSnapshot(262)) - group-180592A7F77F: The snapshot info is null. Setting the last applied indexto:(t:0, i:~)
2023-05-23 10:25:17,027 [e9bacc8e-add2-470d-91e3-29c7cfa3c1f4-groupManagement] INFO  server.RaftServerConfigKeys (ConfUtils.java:logGet(46)) - raft.server.log.use.memory = false (default)
2023-05-23 10:25:17,027 [e9bacc8e-add2-470d-91e3-29c7cfa3c1f4-groupManagement] INFO  server.RaftServerConfigKeys (ConfUtils.java:logGet(46)) - raft.server.log.purge.gap = 1000000 (custom)
2023-05-23 10:25:17,027 [e9bacc8e-add2-470d-91e3-29c7cfa3c1f4-groupManagement] INFO  server.RaftServerConfigKeys (ConfUtils.java:logGet(46)) - raft.server.log.appender.buffer.byte-limit = 33554432 (custom)
2023-05-23 10:25:17,027 [e9bacc8e-add2-470d-91e3-29c7cfa3c1f4-groupManagement] INFO  server.RaftServerConfigKeys (ConfUtils.java:logGet(46)) - raft.server.log.statemachine.data.read.timeout = 1000ms (default)
2023-05-23 10:25:17,027 [e9bacc8e-add2-470d-91e3-29c7cfa3c1f4-groupManagement] INFO  server.RaftServerConfigKeys (ConfUtils.java:logGet(46)) - raft.server.log.purge.preservation.log.num = 0 (default)
2023-05-23 10:25:17,028 [e9bacc8e-add2-470d-91e3-29c7cfa3c1f4-groupManagement] INFO  server.RaftServerConfigKeys (ConfUtils.java:logGet(46)) - raft.server.log.segment.size.max = 1048576 (custom)
2023-05-23 10:25:17,028 [e9bacc8e-add2-470d-91e3-29c7cfa3c1f4-groupManagement] INFO  server.RaftServerConfigKeys (ConfUtils.java:logGet(46)) - raft.server.log.segment.cache.num.max = 2 (custom)
2023-05-23 10:25:17,028 [e9bacc8e-add2-470d-91e3-29c7cfa3c1f4-groupManagement] INFO  server.RaftServerConfigKeys (ConfUtils.java:logGet(46)) - raft.server.log.segment.cache.size.max = 200MB (=209715200) (default)
2023-05-23 10:25:17,028 [e9bacc8e-add2-470d-91e3-29c7cfa3c1f4-groupManagement] INFO  server.RaftServerConfigKeys (ConfUtils.java:logGet(46)) - raft.server.log.appender.buffer.byte-limit = 33554432 (custom)
2023-05-23 10:25:17,028 [e9bacc8e-add2-470d-91e3-29c7cfa3c1f4-groupManagement] INFO  segmented.SegmentedRaftLogWorker (SegmentedRaftLogWorker.java:<init>(188)) - new e9bacc8e-add2-470d-91e3-29c7cfa3c1f4@group-180592A7F77F-SegmentedRaftLogWorker for RaftStorageImpl:Storage Directory /home/runner/work/ozone/ozone/hadoop-ozone/integration-test/target/test-dir/MiniOzoneClusterImpl-ce972063-568b-4811-bfe7-9c87601498a3/datanode-2/data/ratis/2dccc36a-3241-4516-8d37-180592a7f77f
2023-05-23 10:25:17,028 [e9bacc8e-add2-470d-91e3-29c7cfa3c1f4-groupManagement] INFO  server.RaftServerConfigKeys (ConfUtils.java:logGet(46)) - raft.server.log.queue.byte-limit = 4294967296 (custom)
2023-05-23 10:25:17,028 [e9bacc8e-add2-470d-91e3-29c7cfa3c1f4-groupManagement] INFO  server.RaftServerConfigKeys (ConfUtils.java:logGet(46)) - raft.server.log.queue.element-limit = 1024 (custom)
2023-05-23 10:25:17,028 [e9bacc8e-add2-470d-91e3-29c7cfa3c1f4-groupManagement] INFO  server.RaftServerConfigKeys (ConfUtils.java:logGet(46)) - raft.server.log.segment.size.max = 1048576 (custom)
2023-05-23 10:25:17,028 [e9bacc8e-add2-470d-91e3-29c7cfa3c1f4-groupManagement] INFO  server.RaftServerConfigKeys (ConfUtils.java:logGet(46)) - raft.server.log.preallocated.size = 16384 (custom)
2023-05-23 10:25:17,028 [e9bacc8e-add2-470d-91e3-29c7cfa3c1f4-groupManagement] INFO  server.RaftServerConfigKeys (ConfUtils.java:logGet(46)) - raft.server.log.force.sync.num = 128 (default)
2023-05-23 10:25:17,028 [e9bacc8e-add2-470d-91e3-29c7cfa3c1f4-groupManagement] INFO  server.RaftServerConfigKeys (ConfUtils.java:logGet(46)) - raft.server.log.statemachine.data.sync = true (default)
2023-05-23 10:25:17,028 [e9bacc8e-add2-470d-91e3-29c7cfa3c1f4-groupManagement] INFO  server.RaftServerConfigKeys (ConfUtils.java:logGet(46)) - raft.server.log.statemachine.data.sync.timeout = 10s (default)
2023-05-23 10:25:17,029 [e9bacc8e-add2-470d-91e3-29c7cfa3c1f4-groupManagement] INFO  server.RaftServerConfigKeys (ConfUtils.java:logGet(46)) - raft.server.log.statemachine.data.sync.timeout.retry = -1 (default)
2023-05-23 10:25:17,029 [e9bacc8e-add2-470d-91e3-29c7cfa3c1f4-groupManagement] INFO  server.RaftServerConfigKeys (ConfUtils.java:logGet(46)) - raft.server.log.write.buffer.size = 1048576 (custom)
2023-05-23 10:25:17,029 [e9bacc8e-add2-470d-91e3-29c7cfa3c1f4-groupManagement] INFO  server.RaftServerConfigKeys (ConfUtils.java:logGet(46)) - raft.server.log.appender.buffer.byte-limit = 33554432 (custom)
2023-05-23 10:25:17,035 [e9bacc8e-add2-470d-91e3-29c7cfa3c1f4-groupManagement] INFO  server.RaftServerConfigKeys (ConfUtils.java:logGet(46)) - raft.server.log.unsafe-flush.enabled = false (default)
2023-05-23 10:25:17,035 [e9bacc8e-add2-470d-91e3-29c7cfa3c1f4-groupManagement] INFO  server.RaftServerConfigKeys (ConfUtils.java:logGet(46)) - raft.server.log.async-flush.enabled = false (default)
2023-05-23 10:25:17,035 [e9bacc8e-add2-470d-91e3-29c7cfa3c1f4-groupManagement] INFO  server.RaftServerConfigKeys (ConfUtils.java:logGet(46)) - raft.server.log.statemachine.data.caching.enabled = true (custom)
2023-05-23 10:25:17,035 [e9bacc8e-add2-470d-91e3-29c7cfa3c1f4-groupManagement] INFO  segmented.SegmentedRaftLogWorker (SegmentedRaftLogWorker.java:lambda$new$0(135)) - e9bacc8e-add2-470d-91e3-29c7cfa3c1f4@group-180592A7F77F-SegmentedRaftLogWorker: flushIndex: setUnconditionally 0 -> -1
2023-05-23 10:25:17,035 [e9bacc8e-add2-470d-91e3-29c7cfa3c1f4-groupManagement] INFO  segmented.SegmentedRaftLogWorker (SegmentedRaftLogWorker.java:lambda$new$0(135)) - e9bacc8e-add2-470d-91e3-29c7cfa3c1f4@group-180592A7F77F-SegmentedRaftLogWorker: safeCacheEvictIndex: setUnconditionally 0 -> -1
2023-05-23 10:25:17,037 [e9bacc8e-add2-470d-91e3-29c7cfa3c1f4-groupManagement] INFO  server.RaftServer$Division (RaftServerImpl.java:start(342)) - e9bacc8e-add2-470d-91e3-29c7cfa3c1f4@group-180592A7F77F: start as a follower, conf=-1: peers:[ec27dbe6-08af-4523-b3ed-9f1573a1668d|rpc:10.1.0.38:15069|admin:10.1.0.38:15068|client:10.1.0.38:15067|dataStream:10.1.0.38:15070|priority:0|startupRole:FOLLOWER, 7f763e46-2c68-46ea-ae9c-4adb784a7caa|rpc:10.1.0.38:15061|admin:10.1.0.38:15060|client:10.1.0.38:15059|dataStream:10.1.0.38:15062|priority:1|startupRole:FOLLOWER, e9bacc8e-add2-470d-91e3-29c7cfa3c1f4|rpc:10.1.0.38:15077|admin:10.1.0.38:15076|client:10.1.0.38:15075|dataStream:10.1.0.38:15078|priority:0|startupRole:FOLLOWER]|listeners:[], old=null
2023-05-23 10:25:17,037 [e9bacc8e-add2-470d-91e3-29c7cfa3c1f4-groupManagement] INFO  server.RaftServer$Division (RaftServerImpl.java:setRole(329)) - e9bacc8e-add2-470d-91e3-29c7cfa3c1f4@group-180592A7F77F: changes role from      null to FOLLOWER at term 0 for startAsFollower
2023-05-23 10:25:17,037 [e9bacc8e-add2-470d-91e3-29c7cfa3c1f4-groupManagement] INFO  impl.RoleInfo (RoleInfo.java:updateAndGet(139)) - e9bacc8e-add2-470d-91e3-29c7cfa3c1f4: start e9bacc8e-add2-470d-91e3-29c7cfa3c1f4@group-180592A7F77F-FollowerState
2023-05-23 10:25:17,041 [e9bacc8e-add2-470d-91e3-29c7cfa3c1f4-groupManagement] INFO  util.JmxRegister (JmxRegister.java:tryRegister(44)) - Successfully registered JMX Bean with object name Ratis:service=RaftServer,group=group-180592A7F77F,id=e9bacc8e-add2-470d-91e3-29c7cfa3c1f4
2023-05-23 10:25:17,041 [e9bacc8e-add2-470d-91e3-29c7cfa3c1f4-groupManagement] INFO  server.RaftServerConfigKeys (ConfUtils.java:logGet(46)) - raft.server.snapshot.auto.trigger.enabled = true (custom)
2023-05-23 10:25:17,041 [e9bacc8e-add2-470d-91e3-29c7cfa3c1f4-groupManagement] INFO  server.RaftServerConfigKeys (ConfUtils.java:logGet(46)) - raft.server.snapshot.auto.trigger.threshold = 10000 (custom)
2023-05-23 10:25:17,041 [e9bacc8e-add2-470d-91e3-29c7cfa3c1f4-groupManagement] INFO  server.RaftServerConfigKeys (ConfUtils.java:logGet(46)) - raft.server.snapshot.retention.file.num = 5 (custom)
2023-05-23 10:25:17,041 [e9bacc8e-add2-470d-91e3-29c7cfa3c1f4-groupManagement] INFO  server.RaftServerConfigKeys (ConfUtils.java:logGet(46)) - raft.server.log.purge.upto.snapshot.index = false (default)
2023-05-23 10:25:17,042 [e9bacc8e-add2-470d-91e3-29c7cfa3c1f4@group-180592A7F77F-FollowerState] INFO  server.RaftServerConfigKeys (ConfUtils.java:logFallback(53)) - raft.server.rpc.first-election.timeout.min = 5s (fallback to raft.server.rpc.timeout.min)
2023-05-23 10:25:17,042 [e9bacc8e-add2-470d-91e3-29c7cfa3c1f4@group-180592A7F77F-FollowerState] INFO  server.RaftServerConfigKeys (ConfUtils.java:logFallback(53)) - raft.server.rpc.first-election.timeout.max = 5200ms (fallback to raft.server.rpc.timeout.max)
2023-05-23 10:25:17,066 [grpc-default-executor-0] INFO  server.RaftServer (RaftServerProxy.java:addNew(98)) - ec27dbe6-08af-4523-b3ed-9f1573a1668d: addNew group-180592A7F77F:[ec27dbe6-08af-4523-b3ed-9f1573a1668d|rpc:10.1.0.38:15069|admin:10.1.0.38:15068|client:10.1.0.38:15067|dataStream:10.1.0.38:15070|priority:0|startupRole:FOLLOWER, 7f763e46-2c68-46ea-ae9c-4adb784a7caa|rpc:10.1.0.38:15061|admin:10.1.0.38:15060|client:10.1.0.38:15059|dataStream:10.1.0.38:15062|priority:1|startupRole:FOLLOWER, e9bacc8e-add2-470d-91e3-29c7cfa3c1f4|rpc:10.1.0.38:15077|admin:10.1.0.38:15076|client:10.1.0.38:15075|dataStream:10.1.0.38:15078|priority:0|startupRole:FOLLOWER] returns group-180592A7F77F:java.util.concurrent.CompletableFuture@fbc627[Not completed]
2023-05-23 10:25:17,073 [ec27dbe6-08af-4523-b3ed-9f1573a1668d-groupManagement] INFO  server.RaftServer$Division (RaftServerImpl.java:<init>(198)) - ec27dbe6-08af-4523-b3ed-9f1573a1668d: new RaftServerImpl for group-180592A7F77F:[ec27dbe6-08af-4523-b3ed-9f1573a1668d|rpc:10.1.0.38:15069|admin:10.1.0.38:15068|client:10.1.0.38:15067|dataStream:10.1.0.38:15070|priority:0|startupRole:FOLLOWER, 7f763e46-2c68-46ea-ae9c-4adb784a7caa|rpc:10.1.0.38:15061|admin:10.1.0.38:15060|client:10.1.0.38:15059|dataStream:10.1.0.38:15062|priority:1|startupRole:FOLLOWER, e9bacc8e-add2-470d-91e3-29c7cfa3c1f4|rpc:10.1.0.38:15077|admin:10.1.0.38:15076|client:10.1.0.38:15075|dataStream:10.1.0.38:15078|priority:0|startupRole:FOLLOWER] with ContainerStateMachine:uninitialized
2023-05-23 10:25:17,073 [ec27dbe6-08af-4523-b3ed-9f1573a1668d-groupManagement] INFO  server.RaftServerConfigKeys (ConfUtils.java:logGet(46)) - raft.server.rpc.timeout.min = 5s (custom)
2023-05-23 10:25:17,073 [ec27dbe6-08af-4523-b3ed-9f1573a1668d-groupManagement] INFO  server.RaftServerConfigKeys (ConfUtils.java:logGet(46)) - raft.server.rpc.timeout.max = 5200ms (custom)
2023-05-23 10:25:17,074 [ec27dbe6-08af-4523-b3ed-9f1573a1668d-groupManagement] INFO  server.RaftServerConfigKeys (ConfUtils.java:logGet(46)) - raft.server.rpc.sleep.time = 25ms (default)
2023-05-23 10:25:17,074 [ec27dbe6-08af-4523-b3ed-9f1573a1668d-groupManagement] INFO  server.RaftServerConfigKeys (ConfUtils.java:logGet(46)) - raft.server.rpc.slowness.timeout = 300s (custom)
2023-05-23 10:25:17,074 [ec27dbe6-08af-4523-b3ed-9f1573a1668d-groupManagement] INFO  server.RaftServerConfigKeys (ConfUtils.java:logGet(46)) - raft.server.leaderelection.leader.step-down.wait-time = 10s (default)
2023-05-23 10:25:17,074 [ec27dbe6-08af-4523-b3ed-9f1573a1668d-groupManagement] INFO  server.RaftServerConfigKeys (ConfUtils.java:logGet(46)) - raft.server.sleep.deviation.threshold = 300ms (default)
2023-05-23 10:25:17,074 [ec27dbe6-08af-4523-b3ed-9f1573a1668d-groupManagement] INFO  server.RaftServer$Division (ServerState.java:<init>(120)) - ec27dbe6-08af-4523-b3ed-9f1573a1668d@group-180592A7F77F: ConfigurationManager, init=-1: peers:[ec27dbe6-08af-4523-b3ed-9f1573a1668d|rpc:10.1.0.38:15069|admin:10.1.0.38:15068|client:10.1.0.38:15067|dataStream:10.1.0.38:15070|priority:0|startupRole:FOLLOWER, 7f763e46-2c68-46ea-ae9c-4adb784a7caa|rpc:10.1.0.38:15061|admin:10.1.0.38:15060|client:10.1.0.38:15059|dataStream:10.1.0.38:15062|priority:1|startupRole:FOLLOWER, e9bacc8e-add2-470d-91e3-29c7cfa3c1f4|rpc:10.1.0.38:15077|admin:10.1.0.38:15076|client:10.1.0.38:15075|dataStream:10.1.0.38:15078|priority:0|startupRole:FOLLOWER]|listeners:[], old=null, confs=<EMPTY_MAP>
2023-05-23 10:25:17,074 [ec27dbe6-08af-4523-b3ed-9f1573a1668d-groupManagement] INFO  server.RaftServerConfigKeys (ConfUtils.java:logGet(46)) - raft.server.storage.dir = [/home/runner/work/ozone/ozone/hadoop-ozone/integration-test/target/test-dir/MiniOzoneClusterImpl-ce972063-568b-4811-bfe7-9c87601498a3/datanode-1/data/ratis] (custom)
2023-05-23 10:25:17,074 [ec27dbe6-08af-4523-b3ed-9f1573a1668d-groupManagement] INFO  server.RaftServerConfigKeys (ConfUtils.java:logGet(46)) - raft.server.log.corruption.policy = EXCEPTION (default)
2023-05-23 10:25:17,074 [ec27dbe6-08af-4523-b3ed-9f1573a1668d-groupManagement] INFO  server.RaftServerConfigKeys (ConfUtils.java:logGet(46)) - raft.server.storage.free-space.min = 0MB (=0) (default)
2023-05-23 10:25:17,074 [ec27dbe6-08af-4523-b3ed-9f1573a1668d-groupManagement] INFO  server.RaftServerConfigKeys (ConfUtils.java:logGet(46)) - raft.server.notification.no-leader.timeout = 300s (custom)
2023-05-23 10:25:17,074 [ec27dbe6-08af-4523-b3ed-9f1573a1668d-groupManagement] INFO  server.RaftServerConfigKeys (ConfUtils.java:logGet(46)) - raft.server.read.timeout = 10s (default)
2023-05-23 10:25:17,074 [ec27dbe6-08af-4523-b3ed-9f1573a1668d-groupManagement] INFO  server.RaftServerConfigKeys (ConfUtils.java:logGet(46)) - raft.server.retrycache.expirytime = 600000ms (custom)
2023-05-23 10:25:17,074 [ec27dbe6-08af-4523-b3ed-9f1573a1668d-groupManagement] INFO  server.RaftServerConfigKeys (ConfUtils.java:logGet(46)) - raft.server.retrycache.statistics.expirytime = 100μs (default)
2023-05-23 10:25:17,075 [ec27dbe6-08af-4523-b3ed-9f1573a1668d-groupManagement] INFO  server.RaftServerConfigKeys (ConfUtils.java:logGet(46)) - raft.server.read.option = DEFAULT (default)
2023-05-23 10:25:17,076 [ec27dbe6-08af-4523-b3ed-9f1573a1668d-groupManagement] INFO  server.RaftServerConfigKeys (ConfUtils.java:logGet(46)) - raft.server.rpc.request.timeout = 60s (custom)
2023-05-23 10:25:17,076 [ec27dbe6-08af-4523-b3ed-9f1573a1668d-groupManagement] INFO  server.RaftServerConfigKeys (ConfUtils.java:logGet(46)) - raft.server.log.appender.install.snapshot.enabled = false (custom)
2023-05-23 10:25:17,076 [ec27dbe6-08af-4523-b3ed-9f1573a1668d-groupManagement] INFO  server.RaftServerConfigKeys (ConfUtils.java:logGet(46)) - raft.server.threadpool.server.cached = true (default)
2023-05-23 10:25:17,076 [ec27dbe6-08af-4523-b3ed-9f1573a1668d-groupManagement] INFO  server.RaftServerConfigKeys (ConfUtils.java:logGet(46)) - raft.server.threadpool.server.size = 0 (default)
2023-05-23 10:25:17,076 [ec27dbe6-08af-4523-b3ed-9f1573a1668d-groupManagement] INFO  server.RaftServerConfigKeys (ConfUtils.java:logGet(46)) - raft.server.threadpool.client.cached = true (default)
2023-05-23 10:25:17,077 [ec27dbe6-08af-4523-b3ed-9f1573a1668d-groupManagement] INFO  server.RaftServerConfigKeys (ConfUtils.java:logGet(46)) - raft.server.threadpool.client.size = 0 (default)
2023-05-23 10:25:17,077 [ec27dbe6-08af-4523-b3ed-9f1573a1668d-groupManagement] INFO  storage.RaftStorageDirectory (RaftStorageDirectoryImpl.java:analyzeStorage(137)) - The storage directory /home/runner/work/ozone/ozone/hadoop-ozone/integration-test/target/test-dir/MiniOzoneClusterImpl-ce972063-568b-4811-bfe7-9c87601498a3/datanode-1/data/ratis/2dccc36a-3241-4516-8d37-180592a7f77f does not exist. Creating ...
2023-05-23 10:25:17,079 [ec27dbe6-08af-4523-b3ed-9f1573a1668d-groupManagement] INFO  storage.RaftStorageDirectory (RaftStorageDirectoryImpl.java:tryLock(231)) - Lock on /home/runner/work/ozone/ozone/hadoop-ozone/integration-test/target/test-dir/MiniOzoneClusterImpl-ce972063-568b-4811-bfe7-9c87601498a3/datanode-1/data/ratis/2dccc36a-3241-4516-8d37-180592a7f77f/in_use.lock acquired by nodename 10384@fv-az1249-304
2023-05-23 10:25:17,081 [ec27dbe6-08af-4523-b3ed-9f1573a1668d-groupManagement] INFO  storage.RaftStorage (RaftStorageImpl.java:format(96)) - Storage directory /home/runner/work/ozone/ozone/hadoop-ozone/integration-test/target/test-dir/MiniOzoneClusterImpl-ce972063-568b-4811-bfe7-9c87601498a3/datanode-1/data/ratis/2dccc36a-3241-4516-8d37-180592a7f77f has been successfully formatted.
2023-05-23 10:25:17,083 [ec27dbe6-08af-4523-b3ed-9f1573a1668d-groupManagement] INFO  ratis.ContainerStateMachine (ContainerStateMachine.java:loadSnapshot(262)) - group-180592A7F77F: The snapshot info is null. Setting the last applied indexto:(t:0, i:~)
2023-05-23 10:25:17,085 [ec27dbe6-08af-4523-b3ed-9f1573a1668d-groupManagement] INFO  server.RaftServerConfigKeys (ConfUtils.java:logGet(46)) - raft.server.log.use.memory = false (default)
2023-05-23 10:25:17,085 [ec27dbe6-08af-4523-b3ed-9f1573a1668d-groupManagement] INFO  server.RaftServerConfigKeys (ConfUtils.java:logGet(46)) - raft.server.log.purge.gap = 1000000 (custom)
2023-05-23 10:25:17,085 [ec27dbe6-08af-4523-b3ed-9f1573a1668d-groupManagement] INFO  server.RaftServerConfigKeys (ConfUtils.java:logGet(46)) - raft.server.log.appender.buffer.byte-limit = 33554432 (custom)
2023-05-23 10:25:17,085 [ec27dbe6-08af-4523-b3ed-9f1573a1668d-groupManagement] INFO  server.RaftServerConfigKeys (ConfUtils.java:logGet(46)) - raft.server.log.statemachine.data.read.timeout = 1000ms (default)
2023-05-23 10:25:17,085 [ec27dbe6-08af-4523-b3ed-9f1573a1668d-groupManagement] INFO  server.RaftServerConfigKeys (ConfUtils.java:logGet(46)) - raft.server.log.purge.preservation.log.num = 0 (default)
2023-05-23 10:25:17,085 [ec27dbe6-08af-4523-b3ed-9f1573a1668d-groupManagement] INFO  server.RaftServerConfigKeys (ConfUtils.java:logGet(46)) - raft.server.log.segment.size.max = 1048576 (custom)
2023-05-23 10:25:17,086 [ec27dbe6-08af-4523-b3ed-9f1573a1668d-groupManagement] INFO  server.RaftServerConfigKeys (ConfUtils.java:logGet(46)) - raft.server.log.segment.cache.num.max = 2 (custom)
2023-05-23 10:25:17,086 [ec27dbe6-08af-4523-b3ed-9f1573a1668d-groupManagement] INFO  server.RaftServerConfigKeys (ConfUtils.java:logGet(46)) - raft.server.log.segment.cache.size.max = 200MB (=209715200) (default)
2023-05-23 10:25:17,086 [ec27dbe6-08af-4523-b3ed-9f1573a1668d-groupManagement] INFO  server.RaftServerConfigKeys (ConfUtils.java:logGet(46)) - raft.server.log.appender.buffer.byte-limit = 33554432 (custom)
2023-05-23 10:25:17,086 [ec27dbe6-08af-4523-b3ed-9f1573a1668d-groupManagement] INFO  segmented.SegmentedRaftLogWorker (SegmentedRaftLogWorker.java:<init>(188)) - new ec27dbe6-08af-4523-b3ed-9f1573a1668d@group-180592A7F77F-SegmentedRaftLogWorker for RaftStorageImpl:Storage Directory /home/runner/work/ozone/ozone/hadoop-ozone/integration-test/target/test-dir/MiniOzoneClusterImpl-ce972063-568b-4811-bfe7-9c87601498a3/datanode-1/data/ratis/2dccc36a-3241-4516-8d37-180592a7f77f
2023-05-23 10:25:17,086 [ec27dbe6-08af-4523-b3ed-9f1573a1668d-groupManagement] INFO  server.RaftServerConfigKeys (ConfUtils.java:logGet(46)) - raft.server.log.queue.byte-limit = 4294967296 (custom)
2023-05-23 10:25:17,086 [ec27dbe6-08af-4523-b3ed-9f1573a1668d-groupManagement] INFO  server.RaftServerConfigKeys (ConfUtils.java:logGet(46)) - raft.server.log.queue.element-limit = 1024 (custom)
2023-05-23 10:25:17,086 [ec27dbe6-08af-4523-b3ed-9f1573a1668d-groupManagement] INFO  server.RaftServerConfigKeys (ConfUtils.java:logGet(46)) - raft.server.log.segment.size.max = 1048576 (custom)
2023-05-23 10:25:17,086 [ec27dbe6-08af-4523-b3ed-9f1573a1668d-groupManagement] INFO  server.RaftServerConfigKeys (ConfUtils.java:logGet(46)) - raft.server.log.preallocated.size = 16384 (custom)
2023-05-23 10:25:17,086 [ec27dbe6-08af-4523-b3ed-9f1573a1668d-groupManagement] INFO  server.RaftServerConfigKeys (ConfUtils.java:logGet(46)) - raft.server.log.force.sync.num = 128 (default)
2023-05-23 10:25:17,086 [ec27dbe6-08af-4523-b3ed-9f1573a1668d-groupManagement] INFO  server.RaftServerConfigKeys (ConfUtils.java:logGet(46)) - raft.server.log.statemachine.data.sync = true (default)
2023-05-23 10:25:17,086 [ec27dbe6-08af-4523-b3ed-9f1573a1668d-groupManagement] INFO  server.RaftServerConfigKeys (ConfUtils.java:logGet(46)) - raft.server.log.statemachine.data.sync.timeout = 10s (default)
2023-05-23 10:25:17,086 [ec27dbe6-08af-4523-b3ed-9f1573a1668d-groupManagement] INFO  server.RaftServerConfigKeys (ConfUtils.java:logGet(46)) - raft.server.log.statemachine.data.sync.timeout.retry = -1 (default)
2023-05-23 10:25:17,087 [ec27dbe6-08af-4523-b3ed-9f1573a1668d-groupManagement] INFO  server.RaftServerConfigKeys (ConfUtils.java:logGet(46)) - raft.server.log.write.buffer.size = 1048576 (custom)
2023-05-23 10:25:17,088 [ec27dbe6-08af-4523-b3ed-9f1573a1668d-groupManagement] INFO  server.RaftServerConfigKeys (ConfUtils.java:logGet(46)) - raft.server.log.appender.buffer.byte-limit = 33554432 (custom)
2023-05-23 10:25:17,093 [ec27dbe6-08af-4523-b3ed-9f1573a1668d-groupManagement] INFO  server.RaftServerConfigKeys (ConfUtils.java:logGet(46)) - raft.server.log.unsafe-flush.enabled = false (default)
2023-05-23 10:25:17,093 [ec27dbe6-08af-4523-b3ed-9f1573a1668d-groupManagement] INFO  server.RaftServerConfigKeys (ConfUtils.java:logGet(46)) - raft.server.log.async-flush.enabled = false (default)
2023-05-23 10:25:17,093 [ec27dbe6-08af-4523-b3ed-9f1573a1668d-groupManagement] INFO  server.RaftServerConfigKeys (ConfUtils.java:logGet(46)) - raft.server.log.statemachine.data.caching.enabled = true (custom)
2023-05-23 10:25:17,093 [ec27dbe6-08af-4523-b3ed-9f1573a1668d-groupManagement] INFO  segmented.SegmentedRaftLogWorker (SegmentedRaftLogWorker.java:lambda$new$0(135)) - ec27dbe6-08af-4523-b3ed-9f1573a1668d@group-180592A7F77F-SegmentedRaftLogWorker: flushIndex: setUnconditionally 0 -> -1
2023-05-23 10:25:17,094 [ec27dbe6-08af-4523-b3ed-9f1573a1668d-groupManagement] INFO  segmented.SegmentedRaftLogWorker (SegmentedRaftLogWorker.java:lambda$new$0(135)) - ec27dbe6-08af-4523-b3ed-9f1573a1668d@group-180592A7F77F-SegmentedRaftLogWorker: safeCacheEvictIndex: setUnconditionally 0 -> -1
2023-05-23 10:25:17,094 [ec27dbe6-08af-4523-b3ed-9f1573a1668d-groupManagement] INFO  server.RaftServer$Division (RaftServerImpl.java:start(342)) - ec27dbe6-08af-4523-b3ed-9f1573a1668d@group-180592A7F77F: start as a follower, conf=-1: peers:[ec27dbe6-08af-4523-b3ed-9f1573a1668d|rpc:10.1.0.38:15069|admin:10.1.0.38:15068|client:10.1.0.38:15067|dataStream:10.1.0.38:15070|priority:0|startupRole:FOLLOWER, 7f763e46-2c68-46ea-ae9c-4adb784a7caa|rpc:10.1.0.38:15061|admin:10.1.0.38:15060|client:10.1.0.38:15059|dataStream:10.1.0.38:15062|priority:1|startupRole:FOLLOWER, e9bacc8e-add2-470d-91e3-29c7cfa3c1f4|rpc:10.1.0.38:15077|admin:10.1.0.38:15076|client:10.1.0.38:15075|dataStream:10.1.0.38:15078|priority:0|startupRole:FOLLOWER]|listeners:[], old=null
2023-05-23 10:25:17,094 [ec27dbe6-08af-4523-b3ed-9f1573a1668d-groupManagement] INFO  server.RaftServer$Division (RaftServerImpl.java:setRole(329)) - ec27dbe6-08af-4523-b3ed-9f1573a1668d@group-180592A7F77F: changes role from      null to FOLLOWER at term 0 for startAsFollower
2023-05-23 10:25:17,094 [ec27dbe6-08af-4523-b3ed-9f1573a1668d-groupManagement] INFO  impl.RoleInfo (RoleInfo.java:updateAndGet(139)) - ec27dbe6-08af-4523-b3ed-9f1573a1668d: start ec27dbe6-08af-4523-b3ed-9f1573a1668d@group-180592A7F77F-FollowerState
2023-05-23 10:25:17,097 [ec27dbe6-08af-4523-b3ed-9f1573a1668d-groupManagement] INFO  util.JmxRegister (JmxRegister.java:tryRegister(44)) - Successfully registered JMX Bean with object name Ratis:service=RaftServer,group=group-180592A7F77F,id=ec27dbe6-08af-4523-b3ed-9f1573a1668d
2023-05-23 10:25:17,097 [ec27dbe6-08af-4523-b3ed-9f1573a1668d-groupManagement] INFO  server.RaftServerConfigKeys (ConfUtils.java:logGet(46)) - raft.server.snapshot.auto.trigger.enabled = true (custom)
2023-05-23 10:25:17,097 [ec27dbe6-08af-4523-b3ed-9f1573a1668d-groupManagement] INFO  server.RaftServerConfigKeys (ConfUtils.java:logGet(46)) - raft.server.snapshot.auto.trigger.threshold = 10000 (custom)
2023-05-23 10:25:17,097 [ec27dbe6-08af-4523-b3ed-9f1573a1668d-groupManagement] INFO  server.RaftServerConfigKeys (ConfUtils.java:logGet(46)) - raft.server.snapshot.retention.file.num = 5 (custom)
2023-05-23 10:25:17,097 [ec27dbe6-08af-4523-b3ed-9f1573a1668d-groupManagement] INFO  server.RaftServerConfigKeys (ConfUtils.java:logGet(46)) - raft.server.log.purge.upto.snapshot.index = false (default)
2023-05-23 10:25:17,101 [ec27dbe6-08af-4523-b3ed-9f1573a1668d@group-180592A7F77F-FollowerState] INFO  server.RaftServerConfigKeys (ConfUtils.java:logFallback(53)) - raft.server.rpc.first-election.timeout.min = 5s (fallback to raft.server.rpc.timeout.min)
2023-05-23 10:25:17,101 [ec27dbe6-08af-4523-b3ed-9f1573a1668d@group-180592A7F77F-FollowerState] INFO  server.RaftServerConfigKeys (ConfUtils.java:logFallback(53)) - raft.server.rpc.first-election.timeout.max = 5200ms (fallback to raft.server.rpc.timeout.max)
2023-05-23 10:25:17,110 [Command processor thread] INFO  commandhandler.CreatePipelineCommandHandler (CreatePipelineCommandHandler.java:handle(113)) - Created Pipeline RATIS THREE PipelineID=2dccc36a-3241-4516-8d37-180592a7f77f.
2023-05-23 10:25:17,110 [Command processor thread] INFO  server.RaftServer (RaftServerProxy.java:addNew(98)) - 7f763e46-2c68-46ea-ae9c-4adb784a7caa: addNew group-F903808A28C9:[ec27dbe6-08af-4523-b3ed-9f1573a1668d|rpc:10.1.0.38:15069|admin:10.1.0.38:15068|client:10.1.0.38:15067|dataStream:10.1.0.38:15070|priority:0|startupRole:FOLLOWER, 7f763e46-2c68-46ea-ae9c-4adb784a7caa|rpc:10.1.0.38:15061|admin:10.1.0.38:15060|client:10.1.0.38:15059|dataStream:10.1.0.38:15062|priority:0|startupRole:FOLLOWER, e9bacc8e-add2-470d-91e3-29c7cfa3c1f4|rpc:10.1.0.38:15077|admin:10.1.0.38:15076|client:10.1.0.38:15075|dataStream:10.1.0.38:15078|priority:1|startupRole:FOLLOWER] returns group-F903808A28C9:java.util.concurrent.CompletableFuture@15ca3bbe[Not completed]
2023-05-23 10:25:17,111 [7f763e46-2c68-46ea-ae9c-4adb784a7caa-groupManagement] INFO  server.RaftServer$Division (RaftServerImpl.java:<init>(198)) - 7f763e46-2c68-46ea-ae9c-4adb784a7caa: new RaftServerImpl for group-F903808A28C9:[ec27dbe6-08af-4523-b3ed-9f1573a1668d|rpc:10.1.0.38:15069|admin:10.1.0.38:15068|client:10.1.0.38:15067|dataStream:10.1.0.38:15070|priority:0|startupRole:FOLLOWER, 7f763e46-2c68-46ea-ae9c-4adb784a7caa|rpc:10.1.0.38:15061|admin:10.1.0.38:15060|client:10.1.0.38:15059|dataStream:10.1.0.38:15062|priority:0|startupRole:FOLLOWER, e9bacc8e-add2-470d-91e3-29c7cfa3c1f4|rpc:10.1.0.38:15077|admin:10.1.0.38:15076|client:10.1.0.38:15075|dataStream:10.1.0.38:15078|priority:1|startupRole:FOLLOWER] with ContainerStateMachine:uninitialized
2023-05-23 10:25:17,111 [7f763e46-2c68-46ea-ae9c-4adb784a7caa-groupManagement] INFO  server.RaftServerConfigKeys (ConfUtils.java:logGet(46)) - raft.server.rpc.timeout.min = 5s (custom)
2023-05-23 10:25:17,111 [7f763e46-2c68-46ea-ae9c-4adb784a7caa-groupManagement] INFO  server.RaftServerConfigKeys (ConfUtils.java:logGet(46)) - raft.server.rpc.timeout.max = 5200ms (custom)
2023-05-23 10:25:17,111 [7f763e46-2c68-46ea-ae9c-4adb784a7caa-groupManagement] INFO  server.RaftServerConfigKeys (ConfUtils.java:logGet(46)) - raft.server.rpc.sleep.time = 25ms (default)
2023-05-23 10:25:17,111 [7f763e46-2c68-46ea-ae9c-4adb784a7caa-groupManagement] INFO  server.RaftServerConfigKeys (ConfUtils.java:logGet(46)) - raft.server.rpc.slowness.timeout = 300s (custom)
2023-05-23 10:25:17,111 [7f763e46-2c68-46ea-ae9c-4adb784a7caa-groupManagement] INFO  server.RaftServerConfigKeys (ConfUtils.java:logGet(46)) - raft.server.leaderelection.leader.step-down.wait-time = 10s (default)
2023-05-23 10:25:17,111 [7f763e46-2c68-46ea-ae9c-4adb784a7caa-groupManagement] INFO  server.RaftServerConfigKeys (ConfUtils.java:logGet(46)) - raft.server.sleep.deviation.threshold = 300ms (default)
2023-05-23 10:25:17,111 [7f763e46-2c68-46ea-ae9c-4adb784a7caa-groupManagement] INFO  server.RaftServer$Division (ServerState.java:<init>(120)) - 7f763e46-2c68-46ea-ae9c-4adb784a7caa@group-F903808A28C9: ConfigurationManager, init=-1: peers:[ec27dbe6-08af-4523-b3ed-9f1573a1668d|rpc:10.1.0.38:15069|admin:10.1.0.38:15068|client:10.1.0.38:15067|dataStream:10.1.0.38:15070|priority:0|startupRole:FOLLOWER, 7f763e46-2c68-46ea-ae9c-4adb784a7caa|rpc:10.1.0.38:15061|admin:10.1.0.38:15060|client:10.1.0.38:15059|dataStream:10.1.0.38:15062|priority:0|startupRole:FOLLOWER, e9bacc8e-add2-470d-91e3-29c7cfa3c1f4|rpc:10.1.0.38:15077|admin:10.1.0.38:15076|client:10.1.0.38:15075|dataStream:10.1.0.38:15078|priority:1|startupRole:FOLLOWER]|listeners:[], old=null, confs=<EMPTY_MAP>
2023-05-23 10:25:17,111 [7f763e46-2c68-46ea-ae9c-4adb784a7caa-groupManagement] INFO  server.RaftServerConfigKeys (ConfUtils.java:logGet(46)) - raft.server.storage.dir = [/home/runner/work/ozone/ozone/hadoop-ozone/integration-test/target/test-dir/MiniOzoneClusterImpl-ce972063-568b-4811-bfe7-9c87601498a3/datanode-0/data/ratis] (custom)
2023-05-23 10:25:17,112 [7f763e46-2c68-46ea-ae9c-4adb784a7caa-groupManagement] INFO  server.RaftServerConfigKeys (ConfUtils.java:logGet(46)) - raft.server.log.corruption.policy = EXCEPTION (default)
2023-05-23 10:25:17,112 [7f763e46-2c68-46ea-ae9c-4adb784a7caa-groupManagement] INFO  server.RaftServerConfigKeys (ConfUtils.java:logGet(46)) - raft.server.storage.free-space.min = 0MB (=0) (default)
2023-05-23 10:25:17,112 [7f763e46-2c68-46ea-ae9c-4adb784a7caa-groupManagement] INFO  server.RaftServerConfigKeys (ConfUtils.java:logGet(46)) - raft.server.notification.no-leader.timeout = 300s (custom)
2023-05-23 10:25:17,112 [7f763e46-2c68-46ea-ae9c-4adb784a7caa-groupManagement] INFO  server.RaftServerConfigKeys (ConfUtils.java:logGet(46)) - raft.server.read.timeout = 10s (default)
2023-05-23 10:25:17,112 [7f763e46-2c68-46ea-ae9c-4adb784a7caa-groupManagement] INFO  server.RaftServerConfigKeys (ConfUtils.java:logGet(46)) - raft.server.retrycache.expirytime = 600000ms (custom)
2023-05-23 10:25:17,112 [7f763e46-2c68-46ea-ae9c-4adb784a7caa-groupManagement] INFO  server.RaftServerConfigKeys (ConfUtils.java:logGet(46)) - raft.server.retrycache.statistics.expirytime = 100μs (default)
2023-05-23 10:25:17,112 [7f763e46-2c68-46ea-ae9c-4adb784a7caa-groupManagement] INFO  server.RaftServerConfigKeys (ConfUtils.java:logGet(46)) - raft.server.read.option = DEFAULT (default)
2023-05-23 10:25:17,113 [7f763e46-2c68-46ea-ae9c-4adb784a7caa-groupManagement] INFO  server.RaftServerConfigKeys (ConfUtils.java:logGet(46)) - raft.server.rpc.request.timeout = 60s (custom)
2023-05-23 10:25:17,113 [7f763e46-2c68-46ea-ae9c-4adb784a7caa-groupManagement] INFO  server.RaftServerConfigKeys (ConfUtils.java:logGet(46)) - raft.server.log.appender.install.snapshot.enabled = false (custom)
2023-05-23 10:25:17,113 [7f763e46-2c68-46ea-ae9c-4adb784a7caa-groupManagement] INFO  server.RaftServerConfigKeys (ConfUtils.java:logGet(46)) - raft.server.threadpool.server.cached = true (default)
2023-05-23 10:25:17,113 [7f763e46-2c68-46ea-ae9c-4adb784a7caa-groupManagement] INFO  server.RaftServerConfigKeys (ConfUtils.java:logGet(46)) - raft.server.threadpool.server.size = 0 (default)
2023-05-23 10:25:17,113 [7f763e46-2c68-46ea-ae9c-4adb784a7caa-groupManagement] INFO  server.RaftServerConfigKeys (ConfUtils.java:logGet(46)) - raft.server.threadpool.client.cached = true (default)
2023-05-23 10:25:17,113 [7f763e46-2c68-46ea-ae9c-4adb784a7caa-groupManagement] INFO  server.RaftServerConfigKeys (ConfUtils.java:logGet(46)) - raft.server.threadpool.client.size = 0 (default)
2023-05-23 10:25:17,113 [7f763e46-2c68-46ea-ae9c-4adb784a7caa-groupManagement] INFO  storage.RaftStorageDirectory (RaftStorageDirectoryImpl.java:analyzeStorage(137)) - The storage directory /home/runner/work/ozone/ozone/hadoop-ozone/integration-test/target/test-dir/MiniOzoneClusterImpl-ce972063-568b-4811-bfe7-9c87601498a3/datanode-0/data/ratis/1a2b4552-d01f-42a9-bdc6-f903808a28c9 does not exist. Creating ...
2023-05-23 10:25:17,115 [7f763e46-2c68-46ea-ae9c-4adb784a7caa-groupManagement] INFO  storage.RaftStorageDirectory (RaftStorageDirectoryImpl.java:tryLock(231)) - Lock on /home/runner/work/ozone/ozone/hadoop-ozone/integration-test/target/test-dir/MiniOzoneClusterImpl-ce972063-568b-4811-bfe7-9c87601498a3/datanode-0/data/ratis/1a2b4552-d01f-42a9-bdc6-f903808a28c9/in_use.lock acquired by nodename 10384@fv-az1249-304
2023-05-23 10:25:17,116 [7f763e46-2c68-46ea-ae9c-4adb784a7caa-groupManagement] INFO  storage.RaftStorage (RaftStorageImpl.java:format(96)) - Storage directory /home/runner/work/ozone/ozone/hadoop-ozone/integration-test/target/test-dir/MiniOzoneClusterImpl-ce972063-568b-4811-bfe7-9c87601498a3/datanode-0/data/ratis/1a2b4552-d01f-42a9-bdc6-f903808a28c9 has been successfully formatted.
2023-05-23 10:25:17,117 [7f763e46-2c68-46ea-ae9c-4adb784a7caa-groupManagement] INFO  ratis.ContainerStateMachine (ContainerStateMachine.java:loadSnapshot(262)) - group-F903808A28C9: The snapshot info is null. Setting the last applied indexto:(t:0, i:~)
2023-05-23 10:25:17,117 [7f763e46-2c68-46ea-ae9c-4adb784a7caa-groupManagement] INFO  server.RaftServerConfigKeys (ConfUtils.java:logGet(46)) - raft.server.log.use.memory = false (default)
2023-05-23 10:25:17,117 [7f763e46-2c68-46ea-ae9c-4adb784a7caa-groupManagement] INFO  server.RaftServerConfigKeys (ConfUtils.java:logGet(46)) - raft.server.log.purge.gap = 1000000 (custom)
2023-05-23 10:25:17,117 [7f763e46-2c68-46ea-ae9c-4adb784a7caa-groupManagement] INFO  server.RaftServerConfigKeys (ConfUtils.java:logGet(46)) - raft.server.log.appender.buffer.byte-limit = 33554432 (custom)
2023-05-23 10:25:17,117 [7f763e46-2c68-46ea-ae9c-4adb784a7caa-groupManagement] INFO  server.RaftServerConfigKeys (ConfUtils.java:logGet(46)) - raft.server.log.statemachine.data.read.timeout = 1000ms (default)
2023-05-23 10:25:17,117 [7f763e46-2c68-46ea-ae9c-4adb784a7caa-groupManagement] INFO  server.RaftServerConfigKeys (ConfUtils.java:logGet(46)) - raft.server.log.purge.preservation.log.num = 0 (default)
2023-05-23 10:25:17,117 [7f763e46-2c68-46ea-ae9c-4adb784a7caa-groupManagement] INFO  server.RaftServerConfigKeys (ConfUtils.java:logGet(46)) - raft.server.log.segment.size.max = 1048576 (custom)
2023-05-23 10:25:17,118 [7f763e46-2c68-46ea-ae9c-4adb784a7caa-groupManagement] INFO  server.RaftServerConfigKeys (ConfUtils.java:logGet(46)) - raft.server.log.segment.cache.num.max = 2 (custom)
2023-05-23 10:25:17,118 [7f763e46-2c68-46ea-ae9c-4adb784a7caa-groupManagement] INFO  server.RaftServerConfigKeys (ConfUtils.java:logGet(46)) - raft.server.log.segment.cache.size.max = 200MB (=209715200) (default)
2023-05-23 10:25:17,118 [7f763e46-2c68-46ea-ae9c-4adb784a7caa-groupManagement] INFO  server.RaftServerConfigKeys (ConfUtils.java:logGet(46)) - raft.server.log.appender.buffer.byte-limit = 33554432 (custom)
2023-05-23 10:25:17,118 [7f763e46-2c68-46ea-ae9c-4adb784a7caa-groupManagement] INFO  segmented.SegmentedRaftLogWorker (SegmentedRaftLogWorker.java:<init>(188)) - new 7f763e46-2c68-46ea-ae9c-4adb784a7caa@group-F903808A28C9-SegmentedRaftLogWorker for RaftStorageImpl:Storage Directory /home/runner/work/ozone/ozone/hadoop-ozone/integration-test/target/test-dir/MiniOzoneClusterImpl-ce972063-568b-4811-bfe7-9c87601498a3/datanode-0/data/ratis/1a2b4552-d01f-42a9-bdc6-f903808a28c9
2023-05-23 10:25:17,118 [7f763e46-2c68-46ea-ae9c-4adb784a7caa-groupManagement] INFO  server.RaftServerConfigKeys (ConfUtils.java:logGet(46)) - raft.server.log.queue.byte-limit = 4294967296 (custom)
2023-05-23 10:25:17,118 [7f763e46-2c68-46ea-ae9c-4adb784a7caa-groupManagement] INFO  server.RaftServerConfigKeys (ConfUtils.java:logGet(46)) - raft.server.log.queue.element-limit = 1024 (custom)
2023-05-23 10:25:17,118 [7f763e46-2c68-46ea-ae9c-4adb784a7caa-groupManagement] INFO  server.RaftServerConfigKeys (ConfUtils.java:logGet(46)) - raft.server.log.segment.size.max = 1048576 (custom)
2023-05-23 10:25:17,118 [7f763e46-2c68-46ea-ae9c-4adb784a7caa-groupManagement] INFO  server.RaftServerConfigKeys (ConfUtils.java:logGet(46)) - raft.server.log.preallocated.size = 16384 (custom)
2023-05-23 10:25:17,118 [7f763e46-2c68-46ea-ae9c-4adb784a7caa-groupManagement] INFO  server.RaftServerConfigKeys (ConfUtils.java:logGet(46)) - raft.server.log.force.sync.num = 128 (default)
2023-05-23 10:25:17,118 [7f763e46-2c68-46ea-ae9c-4adb784a7caa-groupManagement] INFO  server.RaftServerConfigKeys (ConfUtils.java:logGet(46)) - raft.server.log.statemachine.data.sync = true (default)
2023-05-23 10:25:17,118 [7f763e46-2c68-46ea-ae9c-4adb784a7caa-groupManagement] INFO  server.RaftServerConfigKeys (ConfUtils.java:logGet(46)) - raft.server.log.statemachine.data.sync.timeout = 10s (default)
2023-05-23 10:25:17,118 [7f763e46-2c68-46ea-ae9c-4adb784a7caa-groupManagement] INFO  server.RaftServerConfigKeys (ConfUtils.java:logGet(46)) - raft.server.log.statemachine.data.sync.timeout.retry = -1 (default)
2023-05-23 10:25:17,119 [EventQueue-OpenPipelineForHealthyPipelineSafeModeRule] INFO  safemode.SCMSafeModeManager (HealthyPipelineSafeModeRule.java:process(137)) - SCM in safe mode. Healthy pipelines reported count is 0, required healthy pipeline reported count is 1
2023-05-23 10:25:17,119 [7f763e46-2c68-46ea-ae9c-4adb784a7caa-groupManagement] INFO  server.RaftServerConfigKeys (ConfUtils.java:logGet(46)) - raft.server.log.write.buffer.size = 1048576 (custom)
2023-05-23 10:25:17,120 [7f763e46-2c68-46ea-ae9c-4adb784a7caa-groupManagement] INFO  server.RaftServerConfigKeys (ConfUtils.java:logGet(46)) - raft.server.log.appender.buffer.byte-limit = 33554432 (custom)
2023-05-23 10:25:17,125 [7f763e46-2c68-46ea-ae9c-4adb784a7caa-groupManagement] INFO  server.RaftServerConfigKeys (ConfUtils.java:logGet(46)) - raft.server.log.unsafe-flush.enabled = false (default)
2023-05-23 10:25:17,125 [7f763e46-2c68-46ea-ae9c-4adb784a7caa-groupManagement] INFO  server.RaftServerConfigKeys (ConfUtils.java:logGet(46)) - raft.server.log.async-flush.enabled = false (default)
2023-05-23 10:25:17,125 [7f763e46-2c68-46ea-ae9c-4adb784a7caa-groupManagement] INFO  server.RaftServerConfigKeys (ConfUtils.java:logGet(46)) - raft.server.log.statemachine.data.caching.enabled = true (custom)
2023-05-23 10:25:17,125 [7f763e46-2c68-46ea-ae9c-4adb784a7caa-groupManagement] INFO  segmented.SegmentedRaftLogWorker (SegmentedRaftLogWorker.java:lambda$new$0(135)) - 7f763e46-2c68-46ea-ae9c-4adb784a7caa@group-F903808A28C9-SegmentedRaftLogWorker: flushIndex: setUnconditionally 0 -> -1
2023-05-23 10:25:17,125 [7f763e46-2c68-46ea-ae9c-4adb784a7caa-groupManagement] INFO  segmented.SegmentedRaftLogWorker (SegmentedRaftLogWorker.java:lambda$new$0(135)) - 7f763e46-2c68-46ea-ae9c-4adb784a7caa@group-F903808A28C9-SegmentedRaftLogWorker: safeCacheEvictIndex: setUnconditionally 0 -> -1
2023-05-23 10:25:17,126 [7f763e46-2c68-46ea-ae9c-4adb784a7caa-groupManagement] INFO  server.RaftServer$Division (RaftServerImpl.java:start(342)) - 7f763e46-2c68-46ea-ae9c-4adb784a7caa@group-F903808A28C9: start as a follower, conf=-1: peers:[ec27dbe6-08af-4523-b3ed-9f1573a1668d|rpc:10.1.0.38:15069|admin:10.1.0.38:15068|client:10.1.0.38:15067|dataStream:10.1.0.38:15070|priority:0|startupRole:FOLLOWER, 7f763e46-2c68-46ea-ae9c-4adb784a7caa|rpc:10.1.0.38:15061|admin:10.1.0.38:15060|client:10.1.0.38:15059|dataStream:10.1.0.38:15062|priority:0|startupRole:FOLLOWER, e9bacc8e-add2-470d-91e3-29c7cfa3c1f4|rpc:10.1.0.38:15077|admin:10.1.0.38:15076|client:10.1.0.38:15075|dataStream:10.1.0.38:15078|priority:1|startupRole:FOLLOWER]|listeners:[], old=null
2023-05-23 10:25:17,126 [7f763e46-2c68-46ea-ae9c-4adb784a7caa-groupManagement] INFO  server.RaftServer$Division (RaftServerImpl.java:setRole(329)) - 7f763e46-2c68-46ea-ae9c-4adb784a7caa@group-F903808A28C9: changes role from      null to FOLLOWER at term 0 for startAsFollower
2023-05-23 10:25:17,126 [7f763e46-2c68-46ea-ae9c-4adb784a7caa-groupManagement] INFO  impl.RoleInfo (RoleInfo.java:updateAndGet(139)) - 7f763e46-2c68-46ea-ae9c-4adb784a7caa: start 7f763e46-2c68-46ea-ae9c-4adb784a7caa@group-F903808A28C9-FollowerState
2023-05-23 10:25:17,126 [7f763e46-2c68-46ea-ae9c-4adb784a7caa-groupManagement] INFO  util.JmxRegister (JmxRegister.java:tryRegister(44)) - Successfully registered JMX Bean with object name Ratis:service=RaftServer,group=group-F903808A28C9,id=7f763e46-2c68-46ea-ae9c-4adb784a7caa
2023-05-23 10:25:17,126 [7f763e46-2c68-46ea-ae9c-4adb784a7caa-groupManagement] INFO  server.RaftServerConfigKeys (ConfUtils.java:logGet(46)) - raft.server.snapshot.auto.trigger.enabled = true (custom)
2023-05-23 10:25:17,126 [7f763e46-2c68-46ea-ae9c-4adb784a7caa-groupManagement] INFO  server.RaftServerConfigKeys (ConfUtils.java:logGet(46)) - raft.server.snapshot.auto.trigger.threshold = 10000 (custom)
2023-05-23 10:25:17,126 [7f763e46-2c68-46ea-ae9c-4adb784a7caa-groupManagement] INFO  server.RaftServerConfigKeys (ConfUtils.java:logGet(46)) - raft.server.snapshot.retention.file.num = 5 (custom)
2023-05-23 10:25:17,126 [7f763e46-2c68-46ea-ae9c-4adb784a7caa-groupManagement] INFO  server.RaftServerConfigKeys (ConfUtils.java:logGet(46)) - raft.server.log.purge.upto.snapshot.index = false (default)
2023-05-23 10:25:17,127 [7f763e46-2c68-46ea-ae9c-4adb784a7caa@group-F903808A28C9-FollowerState] INFO  server.RaftServerConfigKeys (ConfUtils.java:logFallback(53)) - raft.server.rpc.first-election.timeout.min = 5s (fallback to raft.server.rpc.timeout.min)
2023-05-23 10:25:17,127 [7f763e46-2c68-46ea-ae9c-4adb784a7caa@group-F903808A28C9-FollowerState] INFO  server.RaftServerConfigKeys (ConfUtils.java:logFallback(53)) - raft.server.rpc.first-election.timeout.max = 5200ms (fallback to raft.server.rpc.timeout.max)
2023-05-23 10:25:17,127 [Command processor thread] INFO  ratis.XceiverServerRatis (XceiverServerRatis.java:addGroup(806)) - Created group PipelineID=1a2b4552-d01f-42a9-bdc6-f903808a28c9
2023-05-23 10:25:17,140 [grpc-default-executor-0] INFO  server.RaftServer (RaftServerProxy.java:addNew(98)) - e9bacc8e-add2-470d-91e3-29c7cfa3c1f4: addNew group-F903808A28C9:[ec27dbe6-08af-4523-b3ed-9f1573a1668d|rpc:10.1.0.38:15069|admin:10.1.0.38:15068|client:10.1.0.38:15067|dataStream:10.1.0.38:15070|priority:0|startupRole:FOLLOWER, 7f763e46-2c68-46ea-ae9c-4adb784a7caa|rpc:10.1.0.38:15061|admin:10.1.0.38:15060|client:10.1.0.38:15059|dataStream:10.1.0.38:15062|priority:0|startupRole:FOLLOWER, e9bacc8e-add2-470d-91e3-29c7cfa3c1f4|rpc:10.1.0.38:15077|admin:10.1.0.38:15076|client:10.1.0.38:15075|dataStream:10.1.0.38:15078|priority:1|startupRole:FOLLOWER] returns group-F903808A28C9:java.util.concurrent.CompletableFuture@41703ad8[Not completed]
2023-05-23 10:25:17,141 [e9bacc8e-add2-470d-91e3-29c7cfa3c1f4-groupManagement] INFO  server.RaftServer$Division (RaftServerImpl.java:<init>(198)) - e9bacc8e-add2-470d-91e3-29c7cfa3c1f4: new RaftServerImpl for group-F903808A28C9:[ec27dbe6-08af-4523-b3ed-9f1573a1668d|rpc:10.1.0.38:15069|admin:10.1.0.38:15068|client:10.1.0.38:15067|dataStream:10.1.0.38:15070|priority:0|startupRole:FOLLOWER, 7f763e46-2c68-46ea-ae9c-4adb784a7caa|rpc:10.1.0.38:15061|admin:10.1.0.38:15060|client:10.1.0.38:15059|dataStream:10.1.0.38:15062|priority:0|startupRole:FOLLOWER, e9bacc8e-add2-470d-91e3-29c7cfa3c1f4|rpc:10.1.0.38:15077|admin:10.1.0.38:15076|client:10.1.0.38:15075|dataStream:10.1.0.38:15078|priority:1|startupRole:FOLLOWER] with ContainerStateMachine:uninitialized
2023-05-23 10:25:17,141 [e9bacc8e-add2-470d-91e3-29c7cfa3c1f4-groupManagement] INFO  server.RaftServerConfigKeys (ConfUtils.java:logGet(46)) - raft.server.rpc.timeout.min = 5s (custom)
2023-05-23 10:25:17,141 [e9bacc8e-add2-470d-91e3-29c7cfa3c1f4-groupManagement] INFO  server.RaftServerConfigKeys (ConfUtils.java:logGet(46)) - raft.server.rpc.timeout.max = 5200ms (custom)
2023-05-23 10:25:17,141 [e9bacc8e-add2-470d-91e3-29c7cfa3c1f4-groupManagement] INFO  server.RaftServerConfigKeys (ConfUtils.java:logGet(46)) - raft.server.rpc.sleep.time = 25ms (default)
2023-05-23 10:25:17,141 [e9bacc8e-add2-470d-91e3-29c7cfa3c1f4-groupManagement] INFO  server.RaftServerConfigKeys (ConfUtils.java:logGet(46)) - raft.server.rpc.slowness.timeout = 300s (custom)
2023-05-23 10:25:17,141 [e9bacc8e-add2-470d-91e3-29c7cfa3c1f4-groupManagement] INFO  server.RaftServerConfigKeys (ConfUtils.java:logGet(46)) - raft.server.leaderelection.leader.step-down.wait-time = 10s (default)
2023-05-23 10:25:17,141 [e9bacc8e-add2-470d-91e3-29c7cfa3c1f4-groupManagement] INFO  server.RaftServerConfigKeys (ConfUtils.java:logGet(46)) - raft.server.sleep.deviation.threshold = 300ms (default)
2023-05-23 10:25:17,141 [e9bacc8e-add2-470d-91e3-29c7cfa3c1f4-groupManagement] INFO  server.RaftServer$Division (ServerState.java:<init>(120)) - e9bacc8e-add2-470d-91e3-29c7cfa3c1f4@group-F903808A28C9: ConfigurationManager, init=-1: peers:[ec27dbe6-08af-4523-b3ed-9f1573a1668d|rpc:10.1.0.38:15069|admin:10.1.0.38:15068|client:10.1.0.38:15067|dataStream:10.1.0.38:15070|priority:0|startupRole:FOLLOWER, 7f763e46-2c68-46ea-ae9c-4adb784a7caa|rpc:10.1.0.38:15061|admin:10.1.0.38:15060|client:10.1.0.38:15059|dataStream:10.1.0.38:15062|priority:0|startupRole:FOLLOWER, e9bacc8e-add2-470d-91e3-29c7cfa3c1f4|rpc:10.1.0.38:15077|admin:10.1.0.38:15076|client:10.1.0.38:15075|dataStream:10.1.0.38:15078|priority:1|startupRole:FOLLOWER]|listeners:[], old=null, confs=<EMPTY_MAP>
2023-05-23 10:25:17,141 [e9bacc8e-add2-470d-91e3-29c7cfa3c1f4-groupManagement] INFO  server.RaftServerConfigKeys (ConfUtils.java:logGet(46)) - raft.server.storage.dir = [/home/runner/work/ozone/ozone/hadoop-ozone/integration-test/target/test-dir/MiniOzoneClusterImpl-ce972063-568b-4811-bfe7-9c87601498a3/datanode-2/data/ratis] (custom)
2023-05-23 10:25:17,142 [e9bacc8e-add2-470d-91e3-29c7cfa3c1f4-groupManagement] INFO  server.RaftServerConfigKeys (ConfUtils.java:logGet(46)) - raft.server.log.corruption.policy = EXCEPTION (default)
2023-05-23 10:25:17,142 [e9bacc8e-add2-470d-91e3-29c7cfa3c1f4-groupManagement] INFO  server.RaftServerConfigKeys (ConfUtils.java:logGet(46)) - raft.server.storage.free-space.min = 0MB (=0) (default)
2023-05-23 10:25:17,142 [e9bacc8e-add2-470d-91e3-29c7cfa3c1f4-groupManagement] INFO  server.RaftServerConfigKeys (ConfUtils.java:logGet(46)) - raft.server.notification.no-leader.timeout = 300s (custom)
2023-05-23 10:25:17,142 [e9bacc8e-add2-470d-91e3-29c7cfa3c1f4-groupManagement] INFO  server.RaftServerConfigKeys (ConfUtils.java:logGet(46)) - raft.server.read.timeout = 10s (default)
2023-05-23 10:25:17,142 [e9bacc8e-add2-470d-91e3-29c7cfa3c1f4-groupManagement] INFO  server.RaftServerConfigKeys (ConfUtils.java:logGet(46)) - raft.server.retrycache.expirytime = 600000ms (custom)
2023-05-23 10:25:17,142 [e9bacc8e-add2-470d-91e3-29c7cfa3c1f4-groupManagement] INFO  server.RaftServerConfigKeys (ConfUtils.java:logGet(46)) - raft.server.retrycache.statistics.expirytime = 100μs (default)
2023-05-23 10:25:17,142 [e9bacc8e-add2-470d-91e3-29c7cfa3c1f4-groupManagement] INFO  server.RaftServerConfigKeys (ConfUtils.java:logGet(46)) - raft.server.read.option = DEFAULT (default)
2023-05-23 10:25:17,143 [e9bacc8e-add2-470d-91e3-29c7cfa3c1f4-groupManagement] INFO  server.RaftServerConfigKeys (ConfUtils.java:logGet(46)) - raft.server.rpc.request.timeout = 60s (custom)
2023-05-23 10:25:17,143 [e9bacc8e-add2-470d-91e3-29c7cfa3c1f4-groupManagement] INFO  server.RaftServerConfigKeys (ConfUtils.java:logGet(46)) - raft.server.log.appender.install.snapshot.enabled = false (custom)
2023-05-23 10:25:17,143 [e9bacc8e-add2-470d-91e3-29c7cfa3c1f4-groupManagement] INFO  server.RaftServerConfigKeys (ConfUtils.java:logGet(46)) - raft.server.threadpool.server.cached = true (default)
2023-05-23 10:25:17,143 [e9bacc8e-add2-470d-91e3-29c7cfa3c1f4-groupManagement] INFO  server.RaftServerConfigKeys (ConfUtils.java:logGet(46)) - raft.server.threadpool.server.size = 0 (default)
2023-05-23 10:25:17,143 [e9bacc8e-add2-470d-91e3-29c7cfa3c1f4-groupManagement] INFO  server.RaftServerConfigKeys (ConfUtils.java:logGet(46)) - raft.server.threadpool.client.cached = true (default)
2023-05-23 10:25:17,143 [e9bacc8e-add2-470d-91e3-29c7cfa3c1f4-groupManagement] INFO  server.RaftServerConfigKeys (ConfUtils.java:logGet(46)) - raft.server.threadpool.client.size = 0 (default)
2023-05-23 10:25:17,143 [e9bacc8e-add2-470d-91e3-29c7cfa3c1f4-groupManagement] INFO  storage.RaftStorageDirectory (RaftStorageDirectoryImpl.java:analyzeStorage(137)) - The storage directory /home/runner/work/ozone/ozone/hadoop-ozone/integration-test/target/test-dir/MiniOzoneClusterImpl-ce972063-568b-4811-bfe7-9c87601498a3/datanode-2/data/ratis/1a2b4552-d01f-42a9-bdc6-f903808a28c9 does not exist. Creating ...
2023-05-23 10:25:17,144 [e9bacc8e-add2-470d-91e3-29c7cfa3c1f4-groupManagement] INFO  storage.RaftStorageDirectory (RaftStorageDirectoryImpl.java:tryLock(231)) - Lock on /home/runner/work/ozone/ozone/hadoop-ozone/integration-test/target/test-dir/MiniOzoneClusterImpl-ce972063-568b-4811-bfe7-9c87601498a3/datanode-2/data/ratis/1a2b4552-d01f-42a9-bdc6-f903808a28c9/in_use.lock acquired by nodename 10384@fv-az1249-304
2023-05-23 10:25:17,146 [e9bacc8e-add2-470d-91e3-29c7cfa3c1f4-groupManagement] INFO  storage.RaftStorage (RaftStorageImpl.java:format(96)) - Storage directory /home/runner/work/ozone/ozone/hadoop-ozone/integration-test/target/test-dir/MiniOzoneClusterImpl-ce972063-568b-4811-bfe7-9c87601498a3/datanode-2/data/ratis/1a2b4552-d01f-42a9-bdc6-f903808a28c9 has been successfully formatted.
2023-05-23 10:25:17,147 [e9bacc8e-add2-470d-91e3-29c7cfa3c1f4-groupManagement] INFO  ratis.ContainerStateMachine (ContainerStateMachine.java:loadSnapshot(262)) - group-F903808A28C9: The snapshot info is null. Setting the last applied indexto:(t:0, i:~)
2023-05-23 10:25:17,147 [e9bacc8e-add2-470d-91e3-29c7cfa3c1f4-groupManagement] INFO  server.RaftServerConfigKeys (ConfUtils.java:logGet(46)) - raft.server.log.use.memory = false (default)
2023-05-23 10:25:17,147 [e9bacc8e-add2-470d-91e3-29c7cfa3c1f4-groupManagement] INFO  server.RaftServerConfigKeys (ConfUtils.java:logGet(46)) - raft.server.log.purge.gap = 1000000 (custom)
2023-05-23 10:25:17,147 [e9bacc8e-add2-470d-91e3-29c7cfa3c1f4-groupManagement] INFO  server.RaftServerConfigKeys (ConfUtils.java:logGet(46)) - raft.server.log.appender.buffer.byte-limit = 33554432 (custom)
2023-05-23 10:25:17,147 [e9bacc8e-add2-470d-91e3-29c7cfa3c1f4-groupManagement] INFO  server.RaftServerConfigKeys (ConfUtils.java:logGet(46)) - raft.server.log.statemachine.data.read.timeout = 1000ms (default)
2023-05-23 10:25:17,147 [e9bacc8e-add2-470d-91e3-29c7cfa3c1f4-groupManagement] INFO  server.RaftServerConfigKeys (ConfUtils.java:logGet(46)) - raft.server.log.purge.preservation.log.num = 0 (default)
2023-05-23 10:25:17,147 [e9bacc8e-add2-470d-91e3-29c7cfa3c1f4-groupManagement] INFO  server.RaftServerConfigKeys (ConfUtils.java:logGet(46)) - raft.server.log.segment.size.max = 1048576 (custom)
2023-05-23 10:25:17,148 [e9bacc8e-add2-470d-91e3-29c7cfa3c1f4-groupManagement] INFO  server.RaftServerConfigKeys (ConfUtils.java:logGet(46)) - raft.server.log.segment.cache.num.max = 2 (custom)
2023-05-23 10:25:17,148 [e9bacc8e-add2-470d-91e3-29c7cfa3c1f4-groupManagement] INFO  server.RaftServerConfigKeys (ConfUtils.java:logGet(46)) - raft.server.log.segment.cache.size.max = 200MB (=209715200) (default)
2023-05-23 10:25:17,148 [e9bacc8e-add2-470d-91e3-29c7cfa3c1f4-groupManagement] INFO  server.RaftServerConfigKeys (ConfUtils.java:logGet(46)) - raft.server.log.appender.buffer.byte-limit = 33554432 (custom)
2023-05-23 10:25:17,148 [e9bacc8e-add2-470d-91e3-29c7cfa3c1f4-groupManagement] INFO  segmented.SegmentedRaftLogWorker (SegmentedRaftLogWorker.java:<init>(188)) - new e9bacc8e-add2-470d-91e3-29c7cfa3c1f4@group-F903808A28C9-SegmentedRaftLogWorker for RaftStorageImpl:Storage Directory /home/runner/work/ozone/ozone/hadoop-ozone/integration-test/target/test-dir/MiniOzoneClusterImpl-ce972063-568b-4811-bfe7-9c87601498a3/datanode-2/data/ratis/1a2b4552-d01f-42a9-bdc6-f903808a28c9
2023-05-23 10:25:17,148 [e9bacc8e-add2-470d-91e3-29c7cfa3c1f4-groupManagement] INFO  server.RaftServerConfigKeys (ConfUtils.java:logGet(46)) - raft.server.log.queue.byte-limit = 4294967296 (custom)
2023-05-23 10:25:17,148 [e9bacc8e-add2-470d-91e3-29c7cfa3c1f4-groupManagement] INFO  server.RaftServerConfigKeys (ConfUtils.java:logGet(46)) - raft.server.log.queue.element-limit = 1024 (custom)
2023-05-23 10:25:17,148 [e9bacc8e-add2-470d-91e3-29c7cfa3c1f4-groupManagement] INFO  server.RaftServerConfigKeys (ConfUtils.java:logGet(46)) - raft.server.log.segment.size.max = 1048576 (custom)
2023-05-23 10:25:17,148 [e9bacc8e-add2-470d-91e3-29c7cfa3c1f4-groupManagement] INFO  server.RaftServerConfigKeys (ConfUtils.java:logGet(46)) - raft.server.log.preallocated.size = 16384 (custom)
2023-05-23 10:25:17,148 [e9bacc8e-add2-470d-91e3-29c7cfa3c1f4-groupManagement] INFO  server.RaftServerConfigKeys (ConfUtils.java:logGet(46)) - raft.server.log.force.sync.num = 128 (default)
2023-05-23 10:25:17,148 [e9bacc8e-add2-470d-91e3-29c7cfa3c1f4-groupManagement] INFO  server.RaftServerConfigKeys (ConfUtils.java:logGet(46)) - raft.server.log.statemachine.data.sync = true (default)
2023-05-23 10:25:17,148 [e9bacc8e-add2-470d-91e3-29c7cfa3c1f4-groupManagement] INFO  server.RaftServerConfigKeys (ConfUtils.java:logGet(46)) - raft.server.log.statemachine.data.sync.timeout = 10s (default)
2023-05-23 10:25:17,148 [e9bacc8e-add2-470d-91e3-29c7cfa3c1f4-groupManagement] INFO  server.RaftServerConfigKeys (ConfUtils.java:logGet(46)) - raft.server.log.statemachine.data.sync.timeout.retry = -1 (default)
2023-05-23 10:25:17,150 [e9bacc8e-add2-470d-91e3-29c7cfa3c1f4-groupManagement] INFO  server.RaftServerConfigKeys (ConfUtils.java:logGet(46)) - raft.server.log.write.buffer.size = 1048576 (custom)
2023-05-23 10:25:17,151 [e9bacc8e-add2-470d-91e3-29c7cfa3c1f4-groupManagement] INFO  server.RaftServerConfigKeys (ConfUtils.java:logGet(46)) - raft.server.log.appender.buffer.byte-limit = 33554432 (custom)
2023-05-23 10:25:17,156 [e9bacc8e-add2-470d-91e3-29c7cfa3c1f4-groupManagement] INFO  server.RaftServerConfigKeys (ConfUtils.java:logGet(46)) - raft.server.log.unsafe-flush.enabled = false (default)
2023-05-23 10:25:17,156 [e9bacc8e-add2-470d-91e3-29c7cfa3c1f4-groupManagement] INFO  server.RaftServerConfigKeys (ConfUtils.java:logGet(46)) - raft.server.log.async-flush.enabled = false (default)
2023-05-23 10:25:17,156 [e9bacc8e-add2-470d-91e3-29c7cfa3c1f4-groupManagement] INFO  server.RaftServerConfigKeys (ConfUtils.java:logGet(46)) - raft.server.log.statemachine.data.caching.enabled = true (custom)
2023-05-23 10:25:17,156 [e9bacc8e-add2-470d-91e3-29c7cfa3c1f4-groupManagement] INFO  segmented.SegmentedRaftLogWorker (SegmentedRaftLogWorker.java:lambda$new$0(135)) - e9bacc8e-add2-470d-91e3-29c7cfa3c1f4@group-F903808A28C9-SegmentedRaftLogWorker: flushIndex: setUnconditionally 0 -> -1
2023-05-23 10:25:17,156 [e9bacc8e-add2-470d-91e3-29c7cfa3c1f4-groupManagement] INFO  segmented.SegmentedRaftLogWorker (SegmentedRaftLogWorker.java:lambda$new$0(135)) - e9bacc8e-add2-470d-91e3-29c7cfa3c1f4@group-F903808A28C9-SegmentedRaftLogWorker: safeCacheEvictIndex: setUnconditionally 0 -> -1
2023-05-23 10:25:17,157 [e9bacc8e-add2-470d-91e3-29c7cfa3c1f4-groupManagement] INFO  server.RaftServer$Division (RaftServerImpl.java:start(342)) - e9bacc8e-add2-470d-91e3-29c7cfa3c1f4@group-F903808A28C9: start as a follower, conf=-1: peers:[ec27dbe6-08af-4523-b3ed-9f1573a1668d|rpc:10.1.0.38:15069|admin:10.1.0.38:15068|client:10.1.0.38:15067|dataStream:10.1.0.38:15070|priority:0|startupRole:FOLLOWER, 7f763e46-2c68-46ea-ae9c-4adb784a7caa|rpc:10.1.0.38:15061|admin:10.1.0.38:15060|client:10.1.0.38:15059|dataStream:10.1.0.38:15062|priority:0|startupRole:FOLLOWER, e9bacc8e-add2-470d-91e3-29c7cfa3c1f4|rpc:10.1.0.38:15077|admin:10.1.0.38:15076|client:10.1.0.38:15075|dataStream:10.1.0.38:15078|priority:1|startupRole:FOLLOWER]|listeners:[], old=null
2023-05-23 10:25:17,157 [e9bacc8e-add2-470d-91e3-29c7cfa3c1f4-groupManagement] INFO  server.RaftServer$Division (RaftServerImpl.java:setRole(329)) - e9bacc8e-add2-470d-91e3-29c7cfa3c1f4@group-F903808A28C9: changes role from      null to FOLLOWER at term 0 for startAsFollower
2023-05-23 10:25:17,157 [e9bacc8e-add2-470d-91e3-29c7cfa3c1f4-groupManagement] INFO  impl.RoleInfo (RoleInfo.java:updateAndGet(139)) - e9bacc8e-add2-470d-91e3-29c7cfa3c1f4: start e9bacc8e-add2-470d-91e3-29c7cfa3c1f4@group-F903808A28C9-FollowerState
2023-05-23 10:25:17,157 [e9bacc8e-add2-470d-91e3-29c7cfa3c1f4-groupManagement] INFO  util.JmxRegister (JmxRegister.java:tryRegister(44)) - Successfully registered JMX Bean with object name Ratis:service=RaftServer,group=group-F903808A28C9,id=e9bacc8e-add2-470d-91e3-29c7cfa3c1f4
2023-05-23 10:25:17,157 [e9bacc8e-add2-470d-91e3-29c7cfa3c1f4-groupManagement] INFO  server.RaftServerConfigKeys (ConfUtils.java:logGet(46)) - raft.server.snapshot.auto.trigger.enabled = true (custom)
2023-05-23 10:25:17,157 [e9bacc8e-add2-470d-91e3-29c7cfa3c1f4-groupManagement] INFO  server.RaftServerConfigKeys (ConfUtils.java:logGet(46)) - raft.server.snapshot.auto.trigger.threshold = 10000 (custom)
2023-05-23 10:25:17,157 [e9bacc8e-add2-470d-91e3-29c7cfa3c1f4-groupManagement] INFO  server.RaftServerConfigKeys (ConfUtils.java:logGet(46)) - raft.server.snapshot.retention.file.num = 5 (custom)
2023-05-23 10:25:17,157 [e9bacc8e-add2-470d-91e3-29c7cfa3c1f4-groupManagement] INFO  server.RaftServerConfigKeys (ConfUtils.java:logGet(46)) - raft.server.log.purge.upto.snapshot.index = false (default)
2023-05-23 10:25:17,159 [e9bacc8e-add2-470d-91e3-29c7cfa3c1f4@group-F903808A28C9-FollowerState] INFO  server.RaftServerConfigKeys (ConfUtils.java:logFallback(53)) - raft.server.rpc.first-election.timeout.min = 5s (fallback to raft.server.rpc.timeout.min)
2023-05-23 10:25:17,159 [e9bacc8e-add2-470d-91e3-29c7cfa3c1f4@group-F903808A28C9-FollowerState] INFO  server.RaftServerConfigKeys (ConfUtils.java:logFallback(53)) - raft.server.rpc.first-election.timeout.max = 5200ms (fallback to raft.server.rpc.timeout.max)
2023-05-23 10:25:17,176 [grpc-default-executor-0] INFO  server.RaftServer (RaftServerProxy.java:addNew(98)) - ec27dbe6-08af-4523-b3ed-9f1573a1668d: addNew group-F903808A28C9:[ec27dbe6-08af-4523-b3ed-9f1573a1668d|rpc:10.1.0.38:15069|admin:10.1.0.38:15068|client:10.1.0.38:15067|dataStream:10.1.0.38:15070|priority:0|startupRole:FOLLOWER, 7f763e46-2c68-46ea-ae9c-4adb784a7caa|rpc:10.1.0.38:15061|admin:10.1.0.38:15060|client:10.1.0.38:15059|dataStream:10.1.0.38:15062|priority:0|startupRole:FOLLOWER, e9bacc8e-add2-470d-91e3-29c7cfa3c1f4|rpc:10.1.0.38:15077|admin:10.1.0.38:15076|client:10.1.0.38:15075|dataStream:10.1.0.38:15078|priority:1|startupRole:FOLLOWER] returns group-F903808A28C9:java.util.concurrent.CompletableFuture@6b6a3e80[Not completed]
2023-05-23 10:25:17,177 [ec27dbe6-08af-4523-b3ed-9f1573a1668d-groupManagement] INFO  server.RaftServer$Division (RaftServerImpl.java:<init>(198)) - ec27dbe6-08af-4523-b3ed-9f1573a1668d: new RaftServerImpl for group-F903808A28C9:[ec27dbe6-08af-4523-b3ed-9f1573a1668d|rpc:10.1.0.38:15069|admin:10.1.0.38:15068|client:10.1.0.38:15067|dataStream:10.1.0.38:15070|priority:0|startupRole:FOLLOWER, 7f763e46-2c68-46ea-ae9c-4adb784a7caa|rpc:10.1.0.38:15061|admin:10.1.0.38:15060|client:10.1.0.38:15059|dataStream:10.1.0.38:15062|priority:0|startupRole:FOLLOWER, e9bacc8e-add2-470d-91e3-29c7cfa3c1f4|rpc:10.1.0.38:15077|admin:10.1.0.38:15076|client:10.1.0.38:15075|dataStream:10.1.0.38:15078|priority:1|startupRole:FOLLOWER] with ContainerStateMachine:uninitialized
2023-05-23 10:25:17,177 [ec27dbe6-08af-4523-b3ed-9f1573a1668d-groupManagement] INFO  server.RaftServerConfigKeys (ConfUtils.java:logGet(46)) - raft.server.rpc.timeout.min = 5s (custom)
2023-05-23 10:25:17,177 [ec27dbe6-08af-4523-b3ed-9f1573a1668d-groupManagement] INFO  server.RaftServerConfigKeys (ConfUtils.java:logGet(46)) - raft.server.rpc.timeout.max = 5200ms (custom)
2023-05-23 10:25:17,178 [ec27dbe6-08af-4523-b3ed-9f1573a1668d-groupManagement] INFO  server.RaftServerConfigKeys (ConfUtils.java:logGet(46)) - raft.server.rpc.sleep.time = 25ms (default)
2023-05-23 10:25:17,178 [ec27dbe6-08af-4523-b3ed-9f1573a1668d-groupManagement] INFO  server.RaftServerConfigKeys (ConfUtils.java:logGet(46)) - raft.server.rpc.slowness.timeout = 300s (custom)
2023-05-23 10:25:17,178 [ec27dbe6-08af-4523-b3ed-9f1573a1668d-groupManagement] INFO  server.RaftServerConfigKeys (ConfUtils.java:logGet(46)) - raft.server.leaderelection.leader.step-down.wait-time = 10s (default)
2023-05-23 10:25:17,178 [ec27dbe6-08af-4523-b3ed-9f1573a1668d-groupManagement] INFO  server.RaftServerConfigKeys (ConfUtils.java:logGet(46)) - raft.server.sleep.deviation.threshold = 300ms (default)
2023-05-23 10:25:17,178 [ec27dbe6-08af-4523-b3ed-9f1573a1668d-groupManagement] INFO  server.RaftServer$Division (ServerState.java:<init>(120)) - ec27dbe6-08af-4523-b3ed-9f1573a1668d@group-F903808A28C9: ConfigurationManager, init=-1: peers:[ec27dbe6-08af-4523-b3ed-9f1573a1668d|rpc:10.1.0.38:15069|admin:10.1.0.38:15068|client:10.1.0.38:15067|dataStream:10.1.0.38:15070|priority:0|startupRole:FOLLOWER, 7f763e46-2c68-46ea-ae9c-4adb784a7caa|rpc:10.1.0.38:15061|admin:10.1.0.38:15060|client:10.1.0.38:15059|dataStream:10.1.0.38:15062|priority:0|startupRole:FOLLOWER, e9bacc8e-add2-470d-91e3-29c7cfa3c1f4|rpc:10.1.0.38:15077|admin:10.1.0.38:15076|client:10.1.0.38:15075|dataStream:10.1.0.38:15078|priority:1|startupRole:FOLLOWER]|listeners:[], old=null, confs=<EMPTY_MAP>
2023-05-23 10:25:17,178 [ec27dbe6-08af-4523-b3ed-9f1573a1668d-groupManagement] INFO  server.RaftServerConfigKeys (ConfUtils.java:logGet(46)) - raft.server.storage.dir = [/home/runner/work/ozone/ozone/hadoop-ozone/integration-test/target/test-dir/MiniOzoneClusterImpl-ce972063-568b-4811-bfe7-9c87601498a3/datanode-1/data/ratis] (custom)
2023-05-23 10:25:17,178 [ec27dbe6-08af-4523-b3ed-9f1573a1668d-groupManagement] INFO  server.RaftServerConfigKeys (ConfUtils.java:logGet(46)) - raft.server.log.corruption.policy = EXCEPTION (default)
2023-05-23 10:25:17,178 [ec27dbe6-08af-4523-b3ed-9f1573a1668d-groupManagement] INFO  server.RaftServerConfigKeys (ConfUtils.java:logGet(46)) - raft.server.storage.free-space.min = 0MB (=0) (default)
2023-05-23 10:25:17,178 [ec27dbe6-08af-4523-b3ed-9f1573a1668d-groupManagement] INFO  server.RaftServerConfigKeys (ConfUtils.java:logGet(46)) - raft.server.notification.no-leader.timeout = 300s (custom)
2023-05-23 10:25:17,178 [ec27dbe6-08af-4523-b3ed-9f1573a1668d-groupManagement] INFO  server.RaftServerConfigKeys (ConfUtils.java:logGet(46)) - raft.server.read.timeout = 10s (default)
2023-05-23 10:25:17,178 [ec27dbe6-08af-4523-b3ed-9f1573a1668d-groupManagement] INFO  server.RaftServerConfigKeys (ConfUtils.java:logGet(46)) - raft.server.retrycache.expirytime = 600000ms (custom)
2023-05-23 10:25:17,178 [ec27dbe6-08af-4523-b3ed-9f1573a1668d-groupManagement] INFO  server.RaftServerConfigKeys (ConfUtils.java:logGet(46)) - raft.server.retrycache.statistics.expirytime = 100μs (default)
2023-05-23 10:25:17,178 [ec27dbe6-08af-4523-b3ed-9f1573a1668d-groupManagement] INFO  server.RaftServerConfigKeys (ConfUtils.java:logGet(46)) - raft.server.read.option = DEFAULT (default)
2023-05-23 10:25:17,179 [ec27dbe6-08af-4523-b3ed-9f1573a1668d-groupManagement] INFO  server.RaftServerConfigKeys (ConfUtils.java:logGet(46)) - raft.server.rpc.request.timeout = 60s (custom)
2023-05-23 10:25:17,179 [ec27dbe6-08af-4523-b3ed-9f1573a1668d-groupManagement] INFO  server.RaftServerConfigKeys (ConfUtils.java:logGet(46)) - raft.server.log.appender.install.snapshot.enabled = false (custom)
2023-05-23 10:25:17,179 [ec27dbe6-08af-4523-b3ed-9f1573a1668d-groupManagement] INFO  server.RaftServerConfigKeys (ConfUtils.java:logGet(46)) - raft.server.threadpool.server.cached = true (default)
2023-05-23 10:25:17,179 [ec27dbe6-08af-4523-b3ed-9f1573a1668d-groupManagement] INFO  server.RaftServerConfigKeys (ConfUtils.java:logGet(46)) - raft.server.threadpool.server.size = 0 (default)
2023-05-23 10:25:17,179 [ec27dbe6-08af-4523-b3ed-9f1573a1668d-groupManagement] INFO  server.RaftServerConfigKeys (ConfUtils.java:logGet(46)) - raft.server.threadpool.client.cached = true (default)
2023-05-23 10:25:17,179 [ec27dbe6-08af-4523-b3ed-9f1573a1668d-groupManagement] INFO  server.RaftServerConfigKeys (ConfUtils.java:logGet(46)) - raft.server.threadpool.client.size = 0 (default)
2023-05-23 10:25:17,180 [ec27dbe6-08af-4523-b3ed-9f1573a1668d-groupManagement] INFO  storage.RaftStorageDirectory (RaftStorageDirectoryImpl.java:analyzeStorage(137)) - The storage directory /home/runner/work/ozone/ozone/hadoop-ozone/integration-test/target/test-dir/MiniOzoneClusterImpl-ce972063-568b-4811-bfe7-9c87601498a3/datanode-1/data/ratis/1a2b4552-d01f-42a9-bdc6-f903808a28c9 does not exist. Creating ...
2023-05-23 10:25:17,181 [ec27dbe6-08af-4523-b3ed-9f1573a1668d-groupManagement] INFO  storage.RaftStorageDirectory (RaftStorageDirectoryImpl.java:tryLock(231)) - Lock on /home/runner/work/ozone/ozone/hadoop-ozone/integration-test/target/test-dir/MiniOzoneClusterImpl-ce972063-568b-4811-bfe7-9c87601498a3/datanode-1/data/ratis/1a2b4552-d01f-42a9-bdc6-f903808a28c9/in_use.lock acquired by nodename 10384@fv-az1249-304
2023-05-23 10:25:17,183 [ec27dbe6-08af-4523-b3ed-9f1573a1668d-groupManagement] INFO  storage.RaftStorage (RaftStorageImpl.java:format(96)) - Storage directory /home/runner/work/ozone/ozone/hadoop-ozone/integration-test/target/test-dir/MiniOzoneClusterImpl-ce972063-568b-4811-bfe7-9c87601498a3/datanode-1/data/ratis/1a2b4552-d01f-42a9-bdc6-f903808a28c9 has been successfully formatted.
2023-05-23 10:25:17,184 [ec27dbe6-08af-4523-b3ed-9f1573a1668d-groupManagement] INFO  ratis.ContainerStateMachine (ContainerStateMachine.java:loadSnapshot(262)) - group-F903808A28C9: The snapshot info is null. Setting the last applied indexto:(t:0, i:~)
2023-05-23 10:25:17,184 [ec27dbe6-08af-4523-b3ed-9f1573a1668d-groupManagement] INFO  server.RaftServerConfigKeys (ConfUtils.java:logGet(46)) - raft.server.log.use.memory = false (default)
2023-05-23 10:25:17,185 [ec27dbe6-08af-4523-b3ed-9f1573a1668d-groupManagement] INFO  server.RaftServerConfigKeys (ConfUtils.java:logGet(46)) - raft.server.log.purge.gap = 1000000 (custom)
2023-05-23 10:25:17,185 [ec27dbe6-08af-4523-b3ed-9f1573a1668d-groupManagement] INFO  server.RaftServerConfigKeys (ConfUtils.java:logGet(46)) - raft.server.log.appender.buffer.byte-limit = 33554432 (custom)
2023-05-23 10:25:17,185 [ec27dbe6-08af-4523-b3ed-9f1573a1668d-groupManagement] INFO  server.RaftServerConfigKeys (ConfUtils.java:logGet(46)) - raft.server.log.statemachine.data.read.timeout = 1000ms (default)
2023-05-23 10:25:17,185 [ec27dbe6-08af-4523-b3ed-9f1573a1668d-groupManagement] INFO  server.RaftServerConfigKeys (ConfUtils.java:logGet(46)) - raft.server.log.purge.preservation.log.num = 0 (default)
2023-05-23 10:25:17,185 [ec27dbe6-08af-4523-b3ed-9f1573a1668d-groupManagement] INFO  server.RaftServerConfigKeys (ConfUtils.java:logGet(46)) - raft.server.log.segment.size.max = 1048576 (custom)
2023-05-23 10:25:17,186 [ec27dbe6-08af-4523-b3ed-9f1573a1668d-groupManagement] INFO  server.RaftServerConfigKeys (ConfUtils.java:logGet(46)) - raft.server.log.segment.cache.num.max = 2 (custom)
2023-05-23 10:25:17,186 [ec27dbe6-08af-4523-b3ed-9f1573a1668d-groupManagement] INFO  server.RaftServerConfigKeys (ConfUtils.java:logGet(46)) - raft.server.log.segment.cache.size.max = 200MB (=209715200) (default)
2023-05-23 10:25:17,186 [ec27dbe6-08af-4523-b3ed-9f1573a1668d-groupManagement] INFO  server.RaftServerConfigKeys (ConfUtils.java:logGet(46)) - raft.server.log.appender.buffer.byte-limit = 33554432 (custom)
2023-05-23 10:25:17,186 [ec27dbe6-08af-4523-b3ed-9f1573a1668d-groupManagement] INFO  segmented.SegmentedRaftLogWorker (SegmentedRaftLogWorker.java:<init>(188)) - new ec27dbe6-08af-4523-b3ed-9f1573a1668d@group-F903808A28C9-SegmentedRaftLogWorker for RaftStorageImpl:Storage Directory /home/runner/work/ozone/ozone/hadoop-ozone/integration-test/target/test-dir/MiniOzoneClusterImpl-ce972063-568b-4811-bfe7-9c87601498a3/datanode-1/data/ratis/1a2b4552-d01f-42a9-bdc6-f903808a28c9
2023-05-23 10:25:17,186 [ec27dbe6-08af-4523-b3ed-9f1573a1668d-groupManagement] INFO  server.RaftServerConfigKeys (ConfUtils.java:logGet(46)) - raft.server.log.queue.byte-limit = 4294967296 (custom)
2023-05-23 10:25:17,186 [ec27dbe6-08af-4523-b3ed-9f1573a1668d-groupManagement] INFO  server.RaftServerConfigKeys (ConfUtils.java:logGet(46)) - raft.server.log.queue.element-limit = 1024 (custom)
2023-05-23 10:25:17,186 [ec27dbe6-08af-4523-b3ed-9f1573a1668d-groupManagement] INFO  server.RaftServerConfigKeys (ConfUtils.java:logGet(46)) - raft.server.log.segment.size.max = 1048576 (custom)
2023-05-23 10:25:17,186 [ec27dbe6-08af-4523-b3ed-9f1573a1668d-groupManagement] INFO  server.RaftServerConfigKeys (ConfUtils.java:logGet(46)) - raft.server.log.preallocated.size = 16384 (custom)
2023-05-23 10:25:17,186 [ec27dbe6-08af-4523-b3ed-9f1573a1668d-groupManagement] INFO  server.RaftServerConfigKeys (ConfUtils.java:logGet(46)) - raft.server.log.force.sync.num = 128 (default)
2023-05-23 10:25:17,186 [ec27dbe6-08af-4523-b3ed-9f1573a1668d-groupManagement] INFO  server.RaftServerConfigKeys (ConfUtils.java:logGet(46)) - raft.server.log.statemachine.data.sync = true (default)
2023-05-23 10:25:17,186 [ec27dbe6-08af-4523-b3ed-9f1573a1668d-groupManagement] INFO  server.RaftServerConfigKeys (ConfUtils.java:logGet(46)) - raft.server.log.statemachine.data.sync.timeout = 10s (default)
2023-05-23 10:25:17,186 [ec27dbe6-08af-4523-b3ed-9f1573a1668d-groupManagement] INFO  server.RaftServerConfigKeys (ConfUtils.java:logGet(46)) - raft.server.log.statemachine.data.sync.timeout.retry = -1 (default)
2023-05-23 10:25:17,187 [ec27dbe6-08af-4523-b3ed-9f1573a1668d-groupManagement] INFO  server.RaftServerConfigKeys (ConfUtils.java:logGet(46)) - raft.server.log.write.buffer.size = 1048576 (custom)
2023-05-23 10:25:17,188 [ec27dbe6-08af-4523-b3ed-9f1573a1668d-groupManagement] INFO  server.RaftServerConfigKeys (ConfUtils.java:logGet(46)) - raft.server.log.appender.buffer.byte-limit = 33554432 (custom)
2023-05-23 10:25:17,193 [ec27dbe6-08af-4523-b3ed-9f1573a1668d-groupManagement] INFO  server.RaftServerConfigKeys (ConfUtils.java:logGet(46)) - raft.server.log.unsafe-flush.enabled = false (default)
2023-05-23 10:25:17,193 [ec27dbe6-08af-4523-b3ed-9f1573a1668d-groupManagement] INFO  server.RaftServerConfigKeys (ConfUtils.java:logGet(46)) - raft.server.log.async-flush.enabled = false (default)
2023-05-23 10:25:17,193 [ec27dbe6-08af-4523-b3ed-9f1573a1668d-groupManagement] INFO  server.RaftServerConfigKeys (ConfUtils.java:logGet(46)) - raft.server.log.statemachine.data.caching.enabled = true (custom)
2023-05-23 10:25:17,193 [ec27dbe6-08af-4523-b3ed-9f1573a1668d-groupManagement] INFO  segmented.SegmentedRaftLogWorker (SegmentedRaftLogWorker.java:lambda$new$0(135)) - ec27dbe6-08af-4523-b3ed-9f1573a1668d@group-F903808A28C9-SegmentedRaftLogWorker: flushIndex: setUnconditionally 0 -> -1
2023-05-23 10:25:17,193 [ec27dbe6-08af-4523-b3ed-9f1573a1668d-groupManagement] INFO  segmented.SegmentedRaftLogWorker (SegmentedRaftLogWorker.java:lambda$new$0(135)) - ec27dbe6-08af-4523-b3ed-9f1573a1668d@group-F903808A28C9-SegmentedRaftLogWorker: safeCacheEvictIndex: setUnconditionally 0 -> -1
2023-05-23 10:25:17,194 [ec27dbe6-08af-4523-b3ed-9f1573a1668d-groupManagement] INFO  server.RaftServer$Division (RaftServerImpl.java:start(342)) - ec27dbe6-08af-4523-b3ed-9f1573a1668d@group-F903808A28C9: start as a follower, conf=-1: peers:[ec27dbe6-08af-4523-b3ed-9f1573a1668d|rpc:10.1.0.38:15069|admin:10.1.0.38:15068|client:10.1.0.38:15067|dataStream:10.1.0.38:15070|priority:0|startupRole:FOLLOWER, 7f763e46-2c68-46ea-ae9c-4adb784a7caa|rpc:10.1.0.38:15061|admin:10.1.0.38:15060|client:10.1.0.38:15059|dataStream:10.1.0.38:15062|priority:0|startupRole:FOLLOWER, e9bacc8e-add2-470d-91e3-29c7cfa3c1f4|rpc:10.1.0.38:15077|admin:10.1.0.38:15076|client:10.1.0.38:15075|dataStream:10.1.0.38:15078|priority:1|startupRole:FOLLOWER]|listeners:[], old=null
2023-05-23 10:25:17,194 [ec27dbe6-08af-4523-b3ed-9f1573a1668d-groupManagement] INFO  server.RaftServer$Division (RaftServerImpl.java:setRole(329)) - ec27dbe6-08af-4523-b3ed-9f1573a1668d@group-F903808A28C9: changes role from      null to FOLLOWER at term 0 for startAsFollower
2023-05-23 10:25:17,194 [ec27dbe6-08af-4523-b3ed-9f1573a1668d-groupManagement] INFO  impl.RoleInfo (RoleInfo.java:updateAndGet(139)) - ec27dbe6-08af-4523-b3ed-9f1573a1668d: start ec27dbe6-08af-4523-b3ed-9f1573a1668d@group-F903808A28C9-FollowerState
2023-05-23 10:25:17,197 [ec27dbe6-08af-4523-b3ed-9f1573a1668d-groupManagement] INFO  util.JmxRegister (JmxRegister.java:tryRegister(44)) - Successfully registered JMX Bean with object name Ratis:service=RaftServer,group=group-F903808A28C9,id=ec27dbe6-08af-4523-b3ed-9f1573a1668d
2023-05-23 10:25:17,197 [ec27dbe6-08af-4523-b3ed-9f1573a1668d-groupManagement] INFO  server.RaftServerConfigKeys (ConfUtils.java:logGet(46)) - raft.server.snapshot.auto.trigger.enabled = true (custom)
2023-05-23 10:25:17,197 [ec27dbe6-08af-4523-b3ed-9f1573a1668d-groupManagement] INFO  server.RaftServerConfigKeys (ConfUtils.java:logGet(46)) - raft.server.snapshot.auto.trigger.threshold = 10000 (custom)
2023-05-23 10:25:17,197 [ec27dbe6-08af-4523-b3ed-9f1573a1668d-groupManagement] INFO  server.RaftServerConfigKeys (ConfUtils.java:logGet(46)) - raft.server.snapshot.retention.file.num = 5 (custom)
2023-05-23 10:25:17,197 [ec27dbe6-08af-4523-b3ed-9f1573a1668d-groupManagement] INFO  server.RaftServerConfigKeys (ConfUtils.java:logGet(46)) - raft.server.log.purge.upto.snapshot.index = false (default)
2023-05-23 10:25:17,198 [ec27dbe6-08af-4523-b3ed-9f1573a1668d@group-F903808A28C9-FollowerState] INFO  server.RaftServerConfigKeys (ConfUtils.java:logFallback(53)) - raft.server.rpc.first-election.timeout.min = 5s (fallback to raft.server.rpc.timeout.min)
2023-05-23 10:25:17,205 [ec27dbe6-08af-4523-b3ed-9f1573a1668d@group-F903808A28C9-FollowerState] INFO  server.RaftServerConfigKeys (ConfUtils.java:logFallback(53)) - raft.server.rpc.first-election.timeout.max = 5200ms (fallback to raft.server.rpc.timeout.max)
2023-05-23 10:25:17,210 [Command processor thread] INFO  commandhandler.CreatePipelineCommandHandler (CreatePipelineCommandHandler.java:handle(113)) - Created Pipeline RATIS THREE PipelineID=1a2b4552-d01f-42a9-bdc6-f903808a28c9.
2023-05-23 10:25:17,280 [Command processor thread] INFO  server.RaftServer (RaftServerProxy.java:addNew(98)) - ec27dbe6-08af-4523-b3ed-9f1573a1668d: addNew group-BE8F39FC7C97:[ec27dbe6-08af-4523-b3ed-9f1573a1668d|rpc:10.1.0.38:15069|admin:10.1.0.38:15068|client:10.1.0.38:15067|dataStream:10.1.0.38:15070|priority:1|startupRole:FOLLOWER] returns group-BE8F39FC7C97:java.util.concurrent.CompletableFuture@641002ba[Not completed]
2023-05-23 10:25:17,281 [ec27dbe6-08af-4523-b3ed-9f1573a1668d-groupManagement] INFO  server.RaftServer$Division (RaftServerImpl.java:<init>(198)) - ec27dbe6-08af-4523-b3ed-9f1573a1668d: new RaftServerImpl for group-BE8F39FC7C97:[ec27dbe6-08af-4523-b3ed-9f1573a1668d|rpc:10.1.0.38:15069|admin:10.1.0.38:15068|client:10.1.0.38:15067|dataStream:10.1.0.38:15070|priority:1|startupRole:FOLLOWER] with ContainerStateMachine:uninitialized
2023-05-23 10:25:17,282 [ec27dbe6-08af-4523-b3ed-9f1573a1668d-groupManagement] INFO  server.RaftServerConfigKeys (ConfUtils.java:logGet(46)) - raft.server.rpc.timeout.min = 5s (custom)
2023-05-23 10:25:17,282 [ec27dbe6-08af-4523-b3ed-9f1573a1668d-groupManagement] INFO  server.RaftServerConfigKeys (ConfUtils.java:logGet(46)) - raft.server.rpc.timeout.max = 5200ms (custom)
2023-05-23 10:25:17,282 [ec27dbe6-08af-4523-b3ed-9f1573a1668d-groupManagement] INFO  server.RaftServerConfigKeys (ConfUtils.java:logGet(46)) - raft.server.rpc.sleep.time = 25ms (default)
2023-05-23 10:25:17,282 [ec27dbe6-08af-4523-b3ed-9f1573a1668d-groupManagement] INFO  server.RaftServerConfigKeys (ConfUtils.java:logGet(46)) - raft.server.rpc.slowness.timeout = 300s (custom)
2023-05-23 10:25:17,282 [ec27dbe6-08af-4523-b3ed-9f1573a1668d-groupManagement] INFO  server.RaftServerConfigKeys (ConfUtils.java:logGet(46)) - raft.server.leaderelection.leader.step-down.wait-time = 10s (default)
2023-05-23 10:25:17,282 [ec27dbe6-08af-4523-b3ed-9f1573a1668d-groupManagement] INFO  server.RaftServerConfigKeys (ConfUtils.java:logGet(46)) - raft.server.sleep.deviation.threshold = 300ms (default)
2023-05-23 10:25:17,282 [ec27dbe6-08af-4523-b3ed-9f1573a1668d-groupManagement] INFO  server.RaftServer$Division (ServerState.java:<init>(120)) - ec27dbe6-08af-4523-b3ed-9f1573a1668d@group-BE8F39FC7C97: ConfigurationManager, init=-1: peers:[ec27dbe6-08af-4523-b3ed-9f1573a1668d|rpc:10.1.0.38:15069|admin:10.1.0.38:15068|client:10.1.0.38:15067|dataStream:10.1.0.38:15070|priority:1|startupRole:FOLLOWER]|listeners:[], old=null, confs=<EMPTY_MAP>
2023-05-23 10:25:17,282 [ec27dbe6-08af-4523-b3ed-9f1573a1668d-groupManagement] INFO  server.RaftServerConfigKeys (ConfUtils.java:logGet(46)) - raft.server.storage.dir = [/home/runner/work/ozone/ozone/hadoop-ozone/integration-test/target/test-dir/MiniOzoneClusterImpl-ce972063-568b-4811-bfe7-9c87601498a3/datanode-1/data/ratis] (custom)
2023-05-23 10:25:17,282 [ec27dbe6-08af-4523-b3ed-9f1573a1668d-groupManagement] INFO  server.RaftServerConfigKeys (ConfUtils.java:logGet(46)) - raft.server.log.corruption.policy = EXCEPTION (default)
2023-05-23 10:25:17,282 [ec27dbe6-08af-4523-b3ed-9f1573a1668d-groupManagement] INFO  server.RaftServerConfigKeys (ConfUtils.java:logGet(46)) - raft.server.storage.free-space.min = 0MB (=0) (default)
2023-05-23 10:25:17,282 [ec27dbe6-08af-4523-b3ed-9f1573a1668d-groupManagement] INFO  server.RaftServerConfigKeys (ConfUtils.java:logGet(46)) - raft.server.notification.no-leader.timeout = 300s (custom)
2023-05-23 10:25:17,282 [ec27dbe6-08af-4523-b3ed-9f1573a1668d-groupManagement] INFO  server.RaftServerConfigKeys (ConfUtils.java:logGet(46)) - raft.server.read.timeout = 10s (default)
2023-05-23 10:25:17,283 [ec27dbe6-08af-4523-b3ed-9f1573a1668d-groupManagement] INFO  server.RaftServerConfigKeys (ConfUtils.java:logGet(46)) - raft.server.retrycache.expirytime = 600000ms (custom)
2023-05-23 10:25:17,283 [ec27dbe6-08af-4523-b3ed-9f1573a1668d-groupManagement] INFO  server.RaftServerConfigKeys (ConfUtils.java:logGet(46)) - raft.server.retrycache.statistics.expirytime = 100μs (default)
2023-05-23 10:25:17,283 [ec27dbe6-08af-4523-b3ed-9f1573a1668d-groupManagement] INFO  server.RaftServerConfigKeys (ConfUtils.java:logGet(46)) - raft.server.read.option = DEFAULT (default)
2023-05-23 10:25:17,283 [ec27dbe6-08af-4523-b3ed-9f1573a1668d-groupManagement] INFO  server.RaftServerConfigKeys (ConfUtils.java:logGet(46)) - raft.server.rpc.request.timeout = 60s (custom)
2023-05-23 10:25:17,283 [ec27dbe6-08af-4523-b3ed-9f1573a1668d-groupManagement] INFO  server.RaftServerConfigKeys (ConfUtils.java:logGet(46)) - raft.server.log.appender.install.snapshot.enabled = false (custom)
2023-05-23 10:25:17,284 [ec27dbe6-08af-4523-b3ed-9f1573a1668d-groupManagement] INFO  server.RaftServerConfigKeys (ConfUtils.java:logGet(46)) - raft.server.threadpool.server.cached = true (default)
2023-05-23 10:25:17,284 [ec27dbe6-08af-4523-b3ed-9f1573a1668d-groupManagement] INFO  server.RaftServerConfigKeys (ConfUtils.java:logGet(46)) - raft.server.threadpool.server.size = 0 (default)
2023-05-23 10:25:17,284 [ec27dbe6-08af-4523-b3ed-9f1573a1668d-groupManagement] INFO  server.RaftServerConfigKeys (ConfUtils.java:logGet(46)) - raft.server.threadpool.client.cached = true (default)
2023-05-23 10:25:17,284 [ec27dbe6-08af-4523-b3ed-9f1573a1668d-groupManagement] INFO  server.RaftServerConfigKeys (ConfUtils.java:logGet(46)) - raft.server.threadpool.client.size = 0 (default)
2023-05-23 10:25:17,284 [ec27dbe6-08af-4523-b3ed-9f1573a1668d-groupManagement] INFO  storage.RaftStorageDirectory (RaftStorageDirectoryImpl.java:analyzeStorage(137)) - The storage directory /home/runner/work/ozone/ozone/hadoop-ozone/integration-test/target/test-dir/MiniOzoneClusterImpl-ce972063-568b-4811-bfe7-9c87601498a3/datanode-1/data/ratis/474b08bb-008e-45cd-aa20-be8f39fc7c97 does not exist. Creating ...
2023-05-23 10:25:17,286 [ec27dbe6-08af-4523-b3ed-9f1573a1668d-groupManagement] INFO  storage.RaftStorageDirectory (RaftStorageDirectoryImpl.java:tryLock(231)) - Lock on /home/runner/work/ozone/ozone/hadoop-ozone/integration-test/target/test-dir/MiniOzoneClusterImpl-ce972063-568b-4811-bfe7-9c87601498a3/datanode-1/data/ratis/474b08bb-008e-45cd-aa20-be8f39fc7c97/in_use.lock acquired by nodename 10384@fv-az1249-304
2023-05-23 10:25:17,287 [ec27dbe6-08af-4523-b3ed-9f1573a1668d-groupManagement] INFO  storage.RaftStorage (RaftStorageImpl.java:format(96)) - Storage directory /home/runner/work/ozone/ozone/hadoop-ozone/integration-test/target/test-dir/MiniOzoneClusterImpl-ce972063-568b-4811-bfe7-9c87601498a3/datanode-1/data/ratis/474b08bb-008e-45cd-aa20-be8f39fc7c97 has been successfully formatted.
2023-05-23 10:25:17,288 [ec27dbe6-08af-4523-b3ed-9f1573a1668d-groupManagement] INFO  ratis.ContainerStateMachine (ContainerStateMachine.java:loadSnapshot(262)) - group-BE8F39FC7C97: The snapshot info is null. Setting the last applied indexto:(t:0, i:~)
2023-05-23 10:25:17,288 [ec27dbe6-08af-4523-b3ed-9f1573a1668d-groupManagement] INFO  server.RaftServerConfigKeys (ConfUtils.java:logGet(46)) - raft.server.log.use.memory = false (default)
2023-05-23 10:25:17,288 [ec27dbe6-08af-4523-b3ed-9f1573a1668d-groupManagement] INFO  server.RaftServerConfigKeys (ConfUtils.java:logGet(46)) - raft.server.log.purge.gap = 1000000 (custom)
2023-05-23 10:25:17,288 [ec27dbe6-08af-4523-b3ed-9f1573a1668d-groupManagement] INFO  server.RaftServerConfigKeys (ConfUtils.java:logGet(46)) - raft.server.log.appender.buffer.byte-limit = 33554432 (custom)
2023-05-23 10:25:17,288 [ec27dbe6-08af-4523-b3ed-9f1573a1668d-groupManagement] INFO  server.RaftServerConfigKeys (ConfUtils.java:logGet(46)) - raft.server.log.statemachine.data.read.timeout = 1000ms (default)
2023-05-23 10:25:17,288 [ec27dbe6-08af-4523-b3ed-9f1573a1668d-groupManagement] INFO  server.RaftServerConfigKeys (ConfUtils.java:logGet(46)) - raft.server.log.purge.preservation.log.num = 0 (default)
2023-05-23 10:25:17,288 [ec27dbe6-08af-4523-b3ed-9f1573a1668d-groupManagement] INFO  server.RaftServerConfigKeys (ConfUtils.java:logGet(46)) - raft.server.log.segment.size.max = 1048576 (custom)
2023-05-23 10:25:17,289 [ec27dbe6-08af-4523-b3ed-9f1573a1668d-groupManagement] INFO  server.RaftServerConfigKeys (ConfUtils.java:logGet(46)) - raft.server.log.segment.cache.num.max = 2 (custom)
2023-05-23 10:25:17,289 [ec27dbe6-08af-4523-b3ed-9f1573a1668d-groupManagement] INFO  server.RaftServerConfigKeys (ConfUtils.java:logGet(46)) - raft.server.log.segment.cache.size.max = 200MB (=209715200) (default)
2023-05-23 10:25:17,289 [ec27dbe6-08af-4523-b3ed-9f1573a1668d-groupManagement] INFO  server.RaftServerConfigKeys (ConfUtils.java:logGet(46)) - raft.server.log.appender.buffer.byte-limit = 33554432 (custom)
2023-05-23 10:25:17,289 [ec27dbe6-08af-4523-b3ed-9f1573a1668d-groupManagement] INFO  segmented.SegmentedRaftLogWorker (SegmentedRaftLogWorker.java:<init>(188)) - new ec27dbe6-08af-4523-b3ed-9f1573a1668d@group-BE8F39FC7C97-SegmentedRaftLogWorker for RaftStorageImpl:Storage Directory /home/runner/work/ozone/ozone/hadoop-ozone/integration-test/target/test-dir/MiniOzoneClusterImpl-ce972063-568b-4811-bfe7-9c87601498a3/datanode-1/data/ratis/474b08bb-008e-45cd-aa20-be8f39fc7c97
2023-05-23 10:25:17,289 [ec27dbe6-08af-4523-b3ed-9f1573a1668d-groupManagement] INFO  server.RaftServerConfigKeys (ConfUtils.java:logGet(46)) - raft.server.log.queue.byte-limit = 4294967296 (custom)
2023-05-23 10:25:17,289 [ec27dbe6-08af-4523-b3ed-9f1573a1668d-groupManagement] INFO  server.RaftServerConfigKeys (ConfUtils.java:logGet(46)) - raft.server.log.queue.element-limit = 1024 (custom)
2023-05-23 10:25:17,289 [ec27dbe6-08af-4523-b3ed-9f1573a1668d-groupManagement] INFO  server.RaftServerConfigKeys (ConfUtils.java:logGet(46)) - raft.server.log.segment.size.max = 1048576 (custom)
2023-05-23 10:25:17,289 [ec27dbe6-08af-4523-b3ed-9f1573a1668d-groupManagement] INFO  server.RaftServerConfigKeys (ConfUtils.java:logGet(46)) - raft.server.log.preallocated.size = 16384 (custom)
2023-05-23 10:25:17,289 [ec27dbe6-08af-4523-b3ed-9f1573a1668d-groupManagement] INFO  server.RaftServerConfigKeys (ConfUtils.java:logGet(46)) - raft.server.log.force.sync.num = 128 (default)
2023-05-23 10:25:17,289 [ec27dbe6-08af-4523-b3ed-9f1573a1668d-groupManagement] INFO  server.RaftServerConfigKeys (ConfUtils.java:logGet(46)) - raft.server.log.statemachine.data.sync = true (default)
2023-05-23 10:25:17,289 [ec27dbe6-08af-4523-b3ed-9f1573a1668d-groupManagement] INFO  server.RaftServerConfigKeys (ConfUtils.java:logGet(46)) - raft.server.log.statemachine.data.sync.timeout = 10s (default)
2023-05-23 10:25:17,289 [ec27dbe6-08af-4523-b3ed-9f1573a1668d-groupManagement] INFO  server.RaftServerConfigKeys (ConfUtils.java:logGet(46)) - raft.server.log.statemachine.data.sync.timeout.retry = -1 (default)
2023-05-23 10:25:17,290 [EventQueue-PipelineReportForPipelineReportHandler] INFO  pipeline.PipelineManagerImpl (PipelineManagerImpl.java:openPipeline(367)) - Pipeline Pipeline[ Id: 474b08bb-008e-45cd-aa20-be8f39fc7c97, Nodes: ec27dbe6-08af-4523-b3ed-9f1573a1668d(fv-az1249-304/10.1.0.38), ReplicationConfig: RATIS/ONE, State:ALLOCATED, leaderId:ec27dbe6-08af-4523-b3ed-9f1573a1668d, CreationTimestamp2023-05-23T10:25:14.284Z[Etc/UTC]] moved to OPEN state
2023-05-23 10:25:17,290 [ec27dbe6-08af-4523-b3ed-9f1573a1668d-groupManagement] INFO  server.RaftServerConfigKeys (ConfUtils.java:logGet(46)) - raft.server.log.write.buffer.size = 1048576 (custom)
2023-05-23 10:25:17,291 [EventQueue-OpenPipelineForHealthyPipelineSafeModeRule] INFO  safemode.SCMSafeModeManager (HealthyPipelineSafeModeRule.java:process(137)) - SCM in safe mode. Healthy pipelines reported count is 0, required healthy pipeline reported count is 1
2023-05-23 10:25:17,292 [ec27dbe6-08af-4523-b3ed-9f1573a1668d-groupManagement] INFO  server.RaftServerConfigKeys (ConfUtils.java:logGet(46)) - raft.server.log.appender.buffer.byte-limit = 33554432 (custom)
2023-05-23 10:25:17,298 [ec27dbe6-08af-4523-b3ed-9f1573a1668d-groupManagement] INFO  server.RaftServerConfigKeys (ConfUtils.java:logGet(46)) - raft.server.log.unsafe-flush.enabled = false (default)
2023-05-23 10:25:17,298 [ec27dbe6-08af-4523-b3ed-9f1573a1668d-groupManagement] INFO  server.RaftServerConfigKeys (ConfUtils.java:logGet(46)) - raft.server.log.async-flush.enabled = false (default)
2023-05-23 10:25:17,298 [ec27dbe6-08af-4523-b3ed-9f1573a1668d-groupManagement] INFO  server.RaftServerConfigKeys (ConfUtils.java:logGet(46)) - raft.server.log.statemachine.data.caching.enabled = true (custom)
2023-05-23 10:25:17,298 [ec27dbe6-08af-4523-b3ed-9f1573a1668d-groupManagement] INFO  segmented.SegmentedRaftLogWorker (SegmentedRaftLogWorker.java:lambda$new$0(135)) - ec27dbe6-08af-4523-b3ed-9f1573a1668d@group-BE8F39FC7C97-SegmentedRaftLogWorker: flushIndex: setUnconditionally 0 -> -1
2023-05-23 10:25:17,298 [ec27dbe6-08af-4523-b3ed-9f1573a1668d-groupManagement] INFO  segmented.SegmentedRaftLogWorker (SegmentedRaftLogWorker.java:lambda$new$0(135)) - ec27dbe6-08af-4523-b3ed-9f1573a1668d@group-BE8F39FC7C97-SegmentedRaftLogWorker: safeCacheEvictIndex: setUnconditionally 0 -> -1
2023-05-23 10:25:17,298 [ec27dbe6-08af-4523-b3ed-9f1573a1668d-groupManagement] INFO  server.RaftServer$Division (RaftServerImpl.java:start(342)) - ec27dbe6-08af-4523-b3ed-9f1573a1668d@group-BE8F39FC7C97: start as a follower, conf=-1: peers:[ec27dbe6-08af-4523-b3ed-9f1573a1668d|rpc:10.1.0.38:15069|admin:10.1.0.38:15068|client:10.1.0.38:15067|dataStream:10.1.0.38:15070|priority:1|startupRole:FOLLOWER]|listeners:[], old=null
2023-05-23 10:25:17,298 [ec27dbe6-08af-4523-b3ed-9f1573a1668d-groupManagement] INFO  server.RaftServer$Division (RaftServerImpl.java:setRole(329)) - ec27dbe6-08af-4523-b3ed-9f1573a1668d@group-BE8F39FC7C97: changes role from      null to FOLLOWER at term 0 for startAsFollower
2023-05-23 10:25:17,299 [ec27dbe6-08af-4523-b3ed-9f1573a1668d-groupManagement] INFO  impl.RoleInfo (RoleInfo.java:updateAndGet(139)) - ec27dbe6-08af-4523-b3ed-9f1573a1668d: start ec27dbe6-08af-4523-b3ed-9f1573a1668d@group-BE8F39FC7C97-FollowerState
2023-05-23 10:25:17,299 [ec27dbe6-08af-4523-b3ed-9f1573a1668d@group-BE8F39FC7C97-FollowerState] INFO  server.RaftServerConfigKeys (ConfUtils.java:logFallback(53)) - raft.server.rpc.first-election.timeout.min = 5s (fallback to raft.server.rpc.timeout.min)
2023-05-23 10:25:17,299 [ec27dbe6-08af-4523-b3ed-9f1573a1668d-groupManagement] INFO  util.JmxRegister (JmxRegister.java:tryRegister(44)) - Successfully registered JMX Bean with object name Ratis:service=RaftServer,group=group-BE8F39FC7C97,id=ec27dbe6-08af-4523-b3ed-9f1573a1668d
2023-05-23 10:25:17,299 [ec27dbe6-08af-4523-b3ed-9f1573a1668d@group-BE8F39FC7C97-FollowerState] INFO  server.RaftServerConfigKeys (ConfUtils.java:logFallback(53)) - raft.server.rpc.first-election.timeout.max = 5200ms (fallback to raft.server.rpc.timeout.max)
2023-05-23 10:25:17,299 [ec27dbe6-08af-4523-b3ed-9f1573a1668d-groupManagement] INFO  server.RaftServerConfigKeys (ConfUtils.java:logGet(46)) - raft.server.snapshot.auto.trigger.enabled = true (custom)
2023-05-23 10:25:17,299 [ec27dbe6-08af-4523-b3ed-9f1573a1668d-groupManagement] INFO  server.RaftServerConfigKeys (ConfUtils.java:logGet(46)) - raft.server.snapshot.auto.trigger.threshold = 10000 (custom)
2023-05-23 10:25:17,299 [ec27dbe6-08af-4523-b3ed-9f1573a1668d-groupManagement] INFO  server.RaftServerConfigKeys (ConfUtils.java:logGet(46)) - raft.server.snapshot.retention.file.num = 5 (custom)
2023-05-23 10:25:17,299 [ec27dbe6-08af-4523-b3ed-9f1573a1668d-groupManagement] INFO  server.RaftServerConfigKeys (ConfUtils.java:logGet(46)) - raft.server.log.purge.upto.snapshot.index = false (default)
2023-05-23 10:25:17,300 [Command processor thread] INFO  ratis.XceiverServerRatis (XceiverServerRatis.java:addGroup(806)) - Created group PipelineID=474b08bb-008e-45cd-aa20-be8f39fc7c97
2023-05-23 10:25:17,300 [Command processor thread] INFO  commandhandler.CreatePipelineCommandHandler (CreatePipelineCommandHandler.java:handle(113)) - Created Pipeline RATIS ONE PipelineID=474b08bb-008e-45cd-aa20-be8f39fc7c97.
2023-05-23 10:25:17,321 [Listener at 127.0.0.1/15052] INFO  ozone.MiniOzoneClusterImpl (MiniOzoneClusterImpl.java:lambda$waitForClusterToBeReady$0(222)) - Nodes are ready. Got 5 of 5 DN Heartbeats.
2023-05-23 10:25:17,321 [Listener at 127.0.0.1/15052] INFO  ozone.MiniOzoneClusterImpl (MiniOzoneClusterImpl.java:lambda$waitForClusterToBeReady$0(225)) - Waiting for cluster to exit safe mode
2023-05-23 10:25:17,321 [Listener at 127.0.0.1/15052] INFO  ozone.MiniOzoneClusterImpl (MiniOzoneClusterImpl.java:lambda$waitForClusterToBeReady$0(227)) - SCM became leader
2023-05-23 10:25:17,337 [ReplicationMonitor] INFO  replication.ReplicationManager (ReplicationManager.java:processAll(375)) - Replication Manager is not ready to run until 3000ms after safemode exit
2023-05-23 10:25:17,654 [Command processor thread] INFO  server.RaftServer (RaftServerProxy.java:addNew(98)) - e9bacc8e-add2-470d-91e3-29c7cfa3c1f4: addNew group-C975B6F1367C:[e9bacc8e-add2-470d-91e3-29c7cfa3c1f4|rpc:10.1.0.38:15077|admin:10.1.0.38:15076|client:10.1.0.38:15075|dataStream:10.1.0.38:15078|priority:1|startupRole:FOLLOWER] returns group-C975B6F1367C:java.util.concurrent.CompletableFuture@5ae0b255[Not completed]
2023-05-23 10:25:17,656 [e9bacc8e-add2-470d-91e3-29c7cfa3c1f4-groupManagement] INFO  server.RaftServer$Division (RaftServerImpl.java:<init>(198)) - e9bacc8e-add2-470d-91e3-29c7cfa3c1f4: new RaftServerImpl for group-C975B6F1367C:[e9bacc8e-add2-470d-91e3-29c7cfa3c1f4|rpc:10.1.0.38:15077|admin:10.1.0.38:15076|client:10.1.0.38:15075|dataStream:10.1.0.38:15078|priority:1|startupRole:FOLLOWER] with ContainerStateMachine:uninitialized
2023-05-23 10:25:17,656 [e9bacc8e-add2-470d-91e3-29c7cfa3c1f4-groupManagement] INFO  server.RaftServerConfigKeys (ConfUtils.java:logGet(46)) - raft.server.rpc.timeout.min = 5s (custom)
2023-05-23 10:25:17,656 [e9bacc8e-add2-470d-91e3-29c7cfa3c1f4-groupManagement] INFO  server.RaftServerConfigKeys (ConfUtils.java:logGet(46)) - raft.server.rpc.timeout.max = 5200ms (custom)
2023-05-23 10:25:17,656 [e9bacc8e-add2-470d-91e3-29c7cfa3c1f4-groupManagement] INFO  server.RaftServerConfigKeys (ConfUtils.java:logGet(46)) - raft.server.rpc.sleep.time = 25ms (default)
2023-05-23 10:25:17,656 [e9bacc8e-add2-470d-91e3-29c7cfa3c1f4-groupManagement] INFO  server.RaftServerConfigKeys (ConfUtils.java:logGet(46)) - raft.server.rpc.slowness.timeout = 300s (custom)
2023-05-23 10:25:17,656 [e9bacc8e-add2-470d-91e3-29c7cfa3c1f4-groupManagement] INFO  server.RaftServerConfigKeys (ConfUtils.java:logGet(46)) - raft.server.leaderelection.leader.step-down.wait-time = 10s (default)
2023-05-23 10:25:17,656 [e9bacc8e-add2-470d-91e3-29c7cfa3c1f4-groupManagement] INFO  server.RaftServerConfigKeys (ConfUtils.java:logGet(46)) - raft.server.sleep.deviation.threshold = 300ms (default)
2023-05-23 10:25:17,656 [e9bacc8e-add2-470d-91e3-29c7cfa3c1f4-groupManagement] INFO  server.RaftServer$Division (ServerState.java:<init>(120)) - e9bacc8e-add2-470d-91e3-29c7cfa3c1f4@group-C975B6F1367C: ConfigurationManager, init=-1: peers:[e9bacc8e-add2-470d-91e3-29c7cfa3c1f4|rpc:10.1.0.38:15077|admin:10.1.0.38:15076|client:10.1.0.38:15075|dataStream:10.1.0.38:15078|priority:1|startupRole:FOLLOWER]|listeners:[], old=null, confs=<EMPTY_MAP>
2023-05-23 10:25:17,656 [e9bacc8e-add2-470d-91e3-29c7cfa3c1f4-groupManagement] INFO  server.RaftServerConfigKeys (ConfUtils.java:logGet(46)) - raft.server.storage.dir = [/home/runner/work/ozone/ozone/hadoop-ozone/integration-test/target/test-dir/MiniOzoneClusterImpl-ce972063-568b-4811-bfe7-9c87601498a3/datanode-2/data/ratis] (custom)
2023-05-23 10:25:17,657 [e9bacc8e-add2-470d-91e3-29c7cfa3c1f4-groupManagement] INFO  server.RaftServerConfigKeys (ConfUtils.java:logGet(46)) - raft.server.log.corruption.policy = EXCEPTION (default)
2023-05-23 10:25:17,657 [e9bacc8e-add2-470d-91e3-29c7cfa3c1f4-groupManagement] INFO  server.RaftServerConfigKeys (ConfUtils.java:logGet(46)) - raft.server.storage.free-space.min = 0MB (=0) (default)
2023-05-23 10:25:17,657 [e9bacc8e-add2-470d-91e3-29c7cfa3c1f4-groupManagement] INFO  server.RaftServerConfigKeys (ConfUtils.java:logGet(46)) - raft.server.notification.no-leader.timeout = 300s (custom)
2023-05-23 10:25:17,657 [e9bacc8e-add2-470d-91e3-29c7cfa3c1f4-groupManagement] INFO  server.RaftServerConfigKeys (ConfUtils.java:logGet(46)) - raft.server.read.timeout = 10s (default)
2023-05-23 10:25:17,657 [e9bacc8e-add2-470d-91e3-29c7cfa3c1f4-groupManagement] INFO  server.RaftServerConfigKeys (ConfUtils.java:logGet(46)) - raft.server.retrycache.expirytime = 600000ms (custom)
2023-05-23 10:25:17,657 [e9bacc8e-add2-470d-91e3-29c7cfa3c1f4-groupManagement] INFO  server.RaftServerConfigKeys (ConfUtils.java:logGet(46)) - raft.server.retrycache.statistics.expirytime = 100μs (default)
2023-05-23 10:25:17,657 [e9bacc8e-add2-470d-91e3-29c7cfa3c1f4-groupManagement] INFO  server.RaftServerConfigKeys (ConfUtils.java:logGet(46)) - raft.server.read.option = DEFAULT (default)
2023-05-23 10:25:17,658 [e9bacc8e-add2-470d-91e3-29c7cfa3c1f4-groupManagement] INFO  server.RaftServerConfigKeys (ConfUtils.java:logGet(46)) - raft.server.rpc.request.timeout = 60s (custom)
2023-05-23 10:25:17,658 [e9bacc8e-add2-470d-91e3-29c7cfa3c1f4-groupManagement] INFO  server.RaftServerConfigKeys (ConfUtils.java:logGet(46)) - raft.server.log.appender.install.snapshot.enabled = false (custom)
2023-05-23 10:25:17,658 [e9bacc8e-add2-470d-91e3-29c7cfa3c1f4-groupManagement] INFO  server.RaftServerConfigKeys (ConfUtils.java:logGet(46)) - raft.server.threadpool.server.cached = true (default)
2023-05-23 10:25:17,658 [e9bacc8e-add2-470d-91e3-29c7cfa3c1f4-groupManagement] INFO  server.RaftServerConfigKeys (ConfUtils.java:logGet(46)) - raft.server.threadpool.server.size = 0 (default)
2023-05-23 10:25:17,658 [e9bacc8e-add2-470d-91e3-29c7cfa3c1f4-groupManagement] INFO  server.RaftServerConfigKeys (ConfUtils.java:logGet(46)) - raft.server.threadpool.client.cached = true (default)
2023-05-23 10:25:17,659 [e9bacc8e-add2-470d-91e3-29c7cfa3c1f4-groupManagement] INFO  server.RaftServerConfigKeys (ConfUtils.java:logGet(46)) - raft.server.threadpool.client.size = 0 (default)
2023-05-23 10:25:17,659 [e9bacc8e-add2-470d-91e3-29c7cfa3c1f4-groupManagement] INFO  storage.RaftStorageDirectory (RaftStorageDirectoryImpl.java:analyzeStorage(137)) - The storage directory /home/runner/work/ozone/ozone/hadoop-ozone/integration-test/target/test-dir/MiniOzoneClusterImpl-ce972063-568b-4811-bfe7-9c87601498a3/datanode-2/data/ratis/030ffc6f-8062-49cf-abd3-c975b6f1367c does not exist. Creating ...
2023-05-23 10:25:17,661 [e9bacc8e-add2-470d-91e3-29c7cfa3c1f4-groupManagement] INFO  storage.RaftStorageDirectory (RaftStorageDirectoryImpl.java:tryLock(231)) - Lock on /home/runner/work/ozone/ozone/hadoop-ozone/integration-test/target/test-dir/MiniOzoneClusterImpl-ce972063-568b-4811-bfe7-9c87601498a3/datanode-2/data/ratis/030ffc6f-8062-49cf-abd3-c975b6f1367c/in_use.lock acquired by nodename 10384@fv-az1249-304
2023-05-23 10:25:17,663 [e9bacc8e-add2-470d-91e3-29c7cfa3c1f4-groupManagement] INFO  storage.RaftStorage (RaftStorageImpl.java:format(96)) - Storage directory /home/runner/work/ozone/ozone/hadoop-ozone/integration-test/target/test-dir/MiniOzoneClusterImpl-ce972063-568b-4811-bfe7-9c87601498a3/datanode-2/data/ratis/030ffc6f-8062-49cf-abd3-c975b6f1367c has been successfully formatted.
2023-05-23 10:25:17,666 [EventQueue-PipelineReportForPipelineReportHandler] INFO  pipeline.PipelineManagerImpl (PipelineManagerImpl.java:openPipeline(367)) - Pipeline Pipeline[ Id: 030ffc6f-8062-49cf-abd3-c975b6f1367c, Nodes: e9bacc8e-add2-470d-91e3-29c7cfa3c1f4(fv-az1249-304/10.1.0.38), ReplicationConfig: RATIS/ONE, State:ALLOCATED, leaderId:e9bacc8e-add2-470d-91e3-29c7cfa3c1f4, CreationTimestamp2023-05-23T10:25:14.657Z[Etc/UTC]] moved to OPEN state
2023-05-23 10:25:17,666 [EventQueue-OpenPipelineForHealthyPipelineSafeModeRule] INFO  safemode.SCMSafeModeManager (HealthyPipelineSafeModeRule.java:process(137)) - SCM in safe mode. Healthy pipelines reported count is 0, required healthy pipeline reported count is 1
2023-05-23 10:25:17,667 [e9bacc8e-add2-470d-91e3-29c7cfa3c1f4-groupManagement] INFO  ratis.ContainerStateMachine (ContainerStateMachine.java:loadSnapshot(262)) - group-C975B6F1367C: The snapshot info is null. Setting the last applied indexto:(t:0, i:~)
2023-05-23 10:25:17,667 [e9bacc8e-add2-470d-91e3-29c7cfa3c1f4-groupManagement] INFO  server.RaftServerConfigKeys (ConfUtils.java:logGet(46)) - raft.server.log.use.memory = false (default)
2023-05-23 10:25:17,667 [e9bacc8e-add2-470d-91e3-29c7cfa3c1f4-groupManagement] INFO  server.RaftServerConfigKeys (ConfUtils.java:logGet(46)) - raft.server.log.purge.gap = 1000000 (custom)
2023-05-23 10:25:17,667 [e9bacc8e-add2-470d-91e3-29c7cfa3c1f4-groupManagement] INFO  server.RaftServerConfigKeys (ConfUtils.java:logGet(46)) - raft.server.log.appender.buffer.byte-limit = 33554432 (custom)
2023-05-23 10:25:17,667 [e9bacc8e-add2-470d-91e3-29c7cfa3c1f4-groupManagement] INFO  server.RaftServerConfigKeys (ConfUtils.java:logGet(46)) - raft.server.log.statemachine.data.read.timeout = 1000ms (default)
2023-05-23 10:25:17,667 [e9bacc8e-add2-470d-91e3-29c7cfa3c1f4-groupManagement] INFO  server.RaftServerConfigKeys (ConfUtils.java:logGet(46)) - raft.server.log.purge.preservation.log.num = 0 (default)
2023-05-23 10:25:17,667 [e9bacc8e-add2-470d-91e3-29c7cfa3c1f4-groupManagement] INFO  server.RaftServerConfigKeys (ConfUtils.java:logGet(46)) - raft.server.log.segment.size.max = 1048576 (custom)
2023-05-23 10:25:17,668 [e9bacc8e-add2-470d-91e3-29c7cfa3c1f4-groupManagement] INFO  server.RaftServerConfigKeys (ConfUtils.java:logGet(46)) - raft.server.log.segment.cache.num.max = 2 (custom)
2023-05-23 10:25:17,668 [e9bacc8e-add2-470d-91e3-29c7cfa3c1f4-groupManagement] INFO  server.RaftServerConfigKeys (ConfUtils.java:logGet(46)) - raft.server.log.segment.cache.size.max = 200MB (=209715200) (default)
2023-05-23 10:25:17,668 [e9bacc8e-add2-470d-91e3-29c7cfa3c1f4-groupManagement] INFO  server.RaftServerConfigKeys (ConfUtils.java:logGet(46)) - raft.server.log.appender.buffer.byte-limit = 33554432 (custom)
2023-05-23 10:25:17,668 [e9bacc8e-add2-470d-91e3-29c7cfa3c1f4-groupManagement] INFO  segmented.SegmentedRaftLogWorker (SegmentedRaftLogWorker.java:<init>(188)) - new e9bacc8e-add2-470d-91e3-29c7cfa3c1f4@group-C975B6F1367C-SegmentedRaftLogWorker for RaftStorageImpl:Storage Directory /home/runner/work/ozone/ozone/hadoop-ozone/integration-test/target/test-dir/MiniOzoneClusterImpl-ce972063-568b-4811-bfe7-9c87601498a3/datanode-2/data/ratis/030ffc6f-8062-49cf-abd3-c975b6f1367c
2023-05-23 10:25:17,668 [e9bacc8e-add2-470d-91e3-29c7cfa3c1f4-groupManagement] INFO  server.RaftServerConfigKeys (ConfUtils.java:logGet(46)) - raft.server.log.queue.byte-limit = 4294967296 (custom)
2023-05-23 10:25:17,668 [e9bacc8e-add2-470d-91e3-29c7cfa3c1f4-groupManagement] INFO  server.RaftServerConfigKeys (ConfUtils.java:logGet(46)) - raft.server.log.queue.element-limit = 1024 (custom)
2023-05-23 10:25:17,668 [e9bacc8e-add2-470d-91e3-29c7cfa3c1f4-groupManagement] INFO  server.RaftServerConfigKeys (ConfUtils.java:logGet(46)) - raft.server.log.segment.size.max = 1048576 (custom)
2023-05-23 10:25:17,668 [e9bacc8e-add2-470d-91e3-29c7cfa3c1f4-groupManagement] INFO  server.RaftServerConfigKeys (ConfUtils.java:logGet(46)) - raft.server.log.preallocated.size = 16384 (custom)
2023-05-23 10:25:17,668 [e9bacc8e-add2-470d-91e3-29c7cfa3c1f4-groupManagement] INFO  server.RaftServerConfigKeys (ConfUtils.java:logGet(46)) - raft.server.log.force.sync.num = 128 (default)
2023-05-23 10:25:17,668 [e9bacc8e-add2-470d-91e3-29c7cfa3c1f4-groupManagement] INFO  server.RaftServerConfigKeys (ConfUtils.java:logGet(46)) - raft.server.log.statemachine.data.sync = true (default)
2023-05-23 10:25:17,669 [e9bacc8e-add2-470d-91e3-29c7cfa3c1f4-groupManagement] INFO  server.RaftServerConfigKeys (ConfUtils.java:logGet(46)) - raft.server.log.statemachine.data.sync.timeout = 10s (default)
2023-05-23 10:25:17,669 [e9bacc8e-add2-470d-91e3-29c7cfa3c1f4-groupManagement] INFO  server.RaftServerConfigKeys (ConfUtils.java:logGet(46)) - raft.server.log.statemachine.data.sync.timeout.retry = -1 (default)
2023-05-23 10:25:17,670 [e9bacc8e-add2-470d-91e3-29c7cfa3c1f4-groupManagement] INFO  server.RaftServerConfigKeys (ConfUtils.java:logGet(46)) - raft.server.log.write.buffer.size = 1048576 (custom)
2023-05-23 10:25:17,671 [e9bacc8e-add2-470d-91e3-29c7cfa3c1f4-groupManagement] INFO  server.RaftServerConfigKeys (ConfUtils.java:logGet(46)) - raft.server.log.appender.buffer.byte-limit = 33554432 (custom)
2023-05-23 10:25:17,676 [e9bacc8e-add2-470d-91e3-29c7cfa3c1f4-groupManagement] INFO  server.RaftServerConfigKeys (ConfUtils.java:logGet(46)) - raft.server.log.unsafe-flush.enabled = false (default)
2023-05-23 10:25:17,677 [e9bacc8e-add2-470d-91e3-29c7cfa3c1f4-groupManagement] INFO  server.RaftServerConfigKeys (ConfUtils.java:logGet(46)) - raft.server.log.async-flush.enabled = false (default)
2023-05-23 10:25:17,677 [e9bacc8e-add2-470d-91e3-29c7cfa3c1f4-groupManagement] INFO  server.RaftServerConfigKeys (ConfUtils.java:logGet(46)) - raft.server.log.statemachine.data.caching.enabled = true (custom)
2023-05-23 10:25:17,677 [e9bacc8e-add2-470d-91e3-29c7cfa3c1f4-groupManagement] INFO  segmented.SegmentedRaftLogWorker (SegmentedRaftLogWorker.java:lambda$new$0(135)) - e9bacc8e-add2-470d-91e3-29c7cfa3c1f4@group-C975B6F1367C-SegmentedRaftLogWorker: flushIndex: setUnconditionally 0 -> -1
2023-05-23 10:25:17,677 [e9bacc8e-add2-470d-91e3-29c7cfa3c1f4-groupManagement] INFO  segmented.SegmentedRaftLogWorker (SegmentedRaftLogWorker.java:lambda$new$0(135)) - e9bacc8e-add2-470d-91e3-29c7cfa3c1f4@group-C975B6F1367C-SegmentedRaftLogWorker: safeCacheEvictIndex: setUnconditionally 0 -> -1
2023-05-23 10:25:17,677 [e9bacc8e-add2-470d-91e3-29c7cfa3c1f4-groupManagement] INFO  server.RaftServer$Division (RaftServerImpl.java:start(342)) - e9bacc8e-add2-470d-91e3-29c7cfa3c1f4@group-C975B6F1367C: start as a follower, conf=-1: peers:[e9bacc8e-add2-470d-91e3-29c7cfa3c1f4|rpc:10.1.0.38:15077|admin:10.1.0.38:15076|client:10.1.0.38:15075|dataStream:10.1.0.38:15078|priority:1|startupRole:FOLLOWER]|listeners:[], old=null
2023-05-23 10:25:17,678 [e9bacc8e-add2-470d-91e3-29c7cfa3c1f4-groupManagement] INFO  server.RaftServer$Division (RaftServerImpl.java:setRole(329)) - e9bacc8e-add2-470d-91e3-29c7cfa3c1f4@group-C975B6F1367C: changes role from      null to FOLLOWER at term 0 for startAsFollower
2023-05-23 10:25:17,678 [e9bacc8e-add2-470d-91e3-29c7cfa3c1f4-groupManagement] INFO  impl.RoleInfo (RoleInfo.java:updateAndGet(139)) - e9bacc8e-add2-470d-91e3-29c7cfa3c1f4: start e9bacc8e-add2-470d-91e3-29c7cfa3c1f4@group-C975B6F1367C-FollowerState
2023-05-23 10:25:17,678 [e9bacc8e-add2-470d-91e3-29c7cfa3c1f4@group-C975B6F1367C-FollowerState] INFO  server.RaftServerConfigKeys (ConfUtils.java:logFallback(53)) - raft.server.rpc.first-election.timeout.min = 5s (fallback to raft.server.rpc.timeout.min)
2023-05-23 10:25:17,678 [e9bacc8e-add2-470d-91e3-29c7cfa3c1f4-groupManagement] INFO  util.JmxRegister (JmxRegister.java:tryRegister(44)) - Successfully registered JMX Bean with object name Ratis:service=RaftServer,group=group-C975B6F1367C,id=e9bacc8e-add2-470d-91e3-29c7cfa3c1f4
2023-05-23 10:25:17,678 [e9bacc8e-add2-470d-91e3-29c7cfa3c1f4@group-C975B6F1367C-FollowerState] INFO  server.RaftServerConfigKeys (ConfUtils.java:logFallback(53)) - raft.server.rpc.first-election.timeout.max = 5200ms (fallback to raft.server.rpc.timeout.max)
2023-05-23 10:25:17,678 [e9bacc8e-add2-470d-91e3-29c7cfa3c1f4-groupManagement] INFO  server.RaftServerConfigKeys (ConfUtils.java:logGet(46)) - raft.server.snapshot.auto.trigger.enabled = true (custom)
2023-05-23 10:25:17,678 [e9bacc8e-add2-470d-91e3-29c7cfa3c1f4-groupManagement] INFO  server.RaftServerConfigKeys (ConfUtils.java:logGet(46)) - raft.server.snapshot.auto.trigger.threshold = 10000 (custom)
2023-05-23 10:25:17,678 [e9bacc8e-add2-470d-91e3-29c7cfa3c1f4-groupManagement] INFO  server.RaftServerConfigKeys (ConfUtils.java:logGet(46)) - raft.server.snapshot.retention.file.num = 5 (custom)
2023-05-23 10:25:17,679 [e9bacc8e-add2-470d-91e3-29c7cfa3c1f4-groupManagement] INFO  server.RaftServerConfigKeys (ConfUtils.java:logGet(46)) - raft.server.log.purge.upto.snapshot.index = false (default)
2023-05-23 10:25:17,679 [Command processor thread] INFO  ratis.XceiverServerRatis (XceiverServerRatis.java:addGroup(806)) - Created group PipelineID=030ffc6f-8062-49cf-abd3-c975b6f1367c
2023-05-23 10:25:17,679 [Command processor thread] INFO  commandhandler.CreatePipelineCommandHandler (CreatePipelineCommandHandler.java:handle(113)) - Created Pipeline RATIS ONE PipelineID=030ffc6f-8062-49cf-abd3-c975b6f1367c.
2023-05-23 10:25:18,009 [Command processor thread] INFO  server.RaftServer (RaftServerProxy.java:addNew(98)) - 8a3b9119-c4fd-47cf-b64f-64ecafe7357b: addNew group-2C031B791D02:[8a3b9119-c4fd-47cf-b64f-64ecafe7357b|rpc:10.1.0.38:15085|admin:10.1.0.38:15084|client:10.1.0.38:15083|dataStream:10.1.0.38:15086|priority:1|startupRole:FOLLOWER] returns group-2C031B791D02:java.util.concurrent.CompletableFuture@2f9c8ce[Not completed]
2023-05-23 10:25:18,010 [8a3b9119-c4fd-47cf-b64f-64ecafe7357b-groupManagement] INFO  server.RaftServer$Division (RaftServerImpl.java:<init>(198)) - 8a3b9119-c4fd-47cf-b64f-64ecafe7357b: new RaftServerImpl for group-2C031B791D02:[8a3b9119-c4fd-47cf-b64f-64ecafe7357b|rpc:10.1.0.38:15085|admin:10.1.0.38:15084|client:10.1.0.38:15083|dataStream:10.1.0.38:15086|priority:1|startupRole:FOLLOWER] with ContainerStateMachine:uninitialized
2023-05-23 10:25:18,010 [8a3b9119-c4fd-47cf-b64f-64ecafe7357b-groupManagement] INFO  server.RaftServerConfigKeys (ConfUtils.java:logGet(46)) - raft.server.rpc.timeout.min = 5s (custom)
2023-05-23 10:25:18,011 [8a3b9119-c4fd-47cf-b64f-64ecafe7357b-groupManagement] INFO  server.RaftServerConfigKeys (ConfUtils.java:logGet(46)) - raft.server.rpc.timeout.max = 5200ms (custom)
2023-05-23 10:25:18,011 [8a3b9119-c4fd-47cf-b64f-64ecafe7357b-groupManagement] INFO  server.RaftServerConfigKeys (ConfUtils.java:logGet(46)) - raft.server.rpc.sleep.time = 25ms (default)
2023-05-23 10:25:18,011 [8a3b9119-c4fd-47cf-b64f-64ecafe7357b-groupManagement] INFO  server.RaftServerConfigKeys (ConfUtils.java:logGet(46)) - raft.server.rpc.slowness.timeout = 300s (custom)
2023-05-23 10:25:18,011 [8a3b9119-c4fd-47cf-b64f-64ecafe7357b-groupManagement] INFO  server.RaftServerConfigKeys (ConfUtils.java:logGet(46)) - raft.server.leaderelection.leader.step-down.wait-time = 10s (default)
2023-05-23 10:25:18,011 [8a3b9119-c4fd-47cf-b64f-64ecafe7357b-groupManagement] INFO  server.RaftServerConfigKeys (ConfUtils.java:logGet(46)) - raft.server.sleep.deviation.threshold = 300ms (default)
2023-05-23 10:25:18,011 [8a3b9119-c4fd-47cf-b64f-64ecafe7357b-groupManagement] INFO  server.RaftServer$Division (ServerState.java:<init>(120)) - 8a3b9119-c4fd-47cf-b64f-64ecafe7357b@group-2C031B791D02: ConfigurationManager, init=-1: peers:[8a3b9119-c4fd-47cf-b64f-64ecafe7357b|rpc:10.1.0.38:15085|admin:10.1.0.38:15084|client:10.1.0.38:15083|dataStream:10.1.0.38:15086|priority:1|startupRole:FOLLOWER]|listeners:[], old=null, confs=<EMPTY_MAP>
2023-05-23 10:25:18,011 [8a3b9119-c4fd-47cf-b64f-64ecafe7357b-groupManagement] INFO  server.RaftServerConfigKeys (ConfUtils.java:logGet(46)) - raft.server.storage.dir = [/home/runner/work/ozone/ozone/hadoop-ozone/integration-test/target/test-dir/MiniOzoneClusterImpl-ce972063-568b-4811-bfe7-9c87601498a3/datanode-3/data/ratis] (custom)
2023-05-23 10:25:18,011 [8a3b9119-c4fd-47cf-b64f-64ecafe7357b-groupManagement] INFO  server.RaftServerConfigKeys (ConfUtils.java:logGet(46)) - raft.server.log.corruption.policy = EXCEPTION (default)
2023-05-23 10:25:18,011 [8a3b9119-c4fd-47cf-b64f-64ecafe7357b-groupManagement] INFO  server.RaftServerConfigKeys (ConfUtils.java:logGet(46)) - raft.server.storage.free-space.min = 0MB (=0) (default)
2023-05-23 10:25:18,011 [8a3b9119-c4fd-47cf-b64f-64ecafe7357b-groupManagement] INFO  server.RaftServerConfigKeys (ConfUtils.java:logGet(46)) - raft.server.notification.no-leader.timeout = 300s (custom)
2023-05-23 10:25:18,011 [8a3b9119-c4fd-47cf-b64f-64ecafe7357b-groupManagement] INFO  server.RaftServerConfigKeys (ConfUtils.java:logGet(46)) - raft.server.read.timeout = 10s (default)
2023-05-23 10:25:18,012 [8a3b9119-c4fd-47cf-b64f-64ecafe7357b-groupManagement] INFO  server.RaftServerConfigKeys (ConfUtils.java:logGet(46)) - raft.server.retrycache.expirytime = 600000ms (custom)
2023-05-23 10:25:18,012 [8a3b9119-c4fd-47cf-b64f-64ecafe7357b-groupManagement] INFO  server.RaftServerConfigKeys (ConfUtils.java:logGet(46)) - raft.server.retrycache.statistics.expirytime = 100μs (default)
2023-05-23 10:25:18,012 [8a3b9119-c4fd-47cf-b64f-64ecafe7357b-groupManagement] INFO  server.RaftServerConfigKeys (ConfUtils.java:logGet(46)) - raft.server.read.option = DEFAULT (default)
2023-05-23 10:25:18,014 [8a3b9119-c4fd-47cf-b64f-64ecafe7357b-groupManagement] INFO  server.RaftServerConfigKeys (ConfUtils.java:logGet(46)) - raft.server.rpc.request.timeout = 60s (custom)
2023-05-23 10:25:18,014 [8a3b9119-c4fd-47cf-b64f-64ecafe7357b-groupManagement] INFO  server.RaftServerConfigKeys (ConfUtils.java:logGet(46)) - raft.server.log.appender.install.snapshot.enabled = false (custom)
2023-05-23 10:25:18,014 [8a3b9119-c4fd-47cf-b64f-64ecafe7357b-groupManagement] INFO  server.RaftServerConfigKeys (ConfUtils.java:logGet(46)) - raft.server.threadpool.server.cached = true (default)
2023-05-23 10:25:18,014 [8a3b9119-c4fd-47cf-b64f-64ecafe7357b-groupManagement] INFO  server.RaftServerConfigKeys (ConfUtils.java:logGet(46)) - raft.server.threadpool.server.size = 0 (default)
2023-05-23 10:25:18,014 [8a3b9119-c4fd-47cf-b64f-64ecafe7357b-groupManagement] INFO  server.RaftServerConfigKeys (ConfUtils.java:logGet(46)) - raft.server.threadpool.client.cached = true (default)
2023-05-23 10:25:18,014 [8a3b9119-c4fd-47cf-b64f-64ecafe7357b-groupManagement] INFO  server.RaftServerConfigKeys (ConfUtils.java:logGet(46)) - raft.server.threadpool.client.size = 0 (default)
2023-05-23 10:25:18,014 [8a3b9119-c4fd-47cf-b64f-64ecafe7357b-groupManagement] INFO  storage.RaftStorageDirectory (RaftStorageDirectoryImpl.java:analyzeStorage(137)) - The storage directory /home/runner/work/ozone/ozone/hadoop-ozone/integration-test/target/test-dir/MiniOzoneClusterImpl-ce972063-568b-4811-bfe7-9c87601498a3/datanode-3/data/ratis/a6a20d1e-ba56-4713-b995-2c031b791d02 does not exist. Creating ...
2023-05-23 10:25:18,016 [8a3b9119-c4fd-47cf-b64f-64ecafe7357b-groupManagement] INFO  storage.RaftStorageDirectory (RaftStorageDirectoryImpl.java:tryLock(231)) - Lock on /home/runner/work/ozone/ozone/hadoop-ozone/integration-test/target/test-dir/MiniOzoneClusterImpl-ce972063-568b-4811-bfe7-9c87601498a3/datanode-3/data/ratis/a6a20d1e-ba56-4713-b995-2c031b791d02/in_use.lock acquired by nodename 10384@fv-az1249-304
2023-05-23 10:25:18,017 [8a3b9119-c4fd-47cf-b64f-64ecafe7357b-groupManagement] INFO  storage.RaftStorage (RaftStorageImpl.java:format(96)) - Storage directory /home/runner/work/ozone/ozone/hadoop-ozone/integration-test/target/test-dir/MiniOzoneClusterImpl-ce972063-568b-4811-bfe7-9c87601498a3/datanode-3/data/ratis/a6a20d1e-ba56-4713-b995-2c031b791d02 has been successfully formatted.
2023-05-23 10:25:18,019 [8a3b9119-c4fd-47cf-b64f-64ecafe7357b-groupManagement] INFO  ratis.ContainerStateMachine (ContainerStateMachine.java:loadSnapshot(262)) - group-2C031B791D02: The snapshot info is null. Setting the last applied indexto:(t:0, i:~)
2023-05-23 10:25:18,019 [8a3b9119-c4fd-47cf-b64f-64ecafe7357b-groupManagement] INFO  server.RaftServerConfigKeys (ConfUtils.java:logGet(46)) - raft.server.log.use.memory = false (default)
2023-05-23 10:25:18,019 [8a3b9119-c4fd-47cf-b64f-64ecafe7357b-groupManagement] INFO  server.RaftServerConfigKeys (ConfUtils.java:logGet(46)) - raft.server.log.purge.gap = 1000000 (custom)
2023-05-23 10:25:18,019 [8a3b9119-c4fd-47cf-b64f-64ecafe7357b-groupManagement] INFO  server.RaftServerConfigKeys (ConfUtils.java:logGet(46)) - raft.server.log.appender.buffer.byte-limit = 33554432 (custom)
2023-05-23 10:25:18,019 [8a3b9119-c4fd-47cf-b64f-64ecafe7357b-groupManagement] INFO  server.RaftServerConfigKeys (ConfUtils.java:logGet(46)) - raft.server.log.statemachine.data.read.timeout = 1000ms (default)
2023-05-23 10:25:18,020 [8a3b9119-c4fd-47cf-b64f-64ecafe7357b-groupManagement] INFO  server.RaftServerConfigKeys (ConfUtils.java:logGet(46)) - raft.server.log.purge.preservation.log.num = 0 (default)
2023-05-23 10:25:18,020 [EventQueue-PipelineReportForPipelineReportHandler] INFO  pipeline.PipelineManagerImpl (PipelineManagerImpl.java:openPipeline(367)) - Pipeline Pipeline[ Id: a6a20d1e-ba56-4713-b995-2c031b791d02, Nodes: 8a3b9119-c4fd-47cf-b64f-64ecafe7357b(fv-az1249-304/10.1.0.38), ReplicationConfig: RATIS/ONE, State:ALLOCATED, leaderId:8a3b9119-c4fd-47cf-b64f-64ecafe7357b, CreationTimestamp2023-05-23T10:25:15.011Z[Etc/UTC]] moved to OPEN state
2023-05-23 10:25:18,021 [EventQueue-OpenPipelineForHealthyPipelineSafeModeRule] INFO  safemode.SCMSafeModeManager (HealthyPipelineSafeModeRule.java:process(137)) - SCM in safe mode. Healthy pipelines reported count is 0, required healthy pipeline reported count is 1
2023-05-23 10:25:18,021 [8a3b9119-c4fd-47cf-b64f-64ecafe7357b-groupManagement] INFO  server.RaftServerConfigKeys (ConfUtils.java:logGet(46)) - raft.server.log.segment.size.max = 1048576 (custom)
2023-05-23 10:25:18,022 [8a3b9119-c4fd-47cf-b64f-64ecafe7357b-groupManagement] INFO  server.RaftServerConfigKeys (ConfUtils.java:logGet(46)) - raft.server.log.segment.cache.num.max = 2 (custom)
2023-05-23 10:25:18,022 [8a3b9119-c4fd-47cf-b64f-64ecafe7357b-groupManagement] INFO  server.RaftServerConfigKeys (ConfUtils.java:logGet(46)) - raft.server.log.segment.cache.size.max = 200MB (=209715200) (default)
2023-05-23 10:25:18,022 [8a3b9119-c4fd-47cf-b64f-64ecafe7357b-groupManagement] INFO  server.RaftServerConfigKeys (ConfUtils.java:logGet(46)) - raft.server.log.appender.buffer.byte-limit = 33554432 (custom)
2023-05-23 10:25:18,022 [8a3b9119-c4fd-47cf-b64f-64ecafe7357b-groupManagement] INFO  segmented.SegmentedRaftLogWorker (SegmentedRaftLogWorker.java:<init>(188)) - new 8a3b9119-c4fd-47cf-b64f-64ecafe7357b@group-2C031B791D02-SegmentedRaftLogWorker for RaftStorageImpl:Storage Directory /home/runner/work/ozone/ozone/hadoop-ozone/integration-test/target/test-dir/MiniOzoneClusterImpl-ce972063-568b-4811-bfe7-9c87601498a3/datanode-3/data/ratis/a6a20d1e-ba56-4713-b995-2c031b791d02
2023-05-23 10:25:18,022 [8a3b9119-c4fd-47cf-b64f-64ecafe7357b-groupManagement] INFO  server.RaftServerConfigKeys (ConfUtils.java:logGet(46)) - raft.server.log.queue.byte-limit = 4294967296 (custom)
2023-05-23 10:25:18,022 [8a3b9119-c4fd-47cf-b64f-64ecafe7357b-groupManagement] INFO  server.RaftServerConfigKeys (ConfUtils.java:logGet(46)) - raft.server.log.queue.element-limit = 1024 (custom)
2023-05-23 10:25:18,022 [8a3b9119-c4fd-47cf-b64f-64ecafe7357b-groupManagement] INFO  server.RaftServerConfigKeys (ConfUtils.java:logGet(46)) - raft.server.log.segment.size.max = 1048576 (custom)
2023-05-23 10:25:18,022 [8a3b9119-c4fd-47cf-b64f-64ecafe7357b-groupManagement] INFO  server.RaftServerConfigKeys (ConfUtils.java:logGet(46)) - raft.server.log.preallocated.size = 16384 (custom)
2023-05-23 10:25:18,022 [8a3b9119-c4fd-47cf-b64f-64ecafe7357b-groupManagement] INFO  server.RaftServerConfigKeys (ConfUtils.java:logGet(46)) - raft.server.log.force.sync.num = 128 (default)
2023-05-23 10:25:18,022 [8a3b9119-c4fd-47cf-b64f-64ecafe7357b-groupManagement] INFO  server.RaftServerConfigKeys (ConfUtils.java:logGet(46)) - raft.server.log.statemachine.data.sync = true (default)
2023-05-23 10:25:18,022 [8a3b9119-c4fd-47cf-b64f-64ecafe7357b-groupManagement] INFO  server.RaftServerConfigKeys (ConfUtils.java:logGet(46)) - raft.server.log.statemachine.data.sync.timeout = 10s (default)
2023-05-23 10:25:18,022 [8a3b9119-c4fd-47cf-b64f-64ecafe7357b-groupManagement] INFO  server.RaftServerConfigKeys (ConfUtils.java:logGet(46)) - raft.server.log.statemachine.data.sync.timeout.retry = -1 (default)
2023-05-23 10:25:18,023 [8a3b9119-c4fd-47cf-b64f-64ecafe7357b-groupManagement] INFO  server.RaftServerConfigKeys (ConfUtils.java:logGet(46)) - raft.server.log.write.buffer.size = 1048576 (custom)
2023-05-23 10:25:18,024 [8a3b9119-c4fd-47cf-b64f-64ecafe7357b-groupManagement] INFO  server.RaftServerConfigKeys (ConfUtils.java:logGet(46)) - raft.server.log.appender.buffer.byte-limit = 33554432 (custom)
2023-05-23 10:25:18,029 [8a3b9119-c4fd-47cf-b64f-64ecafe7357b-groupManagement] INFO  server.RaftServerConfigKeys (ConfUtils.java:logGet(46)) - raft.server.log.unsafe-flush.enabled = false (default)
2023-05-23 10:25:18,029 [8a3b9119-c4fd-47cf-b64f-64ecafe7357b-groupManagement] INFO  server.RaftServerConfigKeys (ConfUtils.java:logGet(46)) - raft.server.log.async-flush.enabled = false (default)
2023-05-23 10:25:18,030 [8a3b9119-c4fd-47cf-b64f-64ecafe7357b-groupManagement] INFO  server.RaftServerConfigKeys (ConfUtils.java:logGet(46)) - raft.server.log.statemachine.data.caching.enabled = true (custom)
2023-05-23 10:25:18,030 [8a3b9119-c4fd-47cf-b64f-64ecafe7357b-groupManagement] INFO  segmented.SegmentedRaftLogWorker (SegmentedRaftLogWorker.java:lambda$new$0(135)) - 8a3b9119-c4fd-47cf-b64f-64ecafe7357b@group-2C031B791D02-SegmentedRaftLogWorker: flushIndex: setUnconditionally 0 -> -1
2023-05-23 10:25:18,030 [8a3b9119-c4fd-47cf-b64f-64ecafe7357b-groupManagement] INFO  segmented.SegmentedRaftLogWorker (SegmentedRaftLogWorker.java:lambda$new$0(135)) - 8a3b9119-c4fd-47cf-b64f-64ecafe7357b@group-2C031B791D02-SegmentedRaftLogWorker: safeCacheEvictIndex: setUnconditionally 0 -> -1
2023-05-23 10:25:18,030 [8a3b9119-c4fd-47cf-b64f-64ecafe7357b-groupManagement] INFO  server.RaftServer$Division (RaftServerImpl.java:start(342)) - 8a3b9119-c4fd-47cf-b64f-64ecafe7357b@group-2C031B791D02: start as a follower, conf=-1: peers:[8a3b9119-c4fd-47cf-b64f-64ecafe7357b|rpc:10.1.0.38:15085|admin:10.1.0.38:15084|client:10.1.0.38:15083|dataStream:10.1.0.38:15086|priority:1|startupRole:FOLLOWER]|listeners:[], old=null
2023-05-23 10:25:18,030 [8a3b9119-c4fd-47cf-b64f-64ecafe7357b-groupManagement] INFO  server.RaftServer$Division (RaftServerImpl.java:setRole(329)) - 8a3b9119-c4fd-47cf-b64f-64ecafe7357b@group-2C031B791D02: changes role from      null to FOLLOWER at term 0 for startAsFollower
2023-05-23 10:25:18,030 [8a3b9119-c4fd-47cf-b64f-64ecafe7357b-groupManagement] INFO  impl.RoleInfo (RoleInfo.java:updateAndGet(139)) - 8a3b9119-c4fd-47cf-b64f-64ecafe7357b: start 8a3b9119-c4fd-47cf-b64f-64ecafe7357b@group-2C031B791D02-FollowerState
2023-05-23 10:25:18,031 [8a3b9119-c4fd-47cf-b64f-64ecafe7357b-groupManagement] INFO  util.JmxRegister (JmxRegister.java:tryRegister(44)) - Successfully registered JMX Bean with object name Ratis:service=RaftServer,group=group-2C031B791D02,id=8a3b9119-c4fd-47cf-b64f-64ecafe7357b
2023-05-23 10:25:18,031 [8a3b9119-c4fd-47cf-b64f-64ecafe7357b-groupManagement] INFO  server.RaftServerConfigKeys (ConfUtils.java:logGet(46)) - raft.server.snapshot.auto.trigger.enabled = true (custom)
2023-05-23 10:25:18,033 [8a3b9119-c4fd-47cf-b64f-64ecafe7357b-groupManagement] INFO  server.RaftServerConfigKeys (ConfUtils.java:logGet(46)) - raft.server.snapshot.auto.trigger.threshold = 10000 (custom)
2023-05-23 10:25:18,033 [8a3b9119-c4fd-47cf-b64f-64ecafe7357b-groupManagement] INFO  server.RaftServerConfigKeys (ConfUtils.java:logGet(46)) - raft.server.snapshot.retention.file.num = 5 (custom)
2023-05-23 10:25:18,033 [8a3b9119-c4fd-47cf-b64f-64ecafe7357b-groupManagement] INFO  server.RaftServerConfigKeys (ConfUtils.java:logGet(46)) - raft.server.log.purge.upto.snapshot.index = false (default)
2023-05-23 10:25:18,034 [Command processor thread] INFO  ratis.XceiverServerRatis (XceiverServerRatis.java:addGroup(806)) - Created group PipelineID=a6a20d1e-ba56-4713-b995-2c031b791d02
2023-05-23 10:25:18,034 [Command processor thread] INFO  commandhandler.CreatePipelineCommandHandler (CreatePipelineCommandHandler.java:handle(113)) - Created Pipeline RATIS ONE PipelineID=a6a20d1e-ba56-4713-b995-2c031b791d02.
2023-05-23 10:25:18,037 [8a3b9119-c4fd-47cf-b64f-64ecafe7357b@group-2C031B791D02-FollowerState] INFO  server.RaftServerConfigKeys (ConfUtils.java:logFallback(53)) - raft.server.rpc.first-election.timeout.min = 5s (fallback to raft.server.rpc.timeout.min)
2023-05-23 10:25:18,037 [8a3b9119-c4fd-47cf-b64f-64ecafe7357b@group-2C031B791D02-FollowerState] INFO  server.RaftServerConfigKeys (ConfUtils.java:logFallback(53)) - raft.server.rpc.first-election.timeout.max = 5200ms (fallback to raft.server.rpc.timeout.max)
2023-05-23 10:25:18,322 [Listener at 127.0.0.1/15052] INFO  ozone.MiniOzoneClusterImpl (MiniOzoneClusterImpl.java:lambda$waitForClusterToBeReady$0(222)) - Nodes are ready. Got 5 of 5 DN Heartbeats.
2023-05-23 10:25:18,322 [Listener at 127.0.0.1/15052] INFO  ozone.MiniOzoneClusterImpl (MiniOzoneClusterImpl.java:lambda$waitForClusterToBeReady$0(225)) - Waiting for cluster to exit safe mode
2023-05-23 10:25:18,322 [Listener at 127.0.0.1/15052] INFO  ozone.MiniOzoneClusterImpl (MiniOzoneClusterImpl.java:lambda$waitForClusterToBeReady$0(227)) - SCM became leader
2023-05-23 10:25:18,326 [Command processor thread] INFO  server.RaftServer (RaftServerProxy.java:addNew(98)) - 7245158f-4bcf-4112-8365-c26f1e1b7534: addNew group-A947E808018F:[7245158f-4bcf-4112-8365-c26f1e1b7534|rpc:10.1.0.38:15093|admin:10.1.0.38:15092|client:10.1.0.38:15091|dataStream:10.1.0.38:15094|priority:1|startupRole:FOLLOWER] returns group-A947E808018F:java.util.concurrent.CompletableFuture@7d6c0742[Not completed]
2023-05-23 10:25:18,328 [7245158f-4bcf-4112-8365-c26f1e1b7534-groupManagement] INFO  server.RaftServer$Division (RaftServerImpl.java:<init>(198)) - 7245158f-4bcf-4112-8365-c26f1e1b7534: new RaftServerImpl for group-A947E808018F:[7245158f-4bcf-4112-8365-c26f1e1b7534|rpc:10.1.0.38:15093|admin:10.1.0.38:15092|client:10.1.0.38:15091|dataStream:10.1.0.38:15094|priority:1|startupRole:FOLLOWER] with ContainerStateMachine:uninitialized
2023-05-23 10:25:18,329 [7245158f-4bcf-4112-8365-c26f1e1b7534-groupManagement] INFO  server.RaftServerConfigKeys (ConfUtils.java:logGet(46)) - raft.server.rpc.timeout.min = 5s (custom)
2023-05-23 10:25:18,329 [7245158f-4bcf-4112-8365-c26f1e1b7534-groupManagement] INFO  server.RaftServerConfigKeys (ConfUtils.java:logGet(46)) - raft.server.rpc.timeout.max = 5200ms (custom)
2023-05-23 10:25:18,329 [7245158f-4bcf-4112-8365-c26f1e1b7534-groupManagement] INFO  server.RaftServerConfigKeys (ConfUtils.java:logGet(46)) - raft.server.rpc.sleep.time = 25ms (default)
2023-05-23 10:25:18,329 [7245158f-4bcf-4112-8365-c26f1e1b7534-groupManagement] INFO  server.RaftServerConfigKeys (ConfUtils.java:logGet(46)) - raft.server.rpc.slowness.timeout = 300s (custom)
2023-05-23 10:25:18,329 [7245158f-4bcf-4112-8365-c26f1e1b7534-groupManagement] INFO  server.RaftServerConfigKeys (ConfUtils.java:logGet(46)) - raft.server.leaderelection.leader.step-down.wait-time = 10s (default)
2023-05-23 10:25:18,329 [7245158f-4bcf-4112-8365-c26f1e1b7534-groupManagement] INFO  server.RaftServerConfigKeys (ConfUtils.java:logGet(46)) - raft.server.sleep.deviation.threshold = 300ms (default)
2023-05-23 10:25:18,329 [7245158f-4bcf-4112-8365-c26f1e1b7534-groupManagement] INFO  server.RaftServer$Division (ServerState.java:<init>(120)) - 7245158f-4bcf-4112-8365-c26f1e1b7534@group-A947E808018F: ConfigurationManager, init=-1: peers:[7245158f-4bcf-4112-8365-c26f1e1b7534|rpc:10.1.0.38:15093|admin:10.1.0.38:15092|client:10.1.0.38:15091|dataStream:10.1.0.38:15094|priority:1|startupRole:FOLLOWER]|listeners:[], old=null, confs=<EMPTY_MAP>
2023-05-23 10:25:18,329 [7245158f-4bcf-4112-8365-c26f1e1b7534-groupManagement] INFO  server.RaftServerConfigKeys (ConfUtils.java:logGet(46)) - raft.server.storage.dir = [/home/runner/work/ozone/ozone/hadoop-ozone/integration-test/target/test-dir/MiniOzoneClusterImpl-ce972063-568b-4811-bfe7-9c87601498a3/datanode-4/data/ratis] (custom)
2023-05-23 10:25:18,329 [7245158f-4bcf-4112-8365-c26f1e1b7534-groupManagement] INFO  server.RaftServerConfigKeys (ConfUtils.java:logGet(46)) - raft.server.log.corruption.policy = EXCEPTION (default)
2023-05-23 10:25:18,330 [7245158f-4bcf-4112-8365-c26f1e1b7534-groupManagement] INFO  server.RaftServerConfigKeys (ConfUtils.java:logGet(46)) - raft.server.storage.free-space.min = 0MB (=0) (default)
2023-05-23 10:25:18,330 [7245158f-4bcf-4112-8365-c26f1e1b7534-groupManagement] INFO  server.RaftServerConfigKeys (ConfUtils.java:logGet(46)) - raft.server.notification.no-leader.timeout = 300s (custom)
2023-05-23 10:25:18,330 [7245158f-4bcf-4112-8365-c26f1e1b7534-groupManagement] INFO  server.RaftServerConfigKeys (ConfUtils.java:logGet(46)) - raft.server.read.timeout = 10s (default)
2023-05-23 10:25:18,330 [7245158f-4bcf-4112-8365-c26f1e1b7534-groupManagement] INFO  server.RaftServerConfigKeys (ConfUtils.java:logGet(46)) - raft.server.retrycache.expirytime = 600000ms (custom)
2023-05-23 10:25:18,330 [7245158f-4bcf-4112-8365-c26f1e1b7534-groupManagement] INFO  server.RaftServerConfigKeys (ConfUtils.java:logGet(46)) - raft.server.retrycache.statistics.expirytime = 100μs (default)
2023-05-23 10:25:18,330 [7245158f-4bcf-4112-8365-c26f1e1b7534-groupManagement] INFO  server.RaftServerConfigKeys (ConfUtils.java:logGet(46)) - raft.server.read.option = DEFAULT (default)
2023-05-23 10:25:18,331 [7245158f-4bcf-4112-8365-c26f1e1b7534-groupManagement] INFO  server.RaftServerConfigKeys (ConfUtils.java:logGet(46)) - raft.server.rpc.request.timeout = 60s (custom)
2023-05-23 10:25:18,331 [7245158f-4bcf-4112-8365-c26f1e1b7534-groupManagement] INFO  server.RaftServerConfigKeys (ConfUtils.java:logGet(46)) - raft.server.log.appender.install.snapshot.enabled = false (custom)
2023-05-23 10:25:18,331 [7245158f-4bcf-4112-8365-c26f1e1b7534-groupManagement] INFO  server.RaftServerConfigKeys (ConfUtils.java:logGet(46)) - raft.server.threadpool.server.cached = true (default)
2023-05-23 10:25:18,331 [7245158f-4bcf-4112-8365-c26f1e1b7534-groupManagement] INFO  server.RaftServerConfigKeys (ConfUtils.java:logGet(46)) - raft.server.threadpool.server.size = 0 (default)
2023-05-23 10:25:18,331 [7245158f-4bcf-4112-8365-c26f1e1b7534-groupManagement] INFO  server.RaftServerConfigKeys (ConfUtils.java:logGet(46)) - raft.server.threadpool.client.cached = true (default)
2023-05-23 10:25:18,331 [7245158f-4bcf-4112-8365-c26f1e1b7534-groupManagement] INFO  server.RaftServerConfigKeys (ConfUtils.java:logGet(46)) - raft.server.threadpool.client.size = 0 (default)
2023-05-23 10:25:18,332 [7245158f-4bcf-4112-8365-c26f1e1b7534-groupManagement] INFO  storage.RaftStorageDirectory (RaftStorageDirectoryImpl.java:analyzeStorage(137)) - The storage directory /home/runner/work/ozone/ozone/hadoop-ozone/integration-test/target/test-dir/MiniOzoneClusterImpl-ce972063-568b-4811-bfe7-9c87601498a3/datanode-4/data/ratis/589aebce-cf94-48d9-bf36-a947e808018f does not exist. Creating ...
2023-05-23 10:25:18,333 [7245158f-4bcf-4112-8365-c26f1e1b7534-groupManagement] INFO  storage.RaftStorageDirectory (RaftStorageDirectoryImpl.java:tryLock(231)) - Lock on /home/runner/work/ozone/ozone/hadoop-ozone/integration-test/target/test-dir/MiniOzoneClusterImpl-ce972063-568b-4811-bfe7-9c87601498a3/datanode-4/data/ratis/589aebce-cf94-48d9-bf36-a947e808018f/in_use.lock acquired by nodename 10384@fv-az1249-304
2023-05-23 10:25:18,336 [7245158f-4bcf-4112-8365-c26f1e1b7534-groupManagement] INFO  storage.RaftStorage (RaftStorageImpl.java:format(96)) - Storage directory /home/runner/work/ozone/ozone/hadoop-ozone/integration-test/target/test-dir/MiniOzoneClusterImpl-ce972063-568b-4811-bfe7-9c87601498a3/datanode-4/data/ratis/589aebce-cf94-48d9-bf36-a947e808018f has been successfully formatted.
2023-05-23 10:25:18,337 [ReplicationMonitor] INFO  replication.ReplicationManager (ReplicationManager.java:processAll(375)) - Replication Manager is not ready to run until 3000ms after safemode exit
2023-05-23 10:25:18,339 [7245158f-4bcf-4112-8365-c26f1e1b7534-groupManagement] INFO  ratis.ContainerStateMachine (ContainerStateMachine.java:loadSnapshot(262)) - group-A947E808018F: The snapshot info is null. Setting the last applied indexto:(t:0, i:~)
2023-05-23 10:25:18,339 [7245158f-4bcf-4112-8365-c26f1e1b7534-groupManagement] INFO  server.RaftServerConfigKeys (ConfUtils.java:logGet(46)) - raft.server.log.use.memory = false (default)
2023-05-23 10:25:18,340 [7245158f-4bcf-4112-8365-c26f1e1b7534-groupManagement] INFO  server.RaftServerConfigKeys (ConfUtils.java:logGet(46)) - raft.server.log.purge.gap = 1000000 (custom)
2023-05-23 10:25:18,340 [7245158f-4bcf-4112-8365-c26f1e1b7534-groupManagement] INFO  server.RaftServerConfigKeys (ConfUtils.java:logGet(46)) - raft.server.log.appender.buffer.byte-limit = 33554432 (custom)
2023-05-23 10:25:18,340 [7245158f-4bcf-4112-8365-c26f1e1b7534-groupManagement] INFO  server.RaftServerConfigKeys (ConfUtils.java:logGet(46)) - raft.server.log.statemachine.data.read.timeout = 1000ms (default)
2023-05-23 10:25:18,340 [7245158f-4bcf-4112-8365-c26f1e1b7534-groupManagement] INFO  server.RaftServerConfigKeys (ConfUtils.java:logGet(46)) - raft.server.log.purge.preservation.log.num = 0 (default)
2023-05-23 10:25:18,340 [7245158f-4bcf-4112-8365-c26f1e1b7534-groupManagement] INFO  server.RaftServerConfigKeys (ConfUtils.java:logGet(46)) - raft.server.log.segment.size.max = 1048576 (custom)
2023-05-23 10:25:18,341 [EventQueue-PipelineReportForPipelineReportHandler] INFO  pipeline.PipelineManagerImpl (PipelineManagerImpl.java:openPipeline(367)) - Pipeline Pipeline[ Id: 589aebce-cf94-48d9-bf36-a947e808018f, Nodes: 7245158f-4bcf-4112-8365-c26f1e1b7534(fv-az1249-304/10.1.0.38), ReplicationConfig: RATIS/ONE, State:ALLOCATED, leaderId:7245158f-4bcf-4112-8365-c26f1e1b7534, CreationTimestamp2023-05-23T10:25:15.327Z[Etc/UTC]] moved to OPEN state
2023-05-23 10:25:18,341 [EventQueue-OpenPipelineForHealthyPipelineSafeModeRule] INFO  safemode.SCMSafeModeManager (HealthyPipelineSafeModeRule.java:process(137)) - SCM in safe mode. Healthy pipelines reported count is 0, required healthy pipeline reported count is 1
2023-05-23 10:25:18,345 [7245158f-4bcf-4112-8365-c26f1e1b7534-groupManagement] INFO  server.RaftServerConfigKeys (ConfUtils.java:logGet(46)) - raft.server.log.segment.cache.num.max = 2 (custom)
2023-05-23 10:25:18,345 [7245158f-4bcf-4112-8365-c26f1e1b7534-groupManagement] INFO  server.RaftServerConfigKeys (ConfUtils.java:logGet(46)) - raft.server.log.segment.cache.size.max = 200MB (=209715200) (default)
2023-05-23 10:25:18,345 [7245158f-4bcf-4112-8365-c26f1e1b7534-groupManagement] INFO  server.RaftServerConfigKeys (ConfUtils.java:logGet(46)) - raft.server.log.appender.buffer.byte-limit = 33554432 (custom)
2023-05-23 10:25:18,345 [7245158f-4bcf-4112-8365-c26f1e1b7534-groupManagement] INFO  segmented.SegmentedRaftLogWorker (SegmentedRaftLogWorker.java:<init>(188)) - new 7245158f-4bcf-4112-8365-c26f1e1b7534@group-A947E808018F-SegmentedRaftLogWorker for RaftStorageImpl:Storage Directory /home/runner/work/ozone/ozone/hadoop-ozone/integration-test/target/test-dir/MiniOzoneClusterImpl-ce972063-568b-4811-bfe7-9c87601498a3/datanode-4/data/ratis/589aebce-cf94-48d9-bf36-a947e808018f
2023-05-23 10:25:18,345 [7245158f-4bcf-4112-8365-c26f1e1b7534-groupManagement] INFO  server.RaftServerConfigKeys (ConfUtils.java:logGet(46)) - raft.server.log.queue.byte-limit = 4294967296 (custom)
2023-05-23 10:25:18,345 [7245158f-4bcf-4112-8365-c26f1e1b7534-groupManagement] INFO  server.RaftServerConfigKeys (ConfUtils.java:logGet(46)) - raft.server.log.queue.element-limit = 1024 (custom)
2023-05-23 10:25:18,345 [7245158f-4bcf-4112-8365-c26f1e1b7534-groupManagement] INFO  server.RaftServerConfigKeys (ConfUtils.java:logGet(46)) - raft.server.log.segment.size.max = 1048576 (custom)
2023-05-23 10:25:18,345 [7245158f-4bcf-4112-8365-c26f1e1b7534-groupManagement] INFO  server.RaftServerConfigKeys (ConfUtils.java:logGet(46)) - raft.server.log.preallocated.size = 16384 (custom)
2023-05-23 10:25:18,345 [7245158f-4bcf-4112-8365-c26f1e1b7534-groupManagement] INFO  server.RaftServerConfigKeys (ConfUtils.java:logGet(46)) - raft.server.log.force.sync.num = 128 (default)
2023-05-23 10:25:18,345 [7245158f-4bcf-4112-8365-c26f1e1b7534-groupManagement] INFO  server.RaftServerConfigKeys (ConfUtils.java:logGet(46)) - raft.server.log.statemachine.data.sync = true (default)
2023-05-23 10:25:18,345 [7245158f-4bcf-4112-8365-c26f1e1b7534-groupManagement] INFO  server.RaftServerConfigKeys (ConfUtils.java:logGet(46)) - raft.server.log.statemachine.data.sync.timeout = 10s (default)
2023-05-23 10:25:18,346 [7245158f-4bcf-4112-8365-c26f1e1b7534-groupManagement] INFO  server.RaftServerConfigKeys (ConfUtils.java:logGet(46)) - raft.server.log.statemachine.data.sync.timeout.retry = -1 (default)
2023-05-23 10:25:18,346 [7245158f-4bcf-4112-8365-c26f1e1b7534-groupManagement] INFO  server.RaftServerConfigKeys (ConfUtils.java:logGet(46)) - raft.server.log.write.buffer.size = 1048576 (custom)
2023-05-23 10:25:18,347 [7245158f-4bcf-4112-8365-c26f1e1b7534-groupManagement] INFO  server.RaftServerConfigKeys (ConfUtils.java:logGet(46)) - raft.server.log.appender.buffer.byte-limit = 33554432 (custom)
2023-05-23 10:25:18,353 [7245158f-4bcf-4112-8365-c26f1e1b7534-groupManagement] INFO  server.RaftServerConfigKeys (ConfUtils.java:logGet(46)) - raft.server.log.unsafe-flush.enabled = false (default)
2023-05-23 10:25:18,353 [7245158f-4bcf-4112-8365-c26f1e1b7534-groupManagement] INFO  server.RaftServerConfigKeys (ConfUtils.java:logGet(46)) - raft.server.log.async-flush.enabled = false (default)
2023-05-23 10:25:18,353 [7245158f-4bcf-4112-8365-c26f1e1b7534-groupManagement] INFO  server.RaftServerConfigKeys (ConfUtils.java:logGet(46)) - raft.server.log.statemachine.data.caching.enabled = true (custom)
2023-05-23 10:25:18,353 [7245158f-4bcf-4112-8365-c26f1e1b7534-groupManagement] INFO  segmented.SegmentedRaftLogWorker (SegmentedRaftLogWorker.java:lambda$new$0(135)) - 7245158f-4bcf-4112-8365-c26f1e1b7534@group-A947E808018F-SegmentedRaftLogWorker: flushIndex: setUnconditionally 0 -> -1
2023-05-23 10:25:18,353 [7245158f-4bcf-4112-8365-c26f1e1b7534-groupManagement] INFO  segmented.SegmentedRaftLogWorker (SegmentedRaftLogWorker.java:lambda$new$0(135)) - 7245158f-4bcf-4112-8365-c26f1e1b7534@group-A947E808018F-SegmentedRaftLogWorker: safeCacheEvictIndex: setUnconditionally 0 -> -1
2023-05-23 10:25:18,353 [7245158f-4bcf-4112-8365-c26f1e1b7534-groupManagement] INFO  server.RaftServer$Division (RaftServerImpl.java:start(342)) - 7245158f-4bcf-4112-8365-c26f1e1b7534@group-A947E808018F: start as a follower, conf=-1: peers:[7245158f-4bcf-4112-8365-c26f1e1b7534|rpc:10.1.0.38:15093|admin:10.1.0.38:15092|client:10.1.0.38:15091|dataStream:10.1.0.38:15094|priority:1|startupRole:FOLLOWER]|listeners:[], old=null
2023-05-23 10:25:18,353 [7245158f-4bcf-4112-8365-c26f1e1b7534-groupManagement] INFO  server.RaftServer$Division (RaftServerImpl.java:setRole(329)) - 7245158f-4bcf-4112-8365-c26f1e1b7534@group-A947E808018F: changes role from      null to FOLLOWER at term 0 for startAsFollower
2023-05-23 10:25:18,353 [7245158f-4bcf-4112-8365-c26f1e1b7534-groupManagement] INFO  impl.RoleInfo (RoleInfo.java:updateAndGet(139)) - 7245158f-4bcf-4112-8365-c26f1e1b7534: start 7245158f-4bcf-4112-8365-c26f1e1b7534@group-A947E808018F-FollowerState
2023-05-23 10:25:18,354 [7245158f-4bcf-4112-8365-c26f1e1b7534@group-A947E808018F-FollowerState] INFO  server.RaftServerConfigKeys (ConfUtils.java:logFallback(53)) - raft.server.rpc.first-election.timeout.min = 5s (fallback to raft.server.rpc.timeout.min)
2023-05-23 10:25:18,354 [7245158f-4bcf-4112-8365-c26f1e1b7534-groupManagement] INFO  util.JmxRegister (JmxRegister.java:tryRegister(44)) - Successfully registered JMX Bean with object name Ratis:service=RaftServer,group=group-A947E808018F,id=7245158f-4bcf-4112-8365-c26f1e1b7534
2023-05-23 10:25:18,354 [7245158f-4bcf-4112-8365-c26f1e1b7534@group-A947E808018F-FollowerState] INFO  server.RaftServerConfigKeys (ConfUtils.java:logFallback(53)) - raft.server.rpc.first-election.timeout.max = 5200ms (fallback to raft.server.rpc.timeout.max)
2023-05-23 10:25:18,354 [7245158f-4bcf-4112-8365-c26f1e1b7534-groupManagement] INFO  server.RaftServerConfigKeys (ConfUtils.java:logGet(46)) - raft.server.snapshot.auto.trigger.enabled = true (custom)
2023-05-23 10:25:18,354 [7245158f-4bcf-4112-8365-c26f1e1b7534-groupManagement] INFO  server.RaftServerConfigKeys (ConfUtils.java:logGet(46)) - raft.server.snapshot.auto.trigger.threshold = 10000 (custom)
2023-05-23 10:25:18,354 [7245158f-4bcf-4112-8365-c26f1e1b7534-groupManagement] INFO  server.RaftServerConfigKeys (ConfUtils.java:logGet(46)) - raft.server.snapshot.retention.file.num = 5 (custom)
2023-05-23 10:25:18,354 [7245158f-4bcf-4112-8365-c26f1e1b7534-groupManagement] INFO  server.RaftServerConfigKeys (ConfUtils.java:logGet(46)) - raft.server.log.purge.upto.snapshot.index = false (default)
2023-05-23 10:25:18,355 [Command processor thread] INFO  ratis.XceiverServerRatis (XceiverServerRatis.java:addGroup(806)) - Created group PipelineID=589aebce-cf94-48d9-bf36-a947e808018f
2023-05-23 10:25:18,355 [Command processor thread] INFO  commandhandler.CreatePipelineCommandHandler (CreatePipelineCommandHandler.java:handle(113)) - Created Pipeline RATIS ONE PipelineID=589aebce-cf94-48d9-bf36-a947e808018f.
2023-05-23 10:25:18,982 [JvmPauseMonitor9] WARN  util.JvmPauseMonitor (JvmPauseMonitor.java:detectPause(124)) - JvmPauseMonitor-e9bacc8e-add2-470d-91e3-29c7cfa3c1f4: Detected pause in JVM or host machine approximately 0.277s with 0.575s GC time.
GC pool 'PS MarkSweep' had collection(s): count=1 time=256ms
GC pool 'PS Scavenge' had collection(s): count=1 time=319ms
2023-05-23 10:25:18,983 [JvmPauseMonitor11] WARN  util.JvmPauseMonitor (JvmPauseMonitor.java:detectPause(124)) - JvmPauseMonitor-7245158f-4bcf-4112-8365-c26f1e1b7534: Detected pause in JVM or host machine approximately 0.100s with 0.575s GC time.
GC pool 'PS MarkSweep' had collection(s): count=1 time=256ms
GC pool 'PS Scavenge' had collection(s): count=1 time=319ms
2023-05-23 10:25:18,983 [JvmPauseMonitor8] WARN  util.JvmPauseMonitor (JvmPauseMonitor.java:detectPause(124)) - JvmPauseMonitor-ec27dbe6-08af-4523-b3ed-9f1573a1668d: Detected pause in JVM or host machine approximately 0.151s with 0.575s GC time.
GC pool 'PS MarkSweep' had collection(s): count=1 time=256ms
GC pool 'PS Scavenge' had collection(s): count=1 time=319ms
2023-05-23 10:25:18,984 [JvmPauseMonitor10] WARN  util.JvmPauseMonitor (JvmPauseMonitor.java:detectPause(124)) - JvmPauseMonitor-8a3b9119-c4fd-47cf-b64f-64ecafe7357b: Detected pause in JVM or host machine approximately 0.426s with 0.575s GC time.
GC pool 'PS MarkSweep' had collection(s): count=1 time=256ms
GC pool 'PS Scavenge' had collection(s): count=1 time=319ms
2023-05-23 10:25:18,984 [JvmPauseMonitor6] WARN  util.JvmPauseMonitor (JvmPauseMonitor.java:detectPause(124)) - JvmPauseMonitor-om1: Detected pause in JVM or host machine approximately 0.444s with 0.575s GC time.
GC pool 'PS MarkSweep' had collection(s): count=1 time=256ms
GC pool 'PS Scavenge' had collection(s): count=1 time=319ms
2023-05-23 10:25:18,984 [JvmPauseMonitor7] WARN  util.JvmPauseMonitor (JvmPauseMonitor.java:detectPause(124)) - JvmPauseMonitor-7f763e46-2c68-46ea-ae9c-4adb784a7caa: Detected pause in JVM or host machine approximately 0.474s with 0.575s GC time.
GC pool 'PS MarkSweep' had collection(s): count=1 time=256ms
GC pool 'PS Scavenge' had collection(s): count=1 time=319ms
2023-05-23 10:25:19,322 [Listener at 127.0.0.1/15052] INFO  ozone.MiniOzoneClusterImpl (MiniOzoneClusterImpl.java:lambda$waitForClusterToBeReady$0(222)) - Nodes are ready. Got 5 of 5 DN Heartbeats.
2023-05-23 10:25:19,322 [Listener at 127.0.0.1/15052] INFO  ozone.MiniOzoneClusterImpl (MiniOzoneClusterImpl.java:lambda$waitForClusterToBeReady$0(225)) - Waiting for cluster to exit safe mode
2023-05-23 10:25:19,322 [Listener at 127.0.0.1/15052] INFO  ozone.MiniOzoneClusterImpl (MiniOzoneClusterImpl.java:lambda$waitForClusterToBeReady$0(227)) - SCM became leader
2023-05-23 10:25:19,337 [ReplicationMonitor] INFO  replication.ReplicationManager (ReplicationManager.java:processAll(375)) - Replication Manager is not ready to run until 3000ms after safemode exit
2023-05-23 10:25:20,323 [Listener at 127.0.0.1/15052] INFO  ozone.MiniOzoneClusterImpl (MiniOzoneClusterImpl.java:lambda$waitForClusterToBeReady$0(222)) - Nodes are ready. Got 5 of 5 DN Heartbeats.
2023-05-23 10:25:20,323 [Listener at 127.0.0.1/15052] INFO  ozone.MiniOzoneClusterImpl (MiniOzoneClusterImpl.java:lambda$waitForClusterToBeReady$0(225)) - Waiting for cluster to exit safe mode
2023-05-23 10:25:20,323 [Listener at 127.0.0.1/15052] INFO  ozone.MiniOzoneClusterImpl (MiniOzoneClusterImpl.java:lambda$waitForClusterToBeReady$0(227)) - SCM became leader
2023-05-23 10:25:20,337 [ReplicationMonitor] INFO  replication.ReplicationManager (ReplicationManager.java:processAll(375)) - Replication Manager is not ready to run until 3000ms after safemode exit
2023-05-23 10:25:21,323 [Listener at 127.0.0.1/15052] INFO  ozone.MiniOzoneClusterImpl (MiniOzoneClusterImpl.java:lambda$waitForClusterToBeReady$0(222)) - Nodes are ready. Got 5 of 5 DN Heartbeats.
2023-05-23 10:25:21,323 [Listener at 127.0.0.1/15052] INFO  ozone.MiniOzoneClusterImpl (MiniOzoneClusterImpl.java:lambda$waitForClusterToBeReady$0(225)) - Waiting for cluster to exit safe mode
2023-05-23 10:25:21,323 [Listener at 127.0.0.1/15052] INFO  ozone.MiniOzoneClusterImpl (MiniOzoneClusterImpl.java:lambda$waitForClusterToBeReady$0(227)) - SCM became leader
2023-05-23 10:25:21,338 [ReplicationMonitor] INFO  replication.ReplicationManager (ReplicationManager.java:processAll(375)) - Replication Manager is not ready to run until 3000ms after safemode exit
2023-05-23 10:25:21,997 [7f763e46-2c68-46ea-ae9c-4adb784a7caa@group-44952E474E42-FollowerState] INFO  impl.FollowerState (FollowerState.java:run(143)) - 7f763e46-2c68-46ea-ae9c-4adb784a7caa@group-44952E474E42-FollowerState: change to CANDIDATE, lastRpcElapsedTime:5016029617ns, electionTimeout:5013ms
2023-05-23 10:25:21,997 [7f763e46-2c68-46ea-ae9c-4adb784a7caa@group-44952E474E42-FollowerState] INFO  impl.RoleInfo (RoleInfo.java:shutdownFollowerState(110)) - 7f763e46-2c68-46ea-ae9c-4adb784a7caa: shutdown 7f763e46-2c68-46ea-ae9c-4adb784a7caa@group-44952E474E42-FollowerState
2023-05-23 10:25:21,997 [7f763e46-2c68-46ea-ae9c-4adb784a7caa@group-44952E474E42-FollowerState] INFO  server.RaftServer$Division (RaftServerImpl.java:setRole(329)) - 7f763e46-2c68-46ea-ae9c-4adb784a7caa@group-44952E474E42: changes role from  FOLLOWER to CANDIDATE at term 0 for changeToCandidate
2023-05-23 10:25:21,999 [7f763e46-2c68-46ea-ae9c-4adb784a7caa@group-44952E474E42-FollowerState] INFO  server.RaftServerConfigKeys (ConfUtils.java:logGet(46)) - raft.server.leaderelection.pre-vote = true (default)
2023-05-23 10:25:21,999 [7f763e46-2c68-46ea-ae9c-4adb784a7caa@group-44952E474E42-FollowerState] INFO  impl.RoleInfo (RoleInfo.java:updateAndGet(139)) - 7f763e46-2c68-46ea-ae9c-4adb784a7caa: start 7f763e46-2c68-46ea-ae9c-4adb784a7caa@group-44952E474E42-LeaderElection12
2023-05-23 10:25:22,004 [7f763e46-2c68-46ea-ae9c-4adb784a7caa@group-44952E474E42-LeaderElection12] INFO  impl.LeaderElection (LeaderElection.java:askForVotes(321)) - 7f763e46-2c68-46ea-ae9c-4adb784a7caa@group-44952E474E42-LeaderElection12 PRE_VOTE round 0: submit vote requests at term 0 for -1: peers:[7f763e46-2c68-46ea-ae9c-4adb784a7caa|rpc:10.1.0.38:15061|admin:10.1.0.38:15060|client:10.1.0.38:15059|dataStream:10.1.0.38:15062|priority:1|startupRole:FOLLOWER]|listeners:[], old=null
2023-05-23 10:25:22,004 [7f763e46-2c68-46ea-ae9c-4adb784a7caa@group-44952E474E42-LeaderElection12] INFO  impl.LeaderElection (LeaderElection.java:askForVotes(323)) - 7f763e46-2c68-46ea-ae9c-4adb784a7caa@group-44952E474E42-LeaderElection12 PRE_VOTE round 0: result PASSED (term=0)
2023-05-23 10:25:22,006 [7f763e46-2c68-46ea-ae9c-4adb784a7caa@group-44952E474E42-LeaderElection12] INFO  impl.LeaderElection (LeaderElection.java:askForVotes(321)) - 7f763e46-2c68-46ea-ae9c-4adb784a7caa@group-44952E474E42-LeaderElection12 ELECTION round 0: submit vote requests at term 1 for -1: peers:[7f763e46-2c68-46ea-ae9c-4adb784a7caa|rpc:10.1.0.38:15061|admin:10.1.0.38:15060|client:10.1.0.38:15059|dataStream:10.1.0.38:15062|priority:1|startupRole:FOLLOWER]|listeners:[], old=null
2023-05-23 10:25:22,006 [7f763e46-2c68-46ea-ae9c-4adb784a7caa@group-44952E474E42-LeaderElection12] INFO  impl.LeaderElection (LeaderElection.java:askForVotes(323)) - 7f763e46-2c68-46ea-ae9c-4adb784a7caa@group-44952E474E42-LeaderElection12 ELECTION round 0: result PASSED (term=1)
2023-05-23 10:25:22,006 [7f763e46-2c68-46ea-ae9c-4adb784a7caa@group-44952E474E42-LeaderElection12] INFO  impl.RoleInfo (RoleInfo.java:shutdownLeaderElection(130)) - 7f763e46-2c68-46ea-ae9c-4adb784a7caa: shutdown 7f763e46-2c68-46ea-ae9c-4adb784a7caa@group-44952E474E42-LeaderElection12
2023-05-23 10:25:22,006 [7f763e46-2c68-46ea-ae9c-4adb784a7caa@group-44952E474E42-LeaderElection12] INFO  server.RaftServer$Division (RaftServerImpl.java:setRole(329)) - 7f763e46-2c68-46ea-ae9c-4adb784a7caa@group-44952E474E42: changes role from CANDIDATE to LEADER at term 1 for changeToLeader
2023-05-23 10:25:22,006 [7f763e46-2c68-46ea-ae9c-4adb784a7caa@group-44952E474E42-LeaderElection12] INFO  ratis.XceiverServerRatis (XceiverServerRatis.java:handleLeaderChangedNotification(904)) - Leader change notification received for group: group-44952E474E42 with new leaderId: 7f763e46-2c68-46ea-ae9c-4adb784a7caa
2023-05-23 10:25:22,006 [7f763e46-2c68-46ea-ae9c-4adb784a7caa@group-44952E474E42-LeaderElection12] INFO  server.RaftServer$Division (ServerState.java:setLeader(317)) - 7f763e46-2c68-46ea-ae9c-4adb784a7caa@group-44952E474E42: change Leader from null to 7f763e46-2c68-46ea-ae9c-4adb784a7caa at term 1 for becomeLeader, leader elected after 5046ms
2023-05-23 10:25:22,007 [7f763e46-2c68-46ea-ae9c-4adb784a7caa@group-44952E474E42-LeaderElection12] INFO  server.RaftServerConfigKeys (ConfUtils.java:logGet(46)) - raft.server.staging.catchup.gap = 1000 (default)
2023-05-23 10:25:22,007 [7f763e46-2c68-46ea-ae9c-4adb784a7caa@group-44952E474E42-LeaderElection12] INFO  server.RaftServerConfigKeys (ConfUtils.java:logGet(46)) - raft.server.write.element-limit = 1024 (custom)
2023-05-23 10:25:22,007 [7f763e46-2c68-46ea-ae9c-4adb784a7caa@group-44952E474E42-LeaderElection12] INFO  server.RaftServerConfigKeys (ConfUtils.java:logGet(46)) - raft.server.write.byte-limit = 1024 M (=1073741824) (custom)
2023-05-23 10:25:22,007 [7f763e46-2c68-46ea-ae9c-4adb784a7caa@group-44952E474E42-LeaderElection12] INFO  server.RaftServerConfigKeys (ConfUtils.java:logGet(46)) - raft.server.watch.timeout = 180s (custom)
2023-05-23 10:25:22,008 [7f763e46-2c68-46ea-ae9c-4adb784a7caa@group-44952E474E42-LeaderElection12] INFO  server.RaftServerConfigKeys (ConfUtils.java:logGet(46)) - raft.server.watch.timeout.denomination = 1s (default)
2023-05-23 10:25:22,008 [7f763e46-2c68-46ea-ae9c-4adb784a7caa@group-44952E474E42-LeaderElection12] INFO  server.RaftServerConfigKeys (ConfUtils.java:logGet(46)) - raft.server.watch.element-limit = 65536 (default)
2023-05-23 10:25:22,008 [7f763e46-2c68-46ea-ae9c-4adb784a7caa@group-44952E474E42-LeaderElection12] INFO  server.RaftServerConfigKeys (ConfUtils.java:logGet(46)) - raft.server.write.element-limit = 1024 (custom)
2023-05-23 10:25:22,008 [7f763e46-2c68-46ea-ae9c-4adb784a7caa@group-44952E474E42-LeaderElection12] INFO  server.RaftServerConfigKeys (ConfUtils.java:logGet(46)) - raft.server.write.follower.gap.ratio.max = -1.0 (default)
2023-05-23 10:25:22,008 [7f763e46-2c68-46ea-ae9c-4adb784a7caa@group-44952E474E42-LeaderElection12] INFO  impl.RoleInfo (RoleInfo.java:updateAndGet(139)) - 7f763e46-2c68-46ea-ae9c-4adb784a7caa: start 7f763e46-2c68-46ea-ae9c-4adb784a7caa@group-44952E474E42-LeaderStateImpl
2023-05-23 10:25:22,008 [EventQueue-OpenPipelineForHealthyPipelineSafeModeRule] INFO  safemode.SCMSafeModeManager (HealthyPipelineSafeModeRule.java:process(137)) - SCM in safe mode. Healthy pipelines reported count is 0, required healthy pipeline reported count is 1
2023-05-23 10:25:22,008 [7f763e46-2c68-46ea-ae9c-4adb784a7caa@group-44952E474E42-LeaderElection12] INFO  segmented.SegmentedRaftLogWorker (SegmentedRaftLogWorker.java:startLogSegment(447)) - 7f763e46-2c68-46ea-ae9c-4adb784a7caa@group-44952E474E42-SegmentedRaftLogWorker: Starting segment from index:0
2023-05-23 10:25:22,010 [7f763e46-2c68-46ea-ae9c-4adb784a7caa@group-44952E474E42-SegmentedRaftLogWorker] INFO  segmented.SegmentedRaftLogWorker (SegmentedRaftLogWorker.java:execute(651)) - 7f763e46-2c68-46ea-ae9c-4adb784a7caa@group-44952E474E42-SegmentedRaftLogWorker: created new log segment /home/runner/work/ozone/ozone/hadoop-ozone/integration-test/target/test-dir/MiniOzoneClusterImpl-ce972063-568b-4811-bfe7-9c87601498a3/datanode-0/data/ratis/c0f45c07-70c4-4bcd-895a-44952e474e42/current/log_inprogress_0
2023-05-23 10:25:22,021 [7f763e46-2c68-46ea-ae9c-4adb784a7caa@group-44952E474E42-LeaderElection12] INFO  server.RaftServer$Division (ServerState.java:setRaftConf(434)) - 7f763e46-2c68-46ea-ae9c-4adb784a7caa@group-44952E474E42: set configuration 0: peers:[7f763e46-2c68-46ea-ae9c-4adb784a7caa|rpc:10.1.0.38:15061|admin:10.1.0.38:15060|client:10.1.0.38:15059|dataStream:10.1.0.38:15062|priority:1|startupRole:FOLLOWER]|listeners:[], old=null
2023-05-23 10:25:22,106 [7f763e46-2c68-46ea-ae9c-4adb784a7caa@group-180592A7F77F-FollowerState] INFO  impl.FollowerState (FollowerState.java:run(143)) - 7f763e46-2c68-46ea-ae9c-4adb784a7caa@group-180592A7F77F-FollowerState: change to CANDIDATE, lastRpcElapsedTime:5105522824ns, electionTimeout:5104ms
2023-05-23 10:25:22,107 [7f763e46-2c68-46ea-ae9c-4adb784a7caa@group-180592A7F77F-FollowerState] INFO  impl.RoleInfo (RoleInfo.java:shutdownFollowerState(110)) - 7f763e46-2c68-46ea-ae9c-4adb784a7caa: shutdown 7f763e46-2c68-46ea-ae9c-4adb784a7caa@group-180592A7F77F-FollowerState
2023-05-23 10:25:22,107 [7f763e46-2c68-46ea-ae9c-4adb784a7caa@group-180592A7F77F-FollowerState] INFO  server.RaftServer$Division (RaftServerImpl.java:setRole(329)) - 7f763e46-2c68-46ea-ae9c-4adb784a7caa@group-180592A7F77F: changes role from  FOLLOWER to CANDIDATE at term 0 for changeToCandidate
2023-05-23 10:25:22,108 [7f763e46-2c68-46ea-ae9c-4adb784a7caa@group-180592A7F77F-FollowerState] INFO  server.RaftServerConfigKeys (ConfUtils.java:logGet(46)) - raft.server.leaderelection.pre-vote = true (default)
2023-05-23 10:25:22,108 [7f763e46-2c68-46ea-ae9c-4adb784a7caa@group-180592A7F77F-FollowerState] INFO  impl.RoleInfo (RoleInfo.java:updateAndGet(139)) - 7f763e46-2c68-46ea-ae9c-4adb784a7caa: start 7f763e46-2c68-46ea-ae9c-4adb784a7caa@group-180592A7F77F-LeaderElection13
2023-05-23 10:25:22,109 [7f763e46-2c68-46ea-ae9c-4adb784a7caa@group-180592A7F77F-LeaderElection13] INFO  impl.LeaderElection (LeaderElection.java:askForVotes(321)) - 7f763e46-2c68-46ea-ae9c-4adb784a7caa@group-180592A7F77F-LeaderElection13 PRE_VOTE round 0: submit vote requests at term 0 for -1: peers:[ec27dbe6-08af-4523-b3ed-9f1573a1668d|rpc:10.1.0.38:15069|admin:10.1.0.38:15068|client:10.1.0.38:15067|dataStream:10.1.0.38:15070|priority:0|startupRole:FOLLOWER, 7f763e46-2c68-46ea-ae9c-4adb784a7caa|rpc:10.1.0.38:15061|admin:10.1.0.38:15060|client:10.1.0.38:15059|dataStream:10.1.0.38:15062|priority:1|startupRole:FOLLOWER, e9bacc8e-add2-470d-91e3-29c7cfa3c1f4|rpc:10.1.0.38:15077|admin:10.1.0.38:15076|client:10.1.0.38:15075|dataStream:10.1.0.38:15078|priority:0|startupRole:FOLLOWER]|listeners:[], old=null
2023-05-23 10:25:22,110 [7f763e46-2c68-46ea-ae9c-4adb784a7caa@group-180592A7F77F-LeaderElection13] INFO  server.RaftServerConfigKeys (ConfUtils.java:logFallback(53)) - raft.server.rpc.first-election.timeout.min = 5s (fallback to raft.server.rpc.timeout.min)
2023-05-23 10:25:22,110 [7f763e46-2c68-46ea-ae9c-4adb784a7caa@group-180592A7F77F-LeaderElection13] INFO  server.RaftServerConfigKeys (ConfUtils.java:logFallback(53)) - raft.server.rpc.first-election.timeout.max = 5200ms (fallback to raft.server.rpc.timeout.max)
2023-05-23 10:25:22,110 [7f763e46-2c68-46ea-ae9c-4adb784a7caa@group-180592A7F77F-LeaderElection13-1] INFO  server.GrpcServerProtocolClient (GrpcServerProtocolClient.java:<init>(65)) - Build channel for ec27dbe6-08af-4523-b3ed-9f1573a1668d
2023-05-23 10:25:22,110 [7f763e46-2c68-46ea-ae9c-4adb784a7caa@group-180592A7F77F-LeaderElection13-2] INFO  server.GrpcServerProtocolClient (GrpcServerProtocolClient.java:<init>(65)) - Build channel for e9bacc8e-add2-470d-91e3-29c7cfa3c1f4
2023-05-23 10:25:22,121 [grpc-default-executor-0] INFO  server.RaftServer$Division (RaftServerImpl.java:requestVote(1302)) - e9bacc8e-add2-470d-91e3-29c7cfa3c1f4@group-180592A7F77F: receive requestVote(PRE_VOTE, 7f763e46-2c68-46ea-ae9c-4adb784a7caa, group-180592A7F77F, 0, (t:0, i:0))
2023-05-23 10:25:22,121 [grpc-default-executor-0] INFO  impl.VoteContext (VoteContext.java:log(49)) - e9bacc8e-add2-470d-91e3-29c7cfa3c1f4@group-180592A7F77F-FOLLOWER: accept PRE_VOTE from 7f763e46-2c68-46ea-ae9c-4adb784a7caa: our priority 0 <= candidate's priority 1
2023-05-23 10:25:22,121 [grpc-default-executor-0] INFO  server.RaftServer$Division (RaftServerImpl.java:requestVote(1335)) - e9bacc8e-add2-470d-91e3-29c7cfa3c1f4@group-180592A7F77F replies to PRE_VOTE vote request: 7f763e46-2c68-46ea-ae9c-4adb784a7caa<-e9bacc8e-add2-470d-91e3-29c7cfa3c1f4#0:OK-t0. Peer's state: e9bacc8e-add2-470d-91e3-29c7cfa3c1f4@group-180592A7F77F:t0, leader=null, voted=, raftlog=Memoized:e9bacc8e-add2-470d-91e3-29c7cfa3c1f4@group-180592A7F77F-SegmentedRaftLog:OPENED:c-1, conf=-1: peers:[ec27dbe6-08af-4523-b3ed-9f1573a1668d|rpc:10.1.0.38:15069|admin:10.1.0.38:15068|client:10.1.0.38:15067|dataStream:10.1.0.38:15070|priority:0|startupRole:FOLLOWER, 7f763e46-2c68-46ea-ae9c-4adb784a7caa|rpc:10.1.0.38:15061|admin:10.1.0.38:15060|client:10.1.0.38:15059|dataStream:10.1.0.38:15062|priority:1|startupRole:FOLLOWER, e9bacc8e-add2-470d-91e3-29c7cfa3c1f4|rpc:10.1.0.38:15077|admin:10.1.0.38:15076|client:10.1.0.38:15075|dataStream:10.1.0.38:15078|priority:0|startupRole:FOLLOWER]|listeners:[], old=null
2023-05-23 10:25:22,127 [grpc-default-executor-0] INFO  server.RaftServer$Division (RaftServerImpl.java:requestVote(1302)) - ec27dbe6-08af-4523-b3ed-9f1573a1668d@group-180592A7F77F: receive requestVote(PRE_VOTE, 7f763e46-2c68-46ea-ae9c-4adb784a7caa, group-180592A7F77F, 0, (t:0, i:0))
2023-05-23 10:25:22,127 [grpc-default-executor-0] INFO  impl.VoteContext (VoteContext.java:log(49)) - ec27dbe6-08af-4523-b3ed-9f1573a1668d@group-180592A7F77F-FOLLOWER: accept PRE_VOTE from 7f763e46-2c68-46ea-ae9c-4adb784a7caa: our priority 0 <= candidate's priority 1
2023-05-23 10:25:22,127 [grpc-default-executor-0] INFO  server.RaftServer$Division (RaftServerImpl.java:requestVote(1335)) - ec27dbe6-08af-4523-b3ed-9f1573a1668d@group-180592A7F77F replies to PRE_VOTE vote request: 7f763e46-2c68-46ea-ae9c-4adb784a7caa<-ec27dbe6-08af-4523-b3ed-9f1573a1668d#0:OK-t0. Peer's state: ec27dbe6-08af-4523-b3ed-9f1573a1668d@group-180592A7F77F:t0, leader=null, voted=, raftlog=Memoized:ec27dbe6-08af-4523-b3ed-9f1573a1668d@group-180592A7F77F-SegmentedRaftLog:OPENED:c-1, conf=-1: peers:[ec27dbe6-08af-4523-b3ed-9f1573a1668d|rpc:10.1.0.38:15069|admin:10.1.0.38:15068|client:10.1.0.38:15067|dataStream:10.1.0.38:15070|priority:0|startupRole:FOLLOWER, 7f763e46-2c68-46ea-ae9c-4adb784a7caa|rpc:10.1.0.38:15061|admin:10.1.0.38:15060|client:10.1.0.38:15059|dataStream:10.1.0.38:15062|priority:1|startupRole:FOLLOWER, e9bacc8e-add2-470d-91e3-29c7cfa3c1f4|rpc:10.1.0.38:15077|admin:10.1.0.38:15076|client:10.1.0.38:15075|dataStream:10.1.0.38:15078|priority:0|startupRole:FOLLOWER]|listeners:[], old=null
2023-05-23 10:25:22,129 [7f763e46-2c68-46ea-ae9c-4adb784a7caa@group-180592A7F77F-LeaderElection13] INFO  impl.LeaderElection (LeaderElection.java:logAndReturn(90)) - 7f763e46-2c68-46ea-ae9c-4adb784a7caa@group-180592A7F77F-LeaderElection13: PRE_VOTE PASSED received 1 response(s) and 0 exception(s):
2023-05-23 10:25:22,129 [7f763e46-2c68-46ea-ae9c-4adb784a7caa@group-180592A7F77F-LeaderElection13] INFO  impl.LeaderElection (LeaderElection.java:logAndReturn(94)) -   Response 0: 7f763e46-2c68-46ea-ae9c-4adb784a7caa<-ec27dbe6-08af-4523-b3ed-9f1573a1668d#0:OK-t0
2023-05-23 10:25:22,130 [7f763e46-2c68-46ea-ae9c-4adb784a7caa@group-180592A7F77F-LeaderElection13] INFO  impl.LeaderElection (LeaderElection.java:askForVotes(323)) - 7f763e46-2c68-46ea-ae9c-4adb784a7caa@group-180592A7F77F-LeaderElection13 PRE_VOTE round 0: result PASSED
2023-05-23 10:25:22,131 [7f763e46-2c68-46ea-ae9c-4adb784a7caa@group-180592A7F77F-LeaderElection13] INFO  impl.LeaderElection (LeaderElection.java:askForVotes(321)) - 7f763e46-2c68-46ea-ae9c-4adb784a7caa@group-180592A7F77F-LeaderElection13 ELECTION round 0: submit vote requests at term 1 for -1: peers:[ec27dbe6-08af-4523-b3ed-9f1573a1668d|rpc:10.1.0.38:15069|admin:10.1.0.38:15068|client:10.1.0.38:15067|dataStream:10.1.0.38:15070|priority:0|startupRole:FOLLOWER, 7f763e46-2c68-46ea-ae9c-4adb784a7caa|rpc:10.1.0.38:15061|admin:10.1.0.38:15060|client:10.1.0.38:15059|dataStream:10.1.0.38:15062|priority:1|startupRole:FOLLOWER, e9bacc8e-add2-470d-91e3-29c7cfa3c1f4|rpc:10.1.0.38:15077|admin:10.1.0.38:15076|client:10.1.0.38:15075|dataStream:10.1.0.38:15078|priority:0|startupRole:FOLLOWER]|listeners:[], old=null
2023-05-23 10:25:22,135 [7f763e46-2c68-46ea-ae9c-4adb784a7caa@group-180592A7F77F-LeaderElection13] INFO  server.RaftServerConfigKeys (ConfUtils.java:logFallback(53)) - raft.server.rpc.first-election.timeout.min = 5s (fallback to raft.server.rpc.timeout.min)
2023-05-23 10:25:22,135 [grpc-default-executor-0] INFO  server.RaftServer$Division (RaftServerImpl.java:requestVote(1302)) - ec27dbe6-08af-4523-b3ed-9f1573a1668d@group-180592A7F77F: receive requestVote(ELECTION, 7f763e46-2c68-46ea-ae9c-4adb784a7caa, group-180592A7F77F, 1, (t:0, i:0))
2023-05-23 10:25:22,135 [7f763e46-2c68-46ea-ae9c-4adb784a7caa@group-180592A7F77F-LeaderElection13] INFO  server.RaftServerConfigKeys (ConfUtils.java:logFallback(53)) - raft.server.rpc.first-election.timeout.max = 5200ms (fallback to raft.server.rpc.timeout.max)
2023-05-23 10:25:22,135 [grpc-default-executor-0] INFO  impl.VoteContext (VoteContext.java:log(49)) - ec27dbe6-08af-4523-b3ed-9f1573a1668d@group-180592A7F77F-FOLLOWER: accept ELECTION from 7f763e46-2c68-46ea-ae9c-4adb784a7caa: our priority 0 <= candidate's priority 1
2023-05-23 10:25:22,136 [grpc-default-executor-0] INFO  server.RaftServer$Division (RaftServerImpl.java:setRole(329)) - ec27dbe6-08af-4523-b3ed-9f1573a1668d@group-180592A7F77F: changes role from  FOLLOWER to FOLLOWER at term 1 for candidate:7f763e46-2c68-46ea-ae9c-4adb784a7caa
2023-05-23 10:25:22,136 [grpc-default-executor-0] INFO  impl.RoleInfo (RoleInfo.java:shutdownFollowerState(110)) - ec27dbe6-08af-4523-b3ed-9f1573a1668d: shutdown ec27dbe6-08af-4523-b3ed-9f1573a1668d@group-180592A7F77F-FollowerState
2023-05-23 10:25:22,136 [ec27dbe6-08af-4523-b3ed-9f1573a1668d@group-180592A7F77F-FollowerState] INFO  impl.FollowerState (FollowerState.java:run(152)) - ec27dbe6-08af-4523-b3ed-9f1573a1668d@group-180592A7F77F-FollowerState was interrupted
2023-05-23 10:25:22,136 [grpc-default-executor-0] INFO  impl.RoleInfo (RoleInfo.java:updateAndGet(139)) - ec27dbe6-08af-4523-b3ed-9f1573a1668d: start ec27dbe6-08af-4523-b3ed-9f1573a1668d@group-180592A7F77F-FollowerState
2023-05-23 10:25:22,138 [grpc-default-executor-0] INFO  server.RaftServer$Division (RaftServerImpl.java:requestVote(1335)) - ec27dbe6-08af-4523-b3ed-9f1573a1668d@group-180592A7F77F replies to ELECTION vote request: 7f763e46-2c68-46ea-ae9c-4adb784a7caa<-ec27dbe6-08af-4523-b3ed-9f1573a1668d#0:OK-t1. Peer's state: ec27dbe6-08af-4523-b3ed-9f1573a1668d@group-180592A7F77F:t1, leader=null, voted=7f763e46-2c68-46ea-ae9c-4adb784a7caa, raftlog=Memoized:ec27dbe6-08af-4523-b3ed-9f1573a1668d@group-180592A7F77F-SegmentedRaftLog:OPENED:c-1, conf=-1: peers:[ec27dbe6-08af-4523-b3ed-9f1573a1668d|rpc:10.1.0.38:15069|admin:10.1.0.38:15068|client:10.1.0.38:15067|dataStream:10.1.0.38:15070|priority:0|startupRole:FOLLOWER, 7f763e46-2c68-46ea-ae9c-4adb784a7caa|rpc:10.1.0.38:15061|admin:10.1.0.38:15060|client:10.1.0.38:15059|dataStream:10.1.0.38:15062|priority:1|startupRole:FOLLOWER, e9bacc8e-add2-470d-91e3-29c7cfa3c1f4|rpc:10.1.0.38:15077|admin:10.1.0.38:15076|client:10.1.0.38:15075|dataStream:10.1.0.38:15078|priority:0|startupRole:FOLLOWER]|listeners:[], old=null
2023-05-23 10:25:22,141 [7f763e46-2c68-46ea-ae9c-4adb784a7caa@group-180592A7F77F-LeaderElection13] INFO  impl.LeaderElection (LeaderElection.java:logAndReturn(90)) - 7f763e46-2c68-46ea-ae9c-4adb784a7caa@group-180592A7F77F-LeaderElection13: ELECTION PASSED received 1 response(s) and 0 exception(s):
2023-05-23 10:25:22,141 [7f763e46-2c68-46ea-ae9c-4adb784a7caa@group-180592A7F77F-LeaderElection13] INFO  impl.LeaderElection (LeaderElection.java:logAndReturn(94)) -   Response 0: 7f763e46-2c68-46ea-ae9c-4adb784a7caa<-ec27dbe6-08af-4523-b3ed-9f1573a1668d#0:OK-t1
2023-05-23 10:25:22,141 [7f763e46-2c68-46ea-ae9c-4adb784a7caa@group-180592A7F77F-LeaderElection13] INFO  impl.LeaderElection (LeaderElection.java:askForVotes(323)) - 7f763e46-2c68-46ea-ae9c-4adb784a7caa@group-180592A7F77F-LeaderElection13 ELECTION round 0: result PASSED
2023-05-23 10:25:22,141 [7f763e46-2c68-46ea-ae9c-4adb784a7caa@group-180592A7F77F-LeaderElection13] INFO  impl.RoleInfo (RoleInfo.java:shutdownLeaderElection(130)) - 7f763e46-2c68-46ea-ae9c-4adb784a7caa: shutdown 7f763e46-2c68-46ea-ae9c-4adb784a7caa@group-180592A7F77F-LeaderElection13
2023-05-23 10:25:22,141 [7f763e46-2c68-46ea-ae9c-4adb784a7caa@group-180592A7F77F-LeaderElection13] INFO  server.RaftServer$Division (RaftServerImpl.java:setRole(329)) - 7f763e46-2c68-46ea-ae9c-4adb784a7caa@group-180592A7F77F: changes role from CANDIDATE to LEADER at term 1 for changeToLeader
2023-05-23 10:25:22,141 [7f763e46-2c68-46ea-ae9c-4adb784a7caa@group-180592A7F77F-LeaderElection13] INFO  ratis.XceiverServerRatis (XceiverServerRatis.java:handleLeaderChangedNotification(904)) - Leader change notification received for group: group-180592A7F77F with new leaderId: 7f763e46-2c68-46ea-ae9c-4adb784a7caa
2023-05-23 10:25:22,141 [7f763e46-2c68-46ea-ae9c-4adb784a7caa@group-180592A7F77F-LeaderElection13] INFO  server.RaftServer$Division (ServerState.java:setLeader(317)) - 7f763e46-2c68-46ea-ae9c-4adb784a7caa@group-180592A7F77F: change Leader from null to 7f763e46-2c68-46ea-ae9c-4adb784a7caa at term 1 for becomeLeader, leader elected after 5154ms
2023-05-23 10:25:22,141 [7f763e46-2c68-46ea-ae9c-4adb784a7caa@group-180592A7F77F-LeaderElection13] INFO  server.RaftServerConfigKeys (ConfUtils.java:logGet(46)) - raft.server.staging.catchup.gap = 1000 (default)
2023-05-23 10:25:22,142 [7f763e46-2c68-46ea-ae9c-4adb784a7caa@group-180592A7F77F-LeaderElection13] INFO  server.RaftServerConfigKeys (ConfUtils.java:logGet(46)) - raft.server.write.element-limit = 1024 (custom)
2023-05-23 10:25:22,142 [7f763e46-2c68-46ea-ae9c-4adb784a7caa@group-180592A7F77F-LeaderElection13] INFO  server.RaftServerConfigKeys (ConfUtils.java:logGet(46)) - raft.server.write.byte-limit = 1024 M (=1073741824) (custom)
2023-05-23 10:25:22,142 [7f763e46-2c68-46ea-ae9c-4adb784a7caa@group-180592A7F77F-LeaderElection13] INFO  server.RaftServerConfigKeys (ConfUtils.java:logGet(46)) - raft.server.watch.timeout = 180s (custom)
2023-05-23 10:25:22,142 [7f763e46-2c68-46ea-ae9c-4adb784a7caa@group-180592A7F77F-LeaderElection13] INFO  server.RaftServerConfigKeys (ConfUtils.java:logGet(46)) - raft.server.watch.timeout.denomination = 1s (default)
2023-05-23 10:25:22,142 [7f763e46-2c68-46ea-ae9c-4adb784a7caa@group-180592A7F77F-LeaderElection13] INFO  server.RaftServerConfigKeys (ConfUtils.java:logGet(46)) - raft.server.watch.element-limit = 65536 (default)
2023-05-23 10:25:22,142 [7f763e46-2c68-46ea-ae9c-4adb784a7caa@group-180592A7F77F-LeaderElection13] INFO  server.RaftServerConfigKeys (ConfUtils.java:logGet(46)) - raft.server.write.element-limit = 1024 (custom)
2023-05-23 10:25:22,142 [7f763e46-2c68-46ea-ae9c-4adb784a7caa@group-180592A7F77F-LeaderElection13] INFO  server.RaftServerConfigKeys (ConfUtils.java:logGet(46)) - raft.server.write.follower.gap.ratio.max = -1.0 (default)
2023-05-23 10:25:22,143 [7f763e46-2c68-46ea-ae9c-4adb784a7caa@group-180592A7F77F-LeaderElection13] INFO  server.RaftServerConfigKeys (ConfUtils.java:logGet(46)) - raft.server.log.appender.snapshot.chunk.size.max = 16MB (=16777216) (default)
2023-05-23 10:25:22,143 [7f763e46-2c68-46ea-ae9c-4adb784a7caa@group-180592A7F77F-LeaderElection13] INFO  server.RaftServerConfigKeys (ConfUtils.java:logGet(46)) - raft.server.log.appender.buffer.byte-limit = 33554432 (custom)
2023-05-23 10:25:22,143 [7f763e46-2c68-46ea-ae9c-4adb784a7caa@group-180592A7F77F-LeaderElection13] INFO  server.RaftServerConfigKeys (ConfUtils.java:logGet(46)) - raft.server.log.appender.buffer.element-limit = 1 (custom)
2023-05-23 10:25:22,144 [7f763e46-2c68-46ea-ae9c-4adb784a7caa@group-180592A7F77F-LeaderElection13] INFO  server.RaftServerConfigKeys (ConfUtils.java:logGet(46)) - raft.server.log.appender.wait-time.min = 10ms (default)
2023-05-23 10:25:22,144 [7f763e46-2c68-46ea-ae9c-4adb784a7caa@group-180592A7F77F-LeaderElection13] INFO  grpc.GrpcConfigKeys (ConfUtils.java:logGet(46)) - raft.grpc.server.leader.outstanding.appends.max = 128 (default)
2023-05-23 10:25:22,144 [7f763e46-2c68-46ea-ae9c-4adb784a7caa@group-180592A7F77F-LeaderElection13] INFO  server.RaftServerConfigKeys (ConfUtils.java:logGet(46)) - raft.server.rpc.request.timeout = 60s (custom)
2023-05-23 10:25:22,144 [7f763e46-2c68-46ea-ae9c-4adb784a7caa@group-180592A7F77F-LeaderElection13] INFO  grpc.GrpcConfigKeys (ConfUtils.java:logGet(46)) - raft.grpc.server.install_snapshot.request.element-limit = 8 (default)
2023-05-23 10:25:22,144 [7f763e46-2c68-46ea-ae9c-4adb784a7caa@group-180592A7F77F-LeaderElection13] INFO  grpc.GrpcConfigKeys (ConfUtils.java:logGet(46)) - raft.grpc.server.install_snapshot.request.timeout = 3000ms (default)
2023-05-23 10:25:22,144 [7f763e46-2c68-46ea-ae9c-4adb784a7caa@group-180592A7F77F-LeaderElection13] INFO  server.RaftServerConfigKeys (ConfUtils.java:logGet(46)) - raft.server.log.appender.install.snapshot.enabled = false (custom)
2023-05-23 10:25:22,144 [7f763e46-2c68-46ea-ae9c-4adb784a7caa@group-180592A7F77F-LeaderElection13] INFO  grpc.GrpcConfigKeys (ConfUtils.java:logGet(46)) - raft.grpc.server.heartbeat.channel = true (default)
2023-05-23 10:25:22,145 [7f763e46-2c68-46ea-ae9c-4adb784a7caa@group-180592A7F77F-LeaderElection13] INFO  server.RaftServerConfigKeys (ConfUtils.java:logGet(46)) - raft.server.log.appender.snapshot.chunk.size.max = 16MB (=16777216) (default)
2023-05-23 10:25:22,146 [7f763e46-2c68-46ea-ae9c-4adb784a7caa@group-180592A7F77F-LeaderElection13] INFO  server.RaftServerConfigKeys (ConfUtils.java:logGet(46)) - raft.server.log.appender.buffer.byte-limit = 33554432 (custom)
2023-05-23 10:25:22,146 [7f763e46-2c68-46ea-ae9c-4adb784a7caa@group-180592A7F77F-LeaderElection13] INFO  server.RaftServerConfigKeys (ConfUtils.java:logGet(46)) - raft.server.log.appender.buffer.element-limit = 1 (custom)
2023-05-23 10:25:22,146 [7f763e46-2c68-46ea-ae9c-4adb784a7caa@group-180592A7F77F-LeaderElection13] INFO  server.RaftServerConfigKeys (ConfUtils.java:logGet(46)) - raft.server.log.appender.wait-time.min = 10ms (default)
2023-05-23 10:25:22,146 [7f763e46-2c68-46ea-ae9c-4adb784a7caa@group-180592A7F77F-LeaderElection13] INFO  grpc.GrpcConfigKeys (ConfUtils.java:logGet(46)) - raft.grpc.server.leader.outstanding.appends.max = 128 (default)
2023-05-23 10:25:22,146 [7f763e46-2c68-46ea-ae9c-4adb784a7caa@group-180592A7F77F-LeaderElection13] INFO  server.RaftServerConfigKeys (ConfUtils.java:logGet(46)) - raft.server.rpc.request.timeout = 60s (custom)
2023-05-23 10:25:22,146 [7f763e46-2c68-46ea-ae9c-4adb784a7caa@group-180592A7F77F-LeaderElection13] INFO  grpc.GrpcConfigKeys (ConfUtils.java:logGet(46)) - raft.grpc.server.install_snapshot.request.element-limit = 8 (default)
2023-05-23 10:25:22,146 [7f763e46-2c68-46ea-ae9c-4adb784a7caa@group-180592A7F77F-LeaderElection13] INFO  grpc.GrpcConfigKeys (ConfUtils.java:logGet(46)) - raft.grpc.server.install_snapshot.request.timeout = 3000ms (default)
2023-05-23 10:25:22,146 [7f763e46-2c68-46ea-ae9c-4adb784a7caa@group-180592A7F77F-LeaderElection13] INFO  server.RaftServerConfigKeys (ConfUtils.java:logGet(46)) - raft.server.log.appender.install.snapshot.enabled = false (custom)
2023-05-23 10:25:22,146 [7f763e46-2c68-46ea-ae9c-4adb784a7caa@group-180592A7F77F-LeaderElection13] INFO  grpc.GrpcConfigKeys (ConfUtils.java:logGet(46)) - raft.grpc.server.heartbeat.channel = true (default)
2023-05-23 10:25:22,145 [EventQueue-PipelineReportForPipelineReportHandler] INFO  pipeline.PipelineManagerImpl (PipelineManagerImpl.java:openPipeline(367)) - Pipeline Pipeline[ Id: 2dccc36a-3241-4516-8d37-180592a7f77f, Nodes: e9bacc8e-add2-470d-91e3-29c7cfa3c1f4(fv-az1249-304/10.1.0.38)ec27dbe6-08af-4523-b3ed-9f1573a1668d(fv-az1249-304/10.1.0.38)7f763e46-2c68-46ea-ae9c-4adb784a7caa(fv-az1249-304/10.1.0.38), ReplicationConfig: RATIS/THREE, State:ALLOCATED, leaderId:7f763e46-2c68-46ea-ae9c-4adb784a7caa, CreationTimestamp2023-05-23T10:25:14.661Z[Etc/UTC]] moved to OPEN state
2023-05-23 10:25:22,146 [EventQueue-OpenPipelineForHealthyPipelineSafeModeRule] INFO  safemode.SCMSafeModeManager (HealthyPipelineSafeModeRule.java:process(137)) - SCM in safe mode. Healthy pipelines reported count is 0, required healthy pipeline reported count is 1
2023-05-23 10:25:22,147 [EventQueue-OpenPipelineForHealthyPipelineSafeModeRule] INFO  safemode.SCMSafeModeManager (HealthyPipelineSafeModeRule.java:process(137)) - SCM in safe mode. Healthy pipelines reported count is 1, required healthy pipeline reported count is 1
2023-05-23 10:25:22,147 [EventQueue-OpenPipelineForHealthyPipelineSafeModeRule] INFO  safemode.SCMSafeModeManager (SCMSafeModeManager.java:validateSafeModeExitRules(200)) - HealthyPipelineSafeModeRule rule is successfully validated
2023-05-23 10:25:22,147 [EventQueue-OpenPipelineForHealthyPipelineSafeModeRule] INFO  safemode.SCMSafeModeManager (SCMSafeModeManager.java:validateSafeModeExitRules(215)) - ScmSafeModeManager, all rules are successfully validated
2023-05-23 10:25:22,147 [EventQueue-OpenPipelineForHealthyPipelineSafeModeRule] INFO  safemode.SCMSafeModeManager (SCMSafeModeManager.java:exitSafeMode(244)) - SCM exiting safe mode.
2023-05-23 10:25:22,147 [7f763e46-2c68-46ea-ae9c-4adb784a7caa@group-180592A7F77F-LeaderElection13] INFO  impl.RoleInfo (RoleInfo.java:updateAndGet(139)) - 7f763e46-2c68-46ea-ae9c-4adb784a7caa: start 7f763e46-2c68-46ea-ae9c-4adb784a7caa@group-180592A7F77F-LeaderStateImpl
2023-05-23 10:25:22,147 [EventQueue-OpenPipelineForHealthyPipelineSafeModeRule] INFO  ha.SCMContext (SCMContext.java:updateSafeModeStatus(228)) - Update SafeModeStatus from SafeModeStatus{safeModeStatus=true, preCheckPassed=true} to SafeModeStatus{safeModeStatus=false, preCheckPassed=true}.
2023-05-23 10:25:22,147 [EventQueue-OpenPipelineForHealthyPipelineSafeModeRule] INFO  pipeline.BackgroundPipelineCreator (BackgroundPipelineCreator.java:notifyStatusChanged(254)) - Service BackgroundPipelineCreator transitions to RUNNING.
2023-05-23 10:25:22,147 [EventQueue-OpenPipelineForHealthyPipelineSafeModeRule] INFO  BackgroundPipelineScrubber (BackgroundSCMService.java:notifyStatusChanged(82)) - Service BackgroundPipelineScrubber transitions to RUNNING.
2023-05-23 10:25:22,147 [EventQueue-OpenPipelineForHealthyPipelineSafeModeRule] INFO  ExpiredContainerReplicaOpScrubber (BackgroundSCMService.java:notifyStatusChanged(82)) - Service ExpiredContainerReplicaOpScrubber transitions to RUNNING.
2023-05-23 10:25:22,147 [EventQueue-OpenPipelineForHealthyPipelineSafeModeRule] INFO  replication.ReplicationManager (ReplicationManager.java:notifyStatusChanged(1377)) - Service ReplicationManager transitions to RUNNING.
2023-05-23 10:25:22,147 [7f763e46-2c68-46ea-ae9c-4adb784a7caa@group-180592A7F77F-LeaderElection13] INFO  segmented.SegmentedRaftLogWorker (SegmentedRaftLogWorker.java:startLogSegment(447)) - 7f763e46-2c68-46ea-ae9c-4adb784a7caa@group-180592A7F77F-SegmentedRaftLogWorker: Starting segment from index:0
2023-05-23 10:25:22,148 [EventQueue-OpenPipelineForHealthyPipelineSafeModeRule] WARN  balancer.ContainerBalancer (ContainerBalancer.java:shouldRun(132)) - Could not find persisted configuration for ContainerBalancer when checking if ContainerBalancer should run. ContainerBalancer should not run now.
2023-05-23 10:25:22,149 [7f763e46-2c68-46ea-ae9c-4adb784a7caa@group-180592A7F77F-SegmentedRaftLogWorker] INFO  segmented.SegmentedRaftLogWorker (SegmentedRaftLogWorker.java:execute(651)) - 7f763e46-2c68-46ea-ae9c-4adb784a7caa@group-180592A7F77F-SegmentedRaftLogWorker: created new log segment /home/runner/work/ozone/ozone/hadoop-ozone/integration-test/target/test-dir/MiniOzoneClusterImpl-ce972063-568b-4811-bfe7-9c87601498a3/datanode-0/data/ratis/2dccc36a-3241-4516-8d37-180592a7f77f/current/log_inprogress_0
2023-05-23 10:25:22,151 [grpc-default-executor-1] INFO  server.RaftServer$Division (RaftServerImpl.java:requestVote(1302)) - e9bacc8e-add2-470d-91e3-29c7cfa3c1f4@group-180592A7F77F: receive requestVote(ELECTION, 7f763e46-2c68-46ea-ae9c-4adb784a7caa, group-180592A7F77F, 1, (t:0, i:0))
2023-05-23 10:25:22,165 [7f763e46-2c68-46ea-ae9c-4adb784a7caa@group-180592A7F77F-LeaderElection13] INFO  server.RaftServer$Division (ServerState.java:setRaftConf(434)) - 7f763e46-2c68-46ea-ae9c-4adb784a7caa@group-180592A7F77F: set configuration 0: peers:[ec27dbe6-08af-4523-b3ed-9f1573a1668d|rpc:10.1.0.38:15069|admin:10.1.0.38:15068|client:10.1.0.38:15067|dataStream:10.1.0.38:15070|priority:0|startupRole:FOLLOWER, 7f763e46-2c68-46ea-ae9c-4adb784a7caa|rpc:10.1.0.38:15061|admin:10.1.0.38:15060|client:10.1.0.38:15059|dataStream:10.1.0.38:15062|priority:1|startupRole:FOLLOWER, e9bacc8e-add2-470d-91e3-29c7cfa3c1f4|rpc:10.1.0.38:15077|admin:10.1.0.38:15076|client:10.1.0.38:15075|dataStream:10.1.0.38:15078|priority:0|startupRole:FOLLOWER]|listeners:[], old=null
2023-05-23 10:25:22,165 [grpc-default-executor-1] INFO  impl.VoteContext (VoteContext.java:log(49)) - e9bacc8e-add2-470d-91e3-29c7cfa3c1f4@group-180592A7F77F-FOLLOWER: accept ELECTION from 7f763e46-2c68-46ea-ae9c-4adb784a7caa: our priority 0 <= candidate's priority 1
2023-05-23 10:25:22,166 [grpc-default-executor-1] INFO  server.RaftServer$Division (RaftServerImpl.java:setRole(329)) - e9bacc8e-add2-470d-91e3-29c7cfa3c1f4@group-180592A7F77F: changes role from  FOLLOWER to FOLLOWER at term 1 for candidate:7f763e46-2c68-46ea-ae9c-4adb784a7caa
2023-05-23 10:25:22,166 [grpc-default-executor-1] INFO  impl.RoleInfo (RoleInfo.java:shutdownFollowerState(110)) - e9bacc8e-add2-470d-91e3-29c7cfa3c1f4: shutdown e9bacc8e-add2-470d-91e3-29c7cfa3c1f4@group-180592A7F77F-FollowerState
2023-05-23 10:25:22,166 [e9bacc8e-add2-470d-91e3-29c7cfa3c1f4@group-180592A7F77F-FollowerState] INFO  impl.FollowerState (FollowerState.java:run(152)) - e9bacc8e-add2-470d-91e3-29c7cfa3c1f4@group-180592A7F77F-FollowerState was interrupted
2023-05-23 10:25:22,167 [grpc-default-executor-1] INFO  impl.RoleInfo (RoleInfo.java:updateAndGet(139)) - e9bacc8e-add2-470d-91e3-29c7cfa3c1f4: start e9bacc8e-add2-470d-91e3-29c7cfa3c1f4@group-180592A7F77F-FollowerState
2023-05-23 10:25:22,173 [grpc-default-executor-1] INFO  server.RaftServer$Division (RaftServerImpl.java:requestVote(1335)) - e9bacc8e-add2-470d-91e3-29c7cfa3c1f4@group-180592A7F77F replies to ELECTION vote request: 7f763e46-2c68-46ea-ae9c-4adb784a7caa<-e9bacc8e-add2-470d-91e3-29c7cfa3c1f4#0:OK-t1. Peer's state: e9bacc8e-add2-470d-91e3-29c7cfa3c1f4@group-180592A7F77F:t1, leader=null, voted=7f763e46-2c68-46ea-ae9c-4adb784a7caa, raftlog=Memoized:e9bacc8e-add2-470d-91e3-29c7cfa3c1f4@group-180592A7F77F-SegmentedRaftLog:OPENED:c-1, conf=-1: peers:[ec27dbe6-08af-4523-b3ed-9f1573a1668d|rpc:10.1.0.38:15069|admin:10.1.0.38:15068|client:10.1.0.38:15067|dataStream:10.1.0.38:15070|priority:0|startupRole:FOLLOWER, 7f763e46-2c68-46ea-ae9c-4adb784a7caa|rpc:10.1.0.38:15061|admin:10.1.0.38:15060|client:10.1.0.38:15059|dataStream:10.1.0.38:15062|priority:1|startupRole:FOLLOWER, e9bacc8e-add2-470d-91e3-29c7cfa3c1f4|rpc:10.1.0.38:15077|admin:10.1.0.38:15076|client:10.1.0.38:15075|dataStream:10.1.0.38:15078|priority:0|startupRole:FOLLOWER]|listeners:[], old=null
2023-05-23 10:25:22,191 [e9bacc8e-add2-470d-91e3-29c7cfa3c1f4-server-thread2] INFO  ratis.XceiverServerRatis (XceiverServerRatis.java:handleLeaderChangedNotification(904)) - Leader change notification received for group: group-180592A7F77F with new leaderId: 7f763e46-2c68-46ea-ae9c-4adb784a7caa
2023-05-23 10:25:22,191 [e9bacc8e-add2-470d-91e3-29c7cfa3c1f4-server-thread2] INFO  server.RaftServer$Division (ServerState.java:setLeader(317)) - e9bacc8e-add2-470d-91e3-29c7cfa3c1f4@group-180592A7F77F: change Leader from null to 7f763e46-2c68-46ea-ae9c-4adb784a7caa at term 1 for appendEntries, leader elected after 5170ms
2023-05-23 10:25:22,197 [ec27dbe6-08af-4523-b3ed-9f1573a1668d-server-thread1] INFO  ratis.XceiverServerRatis (XceiverServerRatis.java:handleLeaderChangedNotification(904)) - Leader change notification received for group: group-180592A7F77F with new leaderId: 7f763e46-2c68-46ea-ae9c-4adb784a7caa
2023-05-23 10:25:22,198 [ec27dbe6-08af-4523-b3ed-9f1573a1668d-server-thread1] INFO  server.RaftServer$Division (ServerState.java:setLeader(317)) - ec27dbe6-08af-4523-b3ed-9f1573a1668d@group-180592A7F77F: change Leader from null to 7f763e46-2c68-46ea-ae9c-4adb784a7caa at term 1 for appendEntries, leader elected after 5123ms
2023-05-23 10:25:22,198 [e9bacc8e-add2-470d-91e3-29c7cfa3c1f4-server-thread2] INFO  server.RaftServer$Division (ServerState.java:setRaftConf(434)) - e9bacc8e-add2-470d-91e3-29c7cfa3c1f4@group-180592A7F77F: set configuration 0: peers:[ec27dbe6-08af-4523-b3ed-9f1573a1668d|rpc:10.1.0.38:15069|admin:10.1.0.38:15068|client:10.1.0.38:15067|dataStream:10.1.0.38:15070|priority:0|startupRole:FOLLOWER, 7f763e46-2c68-46ea-ae9c-4adb784a7caa|rpc:10.1.0.38:15061|admin:10.1.0.38:15060|client:10.1.0.38:15059|dataStream:10.1.0.38:15062|priority:1|startupRole:FOLLOWER, e9bacc8e-add2-470d-91e3-29c7cfa3c1f4|rpc:10.1.0.38:15077|admin:10.1.0.38:15076|client:10.1.0.38:15075|dataStream:10.1.0.38:15078|priority:0|startupRole:FOLLOWER]|listeners:[], old=null
2023-05-23 10:25:22,198 [e9bacc8e-add2-470d-91e3-29c7cfa3c1f4-server-thread2] INFO  segmented.SegmentedRaftLogWorker (SegmentedRaftLogWorker.java:startLogSegment(447)) - e9bacc8e-add2-470d-91e3-29c7cfa3c1f4@group-180592A7F77F-SegmentedRaftLogWorker: Starting segment from index:0
2023-05-23 10:25:22,210 [ec27dbe6-08af-4523-b3ed-9f1573a1668d-server-thread2] INFO  server.RaftServer$Division (ServerState.java:setRaftConf(434)) - ec27dbe6-08af-4523-b3ed-9f1573a1668d@group-180592A7F77F: set configuration 0: peers:[ec27dbe6-08af-4523-b3ed-9f1573a1668d|rpc:10.1.0.38:15069|admin:10.1.0.38:15068|client:10.1.0.38:15067|dataStream:10.1.0.38:15070|priority:0|startupRole:FOLLOWER, 7f763e46-2c68-46ea-ae9c-4adb784a7caa|rpc:10.1.0.38:15061|admin:10.1.0.38:15060|client:10.1.0.38:15059|dataStream:10.1.0.38:15062|priority:1|startupRole:FOLLOWER, e9bacc8e-add2-470d-91e3-29c7cfa3c1f4|rpc:10.1.0.38:15077|admin:10.1.0.38:15076|client:10.1.0.38:15075|dataStream:10.1.0.38:15078|priority:0|startupRole:FOLLOWER]|listeners:[], old=null
2023-05-23 10:25:22,210 [ec27dbe6-08af-4523-b3ed-9f1573a1668d-server-thread2] INFO  segmented.SegmentedRaftLogWorker (SegmentedRaftLogWorker.java:startLogSegment(447)) - ec27dbe6-08af-4523-b3ed-9f1573a1668d@group-180592A7F77F-SegmentedRaftLogWorker: Starting segment from index:0
2023-05-23 10:25:22,211 [7f763e46-2c68-46ea-ae9c-4adb784a7caa@group-F903808A28C9-FollowerState] INFO  impl.FollowerState (FollowerState.java:run(143)) - 7f763e46-2c68-46ea-ae9c-4adb784a7caa@group-F903808A28C9-FollowerState: change to CANDIDATE, lastRpcElapsedTime:5084606887ns, electionTimeout:5082ms
2023-05-23 10:25:22,211 [7f763e46-2c68-46ea-ae9c-4adb784a7caa@group-F903808A28C9-FollowerState] INFO  impl.RoleInfo (RoleInfo.java:shutdownFollowerState(110)) - 7f763e46-2c68-46ea-ae9c-4adb784a7caa: shutdown 7f763e46-2c68-46ea-ae9c-4adb784a7caa@group-F903808A28C9-FollowerState
2023-05-23 10:25:22,211 [e9bacc8e-add2-470d-91e3-29c7cfa3c1f4@group-180592A7F77F-SegmentedRaftLogWorker] INFO  segmented.SegmentedRaftLogWorker (SegmentedRaftLogWorker.java:execute(651)) - e9bacc8e-add2-470d-91e3-29c7cfa3c1f4@group-180592A7F77F-SegmentedRaftLogWorker: created new log segment /home/runner/work/ozone/ozone/hadoop-ozone/integration-test/target/test-dir/MiniOzoneClusterImpl-ce972063-568b-4811-bfe7-9c87601498a3/datanode-2/data/ratis/2dccc36a-3241-4516-8d37-180592a7f77f/current/log_inprogress_0
2023-05-23 10:25:22,211 [7f763e46-2c68-46ea-ae9c-4adb784a7caa@group-F903808A28C9-FollowerState] INFO  server.RaftServer$Division (RaftServerImpl.java:setRole(329)) - 7f763e46-2c68-46ea-ae9c-4adb784a7caa@group-F903808A28C9: changes role from  FOLLOWER to CANDIDATE at term 0 for changeToCandidate
2023-05-23 10:25:22,213 [7f763e46-2c68-46ea-ae9c-4adb784a7caa@group-F903808A28C9-FollowerState] INFO  server.RaftServerConfigKeys (ConfUtils.java:logGet(46)) - raft.server.leaderelection.pre-vote = true (default)
2023-05-23 10:25:22,213 [7f763e46-2c68-46ea-ae9c-4adb784a7caa@group-F903808A28C9-FollowerState] INFO  impl.RoleInfo (RoleInfo.java:updateAndGet(139)) - 7f763e46-2c68-46ea-ae9c-4adb784a7caa: start 7f763e46-2c68-46ea-ae9c-4adb784a7caa@group-F903808A28C9-LeaderElection14
2023-05-23 10:25:22,213 [ec27dbe6-08af-4523-b3ed-9f1573a1668d@group-180592A7F77F-SegmentedRaftLogWorker] INFO  segmented.SegmentedRaftLogWorker (SegmentedRaftLogWorker.java:execute(651)) - ec27dbe6-08af-4523-b3ed-9f1573a1668d@group-180592A7F77F-SegmentedRaftLogWorker: created new log segment /home/runner/work/ozone/ozone/hadoop-ozone/integration-test/target/test-dir/MiniOzoneClusterImpl-ce972063-568b-4811-bfe7-9c87601498a3/datanode-1/data/ratis/2dccc36a-3241-4516-8d37-180592a7f77f/current/log_inprogress_0
2023-05-23 10:25:22,228 [7f763e46-2c68-46ea-ae9c-4adb784a7caa@group-F903808A28C9-LeaderElection14] INFO  impl.LeaderElection (LeaderElection.java:askForVotes(321)) - 7f763e46-2c68-46ea-ae9c-4adb784a7caa@group-F903808A28C9-LeaderElection14 PRE_VOTE round 0: submit vote requests at term 0 for -1: peers:[ec27dbe6-08af-4523-b3ed-9f1573a1668d|rpc:10.1.0.38:15069|admin:10.1.0.38:15068|client:10.1.0.38:15067|dataStream:10.1.0.38:15070|priority:0|startupRole:FOLLOWER, 7f763e46-2c68-46ea-ae9c-4adb784a7caa|rpc:10.1.0.38:15061|admin:10.1.0.38:15060|client:10.1.0.38:15059|dataStream:10.1.0.38:15062|priority:0|startupRole:FOLLOWER, e9bacc8e-add2-470d-91e3-29c7cfa3c1f4|rpc:10.1.0.38:15077|admin:10.1.0.38:15076|client:10.1.0.38:15075|dataStream:10.1.0.38:15078|priority:1|startupRole:FOLLOWER]|listeners:[], old=null
2023-05-23 10:25:22,230 [7f763e46-2c68-46ea-ae9c-4adb784a7caa@group-F903808A28C9-LeaderElection14] INFO  server.RaftServerConfigKeys (ConfUtils.java:logFallback(53)) - raft.server.rpc.first-election.timeout.min = 5s (fallback to raft.server.rpc.timeout.min)
2023-05-23 10:25:22,230 [7f763e46-2c68-46ea-ae9c-4adb784a7caa@group-F903808A28C9-LeaderElection14] INFO  server.RaftServerConfigKeys (ConfUtils.java:logFallback(53)) - raft.server.rpc.first-election.timeout.max = 5200ms (fallback to raft.server.rpc.timeout.max)
2023-05-23 10:25:22,232 [ec27dbe6-08af-4523-b3ed-9f1573a1668d@group-F903808A28C9-FollowerState] INFO  impl.FollowerState (FollowerState.java:run(143)) - ec27dbe6-08af-4523-b3ed-9f1573a1668d@group-F903808A28C9-FollowerState: change to CANDIDATE, lastRpcElapsedTime:5038221823ns, electionTimeout:5027ms
2023-05-23 10:25:22,232 [ec27dbe6-08af-4523-b3ed-9f1573a1668d@group-F903808A28C9-FollowerState] INFO  impl.RoleInfo (RoleInfo.java:shutdownFollowerState(110)) - ec27dbe6-08af-4523-b3ed-9f1573a1668d: shutdown ec27dbe6-08af-4523-b3ed-9f1573a1668d@group-F903808A28C9-FollowerState
2023-05-23 10:25:22,232 [ec27dbe6-08af-4523-b3ed-9f1573a1668d@group-F903808A28C9-FollowerState] INFO  server.RaftServer$Division (RaftServerImpl.java:setRole(329)) - ec27dbe6-08af-4523-b3ed-9f1573a1668d@group-F903808A28C9: changes role from  FOLLOWER to CANDIDATE at term 0 for changeToCandidate
2023-05-23 10:25:22,234 [grpc-default-executor-1] INFO  server.RaftServer$Division (RaftServerImpl.java:requestVote(1302)) - ec27dbe6-08af-4523-b3ed-9f1573a1668d@group-F903808A28C9: receive requestVote(PRE_VOTE, 7f763e46-2c68-46ea-ae9c-4adb784a7caa, group-F903808A28C9, 0, (t:0, i:0))
2023-05-23 10:25:22,235 [ec27dbe6-08af-4523-b3ed-9f1573a1668d@group-F903808A28C9-FollowerState] INFO  server.RaftServerConfigKeys (ConfUtils.java:logGet(46)) - raft.server.leaderelection.pre-vote = true (default)
2023-05-23 10:25:22,235 [ec27dbe6-08af-4523-b3ed-9f1573a1668d@group-F903808A28C9-FollowerState] INFO  impl.RoleInfo (RoleInfo.java:updateAndGet(139)) - ec27dbe6-08af-4523-b3ed-9f1573a1668d: start ec27dbe6-08af-4523-b3ed-9f1573a1668d@group-F903808A28C9-LeaderElection15
2023-05-23 10:25:22,245 [ec27dbe6-08af-4523-b3ed-9f1573a1668d@group-F903808A28C9-LeaderElection15] INFO  impl.LeaderElection (LeaderElection.java:askForVotes(321)) - ec27dbe6-08af-4523-b3ed-9f1573a1668d@group-F903808A28C9-LeaderElection15 PRE_VOTE round 0: submit vote requests at term 0 for -1: peers:[ec27dbe6-08af-4523-b3ed-9f1573a1668d|rpc:10.1.0.38:15069|admin:10.1.0.38:15068|client:10.1.0.38:15067|dataStream:10.1.0.38:15070|priority:0|startupRole:FOLLOWER, 7f763e46-2c68-46ea-ae9c-4adb784a7caa|rpc:10.1.0.38:15061|admin:10.1.0.38:15060|client:10.1.0.38:15059|dataStream:10.1.0.38:15062|priority:0|startupRole:FOLLOWER, e9bacc8e-add2-470d-91e3-29c7cfa3c1f4|rpc:10.1.0.38:15077|admin:10.1.0.38:15076|client:10.1.0.38:15075|dataStream:10.1.0.38:15078|priority:1|startupRole:FOLLOWER]|listeners:[], old=null
2023-05-23 10:25:22,246 [grpc-default-executor-1] INFO  impl.VoteContext (VoteContext.java:log(49)) - ec27dbe6-08af-4523-b3ed-9f1573a1668d@group-F903808A28C9-CANDIDATE: accept PRE_VOTE from 7f763e46-2c68-46ea-ae9c-4adb784a7caa: our priority 0 <= candidate's priority 0
2023-05-23 10:25:22,246 [grpc-default-executor-1] INFO  server.RaftServer$Division (RaftServerImpl.java:requestVote(1335)) - ec27dbe6-08af-4523-b3ed-9f1573a1668d@group-F903808A28C9 replies to PRE_VOTE vote request: 7f763e46-2c68-46ea-ae9c-4adb784a7caa<-ec27dbe6-08af-4523-b3ed-9f1573a1668d#0:OK-t0. Peer's state: ec27dbe6-08af-4523-b3ed-9f1573a1668d@group-F903808A28C9:t0, leader=null, voted=, raftlog=Memoized:ec27dbe6-08af-4523-b3ed-9f1573a1668d@group-F903808A28C9-SegmentedRaftLog:OPENED:c-1, conf=-1: peers:[ec27dbe6-08af-4523-b3ed-9f1573a1668d|rpc:10.1.0.38:15069|admin:10.1.0.38:15068|client:10.1.0.38:15067|dataStream:10.1.0.38:15070|priority:0|startupRole:FOLLOWER, 7f763e46-2c68-46ea-ae9c-4adb784a7caa|rpc:10.1.0.38:15061|admin:10.1.0.38:15060|client:10.1.0.38:15059|dataStream:10.1.0.38:15062|priority:0|startupRole:FOLLOWER, e9bacc8e-add2-470d-91e3-29c7cfa3c1f4|rpc:10.1.0.38:15077|admin:10.1.0.38:15076|client:10.1.0.38:15075|dataStream:10.1.0.38:15078|priority:1|startupRole:FOLLOWER]|listeners:[], old=null
2023-05-23 10:25:22,248 [ec27dbe6-08af-4523-b3ed-9f1573a1668d@group-F903808A28C9-LeaderElection15-1] INFO  server.GrpcServerProtocolClient (GrpcServerProtocolClient.java:<init>(65)) - Build channel for 7f763e46-2c68-46ea-ae9c-4adb784a7caa
2023-05-23 10:25:22,253 [ec27dbe6-08af-4523-b3ed-9f1573a1668d@group-F903808A28C9-LeaderElection15] INFO  server.RaftServerConfigKeys (ConfUtils.java:logFallback(53)) - raft.server.rpc.first-election.timeout.min = 5s (fallback to raft.server.rpc.timeout.min)
2023-05-23 10:25:22,253 [ec27dbe6-08af-4523-b3ed-9f1573a1668d@group-F903808A28C9-LeaderElection15] INFO  server.RaftServerConfigKeys (ConfUtils.java:logFallback(53)) - raft.server.rpc.first-election.timeout.max = 5200ms (fallback to raft.server.rpc.timeout.max)
2023-05-23 10:25:22,266 [ec27dbe6-08af-4523-b3ed-9f1573a1668d@group-F903808A28C9-LeaderElection15-2] INFO  server.GrpcServerProtocolClient (GrpcServerProtocolClient.java:<init>(65)) - Build channel for e9bacc8e-add2-470d-91e3-29c7cfa3c1f4
2023-05-23 10:25:22,271 [grpc-default-executor-4] INFO  server.RaftServer$Division (RaftServerImpl.java:requestVote(1302)) - e9bacc8e-add2-470d-91e3-29c7cfa3c1f4@group-F903808A28C9: receive requestVote(PRE_VOTE, 7f763e46-2c68-46ea-ae9c-4adb784a7caa, group-F903808A28C9, 0, (t:0, i:0))
2023-05-23 10:25:22,271 [grpc-default-executor-4] INFO  impl.VoteContext (VoteContext.java:log(49)) - e9bacc8e-add2-470d-91e3-29c7cfa3c1f4@group-F903808A28C9-FOLLOWER: reject PRE_VOTE from 7f763e46-2c68-46ea-ae9c-4adb784a7caa: our priority 1 > candidate's priority 0
2023-05-23 10:25:22,271 [grpc-default-executor-4] INFO  server.RaftServer$Division (RaftServerImpl.java:requestVote(1335)) - e9bacc8e-add2-470d-91e3-29c7cfa3c1f4@group-F903808A28C9 replies to PRE_VOTE vote request: 7f763e46-2c68-46ea-ae9c-4adb784a7caa<-e9bacc8e-add2-470d-91e3-29c7cfa3c1f4#0:FAIL-t0. Peer's state: e9bacc8e-add2-470d-91e3-29c7cfa3c1f4@group-F903808A28C9:t0, leader=null, voted=, raftlog=Memoized:e9bacc8e-add2-470d-91e3-29c7cfa3c1f4@group-F903808A28C9-SegmentedRaftLog:OPENED:c-1, conf=-1: peers:[ec27dbe6-08af-4523-b3ed-9f1573a1668d|rpc:10.1.0.38:15069|admin:10.1.0.38:15068|client:10.1.0.38:15067|dataStream:10.1.0.38:15070|priority:0|startupRole:FOLLOWER, 7f763e46-2c68-46ea-ae9c-4adb784a7caa|rpc:10.1.0.38:15061|admin:10.1.0.38:15060|client:10.1.0.38:15059|dataStream:10.1.0.38:15062|priority:0|startupRole:FOLLOWER, e9bacc8e-add2-470d-91e3-29c7cfa3c1f4|rpc:10.1.0.38:15077|admin:10.1.0.38:15076|client:10.1.0.38:15075|dataStream:10.1.0.38:15078|priority:1|startupRole:FOLLOWER]|listeners:[], old=null
2023-05-23 10:25:22,274 [7f763e46-2c68-46ea-ae9c-4adb784a7caa@group-F903808A28C9-LeaderElection14] INFO  impl.LeaderElection (LeaderElection.java:logAndReturn(90)) - 7f763e46-2c68-46ea-ae9c-4adb784a7caa@group-F903808A28C9-LeaderElection14: PRE_VOTE REJECTED received 2 response(s) and 0 exception(s):
2023-05-23 10:25:22,274 [7f763e46-2c68-46ea-ae9c-4adb784a7caa@group-F903808A28C9-LeaderElection14] INFO  impl.LeaderElection (LeaderElection.java:logAndReturn(94)) -   Response 0: 7f763e46-2c68-46ea-ae9c-4adb784a7caa<-ec27dbe6-08af-4523-b3ed-9f1573a1668d#0:OK-t0
2023-05-23 10:25:22,274 [7f763e46-2c68-46ea-ae9c-4adb784a7caa@group-F903808A28C9-LeaderElection14] INFO  impl.LeaderElection (LeaderElection.java:logAndReturn(94)) -   Response 1: 7f763e46-2c68-46ea-ae9c-4adb784a7caa<-e9bacc8e-add2-470d-91e3-29c7cfa3c1f4#0:FAIL-t0
2023-05-23 10:25:22,274 [7f763e46-2c68-46ea-ae9c-4adb784a7caa@group-F903808A28C9-LeaderElection14] INFO  impl.LeaderElection (LeaderElection.java:askForVotes(323)) - 7f763e46-2c68-46ea-ae9c-4adb784a7caa@group-F903808A28C9-LeaderElection14 PRE_VOTE round 0: result REJECTED
2023-05-23 10:25:22,274 [7f763e46-2c68-46ea-ae9c-4adb784a7caa@group-F903808A28C9-LeaderElection14] INFO  server.RaftServer$Division (RaftServerImpl.java:setRole(329)) - 7f763e46-2c68-46ea-ae9c-4adb784a7caa@group-F903808A28C9: changes role from CANDIDATE to FOLLOWER at term 0 for REJECTED
2023-05-23 10:25:22,274 [7f763e46-2c68-46ea-ae9c-4adb784a7caa@group-F903808A28C9-LeaderElection14] INFO  impl.RoleInfo (RoleInfo.java:shutdownLeaderElection(130)) - 7f763e46-2c68-46ea-ae9c-4adb784a7caa: shutdown 7f763e46-2c68-46ea-ae9c-4adb784a7caa@group-F903808A28C9-LeaderElection14
2023-05-23 10:25:22,274 [7f763e46-2c68-46ea-ae9c-4adb784a7caa@group-F903808A28C9-LeaderElection14] INFO  impl.RoleInfo (RoleInfo.java:updateAndGet(139)) - 7f763e46-2c68-46ea-ae9c-4adb784a7caa: start 7f763e46-2c68-46ea-ae9c-4adb784a7caa@group-F903808A28C9-FollowerState
2023-05-23 10:25:22,282 [grpc-default-executor-4] INFO  server.RaftServer$Division (RaftServerImpl.java:requestVote(1302)) - e9bacc8e-add2-470d-91e3-29c7cfa3c1f4@group-F903808A28C9: receive requestVote(PRE_VOTE, ec27dbe6-08af-4523-b3ed-9f1573a1668d, group-F903808A28C9, 0, (t:0, i:0))
2023-05-23 10:25:22,282 [grpc-default-executor-4] INFO  impl.VoteContext (VoteContext.java:log(49)) - e9bacc8e-add2-470d-91e3-29c7cfa3c1f4@group-F903808A28C9-FOLLOWER: reject PRE_VOTE from ec27dbe6-08af-4523-b3ed-9f1573a1668d: our priority 1 > candidate's priority 0
2023-05-23 10:25:22,282 [grpc-default-executor-4] INFO  server.RaftServer$Division (RaftServerImpl.java:requestVote(1335)) - e9bacc8e-add2-470d-91e3-29c7cfa3c1f4@group-F903808A28C9 replies to PRE_VOTE vote request: ec27dbe6-08af-4523-b3ed-9f1573a1668d<-e9bacc8e-add2-470d-91e3-29c7cfa3c1f4#0:FAIL-t0. Peer's state: e9bacc8e-add2-470d-91e3-29c7cfa3c1f4@group-F903808A28C9:t0, leader=null, voted=, raftlog=Memoized:e9bacc8e-add2-470d-91e3-29c7cfa3c1f4@group-F903808A28C9-SegmentedRaftLog:OPENED:c-1, conf=-1: peers:[ec27dbe6-08af-4523-b3ed-9f1573a1668d|rpc:10.1.0.38:15069|admin:10.1.0.38:15068|client:10.1.0.38:15067|dataStream:10.1.0.38:15070|priority:0|startupRole:FOLLOWER, 7f763e46-2c68-46ea-ae9c-4adb784a7caa|rpc:10.1.0.38:15061|admin:10.1.0.38:15060|client:10.1.0.38:15059|dataStream:10.1.0.38:15062|priority:0|startupRole:FOLLOWER, e9bacc8e-add2-470d-91e3-29c7cfa3c1f4|rpc:10.1.0.38:15077|admin:10.1.0.38:15076|client:10.1.0.38:15075|dataStream:10.1.0.38:15078|priority:1|startupRole:FOLLOWER]|listeners:[], old=null
2023-05-23 10:25:22,283 [grpc-default-executor-1] INFO  server.RaftServer$Division (RaftServerImpl.java:requestVote(1302)) - 7f763e46-2c68-46ea-ae9c-4adb784a7caa@group-F903808A28C9: receive requestVote(PRE_VOTE, ec27dbe6-08af-4523-b3ed-9f1573a1668d, group-F903808A28C9, 0, (t:0, i:0))
2023-05-23 10:25:22,285 [grpc-default-executor-1] INFO  impl.VoteContext (VoteContext.java:log(49)) - 7f763e46-2c68-46ea-ae9c-4adb784a7caa@group-F903808A28C9-FOLLOWER: accept PRE_VOTE from ec27dbe6-08af-4523-b3ed-9f1573a1668d: our priority 0 <= candidate's priority 0
2023-05-23 10:25:22,285 [grpc-default-executor-1] INFO  server.RaftServer$Division (RaftServerImpl.java:requestVote(1335)) - 7f763e46-2c68-46ea-ae9c-4adb784a7caa@group-F903808A28C9 replies to PRE_VOTE vote request: ec27dbe6-08af-4523-b3ed-9f1573a1668d<-7f763e46-2c68-46ea-ae9c-4adb784a7caa#0:OK-t0. Peer's state: 7f763e46-2c68-46ea-ae9c-4adb784a7caa@group-F903808A28C9:t0, leader=null, voted=, raftlog=Memoized:7f763e46-2c68-46ea-ae9c-4adb784a7caa@group-F903808A28C9-SegmentedRaftLog:OPENED:c-1, conf=-1: peers:[ec27dbe6-08af-4523-b3ed-9f1573a1668d|rpc:10.1.0.38:15069|admin:10.1.0.38:15068|client:10.1.0.38:15067|dataStream:10.1.0.38:15070|priority:0|startupRole:FOLLOWER, 7f763e46-2c68-46ea-ae9c-4adb784a7caa|rpc:10.1.0.38:15061|admin:10.1.0.38:15060|client:10.1.0.38:15059|dataStream:10.1.0.38:15062|priority:0|startupRole:FOLLOWER, e9bacc8e-add2-470d-91e3-29c7cfa3c1f4|rpc:10.1.0.38:15077|admin:10.1.0.38:15076|client:10.1.0.38:15075|dataStream:10.1.0.38:15078|priority:1|startupRole:FOLLOWER]|listeners:[], old=null
2023-05-23 10:25:22,286 [ec27dbe6-08af-4523-b3ed-9f1573a1668d@group-F903808A28C9-LeaderElection15] INFO  impl.LeaderElection (LeaderElection.java:logAndReturn(90)) - ec27dbe6-08af-4523-b3ed-9f1573a1668d@group-F903808A28C9-LeaderElection15: PRE_VOTE REJECTED received 1 response(s) and 0 exception(s):
2023-05-23 10:25:22,286 [ec27dbe6-08af-4523-b3ed-9f1573a1668d@group-F903808A28C9-LeaderElection15] INFO  impl.LeaderElection (LeaderElection.java:logAndReturn(94)) -   Response 0: ec27dbe6-08af-4523-b3ed-9f1573a1668d<-e9bacc8e-add2-470d-91e3-29c7cfa3c1f4#0:FAIL-t0
2023-05-23 10:25:22,286 [ec27dbe6-08af-4523-b3ed-9f1573a1668d@group-F903808A28C9-LeaderElection15] INFO  impl.LeaderElection (LeaderElection.java:askForVotes(323)) - ec27dbe6-08af-4523-b3ed-9f1573a1668d@group-F903808A28C9-LeaderElection15 PRE_VOTE round 0: result REJECTED
2023-05-23 10:25:22,286 [ec27dbe6-08af-4523-b3ed-9f1573a1668d@group-F903808A28C9-LeaderElection15] INFO  server.RaftServer$Division (RaftServerImpl.java:setRole(329)) - ec27dbe6-08af-4523-b3ed-9f1573a1668d@group-F903808A28C9: changes role from CANDIDATE to FOLLOWER at term 0 for REJECTED
2023-05-23 10:25:22,286 [ec27dbe6-08af-4523-b3ed-9f1573a1668d@group-F903808A28C9-LeaderElection15] INFO  impl.RoleInfo (RoleInfo.java:shutdownLeaderElection(130)) - ec27dbe6-08af-4523-b3ed-9f1573a1668d: shutdown ec27dbe6-08af-4523-b3ed-9f1573a1668d@group-F903808A28C9-LeaderElection15
2023-05-23 10:25:22,286 [ec27dbe6-08af-4523-b3ed-9f1573a1668d@group-F903808A28C9-LeaderElection15] INFO  impl.RoleInfo (RoleInfo.java:updateAndGet(139)) - ec27dbe6-08af-4523-b3ed-9f1573a1668d: start ec27dbe6-08af-4523-b3ed-9f1573a1668d@group-F903808A28C9-FollowerState
2023-05-23 10:25:22,316 [e9bacc8e-add2-470d-91e3-29c7cfa3c1f4@group-F903808A28C9-FollowerState] INFO  impl.FollowerState (FollowerState.java:run(143)) - e9bacc8e-add2-470d-91e3-29c7cfa3c1f4@group-F903808A28C9-FollowerState: change to CANDIDATE, lastRpcElapsedTime:5158879085ns, electionTimeout:5156ms
2023-05-23 10:25:22,316 [e9bacc8e-add2-470d-91e3-29c7cfa3c1f4@group-F903808A28C9-FollowerState] INFO  impl.RoleInfo (RoleInfo.java:shutdownFollowerState(110)) - e9bacc8e-add2-470d-91e3-29c7cfa3c1f4: shutdown e9bacc8e-add2-470d-91e3-29c7cfa3c1f4@group-F903808A28C9-FollowerState
2023-05-23 10:25:22,316 [e9bacc8e-add2-470d-91e3-29c7cfa3c1f4@group-F903808A28C9-FollowerState] INFO  server.RaftServer$Division (RaftServerImpl.java:setRole(329)) - e9bacc8e-add2-470d-91e3-29c7cfa3c1f4@group-F903808A28C9: changes role from  FOLLOWER to CANDIDATE at term 0 for changeToCandidate
2023-05-23 10:25:22,317 [e9bacc8e-add2-470d-91e3-29c7cfa3c1f4@group-F903808A28C9-FollowerState] INFO  server.RaftServerConfigKeys (ConfUtils.java:logGet(46)) - raft.server.leaderelection.pre-vote = true (default)
2023-05-23 10:25:22,317 [e9bacc8e-add2-470d-91e3-29c7cfa3c1f4@group-F903808A28C9-FollowerState] INFO  impl.RoleInfo (RoleInfo.java:updateAndGet(139)) - e9bacc8e-add2-470d-91e3-29c7cfa3c1f4: start e9bacc8e-add2-470d-91e3-29c7cfa3c1f4@group-F903808A28C9-LeaderElection16
2023-05-23 10:25:22,318 [e9bacc8e-add2-470d-91e3-29c7cfa3c1f4@group-F903808A28C9-LeaderElection16] INFO  impl.LeaderElection (LeaderElection.java:askForVotes(321)) - e9bacc8e-add2-470d-91e3-29c7cfa3c1f4@group-F903808A28C9-LeaderElection16 PRE_VOTE round 0: submit vote requests at term 0 for -1: peers:[ec27dbe6-08af-4523-b3ed-9f1573a1668d|rpc:10.1.0.38:15069|admin:10.1.0.38:15068|client:10.1.0.38:15067|dataStream:10.1.0.38:15070|priority:0|startupRole:FOLLOWER, 7f763e46-2c68-46ea-ae9c-4adb784a7caa|rpc:10.1.0.38:15061|admin:10.1.0.38:15060|client:10.1.0.38:15059|dataStream:10.1.0.38:15062|priority:0|startupRole:FOLLOWER, e9bacc8e-add2-470d-91e3-29c7cfa3c1f4|rpc:10.1.0.38:15077|admin:10.1.0.38:15076|client:10.1.0.38:15075|dataStream:10.1.0.38:15078|priority:1|startupRole:FOLLOWER]|listeners:[], old=null
2023-05-23 10:25:22,318 [e9bacc8e-add2-470d-91e3-29c7cfa3c1f4@group-F903808A28C9-LeaderElection16-1] INFO  server.GrpcServerProtocolClient (GrpcServerProtocolClient.java:<init>(65)) - Build channel for ec27dbe6-08af-4523-b3ed-9f1573a1668d
2023-05-23 10:25:22,321 [e9bacc8e-add2-470d-91e3-29c7cfa3c1f4@group-F903808A28C9-LeaderElection16] INFO  server.RaftServerConfigKeys (ConfUtils.java:logFallback(53)) - raft.server.rpc.first-election.timeout.min = 5s (fallback to raft.server.rpc.timeout.min)
2023-05-23 10:25:22,321 [e9bacc8e-add2-470d-91e3-29c7cfa3c1f4@group-F903808A28C9-LeaderElection16] INFO  server.RaftServerConfigKeys (ConfUtils.java:logFallback(53)) - raft.server.rpc.first-election.timeout.max = 5200ms (fallback to raft.server.rpc.timeout.max)
2023-05-23 10:25:22,322 [e9bacc8e-add2-470d-91e3-29c7cfa3c1f4@group-F903808A28C9-LeaderElection16-2] INFO  server.GrpcServerProtocolClient (GrpcServerProtocolClient.java:<init>(65)) - Build channel for 7f763e46-2c68-46ea-ae9c-4adb784a7caa
2023-05-23 10:25:22,323 [Listener at 127.0.0.1/15052] INFO  ozone.MiniOzoneClusterImpl (MiniOzoneClusterImpl.java:lambda$waitForClusterToBeReady$0(222)) - Nodes are ready. Got 5 of 5 DN Heartbeats.
2023-05-23 10:25:22,324 [Listener at 127.0.0.1/15052] INFO  ozone.MiniOzoneClusterImpl (MiniOzoneClusterImpl.java:lambda$waitForClusterToBeReady$0(225)) - Cluster exits safe mode
2023-05-23 10:25:22,324 [Listener at 127.0.0.1/15052] INFO  ozone.MiniOzoneClusterImpl (MiniOzoneClusterImpl.java:lambda$waitForClusterToBeReady$0(227)) - SCM became leader
2023-05-23 10:25:22,333 [grpc-default-executor-1] INFO  server.RaftServer$Division (RaftServerImpl.java:requestVote(1302)) - ec27dbe6-08af-4523-b3ed-9f1573a1668d@group-F903808A28C9: receive requestVote(PRE_VOTE, e9bacc8e-add2-470d-91e3-29c7cfa3c1f4, group-F903808A28C9, 0, (t:0, i:0))
2023-05-23 10:25:22,333 [grpc-default-executor-1] INFO  impl.VoteContext (VoteContext.java:log(49)) - ec27dbe6-08af-4523-b3ed-9f1573a1668d@group-F903808A28C9-FOLLOWER: accept PRE_VOTE from e9bacc8e-add2-470d-91e3-29c7cfa3c1f4: our priority 0 <= candidate's priority 1
2023-05-23 10:25:22,334 [grpc-default-executor-1] INFO  server.RaftServer$Division (RaftServerImpl.java:requestVote(1335)) - ec27dbe6-08af-4523-b3ed-9f1573a1668d@group-F903808A28C9 replies to PRE_VOTE vote request: e9bacc8e-add2-470d-91e3-29c7cfa3c1f4<-ec27dbe6-08af-4523-b3ed-9f1573a1668d#0:OK-t0. Peer's state: ec27dbe6-08af-4523-b3ed-9f1573a1668d@group-F903808A28C9:t0, leader=null, voted=, raftlog=Memoized:ec27dbe6-08af-4523-b3ed-9f1573a1668d@group-F903808A28C9-SegmentedRaftLog:OPENED:c-1, conf=-1: peers:[ec27dbe6-08af-4523-b3ed-9f1573a1668d|rpc:10.1.0.38:15069|admin:10.1.0.38:15068|client:10.1.0.38:15067|dataStream:10.1.0.38:15070|priority:0|startupRole:FOLLOWER, 7f763e46-2c68-46ea-ae9c-4adb784a7caa|rpc:10.1.0.38:15061|admin:10.1.0.38:15060|client:10.1.0.38:15059|dataStream:10.1.0.38:15062|priority:0|startupRole:FOLLOWER, e9bacc8e-add2-470d-91e3-29c7cfa3c1f4|rpc:10.1.0.38:15077|admin:10.1.0.38:15076|client:10.1.0.38:15075|dataStream:10.1.0.38:15078|priority:1|startupRole:FOLLOWER]|listeners:[], old=null
2023-05-23 10:25:22,335 [e9bacc8e-add2-470d-91e3-29c7cfa3c1f4@group-F903808A28C9-LeaderElection16] INFO  impl.LeaderElection (LeaderElection.java:logAndReturn(90)) - e9bacc8e-add2-470d-91e3-29c7cfa3c1f4@group-F903808A28C9-LeaderElection16: PRE_VOTE PASSED received 1 response(s) and 0 exception(s):
2023-05-23 10:25:22,335 [e9bacc8e-add2-470d-91e3-29c7cfa3c1f4@group-F903808A28C9-LeaderElection16] INFO  impl.LeaderElection (LeaderElection.java:logAndReturn(94)) -   Response 0: e9bacc8e-add2-470d-91e3-29c7cfa3c1f4<-ec27dbe6-08af-4523-b3ed-9f1573a1668d#0:OK-t0
2023-05-23 10:25:22,335 [e9bacc8e-add2-470d-91e3-29c7cfa3c1f4@group-F903808A28C9-LeaderElection16] INFO  impl.LeaderElection (LeaderElection.java:askForVotes(323)) - e9bacc8e-add2-470d-91e3-29c7cfa3c1f4@group-F903808A28C9-LeaderElection16 PRE_VOTE round 0: result PASSED
2023-05-23 10:25:22,338 [ReplicationMonitor] INFO  replication.ReplicationManager (ReplicationManager.java:processAll(375)) - Replication Manager is not ready to run until 3000ms after safemode exit
2023-05-23 10:25:22,339 [Listener at 127.0.0.1/15052] INFO  rpc.RpcClient (RpcClient.java:createVolume(455)) - Creating Volume: vol1, with runner as owner and space quota set to -1 bytes, counts quota set to -1
2023-05-23 10:25:22,341 [e9bacc8e-add2-470d-91e3-29c7cfa3c1f4@group-F903808A28C9-LeaderElection16] INFO  impl.LeaderElection (LeaderElection.java:askForVotes(321)) - e9bacc8e-add2-470d-91e3-29c7cfa3c1f4@group-F903808A28C9-LeaderElection16 ELECTION round 0: submit vote requests at term 1 for -1: peers:[ec27dbe6-08af-4523-b3ed-9f1573a1668d|rpc:10.1.0.38:15069|admin:10.1.0.38:15068|client:10.1.0.38:15067|dataStream:10.1.0.38:15070|priority:0|startupRole:FOLLOWER, 7f763e46-2c68-46ea-ae9c-4adb784a7caa|rpc:10.1.0.38:15061|admin:10.1.0.38:15060|client:10.1.0.38:15059|dataStream:10.1.0.38:15062|priority:0|startupRole:FOLLOWER, e9bacc8e-add2-470d-91e3-29c7cfa3c1f4|rpc:10.1.0.38:15077|admin:10.1.0.38:15076|client:10.1.0.38:15075|dataStream:10.1.0.38:15078|priority:1|startupRole:FOLLOWER]|listeners:[], old=null
2023-05-23 10:25:22,346 [e9bacc8e-add2-470d-91e3-29c7cfa3c1f4@group-F903808A28C9-LeaderElection16] INFO  server.RaftServerConfigKeys (ConfUtils.java:logFallback(53)) - raft.server.rpc.first-election.timeout.min = 5s (fallback to raft.server.rpc.timeout.min)
2023-05-23 10:25:22,346 [e9bacc8e-add2-470d-91e3-29c7cfa3c1f4@group-F903808A28C9-LeaderElection16] INFO  server.RaftServerConfigKeys (ConfUtils.java:logFallback(53)) - raft.server.rpc.first-election.timeout.max = 5200ms (fallback to raft.server.rpc.timeout.max)
2023-05-23 10:25:22,353 [grpc-default-executor-1] INFO  server.RaftServer$Division (RaftServerImpl.java:requestVote(1302)) - 7f763e46-2c68-46ea-ae9c-4adb784a7caa@group-F903808A28C9: receive requestVote(PRE_VOTE, e9bacc8e-add2-470d-91e3-29c7cfa3c1f4, group-F903808A28C9, 0, (t:0, i:0))
2023-05-23 10:25:22,354 [grpc-default-executor-1] INFO  impl.VoteContext (VoteContext.java:log(49)) - 7f763e46-2c68-46ea-ae9c-4adb784a7caa@group-F903808A28C9-FOLLOWER: accept PRE_VOTE from e9bacc8e-add2-470d-91e3-29c7cfa3c1f4: our priority 0 <= candidate's priority 1
2023-05-23 10:25:22,354 [grpc-default-executor-1] INFO  server.RaftServer$Division (RaftServerImpl.java:requestVote(1335)) - 7f763e46-2c68-46ea-ae9c-4adb784a7caa@group-F903808A28C9 replies to PRE_VOTE vote request: e9bacc8e-add2-470d-91e3-29c7cfa3c1f4<-7f763e46-2c68-46ea-ae9c-4adb784a7caa#0:OK-t0. Peer's state: 7f763e46-2c68-46ea-ae9c-4adb784a7caa@group-F903808A28C9:t0, leader=null, voted=, raftlog=Memoized:7f763e46-2c68-46ea-ae9c-4adb784a7caa@group-F903808A28C9-SegmentedRaftLog:OPENED:c-1, conf=-1: peers:[ec27dbe6-08af-4523-b3ed-9f1573a1668d|rpc:10.1.0.38:15069|admin:10.1.0.38:15068|client:10.1.0.38:15067|dataStream:10.1.0.38:15070|priority:0|startupRole:FOLLOWER, 7f763e46-2c68-46ea-ae9c-4adb784a7caa|rpc:10.1.0.38:15061|admin:10.1.0.38:15060|client:10.1.0.38:15059|dataStream:10.1.0.38:15062|priority:0|startupRole:FOLLOWER, e9bacc8e-add2-470d-91e3-29c7cfa3c1f4|rpc:10.1.0.38:15077|admin:10.1.0.38:15076|client:10.1.0.38:15075|dataStream:10.1.0.38:15078|priority:1|startupRole:FOLLOWER]|listeners:[], old=null
2023-05-23 10:25:22,354 [grpc-default-executor-4] INFO  server.RaftServer$Division (RaftServerImpl.java:requestVote(1302)) - 7f763e46-2c68-46ea-ae9c-4adb784a7caa@group-F903808A28C9: receive requestVote(ELECTION, e9bacc8e-add2-470d-91e3-29c7cfa3c1f4, group-F903808A28C9, 1, (t:0, i:0))
2023-05-23 10:25:22,354 [grpc-default-executor-4] INFO  impl.VoteContext (VoteContext.java:log(49)) - 7f763e46-2c68-46ea-ae9c-4adb784a7caa@group-F903808A28C9-FOLLOWER: accept ELECTION from e9bacc8e-add2-470d-91e3-29c7cfa3c1f4: our priority 0 <= candidate's priority 1
2023-05-23 10:25:22,354 [grpc-default-executor-4] INFO  server.RaftServer$Division (RaftServerImpl.java:setRole(329)) - 7f763e46-2c68-46ea-ae9c-4adb784a7caa@group-F903808A28C9: changes role from  FOLLOWER to FOLLOWER at term 1 for candidate:e9bacc8e-add2-470d-91e3-29c7cfa3c1f4
2023-05-23 10:25:22,354 [grpc-default-executor-4] INFO  impl.RoleInfo (RoleInfo.java:shutdownFollowerState(110)) - 7f763e46-2c68-46ea-ae9c-4adb784a7caa: shutdown 7f763e46-2c68-46ea-ae9c-4adb784a7caa@group-F903808A28C9-FollowerState
2023-05-23 10:25:22,355 [grpc-default-executor-4] INFO  impl.RoleInfo (RoleInfo.java:updateAndGet(139)) - 7f763e46-2c68-46ea-ae9c-4adb784a7caa: start 7f763e46-2c68-46ea-ae9c-4adb784a7caa@group-F903808A28C9-FollowerState
2023-05-23 10:25:22,356 [7f763e46-2c68-46ea-ae9c-4adb784a7caa@group-F903808A28C9-FollowerState] INFO  impl.FollowerState (FollowerState.java:run(152)) - 7f763e46-2c68-46ea-ae9c-4adb784a7caa@group-F903808A28C9-FollowerState was interrupted
2023-05-23 10:25:22,358 [grpc-default-executor-4] INFO  server.RaftServer$Division (RaftServerImpl.java:requestVote(1335)) - 7f763e46-2c68-46ea-ae9c-4adb784a7caa@group-F903808A28C9 replies to ELECTION vote request: e9bacc8e-add2-470d-91e3-29c7cfa3c1f4<-7f763e46-2c68-46ea-ae9c-4adb784a7caa#0:OK-t1. Peer's state: 7f763e46-2c68-46ea-ae9c-4adb784a7caa@group-F903808A28C9:t1, leader=null, voted=e9bacc8e-add2-470d-91e3-29c7cfa3c1f4, raftlog=Memoized:7f763e46-2c68-46ea-ae9c-4adb784a7caa@group-F903808A28C9-SegmentedRaftLog:OPENED:c-1, conf=-1: peers:[ec27dbe6-08af-4523-b3ed-9f1573a1668d|rpc:10.1.0.38:15069|admin:10.1.0.38:15068|client:10.1.0.38:15067|dataStream:10.1.0.38:15070|priority:0|startupRole:FOLLOWER, 7f763e46-2c68-46ea-ae9c-4adb784a7caa|rpc:10.1.0.38:15061|admin:10.1.0.38:15060|client:10.1.0.38:15059|dataStream:10.1.0.38:15062|priority:0|startupRole:FOLLOWER, e9bacc8e-add2-470d-91e3-29c7cfa3c1f4|rpc:10.1.0.38:15077|admin:10.1.0.38:15076|client:10.1.0.38:15075|dataStream:10.1.0.38:15078|priority:1|startupRole:FOLLOWER]|listeners:[], old=null
2023-05-23 10:25:22,359 [e9bacc8e-add2-470d-91e3-29c7cfa3c1f4@group-F903808A28C9-LeaderElection16] INFO  impl.LeaderElection (LeaderElection.java:logAndReturn(90)) - e9bacc8e-add2-470d-91e3-29c7cfa3c1f4@group-F903808A28C9-LeaderElection16: ELECTION PASSED received 1 response(s) and 0 exception(s):
2023-05-23 10:25:22,359 [e9bacc8e-add2-470d-91e3-29c7cfa3c1f4@group-F903808A28C9-LeaderElection16] INFO  impl.LeaderElection (LeaderElection.java:logAndReturn(94)) -   Response 0: e9bacc8e-add2-470d-91e3-29c7cfa3c1f4<-7f763e46-2c68-46ea-ae9c-4adb784a7caa#0:OK-t1
2023-05-23 10:25:22,359 [e9bacc8e-add2-470d-91e3-29c7cfa3c1f4@group-F903808A28C9-LeaderElection16] INFO  impl.LeaderElection (LeaderElection.java:askForVotes(323)) - e9bacc8e-add2-470d-91e3-29c7cfa3c1f4@group-F903808A28C9-LeaderElection16 ELECTION round 0: result PASSED
2023-05-23 10:25:22,359 [e9bacc8e-add2-470d-91e3-29c7cfa3c1f4@group-F903808A28C9-LeaderElection16] INFO  impl.RoleInfo (RoleInfo.java:shutdownLeaderElection(130)) - e9bacc8e-add2-470d-91e3-29c7cfa3c1f4: shutdown e9bacc8e-add2-470d-91e3-29c7cfa3c1f4@group-F903808A28C9-LeaderElection16
2023-05-23 10:25:22,359 [e9bacc8e-add2-470d-91e3-29c7cfa3c1f4@group-F903808A28C9-LeaderElection16] INFO  server.RaftServer$Division (RaftServerImpl.java:setRole(329)) - e9bacc8e-add2-470d-91e3-29c7cfa3c1f4@group-F903808A28C9: changes role from CANDIDATE to LEADER at term 1 for changeToLeader
2023-05-23 10:25:22,359 [e9bacc8e-add2-470d-91e3-29c7cfa3c1f4@group-F903808A28C9-LeaderElection16] INFO  ratis.XceiverServerRatis (XceiverServerRatis.java:handleLeaderChangedNotification(904)) - Leader change notification received for group: group-F903808A28C9 with new leaderId: e9bacc8e-add2-470d-91e3-29c7cfa3c1f4
2023-05-23 10:25:22,360 [e9bacc8e-add2-470d-91e3-29c7cfa3c1f4@group-F903808A28C9-LeaderElection16] INFO  server.RaftServer$Division (ServerState.java:setLeader(317)) - e9bacc8e-add2-470d-91e3-29c7cfa3c1f4@group-F903808A28C9: change Leader from null to e9bacc8e-add2-470d-91e3-29c7cfa3c1f4 at term 1 for becomeLeader, leader elected after 5217ms
2023-05-23 10:25:22,360 [e9bacc8e-add2-470d-91e3-29c7cfa3c1f4@group-F903808A28C9-LeaderElection16] INFO  server.RaftServerConfigKeys (ConfUtils.java:logGet(46)) - raft.server.staging.catchup.gap = 1000 (default)
2023-05-23 10:25:22,360 [e9bacc8e-add2-470d-91e3-29c7cfa3c1f4@group-F903808A28C9-LeaderElection16] INFO  server.RaftServerConfigKeys (ConfUtils.java:logGet(46)) - raft.server.write.element-limit = 1024 (custom)
2023-05-23 10:25:22,360 [e9bacc8e-add2-470d-91e3-29c7cfa3c1f4@group-F903808A28C9-LeaderElection16] INFO  server.RaftServerConfigKeys (ConfUtils.java:logGet(46)) - raft.server.write.byte-limit = 1024 M (=1073741824) (custom)
2023-05-23 10:25:22,360 [e9bacc8e-add2-470d-91e3-29c7cfa3c1f4@group-F903808A28C9-LeaderElection16] INFO  server.RaftServerConfigKeys (ConfUtils.java:logGet(46)) - raft.server.watch.timeout = 180s (custom)
2023-05-23 10:25:22,360 [e9bacc8e-add2-470d-91e3-29c7cfa3c1f4@group-F903808A28C9-LeaderElection16] INFO  server.RaftServerConfigKeys (ConfUtils.java:logGet(46)) - raft.server.watch.timeout.denomination = 1s (default)
2023-05-23 10:25:22,360 [e9bacc8e-add2-470d-91e3-29c7cfa3c1f4@group-F903808A28C9-LeaderElection16] INFO  server.RaftServerConfigKeys (ConfUtils.java:logGet(46)) - raft.server.watch.element-limit = 65536 (default)
2023-05-23 10:25:22,360 [e9bacc8e-add2-470d-91e3-29c7cfa3c1f4@group-F903808A28C9-LeaderElection16] INFO  server.RaftServerConfigKeys (ConfUtils.java:logGet(46)) - raft.server.write.element-limit = 1024 (custom)
2023-05-23 10:25:22,360 [e9bacc8e-add2-470d-91e3-29c7cfa3c1f4@group-F903808A28C9-LeaderElection16] INFO  server.RaftServerConfigKeys (ConfUtils.java:logGet(46)) - raft.server.write.follower.gap.ratio.max = -1.0 (default)
2023-05-23 10:25:22,362 [EventQueue-PipelineReportForPipelineReportHandler] INFO  pipeline.PipelineManagerImpl (PipelineManagerImpl.java:openPipeline(367)) - Pipeline Pipeline[ Id: 1a2b4552-d01f-42a9-bdc6-f903808a28c9, Nodes: 7f763e46-2c68-46ea-ae9c-4adb784a7caa(fv-az1249-304/10.1.0.38)e9bacc8e-add2-470d-91e3-29c7cfa3c1f4(fv-az1249-304/10.1.0.38)ec27dbe6-08af-4523-b3ed-9f1573a1668d(fv-az1249-304/10.1.0.38), ReplicationConfig: RATIS/THREE, State:ALLOCATED, leaderId:e9bacc8e-add2-470d-91e3-29c7cfa3c1f4, CreationTimestamp2023-05-23T10:25:14.663Z[Etc/UTC]] moved to OPEN state
2023-05-23 10:25:22,365 [e9bacc8e-add2-470d-91e3-29c7cfa3c1f4@group-F903808A28C9-LeaderElection16] INFO  server.RaftServerConfigKeys (ConfUtils.java:logGet(46)) - raft.server.log.appender.snapshot.chunk.size.max = 16MB (=16777216) (default)
2023-05-23 10:25:22,365 [e9bacc8e-add2-470d-91e3-29c7cfa3c1f4@group-F903808A28C9-LeaderElection16] INFO  server.RaftServerConfigKeys (ConfUtils.java:logGet(46)) - raft.server.log.appender.buffer.byte-limit = 33554432 (custom)
2023-05-23 10:25:22,365 [e9bacc8e-add2-470d-91e3-29c7cfa3c1f4@group-F903808A28C9-LeaderElection16] INFO  server.RaftServerConfigKeys (ConfUtils.java:logGet(46)) - raft.server.log.appender.buffer.element-limit = 1 (custom)
2023-05-23 10:25:22,365 [e9bacc8e-add2-470d-91e3-29c7cfa3c1f4@group-F903808A28C9-LeaderElection16] INFO  server.RaftServerConfigKeys (ConfUtils.java:logGet(46)) - raft.server.log.appender.wait-time.min = 10ms (default)
2023-05-23 10:25:22,365 [e9bacc8e-add2-470d-91e3-29c7cfa3c1f4@group-F903808A28C9-LeaderElection16] INFO  grpc.GrpcConfigKeys (ConfUtils.java:logGet(46)) - raft.grpc.server.leader.outstanding.appends.max = 128 (default)
2023-05-23 10:25:22,365 [e9bacc8e-add2-470d-91e3-29c7cfa3c1f4@group-F903808A28C9-LeaderElection16] INFO  server.RaftServerConfigKeys (ConfUtils.java:logGet(46)) - raft.server.rpc.request.timeout = 60s (custom)
2023-05-23 10:25:22,366 [e9bacc8e-add2-470d-91e3-29c7cfa3c1f4@group-F903808A28C9-LeaderElection16] INFO  grpc.GrpcConfigKeys (ConfUtils.java:logGet(46)) - raft.grpc.server.install_snapshot.request.element-limit = 8 (default)
2023-05-23 10:25:22,366 [e9bacc8e-add2-470d-91e3-29c7cfa3c1f4@group-F903808A28C9-LeaderElection16] INFO  grpc.GrpcConfigKeys (ConfUtils.java:logGet(46)) - raft.grpc.server.install_snapshot.request.timeout = 3000ms (default)
2023-05-23 10:25:22,366 [e9bacc8e-add2-470d-91e3-29c7cfa3c1f4@group-F903808A28C9-LeaderElection16] INFO  server.RaftServerConfigKeys (ConfUtils.java:logGet(46)) - raft.server.log.appender.install.snapshot.enabled = false (custom)
2023-05-23 10:25:22,366 [e9bacc8e-add2-470d-91e3-29c7cfa3c1f4@group-F903808A28C9-LeaderElection16] INFO  grpc.GrpcConfigKeys (ConfUtils.java:logGet(46)) - raft.grpc.server.heartbeat.channel = true (default)
2023-05-23 10:25:22,366 [e9bacc8e-add2-470d-91e3-29c7cfa3c1f4@group-F903808A28C9-LeaderElection16] INFO  server.RaftServerConfigKeys (ConfUtils.java:logGet(46)) - raft.server.log.appender.snapshot.chunk.size.max = 16MB (=16777216) (default)
2023-05-23 10:25:22,366 [e9bacc8e-add2-470d-91e3-29c7cfa3c1f4@group-F903808A28C9-LeaderElection16] INFO  server.RaftServerConfigKeys (ConfUtils.java:logGet(46)) - raft.server.log.appender.buffer.byte-limit = 33554432 (custom)
2023-05-23 10:25:22,367 [e9bacc8e-add2-470d-91e3-29c7cfa3c1f4@group-F903808A28C9-LeaderElection16] INFO  server.RaftServerConfigKeys (ConfUtils.java:logGet(46)) - raft.server.log.appender.buffer.element-limit = 1 (custom)
2023-05-23 10:25:22,367 [e9bacc8e-add2-470d-91e3-29c7cfa3c1f4@group-F903808A28C9-LeaderElection16] INFO  server.RaftServerConfigKeys (ConfUtils.java:logGet(46)) - raft.server.log.appender.wait-time.min = 10ms (default)
2023-05-23 10:25:22,367 [e9bacc8e-add2-470d-91e3-29c7cfa3c1f4@group-F903808A28C9-LeaderElection16] INFO  grpc.GrpcConfigKeys (ConfUtils.java:logGet(46)) - raft.grpc.server.leader.outstanding.appends.max = 128 (default)
2023-05-23 10:25:22,367 [e9bacc8e-add2-470d-91e3-29c7cfa3c1f4@group-F903808A28C9-LeaderElection16] INFO  server.RaftServerConfigKeys (ConfUtils.java:logGet(46)) - raft.server.rpc.request.timeout = 60s (custom)
2023-05-23 10:25:22,367 [e9bacc8e-add2-470d-91e3-29c7cfa3c1f4@group-F903808A28C9-LeaderElection16] INFO  grpc.GrpcConfigKeys (ConfUtils.java:logGet(46)) - raft.grpc.server.install_snapshot.request.element-limit = 8 (default)
2023-05-23 10:25:22,367 [e9bacc8e-add2-470d-91e3-29c7cfa3c1f4@group-F903808A28C9-LeaderElection16] INFO  grpc.GrpcConfigKeys (ConfUtils.java:logGet(46)) - raft.grpc.server.install_snapshot.request.timeout = 3000ms (default)
2023-05-23 10:25:22,367 [e9bacc8e-add2-470d-91e3-29c7cfa3c1f4@group-F903808A28C9-LeaderElection16] INFO  server.RaftServerConfigKeys (ConfUtils.java:logGet(46)) - raft.server.log.appender.install.snapshot.enabled = false (custom)
2023-05-23 10:25:22,367 [e9bacc8e-add2-470d-91e3-29c7cfa3c1f4@group-F903808A28C9-LeaderElection16] INFO  grpc.GrpcConfigKeys (ConfUtils.java:logGet(46)) - raft.grpc.server.heartbeat.channel = true (default)
2023-05-23 10:25:22,367 [e9bacc8e-add2-470d-91e3-29c7cfa3c1f4@group-F903808A28C9-LeaderElection16] INFO  impl.RoleInfo (RoleInfo.java:updateAndGet(139)) - e9bacc8e-add2-470d-91e3-29c7cfa3c1f4: start e9bacc8e-add2-470d-91e3-29c7cfa3c1f4@group-F903808A28C9-LeaderStateImpl
2023-05-23 10:25:22,367 [e9bacc8e-add2-470d-91e3-29c7cfa3c1f4@group-F903808A28C9-LeaderElection16] INFO  segmented.SegmentedRaftLogWorker (SegmentedRaftLogWorker.java:startLogSegment(447)) - e9bacc8e-add2-470d-91e3-29c7cfa3c1f4@group-F903808A28C9-SegmentedRaftLogWorker: Starting segment from index:0
2023-05-23 10:25:22,369 [grpc-default-executor-4] INFO  server.RaftServer$Division (RaftServerImpl.java:requestVote(1302)) - ec27dbe6-08af-4523-b3ed-9f1573a1668d@group-F903808A28C9: receive requestVote(ELECTION, e9bacc8e-add2-470d-91e3-29c7cfa3c1f4, group-F903808A28C9, 1, (t:0, i:0))
2023-05-23 10:25:22,369 [grpc-default-executor-4] INFO  impl.VoteContext (VoteContext.java:log(49)) - ec27dbe6-08af-4523-b3ed-9f1573a1668d@group-F903808A28C9-FOLLOWER: accept ELECTION from e9bacc8e-add2-470d-91e3-29c7cfa3c1f4: our priority 0 <= candidate's priority 1
2023-05-23 10:25:22,370 [grpc-default-executor-4] INFO  server.RaftServer$Division (RaftServerImpl.java:setRole(329)) - ec27dbe6-08af-4523-b3ed-9f1573a1668d@group-F903808A28C9: changes role from  FOLLOWER to FOLLOWER at term 1 for candidate:e9bacc8e-add2-470d-91e3-29c7cfa3c1f4
2023-05-23 10:25:22,370 [grpc-default-executor-4] INFO  impl.RoleInfo (RoleInfo.java:shutdownFollowerState(110)) - ec27dbe6-08af-4523-b3ed-9f1573a1668d: shutdown ec27dbe6-08af-4523-b3ed-9f1573a1668d@group-F903808A28C9-FollowerState
2023-05-23 10:25:22,370 [e9bacc8e-add2-470d-91e3-29c7cfa3c1f4@group-F903808A28C9-SegmentedRaftLogWorker] INFO  segmented.SegmentedRaftLogWorker (SegmentedRaftLogWorker.java:execute(651)) - e9bacc8e-add2-470d-91e3-29c7cfa3c1f4@group-F903808A28C9-SegmentedRaftLogWorker: created new log segment /home/runner/work/ozone/ozone/hadoop-ozone/integration-test/target/test-dir/MiniOzoneClusterImpl-ce972063-568b-4811-bfe7-9c87601498a3/datanode-2/data/ratis/1a2b4552-d01f-42a9-bdc6-f903808a28c9/current/log_inprogress_0
2023-05-23 10:25:22,371 [grpc-default-executor-4] INFO  impl.RoleInfo (RoleInfo.java:updateAndGet(139)) - ec27dbe6-08af-4523-b3ed-9f1573a1668d: start ec27dbe6-08af-4523-b3ed-9f1573a1668d@group-F903808A28C9-FollowerState
2023-05-23 10:25:22,372 [ec27dbe6-08af-4523-b3ed-9f1573a1668d@group-F903808A28C9-FollowerState] INFO  impl.FollowerState (FollowerState.java:run(152)) - ec27dbe6-08af-4523-b3ed-9f1573a1668d@group-F903808A28C9-FollowerState was interrupted
2023-05-23 10:25:22,381 [e9bacc8e-add2-470d-91e3-29c7cfa3c1f4@group-F903808A28C9-LeaderElection16] INFO  server.RaftServer$Division (ServerState.java:setRaftConf(434)) - e9bacc8e-add2-470d-91e3-29c7cfa3c1f4@group-F903808A28C9: set configuration 0: peers:[ec27dbe6-08af-4523-b3ed-9f1573a1668d|rpc:10.1.0.38:15069|admin:10.1.0.38:15068|client:10.1.0.38:15067|dataStream:10.1.0.38:15070|priority:0|startupRole:FOLLOWER, 7f763e46-2c68-46ea-ae9c-4adb784a7caa|rpc:10.1.0.38:15061|admin:10.1.0.38:15060|client:10.1.0.38:15059|dataStream:10.1.0.38:15062|priority:0|startupRole:FOLLOWER, e9bacc8e-add2-470d-91e3-29c7cfa3c1f4|rpc:10.1.0.38:15077|admin:10.1.0.38:15076|client:10.1.0.38:15075|dataStream:10.1.0.38:15078|priority:1|startupRole:FOLLOWER]|listeners:[], old=null
2023-05-23 10:25:22,382 [grpc-default-executor-4] INFO  server.RaftServer$Division (RaftServerImpl.java:requestVote(1335)) - ec27dbe6-08af-4523-b3ed-9f1573a1668d@group-F903808A28C9 replies to ELECTION vote request: e9bacc8e-add2-470d-91e3-29c7cfa3c1f4<-ec27dbe6-08af-4523-b3ed-9f1573a1668d#0:OK-t1. Peer's state: ec27dbe6-08af-4523-b3ed-9f1573a1668d@group-F903808A28C9:t1, leader=null, voted=e9bacc8e-add2-470d-91e3-29c7cfa3c1f4, raftlog=Memoized:ec27dbe6-08af-4523-b3ed-9f1573a1668d@group-F903808A28C9-SegmentedRaftLog:OPENED:c-1, conf=-1: peers:[ec27dbe6-08af-4523-b3ed-9f1573a1668d|rpc:10.1.0.38:15069|admin:10.1.0.38:15068|client:10.1.0.38:15067|dataStream:10.1.0.38:15070|priority:0|startupRole:FOLLOWER, 7f763e46-2c68-46ea-ae9c-4adb784a7caa|rpc:10.1.0.38:15061|admin:10.1.0.38:15060|client:10.1.0.38:15059|dataStream:10.1.0.38:15062|priority:0|startupRole:FOLLOWER, e9bacc8e-add2-470d-91e3-29c7cfa3c1f4|rpc:10.1.0.38:15077|admin:10.1.0.38:15076|client:10.1.0.38:15075|dataStream:10.1.0.38:15078|priority:1|startupRole:FOLLOWER]|listeners:[], old=null
2023-05-23 10:25:22,385 [OM StateMachine ApplyTransaction Thread - 0] INFO  volume.OMVolumeCreateRequest (OMVolumeCreateRequest.java:validateAndUpdateCache(196)) - created volume:vol1 for user:runner
2023-05-23 10:25:22,394 [ec27dbe6-08af-4523-b3ed-9f1573a1668d-server-thread1] INFO  ratis.XceiverServerRatis (XceiverServerRatis.java:handleLeaderChangedNotification(904)) - Leader change notification received for group: group-F903808A28C9 with new leaderId: e9bacc8e-add2-470d-91e3-29c7cfa3c1f4
2023-05-23 10:25:22,398 [ec27dbe6-08af-4523-b3ed-9f1573a1668d-server-thread1] INFO  server.RaftServer$Division (ServerState.java:setLeader(317)) - ec27dbe6-08af-4523-b3ed-9f1573a1668d@group-F903808A28C9: change Leader from null to e9bacc8e-add2-470d-91e3-29c7cfa3c1f4 at term 1 for appendEntries, leader elected after 5215ms
2023-05-23 10:25:22,403 [ec27dbe6-08af-4523-b3ed-9f1573a1668d-server-thread2] INFO  server.RaftServer$Division (ServerState.java:setRaftConf(434)) - ec27dbe6-08af-4523-b3ed-9f1573a1668d@group-F903808A28C9: set configuration 0: peers:[ec27dbe6-08af-4523-b3ed-9f1573a1668d|rpc:10.1.0.38:15069|admin:10.1.0.38:15068|client:10.1.0.38:15067|dataStream:10.1.0.38:15070|priority:0|startupRole:FOLLOWER, 7f763e46-2c68-46ea-ae9c-4adb784a7caa|rpc:10.1.0.38:15061|admin:10.1.0.38:15060|client:10.1.0.38:15059|dataStream:10.1.0.38:15062|priority:0|startupRole:FOLLOWER, e9bacc8e-add2-470d-91e3-29c7cfa3c1f4|rpc:10.1.0.38:15077|admin:10.1.0.38:15076|client:10.1.0.38:15075|dataStream:10.1.0.38:15078|priority:1|startupRole:FOLLOWER]|listeners:[], old=null
2023-05-23 10:25:22,403 [ec27dbe6-08af-4523-b3ed-9f1573a1668d-server-thread2] INFO  segmented.SegmentedRaftLogWorker (SegmentedRaftLogWorker.java:startLogSegment(447)) - ec27dbe6-08af-4523-b3ed-9f1573a1668d@group-F903808A28C9-SegmentedRaftLogWorker: Starting segment from index:0
2023-05-23 10:25:22,405 [ec27dbe6-08af-4523-b3ed-9f1573a1668d@group-F903808A28C9-SegmentedRaftLogWorker] INFO  segmented.SegmentedRaftLogWorker (SegmentedRaftLogWorker.java:execute(651)) - ec27dbe6-08af-4523-b3ed-9f1573a1668d@group-F903808A28C9-SegmentedRaftLogWorker: created new log segment /home/runner/work/ozone/ozone/hadoop-ozone/integration-test/target/test-dir/MiniOzoneClusterImpl-ce972063-568b-4811-bfe7-9c87601498a3/datanode-1/data/ratis/1a2b4552-d01f-42a9-bdc6-f903808a28c9/current/log_inprogress_0
2023-05-23 10:25:22,407 [7f763e46-2c68-46ea-ae9c-4adb784a7caa-server-thread1] INFO  ratis.XceiverServerRatis (XceiverServerRatis.java:handleLeaderChangedNotification(904)) - Leader change notification received for group: group-F903808A28C9 with new leaderId: e9bacc8e-add2-470d-91e3-29c7cfa3c1f4
2023-05-23 10:25:22,407 [7f763e46-2c68-46ea-ae9c-4adb784a7caa-server-thread1] INFO  server.RaftServer$Division (ServerState.java:setLeader(317)) - 7f763e46-2c68-46ea-ae9c-4adb784a7caa@group-F903808A28C9: change Leader from null to e9bacc8e-add2-470d-91e3-29c7cfa3c1f4 at term 1 for appendEntries, leader elected after 5295ms
2023-05-23 10:25:22,413 [7f763e46-2c68-46ea-ae9c-4adb784a7caa-server-thread2] INFO  server.RaftServer$Division (ServerState.java:setRaftConf(434)) - 7f763e46-2c68-46ea-ae9c-4adb784a7caa@group-F903808A28C9: set configuration 0: peers:[ec27dbe6-08af-4523-b3ed-9f1573a1668d|rpc:10.1.0.38:15069|admin:10.1.0.38:15068|client:10.1.0.38:15067|dataStream:10.1.0.38:15070|priority:0|startupRole:FOLLOWER, 7f763e46-2c68-46ea-ae9c-4adb784a7caa|rpc:10.1.0.38:15061|admin:10.1.0.38:15060|client:10.1.0.38:15059|dataStream:10.1.0.38:15062|priority:0|startupRole:FOLLOWER, e9bacc8e-add2-470d-91e3-29c7cfa3c1f4|rpc:10.1.0.38:15077|admin:10.1.0.38:15076|client:10.1.0.38:15075|dataStream:10.1.0.38:15078|priority:1|startupRole:FOLLOWER]|listeners:[], old=null
2023-05-23 10:25:22,413 [7f763e46-2c68-46ea-ae9c-4adb784a7caa-server-thread2] INFO  segmented.SegmentedRaftLogWorker (SegmentedRaftLogWorker.java:startLogSegment(447)) - 7f763e46-2c68-46ea-ae9c-4adb784a7caa@group-F903808A28C9-SegmentedRaftLogWorker: Starting segment from index:0
2023-05-23 10:25:22,413 [Listener at 127.0.0.1/15052] INFO  rpc.RpcClient (RpcClient.java:createBucket(677)) - Creating Bucket: vol1/bucket1, with server-side default bucket layout, runner as owner, Versioning false, Storage Type set to DISK and Encryption set to false, Replication Type set to server-side default replication type, Namespace Quota set to -1, Space Quota set to -1 
2023-05-23 10:25:22,415 [7f763e46-2c68-46ea-ae9c-4adb784a7caa@group-F903808A28C9-SegmentedRaftLogWorker] INFO  segmented.SegmentedRaftLogWorker (SegmentedRaftLogWorker.java:execute(651)) - 7f763e46-2c68-46ea-ae9c-4adb784a7caa@group-F903808A28C9-SegmentedRaftLogWorker: created new log segment /home/runner/work/ozone/ozone/hadoop-ozone/integration-test/target/test-dir/MiniOzoneClusterImpl-ce972063-568b-4811-bfe7-9c87601498a3/datanode-0/data/ratis/1a2b4552-d01f-42a9-bdc6-f903808a28c9/current/log_inprogress_0
2023-05-23 10:25:22,420 [OM StateMachine ApplyTransaction Thread - 0] INFO  bucket.OMBucketCreateRequest (OMBucketCreateRequest.java:validateAndUpdateCache(270)) - created bucket: bucket1 of layout FILE_SYSTEM_OPTIMIZED in volume: vol1
2023-05-23 10:25:22,425 [ec27dbe6-08af-4523-b3ed-9f1573a1668d@group-BE8F39FC7C97-FollowerState] INFO  impl.FollowerState (FollowerState.java:run(143)) - ec27dbe6-08af-4523-b3ed-9f1573a1668d@group-BE8F39FC7C97-FollowerState: change to CANDIDATE, lastRpcElapsedTime:5126876059ns, electionTimeout:5126ms
2023-05-23 10:25:22,426 [ec27dbe6-08af-4523-b3ed-9f1573a1668d@group-BE8F39FC7C97-FollowerState] INFO  impl.RoleInfo (RoleInfo.java:shutdownFollowerState(110)) - ec27dbe6-08af-4523-b3ed-9f1573a1668d: shutdown ec27dbe6-08af-4523-b3ed-9f1573a1668d@group-BE8F39FC7C97-FollowerState
2023-05-23 10:25:22,426 [ec27dbe6-08af-4523-b3ed-9f1573a1668d@group-BE8F39FC7C97-FollowerState] INFO  server.RaftServer$Division (RaftServerImpl.java:setRole(329)) - ec27dbe6-08af-4523-b3ed-9f1573a1668d@group-BE8F39FC7C97: changes role from  FOLLOWER to CANDIDATE at term 0 for changeToCandidate
2023-05-23 10:25:22,426 [ec27dbe6-08af-4523-b3ed-9f1573a1668d@group-BE8F39FC7C97-FollowerState] INFO  server.RaftServerConfigKeys (ConfUtils.java:logGet(46)) - raft.server.leaderelection.pre-vote = true (default)
2023-05-23 10:25:22,426 [ec27dbe6-08af-4523-b3ed-9f1573a1668d@group-BE8F39FC7C97-FollowerState] INFO  impl.RoleInfo (RoleInfo.java:updateAndGet(139)) - ec27dbe6-08af-4523-b3ed-9f1573a1668d: start ec27dbe6-08af-4523-b3ed-9f1573a1668d@group-BE8F39FC7C97-LeaderElection17
2023-05-23 10:25:22,428 [ec27dbe6-08af-4523-b3ed-9f1573a1668d@group-BE8F39FC7C97-LeaderElection17] INFO  impl.LeaderElection (LeaderElection.java:askForVotes(321)) - ec27dbe6-08af-4523-b3ed-9f1573a1668d@group-BE8F39FC7C97-LeaderElection17 PRE_VOTE round 0: submit vote requests at term 0 for -1: peers:[ec27dbe6-08af-4523-b3ed-9f1573a1668d|rpc:10.1.0.38:15069|admin:10.1.0.38:15068|client:10.1.0.38:15067|dataStream:10.1.0.38:15070|priority:1|startupRole:FOLLOWER]|listeners:[], old=null
2023-05-23 10:25:22,428 [ec27dbe6-08af-4523-b3ed-9f1573a1668d@group-BE8F39FC7C97-LeaderElection17] INFO  impl.LeaderElection (LeaderElection.java:askForVotes(323)) - ec27dbe6-08af-4523-b3ed-9f1573a1668d@group-BE8F39FC7C97-LeaderElection17 PRE_VOTE round 0: result PASSED (term=0)
2023-05-23 10:25:22,445 [ec27dbe6-08af-4523-b3ed-9f1573a1668d@group-BE8F39FC7C97-LeaderElection17] INFO  impl.LeaderElection (LeaderElection.java:askForVotes(321)) - ec27dbe6-08af-4523-b3ed-9f1573a1668d@group-BE8F39FC7C97-LeaderElection17 ELECTION round 0: submit vote requests at term 1 for -1: peers:[ec27dbe6-08af-4523-b3ed-9f1573a1668d|rpc:10.1.0.38:15069|admin:10.1.0.38:15068|client:10.1.0.38:15067|dataStream:10.1.0.38:15070|priority:1|startupRole:FOLLOWER]|listeners:[], old=null
2023-05-23 10:25:22,445 [ec27dbe6-08af-4523-b3ed-9f1573a1668d@group-BE8F39FC7C97-LeaderElection17] INFO  impl.LeaderElection (LeaderElection.java:askForVotes(323)) - ec27dbe6-08af-4523-b3ed-9f1573a1668d@group-BE8F39FC7C97-LeaderElection17 ELECTION round 0: result PASSED (term=1)
2023-05-23 10:25:22,445 [ec27dbe6-08af-4523-b3ed-9f1573a1668d@group-BE8F39FC7C97-LeaderElection17] INFO  impl.RoleInfo (RoleInfo.java:shutdownLeaderElection(130)) - ec27dbe6-08af-4523-b3ed-9f1573a1668d: shutdown ec27dbe6-08af-4523-b3ed-9f1573a1668d@group-BE8F39FC7C97-LeaderElection17
2023-05-23 10:25:22,446 [ec27dbe6-08af-4523-b3ed-9f1573a1668d@group-BE8F39FC7C97-LeaderElection17] INFO  server.RaftServer$Division (RaftServerImpl.java:setRole(329)) - ec27dbe6-08af-4523-b3ed-9f1573a1668d@group-BE8F39FC7C97: changes role from CANDIDATE to LEADER at term 1 for changeToLeader
2023-05-23 10:25:22,446 [ec27dbe6-08af-4523-b3ed-9f1573a1668d@group-BE8F39FC7C97-LeaderElection17] INFO  ratis.XceiverServerRatis (XceiverServerRatis.java:handleLeaderChangedNotification(904)) - Leader change notification received for group: group-BE8F39FC7C97 with new leaderId: ec27dbe6-08af-4523-b3ed-9f1573a1668d
2023-05-23 10:25:22,447 [ec27dbe6-08af-4523-b3ed-9f1573a1668d@group-BE8F39FC7C97-LeaderElection17] INFO  server.RaftServer$Division (ServerState.java:setLeader(317)) - ec27dbe6-08af-4523-b3ed-9f1573a1668d@group-BE8F39FC7C97: change Leader from null to ec27dbe6-08af-4523-b3ed-9f1573a1668d at term 1 for becomeLeader, leader elected after 5163ms
2023-05-23 10:25:22,447 [ec27dbe6-08af-4523-b3ed-9f1573a1668d@group-BE8F39FC7C97-LeaderElection17] INFO  server.RaftServerConfigKeys (ConfUtils.java:logGet(46)) - raft.server.staging.catchup.gap = 1000 (default)
2023-05-23 10:25:22,447 [ec27dbe6-08af-4523-b3ed-9f1573a1668d@group-BE8F39FC7C97-LeaderElection17] INFO  server.RaftServerConfigKeys (ConfUtils.java:logGet(46)) - raft.server.write.element-limit = 1024 (custom)
2023-05-23 10:25:22,447 [ec27dbe6-08af-4523-b3ed-9f1573a1668d@group-BE8F39FC7C97-LeaderElection17] INFO  server.RaftServerConfigKeys (ConfUtils.java:logGet(46)) - raft.server.write.byte-limit = 1024 M (=1073741824) (custom)
2023-05-23 10:25:22,448 [ec27dbe6-08af-4523-b3ed-9f1573a1668d@group-BE8F39FC7C97-LeaderElection17] INFO  server.RaftServerConfigKeys (ConfUtils.java:logGet(46)) - raft.server.watch.timeout = 180s (custom)
2023-05-23 10:25:22,448 [ec27dbe6-08af-4523-b3ed-9f1573a1668d@group-BE8F39FC7C97-LeaderElection17] INFO  server.RaftServerConfigKeys (ConfUtils.java:logGet(46)) - raft.server.watch.timeout.denomination = 1s (default)
2023-05-23 10:25:22,448 [ec27dbe6-08af-4523-b3ed-9f1573a1668d@group-BE8F39FC7C97-LeaderElection17] INFO  server.RaftServerConfigKeys (ConfUtils.java:logGet(46)) - raft.server.watch.element-limit = 65536 (default)
2023-05-23 10:25:22,448 [ec27dbe6-08af-4523-b3ed-9f1573a1668d@group-BE8F39FC7C97-LeaderElection17] INFO  server.RaftServerConfigKeys (ConfUtils.java:logGet(46)) - raft.server.write.element-limit = 1024 (custom)
2023-05-23 10:25:22,448 [IPC Server handler 0 on default port 15049] INFO  ha.SequenceIdGenerator (SequenceIdGenerator.java:getNextId(128)) - Allocate a batch for containerId, change lastId from 0 to 1000.
2023-05-23 10:25:22,448 [ec27dbe6-08af-4523-b3ed-9f1573a1668d@group-BE8F39FC7C97-LeaderElection17] INFO  server.RaftServerConfigKeys (ConfUtils.java:logGet(46)) - raft.server.write.follower.gap.ratio.max = -1.0 (default)
2023-05-23 10:25:22,448 [ec27dbe6-08af-4523-b3ed-9f1573a1668d@group-BE8F39FC7C97-LeaderElection17] INFO  impl.RoleInfo (RoleInfo.java:updateAndGet(139)) - ec27dbe6-08af-4523-b3ed-9f1573a1668d: start ec27dbe6-08af-4523-b3ed-9f1573a1668d@group-BE8F39FC7C97-LeaderStateImpl
2023-05-23 10:25:22,449 [IPC Server handler 0 on default port 15049] WARN  ha.SequenceIdGenerator (SequenceIdGenerator.java:allocateBatch(237)) - Failed to allocate a batch for localId, expected lastId is 0, actual lastId is 111677748019200000.
2023-05-23 10:25:22,449 [IPC Server handler 0 on default port 15049] INFO  ha.SequenceIdGenerator (SequenceIdGenerator.java:getNextId(128)) - Allocate a batch for localId, change lastId from 111677748019200000 to 111677748019201000.
2023-05-23 10:25:22,453 [ec27dbe6-08af-4523-b3ed-9f1573a1668d@group-BE8F39FC7C97-LeaderElection17] INFO  segmented.SegmentedRaftLogWorker (SegmentedRaftLogWorker.java:startLogSegment(447)) - ec27dbe6-08af-4523-b3ed-9f1573a1668d@group-BE8F39FC7C97-SegmentedRaftLogWorker: Starting segment from index:0
2023-05-23 10:25:22,456 [ec27dbe6-08af-4523-b3ed-9f1573a1668d@group-BE8F39FC7C97-SegmentedRaftLogWorker] INFO  segmented.SegmentedRaftLogWorker (SegmentedRaftLogWorker.java:execute(651)) - ec27dbe6-08af-4523-b3ed-9f1573a1668d@group-BE8F39FC7C97-SegmentedRaftLogWorker: created new log segment /home/runner/work/ozone/ozone/hadoop-ozone/integration-test/target/test-dir/MiniOzoneClusterImpl-ce972063-568b-4811-bfe7-9c87601498a3/datanode-1/data/ratis/474b08bb-008e-45cd-aa20-be8f39fc7c97/current/log_inprogress_0
2023-05-23 10:25:22,463 [ec27dbe6-08af-4523-b3ed-9f1573a1668d@group-BE8F39FC7C97-LeaderElection17] INFO  server.RaftServer$Division (ServerState.java:setRaftConf(434)) - ec27dbe6-08af-4523-b3ed-9f1573a1668d@group-BE8F39FC7C97: set configuration 0: peers:[ec27dbe6-08af-4523-b3ed-9f1573a1668d|rpc:10.1.0.38:15069|admin:10.1.0.38:15068|client:10.1.0.38:15067|dataStream:10.1.0.38:15070|priority:1|startupRole:FOLLOWER]|listeners:[], old=null
2023-05-23 10:25:22,583 [EventQueue-CloseContainerForCloseContainerEventHandler] INFO  container.CloseContainerEventHandler (CloseContainerEventHandler.java:onMessage(89)) - Close container Event triggered for container : #1, current state: OPEN
2023-05-23 10:25:22,583 [EventQueue-CloseContainerForCloseContainerEventHandler] INFO  container.CloseContainerEventHandler (CloseContainerEventHandler.java:onMessage(89)) - Close container Event triggered for container : #1, current state: CLOSING
2023-05-23 10:25:22,584 [EventQueue-CloseContainerForCloseContainerEventHandler] INFO  container.CloseContainerEventHandler (CloseContainerEventHandler.java:onMessage(89)) - Close container Event triggered for container : #1, current state: CLOSING
2023-05-23 10:25:22,820 [e9bacc8e-add2-470d-91e3-29c7cfa3c1f4@group-C975B6F1367C-FollowerState] INFO  impl.FollowerState (FollowerState.java:run(143)) - e9bacc8e-add2-470d-91e3-29c7cfa3c1f4@group-C975B6F1367C-FollowerState: change to CANDIDATE, lastRpcElapsedTime:5142639538ns, electionTimeout:5142ms
2023-05-23 10:25:22,821 [e9bacc8e-add2-470d-91e3-29c7cfa3c1f4@group-C975B6F1367C-FollowerState] INFO  impl.RoleInfo (RoleInfo.java:shutdownFollowerState(110)) - e9bacc8e-add2-470d-91e3-29c7cfa3c1f4: shutdown e9bacc8e-add2-470d-91e3-29c7cfa3c1f4@group-C975B6F1367C-FollowerState
2023-05-23 10:25:22,821 [e9bacc8e-add2-470d-91e3-29c7cfa3c1f4@group-C975B6F1367C-FollowerState] INFO  server.RaftServer$Division (RaftServerImpl.java:setRole(329)) - e9bacc8e-add2-470d-91e3-29c7cfa3c1f4@group-C975B6F1367C: changes role from  FOLLOWER to CANDIDATE at term 0 for changeToCandidate
2023-05-23 10:25:22,822 [e9bacc8e-add2-470d-91e3-29c7cfa3c1f4@group-C975B6F1367C-FollowerState] INFO  server.RaftServerConfigKeys (ConfUtils.java:logGet(46)) - raft.server.leaderelection.pre-vote = true (default)
2023-05-23 10:25:22,822 [e9bacc8e-add2-470d-91e3-29c7cfa3c1f4@group-C975B6F1367C-FollowerState] INFO  impl.RoleInfo (RoleInfo.java:updateAndGet(139)) - e9bacc8e-add2-470d-91e3-29c7cfa3c1f4: start e9bacc8e-add2-470d-91e3-29c7cfa3c1f4@group-C975B6F1367C-LeaderElection18
2023-05-23 10:25:22,824 [e9bacc8e-add2-470d-91e3-29c7cfa3c1f4@group-C975B6F1367C-LeaderElection18] INFO  impl.LeaderElection (LeaderElection.java:askForVotes(321)) - e9bacc8e-add2-470d-91e3-29c7cfa3c1f4@group-C975B6F1367C-LeaderElection18 PRE_VOTE round 0: submit vote requests at term 0 for -1: peers:[e9bacc8e-add2-470d-91e3-29c7cfa3c1f4|rpc:10.1.0.38:15077|admin:10.1.0.38:15076|client:10.1.0.38:15075|dataStream:10.1.0.38:15078|priority:1|startupRole:FOLLOWER]|listeners:[], old=null
2023-05-23 10:25:22,824 [e9bacc8e-add2-470d-91e3-29c7cfa3c1f4@group-C975B6F1367C-LeaderElection18] INFO  impl.LeaderElection (LeaderElection.java:askForVotes(323)) - e9bacc8e-add2-470d-91e3-29c7cfa3c1f4@group-C975B6F1367C-LeaderElection18 PRE_VOTE round 0: result PASSED (term=0)
2023-05-23 10:25:22,826 [e9bacc8e-add2-470d-91e3-29c7cfa3c1f4@group-C975B6F1367C-LeaderElection18] INFO  impl.LeaderElection (LeaderElection.java:askForVotes(321)) - e9bacc8e-add2-470d-91e3-29c7cfa3c1f4@group-C975B6F1367C-LeaderElection18 ELECTION round 0: submit vote requests at term 1 for -1: peers:[e9bacc8e-add2-470d-91e3-29c7cfa3c1f4|rpc:10.1.0.38:15077|admin:10.1.0.38:15076|client:10.1.0.38:15075|dataStream:10.1.0.38:15078|priority:1|startupRole:FOLLOWER]|listeners:[], old=null
2023-05-23 10:25:22,826 [e9bacc8e-add2-470d-91e3-29c7cfa3c1f4@group-C975B6F1367C-LeaderElection18] INFO  impl.LeaderElection (LeaderElection.java:askForVotes(323)) - e9bacc8e-add2-470d-91e3-29c7cfa3c1f4@group-C975B6F1367C-LeaderElection18 ELECTION round 0: result PASSED (term=1)
2023-05-23 10:25:22,826 [e9bacc8e-add2-470d-91e3-29c7cfa3c1f4@group-C975B6F1367C-LeaderElection18] INFO  impl.RoleInfo (RoleInfo.java:shutdownLeaderElection(130)) - e9bacc8e-add2-470d-91e3-29c7cfa3c1f4: shutdown e9bacc8e-add2-470d-91e3-29c7cfa3c1f4@group-C975B6F1367C-LeaderElection18
2023-05-23 10:25:22,826 [e9bacc8e-add2-470d-91e3-29c7cfa3c1f4@group-C975B6F1367C-LeaderElection18] INFO  server.RaftServer$Division (RaftServerImpl.java:setRole(329)) - e9bacc8e-add2-470d-91e3-29c7cfa3c1f4@group-C975B6F1367C: changes role from CANDIDATE to LEADER at term 1 for changeToLeader
2023-05-23 10:25:22,826 [e9bacc8e-add2-470d-91e3-29c7cfa3c1f4@group-C975B6F1367C-LeaderElection18] INFO  ratis.XceiverServerRatis (XceiverServerRatis.java:handleLeaderChangedNotification(904)) - Leader change notification received for group: group-C975B6F1367C with new leaderId: e9bacc8e-add2-470d-91e3-29c7cfa3c1f4
2023-05-23 10:25:22,827 [e9bacc8e-add2-470d-91e3-29c7cfa3c1f4@group-C975B6F1367C-LeaderElection18] INFO  server.RaftServer$Division (ServerState.java:setLeader(317)) - e9bacc8e-add2-470d-91e3-29c7cfa3c1f4@group-C975B6F1367C: change Leader from null to e9bacc8e-add2-470d-91e3-29c7cfa3c1f4 at term 1 for becomeLeader, leader elected after 5169ms
2023-05-23 10:25:22,827 [e9bacc8e-add2-470d-91e3-29c7cfa3c1f4@group-C975B6F1367C-LeaderElection18] INFO  server.RaftServerConfigKeys (ConfUtils.java:logGet(46)) - raft.server.staging.catchup.gap = 1000 (default)
2023-05-23 10:25:22,827 [e9bacc8e-add2-470d-91e3-29c7cfa3c1f4@group-C975B6F1367C-LeaderElection18] INFO  server.RaftServerConfigKeys (ConfUtils.java:logGet(46)) - raft.server.write.element-limit = 1024 (custom)
2023-05-23 10:25:22,827 [e9bacc8e-add2-470d-91e3-29c7cfa3c1f4@group-C975B6F1367C-LeaderElection18] INFO  server.RaftServerConfigKeys (ConfUtils.java:logGet(46)) - raft.server.write.byte-limit = 1024 M (=1073741824) (custom)
2023-05-23 10:25:22,828 [e9bacc8e-add2-470d-91e3-29c7cfa3c1f4@group-C975B6F1367C-LeaderElection18] INFO  server.RaftServerConfigKeys (ConfUtils.java:logGet(46)) - raft.server.watch.timeout = 180s (custom)
2023-05-23 10:25:22,828 [e9bacc8e-add2-470d-91e3-29c7cfa3c1f4@group-C975B6F1367C-LeaderElection18] INFO  server.RaftServerConfigKeys (ConfUtils.java:logGet(46)) - raft.server.watch.timeout.denomination = 1s (default)
2023-05-23 10:25:22,828 [e9bacc8e-add2-470d-91e3-29c7cfa3c1f4@group-C975B6F1367C-LeaderElection18] INFO  server.RaftServerConfigKeys (ConfUtils.java:logGet(46)) - raft.server.watch.element-limit = 65536 (default)
2023-05-23 10:25:22,828 [e9bacc8e-add2-470d-91e3-29c7cfa3c1f4@group-C975B6F1367C-LeaderElection18] INFO  server.RaftServerConfigKeys (ConfUtils.java:logGet(46)) - raft.server.write.element-limit = 1024 (custom)
2023-05-23 10:25:22,828 [e9bacc8e-add2-470d-91e3-29c7cfa3c1f4@group-C975B6F1367C-LeaderElection18] INFO  server.RaftServerConfigKeys (ConfUtils.java:logGet(46)) - raft.server.write.follower.gap.ratio.max = -1.0 (default)
2023-05-23 10:25:22,828 [e9bacc8e-add2-470d-91e3-29c7cfa3c1f4@group-C975B6F1367C-LeaderElection18] INFO  impl.RoleInfo (RoleInfo.java:updateAndGet(139)) - e9bacc8e-add2-470d-91e3-29c7cfa3c1f4: start e9bacc8e-add2-470d-91e3-29c7cfa3c1f4@group-C975B6F1367C-LeaderStateImpl
2023-05-23 10:25:22,829 [e9bacc8e-add2-470d-91e3-29c7cfa3c1f4@group-C975B6F1367C-LeaderElection18] INFO  segmented.SegmentedRaftLogWorker (SegmentedRaftLogWorker.java:startLogSegment(447)) - e9bacc8e-add2-470d-91e3-29c7cfa3c1f4@group-C975B6F1367C-SegmentedRaftLogWorker: Starting segment from index:0
2023-05-23 10:25:22,830 [e9bacc8e-add2-470d-91e3-29c7cfa3c1f4@group-C975B6F1367C-LeaderElection18] INFO  server.RaftServer$Division (ServerState.java:setRaftConf(434)) - e9bacc8e-add2-470d-91e3-29c7cfa3c1f4@group-C975B6F1367C: set configuration 0: peers:[e9bacc8e-add2-470d-91e3-29c7cfa3c1f4|rpc:10.1.0.38:15077|admin:10.1.0.38:15076|client:10.1.0.38:15075|dataStream:10.1.0.38:15078|priority:1|startupRole:FOLLOWER]|listeners:[], old=null
2023-05-23 10:25:22,831 [e9bacc8e-add2-470d-91e3-29c7cfa3c1f4@group-C975B6F1367C-SegmentedRaftLogWorker] INFO  segmented.SegmentedRaftLogWorker (SegmentedRaftLogWorker.java:execute(651)) - e9bacc8e-add2-470d-91e3-29c7cfa3c1f4@group-C975B6F1367C-SegmentedRaftLogWorker: created new log segment /home/runner/work/ozone/ozone/hadoop-ozone/integration-test/target/test-dir/MiniOzoneClusterImpl-ce972063-568b-4811-bfe7-9c87601498a3/datanode-2/data/ratis/030ffc6f-8062-49cf-abd3-c975b6f1367c/current/log_inprogress_0
2023-05-23 10:25:23,055 [8a3b9119-c4fd-47cf-b64f-64ecafe7357b@group-2C031B791D02-FollowerState] INFO  impl.FollowerState (FollowerState.java:run(143)) - 8a3b9119-c4fd-47cf-b64f-64ecafe7357b@group-2C031B791D02-FollowerState: change to CANDIDATE, lastRpcElapsedTime:5024649530ns, electionTimeout:5018ms
2023-05-23 10:25:23,055 [8a3b9119-c4fd-47cf-b64f-64ecafe7357b@group-2C031B791D02-FollowerState] INFO  impl.RoleInfo (RoleInfo.java:shutdownFollowerState(110)) - 8a3b9119-c4fd-47cf-b64f-64ecafe7357b: shutdown 8a3b9119-c4fd-47cf-b64f-64ecafe7357b@group-2C031B791D02-FollowerState
2023-05-23 10:25:23,055 [8a3b9119-c4fd-47cf-b64f-64ecafe7357b@group-2C031B791D02-FollowerState] INFO  server.RaftServer$Division (RaftServerImpl.java:setRole(329)) - 8a3b9119-c4fd-47cf-b64f-64ecafe7357b@group-2C031B791D02: changes role from  FOLLOWER to CANDIDATE at term 0 for changeToCandidate
2023-05-23 10:25:23,057 [8a3b9119-c4fd-47cf-b64f-64ecafe7357b@group-2C031B791D02-FollowerState] INFO  server.RaftServerConfigKeys (ConfUtils.java:logGet(46)) - raft.server.leaderelection.pre-vote = true (default)
2023-05-23 10:25:23,057 [8a3b9119-c4fd-47cf-b64f-64ecafe7357b@group-2C031B791D02-FollowerState] INFO  impl.RoleInfo (RoleInfo.java:updateAndGet(139)) - 8a3b9119-c4fd-47cf-b64f-64ecafe7357b: start 8a3b9119-c4fd-47cf-b64f-64ecafe7357b@group-2C031B791D02-LeaderElection19
2023-05-23 10:25:23,059 [8a3b9119-c4fd-47cf-b64f-64ecafe7357b@group-2C031B791D02-LeaderElection19] INFO  impl.LeaderElection (LeaderElection.java:askForVotes(321)) - 8a3b9119-c4fd-47cf-b64f-64ecafe7357b@group-2C031B791D02-LeaderElection19 PRE_VOTE round 0: submit vote requests at term 0 for -1: peers:[8a3b9119-c4fd-47cf-b64f-64ecafe7357b|rpc:10.1.0.38:15085|admin:10.1.0.38:15084|client:10.1.0.38:15083|dataStream:10.1.0.38:15086|priority:1|startupRole:FOLLOWER]|listeners:[], old=null
2023-05-23 10:25:23,059 [8a3b9119-c4fd-47cf-b64f-64ecafe7357b@group-2C031B791D02-LeaderElection19] INFO  impl.LeaderElection (LeaderElection.java:askForVotes(323)) - 8a3b9119-c4fd-47cf-b64f-64ecafe7357b@group-2C031B791D02-LeaderElection19 PRE_VOTE round 0: result PASSED (term=0)
2023-05-23 10:25:23,061 [8a3b9119-c4fd-47cf-b64f-64ecafe7357b@group-2C031B791D02-LeaderElection19] INFO  impl.LeaderElection (LeaderElection.java:askForVotes(321)) - 8a3b9119-c4fd-47cf-b64f-64ecafe7357b@group-2C031B791D02-LeaderElection19 ELECTION round 0: submit vote requests at term 1 for -1: peers:[8a3b9119-c4fd-47cf-b64f-64ecafe7357b|rpc:10.1.0.38:15085|admin:10.1.0.38:15084|client:10.1.0.38:15083|dataStream:10.1.0.38:15086|priority:1|startupRole:FOLLOWER]|listeners:[], old=null
2023-05-23 10:25:23,061 [8a3b9119-c4fd-47cf-b64f-64ecafe7357b@group-2C031B791D02-LeaderElection19] INFO  impl.LeaderElection (LeaderElection.java:askForVotes(323)) - 8a3b9119-c4fd-47cf-b64f-64ecafe7357b@group-2C031B791D02-LeaderElection19 ELECTION round 0: result PASSED (term=1)
2023-05-23 10:25:23,061 [8a3b9119-c4fd-47cf-b64f-64ecafe7357b@group-2C031B791D02-LeaderElection19] INFO  impl.RoleInfo (RoleInfo.java:shutdownLeaderElection(130)) - 8a3b9119-c4fd-47cf-b64f-64ecafe7357b: shutdown 8a3b9119-c4fd-47cf-b64f-64ecafe7357b@group-2C031B791D02-LeaderElection19
2023-05-23 10:25:23,061 [8a3b9119-c4fd-47cf-b64f-64ecafe7357b@group-2C031B791D02-LeaderElection19] INFO  server.RaftServer$Division (RaftServerImpl.java:setRole(329)) - 8a3b9119-c4fd-47cf-b64f-64ecafe7357b@group-2C031B791D02: changes role from CANDIDATE to LEADER at term 1 for changeToLeader
2023-05-23 10:25:23,061 [8a3b9119-c4fd-47cf-b64f-64ecafe7357b@group-2C031B791D02-LeaderElection19] INFO  ratis.XceiverServerRatis (XceiverServerRatis.java:handleLeaderChangedNotification(904)) - Leader change notification received for group: group-2C031B791D02 with new leaderId: 8a3b9119-c4fd-47cf-b64f-64ecafe7357b
2023-05-23 10:25:23,061 [8a3b9119-c4fd-47cf-b64f-64ecafe7357b@group-2C031B791D02-LeaderElection19] INFO  server.RaftServer$Division (ServerState.java:setLeader(317)) - 8a3b9119-c4fd-47cf-b64f-64ecafe7357b@group-2C031B791D02: change Leader from null to 8a3b9119-c4fd-47cf-b64f-64ecafe7357b at term 1 for becomeLeader, leader elected after 5049ms
2023-05-23 10:25:23,061 [8a3b9119-c4fd-47cf-b64f-64ecafe7357b@group-2C031B791D02-LeaderElection19] INFO  server.RaftServerConfigKeys (ConfUtils.java:logGet(46)) - raft.server.staging.catchup.gap = 1000 (default)
2023-05-23 10:25:23,062 [8a3b9119-c4fd-47cf-b64f-64ecafe7357b@group-2C031B791D02-LeaderElection19] INFO  server.RaftServerConfigKeys (ConfUtils.java:logGet(46)) - raft.server.write.element-limit = 1024 (custom)
2023-05-23 10:25:23,062 [8a3b9119-c4fd-47cf-b64f-64ecafe7357b@group-2C031B791D02-LeaderElection19] INFO  server.RaftServerConfigKeys (ConfUtils.java:logGet(46)) - raft.server.write.byte-limit = 1024 M (=1073741824) (custom)
2023-05-23 10:25:23,062 [8a3b9119-c4fd-47cf-b64f-64ecafe7357b@group-2C031B791D02-LeaderElection19] INFO  server.RaftServerConfigKeys (ConfUtils.java:logGet(46)) - raft.server.watch.timeout = 180s (custom)
2023-05-23 10:25:23,064 [8a3b9119-c4fd-47cf-b64f-64ecafe7357b@group-2C031B791D02-LeaderElection19] INFO  server.RaftServerConfigKeys (ConfUtils.java:logGet(46)) - raft.server.watch.timeout.denomination = 1s (default)
2023-05-23 10:25:23,064 [8a3b9119-c4fd-47cf-b64f-64ecafe7357b@group-2C031B791D02-LeaderElection19] INFO  server.RaftServerConfigKeys (ConfUtils.java:logGet(46)) - raft.server.watch.element-limit = 65536 (default)
2023-05-23 10:25:23,064 [8a3b9119-c4fd-47cf-b64f-64ecafe7357b@group-2C031B791D02-LeaderElection19] INFO  server.RaftServerConfigKeys (ConfUtils.java:logGet(46)) - raft.server.write.element-limit = 1024 (custom)
2023-05-23 10:25:23,064 [8a3b9119-c4fd-47cf-b64f-64ecafe7357b@group-2C031B791D02-LeaderElection19] INFO  server.RaftServerConfigKeys (ConfUtils.java:logGet(46)) - raft.server.write.follower.gap.ratio.max = -1.0 (default)
2023-05-23 10:25:23,064 [8a3b9119-c4fd-47cf-b64f-64ecafe7357b@group-2C031B791D02-LeaderElection19] INFO  impl.RoleInfo (RoleInfo.java:updateAndGet(139)) - 8a3b9119-c4fd-47cf-b64f-64ecafe7357b: start 8a3b9119-c4fd-47cf-b64f-64ecafe7357b@group-2C031B791D02-LeaderStateImpl
2023-05-23 10:25:23,064 [8a3b9119-c4fd-47cf-b64f-64ecafe7357b@group-2C031B791D02-LeaderElection19] INFO  segmented.SegmentedRaftLogWorker (SegmentedRaftLogWorker.java:startLogSegment(447)) - 8a3b9119-c4fd-47cf-b64f-64ecafe7357b@group-2C031B791D02-SegmentedRaftLogWorker: Starting segment from index:0
2023-05-23 10:25:23,065 [8a3b9119-c4fd-47cf-b64f-64ecafe7357b@group-2C031B791D02-LeaderElection19] INFO  server.RaftServer$Division (ServerState.java:setRaftConf(434)) - 8a3b9119-c4fd-47cf-b64f-64ecafe7357b@group-2C031B791D02: set configuration 0: peers:[8a3b9119-c4fd-47cf-b64f-64ecafe7357b|rpc:10.1.0.38:15085|admin:10.1.0.38:15084|client:10.1.0.38:15083|dataStream:10.1.0.38:15086|priority:1|startupRole:FOLLOWER]|listeners:[], old=null
2023-05-23 10:25:23,066 [8a3b9119-c4fd-47cf-b64f-64ecafe7357b@group-2C031B791D02-SegmentedRaftLogWorker] INFO  segmented.SegmentedRaftLogWorker (SegmentedRaftLogWorker.java:execute(651)) - 8a3b9119-c4fd-47cf-b64f-64ecafe7357b@group-2C031B791D02-SegmentedRaftLogWorker: created new log segment /home/runner/work/ozone/ozone/hadoop-ozone/integration-test/target/test-dir/MiniOzoneClusterImpl-ce972063-568b-4811-bfe7-9c87601498a3/datanode-3/data/ratis/a6a20d1e-ba56-4713-b995-2c031b791d02/current/log_inprogress_0
2023-05-23 10:25:23,338 [ReplicationMonitor] INFO  replication.ReplicationManager (ReplicationManager.java:processAll(375)) - Replication Manager is not ready to run until 3000ms after safemode exit
2023-05-23 10:25:23,431 [7245158f-4bcf-4112-8365-c26f1e1b7534@group-A947E808018F-FollowerState] INFO  impl.FollowerState (FollowerState.java:run(143)) - 7245158f-4bcf-4112-8365-c26f1e1b7534@group-A947E808018F-FollowerState: change to CANDIDATE, lastRpcElapsedTime:5077683052ns, electionTimeout:5077ms
2023-05-23 10:25:23,431 [7245158f-4bcf-4112-8365-c26f1e1b7534@group-A947E808018F-FollowerState] INFO  impl.RoleInfo (RoleInfo.java:shutdownFollowerState(110)) - 7245158f-4bcf-4112-8365-c26f1e1b7534: shutdown 7245158f-4bcf-4112-8365-c26f1e1b7534@group-A947E808018F-FollowerState
2023-05-23 10:25:23,431 [7245158f-4bcf-4112-8365-c26f1e1b7534@group-A947E808018F-FollowerState] INFO  server.RaftServer$Division (RaftServerImpl.java:setRole(329)) - 7245158f-4bcf-4112-8365-c26f1e1b7534@group-A947E808018F: changes role from  FOLLOWER to CANDIDATE at term 0 for changeToCandidate
2023-05-23 10:25:23,433 [7245158f-4bcf-4112-8365-c26f1e1b7534@group-A947E808018F-FollowerState] INFO  server.RaftServerConfigKeys (ConfUtils.java:logGet(46)) - raft.server.leaderelection.pre-vote = true (default)
2023-05-23 10:25:23,433 [7245158f-4bcf-4112-8365-c26f1e1b7534@group-A947E808018F-FollowerState] INFO  impl.RoleInfo (RoleInfo.java:updateAndGet(139)) - 7245158f-4bcf-4112-8365-c26f1e1b7534: start 7245158f-4bcf-4112-8365-c26f1e1b7534@group-A947E808018F-LeaderElection20
2023-05-23 10:25:23,434 [7245158f-4bcf-4112-8365-c26f1e1b7534@group-A947E808018F-LeaderElection20] INFO  impl.LeaderElection (LeaderElection.java:askForVotes(321)) - 7245158f-4bcf-4112-8365-c26f1e1b7534@group-A947E808018F-LeaderElection20 PRE_VOTE round 0: submit vote requests at term 0 for -1: peers:[7245158f-4bcf-4112-8365-c26f1e1b7534|rpc:10.1.0.38:15093|admin:10.1.0.38:15092|client:10.1.0.38:15091|dataStream:10.1.0.38:15094|priority:1|startupRole:FOLLOWER]|listeners:[], old=null
2023-05-23 10:25:23,435 [7245158f-4bcf-4112-8365-c26f1e1b7534@group-A947E808018F-LeaderElection20] INFO  impl.LeaderElection (LeaderElection.java:askForVotes(323)) - 7245158f-4bcf-4112-8365-c26f1e1b7534@group-A947E808018F-LeaderElection20 PRE_VOTE round 0: result PASSED (term=0)
2023-05-23 10:25:23,437 [7245158f-4bcf-4112-8365-c26f1e1b7534@group-A947E808018F-LeaderElection20] INFO  impl.LeaderElection (LeaderElection.java:askForVotes(321)) - 7245158f-4bcf-4112-8365-c26f1e1b7534@group-A947E808018F-LeaderElection20 ELECTION round 0: submit vote requests at term 1 for -1: peers:[7245158f-4bcf-4112-8365-c26f1e1b7534|rpc:10.1.0.38:15093|admin:10.1.0.38:15092|client:10.1.0.38:15091|dataStream:10.1.0.38:15094|priority:1|startupRole:FOLLOWER]|listeners:[], old=null
2023-05-23 10:25:23,437 [7245158f-4bcf-4112-8365-c26f1e1b7534@group-A947E808018F-LeaderElection20] INFO  impl.LeaderElection (LeaderElection.java:askForVotes(323)) - 7245158f-4bcf-4112-8365-c26f1e1b7534@group-A947E808018F-LeaderElection20 ELECTION round 0: result PASSED (term=1)
2023-05-23 10:25:23,437 [7245158f-4bcf-4112-8365-c26f1e1b7534@group-A947E808018F-LeaderElection20] INFO  impl.RoleInfo (RoleInfo.java:shutdownLeaderElection(130)) - 7245158f-4bcf-4112-8365-c26f1e1b7534: shutdown 7245158f-4bcf-4112-8365-c26f1e1b7534@group-A947E808018F-LeaderElection20
2023-05-23 10:25:23,437 [7245158f-4bcf-4112-8365-c26f1e1b7534@group-A947E808018F-LeaderElection20] INFO  server.RaftServer$Division (RaftServerImpl.java:setRole(329)) - 7245158f-4bcf-4112-8365-c26f1e1b7534@group-A947E808018F: changes role from CANDIDATE to LEADER at term 1 for changeToLeader
2023-05-23 10:25:23,437 [7245158f-4bcf-4112-8365-c26f1e1b7534@group-A947E808018F-LeaderElection20] INFO  ratis.XceiverServerRatis (XceiverServerRatis.java:handleLeaderChangedNotification(904)) - Leader change notification received for group: group-A947E808018F with new leaderId: 7245158f-4bcf-4112-8365-c26f1e1b7534
2023-05-23 10:25:23,437 [7245158f-4bcf-4112-8365-c26f1e1b7534@group-A947E808018F-LeaderElection20] INFO  server.RaftServer$Division (ServerState.java:setLeader(317)) - 7245158f-4bcf-4112-8365-c26f1e1b7534@group-A947E808018F: change Leader from null to 7245158f-4bcf-4112-8365-c26f1e1b7534 at term 1 for becomeLeader, leader elected after 5107ms
2023-05-23 10:25:23,437 [7245158f-4bcf-4112-8365-c26f1e1b7534@group-A947E808018F-LeaderElection20] INFO  server.RaftServerConfigKeys (ConfUtils.java:logGet(46)) - raft.server.staging.catchup.gap = 1000 (default)
2023-05-23 10:25:23,437 [7245158f-4bcf-4112-8365-c26f1e1b7534@group-A947E808018F-LeaderElection20] INFO  server.RaftServerConfigKeys (ConfUtils.java:logGet(46)) - raft.server.write.element-limit = 1024 (custom)
2023-05-23 10:25:23,438 [7245158f-4bcf-4112-8365-c26f1e1b7534@group-A947E808018F-LeaderElection20] INFO  server.RaftServerConfigKeys (ConfUtils.java:logGet(46)) - raft.server.write.byte-limit = 1024 M (=1073741824) (custom)
2023-05-23 10:25:23,438 [7245158f-4bcf-4112-8365-c26f1e1b7534@group-A947E808018F-LeaderElection20] INFO  server.RaftServerConfigKeys (ConfUtils.java:logGet(46)) - raft.server.watch.timeout = 180s (custom)
2023-05-23 10:25:23,438 [7245158f-4bcf-4112-8365-c26f1e1b7534@group-A947E808018F-LeaderElection20] INFO  server.RaftServerConfigKeys (ConfUtils.java:logGet(46)) - raft.server.watch.timeout.denomination = 1s (default)
2023-05-23 10:25:23,438 [7245158f-4bcf-4112-8365-c26f1e1b7534@group-A947E808018F-LeaderElection20] INFO  server.RaftServerConfigKeys (ConfUtils.java:logGet(46)) - raft.server.watch.element-limit = 65536 (default)
2023-05-23 10:25:23,438 [7245158f-4bcf-4112-8365-c26f1e1b7534@group-A947E808018F-LeaderElection20] INFO  server.RaftServerConfigKeys (ConfUtils.java:logGet(46)) - raft.server.write.element-limit = 1024 (custom)
2023-05-23 10:25:23,438 [7245158f-4bcf-4112-8365-c26f1e1b7534@group-A947E808018F-LeaderElection20] INFO  server.RaftServerConfigKeys (ConfUtils.java:logGet(46)) - raft.server.write.follower.gap.ratio.max = -1.0 (default)
2023-05-23 10:25:23,438 [7245158f-4bcf-4112-8365-c26f1e1b7534@group-A947E808018F-LeaderElection20] INFO  impl.RoleInfo (RoleInfo.java:updateAndGet(139)) - 7245158f-4bcf-4112-8365-c26f1e1b7534: start 7245158f-4bcf-4112-8365-c26f1e1b7534@group-A947E808018F-LeaderStateImpl
2023-05-23 10:25:23,439 [7245158f-4bcf-4112-8365-c26f1e1b7534@group-A947E808018F-LeaderElection20] INFO  segmented.SegmentedRaftLogWorker (SegmentedRaftLogWorker.java:startLogSegment(447)) - 7245158f-4bcf-4112-8365-c26f1e1b7534@group-A947E808018F-SegmentedRaftLogWorker: Starting segment from index:0
2023-05-23 10:25:23,440 [7245158f-4bcf-4112-8365-c26f1e1b7534@group-A947E808018F-SegmentedRaftLogWorker] INFO  segmented.SegmentedRaftLogWorker (SegmentedRaftLogWorker.java:execute(651)) - 7245158f-4bcf-4112-8365-c26f1e1b7534@group-A947E808018F-SegmentedRaftLogWorker: created new log segment /home/runner/work/ozone/ozone/hadoop-ozone/integration-test/target/test-dir/MiniOzoneClusterImpl-ce972063-568b-4811-bfe7-9c87601498a3/datanode-4/data/ratis/589aebce-cf94-48d9-bf36-a947e808018f/current/log_inprogress_0
2023-05-23 10:25:23,443 [7245158f-4bcf-4112-8365-c26f1e1b7534@group-A947E808018F-LeaderElection20] INFO  server.RaftServer$Division (ServerState.java:setRaftConf(434)) - 7245158f-4bcf-4112-8365-c26f1e1b7534@group-A947E808018F: set configuration 0: peers:[7245158f-4bcf-4112-8365-c26f1e1b7534|rpc:10.1.0.38:15093|admin:10.1.0.38:15092|client:10.1.0.38:15091|dataStream:10.1.0.38:15094|priority:1|startupRole:FOLLOWER]|listeners:[], old=null
2023-05-23 10:25:24,338 [ReplicationMonitor] INFO  replication.ReplicationManager (ReplicationManager.java:processAll(375)) - Replication Manager is not ready to run until 3000ms after safemode exit
2023-05-23 10:25:25,341 [ReplicationMonitor] INFO  replication.ReplicationManager (ReplicationManager.java:sendDatanodeCommand(684)) - Sending command [closeContainerCommand: containerID: 1, pipelineID: PipelineID=2dccc36a-3241-4516-8d37-180592a7f77f, force: false] for container ContainerInfo{id=#1, state=CLOSING, pipelineID=PipelineID=2dccc36a-3241-4516-8d37-180592a7f77f, stateEnterTime=2023-05-23T10:25:22.448Z, owner=om1} to e9bacc8e-add2-470d-91e3-29c7cfa3c1f4(fv-az1249-304/10.1.0.38) with datanode deadline 1684838095341 and scm deadline 1684838125341
2023-05-23 10:25:25,341 [ReplicationMonitor] INFO  replication.ReplicationManager (ReplicationManager.java:sendDatanodeCommand(684)) - Sending command [closeContainerCommand: containerID: 1, pipelineID: PipelineID=2dccc36a-3241-4516-8d37-180592a7f77f, force: false] for container ContainerInfo{id=#1, state=CLOSING, pipelineID=PipelineID=2dccc36a-3241-4516-8d37-180592a7f77f, stateEnterTime=2023-05-23T10:25:22.448Z, owner=om1} to ec27dbe6-08af-4523-b3ed-9f1573a1668d(fv-az1249-304/10.1.0.38) with datanode deadline 1684838095341 and scm deadline 1684838125341
2023-05-23 10:25:25,341 [ReplicationMonitor] INFO  replication.ReplicationManager (ReplicationManager.java:sendDatanodeCommand(684)) - Sending command [closeContainerCommand: containerID: 1, pipelineID: PipelineID=2dccc36a-3241-4516-8d37-180592a7f77f, force: false] for container ContainerInfo{id=#1, state=CLOSING, pipelineID=PipelineID=2dccc36a-3241-4516-8d37-180592a7f77f, stateEnterTime=2023-05-23T10:25:22.448Z, owner=om1} to 7f763e46-2c68-46ea-ae9c-4adb784a7caa(fv-az1249-304/10.1.0.38) with datanode deadline 1684838095341 and scm deadline 1684838125341
2023-05-23 10:25:25,341 [ReplicationMonitor] INFO  replication.ReplicationManager (ReplicationManager.java:processAll(403)) - Replication Monitor Thread took 1 milliseconds for processing 1 containers.
2023-05-23 10:25:25,513 [ContainerOp-2dccc36a-3241-4516-8d37-180592a7f77f-2] INFO  keyvalue.KeyValueContainer (KeyValueContainer.java:flushAndSyncDB(446)) - Container 1 is synced with bcsId 2.
2023-05-23 10:25:25,513 [ContainerOp-2dccc36a-3241-4516-8d37-180592a7f77f-2] INFO  keyvalue.KeyValueContainer (KeyValueContainer.java:flushAndSyncDB(446)) - Container 1 is synced with bcsId 2.
2023-05-23 10:25:25,524 [ContainerOp-2dccc36a-3241-4516-8d37-180592a7f77f-2] INFO  keyvalue.KeyValueContainer (KeyValueContainer.java:close(361)) - Container 1 is closed with bcsId 2.
2023-05-23 10:25:25,529 [ContainerOp-2dccc36a-3241-4516-8d37-180592a7f77f-2] INFO  keyvalue.KeyValueContainer (KeyValueContainer.java:flushAndSyncDB(446)) - Container 1 is synced with bcsId 2.
2023-05-23 10:25:25,529 [ContainerOp-2dccc36a-3241-4516-8d37-180592a7f77f-2] INFO  keyvalue.KeyValueContainer (KeyValueContainer.java:flushAndSyncDB(446)) - Container 1 is synced with bcsId 2.
2023-05-23 10:25:25,531 [FixedThreadPoolWithAffinityExecutor-9-0] INFO  container.IncrementalContainerReportHandler (AbstractContainerReportHandler.java:updateContainerState(310)) - Moving container #1 to CLOSED state, datanode 7f763e46-2c68-46ea-ae9c-4adb784a7caa(fv-az1249-304/10.1.0.38) reported CLOSED replica with index 0.
2023-05-23 10:25:25,533 [ContainerOp-2dccc36a-3241-4516-8d37-180592a7f77f-2] INFO  keyvalue.KeyValueContainer (KeyValueContainer.java:flushAndSyncDB(446)) - Container 1 is synced with bcsId 2.
2023-05-23 10:25:25,533 [ContainerOp-2dccc36a-3241-4516-8d37-180592a7f77f-2] INFO  keyvalue.KeyValueContainer (KeyValueContainer.java:flushAndSyncDB(446)) - Container 1 is synced with bcsId 2.
2023-05-23 10:25:25,537 [ContainerOp-2dccc36a-3241-4516-8d37-180592a7f77f-2] INFO  keyvalue.KeyValueContainer (KeyValueContainer.java:close(361)) - Container 1 is closed with bcsId 2.
2023-05-23 10:25:25,538 [ContainerOp-2dccc36a-3241-4516-8d37-180592a7f77f-2] INFO  keyvalue.KeyValueContainer (KeyValueContainer.java:close(361)) - Container 1 is closed with bcsId 2.
2023-05-23 10:25:25,586 [Listener at 127.0.0.1/15052] INFO  ozoneimpl.OzoneContainer (OzoneContainer.java:stop(419)) - Attempting to stop container services.
2023-05-23 10:25:25,586 [Listener at 127.0.0.1/15052] INFO  server.RaftServer (RaftServerProxy.java:lambda$close$6(416)) - e9bacc8e-add2-470d-91e3-29c7cfa3c1f4: close
2023-05-23 10:25:25,587 [e9bacc8e-add2-470d-91e3-29c7cfa3c1f4-impl-thread1] INFO  server.RaftServer$Division (RaftServerImpl.java:lambda$close$4(466)) - e9bacc8e-add2-470d-91e3-29c7cfa3c1f4@group-C975B6F1367C: shutdown
2023-05-23 10:25:25,587 [e9bacc8e-add2-470d-91e3-29c7cfa3c1f4-impl-thread1] INFO  util.JmxRegister (JmxRegister.java:unregister(73)) - Successfully un-registered JMX Bean with object name Ratis:service=RaftServer,group=group-C975B6F1367C,id=e9bacc8e-add2-470d-91e3-29c7cfa3c1f4
2023-05-23 10:25:25,587 [e9bacc8e-add2-470d-91e3-29c7cfa3c1f4-impl-thread1] INFO  impl.RoleInfo (RoleInfo.java:shutdownLeaderState(93)) - e9bacc8e-add2-470d-91e3-29c7cfa3c1f4: shutdown e9bacc8e-add2-470d-91e3-29c7cfa3c1f4@group-C975B6F1367C-LeaderStateImpl
2023-05-23 10:25:25,587 [e9bacc8e-add2-470d-91e3-29c7cfa3c1f4-impl-thread1] INFO  impl.PendingRequests (PendingRequests.java:sendNotLeaderResponses(289)) - e9bacc8e-add2-470d-91e3-29c7cfa3c1f4@group-C975B6F1367C-PendingRequests: sendNotLeaderResponses
2023-05-23 10:25:25,587 [e9bacc8e-add2-470d-91e3-29c7cfa3c1f4-impl-thread1] INFO  impl.StateMachineUpdater (StateMachineUpdater.java:stopAndJoin(155)) - e9bacc8e-add2-470d-91e3-29c7cfa3c1f4@group-C975B6F1367C-StateMachineUpdater: set stopIndex = 0
2023-05-23 10:25:25,588 [e9bacc8e-add2-470d-91e3-29c7cfa3c1f4@group-C975B6F1367C-StateMachineUpdater] INFO  ratis.ContainerStateMachine (ContainerStateMachine.java:takeSnapshot(330)) - group-C975B6F1367C: Taking a snapshot at:(t:1, i:0) file /home/runner/work/ozone/ozone/hadoop-ozone/integration-test/target/test-dir/MiniOzoneClusterImpl-ce972063-568b-4811-bfe7-9c87601498a3/datanode-2/data/ratis/030ffc6f-8062-49cf-abd3-c975b6f1367c/sm/snapshot.1_0
2023-05-23 10:25:25,588 [e9bacc8e-add2-470d-91e3-29c7cfa3c1f4-impl-thread2] INFO  server.RaftServer$Division (RaftServerImpl.java:lambda$close$4(466)) - e9bacc8e-add2-470d-91e3-29c7cfa3c1f4@group-F903808A28C9: shutdown
2023-05-23 10:25:25,588 [e9bacc8e-add2-470d-91e3-29c7cfa3c1f4-impl-thread2] INFO  util.JmxRegister (JmxRegister.java:unregister(73)) - Successfully un-registered JMX Bean with object name Ratis:service=RaftServer,group=group-F903808A28C9,id=e9bacc8e-add2-470d-91e3-29c7cfa3c1f4
2023-05-23 10:25:25,588 [e9bacc8e-add2-470d-91e3-29c7cfa3c1f4-impl-thread2] INFO  impl.RoleInfo (RoleInfo.java:shutdownLeaderState(93)) - e9bacc8e-add2-470d-91e3-29c7cfa3c1f4: shutdown e9bacc8e-add2-470d-91e3-29c7cfa3c1f4@group-F903808A28C9-LeaderStateImpl
2023-05-23 10:25:25,588 [Listener at 127.0.0.1/15052] INFO  server.GrpcService (GrpcService.java:closeImpl(311)) - e9bacc8e-add2-470d-91e3-29c7cfa3c1f4: shutdown server org.apache.ratis.grpc.server.GrpcClientProtocolService now
2023-05-23 10:25:25,589 [e9bacc8e-add2-470d-91e3-29c7cfa3c1f4-impl-thread2] INFO  impl.PendingRequests (PendingRequests.java:sendNotLeaderResponses(289)) - e9bacc8e-add2-470d-91e3-29c7cfa3c1f4@group-F903808A28C9-PendingRequests: sendNotLeaderResponses
2023-05-23 10:25:25,589 [e9bacc8e-add2-470d-91e3-29c7cfa3c1f4@group-F903808A28C9->ec27dbe6-08af-4523-b3ed-9f1573a1668d-GrpcLogAppender-LogAppenderDaemon] WARN  server.GrpcLogAppender (GrpcLogAppender.java:mayWait(199)) - e9bacc8e-add2-470d-91e3-29c7cfa3c1f4@group-F903808A28C9->ec27dbe6-08af-4523-b3ed-9f1573a1668d-GrpcLogAppender: Wait interrupted by java.lang.InterruptedException
2023-05-23 10:25:25,589 [e9bacc8e-add2-470d-91e3-29c7cfa3c1f4@group-F903808A28C9-StateMachineUpdater] INFO  ratis.ContainerStateMachine (ContainerStateMachine.java:takeSnapshot(330)) - group-F903808A28C9: Taking a snapshot at:(t:1, i:0) file /home/runner/work/ozone/ozone/hadoop-ozone/integration-test/target/test-dir/MiniOzoneClusterImpl-ce972063-568b-4811-bfe7-9c87601498a3/datanode-2/data/ratis/1a2b4552-d01f-42a9-bdc6-f903808a28c9/sm/snapshot.1_0
2023-05-23 10:25:25,589 [e9bacc8e-add2-470d-91e3-29c7cfa3c1f4-impl-thread3] INFO  server.RaftServer$Division (RaftServerImpl.java:lambda$close$4(466)) - e9bacc8e-add2-470d-91e3-29c7cfa3c1f4@group-180592A7F77F: shutdown
2023-05-23 10:25:25,589 [e9bacc8e-add2-470d-91e3-29c7cfa3c1f4-impl-thread2] INFO  impl.StateMachineUpdater (StateMachineUpdater.java:stopAndJoin(155)) - e9bacc8e-add2-470d-91e3-29c7cfa3c1f4@group-F903808A28C9-StateMachineUpdater: set stopIndex = 0
2023-05-23 10:25:25,590 [e9bacc8e-add2-470d-91e3-29c7cfa3c1f4-impl-thread3] INFO  util.JmxRegister (JmxRegister.java:unregister(73)) - Successfully un-registered JMX Bean with object name Ratis:service=RaftServer,group=group-180592A7F77F,id=e9bacc8e-add2-470d-91e3-29c7cfa3c1f4
2023-05-23 10:25:25,590 [e9bacc8e-add2-470d-91e3-29c7cfa3c1f4-impl-thread3] INFO  impl.RoleInfo (RoleInfo.java:shutdownFollowerState(110)) - e9bacc8e-add2-470d-91e3-29c7cfa3c1f4: shutdown e9bacc8e-add2-470d-91e3-29c7cfa3c1f4@group-180592A7F77F-FollowerState
2023-05-23 10:25:25,590 [e9bacc8e-add2-470d-91e3-29c7cfa3c1f4-impl-thread3] INFO  impl.StateMachineUpdater (StateMachineUpdater.java:stopAndJoin(155)) - e9bacc8e-add2-470d-91e3-29c7cfa3c1f4@group-180592A7F77F-StateMachineUpdater: set stopIndex = 5
2023-05-23 10:25:25,590 [e9bacc8e-add2-470d-91e3-29c7cfa3c1f4@group-180592A7F77F-FollowerState] INFO  impl.FollowerState (FollowerState.java:run(152)) - e9bacc8e-add2-470d-91e3-29c7cfa3c1f4@group-180592A7F77F-FollowerState was interrupted
2023-05-23 10:25:25,589 [e9bacc8e-add2-470d-91e3-29c7cfa3c1f4@group-F903808A28C9->7f763e46-2c68-46ea-ae9c-4adb784a7caa-GrpcLogAppender-LogAppenderDaemon] WARN  server.GrpcLogAppender (GrpcLogAppender.java:mayWait(199)) - e9bacc8e-add2-470d-91e3-29c7cfa3c1f4@group-F903808A28C9->7f763e46-2c68-46ea-ae9c-4adb784a7caa-GrpcLogAppender: Wait interrupted by java.lang.InterruptedException
2023-05-23 10:25:25,589 [e9bacc8e-add2-470d-91e3-29c7cfa3c1f4@group-C975B6F1367C-StateMachineUpdater] INFO  ratis.ContainerStateMachine (ContainerStateMachine.java:takeSnapshot(341)) - group-C975B6F1367C: Finished taking a snapshot at:(t:1, i:0) file:/home/runner/work/ozone/ozone/hadoop-ozone/integration-test/target/test-dir/MiniOzoneClusterImpl-ce972063-568b-4811-bfe7-9c87601498a3/datanode-2/data/ratis/030ffc6f-8062-49cf-abd3-c975b6f1367c/sm/snapshot.1_0 took: 2 ms
2023-05-23 10:25:25,594 [e9bacc8e-add2-470d-91e3-29c7cfa3c1f4@group-C975B6F1367C-StateMachineUpdater] INFO  impl.StateMachineUpdater (StateMachineUpdater.java:takeSnapshot(291)) - e9bacc8e-add2-470d-91e3-29c7cfa3c1f4@group-C975B6F1367C-StateMachineUpdater: Took a snapshot at index 0
2023-05-23 10:25:25,594 [e9bacc8e-add2-470d-91e3-29c7cfa3c1f4@group-C975B6F1367C-StateMachineUpdater] INFO  impl.StateMachineUpdater (StateMachineUpdater.java:lambda$new$0(97)) - e9bacc8e-add2-470d-91e3-29c7cfa3c1f4@group-C975B6F1367C-StateMachineUpdater: snapshotIndex: updateIncreasingly -1 -> 0
2023-05-23 10:25:25,595 [e9bacc8e-add2-470d-91e3-29c7cfa3c1f4-impl-thread1] INFO  server.RaftServer$Division (ServerState.java:close(472)) - e9bacc8e-add2-470d-91e3-29c7cfa3c1f4@group-C975B6F1367C: closes. applyIndex: 0
2023-05-23 10:25:25,595 [e9bacc8e-add2-470d-91e3-29c7cfa3c1f4@group-180592A7F77F-StateMachineUpdater] INFO  ratis.ContainerStateMachine (ContainerStateMachine.java:takeSnapshot(330)) - group-180592A7F77F: Taking a snapshot at:(t:1, i:5) file /home/runner/work/ozone/ozone/hadoop-ozone/integration-test/target/test-dir/MiniOzoneClusterImpl-ce972063-568b-4811-bfe7-9c87601498a3/datanode-2/data/ratis/2dccc36a-3241-4516-8d37-180592a7f77f/sm/snapshot.1_5
2023-05-23 10:25:25,593 [grpc-default-executor-2] INFO  server.GrpcServerProtocolService (GrpcServerProtocolService.java:onCompleted(155)) - ec27dbe6-08af-4523-b3ed-9f1573a1668d: Completed APPEND_ENTRIES, lastRequest: e9bacc8e-add2-470d-91e3-29c7cfa3c1f4->ec27dbe6-08af-4523-b3ed-9f1573a1668d#1-t1,previous=(t:0, i:0),leaderCommit=-1,initializing? true,entries: size=1, first=(t:1, i:0), CONFIGURATIONENTRY(current:id: "ec27dbe6-08af-4523-b3ed-9f1573a1668d"
address: "10.1.0.38:15069"
dataStreamAddress: "10.1.0.38:15070"
clientAddress: "10.1.0.38:15067"
adminAddress: "10.1.0.38:15068"
startupRole: FOLLOWER
,id: "7f763e46-2c68-46ea-ae9c-4adb784a7caa"
address: "10.1.0.38:15061"
dataStreamAddress: "10.1.0.38:15062"
clientAddress: "10.1.0.38:15059"
adminAddress: "10.1.0.38:15060"
startupRole: FOLLOWER
,id: "e9bacc8e-add2-470d-91e3-29c7cfa3c1f4"
address: "10.1.0.38:15077"
priority: 1
dataStreamAddress: "10.1.0.38:15078"
clientAddress: "10.1.0.38:15075"
adminAddress: "10.1.0.38:15076"
startupRole: FOLLOWER
, old:)
2023-05-23 10:25:25,597 [grpc-default-executor-2] INFO  server.GrpcServerProtocolService (GrpcServerProtocolService.java:lambda$onCompleted$5(157)) - ec27dbe6-08af-4523-b3ed-9f1573a1668d: Completed APPEND_ENTRIES, lastReply: null
2023-05-23 10:25:25,592 [grpc-default-executor-4] INFO  server.GrpcServerProtocolService (GrpcServerProtocolService.java:onCompleted(155)) - ec27dbe6-08af-4523-b3ed-9f1573a1668d: Completed APPEND_ENTRIES, lastRequest: null
2023-05-23 10:25:25,597 [grpc-default-executor-4] INFO  server.GrpcServerProtocolService (GrpcServerProtocolService.java:lambda$onCompleted$5(157)) - ec27dbe6-08af-4523-b3ed-9f1573a1668d: Completed APPEND_ENTRIES, lastReply: serverReply {
  requestorId: "e9bacc8e-add2-470d-91e3-29c7cfa3c1f4"
  replyId: "ec27dbe6-08af-4523-b3ed-9f1573a1668d"
  raftGroupId {
    id: "\032+ER\320\037B\251\275\306\371\003\200\212(\311"
  }
  callId: 4
  success: true
}
term: 1
nextIndex: 1
matchIndex: 18446744073709551615
isHearbeat: true

2023-05-23 10:25:25,598 [grpc-default-executor-1] INFO  server.GrpcServerProtocolService (GrpcServerProtocolService.java:onCompleted(155)) - 7f763e46-2c68-46ea-ae9c-4adb784a7caa: Completed APPEND_ENTRIES, lastRequest: null
2023-05-23 10:25:25,598 [grpc-default-executor-1] INFO  server.GrpcServerProtocolService (GrpcServerProtocolService.java:lambda$onCompleted$5(157)) - 7f763e46-2c68-46ea-ae9c-4adb784a7caa: Completed APPEND_ENTRIES, lastReply: serverReply {
  requestorId: "e9bacc8e-add2-470d-91e3-29c7cfa3c1f4"
  replyId: "7f763e46-2c68-46ea-ae9c-4adb784a7caa"
  raftGroupId {
    id: "\032+ER\320\037B\251\275\306\371\003\200\212(\311"
  }
  callId: 4
  success: true
}
term: 1
nextIndex: 1
matchIndex: 18446744073709551615
isHearbeat: true

2023-05-23 10:25:25,591 [e9bacc8e-add2-470d-91e3-29c7cfa3c1f4@group-F903808A28C9-StateMachineUpdater] INFO  ratis.ContainerStateMachine (ContainerStateMachine.java:takeSnapshot(341)) - group-F903808A28C9: Finished taking a snapshot at:(t:1, i:0) file:/home/runner/work/ozone/ozone/hadoop-ozone/integration-test/target/test-dir/MiniOzoneClusterImpl-ce972063-568b-4811-bfe7-9c87601498a3/datanode-2/data/ratis/1a2b4552-d01f-42a9-bdc6-f903808a28c9/sm/snapshot.1_0 took: 2 ms
2023-05-23 10:25:25,598 [e9bacc8e-add2-470d-91e3-29c7cfa3c1f4@group-F903808A28C9-StateMachineUpdater] INFO  impl.StateMachineUpdater (StateMachineUpdater.java:takeSnapshot(291)) - e9bacc8e-add2-470d-91e3-29c7cfa3c1f4@group-F903808A28C9-StateMachineUpdater: Took a snapshot at index 0
2023-05-23 10:25:25,598 [e9bacc8e-add2-470d-91e3-29c7cfa3c1f4@group-F903808A28C9-StateMachineUpdater] INFO  impl.StateMachineUpdater (StateMachineUpdater.java:lambda$new$0(97)) - e9bacc8e-add2-470d-91e3-29c7cfa3c1f4@group-F903808A28C9-StateMachineUpdater: snapshotIndex: updateIncreasingly -1 -> 0
2023-05-23 10:25:25,598 [e9bacc8e-add2-470d-91e3-29c7cfa3c1f4-impl-thread2] INFO  server.RaftServer$Division (ServerState.java:close(472)) - e9bacc8e-add2-470d-91e3-29c7cfa3c1f4@group-F903808A28C9: closes. applyIndex: 0
2023-05-23 10:25:25,599 [grpc-default-executor-1] INFO  server.GrpcLogAppender (GrpcLogAppender.java:onCompleted(428)) - e9bacc8e-add2-470d-91e3-29c7cfa3c1f4@group-F903808A28C9->ec27dbe6-08af-4523-b3ed-9f1573a1668d-AppendLogResponseHandler: follower responses appendEntries COMPLETED
2023-05-23 10:25:25,599 [grpc-default-executor-5] INFO  server.GrpcLogAppender (GrpcLogAppender.java:onCompleted(428)) - e9bacc8e-add2-470d-91e3-29c7cfa3c1f4@group-F903808A28C9->ec27dbe6-08af-4523-b3ed-9f1573a1668d-AppendLogResponseHandler: follower responses appendEntries COMPLETED
2023-05-23 10:25:25,599 [grpc-default-executor-5] WARN  server.GrpcLogAppender (GrpcLogAppender.java:resetClient(137)) - e9bacc8e-add2-470d-91e3-29c7cfa3c1f4@group-F903808A28C9->ec27dbe6-08af-4523-b3ed-9f1573a1668d-GrpcLogAppender: Failed to getClient for ec27dbe6-08af-4523-b3ed-9f1573a1668d
org.apache.ratis.protocol.exceptions.AlreadyClosedException: e9bacc8e-add2-470d-91e3-29c7cfa3c1f4 is already CLOSED
	at org.apache.ratis.util.PeerProxyMap$PeerAndProxy.getProxy(PeerProxyMap.java:61)
	at org.apache.ratis.util.PeerProxyMap.getProxy(PeerProxyMap.java:115)
	at org.apache.ratis.grpc.server.GrpcLogAppender.getClient(GrpcLogAppender.java:112)
	at org.apache.ratis.grpc.server.GrpcLogAppender.resetClient(GrpcLogAppender.java:117)
	at org.apache.ratis.grpc.server.GrpcLogAppender.access$500(GrpcLogAppender.java:56)
	at org.apache.ratis.grpc.server.GrpcLogAppender$AppendLogResponseHandler.onCompleted(GrpcLogAppender.java:429)
	at org.apache.ratis.thirdparty.io.grpc.stub.ClientCalls$StreamObserverToCallListenerAdapter.onClose(ClientCalls.java:485)
	at org.apache.ratis.thirdparty.io.grpc.internal.ClientCallImpl.closeObserver(ClientCallImpl.java:563)
	at org.apache.ratis.thirdparty.io.grpc.internal.ClientCallImpl.access$300(ClientCallImpl.java:70)
	at org.apache.ratis.thirdparty.io.grpc.internal.ClientCallImpl$ClientStreamListenerImpl$1StreamClosed.runInternal(ClientCallImpl.java:744)
	at org.apache.ratis.thirdparty.io.grpc.internal.ClientCallImpl$ClientStreamListenerImpl$1StreamClosed.runInContext(ClientCallImpl.java:723)
	at org.apache.ratis.thirdparty.io.grpc.internal.ContextRunnable.run(ContextRunnable.java:37)
	at org.apache.ratis.thirdparty.io.grpc.internal.SerializingExecutor.run(SerializingExecutor.java:133)
	at java.util.concurrent.ThreadPoolExecutor.runWorker(ThreadPoolExecutor.java:1149)
	at java.util.concurrent.ThreadPoolExecutor$Worker.run(ThreadPoolExecutor.java:624)
	at java.lang.Thread.run(Thread.java:750)
2023-05-23 10:25:25,600 [grpc-default-executor-3] INFO  server.GrpcLogAppender (GrpcLogAppender.java:onCompleted(428)) - e9bacc8e-add2-470d-91e3-29c7cfa3c1f4@group-F903808A28C9->7f763e46-2c68-46ea-ae9c-4adb784a7caa-AppendLogResponseHandler: follower responses appendEntries COMPLETED
2023-05-23 10:25:25,600 [grpc-default-executor-3] WARN  server.GrpcLogAppender (GrpcLogAppender.java:resetClient(137)) - e9bacc8e-add2-470d-91e3-29c7cfa3c1f4@group-F903808A28C9->7f763e46-2c68-46ea-ae9c-4adb784a7caa-GrpcLogAppender: Failed to getClient for 7f763e46-2c68-46ea-ae9c-4adb784a7caa
org.apache.ratis.protocol.exceptions.AlreadyClosedException: e9bacc8e-add2-470d-91e3-29c7cfa3c1f4 is already CLOSED
	at org.apache.ratis.util.PeerProxyMap$PeerAndProxy.getProxy(PeerProxyMap.java:61)
	at org.apache.ratis.util.PeerProxyMap.getProxy(PeerProxyMap.java:115)
	at org.apache.ratis.grpc.server.GrpcLogAppender.getClient(GrpcLogAppender.java:112)
	at org.apache.ratis.grpc.server.GrpcLogAppender.resetClient(GrpcLogAppender.java:117)
	at org.apache.ratis.grpc.server.GrpcLogAppender.access$500(GrpcLogAppender.java:56)
	at org.apache.ratis.grpc.server.GrpcLogAppender$AppendLogResponseHandler.onCompleted(GrpcLogAppender.java:429)
	at org.apache.ratis.thirdparty.io.grpc.stub.ClientCalls$StreamObserverToCallListenerAdapter.onClose(ClientCalls.java:485)
	at org.apache.ratis.thirdparty.io.grpc.internal.ClientCallImpl.closeObserver(ClientCallImpl.java:563)
	at org.apache.ratis.thirdparty.io.grpc.internal.ClientCallImpl.access$300(ClientCallImpl.java:70)
	at org.apache.ratis.thirdparty.io.grpc.internal.ClientCallImpl$ClientStreamListenerImpl$1StreamClosed.runInternal(ClientCallImpl.java:744)
	at org.apache.ratis.thirdparty.io.grpc.internal.ClientCallImpl$ClientStreamListenerImpl$1StreamClosed.runInContext(ClientCallImpl.java:723)
	at org.apache.ratis.thirdparty.io.grpc.internal.ContextRunnable.run(ContextRunnable.java:37)
	at org.apache.ratis.thirdparty.io.grpc.internal.SerializingExecutor.run(SerializingExecutor.java:133)
	at java.util.concurrent.ThreadPoolExecutor.runWorker(ThreadPoolExecutor.java:1149)
	at java.util.concurrent.ThreadPoolExecutor$Worker.run(ThreadPoolExecutor.java:624)
	at java.lang.Thread.run(Thread.java:750)
2023-05-23 10:25:25,597 [e9bacc8e-add2-470d-91e3-29c7cfa3c1f4@group-180592A7F77F-StateMachineUpdater] INFO  ratis.ContainerStateMachine (ContainerStateMachine.java:takeSnapshot(341)) - group-180592A7F77F: Finished taking a snapshot at:(t:1, i:5) file:/home/runner/work/ozone/ozone/hadoop-ozone/integration-test/target/test-dir/MiniOzoneClusterImpl-ce972063-568b-4811-bfe7-9c87601498a3/datanode-2/data/ratis/2dccc36a-3241-4516-8d37-180592a7f77f/sm/snapshot.1_5 took: 1 ms
2023-05-23 10:25:25,596 [Thread-935] INFO  server.GrpcServerProtocolClient (GrpcServerProtocolClient.java:close(103)) - 7f763e46-2c68-46ea-ae9c-4adb784a7caa Close channels
2023-05-23 10:25:25,596 [Thread-934] INFO  server.GrpcServerProtocolClient (GrpcServerProtocolClient.java:close(103)) - ec27dbe6-08af-4523-b3ed-9f1573a1668d Close channels
2023-05-23 10:25:25,601 [e9bacc8e-add2-470d-91e3-29c7cfa3c1f4@group-180592A7F77F-StateMachineUpdater] INFO  impl.StateMachineUpdater (StateMachineUpdater.java:takeSnapshot(291)) - e9bacc8e-add2-470d-91e3-29c7cfa3c1f4@group-180592A7F77F-StateMachineUpdater: Took a snapshot at index 5
2023-05-23 10:25:25,602 [e9bacc8e-add2-470d-91e3-29c7cfa3c1f4@group-180592A7F77F-StateMachineUpdater] INFO  impl.StateMachineUpdater (StateMachineUpdater.java:lambda$new$0(97)) - e9bacc8e-add2-470d-91e3-29c7cfa3c1f4@group-180592A7F77F-StateMachineUpdater: snapshotIndex: updateIncreasingly -1 -> 5
2023-05-23 10:25:25,602 [e9bacc8e-add2-470d-91e3-29c7cfa3c1f4-impl-thread3] INFO  server.RaftServer$Division (ServerState.java:close(472)) - e9bacc8e-add2-470d-91e3-29c7cfa3c1f4@group-180592A7F77F: closes. applyIndex: 5
2023-05-23 10:25:25,601 [grpc-default-executor-2] INFO  server.GrpcServerProtocolService (GrpcServerProtocolService.java:onCompleted(155)) - 7f763e46-2c68-46ea-ae9c-4adb784a7caa: Completed APPEND_ENTRIES, lastRequest: e9bacc8e-add2-470d-91e3-29c7cfa3c1f4->7f763e46-2c68-46ea-ae9c-4adb784a7caa#1-t1,previous=(t:0, i:0),leaderCommit=-1,initializing? true,entries: size=1, first=(t:1, i:0), CONFIGURATIONENTRY(current:id: "ec27dbe6-08af-4523-b3ed-9f1573a1668d"
address: "10.1.0.38:15069"
dataStreamAddress: "10.1.0.38:15070"
clientAddress: "10.1.0.38:15067"
adminAddress: "10.1.0.38:15068"
startupRole: FOLLOWER
,id: "7f763e46-2c68-46ea-ae9c-4adb784a7caa"
address: "10.1.0.38:15061"
dataStreamAddress: "10.1.0.38:15062"
clientAddress: "10.1.0.38:15059"
adminAddress: "10.1.0.38:15060"
startupRole: FOLLOWER
,id: "e9bacc8e-add2-470d-91e3-29c7cfa3c1f4"
address: "10.1.0.38:15077"
priority: 1
dataStreamAddress: "10.1.0.38:15078"
clientAddress: "10.1.0.38:15075"
adminAddress: "10.1.0.38:15076"
startupRole: FOLLOWER
, old:)
2023-05-23 10:25:25,603 [grpc-default-executor-2] INFO  server.GrpcServerProtocolService (GrpcServerProtocolService.java:lambda$onCompleted$5(157)) - 7f763e46-2c68-46ea-ae9c-4adb784a7caa: Completed APPEND_ENTRIES, lastReply: null
2023-05-23 10:25:25,599 [grpc-default-executor-1] WARN  server.GrpcLogAppender (GrpcLogAppender.java:resetClient(137)) - e9bacc8e-add2-470d-91e3-29c7cfa3c1f4@group-F903808A28C9->ec27dbe6-08af-4523-b3ed-9f1573a1668d-GrpcLogAppender: Failed to getClient for ec27dbe6-08af-4523-b3ed-9f1573a1668d
org.apache.ratis.protocol.exceptions.AlreadyClosedException: e9bacc8e-add2-470d-91e3-29c7cfa3c1f4 is already CLOSED
	at org.apache.ratis.util.PeerProxyMap$PeerAndProxy.getProxy(PeerProxyMap.java:61)
	at org.apache.ratis.util.PeerProxyMap.getProxy(PeerProxyMap.java:115)
	at org.apache.ratis.grpc.server.GrpcLogAppender.getClient(GrpcLogAppender.java:112)
	at org.apache.ratis.grpc.server.GrpcLogAppender.resetClient(GrpcLogAppender.java:117)
	at org.apache.ratis.grpc.server.GrpcLogAppender.access$500(GrpcLogAppender.java:56)
	at org.apache.ratis.grpc.server.GrpcLogAppender$AppendLogResponseHandler.onCompleted(GrpcLogAppender.java:429)
	at org.apache.ratis.thirdparty.io.grpc.stub.ClientCalls$StreamObserverToCallListenerAdapter.onClose(ClientCalls.java:485)
	at org.apache.ratis.thirdparty.io.grpc.internal.ClientCallImpl.closeObserver(ClientCallImpl.java:563)
	at org.apache.ratis.thirdparty.io.grpc.internal.ClientCallImpl.access$300(ClientCallImpl.java:70)
	at org.apache.ratis.thirdparty.io.grpc.internal.ClientCallImpl$ClientStreamListenerImpl$1StreamClosed.runInternal(ClientCallImpl.java:744)
	at org.apache.ratis.thirdparty.io.grpc.internal.ClientCallImpl$ClientStreamListenerImpl$1StreamClosed.runInContext(ClientCallImpl.java:723)
	at org.apache.ratis.thirdparty.io.grpc.internal.ContextRunnable.run(ContextRunnable.java:37)
	at org.apache.ratis.thirdparty.io.grpc.internal.SerializingExecutor.run(SerializingExecutor.java:133)
	at java.util.concurrent.ThreadPoolExecutor.runWorker(ThreadPoolExecutor.java:1149)
	at java.util.concurrent.ThreadPoolExecutor$Worker.run(ThreadPoolExecutor.java:624)
	at java.lang.Thread.run(Thread.java:750)
2023-05-23 10:25:25,609 [grpc-default-executor-1] INFO  server.GrpcLogAppender (GrpcLogAppender.java:onCompleted(428)) - e9bacc8e-add2-470d-91e3-29c7cfa3c1f4@group-F903808A28C9->7f763e46-2c68-46ea-ae9c-4adb784a7caa-AppendLogResponseHandler: follower responses appendEntries COMPLETED
2023-05-23 10:25:25,609 [grpc-default-executor-1] WARN  server.GrpcLogAppender (GrpcLogAppender.java:resetClient(137)) - e9bacc8e-add2-470d-91e3-29c7cfa3c1f4@group-F903808A28C9->7f763e46-2c68-46ea-ae9c-4adb784a7caa-GrpcLogAppender: Failed to getClient for 7f763e46-2c68-46ea-ae9c-4adb784a7caa
org.apache.ratis.protocol.exceptions.AlreadyClosedException: e9bacc8e-add2-470d-91e3-29c7cfa3c1f4 is already CLOSED
	at org.apache.ratis.util.PeerProxyMap$PeerAndProxy.getProxy(PeerProxyMap.java:61)
	at org.apache.ratis.util.PeerProxyMap.getProxy(PeerProxyMap.java:115)
	at org.apache.ratis.grpc.server.GrpcLogAppender.getClient(GrpcLogAppender.java:112)
	at org.apache.ratis.grpc.server.GrpcLogAppender.resetClient(GrpcLogAppender.java:117)
	at org.apache.ratis.grpc.server.GrpcLogAppender.access$500(GrpcLogAppender.java:56)
	at org.apache.ratis.grpc.server.GrpcLogAppender$AppendLogResponseHandler.onCompleted(GrpcLogAppender.java:429)
	at org.apache.ratis.thirdparty.io.grpc.stub.ClientCalls$StreamObserverToCallListenerAdapter.onClose(ClientCalls.java:485)
	at org.apache.ratis.thirdparty.io.grpc.internal.ClientCallImpl.closeObserver(ClientCallImpl.java:563)
	at org.apache.ratis.thirdparty.io.grpc.internal.ClientCallImpl.access$300(ClientCallImpl.java:70)
	at org.apache.ratis.thirdparty.io.grpc.internal.ClientCallImpl$ClientStreamListenerImpl$1StreamClosed.runInternal(ClientCallImpl.java:744)
	at org.apache.ratis.thirdparty.io.grpc.internal.ClientCallImpl$ClientStreamListenerImpl$1StreamClosed.runInContext(ClientCallImpl.java:723)
	at org.apache.ratis.thirdparty.io.grpc.internal.ContextRunnable.run(ContextRunnable.java:37)
	at org.apache.ratis.thirdparty.io.grpc.internal.SerializingExecutor.run(SerializingExecutor.java:133)
	at java.util.concurrent.ThreadPoolExecutor.runWorker(ThreadPoolExecutor.java:1149)
	at java.util.concurrent.ThreadPoolExecutor$Worker.run(ThreadPoolExecutor.java:624)
	at java.lang.Thread.run(Thread.java:750)
2023-05-23 10:25:25,610 [Listener at 127.0.0.1/15052] INFO  server.GrpcService (GrpcService.java:closeImpl(320)) - e9bacc8e-add2-470d-91e3-29c7cfa3c1f4: shutdown server org.apache.ratis.grpc.server.GrpcClientProtocolService successfully
2023-05-23 10:25:25,610 [Listener at 127.0.0.1/15052] INFO  server.GrpcService (GrpcService.java:closeImpl(311)) - e9bacc8e-add2-470d-91e3-29c7cfa3c1f4: shutdown server GrpcServerProtocolService now
2023-05-23 10:25:25,611 [grpc-default-executor-4] WARN  server.GrpcServerProtocolService (LogUtils.java:warn(122)) - e9bacc8e-add2-470d-91e3-29c7cfa3c1f4: APPEND_ENTRIES onError, lastRequest: 7f763e46-2c68-46ea-ae9c-4adb784a7caa->e9bacc8e-add2-470d-91e3-29c7cfa3c1f4#16-t1,previous=(t:1, i:5),leaderCommit=5,initializing? true,entries: size=1, first=(t:1, i:6), METADATAENTRY(c:5): org.apache.ratis.thirdparty.io.grpc.StatusRuntimeException: CANCELLED: client cancelled
2023-05-23 10:25:25,612 [grpc-default-executor-0] WARN  server.GrpcLogAppender (LogUtils.java:warn(122)) - 7f763e46-2c68-46ea-ae9c-4adb784a7caa@group-180592A7F77F->e9bacc8e-add2-470d-91e3-29c7cfa3c1f4-AppendLogResponseHandler: Failed appendEntries: org.apache.ratis.thirdparty.io.grpc.StatusRuntimeException: CANCELLED: RST_STREAM closed stream. HTTP/2 error code: CANCEL
2023-05-23 10:25:25,612 [grpc-default-executor-0] INFO  leader.FollowerInfo (FollowerInfoImpl.java:lambda$new$0(52)) - 7f763e46-2c68-46ea-ae9c-4adb784a7caa@group-180592A7F77F->e9bacc8e-add2-470d-91e3-29c7cfa3c1f4: decreaseNextIndex nextIndex: updateUnconditionally 7 -> 6
2023-05-23 10:25:25,612 [grpc-default-executor-0] WARN  server.GrpcLogAppender (LogUtils.java:warn(122)) - 7f763e46-2c68-46ea-ae9c-4adb784a7caa@group-180592A7F77F->e9bacc8e-add2-470d-91e3-29c7cfa3c1f4-AppendLogResponseHandler: Failed appendEntries: org.apache.ratis.thirdparty.io.grpc.StatusRuntimeException: CANCELLED: RST_STREAM closed stream. HTTP/2 error code: CANCEL
2023-05-23 10:25:25,612 [grpc-default-executor-0] INFO  leader.FollowerInfo (FollowerInfoImpl.java:lambda$new$0(52)) - 7f763e46-2c68-46ea-ae9c-4adb784a7caa@group-180592A7F77F->e9bacc8e-add2-470d-91e3-29c7cfa3c1f4: decreaseNextIndex nextIndex: updateUnconditionally 6 -> 5
2023-05-23 10:25:25,612 [grpc-default-executor-1] WARN  server.GrpcServerProtocolService (LogUtils.java:warn(122)) - e9bacc8e-add2-470d-91e3-29c7cfa3c1f4: APPEND_ENTRIES onError, lastRequest: null: org.apache.ratis.thirdparty.io.grpc.StatusRuntimeException: CANCELLED: client cancelled
2023-05-23 10:25:25,625 [Listener at 127.0.0.1/15052] INFO  server.GrpcService (GrpcService.java:closeImpl(320)) - e9bacc8e-add2-470d-91e3-29c7cfa3c1f4: shutdown server GrpcServerProtocolService successfully
2023-05-23 10:25:25,626 [Listener at 127.0.0.1/15052] INFO  server.GrpcService (GrpcService.java:closeImpl(311)) - e9bacc8e-add2-470d-91e3-29c7cfa3c1f4: shutdown server org.apache.ratis.grpc.server.GrpcAdminProtocolService now
2023-05-23 10:25:25,627 [Listener at 127.0.0.1/15052] INFO  server.GrpcService (GrpcService.java:closeImpl(320)) - e9bacc8e-add2-470d-91e3-29c7cfa3c1f4: shutdown server org.apache.ratis.grpc.server.GrpcAdminProtocolService successfully
2023-05-23 10:25:25,628 [e9bacc8e-add2-470d-91e3-29c7cfa3c1f4-NettyServerStreamRpc-bossGroup--thread1] INFO  logging.LoggingHandler (AbstractInternalLogger.java:log(148)) - [id: 0xff24f6be, L:/0:0:0:0:0:0:0:0:15078] CLOSE
2023-05-23 10:25:25,628 [e9bacc8e-add2-470d-91e3-29c7cfa3c1f4-NettyServerStreamRpc-bossGroup--thread1] INFO  logging.LoggingHandler (AbstractInternalLogger.java:log(148)) - [id: 0xff24f6be, L:/0:0:0:0:0:0:0:0:15078] INACTIVE
2023-05-23 10:25:25,628 [e9bacc8e-add2-470d-91e3-29c7cfa3c1f4-NettyServerStreamRpc-bossGroup--thread1] INFO  logging.LoggingHandler (AbstractInternalLogger.java:log(148)) - [id: 0xff24f6be, L:/0:0:0:0:0:0:0:0:15078] UNREGISTERED
2023-05-23 10:25:25,839 [e9bacc8e-add2-470d-91e3-29c7cfa3c1f4-impl-thread1] INFO  segmented.SegmentedRaftLogWorker (SegmentedRaftLogWorker.java:close(252)) - e9bacc8e-add2-470d-91e3-29c7cfa3c1f4@group-C975B6F1367C-SegmentedRaftLogWorker close()
2023-05-23 10:25:26,342 [ReplicationMonitor] INFO  replication.ReplicationManager (ReplicationManager.java:processAll(403)) - Replication Monitor Thread took 1 milliseconds for processing 1 containers.
2023-05-23 10:25:26,375 [e9bacc8e-add2-470d-91e3-29c7cfa3c1f4-impl-thread2] INFO  segmented.SegmentedRaftLogWorker (SegmentedRaftLogWorker.java:close(252)) - e9bacc8e-add2-470d-91e3-29c7cfa3c1f4@group-F903808A28C9-SegmentedRaftLogWorker close()
2023-05-23 10:25:26,521 [e9bacc8e-add2-470d-91e3-29c7cfa3c1f4-impl-thread3] INFO  segmented.SegmentedRaftLogWorker (SegmentedRaftLogWorker.java:close(252)) - e9bacc8e-add2-470d-91e3-29c7cfa3c1f4@group-180592A7F77F-SegmentedRaftLogWorker close()
2023-05-23 10:25:26,524 [JvmPauseMonitor9] INFO  util.JvmPauseMonitor (JvmPauseMonitor.java:run(109)) - JvmPauseMonitor-e9bacc8e-add2-470d-91e3-29c7cfa3c1f4: Stopped
2023-05-23 10:25:27,343 [ReplicationMonitor] INFO  replication.ReplicationManager (ReplicationManager.java:processAll(403)) - Replication Monitor Thread took 1 milliseconds for processing 1 containers.
2023-05-23 10:25:28,025 [grpc-default-executor-6] WARN  server.GrpcLogAppender (LogUtils.java:warn(122)) - 7f763e46-2c68-46ea-ae9c-4adb784a7caa@group-180592A7F77F->e9bacc8e-add2-470d-91e3-29c7cfa3c1f4-AppendLogResponseHandler: Failed appendEntries: org.apache.ratis.thirdparty.io.grpc.StatusRuntimeException: UNAVAILABLE: io exception
2023-05-23 10:25:28,026 [grpc-default-executor-6] INFO  leader.FollowerInfo (FollowerInfoImpl.java:lambda$new$0(52)) - 7f763e46-2c68-46ea-ae9c-4adb784a7caa@group-180592A7F77F->e9bacc8e-add2-470d-91e3-29c7cfa3c1f4: decreaseNextIndex nextIndex: updateUnconditionally 5 -> 4
2023-05-23 10:25:28,033 [grpc-default-executor-2] WARN  server.GrpcLogAppender (LogUtils.java:warn(122)) - 7f763e46-2c68-46ea-ae9c-4adb784a7caa@group-180592A7F77F->e9bacc8e-add2-470d-91e3-29c7cfa3c1f4-AppendLogResponseHandler: Failed appendEntries: org.apache.ratis.thirdparty.io.grpc.StatusRuntimeException: UNAVAILABLE: io exception
2023-05-23 10:25:28,034 [grpc-default-executor-2] INFO  leader.FollowerInfo (FollowerInfoImpl.java:lambda$new$0(52)) - 7f763e46-2c68-46ea-ae9c-4adb784a7caa@group-180592A7F77F->e9bacc8e-add2-470d-91e3-29c7cfa3c1f4: decreaseNextIndex nextIndex: updateUnconditionally 4 -> 3
2023-05-23 10:25:28,036 [grpc-default-executor-6] WARN  server.GrpcLogAppender (LogUtils.java:warn(122)) - 7f763e46-2c68-46ea-ae9c-4adb784a7caa@group-180592A7F77F->e9bacc8e-add2-470d-91e3-29c7cfa3c1f4-AppendLogResponseHandler: Failed appendEntries: org.apache.ratis.thirdparty.io.grpc.StatusRuntimeException: UNAVAILABLE: io exception
2023-05-23 10:25:28,037 [grpc-default-executor-6] INFO  leader.FollowerInfo (FollowerInfoImpl.java:lambda$new$0(52)) - 7f763e46-2c68-46ea-ae9c-4adb784a7caa@group-180592A7F77F->e9bacc8e-add2-470d-91e3-29c7cfa3c1f4: decreaseNextIndex nextIndex: updateUnconditionally 4 -> 3
2023-05-23 10:25:28,037 [grpc-default-executor-2] WARN  server.GrpcLogAppender (LogUtils.java:warn(122)) - 7f763e46-2c68-46ea-ae9c-4adb784a7caa@group-180592A7F77F->e9bacc8e-add2-470d-91e3-29c7cfa3c1f4-AppendLogResponseHandler: Failed appendEntries: org.apache.ratis.thirdparty.io.grpc.StatusRuntimeException: UNAVAILABLE: io exception
2023-05-23 10:25:28,037 [grpc-default-executor-2] INFO  leader.FollowerInfo (FollowerInfoImpl.java:lambda$new$0(52)) - 7f763e46-2c68-46ea-ae9c-4adb784a7caa@group-180592A7F77F->e9bacc8e-add2-470d-91e3-29c7cfa3c1f4: decreaseNextIndex nextIndex: updateUnconditionally 3 -> 2
2023-05-23 10:25:28,344 [ReplicationMonitor] INFO  replication.ReplicationManager (ReplicationManager.java:processAll(403)) - Replication Monitor Thread took 1 milliseconds for processing 1 containers.
2023-05-23 10:25:28,527 [Listener at 127.0.0.1/15052] INFO  utils.DatanodeStoreCache (DatanodeStoreCache.java:shutdownCache(110)) - Skip clearing cache in mini cluster mode. Entries left: [/home/runner/work/ozone/ozone/hadoop-ozone/integration-test/target/test-dir/MiniOzoneClusterImpl-ce972063-568b-4811-bfe7-9c87601498a3/datanode-0/data-0/containers/hdds/ce972063-568b-4811-bfe7-9c87601498a3/DS-77db9df2-1b76-4211-a14f-a56f12aa4ec8/container.db, /home/runner/work/ozone/ozone/hadoop-ozone/integration-test/target/test-dir/MiniOzoneClusterImpl-ce972063-568b-4811-bfe7-9c87601498a3/datanode-1/data-0/containers/hdds/ce972063-568b-4811-bfe7-9c87601498a3/DS-4fa0d410-27fa-49c6-a377-73f15b9008ea/container.db, /home/runner/work/ozone/ozone/hadoop-ozone/integration-test/target/test-dir/MiniOzoneClusterImpl-ce972063-568b-4811-bfe7-9c87601498a3/datanode-2/data-0/containers/hdds/ce972063-568b-4811-bfe7-9c87601498a3/DS-090edaea-8a3a-4f9d-b41a-4fb0ddae93bc/container.db, /home/runner/work/ozone/ozone/hadoop-ozone/integration-test/target/test-dir/MiniOzoneClusterImpl-ce972063-568b-4811-bfe7-9c87601498a3/datanode-3/data-0/containers/hdds/ce972063-568b-4811-bfe7-9c87601498a3/DS-cfb6084c-9516-498c-9d37-75c4f37a1c0d/container.db, /home/runner/work/ozone/ozone/hadoop-ozone/integration-test/target/test-dir/MiniOzoneClusterImpl-ce972063-568b-4811-bfe7-9c87601498a3/datanode-4/data-0/containers/hdds/ce972063-568b-4811-bfe7-9c87601498a3/DS-0db26355-1014-4f2e-8464-bb747a244dc8/container.db]
2023-05-23 10:25:28,531 [Listener at 127.0.0.1/15052] INFO  utils.DatanodeStoreCache (DatanodeStoreCache.java:removeDB(104)) - Removed db /home/runner/work/ozone/ozone/hadoop-ozone/integration-test/target/test-dir/MiniOzoneClusterImpl-ce972063-568b-4811-bfe7-9c87601498a3/datanode-2/data-0/containers/hdds/ce972063-568b-4811-bfe7-9c87601498a3/DS-090edaea-8a3a-4f9d-b41a-4fb0ddae93bc/container.db from cache
2023-05-23 10:25:28,531 [Listener at 127.0.0.1/15052] INFO  volume.HddsVolume (HddsVolume.java:closeDbStore(437)) - SchemaV3 db is stopped at /home/runner/work/ozone/ozone/hadoop-ozone/integration-test/target/test-dir/MiniOzoneClusterImpl-ce972063-568b-4811-bfe7-9c87601498a3/datanode-2/data-0/containers/hdds/ce972063-568b-4811-bfe7-9c87601498a3/DS-090edaea-8a3a-4f9d-b41a-4fb0ddae93bc/container.db for volume DS-090edaea-8a3a-4f9d-b41a-4fb0ddae93bc
2023-05-23 10:25:28,531 [Listener at 127.0.0.1/15052] INFO  utils.BackgroundService (BackgroundService.java:shutdown(141)) - Shutting down service BlockDeletingService
2023-05-23 10:25:28,531 [Listener at 127.0.0.1/15052] INFO  utils.BackgroundService (BackgroundService.java:shutdown(141)) - Shutting down service StaleRecoveringContainerScrubbingService
2023-05-23 10:25:28,540 [Listener at 127.0.0.1/15052] INFO  statemachine.DatanodeStateMachine (DatanodeStateMachine.java:stopDaemon(608)) - Ozone container server stopped.
2023-05-23 10:25:28,550 [Listener at 127.0.0.1/15052] INFO  handler.ContextHandler (ContextHandler.java:doStop(1159)) - Stopped o.e.j.w.WebAppContext@2414588f{hddsDatanode,/,null,STOPPED}{jar:file:/home/runner/.m2/repository/org/apache/ozone/hdds-container-service/1.4.0-SNAPSHOT/hdds-container-service-1.4.0-SNAPSHOT.jar!/webapps/hddsDatanode}
2023-05-23 10:25:28,551 [Listener at 127.0.0.1/15052] INFO  server.AbstractConnector (AbstractConnector.java:doStop(383)) - Stopped ServerConnector@5dde25eb{HTTP/1.1, (http/1.1)}{0.0.0.0:15073}
2023-05-23 10:25:28,551 [Listener at 127.0.0.1/15052] INFO  server.session (HouseKeeper.java:stopScavenging(149)) - node0 Stopped scavenging
2023-05-23 10:25:28,552 [Listener at 127.0.0.1/15052] INFO  handler.ContextHandler (ContextHandler.java:doStop(1159)) - Stopped o.e.j.s.ServletContextHandler@31625844{static,/static,jar:file:/home/runner/.m2/repository/org/apache/ozone/hdds-container-service/1.4.0-SNAPSHOT/hdds-container-service-1.4.0-SNAPSHOT.jar!/webapps/static,STOPPED}
2023-05-23 10:25:28,552 [Listener at 127.0.0.1/15052] INFO  handler.ContextHandler (ContextHandler.java:doStop(1159)) - Stopped o.e.j.s.ServletContextHandler@5661ae8f{logs,/logs,file:///home/runner/work/ozone/ozone/hadoop-ozone/integration-test/target/log,STOPPED}
2023-05-23 10:25:28,554 [Listener at 127.0.0.1/15052] INFO  container.TestHelper (TestHelper.java:countReplicas(423)) - Container 1 has 3 replicas on [7f763e46-2c68-46ea-ae9c-4adb784a7caa, e9bacc8e-add2-470d-91e3-29c7cfa3c1f4, ec27dbe6-08af-4523-b3ed-9f1573a1668d]
2023-05-23 10:25:28,597 [EventQueue-StaleNodeForStaleNodeHandler] INFO  node.StaleNodeHandler (StaleNodeHandler.java:onMessage(59)) - Datanode e9bacc8e-add2-470d-91e3-29c7cfa3c1f4(fv-az1249-304/10.1.0.38) moved to stale state. Finalizing its pipelines [PipelineID=030ffc6f-8062-49cf-abd3-c975b6f1367c, PipelineID=1a2b4552-d01f-42a9-bdc6-f903808a28c9, PipelineID=2dccc36a-3241-4516-8d37-180592a7f77f]
2023-05-23 10:25:28,599 [EventQueue-StaleNodeForStaleNodeHandler] INFO  pipeline.PipelineManagerImpl (PipelineManagerImpl.java:closePipeline(442)) - Pipeline Pipeline[ Id: 030ffc6f-8062-49cf-abd3-c975b6f1367c, Nodes: e9bacc8e-add2-470d-91e3-29c7cfa3c1f4(fv-az1249-304/10.1.0.38), ReplicationConfig: RATIS/ONE, State:OPEN, leaderId:e9bacc8e-add2-470d-91e3-29c7cfa3c1f4, CreationTimestamp2023-05-23T10:25:14.657Z[Etc/UTC]] moved to CLOSED state
2023-05-23 10:25:28,601 [EventQueue-StaleNodeForStaleNodeHandler] INFO  pipeline.PipelineManagerImpl (PipelineManagerImpl.java:closePipeline(442)) - Pipeline Pipeline[ Id: 1a2b4552-d01f-42a9-bdc6-f903808a28c9, Nodes: 7f763e46-2c68-46ea-ae9c-4adb784a7caa(fv-az1249-304/10.1.0.38)e9bacc8e-add2-470d-91e3-29c7cfa3c1f4(fv-az1249-304/10.1.0.38)ec27dbe6-08af-4523-b3ed-9f1573a1668d(fv-az1249-304/10.1.0.38), ReplicationConfig: RATIS/THREE, State:OPEN, leaderId:e9bacc8e-add2-470d-91e3-29c7cfa3c1f4, CreationTimestamp2023-05-23T10:25:14.663Z[Etc/UTC]] moved to CLOSED state
2023-05-23 10:25:28,602 [EventQueue-StaleNodeForStaleNodeHandler] INFO  pipeline.PipelineManagerImpl (PipelineManagerImpl.java:closePipeline(442)) - Pipeline Pipeline[ Id: 2dccc36a-3241-4516-8d37-180592a7f77f, Nodes: e9bacc8e-add2-470d-91e3-29c7cfa3c1f4(fv-az1249-304/10.1.0.38)ec27dbe6-08af-4523-b3ed-9f1573a1668d(fv-az1249-304/10.1.0.38)7f763e46-2c68-46ea-ae9c-4adb784a7caa(fv-az1249-304/10.1.0.38), ReplicationConfig: RATIS/THREE, State:OPEN, leaderId:7f763e46-2c68-46ea-ae9c-4adb784a7caa, CreationTimestamp2023-05-23T10:25:14.661Z[Etc/UTC]] moved to CLOSED state
2023-05-23 10:25:29,273 [grpc-default-executor-2] WARN  server.GrpcLogAppender (LogUtils.java:warn(122)) - 7f763e46-2c68-46ea-ae9c-4adb784a7caa@group-180592A7F77F->e9bacc8e-add2-470d-91e3-29c7cfa3c1f4-AppendLogResponseHandler: Failed appendEntries: org.apache.ratis.thirdparty.io.grpc.StatusRuntimeException: UNAVAILABLE: io exception
2023-05-23 10:25:29,274 [grpc-default-executor-2] INFO  leader.FollowerInfo (FollowerInfoImpl.java:lambda$new$0(52)) - 7f763e46-2c68-46ea-ae9c-4adb784a7caa@group-180592A7F77F->e9bacc8e-add2-470d-91e3-29c7cfa3c1f4: decreaseNextIndex nextIndex: updateUnconditionally 2 -> 1
2023-05-23 10:25:29,274 [grpc-default-executor-6] WARN  server.GrpcLogAppender (LogUtils.java:warn(122)) - 7f763e46-2c68-46ea-ae9c-4adb784a7caa@group-180592A7F77F->e9bacc8e-add2-470d-91e3-29c7cfa3c1f4-AppendLogResponseHandler: Failed appendEntries: org.apache.ratis.thirdparty.io.grpc.StatusRuntimeException: UNAVAILABLE: io exception
2023-05-23 10:25:29,274 [grpc-default-executor-6] INFO  leader.FollowerInfo (FollowerInfoImpl.java:lambda$new$0(52)) - 7f763e46-2c68-46ea-ae9c-4adb784a7caa@group-180592A7F77F->e9bacc8e-add2-470d-91e3-29c7cfa3c1f4: decreaseNextIndex nextIndex: updateUnconditionally 1 -> 0
2023-05-23 10:25:29,284 [grpc-default-executor-6] WARN  server.GrpcLogAppender (LogUtils.java:warn(122)) - 7f763e46-2c68-46ea-ae9c-4adb784a7caa@group-180592A7F77F->e9bacc8e-add2-470d-91e3-29c7cfa3c1f4-AppendLogResponseHandler: Failed appendEntries: org.apache.ratis.thirdparty.io.grpc.StatusRuntimeException: UNAVAILABLE: io exception
2023-05-23 10:25:29,285 [grpc-default-executor-6] INFO  leader.FollowerInfo (FollowerInfoImpl.java:lambda$new$0(52)) - 7f763e46-2c68-46ea-ae9c-4adb784a7caa@group-180592A7F77F->e9bacc8e-add2-470d-91e3-29c7cfa3c1f4: decreaseNextIndex nextIndex: updateUnconditionally 1 -> 0
2023-05-23 10:25:29,285 [grpc-default-executor-2] WARN  server.GrpcLogAppender (LogUtils.java:warn(122)) - 7f763e46-2c68-46ea-ae9c-4adb784a7caa@group-180592A7F77F->e9bacc8e-add2-470d-91e3-29c7cfa3c1f4-AppendLogResponseHandler: Failed appendEntries: org.apache.ratis.thirdparty.io.grpc.StatusRuntimeException: UNAVAILABLE: io exception
2023-05-23 10:25:29,345 [ReplicationMonitor] INFO  replication.ReplicationManager (ReplicationManager.java:processAll(403)) - Replication Monitor Thread took 1 milliseconds for processing 1 containers.
2023-05-23 10:25:29,554 [Listener at 127.0.0.1/15052] INFO  container.TestHelper (TestHelper.java:countReplicas(423)) - Container 1 has 3 replicas on [7f763e46-2c68-46ea-ae9c-4adb784a7caa, e9bacc8e-add2-470d-91e3-29c7cfa3c1f4, ec27dbe6-08af-4523-b3ed-9f1573a1668d]
2023-05-23 10:25:30,345 [ReplicationMonitor] INFO  replication.ReplicationManager (ReplicationManager.java:processAll(403)) - Replication Monitor Thread took 0 milliseconds for processing 1 containers.
2023-05-23 10:25:30,524 [grpc-default-executor-2] WARN  server.GrpcLogAppender (LogUtils.java:warn(122)) - 7f763e46-2c68-46ea-ae9c-4adb784a7caa@group-180592A7F77F->e9bacc8e-add2-470d-91e3-29c7cfa3c1f4-AppendLogResponseHandler: Failed appendEntries: org.apache.ratis.thirdparty.io.grpc.StatusRuntimeException: UNAVAILABLE: io exception
2023-05-23 10:25:30,524 [grpc-default-executor-6] WARN  server.GrpcLogAppender (LogUtils.java:warn(122)) - 7f763e46-2c68-46ea-ae9c-4adb784a7caa@group-180592A7F77F->e9bacc8e-add2-470d-91e3-29c7cfa3c1f4-AppendLogResponseHandler: Failed appendEntries: org.apache.ratis.thirdparty.io.grpc.StatusRuntimeException: UNAVAILABLE: io exception
2023-05-23 10:25:30,535 [grpc-default-executor-6] WARN  server.GrpcLogAppender (LogUtils.java:warn(122)) - 7f763e46-2c68-46ea-ae9c-4adb784a7caa@group-180592A7F77F->e9bacc8e-add2-470d-91e3-29c7cfa3c1f4-AppendLogResponseHandler: Failed appendEntries: org.apache.ratis.thirdparty.io.grpc.StatusRuntimeException: UNAVAILABLE: io exception
2023-05-23 10:25:30,536 [grpc-default-executor-6] INFO  leader.FollowerInfo (FollowerInfoImpl.java:lambda$new$0(52)) - 7f763e46-2c68-46ea-ae9c-4adb784a7caa@group-180592A7F77F->e9bacc8e-add2-470d-91e3-29c7cfa3c1f4: decreaseNextIndex nextIndex: updateUnconditionally 1 -> 0
2023-05-23 10:25:30,537 [grpc-default-executor-2] WARN  server.GrpcLogAppender (LogUtils.java:warn(122)) - 7f763e46-2c68-46ea-ae9c-4adb784a7caa@group-180592A7F77F->e9bacc8e-add2-470d-91e3-29c7cfa3c1f4-AppendLogResponseHandler: Failed appendEntries: org.apache.ratis.thirdparty.io.grpc.StatusRuntimeException: UNAVAILABLE: io exception
2023-05-23 10:25:30,554 [Listener at 127.0.0.1/15052] INFO  container.TestHelper (TestHelper.java:countReplicas(423)) - Container 1 has 3 replicas on [7f763e46-2c68-46ea-ae9c-4adb784a7caa, e9bacc8e-add2-470d-91e3-29c7cfa3c1f4, ec27dbe6-08af-4523-b3ed-9f1573a1668d]
2023-05-23 10:25:31,346 [ReplicationMonitor] INFO  replication.ReplicationManager (ReplicationManager.java:processAll(403)) - Replication Monitor Thread took 0 milliseconds for processing 1 containers.
2023-05-23 10:25:31,555 [Listener at 127.0.0.1/15052] INFO  container.TestHelper (TestHelper.java:countReplicas(423)) - Container 1 has 3 replicas on [7f763e46-2c68-46ea-ae9c-4adb784a7caa, e9bacc8e-add2-470d-91e3-29c7cfa3c1f4, ec27dbe6-08af-4523-b3ed-9f1573a1668d]
2023-05-23 10:25:31,601 [EventQueue-DeadNodeForDeadNodeHandler] INFO  node.DeadNodeHandler (DeadNodeHandler.java:onMessage(83)) - A dead datanode is detected. e9bacc8e-add2-470d-91e3-29c7cfa3c1f4(fv-az1249-304/10.1.0.38)
2023-05-23 10:25:31,601 [EventQueue-DeadNodeForDeadNodeHandler] INFO  pipeline.RatisPipelineProvider (RatisPipelineProvider.java:lambda$close$4(272)) - Send pipeline:PipelineID=030ffc6f-8062-49cf-abd3-c975b6f1367c close command to datanode e9bacc8e-add2-470d-91e3-29c7cfa3c1f4
2023-05-23 10:25:31,603 [EventQueue-DeadNodeForDeadNodeHandler] INFO  pipeline.PipelineStateManagerImpl (PipelineStateManagerImpl.java:removePipeline(245)) - Pipeline Pipeline[ Id: 030ffc6f-8062-49cf-abd3-c975b6f1367c, Nodes: e9bacc8e-add2-470d-91e3-29c7cfa3c1f4(fv-az1249-304/10.1.0.38), ReplicationConfig: RATIS/ONE, State:CLOSED, leaderId:e9bacc8e-add2-470d-91e3-29c7cfa3c1f4, CreationTimestamp2023-05-23T10:25:14.657Z[Etc/UTC]] removed.
2023-05-23 10:25:31,603 [EventQueue-DeadNodeForDeadNodeHandler] INFO  pipeline.RatisPipelineProvider (RatisPipelineProvider.java:lambda$close$4(272)) - Send pipeline:PipelineID=1a2b4552-d01f-42a9-bdc6-f903808a28c9 close command to datanode 7f763e46-2c68-46ea-ae9c-4adb784a7caa
2023-05-23 10:25:31,603 [EventQueue-DeadNodeForDeadNodeHandler] INFO  pipeline.RatisPipelineProvider (RatisPipelineProvider.java:lambda$close$4(272)) - Send pipeline:PipelineID=1a2b4552-d01f-42a9-bdc6-f903808a28c9 close command to datanode e9bacc8e-add2-470d-91e3-29c7cfa3c1f4
2023-05-23 10:25:31,603 [EventQueue-DeadNodeForDeadNodeHandler] INFO  pipeline.RatisPipelineProvider (RatisPipelineProvider.java:lambda$close$4(272)) - Send pipeline:PipelineID=1a2b4552-d01f-42a9-bdc6-f903808a28c9 close command to datanode ec27dbe6-08af-4523-b3ed-9f1573a1668d
2023-05-23 10:25:31,604 [EventQueue-DeadNodeForDeadNodeHandler] INFO  pipeline.PipelineStateManagerImpl (PipelineStateManagerImpl.java:removePipeline(245)) - Pipeline Pipeline[ Id: 1a2b4552-d01f-42a9-bdc6-f903808a28c9, Nodes: 7f763e46-2c68-46ea-ae9c-4adb784a7caa(fv-az1249-304/10.1.0.38)e9bacc8e-add2-470d-91e3-29c7cfa3c1f4(fv-az1249-304/10.1.0.38)ec27dbe6-08af-4523-b3ed-9f1573a1668d(fv-az1249-304/10.1.0.38), ReplicationConfig: RATIS/THREE, State:CLOSED, leaderId:e9bacc8e-add2-470d-91e3-29c7cfa3c1f4, CreationTimestamp2023-05-23T10:25:14.663Z[Etc/UTC]] removed.
2023-05-23 10:25:31,604 [EventQueue-DeadNodeForDeadNodeHandler] INFO  pipeline.RatisPipelineProvider (RatisPipelineProvider.java:lambda$close$4(272)) - Send pipeline:PipelineID=2dccc36a-3241-4516-8d37-180592a7f77f close command to datanode e9bacc8e-add2-470d-91e3-29c7cfa3c1f4
2023-05-23 10:25:31,604 [EventQueue-DeadNodeForDeadNodeHandler] INFO  pipeline.RatisPipelineProvider (RatisPipelineProvider.java:lambda$close$4(272)) - Send pipeline:PipelineID=2dccc36a-3241-4516-8d37-180592a7f77f close command to datanode ec27dbe6-08af-4523-b3ed-9f1573a1668d
2023-05-23 10:25:31,604 [EventQueue-DeadNodeForDeadNodeHandler] INFO  pipeline.RatisPipelineProvider (RatisPipelineProvider.java:lambda$close$4(272)) - Send pipeline:PipelineID=2dccc36a-3241-4516-8d37-180592a7f77f close command to datanode 7f763e46-2c68-46ea-ae9c-4adb784a7caa
2023-05-23 10:25:31,604 [EventQueue-DeadNodeForDeadNodeHandler] INFO  pipeline.PipelineStateManagerImpl (PipelineStateManagerImpl.java:removePipeline(245)) - Pipeline Pipeline[ Id: 2dccc36a-3241-4516-8d37-180592a7f77f, Nodes: e9bacc8e-add2-470d-91e3-29c7cfa3c1f4(fv-az1249-304/10.1.0.38)ec27dbe6-08af-4523-b3ed-9f1573a1668d(fv-az1249-304/10.1.0.38)7f763e46-2c68-46ea-ae9c-4adb784a7caa(fv-az1249-304/10.1.0.38), ReplicationConfig: RATIS/THREE, State:CLOSED, leaderId:7f763e46-2c68-46ea-ae9c-4adb784a7caa, CreationTimestamp2023-05-23T10:25:14.661Z[Etc/UTC]] removed.
2023-05-23 10:25:31,605 [EventQueue-DeadNodeForDeadNodeHandler] INFO  node.DeadNodeHandler (DeadNodeHandler.java:onMessage(96)) - Clearing command queue of size 3 for DN e9bacc8e-add2-470d-91e3-29c7cfa3c1f4(fv-az1249-304/10.1.0.38)
2023-05-23 10:25:31,605 [EventQueue-DeadNodeForDeadNodeHandler] INFO  net.NetworkTopologyImpl (NetworkTopologyImpl.java:remove(190)) - Removed a node: /default-rack/e9bacc8e-add2-470d-91e3-29c7cfa3c1f4
2023-05-23 10:25:31,775 [grpc-default-executor-2] WARN  server.GrpcLogAppender (LogUtils.java:warn(122)) - 7f763e46-2c68-46ea-ae9c-4adb784a7caa@group-180592A7F77F->e9bacc8e-add2-470d-91e3-29c7cfa3c1f4-AppendLogResponseHandler: Failed appendEntries: org.apache.ratis.thirdparty.io.grpc.StatusRuntimeException: UNAVAILABLE: io exception
2023-05-23 10:25:31,776 [grpc-default-executor-6] WARN  server.GrpcLogAppender (LogUtils.java:warn(122)) - 7f763e46-2c68-46ea-ae9c-4adb784a7caa@group-180592A7F77F->e9bacc8e-add2-470d-91e3-29c7cfa3c1f4-AppendLogResponseHandler: Failed appendEntries: org.apache.ratis.thirdparty.io.grpc.StatusRuntimeException: UNAVAILABLE: io exception
2023-05-23 10:25:31,786 [grpc-default-executor-6] WARN  server.GrpcLogAppender (LogUtils.java:warn(122)) - 7f763e46-2c68-46ea-ae9c-4adb784a7caa@group-180592A7F77F->e9bacc8e-add2-470d-91e3-29c7cfa3c1f4-AppendLogResponseHandler: Failed appendEntries: org.apache.ratis.thirdparty.io.grpc.StatusRuntimeException: UNAVAILABLE: io exception
2023-05-23 10:25:31,787 [grpc-default-executor-6] INFO  leader.FollowerInfo (FollowerInfoImpl.java:lambda$new$0(52)) - 7f763e46-2c68-46ea-ae9c-4adb784a7caa@group-180592A7F77F->e9bacc8e-add2-470d-91e3-29c7cfa3c1f4: decreaseNextIndex nextIndex: updateUnconditionally 1 -> 0
2023-05-23 10:25:31,787 [grpc-default-executor-2] WARN  server.GrpcLogAppender (LogUtils.java:warn(122)) - 7f763e46-2c68-46ea-ae9c-4adb784a7caa@group-180592A7F77F->e9bacc8e-add2-470d-91e3-29c7cfa3c1f4-AppendLogResponseHandler: Failed appendEntries: org.apache.ratis.thirdparty.io.grpc.StatusRuntimeException: UNAVAILABLE: io exception
2023-05-23 10:25:32,347 [ReplicationMonitor] INFO  replication.ReplicationManager (ReplicationManager.java:processAll(403)) - Replication Monitor Thread took 1 milliseconds for processing 1 containers.
2023-05-23 10:25:32,532 [ec27dbe6-08af-4523-b3ed-9f1573a1668d@group-F903808A28C9-FollowerState] INFO  impl.FollowerState (FollowerState.java:run(143)) - ec27dbe6-08af-4523-b3ed-9f1573a1668d@group-F903808A28C9-FollowerState: change to CANDIDATE, lastRpcElapsedTime:7621529510ns, electionTimeout:5143ms
2023-05-23 10:25:32,532 [ec27dbe6-08af-4523-b3ed-9f1573a1668d@group-F903808A28C9-FollowerState] INFO  impl.RoleInfo (RoleInfo.java:shutdownFollowerState(110)) - ec27dbe6-08af-4523-b3ed-9f1573a1668d: shutdown ec27dbe6-08af-4523-b3ed-9f1573a1668d@group-F903808A28C9-FollowerState
2023-05-23 10:25:32,532 [ec27dbe6-08af-4523-b3ed-9f1573a1668d@group-F903808A28C9-FollowerState] INFO  server.RaftServer$Division (RaftServerImpl.java:setRole(329)) - ec27dbe6-08af-4523-b3ed-9f1573a1668d@group-F903808A28C9: changes role from  FOLLOWER to CANDIDATE at term 1 for changeToCandidate
2023-05-23 10:25:32,532 [ec27dbe6-08af-4523-b3ed-9f1573a1668d@group-F903808A28C9-FollowerState] INFO  server.RaftServerConfigKeys (ConfUtils.java:logGet(46)) - raft.server.leaderelection.pre-vote = true (default)
2023-05-23 10:25:32,532 [ec27dbe6-08af-4523-b3ed-9f1573a1668d@group-F903808A28C9-FollowerState] INFO  impl.RoleInfo (RoleInfo.java:updateAndGet(139)) - ec27dbe6-08af-4523-b3ed-9f1573a1668d: start ec27dbe6-08af-4523-b3ed-9f1573a1668d@group-F903808A28C9-LeaderElection21
2023-05-23 10:25:32,534 [7f763e46-2c68-46ea-ae9c-4adb784a7caa@group-F903808A28C9-FollowerState] INFO  impl.FollowerState (FollowerState.java:run(143)) - 7f763e46-2c68-46ea-ae9c-4adb784a7caa@group-F903808A28C9-FollowerState: change to CANDIDATE, lastRpcElapsedTime:7599715364ns, electionTimeout:5066ms
2023-05-23 10:25:32,534 [7f763e46-2c68-46ea-ae9c-4adb784a7caa@group-F903808A28C9-FollowerState] INFO  impl.RoleInfo (RoleInfo.java:shutdownFollowerState(110)) - 7f763e46-2c68-46ea-ae9c-4adb784a7caa: shutdown 7f763e46-2c68-46ea-ae9c-4adb784a7caa@group-F903808A28C9-FollowerState
2023-05-23 10:25:32,534 [7f763e46-2c68-46ea-ae9c-4adb784a7caa@group-F903808A28C9-FollowerState] INFO  server.RaftServer$Division (RaftServerImpl.java:setRole(329)) - 7f763e46-2c68-46ea-ae9c-4adb784a7caa@group-F903808A28C9: changes role from  FOLLOWER to CANDIDATE at term 1 for changeToCandidate
2023-05-23 10:25:32,534 [7f763e46-2c68-46ea-ae9c-4adb784a7caa@group-F903808A28C9-FollowerState] INFO  server.RaftServerConfigKeys (ConfUtils.java:logGet(46)) - raft.server.leaderelection.pre-vote = true (default)
2023-05-23 10:25:32,534 [7f763e46-2c68-46ea-ae9c-4adb784a7caa@group-F903808A28C9-FollowerState] INFO  impl.RoleInfo (RoleInfo.java:updateAndGet(139)) - 7f763e46-2c68-46ea-ae9c-4adb784a7caa: start 7f763e46-2c68-46ea-ae9c-4adb784a7caa@group-F903808A28C9-LeaderElection22
2023-05-23 10:25:32,535 [ec27dbe6-08af-4523-b3ed-9f1573a1668d@group-F903808A28C9-LeaderElection21] INFO  server.RaftServer$Division (ServerState.java:setLeader(317)) - ec27dbe6-08af-4523-b3ed-9f1573a1668d@group-F903808A28C9: change Leader from e9bacc8e-add2-470d-91e3-29c7cfa3c1f4 to null at term 1 for PRE_VOTE
2023-05-23 10:25:32,535 [ec27dbe6-08af-4523-b3ed-9f1573a1668d@group-F903808A28C9-LeaderElection21] INFO  impl.LeaderElection (LeaderElection.java:askForVotes(321)) - ec27dbe6-08af-4523-b3ed-9f1573a1668d@group-F903808A28C9-LeaderElection21 PRE_VOTE round 0: submit vote requests at term 1 for 0: peers:[ec27dbe6-08af-4523-b3ed-9f1573a1668d|rpc:10.1.0.38:15069|admin:10.1.0.38:15068|client:10.1.0.38:15067|dataStream:10.1.0.38:15070|priority:0|startupRole:FOLLOWER, 7f763e46-2c68-46ea-ae9c-4adb784a7caa|rpc:10.1.0.38:15061|admin:10.1.0.38:15060|client:10.1.0.38:15059|dataStream:10.1.0.38:15062|priority:0|startupRole:FOLLOWER, e9bacc8e-add2-470d-91e3-29c7cfa3c1f4|rpc:10.1.0.38:15077|admin:10.1.0.38:15076|client:10.1.0.38:15075|dataStream:10.1.0.38:15078|priority:1|startupRole:FOLLOWER]|listeners:[], old=null
2023-05-23 10:25:32,536 [7f763e46-2c68-46ea-ae9c-4adb784a7caa@group-F903808A28C9-LeaderElection22] INFO  server.RaftServer$Division (ServerState.java:setLeader(317)) - 7f763e46-2c68-46ea-ae9c-4adb784a7caa@group-F903808A28C9: change Leader from e9bacc8e-add2-470d-91e3-29c7cfa3c1f4 to null at term 1 for PRE_VOTE
2023-05-23 10:25:32,536 [7f763e46-2c68-46ea-ae9c-4adb784a7caa@group-F903808A28C9-LeaderElection22] INFO  impl.LeaderElection (LeaderElection.java:askForVotes(321)) - 7f763e46-2c68-46ea-ae9c-4adb784a7caa@group-F903808A28C9-LeaderElection22 PRE_VOTE round 0: submit vote requests at term 1 for 0: peers:[ec27dbe6-08af-4523-b3ed-9f1573a1668d|rpc:10.1.0.38:15069|admin:10.1.0.38:15068|client:10.1.0.38:15067|dataStream:10.1.0.38:15070|priority:0|startupRole:FOLLOWER, 7f763e46-2c68-46ea-ae9c-4adb784a7caa|rpc:10.1.0.38:15061|admin:10.1.0.38:15060|client:10.1.0.38:15059|dataStream:10.1.0.38:15062|priority:0|startupRole:FOLLOWER, e9bacc8e-add2-470d-91e3-29c7cfa3c1f4|rpc:10.1.0.38:15077|admin:10.1.0.38:15076|client:10.1.0.38:15075|dataStream:10.1.0.38:15078|priority:1|startupRole:FOLLOWER]|listeners:[], old=null
2023-05-23 10:25:32,545 [grpc-default-executor-2] INFO  server.RaftServer$Division (RaftServerImpl.java:requestVote(1302)) - 7f763e46-2c68-46ea-ae9c-4adb784a7caa@group-F903808A28C9: receive requestVote(PRE_VOTE, ec27dbe6-08af-4523-b3ed-9f1573a1668d, group-F903808A28C9, 1, (t:1, i:0))
2023-05-23 10:25:32,545 [grpc-default-executor-2] INFO  impl.VoteContext (VoteContext.java:log(49)) - 7f763e46-2c68-46ea-ae9c-4adb784a7caa@group-F903808A28C9-CANDIDATE: accept PRE_VOTE from ec27dbe6-08af-4523-b3ed-9f1573a1668d: our priority 0 <= candidate's priority 0
2023-05-23 10:25:32,545 [grpc-default-executor-2] INFO  server.RaftServer$Division (RaftServerImpl.java:requestVote(1335)) - 7f763e46-2c68-46ea-ae9c-4adb784a7caa@group-F903808A28C9 replies to PRE_VOTE vote request: ec27dbe6-08af-4523-b3ed-9f1573a1668d<-7f763e46-2c68-46ea-ae9c-4adb784a7caa#0:OK-t1. Peer's state: 7f763e46-2c68-46ea-ae9c-4adb784a7caa@group-F903808A28C9:t1, leader=null, voted=e9bacc8e-add2-470d-91e3-29c7cfa3c1f4, raftlog=Memoized:7f763e46-2c68-46ea-ae9c-4adb784a7caa@group-F903808A28C9-SegmentedRaftLog:OPENED:c0, conf=0: peers:[ec27dbe6-08af-4523-b3ed-9f1573a1668d|rpc:10.1.0.38:15069|admin:10.1.0.38:15068|client:10.1.0.38:15067|dataStream:10.1.0.38:15070|priority:0|startupRole:FOLLOWER, 7f763e46-2c68-46ea-ae9c-4adb784a7caa|rpc:10.1.0.38:15061|admin:10.1.0.38:15060|client:10.1.0.38:15059|dataStream:10.1.0.38:15062|priority:0|startupRole:FOLLOWER, e9bacc8e-add2-470d-91e3-29c7cfa3c1f4|rpc:10.1.0.38:15077|admin:10.1.0.38:15076|client:10.1.0.38:15075|dataStream:10.1.0.38:15078|priority:1|startupRole:FOLLOWER]|listeners:[], old=null
2023-05-23 10:25:32,546 [7f763e46-2c68-46ea-ae9c-4adb784a7caa@group-F903808A28C9-LeaderElection22] INFO  impl.LeaderElection (LogUtils.java:infoOrTrace(137)) - 7f763e46-2c68-46ea-ae9c-4adb784a7caa@group-F903808A28C9-LeaderElection22 got exception when requesting votes: java.util.concurrent.ExecutionException: org.apache.ratis.thirdparty.io.grpc.StatusRuntimeException: UNAVAILABLE: io exception
2023-05-23 10:25:32,546 [ec27dbe6-08af-4523-b3ed-9f1573a1668d@group-F903808A28C9-LeaderElection21] INFO  impl.LeaderElection (LogUtils.java:infoOrTrace(137)) - ec27dbe6-08af-4523-b3ed-9f1573a1668d@group-F903808A28C9-LeaderElection21 got exception when requesting votes: java.util.concurrent.ExecutionException: org.apache.ratis.thirdparty.io.grpc.StatusRuntimeException: UNAVAILABLE: io exception
2023-05-23 10:25:32,549 [grpc-default-executor-6] INFO  server.RaftServer$Division (RaftServerImpl.java:requestVote(1302)) - ec27dbe6-08af-4523-b3ed-9f1573a1668d@group-F903808A28C9: receive requestVote(PRE_VOTE, 7f763e46-2c68-46ea-ae9c-4adb784a7caa, group-F903808A28C9, 1, (t:1, i:0))
2023-05-23 10:25:32,550 [grpc-default-executor-6] INFO  impl.VoteContext (VoteContext.java:log(49)) - ec27dbe6-08af-4523-b3ed-9f1573a1668d@group-F903808A28C9-CANDIDATE: accept PRE_VOTE from 7f763e46-2c68-46ea-ae9c-4adb784a7caa: our priority 0 <= candidate's priority 0
2023-05-23 10:25:32,550 [grpc-default-executor-6] INFO  server.RaftServer$Division (RaftServerImpl.java:requestVote(1335)) - ec27dbe6-08af-4523-b3ed-9f1573a1668d@group-F903808A28C9 replies to PRE_VOTE vote request: 7f763e46-2c68-46ea-ae9c-4adb784a7caa<-ec27dbe6-08af-4523-b3ed-9f1573a1668d#0:OK-t1. Peer's state: ec27dbe6-08af-4523-b3ed-9f1573a1668d@group-F903808A28C9:t1, leader=null, voted=e9bacc8e-add2-470d-91e3-29c7cfa3c1f4, raftlog=Memoized:ec27dbe6-08af-4523-b3ed-9f1573a1668d@group-F903808A28C9-SegmentedRaftLog:OPENED:c0, conf=0: peers:[ec27dbe6-08af-4523-b3ed-9f1573a1668d|rpc:10.1.0.38:15069|admin:10.1.0.38:15068|client:10.1.0.38:15067|dataStream:10.1.0.38:15070|priority:0|startupRole:FOLLOWER, 7f763e46-2c68-46ea-ae9c-4adb784a7caa|rpc:10.1.0.38:15061|admin:10.1.0.38:15060|client:10.1.0.38:15059|dataStream:10.1.0.38:15062|priority:0|startupRole:FOLLOWER, e9bacc8e-add2-470d-91e3-29c7cfa3c1f4|rpc:10.1.0.38:15077|admin:10.1.0.38:15076|client:10.1.0.38:15075|dataStream:10.1.0.38:15078|priority:1|startupRole:FOLLOWER]|listeners:[], old=null
2023-05-23 10:25:32,551 [7f763e46-2c68-46ea-ae9c-4adb784a7caa@group-F903808A28C9-LeaderElection22] INFO  impl.LeaderElection (LeaderElection.java:logAndReturn(90)) - 7f763e46-2c68-46ea-ae9c-4adb784a7caa@group-F903808A28C9-LeaderElection22: PRE_VOTE PASSED received 1 response(s) and 1 exception(s):
2023-05-23 10:25:32,551 [7f763e46-2c68-46ea-ae9c-4adb784a7caa@group-F903808A28C9-LeaderElection22] INFO  impl.LeaderElection (LeaderElection.java:logAndReturn(94)) -   Response 0: 7f763e46-2c68-46ea-ae9c-4adb784a7caa<-ec27dbe6-08af-4523-b3ed-9f1573a1668d#0:OK-t1
2023-05-23 10:25:32,551 [ec27dbe6-08af-4523-b3ed-9f1573a1668d@group-F903808A28C9-LeaderElection21] INFO  impl.LeaderElection (LeaderElection.java:logAndReturn(90)) - ec27dbe6-08af-4523-b3ed-9f1573a1668d@group-F903808A28C9-LeaderElection21: PRE_VOTE PASSED received 1 response(s) and 1 exception(s):
2023-05-23 10:25:32,551 [ec27dbe6-08af-4523-b3ed-9f1573a1668d@group-F903808A28C9-LeaderElection21] INFO  impl.LeaderElection (LeaderElection.java:logAndReturn(94)) -   Response 0: ec27dbe6-08af-4523-b3ed-9f1573a1668d<-7f763e46-2c68-46ea-ae9c-4adb784a7caa#0:OK-t1
2023-05-23 10:25:32,552 [7f763e46-2c68-46ea-ae9c-4adb784a7caa@group-F903808A28C9-LeaderElection22] INFO  impl.LeaderElection (LogUtils.java:infoOrTrace(137)) -   Exception 1: java.util.concurrent.ExecutionException: org.apache.ratis.thirdparty.io.grpc.StatusRuntimeException: UNAVAILABLE: io exception
2023-05-23 10:25:32,552 [ec27dbe6-08af-4523-b3ed-9f1573a1668d@group-F903808A28C9-LeaderElection21] INFO  impl.LeaderElection (LogUtils.java:infoOrTrace(137)) -   Exception 1: java.util.concurrent.ExecutionException: org.apache.ratis.thirdparty.io.grpc.StatusRuntimeException: UNAVAILABLE: io exception
2023-05-23 10:25:32,552 [ec27dbe6-08af-4523-b3ed-9f1573a1668d@group-F903808A28C9-LeaderElection21] INFO  impl.LeaderElection (LeaderElection.java:askForVotes(323)) - ec27dbe6-08af-4523-b3ed-9f1573a1668d@group-F903808A28C9-LeaderElection21 PRE_VOTE round 0: result PASSED
2023-05-23 10:25:32,552 [7f763e46-2c68-46ea-ae9c-4adb784a7caa@group-F903808A28C9-LeaderElection22] INFO  impl.LeaderElection (LeaderElection.java:askForVotes(323)) - 7f763e46-2c68-46ea-ae9c-4adb784a7caa@group-F903808A28C9-LeaderElection22 PRE_VOTE round 0: result PASSED
2023-05-23 10:25:32,554 [ec27dbe6-08af-4523-b3ed-9f1573a1668d@group-F903808A28C9-LeaderElection21] INFO  impl.LeaderElection (LeaderElection.java:askForVotes(321)) - ec27dbe6-08af-4523-b3ed-9f1573a1668d@group-F903808A28C9-LeaderElection21 ELECTION round 0: submit vote requests at term 2 for 0: peers:[ec27dbe6-08af-4523-b3ed-9f1573a1668d|rpc:10.1.0.38:15069|admin:10.1.0.38:15068|client:10.1.0.38:15067|dataStream:10.1.0.38:15070|priority:0|startupRole:FOLLOWER, 7f763e46-2c68-46ea-ae9c-4adb784a7caa|rpc:10.1.0.38:15061|admin:10.1.0.38:15060|client:10.1.0.38:15059|dataStream:10.1.0.38:15062|priority:0|startupRole:FOLLOWER, e9bacc8e-add2-470d-91e3-29c7cfa3c1f4|rpc:10.1.0.38:15077|admin:10.1.0.38:15076|client:10.1.0.38:15075|dataStream:10.1.0.38:15078|priority:1|startupRole:FOLLOWER]|listeners:[], old=null
2023-05-23 10:25:32,555 [7f763e46-2c68-46ea-ae9c-4adb784a7caa@group-F903808A28C9-LeaderElection22] INFO  impl.LeaderElection (LeaderElection.java:askForVotes(321)) - 7f763e46-2c68-46ea-ae9c-4adb784a7caa@group-F903808A28C9-LeaderElection22 ELECTION round 0: submit vote requests at term 2 for 0: peers:[ec27dbe6-08af-4523-b3ed-9f1573a1668d|rpc:10.1.0.38:15069|admin:10.1.0.38:15068|client:10.1.0.38:15067|dataStream:10.1.0.38:15070|priority:0|startupRole:FOLLOWER, 7f763e46-2c68-46ea-ae9c-4adb784a7caa|rpc:10.1.0.38:15061|admin:10.1.0.38:15060|client:10.1.0.38:15059|dataStream:10.1.0.38:15062|priority:0|startupRole:FOLLOWER, e9bacc8e-add2-470d-91e3-29c7cfa3c1f4|rpc:10.1.0.38:15077|admin:10.1.0.38:15076|client:10.1.0.38:15075|dataStream:10.1.0.38:15078|priority:1|startupRole:FOLLOWER]|listeners:[], old=null
2023-05-23 10:25:32,555 [Listener at 127.0.0.1/15052] INFO  container.TestHelper (TestHelper.java:countReplicas(423)) - Container 1 has 2 replicas on [7f763e46-2c68-46ea-ae9c-4adb784a7caa, ec27dbe6-08af-4523-b3ed-9f1573a1668d]
2023-05-23 10:25:32,555 [Listener at 127.0.0.1/15052] INFO  container.TestHelper (TestHelper.java:countReplicas(423)) - Container 1 has 2 replicas on [7f763e46-2c68-46ea-ae9c-4adb784a7caa, ec27dbe6-08af-4523-b3ed-9f1573a1668d]
2023-05-23 10:25:32,561 [grpc-default-executor-6] INFO  server.RaftServer$Division (RaftServerImpl.java:requestVote(1302)) - 7f763e46-2c68-46ea-ae9c-4adb784a7caa@group-F903808A28C9: receive requestVote(ELECTION, ec27dbe6-08af-4523-b3ed-9f1573a1668d, group-F903808A28C9, 2, (t:1, i:0))
2023-05-23 10:25:32,562 [grpc-default-executor-6] INFO  impl.VoteContext (VoteContext.java:log(49)) - 7f763e46-2c68-46ea-ae9c-4adb784a7caa@group-F903808A28C9-CANDIDATE: reject ELECTION from ec27dbe6-08af-4523-b3ed-9f1573a1668d: already has voted for 7f763e46-2c68-46ea-ae9c-4adb784a7caa at current term 2
2023-05-23 10:25:32,562 [grpc-default-executor-6] INFO  server.RaftServer$Division (RaftServerImpl.java:requestVote(1335)) - 7f763e46-2c68-46ea-ae9c-4adb784a7caa@group-F903808A28C9 replies to ELECTION vote request: ec27dbe6-08af-4523-b3ed-9f1573a1668d<-7f763e46-2c68-46ea-ae9c-4adb784a7caa#0:FAIL-t2. Peer's state: 7f763e46-2c68-46ea-ae9c-4adb784a7caa@group-F903808A28C9:t2, leader=null, voted=7f763e46-2c68-46ea-ae9c-4adb784a7caa, raftlog=Memoized:7f763e46-2c68-46ea-ae9c-4adb784a7caa@group-F903808A28C9-SegmentedRaftLog:OPENED:c0, conf=0: peers:[ec27dbe6-08af-4523-b3ed-9f1573a1668d|rpc:10.1.0.38:15069|admin:10.1.0.38:15068|client:10.1.0.38:15067|dataStream:10.1.0.38:15070|priority:0|startupRole:FOLLOWER, 7f763e46-2c68-46ea-ae9c-4adb784a7caa|rpc:10.1.0.38:15061|admin:10.1.0.38:15060|client:10.1.0.38:15059|dataStream:10.1.0.38:15062|priority:0|startupRole:FOLLOWER, e9bacc8e-add2-470d-91e3-29c7cfa3c1f4|rpc:10.1.0.38:15077|admin:10.1.0.38:15076|client:10.1.0.38:15075|dataStream:10.1.0.38:15078|priority:1|startupRole:FOLLOWER]|listeners:[], old=null
2023-05-23 10:25:32,563 [ec27dbe6-08af-4523-b3ed-9f1573a1668d@group-F903808A28C9-LeaderElection21] INFO  impl.LeaderElection (LogUtils.java:infoOrTrace(137)) - ec27dbe6-08af-4523-b3ed-9f1573a1668d@group-F903808A28C9-LeaderElection21 got exception when requesting votes: java.util.concurrent.ExecutionException: org.apache.ratis.thirdparty.io.grpc.StatusRuntimeException: UNAVAILABLE: io exception
2023-05-23 10:25:32,564 [7f763e46-2c68-46ea-ae9c-4adb784a7caa@group-F903808A28C9-LeaderElection22] INFO  impl.LeaderElection (LogUtils.java:infoOrTrace(137)) - 7f763e46-2c68-46ea-ae9c-4adb784a7caa@group-F903808A28C9-LeaderElection22 got exception when requesting votes: java.util.concurrent.ExecutionException: org.apache.ratis.thirdparty.io.grpc.StatusRuntimeException: UNAVAILABLE: io exception
2023-05-23 10:25:32,566 [grpc-default-executor-2] INFO  server.RaftServer$Division (RaftServerImpl.java:requestVote(1302)) - ec27dbe6-08af-4523-b3ed-9f1573a1668d@group-F903808A28C9: receive requestVote(ELECTION, 7f763e46-2c68-46ea-ae9c-4adb784a7caa, group-F903808A28C9, 2, (t:1, i:0))
2023-05-23 10:25:32,566 [grpc-default-executor-2] INFO  impl.VoteContext (VoteContext.java:log(49)) - ec27dbe6-08af-4523-b3ed-9f1573a1668d@group-F903808A28C9-CANDIDATE: reject ELECTION from 7f763e46-2c68-46ea-ae9c-4adb784a7caa: already has voted for ec27dbe6-08af-4523-b3ed-9f1573a1668d at current term 2
2023-05-23 10:25:32,566 [grpc-default-executor-2] INFO  server.RaftServer$Division (RaftServerImpl.java:requestVote(1335)) - ec27dbe6-08af-4523-b3ed-9f1573a1668d@group-F903808A28C9 replies to ELECTION vote request: 7f763e46-2c68-46ea-ae9c-4adb784a7caa<-ec27dbe6-08af-4523-b3ed-9f1573a1668d#0:FAIL-t2. Peer's state: ec27dbe6-08af-4523-b3ed-9f1573a1668d@group-F903808A28C9:t2, leader=null, voted=ec27dbe6-08af-4523-b3ed-9f1573a1668d, raftlog=Memoized:ec27dbe6-08af-4523-b3ed-9f1573a1668d@group-F903808A28C9-SegmentedRaftLog:OPENED:c0, conf=0: peers:[ec27dbe6-08af-4523-b3ed-9f1573a1668d|rpc:10.1.0.38:15069|admin:10.1.0.38:15068|client:10.1.0.38:15067|dataStream:10.1.0.38:15070|priority:0|startupRole:FOLLOWER, 7f763e46-2c68-46ea-ae9c-4adb784a7caa|rpc:10.1.0.38:15061|admin:10.1.0.38:15060|client:10.1.0.38:15059|dataStream:10.1.0.38:15062|priority:0|startupRole:FOLLOWER, e9bacc8e-add2-470d-91e3-29c7cfa3c1f4|rpc:10.1.0.38:15077|admin:10.1.0.38:15076|client:10.1.0.38:15075|dataStream:10.1.0.38:15078|priority:1|startupRole:FOLLOWER]|listeners:[], old=null
2023-05-23 10:25:32,567 [ec27dbe6-08af-4523-b3ed-9f1573a1668d@group-F903808A28C9-LeaderElection21] INFO  impl.LeaderElection (LeaderElection.java:logAndReturn(90)) - ec27dbe6-08af-4523-b3ed-9f1573a1668d@group-F903808A28C9-LeaderElection21: ELECTION REJECTED received 1 response(s) and 1 exception(s):
2023-05-23 10:25:32,567 [ec27dbe6-08af-4523-b3ed-9f1573a1668d@group-F903808A28C9-LeaderElection21] INFO  impl.LeaderElection (LeaderElection.java:logAndReturn(94)) -   Response 0: ec27dbe6-08af-4523-b3ed-9f1573a1668d<-7f763e46-2c68-46ea-ae9c-4adb784a7caa#0:FAIL-t2
2023-05-23 10:25:32,567 [ec27dbe6-08af-4523-b3ed-9f1573a1668d@group-F903808A28C9-LeaderElection21] INFO  impl.LeaderElection (LogUtils.java:infoOrTrace(137)) -   Exception 1: java.util.concurrent.ExecutionException: org.apache.ratis.thirdparty.io.grpc.StatusRuntimeException: UNAVAILABLE: io exception
2023-05-23 10:25:32,567 [ec27dbe6-08af-4523-b3ed-9f1573a1668d@group-F903808A28C9-LeaderElection21] INFO  impl.LeaderElection (LeaderElection.java:askForVotes(323)) - ec27dbe6-08af-4523-b3ed-9f1573a1668d@group-F903808A28C9-LeaderElection21 ELECTION round 0: result REJECTED
2023-05-23 10:25:32,567 [ec27dbe6-08af-4523-b3ed-9f1573a1668d@group-F903808A28C9-LeaderElection21] INFO  server.RaftServer$Division (RaftServerImpl.java:setRole(329)) - ec27dbe6-08af-4523-b3ed-9f1573a1668d@group-F903808A28C9: changes role from CANDIDATE to FOLLOWER at term 2 for REJECTED
2023-05-23 10:25:32,567 [ec27dbe6-08af-4523-b3ed-9f1573a1668d@group-F903808A28C9-LeaderElection21] INFO  impl.RoleInfo (RoleInfo.java:shutdownLeaderElection(130)) - ec27dbe6-08af-4523-b3ed-9f1573a1668d: shutdown ec27dbe6-08af-4523-b3ed-9f1573a1668d@group-F903808A28C9-LeaderElection21
2023-05-23 10:25:32,567 [ec27dbe6-08af-4523-b3ed-9f1573a1668d@group-F903808A28C9-LeaderElection21] INFO  impl.RoleInfo (RoleInfo.java:updateAndGet(139)) - ec27dbe6-08af-4523-b3ed-9f1573a1668d: start ec27dbe6-08af-4523-b3ed-9f1573a1668d@group-F903808A28C9-FollowerState
2023-05-23 10:25:32,571 [7f763e46-2c68-46ea-ae9c-4adb784a7caa@group-F903808A28C9-LeaderElection22] INFO  impl.LeaderElection (LeaderElection.java:logAndReturn(90)) - 7f763e46-2c68-46ea-ae9c-4adb784a7caa@group-F903808A28C9-LeaderElection22: ELECTION REJECTED received 1 response(s) and 1 exception(s):
2023-05-23 10:25:32,571 [7f763e46-2c68-46ea-ae9c-4adb784a7caa@group-F903808A28C9-LeaderElection22] INFO  impl.LeaderElection (LeaderElection.java:logAndReturn(94)) -   Response 0: 7f763e46-2c68-46ea-ae9c-4adb784a7caa<-ec27dbe6-08af-4523-b3ed-9f1573a1668d#0:FAIL-t2
2023-05-23 10:25:32,571 [7f763e46-2c68-46ea-ae9c-4adb784a7caa@group-F903808A28C9-LeaderElection22] INFO  impl.LeaderElection (LogUtils.java:infoOrTrace(137)) -   Exception 1: java.util.concurrent.ExecutionException: org.apache.ratis.thirdparty.io.grpc.StatusRuntimeException: UNAVAILABLE: io exception
2023-05-23 10:25:32,571 [7f763e46-2c68-46ea-ae9c-4adb784a7caa@group-F903808A28C9-LeaderElection22] INFO  impl.LeaderElection (LeaderElection.java:askForVotes(323)) - 7f763e46-2c68-46ea-ae9c-4adb784a7caa@group-F903808A28C9-LeaderElection22 ELECTION round 0: result REJECTED
2023-05-23 10:25:32,571 [7f763e46-2c68-46ea-ae9c-4adb784a7caa@group-F903808A28C9-LeaderElection22] INFO  server.RaftServer$Division (RaftServerImpl.java:setRole(329)) - 7f763e46-2c68-46ea-ae9c-4adb784a7caa@group-F903808A28C9: changes role from CANDIDATE to FOLLOWER at term 2 for REJECTED
2023-05-23 10:25:32,571 [7f763e46-2c68-46ea-ae9c-4adb784a7caa@group-F903808A28C9-LeaderElection22] INFO  impl.RoleInfo (RoleInfo.java:shutdownLeaderElection(130)) - 7f763e46-2c68-46ea-ae9c-4adb784a7caa: shutdown 7f763e46-2c68-46ea-ae9c-4adb784a7caa@group-F903808A28C9-LeaderElection22
2023-05-23 10:25:32,571 [7f763e46-2c68-46ea-ae9c-4adb784a7caa@group-F903808A28C9-LeaderElection22] INFO  impl.RoleInfo (RoleInfo.java:updateAndGet(139)) - 7f763e46-2c68-46ea-ae9c-4adb784a7caa: start 7f763e46-2c68-46ea-ae9c-4adb784a7caa@group-F903808A28C9-FollowerState
2023-05-23 10:25:33,027 [grpc-default-executor-2] WARN  server.GrpcLogAppender (LogUtils.java:warn(122)) - 7f763e46-2c68-46ea-ae9c-4adb784a7caa@group-180592A7F77F->e9bacc8e-add2-470d-91e3-29c7cfa3c1f4-AppendLogResponseHandler: Failed appendEntries: org.apache.ratis.thirdparty.io.grpc.StatusRuntimeException: UNAVAILABLE: io exception
2023-05-23 10:25:33,027 [grpc-default-executor-6] WARN  server.GrpcLogAppender (LogUtils.java:warn(122)) - 7f763e46-2c68-46ea-ae9c-4adb784a7caa@group-180592A7F77F->e9bacc8e-add2-470d-91e3-29c7cfa3c1f4-AppendLogResponseHandler: Failed appendEntries: org.apache.ratis.thirdparty.io.grpc.StatusRuntimeException: UNAVAILABLE: io exception
2023-05-23 10:25:33,038 [grpc-default-executor-6] WARN  server.GrpcLogAppender (LogUtils.java:warn(122)) - 7f763e46-2c68-46ea-ae9c-4adb784a7caa@group-180592A7F77F->e9bacc8e-add2-470d-91e3-29c7cfa3c1f4-AppendLogResponseHandler: Failed appendEntries: org.apache.ratis.thirdparty.io.grpc.StatusRuntimeException: UNAVAILABLE: io exception
2023-05-23 10:25:33,038 [grpc-default-executor-6] INFO  leader.FollowerInfo (FollowerInfoImpl.java:lambda$new$0(52)) - 7f763e46-2c68-46ea-ae9c-4adb784a7caa@group-180592A7F77F->e9bacc8e-add2-470d-91e3-29c7cfa3c1f4: decreaseNextIndex nextIndex: updateUnconditionally 1 -> 0
2023-05-23 10:25:33,039 [grpc-default-executor-2] WARN  server.GrpcLogAppender (LogUtils.java:warn(122)) - 7f763e46-2c68-46ea-ae9c-4adb784a7caa@group-180592A7F77F->e9bacc8e-add2-470d-91e3-29c7cfa3c1f4-AppendLogResponseHandler: Failed appendEntries: org.apache.ratis.thirdparty.io.grpc.StatusRuntimeException: UNAVAILABLE: io exception
2023-05-23 10:25:33,347 [ReplicationMonitor] INFO  replication.ReplicationManager (ReplicationManager.java:processAll(403)) - Replication Monitor Thread took 0 milliseconds for processing 1 containers.
2023-05-23 10:25:33,556 [Listener at 127.0.0.1/15052] INFO  container.TestHelper (TestHelper.java:countReplicas(423)) - Container 1 has 2 replicas on [7f763e46-2c68-46ea-ae9c-4adb784a7caa, ec27dbe6-08af-4523-b3ed-9f1573a1668d]
2023-05-23 10:25:34,278 [grpc-default-executor-2] WARN  server.GrpcLogAppender (LogUtils.java:warn(122)) - 7f763e46-2c68-46ea-ae9c-4adb784a7caa@group-180592A7F77F->e9bacc8e-add2-470d-91e3-29c7cfa3c1f4-AppendLogResponseHandler: Failed appendEntries: org.apache.ratis.thirdparty.io.grpc.StatusRuntimeException: UNAVAILABLE: io exception
2023-05-23 10:25:34,279 [grpc-default-executor-6] WARN  server.GrpcLogAppender (LogUtils.java:warn(122)) - 7f763e46-2c68-46ea-ae9c-4adb784a7caa@group-180592A7F77F->e9bacc8e-add2-470d-91e3-29c7cfa3c1f4-AppendLogResponseHandler: Failed appendEntries: org.apache.ratis.thirdparty.io.grpc.StatusRuntimeException: UNAVAILABLE: io exception
2023-05-23 10:25:34,289 [grpc-default-executor-6] WARN  server.GrpcLogAppender (LogUtils.java:warn(122)) - 7f763e46-2c68-46ea-ae9c-4adb784a7caa@group-180592A7F77F->e9bacc8e-add2-470d-91e3-29c7cfa3c1f4-AppendLogResponseHandler: Failed appendEntries: org.apache.ratis.thirdparty.io.grpc.StatusRuntimeException: UNAVAILABLE: io exception
2023-05-23 10:25:34,290 [grpc-default-executor-6] INFO  leader.FollowerInfo (FollowerInfoImpl.java:lambda$new$0(52)) - 7f763e46-2c68-46ea-ae9c-4adb784a7caa@group-180592A7F77F->e9bacc8e-add2-470d-91e3-29c7cfa3c1f4: decreaseNextIndex nextIndex: updateUnconditionally 1 -> 0
2023-05-23 10:25:34,291 [grpc-default-executor-2] WARN  server.GrpcLogAppender (LogUtils.java:warn(122)) - 7f763e46-2c68-46ea-ae9c-4adb784a7caa@group-180592A7F77F->e9bacc8e-add2-470d-91e3-29c7cfa3c1f4-AppendLogResponseHandler: Failed appendEntries: org.apache.ratis.thirdparty.io.grpc.StatusRuntimeException: UNAVAILABLE: io exception
2023-05-23 10:25:34,348 [ReplicationMonitor] INFO  replication.ReplicationManager (ReplicationManager.java:processAll(403)) - Replication Monitor Thread took 0 milliseconds for processing 1 containers.
2023-05-23 10:25:34,532 [Command processor thread] INFO  server.RaftServer (RaftServerProxy.java:remove(109)) - 7f763e46-2c68-46ea-ae9c-4adb784a7caa: remove  FOLLOWER 7f763e46-2c68-46ea-ae9c-4adb784a7caa@group-F903808A28C9:t2, leader=null, voted=7f763e46-2c68-46ea-ae9c-4adb784a7caa, raftlog=Memoized:7f763e46-2c68-46ea-ae9c-4adb784a7caa@group-F903808A28C9-SegmentedRaftLog:OPENED:c0, conf=0: peers:[ec27dbe6-08af-4523-b3ed-9f1573a1668d|rpc:10.1.0.38:15069|admin:10.1.0.38:15068|client:10.1.0.38:15067|dataStream:10.1.0.38:15070|priority:0|startupRole:FOLLOWER, 7f763e46-2c68-46ea-ae9c-4adb784a7caa|rpc:10.1.0.38:15061|admin:10.1.0.38:15060|client:10.1.0.38:15059|dataStream:10.1.0.38:15062|priority:0|startupRole:FOLLOWER, e9bacc8e-add2-470d-91e3-29c7cfa3c1f4|rpc:10.1.0.38:15077|admin:10.1.0.38:15076|client:10.1.0.38:15075|dataStream:10.1.0.38:15078|priority:1|startupRole:FOLLOWER]|listeners:[], old=null RUNNING
2023-05-23 10:25:34,532 [Command processor thread] INFO  server.RaftServer$Division (RaftServerImpl.java:lambda$close$4(466)) - 7f763e46-2c68-46ea-ae9c-4adb784a7caa@group-F903808A28C9: shutdown
2023-05-23 10:25:34,532 [Command processor thread] INFO  util.JmxRegister (JmxRegister.java:unregister(73)) - Successfully un-registered JMX Bean with object name Ratis:service=RaftServer,group=group-F903808A28C9,id=7f763e46-2c68-46ea-ae9c-4adb784a7caa
2023-05-23 10:25:34,532 [Command processor thread] INFO  impl.RoleInfo (RoleInfo.java:shutdownFollowerState(110)) - 7f763e46-2c68-46ea-ae9c-4adb784a7caa: shutdown 7f763e46-2c68-46ea-ae9c-4adb784a7caa@group-F903808A28C9-FollowerState
2023-05-23 10:25:34,532 [Command processor thread] INFO  impl.StateMachineUpdater (StateMachineUpdater.java:stopAndJoin(155)) - 7f763e46-2c68-46ea-ae9c-4adb784a7caa@group-F903808A28C9-StateMachineUpdater: set stopIndex = 0
2023-05-23 10:25:34,532 [7f763e46-2c68-46ea-ae9c-4adb784a7caa@group-F903808A28C9-FollowerState] INFO  impl.FollowerState (FollowerState.java:run(152)) - 7f763e46-2c68-46ea-ae9c-4adb784a7caa@group-F903808A28C9-FollowerState was interrupted
2023-05-23 10:25:34,533 [7f763e46-2c68-46ea-ae9c-4adb784a7caa@group-F903808A28C9-StateMachineUpdater] INFO  ratis.ContainerStateMachine (ContainerStateMachine.java:takeSnapshot(330)) - group-F903808A28C9: Taking a snapshot at:(t:1, i:0) file /home/runner/work/ozone/ozone/hadoop-ozone/integration-test/target/test-dir/MiniOzoneClusterImpl-ce972063-568b-4811-bfe7-9c87601498a3/datanode-0/data/ratis/1a2b4552-d01f-42a9-bdc6-f903808a28c9/sm/snapshot.1_0
2023-05-23 10:25:34,534 [7f763e46-2c68-46ea-ae9c-4adb784a7caa@group-F903808A28C9-StateMachineUpdater] INFO  ratis.ContainerStateMachine (ContainerStateMachine.java:takeSnapshot(341)) - group-F903808A28C9: Finished taking a snapshot at:(t:1, i:0) file:/home/runner/work/ozone/ozone/hadoop-ozone/integration-test/target/test-dir/MiniOzoneClusterImpl-ce972063-568b-4811-bfe7-9c87601498a3/datanode-0/data/ratis/1a2b4552-d01f-42a9-bdc6-f903808a28c9/sm/snapshot.1_0 took: 1 ms
2023-05-23 10:25:34,535 [7f763e46-2c68-46ea-ae9c-4adb784a7caa@group-F903808A28C9-StateMachineUpdater] INFO  impl.StateMachineUpdater (StateMachineUpdater.java:takeSnapshot(291)) - 7f763e46-2c68-46ea-ae9c-4adb784a7caa@group-F903808A28C9-StateMachineUpdater: Took a snapshot at index 0
2023-05-23 10:25:34,535 [7f763e46-2c68-46ea-ae9c-4adb784a7caa@group-F903808A28C9-StateMachineUpdater] INFO  impl.StateMachineUpdater (StateMachineUpdater.java:lambda$new$0(97)) - 7f763e46-2c68-46ea-ae9c-4adb784a7caa@group-F903808A28C9-StateMachineUpdater: snapshotIndex: updateIncreasingly -1 -> 0
2023-05-23 10:25:34,535 [Command processor thread] INFO  server.RaftServer$Division (ServerState.java:close(472)) - 7f763e46-2c68-46ea-ae9c-4adb784a7caa@group-F903808A28C9: closes. applyIndex: 0
2023-05-23 10:25:34,540 [Command processor thread] INFO  server.RaftServer (RaftServerProxy.java:remove(109)) - ec27dbe6-08af-4523-b3ed-9f1573a1668d: remove  FOLLOWER ec27dbe6-08af-4523-b3ed-9f1573a1668d@group-F903808A28C9:t2, leader=null, voted=ec27dbe6-08af-4523-b3ed-9f1573a1668d, raftlog=Memoized:ec27dbe6-08af-4523-b3ed-9f1573a1668d@group-F903808A28C9-SegmentedRaftLog:OPENED:c0, conf=0: peers:[ec27dbe6-08af-4523-b3ed-9f1573a1668d|rpc:10.1.0.38:15069|admin:10.1.0.38:15068|client:10.1.0.38:15067|dataStream:10.1.0.38:15070|priority:0|startupRole:FOLLOWER, 7f763e46-2c68-46ea-ae9c-4adb784a7caa|rpc:10.1.0.38:15061|admin:10.1.0.38:15060|client:10.1.0.38:15059|dataStream:10.1.0.38:15062|priority:0|startupRole:FOLLOWER, e9bacc8e-add2-470d-91e3-29c7cfa3c1f4|rpc:10.1.0.38:15077|admin:10.1.0.38:15076|client:10.1.0.38:15075|dataStream:10.1.0.38:15078|priority:1|startupRole:FOLLOWER]|listeners:[], old=null RUNNING
2023-05-23 10:25:34,540 [Command processor thread] INFO  server.RaftServer$Division (RaftServerImpl.java:lambda$close$4(466)) - ec27dbe6-08af-4523-b3ed-9f1573a1668d@group-F903808A28C9: shutdown
2023-05-23 10:25:34,540 [Command processor thread] INFO  util.JmxRegister (JmxRegister.java:unregister(73)) - Successfully un-registered JMX Bean with object name Ratis:service=RaftServer,group=group-F903808A28C9,id=ec27dbe6-08af-4523-b3ed-9f1573a1668d
2023-05-23 10:25:34,540 [Command processor thread] INFO  impl.RoleInfo (RoleInfo.java:shutdownFollowerState(110)) - ec27dbe6-08af-4523-b3ed-9f1573a1668d: shutdown ec27dbe6-08af-4523-b3ed-9f1573a1668d@group-F903808A28C9-FollowerState
2023-05-23 10:25:34,540 [Command processor thread] INFO  impl.StateMachineUpdater (StateMachineUpdater.java:stopAndJoin(155)) - ec27dbe6-08af-4523-b3ed-9f1573a1668d@group-F903808A28C9-StateMachineUpdater: set stopIndex = 0
2023-05-23 10:25:34,540 [ec27dbe6-08af-4523-b3ed-9f1573a1668d@group-F903808A28C9-FollowerState] INFO  impl.FollowerState (FollowerState.java:run(152)) - ec27dbe6-08af-4523-b3ed-9f1573a1668d@group-F903808A28C9-FollowerState was interrupted
2023-05-23 10:25:34,542 [ec27dbe6-08af-4523-b3ed-9f1573a1668d@group-F903808A28C9-StateMachineUpdater] INFO  ratis.ContainerStateMachine (ContainerStateMachine.java:takeSnapshot(330)) - group-F903808A28C9: Taking a snapshot at:(t:1, i:0) file /home/runner/work/ozone/ozone/hadoop-ozone/integration-test/target/test-dir/MiniOzoneClusterImpl-ce972063-568b-4811-bfe7-9c87601498a3/datanode-1/data/ratis/1a2b4552-d01f-42a9-bdc6-f903808a28c9/sm/snapshot.1_0
2023-05-23 10:25:34,543 [ec27dbe6-08af-4523-b3ed-9f1573a1668d@group-F903808A28C9-StateMachineUpdater] INFO  ratis.ContainerStateMachine (ContainerStateMachine.java:takeSnapshot(341)) - group-F903808A28C9: Finished taking a snapshot at:(t:1, i:0) file:/home/runner/work/ozone/ozone/hadoop-ozone/integration-test/target/test-dir/MiniOzoneClusterImpl-ce972063-568b-4811-bfe7-9c87601498a3/datanode-1/data/ratis/1a2b4552-d01f-42a9-bdc6-f903808a28c9/sm/snapshot.1_0 took: 2 ms
2023-05-23 10:25:34,543 [ec27dbe6-08af-4523-b3ed-9f1573a1668d@group-F903808A28C9-StateMachineUpdater] INFO  impl.StateMachineUpdater (StateMachineUpdater.java:takeSnapshot(291)) - ec27dbe6-08af-4523-b3ed-9f1573a1668d@group-F903808A28C9-StateMachineUpdater: Took a snapshot at index 0
2023-05-23 10:25:34,544 [ec27dbe6-08af-4523-b3ed-9f1573a1668d@group-F903808A28C9-StateMachineUpdater] INFO  impl.StateMachineUpdater (StateMachineUpdater.java:lambda$new$0(97)) - ec27dbe6-08af-4523-b3ed-9f1573a1668d@group-F903808A28C9-StateMachineUpdater: snapshotIndex: updateIncreasingly -1 -> 0
2023-05-23 10:25:34,544 [Command processor thread] INFO  server.RaftServer$Division (ServerState.java:close(472)) - ec27dbe6-08af-4523-b3ed-9f1573a1668d@group-F903808A28C9: closes. applyIndex: 0
2023-05-23 10:25:34,556 [Listener at 127.0.0.1/15052] INFO  container.TestHelper (TestHelper.java:countReplicas(423)) - Container 1 has 2 replicas on [7f763e46-2c68-46ea-ae9c-4adb784a7caa, ec27dbe6-08af-4523-b3ed-9f1573a1668d]
2023-05-23 10:25:35,349 [ReplicationMonitor] INFO  replication.ReplicationManager (ReplicationManager.java:processAll(403)) - Replication Monitor Thread took 1 milliseconds for processing 1 containers.
2023-05-23 10:25:35,411 [Command processor thread] INFO  segmented.SegmentedRaftLogWorker (SegmentedRaftLogWorker.java:close(252)) - ec27dbe6-08af-4523-b3ed-9f1573a1668d@group-F903808A28C9-SegmentedRaftLogWorker close()
2023-05-23 10:25:35,415 [Command processor thread] INFO  server.RaftServer$Division (RaftServerImpl.java:groupRemove(436)) - ec27dbe6-08af-4523-b3ed-9f1573a1668d@group-F903808A28C9: Succeed to remove RaftStorageDirectory Storage Directory /home/runner/work/ozone/ozone/hadoop-ozone/integration-test/target/test-dir/MiniOzoneClusterImpl-ce972063-568b-4811-bfe7-9c87601498a3/datanode-1/data/ratis/1a2b4552-d01f-42a9-bdc6-f903808a28c9
2023-05-23 10:25:35,415 [Command processor thread] INFO  commandhandler.ClosePipelineCommandHandler (ClosePipelineCommandHandler.java:handle(78)) - Close Pipeline PipelineID=1a2b4552-d01f-42a9-bdc6-f903808a28c9 command on datanode ec27dbe6-08af-4523-b3ed-9f1573a1668d.
2023-05-23 10:25:35,415 [Command processor thread] INFO  server.RaftServer (RaftServerProxy.java:remove(109)) - ec27dbe6-08af-4523-b3ed-9f1573a1668d: remove  FOLLOWER ec27dbe6-08af-4523-b3ed-9f1573a1668d@group-180592A7F77F:t1, leader=7f763e46-2c68-46ea-ae9c-4adb784a7caa, voted=7f763e46-2c68-46ea-ae9c-4adb784a7caa, raftlog=Memoized:ec27dbe6-08af-4523-b3ed-9f1573a1668d@group-180592A7F77F-SegmentedRaftLog:OPENED:c6, conf=0: peers:[ec27dbe6-08af-4523-b3ed-9f1573a1668d|rpc:10.1.0.38:15069|admin:10.1.0.38:15068|client:10.1.0.38:15067|dataStream:10.1.0.38:15070|priority:0|startupRole:FOLLOWER, 7f763e46-2c68-46ea-ae9c-4adb784a7caa|rpc:10.1.0.38:15061|admin:10.1.0.38:15060|client:10.1.0.38:15059|dataStream:10.1.0.38:15062|priority:1|startupRole:FOLLOWER, e9bacc8e-add2-470d-91e3-29c7cfa3c1f4|rpc:10.1.0.38:15077|admin:10.1.0.38:15076|client:10.1.0.38:15075|dataStream:10.1.0.38:15078|priority:0|startupRole:FOLLOWER]|listeners:[], old=null RUNNING
2023-05-23 10:25:35,415 [Command processor thread] INFO  server.RaftServer$Division (RaftServerImpl.java:lambda$close$4(466)) - ec27dbe6-08af-4523-b3ed-9f1573a1668d@group-180592A7F77F: shutdown
2023-05-23 10:25:35,415 [Command processor thread] INFO  util.JmxRegister (JmxRegister.java:unregister(73)) - Successfully un-registered JMX Bean with object name Ratis:service=RaftServer,group=group-180592A7F77F,id=ec27dbe6-08af-4523-b3ed-9f1573a1668d
2023-05-23 10:25:35,415 [Command processor thread] INFO  impl.RoleInfo (RoleInfo.java:shutdownFollowerState(110)) - ec27dbe6-08af-4523-b3ed-9f1573a1668d: shutdown ec27dbe6-08af-4523-b3ed-9f1573a1668d@group-180592A7F77F-FollowerState
2023-05-23 10:25:35,415 [Command processor thread] INFO  impl.StateMachineUpdater (StateMachineUpdater.java:stopAndJoin(155)) - ec27dbe6-08af-4523-b3ed-9f1573a1668d@group-180592A7F77F-StateMachineUpdater: set stopIndex = 6
2023-05-23 10:25:35,415 [ec27dbe6-08af-4523-b3ed-9f1573a1668d@group-180592A7F77F-FollowerState] INFO  impl.FollowerState (FollowerState.java:run(152)) - ec27dbe6-08af-4523-b3ed-9f1573a1668d@group-180592A7F77F-FollowerState was interrupted
2023-05-23 10:25:35,416 [ec27dbe6-08af-4523-b3ed-9f1573a1668d@group-180592A7F77F-StateMachineUpdater] INFO  ratis.ContainerStateMachine (ContainerStateMachine.java:takeSnapshot(330)) - group-180592A7F77F: Taking a snapshot at:(t:1, i:6) file /home/runner/work/ozone/ozone/hadoop-ozone/integration-test/target/test-dir/MiniOzoneClusterImpl-ce972063-568b-4811-bfe7-9c87601498a3/datanode-1/data/ratis/2dccc36a-3241-4516-8d37-180592a7f77f/sm/snapshot.1_6
2023-05-23 10:25:35,419 [Command processor thread] INFO  segmented.SegmentedRaftLogWorker (SegmentedRaftLogWorker.java:close(252)) - 7f763e46-2c68-46ea-ae9c-4adb784a7caa@group-F903808A28C9-SegmentedRaftLogWorker close()
2023-05-23 10:25:35,420 [ec27dbe6-08af-4523-b3ed-9f1573a1668d@group-180592A7F77F-StateMachineUpdater] INFO  ratis.ContainerStateMachine (ContainerStateMachine.java:takeSnapshot(341)) - group-180592A7F77F: Finished taking a snapshot at:(t:1, i:6) file:/home/runner/work/ozone/ozone/hadoop-ozone/integration-test/target/test-dir/MiniOzoneClusterImpl-ce972063-568b-4811-bfe7-9c87601498a3/datanode-1/data/ratis/2dccc36a-3241-4516-8d37-180592a7f77f/sm/snapshot.1_6 took: 4 ms
2023-05-23 10:25:35,420 [ec27dbe6-08af-4523-b3ed-9f1573a1668d@group-180592A7F77F-StateMachineUpdater] INFO  impl.StateMachineUpdater (StateMachineUpdater.java:takeSnapshot(291)) - ec27dbe6-08af-4523-b3ed-9f1573a1668d@group-180592A7F77F-StateMachineUpdater: Took a snapshot at index 6
2023-05-23 10:25:35,421 [ec27dbe6-08af-4523-b3ed-9f1573a1668d@group-180592A7F77F-StateMachineUpdater] INFO  impl.StateMachineUpdater (StateMachineUpdater.java:lambda$new$0(97)) - ec27dbe6-08af-4523-b3ed-9f1573a1668d@group-180592A7F77F-StateMachineUpdater: snapshotIndex: updateIncreasingly -1 -> 6
2023-05-23 10:25:35,421 [Command processor thread] INFO  server.RaftServer$Division (ServerState.java:close(472)) - ec27dbe6-08af-4523-b3ed-9f1573a1668d@group-180592A7F77F: closes. applyIndex: 6
2023-05-23 10:25:35,422 [Command processor thread] INFO  server.RaftServer$Division (RaftServerImpl.java:groupRemove(436)) - 7f763e46-2c68-46ea-ae9c-4adb784a7caa@group-F903808A28C9: Succeed to remove RaftStorageDirectory Storage Directory /home/runner/work/ozone/ozone/hadoop-ozone/integration-test/target/test-dir/MiniOzoneClusterImpl-ce972063-568b-4811-bfe7-9c87601498a3/datanode-0/data/ratis/1a2b4552-d01f-42a9-bdc6-f903808a28c9
2023-05-23 10:25:35,422 [Command processor thread] INFO  commandhandler.ClosePipelineCommandHandler (ClosePipelineCommandHandler.java:handle(78)) - Close Pipeline PipelineID=1a2b4552-d01f-42a9-bdc6-f903808a28c9 command on datanode 7f763e46-2c68-46ea-ae9c-4adb784a7caa.
2023-05-23 10:25:35,422 [Command processor thread] INFO  server.RaftServer (RaftServerProxy.java:remove(109)) - 7f763e46-2c68-46ea-ae9c-4adb784a7caa: remove    LEADER 7f763e46-2c68-46ea-ae9c-4adb784a7caa@group-180592A7F77F:t1, leader=7f763e46-2c68-46ea-ae9c-4adb784a7caa, voted=7f763e46-2c68-46ea-ae9c-4adb784a7caa, raftlog=Memoized:7f763e46-2c68-46ea-ae9c-4adb784a7caa@group-180592A7F77F-SegmentedRaftLog:OPENED:c6, conf=0: peers:[ec27dbe6-08af-4523-b3ed-9f1573a1668d|rpc:10.1.0.38:15069|admin:10.1.0.38:15068|client:10.1.0.38:15067|dataStream:10.1.0.38:15070|priority:0|startupRole:FOLLOWER, 7f763e46-2c68-46ea-ae9c-4adb784a7caa|rpc:10.1.0.38:15061|admin:10.1.0.38:15060|client:10.1.0.38:15059|dataStream:10.1.0.38:15062|priority:1|startupRole:FOLLOWER, e9bacc8e-add2-470d-91e3-29c7cfa3c1f4|rpc:10.1.0.38:15077|admin:10.1.0.38:15076|client:10.1.0.38:15075|dataStream:10.1.0.38:15078|priority:0|startupRole:FOLLOWER]|listeners:[], old=null RUNNING
2023-05-23 10:25:35,422 [Command processor thread] INFO  server.RaftServer$Division (RaftServerImpl.java:lambda$close$4(466)) - 7f763e46-2c68-46ea-ae9c-4adb784a7caa@group-180592A7F77F: shutdown
2023-05-23 10:25:35,422 [Command processor thread] INFO  util.JmxRegister (JmxRegister.java:unregister(73)) - Successfully un-registered JMX Bean with object name Ratis:service=RaftServer,group=group-180592A7F77F,id=7f763e46-2c68-46ea-ae9c-4adb784a7caa
2023-05-23 10:25:35,422 [Command processor thread] INFO  impl.RoleInfo (RoleInfo.java:shutdownLeaderState(93)) - 7f763e46-2c68-46ea-ae9c-4adb784a7caa: shutdown 7f763e46-2c68-46ea-ae9c-4adb784a7caa@group-180592A7F77F-LeaderStateImpl
2023-05-23 10:25:35,422 [Command processor thread] INFO  impl.PendingRequests (PendingRequests.java:sendNotLeaderResponses(289)) - 7f763e46-2c68-46ea-ae9c-4adb784a7caa@group-180592A7F77F-PendingRequests: sendNotLeaderResponses
2023-05-23 10:25:35,422 [7f763e46-2c68-46ea-ae9c-4adb784a7caa@group-180592A7F77F->e9bacc8e-add2-470d-91e3-29c7cfa3c1f4-GrpcLogAppender-LogAppenderDaemon] WARN  server.GrpcLogAppender (GrpcLogAppender.java:mayWait(199)) - 7f763e46-2c68-46ea-ae9c-4adb784a7caa@group-180592A7F77F->e9bacc8e-add2-470d-91e3-29c7cfa3c1f4-GrpcLogAppender: Wait interrupted by java.lang.InterruptedException
2023-05-23 10:25:35,422 [7f763e46-2c68-46ea-ae9c-4adb784a7caa@group-180592A7F77F->ec27dbe6-08af-4523-b3ed-9f1573a1668d-GrpcLogAppender-LogAppenderDaemon] WARN  server.GrpcLogAppender (GrpcLogAppender.java:mayWait(199)) - 7f763e46-2c68-46ea-ae9c-4adb784a7caa@group-180592A7F77F->ec27dbe6-08af-4523-b3ed-9f1573a1668d-GrpcLogAppender: Wait interrupted by java.lang.InterruptedException
2023-05-23 10:25:35,424 [grpc-default-executor-2] INFO  server.GrpcServerProtocolService (GrpcServerProtocolService.java:onCompleted(155)) - ec27dbe6-08af-4523-b3ed-9f1573a1668d: Completed APPEND_ENTRIES, lastRequest: 7f763e46-2c68-46ea-ae9c-4adb784a7caa->ec27dbe6-08af-4523-b3ed-9f1573a1668d#15-t1,previous=(t:1, i:5),leaderCommit=5,initializing? true,entries: size=1, first=(t:1, i:6), METADATAENTRY(c:5)
2023-05-23 10:25:35,424 [grpc-default-executor-2] INFO  server.GrpcServerProtocolService (GrpcServerProtocolService.java:lambda$onCompleted$5(157)) - ec27dbe6-08af-4523-b3ed-9f1573a1668d: Completed APPEND_ENTRIES, lastReply: null
2023-05-23 10:25:35,424 [grpc-default-executor-2] INFO  server.GrpcServerProtocolService (GrpcServerProtocolService.java:onCompleted(155)) - ec27dbe6-08af-4523-b3ed-9f1573a1668d: Completed APPEND_ENTRIES, lastRequest: null
2023-05-23 10:25:35,425 [grpc-default-executor-2] INFO  server.GrpcServerProtocolService (GrpcServerProtocolService.java:lambda$onCompleted$5(157)) - ec27dbe6-08af-4523-b3ed-9f1573a1668d: Completed APPEND_ENTRIES, lastReply: serverReply {
  requestorId: "7f763e46-2c68-46ea-ae9c-4adb784a7caa"
  replyId: "ec27dbe6-08af-4523-b3ed-9f1573a1668d"
  raftGroupId {
    id: "-\314\303j2AE\026\2157\030\005\222\247\367\177"
  }
  callId: 21
  success: true
}
term: 1
nextIndex: 7
followerCommit: 6
matchIndex: 18446744073709551615
isHearbeat: true

2023-05-23 10:25:35,425 [grpc-default-executor-2] INFO  server.GrpcLogAppender (GrpcLogAppender.java:onCompleted(428)) - 7f763e46-2c68-46ea-ae9c-4adb784a7caa@group-180592A7F77F->ec27dbe6-08af-4523-b3ed-9f1573a1668d-AppendLogResponseHandler: follower responses appendEntries COMPLETED
2023-05-23 10:25:35,425 [grpc-default-executor-2] INFO  leader.FollowerInfo (FollowerInfoImpl.java:lambda$new$0(52)) - 7f763e46-2c68-46ea-ae9c-4adb784a7caa@group-180592A7F77F->ec27dbe6-08af-4523-b3ed-9f1573a1668d: decreaseNextIndex nextIndex: updateUnconditionally 7 -> 6
2023-05-23 10:25:35,425 [grpc-default-executor-2] INFO  server.GrpcLogAppender (GrpcLogAppender.java:onCompleted(428)) - 7f763e46-2c68-46ea-ae9c-4adb784a7caa@group-180592A7F77F->ec27dbe6-08af-4523-b3ed-9f1573a1668d-AppendLogResponseHandler: follower responses appendEntries COMPLETED
2023-05-23 10:25:35,425 [grpc-default-executor-2] INFO  leader.FollowerInfo (FollowerInfoImpl.java:lambda$new$0(52)) - 7f763e46-2c68-46ea-ae9c-4adb784a7caa@group-180592A7F77F->ec27dbe6-08af-4523-b3ed-9f1573a1668d: decreaseNextIndex nextIndex: updateUnconditionally 6 -> 5
2023-05-23 10:25:35,430 [Command processor thread] INFO  impl.StateMachineUpdater (StateMachineUpdater.java:stopAndJoin(155)) - 7f763e46-2c68-46ea-ae9c-4adb784a7caa@group-180592A7F77F-StateMachineUpdater: set stopIndex = 6
2023-05-23 10:25:35,431 [7f763e46-2c68-46ea-ae9c-4adb784a7caa@group-180592A7F77F-StateMachineUpdater] INFO  ratis.ContainerStateMachine (ContainerStateMachine.java:takeSnapshot(330)) - group-180592A7F77F: Taking a snapshot at:(t:1, i:6) file /home/runner/work/ozone/ozone/hadoop-ozone/integration-test/target/test-dir/MiniOzoneClusterImpl-ce972063-568b-4811-bfe7-9c87601498a3/datanode-0/data/ratis/2dccc36a-3241-4516-8d37-180592a7f77f/sm/snapshot.1_6
2023-05-23 10:25:35,433 [7f763e46-2c68-46ea-ae9c-4adb784a7caa@group-180592A7F77F-StateMachineUpdater] INFO  ratis.ContainerStateMachine (ContainerStateMachine.java:takeSnapshot(341)) - group-180592A7F77F: Finished taking a snapshot at:(t:1, i:6) file:/home/runner/work/ozone/ozone/hadoop-ozone/integration-test/target/test-dir/MiniOzoneClusterImpl-ce972063-568b-4811-bfe7-9c87601498a3/datanode-0/data/ratis/2dccc36a-3241-4516-8d37-180592a7f77f/sm/snapshot.1_6 took: 2 ms
2023-05-23 10:25:35,434 [7f763e46-2c68-46ea-ae9c-4adb784a7caa@group-180592A7F77F-StateMachineUpdater] INFO  impl.StateMachineUpdater (StateMachineUpdater.java:takeSnapshot(291)) - 7f763e46-2c68-46ea-ae9c-4adb784a7caa@group-180592A7F77F-StateMachineUpdater: Took a snapshot at index 6
2023-05-23 10:25:35,434 [7f763e46-2c68-46ea-ae9c-4adb784a7caa@group-180592A7F77F-StateMachineUpdater] INFO  impl.StateMachineUpdater (StateMachineUpdater.java:lambda$new$0(97)) - 7f763e46-2c68-46ea-ae9c-4adb784a7caa@group-180592A7F77F-StateMachineUpdater: snapshotIndex: updateIncreasingly -1 -> 6
2023-05-23 10:25:35,434 [Command processor thread] INFO  server.RaftServer$Division (ServerState.java:close(472)) - 7f763e46-2c68-46ea-ae9c-4adb784a7caa@group-180592A7F77F: closes. applyIndex: 6
2023-05-23 10:25:35,513 [Command processor thread] INFO  segmented.SegmentedRaftLogWorker (SegmentedRaftLogWorker.java:close(252)) - 7f763e46-2c68-46ea-ae9c-4adb784a7caa@group-180592A7F77F-SegmentedRaftLogWorker close()
2023-05-23 10:25:35,515 [Command processor thread] INFO  server.RaftServer$Division (RaftServerImpl.java:groupRemove(436)) - 7f763e46-2c68-46ea-ae9c-4adb784a7caa@group-180592A7F77F: Succeed to remove RaftStorageDirectory Storage Directory /home/runner/work/ozone/ozone/hadoop-ozone/integration-test/target/test-dir/MiniOzoneClusterImpl-ce972063-568b-4811-bfe7-9c87601498a3/datanode-0/data/ratis/2dccc36a-3241-4516-8d37-180592a7f77f
2023-05-23 10:25:35,515 [Command processor thread] INFO  commandhandler.ClosePipelineCommandHandler (ClosePipelineCommandHandler.java:handle(78)) - Close Pipeline PipelineID=2dccc36a-3241-4516-8d37-180592a7f77f command on datanode 7f763e46-2c68-46ea-ae9c-4adb784a7caa.
2023-05-23 10:25:35,525 [Command processor thread] INFO  segmented.SegmentedRaftLogWorker (SegmentedRaftLogWorker.java:close(252)) - ec27dbe6-08af-4523-b3ed-9f1573a1668d@group-180592A7F77F-SegmentedRaftLogWorker close()
2023-05-23 10:25:35,527 [Command processor thread] INFO  server.RaftServer$Division (RaftServerImpl.java:groupRemove(436)) - ec27dbe6-08af-4523-b3ed-9f1573a1668d@group-180592A7F77F: Succeed to remove RaftStorageDirectory Storage Directory /home/runner/work/ozone/ozone/hadoop-ozone/integration-test/target/test-dir/MiniOzoneClusterImpl-ce972063-568b-4811-bfe7-9c87601498a3/datanode-1/data/ratis/2dccc36a-3241-4516-8d37-180592a7f77f
2023-05-23 10:25:35,527 [Command processor thread] INFO  commandhandler.ClosePipelineCommandHandler (ClosePipelineCommandHandler.java:handle(78)) - Close Pipeline PipelineID=2dccc36a-3241-4516-8d37-180592a7f77f command on datanode ec27dbe6-08af-4523-b3ed-9f1573a1668d.
2023-05-23 10:25:35,556 [Listener at 127.0.0.1/15052] INFO  container.TestHelper (TestHelper.java:countReplicas(423)) - Container 1 has 2 replicas on [7f763e46-2c68-46ea-ae9c-4adb784a7caa, ec27dbe6-08af-4523-b3ed-9f1573a1668d]
2023-05-23 10:25:36,350 [ReplicationMonitor] INFO  replication.ReplicationManager (ReplicationManager.java:processAll(403)) - Replication Monitor Thread took 1 milliseconds for processing 1 containers.
2023-05-23 10:25:36,557 [Listener at 127.0.0.1/15052] INFO  container.TestHelper (TestHelper.java:countReplicas(423)) - Container 1 has 2 replicas on [7f763e46-2c68-46ea-ae9c-4adb784a7caa, ec27dbe6-08af-4523-b3ed-9f1573a1668d]
2023-05-23 10:25:37,350 [ReplicationMonitor] INFO  replication.ReplicationManager (ReplicationManager.java:processAll(403)) - Replication Monitor Thread took 0 milliseconds for processing 1 containers.
2023-05-23 10:25:37,557 [Listener at 127.0.0.1/15052] INFO  container.TestHelper (TestHelper.java:countReplicas(423)) - Container 1 has 2 replicas on [7f763e46-2c68-46ea-ae9c-4adb784a7caa, ec27dbe6-08af-4523-b3ed-9f1573a1668d]
2023-05-23 10:25:38,339 [Under Replicated Processor] WARN  net.NetworkTopologyImpl (NetworkTopologyImpl.java:chooseNodeInternal(653)) - No available node in (scope="/" excludedScope="[/default-rack/7f763e46-2c68-46ea-ae9c-4adb784a7caa, /default-rack/ec27dbe6-08af-4523-b3ed-9f1573a1668d]" excludedNodes="[7f763e46-2c68-46ea-ae9c-4adb784a7caa(fv-az1249-304/10.1.0.38), ec27dbe6-08af-4523-b3ed-9f1573a1668d(fv-az1249-304/10.1.0.38)]"  ancestorGen="1").
2023-05-23 10:25:38,339 [Under Replicated Processor] WARN  algorithms.SCMContainerPlacementRackAware (SCMContainerPlacementRackAware.java:chooseNode(485)) - Failed to find the datanode for container. excludedNodes:[7f763e46-2c68-46ea-ae9c-4adb784a7caa(fv-az1249-304/10.1.0.38), ec27dbe6-08af-4523-b3ed-9f1573a1668d(fv-az1249-304/10.1.0.38)], affinityNode:
2023-05-23 10:25:38,339 [Under Replicated Processor] INFO  replication.ReplicationManager (ReplicationManager.java:sendDatanodeCommand(684)) - Sending command [replicateContainerCommand: containerId=1, replicaIndex=0, targetNode=8a3b9119-c4fd-47cf-b64f-64ecafe7357b(fv-az1249-304/10.1.0.38), priority=NORMAL] for container ContainerInfo{id=#1, state=CLOSED, pipelineID=PipelineID=2dccc36a-3241-4516-8d37-180592a7f77f, stateEnterTime=2023-05-23T10:25:22.448Z, owner=om1} to 7f763e46-2c68-46ea-ae9c-4adb784a7caa(fv-az1249-304/10.1.0.38) with datanode deadline 1684838108339 and scm deadline 1684838138339
2023-05-23 10:25:38,339 [Under Replicated Processor] INFO  replication.UnhealthyReplicationProcessor (UnhealthyReplicationProcessor.java:processAll(131)) - Processed 1 containers with health state counts {UNDER_REPLICATED=1}, failed processing 0
2023-05-23 10:25:38,351 [ReplicationMonitor] INFO  replication.ReplicationManager (ReplicationManager.java:processAll(403)) - Replication Monitor Thread took 0 milliseconds for processing 1 containers.
2023-05-23 10:25:38,557 [Listener at 127.0.0.1/15052] INFO  container.TestHelper (TestHelper.java:countReplicas(423)) - Container 1 has 2 replicas on [7f763e46-2c68-46ea-ae9c-4adb784a7caa, ec27dbe6-08af-4523-b3ed-9f1573a1668d]
2023-05-23 10:25:39,352 [ReplicationMonitor] INFO  replication.ReplicationManager (ReplicationManager.java:processAll(403)) - Replication Monitor Thread took 1 milliseconds for processing 1 containers.
2023-05-23 10:25:39,558 [Listener at 127.0.0.1/15052] INFO  container.TestHelper (TestHelper.java:countReplicas(423)) - Container 1 has 2 replicas on [7f763e46-2c68-46ea-ae9c-4adb784a7caa, ec27dbe6-08af-4523-b3ed-9f1573a1668d]
2023-05-23 10:25:40,352 [ReplicationMonitor] INFO  replication.ReplicationManager (ReplicationManager.java:processAll(403)) - Replication Monitor Thread took 0 milliseconds for processing 1 containers.
2023-05-23 10:25:40,532 [ContainerReplicationThread-0] INFO  replication.PushReplicator (PushReplicator.java:replicate(58)) - Starting replication of container 1 to 8a3b9119-c4fd-47cf-b64f-64ecafe7357b(fv-az1249-304/10.1.0.38) using NO_COMPRESSION
2023-05-23 10:25:40,543 [ContainerReplicationThread-0] INFO  replication.GrpcOutputStream (GrpcOutputStream.java:close(111)) - Sent 9728 bytes for container 1
2023-05-23 10:25:40,544 [ReplicationContainerReader-1] INFO  replication.SendContainerRequestHandler (SendContainerRequestHandler.java:onNext(80)) - Accepting container 1
2023-05-23 10:25:40,544 [ReplicationContainerReader-1] INFO  replication.SendContainerRequestHandler (SendContainerRequestHandler.java:onCompleted(108)) - Container 1 is downloaded with size 9728, starting to import.
2023-05-23 10:25:40,559 [Listener at 127.0.0.1/15052] INFO  container.TestHelper (TestHelper.java:countReplicas(423)) - Container 1 has 2 replicas on [7f763e46-2c68-46ea-ae9c-4adb784a7caa, ec27dbe6-08af-4523-b3ed-9f1573a1668d]
2023-05-23 10:25:40,576 [ReplicationContainerReader-1] INFO  replication.SendContainerRequestHandler (SendContainerRequestHandler.java:onCompleted(114)) - Container 1 is replicated successfully
2023-05-23 10:25:40,581 [grpc-default-executor-2] INFO  replication.GrpcContainerUploader (GrpcContainerUploader.java:onCompleted(119)) - Finished uploading container 1 to 8a3b9119-c4fd-47cf-b64f-64ecafe7357b(fv-az1249-304/10.1.0.38)
2023-05-23 10:25:40,581 [ContainerReplicationThread-0] INFO  replication.ReplicationSupervisor (ReplicationSupervisor.java:run(353)) - Successful DONE replicateContainerCommand: containerId=1, replicaIndex=0, targetNode=8a3b9119-c4fd-47cf-b64f-64ecafe7357b(fv-az1249-304/10.1.0.38), priority=NORMAL, transferred 9728 bytes
2023-05-23 10:25:41,353 [ReplicationMonitor] INFO  replication.ReplicationManager (ReplicationManager.java:processAll(403)) - Replication Monitor Thread took 1 milliseconds for processing 1 containers.
2023-05-23 10:25:41,559 [Listener at 127.0.0.1/15052] INFO  container.TestHelper (TestHelper.java:countReplicas(423)) - Container 1 has 3 replicas on [7f763e46-2c68-46ea-ae9c-4adb784a7caa, 8a3b9119-c4fd-47cf-b64f-64ecafe7357b, ec27dbe6-08af-4523-b3ed-9f1573a1668d]
2023-05-23 10:25:41,564 [Listener at 127.0.0.1/15052] INFO  ozone.MiniOzoneClusterImpl (MiniOzoneClusterImpl.java:shutdown(441)) - Shutting down the Mini Ozone Cluster
2023-05-23 10:25:41,564 [Listener at 127.0.0.1/15052] INFO  ozone.MiniOzoneClusterImpl (MiniOzoneClusterImpl.java:stop(458)) - Stopping the Mini Ozone Cluster
2023-05-23 10:25:41,564 [Listener at 127.0.0.1/15052] INFO  ozone.MiniOzoneClusterImpl (MiniOzoneClusterImpl.java:stopOM(544)) - Stopping the OzoneManager
2023-05-23 10:25:41,564 [Listener at 127.0.0.1/15052] INFO  om.OzoneManager (OzoneManager.java:stop(2210)) - om1[localhost:15052]: Stopping Ozone Manager
2023-05-23 10:25:41,564 [Listener at 127.0.0.1/15052] INFO  ipc.Server (Server.java:stop(3501)) - Stopping server on 15052
2023-05-23 10:25:41,573 [IPC Server listener on 15052] INFO  ipc.Server (Server.java:run(1430)) - Stopping IPC Server listener on 15052
2023-05-23 10:25:41,575 [IPC Server Responder] INFO  ipc.Server (Server.java:run(1563)) - Stopping IPC Server Responder
2023-05-23 10:25:41,575 [Listener at 127.0.0.1/15052] INFO  server.RaftServer (RaftServerProxy.java:lambda$close$6(416)) - om1: close
2023-05-23 10:25:41,575 [Listener at 127.0.0.1/15052] INFO  server.GrpcService (GrpcService.java:closeImpl(311)) - om1: shutdown server GrpcServerProtocolService now
2023-05-23 10:25:41,575 [om1-impl-thread1] INFO  server.RaftServer$Division (RaftServerImpl.java:lambda$close$4(466)) - om1@group-C5BA1605619E: shutdown
2023-05-23 10:25:41,575 [om1-impl-thread1] INFO  util.JmxRegister (JmxRegister.java:unregister(73)) - Successfully un-registered JMX Bean with object name Ratis:service=RaftServer,group=group-C5BA1605619E,id=om1
2023-05-23 10:25:41,575 [om1-impl-thread1] INFO  impl.RoleInfo (RoleInfo.java:shutdownLeaderState(93)) - om1: shutdown om1@group-C5BA1605619E-LeaderStateImpl
2023-05-23 10:25:41,576 [om1-impl-thread1] INFO  impl.PendingRequests (PendingRequests.java:sendNotLeaderResponses(289)) - om1@group-C5BA1605619E-PendingRequests: sendNotLeaderResponses
2023-05-23 10:25:41,584 [om1-impl-thread1] INFO  impl.StateMachineUpdater (StateMachineUpdater.java:stopAndJoin(155)) - om1@group-C5BA1605619E-StateMachineUpdater: set stopIndex = 8
2023-05-23 10:25:41,585 [om1@group-C5BA1605619E-StateMachineUpdater] INFO  ratis.OzoneManagerStateMachine (OzoneManagerStateMachine.java:takeSnapshot(479)) - Current Snapshot Index (t:1, i:8)
2023-05-23 10:25:41,587 [Listener at 127.0.0.1/15052] INFO  server.GrpcService (GrpcService.java:closeImpl(320)) - om1: shutdown server GrpcServerProtocolService successfully
2023-05-23 10:25:41,614 [om1@group-C5BA1605619E-StateMachineUpdater] INFO  impl.StateMachineUpdater (StateMachineUpdater.java:takeSnapshot(291)) - om1@group-C5BA1605619E-StateMachineUpdater: Took a snapshot at index 8
2023-05-23 10:25:41,614 [om1@group-C5BA1605619E-StateMachineUpdater] INFO  impl.StateMachineUpdater (StateMachineUpdater.java:lambda$new$0(97)) - om1@group-C5BA1605619E-StateMachineUpdater: snapshotIndex: updateIncreasingly -1 -> 8
2023-05-23 10:25:41,614 [om1@group-C5BA1605619E-StateMachineUpdater] INFO  ratis.OzoneManagerStateMachine (OzoneManagerStateMachine.java:close(533)) - StateMachine has shutdown. Shutdown OzoneManager if not already shutdown.
2023-05-23 10:25:41,614 [om1@group-C5BA1605619E-StateMachineUpdater] INFO  ratis.OzoneManagerDoubleBuffer (OzoneManagerDoubleBuffer.java:stopDaemon(559)) - Stopping OMDoubleBuffer flush thread
2023-05-23 10:25:41,614 [OMDoubleBufferFlushThread] INFO  ratis.OzoneManagerDoubleBuffer (OzoneManagerDoubleBuffer.java:canFlush(648)) - OMDoubleBuffer flush thread OMDoubleBufferFlushThread is interrupted and will exit.
2023-05-23 10:25:41,616 [om1-impl-thread1] INFO  server.RaftServer$Division (ServerState.java:close(472)) - om1@group-C5BA1605619E: closes. applyIndex: 8
2023-05-23 10:25:42,354 [ReplicationMonitor] INFO  replication.ReplicationManager (ReplicationManager.java:processAll(403)) - Replication Monitor Thread took 1 milliseconds for processing 1 containers.
2023-05-23 10:25:42,572 [om1-impl-thread1] INFO  segmented.SegmentedRaftLogWorker (SegmentedRaftLogWorker.java:close(252)) - om1@group-C5BA1605619E-SegmentedRaftLogWorker close()
2023-05-23 10:25:42,573 [JvmPauseMonitor6] INFO  util.JvmPauseMonitor (JvmPauseMonitor.java:run(109)) - JvmPauseMonitor-om1: Stopped
2023-05-23 10:25:42,573 [Listener at 127.0.0.1/15052] INFO  ratis.OzoneManagerStateMachine (OzoneManagerStateMachine.java:close(533)) - StateMachine has shutdown. Shutdown OzoneManager if not already shutdown.
2023-05-23 10:25:42,573 [Listener at 127.0.0.1/15052] INFO  ratis.OzoneManagerDoubleBuffer (OzoneManagerDoubleBuffer.java:stopDaemon(568)) - OMDoubleBuffer flush thread is not running.
2023-05-23 10:25:42,574 [Listener at 127.0.0.1/15052] INFO  utils.BackgroundService (BackgroundService.java:shutdown(141)) - Shutting down service KeyDeletingService
2023-05-23 10:25:42,575 [Listener at 127.0.0.1/15052] INFO  utils.BackgroundService (BackgroundService.java:shutdown(141)) - Shutting down service KeyDeletingService
2023-05-23 10:25:42,576 [Listener at 127.0.0.1/15052] INFO  utils.BackgroundService (BackgroundService.java:shutdown(141)) - Shutting down service OpenKeyCleanupService
2023-05-23 10:25:42,577 [Listener at 127.0.0.1/15052] INFO  utils.BackgroundService (BackgroundService.java:shutdown(141)) - Shutting down service SstFilteringService
2023-05-23 10:25:42,579 [Listener at 127.0.0.1/15052] INFO  utils.BackgroundService (BackgroundService.java:shutdown(141)) - Shutting down service SnapshotDeletingService
2023-05-23 10:25:42,580 [Listener at 127.0.0.1/15052] INFO  handler.ContextHandler (ContextHandler.java:doStop(1159)) - Stopped o.e.j.w.WebAppContext@2dd14133{ozoneManager,/,null,STOPPED}{file:/home/runner/work/ozone/ozone/hadoop-ozone/integration-test/target/test-classes/webapps/ozoneManager}
2023-05-23 10:25:42,582 [Listener at 127.0.0.1/15052] INFO  server.AbstractConnector (AbstractConnector.java:doStop(383)) - Stopped ServerConnector@5c5e16b5{HTTP/1.1, (http/1.1)}{0.0.0.0:15053}
2023-05-23 10:25:42,582 [Listener at 127.0.0.1/15052] INFO  server.session (HouseKeeper.java:stopScavenging(149)) - node0 Stopped scavenging
2023-05-23 10:25:42,582 [Listener at 127.0.0.1/15052] INFO  handler.ContextHandler (ContextHandler.java:doStop(1159)) - Stopped o.e.j.s.ServletContextHandler@42a7c8a0{static,/static,file:///home/runner/work/ozone/ozone/hadoop-ozone/integration-test/target/test-classes/webapps/static,STOPPED}
2023-05-23 10:25:42,582 [Listener at 127.0.0.1/15052] INFO  handler.ContextHandler (ContextHandler.java:doStop(1159)) - Stopped o.e.j.s.ServletContextHandler@6d8b928{logs,/logs,file:///home/runner/work/ozone/ozone/hadoop-ozone/integration-test/target/log,STOPPED}
2023-05-23 10:25:42,585 [Listener at 127.0.0.1/15052] INFO  utils.BackgroundService (BackgroundService.java:shutdown(141)) - Shutting down service SnapshotDiffCleanupService
2023-05-23 10:25:42,588 [Listener at 127.0.0.1/15052] INFO  ozone.MiniOzoneClusterImpl (MiniOzoneClusterImpl.java:stopDatanodes(521)) - Stopping the HddsDatanodes
2023-05-23 10:25:42,590 [Listener at 127.0.0.1/15052] INFO  ozoneimpl.OzoneContainer (OzoneContainer.java:stop(419)) - Attempting to stop container services.
2023-05-23 10:25:42,590 [Listener at 127.0.0.1/15052] INFO  server.RaftServer (RaftServerProxy.java:lambda$close$6(416)) - 7245158f-4bcf-4112-8365-c26f1e1b7534: close
2023-05-23 10:25:42,590 [Listener at 127.0.0.1/15052] INFO  server.GrpcService (GrpcService.java:closeImpl(311)) - 7245158f-4bcf-4112-8365-c26f1e1b7534: shutdown server org.apache.ratis.grpc.server.GrpcClientProtocolService now
2023-05-23 10:25:42,591 [7245158f-4bcf-4112-8365-c26f1e1b7534-impl-thread1] INFO  server.RaftServer$Division (RaftServerImpl.java:lambda$close$4(466)) - 7245158f-4bcf-4112-8365-c26f1e1b7534@group-A947E808018F: shutdown
2023-05-23 10:25:42,591 [7245158f-4bcf-4112-8365-c26f1e1b7534-impl-thread1] INFO  util.JmxRegister (JmxRegister.java:unregister(73)) - Successfully un-registered JMX Bean with object name Ratis:service=RaftServer,group=group-A947E808018F,id=7245158f-4bcf-4112-8365-c26f1e1b7534
2023-05-23 10:25:42,591 [7245158f-4bcf-4112-8365-c26f1e1b7534-impl-thread1] INFO  impl.RoleInfo (RoleInfo.java:shutdownLeaderState(93)) - 7245158f-4bcf-4112-8365-c26f1e1b7534: shutdown 7245158f-4bcf-4112-8365-c26f1e1b7534@group-A947E808018F-LeaderStateImpl
2023-05-23 10:25:42,591 [7245158f-4bcf-4112-8365-c26f1e1b7534-impl-thread1] INFO  impl.PendingRequests (PendingRequests.java:sendNotLeaderResponses(289)) - 7245158f-4bcf-4112-8365-c26f1e1b7534@group-A947E808018F-PendingRequests: sendNotLeaderResponses
2023-05-23 10:25:42,591 [7245158f-4bcf-4112-8365-c26f1e1b7534-impl-thread1] INFO  impl.StateMachineUpdater (StateMachineUpdater.java:stopAndJoin(155)) - 7245158f-4bcf-4112-8365-c26f1e1b7534@group-A947E808018F-StateMachineUpdater: set stopIndex = 0
2023-05-23 10:25:42,591 [7245158f-4bcf-4112-8365-c26f1e1b7534@group-A947E808018F-StateMachineUpdater] INFO  ratis.ContainerStateMachine (ContainerStateMachine.java:takeSnapshot(330)) - group-A947E808018F: Taking a snapshot at:(t:1, i:0) file /home/runner/work/ozone/ozone/hadoop-ozone/integration-test/target/test-dir/MiniOzoneClusterImpl-ce972063-568b-4811-bfe7-9c87601498a3/datanode-4/data/ratis/589aebce-cf94-48d9-bf36-a947e808018f/sm/snapshot.1_0
2023-05-23 10:25:42,592 [7245158f-4bcf-4112-8365-c26f1e1b7534@group-A947E808018F-StateMachineUpdater] INFO  ratis.ContainerStateMachine (ContainerStateMachine.java:takeSnapshot(341)) - group-A947E808018F: Finished taking a snapshot at:(t:1, i:0) file:/home/runner/work/ozone/ozone/hadoop-ozone/integration-test/target/test-dir/MiniOzoneClusterImpl-ce972063-568b-4811-bfe7-9c87601498a3/datanode-4/data/ratis/589aebce-cf94-48d9-bf36-a947e808018f/sm/snapshot.1_0 took: 1 ms
2023-05-23 10:25:42,593 [7245158f-4bcf-4112-8365-c26f1e1b7534@group-A947E808018F-StateMachineUpdater] INFO  impl.StateMachineUpdater (StateMachineUpdater.java:takeSnapshot(291)) - 7245158f-4bcf-4112-8365-c26f1e1b7534@group-A947E808018F-StateMachineUpdater: Took a snapshot at index 0
2023-05-23 10:25:42,593 [7245158f-4bcf-4112-8365-c26f1e1b7534@group-A947E808018F-StateMachineUpdater] INFO  impl.StateMachineUpdater (StateMachineUpdater.java:lambda$new$0(97)) - 7245158f-4bcf-4112-8365-c26f1e1b7534@group-A947E808018F-StateMachineUpdater: snapshotIndex: updateIncreasingly -1 -> 0
2023-05-23 10:25:42,593 [Listener at 127.0.0.1/15052] INFO  server.GrpcService (GrpcService.java:closeImpl(320)) - 7245158f-4bcf-4112-8365-c26f1e1b7534: shutdown server org.apache.ratis.grpc.server.GrpcClientProtocolService successfully
2023-05-23 10:25:42,593 [Listener at 127.0.0.1/15052] INFO  server.GrpcService (GrpcService.java:closeImpl(311)) - 7245158f-4bcf-4112-8365-c26f1e1b7534: shutdown server GrpcServerProtocolService now
2023-05-23 10:25:42,593 [7245158f-4bcf-4112-8365-c26f1e1b7534-impl-thread1] INFO  server.RaftServer$Division (ServerState.java:close(472)) - 7245158f-4bcf-4112-8365-c26f1e1b7534@group-A947E808018F: closes. applyIndex: 0
2023-05-23 10:25:42,594 [ForkJoinPool.commonPool-worker-1] INFO  ozoneimpl.OzoneContainer (OzoneContainer.java:stop(419)) - Attempting to stop container services.
2023-05-23 10:25:42,602 [ForkJoinPool.commonPool-worker-1] INFO  server.RaftServer (RaftServerProxy.java:lambda$close$6(416)) - ec27dbe6-08af-4523-b3ed-9f1573a1668d: close
2023-05-23 10:25:42,602 [ForkJoinPool.commonPool-worker-1] INFO  server.GrpcService (GrpcService.java:closeImpl(311)) - ec27dbe6-08af-4523-b3ed-9f1573a1668d: shutdown server org.apache.ratis.grpc.server.GrpcClientProtocolService now
2023-05-23 10:25:42,602 [ec27dbe6-08af-4523-b3ed-9f1573a1668d-impl-thread1] INFO  server.RaftServer$Division (RaftServerImpl.java:lambda$close$4(466)) - ec27dbe6-08af-4523-b3ed-9f1573a1668d@group-BE8F39FC7C97: shutdown
2023-05-23 10:25:42,602 [ec27dbe6-08af-4523-b3ed-9f1573a1668d-impl-thread1] INFO  util.JmxRegister (JmxRegister.java:unregister(73)) - Successfully un-registered JMX Bean with object name Ratis:service=RaftServer,group=group-BE8F39FC7C97,id=ec27dbe6-08af-4523-b3ed-9f1573a1668d
2023-05-23 10:25:42,602 [ec27dbe6-08af-4523-b3ed-9f1573a1668d-impl-thread1] INFO  impl.RoleInfo (RoleInfo.java:shutdownLeaderState(93)) - ec27dbe6-08af-4523-b3ed-9f1573a1668d: shutdown ec27dbe6-08af-4523-b3ed-9f1573a1668d@group-BE8F39FC7C97-LeaderStateImpl
2023-05-23 10:25:42,603 [ec27dbe6-08af-4523-b3ed-9f1573a1668d-impl-thread1] INFO  impl.PendingRequests (PendingRequests.java:sendNotLeaderResponses(289)) - ec27dbe6-08af-4523-b3ed-9f1573a1668d@group-BE8F39FC7C97-PendingRequests: sendNotLeaderResponses
2023-05-23 10:25:42,603 [ec27dbe6-08af-4523-b3ed-9f1573a1668d-impl-thread1] INFO  impl.StateMachineUpdater (StateMachineUpdater.java:stopAndJoin(155)) - ec27dbe6-08af-4523-b3ed-9f1573a1668d@group-BE8F39FC7C97-StateMachineUpdater: set stopIndex = 0
2023-05-23 10:25:42,603 [ec27dbe6-08af-4523-b3ed-9f1573a1668d@group-BE8F39FC7C97-StateMachineUpdater] INFO  ratis.ContainerStateMachine (ContainerStateMachine.java:takeSnapshot(330)) - group-BE8F39FC7C97: Taking a snapshot at:(t:1, i:0) file /home/runner/work/ozone/ozone/hadoop-ozone/integration-test/target/test-dir/MiniOzoneClusterImpl-ce972063-568b-4811-bfe7-9c87601498a3/datanode-1/data/ratis/474b08bb-008e-45cd-aa20-be8f39fc7c97/sm/snapshot.1_0
2023-05-23 10:25:42,604 [ec27dbe6-08af-4523-b3ed-9f1573a1668d@group-BE8F39FC7C97-StateMachineUpdater] INFO  ratis.ContainerStateMachine (ContainerStateMachine.java:takeSnapshot(341)) - group-BE8F39FC7C97: Finished taking a snapshot at:(t:1, i:0) file:/home/runner/work/ozone/ozone/hadoop-ozone/integration-test/target/test-dir/MiniOzoneClusterImpl-ce972063-568b-4811-bfe7-9c87601498a3/datanode-1/data/ratis/474b08bb-008e-45cd-aa20-be8f39fc7c97/sm/snapshot.1_0 took: 1 ms
2023-05-23 10:25:42,604 [ec27dbe6-08af-4523-b3ed-9f1573a1668d@group-BE8F39FC7C97-StateMachineUpdater] INFO  impl.StateMachineUpdater (StateMachineUpdater.java:takeSnapshot(291)) - ec27dbe6-08af-4523-b3ed-9f1573a1668d@group-BE8F39FC7C97-StateMachineUpdater: Took a snapshot at index 0
2023-05-23 10:25:42,604 [ec27dbe6-08af-4523-b3ed-9f1573a1668d@group-BE8F39FC7C97-StateMachineUpdater] INFO  impl.StateMachineUpdater (StateMachineUpdater.java:lambda$new$0(97)) - ec27dbe6-08af-4523-b3ed-9f1573a1668d@group-BE8F39FC7C97-StateMachineUpdater: snapshotIndex: updateIncreasingly -1 -> 0
2023-05-23 10:25:42,604 [ec27dbe6-08af-4523-b3ed-9f1573a1668d-impl-thread1] INFO  server.RaftServer$Division (ServerState.java:close(472)) - ec27dbe6-08af-4523-b3ed-9f1573a1668d@group-BE8F39FC7C97: closes. applyIndex: 0
2023-05-23 10:25:42,609 [Listener at 127.0.0.1/15052] INFO  server.GrpcService (GrpcService.java:closeImpl(320)) - 7245158f-4bcf-4112-8365-c26f1e1b7534: shutdown server GrpcServerProtocolService successfully
2023-05-23 10:25:42,610 [Listener at 127.0.0.1/15052] INFO  server.GrpcService (GrpcService.java:closeImpl(311)) - 7245158f-4bcf-4112-8365-c26f1e1b7534: shutdown server org.apache.ratis.grpc.server.GrpcAdminProtocolService now
2023-05-23 10:25:42,610 [Thread-1063] INFO  server.GrpcServerProtocolClient (GrpcServerProtocolClient.java:close(103)) - 7f763e46-2c68-46ea-ae9c-4adb784a7caa Close channels
2023-05-23 10:25:42,612 [ForkJoinPool.commonPool-worker-2] INFO  ozoneimpl.OzoneContainer (OzoneContainer.java:stop(419)) - Attempting to stop container services.
2023-05-23 10:25:42,613 [Thread-1064] INFO  server.GrpcServerProtocolClient (GrpcServerProtocolClient.java:close(103)) - e9bacc8e-add2-470d-91e3-29c7cfa3c1f4 Close channels
2023-05-23 10:25:42,621 [ForkJoinPool.commonPool-worker-2] INFO  server.RaftServer (RaftServerProxy.java:lambda$close$6(416)) - 7f763e46-2c68-46ea-ae9c-4adb784a7caa: close
2023-05-23 10:25:42,621 [Listener at 127.0.0.1/15052] INFO  server.GrpcService (GrpcService.java:closeImpl(320)) - 7245158f-4bcf-4112-8365-c26f1e1b7534: shutdown server org.apache.ratis.grpc.server.GrpcAdminProtocolService successfully
2023-05-23 10:25:42,621 [7245158f-4bcf-4112-8365-c26f1e1b7534-NettyServerStreamRpc-bossGroup--thread1] INFO  logging.LoggingHandler (AbstractInternalLogger.java:log(148)) - [id: 0x9299d8de, L:/0:0:0:0:0:0:0:0:15094] CLOSE
2023-05-23 10:25:42,621 [ForkJoinPool.commonPool-worker-2] INFO  server.GrpcService (GrpcService.java:closeImpl(311)) - 7f763e46-2c68-46ea-ae9c-4adb784a7caa: shutdown server org.apache.ratis.grpc.server.GrpcClientProtocolService now
2023-05-23 10:25:42,621 [7f763e46-2c68-46ea-ae9c-4adb784a7caa-impl-thread1] INFO  server.RaftServer$Division (RaftServerImpl.java:lambda$close$4(466)) - 7f763e46-2c68-46ea-ae9c-4adb784a7caa@group-44952E474E42: shutdown
2023-05-23 10:25:42,623 [7f763e46-2c68-46ea-ae9c-4adb784a7caa-impl-thread1] INFO  util.JmxRegister (JmxRegister.java:unregister(73)) - Successfully un-registered JMX Bean with object name Ratis:service=RaftServer,group=group-44952E474E42,id=7f763e46-2c68-46ea-ae9c-4adb784a7caa
2023-05-23 10:25:42,623 [7f763e46-2c68-46ea-ae9c-4adb784a7caa-impl-thread1] INFO  impl.RoleInfo (RoleInfo.java:shutdownLeaderState(93)) - 7f763e46-2c68-46ea-ae9c-4adb784a7caa: shutdown 7f763e46-2c68-46ea-ae9c-4adb784a7caa@group-44952E474E42-LeaderStateImpl
2023-05-23 10:25:42,623 [7f763e46-2c68-46ea-ae9c-4adb784a7caa-impl-thread1] INFO  impl.PendingRequests (PendingRequests.java:sendNotLeaderResponses(289)) - 7f763e46-2c68-46ea-ae9c-4adb784a7caa@group-44952E474E42-PendingRequests: sendNotLeaderResponses
2023-05-23 10:25:42,623 [7f763e46-2c68-46ea-ae9c-4adb784a7caa-impl-thread1] INFO  impl.StateMachineUpdater (StateMachineUpdater.java:stopAndJoin(155)) - 7f763e46-2c68-46ea-ae9c-4adb784a7caa@group-44952E474E42-StateMachineUpdater: set stopIndex = 0
2023-05-23 10:25:42,623 [7f763e46-2c68-46ea-ae9c-4adb784a7caa@group-44952E474E42-StateMachineUpdater] INFO  ratis.ContainerStateMachine (ContainerStateMachine.java:takeSnapshot(330)) - group-44952E474E42: Taking a snapshot at:(t:1, i:0) file /home/runner/work/ozone/ozone/hadoop-ozone/integration-test/target/test-dir/MiniOzoneClusterImpl-ce972063-568b-4811-bfe7-9c87601498a3/datanode-0/data/ratis/c0f45c07-70c4-4bcd-895a-44952e474e42/sm/snapshot.1_0
2023-05-23 10:25:42,622 [ForkJoinPool.commonPool-worker-1] INFO  server.GrpcService (GrpcService.java:closeImpl(320)) - ec27dbe6-08af-4523-b3ed-9f1573a1668d: shutdown server org.apache.ratis.grpc.server.GrpcClientProtocolService successfully
2023-05-23 10:25:42,624 [ForkJoinPool.commonPool-worker-1] INFO  server.GrpcService (GrpcService.java:closeImpl(311)) - ec27dbe6-08af-4523-b3ed-9f1573a1668d: shutdown server GrpcServerProtocolService now
2023-05-23 10:25:42,622 [7245158f-4bcf-4112-8365-c26f1e1b7534-NettyServerStreamRpc-bossGroup--thread1] INFO  logging.LoggingHandler (AbstractInternalLogger.java:log(148)) - [id: 0x9299d8de, L:/0:0:0:0:0:0:0:0:15094] INACTIVE
2023-05-23 10:25:42,624 [7245158f-4bcf-4112-8365-c26f1e1b7534-NettyServerStreamRpc-bossGroup--thread1] INFO  logging.LoggingHandler (AbstractInternalLogger.java:log(148)) - [id: 0x9299d8de, L:/0:0:0:0:0:0:0:0:15094] UNREGISTERED
2023-05-23 10:25:42,624 [7f763e46-2c68-46ea-ae9c-4adb784a7caa@group-44952E474E42-StateMachineUpdater] INFO  ratis.ContainerStateMachine (ContainerStateMachine.java:takeSnapshot(341)) - group-44952E474E42: Finished taking a snapshot at:(t:1, i:0) file:/home/runner/work/ozone/ozone/hadoop-ozone/integration-test/target/test-dir/MiniOzoneClusterImpl-ce972063-568b-4811-bfe7-9c87601498a3/datanode-0/data/ratis/c0f45c07-70c4-4bcd-895a-44952e474e42/sm/snapshot.1_0 took: 1 ms
2023-05-23 10:25:42,624 [7f763e46-2c68-46ea-ae9c-4adb784a7caa@group-44952E474E42-StateMachineUpdater] INFO  impl.StateMachineUpdater (StateMachineUpdater.java:takeSnapshot(291)) - 7f763e46-2c68-46ea-ae9c-4adb784a7caa@group-44952E474E42-StateMachineUpdater: Took a snapshot at index 0
2023-05-23 10:25:42,624 [7f763e46-2c68-46ea-ae9c-4adb784a7caa@group-44952E474E42-StateMachineUpdater] INFO  impl.StateMachineUpdater (StateMachineUpdater.java:lambda$new$0(97)) - 7f763e46-2c68-46ea-ae9c-4adb784a7caa@group-44952E474E42-StateMachineUpdater: snapshotIndex: updateIncreasingly -1 -> 0
2023-05-23 10:25:42,625 [7f763e46-2c68-46ea-ae9c-4adb784a7caa-impl-thread1] INFO  server.RaftServer$Division (ServerState.java:close(472)) - 7f763e46-2c68-46ea-ae9c-4adb784a7caa@group-44952E474E42: closes. applyIndex: 0
2023-05-23 10:25:42,631 [ForkJoinPool.commonPool-worker-1] INFO  server.GrpcService (GrpcService.java:closeImpl(320)) - ec27dbe6-08af-4523-b3ed-9f1573a1668d: shutdown server GrpcServerProtocolService successfully
2023-05-23 10:25:42,631 [ForkJoinPool.commonPool-worker-1] INFO  server.GrpcService (GrpcService.java:closeImpl(311)) - ec27dbe6-08af-4523-b3ed-9f1573a1668d: shutdown server org.apache.ratis.grpc.server.GrpcAdminProtocolService now
2023-05-23 10:25:42,637 [Thread-1072] INFO  server.GrpcServerProtocolClient (GrpcServerProtocolClient.java:close(103)) - ec27dbe6-08af-4523-b3ed-9f1573a1668d Close channels
2023-05-23 10:25:42,639 [Thread-1078] INFO  server.GrpcServerProtocolClient (GrpcServerProtocolClient.java:close(103)) - e9bacc8e-add2-470d-91e3-29c7cfa3c1f4 Close channels
2023-05-23 10:25:42,641 [ForkJoinPool.commonPool-worker-2] INFO  server.GrpcService (GrpcService.java:closeImpl(320)) - 7f763e46-2c68-46ea-ae9c-4adb784a7caa: shutdown server org.apache.ratis.grpc.server.GrpcClientProtocolService successfully
2023-05-23 10:25:42,641 [ForkJoinPool.commonPool-worker-2] INFO  server.GrpcService (GrpcService.java:closeImpl(311)) - 7f763e46-2c68-46ea-ae9c-4adb784a7caa: shutdown server GrpcServerProtocolService now
2023-05-23 10:25:42,641 [ForkJoinPool.commonPool-worker-1] INFO  server.GrpcService (GrpcService.java:closeImpl(320)) - ec27dbe6-08af-4523-b3ed-9f1573a1668d: shutdown server org.apache.ratis.grpc.server.GrpcAdminProtocolService successfully
2023-05-23 10:25:42,642 [ec27dbe6-08af-4523-b3ed-9f1573a1668d-NettyServerStreamRpc-bossGroup--thread1] INFO  logging.LoggingHandler (AbstractInternalLogger.java:log(148)) - [id: 0xef308a58, L:/0:0:0:0:0:0:0:0:15070] CLOSE
2023-05-23 10:25:42,642 [ec27dbe6-08af-4523-b3ed-9f1573a1668d-NettyServerStreamRpc-bossGroup--thread1] INFO  logging.LoggingHandler (AbstractInternalLogger.java:log(148)) - [id: 0xef308a58, L:/0:0:0:0:0:0:0:0:15070] INACTIVE
2023-05-23 10:25:42,642 [ec27dbe6-08af-4523-b3ed-9f1573a1668d-NettyServerStreamRpc-bossGroup--thread1] INFO  logging.LoggingHandler (AbstractInternalLogger.java:log(148)) - [id: 0xef308a58, L:/0:0:0:0:0:0:0:0:15070] UNREGISTERED
2023-05-23 10:25:42,649 [ForkJoinPool.commonPool-worker-2] INFO  server.GrpcService (GrpcService.java:closeImpl(320)) - 7f763e46-2c68-46ea-ae9c-4adb784a7caa: shutdown server GrpcServerProtocolService successfully
2023-05-23 10:25:42,649 [ForkJoinPool.commonPool-worker-2] INFO  server.GrpcService (GrpcService.java:closeImpl(311)) - 7f763e46-2c68-46ea-ae9c-4adb784a7caa: shutdown server org.apache.ratis.grpc.server.GrpcAdminProtocolService now
2023-05-23 10:25:42,651 [ForkJoinPool.commonPool-worker-2] INFO  server.GrpcService (GrpcService.java:closeImpl(320)) - 7f763e46-2c68-46ea-ae9c-4adb784a7caa: shutdown server org.apache.ratis.grpc.server.GrpcAdminProtocolService successfully
2023-05-23 10:25:42,652 [7f763e46-2c68-46ea-ae9c-4adb784a7caa-NettyServerStreamRpc-bossGroup--thread1] INFO  logging.LoggingHandler (AbstractInternalLogger.java:log(148)) - [id: 0x091a25ec, L:/0:0:0:0:0:0:0:0:15062] CLOSE
2023-05-23 10:25:42,652 [7f763e46-2c68-46ea-ae9c-4adb784a7caa-NettyServerStreamRpc-bossGroup--thread1] INFO  logging.LoggingHandler (AbstractInternalLogger.java:log(148)) - [id: 0x091a25ec, L:/0:0:0:0:0:0:0:0:15062] INACTIVE
2023-05-23 10:25:42,652 [7f763e46-2c68-46ea-ae9c-4adb784a7caa-NettyServerStreamRpc-bossGroup--thread1] INFO  logging.LoggingHandler (AbstractInternalLogger.java:log(148)) - [id: 0x091a25ec, L:/0:0:0:0:0:0:0:0:15062] UNREGISTERED
2023-05-23 10:25:42,665 [ForkJoinPool.commonPool-worker-3] INFO  ozoneimpl.OzoneContainer (OzoneContainer.java:stop(419)) - Attempting to stop container services.
2023-05-23 10:25:42,686 [ForkJoinPool.commonPool-worker-3] INFO  server.RaftServer (RaftServerProxy.java:lambda$close$6(416)) - 8a3b9119-c4fd-47cf-b64f-64ecafe7357b: close
2023-05-23 10:25:42,688 [ForkJoinPool.commonPool-worker-3] INFO  server.GrpcService (GrpcService.java:closeImpl(311)) - 8a3b9119-c4fd-47cf-b64f-64ecafe7357b: shutdown server org.apache.ratis.grpc.server.GrpcClientProtocolService now
2023-05-23 10:25:42,689 [8a3b9119-c4fd-47cf-b64f-64ecafe7357b-impl-thread1] INFO  server.RaftServer$Division (RaftServerImpl.java:lambda$close$4(466)) - 8a3b9119-c4fd-47cf-b64f-64ecafe7357b@group-2C031B791D02: shutdown
2023-05-23 10:25:42,689 [8a3b9119-c4fd-47cf-b64f-64ecafe7357b-impl-thread1] INFO  util.JmxRegister (JmxRegister.java:unregister(73)) - Successfully un-registered JMX Bean with object name Ratis:service=RaftServer,group=group-2C031B791D02,id=8a3b9119-c4fd-47cf-b64f-64ecafe7357b
2023-05-23 10:25:42,689 [8a3b9119-c4fd-47cf-b64f-64ecafe7357b-impl-thread1] INFO  impl.RoleInfo (RoleInfo.java:shutdownLeaderState(93)) - 8a3b9119-c4fd-47cf-b64f-64ecafe7357b: shutdown 8a3b9119-c4fd-47cf-b64f-64ecafe7357b@group-2C031B791D02-LeaderStateImpl
2023-05-23 10:25:42,689 [8a3b9119-c4fd-47cf-b64f-64ecafe7357b-impl-thread1] INFO  impl.PendingRequests (PendingRequests.java:sendNotLeaderResponses(289)) - 8a3b9119-c4fd-47cf-b64f-64ecafe7357b@group-2C031B791D02-PendingRequests: sendNotLeaderResponses
2023-05-23 10:25:42,690 [8a3b9119-c4fd-47cf-b64f-64ecafe7357b-impl-thread1] INFO  impl.StateMachineUpdater (StateMachineUpdater.java:stopAndJoin(155)) - 8a3b9119-c4fd-47cf-b64f-64ecafe7357b@group-2C031B791D02-StateMachineUpdater: set stopIndex = 0
2023-05-23 10:25:42,690 [8a3b9119-c4fd-47cf-b64f-64ecafe7357b@group-2C031B791D02-StateMachineUpdater] INFO  ratis.ContainerStateMachine (ContainerStateMachine.java:takeSnapshot(330)) - group-2C031B791D02: Taking a snapshot at:(t:1, i:0) file /home/runner/work/ozone/ozone/hadoop-ozone/integration-test/target/test-dir/MiniOzoneClusterImpl-ce972063-568b-4811-bfe7-9c87601498a3/datanode-3/data/ratis/a6a20d1e-ba56-4713-b995-2c031b791d02/sm/snapshot.1_0
2023-05-23 10:25:42,691 [ForkJoinPool.commonPool-worker-3] INFO  server.GrpcService (GrpcService.java:closeImpl(320)) - 8a3b9119-c4fd-47cf-b64f-64ecafe7357b: shutdown server org.apache.ratis.grpc.server.GrpcClientProtocolService successfully
2023-05-23 10:25:42,691 [ForkJoinPool.commonPool-worker-3] INFO  server.GrpcService (GrpcService.java:closeImpl(311)) - 8a3b9119-c4fd-47cf-b64f-64ecafe7357b: shutdown server GrpcServerProtocolService now
2023-05-23 10:25:42,691 [8a3b9119-c4fd-47cf-b64f-64ecafe7357b@group-2C031B791D02-StateMachineUpdater] INFO  ratis.ContainerStateMachine (ContainerStateMachine.java:takeSnapshot(341)) - group-2C031B791D02: Finished taking a snapshot at:(t:1, i:0) file:/home/runner/work/ozone/ozone/hadoop-ozone/integration-test/target/test-dir/MiniOzoneClusterImpl-ce972063-568b-4811-bfe7-9c87601498a3/datanode-3/data/ratis/a6a20d1e-ba56-4713-b995-2c031b791d02/sm/snapshot.1_0 took: 1 ms
2023-05-23 10:25:42,691 [8a3b9119-c4fd-47cf-b64f-64ecafe7357b@group-2C031B791D02-StateMachineUpdater] INFO  impl.StateMachineUpdater (StateMachineUpdater.java:takeSnapshot(291)) - 8a3b9119-c4fd-47cf-b64f-64ecafe7357b@group-2C031B791D02-StateMachineUpdater: Took a snapshot at index 0
2023-05-23 10:25:42,691 [8a3b9119-c4fd-47cf-b64f-64ecafe7357b@group-2C031B791D02-StateMachineUpdater] INFO  impl.StateMachineUpdater (StateMachineUpdater.java:lambda$new$0(97)) - 8a3b9119-c4fd-47cf-b64f-64ecafe7357b@group-2C031B791D02-StateMachineUpdater: snapshotIndex: updateIncreasingly -1 -> 0
2023-05-23 10:25:42,692 [8a3b9119-c4fd-47cf-b64f-64ecafe7357b-impl-thread1] INFO  server.RaftServer$Division (ServerState.java:close(472)) - 8a3b9119-c4fd-47cf-b64f-64ecafe7357b@group-2C031B791D02: closes. applyIndex: 0
2023-05-23 10:25:42,697 [ForkJoinPool.commonPool-worker-3] INFO  server.GrpcService (GrpcService.java:closeImpl(320)) - 8a3b9119-c4fd-47cf-b64f-64ecafe7357b: shutdown server GrpcServerProtocolService successfully
2023-05-23 10:25:42,697 [ForkJoinPool.commonPool-worker-3] INFO  server.GrpcService (GrpcService.java:closeImpl(311)) - 8a3b9119-c4fd-47cf-b64f-64ecafe7357b: shutdown server org.apache.ratis.grpc.server.GrpcAdminProtocolService now
2023-05-23 10:25:42,698 [ForkJoinPool.commonPool-worker-3] INFO  server.GrpcService (GrpcService.java:closeImpl(320)) - 8a3b9119-c4fd-47cf-b64f-64ecafe7357b: shutdown server org.apache.ratis.grpc.server.GrpcAdminProtocolService successfully
2023-05-23 10:25:42,699 [8a3b9119-c4fd-47cf-b64f-64ecafe7357b-NettyServerStreamRpc-bossGroup--thread1] INFO  logging.LoggingHandler (AbstractInternalLogger.java:log(148)) - [id: 0xec102df3, L:/0:0:0:0:0:0:0:0:15086] CLOSE
2023-05-23 10:25:42,699 [8a3b9119-c4fd-47cf-b64f-64ecafe7357b-NettyServerStreamRpc-bossGroup--thread1] INFO  logging.LoggingHandler (AbstractInternalLogger.java:log(148)) - [id: 0xec102df3, L:/0:0:0:0:0:0:0:0:15086] INACTIVE
2023-05-23 10:25:42,699 [8a3b9119-c4fd-47cf-b64f-64ecafe7357b-NettyServerStreamRpc-bossGroup--thread1] INFO  logging.LoggingHandler (AbstractInternalLogger.java:log(148)) - [id: 0xec102df3, L:/0:0:0:0:0:0:0:0:15086] UNREGISTERED
2023-05-23 10:25:43,014 [7f763e46-2c68-46ea-ae9c-4adb784a7caa-impl-thread1] INFO  segmented.SegmentedRaftLogWorker (SegmentedRaftLogWorker.java:close(252)) - 7f763e46-2c68-46ea-ae9c-4adb784a7caa@group-44952E474E42-SegmentedRaftLogWorker close()
2023-05-23 10:25:43,018 [JvmPauseMonitor7] INFO  util.JvmPauseMonitor (JvmPauseMonitor.java:run(109)) - JvmPauseMonitor-7f763e46-2c68-46ea-ae9c-4adb784a7caa: Stopped
2023-05-23 10:25:43,070 [8a3b9119-c4fd-47cf-b64f-64ecafe7357b-impl-thread1] INFO  segmented.SegmentedRaftLogWorker (SegmentedRaftLogWorker.java:close(252)) - 8a3b9119-c4fd-47cf-b64f-64ecafe7357b@group-2C031B791D02-SegmentedRaftLogWorker close()
2023-05-23 10:25:43,071 [JvmPauseMonitor10] INFO  util.JvmPauseMonitor (JvmPauseMonitor.java:run(109)) - JvmPauseMonitor-8a3b9119-c4fd-47cf-b64f-64ecafe7357b: Stopped
2023-05-23 10:25:43,355 [ReplicationMonitor] INFO  replication.ReplicationManager (ReplicationManager.java:processAll(403)) - Replication Monitor Thread took 1 milliseconds for processing 1 containers.
2023-05-23 10:25:43,444 [7245158f-4bcf-4112-8365-c26f1e1b7534-impl-thread1] INFO  segmented.SegmentedRaftLogWorker (SegmentedRaftLogWorker.java:close(252)) - 7245158f-4bcf-4112-8365-c26f1e1b7534@group-A947E808018F-SegmentedRaftLogWorker close()
2023-05-23 10:25:43,447 [JvmPauseMonitor11] INFO  util.JvmPauseMonitor (JvmPauseMonitor.java:run(109)) - JvmPauseMonitor-7245158f-4bcf-4112-8365-c26f1e1b7534: Stopped
2023-05-23 10:25:43,462 [ec27dbe6-08af-4523-b3ed-9f1573a1668d-impl-thread1] INFO  segmented.SegmentedRaftLogWorker (SegmentedRaftLogWorker.java:close(252)) - ec27dbe6-08af-4523-b3ed-9f1573a1668d@group-BE8F39FC7C97-SegmentedRaftLogWorker close()
2023-05-23 10:25:43,462 [JvmPauseMonitor8] INFO  util.JvmPauseMonitor (JvmPauseMonitor.java:run(109)) - JvmPauseMonitor-ec27dbe6-08af-4523-b3ed-9f1573a1668d: Stopped
2023-05-23 10:25:44,356 [ReplicationMonitor] INFO  replication.ReplicationManager (ReplicationManager.java:processAll(403)) - Replication Monitor Thread took 1 milliseconds for processing 1 containers.
2023-05-23 10:25:45,023 [ForkJoinPool.commonPool-worker-2] INFO  utils.DatanodeStoreCache (DatanodeStoreCache.java:shutdownCache(110)) - Skip clearing cache in mini cluster mode. Entries left: [/home/runner/work/ozone/ozone/hadoop-ozone/integration-test/target/test-dir/MiniOzoneClusterImpl-ce972063-568b-4811-bfe7-9c87601498a3/datanode-0/data-0/containers/hdds/ce972063-568b-4811-bfe7-9c87601498a3/DS-77db9df2-1b76-4211-a14f-a56f12aa4ec8/container.db, /home/runner/work/ozone/ozone/hadoop-ozone/integration-test/target/test-dir/MiniOzoneClusterImpl-ce972063-568b-4811-bfe7-9c87601498a3/datanode-1/data-0/containers/hdds/ce972063-568b-4811-bfe7-9c87601498a3/DS-4fa0d410-27fa-49c6-a377-73f15b9008ea/container.db, /home/runner/work/ozone/ozone/hadoop-ozone/integration-test/target/test-dir/MiniOzoneClusterImpl-ce972063-568b-4811-bfe7-9c87601498a3/datanode-3/data-0/containers/hdds/ce972063-568b-4811-bfe7-9c87601498a3/DS-cfb6084c-9516-498c-9d37-75c4f37a1c0d/container.db, /home/runner/work/ozone/ozone/hadoop-ozone/integration-test/target/test-dir/MiniOzoneClusterImpl-ce972063-568b-4811-bfe7-9c87601498a3/datanode-4/data-0/containers/hdds/ce972063-568b-4811-bfe7-9c87601498a3/DS-0db26355-1014-4f2e-8464-bb747a244dc8/container.db]
2023-05-23 10:25:45,026 [ForkJoinPool.commonPool-worker-2] INFO  utils.DatanodeStoreCache (DatanodeStoreCache.java:removeDB(104)) - Removed db /home/runner/work/ozone/ozone/hadoop-ozone/integration-test/target/test-dir/MiniOzoneClusterImpl-ce972063-568b-4811-bfe7-9c87601498a3/datanode-0/data-0/containers/hdds/ce972063-568b-4811-bfe7-9c87601498a3/DS-77db9df2-1b76-4211-a14f-a56f12aa4ec8/container.db from cache
2023-05-23 10:25:45,026 [ForkJoinPool.commonPool-worker-2] INFO  volume.HddsVolume (HddsVolume.java:closeDbStore(437)) - SchemaV3 db is stopped at /home/runner/work/ozone/ozone/hadoop-ozone/integration-test/target/test-dir/MiniOzoneClusterImpl-ce972063-568b-4811-bfe7-9c87601498a3/datanode-0/data-0/containers/hdds/ce972063-568b-4811-bfe7-9c87601498a3/DS-77db9df2-1b76-4211-a14f-a56f12aa4ec8/container.db for volume DS-77db9df2-1b76-4211-a14f-a56f12aa4ec8
2023-05-23 10:25:45,027 [ForkJoinPool.commonPool-worker-2] INFO  utils.BackgroundService (BackgroundService.java:shutdown(141)) - Shutting down service BlockDeletingService
2023-05-23 10:25:45,027 [ForkJoinPool.commonPool-worker-2] INFO  utils.BackgroundService (BackgroundService.java:shutdown(141)) - Shutting down service StaleRecoveringContainerScrubbingService
2023-05-23 10:25:45,029 [ForkJoinPool.commonPool-worker-2] INFO  statemachine.DatanodeStateMachine (DatanodeStateMachine.java:stopDaemon(608)) - Ozone container server stopped.
2023-05-23 10:25:45,041 [ForkJoinPool.commonPool-worker-2] INFO  handler.ContextHandler (ContextHandler.java:doStop(1159)) - Stopped o.e.j.w.WebAppContext@d4b7218{hddsDatanode,/,null,STOPPED}{jar:file:/home/runner/.m2/repository/org/apache/ozone/hdds-container-service/1.4.0-SNAPSHOT/hdds-container-service-1.4.0-SNAPSHOT.jar!/webapps/hddsDatanode}
2023-05-23 10:25:45,043 [ForkJoinPool.commonPool-worker-2] INFO  server.AbstractConnector (AbstractConnector.java:doStop(383)) - Stopped ServerConnector@2a30fa22{HTTP/1.1, (http/1.1)}{0.0.0.0:15057}
2023-05-23 10:25:45,044 [ForkJoinPool.commonPool-worker-2] INFO  server.session (HouseKeeper.java:stopScavenging(149)) - node0 Stopped scavenging
2023-05-23 10:25:45,045 [ForkJoinPool.commonPool-worker-2] INFO  handler.ContextHandler (ContextHandler.java:doStop(1159)) - Stopped o.e.j.s.ServletContextHandler@1bc9ccf1{static,/static,jar:file:/home/runner/.m2/repository/org/apache/ozone/hdds-container-service/1.4.0-SNAPSHOT/hdds-container-service-1.4.0-SNAPSHOT.jar!/webapps/static,STOPPED}
2023-05-23 10:25:45,047 [ForkJoinPool.commonPool-worker-2] INFO  handler.ContextHandler (ContextHandler.java:doStop(1159)) - Stopped o.e.j.s.ServletContextHandler@6d39109{logs,/logs,file:///home/runner/work/ozone/ozone/hadoop-ozone/integration-test/target/log,STOPPED}
2023-05-23 10:25:45,078 [ForkJoinPool.commonPool-worker-3] INFO  utils.DatanodeStoreCache (DatanodeStoreCache.java:shutdownCache(110)) - Skip clearing cache in mini cluster mode. Entries left: [/home/runner/work/ozone/ozone/hadoop-ozone/integration-test/target/test-dir/MiniOzoneClusterImpl-ce972063-568b-4811-bfe7-9c87601498a3/datanode-1/data-0/containers/hdds/ce972063-568b-4811-bfe7-9c87601498a3/DS-4fa0d410-27fa-49c6-a377-73f15b9008ea/container.db, /home/runner/work/ozone/ozone/hadoop-ozone/integration-test/target/test-dir/MiniOzoneClusterImpl-ce972063-568b-4811-bfe7-9c87601498a3/datanode-3/data-0/containers/hdds/ce972063-568b-4811-bfe7-9c87601498a3/DS-cfb6084c-9516-498c-9d37-75c4f37a1c0d/container.db, /home/runner/work/ozone/ozone/hadoop-ozone/integration-test/target/test-dir/MiniOzoneClusterImpl-ce972063-568b-4811-bfe7-9c87601498a3/datanode-4/data-0/containers/hdds/ce972063-568b-4811-bfe7-9c87601498a3/DS-0db26355-1014-4f2e-8464-bb747a244dc8/container.db]
2023-05-23 10:25:45,081 [ForkJoinPool.commonPool-worker-3] INFO  utils.DatanodeStoreCache (DatanodeStoreCache.java:removeDB(104)) - Removed db /home/runner/work/ozone/ozone/hadoop-ozone/integration-test/target/test-dir/MiniOzoneClusterImpl-ce972063-568b-4811-bfe7-9c87601498a3/datanode-3/data-0/containers/hdds/ce972063-568b-4811-bfe7-9c87601498a3/DS-cfb6084c-9516-498c-9d37-75c4f37a1c0d/container.db from cache
2023-05-23 10:25:45,081 [ForkJoinPool.commonPool-worker-3] INFO  volume.HddsVolume (HddsVolume.java:closeDbStore(437)) - SchemaV3 db is stopped at /home/runner/work/ozone/ozone/hadoop-ozone/integration-test/target/test-dir/MiniOzoneClusterImpl-ce972063-568b-4811-bfe7-9c87601498a3/datanode-3/data-0/containers/hdds/ce972063-568b-4811-bfe7-9c87601498a3/DS-cfb6084c-9516-498c-9d37-75c4f37a1c0d/container.db for volume DS-cfb6084c-9516-498c-9d37-75c4f37a1c0d
2023-05-23 10:25:45,082 [ForkJoinPool.commonPool-worker-3] INFO  utils.BackgroundService (BackgroundService.java:shutdown(141)) - Shutting down service BlockDeletingService
2023-05-23 10:25:45,082 [ForkJoinPool.commonPool-worker-3] INFO  utils.BackgroundService (BackgroundService.java:shutdown(141)) - Shutting down service StaleRecoveringContainerScrubbingService
2023-05-23 10:25:45,085 [ForkJoinPool.commonPool-worker-3] INFO  statemachine.DatanodeStateMachine (DatanodeStateMachine.java:stopDaemon(608)) - Ozone container server stopped.
2023-05-23 10:25:45,097 [ForkJoinPool.commonPool-worker-3] INFO  handler.ContextHandler (ContextHandler.java:doStop(1159)) - Stopped o.e.j.w.WebAppContext@3c99eab4{hddsDatanode,/,null,STOPPED}{jar:file:/home/runner/.m2/repository/org/apache/ozone/hdds-container-service/1.4.0-SNAPSHOT/hdds-container-service-1.4.0-SNAPSHOT.jar!/webapps/hddsDatanode}
2023-05-23 10:25:45,098 [ForkJoinPool.commonPool-worker-3] INFO  server.AbstractConnector (AbstractConnector.java:doStop(383)) - Stopped ServerConnector@5ea73801{HTTP/1.1, (http/1.1)}{0.0.0.0:15081}
2023-05-23 10:25:45,098 [ForkJoinPool.commonPool-worker-3] INFO  server.session (HouseKeeper.java:stopScavenging(149)) - node0 Stopped scavenging
2023-05-23 10:25:45,099 [ForkJoinPool.commonPool-worker-3] INFO  handler.ContextHandler (ContextHandler.java:doStop(1159)) - Stopped o.e.j.s.ServletContextHandler@64ecba79{static,/static,jar:file:/home/runner/.m2/repository/org/apache/ozone/hdds-container-service/1.4.0-SNAPSHOT/hdds-container-service-1.4.0-SNAPSHOT.jar!/webapps/static,STOPPED}
2023-05-23 10:25:45,100 [ForkJoinPool.commonPool-worker-3] INFO  handler.ContextHandler (ContextHandler.java:doStop(1159)) - Stopped o.e.j.s.ServletContextHandler@3faf621b{logs,/logs,file:///home/runner/work/ozone/ozone/hadoop-ozone/integration-test/target/log,STOPPED}
2023-05-23 10:25:45,357 [ReplicationMonitor] INFO  replication.ReplicationManager (ReplicationManager.java:processAll(403)) - Replication Monitor Thread took 1 milliseconds for processing 1 containers.
2023-05-23 10:25:45,453 [Listener at 127.0.0.1/15052] INFO  utils.DatanodeStoreCache (DatanodeStoreCache.java:shutdownCache(110)) - Skip clearing cache in mini cluster mode. Entries left: [/home/runner/work/ozone/ozone/hadoop-ozone/integration-test/target/test-dir/MiniOzoneClusterImpl-ce972063-568b-4811-bfe7-9c87601498a3/datanode-1/data-0/containers/hdds/ce972063-568b-4811-bfe7-9c87601498a3/DS-4fa0d410-27fa-49c6-a377-73f15b9008ea/container.db, /home/runner/work/ozone/ozone/hadoop-ozone/integration-test/target/test-dir/MiniOzoneClusterImpl-ce972063-568b-4811-bfe7-9c87601498a3/datanode-4/data-0/containers/hdds/ce972063-568b-4811-bfe7-9c87601498a3/DS-0db26355-1014-4f2e-8464-bb747a244dc8/container.db]
2023-05-23 10:25:45,454 [Listener at 127.0.0.1/15052] INFO  utils.DatanodeStoreCache (DatanodeStoreCache.java:removeDB(104)) - Removed db /home/runner/work/ozone/ozone/hadoop-ozone/integration-test/target/test-dir/MiniOzoneClusterImpl-ce972063-568b-4811-bfe7-9c87601498a3/datanode-4/data-0/containers/hdds/ce972063-568b-4811-bfe7-9c87601498a3/DS-0db26355-1014-4f2e-8464-bb747a244dc8/container.db from cache
2023-05-23 10:25:45,455 [Listener at 127.0.0.1/15052] INFO  volume.HddsVolume (HddsVolume.java:closeDbStore(437)) - SchemaV3 db is stopped at /home/runner/work/ozone/ozone/hadoop-ozone/integration-test/target/test-dir/MiniOzoneClusterImpl-ce972063-568b-4811-bfe7-9c87601498a3/datanode-4/data-0/containers/hdds/ce972063-568b-4811-bfe7-9c87601498a3/DS-0db26355-1014-4f2e-8464-bb747a244dc8/container.db for volume DS-0db26355-1014-4f2e-8464-bb747a244dc8
2023-05-23 10:25:45,455 [Listener at 127.0.0.1/15052] INFO  utils.BackgroundService (BackgroundService.java:shutdown(141)) - Shutting down service BlockDeletingService
2023-05-23 10:25:45,455 [Listener at 127.0.0.1/15052] INFO  utils.BackgroundService (BackgroundService.java:shutdown(141)) - Shutting down service StaleRecoveringContainerScrubbingService
2023-05-23 10:25:45,457 [Listener at 127.0.0.1/15052] INFO  statemachine.DatanodeStateMachine (DatanodeStateMachine.java:stopDaemon(608)) - Ozone container server stopped.
2023-05-23 10:25:45,465 [ForkJoinPool.commonPool-worker-1] INFO  utils.DatanodeStoreCache (DatanodeStoreCache.java:shutdownCache(110)) - Skip clearing cache in mini cluster mode. Entries left: [/home/runner/work/ozone/ozone/hadoop-ozone/integration-test/target/test-dir/MiniOzoneClusterImpl-ce972063-568b-4811-bfe7-9c87601498a3/datanode-1/data-0/containers/hdds/ce972063-568b-4811-bfe7-9c87601498a3/DS-4fa0d410-27fa-49c6-a377-73f15b9008ea/container.db]
2023-05-23 10:25:45,468 [ForkJoinPool.commonPool-worker-1] INFO  utils.DatanodeStoreCache (DatanodeStoreCache.java:removeDB(104)) - Removed db /home/runner/work/ozone/ozone/hadoop-ozone/integration-test/target/test-dir/MiniOzoneClusterImpl-ce972063-568b-4811-bfe7-9c87601498a3/datanode-1/data-0/containers/hdds/ce972063-568b-4811-bfe7-9c87601498a3/DS-4fa0d410-27fa-49c6-a377-73f15b9008ea/container.db from cache
2023-05-23 10:25:45,468 [ForkJoinPool.commonPool-worker-1] INFO  volume.HddsVolume (HddsVolume.java:closeDbStore(437)) - SchemaV3 db is stopped at /home/runner/work/ozone/ozone/hadoop-ozone/integration-test/target/test-dir/MiniOzoneClusterImpl-ce972063-568b-4811-bfe7-9c87601498a3/datanode-1/data-0/containers/hdds/ce972063-568b-4811-bfe7-9c87601498a3/DS-4fa0d410-27fa-49c6-a377-73f15b9008ea/container.db for volume DS-4fa0d410-27fa-49c6-a377-73f15b9008ea
2023-05-23 10:25:45,469 [ForkJoinPool.commonPool-worker-1] INFO  utils.BackgroundService (BackgroundService.java:shutdown(141)) - Shutting down service BlockDeletingService
2023-05-23 10:25:45,469 [ForkJoinPool.commonPool-worker-1] INFO  utils.BackgroundService (BackgroundService.java:shutdown(141)) - Shutting down service StaleRecoveringContainerScrubbingService
2023-05-23 10:25:45,471 [ForkJoinPool.commonPool-worker-1] INFO  statemachine.DatanodeStateMachine (DatanodeStateMachine.java:stopDaemon(608)) - Ozone container server stopped.
2023-05-23 10:25:45,474 [Listener at 127.0.0.1/15052] INFO  handler.ContextHandler (ContextHandler.java:doStop(1159)) - Stopped o.e.j.w.WebAppContext@4a7b6f4b{hddsDatanode,/,null,STOPPED}{jar:file:/home/runner/.m2/repository/org/apache/ozone/hdds-container-service/1.4.0-SNAPSHOT/hdds-container-service-1.4.0-SNAPSHOT.jar!/webapps/hddsDatanode}
2023-05-23 10:25:45,474 [Listener at 127.0.0.1/15052] INFO  server.AbstractConnector (AbstractConnector.java:doStop(383)) - Stopped ServerConnector@26ff8ce0{HTTP/1.1, (http/1.1)}{0.0.0.0:15089}
2023-05-23 10:25:45,474 [Listener at 127.0.0.1/15052] INFO  server.session (HouseKeeper.java:stopScavenging(149)) - node0 Stopped scavenging
2023-05-23 10:25:45,475 [Listener at 127.0.0.1/15052] INFO  handler.ContextHandler (ContextHandler.java:doStop(1159)) - Stopped o.e.j.s.ServletContextHandler@4bacb860{static,/static,jar:file:/home/runner/.m2/repository/org/apache/ozone/hdds-container-service/1.4.0-SNAPSHOT/hdds-container-service-1.4.0-SNAPSHOT.jar!/webapps/static,STOPPED}
2023-05-23 10:25:45,478 [Listener at 127.0.0.1/15052] INFO  handler.ContextHandler (ContextHandler.java:doStop(1159)) - Stopped o.e.j.s.ServletContextHandler@2fd549ba{logs,/logs,file:///home/runner/work/ozone/ozone/hadoop-ozone/integration-test/target/log,STOPPED}
2023-05-23 10:25:45,485 [ForkJoinPool.commonPool-worker-1] INFO  handler.ContextHandler (ContextHandler.java:doStop(1159)) - Stopped o.e.j.w.WebAppContext@3edbcf02{hddsDatanode,/,null,STOPPED}{jar:file:/home/runner/.m2/repository/org/apache/ozone/hdds-container-service/1.4.0-SNAPSHOT/hdds-container-service-1.4.0-SNAPSHOT.jar!/webapps/hddsDatanode}
2023-05-23 10:25:45,485 [ForkJoinPool.commonPool-worker-1] INFO  server.AbstractConnector (AbstractConnector.java:doStop(383)) - Stopped ServerConnector@7954369b{HTTP/1.1, (http/1.1)}{0.0.0.0:15065}
2023-05-23 10:25:45,485 [ForkJoinPool.commonPool-worker-1] INFO  server.session (HouseKeeper.java:stopScavenging(149)) - node0 Stopped scavenging
2023-05-23 10:25:45,488 [ForkJoinPool.commonPool-worker-1] INFO  handler.ContextHandler (ContextHandler.java:doStop(1159)) - Stopped o.e.j.s.ServletContextHandler@2695a7d5{static,/static,jar:file:/home/runner/.m2/repository/org/apache/ozone/hdds-container-service/1.4.0-SNAPSHOT/hdds-container-service-1.4.0-SNAPSHOT.jar!/webapps/static,STOPPED}
2023-05-23 10:25:45,488 [ForkJoinPool.commonPool-worker-1] INFO  handler.ContextHandler (ContextHandler.java:doStop(1159)) - Stopped o.e.j.s.ServletContextHandler@62e5b470{logs,/logs,file:///home/runner/work/ozone/ozone/hadoop-ozone/integration-test/target/log,STOPPED}
2023-05-23 10:25:45,490 [Listener at 127.0.0.1/15052] INFO  ozone.MiniOzoneClusterImpl (MiniOzoneClusterImpl.java:stopSCM(536)) - Stopping the StorageContainerManager
2023-05-23 10:25:45,490 [Listener at 127.0.0.1/15052] INFO  server.StorageContainerManager (StorageContainerManager.java:stop(1578)) - Container Balancer is not running.
2023-05-23 10:25:45,490 [Listener at 127.0.0.1/15052] INFO  server.StorageContainerManager (StorageContainerManager.java:stopReplicationManager(1709)) - Stopping Replication Manager Service.
2023-05-23 10:25:45,490 [Listener at 127.0.0.1/15052] INFO  replication.ReplicationManager (ReplicationManager.java:stop(333)) - Stopping Replication Monitor Thread.
2023-05-23 10:25:45,490 [Under Replicated Processor] WARN  replication.UnhealthyReplicationProcessor (UnhealthyReplicationProcessor.java:run(167)) - Under Replicated Processor interrupted. Exiting...
2023-05-23 10:25:45,490 [Listener at 127.0.0.1/15052] INFO  server.StorageContainerManager (StorageContainerManager.java:stop(1587)) - Stopping the Datanode Admin Monitor.
2023-05-23 10:25:45,490 [Over Replicated Processor] WARN  replication.UnhealthyReplicationProcessor (UnhealthyReplicationProcessor.java:run(167)) - Over Replicated Processor interrupted. Exiting...
2023-05-23 10:25:45,490 [Listener at 127.0.0.1/15052] INFO  server.StorageContainerManager (StorageContainerManager.java:stop(1594)) - Stopping datanode service RPC server
2023-05-23 10:25:45,490 [Listener at 127.0.0.1/15052] INFO  server.SCMDatanodeProtocolServer (SCMDatanodeProtocolServer.java:stop(424)) - Stopping the RPC server for DataNodes
2023-05-23 10:25:45,490 [Listener at 127.0.0.1/15052] INFO  ipc.Server (Server.java:stop(3501)) - Stopping server on 15050
2023-05-23 10:25:45,490 [ReplicationMonitor] INFO  replication.ReplicationManager (ReplicationManager.java:run(944)) - Replication Monitor Thread is stopped
2023-05-23 10:25:45,491 [IPC Server listener on 15050] INFO  ipc.Server (Server.java:run(1430)) - Stopping IPC Server listener on 15050
2023-05-23 10:25:45,493 [IPC Server Responder] INFO  ipc.Server (Server.java:run(1563)) - Stopping IPC Server Responder
2023-05-23 10:25:45,527 [SCM Heartbeat Processing Thread - 0] WARN  node.NodeStateManager (NodeStateManager.java:scheduleNextHealthCheck(870)) - Current Thread is interrupted, shutting down HB processing thread for Node Manager.
2023-05-23 10:25:45,527 [EventQueue-StaleNodeForStaleNodeHandler] INFO  node.StaleNodeHandler (StaleNodeHandler.java:onMessage(59)) - Datanode 7245158f-4bcf-4112-8365-c26f1e1b7534(fv-az1249-304/10.1.0.38) moved to stale state. Finalizing its pipelines [PipelineID=589aebce-cf94-48d9-bf36-a947e808018f]
2023-05-23 10:25:45,528 [EventQueue-StaleNodeForStaleNodeHandler] INFO  pipeline.PipelineManagerImpl (PipelineManagerImpl.java:closePipeline(442)) - Pipeline Pipeline[ Id: 589aebce-cf94-48d9-bf36-a947e808018f, Nodes: 7245158f-4bcf-4112-8365-c26f1e1b7534(fv-az1249-304/10.1.0.38), ReplicationConfig: RATIS/ONE, State:OPEN, leaderId:7245158f-4bcf-4112-8365-c26f1e1b7534, CreationTimestamp2023-05-23T10:25:15.327Z[Etc/UTC]] moved to CLOSED state
2023-05-23 10:25:45,528 [Listener at 127.0.0.1/15052] INFO  server.StorageContainerManager (StorageContainerManager.java:stop(1602)) - Stopping block service RPC server
2023-05-23 10:25:45,528 [Listener at 127.0.0.1/15052] INFO  server.SCMBlockProtocolServer (SCMBlockProtocolServer.java:stop(161)) - Stopping the RPC server for Block Protocol
2023-05-23 10:25:45,528 [Listener at 127.0.0.1/15052] INFO  ipc.Server (Server.java:stop(3501)) - Stopping server on 15049
2023-05-23 10:25:45,530 [IPC Server listener on 15049] INFO  ipc.Server (Server.java:run(1430)) - Stopping IPC Server listener on 15049
2023-05-23 10:25:45,531 [IPC Server Responder] INFO  ipc.Server (Server.java:run(1563)) - Stopping IPC Server Responder
2023-05-23 10:25:45,531 [Listener at 127.0.0.1/15052] INFO  server.StorageContainerManager (StorageContainerManager.java:stop(1609)) - Stopping the StorageContainerLocationProtocol RPC server
2023-05-23 10:25:45,531 [Listener at 127.0.0.1/15052] INFO  server.SCMClientProtocolServer (SCMClientProtocolServer.java:stop(208)) - Stopping the RPC server for Client Protocol
2023-05-23 10:25:45,531 [Listener at 127.0.0.1/15052] INFO  ipc.Server (Server.java:stop(3501)) - Stopping server on 15048
2023-05-23 10:25:45,533 [IPC Server listener on 15048] INFO  ipc.Server (Server.java:run(1430)) - Stopping IPC Server listener on 15048
2023-05-23 10:25:45,534 [IPC Server Responder] INFO  ipc.Server (Server.java:run(1563)) - Stopping IPC Server Responder
2023-05-23 10:25:45,535 [Listener at 127.0.0.1/15052] INFO  server.StorageContainerManager (StorageContainerManager.java:stop(1616)) - Stopping Storage Container Manager HTTP server.
2023-05-23 10:25:45,535 [Listener at 127.0.0.1/15052] INFO  handler.ContextHandler (ContextHandler.java:doStop(1159)) - Stopped o.e.j.w.WebAppContext@3fe9ae06{scm,/,null,STOPPED}{file:/home/runner/work/ozone/ozone/hadoop-ozone/integration-test/target/test-classes/webapps/scm}
2023-05-23 10:25:45,536 [Listener at 127.0.0.1/15052] INFO  server.AbstractConnector (AbstractConnector.java:doStop(383)) - Stopped ServerConnector@582b7005{HTTP/1.1, (http/1.1)}{0.0.0.0:15051}
2023-05-23 10:25:45,536 [Listener at 127.0.0.1/15052] INFO  server.session (HouseKeeper.java:stopScavenging(149)) - node0 Stopped scavenging
2023-05-23 10:25:45,536 [Listener at 127.0.0.1/15052] INFO  handler.ContextHandler (ContextHandler.java:doStop(1159)) - Stopped o.e.j.s.ServletContextHandler@66adfb56{static,/static,file:///home/runner/work/ozone/ozone/hadoop-ozone/integration-test/target/test-classes/webapps/static,STOPPED}
2023-05-23 10:25:45,536 [Listener at 127.0.0.1/15052] INFO  handler.ContextHandler (ContextHandler.java:doStop(1159)) - Stopped o.e.j.s.ServletContextHandler@5277c68a{logs,/logs,file:///home/runner/work/ozone/ozone/hadoop-ozone/integration-test/target/log,STOPPED}
2023-05-23 10:25:45,537 [Listener at 127.0.0.1/15052] INFO  server.StorageContainerManager (StorageContainerManager.java:stop(1624)) - Stopping SCM LayoutVersionManager Service.
2023-05-23 10:25:45,537 [Listener at 127.0.0.1/15052] INFO  server.StorageContainerManager (StorageContainerManager.java:stop(1632)) - Stopping Block Manager Service.
2023-05-23 10:25:45,537 [Listener at 127.0.0.1/15052] INFO  utils.BackgroundService (BackgroundService.java:shutdown(141)) - Shutting down service SCMBlockDeletingService
2023-05-23 10:25:45,538 [Listener at 127.0.0.1/15052] INFO  utils.BackgroundService (BackgroundService.java:shutdown(141)) - Shutting down service SCMBlockDeletingService
2023-05-23 10:25:45,538 [Listener at 127.0.0.1/15052] INFO  server.StorageContainerManager (StorageContainerManager.java:stop(1654)) - Stopping SCM Event Queue.
2023-05-23 10:25:45,540 [Listener at 127.0.0.1/15052] INFO  server.StorageContainerManager (StorageContainerManager.java:stop(1665)) - Stopping SCM HA services.
2023-05-23 10:25:45,540 [Listener at 127.0.0.1/15052] INFO  pipeline.BackgroundPipelineCreator (BackgroundPipelineCreator.java:stop(149)) - Stopping RatisPipelineUtilsThread.
2023-05-23 10:25:45,540 [RatisPipelineUtilsThread - 0] WARN  pipeline.BackgroundPipelineCreator (BackgroundPipelineCreator.java:run(180)) - RatisPipelineUtilsThread is interrupted.
2023-05-23 10:25:45,540 [Listener at 127.0.0.1/15052] INFO  BackgroundPipelineScrubber (BackgroundSCMService.java:stop(131)) - Stopping BackgroundPipelineScrubber Service.
2023-05-23 10:25:45,540 [BackgroundPipelineScrubberThread] WARN  BackgroundPipelineScrubber (BackgroundSCMService.java:run(115)) - BackgroundPipelineScrubber is interrupted, exit
2023-05-23 10:25:45,540 [Listener at 127.0.0.1/15052] INFO  impl.MetricsSystemImpl (MetricsSystemImpl.java:stop(210)) - Stopping HddsDatanode metrics system...
2023-05-23 10:25:45,546 [prometheus] INFO  impl.MetricsSinkAdapter (MetricsSinkAdapter.java:publishMetricsFromQueue(141)) - prometheus thread interrupted.
2023-05-23 10:25:45,546 [Listener at 127.0.0.1/15052] INFO  impl.MetricsSystemImpl (MetricsSystemImpl.java:stop(216)) - HddsDatanode metrics system stopped.
2023-05-23 10:25:45,546 [Listener at 127.0.0.1/15052] WARN  pipeline.BackgroundPipelineCreator (BackgroundPipelineCreator.java:stop(145)) - RatisPipelineUtilsThread is not running, just ignore.
2023-05-23 10:25:45,546 [Listener at 127.0.0.1/15052] INFO  BackgroundPipelineScrubber (BackgroundSCMService.java:stop(126)) - BackgroundPipelineScrubber Service is not running, skip stop.
2023-05-23 10:25:45,546 [ExpiredContainerReplicaOpScrubberThread] WARN  ExpiredContainerReplicaOpScrubber (BackgroundSCMService.java:run(115)) - ExpiredContainerReplicaOpScrubber is interrupted, exit
2023-05-23 10:25:45,549 [Listener at 127.0.0.1/15052] INFO  ExpiredContainerReplicaOpScrubber (BackgroundSCMService.java:stop(131)) - Stopping ExpiredContainerReplicaOpScrubber Service.
2023-05-23 10:25:45,549 [Listener at 127.0.0.1/15052] INFO  utils.BackgroundService (BackgroundService.java:shutdown(141)) - Shutting down service SCMBlockDeletingService
2023-05-23 10:25:45,549 [Listener at 127.0.0.1/15052] INFO  replication.ReplicationManager (ReplicationManager.java:stop(343)) - Replication Monitor Thread is not running.
2023-05-23 10:25:45,549 [Listener at 127.0.0.1/15052] WARN  balancer.ContainerBalancer (ContainerBalancer.java:stop(324)) - Cannot stop Container Balancer because it's not running or stopping
2023-05-23 10:25:45,549 [Listener at 127.0.0.1/15052] INFO  server.StorageContainerManager (StorageContainerManager.java:stop(1700)) - Stopping SCM MetadataStore.
2023-05-23 10:25:45,549 [Lease Manager-LeaseManager#LeaseMonitor] WARN  lease.LeaseManager (LeaseManager.java:run(272)) - Lease manager is interrupted. Shutting down...
java.lang.InterruptedException
	at java.util.concurrent.locks.AbstractQueuedSynchronizer.doAcquireSharedNanos(AbstractQueuedSynchronizer.java:1039)
	at java.util.concurrent.locks.AbstractQueuedSynchronizer.tryAcquireSharedNanos(AbstractQueuedSynchronizer.java:1328)
	at java.util.concurrent.Semaphore.tryAcquire(Semaphore.java:409)
	at org.apache.hadoop.ozone.lease.LeaseManager$LeaseMonitor.run(LeaseManager.java:270)
	at java.lang.Thread.run(Thread.java:750)
]]></system-out>
  </testcase>
  <testcase name="testContainerReplication" classname="TestContainerReplication" time="66.288">
    <error type="java.util.concurrent.TimeoutException"><![CDATA[java.util.concurrent.TimeoutException: 
Timed out waiting for condition. Thread diagnostics:
Timestamp: 2023-05-23 10:27:19,054

"IPC Server handler 9 on default port 15145" daemon prio=5 tid=2337 timed_waiting
java.lang.Thread.State: TIMED_WAITING
        at sun.misc.Unsafe.park(Native Method)
        at java.util.concurrent.locks.LockSupport.parkNanos(LockSupport.java:215)
        at java.util.concurrent.locks.AbstractQueuedSynchronizer$ConditionObject.awaitNanos(AbstractQueuedSynchronizer.java:2078)
        at java.util.concurrent.LinkedBlockingQueue.poll(LinkedBlockingQueue.java:467)
        at org.apache.hadoop.ipc.CallQueueManager.take(CallQueueManager.java:317)
        at org.apache.hadoop.ipc.Server$Handler.run(Server.java:2992)
"IPC Server handler 11 on default port 15146" daemon prio=5 tid=2359 timed_waiting
java.lang.Thread.State: TIMED_WAITING
        at sun.misc.Unsafe.park(Native Method)
        at java.util.concurrent.locks.LockSupport.parkNanos(LockSupport.java:215)
        at java.util.concurrent.locks.AbstractQueuedSynchronizer$ConditionObject.awaitNanos(AbstractQueuedSynchronizer.java:2078)
        at java.util.concurrent.LinkedBlockingQueue.poll(LinkedBlockingQueue.java:467)
        at org.apache.hadoop.ipc.CallQueueManager.take(CallQueueManager.java:317)
        at org.apache.hadoop.ipc.Server$Handler.run(Server.java:2992)
"qtp2091380053-2409" daemon prio=5 tid=2409 runnable
java.lang.Thread.State: RUNNABLE
        at sun.nio.ch.EPollArrayWrapper.epollWait(Native Method)
        at sun.nio.ch.EPollArrayWrapper.poll(EPollArrayWrapper.java:269)
        at sun.nio.ch.EPollSelectorImpl.doSelect(EPollSelectorImpl.java:93)
        at sun.nio.ch.SelectorImpl.lockAndDoSelect(SelectorImpl.java:86)
        at sun.nio.ch.SelectorImpl.select(SelectorImpl.java:97)
        at sun.nio.ch.SelectorImpl.select(SelectorImpl.java:101)
        at org.eclipse.jetty.io.ManagedSelector.nioSelect(ManagedSelector.java:183)
        at org.eclipse.jetty.io.ManagedSelector.select(ManagedSelector.java:190)
        at org.eclipse.jetty.io.ManagedSelector$SelectorProducer.select(ManagedSelector.java:606)
        at org.eclipse.jetty.io.ManagedSelector$SelectorProducer.produce(ManagedSelector.java:543)
        at org.eclipse.jetty.util.thread.strategy.EatWhatYouKill.produceTask(EatWhatYouKill.java:362)
        at org.eclipse.jetty.util.thread.strategy.EatWhatYouKill.doProduce(EatWhatYouKill.java:186)
        at org.eclipse.jetty.util.thread.strategy.EatWhatYouKill.tryProduce(EatWhatYouKill.java:173)
        at org.eclipse.jetty.util.thread.strategy.EatWhatYouKill.produce(EatWhatYouKill.java:137)
        at org.eclipse.jetty.io.ManagedSelector$$Lambda$405/1186460912.run(Unknown Source)
        at org.eclipse.jetty.util.thread.QueuedThreadPool.runJob(QueuedThreadPool.java:883)
        at org.eclipse.jetty.util.thread.QueuedThreadPool$Runner.run(QueuedThreadPool.java:1034)
        at java.lang.Thread.run(Thread.java:750)
"JvmPauseMonitor23" daemon prio=5 tid=2632 timed_waiting
java.lang.Thread.State: TIMED_WAITING
        at java.lang.Thread.sleep(Native Method)
        at java.lang.Thread.sleep(Thread.java:342)
        at java.util.concurrent.TimeUnit.sleep(TimeUnit.java:386)
        at org.apache.ratis.util.TimeDuration.sleep(TimeDuration.java:325)
        at org.apache.ratis.util.TimeDuration.sleep(TimeDuration.java:310)
        at org.apache.ratis.util.JvmPauseMonitor.detectPause(JvmPauseMonitor.java:117)
        at org.apache.ratis.util.JvmPauseMonitor.run(JvmPauseMonitor.java:106)
        at org.apache.ratis.util.JvmPauseMonitor$$Lambda$708/1155834015.run(Unknown Source)
        at java.lang.Thread.run(Thread.java:750)
"IPC Server handler 1 on default port 15145" daemon prio=5 tid=2329 timed_waiting
java.lang.Thread.State: TIMED_WAITING
        at sun.misc.Unsafe.park(Native Method)
        at java.util.concurrent.locks.LockSupport.parkNanos(LockSupport.java:215)
        at java.util.concurrent.locks.AbstractQueuedSynchronizer$ConditionObject.awaitNanos(AbstractQueuedSynchronizer.java:2078)
        at java.util.concurrent.LinkedBlockingQueue.poll(LinkedBlockingQueue.java:467)
        at org.apache.hadoop.ipc.CallQueueManager.take(CallQueueManager.java:317)
        at org.apache.hadoop.ipc.Server$Handler.run(Server.java:2992)
"EndpointStateMachine task thread for /0.0.0.0:15146 - 0 "  prio=5 tid=2603 in Object.wait()
java.lang.Thread.State: WAITING (on object monitor)
        at sun.misc.Unsafe.park(Native Method)
        at java.util.concurrent.locks.LockSupport.park(LockSupport.java:175)
        at java.util.concurrent.locks.AbstractQueuedSynchronizer$ConditionObject.await(AbstractQueuedSynchronizer.java:2039)
        at java.util.concurrent.LinkedBlockingQueue.take(LinkedBlockingQueue.java:442)
        at java.util.concurrent.ThreadPoolExecutor.getTask(ThreadPoolExecutor.java:1074)
        at java.util.concurrent.ThreadPoolExecutor.runWorker(ThreadPoolExecutor.java:1134)
        at java.util.concurrent.ThreadPoolExecutor$Worker.run(ThreadPoolExecutor.java:624)
        at java.lang.Thread.run(Thread.java:750)
"Datanode ReportManager Thread - 1" daemon prio=5 tid=2569 timed_waiting
java.lang.Thread.State: TIMED_WAITING
        at sun.misc.Unsafe.park(Native Method)
        at java.util.concurrent.locks.LockSupport.parkNanos(LockSupport.java:215)
        at java.util.concurrent.locks.AbstractQueuedSynchronizer$ConditionObject.awaitNanos(AbstractQueuedSynchronizer.java:2078)
        at java.util.concurrent.ScheduledThreadPoolExecutor$DelayedWorkQueue.take(ScheduledThreadPoolExecutor.java:1093)
        at java.util.concurrent.ScheduledThreadPoolExecutor$DelayedWorkQueue.take(ScheduledThreadPoolExecutor.java:809)
        at java.util.concurrent.ThreadPoolExecutor.getTask(ThreadPoolExecutor.java:1074)
        at java.util.concurrent.ThreadPoolExecutor.runWorker(ThreadPoolExecutor.java:1134)
        at java.util.concurrent.ThreadPoolExecutor$Worker.run(ThreadPoolExecutor.java:624)
        at java.lang.Thread.run(Thread.java:750)
"IPC Server handler 16 on default port 15146" daemon prio=5 tid=2364 timed_waiting
java.lang.Thread.State: TIMED_WAITING
        at sun.misc.Unsafe.park(Native Method)
        at java.util.concurrent.locks.LockSupport.parkNanos(LockSupport.java:215)
        at java.util.concurrent.locks.AbstractQueuedSynchronizer$ConditionObject.awaitNanos(AbstractQueuedSynchronizer.java:2078)
        at java.util.concurrent.LinkedBlockingQueue.poll(LinkedBlockingQueue.java:467)
        at org.apache.hadoop.ipc.CallQueueManager.take(CallQueueManager.java:317)
        at org.apache.hadoop.ipc.Server$Handler.run(Server.java:2992)
"org.apache.hadoop.util.JvmPauseMonitor$Monitor@2179ae26" daemon prio=5 tid=2518 timed_waiting
java.lang.Thread.State: TIMED_WAITING
        at java.lang.Thread.sleep(Native Method)
        at org.apache.hadoop.util.JvmPauseMonitor$Monitor.run(JvmPauseMonitor.java:192)
        at java.lang.Thread.run(Thread.java:750)
"IPC Server handler 17 on default port 15148" daemon prio=5 tid=2435 timed_waiting
java.lang.Thread.State: TIMED_WAITING
        at sun.misc.Unsafe.park(Native Method)
        at java.util.concurrent.locks.LockSupport.parkNanos(LockSupport.java:215)
        at java.util.concurrent.locks.AbstractQueuedSynchronizer$ConditionObject.awaitNanos(AbstractQueuedSynchronizer.java:2078)
        at java.util.concurrent.LinkedBlockingQueue.poll(LinkedBlockingQueue.java:467)
        at org.apache.hadoop.ipc.CallQueueManager.take(CallQueueManager.java:317)
        at org.apache.hadoop.ipc.Server$Handler.run(Server.java:2992)
"IPC Server handler 19 on default port 15146" daemon prio=5 tid=2367 timed_waiting
java.lang.Thread.State: TIMED_WAITING
        at sun.misc.Unsafe.park(Native Method)
        at java.util.concurrent.locks.LockSupport.parkNanos(LockSupport.java:215)
        at java.util.concurrent.locks.AbstractQueuedSynchronizer$ConditionObject.awaitNanos(AbstractQueuedSynchronizer.java:2078)
        at java.util.concurrent.LinkedBlockingQueue.poll(LinkedBlockingQueue.java:467)
        at org.apache.hadoop.ipc.CallQueueManager.take(CallQueueManager.java:317)
        at org.apache.hadoop.ipc.Server$Handler.run(Server.java:2992)
"PartialTableCache Cleanup Thread - 0" daemon prio=5 tid=2037 in Object.wait()
java.lang.Thread.State: WAITING (on object monitor)
        at sun.misc.Unsafe.park(Native Method)
        at java.util.concurrent.locks.LockSupport.park(LockSupport.java:175)
        at java.util.concurrent.locks.AbstractQueuedSynchronizer$ConditionObject.await(AbstractQueuedSynchronizer.java:2039)
        at java.util.concurrent.LinkedBlockingQueue.take(LinkedBlockingQueue.java:442)
        at java.util.concurrent.ThreadPoolExecutor.getTask(ThreadPoolExecutor.java:1074)
        at java.util.concurrent.ThreadPoolExecutor.runWorker(ThreadPoolExecutor.java:1134)
        at java.util.concurrent.ThreadPoolExecutor$Worker.run(ThreadPoolExecutor.java:624)
        at java.lang.Thread.run(Thread.java:750)
"pool-651-thread-1"  prio=5 tid=2371 timed_waiting
java.lang.Thread.State: TIMED_WAITING
        at sun.misc.Unsafe.park(Native Method)
        at java.util.concurrent.locks.LockSupport.parkNanos(LockSupport.java:215)
        at java.util.concurrent.locks.AbstractQueuedSynchronizer$ConditionObject.awaitNanos(AbstractQueuedSynchronizer.java:2078)
        at java.util.concurrent.ScheduledThreadPoolExecutor$DelayedWorkQueue.take(ScheduledThreadPoolExecutor.java:1093)
        at java.util.concurrent.ScheduledThreadPoolExecutor$DelayedWorkQueue.take(ScheduledThreadPoolExecutor.java:809)
        at java.util.concurrent.ThreadPoolExecutor.getTask(ThreadPoolExecutor.java:1074)
        at java.util.concurrent.ThreadPoolExecutor.runWorker(ThreadPoolExecutor.java:1134)
        at java.util.concurrent.ThreadPoolExecutor$Worker.run(ThreadPoolExecutor.java:624)
        at java.lang.Thread.run(Thread.java:750)
"qtp2091380053-2411" daemon prio=5 tid=2411 timed_waiting
java.lang.Thread.State: TIMED_WAITING
        at sun.misc.Unsafe.park(Native Method)
        at java.util.concurrent.locks.LockSupport.parkNanos(LockSupport.java:215)
        at java.util.concurrent.locks.AbstractQueuedSynchronizer$ConditionObject.awaitNanos(AbstractQueuedSynchronizer.java:2078)
        at org.eclipse.jetty.util.BlockingArrayQueue.poll(BlockingArrayQueue.java:382)
        at org.eclipse.jetty.util.thread.QueuedThreadPool$Runner.idleJobPoll(QueuedThreadPool.java:974)
        at org.eclipse.jetty.util.thread.QueuedThreadPool$Runner.run(QueuedThreadPool.java:1018)
        at java.lang.Thread.run(Thread.java:750)
"9a8ecc75-319b-47a2-9433-72c1cc276f25@group-466CBA6666DA-LeaderStateImpl" daemon prio=5 tid=2760 timed_waiting
java.lang.Thread.State: TIMED_WAITING
        at sun.misc.Unsafe.park(Native Method)
        at java.util.concurrent.locks.LockSupport.parkNanos(LockSupport.java:215)
        at java.util.concurrent.locks.AbstractQueuedSynchronizer$ConditionObject.awaitNanos(AbstractQueuedSynchronizer.java:2078)
        at java.util.concurrent.ArrayBlockingQueue.poll(ArrayBlockingQueue.java:418)
        at org.apache.ratis.server.impl.LeaderStateImpl$EventQueue.poll(LeaderStateImpl.java:164)
        at org.apache.ratis.server.impl.LeaderStateImpl$EventProcessor.run(LeaderStateImpl.java:702)
"PartialTableCache Cleanup Thread - 0" daemon prio=5 tid=2778 in Object.wait()
java.lang.Thread.State: WAITING (on object monitor)
        at sun.misc.Unsafe.park(Native Method)
        at java.util.concurrent.locks.LockSupport.park(LockSupport.java:175)
        at java.util.concurrent.locks.AbstractQueuedSynchronizer$ConditionObject.await(AbstractQueuedSynchronizer.java:2039)
        at java.util.concurrent.LinkedBlockingQueue.take(LinkedBlockingQueue.java:442)
        at java.util.concurrent.ThreadPoolExecutor.getTask(ThreadPoolExecutor.java:1074)
        at java.util.concurrent.ThreadPoolExecutor.runWorker(ThreadPoolExecutor.java:1134)
        at java.util.concurrent.ThreadPoolExecutor$Worker.run(ThreadPoolExecutor.java:624)
        at java.lang.Thread.run(Thread.java:750)
"IPC Server handler 2 on default port 15148" daemon prio=5 tid=2420 timed_waiting
java.lang.Thread.State: TIMED_WAITING
        at sun.misc.Unsafe.park(Native Method)
        at java.util.concurrent.locks.LockSupport.parkNanos(LockSupport.java:215)
        at java.util.concurrent.locks.AbstractQueuedSynchronizer$ConditionObject.awaitNanos(AbstractQueuedSynchronizer.java:2078)
        at java.util.concurrent.LinkedBlockingQueue.poll(LinkedBlockingQueue.java:467)
        at org.apache.hadoop.ipc.CallQueueManager.take(CallQueueManager.java:317)
        at org.apache.hadoop.ipc.Server$Handler.run(Server.java:2992)
"IPC Server handler 5 on default port 15144" daemon prio=5 tid=2313 timed_waiting
java.lang.Thread.State: TIMED_WAITING
        at sun.misc.Unsafe.park(Native Method)
        at java.util.concurrent.locks.LockSupport.parkNanos(LockSupport.java:215)
        at java.util.concurrent.locks.AbstractQueuedSynchronizer$ConditionObject.awaitNanos(AbstractQueuedSynchronizer.java:2078)
        at java.util.concurrent.LinkedBlockingQueue.poll(LinkedBlockingQueue.java:467)
        at org.apache.hadoop.ipc.CallQueueManager.take(CallQueueManager.java:317)
        at org.apache.hadoop.ipc.Server$Handler.run(Server.java:2992)
"qtp1403968272-2481" daemon prio=5 tid=2481 timed_waiting
java.lang.Thread.State: TIMED_WAITING
        at sun.misc.Unsafe.park(Native Method)
        at java.util.concurrent.locks.LockSupport.parkNanos(LockSupport.java:215)
        at java.util.concurrent.locks.AbstractQueuedSynchronizer$ConditionObject.awaitNanos(AbstractQueuedSynchronizer.java:2078)
        at org.eclipse.jetty.util.BlockingArrayQueue.poll(BlockingArrayQueue.java:382)
        at org.eclipse.jetty.util.thread.QueuedThreadPool$Runner.idleJobPoll(QueuedThreadPool.java:974)
        at org.eclipse.jetty.util.thread.QueuedThreadPool$Runner.run(QueuedThreadPool.java:1018)
        at java.lang.Thread.run(Thread.java:750)
"ChunkWriter-1-0" daemon prio=5 tid=2605 in Object.wait()
java.lang.Thread.State: WAITING (on object monitor)
        at sun.misc.Unsafe.park(Native Method)
        at java.util.concurrent.locks.LockSupport.park(LockSupport.java:175)
        at java.util.concurrent.locks.AbstractQueuedSynchronizer$ConditionObject.await(AbstractQueuedSynchronizer.java:2039)
        at java.util.concurrent.LinkedBlockingDeque.takeFirst(LinkedBlockingDeque.java:492)
        at java.util.concurrent.LinkedBlockingDeque.take(LinkedBlockingDeque.java:680)
        at java.util.concurrent.ThreadPoolExecutor.getTask(ThreadPoolExecutor.java:1074)
        at java.util.concurrent.ThreadPoolExecutor.runWorker(ThreadPoolExecutor.java:1134)
        at java.util.concurrent.ThreadPoolExecutor$Worker.run(ThreadPoolExecutor.java:624)
        at java.lang.Thread.run(Thread.java:750)
"IPC Server handler 7 on default port 15144" daemon prio=5 tid=2315 timed_waiting
java.lang.Thread.State: TIMED_WAITING
        at sun.misc.Unsafe.park(Native Method)
        at java.util.concurrent.locks.LockSupport.parkNanos(LockSupport.java:215)
        at java.util.concurrent.locks.AbstractQueuedSynchronizer$ConditionObject.awaitNanos(AbstractQueuedSynchronizer.java:2078)
        at java.util.concurrent.LinkedBlockingQueue.poll(LinkedBlockingQueue.java:467)
        at org.apache.hadoop.ipc.CallQueueManager.take(CallQueueManager.java:317)
        at org.apache.hadoop.ipc.Server$Handler.run(Server.java:2992)
"PartialTableCache Cleanup Thread - 0" daemon prio=5 tid=516 in Object.wait()
java.lang.Thread.State: WAITING (on object monitor)
        at sun.misc.Unsafe.park(Native Method)
        at java.util.concurrent.locks.LockSupport.park(LockSupport.java:175)
        at java.util.concurrent.locks.AbstractQueuedSynchronizer$ConditionObject.await(AbstractQueuedSynchronizer.java:2039)
        at java.util.concurrent.LinkedBlockingQueue.take(LinkedBlockingQueue.java:442)
        at java.util.concurrent.ThreadPoolExecutor.getTask(ThreadPoolExecutor.java:1074)
        at java.util.concurrent.ThreadPoolExecutor.runWorker(ThreadPoolExecutor.java:1134)
        at java.util.concurrent.ThreadPoolExecutor$Worker.run(ThreadPoolExecutor.java:624)
        at java.lang.Thread.run(Thread.java:750)
"FixedThreadPoolWithAffinityExecutor-5-0" daemon prio=5 tid=2301 timed_waiting
java.lang.Thread.State: TIMED_WAITING
        at sun.misc.Unsafe.park(Native Method)
        at java.util.concurrent.locks.LockSupport.parkNanos(LockSupport.java:215)
        at java.util.concurrent.locks.AbstractQueuedSynchronizer$ConditionObject.awaitNanos(AbstractQueuedSynchronizer.java:2078)
        at java.util.concurrent.LinkedBlockingQueue.poll(LinkedBlockingQueue.java:467)
        at org.apache.hadoop.hdds.scm.server.ContainerReportQueue.poll(ContainerReportQueue.java:266)
        at org.apache.hadoop.hdds.scm.server.ContainerReportQueue.poll(ContainerReportQueue.java:42)
        at org.apache.hadoop.hdds.server.events.FixedThreadPoolWithAffinityExecutor$ContainerReportProcessTask.run(FixedThreadPoolWithAffinityExecutor.java:247)
        at java.util.concurrent.Executors$RunnableAdapter.call(Executors.java:511)
        at java.util.concurrent.FutureTask.run(FutureTask.java:266)
        at java.util.concurrent.ThreadPoolExecutor.runWorker(ThreadPoolExecutor.java:1149)
        at java.util.concurrent.ThreadPoolExecutor$Worker.run(ThreadPoolExecutor.java:624)
        at java.lang.Thread.run(Thread.java:750)
"Datanode ReportManager Thread - 4" daemon prio=5 tid=2572 in Object.wait()
java.lang.Thread.State: WAITING (on object monitor)
        at sun.misc.Unsafe.park(Native Method)
        at java.util.concurrent.locks.LockSupport.park(LockSupport.java:175)
        at java.util.concurrent.locks.AbstractQueuedSynchronizer$ConditionObject.await(AbstractQueuedSynchronizer.java:2039)
        at java.util.concurrent.ScheduledThreadPoolExecutor$DelayedWorkQueue.take(ScheduledThreadPoolExecutor.java:1088)
        at java.util.concurrent.ScheduledThreadPoolExecutor$DelayedWorkQueue.take(ScheduledThreadPoolExecutor.java:809)
        at java.util.concurrent.ThreadPoolExecutor.getTask(ThreadPoolExecutor.java:1074)
        at java.util.concurrent.ThreadPoolExecutor.runWorker(ThreadPoolExecutor.java:1134)
        at java.util.concurrent.ThreadPoolExecutor$Worker.run(ThreadPoolExecutor.java:624)
        at java.lang.Thread.run(Thread.java:750)
"3cc5c5e2-96d2-4640-9ca3-0d98a4ccb12e-impl-thread1" daemon prio=5 tid=2555 timed_waiting
java.lang.Thread.State: TIMED_WAITING
        at sun.misc.Unsafe.park(Native Method)
        at java.util.concurrent.locks.LockSupport.parkNanos(LockSupport.java:215)
        at java.util.concurrent.SynchronousQueue$TransferStack.awaitFulfill(SynchronousQueue.java:460)
        at java.util.concurrent.SynchronousQueue$TransferStack.transfer(SynchronousQueue.java:362)
        at java.util.concurrent.SynchronousQueue.poll(SynchronousQueue.java:941)
        at java.util.concurrent.ThreadPoolExecutor.getTask(ThreadPoolExecutor.java:1073)
        at java.util.concurrent.ThreadPoolExecutor.runWorker(ThreadPoolExecutor.java:1134)
        at java.util.concurrent.ThreadPoolExecutor$Worker.run(ThreadPoolExecutor.java:624)
        at java.lang.Thread.run(Thread.java:750)
"org.apache.hadoop.util.JvmPauseMonitor$Monitor@6cd12316" daemon prio=5 tid=2370 timed_waiting
java.lang.Thread.State: TIMED_WAITING
        at java.lang.Thread.sleep(Native Method)
        at org.apache.hadoop.util.JvmPauseMonitor$Monitor.run(JvmPauseMonitor.java:192)
        at java.lang.Thread.run(Thread.java:750)
"Datanode ReportManager Thread - 4" daemon prio=5 tid=2516 in Object.wait()
java.lang.Thread.State: WAITING (on object monitor)
        at sun.misc.Unsafe.park(Native Method)
        at java.util.concurrent.locks.LockSupport.park(LockSupport.java:175)
        at java.util.concurrent.locks.AbstractQueuedSynchronizer$ConditionObject.await(AbstractQueuedSynchronizer.java:2039)
        at java.util.concurrent.ScheduledThreadPoolExecutor$DelayedWorkQueue.take(ScheduledThreadPoolExecutor.java:1088)
        at java.util.concurrent.ScheduledThreadPoolExecutor$DelayedWorkQueue.take(ScheduledThreadPoolExecutor.java:809)
        at java.util.concurrent.ThreadPoolExecutor.getTask(ThreadPoolExecutor.java:1074)
        at java.util.concurrent.ThreadPoolExecutor.runWorker(ThreadPoolExecutor.java:1134)
        at java.util.concurrent.ThreadPoolExecutor$Worker.run(ThreadPoolExecutor.java:624)
        at java.lang.Thread.run(Thread.java:750)
"DataNode DiskChecker thread 0" daemon prio=5 tid=2551 timed_waiting
java.lang.Thread.State: TIMED_WAITING
        at sun.misc.Unsafe.park(Native Method)
        at java.util.concurrent.locks.LockSupport.parkNanos(LockSupport.java:215)
        at java.util.concurrent.SynchronousQueue$TransferStack.awaitFulfill(SynchronousQueue.java:460)
        at java.util.concurrent.SynchronousQueue$TransferStack.transfer(SynchronousQueue.java:362)
        at java.util.concurrent.SynchronousQueue.poll(SynchronousQueue.java:941)
        at java.util.concurrent.ThreadPoolExecutor.getTask(ThreadPoolExecutor.java:1073)
        at java.util.concurrent.ThreadPoolExecutor.runWorker(ThreadPoolExecutor.java:1134)
        at java.util.concurrent.ThreadPoolExecutor$Worker.run(ThreadPoolExecutor.java:624)
        at java.lang.Thread.run(Thread.java:750)
"Periodic HDDS volume checker" daemon prio=5 tid=2494 timed_waiting
java.lang.Thread.State: TIMED_WAITING
        at sun.misc.Unsafe.park(Native Method)
        at java.util.concurrent.locks.LockSupport.parkNanos(LockSupport.java:215)
        at java.util.concurrent.locks.AbstractQueuedSynchronizer$ConditionObject.awaitNanos(AbstractQueuedSynchronizer.java:2078)
        at java.util.concurrent.ScheduledThreadPoolExecutor$DelayedWorkQueue.take(ScheduledThreadPoolExecutor.java:1093)
        at java.util.concurrent.ScheduledThreadPoolExecutor$DelayedWorkQueue.take(ScheduledThreadPoolExecutor.java:809)
        at java.util.concurrent.ThreadPoolExecutor.getTask(ThreadPoolExecutor.java:1074)
        at java.util.concurrent.ThreadPoolExecutor.runWorker(ThreadPoolExecutor.java:1134)
        at java.util.concurrent.ThreadPoolExecutor$Worker.run(ThreadPoolExecutor.java:624)
        at java.lang.Thread.run(Thread.java:750)
"qtp211654403-2531" daemon prio=5 tid=2531 runnable
java.lang.Thread.State: RUNNABLE
        at sun.nio.ch.EPollArrayWrapper.epollWait(Native Method)
        at sun.nio.ch.EPollArrayWrapper.poll(EPollArrayWrapper.java:269)
        at sun.nio.ch.EPollSelectorImpl.doSelect(EPollSelectorImpl.java:93)
        at sun.nio.ch.SelectorImpl.lockAndDoSelect(SelectorImpl.java:86)
        at sun.nio.ch.SelectorImpl.select(SelectorImpl.java:97)
        at sun.nio.ch.SelectorImpl.select(SelectorImpl.java:101)
        at org.eclipse.jetty.io.ManagedSelector.nioSelect(ManagedSelector.java:183)
        at org.eclipse.jetty.io.ManagedSelector.select(ManagedSelector.java:190)
        at org.eclipse.jetty.io.ManagedSelector$SelectorProducer.select(ManagedSelector.java:606)
        at org.eclipse.jetty.io.ManagedSelector$SelectorProducer.produce(ManagedSelector.java:543)
        at org.eclipse.jetty.util.thread.strategy.EatWhatYouKill.produceTask(EatWhatYouKill.java:362)
        at org.eclipse.jetty.util.thread.strategy.EatWhatYouKill.doProduce(EatWhatYouKill.java:186)
        at org.eclipse.jetty.util.thread.strategy.EatWhatYouKill.tryProduce(EatWhatYouKill.java:173)
        at org.eclipse.jetty.util.thread.strategy.EatWhatYouKill.produce(EatWhatYouKill.java:137)
        at org.eclipse.jetty.io.ManagedSelector$$Lambda$405/1186460912.run(Unknown Source)
        at org.eclipse.jetty.util.thread.QueuedThreadPool.runJob(QueuedThreadPool.java:883)
        at org.eclipse.jetty.util.thread.QueuedThreadPool$Runner.run(QueuedThreadPool.java:1034)
        at java.lang.Thread.run(Thread.java:750)
"grpc-default-executor-1" daemon prio=5 tid=2708 timed_waiting
java.lang.Thread.State: TIMED_WAITING
        at sun.misc.Unsafe.park(Native Method)
        at java.util.concurrent.locks.LockSupport.parkNanos(LockSupport.java:215)
        at java.util.concurrent.SynchronousQueue$TransferStack.awaitFulfill(SynchronousQueue.java:460)
        at java.util.concurrent.SynchronousQueue$TransferStack.transfer(SynchronousQueue.java:362)
        at java.util.concurrent.SynchronousQueue.poll(SynchronousQueue.java:941)
        at java.util.concurrent.ThreadPoolExecutor.getTask(ThreadPoolExecutor.java:1073)
        at java.util.concurrent.ThreadPoolExecutor.runWorker(ThreadPoolExecutor.java:1134)
        at java.util.concurrent.ThreadPoolExecutor$Worker.run(ThreadPoolExecutor.java:624)
        at java.lang.Thread.run(Thread.java:750)
"IPC Server handler 16 on default port 15145" daemon prio=5 tid=2344 timed_waiting
java.lang.Thread.State: TIMED_WAITING
        at sun.misc.Unsafe.park(Native Method)
        at java.util.concurrent.locks.LockSupport.parkNanos(LockSupport.java:215)
        at java.util.concurrent.locks.AbstractQueuedSynchronizer$ConditionObject.awaitNanos(AbstractQueuedSynchronizer.java:2078)
        at java.util.concurrent.LinkedBlockingQueue.poll(LinkedBlockingQueue.java:467)
        at org.apache.hadoop.ipc.CallQueueManager.take(CallQueueManager.java:317)
        at org.apache.hadoop.ipc.Server$Handler.run(Server.java:2992)
"pool-774-thread-1" daemon prio=5 tid=2552 timed_waiting
java.lang.Thread.State: TIMED_WAITING
        at sun.misc.Unsafe.park(Native Method)
        at java.util.concurrent.locks.LockSupport.parkNanos(LockSupport.java:215)
        at java.util.concurrent.locks.AbstractQueuedSynchronizer$ConditionObject.awaitNanos(AbstractQueuedSynchronizer.java:2078)
        at java.util.concurrent.ScheduledThreadPoolExecutor$DelayedWorkQueue.take(ScheduledThreadPoolExecutor.java:1093)
        at java.util.concurrent.ScheduledThreadPoolExecutor$DelayedWorkQueue.take(ScheduledThreadPoolExecutor.java:809)
        at java.util.concurrent.ThreadPoolExecutor.getTask(ThreadPoolExecutor.java:1074)
        at java.util.concurrent.ThreadPoolExecutor.runWorker(ThreadPoolExecutor.java:1134)
        at java.util.concurrent.ThreadPoolExecutor$Worker.run(ThreadPoolExecutor.java:624)
        at java.lang.Thread.run(Thread.java:750)
"Datanode State Machine Daemon Thread" daemon prio=5 tid=2540 timed_waiting
java.lang.Thread.State: TIMED_WAITING
        at java.lang.Thread.sleep(Native Method)
        at org.apache.hadoop.ozone.container.common.statemachine.DatanodeStateMachine.startStateMachineThread(DatanodeStateMachine.java:343)
        at org.apache.hadoop.ozone.container.common.statemachine.DatanodeStateMachine.lambda$startDaemon$0(DatanodeStateMachine.java:525)
        at org.apache.hadoop.ozone.container.common.statemachine.DatanodeStateMachine$$Lambda$784/976021110.run(Unknown Source)
        at java.lang.Thread.run(Thread.java:750)
"IPC Server Responder" daemon prio=5 tid=2395 runnable
java.lang.Thread.State: RUNNABLE
        at sun.nio.ch.EPollArrayWrapper.epollWait(Native Method)
        at sun.nio.ch.EPollArrayWrapper.poll(EPollArrayWrapper.java:269)
        at sun.nio.ch.EPollSelectorImpl.doSelect(EPollSelectorImpl.java:93)
        at sun.nio.ch.SelectorImpl.lockAndDoSelect(SelectorImpl.java:86)
        at sun.nio.ch.SelectorImpl.select(SelectorImpl.java:97)
        at org.apache.hadoop.ipc.Server$Responder.doRunLoop(Server.java:1578)
        at org.apache.hadoop.ipc.Server$Responder.run(Server.java:1561)
"Lease Manager-LeaseManager#LeaseMonitor" daemon prio=5 tid=2369 timed_waiting
java.lang.Thread.State: TIMED_WAITING
        at sun.misc.Unsafe.park(Native Method)
        at java.util.concurrent.locks.LockSupport.parkNanos(LockSupport.java:215)
        at java.util.concurrent.locks.AbstractQueuedSynchronizer.doAcquireSharedNanos(AbstractQueuedSynchronizer.java:1037)
        at java.util.concurrent.locks.AbstractQueuedSynchronizer.tryAcquireSharedNanos(AbstractQueuedSynchronizer.java:1328)
        at java.util.concurrent.Semaphore.tryAcquire(Semaphore.java:409)
        at org.apache.hadoop.ozone.lease.LeaseManager$LeaseMonitor.run(LeaseManager.java:270)
        at java.lang.Thread.run(Thread.java:750)
"7156f7e4-fd15-431a-a0da-daed1f966c8d-groupManagement" daemon prio=5 tid=2695 in Object.wait()
java.lang.Thread.State: WAITING (on object monitor)
        at sun.misc.Unsafe.park(Native Method)
        at java.util.concurrent.locks.LockSupport.park(LockSupport.java:175)
        at java.util.concurrent.locks.AbstractQueuedSynchronizer$ConditionObject.await(AbstractQueuedSynchronizer.java:2039)
        at java.util.concurrent.LinkedBlockingQueue.take(LinkedBlockingQueue.java:442)
        at java.util.concurrent.ThreadPoolExecutor.getTask(ThreadPoolExecutor.java:1074)
        at java.util.concurrent.ThreadPoolExecutor.runWorker(ThreadPoolExecutor.java:1134)
        at java.util.concurrent.ThreadPoolExecutor$Worker.run(ThreadPoolExecutor.java:624)
        at java.lang.Thread.run(Thread.java:750)
"pool-752-thread-1" daemon prio=5 tid=2523 timed_waiting
java.lang.Thread.State: TIMED_WAITING
        at sun.misc.Unsafe.park(Native Method)
        at java.util.concurrent.locks.LockSupport.parkNanos(LockSupport.java:215)
        at java.util.concurrent.locks.AbstractQueuedSynchronizer$ConditionObject.awaitNanos(AbstractQueuedSynchronizer.java:2078)
        at java.util.concurrent.ScheduledThreadPoolExecutor$DelayedWorkQueue.take(ScheduledThreadPoolExecutor.java:1093)
        at java.util.concurrent.ScheduledThreadPoolExecutor$DelayedWorkQueue.take(ScheduledThreadPoolExecutor.java:809)
        at java.util.concurrent.ThreadPoolExecutor.getTask(ThreadPoolExecutor.java:1074)
        at java.util.concurrent.ThreadPoolExecutor.runWorker(ThreadPoolExecutor.java:1134)
        at java.util.concurrent.ThreadPoolExecutor$Worker.run(ThreadPoolExecutor.java:624)
        at java.lang.Thread.run(Thread.java:750)
"Datanode State Machine Daemon Thread" daemon prio=5 tid=2484 timed_waiting
java.lang.Thread.State: TIMED_WAITING
        at java.lang.Thread.sleep(Native Method)
        at org.apache.hadoop.ozone.container.common.statemachine.DatanodeStateMachine.startStateMachineThread(DatanodeStateMachine.java:343)
        at org.apache.hadoop.ozone.container.common.statemachine.DatanodeStateMachine.lambda$startDaemon$0(DatanodeStateMachine.java:525)
        at org.apache.hadoop.ozone.container.common.statemachine.DatanodeStateMachine$$Lambda$784/976021110.run(Unknown Source)
        at java.lang.Thread.run(Thread.java:750)
"IPC Server listener on 15148" daemon prio=5 tid=2392 runnable
java.lang.Thread.State: RUNNABLE
        at sun.nio.ch.EPollArrayWrapper.epollWait(Native Method)
        at sun.nio.ch.EPollArrayWrapper.poll(EPollArrayWrapper.java:269)
        at sun.nio.ch.EPollSelectorImpl.doSelect(EPollSelectorImpl.java:93)
        at sun.nio.ch.SelectorImpl.lockAndDoSelect(SelectorImpl.java:86)
        at sun.nio.ch.SelectorImpl.select(SelectorImpl.java:97)
        at sun.nio.ch.SelectorImpl.select(SelectorImpl.java:101)
        at org.apache.hadoop.ipc.Server$Listener.run(Server.java:1404)
"StaleRecoveringContainerScrubbingService#0" daemon prio=5 tid=2635 timed_waiting
java.lang.Thread.State: TIMED_WAITING
        at sun.misc.Unsafe.park(Native Method)
        at java.util.concurrent.locks.LockSupport.parkNanos(LockSupport.java:215)
        at java.util.concurrent.locks.AbstractQueuedSynchronizer$ConditionObject.awaitNanos(AbstractQueuedSynchronizer.java:2078)
        at java.util.concurrent.ScheduledThreadPoolExecutor$DelayedWorkQueue.take(ScheduledThreadPoolExecutor.java:1093)
        at java.util.concurrent.ScheduledThreadPoolExecutor$DelayedWorkQueue.take(ScheduledThreadPoolExecutor.java:809)
        at java.util.concurrent.ThreadPoolExecutor.getTask(ThreadPoolExecutor.java:1074)
        at java.util.concurrent.ThreadPoolExecutor.runWorker(ThreadPoolExecutor.java:1134)
        at java.util.concurrent.ThreadPoolExecutor$Worker.run(ThreadPoolExecutor.java:624)
        at java.lang.Thread.run(Thread.java:750)
"Timer for 'StorageContainerManager' metrics system" daemon prio=5 tid=2306 timed_waiting
java.lang.Thread.State: TIMED_WAITING
        at java.lang.Object.wait(Native Method)
        at java.util.TimerThread.mainLoop(Timer.java:552)
        at java.util.TimerThread.run(Timer.java:505)
"SCM Heartbeat Processing Thread - 0" daemon prio=5 tid=2273 timed_waiting
java.lang.Thread.State: TIMED_WAITING
        at sun.misc.Unsafe.park(Native Method)
        at java.util.concurrent.locks.LockSupport.parkNanos(LockSupport.java:215)
        at java.util.concurrent.locks.AbstractQueuedSynchronizer$ConditionObject.awaitNanos(AbstractQueuedSynchronizer.java:2078)
        at java.util.concurrent.ScheduledThreadPoolExecutor$DelayedWorkQueue.take(ScheduledThreadPoolExecutor.java:1093)
        at java.util.concurrent.ScheduledThreadPoolExecutor$DelayedWorkQueue.take(ScheduledThreadPoolExecutor.java:809)
        at java.util.concurrent.ThreadPoolExecutor.getTask(ThreadPoolExecutor.java:1074)
        at java.util.concurrent.ThreadPoolExecutor.runWorker(ThreadPoolExecutor.java:1134)
        at java.util.concurrent.ThreadPoolExecutor$Worker.run(ThreadPoolExecutor.java:624)
        at java.lang.Thread.run(Thread.java:750)
"qtp178651313-2508" daemon prio=5 tid=2508 timed_waiting
java.lang.Thread.State: TIMED_WAITING
        at sun.misc.Unsafe.park(Native Method)
        at java.util.concurrent.locks.LockSupport.parkNanos(LockSupport.java:215)
        at java.util.concurrent.locks.AbstractQueuedSynchronizer$ConditionObject.awaitNanos(AbstractQueuedSynchronizer.java:2078)
        at org.eclipse.jetty.util.BlockingArrayQueue.poll(BlockingArrayQueue.java:382)
        at org.eclipse.jetty.util.thread.QueuedThreadPool$Runner.idleJobPoll(QueuedThreadPool.java:974)
        at org.eclipse.jetty.util.thread.QueuedThreadPool$Runner.run(QueuedThreadPool.java:1018)
        at java.lang.Thread.run(Thread.java:750)
"qtp178651313-2509" daemon prio=5 tid=2509 timed_waiting
java.lang.Thread.State: TIMED_WAITING
        at sun.misc.Unsafe.park(Native Method)
        at java.util.concurrent.locks.LockSupport.parkNanos(LockSupport.java:215)
        at java.util.concurrent.locks.AbstractQueuedSynchronizer$ConditionObject.awaitNanos(AbstractQueuedSynchronizer.java:2078)
        at org.eclipse.jetty.util.BlockingArrayQueue.poll(BlockingArrayQueue.java:382)
        at org.eclipse.jetty.util.thread.QueuedThreadPool$Runner.idleJobPoll(QueuedThreadPool.java:974)
        at org.eclipse.jetty.util.thread.QueuedThreadPool$Runner.run(QueuedThreadPool.java:1018)
        at java.lang.Thread.run(Thread.java:750)
"Over Replicated Processor" daemon prio=5 tid=2279 timed_waiting
java.lang.Thread.State: TIMED_WAITING
        at java.lang.Object.wait(Native Method)
        at org.apache.hadoop.hdds.scm.container.replication.UnhealthyReplicationProcessor.run(UnhealthyReplicationProcessor.java:161)
        at java.lang.Thread.run(Thread.java:750)
"org.apache.hadoop.ozone.container.common.statemachine.commandhandler.DeleteBlocksCommandHandler$DeleteCmdWorker@398c0a60" daemon prio=5 tid=2556 timed_waiting
java.lang.Thread.State: TIMED_WAITING
        at java.lang.Thread.sleep(Native Method)
        at org.apache.hadoop.ozone.container.common.statemachine.commandhandler.DeleteBlocksCommandHandler$DeleteCmdWorker.run(DeleteBlocksCommandHandler.java:187)
        at java.lang.Thread.run(Thread.java:750)
"IPC Server handler 14 on default port 15145" daemon prio=5 tid=2342 timed_waiting
java.lang.Thread.State: TIMED_WAITING
        at sun.misc.Unsafe.park(Native Method)
        at java.util.concurrent.locks.LockSupport.parkNanos(LockSupport.java:215)
        at java.util.concurrent.locks.AbstractQueuedSynchronizer$ConditionObject.awaitNanos(AbstractQueuedSynchronizer.java:2078)
        at java.util.concurrent.LinkedBlockingQueue.poll(LinkedBlockingQueue.java:467)
        at org.apache.hadoop.ipc.CallQueueManager.take(CallQueueManager.java:317)
        at org.apache.hadoop.ipc.Server$Handler.run(Server.java:2992)
"pool-730-thread-1" daemon prio=5 tid=2496 timed_waiting
java.lang.Thread.State: TIMED_WAITING
        at sun.misc.Unsafe.park(Native Method)
        at java.util.concurrent.locks.LockSupport.parkNanos(LockSupport.java:215)
        at java.util.concurrent.locks.AbstractQueuedSynchronizer$ConditionObject.awaitNanos(AbstractQueuedSynchronizer.java:2078)
        at java.util.concurrent.ScheduledThreadPoolExecutor$DelayedWorkQueue.take(ScheduledThreadPoolExecutor.java:1093)
        at java.util.concurrent.ScheduledThreadPoolExecutor$DelayedWorkQueue.take(ScheduledThreadPoolExecutor.java:809)
        at java.util.concurrent.ThreadPoolExecutor.getTask(ThreadPoolExecutor.java:1074)
        at java.util.concurrent.ThreadPoolExecutor.runWorker(ThreadPoolExecutor.java:1134)
        at java.util.concurrent.ThreadPoolExecutor$Worker.run(ThreadPoolExecutor.java:624)
        at java.lang.Thread.run(Thread.java:750)
"qtp192765851-2375" daemon prio=5 tid=2375 timed_waiting
java.lang.Thread.State: TIMED_WAITING
        at sun.misc.Unsafe.park(Native Method)
        at java.util.concurrent.locks.LockSupport.parkNanos(LockSupport.java:215)
        at java.util.concurrent.locks.AbstractQueuedSynchronizer$ConditionObject.awaitNanos(AbstractQueuedSynchronizer.java:2078)
        at org.eclipse.jetty.util.BlockingArrayQueue.poll(BlockingArrayQueue.java:382)
        at org.eclipse.jetty.util.thread.QueuedThreadPool$Runner.idleJobPoll(QueuedThreadPool.java:974)
        at org.eclipse.jetty.util.thread.QueuedThreadPool$Runner.run(QueuedThreadPool.java:1018)
        at java.lang.Thread.run(Thread.java:750)
"3cc5c5e2-96d2-4640-9ca3-0d98a4ccb12e@group-75A4F657E23F-StateMachineUpdater" daemon prio=5 tid=2702 timed_waiting
java.lang.Thread.State: TIMED_WAITING
        at sun.misc.Unsafe.park(Native Method)
        at java.util.concurrent.locks.LockSupport.parkNanos(LockSupport.java:215)
        at java.util.concurrent.locks.AbstractQueuedSynchronizer$ConditionObject.await(AbstractQueuedSynchronizer.java:2163)
        at org.apache.ratis.util.AwaitForSignal.await(AwaitForSignal.java:62)
        at org.apache.ratis.server.impl.StateMachineUpdater.waitForCommit(StateMachineUpdater.java:209)
        at org.apache.ratis.server.impl.StateMachineUpdater.run(StateMachineUpdater.java:178)
        at java.lang.Thread.run(Thread.java:750)
"RatisPipelineUtilsThread - 0"  prio=5 tid=2274 timed_waiting
java.lang.Thread.State: TIMED_WAITING
        at java.lang.Object.wait(Native Method)
        at org.apache.hadoop.hdds.scm.pipeline.BackgroundPipelineCreator.run(BackgroundPipelineCreator.java:176)
        at org.apache.hadoop.hdds.scm.pipeline.BackgroundPipelineCreator$$Lambda$332/757891394.run(Unknown Source)
        at java.lang.Thread.run(Thread.java:750)
"Reference Handler" daemon prio=10 tid=2 in Object.wait()
java.lang.Thread.State: WAITING (on object monitor)
        at java.lang.Object.wait(Native Method)
        at java.lang.Object.wait(Object.java:502)
        at java.lang.ref.Reference.tryHandlePending(Reference.java:191)
        at java.lang.ref.Reference$ReferenceHandler.run(Reference.java:153)
"IPC Server handler 3 on default port 15144" daemon prio=5 tid=2311 timed_waiting
java.lang.Thread.State: TIMED_WAITING
        at sun.misc.Unsafe.park(Native Method)
        at java.util.concurrent.locks.LockSupport.parkNanos(LockSupport.java:215)
        at java.util.concurrent.locks.AbstractQueuedSynchronizer$ConditionObject.awaitNanos(AbstractQueuedSynchronizer.java:2078)
        at java.util.concurrent.LinkedBlockingQueue.poll(LinkedBlockingQueue.java:467)
        at org.apache.hadoop.ipc.CallQueueManager.take(CallQueueManager.java:317)
        at org.apache.hadoop.ipc.Server$Handler.run(Server.java:2992)
"BlockDeletingService#0" daemon prio=5 tid=2610 timed_waiting
java.lang.Thread.State: TIMED_WAITING
        at sun.misc.Unsafe.park(Native Method)
        at java.util.concurrent.locks.LockSupport.parkNanos(LockSupport.java:215)
        at java.util.concurrent.locks.AbstractQueuedSynchronizer$ConditionObject.awaitNanos(AbstractQueuedSynchronizer.java:2078)
        at java.util.concurrent.ScheduledThreadPoolExecutor$DelayedWorkQueue.take(ScheduledThreadPoolExecutor.java:1093)
        at java.util.concurrent.ScheduledThreadPoolExecutor$DelayedWorkQueue.take(ScheduledThreadPoolExecutor.java:809)
        at java.util.concurrent.ThreadPoolExecutor.getTask(ThreadPoolExecutor.java:1074)
        at java.util.concurrent.ThreadPoolExecutor.runWorker(ThreadPoolExecutor.java:1134)
        at java.util.concurrent.ThreadPoolExecutor$Worker.run(ThreadPoolExecutor.java:624)
        at java.lang.Thread.run(Thread.java:750)
"IPC Server handler 9 on default port 15144" daemon prio=5 tid=2317 timed_waiting
java.lang.Thread.State: TIMED_WAITING
        at sun.misc.Unsafe.park(Native Method)
        at java.util.concurrent.locks.LockSupport.parkNanos(LockSupport.java:215)
        at java.util.concurrent.locks.AbstractQueuedSynchronizer$ConditionObject.awaitNanos(AbstractQueuedSynchronizer.java:2078)
        at java.util.concurrent.LinkedBlockingQueue.poll(LinkedBlockingQueue.java:467)
        at org.apache.hadoop.ipc.CallQueueManager.take(CallQueueManager.java:317)
        at org.apache.hadoop.ipc.Server$Handler.run(Server.java:2992)
"FixedThreadPoolWithAffinityExecutor-6-0" daemon prio=5 tid=2302 timed_waiting
java.lang.Thread.State: TIMED_WAITING
        at sun.misc.Unsafe.park(Native Method)
        at java.util.concurrent.locks.LockSupport.parkNanos(LockSupport.java:215)
        at java.util.concurrent.locks.AbstractQueuedSynchronizer$ConditionObject.awaitNanos(AbstractQueuedSynchronizer.java:2078)
        at java.util.concurrent.LinkedBlockingQueue.poll(LinkedBlockingQueue.java:467)
        at org.apache.hadoop.hdds.scm.server.ContainerReportQueue.poll(ContainerReportQueue.java:266)
        at org.apache.hadoop.hdds.scm.server.ContainerReportQueue.poll(ContainerReportQueue.java:42)
        at org.apache.hadoop.hdds.server.events.FixedThreadPoolWithAffinityExecutor$ContainerReportProcessTask.run(FixedThreadPoolWithAffinityExecutor.java:247)
        at java.util.concurrent.Executors$RunnableAdapter.call(Executors.java:511)
        at java.util.concurrent.FutureTask.run(FutureTask.java:266)
        at java.util.concurrent.ThreadPoolExecutor.runWorker(ThreadPoolExecutor.java:1149)
        at java.util.concurrent.ThreadPoolExecutor$Worker.run(ThreadPoolExecutor.java:624)
        at java.lang.Thread.run(Thread.java:750)
"EventQueue-PipelineReportForOneReplicaPipelineSafeModeRule" daemon prio=5 tid=2642 in Object.wait()
java.lang.Thread.State: WAITING (on object monitor)
        at sun.misc.Unsafe.park(Native Method)
        at java.util.concurrent.locks.LockSupport.park(LockSupport.java:175)
        at java.util.concurrent.locks.AbstractQueuedSynchronizer$ConditionObject.await(AbstractQueuedSynchronizer.java:2039)
        at java.util.concurrent.LinkedBlockingQueue.take(LinkedBlockingQueue.java:442)
        at java.util.concurrent.ThreadPoolExecutor.getTask(ThreadPoolExecutor.java:1074)
        at java.util.concurrent.ThreadPoolExecutor.runWorker(ThreadPoolExecutor.java:1134)
        at java.util.concurrent.ThreadPoolExecutor$Worker.run(ThreadPoolExecutor.java:624)
        at java.lang.Thread.run(Thread.java:750)
"IPC Server handler 17 on default port 15145" daemon prio=5 tid=2345 timed_waiting
java.lang.Thread.State: TIMED_WAITING
        at sun.misc.Unsafe.park(Native Method)
        at java.util.concurrent.locks.LockSupport.parkNanos(LockSupport.java:215)
        at java.util.concurrent.locks.AbstractQueuedSynchronizer$ConditionObject.awaitNanos(AbstractQueuedSynchronizer.java:2078)
        at java.util.concurrent.LinkedBlockingQueue.poll(LinkedBlockingQueue.java:467)
        at org.apache.hadoop.ipc.CallQueueManager.take(CallQueueManager.java:317)
        at org.apache.hadoop.ipc.Server$Handler.run(Server.java:2992)
"IPC Server handler 4 on default port 15144" daemon prio=5 tid=2312 timed_waiting
java.lang.Thread.State: TIMED_WAITING
        at sun.misc.Unsafe.park(Native Method)
        at java.util.concurrent.locks.LockSupport.parkNanos(LockSupport.java:215)
        at java.util.concurrent.locks.AbstractQueuedSynchronizer$ConditionObject.awaitNanos(AbstractQueuedSynchronizer.java:2078)
        at java.util.concurrent.LinkedBlockingQueue.poll(LinkedBlockingQueue.java:467)
        at org.apache.hadoop.ipc.CallQueueManager.take(CallQueueManager.java:317)
        at org.apache.hadoop.ipc.Server$Handler.run(Server.java:2992)
"FullTableCache Cleanup Thread - 0" daemon prio=5 tid=2734 in Object.wait()
java.lang.Thread.State: WAITING (on object monitor)
        at sun.misc.Unsafe.park(Native Method)
        at java.util.concurrent.locks.LockSupport.park(LockSupport.java:175)
        at java.util.concurrent.locks.AbstractQueuedSynchronizer$ConditionObject.await(AbstractQueuedSynchronizer.java:2039)
        at java.util.concurrent.LinkedBlockingQueue.take(LinkedBlockingQueue.java:442)
        at java.util.concurrent.ThreadPoolExecutor.getTask(ThreadPoolExecutor.java:1074)
        at java.util.concurrent.ThreadPoolExecutor.runWorker(ThreadPoolExecutor.java:1134)
        at java.util.concurrent.ThreadPoolExecutor$Worker.run(ThreadPoolExecutor.java:624)
        at java.lang.Thread.run(Thread.java:750)
"FullTableCache Cleanup Thread - 0" daemon prio=5 tid=494 in Object.wait()
java.lang.Thread.State: WAITING (on object monitor)
        at sun.misc.Unsafe.park(Native Method)
        at java.util.concurrent.locks.LockSupport.park(LockSupport.java:175)
        at java.util.concurrent.locks.AbstractQueuedSynchronizer$ConditionObject.await(AbstractQueuedSynchronizer.java:2039)
        at java.util.concurrent.LinkedBlockingQueue.take(LinkedBlockingQueue.java:442)
        at java.util.concurrent.ThreadPoolExecutor.getTask(ThreadPoolExecutor.java:1074)
        at java.util.concurrent.ThreadPoolExecutor.runWorker(ThreadPoolExecutor.java:1134)
        at java.util.concurrent.ThreadPoolExecutor$Worker.run(ThreadPoolExecutor.java:624)
        at java.lang.Thread.run(Thread.java:750)
"ContainerReplicationThread-0" daemon prio=5 tid=2840 timed_waiting
java.lang.Thread.State: TIMED_WAITING
        at sun.misc.Unsafe.park(Native Method)
        at java.util.concurrent.locks.LockSupport.parkNanos(LockSupport.java:215)
        at java.util.concurrent.locks.AbstractQueuedSynchronizer.doAcquireSharedNanos(AbstractQueuedSynchronizer.java:1037)
        at java.util.concurrent.locks.AbstractQueuedSynchronizer.tryAcquireSharedNanos(AbstractQueuedSynchronizer.java:1328)
        at java.util.concurrent.CountDownLatch.await(CountDownLatch.java:277)
        at org.apache.ratis.thirdparty.io.grpc.internal.ManagedChannelImpl.awaitTermination(ManagedChannelImpl.java:906)
        at org.apache.ratis.thirdparty.io.grpc.internal.ForwardingManagedChannel.awaitTermination(ForwardingManagedChannel.java:57)
        at org.apache.hadoop.ozone.container.replication.GrpcReplicationClient.shutdown(GrpcReplicationClient.java:135)
        at org.apache.hadoop.ozone.container.replication.GrpcReplicationClient.close(GrpcReplicationClient.java:145)
        at org.apache.hadoop.hdds.utils.IOUtils.close(IOUtils.java:78)
        at org.apache.hadoop.hdds.utils.IOUtils.close(IOUtils.java:64)
        at org.apache.hadoop.ozone.container.replication.GrpcContainerUploader$1.close(GrpcContainerUploader.java:70)
        at org.apache.commons.io.IOUtils.close(IOUtils.java:403)
        at org.apache.commons.io.output.ProxyOutputStream.close(ProxyOutputStream.java:118)
        at java.io.FilterOutputStream.close(FilterOutputStream.java:159)
        at org.apache.commons.compress.utils.FixedLengthBlockOutputStream$BufferAtATimeOutputChannel.close(FixedLengthBlockOutputStream.java:264)
        at org.apache.commons.compress.utils.FixedLengthBlockOutputStream.close(FixedLengthBlockOutputStream.java:189)
        at org.apache.commons.compress.archivers.tar.TarArchiveOutputStream.close(TarArchiveOutputStream.java:313)
        at org.apache.hadoop.ozone.container.keyvalue.TarContainerPacker.pack(TarContainerPacker.java:169)
        at org.apache.hadoop.ozone.container.keyvalue.KeyValueContainer.packContainerToDestination(KeyValueContainer.java:907)
        at org.apache.hadoop.ozone.container.keyvalue.KeyValueContainer.exportContainerData(KeyValueContainer.java:635)
        at org.apache.hadoop.ozone.container.keyvalue.KeyValueHandler.exportContainer(KeyValueHandler.java:1055)
        at org.apache.hadoop.ozone.container.ozoneimpl.ContainerController.exportContainer(ContainerController.java:167)
        at org.apache.hadoop.ozone.container.replication.OnDemandContainerReplicationSource.copyData(OnDemandContainerReplicationSource.java:62)
        at org.apache.hadoop.ozone.container.replication.PushReplicator.replicate(PushReplicator.java:67)
        at org.apache.hadoop.ozone.container.replication.MeasuredReplicator.replicate(MeasuredReplicator.java:83)
        at org.apache.hadoop.ozone.container.replication.ReplicationTask.runTask(ReplicationTask.java:122)
        at org.apache.hadoop.ozone.container.replication.ReplicationSupervisor$TaskRunner.run(ReplicationSupervisor.java:348)
        at java.util.concurrent.ThreadPoolExecutor.runWorker(ThreadPoolExecutor.java:1149)
        at java.util.concurrent.ThreadPoolExecutor$Worker.run(ThreadPoolExecutor.java:624)
        at java.lang.Thread.run(Thread.java:750)
"ChunkWriter-2-0" daemon prio=5 tid=2630 in Object.wait()
java.lang.Thread.State: WAITING (on object monitor)
        at sun.misc.Unsafe.park(Native Method)
        at java.util.concurrent.locks.LockSupport.park(LockSupport.java:175)
        at java.util.concurrent.locks.AbstractQueuedSynchronizer$ConditionObject.await(AbstractQueuedSynchronizer.java:2039)
        at java.util.concurrent.LinkedBlockingDeque.takeFirst(LinkedBlockingDeque.java:492)
        at java.util.concurrent.LinkedBlockingDeque.take(LinkedBlockingDeque.java:680)
        at java.util.concurrent.ThreadPoolExecutor.getTask(ThreadPoolExecutor.java:1074)
        at java.util.concurrent.ThreadPoolExecutor.runWorker(ThreadPoolExecutor.java:1134)
        at java.util.concurrent.ThreadPoolExecutor$Worker.run(ThreadPoolExecutor.java:624)
        at java.lang.Thread.run(Thread.java:750)
"IPC Server handler 0 on default port 15148" daemon prio=5 tid=2418 timed_waiting
java.lang.Thread.State: TIMED_WAITING
        at sun.misc.Unsafe.park(Native Method)
        at java.util.concurrent.locks.LockSupport.parkNanos(LockSupport.java:215)
        at java.util.concurrent.locks.AbstractQueuedSynchronizer$ConditionObject.awaitNanos(AbstractQueuedSynchronizer.java:2078)
        at java.util.concurrent.LinkedBlockingQueue.poll(LinkedBlockingQueue.java:467)
        at org.apache.hadoop.ipc.CallQueueManager.take(CallQueueManager.java:317)
        at org.apache.hadoop.ipc.Server$Handler.run(Server.java:2992)
"IPC Server handler 18 on default port 15144" daemon prio=5 tid=2326 timed_waiting
java.lang.Thread.State: TIMED_WAITING
        at sun.misc.Unsafe.park(Native Method)
        at java.util.concurrent.locks.LockSupport.parkNanos(LockSupport.java:215)
        at java.util.concurrent.locks.AbstractQueuedSynchronizer$ConditionObject.awaitNanos(AbstractQueuedSynchronizer.java:2078)
        at java.util.concurrent.LinkedBlockingQueue.poll(LinkedBlockingQueue.java:467)
        at org.apache.hadoop.ipc.CallQueueManager.take(CallQueueManager.java:317)
        at org.apache.hadoop.ipc.Server$Handler.run(Server.java:2992)
"Datanode ReportManager Thread - 0" daemon prio=5 tid=2512 in Object.wait()
java.lang.Thread.State: WAITING (on object monitor)
        at sun.misc.Unsafe.park(Native Method)
        at java.util.concurrent.locks.LockSupport.park(LockSupport.java:175)
        at java.util.concurrent.locks.AbstractQueuedSynchronizer$ConditionObject.await(AbstractQueuedSynchronizer.java:2039)
        at java.util.concurrent.ScheduledThreadPoolExecutor$DelayedWorkQueue.take(ScheduledThreadPoolExecutor.java:1088)
        at java.util.concurrent.ScheduledThreadPoolExecutor$DelayedWorkQueue.take(ScheduledThreadPoolExecutor.java:809)
        at java.util.concurrent.ThreadPoolExecutor.getTask(ThreadPoolExecutor.java:1074)
        at java.util.concurrent.ThreadPoolExecutor.runWorker(ThreadPoolExecutor.java:1134)
        at java.util.concurrent.ThreadPoolExecutor$Worker.run(ThreadPoolExecutor.java:624)
        at java.lang.Thread.run(Thread.java:750)
"Datanode ReportManager Thread - 2" daemon prio=5 tid=2543 in Object.wait()
java.lang.Thread.State: WAITING (on object monitor)
        at sun.misc.Unsafe.park(Native Method)
        at java.util.concurrent.locks.LockSupport.park(LockSupport.java:175)
        at java.util.concurrent.locks.AbstractQueuedSynchronizer$ConditionObject.await(AbstractQueuedSynchronizer.java:2039)
        at java.util.concurrent.ScheduledThreadPoolExecutor$DelayedWorkQueue.take(ScheduledThreadPoolExecutor.java:1088)
        at java.util.concurrent.ScheduledThreadPoolExecutor$DelayedWorkQueue.take(ScheduledThreadPoolExecutor.java:809)
        at java.util.concurrent.ThreadPoolExecutor.getTask(ThreadPoolExecutor.java:1074)
        at java.util.concurrent.ThreadPoolExecutor.runWorker(ThreadPoolExecutor.java:1134)
        at java.util.concurrent.ThreadPoolExecutor$Worker.run(ThreadPoolExecutor.java:624)
        at java.lang.Thread.run(Thread.java:750)
"FixedThreadPoolWithAffinityExecutor-9-0" daemon prio=5 tid=2305 timed_waiting
java.lang.Thread.State: TIMED_WAITING
        at sun.misc.Unsafe.park(Native Method)
        at java.util.concurrent.locks.LockSupport.parkNanos(LockSupport.java:215)
        at java.util.concurrent.locks.AbstractQueuedSynchronizer$ConditionObject.awaitNanos(AbstractQueuedSynchronizer.java:2078)
        at java.util.concurrent.LinkedBlockingQueue.poll(LinkedBlockingQueue.java:467)
        at org.apache.hadoop.hdds.scm.server.ContainerReportQueue.poll(ContainerReportQueue.java:266)
        at org.apache.hadoop.hdds.scm.server.ContainerReportQueue.poll(ContainerReportQueue.java:42)
        at org.apache.hadoop.hdds.server.events.FixedThreadPoolWithAffinityExecutor$ContainerReportProcessTask.run(FixedThreadPoolWithAffinityExecutor.java:247)
        at java.util.concurrent.Executors$RunnableAdapter.call(Executors.java:511)
        at java.util.concurrent.FutureTask.run(FutureTask.java:266)
        at java.util.concurrent.ThreadPoolExecutor.runWorker(ThreadPoolExecutor.java:1149)
        at java.util.concurrent.ThreadPoolExecutor$Worker.run(ThreadPoolExecutor.java:624)
        at java.lang.Thread.run(Thread.java:750)
"qtp192765851-2379" daemon prio=5 tid=2379 timed_waiting
java.lang.Thread.State: TIMED_WAITING
        at sun.misc.Unsafe.park(Native Method)
        at java.util.concurrent.locks.LockSupport.parkNanos(LockSupport.java:215)
        at java.util.concurrent.locks.AbstractQueuedSynchronizer$ConditionObject.awaitNanos(AbstractQueuedSynchronizer.java:2078)
        at org.eclipse.jetty.util.BlockingArrayQueue.poll(BlockingArrayQueue.java:382)
        at org.eclipse.jetty.util.thread.QueuedThreadPool$Runner.idleJobPoll(QueuedThreadPool.java:974)
        at org.eclipse.jetty.util.thread.QueuedThreadPool$Runner.run(QueuedThreadPool.java:1018)
        at java.lang.Thread.run(Thread.java:750)
"IPC Server handler 12 on default port 15146" daemon prio=5 tid=2360 timed_waiting
java.lang.Thread.State: TIMED_WAITING
        at sun.misc.Unsafe.park(Native Method)
        at java.util.concurrent.locks.LockSupport.parkNanos(LockSupport.java:215)
        at java.util.concurrent.locks.AbstractQueuedSynchronizer$ConditionObject.awaitNanos(AbstractQueuedSynchronizer.java:2078)
        at java.util.concurrent.LinkedBlockingQueue.poll(LinkedBlockingQueue.java:467)
        at org.apache.hadoop.ipc.CallQueueManager.take(CallQueueManager.java:317)
        at org.apache.hadoop.ipc.Server$Handler.run(Server.java:2992)
"qtp2091380053-2414" daemon prio=5 tid=2414 timed_waiting
java.lang.Thread.State: TIMED_WAITING
        at sun.misc.Unsafe.park(Native Method)
        at java.util.concurrent.locks.LockSupport.parkNanos(LockSupport.java:215)
        at java.util.concurrent.locks.AbstractQueuedSynchronizer$ConditionObject.awaitNanos(AbstractQueuedSynchronizer.java:2078)
        at org.eclipse.jetty.util.BlockingArrayQueue.poll(BlockingArrayQueue.java:382)
        at org.eclipse.jetty.util.thread.QueuedThreadPool$Runner.idleJobPoll(QueuedThreadPool.java:974)
        at org.eclipse.jetty.util.thread.QueuedThreadPool$Runner.run(QueuedThreadPool.java:1018)
        at java.lang.Thread.run(Thread.java:750)
"IPC Server handler 15 on default port 15146" daemon prio=5 tid=2363 timed_waiting
java.lang.Thread.State: TIMED_WAITING
        at sun.misc.Unsafe.park(Native Method)
        at java.util.concurrent.locks.LockSupport.parkNanos(LockSupport.java:215)
        at java.util.concurrent.locks.AbstractQueuedSynchronizer$ConditionObject.awaitNanos(AbstractQueuedSynchronizer.java:2078)
        at java.util.concurrent.LinkedBlockingQueue.poll(LinkedBlockingQueue.java:467)
        at org.apache.hadoop.ipc.CallQueueManager.take(CallQueueManager.java:317)
        at org.apache.hadoop.ipc.Server$Handler.run(Server.java:2992)
"Datanode State Machine Task Thread - 1"  prio=5 tid=2614 in Object.wait()
java.lang.Thread.State: WAITING (on object monitor)
        at sun.misc.Unsafe.park(Native Method)
        at java.util.concurrent.locks.LockSupport.park(LockSupport.java:175)
        at java.util.concurrent.locks.AbstractQueuedSynchronizer$ConditionObject.await(AbstractQueuedSynchronizer.java:2039)
        at java.util.concurrent.LinkedBlockingQueue.take(LinkedBlockingQueue.java:442)
        at java.util.concurrent.ThreadPoolExecutor.getTask(ThreadPoolExecutor.java:1074)
        at java.util.concurrent.ThreadPoolExecutor.runWorker(ThreadPoolExecutor.java:1134)
        at java.util.concurrent.ThreadPoolExecutor$Worker.run(ThreadPoolExecutor.java:624)
        at java.lang.Thread.run(Thread.java:750)
"Timer-3" daemon prio=5 tid=2402 timed_waiting
java.lang.Thread.State: TIMED_WAITING
        at java.lang.Object.wait(Native Method)
        at java.util.TimerThread.mainLoop(Timer.java:552)
        at java.util.TimerThread.run(Timer.java:505)
"KeyDeletingService#0" daemon prio=5 tid=2404 timed_waiting
java.lang.Thread.State: TIMED_WAITING
        at sun.misc.Unsafe.park(Native Method)
        at java.util.concurrent.locks.LockSupport.parkNanos(LockSupport.java:215)
        at java.util.concurrent.locks.AbstractQueuedSynchronizer$ConditionObject.awaitNanos(AbstractQueuedSynchronizer.java:2078)
        at java.util.concurrent.ScheduledThreadPoolExecutor$DelayedWorkQueue.take(ScheduledThreadPoolExecutor.java:1093)
        at java.util.concurrent.ScheduledThreadPoolExecutor$DelayedWorkQueue.take(ScheduledThreadPoolExecutor.java:809)
        at java.util.concurrent.ThreadPoolExecutor.getTask(ThreadPoolExecutor.java:1074)
        at java.util.concurrent.ThreadPoolExecutor.runWorker(ThreadPoolExecutor.java:1134)
        at java.util.concurrent.ThreadPoolExecutor$Worker.run(ThreadPoolExecutor.java:624)
        at java.lang.Thread.run(Thread.java:750)
"grpc-default-worker-ELG-9-2" daemon prio=5 tid=2655 runnable
java.lang.Thread.State: RUNNABLE
        at org.apache.ratis.thirdparty.io.netty.channel.epoll.Native.epollWait0(Native Method)
        at org.apache.ratis.thirdparty.io.netty.channel.epoll.Native.epollWait(Native.java:182)
        at org.apache.ratis.thirdparty.io.netty.channel.epoll.EpollEventLoop.epollWait(EpollEventLoop.java:302)
        at org.apache.ratis.thirdparty.io.netty.channel.epoll.EpollEventLoop.run(EpollEventLoop.java:366)
        at org.apache.ratis.thirdparty.io.netty.util.concurrent.SingleThreadEventExecutor$4.run(SingleThreadEventExecutor.java:997)
        at org.apache.ratis.thirdparty.io.netty.util.internal.ThreadExecutorMap$2.run(ThreadExecutorMap.java:74)
        at org.apache.ratis.thirdparty.io.netty.util.concurrent.FastThreadLocalRunnable.run(FastThreadLocalRunnable.java:30)
        at java.lang.Thread.run(Thread.java:750)
"IPC Server handler 6 on default port 15146" daemon prio=5 tid=2354 timed_waiting
java.lang.Thread.State: TIMED_WAITING
        at sun.misc.Unsafe.park(Native Method)
        at java.util.concurrent.locks.LockSupport.parkNanos(LockSupport.java:215)
        at java.util.concurrent.locks.AbstractQueuedSynchronizer$ConditionObject.awaitNanos(AbstractQueuedSynchronizer.java:2078)
        at java.util.concurrent.LinkedBlockingQueue.poll(LinkedBlockingQueue.java:467)
        at org.apache.hadoop.ipc.CallQueueManager.take(CallQueueManager.java:317)
        at org.apache.hadoop.ipc.Server$Handler.run(Server.java:2992)
"IPC Server handler 10 on default port 15144" daemon prio=5 tid=2318 timed_waiting
java.lang.Thread.State: TIMED_WAITING
        at sun.misc.Unsafe.park(Native Method)
        at java.util.concurrent.locks.LockSupport.parkNanos(LockSupport.java:215)
        at java.util.concurrent.locks.AbstractQueuedSynchronizer$ConditionObject.awaitNanos(AbstractQueuedSynchronizer.java:2078)
        at java.util.concurrent.LinkedBlockingQueue.poll(LinkedBlockingQueue.java:467)
        at org.apache.hadoop.ipc.CallQueueManager.take(CallQueueManager.java:317)
        at org.apache.hadoop.ipc.Server$Handler.run(Server.java:2992)
"PartialTableCache Cleanup Thread - 0" daemon prio=5 tid=1258 in Object.wait()
java.lang.Thread.State: WAITING (on object monitor)
        at sun.misc.Unsafe.park(Native Method)
        at java.util.concurrent.locks.LockSupport.park(LockSupport.java:175)
        at java.util.concurrent.locks.AbstractQueuedSynchronizer$ConditionObject.await(AbstractQueuedSynchronizer.java:2039)
        at java.util.concurrent.LinkedBlockingQueue.take(LinkedBlockingQueue.java:442)
        at java.util.concurrent.ThreadPoolExecutor.getTask(ThreadPoolExecutor.java:1074)
        at java.util.concurrent.ThreadPoolExecutor.runWorker(ThreadPoolExecutor.java:1134)
        at java.util.concurrent.ThreadPoolExecutor$Worker.run(ThreadPoolExecutor.java:624)
        at java.lang.Thread.run(Thread.java:750)
"JvmPauseMonitor22" daemon prio=5 tid=2620 timed_waiting
java.lang.Thread.State: TIMED_WAITING
        at java.lang.Thread.sleep(Native Method)
        at java.lang.Thread.sleep(Thread.java:342)
        at java.util.concurrent.TimeUnit.sleep(TimeUnit.java:386)
        at org.apache.ratis.util.TimeDuration.sleep(TimeDuration.java:325)
        at org.apache.ratis.util.TimeDuration.sleep(TimeDuration.java:310)
        at org.apache.ratis.util.JvmPauseMonitor.detectPause(JvmPauseMonitor.java:117)
        at org.apache.ratis.util.JvmPauseMonitor.run(JvmPauseMonitor.java:106)
        at org.apache.ratis.util.JvmPauseMonitor$$Lambda$708/1155834015.run(Unknown Source)
        at java.lang.Thread.run(Thread.java:750)
"BlockDeletingService#1" daemon prio=5 tid=2637 in Object.wait()
java.lang.Thread.State: WAITING (on object monitor)
        at sun.misc.Unsafe.park(Native Method)
        at java.util.concurrent.locks.LockSupport.park(LockSupport.java:175)
        at java.util.concurrent.locks.AbstractQueuedSynchronizer$ConditionObject.await(AbstractQueuedSynchronizer.java:2039)
        at java.util.concurrent.ScheduledThreadPoolExecutor$DelayedWorkQueue.take(ScheduledThreadPoolExecutor.java:1088)
        at java.util.concurrent.ScheduledThreadPoolExecutor$DelayedWorkQueue.take(ScheduledThreadPoolExecutor.java:809)
        at java.util.concurrent.ThreadPoolExecutor.getTask(ThreadPoolExecutor.java:1074)
        at java.util.concurrent.ThreadPoolExecutor.runWorker(ThreadPoolExecutor.java:1134)
        at java.util.concurrent.ThreadPoolExecutor$Worker.run(ThreadPoolExecutor.java:624)
        at java.lang.Thread.run(Thread.java:750)
"JvmPauseMonitor20" daemon prio=5 tid=2596 timed_waiting
java.lang.Thread.State: TIMED_WAITING
        at java.lang.Thread.sleep(Native Method)
        at java.lang.Thread.sleep(Thread.java:342)
        at java.util.concurrent.TimeUnit.sleep(TimeUnit.java:386)
        at org.apache.ratis.util.TimeDuration.sleep(TimeDuration.java:325)
        at org.apache.ratis.util.TimeDuration.sleep(TimeDuration.java:310)
        at org.apache.ratis.util.JvmPauseMonitor.detectPause(JvmPauseMonitor.java:117)
        at org.apache.ratis.util.JvmPauseMonitor.run(JvmPauseMonitor.java:106)
        at org.apache.ratis.util.JvmPauseMonitor$$Lambda$708/1155834015.run(Unknown Source)
        at java.lang.Thread.run(Thread.java:750)
"qtp178651313-2505" daemon prio=5 tid=2505 timed_waiting
java.lang.Thread.State: TIMED_WAITING
        at sun.misc.Unsafe.park(Native Method)
        at java.util.concurrent.locks.LockSupport.parkNanos(LockSupport.java:215)
        at java.util.concurrent.locks.AbstractQueuedSynchronizer$ConditionObject.awaitNanos(AbstractQueuedSynchronizer.java:2078)
        at org.eclipse.jetty.util.BlockingArrayQueue.poll(BlockingArrayQueue.java:382)
        at org.eclipse.jetty.util.thread.QueuedThreadPool$Runner.idleJobPoll(QueuedThreadPool.java:974)
        at org.eclipse.jetty.util.thread.QueuedThreadPool$Runner.run(QueuedThreadPool.java:1018)
        at java.lang.Thread.run(Thread.java:750)
"timer4" daemon prio=5 tid=467 timed_waiting
java.lang.Thread.State: TIMED_WAITING
        at java.lang.Object.wait(Native Method)
        at java.util.TimerThread.mainLoop(Timer.java:552)
        at java.util.TimerThread.run(Timer.java:505)
"Hadoop-Metrics-Updater-0" daemon prio=5 tid=2295 timed_waiting
java.lang.Thread.State: TIMED_WAITING
        at sun.misc.Unsafe.park(Native Method)
        at java.util.concurrent.locks.LockSupport.parkNanos(LockSupport.java:215)
        at java.util.concurrent.locks.AbstractQueuedSynchronizer$ConditionObject.awaitNanos(AbstractQueuedSynchronizer.java:2078)
        at java.util.concurrent.ScheduledThreadPoolExecutor$DelayedWorkQueue.take(ScheduledThreadPoolExecutor.java:1093)
        at java.util.concurrent.ScheduledThreadPoolExecutor$DelayedWorkQueue.take(ScheduledThreadPoolExecutor.java:809)
        at java.util.concurrent.ThreadPoolExecutor.getTask(ThreadPoolExecutor.java:1074)
        at java.util.concurrent.ThreadPoolExecutor.runWorker(ThreadPoolExecutor.java:1134)
        at java.util.concurrent.ThreadPoolExecutor$Worker.run(ThreadPoolExecutor.java:624)
        at java.lang.Thread.run(Thread.java:750)
"Datanode ReportManager Thread - 0" daemon prio=5 tid=2485 timed_waiting
java.lang.Thread.State: TIMED_WAITING
        at sun.misc.Unsafe.park(Native Method)
        at java.util.concurrent.locks.LockSupport.parkNanos(LockSupport.java:215)
        at java.util.concurrent.locks.AbstractQueuedSynchronizer$ConditionObject.awaitNanos(AbstractQueuedSynchronizer.java:2078)
        at java.util.concurrent.ScheduledThreadPoolExecutor$DelayedWorkQueue.take(ScheduledThreadPoolExecutor.java:1093)
        at java.util.concurrent.ScheduledThreadPoolExecutor$DelayedWorkQueue.take(ScheduledThreadPoolExecutor.java:809)
        at java.util.concurrent.ThreadPoolExecutor.getTask(ThreadPoolExecutor.java:1074)
        at java.util.concurrent.ThreadPoolExecutor.runWorker(ThreadPoolExecutor.java:1134)
        at java.util.concurrent.ThreadPoolExecutor$Worker.run(ThreadPoolExecutor.java:624)
        at java.lang.Thread.run(Thread.java:750)
"IPC Server idle connection scanner for port 15148" daemon prio=5 tid=2394 timed_waiting
java.lang.Thread.State: TIMED_WAITING
        at java.lang.Object.wait(Native Method)
        at java.util.TimerThread.mainLoop(Timer.java:552)
        at java.util.TimerThread.run(Timer.java:505)
"org.apache.hadoop.ozone.container.common.statemachine.commandhandler.DeleteBlocksCommandHandler$DeleteCmdWorker@60408968" daemon prio=5 tid=2500 timed_waiting
java.lang.Thread.State: TIMED_WAITING
        at java.lang.Thread.sleep(Native Method)
        at org.apache.hadoop.ozone.container.common.statemachine.commandhandler.DeleteBlocksCommandHandler$DeleteCmdWorker.run(DeleteBlocksCommandHandler.java:187)
        at java.lang.Thread.run(Thread.java:750)
"qtp1403968272-2477" daemon prio=5 tid=2477 timed_waiting
java.lang.Thread.State: TIMED_WAITING
        at sun.misc.Unsafe.park(Native Method)
        at java.util.concurrent.locks.LockSupport.parkNanos(LockSupport.java:215)
        at java.util.concurrent.locks.AbstractQueuedSynchronizer$ConditionObject.awaitNanos(AbstractQueuedSynchronizer.java:2078)
        at org.eclipse.jetty.util.BlockingArrayQueue.poll(BlockingArrayQueue.java:382)
        at org.eclipse.jetty.util.thread.QueuedThreadPool$Runner.idleJobPoll(QueuedThreadPool.java:974)
        at org.eclipse.jetty.util.thread.QueuedThreadPool$Runner.run(QueuedThreadPool.java:1018)
        at java.lang.Thread.run(Thread.java:750)
"IPC Server handler 7 on default port 15146" daemon prio=5 tid=2355 timed_waiting
java.lang.Thread.State: TIMED_WAITING
        at sun.misc.Unsafe.park(Native Method)
        at java.util.concurrent.locks.LockSupport.parkNanos(LockSupport.java:215)
        at java.util.concurrent.locks.AbstractQueuedSynchronizer$ConditionObject.awaitNanos(AbstractQueuedSynchronizer.java:2078)
        at java.util.concurrent.LinkedBlockingQueue.poll(LinkedBlockingQueue.java:467)
        at org.apache.hadoop.ipc.CallQueueManager.take(CallQueueManager.java:317)
        at org.apache.hadoop.ipc.Server$Handler.run(Server.java:2992)
"om1@group-C5BA1605619E-LeaderStateImpl" daemon prio=5 tid=2529 timed_waiting
java.lang.Thread.State: TIMED_WAITING
        at sun.misc.Unsafe.park(Native Method)
        at java.util.concurrent.locks.LockSupport.parkNanos(LockSupport.java:215)
        at java.util.concurrent.locks.AbstractQueuedSynchronizer$ConditionObject.awaitNanos(AbstractQueuedSynchronizer.java:2078)
        at java.util.concurrent.ArrayBlockingQueue.poll(ArrayBlockingQueue.java:418)
        at org.apache.ratis.server.impl.LeaderStateImpl$EventQueue.poll(LeaderStateImpl.java:164)
        at org.apache.ratis.server.impl.LeaderStateImpl$EventProcessor.run(LeaderStateImpl.java:702)
"grpc-default-executor-4" daemon prio=5 tid=2716 timed_waiting
java.lang.Thread.State: TIMED_WAITING
        at sun.misc.Unsafe.park(Native Method)
        at java.util.concurrent.locks.LockSupport.parkNanos(LockSupport.java:215)
        at java.util.concurrent.SynchronousQueue$TransferStack.awaitFulfill(SynchronousQueue.java:460)
        at java.util.concurrent.SynchronousQueue$TransferStack.transfer(SynchronousQueue.java:362)
        at java.util.concurrent.SynchronousQueue.poll(SynchronousQueue.java:941)
        at java.util.concurrent.ThreadPoolExecutor.getTask(ThreadPoolExecutor.java:1073)
        at java.util.concurrent.ThreadPoolExecutor.runWorker(ThreadPoolExecutor.java:1134)
        at java.util.concurrent.ThreadPoolExecutor$Worker.run(ThreadPoolExecutor.java:624)
        at java.lang.Thread.run(Thread.java:750)
"PartialTableCache Cleanup Thread - 0" daemon prio=5 tid=2023 in Object.wait()
java.lang.Thread.State: WAITING (on object monitor)
        at sun.misc.Unsafe.park(Native Method)
        at java.util.concurrent.locks.LockSupport.park(LockSupport.java:175)
        at java.util.concurrent.locks.AbstractQueuedSynchronizer$ConditionObject.await(AbstractQueuedSynchronizer.java:2039)
        at java.util.concurrent.LinkedBlockingQueue.take(LinkedBlockingQueue.java:442)
        at java.util.concurrent.ThreadPoolExecutor.getTask(ThreadPoolExecutor.java:1074)
        at java.util.concurrent.ThreadPoolExecutor.runWorker(ThreadPoolExecutor.java:1134)
        at java.util.concurrent.ThreadPoolExecutor$Worker.run(ThreadPoolExecutor.java:624)
        at java.lang.Thread.run(Thread.java:750)
"IPC Server handler 9 on default port 15148" daemon prio=5 tid=2427 timed_waiting
java.lang.Thread.State: TIMED_WAITING
        at sun.misc.Unsafe.park(Native Method)
        at java.util.concurrent.locks.LockSupport.parkNanos(LockSupport.java:215)
        at java.util.concurrent.locks.AbstractQueuedSynchronizer$ConditionObject.awaitNanos(AbstractQueuedSynchronizer.java:2078)
        at java.util.concurrent.LinkedBlockingQueue.poll(LinkedBlockingQueue.java:467)
        at org.apache.hadoop.ipc.CallQueueManager.take(CallQueueManager.java:317)
        at org.apache.hadoop.ipc.Server$Handler.run(Server.java:2992)
"IPC Server handler 7 on default port 15145" daemon prio=5 tid=2335 timed_waiting
java.lang.Thread.State: TIMED_WAITING
        at sun.misc.Unsafe.park(Native Method)
        at java.util.concurrent.locks.LockSupport.parkNanos(LockSupport.java:215)
        at java.util.concurrent.locks.AbstractQueuedSynchronizer$ConditionObject.awaitNanos(AbstractQueuedSynchronizer.java:2078)
        at java.util.concurrent.LinkedBlockingQueue.poll(LinkedBlockingQueue.java:467)
        at org.apache.hadoop.ipc.CallQueueManager.take(CallQueueManager.java:317)
        at org.apache.hadoop.ipc.Server$Handler.run(Server.java:2992)
"pool-650-thread-1"  prio=5 tid=2782 timed_waiting
java.lang.Thread.State: TIMED_WAITING
        at sun.misc.Unsafe.park(Native Method)
        at java.util.concurrent.locks.LockSupport.parkNanos(LockSupport.java:215)
        at java.util.concurrent.SynchronousQueue$TransferStack.awaitFulfill(SynchronousQueue.java:460)
        at java.util.concurrent.SynchronousQueue$TransferStack.transfer(SynchronousQueue.java:362)
        at java.util.concurrent.SynchronousQueue.poll(SynchronousQueue.java:941)
        at java.util.concurrent.ThreadPoolExecutor.getTask(ThreadPoolExecutor.java:1073)
        at java.util.concurrent.ThreadPoolExecutor.runWorker(ThreadPoolExecutor.java:1134)
        at java.util.concurrent.ThreadPoolExecutor$Worker.run(ThreadPoolExecutor.java:624)
        at java.lang.Thread.run(Thread.java:750)
"qtp178651313-2506" daemon prio=5 tid=2506 timed_waiting
java.lang.Thread.State: TIMED_WAITING
        at sun.misc.Unsafe.park(Native Method)
        at java.util.concurrent.locks.LockSupport.parkNanos(LockSupport.java:215)
        at java.util.concurrent.locks.AbstractQueuedSynchronizer$ConditionObject.awaitNanos(AbstractQueuedSynchronizer.java:2078)
        at org.eclipse.jetty.util.BlockingArrayQueue.poll(BlockingArrayQueue.java:382)
        at org.eclipse.jetty.util.thread.QueuedThreadPool$Runner.idleJobPoll(QueuedThreadPool.java:974)
        at org.eclipse.jetty.util.thread.QueuedThreadPool$Runner.run(QueuedThreadPool.java:1018)
        at java.lang.Thread.run(Thread.java:750)
"ChunkWriter-1-0" daemon prio=5 tid=2617 in Object.wait()
java.lang.Thread.State: WAITING (on object monitor)
        at sun.misc.Unsafe.park(Native Method)
        at java.util.concurrent.locks.LockSupport.park(LockSupport.java:175)
        at java.util.concurrent.locks.AbstractQueuedSynchronizer$ConditionObject.await(AbstractQueuedSynchronizer.java:2039)
        at java.util.concurrent.LinkedBlockingDeque.takeFirst(LinkedBlockingDeque.java:492)
        at java.util.concurrent.LinkedBlockingDeque.take(LinkedBlockingDeque.java:680)
        at java.util.concurrent.ThreadPoolExecutor.getTask(ThreadPoolExecutor.java:1074)
        at java.util.concurrent.ThreadPoolExecutor.runWorker(ThreadPoolExecutor.java:1134)
        at java.util.concurrent.ThreadPoolExecutor$Worker.run(ThreadPoolExecutor.java:624)
        at java.lang.Thread.run(Thread.java:750)
"KeyDeletingService#0" daemon prio=5 tid=2403 timed_waiting
java.lang.Thread.State: TIMED_WAITING
        at sun.misc.Unsafe.park(Native Method)
        at java.util.concurrent.locks.LockSupport.parkNanos(LockSupport.java:215)
        at java.util.concurrent.locks.AbstractQueuedSynchronizer$ConditionObject.awaitNanos(AbstractQueuedSynchronizer.java:2078)
        at java.util.concurrent.ScheduledThreadPoolExecutor$DelayedWorkQueue.take(ScheduledThreadPoolExecutor.java:1093)
        at java.util.concurrent.ScheduledThreadPoolExecutor$DelayedWorkQueue.take(ScheduledThreadPoolExecutor.java:809)
        at java.util.concurrent.ThreadPoolExecutor.getTask(ThreadPoolExecutor.java:1074)
        at java.util.concurrent.ThreadPoolExecutor.runWorker(ThreadPoolExecutor.java:1134)
        at java.util.concurrent.ThreadPoolExecutor$Worker.run(ThreadPoolExecutor.java:624)
        at java.lang.Thread.run(Thread.java:750)
"FullTableCache Cleanup Thread - 0" daemon prio=5 tid=2018 in Object.wait()
java.lang.Thread.State: WAITING (on object monitor)
        at sun.misc.Unsafe.park(Native Method)
        at java.util.concurrent.locks.LockSupport.park(LockSupport.java:175)
        at java.util.concurrent.locks.AbstractQueuedSynchronizer$ConditionObject.await(AbstractQueuedSynchronizer.java:2039)
        at java.util.concurrent.LinkedBlockingQueue.take(LinkedBlockingQueue.java:442)
        at java.util.concurrent.ThreadPoolExecutor.getTask(ThreadPoolExecutor.java:1074)
        at java.util.concurrent.ThreadPoolExecutor.runWorker(ThreadPoolExecutor.java:1134)
        at java.util.concurrent.ThreadPoolExecutor$Worker.run(ThreadPoolExecutor.java:624)
        at java.lang.Thread.run(Thread.java:750)
"IPC Server handler 5 on default port 15148" daemon prio=5 tid=2423 timed_waiting
java.lang.Thread.State: TIMED_WAITING
        at sun.misc.Unsafe.park(Native Method)
        at java.util.concurrent.locks.LockSupport.parkNanos(LockSupport.java:215)
        at java.util.concurrent.locks.AbstractQueuedSynchronizer$ConditionObject.awaitNanos(AbstractQueuedSynchronizer.java:2078)
        at java.util.concurrent.LinkedBlockingQueue.poll(LinkedBlockingQueue.java:467)
        at org.apache.hadoop.ipc.CallQueueManager.take(CallQueueManager.java:317)
        at org.apache.hadoop.ipc.Server$Handler.run(Server.java:2992)
"qtp192765851-2373-acceptor-0@2eac28c7-ServerConnector@207300a6{HTTP/1.1, (http/1.1)}{0.0.0.0:15147}" daemon prio=3 tid=2373 runnable
java.lang.Thread.State: RUNNABLE
        at sun.nio.ch.ServerSocketChannelImpl.accept0(Native Method)
        at sun.nio.ch.ServerSocketChannelImpl.accept(ServerSocketChannelImpl.java:421)
        at sun.nio.ch.ServerSocketChannelImpl.accept(ServerSocketChannelImpl.java:249)
        at org.eclipse.jetty.server.ServerConnector.accept(ServerConnector.java:388)
        at org.eclipse.jetty.server.AbstractConnector$Acceptor.run(AbstractConnector.java:704)
        at org.eclipse.jetty.util.thread.QueuedThreadPool.runJob(QueuedThreadPool.java:883)
        at org.eclipse.jetty.util.thread.QueuedThreadPool$Runner.run(QueuedThreadPool.java:1034)
        at java.lang.Thread.run(Thread.java:750)
"IPC Server handler 12 on default port 15145" daemon prio=5 tid=2340 timed_waiting
java.lang.Thread.State: TIMED_WAITING
        at sun.misc.Unsafe.park(Native Method)
        at java.util.concurrent.locks.LockSupport.parkNanos(LockSupport.java:215)
        at java.util.concurrent.locks.AbstractQueuedSynchronizer$ConditionObject.awaitNanos(AbstractQueuedSynchronizer.java:2078)
        at java.util.concurrent.LinkedBlockingQueue.poll(LinkedBlockingQueue.java:467)
        at org.apache.hadoop.ipc.CallQueueManager.take(CallQueueManager.java:317)
        at org.apache.hadoop.ipc.Server$Handler.run(Server.java:2992)
"EventQueue-NodeReportForNodeReportHandler" daemon prio=5 tid=2839 in Object.wait()
java.lang.Thread.State: WAITING (on object monitor)
        at sun.misc.Unsafe.park(Native Method)
        at java.util.concurrent.locks.LockSupport.park(LockSupport.java:175)
        at java.util.concurrent.locks.AbstractQueuedSynchronizer$ConditionObject.await(AbstractQueuedSynchronizer.java:2039)
        at java.util.concurrent.LinkedBlockingQueue.take(LinkedBlockingQueue.java:442)
        at java.util.concurrent.ThreadPoolExecutor.getTask(ThreadPoolExecutor.java:1074)
        at java.util.concurrent.ThreadPoolExecutor.runWorker(ThreadPoolExecutor.java:1134)
        at java.util.concurrent.ThreadPoolExecutor$Worker.run(ThreadPoolExecutor.java:624)
        at java.lang.Thread.run(Thread.java:750)
"IPC Server handler 1 on default port 15144" daemon prio=5 tid=2309 timed_waiting
java.lang.Thread.State: TIMED_WAITING
        at sun.misc.Unsafe.park(Native Method)
        at java.util.concurrent.locks.LockSupport.parkNanos(LockSupport.java:215)
        at java.util.concurrent.locks.AbstractQueuedSynchronizer$ConditionObject.awaitNanos(AbstractQueuedSynchronizer.java:2078)
        at java.util.concurrent.LinkedBlockingQueue.poll(LinkedBlockingQueue.java:467)
        at org.apache.hadoop.ipc.CallQueueManager.take(CallQueueManager.java:317)
        at org.apache.hadoop.ipc.Server$Handler.run(Server.java:2992)
"ChunkWriter-3-0" daemon prio=5 tid=2607 in Object.wait()
java.lang.Thread.State: WAITING (on object monitor)
        at sun.misc.Unsafe.park(Native Method)
        at java.util.concurrent.locks.LockSupport.park(LockSupport.java:175)
        at java.util.concurrent.locks.AbstractQueuedSynchronizer$ConditionObject.await(AbstractQueuedSynchronizer.java:2039)
        at java.util.concurrent.LinkedBlockingDeque.takeFirst(LinkedBlockingDeque.java:492)
        at java.util.concurrent.LinkedBlockingDeque.take(LinkedBlockingDeque.java:680)
        at java.util.concurrent.ThreadPoolExecutor.getTask(ThreadPoolExecutor.java:1074)
        at java.util.concurrent.ThreadPoolExecutor.runWorker(ThreadPoolExecutor.java:1134)
        at java.util.concurrent.ThreadPoolExecutor$Worker.run(ThreadPoolExecutor.java:624)
        at java.lang.Thread.run(Thread.java:750)
"qtp1403968272-2482" daemon prio=5 tid=2482 timed_waiting
java.lang.Thread.State: TIMED_WAITING
        at sun.misc.Unsafe.park(Native Method)
        at java.util.concurrent.locks.LockSupport.parkNanos(LockSupport.java:215)
        at java.util.concurrent.locks.AbstractQueuedSynchronizer$ConditionObject.awaitNanos(AbstractQueuedSynchronizer.java:2078)
        at org.eclipse.jetty.util.BlockingArrayQueue.poll(BlockingArrayQueue.java:382)
        at org.eclipse.jetty.util.thread.QueuedThreadPool$Runner.idleJobPoll(QueuedThreadPool.java:974)
        at org.eclipse.jetty.util.thread.QueuedThreadPool$Runner.run(QueuedThreadPool.java:1018)
        at java.lang.Thread.run(Thread.java:750)
"FixedThreadPoolWithAffinityExecutor-2-0" daemon prio=5 tid=2298 timed_waiting
java.lang.Thread.State: TIMED_WAITING
        at sun.misc.Unsafe.park(Native Method)
        at java.util.concurrent.locks.LockSupport.parkNanos(LockSupport.java:215)
        at java.util.concurrent.locks.AbstractQueuedSynchronizer$ConditionObject.awaitNanos(AbstractQueuedSynchronizer.java:2078)
        at java.util.concurrent.LinkedBlockingQueue.poll(LinkedBlockingQueue.java:467)
        at org.apache.hadoop.hdds.scm.server.ContainerReportQueue.poll(ContainerReportQueue.java:266)
        at org.apache.hadoop.hdds.scm.server.ContainerReportQueue.poll(ContainerReportQueue.java:42)
        at org.apache.hadoop.hdds.server.events.FixedThreadPoolWithAffinityExecutor$ContainerReportProcessTask.run(FixedThreadPoolWithAffinityExecutor.java:247)
        at java.util.concurrent.Executors$RunnableAdapter.call(Executors.java:511)
        at java.util.concurrent.FutureTask.run(FutureTask.java:266)
        at java.util.concurrent.ThreadPoolExecutor.runWorker(ThreadPoolExecutor.java:1149)
        at java.util.concurrent.ThreadPoolExecutor$Worker.run(ThreadPoolExecutor.java:624)
        at java.lang.Thread.run(Thread.java:750)
"qtp211654403-2534" daemon prio=5 tid=2534 timed_waiting
java.lang.Thread.State: TIMED_WAITING
        at sun.misc.Unsafe.park(Native Method)
        at java.util.concurrent.locks.LockSupport.parkNanos(LockSupport.java:215)
        at java.util.concurrent.locks.AbstractQueuedSynchronizer$ConditionObject.awaitNanos(AbstractQueuedSynchronizer.java:2078)
        at org.eclipse.jetty.util.BlockingArrayQueue.poll(BlockingArrayQueue.java:382)
        at org.eclipse.jetty.util.thread.QueuedThreadPool$Runner.idleJobPoll(QueuedThreadPool.java:974)
        at org.eclipse.jetty.util.thread.QueuedThreadPool$Runner.run(QueuedThreadPool.java:1018)
        at java.lang.Thread.run(Thread.java:750)
"SnapshotDiffCleanupService#0" daemon prio=5 tid=2386 timed_waiting
java.lang.Thread.State: TIMED_WAITING
        at sun.misc.Unsafe.park(Native Method)
        at java.util.concurrent.locks.LockSupport.parkNanos(LockSupport.java:215)
        at java.util.concurrent.locks.AbstractQueuedSynchronizer$ConditionObject.awaitNanos(AbstractQueuedSynchronizer.java:2078)
        at java.util.concurrent.ScheduledThreadPoolExecutor$DelayedWorkQueue.take(ScheduledThreadPoolExecutor.java:1093)
        at java.util.concurrent.ScheduledThreadPoolExecutor$DelayedWorkQueue.take(ScheduledThreadPoolExecutor.java:809)
        at java.util.concurrent.ThreadPoolExecutor.getTask(ThreadPoolExecutor.java:1074)
        at java.util.concurrent.ThreadPoolExecutor.runWorker(ThreadPoolExecutor.java:1134)
        at java.util.concurrent.ThreadPoolExecutor$Worker.run(ThreadPoolExecutor.java:624)
        at java.lang.Thread.run(Thread.java:750)
"9a8ecc75-319b-47a2-9433-72c1cc276f25-groupManagement" daemon prio=5 tid=2656 in Object.wait()
java.lang.Thread.State: WAITING (on object monitor)
        at sun.misc.Unsafe.park(Native Method)
        at java.util.concurrent.locks.LockSupport.park(LockSupport.java:175)
        at java.util.concurrent.locks.AbstractQueuedSynchronizer$ConditionObject.await(AbstractQueuedSynchronizer.java:2039)
        at java.util.concurrent.LinkedBlockingQueue.take(LinkedBlockingQueue.java:442)
        at java.util.concurrent.ThreadPoolExecutor.getTask(ThreadPoolExecutor.java:1074)
        at java.util.concurrent.ThreadPoolExecutor.runWorker(ThreadPoolExecutor.java:1134)
        at java.util.concurrent.ThreadPoolExecutor$Worker.run(ThreadPoolExecutor.java:624)
        at java.lang.Thread.run(Thread.java:750)
"IPC Server handler 0 on default port 15146" daemon prio=5 tid=2348 timed_waiting
java.lang.Thread.State: TIMED_WAITING
        at sun.misc.Unsafe.park(Native Method)
        at java.util.concurrent.locks.LockSupport.parkNanos(LockSupport.java:215)
        at java.util.concurrent.locks.AbstractQueuedSynchronizer$ConditionObject.awaitNanos(AbstractQueuedSynchronizer.java:2078)
        at java.util.concurrent.LinkedBlockingQueue.poll(LinkedBlockingQueue.java:467)
        at org.apache.hadoop.ipc.CallQueueManager.take(CallQueueManager.java:317)
        at org.apache.hadoop.ipc.Server$Handler.run(Server.java:2992)
"EventQueue-NodeRegistrationContainerReportForDataNodeSafeModeRule" daemon prio=5 tid=2639 in Object.wait()
java.lang.Thread.State: WAITING (on object monitor)
        at sun.misc.Unsafe.park(Native Method)
        at java.util.concurrent.locks.LockSupport.park(LockSupport.java:175)
        at java.util.concurrent.locks.AbstractQueuedSynchronizer$ConditionObject.await(AbstractQueuedSynchronizer.java:2039)
        at java.util.concurrent.LinkedBlockingQueue.take(LinkedBlockingQueue.java:442)
        at java.util.concurrent.ThreadPoolExecutor.getTask(ThreadPoolExecutor.java:1074)
        at java.util.concurrent.ThreadPoolExecutor.runWorker(ThreadPoolExecutor.java:1134)
        at java.util.concurrent.ThreadPoolExecutor$Worker.run(ThreadPoolExecutor.java:624)
        at java.lang.Thread.run(Thread.java:750)
"IPC Server handler 6 on default port 15144" daemon prio=5 tid=2314 timed_waiting
java.lang.Thread.State: TIMED_WAITING
        at sun.misc.Unsafe.park(Native Method)
        at java.util.concurrent.locks.LockSupport.parkNanos(LockSupport.java:215)
        at java.util.concurrent.locks.AbstractQueuedSynchronizer$ConditionObject.awaitNanos(AbstractQueuedSynchronizer.java:2078)
        at java.util.concurrent.LinkedBlockingQueue.poll(LinkedBlockingQueue.java:467)
        at org.apache.hadoop.ipc.CallQueueManager.take(CallQueueManager.java:317)
        at org.apache.hadoop.ipc.Server$Handler.run(Server.java:2992)
"Datanode ReportManager Thread - 3" daemon prio=5 tid=2488 in Object.wait()
java.lang.Thread.State: WAITING (on object monitor)
        at sun.misc.Unsafe.park(Native Method)
        at java.util.concurrent.locks.LockSupport.park(LockSupport.java:175)
        at java.util.concurrent.locks.AbstractQueuedSynchronizer$ConditionObject.await(AbstractQueuedSynchronizer.java:2039)
        at java.util.concurrent.ScheduledThreadPoolExecutor$DelayedWorkQueue.take(ScheduledThreadPoolExecutor.java:1088)
        at java.util.concurrent.ScheduledThreadPoolExecutor$DelayedWorkQueue.take(ScheduledThreadPoolExecutor.java:809)
        at java.util.concurrent.ThreadPoolExecutor.getTask(ThreadPoolExecutor.java:1074)
        at java.util.concurrent.ThreadPoolExecutor.runWorker(ThreadPoolExecutor.java:1134)
        at java.util.concurrent.ThreadPoolExecutor$Worker.run(ThreadPoolExecutor.java:624)
        at java.lang.Thread.run(Thread.java:750)
"Session-HouseKeeper-6db94043-1"  prio=5 tid=2483 timed_waiting
java.lang.Thread.State: TIMED_WAITING
        at sun.misc.Unsafe.park(Native Method)
        at java.util.concurrent.locks.LockSupport.parkNanos(LockSupport.java:215)
        at java.util.concurrent.locks.AbstractQueuedSynchronizer$ConditionObject.awaitNanos(AbstractQueuedSynchronizer.java:2078)
        at java.util.concurrent.ScheduledThreadPoolExecutor$DelayedWorkQueue.take(ScheduledThreadPoolExecutor.java:1093)
        at java.util.concurrent.ScheduledThreadPoolExecutor$DelayedWorkQueue.take(ScheduledThreadPoolExecutor.java:809)
        at java.util.concurrent.ThreadPoolExecutor.getTask(ThreadPoolExecutor.java:1074)
        at java.util.concurrent.ThreadPoolExecutor.runWorker(ThreadPoolExecutor.java:1134)
        at java.util.concurrent.ThreadPoolExecutor$Worker.run(ThreadPoolExecutor.java:624)
        at java.lang.Thread.run(Thread.java:750)
"IPC Server handler 18 on default port 15145" daemon prio=5 tid=2346 timed_waiting
java.lang.Thread.State: TIMED_WAITING
        at sun.misc.Unsafe.park(Native Method)
        at java.util.concurrent.locks.LockSupport.parkNanos(LockSupport.java:215)
        at java.util.concurrent.locks.AbstractQueuedSynchronizer$ConditionObject.awaitNanos(AbstractQueuedSynchronizer.java:2078)
        at java.util.concurrent.LinkedBlockingQueue.poll(LinkedBlockingQueue.java:467)
        at org.apache.hadoop.ipc.CallQueueManager.take(CallQueueManager.java:317)
        at org.apache.hadoop.ipc.Server$Handler.run(Server.java:2992)
"FixedThreadPoolWithAffinityExecutor-0-0" daemon prio=5 tid=2296 timed_waiting
java.lang.Thread.State: TIMED_WAITING
        at sun.misc.Unsafe.park(Native Method)
        at java.util.concurrent.locks.LockSupport.parkNanos(LockSupport.java:215)
        at java.util.concurrent.locks.AbstractQueuedSynchronizer$ConditionObject.awaitNanos(AbstractQueuedSynchronizer.java:2078)
        at java.util.concurrent.LinkedBlockingQueue.poll(LinkedBlockingQueue.java:467)
        at org.apache.hadoop.hdds.scm.server.ContainerReportQueue.poll(ContainerReportQueue.java:266)
        at org.apache.hadoop.hdds.scm.server.ContainerReportQueue.poll(ContainerReportQueue.java:42)
        at org.apache.hadoop.hdds.server.events.FixedThreadPoolWithAffinityExecutor$ContainerReportProcessTask.run(FixedThreadPoolWithAffinityExecutor.java:247)
        at java.util.concurrent.Executors$RunnableAdapter.call(Executors.java:511)
        at java.util.concurrent.FutureTask.run(FutureTask.java:266)
        at java.util.concurrent.ThreadPoolExecutor.runWorker(ThreadPoolExecutor.java:1149)
        at java.util.concurrent.ThreadPoolExecutor$Worker.run(ThreadPoolExecutor.java:624)
        at java.lang.Thread.run(Thread.java:750)
"Session-HouseKeeper-1a2c471d-1"  prio=5 tid=2510 timed_waiting
java.lang.Thread.State: TIMED_WAITING
        at sun.misc.Unsafe.park(Native Method)
        at java.util.concurrent.locks.LockSupport.parkNanos(LockSupport.java:215)
        at java.util.concurrent.locks.AbstractQueuedSynchronizer$ConditionObject.awaitNanos(AbstractQueuedSynchronizer.java:2078)
        at java.util.concurrent.ScheduledThreadPoolExecutor$DelayedWorkQueue.take(ScheduledThreadPoolExecutor.java:1093)
        at java.util.concurrent.ScheduledThreadPoolExecutor$DelayedWorkQueue.take(ScheduledThreadPoolExecutor.java:809)
        at java.util.concurrent.ThreadPoolExecutor.getTask(ThreadPoolExecutor.java:1074)
        at java.util.concurrent.ThreadPoolExecutor.runWorker(ThreadPoolExecutor.java:1134)
        at java.util.concurrent.ThreadPoolExecutor$Worker.run(ThreadPoolExecutor.java:624)
        at java.lang.Thread.run(Thread.java:750)
"qtp192765851-2378" daemon prio=5 tid=2378 timed_waiting
java.lang.Thread.State: TIMED_WAITING
        at sun.misc.Unsafe.park(Native Method)
        at java.util.concurrent.locks.LockSupport.parkNanos(LockSupport.java:215)
        at java.util.concurrent.locks.AbstractQueuedSynchronizer$ConditionObject.awaitNanos(AbstractQueuedSynchronizer.java:2078)
        at org.eclipse.jetty.util.BlockingArrayQueue.poll(BlockingArrayQueue.java:382)
        at org.eclipse.jetty.util.thread.QueuedThreadPool$Runner.idleJobPoll(QueuedThreadPool.java:974)
        at org.eclipse.jetty.util.thread.QueuedThreadPool$Runner.run(QueuedThreadPool.java:1018)
        at java.lang.Thread.run(Thread.java:750)
"EventQueue-NewNodeForNewNodeHandler" daemon prio=5 tid=2638 in Object.wait()
java.lang.Thread.State: WAITING (on object monitor)
        at sun.misc.Unsafe.park(Native Method)
        at java.util.concurrent.locks.LockSupport.park(LockSupport.java:175)
        at java.util.concurrent.locks.AbstractQueuedSynchronizer$ConditionObject.await(AbstractQueuedSynchronizer.java:2039)
        at java.util.concurrent.LinkedBlockingQueue.take(LinkedBlockingQueue.java:442)
        at java.util.concurrent.ThreadPoolExecutor.getTask(ThreadPoolExecutor.java:1074)
        at java.util.concurrent.ThreadPoolExecutor.runWorker(ThreadPoolExecutor.java:1134)
        at java.util.concurrent.ThreadPoolExecutor$Worker.run(ThreadPoolExecutor.java:624)
        at java.lang.Thread.run(Thread.java:750)
"org.apache.hadoop.util.JvmPauseMonitor$Monitor@5ea44540" daemon prio=5 tid=2547 timed_waiting
java.lang.Thread.State: TIMED_WAITING
        at java.lang.Thread.sleep(Native Method)
        at org.apache.hadoop.util.JvmPauseMonitor$Monitor.run(JvmPauseMonitor.java:192)
        at java.lang.Thread.run(Thread.java:750)
"Datanode ReportManager Thread - 1" daemon prio=5 tid=2542 timed_waiting
java.lang.Thread.State: TIMED_WAITING
        at sun.misc.Unsafe.park(Native Method)
        at java.util.concurrent.locks.LockSupport.parkNanos(LockSupport.java:215)
        at java.util.concurrent.locks.AbstractQueuedSynchronizer$ConditionObject.awaitNanos(AbstractQueuedSynchronizer.java:2078)
        at java.util.concurrent.ScheduledThreadPoolExecutor$DelayedWorkQueue.take(ScheduledThreadPoolExecutor.java:1093)
        at java.util.concurrent.ScheduledThreadPoolExecutor$DelayedWorkQueue.take(ScheduledThreadPoolExecutor.java:809)
        at java.util.concurrent.ThreadPoolExecutor.getTask(ThreadPoolExecutor.java:1074)
        at java.util.concurrent.ThreadPoolExecutor.runWorker(ThreadPoolExecutor.java:1134)
        at java.util.concurrent.ThreadPoolExecutor$Worker.run(ThreadPoolExecutor.java:624)
        at java.lang.Thread.run(Thread.java:750)
"StaleRecoveringContainerScrubbingService#0" daemon prio=5 tid=2623 timed_waiting
java.lang.Thread.State: TIMED_WAITING
        at sun.misc.Unsafe.park(Native Method)
        at java.util.concurrent.locks.LockSupport.parkNanos(LockSupport.java:215)
        at java.util.concurrent.locks.AbstractQueuedSynchronizer$ConditionObject.awaitNanos(AbstractQueuedSynchronizer.java:2078)
        at java.util.concurrent.ScheduledThreadPoolExecutor$DelayedWorkQueue.take(ScheduledThreadPoolExecutor.java:1093)
        at java.util.concurrent.ScheduledThreadPoolExecutor$DelayedWorkQueue.take(ScheduledThreadPoolExecutor.java:809)
        at java.util.concurrent.ThreadPoolExecutor.getTask(ThreadPoolExecutor.java:1074)
        at java.util.concurrent.ThreadPoolExecutor.runWorker(ThreadPoolExecutor.java:1134)
        at java.util.concurrent.ThreadPoolExecutor$Worker.run(ThreadPoolExecutor.java:624)
        at java.lang.Thread.run(Thread.java:750)
"Session-HouseKeeper-748ec2ec-1"  prio=5 tid=2380 timed_waiting
java.lang.Thread.State: TIMED_WAITING
        at sun.misc.Unsafe.park(Native Method)
        at java.util.concurrent.locks.LockSupport.parkNanos(LockSupport.java:215)
        at java.util.concurrent.locks.AbstractQueuedSynchronizer$ConditionObject.awaitNanos(AbstractQueuedSynchronizer.java:2078)
        at java.util.concurrent.ScheduledThreadPoolExecutor$DelayedWorkQueue.take(ScheduledThreadPoolExecutor.java:1093)
        at java.util.concurrent.ScheduledThreadPoolExecutor$DelayedWorkQueue.take(ScheduledThreadPoolExecutor.java:809)
        at java.util.concurrent.ThreadPoolExecutor.getTask(ThreadPoolExecutor.java:1074)
        at java.util.concurrent.ThreadPoolExecutor.runWorker(ThreadPoolExecutor.java:1134)
        at java.util.concurrent.ThreadPoolExecutor$Worker.run(ThreadPoolExecutor.java:624)
        at java.lang.Thread.run(Thread.java:750)
"IPC Server handler 8 on default port 15146" daemon prio=5 tid=2356 timed_waiting
java.lang.Thread.State: TIMED_WAITING
        at sun.misc.Unsafe.park(Native Method)
        at java.util.concurrent.locks.LockSupport.parkNanos(LockSupport.java:215)
        at java.util.concurrent.locks.AbstractQueuedSynchronizer$ConditionObject.awaitNanos(AbstractQueuedSynchronizer.java:2078)
        at java.util.concurrent.LinkedBlockingQueue.poll(LinkedBlockingQueue.java:467)
        at org.apache.hadoop.ipc.CallQueueManager.take(CallQueueManager.java:317)
        at org.apache.hadoop.ipc.Server$Handler.run(Server.java:2992)
"Datanode ReportManager Thread - 2" daemon prio=5 tid=2570 in Object.wait()
java.lang.Thread.State: WAITING (on object monitor)
        at sun.misc.Unsafe.park(Native Method)
        at java.util.concurrent.locks.LockSupport.park(LockSupport.java:175)
        at java.util.concurrent.locks.AbstractQueuedSynchronizer$ConditionObject.await(AbstractQueuedSynchronizer.java:2039)
        at java.util.concurrent.ScheduledThreadPoolExecutor$DelayedWorkQueue.take(ScheduledThreadPoolExecutor.java:1088)
        at java.util.concurrent.ScheduledThreadPoolExecutor$DelayedWorkQueue.take(ScheduledThreadPoolExecutor.java:809)
        at java.util.concurrent.ThreadPoolExecutor.getTask(ThreadPoolExecutor.java:1074)
        at java.util.concurrent.ThreadPoolExecutor.runWorker(ThreadPoolExecutor.java:1134)
        at java.util.concurrent.ThreadPoolExecutor$Worker.run(ThreadPoolExecutor.java:624)
        at java.lang.Thread.run(Thread.java:750)
"prometheus" daemon prio=5 tid=2307 in Object.wait()
java.lang.Thread.State: WAITING (on object monitor)
        at java.lang.Object.wait(Native Method)
        at java.lang.Object.wait(Object.java:502)
        at org.apache.hadoop.metrics2.impl.SinkQueue.waitForData(SinkQueue.java:114)
        at org.apache.hadoop.metrics2.impl.SinkQueue.consumeAll(SinkQueue.java:83)
        at org.apache.hadoop.metrics2.impl.MetricsSinkAdapter.publishMetricsFromQueue(MetricsSinkAdapter.java:135)
        at org.apache.hadoop.metrics2.impl.MetricsSinkAdapter$1.run(MetricsSinkAdapter.java:89)
"IPC Server idle connection scanner for port 15144" daemon prio=5 tid=2293 timed_waiting
java.lang.Thread.State: TIMED_WAITING
        at java.lang.Object.wait(Native Method)
        at java.util.TimerThread.mainLoop(Timer.java:552)
        at java.util.TimerThread.run(Timer.java:505)
"b898f15d-4860-47c9-8591-05c5a169db6c-NettyServerStreamRpc-bossGroup--thread1" daemon prio=5 tid=2498 runnable
java.lang.Thread.State: RUNNABLE
        at sun.nio.ch.EPollArrayWrapper.epollWait(Native Method)
        at sun.nio.ch.EPollArrayWrapper.poll(EPollArrayWrapper.java:269)
        at sun.nio.ch.EPollSelectorImpl.doSelect(EPollSelectorImpl.java:93)
        at sun.nio.ch.SelectorImpl.lockAndDoSelect(SelectorImpl.java:86)
        at sun.nio.ch.SelectorImpl.select(SelectorImpl.java:97)
        at sun.nio.ch.SelectorImpl.select(SelectorImpl.java:101)
        at org.apache.ratis.thirdparty.io.netty.channel.nio.SelectedSelectionKeySetSelector.select(SelectedSelectionKeySetSelector.java:68)
        at org.apache.ratis.thirdparty.io.netty.channel.nio.NioEventLoop.select(NioEventLoop.java:879)
        at org.apache.ratis.thirdparty.io.netty.channel.nio.NioEventLoop.run(NioEventLoop.java:526)
        at org.apache.ratis.thirdparty.io.netty.util.concurrent.SingleThreadEventExecutor$4.run(SingleThreadEventExecutor.java:997)
        at org.apache.ratis.thirdparty.io.netty.util.internal.ThreadExecutorMap$2.run(ThreadExecutorMap.java:74)
        at java.lang.Thread.run(Thread.java:750)
"IPC Server handler 14 on default port 15146" daemon prio=5 tid=2362 timed_waiting
java.lang.Thread.State: TIMED_WAITING
        at sun.misc.Unsafe.park(Native Method)
        at java.util.concurrent.locks.LockSupport.parkNanos(LockSupport.java:215)
        at java.util.concurrent.locks.AbstractQueuedSynchronizer$ConditionObject.awaitNanos(AbstractQueuedSynchronizer.java:2078)
        at java.util.concurrent.LinkedBlockingQueue.poll(LinkedBlockingQueue.java:467)
        at org.apache.hadoop.ipc.CallQueueManager.take(CallQueueManager.java:317)
        at org.apache.hadoop.ipc.Server$Handler.run(Server.java:2992)
"ExpiredContainerReplicaOpScrubberThread" daemon prio=5 tid=2276 timed_waiting
java.lang.Thread.State: TIMED_WAITING
        at java.lang.Object.wait(Native Method)
        at org.apache.hadoop.hdds.scm.ha.BackgroundSCMService.run(BackgroundSCMService.java:110)
        at org.apache.hadoop.hdds.scm.ha.BackgroundSCMService$$Lambda$335/1297914569.run(Unknown Source)
        at java.lang.Thread.run(Thread.java:750)
"qtp1575475030-2562" daemon prio=5 tid=2562 timed_waiting
java.lang.Thread.State: TIMED_WAITING
        at sun.misc.Unsafe.park(Native Method)
        at java.util.concurrent.locks.LockSupport.parkNanos(LockSupport.java:215)
        at java.util.concurrent.locks.AbstractQueuedSynchronizer$ConditionObject.awaitNanos(AbstractQueuedSynchronizer.java:2078)
        at org.eclipse.jetty.util.BlockingArrayQueue.poll(BlockingArrayQueue.java:382)
        at org.eclipse.jetty.util.thread.QueuedThreadPool$Runner.idleJobPoll(QueuedThreadPool.java:974)
        at org.eclipse.jetty.util.thread.QueuedThreadPool$Runner.run(QueuedThreadPool.java:1018)
        at java.lang.Thread.run(Thread.java:750)
"FixedThreadPoolWithAffinityExecutor-3-0" daemon prio=5 tid=2299 timed_waiting
java.lang.Thread.State: TIMED_WAITING
        at sun.misc.Unsafe.park(Native Method)
        at java.util.concurrent.locks.LockSupport.parkNanos(LockSupport.java:215)
        at java.util.concurrent.locks.AbstractQueuedSynchronizer$ConditionObject.awaitNanos(AbstractQueuedSynchronizer.java:2078)
        at java.util.concurrent.LinkedBlockingQueue.poll(LinkedBlockingQueue.java:467)
        at org.apache.hadoop.hdds.scm.server.ContainerReportQueue.poll(ContainerReportQueue.java:266)
        at org.apache.hadoop.hdds.scm.server.ContainerReportQueue.poll(ContainerReportQueue.java:42)
        at org.apache.hadoop.hdds.server.events.FixedThreadPoolWithAffinityExecutor$ContainerReportProcessTask.run(FixedThreadPoolWithAffinityExecutor.java:247)
        at java.util.concurrent.Executors$RunnableAdapter.call(Executors.java:511)
        at java.util.concurrent.FutureTask.run(FutureTask.java:266)
        at java.util.concurrent.ThreadPoolExecutor.runWorker(ThreadPoolExecutor.java:1149)
        at java.util.concurrent.ThreadPoolExecutor$Worker.run(ThreadPoolExecutor.java:624)
        at java.lang.Thread.run(Thread.java:750)
"FixedThreadPoolWithAffinityExecutor-1-0" daemon prio=5 tid=2297 timed_waiting
java.lang.Thread.State: TIMED_WAITING
        at sun.misc.Unsafe.park(Native Method)
        at java.util.concurrent.locks.LockSupport.parkNanos(LockSupport.java:215)
        at java.util.concurrent.locks.AbstractQueuedSynchronizer$ConditionObject.awaitNanos(AbstractQueuedSynchronizer.java:2078)
        at java.util.concurrent.LinkedBlockingQueue.poll(LinkedBlockingQueue.java:467)
        at org.apache.hadoop.hdds.scm.server.ContainerReportQueue.poll(ContainerReportQueue.java:266)
        at org.apache.hadoop.hdds.scm.server.ContainerReportQueue.poll(ContainerReportQueue.java:42)
        at org.apache.hadoop.hdds.server.events.FixedThreadPoolWithAffinityExecutor$ContainerReportProcessTask.run(FixedThreadPoolWithAffinityExecutor.java:247)
        at java.util.concurrent.Executors$RunnableAdapter.call(Executors.java:511)
        at java.util.concurrent.FutureTask.run(FutureTask.java:266)
        at java.util.concurrent.ThreadPoolExecutor.runWorker(ThreadPoolExecutor.java:1149)
        at java.util.concurrent.ThreadPoolExecutor$Worker.run(ThreadPoolExecutor.java:624)
        at java.lang.Thread.run(Thread.java:750)
"BlockDeletingService#0" daemon prio=5 tid=2622 timed_waiting
java.lang.Thread.State: TIMED_WAITING
        at sun.misc.Unsafe.park(Native Method)
        at java.util.concurrent.locks.LockSupport.parkNanos(LockSupport.java:215)
        at java.util.concurrent.locks.AbstractQueuedSynchronizer$ConditionObject.awaitNanos(AbstractQueuedSynchronizer.java:2078)
        at java.util.concurrent.ScheduledThreadPoolExecutor$DelayedWorkQueue.take(ScheduledThreadPoolExecutor.java:1093)
        at java.util.concurrent.ScheduledThreadPoolExecutor$DelayedWorkQueue.take(ScheduledThreadPoolExecutor.java:809)
        at java.util.concurrent.ThreadPoolExecutor.getTask(ThreadPoolExecutor.java:1074)
        at java.util.concurrent.ThreadPoolExecutor.runWorker(ThreadPoolExecutor.java:1134)
        at java.util.concurrent.ThreadPoolExecutor$Worker.run(ThreadPoolExecutor.java:624)
        at java.lang.Thread.run(Thread.java:750)
"IPC Server handler 10 on default port 15146" daemon prio=5 tid=2358 timed_waiting
java.lang.Thread.State: TIMED_WAITING
        at sun.misc.Unsafe.park(Native Method)
        at java.util.concurrent.locks.LockSupport.parkNanos(LockSupport.java:215)
        at java.util.concurrent.locks.AbstractQueuedSynchronizer$ConditionObject.awaitNanos(AbstractQueuedSynchronizer.java:2078)
        at java.util.concurrent.LinkedBlockingQueue.poll(LinkedBlockingQueue.java:467)
        at org.apache.hadoop.ipc.CallQueueManager.take(CallQueueManager.java:317)
        at org.apache.hadoop.ipc.Server$Handler.run(Server.java:2992)
"qtp192765851-2372" daemon prio=5 tid=2372 runnable
java.lang.Thread.State: RUNNABLE
        at sun.nio.ch.EPollArrayWrapper.epollWait(Native Method)
        at sun.nio.ch.EPollArrayWrapper.poll(EPollArrayWrapper.java:269)
        at sun.nio.ch.EPollSelectorImpl.doSelect(EPollSelectorImpl.java:93)
        at sun.nio.ch.SelectorImpl.lockAndDoSelect(SelectorImpl.java:86)
        at sun.nio.ch.SelectorImpl.select(SelectorImpl.java:97)
        at sun.nio.ch.SelectorImpl.select(SelectorImpl.java:101)
        at org.eclipse.jetty.io.ManagedSelector.nioSelect(ManagedSelector.java:183)
        at org.eclipse.jetty.io.ManagedSelector.select(ManagedSelector.java:190)
        at org.eclipse.jetty.io.ManagedSelector$SelectorProducer.select(ManagedSelector.java:606)
        at org.eclipse.jetty.io.ManagedSelector$SelectorProducer.produce(ManagedSelector.java:543)
        at org.eclipse.jetty.util.thread.strategy.EatWhatYouKill.produceTask(EatWhatYouKill.java:362)
        at org.eclipse.jetty.util.thread.strategy.EatWhatYouKill.doProduce(EatWhatYouKill.java:186)
        at org.eclipse.jetty.util.thread.strategy.EatWhatYouKill.tryProduce(EatWhatYouKill.java:173)
        at org.eclipse.jetty.util.thread.strategy.EatWhatYouKill.produce(EatWhatYouKill.java:137)
        at org.eclipse.jetty.io.ManagedSelector$$Lambda$405/1186460912.run(Unknown Source)
        at org.eclipse.jetty.util.thread.QueuedThreadPool.runJob(QueuedThreadPool.java:883)
        at org.eclipse.jetty.util.thread.QueuedThreadPool$Runner.run(QueuedThreadPool.java:1034)
        at java.lang.Thread.run(Thread.java:750)
"Datanode State Machine Daemon Thread" daemon prio=5 tid=2567 timed_waiting
java.lang.Thread.State: TIMED_WAITING
        at java.lang.Thread.sleep(Native Method)
        at org.apache.hadoop.ozone.container.common.statemachine.DatanodeStateMachine.startStateMachineThread(DatanodeStateMachine.java:343)
        at org.apache.hadoop.ozone.container.common.statemachine.DatanodeStateMachine.lambda$startDaemon$0(DatanodeStateMachine.java:525)
        at org.apache.hadoop.ozone.container.common.statemachine.DatanodeStateMachine$$Lambda$784/976021110.run(Unknown Source)
        at java.lang.Thread.run(Thread.java:750)
"qtp1575475030-2563" daemon prio=5 tid=2563 timed_waiting
java.lang.Thread.State: TIMED_WAITING
        at sun.misc.Unsafe.park(Native Method)
        at java.util.concurrent.locks.LockSupport.parkNanos(LockSupport.java:215)
        at java.util.concurrent.locks.AbstractQueuedSynchronizer$ConditionObject.awaitNanos(AbstractQueuedSynchronizer.java:2078)
        at org.eclipse.jetty.util.BlockingArrayQueue.poll(BlockingArrayQueue.java:382)
        at org.eclipse.jetty.util.thread.QueuedThreadPool$Runner.idleJobPoll(QueuedThreadPool.java:974)
        at org.eclipse.jetty.util.thread.QueuedThreadPool$Runner.run(QueuedThreadPool.java:1018)
        at java.lang.Thread.run(Thread.java:750)
"ChunkWriter-0-0" daemon prio=5 tid=2628 in Object.wait()
java.lang.Thread.State: WAITING (on object monitor)
        at sun.misc.Unsafe.park(Native Method)
        at java.util.concurrent.locks.LockSupport.park(LockSupport.java:175)
        at java.util.concurrent.locks.AbstractQueuedSynchronizer$ConditionObject.await(AbstractQueuedSynchronizer.java:2039)
        at java.util.concurrent.LinkedBlockingDeque.takeFirst(LinkedBlockingDeque.java:492)
        at java.util.concurrent.LinkedBlockingDeque.take(LinkedBlockingDeque.java:680)
        at java.util.concurrent.ThreadPoolExecutor.getTask(ThreadPoolExecutor.java:1074)
        at java.util.concurrent.ThreadPoolExecutor.runWorker(ThreadPoolExecutor.java:1134)
        at java.util.concurrent.ThreadPoolExecutor$Worker.run(ThreadPoolExecutor.java:624)
        at java.lang.Thread.run(Thread.java:750)
"OM StateMachine ApplyTransaction Thread - 0" daemon prio=5 tid=2733 in Object.wait()
java.lang.Thread.State: WAITING (on object monitor)
        at sun.misc.Unsafe.park(Native Method)
        at java.util.concurrent.locks.LockSupport.park(LockSupport.java:175)
        at java.util.concurrent.locks.AbstractQueuedSynchronizer$ConditionObject.await(AbstractQueuedSynchronizer.java:2039)
        at java.util.concurrent.LinkedBlockingQueue.take(LinkedBlockingQueue.java:442)
        at java.util.concurrent.ThreadPoolExecutor.getTask(ThreadPoolExecutor.java:1074)
        at java.util.concurrent.ThreadPoolExecutor.runWorker(ThreadPoolExecutor.java:1134)
        at java.util.concurrent.ThreadPoolExecutor$Worker.run(ThreadPoolExecutor.java:624)
        at java.lang.Thread.run(Thread.java:750)
"ChunkWriter-2-0" daemon prio=5 tid=2618 in Object.wait()
java.lang.Thread.State: WAITING (on object monitor)
        at sun.misc.Unsafe.park(Native Method)
        at java.util.concurrent.locks.LockSupport.park(LockSupport.java:175)
        at java.util.concurrent.locks.AbstractQueuedSynchronizer$ConditionObject.await(AbstractQueuedSynchronizer.java:2039)
        at java.util.concurrent.LinkedBlockingDeque.takeFirst(LinkedBlockingDeque.java:492)
        at java.util.concurrent.LinkedBlockingDeque.take(LinkedBlockingDeque.java:680)
        at java.util.concurrent.ThreadPoolExecutor.getTask(ThreadPoolExecutor.java:1074)
        at java.util.concurrent.ThreadPoolExecutor.runWorker(ThreadPoolExecutor.java:1134)
        at java.util.concurrent.ThreadPoolExecutor$Worker.run(ThreadPoolExecutor.java:624)
        at java.lang.Thread.run(Thread.java:750)
"EventQueue-DeadNodeForDeadNodeHandler" daemon prio=5 tid=2837 in Object.wait()
java.lang.Thread.State: WAITING (on object monitor)
        at sun.misc.Unsafe.park(Native Method)
        at java.util.concurrent.locks.LockSupport.park(LockSupport.java:175)
        at java.util.concurrent.locks.AbstractQueuedSynchronizer$ConditionObject.await(AbstractQueuedSynchronizer.java:2039)
        at java.util.concurrent.LinkedBlockingQueue.take(LinkedBlockingQueue.java:442)
        at java.util.concurrent.ThreadPoolExecutor.getTask(ThreadPoolExecutor.java:1074)
        at java.util.concurrent.ThreadPoolExecutor.runWorker(ThreadPoolExecutor.java:1134)
        at java.util.concurrent.ThreadPoolExecutor$Worker.run(ThreadPoolExecutor.java:624)
        at java.lang.Thread.run(Thread.java:750)
"qtp1575475030-2559-acceptor-0@3fd3c283-ServerConnector@1ccf378d{HTTP/1.1, (http/1.1)}{0.0.0.0:15185}" daemon prio=3 tid=2559 runnable
java.lang.Thread.State: RUNNABLE
        at sun.nio.ch.ServerSocketChannelImpl.accept0(Native Method)
        at sun.nio.ch.ServerSocketChannelImpl.accept(ServerSocketChannelImpl.java:421)
        at sun.nio.ch.ServerSocketChannelImpl.accept(ServerSocketChannelImpl.java:249)
        at org.eclipse.jetty.server.ServerConnector.accept(ServerConnector.java:388)
        at org.eclipse.jetty.server.AbstractConnector$Acceptor.run(AbstractConnector.java:704)
        at org.eclipse.jetty.util.thread.QueuedThreadPool.runJob(QueuedThreadPool.java:883)
        at org.eclipse.jetty.util.thread.QueuedThreadPool$Runner.run(QueuedThreadPool.java:1034)
        at java.lang.Thread.run(Thread.java:750)
"FullTableCache Cleanup Thread - 0" daemon prio=5 tid=1245 in Object.wait()
java.lang.Thread.State: WAITING (on object monitor)
        at sun.misc.Unsafe.park(Native Method)
        at java.util.concurrent.locks.LockSupport.park(LockSupport.java:175)
        at java.util.concurrent.locks.AbstractQueuedSynchronizer$ConditionObject.await(AbstractQueuedSynchronizer.java:2039)
        at java.util.concurrent.LinkedBlockingQueue.take(LinkedBlockingQueue.java:442)
        at java.util.concurrent.ThreadPoolExecutor.getTask(ThreadPoolExecutor.java:1074)
        at java.util.concurrent.ThreadPoolExecutor.runWorker(ThreadPoolExecutor.java:1134)
        at java.util.concurrent.ThreadPoolExecutor$Worker.run(ThreadPoolExecutor.java:624)
        at java.lang.Thread.run(Thread.java:750)
"9a8ecc75-319b-47a2-9433-72c1cc276f25@group-466CBA6666DA-StateMachineUpdater" daemon prio=5 tid=2691 timed_waiting
java.lang.Thread.State: TIMED_WAITING
        at sun.misc.Unsafe.park(Native Method)
        at java.util.concurrent.locks.LockSupport.parkNanos(LockSupport.java:215)
        at java.util.concurrent.locks.AbstractQueuedSynchronizer$ConditionObject.await(AbstractQueuedSynchronizer.java:2163)
        at org.apache.ratis.util.AwaitForSignal.await(AwaitForSignal.java:62)
        at org.apache.ratis.server.impl.StateMachineUpdater.waitForCommit(StateMachineUpdater.java:209)
        at org.apache.ratis.server.impl.StateMachineUpdater.run(StateMachineUpdater.java:178)
        at java.lang.Thread.run(Thread.java:750)
"qtp192765851-2376" daemon prio=5 tid=2376 timed_waiting
java.lang.Thread.State: TIMED_WAITING
        at sun.misc.Unsafe.park(Native Method)
        at java.util.concurrent.locks.LockSupport.parkNanos(LockSupport.java:215)
        at java.util.concurrent.locks.AbstractQueuedSynchronizer$ConditionObject.awaitNanos(AbstractQueuedSynchronizer.java:2078)
        at org.eclipse.jetty.util.BlockingArrayQueue.poll(BlockingArrayQueue.java:382)
        at org.eclipse.jetty.util.thread.QueuedThreadPool$Runner.idleJobPoll(QueuedThreadPool.java:974)
        at org.eclipse.jetty.util.thread.QueuedThreadPool$Runner.run(QueuedThreadPool.java:1018)
        at java.lang.Thread.run(Thread.java:750)
"IPC Server handler 11 on default port 15145" daemon prio=5 tid=2339 timed_waiting
java.lang.Thread.State: TIMED_WAITING
        at sun.misc.Unsafe.park(Native Method)
        at java.util.concurrent.locks.LockSupport.parkNanos(LockSupport.java:215)
        at java.util.concurrent.locks.AbstractQueuedSynchronizer$ConditionObject.awaitNanos(AbstractQueuedSynchronizer.java:2078)
        at java.util.concurrent.LinkedBlockingQueue.poll(LinkedBlockingQueue.java:467)
        at org.apache.hadoop.ipc.CallQueueManager.take(CallQueueManager.java:317)
        at org.apache.hadoop.ipc.Server$Handler.run(Server.java:2992)
"IPC Server handler 11 on default port 15148" daemon prio=5 tid=2429 timed_waiting
java.lang.Thread.State: TIMED_WAITING
        at sun.misc.Unsafe.park(Native Method)
        at java.util.concurrent.locks.LockSupport.parkNanos(LockSupport.java:215)
        at java.util.concurrent.locks.AbstractQueuedSynchronizer$ConditionObject.awaitNanos(AbstractQueuedSynchronizer.java:2078)
        at java.util.concurrent.LinkedBlockingQueue.poll(LinkedBlockingQueue.java:467)
        at org.apache.hadoop.ipc.CallQueueManager.take(CallQueueManager.java:317)
        at org.apache.hadoop.ipc.Server$Handler.run(Server.java:2992)
"Socket Reader #1 for port 15148" daemon prio=5 tid=2393 runnable
java.lang.Thread.State: RUNNABLE
        at sun.nio.ch.EPollArrayWrapper.epollWait(Native Method)
        at sun.nio.ch.EPollArrayWrapper.poll(EPollArrayWrapper.java:269)
        at sun.nio.ch.EPollSelectorImpl.doSelect(EPollSelectorImpl.java:93)
        at sun.nio.ch.SelectorImpl.lockAndDoSelect(SelectorImpl.java:86)
        at sun.nio.ch.SelectorImpl.select(SelectorImpl.java:97)
        at sun.nio.ch.SelectorImpl.select(SelectorImpl.java:101)
        at org.apache.hadoop.ipc.Server$Listener$Reader.doRunLoop(Server.java:1342)
        at org.apache.hadoop.ipc.Server$Listener$Reader.run(Server.java:1321)
"qtp1403968272-2480" daemon prio=5 tid=2480 timed_waiting
java.lang.Thread.State: TIMED_WAITING
        at sun.misc.Unsafe.park(Native Method)
        at java.util.concurrent.locks.LockSupport.parkNanos(LockSupport.java:215)
        at java.util.concurrent.locks.AbstractQueuedSynchronizer$ConditionObject.awaitNanos(AbstractQueuedSynchronizer.java:2078)
        at org.eclipse.jetty.util.BlockingArrayQueue.poll(BlockingArrayQueue.java:382)
        at org.eclipse.jetty.util.thread.QueuedThreadPool$Runner.idleJobPoll(QueuedThreadPool.java:974)
        at org.eclipse.jetty.util.thread.QueuedThreadPool$Runner.run(QueuedThreadPool.java:1018)
        at java.lang.Thread.run(Thread.java:750)
"PartialTableCache Cleanup Thread - 0" daemon prio=5 tid=1270 in Object.wait()
java.lang.Thread.State: WAITING (on object monitor)
        at sun.misc.Unsafe.park(Native Method)
        at java.util.concurrent.locks.LockSupport.park(LockSupport.java:175)
        at java.util.concurrent.locks.AbstractQueuedSynchronizer$ConditionObject.await(AbstractQueuedSynchronizer.java:2039)
        at java.util.concurrent.LinkedBlockingQueue.take(LinkedBlockingQueue.java:442)
        at java.util.concurrent.ThreadPoolExecutor.getTask(ThreadPoolExecutor.java:1074)
        at java.util.concurrent.ThreadPoolExecutor.runWorker(ThreadPoolExecutor.java:1134)
        at java.util.concurrent.ThreadPoolExecutor$Worker.run(ThreadPoolExecutor.java:624)
        at java.lang.Thread.run(Thread.java:750)
"qtp2091380053-2410-acceptor-0@78777c91-ServerConnector@6122af02{HTTP/1.1, (http/1.1)}{0.0.0.0:15149}" daemon prio=3 tid=2410 runnable
java.lang.Thread.State: RUNNABLE
        at sun.nio.ch.ServerSocketChannelImpl.accept0(Native Method)
        at sun.nio.ch.ServerSocketChannelImpl.accept(ServerSocketChannelImpl.java:421)
        at sun.nio.ch.ServerSocketChannelImpl.accept(ServerSocketChannelImpl.java:249)
        at org.eclipse.jetty.server.ServerConnector.accept(ServerConnector.java:388)
        at org.eclipse.jetty.server.AbstractConnector$Acceptor.run(AbstractConnector.java:704)
        at org.eclipse.jetty.util.thread.QueuedThreadPool.runJob(QueuedThreadPool.java:883)
        at org.eclipse.jetty.util.thread.QueuedThreadPool$Runner.run(QueuedThreadPool.java:1034)
        at java.lang.Thread.run(Thread.java:750)
"3cc5c5e2-96d2-4640-9ca3-0d98a4ccb12e@group-75A4F657E23F-LeaderStateImpl" daemon prio=5 tid=2766 timed_waiting
java.lang.Thread.State: TIMED_WAITING
        at sun.misc.Unsafe.park(Native Method)
        at java.util.concurrent.locks.LockSupport.parkNanos(LockSupport.java:215)
        at java.util.concurrent.locks.AbstractQueuedSynchronizer$ConditionObject.awaitNanos(AbstractQueuedSynchronizer.java:2078)
        at java.util.concurrent.ArrayBlockingQueue.poll(ArrayBlockingQueue.java:418)
        at org.apache.ratis.server.impl.LeaderStateImpl$EventQueue.poll(LeaderStateImpl.java:164)
        at org.apache.ratis.server.impl.LeaderStateImpl$EventProcessor.run(LeaderStateImpl.java:702)
"qtp211654403-2538" daemon prio=5 tid=2538 timed_waiting
java.lang.Thread.State: TIMED_WAITING
        at sun.misc.Unsafe.park(Native Method)
        at java.util.concurrent.locks.LockSupport.parkNanos(LockSupport.java:215)
        at java.util.concurrent.locks.AbstractQueuedSynchronizer$ConditionObject.awaitNanos(AbstractQueuedSynchronizer.java:2078)
        at org.eclipse.jetty.util.BlockingArrayQueue.poll(BlockingArrayQueue.java:382)
        at org.eclipse.jetty.util.thread.QueuedThreadPool$Runner.idleJobPoll(QueuedThreadPool.java:974)
        at org.eclipse.jetty.util.thread.QueuedThreadPool$Runner.run(QueuedThreadPool.java:1018)
        at java.lang.Thread.run(Thread.java:750)
"EventQueue-DatanodeCommandQueueUpdatedForDatanodeCommandCountUpdatedHandler" daemon prio=5 tid=2644 in Object.wait()
java.lang.Thread.State: WAITING (on object monitor)
        at sun.misc.Unsafe.park(Native Method)
        at java.util.concurrent.locks.LockSupport.park(LockSupport.java:175)
        at java.util.concurrent.locks.AbstractQueuedSynchronizer$ConditionObject.await(AbstractQueuedSynchronizer.java:2039)
        at java.util.concurrent.LinkedBlockingQueue.take(LinkedBlockingQueue.java:442)
        at java.util.concurrent.ThreadPoolExecutor.getTask(ThreadPoolExecutor.java:1074)
        at java.util.concurrent.ThreadPoolExecutor.runWorker(ThreadPoolExecutor.java:1134)
        at java.util.concurrent.ThreadPoolExecutor$Worker.run(ThreadPoolExecutor.java:624)
        at java.lang.Thread.run(Thread.java:750)
"ChunkWriter-3-0" daemon prio=5 tid=2619 in Object.wait()
java.lang.Thread.State: WAITING (on object monitor)
        at sun.misc.Unsafe.park(Native Method)
        at java.util.concurrent.locks.LockSupport.park(LockSupport.java:175)
        at java.util.concurrent.locks.AbstractQueuedSynchronizer$ConditionObject.await(AbstractQueuedSynchronizer.java:2039)
        at java.util.concurrent.LinkedBlockingDeque.takeFirst(LinkedBlockingDeque.java:492)
        at java.util.concurrent.LinkedBlockingDeque.take(LinkedBlockingDeque.java:680)
        at java.util.concurrent.ThreadPoolExecutor.getTask(ThreadPoolExecutor.java:1074)
        at java.util.concurrent.ThreadPoolExecutor.runWorker(ThreadPoolExecutor.java:1134)
        at java.util.concurrent.ThreadPoolExecutor$Worker.run(ThreadPoolExecutor.java:624)
        at java.lang.Thread.run(Thread.java:750)
"ChunkWriter-0-0" daemon prio=5 tid=2592 in Object.wait()
java.lang.Thread.State: WAITING (on object monitor)
        at sun.misc.Unsafe.park(Native Method)
        at java.util.concurrent.locks.LockSupport.park(LockSupport.java:175)
        at java.util.concurrent.locks.AbstractQueuedSynchronizer$ConditionObject.await(AbstractQueuedSynchronizer.java:2039)
        at java.util.concurrent.LinkedBlockingDeque.takeFirst(LinkedBlockingDeque.java:492)
        at java.util.concurrent.LinkedBlockingDeque.take(LinkedBlockingDeque.java:680)
        at java.util.concurrent.ThreadPoolExecutor.getTask(ThreadPoolExecutor.java:1074)
        at java.util.concurrent.ThreadPoolExecutor.runWorker(ThreadPoolExecutor.java:1134)
        at java.util.concurrent.ThreadPoolExecutor$Worker.run(ThreadPoolExecutor.java:624)
        at java.lang.Thread.run(Thread.java:750)
"IPC Server handler 12 on default port 15144" daemon prio=5 tid=2320 timed_waiting
java.lang.Thread.State: TIMED_WAITING
        at sun.misc.Unsafe.park(Native Method)
        at java.util.concurrent.locks.LockSupport.parkNanos(LockSupport.java:215)
        at java.util.concurrent.locks.AbstractQueuedSynchronizer$ConditionObject.awaitNanos(AbstractQueuedSynchronizer.java:2078)
        at java.util.concurrent.LinkedBlockingQueue.poll(LinkedBlockingQueue.java:467)
        at org.apache.hadoop.ipc.CallQueueManager.take(CallQueueManager.java:317)
        at org.apache.hadoop.ipc.Server$Handler.run(Server.java:2992)
"pool-708-thread-1" daemon prio=5 tid=2469 timed_waiting
java.lang.Thread.State: TIMED_WAITING
        at sun.misc.Unsafe.park(Native Method)
        at java.util.concurrent.locks.LockSupport.parkNanos(LockSupport.java:215)
        at java.util.concurrent.locks.AbstractQueuedSynchronizer$ConditionObject.awaitNanos(AbstractQueuedSynchronizer.java:2078)
        at java.util.concurrent.ScheduledThreadPoolExecutor$DelayedWorkQueue.take(ScheduledThreadPoolExecutor.java:1093)
        at java.util.concurrent.ScheduledThreadPoolExecutor$DelayedWorkQueue.take(ScheduledThreadPoolExecutor.java:809)
        at java.util.concurrent.ThreadPoolExecutor.getTask(ThreadPoolExecutor.java:1074)
        at java.util.concurrent.ThreadPoolExecutor.runWorker(ThreadPoolExecutor.java:1134)
        at java.util.concurrent.ThreadPoolExecutor$Worker.run(ThreadPoolExecutor.java:624)
        at java.lang.Thread.run(Thread.java:750)
"BlockDeletingService#0" daemon prio=5 tid=2598 timed_waiting
java.lang.Thread.State: TIMED_WAITING
        at sun.misc.Unsafe.park(Native Method)
        at java.util.concurrent.locks.LockSupport.parkNanos(LockSupport.java:215)
        at java.util.concurrent.locks.AbstractQueuedSynchronizer$ConditionObject.awaitNanos(AbstractQueuedSynchronizer.java:2078)
        at java.util.concurrent.ScheduledThreadPoolExecutor$DelayedWorkQueue.take(ScheduledThreadPoolExecutor.java:1093)
        at java.util.concurrent.ScheduledThreadPoolExecutor$DelayedWorkQueue.take(ScheduledThreadPoolExecutor.java:809)
        at java.util.concurrent.ThreadPoolExecutor.getTask(ThreadPoolExecutor.java:1074)
        at java.util.concurrent.ThreadPoolExecutor.runWorker(ThreadPoolExecutor.java:1134)
        at java.util.concurrent.ThreadPoolExecutor$Worker.run(ThreadPoolExecutor.java:624)
        at java.lang.Thread.run(Thread.java:750)
"qtp2091380053-2415" daemon prio=5 tid=2415 timed_waiting
java.lang.Thread.State: TIMED_WAITING
        at sun.misc.Unsafe.park(Native Method)
        at java.util.concurrent.locks.LockSupport.parkNanos(LockSupport.java:215)
        at java.util.concurrent.locks.AbstractQueuedSynchronizer$ConditionObject.awaitNanos(AbstractQueuedSynchronizer.java:2078)
        at org.eclipse.jetty.util.BlockingArrayQueue.poll(BlockingArrayQueue.java:382)
        at org.eclipse.jetty.util.thread.QueuedThreadPool$Runner.idleJobPoll(QueuedThreadPool.java:974)
        at org.eclipse.jetty.util.thread.QueuedThreadPool$Runner.run(QueuedThreadPool.java:1018)
        at java.lang.Thread.run(Thread.java:750)
"FullTableCache Cleanup Thread - 0" daemon prio=5 tid=2738 in Object.wait()
java.lang.Thread.State: WAITING (on object monitor)
        at sun.misc.Unsafe.park(Native Method)
        at java.util.concurrent.locks.LockSupport.park(LockSupport.java:175)
        at java.util.concurrent.locks.AbstractQueuedSynchronizer$ConditionObject.await(AbstractQueuedSynchronizer.java:2039)
        at java.util.concurrent.LinkedBlockingQueue.take(LinkedBlockingQueue.java:442)
        at java.util.concurrent.ThreadPoolExecutor.getTask(ThreadPoolExecutor.java:1074)
        at java.util.concurrent.ThreadPoolExecutor.runWorker(ThreadPoolExecutor.java:1134)
        at java.util.concurrent.ThreadPoolExecutor$Worker.run(ThreadPoolExecutor.java:624)
        at java.lang.Thread.run(Thread.java:750)
"Datanode ReportManager Thread - 4" daemon prio=5 tid=2489 in Object.wait()
java.lang.Thread.State: WAITING (on object monitor)
        at sun.misc.Unsafe.park(Native Method)
        at java.util.concurrent.locks.LockSupport.park(LockSupport.java:175)
        at java.util.concurrent.locks.AbstractQueuedSynchronizer$ConditionObject.await(AbstractQueuedSynchronizer.java:2039)
        at java.util.concurrent.ScheduledThreadPoolExecutor$DelayedWorkQueue.take(ScheduledThreadPoolExecutor.java:1088)
        at java.util.concurrent.ScheduledThreadPoolExecutor$DelayedWorkQueue.take(ScheduledThreadPoolExecutor.java:809)
        at java.util.concurrent.ThreadPoolExecutor.getTask(ThreadPoolExecutor.java:1074)
        at java.util.concurrent.ThreadPoolExecutor.runWorker(ThreadPoolExecutor.java:1134)
        at java.util.concurrent.ThreadPoolExecutor$Worker.run(ThreadPoolExecutor.java:624)
        at java.lang.Thread.run(Thread.java:750)
"qtp178651313-2504" daemon prio=5 tid=2504 timed_waiting
java.lang.Thread.State: TIMED_WAITING
        at sun.misc.Unsafe.park(Native Method)
        at java.util.concurrent.locks.LockSupport.parkNanos(LockSupport.java:215)
        at java.util.concurrent.locks.AbstractQueuedSynchronizer$ConditionObject.awaitNanos(AbstractQueuedSynchronizer.java:2078)
        at org.eclipse.jetty.util.BlockingArrayQueue.poll(BlockingArrayQueue.java:382)
        at org.eclipse.jetty.util.thread.QueuedThreadPool$Runner.idleJobPoll(QueuedThreadPool.java:974)
        at org.eclipse.jetty.util.thread.QueuedThreadPool$Runner.run(QueuedThreadPool.java:1018)
        at java.lang.Thread.run(Thread.java:750)
"OMDoubleBufferFlushThread" daemon prio=5 tid=2387 timed_waiting
java.lang.Thread.State: TIMED_WAITING
        at java.lang.Object.wait(Native Method)
        at org.apache.hadoop.ozone.om.ratis.OzoneManagerDoubleBuffer.canFlush(OzoneManagerDoubleBuffer.java:637)
        at org.apache.hadoop.ozone.om.ratis.OzoneManagerDoubleBuffer.flushTransactions(OzoneManagerDoubleBuffer.java:276)
        at org.apache.hadoop.ozone.om.ratis.OzoneManagerDoubleBuffer$$Lambda$496/956551455.run(Unknown Source)
        at java.lang.Thread.run(Thread.java:750)
"Session-HouseKeeper-77da864-1"  prio=5 tid=2566 timed_waiting
java.lang.Thread.State: TIMED_WAITING
        at sun.misc.Unsafe.park(Native Method)
        at java.util.concurrent.locks.LockSupport.parkNanos(LockSupport.java:215)
        at java.util.concurrent.locks.AbstractQueuedSynchronizer$ConditionObject.awaitNanos(AbstractQueuedSynchronizer.java:2078)
        at java.util.concurrent.ScheduledThreadPoolExecutor$DelayedWorkQueue.take(ScheduledThreadPoolExecutor.java:1093)
        at java.util.concurrent.ScheduledThreadPoolExecutor$DelayedWorkQueue.take(ScheduledThreadPoolExecutor.java:809)
        at java.util.concurrent.ThreadPoolExecutor.getTask(ThreadPoolExecutor.java:1074)
        at java.util.concurrent.ThreadPoolExecutor.runWorker(ThreadPoolExecutor.java:1134)
        at java.util.concurrent.ThreadPoolExecutor$Worker.run(ThreadPoolExecutor.java:624)
        at java.lang.Thread.run(Thread.java:750)
"pool-767-thread-1"  prio=5 tid=2530 timed_waiting
java.lang.Thread.State: TIMED_WAITING
        at sun.misc.Unsafe.park(Native Method)
        at java.util.concurrent.locks.LockSupport.parkNanos(LockSupport.java:215)
        at java.util.concurrent.locks.AbstractQueuedSynchronizer$ConditionObject.awaitNanos(AbstractQueuedSynchronizer.java:2078)
        at java.util.concurrent.ScheduledThreadPoolExecutor$DelayedWorkQueue.take(ScheduledThreadPoolExecutor.java:1093)
        at java.util.concurrent.ScheduledThreadPoolExecutor$DelayedWorkQueue.take(ScheduledThreadPoolExecutor.java:809)
        at java.util.concurrent.ThreadPoolExecutor.getTask(ThreadPoolExecutor.java:1074)
        at java.util.concurrent.ThreadPoolExecutor.runWorker(ThreadPoolExecutor.java:1134)
        at java.util.concurrent.ThreadPoolExecutor$Worker.run(ThreadPoolExecutor.java:624)
        at java.lang.Thread.run(Thread.java:750)
"IPC Server handler 3 on default port 15146" daemon prio=5 tid=2351 timed_waiting
java.lang.Thread.State: TIMED_WAITING
        at sun.misc.Unsafe.park(Native Method)
        at java.util.concurrent.locks.LockSupport.parkNanos(LockSupport.java:215)
        at java.util.concurrent.locks.AbstractQueuedSynchronizer$ConditionObject.awaitNanos(AbstractQueuedSynchronizer.java:2078)
        at java.util.concurrent.LinkedBlockingQueue.poll(LinkedBlockingQueue.java:467)
        at org.apache.hadoop.ipc.CallQueueManager.take(CallQueueManager.java:317)
        at org.apache.hadoop.ipc.Server$Handler.run(Server.java:2992)
"9a8ecc75-319b-47a2-9433-72c1cc276f25-NettyServerStreamRpc-bossGroup--thread1" daemon prio=5 tid=2471 runnable
java.lang.Thread.State: RUNNABLE
        at sun.nio.ch.EPollArrayWrapper.epollWait(Native Method)
        at sun.nio.ch.EPollArrayWrapper.poll(EPollArrayWrapper.java:269)
        at sun.nio.ch.EPollSelectorImpl.doSelect(EPollSelectorImpl.java:93)
        at sun.nio.ch.SelectorImpl.lockAndDoSelect(SelectorImpl.java:86)
        at sun.nio.ch.SelectorImpl.select(SelectorImpl.java:97)
        at sun.nio.ch.SelectorImpl.select(SelectorImpl.java:101)
        at org.apache.ratis.thirdparty.io.netty.channel.nio.SelectedSelectionKeySetSelector.select(SelectedSelectionKeySetSelector.java:68)
        at org.apache.ratis.thirdparty.io.netty.channel.nio.NioEventLoop.select(NioEventLoop.java:879)
        at org.apache.ratis.thirdparty.io.netty.channel.nio.NioEventLoop.run(NioEventLoop.java:526)
        at org.apache.ratis.thirdparty.io.netty.util.concurrent.SingleThreadEventExecutor$4.run(SingleThreadEventExecutor.java:997)
        at org.apache.ratis.thirdparty.io.netty.util.internal.ThreadExecutorMap$2.run(ThreadExecutorMap.java:74)
        at java.lang.Thread.run(Thread.java:750)
"PartialTableCache Cleanup Thread - 0" daemon prio=5 tid=517 in Object.wait()
java.lang.Thread.State: WAITING (on object monitor)
        at sun.misc.Unsafe.park(Native Method)
        at java.util.concurrent.locks.LockSupport.park(LockSupport.java:175)
        at java.util.concurrent.locks.AbstractQueuedSynchronizer$ConditionObject.await(AbstractQueuedSynchronizer.java:2039)
        at java.util.concurrent.LinkedBlockingQueue.take(LinkedBlockingQueue.java:442)
        at java.util.concurrent.ThreadPoolExecutor.getTask(ThreadPoolExecutor.java:1074)
        at java.util.concurrent.ThreadPoolExecutor.runWorker(ThreadPoolExecutor.java:1134)
        at java.util.concurrent.ThreadPoolExecutor$Worker.run(ThreadPoolExecutor.java:624)
        at java.lang.Thread.run(Thread.java:750)
"b898f15d-4860-47c9-8591-05c5a169db6c-groupManagement" daemon prio=5 tid=2664 in Object.wait()
java.lang.Thread.State: WAITING (on object monitor)
        at sun.misc.Unsafe.park(Native Method)
        at java.util.concurrent.locks.LockSupport.park(LockSupport.java:175)
        at java.util.concurrent.locks.AbstractQueuedSynchronizer$ConditionObject.await(AbstractQueuedSynchronizer.java:2039)
        at java.util.concurrent.LinkedBlockingQueue.take(LinkedBlockingQueue.java:442)
        at java.util.concurrent.ThreadPoolExecutor.getTask(ThreadPoolExecutor.java:1074)
        at java.util.concurrent.ThreadPoolExecutor.runWorker(ThreadPoolExecutor.java:1134)
        at java.util.concurrent.ThreadPoolExecutor$Worker.run(ThreadPoolExecutor.java:624)
        at java.lang.Thread.run(Thread.java:750)
"IPC Server handler 18 on default port 15148" daemon prio=5 tid=2436 timed_waiting
java.lang.Thread.State: TIMED_WAITING
        at sun.misc.Unsafe.park(Native Method)
        at java.util.concurrent.locks.LockSupport.parkNanos(LockSupport.java:215)
        at java.util.concurrent.locks.AbstractQueuedSynchronizer$ConditionObject.awaitNanos(AbstractQueuedSynchronizer.java:2078)
        at java.util.concurrent.LinkedBlockingQueue.poll(LinkedBlockingQueue.java:467)
        at org.apache.hadoop.ipc.CallQueueManager.take(CallQueueManager.java:317)
        at org.apache.hadoop.ipc.Server$Handler.run(Server.java:2992)
"Datanode ReportManager Thread - 0" daemon prio=5 tid=2568 in Object.wait()
java.lang.Thread.State: WAITING (on object monitor)
        at sun.misc.Unsafe.park(Native Method)
        at java.util.concurrent.locks.LockSupport.park(LockSupport.java:175)
        at java.util.concurrent.locks.AbstractQueuedSynchronizer$ConditionObject.await(AbstractQueuedSynchronizer.java:2039)
        at java.util.concurrent.ScheduledThreadPoolExecutor$DelayedWorkQueue.take(ScheduledThreadPoolExecutor.java:1088)
        at java.util.concurrent.ScheduledThreadPoolExecutor$DelayedWorkQueue.take(ScheduledThreadPoolExecutor.java:809)
        at java.util.concurrent.ThreadPoolExecutor.getTask(ThreadPoolExecutor.java:1074)
        at java.util.concurrent.ThreadPoolExecutor.runWorker(ThreadPoolExecutor.java:1134)
        at java.util.concurrent.ThreadPoolExecutor$Worker.run(ThreadPoolExecutor.java:624)
        at java.lang.Thread.run(Thread.java:750)
"EventQueue-StaleNodeForStaleNodeHandler" daemon prio=5 tid=2827 in Object.wait()
java.lang.Thread.State: WAITING (on object monitor)
        at sun.misc.Unsafe.park(Native Method)
        at java.util.concurrent.locks.LockSupport.park(LockSupport.java:175)
        at java.util.concurrent.locks.AbstractQueuedSynchronizer$ConditionObject.await(AbstractQueuedSynchronizer.java:2039)
        at java.util.concurrent.LinkedBlockingQueue.take(LinkedBlockingQueue.java:442)
        at java.util.concurrent.ThreadPoolExecutor.getTask(ThreadPoolExecutor.java:1074)
        at java.util.concurrent.ThreadPoolExecutor.runWorker(ThreadPoolExecutor.java:1134)
        at java.util.concurrent.ThreadPoolExecutor$Worker.run(ThreadPoolExecutor.java:624)
        at java.lang.Thread.run(Thread.java:750)
"EndpointStateMachine task thread for /0.0.0.0:15146 - 0 "  prio=5 tid=2615 in Object.wait()
java.lang.Thread.State: WAITING (on object monitor)
        at sun.misc.Unsafe.park(Native Method)
        at java.util.concurrent.locks.LockSupport.park(LockSupport.java:175)
        at java.util.concurrent.locks.AbstractQueuedSynchronizer$ConditionObject.await(AbstractQueuedSynchronizer.java:2039)
        at java.util.concurrent.LinkedBlockingQueue.take(LinkedBlockingQueue.java:442)
        at java.util.concurrent.ThreadPoolExecutor.getTask(ThreadPoolExecutor.java:1074)
        at java.util.concurrent.ThreadPoolExecutor.runWorker(ThreadPoolExecutor.java:1134)
        at java.util.concurrent.ThreadPoolExecutor$Worker.run(ThreadPoolExecutor.java:624)
        at java.lang.Thread.run(Thread.java:750)
"pool-789-thread-1"  prio=5 tid=2557 timed_waiting
java.lang.Thread.State: TIMED_WAITING
        at sun.misc.Unsafe.park(Native Method)
        at java.util.concurrent.locks.LockSupport.parkNanos(LockSupport.java:215)
        at java.util.concurrent.locks.AbstractQueuedSynchronizer$ConditionObject.awaitNanos(AbstractQueuedSynchronizer.java:2078)
        at java.util.concurrent.ScheduledThreadPoolExecutor$DelayedWorkQueue.take(ScheduledThreadPoolExecutor.java:1093)
        at java.util.concurrent.ScheduledThreadPoolExecutor$DelayedWorkQueue.take(ScheduledThreadPoolExecutor.java:809)
        at java.util.concurrent.ThreadPoolExecutor.getTask(ThreadPoolExecutor.java:1074)
        at java.util.concurrent.ThreadPoolExecutor.runWorker(ThreadPoolExecutor.java:1134)
        at java.util.concurrent.ThreadPoolExecutor$Worker.run(ThreadPoolExecutor.java:624)
        at java.lang.Thread.run(Thread.java:750)
"Socket Reader #1 for port 15146" daemon prio=5 tid=2282 runnable
java.lang.Thread.State: RUNNABLE
        at sun.nio.ch.EPollArrayWrapper.epollWait(Native Method)
        at sun.nio.ch.EPollArrayWrapper.poll(EPollArrayWrapper.java:269)
        at sun.nio.ch.EPollSelectorImpl.doSelect(EPollSelectorImpl.java:93)
        at sun.nio.ch.SelectorImpl.lockAndDoSelect(SelectorImpl.java:86)
        at sun.nio.ch.SelectorImpl.select(SelectorImpl.java:97)
        at sun.nio.ch.SelectorImpl.select(SelectorImpl.java:101)
        at org.apache.hadoop.ipc.Server$Listener$Reader.doRunLoop(Server.java:1342)
        at org.apache.hadoop.ipc.Server$Listener$Reader.run(Server.java:1321)
"Socket Reader #1 for port 15144" daemon prio=5 tid=2292 runnable
java.lang.Thread.State: RUNNABLE
        at sun.nio.ch.EPollArrayWrapper.epollWait(Native Method)
        at sun.nio.ch.EPollArrayWrapper.poll(EPollArrayWrapper.java:269)
        at sun.nio.ch.EPollSelectorImpl.doSelect(EPollSelectorImpl.java:93)
        at sun.nio.ch.SelectorImpl.lockAndDoSelect(SelectorImpl.java:86)
        at sun.nio.ch.SelectorImpl.select(SelectorImpl.java:97)
        at sun.nio.ch.SelectorImpl.select(SelectorImpl.java:101)
        at org.apache.hadoop.ipc.Server$Listener$Reader.doRunLoop(Server.java:1342)
        at org.apache.hadoop.ipc.Server$Listener$Reader.run(Server.java:1321)
"IPC Server handler 5 on default port 15145" daemon prio=5 tid=2333 timed_waiting
java.lang.Thread.State: TIMED_WAITING
        at sun.misc.Unsafe.park(Native Method)
        at java.util.concurrent.locks.LockSupport.parkNanos(LockSupport.java:215)
        at java.util.concurrent.locks.AbstractQueuedSynchronizer$ConditionObject.awaitNanos(AbstractQueuedSynchronizer.java:2078)
        at java.util.concurrent.LinkedBlockingQueue.poll(LinkedBlockingQueue.java:467)
        at org.apache.hadoop.ipc.CallQueueManager.take(CallQueueManager.java:317)
        at org.apache.hadoop.ipc.Server$Handler.run(Server.java:2992)
"ChunkReader-ELG-0" daemon prio=5 tid=2609 runnable
java.lang.Thread.State: RUNNABLE
        at org.apache.ratis.thirdparty.io.netty.channel.epoll.Native.epollWait(Native Method)
        at org.apache.ratis.thirdparty.io.netty.channel.epoll.Native.epollWait(Native.java:209)
        at org.apache.ratis.thirdparty.io.netty.channel.epoll.Native.epollWait(Native.java:202)
        at org.apache.ratis.thirdparty.io.netty.channel.epoll.EpollEventLoop.epollWaitNoTimerChange(EpollEventLoop.java:306)
        at org.apache.ratis.thirdparty.io.netty.channel.epoll.EpollEventLoop.run(EpollEventLoop.java:363)
        at org.apache.ratis.thirdparty.io.netty.util.concurrent.SingleThreadEventExecutor$4.run(SingleThreadEventExecutor.java:997)
        at org.apache.ratis.thirdparty.io.netty.util.internal.ThreadExecutorMap$2.run(ThreadExecutorMap.java:74)
        at java.lang.Thread.run(Thread.java:750)
"grpc-default-executor-0" daemon prio=5 tid=2654 timed_waiting
java.lang.Thread.State: TIMED_WAITING
        at sun.misc.Unsafe.park(Native Method)
        at java.util.concurrent.locks.LockSupport.parkNanos(LockSupport.java:215)
        at java.util.concurrent.SynchronousQueue$TransferStack.awaitFulfill(SynchronousQueue.java:460)
        at java.util.concurrent.SynchronousQueue$TransferStack.transfer(SynchronousQueue.java:362)
        at java.util.concurrent.SynchronousQueue.poll(SynchronousQueue.java:941)
        at java.util.concurrent.ThreadPoolExecutor.getTask(ThreadPoolExecutor.java:1073)
        at java.util.concurrent.ThreadPoolExecutor.runWorker(ThreadPoolExecutor.java:1134)
        at java.util.concurrent.ThreadPoolExecutor$Worker.run(ThreadPoolExecutor.java:624)
        at java.lang.Thread.run(Thread.java:750)
"IPC Server handler 19 on default port 15144" daemon prio=5 tid=2327 timed_waiting
java.lang.Thread.State: TIMED_WAITING
        at sun.misc.Unsafe.park(Native Method)
        at java.util.concurrent.locks.LockSupport.parkNanos(LockSupport.java:215)
        at java.util.concurrent.locks.AbstractQueuedSynchronizer$ConditionObject.awaitNanos(AbstractQueuedSynchronizer.java:2078)
        at java.util.concurrent.LinkedBlockingQueue.poll(LinkedBlockingQueue.java:467)
        at org.apache.hadoop.ipc.CallQueueManager.take(CallQueueManager.java:317)
        at org.apache.hadoop.ipc.Server$Handler.run(Server.java:2992)
"qtp192765851-2377" daemon prio=5 tid=2377 timed_waiting
java.lang.Thread.State: TIMED_WAITING
        at sun.misc.Unsafe.park(Native Method)
        at java.util.concurrent.locks.LockSupport.parkNanos(LockSupport.java:215)
        at java.util.concurrent.locks.AbstractQueuedSynchronizer$ConditionObject.awaitNanos(AbstractQueuedSynchronizer.java:2078)
        at org.eclipse.jetty.util.BlockingArrayQueue.poll(BlockingArrayQueue.java:382)
        at org.eclipse.jetty.util.thread.QueuedThreadPool$Runner.idleJobPoll(QueuedThreadPool.java:974)
        at org.eclipse.jetty.util.thread.QueuedThreadPool$Runner.run(QueuedThreadPool.java:1018)
        at java.lang.Thread.run(Thread.java:750)
"b898f15d-4860-47c9-8591-05c5a169db6c@group-4FAE459B0B50-SegmentedRaftLogWorker" daemon prio=5 tid=2692 timed_waiting
java.lang.Thread.State: TIMED_WAITING
        at sun.misc.Unsafe.park(Native Method)
        at java.util.concurrent.locks.LockSupport.parkNanos(LockSupport.java:215)
        at java.util.concurrent.locks.AbstractQueuedSynchronizer$ConditionObject.awaitNanos(AbstractQueuedSynchronizer.java:2078)
        at org.apache.ratis.util.DataBlockingQueue.poll(DataBlockingQueue.java:148)
        at org.apache.ratis.server.raftlog.segmented.SegmentedRaftLogWorker.run(SegmentedRaftLogWorker.java:307)
        at org.apache.ratis.server.raftlog.segmented.SegmentedRaftLogWorker$$Lambda$682/1771275001.run(Unknown Source)
        at java.util.concurrent.Executors$RunnableAdapter.call(Executors.java:511)
        at java.util.concurrent.FutureTask.run(FutureTask.java:266)
        at java.util.concurrent.ThreadPoolExecutor.runWorker(ThreadPoolExecutor.java:1149)
        at java.util.concurrent.ThreadPoolExecutor$Worker.run(ThreadPoolExecutor.java:624)
        at java.lang.Thread.run(Thread.java:750)
"ChunkWriter-2-0" daemon prio=5 tid=2594 in Object.wait()
java.lang.Thread.State: WAITING (on object monitor)
        at sun.misc.Unsafe.park(Native Method)
        at java.util.concurrent.locks.LockSupport.park(LockSupport.java:175)
        at java.util.concurrent.locks.AbstractQueuedSynchronizer$ConditionObject.await(AbstractQueuedSynchronizer.java:2039)
        at java.util.concurrent.LinkedBlockingDeque.takeFirst(LinkedBlockingDeque.java:492)
        at java.util.concurrent.LinkedBlockingDeque.take(LinkedBlockingDeque.java:680)
        at java.util.concurrent.ThreadPoolExecutor.getTask(ThreadPoolExecutor.java:1074)
        at java.util.concurrent.ThreadPoolExecutor.runWorker(ThreadPoolExecutor.java:1134)
        at java.util.concurrent.ThreadPoolExecutor$Worker.run(ThreadPoolExecutor.java:624)
        at java.lang.Thread.run(Thread.java:750)
"Datanode State Machine Task Thread - 0"  prio=5 tid=2519 in Object.wait()
java.lang.Thread.State: WAITING (on object monitor)
        at sun.misc.Unsafe.park(Native Method)
        at java.util.concurrent.locks.LockSupport.park(LockSupport.java:175)
        at java.util.concurrent.locks.AbstractQueuedSynchronizer$ConditionObject.await(AbstractQueuedSynchronizer.java:2039)
        at java.util.concurrent.LinkedBlockingQueue.take(LinkedBlockingQueue.java:442)
        at java.util.concurrent.ThreadPoolExecutor.getTask(ThreadPoolExecutor.java:1074)
        at java.util.concurrent.ThreadPoolExecutor.runWorker(ThreadPoolExecutor.java:1134)
        at java.util.concurrent.ThreadPoolExecutor$Worker.run(ThreadPoolExecutor.java:624)
        at java.lang.Thread.run(Thread.java:750)
"Hadoop-Metrics-Updater-0" daemon prio=5 tid=2290 timed_waiting
java.lang.Thread.State: TIMED_WAITING
        at sun.misc.Unsafe.park(Native Method)
        at java.util.concurrent.locks.LockSupport.parkNanos(LockSupport.java:215)
        at java.util.concurrent.locks.AbstractQueuedSynchronizer$ConditionObject.awaitNanos(AbstractQueuedSynchronizer.java:2078)
        at java.util.concurrent.ScheduledThreadPoolExecutor$DelayedWorkQueue.take(ScheduledThreadPoolExecutor.java:1093)
        at java.util.concurrent.ScheduledThreadPoolExecutor$DelayedWorkQueue.take(ScheduledThreadPoolExecutor.java:809)
        at java.util.concurrent.ThreadPoolExecutor.getTask(ThreadPoolExecutor.java:1074)
        at java.util.concurrent.ThreadPoolExecutor.runWorker(ThreadPoolExecutor.java:1134)
        at java.util.concurrent.ThreadPoolExecutor$Worker.run(ThreadPoolExecutor.java:624)
        at java.lang.Thread.run(Thread.java:750)
"StaleRecoveringContainerScrubbingService#1" daemon prio=5 tid=2636 in Object.wait()
java.lang.Thread.State: WAITING (on object monitor)
        at sun.misc.Unsafe.park(Native Method)
        at java.util.concurrent.locks.LockSupport.park(LockSupport.java:175)
        at java.util.concurrent.locks.AbstractQueuedSynchronizer$ConditionObject.await(AbstractQueuedSynchronizer.java:2039)
        at java.util.concurrent.ScheduledThreadPoolExecutor$DelayedWorkQueue.take(ScheduledThreadPoolExecutor.java:1088)
        at java.util.concurrent.ScheduledThreadPoolExecutor$DelayedWorkQueue.take(ScheduledThreadPoolExecutor.java:809)
        at java.util.concurrent.ThreadPoolExecutor.getTask(ThreadPoolExecutor.java:1074)
        at java.util.concurrent.ThreadPoolExecutor.runWorker(ThreadPoolExecutor.java:1134)
        at java.util.concurrent.ThreadPoolExecutor$Worker.run(ThreadPoolExecutor.java:624)
        at java.lang.Thread.run(Thread.java:750)
"IPC Server idle connection scanner for port 15146" daemon prio=5 tid=2283 timed_waiting
java.lang.Thread.State: TIMED_WAITING
        at java.lang.Object.wait(Native Method)
        at java.util.TimerThread.mainLoop(Timer.java:552)
        at java.util.TimerThread.run(Timer.java:505)
"qtp1575475030-2561" daemon prio=5 tid=2561 timed_waiting
java.lang.Thread.State: TIMED_WAITING
        at sun.misc.Unsafe.park(Native Method)
        at java.util.concurrent.locks.LockSupport.parkNanos(LockSupport.java:215)
        at java.util.concurrent.locks.AbstractQueuedSynchronizer$ConditionObject.awaitNanos(AbstractQueuedSynchronizer.java:2078)
        at org.eclipse.jetty.util.BlockingArrayQueue.poll(BlockingArrayQueue.java:382)
        at org.eclipse.jetty.util.thread.QueuedThreadPool$Runner.idleJobPoll(QueuedThreadPool.java:974)
        at org.eclipse.jetty.util.thread.QueuedThreadPool$Runner.run(QueuedThreadPool.java:1018)
        at java.lang.Thread.run(Thread.java:750)
"pool-681-thread-1"  prio=5 tid=2408 timed_waiting
java.lang.Thread.State: TIMED_WAITING
        at sun.misc.Unsafe.park(Native Method)
        at java.util.concurrent.locks.LockSupport.parkNanos(LockSupport.java:215)
        at java.util.concurrent.locks.AbstractQueuedSynchronizer$ConditionObject.awaitNanos(AbstractQueuedSynchronizer.java:2078)
        at java.util.concurrent.ScheduledThreadPoolExecutor$DelayedWorkQueue.take(ScheduledThreadPoolExecutor.java:1093)
        at java.util.concurrent.ScheduledThreadPoolExecutor$DelayedWorkQueue.take(ScheduledThreadPoolExecutor.java:809)
        at java.util.concurrent.ThreadPoolExecutor.getTask(ThreadPoolExecutor.java:1074)
        at java.util.concurrent.ThreadPoolExecutor.runWorker(ThreadPoolExecutor.java:1134)
        at java.util.concurrent.ThreadPoolExecutor$Worker.run(ThreadPoolExecutor.java:624)
        at java.lang.Thread.run(Thread.java:750)
"grpc-default-worker-ELG-9-1" daemon prio=5 tid=2653 runnable
java.lang.Thread.State: RUNNABLE
        at org.apache.ratis.thirdparty.io.netty.channel.epoll.Native.epollWait0(Native Method)
        at org.apache.ratis.thirdparty.io.netty.channel.epoll.Native.epollWait(Native.java:182)
        at org.apache.ratis.thirdparty.io.netty.channel.epoll.EpollEventLoop.epollWait(EpollEventLoop.java:302)
        at org.apache.ratis.thirdparty.io.netty.channel.epoll.EpollEventLoop.run(EpollEventLoop.java:366)
        at org.apache.ratis.thirdparty.io.netty.util.concurrent.SingleThreadEventExecutor$4.run(SingleThreadEventExecutor.java:997)
        at org.apache.ratis.thirdparty.io.netty.util.internal.ThreadExecutorMap$2.run(ThreadExecutorMap.java:74)
        at org.apache.ratis.thirdparty.io.netty.util.concurrent.FastThreadLocalRunnable.run(FastThreadLocalRunnable.java:30)
        at java.lang.Thread.run(Thread.java:750)
"IPC Server handler 15 on default port 15148" daemon prio=5 tid=2433 timed_waiting
java.lang.Thread.State: TIMED_WAITING
        at sun.misc.Unsafe.park(Native Method)
        at java.util.concurrent.locks.LockSupport.parkNanos(LockSupport.java:215)
        at java.util.concurrent.locks.AbstractQueuedSynchronizer$ConditionObject.awaitNanos(AbstractQueuedSynchronizer.java:2078)
        at java.util.concurrent.LinkedBlockingQueue.poll(LinkedBlockingQueue.java:467)
        at org.apache.hadoop.ipc.CallQueueManager.take(CallQueueManager.java:317)
        at org.apache.hadoop.ipc.Server$Handler.run(Server.java:2992)
"DataNode DiskChecker thread 0" daemon prio=5 tid=2522 timed_waiting
java.lang.Thread.State: TIMED_WAITING
        at sun.misc.Unsafe.park(Native Method)
        at java.util.concurrent.locks.LockSupport.parkNanos(LockSupport.java:215)
        at java.util.concurrent.SynchronousQueue$TransferStack.awaitFulfill(SynchronousQueue.java:460)
        at java.util.concurrent.SynchronousQueue$TransferStack.transfer(SynchronousQueue.java:362)
        at java.util.concurrent.SynchronousQueue.poll(SynchronousQueue.java:941)
        at java.util.concurrent.ThreadPoolExecutor.getTask(ThreadPoolExecutor.java:1073)
        at java.util.concurrent.ThreadPoolExecutor.runWorker(ThreadPoolExecutor.java:1134)
        at java.util.concurrent.ThreadPoolExecutor$Worker.run(ThreadPoolExecutor.java:624)
        at java.lang.Thread.run(Thread.java:750)
"org.apache.hadoop.util.JvmPauseMonitor$Monitor@22539b2b" daemon prio=5 tid=2574 timed_waiting
java.lang.Thread.State: TIMED_WAITING
        at java.lang.Thread.sleep(Native Method)
        at org.apache.hadoop.util.JvmPauseMonitor$Monitor.run(JvmPauseMonitor.java:192)
        at java.lang.Thread.run(Thread.java:750)
"qtp1575475030-2558" daemon prio=5 tid=2558 runnable
java.lang.Thread.State: RUNNABLE
        at sun.nio.ch.EPollArrayWrapper.epollWait(Native Method)
        at sun.nio.ch.EPollArrayWrapper.poll(EPollArrayWrapper.java:269)
        at sun.nio.ch.EPollSelectorImpl.doSelect(EPollSelectorImpl.java:93)
        at sun.nio.ch.SelectorImpl.lockAndDoSelect(SelectorImpl.java:86)
        at sun.nio.ch.SelectorImpl.select(SelectorImpl.java:97)
        at sun.nio.ch.SelectorImpl.select(SelectorImpl.java:101)
        at org.eclipse.jetty.io.ManagedSelector.nioSelect(ManagedSelector.java:183)
        at org.eclipse.jetty.io.ManagedSelector.select(ManagedSelector.java:190)
        at org.eclipse.jetty.io.ManagedSelector$SelectorProducer.select(ManagedSelector.java:606)
        at org.eclipse.jetty.io.ManagedSelector$SelectorProducer.produce(ManagedSelector.java:543)
        at org.eclipse.jetty.util.thread.strategy.EatWhatYouKill.produceTask(EatWhatYouKill.java:362)
        at org.eclipse.jetty.util.thread.strategy.EatWhatYouKill.doProduce(EatWhatYouKill.java:186)
        at org.eclipse.jetty.util.thread.strategy.EatWhatYouKill.tryProduce(EatWhatYouKill.java:173)
        at org.eclipse.jetty.util.thread.strategy.EatWhatYouKill.produce(EatWhatYouKill.java:137)
        at org.eclipse.jetty.io.ManagedSelector$$Lambda$405/1186460912.run(Unknown Source)
        at org.eclipse.jetty.util.thread.QueuedThreadPool.runJob(QueuedThreadPool.java:883)
        at org.eclipse.jetty.util.thread.QueuedThreadPool$Runner.run(QueuedThreadPool.java:1034)
        at java.lang.Thread.run(Thread.java:750)
"qtp211654403-2536" daemon prio=5 tid=2536 timed_waiting
java.lang.Thread.State: TIMED_WAITING
        at sun.misc.Unsafe.park(Native Method)
        at java.util.concurrent.locks.LockSupport.parkNanos(LockSupport.java:215)
        at java.util.concurrent.locks.AbstractQueuedSynchronizer$ConditionObject.awaitNanos(AbstractQueuedSynchronizer.java:2078)
        at org.eclipse.jetty.util.BlockingArrayQueue.poll(BlockingArrayQueue.java:382)
        at org.eclipse.jetty.util.thread.QueuedThreadPool$Runner.idleJobPoll(QueuedThreadPool.java:974)
        at org.eclipse.jetty.util.thread.QueuedThreadPool$Runner.run(QueuedThreadPool.java:1018)
        at java.lang.Thread.run(Thread.java:750)
"timer5" daemon prio=5 tid=477 timed_waiting
java.lang.Thread.State: TIMED_WAITING
        at java.lang.Object.wait(Native Method)
        at java.util.TimerThread.mainLoop(Timer.java:552)
        at java.util.TimerThread.run(Timer.java:505)
"3cc5c5e2-96d2-4640-9ca3-0d98a4ccb12e-NettyServerStreamRpc-bossGroup--thread1" daemon prio=5 tid=2554 runnable
java.lang.Thread.State: RUNNABLE
        at sun.nio.ch.EPollArrayWrapper.epollWait(Native Method)
        at sun.nio.ch.EPollArrayWrapper.poll(EPollArrayWrapper.java:269)
        at sun.nio.ch.EPollSelectorImpl.doSelect(EPollSelectorImpl.java:93)
        at sun.nio.ch.SelectorImpl.lockAndDoSelect(SelectorImpl.java:86)
        at sun.nio.ch.SelectorImpl.select(SelectorImpl.java:97)
        at sun.nio.ch.SelectorImpl.select(SelectorImpl.java:101)
        at org.apache.ratis.thirdparty.io.netty.channel.nio.SelectedSelectionKeySetSelector.select(SelectedSelectionKeySetSelector.java:68)
        at org.apache.ratis.thirdparty.io.netty.channel.nio.NioEventLoop.select(NioEventLoop.java:879)
        at org.apache.ratis.thirdparty.io.netty.channel.nio.NioEventLoop.run(NioEventLoop.java:526)
        at org.apache.ratis.thirdparty.io.netty.util.concurrent.SingleThreadEventExecutor$4.run(SingleThreadEventExecutor.java:997)
        at org.apache.ratis.thirdparty.io.netty.util.internal.ThreadExecutorMap$2.run(ThreadExecutorMap.java:74)
        at java.lang.Thread.run(Thread.java:750)
"Datanode ReportManager Thread - 2" daemon prio=5 tid=2514 timed_waiting
java.lang.Thread.State: TIMED_WAITING
        at sun.misc.Unsafe.park(Native Method)
        at java.util.concurrent.locks.LockSupport.parkNanos(LockSupport.java:215)
        at java.util.concurrent.locks.AbstractQueuedSynchronizer$ConditionObject.awaitNanos(AbstractQueuedSynchronizer.java:2078)
        at java.util.concurrent.ScheduledThreadPoolExecutor$DelayedWorkQueue.take(ScheduledThreadPoolExecutor.java:1093)
        at java.util.concurrent.ScheduledThreadPoolExecutor$DelayedWorkQueue.take(ScheduledThreadPoolExecutor.java:809)
        at java.util.concurrent.ThreadPoolExecutor.getTask(ThreadPoolExecutor.java:1074)
        at java.util.concurrent.ThreadPoolExecutor.runWorker(ThreadPoolExecutor.java:1134)
        at java.util.concurrent.ThreadPoolExecutor$Worker.run(ThreadPoolExecutor.java:624)
        at java.lang.Thread.run(Thread.java:750)
"qtp211654403-2532-acceptor-0@77c4ba78-ServerConnector@483d71eb{HTTP/1.1, (http/1.1)}{0.0.0.0:15177}" daemon prio=3 tid=2532 runnable
java.lang.Thread.State: RUNNABLE
        at sun.nio.ch.ServerSocketChannelImpl.accept0(Native Method)
        at sun.nio.ch.ServerSocketChannelImpl.accept(ServerSocketChannelImpl.java:421)
        at sun.nio.ch.ServerSocketChannelImpl.accept(ServerSocketChannelImpl.java:249)
        at org.eclipse.jetty.server.ServerConnector.accept(ServerConnector.java:388)
        at org.eclipse.jetty.server.AbstractConnector$Acceptor.run(AbstractConnector.java:704)
        at org.eclipse.jetty.util.thread.QueuedThreadPool.runJob(QueuedThreadPool.java:883)
        at org.eclipse.jetty.util.thread.QueuedThreadPool$Runner.run(QueuedThreadPool.java:1034)
        at java.lang.Thread.run(Thread.java:750)
"IPC Server listener on 15145" daemon prio=5 tid=2286 runnable
java.lang.Thread.State: RUNNABLE
        at sun.nio.ch.EPollArrayWrapper.epollWait(Native Method)
        at sun.nio.ch.EPollArrayWrapper.poll(EPollArrayWrapper.java:269)
        at sun.nio.ch.EPollSelectorImpl.doSelect(EPollSelectorImpl.java:93)
        at sun.nio.ch.SelectorImpl.lockAndDoSelect(SelectorImpl.java:86)
        at sun.nio.ch.SelectorImpl.select(SelectorImpl.java:97)
        at sun.nio.ch.SelectorImpl.select(SelectorImpl.java:101)
        at org.apache.hadoop.ipc.Server$Listener.run(Server.java:1404)
"grpc-default-boss-ELG-8-1" daemon prio=5 tid=2400 runnable
java.lang.Thread.State: RUNNABLE
        at org.apache.ratis.thirdparty.io.netty.channel.epoll.Native.epollWait(Native Method)
        at org.apache.ratis.thirdparty.io.netty.channel.epoll.Native.epollWait(Native.java:209)
        at org.apache.ratis.thirdparty.io.netty.channel.epoll.Native.epollWait(Native.java:202)
        at org.apache.ratis.thirdparty.io.netty.channel.epoll.EpollEventLoop.epollWaitNoTimerChange(EpollEventLoop.java:306)
        at org.apache.ratis.thirdparty.io.netty.channel.epoll.EpollEventLoop.run(EpollEventLoop.java:363)
        at org.apache.ratis.thirdparty.io.netty.util.concurrent.SingleThreadEventExecutor$4.run(SingleThreadEventExecutor.java:997)
        at org.apache.ratis.thirdparty.io.netty.util.internal.ThreadExecutorMap$2.run(ThreadExecutorMap.java:74)
        at org.apache.ratis.thirdparty.io.netty.util.concurrent.FastThreadLocalRunnable.run(FastThreadLocalRunnable.java:30)
        at java.lang.Thread.run(Thread.java:750)
"PartialTableCache Cleanup Thread - 0" daemon prio=5 tid=2777 in Object.wait()
java.lang.Thread.State: WAITING (on object monitor)
        at sun.misc.Unsafe.park(Native Method)
        at java.util.concurrent.locks.LockSupport.park(LockSupport.java:175)
        at java.util.concurrent.locks.AbstractQueuedSynchronizer$ConditionObject.await(AbstractQueuedSynchronizer.java:2039)
        at java.util.concurrent.LinkedBlockingQueue.take(LinkedBlockingQueue.java:442)
        at java.util.concurrent.ThreadPoolExecutor.getTask(ThreadPoolExecutor.java:1074)
        at java.util.concurrent.ThreadPoolExecutor.runWorker(ThreadPoolExecutor.java:1134)
        at java.util.concurrent.ThreadPoolExecutor$Worker.run(ThreadPoolExecutor.java:624)
        at java.lang.Thread.run(Thread.java:750)
"Command processor thread" daemon prio=5 tid=2546 timed_waiting
java.lang.Thread.State: TIMED_WAITING
        at java.lang.Thread.sleep(Native Method)
        at org.apache.hadoop.ozone.container.common.statemachine.DatanodeStateMachine.lambda$initCommandHandlerThread$3(DatanodeStateMachine.java:656)
        at org.apache.hadoop.ozone.container.common.statemachine.DatanodeStateMachine$$Lambda$788/1429443082.run(Unknown Source)
        at java.lang.Thread.run(Thread.java:750)
"om1-groupManagement" daemon prio=5 tid=2389 in Object.wait()
java.lang.Thread.State: WAITING (on object monitor)
        at sun.misc.Unsafe.park(Native Method)
        at java.util.concurrent.locks.LockSupport.park(LockSupport.java:175)
        at java.util.concurrent.locks.AbstractQueuedSynchronizer$ConditionObject.await(AbstractQueuedSynchronizer.java:2039)
        at java.util.concurrent.LinkedBlockingQueue.take(LinkedBlockingQueue.java:442)
        at java.util.concurrent.ThreadPoolExecutor.getTask(ThreadPoolExecutor.java:1074)
        at java.util.concurrent.ThreadPoolExecutor.runWorker(ThreadPoolExecutor.java:1134)
        at java.util.concurrent.ThreadPoolExecutor$Worker.run(ThreadPoolExecutor.java:624)
        at java.lang.Thread.run(Thread.java:750)
"FullTableCache Cleanup Thread - 0" daemon prio=5 tid=495 in Object.wait()
java.lang.Thread.State: WAITING (on object monitor)
        at sun.misc.Unsafe.park(Native Method)
        at java.util.concurrent.locks.LockSupport.park(LockSupport.java:175)
        at java.util.concurrent.locks.AbstractQueuedSynchronizer$ConditionObject.await(AbstractQueuedSynchronizer.java:2039)
        at java.util.concurrent.LinkedBlockingQueue.take(LinkedBlockingQueue.java:442)
        at java.util.concurrent.ThreadPoolExecutor.getTask(ThreadPoolExecutor.java:1074)
        at java.util.concurrent.ThreadPoolExecutor.runWorker(ThreadPoolExecutor.java:1134)
        at java.util.concurrent.ThreadPoolExecutor$Worker.run(ThreadPoolExecutor.java:624)
        at java.lang.Thread.run(Thread.java:750)
"SnapshotDeletingService#0" daemon prio=5 tid=2407 timed_waiting
java.lang.Thread.State: TIMED_WAITING
        at sun.misc.Unsafe.park(Native Method)
        at java.util.concurrent.locks.LockSupport.parkNanos(LockSupport.java:215)
        at java.util.concurrent.locks.AbstractQueuedSynchronizer$ConditionObject.awaitNanos(AbstractQueuedSynchronizer.java:2078)
        at java.util.concurrent.ScheduledThreadPoolExecutor$DelayedWorkQueue.take(ScheduledThreadPoolExecutor.java:1093)
        at java.util.concurrent.ScheduledThreadPoolExecutor$DelayedWorkQueue.take(ScheduledThreadPoolExecutor.java:809)
        at java.util.concurrent.ThreadPoolExecutor.getTask(ThreadPoolExecutor.java:1074)
        at java.util.concurrent.ThreadPoolExecutor.runWorker(ThreadPoolExecutor.java:1134)
        at java.util.concurrent.ThreadPoolExecutor$Worker.run(ThreadPoolExecutor.java:624)
        at java.lang.Thread.run(Thread.java:750)
"IPC Server handler 13 on default port 15145" daemon prio=5 tid=2341 timed_waiting
java.lang.Thread.State: TIMED_WAITING
        at sun.misc.Unsafe.park(Native Method)
        at java.util.concurrent.locks.LockSupport.parkNanos(LockSupport.java:215)
        at java.util.concurrent.locks.AbstractQueuedSynchronizer$ConditionObject.awaitNanos(AbstractQueuedSynchronizer.java:2078)
        at java.util.concurrent.LinkedBlockingQueue.poll(LinkedBlockingQueue.java:467)
        at org.apache.hadoop.ipc.CallQueueManager.take(CallQueueManager.java:317)
        at org.apache.hadoop.ipc.Server$Handler.run(Server.java:2992)
"IPC Server handler 1 on default port 15146" daemon prio=5 tid=2349 timed_waiting
java.lang.Thread.State: TIMED_WAITING
        at sun.misc.Unsafe.park(Native Method)
        at java.util.concurrent.locks.LockSupport.parkNanos(LockSupport.java:215)
        at java.util.concurrent.locks.AbstractQueuedSynchronizer$ConditionObject.awaitNanos(AbstractQueuedSynchronizer.java:2078)
        at java.util.concurrent.LinkedBlockingQueue.poll(LinkedBlockingQueue.java:467)
        at org.apache.hadoop.ipc.CallQueueManager.take(CallQueueManager.java:317)
        at org.apache.hadoop.ipc.Server$Handler.run(Server.java:2992)
"StaleRecoveringContainerScrubbingService#1" daemon prio=5 tid=2625 in Object.wait()
java.lang.Thread.State: WAITING (on object monitor)
        at sun.misc.Unsafe.park(Native Method)
        at java.util.concurrent.locks.LockSupport.park(LockSupport.java:175)
        at java.util.concurrent.locks.AbstractQueuedSynchronizer$ConditionObject.await(AbstractQueuedSynchronizer.java:2039)
        at java.util.concurrent.ScheduledThreadPoolExecutor$DelayedWorkQueue.take(ScheduledThreadPoolExecutor.java:1088)
        at java.util.concurrent.ScheduledThreadPoolExecutor$DelayedWorkQueue.take(ScheduledThreadPoolExecutor.java:809)
        at java.util.concurrent.ThreadPoolExecutor.getTask(ThreadPoolExecutor.java:1074)
        at java.util.concurrent.ThreadPoolExecutor.runWorker(ThreadPoolExecutor.java:1134)
        at java.util.concurrent.ThreadPoolExecutor$Worker.run(ThreadPoolExecutor.java:624)
        at java.lang.Thread.run(Thread.java:750)
"qtp192765851-2374" daemon prio=5 tid=2374 timed_waiting
java.lang.Thread.State: TIMED_WAITING
        at sun.misc.Unsafe.park(Native Method)
        at java.util.concurrent.locks.LockSupport.parkNanos(LockSupport.java:215)
        at java.util.concurrent.locks.AbstractQueuedSynchronizer$ConditionObject.awaitNanos(AbstractQueuedSynchronizer.java:2078)
        at org.eclipse.jetty.util.BlockingArrayQueue.poll(BlockingArrayQueue.java:382)
        at org.eclipse.jetty.util.thread.QueuedThreadPool$Runner.idleJobPoll(QueuedThreadPool.java:974)
        at org.eclipse.jetty.util.thread.QueuedThreadPool$Runner.run(QueuedThreadPool.java:1018)
        at java.lang.Thread.run(Thread.java:750)
"7156f7e4-fd15-431a-a0da-daed1f966c8d@group-39B6525C880F-LeaderStateImpl" daemon prio=5 tid=2764 timed_waiting
java.lang.Thread.State: TIMED_WAITING
        at sun.misc.Unsafe.park(Native Method)
        at java.util.concurrent.locks.LockSupport.parkNanos(LockSupport.java:215)
        at java.util.concurrent.locks.AbstractQueuedSynchronizer$ConditionObject.awaitNanos(AbstractQueuedSynchronizer.java:2078)
        at java.util.concurrent.ArrayBlockingQueue.poll(ArrayBlockingQueue.java:418)
        at org.apache.ratis.server.impl.LeaderStateImpl$EventQueue.poll(LeaderStateImpl.java:164)
        at org.apache.ratis.server.impl.LeaderStateImpl$EventProcessor.run(LeaderStateImpl.java:702)
"ChunkWriter-1-0" daemon prio=5 tid=2593 in Object.wait()
java.lang.Thread.State: WAITING (on object monitor)
        at sun.misc.Unsafe.park(Native Method)
        at java.util.concurrent.locks.LockSupport.park(LockSupport.java:175)
        at java.util.concurrent.locks.AbstractQueuedSynchronizer$ConditionObject.await(AbstractQueuedSynchronizer.java:2039)
        at java.util.concurrent.LinkedBlockingDeque.takeFirst(LinkedBlockingDeque.java:492)
        at java.util.concurrent.LinkedBlockingDeque.take(LinkedBlockingDeque.java:680)
        at java.util.concurrent.ThreadPoolExecutor.getTask(ThreadPoolExecutor.java:1074)
        at java.util.concurrent.ThreadPoolExecutor.runWorker(ThreadPoolExecutor.java:1134)
        at java.util.concurrent.ThreadPoolExecutor$Worker.run(ThreadPoolExecutor.java:624)
        at java.lang.Thread.run(Thread.java:750)
"IPC Server handler 4 on default port 15145" daemon prio=5 tid=2332 timed_waiting
java.lang.Thread.State: TIMED_WAITING
        at sun.misc.Unsafe.park(Native Method)
        at java.util.concurrent.locks.LockSupport.parkNanos(LockSupport.java:215)
        at java.util.concurrent.locks.AbstractQueuedSynchronizer$ConditionObject.awaitNanos(AbstractQueuedSynchronizer.java:2078)
        at java.util.concurrent.LinkedBlockingQueue.poll(LinkedBlockingQueue.java:467)
        at org.apache.hadoop.ipc.CallQueueManager.take(CallQueueManager.java:317)
        at org.apache.hadoop.ipc.Server$Handler.run(Server.java:2992)
"DatanodeAdminManager-0" daemon prio=5 tid=2280 timed_waiting
java.lang.Thread.State: TIMED_WAITING
        at sun.misc.Unsafe.park(Native Method)
        at java.util.concurrent.locks.LockSupport.parkNanos(LockSupport.java:215)
        at java.util.concurrent.locks.AbstractQueuedSynchronizer$ConditionObject.awaitNanos(AbstractQueuedSynchronizer.java:2078)
        at java.util.concurrent.ScheduledThreadPoolExecutor$DelayedWorkQueue.take(ScheduledThreadPoolExecutor.java:1093)
        at java.util.concurrent.ScheduledThreadPoolExecutor$DelayedWorkQueue.take(ScheduledThreadPoolExecutor.java:809)
        at java.util.concurrent.ThreadPoolExecutor.getTask(ThreadPoolExecutor.java:1074)
        at java.util.concurrent.ThreadPoolExecutor.runWorker(ThreadPoolExecutor.java:1134)
        at java.util.concurrent.ThreadPoolExecutor$Worker.run(ThreadPoolExecutor.java:624)
        at java.lang.Thread.run(Thread.java:750)
"EndpointStateMachine task thread for /0.0.0.0:15146 - 0 "  prio=5 tid=2591 in Object.wait()
java.lang.Thread.State: WAITING (on object monitor)
        at sun.misc.Unsafe.park(Native Method)
        at java.util.concurrent.locks.LockSupport.park(LockSupport.java:175)
        at java.util.concurrent.locks.AbstractQueuedSynchronizer$ConditionObject.await(AbstractQueuedSynchronizer.java:2039)
        at java.util.concurrent.LinkedBlockingQueue.take(LinkedBlockingQueue.java:442)
        at java.util.concurrent.ThreadPoolExecutor.getTask(ThreadPoolExecutor.java:1074)
        at java.util.concurrent.ThreadPoolExecutor.runWorker(ThreadPoolExecutor.java:1134)
        at java.util.concurrent.ThreadPoolExecutor$Worker.run(ThreadPoolExecutor.java:624)
        at java.lang.Thread.run(Thread.java:750)
"main"  prio=5 tid=1 timed_waiting
java.lang.Thread.State: TIMED_WAITING
        at sun.misc.Unsafe.park(Native Method)
        at java.util.concurrent.locks.LockSupport.parkNanos(LockSupport.java:215)
        at java.util.concurrent.FutureTask.awaitDone(FutureTask.java:426)
        at java.util.concurrent.FutureTask.get(FutureTask.java:204)
        at org.junit.internal.runners.statements.FailOnTimeout.getResult(FailOnTimeout.java:156)
        at org.junit.internal.runners.statements.FailOnTimeout.evaluate(FailOnTimeout.java:129)
        at org.junit.runners.ParentRunner$3.evaluate(ParentRunner.java:306)
        at org.junit.runners.BlockJUnit4ClassRunner$1.evaluate(BlockJUnit4ClassRunner.java:100)
        at org.junit.runners.ParentRunner.runLeaf(ParentRunner.java:366)
        at org.junit.runners.BlockJUnit4ClassRunner.runChild(BlockJUnit4ClassRunner.java:103)
        at org.junit.runners.BlockJUnit4ClassRunner.runChild(BlockJUnit4ClassRunner.java:63)
        at org.junit.runners.ParentRunner$4.run(ParentRunner.java:331)
        at org.junit.runners.ParentRunner$1.schedule(ParentRunner.java:79)
        at org.junit.runners.ParentRunner.runChildren(ParentRunner.java:329)
        at org.junit.runners.ParentRunner.access$100(ParentRunner.java:66)
        at org.junit.runners.ParentRunner$2.evaluate(ParentRunner.java:293)
        at org.junit.runners.ParentRunner.run(ParentRunner.java:413)
        at org.junit.runners.Suite.runChild(Suite.java:128)
        at org.junit.runners.Suite.runChild(Suite.java:27)
        at org.junit.runners.ParentRunner$4.run(ParentRunner.java:331)
        at org.junit.runners.ParentRunner$1.schedule(ParentRunner.java:79)
        at org.junit.runners.ParentRunner.runChildren(ParentRunner.java:329)
        at org.junit.runners.ParentRunner.access$100(ParentRunner.java:66)
        at org.junit.runners.ParentRunner$2.evaluate(ParentRunner.java:293)
        at org.junit.runners.ParentRunner$3.evaluate(ParentRunner.java:306)
        at org.junit.runners.ParentRunner.run(ParentRunner.java:413)
        at org.junit.runner.JUnitCore.run(JUnitCore.java:137)
        at org.junit.runner.JUnitCore.run(JUnitCore.java:115)
        at org.junit.vintage.engine.execution.RunnerExecutor.execute(RunnerExecutor.java:42)
        at org.junit.vintage.engine.VintageTestEngine.executeAllChildren(VintageTestEngine.java:80)
        at org.junit.vintage.engine.VintageTestEngine.execute(VintageTestEngine.java:72)
        at org.junit.platform.launcher.core.EngineExecutionOrchestrator.execute(EngineExecutionOrchestrator.java:107)
        at org.junit.platform.launcher.core.EngineExecutionOrchestrator.execute(EngineExecutionOrchestrator.java:88)
        at org.junit.platform.launcher.core.EngineExecutionOrchestrator.lambda$execute$0(EngineExecutionOrchestrator.java:54)
        at org.junit.platform.launcher.core.EngineExecutionOrchestrator$$Lambda$188/1606286799.accept(Unknown Source)
        at org.junit.platform.launcher.core.EngineExecutionOrchestrator.withInterceptedStreams(EngineExecutionOrchestrator.java:67)
        at org.junit.platform.launcher.core.EngineExecutionOrchestrator.execute(EngineExecutionOrchestrator.java:52)
        at org.junit.platform.launcher.core.DefaultLauncher.execute(DefaultLauncher.java:114)
        at org.junit.platform.launcher.core.DefaultLauncher.execute(DefaultLauncher.java:86)
        at org.junit.platform.launcher.core.DefaultLauncherSession$DelegatingLauncher.execute(DefaultLauncherSession.java:86)
        at org.junit.platform.launcher.core.SessionPerRequestLauncher.execute(SessionPerRequestLauncher.java:53)
        at org.apache.maven.surefire.junitplatform.JUnitPlatformProvider.execute(JUnitPlatformProvider.java:188)
        at org.apache.maven.surefire.junitplatform.JUnitPlatformProvider.invokeAllTests(JUnitPlatformProvider.java:154)
        at org.apache.maven.surefire.junitplatform.JUnitPlatformProvider.invoke(JUnitPlatformProvider.java:124)
        at org.apache.maven.surefire.booter.ForkedBooter.runSuitesInProcess(ForkedBooter.java:428)
        at org.apache.maven.surefire.booter.ForkedBooter.execute(ForkedBooter.java:162)
        at org.apache.maven.surefire.booter.ForkedBooter.run(ForkedBooter.java:562)
        at org.apache.maven.surefire.booter.ForkedBooter.main(ForkedBooter.java:548)
"7156f7e4-fd15-431a-a0da-daed1f966c8d-impl-thread1" daemon prio=5 tid=2527 timed_waiting
java.lang.Thread.State: TIMED_WAITING
        at sun.misc.Unsafe.park(Native Method)
        at java.util.concurrent.locks.LockSupport.parkNanos(LockSupport.java:215)
        at java.util.concurrent.SynchronousQueue$TransferStack.awaitFulfill(SynchronousQueue.java:460)
        at java.util.concurrent.SynchronousQueue$TransferStack.transfer(SynchronousQueue.java:362)
        at java.util.concurrent.SynchronousQueue.poll(SynchronousQueue.java:941)
        at java.util.concurrent.ThreadPoolExecutor.getTask(ThreadPoolExecutor.java:1073)
        at java.util.concurrent.ThreadPoolExecutor.runWorker(ThreadPoolExecutor.java:1134)
        at java.util.concurrent.ThreadPoolExecutor$Worker.run(ThreadPoolExecutor.java:624)
        at java.lang.Thread.run(Thread.java:750)
"IPC Server handler 19 on default port 15145" daemon prio=5 tid=2347 timed_waiting
java.lang.Thread.State: TIMED_WAITING
        at sun.misc.Unsafe.park(Native Method)
        at java.util.concurrent.locks.LockSupport.parkNanos(LockSupport.java:215)
        at java.util.concurrent.locks.AbstractQueuedSynchronizer$ConditionObject.awaitNanos(AbstractQueuedSynchronizer.java:2078)
        at java.util.concurrent.LinkedBlockingQueue.poll(LinkedBlockingQueue.java:467)
        at org.apache.hadoop.ipc.CallQueueManager.take(CallQueueManager.java:317)
        at org.apache.hadoop.ipc.Server$Handler.run(Server.java:2992)
"qtp1403968272-2475" daemon prio=5 tid=2475 runnable
java.lang.Thread.State: RUNNABLE
        at sun.nio.ch.EPollArrayWrapper.epollWait(Native Method)
        at sun.nio.ch.EPollArrayWrapper.poll(EPollArrayWrapper.java:269)
        at sun.nio.ch.EPollSelectorImpl.doSelect(EPollSelectorImpl.java:93)
        at sun.nio.ch.SelectorImpl.lockAndDoSelect(SelectorImpl.java:86)
        at sun.nio.ch.SelectorImpl.select(SelectorImpl.java:97)
        at sun.nio.ch.SelectorImpl.select(SelectorImpl.java:101)
        at org.eclipse.jetty.io.ManagedSelector.nioSelect(ManagedSelector.java:183)
        at org.eclipse.jetty.io.ManagedSelector.select(ManagedSelector.java:190)
        at org.eclipse.jetty.io.ManagedSelector$SelectorProducer.select(ManagedSelector.java:606)
        at org.eclipse.jetty.io.ManagedSelector$SelectorProducer.produce(ManagedSelector.java:543)
        at org.eclipse.jetty.util.thread.strategy.EatWhatYouKill.produceTask(EatWhatYouKill.java:362)
        at org.eclipse.jetty.util.thread.strategy.EatWhatYouKill.doProduce(EatWhatYouKill.java:186)
        at org.eclipse.jetty.util.thread.strategy.EatWhatYouKill.tryProduce(EatWhatYouKill.java:173)
        at org.eclipse.jetty.util.thread.strategy.EatWhatYouKill.produce(EatWhatYouKill.java:137)
        at org.eclipse.jetty.io.ManagedSelector$$Lambda$405/1186460912.run(Unknown Source)
        at org.eclipse.jetty.util.thread.QueuedThreadPool.runJob(QueuedThreadPool.java:883)
        at org.eclipse.jetty.util.thread.QueuedThreadPool$Runner.run(QueuedThreadPool.java:1034)
        at java.lang.Thread.run(Thread.java:750)
"om1@group-C5BA1605619E-SegmentedRaftLogWorker" daemon prio=5 tid=2397 timed_waiting
java.lang.Thread.State: TIMED_WAITING
        at sun.misc.Unsafe.park(Native Method)
        at java.util.concurrent.locks.LockSupport.parkNanos(LockSupport.java:215)
        at java.util.concurrent.locks.AbstractQueuedSynchronizer$ConditionObject.awaitNanos(AbstractQueuedSynchronizer.java:2078)
        at org.apache.ratis.util.DataBlockingQueue.poll(DataBlockingQueue.java:148)
        at org.apache.ratis.server.raftlog.segmented.SegmentedRaftLogWorker.run(SegmentedRaftLogWorker.java:307)
        at org.apache.ratis.server.raftlog.segmented.SegmentedRaftLogWorker$$Lambda$682/1771275001.run(Unknown Source)
        at java.util.concurrent.Executors$RunnableAdapter.call(Executors.java:511)
        at java.util.concurrent.FutureTask.run(FutureTask.java:266)
        at java.util.concurrent.ThreadPoolExecutor.runWorker(ThreadPoolExecutor.java:1149)
        at java.util.concurrent.ThreadPoolExecutor$Worker.run(ThreadPoolExecutor.java:624)
        at java.lang.Thread.run(Thread.java:750)
"7156f7e4-fd15-431a-a0da-daed1f966c8d@group-39B6525C880F-SegmentedRaftLogWorker" daemon prio=5 tid=2696 timed_waiting
java.lang.Thread.State: TIMED_WAITING
        at sun.misc.Unsafe.park(Native Method)
        at java.util.concurrent.locks.LockSupport.parkNanos(LockSupport.java:215)
        at java.util.concurrent.locks.AbstractQueuedSynchronizer$ConditionObject.awaitNanos(AbstractQueuedSynchronizer.java:2078)
        at org.apache.ratis.util.DataBlockingQueue.poll(DataBlockingQueue.java:148)
        at org.apache.ratis.server.raftlog.segmented.SegmentedRaftLogWorker.run(SegmentedRaftLogWorker.java:307)
        at org.apache.ratis.server.raftlog.segmented.SegmentedRaftLogWorker$$Lambda$682/1771275001.run(Unknown Source)
        at java.util.concurrent.Executors$RunnableAdapter.call(Executors.java:511)
        at java.util.concurrent.FutureTask.run(FutureTask.java:266)
        at java.util.concurrent.ThreadPoolExecutor.runWorker(ThreadPoolExecutor.java:1149)
        at java.util.concurrent.ThreadPoolExecutor$Worker.run(ThreadPoolExecutor.java:624)
        at java.lang.Thread.run(Thread.java:750)
"StaleRecoveringContainerScrubbingService#0" daemon prio=5 tid=2599 timed_waiting
java.lang.Thread.State: TIMED_WAITING
        at sun.misc.Unsafe.park(Native Method)
        at java.util.concurrent.locks.LockSupport.parkNanos(LockSupport.java:215)
        at java.util.concurrent.locks.AbstractQueuedSynchronizer$ConditionObject.awaitNanos(AbstractQueuedSynchronizer.java:2078)
        at java.util.concurrent.ScheduledThreadPoolExecutor$DelayedWorkQueue.take(ScheduledThreadPoolExecutor.java:1093)
        at java.util.concurrent.ScheduledThreadPoolExecutor$DelayedWorkQueue.take(ScheduledThreadPoolExecutor.java:809)
        at java.util.concurrent.ThreadPoolExecutor.getTask(ThreadPoolExecutor.java:1074)
        at java.util.concurrent.ThreadPoolExecutor.runWorker(ThreadPoolExecutor.java:1134)
        at java.util.concurrent.ThreadPoolExecutor$Worker.run(ThreadPoolExecutor.java:624)
        at java.lang.Thread.run(Thread.java:750)
"FixedThreadPoolWithAffinityExecutor-7-0" daemon prio=5 tid=2303 timed_waiting
java.lang.Thread.State: TIMED_WAITING
        at sun.misc.Unsafe.park(Native Method)
        at java.util.concurrent.locks.LockSupport.parkNanos(LockSupport.java:215)
        at java.util.concurrent.locks.AbstractQueuedSynchronizer$ConditionObject.awaitNanos(AbstractQueuedSynchronizer.java:2078)
        at java.util.concurrent.LinkedBlockingQueue.poll(LinkedBlockingQueue.java:467)
        at org.apache.hadoop.hdds.scm.server.ContainerReportQueue.poll(ContainerReportQueue.java:266)
        at org.apache.hadoop.hdds.scm.server.ContainerReportQueue.poll(ContainerReportQueue.java:42)
        at org.apache.hadoop.hdds.server.events.FixedThreadPoolWithAffinityExecutor$ContainerReportProcessTask.run(FixedThreadPoolWithAffinityExecutor.java:247)
        at java.util.concurrent.Executors$RunnableAdapter.call(Executors.java:511)
        at java.util.concurrent.FutureTask.run(FutureTask.java:266)
        at java.util.concurrent.ThreadPoolExecutor.runWorker(ThreadPoolExecutor.java:1149)
        at java.util.concurrent.ThreadPoolExecutor$Worker.run(ThreadPoolExecutor.java:624)
        at java.lang.Thread.run(Thread.java:750)
"FixedThreadPoolWithAffinityExecutor-4-0" daemon prio=5 tid=2300 timed_waiting
java.lang.Thread.State: TIMED_WAITING
        at sun.misc.Unsafe.park(Native Method)
        at java.util.concurrent.locks.LockSupport.parkNanos(LockSupport.java:215)
        at java.util.concurrent.locks.AbstractQueuedSynchronizer$ConditionObject.awaitNanos(AbstractQueuedSynchronizer.java:2078)
        at java.util.concurrent.LinkedBlockingQueue.poll(LinkedBlockingQueue.java:467)
        at org.apache.hadoop.hdds.scm.server.ContainerReportQueue.poll(ContainerReportQueue.java:266)
        at org.apache.hadoop.hdds.scm.server.ContainerReportQueue.poll(ContainerReportQueue.java:42)
        at org.apache.hadoop.hdds.server.events.FixedThreadPoolWithAffinityExecutor$ContainerReportProcessTask.run(FixedThreadPoolWithAffinityExecutor.java:247)
        at java.util.concurrent.Executors$RunnableAdapter.call(Executors.java:511)
        at java.util.concurrent.FutureTask.run(FutureTask.java:266)
        at java.util.concurrent.ThreadPoolExecutor.runWorker(ThreadPoolExecutor.java:1149)
        at java.util.concurrent.ThreadPoolExecutor$Worker.run(ThreadPoolExecutor.java:624)
        at java.lang.Thread.run(Thread.java:750)
"null-request--thread1" daemon prio=5 tid=2758 timed_waiting
java.lang.Thread.State: TIMED_WAITING
        at sun.misc.Unsafe.park(Native Method)
        at java.util.concurrent.locks.LockSupport.parkNanos(LockSupport.java:215)
        at java.util.concurrent.locks.AbstractQueuedSynchronizer$ConditionObject.awaitNanos(AbstractQueuedSynchronizer.java:2078)
        at java.util.concurrent.LinkedBlockingQueue.poll(LinkedBlockingQueue.java:467)
        at java.util.concurrent.ThreadPoolExecutor.getTask(ThreadPoolExecutor.java:1073)
        at java.util.concurrent.ThreadPoolExecutor.runWorker(ThreadPoolExecutor.java:1134)
        at java.util.concurrent.ThreadPoolExecutor$Worker.run(ThreadPoolExecutor.java:624)
        at java.lang.Thread.run(Thread.java:750)
"pool-653-thread-1"  prio=5 tid=2385 timed_waiting
java.lang.Thread.State: TIMED_WAITING
        at sun.misc.Unsafe.park(Native Method)
        at java.util.concurrent.locks.LockSupport.parkNanos(LockSupport.java:215)
        at java.util.concurrent.locks.AbstractQueuedSynchronizer$ConditionObject.awaitNanos(AbstractQueuedSynchronizer.java:2078)
        at java.util.concurrent.ScheduledThreadPoolExecutor$DelayedWorkQueue.take(ScheduledThreadPoolExecutor.java:1093)
        at java.util.concurrent.ScheduledThreadPoolExecutor$DelayedWorkQueue.take(ScheduledThreadPoolExecutor.java:809)
        at java.util.concurrent.ThreadPoolExecutor.getTask(ThreadPoolExecutor.java:1074)
        at java.util.concurrent.ThreadPoolExecutor.runWorker(ThreadPoolExecutor.java:1134)
        at java.util.concurrent.ThreadPoolExecutor$Worker.run(ThreadPoolExecutor.java:624)
        at java.lang.Thread.run(Thread.java:750)
"PartialTableCache Cleanup Thread - 0" daemon prio=5 tid=2756 in Object.wait()
java.lang.Thread.State: WAITING (on object monitor)
        at sun.misc.Unsafe.park(Native Method)
        at java.util.concurrent.locks.LockSupport.park(LockSupport.java:175)
        at java.util.concurrent.locks.AbstractQueuedSynchronizer$ConditionObject.await(AbstractQueuedSynchronizer.java:2039)
        at java.util.concurrent.LinkedBlockingQueue.take(LinkedBlockingQueue.java:442)
        at java.util.concurrent.ThreadPoolExecutor.getTask(ThreadPoolExecutor.java:1074)
        at java.util.concurrent.ThreadPoolExecutor.runWorker(ThreadPoolExecutor.java:1134)
        at java.util.concurrent.ThreadPoolExecutor$Worker.run(ThreadPoolExecutor.java:624)
        at java.lang.Thread.run(Thread.java:750)
"IPC Server handler 19 on default port 15148" daemon prio=5 tid=2437 timed_waiting
java.lang.Thread.State: TIMED_WAITING
        at sun.misc.Unsafe.park(Native Method)
        at java.util.concurrent.locks.LockSupport.parkNanos(LockSupport.java:215)
        at java.util.concurrent.locks.AbstractQueuedSynchronizer$ConditionObject.awaitNanos(AbstractQueuedSynchronizer.java:2078)
        at java.util.concurrent.LinkedBlockingQueue.poll(LinkedBlockingQueue.java:467)
        at org.apache.hadoop.ipc.CallQueueManager.take(CallQueueManager.java:317)
        at org.apache.hadoop.ipc.Server$Handler.run(Server.java:2992)
"IPC Server handler 8 on default port 15148" daemon prio=5 tid=2426 timed_waiting
java.lang.Thread.State: TIMED_WAITING
        at sun.misc.Unsafe.park(Native Method)
        at java.util.concurrent.locks.LockSupport.parkNanos(LockSupport.java:215)
        at java.util.concurrent.locks.AbstractQueuedSynchronizer$ConditionObject.awaitNanos(AbstractQueuedSynchronizer.java:2078)
        at java.util.concurrent.LinkedBlockingQueue.poll(LinkedBlockingQueue.java:467)
        at org.apache.hadoop.ipc.CallQueueManager.take(CallQueueManager.java:317)
        at org.apache.hadoop.ipc.Server$Handler.run(Server.java:2992)
"grpc-default-executor-6" daemon prio=5 tid=2749 timed_waiting
java.lang.Thread.State: TIMED_WAITING
        at sun.misc.Unsafe.park(Native Method)
        at java.util.concurrent.locks.LockSupport.parkNanos(LockSupport.java:215)
        at java.util.concurrent.SynchronousQueue$TransferStack.awaitFulfill(SynchronousQueue.java:460)
        at java.util.concurrent.SynchronousQueue$TransferStack.transfer(SynchronousQueue.java:362)
        at java.util.concurrent.SynchronousQueue.poll(SynchronousQueue.java:941)
        at java.util.concurrent.ThreadPoolExecutor.getTask(ThreadPoolExecutor.java:1073)
        at java.util.concurrent.ThreadPoolExecutor.runWorker(ThreadPoolExecutor.java:1134)
        at java.util.concurrent.ThreadPoolExecutor$Worker.run(ThreadPoolExecutor.java:624)
        at java.lang.Thread.run(Thread.java:750)
"7156f7e4-fd15-431a-a0da-daed1f966c8d-NettyServerStreamRpc-bossGroup--thread1" daemon prio=5 tid=2526 runnable
java.lang.Thread.State: RUNNABLE
        at sun.nio.ch.EPollArrayWrapper.epollWait(Native Method)
        at sun.nio.ch.EPollArrayWrapper.poll(EPollArrayWrapper.java:269)
        at sun.nio.ch.EPollSelectorImpl.doSelect(EPollSelectorImpl.java:93)
        at sun.nio.ch.SelectorImpl.lockAndDoSelect(SelectorImpl.java:86)
        at sun.nio.ch.SelectorImpl.select(SelectorImpl.java:97)
        at sun.nio.ch.SelectorImpl.select(SelectorImpl.java:101)
        at org.apache.ratis.thirdparty.io.netty.channel.nio.SelectedSelectionKeySetSelector.select(SelectedSelectionKeySetSelector.java:68)
        at org.apache.ratis.thirdparty.io.netty.channel.nio.NioEventLoop.select(NioEventLoop.java:879)
        at org.apache.ratis.thirdparty.io.netty.channel.nio.NioEventLoop.run(NioEventLoop.java:526)
        at org.apache.ratis.thirdparty.io.netty.util.concurrent.SingleThreadEventExecutor$4.run(SingleThreadEventExecutor.java:997)
        at org.apache.ratis.thirdparty.io.netty.util.internal.ThreadExecutorMap$2.run(ThreadExecutorMap.java:74)
        at java.lang.Thread.run(Thread.java:750)
"BlockDeletingService#1" daemon prio=5 tid=2601 in Object.wait()
java.lang.Thread.State: WAITING (on object monitor)
        at sun.misc.Unsafe.park(Native Method)
        at java.util.concurrent.locks.LockSupport.park(LockSupport.java:175)
        at java.util.concurrent.locks.AbstractQueuedSynchronizer$ConditionObject.await(AbstractQueuedSynchronizer.java:2039)
        at java.util.concurrent.ScheduledThreadPoolExecutor$DelayedWorkQueue.take(ScheduledThreadPoolExecutor.java:1088)
        at java.util.concurrent.ScheduledThreadPoolExecutor$DelayedWorkQueue.take(ScheduledThreadPoolExecutor.java:809)
        at java.util.concurrent.ThreadPoolExecutor.getTask(ThreadPoolExecutor.java:1074)
        at java.util.concurrent.ThreadPoolExecutor.runWorker(ThreadPoolExecutor.java:1134)
        at java.util.concurrent.ThreadPoolExecutor$Worker.run(ThreadPoolExecutor.java:624)
        at java.lang.Thread.run(Thread.java:750)
"IPC Server handler 10 on default port 15148" daemon prio=5 tid=2428 timed_waiting
java.lang.Thread.State: TIMED_WAITING
        at sun.misc.Unsafe.park(Native Method)
        at java.util.concurrent.locks.LockSupport.parkNanos(LockSupport.java:215)
        at java.util.concurrent.locks.AbstractQueuedSynchronizer$ConditionObject.awaitNanos(AbstractQueuedSynchronizer.java:2078)
        at java.util.concurrent.LinkedBlockingQueue.poll(LinkedBlockingQueue.java:467)
        at org.apache.hadoop.ipc.CallQueueManager.take(CallQueueManager.java:317)
        at org.apache.hadoop.ipc.Server$Handler.run(Server.java:2992)
"Hadoop-Metrics-Updater-0" daemon prio=5 tid=2285 timed_waiting
java.lang.Thread.State: TIMED_WAITING
        at sun.misc.Unsafe.park(Native Method)
        at java.util.concurrent.locks.LockSupport.parkNanos(LockSupport.java:215)
        at java.util.concurrent.locks.AbstractQueuedSynchronizer$ConditionObject.awaitNanos(AbstractQueuedSynchronizer.java:2078)
        at java.util.concurrent.ScheduledThreadPoolExecutor$DelayedWorkQueue.take(ScheduledThreadPoolExecutor.java:1093)
        at java.util.concurrent.ScheduledThreadPoolExecutor$DelayedWorkQueue.take(ScheduledThreadPoolExecutor.java:809)
        at java.util.concurrent.ThreadPoolExecutor.getTask(ThreadPoolExecutor.java:1074)
        at java.util.concurrent.ThreadPoolExecutor.runWorker(ThreadPoolExecutor.java:1134)
        at java.util.concurrent.ThreadPoolExecutor$Worker.run(ThreadPoolExecutor.java:624)
        at java.lang.Thread.run(Thread.java:750)
"Session-HouseKeeper-323dca23-1"  prio=5 tid=2417 timed_waiting
java.lang.Thread.State: TIMED_WAITING
        at sun.misc.Unsafe.park(Native Method)
        at java.util.concurrent.locks.LockSupport.parkNanos(LockSupport.java:215)
        at java.util.concurrent.locks.AbstractQueuedSynchronizer$ConditionObject.awaitNanos(AbstractQueuedSynchronizer.java:2078)
        at java.util.concurrent.ScheduledThreadPoolExecutor$DelayedWorkQueue.take(ScheduledThreadPoolExecutor.java:1093)
        at java.util.concurrent.ScheduledThreadPoolExecutor$DelayedWorkQueue.take(ScheduledThreadPoolExecutor.java:809)
        at java.util.concurrent.ThreadPoolExecutor.getTask(ThreadPoolExecutor.java:1074)
        at java.util.concurrent.ThreadPoolExecutor.runWorker(ThreadPoolExecutor.java:1134)
        at java.util.concurrent.ThreadPoolExecutor$Worker.run(ThreadPoolExecutor.java:624)
        at java.lang.Thread.run(Thread.java:750)
"IPC Server listener on 15144" daemon prio=5 tid=2291 runnable
java.lang.Thread.State: RUNNABLE
        at sun.nio.ch.EPollArrayWrapper.epollWait(Native Method)
        at sun.nio.ch.EPollArrayWrapper.poll(EPollArrayWrapper.java:269)
        at sun.nio.ch.EPollSelectorImpl.doSelect(EPollSelectorImpl.java:93)
        at sun.nio.ch.SelectorImpl.lockAndDoSelect(SelectorImpl.java:86)
        at sun.nio.ch.SelectorImpl.select(SelectorImpl.java:97)
        at sun.nio.ch.SelectorImpl.select(SelectorImpl.java:101)
        at org.apache.hadoop.ipc.Server$Listener.run(Server.java:1404)
"IPC Server handler 11 on default port 15144" daemon prio=5 tid=2319 timed_waiting
java.lang.Thread.State: TIMED_WAITING
        at sun.misc.Unsafe.park(Native Method)
        at java.util.concurrent.locks.LockSupport.parkNanos(LockSupport.java:215)
        at java.util.concurrent.locks.AbstractQueuedSynchronizer$ConditionObject.awaitNanos(AbstractQueuedSynchronizer.java:2078)
        at java.util.concurrent.LinkedBlockingQueue.poll(LinkedBlockingQueue.java:467)
        at org.apache.hadoop.ipc.CallQueueManager.take(CallQueueManager.java:317)
        at org.apache.hadoop.ipc.Server$Handler.run(Server.java:2992)
"IPC Server idle connection scanner for port 15145" daemon prio=5 tid=2288 timed_waiting
java.lang.Thread.State: TIMED_WAITING
        at java.lang.Object.wait(Native Method)
        at java.util.TimerThread.mainLoop(Timer.java:552)
        at java.util.TimerThread.run(Timer.java:505)
"SCMBlockDeletingService#0" daemon prio=5 tid=2368 timed_waiting
java.lang.Thread.State: TIMED_WAITING
        at sun.misc.Unsafe.park(Native Method)
        at java.util.concurrent.locks.LockSupport.parkNanos(LockSupport.java:215)
        at java.util.concurrent.locks.AbstractQueuedSynchronizer$ConditionObject.awaitNanos(AbstractQueuedSynchronizer.java:2078)
        at java.util.concurrent.ScheduledThreadPoolExecutor$DelayedWorkQueue.take(ScheduledThreadPoolExecutor.java:1093)
        at java.util.concurrent.ScheduledThreadPoolExecutor$DelayedWorkQueue.take(ScheduledThreadPoolExecutor.java:809)
        at java.util.concurrent.ThreadPoolExecutor.getTask(ThreadPoolExecutor.java:1074)
        at java.util.concurrent.ThreadPoolExecutor.runWorker(ThreadPoolExecutor.java:1134)
        at java.util.concurrent.ThreadPoolExecutor$Worker.run(ThreadPoolExecutor.java:624)
        at java.lang.Thread.run(Thread.java:750)
"surefire-forkedjvm-command-thread" daemon prio=5 tid=10 runnable
java.lang.Thread.State: RUNNABLE
        at java.io.FileInputStream.readBytes(Native Method)
        at java.io.FileInputStream.read(FileInputStream.java:255)
        at java.io.BufferedInputStream.read1(BufferedInputStream.java:284)
        at java.io.BufferedInputStream.read(BufferedInputStream.java:345)
        at java.io.BufferedInputStream.fill(BufferedInputStream.java:246)
        at java.io.BufferedInputStream.read1(BufferedInputStream.java:286)
        at java.io.BufferedInputStream.read(BufferedInputStream.java:345)
        at org.apache.maven.surefire.api.util.internal.Channels$3.readImpl(Channels.java:214)
        at org.apache.maven.surefire.api.util.internal.AbstractNoninterruptibleReadableChannel.read(AbstractNoninterruptibleReadableChannel.java:54)
        at org.apache.maven.surefire.booter.spi.LegacyMasterProcessChannelDecoder.decode(LegacyMasterProcessChannelDecoder.java:80)
        at org.apache.maven.surefire.booter.CommandReader$CommandRunnable.run(CommandReader.java:343)
        at java.lang.Thread.run(Thread.java:750)
"ReplicationContainerReader-0" daemon prio=5 tid=2841 in Object.wait()
java.lang.Thread.State: WAITING (on object monitor)
        at sun.misc.Unsafe.park(Native Method)
        at java.util.concurrent.locks.LockSupport.park(LockSupport.java:175)
        at java.util.concurrent.locks.AbstractQueuedSynchronizer$ConditionObject.await(AbstractQueuedSynchronizer.java:2039)
        at java.util.concurrent.LinkedBlockingQueue.take(LinkedBlockingQueue.java:442)
        at java.util.concurrent.ThreadPoolExecutor.getTask(ThreadPoolExecutor.java:1074)
        at java.util.concurrent.ThreadPoolExecutor.runWorker(ThreadPoolExecutor.java:1134)
        at java.util.concurrent.ThreadPoolExecutor$Worker.run(ThreadPoolExecutor.java:624)
        at java.lang.Thread.run(Thread.java:750)
"pool-745-thread-1"  prio=5 tid=2501 timed_waiting
java.lang.Thread.State: TIMED_WAITING
        at sun.misc.Unsafe.park(Native Method)
        at java.util.concurrent.locks.LockSupport.parkNanos(LockSupport.java:215)
        at java.util.concurrent.locks.AbstractQueuedSynchronizer$ConditionObject.awaitNanos(AbstractQueuedSynchronizer.java:2078)
        at java.util.concurrent.ScheduledThreadPoolExecutor$DelayedWorkQueue.take(ScheduledThreadPoolExecutor.java:1093)
        at java.util.concurrent.ScheduledThreadPoolExecutor$DelayedWorkQueue.take(ScheduledThreadPoolExecutor.java:809)
        at java.util.concurrent.ThreadPoolExecutor.getTask(ThreadPoolExecutor.java:1074)
        at java.util.concurrent.ThreadPoolExecutor.runWorker(ThreadPoolExecutor.java:1134)
        at java.util.concurrent.ThreadPoolExecutor$Worker.run(ThreadPoolExecutor.java:624)
        at java.lang.Thread.run(Thread.java:750)
"EventQueue-NodeRegistrationContainerReportForContainerSafeModeRule" daemon prio=5 tid=2640 in Object.wait()
java.lang.Thread.State: WAITING (on object monitor)
        at sun.misc.Unsafe.park(Native Method)
        at java.util.concurrent.locks.LockSupport.park(LockSupport.java:175)
        at java.util.concurrent.locks.AbstractQueuedSynchronizer$ConditionObject.await(AbstractQueuedSynchronizer.java:2039)
        at java.util.concurrent.LinkedBlockingQueue.take(LinkedBlockingQueue.java:442)
        at java.util.concurrent.ThreadPoolExecutor.getTask(ThreadPoolExecutor.java:1074)
        at java.util.concurrent.ThreadPoolExecutor.runWorker(ThreadPoolExecutor.java:1134)
        at java.util.concurrent.ThreadPoolExecutor$Worker.run(ThreadPoolExecutor.java:624)
        at java.lang.Thread.run(Thread.java:750)
"7156f7e4-fd15-431a-a0da-daed1f966c8d@group-39B6525C880F-StateMachineUpdater" daemon prio=5 tid=2698 timed_waiting
java.lang.Thread.State: TIMED_WAITING
        at sun.misc.Unsafe.park(Native Method)
        at java.util.concurrent.locks.LockSupport.parkNanos(LockSupport.java:215)
        at java.util.concurrent.locks.AbstractQueuedSynchronizer$ConditionObject.await(AbstractQueuedSynchronizer.java:2163)
        at org.apache.ratis.util.AwaitForSignal.await(AwaitForSignal.java:62)
        at org.apache.ratis.server.impl.StateMachineUpdater.waitForCommit(StateMachineUpdater.java:209)
        at org.apache.ratis.server.impl.StateMachineUpdater.run(StateMachineUpdater.java:178)
        at java.lang.Thread.run(Thread.java:750)
"IPC Client (1566096092) connection to 0.0.0.0/0.0.0.0:15146 from runner" daemon prio=5 tid=2578 timed_waiting
java.lang.Thread.State: TIMED_WAITING
        at java.lang.Object.wait(Native Method)
        at org.apache.hadoop.ipc.Client$Connection.waitForWork(Client.java:1043)
        at org.apache.hadoop.ipc.Client$Connection.run(Client.java:1094)
"BlockDeletingService#0" daemon prio=5 tid=2634 timed_waiting
java.lang.Thread.State: TIMED_WAITING
        at sun.misc.Unsafe.park(Native Method)
        at java.util.concurrent.locks.LockSupport.parkNanos(LockSupport.java:215)
        at java.util.concurrent.locks.AbstractQueuedSynchronizer$ConditionObject.awaitNanos(AbstractQueuedSynchronizer.java:2078)
        at java.util.concurrent.ScheduledThreadPoolExecutor$DelayedWorkQueue.take(ScheduledThreadPoolExecutor.java:1093)
        at java.util.concurrent.ScheduledThreadPoolExecutor$DelayedWorkQueue.take(ScheduledThreadPoolExecutor.java:809)
        at java.util.concurrent.ThreadPoolExecutor.getTask(ThreadPoolExecutor.java:1074)
        at java.util.concurrent.ThreadPoolExecutor.runWorker(ThreadPoolExecutor.java:1134)
        at java.util.concurrent.ThreadPoolExecutor$Worker.run(ThreadPoolExecutor.java:624)
        at java.lang.Thread.run(Thread.java:750)
"org.apache.hadoop.util.JvmPauseMonitor$Monitor@6080c1b6" daemon prio=5 tid=2491 timed_waiting
java.lang.Thread.State: TIMED_WAITING
        at java.lang.Thread.sleep(Native Method)
        at org.apache.hadoop.util.JvmPauseMonitor$Monitor.run(JvmPauseMonitor.java:192)
        at java.lang.Thread.run(Thread.java:750)
"qtp1403968272-2479" daemon prio=5 tid=2479 timed_waiting
java.lang.Thread.State: TIMED_WAITING
        at sun.misc.Unsafe.park(Native Method)
        at java.util.concurrent.locks.LockSupport.parkNanos(LockSupport.java:215)
        at java.util.concurrent.locks.AbstractQueuedSynchronizer$ConditionObject.awaitNanos(AbstractQueuedSynchronizer.java:2078)
        at org.eclipse.jetty.util.BlockingArrayQueue.poll(BlockingArrayQueue.java:382)
        at org.eclipse.jetty.util.thread.QueuedThreadPool$Runner.idleJobPoll(QueuedThreadPool.java:974)
        at org.eclipse.jetty.util.thread.QueuedThreadPool$Runner.run(QueuedThreadPool.java:1018)
        at java.lang.Thread.run(Thread.java:750)
"timer6" daemon prio=5 tid=502 timed_waiting
java.lang.Thread.State: TIMED_WAITING
        at java.lang.Object.wait(Native Method)
        at java.util.TimerThread.mainLoop(Timer.java:552)
        at java.util.TimerThread.run(Timer.java:505)
"Datanode ReportManager Thread - 3" daemon prio=5 tid=2515 in Object.wait()
java.lang.Thread.State: WAITING (on object monitor)
        at sun.misc.Unsafe.park(Native Method)
        at java.util.concurrent.locks.LockSupport.park(LockSupport.java:175)
        at java.util.concurrent.locks.AbstractQueuedSynchronizer$ConditionObject.await(AbstractQueuedSynchronizer.java:2039)
        at java.util.concurrent.ScheduledThreadPoolExecutor$DelayedWorkQueue.take(ScheduledThreadPoolExecutor.java:1088)
        at java.util.concurrent.ScheduledThreadPoolExecutor$DelayedWorkQueue.take(ScheduledThreadPoolExecutor.java:809)
        at java.util.concurrent.ThreadPoolExecutor.getTask(ThreadPoolExecutor.java:1074)
        at java.util.concurrent.ThreadPoolExecutor.runWorker(ThreadPoolExecutor.java:1134)
        at java.util.concurrent.ThreadPoolExecutor$Worker.run(ThreadPoolExecutor.java:624)
        at java.lang.Thread.run(Thread.java:750)
"IPC Server Responder" daemon prio=5 tid=2294 runnable
java.lang.Thread.State: RUNNABLE
        at sun.nio.ch.EPollArrayWrapper.epollWait(Native Method)
        at sun.nio.ch.EPollArrayWrapper.poll(EPollArrayWrapper.java:269)
        at sun.nio.ch.EPollSelectorImpl.doSelect(EPollSelectorImpl.java:93)
        at sun.nio.ch.SelectorImpl.lockAndDoSelect(SelectorImpl.java:86)
        at sun.nio.ch.SelectorImpl.select(SelectorImpl.java:97)
        at org.apache.hadoop.ipc.Server$Responder.doRunLoop(Server.java:1578)
        at org.apache.hadoop.ipc.Server$Responder.run(Server.java:1561)
"Datanode State Machine Task Thread - 1"  prio=5 tid=2602 in Object.wait()
java.lang.Thread.State: WAITING (on object monitor)
        at sun.misc.Unsafe.park(Native Method)
        at java.util.concurrent.locks.LockSupport.park(LockSupport.java:175)
        at java.util.concurrent.locks.AbstractQueuedSynchronizer$ConditionObject.await(AbstractQueuedSynchronizer.java:2039)
        at java.util.concurrent.LinkedBlockingQueue.take(LinkedBlockingQueue.java:442)
        at java.util.concurrent.ThreadPoolExecutor.getTask(ThreadPoolExecutor.java:1074)
        at java.util.concurrent.ThreadPoolExecutor.runWorker(ThreadPoolExecutor.java:1134)
        at java.util.concurrent.ThreadPoolExecutor$Worker.run(ThreadPoolExecutor.java:624)
        at java.lang.Thread.run(Thread.java:750)
"BlockDeletingService#1" daemon prio=5 tid=2612 in Object.wait()
java.lang.Thread.State: WAITING (on object monitor)
        at sun.misc.Unsafe.park(Native Method)
        at java.util.concurrent.locks.LockSupport.park(LockSupport.java:175)
        at java.util.concurrent.locks.AbstractQueuedSynchronizer$ConditionObject.await(AbstractQueuedSynchronizer.java:2039)
        at java.util.concurrent.ScheduledThreadPoolExecutor$DelayedWorkQueue.take(ScheduledThreadPoolExecutor.java:1088)
        at java.util.concurrent.ScheduledThreadPoolExecutor$DelayedWorkQueue.take(ScheduledThreadPoolExecutor.java:809)
        at java.util.concurrent.ThreadPoolExecutor.getTask(ThreadPoolExecutor.java:1074)
        at java.util.concurrent.ThreadPoolExecutor.runWorker(ThreadPoolExecutor.java:1134)
        at java.util.concurrent.ThreadPoolExecutor$Worker.run(ThreadPoolExecutor.java:624)
        at java.lang.Thread.run(Thread.java:750)
"qtp1403968272-2478" daemon prio=5 tid=2478 timed_waiting
java.lang.Thread.State: TIMED_WAITING
        at sun.misc.Unsafe.park(Native Method)
        at java.util.concurrent.locks.LockSupport.parkNanos(LockSupport.java:215)
        at java.util.concurrent.locks.AbstractQueuedSynchronizer$ConditionObject.awaitNanos(AbstractQueuedSynchronizer.java:2078)
        at org.eclipse.jetty.util.BlockingArrayQueue.poll(BlockingArrayQueue.java:382)
        at org.eclipse.jetty.util.thread.QueuedThreadPool$Runner.idleJobPoll(QueuedThreadPool.java:974)
        at org.eclipse.jetty.util.thread.QueuedThreadPool$Runner.run(QueuedThreadPool.java:1018)
        at java.lang.Thread.run(Thread.java:750)
"qtp178651313-2503-acceptor-0@5b887388-ServerConnector@55558155{HTTP/1.1, (http/1.1)}{0.0.0.0:15169}" daemon prio=3 tid=2503 runnable
java.lang.Thread.State: RUNNABLE
        at sun.nio.ch.ServerSocketChannelImpl.accept0(Native Method)
        at sun.nio.ch.ServerSocketChannelImpl.accept(ServerSocketChannelImpl.java:421)
        at sun.nio.ch.ServerSocketChannelImpl.accept(ServerSocketChannelImpl.java:249)
        at org.eclipse.jetty.server.ServerConnector.accept(ServerConnector.java:388)
        at org.eclipse.jetty.server.AbstractConnector$Acceptor.run(AbstractConnector.java:704)
        at org.eclipse.jetty.util.thread.QueuedThreadPool.runJob(QueuedThreadPool.java:883)
        at org.eclipse.jetty.util.thread.QueuedThreadPool$Runner.run(QueuedThreadPool.java:1034)
        at java.lang.Thread.run(Thread.java:750)
"EventQueue-CloseContainerForCloseContainerEventHandler" daemon prio=5 tid=2781 in Object.wait()
java.lang.Thread.State: WAITING (on object monitor)
        at sun.misc.Unsafe.park(Native Method)
        at java.util.concurrent.locks.LockSupport.park(LockSupport.java:175)
        at java.util.concurrent.locks.AbstractQueuedSynchronizer$ConditionObject.await(AbstractQueuedSynchronizer.java:2039)
        at java.util.concurrent.LinkedBlockingQueue.take(LinkedBlockingQueue.java:442)
        at java.util.concurrent.ThreadPoolExecutor.getTask(ThreadPoolExecutor.java:1074)
        at java.util.concurrent.ThreadPoolExecutor.runWorker(ThreadPoolExecutor.java:1134)
        at java.util.concurrent.ThreadPoolExecutor$Worker.run(ThreadPoolExecutor.java:624)
        at java.lang.Thread.run(Thread.java:750)
"qtp1575475030-2564" daemon prio=5 tid=2564 timed_waiting
java.lang.Thread.State: TIMED_WAITING
        at sun.misc.Unsafe.park(Native Method)
        at java.util.concurrent.locks.LockSupport.parkNanos(LockSupport.java:215)
        at java.util.concurrent.locks.AbstractQueuedSynchronizer$ConditionObject.awaitNanos(AbstractQueuedSynchronizer.java:2078)
        at org.eclipse.jetty.util.BlockingArrayQueue.poll(BlockingArrayQueue.java:382)
        at org.eclipse.jetty.util.thread.QueuedThreadPool$Runner.idleJobPoll(QueuedThreadPool.java:974)
        at org.eclipse.jetty.util.thread.QueuedThreadPool$Runner.run(QueuedThreadPool.java:1018)
        at java.lang.Thread.run(Thread.java:750)
"IPC Server handler 14 on default port 15144" daemon prio=5 tid=2322 timed_waiting
java.lang.Thread.State: TIMED_WAITING
        at sun.misc.Unsafe.park(Native Method)
        at java.util.concurrent.locks.LockSupport.parkNanos(LockSupport.java:215)
        at java.util.concurrent.locks.AbstractQueuedSynchronizer$ConditionObject.awaitNanos(AbstractQueuedSynchronizer.java:2078)
        at java.util.concurrent.LinkedBlockingQueue.poll(LinkedBlockingQueue.java:467)
        at org.apache.hadoop.ipc.CallQueueManager.take(CallQueueManager.java:317)
        at org.apache.hadoop.ipc.Server$Handler.run(Server.java:2992)
"Datanode ReportManager Thread - 3" daemon prio=5 tid=2571 in Object.wait()
java.lang.Thread.State: WAITING (on object monitor)
        at sun.misc.Unsafe.park(Native Method)
        at java.util.concurrent.locks.LockSupport.park(LockSupport.java:175)
        at java.util.concurrent.locks.AbstractQueuedSynchronizer$ConditionObject.await(AbstractQueuedSynchronizer.java:2039)
        at java.util.concurrent.ScheduledThreadPoolExecutor$DelayedWorkQueue.take(ScheduledThreadPoolExecutor.java:1088)
        at java.util.concurrent.ScheduledThreadPoolExecutor$DelayedWorkQueue.take(ScheduledThreadPoolExecutor.java:809)
        at java.util.concurrent.ThreadPoolExecutor.getTask(ThreadPoolExecutor.java:1074)
        at java.util.concurrent.ThreadPoolExecutor.runWorker(ThreadPoolExecutor.java:1134)
        at java.util.concurrent.ThreadPoolExecutor$Worker.run(ThreadPoolExecutor.java:624)
        at java.lang.Thread.run(Thread.java:750)
"ChunkWriter-2-0" daemon prio=5 tid=2606 in Object.wait()
java.lang.Thread.State: WAITING (on object monitor)
        at sun.misc.Unsafe.park(Native Method)
        at java.util.concurrent.locks.LockSupport.park(LockSupport.java:175)
        at java.util.concurrent.locks.AbstractQueuedSynchronizer$ConditionObject.await(AbstractQueuedSynchronizer.java:2039)
        at java.util.concurrent.LinkedBlockingDeque.takeFirst(LinkedBlockingDeque.java:492)
        at java.util.concurrent.LinkedBlockingDeque.take(LinkedBlockingDeque.java:680)
        at java.util.concurrent.ThreadPoolExecutor.getTask(ThreadPoolExecutor.java:1074)
        at java.util.concurrent.ThreadPoolExecutor.runWorker(ThreadPoolExecutor.java:1134)
        at java.util.concurrent.ThreadPoolExecutor$Worker.run(ThreadPoolExecutor.java:624)
        at java.lang.Thread.run(Thread.java:750)
"IPC Server handler 17 on default port 15146" daemon prio=5 tid=2365 timed_waiting
java.lang.Thread.State: TIMED_WAITING
        at sun.misc.Unsafe.park(Native Method)
        at java.util.concurrent.locks.LockSupport.parkNanos(LockSupport.java:215)
        at java.util.concurrent.locks.AbstractQueuedSynchronizer$ConditionObject.awaitNanos(AbstractQueuedSynchronizer.java:2078)
        at java.util.concurrent.LinkedBlockingQueue.poll(LinkedBlockingQueue.java:467)
        at org.apache.hadoop.ipc.CallQueueManager.take(CallQueueManager.java:317)
        at org.apache.hadoop.ipc.Server$Handler.run(Server.java:2992)
"timer3" daemon prio=5 tid=466 timed_waiting
java.lang.Thread.State: TIMED_WAITING
        at java.lang.Object.wait(Native Method)
        at java.util.TimerThread.mainLoop(Timer.java:552)
        at java.util.TimerThread.run(Timer.java:505)
"BlockDeletingService#1" daemon prio=5 tid=2624 in Object.wait()
java.lang.Thread.State: WAITING (on object monitor)
        at sun.misc.Unsafe.park(Native Method)
        at java.util.concurrent.locks.LockSupport.park(LockSupport.java:175)
        at java.util.concurrent.locks.AbstractQueuedSynchronizer$ConditionObject.await(AbstractQueuedSynchronizer.java:2039)
        at java.util.concurrent.ScheduledThreadPoolExecutor$DelayedWorkQueue.take(ScheduledThreadPoolExecutor.java:1088)
        at java.util.concurrent.ScheduledThreadPoolExecutor$DelayedWorkQueue.take(ScheduledThreadPoolExecutor.java:809)
        at java.util.concurrent.ThreadPoolExecutor.getTask(ThreadPoolExecutor.java:1074)
        at java.util.concurrent.ThreadPoolExecutor.runWorker(ThreadPoolExecutor.java:1134)
        at java.util.concurrent.ThreadPoolExecutor$Worker.run(ThreadPoolExecutor.java:624)
        at java.lang.Thread.run(Thread.java:750)
"Session-HouseKeeper-62ffbd1f-1"  prio=5 tid=2539 timed_waiting
java.lang.Thread.State: TIMED_WAITING
        at sun.misc.Unsafe.park(Native Method)
        at java.util.concurrent.locks.LockSupport.parkNanos(LockSupport.java:215)
        at java.util.concurrent.locks.AbstractQueuedSynchronizer$ConditionObject.awaitNanos(AbstractQueuedSynchronizer.java:2078)
        at java.util.concurrent.ScheduledThreadPoolExecutor$DelayedWorkQueue.take(ScheduledThreadPoolExecutor.java:1093)
        at java.util.concurrent.ScheduledThreadPoolExecutor$DelayedWorkQueue.take(ScheduledThreadPoolExecutor.java:809)
        at java.util.concurrent.ThreadPoolExecutor.getTask(ThreadPoolExecutor.java:1074)
        at java.util.concurrent.ThreadPoolExecutor.runWorker(ThreadPoolExecutor.java:1134)
        at java.util.concurrent.ThreadPoolExecutor$Worker.run(ThreadPoolExecutor.java:624)
        at java.lang.Thread.run(Thread.java:750)
"b898f15d-4860-47c9-8591-05c5a169db6c@group-4FAE459B0B50-LeaderStateImpl" daemon prio=5 tid=2762 timed_waiting
java.lang.Thread.State: TIMED_WAITING
        at sun.misc.Unsafe.park(Native Method)
        at java.util.concurrent.locks.LockSupport.parkNanos(LockSupport.java:215)
        at java.util.concurrent.locks.AbstractQueuedSynchronizer$ConditionObject.awaitNanos(AbstractQueuedSynchronizer.java:2078)
        at java.util.concurrent.ArrayBlockingQueue.poll(ArrayBlockingQueue.java:418)
        at org.apache.ratis.server.impl.LeaderStateImpl$EventQueue.poll(LeaderStateImpl.java:164)
        at org.apache.ratis.server.impl.LeaderStateImpl$EventProcessor.run(LeaderStateImpl.java:702)
"timer1" daemon prio=5 tid=464 timed_waiting
java.lang.Thread.State: TIMED_WAITING
        at java.lang.Object.wait(Native Method)
        at java.util.TimerThread.mainLoop(Timer.java:552)
        at java.util.TimerThread.run(Timer.java:505)
"EventQueue-PipelineReportForPipelineReportHandler" daemon prio=5 tid=2641 in Object.wait()
java.lang.Thread.State: WAITING (on object monitor)
        at sun.misc.Unsafe.park(Native Method)
        at java.util.concurrent.locks.LockSupport.park(LockSupport.java:175)
        at java.util.concurrent.locks.AbstractQueuedSynchronizer$ConditionObject.await(AbstractQueuedSynchronizer.java:2039)
        at java.util.concurrent.LinkedBlockingQueue.take(LinkedBlockingQueue.java:442)
        at java.util.concurrent.ThreadPoolExecutor.getTask(ThreadPoolExecutor.java:1074)
        at java.util.concurrent.ThreadPoolExecutor.runWorker(ThreadPoolExecutor.java:1134)
        at java.util.concurrent.ThreadPoolExecutor$Worker.run(ThreadPoolExecutor.java:624)
        at java.lang.Thread.run(Thread.java:750)
"FullTableCache Cleanup Thread - 0" daemon prio=5 tid=2017 in Object.wait()
java.lang.Thread.State: WAITING (on object monitor)
        at sun.misc.Unsafe.park(Native Method)
        at java.util.concurrent.locks.LockSupport.park(LockSupport.java:175)
        at java.util.concurrent.locks.AbstractQueuedSynchronizer$ConditionObject.await(AbstractQueuedSynchronizer.java:2039)
        at java.util.concurrent.LinkedBlockingQueue.take(LinkedBlockingQueue.java:442)
        at java.util.concurrent.ThreadPoolExecutor.getTask(ThreadPoolExecutor.java:1074)
        at java.util.concurrent.ThreadPoolExecutor.runWorker(ThreadPoolExecutor.java:1134)
        at java.util.concurrent.ThreadPoolExecutor$Worker.run(ThreadPoolExecutor.java:624)
        at java.lang.Thread.run(Thread.java:750)
"ReplicationMonitor" daemon prio=5 tid=2277 timed_waiting
java.lang.Thread.State: TIMED_WAITING
        at java.lang.Object.wait(Native Method)
        at org.apache.hadoop.hdds.scm.container.replication.ReplicationManager.run(ReplicationManager.java:940)
        at org.apache.hadoop.hdds.scm.container.replication.ReplicationManager$$Lambda$345/1788332247.run(Unknown Source)
        at java.lang.Thread.run(Thread.java:750)
"IPC Server handler 7 on default port 15148" daemon prio=5 tid=2425 timed_waiting
java.lang.Thread.State: TIMED_WAITING
        at sun.misc.Unsafe.park(Native Method)
        at java.util.concurrent.locks.LockSupport.parkNanos(LockSupport.java:215)
        at java.util.concurrent.locks.AbstractQueuedSynchronizer$ConditionObject.awaitNanos(AbstractQueuedSynchronizer.java:2078)
        at java.util.concurrent.LinkedBlockingQueue.poll(LinkedBlockingQueue.java:467)
        at org.apache.hadoop.ipc.CallQueueManager.take(CallQueueManager.java:317)
        at org.apache.hadoop.ipc.Server$Handler.run(Server.java:2992)
"StaleRecoveringContainerScrubbingService#0" daemon prio=5 tid=2611 timed_waiting
java.lang.Thread.State: TIMED_WAITING
        at sun.misc.Unsafe.park(Native Method)
        at java.util.concurrent.locks.LockSupport.parkNanos(LockSupport.java:215)
        at java.util.concurrent.locks.AbstractQueuedSynchronizer$ConditionObject.awaitNanos(AbstractQueuedSynchronizer.java:2078)
        at java.util.concurrent.ScheduledThreadPoolExecutor$DelayedWorkQueue.take(ScheduledThreadPoolExecutor.java:1093)
        at java.util.concurrent.ScheduledThreadPoolExecutor$DelayedWorkQueue.take(ScheduledThreadPoolExecutor.java:809)
        at java.util.concurrent.ThreadPoolExecutor.getTask(ThreadPoolExecutor.java:1074)
        at java.util.concurrent.ThreadPoolExecutor.runWorker(ThreadPoolExecutor.java:1134)
        at java.util.concurrent.ThreadPoolExecutor$Worker.run(ThreadPoolExecutor.java:624)
        at java.lang.Thread.run(Thread.java:750)
"om1@group-C5BA1605619E-StateMachineUpdater" daemon prio=5 tid=2399 timed_waiting
java.lang.Thread.State: TIMED_WAITING
        at sun.misc.Unsafe.park(Native Method)
        at java.util.concurrent.locks.LockSupport.parkNanos(LockSupport.java:215)
        at java.util.concurrent.locks.AbstractQueuedSynchronizer$ConditionObject.await(AbstractQueuedSynchronizer.java:2163)
        at org.apache.ratis.util.AwaitForSignal.await(AwaitForSignal.java:62)
        at org.apache.ratis.server.impl.StateMachineUpdater.waitForCommit(StateMachineUpdater.java:209)
        at org.apache.ratis.server.impl.StateMachineUpdater.run(StateMachineUpdater.java:178)
        at java.lang.Thread.run(Thread.java:750)
"PartialTableCache Cleanup Thread - 0" daemon prio=5 tid=2838 in Object.wait()
java.lang.Thread.State: WAITING (on object monitor)
        at sun.misc.Unsafe.park(Native Method)
        at java.util.concurrent.locks.LockSupport.park(LockSupport.java:175)
        at java.util.concurrent.locks.AbstractQueuedSynchronizer$ConditionObject.await(AbstractQueuedSynchronizer.java:2039)
        at java.util.concurrent.LinkedBlockingQueue.take(LinkedBlockingQueue.java:442)
        at java.util.concurrent.ThreadPoolExecutor.getTask(ThreadPoolExecutor.java:1074)
        at java.util.concurrent.ThreadPoolExecutor.runWorker(ThreadPoolExecutor.java:1134)
        at java.util.concurrent.ThreadPoolExecutor$Worker.run(ThreadPoolExecutor.java:624)
        at java.lang.Thread.run(Thread.java:750)
"org.apache.hadoop.util.JvmPauseMonitor$Monitor@7644d291" daemon prio=5 tid=2438 timed_waiting
java.lang.Thread.State: TIMED_WAITING
        at java.lang.Thread.sleep(Native Method)
        at org.apache.hadoop.util.JvmPauseMonitor$Monitor.run(JvmPauseMonitor.java:192)
        at java.lang.Thread.run(Thread.java:750)
"Listener at 127.0.0.1/15148" daemon prio=5 tid=2272 runnable
java.lang.Thread.State: RUNNABLE
        at java.lang.Thread.dumpThreads(Native Method)
        at java.lang.Thread.getAllStackTraces(Thread.java:1615)
        at org.apache.ozone.test.TimedOutTestsListener.buildThreadDump(TimedOutTestsListener.java:93)
        at org.apache.ozone.test.TimedOutTestsListener.buildThreadDiagnosticString(TimedOutTestsListener.java:79)
        at org.apache.ozone.test.GenericTestUtils.waitFor(GenericTestUtils.java:231)
        at org.apache.hadoop.ozone.container.TestHelper.waitForReplicaCount(TestHelper.java:440)
        at org.apache.hadoop.ozone.container.TestContainerReplication.testContainerReplication(TestContainerReplication.java:134)
        at sun.reflect.NativeMethodAccessorImpl.invoke0(Native Method)
        at sun.reflect.NativeMethodAccessorImpl.invoke(NativeMethodAccessorImpl.java:62)
        at sun.reflect.DelegatingMethodAccessorImpl.invoke(DelegatingMethodAccessorImpl.java:43)
        at java.lang.reflect.Method.invoke(Method.java:498)
        at org.junit.runners.model.FrameworkMethod$1.runReflectiveCall(FrameworkMethod.java:59)
        at org.junit.internal.runners.model.ReflectiveCallable.run(ReflectiveCallable.java:12)
        at org.junit.runners.model.FrameworkMethod.invokeExplosively(FrameworkMethod.java:56)
        at org.junit.internal.runners.statements.InvokeMethod.evaluate(InvokeMethod.java:17)
        at org.junit.internal.runners.statements.RunBefores.evaluate(RunBefores.java:26)
        at org.junit.internal.runners.statements.RunAfters.evaluate(RunAfters.java:27)
        at org.junit.internal.runners.statements.FailOnTimeout$CallableStatement.call(FailOnTimeout.java:288)
        at org.junit.internal.runners.statements.FailOnTimeout$CallableStatement.call(FailOnTimeout.java:282)
        at java.util.concurrent.FutureTask.run(FutureTask.java:266)
        at java.lang.Thread.run(Thread.java:750)
"3cc5c5e2-96d2-4640-9ca3-0d98a4ccb12e-groupManagement" daemon prio=5 tid=2699 in Object.wait()
java.lang.Thread.State: WAITING (on object monitor)
        at sun.misc.Unsafe.park(Native Method)
        at java.util.concurrent.locks.LockSupport.park(LockSupport.java:175)
        at java.util.concurrent.locks.AbstractQueuedSynchronizer$ConditionObject.await(AbstractQueuedSynchronizer.java:2039)
        at java.util.concurrent.LinkedBlockingQueue.take(LinkedBlockingQueue.java:442)
        at java.util.concurrent.ThreadPoolExecutor.getTask(ThreadPoolExecutor.java:1074)
        at java.util.concurrent.ThreadPoolExecutor.runWorker(ThreadPoolExecutor.java:1134)
        at java.util.concurrent.ThreadPoolExecutor$Worker.run(ThreadPoolExecutor.java:624)
        at java.lang.Thread.run(Thread.java:750)
"EventQueue-OpenPipelineForHealthyPipelineSafeModeRule" daemon prio=5 tid=2646 in Object.wait()
java.lang.Thread.State: WAITING (on object monitor)
        at sun.misc.Unsafe.park(Native Method)
        at java.util.concurrent.locks.LockSupport.park(LockSupport.java:175)
        at java.util.concurrent.locks.AbstractQueuedSynchronizer$ConditionObject.await(AbstractQueuedSynchronizer.java:2039)
        at java.util.concurrent.LinkedBlockingQueue.take(LinkedBlockingQueue.java:442)
        at java.util.concurrent.ThreadPoolExecutor.getTask(ThreadPoolExecutor.java:1074)
        at java.util.concurrent.ThreadPoolExecutor.runWorker(ThreadPoolExecutor.java:1134)
        at java.util.concurrent.ThreadPoolExecutor$Worker.run(ThreadPoolExecutor.java:624)
        at java.lang.Thread.run(Thread.java:750)
"IPC Server handler 0 on default port 15145" daemon prio=5 tid=2328 timed_waiting
java.lang.Thread.State: TIMED_WAITING
        at sun.misc.Unsafe.park(Native Method)
        at java.util.concurrent.locks.LockSupport.parkNanos(LockSupport.java:215)
        at java.util.concurrent.locks.AbstractQueuedSynchronizer$ConditionObject.awaitNanos(AbstractQueuedSynchronizer.java:2078)
        at java.util.concurrent.LinkedBlockingQueue.poll(LinkedBlockingQueue.java:467)
        at org.apache.hadoop.ipc.CallQueueManager.take(CallQueueManager.java:317)
        at org.apache.hadoop.ipc.Server$Handler.run(Server.java:2992)
"IPC Parameter Sending Thread for 0.0.0.0/0.0.0.0:15146" daemon prio=5 tid=2579 timed_waiting
java.lang.Thread.State: TIMED_WAITING
        at sun.misc.Unsafe.park(Native Method)
        at java.util.concurrent.locks.LockSupport.parkNanos(LockSupport.java:215)
        at java.util.concurrent.SynchronousQueue$TransferQueue.awaitFulfill(SynchronousQueue.java:764)
        at java.util.concurrent.SynchronousQueue$TransferQueue.transfer(SynchronousQueue.java:695)
        at java.util.concurrent.SynchronousQueue.poll(SynchronousQueue.java:941)
        at org.apache.hadoop.ipc.Client$Connection$RpcRequestSender.run(Client.java:1122)
        at java.lang.Thread.run(Thread.java:750)
"ChunkReader-ELG-0" daemon prio=5 tid=2597 runnable
java.lang.Thread.State: RUNNABLE
        at org.apache.ratis.thirdparty.io.netty.channel.epoll.Native.epollWait(Native Method)
        at org.apache.ratis.thirdparty.io.netty.channel.epoll.Native.epollWait(Native.java:209)
        at org.apache.ratis.thirdparty.io.netty.channel.epoll.Native.epollWait(Native.java:202)
        at org.apache.ratis.thirdparty.io.netty.channel.epoll.EpollEventLoop.epollWaitNoTimerChange(EpollEventLoop.java:306)
        at org.apache.ratis.thirdparty.io.netty.channel.epoll.EpollEventLoop.run(EpollEventLoop.java:363)
        at org.apache.ratis.thirdparty.io.netty.util.concurrent.SingleThreadEventExecutor$4.run(SingleThreadEventExecutor.java:997)
        at org.apache.ratis.thirdparty.io.netty.util.internal.ThreadExecutorMap$2.run(ThreadExecutorMap.java:74)
        at java.lang.Thread.run(Thread.java:750)
"Periodic HDDS volume checker" daemon prio=5 tid=2550 timed_waiting
java.lang.Thread.State: TIMED_WAITING
        at sun.misc.Unsafe.park(Native Method)
        at java.util.concurrent.locks.LockSupport.parkNanos(LockSupport.java:215)
        at java.util.concurrent.locks.AbstractQueuedSynchronizer$ConditionObject.awaitNanos(AbstractQueuedSynchronizer.java:2078)
        at java.util.concurrent.ScheduledThreadPoolExecutor$DelayedWorkQueue.take(ScheduledThreadPoolExecutor.java:1093)
        at java.util.concurrent.ScheduledThreadPoolExecutor$DelayedWorkQueue.take(ScheduledThreadPoolExecutor.java:809)
        at java.util.concurrent.ThreadPoolExecutor.getTask(ThreadPoolExecutor.java:1074)
        at java.util.concurrent.ThreadPoolExecutor.runWorker(ThreadPoolExecutor.java:1134)
        at java.util.concurrent.ThreadPoolExecutor$Worker.run(ThreadPoolExecutor.java:624)
        at java.lang.Thread.run(Thread.java:750)
"IPC Server handler 8 on default port 15145" daemon prio=5 tid=2336 timed_waiting
java.lang.Thread.State: TIMED_WAITING
        at sun.misc.Unsafe.park(Native Method)
        at java.util.concurrent.locks.LockSupport.parkNanos(LockSupport.java:215)
        at java.util.concurrent.locks.AbstractQueuedSynchronizer$ConditionObject.awaitNanos(AbstractQueuedSynchronizer.java:2078)
        at java.util.concurrent.LinkedBlockingQueue.poll(LinkedBlockingQueue.java:467)
        at org.apache.hadoop.ipc.CallQueueManager.take(CallQueueManager.java:317)
        at org.apache.hadoop.ipc.Server$Handler.run(Server.java:2992)
"IPC Server handler 13 on default port 15148" daemon prio=5 tid=2431 timed_waiting
java.lang.Thread.State: TIMED_WAITING
        at sun.misc.Unsafe.park(Native Method)
        at java.util.concurrent.locks.LockSupport.parkNanos(LockSupport.java:215)
        at java.util.concurrent.locks.AbstractQueuedSynchronizer$ConditionObject.awaitNanos(AbstractQueuedSynchronizer.java:2078)
        at java.util.concurrent.LinkedBlockingQueue.poll(LinkedBlockingQueue.java:467)
        at org.apache.hadoop.ipc.CallQueueManager.take(CallQueueManager.java:317)
        at org.apache.hadoop.ipc.Server$Handler.run(Server.java:2992)
"IPC Server handler 2 on default port 15145" daemon prio=5 tid=2330 timed_waiting
java.lang.Thread.State: TIMED_WAITING
        at sun.misc.Unsafe.park(Native Method)
        at java.util.concurrent.locks.LockSupport.parkNanos(LockSupport.java:215)
        at java.util.concurrent.locks.AbstractQueuedSynchronizer$ConditionObject.awaitNanos(AbstractQueuedSynchronizer.java:2078)
        at java.util.concurrent.LinkedBlockingQueue.poll(LinkedBlockingQueue.java:467)
        at org.apache.hadoop.ipc.CallQueueManager.take(CallQueueManager.java:317)
        at org.apache.hadoop.ipc.Server$Handler.run(Server.java:2992)
"timer0" daemon prio=5 tid=506 timed_waiting
java.lang.Thread.State: TIMED_WAITING
        at java.lang.Object.wait(Native Method)
        at java.util.TimerThread.mainLoop(Timer.java:552)
        at java.util.TimerThread.run(Timer.java:505)
"IPC Server handler 14 on default port 15148" daemon prio=5 tid=2432 timed_waiting
java.lang.Thread.State: TIMED_WAITING
        at sun.misc.Unsafe.park(Native Method)
        at java.util.concurrent.locks.LockSupport.parkNanos(LockSupport.java:215)
        at java.util.concurrent.locks.AbstractQueuedSynchronizer$ConditionObject.awaitNanos(AbstractQueuedSynchronizer.java:2078)
        at java.util.concurrent.LinkedBlockingQueue.poll(LinkedBlockingQueue.java:467)
        at org.apache.hadoop.ipc.CallQueueManager.take(CallQueueManager.java:317)
        at org.apache.hadoop.ipc.Server$Handler.run(Server.java:2992)
"EndpointStateMachine task thread for /0.0.0.0:15146 - 0 "  prio=5 tid=2627 in Object.wait()
java.lang.Thread.State: WAITING (on object monitor)
        at sun.misc.Unsafe.park(Native Method)
        at java.util.concurrent.locks.LockSupport.park(LockSupport.java:175)
        at java.util.concurrent.locks.AbstractQueuedSynchronizer$ConditionObject.await(AbstractQueuedSynchronizer.java:2039)
        at java.util.concurrent.LinkedBlockingQueue.take(LinkedBlockingQueue.java:442)
        at java.util.concurrent.ThreadPoolExecutor.getTask(ThreadPoolExecutor.java:1074)
        at java.util.concurrent.ThreadPoolExecutor.runWorker(ThreadPoolExecutor.java:1134)
        at java.util.concurrent.ThreadPoolExecutor$Worker.run(ThreadPoolExecutor.java:624)
        at java.lang.Thread.run(Thread.java:750)
"Datanode State Machine Task Thread - 0"  prio=5 tid=2575 in Object.wait()
java.lang.Thread.State: WAITING (on object monitor)
        at sun.misc.Unsafe.park(Native Method)
        at java.util.concurrent.locks.LockSupport.park(LockSupport.java:175)
        at java.util.concurrent.locks.AbstractQueuedSynchronizer$ConditionObject.await(AbstractQueuedSynchronizer.java:2039)
        at java.util.concurrent.LinkedBlockingQueue.take(LinkedBlockingQueue.java:442)
        at java.util.concurrent.ThreadPoolExecutor.getTask(ThreadPoolExecutor.java:1074)
        at java.util.concurrent.ThreadPoolExecutor.runWorker(ThreadPoolExecutor.java:1134)
        at java.util.concurrent.ThreadPoolExecutor$Worker.run(ThreadPoolExecutor.java:624)
        at java.lang.Thread.run(Thread.java:750)
"Command processor thread" daemon prio=5 tid=2573 timed_waiting
java.lang.Thread.State: TIMED_WAITING
        at java.lang.Thread.sleep(Native Method)
        at org.apache.hadoop.ozone.container.common.statemachine.DatanodeStateMachine.lambda$initCommandHandlerThread$3(DatanodeStateMachine.java:656)
        at org.apache.hadoop.ozone.container.common.statemachine.DatanodeStateMachine$$Lambda$788/1429443082.run(Unknown Source)
        at java.lang.Thread.run(Thread.java:750)
"Periodic HDDS volume checker" daemon prio=5 tid=2521 timed_waiting
java.lang.Thread.State: TIMED_WAITING
        at sun.misc.Unsafe.park(Native Method)
        at java.util.concurrent.locks.LockSupport.parkNanos(LockSupport.java:215)
        at java.util.concurrent.locks.AbstractQueuedSynchronizer$ConditionObject.awaitNanos(AbstractQueuedSynchronizer.java:2078)
        at java.util.concurrent.ScheduledThreadPoolExecutor$DelayedWorkQueue.take(ScheduledThreadPoolExecutor.java:1093)
        at java.util.concurrent.ScheduledThreadPoolExecutor$DelayedWorkQueue.take(ScheduledThreadPoolExecutor.java:809)
        at java.util.concurrent.ThreadPoolExecutor.getTask(ThreadPoolExecutor.java:1074)
        at java.util.concurrent.ThreadPoolExecutor.runWorker(ThreadPoolExecutor.java:1134)
        at java.util.concurrent.ThreadPoolExecutor$Worker.run(ThreadPoolExecutor.java:624)
        at java.lang.Thread.run(Thread.java:750)
"Datanode State Machine Task Thread - 0"  prio=5 tid=2492 in Object.wait()
java.lang.Thread.State: WAITING (on object monitor)
        at sun.misc.Unsafe.park(Native Method)
        at java.util.concurrent.locks.LockSupport.park(LockSupport.java:175)
        at java.util.concurrent.locks.AbstractQueuedSynchronizer$ConditionObject.await(AbstractQueuedSynchronizer.java:2039)
        at java.util.concurrent.LinkedBlockingQueue.take(LinkedBlockingQueue.java:442)
        at java.util.concurrent.ThreadPoolExecutor.getTask(ThreadPoolExecutor.java:1074)
        at java.util.concurrent.ThreadPoolExecutor.runWorker(ThreadPoolExecutor.java:1134)
        at java.util.concurrent.ThreadPoolExecutor$Worker.run(ThreadPoolExecutor.java:624)
        at java.lang.Thread.run(Thread.java:750)
"qtp2091380053-2416" daemon prio=5 tid=2416 timed_waiting
java.lang.Thread.State: TIMED_WAITING
        at sun.misc.Unsafe.park(Native Method)
        at java.util.concurrent.locks.LockSupport.parkNanos(LockSupport.java:215)
        at java.util.concurrent.locks.AbstractQueuedSynchronizer$ConditionObject.awaitNanos(AbstractQueuedSynchronizer.java:2078)
        at org.eclipse.jetty.util.BlockingArrayQueue.poll(BlockingArrayQueue.java:382)
        at org.eclipse.jetty.util.thread.QueuedThreadPool$Runner.idleJobPoll(QueuedThreadPool.java:974)
        at org.eclipse.jetty.util.thread.QueuedThreadPool$Runner.run(QueuedThreadPool.java:1018)
        at java.lang.Thread.run(Thread.java:750)
"IPC Server handler 3 on default port 15145" daemon prio=5 tid=2331 timed_waiting
java.lang.Thread.State: TIMED_WAITING
        at sun.misc.Unsafe.park(Native Method)
        at java.util.concurrent.locks.LockSupport.parkNanos(LockSupport.java:215)
        at java.util.concurrent.locks.AbstractQueuedSynchronizer$ConditionObject.awaitNanos(AbstractQueuedSynchronizer.java:2078)
        at java.util.concurrent.LinkedBlockingQueue.poll(LinkedBlockingQueue.java:467)
        at org.apache.hadoop.ipc.CallQueueManager.take(CallQueueManager.java:317)
        at org.apache.hadoop.ipc.Server$Handler.run(Server.java:2992)
"IPC Server handler 15 on default port 15145" daemon prio=5 tid=2343 timed_waiting
java.lang.Thread.State: TIMED_WAITING
        at sun.misc.Unsafe.park(Native Method)
        at java.util.concurrent.locks.LockSupport.parkNanos(LockSupport.java:215)
        at java.util.concurrent.locks.AbstractQueuedSynchronizer$ConditionObject.awaitNanos(AbstractQueuedSynchronizer.java:2078)
        at java.util.concurrent.LinkedBlockingQueue.poll(LinkedBlockingQueue.java:467)
        at org.apache.hadoop.ipc.CallQueueManager.take(CallQueueManager.java:317)
        at org.apache.hadoop.ipc.Server$Handler.run(Server.java:2992)
"FullTableCache Cleanup Thread - 0" daemon prio=5 tid=1252 in Object.wait()
java.lang.Thread.State: WAITING (on object monitor)
        at sun.misc.Unsafe.park(Native Method)
        at java.util.concurrent.locks.LockSupport.park(LockSupport.java:175)
        at java.util.concurrent.locks.AbstractQueuedSynchronizer$ConditionObject.await(AbstractQueuedSynchronizer.java:2039)
        at java.util.concurrent.LinkedBlockingQueue.take(LinkedBlockingQueue.java:442)
        at java.util.concurrent.ThreadPoolExecutor.getTask(ThreadPoolExecutor.java:1074)
        at java.util.concurrent.ThreadPoolExecutor.runWorker(ThreadPoolExecutor.java:1134)
        at java.util.concurrent.ThreadPoolExecutor$Worker.run(ThreadPoolExecutor.java:624)
        at java.lang.Thread.run(Thread.java:750)
"Command processor thread" daemon prio=5 tid=2490 timed_waiting
java.lang.Thread.State: TIMED_WAITING
        at java.lang.Thread.sleep(Native Method)
        at org.apache.hadoop.ozone.container.common.statemachine.DatanodeStateMachine.lambda$initCommandHandlerThread$3(DatanodeStateMachine.java:656)
        at org.apache.hadoop.ozone.container.common.statemachine.DatanodeStateMachine$$Lambda$788/1429443082.run(Unknown Source)
        at java.lang.Thread.run(Thread.java:750)
"Datanode ReportManager Thread - 2" daemon prio=5 tid=2487 in Object.wait()
java.lang.Thread.State: WAITING (on object monitor)
        at sun.misc.Unsafe.park(Native Method)
        at java.util.concurrent.locks.LockSupport.park(LockSupport.java:175)
        at java.util.concurrent.locks.AbstractQueuedSynchronizer$ConditionObject.await(AbstractQueuedSynchronizer.java:2039)
        at java.util.concurrent.ScheduledThreadPoolExecutor$DelayedWorkQueue.take(ScheduledThreadPoolExecutor.java:1088)
        at java.util.concurrent.ScheduledThreadPoolExecutor$DelayedWorkQueue.take(ScheduledThreadPoolExecutor.java:809)
        at java.util.concurrent.ThreadPoolExecutor.getTask(ThreadPoolExecutor.java:1074)
        at java.util.concurrent.ThreadPoolExecutor.runWorker(ThreadPoolExecutor.java:1134)
        at java.util.concurrent.ThreadPoolExecutor$Worker.run(ThreadPoolExecutor.java:624)
        at java.lang.Thread.run(Thread.java:750)
"qtp211654403-2537" daemon prio=5 tid=2537 timed_waiting
java.lang.Thread.State: TIMED_WAITING
        at sun.misc.Unsafe.park(Native Method)
        at java.util.concurrent.locks.LockSupport.parkNanos(LockSupport.java:215)
        at java.util.concurrent.locks.AbstractQueuedSynchronizer$ConditionObject.awaitNanos(AbstractQueuedSynchronizer.java:2078)
        at org.eclipse.jetty.util.BlockingArrayQueue.poll(BlockingArrayQueue.java:382)
        at org.eclipse.jetty.util.thread.QueuedThreadPool$Runner.idleJobPoll(QueuedThreadPool.java:974)
        at org.eclipse.jetty.util.thread.QueuedThreadPool$Runner.run(QueuedThreadPool.java:1018)
        at java.lang.Thread.run(Thread.java:750)
"Finalizer" daemon prio=8 tid=3 in Object.wait()
java.lang.Thread.State: WAITING (on object monitor)
        at java.lang.Object.wait(Native Method)
        at java.lang.ref.ReferenceQueue.remove(ReferenceQueue.java:144)
        at java.lang.ref.ReferenceQueue.remove(ReferenceQueue.java:165)
        at java.lang.ref.Finalizer$FinalizerThread.run(Finalizer.java:188)
"qtp1575475030-2560" daemon prio=5 tid=2560 timed_waiting
java.lang.Thread.State: TIMED_WAITING
        at sun.misc.Unsafe.park(Native Method)
        at java.util.concurrent.locks.LockSupport.parkNanos(LockSupport.java:215)
        at java.util.concurrent.locks.AbstractQueuedSynchronizer$ConditionObject.awaitNanos(AbstractQueuedSynchronizer.java:2078)
        at org.eclipse.jetty.util.BlockingArrayQueue.poll(BlockingArrayQueue.java:382)
        at org.eclipse.jetty.util.thread.QueuedThreadPool$Runner.idleJobPoll(QueuedThreadPool.java:974)
        at org.eclipse.jetty.util.thread.QueuedThreadPool$Runner.run(QueuedThreadPool.java:1018)
        at java.lang.Thread.run(Thread.java:750)
"timer7" daemon prio=5 tid=505 timed_waiting
java.lang.Thread.State: TIMED_WAITING
        at java.lang.Object.wait(Native Method)
        at java.util.TimerThread.mainLoop(Timer.java:552)
        at java.util.TimerThread.run(Timer.java:505)
"ReplicationContainerReader-1" daemon prio=5 tid=2842 runnable
java.lang.Thread.State: RUNNABLE
        at sun.misc.FloatingDecimal$BinaryToASCIIBuffer.access$100(FloatingDecimal.java:259)
        at sun.misc.FloatingDecimal.getBinaryToASCIIConverter(FloatingDecimal.java:1785)
        at sun.misc.FloatingDecimal.getBinaryToASCIIConverter(FloatingDecimal.java:1738)
        at sun.misc.FloatingDecimal.toJavaFormatString(FloatingDecimal.java:70)
        at java.lang.Double.toString(Double.java:204)
        at java.math.BigDecimal.valueOf(BigDecimal.java:1291)
        at org.apache.hadoop.hdds.conf.StorageUnit.multiply(StorageUnit.java:495)
        at org.apache.hadoop.hdds.conf.StorageUnit.access$100(StorageUnit.java:26)
        at org.apache.hadoop.hdds.conf.StorageUnit$4.toBytes(StorageUnit.java:222)
        at org.apache.hadoop.hdds.conf.ConfigurationSource.getStorageSize(ConfigurationSource.java:294)
        at org.apache.hadoop.ozone.container.common.volume.VolumeUsage.getMinVolumeFreeSpace(VolumeUsage.java:135)
        at org.apache.hadoop.ozone.container.common.volume.AvailableSpaceFilter.test(AvailableSpaceFilter.java:46)
        at org.apache.hadoop.ozone.container.common.volume.RoundRobinVolumeChoosingPolicy.chooseVolume(RoundRobinVolumeChoosingPolicy.java:66)
        at org.apache.hadoop.ozone.container.replication.ContainerImporter.chooseNextVolume(ContainerImporter.java:117)
        at org.apache.hadoop.ozone.container.replication.SendContainerRequestHandler.onNext(SendContainerRequestHandler.java:73)
        at org.apache.hadoop.ozone.container.replication.SendContainerRequestHandler.onNext(SendContainerRequestHandler.java:39)
        at org.apache.ratis.thirdparty.io.grpc.stub.ServerCalls$StreamingServerCallHandler$StreamingServerCallListener.onMessage(ServerCalls.java:262)
        at org.apache.ratis.thirdparty.io.grpc.ForwardingServerCallListener.onMessage(ForwardingServerCallListener.java:33)
        at org.apache.hadoop.hdds.tracing.GrpcServerInterceptor$1.onMessage(GrpcServerInterceptor.java:49)
        at org.apache.ratis.thirdparty.io.grpc.internal.ServerCallImpl$ServerStreamListenerImpl.messagesAvailableInternal(ServerCallImpl.java:333)
        at org.apache.ratis.thirdparty.io.grpc.internal.ServerCallImpl$ServerStreamListenerImpl.messagesAvailable(ServerCallImpl.java:316)
        at org.apache.ratis.thirdparty.io.grpc.internal.ServerImpl$JumpToApplicationThreadServerStreamListener$1MessagesAvailable.runInContext(ServerImpl.java:835)
        at org.apache.ratis.thirdparty.io.grpc.internal.ContextRunnable.run(ContextRunnable.java:37)
        at org.apache.ratis.thirdparty.io.grpc.internal.SerializingExecutor.run(SerializingExecutor.java:133)
        at java.util.concurrent.ThreadPoolExecutor.runWorker(ThreadPoolExecutor.java:1149)
        at java.util.concurrent.ThreadPoolExecutor$Worker.run(ThreadPoolExecutor.java:624)
        at java.lang.Thread.run(Thread.java:750)
"IPC Server handler 6 on default port 15145" daemon prio=5 tid=2334 timed_waiting
java.lang.Thread.State: TIMED_WAITING
        at sun.misc.Unsafe.park(Native Method)
        at java.util.concurrent.locks.LockSupport.parkNanos(LockSupport.java:215)
        at java.util.concurrent.locks.AbstractQueuedSynchronizer$ConditionObject.awaitNanos(AbstractQueuedSynchronizer.java:2078)
        at java.util.concurrent.LinkedBlockingQueue.poll(LinkedBlockingQueue.java:467)
        at org.apache.hadoop.ipc.CallQueueManager.take(CallQueueManager.java:317)
        at org.apache.hadoop.ipc.Server$Handler.run(Server.java:2992)
"PartialTableCache Cleanup Thread - 0" daemon prio=5 tid=1269 in Object.wait()
java.lang.Thread.State: WAITING (on object monitor)
        at sun.misc.Unsafe.park(Native Method)
        at java.util.concurrent.locks.LockSupport.park(LockSupport.java:175)
        at java.util.concurrent.locks.AbstractQueuedSynchronizer$ConditionObject.await(AbstractQueuedSynchronizer.java:2039)
        at java.util.concurrent.LinkedBlockingQueue.take(LinkedBlockingQueue.java:442)
        at java.util.concurrent.ThreadPoolExecutor.getTask(ThreadPoolExecutor.java:1074)
        at java.util.concurrent.ThreadPoolExecutor.runWorker(ThreadPoolExecutor.java:1134)
        at java.util.concurrent.ThreadPoolExecutor$Worker.run(ThreadPoolExecutor.java:624)
        at java.lang.Thread.run(Thread.java:750)
"Datanode State Machine Task Thread - 0"  prio=5 tid=2548 in Object.wait()
java.lang.Thread.State: WAITING (on object monitor)
        at sun.misc.Unsafe.park(Native Method)
        at java.util.concurrent.locks.LockSupport.park(LockSupport.java:175)
        at java.util.concurrent.locks.AbstractQueuedSynchronizer$ConditionObject.await(AbstractQueuedSynchronizer.java:2039)
        at java.util.concurrent.LinkedBlockingQueue.take(LinkedBlockingQueue.java:442)
        at java.util.concurrent.ThreadPoolExecutor.getTask(ThreadPoolExecutor.java:1074)
        at java.util.concurrent.ThreadPoolExecutor.runWorker(ThreadPoolExecutor.java:1134)
        at java.util.concurrent.ThreadPoolExecutor$Worker.run(ThreadPoolExecutor.java:624)
        at java.lang.Thread.run(Thread.java:750)
"IPC Server handler 2 on default port 15144" daemon prio=5 tid=2310 timed_waiting
java.lang.Thread.State: TIMED_WAITING
        at sun.misc.Unsafe.park(Native Method)
        at java.util.concurrent.locks.LockSupport.parkNanos(LockSupport.java:215)
        at java.util.concurrent.locks.AbstractQueuedSynchronizer$ConditionObject.awaitNanos(AbstractQueuedSynchronizer.java:2078)
        at java.util.concurrent.LinkedBlockingQueue.poll(LinkedBlockingQueue.java:467)
        at org.apache.hadoop.ipc.CallQueueManager.take(CallQueueManager.java:317)
        at org.apache.hadoop.ipc.Server$Handler.run(Server.java:2992)
"qtp1403968272-2476-acceptor-0@6b2e2b79-ServerConnector@5506f18b{HTTP/1.1, (http/1.1)}{0.0.0.0:15161}" daemon prio=3 tid=2476 runnable
java.lang.Thread.State: RUNNABLE
        at sun.nio.ch.ServerSocketChannelImpl.accept0(Native Method)
        at sun.nio.ch.ServerSocketChannelImpl.accept(ServerSocketChannelImpl.java:421)
        at sun.nio.ch.ServerSocketChannelImpl.accept(ServerSocketChannelImpl.java:249)
        at org.eclipse.jetty.server.ServerConnector.accept(ServerConnector.java:388)
        at org.eclipse.jetty.server.AbstractConnector$Acceptor.run(AbstractConnector.java:704)
        at org.eclipse.jetty.util.thread.QueuedThreadPool.runJob(QueuedThreadPool.java:883)
        at org.eclipse.jetty.util.thread.QueuedThreadPool$Runner.run(QueuedThreadPool.java:1034)
        at java.lang.Thread.run(Thread.java:750)
"IPC Server handler 16 on default port 15148" daemon prio=5 tid=2434 timed_waiting
java.lang.Thread.State: TIMED_WAITING
        at sun.misc.Unsafe.park(Native Method)
        at java.util.concurrent.locks.LockSupport.parkNanos(LockSupport.java:215)
        at java.util.concurrent.locks.AbstractQueuedSynchronizer$ConditionObject.awaitNanos(AbstractQueuedSynchronizer.java:2078)
        at java.util.concurrent.LinkedBlockingQueue.poll(LinkedBlockingQueue.java:467)
        at org.apache.hadoop.ipc.CallQueueManager.take(CallQueueManager.java:317)
        at org.apache.hadoop.ipc.Server$Handler.run(Server.java:2992)
"IPC Server handler 13 on default port 15144" daemon prio=5 tid=2321 timed_waiting
java.lang.Thread.State: TIMED_WAITING
        at sun.misc.Unsafe.park(Native Method)
        at java.util.concurrent.locks.LockSupport.parkNanos(LockSupport.java:215)
        at java.util.concurrent.locks.AbstractQueuedSynchronizer$ConditionObject.awaitNanos(AbstractQueuedSynchronizer.java:2078)
        at java.util.concurrent.LinkedBlockingQueue.poll(LinkedBlockingQueue.java:467)
        at org.apache.hadoop.ipc.CallQueueManager.take(CallQueueManager.java:317)
        at org.apache.hadoop.ipc.Server$Handler.run(Server.java:2992)
"grpc-default-executor-2" daemon prio=5 tid=2714 timed_waiting
java.lang.Thread.State: TIMED_WAITING
        at sun.misc.Unsafe.park(Native Method)
        at java.util.concurrent.locks.LockSupport.parkNanos(LockSupport.java:215)
        at java.util.concurrent.SynchronousQueue$TransferStack.awaitFulfill(SynchronousQueue.java:460)
        at java.util.concurrent.SynchronousQueue$TransferStack.transfer(SynchronousQueue.java:362)
        at java.util.concurrent.SynchronousQueue.poll(SynchronousQueue.java:941)
        at java.util.concurrent.ThreadPoolExecutor.getTask(ThreadPoolExecutor.java:1073)
        at java.util.concurrent.ThreadPoolExecutor.runWorker(ThreadPoolExecutor.java:1134)
        at java.util.concurrent.ThreadPoolExecutor$Worker.run(ThreadPoolExecutor.java:624)
        at java.lang.Thread.run(Thread.java:750)
"ChunkWriter-3-0" daemon prio=5 tid=2595 in Object.wait()
java.lang.Thread.State: WAITING (on object monitor)
        at sun.misc.Unsafe.park(Native Method)
        at java.util.concurrent.locks.LockSupport.park(LockSupport.java:175)
        at java.util.concurrent.locks.AbstractQueuedSynchronizer$ConditionObject.await(AbstractQueuedSynchronizer.java:2039)
        at java.util.concurrent.LinkedBlockingDeque.takeFirst(LinkedBlockingDeque.java:492)
        at java.util.concurrent.LinkedBlockingDeque.take(LinkedBlockingDeque.java:680)
        at java.util.concurrent.ThreadPoolExecutor.getTask(ThreadPoolExecutor.java:1074)
        at java.util.concurrent.ThreadPoolExecutor.runWorker(ThreadPoolExecutor.java:1134)
        at java.util.concurrent.ThreadPoolExecutor$Worker.run(ThreadPoolExecutor.java:624)
        at java.lang.Thread.run(Thread.java:750)
"PartialTableCache Cleanup Thread - 0" daemon prio=5 tid=501 in Object.wait()
java.lang.Thread.State: WAITING (on object monitor)
        at sun.misc.Unsafe.park(Native Method)
        at java.util.concurrent.locks.LockSupport.park(LockSupport.java:175)
        at java.util.concurrent.locks.AbstractQueuedSynchronizer$ConditionObject.await(AbstractQueuedSynchronizer.java:2039)
        at java.util.concurrent.LinkedBlockingQueue.take(LinkedBlockingQueue.java:442)
        at java.util.concurrent.ThreadPoolExecutor.getTask(ThreadPoolExecutor.java:1074)
        at java.util.concurrent.ThreadPoolExecutor.runWorker(ThreadPoolExecutor.java:1134)
        at java.util.concurrent.ThreadPoolExecutor$Worker.run(ThreadPoolExecutor.java:624)
        at java.lang.Thread.run(Thread.java:750)
"Datanode ReportManager Thread - 1" daemon prio=5 tid=2486 in Object.wait()
java.lang.Thread.State: WAITING (on object monitor)
        at sun.misc.Unsafe.park(Native Method)
        at java.util.concurrent.locks.LockSupport.park(LockSupport.java:175)
        at java.util.concurrent.locks.AbstractQueuedSynchronizer$ConditionObject.await(AbstractQueuedSynchronizer.java:2039)
        at java.util.concurrent.ScheduledThreadPoolExecutor$DelayedWorkQueue.take(ScheduledThreadPoolExecutor.java:1088)
        at java.util.concurrent.ScheduledThreadPoolExecutor$DelayedWorkQueue.take(ScheduledThreadPoolExecutor.java:809)
        at java.util.concurrent.ThreadPoolExecutor.getTask(ThreadPoolExecutor.java:1074)
        at java.util.concurrent.ThreadPoolExecutor.runWorker(ThreadPoolExecutor.java:1134)
        at java.util.concurrent.ThreadPoolExecutor$Worker.run(ThreadPoolExecutor.java:624)
        at java.lang.Thread.run(Thread.java:750)
"Datanode ReportManager Thread - 4" daemon prio=5 tid=2545 in Object.wait()
java.lang.Thread.State: WAITING (on object monitor)
        at sun.misc.Unsafe.park(Native Method)
        at java.util.concurrent.locks.LockSupport.park(LockSupport.java:175)
        at java.util.concurrent.locks.AbstractQueuedSynchronizer$ConditionObject.await(AbstractQueuedSynchronizer.java:2039)
        at java.util.concurrent.ScheduledThreadPoolExecutor$DelayedWorkQueue.take(ScheduledThreadPoolExecutor.java:1088)
        at java.util.concurrent.ScheduledThreadPoolExecutor$DelayedWorkQueue.take(ScheduledThreadPoolExecutor.java:809)
        at java.util.concurrent.ThreadPoolExecutor.getTask(ThreadPoolExecutor.java:1074)
        at java.util.concurrent.ThreadPoolExecutor.runWorker(ThreadPoolExecutor.java:1134)
        at java.util.concurrent.ThreadPoolExecutor$Worker.run(ThreadPoolExecutor.java:624)
        at java.lang.Thread.run(Thread.java:750)
"ChunkReader-ELG-0" daemon prio=5 tid=2633 runnable
java.lang.Thread.State: RUNNABLE
        at org.apache.ratis.thirdparty.io.netty.channel.epoll.Native.epollWait(Native Method)
        at org.apache.ratis.thirdparty.io.netty.channel.epoll.Native.epollWait(Native.java:209)
        at org.apache.ratis.thirdparty.io.netty.channel.epoll.Native.epollWait(Native.java:202)
        at org.apache.ratis.thirdparty.io.netty.channel.epoll.EpollEventLoop.epollWaitNoTimerChange(EpollEventLoop.java:306)
        at org.apache.ratis.thirdparty.io.netty.channel.epoll.EpollEventLoop.run(EpollEventLoop.java:363)
        at org.apache.ratis.thirdparty.io.netty.util.concurrent.SingleThreadEventExecutor$4.run(SingleThreadEventExecutor.java:997)
        at org.apache.ratis.thirdparty.io.netty.util.internal.ThreadExecutorMap$2.run(ThreadExecutorMap.java:74)
        at java.lang.Thread.run(Thread.java:750)
"OpenKeyCleanupService#0" daemon prio=5 tid=2405 timed_waiting
java.lang.Thread.State: TIMED_WAITING
        at sun.misc.Unsafe.park(Native Method)
        at java.util.concurrent.locks.LockSupport.parkNanos(LockSupport.java:215)
        at java.util.concurrent.locks.AbstractQueuedSynchronizer$ConditionObject.awaitNanos(AbstractQueuedSynchronizer.java:2078)
        at java.util.concurrent.ScheduledThreadPoolExecutor$DelayedWorkQueue.take(ScheduledThreadPoolExecutor.java:1093)
        at java.util.concurrent.ScheduledThreadPoolExecutor$DelayedWorkQueue.take(ScheduledThreadPoolExecutor.java:809)
        at java.util.concurrent.ThreadPoolExecutor.getTask(ThreadPoolExecutor.java:1074)
        at java.util.concurrent.ThreadPoolExecutor.runWorker(ThreadPoolExecutor.java:1134)
        at java.util.concurrent.ThreadPoolExecutor$Worker.run(ThreadPoolExecutor.java:624)
        at java.lang.Thread.run(Thread.java:750)
"IPC Server handler 2 on default port 15146" daemon prio=5 tid=2350 timed_waiting
java.lang.Thread.State: TIMED_WAITING
        at sun.misc.Unsafe.park(Native Method)
        at java.util.concurrent.locks.LockSupport.parkNanos(LockSupport.java:215)
        at java.util.concurrent.locks.AbstractQueuedSynchronizer$ConditionObject.awaitNanos(AbstractQueuedSynchronizer.java:2078)
        at java.util.concurrent.LinkedBlockingQueue.poll(LinkedBlockingQueue.java:467)
        at org.apache.hadoop.ipc.CallQueueManager.take(CallQueueManager.java:317)
        at org.apache.hadoop.ipc.Server$Handler.run(Server.java:2992)
"grpc-default-executor-5" daemon prio=5 tid=2717 timed_waiting
java.lang.Thread.State: TIMED_WAITING
        at sun.misc.Unsafe.park(Native Method)
        at java.util.concurrent.locks.LockSupport.parkNanos(LockSupport.java:215)
        at java.util.concurrent.SynchronousQueue$TransferStack.awaitFulfill(SynchronousQueue.java:460)
        at java.util.concurrent.SynchronousQueue$TransferStack.transfer(SynchronousQueue.java:362)
        at java.util.concurrent.SynchronousQueue.poll(SynchronousQueue.java:941)
        at java.util.concurrent.ThreadPoolExecutor.getTask(ThreadPoolExecutor.java:1073)
        at java.util.concurrent.ThreadPoolExecutor.runWorker(ThreadPoolExecutor.java:1134)
        at java.util.concurrent.ThreadPoolExecutor$Worker.run(ThreadPoolExecutor.java:624)
        at java.lang.Thread.run(Thread.java:750)
"IPC Server Responder" daemon prio=5 tid=2284 runnable
java.lang.Thread.State: RUNNABLE
        at sun.nio.ch.EPollArrayWrapper.epollWait(Native Method)
        at sun.nio.ch.EPollArrayWrapper.poll(EPollArrayWrapper.java:269)
        at sun.nio.ch.EPollSelectorImpl.doSelect(EPollSelectorImpl.java:93)
        at sun.nio.ch.SelectorImpl.lockAndDoSelect(SelectorImpl.java:86)
        at sun.nio.ch.SelectorImpl.select(SelectorImpl.java:97)
        at org.apache.hadoop.ipc.Server$Responder.doRunLoop(Server.java:1578)
        at org.apache.hadoop.ipc.Server$Responder.run(Server.java:1561)
"IPC Server handler 15 on default port 15144" daemon prio=5 tid=2323 timed_waiting
java.lang.Thread.State: TIMED_WAITING
        at sun.misc.Unsafe.park(Native Method)
        at java.util.concurrent.locks.LockSupport.parkNanos(LockSupport.java:215)
        at java.util.concurrent.locks.AbstractQueuedSynchronizer$ConditionObject.awaitNanos(AbstractQueuedSynchronizer.java:2078)
        at java.util.concurrent.LinkedBlockingQueue.poll(LinkedBlockingQueue.java:467)
        at org.apache.hadoop.ipc.CallQueueManager.take(CallQueueManager.java:317)
        at org.apache.hadoop.ipc.Server$Handler.run(Server.java:2992)
"PartialTableCache Cleanup Thread - 0" daemon prio=5 tid=500 in Object.wait()
java.lang.Thread.State: WAITING (on object monitor)
        at sun.misc.Unsafe.park(Native Method)
        at java.util.concurrent.locks.LockSupport.park(LockSupport.java:175)
        at java.util.concurrent.locks.AbstractQueuedSynchronizer$ConditionObject.await(AbstractQueuedSynchronizer.java:2039)
        at java.util.concurrent.LinkedBlockingQueue.take(LinkedBlockingQueue.java:442)
        at java.util.concurrent.ThreadPoolExecutor.getTask(ThreadPoolExecutor.java:1074)
        at java.util.concurrent.ThreadPoolExecutor.runWorker(ThreadPoolExecutor.java:1134)
        at java.util.concurrent.ThreadPoolExecutor$Worker.run(ThreadPoolExecutor.java:624)
        at java.lang.Thread.run(Thread.java:750)
"Socket Reader #1 for port 15145" daemon prio=5 tid=2287 runnable
java.lang.Thread.State: RUNNABLE
        at sun.nio.ch.EPollArrayWrapper.epollWait(Native Method)
        at sun.nio.ch.EPollArrayWrapper.poll(EPollArrayWrapper.java:269)
        at sun.nio.ch.EPollSelectorImpl.doSelect(EPollSelectorImpl.java:93)
        at sun.nio.ch.SelectorImpl.lockAndDoSelect(SelectorImpl.java:86)
        at sun.nio.ch.SelectorImpl.select(SelectorImpl.java:97)
        at sun.nio.ch.SelectorImpl.select(SelectorImpl.java:101)
        at org.apache.hadoop.ipc.Server$Listener$Reader.doRunLoop(Server.java:1342)
        at org.apache.hadoop.ipc.Server$Listener$Reader.run(Server.java:1321)
"PartialTableCache Cleanup Thread - 0" daemon prio=5 tid=2021 in Object.wait()
java.lang.Thread.State: WAITING (on object monitor)
        at sun.misc.Unsafe.park(Native Method)
        at java.util.concurrent.locks.LockSupport.park(LockSupport.java:175)
        at java.util.concurrent.locks.AbstractQueuedSynchronizer$ConditionObject.await(AbstractQueuedSynchronizer.java:2039)
        at java.util.concurrent.LinkedBlockingQueue.take(LinkedBlockingQueue.java:442)
        at java.util.concurrent.ThreadPoolExecutor.getTask(ThreadPoolExecutor.java:1074)
        at java.util.concurrent.ThreadPoolExecutor.runWorker(ThreadPoolExecutor.java:1134)
        at java.util.concurrent.ThreadPoolExecutor$Worker.run(ThreadPoolExecutor.java:624)
        at java.lang.Thread.run(Thread.java:750)
"pool-723-thread-1"  prio=5 tid=2474 timed_waiting
java.lang.Thread.State: TIMED_WAITING
        at sun.misc.Unsafe.park(Native Method)
        at java.util.concurrent.locks.LockSupport.parkNanos(LockSupport.java:215)
        at java.util.concurrent.locks.AbstractQueuedSynchronizer$ConditionObject.awaitNanos(AbstractQueuedSynchronizer.java:2078)
        at java.util.concurrent.ScheduledThreadPoolExecutor$DelayedWorkQueue.take(ScheduledThreadPoolExecutor.java:1093)
        at java.util.concurrent.ScheduledThreadPoolExecutor$DelayedWorkQueue.take(ScheduledThreadPoolExecutor.java:809)
        at java.util.concurrent.ThreadPoolExecutor.getTask(ThreadPoolExecutor.java:1074)
        at java.util.concurrent.ThreadPoolExecutor.runWorker(ThreadPoolExecutor.java:1134)
        at java.util.concurrent.ThreadPoolExecutor$Worker.run(ThreadPoolExecutor.java:624)
        at java.lang.Thread.run(Thread.java:750)
"PartialTableCache Cleanup Thread - 0" daemon prio=5 tid=2753 in Object.wait()
java.lang.Thread.State: WAITING (on object monitor)
        at sun.misc.Unsafe.park(Native Method)
        at java.util.concurrent.locks.LockSupport.park(LockSupport.java:175)
        at java.util.concurrent.locks.AbstractQueuedSynchronizer$ConditionObject.await(AbstractQueuedSynchronizer.java:2039)
        at java.util.concurrent.LinkedBlockingQueue.take(LinkedBlockingQueue.java:442)
        at java.util.concurrent.ThreadPoolExecutor.getTask(ThreadPoolExecutor.java:1074)
        at java.util.concurrent.ThreadPoolExecutor.runWorker(ThreadPoolExecutor.java:1134)
        at java.util.concurrent.ThreadPoolExecutor$Worker.run(ThreadPoolExecutor.java:624)
        at java.lang.Thread.run(Thread.java:750)
"Datanode State Machine Task Thread - 1"  prio=5 tid=2626 in Object.wait()
java.lang.Thread.State: WAITING (on object monitor)
        at sun.misc.Unsafe.park(Native Method)
        at java.util.concurrent.locks.LockSupport.park(LockSupport.java:175)
        at java.util.concurrent.locks.AbstractQueuedSynchronizer$ConditionObject.await(AbstractQueuedSynchronizer.java:2039)
        at java.util.concurrent.LinkedBlockingQueue.take(LinkedBlockingQueue.java:442)
        at java.util.concurrent.ThreadPoolExecutor.getTask(ThreadPoolExecutor.java:1074)
        at java.util.concurrent.ThreadPoolExecutor.runWorker(ThreadPoolExecutor.java:1134)
        at java.util.concurrent.ThreadPoolExecutor$Worker.run(ThreadPoolExecutor.java:624)
        at java.lang.Thread.run(Thread.java:750)
"org.apache.hadoop.ozone.container.common.statemachine.commandhandler.DeleteBlocksCommandHandler$DeleteCmdWorker@fdd71fa" daemon prio=5 tid=2528 timed_waiting
java.lang.Thread.State: TIMED_WAITING
        at java.lang.Thread.sleep(Native Method)
        at org.apache.hadoop.ozone.container.common.statemachine.commandhandler.DeleteBlocksCommandHandler$DeleteCmdWorker.run(DeleteBlocksCommandHandler.java:187)
        at java.lang.Thread.run(Thread.java:750)
"JvmPauseMonitor18" daemon prio=5 tid=2401 timed_waiting
java.lang.Thread.State: TIMED_WAITING
        at java.lang.Thread.sleep(Native Method)
        at java.lang.Thread.sleep(Thread.java:342)
        at java.util.concurrent.TimeUnit.sleep(TimeUnit.java:386)
        at org.apache.ratis.util.TimeDuration.sleep(TimeDuration.java:325)
        at org.apache.ratis.util.TimeDuration.sleep(TimeDuration.java:310)
        at org.apache.ratis.util.JvmPauseMonitor.detectPause(JvmPauseMonitor.java:117)
        at org.apache.ratis.util.JvmPauseMonitor.run(JvmPauseMonitor.java:106)
        at org.apache.ratis.util.JvmPauseMonitor$$Lambda$708/1155834015.run(Unknown Source)
        at java.lang.Thread.run(Thread.java:750)
"Datanode ReportManager Thread - 0" daemon prio=5 tid=2541 in Object.wait()
java.lang.Thread.State: WAITING (on object monitor)
        at sun.misc.Unsafe.park(Native Method)
        at java.util.concurrent.locks.LockSupport.park(LockSupport.java:175)
        at java.util.concurrent.locks.AbstractQueuedSynchronizer$ConditionObject.await(AbstractQueuedSynchronizer.java:2039)
        at java.util.concurrent.ScheduledThreadPoolExecutor$DelayedWorkQueue.take(ScheduledThreadPoolExecutor.java:1088)
        at java.util.concurrent.ScheduledThreadPoolExecutor$DelayedWorkQueue.take(ScheduledThreadPoolExecutor.java:809)
        at java.util.concurrent.ThreadPoolExecutor.getTask(ThreadPoolExecutor.java:1074)
        at java.util.concurrent.ThreadPoolExecutor.runWorker(ThreadPoolExecutor.java:1134)
        at java.util.concurrent.ThreadPoolExecutor$Worker.run(ThreadPoolExecutor.java:624)
        at java.lang.Thread.run(Thread.java:750)
"Datanode State Machine Daemon Thread" daemon prio=5 tid=2511 timed_waiting
java.lang.Thread.State: TIMED_WAITING
        at java.lang.Thread.sleep(Native Method)
        at org.apache.hadoop.ozone.container.common.statemachine.DatanodeStateMachine.startStateMachineThread(DatanodeStateMachine.java:343)
        at org.apache.hadoop.ozone.container.common.statemachine.DatanodeStateMachine.lambda$startDaemon$0(DatanodeStateMachine.java:525)
        at org.apache.hadoop.ozone.container.common.statemachine.DatanodeStateMachine$$Lambda$784/976021110.run(Unknown Source)
        at java.lang.Thread.run(Thread.java:750)
"grpc-default-executor-3" daemon prio=5 tid=2715 timed_waiting
java.lang.Thread.State: TIMED_WAITING
        at sun.misc.Unsafe.park(Native Method)
        at java.util.concurrent.locks.LockSupport.parkNanos(LockSupport.java:215)
        at java.util.concurrent.SynchronousQueue$TransferStack.awaitFulfill(SynchronousQueue.java:460)
        at java.util.concurrent.SynchronousQueue$TransferStack.transfer(SynchronousQueue.java:362)
        at java.util.concurrent.SynchronousQueue.poll(SynchronousQueue.java:941)
        at java.util.concurrent.ThreadPoolExecutor.getTask(ThreadPoolExecutor.java:1073)
        at java.util.concurrent.ThreadPoolExecutor.runWorker(ThreadPoolExecutor.java:1134)
        at java.util.concurrent.ThreadPoolExecutor$Worker.run(ThreadPoolExecutor.java:624)
        at java.lang.Thread.run(Thread.java:750)
"ChunkWriter-0-0" daemon prio=5 tid=2616 in Object.wait()
java.lang.Thread.State: WAITING (on object monitor)
        at sun.misc.Unsafe.park(Native Method)
        at java.util.concurrent.locks.LockSupport.park(LockSupport.java:175)
        at java.util.concurrent.locks.AbstractQueuedSynchronizer$ConditionObject.await(AbstractQueuedSynchronizer.java:2039)
        at java.util.concurrent.LinkedBlockingDeque.takeFirst(LinkedBlockingDeque.java:492)
        at java.util.concurrent.LinkedBlockingDeque.take(LinkedBlockingDeque.java:680)
        at java.util.concurrent.ThreadPoolExecutor.getTask(ThreadPoolExecutor.java:1074)
        at java.util.concurrent.ThreadPoolExecutor.runWorker(ThreadPoolExecutor.java:1134)
        at java.util.concurrent.ThreadPoolExecutor$Worker.run(ThreadPoolExecutor.java:624)
        at java.lang.Thread.run(Thread.java:750)
"JvmPauseMonitor21" daemon prio=5 tid=2608 timed_waiting
java.lang.Thread.State: TIMED_WAITING
        at java.lang.Thread.sleep(Native Method)
        at java.lang.Thread.sleep(Thread.java:342)
        at java.util.concurrent.TimeUnit.sleep(TimeUnit.java:386)
        at org.apache.ratis.util.TimeDuration.sleep(TimeDuration.java:325)
        at org.apache.ratis.util.TimeDuration.sleep(TimeDuration.java:310)
        at org.apache.ratis.util.JvmPauseMonitor.detectPause(JvmPauseMonitor.java:117)
        at org.apache.ratis.util.JvmPauseMonitor.run(JvmPauseMonitor.java:106)
        at org.apache.ratis.util.JvmPauseMonitor$$Lambda$708/1155834015.run(Unknown Source)
        at java.lang.Thread.run(Thread.java:750)
"qtp178651313-2502" daemon prio=5 tid=2502 runnable
java.lang.Thread.State: RUNNABLE
        at sun.nio.ch.EPollArrayWrapper.epollWait(Native Method)
        at sun.nio.ch.EPollArrayWrapper.poll(EPollArrayWrapper.java:269)
        at sun.nio.ch.EPollSelectorImpl.doSelect(EPollSelectorImpl.java:93)
        at sun.nio.ch.SelectorImpl.lockAndDoSelect(SelectorImpl.java:86)
        at sun.nio.ch.SelectorImpl.select(SelectorImpl.java:97)
        at sun.nio.ch.SelectorImpl.select(SelectorImpl.java:101)
        at org.eclipse.jetty.io.ManagedSelector.nioSelect(ManagedSelector.java:183)
        at org.eclipse.jetty.io.ManagedSelector.select(ManagedSelector.java:190)
        at org.eclipse.jetty.io.ManagedSelector$SelectorProducer.select(ManagedSelector.java:606)
        at org.eclipse.jetty.io.ManagedSelector$SelectorProducer.produce(ManagedSelector.java:543)
        at org.eclipse.jetty.util.thread.strategy.EatWhatYouKill.produceTask(EatWhatYouKill.java:362)
        at org.eclipse.jetty.util.thread.strategy.EatWhatYouKill.doProduce(EatWhatYouKill.java:186)
        at org.eclipse.jetty.util.thread.strategy.EatWhatYouKill.tryProduce(EatWhatYouKill.java:173)
        at org.eclipse.jetty.util.thread.strategy.EatWhatYouKill.produce(EatWhatYouKill.java:137)
        at org.eclipse.jetty.io.ManagedSelector$$Lambda$405/1186460912.run(Unknown Source)
        at org.eclipse.jetty.util.thread.QueuedThreadPool.runJob(QueuedThreadPool.java:883)
        at org.eclipse.jetty.util.thread.QueuedThreadPool$Runner.run(QueuedThreadPool.java:1034)
        at java.lang.Thread.run(Thread.java:750)
"IPC Server handler 10 on default port 15145" daemon prio=5 tid=2338 timed_waiting
java.lang.Thread.State: TIMED_WAITING
        at sun.misc.Unsafe.park(Native Method)
        at java.util.concurrent.locks.LockSupport.parkNanos(LockSupport.java:215)
        at java.util.concurrent.locks.AbstractQueuedSynchronizer$ConditionObject.awaitNanos(AbstractQueuedSynchronizer.java:2078)
        at java.util.concurrent.LinkedBlockingQueue.poll(LinkedBlockingQueue.java:467)
        at org.apache.hadoop.ipc.CallQueueManager.take(CallQueueManager.java:317)
        at org.apache.hadoop.ipc.Server$Handler.run(Server.java:2992)
"IPC Server handler 4 on default port 15148" daemon prio=5 tid=2422 timed_waiting
java.lang.Thread.State: TIMED_WAITING
        at sun.misc.Unsafe.park(Native Method)
        at java.util.concurrent.locks.LockSupport.parkNanos(LockSupport.java:215)
        at java.util.concurrent.locks.AbstractQueuedSynchronizer$ConditionObject.awaitNanos(AbstractQueuedSynchronizer.java:2078)
        at java.util.concurrent.LinkedBlockingQueue.poll(LinkedBlockingQueue.java:467)
        at org.apache.hadoop.ipc.CallQueueManager.take(CallQueueManager.java:317)
        at org.apache.hadoop.ipc.Server$Handler.run(Server.java:2992)
"PartialTableCache Cleanup Thread - 0" daemon prio=5 tid=2035 in Object.wait()
java.lang.Thread.State: WAITING (on object monitor)
        at sun.misc.Unsafe.park(Native Method)
        at java.util.concurrent.locks.LockSupport.park(LockSupport.java:175)
        at java.util.concurrent.locks.AbstractQueuedSynchronizer$ConditionObject.await(AbstractQueuedSynchronizer.java:2039)
        at java.util.concurrent.LinkedBlockingQueue.take(LinkedBlockingQueue.java:442)
        at java.util.concurrent.ThreadPoolExecutor.getTask(ThreadPoolExecutor.java:1074)
        at java.util.concurrent.ThreadPoolExecutor.runWorker(ThreadPoolExecutor.java:1134)
        at java.util.concurrent.ThreadPoolExecutor$Worker.run(ThreadPoolExecutor.java:624)
        at java.lang.Thread.run(Thread.java:750)
"IPC Server handler 6 on default port 15148" daemon prio=5 tid=2424 timed_waiting
java.lang.Thread.State: TIMED_WAITING
        at sun.misc.Unsafe.park(Native Method)
        at java.util.concurrent.locks.LockSupport.parkNanos(LockSupport.java:215)
        at java.util.concurrent.locks.AbstractQueuedSynchronizer$ConditionObject.awaitNanos(AbstractQueuedSynchronizer.java:2078)
        at java.util.concurrent.LinkedBlockingQueue.poll(LinkedBlockingQueue.java:467)
        at org.apache.hadoop.ipc.CallQueueManager.take(CallQueueManager.java:317)
        at org.apache.hadoop.ipc.Server$Handler.run(Server.java:2992)
"EventQueue-DatanodeCommandForSCMNodeManager"  prio=5 tid=2643 in Object.wait()
java.lang.Thread.State: WAITING (on object monitor)
        at sun.misc.Unsafe.park(Native Method)
        at java.util.concurrent.locks.LockSupport.park(LockSupport.java:175)
        at java.util.concurrent.locks.AbstractQueuedSynchronizer$ConditionObject.await(AbstractQueuedSynchronizer.java:2039)
        at java.util.concurrent.LinkedBlockingQueue.take(LinkedBlockingQueue.java:442)
        at java.util.concurrent.ThreadPoolExecutor.getTask(ThreadPoolExecutor.java:1074)
        at java.util.concurrent.ThreadPoolExecutor.runWorker(ThreadPoolExecutor.java:1134)
        at java.util.concurrent.ThreadPoolExecutor$Worker.run(ThreadPoolExecutor.java:624)
        at java.lang.Thread.run(Thread.java:750)
"BackgroundPipelineScrubberThread" daemon prio=5 tid=2275 timed_waiting
java.lang.Thread.State: TIMED_WAITING
        at java.lang.Object.wait(Native Method)
        at org.apache.hadoop.hdds.scm.ha.BackgroundSCMService.run(BackgroundSCMService.java:110)
        at org.apache.hadoop.hdds.scm.ha.BackgroundSCMService$$Lambda$335/1297914569.run(Unknown Source)
        at java.lang.Thread.run(Thread.java:750)
"3cc5c5e2-96d2-4640-9ca3-0d98a4ccb12e@group-75A4F657E23F-SegmentedRaftLogWorker" daemon prio=5 tid=2700 timed_waiting
java.lang.Thread.State: TIMED_WAITING
        at sun.misc.Unsafe.park(Native Method)
        at java.util.concurrent.locks.LockSupport.parkNanos(LockSupport.java:215)
        at java.util.concurrent.locks.AbstractQueuedSynchronizer$ConditionObject.awaitNanos(AbstractQueuedSynchronizer.java:2078)
        at org.apache.ratis.util.DataBlockingQueue.poll(DataBlockingQueue.java:148)
        at org.apache.ratis.server.raftlog.segmented.SegmentedRaftLogWorker.run(SegmentedRaftLogWorker.java:307)
        at org.apache.ratis.server.raftlog.segmented.SegmentedRaftLogWorker$$Lambda$682/1771275001.run(Unknown Source)
        at java.util.concurrent.Executors$RunnableAdapter.call(Executors.java:511)
        at java.util.concurrent.FutureTask.run(FutureTask.java:266)
        at java.util.concurrent.ThreadPoolExecutor.runWorker(ThreadPoolExecutor.java:1149)
        at java.util.concurrent.ThreadPoolExecutor$Worker.run(ThreadPoolExecutor.java:624)
        at java.lang.Thread.run(Thread.java:750)
"PartialTableCache Cleanup Thread - 0" daemon prio=5 tid=1257 in Object.wait()
java.lang.Thread.State: WAITING (on object monitor)
        at sun.misc.Unsafe.park(Native Method)
        at java.util.concurrent.locks.LockSupport.park(LockSupport.java:175)
        at java.util.concurrent.locks.AbstractQueuedSynchronizer$ConditionObject.await(AbstractQueuedSynchronizer.java:2039)
        at java.util.concurrent.LinkedBlockingQueue.take(LinkedBlockingQueue.java:442)
        at java.util.concurrent.ThreadPoolExecutor.getTask(ThreadPoolExecutor.java:1074)
        at java.util.concurrent.ThreadPoolExecutor.runWorker(ThreadPoolExecutor.java:1134)
        at java.util.concurrent.ThreadPoolExecutor$Worker.run(ThreadPoolExecutor.java:624)
        at java.lang.Thread.run(Thread.java:750)
"Periodic HDDS volume checker" daemon prio=5 tid=2467 timed_waiting
java.lang.Thread.State: TIMED_WAITING
        at sun.misc.Unsafe.park(Native Method)
        at java.util.concurrent.locks.LockSupport.parkNanos(LockSupport.java:215)
        at java.util.concurrent.locks.AbstractQueuedSynchronizer$ConditionObject.awaitNanos(AbstractQueuedSynchronizer.java:2078)
        at java.util.concurrent.ScheduledThreadPoolExecutor$DelayedWorkQueue.take(ScheduledThreadPoolExecutor.java:1093)
        at java.util.concurrent.ScheduledThreadPoolExecutor$DelayedWorkQueue.take(ScheduledThreadPoolExecutor.java:809)
        at java.util.concurrent.ThreadPoolExecutor.getTask(ThreadPoolExecutor.java:1074)
        at java.util.concurrent.ThreadPoolExecutor.runWorker(ThreadPoolExecutor.java:1134)
        at java.util.concurrent.ThreadPoolExecutor$Worker.run(ThreadPoolExecutor.java:624)
        at java.lang.Thread.run(Thread.java:750)
"IPC Server handler 5 on default port 15146" daemon prio=5 tid=2353 timed_waiting
java.lang.Thread.State: TIMED_WAITING
        at sun.misc.Unsafe.park(Native Method)
        at java.util.concurrent.locks.LockSupport.parkNanos(LockSupport.java:215)
        at java.util.concurrent.locks.AbstractQueuedSynchronizer$ConditionObject.awaitNanos(AbstractQueuedSynchronizer.java:2078)
        at java.util.concurrent.LinkedBlockingQueue.poll(LinkedBlockingQueue.java:467)
        at org.apache.hadoop.ipc.CallQueueManager.take(CallQueueManager.java:317)
        at org.apache.hadoop.ipc.Server$Handler.run(Server.java:2992)
"IPC Server Responder" daemon prio=5 tid=2289 runnable
java.lang.Thread.State: RUNNABLE
        at sun.nio.ch.EPollArrayWrapper.epollWait(Native Method)
        at sun.nio.ch.EPollArrayWrapper.poll(EPollArrayWrapper.java:269)
        at sun.nio.ch.EPollSelectorImpl.doSelect(EPollSelectorImpl.java:93)
        at sun.nio.ch.SelectorImpl.lockAndDoSelect(SelectorImpl.java:86)
        at sun.nio.ch.SelectorImpl.select(SelectorImpl.java:97)
        at org.apache.hadoop.ipc.Server$Responder.doRunLoop(Server.java:1578)
        at org.apache.hadoop.ipc.Server$Responder.run(Server.java:1561)
"IPC Server handler 16 on default port 15144" daemon prio=5 tid=2324 timed_waiting
java.lang.Thread.State: TIMED_WAITING
        at sun.misc.Unsafe.park(Native Method)
        at java.util.concurrent.locks.LockSupport.parkNanos(LockSupport.java:215)
        at java.util.concurrent.locks.AbstractQueuedSynchronizer$ConditionObject.awaitNanos(AbstractQueuedSynchronizer.java:2078)
        at java.util.concurrent.LinkedBlockingQueue.poll(LinkedBlockingQueue.java:467)
        at org.apache.hadoop.ipc.CallQueueManager.take(CallQueueManager.java:317)
        at org.apache.hadoop.ipc.Server$Handler.run(Server.java:2992)
"ChunkWriter-3-0" daemon prio=5 tid=2631 in Object.wait()
java.lang.Thread.State: WAITING (on object monitor)
        at sun.misc.Unsafe.park(Native Method)
        at java.util.concurrent.locks.LockSupport.park(LockSupport.java:175)
        at java.util.concurrent.locks.AbstractQueuedSynchronizer$ConditionObject.await(AbstractQueuedSynchronizer.java:2039)
        at java.util.concurrent.LinkedBlockingDeque.takeFirst(LinkedBlockingDeque.java:492)
        at java.util.concurrent.LinkedBlockingDeque.take(LinkedBlockingDeque.java:680)
        at java.util.concurrent.ThreadPoolExecutor.getTask(ThreadPoolExecutor.java:1074)
        at java.util.concurrent.ThreadPoolExecutor.runWorker(ThreadPoolExecutor.java:1134)
        at java.util.concurrent.ThreadPoolExecutor$Worker.run(ThreadPoolExecutor.java:624)
        at java.lang.Thread.run(Thread.java:750)
"StaleRecoveringContainerScrubbingService#1" daemon prio=5 tid=2600 in Object.wait()
java.lang.Thread.State: WAITING (on object monitor)
        at sun.misc.Unsafe.park(Native Method)
        at java.util.concurrent.locks.LockSupport.park(LockSupport.java:175)
        at java.util.concurrent.locks.AbstractQueuedSynchronizer$ConditionObject.await(AbstractQueuedSynchronizer.java:2039)
        at java.util.concurrent.ScheduledThreadPoolExecutor$DelayedWorkQueue.take(ScheduledThreadPoolExecutor.java:1088)
        at java.util.concurrent.ScheduledThreadPoolExecutor$DelayedWorkQueue.take(ScheduledThreadPoolExecutor.java:809)
        at java.util.concurrent.ThreadPoolExecutor.getTask(ThreadPoolExecutor.java:1074)
        at java.util.concurrent.ThreadPoolExecutor.runWorker(ThreadPoolExecutor.java:1134)
        at java.util.concurrent.ThreadPoolExecutor$Worker.run(ThreadPoolExecutor.java:624)
        at java.lang.Thread.run(Thread.java:750)
"ChunkReader-ELG-0" daemon prio=5 tid=2621 runnable
java.lang.Thread.State: RUNNABLE
        at org.apache.ratis.thirdparty.io.netty.channel.epoll.Native.epollWait(Native Method)
        at org.apache.ratis.thirdparty.io.netty.channel.epoll.Native.epollWait(Native.java:209)
        at org.apache.ratis.thirdparty.io.netty.channel.epoll.Native.epollWait(Native.java:202)
        at org.apache.ratis.thirdparty.io.netty.channel.epoll.EpollEventLoop.epollWaitNoTimerChange(EpollEventLoop.java:306)
        at org.apache.ratis.thirdparty.io.netty.channel.epoll.EpollEventLoop.run(EpollEventLoop.java:363)
        at org.apache.ratis.thirdparty.io.netty.util.concurrent.SingleThreadEventExecutor$4.run(SingleThreadEventExecutor.java:997)
        at org.apache.ratis.thirdparty.io.netty.util.internal.ThreadExecutorMap$2.run(ThreadExecutorMap.java:74)
        at java.lang.Thread.run(Thread.java:750)
"IPC Server handler 12 on default port 15148" daemon prio=5 tid=2430 timed_waiting
java.lang.Thread.State: TIMED_WAITING
        at sun.misc.Unsafe.park(Native Method)
        at java.util.concurrent.locks.LockSupport.parkNanos(LockSupport.java:215)
        at java.util.concurrent.locks.AbstractQueuedSynchronizer$ConditionObject.awaitNanos(AbstractQueuedSynchronizer.java:2078)
        at java.util.concurrent.LinkedBlockingQueue.poll(LinkedBlockingQueue.java:467)
        at org.apache.hadoop.ipc.CallQueueManager.take(CallQueueManager.java:317)
        at org.apache.hadoop.ipc.Server$Handler.run(Server.java:2992)
"IPC Server handler 3 on default port 15148" daemon prio=5 tid=2421 timed_waiting
java.lang.Thread.State: TIMED_WAITING
        at sun.misc.Unsafe.park(Native Method)
        at java.util.concurrent.locks.LockSupport.parkNanos(LockSupport.java:215)
        at java.util.concurrent.locks.AbstractQueuedSynchronizer$ConditionObject.awaitNanos(AbstractQueuedSynchronizer.java:2078)
        at java.util.concurrent.LinkedBlockingQueue.poll(LinkedBlockingQueue.java:467)
        at org.apache.hadoop.ipc.CallQueueManager.take(CallQueueManager.java:317)
        at org.apache.hadoop.ipc.Server$Handler.run(Server.java:2992)
"IPC Server handler 13 on default port 15146" daemon prio=5 tid=2361 timed_waiting
java.lang.Thread.State: TIMED_WAITING
        at sun.misc.Unsafe.park(Native Method)
        at java.util.concurrent.locks.LockSupport.parkNanos(LockSupport.java:215)
        at java.util.concurrent.locks.AbstractQueuedSynchronizer$ConditionObject.awaitNanos(AbstractQueuedSynchronizer.java:2078)
        at java.util.concurrent.LinkedBlockingQueue.poll(LinkedBlockingQueue.java:467)
        at org.apache.hadoop.ipc.CallQueueManager.take(CallQueueManager.java:317)
        at org.apache.hadoop.ipc.Server$Handler.run(Server.java:2992)
"qtp211654403-2533" daemon prio=5 tid=2533 timed_waiting
java.lang.Thread.State: TIMED_WAITING
        at sun.misc.Unsafe.park(Native Method)
        at java.util.concurrent.locks.LockSupport.parkNanos(LockSupport.java:215)
        at java.util.concurrent.locks.AbstractQueuedSynchronizer$ConditionObject.awaitNanos(AbstractQueuedSynchronizer.java:2078)
        at org.eclipse.jetty.util.BlockingArrayQueue.poll(BlockingArrayQueue.java:382)
        at org.eclipse.jetty.util.thread.QueuedThreadPool$Runner.idleJobPoll(QueuedThreadPool.java:974)
        at org.eclipse.jetty.util.thread.QueuedThreadPool$Runner.run(QueuedThreadPool.java:1018)
        at java.lang.Thread.run(Thread.java:750)
"ChunkWriter-1-0" daemon prio=5 tid=2629 in Object.wait()
java.lang.Thread.State: WAITING (on object monitor)
        at sun.misc.Unsafe.park(Native Method)
        at java.util.concurrent.locks.LockSupport.park(LockSupport.java:175)
        at java.util.concurrent.locks.AbstractQueuedSynchronizer$ConditionObject.await(AbstractQueuedSynchronizer.java:2039)
        at java.util.concurrent.LinkedBlockingDeque.takeFirst(LinkedBlockingDeque.java:492)
        at java.util.concurrent.LinkedBlockingDeque.take(LinkedBlockingDeque.java:680)
        at java.util.concurrent.ThreadPoolExecutor.getTask(ThreadPoolExecutor.java:1074)
        at java.util.concurrent.ThreadPoolExecutor.runWorker(ThreadPoolExecutor.java:1134)
        at java.util.concurrent.ThreadPoolExecutor$Worker.run(ThreadPoolExecutor.java:624)
        at java.lang.Thread.run(Thread.java:750)
"qtp211654403-2535" daemon prio=5 tid=2535 timed_waiting
java.lang.Thread.State: TIMED_WAITING
        at sun.misc.Unsafe.park(Native Method)
        at java.util.concurrent.locks.LockSupport.parkNanos(LockSupport.java:215)
        at java.util.concurrent.locks.AbstractQueuedSynchronizer$ConditionObject.awaitNanos(AbstractQueuedSynchronizer.java:2078)
        at org.eclipse.jetty.util.BlockingArrayQueue.poll(BlockingArrayQueue.java:382)
        at org.eclipse.jetty.util.thread.QueuedThreadPool$Runner.idleJobPoll(QueuedThreadPool.java:974)
        at org.eclipse.jetty.util.thread.QueuedThreadPool$Runner.run(QueuedThreadPool.java:1018)
        at java.lang.Thread.run(Thread.java:750)
"IPC Server listener on 15146" daemon prio=5 tid=2281 runnable
java.lang.Thread.State: RUNNABLE
        at sun.nio.ch.EPollArrayWrapper.epollWait(Native Method)
        at sun.nio.ch.EPollArrayWrapper.poll(EPollArrayWrapper.java:269)
        at sun.nio.ch.EPollSelectorImpl.doSelect(EPollSelectorImpl.java:93)
        at sun.nio.ch.SelectorImpl.lockAndDoSelect(SelectorImpl.java:86)
        at sun.nio.ch.SelectorImpl.select(SelectorImpl.java:97)
        at sun.nio.ch.SelectorImpl.select(SelectorImpl.java:101)
        at org.apache.hadoop.ipc.Server$Listener.run(Server.java:1404)
"qtp2091380053-2412" daemon prio=5 tid=2412 timed_waiting
java.lang.Thread.State: TIMED_WAITING
        at sun.misc.Unsafe.park(Native Method)
        at java.util.concurrent.locks.LockSupport.parkNanos(LockSupport.java:215)
        at java.util.concurrent.locks.AbstractQueuedSynchronizer$ConditionObject.awaitNanos(AbstractQueuedSynchronizer.java:2078)
        at org.eclipse.jetty.util.BlockingArrayQueue.poll(BlockingArrayQueue.java:382)
        at org.eclipse.jetty.util.thread.QueuedThreadPool$Runner.idleJobPoll(QueuedThreadPool.java:974)
        at org.eclipse.jetty.util.thread.QueuedThreadPool$Runner.run(QueuedThreadPool.java:1018)
        at java.lang.Thread.run(Thread.java:750)
"IPC Server handler 18 on default port 15146" daemon prio=5 tid=2366 timed_waiting
java.lang.Thread.State: TIMED_WAITING
        at sun.misc.Unsafe.park(Native Method)
        at java.util.concurrent.locks.LockSupport.parkNanos(LockSupport.java:215)
        at java.util.concurrent.locks.AbstractQueuedSynchronizer$ConditionObject.awaitNanos(AbstractQueuedSynchronizer.java:2078)
        at java.util.concurrent.LinkedBlockingQueue.poll(LinkedBlockingQueue.java:467)
        at org.apache.hadoop.ipc.CallQueueManager.take(CallQueueManager.java:317)
        at org.apache.hadoop.ipc.Server$Handler.run(Server.java:2992)
"SstFilteringService#0" daemon prio=5 tid=2406 timed_waiting
java.lang.Thread.State: TIMED_WAITING
        at sun.misc.Unsafe.park(Native Method)
        at java.util.concurrent.locks.LockSupport.parkNanos(LockSupport.java:215)
        at java.util.concurrent.locks.AbstractQueuedSynchronizer$ConditionObject.awaitNanos(AbstractQueuedSynchronizer.java:2078)
        at java.util.concurrent.ScheduledThreadPoolExecutor$DelayedWorkQueue.take(ScheduledThreadPoolExecutor.java:1093)
        at java.util.concurrent.ScheduledThreadPoolExecutor$DelayedWorkQueue.take(ScheduledThreadPoolExecutor.java:809)
        at java.util.concurrent.ThreadPoolExecutor.getTask(ThreadPoolExecutor.java:1074)
        at java.util.concurrent.ThreadPoolExecutor.runWorker(ThreadPoolExecutor.java:1134)
        at java.util.concurrent.ThreadPoolExecutor$Worker.run(ThreadPoolExecutor.java:624)
        at java.lang.Thread.run(Thread.java:750)
"IPC Server handler 4 on default port 15146" daemon prio=5 tid=2352 timed_waiting
java.lang.Thread.State: TIMED_WAITING
        at sun.misc.Unsafe.park(Native Method)
        at java.util.concurrent.locks.LockSupport.parkNanos(LockSupport.java:215)
        at java.util.concurrent.locks.AbstractQueuedSynchronizer$ConditionObject.awaitNanos(AbstractQueuedSynchronizer.java:2078)
        at java.util.concurrent.LinkedBlockingQueue.poll(LinkedBlockingQueue.java:467)
        at org.apache.hadoop.ipc.CallQueueManager.take(CallQueueManager.java:317)
        at org.apache.hadoop.ipc.Server$Handler.run(Server.java:2992)
"Command processor thread" daemon prio=5 tid=2517 timed_waiting
java.lang.Thread.State: TIMED_WAITING
        at java.lang.Thread.sleep(Native Method)
        at org.apache.hadoop.ozone.container.common.statemachine.DatanodeStateMachine.lambda$initCommandHandlerThread$3(DatanodeStateMachine.java:656)
        at org.apache.hadoop.ozone.container.common.statemachine.DatanodeStateMachine$$Lambda$788/1429443082.run(Unknown Source)
        at java.lang.Thread.run(Thread.java:750)
"StaleRecoveringContainerScrubbingService#1" daemon prio=5 tid=2613 in Object.wait()
java.lang.Thread.State: WAITING (on object monitor)
        at sun.misc.Unsafe.park(Native Method)
        at java.util.concurrent.locks.LockSupport.park(LockSupport.java:175)
        at java.util.concurrent.locks.AbstractQueuedSynchronizer$ConditionObject.await(AbstractQueuedSynchronizer.java:2039)
        at java.util.concurrent.ScheduledThreadPoolExecutor$DelayedWorkQueue.take(ScheduledThreadPoolExecutor.java:1088)
        at java.util.concurrent.ScheduledThreadPoolExecutor$DelayedWorkQueue.take(ScheduledThreadPoolExecutor.java:809)
        at java.util.concurrent.ThreadPoolExecutor.getTask(ThreadPoolExecutor.java:1074)
        at java.util.concurrent.ThreadPoolExecutor.runWorker(ThreadPoolExecutor.java:1134)
        at java.util.concurrent.ThreadPoolExecutor$Worker.run(ThreadPoolExecutor.java:624)
        at java.lang.Thread.run(Thread.java:750)
"9a8ecc75-319b-47a2-9433-72c1cc276f25@group-466CBA6666DA-SegmentedRaftLogWorker" daemon prio=5 tid=2689 timed_waiting
java.lang.Thread.State: TIMED_WAITING
        at sun.misc.Unsafe.park(Native Method)
        at java.util.concurrent.locks.LockSupport.parkNanos(LockSupport.java:215)
        at java.util.concurrent.locks.AbstractQueuedSynchronizer$ConditionObject.awaitNanos(AbstractQueuedSynchronizer.java:2078)
        at org.apache.ratis.util.DataBlockingQueue.poll(DataBlockingQueue.java:148)
        at org.apache.ratis.server.raftlog.segmented.SegmentedRaftLogWorker.run(SegmentedRaftLogWorker.java:307)
        at org.apache.ratis.server.raftlog.segmented.SegmentedRaftLogWorker$$Lambda$682/1771275001.run(Unknown Source)
        at java.util.concurrent.Executors$RunnableAdapter.call(Executors.java:511)
        at java.util.concurrent.FutureTask.run(FutureTask.java:266)
        at java.util.concurrent.ThreadPoolExecutor.runWorker(ThreadPoolExecutor.java:1149)
        at java.util.concurrent.ThreadPoolExecutor$Worker.run(ThreadPoolExecutor.java:624)
        at java.lang.Thread.run(Thread.java:750)
"b898f15d-4860-47c9-8591-05c5a169db6c@group-4FAE459B0B50-StateMachineUpdater" daemon prio=5 tid=2694 timed_waiting
java.lang.Thread.State: TIMED_WAITING
        at sun.misc.Unsafe.park(Native Method)
        at java.util.concurrent.locks.LockSupport.parkNanos(LockSupport.java:215)
        at java.util.concurrent.locks.AbstractQueuedSynchronizer$ConditionObject.await(AbstractQueuedSynchronizer.java:2163)
        at org.apache.ratis.util.AwaitForSignal.await(AwaitForSignal.java:62)
        at org.apache.ratis.server.impl.StateMachineUpdater.waitForCommit(StateMachineUpdater.java:209)
        at org.apache.ratis.server.impl.StateMachineUpdater.run(StateMachineUpdater.java:178)
        at java.lang.Thread.run(Thread.java:750)
"IPC Server handler 1 on default port 15148" daemon prio=5 tid=2419 timed_waiting
java.lang.Thread.State: TIMED_WAITING
        at sun.misc.Unsafe.park(Native Method)
        at java.util.concurrent.locks.LockSupport.parkNanos(LockSupport.java:215)
        at java.util.concurrent.locks.AbstractQueuedSynchronizer$ConditionObject.awaitNanos(AbstractQueuedSynchronizer.java:2078)
        at java.util.concurrent.LinkedBlockingQueue.poll(LinkedBlockingQueue.java:467)
        at org.apache.hadoop.ipc.CallQueueManager.take(CallQueueManager.java:317)
        at org.apache.hadoop.ipc.Server$Handler.run(Server.java:2992)
"Hadoop-Metrics-Updater-0" daemon prio=5 tid=2396 timed_waiting
java.lang.Thread.State: TIMED_WAITING
        at sun.misc.Unsafe.park(Native Method)
        at java.util.concurrent.locks.LockSupport.parkNanos(LockSupport.java:215)
        at java.util.concurrent.locks.AbstractQueuedSynchronizer$ConditionObject.awaitNanos(AbstractQueuedSynchronizer.java:2078)
        at java.util.concurrent.ScheduledThreadPoolExecutor$DelayedWorkQueue.take(ScheduledThreadPoolExecutor.java:1093)
        at java.util.concurrent.ScheduledThreadPoolExecutor$DelayedWorkQueue.take(ScheduledThreadPoolExecutor.java:809)
        at java.util.concurrent.ThreadPoolExecutor.getTask(ThreadPoolExecutor.java:1074)
        at java.util.concurrent.ThreadPoolExecutor.runWorker(ThreadPoolExecutor.java:1134)
        at java.util.concurrent.ThreadPoolExecutor$Worker.run(ThreadPoolExecutor.java:624)
        at java.lang.Thread.run(Thread.java:750)
"Datanode State Machine Task Thread - 1"  prio=5 tid=2590 in Object.wait()
java.lang.Thread.State: WAITING (on object monitor)
        at sun.misc.Unsafe.park(Native Method)
        at java.util.concurrent.locks.LockSupport.park(LockSupport.java:175)
        at java.util.concurrent.locks.AbstractQueuedSynchronizer$ConditionObject.await(AbstractQueuedSynchronizer.java:2039)
        at java.util.concurrent.LinkedBlockingQueue.take(LinkedBlockingQueue.java:442)
        at java.util.concurrent.ThreadPoolExecutor.getTask(ThreadPoolExecutor.java:1074)
        at java.util.concurrent.ThreadPoolExecutor.runWorker(ThreadPoolExecutor.java:1134)
        at java.util.concurrent.ThreadPoolExecutor$Worker.run(ThreadPoolExecutor.java:624)
        at java.lang.Thread.run(Thread.java:750)
"Datanode ReportManager Thread - 3" daemon prio=5 tid=2544 in Object.wait()
java.lang.Thread.State: WAITING (on object monitor)
        at sun.misc.Unsafe.park(Native Method)
        at java.util.concurrent.locks.LockSupport.park(LockSupport.java:175)
        at java.util.concurrent.locks.AbstractQueuedSynchronizer$ConditionObject.await(AbstractQueuedSynchronizer.java:2039)
        at java.util.concurrent.ScheduledThreadPoolExecutor$DelayedWorkQueue.take(ScheduledThreadPoolExecutor.java:1088)
        at java.util.concurrent.ScheduledThreadPoolExecutor$DelayedWorkQueue.take(ScheduledThreadPoolExecutor.java:809)
        at java.util.concurrent.ThreadPoolExecutor.getTask(ThreadPoolExecutor.java:1074)
        at java.util.concurrent.ThreadPoolExecutor.runWorker(ThreadPoolExecutor.java:1134)
        at java.util.concurrent.ThreadPoolExecutor$Worker.run(ThreadPoolExecutor.java:624)
        at java.lang.Thread.run(Thread.java:750)
"timer2" daemon prio=5 tid=465 timed_waiting
java.lang.Thread.State: TIMED_WAITING
        at java.lang.Object.wait(Native Method)
        at java.util.TimerThread.mainLoop(Timer.java:552)
        at java.util.TimerThread.run(Timer.java:505)
"om1-client-thread1" daemon prio=5 tid=2732 timed_waiting
java.lang.Thread.State: TIMED_WAITING
        at sun.misc.Unsafe.park(Native Method)
        at java.util.concurrent.locks.LockSupport.parkNanos(LockSupport.java:215)
        at java.util.concurrent.SynchronousQueue$TransferStack.awaitFulfill(SynchronousQueue.java:460)
        at java.util.concurrent.SynchronousQueue$TransferStack.transfer(SynchronousQueue.java:362)
        at java.util.concurrent.SynchronousQueue.poll(SynchronousQueue.java:941)
        at java.util.concurrent.ThreadPoolExecutor.getTask(ThreadPoolExecutor.java:1073)
        at java.util.concurrent.ThreadPoolExecutor.runWorker(ThreadPoolExecutor.java:1134)
        at java.util.concurrent.ThreadPoolExecutor$Worker.run(ThreadPoolExecutor.java:624)
        at java.lang.Thread.run(Thread.java:750)
"qtp2091380053-2413" daemon prio=5 tid=2413 timed_waiting
java.lang.Thread.State: TIMED_WAITING
        at sun.misc.Unsafe.park(Native Method)
        at java.util.concurrent.locks.LockSupport.parkNanos(LockSupport.java:215)
        at java.util.concurrent.locks.AbstractQueuedSynchronizer$ConditionObject.awaitNanos(AbstractQueuedSynchronizer.java:2078)
        at org.eclipse.jetty.util.BlockingArrayQueue.poll(BlockingArrayQueue.java:382)
        at org.eclipse.jetty.util.thread.QueuedThreadPool$Runner.idleJobPoll(QueuedThreadPool.java:974)
        at org.eclipse.jetty.util.thread.QueuedThreadPool$Runner.run(QueuedThreadPool.java:1018)
        at java.lang.Thread.run(Thread.java:750)
"ChunkWriter-0-0" daemon prio=5 tid=2604 in Object.wait()
java.lang.Thread.State: WAITING (on object monitor)
        at sun.misc.Unsafe.park(Native Method)
        at java.util.concurrent.locks.LockSupport.park(LockSupport.java:175)
        at java.util.concurrent.locks.AbstractQueuedSynchronizer$ConditionObject.await(AbstractQueuedSynchronizer.java:2039)
        at java.util.concurrent.LinkedBlockingDeque.takeFirst(LinkedBlockingDeque.java:492)
        at java.util.concurrent.LinkedBlockingDeque.take(LinkedBlockingDeque.java:680)
        at java.util.concurrent.ThreadPoolExecutor.getTask(ThreadPoolExecutor.java:1074)
        at java.util.concurrent.ThreadPoolExecutor.runWorker(ThreadPoolExecutor.java:1134)
        at java.util.concurrent.ThreadPoolExecutor$Worker.run(ThreadPoolExecutor.java:624)
        at java.lang.Thread.run(Thread.java:750)
"Datanode ReportManager Thread - 1" daemon prio=5 tid=2513 in Object.wait()
java.lang.Thread.State: WAITING (on object monitor)
        at sun.misc.Unsafe.park(Native Method)
        at java.util.concurrent.locks.LockSupport.park(LockSupport.java:175)
        at java.util.concurrent.locks.AbstractQueuedSynchronizer$ConditionObject.await(AbstractQueuedSynchronizer.java:2039)
        at java.util.concurrent.ScheduledThreadPoolExecutor$DelayedWorkQueue.take(ScheduledThreadPoolExecutor.java:1088)
        at java.util.concurrent.ScheduledThreadPoolExecutor$DelayedWorkQueue.take(ScheduledThreadPoolExecutor.java:809)
        at java.util.concurrent.ThreadPoolExecutor.getTask(ThreadPoolExecutor.java:1074)
        at java.util.concurrent.ThreadPoolExecutor.runWorker(ThreadPoolExecutor.java:1134)
        at java.util.concurrent.ThreadPoolExecutor$Worker.run(ThreadPoolExecutor.java:624)
        at java.lang.Thread.run(Thread.java:750)
"IPC Server handler 0 on default port 15144" daemon prio=5 tid=2308 timed_waiting
java.lang.Thread.State: TIMED_WAITING
        at sun.misc.Unsafe.park(Native Method)
        at java.util.concurrent.locks.LockSupport.parkNanos(LockSupport.java:215)
        at java.util.concurrent.locks.AbstractQueuedSynchronizer$ConditionObject.awaitNanos(AbstractQueuedSynchronizer.java:2078)
        at java.util.concurrent.LinkedBlockingQueue.poll(LinkedBlockingQueue.java:467)
        at org.apache.hadoop.ipc.CallQueueManager.take(CallQueueManager.java:317)
        at org.apache.hadoop.ipc.Server$Handler.run(Server.java:2992)
"IPC Server handler 9 on default port 15146" daemon prio=5 tid=2357 timed_waiting
java.lang.Thread.State: TIMED_WAITING
        at sun.misc.Unsafe.park(Native Method)
        at java.util.concurrent.locks.LockSupport.parkNanos(LockSupport.java:215)
        at java.util.concurrent.locks.AbstractQueuedSynchronizer$ConditionObject.awaitNanos(AbstractQueuedSynchronizer.java:2078)
        at java.util.concurrent.LinkedBlockingQueue.poll(LinkedBlockingQueue.java:467)
        at org.apache.hadoop.ipc.CallQueueManager.take(CallQueueManager.java:317)
        at org.apache.hadoop.ipc.Server$Handler.run(Server.java:2992)
"IPC Server handler 17 on default port 15144" daemon prio=5 tid=2325 timed_waiting
java.lang.Thread.State: TIMED_WAITING
        at sun.misc.Unsafe.park(Native Method)
        at java.util.concurrent.locks.LockSupport.parkNanos(LockSupport.java:215)
        at java.util.concurrent.locks.AbstractQueuedSynchronizer$ConditionObject.awaitNanos(AbstractQueuedSynchronizer.java:2078)
        at java.util.concurrent.LinkedBlockingQueue.poll(LinkedBlockingQueue.java:467)
        at org.apache.hadoop.ipc.CallQueueManager.take(CallQueueManager.java:317)
        at org.apache.hadoop.ipc.Server$Handler.run(Server.java:2992)
"Under Replicated Processor" daemon prio=5 tid=2278 timed_waiting
java.lang.Thread.State: TIMED_WAITING
        at java.lang.Object.wait(Native Method)
        at org.apache.hadoop.hdds.scm.container.replication.UnhealthyReplicationProcessor.run(UnhealthyReplicationProcessor.java:161)
        at java.lang.Thread.run(Thread.java:750)
"org.apache.hadoop.ozone.container.common.statemachine.commandhandler.DeleteBlocksCommandHandler$DeleteCmdWorker@1b56e848" daemon prio=5 tid=2473 timed_waiting
java.lang.Thread.State: TIMED_WAITING
        at java.lang.Thread.sleep(Native Method)
        at org.apache.hadoop.ozone.container.common.statemachine.commandhandler.DeleteBlocksCommandHandler$DeleteCmdWorker.run(DeleteBlocksCommandHandler.java:187)
        at java.lang.Thread.run(Thread.java:750)
"IPC Server handler 8 on default port 15144" daemon prio=5 tid=2316 timed_waiting
java.lang.Thread.State: TIMED_WAITING
        at sun.misc.Unsafe.park(Native Method)
        at java.util.concurrent.locks.LockSupport.parkNanos(LockSupport.java:215)
        at java.util.concurrent.locks.AbstractQueuedSynchronizer$ConditionObject.awaitNanos(AbstractQueuedSynchronizer.java:2078)
        at java.util.concurrent.LinkedBlockingQueue.poll(LinkedBlockingQueue.java:467)
        at org.apache.hadoop.ipc.CallQueueManager.take(CallQueueManager.java:317)
        at org.apache.hadoop.ipc.Server$Handler.run(Server.java:2992)
"qtp1575475030-2565" daemon prio=5 tid=2565 timed_waiting
java.lang.Thread.State: TIMED_WAITING
        at sun.misc.Unsafe.park(Native Method)
        at java.util.concurrent.locks.LockSupport.parkNanos(LockSupport.java:215)
        at java.util.concurrent.locks.AbstractQueuedSynchronizer$ConditionObject.awaitNanos(AbstractQueuedSynchronizer.java:2078)
        at org.eclipse.jetty.util.BlockingArrayQueue.poll(BlockingArrayQueue.java:382)
        at org.eclipse.jetty.util.thread.QueuedThreadPool$Runner.idleJobPoll(QueuedThreadPool.java:974)
        at org.eclipse.jetty.util.thread.QueuedThreadPool$Runner.run(QueuedThreadPool.java:1018)
        at java.lang.Thread.run(Thread.java:750)
"Signal Dispatcher" daemon prio=9 tid=4 runnable
java.lang.Thread.State: RUNNABLE
"qtp178651313-2507" daemon prio=5 tid=2507 timed_waiting
java.lang.Thread.State: TIMED_WAITING
        at sun.misc.Unsafe.park(Native Method)
        at java.util.concurrent.locks.LockSupport.parkNanos(LockSupport.java:215)
        at java.util.concurrent.locks.AbstractQueuedSynchronizer$ConditionObject.awaitNanos(AbstractQueuedSynchronizer.java:2078)
        at org.eclipse.jetty.util.BlockingArrayQueue.poll(BlockingArrayQueue.java:382)
        at org.eclipse.jetty.util.thread.QueuedThreadPool$Runner.idleJobPoll(QueuedThreadPool.java:974)
        at org.eclipse.jetty.util.thread.QueuedThreadPool$Runner.run(QueuedThreadPool.java:1018)
        at java.lang.Thread.run(Thread.java:750)
"FixedThreadPoolWithAffinityExecutor-8-0" daemon prio=5 tid=2304 timed_waiting
java.lang.Thread.State: TIMED_WAITING
        at sun.misc.Unsafe.park(Native Method)
        at java.util.concurrent.locks.LockSupport.parkNanos(LockSupport.java:215)
        at java.util.concurrent.locks.AbstractQueuedSynchronizer$ConditionObject.awaitNanos(AbstractQueuedSynchronizer.java:2078)
        at java.util.concurrent.LinkedBlockingQueue.poll(LinkedBlockingQueue.java:467)
        at org.apache.hadoop.hdds.scm.server.ContainerReportQueue.poll(ContainerReportQueue.java:266)
        at org.apache.hadoop.hdds.scm.server.ContainerReportQueue.poll(ContainerReportQueue.java:42)
        at org.apache.hadoop.hdds.server.events.FixedThreadPoolWithAffinityExecutor$ContainerReportProcessTask.run(FixedThreadPoolWithAffinityExecutor.java:247)
        at java.util.concurrent.Executors$RunnableAdapter.call(Executors.java:511)
        at java.util.concurrent.FutureTask.run(FutureTask.java:266)
        at java.util.concurrent.ThreadPoolExecutor.runWorker(ThreadPoolExecutor.java:1149)
        at java.util.concurrent.ThreadPoolExecutor$Worker.run(ThreadPoolExecutor.java:624)
        at java.lang.Thread.run(Thread.java:750)


	at org.apache.ozone.test.GenericTestUtils.waitFor(GenericTestUtils.java:231)
	at org.apache.hadoop.ozone.container.TestHelper.waitForReplicaCount(TestHelper.java:440)
	at org.apache.hadoop.ozone.container.TestContainerReplication.testContainerReplication(TestContainerReplication.java:134)
	at sun.reflect.NativeMethodAccessorImpl.invoke0(Native Method)
	at sun.reflect.NativeMethodAccessorImpl.invoke(NativeMethodAccessorImpl.java:62)
	at sun.reflect.DelegatingMethodAccessorImpl.invoke(DelegatingMethodAccessorImpl.java:43)
	at java.lang.reflect.Method.invoke(Method.java:498)
	at org.junit.runners.model.FrameworkMethod$1.runReflectiveCall(FrameworkMethod.java:59)
	at org.junit.internal.runners.model.ReflectiveCallable.run(ReflectiveCallable.java:12)
	at org.junit.runners.model.FrameworkMethod.invokeExplosively(FrameworkMethod.java:56)
	at org.junit.internal.runners.statements.InvokeMethod.evaluate(InvokeMethod.java:17)
	at org.junit.internal.runners.statements.RunBefores.evaluate(RunBefores.java:26)
	at org.junit.internal.runners.statements.RunAfters.evaluate(RunAfters.java:27)
	at org.junit.internal.runners.statements.FailOnTimeout$CallableStatement.call(FailOnTimeout.java:288)
	at org.junit.internal.runners.statements.FailOnTimeout$CallableStatement.call(FailOnTimeout.java:282)
	at java.util.concurrent.FutureTask.run(FutureTask.java:266)
	at java.lang.Thread.run(Thread.java:750)
]]></error>
    <system-out><![CDATA[2023-05-23 10:26:16,880 [Time-limited test] WARN  server.ServerUtils (ServerUtils.java:getScmDbDir(148)) - ozone.scm.db.dirs is not configured. We recommend adding this setting. Falling back to ozone.metadata.dirs instead.
2023-05-23 10:26:16,883 [Time-limited test] WARN  server.ServerUtils (ServerUtils.java:getScmDbDir(148)) - ozone.scm.db.dirs is not configured. We recommend adding this setting. Falling back to ozone.metadata.dirs instead.
2023-05-23 10:26:16,884 [Time-limited test] INFO  ha.SCMHANodeDetails (SCMHANodeDetails.java:loadSCMHAConfig(209)) - ServiceID for StorageContainerManager is null
2023-05-23 10:26:16,884 [Time-limited test] INFO  ha.SCMHANodeDetails (SCMHANodeDetails.java:loadSCMHAConfig(214)) - ozone.scm.default.service.id is not defined, falling back to ozone.scm.service.ids to find serviceID for StorageContainerManager if it is HA enabled cluster
2023-05-23 10:26:16,885 [Time-limited test] WARN  utils.HAUtils (HAUtils.java:getMetaDir(350)) - ozone.scm.db.dirs is not configured. We recommend adding this setting. Falling back to ozone.metadata.dirs instead.
2023-05-23 10:26:16,885 [Time-limited test] WARN  db.DBStoreBuilder (DBStoreBuilder.java:applyDBDefinition(165)) - ozone.scm.db.dirs is not configured. We recommend adding this setting. Falling back to ozone.metadata.dirs instead.
2023-05-23 10:26:17,008 [Time-limited test] INFO  net.NodeSchemaLoader (NodeSchemaLoader.java:loadSchemaFromFile(129)) - Loading schema from [jar:file:/home/runner/.m2/repository/org/apache/ozone/hdds-common/1.4.0-SNAPSHOT/hdds-common-1.4.0-SNAPSHOT.jar!/network-topology-default.xml]
2023-05-23 10:26:17,008 [Time-limited test] INFO  net.NodeSchemaLoader (NodeSchemaLoader.java:loadSchema(176)) - Loading network topology layer schema file
2023-05-23 10:26:17,011 [Time-limited test] INFO  upgrade.AbstractLayoutVersionManager (AbstractLayoutVersionManager.java:init(83)) - Initializing Layout version manager with metadata layout = WEBUI_PORTS_IN_DATANODEDETAILS (version = 6), software layout = WEBUI_PORTS_IN_DATANODEDETAILS (version = 6)
2023-05-23 10:26:17,012 [Time-limited test] INFO  ha.SequenceIdGenerator (SequenceIdGenerator.java:upgradeToSequenceId(349)) - upgrade localId to 111677748019200000
2023-05-23 10:26:17,012 [Time-limited test] INFO  ha.SequenceIdGenerator (SequenceIdGenerator.java:upgradeToSequenceId(359)) - upgrade delTxnId to 0
2023-05-23 10:26:17,012 [Time-limited test] INFO  ha.SequenceIdGenerator (SequenceIdGenerator.java:upgradeToSequenceId(376)) - upgrade containerId to 0
2023-05-23 10:26:17,012 [Time-limited test] INFO  ha.SequenceIdGenerator (SequenceIdGenerator.java:<init>(220)) - Init the HA SequenceIdGenerator.
2023-05-23 10:26:17,013 [Time-limited test] INFO  node.SCMNodeManager (SCMNodeManager.java:<init>(159)) - Entering startup safe mode.
2023-05-23 10:26:17,013 [Time-limited test] INFO  algorithms.ContainerPlacementPolicyFactory (ContainerPlacementPolicyFactory.java:getPolicyInternal(86)) - Create container placement policy of type org.apache.hadoop.hdds.scm.container.placement.algorithms.SCMContainerPlacementCapacity
2023-05-23 10:26:17,013 [Time-limited test] INFO  algorithms.ContainerPlacementPolicyFactory (ContainerPlacementPolicyFactory.java:getPolicyInternal(86)) - Create container placement policy of type org.apache.hadoop.hdds.scm.container.placement.algorithms.SCMContainerPlacementRackScatter
2023-05-23 10:26:17,014 [Time-limited test] INFO  pipeline.PipelineStateManagerImpl (PipelineStateManagerImpl.java:initialize(78)) - No pipeline exists in current db
2023-05-23 10:26:17,014 [Time-limited test] INFO  algorithms.LeaderChoosePolicyFactory (LeaderChoosePolicyFactory.java:getPolicy(57)) - Create leader choose policy of type org.apache.hadoop.hdds.scm.pipeline.leader.choose.algorithms.MinLeaderCountChoosePolicy
2023-05-23 10:26:17,014 [Time-limited test] INFO  algorithms.ContainerPlacementPolicyFactory (ContainerPlacementPolicyFactory.java:getPolicyInternal(86)) - Create container placement policy of type org.apache.hadoop.hdds.scm.container.placement.algorithms.SCMContainerPlacementRackScatter
2023-05-23 10:26:17,014 [Time-limited test] INFO  ha.SCMServiceManager (SCMServiceManager.java:register(42)) - Registering service BackgroundPipelineCreator.
2023-05-23 10:26:17,014 [Time-limited test] INFO  pipeline.BackgroundPipelineCreator (BackgroundPipelineCreator.java:start(124)) - Starting RatisPipelineUtilsThread.
2023-05-23 10:26:17,017 [Time-limited test] INFO  BackgroundPipelineScrubber (BackgroundSCMService.java:start(68)) - Starting BackgroundPipelineScrubber Service.
2023-05-23 10:26:17,017 [Time-limited test] INFO  ha.SCMServiceManager (SCMServiceManager.java:register(42)) - Registering service BackgroundPipelineScrubber.
2023-05-23 10:26:17,018 [Time-limited test] INFO  ExpiredContainerReplicaOpScrubber (BackgroundSCMService.java:start(68)) - Starting ExpiredContainerReplicaOpScrubber Service.
2023-05-23 10:26:17,018 [Time-limited test] INFO  ha.SCMServiceManager (SCMServiceManager.java:register(42)) - Registering service ExpiredContainerReplicaOpScrubber.
2023-05-23 10:26:17,020 [Time-limited test] INFO  algorithms.PipelineChoosePolicyFactory (PipelineChoosePolicyFactory.java:createPipelineChoosePolicyFromClass(73)) - Create pipeline choose policy of type org.apache.hadoop.hdds.scm.pipeline.choose.algorithms.RandomPipelineChoosePolicy
2023-05-23 10:26:17,020 [Time-limited test] INFO  ha.SCMServiceManager (SCMServiceManager.java:register(42)) - Registering service SCMBlockDeletingService.
2023-05-23 10:26:17,020 [Time-limited test] INFO  replication.ReplicationManager (ReplicationManager.java:start(300)) - Starting Replication Monitor Thread.
2023-05-23 10:26:17,021 [Time-limited test] INFO  ha.SCMServiceManager (SCMServiceManager.java:register(42)) - Registering service ReplicationManager.
2023-05-23 10:26:17,021 [Time-limited test] INFO  safemode.ContainerSafeModeRule (ContainerSafeModeRule.java:<init>(89)) - containers with one replica threshold count 0
2023-05-23 10:26:17,022 [Time-limited test] INFO  safemode.HealthyPipelineSafeModeRule (HealthyPipelineSafeModeRule.java:initializeRule(169)) - Total pipeline count is 0, healthy pipeline threshold count is 1
2023-05-23 10:26:17,022 [Time-limited test] INFO  safemode.OneReplicaPipelineSafeModeRule (OneReplicaPipelineSafeModeRule.java:initializeRule(180)) - Total pipeline count is 0, pipeline's with at least one datanode reported threshold count is 0
2023-05-23 10:26:17,022 [Time-limited test] INFO  server.StorageContainerManager (StorageContainerManager.java:<init>(403)) - SCM start with adminUsers: [runner]
2023-05-23 10:26:17,022 [Time-limited test] INFO  ipc.CallQueueManager (CallQueueManager.java:<init>(90)) - Using callQueue: class java.util.concurrent.LinkedBlockingQueue, queueCapacity: 2000, scheduler: class org.apache.hadoop.ipc.DefaultRpcScheduler, ipcBackoff: false.
2023-05-23 10:26:17,023 [Socket Reader #1 for port 15146] INFO  ipc.Server (Server.java:run(1319)) - Starting Socket Reader #1 for port 15146
2023-05-23 10:26:17,026 [Listener at 0.0.0.0/15146] INFO  ipc.CallQueueManager (CallQueueManager.java:<init>(90)) - Using callQueue: class java.util.concurrent.LinkedBlockingQueue, queueCapacity: 2000, scheduler: class org.apache.hadoop.ipc.DefaultRpcScheduler, ipcBackoff: false.
2023-05-23 10:26:17,027 [Socket Reader #1 for port 15145] INFO  ipc.Server (Server.java:run(1319)) - Starting Socket Reader #1 for port 15145
2023-05-23 10:26:17,028 [Listener at 0.0.0.0/15145] INFO  ipc.CallQueueManager (CallQueueManager.java:<init>(90)) - Using callQueue: class java.util.concurrent.LinkedBlockingQueue, queueCapacity: 2000, scheduler: class org.apache.hadoop.ipc.DefaultRpcScheduler, ipcBackoff: false.
2023-05-23 10:26:17,028 [Socket Reader #1 for port 15144] INFO  ipc.Server (Server.java:run(1319)) - Starting Socket Reader #1 for port 15144
2023-05-23 10:26:17,032 [Listener at 0.0.0.0/15144] INFO  ha.SCMServiceManager (SCMServiceManager.java:register(42)) - Registering service ContainerBalancer.
2023-05-23 10:26:17,033 [Listener at 0.0.0.0/15144] INFO  server.StorageContainerManager (StorageContainerManager.java:<init>(420)) - 
Container Balancer status:
Key                            Value
Running                        false
Container Balancer Configuration values:
Key                                                Value
Threshold                                          10
Max Datanodes to Involve per Iteration(percent)    20
Max Size to Move per Iteration                     500GB
Max Size Entering Target per Iteration             26GB
Max Size Leaving Source per Iteration              26GB

2023-05-23 10:26:17,033 [Listener at 0.0.0.0/15144] INFO  ha.SCMContext (SCMContext.java:updateSafeModeStatus(228)) - Update SafeModeStatus from SafeModeStatus{safeModeStatus=true, preCheckPassed=false} to SafeModeStatus{safeModeStatus=true, preCheckPassed=false}.
2023-05-23 10:26:17,033 [Listener at 0.0.0.0/15144] INFO  server.StorageContainerManager (StorageContainerManager.java:start(1477)) - StorageContainerLocationProtocol RPC server is listening at /0.0.0.0:15144
2023-05-23 10:26:17,034 [Listener at 0.0.0.0/15144] WARN  impl.MetricsConfig (MetricsConfig.java:loadFirst(136)) - Cannot locate configuration: tried hadoop-metrics2-storagecontainermanager.properties,hadoop-metrics2.properties
2023-05-23 10:26:17,041 [Listener at 0.0.0.0/15144] INFO  impl.MetricsSystemImpl (MetricsSystemImpl.java:startTimer(378)) - Scheduled Metric snapshot period at 10 second(s).
2023-05-23 10:26:17,041 [Listener at 0.0.0.0/15144] INFO  impl.MetricsSystemImpl (MetricsSystemImpl.java:start(191)) - StorageContainerManager metrics system started
2023-05-23 10:26:17,045 [ReplicationMonitor] INFO  replication.ReplicationManager (ReplicationManager.java:processAll(375)) - Replication Manager is not ready to run until 3000ms after safemode exit
2023-05-23 10:26:17,045 [Listener at 0.0.0.0/15144] INFO  impl.MetricsSinkAdapter (MetricsSinkAdapter.java:start(204)) - Sink prometheus started
2023-05-23 10:26:17,046 [Listener at 0.0.0.0/15144] INFO  impl.MetricsSystemImpl (MetricsSystemImpl.java:registerSink(305)) - Registered sink prometheus
2023-05-23 10:26:17,063 [Listener at 0.0.0.0/15144] INFO  server.SCMClientProtocolServer (SCMClientProtocolServer.java:start(199)) - RPC server for Client  is listening at /0.0.0.0:15144
2023-05-23 10:26:17,063 [IPC Server Responder] INFO  ipc.Server (Server.java:run(1558)) - IPC Server Responder: starting
2023-05-23 10:26:17,063 [IPC Server listener on 15144] INFO  ipc.Server (Server.java:run(1398)) - IPC Server listener on 15144: starting
2023-05-23 10:26:17,072 [Listener at 0.0.0.0/15144] INFO  server.StorageContainerManager (StorageContainerManager.java:start(1491)) - ScmBlockLocationProtocol RPC server is listening at /0.0.0.0:15145
2023-05-23 10:26:17,072 [Listener at 0.0.0.0/15144] INFO  server.SCMBlockProtocolServer (SCMBlockProtocolServer.java:start(152)) - RPC server for Block Protocol is listening at /0.0.0.0:15145
2023-05-23 10:26:17,073 [IPC Server Responder] INFO  ipc.Server (Server.java:run(1558)) - IPC Server Responder: starting
2023-05-23 10:26:17,073 [IPC Server listener on 15145] INFO  ipc.Server (Server.java:run(1398)) - IPC Server listener on 15145: starting
2023-05-23 10:26:17,076 [Listener at 0.0.0.0/15144] INFO  server.SCMDatanodeProtocolServer (SCMDatanodeProtocolServer.java:start(193)) - ScmDatanodeProtocol RPC server for DataNodes is listening at /0.0.0.0:15146
2023-05-23 10:26:17,076 [IPC Server listener on 15146] INFO  ipc.Server (Server.java:run(1398)) - IPC Server listener on 15146: starting
2023-05-23 10:26:17,076 [IPC Server Responder] INFO  ipc.Server (Server.java:run(1558)) - IPC Server Responder: starting
2023-05-23 10:26:17,079 [org.apache.hadoop.util.JvmPauseMonitor$Monitor@6cd12316] INFO  util.JvmPauseMonitor (JvmPauseMonitor.java:run(188)) - Starting JVM pause monitor
2023-05-23 10:26:17,082 [Listener at 0.0.0.0/15144] INFO  http.BaseHttpServer (BaseHttpServer.java:newHttpServer2BuilderForOzone(224)) - Starting Web-server for scm at: http://0.0.0.0:15147
2023-05-23 10:26:17,082 [Listener at 0.0.0.0/15144] INFO  http.BaseHttpServer (BaseHttpServer.java:<init>(111)) - Hadoop Security Enabled: false Ozone Security Enabled: false Ozone HTTP Security Enabled: false 
2023-05-23 10:26:17,083 [Listener at 0.0.0.0/15144] WARN  server.AuthenticationFilter (AuthenticationFilter.java:constructSecretProvider(240)) - Unable to initialize FileSignerSecretProvider, falling back to use random secrets. Reason: Could not read signature secret file: /home/runner/hadoop-http-auth-signature-secret
2023-05-23 10:26:17,083 [Listener at 0.0.0.0/15144] INFO  http.HttpRequestLog (HttpRequestLog.java:getRequestLog(86)) - Http request log for http.requests.scm is not defined
2023-05-23 10:26:17,085 [Listener at 0.0.0.0/15144] INFO  http.HttpServer2 (HttpServer2.java:addGlobalFilter(1031)) - Added global filter 'safety' (class=org.apache.hadoop.hdds.server.http.HttpServer2$QuotingInputFilter)
2023-05-23 10:26:17,086 [Listener at 0.0.0.0/15144] INFO  http.HttpServer2 (HttpServer2.java:addFilter(1007)) - Added filter static_user_filter (class=org.apache.hadoop.http.lib.StaticUserWebFilter$StaticUserFilter) to context scm
2023-05-23 10:26:17,086 [Listener at 0.0.0.0/15144] INFO  http.HttpServer2 (HttpServer2.java:addFilter(1015)) - Added filter static_user_filter (class=org.apache.hadoop.http.lib.StaticUserWebFilter$StaticUserFilter) to context static
2023-05-23 10:26:17,086 [Listener at 0.0.0.0/15144] INFO  http.HttpServer2 (HttpServer2.java:addFilter(1015)) - Added filter static_user_filter (class=org.apache.hadoop.http.lib.StaticUserWebFilter$StaticUserFilter) to context logs
2023-05-23 10:26:17,087 [Listener at 0.0.0.0/15144] INFO  http.BaseHttpServer (BaseHttpServer.java:<init>(190)) - HTTP server of scm uses base directory /home/runner/work/ozone/ozone/hadoop-ozone/integration-test/target/test-dir/MiniOzoneClusterImpl-00f23a18-bf09-4bf2-9950-b0f9dab58561/ozone-meta/webserver
2023-05-23 10:26:17,088 [Listener at 0.0.0.0/15144] INFO  http.HttpServer2 (HttpServer2.java:bindListener(1250)) - Jetty bound to port 15147
2023-05-23 10:26:17,088 [Listener at 0.0.0.0/15144] INFO  server.Server (Server.java:doStart(375)) - jetty-9.4.51.v20230217; built: 2023-02-17T08:19:37.309Z; git: b45c405e4544384de066f814ed42ae3dceacdd49; jvm 1.8.0_362-b09
2023-05-23 10:26:17,090 [Listener at 0.0.0.0/15144] INFO  server.session (DefaultSessionIdManager.java:doStart(334)) - DefaultSessionIdManager workerName=node0
2023-05-23 10:26:17,090 [Listener at 0.0.0.0/15144] INFO  server.session (DefaultSessionIdManager.java:doStart(339)) - No SessionScavenger set, using defaults
2023-05-23 10:26:17,090 [Listener at 0.0.0.0/15144] INFO  server.session (HouseKeeper.java:startScavenging(132)) - node0 Scavenging every 660000ms
2023-05-23 10:26:17,091 [Listener at 0.0.0.0/15144] INFO  handler.ContextHandler (ContextHandler.java:doStart(921)) - Started o.e.j.s.ServletContextHandler@125c0ccb{logs,/logs,file:///home/runner/work/ozone/ozone/hadoop-ozone/integration-test/target/log,AVAILABLE}
2023-05-23 10:26:17,091 [Listener at 0.0.0.0/15144] INFO  handler.ContextHandler (ContextHandler.java:doStart(921)) - Started o.e.j.s.ServletContextHandler@5b5befab{static,/static,file:///home/runner/work/ozone/ozone/hadoop-ozone/integration-test/target/test-classes/webapps/static,AVAILABLE}
2023-05-23 10:26:17,093 [Listener at 0.0.0.0/15144] INFO  handler.ContextHandler (ContextHandler.java:doStart(921)) - Started o.e.j.w.WebAppContext@7d31d270{scm,/,file:///home/runner/work/ozone/ozone/hadoop-ozone/integration-test/target/test-classes/webapps/scm/,AVAILABLE}{file:/home/runner/work/ozone/ozone/hadoop-ozone/integration-test/target/test-classes/webapps/scm}
2023-05-23 10:26:17,098 [Listener at 0.0.0.0/15144] INFO  server.AbstractConnector (AbstractConnector.java:doStart(333)) - Started ServerConnector@207300a6{HTTP/1.1, (http/1.1)}{0.0.0.0:15147}
2023-05-23 10:26:17,098 [Listener at 0.0.0.0/15144] INFO  server.Server (Server.java:doStart(415)) - Started @110150ms
2023-05-23 10:26:17,098 [Listener at 0.0.0.0/15144] WARN  impl.MetricsSystemImpl (MetricsSystemImpl.java:register(279)) - Sink prometheus already exists!
2023-05-23 10:26:17,099 [Listener at 0.0.0.0/15144] INFO  http.BaseHttpServer (BaseHttpServer.java:updateConnectorAddress(344)) - HTTP server of scm listening at http://0.0.0.0:15147
2023-05-23 10:26:17,099 [Listener at 0.0.0.0/15144] WARN  server.ServerUtils (ServerUtils.java:getDBPath(225)) - ozone.om.db.dirs is not configured. We recommend adding this setting. Falling back to ozone.metadata.dirs instead.
2023-05-23 10:26:17,102 [Listener at 0.0.0.0/15144] INFO  ha.OMHANodeDetails (OMHANodeDetails.java:loadOMHAConfig(115)) - ozone.om.internal.service.id is not defined, falling back to ozone.om.service.ids to find serviceID for OzoneManager if it is HA enabled cluster
2023-05-23 10:26:17,102 [Listener at 0.0.0.0/15144] INFO  ha.OMHANodeDetails (OMHANodeDetails.java:loadOMHAConfig(226)) - Configuration does not have ozone.om.address set. Falling back to the default OM address /127.0.0.1:15148
2023-05-23 10:26:17,102 [Listener at 0.0.0.0/15144] INFO  ha.OMHANodeDetails (OMHANodeDetails.java:getOMNodeDetailsForNonHA(254)) - OM Service ID is not set. Setting it to the default ID: omServiceIdDefault
2023-05-23 10:26:17,102 [Listener at 0.0.0.0/15144] INFO  ha.OMHANodeDetails (OMHANodeDetails.java:getOMNodeDetailsForNonHA(261)) - OM Node ID is not set. Setting it to the default ID: om1
2023-05-23 10:26:17,102 [Listener at 0.0.0.0/15144] WARN  server.ServerUtils (ServerUtils.java:getDBPath(225)) - ozone.om.db.dirs is not configured. We recommend adding this setting. Falling back to ozone.metadata.dirs instead.
2023-05-23 10:26:17,103 [Listener at 0.0.0.0/15144] INFO  upgrade.AbstractLayoutVersionManager (AbstractLayoutVersionManager.java:init(83)) - Initializing Layout version manager with metadata layout = HSYNC (version = 4), software layout = HSYNC (version = 4)
2023-05-23 10:26:17,181 [Listener at 0.0.0.0/15144] INFO  reflections.Reflections (Reflections.java:scan(232)) - Reflections took 77 ms to scan 2 urls, producing 174 keys and 483 values [using 2 cores]
2023-05-23 10:26:17,181 [Listener at 0.0.0.0/15144] INFO  upgrade.OMLayoutVersionManager (OMLayoutVersionManager.java:lambda$0(115)) - Skipping Upgrade Action MockOmUpgradeAction since it has been finalized.
2023-05-23 10:26:17,181 [Listener at 0.0.0.0/15144] WARN  server.ServerUtils (ServerUtils.java:getDBPath(225)) - ozone.om.db.dirs is not configured. We recommend adding this setting. Falling back to ozone.metadata.dirs instead.
2023-05-23 10:26:17,182 [Listener at 0.0.0.0/15144] INFO  proxy.SCMBlockLocationFailoverProxyProvider (SCMBlockLocationFailoverProxyProvider.java:<init>(114)) - Created block location fail-over proxy with 1 nodes: [nodeId=scmNodeId,nodeAddress=/0.0.0.0:15145]
2023-05-23 10:26:17,184 [Listener at 0.0.0.0/15144] INFO  proxy.SCMBlockLocationFailoverProxyProvider (SCMBlockLocationFailoverProxyProvider.java:<init>(114)) - Created block location fail-over proxy with 1 nodes: [nodeId=scmNodeId,nodeAddress=/0.0.0.0:15145]
2023-05-23 10:26:17,194 [Listener at 0.0.0.0/15144] INFO  om.OzoneManager (OzoneManager.java:<init>(648)) - OM start with adminUsers: [runner]
2023-05-23 10:26:17,195 [Listener at 0.0.0.0/15144] WARN  server.ServerUtils (ServerUtils.java:getDBPath(225)) - ozone.om.db.dirs is not configured. We recommend adding this setting. Falling back to ozone.metadata.dirs instead.
2023-05-23 10:26:17,195 [Listener at 0.0.0.0/15144] INFO  helpers.OmKeyInfo (OmKeyInfo.java:getCodec(75)) - OmKeyInfo.getCodec ignorePipeline = true
2023-05-23 10:26:17,195 [Listener at 0.0.0.0/15144] INFO  codec.RepeatedOmKeyInfoCodec (RepeatedOmKeyInfoCodec.java:<init>(41)) - RepeatedOmKeyInfoCodec ignorePipeline = true
2023-05-23 10:26:17,418 [Listener at 0.0.0.0/15144] INFO  om.OzoneManager (OzoneManager.java:instantiateServices(789)) - S3 Multi-Tenancy is disabled
2023-05-23 10:26:17,418 [Listener at 0.0.0.0/15144] INFO  om.OmSnapshotManager (OmSnapshotManager.java:<init>(170)) - Ozone filesystem snapshot feature is enabled.
2023-05-23 10:26:17,418 [Listener at 0.0.0.0/15144] WARN  server.ServerUtils (ServerUtils.java:getDBPath(225)) - ozone.om.snapshot.diff.db.dir is not configured. We recommend adding this setting. Falling back to ozone.metadata.dirs instead.
2023-05-23 10:26:17,445 [Listener at 0.0.0.0/15144] INFO  utils.NativeLibraryLoader (NativeLibraryLoader.java:loadLibrary(103)) - Loading Library: ozone_rocksdb_tools
2023-05-23 10:26:17,447 [Listener at 0.0.0.0/15144] INFO  om.OzoneManager (OzoneManager.java:addS3GVolumeToDB(4326)) - Created Volume s3v With Owner runner required for S3Gateway operations.
2023-05-23 10:26:17,447 [Listener at 0.0.0.0/15144] WARN  server.ServerUtils (ServerUtils.java:getDefaultRatisDirectory(237)) - Storage directory for Ratis is not configured. It is a good idea to map this to an SSD disk. Falling back to ozone.metadata.dirs
2023-05-23 10:26:17,447 [Listener at 0.0.0.0/15144] WARN  utils.OzoneManagerRatisUtils (OzoneManagerRatisUtils.java:getOMRatisSnapshotDirectory(456)) - ozone.om.ratis.snapshot.dir is not configured. Falling back to ozone.metadata.dirs config
2023-05-23 10:26:17,447 [Listener at 0.0.0.0/15144] WARN  server.ServerUtils (ServerUtils.java:getDefaultRatisDirectory(237)) - Storage directory for Ratis is not configured. It is a good idea to map this to an SSD disk. Falling back to ozone.metadata.dirs
2023-05-23 10:26:17,448 [Listener at 0.0.0.0/15144] INFO  ratis.OzoneManagerRatisServer (OzoneManagerRatisServer.java:<init>(163)) - Instantiating OM Ratis server with groupID: omServiceIdDefault and peers: localhost:15151
2023-05-23 10:26:17,448 [Listener at 0.0.0.0/15144] INFO  ratis.OzoneManagerStateMachine (OzoneManagerStateMachine.java:loadSnapshotInfoFromDB(670)) - LastAppliedIndex is set from TransactionInfo from OM DB as (t:0, i:~)
2023-05-23 10:26:17,448 [Listener at 0.0.0.0/15144] INFO  server.RaftServer (ConfUtils.java:logGet(46)) - raft.rpc.type = GRPC (default)
2023-05-23 10:26:17,449 [Listener at 0.0.0.0/15144] INFO  grpc.GrpcConfigKeys (ConfUtils.java:logFallback(53)) - raft.grpc.admin.host = null (fallback to raft.grpc.server.host)
2023-05-23 10:26:17,449 [Listener at 0.0.0.0/15144] INFO  grpc.GrpcConfigKeys (ConfUtils.java:logFallback(53)) - raft.grpc.admin.port = 15151 (fallback to raft.grpc.server.port)
2023-05-23 10:26:17,449 [Listener at 0.0.0.0/15144] INFO  grpc.GrpcConfigKeys (ConfUtils.java:logFallback(53)) - raft.grpc.client.host = null (fallback to raft.grpc.server.host)
2023-05-23 10:26:17,449 [Listener at 0.0.0.0/15144] INFO  grpc.GrpcConfigKeys (ConfUtils.java:logFallback(53)) - raft.grpc.client.port = 15151 (fallback to raft.grpc.server.port)
2023-05-23 10:26:17,449 [Listener at 0.0.0.0/15144] INFO  grpc.GrpcConfigKeys (ConfUtils.java:logGet(46)) - raft.grpc.server.host = null (default)
2023-05-23 10:26:17,449 [Listener at 0.0.0.0/15144] INFO  grpc.GrpcConfigKeys (ConfUtils.java:logGet(46)) - raft.grpc.server.port = 15151 (custom)
2023-05-23 10:26:17,449 [Listener at 0.0.0.0/15144] INFO  server.GrpcService (ConfUtils.java:logGet(46)) - raft.grpc.message.size.max = 33554432 (custom)
2023-05-23 10:26:17,449 [Listener at 0.0.0.0/15144] INFO  server.RaftServerConfigKeys (ConfUtils.java:logGet(46)) - raft.server.log.appender.buffer.byte-limit = 33554432 (custom)
2023-05-23 10:26:17,449 [Listener at 0.0.0.0/15144] INFO  server.GrpcService (ConfUtils.java:logGet(46)) - raft.grpc.flow.control.window = 1MB (=1048576) (default)
2023-05-23 10:26:17,449 [Listener at 0.0.0.0/15144] INFO  server.RaftServerConfigKeys (ConfUtils.java:logGet(46)) - raft.server.rpc.request.timeout = 3000ms (default)
2023-05-23 10:26:17,449 [Listener at 0.0.0.0/15144] INFO  grpc.GrpcConfigKeys (ConfUtils.java:logGet(46)) - raft.grpc.server.heartbeat.channel = true (default)
2023-05-23 10:26:17,449 [Listener at 0.0.0.0/15144] INFO  grpc.GrpcConfigKeys (ConfUtils.java:logGet(46)) - raft.grpc.server.async.request.thread.pool.cached = true (default)
2023-05-23 10:26:17,450 [Listener at 0.0.0.0/15144] INFO  grpc.GrpcConfigKeys (ConfUtils.java:logGet(46)) - raft.grpc.server.async.request.thread.pool.size = 32 (default)
2023-05-23 10:26:17,451 [Listener at 0.0.0.0/15144] INFO  impl.DataStreamServerImpl (ConfUtils.java:logGet(46)) - raft.datastream.type = DISABLED (default)
2023-05-23 10:26:17,451 [Listener at 0.0.0.0/15144] INFO  server.RaftServerConfigKeys (ConfUtils.java:logGet(46)) - raft.server.threadpool.proxy.cached = true (default)
2023-05-23 10:26:17,451 [Listener at 0.0.0.0/15144] INFO  server.RaftServerConfigKeys (ConfUtils.java:logGet(46)) - raft.server.threadpool.proxy.size = 0 (default)
2023-05-23 10:26:17,451 [Listener at 0.0.0.0/15144] INFO  server.RaftServerConfigKeys (ConfUtils.java:logGet(46)) - raft.server.rpc.slowness.timeout = 120s (custom)
2023-05-23 10:26:17,451 [Listener at 0.0.0.0/15144] INFO  server.RaftServerConfigKeys (ConfUtils.java:logGet(46)) - raft.server.leaderelection.leader.step-down.wait-time = 10s (default)
2023-05-23 10:26:17,451 [Listener at 0.0.0.0/15144] INFO  server.RaftServerConfigKeys (ConfUtils.java:logGet(46)) - raft.server.storage.dir = [/home/runner/work/ozone/ozone/hadoop-ozone/integration-test/target/test-dir/MiniOzoneClusterImpl-00f23a18-bf09-4bf2-9950-b0f9dab58561/ozone-meta/ratis] (custom)
2023-05-23 10:26:17,454 [Listener at 0.0.0.0/15144] INFO  server.RaftServer (RaftServerProxy.java:addNew(98)) - om1: addNew group-C5BA1605619E:[om1|rpc:localhost:15151|priority:0|startupRole:FOLLOWER] returns group-C5BA1605619E:java.util.concurrent.CompletableFuture@7f6a6916[Not completed]
2023-05-23 10:26:17,454 [Listener at 0.0.0.0/15144] INFO  om.OzoneManager (OzoneManager.java:initializeRatisServer(2151)) - OzoneManager Ratis server initialized at port 15151
2023-05-23 10:26:17,454 [Listener at 0.0.0.0/15144] INFO  om.OzoneManager (OzoneManager.java:getRpcServer(1198)) - Creating RPC Server
2023-05-23 10:26:17,455 [om1-groupManagement] INFO  server.RaftServer$Division (RaftServerImpl.java:<init>(198)) - om1: new RaftServerImpl for group-C5BA1605619E:[om1|rpc:localhost:15151|priority:0|startupRole:FOLLOWER] with OzoneManagerStateMachine:uninitialized
2023-05-23 10:26:17,455 [om1-groupManagement] INFO  server.RaftServerConfigKeys (ConfUtils.java:logGet(46)) - raft.server.rpc.timeout.min = 1s (custom)
2023-05-23 10:26:17,455 [om1-groupManagement] INFO  server.RaftServerConfigKeys (ConfUtils.java:logGet(46)) - raft.server.rpc.timeout.max = 1200ms (custom)
2023-05-23 10:26:17,456 [om1-groupManagement] INFO  server.RaftServerConfigKeys (ConfUtils.java:logGet(46)) - raft.server.rpc.sleep.time = 25ms (default)
2023-05-23 10:26:17,456 [om1-groupManagement] INFO  server.RaftServerConfigKeys (ConfUtils.java:logGet(46)) - raft.server.rpc.slowness.timeout = 120s (custom)
2023-05-23 10:26:17,456 [om1-groupManagement] INFO  server.RaftServerConfigKeys (ConfUtils.java:logGet(46)) - raft.server.leaderelection.leader.step-down.wait-time = 10s (default)
2023-05-23 10:26:17,456 [om1-groupManagement] INFO  server.RaftServerConfigKeys (ConfUtils.java:logGet(46)) - raft.server.sleep.deviation.threshold = 300ms (default)
2023-05-23 10:26:17,456 [om1-groupManagement] INFO  server.RaftServer$Division (ServerState.java:<init>(120)) - om1@group-C5BA1605619E: ConfigurationManager, init=-1: peers:[om1|rpc:localhost:15151|priority:0|startupRole:FOLLOWER]|listeners:[], old=null, confs=<EMPTY_MAP>
2023-05-23 10:26:17,456 [om1-groupManagement] INFO  server.RaftServerConfigKeys (ConfUtils.java:logGet(46)) - raft.server.storage.dir = [/home/runner/work/ozone/ozone/hadoop-ozone/integration-test/target/test-dir/MiniOzoneClusterImpl-00f23a18-bf09-4bf2-9950-b0f9dab58561/ozone-meta/ratis] (custom)
2023-05-23 10:26:17,456 [om1-groupManagement] INFO  server.RaftServerConfigKeys (ConfUtils.java:logGet(46)) - raft.server.log.corruption.policy = EXCEPTION (default)
2023-05-23 10:26:17,456 [om1-groupManagement] INFO  server.RaftServerConfigKeys (ConfUtils.java:logGet(46)) - raft.server.storage.free-space.min = 0MB (=0) (default)
2023-05-23 10:26:17,456 [om1-groupManagement] INFO  server.RaftServerConfigKeys (ConfUtils.java:logGet(46)) - raft.server.notification.no-leader.timeout = 120s (custom)
2023-05-23 10:26:17,456 [om1-groupManagement] INFO  server.RaftServerConfigKeys (ConfUtils.java:logGet(46)) - raft.server.read.timeout = 10s (default)
2023-05-23 10:26:17,456 [om1-groupManagement] INFO  server.RaftServerConfigKeys (ConfUtils.java:logGet(46)) - raft.server.retrycache.expirytime = 300s (custom)
2023-05-23 10:26:17,456 [om1-groupManagement] INFO  server.RaftServerConfigKeys (ConfUtils.java:logGet(46)) - raft.server.retrycache.statistics.expirytime = 100μs (default)
2023-05-23 10:26:17,456 [om1-groupManagement] INFO  server.RaftServerConfigKeys (ConfUtils.java:logGet(46)) - raft.server.read.option = DEFAULT (default)
2023-05-23 10:26:17,457 [om1-groupManagement] INFO  server.RaftServerConfigKeys (ConfUtils.java:logGet(46)) - raft.server.rpc.request.timeout = 3000ms (default)
2023-05-23 10:26:17,457 [om1-groupManagement] INFO  server.RaftServerConfigKeys (ConfUtils.java:logGet(46)) - raft.server.log.appender.install.snapshot.enabled = false (custom)
2023-05-23 10:26:17,457 [om1-groupManagement] INFO  server.RaftServerConfigKeys (ConfUtils.java:logGet(46)) - raft.server.threadpool.server.cached = true (default)
2023-05-23 10:26:17,457 [om1-groupManagement] INFO  server.RaftServerConfigKeys (ConfUtils.java:logGet(46)) - raft.server.threadpool.server.size = 0 (default)
2023-05-23 10:26:17,457 [om1-groupManagement] INFO  server.RaftServerConfigKeys (ConfUtils.java:logGet(46)) - raft.server.threadpool.client.cached = true (default)
2023-05-23 10:26:17,457 [om1-groupManagement] INFO  server.RaftServerConfigKeys (ConfUtils.java:logGet(46)) - raft.server.threadpool.client.size = 0 (default)
2023-05-23 10:26:17,957 [Listener at 0.0.0.0/15144] INFO  reflections.Reflections (Reflections.java:scan(232)) - Reflections took 502 ms to scan 19 urls, producing 69 keys and 5193 values [using 2 cores]
2023-05-23 10:26:17,959 [Listener at 0.0.0.0/15144] INFO  ipc.CallQueueManager (CallQueueManager.java:<init>(90)) - Using callQueue: class java.util.concurrent.LinkedBlockingQueue, queueCapacity: 2000, scheduler: class org.apache.hadoop.ipc.DefaultRpcScheduler, ipcBackoff: false.
2023-05-23 10:26:17,959 [Socket Reader #1 for port 15148] INFO  ipc.Server (Server.java:run(1319)) - Starting Socket Reader #1 for port 15148
2023-05-23 10:26:17,984 [Listener at 127.0.0.1/15148] INFO  impl.MetricsSystemImpl (MetricsSystemImpl.java:init(158)) - OzoneManager metrics system started (again)
2023-05-23 10:26:17,995 [Listener at 127.0.0.1/15148] INFO  om.OzoneManager (OzoneManager.java:start(1619)) - OzoneManager RPC server is listening at localhost/127.0.0.1:15148
2023-05-23 10:26:17,996 [Listener at 127.0.0.1/15148] INFO  ratis.OzoneManagerRatisServer (OzoneManagerRatisServer.java:start(558)) - Starting OzoneManagerRatisServer om1 at port 15151
2023-05-23 10:26:17,996 [om1-impl-thread1] INFO  storage.RaftStorageDirectory (RaftStorageDirectoryImpl.java:analyzeStorage(137)) - The storage directory /home/runner/work/ozone/ozone/hadoop-ozone/integration-test/target/test-dir/MiniOzoneClusterImpl-00f23a18-bf09-4bf2-9950-b0f9dab58561/ozone-meta/ratis/bf265839-605b-3f16-9796-c5ba1605619e does not exist. Creating ...
2023-05-23 10:26:17,998 [om1-impl-thread1] INFO  storage.RaftStorageDirectory (RaftStorageDirectoryImpl.java:tryLock(231)) - Lock on /home/runner/work/ozone/ozone/hadoop-ozone/integration-test/target/test-dir/MiniOzoneClusterImpl-00f23a18-bf09-4bf2-9950-b0f9dab58561/ozone-meta/ratis/bf265839-605b-3f16-9796-c5ba1605619e/in_use.lock acquired by nodename 10384@fv-az1249-304
2023-05-23 10:26:17,999 [om1-impl-thread1] INFO  storage.RaftStorage (RaftStorageImpl.java:format(96)) - Storage directory /home/runner/work/ozone/ozone/hadoop-ozone/integration-test/target/test-dir/MiniOzoneClusterImpl-00f23a18-bf09-4bf2-9950-b0f9dab58561/ozone-meta/ratis/bf265839-605b-3f16-9796-c5ba1605619e has been successfully formatted.
2023-05-23 10:26:17,999 [om1-impl-thread1] INFO  server.RaftServerConfigKeys (ConfUtils.java:logGet(46)) - raft.server.log.use.memory = false (default)
2023-05-23 10:26:18,000 [om1-impl-thread1] INFO  server.RaftServerConfigKeys (ConfUtils.java:logGet(46)) - raft.server.log.purge.gap = 1000000 (custom)
2023-05-23 10:26:18,000 [om1-impl-thread1] INFO  server.RaftServerConfigKeys (ConfUtils.java:logGet(46)) - raft.server.log.appender.buffer.byte-limit = 33554432 (custom)
2023-05-23 10:26:18,000 [om1-impl-thread1] INFO  server.RaftServerConfigKeys (ConfUtils.java:logGet(46)) - raft.server.log.statemachine.data.read.timeout = 1000ms (default)
2023-05-23 10:26:18,000 [om1-impl-thread1] INFO  server.RaftServerConfigKeys (ConfUtils.java:logGet(46)) - raft.server.log.purge.preservation.log.num = 0 (default)
2023-05-23 10:26:18,000 [om1-impl-thread1] INFO  server.RaftServerConfigKeys (ConfUtils.java:logGet(46)) - raft.server.log.segment.size.max = 4194304 (custom)
2023-05-23 10:26:18,000 [om1-impl-thread1] INFO  server.RaftServerConfigKeys (ConfUtils.java:logGet(46)) - raft.server.log.segment.cache.num.max = 2 (custom)
2023-05-23 10:26:18,000 [om1-impl-thread1] INFO  server.RaftServerConfigKeys (ConfUtils.java:logGet(46)) - raft.server.log.segment.cache.size.max = 200MB (=209715200) (default)
2023-05-23 10:26:18,000 [om1-impl-thread1] INFO  server.RaftServerConfigKeys (ConfUtils.java:logGet(46)) - raft.server.log.appender.buffer.byte-limit = 33554432 (custom)
2023-05-23 10:26:18,000 [om1-impl-thread1] INFO  segmented.SegmentedRaftLogWorker (SegmentedRaftLogWorker.java:<init>(188)) - new om1@group-C5BA1605619E-SegmentedRaftLogWorker for RaftStorageImpl:Storage Directory /home/runner/work/ozone/ozone/hadoop-ozone/integration-test/target/test-dir/MiniOzoneClusterImpl-00f23a18-bf09-4bf2-9950-b0f9dab58561/ozone-meta/ratis/bf265839-605b-3f16-9796-c5ba1605619e
2023-05-23 10:26:18,000 [om1-impl-thread1] INFO  server.RaftServerConfigKeys (ConfUtils.java:logGet(46)) - raft.server.log.queue.byte-limit = 64MB (=67108864) (default)
2023-05-23 10:26:18,000 [om1-impl-thread1] INFO  server.RaftServerConfigKeys (ConfUtils.java:logGet(46)) - raft.server.log.queue.element-limit = 4096 (default)
2023-05-23 10:26:18,000 [om1-impl-thread1] INFO  server.RaftServerConfigKeys (ConfUtils.java:logGet(46)) - raft.server.log.segment.size.max = 4194304 (custom)
2023-05-23 10:26:18,000 [om1-impl-thread1] INFO  server.RaftServerConfigKeys (ConfUtils.java:logGet(46)) - raft.server.log.preallocated.size = 4194304 (custom)
2023-05-23 10:26:18,000 [om1-impl-thread1] INFO  server.RaftServerConfigKeys (ConfUtils.java:logGet(46)) - raft.server.log.force.sync.num = 128 (default)
2023-05-23 10:26:18,000 [om1-impl-thread1] INFO  server.RaftServerConfigKeys (ConfUtils.java:logGet(46)) - raft.server.log.statemachine.data.sync = true (default)
2023-05-23 10:26:18,000 [om1-impl-thread1] INFO  server.RaftServerConfigKeys (ConfUtils.java:logGet(46)) - raft.server.log.statemachine.data.sync.timeout = 10s (default)
2023-05-23 10:26:18,001 [om1-impl-thread1] INFO  server.RaftServerConfigKeys (ConfUtils.java:logGet(46)) - raft.server.log.statemachine.data.sync.timeout.retry = -1 (default)
2023-05-23 10:26:18,001 [om1-impl-thread1] INFO  server.RaftServerConfigKeys (ConfUtils.java:logGet(46)) - raft.server.log.write.buffer.size = 64KB (=65536) (default)
2023-05-23 10:26:18,001 [om1-impl-thread1] INFO  server.RaftServerConfigKeys (ConfUtils.java:logGet(46)) - raft.server.log.appender.buffer.byte-limit = 33554432 (custom)
2023-05-23 10:26:18,008 [om1-impl-thread1] INFO  server.RaftServerConfigKeys (ConfUtils.java:logGet(46)) - raft.server.log.unsafe-flush.enabled = false (default)
2023-05-23 10:26:18,008 [om1-impl-thread1] INFO  server.RaftServerConfigKeys (ConfUtils.java:logGet(46)) - raft.server.log.async-flush.enabled = false (default)
2023-05-23 10:26:18,008 [om1-impl-thread1] INFO  server.RaftServerConfigKeys (ConfUtils.java:logGet(46)) - raft.server.log.statemachine.data.caching.enabled = false (default)
2023-05-23 10:26:18,009 [om1-impl-thread1] INFO  segmented.SegmentedRaftLogWorker (SegmentedRaftLogWorker.java:lambda$new$0(135)) - om1@group-C5BA1605619E-SegmentedRaftLogWorker: flushIndex: setUnconditionally 0 -> -1
2023-05-23 10:26:18,009 [om1-impl-thread1] INFO  segmented.SegmentedRaftLogWorker (SegmentedRaftLogWorker.java:lambda$new$0(135)) - om1@group-C5BA1605619E-SegmentedRaftLogWorker: safeCacheEvictIndex: setUnconditionally 0 -> -1
2023-05-23 10:26:18,009 [om1-impl-thread1] INFO  server.RaftServer$Division (RaftServerImpl.java:start(342)) - om1@group-C5BA1605619E: start as a follower, conf=-1: peers:[om1|rpc:localhost:15151|priority:0|startupRole:FOLLOWER]|listeners:[], old=null
2023-05-23 10:26:18,009 [om1-impl-thread1] INFO  server.RaftServer$Division (RaftServerImpl.java:setRole(329)) - om1@group-C5BA1605619E: changes role from      null to FOLLOWER at term 0 for startAsFollower
2023-05-23 10:26:18,009 [om1-impl-thread1] INFO  impl.RoleInfo (RoleInfo.java:updateAndGet(139)) - om1: start om1@group-C5BA1605619E-FollowerState
2023-05-23 10:26:18,009 [om1-impl-thread1] INFO  util.JmxRegister (JmxRegister.java:tryRegister(44)) - Successfully registered JMX Bean with object name Ratis:service=RaftServer,group=group-C5BA1605619E,id=om1
2023-05-23 10:26:18,009 [om1-impl-thread1] INFO  server.RaftServerConfigKeys (ConfUtils.java:logGet(46)) - raft.server.snapshot.auto.trigger.enabled = true (custom)
2023-05-23 10:26:18,010 [om1-impl-thread1] INFO  server.RaftServerConfigKeys (ConfUtils.java:logGet(46)) - raft.server.snapshot.auto.trigger.threshold = 400000 (default)
2023-05-23 10:26:18,010 [om1-impl-thread1] INFO  server.RaftServerConfigKeys (ConfUtils.java:logGet(46)) - raft.server.snapshot.retention.file.num = -1 (default)
2023-05-23 10:26:18,010 [om1-impl-thread1] INFO  server.RaftServerConfigKeys (ConfUtils.java:logGet(46)) - raft.server.log.purge.upto.snapshot.index = true (custom)
2023-05-23 10:26:18,010 [om1@group-C5BA1605619E-FollowerState] INFO  server.RaftServerConfigKeys (ConfUtils.java:logFallback(53)) - raft.server.rpc.first-election.timeout.min = 1s (fallback to raft.server.rpc.timeout.min)
2023-05-23 10:26:18,010 [om1@group-C5BA1605619E-FollowerState] INFO  server.RaftServerConfigKeys (ConfUtils.java:logFallback(53)) - raft.server.rpc.first-election.timeout.max = 1200ms (fallback to raft.server.rpc.timeout.max)
2023-05-23 10:26:18,010 [Listener at 127.0.0.1/15148] INFO  server.RaftServer (RaftServerProxy.java:startImpl(400)) - om1: start RPC server
2023-05-23 10:26:18,012 [Listener at 127.0.0.1/15148] INFO  server.GrpcService (GrpcService.java:startImpl(302)) - om1: GrpcService started, listening on 15151
2023-05-23 10:26:18,012 [Listener at 127.0.0.1/15148] INFO  om.OzoneManager (OzoneManager.java:start(1635)) - Version File has different layout version (4) than OM DB (null). That is expected if this OM has never been finalized to a newer layout version.
2023-05-23 10:26:18,012 [JvmPauseMonitor18] INFO  util.JvmPauseMonitor (JvmPauseMonitor.java:run(103)) - JvmPauseMonitor-om1: Started
2023-05-23 10:26:18,015 [Listener at 127.0.0.1/15148] INFO  http.BaseHttpServer (BaseHttpServer.java:newHttpServer2BuilderForOzone(224)) - Starting Web-server for ozoneManager at: http://0.0.0.0:15149
2023-05-23 10:26:18,015 [Listener at 127.0.0.1/15148] INFO  http.BaseHttpServer (BaseHttpServer.java:<init>(111)) - Hadoop Security Enabled: false Ozone Security Enabled: false Ozone HTTP Security Enabled: false 
2023-05-23 10:26:18,016 [Listener at 127.0.0.1/15148] WARN  server.AuthenticationFilter (AuthenticationFilter.java:constructSecretProvider(240)) - Unable to initialize FileSignerSecretProvider, falling back to use random secrets. Reason: Could not read signature secret file: /home/runner/hadoop-http-auth-signature-secret
2023-05-23 10:26:18,017 [Listener at 127.0.0.1/15148] INFO  http.HttpRequestLog (HttpRequestLog.java:getRequestLog(86)) - Http request log for http.requests.ozoneManager is not defined
2023-05-23 10:26:18,018 [Listener at 127.0.0.1/15148] INFO  http.HttpServer2 (HttpServer2.java:addGlobalFilter(1031)) - Added global filter 'safety' (class=org.apache.hadoop.hdds.server.http.HttpServer2$QuotingInputFilter)
2023-05-23 10:26:18,019 [Listener at 127.0.0.1/15148] INFO  http.HttpServer2 (HttpServer2.java:addFilter(1007)) - Added filter static_user_filter (class=org.apache.hadoop.http.lib.StaticUserWebFilter$StaticUserFilter) to context ozoneManager
2023-05-23 10:26:18,019 [Listener at 127.0.0.1/15148] INFO  http.HttpServer2 (HttpServer2.java:addFilter(1015)) - Added filter static_user_filter (class=org.apache.hadoop.http.lib.StaticUserWebFilter$StaticUserFilter) to context static
2023-05-23 10:26:18,019 [Listener at 127.0.0.1/15148] INFO  http.HttpServer2 (HttpServer2.java:addFilter(1015)) - Added filter static_user_filter (class=org.apache.hadoop.http.lib.StaticUserWebFilter$StaticUserFilter) to context logs
2023-05-23 10:26:18,019 [Listener at 127.0.0.1/15148] INFO  http.BaseHttpServer (BaseHttpServer.java:<init>(190)) - HTTP server of ozoneManager uses base directory /home/runner/work/ozone/ozone/hadoop-ozone/integration-test/target/test-dir/MiniOzoneClusterImpl-00f23a18-bf09-4bf2-9950-b0f9dab58561/ozone-meta/webserver
2023-05-23 10:26:18,019 [Listener at 127.0.0.1/15148] INFO  http.HttpServer2 (HttpServer2.java:bindListener(1250)) - Jetty bound to port 15149
2023-05-23 10:26:18,020 [Listener at 127.0.0.1/15148] INFO  server.Server (Server.java:doStart(375)) - jetty-9.4.51.v20230217; built: 2023-02-17T08:19:37.309Z; git: b45c405e4544384de066f814ed42ae3dceacdd49; jvm 1.8.0_362-b09
2023-05-23 10:26:18,028 [Listener at 127.0.0.1/15148] INFO  server.session (DefaultSessionIdManager.java:doStart(334)) - DefaultSessionIdManager workerName=node0
2023-05-23 10:26:18,028 [Listener at 127.0.0.1/15148] INFO  server.session (DefaultSessionIdManager.java:doStart(339)) - No SessionScavenger set, using defaults
2023-05-23 10:26:18,028 [Listener at 127.0.0.1/15148] INFO  server.session (HouseKeeper.java:startScavenging(132)) - node0 Scavenging every 660000ms
2023-05-23 10:26:18,028 [Listener at 127.0.0.1/15148] INFO  handler.ContextHandler (ContextHandler.java:doStart(921)) - Started o.e.j.s.ServletContextHandler@6f437f1e{logs,/logs,file:///home/runner/work/ozone/ozone/hadoop-ozone/integration-test/target/log,AVAILABLE}
2023-05-23 10:26:18,029 [Listener at 127.0.0.1/15148] INFO  handler.ContextHandler (ContextHandler.java:doStart(921)) - Started o.e.j.s.ServletContextHandler@2535d490{static,/static,file:///home/runner/work/ozone/ozone/hadoop-ozone/integration-test/target/test-classes/webapps/static,AVAILABLE}
2023-05-23 10:26:18,031 [Listener at 127.0.0.1/15148] INFO  handler.ContextHandler (ContextHandler.java:doStart(921)) - Started o.e.j.w.WebAppContext@3be437d{ozoneManager,/,file:///home/runner/work/ozone/ozone/hadoop-ozone/integration-test/target/test-classes/webapps/ozoneManager/,AVAILABLE}{file:/home/runner/work/ozone/ozone/hadoop-ozone/integration-test/target/test-classes/webapps/ozoneManager}
2023-05-23 10:26:18,032 [Listener at 127.0.0.1/15148] INFO  server.AbstractConnector (AbstractConnector.java:doStart(333)) - Started ServerConnector@6122af02{HTTP/1.1, (http/1.1)}{0.0.0.0:15149}
2023-05-23 10:26:18,032 [Listener at 127.0.0.1/15148] INFO  server.Server (Server.java:doStart(415)) - Started @111084ms
2023-05-23 10:26:18,032 [Listener at 127.0.0.1/15148] WARN  impl.MetricsSystemImpl (MetricsSystemImpl.java:register(279)) - Sink prometheus already exists!
2023-05-23 10:26:18,033 [Listener at 127.0.0.1/15148] INFO  http.BaseHttpServer (BaseHttpServer.java:updateConnectorAddress(344)) - HTTP server of ozoneManager listening at http://0.0.0.0:15149
2023-05-23 10:26:18,037 [IPC Server Responder] INFO  ipc.Server (Server.java:run(1558)) - IPC Server Responder: starting
2023-05-23 10:26:18,043 [IPC Server listener on 15148] INFO  ipc.Server (Server.java:run(1398)) - IPC Server listener on 15148: starting
2023-05-23 10:26:18,045 [ReplicationMonitor] INFO  replication.ReplicationManager (ReplicationManager.java:processAll(375)) - Replication Manager is not ready to run until 3000ms after safemode exit
2023-05-23 10:26:18,050 [Listener at 127.0.0.1/15148] INFO  om.OzoneManager (OzoneManager.java:startTrashEmptier(2095)) - Trash Interval set to 0. Files deleted won't move to trash
2023-05-23 10:26:18,051 [org.apache.hadoop.util.JvmPauseMonitor$Monitor@7644d291] INFO  util.JvmPauseMonitor (JvmPauseMonitor.java:run(188)) - Starting JVM pause monitor
2023-05-23 10:26:18,073 [Listener at 127.0.0.1/15148] WARN  impl.MetricRegistriesImpl (MetricRegistriesImpl.java:addReporterRegistration(111)) - New reporters are added after registries were created. Some metrics will be missing from the reporter. Please add reporter before adding any new registry.
2023-05-23 10:26:18,074 [Listener at 127.0.0.1/15148] WARN  impl.MetricRegistriesImpl (MetricRegistriesImpl.java:addReporterRegistration(111)) - New reporters are added after registries were created. Some metrics will be missing from the reporter. Please add reporter before adding any new registry.
2023-05-23 10:26:18,074 [Listener at 127.0.0.1/15148] INFO  impl.MetricsSystemImpl (MetricsSystemImpl.java:init(158)) - HddsDatanode metrics system started (again)
2023-05-23 10:26:18,093 [Listener at 127.0.0.1/15148] INFO  ozone.HddsDatanodeService (HddsDatanodeService.java:start(252)) - HddsDatanodeService host:fv-az1249-304 ip:10.1.0.38
2023-05-23 10:26:18,127 [Listener at 127.0.0.1/15148] INFO  upgrade.AbstractLayoutVersionManager (AbstractLayoutVersionManager.java:init(83)) - Initializing Layout version manager with metadata layout = WEBUI_PORTS_IN_DATANODEDETAILS (version = 6), software layout = WEBUI_PORTS_IN_DATANODEDETAILS (version = 6)
2023-05-23 10:26:18,128 [Listener at 127.0.0.1/15148] INFO  statemachine.DatanodeStateMachine (DatanodeStateMachine.java:getEndPointTaskThreadPoolSize(267)) - Datanode State Machine Task Thread Pool size 2
2023-05-23 10:26:18,129 [Listener at 127.0.0.1/15148] INFO  volume.HddsVolume (HddsVolume.java:<init>(130)) - Creating HddsVolume: /home/runner/work/ozone/ozone/hadoop-ozone/integration-test/target/test-dir/MiniOzoneClusterImpl-00f23a18-bf09-4bf2-9950-b0f9dab58561/datanode-0/data-0/containers/hdds of storage type : DISK capacity : 9223372036854775807
2023-05-23 10:26:18,130 [Listener at 127.0.0.1/15148] INFO  volume.MutableVolumeSet (MutableVolumeSet.java:initializeVolumeSet(175)) - Added Volume : /home/runner/work/ozone/ozone/hadoop-ozone/integration-test/target/test-dir/MiniOzoneClusterImpl-00f23a18-bf09-4bf2-9950-b0f9dab58561/datanode-0/data-0/containers/hdds to VolumeSet
2023-05-23 10:26:18,130 [Listener at 127.0.0.1/15148] INFO  volume.ThrottledAsyncChecker (ThrottledAsyncChecker.java:schedule(141)) - Scheduling a check for /home/runner/work/ozone/ozone/hadoop-ozone/integration-test/target/test-dir/MiniOzoneClusterImpl-00f23a18-bf09-4bf2-9950-b0f9dab58561/datanode-0/data-0/containers/hdds
2023-05-23 10:26:18,133 [Listener at 127.0.0.1/15148] INFO  volume.StorageVolumeChecker (StorageVolumeChecker.java:checkAllVolumes(202)) - Scheduled health check for volume /home/runner/work/ozone/ozone/hadoop-ozone/integration-test/target/test-dir/MiniOzoneClusterImpl-00f23a18-bf09-4bf2-9950-b0f9dab58561/datanode-0/data-0/containers/hdds
2023-05-23 10:26:18,147 [Listener at 127.0.0.1/15148] INFO  volume.MutableVolumeSet (MutableVolumeSet.java:initializeVolumeSet(175)) - Added Volume : /home/runner/work/ozone/ozone/hadoop-ozone/integration-test/target/test-dir/MiniOzoneClusterImpl-00f23a18-bf09-4bf2-9950-b0f9dab58561/datanode-0/data/ratis to VolumeSet
2023-05-23 10:26:18,147 [Listener at 127.0.0.1/15148] INFO  volume.ThrottledAsyncChecker (ThrottledAsyncChecker.java:schedule(141)) - Scheduling a check for /home/runner/work/ozone/ozone/hadoop-ozone/integration-test/target/test-dir/MiniOzoneClusterImpl-00f23a18-bf09-4bf2-9950-b0f9dab58561/datanode-0/data/ratis
2023-05-23 10:26:18,147 [Listener at 127.0.0.1/15148] INFO  volume.StorageVolumeChecker (StorageVolumeChecker.java:checkAllVolumes(202)) - Scheduled health check for volume /home/runner/work/ozone/ozone/hadoop-ozone/integration-test/target/test-dir/MiniOzoneClusterImpl-00f23a18-bf09-4bf2-9950-b0f9dab58561/datanode-0/data/ratis
2023-05-23 10:26:18,159 [Thread-1854] INFO  ozoneimpl.ContainerReader (ContainerReader.java:readVolume(175)) - Finish verifying containers on volume /home/runner/work/ozone/ozone/hadoop-ozone/integration-test/target/test-dir/MiniOzoneClusterImpl-00f23a18-bf09-4bf2-9950-b0f9dab58561/datanode-0/data-0/containers/hdds
2023-05-23 10:26:18,159 [Listener at 127.0.0.1/15148] INFO  ozoneimpl.OzoneContainer (OzoneContainer.java:buildContainerSet(303)) - Build ContainerSet costs 0s
2023-05-23 10:26:18,164 [Listener at 127.0.0.1/15148] INFO  server.RaftServer (ConfUtils.java:logGet(46)) - raft.rpc.type = GRPC (default)
2023-05-23 10:26:18,165 [Listener at 127.0.0.1/15148] INFO  grpc.GrpcConfigKeys (ConfUtils.java:logFallback(53)) - raft.grpc.admin.host = null (fallback to raft.grpc.server.host)
2023-05-23 10:26:18,165 [Listener at 127.0.0.1/15148] INFO  grpc.GrpcConfigKeys (ConfUtils.java:logGet(46)) - raft.grpc.admin.port = 15156 (custom)
2023-05-23 10:26:18,165 [Listener at 127.0.0.1/15148] INFO  grpc.GrpcConfigKeys (ConfUtils.java:logFallback(53)) - raft.grpc.client.host = null (fallback to raft.grpc.server.host)
2023-05-23 10:26:18,165 [Listener at 127.0.0.1/15148] INFO  grpc.GrpcConfigKeys (ConfUtils.java:logGet(46)) - raft.grpc.client.port = 15155 (custom)
2023-05-23 10:26:18,165 [Listener at 127.0.0.1/15148] INFO  grpc.GrpcConfigKeys (ConfUtils.java:logGet(46)) - raft.grpc.server.host = null (default)
2023-05-23 10:26:18,165 [Listener at 127.0.0.1/15148] INFO  grpc.GrpcConfigKeys (ConfUtils.java:logGet(46)) - raft.grpc.server.port = 15157 (custom)
2023-05-23 10:26:18,165 [Listener at 127.0.0.1/15148] INFO  server.GrpcService (ConfUtils.java:logGet(46)) - raft.grpc.message.size.max = 32MB (=33554432) (custom)
2023-05-23 10:26:18,165 [Listener at 127.0.0.1/15148] INFO  server.RaftServerConfigKeys (ConfUtils.java:logGet(46)) - raft.server.log.appender.buffer.byte-limit = 33554432 (custom)
2023-05-23 10:26:18,165 [Listener at 127.0.0.1/15148] INFO  server.GrpcService (ConfUtils.java:logGet(46)) - raft.grpc.flow.control.window = 5MB (=5242880) (custom)
2023-05-23 10:26:18,165 [Listener at 127.0.0.1/15148] INFO  server.RaftServerConfigKeys (ConfUtils.java:logGet(46)) - raft.server.rpc.request.timeout = 60s (custom)
2023-05-23 10:26:18,165 [Listener at 127.0.0.1/15148] INFO  grpc.GrpcConfigKeys (ConfUtils.java:logGet(46)) - raft.grpc.server.heartbeat.channel = true (default)
2023-05-23 10:26:18,165 [Listener at 127.0.0.1/15148] INFO  grpc.GrpcConfigKeys (ConfUtils.java:logGet(46)) - raft.grpc.server.async.request.thread.pool.cached = true (default)
2023-05-23 10:26:18,166 [Listener at 127.0.0.1/15148] INFO  grpc.GrpcConfigKeys (ConfUtils.java:logGet(46)) - raft.grpc.server.async.request.thread.pool.size = 32 (default)
2023-05-23 10:26:18,170 [Listener at 127.0.0.1/15148] INFO  impl.DataStreamServerImpl (ConfUtils.java:logGet(46)) - raft.datastream.type = NETTY (custom)
2023-05-23 10:26:18,170 [Listener at 127.0.0.1/15148] INFO  server.RaftServerConfigKeys (ConfUtils.java:logGet(46)) - raft.server.data-stream.async.request.thread.pool.cached = false (default)
2023-05-23 10:26:18,171 [Listener at 127.0.0.1/15148] INFO  server.RaftServerConfigKeys (ConfUtils.java:logGet(46)) - raft.server.data-stream.async.request.thread.pool.size = 20 (custom)
2023-05-23 10:26:18,171 [Listener at 127.0.0.1/15148] INFO  server.RaftServerConfigKeys (ConfUtils.java:logGet(46)) - raft.server.data-stream.async.write.thread.pool.size = 16 (default)
2023-05-23 10:26:18,171 [Listener at 127.0.0.1/15148] INFO  server.RaftServerConfigKeys (ConfUtils.java:logGet(46)) - raft.server.data-stream.client.pool.size = 10 (default)
2023-05-23 10:26:18,171 [Listener at 127.0.0.1/15148] INFO  netty.NettyConfigKeys$DataStream (ConfUtils.java:logGet(46)) - raft.netty.dataStream.server.use-epoll = false (default)
2023-05-23 10:26:18,171 [Listener at 127.0.0.1/15148] INFO  netty.NettyConfigKeys$DataStream (ConfUtils.java:logGet(46)) - raft.netty.dataStream.server.boss-group.size = 0 (default)
2023-05-23 10:26:18,171 [Listener at 127.0.0.1/15148] INFO  netty.NettyConfigKeys$DataStream (ConfUtils.java:logGet(46)) - raft.netty.dataStream.server.worker-group.size = 0 (default)
2023-05-23 10:26:18,171 [Listener at 127.0.0.1/15148] INFO  netty.NettyConfigKeys$DataStream (ConfUtils.java:logGet(46)) - raft.netty.dataStream.server.tls.conf = null (default)
2023-05-23 10:26:18,172 [Listener at 127.0.0.1/15148] INFO  netty.NettyConfigKeys$DataStream (ConfUtils.java:logGet(46)) - raft.netty.dataStream.host = null (default)
2023-05-23 10:26:18,172 [Listener at 127.0.0.1/15148] INFO  netty.NettyConfigKeys$DataStream (ConfUtils.java:logGet(46)) - raft.netty.dataStream.port = 15158 (custom)
2023-05-23 10:26:18,173 [Listener at 127.0.0.1/15148] INFO  server.RaftServerConfigKeys (ConfUtils.java:logGet(46)) - raft.server.threadpool.proxy.cached = true (default)
2023-05-23 10:26:18,173 [Listener at 127.0.0.1/15148] INFO  server.RaftServerConfigKeys (ConfUtils.java:logGet(46)) - raft.server.threadpool.proxy.size = 0 (default)
2023-05-23 10:26:18,173 [Listener at 127.0.0.1/15148] INFO  server.RaftServerConfigKeys (ConfUtils.java:logGet(46)) - raft.server.rpc.slowness.timeout = 300s (custom)
2023-05-23 10:26:18,173 [Listener at 127.0.0.1/15148] INFO  server.RaftServerConfigKeys (ConfUtils.java:logGet(46)) - raft.server.leaderelection.leader.step-down.wait-time = 10s (default)
2023-05-23 10:26:18,173 [Listener at 127.0.0.1/15148] INFO  server.RaftServerConfigKeys (ConfUtils.java:logGet(46)) - raft.server.storage.dir = [/home/runner/work/ozone/ozone/hadoop-ozone/integration-test/target/test-dir/MiniOzoneClusterImpl-00f23a18-bf09-4bf2-9950-b0f9dab58561/datanode-0/data/ratis] (custom)
2023-05-23 10:26:18,173 [cdf07a7b-95f7-44c3-8ae6-3efcc78f5f3a-NettyServerStreamRpc-bossGroup--thread1] INFO  logging.LoggingHandler (AbstractInternalLogger.java:log(148)) - [id: 0xcf7042b2] REGISTERED
2023-05-23 10:26:18,173 [cdf07a7b-95f7-44c3-8ae6-3efcc78f5f3a-NettyServerStreamRpc-bossGroup--thread1] INFO  logging.LoggingHandler (AbstractInternalLogger.java:log(148)) - [id: 0xcf7042b2] BIND: 0.0.0.0/0.0.0.0:15158
2023-05-23 10:26:18,173 [cdf07a7b-95f7-44c3-8ae6-3efcc78f5f3a-NettyServerStreamRpc-bossGroup--thread1] INFO  logging.LoggingHandler (AbstractInternalLogger.java:log(148)) - [id: 0xcf7042b2, L:/0:0:0:0:0:0:0:0:15158] ACTIVE
2023-05-23 10:26:18,174 [Listener at 127.0.0.1/15148] INFO  server.XceiverServerGrpc (XceiverServerGrpc.java:<init>(132)) - GrpcServer channel type EpollServerSocketChannel
2023-05-23 10:26:18,177 [Listener at 127.0.0.1/15148] INFO  replication.ReplicationSupervisor (ReplicationSupervisor.java:nodeStateUpdated(296)) - Node state updated to IN_SERVICE, scaling executor pool size to 10
2023-05-23 10:26:18,180 [Listener at 127.0.0.1/15148] INFO  http.BaseHttpServer (BaseHttpServer.java:newHttpServer2BuilderForOzone(224)) - Starting Web-server for hddsDatanode at: http://0.0.0.0:15153
2023-05-23 10:26:18,180 [Listener at 127.0.0.1/15148] INFO  http.BaseHttpServer (BaseHttpServer.java:<init>(111)) - Hadoop Security Enabled: false Ozone Security Enabled: false Ozone HTTP Security Enabled: false 
2023-05-23 10:26:18,182 [Listener at 127.0.0.1/15148] WARN  server.AuthenticationFilter (AuthenticationFilter.java:constructSecretProvider(240)) - Unable to initialize FileSignerSecretProvider, falling back to use random secrets. Reason: Could not read signature secret file: /home/runner/hadoop-http-auth-signature-secret
2023-05-23 10:26:18,183 [Listener at 127.0.0.1/15148] INFO  http.HttpRequestLog (HttpRequestLog.java:getRequestLog(86)) - Http request log for http.requests.hddsDatanode is not defined
2023-05-23 10:26:18,184 [Listener at 127.0.0.1/15148] INFO  http.HttpServer2 (HttpServer2.java:addGlobalFilter(1031)) - Added global filter 'safety' (class=org.apache.hadoop.hdds.server.http.HttpServer2$QuotingInputFilter)
2023-05-23 10:26:18,184 [Listener at 127.0.0.1/15148] INFO  http.HttpServer2 (HttpServer2.java:addFilter(1007)) - Added filter static_user_filter (class=org.apache.hadoop.http.lib.StaticUserWebFilter$StaticUserFilter) to context hddsDatanode
2023-05-23 10:26:18,184 [Listener at 127.0.0.1/15148] INFO  http.HttpServer2 (HttpServer2.java:addFilter(1015)) - Added filter static_user_filter (class=org.apache.hadoop.http.lib.StaticUserWebFilter$StaticUserFilter) to context logs
2023-05-23 10:26:18,184 [Listener at 127.0.0.1/15148] INFO  http.HttpServer2 (HttpServer2.java:addFilter(1015)) - Added filter static_user_filter (class=org.apache.hadoop.http.lib.StaticUserWebFilter$StaticUserFilter) to context static
2023-05-23 10:26:18,186 [Listener at 127.0.0.1/15148] INFO  http.BaseHttpServer (BaseHttpServer.java:<init>(190)) - HTTP server of hddsDatanode uses base directory /home/runner/work/ozone/ozone/hadoop-ozone/integration-test/target/test-dir/MiniOzoneClusterImpl-00f23a18-bf09-4bf2-9950-b0f9dab58561/datanode-0/meta/webserver
2023-05-23 10:26:18,186 [Listener at 127.0.0.1/15148] INFO  http.HttpServer2 (HttpServer2.java:bindListener(1250)) - Jetty bound to port 15153
2023-05-23 10:26:18,186 [Listener at 127.0.0.1/15148] INFO  server.Server (Server.java:doStart(375)) - jetty-9.4.51.v20230217; built: 2023-02-17T08:19:37.309Z; git: b45c405e4544384de066f814ed42ae3dceacdd49; jvm 1.8.0_362-b09
2023-05-23 10:26:18,188 [Listener at 127.0.0.1/15148] INFO  server.session (DefaultSessionIdManager.java:doStart(334)) - DefaultSessionIdManager workerName=node0
2023-05-23 10:26:18,188 [Listener at 127.0.0.1/15148] INFO  server.session (DefaultSessionIdManager.java:doStart(339)) - No SessionScavenger set, using defaults
2023-05-23 10:26:18,188 [Listener at 127.0.0.1/15148] INFO  server.session (HouseKeeper.java:startScavenging(132)) - node0 Scavenging every 660000ms
2023-05-23 10:26:18,189 [Listener at 127.0.0.1/15148] INFO  handler.ContextHandler (ContextHandler.java:doStart(921)) - Started o.e.j.s.ServletContextHandler@7c7e97fb{logs,/logs,file:///home/runner/work/ozone/ozone/hadoop-ozone/integration-test/target/log,AVAILABLE}
2023-05-23 10:26:18,189 [Listener at 127.0.0.1/15148] INFO  handler.ContextHandler (ContextHandler.java:doStart(921)) - Started o.e.j.s.ServletContextHandler@2f3166ca{static,/static,jar:file:/home/runner/.m2/repository/org/apache/ozone/hdds-container-service/1.4.0-SNAPSHOT/hdds-container-service-1.4.0-SNAPSHOT.jar!/webapps/static,AVAILABLE}
2023-05-23 10:26:18,417 [Listener at 127.0.0.1/15148] INFO  handler.ContextHandler (ContextHandler.java:doStart(921)) - Started o.e.j.w.WebAppContext@1d9ec135{hddsDatanode,/,file:///home/runner/work/ozone/ozone/hadoop-ozone/integration-test/target/test-dir/MiniOzoneClusterImpl-00f23a18-bf09-4bf2-9950-b0f9dab58561/datanode-0/meta/webserver/jetty-0_0_0_0-15153-hdds-container-service-1_4_0-SNAPSHOT_jar-_-any-2418555838199139725/webapp/,AVAILABLE}{jar:file:/home/runner/.m2/repository/org/apache/ozone/hdds-container-service/1.4.0-SNAPSHOT/hdds-container-service-1.4.0-SNAPSHOT.jar!/webapps/hddsDatanode}
2023-05-23 10:26:18,419 [Listener at 127.0.0.1/15148] INFO  server.AbstractConnector (AbstractConnector.java:doStart(333)) - Started ServerConnector@a8288bf{HTTP/1.1, (http/1.1)}{0.0.0.0:15153}
2023-05-23 10:26:18,419 [Listener at 127.0.0.1/15148] INFO  server.Server (Server.java:doStart(415)) - Started @111471ms
2023-05-23 10:26:18,419 [Listener at 127.0.0.1/15148] WARN  impl.MetricsSystemImpl (MetricsSystemImpl.java:register(279)) - Sink prometheus already exists!
2023-05-23 10:26:18,419 [Listener at 127.0.0.1/15148] INFO  http.BaseHttpServer (BaseHttpServer.java:updateConnectorAddress(344)) - HTTP server of hddsDatanode listening at http://0.0.0.0:15153
2023-05-23 10:26:18,421 [Listener at 127.0.0.1/15148] WARN  impl.MetricRegistriesImpl (MetricRegistriesImpl.java:addReporterRegistration(111)) - New reporters are added after registries were created. Some metrics will be missing from the reporter. Please add reporter before adding any new registry.
2023-05-23 10:26:18,421 [Listener at 127.0.0.1/15148] WARN  impl.MetricRegistriesImpl (MetricRegistriesImpl.java:addReporterRegistration(111)) - New reporters are added after registries were created. Some metrics will be missing from the reporter. Please add reporter before adding any new registry.
2023-05-23 10:26:18,421 [Listener at 127.0.0.1/15148] INFO  impl.MetricsSystemImpl (MetricsSystemImpl.java:init(158)) - HddsDatanode metrics system started (again)
2023-05-23 10:26:18,427 [Datanode State Machine Daemon Thread] INFO  statemachine.DatanodeStateMachine (DatanodeStateMachine.java:lambda$startDaemon$0(524)) - Ozone container server started.
2023-05-23 10:26:18,436 [Listener at 127.0.0.1/15148] INFO  ozone.HddsDatanodeService (HddsDatanodeService.java:start(252)) - HddsDatanodeService host:fv-az1249-304 ip:10.1.0.38
2023-05-23 10:26:18,437 [org.apache.hadoop.util.JvmPauseMonitor$Monitor@71bfa541] INFO  util.JvmPauseMonitor (JvmPauseMonitor.java:run(188)) - Starting JVM pause monitor
2023-05-23 10:26:18,451 [Datanode State Machine Task Thread - 0] INFO  datanode.InitDatanodeState (InitDatanodeState.java:persistContainerDatanodeDetails(138)) - DatanodeDetails is persisted to /home/runner/work/ozone/ozone/hadoop-ozone/integration-test/target/test-dir/MiniOzoneClusterImpl-00f23a18-bf09-4bf2-9950-b0f9dab58561/datanode-0/meta/datanode.id
2023-05-23 10:26:18,473 [Listener at 127.0.0.1/15148] INFO  upgrade.AbstractLayoutVersionManager (AbstractLayoutVersionManager.java:init(83)) - Initializing Layout version manager with metadata layout = WEBUI_PORTS_IN_DATANODEDETAILS (version = 6), software layout = WEBUI_PORTS_IN_DATANODEDETAILS (version = 6)
2023-05-23 10:26:18,474 [Listener at 127.0.0.1/15148] INFO  statemachine.DatanodeStateMachine (DatanodeStateMachine.java:getEndPointTaskThreadPoolSize(267)) - Datanode State Machine Task Thread Pool size 2
2023-05-23 10:26:18,476 [Listener at 127.0.0.1/15148] INFO  volume.HddsVolume (HddsVolume.java:<init>(130)) - Creating HddsVolume: /home/runner/work/ozone/ozone/hadoop-ozone/integration-test/target/test-dir/MiniOzoneClusterImpl-00f23a18-bf09-4bf2-9950-b0f9dab58561/datanode-1/data-0/containers/hdds of storage type : DISK capacity : 9223372036854775807
2023-05-23 10:26:18,476 [Listener at 127.0.0.1/15148] INFO  volume.MutableVolumeSet (MutableVolumeSet.java:initializeVolumeSet(175)) - Added Volume : /home/runner/work/ozone/ozone/hadoop-ozone/integration-test/target/test-dir/MiniOzoneClusterImpl-00f23a18-bf09-4bf2-9950-b0f9dab58561/datanode-1/data-0/containers/hdds to VolumeSet
2023-05-23 10:26:18,477 [Listener at 127.0.0.1/15148] INFO  volume.ThrottledAsyncChecker (ThrottledAsyncChecker.java:schedule(141)) - Scheduling a check for /home/runner/work/ozone/ozone/hadoop-ozone/integration-test/target/test-dir/MiniOzoneClusterImpl-00f23a18-bf09-4bf2-9950-b0f9dab58561/datanode-1/data-0/containers/hdds
2023-05-23 10:26:18,479 [Listener at 127.0.0.1/15148] INFO  volume.StorageVolumeChecker (StorageVolumeChecker.java:checkAllVolumes(202)) - Scheduled health check for volume /home/runner/work/ozone/ozone/hadoop-ozone/integration-test/target/test-dir/MiniOzoneClusterImpl-00f23a18-bf09-4bf2-9950-b0f9dab58561/datanode-1/data-0/containers/hdds
2023-05-23 10:26:18,492 [Listener at 127.0.0.1/15148] INFO  volume.MutableVolumeSet (MutableVolumeSet.java:initializeVolumeSet(175)) - Added Volume : /home/runner/work/ozone/ozone/hadoop-ozone/integration-test/target/test-dir/MiniOzoneClusterImpl-00f23a18-bf09-4bf2-9950-b0f9dab58561/datanode-1/data/ratis to VolumeSet
2023-05-23 10:26:18,492 [Listener at 127.0.0.1/15148] INFO  volume.ThrottledAsyncChecker (ThrottledAsyncChecker.java:schedule(141)) - Scheduling a check for /home/runner/work/ozone/ozone/hadoop-ozone/integration-test/target/test-dir/MiniOzoneClusterImpl-00f23a18-bf09-4bf2-9950-b0f9dab58561/datanode-1/data/ratis
2023-05-23 10:26:18,492 [Listener at 127.0.0.1/15148] INFO  volume.StorageVolumeChecker (StorageVolumeChecker.java:checkAllVolumes(202)) - Scheduled health check for volume /home/runner/work/ozone/ozone/hadoop-ozone/integration-test/target/test-dir/MiniOzoneClusterImpl-00f23a18-bf09-4bf2-9950-b0f9dab58561/datanode-1/data/ratis
2023-05-23 10:26:18,505 [Thread-1868] INFO  ozoneimpl.ContainerReader (ContainerReader.java:readVolume(175)) - Finish verifying containers on volume /home/runner/work/ozone/ozone/hadoop-ozone/integration-test/target/test-dir/MiniOzoneClusterImpl-00f23a18-bf09-4bf2-9950-b0f9dab58561/datanode-1/data-0/containers/hdds
2023-05-23 10:26:18,505 [Listener at 127.0.0.1/15148] INFO  ozoneimpl.OzoneContainer (OzoneContainer.java:buildContainerSet(303)) - Build ContainerSet costs 0s
2023-05-23 10:26:18,507 [Listener at 127.0.0.1/15148] INFO  server.RaftServer (ConfUtils.java:logGet(46)) - raft.rpc.type = GRPC (default)
2023-05-23 10:26:18,507 [Listener at 127.0.0.1/15148] INFO  grpc.GrpcConfigKeys (ConfUtils.java:logFallback(53)) - raft.grpc.admin.host = null (fallback to raft.grpc.server.host)
2023-05-23 10:26:18,507 [Listener at 127.0.0.1/15148] INFO  grpc.GrpcConfigKeys (ConfUtils.java:logGet(46)) - raft.grpc.admin.port = 15164 (custom)
2023-05-23 10:26:18,507 [Listener at 127.0.0.1/15148] INFO  grpc.GrpcConfigKeys (ConfUtils.java:logFallback(53)) - raft.grpc.client.host = null (fallback to raft.grpc.server.host)
2023-05-23 10:26:18,507 [Listener at 127.0.0.1/15148] INFO  grpc.GrpcConfigKeys (ConfUtils.java:logGet(46)) - raft.grpc.client.port = 15163 (custom)
2023-05-23 10:26:18,507 [Listener at 127.0.0.1/15148] INFO  grpc.GrpcConfigKeys (ConfUtils.java:logGet(46)) - raft.grpc.server.host = null (default)
2023-05-23 10:26:18,507 [Listener at 127.0.0.1/15148] INFO  grpc.GrpcConfigKeys (ConfUtils.java:logGet(46)) - raft.grpc.server.port = 15165 (custom)
2023-05-23 10:26:18,507 [Listener at 127.0.0.1/15148] INFO  server.GrpcService (ConfUtils.java:logGet(46)) - raft.grpc.message.size.max = 32MB (=33554432) (custom)
2023-05-23 10:26:18,507 [Listener at 127.0.0.1/15148] INFO  server.RaftServerConfigKeys (ConfUtils.java:logGet(46)) - raft.server.log.appender.buffer.byte-limit = 33554432 (custom)
2023-05-23 10:26:18,508 [Listener at 127.0.0.1/15148] INFO  server.GrpcService (ConfUtils.java:logGet(46)) - raft.grpc.flow.control.window = 5MB (=5242880) (custom)
2023-05-23 10:26:18,508 [Listener at 127.0.0.1/15148] INFO  server.RaftServerConfigKeys (ConfUtils.java:logGet(46)) - raft.server.rpc.request.timeout = 60s (custom)
2023-05-23 10:26:18,508 [Listener at 127.0.0.1/15148] INFO  grpc.GrpcConfigKeys (ConfUtils.java:logGet(46)) - raft.grpc.server.heartbeat.channel = true (default)
2023-05-23 10:26:18,508 [Listener at 127.0.0.1/15148] INFO  grpc.GrpcConfigKeys (ConfUtils.java:logGet(46)) - raft.grpc.server.async.request.thread.pool.cached = true (default)
2023-05-23 10:26:18,508 [Listener at 127.0.0.1/15148] INFO  grpc.GrpcConfigKeys (ConfUtils.java:logGet(46)) - raft.grpc.server.async.request.thread.pool.size = 32 (default)
2023-05-23 10:26:18,510 [Listener at 127.0.0.1/15148] INFO  impl.DataStreamServerImpl (ConfUtils.java:logGet(46)) - raft.datastream.type = NETTY (custom)
2023-05-23 10:26:18,510 [Listener at 127.0.0.1/15148] INFO  server.RaftServerConfigKeys (ConfUtils.java:logGet(46)) - raft.server.data-stream.async.request.thread.pool.cached = false (default)
2023-05-23 10:26:18,510 [Listener at 127.0.0.1/15148] INFO  server.RaftServerConfigKeys (ConfUtils.java:logGet(46)) - raft.server.data-stream.async.request.thread.pool.size = 20 (custom)
2023-05-23 10:26:18,511 [Listener at 127.0.0.1/15148] INFO  server.RaftServerConfigKeys (ConfUtils.java:logGet(46)) - raft.server.data-stream.async.write.thread.pool.size = 16 (default)
2023-05-23 10:26:18,511 [Listener at 127.0.0.1/15148] INFO  server.RaftServerConfigKeys (ConfUtils.java:logGet(46)) - raft.server.data-stream.client.pool.size = 10 (default)
2023-05-23 10:26:18,511 [Listener at 127.0.0.1/15148] INFO  netty.NettyConfigKeys$DataStream (ConfUtils.java:logGet(46)) - raft.netty.dataStream.server.use-epoll = false (default)
2023-05-23 10:26:18,511 [Listener at 127.0.0.1/15148] INFO  netty.NettyConfigKeys$DataStream (ConfUtils.java:logGet(46)) - raft.netty.dataStream.server.boss-group.size = 0 (default)
2023-05-23 10:26:18,511 [Listener at 127.0.0.1/15148] INFO  netty.NettyConfigKeys$DataStream (ConfUtils.java:logGet(46)) - raft.netty.dataStream.server.worker-group.size = 0 (default)
2023-05-23 10:26:18,511 [Listener at 127.0.0.1/15148] INFO  netty.NettyConfigKeys$DataStream (ConfUtils.java:logGet(46)) - raft.netty.dataStream.server.tls.conf = null (default)
2023-05-23 10:26:18,511 [Listener at 127.0.0.1/15148] INFO  netty.NettyConfigKeys$DataStream (ConfUtils.java:logGet(46)) - raft.netty.dataStream.host = null (default)
2023-05-23 10:26:18,512 [Listener at 127.0.0.1/15148] INFO  netty.NettyConfigKeys$DataStream (ConfUtils.java:logGet(46)) - raft.netty.dataStream.port = 15166 (custom)
2023-05-23 10:26:18,512 [Listener at 127.0.0.1/15148] INFO  server.RaftServerConfigKeys (ConfUtils.java:logGet(46)) - raft.server.threadpool.proxy.cached = true (default)
2023-05-23 10:26:18,512 [Listener at 127.0.0.1/15148] INFO  server.RaftServerConfigKeys (ConfUtils.java:logGet(46)) - raft.server.threadpool.proxy.size = 0 (default)
2023-05-23 10:26:18,512 [Listener at 127.0.0.1/15148] INFO  server.RaftServerConfigKeys (ConfUtils.java:logGet(46)) - raft.server.rpc.slowness.timeout = 300s (custom)
2023-05-23 10:26:18,512 [Listener at 127.0.0.1/15148] INFO  server.RaftServerConfigKeys (ConfUtils.java:logGet(46)) - raft.server.leaderelection.leader.step-down.wait-time = 10s (default)
2023-05-23 10:26:18,512 [Listener at 127.0.0.1/15148] INFO  server.RaftServerConfigKeys (ConfUtils.java:logGet(46)) - raft.server.storage.dir = [/home/runner/work/ozone/ozone/hadoop-ozone/integration-test/target/test-dir/MiniOzoneClusterImpl-00f23a18-bf09-4bf2-9950-b0f9dab58561/datanode-1/data/ratis] (custom)
2023-05-23 10:26:18,513 [9a8ecc75-319b-47a2-9433-72c1cc276f25-NettyServerStreamRpc-bossGroup--thread1] INFO  logging.LoggingHandler (AbstractInternalLogger.java:log(148)) - [id: 0x964d7159] REGISTERED
2023-05-23 10:26:18,513 [9a8ecc75-319b-47a2-9433-72c1cc276f25-NettyServerStreamRpc-bossGroup--thread1] INFO  logging.LoggingHandler (AbstractInternalLogger.java:log(148)) - [id: 0x964d7159] BIND: 0.0.0.0/0.0.0.0:15166
2023-05-23 10:26:18,513 [9a8ecc75-319b-47a2-9433-72c1cc276f25-NettyServerStreamRpc-bossGroup--thread1] INFO  logging.LoggingHandler (AbstractInternalLogger.java:log(148)) - [id: 0x964d7159, L:/0:0:0:0:0:0:0:0:15166] ACTIVE
2023-05-23 10:26:18,516 [Listener at 127.0.0.1/15148] INFO  server.XceiverServerGrpc (XceiverServerGrpc.java:<init>(132)) - GrpcServer channel type EpollServerSocketChannel
2023-05-23 10:26:18,517 [Listener at 127.0.0.1/15148] INFO  replication.ReplicationSupervisor (ReplicationSupervisor.java:nodeStateUpdated(296)) - Node state updated to IN_SERVICE, scaling executor pool size to 10
2023-05-23 10:26:18,518 [Listener at 127.0.0.1/15148] INFO  http.BaseHttpServer (BaseHttpServer.java:newHttpServer2BuilderForOzone(224)) - Starting Web-server for hddsDatanode at: http://0.0.0.0:15161
2023-05-23 10:26:18,519 [Listener at 127.0.0.1/15148] INFO  http.BaseHttpServer (BaseHttpServer.java:<init>(111)) - Hadoop Security Enabled: false Ozone Security Enabled: false Ozone HTTP Security Enabled: false 
2023-05-23 10:26:18,519 [Listener at 127.0.0.1/15148] WARN  server.AuthenticationFilter (AuthenticationFilter.java:constructSecretProvider(240)) - Unable to initialize FileSignerSecretProvider, falling back to use random secrets. Reason: Could not read signature secret file: /home/runner/hadoop-http-auth-signature-secret
2023-05-23 10:26:18,520 [Listener at 127.0.0.1/15148] INFO  http.HttpRequestLog (HttpRequestLog.java:getRequestLog(86)) - Http request log for http.requests.hddsDatanode is not defined
2023-05-23 10:26:18,521 [Listener at 127.0.0.1/15148] INFO  http.HttpServer2 (HttpServer2.java:addGlobalFilter(1031)) - Added global filter 'safety' (class=org.apache.hadoop.hdds.server.http.HttpServer2$QuotingInputFilter)
2023-05-23 10:26:18,521 [Listener at 127.0.0.1/15148] INFO  http.HttpServer2 (HttpServer2.java:addFilter(1007)) - Added filter static_user_filter (class=org.apache.hadoop.http.lib.StaticUserWebFilter$StaticUserFilter) to context hddsDatanode
2023-05-23 10:26:18,522 [Listener at 127.0.0.1/15148] INFO  http.HttpServer2 (HttpServer2.java:addFilter(1015)) - Added filter static_user_filter (class=org.apache.hadoop.http.lib.StaticUserWebFilter$StaticUserFilter) to context logs
2023-05-23 10:26:18,522 [Listener at 127.0.0.1/15148] INFO  http.HttpServer2 (HttpServer2.java:addFilter(1015)) - Added filter static_user_filter (class=org.apache.hadoop.http.lib.StaticUserWebFilter$StaticUserFilter) to context static
2023-05-23 10:26:18,522 [Listener at 127.0.0.1/15148] INFO  http.BaseHttpServer (BaseHttpServer.java:<init>(190)) - HTTP server of hddsDatanode uses base directory /home/runner/work/ozone/ozone/hadoop-ozone/integration-test/target/test-dir/MiniOzoneClusterImpl-00f23a18-bf09-4bf2-9950-b0f9dab58561/datanode-1/meta/webserver
2023-05-23 10:26:18,522 [Listener at 127.0.0.1/15148] INFO  http.HttpServer2 (HttpServer2.java:bindListener(1250)) - Jetty bound to port 15161
2023-05-23 10:26:18,522 [Listener at 127.0.0.1/15148] INFO  server.Server (Server.java:doStart(375)) - jetty-9.4.51.v20230217; built: 2023-02-17T08:19:37.309Z; git: b45c405e4544384de066f814ed42ae3dceacdd49; jvm 1.8.0_362-b09
2023-05-23 10:26:18,524 [Listener at 127.0.0.1/15148] INFO  server.session (DefaultSessionIdManager.java:doStart(334)) - DefaultSessionIdManager workerName=node0
2023-05-23 10:26:18,524 [Listener at 127.0.0.1/15148] INFO  server.session (DefaultSessionIdManager.java:doStart(339)) - No SessionScavenger set, using defaults
2023-05-23 10:26:18,524 [Listener at 127.0.0.1/15148] INFO  server.session (HouseKeeper.java:startScavenging(132)) - node0 Scavenging every 660000ms
2023-05-23 10:26:18,525 [Listener at 127.0.0.1/15148] INFO  handler.ContextHandler (ContextHandler.java:doStart(921)) - Started o.e.j.s.ServletContextHandler@3cadfa77{logs,/logs,file:///home/runner/work/ozone/ozone/hadoop-ozone/integration-test/target/log,AVAILABLE}
2023-05-23 10:26:18,526 [Listener at 127.0.0.1/15148] INFO  handler.ContextHandler (ContextHandler.java:doStart(921)) - Started o.e.j.s.ServletContextHandler@8d57d3f{static,/static,jar:file:/home/runner/.m2/repository/org/apache/ozone/hdds-container-service/1.4.0-SNAPSHOT/hdds-container-service-1.4.0-SNAPSHOT.jar!/webapps/static,AVAILABLE}
2023-05-23 10:26:18,759 [Listener at 127.0.0.1/15148] INFO  handler.ContextHandler (ContextHandler.java:doStart(921)) - Started o.e.j.w.WebAppContext@6ef5797c{hddsDatanode,/,file:///home/runner/work/ozone/ozone/hadoop-ozone/integration-test/target/test-dir/MiniOzoneClusterImpl-00f23a18-bf09-4bf2-9950-b0f9dab58561/datanode-1/meta/webserver/jetty-0_0_0_0-15161-hdds-container-service-1_4_0-SNAPSHOT_jar-_-any-6028513848993995288/webapp/,AVAILABLE}{jar:file:/home/runner/.m2/repository/org/apache/ozone/hdds-container-service/1.4.0-SNAPSHOT/hdds-container-service-1.4.0-SNAPSHOT.jar!/webapps/hddsDatanode}
2023-05-23 10:26:18,760 [Listener at 127.0.0.1/15148] INFO  server.AbstractConnector (AbstractConnector.java:doStart(333)) - Started ServerConnector@5506f18b{HTTP/1.1, (http/1.1)}{0.0.0.0:15161}
2023-05-23 10:26:18,760 [Listener at 127.0.0.1/15148] INFO  server.Server (Server.java:doStart(415)) - Started @111812ms
2023-05-23 10:26:18,760 [Listener at 127.0.0.1/15148] WARN  impl.MetricsSystemImpl (MetricsSystemImpl.java:register(279)) - Sink prometheus already exists!
2023-05-23 10:26:18,761 [Listener at 127.0.0.1/15148] INFO  http.BaseHttpServer (BaseHttpServer.java:updateConnectorAddress(344)) - HTTP server of hddsDatanode listening at http://0.0.0.0:15161
2023-05-23 10:26:18,762 [Datanode State Machine Daemon Thread] INFO  statemachine.DatanodeStateMachine (DatanodeStateMachine.java:lambda$startDaemon$0(524)) - Ozone container server started.
2023-05-23 10:26:18,762 [Listener at 127.0.0.1/15148] WARN  impl.MetricRegistriesImpl (MetricRegistriesImpl.java:addReporterRegistration(111)) - New reporters are added after registries were created. Some metrics will be missing from the reporter. Please add reporter before adding any new registry.
2023-05-23 10:26:18,762 [Listener at 127.0.0.1/15148] WARN  impl.MetricRegistriesImpl (MetricRegistriesImpl.java:addReporterRegistration(111)) - New reporters are added after registries were created. Some metrics will be missing from the reporter. Please add reporter before adding any new registry.
2023-05-23 10:26:18,763 [Listener at 127.0.0.1/15148] INFO  impl.MetricsSystemImpl (MetricsSystemImpl.java:init(158)) - HddsDatanode metrics system started (again)
2023-05-23 10:26:18,774 [org.apache.hadoop.util.JvmPauseMonitor$Monitor@6080c1b6] INFO  util.JvmPauseMonitor (JvmPauseMonitor.java:run(188)) - Starting JVM pause monitor
2023-05-23 10:26:18,786 [Datanode State Machine Task Thread - 0] INFO  datanode.InitDatanodeState (InitDatanodeState.java:persistContainerDatanodeDetails(138)) - DatanodeDetails is persisted to /home/runner/work/ozone/ozone/hadoop-ozone/integration-test/target/test-dir/MiniOzoneClusterImpl-00f23a18-bf09-4bf2-9950-b0f9dab58561/datanode-1/meta/datanode.id
2023-05-23 10:26:18,787 [Listener at 127.0.0.1/15148] INFO  ozone.HddsDatanodeService (HddsDatanodeService.java:start(252)) - HddsDatanodeService host:fv-az1249-304 ip:10.1.0.38
2023-05-23 10:26:18,815 [Listener at 127.0.0.1/15148] INFO  upgrade.AbstractLayoutVersionManager (AbstractLayoutVersionManager.java:init(83)) - Initializing Layout version manager with metadata layout = WEBUI_PORTS_IN_DATANODEDETAILS (version = 6), software layout = WEBUI_PORTS_IN_DATANODEDETAILS (version = 6)
2023-05-23 10:26:18,816 [Listener at 127.0.0.1/15148] INFO  statemachine.DatanodeStateMachine (DatanodeStateMachine.java:getEndPointTaskThreadPoolSize(267)) - Datanode State Machine Task Thread Pool size 2
2023-05-23 10:26:18,822 [Listener at 127.0.0.1/15148] INFO  volume.HddsVolume (HddsVolume.java:<init>(130)) - Creating HddsVolume: /home/runner/work/ozone/ozone/hadoop-ozone/integration-test/target/test-dir/MiniOzoneClusterImpl-00f23a18-bf09-4bf2-9950-b0f9dab58561/datanode-2/data-0/containers/hdds of storage type : DISK capacity : 9223372036854775807
2023-05-23 10:26:18,822 [Listener at 127.0.0.1/15148] INFO  volume.MutableVolumeSet (MutableVolumeSet.java:initializeVolumeSet(175)) - Added Volume : /home/runner/work/ozone/ozone/hadoop-ozone/integration-test/target/test-dir/MiniOzoneClusterImpl-00f23a18-bf09-4bf2-9950-b0f9dab58561/datanode-2/data-0/containers/hdds to VolumeSet
2023-05-23 10:26:18,822 [Listener at 127.0.0.1/15148] INFO  volume.ThrottledAsyncChecker (ThrottledAsyncChecker.java:schedule(141)) - Scheduling a check for /home/runner/work/ozone/ozone/hadoop-ozone/integration-test/target/test-dir/MiniOzoneClusterImpl-00f23a18-bf09-4bf2-9950-b0f9dab58561/datanode-2/data-0/containers/hdds
2023-05-23 10:26:18,822 [Listener at 127.0.0.1/15148] INFO  volume.StorageVolumeChecker (StorageVolumeChecker.java:checkAllVolumes(202)) - Scheduled health check for volume /home/runner/work/ozone/ozone/hadoop-ozone/integration-test/target/test-dir/MiniOzoneClusterImpl-00f23a18-bf09-4bf2-9950-b0f9dab58561/datanode-2/data-0/containers/hdds
2023-05-23 10:26:18,835 [Listener at 127.0.0.1/15148] INFO  volume.MutableVolumeSet (MutableVolumeSet.java:initializeVolumeSet(175)) - Added Volume : /home/runner/work/ozone/ozone/hadoop-ozone/integration-test/target/test-dir/MiniOzoneClusterImpl-00f23a18-bf09-4bf2-9950-b0f9dab58561/datanode-2/data/ratis to VolumeSet
2023-05-23 10:26:18,835 [Listener at 127.0.0.1/15148] INFO  volume.ThrottledAsyncChecker (ThrottledAsyncChecker.java:schedule(141)) - Scheduling a check for /home/runner/work/ozone/ozone/hadoop-ozone/integration-test/target/test-dir/MiniOzoneClusterImpl-00f23a18-bf09-4bf2-9950-b0f9dab58561/datanode-2/data/ratis
2023-05-23 10:26:18,835 [Listener at 127.0.0.1/15148] INFO  volume.StorageVolumeChecker (StorageVolumeChecker.java:checkAllVolumes(202)) - Scheduled health check for volume /home/runner/work/ozone/ozone/hadoop-ozone/integration-test/target/test-dir/MiniOzoneClusterImpl-00f23a18-bf09-4bf2-9950-b0f9dab58561/datanode-2/data/ratis
2023-05-23 10:26:18,847 [Thread-1882] INFO  ozoneimpl.ContainerReader (ContainerReader.java:readVolume(175)) - Finish verifying containers on volume /home/runner/work/ozone/ozone/hadoop-ozone/integration-test/target/test-dir/MiniOzoneClusterImpl-00f23a18-bf09-4bf2-9950-b0f9dab58561/datanode-2/data-0/containers/hdds
2023-05-23 10:26:18,847 [Listener at 127.0.0.1/15148] INFO  ozoneimpl.OzoneContainer (OzoneContainer.java:buildContainerSet(303)) - Build ContainerSet costs 0s
2023-05-23 10:26:18,849 [Listener at 127.0.0.1/15148] INFO  server.RaftServer (ConfUtils.java:logGet(46)) - raft.rpc.type = GRPC (default)
2023-05-23 10:26:18,849 [Listener at 127.0.0.1/15148] INFO  grpc.GrpcConfigKeys (ConfUtils.java:logFallback(53)) - raft.grpc.admin.host = null (fallback to raft.grpc.server.host)
2023-05-23 10:26:18,850 [Listener at 127.0.0.1/15148] INFO  grpc.GrpcConfigKeys (ConfUtils.java:logGet(46)) - raft.grpc.admin.port = 15172 (custom)
2023-05-23 10:26:18,850 [Listener at 127.0.0.1/15148] INFO  grpc.GrpcConfigKeys (ConfUtils.java:logFallback(53)) - raft.grpc.client.host = null (fallback to raft.grpc.server.host)
2023-05-23 10:26:18,850 [Listener at 127.0.0.1/15148] INFO  grpc.GrpcConfigKeys (ConfUtils.java:logGet(46)) - raft.grpc.client.port = 15171 (custom)
2023-05-23 10:26:18,850 [Listener at 127.0.0.1/15148] INFO  grpc.GrpcConfigKeys (ConfUtils.java:logGet(46)) - raft.grpc.server.host = null (default)
2023-05-23 10:26:18,850 [Listener at 127.0.0.1/15148] INFO  grpc.GrpcConfigKeys (ConfUtils.java:logGet(46)) - raft.grpc.server.port = 15173 (custom)
2023-05-23 10:26:18,850 [Listener at 127.0.0.1/15148] INFO  server.GrpcService (ConfUtils.java:logGet(46)) - raft.grpc.message.size.max = 32MB (=33554432) (custom)
2023-05-23 10:26:18,850 [Listener at 127.0.0.1/15148] INFO  server.RaftServerConfigKeys (ConfUtils.java:logGet(46)) - raft.server.log.appender.buffer.byte-limit = 33554432 (custom)
2023-05-23 10:26:18,850 [Listener at 127.0.0.1/15148] INFO  server.GrpcService (ConfUtils.java:logGet(46)) - raft.grpc.flow.control.window = 5MB (=5242880) (custom)
2023-05-23 10:26:18,850 [Listener at 127.0.0.1/15148] INFO  server.RaftServerConfigKeys (ConfUtils.java:logGet(46)) - raft.server.rpc.request.timeout = 60s (custom)
2023-05-23 10:26:18,850 [Listener at 127.0.0.1/15148] INFO  grpc.GrpcConfigKeys (ConfUtils.java:logGet(46)) - raft.grpc.server.heartbeat.channel = true (default)
2023-05-23 10:26:18,850 [Listener at 127.0.0.1/15148] INFO  grpc.GrpcConfigKeys (ConfUtils.java:logGet(46)) - raft.grpc.server.async.request.thread.pool.cached = true (default)
2023-05-23 10:26:18,850 [Listener at 127.0.0.1/15148] INFO  grpc.GrpcConfigKeys (ConfUtils.java:logGet(46)) - raft.grpc.server.async.request.thread.pool.size = 32 (default)
2023-05-23 10:26:18,853 [Listener at 127.0.0.1/15148] INFO  impl.DataStreamServerImpl (ConfUtils.java:logGet(46)) - raft.datastream.type = NETTY (custom)
2023-05-23 10:26:18,853 [Listener at 127.0.0.1/15148] INFO  server.RaftServerConfigKeys (ConfUtils.java:logGet(46)) - raft.server.data-stream.async.request.thread.pool.cached = false (default)
2023-05-23 10:26:18,853 [Listener at 127.0.0.1/15148] INFO  server.RaftServerConfigKeys (ConfUtils.java:logGet(46)) - raft.server.data-stream.async.request.thread.pool.size = 20 (custom)
2023-05-23 10:26:18,853 [Listener at 127.0.0.1/15148] INFO  server.RaftServerConfigKeys (ConfUtils.java:logGet(46)) - raft.server.data-stream.async.write.thread.pool.size = 16 (default)
2023-05-23 10:26:18,853 [Listener at 127.0.0.1/15148] INFO  server.RaftServerConfigKeys (ConfUtils.java:logGet(46)) - raft.server.data-stream.client.pool.size = 10 (default)
2023-05-23 10:26:18,853 [Listener at 127.0.0.1/15148] INFO  netty.NettyConfigKeys$DataStream (ConfUtils.java:logGet(46)) - raft.netty.dataStream.server.use-epoll = false (default)
2023-05-23 10:26:18,853 [Listener at 127.0.0.1/15148] INFO  netty.NettyConfigKeys$DataStream (ConfUtils.java:logGet(46)) - raft.netty.dataStream.server.boss-group.size = 0 (default)
2023-05-23 10:26:18,854 [Listener at 127.0.0.1/15148] INFO  netty.NettyConfigKeys$DataStream (ConfUtils.java:logGet(46)) - raft.netty.dataStream.server.worker-group.size = 0 (default)
2023-05-23 10:26:18,854 [Listener at 127.0.0.1/15148] INFO  netty.NettyConfigKeys$DataStream (ConfUtils.java:logGet(46)) - raft.netty.dataStream.server.tls.conf = null (default)
2023-05-23 10:26:18,854 [Listener at 127.0.0.1/15148] INFO  netty.NettyConfigKeys$DataStream (ConfUtils.java:logGet(46)) - raft.netty.dataStream.host = null (default)
2023-05-23 10:26:18,854 [Listener at 127.0.0.1/15148] INFO  netty.NettyConfigKeys$DataStream (ConfUtils.java:logGet(46)) - raft.netty.dataStream.port = 15174 (custom)
2023-05-23 10:26:18,854 [Listener at 127.0.0.1/15148] INFO  server.RaftServerConfigKeys (ConfUtils.java:logGet(46)) - raft.server.threadpool.proxy.cached = true (default)
2023-05-23 10:26:18,854 [Listener at 127.0.0.1/15148] INFO  server.RaftServerConfigKeys (ConfUtils.java:logGet(46)) - raft.server.threadpool.proxy.size = 0 (default)
2023-05-23 10:26:18,855 [Listener at 127.0.0.1/15148] INFO  server.RaftServerConfigKeys (ConfUtils.java:logGet(46)) - raft.server.rpc.slowness.timeout = 300s (custom)
2023-05-23 10:26:18,855 [b898f15d-4860-47c9-8591-05c5a169db6c-NettyServerStreamRpc-bossGroup--thread1] INFO  logging.LoggingHandler (AbstractInternalLogger.java:log(148)) - [id: 0x23a80175] REGISTERED
2023-05-23 10:26:18,855 [Listener at 127.0.0.1/15148] INFO  server.RaftServerConfigKeys (ConfUtils.java:logGet(46)) - raft.server.leaderelection.leader.step-down.wait-time = 10s (default)
2023-05-23 10:26:18,855 [b898f15d-4860-47c9-8591-05c5a169db6c-NettyServerStreamRpc-bossGroup--thread1] INFO  logging.LoggingHandler (AbstractInternalLogger.java:log(148)) - [id: 0x23a80175] BIND: 0.0.0.0/0.0.0.0:15174
2023-05-23 10:26:18,855 [Listener at 127.0.0.1/15148] INFO  server.RaftServerConfigKeys (ConfUtils.java:logGet(46)) - raft.server.storage.dir = [/home/runner/work/ozone/ozone/hadoop-ozone/integration-test/target/test-dir/MiniOzoneClusterImpl-00f23a18-bf09-4bf2-9950-b0f9dab58561/datanode-2/data/ratis] (custom)
2023-05-23 10:26:18,855 [b898f15d-4860-47c9-8591-05c5a169db6c-NettyServerStreamRpc-bossGroup--thread1] INFO  logging.LoggingHandler (AbstractInternalLogger.java:log(148)) - [id: 0x23a80175, L:/0:0:0:0:0:0:0:0:15174] ACTIVE
2023-05-23 10:26:18,856 [Listener at 127.0.0.1/15148] INFO  server.XceiverServerGrpc (XceiverServerGrpc.java:<init>(132)) - GrpcServer channel type EpollServerSocketChannel
2023-05-23 10:26:18,858 [Listener at 127.0.0.1/15148] INFO  replication.ReplicationSupervisor (ReplicationSupervisor.java:nodeStateUpdated(296)) - Node state updated to IN_SERVICE, scaling executor pool size to 10
2023-05-23 10:26:18,865 [Listener at 127.0.0.1/15148] INFO  http.BaseHttpServer (BaseHttpServer.java:newHttpServer2BuilderForOzone(224)) - Starting Web-server for hddsDatanode at: http://0.0.0.0:15169
2023-05-23 10:26:18,866 [Listener at 127.0.0.1/15148] INFO  http.BaseHttpServer (BaseHttpServer.java:<init>(111)) - Hadoop Security Enabled: false Ozone Security Enabled: false Ozone HTTP Security Enabled: false 
2023-05-23 10:26:18,866 [Listener at 127.0.0.1/15148] WARN  server.AuthenticationFilter (AuthenticationFilter.java:constructSecretProvider(240)) - Unable to initialize FileSignerSecretProvider, falling back to use random secrets. Reason: Could not read signature secret file: /home/runner/hadoop-http-auth-signature-secret
2023-05-23 10:26:18,867 [Listener at 127.0.0.1/15148] INFO  http.HttpRequestLog (HttpRequestLog.java:getRequestLog(86)) - Http request log for http.requests.hddsDatanode is not defined
2023-05-23 10:26:18,868 [Listener at 127.0.0.1/15148] INFO  http.HttpServer2 (HttpServer2.java:addGlobalFilter(1031)) - Added global filter 'safety' (class=org.apache.hadoop.hdds.server.http.HttpServer2$QuotingInputFilter)
2023-05-23 10:26:18,869 [Listener at 127.0.0.1/15148] INFO  http.HttpServer2 (HttpServer2.java:addFilter(1007)) - Added filter static_user_filter (class=org.apache.hadoop.http.lib.StaticUserWebFilter$StaticUserFilter) to context hddsDatanode
2023-05-23 10:26:18,869 [Listener at 127.0.0.1/15148] INFO  http.HttpServer2 (HttpServer2.java:addFilter(1015)) - Added filter static_user_filter (class=org.apache.hadoop.http.lib.StaticUserWebFilter$StaticUserFilter) to context static
2023-05-23 10:26:18,869 [Listener at 127.0.0.1/15148] INFO  http.HttpServer2 (HttpServer2.java:addFilter(1015)) - Added filter static_user_filter (class=org.apache.hadoop.http.lib.StaticUserWebFilter$StaticUserFilter) to context logs
2023-05-23 10:26:18,869 [Listener at 127.0.0.1/15148] INFO  http.BaseHttpServer (BaseHttpServer.java:<init>(190)) - HTTP server of hddsDatanode uses base directory /home/runner/work/ozone/ozone/hadoop-ozone/integration-test/target/test-dir/MiniOzoneClusterImpl-00f23a18-bf09-4bf2-9950-b0f9dab58561/datanode-2/meta/webserver
2023-05-23 10:26:18,869 [Listener at 127.0.0.1/15148] INFO  http.HttpServer2 (HttpServer2.java:bindListener(1250)) - Jetty bound to port 15169
2023-05-23 10:26:18,869 [Listener at 127.0.0.1/15148] INFO  server.Server (Server.java:doStart(375)) - jetty-9.4.51.v20230217; built: 2023-02-17T08:19:37.309Z; git: b45c405e4544384de066f814ed42ae3dceacdd49; jvm 1.8.0_362-b09
2023-05-23 10:26:18,878 [Listener at 127.0.0.1/15148] INFO  server.session (DefaultSessionIdManager.java:doStart(334)) - DefaultSessionIdManager workerName=node0
2023-05-23 10:26:18,878 [Listener at 127.0.0.1/15148] INFO  server.session (DefaultSessionIdManager.java:doStart(339)) - No SessionScavenger set, using defaults
2023-05-23 10:26:18,878 [Listener at 127.0.0.1/15148] INFO  server.session (HouseKeeper.java:startScavenging(132)) - node0 Scavenging every 660000ms
2023-05-23 10:26:18,879 [Listener at 127.0.0.1/15148] INFO  handler.ContextHandler (ContextHandler.java:doStart(921)) - Started o.e.j.s.ServletContextHandler@6fd94ca2{logs,/logs,file:///home/runner/work/ozone/ozone/hadoop-ozone/integration-test/target/log,AVAILABLE}
2023-05-23 10:26:18,879 [Listener at 127.0.0.1/15148] INFO  handler.ContextHandler (ContextHandler.java:doStart(921)) - Started o.e.j.s.ServletContextHandler@49e942ba{static,/static,jar:file:/home/runner/.m2/repository/org/apache/ozone/hdds-container-service/1.4.0-SNAPSHOT/hdds-container-service-1.4.0-SNAPSHOT.jar!/webapps/static,AVAILABLE}
2023-05-23 10:26:19,045 [ReplicationMonitor] INFO  replication.ReplicationManager (ReplicationManager.java:processAll(375)) - Replication Manager is not ready to run until 3000ms after safemode exit
2023-05-23 10:26:19,109 [Listener at 127.0.0.1/15148] INFO  handler.ContextHandler (ContextHandler.java:doStart(921)) - Started o.e.j.w.WebAppContext@239283b1{hddsDatanode,/,file:///home/runner/work/ozone/ozone/hadoop-ozone/integration-test/target/test-dir/MiniOzoneClusterImpl-00f23a18-bf09-4bf2-9950-b0f9dab58561/datanode-2/meta/webserver/jetty-0_0_0_0-15169-hdds-container-service-1_4_0-SNAPSHOT_jar-_-any-7900913032689250846/webapp/,AVAILABLE}{jar:file:/home/runner/.m2/repository/org/apache/ozone/hdds-container-service/1.4.0-SNAPSHOT/hdds-container-service-1.4.0-SNAPSHOT.jar!/webapps/hddsDatanode}
2023-05-23 10:26:19,111 [Listener at 127.0.0.1/15148] INFO  server.AbstractConnector (AbstractConnector.java:doStart(333)) - Started ServerConnector@55558155{HTTP/1.1, (http/1.1)}{0.0.0.0:15169}
2023-05-23 10:26:19,111 [Listener at 127.0.0.1/15148] INFO  server.Server (Server.java:doStart(415)) - Started @112163ms
2023-05-23 10:26:19,111 [Listener at 127.0.0.1/15148] WARN  impl.MetricsSystemImpl (MetricsSystemImpl.java:register(279)) - Sink prometheus already exists!
2023-05-23 10:26:19,112 [Listener at 127.0.0.1/15148] INFO  http.BaseHttpServer (BaseHttpServer.java:updateConnectorAddress(344)) - HTTP server of hddsDatanode listening at http://0.0.0.0:15169
2023-05-23 10:26:19,113 [Datanode State Machine Daemon Thread] INFO  statemachine.DatanodeStateMachine (DatanodeStateMachine.java:lambda$startDaemon$0(524)) - Ozone container server started.
2023-05-23 10:26:19,113 [Listener at 127.0.0.1/15148] WARN  impl.MetricRegistriesImpl (MetricRegistriesImpl.java:addReporterRegistration(111)) - New reporters are added after registries were created. Some metrics will be missing from the reporter. Please add reporter before adding any new registry.
2023-05-23 10:26:19,114 [Listener at 127.0.0.1/15148] WARN  impl.MetricRegistriesImpl (MetricRegistriesImpl.java:addReporterRegistration(111)) - New reporters are added after registries were created. Some metrics will be missing from the reporter. Please add reporter before adding any new registry.
2023-05-23 10:26:19,114 [Listener at 127.0.0.1/15148] INFO  impl.MetricsSystemImpl (MetricsSystemImpl.java:init(158)) - HddsDatanode metrics system started (again)
2023-05-23 10:26:19,126 [Listener at 127.0.0.1/15148] INFO  ozone.HddsDatanodeService (HddsDatanodeService.java:start(252)) - HddsDatanodeService host:fv-az1249-304 ip:10.1.0.38
2023-05-23 10:26:19,127 [org.apache.hadoop.util.JvmPauseMonitor$Monitor@2179ae26] INFO  util.JvmPauseMonitor (JvmPauseMonitor.java:run(188)) - Starting JVM pause monitor
2023-05-23 10:26:19,134 [Datanode State Machine Task Thread - 0] INFO  datanode.InitDatanodeState (InitDatanodeState.java:persistContainerDatanodeDetails(138)) - DatanodeDetails is persisted to /home/runner/work/ozone/ozone/hadoop-ozone/integration-test/target/test-dir/MiniOzoneClusterImpl-00f23a18-bf09-4bf2-9950-b0f9dab58561/datanode-2/meta/datanode.id
2023-05-23 10:26:19,152 [Listener at 127.0.0.1/15148] INFO  upgrade.AbstractLayoutVersionManager (AbstractLayoutVersionManager.java:init(83)) - Initializing Layout version manager with metadata layout = WEBUI_PORTS_IN_DATANODEDETAILS (version = 6), software layout = WEBUI_PORTS_IN_DATANODEDETAILS (version = 6)
2023-05-23 10:26:19,153 [Listener at 127.0.0.1/15148] INFO  statemachine.DatanodeStateMachine (DatanodeStateMachine.java:getEndPointTaskThreadPoolSize(267)) - Datanode State Machine Task Thread Pool size 2
2023-05-23 10:26:19,154 [Listener at 127.0.0.1/15148] INFO  volume.HddsVolume (HddsVolume.java:<init>(130)) - Creating HddsVolume: /home/runner/work/ozone/ozone/hadoop-ozone/integration-test/target/test-dir/MiniOzoneClusterImpl-00f23a18-bf09-4bf2-9950-b0f9dab58561/datanode-3/data-0/containers/hdds of storage type : DISK capacity : 9223372036854775807
2023-05-23 10:26:19,154 [Listener at 127.0.0.1/15148] INFO  volume.MutableVolumeSet (MutableVolumeSet.java:initializeVolumeSet(175)) - Added Volume : /home/runner/work/ozone/ozone/hadoop-ozone/integration-test/target/test-dir/MiniOzoneClusterImpl-00f23a18-bf09-4bf2-9950-b0f9dab58561/datanode-3/data-0/containers/hdds to VolumeSet
2023-05-23 10:26:19,154 [Listener at 127.0.0.1/15148] INFO  volume.ThrottledAsyncChecker (ThrottledAsyncChecker.java:schedule(141)) - Scheduling a check for /home/runner/work/ozone/ozone/hadoop-ozone/integration-test/target/test-dir/MiniOzoneClusterImpl-00f23a18-bf09-4bf2-9950-b0f9dab58561/datanode-3/data-0/containers/hdds
2023-05-23 10:26:19,155 [Listener at 127.0.0.1/15148] INFO  volume.StorageVolumeChecker (StorageVolumeChecker.java:checkAllVolumes(202)) - Scheduled health check for volume /home/runner/work/ozone/ozone/hadoop-ozone/integration-test/target/test-dir/MiniOzoneClusterImpl-00f23a18-bf09-4bf2-9950-b0f9dab58561/datanode-3/data-0/containers/hdds
2023-05-23 10:26:19,167 [Listener at 127.0.0.1/15148] INFO  volume.MutableVolumeSet (MutableVolumeSet.java:initializeVolumeSet(175)) - Added Volume : /home/runner/work/ozone/ozone/hadoop-ozone/integration-test/target/test-dir/MiniOzoneClusterImpl-00f23a18-bf09-4bf2-9950-b0f9dab58561/datanode-3/data/ratis to VolumeSet
2023-05-23 10:26:19,167 [Listener at 127.0.0.1/15148] INFO  volume.ThrottledAsyncChecker (ThrottledAsyncChecker.java:schedule(141)) - Scheduling a check for /home/runner/work/ozone/ozone/hadoop-ozone/integration-test/target/test-dir/MiniOzoneClusterImpl-00f23a18-bf09-4bf2-9950-b0f9dab58561/datanode-3/data/ratis
2023-05-23 10:26:19,167 [Listener at 127.0.0.1/15148] INFO  volume.StorageVolumeChecker (StorageVolumeChecker.java:checkAllVolumes(202)) - Scheduled health check for volume /home/runner/work/ozone/ozone/hadoop-ozone/integration-test/target/test-dir/MiniOzoneClusterImpl-00f23a18-bf09-4bf2-9950-b0f9dab58561/datanode-3/data/ratis
2023-05-23 10:26:19,184 [Thread-1896] INFO  ozoneimpl.ContainerReader (ContainerReader.java:readVolume(175)) - Finish verifying containers on volume /home/runner/work/ozone/ozone/hadoop-ozone/integration-test/target/test-dir/MiniOzoneClusterImpl-00f23a18-bf09-4bf2-9950-b0f9dab58561/datanode-3/data-0/containers/hdds
2023-05-23 10:26:19,184 [Listener at 127.0.0.1/15148] INFO  ozoneimpl.OzoneContainer (OzoneContainer.java:buildContainerSet(303)) - Build ContainerSet costs 0s
2023-05-23 10:26:19,186 [Listener at 127.0.0.1/15148] INFO  server.RaftServer (ConfUtils.java:logGet(46)) - raft.rpc.type = GRPC (default)
2023-05-23 10:26:19,186 [Listener at 127.0.0.1/15148] INFO  grpc.GrpcConfigKeys (ConfUtils.java:logFallback(53)) - raft.grpc.admin.host = null (fallback to raft.grpc.server.host)
2023-05-23 10:26:19,186 [Listener at 127.0.0.1/15148] INFO  grpc.GrpcConfigKeys (ConfUtils.java:logGet(46)) - raft.grpc.admin.port = 15180 (custom)
2023-05-23 10:26:19,186 [Listener at 127.0.0.1/15148] INFO  grpc.GrpcConfigKeys (ConfUtils.java:logFallback(53)) - raft.grpc.client.host = null (fallback to raft.grpc.server.host)
2023-05-23 10:26:19,186 [Listener at 127.0.0.1/15148] INFO  grpc.GrpcConfigKeys (ConfUtils.java:logGet(46)) - raft.grpc.client.port = 15179 (custom)
2023-05-23 10:26:19,186 [Listener at 127.0.0.1/15148] INFO  grpc.GrpcConfigKeys (ConfUtils.java:logGet(46)) - raft.grpc.server.host = null (default)
2023-05-23 10:26:19,186 [Listener at 127.0.0.1/15148] INFO  grpc.GrpcConfigKeys (ConfUtils.java:logGet(46)) - raft.grpc.server.port = 15181 (custom)
2023-05-23 10:26:19,186 [Listener at 127.0.0.1/15148] INFO  server.GrpcService (ConfUtils.java:logGet(46)) - raft.grpc.message.size.max = 32MB (=33554432) (custom)
2023-05-23 10:26:19,186 [Listener at 127.0.0.1/15148] INFO  server.RaftServerConfigKeys (ConfUtils.java:logGet(46)) - raft.server.log.appender.buffer.byte-limit = 33554432 (custom)
2023-05-23 10:26:19,187 [Listener at 127.0.0.1/15148] INFO  server.GrpcService (ConfUtils.java:logGet(46)) - raft.grpc.flow.control.window = 5MB (=5242880) (custom)
2023-05-23 10:26:19,187 [Listener at 127.0.0.1/15148] INFO  server.RaftServerConfigKeys (ConfUtils.java:logGet(46)) - raft.server.rpc.request.timeout = 60s (custom)
2023-05-23 10:26:19,187 [Listener at 127.0.0.1/15148] INFO  grpc.GrpcConfigKeys (ConfUtils.java:logGet(46)) - raft.grpc.server.heartbeat.channel = true (default)
2023-05-23 10:26:19,187 [Listener at 127.0.0.1/15148] INFO  grpc.GrpcConfigKeys (ConfUtils.java:logGet(46)) - raft.grpc.server.async.request.thread.pool.cached = true (default)
2023-05-23 10:26:19,187 [Listener at 127.0.0.1/15148] INFO  grpc.GrpcConfigKeys (ConfUtils.java:logGet(46)) - raft.grpc.server.async.request.thread.pool.size = 32 (default)
2023-05-23 10:26:19,190 [om1@group-C5BA1605619E-FollowerState] INFO  impl.FollowerState (FollowerState.java:run(143)) - om1@group-C5BA1605619E-FollowerState: change to CANDIDATE, lastRpcElapsedTime:1181151450ns, electionTimeout:1180ms
2023-05-23 10:26:19,190 [Listener at 127.0.0.1/15148] INFO  impl.DataStreamServerImpl (ConfUtils.java:logGet(46)) - raft.datastream.type = NETTY (custom)
2023-05-23 10:26:19,190 [om1@group-C5BA1605619E-FollowerState] INFO  impl.RoleInfo (RoleInfo.java:shutdownFollowerState(110)) - om1: shutdown om1@group-C5BA1605619E-FollowerState
2023-05-23 10:26:19,191 [om1@group-C5BA1605619E-FollowerState] INFO  server.RaftServer$Division (RaftServerImpl.java:setRole(329)) - om1@group-C5BA1605619E: changes role from  FOLLOWER to CANDIDATE at term 0 for changeToCandidate
2023-05-23 10:26:19,191 [Listener at 127.0.0.1/15148] INFO  server.RaftServerConfigKeys (ConfUtils.java:logGet(46)) - raft.server.data-stream.async.request.thread.pool.cached = false (default)
2023-05-23 10:26:19,191 [om1@group-C5BA1605619E-FollowerState] INFO  server.RaftServerConfigKeys (ConfUtils.java:logGet(46)) - raft.server.leaderelection.pre-vote = true (default)
2023-05-23 10:26:19,191 [om1@group-C5BA1605619E-FollowerState] INFO  impl.RoleInfo (RoleInfo.java:updateAndGet(139)) - om1: start om1@group-C5BA1605619E-LeaderElection33
2023-05-23 10:26:19,191 [Listener at 127.0.0.1/15148] INFO  server.RaftServerConfigKeys (ConfUtils.java:logGet(46)) - raft.server.data-stream.async.request.thread.pool.size = 20 (custom)
2023-05-23 10:26:19,191 [Listener at 127.0.0.1/15148] INFO  server.RaftServerConfigKeys (ConfUtils.java:logGet(46)) - raft.server.data-stream.async.write.thread.pool.size = 16 (default)
2023-05-23 10:26:19,191 [Listener at 127.0.0.1/15148] INFO  server.RaftServerConfigKeys (ConfUtils.java:logGet(46)) - raft.server.data-stream.client.pool.size = 10 (default)
2023-05-23 10:26:19,191 [Listener at 127.0.0.1/15148] INFO  netty.NettyConfigKeys$DataStream (ConfUtils.java:logGet(46)) - raft.netty.dataStream.server.use-epoll = false (default)
2023-05-23 10:26:19,191 [Listener at 127.0.0.1/15148] INFO  netty.NettyConfigKeys$DataStream (ConfUtils.java:logGet(46)) - raft.netty.dataStream.server.boss-group.size = 0 (default)
2023-05-23 10:26:19,192 [Listener at 127.0.0.1/15148] INFO  netty.NettyConfigKeys$DataStream (ConfUtils.java:logGet(46)) - raft.netty.dataStream.server.worker-group.size = 0 (default)
2023-05-23 10:26:19,192 [Listener at 127.0.0.1/15148] INFO  netty.NettyConfigKeys$DataStream (ConfUtils.java:logGet(46)) - raft.netty.dataStream.server.tls.conf = null (default)
2023-05-23 10:26:19,192 [Listener at 127.0.0.1/15148] INFO  netty.NettyConfigKeys$DataStream (ConfUtils.java:logGet(46)) - raft.netty.dataStream.host = null (default)
2023-05-23 10:26:19,192 [Listener at 127.0.0.1/15148] INFO  netty.NettyConfigKeys$DataStream (ConfUtils.java:logGet(46)) - raft.netty.dataStream.port = 15182 (custom)
2023-05-23 10:26:19,193 [Listener at 127.0.0.1/15148] INFO  server.RaftServerConfigKeys (ConfUtils.java:logGet(46)) - raft.server.threadpool.proxy.cached = true (default)
2023-05-23 10:26:19,194 [Listener at 127.0.0.1/15148] INFO  server.RaftServerConfigKeys (ConfUtils.java:logGet(46)) - raft.server.threadpool.proxy.size = 0 (default)
2023-05-23 10:26:19,194 [Listener at 127.0.0.1/15148] INFO  server.RaftServerConfigKeys (ConfUtils.java:logGet(46)) - raft.server.rpc.slowness.timeout = 300s (custom)
2023-05-23 10:26:19,194 [Listener at 127.0.0.1/15148] INFO  server.RaftServerConfigKeys (ConfUtils.java:logGet(46)) - raft.server.leaderelection.leader.step-down.wait-time = 10s (default)
2023-05-23 10:26:19,194 [Listener at 127.0.0.1/15148] INFO  server.RaftServerConfigKeys (ConfUtils.java:logGet(46)) - raft.server.storage.dir = [/home/runner/work/ozone/ozone/hadoop-ozone/integration-test/target/test-dir/MiniOzoneClusterImpl-00f23a18-bf09-4bf2-9950-b0f9dab58561/datanode-3/data/ratis] (custom)
2023-05-23 10:26:19,195 [Listener at 127.0.0.1/15148] INFO  server.XceiverServerGrpc (XceiverServerGrpc.java:<init>(132)) - GrpcServer channel type EpollServerSocketChannel
2023-05-23 10:26:19,193 [om1@group-C5BA1605619E-LeaderElection33] INFO  impl.LeaderElection (LeaderElection.java:askForVotes(321)) - om1@group-C5BA1605619E-LeaderElection33 PRE_VOTE round 0: submit vote requests at term 0 for -1: peers:[om1|rpc:localhost:15151|priority:0|startupRole:FOLLOWER]|listeners:[], old=null
2023-05-23 10:26:19,196 [om1@group-C5BA1605619E-LeaderElection33] INFO  impl.LeaderElection (LeaderElection.java:askForVotes(323)) - om1@group-C5BA1605619E-LeaderElection33 PRE_VOTE round 0: result PASSED (term=0)
2023-05-23 10:26:19,196 [Listener at 127.0.0.1/15148] INFO  replication.ReplicationSupervisor (ReplicationSupervisor.java:nodeStateUpdated(296)) - Node state updated to IN_SERVICE, scaling executor pool size to 10
2023-05-23 10:26:19,198 [om1@group-C5BA1605619E-LeaderElection33] INFO  impl.LeaderElection (LeaderElection.java:askForVotes(321)) - om1@group-C5BA1605619E-LeaderElection33 ELECTION round 0: submit vote requests at term 1 for -1: peers:[om1|rpc:localhost:15151|priority:0|startupRole:FOLLOWER]|listeners:[], old=null
2023-05-23 10:26:19,199 [om1@group-C5BA1605619E-LeaderElection33] INFO  impl.LeaderElection (LeaderElection.java:askForVotes(323)) - om1@group-C5BA1605619E-LeaderElection33 ELECTION round 0: result PASSED (term=1)
2023-05-23 10:26:19,199 [om1@group-C5BA1605619E-LeaderElection33] INFO  impl.RoleInfo (RoleInfo.java:shutdownLeaderElection(130)) - om1: shutdown om1@group-C5BA1605619E-LeaderElection33
2023-05-23 10:26:19,199 [om1@group-C5BA1605619E-LeaderElection33] INFO  server.RaftServer$Division (RaftServerImpl.java:setRole(329)) - om1@group-C5BA1605619E: changes role from CANDIDATE to LEADER at term 1 for changeToLeader
2023-05-23 10:26:19,199 [om1@group-C5BA1605619E-LeaderElection33] INFO  server.RaftServer$Division (ServerState.java:setLeader(317)) - om1@group-C5BA1605619E: change Leader from null to om1 at term 1 for becomeLeader, leader elected after 1742ms
2023-05-23 10:26:19,199 [om1@group-C5BA1605619E-LeaderElection33] INFO  server.RaftServerConfigKeys (ConfUtils.java:logGet(46)) - raft.server.staging.catchup.gap = 1000 (default)
2023-05-23 10:26:19,201 [7156f7e4-fd15-431a-a0da-daed1f966c8d-NettyServerStreamRpc-bossGroup--thread1] INFO  logging.LoggingHandler (AbstractInternalLogger.java:log(148)) - [id: 0xcd8c5d90] REGISTERED
2023-05-23 10:26:19,201 [om1@group-C5BA1605619E-LeaderElection33] INFO  server.RaftServerConfigKeys (ConfUtils.java:logGet(46)) - raft.server.write.element-limit = 4096 (default)
2023-05-23 10:26:19,202 [om1@group-C5BA1605619E-LeaderElection33] INFO  server.RaftServerConfigKeys (ConfUtils.java:logGet(46)) - raft.server.write.byte-limit = 64MB (=67108864) (default)
2023-05-23 10:26:19,202 [om1@group-C5BA1605619E-LeaderElection33] INFO  server.RaftServerConfigKeys (ConfUtils.java:logGet(46)) - raft.server.watch.timeout = 10s (default)
2023-05-23 10:26:19,202 [om1@group-C5BA1605619E-LeaderElection33] INFO  server.RaftServerConfigKeys (ConfUtils.java:logGet(46)) - raft.server.watch.timeout.denomination = 1s (default)
2023-05-23 10:26:19,202 [om1@group-C5BA1605619E-LeaderElection33] INFO  server.RaftServerConfigKeys (ConfUtils.java:logGet(46)) - raft.server.watch.element-limit = 65536 (default)
2023-05-23 10:26:19,202 [om1@group-C5BA1605619E-LeaderElection33] INFO  server.RaftServerConfigKeys (ConfUtils.java:logGet(46)) - raft.server.write.element-limit = 4096 (default)
2023-05-23 10:26:19,202 [om1@group-C5BA1605619E-LeaderElection33] INFO  server.RaftServerConfigKeys (ConfUtils.java:logGet(46)) - raft.server.write.follower.gap.ratio.max = -1.0 (default)
2023-05-23 10:26:19,202 [om1@group-C5BA1605619E-LeaderElection33] INFO  impl.RoleInfo (RoleInfo.java:updateAndGet(139)) - om1: start om1@group-C5BA1605619E-LeaderStateImpl
2023-05-23 10:26:19,203 [om1@group-C5BA1605619E-LeaderElection33] INFO  segmented.SegmentedRaftLogWorker (SegmentedRaftLogWorker.java:startLogSegment(447)) - om1@group-C5BA1605619E-SegmentedRaftLogWorker: Starting segment from index:0
2023-05-23 10:26:19,202 [Listener at 127.0.0.1/15148] INFO  http.BaseHttpServer (BaseHttpServer.java:newHttpServer2BuilderForOzone(224)) - Starting Web-server for hddsDatanode at: http://0.0.0.0:15177
2023-05-23 10:26:19,203 [Listener at 127.0.0.1/15148] INFO  http.BaseHttpServer (BaseHttpServer.java:<init>(111)) - Hadoop Security Enabled: false Ozone Security Enabled: false Ozone HTTP Security Enabled: false 
2023-05-23 10:26:19,204 [Listener at 127.0.0.1/15148] WARN  server.AuthenticationFilter (AuthenticationFilter.java:constructSecretProvider(240)) - Unable to initialize FileSignerSecretProvider, falling back to use random secrets. Reason: Could not read signature secret file: /home/runner/hadoop-http-auth-signature-secret
2023-05-23 10:26:19,204 [7156f7e4-fd15-431a-a0da-daed1f966c8d-NettyServerStreamRpc-bossGroup--thread1] INFO  logging.LoggingHandler (AbstractInternalLogger.java:log(148)) - [id: 0xcd8c5d90] BIND: 0.0.0.0/0.0.0.0:15182
2023-05-23 10:26:19,204 [7156f7e4-fd15-431a-a0da-daed1f966c8d-NettyServerStreamRpc-bossGroup--thread1] INFO  logging.LoggingHandler (AbstractInternalLogger.java:log(148)) - [id: 0xcd8c5d90, L:/0:0:0:0:0:0:0:0:15182] ACTIVE
2023-05-23 10:26:19,215 [om1@group-C5BA1605619E-LeaderElection33] INFO  server.RaftServer$Division (ServerState.java:setRaftConf(434)) - om1@group-C5BA1605619E: set configuration 0: peers:[om1|rpc:localhost:15151|admin:|client:|dataStream:|priority:0|startupRole:FOLLOWER]|listeners:[], old=null
2023-05-23 10:26:19,215 [om1@group-C5BA1605619E-SegmentedRaftLogWorker] INFO  segmented.SegmentedRaftLogWorker (SegmentedRaftLogWorker.java:execute(651)) - om1@group-C5BA1605619E-SegmentedRaftLogWorker: created new log segment /home/runner/work/ozone/ozone/hadoop-ozone/integration-test/target/test-dir/MiniOzoneClusterImpl-00f23a18-bf09-4bf2-9950-b0f9dab58561/ozone-meta/ratis/bf265839-605b-3f16-9796-c5ba1605619e/current/log_inprogress_0
2023-05-23 10:26:19,215 [Listener at 127.0.0.1/15148] INFO  http.HttpRequestLog (HttpRequestLog.java:getRequestLog(86)) - Http request log for http.requests.hddsDatanode is not defined
2023-05-23 10:26:19,216 [om1@group-C5BA1605619E-StateMachineUpdater] INFO  ratis.OzoneManagerStateMachine (OzoneManagerStateMachine.java:notifyConfigurationChanged(201)) - Received Configuration change notification from Ratis. New Peer list:
[id: "om1"
address: "localhost:15151"
startupRole: FOLLOWER
]
2023-05-23 10:26:19,216 [Listener at 127.0.0.1/15148] INFO  http.HttpServer2 (HttpServer2.java:addGlobalFilter(1031)) - Added global filter 'safety' (class=org.apache.hadoop.hdds.server.http.HttpServer2$QuotingInputFilter)
2023-05-23 10:26:19,217 [Listener at 127.0.0.1/15148] INFO  http.HttpServer2 (HttpServer2.java:addFilter(1007)) - Added filter static_user_filter (class=org.apache.hadoop.http.lib.StaticUserWebFilter$StaticUserFilter) to context hddsDatanode
2023-05-23 10:26:19,217 [Listener at 127.0.0.1/15148] INFO  http.HttpServer2 (HttpServer2.java:addFilter(1015)) - Added filter static_user_filter (class=org.apache.hadoop.http.lib.StaticUserWebFilter$StaticUserFilter) to context static
2023-05-23 10:26:19,217 [Listener at 127.0.0.1/15148] INFO  http.HttpServer2 (HttpServer2.java:addFilter(1015)) - Added filter static_user_filter (class=org.apache.hadoop.http.lib.StaticUserWebFilter$StaticUserFilter) to context logs
2023-05-23 10:26:19,217 [Listener at 127.0.0.1/15148] INFO  http.BaseHttpServer (BaseHttpServer.java:<init>(190)) - HTTP server of hddsDatanode uses base directory /home/runner/work/ozone/ozone/hadoop-ozone/integration-test/target/test-dir/MiniOzoneClusterImpl-00f23a18-bf09-4bf2-9950-b0f9dab58561/datanode-3/meta/webserver
2023-05-23 10:26:19,218 [Listener at 127.0.0.1/15148] INFO  http.HttpServer2 (HttpServer2.java:bindListener(1250)) - Jetty bound to port 15177
2023-05-23 10:26:19,218 [Listener at 127.0.0.1/15148] INFO  server.Server (Server.java:doStart(375)) - jetty-9.4.51.v20230217; built: 2023-02-17T08:19:37.309Z; git: b45c405e4544384de066f814ed42ae3dceacdd49; jvm 1.8.0_362-b09
2023-05-23 10:26:19,223 [Listener at 127.0.0.1/15148] INFO  server.session (DefaultSessionIdManager.java:doStart(334)) - DefaultSessionIdManager workerName=node0
2023-05-23 10:26:19,224 [Listener at 127.0.0.1/15148] INFO  server.session (DefaultSessionIdManager.java:doStart(339)) - No SessionScavenger set, using defaults
2023-05-23 10:26:19,224 [Listener at 127.0.0.1/15148] INFO  server.session (HouseKeeper.java:startScavenging(132)) - node0 Scavenging every 660000ms
2023-05-23 10:26:19,224 [Listener at 127.0.0.1/15148] INFO  handler.ContextHandler (ContextHandler.java:doStart(921)) - Started o.e.j.s.ServletContextHandler@2c85a69d{logs,/logs,file:///home/runner/work/ozone/ozone/hadoop-ozone/integration-test/target/log,AVAILABLE}
2023-05-23 10:26:19,225 [Listener at 127.0.0.1/15148] INFO  handler.ContextHandler (ContextHandler.java:doStart(921)) - Started o.e.j.s.ServletContextHandler@3b24e2f1{static,/static,jar:file:/home/runner/.m2/repository/org/apache/ozone/hdds-container-service/1.4.0-SNAPSHOT/hdds-container-service-1.4.0-SNAPSHOT.jar!/webapps/static,AVAILABLE}
2023-05-23 10:26:19,449 [Listener at 127.0.0.1/15148] INFO  handler.ContextHandler (ContextHandler.java:doStart(921)) - Started o.e.j.w.WebAppContext@7d41adda{hddsDatanode,/,file:///home/runner/work/ozone/ozone/hadoop-ozone/integration-test/target/test-dir/MiniOzoneClusterImpl-00f23a18-bf09-4bf2-9950-b0f9dab58561/datanode-3/meta/webserver/jetty-0_0_0_0-15177-hdds-container-service-1_4_0-SNAPSHOT_jar-_-any-7331254551678719724/webapp/,AVAILABLE}{jar:file:/home/runner/.m2/repository/org/apache/ozone/hdds-container-service/1.4.0-SNAPSHOT/hdds-container-service-1.4.0-SNAPSHOT.jar!/webapps/hddsDatanode}
2023-05-23 10:26:19,450 [Listener at 127.0.0.1/15148] INFO  server.AbstractConnector (AbstractConnector.java:doStart(333)) - Started ServerConnector@483d71eb{HTTP/1.1, (http/1.1)}{0.0.0.0:15177}
2023-05-23 10:26:19,450 [Listener at 127.0.0.1/15148] INFO  server.Server (Server.java:doStart(415)) - Started @112502ms
2023-05-23 10:26:19,450 [Listener at 127.0.0.1/15148] WARN  impl.MetricsSystemImpl (MetricsSystemImpl.java:register(279)) - Sink prometheus already exists!
2023-05-23 10:26:19,451 [Listener at 127.0.0.1/15148] INFO  http.BaseHttpServer (BaseHttpServer.java:updateConnectorAddress(344)) - HTTP server of hddsDatanode listening at http://0.0.0.0:15177
2023-05-23 10:26:19,451 [Listener at 127.0.0.1/15148] WARN  impl.MetricRegistriesImpl (MetricRegistriesImpl.java:addReporterRegistration(111)) - New reporters are added after registries were created. Some metrics will be missing from the reporter. Please add reporter before adding any new registry.
2023-05-23 10:26:19,451 [Listener at 127.0.0.1/15148] WARN  impl.MetricRegistriesImpl (MetricRegistriesImpl.java:addReporterRegistration(111)) - New reporters are added after registries were created. Some metrics will be missing from the reporter. Please add reporter before adding any new registry.
2023-05-23 10:26:19,451 [Datanode State Machine Daemon Thread] INFO  statemachine.DatanodeStateMachine (DatanodeStateMachine.java:lambda$startDaemon$0(524)) - Ozone container server started.
2023-05-23 10:26:19,452 [Listener at 127.0.0.1/15148] INFO  impl.MetricsSystemImpl (MetricsSystemImpl.java:init(158)) - HddsDatanode metrics system started (again)
2023-05-23 10:26:19,465 [Listener at 127.0.0.1/15148] INFO  ozone.HddsDatanodeService (HddsDatanodeService.java:start(252)) - HddsDatanodeService host:fv-az1249-304 ip:10.1.0.38
2023-05-23 10:26:19,466 [org.apache.hadoop.util.JvmPauseMonitor$Monitor@5ea44540] INFO  util.JvmPauseMonitor (JvmPauseMonitor.java:run(188)) - Starting JVM pause monitor
2023-05-23 10:26:19,470 [Datanode State Machine Task Thread - 0] INFO  datanode.InitDatanodeState (InitDatanodeState.java:persistContainerDatanodeDetails(138)) - DatanodeDetails is persisted to /home/runner/work/ozone/ozone/hadoop-ozone/integration-test/target/test-dir/MiniOzoneClusterImpl-00f23a18-bf09-4bf2-9950-b0f9dab58561/datanode-3/meta/datanode.id
2023-05-23 10:26:19,490 [Listener at 127.0.0.1/15148] INFO  upgrade.AbstractLayoutVersionManager (AbstractLayoutVersionManager.java:init(83)) - Initializing Layout version manager with metadata layout = WEBUI_PORTS_IN_DATANODEDETAILS (version = 6), software layout = WEBUI_PORTS_IN_DATANODEDETAILS (version = 6)
2023-05-23 10:26:19,491 [Listener at 127.0.0.1/15148] INFO  statemachine.DatanodeStateMachine (DatanodeStateMachine.java:getEndPointTaskThreadPoolSize(267)) - Datanode State Machine Task Thread Pool size 2
2023-05-23 10:26:19,493 [Listener at 127.0.0.1/15148] INFO  volume.HddsVolume (HddsVolume.java:<init>(130)) - Creating HddsVolume: /home/runner/work/ozone/ozone/hadoop-ozone/integration-test/target/test-dir/MiniOzoneClusterImpl-00f23a18-bf09-4bf2-9950-b0f9dab58561/datanode-4/data-0/containers/hdds of storage type : DISK capacity : 9223372036854775807
2023-05-23 10:26:19,493 [Listener at 127.0.0.1/15148] INFO  volume.MutableVolumeSet (MutableVolumeSet.java:initializeVolumeSet(175)) - Added Volume : /home/runner/work/ozone/ozone/hadoop-ozone/integration-test/target/test-dir/MiniOzoneClusterImpl-00f23a18-bf09-4bf2-9950-b0f9dab58561/datanode-4/data-0/containers/hdds to VolumeSet
2023-05-23 10:26:19,493 [Listener at 127.0.0.1/15148] INFO  volume.ThrottledAsyncChecker (ThrottledAsyncChecker.java:schedule(141)) - Scheduling a check for /home/runner/work/ozone/ozone/hadoop-ozone/integration-test/target/test-dir/MiniOzoneClusterImpl-00f23a18-bf09-4bf2-9950-b0f9dab58561/datanode-4/data-0/containers/hdds
2023-05-23 10:26:19,494 [Listener at 127.0.0.1/15148] INFO  volume.StorageVolumeChecker (StorageVolumeChecker.java:checkAllVolumes(202)) - Scheduled health check for volume /home/runner/work/ozone/ozone/hadoop-ozone/integration-test/target/test-dir/MiniOzoneClusterImpl-00f23a18-bf09-4bf2-9950-b0f9dab58561/datanode-4/data-0/containers/hdds
2023-05-23 10:26:19,507 [Listener at 127.0.0.1/15148] INFO  volume.MutableVolumeSet (MutableVolumeSet.java:initializeVolumeSet(175)) - Added Volume : /home/runner/work/ozone/ozone/hadoop-ozone/integration-test/target/test-dir/MiniOzoneClusterImpl-00f23a18-bf09-4bf2-9950-b0f9dab58561/datanode-4/data/ratis to VolumeSet
2023-05-23 10:26:19,507 [Listener at 127.0.0.1/15148] INFO  volume.ThrottledAsyncChecker (ThrottledAsyncChecker.java:schedule(141)) - Scheduling a check for /home/runner/work/ozone/ozone/hadoop-ozone/integration-test/target/test-dir/MiniOzoneClusterImpl-00f23a18-bf09-4bf2-9950-b0f9dab58561/datanode-4/data/ratis
2023-05-23 10:26:19,507 [Listener at 127.0.0.1/15148] INFO  volume.StorageVolumeChecker (StorageVolumeChecker.java:checkAllVolumes(202)) - Scheduled health check for volume /home/runner/work/ozone/ozone/hadoop-ozone/integration-test/target/test-dir/MiniOzoneClusterImpl-00f23a18-bf09-4bf2-9950-b0f9dab58561/datanode-4/data/ratis
2023-05-23 10:26:19,522 [Thread-1912] INFO  ozoneimpl.ContainerReader (ContainerReader.java:readVolume(175)) - Finish verifying containers on volume /home/runner/work/ozone/ozone/hadoop-ozone/integration-test/target/test-dir/MiniOzoneClusterImpl-00f23a18-bf09-4bf2-9950-b0f9dab58561/datanode-4/data-0/containers/hdds
2023-05-23 10:26:19,522 [Listener at 127.0.0.1/15148] INFO  ozoneimpl.OzoneContainer (OzoneContainer.java:buildContainerSet(303)) - Build ContainerSet costs 0s
2023-05-23 10:26:19,524 [Listener at 127.0.0.1/15148] INFO  server.RaftServer (ConfUtils.java:logGet(46)) - raft.rpc.type = GRPC (default)
2023-05-23 10:26:19,525 [Listener at 127.0.0.1/15148] INFO  grpc.GrpcConfigKeys (ConfUtils.java:logFallback(53)) - raft.grpc.admin.host = null (fallback to raft.grpc.server.host)
2023-05-23 10:26:19,525 [Listener at 127.0.0.1/15148] INFO  grpc.GrpcConfigKeys (ConfUtils.java:logGet(46)) - raft.grpc.admin.port = 15188 (custom)
2023-05-23 10:26:19,525 [Listener at 127.0.0.1/15148] INFO  grpc.GrpcConfigKeys (ConfUtils.java:logFallback(53)) - raft.grpc.client.host = null (fallback to raft.grpc.server.host)
2023-05-23 10:26:19,526 [Listener at 127.0.0.1/15148] INFO  grpc.GrpcConfigKeys (ConfUtils.java:logGet(46)) - raft.grpc.client.port = 15187 (custom)
2023-05-23 10:26:19,526 [Listener at 127.0.0.1/15148] INFO  grpc.GrpcConfigKeys (ConfUtils.java:logGet(46)) - raft.grpc.server.host = null (default)
2023-05-23 10:26:19,526 [Listener at 127.0.0.1/15148] INFO  grpc.GrpcConfigKeys (ConfUtils.java:logGet(46)) - raft.grpc.server.port = 15189 (custom)
2023-05-23 10:26:19,526 [Listener at 127.0.0.1/15148] INFO  server.GrpcService (ConfUtils.java:logGet(46)) - raft.grpc.message.size.max = 32MB (=33554432) (custom)
2023-05-23 10:26:19,526 [Listener at 127.0.0.1/15148] INFO  server.RaftServerConfigKeys (ConfUtils.java:logGet(46)) - raft.server.log.appender.buffer.byte-limit = 33554432 (custom)
2023-05-23 10:26:19,526 [Listener at 127.0.0.1/15148] INFO  server.GrpcService (ConfUtils.java:logGet(46)) - raft.grpc.flow.control.window = 5MB (=5242880) (custom)
2023-05-23 10:26:19,526 [Listener at 127.0.0.1/15148] INFO  server.RaftServerConfigKeys (ConfUtils.java:logGet(46)) - raft.server.rpc.request.timeout = 60s (custom)
2023-05-23 10:26:19,526 [Listener at 127.0.0.1/15148] INFO  grpc.GrpcConfigKeys (ConfUtils.java:logGet(46)) - raft.grpc.server.heartbeat.channel = true (default)
2023-05-23 10:26:19,526 [Listener at 127.0.0.1/15148] INFO  grpc.GrpcConfigKeys (ConfUtils.java:logGet(46)) - raft.grpc.server.async.request.thread.pool.cached = true (default)
2023-05-23 10:26:19,526 [Listener at 127.0.0.1/15148] INFO  grpc.GrpcConfigKeys (ConfUtils.java:logGet(46)) - raft.grpc.server.async.request.thread.pool.size = 32 (default)
2023-05-23 10:26:19,529 [Listener at 127.0.0.1/15148] INFO  impl.DataStreamServerImpl (ConfUtils.java:logGet(46)) - raft.datastream.type = NETTY (custom)
2023-05-23 10:26:19,529 [Listener at 127.0.0.1/15148] INFO  server.RaftServerConfigKeys (ConfUtils.java:logGet(46)) - raft.server.data-stream.async.request.thread.pool.cached = false (default)
2023-05-23 10:26:19,529 [Listener at 127.0.0.1/15148] INFO  server.RaftServerConfigKeys (ConfUtils.java:logGet(46)) - raft.server.data-stream.async.request.thread.pool.size = 20 (custom)
2023-05-23 10:26:19,529 [Listener at 127.0.0.1/15148] INFO  server.RaftServerConfigKeys (ConfUtils.java:logGet(46)) - raft.server.data-stream.async.write.thread.pool.size = 16 (default)
2023-05-23 10:26:19,532 [Listener at 127.0.0.1/15148] INFO  server.RaftServerConfigKeys (ConfUtils.java:logGet(46)) - raft.server.data-stream.client.pool.size = 10 (default)
2023-05-23 10:26:19,532 [Listener at 127.0.0.1/15148] INFO  netty.NettyConfigKeys$DataStream (ConfUtils.java:logGet(46)) - raft.netty.dataStream.server.use-epoll = false (default)
2023-05-23 10:26:19,532 [Listener at 127.0.0.1/15148] INFO  netty.NettyConfigKeys$DataStream (ConfUtils.java:logGet(46)) - raft.netty.dataStream.server.boss-group.size = 0 (default)
2023-05-23 10:26:19,532 [Listener at 127.0.0.1/15148] INFO  netty.NettyConfigKeys$DataStream (ConfUtils.java:logGet(46)) - raft.netty.dataStream.server.worker-group.size = 0 (default)
2023-05-23 10:26:19,533 [Listener at 127.0.0.1/15148] INFO  netty.NettyConfigKeys$DataStream (ConfUtils.java:logGet(46)) - raft.netty.dataStream.server.tls.conf = null (default)
2023-05-23 10:26:19,533 [Listener at 127.0.0.1/15148] INFO  netty.NettyConfigKeys$DataStream (ConfUtils.java:logGet(46)) - raft.netty.dataStream.host = null (default)
2023-05-23 10:26:19,533 [Listener at 127.0.0.1/15148] INFO  netty.NettyConfigKeys$DataStream (ConfUtils.java:logGet(46)) - raft.netty.dataStream.port = 15190 (custom)
2023-05-23 10:26:19,533 [Listener at 127.0.0.1/15148] INFO  server.RaftServerConfigKeys (ConfUtils.java:logGet(46)) - raft.server.threadpool.proxy.cached = true (default)
2023-05-23 10:26:19,533 [Listener at 127.0.0.1/15148] INFO  server.RaftServerConfigKeys (ConfUtils.java:logGet(46)) - raft.server.threadpool.proxy.size = 0 (default)
2023-05-23 10:26:19,533 [Listener at 127.0.0.1/15148] INFO  server.RaftServerConfigKeys (ConfUtils.java:logGet(46)) - raft.server.rpc.slowness.timeout = 300s (custom)
2023-05-23 10:26:19,533 [Listener at 127.0.0.1/15148] INFO  server.RaftServerConfigKeys (ConfUtils.java:logGet(46)) - raft.server.leaderelection.leader.step-down.wait-time = 10s (default)
2023-05-23 10:26:19,534 [Listener at 127.0.0.1/15148] INFO  server.RaftServerConfigKeys (ConfUtils.java:logGet(46)) - raft.server.storage.dir = [/home/runner/work/ozone/ozone/hadoop-ozone/integration-test/target/test-dir/MiniOzoneClusterImpl-00f23a18-bf09-4bf2-9950-b0f9dab58561/datanode-4/data/ratis] (custom)
2023-05-23 10:26:19,534 [3cc5c5e2-96d2-4640-9ca3-0d98a4ccb12e-NettyServerStreamRpc-bossGroup--thread1] INFO  logging.LoggingHandler (AbstractInternalLogger.java:log(148)) - [id: 0xe625a0aa] REGISTERED
2023-05-23 10:26:19,534 [3cc5c5e2-96d2-4640-9ca3-0d98a4ccb12e-NettyServerStreamRpc-bossGroup--thread1] INFO  logging.LoggingHandler (AbstractInternalLogger.java:log(148)) - [id: 0xe625a0aa] BIND: 0.0.0.0/0.0.0.0:15190
2023-05-23 10:26:19,534 [3cc5c5e2-96d2-4640-9ca3-0d98a4ccb12e-NettyServerStreamRpc-bossGroup--thread1] INFO  logging.LoggingHandler (AbstractInternalLogger.java:log(148)) - [id: 0xe625a0aa, L:/0:0:0:0:0:0:0:0:15190] ACTIVE
2023-05-23 10:26:19,535 [Listener at 127.0.0.1/15148] INFO  server.XceiverServerGrpc (XceiverServerGrpc.java:<init>(132)) - GrpcServer channel type EpollServerSocketChannel
2023-05-23 10:26:19,537 [Listener at 127.0.0.1/15148] INFO  replication.ReplicationSupervisor (ReplicationSupervisor.java:nodeStateUpdated(296)) - Node state updated to IN_SERVICE, scaling executor pool size to 10
2023-05-23 10:26:19,541 [Listener at 127.0.0.1/15148] INFO  http.BaseHttpServer (BaseHttpServer.java:newHttpServer2BuilderForOzone(224)) - Starting Web-server for hddsDatanode at: http://0.0.0.0:15185
2023-05-23 10:26:19,541 [Listener at 127.0.0.1/15148] INFO  http.BaseHttpServer (BaseHttpServer.java:<init>(111)) - Hadoop Security Enabled: false Ozone Security Enabled: false Ozone HTTP Security Enabled: false 
2023-05-23 10:26:19,542 [Listener at 127.0.0.1/15148] WARN  server.AuthenticationFilter (AuthenticationFilter.java:constructSecretProvider(240)) - Unable to initialize FileSignerSecretProvider, falling back to use random secrets. Reason: Could not read signature secret file: /home/runner/hadoop-http-auth-signature-secret
2023-05-23 10:26:19,543 [Listener at 127.0.0.1/15148] INFO  http.HttpRequestLog (HttpRequestLog.java:getRequestLog(86)) - Http request log for http.requests.hddsDatanode is not defined
2023-05-23 10:26:19,544 [Listener at 127.0.0.1/15148] INFO  http.HttpServer2 (HttpServer2.java:addGlobalFilter(1031)) - Added global filter 'safety' (class=org.apache.hadoop.hdds.server.http.HttpServer2$QuotingInputFilter)
2023-05-23 10:26:19,544 [Listener at 127.0.0.1/15148] INFO  http.HttpServer2 (HttpServer2.java:addFilter(1007)) - Added filter static_user_filter (class=org.apache.hadoop.http.lib.StaticUserWebFilter$StaticUserFilter) to context hddsDatanode
2023-05-23 10:26:19,544 [Listener at 127.0.0.1/15148] INFO  http.HttpServer2 (HttpServer2.java:addFilter(1015)) - Added filter static_user_filter (class=org.apache.hadoop.http.lib.StaticUserWebFilter$StaticUserFilter) to context logs
2023-05-23 10:26:19,544 [Listener at 127.0.0.1/15148] INFO  http.HttpServer2 (HttpServer2.java:addFilter(1015)) - Added filter static_user_filter (class=org.apache.hadoop.http.lib.StaticUserWebFilter$StaticUserFilter) to context static
2023-05-23 10:26:19,545 [Listener at 127.0.0.1/15148] INFO  http.BaseHttpServer (BaseHttpServer.java:<init>(190)) - HTTP server of hddsDatanode uses base directory /home/runner/work/ozone/ozone/hadoop-ozone/integration-test/target/test-dir/MiniOzoneClusterImpl-00f23a18-bf09-4bf2-9950-b0f9dab58561/datanode-4/meta/webserver
2023-05-23 10:26:19,545 [Listener at 127.0.0.1/15148] INFO  http.HttpServer2 (HttpServer2.java:bindListener(1250)) - Jetty bound to port 15185
2023-05-23 10:26:19,545 [Listener at 127.0.0.1/15148] INFO  server.Server (Server.java:doStart(375)) - jetty-9.4.51.v20230217; built: 2023-02-17T08:19:37.309Z; git: b45c405e4544384de066f814ed42ae3dceacdd49; jvm 1.8.0_362-b09
2023-05-23 10:26:19,546 [Listener at 127.0.0.1/15148] INFO  server.session (DefaultSessionIdManager.java:doStart(334)) - DefaultSessionIdManager workerName=node0
2023-05-23 10:26:19,546 [Listener at 127.0.0.1/15148] INFO  server.session (DefaultSessionIdManager.java:doStart(339)) - No SessionScavenger set, using defaults
2023-05-23 10:26:19,547 [Listener at 127.0.0.1/15148] INFO  server.session (HouseKeeper.java:startScavenging(132)) - node0 Scavenging every 600000ms
2023-05-23 10:26:19,547 [Listener at 127.0.0.1/15148] INFO  handler.ContextHandler (ContextHandler.java:doStart(921)) - Started o.e.j.s.ServletContextHandler@6c12390a{logs,/logs,file:///home/runner/work/ozone/ozone/hadoop-ozone/integration-test/target/log,AVAILABLE}
2023-05-23 10:26:19,547 [Listener at 127.0.0.1/15148] INFO  handler.ContextHandler (ContextHandler.java:doStart(921)) - Started o.e.j.s.ServletContextHandler@5dce7301{static,/static,jar:file:/home/runner/.m2/repository/org/apache/ozone/hdds-container-service/1.4.0-SNAPSHOT/hdds-container-service-1.4.0-SNAPSHOT.jar!/webapps/static,AVAILABLE}
2023-05-23 10:26:19,772 [Listener at 127.0.0.1/15148] INFO  handler.ContextHandler (ContextHandler.java:doStart(921)) - Started o.e.j.w.WebAppContext@e9c10e7{hddsDatanode,/,file:///home/runner/work/ozone/ozone/hadoop-ozone/integration-test/target/test-dir/MiniOzoneClusterImpl-00f23a18-bf09-4bf2-9950-b0f9dab58561/datanode-4/meta/webserver/jetty-0_0_0_0-15185-hdds-container-service-1_4_0-SNAPSHOT_jar-_-any-4589647086191892805/webapp/,AVAILABLE}{jar:file:/home/runner/.m2/repository/org/apache/ozone/hdds-container-service/1.4.0-SNAPSHOT/hdds-container-service-1.4.0-SNAPSHOT.jar!/webapps/hddsDatanode}
2023-05-23 10:26:19,774 [Listener at 127.0.0.1/15148] INFO  server.AbstractConnector (AbstractConnector.java:doStart(333)) - Started ServerConnector@1ccf378d{HTTP/1.1, (http/1.1)}{0.0.0.0:15185}
2023-05-23 10:26:19,774 [Listener at 127.0.0.1/15148] INFO  server.Server (Server.java:doStart(415)) - Started @112826ms
2023-05-23 10:26:19,774 [Listener at 127.0.0.1/15148] WARN  impl.MetricsSystemImpl (MetricsSystemImpl.java:register(279)) - Sink prometheus already exists!
2023-05-23 10:26:19,775 [Listener at 127.0.0.1/15148] INFO  http.BaseHttpServer (BaseHttpServer.java:updateConnectorAddress(344)) - HTTP server of hddsDatanode listening at http://0.0.0.0:15185
2023-05-23 10:26:19,775 [Datanode State Machine Daemon Thread] INFO  statemachine.DatanodeStateMachine (DatanodeStateMachine.java:lambda$startDaemon$0(524)) - Ozone container server started.
2023-05-23 10:26:19,775 [Listener at 127.0.0.1/15148] INFO  ozone.MiniOzoneClusterImpl (MiniOzoneClusterImpl.java:lambda$waitForClusterToBeReady$0(222)) - Waiting for nodes to be ready. Got 0 of 5 DN Heartbeats.
2023-05-23 10:26:19,776 [Listener at 127.0.0.1/15148] INFO  ozone.MiniOzoneClusterImpl (MiniOzoneClusterImpl.java:lambda$waitForClusterToBeReady$0(225)) - Waiting for cluster to exit safe mode
2023-05-23 10:26:19,776 [Listener at 127.0.0.1/15148] INFO  ozone.MiniOzoneClusterImpl (MiniOzoneClusterImpl.java:lambda$waitForClusterToBeReady$0(227)) - SCM became leader
2023-05-23 10:26:19,781 [org.apache.hadoop.util.JvmPauseMonitor$Monitor@22539b2b] INFO  util.JvmPauseMonitor (JvmPauseMonitor.java:run(188)) - Starting JVM pause monitor
2023-05-23 10:26:19,784 [Datanode State Machine Task Thread - 0] INFO  datanode.InitDatanodeState (InitDatanodeState.java:persistContainerDatanodeDetails(138)) - DatanodeDetails is persisted to /home/runner/work/ozone/ozone/hadoop-ozone/integration-test/target/test-dir/MiniOzoneClusterImpl-00f23a18-bf09-4bf2-9950-b0f9dab58561/datanode-4/meta/datanode.id
2023-05-23 10:26:20,045 [ReplicationMonitor] INFO  replication.ReplicationManager (ReplicationManager.java:processAll(375)) - Replication Manager is not ready to run until 3000ms after safemode exit
2023-05-23 10:26:20,483 [EndpointStateMachine task thread for /0.0.0.0:15146 - 0 ] INFO  utils.DatanodeStoreCache (DatanodeStoreCache.java:addDB(66)) - Added db /home/runner/work/ozone/ozone/hadoop-ozone/integration-test/target/test-dir/MiniOzoneClusterImpl-00f23a18-bf09-4bf2-9950-b0f9dab58561/datanode-0/data-0/containers/hdds/00f23a18-bf09-4bf2-9950-b0f9dab58561/DS-197cf097-cf54-490d-a1ba-1210227aac2c/container.db to cache
2023-05-23 10:26:20,483 [EndpointStateMachine task thread for /0.0.0.0:15146 - 0 ] INFO  volume.HddsVolume (HddsVolume.java:createDbStore(350)) - SchemaV3 db is created and loaded at /home/runner/work/ozone/ozone/hadoop-ozone/integration-test/target/test-dir/MiniOzoneClusterImpl-00f23a18-bf09-4bf2-9950-b0f9dab58561/datanode-0/data-0/containers/hdds/00f23a18-bf09-4bf2-9950-b0f9dab58561/DS-197cf097-cf54-490d-a1ba-1210227aac2c/container.db for volume DS-197cf097-cf54-490d-a1ba-1210227aac2c
2023-05-23 10:26:20,484 [EndpointStateMachine task thread for /0.0.0.0:15146 - 0 ] INFO  ozoneimpl.OzoneContainer (OzoneContainer.java:start(397)) - Attempting to start container services.
2023-05-23 10:26:20,484 [EndpointStateMachine task thread for /0.0.0.0:15146 - 0 ] INFO  ozoneimpl.OzoneContainer (OzoneContainer.java:startContainerScrub(314)) - Scheduled background container scanners and the on-demand container scanner have been disabled.
2023-05-23 10:26:20,485 [EndpointStateMachine task thread for /0.0.0.0:15146 - 0 ] INFO  replication.ReplicationServer (ReplicationServer.java:start(128)) - ReplicationServer is started using port 15159
2023-05-23 10:26:20,485 [EndpointStateMachine task thread for /0.0.0.0:15146 - 0 ] INFO  ratis.XceiverServerRatis (XceiverServerRatis.java:start(517)) - Starting XceiverServerRatis cdf07a7b-95f7-44c3-8ae6-3efcc78f5f3a
2023-05-23 10:26:20,486 [EndpointStateMachine task thread for /0.0.0.0:15146 - 0 ] INFO  server.RaftServer (RaftServerProxy.java:startImpl(400)) - cdf07a7b-95f7-44c3-8ae6-3efcc78f5f3a: start RPC server
2023-05-23 10:26:20,487 [EndpointStateMachine task thread for /0.0.0.0:15146 - 0 ] INFO  server.GrpcService (GrpcService.java:startImpl(302)) - cdf07a7b-95f7-44c3-8ae6-3efcc78f5f3a: GrpcService started, listening on 15155
2023-05-23 10:26:20,488 [EndpointStateMachine task thread for /0.0.0.0:15146 - 0 ] INFO  server.GrpcService (GrpcService.java:startImpl(302)) - cdf07a7b-95f7-44c3-8ae6-3efcc78f5f3a: GrpcService started, listening on 15157
2023-05-23 10:26:20,489 [EndpointStateMachine task thread for /0.0.0.0:15146 - 0 ] INFO  server.GrpcService (GrpcService.java:startImpl(302)) - cdf07a7b-95f7-44c3-8ae6-3efcc78f5f3a: GrpcService started, listening on 15156
2023-05-23 10:26:20,490 [EndpointStateMachine task thread for /0.0.0.0:15146 - 0 ] INFO  ratis.XceiverServerRatis (XceiverServerRatis.java:getRealPort(543)) - XceiverServerRatis cdf07a7b-95f7-44c3-8ae6-3efcc78f5f3a is started using port 15155 for RATIS
2023-05-23 10:26:20,490 [EndpointStateMachine task thread for /0.0.0.0:15146 - 0 ] INFO  ratis.XceiverServerRatis (XceiverServerRatis.java:getRealPort(543)) - XceiverServerRatis cdf07a7b-95f7-44c3-8ae6-3efcc78f5f3a is started using port 15156 for RATIS_ADMIN
2023-05-23 10:26:20,490 [JvmPauseMonitor19] INFO  util.JvmPauseMonitor (JvmPauseMonitor.java:run(103)) - JvmPauseMonitor-cdf07a7b-95f7-44c3-8ae6-3efcc78f5f3a: Started
2023-05-23 10:26:20,490 [EndpointStateMachine task thread for /0.0.0.0:15146 - 0 ] INFO  ratis.XceiverServerRatis (XceiverServerRatis.java:getRealPort(543)) - XceiverServerRatis cdf07a7b-95f7-44c3-8ae6-3efcc78f5f3a is started using port 15157 for RATIS_SERVER
2023-05-23 10:26:20,490 [EndpointStateMachine task thread for /0.0.0.0:15146 - 0 ] INFO  ratis.XceiverServerRatis (XceiverServerRatis.java:getRealPort(543)) - XceiverServerRatis cdf07a7b-95f7-44c3-8ae6-3efcc78f5f3a is started using port 15158 for RATIS_DATASTREAM
2023-05-23 10:26:20,492 [BlockDeletingService#0] INFO  interfaces.ContainerDeletionChoosingPolicyTemplate (ContainerDeletionChoosingPolicyTemplate.java:chooseContainerForBlockDeletion(83)) - Chosen 0/5000 blocks from 0 candidate containers.
2023-05-23 10:26:20,777 [Listener at 127.0.0.1/15148] INFO  ozone.MiniOzoneClusterImpl (MiniOzoneClusterImpl.java:lambda$waitForClusterToBeReady$0(222)) - Waiting for nodes to be ready. Got 0 of 5 DN Heartbeats.
2023-05-23 10:26:20,777 [Listener at 127.0.0.1/15148] INFO  ozone.MiniOzoneClusterImpl (MiniOzoneClusterImpl.java:lambda$waitForClusterToBeReady$0(225)) - Waiting for cluster to exit safe mode
2023-05-23 10:26:20,777 [Listener at 127.0.0.1/15148] INFO  ozone.MiniOzoneClusterImpl (MiniOzoneClusterImpl.java:lambda$waitForClusterToBeReady$0(227)) - SCM became leader
2023-05-23 10:26:20,815 [EndpointStateMachine task thread for /0.0.0.0:15146 - 0 ] INFO  utils.DatanodeStoreCache (DatanodeStoreCache.java:addDB(66)) - Added db /home/runner/work/ozone/ozone/hadoop-ozone/integration-test/target/test-dir/MiniOzoneClusterImpl-00f23a18-bf09-4bf2-9950-b0f9dab58561/datanode-1/data-0/containers/hdds/00f23a18-bf09-4bf2-9950-b0f9dab58561/DS-dc5daba4-9127-45d0-867c-23a48d099ede/container.db to cache
2023-05-23 10:26:20,815 [EndpointStateMachine task thread for /0.0.0.0:15146 - 0 ] INFO  volume.HddsVolume (HddsVolume.java:createDbStore(350)) - SchemaV3 db is created and loaded at /home/runner/work/ozone/ozone/hadoop-ozone/integration-test/target/test-dir/MiniOzoneClusterImpl-00f23a18-bf09-4bf2-9950-b0f9dab58561/datanode-1/data-0/containers/hdds/00f23a18-bf09-4bf2-9950-b0f9dab58561/DS-dc5daba4-9127-45d0-867c-23a48d099ede/container.db for volume DS-dc5daba4-9127-45d0-867c-23a48d099ede
2023-05-23 10:26:20,816 [EndpointStateMachine task thread for /0.0.0.0:15146 - 0 ] INFO  ozoneimpl.OzoneContainer (OzoneContainer.java:start(397)) - Attempting to start container services.
2023-05-23 10:26:20,816 [EndpointStateMachine task thread for /0.0.0.0:15146 - 0 ] INFO  ozoneimpl.OzoneContainer (OzoneContainer.java:startContainerScrub(314)) - Scheduled background container scanners and the on-demand container scanner have been disabled.
2023-05-23 10:26:20,817 [EndpointStateMachine task thread for /0.0.0.0:15146 - 0 ] INFO  replication.ReplicationServer (ReplicationServer.java:start(128)) - ReplicationServer is started using port 15167
2023-05-23 10:26:20,817 [EndpointStateMachine task thread for /0.0.0.0:15146 - 0 ] INFO  ratis.XceiverServerRatis (XceiverServerRatis.java:start(517)) - Starting XceiverServerRatis 9a8ecc75-319b-47a2-9433-72c1cc276f25
2023-05-23 10:26:20,818 [EndpointStateMachine task thread for /0.0.0.0:15146 - 0 ] INFO  server.RaftServer (RaftServerProxy.java:startImpl(400)) - 9a8ecc75-319b-47a2-9433-72c1cc276f25: start RPC server
2023-05-23 10:26:20,821 [EndpointStateMachine task thread for /0.0.0.0:15146 - 0 ] INFO  server.GrpcService (GrpcService.java:startImpl(302)) - 9a8ecc75-319b-47a2-9433-72c1cc276f25: GrpcService started, listening on 15163
2023-05-23 10:26:20,822 [EndpointStateMachine task thread for /0.0.0.0:15146 - 0 ] INFO  server.GrpcService (GrpcService.java:startImpl(302)) - 9a8ecc75-319b-47a2-9433-72c1cc276f25: GrpcService started, listening on 15165
2023-05-23 10:26:20,823 [EndpointStateMachine task thread for /0.0.0.0:15146 - 0 ] INFO  server.GrpcService (GrpcService.java:startImpl(302)) - 9a8ecc75-319b-47a2-9433-72c1cc276f25: GrpcService started, listening on 15164
2023-05-23 10:26:20,824 [EndpointStateMachine task thread for /0.0.0.0:15146 - 0 ] INFO  ratis.XceiverServerRatis (XceiverServerRatis.java:getRealPort(543)) - XceiverServerRatis 9a8ecc75-319b-47a2-9433-72c1cc276f25 is started using port 15163 for RATIS
2023-05-23 10:26:20,824 [EndpointStateMachine task thread for /0.0.0.0:15146 - 0 ] INFO  ratis.XceiverServerRatis (XceiverServerRatis.java:getRealPort(543)) - XceiverServerRatis 9a8ecc75-319b-47a2-9433-72c1cc276f25 is started using port 15164 for RATIS_ADMIN
2023-05-23 10:26:20,824 [JvmPauseMonitor20] INFO  util.JvmPauseMonitor (JvmPauseMonitor.java:run(103)) - JvmPauseMonitor-9a8ecc75-319b-47a2-9433-72c1cc276f25: Started
2023-05-23 10:26:20,824 [EndpointStateMachine task thread for /0.0.0.0:15146 - 0 ] INFO  ratis.XceiverServerRatis (XceiverServerRatis.java:getRealPort(543)) - XceiverServerRatis 9a8ecc75-319b-47a2-9433-72c1cc276f25 is started using port 15165 for RATIS_SERVER
2023-05-23 10:26:20,824 [EndpointStateMachine task thread for /0.0.0.0:15146 - 0 ] INFO  ratis.XceiverServerRatis (XceiverServerRatis.java:getRealPort(543)) - XceiverServerRatis 9a8ecc75-319b-47a2-9433-72c1cc276f25 is started using port 15166 for RATIS_DATASTREAM
2023-05-23 10:26:20,830 [BlockDeletingService#0] INFO  interfaces.ContainerDeletionChoosingPolicyTemplate (ContainerDeletionChoosingPolicyTemplate.java:chooseContainerForBlockDeletion(83)) - Chosen 0/5000 blocks from 0 candidate containers.
2023-05-23 10:26:21,045 [ReplicationMonitor] INFO  replication.ReplicationManager (ReplicationManager.java:processAll(375)) - Replication Manager is not ready to run until 3000ms after safemode exit
2023-05-23 10:26:21,167 [EndpointStateMachine task thread for /0.0.0.0:15146 - 0 ] INFO  utils.DatanodeStoreCache (DatanodeStoreCache.java:addDB(66)) - Added db /home/runner/work/ozone/ozone/hadoop-ozone/integration-test/target/test-dir/MiniOzoneClusterImpl-00f23a18-bf09-4bf2-9950-b0f9dab58561/datanode-2/data-0/containers/hdds/00f23a18-bf09-4bf2-9950-b0f9dab58561/DS-1529e075-6946-4f61-8ff0-097e4732d4b4/container.db to cache
2023-05-23 10:26:21,167 [EndpointStateMachine task thread for /0.0.0.0:15146 - 0 ] INFO  volume.HddsVolume (HddsVolume.java:createDbStore(350)) - SchemaV3 db is created and loaded at /home/runner/work/ozone/ozone/hadoop-ozone/integration-test/target/test-dir/MiniOzoneClusterImpl-00f23a18-bf09-4bf2-9950-b0f9dab58561/datanode-2/data-0/containers/hdds/00f23a18-bf09-4bf2-9950-b0f9dab58561/DS-1529e075-6946-4f61-8ff0-097e4732d4b4/container.db for volume DS-1529e075-6946-4f61-8ff0-097e4732d4b4
2023-05-23 10:26:21,167 [EndpointStateMachine task thread for /0.0.0.0:15146 - 0 ] INFO  ozoneimpl.OzoneContainer (OzoneContainer.java:start(397)) - Attempting to start container services.
2023-05-23 10:26:21,167 [EndpointStateMachine task thread for /0.0.0.0:15146 - 0 ] INFO  ozoneimpl.OzoneContainer (OzoneContainer.java:startContainerScrub(314)) - Scheduled background container scanners and the on-demand container scanner have been disabled.
2023-05-23 10:26:21,169 [EndpointStateMachine task thread for /0.0.0.0:15146 - 0 ] INFO  replication.ReplicationServer (ReplicationServer.java:start(128)) - ReplicationServer is started using port 15175
2023-05-23 10:26:21,169 [EndpointStateMachine task thread for /0.0.0.0:15146 - 0 ] INFO  ratis.XceiverServerRatis (XceiverServerRatis.java:start(517)) - Starting XceiverServerRatis b898f15d-4860-47c9-8591-05c5a169db6c
2023-05-23 10:26:21,171 [EndpointStateMachine task thread for /0.0.0.0:15146 - 0 ] INFO  server.RaftServer (RaftServerProxy.java:startImpl(400)) - b898f15d-4860-47c9-8591-05c5a169db6c: start RPC server
2023-05-23 10:26:21,172 [EndpointStateMachine task thread for /0.0.0.0:15146 - 0 ] INFO  server.GrpcService (GrpcService.java:startImpl(302)) - b898f15d-4860-47c9-8591-05c5a169db6c: GrpcService started, listening on 15171
2023-05-23 10:26:21,173 [EndpointStateMachine task thread for /0.0.0.0:15146 - 0 ] INFO  server.GrpcService (GrpcService.java:startImpl(302)) - b898f15d-4860-47c9-8591-05c5a169db6c: GrpcService started, listening on 15173
2023-05-23 10:26:21,174 [EndpointStateMachine task thread for /0.0.0.0:15146 - 0 ] INFO  server.GrpcService (GrpcService.java:startImpl(302)) - b898f15d-4860-47c9-8591-05c5a169db6c: GrpcService started, listening on 15172
2023-05-23 10:26:21,174 [EndpointStateMachine task thread for /0.0.0.0:15146 - 0 ] INFO  ratis.XceiverServerRatis (XceiverServerRatis.java:getRealPort(543)) - XceiverServerRatis b898f15d-4860-47c9-8591-05c5a169db6c is started using port 15171 for RATIS
2023-05-23 10:26:21,174 [EndpointStateMachine task thread for /0.0.0.0:15146 - 0 ] INFO  ratis.XceiverServerRatis (XceiverServerRatis.java:getRealPort(543)) - XceiverServerRatis b898f15d-4860-47c9-8591-05c5a169db6c is started using port 15172 for RATIS_ADMIN
2023-05-23 10:26:21,174 [JvmPauseMonitor21] INFO  util.JvmPauseMonitor (JvmPauseMonitor.java:run(103)) - JvmPauseMonitor-b898f15d-4860-47c9-8591-05c5a169db6c: Started
2023-05-23 10:26:21,174 [EndpointStateMachine task thread for /0.0.0.0:15146 - 0 ] INFO  ratis.XceiverServerRatis (XceiverServerRatis.java:getRealPort(543)) - XceiverServerRatis b898f15d-4860-47c9-8591-05c5a169db6c is started using port 15173 for RATIS_SERVER
2023-05-23 10:26:21,175 [EndpointStateMachine task thread for /0.0.0.0:15146 - 0 ] INFO  ratis.XceiverServerRatis (XceiverServerRatis.java:getRealPort(543)) - XceiverServerRatis b898f15d-4860-47c9-8591-05c5a169db6c is started using port 15174 for RATIS_DATASTREAM
2023-05-23 10:26:21,176 [BlockDeletingService#0] INFO  interfaces.ContainerDeletionChoosingPolicyTemplate (ContainerDeletionChoosingPolicyTemplate.java:chooseContainerForBlockDeletion(83)) - Chosen 0/5000 blocks from 0 candidate containers.
2023-05-23 10:26:21,504 [EndpointStateMachine task thread for /0.0.0.0:15146 - 0 ] INFO  utils.DatanodeStoreCache (DatanodeStoreCache.java:addDB(66)) - Added db /home/runner/work/ozone/ozone/hadoop-ozone/integration-test/target/test-dir/MiniOzoneClusterImpl-00f23a18-bf09-4bf2-9950-b0f9dab58561/datanode-3/data-0/containers/hdds/00f23a18-bf09-4bf2-9950-b0f9dab58561/DS-f96bfacc-12bd-4fc4-b25c-9006d80b48ad/container.db to cache
2023-05-23 10:26:21,504 [EndpointStateMachine task thread for /0.0.0.0:15146 - 0 ] INFO  volume.HddsVolume (HddsVolume.java:createDbStore(350)) - SchemaV3 db is created and loaded at /home/runner/work/ozone/ozone/hadoop-ozone/integration-test/target/test-dir/MiniOzoneClusterImpl-00f23a18-bf09-4bf2-9950-b0f9dab58561/datanode-3/data-0/containers/hdds/00f23a18-bf09-4bf2-9950-b0f9dab58561/DS-f96bfacc-12bd-4fc4-b25c-9006d80b48ad/container.db for volume DS-f96bfacc-12bd-4fc4-b25c-9006d80b48ad
2023-05-23 10:26:21,504 [EndpointStateMachine task thread for /0.0.0.0:15146 - 0 ] INFO  ozoneimpl.OzoneContainer (OzoneContainer.java:start(397)) - Attempting to start container services.
2023-05-23 10:26:21,504 [EndpointStateMachine task thread for /0.0.0.0:15146 - 0 ] INFO  ozoneimpl.OzoneContainer (OzoneContainer.java:startContainerScrub(314)) - Scheduled background container scanners and the on-demand container scanner have been disabled.
2023-05-23 10:26:21,506 [EndpointStateMachine task thread for /0.0.0.0:15146 - 0 ] INFO  replication.ReplicationServer (ReplicationServer.java:start(128)) - ReplicationServer is started using port 15183
2023-05-23 10:26:21,507 [EndpointStateMachine task thread for /0.0.0.0:15146 - 0 ] INFO  ratis.XceiverServerRatis (XceiverServerRatis.java:start(517)) - Starting XceiverServerRatis 7156f7e4-fd15-431a-a0da-daed1f966c8d
2023-05-23 10:26:21,508 [EndpointStateMachine task thread for /0.0.0.0:15146 - 0 ] INFO  server.RaftServer (RaftServerProxy.java:startImpl(400)) - 7156f7e4-fd15-431a-a0da-daed1f966c8d: start RPC server
2023-05-23 10:26:21,511 [EndpointStateMachine task thread for /0.0.0.0:15146 - 0 ] INFO  server.GrpcService (GrpcService.java:startImpl(302)) - 7156f7e4-fd15-431a-a0da-daed1f966c8d: GrpcService started, listening on 15179
2023-05-23 10:26:21,512 [EndpointStateMachine task thread for /0.0.0.0:15146 - 0 ] INFO  server.GrpcService (GrpcService.java:startImpl(302)) - 7156f7e4-fd15-431a-a0da-daed1f966c8d: GrpcService started, listening on 15181
2023-05-23 10:26:21,514 [EndpointStateMachine task thread for /0.0.0.0:15146 - 0 ] INFO  server.GrpcService (GrpcService.java:startImpl(302)) - 7156f7e4-fd15-431a-a0da-daed1f966c8d: GrpcService started, listening on 15180
2023-05-23 10:26:21,514 [EndpointStateMachine task thread for /0.0.0.0:15146 - 0 ] INFO  ratis.XceiverServerRatis (XceiverServerRatis.java:getRealPort(543)) - XceiverServerRatis 7156f7e4-fd15-431a-a0da-daed1f966c8d is started using port 15179 for RATIS
2023-05-23 10:26:21,514 [EndpointStateMachine task thread for /0.0.0.0:15146 - 0 ] INFO  ratis.XceiverServerRatis (XceiverServerRatis.java:getRealPort(543)) - XceiverServerRatis 7156f7e4-fd15-431a-a0da-daed1f966c8d is started using port 15180 for RATIS_ADMIN
2023-05-23 10:26:21,514 [JvmPauseMonitor22] INFO  util.JvmPauseMonitor (JvmPauseMonitor.java:run(103)) - JvmPauseMonitor-7156f7e4-fd15-431a-a0da-daed1f966c8d: Started
2023-05-23 10:26:21,514 [EndpointStateMachine task thread for /0.0.0.0:15146 - 0 ] INFO  ratis.XceiverServerRatis (XceiverServerRatis.java:getRealPort(543)) - XceiverServerRatis 7156f7e4-fd15-431a-a0da-daed1f966c8d is started using port 15181 for RATIS_SERVER
2023-05-23 10:26:21,515 [EndpointStateMachine task thread for /0.0.0.0:15146 - 0 ] INFO  ratis.XceiverServerRatis (XceiverServerRatis.java:getRealPort(543)) - XceiverServerRatis 7156f7e4-fd15-431a-a0da-daed1f966c8d is started using port 15182 for RATIS_DATASTREAM
2023-05-23 10:26:21,516 [BlockDeletingService#0] INFO  interfaces.ContainerDeletionChoosingPolicyTemplate (ContainerDeletionChoosingPolicyTemplate.java:chooseContainerForBlockDeletion(83)) - Chosen 0/5000 blocks from 0 candidate containers.
2023-05-23 10:26:21,778 [Listener at 127.0.0.1/15148] INFO  ozone.MiniOzoneClusterImpl (MiniOzoneClusterImpl.java:lambda$waitForClusterToBeReady$0(222)) - Waiting for nodes to be ready. Got 0 of 5 DN Heartbeats.
2023-05-23 10:26:21,778 [Listener at 127.0.0.1/15148] INFO  ozone.MiniOzoneClusterImpl (MiniOzoneClusterImpl.java:lambda$waitForClusterToBeReady$0(225)) - Waiting for cluster to exit safe mode
2023-05-23 10:26:21,778 [Listener at 127.0.0.1/15148] INFO  ozone.MiniOzoneClusterImpl (MiniOzoneClusterImpl.java:lambda$waitForClusterToBeReady$0(227)) - SCM became leader
2023-05-23 10:26:21,826 [EndpointStateMachine task thread for /0.0.0.0:15146 - 0 ] INFO  utils.DatanodeStoreCache (DatanodeStoreCache.java:addDB(66)) - Added db /home/runner/work/ozone/ozone/hadoop-ozone/integration-test/target/test-dir/MiniOzoneClusterImpl-00f23a18-bf09-4bf2-9950-b0f9dab58561/datanode-4/data-0/containers/hdds/00f23a18-bf09-4bf2-9950-b0f9dab58561/DS-32c5d4da-ea9e-4320-8757-6d7ede698b60/container.db to cache
2023-05-23 10:26:21,826 [EndpointStateMachine task thread for /0.0.0.0:15146 - 0 ] INFO  volume.HddsVolume (HddsVolume.java:createDbStore(350)) - SchemaV3 db is created and loaded at /home/runner/work/ozone/ozone/hadoop-ozone/integration-test/target/test-dir/MiniOzoneClusterImpl-00f23a18-bf09-4bf2-9950-b0f9dab58561/datanode-4/data-0/containers/hdds/00f23a18-bf09-4bf2-9950-b0f9dab58561/DS-32c5d4da-ea9e-4320-8757-6d7ede698b60/container.db for volume DS-32c5d4da-ea9e-4320-8757-6d7ede698b60
2023-05-23 10:26:21,827 [EndpointStateMachine task thread for /0.0.0.0:15146 - 0 ] INFO  ozoneimpl.OzoneContainer (OzoneContainer.java:start(397)) - Attempting to start container services.
2023-05-23 10:26:21,827 [EndpointStateMachine task thread for /0.0.0.0:15146 - 0 ] INFO  ozoneimpl.OzoneContainer (OzoneContainer.java:startContainerScrub(314)) - Scheduled background container scanners and the on-demand container scanner have been disabled.
2023-05-23 10:26:21,828 [EndpointStateMachine task thread for /0.0.0.0:15146 - 0 ] INFO  replication.ReplicationServer (ReplicationServer.java:start(128)) - ReplicationServer is started using port 15191
2023-05-23 10:26:21,833 [EndpointStateMachine task thread for /0.0.0.0:15146 - 0 ] INFO  ratis.XceiverServerRatis (XceiverServerRatis.java:start(517)) - Starting XceiverServerRatis 3cc5c5e2-96d2-4640-9ca3-0d98a4ccb12e
2023-05-23 10:26:21,834 [EndpointStateMachine task thread for /0.0.0.0:15146 - 0 ] INFO  server.RaftServer (RaftServerProxy.java:startImpl(400)) - 3cc5c5e2-96d2-4640-9ca3-0d98a4ccb12e: start RPC server
2023-05-23 10:26:21,836 [EndpointStateMachine task thread for /0.0.0.0:15146 - 0 ] INFO  server.GrpcService (GrpcService.java:startImpl(302)) - 3cc5c5e2-96d2-4640-9ca3-0d98a4ccb12e: GrpcService started, listening on 15187
2023-05-23 10:26:21,838 [EndpointStateMachine task thread for /0.0.0.0:15146 - 0 ] INFO  server.GrpcService (GrpcService.java:startImpl(302)) - 3cc5c5e2-96d2-4640-9ca3-0d98a4ccb12e: GrpcService started, listening on 15189
2023-05-23 10:26:21,839 [EndpointStateMachine task thread for /0.0.0.0:15146 - 0 ] INFO  server.GrpcService (GrpcService.java:startImpl(302)) - 3cc5c5e2-96d2-4640-9ca3-0d98a4ccb12e: GrpcService started, listening on 15188
2023-05-23 10:26:21,839 [EndpointStateMachine task thread for /0.0.0.0:15146 - 0 ] INFO  ratis.XceiverServerRatis (XceiverServerRatis.java:getRealPort(543)) - XceiverServerRatis 3cc5c5e2-96d2-4640-9ca3-0d98a4ccb12e is started using port 15187 for RATIS
2023-05-23 10:26:21,839 [EndpointStateMachine task thread for /0.0.0.0:15146 - 0 ] INFO  ratis.XceiverServerRatis (XceiverServerRatis.java:getRealPort(543)) - XceiverServerRatis 3cc5c5e2-96d2-4640-9ca3-0d98a4ccb12e is started using port 15188 for RATIS_ADMIN
2023-05-23 10:26:21,839 [JvmPauseMonitor23] INFO  util.JvmPauseMonitor (JvmPauseMonitor.java:run(103)) - JvmPauseMonitor-3cc5c5e2-96d2-4640-9ca3-0d98a4ccb12e: Started
2023-05-23 10:26:21,839 [EndpointStateMachine task thread for /0.0.0.0:15146 - 0 ] INFO  ratis.XceiverServerRatis (XceiverServerRatis.java:getRealPort(543)) - XceiverServerRatis 3cc5c5e2-96d2-4640-9ca3-0d98a4ccb12e is started using port 15189 for RATIS_SERVER
2023-05-23 10:26:21,839 [EndpointStateMachine task thread for /0.0.0.0:15146 - 0 ] INFO  ratis.XceiverServerRatis (XceiverServerRatis.java:getRealPort(543)) - XceiverServerRatis 3cc5c5e2-96d2-4640-9ca3-0d98a4ccb12e is started using port 15190 for RATIS_DATASTREAM
2023-05-23 10:26:21,841 [BlockDeletingService#0] INFO  interfaces.ContainerDeletionChoosingPolicyTemplate (ContainerDeletionChoosingPolicyTemplate.java:chooseContainerForBlockDeletion(83)) - Chosen 0/5000 blocks from 0 candidate containers.
2023-05-23 10:26:22,046 [ReplicationMonitor] INFO  replication.ReplicationManager (ReplicationManager.java:processAll(375)) - Replication Manager is not ready to run until 3000ms after safemode exit
2023-05-23 10:26:22,436 [IPC Server handler 1 on default port 15146] INFO  net.NetworkTopologyImpl (NetworkTopologyImpl.java:add(112)) - Added a new node: /default-rack/cdf07a7b-95f7-44c3-8ae6-3efcc78f5f3a
2023-05-23 10:26:22,437 [IPC Server handler 1 on default port 15146] INFO  node.SCMNodeManager (SCMNodeManager.java:register(407)) - Registered Data node : cdf07a7b-95f7-44c3-8ae6-3efcc78f5f3a{ip: 10.1.0.38, host: fv-az1249-304, ports: [HTTP=15153, REPLICATION=15159, RATIS=15155, RATIS_ADMIN=15156, RATIS_SERVER=15157, RATIS_DATASTREAM=15158, STANDALONE=15154], networkLocation: /default-rack, certSerialId: null, persistedOpState: null, persistedOpStateExpiryEpochSec: 0}
2023-05-23 10:26:22,440 [EventQueue-NodeRegistrationContainerReportForDataNodeSafeModeRule] INFO  safemode.SCMSafeModeManager (DataNodeSafeModeRule.java:process(71)) - SCM in safe mode. 1 DataNodes registered, 3 required.
2023-05-23 10:26:22,445 [EventQueue-NodeRegistrationContainerReportForContainerSafeModeRule] INFO  safemode.SCMSafeModeManager (SCMSafeModeManager.java:validateSafeModeExitRules(200)) - ContainerSafeModeRule rule is successfully validated
2023-05-23 10:26:22,446 [EventQueue-NewNodeForNewNodeHandler] INFO  pipeline.BackgroundPipelineCreator (BackgroundPipelineCreator.java:notifyEventTriggered(276)) - trigger a one-shot run on RatisPipelineUtilsThread.
2023-05-23 10:26:22,447 [EventQueue-PipelineReportForOneReplicaPipelineSafeModeRule] INFO  safemode.SCMSafeModeManager (SCMSafeModeManager.java:validateSafeModeExitRules(200)) - AtleastOneDatanodeReportedRule rule is successfully validated
2023-05-23 10:26:22,447 [RatisPipelineUtilsThread - 0] INFO  pipeline.RatisPipelineProvider (RatisPipelineProvider.java:lambda$create$0(206)) - Sending CreatePipelineCommand for pipeline:PipelineID=f61c0586-a0e4-49bf-8d0e-dd854ff2ef03 to datanode:cdf07a7b-95f7-44c3-8ae6-3efcc78f5f3a
2023-05-23 10:26:22,448 [RatisPipelineUtilsThread - 0] INFO  pipeline.PipelineStateManagerImpl (PipelineStateManagerImpl.java:addPipeline(103)) - Created pipeline Pipeline[ Id: f61c0586-a0e4-49bf-8d0e-dd854ff2ef03, Nodes: cdf07a7b-95f7-44c3-8ae6-3efcc78f5f3a(fv-az1249-304/10.1.0.38), ReplicationConfig: RATIS/ONE, State:ALLOCATED, leaderId:, CreationTimestamp2023-05-23T10:26:22.447Z[Etc/UTC]].
2023-05-23 10:26:22,774 [IPC Server handler 2 on default port 15146] INFO  net.NetworkTopologyImpl (NetworkTopologyImpl.java:add(112)) - Added a new node: /default-rack/9a8ecc75-319b-47a2-9433-72c1cc276f25
2023-05-23 10:26:22,774 [IPC Server handler 2 on default port 15146] INFO  node.SCMNodeManager (SCMNodeManager.java:register(407)) - Registered Data node : 9a8ecc75-319b-47a2-9433-72c1cc276f25{ip: 10.1.0.38, host: fv-az1249-304, ports: [HTTP=15161, REPLICATION=15167, RATIS=15163, RATIS_ADMIN=15164, RATIS_SERVER=15165, RATIS_DATASTREAM=15166, STANDALONE=15162], networkLocation: /default-rack, certSerialId: null, persistedOpState: null, persistedOpStateExpiryEpochSec: 0}
2023-05-23 10:26:22,776 [EventQueue-NodeRegistrationContainerReportForDataNodeSafeModeRule] INFO  safemode.SCMSafeModeManager (DataNodeSafeModeRule.java:process(71)) - SCM in safe mode. 2 DataNodes registered, 3 required.
2023-05-23 10:26:22,776 [EventQueue-NewNodeForNewNodeHandler] INFO  pipeline.BackgroundPipelineCreator (BackgroundPipelineCreator.java:notifyEventTriggered(276)) - trigger a one-shot run on RatisPipelineUtilsThread.
2023-05-23 10:26:22,777 [RatisPipelineUtilsThread - 0] INFO  pipeline.RatisPipelineProvider (RatisPipelineProvider.java:lambda$create$0(206)) - Sending CreatePipelineCommand for pipeline:PipelineID=eb6d013e-5984-4417-8b3a-466cba6666da to datanode:9a8ecc75-319b-47a2-9433-72c1cc276f25
2023-05-23 10:26:22,777 [RatisPipelineUtilsThread - 0] INFO  pipeline.PipelineStateManagerImpl (PipelineStateManagerImpl.java:addPipeline(103)) - Created pipeline Pipeline[ Id: eb6d013e-5984-4417-8b3a-466cba6666da, Nodes: 9a8ecc75-319b-47a2-9433-72c1cc276f25(fv-az1249-304/10.1.0.38), ReplicationConfig: RATIS/ONE, State:ALLOCATED, leaderId:, CreationTimestamp2023-05-23T10:26:22.777Z[Etc/UTC]].
2023-05-23 10:26:22,778 [Listener at 127.0.0.1/15148] INFO  ozone.MiniOzoneClusterImpl (MiniOzoneClusterImpl.java:lambda$waitForClusterToBeReady$0(222)) - Waiting for nodes to be ready. Got 2 of 5 DN Heartbeats.
2023-05-23 10:26:22,778 [Listener at 127.0.0.1/15148] INFO  ozone.MiniOzoneClusterImpl (MiniOzoneClusterImpl.java:lambda$waitForClusterToBeReady$0(225)) - Waiting for cluster to exit safe mode
2023-05-23 10:26:22,778 [Listener at 127.0.0.1/15148] INFO  ozone.MiniOzoneClusterImpl (MiniOzoneClusterImpl.java:lambda$waitForClusterToBeReady$0(227)) - SCM became leader
2023-05-23 10:26:23,046 [ReplicationMonitor] INFO  replication.ReplicationManager (ReplicationManager.java:processAll(375)) - Replication Manager is not ready to run until 3000ms after safemode exit
2023-05-23 10:26:23,129 [IPC Server handler 0 on default port 15146] INFO  net.NetworkTopologyImpl (NetworkTopologyImpl.java:add(112)) - Added a new node: /default-rack/b898f15d-4860-47c9-8591-05c5a169db6c
2023-05-23 10:26:23,129 [IPC Server handler 0 on default port 15146] INFO  node.SCMNodeManager (SCMNodeManager.java:register(407)) - Registered Data node : b898f15d-4860-47c9-8591-05c5a169db6c{ip: 10.1.0.38, host: fv-az1249-304, ports: [HTTP=15169, REPLICATION=15175, RATIS=15171, RATIS_ADMIN=15172, RATIS_SERVER=15173, RATIS_DATASTREAM=15174, STANDALONE=15170], networkLocation: /default-rack, certSerialId: null, persistedOpState: null, persistedOpStateExpiryEpochSec: 0}
2023-05-23 10:26:23,130 [EventQueue-NewNodeForNewNodeHandler] INFO  pipeline.BackgroundPipelineCreator (BackgroundPipelineCreator.java:notifyEventTriggered(276)) - trigger a one-shot run on RatisPipelineUtilsThread.
2023-05-23 10:26:23,130 [EventQueue-NodeRegistrationContainerReportForDataNodeSafeModeRule] INFO  safemode.SCMSafeModeManager (DataNodeSafeModeRule.java:process(71)) - SCM in safe mode. 3 DataNodes registered, 3 required.
2023-05-23 10:26:23,130 [EventQueue-NodeRegistrationContainerReportForDataNodeSafeModeRule] INFO  safemode.SCMSafeModeManager (SCMSafeModeManager.java:validateSafeModeExitRules(200)) - DataNodeSafeModeRule rule is successfully validated
2023-05-23 10:26:23,130 [EventQueue-NodeRegistrationContainerReportForDataNodeSafeModeRule] INFO  safemode.SCMSafeModeManager (SCMSafeModeManager.java:completePreCheck(229)) - All SCM safe mode pre check rules have passed
2023-05-23 10:26:23,131 [EventQueue-NodeRegistrationContainerReportForDataNodeSafeModeRule] INFO  ha.SCMContext (SCMContext.java:updateSafeModeStatus(228)) - Update SafeModeStatus from SafeModeStatus{safeModeStatus=true, preCheckPassed=false} to SafeModeStatus{safeModeStatus=true, preCheckPassed=true}.
2023-05-23 10:26:23,131 [EventQueue-NodeRegistrationContainerReportForDataNodeSafeModeRule] INFO  pipeline.BackgroundPipelineCreator (BackgroundPipelineCreator.java:notifyEventTriggered(276)) - trigger a one-shot run on RatisPipelineUtilsThread.
2023-05-23 10:26:23,131 [RatisPipelineUtilsThread - 0] INFO  pipeline.RatisPipelineProvider (RatisPipelineProvider.java:lambda$create$0(206)) - Sending CreatePipelineCommand for pipeline:PipelineID=82dec945-5355-4c8f-b0c4-4fae459b0b50 to datanode:b898f15d-4860-47c9-8591-05c5a169db6c
2023-05-23 10:26:23,131 [RatisPipelineUtilsThread - 0] INFO  pipeline.PipelineStateManagerImpl (PipelineStateManagerImpl.java:addPipeline(103)) - Created pipeline Pipeline[ Id: 82dec945-5355-4c8f-b0c4-4fae459b0b50, Nodes: b898f15d-4860-47c9-8591-05c5a169db6c(fv-az1249-304/10.1.0.38), ReplicationConfig: RATIS/ONE, State:ALLOCATED, leaderId:, CreationTimestamp2023-05-23T10:26:23.131Z[Etc/UTC]].
2023-05-23 10:26:23,132 [RatisPipelineUtilsThread - 0] INFO  pipeline.RatisPipelineProvider (RatisPipelineProvider.java:lambda$create$0(206)) - Sending CreatePipelineCommand for pipeline:PipelineID=d97c19a0-75d1-4bc6-b3c9-475dbd44cb32 to datanode:cdf07a7b-95f7-44c3-8ae6-3efcc78f5f3a
2023-05-23 10:26:23,132 [RatisPipelineUtilsThread - 0] INFO  pipeline.RatisPipelineProvider (RatisPipelineProvider.java:lambda$create$0(206)) - Sending CreatePipelineCommand for pipeline:PipelineID=d97c19a0-75d1-4bc6-b3c9-475dbd44cb32 to datanode:9a8ecc75-319b-47a2-9433-72c1cc276f25
2023-05-23 10:26:23,132 [RatisPipelineUtilsThread - 0] INFO  pipeline.RatisPipelineProvider (RatisPipelineProvider.java:lambda$create$0(206)) - Sending CreatePipelineCommand for pipeline:PipelineID=d97c19a0-75d1-4bc6-b3c9-475dbd44cb32 to datanode:b898f15d-4860-47c9-8591-05c5a169db6c
2023-05-23 10:26:23,132 [RatisPipelineUtilsThread - 0] INFO  pipeline.PipelineStateManagerImpl (PipelineStateManagerImpl.java:addPipeline(103)) - Created pipeline Pipeline[ Id: d97c19a0-75d1-4bc6-b3c9-475dbd44cb32, Nodes: cdf07a7b-95f7-44c3-8ae6-3efcc78f5f3a(fv-az1249-304/10.1.0.38)9a8ecc75-319b-47a2-9433-72c1cc276f25(fv-az1249-304/10.1.0.38)b898f15d-4860-47c9-8591-05c5a169db6c(fv-az1249-304/10.1.0.38), ReplicationConfig: RATIS/THREE, State:ALLOCATED, leaderId:, CreationTimestamp2023-05-23T10:26:23.132Z[Etc/UTC]].
2023-05-23 10:26:23,133 [RatisPipelineUtilsThread - 0] INFO  pipeline.RatisPipelineProvider (RatisPipelineProvider.java:lambda$create$0(206)) - Sending CreatePipelineCommand for pipeline:PipelineID=44ca2403-c84d-4390-9476-47ee8fe3890d to datanode:cdf07a7b-95f7-44c3-8ae6-3efcc78f5f3a
2023-05-23 10:26:23,133 [RatisPipelineUtilsThread - 0] INFO  pipeline.RatisPipelineProvider (RatisPipelineProvider.java:lambda$create$0(206)) - Sending CreatePipelineCommand for pipeline:PipelineID=44ca2403-c84d-4390-9476-47ee8fe3890d to datanode:9a8ecc75-319b-47a2-9433-72c1cc276f25
2023-05-23 10:26:23,133 [RatisPipelineUtilsThread - 0] INFO  pipeline.RatisPipelineProvider (RatisPipelineProvider.java:lambda$create$0(206)) - Sending CreatePipelineCommand for pipeline:PipelineID=44ca2403-c84d-4390-9476-47ee8fe3890d to datanode:b898f15d-4860-47c9-8591-05c5a169db6c
2023-05-23 10:26:23,133 [RatisPipelineUtilsThread - 0] INFO  pipeline.PipelineStateManagerImpl (PipelineStateManagerImpl.java:addPipeline(103)) - Created pipeline Pipeline[ Id: 44ca2403-c84d-4390-9476-47ee8fe3890d, Nodes: cdf07a7b-95f7-44c3-8ae6-3efcc78f5f3a(fv-az1249-304/10.1.0.38)9a8ecc75-319b-47a2-9433-72c1cc276f25(fv-az1249-304/10.1.0.38)b898f15d-4860-47c9-8591-05c5a169db6c(fv-az1249-304/10.1.0.38), ReplicationConfig: RATIS/THREE, State:ALLOCATED, leaderId:, CreationTimestamp2023-05-23T10:26:23.133Z[Etc/UTC]].
2023-05-23 10:26:23,136 [RatisPipelineUtilsThread - 0] INFO  pipeline.PipelineManagerImpl (PipelineManagerImpl.java:recordMetricsForPipeline(826)) - Pipeline: PipelineID=44ca2403-c84d-4390-9476-47ee8fe3890d contains same datanodes as previous pipelines: PipelineID=d97c19a0-75d1-4bc6-b3c9-475dbd44cb32 nodeIds: cdf07a7b-95f7-44c3-8ae6-3efcc78f5f3a, 9a8ecc75-319b-47a2-9433-72c1cc276f25, b898f15d-4860-47c9-8591-05c5a169db6c
2023-05-23 10:26:23,136 [RatisPipelineUtilsThread - 0] WARN  pipeline.PipelinePlacementPolicy (PipelinePlacementPolicy.java:filterViableNodes(160)) - Pipeline creation failed due to no sufficient healthy datanodes. Required 3. Found 0. Excluded 3.
2023-05-23 10:26:23,466 [IPC Server handler 2 on default port 15146] INFO  net.NetworkTopologyImpl (NetworkTopologyImpl.java:add(112)) - Added a new node: /default-rack/7156f7e4-fd15-431a-a0da-daed1f966c8d
2023-05-23 10:26:23,467 [IPC Server handler 2 on default port 15146] INFO  node.SCMNodeManager (SCMNodeManager.java:register(407)) - Registered Data node : 7156f7e4-fd15-431a-a0da-daed1f966c8d{ip: 10.1.0.38, host: fv-az1249-304, ports: [HTTP=15177, REPLICATION=15183, RATIS=15179, RATIS_ADMIN=15180, RATIS_SERVER=15181, RATIS_DATASTREAM=15182, STANDALONE=15178], networkLocation: /default-rack, certSerialId: null, persistedOpState: null, persistedOpStateExpiryEpochSec: 0}
2023-05-23 10:26:23,467 [EventQueue-NewNodeForNewNodeHandler] INFO  pipeline.BackgroundPipelineCreator (BackgroundPipelineCreator.java:notifyEventTriggered(276)) - trigger a one-shot run on RatisPipelineUtilsThread.
2023-05-23 10:26:23,469 [RatisPipelineUtilsThread - 0] INFO  pipeline.RatisPipelineProvider (RatisPipelineProvider.java:lambda$create$0(206)) - Sending CreatePipelineCommand for pipeline:PipelineID=9033f8d5-21be-40e1-ae74-39b6525c880f to datanode:7156f7e4-fd15-431a-a0da-daed1f966c8d
2023-05-23 10:26:23,469 [RatisPipelineUtilsThread - 0] INFO  pipeline.PipelineStateManagerImpl (PipelineStateManagerImpl.java:addPipeline(103)) - Created pipeline Pipeline[ Id: 9033f8d5-21be-40e1-ae74-39b6525c880f, Nodes: 7156f7e4-fd15-431a-a0da-daed1f966c8d(fv-az1249-304/10.1.0.38), ReplicationConfig: RATIS/ONE, State:ALLOCATED, leaderId:, CreationTimestamp2023-05-23T10:26:23.469Z[Etc/UTC]].
2023-05-23 10:26:23,469 [RatisPipelineUtilsThread - 0] WARN  pipeline.PipelinePlacementPolicy (PipelinePlacementPolicy.java:filterViableNodes(160)) - Pipeline creation failed due to no sufficient healthy datanodes. Required 3. Found 1. Excluded 3.
2023-05-23 10:26:23,778 [Listener at 127.0.0.1/15148] INFO  ozone.MiniOzoneClusterImpl (MiniOzoneClusterImpl.java:lambda$waitForClusterToBeReady$0(222)) - Waiting for nodes to be ready. Got 4 of 5 DN Heartbeats.
2023-05-23 10:26:23,779 [Listener at 127.0.0.1/15148] INFO  ozone.MiniOzoneClusterImpl (MiniOzoneClusterImpl.java:lambda$waitForClusterToBeReady$0(225)) - Waiting for cluster to exit safe mode
2023-05-23 10:26:23,779 [Listener at 127.0.0.1/15148] INFO  ozone.MiniOzoneClusterImpl (MiniOzoneClusterImpl.java:lambda$waitForClusterToBeReady$0(227)) - SCM became leader
2023-05-23 10:26:23,783 [IPC Server handler 3 on default port 15146] INFO  net.NetworkTopologyImpl (NetworkTopologyImpl.java:add(112)) - Added a new node: /default-rack/3cc5c5e2-96d2-4640-9ca3-0d98a4ccb12e
2023-05-23 10:26:23,783 [IPC Server handler 3 on default port 15146] INFO  node.SCMNodeManager (SCMNodeManager.java:register(407)) - Registered Data node : 3cc5c5e2-96d2-4640-9ca3-0d98a4ccb12e{ip: 10.1.0.38, host: fv-az1249-304, ports: [HTTP=15185, REPLICATION=15191, RATIS=15187, RATIS_ADMIN=15188, RATIS_SERVER=15189, RATIS_DATASTREAM=15190, STANDALONE=15186], networkLocation: /default-rack, certSerialId: null, persistedOpState: null, persistedOpStateExpiryEpochSec: 0}
2023-05-23 10:26:23,785 [EventQueue-NewNodeForNewNodeHandler] INFO  pipeline.BackgroundPipelineCreator (BackgroundPipelineCreator.java:notifyEventTriggered(276)) - trigger a one-shot run on RatisPipelineUtilsThread.
2023-05-23 10:26:23,785 [RatisPipelineUtilsThread - 0] INFO  pipeline.RatisPipelineProvider (RatisPipelineProvider.java:lambda$create$0(206)) - Sending CreatePipelineCommand for pipeline:PipelineID=ba39a097-0da7-483b-9e67-75a4f657e23f to datanode:3cc5c5e2-96d2-4640-9ca3-0d98a4ccb12e
2023-05-23 10:26:23,786 [RatisPipelineUtilsThread - 0] INFO  pipeline.PipelineStateManagerImpl (PipelineStateManagerImpl.java:addPipeline(103)) - Created pipeline Pipeline[ Id: ba39a097-0da7-483b-9e67-75a4f657e23f, Nodes: 3cc5c5e2-96d2-4640-9ca3-0d98a4ccb12e(fv-az1249-304/10.1.0.38), ReplicationConfig: RATIS/ONE, State:ALLOCATED, leaderId:, CreationTimestamp2023-05-23T10:26:23.785Z[Etc/UTC]].
2023-05-23 10:26:23,786 [RatisPipelineUtilsThread - 0] WARN  pipeline.PipelinePlacementPolicy (PipelinePlacementPolicy.java:filterViableNodes(160)) - Pipeline creation failed due to no sufficient healthy datanodes. Required 3. Found 2. Excluded 3.
2023-05-23 10:26:24,046 [ReplicationMonitor] INFO  replication.ReplicationManager (ReplicationManager.java:processAll(375)) - Replication Manager is not ready to run until 3000ms after safemode exit
2023-05-23 10:26:24,779 [Listener at 127.0.0.1/15148] INFO  ozone.MiniOzoneClusterImpl (MiniOzoneClusterImpl.java:lambda$waitForClusterToBeReady$0(222)) - Nodes are ready. Got 5 of 5 DN Heartbeats.
2023-05-23 10:26:24,779 [Listener at 127.0.0.1/15148] INFO  ozone.MiniOzoneClusterImpl (MiniOzoneClusterImpl.java:lambda$waitForClusterToBeReady$0(225)) - Waiting for cluster to exit safe mode
2023-05-23 10:26:24,779 [Listener at 127.0.0.1/15148] INFO  ozone.MiniOzoneClusterImpl (MiniOzoneClusterImpl.java:lambda$waitForClusterToBeReady$0(227)) - SCM became leader
2023-05-23 10:26:25,047 [ReplicationMonitor] INFO  replication.ReplicationManager (ReplicationManager.java:processAll(375)) - Replication Manager is not ready to run until 3000ms after safemode exit
2023-05-23 10:26:25,436 [Command processor thread] INFO  server.RaftServer (RaftServerProxy.java:addNew(98)) - cdf07a7b-95f7-44c3-8ae6-3efcc78f5f3a: addNew group-DD854FF2EF03:[cdf07a7b-95f7-44c3-8ae6-3efcc78f5f3a|rpc:10.1.0.38:15157|admin:10.1.0.38:15156|client:10.1.0.38:15155|dataStream:10.1.0.38:15158|priority:1|startupRole:FOLLOWER] returns group-DD854FF2EF03:java.util.concurrent.CompletableFuture@2e626558[Not completed]
2023-05-23 10:26:25,438 [cdf07a7b-95f7-44c3-8ae6-3efcc78f5f3a-groupManagement] INFO  server.RaftServer$Division (RaftServerImpl.java:<init>(198)) - cdf07a7b-95f7-44c3-8ae6-3efcc78f5f3a: new RaftServerImpl for group-DD854FF2EF03:[cdf07a7b-95f7-44c3-8ae6-3efcc78f5f3a|rpc:10.1.0.38:15157|admin:10.1.0.38:15156|client:10.1.0.38:15155|dataStream:10.1.0.38:15158|priority:1|startupRole:FOLLOWER] with ContainerStateMachine:uninitialized
2023-05-23 10:26:25,438 [cdf07a7b-95f7-44c3-8ae6-3efcc78f5f3a-groupManagement] INFO  server.RaftServerConfigKeys (ConfUtils.java:logGet(46)) - raft.server.rpc.timeout.min = 5s (custom)
2023-05-23 10:26:25,438 [cdf07a7b-95f7-44c3-8ae6-3efcc78f5f3a-groupManagement] INFO  server.RaftServerConfigKeys (ConfUtils.java:logGet(46)) - raft.server.rpc.timeout.max = 5200ms (custom)
2023-05-23 10:26:25,438 [cdf07a7b-95f7-44c3-8ae6-3efcc78f5f3a-groupManagement] INFO  server.RaftServerConfigKeys (ConfUtils.java:logGet(46)) - raft.server.rpc.sleep.time = 25ms (default)
2023-05-23 10:26:25,438 [cdf07a7b-95f7-44c3-8ae6-3efcc78f5f3a-groupManagement] INFO  server.RaftServerConfigKeys (ConfUtils.java:logGet(46)) - raft.server.rpc.slowness.timeout = 300s (custom)
2023-05-23 10:26:25,438 [cdf07a7b-95f7-44c3-8ae6-3efcc78f5f3a-groupManagement] INFO  server.RaftServerConfigKeys (ConfUtils.java:logGet(46)) - raft.server.leaderelection.leader.step-down.wait-time = 10s (default)
2023-05-23 10:26:25,438 [cdf07a7b-95f7-44c3-8ae6-3efcc78f5f3a-groupManagement] INFO  server.RaftServerConfigKeys (ConfUtils.java:logGet(46)) - raft.server.sleep.deviation.threshold = 300ms (default)
2023-05-23 10:26:25,438 [cdf07a7b-95f7-44c3-8ae6-3efcc78f5f3a-groupManagement] INFO  server.RaftServer$Division (ServerState.java:<init>(120)) - cdf07a7b-95f7-44c3-8ae6-3efcc78f5f3a@group-DD854FF2EF03: ConfigurationManager, init=-1: peers:[cdf07a7b-95f7-44c3-8ae6-3efcc78f5f3a|rpc:10.1.0.38:15157|admin:10.1.0.38:15156|client:10.1.0.38:15155|dataStream:10.1.0.38:15158|priority:1|startupRole:FOLLOWER]|listeners:[], old=null, confs=<EMPTY_MAP>
2023-05-23 10:26:25,438 [cdf07a7b-95f7-44c3-8ae6-3efcc78f5f3a-groupManagement] INFO  server.RaftServerConfigKeys (ConfUtils.java:logGet(46)) - raft.server.storage.dir = [/home/runner/work/ozone/ozone/hadoop-ozone/integration-test/target/test-dir/MiniOzoneClusterImpl-00f23a18-bf09-4bf2-9950-b0f9dab58561/datanode-0/data/ratis] (custom)
2023-05-23 10:26:25,439 [cdf07a7b-95f7-44c3-8ae6-3efcc78f5f3a-groupManagement] INFO  server.RaftServerConfigKeys (ConfUtils.java:logGet(46)) - raft.server.log.corruption.policy = EXCEPTION (default)
2023-05-23 10:26:25,439 [cdf07a7b-95f7-44c3-8ae6-3efcc78f5f3a-groupManagement] INFO  server.RaftServerConfigKeys (ConfUtils.java:logGet(46)) - raft.server.storage.free-space.min = 0MB (=0) (default)
2023-05-23 10:26:25,439 [cdf07a7b-95f7-44c3-8ae6-3efcc78f5f3a-groupManagement] INFO  server.RaftServerConfigKeys (ConfUtils.java:logGet(46)) - raft.server.notification.no-leader.timeout = 300s (custom)
2023-05-23 10:26:25,439 [cdf07a7b-95f7-44c3-8ae6-3efcc78f5f3a-groupManagement] INFO  server.RaftServerConfigKeys (ConfUtils.java:logGet(46)) - raft.server.read.timeout = 10s (default)
2023-05-23 10:26:25,439 [cdf07a7b-95f7-44c3-8ae6-3efcc78f5f3a-groupManagement] INFO  server.RaftServerConfigKeys (ConfUtils.java:logGet(46)) - raft.server.retrycache.expirytime = 600000ms (custom)
2023-05-23 10:26:25,439 [cdf07a7b-95f7-44c3-8ae6-3efcc78f5f3a-groupManagement] INFO  server.RaftServerConfigKeys (ConfUtils.java:logGet(46)) - raft.server.retrycache.statistics.expirytime = 100μs (default)
2023-05-23 10:26:25,439 [cdf07a7b-95f7-44c3-8ae6-3efcc78f5f3a-groupManagement] INFO  server.RaftServerConfigKeys (ConfUtils.java:logGet(46)) - raft.server.read.option = DEFAULT (default)
2023-05-23 10:26:25,440 [cdf07a7b-95f7-44c3-8ae6-3efcc78f5f3a-groupManagement] INFO  server.RaftServerConfigKeys (ConfUtils.java:logGet(46)) - raft.server.rpc.request.timeout = 60s (custom)
2023-05-23 10:26:25,440 [cdf07a7b-95f7-44c3-8ae6-3efcc78f5f3a-groupManagement] INFO  server.RaftServerConfigKeys (ConfUtils.java:logGet(46)) - raft.server.log.appender.install.snapshot.enabled = false (custom)
2023-05-23 10:26:25,440 [cdf07a7b-95f7-44c3-8ae6-3efcc78f5f3a-groupManagement] INFO  server.RaftServerConfigKeys (ConfUtils.java:logGet(46)) - raft.server.threadpool.server.cached = true (default)
2023-05-23 10:26:25,440 [cdf07a7b-95f7-44c3-8ae6-3efcc78f5f3a-groupManagement] INFO  server.RaftServerConfigKeys (ConfUtils.java:logGet(46)) - raft.server.threadpool.server.size = 0 (default)
2023-05-23 10:26:25,440 [cdf07a7b-95f7-44c3-8ae6-3efcc78f5f3a-groupManagement] INFO  server.RaftServerConfigKeys (ConfUtils.java:logGet(46)) - raft.server.threadpool.client.cached = true (default)
2023-05-23 10:26:25,440 [cdf07a7b-95f7-44c3-8ae6-3efcc78f5f3a-groupManagement] INFO  server.RaftServerConfigKeys (ConfUtils.java:logGet(46)) - raft.server.threadpool.client.size = 0 (default)
2023-05-23 10:26:25,440 [cdf07a7b-95f7-44c3-8ae6-3efcc78f5f3a-groupManagement] INFO  storage.RaftStorageDirectory (RaftStorageDirectoryImpl.java:analyzeStorage(137)) - The storage directory /home/runner/work/ozone/ozone/hadoop-ozone/integration-test/target/test-dir/MiniOzoneClusterImpl-00f23a18-bf09-4bf2-9950-b0f9dab58561/datanode-0/data/ratis/f61c0586-a0e4-49bf-8d0e-dd854ff2ef03 does not exist. Creating ...
2023-05-23 10:26:25,442 [cdf07a7b-95f7-44c3-8ae6-3efcc78f5f3a-groupManagement] INFO  storage.RaftStorageDirectory (RaftStorageDirectoryImpl.java:tryLock(231)) - Lock on /home/runner/work/ozone/ozone/hadoop-ozone/integration-test/target/test-dir/MiniOzoneClusterImpl-00f23a18-bf09-4bf2-9950-b0f9dab58561/datanode-0/data/ratis/f61c0586-a0e4-49bf-8d0e-dd854ff2ef03/in_use.lock acquired by nodename 10384@fv-az1249-304
2023-05-23 10:26:25,444 [cdf07a7b-95f7-44c3-8ae6-3efcc78f5f3a-groupManagement] INFO  storage.RaftStorage (RaftStorageImpl.java:format(96)) - Storage directory /home/runner/work/ozone/ozone/hadoop-ozone/integration-test/target/test-dir/MiniOzoneClusterImpl-00f23a18-bf09-4bf2-9950-b0f9dab58561/datanode-0/data/ratis/f61c0586-a0e4-49bf-8d0e-dd854ff2ef03 has been successfully formatted.
2023-05-23 10:26:25,445 [cdf07a7b-95f7-44c3-8ae6-3efcc78f5f3a-groupManagement] INFO  ratis.ContainerStateMachine (ContainerStateMachine.java:loadSnapshot(262)) - group-DD854FF2EF03: The snapshot info is null. Setting the last applied indexto:(t:0, i:~)
2023-05-23 10:26:25,445 [cdf07a7b-95f7-44c3-8ae6-3efcc78f5f3a-groupManagement] INFO  server.RaftServerConfigKeys (ConfUtils.java:logGet(46)) - raft.server.log.use.memory = false (default)
2023-05-23 10:26:25,445 [cdf07a7b-95f7-44c3-8ae6-3efcc78f5f3a-groupManagement] INFO  server.RaftServerConfigKeys (ConfUtils.java:logGet(46)) - raft.server.log.purge.gap = 1000000 (custom)
2023-05-23 10:26:25,445 [cdf07a7b-95f7-44c3-8ae6-3efcc78f5f3a-groupManagement] INFO  server.RaftServerConfigKeys (ConfUtils.java:logGet(46)) - raft.server.log.appender.buffer.byte-limit = 33554432 (custom)
2023-05-23 10:26:25,445 [cdf07a7b-95f7-44c3-8ae6-3efcc78f5f3a-groupManagement] INFO  server.RaftServerConfigKeys (ConfUtils.java:logGet(46)) - raft.server.log.statemachine.data.read.timeout = 1000ms (default)
2023-05-23 10:26:25,445 [cdf07a7b-95f7-44c3-8ae6-3efcc78f5f3a-groupManagement] INFO  server.RaftServerConfigKeys (ConfUtils.java:logGet(46)) - raft.server.log.purge.preservation.log.num = 0 (default)
2023-05-23 10:26:25,446 [EventQueue-PipelineReportForPipelineReportHandler] INFO  pipeline.PipelineManagerImpl (PipelineManagerImpl.java:openPipeline(367)) - Pipeline Pipeline[ Id: f61c0586-a0e4-49bf-8d0e-dd854ff2ef03, Nodes: cdf07a7b-95f7-44c3-8ae6-3efcc78f5f3a(fv-az1249-304/10.1.0.38), ReplicationConfig: RATIS/ONE, State:ALLOCATED, leaderId:cdf07a7b-95f7-44c3-8ae6-3efcc78f5f3a, CreationTimestamp2023-05-23T10:26:22.447Z[Etc/UTC]] moved to OPEN state
2023-05-23 10:26:25,446 [cdf07a7b-95f7-44c3-8ae6-3efcc78f5f3a-groupManagement] INFO  server.RaftServerConfigKeys (ConfUtils.java:logGet(46)) - raft.server.log.segment.size.max = 1048576 (custom)
2023-05-23 10:26:25,447 [cdf07a7b-95f7-44c3-8ae6-3efcc78f5f3a-groupManagement] INFO  server.RaftServerConfigKeys (ConfUtils.java:logGet(46)) - raft.server.log.segment.cache.num.max = 2 (custom)
2023-05-23 10:26:25,447 [cdf07a7b-95f7-44c3-8ae6-3efcc78f5f3a-groupManagement] INFO  server.RaftServerConfigKeys (ConfUtils.java:logGet(46)) - raft.server.log.segment.cache.size.max = 200MB (=209715200) (default)
2023-05-23 10:26:25,447 [cdf07a7b-95f7-44c3-8ae6-3efcc78f5f3a-groupManagement] INFO  server.RaftServerConfigKeys (ConfUtils.java:logGet(46)) - raft.server.log.appender.buffer.byte-limit = 33554432 (custom)
2023-05-23 10:26:25,448 [cdf07a7b-95f7-44c3-8ae6-3efcc78f5f3a-groupManagement] INFO  segmented.SegmentedRaftLogWorker (SegmentedRaftLogWorker.java:<init>(188)) - new cdf07a7b-95f7-44c3-8ae6-3efcc78f5f3a@group-DD854FF2EF03-SegmentedRaftLogWorker for RaftStorageImpl:Storage Directory /home/runner/work/ozone/ozone/hadoop-ozone/integration-test/target/test-dir/MiniOzoneClusterImpl-00f23a18-bf09-4bf2-9950-b0f9dab58561/datanode-0/data/ratis/f61c0586-a0e4-49bf-8d0e-dd854ff2ef03
2023-05-23 10:26:25,448 [cdf07a7b-95f7-44c3-8ae6-3efcc78f5f3a-groupManagement] INFO  server.RaftServerConfigKeys (ConfUtils.java:logGet(46)) - raft.server.log.queue.byte-limit = 4294967296 (custom)
2023-05-23 10:26:25,448 [EventQueue-OpenPipelineForHealthyPipelineSafeModeRule] INFO  safemode.SCMSafeModeManager (HealthyPipelineSafeModeRule.java:process(137)) - SCM in safe mode. Healthy pipelines reported count is 0, required healthy pipeline reported count is 1
2023-05-23 10:26:25,448 [cdf07a7b-95f7-44c3-8ae6-3efcc78f5f3a-groupManagement] INFO  server.RaftServerConfigKeys (ConfUtils.java:logGet(46)) - raft.server.log.queue.element-limit = 1024 (custom)
2023-05-23 10:26:25,448 [cdf07a7b-95f7-44c3-8ae6-3efcc78f5f3a-groupManagement] INFO  server.RaftServerConfigKeys (ConfUtils.java:logGet(46)) - raft.server.log.segment.size.max = 1048576 (custom)
2023-05-23 10:26:25,449 [cdf07a7b-95f7-44c3-8ae6-3efcc78f5f3a-groupManagement] INFO  server.RaftServerConfigKeys (ConfUtils.java:logGet(46)) - raft.server.log.preallocated.size = 16384 (custom)
2023-05-23 10:26:25,449 [cdf07a7b-95f7-44c3-8ae6-3efcc78f5f3a-groupManagement] INFO  server.RaftServerConfigKeys (ConfUtils.java:logGet(46)) - raft.server.log.force.sync.num = 128 (default)
2023-05-23 10:26:25,449 [cdf07a7b-95f7-44c3-8ae6-3efcc78f5f3a-groupManagement] INFO  server.RaftServerConfigKeys (ConfUtils.java:logGet(46)) - raft.server.log.statemachine.data.sync = true (default)
2023-05-23 10:26:25,449 [cdf07a7b-95f7-44c3-8ae6-3efcc78f5f3a-groupManagement] INFO  server.RaftServerConfigKeys (ConfUtils.java:logGet(46)) - raft.server.log.statemachine.data.sync.timeout = 10s (default)
2023-05-23 10:26:25,449 [cdf07a7b-95f7-44c3-8ae6-3efcc78f5f3a-groupManagement] INFO  server.RaftServerConfigKeys (ConfUtils.java:logGet(46)) - raft.server.log.statemachine.data.sync.timeout.retry = -1 (default)
2023-05-23 10:26:25,449 [cdf07a7b-95f7-44c3-8ae6-3efcc78f5f3a-groupManagement] INFO  server.RaftServerConfigKeys (ConfUtils.java:logGet(46)) - raft.server.log.write.buffer.size = 1048576 (custom)
2023-05-23 10:26:25,449 [cdf07a7b-95f7-44c3-8ae6-3efcc78f5f3a-groupManagement] INFO  server.RaftServerConfigKeys (ConfUtils.java:logGet(46)) - raft.server.log.appender.buffer.byte-limit = 33554432 (custom)
2023-05-23 10:26:25,455 [cdf07a7b-95f7-44c3-8ae6-3efcc78f5f3a-groupManagement] INFO  server.RaftServerConfigKeys (ConfUtils.java:logGet(46)) - raft.server.log.unsafe-flush.enabled = false (default)
2023-05-23 10:26:25,455 [cdf07a7b-95f7-44c3-8ae6-3efcc78f5f3a-groupManagement] INFO  server.RaftServerConfigKeys (ConfUtils.java:logGet(46)) - raft.server.log.async-flush.enabled = false (default)
2023-05-23 10:26:25,455 [cdf07a7b-95f7-44c3-8ae6-3efcc78f5f3a-groupManagement] INFO  server.RaftServerConfigKeys (ConfUtils.java:logGet(46)) - raft.server.log.statemachine.data.caching.enabled = true (custom)
2023-05-23 10:26:25,455 [cdf07a7b-95f7-44c3-8ae6-3efcc78f5f3a-groupManagement] INFO  segmented.SegmentedRaftLogWorker (SegmentedRaftLogWorker.java:lambda$new$0(135)) - cdf07a7b-95f7-44c3-8ae6-3efcc78f5f3a@group-DD854FF2EF03-SegmentedRaftLogWorker: flushIndex: setUnconditionally 0 -> -1
2023-05-23 10:26:25,455 [cdf07a7b-95f7-44c3-8ae6-3efcc78f5f3a-groupManagement] INFO  segmented.SegmentedRaftLogWorker (SegmentedRaftLogWorker.java:lambda$new$0(135)) - cdf07a7b-95f7-44c3-8ae6-3efcc78f5f3a@group-DD854FF2EF03-SegmentedRaftLogWorker: safeCacheEvictIndex: setUnconditionally 0 -> -1
2023-05-23 10:26:25,455 [cdf07a7b-95f7-44c3-8ae6-3efcc78f5f3a-groupManagement] INFO  server.RaftServer$Division (RaftServerImpl.java:start(342)) - cdf07a7b-95f7-44c3-8ae6-3efcc78f5f3a@group-DD854FF2EF03: start as a follower, conf=-1: peers:[cdf07a7b-95f7-44c3-8ae6-3efcc78f5f3a|rpc:10.1.0.38:15157|admin:10.1.0.38:15156|client:10.1.0.38:15155|dataStream:10.1.0.38:15158|priority:1|startupRole:FOLLOWER]|listeners:[], old=null
2023-05-23 10:26:25,455 [cdf07a7b-95f7-44c3-8ae6-3efcc78f5f3a-groupManagement] INFO  server.RaftServer$Division (RaftServerImpl.java:setRole(329)) - cdf07a7b-95f7-44c3-8ae6-3efcc78f5f3a@group-DD854FF2EF03: changes role from      null to FOLLOWER at term 0 for startAsFollower
2023-05-23 10:26:25,455 [cdf07a7b-95f7-44c3-8ae6-3efcc78f5f3a-groupManagement] INFO  impl.RoleInfo (RoleInfo.java:updateAndGet(139)) - cdf07a7b-95f7-44c3-8ae6-3efcc78f5f3a: start cdf07a7b-95f7-44c3-8ae6-3efcc78f5f3a@group-DD854FF2EF03-FollowerState
2023-05-23 10:26:25,455 [cdf07a7b-95f7-44c3-8ae6-3efcc78f5f3a-groupManagement] INFO  util.JmxRegister (JmxRegister.java:tryRegister(44)) - Successfully registered JMX Bean with object name Ratis:service=RaftServer,group=group-DD854FF2EF03,id=cdf07a7b-95f7-44c3-8ae6-3efcc78f5f3a
2023-05-23 10:26:25,456 [cdf07a7b-95f7-44c3-8ae6-3efcc78f5f3a@group-DD854FF2EF03-FollowerState] INFO  server.RaftServerConfigKeys (ConfUtils.java:logFallback(53)) - raft.server.rpc.first-election.timeout.min = 5s (fallback to raft.server.rpc.timeout.min)
2023-05-23 10:26:25,456 [cdf07a7b-95f7-44c3-8ae6-3efcc78f5f3a-groupManagement] INFO  server.RaftServerConfigKeys (ConfUtils.java:logGet(46)) - raft.server.snapshot.auto.trigger.enabled = true (custom)
2023-05-23 10:26:25,456 [cdf07a7b-95f7-44c3-8ae6-3efcc78f5f3a@group-DD854FF2EF03-FollowerState] INFO  server.RaftServerConfigKeys (ConfUtils.java:logFallback(53)) - raft.server.rpc.first-election.timeout.max = 5200ms (fallback to raft.server.rpc.timeout.max)
2023-05-23 10:26:25,456 [cdf07a7b-95f7-44c3-8ae6-3efcc78f5f3a-groupManagement] INFO  server.RaftServerConfigKeys (ConfUtils.java:logGet(46)) - raft.server.snapshot.auto.trigger.threshold = 10000 (custom)
2023-05-23 10:26:25,456 [cdf07a7b-95f7-44c3-8ae6-3efcc78f5f3a-groupManagement] INFO  server.RaftServerConfigKeys (ConfUtils.java:logGet(46)) - raft.server.snapshot.retention.file.num = 5 (custom)
2023-05-23 10:26:25,456 [cdf07a7b-95f7-44c3-8ae6-3efcc78f5f3a-groupManagement] INFO  server.RaftServerConfigKeys (ConfUtils.java:logGet(46)) - raft.server.log.purge.upto.snapshot.index = false (default)
2023-05-23 10:26:25,456 [Command processor thread] INFO  ratis.XceiverServerRatis (XceiverServerRatis.java:addGroup(806)) - Created group PipelineID=f61c0586-a0e4-49bf-8d0e-dd854ff2ef03
2023-05-23 10:26:25,456 [Command processor thread] INFO  commandhandler.CreatePipelineCommandHandler (CreatePipelineCommandHandler.java:handle(113)) - Created Pipeline RATIS ONE PipelineID=f61c0586-a0e4-49bf-8d0e-dd854ff2ef03.
2023-05-23 10:26:25,457 [Command processor thread] INFO  server.RaftServer (RaftServerProxy.java:addNew(98)) - cdf07a7b-95f7-44c3-8ae6-3efcc78f5f3a: addNew group-475DBD44CB32:[b898f15d-4860-47c9-8591-05c5a169db6c|rpc:10.1.0.38:15173|admin:10.1.0.38:15172|client:10.1.0.38:15171|dataStream:10.1.0.38:15174|priority:0|startupRole:FOLLOWER, cdf07a7b-95f7-44c3-8ae6-3efcc78f5f3a|rpc:10.1.0.38:15157|admin:10.1.0.38:15156|client:10.1.0.38:15155|dataStream:10.1.0.38:15158|priority:1|startupRole:FOLLOWER, 9a8ecc75-319b-47a2-9433-72c1cc276f25|rpc:10.1.0.38:15165|admin:10.1.0.38:15164|client:10.1.0.38:15163|dataStream:10.1.0.38:15166|priority:0|startupRole:FOLLOWER] returns group-475DBD44CB32:java.util.concurrent.CompletableFuture@2a5df44c[Not completed]
2023-05-23 10:26:25,458 [cdf07a7b-95f7-44c3-8ae6-3efcc78f5f3a-groupManagement] INFO  server.RaftServer$Division (RaftServerImpl.java:<init>(198)) - cdf07a7b-95f7-44c3-8ae6-3efcc78f5f3a: new RaftServerImpl for group-475DBD44CB32:[b898f15d-4860-47c9-8591-05c5a169db6c|rpc:10.1.0.38:15173|admin:10.1.0.38:15172|client:10.1.0.38:15171|dataStream:10.1.0.38:15174|priority:0|startupRole:FOLLOWER, cdf07a7b-95f7-44c3-8ae6-3efcc78f5f3a|rpc:10.1.0.38:15157|admin:10.1.0.38:15156|client:10.1.0.38:15155|dataStream:10.1.0.38:15158|priority:1|startupRole:FOLLOWER, 9a8ecc75-319b-47a2-9433-72c1cc276f25|rpc:10.1.0.38:15165|admin:10.1.0.38:15164|client:10.1.0.38:15163|dataStream:10.1.0.38:15166|priority:0|startupRole:FOLLOWER] with ContainerStateMachine:uninitialized
2023-05-23 10:26:25,458 [cdf07a7b-95f7-44c3-8ae6-3efcc78f5f3a-groupManagement] INFO  server.RaftServerConfigKeys (ConfUtils.java:logGet(46)) - raft.server.rpc.timeout.min = 5s (custom)
2023-05-23 10:26:25,458 [cdf07a7b-95f7-44c3-8ae6-3efcc78f5f3a-groupManagement] INFO  server.RaftServerConfigKeys (ConfUtils.java:logGet(46)) - raft.server.rpc.timeout.max = 5200ms (custom)
2023-05-23 10:26:25,458 [cdf07a7b-95f7-44c3-8ae6-3efcc78f5f3a-groupManagement] INFO  server.RaftServerConfigKeys (ConfUtils.java:logGet(46)) - raft.server.rpc.sleep.time = 25ms (default)
2023-05-23 10:26:25,458 [cdf07a7b-95f7-44c3-8ae6-3efcc78f5f3a-groupManagement] INFO  server.RaftServerConfigKeys (ConfUtils.java:logGet(46)) - raft.server.rpc.slowness.timeout = 300s (custom)
2023-05-23 10:26:25,458 [cdf07a7b-95f7-44c3-8ae6-3efcc78f5f3a-groupManagement] INFO  server.RaftServerConfigKeys (ConfUtils.java:logGet(46)) - raft.server.leaderelection.leader.step-down.wait-time = 10s (default)
2023-05-23 10:26:25,458 [cdf07a7b-95f7-44c3-8ae6-3efcc78f5f3a-groupManagement] INFO  server.RaftServerConfigKeys (ConfUtils.java:logGet(46)) - raft.server.sleep.deviation.threshold = 300ms (default)
2023-05-23 10:26:25,459 [cdf07a7b-95f7-44c3-8ae6-3efcc78f5f3a-groupManagement] INFO  server.RaftServer$Division (ServerState.java:<init>(120)) - cdf07a7b-95f7-44c3-8ae6-3efcc78f5f3a@group-475DBD44CB32: ConfigurationManager, init=-1: peers:[b898f15d-4860-47c9-8591-05c5a169db6c|rpc:10.1.0.38:15173|admin:10.1.0.38:15172|client:10.1.0.38:15171|dataStream:10.1.0.38:15174|priority:0|startupRole:FOLLOWER, cdf07a7b-95f7-44c3-8ae6-3efcc78f5f3a|rpc:10.1.0.38:15157|admin:10.1.0.38:15156|client:10.1.0.38:15155|dataStream:10.1.0.38:15158|priority:1|startupRole:FOLLOWER, 9a8ecc75-319b-47a2-9433-72c1cc276f25|rpc:10.1.0.38:15165|admin:10.1.0.38:15164|client:10.1.0.38:15163|dataStream:10.1.0.38:15166|priority:0|startupRole:FOLLOWER]|listeners:[], old=null, confs=<EMPTY_MAP>
2023-05-23 10:26:25,459 [cdf07a7b-95f7-44c3-8ae6-3efcc78f5f3a-groupManagement] INFO  server.RaftServerConfigKeys (ConfUtils.java:logGet(46)) - raft.server.storage.dir = [/home/runner/work/ozone/ozone/hadoop-ozone/integration-test/target/test-dir/MiniOzoneClusterImpl-00f23a18-bf09-4bf2-9950-b0f9dab58561/datanode-0/data/ratis] (custom)
2023-05-23 10:26:25,459 [cdf07a7b-95f7-44c3-8ae6-3efcc78f5f3a-groupManagement] INFO  server.RaftServerConfigKeys (ConfUtils.java:logGet(46)) - raft.server.log.corruption.policy = EXCEPTION (default)
2023-05-23 10:26:25,459 [cdf07a7b-95f7-44c3-8ae6-3efcc78f5f3a-groupManagement] INFO  server.RaftServerConfigKeys (ConfUtils.java:logGet(46)) - raft.server.storage.free-space.min = 0MB (=0) (default)
2023-05-23 10:26:25,459 [cdf07a7b-95f7-44c3-8ae6-3efcc78f5f3a-groupManagement] INFO  server.RaftServerConfigKeys (ConfUtils.java:logGet(46)) - raft.server.notification.no-leader.timeout = 300s (custom)
2023-05-23 10:26:25,459 [cdf07a7b-95f7-44c3-8ae6-3efcc78f5f3a-groupManagement] INFO  server.RaftServerConfigKeys (ConfUtils.java:logGet(46)) - raft.server.read.timeout = 10s (default)
2023-05-23 10:26:25,459 [cdf07a7b-95f7-44c3-8ae6-3efcc78f5f3a-groupManagement] INFO  server.RaftServerConfigKeys (ConfUtils.java:logGet(46)) - raft.server.retrycache.expirytime = 600000ms (custom)
2023-05-23 10:26:25,459 [cdf07a7b-95f7-44c3-8ae6-3efcc78f5f3a-groupManagement] INFO  server.RaftServerConfigKeys (ConfUtils.java:logGet(46)) - raft.server.retrycache.statistics.expirytime = 100μs (default)
2023-05-23 10:26:25,459 [cdf07a7b-95f7-44c3-8ae6-3efcc78f5f3a-groupManagement] INFO  server.RaftServerConfigKeys (ConfUtils.java:logGet(46)) - raft.server.read.option = DEFAULT (default)
2023-05-23 10:26:25,460 [cdf07a7b-95f7-44c3-8ae6-3efcc78f5f3a-groupManagement] INFO  server.RaftServerConfigKeys (ConfUtils.java:logGet(46)) - raft.server.rpc.request.timeout = 60s (custom)
2023-05-23 10:26:25,460 [cdf07a7b-95f7-44c3-8ae6-3efcc78f5f3a-groupManagement] INFO  server.RaftServerConfigKeys (ConfUtils.java:logGet(46)) - raft.server.log.appender.install.snapshot.enabled = false (custom)
2023-05-23 10:26:25,460 [cdf07a7b-95f7-44c3-8ae6-3efcc78f5f3a-groupManagement] INFO  server.RaftServerConfigKeys (ConfUtils.java:logGet(46)) - raft.server.threadpool.server.cached = true (default)
2023-05-23 10:26:25,460 [cdf07a7b-95f7-44c3-8ae6-3efcc78f5f3a-groupManagement] INFO  server.RaftServerConfigKeys (ConfUtils.java:logGet(46)) - raft.server.threadpool.server.size = 0 (default)
2023-05-23 10:26:25,460 [cdf07a7b-95f7-44c3-8ae6-3efcc78f5f3a-groupManagement] INFO  server.RaftServerConfigKeys (ConfUtils.java:logGet(46)) - raft.server.threadpool.client.cached = true (default)
2023-05-23 10:26:25,460 [cdf07a7b-95f7-44c3-8ae6-3efcc78f5f3a-groupManagement] INFO  server.RaftServerConfigKeys (ConfUtils.java:logGet(46)) - raft.server.threadpool.client.size = 0 (default)
2023-05-23 10:26:25,460 [cdf07a7b-95f7-44c3-8ae6-3efcc78f5f3a-groupManagement] INFO  storage.RaftStorageDirectory (RaftStorageDirectoryImpl.java:analyzeStorage(137)) - The storage directory /home/runner/work/ozone/ozone/hadoop-ozone/integration-test/target/test-dir/MiniOzoneClusterImpl-00f23a18-bf09-4bf2-9950-b0f9dab58561/datanode-0/data/ratis/d97c19a0-75d1-4bc6-b3c9-475dbd44cb32 does not exist. Creating ...
2023-05-23 10:26:25,462 [cdf07a7b-95f7-44c3-8ae6-3efcc78f5f3a-groupManagement] INFO  storage.RaftStorageDirectory (RaftStorageDirectoryImpl.java:tryLock(231)) - Lock on /home/runner/work/ozone/ozone/hadoop-ozone/integration-test/target/test-dir/MiniOzoneClusterImpl-00f23a18-bf09-4bf2-9950-b0f9dab58561/datanode-0/data/ratis/d97c19a0-75d1-4bc6-b3c9-475dbd44cb32/in_use.lock acquired by nodename 10384@fv-az1249-304
2023-05-23 10:26:25,463 [cdf07a7b-95f7-44c3-8ae6-3efcc78f5f3a-groupManagement] INFO  storage.RaftStorage (RaftStorageImpl.java:format(96)) - Storage directory /home/runner/work/ozone/ozone/hadoop-ozone/integration-test/target/test-dir/MiniOzoneClusterImpl-00f23a18-bf09-4bf2-9950-b0f9dab58561/datanode-0/data/ratis/d97c19a0-75d1-4bc6-b3c9-475dbd44cb32 has been successfully formatted.
2023-05-23 10:26:25,464 [cdf07a7b-95f7-44c3-8ae6-3efcc78f5f3a-groupManagement] INFO  ratis.ContainerStateMachine (ContainerStateMachine.java:loadSnapshot(262)) - group-475DBD44CB32: The snapshot info is null. Setting the last applied indexto:(t:0, i:~)
2023-05-23 10:26:25,464 [cdf07a7b-95f7-44c3-8ae6-3efcc78f5f3a-groupManagement] INFO  server.RaftServerConfigKeys (ConfUtils.java:logGet(46)) - raft.server.log.use.memory = false (default)
2023-05-23 10:26:25,464 [cdf07a7b-95f7-44c3-8ae6-3efcc78f5f3a-groupManagement] INFO  server.RaftServerConfigKeys (ConfUtils.java:logGet(46)) - raft.server.log.purge.gap = 1000000 (custom)
2023-05-23 10:26:25,464 [cdf07a7b-95f7-44c3-8ae6-3efcc78f5f3a-groupManagement] INFO  server.RaftServerConfigKeys (ConfUtils.java:logGet(46)) - raft.server.log.appender.buffer.byte-limit = 33554432 (custom)
2023-05-23 10:26:25,464 [cdf07a7b-95f7-44c3-8ae6-3efcc78f5f3a-groupManagement] INFO  server.RaftServerConfigKeys (ConfUtils.java:logGet(46)) - raft.server.log.statemachine.data.read.timeout = 1000ms (default)
2023-05-23 10:26:25,464 [cdf07a7b-95f7-44c3-8ae6-3efcc78f5f3a-groupManagement] INFO  server.RaftServerConfigKeys (ConfUtils.java:logGet(46)) - raft.server.log.purge.preservation.log.num = 0 (default)
2023-05-23 10:26:25,464 [cdf07a7b-95f7-44c3-8ae6-3efcc78f5f3a-groupManagement] INFO  server.RaftServerConfigKeys (ConfUtils.java:logGet(46)) - raft.server.log.segment.size.max = 1048576 (custom)
2023-05-23 10:26:25,464 [cdf07a7b-95f7-44c3-8ae6-3efcc78f5f3a-groupManagement] INFO  server.RaftServerConfigKeys (ConfUtils.java:logGet(46)) - raft.server.log.segment.cache.num.max = 2 (custom)
2023-05-23 10:26:25,464 [cdf07a7b-95f7-44c3-8ae6-3efcc78f5f3a-groupManagement] INFO  server.RaftServerConfigKeys (ConfUtils.java:logGet(46)) - raft.server.log.segment.cache.size.max = 200MB (=209715200) (default)
2023-05-23 10:26:25,464 [cdf07a7b-95f7-44c3-8ae6-3efcc78f5f3a-groupManagement] INFO  server.RaftServerConfigKeys (ConfUtils.java:logGet(46)) - raft.server.log.appender.buffer.byte-limit = 33554432 (custom)
2023-05-23 10:26:25,465 [cdf07a7b-95f7-44c3-8ae6-3efcc78f5f3a-groupManagement] INFO  segmented.SegmentedRaftLogWorker (SegmentedRaftLogWorker.java:<init>(188)) - new cdf07a7b-95f7-44c3-8ae6-3efcc78f5f3a@group-475DBD44CB32-SegmentedRaftLogWorker for RaftStorageImpl:Storage Directory /home/runner/work/ozone/ozone/hadoop-ozone/integration-test/target/test-dir/MiniOzoneClusterImpl-00f23a18-bf09-4bf2-9950-b0f9dab58561/datanode-0/data/ratis/d97c19a0-75d1-4bc6-b3c9-475dbd44cb32
2023-05-23 10:26:25,465 [cdf07a7b-95f7-44c3-8ae6-3efcc78f5f3a-groupManagement] INFO  server.RaftServerConfigKeys (ConfUtils.java:logGet(46)) - raft.server.log.queue.byte-limit = 4294967296 (custom)
2023-05-23 10:26:25,465 [cdf07a7b-95f7-44c3-8ae6-3efcc78f5f3a-groupManagement] INFO  server.RaftServerConfigKeys (ConfUtils.java:logGet(46)) - raft.server.log.queue.element-limit = 1024 (custom)
2023-05-23 10:26:25,468 [cdf07a7b-95f7-44c3-8ae6-3efcc78f5f3a-groupManagement] INFO  server.RaftServerConfigKeys (ConfUtils.java:logGet(46)) - raft.server.log.segment.size.max = 1048576 (custom)
2023-05-23 10:26:25,465 [EventQueue-OpenPipelineForHealthyPipelineSafeModeRule] INFO  safemode.SCMSafeModeManager (HealthyPipelineSafeModeRule.java:process(137)) - SCM in safe mode. Healthy pipelines reported count is 0, required healthy pipeline reported count is 1
2023-05-23 10:26:25,468 [cdf07a7b-95f7-44c3-8ae6-3efcc78f5f3a-groupManagement] INFO  server.RaftServerConfigKeys (ConfUtils.java:logGet(46)) - raft.server.log.preallocated.size = 16384 (custom)
2023-05-23 10:26:25,468 [cdf07a7b-95f7-44c3-8ae6-3efcc78f5f3a-groupManagement] INFO  server.RaftServerConfigKeys (ConfUtils.java:logGet(46)) - raft.server.log.force.sync.num = 128 (default)
2023-05-23 10:26:25,468 [cdf07a7b-95f7-44c3-8ae6-3efcc78f5f3a-groupManagement] INFO  server.RaftServerConfigKeys (ConfUtils.java:logGet(46)) - raft.server.log.statemachine.data.sync = true (default)
2023-05-23 10:26:25,468 [cdf07a7b-95f7-44c3-8ae6-3efcc78f5f3a-groupManagement] INFO  server.RaftServerConfigKeys (ConfUtils.java:logGet(46)) - raft.server.log.statemachine.data.sync.timeout = 10s (default)
2023-05-23 10:26:25,468 [cdf07a7b-95f7-44c3-8ae6-3efcc78f5f3a-groupManagement] INFO  server.RaftServerConfigKeys (ConfUtils.java:logGet(46)) - raft.server.log.statemachine.data.sync.timeout.retry = -1 (default)
2023-05-23 10:26:25,469 [cdf07a7b-95f7-44c3-8ae6-3efcc78f5f3a-groupManagement] INFO  server.RaftServerConfigKeys (ConfUtils.java:logGet(46)) - raft.server.log.write.buffer.size = 1048576 (custom)
2023-05-23 10:26:25,469 [cdf07a7b-95f7-44c3-8ae6-3efcc78f5f3a-groupManagement] INFO  server.RaftServerConfigKeys (ConfUtils.java:logGet(46)) - raft.server.log.appender.buffer.byte-limit = 33554432 (custom)
2023-05-23 10:26:25,474 [cdf07a7b-95f7-44c3-8ae6-3efcc78f5f3a-groupManagement] INFO  server.RaftServerConfigKeys (ConfUtils.java:logGet(46)) - raft.server.log.unsafe-flush.enabled = false (default)
2023-05-23 10:26:25,474 [cdf07a7b-95f7-44c3-8ae6-3efcc78f5f3a-groupManagement] INFO  server.RaftServerConfigKeys (ConfUtils.java:logGet(46)) - raft.server.log.async-flush.enabled = false (default)
2023-05-23 10:26:25,474 [cdf07a7b-95f7-44c3-8ae6-3efcc78f5f3a-groupManagement] INFO  server.RaftServerConfigKeys (ConfUtils.java:logGet(46)) - raft.server.log.statemachine.data.caching.enabled = true (custom)
2023-05-23 10:26:25,474 [cdf07a7b-95f7-44c3-8ae6-3efcc78f5f3a-groupManagement] INFO  segmented.SegmentedRaftLogWorker (SegmentedRaftLogWorker.java:lambda$new$0(135)) - cdf07a7b-95f7-44c3-8ae6-3efcc78f5f3a@group-475DBD44CB32-SegmentedRaftLogWorker: flushIndex: setUnconditionally 0 -> -1
2023-05-23 10:26:25,474 [cdf07a7b-95f7-44c3-8ae6-3efcc78f5f3a-groupManagement] INFO  segmented.SegmentedRaftLogWorker (SegmentedRaftLogWorker.java:lambda$new$0(135)) - cdf07a7b-95f7-44c3-8ae6-3efcc78f5f3a@group-475DBD44CB32-SegmentedRaftLogWorker: safeCacheEvictIndex: setUnconditionally 0 -> -1
2023-05-23 10:26:25,474 [cdf07a7b-95f7-44c3-8ae6-3efcc78f5f3a-groupManagement] INFO  server.RaftServer$Division (RaftServerImpl.java:start(342)) - cdf07a7b-95f7-44c3-8ae6-3efcc78f5f3a@group-475DBD44CB32: start as a follower, conf=-1: peers:[b898f15d-4860-47c9-8591-05c5a169db6c|rpc:10.1.0.38:15173|admin:10.1.0.38:15172|client:10.1.0.38:15171|dataStream:10.1.0.38:15174|priority:0|startupRole:FOLLOWER, cdf07a7b-95f7-44c3-8ae6-3efcc78f5f3a|rpc:10.1.0.38:15157|admin:10.1.0.38:15156|client:10.1.0.38:15155|dataStream:10.1.0.38:15158|priority:1|startupRole:FOLLOWER, 9a8ecc75-319b-47a2-9433-72c1cc276f25|rpc:10.1.0.38:15165|admin:10.1.0.38:15164|client:10.1.0.38:15163|dataStream:10.1.0.38:15166|priority:0|startupRole:FOLLOWER]|listeners:[], old=null
2023-05-23 10:26:25,475 [cdf07a7b-95f7-44c3-8ae6-3efcc78f5f3a-groupManagement] INFO  server.RaftServer$Division (RaftServerImpl.java:setRole(329)) - cdf07a7b-95f7-44c3-8ae6-3efcc78f5f3a@group-475DBD44CB32: changes role from      null to FOLLOWER at term 0 for startAsFollower
2023-05-23 10:26:25,475 [cdf07a7b-95f7-44c3-8ae6-3efcc78f5f3a-groupManagement] INFO  impl.RoleInfo (RoleInfo.java:updateAndGet(139)) - cdf07a7b-95f7-44c3-8ae6-3efcc78f5f3a: start cdf07a7b-95f7-44c3-8ae6-3efcc78f5f3a@group-475DBD44CB32-FollowerState
2023-05-23 10:26:25,475 [cdf07a7b-95f7-44c3-8ae6-3efcc78f5f3a-groupManagement] INFO  util.JmxRegister (JmxRegister.java:tryRegister(44)) - Successfully registered JMX Bean with object name Ratis:service=RaftServer,group=group-475DBD44CB32,id=cdf07a7b-95f7-44c3-8ae6-3efcc78f5f3a
2023-05-23 10:26:25,475 [cdf07a7b-95f7-44c3-8ae6-3efcc78f5f3a-groupManagement] INFO  server.RaftServerConfigKeys (ConfUtils.java:logGet(46)) - raft.server.snapshot.auto.trigger.enabled = true (custom)
2023-05-23 10:26:25,475 [cdf07a7b-95f7-44c3-8ae6-3efcc78f5f3a@group-475DBD44CB32-FollowerState] INFO  server.RaftServerConfigKeys (ConfUtils.java:logFallback(53)) - raft.server.rpc.first-election.timeout.min = 5s (fallback to raft.server.rpc.timeout.min)
2023-05-23 10:26:25,475 [cdf07a7b-95f7-44c3-8ae6-3efcc78f5f3a-groupManagement] INFO  server.RaftServerConfigKeys (ConfUtils.java:logGet(46)) - raft.server.snapshot.auto.trigger.threshold = 10000 (custom)
2023-05-23 10:26:25,475 [cdf07a7b-95f7-44c3-8ae6-3efcc78f5f3a@group-475DBD44CB32-FollowerState] INFO  server.RaftServerConfigKeys (ConfUtils.java:logFallback(53)) - raft.server.rpc.first-election.timeout.max = 5200ms (fallback to raft.server.rpc.timeout.max)
2023-05-23 10:26:25,475 [cdf07a7b-95f7-44c3-8ae6-3efcc78f5f3a-groupManagement] INFO  server.RaftServerConfigKeys (ConfUtils.java:logGet(46)) - raft.server.snapshot.retention.file.num = 5 (custom)
2023-05-23 10:26:25,475 [cdf07a7b-95f7-44c3-8ae6-3efcc78f5f3a-groupManagement] INFO  server.RaftServerConfigKeys (ConfUtils.java:logGet(46)) - raft.server.log.purge.upto.snapshot.index = false (default)
2023-05-23 10:26:25,476 [Command processor thread] INFO  ratis.XceiverServerRatis (XceiverServerRatis.java:addGroup(806)) - Created group PipelineID=d97c19a0-75d1-4bc6-b3c9-475dbd44cb32
2023-05-23 10:26:25,500 [grpc-default-executor-0] INFO  server.RaftServer (RaftServerProxy.java:addNew(98)) - 9a8ecc75-319b-47a2-9433-72c1cc276f25: addNew group-475DBD44CB32:[b898f15d-4860-47c9-8591-05c5a169db6c|rpc:10.1.0.38:15173|admin:10.1.0.38:15172|client:10.1.0.38:15171|dataStream:10.1.0.38:15174|priority:0|startupRole:FOLLOWER, cdf07a7b-95f7-44c3-8ae6-3efcc78f5f3a|rpc:10.1.0.38:15157|admin:10.1.0.38:15156|client:10.1.0.38:15155|dataStream:10.1.0.38:15158|priority:1|startupRole:FOLLOWER, 9a8ecc75-319b-47a2-9433-72c1cc276f25|rpc:10.1.0.38:15165|admin:10.1.0.38:15164|client:10.1.0.38:15163|dataStream:10.1.0.38:15166|priority:0|startupRole:FOLLOWER] returns group-475DBD44CB32:java.util.concurrent.CompletableFuture@4ce27290[Not completed]
2023-05-23 10:26:25,501 [9a8ecc75-319b-47a2-9433-72c1cc276f25-groupManagement] INFO  server.RaftServer$Division (RaftServerImpl.java:<init>(198)) - 9a8ecc75-319b-47a2-9433-72c1cc276f25: new RaftServerImpl for group-475DBD44CB32:[b898f15d-4860-47c9-8591-05c5a169db6c|rpc:10.1.0.38:15173|admin:10.1.0.38:15172|client:10.1.0.38:15171|dataStream:10.1.0.38:15174|priority:0|startupRole:FOLLOWER, cdf07a7b-95f7-44c3-8ae6-3efcc78f5f3a|rpc:10.1.0.38:15157|admin:10.1.0.38:15156|client:10.1.0.38:15155|dataStream:10.1.0.38:15158|priority:1|startupRole:FOLLOWER, 9a8ecc75-319b-47a2-9433-72c1cc276f25|rpc:10.1.0.38:15165|admin:10.1.0.38:15164|client:10.1.0.38:15163|dataStream:10.1.0.38:15166|priority:0|startupRole:FOLLOWER] with ContainerStateMachine:uninitialized
2023-05-23 10:26:25,501 [9a8ecc75-319b-47a2-9433-72c1cc276f25-groupManagement] INFO  server.RaftServerConfigKeys (ConfUtils.java:logGet(46)) - raft.server.rpc.timeout.min = 5s (custom)
2023-05-23 10:26:25,502 [9a8ecc75-319b-47a2-9433-72c1cc276f25-groupManagement] INFO  server.RaftServerConfigKeys (ConfUtils.java:logGet(46)) - raft.server.rpc.timeout.max = 5200ms (custom)
2023-05-23 10:26:25,502 [9a8ecc75-319b-47a2-9433-72c1cc276f25-groupManagement] INFO  server.RaftServerConfigKeys (ConfUtils.java:logGet(46)) - raft.server.rpc.sleep.time = 25ms (default)
2023-05-23 10:26:25,502 [9a8ecc75-319b-47a2-9433-72c1cc276f25-groupManagement] INFO  server.RaftServerConfigKeys (ConfUtils.java:logGet(46)) - raft.server.rpc.slowness.timeout = 300s (custom)
2023-05-23 10:26:25,502 [9a8ecc75-319b-47a2-9433-72c1cc276f25-groupManagement] INFO  server.RaftServerConfigKeys (ConfUtils.java:logGet(46)) - raft.server.leaderelection.leader.step-down.wait-time = 10s (default)
2023-05-23 10:26:25,502 [9a8ecc75-319b-47a2-9433-72c1cc276f25-groupManagement] INFO  server.RaftServerConfigKeys (ConfUtils.java:logGet(46)) - raft.server.sleep.deviation.threshold = 300ms (default)
2023-05-23 10:26:25,502 [9a8ecc75-319b-47a2-9433-72c1cc276f25-groupManagement] INFO  server.RaftServer$Division (ServerState.java:<init>(120)) - 9a8ecc75-319b-47a2-9433-72c1cc276f25@group-475DBD44CB32: ConfigurationManager, init=-1: peers:[b898f15d-4860-47c9-8591-05c5a169db6c|rpc:10.1.0.38:15173|admin:10.1.0.38:15172|client:10.1.0.38:15171|dataStream:10.1.0.38:15174|priority:0|startupRole:FOLLOWER, cdf07a7b-95f7-44c3-8ae6-3efcc78f5f3a|rpc:10.1.0.38:15157|admin:10.1.0.38:15156|client:10.1.0.38:15155|dataStream:10.1.0.38:15158|priority:1|startupRole:FOLLOWER, 9a8ecc75-319b-47a2-9433-72c1cc276f25|rpc:10.1.0.38:15165|admin:10.1.0.38:15164|client:10.1.0.38:15163|dataStream:10.1.0.38:15166|priority:0|startupRole:FOLLOWER]|listeners:[], old=null, confs=<EMPTY_MAP>
2023-05-23 10:26:25,502 [9a8ecc75-319b-47a2-9433-72c1cc276f25-groupManagement] INFO  server.RaftServerConfigKeys (ConfUtils.java:logGet(46)) - raft.server.storage.dir = [/home/runner/work/ozone/ozone/hadoop-ozone/integration-test/target/test-dir/MiniOzoneClusterImpl-00f23a18-bf09-4bf2-9950-b0f9dab58561/datanode-1/data/ratis] (custom)
2023-05-23 10:26:25,502 [9a8ecc75-319b-47a2-9433-72c1cc276f25-groupManagement] INFO  server.RaftServerConfigKeys (ConfUtils.java:logGet(46)) - raft.server.log.corruption.policy = EXCEPTION (default)
2023-05-23 10:26:25,502 [9a8ecc75-319b-47a2-9433-72c1cc276f25-groupManagement] INFO  server.RaftServerConfigKeys (ConfUtils.java:logGet(46)) - raft.server.storage.free-space.min = 0MB (=0) (default)
2023-05-23 10:26:25,502 [9a8ecc75-319b-47a2-9433-72c1cc276f25-groupManagement] INFO  server.RaftServerConfigKeys (ConfUtils.java:logGet(46)) - raft.server.notification.no-leader.timeout = 300s (custom)
2023-05-23 10:26:25,502 [9a8ecc75-319b-47a2-9433-72c1cc276f25-groupManagement] INFO  server.RaftServerConfigKeys (ConfUtils.java:logGet(46)) - raft.server.read.timeout = 10s (default)
2023-05-23 10:26:25,502 [9a8ecc75-319b-47a2-9433-72c1cc276f25-groupManagement] INFO  server.RaftServerConfigKeys (ConfUtils.java:logGet(46)) - raft.server.retrycache.expirytime = 600000ms (custom)
2023-05-23 10:26:25,502 [9a8ecc75-319b-47a2-9433-72c1cc276f25-groupManagement] INFO  server.RaftServerConfigKeys (ConfUtils.java:logGet(46)) - raft.server.retrycache.statistics.expirytime = 100μs (default)
2023-05-23 10:26:25,502 [9a8ecc75-319b-47a2-9433-72c1cc276f25-groupManagement] INFO  server.RaftServerConfigKeys (ConfUtils.java:logGet(46)) - raft.server.read.option = DEFAULT (default)
2023-05-23 10:26:25,503 [9a8ecc75-319b-47a2-9433-72c1cc276f25-groupManagement] INFO  server.RaftServerConfigKeys (ConfUtils.java:logGet(46)) - raft.server.rpc.request.timeout = 60s (custom)
2023-05-23 10:26:25,503 [9a8ecc75-319b-47a2-9433-72c1cc276f25-groupManagement] INFO  server.RaftServerConfigKeys (ConfUtils.java:logGet(46)) - raft.server.log.appender.install.snapshot.enabled = false (custom)
2023-05-23 10:26:25,503 [9a8ecc75-319b-47a2-9433-72c1cc276f25-groupManagement] INFO  server.RaftServerConfigKeys (ConfUtils.java:logGet(46)) - raft.server.threadpool.server.cached = true (default)
2023-05-23 10:26:25,503 [9a8ecc75-319b-47a2-9433-72c1cc276f25-groupManagement] INFO  server.RaftServerConfigKeys (ConfUtils.java:logGet(46)) - raft.server.threadpool.server.size = 0 (default)
2023-05-23 10:26:25,503 [9a8ecc75-319b-47a2-9433-72c1cc276f25-groupManagement] INFO  server.RaftServerConfigKeys (ConfUtils.java:logGet(46)) - raft.server.threadpool.client.cached = true (default)
2023-05-23 10:26:25,503 [9a8ecc75-319b-47a2-9433-72c1cc276f25-groupManagement] INFO  server.RaftServerConfigKeys (ConfUtils.java:logGet(46)) - raft.server.threadpool.client.size = 0 (default)
2023-05-23 10:26:25,503 [9a8ecc75-319b-47a2-9433-72c1cc276f25-groupManagement] INFO  storage.RaftStorageDirectory (RaftStorageDirectoryImpl.java:analyzeStorage(137)) - The storage directory /home/runner/work/ozone/ozone/hadoop-ozone/integration-test/target/test-dir/MiniOzoneClusterImpl-00f23a18-bf09-4bf2-9950-b0f9dab58561/datanode-1/data/ratis/d97c19a0-75d1-4bc6-b3c9-475dbd44cb32 does not exist. Creating ...
2023-05-23 10:26:25,505 [9a8ecc75-319b-47a2-9433-72c1cc276f25-groupManagement] INFO  storage.RaftStorageDirectory (RaftStorageDirectoryImpl.java:tryLock(231)) - Lock on /home/runner/work/ozone/ozone/hadoop-ozone/integration-test/target/test-dir/MiniOzoneClusterImpl-00f23a18-bf09-4bf2-9950-b0f9dab58561/datanode-1/data/ratis/d97c19a0-75d1-4bc6-b3c9-475dbd44cb32/in_use.lock acquired by nodename 10384@fv-az1249-304
2023-05-23 10:26:25,507 [9a8ecc75-319b-47a2-9433-72c1cc276f25-groupManagement] INFO  storage.RaftStorage (RaftStorageImpl.java:format(96)) - Storage directory /home/runner/work/ozone/ozone/hadoop-ozone/integration-test/target/test-dir/MiniOzoneClusterImpl-00f23a18-bf09-4bf2-9950-b0f9dab58561/datanode-1/data/ratis/d97c19a0-75d1-4bc6-b3c9-475dbd44cb32 has been successfully formatted.
2023-05-23 10:26:25,508 [9a8ecc75-319b-47a2-9433-72c1cc276f25-groupManagement] INFO  ratis.ContainerStateMachine (ContainerStateMachine.java:loadSnapshot(262)) - group-475DBD44CB32: The snapshot info is null. Setting the last applied indexto:(t:0, i:~)
2023-05-23 10:26:25,508 [9a8ecc75-319b-47a2-9433-72c1cc276f25-groupManagement] INFO  server.RaftServerConfigKeys (ConfUtils.java:logGet(46)) - raft.server.log.use.memory = false (default)
2023-05-23 10:26:25,508 [9a8ecc75-319b-47a2-9433-72c1cc276f25-groupManagement] INFO  server.RaftServerConfigKeys (ConfUtils.java:logGet(46)) - raft.server.log.purge.gap = 1000000 (custom)
2023-05-23 10:26:25,508 [9a8ecc75-319b-47a2-9433-72c1cc276f25-groupManagement] INFO  server.RaftServerConfigKeys (ConfUtils.java:logGet(46)) - raft.server.log.appender.buffer.byte-limit = 33554432 (custom)
2023-05-23 10:26:25,508 [9a8ecc75-319b-47a2-9433-72c1cc276f25-groupManagement] INFO  server.RaftServerConfigKeys (ConfUtils.java:logGet(46)) - raft.server.log.statemachine.data.read.timeout = 1000ms (default)
2023-05-23 10:26:25,508 [9a8ecc75-319b-47a2-9433-72c1cc276f25-groupManagement] INFO  server.RaftServerConfigKeys (ConfUtils.java:logGet(46)) - raft.server.log.purge.preservation.log.num = 0 (default)
2023-05-23 10:26:25,513 [9a8ecc75-319b-47a2-9433-72c1cc276f25-groupManagement] INFO  server.RaftServerConfigKeys (ConfUtils.java:logGet(46)) - raft.server.log.segment.size.max = 1048576 (custom)
2023-05-23 10:26:25,514 [9a8ecc75-319b-47a2-9433-72c1cc276f25-groupManagement] INFO  server.RaftServerConfigKeys (ConfUtils.java:logGet(46)) - raft.server.log.segment.cache.num.max = 2 (custom)
2023-05-23 10:26:25,514 [9a8ecc75-319b-47a2-9433-72c1cc276f25-groupManagement] INFO  server.RaftServerConfigKeys (ConfUtils.java:logGet(46)) - raft.server.log.segment.cache.size.max = 200MB (=209715200) (default)
2023-05-23 10:26:25,514 [9a8ecc75-319b-47a2-9433-72c1cc276f25-groupManagement] INFO  server.RaftServerConfigKeys (ConfUtils.java:logGet(46)) - raft.server.log.appender.buffer.byte-limit = 33554432 (custom)
2023-05-23 10:26:25,514 [9a8ecc75-319b-47a2-9433-72c1cc276f25-groupManagement] INFO  segmented.SegmentedRaftLogWorker (SegmentedRaftLogWorker.java:<init>(188)) - new 9a8ecc75-319b-47a2-9433-72c1cc276f25@group-475DBD44CB32-SegmentedRaftLogWorker for RaftStorageImpl:Storage Directory /home/runner/work/ozone/ozone/hadoop-ozone/integration-test/target/test-dir/MiniOzoneClusterImpl-00f23a18-bf09-4bf2-9950-b0f9dab58561/datanode-1/data/ratis/d97c19a0-75d1-4bc6-b3c9-475dbd44cb32
2023-05-23 10:26:25,514 [9a8ecc75-319b-47a2-9433-72c1cc276f25-groupManagement] INFO  server.RaftServerConfigKeys (ConfUtils.java:logGet(46)) - raft.server.log.queue.byte-limit = 4294967296 (custom)
2023-05-23 10:26:25,514 [9a8ecc75-319b-47a2-9433-72c1cc276f25-groupManagement] INFO  server.RaftServerConfigKeys (ConfUtils.java:logGet(46)) - raft.server.log.queue.element-limit = 1024 (custom)
2023-05-23 10:26:25,514 [9a8ecc75-319b-47a2-9433-72c1cc276f25-groupManagement] INFO  server.RaftServerConfigKeys (ConfUtils.java:logGet(46)) - raft.server.log.segment.size.max = 1048576 (custom)
2023-05-23 10:26:25,514 [9a8ecc75-319b-47a2-9433-72c1cc276f25-groupManagement] INFO  server.RaftServerConfigKeys (ConfUtils.java:logGet(46)) - raft.server.log.preallocated.size = 16384 (custom)
2023-05-23 10:26:25,514 [9a8ecc75-319b-47a2-9433-72c1cc276f25-groupManagement] INFO  server.RaftServerConfigKeys (ConfUtils.java:logGet(46)) - raft.server.log.force.sync.num = 128 (default)
2023-05-23 10:26:25,514 [9a8ecc75-319b-47a2-9433-72c1cc276f25-groupManagement] INFO  server.RaftServerConfigKeys (ConfUtils.java:logGet(46)) - raft.server.log.statemachine.data.sync = true (default)
2023-05-23 10:26:25,514 [9a8ecc75-319b-47a2-9433-72c1cc276f25-groupManagement] INFO  server.RaftServerConfigKeys (ConfUtils.java:logGet(46)) - raft.server.log.statemachine.data.sync.timeout = 10s (default)
2023-05-23 10:26:25,514 [9a8ecc75-319b-47a2-9433-72c1cc276f25-groupManagement] INFO  server.RaftServerConfigKeys (ConfUtils.java:logGet(46)) - raft.server.log.statemachine.data.sync.timeout.retry = -1 (default)
2023-05-23 10:26:25,515 [9a8ecc75-319b-47a2-9433-72c1cc276f25-groupManagement] INFO  server.RaftServerConfigKeys (ConfUtils.java:logGet(46)) - raft.server.log.write.buffer.size = 1048576 (custom)
2023-05-23 10:26:25,515 [9a8ecc75-319b-47a2-9433-72c1cc276f25-groupManagement] INFO  server.RaftServerConfigKeys (ConfUtils.java:logGet(46)) - raft.server.log.appender.buffer.byte-limit = 33554432 (custom)
2023-05-23 10:26:25,521 [9a8ecc75-319b-47a2-9433-72c1cc276f25-groupManagement] INFO  server.RaftServerConfigKeys (ConfUtils.java:logGet(46)) - raft.server.log.unsafe-flush.enabled = false (default)
2023-05-23 10:26:25,521 [9a8ecc75-319b-47a2-9433-72c1cc276f25-groupManagement] INFO  server.RaftServerConfigKeys (ConfUtils.java:logGet(46)) - raft.server.log.async-flush.enabled = false (default)
2023-05-23 10:26:25,521 [9a8ecc75-319b-47a2-9433-72c1cc276f25-groupManagement] INFO  server.RaftServerConfigKeys (ConfUtils.java:logGet(46)) - raft.server.log.statemachine.data.caching.enabled = true (custom)
2023-05-23 10:26:25,521 [9a8ecc75-319b-47a2-9433-72c1cc276f25-groupManagement] INFO  segmented.SegmentedRaftLogWorker (SegmentedRaftLogWorker.java:lambda$new$0(135)) - 9a8ecc75-319b-47a2-9433-72c1cc276f25@group-475DBD44CB32-SegmentedRaftLogWorker: flushIndex: setUnconditionally 0 -> -1
2023-05-23 10:26:25,521 [9a8ecc75-319b-47a2-9433-72c1cc276f25-groupManagement] INFO  segmented.SegmentedRaftLogWorker (SegmentedRaftLogWorker.java:lambda$new$0(135)) - 9a8ecc75-319b-47a2-9433-72c1cc276f25@group-475DBD44CB32-SegmentedRaftLogWorker: safeCacheEvictIndex: setUnconditionally 0 -> -1
2023-05-23 10:26:25,521 [9a8ecc75-319b-47a2-9433-72c1cc276f25-groupManagement] INFO  server.RaftServer$Division (RaftServerImpl.java:start(342)) - 9a8ecc75-319b-47a2-9433-72c1cc276f25@group-475DBD44CB32: start as a follower, conf=-1: peers:[b898f15d-4860-47c9-8591-05c5a169db6c|rpc:10.1.0.38:15173|admin:10.1.0.38:15172|client:10.1.0.38:15171|dataStream:10.1.0.38:15174|priority:0|startupRole:FOLLOWER, cdf07a7b-95f7-44c3-8ae6-3efcc78f5f3a|rpc:10.1.0.38:15157|admin:10.1.0.38:15156|client:10.1.0.38:15155|dataStream:10.1.0.38:15158|priority:1|startupRole:FOLLOWER, 9a8ecc75-319b-47a2-9433-72c1cc276f25|rpc:10.1.0.38:15165|admin:10.1.0.38:15164|client:10.1.0.38:15163|dataStream:10.1.0.38:15166|priority:0|startupRole:FOLLOWER]|listeners:[], old=null
2023-05-23 10:26:25,521 [9a8ecc75-319b-47a2-9433-72c1cc276f25-groupManagement] INFO  server.RaftServer$Division (RaftServerImpl.java:setRole(329)) - 9a8ecc75-319b-47a2-9433-72c1cc276f25@group-475DBD44CB32: changes role from      null to FOLLOWER at term 0 for startAsFollower
2023-05-23 10:26:25,521 [9a8ecc75-319b-47a2-9433-72c1cc276f25-groupManagement] INFO  impl.RoleInfo (RoleInfo.java:updateAndGet(139)) - 9a8ecc75-319b-47a2-9433-72c1cc276f25: start 9a8ecc75-319b-47a2-9433-72c1cc276f25@group-475DBD44CB32-FollowerState
2023-05-23 10:26:25,522 [9a8ecc75-319b-47a2-9433-72c1cc276f25-groupManagement] INFO  util.JmxRegister (JmxRegister.java:tryRegister(44)) - Successfully registered JMX Bean with object name Ratis:service=RaftServer,group=group-475DBD44CB32,id=9a8ecc75-319b-47a2-9433-72c1cc276f25
2023-05-23 10:26:25,522 [9a8ecc75-319b-47a2-9433-72c1cc276f25@group-475DBD44CB32-FollowerState] INFO  server.RaftServerConfigKeys (ConfUtils.java:logFallback(53)) - raft.server.rpc.first-election.timeout.min = 5s (fallback to raft.server.rpc.timeout.min)
2023-05-23 10:26:25,522 [9a8ecc75-319b-47a2-9433-72c1cc276f25-groupManagement] INFO  server.RaftServerConfigKeys (ConfUtils.java:logGet(46)) - raft.server.snapshot.auto.trigger.enabled = true (custom)
2023-05-23 10:26:25,522 [9a8ecc75-319b-47a2-9433-72c1cc276f25-groupManagement] INFO  server.RaftServerConfigKeys (ConfUtils.java:logGet(46)) - raft.server.snapshot.auto.trigger.threshold = 10000 (custom)
2023-05-23 10:26:25,522 [9a8ecc75-319b-47a2-9433-72c1cc276f25@group-475DBD44CB32-FollowerState] INFO  server.RaftServerConfigKeys (ConfUtils.java:logFallback(53)) - raft.server.rpc.first-election.timeout.max = 5200ms (fallback to raft.server.rpc.timeout.max)
2023-05-23 10:26:25,522 [9a8ecc75-319b-47a2-9433-72c1cc276f25-groupManagement] INFO  server.RaftServerConfigKeys (ConfUtils.java:logGet(46)) - raft.server.snapshot.retention.file.num = 5 (custom)
2023-05-23 10:26:25,522 [9a8ecc75-319b-47a2-9433-72c1cc276f25-groupManagement] INFO  server.RaftServerConfigKeys (ConfUtils.java:logGet(46)) - raft.server.log.purge.upto.snapshot.index = false (default)
2023-05-23 10:26:25,541 [grpc-default-executor-0] INFO  server.RaftServer (RaftServerProxy.java:addNew(98)) - b898f15d-4860-47c9-8591-05c5a169db6c: addNew group-475DBD44CB32:[b898f15d-4860-47c9-8591-05c5a169db6c|rpc:10.1.0.38:15173|admin:10.1.0.38:15172|client:10.1.0.38:15171|dataStream:10.1.0.38:15174|priority:0|startupRole:FOLLOWER, cdf07a7b-95f7-44c3-8ae6-3efcc78f5f3a|rpc:10.1.0.38:15157|admin:10.1.0.38:15156|client:10.1.0.38:15155|dataStream:10.1.0.38:15158|priority:1|startupRole:FOLLOWER, 9a8ecc75-319b-47a2-9433-72c1cc276f25|rpc:10.1.0.38:15165|admin:10.1.0.38:15164|client:10.1.0.38:15163|dataStream:10.1.0.38:15166|priority:0|startupRole:FOLLOWER] returns group-475DBD44CB32:java.util.concurrent.CompletableFuture@48075cfb[Not completed]
2023-05-23 10:26:25,543 [b898f15d-4860-47c9-8591-05c5a169db6c-groupManagement] INFO  server.RaftServer$Division (RaftServerImpl.java:<init>(198)) - b898f15d-4860-47c9-8591-05c5a169db6c: new RaftServerImpl for group-475DBD44CB32:[b898f15d-4860-47c9-8591-05c5a169db6c|rpc:10.1.0.38:15173|admin:10.1.0.38:15172|client:10.1.0.38:15171|dataStream:10.1.0.38:15174|priority:0|startupRole:FOLLOWER, cdf07a7b-95f7-44c3-8ae6-3efcc78f5f3a|rpc:10.1.0.38:15157|admin:10.1.0.38:15156|client:10.1.0.38:15155|dataStream:10.1.0.38:15158|priority:1|startupRole:FOLLOWER, 9a8ecc75-319b-47a2-9433-72c1cc276f25|rpc:10.1.0.38:15165|admin:10.1.0.38:15164|client:10.1.0.38:15163|dataStream:10.1.0.38:15166|priority:0|startupRole:FOLLOWER] with ContainerStateMachine:uninitialized
2023-05-23 10:26:25,543 [b898f15d-4860-47c9-8591-05c5a169db6c-groupManagement] INFO  server.RaftServerConfigKeys (ConfUtils.java:logGet(46)) - raft.server.rpc.timeout.min = 5s (custom)
2023-05-23 10:26:25,543 [b898f15d-4860-47c9-8591-05c5a169db6c-groupManagement] INFO  server.RaftServerConfigKeys (ConfUtils.java:logGet(46)) - raft.server.rpc.timeout.max = 5200ms (custom)
2023-05-23 10:26:25,543 [b898f15d-4860-47c9-8591-05c5a169db6c-groupManagement] INFO  server.RaftServerConfigKeys (ConfUtils.java:logGet(46)) - raft.server.rpc.sleep.time = 25ms (default)
2023-05-23 10:26:25,543 [b898f15d-4860-47c9-8591-05c5a169db6c-groupManagement] INFO  server.RaftServerConfigKeys (ConfUtils.java:logGet(46)) - raft.server.rpc.slowness.timeout = 300s (custom)
2023-05-23 10:26:25,543 [b898f15d-4860-47c9-8591-05c5a169db6c-groupManagement] INFO  server.RaftServerConfigKeys (ConfUtils.java:logGet(46)) - raft.server.leaderelection.leader.step-down.wait-time = 10s (default)
2023-05-23 10:26:25,543 [b898f15d-4860-47c9-8591-05c5a169db6c-groupManagement] INFO  server.RaftServerConfigKeys (ConfUtils.java:logGet(46)) - raft.server.sleep.deviation.threshold = 300ms (default)
2023-05-23 10:26:25,543 [b898f15d-4860-47c9-8591-05c5a169db6c-groupManagement] INFO  server.RaftServer$Division (ServerState.java:<init>(120)) - b898f15d-4860-47c9-8591-05c5a169db6c@group-475DBD44CB32: ConfigurationManager, init=-1: peers:[b898f15d-4860-47c9-8591-05c5a169db6c|rpc:10.1.0.38:15173|admin:10.1.0.38:15172|client:10.1.0.38:15171|dataStream:10.1.0.38:15174|priority:0|startupRole:FOLLOWER, cdf07a7b-95f7-44c3-8ae6-3efcc78f5f3a|rpc:10.1.0.38:15157|admin:10.1.0.38:15156|client:10.1.0.38:15155|dataStream:10.1.0.38:15158|priority:1|startupRole:FOLLOWER, 9a8ecc75-319b-47a2-9433-72c1cc276f25|rpc:10.1.0.38:15165|admin:10.1.0.38:15164|client:10.1.0.38:15163|dataStream:10.1.0.38:15166|priority:0|startupRole:FOLLOWER]|listeners:[], old=null, confs=<EMPTY_MAP>
2023-05-23 10:26:25,543 [b898f15d-4860-47c9-8591-05c5a169db6c-groupManagement] INFO  server.RaftServerConfigKeys (ConfUtils.java:logGet(46)) - raft.server.storage.dir = [/home/runner/work/ozone/ozone/hadoop-ozone/integration-test/target/test-dir/MiniOzoneClusterImpl-00f23a18-bf09-4bf2-9950-b0f9dab58561/datanode-2/data/ratis] (custom)
2023-05-23 10:26:25,543 [b898f15d-4860-47c9-8591-05c5a169db6c-groupManagement] INFO  server.RaftServerConfigKeys (ConfUtils.java:logGet(46)) - raft.server.log.corruption.policy = EXCEPTION (default)
2023-05-23 10:26:25,543 [b898f15d-4860-47c9-8591-05c5a169db6c-groupManagement] INFO  server.RaftServerConfigKeys (ConfUtils.java:logGet(46)) - raft.server.storage.free-space.min = 0MB (=0) (default)
2023-05-23 10:26:25,543 [b898f15d-4860-47c9-8591-05c5a169db6c-groupManagement] INFO  server.RaftServerConfigKeys (ConfUtils.java:logGet(46)) - raft.server.notification.no-leader.timeout = 300s (custom)
2023-05-23 10:26:25,543 [b898f15d-4860-47c9-8591-05c5a169db6c-groupManagement] INFO  server.RaftServerConfigKeys (ConfUtils.java:logGet(46)) - raft.server.read.timeout = 10s (default)
2023-05-23 10:26:25,543 [b898f15d-4860-47c9-8591-05c5a169db6c-groupManagement] INFO  server.RaftServerConfigKeys (ConfUtils.java:logGet(46)) - raft.server.retrycache.expirytime = 600000ms (custom)
2023-05-23 10:26:25,543 [b898f15d-4860-47c9-8591-05c5a169db6c-groupManagement] INFO  server.RaftServerConfigKeys (ConfUtils.java:logGet(46)) - raft.server.retrycache.statistics.expirytime = 100μs (default)
2023-05-23 10:26:25,544 [b898f15d-4860-47c9-8591-05c5a169db6c-groupManagement] INFO  server.RaftServerConfigKeys (ConfUtils.java:logGet(46)) - raft.server.read.option = DEFAULT (default)
2023-05-23 10:26:25,544 [b898f15d-4860-47c9-8591-05c5a169db6c-groupManagement] INFO  server.RaftServerConfigKeys (ConfUtils.java:logGet(46)) - raft.server.rpc.request.timeout = 60s (custom)
2023-05-23 10:26:25,544 [b898f15d-4860-47c9-8591-05c5a169db6c-groupManagement] INFO  server.RaftServerConfigKeys (ConfUtils.java:logGet(46)) - raft.server.log.appender.install.snapshot.enabled = false (custom)
2023-05-23 10:26:25,544 [b898f15d-4860-47c9-8591-05c5a169db6c-groupManagement] INFO  server.RaftServerConfigKeys (ConfUtils.java:logGet(46)) - raft.server.threadpool.server.cached = true (default)
2023-05-23 10:26:25,544 [b898f15d-4860-47c9-8591-05c5a169db6c-groupManagement] INFO  server.RaftServerConfigKeys (ConfUtils.java:logGet(46)) - raft.server.threadpool.server.size = 0 (default)
2023-05-23 10:26:25,544 [b898f15d-4860-47c9-8591-05c5a169db6c-groupManagement] INFO  server.RaftServerConfigKeys (ConfUtils.java:logGet(46)) - raft.server.threadpool.client.cached = true (default)
2023-05-23 10:26:25,544 [b898f15d-4860-47c9-8591-05c5a169db6c-groupManagement] INFO  server.RaftServerConfigKeys (ConfUtils.java:logGet(46)) - raft.server.threadpool.client.size = 0 (default)
2023-05-23 10:26:25,544 [b898f15d-4860-47c9-8591-05c5a169db6c-groupManagement] INFO  storage.RaftStorageDirectory (RaftStorageDirectoryImpl.java:analyzeStorage(137)) - The storage directory /home/runner/work/ozone/ozone/hadoop-ozone/integration-test/target/test-dir/MiniOzoneClusterImpl-00f23a18-bf09-4bf2-9950-b0f9dab58561/datanode-2/data/ratis/d97c19a0-75d1-4bc6-b3c9-475dbd44cb32 does not exist. Creating ...
2023-05-23 10:26:25,546 [b898f15d-4860-47c9-8591-05c5a169db6c-groupManagement] INFO  storage.RaftStorageDirectory (RaftStorageDirectoryImpl.java:tryLock(231)) - Lock on /home/runner/work/ozone/ozone/hadoop-ozone/integration-test/target/test-dir/MiniOzoneClusterImpl-00f23a18-bf09-4bf2-9950-b0f9dab58561/datanode-2/data/ratis/d97c19a0-75d1-4bc6-b3c9-475dbd44cb32/in_use.lock acquired by nodename 10384@fv-az1249-304
2023-05-23 10:26:25,548 [b898f15d-4860-47c9-8591-05c5a169db6c-groupManagement] INFO  storage.RaftStorage (RaftStorageImpl.java:format(96)) - Storage directory /home/runner/work/ozone/ozone/hadoop-ozone/integration-test/target/test-dir/MiniOzoneClusterImpl-00f23a18-bf09-4bf2-9950-b0f9dab58561/datanode-2/data/ratis/d97c19a0-75d1-4bc6-b3c9-475dbd44cb32 has been successfully formatted.
2023-05-23 10:26:25,549 [b898f15d-4860-47c9-8591-05c5a169db6c-groupManagement] INFO  ratis.ContainerStateMachine (ContainerStateMachine.java:loadSnapshot(262)) - group-475DBD44CB32: The snapshot info is null. Setting the last applied indexto:(t:0, i:~)
2023-05-23 10:26:25,549 [b898f15d-4860-47c9-8591-05c5a169db6c-groupManagement] INFO  server.RaftServerConfigKeys (ConfUtils.java:logGet(46)) - raft.server.log.use.memory = false (default)
2023-05-23 10:26:25,550 [b898f15d-4860-47c9-8591-05c5a169db6c-groupManagement] INFO  server.RaftServerConfigKeys (ConfUtils.java:logGet(46)) - raft.server.log.purge.gap = 1000000 (custom)
2023-05-23 10:26:25,550 [b898f15d-4860-47c9-8591-05c5a169db6c-groupManagement] INFO  server.RaftServerConfigKeys (ConfUtils.java:logGet(46)) - raft.server.log.appender.buffer.byte-limit = 33554432 (custom)
2023-05-23 10:26:25,550 [b898f15d-4860-47c9-8591-05c5a169db6c-groupManagement] INFO  server.RaftServerConfigKeys (ConfUtils.java:logGet(46)) - raft.server.log.statemachine.data.read.timeout = 1000ms (default)
2023-05-23 10:26:25,550 [b898f15d-4860-47c9-8591-05c5a169db6c-groupManagement] INFO  server.RaftServerConfigKeys (ConfUtils.java:logGet(46)) - raft.server.log.purge.preservation.log.num = 0 (default)
2023-05-23 10:26:25,551 [b898f15d-4860-47c9-8591-05c5a169db6c-groupManagement] INFO  server.RaftServerConfigKeys (ConfUtils.java:logGet(46)) - raft.server.log.segment.size.max = 1048576 (custom)
2023-05-23 10:26:25,551 [b898f15d-4860-47c9-8591-05c5a169db6c-groupManagement] INFO  server.RaftServerConfigKeys (ConfUtils.java:logGet(46)) - raft.server.log.segment.cache.num.max = 2 (custom)
2023-05-23 10:26:25,551 [b898f15d-4860-47c9-8591-05c5a169db6c-groupManagement] INFO  server.RaftServerConfigKeys (ConfUtils.java:logGet(46)) - raft.server.log.segment.cache.size.max = 200MB (=209715200) (default)
2023-05-23 10:26:25,551 [b898f15d-4860-47c9-8591-05c5a169db6c-groupManagement] INFO  server.RaftServerConfigKeys (ConfUtils.java:logGet(46)) - raft.server.log.appender.buffer.byte-limit = 33554432 (custom)
2023-05-23 10:26:25,551 [b898f15d-4860-47c9-8591-05c5a169db6c-groupManagement] INFO  segmented.SegmentedRaftLogWorker (SegmentedRaftLogWorker.java:<init>(188)) - new b898f15d-4860-47c9-8591-05c5a169db6c@group-475DBD44CB32-SegmentedRaftLogWorker for RaftStorageImpl:Storage Directory /home/runner/work/ozone/ozone/hadoop-ozone/integration-test/target/test-dir/MiniOzoneClusterImpl-00f23a18-bf09-4bf2-9950-b0f9dab58561/datanode-2/data/ratis/d97c19a0-75d1-4bc6-b3c9-475dbd44cb32
2023-05-23 10:26:25,551 [b898f15d-4860-47c9-8591-05c5a169db6c-groupManagement] INFO  server.RaftServerConfigKeys (ConfUtils.java:logGet(46)) - raft.server.log.queue.byte-limit = 4294967296 (custom)
2023-05-23 10:26:25,551 [b898f15d-4860-47c9-8591-05c5a169db6c-groupManagement] INFO  server.RaftServerConfigKeys (ConfUtils.java:logGet(46)) - raft.server.log.queue.element-limit = 1024 (custom)
2023-05-23 10:26:25,551 [b898f15d-4860-47c9-8591-05c5a169db6c-groupManagement] INFO  server.RaftServerConfigKeys (ConfUtils.java:logGet(46)) - raft.server.log.segment.size.max = 1048576 (custom)
2023-05-23 10:26:25,551 [b898f15d-4860-47c9-8591-05c5a169db6c-groupManagement] INFO  server.RaftServerConfigKeys (ConfUtils.java:logGet(46)) - raft.server.log.preallocated.size = 16384 (custom)
2023-05-23 10:26:25,551 [b898f15d-4860-47c9-8591-05c5a169db6c-groupManagement] INFO  server.RaftServerConfigKeys (ConfUtils.java:logGet(46)) - raft.server.log.force.sync.num = 128 (default)
2023-05-23 10:26:25,551 [b898f15d-4860-47c9-8591-05c5a169db6c-groupManagement] INFO  server.RaftServerConfigKeys (ConfUtils.java:logGet(46)) - raft.server.log.statemachine.data.sync = true (default)
2023-05-23 10:26:25,551 [b898f15d-4860-47c9-8591-05c5a169db6c-groupManagement] INFO  server.RaftServerConfigKeys (ConfUtils.java:logGet(46)) - raft.server.log.statemachine.data.sync.timeout = 10s (default)
2023-05-23 10:26:25,551 [b898f15d-4860-47c9-8591-05c5a169db6c-groupManagement] INFO  server.RaftServerConfigKeys (ConfUtils.java:logGet(46)) - raft.server.log.statemachine.data.sync.timeout.retry = -1 (default)
2023-05-23 10:26:25,552 [b898f15d-4860-47c9-8591-05c5a169db6c-groupManagement] INFO  server.RaftServerConfigKeys (ConfUtils.java:logGet(46)) - raft.server.log.write.buffer.size = 1048576 (custom)
2023-05-23 10:26:25,553 [b898f15d-4860-47c9-8591-05c5a169db6c-groupManagement] INFO  server.RaftServerConfigKeys (ConfUtils.java:logGet(46)) - raft.server.log.appender.buffer.byte-limit = 33554432 (custom)
2023-05-23 10:26:25,558 [b898f15d-4860-47c9-8591-05c5a169db6c-groupManagement] INFO  server.RaftServerConfigKeys (ConfUtils.java:logGet(46)) - raft.server.log.unsafe-flush.enabled = false (default)
2023-05-23 10:26:25,558 [b898f15d-4860-47c9-8591-05c5a169db6c-groupManagement] INFO  server.RaftServerConfigKeys (ConfUtils.java:logGet(46)) - raft.server.log.async-flush.enabled = false (default)
2023-05-23 10:26:25,558 [b898f15d-4860-47c9-8591-05c5a169db6c-groupManagement] INFO  server.RaftServerConfigKeys (ConfUtils.java:logGet(46)) - raft.server.log.statemachine.data.caching.enabled = true (custom)
2023-05-23 10:26:25,558 [b898f15d-4860-47c9-8591-05c5a169db6c-groupManagement] INFO  segmented.SegmentedRaftLogWorker (SegmentedRaftLogWorker.java:lambda$new$0(135)) - b898f15d-4860-47c9-8591-05c5a169db6c@group-475DBD44CB32-SegmentedRaftLogWorker: flushIndex: setUnconditionally 0 -> -1
2023-05-23 10:26:25,558 [b898f15d-4860-47c9-8591-05c5a169db6c-groupManagement] INFO  segmented.SegmentedRaftLogWorker (SegmentedRaftLogWorker.java:lambda$new$0(135)) - b898f15d-4860-47c9-8591-05c5a169db6c@group-475DBD44CB32-SegmentedRaftLogWorker: safeCacheEvictIndex: setUnconditionally 0 -> -1
2023-05-23 10:26:25,558 [b898f15d-4860-47c9-8591-05c5a169db6c-groupManagement] INFO  server.RaftServer$Division (RaftServerImpl.java:start(342)) - b898f15d-4860-47c9-8591-05c5a169db6c@group-475DBD44CB32: start as a follower, conf=-1: peers:[b898f15d-4860-47c9-8591-05c5a169db6c|rpc:10.1.0.38:15173|admin:10.1.0.38:15172|client:10.1.0.38:15171|dataStream:10.1.0.38:15174|priority:0|startupRole:FOLLOWER, cdf07a7b-95f7-44c3-8ae6-3efcc78f5f3a|rpc:10.1.0.38:15157|admin:10.1.0.38:15156|client:10.1.0.38:15155|dataStream:10.1.0.38:15158|priority:1|startupRole:FOLLOWER, 9a8ecc75-319b-47a2-9433-72c1cc276f25|rpc:10.1.0.38:15165|admin:10.1.0.38:15164|client:10.1.0.38:15163|dataStream:10.1.0.38:15166|priority:0|startupRole:FOLLOWER]|listeners:[], old=null
2023-05-23 10:26:25,558 [b898f15d-4860-47c9-8591-05c5a169db6c-groupManagement] INFO  server.RaftServer$Division (RaftServerImpl.java:setRole(329)) - b898f15d-4860-47c9-8591-05c5a169db6c@group-475DBD44CB32: changes role from      null to FOLLOWER at term 0 for startAsFollower
2023-05-23 10:26:25,558 [b898f15d-4860-47c9-8591-05c5a169db6c-groupManagement] INFO  impl.RoleInfo (RoleInfo.java:updateAndGet(139)) - b898f15d-4860-47c9-8591-05c5a169db6c: start b898f15d-4860-47c9-8591-05c5a169db6c@group-475DBD44CB32-FollowerState
2023-05-23 10:26:25,559 [b898f15d-4860-47c9-8591-05c5a169db6c-groupManagement] INFO  util.JmxRegister (JmxRegister.java:tryRegister(44)) - Successfully registered JMX Bean with object name Ratis:service=RaftServer,group=group-475DBD44CB32,id=b898f15d-4860-47c9-8591-05c5a169db6c
2023-05-23 10:26:25,559 [b898f15d-4860-47c9-8591-05c5a169db6c@group-475DBD44CB32-FollowerState] INFO  server.RaftServerConfigKeys (ConfUtils.java:logFallback(53)) - raft.server.rpc.first-election.timeout.min = 5s (fallback to raft.server.rpc.timeout.min)
2023-05-23 10:26:25,559 [b898f15d-4860-47c9-8591-05c5a169db6c-groupManagement] INFO  server.RaftServerConfigKeys (ConfUtils.java:logGet(46)) - raft.server.snapshot.auto.trigger.enabled = true (custom)
2023-05-23 10:26:25,559 [b898f15d-4860-47c9-8591-05c5a169db6c@group-475DBD44CB32-FollowerState] INFO  server.RaftServerConfigKeys (ConfUtils.java:logFallback(53)) - raft.server.rpc.first-election.timeout.max = 5200ms (fallback to raft.server.rpc.timeout.max)
2023-05-23 10:26:25,559 [b898f15d-4860-47c9-8591-05c5a169db6c-groupManagement] INFO  server.RaftServerConfigKeys (ConfUtils.java:logGet(46)) - raft.server.snapshot.auto.trigger.threshold = 10000 (custom)
2023-05-23 10:26:25,559 [b898f15d-4860-47c9-8591-05c5a169db6c-groupManagement] INFO  server.RaftServerConfigKeys (ConfUtils.java:logGet(46)) - raft.server.snapshot.retention.file.num = 5 (custom)
2023-05-23 10:26:25,559 [b898f15d-4860-47c9-8591-05c5a169db6c-groupManagement] INFO  server.RaftServerConfigKeys (ConfUtils.java:logGet(46)) - raft.server.log.purge.upto.snapshot.index = false (default)
2023-05-23 10:26:25,567 [Command processor thread] INFO  commandhandler.CreatePipelineCommandHandler (CreatePipelineCommandHandler.java:handle(113)) - Created Pipeline RATIS THREE PipelineID=d97c19a0-75d1-4bc6-b3c9-475dbd44cb32.
2023-05-23 10:26:25,568 [Command processor thread] INFO  server.RaftServer (RaftServerProxy.java:addNew(98)) - cdf07a7b-95f7-44c3-8ae6-3efcc78f5f3a: addNew group-47EE8FE3890D:[b898f15d-4860-47c9-8591-05c5a169db6c|rpc:10.1.0.38:15173|admin:10.1.0.38:15172|client:10.1.0.38:15171|dataStream:10.1.0.38:15174|priority:0|startupRole:FOLLOWER, cdf07a7b-95f7-44c3-8ae6-3efcc78f5f3a|rpc:10.1.0.38:15157|admin:10.1.0.38:15156|client:10.1.0.38:15155|dataStream:10.1.0.38:15158|priority:0|startupRole:FOLLOWER, 9a8ecc75-319b-47a2-9433-72c1cc276f25|rpc:10.1.0.38:15165|admin:10.1.0.38:15164|client:10.1.0.38:15163|dataStream:10.1.0.38:15166|priority:1|startupRole:FOLLOWER] returns group-47EE8FE3890D:java.util.concurrent.CompletableFuture@3ef1aab6[Not completed]
2023-05-23 10:26:25,568 [cdf07a7b-95f7-44c3-8ae6-3efcc78f5f3a-groupManagement] INFO  server.RaftServer$Division (RaftServerImpl.java:<init>(198)) - cdf07a7b-95f7-44c3-8ae6-3efcc78f5f3a: new RaftServerImpl for group-47EE8FE3890D:[b898f15d-4860-47c9-8591-05c5a169db6c|rpc:10.1.0.38:15173|admin:10.1.0.38:15172|client:10.1.0.38:15171|dataStream:10.1.0.38:15174|priority:0|startupRole:FOLLOWER, cdf07a7b-95f7-44c3-8ae6-3efcc78f5f3a|rpc:10.1.0.38:15157|admin:10.1.0.38:15156|client:10.1.0.38:15155|dataStream:10.1.0.38:15158|priority:0|startupRole:FOLLOWER, 9a8ecc75-319b-47a2-9433-72c1cc276f25|rpc:10.1.0.38:15165|admin:10.1.0.38:15164|client:10.1.0.38:15163|dataStream:10.1.0.38:15166|priority:1|startupRole:FOLLOWER] with ContainerStateMachine:uninitialized
2023-05-23 10:26:25,568 [cdf07a7b-95f7-44c3-8ae6-3efcc78f5f3a-groupManagement] INFO  server.RaftServerConfigKeys (ConfUtils.java:logGet(46)) - raft.server.rpc.timeout.min = 5s (custom)
2023-05-23 10:26:25,569 [cdf07a7b-95f7-44c3-8ae6-3efcc78f5f3a-groupManagement] INFO  server.RaftServerConfigKeys (ConfUtils.java:logGet(46)) - raft.server.rpc.timeout.max = 5200ms (custom)
2023-05-23 10:26:25,569 [cdf07a7b-95f7-44c3-8ae6-3efcc78f5f3a-groupManagement] INFO  server.RaftServerConfigKeys (ConfUtils.java:logGet(46)) - raft.server.rpc.sleep.time = 25ms (default)
2023-05-23 10:26:25,569 [cdf07a7b-95f7-44c3-8ae6-3efcc78f5f3a-groupManagement] INFO  server.RaftServerConfigKeys (ConfUtils.java:logGet(46)) - raft.server.rpc.slowness.timeout = 300s (custom)
2023-05-23 10:26:25,569 [cdf07a7b-95f7-44c3-8ae6-3efcc78f5f3a-groupManagement] INFO  server.RaftServerConfigKeys (ConfUtils.java:logGet(46)) - raft.server.leaderelection.leader.step-down.wait-time = 10s (default)
2023-05-23 10:26:25,569 [cdf07a7b-95f7-44c3-8ae6-3efcc78f5f3a-groupManagement] INFO  server.RaftServerConfigKeys (ConfUtils.java:logGet(46)) - raft.server.sleep.deviation.threshold = 300ms (default)
2023-05-23 10:26:25,569 [cdf07a7b-95f7-44c3-8ae6-3efcc78f5f3a-groupManagement] INFO  server.RaftServer$Division (ServerState.java:<init>(120)) - cdf07a7b-95f7-44c3-8ae6-3efcc78f5f3a@group-47EE8FE3890D: ConfigurationManager, init=-1: peers:[b898f15d-4860-47c9-8591-05c5a169db6c|rpc:10.1.0.38:15173|admin:10.1.0.38:15172|client:10.1.0.38:15171|dataStream:10.1.0.38:15174|priority:0|startupRole:FOLLOWER, cdf07a7b-95f7-44c3-8ae6-3efcc78f5f3a|rpc:10.1.0.38:15157|admin:10.1.0.38:15156|client:10.1.0.38:15155|dataStream:10.1.0.38:15158|priority:0|startupRole:FOLLOWER, 9a8ecc75-319b-47a2-9433-72c1cc276f25|rpc:10.1.0.38:15165|admin:10.1.0.38:15164|client:10.1.0.38:15163|dataStream:10.1.0.38:15166|priority:1|startupRole:FOLLOWER]|listeners:[], old=null, confs=<EMPTY_MAP>
2023-05-23 10:26:25,569 [cdf07a7b-95f7-44c3-8ae6-3efcc78f5f3a-groupManagement] INFO  server.RaftServerConfigKeys (ConfUtils.java:logGet(46)) - raft.server.storage.dir = [/home/runner/work/ozone/ozone/hadoop-ozone/integration-test/target/test-dir/MiniOzoneClusterImpl-00f23a18-bf09-4bf2-9950-b0f9dab58561/datanode-0/data/ratis] (custom)
2023-05-23 10:26:25,569 [cdf07a7b-95f7-44c3-8ae6-3efcc78f5f3a-groupManagement] INFO  server.RaftServerConfigKeys (ConfUtils.java:logGet(46)) - raft.server.log.corruption.policy = EXCEPTION (default)
2023-05-23 10:26:25,569 [cdf07a7b-95f7-44c3-8ae6-3efcc78f5f3a-groupManagement] INFO  server.RaftServerConfigKeys (ConfUtils.java:logGet(46)) - raft.server.storage.free-space.min = 0MB (=0) (default)
2023-05-23 10:26:25,569 [cdf07a7b-95f7-44c3-8ae6-3efcc78f5f3a-groupManagement] INFO  server.RaftServerConfigKeys (ConfUtils.java:logGet(46)) - raft.server.notification.no-leader.timeout = 300s (custom)
2023-05-23 10:26:25,569 [cdf07a7b-95f7-44c3-8ae6-3efcc78f5f3a-groupManagement] INFO  server.RaftServerConfigKeys (ConfUtils.java:logGet(46)) - raft.server.read.timeout = 10s (default)
2023-05-23 10:26:25,569 [cdf07a7b-95f7-44c3-8ae6-3efcc78f5f3a-groupManagement] INFO  server.RaftServerConfigKeys (ConfUtils.java:logGet(46)) - raft.server.retrycache.expirytime = 600000ms (custom)
2023-05-23 10:26:25,570 [cdf07a7b-95f7-44c3-8ae6-3efcc78f5f3a-groupManagement] INFO  server.RaftServerConfigKeys (ConfUtils.java:logGet(46)) - raft.server.retrycache.statistics.expirytime = 100μs (default)
2023-05-23 10:26:25,570 [cdf07a7b-95f7-44c3-8ae6-3efcc78f5f3a-groupManagement] INFO  server.RaftServerConfigKeys (ConfUtils.java:logGet(46)) - raft.server.read.option = DEFAULT (default)
2023-05-23 10:26:25,570 [cdf07a7b-95f7-44c3-8ae6-3efcc78f5f3a-groupManagement] INFO  server.RaftServerConfigKeys (ConfUtils.java:logGet(46)) - raft.server.rpc.request.timeout = 60s (custom)
2023-05-23 10:26:25,570 [cdf07a7b-95f7-44c3-8ae6-3efcc78f5f3a-groupManagement] INFO  server.RaftServerConfigKeys (ConfUtils.java:logGet(46)) - raft.server.log.appender.install.snapshot.enabled = false (custom)
2023-05-23 10:26:25,570 [cdf07a7b-95f7-44c3-8ae6-3efcc78f5f3a-groupManagement] INFO  server.RaftServerConfigKeys (ConfUtils.java:logGet(46)) - raft.server.threadpool.server.cached = true (default)
2023-05-23 10:26:25,570 [cdf07a7b-95f7-44c3-8ae6-3efcc78f5f3a-groupManagement] INFO  server.RaftServerConfigKeys (ConfUtils.java:logGet(46)) - raft.server.threadpool.server.size = 0 (default)
2023-05-23 10:26:25,570 [cdf07a7b-95f7-44c3-8ae6-3efcc78f5f3a-groupManagement] INFO  server.RaftServerConfigKeys (ConfUtils.java:logGet(46)) - raft.server.threadpool.client.cached = true (default)
2023-05-23 10:26:25,571 [cdf07a7b-95f7-44c3-8ae6-3efcc78f5f3a-groupManagement] INFO  server.RaftServerConfigKeys (ConfUtils.java:logGet(46)) - raft.server.threadpool.client.size = 0 (default)
2023-05-23 10:26:25,571 [cdf07a7b-95f7-44c3-8ae6-3efcc78f5f3a-groupManagement] INFO  storage.RaftStorageDirectory (RaftStorageDirectoryImpl.java:analyzeStorage(137)) - The storage directory /home/runner/work/ozone/ozone/hadoop-ozone/integration-test/target/test-dir/MiniOzoneClusterImpl-00f23a18-bf09-4bf2-9950-b0f9dab58561/datanode-0/data/ratis/44ca2403-c84d-4390-9476-47ee8fe3890d does not exist. Creating ...
2023-05-23 10:26:25,572 [cdf07a7b-95f7-44c3-8ae6-3efcc78f5f3a-groupManagement] INFO  storage.RaftStorageDirectory (RaftStorageDirectoryImpl.java:tryLock(231)) - Lock on /home/runner/work/ozone/ozone/hadoop-ozone/integration-test/target/test-dir/MiniOzoneClusterImpl-00f23a18-bf09-4bf2-9950-b0f9dab58561/datanode-0/data/ratis/44ca2403-c84d-4390-9476-47ee8fe3890d/in_use.lock acquired by nodename 10384@fv-az1249-304
2023-05-23 10:26:25,573 [cdf07a7b-95f7-44c3-8ae6-3efcc78f5f3a-groupManagement] INFO  storage.RaftStorage (RaftStorageImpl.java:format(96)) - Storage directory /home/runner/work/ozone/ozone/hadoop-ozone/integration-test/target/test-dir/MiniOzoneClusterImpl-00f23a18-bf09-4bf2-9950-b0f9dab58561/datanode-0/data/ratis/44ca2403-c84d-4390-9476-47ee8fe3890d has been successfully formatted.
2023-05-23 10:26:25,575 [cdf07a7b-95f7-44c3-8ae6-3efcc78f5f3a-groupManagement] INFO  ratis.ContainerStateMachine (ContainerStateMachine.java:loadSnapshot(262)) - group-47EE8FE3890D: The snapshot info is null. Setting the last applied indexto:(t:0, i:~)
2023-05-23 10:26:25,575 [cdf07a7b-95f7-44c3-8ae6-3efcc78f5f3a-groupManagement] INFO  server.RaftServerConfigKeys (ConfUtils.java:logGet(46)) - raft.server.log.use.memory = false (default)
2023-05-23 10:26:25,575 [cdf07a7b-95f7-44c3-8ae6-3efcc78f5f3a-groupManagement] INFO  server.RaftServerConfigKeys (ConfUtils.java:logGet(46)) - raft.server.log.purge.gap = 1000000 (custom)
2023-05-23 10:26:25,575 [cdf07a7b-95f7-44c3-8ae6-3efcc78f5f3a-groupManagement] INFO  server.RaftServerConfigKeys (ConfUtils.java:logGet(46)) - raft.server.log.appender.buffer.byte-limit = 33554432 (custom)
2023-05-23 10:26:25,576 [EventQueue-OpenPipelineForHealthyPipelineSafeModeRule] INFO  safemode.SCMSafeModeManager (HealthyPipelineSafeModeRule.java:process(137)) - SCM in safe mode. Healthy pipelines reported count is 0, required healthy pipeline reported count is 1
2023-05-23 10:26:25,576 [cdf07a7b-95f7-44c3-8ae6-3efcc78f5f3a-groupManagement] INFO  server.RaftServerConfigKeys (ConfUtils.java:logGet(46)) - raft.server.log.statemachine.data.read.timeout = 1000ms (default)
2023-05-23 10:26:25,576 [cdf07a7b-95f7-44c3-8ae6-3efcc78f5f3a-groupManagement] INFO  server.RaftServerConfigKeys (ConfUtils.java:logGet(46)) - raft.server.log.purge.preservation.log.num = 0 (default)
2023-05-23 10:26:25,576 [cdf07a7b-95f7-44c3-8ae6-3efcc78f5f3a-groupManagement] INFO  server.RaftServerConfigKeys (ConfUtils.java:logGet(46)) - raft.server.log.segment.size.max = 1048576 (custom)
2023-05-23 10:26:25,576 [cdf07a7b-95f7-44c3-8ae6-3efcc78f5f3a-groupManagement] INFO  server.RaftServerConfigKeys (ConfUtils.java:logGet(46)) - raft.server.log.segment.cache.num.max = 2 (custom)
2023-05-23 10:26:25,576 [cdf07a7b-95f7-44c3-8ae6-3efcc78f5f3a-groupManagement] INFO  server.RaftServerConfigKeys (ConfUtils.java:logGet(46)) - raft.server.log.segment.cache.size.max = 200MB (=209715200) (default)
2023-05-23 10:26:25,577 [cdf07a7b-95f7-44c3-8ae6-3efcc78f5f3a-groupManagement] INFO  server.RaftServerConfigKeys (ConfUtils.java:logGet(46)) - raft.server.log.appender.buffer.byte-limit = 33554432 (custom)
2023-05-23 10:26:25,577 [cdf07a7b-95f7-44c3-8ae6-3efcc78f5f3a-groupManagement] INFO  segmented.SegmentedRaftLogWorker (SegmentedRaftLogWorker.java:<init>(188)) - new cdf07a7b-95f7-44c3-8ae6-3efcc78f5f3a@group-47EE8FE3890D-SegmentedRaftLogWorker for RaftStorageImpl:Storage Directory /home/runner/work/ozone/ozone/hadoop-ozone/integration-test/target/test-dir/MiniOzoneClusterImpl-00f23a18-bf09-4bf2-9950-b0f9dab58561/datanode-0/data/ratis/44ca2403-c84d-4390-9476-47ee8fe3890d
2023-05-23 10:26:25,577 [cdf07a7b-95f7-44c3-8ae6-3efcc78f5f3a-groupManagement] INFO  server.RaftServerConfigKeys (ConfUtils.java:logGet(46)) - raft.server.log.queue.byte-limit = 4294967296 (custom)
2023-05-23 10:26:25,577 [cdf07a7b-95f7-44c3-8ae6-3efcc78f5f3a-groupManagement] INFO  server.RaftServerConfigKeys (ConfUtils.java:logGet(46)) - raft.server.log.queue.element-limit = 1024 (custom)
2023-05-23 10:26:25,577 [cdf07a7b-95f7-44c3-8ae6-3efcc78f5f3a-groupManagement] INFO  server.RaftServerConfigKeys (ConfUtils.java:logGet(46)) - raft.server.log.segment.size.max = 1048576 (custom)
2023-05-23 10:26:25,577 [cdf07a7b-95f7-44c3-8ae6-3efcc78f5f3a-groupManagement] INFO  server.RaftServerConfigKeys (ConfUtils.java:logGet(46)) - raft.server.log.preallocated.size = 16384 (custom)
2023-05-23 10:26:25,577 [cdf07a7b-95f7-44c3-8ae6-3efcc78f5f3a-groupManagement] INFO  server.RaftServerConfigKeys (ConfUtils.java:logGet(46)) - raft.server.log.force.sync.num = 128 (default)
2023-05-23 10:26:25,577 [cdf07a7b-95f7-44c3-8ae6-3efcc78f5f3a-groupManagement] INFO  server.RaftServerConfigKeys (ConfUtils.java:logGet(46)) - raft.server.log.statemachine.data.sync = true (default)
2023-05-23 10:26:25,577 [cdf07a7b-95f7-44c3-8ae6-3efcc78f5f3a-groupManagement] INFO  server.RaftServerConfigKeys (ConfUtils.java:logGet(46)) - raft.server.log.statemachine.data.sync.timeout = 10s (default)
2023-05-23 10:26:25,578 [cdf07a7b-95f7-44c3-8ae6-3efcc78f5f3a-groupManagement] INFO  server.RaftServerConfigKeys (ConfUtils.java:logGet(46)) - raft.server.log.statemachine.data.sync.timeout.retry = -1 (default)
2023-05-23 10:26:25,578 [cdf07a7b-95f7-44c3-8ae6-3efcc78f5f3a-groupManagement] INFO  server.RaftServerConfigKeys (ConfUtils.java:logGet(46)) - raft.server.log.write.buffer.size = 1048576 (custom)
2023-05-23 10:26:25,578 [cdf07a7b-95f7-44c3-8ae6-3efcc78f5f3a-groupManagement] INFO  server.RaftServerConfigKeys (ConfUtils.java:logGet(46)) - raft.server.log.appender.buffer.byte-limit = 33554432 (custom)
2023-05-23 10:26:25,584 [cdf07a7b-95f7-44c3-8ae6-3efcc78f5f3a-groupManagement] INFO  server.RaftServerConfigKeys (ConfUtils.java:logGet(46)) - raft.server.log.unsafe-flush.enabled = false (default)
2023-05-23 10:26:25,584 [cdf07a7b-95f7-44c3-8ae6-3efcc78f5f3a-groupManagement] INFO  server.RaftServerConfigKeys (ConfUtils.java:logGet(46)) - raft.server.log.async-flush.enabled = false (default)
2023-05-23 10:26:25,584 [cdf07a7b-95f7-44c3-8ae6-3efcc78f5f3a-groupManagement] INFO  server.RaftServerConfigKeys (ConfUtils.java:logGet(46)) - raft.server.log.statemachine.data.caching.enabled = true (custom)
2023-05-23 10:26:25,584 [cdf07a7b-95f7-44c3-8ae6-3efcc78f5f3a-groupManagement] INFO  segmented.SegmentedRaftLogWorker (SegmentedRaftLogWorker.java:lambda$new$0(135)) - cdf07a7b-95f7-44c3-8ae6-3efcc78f5f3a@group-47EE8FE3890D-SegmentedRaftLogWorker: flushIndex: setUnconditionally 0 -> -1
2023-05-23 10:26:25,584 [cdf07a7b-95f7-44c3-8ae6-3efcc78f5f3a-groupManagement] INFO  segmented.SegmentedRaftLogWorker (SegmentedRaftLogWorker.java:lambda$new$0(135)) - cdf07a7b-95f7-44c3-8ae6-3efcc78f5f3a@group-47EE8FE3890D-SegmentedRaftLogWorker: safeCacheEvictIndex: setUnconditionally 0 -> -1
2023-05-23 10:26:25,585 [cdf07a7b-95f7-44c3-8ae6-3efcc78f5f3a-groupManagement] INFO  server.RaftServer$Division (RaftServerImpl.java:start(342)) - cdf07a7b-95f7-44c3-8ae6-3efcc78f5f3a@group-47EE8FE3890D: start as a follower, conf=-1: peers:[b898f15d-4860-47c9-8591-05c5a169db6c|rpc:10.1.0.38:15173|admin:10.1.0.38:15172|client:10.1.0.38:15171|dataStream:10.1.0.38:15174|priority:0|startupRole:FOLLOWER, cdf07a7b-95f7-44c3-8ae6-3efcc78f5f3a|rpc:10.1.0.38:15157|admin:10.1.0.38:15156|client:10.1.0.38:15155|dataStream:10.1.0.38:15158|priority:0|startupRole:FOLLOWER, 9a8ecc75-319b-47a2-9433-72c1cc276f25|rpc:10.1.0.38:15165|admin:10.1.0.38:15164|client:10.1.0.38:15163|dataStream:10.1.0.38:15166|priority:1|startupRole:FOLLOWER]|listeners:[], old=null
2023-05-23 10:26:25,585 [cdf07a7b-95f7-44c3-8ae6-3efcc78f5f3a-groupManagement] INFO  server.RaftServer$Division (RaftServerImpl.java:setRole(329)) - cdf07a7b-95f7-44c3-8ae6-3efcc78f5f3a@group-47EE8FE3890D: changes role from      null to FOLLOWER at term 0 for startAsFollower
2023-05-23 10:26:25,585 [cdf07a7b-95f7-44c3-8ae6-3efcc78f5f3a-groupManagement] INFO  impl.RoleInfo (RoleInfo.java:updateAndGet(139)) - cdf07a7b-95f7-44c3-8ae6-3efcc78f5f3a: start cdf07a7b-95f7-44c3-8ae6-3efcc78f5f3a@group-47EE8FE3890D-FollowerState
2023-05-23 10:26:25,590 [cdf07a7b-95f7-44c3-8ae6-3efcc78f5f3a-groupManagement] INFO  util.JmxRegister (JmxRegister.java:tryRegister(44)) - Successfully registered JMX Bean with object name Ratis:service=RaftServer,group=group-47EE8FE3890D,id=cdf07a7b-95f7-44c3-8ae6-3efcc78f5f3a
2023-05-23 10:26:25,590 [cdf07a7b-95f7-44c3-8ae6-3efcc78f5f3a-groupManagement] INFO  server.RaftServerConfigKeys (ConfUtils.java:logGet(46)) - raft.server.snapshot.auto.trigger.enabled = true (custom)
2023-05-23 10:26:25,590 [cdf07a7b-95f7-44c3-8ae6-3efcc78f5f3a-groupManagement] INFO  server.RaftServerConfigKeys (ConfUtils.java:logGet(46)) - raft.server.snapshot.auto.trigger.threshold = 10000 (custom)
2023-05-23 10:26:25,590 [cdf07a7b-95f7-44c3-8ae6-3efcc78f5f3a-groupManagement] INFO  server.RaftServerConfigKeys (ConfUtils.java:logGet(46)) - raft.server.snapshot.retention.file.num = 5 (custom)
2023-05-23 10:26:25,590 [cdf07a7b-95f7-44c3-8ae6-3efcc78f5f3a-groupManagement] INFO  server.RaftServerConfigKeys (ConfUtils.java:logGet(46)) - raft.server.log.purge.upto.snapshot.index = false (default)
2023-05-23 10:26:25,591 [cdf07a7b-95f7-44c3-8ae6-3efcc78f5f3a@group-47EE8FE3890D-FollowerState] INFO  server.RaftServerConfigKeys (ConfUtils.java:logFallback(53)) - raft.server.rpc.first-election.timeout.min = 5s (fallback to raft.server.rpc.timeout.min)
2023-05-23 10:26:25,591 [cdf07a7b-95f7-44c3-8ae6-3efcc78f5f3a@group-47EE8FE3890D-FollowerState] INFO  server.RaftServerConfigKeys (ConfUtils.java:logFallback(53)) - raft.server.rpc.first-election.timeout.max = 5200ms (fallback to raft.server.rpc.timeout.max)
2023-05-23 10:26:25,591 [Command processor thread] INFO  ratis.XceiverServerRatis (XceiverServerRatis.java:addGroup(806)) - Created group PipelineID=44ca2403-c84d-4390-9476-47ee8fe3890d
2023-05-23 10:26:25,601 [grpc-default-executor-0] INFO  server.RaftServer (RaftServerProxy.java:addNew(98)) - 9a8ecc75-319b-47a2-9433-72c1cc276f25: addNew group-47EE8FE3890D:[b898f15d-4860-47c9-8591-05c5a169db6c|rpc:10.1.0.38:15173|admin:10.1.0.38:15172|client:10.1.0.38:15171|dataStream:10.1.0.38:15174|priority:0|startupRole:FOLLOWER, cdf07a7b-95f7-44c3-8ae6-3efcc78f5f3a|rpc:10.1.0.38:15157|admin:10.1.0.38:15156|client:10.1.0.38:15155|dataStream:10.1.0.38:15158|priority:0|startupRole:FOLLOWER, 9a8ecc75-319b-47a2-9433-72c1cc276f25|rpc:10.1.0.38:15165|admin:10.1.0.38:15164|client:10.1.0.38:15163|dataStream:10.1.0.38:15166|priority:1|startupRole:FOLLOWER] returns group-47EE8FE3890D:java.util.concurrent.CompletableFuture@344b613f[Not completed]
2023-05-23 10:26:25,602 [9a8ecc75-319b-47a2-9433-72c1cc276f25-groupManagement] INFO  server.RaftServer$Division (RaftServerImpl.java:<init>(198)) - 9a8ecc75-319b-47a2-9433-72c1cc276f25: new RaftServerImpl for group-47EE8FE3890D:[b898f15d-4860-47c9-8591-05c5a169db6c|rpc:10.1.0.38:15173|admin:10.1.0.38:15172|client:10.1.0.38:15171|dataStream:10.1.0.38:15174|priority:0|startupRole:FOLLOWER, cdf07a7b-95f7-44c3-8ae6-3efcc78f5f3a|rpc:10.1.0.38:15157|admin:10.1.0.38:15156|client:10.1.0.38:15155|dataStream:10.1.0.38:15158|priority:0|startupRole:FOLLOWER, 9a8ecc75-319b-47a2-9433-72c1cc276f25|rpc:10.1.0.38:15165|admin:10.1.0.38:15164|client:10.1.0.38:15163|dataStream:10.1.0.38:15166|priority:1|startupRole:FOLLOWER] with ContainerStateMachine:uninitialized
2023-05-23 10:26:25,602 [9a8ecc75-319b-47a2-9433-72c1cc276f25-groupManagement] INFO  server.RaftServerConfigKeys (ConfUtils.java:logGet(46)) - raft.server.rpc.timeout.min = 5s (custom)
2023-05-23 10:26:25,602 [9a8ecc75-319b-47a2-9433-72c1cc276f25-groupManagement] INFO  server.RaftServerConfigKeys (ConfUtils.java:logGet(46)) - raft.server.rpc.timeout.max = 5200ms (custom)
2023-05-23 10:26:25,602 [9a8ecc75-319b-47a2-9433-72c1cc276f25-groupManagement] INFO  server.RaftServerConfigKeys (ConfUtils.java:logGet(46)) - raft.server.rpc.sleep.time = 25ms (default)
2023-05-23 10:26:25,603 [9a8ecc75-319b-47a2-9433-72c1cc276f25-groupManagement] INFO  server.RaftServerConfigKeys (ConfUtils.java:logGet(46)) - raft.server.rpc.slowness.timeout = 300s (custom)
2023-05-23 10:26:25,603 [9a8ecc75-319b-47a2-9433-72c1cc276f25-groupManagement] INFO  server.RaftServerConfigKeys (ConfUtils.java:logGet(46)) - raft.server.leaderelection.leader.step-down.wait-time = 10s (default)
2023-05-23 10:26:25,603 [9a8ecc75-319b-47a2-9433-72c1cc276f25-groupManagement] INFO  server.RaftServerConfigKeys (ConfUtils.java:logGet(46)) - raft.server.sleep.deviation.threshold = 300ms (default)
2023-05-23 10:26:25,603 [9a8ecc75-319b-47a2-9433-72c1cc276f25-groupManagement] INFO  server.RaftServer$Division (ServerState.java:<init>(120)) - 9a8ecc75-319b-47a2-9433-72c1cc276f25@group-47EE8FE3890D: ConfigurationManager, init=-1: peers:[b898f15d-4860-47c9-8591-05c5a169db6c|rpc:10.1.0.38:15173|admin:10.1.0.38:15172|client:10.1.0.38:15171|dataStream:10.1.0.38:15174|priority:0|startupRole:FOLLOWER, cdf07a7b-95f7-44c3-8ae6-3efcc78f5f3a|rpc:10.1.0.38:15157|admin:10.1.0.38:15156|client:10.1.0.38:15155|dataStream:10.1.0.38:15158|priority:0|startupRole:FOLLOWER, 9a8ecc75-319b-47a2-9433-72c1cc276f25|rpc:10.1.0.38:15165|admin:10.1.0.38:15164|client:10.1.0.38:15163|dataStream:10.1.0.38:15166|priority:1|startupRole:FOLLOWER]|listeners:[], old=null, confs=<EMPTY_MAP>
2023-05-23 10:26:25,603 [9a8ecc75-319b-47a2-9433-72c1cc276f25-groupManagement] INFO  server.RaftServerConfigKeys (ConfUtils.java:logGet(46)) - raft.server.storage.dir = [/home/runner/work/ozone/ozone/hadoop-ozone/integration-test/target/test-dir/MiniOzoneClusterImpl-00f23a18-bf09-4bf2-9950-b0f9dab58561/datanode-1/data/ratis] (custom)
2023-05-23 10:26:25,603 [9a8ecc75-319b-47a2-9433-72c1cc276f25-groupManagement] INFO  server.RaftServerConfigKeys (ConfUtils.java:logGet(46)) - raft.server.log.corruption.policy = EXCEPTION (default)
2023-05-23 10:26:25,603 [9a8ecc75-319b-47a2-9433-72c1cc276f25-groupManagement] INFO  server.RaftServerConfigKeys (ConfUtils.java:logGet(46)) - raft.server.storage.free-space.min = 0MB (=0) (default)
2023-05-23 10:26:25,603 [9a8ecc75-319b-47a2-9433-72c1cc276f25-groupManagement] INFO  server.RaftServerConfigKeys (ConfUtils.java:logGet(46)) - raft.server.notification.no-leader.timeout = 300s (custom)
2023-05-23 10:26:25,603 [9a8ecc75-319b-47a2-9433-72c1cc276f25-groupManagement] INFO  server.RaftServerConfigKeys (ConfUtils.java:logGet(46)) - raft.server.read.timeout = 10s (default)
2023-05-23 10:26:25,603 [9a8ecc75-319b-47a2-9433-72c1cc276f25-groupManagement] INFO  server.RaftServerConfigKeys (ConfUtils.java:logGet(46)) - raft.server.retrycache.expirytime = 600000ms (custom)
2023-05-23 10:26:25,603 [9a8ecc75-319b-47a2-9433-72c1cc276f25-groupManagement] INFO  server.RaftServerConfigKeys (ConfUtils.java:logGet(46)) - raft.server.retrycache.statistics.expirytime = 100μs (default)
2023-05-23 10:26:25,606 [9a8ecc75-319b-47a2-9433-72c1cc276f25-groupManagement] INFO  server.RaftServerConfigKeys (ConfUtils.java:logGet(46)) - raft.server.read.option = DEFAULT (default)
2023-05-23 10:26:25,607 [9a8ecc75-319b-47a2-9433-72c1cc276f25-groupManagement] INFO  server.RaftServerConfigKeys (ConfUtils.java:logGet(46)) - raft.server.rpc.request.timeout = 60s (custom)
2023-05-23 10:26:25,607 [9a8ecc75-319b-47a2-9433-72c1cc276f25-groupManagement] INFO  server.RaftServerConfigKeys (ConfUtils.java:logGet(46)) - raft.server.log.appender.install.snapshot.enabled = false (custom)
2023-05-23 10:26:25,607 [9a8ecc75-319b-47a2-9433-72c1cc276f25-groupManagement] INFO  server.RaftServerConfigKeys (ConfUtils.java:logGet(46)) - raft.server.threadpool.server.cached = true (default)
2023-05-23 10:26:25,607 [9a8ecc75-319b-47a2-9433-72c1cc276f25-groupManagement] INFO  server.RaftServerConfigKeys (ConfUtils.java:logGet(46)) - raft.server.threadpool.server.size = 0 (default)
2023-05-23 10:26:25,607 [9a8ecc75-319b-47a2-9433-72c1cc276f25-groupManagement] INFO  server.RaftServerConfigKeys (ConfUtils.java:logGet(46)) - raft.server.threadpool.client.cached = true (default)
2023-05-23 10:26:25,607 [9a8ecc75-319b-47a2-9433-72c1cc276f25-groupManagement] INFO  server.RaftServerConfigKeys (ConfUtils.java:logGet(46)) - raft.server.threadpool.client.size = 0 (default)
2023-05-23 10:26:25,607 [9a8ecc75-319b-47a2-9433-72c1cc276f25-groupManagement] INFO  storage.RaftStorageDirectory (RaftStorageDirectoryImpl.java:analyzeStorage(137)) - The storage directory /home/runner/work/ozone/ozone/hadoop-ozone/integration-test/target/test-dir/MiniOzoneClusterImpl-00f23a18-bf09-4bf2-9950-b0f9dab58561/datanode-1/data/ratis/44ca2403-c84d-4390-9476-47ee8fe3890d does not exist. Creating ...
2023-05-23 10:26:25,608 [9a8ecc75-319b-47a2-9433-72c1cc276f25-groupManagement] INFO  storage.RaftStorageDirectory (RaftStorageDirectoryImpl.java:tryLock(231)) - Lock on /home/runner/work/ozone/ozone/hadoop-ozone/integration-test/target/test-dir/MiniOzoneClusterImpl-00f23a18-bf09-4bf2-9950-b0f9dab58561/datanode-1/data/ratis/44ca2403-c84d-4390-9476-47ee8fe3890d/in_use.lock acquired by nodename 10384@fv-az1249-304
2023-05-23 10:26:25,610 [9a8ecc75-319b-47a2-9433-72c1cc276f25-groupManagement] INFO  storage.RaftStorage (RaftStorageImpl.java:format(96)) - Storage directory /home/runner/work/ozone/ozone/hadoop-ozone/integration-test/target/test-dir/MiniOzoneClusterImpl-00f23a18-bf09-4bf2-9950-b0f9dab58561/datanode-1/data/ratis/44ca2403-c84d-4390-9476-47ee8fe3890d has been successfully formatted.
2023-05-23 10:26:25,610 [9a8ecc75-319b-47a2-9433-72c1cc276f25-groupManagement] INFO  ratis.ContainerStateMachine (ContainerStateMachine.java:loadSnapshot(262)) - group-47EE8FE3890D: The snapshot info is null. Setting the last applied indexto:(t:0, i:~)
2023-05-23 10:26:25,610 [9a8ecc75-319b-47a2-9433-72c1cc276f25-groupManagement] INFO  server.RaftServerConfigKeys (ConfUtils.java:logGet(46)) - raft.server.log.use.memory = false (default)
2023-05-23 10:26:25,612 [9a8ecc75-319b-47a2-9433-72c1cc276f25-groupManagement] INFO  server.RaftServerConfigKeys (ConfUtils.java:logGet(46)) - raft.server.log.purge.gap = 1000000 (custom)
2023-05-23 10:26:25,612 [9a8ecc75-319b-47a2-9433-72c1cc276f25-groupManagement] INFO  server.RaftServerConfigKeys (ConfUtils.java:logGet(46)) - raft.server.log.appender.buffer.byte-limit = 33554432 (custom)
2023-05-23 10:26:25,612 [9a8ecc75-319b-47a2-9433-72c1cc276f25-groupManagement] INFO  server.RaftServerConfigKeys (ConfUtils.java:logGet(46)) - raft.server.log.statemachine.data.read.timeout = 1000ms (default)
2023-05-23 10:26:25,612 [9a8ecc75-319b-47a2-9433-72c1cc276f25-groupManagement] INFO  server.RaftServerConfigKeys (ConfUtils.java:logGet(46)) - raft.server.log.purge.preservation.log.num = 0 (default)
2023-05-23 10:26:25,612 [9a8ecc75-319b-47a2-9433-72c1cc276f25-groupManagement] INFO  server.RaftServerConfigKeys (ConfUtils.java:logGet(46)) - raft.server.log.segment.size.max = 1048576 (custom)
2023-05-23 10:26:25,612 [9a8ecc75-319b-47a2-9433-72c1cc276f25-groupManagement] INFO  server.RaftServerConfigKeys (ConfUtils.java:logGet(46)) - raft.server.log.segment.cache.num.max = 2 (custom)
2023-05-23 10:26:25,612 [9a8ecc75-319b-47a2-9433-72c1cc276f25-groupManagement] INFO  server.RaftServerConfigKeys (ConfUtils.java:logGet(46)) - raft.server.log.segment.cache.size.max = 200MB (=209715200) (default)
2023-05-23 10:26:25,612 [9a8ecc75-319b-47a2-9433-72c1cc276f25-groupManagement] INFO  server.RaftServerConfigKeys (ConfUtils.java:logGet(46)) - raft.server.log.appender.buffer.byte-limit = 33554432 (custom)
2023-05-23 10:26:25,612 [9a8ecc75-319b-47a2-9433-72c1cc276f25-groupManagement] INFO  segmented.SegmentedRaftLogWorker (SegmentedRaftLogWorker.java:<init>(188)) - new 9a8ecc75-319b-47a2-9433-72c1cc276f25@group-47EE8FE3890D-SegmentedRaftLogWorker for RaftStorageImpl:Storage Directory /home/runner/work/ozone/ozone/hadoop-ozone/integration-test/target/test-dir/MiniOzoneClusterImpl-00f23a18-bf09-4bf2-9950-b0f9dab58561/datanode-1/data/ratis/44ca2403-c84d-4390-9476-47ee8fe3890d
2023-05-23 10:26:25,613 [9a8ecc75-319b-47a2-9433-72c1cc276f25-groupManagement] INFO  server.RaftServerConfigKeys (ConfUtils.java:logGet(46)) - raft.server.log.queue.byte-limit = 4294967296 (custom)
2023-05-23 10:26:25,613 [9a8ecc75-319b-47a2-9433-72c1cc276f25-groupManagement] INFO  server.RaftServerConfigKeys (ConfUtils.java:logGet(46)) - raft.server.log.queue.element-limit = 1024 (custom)
2023-05-23 10:26:25,613 [9a8ecc75-319b-47a2-9433-72c1cc276f25-groupManagement] INFO  server.RaftServerConfigKeys (ConfUtils.java:logGet(46)) - raft.server.log.segment.size.max = 1048576 (custom)
2023-05-23 10:26:25,613 [9a8ecc75-319b-47a2-9433-72c1cc276f25-groupManagement] INFO  server.RaftServerConfigKeys (ConfUtils.java:logGet(46)) - raft.server.log.preallocated.size = 16384 (custom)
2023-05-23 10:26:25,613 [9a8ecc75-319b-47a2-9433-72c1cc276f25-groupManagement] INFO  server.RaftServerConfigKeys (ConfUtils.java:logGet(46)) - raft.server.log.force.sync.num = 128 (default)
2023-05-23 10:26:25,613 [9a8ecc75-319b-47a2-9433-72c1cc276f25-groupManagement] INFO  server.RaftServerConfigKeys (ConfUtils.java:logGet(46)) - raft.server.log.statemachine.data.sync = true (default)
2023-05-23 10:26:25,613 [9a8ecc75-319b-47a2-9433-72c1cc276f25-groupManagement] INFO  server.RaftServerConfigKeys (ConfUtils.java:logGet(46)) - raft.server.log.statemachine.data.sync.timeout = 10s (default)
2023-05-23 10:26:25,613 [9a8ecc75-319b-47a2-9433-72c1cc276f25-groupManagement] INFO  server.RaftServerConfigKeys (ConfUtils.java:logGet(46)) - raft.server.log.statemachine.data.sync.timeout.retry = -1 (default)
2023-05-23 10:26:25,613 [9a8ecc75-319b-47a2-9433-72c1cc276f25-groupManagement] INFO  server.RaftServerConfigKeys (ConfUtils.java:logGet(46)) - raft.server.log.write.buffer.size = 1048576 (custom)
2023-05-23 10:26:25,614 [9a8ecc75-319b-47a2-9433-72c1cc276f25-groupManagement] INFO  server.RaftServerConfigKeys (ConfUtils.java:logGet(46)) - raft.server.log.appender.buffer.byte-limit = 33554432 (custom)
2023-05-23 10:26:25,619 [9a8ecc75-319b-47a2-9433-72c1cc276f25-groupManagement] INFO  server.RaftServerConfigKeys (ConfUtils.java:logGet(46)) - raft.server.log.unsafe-flush.enabled = false (default)
2023-05-23 10:26:25,619 [9a8ecc75-319b-47a2-9433-72c1cc276f25-groupManagement] INFO  server.RaftServerConfigKeys (ConfUtils.java:logGet(46)) - raft.server.log.async-flush.enabled = false (default)
2023-05-23 10:26:25,619 [9a8ecc75-319b-47a2-9433-72c1cc276f25-groupManagement] INFO  server.RaftServerConfigKeys (ConfUtils.java:logGet(46)) - raft.server.log.statemachine.data.caching.enabled = true (custom)
2023-05-23 10:26:25,620 [9a8ecc75-319b-47a2-9433-72c1cc276f25-groupManagement] INFO  segmented.SegmentedRaftLogWorker (SegmentedRaftLogWorker.java:lambda$new$0(135)) - 9a8ecc75-319b-47a2-9433-72c1cc276f25@group-47EE8FE3890D-SegmentedRaftLogWorker: flushIndex: setUnconditionally 0 -> -1
2023-05-23 10:26:25,620 [9a8ecc75-319b-47a2-9433-72c1cc276f25-groupManagement] INFO  segmented.SegmentedRaftLogWorker (SegmentedRaftLogWorker.java:lambda$new$0(135)) - 9a8ecc75-319b-47a2-9433-72c1cc276f25@group-47EE8FE3890D-SegmentedRaftLogWorker: safeCacheEvictIndex: setUnconditionally 0 -> -1
2023-05-23 10:26:25,620 [9a8ecc75-319b-47a2-9433-72c1cc276f25-groupManagement] INFO  server.RaftServer$Division (RaftServerImpl.java:start(342)) - 9a8ecc75-319b-47a2-9433-72c1cc276f25@group-47EE8FE3890D: start as a follower, conf=-1: peers:[b898f15d-4860-47c9-8591-05c5a169db6c|rpc:10.1.0.38:15173|admin:10.1.0.38:15172|client:10.1.0.38:15171|dataStream:10.1.0.38:15174|priority:0|startupRole:FOLLOWER, cdf07a7b-95f7-44c3-8ae6-3efcc78f5f3a|rpc:10.1.0.38:15157|admin:10.1.0.38:15156|client:10.1.0.38:15155|dataStream:10.1.0.38:15158|priority:0|startupRole:FOLLOWER, 9a8ecc75-319b-47a2-9433-72c1cc276f25|rpc:10.1.0.38:15165|admin:10.1.0.38:15164|client:10.1.0.38:15163|dataStream:10.1.0.38:15166|priority:1|startupRole:FOLLOWER]|listeners:[], old=null
2023-05-23 10:26:25,620 [9a8ecc75-319b-47a2-9433-72c1cc276f25-groupManagement] INFO  server.RaftServer$Division (RaftServerImpl.java:setRole(329)) - 9a8ecc75-319b-47a2-9433-72c1cc276f25@group-47EE8FE3890D: changes role from      null to FOLLOWER at term 0 for startAsFollower
2023-05-23 10:26:25,620 [9a8ecc75-319b-47a2-9433-72c1cc276f25-groupManagement] INFO  impl.RoleInfo (RoleInfo.java:updateAndGet(139)) - 9a8ecc75-319b-47a2-9433-72c1cc276f25: start 9a8ecc75-319b-47a2-9433-72c1cc276f25@group-47EE8FE3890D-FollowerState
2023-05-23 10:26:25,621 [9a8ecc75-319b-47a2-9433-72c1cc276f25-groupManagement] INFO  util.JmxRegister (JmxRegister.java:tryRegister(44)) - Successfully registered JMX Bean with object name Ratis:service=RaftServer,group=group-47EE8FE3890D,id=9a8ecc75-319b-47a2-9433-72c1cc276f25
2023-05-23 10:26:25,621 [9a8ecc75-319b-47a2-9433-72c1cc276f25-groupManagement] INFO  server.RaftServerConfigKeys (ConfUtils.java:logGet(46)) - raft.server.snapshot.auto.trigger.enabled = true (custom)
2023-05-23 10:26:25,621 [9a8ecc75-319b-47a2-9433-72c1cc276f25-groupManagement] INFO  server.RaftServerConfigKeys (ConfUtils.java:logGet(46)) - raft.server.snapshot.auto.trigger.threshold = 10000 (custom)
2023-05-23 10:26:25,621 [9a8ecc75-319b-47a2-9433-72c1cc276f25-groupManagement] INFO  server.RaftServerConfigKeys (ConfUtils.java:logGet(46)) - raft.server.snapshot.retention.file.num = 5 (custom)
2023-05-23 10:26:25,621 [9a8ecc75-319b-47a2-9433-72c1cc276f25-groupManagement] INFO  server.RaftServerConfigKeys (ConfUtils.java:logGet(46)) - raft.server.log.purge.upto.snapshot.index = false (default)
2023-05-23 10:26:25,621 [9a8ecc75-319b-47a2-9433-72c1cc276f25@group-47EE8FE3890D-FollowerState] INFO  server.RaftServerConfigKeys (ConfUtils.java:logFallback(53)) - raft.server.rpc.first-election.timeout.min = 5s (fallback to raft.server.rpc.timeout.min)
2023-05-23 10:26:25,622 [9a8ecc75-319b-47a2-9433-72c1cc276f25@group-47EE8FE3890D-FollowerState] INFO  server.RaftServerConfigKeys (ConfUtils.java:logFallback(53)) - raft.server.rpc.first-election.timeout.max = 5200ms (fallback to raft.server.rpc.timeout.max)
2023-05-23 10:26:25,647 [grpc-default-executor-0] INFO  server.RaftServer (RaftServerProxy.java:addNew(98)) - b898f15d-4860-47c9-8591-05c5a169db6c: addNew group-47EE8FE3890D:[b898f15d-4860-47c9-8591-05c5a169db6c|rpc:10.1.0.38:15173|admin:10.1.0.38:15172|client:10.1.0.38:15171|dataStream:10.1.0.38:15174|priority:0|startupRole:FOLLOWER, cdf07a7b-95f7-44c3-8ae6-3efcc78f5f3a|rpc:10.1.0.38:15157|admin:10.1.0.38:15156|client:10.1.0.38:15155|dataStream:10.1.0.38:15158|priority:0|startupRole:FOLLOWER, 9a8ecc75-319b-47a2-9433-72c1cc276f25|rpc:10.1.0.38:15165|admin:10.1.0.38:15164|client:10.1.0.38:15163|dataStream:10.1.0.38:15166|priority:1|startupRole:FOLLOWER] returns group-47EE8FE3890D:java.util.concurrent.CompletableFuture@1ef08342[Not completed]
2023-05-23 10:26:25,648 [b898f15d-4860-47c9-8591-05c5a169db6c-groupManagement] INFO  server.RaftServer$Division (RaftServerImpl.java:<init>(198)) - b898f15d-4860-47c9-8591-05c5a169db6c: new RaftServerImpl for group-47EE8FE3890D:[b898f15d-4860-47c9-8591-05c5a169db6c|rpc:10.1.0.38:15173|admin:10.1.0.38:15172|client:10.1.0.38:15171|dataStream:10.1.0.38:15174|priority:0|startupRole:FOLLOWER, cdf07a7b-95f7-44c3-8ae6-3efcc78f5f3a|rpc:10.1.0.38:15157|admin:10.1.0.38:15156|client:10.1.0.38:15155|dataStream:10.1.0.38:15158|priority:0|startupRole:FOLLOWER, 9a8ecc75-319b-47a2-9433-72c1cc276f25|rpc:10.1.0.38:15165|admin:10.1.0.38:15164|client:10.1.0.38:15163|dataStream:10.1.0.38:15166|priority:1|startupRole:FOLLOWER] with ContainerStateMachine:uninitialized
2023-05-23 10:26:25,648 [b898f15d-4860-47c9-8591-05c5a169db6c-groupManagement] INFO  server.RaftServerConfigKeys (ConfUtils.java:logGet(46)) - raft.server.rpc.timeout.min = 5s (custom)
2023-05-23 10:26:25,648 [b898f15d-4860-47c9-8591-05c5a169db6c-groupManagement] INFO  server.RaftServerConfigKeys (ConfUtils.java:logGet(46)) - raft.server.rpc.timeout.max = 5200ms (custom)
2023-05-23 10:26:25,648 [b898f15d-4860-47c9-8591-05c5a169db6c-groupManagement] INFO  server.RaftServerConfigKeys (ConfUtils.java:logGet(46)) - raft.server.rpc.sleep.time = 25ms (default)
2023-05-23 10:26:25,648 [b898f15d-4860-47c9-8591-05c5a169db6c-groupManagement] INFO  server.RaftServerConfigKeys (ConfUtils.java:logGet(46)) - raft.server.rpc.slowness.timeout = 300s (custom)
2023-05-23 10:26:25,648 [b898f15d-4860-47c9-8591-05c5a169db6c-groupManagement] INFO  server.RaftServerConfigKeys (ConfUtils.java:logGet(46)) - raft.server.leaderelection.leader.step-down.wait-time = 10s (default)
2023-05-23 10:26:25,648 [b898f15d-4860-47c9-8591-05c5a169db6c-groupManagement] INFO  server.RaftServerConfigKeys (ConfUtils.java:logGet(46)) - raft.server.sleep.deviation.threshold = 300ms (default)
2023-05-23 10:26:25,649 [b898f15d-4860-47c9-8591-05c5a169db6c-groupManagement] INFO  server.RaftServer$Division (ServerState.java:<init>(120)) - b898f15d-4860-47c9-8591-05c5a169db6c@group-47EE8FE3890D: ConfigurationManager, init=-1: peers:[b898f15d-4860-47c9-8591-05c5a169db6c|rpc:10.1.0.38:15173|admin:10.1.0.38:15172|client:10.1.0.38:15171|dataStream:10.1.0.38:15174|priority:0|startupRole:FOLLOWER, cdf07a7b-95f7-44c3-8ae6-3efcc78f5f3a|rpc:10.1.0.38:15157|admin:10.1.0.38:15156|client:10.1.0.38:15155|dataStream:10.1.0.38:15158|priority:0|startupRole:FOLLOWER, 9a8ecc75-319b-47a2-9433-72c1cc276f25|rpc:10.1.0.38:15165|admin:10.1.0.38:15164|client:10.1.0.38:15163|dataStream:10.1.0.38:15166|priority:1|startupRole:FOLLOWER]|listeners:[], old=null, confs=<EMPTY_MAP>
2023-05-23 10:26:25,649 [b898f15d-4860-47c9-8591-05c5a169db6c-groupManagement] INFO  server.RaftServerConfigKeys (ConfUtils.java:logGet(46)) - raft.server.storage.dir = [/home/runner/work/ozone/ozone/hadoop-ozone/integration-test/target/test-dir/MiniOzoneClusterImpl-00f23a18-bf09-4bf2-9950-b0f9dab58561/datanode-2/data/ratis] (custom)
2023-05-23 10:26:25,649 [b898f15d-4860-47c9-8591-05c5a169db6c-groupManagement] INFO  server.RaftServerConfigKeys (ConfUtils.java:logGet(46)) - raft.server.log.corruption.policy = EXCEPTION (default)
2023-05-23 10:26:25,649 [b898f15d-4860-47c9-8591-05c5a169db6c-groupManagement] INFO  server.RaftServerConfigKeys (ConfUtils.java:logGet(46)) - raft.server.storage.free-space.min = 0MB (=0) (default)
2023-05-23 10:26:25,649 [b898f15d-4860-47c9-8591-05c5a169db6c-groupManagement] INFO  server.RaftServerConfigKeys (ConfUtils.java:logGet(46)) - raft.server.notification.no-leader.timeout = 300s (custom)
2023-05-23 10:26:25,649 [b898f15d-4860-47c9-8591-05c5a169db6c-groupManagement] INFO  server.RaftServerConfigKeys (ConfUtils.java:logGet(46)) - raft.server.read.timeout = 10s (default)
2023-05-23 10:26:25,649 [b898f15d-4860-47c9-8591-05c5a169db6c-groupManagement] INFO  server.RaftServerConfigKeys (ConfUtils.java:logGet(46)) - raft.server.retrycache.expirytime = 600000ms (custom)
2023-05-23 10:26:25,649 [b898f15d-4860-47c9-8591-05c5a169db6c-groupManagement] INFO  server.RaftServerConfigKeys (ConfUtils.java:logGet(46)) - raft.server.retrycache.statistics.expirytime = 100μs (default)
2023-05-23 10:26:25,649 [b898f15d-4860-47c9-8591-05c5a169db6c-groupManagement] INFO  server.RaftServerConfigKeys (ConfUtils.java:logGet(46)) - raft.server.read.option = DEFAULT (default)
2023-05-23 10:26:25,650 [b898f15d-4860-47c9-8591-05c5a169db6c-groupManagement] INFO  server.RaftServerConfigKeys (ConfUtils.java:logGet(46)) - raft.server.rpc.request.timeout = 60s (custom)
2023-05-23 10:26:25,650 [b898f15d-4860-47c9-8591-05c5a169db6c-groupManagement] INFO  server.RaftServerConfigKeys (ConfUtils.java:logGet(46)) - raft.server.log.appender.install.snapshot.enabled = false (custom)
2023-05-23 10:26:25,650 [b898f15d-4860-47c9-8591-05c5a169db6c-groupManagement] INFO  server.RaftServerConfigKeys (ConfUtils.java:logGet(46)) - raft.server.threadpool.server.cached = true (default)
2023-05-23 10:26:25,650 [b898f15d-4860-47c9-8591-05c5a169db6c-groupManagement] INFO  server.RaftServerConfigKeys (ConfUtils.java:logGet(46)) - raft.server.threadpool.server.size = 0 (default)
2023-05-23 10:26:25,650 [b898f15d-4860-47c9-8591-05c5a169db6c-groupManagement] INFO  server.RaftServerConfigKeys (ConfUtils.java:logGet(46)) - raft.server.threadpool.client.cached = true (default)
2023-05-23 10:26:25,650 [b898f15d-4860-47c9-8591-05c5a169db6c-groupManagement] INFO  server.RaftServerConfigKeys (ConfUtils.java:logGet(46)) - raft.server.threadpool.client.size = 0 (default)
2023-05-23 10:26:25,650 [b898f15d-4860-47c9-8591-05c5a169db6c-groupManagement] INFO  storage.RaftStorageDirectory (RaftStorageDirectoryImpl.java:analyzeStorage(137)) - The storage directory /home/runner/work/ozone/ozone/hadoop-ozone/integration-test/target/test-dir/MiniOzoneClusterImpl-00f23a18-bf09-4bf2-9950-b0f9dab58561/datanode-2/data/ratis/44ca2403-c84d-4390-9476-47ee8fe3890d does not exist. Creating ...
2023-05-23 10:26:25,652 [b898f15d-4860-47c9-8591-05c5a169db6c-groupManagement] INFO  storage.RaftStorageDirectory (RaftStorageDirectoryImpl.java:tryLock(231)) - Lock on /home/runner/work/ozone/ozone/hadoop-ozone/integration-test/target/test-dir/MiniOzoneClusterImpl-00f23a18-bf09-4bf2-9950-b0f9dab58561/datanode-2/data/ratis/44ca2403-c84d-4390-9476-47ee8fe3890d/in_use.lock acquired by nodename 10384@fv-az1249-304
2023-05-23 10:26:25,653 [b898f15d-4860-47c9-8591-05c5a169db6c-groupManagement] INFO  storage.RaftStorage (RaftStorageImpl.java:format(96)) - Storage directory /home/runner/work/ozone/ozone/hadoop-ozone/integration-test/target/test-dir/MiniOzoneClusterImpl-00f23a18-bf09-4bf2-9950-b0f9dab58561/datanode-2/data/ratis/44ca2403-c84d-4390-9476-47ee8fe3890d has been successfully formatted.
2023-05-23 10:26:25,653 [b898f15d-4860-47c9-8591-05c5a169db6c-groupManagement] INFO  ratis.ContainerStateMachine (ContainerStateMachine.java:loadSnapshot(262)) - group-47EE8FE3890D: The snapshot info is null. Setting the last applied indexto:(t:0, i:~)
2023-05-23 10:26:25,653 [b898f15d-4860-47c9-8591-05c5a169db6c-groupManagement] INFO  server.RaftServerConfigKeys (ConfUtils.java:logGet(46)) - raft.server.log.use.memory = false (default)
2023-05-23 10:26:25,653 [b898f15d-4860-47c9-8591-05c5a169db6c-groupManagement] INFO  server.RaftServerConfigKeys (ConfUtils.java:logGet(46)) - raft.server.log.purge.gap = 1000000 (custom)
2023-05-23 10:26:25,654 [b898f15d-4860-47c9-8591-05c5a169db6c-groupManagement] INFO  server.RaftServerConfigKeys (ConfUtils.java:logGet(46)) - raft.server.log.appender.buffer.byte-limit = 33554432 (custom)
2023-05-23 10:26:25,654 [b898f15d-4860-47c9-8591-05c5a169db6c-groupManagement] INFO  server.RaftServerConfigKeys (ConfUtils.java:logGet(46)) - raft.server.log.statemachine.data.read.timeout = 1000ms (default)
2023-05-23 10:26:25,655 [b898f15d-4860-47c9-8591-05c5a169db6c-groupManagement] INFO  server.RaftServerConfigKeys (ConfUtils.java:logGet(46)) - raft.server.log.purge.preservation.log.num = 0 (default)
2023-05-23 10:26:25,655 [b898f15d-4860-47c9-8591-05c5a169db6c-groupManagement] INFO  server.RaftServerConfigKeys (ConfUtils.java:logGet(46)) - raft.server.log.segment.size.max = 1048576 (custom)
2023-05-23 10:26:25,655 [b898f15d-4860-47c9-8591-05c5a169db6c-groupManagement] INFO  server.RaftServerConfigKeys (ConfUtils.java:logGet(46)) - raft.server.log.segment.cache.num.max = 2 (custom)
2023-05-23 10:26:25,655 [b898f15d-4860-47c9-8591-05c5a169db6c-groupManagement] INFO  server.RaftServerConfigKeys (ConfUtils.java:logGet(46)) - raft.server.log.segment.cache.size.max = 200MB (=209715200) (default)
2023-05-23 10:26:25,655 [b898f15d-4860-47c9-8591-05c5a169db6c-groupManagement] INFO  server.RaftServerConfigKeys (ConfUtils.java:logGet(46)) - raft.server.log.appender.buffer.byte-limit = 33554432 (custom)
2023-05-23 10:26:25,655 [b898f15d-4860-47c9-8591-05c5a169db6c-groupManagement] INFO  segmented.SegmentedRaftLogWorker (SegmentedRaftLogWorker.java:<init>(188)) - new b898f15d-4860-47c9-8591-05c5a169db6c@group-47EE8FE3890D-SegmentedRaftLogWorker for RaftStorageImpl:Storage Directory /home/runner/work/ozone/ozone/hadoop-ozone/integration-test/target/test-dir/MiniOzoneClusterImpl-00f23a18-bf09-4bf2-9950-b0f9dab58561/datanode-2/data/ratis/44ca2403-c84d-4390-9476-47ee8fe3890d
2023-05-23 10:26:25,655 [b898f15d-4860-47c9-8591-05c5a169db6c-groupManagement] INFO  server.RaftServerConfigKeys (ConfUtils.java:logGet(46)) - raft.server.log.queue.byte-limit = 4294967296 (custom)
2023-05-23 10:26:25,655 [b898f15d-4860-47c9-8591-05c5a169db6c-groupManagement] INFO  server.RaftServerConfigKeys (ConfUtils.java:logGet(46)) - raft.server.log.queue.element-limit = 1024 (custom)
2023-05-23 10:26:25,655 [b898f15d-4860-47c9-8591-05c5a169db6c-groupManagement] INFO  server.RaftServerConfigKeys (ConfUtils.java:logGet(46)) - raft.server.log.segment.size.max = 1048576 (custom)
2023-05-23 10:26:25,655 [b898f15d-4860-47c9-8591-05c5a169db6c-groupManagement] INFO  server.RaftServerConfigKeys (ConfUtils.java:logGet(46)) - raft.server.log.preallocated.size = 16384 (custom)
2023-05-23 10:26:25,655 [b898f15d-4860-47c9-8591-05c5a169db6c-groupManagement] INFO  server.RaftServerConfigKeys (ConfUtils.java:logGet(46)) - raft.server.log.force.sync.num = 128 (default)
2023-05-23 10:26:25,656 [b898f15d-4860-47c9-8591-05c5a169db6c-groupManagement] INFO  server.RaftServerConfigKeys (ConfUtils.java:logGet(46)) - raft.server.log.statemachine.data.sync = true (default)
2023-05-23 10:26:25,656 [b898f15d-4860-47c9-8591-05c5a169db6c-groupManagement] INFO  server.RaftServerConfigKeys (ConfUtils.java:logGet(46)) - raft.server.log.statemachine.data.sync.timeout = 10s (default)
2023-05-23 10:26:25,656 [b898f15d-4860-47c9-8591-05c5a169db6c-groupManagement] INFO  server.RaftServerConfigKeys (ConfUtils.java:logGet(46)) - raft.server.log.statemachine.data.sync.timeout.retry = -1 (default)
2023-05-23 10:26:25,656 [b898f15d-4860-47c9-8591-05c5a169db6c-groupManagement] INFO  server.RaftServerConfigKeys (ConfUtils.java:logGet(46)) - raft.server.log.write.buffer.size = 1048576 (custom)
2023-05-23 10:26:25,657 [b898f15d-4860-47c9-8591-05c5a169db6c-groupManagement] INFO  server.RaftServerConfigKeys (ConfUtils.java:logGet(46)) - raft.server.log.appender.buffer.byte-limit = 33554432 (custom)
2023-05-23 10:26:25,663 [b898f15d-4860-47c9-8591-05c5a169db6c-groupManagement] INFO  server.RaftServerConfigKeys (ConfUtils.java:logGet(46)) - raft.server.log.unsafe-flush.enabled = false (default)
2023-05-23 10:26:25,663 [b898f15d-4860-47c9-8591-05c5a169db6c-groupManagement] INFO  server.RaftServerConfigKeys (ConfUtils.java:logGet(46)) - raft.server.log.async-flush.enabled = false (default)
2023-05-23 10:26:25,663 [b898f15d-4860-47c9-8591-05c5a169db6c-groupManagement] INFO  server.RaftServerConfigKeys (ConfUtils.java:logGet(46)) - raft.server.log.statemachine.data.caching.enabled = true (custom)
2023-05-23 10:26:25,663 [b898f15d-4860-47c9-8591-05c5a169db6c-groupManagement] INFO  segmented.SegmentedRaftLogWorker (SegmentedRaftLogWorker.java:lambda$new$0(135)) - b898f15d-4860-47c9-8591-05c5a169db6c@group-47EE8FE3890D-SegmentedRaftLogWorker: flushIndex: setUnconditionally 0 -> -1
2023-05-23 10:26:25,663 [b898f15d-4860-47c9-8591-05c5a169db6c-groupManagement] INFO  segmented.SegmentedRaftLogWorker (SegmentedRaftLogWorker.java:lambda$new$0(135)) - b898f15d-4860-47c9-8591-05c5a169db6c@group-47EE8FE3890D-SegmentedRaftLogWorker: safeCacheEvictIndex: setUnconditionally 0 -> -1
2023-05-23 10:26:25,665 [b898f15d-4860-47c9-8591-05c5a169db6c-groupManagement] INFO  server.RaftServer$Division (RaftServerImpl.java:start(342)) - b898f15d-4860-47c9-8591-05c5a169db6c@group-47EE8FE3890D: start as a follower, conf=-1: peers:[b898f15d-4860-47c9-8591-05c5a169db6c|rpc:10.1.0.38:15173|admin:10.1.0.38:15172|client:10.1.0.38:15171|dataStream:10.1.0.38:15174|priority:0|startupRole:FOLLOWER, cdf07a7b-95f7-44c3-8ae6-3efcc78f5f3a|rpc:10.1.0.38:15157|admin:10.1.0.38:15156|client:10.1.0.38:15155|dataStream:10.1.0.38:15158|priority:0|startupRole:FOLLOWER, 9a8ecc75-319b-47a2-9433-72c1cc276f25|rpc:10.1.0.38:15165|admin:10.1.0.38:15164|client:10.1.0.38:15163|dataStream:10.1.0.38:15166|priority:1|startupRole:FOLLOWER]|listeners:[], old=null
2023-05-23 10:26:25,665 [b898f15d-4860-47c9-8591-05c5a169db6c-groupManagement] INFO  server.RaftServer$Division (RaftServerImpl.java:setRole(329)) - b898f15d-4860-47c9-8591-05c5a169db6c@group-47EE8FE3890D: changes role from      null to FOLLOWER at term 0 for startAsFollower
2023-05-23 10:26:25,665 [b898f15d-4860-47c9-8591-05c5a169db6c-groupManagement] INFO  impl.RoleInfo (RoleInfo.java:updateAndGet(139)) - b898f15d-4860-47c9-8591-05c5a169db6c: start b898f15d-4860-47c9-8591-05c5a169db6c@group-47EE8FE3890D-FollowerState
2023-05-23 10:26:25,666 [b898f15d-4860-47c9-8591-05c5a169db6c@group-47EE8FE3890D-FollowerState] INFO  server.RaftServerConfigKeys (ConfUtils.java:logFallback(53)) - raft.server.rpc.first-election.timeout.min = 5s (fallback to raft.server.rpc.timeout.min)
2023-05-23 10:26:25,666 [b898f15d-4860-47c9-8591-05c5a169db6c@group-47EE8FE3890D-FollowerState] INFO  server.RaftServerConfigKeys (ConfUtils.java:logFallback(53)) - raft.server.rpc.first-election.timeout.max = 5200ms (fallback to raft.server.rpc.timeout.max)
2023-05-23 10:26:25,668 [b898f15d-4860-47c9-8591-05c5a169db6c-groupManagement] INFO  util.JmxRegister (JmxRegister.java:tryRegister(44)) - Successfully registered JMX Bean with object name Ratis:service=RaftServer,group=group-47EE8FE3890D,id=b898f15d-4860-47c9-8591-05c5a169db6c
2023-05-23 10:26:25,668 [b898f15d-4860-47c9-8591-05c5a169db6c-groupManagement] INFO  server.RaftServerConfigKeys (ConfUtils.java:logGet(46)) - raft.server.snapshot.auto.trigger.enabled = true (custom)
2023-05-23 10:26:25,669 [b898f15d-4860-47c9-8591-05c5a169db6c-groupManagement] INFO  server.RaftServerConfigKeys (ConfUtils.java:logGet(46)) - raft.server.snapshot.auto.trigger.threshold = 10000 (custom)
2023-05-23 10:26:25,669 [b898f15d-4860-47c9-8591-05c5a169db6c-groupManagement] INFO  server.RaftServerConfigKeys (ConfUtils.java:logGet(46)) - raft.server.snapshot.retention.file.num = 5 (custom)
2023-05-23 10:26:25,669 [b898f15d-4860-47c9-8591-05c5a169db6c-groupManagement] INFO  server.RaftServerConfigKeys (ConfUtils.java:logGet(46)) - raft.server.log.purge.upto.snapshot.index = false (default)
2023-05-23 10:26:25,677 [Command processor thread] INFO  commandhandler.CreatePipelineCommandHandler (CreatePipelineCommandHandler.java:handle(113)) - Created Pipeline RATIS THREE PipelineID=44ca2403-c84d-4390-9476-47ee8fe3890d.
2023-05-23 10:26:25,773 [Command processor thread] INFO  server.RaftServer (RaftServerProxy.java:addNew(98)) - 9a8ecc75-319b-47a2-9433-72c1cc276f25: addNew group-466CBA6666DA:[9a8ecc75-319b-47a2-9433-72c1cc276f25|rpc:10.1.0.38:15165|admin:10.1.0.38:15164|client:10.1.0.38:15163|dataStream:10.1.0.38:15166|priority:1|startupRole:FOLLOWER] returns group-466CBA6666DA:java.util.concurrent.CompletableFuture@3215b720[Not completed]
2023-05-23 10:26:25,774 [9a8ecc75-319b-47a2-9433-72c1cc276f25-groupManagement] INFO  server.RaftServer$Division (RaftServerImpl.java:<init>(198)) - 9a8ecc75-319b-47a2-9433-72c1cc276f25: new RaftServerImpl for group-466CBA6666DA:[9a8ecc75-319b-47a2-9433-72c1cc276f25|rpc:10.1.0.38:15165|admin:10.1.0.38:15164|client:10.1.0.38:15163|dataStream:10.1.0.38:15166|priority:1|startupRole:FOLLOWER] with ContainerStateMachine:uninitialized
2023-05-23 10:26:25,774 [9a8ecc75-319b-47a2-9433-72c1cc276f25-groupManagement] INFO  server.RaftServerConfigKeys (ConfUtils.java:logGet(46)) - raft.server.rpc.timeout.min = 5s (custom)
2023-05-23 10:26:25,774 [9a8ecc75-319b-47a2-9433-72c1cc276f25-groupManagement] INFO  server.RaftServerConfigKeys (ConfUtils.java:logGet(46)) - raft.server.rpc.timeout.max = 5200ms (custom)
2023-05-23 10:26:25,774 [9a8ecc75-319b-47a2-9433-72c1cc276f25-groupManagement] INFO  server.RaftServerConfigKeys (ConfUtils.java:logGet(46)) - raft.server.rpc.sleep.time = 25ms (default)
2023-05-23 10:26:25,774 [9a8ecc75-319b-47a2-9433-72c1cc276f25-groupManagement] INFO  server.RaftServerConfigKeys (ConfUtils.java:logGet(46)) - raft.server.rpc.slowness.timeout = 300s (custom)
2023-05-23 10:26:25,774 [9a8ecc75-319b-47a2-9433-72c1cc276f25-groupManagement] INFO  server.RaftServerConfigKeys (ConfUtils.java:logGet(46)) - raft.server.leaderelection.leader.step-down.wait-time = 10s (default)
2023-05-23 10:26:25,774 [9a8ecc75-319b-47a2-9433-72c1cc276f25-groupManagement] INFO  server.RaftServerConfigKeys (ConfUtils.java:logGet(46)) - raft.server.sleep.deviation.threshold = 300ms (default)
2023-05-23 10:26:25,774 [9a8ecc75-319b-47a2-9433-72c1cc276f25-groupManagement] INFO  server.RaftServer$Division (ServerState.java:<init>(120)) - 9a8ecc75-319b-47a2-9433-72c1cc276f25@group-466CBA6666DA: ConfigurationManager, init=-1: peers:[9a8ecc75-319b-47a2-9433-72c1cc276f25|rpc:10.1.0.38:15165|admin:10.1.0.38:15164|client:10.1.0.38:15163|dataStream:10.1.0.38:15166|priority:1|startupRole:FOLLOWER]|listeners:[], old=null, confs=<EMPTY_MAP>
2023-05-23 10:26:25,775 [9a8ecc75-319b-47a2-9433-72c1cc276f25-groupManagement] INFO  server.RaftServerConfigKeys (ConfUtils.java:logGet(46)) - raft.server.storage.dir = [/home/runner/work/ozone/ozone/hadoop-ozone/integration-test/target/test-dir/MiniOzoneClusterImpl-00f23a18-bf09-4bf2-9950-b0f9dab58561/datanode-1/data/ratis] (custom)
2023-05-23 10:26:25,775 [9a8ecc75-319b-47a2-9433-72c1cc276f25-groupManagement] INFO  server.RaftServerConfigKeys (ConfUtils.java:logGet(46)) - raft.server.log.corruption.policy = EXCEPTION (default)
2023-05-23 10:26:25,775 [9a8ecc75-319b-47a2-9433-72c1cc276f25-groupManagement] INFO  server.RaftServerConfigKeys (ConfUtils.java:logGet(46)) - raft.server.storage.free-space.min = 0MB (=0) (default)
2023-05-23 10:26:25,775 [9a8ecc75-319b-47a2-9433-72c1cc276f25-groupManagement] INFO  server.RaftServerConfigKeys (ConfUtils.java:logGet(46)) - raft.server.notification.no-leader.timeout = 300s (custom)
2023-05-23 10:26:25,775 [9a8ecc75-319b-47a2-9433-72c1cc276f25-groupManagement] INFO  server.RaftServerConfigKeys (ConfUtils.java:logGet(46)) - raft.server.read.timeout = 10s (default)
2023-05-23 10:26:25,775 [9a8ecc75-319b-47a2-9433-72c1cc276f25-groupManagement] INFO  server.RaftServerConfigKeys (ConfUtils.java:logGet(46)) - raft.server.retrycache.expirytime = 600000ms (custom)
2023-05-23 10:26:25,775 [9a8ecc75-319b-47a2-9433-72c1cc276f25-groupManagement] INFO  server.RaftServerConfigKeys (ConfUtils.java:logGet(46)) - raft.server.retrycache.statistics.expirytime = 100μs (default)
2023-05-23 10:26:25,775 [9a8ecc75-319b-47a2-9433-72c1cc276f25-groupManagement] INFO  server.RaftServerConfigKeys (ConfUtils.java:logGet(46)) - raft.server.read.option = DEFAULT (default)
2023-05-23 10:26:25,776 [9a8ecc75-319b-47a2-9433-72c1cc276f25-groupManagement] INFO  server.RaftServerConfigKeys (ConfUtils.java:logGet(46)) - raft.server.rpc.request.timeout = 60s (custom)
2023-05-23 10:26:25,776 [9a8ecc75-319b-47a2-9433-72c1cc276f25-groupManagement] INFO  server.RaftServerConfigKeys (ConfUtils.java:logGet(46)) - raft.server.log.appender.install.snapshot.enabled = false (custom)
2023-05-23 10:26:25,776 [9a8ecc75-319b-47a2-9433-72c1cc276f25-groupManagement] INFO  server.RaftServerConfigKeys (ConfUtils.java:logGet(46)) - raft.server.threadpool.server.cached = true (default)
2023-05-23 10:26:25,776 [9a8ecc75-319b-47a2-9433-72c1cc276f25-groupManagement] INFO  server.RaftServerConfigKeys (ConfUtils.java:logGet(46)) - raft.server.threadpool.server.size = 0 (default)
2023-05-23 10:26:25,776 [9a8ecc75-319b-47a2-9433-72c1cc276f25-groupManagement] INFO  server.RaftServerConfigKeys (ConfUtils.java:logGet(46)) - raft.server.threadpool.client.cached = true (default)
2023-05-23 10:26:25,776 [9a8ecc75-319b-47a2-9433-72c1cc276f25-groupManagement] INFO  server.RaftServerConfigKeys (ConfUtils.java:logGet(46)) - raft.server.threadpool.client.size = 0 (default)
2023-05-23 10:26:25,776 [9a8ecc75-319b-47a2-9433-72c1cc276f25-groupManagement] INFO  storage.RaftStorageDirectory (RaftStorageDirectoryImpl.java:analyzeStorage(137)) - The storage directory /home/runner/work/ozone/ozone/hadoop-ozone/integration-test/target/test-dir/MiniOzoneClusterImpl-00f23a18-bf09-4bf2-9950-b0f9dab58561/datanode-1/data/ratis/eb6d013e-5984-4417-8b3a-466cba6666da does not exist. Creating ...
2023-05-23 10:26:25,778 [9a8ecc75-319b-47a2-9433-72c1cc276f25-groupManagement] INFO  storage.RaftStorageDirectory (RaftStorageDirectoryImpl.java:tryLock(231)) - Lock on /home/runner/work/ozone/ozone/hadoop-ozone/integration-test/target/test-dir/MiniOzoneClusterImpl-00f23a18-bf09-4bf2-9950-b0f9dab58561/datanode-1/data/ratis/eb6d013e-5984-4417-8b3a-466cba6666da/in_use.lock acquired by nodename 10384@fv-az1249-304
2023-05-23 10:26:25,779 [9a8ecc75-319b-47a2-9433-72c1cc276f25-groupManagement] INFO  storage.RaftStorage (RaftStorageImpl.java:format(96)) - Storage directory /home/runner/work/ozone/ozone/hadoop-ozone/integration-test/target/test-dir/MiniOzoneClusterImpl-00f23a18-bf09-4bf2-9950-b0f9dab58561/datanode-1/data/ratis/eb6d013e-5984-4417-8b3a-466cba6666da has been successfully formatted.
2023-05-23 10:26:25,779 [Listener at 127.0.0.1/15148] INFO  ozone.MiniOzoneClusterImpl (MiniOzoneClusterImpl.java:lambda$waitForClusterToBeReady$0(222)) - Nodes are ready. Got 5 of 5 DN Heartbeats.
2023-05-23 10:26:25,779 [Listener at 127.0.0.1/15148] INFO  ozone.MiniOzoneClusterImpl (MiniOzoneClusterImpl.java:lambda$waitForClusterToBeReady$0(225)) - Waiting for cluster to exit safe mode
2023-05-23 10:26:25,779 [Listener at 127.0.0.1/15148] INFO  ozone.MiniOzoneClusterImpl (MiniOzoneClusterImpl.java:lambda$waitForClusterToBeReady$0(227)) - SCM became leader
2023-05-23 10:26:25,779 [9a8ecc75-319b-47a2-9433-72c1cc276f25-groupManagement] INFO  ratis.ContainerStateMachine (ContainerStateMachine.java:loadSnapshot(262)) - group-466CBA6666DA: The snapshot info is null. Setting the last applied indexto:(t:0, i:~)
2023-05-23 10:26:25,780 [9a8ecc75-319b-47a2-9433-72c1cc276f25-groupManagement] INFO  server.RaftServerConfigKeys (ConfUtils.java:logGet(46)) - raft.server.log.use.memory = false (default)
2023-05-23 10:26:25,780 [9a8ecc75-319b-47a2-9433-72c1cc276f25-groupManagement] INFO  server.RaftServerConfigKeys (ConfUtils.java:logGet(46)) - raft.server.log.purge.gap = 1000000 (custom)
2023-05-23 10:26:25,780 [9a8ecc75-319b-47a2-9433-72c1cc276f25-groupManagement] INFO  server.RaftServerConfigKeys (ConfUtils.java:logGet(46)) - raft.server.log.appender.buffer.byte-limit = 33554432 (custom)
2023-05-23 10:26:25,780 [9a8ecc75-319b-47a2-9433-72c1cc276f25-groupManagement] INFO  server.RaftServerConfigKeys (ConfUtils.java:logGet(46)) - raft.server.log.statemachine.data.read.timeout = 1000ms (default)
2023-05-23 10:26:25,780 [9a8ecc75-319b-47a2-9433-72c1cc276f25-groupManagement] INFO  server.RaftServerConfigKeys (ConfUtils.java:logGet(46)) - raft.server.log.purge.preservation.log.num = 0 (default)
2023-05-23 10:26:25,780 [9a8ecc75-319b-47a2-9433-72c1cc276f25-groupManagement] INFO  server.RaftServerConfigKeys (ConfUtils.java:logGet(46)) - raft.server.log.segment.size.max = 1048576 (custom)
2023-05-23 10:26:25,781 [EventQueue-PipelineReportForPipelineReportHandler] INFO  pipeline.PipelineManagerImpl (PipelineManagerImpl.java:openPipeline(367)) - Pipeline Pipeline[ Id: eb6d013e-5984-4417-8b3a-466cba6666da, Nodes: 9a8ecc75-319b-47a2-9433-72c1cc276f25(fv-az1249-304/10.1.0.38), ReplicationConfig: RATIS/ONE, State:ALLOCATED, leaderId:9a8ecc75-319b-47a2-9433-72c1cc276f25, CreationTimestamp2023-05-23T10:26:22.777Z[Etc/UTC]] moved to OPEN state
2023-05-23 10:26:25,782 [EventQueue-OpenPipelineForHealthyPipelineSafeModeRule] INFO  safemode.SCMSafeModeManager (HealthyPipelineSafeModeRule.java:process(137)) - SCM in safe mode. Healthy pipelines reported count is 0, required healthy pipeline reported count is 1
2023-05-23 10:26:25,782 [9a8ecc75-319b-47a2-9433-72c1cc276f25-groupManagement] INFO  server.RaftServerConfigKeys (ConfUtils.java:logGet(46)) - raft.server.log.segment.cache.num.max = 2 (custom)
2023-05-23 10:26:25,782 [9a8ecc75-319b-47a2-9433-72c1cc276f25-groupManagement] INFO  server.RaftServerConfigKeys (ConfUtils.java:logGet(46)) - raft.server.log.segment.cache.size.max = 200MB (=209715200) (default)
2023-05-23 10:26:25,782 [9a8ecc75-319b-47a2-9433-72c1cc276f25-groupManagement] INFO  server.RaftServerConfigKeys (ConfUtils.java:logGet(46)) - raft.server.log.appender.buffer.byte-limit = 33554432 (custom)
2023-05-23 10:26:25,782 [9a8ecc75-319b-47a2-9433-72c1cc276f25-groupManagement] INFO  segmented.SegmentedRaftLogWorker (SegmentedRaftLogWorker.java:<init>(188)) - new 9a8ecc75-319b-47a2-9433-72c1cc276f25@group-466CBA6666DA-SegmentedRaftLogWorker for RaftStorageImpl:Storage Directory /home/runner/work/ozone/ozone/hadoop-ozone/integration-test/target/test-dir/MiniOzoneClusterImpl-00f23a18-bf09-4bf2-9950-b0f9dab58561/datanode-1/data/ratis/eb6d013e-5984-4417-8b3a-466cba6666da
2023-05-23 10:26:25,783 [9a8ecc75-319b-47a2-9433-72c1cc276f25-groupManagement] INFO  server.RaftServerConfigKeys (ConfUtils.java:logGet(46)) - raft.server.log.queue.byte-limit = 4294967296 (custom)
2023-05-23 10:26:25,783 [9a8ecc75-319b-47a2-9433-72c1cc276f25-groupManagement] INFO  server.RaftServerConfigKeys (ConfUtils.java:logGet(46)) - raft.server.log.queue.element-limit = 1024 (custom)
2023-05-23 10:26:25,783 [9a8ecc75-319b-47a2-9433-72c1cc276f25-groupManagement] INFO  server.RaftServerConfigKeys (ConfUtils.java:logGet(46)) - raft.server.log.segment.size.max = 1048576 (custom)
2023-05-23 10:26:25,783 [9a8ecc75-319b-47a2-9433-72c1cc276f25-groupManagement] INFO  server.RaftServerConfigKeys (ConfUtils.java:logGet(46)) - raft.server.log.preallocated.size = 16384 (custom)
2023-05-23 10:26:25,783 [9a8ecc75-319b-47a2-9433-72c1cc276f25-groupManagement] INFO  server.RaftServerConfigKeys (ConfUtils.java:logGet(46)) - raft.server.log.force.sync.num = 128 (default)
2023-05-23 10:26:25,783 [9a8ecc75-319b-47a2-9433-72c1cc276f25-groupManagement] INFO  server.RaftServerConfigKeys (ConfUtils.java:logGet(46)) - raft.server.log.statemachine.data.sync = true (default)
2023-05-23 10:26:25,783 [9a8ecc75-319b-47a2-9433-72c1cc276f25-groupManagement] INFO  server.RaftServerConfigKeys (ConfUtils.java:logGet(46)) - raft.server.log.statemachine.data.sync.timeout = 10s (default)
2023-05-23 10:26:25,783 [9a8ecc75-319b-47a2-9433-72c1cc276f25-groupManagement] INFO  server.RaftServerConfigKeys (ConfUtils.java:logGet(46)) - raft.server.log.statemachine.data.sync.timeout.retry = -1 (default)
2023-05-23 10:26:25,783 [9a8ecc75-319b-47a2-9433-72c1cc276f25-groupManagement] INFO  server.RaftServerConfigKeys (ConfUtils.java:logGet(46)) - raft.server.log.write.buffer.size = 1048576 (custom)
2023-05-23 10:26:25,784 [9a8ecc75-319b-47a2-9433-72c1cc276f25-groupManagement] INFO  server.RaftServerConfigKeys (ConfUtils.java:logGet(46)) - raft.server.log.appender.buffer.byte-limit = 33554432 (custom)
2023-05-23 10:26:25,790 [9a8ecc75-319b-47a2-9433-72c1cc276f25-groupManagement] INFO  server.RaftServerConfigKeys (ConfUtils.java:logGet(46)) - raft.server.log.unsafe-flush.enabled = false (default)
2023-05-23 10:26:25,790 [9a8ecc75-319b-47a2-9433-72c1cc276f25-groupManagement] INFO  server.RaftServerConfigKeys (ConfUtils.java:logGet(46)) - raft.server.log.async-flush.enabled = false (default)
2023-05-23 10:26:25,790 [9a8ecc75-319b-47a2-9433-72c1cc276f25-groupManagement] INFO  server.RaftServerConfigKeys (ConfUtils.java:logGet(46)) - raft.server.log.statemachine.data.caching.enabled = true (custom)
2023-05-23 10:26:25,791 [9a8ecc75-319b-47a2-9433-72c1cc276f25-groupManagement] INFO  segmented.SegmentedRaftLogWorker (SegmentedRaftLogWorker.java:lambda$new$0(135)) - 9a8ecc75-319b-47a2-9433-72c1cc276f25@group-466CBA6666DA-SegmentedRaftLogWorker: flushIndex: setUnconditionally 0 -> -1
2023-05-23 10:26:25,791 [9a8ecc75-319b-47a2-9433-72c1cc276f25-groupManagement] INFO  segmented.SegmentedRaftLogWorker (SegmentedRaftLogWorker.java:lambda$new$0(135)) - 9a8ecc75-319b-47a2-9433-72c1cc276f25@group-466CBA6666DA-SegmentedRaftLogWorker: safeCacheEvictIndex: setUnconditionally 0 -> -1
2023-05-23 10:26:25,791 [9a8ecc75-319b-47a2-9433-72c1cc276f25-groupManagement] INFO  server.RaftServer$Division (RaftServerImpl.java:start(342)) - 9a8ecc75-319b-47a2-9433-72c1cc276f25@group-466CBA6666DA: start as a follower, conf=-1: peers:[9a8ecc75-319b-47a2-9433-72c1cc276f25|rpc:10.1.0.38:15165|admin:10.1.0.38:15164|client:10.1.0.38:15163|dataStream:10.1.0.38:15166|priority:1|startupRole:FOLLOWER]|listeners:[], old=null
2023-05-23 10:26:25,791 [9a8ecc75-319b-47a2-9433-72c1cc276f25-groupManagement] INFO  server.RaftServer$Division (RaftServerImpl.java:setRole(329)) - 9a8ecc75-319b-47a2-9433-72c1cc276f25@group-466CBA6666DA: changes role from      null to FOLLOWER at term 0 for startAsFollower
2023-05-23 10:26:25,791 [9a8ecc75-319b-47a2-9433-72c1cc276f25-groupManagement] INFO  impl.RoleInfo (RoleInfo.java:updateAndGet(139)) - 9a8ecc75-319b-47a2-9433-72c1cc276f25: start 9a8ecc75-319b-47a2-9433-72c1cc276f25@group-466CBA6666DA-FollowerState
2023-05-23 10:26:25,792 [9a8ecc75-319b-47a2-9433-72c1cc276f25-groupManagement] INFO  util.JmxRegister (JmxRegister.java:tryRegister(44)) - Successfully registered JMX Bean with object name Ratis:service=RaftServer,group=group-466CBA6666DA,id=9a8ecc75-319b-47a2-9433-72c1cc276f25
2023-05-23 10:26:25,792 [9a8ecc75-319b-47a2-9433-72c1cc276f25@group-466CBA6666DA-FollowerState] INFO  server.RaftServerConfigKeys (ConfUtils.java:logFallback(53)) - raft.server.rpc.first-election.timeout.min = 5s (fallback to raft.server.rpc.timeout.min)
2023-05-23 10:26:25,792 [9a8ecc75-319b-47a2-9433-72c1cc276f25@group-466CBA6666DA-FollowerState] INFO  server.RaftServerConfigKeys (ConfUtils.java:logFallback(53)) - raft.server.rpc.first-election.timeout.max = 5200ms (fallback to raft.server.rpc.timeout.max)
2023-05-23 10:26:25,792 [9a8ecc75-319b-47a2-9433-72c1cc276f25-groupManagement] INFO  server.RaftServerConfigKeys (ConfUtils.java:logGet(46)) - raft.server.snapshot.auto.trigger.enabled = true (custom)
2023-05-23 10:26:25,792 [9a8ecc75-319b-47a2-9433-72c1cc276f25-groupManagement] INFO  server.RaftServerConfigKeys (ConfUtils.java:logGet(46)) - raft.server.snapshot.auto.trigger.threshold = 10000 (custom)
2023-05-23 10:26:25,792 [9a8ecc75-319b-47a2-9433-72c1cc276f25-groupManagement] INFO  server.RaftServerConfigKeys (ConfUtils.java:logGet(46)) - raft.server.snapshot.retention.file.num = 5 (custom)
2023-05-23 10:26:25,792 [9a8ecc75-319b-47a2-9433-72c1cc276f25-groupManagement] INFO  server.RaftServerConfigKeys (ConfUtils.java:logGet(46)) - raft.server.log.purge.upto.snapshot.index = false (default)
2023-05-23 10:26:25,792 [Command processor thread] INFO  ratis.XceiverServerRatis (XceiverServerRatis.java:addGroup(806)) - Created group PipelineID=eb6d013e-5984-4417-8b3a-466cba6666da
2023-05-23 10:26:25,792 [Command processor thread] INFO  commandhandler.CreatePipelineCommandHandler (CreatePipelineCommandHandler.java:handle(113)) - Created Pipeline RATIS ONE PipelineID=eb6d013e-5984-4417-8b3a-466cba6666da.
2023-05-23 10:26:26,047 [ReplicationMonitor] INFO  replication.ReplicationManager (ReplicationManager.java:processAll(375)) - Replication Manager is not ready to run until 3000ms after safemode exit
2023-05-23 10:26:26,129 [b898f15d-4860-47c9-8591-05c5a169db6c-groupManagement] INFO  server.RaftServer$Division (RaftServerImpl.java:<init>(198)) - b898f15d-4860-47c9-8591-05c5a169db6c: new RaftServerImpl for group-4FAE459B0B50:[b898f15d-4860-47c9-8591-05c5a169db6c|rpc:10.1.0.38:15173|admin:10.1.0.38:15172|client:10.1.0.38:15171|dataStream:10.1.0.38:15174|priority:1|startupRole:FOLLOWER] with ContainerStateMachine:uninitialized
2023-05-23 10:26:26,130 [b898f15d-4860-47c9-8591-05c5a169db6c-groupManagement] INFO  server.RaftServerConfigKeys (ConfUtils.java:logGet(46)) - raft.server.rpc.timeout.min = 5s (custom)
2023-05-23 10:26:26,130 [b898f15d-4860-47c9-8591-05c5a169db6c-groupManagement] INFO  server.RaftServerConfigKeys (ConfUtils.java:logGet(46)) - raft.server.rpc.timeout.max = 5200ms (custom)
2023-05-23 10:26:26,130 [b898f15d-4860-47c9-8591-05c5a169db6c-groupManagement] INFO  server.RaftServerConfigKeys (ConfUtils.java:logGet(46)) - raft.server.rpc.sleep.time = 25ms (default)
2023-05-23 10:26:26,130 [b898f15d-4860-47c9-8591-05c5a169db6c-groupManagement] INFO  server.RaftServerConfigKeys (ConfUtils.java:logGet(46)) - raft.server.rpc.slowness.timeout = 300s (custom)
2023-05-23 10:26:26,130 [b898f15d-4860-47c9-8591-05c5a169db6c-groupManagement] INFO  server.RaftServerConfigKeys (ConfUtils.java:logGet(46)) - raft.server.leaderelection.leader.step-down.wait-time = 10s (default)
2023-05-23 10:26:26,130 [b898f15d-4860-47c9-8591-05c5a169db6c-groupManagement] INFO  server.RaftServerConfigKeys (ConfUtils.java:logGet(46)) - raft.server.sleep.deviation.threshold = 300ms (default)
2023-05-23 10:26:26,130 [b898f15d-4860-47c9-8591-05c5a169db6c-groupManagement] INFO  server.RaftServer$Division (ServerState.java:<init>(120)) - b898f15d-4860-47c9-8591-05c5a169db6c@group-4FAE459B0B50: ConfigurationManager, init=-1: peers:[b898f15d-4860-47c9-8591-05c5a169db6c|rpc:10.1.0.38:15173|admin:10.1.0.38:15172|client:10.1.0.38:15171|dataStream:10.1.0.38:15174|priority:1|startupRole:FOLLOWER]|listeners:[], old=null, confs=<EMPTY_MAP>
2023-05-23 10:26:26,130 [b898f15d-4860-47c9-8591-05c5a169db6c-groupManagement] INFO  server.RaftServerConfigKeys (ConfUtils.java:logGet(46)) - raft.server.storage.dir = [/home/runner/work/ozone/ozone/hadoop-ozone/integration-test/target/test-dir/MiniOzoneClusterImpl-00f23a18-bf09-4bf2-9950-b0f9dab58561/datanode-2/data/ratis] (custom)
2023-05-23 10:26:26,130 [b898f15d-4860-47c9-8591-05c5a169db6c-groupManagement] INFO  server.RaftServerConfigKeys (ConfUtils.java:logGet(46)) - raft.server.log.corruption.policy = EXCEPTION (default)
2023-05-23 10:26:26,130 [b898f15d-4860-47c9-8591-05c5a169db6c-groupManagement] INFO  server.RaftServerConfigKeys (ConfUtils.java:logGet(46)) - raft.server.storage.free-space.min = 0MB (=0) (default)
2023-05-23 10:26:26,130 [b898f15d-4860-47c9-8591-05c5a169db6c-groupManagement] INFO  server.RaftServerConfigKeys (ConfUtils.java:logGet(46)) - raft.server.notification.no-leader.timeout = 300s (custom)
2023-05-23 10:26:26,130 [b898f15d-4860-47c9-8591-05c5a169db6c-groupManagement] INFO  server.RaftServerConfigKeys (ConfUtils.java:logGet(46)) - raft.server.read.timeout = 10s (default)
2023-05-23 10:26:26,130 [b898f15d-4860-47c9-8591-05c5a169db6c-groupManagement] INFO  server.RaftServerConfigKeys (ConfUtils.java:logGet(46)) - raft.server.retrycache.expirytime = 600000ms (custom)
2023-05-23 10:26:26,131 [b898f15d-4860-47c9-8591-05c5a169db6c-groupManagement] INFO  server.RaftServerConfigKeys (ConfUtils.java:logGet(46)) - raft.server.retrycache.statistics.expirytime = 100μs (default)
2023-05-23 10:26:26,131 [b898f15d-4860-47c9-8591-05c5a169db6c-groupManagement] INFO  server.RaftServerConfigKeys (ConfUtils.java:logGet(46)) - raft.server.read.option = DEFAULT (default)
2023-05-23 10:26:26,131 [b898f15d-4860-47c9-8591-05c5a169db6c-groupManagement] INFO  server.RaftServerConfigKeys (ConfUtils.java:logGet(46)) - raft.server.rpc.request.timeout = 60s (custom)
2023-05-23 10:26:26,131 [b898f15d-4860-47c9-8591-05c5a169db6c-groupManagement] INFO  server.RaftServerConfigKeys (ConfUtils.java:logGet(46)) - raft.server.log.appender.install.snapshot.enabled = false (custom)
2023-05-23 10:26:26,131 [b898f15d-4860-47c9-8591-05c5a169db6c-groupManagement] INFO  server.RaftServerConfigKeys (ConfUtils.java:logGet(46)) - raft.server.threadpool.server.cached = true (default)
2023-05-23 10:26:26,131 [b898f15d-4860-47c9-8591-05c5a169db6c-groupManagement] INFO  server.RaftServerConfigKeys (ConfUtils.java:logGet(46)) - raft.server.threadpool.server.size = 0 (default)
2023-05-23 10:26:26,131 [b898f15d-4860-47c9-8591-05c5a169db6c-groupManagement] INFO  server.RaftServerConfigKeys (ConfUtils.java:logGet(46)) - raft.server.threadpool.client.cached = true (default)
2023-05-23 10:26:26,131 [b898f15d-4860-47c9-8591-05c5a169db6c-groupManagement] INFO  server.RaftServerConfigKeys (ConfUtils.java:logGet(46)) - raft.server.threadpool.client.size = 0 (default)
2023-05-23 10:26:26,131 [Command processor thread] INFO  server.RaftServer (RaftServerProxy.java:addNew(98)) - b898f15d-4860-47c9-8591-05c5a169db6c: addNew group-4FAE459B0B50:[b898f15d-4860-47c9-8591-05c5a169db6c|rpc:10.1.0.38:15173|admin:10.1.0.38:15172|client:10.1.0.38:15171|dataStream:10.1.0.38:15174|priority:1|startupRole:FOLLOWER] returns group-4FAE459B0B50:java.util.concurrent.CompletableFuture@472b7b71[Not completed]
2023-05-23 10:26:26,132 [b898f15d-4860-47c9-8591-05c5a169db6c-groupManagement] INFO  storage.RaftStorageDirectory (RaftStorageDirectoryImpl.java:analyzeStorage(137)) - The storage directory /home/runner/work/ozone/ozone/hadoop-ozone/integration-test/target/test-dir/MiniOzoneClusterImpl-00f23a18-bf09-4bf2-9950-b0f9dab58561/datanode-2/data/ratis/82dec945-5355-4c8f-b0c4-4fae459b0b50 does not exist. Creating ...
2023-05-23 10:26:26,133 [b898f15d-4860-47c9-8591-05c5a169db6c-groupManagement] INFO  storage.RaftStorageDirectory (RaftStorageDirectoryImpl.java:tryLock(231)) - Lock on /home/runner/work/ozone/ozone/hadoop-ozone/integration-test/target/test-dir/MiniOzoneClusterImpl-00f23a18-bf09-4bf2-9950-b0f9dab58561/datanode-2/data/ratis/82dec945-5355-4c8f-b0c4-4fae459b0b50/in_use.lock acquired by nodename 10384@fv-az1249-304
2023-05-23 10:26:26,134 [b898f15d-4860-47c9-8591-05c5a169db6c-groupManagement] INFO  storage.RaftStorage (RaftStorageImpl.java:format(96)) - Storage directory /home/runner/work/ozone/ozone/hadoop-ozone/integration-test/target/test-dir/MiniOzoneClusterImpl-00f23a18-bf09-4bf2-9950-b0f9dab58561/datanode-2/data/ratis/82dec945-5355-4c8f-b0c4-4fae459b0b50 has been successfully formatted.
2023-05-23 10:26:26,135 [b898f15d-4860-47c9-8591-05c5a169db6c-groupManagement] INFO  ratis.ContainerStateMachine (ContainerStateMachine.java:loadSnapshot(262)) - group-4FAE459B0B50: The snapshot info is null. Setting the last applied indexto:(t:0, i:~)
2023-05-23 10:26:26,135 [b898f15d-4860-47c9-8591-05c5a169db6c-groupManagement] INFO  server.RaftServerConfigKeys (ConfUtils.java:logGet(46)) - raft.server.log.use.memory = false (default)
2023-05-23 10:26:26,135 [b898f15d-4860-47c9-8591-05c5a169db6c-groupManagement] INFO  server.RaftServerConfigKeys (ConfUtils.java:logGet(46)) - raft.server.log.purge.gap = 1000000 (custom)
2023-05-23 10:26:26,135 [b898f15d-4860-47c9-8591-05c5a169db6c-groupManagement] INFO  server.RaftServerConfigKeys (ConfUtils.java:logGet(46)) - raft.server.log.appender.buffer.byte-limit = 33554432 (custom)
2023-05-23 10:26:26,135 [b898f15d-4860-47c9-8591-05c5a169db6c-groupManagement] INFO  server.RaftServerConfigKeys (ConfUtils.java:logGet(46)) - raft.server.log.statemachine.data.read.timeout = 1000ms (default)
2023-05-23 10:26:26,135 [b898f15d-4860-47c9-8591-05c5a169db6c-groupManagement] INFO  server.RaftServerConfigKeys (ConfUtils.java:logGet(46)) - raft.server.log.purge.preservation.log.num = 0 (default)
2023-05-23 10:26:26,135 [b898f15d-4860-47c9-8591-05c5a169db6c-groupManagement] INFO  server.RaftServerConfigKeys (ConfUtils.java:logGet(46)) - raft.server.log.segment.size.max = 1048576 (custom)
2023-05-23 10:26:26,136 [b898f15d-4860-47c9-8591-05c5a169db6c-groupManagement] INFO  server.RaftServerConfigKeys (ConfUtils.java:logGet(46)) - raft.server.log.segment.cache.num.max = 2 (custom)
2023-05-23 10:26:26,136 [b898f15d-4860-47c9-8591-05c5a169db6c-groupManagement] INFO  server.RaftServerConfigKeys (ConfUtils.java:logGet(46)) - raft.server.log.segment.cache.size.max = 200MB (=209715200) (default)
2023-05-23 10:26:26,136 [b898f15d-4860-47c9-8591-05c5a169db6c-groupManagement] INFO  server.RaftServerConfigKeys (ConfUtils.java:logGet(46)) - raft.server.log.appender.buffer.byte-limit = 33554432 (custom)
2023-05-23 10:26:26,136 [b898f15d-4860-47c9-8591-05c5a169db6c-groupManagement] INFO  segmented.SegmentedRaftLogWorker (SegmentedRaftLogWorker.java:<init>(188)) - new b898f15d-4860-47c9-8591-05c5a169db6c@group-4FAE459B0B50-SegmentedRaftLogWorker for RaftStorageImpl:Storage Directory /home/runner/work/ozone/ozone/hadoop-ozone/integration-test/target/test-dir/MiniOzoneClusterImpl-00f23a18-bf09-4bf2-9950-b0f9dab58561/datanode-2/data/ratis/82dec945-5355-4c8f-b0c4-4fae459b0b50
2023-05-23 10:26:26,136 [b898f15d-4860-47c9-8591-05c5a169db6c-groupManagement] INFO  server.RaftServerConfigKeys (ConfUtils.java:logGet(46)) - raft.server.log.queue.byte-limit = 4294967296 (custom)
2023-05-23 10:26:26,136 [b898f15d-4860-47c9-8591-05c5a169db6c-groupManagement] INFO  server.RaftServerConfigKeys (ConfUtils.java:logGet(46)) - raft.server.log.queue.element-limit = 1024 (custom)
2023-05-23 10:26:26,136 [EventQueue-PipelineReportForPipelineReportHandler] INFO  pipeline.PipelineManagerImpl (PipelineManagerImpl.java:openPipeline(367)) - Pipeline Pipeline[ Id: 82dec945-5355-4c8f-b0c4-4fae459b0b50, Nodes: b898f15d-4860-47c9-8591-05c5a169db6c(fv-az1249-304/10.1.0.38), ReplicationConfig: RATIS/ONE, State:ALLOCATED, leaderId:b898f15d-4860-47c9-8591-05c5a169db6c, CreationTimestamp2023-05-23T10:26:23.131Z[Etc/UTC]] moved to OPEN state
2023-05-23 10:26:26,136 [b898f15d-4860-47c9-8591-05c5a169db6c-groupManagement] INFO  server.RaftServerConfigKeys (ConfUtils.java:logGet(46)) - raft.server.log.segment.size.max = 1048576 (custom)
2023-05-23 10:26:26,136 [b898f15d-4860-47c9-8591-05c5a169db6c-groupManagement] INFO  server.RaftServerConfigKeys (ConfUtils.java:logGet(46)) - raft.server.log.preallocated.size = 16384 (custom)
2023-05-23 10:26:26,136 [b898f15d-4860-47c9-8591-05c5a169db6c-groupManagement] INFO  server.RaftServerConfigKeys (ConfUtils.java:logGet(46)) - raft.server.log.force.sync.num = 128 (default)
2023-05-23 10:26:26,136 [b898f15d-4860-47c9-8591-05c5a169db6c-groupManagement] INFO  server.RaftServerConfigKeys (ConfUtils.java:logGet(46)) - raft.server.log.statemachine.data.sync = true (default)
2023-05-23 10:26:26,136 [b898f15d-4860-47c9-8591-05c5a169db6c-groupManagement] INFO  server.RaftServerConfigKeys (ConfUtils.java:logGet(46)) - raft.server.log.statemachine.data.sync.timeout = 10s (default)
2023-05-23 10:26:26,136 [b898f15d-4860-47c9-8591-05c5a169db6c-groupManagement] INFO  server.RaftServerConfigKeys (ConfUtils.java:logGet(46)) - raft.server.log.statemachine.data.sync.timeout.retry = -1 (default)
2023-05-23 10:26:26,136 [EventQueue-OpenPipelineForHealthyPipelineSafeModeRule] INFO  safemode.SCMSafeModeManager (HealthyPipelineSafeModeRule.java:process(137)) - SCM in safe mode. Healthy pipelines reported count is 0, required healthy pipeline reported count is 1
2023-05-23 10:26:26,137 [b898f15d-4860-47c9-8591-05c5a169db6c-groupManagement] INFO  server.RaftServerConfigKeys (ConfUtils.java:logGet(46)) - raft.server.log.write.buffer.size = 1048576 (custom)
2023-05-23 10:26:26,138 [b898f15d-4860-47c9-8591-05c5a169db6c-groupManagement] INFO  server.RaftServerConfigKeys (ConfUtils.java:logGet(46)) - raft.server.log.appender.buffer.byte-limit = 33554432 (custom)
2023-05-23 10:26:26,143 [b898f15d-4860-47c9-8591-05c5a169db6c-groupManagement] INFO  server.RaftServerConfigKeys (ConfUtils.java:logGet(46)) - raft.server.log.unsafe-flush.enabled = false (default)
2023-05-23 10:26:26,143 [b898f15d-4860-47c9-8591-05c5a169db6c-groupManagement] INFO  server.RaftServerConfigKeys (ConfUtils.java:logGet(46)) - raft.server.log.async-flush.enabled = false (default)
2023-05-23 10:26:26,143 [b898f15d-4860-47c9-8591-05c5a169db6c-groupManagement] INFO  server.RaftServerConfigKeys (ConfUtils.java:logGet(46)) - raft.server.log.statemachine.data.caching.enabled = true (custom)
2023-05-23 10:26:26,144 [b898f15d-4860-47c9-8591-05c5a169db6c-groupManagement] INFO  segmented.SegmentedRaftLogWorker (SegmentedRaftLogWorker.java:lambda$new$0(135)) - b898f15d-4860-47c9-8591-05c5a169db6c@group-4FAE459B0B50-SegmentedRaftLogWorker: flushIndex: setUnconditionally 0 -> -1
2023-05-23 10:26:26,144 [b898f15d-4860-47c9-8591-05c5a169db6c-groupManagement] INFO  segmented.SegmentedRaftLogWorker (SegmentedRaftLogWorker.java:lambda$new$0(135)) - b898f15d-4860-47c9-8591-05c5a169db6c@group-4FAE459B0B50-SegmentedRaftLogWorker: safeCacheEvictIndex: setUnconditionally 0 -> -1
2023-05-23 10:26:26,144 [b898f15d-4860-47c9-8591-05c5a169db6c-groupManagement] INFO  server.RaftServer$Division (RaftServerImpl.java:start(342)) - b898f15d-4860-47c9-8591-05c5a169db6c@group-4FAE459B0B50: start as a follower, conf=-1: peers:[b898f15d-4860-47c9-8591-05c5a169db6c|rpc:10.1.0.38:15173|admin:10.1.0.38:15172|client:10.1.0.38:15171|dataStream:10.1.0.38:15174|priority:1|startupRole:FOLLOWER]|listeners:[], old=null
2023-05-23 10:26:26,144 [b898f15d-4860-47c9-8591-05c5a169db6c-groupManagement] INFO  server.RaftServer$Division (RaftServerImpl.java:setRole(329)) - b898f15d-4860-47c9-8591-05c5a169db6c@group-4FAE459B0B50: changes role from      null to FOLLOWER at term 0 for startAsFollower
2023-05-23 10:26:26,144 [b898f15d-4860-47c9-8591-05c5a169db6c-groupManagement] INFO  impl.RoleInfo (RoleInfo.java:updateAndGet(139)) - b898f15d-4860-47c9-8591-05c5a169db6c: start b898f15d-4860-47c9-8591-05c5a169db6c@group-4FAE459B0B50-FollowerState
2023-05-23 10:26:26,144 [b898f15d-4860-47c9-8591-05c5a169db6c-groupManagement] INFO  util.JmxRegister (JmxRegister.java:tryRegister(44)) - Successfully registered JMX Bean with object name Ratis:service=RaftServer,group=group-4FAE459B0B50,id=b898f15d-4860-47c9-8591-05c5a169db6c
2023-05-23 10:26:26,144 [b898f15d-4860-47c9-8591-05c5a169db6c-groupManagement] INFO  server.RaftServerConfigKeys (ConfUtils.java:logGet(46)) - raft.server.snapshot.auto.trigger.enabled = true (custom)
2023-05-23 10:26:26,144 [b898f15d-4860-47c9-8591-05c5a169db6c-groupManagement] INFO  server.RaftServerConfigKeys (ConfUtils.java:logGet(46)) - raft.server.snapshot.auto.trigger.threshold = 10000 (custom)
2023-05-23 10:26:26,144 [b898f15d-4860-47c9-8591-05c5a169db6c-groupManagement] INFO  server.RaftServerConfigKeys (ConfUtils.java:logGet(46)) - raft.server.snapshot.retention.file.num = 5 (custom)
2023-05-23 10:26:26,144 [b898f15d-4860-47c9-8591-05c5a169db6c-groupManagement] INFO  server.RaftServerConfigKeys (ConfUtils.java:logGet(46)) - raft.server.log.purge.upto.snapshot.index = false (default)
2023-05-23 10:26:26,145 [Command processor thread] INFO  ratis.XceiverServerRatis (XceiverServerRatis.java:addGroup(806)) - Created group PipelineID=82dec945-5355-4c8f-b0c4-4fae459b0b50
2023-05-23 10:26:26,145 [b898f15d-4860-47c9-8591-05c5a169db6c@group-4FAE459B0B50-FollowerState] INFO  server.RaftServerConfigKeys (ConfUtils.java:logFallback(53)) - raft.server.rpc.first-election.timeout.min = 5s (fallback to raft.server.rpc.timeout.min)
2023-05-23 10:26:26,145 [Command processor thread] INFO  commandhandler.CreatePipelineCommandHandler (CreatePipelineCommandHandler.java:handle(113)) - Created Pipeline RATIS ONE PipelineID=82dec945-5355-4c8f-b0c4-4fae459b0b50.
2023-05-23 10:26:26,145 [b898f15d-4860-47c9-8591-05c5a169db6c@group-4FAE459B0B50-FollowerState] INFO  server.RaftServerConfigKeys (ConfUtils.java:logFallback(53)) - raft.server.rpc.first-election.timeout.max = 5200ms (fallback to raft.server.rpc.timeout.max)
2023-05-23 10:26:26,467 [Command processor thread] INFO  server.RaftServer (RaftServerProxy.java:addNew(98)) - 7156f7e4-fd15-431a-a0da-daed1f966c8d: addNew group-39B6525C880F:[7156f7e4-fd15-431a-a0da-daed1f966c8d|rpc:10.1.0.38:15181|admin:10.1.0.38:15180|client:10.1.0.38:15179|dataStream:10.1.0.38:15182|priority:1|startupRole:FOLLOWER] returns group-39B6525C880F:java.util.concurrent.CompletableFuture@5209849e[Not completed]
2023-05-23 10:26:26,468 [7156f7e4-fd15-431a-a0da-daed1f966c8d-groupManagement] INFO  server.RaftServer$Division (RaftServerImpl.java:<init>(198)) - 7156f7e4-fd15-431a-a0da-daed1f966c8d: new RaftServerImpl for group-39B6525C880F:[7156f7e4-fd15-431a-a0da-daed1f966c8d|rpc:10.1.0.38:15181|admin:10.1.0.38:15180|client:10.1.0.38:15179|dataStream:10.1.0.38:15182|priority:1|startupRole:FOLLOWER] with ContainerStateMachine:uninitialized
2023-05-23 10:26:26,468 [7156f7e4-fd15-431a-a0da-daed1f966c8d-groupManagement] INFO  server.RaftServerConfigKeys (ConfUtils.java:logGet(46)) - raft.server.rpc.timeout.min = 5s (custom)
2023-05-23 10:26:26,468 [7156f7e4-fd15-431a-a0da-daed1f966c8d-groupManagement] INFO  server.RaftServerConfigKeys (ConfUtils.java:logGet(46)) - raft.server.rpc.timeout.max = 5200ms (custom)
2023-05-23 10:26:26,468 [7156f7e4-fd15-431a-a0da-daed1f966c8d-groupManagement] INFO  server.RaftServerConfigKeys (ConfUtils.java:logGet(46)) - raft.server.rpc.sleep.time = 25ms (default)
2023-05-23 10:26:26,468 [7156f7e4-fd15-431a-a0da-daed1f966c8d-groupManagement] INFO  server.RaftServerConfigKeys (ConfUtils.java:logGet(46)) - raft.server.rpc.slowness.timeout = 300s (custom)
2023-05-23 10:26:26,468 [7156f7e4-fd15-431a-a0da-daed1f966c8d-groupManagement] INFO  server.RaftServerConfigKeys (ConfUtils.java:logGet(46)) - raft.server.leaderelection.leader.step-down.wait-time = 10s (default)
2023-05-23 10:26:26,468 [7156f7e4-fd15-431a-a0da-daed1f966c8d-groupManagement] INFO  server.RaftServerConfigKeys (ConfUtils.java:logGet(46)) - raft.server.sleep.deviation.threshold = 300ms (default)
2023-05-23 10:26:26,468 [7156f7e4-fd15-431a-a0da-daed1f966c8d-groupManagement] INFO  server.RaftServer$Division (ServerState.java:<init>(120)) - 7156f7e4-fd15-431a-a0da-daed1f966c8d@group-39B6525C880F: ConfigurationManager, init=-1: peers:[7156f7e4-fd15-431a-a0da-daed1f966c8d|rpc:10.1.0.38:15181|admin:10.1.0.38:15180|client:10.1.0.38:15179|dataStream:10.1.0.38:15182|priority:1|startupRole:FOLLOWER]|listeners:[], old=null, confs=<EMPTY_MAP>
2023-05-23 10:26:26,468 [7156f7e4-fd15-431a-a0da-daed1f966c8d-groupManagement] INFO  server.RaftServerConfigKeys (ConfUtils.java:logGet(46)) - raft.server.storage.dir = [/home/runner/work/ozone/ozone/hadoop-ozone/integration-test/target/test-dir/MiniOzoneClusterImpl-00f23a18-bf09-4bf2-9950-b0f9dab58561/datanode-3/data/ratis] (custom)
2023-05-23 10:26:26,469 [7156f7e4-fd15-431a-a0da-daed1f966c8d-groupManagement] INFO  server.RaftServerConfigKeys (ConfUtils.java:logGet(46)) - raft.server.log.corruption.policy = EXCEPTION (default)
2023-05-23 10:26:26,469 [7156f7e4-fd15-431a-a0da-daed1f966c8d-groupManagement] INFO  server.RaftServerConfigKeys (ConfUtils.java:logGet(46)) - raft.server.storage.free-space.min = 0MB (=0) (default)
2023-05-23 10:26:26,469 [7156f7e4-fd15-431a-a0da-daed1f966c8d-groupManagement] INFO  server.RaftServerConfigKeys (ConfUtils.java:logGet(46)) - raft.server.notification.no-leader.timeout = 300s (custom)
2023-05-23 10:26:26,469 [7156f7e4-fd15-431a-a0da-daed1f966c8d-groupManagement] INFO  server.RaftServerConfigKeys (ConfUtils.java:logGet(46)) - raft.server.read.timeout = 10s (default)
2023-05-23 10:26:26,469 [7156f7e4-fd15-431a-a0da-daed1f966c8d-groupManagement] INFO  server.RaftServerConfigKeys (ConfUtils.java:logGet(46)) - raft.server.retrycache.expirytime = 600000ms (custom)
2023-05-23 10:26:26,469 [7156f7e4-fd15-431a-a0da-daed1f966c8d-groupManagement] INFO  server.RaftServerConfigKeys (ConfUtils.java:logGet(46)) - raft.server.retrycache.statistics.expirytime = 100μs (default)
2023-05-23 10:26:26,469 [7156f7e4-fd15-431a-a0da-daed1f966c8d-groupManagement] INFO  server.RaftServerConfigKeys (ConfUtils.java:logGet(46)) - raft.server.read.option = DEFAULT (default)
2023-05-23 10:26:26,470 [7156f7e4-fd15-431a-a0da-daed1f966c8d-groupManagement] INFO  server.RaftServerConfigKeys (ConfUtils.java:logGet(46)) - raft.server.rpc.request.timeout = 60s (custom)
2023-05-23 10:26:26,470 [7156f7e4-fd15-431a-a0da-daed1f966c8d-groupManagement] INFO  server.RaftServerConfigKeys (ConfUtils.java:logGet(46)) - raft.server.log.appender.install.snapshot.enabled = false (custom)
2023-05-23 10:26:26,470 [7156f7e4-fd15-431a-a0da-daed1f966c8d-groupManagement] INFO  server.RaftServerConfigKeys (ConfUtils.java:logGet(46)) - raft.server.threadpool.server.cached = true (default)
2023-05-23 10:26:26,470 [7156f7e4-fd15-431a-a0da-daed1f966c8d-groupManagement] INFO  server.RaftServerConfigKeys (ConfUtils.java:logGet(46)) - raft.server.threadpool.server.size = 0 (default)
2023-05-23 10:26:26,470 [7156f7e4-fd15-431a-a0da-daed1f966c8d-groupManagement] INFO  server.RaftServerConfigKeys (ConfUtils.java:logGet(46)) - raft.server.threadpool.client.cached = true (default)
2023-05-23 10:26:26,470 [7156f7e4-fd15-431a-a0da-daed1f966c8d-groupManagement] INFO  server.RaftServerConfigKeys (ConfUtils.java:logGet(46)) - raft.server.threadpool.client.size = 0 (default)
2023-05-23 10:26:26,470 [7156f7e4-fd15-431a-a0da-daed1f966c8d-groupManagement] INFO  storage.RaftStorageDirectory (RaftStorageDirectoryImpl.java:analyzeStorage(137)) - The storage directory /home/runner/work/ozone/ozone/hadoop-ozone/integration-test/target/test-dir/MiniOzoneClusterImpl-00f23a18-bf09-4bf2-9950-b0f9dab58561/datanode-3/data/ratis/9033f8d5-21be-40e1-ae74-39b6525c880f does not exist. Creating ...
2023-05-23 10:26:26,472 [7156f7e4-fd15-431a-a0da-daed1f966c8d-groupManagement] INFO  storage.RaftStorageDirectory (RaftStorageDirectoryImpl.java:tryLock(231)) - Lock on /home/runner/work/ozone/ozone/hadoop-ozone/integration-test/target/test-dir/MiniOzoneClusterImpl-00f23a18-bf09-4bf2-9950-b0f9dab58561/datanode-3/data/ratis/9033f8d5-21be-40e1-ae74-39b6525c880f/in_use.lock acquired by nodename 10384@fv-az1249-304
2023-05-23 10:26:26,474 [7156f7e4-fd15-431a-a0da-daed1f966c8d-groupManagement] INFO  storage.RaftStorage (RaftStorageImpl.java:format(96)) - Storage directory /home/runner/work/ozone/ozone/hadoop-ozone/integration-test/target/test-dir/MiniOzoneClusterImpl-00f23a18-bf09-4bf2-9950-b0f9dab58561/datanode-3/data/ratis/9033f8d5-21be-40e1-ae74-39b6525c880f has been successfully formatted.
2023-05-23 10:26:26,475 [7156f7e4-fd15-431a-a0da-daed1f966c8d-groupManagement] INFO  ratis.ContainerStateMachine (ContainerStateMachine.java:loadSnapshot(262)) - group-39B6525C880F: The snapshot info is null. Setting the last applied indexto:(t:0, i:~)
2023-05-23 10:26:26,475 [7156f7e4-fd15-431a-a0da-daed1f966c8d-groupManagement] INFO  server.RaftServerConfigKeys (ConfUtils.java:logGet(46)) - raft.server.log.use.memory = false (default)
2023-05-23 10:26:26,475 [7156f7e4-fd15-431a-a0da-daed1f966c8d-groupManagement] INFO  server.RaftServerConfigKeys (ConfUtils.java:logGet(46)) - raft.server.log.purge.gap = 1000000 (custom)
2023-05-23 10:26:26,475 [7156f7e4-fd15-431a-a0da-daed1f966c8d-groupManagement] INFO  server.RaftServerConfigKeys (ConfUtils.java:logGet(46)) - raft.server.log.appender.buffer.byte-limit = 33554432 (custom)
2023-05-23 10:26:26,475 [7156f7e4-fd15-431a-a0da-daed1f966c8d-groupManagement] INFO  server.RaftServerConfigKeys (ConfUtils.java:logGet(46)) - raft.server.log.statemachine.data.read.timeout = 1000ms (default)
2023-05-23 10:26:26,476 [7156f7e4-fd15-431a-a0da-daed1f966c8d-groupManagement] INFO  server.RaftServerConfigKeys (ConfUtils.java:logGet(46)) - raft.server.log.purge.preservation.log.num = 0 (default)
2023-05-23 10:26:26,477 [EventQueue-PipelineReportForPipelineReportHandler] INFO  pipeline.PipelineManagerImpl (PipelineManagerImpl.java:openPipeline(367)) - Pipeline Pipeline[ Id: 9033f8d5-21be-40e1-ae74-39b6525c880f, Nodes: 7156f7e4-fd15-431a-a0da-daed1f966c8d(fv-az1249-304/10.1.0.38), ReplicationConfig: RATIS/ONE, State:ALLOCATED, leaderId:7156f7e4-fd15-431a-a0da-daed1f966c8d, CreationTimestamp2023-05-23T10:26:23.469Z[Etc/UTC]] moved to OPEN state
2023-05-23 10:26:26,478 [EventQueue-OpenPipelineForHealthyPipelineSafeModeRule] INFO  safemode.SCMSafeModeManager (HealthyPipelineSafeModeRule.java:process(137)) - SCM in safe mode. Healthy pipelines reported count is 0, required healthy pipeline reported count is 1
2023-05-23 10:26:26,478 [7156f7e4-fd15-431a-a0da-daed1f966c8d-groupManagement] INFO  server.RaftServerConfigKeys (ConfUtils.java:logGet(46)) - raft.server.log.segment.size.max = 1048576 (custom)
2023-05-23 10:26:26,478 [7156f7e4-fd15-431a-a0da-daed1f966c8d-groupManagement] INFO  server.RaftServerConfigKeys (ConfUtils.java:logGet(46)) - raft.server.log.segment.cache.num.max = 2 (custom)
2023-05-23 10:26:26,478 [7156f7e4-fd15-431a-a0da-daed1f966c8d-groupManagement] INFO  server.RaftServerConfigKeys (ConfUtils.java:logGet(46)) - raft.server.log.segment.cache.size.max = 200MB (=209715200) (default)
2023-05-23 10:26:26,478 [7156f7e4-fd15-431a-a0da-daed1f966c8d-groupManagement] INFO  server.RaftServerConfigKeys (ConfUtils.java:logGet(46)) - raft.server.log.appender.buffer.byte-limit = 33554432 (custom)
2023-05-23 10:26:26,478 [7156f7e4-fd15-431a-a0da-daed1f966c8d-groupManagement] INFO  segmented.SegmentedRaftLogWorker (SegmentedRaftLogWorker.java:<init>(188)) - new 7156f7e4-fd15-431a-a0da-daed1f966c8d@group-39B6525C880F-SegmentedRaftLogWorker for RaftStorageImpl:Storage Directory /home/runner/work/ozone/ozone/hadoop-ozone/integration-test/target/test-dir/MiniOzoneClusterImpl-00f23a18-bf09-4bf2-9950-b0f9dab58561/datanode-3/data/ratis/9033f8d5-21be-40e1-ae74-39b6525c880f
2023-05-23 10:26:26,478 [7156f7e4-fd15-431a-a0da-daed1f966c8d-groupManagement] INFO  server.RaftServerConfigKeys (ConfUtils.java:logGet(46)) - raft.server.log.queue.byte-limit = 4294967296 (custom)
2023-05-23 10:26:26,478 [7156f7e4-fd15-431a-a0da-daed1f966c8d-groupManagement] INFO  server.RaftServerConfigKeys (ConfUtils.java:logGet(46)) - raft.server.log.queue.element-limit = 1024 (custom)
2023-05-23 10:26:26,478 [7156f7e4-fd15-431a-a0da-daed1f966c8d-groupManagement] INFO  server.RaftServerConfigKeys (ConfUtils.java:logGet(46)) - raft.server.log.segment.size.max = 1048576 (custom)
2023-05-23 10:26:26,478 [7156f7e4-fd15-431a-a0da-daed1f966c8d-groupManagement] INFO  server.RaftServerConfigKeys (ConfUtils.java:logGet(46)) - raft.server.log.preallocated.size = 16384 (custom)
2023-05-23 10:26:26,478 [7156f7e4-fd15-431a-a0da-daed1f966c8d-groupManagement] INFO  server.RaftServerConfigKeys (ConfUtils.java:logGet(46)) - raft.server.log.force.sync.num = 128 (default)
2023-05-23 10:26:26,478 [7156f7e4-fd15-431a-a0da-daed1f966c8d-groupManagement] INFO  server.RaftServerConfigKeys (ConfUtils.java:logGet(46)) - raft.server.log.statemachine.data.sync = true (default)
2023-05-23 10:26:26,479 [7156f7e4-fd15-431a-a0da-daed1f966c8d-groupManagement] INFO  server.RaftServerConfigKeys (ConfUtils.java:logGet(46)) - raft.server.log.statemachine.data.sync.timeout = 10s (default)
2023-05-23 10:26:26,479 [7156f7e4-fd15-431a-a0da-daed1f966c8d-groupManagement] INFO  server.RaftServerConfigKeys (ConfUtils.java:logGet(46)) - raft.server.log.statemachine.data.sync.timeout.retry = -1 (default)
2023-05-23 10:26:26,479 [7156f7e4-fd15-431a-a0da-daed1f966c8d-groupManagement] INFO  server.RaftServerConfigKeys (ConfUtils.java:logGet(46)) - raft.server.log.write.buffer.size = 1048576 (custom)
2023-05-23 10:26:26,480 [7156f7e4-fd15-431a-a0da-daed1f966c8d-groupManagement] INFO  server.RaftServerConfigKeys (ConfUtils.java:logGet(46)) - raft.server.log.appender.buffer.byte-limit = 33554432 (custom)
2023-05-23 10:26:26,485 [7156f7e4-fd15-431a-a0da-daed1f966c8d-groupManagement] INFO  server.RaftServerConfigKeys (ConfUtils.java:logGet(46)) - raft.server.log.unsafe-flush.enabled = false (default)
2023-05-23 10:26:26,485 [7156f7e4-fd15-431a-a0da-daed1f966c8d-groupManagement] INFO  server.RaftServerConfigKeys (ConfUtils.java:logGet(46)) - raft.server.log.async-flush.enabled = false (default)
2023-05-23 10:26:26,485 [7156f7e4-fd15-431a-a0da-daed1f966c8d-groupManagement] INFO  server.RaftServerConfigKeys (ConfUtils.java:logGet(46)) - raft.server.log.statemachine.data.caching.enabled = true (custom)
2023-05-23 10:26:26,486 [7156f7e4-fd15-431a-a0da-daed1f966c8d-groupManagement] INFO  segmented.SegmentedRaftLogWorker (SegmentedRaftLogWorker.java:lambda$new$0(135)) - 7156f7e4-fd15-431a-a0da-daed1f966c8d@group-39B6525C880F-SegmentedRaftLogWorker: flushIndex: setUnconditionally 0 -> -1
2023-05-23 10:26:26,486 [7156f7e4-fd15-431a-a0da-daed1f966c8d-groupManagement] INFO  segmented.SegmentedRaftLogWorker (SegmentedRaftLogWorker.java:lambda$new$0(135)) - 7156f7e4-fd15-431a-a0da-daed1f966c8d@group-39B6525C880F-SegmentedRaftLogWorker: safeCacheEvictIndex: setUnconditionally 0 -> -1
2023-05-23 10:26:26,486 [7156f7e4-fd15-431a-a0da-daed1f966c8d-groupManagement] INFO  server.RaftServer$Division (RaftServerImpl.java:start(342)) - 7156f7e4-fd15-431a-a0da-daed1f966c8d@group-39B6525C880F: start as a follower, conf=-1: peers:[7156f7e4-fd15-431a-a0da-daed1f966c8d|rpc:10.1.0.38:15181|admin:10.1.0.38:15180|client:10.1.0.38:15179|dataStream:10.1.0.38:15182|priority:1|startupRole:FOLLOWER]|listeners:[], old=null
2023-05-23 10:26:26,486 [7156f7e4-fd15-431a-a0da-daed1f966c8d-groupManagement] INFO  server.RaftServer$Division (RaftServerImpl.java:setRole(329)) - 7156f7e4-fd15-431a-a0da-daed1f966c8d@group-39B6525C880F: changes role from      null to FOLLOWER at term 0 for startAsFollower
2023-05-23 10:26:26,486 [7156f7e4-fd15-431a-a0da-daed1f966c8d-groupManagement] INFO  impl.RoleInfo (RoleInfo.java:updateAndGet(139)) - 7156f7e4-fd15-431a-a0da-daed1f966c8d: start 7156f7e4-fd15-431a-a0da-daed1f966c8d@group-39B6525C880F-FollowerState
2023-05-23 10:26:26,486 [7156f7e4-fd15-431a-a0da-daed1f966c8d-groupManagement] INFO  util.JmxRegister (JmxRegister.java:tryRegister(44)) - Successfully registered JMX Bean with object name Ratis:service=RaftServer,group=group-39B6525C880F,id=7156f7e4-fd15-431a-a0da-daed1f966c8d
2023-05-23 10:26:26,487 [7156f7e4-fd15-431a-a0da-daed1f966c8d@group-39B6525C880F-FollowerState] INFO  server.RaftServerConfigKeys (ConfUtils.java:logFallback(53)) - raft.server.rpc.first-election.timeout.min = 5s (fallback to raft.server.rpc.timeout.min)
2023-05-23 10:26:26,487 [7156f7e4-fd15-431a-a0da-daed1f966c8d@group-39B6525C880F-FollowerState] INFO  server.RaftServerConfigKeys (ConfUtils.java:logFallback(53)) - raft.server.rpc.first-election.timeout.max = 5200ms (fallback to raft.server.rpc.timeout.max)
2023-05-23 10:26:26,487 [7156f7e4-fd15-431a-a0da-daed1f966c8d-groupManagement] INFO  server.RaftServerConfigKeys (ConfUtils.java:logGet(46)) - raft.server.snapshot.auto.trigger.enabled = true (custom)
2023-05-23 10:26:26,489 [7156f7e4-fd15-431a-a0da-daed1f966c8d-groupManagement] INFO  server.RaftServerConfigKeys (ConfUtils.java:logGet(46)) - raft.server.snapshot.auto.trigger.threshold = 10000 (custom)
2023-05-23 10:26:26,489 [7156f7e4-fd15-431a-a0da-daed1f966c8d-groupManagement] INFO  server.RaftServerConfigKeys (ConfUtils.java:logGet(46)) - raft.server.snapshot.retention.file.num = 5 (custom)
2023-05-23 10:26:26,489 [7156f7e4-fd15-431a-a0da-daed1f966c8d-groupManagement] INFO  server.RaftServerConfigKeys (ConfUtils.java:logGet(46)) - raft.server.log.purge.upto.snapshot.index = false (default)
2023-05-23 10:26:26,490 [Command processor thread] INFO  ratis.XceiverServerRatis (XceiverServerRatis.java:addGroup(806)) - Created group PipelineID=9033f8d5-21be-40e1-ae74-39b6525c880f
2023-05-23 10:26:26,490 [Command processor thread] INFO  commandhandler.CreatePipelineCommandHandler (CreatePipelineCommandHandler.java:handle(113)) - Created Pipeline RATIS ONE PipelineID=9033f8d5-21be-40e1-ae74-39b6525c880f.
2023-05-23 10:26:26,780 [Listener at 127.0.0.1/15148] INFO  ozone.MiniOzoneClusterImpl (MiniOzoneClusterImpl.java:lambda$waitForClusterToBeReady$0(222)) - Nodes are ready. Got 5 of 5 DN Heartbeats.
2023-05-23 10:26:26,780 [Listener at 127.0.0.1/15148] INFO  ozone.MiniOzoneClusterImpl (MiniOzoneClusterImpl.java:lambda$waitForClusterToBeReady$0(225)) - Waiting for cluster to exit safe mode
2023-05-23 10:26:26,780 [Listener at 127.0.0.1/15148] INFO  ozone.MiniOzoneClusterImpl (MiniOzoneClusterImpl.java:lambda$waitForClusterToBeReady$0(227)) - SCM became leader
2023-05-23 10:26:26,784 [Command processor thread] INFO  server.RaftServer (RaftServerProxy.java:addNew(98)) - 3cc5c5e2-96d2-4640-9ca3-0d98a4ccb12e: addNew group-75A4F657E23F:[3cc5c5e2-96d2-4640-9ca3-0d98a4ccb12e|rpc:10.1.0.38:15189|admin:10.1.0.38:15188|client:10.1.0.38:15187|dataStream:10.1.0.38:15190|priority:1|startupRole:FOLLOWER] returns group-75A4F657E23F:java.util.concurrent.CompletableFuture@56b4124[Not completed]
2023-05-23 10:26:26,788 [3cc5c5e2-96d2-4640-9ca3-0d98a4ccb12e-groupManagement] INFO  server.RaftServer$Division (RaftServerImpl.java:<init>(198)) - 3cc5c5e2-96d2-4640-9ca3-0d98a4ccb12e: new RaftServerImpl for group-75A4F657E23F:[3cc5c5e2-96d2-4640-9ca3-0d98a4ccb12e|rpc:10.1.0.38:15189|admin:10.1.0.38:15188|client:10.1.0.38:15187|dataStream:10.1.0.38:15190|priority:1|startupRole:FOLLOWER] with ContainerStateMachine:uninitialized
2023-05-23 10:26:26,788 [3cc5c5e2-96d2-4640-9ca3-0d98a4ccb12e-groupManagement] INFO  server.RaftServerConfigKeys (ConfUtils.java:logGet(46)) - raft.server.rpc.timeout.min = 5s (custom)
2023-05-23 10:26:26,788 [3cc5c5e2-96d2-4640-9ca3-0d98a4ccb12e-groupManagement] INFO  server.RaftServerConfigKeys (ConfUtils.java:logGet(46)) - raft.server.rpc.timeout.max = 5200ms (custom)
2023-05-23 10:26:26,788 [3cc5c5e2-96d2-4640-9ca3-0d98a4ccb12e-groupManagement] INFO  server.RaftServerConfigKeys (ConfUtils.java:logGet(46)) - raft.server.rpc.sleep.time = 25ms (default)
2023-05-23 10:26:26,788 [3cc5c5e2-96d2-4640-9ca3-0d98a4ccb12e-groupManagement] INFO  server.RaftServerConfigKeys (ConfUtils.java:logGet(46)) - raft.server.rpc.slowness.timeout = 300s (custom)
2023-05-23 10:26:26,788 [3cc5c5e2-96d2-4640-9ca3-0d98a4ccb12e-groupManagement] INFO  server.RaftServerConfigKeys (ConfUtils.java:logGet(46)) - raft.server.leaderelection.leader.step-down.wait-time = 10s (default)
2023-05-23 10:26:26,788 [3cc5c5e2-96d2-4640-9ca3-0d98a4ccb12e-groupManagement] INFO  server.RaftServerConfigKeys (ConfUtils.java:logGet(46)) - raft.server.sleep.deviation.threshold = 300ms (default)
2023-05-23 10:26:26,789 [3cc5c5e2-96d2-4640-9ca3-0d98a4ccb12e-groupManagement] INFO  server.RaftServer$Division (ServerState.java:<init>(120)) - 3cc5c5e2-96d2-4640-9ca3-0d98a4ccb12e@group-75A4F657E23F: ConfigurationManager, init=-1: peers:[3cc5c5e2-96d2-4640-9ca3-0d98a4ccb12e|rpc:10.1.0.38:15189|admin:10.1.0.38:15188|client:10.1.0.38:15187|dataStream:10.1.0.38:15190|priority:1|startupRole:FOLLOWER]|listeners:[], old=null, confs=<EMPTY_MAP>
2023-05-23 10:26:26,789 [3cc5c5e2-96d2-4640-9ca3-0d98a4ccb12e-groupManagement] INFO  server.RaftServerConfigKeys (ConfUtils.java:logGet(46)) - raft.server.storage.dir = [/home/runner/work/ozone/ozone/hadoop-ozone/integration-test/target/test-dir/MiniOzoneClusterImpl-00f23a18-bf09-4bf2-9950-b0f9dab58561/datanode-4/data/ratis] (custom)
2023-05-23 10:26:26,789 [3cc5c5e2-96d2-4640-9ca3-0d98a4ccb12e-groupManagement] INFO  server.RaftServerConfigKeys (ConfUtils.java:logGet(46)) - raft.server.log.corruption.policy = EXCEPTION (default)
2023-05-23 10:26:26,789 [3cc5c5e2-96d2-4640-9ca3-0d98a4ccb12e-groupManagement] INFO  server.RaftServerConfigKeys (ConfUtils.java:logGet(46)) - raft.server.storage.free-space.min = 0MB (=0) (default)
2023-05-23 10:26:26,789 [3cc5c5e2-96d2-4640-9ca3-0d98a4ccb12e-groupManagement] INFO  server.RaftServerConfigKeys (ConfUtils.java:logGet(46)) - raft.server.notification.no-leader.timeout = 300s (custom)
2023-05-23 10:26:26,789 [3cc5c5e2-96d2-4640-9ca3-0d98a4ccb12e-groupManagement] INFO  server.RaftServerConfigKeys (ConfUtils.java:logGet(46)) - raft.server.read.timeout = 10s (default)
2023-05-23 10:26:26,789 [3cc5c5e2-96d2-4640-9ca3-0d98a4ccb12e-groupManagement] INFO  server.RaftServerConfigKeys (ConfUtils.java:logGet(46)) - raft.server.retrycache.expirytime = 600000ms (custom)
2023-05-23 10:26:26,789 [3cc5c5e2-96d2-4640-9ca3-0d98a4ccb12e-groupManagement] INFO  server.RaftServerConfigKeys (ConfUtils.java:logGet(46)) - raft.server.retrycache.statistics.expirytime = 100μs (default)
2023-05-23 10:26:26,789 [3cc5c5e2-96d2-4640-9ca3-0d98a4ccb12e-groupManagement] INFO  server.RaftServerConfigKeys (ConfUtils.java:logGet(46)) - raft.server.read.option = DEFAULT (default)
2023-05-23 10:26:26,790 [3cc5c5e2-96d2-4640-9ca3-0d98a4ccb12e-groupManagement] INFO  server.RaftServerConfigKeys (ConfUtils.java:logGet(46)) - raft.server.rpc.request.timeout = 60s (custom)
2023-05-23 10:26:26,790 [3cc5c5e2-96d2-4640-9ca3-0d98a4ccb12e-groupManagement] INFO  server.RaftServerConfigKeys (ConfUtils.java:logGet(46)) - raft.server.log.appender.install.snapshot.enabled = false (custom)
2023-05-23 10:26:26,790 [3cc5c5e2-96d2-4640-9ca3-0d98a4ccb12e-groupManagement] INFO  server.RaftServerConfigKeys (ConfUtils.java:logGet(46)) - raft.server.threadpool.server.cached = true (default)
2023-05-23 10:26:26,790 [3cc5c5e2-96d2-4640-9ca3-0d98a4ccb12e-groupManagement] INFO  server.RaftServerConfigKeys (ConfUtils.java:logGet(46)) - raft.server.threadpool.server.size = 0 (default)
2023-05-23 10:26:26,790 [3cc5c5e2-96d2-4640-9ca3-0d98a4ccb12e-groupManagement] INFO  server.RaftServerConfigKeys (ConfUtils.java:logGet(46)) - raft.server.threadpool.client.cached = true (default)
2023-05-23 10:26:26,790 [3cc5c5e2-96d2-4640-9ca3-0d98a4ccb12e-groupManagement] INFO  server.RaftServerConfigKeys (ConfUtils.java:logGet(46)) - raft.server.threadpool.client.size = 0 (default)
2023-05-23 10:26:26,790 [3cc5c5e2-96d2-4640-9ca3-0d98a4ccb12e-groupManagement] INFO  storage.RaftStorageDirectory (RaftStorageDirectoryImpl.java:analyzeStorage(137)) - The storage directory /home/runner/work/ozone/ozone/hadoop-ozone/integration-test/target/test-dir/MiniOzoneClusterImpl-00f23a18-bf09-4bf2-9950-b0f9dab58561/datanode-4/data/ratis/ba39a097-0da7-483b-9e67-75a4f657e23f does not exist. Creating ...
2023-05-23 10:26:26,792 [3cc5c5e2-96d2-4640-9ca3-0d98a4ccb12e-groupManagement] INFO  storage.RaftStorageDirectory (RaftStorageDirectoryImpl.java:tryLock(231)) - Lock on /home/runner/work/ozone/ozone/hadoop-ozone/integration-test/target/test-dir/MiniOzoneClusterImpl-00f23a18-bf09-4bf2-9950-b0f9dab58561/datanode-4/data/ratis/ba39a097-0da7-483b-9e67-75a4f657e23f/in_use.lock acquired by nodename 10384@fv-az1249-304
2023-05-23 10:26:26,793 [3cc5c5e2-96d2-4640-9ca3-0d98a4ccb12e-groupManagement] INFO  storage.RaftStorage (RaftStorageImpl.java:format(96)) - Storage directory /home/runner/work/ozone/ozone/hadoop-ozone/integration-test/target/test-dir/MiniOzoneClusterImpl-00f23a18-bf09-4bf2-9950-b0f9dab58561/datanode-4/data/ratis/ba39a097-0da7-483b-9e67-75a4f657e23f has been successfully formatted.
2023-05-23 10:26:26,798 [3cc5c5e2-96d2-4640-9ca3-0d98a4ccb12e-groupManagement] INFO  ratis.ContainerStateMachine (ContainerStateMachine.java:loadSnapshot(262)) - group-75A4F657E23F: The snapshot info is null. Setting the last applied indexto:(t:0, i:~)
2023-05-23 10:26:26,798 [3cc5c5e2-96d2-4640-9ca3-0d98a4ccb12e-groupManagement] INFO  server.RaftServerConfigKeys (ConfUtils.java:logGet(46)) - raft.server.log.use.memory = false (default)
2023-05-23 10:26:26,799 [3cc5c5e2-96d2-4640-9ca3-0d98a4ccb12e-groupManagement] INFO  server.RaftServerConfigKeys (ConfUtils.java:logGet(46)) - raft.server.log.purge.gap = 1000000 (custom)
2023-05-23 10:26:26,799 [3cc5c5e2-96d2-4640-9ca3-0d98a4ccb12e-groupManagement] INFO  server.RaftServerConfigKeys (ConfUtils.java:logGet(46)) - raft.server.log.appender.buffer.byte-limit = 33554432 (custom)
2023-05-23 10:26:26,799 [3cc5c5e2-96d2-4640-9ca3-0d98a4ccb12e-groupManagement] INFO  server.RaftServerConfigKeys (ConfUtils.java:logGet(46)) - raft.server.log.statemachine.data.read.timeout = 1000ms (default)
2023-05-23 10:26:26,799 [3cc5c5e2-96d2-4640-9ca3-0d98a4ccb12e-groupManagement] INFO  server.RaftServerConfigKeys (ConfUtils.java:logGet(46)) - raft.server.log.purge.preservation.log.num = 0 (default)
2023-05-23 10:26:26,799 [EventQueue-PipelineReportForPipelineReportHandler] INFO  pipeline.PipelineManagerImpl (PipelineManagerImpl.java:openPipeline(367)) - Pipeline Pipeline[ Id: ba39a097-0da7-483b-9e67-75a4f657e23f, Nodes: 3cc5c5e2-96d2-4640-9ca3-0d98a4ccb12e(fv-az1249-304/10.1.0.38), ReplicationConfig: RATIS/ONE, State:ALLOCATED, leaderId:3cc5c5e2-96d2-4640-9ca3-0d98a4ccb12e, CreationTimestamp2023-05-23T10:26:23.785Z[Etc/UTC]] moved to OPEN state
2023-05-23 10:26:26,800 [3cc5c5e2-96d2-4640-9ca3-0d98a4ccb12e-groupManagement] INFO  server.RaftServerConfigKeys (ConfUtils.java:logGet(46)) - raft.server.log.segment.size.max = 1048576 (custom)
2023-05-23 10:26:26,800 [3cc5c5e2-96d2-4640-9ca3-0d98a4ccb12e-groupManagement] INFO  server.RaftServerConfigKeys (ConfUtils.java:logGet(46)) - raft.server.log.segment.cache.num.max = 2 (custom)
2023-05-23 10:26:26,800 [EventQueue-OpenPipelineForHealthyPipelineSafeModeRule] INFO  safemode.SCMSafeModeManager (HealthyPipelineSafeModeRule.java:process(137)) - SCM in safe mode. Healthy pipelines reported count is 0, required healthy pipeline reported count is 1
2023-05-23 10:26:26,800 [3cc5c5e2-96d2-4640-9ca3-0d98a4ccb12e-groupManagement] INFO  server.RaftServerConfigKeys (ConfUtils.java:logGet(46)) - raft.server.log.segment.cache.size.max = 200MB (=209715200) (default)
2023-05-23 10:26:26,800 [3cc5c5e2-96d2-4640-9ca3-0d98a4ccb12e-groupManagement] INFO  server.RaftServerConfigKeys (ConfUtils.java:logGet(46)) - raft.server.log.appender.buffer.byte-limit = 33554432 (custom)
2023-05-23 10:26:26,800 [3cc5c5e2-96d2-4640-9ca3-0d98a4ccb12e-groupManagement] INFO  segmented.SegmentedRaftLogWorker (SegmentedRaftLogWorker.java:<init>(188)) - new 3cc5c5e2-96d2-4640-9ca3-0d98a4ccb12e@group-75A4F657E23F-SegmentedRaftLogWorker for RaftStorageImpl:Storage Directory /home/runner/work/ozone/ozone/hadoop-ozone/integration-test/target/test-dir/MiniOzoneClusterImpl-00f23a18-bf09-4bf2-9950-b0f9dab58561/datanode-4/data/ratis/ba39a097-0da7-483b-9e67-75a4f657e23f
2023-05-23 10:26:26,800 [3cc5c5e2-96d2-4640-9ca3-0d98a4ccb12e-groupManagement] INFO  server.RaftServerConfigKeys (ConfUtils.java:logGet(46)) - raft.server.log.queue.byte-limit = 4294967296 (custom)
2023-05-23 10:26:26,800 [3cc5c5e2-96d2-4640-9ca3-0d98a4ccb12e-groupManagement] INFO  server.RaftServerConfigKeys (ConfUtils.java:logGet(46)) - raft.server.log.queue.element-limit = 1024 (custom)
2023-05-23 10:26:26,801 [3cc5c5e2-96d2-4640-9ca3-0d98a4ccb12e-groupManagement] INFO  server.RaftServerConfigKeys (ConfUtils.java:logGet(46)) - raft.server.log.segment.size.max = 1048576 (custom)
2023-05-23 10:26:26,801 [3cc5c5e2-96d2-4640-9ca3-0d98a4ccb12e-groupManagement] INFO  server.RaftServerConfigKeys (ConfUtils.java:logGet(46)) - raft.server.log.preallocated.size = 16384 (custom)
2023-05-23 10:26:26,801 [3cc5c5e2-96d2-4640-9ca3-0d98a4ccb12e-groupManagement] INFO  server.RaftServerConfigKeys (ConfUtils.java:logGet(46)) - raft.server.log.force.sync.num = 128 (default)
2023-05-23 10:26:26,801 [3cc5c5e2-96d2-4640-9ca3-0d98a4ccb12e-groupManagement] INFO  server.RaftServerConfigKeys (ConfUtils.java:logGet(46)) - raft.server.log.statemachine.data.sync = true (default)
2023-05-23 10:26:26,801 [3cc5c5e2-96d2-4640-9ca3-0d98a4ccb12e-groupManagement] INFO  server.RaftServerConfigKeys (ConfUtils.java:logGet(46)) - raft.server.log.statemachine.data.sync.timeout = 10s (default)
2023-05-23 10:26:26,801 [3cc5c5e2-96d2-4640-9ca3-0d98a4ccb12e-groupManagement] INFO  server.RaftServerConfigKeys (ConfUtils.java:logGet(46)) - raft.server.log.statemachine.data.sync.timeout.retry = -1 (default)
2023-05-23 10:26:26,801 [3cc5c5e2-96d2-4640-9ca3-0d98a4ccb12e-groupManagement] INFO  server.RaftServerConfigKeys (ConfUtils.java:logGet(46)) - raft.server.log.write.buffer.size = 1048576 (custom)
2023-05-23 10:26:26,802 [3cc5c5e2-96d2-4640-9ca3-0d98a4ccb12e-groupManagement] INFO  server.RaftServerConfigKeys (ConfUtils.java:logGet(46)) - raft.server.log.appender.buffer.byte-limit = 33554432 (custom)
2023-05-23 10:26:26,807 [3cc5c5e2-96d2-4640-9ca3-0d98a4ccb12e-groupManagement] INFO  server.RaftServerConfigKeys (ConfUtils.java:logGet(46)) - raft.server.log.unsafe-flush.enabled = false (default)
2023-05-23 10:26:26,807 [3cc5c5e2-96d2-4640-9ca3-0d98a4ccb12e-groupManagement] INFO  server.RaftServerConfigKeys (ConfUtils.java:logGet(46)) - raft.server.log.async-flush.enabled = false (default)
2023-05-23 10:26:26,807 [3cc5c5e2-96d2-4640-9ca3-0d98a4ccb12e-groupManagement] INFO  server.RaftServerConfigKeys (ConfUtils.java:logGet(46)) - raft.server.log.statemachine.data.caching.enabled = true (custom)
2023-05-23 10:26:26,808 [3cc5c5e2-96d2-4640-9ca3-0d98a4ccb12e-groupManagement] INFO  segmented.SegmentedRaftLogWorker (SegmentedRaftLogWorker.java:lambda$new$0(135)) - 3cc5c5e2-96d2-4640-9ca3-0d98a4ccb12e@group-75A4F657E23F-SegmentedRaftLogWorker: flushIndex: setUnconditionally 0 -> -1
2023-05-23 10:26:26,808 [3cc5c5e2-96d2-4640-9ca3-0d98a4ccb12e-groupManagement] INFO  segmented.SegmentedRaftLogWorker (SegmentedRaftLogWorker.java:lambda$new$0(135)) - 3cc5c5e2-96d2-4640-9ca3-0d98a4ccb12e@group-75A4F657E23F-SegmentedRaftLogWorker: safeCacheEvictIndex: setUnconditionally 0 -> -1
2023-05-23 10:26:26,808 [3cc5c5e2-96d2-4640-9ca3-0d98a4ccb12e-groupManagement] INFO  server.RaftServer$Division (RaftServerImpl.java:start(342)) - 3cc5c5e2-96d2-4640-9ca3-0d98a4ccb12e@group-75A4F657E23F: start as a follower, conf=-1: peers:[3cc5c5e2-96d2-4640-9ca3-0d98a4ccb12e|rpc:10.1.0.38:15189|admin:10.1.0.38:15188|client:10.1.0.38:15187|dataStream:10.1.0.38:15190|priority:1|startupRole:FOLLOWER]|listeners:[], old=null
2023-05-23 10:26:26,808 [3cc5c5e2-96d2-4640-9ca3-0d98a4ccb12e-groupManagement] INFO  server.RaftServer$Division (RaftServerImpl.java:setRole(329)) - 3cc5c5e2-96d2-4640-9ca3-0d98a4ccb12e@group-75A4F657E23F: changes role from      null to FOLLOWER at term 0 for startAsFollower
2023-05-23 10:26:26,808 [3cc5c5e2-96d2-4640-9ca3-0d98a4ccb12e-groupManagement] INFO  impl.RoleInfo (RoleInfo.java:updateAndGet(139)) - 3cc5c5e2-96d2-4640-9ca3-0d98a4ccb12e: start 3cc5c5e2-96d2-4640-9ca3-0d98a4ccb12e@group-75A4F657E23F-FollowerState
2023-05-23 10:26:26,808 [3cc5c5e2-96d2-4640-9ca3-0d98a4ccb12e-groupManagement] INFO  util.JmxRegister (JmxRegister.java:tryRegister(44)) - Successfully registered JMX Bean with object name Ratis:service=RaftServer,group=group-75A4F657E23F,id=3cc5c5e2-96d2-4640-9ca3-0d98a4ccb12e
2023-05-23 10:26:26,808 [3cc5c5e2-96d2-4640-9ca3-0d98a4ccb12e@group-75A4F657E23F-FollowerState] INFO  server.RaftServerConfigKeys (ConfUtils.java:logFallback(53)) - raft.server.rpc.first-election.timeout.min = 5s (fallback to raft.server.rpc.timeout.min)
2023-05-23 10:26:26,808 [3cc5c5e2-96d2-4640-9ca3-0d98a4ccb12e-groupManagement] INFO  server.RaftServerConfigKeys (ConfUtils.java:logGet(46)) - raft.server.snapshot.auto.trigger.enabled = true (custom)
2023-05-23 10:26:26,808 [3cc5c5e2-96d2-4640-9ca3-0d98a4ccb12e@group-75A4F657E23F-FollowerState] INFO  server.RaftServerConfigKeys (ConfUtils.java:logFallback(53)) - raft.server.rpc.first-election.timeout.max = 5200ms (fallback to raft.server.rpc.timeout.max)
2023-05-23 10:26:26,809 [3cc5c5e2-96d2-4640-9ca3-0d98a4ccb12e-groupManagement] INFO  server.RaftServerConfigKeys (ConfUtils.java:logGet(46)) - raft.server.snapshot.auto.trigger.threshold = 10000 (custom)
2023-05-23 10:26:26,809 [3cc5c5e2-96d2-4640-9ca3-0d98a4ccb12e-groupManagement] INFO  server.RaftServerConfigKeys (ConfUtils.java:logGet(46)) - raft.server.snapshot.retention.file.num = 5 (custom)
2023-05-23 10:26:26,809 [3cc5c5e2-96d2-4640-9ca3-0d98a4ccb12e-groupManagement] INFO  server.RaftServerConfigKeys (ConfUtils.java:logGet(46)) - raft.server.log.purge.upto.snapshot.index = false (default)
2023-05-23 10:26:26,809 [Command processor thread] INFO  ratis.XceiverServerRatis (XceiverServerRatis.java:addGroup(806)) - Created group PipelineID=ba39a097-0da7-483b-9e67-75a4f657e23f
2023-05-23 10:26:26,809 [Command processor thread] INFO  commandhandler.CreatePipelineCommandHandler (CreatePipelineCommandHandler.java:handle(113)) - Created Pipeline RATIS ONE PipelineID=ba39a097-0da7-483b-9e67-75a4f657e23f.
2023-05-23 10:26:27,049 [ReplicationMonitor] INFO  replication.ReplicationManager (ReplicationManager.java:processAll(375)) - Replication Manager is not ready to run until 3000ms after safemode exit
2023-05-23 10:26:27,780 [Listener at 127.0.0.1/15148] INFO  ozone.MiniOzoneClusterImpl (MiniOzoneClusterImpl.java:lambda$waitForClusterToBeReady$0(222)) - Nodes are ready. Got 5 of 5 DN Heartbeats.
2023-05-23 10:26:27,780 [Listener at 127.0.0.1/15148] INFO  ozone.MiniOzoneClusterImpl (MiniOzoneClusterImpl.java:lambda$waitForClusterToBeReady$0(225)) - Waiting for cluster to exit safe mode
2023-05-23 10:26:27,780 [Listener at 127.0.0.1/15148] INFO  ozone.MiniOzoneClusterImpl (MiniOzoneClusterImpl.java:lambda$waitForClusterToBeReady$0(227)) - SCM became leader
2023-05-23 10:26:28,058 [ReplicationMonitor] INFO  replication.ReplicationManager (ReplicationManager.java:processAll(375)) - Replication Manager is not ready to run until 3000ms after safemode exit
2023-05-23 10:26:28,781 [Listener at 127.0.0.1/15148] INFO  ozone.MiniOzoneClusterImpl (MiniOzoneClusterImpl.java:lambda$waitForClusterToBeReady$0(222)) - Nodes are ready. Got 5 of 5 DN Heartbeats.
2023-05-23 10:26:28,781 [Listener at 127.0.0.1/15148] INFO  ozone.MiniOzoneClusterImpl (MiniOzoneClusterImpl.java:lambda$waitForClusterToBeReady$0(225)) - Waiting for cluster to exit safe mode
2023-05-23 10:26:28,781 [Listener at 127.0.0.1/15148] INFO  ozone.MiniOzoneClusterImpl (MiniOzoneClusterImpl.java:lambda$waitForClusterToBeReady$0(227)) - SCM became leader
2023-05-23 10:26:29,058 [ReplicationMonitor] INFO  replication.ReplicationManager (ReplicationManager.java:processAll(375)) - Replication Manager is not ready to run until 3000ms after safemode exit
2023-05-23 10:26:29,781 [Listener at 127.0.0.1/15148] INFO  ozone.MiniOzoneClusterImpl (MiniOzoneClusterImpl.java:lambda$waitForClusterToBeReady$0(222)) - Nodes are ready. Got 5 of 5 DN Heartbeats.
2023-05-23 10:26:29,781 [Listener at 127.0.0.1/15148] INFO  ozone.MiniOzoneClusterImpl (MiniOzoneClusterImpl.java:lambda$waitForClusterToBeReady$0(225)) - Waiting for cluster to exit safe mode
2023-05-23 10:26:29,781 [Listener at 127.0.0.1/15148] INFO  ozone.MiniOzoneClusterImpl (MiniOzoneClusterImpl.java:lambda$waitForClusterToBeReady$0(227)) - SCM became leader
2023-05-23 10:26:30,059 [ReplicationMonitor] INFO  replication.ReplicationManager (ReplicationManager.java:processAll(375)) - Replication Manager is not ready to run until 3000ms after safemode exit
2023-05-23 10:26:30,485 [cdf07a7b-95f7-44c3-8ae6-3efcc78f5f3a@group-475DBD44CB32-FollowerState] INFO  impl.FollowerState (FollowerState.java:run(143)) - cdf07a7b-95f7-44c3-8ae6-3efcc78f5f3a@group-475DBD44CB32-FollowerState: change to CANDIDATE, lastRpcElapsedTime:5010676812ns, electionTimeout:5010ms
2023-05-23 10:26:30,486 [cdf07a7b-95f7-44c3-8ae6-3efcc78f5f3a@group-475DBD44CB32-FollowerState] INFO  impl.RoleInfo (RoleInfo.java:shutdownFollowerState(110)) - cdf07a7b-95f7-44c3-8ae6-3efcc78f5f3a: shutdown cdf07a7b-95f7-44c3-8ae6-3efcc78f5f3a@group-475DBD44CB32-FollowerState
2023-05-23 10:26:30,486 [cdf07a7b-95f7-44c3-8ae6-3efcc78f5f3a@group-475DBD44CB32-FollowerState] INFO  server.RaftServer$Division (RaftServerImpl.java:setRole(329)) - cdf07a7b-95f7-44c3-8ae6-3efcc78f5f3a@group-475DBD44CB32: changes role from  FOLLOWER to CANDIDATE at term 0 for changeToCandidate
2023-05-23 10:26:30,486 [cdf07a7b-95f7-44c3-8ae6-3efcc78f5f3a@group-475DBD44CB32-FollowerState] INFO  server.RaftServerConfigKeys (ConfUtils.java:logGet(46)) - raft.server.leaderelection.pre-vote = true (default)
2023-05-23 10:26:30,486 [cdf07a7b-95f7-44c3-8ae6-3efcc78f5f3a@group-475DBD44CB32-FollowerState] INFO  impl.RoleInfo (RoleInfo.java:updateAndGet(139)) - cdf07a7b-95f7-44c3-8ae6-3efcc78f5f3a: start cdf07a7b-95f7-44c3-8ae6-3efcc78f5f3a@group-475DBD44CB32-LeaderElection34
2023-05-23 10:26:30,490 [cdf07a7b-95f7-44c3-8ae6-3efcc78f5f3a@group-475DBD44CB32-LeaderElection34] INFO  impl.LeaderElection (LeaderElection.java:askForVotes(321)) - cdf07a7b-95f7-44c3-8ae6-3efcc78f5f3a@group-475DBD44CB32-LeaderElection34 PRE_VOTE round 0: submit vote requests at term 0 for -1: peers:[b898f15d-4860-47c9-8591-05c5a169db6c|rpc:10.1.0.38:15173|admin:10.1.0.38:15172|client:10.1.0.38:15171|dataStream:10.1.0.38:15174|priority:0|startupRole:FOLLOWER, cdf07a7b-95f7-44c3-8ae6-3efcc78f5f3a|rpc:10.1.0.38:15157|admin:10.1.0.38:15156|client:10.1.0.38:15155|dataStream:10.1.0.38:15158|priority:1|startupRole:FOLLOWER, 9a8ecc75-319b-47a2-9433-72c1cc276f25|rpc:10.1.0.38:15165|admin:10.1.0.38:15164|client:10.1.0.38:15163|dataStream:10.1.0.38:15166|priority:0|startupRole:FOLLOWER]|listeners:[], old=null
2023-05-23 10:26:30,491 [cdf07a7b-95f7-44c3-8ae6-3efcc78f5f3a@group-475DBD44CB32-LeaderElection34-1] INFO  server.GrpcServerProtocolClient (GrpcServerProtocolClient.java:<init>(65)) - Build channel for b898f15d-4860-47c9-8591-05c5a169db6c
2023-05-23 10:26:30,494 [cdf07a7b-95f7-44c3-8ae6-3efcc78f5f3a@group-475DBD44CB32-LeaderElection34] INFO  server.RaftServerConfigKeys (ConfUtils.java:logFallback(53)) - raft.server.rpc.first-election.timeout.min = 5s (fallback to raft.server.rpc.timeout.min)
2023-05-23 10:26:30,495 [cdf07a7b-95f7-44c3-8ae6-3efcc78f5f3a@group-475DBD44CB32-LeaderElection34] INFO  server.RaftServerConfigKeys (ConfUtils.java:logFallback(53)) - raft.server.rpc.first-election.timeout.max = 5200ms (fallback to raft.server.rpc.timeout.max)
2023-05-23 10:26:30,495 [cdf07a7b-95f7-44c3-8ae6-3efcc78f5f3a@group-475DBD44CB32-LeaderElection34-2] INFO  server.GrpcServerProtocolClient (GrpcServerProtocolClient.java:<init>(65)) - Build channel for 9a8ecc75-319b-47a2-9433-72c1cc276f25
2023-05-23 10:26:30,503 [grpc-default-executor-0] INFO  server.RaftServer$Division (RaftServerImpl.java:requestVote(1302)) - b898f15d-4860-47c9-8591-05c5a169db6c@group-475DBD44CB32: receive requestVote(PRE_VOTE, cdf07a7b-95f7-44c3-8ae6-3efcc78f5f3a, group-475DBD44CB32, 0, (t:0, i:0))
2023-05-23 10:26:30,503 [grpc-default-executor-0] INFO  impl.VoteContext (VoteContext.java:log(49)) - b898f15d-4860-47c9-8591-05c5a169db6c@group-475DBD44CB32-FOLLOWER: accept PRE_VOTE from cdf07a7b-95f7-44c3-8ae6-3efcc78f5f3a: our priority 0 <= candidate's priority 1
2023-05-23 10:26:30,503 [grpc-default-executor-0] INFO  server.RaftServer$Division (RaftServerImpl.java:requestVote(1335)) - b898f15d-4860-47c9-8591-05c5a169db6c@group-475DBD44CB32 replies to PRE_VOTE vote request: cdf07a7b-95f7-44c3-8ae6-3efcc78f5f3a<-b898f15d-4860-47c9-8591-05c5a169db6c#0:OK-t0. Peer's state: b898f15d-4860-47c9-8591-05c5a169db6c@group-475DBD44CB32:t0, leader=null, voted=, raftlog=Memoized:b898f15d-4860-47c9-8591-05c5a169db6c@group-475DBD44CB32-SegmentedRaftLog:OPENED:c-1, conf=-1: peers:[b898f15d-4860-47c9-8591-05c5a169db6c|rpc:10.1.0.38:15173|admin:10.1.0.38:15172|client:10.1.0.38:15171|dataStream:10.1.0.38:15174|priority:0|startupRole:FOLLOWER, cdf07a7b-95f7-44c3-8ae6-3efcc78f5f3a|rpc:10.1.0.38:15157|admin:10.1.0.38:15156|client:10.1.0.38:15155|dataStream:10.1.0.38:15158|priority:1|startupRole:FOLLOWER, 9a8ecc75-319b-47a2-9433-72c1cc276f25|rpc:10.1.0.38:15165|admin:10.1.0.38:15164|client:10.1.0.38:15163|dataStream:10.1.0.38:15166|priority:0|startupRole:FOLLOWER]|listeners:[], old=null
2023-05-23 10:26:30,506 [cdf07a7b-95f7-44c3-8ae6-3efcc78f5f3a@group-475DBD44CB32-LeaderElection34] INFO  impl.LeaderElection (LeaderElection.java:logAndReturn(90)) - cdf07a7b-95f7-44c3-8ae6-3efcc78f5f3a@group-475DBD44CB32-LeaderElection34: PRE_VOTE PASSED received 1 response(s) and 0 exception(s):
2023-05-23 10:26:30,506 [cdf07a7b-95f7-44c3-8ae6-3efcc78f5f3a@group-475DBD44CB32-LeaderElection34] INFO  impl.LeaderElection (LeaderElection.java:logAndReturn(94)) -   Response 0: cdf07a7b-95f7-44c3-8ae6-3efcc78f5f3a<-b898f15d-4860-47c9-8591-05c5a169db6c#0:OK-t0
2023-05-23 10:26:30,506 [cdf07a7b-95f7-44c3-8ae6-3efcc78f5f3a@group-475DBD44CB32-LeaderElection34] INFO  impl.LeaderElection (LeaderElection.java:askForVotes(323)) - cdf07a7b-95f7-44c3-8ae6-3efcc78f5f3a@group-475DBD44CB32-LeaderElection34 PRE_VOTE round 0: result PASSED
2023-05-23 10:26:30,506 [grpc-default-executor-0] INFO  server.RaftServer$Division (RaftServerImpl.java:requestVote(1302)) - 9a8ecc75-319b-47a2-9433-72c1cc276f25@group-475DBD44CB32: receive requestVote(PRE_VOTE, cdf07a7b-95f7-44c3-8ae6-3efcc78f5f3a, group-475DBD44CB32, 0, (t:0, i:0))
2023-05-23 10:26:30,507 [grpc-default-executor-0] INFO  impl.VoteContext (VoteContext.java:log(49)) - 9a8ecc75-319b-47a2-9433-72c1cc276f25@group-475DBD44CB32-FOLLOWER: accept PRE_VOTE from cdf07a7b-95f7-44c3-8ae6-3efcc78f5f3a: our priority 0 <= candidate's priority 1
2023-05-23 10:26:30,507 [grpc-default-executor-0] INFO  server.RaftServer$Division (RaftServerImpl.java:requestVote(1335)) - 9a8ecc75-319b-47a2-9433-72c1cc276f25@group-475DBD44CB32 replies to PRE_VOTE vote request: cdf07a7b-95f7-44c3-8ae6-3efcc78f5f3a<-9a8ecc75-319b-47a2-9433-72c1cc276f25#0:OK-t0. Peer's state: 9a8ecc75-319b-47a2-9433-72c1cc276f25@group-475DBD44CB32:t0, leader=null, voted=, raftlog=Memoized:9a8ecc75-319b-47a2-9433-72c1cc276f25@group-475DBD44CB32-SegmentedRaftLog:OPENED:c-1, conf=-1: peers:[b898f15d-4860-47c9-8591-05c5a169db6c|rpc:10.1.0.38:15173|admin:10.1.0.38:15172|client:10.1.0.38:15171|dataStream:10.1.0.38:15174|priority:0|startupRole:FOLLOWER, cdf07a7b-95f7-44c3-8ae6-3efcc78f5f3a|rpc:10.1.0.38:15157|admin:10.1.0.38:15156|client:10.1.0.38:15155|dataStream:10.1.0.38:15158|priority:1|startupRole:FOLLOWER, 9a8ecc75-319b-47a2-9433-72c1cc276f25|rpc:10.1.0.38:15165|admin:10.1.0.38:15164|client:10.1.0.38:15163|dataStream:10.1.0.38:15166|priority:0|startupRole:FOLLOWER]|listeners:[], old=null
2023-05-23 10:26:30,509 [cdf07a7b-95f7-44c3-8ae6-3efcc78f5f3a@group-475DBD44CB32-LeaderElection34] INFO  impl.LeaderElection (LeaderElection.java:askForVotes(321)) - cdf07a7b-95f7-44c3-8ae6-3efcc78f5f3a@group-475DBD44CB32-LeaderElection34 ELECTION round 0: submit vote requests at term 1 for -1: peers:[b898f15d-4860-47c9-8591-05c5a169db6c|rpc:10.1.0.38:15173|admin:10.1.0.38:15172|client:10.1.0.38:15171|dataStream:10.1.0.38:15174|priority:0|startupRole:FOLLOWER, cdf07a7b-95f7-44c3-8ae6-3efcc78f5f3a|rpc:10.1.0.38:15157|admin:10.1.0.38:15156|client:10.1.0.38:15155|dataStream:10.1.0.38:15158|priority:1|startupRole:FOLLOWER, 9a8ecc75-319b-47a2-9433-72c1cc276f25|rpc:10.1.0.38:15165|admin:10.1.0.38:15164|client:10.1.0.38:15163|dataStream:10.1.0.38:15166|priority:0|startupRole:FOLLOWER]|listeners:[], old=null
2023-05-23 10:26:30,509 [cdf07a7b-95f7-44c3-8ae6-3efcc78f5f3a@group-475DBD44CB32-LeaderElection34] INFO  server.RaftServerConfigKeys (ConfUtils.java:logFallback(53)) - raft.server.rpc.first-election.timeout.min = 5s (fallback to raft.server.rpc.timeout.min)
2023-05-23 10:26:30,509 [cdf07a7b-95f7-44c3-8ae6-3efcc78f5f3a@group-475DBD44CB32-LeaderElection34] INFO  server.RaftServerConfigKeys (ConfUtils.java:logFallback(53)) - raft.server.rpc.first-election.timeout.max = 5200ms (fallback to raft.server.rpc.timeout.max)
2023-05-23 10:26:30,513 [grpc-default-executor-0] INFO  server.RaftServer$Division (RaftServerImpl.java:requestVote(1302)) - 9a8ecc75-319b-47a2-9433-72c1cc276f25@group-475DBD44CB32: receive requestVote(ELECTION, cdf07a7b-95f7-44c3-8ae6-3efcc78f5f3a, group-475DBD44CB32, 1, (t:0, i:0))
2023-05-23 10:26:30,513 [grpc-default-executor-0] INFO  impl.VoteContext (VoteContext.java:log(49)) - 9a8ecc75-319b-47a2-9433-72c1cc276f25@group-475DBD44CB32-FOLLOWER: accept ELECTION from cdf07a7b-95f7-44c3-8ae6-3efcc78f5f3a: our priority 0 <= candidate's priority 1
2023-05-23 10:26:30,513 [grpc-default-executor-0] INFO  server.RaftServer$Division (RaftServerImpl.java:setRole(329)) - 9a8ecc75-319b-47a2-9433-72c1cc276f25@group-475DBD44CB32: changes role from  FOLLOWER to FOLLOWER at term 1 for candidate:cdf07a7b-95f7-44c3-8ae6-3efcc78f5f3a
2023-05-23 10:26:30,513 [grpc-default-executor-0] INFO  impl.RoleInfo (RoleInfo.java:shutdownFollowerState(110)) - 9a8ecc75-319b-47a2-9433-72c1cc276f25: shutdown 9a8ecc75-319b-47a2-9433-72c1cc276f25@group-475DBD44CB32-FollowerState
2023-05-23 10:26:30,513 [grpc-default-executor-0] INFO  impl.RoleInfo (RoleInfo.java:updateAndGet(139)) - 9a8ecc75-319b-47a2-9433-72c1cc276f25: start 9a8ecc75-319b-47a2-9433-72c1cc276f25@group-475DBD44CB32-FollowerState
2023-05-23 10:26:30,513 [9a8ecc75-319b-47a2-9433-72c1cc276f25@group-475DBD44CB32-FollowerState] INFO  impl.FollowerState (FollowerState.java:run(152)) - 9a8ecc75-319b-47a2-9433-72c1cc276f25@group-475DBD44CB32-FollowerState was interrupted
2023-05-23 10:26:30,514 [grpc-default-executor-1] INFO  server.RaftServer$Division (RaftServerImpl.java:requestVote(1302)) - b898f15d-4860-47c9-8591-05c5a169db6c@group-475DBD44CB32: receive requestVote(ELECTION, cdf07a7b-95f7-44c3-8ae6-3efcc78f5f3a, group-475DBD44CB32, 1, (t:0, i:0))
2023-05-23 10:26:30,516 [grpc-default-executor-1] INFO  impl.VoteContext (VoteContext.java:log(49)) - b898f15d-4860-47c9-8591-05c5a169db6c@group-475DBD44CB32-FOLLOWER: accept ELECTION from cdf07a7b-95f7-44c3-8ae6-3efcc78f5f3a: our priority 0 <= candidate's priority 1
2023-05-23 10:26:30,516 [grpc-default-executor-1] INFO  server.RaftServer$Division (RaftServerImpl.java:setRole(329)) - b898f15d-4860-47c9-8591-05c5a169db6c@group-475DBD44CB32: changes role from  FOLLOWER to FOLLOWER at term 1 for candidate:cdf07a7b-95f7-44c3-8ae6-3efcc78f5f3a
2023-05-23 10:26:30,516 [grpc-default-executor-1] INFO  impl.RoleInfo (RoleInfo.java:shutdownFollowerState(110)) - b898f15d-4860-47c9-8591-05c5a169db6c: shutdown b898f15d-4860-47c9-8591-05c5a169db6c@group-475DBD44CB32-FollowerState
2023-05-23 10:26:30,516 [grpc-default-executor-1] INFO  impl.RoleInfo (RoleInfo.java:updateAndGet(139)) - b898f15d-4860-47c9-8591-05c5a169db6c: start b898f15d-4860-47c9-8591-05c5a169db6c@group-475DBD44CB32-FollowerState
2023-05-23 10:26:30,516 [b898f15d-4860-47c9-8591-05c5a169db6c@group-475DBD44CB32-FollowerState] INFO  impl.FollowerState (FollowerState.java:run(152)) - b898f15d-4860-47c9-8591-05c5a169db6c@group-475DBD44CB32-FollowerState was interrupted
2023-05-23 10:26:30,516 [grpc-default-executor-0] INFO  server.RaftServer$Division (RaftServerImpl.java:requestVote(1335)) - 9a8ecc75-319b-47a2-9433-72c1cc276f25@group-475DBD44CB32 replies to ELECTION vote request: cdf07a7b-95f7-44c3-8ae6-3efcc78f5f3a<-9a8ecc75-319b-47a2-9433-72c1cc276f25#0:OK-t1. Peer's state: 9a8ecc75-319b-47a2-9433-72c1cc276f25@group-475DBD44CB32:t1, leader=null, voted=cdf07a7b-95f7-44c3-8ae6-3efcc78f5f3a, raftlog=Memoized:9a8ecc75-319b-47a2-9433-72c1cc276f25@group-475DBD44CB32-SegmentedRaftLog:OPENED:c-1, conf=-1: peers:[b898f15d-4860-47c9-8591-05c5a169db6c|rpc:10.1.0.38:15173|admin:10.1.0.38:15172|client:10.1.0.38:15171|dataStream:10.1.0.38:15174|priority:0|startupRole:FOLLOWER, cdf07a7b-95f7-44c3-8ae6-3efcc78f5f3a|rpc:10.1.0.38:15157|admin:10.1.0.38:15156|client:10.1.0.38:15155|dataStream:10.1.0.38:15158|priority:1|startupRole:FOLLOWER, 9a8ecc75-319b-47a2-9433-72c1cc276f25|rpc:10.1.0.38:15165|admin:10.1.0.38:15164|client:10.1.0.38:15163|dataStream:10.1.0.38:15166|priority:0|startupRole:FOLLOWER]|listeners:[], old=null
2023-05-23 10:26:30,517 [cdf07a7b-95f7-44c3-8ae6-3efcc78f5f3a@group-475DBD44CB32-LeaderElection34] INFO  impl.LeaderElection (LeaderElection.java:logAndReturn(90)) - cdf07a7b-95f7-44c3-8ae6-3efcc78f5f3a@group-475DBD44CB32-LeaderElection34: ELECTION PASSED received 1 response(s) and 0 exception(s):
2023-05-23 10:26:30,517 [cdf07a7b-95f7-44c3-8ae6-3efcc78f5f3a@group-475DBD44CB32-LeaderElection34] INFO  impl.LeaderElection (LeaderElection.java:logAndReturn(94)) -   Response 0: cdf07a7b-95f7-44c3-8ae6-3efcc78f5f3a<-9a8ecc75-319b-47a2-9433-72c1cc276f25#0:OK-t1
2023-05-23 10:26:30,517 [cdf07a7b-95f7-44c3-8ae6-3efcc78f5f3a@group-475DBD44CB32-LeaderElection34] INFO  impl.LeaderElection (LeaderElection.java:askForVotes(323)) - cdf07a7b-95f7-44c3-8ae6-3efcc78f5f3a@group-475DBD44CB32-LeaderElection34 ELECTION round 0: result PASSED
2023-05-23 10:26:30,517 [cdf07a7b-95f7-44c3-8ae6-3efcc78f5f3a@group-475DBD44CB32-LeaderElection34] INFO  impl.RoleInfo (RoleInfo.java:shutdownLeaderElection(130)) - cdf07a7b-95f7-44c3-8ae6-3efcc78f5f3a: shutdown cdf07a7b-95f7-44c3-8ae6-3efcc78f5f3a@group-475DBD44CB32-LeaderElection34
2023-05-23 10:26:30,518 [cdf07a7b-95f7-44c3-8ae6-3efcc78f5f3a@group-475DBD44CB32-LeaderElection34] INFO  server.RaftServer$Division (RaftServerImpl.java:setRole(329)) - cdf07a7b-95f7-44c3-8ae6-3efcc78f5f3a@group-475DBD44CB32: changes role from CANDIDATE to LEADER at term 1 for changeToLeader
2023-05-23 10:26:30,518 [cdf07a7b-95f7-44c3-8ae6-3efcc78f5f3a@group-475DBD44CB32-LeaderElection34] INFO  ratis.XceiverServerRatis (XceiverServerRatis.java:handleLeaderChangedNotification(904)) - Leader change notification received for group: group-475DBD44CB32 with new leaderId: cdf07a7b-95f7-44c3-8ae6-3efcc78f5f3a
2023-05-23 10:26:30,518 [cdf07a7b-95f7-44c3-8ae6-3efcc78f5f3a@group-475DBD44CB32-LeaderElection34] INFO  server.RaftServer$Division (ServerState.java:setLeader(317)) - cdf07a7b-95f7-44c3-8ae6-3efcc78f5f3a@group-475DBD44CB32: change Leader from null to cdf07a7b-95f7-44c3-8ae6-3efcc78f5f3a at term 1 for becomeLeader, leader elected after 5058ms
2023-05-23 10:26:30,518 [cdf07a7b-95f7-44c3-8ae6-3efcc78f5f3a@group-475DBD44CB32-LeaderElection34] INFO  server.RaftServerConfigKeys (ConfUtils.java:logGet(46)) - raft.server.staging.catchup.gap = 1000 (default)
2023-05-23 10:26:30,518 [cdf07a7b-95f7-44c3-8ae6-3efcc78f5f3a@group-475DBD44CB32-LeaderElection34] INFO  server.RaftServerConfigKeys (ConfUtils.java:logGet(46)) - raft.server.write.element-limit = 1024 (custom)
2023-05-23 10:26:30,518 [cdf07a7b-95f7-44c3-8ae6-3efcc78f5f3a@group-475DBD44CB32-LeaderElection34] INFO  server.RaftServerConfigKeys (ConfUtils.java:logGet(46)) - raft.server.write.byte-limit = 1024 M (=1073741824) (custom)
2023-05-23 10:26:30,518 [cdf07a7b-95f7-44c3-8ae6-3efcc78f5f3a@group-475DBD44CB32-LeaderElection34] INFO  server.RaftServerConfigKeys (ConfUtils.java:logGet(46)) - raft.server.watch.timeout = 180s (custom)
2023-05-23 10:26:30,518 [cdf07a7b-95f7-44c3-8ae6-3efcc78f5f3a@group-475DBD44CB32-LeaderElection34] INFO  server.RaftServerConfigKeys (ConfUtils.java:logGet(46)) - raft.server.watch.timeout.denomination = 1s (default)
2023-05-23 10:26:30,518 [cdf07a7b-95f7-44c3-8ae6-3efcc78f5f3a@group-475DBD44CB32-LeaderElection34] INFO  server.RaftServerConfigKeys (ConfUtils.java:logGet(46)) - raft.server.watch.element-limit = 65536 (default)
2023-05-23 10:26:30,518 [cdf07a7b-95f7-44c3-8ae6-3efcc78f5f3a@group-475DBD44CB32-LeaderElection34] INFO  server.RaftServerConfigKeys (ConfUtils.java:logGet(46)) - raft.server.write.element-limit = 1024 (custom)
2023-05-23 10:26:30,518 [cdf07a7b-95f7-44c3-8ae6-3efcc78f5f3a@group-475DBD44CB32-LeaderElection34] INFO  server.RaftServerConfigKeys (ConfUtils.java:logGet(46)) - raft.server.write.follower.gap.ratio.max = -1.0 (default)
2023-05-23 10:26:30,519 [cdf07a7b-95f7-44c3-8ae6-3efcc78f5f3a@group-475DBD44CB32-LeaderElection34] INFO  server.RaftServerConfigKeys (ConfUtils.java:logGet(46)) - raft.server.log.appender.snapshot.chunk.size.max = 16MB (=16777216) (default)
2023-05-23 10:26:30,519 [cdf07a7b-95f7-44c3-8ae6-3efcc78f5f3a@group-475DBD44CB32-LeaderElection34] INFO  server.RaftServerConfigKeys (ConfUtils.java:logGet(46)) - raft.server.log.appender.buffer.byte-limit = 33554432 (custom)
2023-05-23 10:26:30,519 [cdf07a7b-95f7-44c3-8ae6-3efcc78f5f3a@group-475DBD44CB32-LeaderElection34] INFO  server.RaftServerConfigKeys (ConfUtils.java:logGet(46)) - raft.server.log.appender.buffer.element-limit = 1 (custom)
2023-05-23 10:26:30,519 [cdf07a7b-95f7-44c3-8ae6-3efcc78f5f3a@group-475DBD44CB32-LeaderElection34] INFO  server.RaftServerConfigKeys (ConfUtils.java:logGet(46)) - raft.server.log.appender.wait-time.min = 10ms (default)
2023-05-23 10:26:30,519 [cdf07a7b-95f7-44c3-8ae6-3efcc78f5f3a@group-475DBD44CB32-LeaderElection34] INFO  grpc.GrpcConfigKeys (ConfUtils.java:logGet(46)) - raft.grpc.server.leader.outstanding.appends.max = 128 (default)
2023-05-23 10:26:30,519 [cdf07a7b-95f7-44c3-8ae6-3efcc78f5f3a@group-475DBD44CB32-LeaderElection34] INFO  server.RaftServerConfigKeys (ConfUtils.java:logGet(46)) - raft.server.rpc.request.timeout = 60s (custom)
2023-05-23 10:26:30,519 [cdf07a7b-95f7-44c3-8ae6-3efcc78f5f3a@group-475DBD44CB32-LeaderElection34] INFO  grpc.GrpcConfigKeys (ConfUtils.java:logGet(46)) - raft.grpc.server.install_snapshot.request.element-limit = 8 (default)
2023-05-23 10:26:30,519 [cdf07a7b-95f7-44c3-8ae6-3efcc78f5f3a@group-475DBD44CB32-LeaderElection34] INFO  grpc.GrpcConfigKeys (ConfUtils.java:logGet(46)) - raft.grpc.server.install_snapshot.request.timeout = 3000ms (default)
2023-05-23 10:26:30,519 [cdf07a7b-95f7-44c3-8ae6-3efcc78f5f3a@group-475DBD44CB32-LeaderElection34] INFO  server.RaftServerConfigKeys (ConfUtils.java:logGet(46)) - raft.server.log.appender.install.snapshot.enabled = false (custom)
2023-05-23 10:26:30,519 [cdf07a7b-95f7-44c3-8ae6-3efcc78f5f3a@group-475DBD44CB32-LeaderElection34] INFO  grpc.GrpcConfigKeys (ConfUtils.java:logGet(46)) - raft.grpc.server.heartbeat.channel = true (default)
2023-05-23 10:26:30,520 [cdf07a7b-95f7-44c3-8ae6-3efcc78f5f3a@group-475DBD44CB32-LeaderElection34] INFO  server.RaftServerConfigKeys (ConfUtils.java:logGet(46)) - raft.server.log.appender.snapshot.chunk.size.max = 16MB (=16777216) (default)
2023-05-23 10:26:30,520 [cdf07a7b-95f7-44c3-8ae6-3efcc78f5f3a@group-475DBD44CB32-LeaderElection34] INFO  server.RaftServerConfigKeys (ConfUtils.java:logGet(46)) - raft.server.log.appender.buffer.byte-limit = 33554432 (custom)
2023-05-23 10:26:30,520 [cdf07a7b-95f7-44c3-8ae6-3efcc78f5f3a@group-475DBD44CB32-LeaderElection34] INFO  server.RaftServerConfigKeys (ConfUtils.java:logGet(46)) - raft.server.log.appender.buffer.element-limit = 1 (custom)
2023-05-23 10:26:30,520 [cdf07a7b-95f7-44c3-8ae6-3efcc78f5f3a@group-475DBD44CB32-LeaderElection34] INFO  server.RaftServerConfigKeys (ConfUtils.java:logGet(46)) - raft.server.log.appender.wait-time.min = 10ms (default)
2023-05-23 10:26:30,520 [cdf07a7b-95f7-44c3-8ae6-3efcc78f5f3a@group-475DBD44CB32-LeaderElection34] INFO  grpc.GrpcConfigKeys (ConfUtils.java:logGet(46)) - raft.grpc.server.leader.outstanding.appends.max = 128 (default)
2023-05-23 10:26:30,520 [cdf07a7b-95f7-44c3-8ae6-3efcc78f5f3a@group-475DBD44CB32-LeaderElection34] INFO  server.RaftServerConfigKeys (ConfUtils.java:logGet(46)) - raft.server.rpc.request.timeout = 60s (custom)
2023-05-23 10:26:30,520 [cdf07a7b-95f7-44c3-8ae6-3efcc78f5f3a@group-475DBD44CB32-LeaderElection34] INFO  grpc.GrpcConfigKeys (ConfUtils.java:logGet(46)) - raft.grpc.server.install_snapshot.request.element-limit = 8 (default)
2023-05-23 10:26:30,520 [cdf07a7b-95f7-44c3-8ae6-3efcc78f5f3a@group-475DBD44CB32-LeaderElection34] INFO  grpc.GrpcConfigKeys (ConfUtils.java:logGet(46)) - raft.grpc.server.install_snapshot.request.timeout = 3000ms (default)
2023-05-23 10:26:30,520 [cdf07a7b-95f7-44c3-8ae6-3efcc78f5f3a@group-475DBD44CB32-LeaderElection34] INFO  server.RaftServerConfigKeys (ConfUtils.java:logGet(46)) - raft.server.log.appender.install.snapshot.enabled = false (custom)
2023-05-23 10:26:30,520 [cdf07a7b-95f7-44c3-8ae6-3efcc78f5f3a@group-475DBD44CB32-LeaderElection34] INFO  grpc.GrpcConfigKeys (ConfUtils.java:logGet(46)) - raft.grpc.server.heartbeat.channel = true (default)
2023-05-23 10:26:30,520 [cdf07a7b-95f7-44c3-8ae6-3efcc78f5f3a@group-475DBD44CB32-LeaderElection34] INFO  impl.RoleInfo (RoleInfo.java:updateAndGet(139)) - cdf07a7b-95f7-44c3-8ae6-3efcc78f5f3a: start cdf07a7b-95f7-44c3-8ae6-3efcc78f5f3a@group-475DBD44CB32-LeaderStateImpl
2023-05-23 10:26:30,521 [cdf07a7b-95f7-44c3-8ae6-3efcc78f5f3a@group-475DBD44CB32-LeaderElection34] INFO  segmented.SegmentedRaftLogWorker (SegmentedRaftLogWorker.java:startLogSegment(447)) - cdf07a7b-95f7-44c3-8ae6-3efcc78f5f3a@group-475DBD44CB32-SegmentedRaftLogWorker: Starting segment from index:0
2023-05-23 10:26:30,522 [EventQueue-PipelineReportForPipelineReportHandler] INFO  pipeline.PipelineManagerImpl (PipelineManagerImpl.java:openPipeline(367)) - Pipeline Pipeline[ Id: d97c19a0-75d1-4bc6-b3c9-475dbd44cb32, Nodes: cdf07a7b-95f7-44c3-8ae6-3efcc78f5f3a(fv-az1249-304/10.1.0.38)9a8ecc75-319b-47a2-9433-72c1cc276f25(fv-az1249-304/10.1.0.38)b898f15d-4860-47c9-8591-05c5a169db6c(fv-az1249-304/10.1.0.38), ReplicationConfig: RATIS/THREE, State:ALLOCATED, leaderId:cdf07a7b-95f7-44c3-8ae6-3efcc78f5f3a, CreationTimestamp2023-05-23T10:26:23.132Z[Etc/UTC]] moved to OPEN state
2023-05-23 10:26:30,529 [cdf07a7b-95f7-44c3-8ae6-3efcc78f5f3a@group-475DBD44CB32-LeaderElection34] INFO  server.RaftServer$Division (ServerState.java:setRaftConf(434)) - cdf07a7b-95f7-44c3-8ae6-3efcc78f5f3a@group-475DBD44CB32: set configuration 0: peers:[b898f15d-4860-47c9-8591-05c5a169db6c|rpc:10.1.0.38:15173|admin:10.1.0.38:15172|client:10.1.0.38:15171|dataStream:10.1.0.38:15174|priority:0|startupRole:FOLLOWER, cdf07a7b-95f7-44c3-8ae6-3efcc78f5f3a|rpc:10.1.0.38:15157|admin:10.1.0.38:15156|client:10.1.0.38:15155|dataStream:10.1.0.38:15158|priority:1|startupRole:FOLLOWER, 9a8ecc75-319b-47a2-9433-72c1cc276f25|rpc:10.1.0.38:15165|admin:10.1.0.38:15164|client:10.1.0.38:15163|dataStream:10.1.0.38:15166|priority:0|startupRole:FOLLOWER]|listeners:[], old=null
2023-05-23 10:26:30,531 [cdf07a7b-95f7-44c3-8ae6-3efcc78f5f3a@group-475DBD44CB32-SegmentedRaftLogWorker] INFO  segmented.SegmentedRaftLogWorker (SegmentedRaftLogWorker.java:execute(651)) - cdf07a7b-95f7-44c3-8ae6-3efcc78f5f3a@group-475DBD44CB32-SegmentedRaftLogWorker: created new log segment /home/runner/work/ozone/ozone/hadoop-ozone/integration-test/target/test-dir/MiniOzoneClusterImpl-00f23a18-bf09-4bf2-9950-b0f9dab58561/datanode-0/data/ratis/d97c19a0-75d1-4bc6-b3c9-475dbd44cb32/current/log_inprogress_0
2023-05-23 10:26:30,531 [grpc-default-executor-1] INFO  server.RaftServer$Division (RaftServerImpl.java:requestVote(1335)) - b898f15d-4860-47c9-8591-05c5a169db6c@group-475DBD44CB32 replies to ELECTION vote request: cdf07a7b-95f7-44c3-8ae6-3efcc78f5f3a<-b898f15d-4860-47c9-8591-05c5a169db6c#0:OK-t1. Peer's state: b898f15d-4860-47c9-8591-05c5a169db6c@group-475DBD44CB32:t1, leader=null, voted=cdf07a7b-95f7-44c3-8ae6-3efcc78f5f3a, raftlog=Memoized:b898f15d-4860-47c9-8591-05c5a169db6c@group-475DBD44CB32-SegmentedRaftLog:OPENED:c-1, conf=-1: peers:[b898f15d-4860-47c9-8591-05c5a169db6c|rpc:10.1.0.38:15173|admin:10.1.0.38:15172|client:10.1.0.38:15171|dataStream:10.1.0.38:15174|priority:0|startupRole:FOLLOWER, cdf07a7b-95f7-44c3-8ae6-3efcc78f5f3a|rpc:10.1.0.38:15157|admin:10.1.0.38:15156|client:10.1.0.38:15155|dataStream:10.1.0.38:15158|priority:1|startupRole:FOLLOWER, 9a8ecc75-319b-47a2-9433-72c1cc276f25|rpc:10.1.0.38:15165|admin:10.1.0.38:15164|client:10.1.0.38:15163|dataStream:10.1.0.38:15166|priority:0|startupRole:FOLLOWER]|listeners:[], old=null
2023-05-23 10:26:30,531 [EventQueue-OpenPipelineForHealthyPipelineSafeModeRule] INFO  safemode.SCMSafeModeManager (HealthyPipelineSafeModeRule.java:process(137)) - SCM in safe mode. Healthy pipelines reported count is 1, required healthy pipeline reported count is 1
2023-05-23 10:26:30,531 [EventQueue-OpenPipelineForHealthyPipelineSafeModeRule] INFO  safemode.SCMSafeModeManager (SCMSafeModeManager.java:validateSafeModeExitRules(200)) - HealthyPipelineSafeModeRule rule is successfully validated
2023-05-23 10:26:30,531 [EventQueue-OpenPipelineForHealthyPipelineSafeModeRule] INFO  safemode.SCMSafeModeManager (SCMSafeModeManager.java:validateSafeModeExitRules(215)) - ScmSafeModeManager, all rules are successfully validated
2023-05-23 10:26:30,531 [EventQueue-OpenPipelineForHealthyPipelineSafeModeRule] INFO  safemode.SCMSafeModeManager (SCMSafeModeManager.java:exitSafeMode(244)) - SCM exiting safe mode.
2023-05-23 10:26:30,532 [EventQueue-OpenPipelineForHealthyPipelineSafeModeRule] INFO  ha.SCMContext (SCMContext.java:updateSafeModeStatus(228)) - Update SafeModeStatus from SafeModeStatus{safeModeStatus=true, preCheckPassed=true} to SafeModeStatus{safeModeStatus=false, preCheckPassed=true}.
2023-05-23 10:26:30,532 [EventQueue-OpenPipelineForHealthyPipelineSafeModeRule] INFO  pipeline.BackgroundPipelineCreator (BackgroundPipelineCreator.java:notifyStatusChanged(254)) - Service BackgroundPipelineCreator transitions to RUNNING.
2023-05-23 10:26:30,532 [EventQueue-OpenPipelineForHealthyPipelineSafeModeRule] INFO  BackgroundPipelineScrubber (BackgroundSCMService.java:notifyStatusChanged(82)) - Service BackgroundPipelineScrubber transitions to RUNNING.
2023-05-23 10:26:30,532 [EventQueue-OpenPipelineForHealthyPipelineSafeModeRule] INFO  ExpiredContainerReplicaOpScrubber (BackgroundSCMService.java:notifyStatusChanged(82)) - Service ExpiredContainerReplicaOpScrubber transitions to RUNNING.
2023-05-23 10:26:30,532 [EventQueue-OpenPipelineForHealthyPipelineSafeModeRule] INFO  replication.ReplicationManager (ReplicationManager.java:notifyStatusChanged(1377)) - Service ReplicationManager transitions to RUNNING.
2023-05-23 10:26:30,532 [EventQueue-OpenPipelineForHealthyPipelineSafeModeRule] WARN  balancer.ContainerBalancer (ContainerBalancer.java:shouldRun(132)) - Could not find persisted configuration for ContainerBalancer when checking if ContainerBalancer should run. ContainerBalancer should not run now.
2023-05-23 10:26:30,543 [b898f15d-4860-47c9-8591-05c5a169db6c-server-thread1] INFO  ratis.XceiverServerRatis (XceiverServerRatis.java:handleLeaderChangedNotification(904)) - Leader change notification received for group: group-475DBD44CB32 with new leaderId: cdf07a7b-95f7-44c3-8ae6-3efcc78f5f3a
2023-05-23 10:26:30,543 [b898f15d-4860-47c9-8591-05c5a169db6c-server-thread1] INFO  server.RaftServer$Division (ServerState.java:setLeader(317)) - b898f15d-4860-47c9-8591-05c5a169db6c@group-475DBD44CB32: change Leader from null to cdf07a7b-95f7-44c3-8ae6-3efcc78f5f3a at term 1 for appendEntries, leader elected after 4999ms
2023-05-23 10:26:30,544 [b898f15d-4860-47c9-8591-05c5a169db6c-server-thread1] INFO  server.RaftServer$Division (ServerState.java:setRaftConf(434)) - b898f15d-4860-47c9-8591-05c5a169db6c@group-475DBD44CB32: set configuration 0: peers:[b898f15d-4860-47c9-8591-05c5a169db6c|rpc:10.1.0.38:15173|admin:10.1.0.38:15172|client:10.1.0.38:15171|dataStream:10.1.0.38:15174|priority:0|startupRole:FOLLOWER, cdf07a7b-95f7-44c3-8ae6-3efcc78f5f3a|rpc:10.1.0.38:15157|admin:10.1.0.38:15156|client:10.1.0.38:15155|dataStream:10.1.0.38:15158|priority:1|startupRole:FOLLOWER, 9a8ecc75-319b-47a2-9433-72c1cc276f25|rpc:10.1.0.38:15165|admin:10.1.0.38:15164|client:10.1.0.38:15163|dataStream:10.1.0.38:15166|priority:0|startupRole:FOLLOWER]|listeners:[], old=null
2023-05-23 10:26:30,545 [b898f15d-4860-47c9-8591-05c5a169db6c-server-thread1] INFO  segmented.SegmentedRaftLogWorker (SegmentedRaftLogWorker.java:startLogSegment(447)) - b898f15d-4860-47c9-8591-05c5a169db6c@group-475DBD44CB32-SegmentedRaftLogWorker: Starting segment from index:0
2023-05-23 10:26:30,547 [9a8ecc75-319b-47a2-9433-72c1cc276f25-server-thread1] INFO  ratis.XceiverServerRatis (XceiverServerRatis.java:handleLeaderChangedNotification(904)) - Leader change notification received for group: group-475DBD44CB32 with new leaderId: cdf07a7b-95f7-44c3-8ae6-3efcc78f5f3a
2023-05-23 10:26:30,547 [9a8ecc75-319b-47a2-9433-72c1cc276f25-server-thread1] INFO  server.RaftServer$Division (ServerState.java:setLeader(317)) - 9a8ecc75-319b-47a2-9433-72c1cc276f25@group-475DBD44CB32: change Leader from null to cdf07a7b-95f7-44c3-8ae6-3efcc78f5f3a at term 1 for appendEntries, leader elected after 5045ms
2023-05-23 10:26:30,555 [b898f15d-4860-47c9-8591-05c5a169db6c@group-475DBD44CB32-SegmentedRaftLogWorker] INFO  segmented.SegmentedRaftLogWorker (SegmentedRaftLogWorker.java:execute(651)) - b898f15d-4860-47c9-8591-05c5a169db6c@group-475DBD44CB32-SegmentedRaftLogWorker: created new log segment /home/runner/work/ozone/ozone/hadoop-ozone/integration-test/target/test-dir/MiniOzoneClusterImpl-00f23a18-bf09-4bf2-9950-b0f9dab58561/datanode-2/data/ratis/d97c19a0-75d1-4bc6-b3c9-475dbd44cb32/current/log_inprogress_0
2023-05-23 10:26:30,556 [9a8ecc75-319b-47a2-9433-72c1cc276f25-server-thread2] INFO  server.RaftServer$Division (ServerState.java:setRaftConf(434)) - 9a8ecc75-319b-47a2-9433-72c1cc276f25@group-475DBD44CB32: set configuration 0: peers:[b898f15d-4860-47c9-8591-05c5a169db6c|rpc:10.1.0.38:15173|admin:10.1.0.38:15172|client:10.1.0.38:15171|dataStream:10.1.0.38:15174|priority:0|startupRole:FOLLOWER, cdf07a7b-95f7-44c3-8ae6-3efcc78f5f3a|rpc:10.1.0.38:15157|admin:10.1.0.38:15156|client:10.1.0.38:15155|dataStream:10.1.0.38:15158|priority:1|startupRole:FOLLOWER, 9a8ecc75-319b-47a2-9433-72c1cc276f25|rpc:10.1.0.38:15165|admin:10.1.0.38:15164|client:10.1.0.38:15163|dataStream:10.1.0.38:15166|priority:0|startupRole:FOLLOWER]|listeners:[], old=null
2023-05-23 10:26:30,556 [9a8ecc75-319b-47a2-9433-72c1cc276f25-server-thread2] INFO  segmented.SegmentedRaftLogWorker (SegmentedRaftLogWorker.java:startLogSegment(447)) - 9a8ecc75-319b-47a2-9433-72c1cc276f25@group-475DBD44CB32-SegmentedRaftLogWorker: Starting segment from index:0
2023-05-23 10:26:30,558 [9a8ecc75-319b-47a2-9433-72c1cc276f25@group-475DBD44CB32-SegmentedRaftLogWorker] INFO  segmented.SegmentedRaftLogWorker (SegmentedRaftLogWorker.java:execute(651)) - 9a8ecc75-319b-47a2-9433-72c1cc276f25@group-475DBD44CB32-SegmentedRaftLogWorker: created new log segment /home/runner/work/ozone/ozone/hadoop-ozone/integration-test/target/test-dir/MiniOzoneClusterImpl-00f23a18-bf09-4bf2-9950-b0f9dab58561/datanode-1/data/ratis/d97c19a0-75d1-4bc6-b3c9-475dbd44cb32/current/log_inprogress_0
2023-05-23 10:26:30,643 [cdf07a7b-95f7-44c3-8ae6-3efcc78f5f3a@group-DD854FF2EF03-FollowerState] INFO  impl.FollowerState (FollowerState.java:run(143)) - cdf07a7b-95f7-44c3-8ae6-3efcc78f5f3a@group-DD854FF2EF03-FollowerState: change to CANDIDATE, lastRpcElapsedTime:5187553579ns, electionTimeout:5187ms
2023-05-23 10:26:30,643 [cdf07a7b-95f7-44c3-8ae6-3efcc78f5f3a@group-DD854FF2EF03-FollowerState] INFO  impl.RoleInfo (RoleInfo.java:shutdownFollowerState(110)) - cdf07a7b-95f7-44c3-8ae6-3efcc78f5f3a: shutdown cdf07a7b-95f7-44c3-8ae6-3efcc78f5f3a@group-DD854FF2EF03-FollowerState
2023-05-23 10:26:30,643 [cdf07a7b-95f7-44c3-8ae6-3efcc78f5f3a@group-DD854FF2EF03-FollowerState] INFO  server.RaftServer$Division (RaftServerImpl.java:setRole(329)) - cdf07a7b-95f7-44c3-8ae6-3efcc78f5f3a@group-DD854FF2EF03: changes role from  FOLLOWER to CANDIDATE at term 0 for changeToCandidate
2023-05-23 10:26:30,643 [cdf07a7b-95f7-44c3-8ae6-3efcc78f5f3a@group-DD854FF2EF03-FollowerState] INFO  server.RaftServerConfigKeys (ConfUtils.java:logGet(46)) - raft.server.leaderelection.pre-vote = true (default)
2023-05-23 10:26:30,643 [cdf07a7b-95f7-44c3-8ae6-3efcc78f5f3a@group-DD854FF2EF03-FollowerState] INFO  impl.RoleInfo (RoleInfo.java:updateAndGet(139)) - cdf07a7b-95f7-44c3-8ae6-3efcc78f5f3a: start cdf07a7b-95f7-44c3-8ae6-3efcc78f5f3a@group-DD854FF2EF03-LeaderElection35
2023-05-23 10:26:30,644 [cdf07a7b-95f7-44c3-8ae6-3efcc78f5f3a@group-DD854FF2EF03-LeaderElection35] INFO  impl.LeaderElection (LeaderElection.java:askForVotes(321)) - cdf07a7b-95f7-44c3-8ae6-3efcc78f5f3a@group-DD854FF2EF03-LeaderElection35 PRE_VOTE round 0: submit vote requests at term 0 for -1: peers:[cdf07a7b-95f7-44c3-8ae6-3efcc78f5f3a|rpc:10.1.0.38:15157|admin:10.1.0.38:15156|client:10.1.0.38:15155|dataStream:10.1.0.38:15158|priority:1|startupRole:FOLLOWER]|listeners:[], old=null
2023-05-23 10:26:30,645 [cdf07a7b-95f7-44c3-8ae6-3efcc78f5f3a@group-DD854FF2EF03-LeaderElection35] INFO  impl.LeaderElection (LeaderElection.java:askForVotes(323)) - cdf07a7b-95f7-44c3-8ae6-3efcc78f5f3a@group-DD854FF2EF03-LeaderElection35 PRE_VOTE round 0: result PASSED (term=0)
2023-05-23 10:26:30,646 [cdf07a7b-95f7-44c3-8ae6-3efcc78f5f3a@group-DD854FF2EF03-LeaderElection35] INFO  impl.LeaderElection (LeaderElection.java:askForVotes(321)) - cdf07a7b-95f7-44c3-8ae6-3efcc78f5f3a@group-DD854FF2EF03-LeaderElection35 ELECTION round 0: submit vote requests at term 1 for -1: peers:[cdf07a7b-95f7-44c3-8ae6-3efcc78f5f3a|rpc:10.1.0.38:15157|admin:10.1.0.38:15156|client:10.1.0.38:15155|dataStream:10.1.0.38:15158|priority:1|startupRole:FOLLOWER]|listeners:[], old=null
2023-05-23 10:26:30,646 [cdf07a7b-95f7-44c3-8ae6-3efcc78f5f3a@group-DD854FF2EF03-LeaderElection35] INFO  impl.LeaderElection (LeaderElection.java:askForVotes(323)) - cdf07a7b-95f7-44c3-8ae6-3efcc78f5f3a@group-DD854FF2EF03-LeaderElection35 ELECTION round 0: result PASSED (term=1)
2023-05-23 10:26:30,646 [cdf07a7b-95f7-44c3-8ae6-3efcc78f5f3a@group-DD854FF2EF03-LeaderElection35] INFO  impl.RoleInfo (RoleInfo.java:shutdownLeaderElection(130)) - cdf07a7b-95f7-44c3-8ae6-3efcc78f5f3a: shutdown cdf07a7b-95f7-44c3-8ae6-3efcc78f5f3a@group-DD854FF2EF03-LeaderElection35
2023-05-23 10:26:30,646 [cdf07a7b-95f7-44c3-8ae6-3efcc78f5f3a@group-DD854FF2EF03-LeaderElection35] INFO  server.RaftServer$Division (RaftServerImpl.java:setRole(329)) - cdf07a7b-95f7-44c3-8ae6-3efcc78f5f3a@group-DD854FF2EF03: changes role from CANDIDATE to LEADER at term 1 for changeToLeader
2023-05-23 10:26:30,646 [cdf07a7b-95f7-44c3-8ae6-3efcc78f5f3a@group-DD854FF2EF03-LeaderElection35] INFO  ratis.XceiverServerRatis (XceiverServerRatis.java:handleLeaderChangedNotification(904)) - Leader change notification received for group: group-DD854FF2EF03 with new leaderId: cdf07a7b-95f7-44c3-8ae6-3efcc78f5f3a
2023-05-23 10:26:30,646 [cdf07a7b-95f7-44c3-8ae6-3efcc78f5f3a@group-DD854FF2EF03-LeaderElection35] INFO  server.RaftServer$Division (ServerState.java:setLeader(317)) - cdf07a7b-95f7-44c3-8ae6-3efcc78f5f3a@group-DD854FF2EF03: change Leader from null to cdf07a7b-95f7-44c3-8ae6-3efcc78f5f3a at term 1 for becomeLeader, leader elected after 5207ms
2023-05-23 10:26:30,646 [cdf07a7b-95f7-44c3-8ae6-3efcc78f5f3a@group-DD854FF2EF03-LeaderElection35] INFO  server.RaftServerConfigKeys (ConfUtils.java:logGet(46)) - raft.server.staging.catchup.gap = 1000 (default)
2023-05-23 10:26:30,647 [cdf07a7b-95f7-44c3-8ae6-3efcc78f5f3a@group-DD854FF2EF03-LeaderElection35] INFO  server.RaftServerConfigKeys (ConfUtils.java:logGet(46)) - raft.server.write.element-limit = 1024 (custom)
2023-05-23 10:26:30,647 [cdf07a7b-95f7-44c3-8ae6-3efcc78f5f3a@group-DD854FF2EF03-LeaderElection35] INFO  server.RaftServerConfigKeys (ConfUtils.java:logGet(46)) - raft.server.write.byte-limit = 1024 M (=1073741824) (custom)
2023-05-23 10:26:30,647 [cdf07a7b-95f7-44c3-8ae6-3efcc78f5f3a@group-DD854FF2EF03-LeaderElection35] INFO  server.RaftServerConfigKeys (ConfUtils.java:logGet(46)) - raft.server.watch.timeout = 180s (custom)
2023-05-23 10:26:30,647 [cdf07a7b-95f7-44c3-8ae6-3efcc78f5f3a@group-DD854FF2EF03-LeaderElection35] INFO  server.RaftServerConfigKeys (ConfUtils.java:logGet(46)) - raft.server.watch.timeout.denomination = 1s (default)
2023-05-23 10:26:30,647 [cdf07a7b-95f7-44c3-8ae6-3efcc78f5f3a@group-DD854FF2EF03-LeaderElection35] INFO  server.RaftServerConfigKeys (ConfUtils.java:logGet(46)) - raft.server.watch.element-limit = 65536 (default)
2023-05-23 10:26:30,647 [cdf07a7b-95f7-44c3-8ae6-3efcc78f5f3a@group-DD854FF2EF03-LeaderElection35] INFO  server.RaftServerConfigKeys (ConfUtils.java:logGet(46)) - raft.server.write.element-limit = 1024 (custom)
2023-05-23 10:26:30,647 [cdf07a7b-95f7-44c3-8ae6-3efcc78f5f3a@group-DD854FF2EF03-LeaderElection35] INFO  server.RaftServerConfigKeys (ConfUtils.java:logGet(46)) - raft.server.write.follower.gap.ratio.max = -1.0 (default)
2023-05-23 10:26:30,647 [cdf07a7b-95f7-44c3-8ae6-3efcc78f5f3a@group-DD854FF2EF03-LeaderElection35] INFO  impl.RoleInfo (RoleInfo.java:updateAndGet(139)) - cdf07a7b-95f7-44c3-8ae6-3efcc78f5f3a: start cdf07a7b-95f7-44c3-8ae6-3efcc78f5f3a@group-DD854FF2EF03-LeaderStateImpl
2023-05-23 10:26:30,647 [cdf07a7b-95f7-44c3-8ae6-3efcc78f5f3a@group-DD854FF2EF03-LeaderElection35] INFO  segmented.SegmentedRaftLogWorker (SegmentedRaftLogWorker.java:startLogSegment(447)) - cdf07a7b-95f7-44c3-8ae6-3efcc78f5f3a@group-DD854FF2EF03-SegmentedRaftLogWorker: Starting segment from index:0
2023-05-23 10:26:30,648 [cdf07a7b-95f7-44c3-8ae6-3efcc78f5f3a@group-DD854FF2EF03-LeaderElection35] INFO  server.RaftServer$Division (ServerState.java:setRaftConf(434)) - cdf07a7b-95f7-44c3-8ae6-3efcc78f5f3a@group-DD854FF2EF03: set configuration 0: peers:[cdf07a7b-95f7-44c3-8ae6-3efcc78f5f3a|rpc:10.1.0.38:15157|admin:10.1.0.38:15156|client:10.1.0.38:15155|dataStream:10.1.0.38:15158|priority:1|startupRole:FOLLOWER]|listeners:[], old=null
2023-05-23 10:26:30,651 [cdf07a7b-95f7-44c3-8ae6-3efcc78f5f3a@group-DD854FF2EF03-SegmentedRaftLogWorker] INFO  segmented.SegmentedRaftLogWorker (SegmentedRaftLogWorker.java:execute(651)) - cdf07a7b-95f7-44c3-8ae6-3efcc78f5f3a@group-DD854FF2EF03-SegmentedRaftLogWorker: created new log segment /home/runner/work/ozone/ozone/hadoop-ozone/integration-test/target/test-dir/MiniOzoneClusterImpl-00f23a18-bf09-4bf2-9950-b0f9dab58561/datanode-0/data/ratis/f61c0586-a0e4-49bf-8d0e-dd854ff2ef03/current/log_inprogress_0
2023-05-23 10:26:30,723 [b898f15d-4860-47c9-8591-05c5a169db6c@group-47EE8FE3890D-FollowerState] INFO  impl.FollowerState (FollowerState.java:run(143)) - b898f15d-4860-47c9-8591-05c5a169db6c@group-47EE8FE3890D-FollowerState: change to CANDIDATE, lastRpcElapsedTime:5058070085ns, electionTimeout:5057ms
2023-05-23 10:26:30,723 [b898f15d-4860-47c9-8591-05c5a169db6c@group-47EE8FE3890D-FollowerState] INFO  impl.RoleInfo (RoleInfo.java:shutdownFollowerState(110)) - b898f15d-4860-47c9-8591-05c5a169db6c: shutdown b898f15d-4860-47c9-8591-05c5a169db6c@group-47EE8FE3890D-FollowerState
2023-05-23 10:26:30,723 [b898f15d-4860-47c9-8591-05c5a169db6c@group-47EE8FE3890D-FollowerState] INFO  server.RaftServer$Division (RaftServerImpl.java:setRole(329)) - b898f15d-4860-47c9-8591-05c5a169db6c@group-47EE8FE3890D: changes role from  FOLLOWER to CANDIDATE at term 0 for changeToCandidate
2023-05-23 10:26:30,723 [b898f15d-4860-47c9-8591-05c5a169db6c@group-47EE8FE3890D-FollowerState] INFO  server.RaftServerConfigKeys (ConfUtils.java:logGet(46)) - raft.server.leaderelection.pre-vote = true (default)
2023-05-23 10:26:30,723 [b898f15d-4860-47c9-8591-05c5a169db6c@group-47EE8FE3890D-FollowerState] INFO  impl.RoleInfo (RoleInfo.java:updateAndGet(139)) - b898f15d-4860-47c9-8591-05c5a169db6c: start b898f15d-4860-47c9-8591-05c5a169db6c@group-47EE8FE3890D-LeaderElection36
2023-05-23 10:26:30,725 [b898f15d-4860-47c9-8591-05c5a169db6c@group-47EE8FE3890D-LeaderElection36] INFO  impl.LeaderElection (LeaderElection.java:askForVotes(321)) - b898f15d-4860-47c9-8591-05c5a169db6c@group-47EE8FE3890D-LeaderElection36 PRE_VOTE round 0: submit vote requests at term 0 for -1: peers:[b898f15d-4860-47c9-8591-05c5a169db6c|rpc:10.1.0.38:15173|admin:10.1.0.38:15172|client:10.1.0.38:15171|dataStream:10.1.0.38:15174|priority:0|startupRole:FOLLOWER, cdf07a7b-95f7-44c3-8ae6-3efcc78f5f3a|rpc:10.1.0.38:15157|admin:10.1.0.38:15156|client:10.1.0.38:15155|dataStream:10.1.0.38:15158|priority:0|startupRole:FOLLOWER, 9a8ecc75-319b-47a2-9433-72c1cc276f25|rpc:10.1.0.38:15165|admin:10.1.0.38:15164|client:10.1.0.38:15163|dataStream:10.1.0.38:15166|priority:1|startupRole:FOLLOWER]|listeners:[], old=null
2023-05-23 10:26:30,725 [b898f15d-4860-47c9-8591-05c5a169db6c@group-47EE8FE3890D-LeaderElection36] INFO  server.RaftServerConfigKeys (ConfUtils.java:logFallback(53)) - raft.server.rpc.first-election.timeout.min = 5s (fallback to raft.server.rpc.timeout.min)
2023-05-23 10:26:30,725 [b898f15d-4860-47c9-8591-05c5a169db6c@group-47EE8FE3890D-LeaderElection36-1] INFO  server.GrpcServerProtocolClient (GrpcServerProtocolClient.java:<init>(65)) - Build channel for cdf07a7b-95f7-44c3-8ae6-3efcc78f5f3a
2023-05-23 10:26:30,725 [b898f15d-4860-47c9-8591-05c5a169db6c@group-47EE8FE3890D-LeaderElection36] INFO  server.RaftServerConfigKeys (ConfUtils.java:logFallback(53)) - raft.server.rpc.first-election.timeout.max = 5200ms (fallback to raft.server.rpc.timeout.max)
2023-05-23 10:26:30,725 [b898f15d-4860-47c9-8591-05c5a169db6c@group-47EE8FE3890D-LeaderElection36-2] INFO  server.GrpcServerProtocolClient (GrpcServerProtocolClient.java:<init>(65)) - Build channel for 9a8ecc75-319b-47a2-9433-72c1cc276f25
2023-05-23 10:26:30,737 [grpc-default-executor-3] INFO  server.RaftServer$Division (RaftServerImpl.java:requestVote(1302)) - 9a8ecc75-319b-47a2-9433-72c1cc276f25@group-47EE8FE3890D: receive requestVote(PRE_VOTE, b898f15d-4860-47c9-8591-05c5a169db6c, group-47EE8FE3890D, 0, (t:0, i:0))
2023-05-23 10:26:30,738 [grpc-default-executor-3] INFO  impl.VoteContext (VoteContext.java:log(49)) - 9a8ecc75-319b-47a2-9433-72c1cc276f25@group-47EE8FE3890D-FOLLOWER: reject PRE_VOTE from b898f15d-4860-47c9-8591-05c5a169db6c: our priority 1 > candidate's priority 0
2023-05-23 10:26:30,738 [grpc-default-executor-3] INFO  server.RaftServer$Division (RaftServerImpl.java:requestVote(1335)) - 9a8ecc75-319b-47a2-9433-72c1cc276f25@group-47EE8FE3890D replies to PRE_VOTE vote request: b898f15d-4860-47c9-8591-05c5a169db6c<-9a8ecc75-319b-47a2-9433-72c1cc276f25#0:FAIL-t0. Peer's state: 9a8ecc75-319b-47a2-9433-72c1cc276f25@group-47EE8FE3890D:t0, leader=null, voted=, raftlog=Memoized:9a8ecc75-319b-47a2-9433-72c1cc276f25@group-47EE8FE3890D-SegmentedRaftLog:OPENED:c-1, conf=-1: peers:[b898f15d-4860-47c9-8591-05c5a169db6c|rpc:10.1.0.38:15173|admin:10.1.0.38:15172|client:10.1.0.38:15171|dataStream:10.1.0.38:15174|priority:0|startupRole:FOLLOWER, cdf07a7b-95f7-44c3-8ae6-3efcc78f5f3a|rpc:10.1.0.38:15157|admin:10.1.0.38:15156|client:10.1.0.38:15155|dataStream:10.1.0.38:15158|priority:0|startupRole:FOLLOWER, 9a8ecc75-319b-47a2-9433-72c1cc276f25|rpc:10.1.0.38:15165|admin:10.1.0.38:15164|client:10.1.0.38:15163|dataStream:10.1.0.38:15166|priority:1|startupRole:FOLLOWER]|listeners:[], old=null
2023-05-23 10:26:30,739 [b898f15d-4860-47c9-8591-05c5a169db6c@group-47EE8FE3890D-LeaderElection36] INFO  impl.LeaderElection (LeaderElection.java:logAndReturn(90)) - b898f15d-4860-47c9-8591-05c5a169db6c@group-47EE8FE3890D-LeaderElection36: PRE_VOTE REJECTED received 1 response(s) and 0 exception(s):
2023-05-23 10:26:30,739 [b898f15d-4860-47c9-8591-05c5a169db6c@group-47EE8FE3890D-LeaderElection36] INFO  impl.LeaderElection (LeaderElection.java:logAndReturn(94)) -   Response 0: b898f15d-4860-47c9-8591-05c5a169db6c<-9a8ecc75-319b-47a2-9433-72c1cc276f25#0:FAIL-t0
2023-05-23 10:26:30,739 [b898f15d-4860-47c9-8591-05c5a169db6c@group-47EE8FE3890D-LeaderElection36] INFO  impl.LeaderElection (LeaderElection.java:askForVotes(323)) - b898f15d-4860-47c9-8591-05c5a169db6c@group-47EE8FE3890D-LeaderElection36 PRE_VOTE round 0: result REJECTED
2023-05-23 10:26:30,739 [b898f15d-4860-47c9-8591-05c5a169db6c@group-47EE8FE3890D-LeaderElection36] INFO  server.RaftServer$Division (RaftServerImpl.java:setRole(329)) - b898f15d-4860-47c9-8591-05c5a169db6c@group-47EE8FE3890D: changes role from CANDIDATE to FOLLOWER at term 0 for REJECTED
2023-05-23 10:26:30,739 [b898f15d-4860-47c9-8591-05c5a169db6c@group-47EE8FE3890D-LeaderElection36] INFO  impl.RoleInfo (RoleInfo.java:shutdownLeaderElection(130)) - b898f15d-4860-47c9-8591-05c5a169db6c: shutdown b898f15d-4860-47c9-8591-05c5a169db6c@group-47EE8FE3890D-LeaderElection36
2023-05-23 10:26:30,739 [b898f15d-4860-47c9-8591-05c5a169db6c@group-47EE8FE3890D-LeaderElection36] INFO  impl.RoleInfo (RoleInfo.java:updateAndGet(139)) - b898f15d-4860-47c9-8591-05c5a169db6c: start b898f15d-4860-47c9-8591-05c5a169db6c@group-47EE8FE3890D-FollowerState
2023-05-23 10:26:30,741 [grpc-default-executor-3] INFO  server.RaftServer$Division (RaftServerImpl.java:requestVote(1302)) - cdf07a7b-95f7-44c3-8ae6-3efcc78f5f3a@group-47EE8FE3890D: receive requestVote(PRE_VOTE, b898f15d-4860-47c9-8591-05c5a169db6c, group-47EE8FE3890D, 0, (t:0, i:0))
2023-05-23 10:26:30,742 [grpc-default-executor-3] INFO  impl.VoteContext (VoteContext.java:log(49)) - cdf07a7b-95f7-44c3-8ae6-3efcc78f5f3a@group-47EE8FE3890D-FOLLOWER: accept PRE_VOTE from b898f15d-4860-47c9-8591-05c5a169db6c: our priority 0 <= candidate's priority 0
2023-05-23 10:26:30,742 [grpc-default-executor-3] INFO  server.RaftServer$Division (RaftServerImpl.java:requestVote(1335)) - cdf07a7b-95f7-44c3-8ae6-3efcc78f5f3a@group-47EE8FE3890D replies to PRE_VOTE vote request: b898f15d-4860-47c9-8591-05c5a169db6c<-cdf07a7b-95f7-44c3-8ae6-3efcc78f5f3a#0:OK-t0. Peer's state: cdf07a7b-95f7-44c3-8ae6-3efcc78f5f3a@group-47EE8FE3890D:t0, leader=null, voted=, raftlog=Memoized:cdf07a7b-95f7-44c3-8ae6-3efcc78f5f3a@group-47EE8FE3890D-SegmentedRaftLog:OPENED:c-1, conf=-1: peers:[b898f15d-4860-47c9-8591-05c5a169db6c|rpc:10.1.0.38:15173|admin:10.1.0.38:15172|client:10.1.0.38:15171|dataStream:10.1.0.38:15174|priority:0|startupRole:FOLLOWER, cdf07a7b-95f7-44c3-8ae6-3efcc78f5f3a|rpc:10.1.0.38:15157|admin:10.1.0.38:15156|client:10.1.0.38:15155|dataStream:10.1.0.38:15158|priority:0|startupRole:FOLLOWER, 9a8ecc75-319b-47a2-9433-72c1cc276f25|rpc:10.1.0.38:15165|admin:10.1.0.38:15164|client:10.1.0.38:15163|dataStream:10.1.0.38:15166|priority:1|startupRole:FOLLOWER]|listeners:[], old=null
2023-05-23 10:26:30,776 [cdf07a7b-95f7-44c3-8ae6-3efcc78f5f3a@group-47EE8FE3890D-FollowerState] INFO  server.RaftServerConfigKeys (ConfUtils.java:logFallback(53)) - raft.server.rpc.first-election.timeout.min = 5s (fallback to raft.server.rpc.timeout.min)
2023-05-23 10:26:30,776 [cdf07a7b-95f7-44c3-8ae6-3efcc78f5f3a@group-47EE8FE3890D-FollowerState] INFO  server.RaftServerConfigKeys (ConfUtils.java:logFallback(53)) - raft.server.rpc.first-election.timeout.max = 5200ms (fallback to raft.server.rpc.timeout.max)
2023-05-23 10:26:30,781 [Listener at 127.0.0.1/15148] INFO  ozone.MiniOzoneClusterImpl (MiniOzoneClusterImpl.java:lambda$waitForClusterToBeReady$0(222)) - Nodes are ready. Got 5 of 5 DN Heartbeats.
2023-05-23 10:26:30,781 [Listener at 127.0.0.1/15148] INFO  ozone.MiniOzoneClusterImpl (MiniOzoneClusterImpl.java:lambda$waitForClusterToBeReady$0(225)) - Cluster exits safe mode
2023-05-23 10:26:30,781 [Listener at 127.0.0.1/15148] INFO  ozone.MiniOzoneClusterImpl (MiniOzoneClusterImpl.java:lambda$waitForClusterToBeReady$0(227)) - SCM became leader
2023-05-23 10:26:30,790 [Listener at 127.0.0.1/15148] INFO  rpc.RpcClient (RpcClient.java:createVolume(455)) - Creating Volume: vol1, with runner as owner and space quota set to -1 bytes, counts quota set to -1
2023-05-23 10:26:30,802 [OM StateMachine ApplyTransaction Thread - 0] INFO  volume.OMVolumeCreateRequest (OMVolumeCreateRequest.java:validateAndUpdateCache(196)) - created volume:vol1 for user:runner
2023-05-23 10:26:30,808 [Listener at 127.0.0.1/15148] INFO  rpc.RpcClient (RpcClient.java:createBucket(677)) - Creating Bucket: vol1/bucket1, with server-side default bucket layout, runner as owner, Versioning false, Storage Type set to DISK and Encryption set to false, Replication Type set to server-side default replication type, Namespace Quota set to -1, Space Quota set to -1 
2023-05-23 10:26:30,811 [9a8ecc75-319b-47a2-9433-72c1cc276f25@group-47EE8FE3890D-FollowerState] INFO  impl.FollowerState (FollowerState.java:run(143)) - 9a8ecc75-319b-47a2-9433-72c1cc276f25@group-47EE8FE3890D-FollowerState: change to CANDIDATE, lastRpcElapsedTime:5190637024ns, electionTimeout:5185ms
2023-05-23 10:26:30,811 [9a8ecc75-319b-47a2-9433-72c1cc276f25@group-47EE8FE3890D-FollowerState] INFO  impl.RoleInfo (RoleInfo.java:shutdownFollowerState(110)) - 9a8ecc75-319b-47a2-9433-72c1cc276f25: shutdown 9a8ecc75-319b-47a2-9433-72c1cc276f25@group-47EE8FE3890D-FollowerState
2023-05-23 10:26:30,811 [9a8ecc75-319b-47a2-9433-72c1cc276f25@group-47EE8FE3890D-FollowerState] INFO  server.RaftServer$Division (RaftServerImpl.java:setRole(329)) - 9a8ecc75-319b-47a2-9433-72c1cc276f25@group-47EE8FE3890D: changes role from  FOLLOWER to CANDIDATE at term 0 for changeToCandidate
2023-05-23 10:26:30,811 [9a8ecc75-319b-47a2-9433-72c1cc276f25@group-47EE8FE3890D-FollowerState] INFO  server.RaftServerConfigKeys (ConfUtils.java:logGet(46)) - raft.server.leaderelection.pre-vote = true (default)
2023-05-23 10:26:30,811 [9a8ecc75-319b-47a2-9433-72c1cc276f25@group-47EE8FE3890D-FollowerState] INFO  impl.RoleInfo (RoleInfo.java:updateAndGet(139)) - 9a8ecc75-319b-47a2-9433-72c1cc276f25: start 9a8ecc75-319b-47a2-9433-72c1cc276f25@group-47EE8FE3890D-LeaderElection37
2023-05-23 10:26:30,813 [9a8ecc75-319b-47a2-9433-72c1cc276f25@group-47EE8FE3890D-LeaderElection37] INFO  impl.LeaderElection (LeaderElection.java:askForVotes(321)) - 9a8ecc75-319b-47a2-9433-72c1cc276f25@group-47EE8FE3890D-LeaderElection37 PRE_VOTE round 0: submit vote requests at term 0 for -1: peers:[b898f15d-4860-47c9-8591-05c5a169db6c|rpc:10.1.0.38:15173|admin:10.1.0.38:15172|client:10.1.0.38:15171|dataStream:10.1.0.38:15174|priority:0|startupRole:FOLLOWER, cdf07a7b-95f7-44c3-8ae6-3efcc78f5f3a|rpc:10.1.0.38:15157|admin:10.1.0.38:15156|client:10.1.0.38:15155|dataStream:10.1.0.38:15158|priority:0|startupRole:FOLLOWER, 9a8ecc75-319b-47a2-9433-72c1cc276f25|rpc:10.1.0.38:15165|admin:10.1.0.38:15164|client:10.1.0.38:15163|dataStream:10.1.0.38:15166|priority:1|startupRole:FOLLOWER]|listeners:[], old=null
2023-05-23 10:26:30,814 [9a8ecc75-319b-47a2-9433-72c1cc276f25@group-47EE8FE3890D-LeaderElection37-1] INFO  server.GrpcServerProtocolClient (GrpcServerProtocolClient.java:<init>(65)) - Build channel for b898f15d-4860-47c9-8591-05c5a169db6c
2023-05-23 10:26:30,817 [9a8ecc75-319b-47a2-9433-72c1cc276f25@group-47EE8FE3890D-LeaderElection37] INFO  server.RaftServerConfigKeys (ConfUtils.java:logFallback(53)) - raft.server.rpc.first-election.timeout.min = 5s (fallback to raft.server.rpc.timeout.min)
2023-05-23 10:26:30,817 [9a8ecc75-319b-47a2-9433-72c1cc276f25@group-47EE8FE3890D-LeaderElection37] INFO  server.RaftServerConfigKeys (ConfUtils.java:logFallback(53)) - raft.server.rpc.first-election.timeout.max = 5200ms (fallback to raft.server.rpc.timeout.max)
2023-05-23 10:26:30,822 [OM StateMachine ApplyTransaction Thread - 0] INFO  bucket.OMBucketCreateRequest (OMBucketCreateRequest.java:validateAndUpdateCache(270)) - created bucket: bucket1 of layout FILE_SYSTEM_OPTIMIZED in volume: vol1
2023-05-23 10:26:30,826 [grpc-default-executor-3] INFO  server.RaftServer$Division (RaftServerImpl.java:requestVote(1302)) - b898f15d-4860-47c9-8591-05c5a169db6c@group-47EE8FE3890D: receive requestVote(PRE_VOTE, 9a8ecc75-319b-47a2-9433-72c1cc276f25, group-47EE8FE3890D, 0, (t:0, i:0))
2023-05-23 10:26:30,826 [grpc-default-executor-3] INFO  impl.VoteContext (VoteContext.java:log(49)) - b898f15d-4860-47c9-8591-05c5a169db6c@group-47EE8FE3890D-FOLLOWER: accept PRE_VOTE from 9a8ecc75-319b-47a2-9433-72c1cc276f25: our priority 0 <= candidate's priority 1
2023-05-23 10:26:30,826 [grpc-default-executor-3] INFO  server.RaftServer$Division (RaftServerImpl.java:requestVote(1335)) - b898f15d-4860-47c9-8591-05c5a169db6c@group-47EE8FE3890D replies to PRE_VOTE vote request: 9a8ecc75-319b-47a2-9433-72c1cc276f25<-b898f15d-4860-47c9-8591-05c5a169db6c#0:OK-t0. Peer's state: b898f15d-4860-47c9-8591-05c5a169db6c@group-47EE8FE3890D:t0, leader=null, voted=, raftlog=Memoized:b898f15d-4860-47c9-8591-05c5a169db6c@group-47EE8FE3890D-SegmentedRaftLog:OPENED:c-1, conf=-1: peers:[b898f15d-4860-47c9-8591-05c5a169db6c|rpc:10.1.0.38:15173|admin:10.1.0.38:15172|client:10.1.0.38:15171|dataStream:10.1.0.38:15174|priority:0|startupRole:FOLLOWER, cdf07a7b-95f7-44c3-8ae6-3efcc78f5f3a|rpc:10.1.0.38:15157|admin:10.1.0.38:15156|client:10.1.0.38:15155|dataStream:10.1.0.38:15158|priority:0|startupRole:FOLLOWER, 9a8ecc75-319b-47a2-9433-72c1cc276f25|rpc:10.1.0.38:15165|admin:10.1.0.38:15164|client:10.1.0.38:15163|dataStream:10.1.0.38:15166|priority:1|startupRole:FOLLOWER]|listeners:[], old=null
2023-05-23 10:26:30,826 [9a8ecc75-319b-47a2-9433-72c1cc276f25@group-47EE8FE3890D-LeaderElection37-2] INFO  server.GrpcServerProtocolClient (GrpcServerProtocolClient.java:<init>(65)) - Build channel for cdf07a7b-95f7-44c3-8ae6-3efcc78f5f3a
2023-05-23 10:26:30,827 [9a8ecc75-319b-47a2-9433-72c1cc276f25@group-47EE8FE3890D-LeaderElection37] INFO  impl.LeaderElection (LeaderElection.java:logAndReturn(90)) - 9a8ecc75-319b-47a2-9433-72c1cc276f25@group-47EE8FE3890D-LeaderElection37: PRE_VOTE PASSED received 1 response(s) and 0 exception(s):
2023-05-23 10:26:30,827 [9a8ecc75-319b-47a2-9433-72c1cc276f25@group-47EE8FE3890D-LeaderElection37] INFO  impl.LeaderElection (LeaderElection.java:logAndReturn(94)) -   Response 0: 9a8ecc75-319b-47a2-9433-72c1cc276f25<-b898f15d-4860-47c9-8591-05c5a169db6c#0:OK-t0
2023-05-23 10:26:30,827 [9a8ecc75-319b-47a2-9433-72c1cc276f25@group-47EE8FE3890D-LeaderElection37] INFO  impl.LeaderElection (LeaderElection.java:askForVotes(323)) - 9a8ecc75-319b-47a2-9433-72c1cc276f25@group-47EE8FE3890D-LeaderElection37 PRE_VOTE round 0: result PASSED
2023-05-23 10:26:30,828 [9a8ecc75-319b-47a2-9433-72c1cc276f25@group-47EE8FE3890D-LeaderElection37] INFO  impl.LeaderElection (LeaderElection.java:askForVotes(321)) - 9a8ecc75-319b-47a2-9433-72c1cc276f25@group-47EE8FE3890D-LeaderElection37 ELECTION round 0: submit vote requests at term 1 for -1: peers:[b898f15d-4860-47c9-8591-05c5a169db6c|rpc:10.1.0.38:15173|admin:10.1.0.38:15172|client:10.1.0.38:15171|dataStream:10.1.0.38:15174|priority:0|startupRole:FOLLOWER, cdf07a7b-95f7-44c3-8ae6-3efcc78f5f3a|rpc:10.1.0.38:15157|admin:10.1.0.38:15156|client:10.1.0.38:15155|dataStream:10.1.0.38:15158|priority:0|startupRole:FOLLOWER, 9a8ecc75-319b-47a2-9433-72c1cc276f25|rpc:10.1.0.38:15165|admin:10.1.0.38:15164|client:10.1.0.38:15163|dataStream:10.1.0.38:15166|priority:1|startupRole:FOLLOWER]|listeners:[], old=null
2023-05-23 10:26:30,831 [9a8ecc75-319b-47a2-9433-72c1cc276f25@group-47EE8FE3890D-LeaderElection37] INFO  server.RaftServerConfigKeys (ConfUtils.java:logFallback(53)) - raft.server.rpc.first-election.timeout.min = 5s (fallback to raft.server.rpc.timeout.min)
2023-05-23 10:26:30,831 [9a8ecc75-319b-47a2-9433-72c1cc276f25@group-47EE8FE3890D-LeaderElection37] INFO  server.RaftServerConfigKeys (ConfUtils.java:logFallback(53)) - raft.server.rpc.first-election.timeout.max = 5200ms (fallback to raft.server.rpc.timeout.max)
2023-05-23 10:26:30,841 [grpc-default-executor-3] INFO  server.RaftServer$Division (RaftServerImpl.java:requestVote(1302)) - b898f15d-4860-47c9-8591-05c5a169db6c@group-47EE8FE3890D: receive requestVote(ELECTION, 9a8ecc75-319b-47a2-9433-72c1cc276f25, group-47EE8FE3890D, 1, (t:0, i:0))
2023-05-23 10:26:30,841 [grpc-default-executor-3] INFO  impl.VoteContext (VoteContext.java:log(49)) - b898f15d-4860-47c9-8591-05c5a169db6c@group-47EE8FE3890D-FOLLOWER: accept ELECTION from 9a8ecc75-319b-47a2-9433-72c1cc276f25: our priority 0 <= candidate's priority 1
2023-05-23 10:26:30,841 [grpc-default-executor-3] INFO  server.RaftServer$Division (RaftServerImpl.java:setRole(329)) - b898f15d-4860-47c9-8591-05c5a169db6c@group-47EE8FE3890D: changes role from  FOLLOWER to FOLLOWER at term 1 for candidate:9a8ecc75-319b-47a2-9433-72c1cc276f25
2023-05-23 10:26:30,841 [grpc-default-executor-3] INFO  impl.RoleInfo (RoleInfo.java:shutdownFollowerState(110)) - b898f15d-4860-47c9-8591-05c5a169db6c: shutdown b898f15d-4860-47c9-8591-05c5a169db6c@group-47EE8FE3890D-FollowerState
2023-05-23 10:26:30,841 [grpc-default-executor-3] INFO  impl.RoleInfo (RoleInfo.java:updateAndGet(139)) - b898f15d-4860-47c9-8591-05c5a169db6c: start b898f15d-4860-47c9-8591-05c5a169db6c@group-47EE8FE3890D-FollowerState
2023-05-23 10:26:30,841 [b898f15d-4860-47c9-8591-05c5a169db6c@group-47EE8FE3890D-FollowerState] INFO  impl.FollowerState (FollowerState.java:run(152)) - b898f15d-4860-47c9-8591-05c5a169db6c@group-47EE8FE3890D-FollowerState was interrupted
2023-05-23 10:26:30,846 [grpc-default-executor-3] INFO  server.RaftServer$Division (RaftServerImpl.java:requestVote(1335)) - b898f15d-4860-47c9-8591-05c5a169db6c@group-47EE8FE3890D replies to ELECTION vote request: 9a8ecc75-319b-47a2-9433-72c1cc276f25<-b898f15d-4860-47c9-8591-05c5a169db6c#0:OK-t1. Peer's state: b898f15d-4860-47c9-8591-05c5a169db6c@group-47EE8FE3890D:t1, leader=null, voted=9a8ecc75-319b-47a2-9433-72c1cc276f25, raftlog=Memoized:b898f15d-4860-47c9-8591-05c5a169db6c@group-47EE8FE3890D-SegmentedRaftLog:OPENED:c-1, conf=-1: peers:[b898f15d-4860-47c9-8591-05c5a169db6c|rpc:10.1.0.38:15173|admin:10.1.0.38:15172|client:10.1.0.38:15171|dataStream:10.1.0.38:15174|priority:0|startupRole:FOLLOWER, cdf07a7b-95f7-44c3-8ae6-3efcc78f5f3a|rpc:10.1.0.38:15157|admin:10.1.0.38:15156|client:10.1.0.38:15155|dataStream:10.1.0.38:15158|priority:0|startupRole:FOLLOWER, 9a8ecc75-319b-47a2-9433-72c1cc276f25|rpc:10.1.0.38:15165|admin:10.1.0.38:15164|client:10.1.0.38:15163|dataStream:10.1.0.38:15166|priority:1|startupRole:FOLLOWER]|listeners:[], old=null
2023-05-23 10:26:30,847 [9a8ecc75-319b-47a2-9433-72c1cc276f25@group-47EE8FE3890D-LeaderElection37] INFO  impl.LeaderElection (LeaderElection.java:logAndReturn(90)) - 9a8ecc75-319b-47a2-9433-72c1cc276f25@group-47EE8FE3890D-LeaderElection37: ELECTION PASSED received 1 response(s) and 0 exception(s):
2023-05-23 10:26:30,848 [9a8ecc75-319b-47a2-9433-72c1cc276f25@group-47EE8FE3890D-LeaderElection37] INFO  impl.LeaderElection (LeaderElection.java:logAndReturn(94)) -   Response 0: 9a8ecc75-319b-47a2-9433-72c1cc276f25<-b898f15d-4860-47c9-8591-05c5a169db6c#0:OK-t1
2023-05-23 10:26:30,848 [9a8ecc75-319b-47a2-9433-72c1cc276f25@group-47EE8FE3890D-LeaderElection37] INFO  impl.LeaderElection (LeaderElection.java:askForVotes(323)) - 9a8ecc75-319b-47a2-9433-72c1cc276f25@group-47EE8FE3890D-LeaderElection37 ELECTION round 0: result PASSED
2023-05-23 10:26:30,848 [9a8ecc75-319b-47a2-9433-72c1cc276f25@group-47EE8FE3890D-LeaderElection37] INFO  impl.RoleInfo (RoleInfo.java:shutdownLeaderElection(130)) - 9a8ecc75-319b-47a2-9433-72c1cc276f25: shutdown 9a8ecc75-319b-47a2-9433-72c1cc276f25@group-47EE8FE3890D-LeaderElection37
2023-05-23 10:26:30,848 [9a8ecc75-319b-47a2-9433-72c1cc276f25@group-47EE8FE3890D-LeaderElection37] INFO  server.RaftServer$Division (RaftServerImpl.java:setRole(329)) - 9a8ecc75-319b-47a2-9433-72c1cc276f25@group-47EE8FE3890D: changes role from CANDIDATE to LEADER at term 1 for changeToLeader
2023-05-23 10:26:30,848 [9a8ecc75-319b-47a2-9433-72c1cc276f25@group-47EE8FE3890D-LeaderElection37] INFO  ratis.XceiverServerRatis (XceiverServerRatis.java:handleLeaderChangedNotification(904)) - Leader change notification received for group: group-47EE8FE3890D with new leaderId: 9a8ecc75-319b-47a2-9433-72c1cc276f25
2023-05-23 10:26:30,848 [9a8ecc75-319b-47a2-9433-72c1cc276f25@group-47EE8FE3890D-LeaderElection37] INFO  server.RaftServer$Division (ServerState.java:setLeader(317)) - 9a8ecc75-319b-47a2-9433-72c1cc276f25@group-47EE8FE3890D: change Leader from null to 9a8ecc75-319b-47a2-9433-72c1cc276f25 at term 1 for becomeLeader, leader elected after 5244ms
2023-05-23 10:26:30,848 [9a8ecc75-319b-47a2-9433-72c1cc276f25@group-47EE8FE3890D-LeaderElection37] INFO  server.RaftServerConfigKeys (ConfUtils.java:logGet(46)) - raft.server.staging.catchup.gap = 1000 (default)
2023-05-23 10:26:30,848 [9a8ecc75-319b-47a2-9433-72c1cc276f25@group-47EE8FE3890D-LeaderElection37] INFO  server.RaftServerConfigKeys (ConfUtils.java:logGet(46)) - raft.server.write.element-limit = 1024 (custom)
2023-05-23 10:26:30,848 [9a8ecc75-319b-47a2-9433-72c1cc276f25@group-47EE8FE3890D-LeaderElection37] INFO  server.RaftServerConfigKeys (ConfUtils.java:logGet(46)) - raft.server.write.byte-limit = 1024 M (=1073741824) (custom)
2023-05-23 10:26:30,848 [9a8ecc75-319b-47a2-9433-72c1cc276f25@group-47EE8FE3890D-LeaderElection37] INFO  server.RaftServerConfigKeys (ConfUtils.java:logGet(46)) - raft.server.watch.timeout = 180s (custom)
2023-05-23 10:26:30,848 [9a8ecc75-319b-47a2-9433-72c1cc276f25@group-47EE8FE3890D-LeaderElection37] INFO  server.RaftServerConfigKeys (ConfUtils.java:logGet(46)) - raft.server.watch.timeout.denomination = 1s (default)
2023-05-23 10:26:30,848 [9a8ecc75-319b-47a2-9433-72c1cc276f25@group-47EE8FE3890D-LeaderElection37] INFO  server.RaftServerConfigKeys (ConfUtils.java:logGet(46)) - raft.server.watch.element-limit = 65536 (default)
2023-05-23 10:26:30,848 [9a8ecc75-319b-47a2-9433-72c1cc276f25@group-47EE8FE3890D-LeaderElection37] INFO  server.RaftServerConfigKeys (ConfUtils.java:logGet(46)) - raft.server.write.element-limit = 1024 (custom)
2023-05-23 10:26:30,849 [9a8ecc75-319b-47a2-9433-72c1cc276f25@group-47EE8FE3890D-LeaderElection37] INFO  server.RaftServerConfigKeys (ConfUtils.java:logGet(46)) - raft.server.write.follower.gap.ratio.max = -1.0 (default)
2023-05-23 10:26:30,851 [9a8ecc75-319b-47a2-9433-72c1cc276f25@group-47EE8FE3890D-LeaderElection37] INFO  server.RaftServerConfigKeys (ConfUtils.java:logGet(46)) - raft.server.log.appender.snapshot.chunk.size.max = 16MB (=16777216) (default)
2023-05-23 10:26:30,851 [9a8ecc75-319b-47a2-9433-72c1cc276f25@group-47EE8FE3890D-LeaderElection37] INFO  server.RaftServerConfigKeys (ConfUtils.java:logGet(46)) - raft.server.log.appender.buffer.byte-limit = 33554432 (custom)
2023-05-23 10:26:30,851 [9a8ecc75-319b-47a2-9433-72c1cc276f25@group-47EE8FE3890D-LeaderElection37] INFO  server.RaftServerConfigKeys (ConfUtils.java:logGet(46)) - raft.server.log.appender.buffer.element-limit = 1 (custom)
2023-05-23 10:26:30,851 [9a8ecc75-319b-47a2-9433-72c1cc276f25@group-47EE8FE3890D-LeaderElection37] INFO  server.RaftServerConfigKeys (ConfUtils.java:logGet(46)) - raft.server.log.appender.wait-time.min = 10ms (default)
2023-05-23 10:26:30,851 [9a8ecc75-319b-47a2-9433-72c1cc276f25@group-47EE8FE3890D-LeaderElection37] INFO  grpc.GrpcConfigKeys (ConfUtils.java:logGet(46)) - raft.grpc.server.leader.outstanding.appends.max = 128 (default)
2023-05-23 10:26:30,851 [9a8ecc75-319b-47a2-9433-72c1cc276f25@group-47EE8FE3890D-LeaderElection37] INFO  server.RaftServerConfigKeys (ConfUtils.java:logGet(46)) - raft.server.rpc.request.timeout = 60s (custom)
2023-05-23 10:26:30,851 [9a8ecc75-319b-47a2-9433-72c1cc276f25@group-47EE8FE3890D-LeaderElection37] INFO  grpc.GrpcConfigKeys (ConfUtils.java:logGet(46)) - raft.grpc.server.install_snapshot.request.element-limit = 8 (default)
2023-05-23 10:26:30,851 [9a8ecc75-319b-47a2-9433-72c1cc276f25@group-47EE8FE3890D-LeaderElection37] INFO  grpc.GrpcConfigKeys (ConfUtils.java:logGet(46)) - raft.grpc.server.install_snapshot.request.timeout = 3000ms (default)
2023-05-23 10:26:30,851 [9a8ecc75-319b-47a2-9433-72c1cc276f25@group-47EE8FE3890D-LeaderElection37] INFO  server.RaftServerConfigKeys (ConfUtils.java:logGet(46)) - raft.server.log.appender.install.snapshot.enabled = false (custom)
2023-05-23 10:26:30,851 [9a8ecc75-319b-47a2-9433-72c1cc276f25@group-47EE8FE3890D-LeaderElection37] INFO  grpc.GrpcConfigKeys (ConfUtils.java:logGet(46)) - raft.grpc.server.heartbeat.channel = true (default)
2023-05-23 10:26:30,852 [9a8ecc75-319b-47a2-9433-72c1cc276f25@group-47EE8FE3890D-LeaderElection37] INFO  server.RaftServerConfigKeys (ConfUtils.java:logGet(46)) - raft.server.log.appender.snapshot.chunk.size.max = 16MB (=16777216) (default)
2023-05-23 10:26:30,852 [9a8ecc75-319b-47a2-9433-72c1cc276f25@group-47EE8FE3890D-LeaderElection37] INFO  server.RaftServerConfigKeys (ConfUtils.java:logGet(46)) - raft.server.log.appender.buffer.byte-limit = 33554432 (custom)
2023-05-23 10:26:30,852 [9a8ecc75-319b-47a2-9433-72c1cc276f25@group-47EE8FE3890D-LeaderElection37] INFO  server.RaftServerConfigKeys (ConfUtils.java:logGet(46)) - raft.server.log.appender.buffer.element-limit = 1 (custom)
2023-05-23 10:26:30,852 [9a8ecc75-319b-47a2-9433-72c1cc276f25@group-47EE8FE3890D-LeaderElection37] INFO  server.RaftServerConfigKeys (ConfUtils.java:logGet(46)) - raft.server.log.appender.wait-time.min = 10ms (default)
2023-05-23 10:26:30,852 [9a8ecc75-319b-47a2-9433-72c1cc276f25@group-47EE8FE3890D-LeaderElection37] INFO  grpc.GrpcConfigKeys (ConfUtils.java:logGet(46)) - raft.grpc.server.leader.outstanding.appends.max = 128 (default)
2023-05-23 10:26:30,852 [9a8ecc75-319b-47a2-9433-72c1cc276f25@group-47EE8FE3890D-LeaderElection37] INFO  server.RaftServerConfigKeys (ConfUtils.java:logGet(46)) - raft.server.rpc.request.timeout = 60s (custom)
2023-05-23 10:26:30,852 [9a8ecc75-319b-47a2-9433-72c1cc276f25@group-47EE8FE3890D-LeaderElection37] INFO  grpc.GrpcConfigKeys (ConfUtils.java:logGet(46)) - raft.grpc.server.install_snapshot.request.element-limit = 8 (default)
2023-05-23 10:26:30,852 [9a8ecc75-319b-47a2-9433-72c1cc276f25@group-47EE8FE3890D-LeaderElection37] INFO  grpc.GrpcConfigKeys (ConfUtils.java:logGet(46)) - raft.grpc.server.install_snapshot.request.timeout = 3000ms (default)
2023-05-23 10:26:30,852 [9a8ecc75-319b-47a2-9433-72c1cc276f25@group-47EE8FE3890D-LeaderElection37] INFO  server.RaftServerConfigKeys (ConfUtils.java:logGet(46)) - raft.server.log.appender.install.snapshot.enabled = false (custom)
2023-05-23 10:26:30,852 [9a8ecc75-319b-47a2-9433-72c1cc276f25@group-47EE8FE3890D-LeaderElection37] INFO  grpc.GrpcConfigKeys (ConfUtils.java:logGet(46)) - raft.grpc.server.heartbeat.channel = true (default)
2023-05-23 10:26:30,852 [9a8ecc75-319b-47a2-9433-72c1cc276f25@group-47EE8FE3890D-LeaderElection37] INFO  impl.RoleInfo (RoleInfo.java:updateAndGet(139)) - 9a8ecc75-319b-47a2-9433-72c1cc276f25: start 9a8ecc75-319b-47a2-9433-72c1cc276f25@group-47EE8FE3890D-LeaderStateImpl
2023-05-23 10:26:30,856 [9a8ecc75-319b-47a2-9433-72c1cc276f25@group-47EE8FE3890D-LeaderElection37] INFO  segmented.SegmentedRaftLogWorker (SegmentedRaftLogWorker.java:startLogSegment(447)) - 9a8ecc75-319b-47a2-9433-72c1cc276f25@group-47EE8FE3890D-SegmentedRaftLogWorker: Starting segment from index:0
2023-05-23 10:26:30,859 [9a8ecc75-319b-47a2-9433-72c1cc276f25@group-47EE8FE3890D-SegmentedRaftLogWorker] INFO  segmented.SegmentedRaftLogWorker (SegmentedRaftLogWorker.java:execute(651)) - 9a8ecc75-319b-47a2-9433-72c1cc276f25@group-47EE8FE3890D-SegmentedRaftLogWorker: created new log segment /home/runner/work/ozone/ozone/hadoop-ozone/integration-test/target/test-dir/MiniOzoneClusterImpl-00f23a18-bf09-4bf2-9950-b0f9dab58561/datanode-1/data/ratis/44ca2403-c84d-4390-9476-47ee8fe3890d/current/log_inprogress_0
2023-05-23 10:26:30,860 [EventQueue-PipelineReportForPipelineReportHandler] INFO  pipeline.PipelineManagerImpl (PipelineManagerImpl.java:openPipeline(367)) - Pipeline Pipeline[ Id: 44ca2403-c84d-4390-9476-47ee8fe3890d, Nodes: cdf07a7b-95f7-44c3-8ae6-3efcc78f5f3a(fv-az1249-304/10.1.0.38)9a8ecc75-319b-47a2-9433-72c1cc276f25(fv-az1249-304/10.1.0.38)b898f15d-4860-47c9-8591-05c5a169db6c(fv-az1249-304/10.1.0.38), ReplicationConfig: RATIS/THREE, State:ALLOCATED, leaderId:9a8ecc75-319b-47a2-9433-72c1cc276f25, CreationTimestamp2023-05-23T10:26:23.133Z[Etc/UTC]] moved to OPEN state
2023-05-23 10:26:30,865 [9a8ecc75-319b-47a2-9433-72c1cc276f25@group-47EE8FE3890D-LeaderElection37] INFO  server.RaftServer$Division (ServerState.java:setRaftConf(434)) - 9a8ecc75-319b-47a2-9433-72c1cc276f25@group-47EE8FE3890D: set configuration 0: peers:[b898f15d-4860-47c9-8591-05c5a169db6c|rpc:10.1.0.38:15173|admin:10.1.0.38:15172|client:10.1.0.38:15171|dataStream:10.1.0.38:15174|priority:0|startupRole:FOLLOWER, cdf07a7b-95f7-44c3-8ae6-3efcc78f5f3a|rpc:10.1.0.38:15157|admin:10.1.0.38:15156|client:10.1.0.38:15155|dataStream:10.1.0.38:15158|priority:0|startupRole:FOLLOWER, 9a8ecc75-319b-47a2-9433-72c1cc276f25|rpc:10.1.0.38:15165|admin:10.1.0.38:15164|client:10.1.0.38:15163|dataStream:10.1.0.38:15166|priority:1|startupRole:FOLLOWER]|listeners:[], old=null
2023-05-23 10:26:30,878 [grpc-default-executor-1] INFO  server.RaftServer$Division (RaftServerImpl.java:requestVote(1302)) - cdf07a7b-95f7-44c3-8ae6-3efcc78f5f3a@group-47EE8FE3890D: receive requestVote(ELECTION, 9a8ecc75-319b-47a2-9433-72c1cc276f25, group-47EE8FE3890D, 1, (t:0, i:0))
2023-05-23 10:26:30,878 [grpc-default-executor-1] INFO  impl.VoteContext (VoteContext.java:log(49)) - cdf07a7b-95f7-44c3-8ae6-3efcc78f5f3a@group-47EE8FE3890D-FOLLOWER: accept ELECTION from 9a8ecc75-319b-47a2-9433-72c1cc276f25: our priority 0 <= candidate's priority 1
2023-05-23 10:26:30,879 [grpc-default-executor-1] INFO  server.RaftServer$Division (RaftServerImpl.java:setRole(329)) - cdf07a7b-95f7-44c3-8ae6-3efcc78f5f3a@group-47EE8FE3890D: changes role from  FOLLOWER to FOLLOWER at term 1 for candidate:9a8ecc75-319b-47a2-9433-72c1cc276f25
2023-05-23 10:26:30,879 [grpc-default-executor-1] INFO  impl.RoleInfo (RoleInfo.java:shutdownFollowerState(110)) - cdf07a7b-95f7-44c3-8ae6-3efcc78f5f3a: shutdown cdf07a7b-95f7-44c3-8ae6-3efcc78f5f3a@group-47EE8FE3890D-FollowerState
2023-05-23 10:26:30,879 [grpc-default-executor-5] INFO  server.RaftServer$Division (RaftServerImpl.java:requestVote(1302)) - cdf07a7b-95f7-44c3-8ae6-3efcc78f5f3a@group-47EE8FE3890D: receive requestVote(PRE_VOTE, 9a8ecc75-319b-47a2-9433-72c1cc276f25, group-47EE8FE3890D, 0, (t:0, i:0))
2023-05-23 10:26:30,880 [grpc-default-executor-1] INFO  impl.RoleInfo (RoleInfo.java:updateAndGet(139)) - cdf07a7b-95f7-44c3-8ae6-3efcc78f5f3a: start cdf07a7b-95f7-44c3-8ae6-3efcc78f5f3a@group-47EE8FE3890D-FollowerState
2023-05-23 10:26:30,880 [cdf07a7b-95f7-44c3-8ae6-3efcc78f5f3a@group-47EE8FE3890D-FollowerState] INFO  impl.FollowerState (FollowerState.java:run(152)) - cdf07a7b-95f7-44c3-8ae6-3efcc78f5f3a@group-47EE8FE3890D-FollowerState was interrupted
2023-05-23 10:26:30,882 [grpc-default-executor-1] INFO  server.RaftServer$Division (RaftServerImpl.java:requestVote(1335)) - cdf07a7b-95f7-44c3-8ae6-3efcc78f5f3a@group-47EE8FE3890D replies to ELECTION vote request: 9a8ecc75-319b-47a2-9433-72c1cc276f25<-cdf07a7b-95f7-44c3-8ae6-3efcc78f5f3a#0:OK-t1. Peer's state: cdf07a7b-95f7-44c3-8ae6-3efcc78f5f3a@group-47EE8FE3890D:t1, leader=null, voted=9a8ecc75-319b-47a2-9433-72c1cc276f25, raftlog=Memoized:cdf07a7b-95f7-44c3-8ae6-3efcc78f5f3a@group-47EE8FE3890D-SegmentedRaftLog:OPENED:c-1, conf=-1: peers:[b898f15d-4860-47c9-8591-05c5a169db6c|rpc:10.1.0.38:15173|admin:10.1.0.38:15172|client:10.1.0.38:15171|dataStream:10.1.0.38:15174|priority:0|startupRole:FOLLOWER, cdf07a7b-95f7-44c3-8ae6-3efcc78f5f3a|rpc:10.1.0.38:15157|admin:10.1.0.38:15156|client:10.1.0.38:15155|dataStream:10.1.0.38:15158|priority:0|startupRole:FOLLOWER, 9a8ecc75-319b-47a2-9433-72c1cc276f25|rpc:10.1.0.38:15165|admin:10.1.0.38:15164|client:10.1.0.38:15163|dataStream:10.1.0.38:15166|priority:1|startupRole:FOLLOWER]|listeners:[], old=null
2023-05-23 10:26:30,883 [grpc-default-executor-5] INFO  impl.VoteContext (VoteContext.java:log(49)) - cdf07a7b-95f7-44c3-8ae6-3efcc78f5f3a@group-47EE8FE3890D-FOLLOWER: accept PRE_VOTE from 9a8ecc75-319b-47a2-9433-72c1cc276f25: our priority 0 <= candidate's priority 1
2023-05-23 10:26:30,883 [grpc-default-executor-5] INFO  server.RaftServer$Division (RaftServerImpl.java:requestVote(1335)) - cdf07a7b-95f7-44c3-8ae6-3efcc78f5f3a@group-47EE8FE3890D replies to PRE_VOTE vote request: 9a8ecc75-319b-47a2-9433-72c1cc276f25<-cdf07a7b-95f7-44c3-8ae6-3efcc78f5f3a#0:OK-t1. Peer's state: cdf07a7b-95f7-44c3-8ae6-3efcc78f5f3a@group-47EE8FE3890D:t1, leader=null, voted=9a8ecc75-319b-47a2-9433-72c1cc276f25, raftlog=Memoized:cdf07a7b-95f7-44c3-8ae6-3efcc78f5f3a@group-47EE8FE3890D-SegmentedRaftLog:OPENED:c-1, conf=-1: peers:[b898f15d-4860-47c9-8591-05c5a169db6c|rpc:10.1.0.38:15173|admin:10.1.0.38:15172|client:10.1.0.38:15171|dataStream:10.1.0.38:15174|priority:0|startupRole:FOLLOWER, cdf07a7b-95f7-44c3-8ae6-3efcc78f5f3a|rpc:10.1.0.38:15157|admin:10.1.0.38:15156|client:10.1.0.38:15155|dataStream:10.1.0.38:15158|priority:0|startupRole:FOLLOWER, 9a8ecc75-319b-47a2-9433-72c1cc276f25|rpc:10.1.0.38:15165|admin:10.1.0.38:15164|client:10.1.0.38:15163|dataStream:10.1.0.38:15166|priority:1|startupRole:FOLLOWER]|listeners:[], old=null
2023-05-23 10:26:30,888 [IPC Server handler 1 on default port 15145] INFO  ha.SequenceIdGenerator (SequenceIdGenerator.java:getNextId(128)) - Allocate a batch for containerId, change lastId from 0 to 1000.
2023-05-23 10:26:30,888 [IPC Server handler 1 on default port 15145] WARN  ha.SequenceIdGenerator (SequenceIdGenerator.java:allocateBatch(237)) - Failed to allocate a batch for localId, expected lastId is 0, actual lastId is 111677748019200000.
2023-05-23 10:26:30,889 [IPC Server handler 1 on default port 15145] INFO  ha.SequenceIdGenerator (SequenceIdGenerator.java:getNextId(128)) - Allocate a batch for localId, change lastId from 111677748019200000 to 111677748019201000.
2023-05-23 10:26:30,892 [cdf07a7b-95f7-44c3-8ae6-3efcc78f5f3a-server-thread2] INFO  ratis.XceiverServerRatis (XceiverServerRatis.java:handleLeaderChangedNotification(904)) - Leader change notification received for group: group-47EE8FE3890D with new leaderId: 9a8ecc75-319b-47a2-9433-72c1cc276f25
2023-05-23 10:26:30,892 [cdf07a7b-95f7-44c3-8ae6-3efcc78f5f3a-server-thread2] INFO  server.RaftServer$Division (ServerState.java:setLeader(317)) - cdf07a7b-95f7-44c3-8ae6-3efcc78f5f3a@group-47EE8FE3890D: change Leader from null to 9a8ecc75-319b-47a2-9433-72c1cc276f25 at term 1 for appendEntries, leader elected after 5322ms
2023-05-23 10:26:30,899 [b898f15d-4860-47c9-8591-05c5a169db6c-server-thread1] INFO  ratis.XceiverServerRatis (XceiverServerRatis.java:handleLeaderChangedNotification(904)) - Leader change notification received for group: group-47EE8FE3890D with new leaderId: 9a8ecc75-319b-47a2-9433-72c1cc276f25
2023-05-23 10:26:30,900 [b898f15d-4860-47c9-8591-05c5a169db6c-server-thread1] INFO  server.RaftServer$Division (ServerState.java:setLeader(317)) - b898f15d-4860-47c9-8591-05c5a169db6c@group-47EE8FE3890D: change Leader from null to 9a8ecc75-319b-47a2-9433-72c1cc276f25 at term 1 for appendEntries, leader elected after 5250ms
2023-05-23 10:26:30,907 [cdf07a7b-95f7-44c3-8ae6-3efcc78f5f3a-server-thread2] INFO  server.RaftServer$Division (ServerState.java:setRaftConf(434)) - cdf07a7b-95f7-44c3-8ae6-3efcc78f5f3a@group-47EE8FE3890D: set configuration 0: peers:[b898f15d-4860-47c9-8591-05c5a169db6c|rpc:10.1.0.38:15173|admin:10.1.0.38:15172|client:10.1.0.38:15171|dataStream:10.1.0.38:15174|priority:0|startupRole:FOLLOWER, cdf07a7b-95f7-44c3-8ae6-3efcc78f5f3a|rpc:10.1.0.38:15157|admin:10.1.0.38:15156|client:10.1.0.38:15155|dataStream:10.1.0.38:15158|priority:0|startupRole:FOLLOWER, 9a8ecc75-319b-47a2-9433-72c1cc276f25|rpc:10.1.0.38:15165|admin:10.1.0.38:15164|client:10.1.0.38:15163|dataStream:10.1.0.38:15166|priority:1|startupRole:FOLLOWER]|listeners:[], old=null
2023-05-23 10:26:30,908 [cdf07a7b-95f7-44c3-8ae6-3efcc78f5f3a-server-thread2] INFO  segmented.SegmentedRaftLogWorker (SegmentedRaftLogWorker.java:startLogSegment(447)) - cdf07a7b-95f7-44c3-8ae6-3efcc78f5f3a@group-47EE8FE3890D-SegmentedRaftLogWorker: Starting segment from index:0
2023-05-23 10:26:30,908 [b898f15d-4860-47c9-8591-05c5a169db6c-server-thread2] INFO  server.RaftServer$Division (ServerState.java:setRaftConf(434)) - b898f15d-4860-47c9-8591-05c5a169db6c@group-47EE8FE3890D: set configuration 0: peers:[b898f15d-4860-47c9-8591-05c5a169db6c|rpc:10.1.0.38:15173|admin:10.1.0.38:15172|client:10.1.0.38:15171|dataStream:10.1.0.38:15174|priority:0|startupRole:FOLLOWER, cdf07a7b-95f7-44c3-8ae6-3efcc78f5f3a|rpc:10.1.0.38:15157|admin:10.1.0.38:15156|client:10.1.0.38:15155|dataStream:10.1.0.38:15158|priority:0|startupRole:FOLLOWER, 9a8ecc75-319b-47a2-9433-72c1cc276f25|rpc:10.1.0.38:15165|admin:10.1.0.38:15164|client:10.1.0.38:15163|dataStream:10.1.0.38:15166|priority:1|startupRole:FOLLOWER]|listeners:[], old=null
2023-05-23 10:26:30,908 [b898f15d-4860-47c9-8591-05c5a169db6c-server-thread2] INFO  segmented.SegmentedRaftLogWorker (SegmentedRaftLogWorker.java:startLogSegment(447)) - b898f15d-4860-47c9-8591-05c5a169db6c@group-47EE8FE3890D-SegmentedRaftLogWorker: Starting segment from index:0
2023-05-23 10:26:30,912 [b898f15d-4860-47c9-8591-05c5a169db6c@group-47EE8FE3890D-SegmentedRaftLogWorker] INFO  segmented.SegmentedRaftLogWorker (SegmentedRaftLogWorker.java:execute(651)) - b898f15d-4860-47c9-8591-05c5a169db6c@group-47EE8FE3890D-SegmentedRaftLogWorker: created new log segment /home/runner/work/ozone/ozone/hadoop-ozone/integration-test/target/test-dir/MiniOzoneClusterImpl-00f23a18-bf09-4bf2-9950-b0f9dab58561/datanode-2/data/ratis/44ca2403-c84d-4390-9476-47ee8fe3890d/current/log_inprogress_0
2023-05-23 10:26:30,914 [cdf07a7b-95f7-44c3-8ae6-3efcc78f5f3a@group-47EE8FE3890D-SegmentedRaftLogWorker] INFO  segmented.SegmentedRaftLogWorker (SegmentedRaftLogWorker.java:execute(651)) - cdf07a7b-95f7-44c3-8ae6-3efcc78f5f3a@group-47EE8FE3890D-SegmentedRaftLogWorker: created new log segment /home/runner/work/ozone/ozone/hadoop-ozone/integration-test/target/test-dir/MiniOzoneClusterImpl-00f23a18-bf09-4bf2-9950-b0f9dab58561/datanode-0/data/ratis/44ca2403-c84d-4390-9476-47ee8fe3890d/current/log_inprogress_0
2023-05-23 10:26:30,981 [9a8ecc75-319b-47a2-9433-72c1cc276f25@group-466CBA6666DA-FollowerState] INFO  impl.FollowerState (FollowerState.java:run(143)) - 9a8ecc75-319b-47a2-9433-72c1cc276f25@group-466CBA6666DA-FollowerState: change to CANDIDATE, lastRpcElapsedTime:5189598873ns, electionTimeout:5189ms
2023-05-23 10:26:30,981 [9a8ecc75-319b-47a2-9433-72c1cc276f25@group-466CBA6666DA-FollowerState] INFO  impl.RoleInfo (RoleInfo.java:shutdownFollowerState(110)) - 9a8ecc75-319b-47a2-9433-72c1cc276f25: shutdown 9a8ecc75-319b-47a2-9433-72c1cc276f25@group-466CBA6666DA-FollowerState
2023-05-23 10:26:30,981 [9a8ecc75-319b-47a2-9433-72c1cc276f25@group-466CBA6666DA-FollowerState] INFO  server.RaftServer$Division (RaftServerImpl.java:setRole(329)) - 9a8ecc75-319b-47a2-9433-72c1cc276f25@group-466CBA6666DA: changes role from  FOLLOWER to CANDIDATE at term 0 for changeToCandidate
2023-05-23 10:26:30,981 [9a8ecc75-319b-47a2-9433-72c1cc276f25@group-466CBA6666DA-FollowerState] INFO  server.RaftServerConfigKeys (ConfUtils.java:logGet(46)) - raft.server.leaderelection.pre-vote = true (default)
2023-05-23 10:26:30,982 [9a8ecc75-319b-47a2-9433-72c1cc276f25@group-466CBA6666DA-FollowerState] INFO  impl.RoleInfo (RoleInfo.java:updateAndGet(139)) - 9a8ecc75-319b-47a2-9433-72c1cc276f25: start 9a8ecc75-319b-47a2-9433-72c1cc276f25@group-466CBA6666DA-LeaderElection38
2023-05-23 10:26:30,983 [9a8ecc75-319b-47a2-9433-72c1cc276f25@group-466CBA6666DA-LeaderElection38] INFO  impl.LeaderElection (LeaderElection.java:askForVotes(321)) - 9a8ecc75-319b-47a2-9433-72c1cc276f25@group-466CBA6666DA-LeaderElection38 PRE_VOTE round 0: submit vote requests at term 0 for -1: peers:[9a8ecc75-319b-47a2-9433-72c1cc276f25|rpc:10.1.0.38:15165|admin:10.1.0.38:15164|client:10.1.0.38:15163|dataStream:10.1.0.38:15166|priority:1|startupRole:FOLLOWER]|listeners:[], old=null
2023-05-23 10:26:30,983 [9a8ecc75-319b-47a2-9433-72c1cc276f25@group-466CBA6666DA-LeaderElection38] INFO  impl.LeaderElection (LeaderElection.java:askForVotes(323)) - 9a8ecc75-319b-47a2-9433-72c1cc276f25@group-466CBA6666DA-LeaderElection38 PRE_VOTE round 0: result PASSED (term=0)
2023-05-23 10:26:30,985 [9a8ecc75-319b-47a2-9433-72c1cc276f25@group-466CBA6666DA-LeaderElection38] INFO  impl.LeaderElection (LeaderElection.java:askForVotes(321)) - 9a8ecc75-319b-47a2-9433-72c1cc276f25@group-466CBA6666DA-LeaderElection38 ELECTION round 0: submit vote requests at term 1 for -1: peers:[9a8ecc75-319b-47a2-9433-72c1cc276f25|rpc:10.1.0.38:15165|admin:10.1.0.38:15164|client:10.1.0.38:15163|dataStream:10.1.0.38:15166|priority:1|startupRole:FOLLOWER]|listeners:[], old=null
2023-05-23 10:26:30,985 [9a8ecc75-319b-47a2-9433-72c1cc276f25@group-466CBA6666DA-LeaderElection38] INFO  impl.LeaderElection (LeaderElection.java:askForVotes(323)) - 9a8ecc75-319b-47a2-9433-72c1cc276f25@group-466CBA6666DA-LeaderElection38 ELECTION round 0: result PASSED (term=1)
2023-05-23 10:26:30,985 [9a8ecc75-319b-47a2-9433-72c1cc276f25@group-466CBA6666DA-LeaderElection38] INFO  impl.RoleInfo (RoleInfo.java:shutdownLeaderElection(130)) - 9a8ecc75-319b-47a2-9433-72c1cc276f25: shutdown 9a8ecc75-319b-47a2-9433-72c1cc276f25@group-466CBA6666DA-LeaderElection38
2023-05-23 10:26:30,985 [9a8ecc75-319b-47a2-9433-72c1cc276f25@group-466CBA6666DA-LeaderElection38] INFO  server.RaftServer$Division (RaftServerImpl.java:setRole(329)) - 9a8ecc75-319b-47a2-9433-72c1cc276f25@group-466CBA6666DA: changes role from CANDIDATE to LEADER at term 1 for changeToLeader
2023-05-23 10:26:30,985 [9a8ecc75-319b-47a2-9433-72c1cc276f25@group-466CBA6666DA-LeaderElection38] INFO  ratis.XceiverServerRatis (XceiverServerRatis.java:handleLeaderChangedNotification(904)) - Leader change notification received for group: group-466CBA6666DA with new leaderId: 9a8ecc75-319b-47a2-9433-72c1cc276f25
2023-05-23 10:26:30,986 [9a8ecc75-319b-47a2-9433-72c1cc276f25@group-466CBA6666DA-LeaderElection38] INFO  server.RaftServer$Division (ServerState.java:setLeader(317)) - 9a8ecc75-319b-47a2-9433-72c1cc276f25@group-466CBA6666DA: change Leader from null to 9a8ecc75-319b-47a2-9433-72c1cc276f25 at term 1 for becomeLeader, leader elected after 5210ms
2023-05-23 10:26:30,986 [9a8ecc75-319b-47a2-9433-72c1cc276f25@group-466CBA6666DA-LeaderElection38] INFO  server.RaftServerConfigKeys (ConfUtils.java:logGet(46)) - raft.server.staging.catchup.gap = 1000 (default)
2023-05-23 10:26:30,986 [9a8ecc75-319b-47a2-9433-72c1cc276f25@group-466CBA6666DA-LeaderElection38] INFO  server.RaftServerConfigKeys (ConfUtils.java:logGet(46)) - raft.server.write.element-limit = 1024 (custom)
2023-05-23 10:26:30,986 [9a8ecc75-319b-47a2-9433-72c1cc276f25@group-466CBA6666DA-LeaderElection38] INFO  server.RaftServerConfigKeys (ConfUtils.java:logGet(46)) - raft.server.write.byte-limit = 1024 M (=1073741824) (custom)
2023-05-23 10:26:30,986 [9a8ecc75-319b-47a2-9433-72c1cc276f25@group-466CBA6666DA-LeaderElection38] INFO  server.RaftServerConfigKeys (ConfUtils.java:logGet(46)) - raft.server.watch.timeout = 180s (custom)
2023-05-23 10:26:30,986 [9a8ecc75-319b-47a2-9433-72c1cc276f25@group-466CBA6666DA-LeaderElection38] INFO  server.RaftServerConfigKeys (ConfUtils.java:logGet(46)) - raft.server.watch.timeout.denomination = 1s (default)
2023-05-23 10:26:30,987 [9a8ecc75-319b-47a2-9433-72c1cc276f25@group-466CBA6666DA-LeaderElection38] INFO  server.RaftServerConfigKeys (ConfUtils.java:logGet(46)) - raft.server.watch.element-limit = 65536 (default)
2023-05-23 10:26:30,987 [9a8ecc75-319b-47a2-9433-72c1cc276f25@group-466CBA6666DA-LeaderElection38] INFO  server.RaftServerConfigKeys (ConfUtils.java:logGet(46)) - raft.server.write.element-limit = 1024 (custom)
2023-05-23 10:26:30,987 [9a8ecc75-319b-47a2-9433-72c1cc276f25@group-466CBA6666DA-LeaderElection38] INFO  server.RaftServerConfigKeys (ConfUtils.java:logGet(46)) - raft.server.write.follower.gap.ratio.max = -1.0 (default)
2023-05-23 10:26:30,987 [9a8ecc75-319b-47a2-9433-72c1cc276f25@group-466CBA6666DA-LeaderElection38] INFO  impl.RoleInfo (RoleInfo.java:updateAndGet(139)) - 9a8ecc75-319b-47a2-9433-72c1cc276f25: start 9a8ecc75-319b-47a2-9433-72c1cc276f25@group-466CBA6666DA-LeaderStateImpl
2023-05-23 10:26:30,987 [9a8ecc75-319b-47a2-9433-72c1cc276f25@group-466CBA6666DA-LeaderElection38] INFO  segmented.SegmentedRaftLogWorker (SegmentedRaftLogWorker.java:startLogSegment(447)) - 9a8ecc75-319b-47a2-9433-72c1cc276f25@group-466CBA6666DA-SegmentedRaftLogWorker: Starting segment from index:0
2023-05-23 10:26:30,989 [9a8ecc75-319b-47a2-9433-72c1cc276f25@group-466CBA6666DA-SegmentedRaftLogWorker] INFO  segmented.SegmentedRaftLogWorker (SegmentedRaftLogWorker.java:execute(651)) - 9a8ecc75-319b-47a2-9433-72c1cc276f25@group-466CBA6666DA-SegmentedRaftLogWorker: created new log segment /home/runner/work/ozone/ozone/hadoop-ozone/integration-test/target/test-dir/MiniOzoneClusterImpl-00f23a18-bf09-4bf2-9950-b0f9dab58561/datanode-1/data/ratis/eb6d013e-5984-4417-8b3a-466cba6666da/current/log_inprogress_0
2023-05-23 10:26:30,989 [9a8ecc75-319b-47a2-9433-72c1cc276f25@group-466CBA6666DA-LeaderElection38] INFO  server.RaftServer$Division (ServerState.java:setRaftConf(434)) - 9a8ecc75-319b-47a2-9433-72c1cc276f25@group-466CBA6666DA: set configuration 0: peers:[9a8ecc75-319b-47a2-9433-72c1cc276f25|rpc:10.1.0.38:15165|admin:10.1.0.38:15164|client:10.1.0.38:15163|dataStream:10.1.0.38:15166|priority:1|startupRole:FOLLOWER]|listeners:[], old=null
2023-05-23 10:26:31,059 [ReplicationMonitor] INFO  replication.ReplicationManager (ReplicationManager.java:processAll(375)) - Replication Manager is not ready to run until 3000ms after safemode exit
2023-05-23 10:26:31,237 [b898f15d-4860-47c9-8591-05c5a169db6c@group-4FAE459B0B50-FollowerState] INFO  impl.FollowerState (FollowerState.java:run(143)) - b898f15d-4860-47c9-8591-05c5a169db6c@group-4FAE459B0B50-FollowerState: change to CANDIDATE, lastRpcElapsedTime:5092613508ns, electionTimeout:5091ms
2023-05-23 10:26:31,237 [b898f15d-4860-47c9-8591-05c5a169db6c@group-4FAE459B0B50-FollowerState] INFO  impl.RoleInfo (RoleInfo.java:shutdownFollowerState(110)) - b898f15d-4860-47c9-8591-05c5a169db6c: shutdown b898f15d-4860-47c9-8591-05c5a169db6c@group-4FAE459B0B50-FollowerState
2023-05-23 10:26:31,237 [b898f15d-4860-47c9-8591-05c5a169db6c@group-4FAE459B0B50-FollowerState] INFO  server.RaftServer$Division (RaftServerImpl.java:setRole(329)) - b898f15d-4860-47c9-8591-05c5a169db6c@group-4FAE459B0B50: changes role from  FOLLOWER to CANDIDATE at term 0 for changeToCandidate
2023-05-23 10:26:31,237 [b898f15d-4860-47c9-8591-05c5a169db6c@group-4FAE459B0B50-FollowerState] INFO  server.RaftServerConfigKeys (ConfUtils.java:logGet(46)) - raft.server.leaderelection.pre-vote = true (default)
2023-05-23 10:26:31,237 [b898f15d-4860-47c9-8591-05c5a169db6c@group-4FAE459B0B50-FollowerState] INFO  impl.RoleInfo (RoleInfo.java:updateAndGet(139)) - b898f15d-4860-47c9-8591-05c5a169db6c: start b898f15d-4860-47c9-8591-05c5a169db6c@group-4FAE459B0B50-LeaderElection39
2023-05-23 10:26:31,239 [b898f15d-4860-47c9-8591-05c5a169db6c@group-4FAE459B0B50-LeaderElection39] INFO  impl.LeaderElection (LeaderElection.java:askForVotes(321)) - b898f15d-4860-47c9-8591-05c5a169db6c@group-4FAE459B0B50-LeaderElection39 PRE_VOTE round 0: submit vote requests at term 0 for -1: peers:[b898f15d-4860-47c9-8591-05c5a169db6c|rpc:10.1.0.38:15173|admin:10.1.0.38:15172|client:10.1.0.38:15171|dataStream:10.1.0.38:15174|priority:1|startupRole:FOLLOWER]|listeners:[], old=null
2023-05-23 10:26:31,239 [b898f15d-4860-47c9-8591-05c5a169db6c@group-4FAE459B0B50-LeaderElection39] INFO  impl.LeaderElection (LeaderElection.java:askForVotes(323)) - b898f15d-4860-47c9-8591-05c5a169db6c@group-4FAE459B0B50-LeaderElection39 PRE_VOTE round 0: result PASSED (term=0)
2023-05-23 10:26:31,240 [b898f15d-4860-47c9-8591-05c5a169db6c@group-4FAE459B0B50-LeaderElection39] INFO  impl.LeaderElection (LeaderElection.java:askForVotes(321)) - b898f15d-4860-47c9-8591-05c5a169db6c@group-4FAE459B0B50-LeaderElection39 ELECTION round 0: submit vote requests at term 1 for -1: peers:[b898f15d-4860-47c9-8591-05c5a169db6c|rpc:10.1.0.38:15173|admin:10.1.0.38:15172|client:10.1.0.38:15171|dataStream:10.1.0.38:15174|priority:1|startupRole:FOLLOWER]|listeners:[], old=null
2023-05-23 10:26:31,240 [b898f15d-4860-47c9-8591-05c5a169db6c@group-4FAE459B0B50-LeaderElection39] INFO  impl.LeaderElection (LeaderElection.java:askForVotes(323)) - b898f15d-4860-47c9-8591-05c5a169db6c@group-4FAE459B0B50-LeaderElection39 ELECTION round 0: result PASSED (term=1)
2023-05-23 10:26:31,241 [b898f15d-4860-47c9-8591-05c5a169db6c@group-4FAE459B0B50-LeaderElection39] INFO  impl.RoleInfo (RoleInfo.java:shutdownLeaderElection(130)) - b898f15d-4860-47c9-8591-05c5a169db6c: shutdown b898f15d-4860-47c9-8591-05c5a169db6c@group-4FAE459B0B50-LeaderElection39
2023-05-23 10:26:31,241 [b898f15d-4860-47c9-8591-05c5a169db6c@group-4FAE459B0B50-LeaderElection39] INFO  server.RaftServer$Division (RaftServerImpl.java:setRole(329)) - b898f15d-4860-47c9-8591-05c5a169db6c@group-4FAE459B0B50: changes role from CANDIDATE to LEADER at term 1 for changeToLeader
2023-05-23 10:26:31,241 [b898f15d-4860-47c9-8591-05c5a169db6c@group-4FAE459B0B50-LeaderElection39] INFO  ratis.XceiverServerRatis (XceiverServerRatis.java:handleLeaderChangedNotification(904)) - Leader change notification received for group: group-4FAE459B0B50 with new leaderId: b898f15d-4860-47c9-8591-05c5a169db6c
2023-05-23 10:26:31,241 [b898f15d-4860-47c9-8591-05c5a169db6c@group-4FAE459B0B50-LeaderElection39] INFO  server.RaftServer$Division (ServerState.java:setLeader(317)) - b898f15d-4860-47c9-8591-05c5a169db6c@group-4FAE459B0B50: change Leader from null to b898f15d-4860-47c9-8591-05c5a169db6c at term 1 for becomeLeader, leader elected after 5110ms
2023-05-23 10:26:31,241 [b898f15d-4860-47c9-8591-05c5a169db6c@group-4FAE459B0B50-LeaderElection39] INFO  server.RaftServerConfigKeys (ConfUtils.java:logGet(46)) - raft.server.staging.catchup.gap = 1000 (default)
2023-05-23 10:26:31,241 [b898f15d-4860-47c9-8591-05c5a169db6c@group-4FAE459B0B50-LeaderElection39] INFO  server.RaftServerConfigKeys (ConfUtils.java:logGet(46)) - raft.server.write.element-limit = 1024 (custom)
2023-05-23 10:26:31,241 [b898f15d-4860-47c9-8591-05c5a169db6c@group-4FAE459B0B50-LeaderElection39] INFO  server.RaftServerConfigKeys (ConfUtils.java:logGet(46)) - raft.server.write.byte-limit = 1024 M (=1073741824) (custom)
2023-05-23 10:26:31,241 [b898f15d-4860-47c9-8591-05c5a169db6c@group-4FAE459B0B50-LeaderElection39] INFO  server.RaftServerConfigKeys (ConfUtils.java:logGet(46)) - raft.server.watch.timeout = 180s (custom)
2023-05-23 10:26:31,242 [b898f15d-4860-47c9-8591-05c5a169db6c@group-4FAE459B0B50-LeaderElection39] INFO  server.RaftServerConfigKeys (ConfUtils.java:logGet(46)) - raft.server.watch.timeout.denomination = 1s (default)
2023-05-23 10:26:31,242 [b898f15d-4860-47c9-8591-05c5a169db6c@group-4FAE459B0B50-LeaderElection39] INFO  server.RaftServerConfigKeys (ConfUtils.java:logGet(46)) - raft.server.watch.element-limit = 65536 (default)
2023-05-23 10:26:31,242 [b898f15d-4860-47c9-8591-05c5a169db6c@group-4FAE459B0B50-LeaderElection39] INFO  server.RaftServerConfigKeys (ConfUtils.java:logGet(46)) - raft.server.write.element-limit = 1024 (custom)
2023-05-23 10:26:31,242 [b898f15d-4860-47c9-8591-05c5a169db6c@group-4FAE459B0B50-LeaderElection39] INFO  server.RaftServerConfigKeys (ConfUtils.java:logGet(46)) - raft.server.write.follower.gap.ratio.max = -1.0 (default)
2023-05-23 10:26:31,243 [b898f15d-4860-47c9-8591-05c5a169db6c@group-4FAE459B0B50-LeaderElection39] INFO  impl.RoleInfo (RoleInfo.java:updateAndGet(139)) - b898f15d-4860-47c9-8591-05c5a169db6c: start b898f15d-4860-47c9-8591-05c5a169db6c@group-4FAE459B0B50-LeaderStateImpl
2023-05-23 10:26:31,243 [b898f15d-4860-47c9-8591-05c5a169db6c@group-4FAE459B0B50-LeaderElection39] INFO  segmented.SegmentedRaftLogWorker (SegmentedRaftLogWorker.java:startLogSegment(447)) - b898f15d-4860-47c9-8591-05c5a169db6c@group-4FAE459B0B50-SegmentedRaftLogWorker: Starting segment from index:0
2023-05-23 10:26:31,243 [b898f15d-4860-47c9-8591-05c5a169db6c@group-4FAE459B0B50-LeaderElection39] INFO  server.RaftServer$Division (ServerState.java:setRaftConf(434)) - b898f15d-4860-47c9-8591-05c5a169db6c@group-4FAE459B0B50: set configuration 0: peers:[b898f15d-4860-47c9-8591-05c5a169db6c|rpc:10.1.0.38:15173|admin:10.1.0.38:15172|client:10.1.0.38:15171|dataStream:10.1.0.38:15174|priority:1|startupRole:FOLLOWER]|listeners:[], old=null
2023-05-23 10:26:31,244 [b898f15d-4860-47c9-8591-05c5a169db6c@group-4FAE459B0B50-SegmentedRaftLogWorker] INFO  segmented.SegmentedRaftLogWorker (SegmentedRaftLogWorker.java:execute(651)) - b898f15d-4860-47c9-8591-05c5a169db6c@group-4FAE459B0B50-SegmentedRaftLogWorker: created new log segment /home/runner/work/ozone/ozone/hadoop-ozone/integration-test/target/test-dir/MiniOzoneClusterImpl-00f23a18-bf09-4bf2-9950-b0f9dab58561/datanode-2/data/ratis/82dec945-5355-4c8f-b0c4-4fae459b0b50/current/log_inprogress_0
2023-05-23 10:26:31,636 [7156f7e4-fd15-431a-a0da-daed1f966c8d@group-39B6525C880F-FollowerState] INFO  impl.FollowerState (FollowerState.java:run(143)) - 7156f7e4-fd15-431a-a0da-daed1f966c8d@group-39B6525C880F-FollowerState: change to CANDIDATE, lastRpcElapsedTime:5149593216ns, electionTimeout:5149ms
2023-05-23 10:26:31,636 [7156f7e4-fd15-431a-a0da-daed1f966c8d@group-39B6525C880F-FollowerState] INFO  impl.RoleInfo (RoleInfo.java:shutdownFollowerState(110)) - 7156f7e4-fd15-431a-a0da-daed1f966c8d: shutdown 7156f7e4-fd15-431a-a0da-daed1f966c8d@group-39B6525C880F-FollowerState
2023-05-23 10:26:31,636 [7156f7e4-fd15-431a-a0da-daed1f966c8d@group-39B6525C880F-FollowerState] INFO  server.RaftServer$Division (RaftServerImpl.java:setRole(329)) - 7156f7e4-fd15-431a-a0da-daed1f966c8d@group-39B6525C880F: changes role from  FOLLOWER to CANDIDATE at term 0 for changeToCandidate
2023-05-23 10:26:31,636 [7156f7e4-fd15-431a-a0da-daed1f966c8d@group-39B6525C880F-FollowerState] INFO  server.RaftServerConfigKeys (ConfUtils.java:logGet(46)) - raft.server.leaderelection.pre-vote = true (default)
2023-05-23 10:26:31,636 [7156f7e4-fd15-431a-a0da-daed1f966c8d@group-39B6525C880F-FollowerState] INFO  impl.RoleInfo (RoleInfo.java:updateAndGet(139)) - 7156f7e4-fd15-431a-a0da-daed1f966c8d: start 7156f7e4-fd15-431a-a0da-daed1f966c8d@group-39B6525C880F-LeaderElection40
2023-05-23 10:26:31,639 [7156f7e4-fd15-431a-a0da-daed1f966c8d@group-39B6525C880F-LeaderElection40] INFO  impl.LeaderElection (LeaderElection.java:askForVotes(321)) - 7156f7e4-fd15-431a-a0da-daed1f966c8d@group-39B6525C880F-LeaderElection40 PRE_VOTE round 0: submit vote requests at term 0 for -1: peers:[7156f7e4-fd15-431a-a0da-daed1f966c8d|rpc:10.1.0.38:15181|admin:10.1.0.38:15180|client:10.1.0.38:15179|dataStream:10.1.0.38:15182|priority:1|startupRole:FOLLOWER]|listeners:[], old=null
2023-05-23 10:26:31,639 [7156f7e4-fd15-431a-a0da-daed1f966c8d@group-39B6525C880F-LeaderElection40] INFO  impl.LeaderElection (LeaderElection.java:askForVotes(323)) - 7156f7e4-fd15-431a-a0da-daed1f966c8d@group-39B6525C880F-LeaderElection40 PRE_VOTE round 0: result PASSED (term=0)
2023-05-23 10:26:31,640 [7156f7e4-fd15-431a-a0da-daed1f966c8d@group-39B6525C880F-LeaderElection40] INFO  impl.LeaderElection (LeaderElection.java:askForVotes(321)) - 7156f7e4-fd15-431a-a0da-daed1f966c8d@group-39B6525C880F-LeaderElection40 ELECTION round 0: submit vote requests at term 1 for -1: peers:[7156f7e4-fd15-431a-a0da-daed1f966c8d|rpc:10.1.0.38:15181|admin:10.1.0.38:15180|client:10.1.0.38:15179|dataStream:10.1.0.38:15182|priority:1|startupRole:FOLLOWER]|listeners:[], old=null
2023-05-23 10:26:31,640 [7156f7e4-fd15-431a-a0da-daed1f966c8d@group-39B6525C880F-LeaderElection40] INFO  impl.LeaderElection (LeaderElection.java:askForVotes(323)) - 7156f7e4-fd15-431a-a0da-daed1f966c8d@group-39B6525C880F-LeaderElection40 ELECTION round 0: result PASSED (term=1)
2023-05-23 10:26:31,640 [7156f7e4-fd15-431a-a0da-daed1f966c8d@group-39B6525C880F-LeaderElection40] INFO  impl.RoleInfo (RoleInfo.java:shutdownLeaderElection(130)) - 7156f7e4-fd15-431a-a0da-daed1f966c8d: shutdown 7156f7e4-fd15-431a-a0da-daed1f966c8d@group-39B6525C880F-LeaderElection40
2023-05-23 10:26:31,640 [7156f7e4-fd15-431a-a0da-daed1f966c8d@group-39B6525C880F-LeaderElection40] INFO  server.RaftServer$Division (RaftServerImpl.java:setRole(329)) - 7156f7e4-fd15-431a-a0da-daed1f966c8d@group-39B6525C880F: changes role from CANDIDATE to LEADER at term 1 for changeToLeader
2023-05-23 10:26:31,640 [7156f7e4-fd15-431a-a0da-daed1f966c8d@group-39B6525C880F-LeaderElection40] INFO  ratis.XceiverServerRatis (XceiverServerRatis.java:handleLeaderChangedNotification(904)) - Leader change notification received for group: group-39B6525C880F with new leaderId: 7156f7e4-fd15-431a-a0da-daed1f966c8d
2023-05-23 10:26:31,640 [7156f7e4-fd15-431a-a0da-daed1f966c8d@group-39B6525C880F-LeaderElection40] INFO  server.RaftServer$Division (ServerState.java:setLeader(317)) - 7156f7e4-fd15-431a-a0da-daed1f966c8d@group-39B6525C880F: change Leader from null to 7156f7e4-fd15-431a-a0da-daed1f966c8d at term 1 for becomeLeader, leader elected after 5171ms
2023-05-23 10:26:31,641 [7156f7e4-fd15-431a-a0da-daed1f966c8d@group-39B6525C880F-LeaderElection40] INFO  server.RaftServerConfigKeys (ConfUtils.java:logGet(46)) - raft.server.staging.catchup.gap = 1000 (default)
2023-05-23 10:26:31,641 [7156f7e4-fd15-431a-a0da-daed1f966c8d@group-39B6525C880F-LeaderElection40] INFO  server.RaftServerConfigKeys (ConfUtils.java:logGet(46)) - raft.server.write.element-limit = 1024 (custom)
2023-05-23 10:26:31,641 [7156f7e4-fd15-431a-a0da-daed1f966c8d@group-39B6525C880F-LeaderElection40] INFO  server.RaftServerConfigKeys (ConfUtils.java:logGet(46)) - raft.server.write.byte-limit = 1024 M (=1073741824) (custom)
2023-05-23 10:26:31,641 [7156f7e4-fd15-431a-a0da-daed1f966c8d@group-39B6525C880F-LeaderElection40] INFO  server.RaftServerConfigKeys (ConfUtils.java:logGet(46)) - raft.server.watch.timeout = 180s (custom)
2023-05-23 10:26:31,641 [7156f7e4-fd15-431a-a0da-daed1f966c8d@group-39B6525C880F-LeaderElection40] INFO  server.RaftServerConfigKeys (ConfUtils.java:logGet(46)) - raft.server.watch.timeout.denomination = 1s (default)
2023-05-23 10:26:31,641 [7156f7e4-fd15-431a-a0da-daed1f966c8d@group-39B6525C880F-LeaderElection40] INFO  server.RaftServerConfigKeys (ConfUtils.java:logGet(46)) - raft.server.watch.element-limit = 65536 (default)
2023-05-23 10:26:31,641 [7156f7e4-fd15-431a-a0da-daed1f966c8d@group-39B6525C880F-LeaderElection40] INFO  server.RaftServerConfigKeys (ConfUtils.java:logGet(46)) - raft.server.write.element-limit = 1024 (custom)
2023-05-23 10:26:31,641 [7156f7e4-fd15-431a-a0da-daed1f966c8d@group-39B6525C880F-LeaderElection40] INFO  server.RaftServerConfigKeys (ConfUtils.java:logGet(46)) - raft.server.write.follower.gap.ratio.max = -1.0 (default)
2023-05-23 10:26:31,642 [7156f7e4-fd15-431a-a0da-daed1f966c8d@group-39B6525C880F-LeaderElection40] INFO  impl.RoleInfo (RoleInfo.java:updateAndGet(139)) - 7156f7e4-fd15-431a-a0da-daed1f966c8d: start 7156f7e4-fd15-431a-a0da-daed1f966c8d@group-39B6525C880F-LeaderStateImpl
2023-05-23 10:26:31,642 [7156f7e4-fd15-431a-a0da-daed1f966c8d@group-39B6525C880F-LeaderElection40] INFO  segmented.SegmentedRaftLogWorker (SegmentedRaftLogWorker.java:startLogSegment(447)) - 7156f7e4-fd15-431a-a0da-daed1f966c8d@group-39B6525C880F-SegmentedRaftLogWorker: Starting segment from index:0
2023-05-23 10:26:31,642 [7156f7e4-fd15-431a-a0da-daed1f966c8d@group-39B6525C880F-LeaderElection40] INFO  server.RaftServer$Division (ServerState.java:setRaftConf(434)) - 7156f7e4-fd15-431a-a0da-daed1f966c8d@group-39B6525C880F: set configuration 0: peers:[7156f7e4-fd15-431a-a0da-daed1f966c8d|rpc:10.1.0.38:15181|admin:10.1.0.38:15180|client:10.1.0.38:15179|dataStream:10.1.0.38:15182|priority:1|startupRole:FOLLOWER]|listeners:[], old=null
2023-05-23 10:26:31,643 [7156f7e4-fd15-431a-a0da-daed1f966c8d@group-39B6525C880F-SegmentedRaftLogWorker] INFO  segmented.SegmentedRaftLogWorker (SegmentedRaftLogWorker.java:execute(651)) - 7156f7e4-fd15-431a-a0da-daed1f966c8d@group-39B6525C880F-SegmentedRaftLogWorker: created new log segment /home/runner/work/ozone/ozone/hadoop-ozone/integration-test/target/test-dir/MiniOzoneClusterImpl-00f23a18-bf09-4bf2-9950-b0f9dab58561/datanode-3/data/ratis/9033f8d5-21be-40e1-ae74-39b6525c880f/current/log_inprogress_0
2023-05-23 10:26:31,876 [3cc5c5e2-96d2-4640-9ca3-0d98a4ccb12e@group-75A4F657E23F-FollowerState] INFO  impl.FollowerState (FollowerState.java:run(143)) - 3cc5c5e2-96d2-4640-9ca3-0d98a4ccb12e@group-75A4F657E23F-FollowerState: change to CANDIDATE, lastRpcElapsedTime:5067640208ns, electionTimeout:5067ms
2023-05-23 10:26:31,876 [3cc5c5e2-96d2-4640-9ca3-0d98a4ccb12e@group-75A4F657E23F-FollowerState] INFO  impl.RoleInfo (RoleInfo.java:shutdownFollowerState(110)) - 3cc5c5e2-96d2-4640-9ca3-0d98a4ccb12e: shutdown 3cc5c5e2-96d2-4640-9ca3-0d98a4ccb12e@group-75A4F657E23F-FollowerState
2023-05-23 10:26:31,876 [3cc5c5e2-96d2-4640-9ca3-0d98a4ccb12e@group-75A4F657E23F-FollowerState] INFO  server.RaftServer$Division (RaftServerImpl.java:setRole(329)) - 3cc5c5e2-96d2-4640-9ca3-0d98a4ccb12e@group-75A4F657E23F: changes role from  FOLLOWER to CANDIDATE at term 0 for changeToCandidate
2023-05-23 10:26:31,876 [3cc5c5e2-96d2-4640-9ca3-0d98a4ccb12e@group-75A4F657E23F-FollowerState] INFO  server.RaftServerConfigKeys (ConfUtils.java:logGet(46)) - raft.server.leaderelection.pre-vote = true (default)
2023-05-23 10:26:31,876 [3cc5c5e2-96d2-4640-9ca3-0d98a4ccb12e@group-75A4F657E23F-FollowerState] INFO  impl.RoleInfo (RoleInfo.java:updateAndGet(139)) - 3cc5c5e2-96d2-4640-9ca3-0d98a4ccb12e: start 3cc5c5e2-96d2-4640-9ca3-0d98a4ccb12e@group-75A4F657E23F-LeaderElection41
2023-05-23 10:26:31,878 [3cc5c5e2-96d2-4640-9ca3-0d98a4ccb12e@group-75A4F657E23F-LeaderElection41] INFO  impl.LeaderElection (LeaderElection.java:askForVotes(321)) - 3cc5c5e2-96d2-4640-9ca3-0d98a4ccb12e@group-75A4F657E23F-LeaderElection41 PRE_VOTE round 0: submit vote requests at term 0 for -1: peers:[3cc5c5e2-96d2-4640-9ca3-0d98a4ccb12e|rpc:10.1.0.38:15189|admin:10.1.0.38:15188|client:10.1.0.38:15187|dataStream:10.1.0.38:15190|priority:1|startupRole:FOLLOWER]|listeners:[], old=null
2023-05-23 10:26:31,878 [3cc5c5e2-96d2-4640-9ca3-0d98a4ccb12e@group-75A4F657E23F-LeaderElection41] INFO  impl.LeaderElection (LeaderElection.java:askForVotes(323)) - 3cc5c5e2-96d2-4640-9ca3-0d98a4ccb12e@group-75A4F657E23F-LeaderElection41 PRE_VOTE round 0: result PASSED (term=0)
2023-05-23 10:26:31,879 [3cc5c5e2-96d2-4640-9ca3-0d98a4ccb12e@group-75A4F657E23F-LeaderElection41] INFO  impl.LeaderElection (LeaderElection.java:askForVotes(321)) - 3cc5c5e2-96d2-4640-9ca3-0d98a4ccb12e@group-75A4F657E23F-LeaderElection41 ELECTION round 0: submit vote requests at term 1 for -1: peers:[3cc5c5e2-96d2-4640-9ca3-0d98a4ccb12e|rpc:10.1.0.38:15189|admin:10.1.0.38:15188|client:10.1.0.38:15187|dataStream:10.1.0.38:15190|priority:1|startupRole:FOLLOWER]|listeners:[], old=null
2023-05-23 10:26:31,879 [3cc5c5e2-96d2-4640-9ca3-0d98a4ccb12e@group-75A4F657E23F-LeaderElection41] INFO  impl.LeaderElection (LeaderElection.java:askForVotes(323)) - 3cc5c5e2-96d2-4640-9ca3-0d98a4ccb12e@group-75A4F657E23F-LeaderElection41 ELECTION round 0: result PASSED (term=1)
2023-05-23 10:26:31,879 [3cc5c5e2-96d2-4640-9ca3-0d98a4ccb12e@group-75A4F657E23F-LeaderElection41] INFO  impl.RoleInfo (RoleInfo.java:shutdownLeaderElection(130)) - 3cc5c5e2-96d2-4640-9ca3-0d98a4ccb12e: shutdown 3cc5c5e2-96d2-4640-9ca3-0d98a4ccb12e@group-75A4F657E23F-LeaderElection41
2023-05-23 10:26:31,879 [3cc5c5e2-96d2-4640-9ca3-0d98a4ccb12e@group-75A4F657E23F-LeaderElection41] INFO  server.RaftServer$Division (RaftServerImpl.java:setRole(329)) - 3cc5c5e2-96d2-4640-9ca3-0d98a4ccb12e@group-75A4F657E23F: changes role from CANDIDATE to LEADER at term 1 for changeToLeader
2023-05-23 10:26:31,879 [3cc5c5e2-96d2-4640-9ca3-0d98a4ccb12e@group-75A4F657E23F-LeaderElection41] INFO  ratis.XceiverServerRatis (XceiverServerRatis.java:handleLeaderChangedNotification(904)) - Leader change notification received for group: group-75A4F657E23F with new leaderId: 3cc5c5e2-96d2-4640-9ca3-0d98a4ccb12e
2023-05-23 10:26:31,880 [3cc5c5e2-96d2-4640-9ca3-0d98a4ccb12e@group-75A4F657E23F-LeaderElection41] INFO  server.RaftServer$Division (ServerState.java:setLeader(317)) - 3cc5c5e2-96d2-4640-9ca3-0d98a4ccb12e@group-75A4F657E23F: change Leader from null to 3cc5c5e2-96d2-4640-9ca3-0d98a4ccb12e at term 1 for becomeLeader, leader elected after 5090ms
2023-05-23 10:26:31,880 [3cc5c5e2-96d2-4640-9ca3-0d98a4ccb12e@group-75A4F657E23F-LeaderElection41] INFO  server.RaftServerConfigKeys (ConfUtils.java:logGet(46)) - raft.server.staging.catchup.gap = 1000 (default)
2023-05-23 10:26:31,880 [3cc5c5e2-96d2-4640-9ca3-0d98a4ccb12e@group-75A4F657E23F-LeaderElection41] INFO  server.RaftServerConfigKeys (ConfUtils.java:logGet(46)) - raft.server.write.element-limit = 1024 (custom)
2023-05-23 10:26:31,880 [3cc5c5e2-96d2-4640-9ca3-0d98a4ccb12e@group-75A4F657E23F-LeaderElection41] INFO  server.RaftServerConfigKeys (ConfUtils.java:logGet(46)) - raft.server.write.byte-limit = 1024 M (=1073741824) (custom)
2023-05-23 10:26:31,880 [3cc5c5e2-96d2-4640-9ca3-0d98a4ccb12e@group-75A4F657E23F-LeaderElection41] INFO  server.RaftServerConfigKeys (ConfUtils.java:logGet(46)) - raft.server.watch.timeout = 180s (custom)
2023-05-23 10:26:31,880 [3cc5c5e2-96d2-4640-9ca3-0d98a4ccb12e@group-75A4F657E23F-LeaderElection41] INFO  server.RaftServerConfigKeys (ConfUtils.java:logGet(46)) - raft.server.watch.timeout.denomination = 1s (default)
2023-05-23 10:26:31,880 [3cc5c5e2-96d2-4640-9ca3-0d98a4ccb12e@group-75A4F657E23F-LeaderElection41] INFO  server.RaftServerConfigKeys (ConfUtils.java:logGet(46)) - raft.server.watch.element-limit = 65536 (default)
2023-05-23 10:26:31,881 [3cc5c5e2-96d2-4640-9ca3-0d98a4ccb12e@group-75A4F657E23F-LeaderElection41] INFO  server.RaftServerConfigKeys (ConfUtils.java:logGet(46)) - raft.server.write.element-limit = 1024 (custom)
2023-05-23 10:26:31,881 [3cc5c5e2-96d2-4640-9ca3-0d98a4ccb12e@group-75A4F657E23F-LeaderElection41] INFO  server.RaftServerConfigKeys (ConfUtils.java:logGet(46)) - raft.server.write.follower.gap.ratio.max = -1.0 (default)
2023-05-23 10:26:31,881 [3cc5c5e2-96d2-4640-9ca3-0d98a4ccb12e@group-75A4F657E23F-LeaderElection41] INFO  impl.RoleInfo (RoleInfo.java:updateAndGet(139)) - 3cc5c5e2-96d2-4640-9ca3-0d98a4ccb12e: start 3cc5c5e2-96d2-4640-9ca3-0d98a4ccb12e@group-75A4F657E23F-LeaderStateImpl
2023-05-23 10:26:31,881 [3cc5c5e2-96d2-4640-9ca3-0d98a4ccb12e@group-75A4F657E23F-LeaderElection41] INFO  segmented.SegmentedRaftLogWorker (SegmentedRaftLogWorker.java:startLogSegment(447)) - 3cc5c5e2-96d2-4640-9ca3-0d98a4ccb12e@group-75A4F657E23F-SegmentedRaftLogWorker: Starting segment from index:0
2023-05-23 10:26:31,882 [3cc5c5e2-96d2-4640-9ca3-0d98a4ccb12e@group-75A4F657E23F-LeaderElection41] INFO  server.RaftServer$Division (ServerState.java:setRaftConf(434)) - 3cc5c5e2-96d2-4640-9ca3-0d98a4ccb12e@group-75A4F657E23F: set configuration 0: peers:[3cc5c5e2-96d2-4640-9ca3-0d98a4ccb12e|rpc:10.1.0.38:15189|admin:10.1.0.38:15188|client:10.1.0.38:15187|dataStream:10.1.0.38:15190|priority:1|startupRole:FOLLOWER]|listeners:[], old=null
2023-05-23 10:26:31,883 [3cc5c5e2-96d2-4640-9ca3-0d98a4ccb12e@group-75A4F657E23F-SegmentedRaftLogWorker] INFO  segmented.SegmentedRaftLogWorker (SegmentedRaftLogWorker.java:execute(651)) - 3cc5c5e2-96d2-4640-9ca3-0d98a4ccb12e@group-75A4F657E23F-SegmentedRaftLogWorker: created new log segment /home/runner/work/ozone/ozone/hadoop-ozone/integration-test/target/test-dir/MiniOzoneClusterImpl-00f23a18-bf09-4bf2-9950-b0f9dab58561/datanode-4/data/ratis/ba39a097-0da7-483b-9e67-75a4f657e23f/current/log_inprogress_0
2023-05-23 10:26:32,059 [ReplicationMonitor] INFO  replication.ReplicationManager (ReplicationManager.java:processAll(375)) - Replication Manager is not ready to run until 3000ms after safemode exit
2023-05-23 10:26:33,061 [ReplicationMonitor] INFO  replication.ReplicationManager (ReplicationManager.java:processAll(375)) - Replication Manager is not ready to run until 3000ms after safemode exit
2023-05-23 10:26:34,067 [ReplicationMonitor] INFO  replication.ReplicationManager (ReplicationManager.java:processAll(403)) - Replication Monitor Thread took 6 milliseconds for processing 1 containers.
2023-05-23 10:26:35,067 [ReplicationMonitor] INFO  replication.ReplicationManager (ReplicationManager.java:processAll(403)) - Replication Monitor Thread took 0 milliseconds for processing 1 containers.
2023-05-23 10:26:36,068 [ReplicationMonitor] INFO  replication.ReplicationManager (ReplicationManager.java:processAll(403)) - Replication Monitor Thread took 1 milliseconds for processing 1 containers.
2023-05-23 10:26:37,068 [ReplicationMonitor] INFO  replication.ReplicationManager (ReplicationManager.java:processAll(403)) - Replication Monitor Thread took 0 milliseconds for processing 1 containers.
2023-05-23 10:26:38,071 [ReplicationMonitor] INFO  replication.ReplicationManager (ReplicationManager.java:processAll(403)) - Replication Monitor Thread took 1 milliseconds for processing 1 containers.
2023-05-23 10:26:38,083 [EventQueue-CloseContainerForCloseContainerEventHandler] INFO  container.CloseContainerEventHandler (CloseContainerEventHandler.java:onMessage(89)) - Close container Event triggered for container : #1, current state: OPEN
2023-05-23 10:26:38,084 [EventQueue-CloseContainerForCloseContainerEventHandler] INFO  container.CloseContainerEventHandler (CloseContainerEventHandler.java:onMessage(89)) - Close container Event triggered for container : #1, current state: CLOSING
2023-05-23 10:26:38,084 [EventQueue-CloseContainerForCloseContainerEventHandler] INFO  container.CloseContainerEventHandler (CloseContainerEventHandler.java:onMessage(89)) - Close container Event triggered for container : #1, current state: CLOSING
2023-05-23 10:26:39,071 [ReplicationMonitor] INFO  replication.ReplicationManager (ReplicationManager.java:sendDatanodeCommand(684)) - Sending command [closeContainerCommand: containerID: 1, pipelineID: PipelineID=44ca2403-c84d-4390-9476-47ee8fe3890d, force: false] for container ContainerInfo{id=#1, state=CLOSING, pipelineID=PipelineID=44ca2403-c84d-4390-9476-47ee8fe3890d, stateEnterTime=2023-05-23T10:26:30.888Z, owner=om1} to b898f15d-4860-47c9-8591-05c5a169db6c(fv-az1249-304/10.1.0.38) with datanode deadline 1684838169071 and scm deadline 1684838199071
2023-05-23 10:26:39,071 [ReplicationMonitor] INFO  replication.ReplicationManager (ReplicationManager.java:sendDatanodeCommand(684)) - Sending command [closeContainerCommand: containerID: 1, pipelineID: PipelineID=44ca2403-c84d-4390-9476-47ee8fe3890d, force: false] for container ContainerInfo{id=#1, state=CLOSING, pipelineID=PipelineID=44ca2403-c84d-4390-9476-47ee8fe3890d, stateEnterTime=2023-05-23T10:26:30.888Z, owner=om1} to cdf07a7b-95f7-44c3-8ae6-3efcc78f5f3a(fv-az1249-304/10.1.0.38) with datanode deadline 1684838169071 and scm deadline 1684838199071
2023-05-23 10:26:39,072 [ReplicationMonitor] INFO  replication.ReplicationManager (ReplicationManager.java:sendDatanodeCommand(684)) - Sending command [closeContainerCommand: containerID: 1, pipelineID: PipelineID=44ca2403-c84d-4390-9476-47ee8fe3890d, force: false] for container ContainerInfo{id=#1, state=CLOSING, pipelineID=PipelineID=44ca2403-c84d-4390-9476-47ee8fe3890d, stateEnterTime=2023-05-23T10:26:30.888Z, owner=om1} to 9a8ecc75-319b-47a2-9433-72c1cc276f25(fv-az1249-304/10.1.0.38) with datanode deadline 1684838169071 and scm deadline 1684838199071
2023-05-23 10:26:39,072 [ReplicationMonitor] INFO  replication.ReplicationManager (ReplicationManager.java:processAll(403)) - Replication Monitor Thread took 1 milliseconds for processing 1 containers.
2023-05-23 10:26:40,072 [ReplicationMonitor] INFO  replication.ReplicationManager (ReplicationManager.java:sendDatanodeCommand(684)) - Sending command [closeContainerCommand: containerID: 1, pipelineID: PipelineID=44ca2403-c84d-4390-9476-47ee8fe3890d, force: false] for container ContainerInfo{id=#1, state=CLOSING, pipelineID=PipelineID=44ca2403-c84d-4390-9476-47ee8fe3890d, stateEnterTime=2023-05-23T10:26:30.888Z, owner=om1} to b898f15d-4860-47c9-8591-05c5a169db6c(fv-az1249-304/10.1.0.38) with datanode deadline 1684838170072 and scm deadline 1684838200072
2023-05-23 10:26:40,072 [ReplicationMonitor] INFO  replication.ReplicationManager (ReplicationManager.java:sendDatanodeCommand(684)) - Sending command [closeContainerCommand: containerID: 1, pipelineID: PipelineID=44ca2403-c84d-4390-9476-47ee8fe3890d, force: false] for container ContainerInfo{id=#1, state=CLOSING, pipelineID=PipelineID=44ca2403-c84d-4390-9476-47ee8fe3890d, stateEnterTime=2023-05-23T10:26:30.888Z, owner=om1} to cdf07a7b-95f7-44c3-8ae6-3efcc78f5f3a(fv-az1249-304/10.1.0.38) with datanode deadline 1684838170072 and scm deadline 1684838200072
2023-05-23 10:26:40,072 [ReplicationMonitor] INFO  replication.ReplicationManager (ReplicationManager.java:sendDatanodeCommand(684)) - Sending command [closeContainerCommand: containerID: 1, pipelineID: PipelineID=44ca2403-c84d-4390-9476-47ee8fe3890d, force: false] for container ContainerInfo{id=#1, state=CLOSING, pipelineID=PipelineID=44ca2403-c84d-4390-9476-47ee8fe3890d, stateEnterTime=2023-05-23T10:26:30.888Z, owner=om1} to 9a8ecc75-319b-47a2-9433-72c1cc276f25(fv-az1249-304/10.1.0.38) with datanode deadline 1684838170072 and scm deadline 1684838200072
2023-05-23 10:26:40,072 [ReplicationMonitor] INFO  replication.ReplicationManager (ReplicationManager.java:processAll(403)) - Replication Monitor Thread took 0 milliseconds for processing 1 containers.
2023-05-23 10:26:41,073 [ReplicationMonitor] INFO  replication.ReplicationManager (ReplicationManager.java:sendDatanodeCommand(684)) - Sending command [closeContainerCommand: containerID: 1, pipelineID: PipelineID=44ca2403-c84d-4390-9476-47ee8fe3890d, force: false] for container ContainerInfo{id=#1, state=CLOSING, pipelineID=PipelineID=44ca2403-c84d-4390-9476-47ee8fe3890d, stateEnterTime=2023-05-23T10:26:30.888Z, owner=om1} to b898f15d-4860-47c9-8591-05c5a169db6c(fv-az1249-304/10.1.0.38) with datanode deadline 1684838171073 and scm deadline 1684838201073
2023-05-23 10:26:41,073 [ReplicationMonitor] INFO  replication.ReplicationManager (ReplicationManager.java:sendDatanodeCommand(684)) - Sending command [closeContainerCommand: containerID: 1, pipelineID: PipelineID=44ca2403-c84d-4390-9476-47ee8fe3890d, force: false] for container ContainerInfo{id=#1, state=CLOSING, pipelineID=PipelineID=44ca2403-c84d-4390-9476-47ee8fe3890d, stateEnterTime=2023-05-23T10:26:30.888Z, owner=om1} to cdf07a7b-95f7-44c3-8ae6-3efcc78f5f3a(fv-az1249-304/10.1.0.38) with datanode deadline 1684838171073 and scm deadline 1684838201073
2023-05-23 10:26:41,073 [ReplicationMonitor] INFO  replication.ReplicationManager (ReplicationManager.java:sendDatanodeCommand(684)) - Sending command [closeContainerCommand: containerID: 1, pipelineID: PipelineID=44ca2403-c84d-4390-9476-47ee8fe3890d, force: false] for container ContainerInfo{id=#1, state=CLOSING, pipelineID=PipelineID=44ca2403-c84d-4390-9476-47ee8fe3890d, stateEnterTime=2023-05-23T10:26:30.888Z, owner=om1} to 9a8ecc75-319b-47a2-9433-72c1cc276f25(fv-az1249-304/10.1.0.38) with datanode deadline 1684838171073 and scm deadline 1684838201073
2023-05-23 10:26:41,073 [ReplicationMonitor] INFO  replication.ReplicationManager (ReplicationManager.java:processAll(403)) - Replication Monitor Thread took 0 milliseconds for processing 1 containers.
2023-05-23 10:26:42,012 [ContainerOp-44ca2403-c84d-4390-9476-47ee8fe3890d-2] INFO  keyvalue.KeyValueContainer (KeyValueContainer.java:flushAndSyncDB(446)) - Container 1 is synced with bcsId 2.
2023-05-23 10:26:42,013 [ContainerOp-44ca2403-c84d-4390-9476-47ee8fe3890d-2] INFO  keyvalue.KeyValueContainer (KeyValueContainer.java:flushAndSyncDB(446)) - Container 1 is synced with bcsId 2.
2023-05-23 10:26:42,016 [ContainerOp-44ca2403-c84d-4390-9476-47ee8fe3890d-2] INFO  keyvalue.KeyValueContainer (KeyValueContainer.java:flushAndSyncDB(446)) - Container 1 is synced with bcsId 2.
2023-05-23 10:26:42,017 [ContainerOp-44ca2403-c84d-4390-9476-47ee8fe3890d-2] INFO  keyvalue.KeyValueContainer (KeyValueContainer.java:flushAndSyncDB(446)) - Container 1 is synced with bcsId 2.
2023-05-23 10:26:42,019 [ContainerOp-44ca2403-c84d-4390-9476-47ee8fe3890d-2] INFO  keyvalue.KeyValueContainer (KeyValueContainer.java:close(361)) - Container 1 is closed with bcsId 2.
2023-05-23 10:26:42,029 [FixedThreadPoolWithAffinityExecutor-9-0] INFO  container.IncrementalContainerReportHandler (AbstractContainerReportHandler.java:updateContainerState(310)) - Moving container #1 to CLOSED state, datanode b898f15d-4860-47c9-8591-05c5a169db6c(fv-az1249-304/10.1.0.38) reported CLOSED replica with index 0.
2023-05-23 10:26:42,030 [ContainerOp-44ca2403-c84d-4390-9476-47ee8fe3890d-2] INFO  keyvalue.KeyValueContainer (KeyValueContainer.java:close(361)) - Container 1 is closed with bcsId 2.
2023-05-23 10:26:42,030 [ContainerOp-44ca2403-c84d-4390-9476-47ee8fe3890d-2] INFO  keyvalue.KeyValueContainer (KeyValueContainer.java:flushAndSyncDB(446)) - Container 1 is synced with bcsId 2.
2023-05-23 10:26:42,031 [ContainerOp-44ca2403-c84d-4390-9476-47ee8fe3890d-2] INFO  keyvalue.KeyValueContainer (KeyValueContainer.java:flushAndSyncDB(446)) - Container 1 is synced with bcsId 2.
2023-05-23 10:26:42,033 [ContainerOp-44ca2403-c84d-4390-9476-47ee8fe3890d-2] INFO  keyvalue.KeyValueContainer (KeyValueContainer.java:close(361)) - Container 1 is closed with bcsId 2.
2023-05-23 10:26:42,074 [ReplicationMonitor] INFO  replication.ReplicationManager (ReplicationManager.java:processAll(403)) - Replication Monitor Thread took 1 milliseconds for processing 1 containers.
2023-05-23 10:26:42,085 [Listener at 127.0.0.1/15148] INFO  ozoneimpl.OzoneContainer (OzoneContainer.java:stop(419)) - Attempting to stop container services.
2023-05-23 10:26:42,086 [Listener at 127.0.0.1/15148] INFO  server.RaftServer (RaftServerProxy.java:lambda$close$6(416)) - cdf07a7b-95f7-44c3-8ae6-3efcc78f5f3a: close
2023-05-23 10:26:42,086 [cdf07a7b-95f7-44c3-8ae6-3efcc78f5f3a-impl-thread1] INFO  server.RaftServer$Division (RaftServerImpl.java:lambda$close$4(466)) - cdf07a7b-95f7-44c3-8ae6-3efcc78f5f3a@group-47EE8FE3890D: shutdown
2023-05-23 10:26:42,086 [cdf07a7b-95f7-44c3-8ae6-3efcc78f5f3a-impl-thread1] INFO  util.JmxRegister (JmxRegister.java:unregister(73)) - Successfully un-registered JMX Bean with object name Ratis:service=RaftServer,group=group-47EE8FE3890D,id=cdf07a7b-95f7-44c3-8ae6-3efcc78f5f3a
2023-05-23 10:26:42,086 [cdf07a7b-95f7-44c3-8ae6-3efcc78f5f3a-impl-thread1] INFO  impl.RoleInfo (RoleInfo.java:shutdownFollowerState(110)) - cdf07a7b-95f7-44c3-8ae6-3efcc78f5f3a: shutdown cdf07a7b-95f7-44c3-8ae6-3efcc78f5f3a@group-47EE8FE3890D-FollowerState
2023-05-23 10:26:42,086 [cdf07a7b-95f7-44c3-8ae6-3efcc78f5f3a-impl-thread2] INFO  server.RaftServer$Division (RaftServerImpl.java:lambda$close$4(466)) - cdf07a7b-95f7-44c3-8ae6-3efcc78f5f3a@group-475DBD44CB32: shutdown
2023-05-23 10:26:42,086 [Listener at 127.0.0.1/15148] INFO  server.GrpcService (GrpcService.java:closeImpl(311)) - cdf07a7b-95f7-44c3-8ae6-3efcc78f5f3a: shutdown server org.apache.ratis.grpc.server.GrpcClientProtocolService now
2023-05-23 10:26:42,086 [cdf07a7b-95f7-44c3-8ae6-3efcc78f5f3a-impl-thread2] INFO  util.JmxRegister (JmxRegister.java:unregister(73)) - Successfully un-registered JMX Bean with object name Ratis:service=RaftServer,group=group-475DBD44CB32,id=cdf07a7b-95f7-44c3-8ae6-3efcc78f5f3a
2023-05-23 10:26:42,086 [cdf07a7b-95f7-44c3-8ae6-3efcc78f5f3a-impl-thread2] INFO  impl.RoleInfo (RoleInfo.java:shutdownLeaderState(93)) - cdf07a7b-95f7-44c3-8ae6-3efcc78f5f3a: shutdown cdf07a7b-95f7-44c3-8ae6-3efcc78f5f3a@group-475DBD44CB32-LeaderStateImpl
2023-05-23 10:26:42,086 [cdf07a7b-95f7-44c3-8ae6-3efcc78f5f3a@group-47EE8FE3890D-FollowerState] INFO  impl.FollowerState (FollowerState.java:run(152)) - cdf07a7b-95f7-44c3-8ae6-3efcc78f5f3a@group-47EE8FE3890D-FollowerState was interrupted
2023-05-23 10:26:42,086 [cdf07a7b-95f7-44c3-8ae6-3efcc78f5f3a-impl-thread1] INFO  impl.StateMachineUpdater (StateMachineUpdater.java:stopAndJoin(155)) - cdf07a7b-95f7-44c3-8ae6-3efcc78f5f3a@group-47EE8FE3890D-StateMachineUpdater: set stopIndex = 5
2023-05-23 10:26:42,087 [cdf07a7b-95f7-44c3-8ae6-3efcc78f5f3a@group-47EE8FE3890D-StateMachineUpdater] INFO  ratis.ContainerStateMachine (ContainerStateMachine.java:takeSnapshot(330)) - group-47EE8FE3890D: Taking a snapshot at:(t:1, i:5) file /home/runner/work/ozone/ozone/hadoop-ozone/integration-test/target/test-dir/MiniOzoneClusterImpl-00f23a18-bf09-4bf2-9950-b0f9dab58561/datanode-0/data/ratis/44ca2403-c84d-4390-9476-47ee8fe3890d/sm/snapshot.1_5
2023-05-23 10:26:42,087 [cdf07a7b-95f7-44c3-8ae6-3efcc78f5f3a@group-475DBD44CB32->9a8ecc75-319b-47a2-9433-72c1cc276f25-GrpcLogAppender-LogAppenderDaemon] WARN  server.GrpcLogAppender (GrpcLogAppender.java:mayWait(199)) - cdf07a7b-95f7-44c3-8ae6-3efcc78f5f3a@group-475DBD44CB32->9a8ecc75-319b-47a2-9433-72c1cc276f25-GrpcLogAppender: Wait interrupted by java.lang.InterruptedException
2023-05-23 10:26:42,087 [cdf07a7b-95f7-44c3-8ae6-3efcc78f5f3a-impl-thread3] INFO  server.RaftServer$Division (RaftServerImpl.java:lambda$close$4(466)) - cdf07a7b-95f7-44c3-8ae6-3efcc78f5f3a@group-DD854FF2EF03: shutdown
2023-05-23 10:26:42,087 [cdf07a7b-95f7-44c3-8ae6-3efcc78f5f3a-impl-thread3] INFO  util.JmxRegister (JmxRegister.java:unregister(73)) - Successfully un-registered JMX Bean with object name Ratis:service=RaftServer,group=group-DD854FF2EF03,id=cdf07a7b-95f7-44c3-8ae6-3efcc78f5f3a
2023-05-23 10:26:42,087 [cdf07a7b-95f7-44c3-8ae6-3efcc78f5f3a@group-475DBD44CB32->b898f15d-4860-47c9-8591-05c5a169db6c-GrpcLogAppender-LogAppenderDaemon] WARN  server.GrpcLogAppender (GrpcLogAppender.java:mayWait(199)) - cdf07a7b-95f7-44c3-8ae6-3efcc78f5f3a@group-475DBD44CB32->b898f15d-4860-47c9-8591-05c5a169db6c-GrpcLogAppender: Wait interrupted by java.lang.InterruptedException
2023-05-23 10:26:42,088 [cdf07a7b-95f7-44c3-8ae6-3efcc78f5f3a-impl-thread2] INFO  impl.PendingRequests (PendingRequests.java:sendNotLeaderResponses(289)) - cdf07a7b-95f7-44c3-8ae6-3efcc78f5f3a@group-475DBD44CB32-PendingRequests: sendNotLeaderResponses
2023-05-23 10:26:42,089 [cdf07a7b-95f7-44c3-8ae6-3efcc78f5f3a-impl-thread3] INFO  impl.RoleInfo (RoleInfo.java:shutdownLeaderState(93)) - cdf07a7b-95f7-44c3-8ae6-3efcc78f5f3a: shutdown cdf07a7b-95f7-44c3-8ae6-3efcc78f5f3a@group-DD854FF2EF03-LeaderStateImpl
2023-05-23 10:26:42,089 [cdf07a7b-95f7-44c3-8ae6-3efcc78f5f3a-impl-thread3] INFO  impl.PendingRequests (PendingRequests.java:sendNotLeaderResponses(289)) - cdf07a7b-95f7-44c3-8ae6-3efcc78f5f3a@group-DD854FF2EF03-PendingRequests: sendNotLeaderResponses
2023-05-23 10:26:42,089 [grpc-default-executor-0] INFO  server.GrpcServerProtocolService (GrpcServerProtocolService.java:onCompleted(155)) - b898f15d-4860-47c9-8591-05c5a169db6c: Completed APPEND_ENTRIES, lastRequest: cdf07a7b-95f7-44c3-8ae6-3efcc78f5f3a->b898f15d-4860-47c9-8591-05c5a169db6c#1-t1,previous=(t:0, i:0),leaderCommit=-1,initializing? true,entries: size=1, first=(t:1, i:0), CONFIGURATIONENTRY(current:id: "b898f15d-4860-47c9-8591-05c5a169db6c"
address: "10.1.0.38:15173"
dataStreamAddress: "10.1.0.38:15174"
clientAddress: "10.1.0.38:15171"
adminAddress: "10.1.0.38:15172"
startupRole: FOLLOWER
,id: "cdf07a7b-95f7-44c3-8ae6-3efcc78f5f3a"
address: "10.1.0.38:15157"
priority: 1
dataStreamAddress: "10.1.0.38:15158"
clientAddress: "10.1.0.38:15155"
adminAddress: "10.1.0.38:15156"
startupRole: FOLLOWER
,id: "9a8ecc75-319b-47a2-9433-72c1cc276f25"
address: "10.1.0.38:15165"
dataStreamAddress: "10.1.0.38:15166"
clientAddress: "10.1.0.38:15163"
adminAddress: "10.1.0.38:15164"
startupRole: FOLLOWER
, old:)
2023-05-23 10:26:42,089 [grpc-default-executor-0] INFO  server.GrpcServerProtocolService (GrpcServerProtocolService.java:lambda$onCompleted$5(157)) - b898f15d-4860-47c9-8591-05c5a169db6c: Completed APPEND_ENTRIES, lastReply: null
2023-05-23 10:26:42,088 [grpc-default-executor-3] INFO  server.GrpcServerProtocolService (GrpcServerProtocolService.java:onCompleted(155)) - 9a8ecc75-319b-47a2-9433-72c1cc276f25: Completed APPEND_ENTRIES, lastRequest: null
2023-05-23 10:26:42,090 [grpc-default-executor-6] INFO  server.GrpcServerProtocolService (GrpcServerProtocolService.java:onCompleted(155)) - b898f15d-4860-47c9-8591-05c5a169db6c: Completed APPEND_ENTRIES, lastRequest: null
2023-05-23 10:26:42,090 [grpc-default-executor-6] INFO  server.GrpcServerProtocolService (GrpcServerProtocolService.java:lambda$onCompleted$5(157)) - b898f15d-4860-47c9-8591-05c5a169db6c: Completed APPEND_ENTRIES, lastReply: serverReply {
  requestorId: "cdf07a7b-95f7-44c3-8ae6-3efcc78f5f3a"
  replyId: "b898f15d-4860-47c9-8591-05c5a169db6c"
  raftGroupId {
    id: "\331|\031\240u\321K\306\263\311G]\275D\3132"
  }
  callId: 6
  success: true
}
term: 1
nextIndex: 1
matchIndex: 18446744073709551615
isHearbeat: true

2023-05-23 10:26:42,088 [cdf07a7b-95f7-44c3-8ae6-3efcc78f5f3a@group-47EE8FE3890D-StateMachineUpdater] INFO  ratis.ContainerStateMachine (ContainerStateMachine.java:takeSnapshot(341)) - group-47EE8FE3890D: Finished taking a snapshot at:(t:1, i:5) file:/home/runner/work/ozone/ozone/hadoop-ozone/integration-test/target/test-dir/MiniOzoneClusterImpl-00f23a18-bf09-4bf2-9950-b0f9dab58561/datanode-0/data/ratis/44ca2403-c84d-4390-9476-47ee8fe3890d/sm/snapshot.1_5 took: 2 ms
2023-05-23 10:26:42,090 [cdf07a7b-95f7-44c3-8ae6-3efcc78f5f3a@group-47EE8FE3890D-StateMachineUpdater] INFO  impl.StateMachineUpdater (StateMachineUpdater.java:takeSnapshot(291)) - cdf07a7b-95f7-44c3-8ae6-3efcc78f5f3a@group-47EE8FE3890D-StateMachineUpdater: Took a snapshot at index 5
2023-05-23 10:26:42,090 [cdf07a7b-95f7-44c3-8ae6-3efcc78f5f3a@group-47EE8FE3890D-StateMachineUpdater] INFO  impl.StateMachineUpdater (StateMachineUpdater.java:lambda$new$0(97)) - cdf07a7b-95f7-44c3-8ae6-3efcc78f5f3a@group-47EE8FE3890D-StateMachineUpdater: snapshotIndex: updateIncreasingly -1 -> 5
2023-05-23 10:26:42,088 [grpc-default-executor-2] INFO  server.GrpcServerProtocolService (GrpcServerProtocolService.java:onCompleted(155)) - 9a8ecc75-319b-47a2-9433-72c1cc276f25: Completed APPEND_ENTRIES, lastRequest: cdf07a7b-95f7-44c3-8ae6-3efcc78f5f3a->9a8ecc75-319b-47a2-9433-72c1cc276f25#1-t1,previous=(t:0, i:0),leaderCommit=-1,initializing? true,entries: size=1, first=(t:1, i:0), CONFIGURATIONENTRY(current:id: "b898f15d-4860-47c9-8591-05c5a169db6c"
address: "10.1.0.38:15173"
dataStreamAddress: "10.1.0.38:15174"
clientAddress: "10.1.0.38:15171"
adminAddress: "10.1.0.38:15172"
startupRole: FOLLOWER
,id: "cdf07a7b-95f7-44c3-8ae6-3efcc78f5f3a"
address: "10.1.0.38:15157"
priority: 1
dataStreamAddress: "10.1.0.38:15158"
clientAddress: "10.1.0.38:15155"
adminAddress: "10.1.0.38:15156"
startupRole: FOLLOWER
,id: "9a8ecc75-319b-47a2-9433-72c1cc276f25"
address: "10.1.0.38:15165"
dataStreamAddress: "10.1.0.38:15166"
clientAddress: "10.1.0.38:15163"
adminAddress: "10.1.0.38:15164"
startupRole: FOLLOWER
, old:)
2023-05-23 10:26:42,091 [grpc-default-executor-2] INFO  server.GrpcServerProtocolService (GrpcServerProtocolService.java:lambda$onCompleted$5(157)) - 9a8ecc75-319b-47a2-9433-72c1cc276f25: Completed APPEND_ENTRIES, lastReply: null
2023-05-23 10:26:42,090 [grpc-default-executor-3] INFO  server.GrpcServerProtocolService (GrpcServerProtocolService.java:lambda$onCompleted$5(157)) - 9a8ecc75-319b-47a2-9433-72c1cc276f25: Completed APPEND_ENTRIES, lastReply: serverReply {
  requestorId: "cdf07a7b-95f7-44c3-8ae6-3efcc78f5f3a"
  replyId: "9a8ecc75-319b-47a2-9433-72c1cc276f25"
  raftGroupId {
    id: "\331|\031\240u\321K\306\263\311G]\275D\3132"
  }
  callId: 8
  success: true
}
term: 1
nextIndex: 1
matchIndex: 18446744073709551615
isHearbeat: true

2023-05-23 10:26:42,091 [cdf07a7b-95f7-44c3-8ae6-3efcc78f5f3a-impl-thread2] INFO  impl.StateMachineUpdater (StateMachineUpdater.java:stopAndJoin(155)) - cdf07a7b-95f7-44c3-8ae6-3efcc78f5f3a@group-475DBD44CB32-StateMachineUpdater: set stopIndex = 0
2023-05-23 10:26:42,091 [cdf07a7b-95f7-44c3-8ae6-3efcc78f5f3a@group-DD854FF2EF03-StateMachineUpdater] INFO  ratis.ContainerStateMachine (ContainerStateMachine.java:takeSnapshot(330)) - group-DD854FF2EF03: Taking a snapshot at:(t:1, i:0) file /home/runner/work/ozone/ozone/hadoop-ozone/integration-test/target/test-dir/MiniOzoneClusterImpl-00f23a18-bf09-4bf2-9950-b0f9dab58561/datanode-0/data/ratis/f61c0586-a0e4-49bf-8d0e-dd854ff2ef03/sm/snapshot.1_0
2023-05-23 10:26:42,091 [grpc-default-executor-1] INFO  server.GrpcLogAppender (GrpcLogAppender.java:onCompleted(428)) - cdf07a7b-95f7-44c3-8ae6-3efcc78f5f3a@group-475DBD44CB32->b898f15d-4860-47c9-8591-05c5a169db6c-AppendLogResponseHandler: follower responses appendEntries COMPLETED
2023-05-23 10:26:42,092 [grpc-default-executor-1] INFO  leader.FollowerInfo (FollowerInfoImpl.java:lambda$new$0(52)) - cdf07a7b-95f7-44c3-8ae6-3efcc78f5f3a@group-475DBD44CB32->b898f15d-4860-47c9-8591-05c5a169db6c: decreaseNextIndex nextIndex: updateUnconditionally 1 -> 0
2023-05-23 10:26:42,092 [grpc-default-executor-4] INFO  server.GrpcLogAppender (GrpcLogAppender.java:onCompleted(428)) - cdf07a7b-95f7-44c3-8ae6-3efcc78f5f3a@group-475DBD44CB32->9a8ecc75-319b-47a2-9433-72c1cc276f25-AppendLogResponseHandler: follower responses appendEntries COMPLETED
2023-05-23 10:26:42,092 [grpc-default-executor-4] INFO  leader.FollowerInfo (FollowerInfoImpl.java:lambda$new$0(52)) - cdf07a7b-95f7-44c3-8ae6-3efcc78f5f3a@group-475DBD44CB32->9a8ecc75-319b-47a2-9433-72c1cc276f25: decreaseNextIndex nextIndex: updateUnconditionally 1 -> 0
2023-05-23 10:26:42,092 [cdf07a7b-95f7-44c3-8ae6-3efcc78f5f3a@group-475DBD44CB32-StateMachineUpdater] INFO  ratis.ContainerStateMachine (ContainerStateMachine.java:takeSnapshot(330)) - group-475DBD44CB32: Taking a snapshot at:(t:1, i:0) file /home/runner/work/ozone/ozone/hadoop-ozone/integration-test/target/test-dir/MiniOzoneClusterImpl-00f23a18-bf09-4bf2-9950-b0f9dab58561/datanode-0/data/ratis/d97c19a0-75d1-4bc6-b3c9-475dbd44cb32/sm/snapshot.1_0
2023-05-23 10:26:42,092 [cdf07a7b-95f7-44c3-8ae6-3efcc78f5f3a@group-DD854FF2EF03-StateMachineUpdater] INFO  ratis.ContainerStateMachine (ContainerStateMachine.java:takeSnapshot(341)) - group-DD854FF2EF03: Finished taking a snapshot at:(t:1, i:0) file:/home/runner/work/ozone/ozone/hadoop-ozone/integration-test/target/test-dir/MiniOzoneClusterImpl-00f23a18-bf09-4bf2-9950-b0f9dab58561/datanode-0/data/ratis/f61c0586-a0e4-49bf-8d0e-dd854ff2ef03/sm/snapshot.1_0 took: 1 ms
2023-05-23 10:26:42,092 [cdf07a7b-95f7-44c3-8ae6-3efcc78f5f3a-impl-thread3] INFO  impl.StateMachineUpdater (StateMachineUpdater.java:stopAndJoin(155)) - cdf07a7b-95f7-44c3-8ae6-3efcc78f5f3a@group-DD854FF2EF03-StateMachineUpdater: set stopIndex = 0
2023-05-23 10:26:42,092 [grpc-default-executor-5] INFO  server.GrpcLogAppender (GrpcLogAppender.java:onCompleted(428)) - cdf07a7b-95f7-44c3-8ae6-3efcc78f5f3a@group-475DBD44CB32->b898f15d-4860-47c9-8591-05c5a169db6c-AppendLogResponseHandler: follower responses appendEntries COMPLETED
2023-05-23 10:26:42,092 [cdf07a7b-95f7-44c3-8ae6-3efcc78f5f3a@group-DD854FF2EF03-StateMachineUpdater] INFO  impl.StateMachineUpdater (StateMachineUpdater.java:takeSnapshot(291)) - cdf07a7b-95f7-44c3-8ae6-3efcc78f5f3a@group-DD854FF2EF03-StateMachineUpdater: Took a snapshot at index 0
2023-05-23 10:26:42,092 [cdf07a7b-95f7-44c3-8ae6-3efcc78f5f3a@group-DD854FF2EF03-StateMachineUpdater] INFO  impl.StateMachineUpdater (StateMachineUpdater.java:lambda$new$0(97)) - cdf07a7b-95f7-44c3-8ae6-3efcc78f5f3a@group-DD854FF2EF03-StateMachineUpdater: snapshotIndex: updateIncreasingly -1 -> 0
2023-05-23 10:26:42,093 [cdf07a7b-95f7-44c3-8ae6-3efcc78f5f3a@group-475DBD44CB32-StateMachineUpdater] INFO  ratis.ContainerStateMachine (ContainerStateMachine.java:takeSnapshot(341)) - group-475DBD44CB32: Finished taking a snapshot at:(t:1, i:0) file:/home/runner/work/ozone/ozone/hadoop-ozone/integration-test/target/test-dir/MiniOzoneClusterImpl-00f23a18-bf09-4bf2-9950-b0f9dab58561/datanode-0/data/ratis/d97c19a0-75d1-4bc6-b3c9-475dbd44cb32/sm/snapshot.1_0 took: 1 ms
2023-05-23 10:26:42,093 [cdf07a7b-95f7-44c3-8ae6-3efcc78f5f3a-impl-thread3] INFO  server.RaftServer$Division (ServerState.java:close(472)) - cdf07a7b-95f7-44c3-8ae6-3efcc78f5f3a@group-DD854FF2EF03: closes. applyIndex: 0
2023-05-23 10:26:42,093 [cdf07a7b-95f7-44c3-8ae6-3efcc78f5f3a@group-475DBD44CB32-StateMachineUpdater] INFO  impl.StateMachineUpdater (StateMachineUpdater.java:takeSnapshot(291)) - cdf07a7b-95f7-44c3-8ae6-3efcc78f5f3a@group-475DBD44CB32-StateMachineUpdater: Took a snapshot at index 0
2023-05-23 10:26:42,093 [cdf07a7b-95f7-44c3-8ae6-3efcc78f5f3a@group-475DBD44CB32-StateMachineUpdater] INFO  impl.StateMachineUpdater (StateMachineUpdater.java:lambda$new$0(97)) - cdf07a7b-95f7-44c3-8ae6-3efcc78f5f3a@group-475DBD44CB32-StateMachineUpdater: snapshotIndex: updateIncreasingly -1 -> 0
2023-05-23 10:26:42,093 [cdf07a7b-95f7-44c3-8ae6-3efcc78f5f3a-impl-thread2] INFO  server.RaftServer$Division (ServerState.java:close(472)) - cdf07a7b-95f7-44c3-8ae6-3efcc78f5f3a@group-475DBD44CB32: closes. applyIndex: 0
2023-05-23 10:26:42,098 [grpc-default-executor-1] INFO  server.GrpcLogAppender (GrpcLogAppender.java:onCompleted(428)) - cdf07a7b-95f7-44c3-8ae6-3efcc78f5f3a@group-475DBD44CB32->9a8ecc75-319b-47a2-9433-72c1cc276f25-AppendLogResponseHandler: follower responses appendEntries COMPLETED
2023-05-23 10:26:42,101 [Thread-2073] INFO  server.GrpcServerProtocolClient (GrpcServerProtocolClient.java:close(103)) - 9a8ecc75-319b-47a2-9433-72c1cc276f25 Close channels
2023-05-23 10:26:42,102 [cdf07a7b-95f7-44c3-8ae6-3efcc78f5f3a-impl-thread1] INFO  server.RaftServer$Division (ServerState.java:close(472)) - cdf07a7b-95f7-44c3-8ae6-3efcc78f5f3a@group-47EE8FE3890D: closes. applyIndex: 5
2023-05-23 10:26:42,103 [Thread-2072] INFO  server.GrpcServerProtocolClient (GrpcServerProtocolClient.java:close(103)) - b898f15d-4860-47c9-8591-05c5a169db6c Close channels
2023-05-23 10:26:42,106 [Listener at 127.0.0.1/15148] INFO  server.GrpcService (GrpcService.java:closeImpl(320)) - cdf07a7b-95f7-44c3-8ae6-3efcc78f5f3a: shutdown server org.apache.ratis.grpc.server.GrpcClientProtocolService successfully
2023-05-23 10:26:42,106 [Listener at 127.0.0.1/15148] INFO  server.GrpcService (GrpcService.java:closeImpl(311)) - cdf07a7b-95f7-44c3-8ae6-3efcc78f5f3a: shutdown server GrpcServerProtocolService now
2023-05-23 10:26:42,108 [grpc-default-executor-0] WARN  server.GrpcServerProtocolService (LogUtils.java:warn(122)) - cdf07a7b-95f7-44c3-8ae6-3efcc78f5f3a: APPEND_ENTRIES onError, lastRequest: 9a8ecc75-319b-47a2-9433-72c1cc276f25->cdf07a7b-95f7-44c3-8ae6-3efcc78f5f3a#19-t1,previous=(t:1, i:5),leaderCommit=5,initializing? true,entries: size=1, first=(t:1, i:6), METADATAENTRY(c:5): org.apache.ratis.thirdparty.io.grpc.StatusRuntimeException: CANCELLED: client cancelled
2023-05-23 10:26:42,108 [grpc-default-executor-3] WARN  server.GrpcServerProtocolService (LogUtils.java:warn(122)) - cdf07a7b-95f7-44c3-8ae6-3efcc78f5f3a: APPEND_ENTRIES onError, lastRequest: null: org.apache.ratis.thirdparty.io.grpc.StatusRuntimeException: CANCELLED: client cancelled
2023-05-23 10:26:42,109 [grpc-default-executor-3] WARN  server.GrpcLogAppender (LogUtils.java:warn(122)) - 9a8ecc75-319b-47a2-9433-72c1cc276f25@group-47EE8FE3890D->cdf07a7b-95f7-44c3-8ae6-3efcc78f5f3a-AppendLogResponseHandler: Failed appendEntries: org.apache.ratis.thirdparty.io.grpc.StatusRuntimeException: CANCELLED: RST_STREAM closed stream. HTTP/2 error code: CANCEL
2023-05-23 10:26:42,109 [grpc-default-executor-3] INFO  leader.FollowerInfo (FollowerInfoImpl.java:lambda$new$0(52)) - 9a8ecc75-319b-47a2-9433-72c1cc276f25@group-47EE8FE3890D->cdf07a7b-95f7-44c3-8ae6-3efcc78f5f3a: decreaseNextIndex nextIndex: updateUnconditionally 7 -> 6
2023-05-23 10:26:42,109 [grpc-default-executor-6] WARN  server.GrpcLogAppender (LogUtils.java:warn(122)) - 9a8ecc75-319b-47a2-9433-72c1cc276f25@group-47EE8FE3890D->cdf07a7b-95f7-44c3-8ae6-3efcc78f5f3a-AppendLogResponseHandler: Failed appendEntries: org.apache.ratis.thirdparty.io.grpc.StatusRuntimeException: CANCELLED: RST_STREAM closed stream. HTTP/2 error code: CANCEL
2023-05-23 10:26:42,110 [grpc-default-executor-6] INFO  leader.FollowerInfo (FollowerInfoImpl.java:lambda$new$0(52)) - 9a8ecc75-319b-47a2-9433-72c1cc276f25@group-47EE8FE3890D->cdf07a7b-95f7-44c3-8ae6-3efcc78f5f3a: decreaseNextIndex nextIndex: updateUnconditionally 6 -> 5
2023-05-23 10:26:42,112 [Listener at 127.0.0.1/15148] INFO  server.GrpcService (GrpcService.java:closeImpl(320)) - cdf07a7b-95f7-44c3-8ae6-3efcc78f5f3a: shutdown server GrpcServerProtocolService successfully
2023-05-23 10:26:42,112 [Listener at 127.0.0.1/15148] INFO  server.GrpcService (GrpcService.java:closeImpl(311)) - cdf07a7b-95f7-44c3-8ae6-3efcc78f5f3a: shutdown server org.apache.ratis.grpc.server.GrpcAdminProtocolService now
2023-05-23 10:26:42,113 [Listener at 127.0.0.1/15148] INFO  server.GrpcService (GrpcService.java:closeImpl(320)) - cdf07a7b-95f7-44c3-8ae6-3efcc78f5f3a: shutdown server org.apache.ratis.grpc.server.GrpcAdminProtocolService successfully
2023-05-23 10:26:42,113 [cdf07a7b-95f7-44c3-8ae6-3efcc78f5f3a-NettyServerStreamRpc-bossGroup--thread1] INFO  logging.LoggingHandler (AbstractInternalLogger.java:log(148)) - [id: 0xcf7042b2, L:/0:0:0:0:0:0:0:0:15158] CLOSE
2023-05-23 10:26:42,113 [cdf07a7b-95f7-44c3-8ae6-3efcc78f5f3a-NettyServerStreamRpc-bossGroup--thread1] INFO  logging.LoggingHandler (AbstractInternalLogger.java:log(148)) - [id: 0xcf7042b2, L:/0:0:0:0:0:0:0:0:15158] INACTIVE
2023-05-23 10:26:42,114 [cdf07a7b-95f7-44c3-8ae6-3efcc78f5f3a-NettyServerStreamRpc-bossGroup--thread1] INFO  logging.LoggingHandler (AbstractInternalLogger.java:log(148)) - [id: 0xcf7042b2, L:/0:0:0:0:0:0:0:0:15158] UNREGISTERED
2023-05-23 10:26:42,544 [cdf07a7b-95f7-44c3-8ae6-3efcc78f5f3a-impl-thread2] INFO  segmented.SegmentedRaftLogWorker (SegmentedRaftLogWorker.java:close(252)) - cdf07a7b-95f7-44c3-8ae6-3efcc78f5f3a@group-475DBD44CB32-SegmentedRaftLogWorker close()
2023-05-23 10:26:42,655 [cdf07a7b-95f7-44c3-8ae6-3efcc78f5f3a-impl-thread3] INFO  segmented.SegmentedRaftLogWorker (SegmentedRaftLogWorker.java:close(252)) - cdf07a7b-95f7-44c3-8ae6-3efcc78f5f3a@group-DD854FF2EF03-SegmentedRaftLogWorker close()
2023-05-23 10:26:43,010 [cdf07a7b-95f7-44c3-8ae6-3efcc78f5f3a-impl-thread1] INFO  segmented.SegmentedRaftLogWorker (SegmentedRaftLogWorker.java:close(252)) - cdf07a7b-95f7-44c3-8ae6-3efcc78f5f3a@group-47EE8FE3890D-SegmentedRaftLogWorker close()
2023-05-23 10:26:43,013 [JvmPauseMonitor19] INFO  util.JvmPauseMonitor (JvmPauseMonitor.java:run(109)) - JvmPauseMonitor-cdf07a7b-95f7-44c3-8ae6-3efcc78f5f3a: Stopped
2023-05-23 10:26:43,075 [ReplicationMonitor] INFO  replication.ReplicationManager (ReplicationManager.java:processAll(403)) - Replication Monitor Thread took 1 milliseconds for processing 1 containers.
2023-05-23 10:26:44,075 [ReplicationMonitor] INFO  replication.ReplicationManager (ReplicationManager.java:processAll(403)) - Replication Monitor Thread took 0 milliseconds for processing 1 containers.
2023-05-23 10:26:44,517 [grpc-default-executor-0] WARN  server.GrpcLogAppender (LogUtils.java:warn(122)) - 9a8ecc75-319b-47a2-9433-72c1cc276f25@group-47EE8FE3890D->cdf07a7b-95f7-44c3-8ae6-3efcc78f5f3a-AppendLogResponseHandler: Failed appendEntries: org.apache.ratis.thirdparty.io.grpc.StatusRuntimeException: UNAVAILABLE: io exception
2023-05-23 10:26:44,517 [grpc-default-executor-0] INFO  leader.FollowerInfo (FollowerInfoImpl.java:lambda$new$0(52)) - 9a8ecc75-319b-47a2-9433-72c1cc276f25@group-47EE8FE3890D->cdf07a7b-95f7-44c3-8ae6-3efcc78f5f3a: decreaseNextIndex nextIndex: updateUnconditionally 5 -> 4
2023-05-23 10:26:44,518 [grpc-default-executor-2] WARN  server.GrpcLogAppender (LogUtils.java:warn(122)) - 9a8ecc75-319b-47a2-9433-72c1cc276f25@group-47EE8FE3890D->cdf07a7b-95f7-44c3-8ae6-3efcc78f5f3a-AppendLogResponseHandler: Failed appendEntries: org.apache.ratis.thirdparty.io.grpc.StatusRuntimeException: UNAVAILABLE: io exception
2023-05-23 10:26:44,518 [grpc-default-executor-2] INFO  leader.FollowerInfo (FollowerInfoImpl.java:lambda$new$0(52)) - 9a8ecc75-319b-47a2-9433-72c1cc276f25@group-47EE8FE3890D->cdf07a7b-95f7-44c3-8ae6-3efcc78f5f3a: decreaseNextIndex nextIndex: updateUnconditionally 4 -> 3
2023-05-23 10:26:44,520 [grpc-default-executor-2] WARN  server.GrpcLogAppender (LogUtils.java:warn(122)) - 9a8ecc75-319b-47a2-9433-72c1cc276f25@group-47EE8FE3890D->cdf07a7b-95f7-44c3-8ae6-3efcc78f5f3a-AppendLogResponseHandler: Failed appendEntries: org.apache.ratis.thirdparty.io.grpc.StatusRuntimeException: UNAVAILABLE: io exception
2023-05-23 10:26:44,520 [grpc-default-executor-0] WARN  server.GrpcLogAppender (LogUtils.java:warn(122)) - 9a8ecc75-319b-47a2-9433-72c1cc276f25@group-47EE8FE3890D->cdf07a7b-95f7-44c3-8ae6-3efcc78f5f3a-AppendLogResponseHandler: Failed appendEntries: org.apache.ratis.thirdparty.io.grpc.StatusRuntimeException: UNAVAILABLE: io exception
2023-05-23 10:26:44,520 [grpc-default-executor-2] INFO  leader.FollowerInfo (FollowerInfoImpl.java:lambda$new$0(52)) - 9a8ecc75-319b-47a2-9433-72c1cc276f25@group-47EE8FE3890D->cdf07a7b-95f7-44c3-8ae6-3efcc78f5f3a: decreaseNextIndex nextIndex: updateUnconditionally 4 -> 3
2023-05-23 10:26:44,520 [grpc-default-executor-0] INFO  leader.FollowerInfo (FollowerInfoImpl.java:lambda$new$0(52)) - 9a8ecc75-319b-47a2-9433-72c1cc276f25@group-47EE8FE3890D->cdf07a7b-95f7-44c3-8ae6-3efcc78f5f3a: decreaseNextIndex nextIndex: updateUnconditionally 3 -> 2
2023-05-23 10:26:44,521 [grpc-default-executor-0] WARN  server.GrpcLogAppender (LogUtils.java:warn(122)) - 9a8ecc75-319b-47a2-9433-72c1cc276f25@group-47EE8FE3890D->cdf07a7b-95f7-44c3-8ae6-3efcc78f5f3a-AppendLogResponseHandler: Failed appendEntries: org.apache.ratis.thirdparty.io.grpc.StatusRuntimeException: UNAVAILABLE: io exception
2023-05-23 10:26:44,521 [grpc-default-executor-0] INFO  leader.FollowerInfo (FollowerInfoImpl.java:lambda$new$0(52)) - 9a8ecc75-319b-47a2-9433-72c1cc276f25@group-47EE8FE3890D->cdf07a7b-95f7-44c3-8ae6-3efcc78f5f3a: decreaseNextIndex nextIndex: updateUnconditionally 3 -> 2
2023-05-23 10:26:44,526 [grpc-default-executor-2] WARN  server.GrpcLogAppender (LogUtils.java:warn(122)) - 9a8ecc75-319b-47a2-9433-72c1cc276f25@group-47EE8FE3890D->cdf07a7b-95f7-44c3-8ae6-3efcc78f5f3a-AppendLogResponseHandler: Failed appendEntries: org.apache.ratis.thirdparty.io.grpc.StatusRuntimeException: UNAVAILABLE: io exception
2023-05-23 10:26:44,528 [grpc-default-executor-2] INFO  leader.FollowerInfo (FollowerInfoImpl.java:lambda$new$0(52)) - 9a8ecc75-319b-47a2-9433-72c1cc276f25@group-47EE8FE3890D->cdf07a7b-95f7-44c3-8ae6-3efcc78f5f3a: decreaseNextIndex nextIndex: updateUnconditionally 2 -> 1
2023-05-23 10:26:45,016 [Listener at 127.0.0.1/15148] INFO  utils.DatanodeStoreCache (DatanodeStoreCache.java:shutdownCache(110)) - Skip clearing cache in mini cluster mode. Entries left: [/home/runner/work/ozone/ozone/hadoop-ozone/integration-test/target/test-dir/MiniOzoneClusterImpl-00f23a18-bf09-4bf2-9950-b0f9dab58561/datanode-0/data-0/containers/hdds/00f23a18-bf09-4bf2-9950-b0f9dab58561/DS-197cf097-cf54-490d-a1ba-1210227aac2c/container.db, /home/runner/work/ozone/ozone/hadoop-ozone/integration-test/target/test-dir/MiniOzoneClusterImpl-00f23a18-bf09-4bf2-9950-b0f9dab58561/datanode-1/data-0/containers/hdds/00f23a18-bf09-4bf2-9950-b0f9dab58561/DS-dc5daba4-9127-45d0-867c-23a48d099ede/container.db, /home/runner/work/ozone/ozone/hadoop-ozone/integration-test/target/test-dir/MiniOzoneClusterImpl-00f23a18-bf09-4bf2-9950-b0f9dab58561/datanode-2/data-0/containers/hdds/00f23a18-bf09-4bf2-9950-b0f9dab58561/DS-1529e075-6946-4f61-8ff0-097e4732d4b4/container.db, /home/runner/work/ozone/ozone/hadoop-ozone/integration-test/target/test-dir/MiniOzoneClusterImpl-00f23a18-bf09-4bf2-9950-b0f9dab58561/datanode-3/data-0/containers/hdds/00f23a18-bf09-4bf2-9950-b0f9dab58561/DS-f96bfacc-12bd-4fc4-b25c-9006d80b48ad/container.db, /home/runner/work/ozone/ozone/hadoop-ozone/integration-test/target/test-dir/MiniOzoneClusterImpl-00f23a18-bf09-4bf2-9950-b0f9dab58561/datanode-4/data-0/containers/hdds/00f23a18-bf09-4bf2-9950-b0f9dab58561/DS-32c5d4da-ea9e-4320-8757-6d7ede698b60/container.db]
2023-05-23 10:26:45,022 [Listener at 127.0.0.1/15148] INFO  utils.DatanodeStoreCache (DatanodeStoreCache.java:removeDB(104)) - Removed db /home/runner/work/ozone/ozone/hadoop-ozone/integration-test/target/test-dir/MiniOzoneClusterImpl-00f23a18-bf09-4bf2-9950-b0f9dab58561/datanode-0/data-0/containers/hdds/00f23a18-bf09-4bf2-9950-b0f9dab58561/DS-197cf097-cf54-490d-a1ba-1210227aac2c/container.db from cache
2023-05-23 10:26:45,022 [Listener at 127.0.0.1/15148] INFO  volume.HddsVolume (HddsVolume.java:closeDbStore(437)) - SchemaV3 db is stopped at /home/runner/work/ozone/ozone/hadoop-ozone/integration-test/target/test-dir/MiniOzoneClusterImpl-00f23a18-bf09-4bf2-9950-b0f9dab58561/datanode-0/data-0/containers/hdds/00f23a18-bf09-4bf2-9950-b0f9dab58561/DS-197cf097-cf54-490d-a1ba-1210227aac2c/container.db for volume DS-197cf097-cf54-490d-a1ba-1210227aac2c
2023-05-23 10:26:45,022 [Listener at 127.0.0.1/15148] INFO  utils.BackgroundService (BackgroundService.java:shutdown(141)) - Shutting down service BlockDeletingService
2023-05-23 10:26:45,022 [Listener at 127.0.0.1/15148] INFO  utils.BackgroundService (BackgroundService.java:shutdown(141)) - Shutting down service StaleRecoveringContainerScrubbingService
2023-05-23 10:26:45,025 [Listener at 127.0.0.1/15148] INFO  statemachine.DatanodeStateMachine (DatanodeStateMachine.java:stopDaemon(608)) - Ozone container server stopped.
2023-05-23 10:26:45,035 [Listener at 127.0.0.1/15148] INFO  handler.ContextHandler (ContextHandler.java:doStop(1159)) - Stopped o.e.j.w.WebAppContext@1d9ec135{hddsDatanode,/,null,STOPPED}{jar:file:/home/runner/.m2/repository/org/apache/ozone/hdds-container-service/1.4.0-SNAPSHOT/hdds-container-service-1.4.0-SNAPSHOT.jar!/webapps/hddsDatanode}
2023-05-23 10:26:45,036 [Listener at 127.0.0.1/15148] INFO  server.AbstractConnector (AbstractConnector.java:doStop(383)) - Stopped ServerConnector@a8288bf{HTTP/1.1, (http/1.1)}{0.0.0.0:15153}
2023-05-23 10:26:45,036 [Listener at 127.0.0.1/15148] INFO  server.session (HouseKeeper.java:stopScavenging(149)) - node0 Stopped scavenging
2023-05-23 10:26:45,036 [Listener at 127.0.0.1/15148] INFO  handler.ContextHandler (ContextHandler.java:doStop(1159)) - Stopped o.e.j.s.ServletContextHandler@2f3166ca{static,/static,jar:file:/home/runner/.m2/repository/org/apache/ozone/hdds-container-service/1.4.0-SNAPSHOT/hdds-container-service-1.4.0-SNAPSHOT.jar!/webapps/static,STOPPED}
2023-05-23 10:26:45,036 [Listener at 127.0.0.1/15148] INFO  handler.ContextHandler (ContextHandler.java:doStop(1159)) - Stopped o.e.j.s.ServletContextHandler@7c7e97fb{logs,/logs,file:///home/runner/work/ozone/ozone/hadoop-ozone/integration-test/target/log,STOPPED}
2023-05-23 10:26:45,038 [Listener at 127.0.0.1/15148] INFO  container.TestHelper (TestHelper.java:countReplicas(423)) - Container 1 has 3 replicas on [9a8ecc75-319b-47a2-9433-72c1cc276f25, b898f15d-4860-47c9-8591-05c5a169db6c, cdf07a7b-95f7-44c3-8ae6-3efcc78f5f3a]
2023-05-23 10:26:45,076 [ReplicationMonitor] INFO  replication.ReplicationManager (ReplicationManager.java:processAll(403)) - Replication Monitor Thread took 1 milliseconds for processing 1 containers.
2023-05-23 10:26:45,107 [EventQueue-StaleNodeForStaleNodeHandler] INFO  node.StaleNodeHandler (StaleNodeHandler.java:onMessage(59)) - Datanode cdf07a7b-95f7-44c3-8ae6-3efcc78f5f3a(fv-az1249-304/10.1.0.38) moved to stale state. Finalizing its pipelines [PipelineID=44ca2403-c84d-4390-9476-47ee8fe3890d, PipelineID=d97c19a0-75d1-4bc6-b3c9-475dbd44cb32, PipelineID=f61c0586-a0e4-49bf-8d0e-dd854ff2ef03]
2023-05-23 10:26:45,108 [EventQueue-StaleNodeForStaleNodeHandler] INFO  pipeline.PipelineManagerImpl (PipelineManagerImpl.java:closePipeline(442)) - Pipeline Pipeline[ Id: 44ca2403-c84d-4390-9476-47ee8fe3890d, Nodes: cdf07a7b-95f7-44c3-8ae6-3efcc78f5f3a(fv-az1249-304/10.1.0.38)9a8ecc75-319b-47a2-9433-72c1cc276f25(fv-az1249-304/10.1.0.38)b898f15d-4860-47c9-8591-05c5a169db6c(fv-az1249-304/10.1.0.38), ReplicationConfig: RATIS/THREE, State:OPEN, leaderId:9a8ecc75-319b-47a2-9433-72c1cc276f25, CreationTimestamp2023-05-23T10:26:23.133Z[Etc/UTC]] moved to CLOSED state
2023-05-23 10:26:45,108 [EventQueue-StaleNodeForStaleNodeHandler] INFO  pipeline.PipelineManagerImpl (PipelineManagerImpl.java:closePipeline(442)) - Pipeline Pipeline[ Id: d97c19a0-75d1-4bc6-b3c9-475dbd44cb32, Nodes: cdf07a7b-95f7-44c3-8ae6-3efcc78f5f3a(fv-az1249-304/10.1.0.38)9a8ecc75-319b-47a2-9433-72c1cc276f25(fv-az1249-304/10.1.0.38)b898f15d-4860-47c9-8591-05c5a169db6c(fv-az1249-304/10.1.0.38), ReplicationConfig: RATIS/THREE, State:OPEN, leaderId:cdf07a7b-95f7-44c3-8ae6-3efcc78f5f3a, CreationTimestamp2023-05-23T10:26:23.132Z[Etc/UTC]] moved to CLOSED state
2023-05-23 10:26:45,109 [EventQueue-StaleNodeForStaleNodeHandler] INFO  pipeline.PipelineManagerImpl (PipelineManagerImpl.java:closePipeline(442)) - Pipeline Pipeline[ Id: f61c0586-a0e4-49bf-8d0e-dd854ff2ef03, Nodes: cdf07a7b-95f7-44c3-8ae6-3efcc78f5f3a(fv-az1249-304/10.1.0.38), ReplicationConfig: RATIS/ONE, State:OPEN, leaderId:cdf07a7b-95f7-44c3-8ae6-3efcc78f5f3a, CreationTimestamp2023-05-23T10:26:22.447Z[Etc/UTC]] moved to CLOSED state
2023-05-23 10:26:45,762 [grpc-default-executor-2] WARN  server.GrpcLogAppender (LogUtils.java:warn(122)) - 9a8ecc75-319b-47a2-9433-72c1cc276f25@group-47EE8FE3890D->cdf07a7b-95f7-44c3-8ae6-3efcc78f5f3a-AppendLogResponseHandler: Failed appendEntries: org.apache.ratis.thirdparty.io.grpc.StatusRuntimeException: UNAVAILABLE: io exception
2023-05-23 10:26:45,762 [grpc-default-executor-0] WARN  server.GrpcLogAppender (LogUtils.java:warn(122)) - 9a8ecc75-319b-47a2-9433-72c1cc276f25@group-47EE8FE3890D->cdf07a7b-95f7-44c3-8ae6-3efcc78f5f3a-AppendLogResponseHandler: Failed appendEntries: org.apache.ratis.thirdparty.io.grpc.StatusRuntimeException: UNAVAILABLE: io exception
2023-05-23 10:26:45,763 [grpc-default-executor-2] INFO  leader.FollowerInfo (FollowerInfoImpl.java:lambda$new$0(52)) - 9a8ecc75-319b-47a2-9433-72c1cc276f25@group-47EE8FE3890D->cdf07a7b-95f7-44c3-8ae6-3efcc78f5f3a: decreaseNextIndex nextIndex: updateUnconditionally 1 -> 0
2023-05-23 10:26:45,772 [grpc-default-executor-0] WARN  server.GrpcLogAppender (LogUtils.java:warn(122)) - 9a8ecc75-319b-47a2-9433-72c1cc276f25@group-47EE8FE3890D->cdf07a7b-95f7-44c3-8ae6-3efcc78f5f3a-AppendLogResponseHandler: Failed appendEntries: org.apache.ratis.thirdparty.io.grpc.StatusRuntimeException: UNAVAILABLE: io exception
2023-05-23 10:26:45,773 [grpc-default-executor-0] INFO  leader.FollowerInfo (FollowerInfoImpl.java:lambda$new$0(52)) - 9a8ecc75-319b-47a2-9433-72c1cc276f25@group-47EE8FE3890D->cdf07a7b-95f7-44c3-8ae6-3efcc78f5f3a: decreaseNextIndex nextIndex: updateUnconditionally 1 -> 0
2023-05-23 10:26:45,774 [grpc-default-executor-2] WARN  server.GrpcLogAppender (LogUtils.java:warn(122)) - 9a8ecc75-319b-47a2-9433-72c1cc276f25@group-47EE8FE3890D->cdf07a7b-95f7-44c3-8ae6-3efcc78f5f3a-AppendLogResponseHandler: Failed appendEntries: org.apache.ratis.thirdparty.io.grpc.StatusRuntimeException: UNAVAILABLE: io exception
2023-05-23 10:26:45,787 [9a8ecc75-319b-47a2-9433-72c1cc276f25@group-475DBD44CB32-FollowerState] INFO  impl.FollowerState (FollowerState.java:run(143)) - 9a8ecc75-319b-47a2-9433-72c1cc276f25@group-475DBD44CB32-FollowerState: change to CANDIDATE, lastRpcElapsedTime:5207258804ns, electionTimeout:5070ms
2023-05-23 10:26:45,787 [9a8ecc75-319b-47a2-9433-72c1cc276f25@group-475DBD44CB32-FollowerState] INFO  impl.RoleInfo (RoleInfo.java:shutdownFollowerState(110)) - 9a8ecc75-319b-47a2-9433-72c1cc276f25: shutdown 9a8ecc75-319b-47a2-9433-72c1cc276f25@group-475DBD44CB32-FollowerState
2023-05-23 10:26:45,787 [9a8ecc75-319b-47a2-9433-72c1cc276f25@group-475DBD44CB32-FollowerState] INFO  server.RaftServer$Division (RaftServerImpl.java:setRole(329)) - 9a8ecc75-319b-47a2-9433-72c1cc276f25@group-475DBD44CB32: changes role from  FOLLOWER to CANDIDATE at term 1 for changeToCandidate
2023-05-23 10:26:45,787 [9a8ecc75-319b-47a2-9433-72c1cc276f25@group-475DBD44CB32-FollowerState] INFO  server.RaftServerConfigKeys (ConfUtils.java:logGet(46)) - raft.server.leaderelection.pre-vote = true (default)
2023-05-23 10:26:45,787 [9a8ecc75-319b-47a2-9433-72c1cc276f25@group-475DBD44CB32-FollowerState] INFO  impl.RoleInfo (RoleInfo.java:updateAndGet(139)) - 9a8ecc75-319b-47a2-9433-72c1cc276f25: start 9a8ecc75-319b-47a2-9433-72c1cc276f25@group-475DBD44CB32-LeaderElection42
2023-05-23 10:26:45,789 [9a8ecc75-319b-47a2-9433-72c1cc276f25@group-475DBD44CB32-LeaderElection42] INFO  server.RaftServer$Division (ServerState.java:setLeader(317)) - 9a8ecc75-319b-47a2-9433-72c1cc276f25@group-475DBD44CB32: change Leader from cdf07a7b-95f7-44c3-8ae6-3efcc78f5f3a to null at term 1 for PRE_VOTE
2023-05-23 10:26:45,789 [9a8ecc75-319b-47a2-9433-72c1cc276f25@group-475DBD44CB32-LeaderElection42] INFO  impl.LeaderElection (LeaderElection.java:askForVotes(321)) - 9a8ecc75-319b-47a2-9433-72c1cc276f25@group-475DBD44CB32-LeaderElection42 PRE_VOTE round 0: submit vote requests at term 1 for 0: peers:[b898f15d-4860-47c9-8591-05c5a169db6c|rpc:10.1.0.38:15173|admin:10.1.0.38:15172|client:10.1.0.38:15171|dataStream:10.1.0.38:15174|priority:0|startupRole:FOLLOWER, cdf07a7b-95f7-44c3-8ae6-3efcc78f5f3a|rpc:10.1.0.38:15157|admin:10.1.0.38:15156|client:10.1.0.38:15155|dataStream:10.1.0.38:15158|priority:1|startupRole:FOLLOWER, 9a8ecc75-319b-47a2-9433-72c1cc276f25|rpc:10.1.0.38:15165|admin:10.1.0.38:15164|client:10.1.0.38:15163|dataStream:10.1.0.38:15166|priority:0|startupRole:FOLLOWER]|listeners:[], old=null
2023-05-23 10:26:45,790 [9a8ecc75-319b-47a2-9433-72c1cc276f25@group-475DBD44CB32-LeaderElection42] INFO  impl.LeaderElection (LogUtils.java:infoOrTrace(137)) - 9a8ecc75-319b-47a2-9433-72c1cc276f25@group-475DBD44CB32-LeaderElection42 got exception when requesting votes: java.util.concurrent.ExecutionException: org.apache.ratis.thirdparty.io.grpc.StatusRuntimeException: UNAVAILABLE: io exception
2023-05-23 10:26:45,792 [grpc-default-executor-2] INFO  server.RaftServer$Division (RaftServerImpl.java:requestVote(1302)) - b898f15d-4860-47c9-8591-05c5a169db6c@group-475DBD44CB32: receive requestVote(PRE_VOTE, 9a8ecc75-319b-47a2-9433-72c1cc276f25, group-475DBD44CB32, 1, (t:1, i:0))
2023-05-23 10:26:45,792 [grpc-default-executor-2] INFO  impl.VoteContext (VoteContext.java:log(49)) - b898f15d-4860-47c9-8591-05c5a169db6c@group-475DBD44CB32-FOLLOWER: accept PRE_VOTE from 9a8ecc75-319b-47a2-9433-72c1cc276f25: our priority 0 <= candidate's priority 0
2023-05-23 10:26:45,793 [grpc-default-executor-2] INFO  server.RaftServer$Division (RaftServerImpl.java:requestVote(1335)) - b898f15d-4860-47c9-8591-05c5a169db6c@group-475DBD44CB32 replies to PRE_VOTE vote request: 9a8ecc75-319b-47a2-9433-72c1cc276f25<-b898f15d-4860-47c9-8591-05c5a169db6c#0:OK-t1. Peer's state: b898f15d-4860-47c9-8591-05c5a169db6c@group-475DBD44CB32:t1, leader=cdf07a7b-95f7-44c3-8ae6-3efcc78f5f3a, voted=cdf07a7b-95f7-44c3-8ae6-3efcc78f5f3a, raftlog=Memoized:b898f15d-4860-47c9-8591-05c5a169db6c@group-475DBD44CB32-SegmentedRaftLog:OPENED:c0, conf=0: peers:[b898f15d-4860-47c9-8591-05c5a169db6c|rpc:10.1.0.38:15173|admin:10.1.0.38:15172|client:10.1.0.38:15171|dataStream:10.1.0.38:15174|priority:0|startupRole:FOLLOWER, cdf07a7b-95f7-44c3-8ae6-3efcc78f5f3a|rpc:10.1.0.38:15157|admin:10.1.0.38:15156|client:10.1.0.38:15155|dataStream:10.1.0.38:15158|priority:1|startupRole:FOLLOWER, 9a8ecc75-319b-47a2-9433-72c1cc276f25|rpc:10.1.0.38:15165|admin:10.1.0.38:15164|client:10.1.0.38:15163|dataStream:10.1.0.38:15166|priority:0|startupRole:FOLLOWER]|listeners:[], old=null
2023-05-23 10:26:45,793 [9a8ecc75-319b-47a2-9433-72c1cc276f25@group-475DBD44CB32-LeaderElection42] INFO  impl.LeaderElection (LeaderElection.java:logAndReturn(90)) - 9a8ecc75-319b-47a2-9433-72c1cc276f25@group-475DBD44CB32-LeaderElection42: PRE_VOTE PASSED received 1 response(s) and 1 exception(s):
2023-05-23 10:26:45,794 [9a8ecc75-319b-47a2-9433-72c1cc276f25@group-475DBD44CB32-LeaderElection42] INFO  impl.LeaderElection (LeaderElection.java:logAndReturn(94)) -   Response 0: 9a8ecc75-319b-47a2-9433-72c1cc276f25<-b898f15d-4860-47c9-8591-05c5a169db6c#0:OK-t1
2023-05-23 10:26:45,794 [9a8ecc75-319b-47a2-9433-72c1cc276f25@group-475DBD44CB32-LeaderElection42] INFO  impl.LeaderElection (LogUtils.java:infoOrTrace(137)) -   Exception 1: java.util.concurrent.ExecutionException: org.apache.ratis.thirdparty.io.grpc.StatusRuntimeException: UNAVAILABLE: io exception
2023-05-23 10:26:45,794 [9a8ecc75-319b-47a2-9433-72c1cc276f25@group-475DBD44CB32-LeaderElection42] INFO  impl.LeaderElection (LeaderElection.java:askForVotes(323)) - 9a8ecc75-319b-47a2-9433-72c1cc276f25@group-475DBD44CB32-LeaderElection42 PRE_VOTE round 0: result PASSED
2023-05-23 10:26:45,796 [9a8ecc75-319b-47a2-9433-72c1cc276f25@group-475DBD44CB32-LeaderElection42] INFO  impl.LeaderElection (LeaderElection.java:askForVotes(321)) - 9a8ecc75-319b-47a2-9433-72c1cc276f25@group-475DBD44CB32-LeaderElection42 ELECTION round 0: submit vote requests at term 2 for 0: peers:[b898f15d-4860-47c9-8591-05c5a169db6c|rpc:10.1.0.38:15173|admin:10.1.0.38:15172|client:10.1.0.38:15171|dataStream:10.1.0.38:15174|priority:0|startupRole:FOLLOWER, cdf07a7b-95f7-44c3-8ae6-3efcc78f5f3a|rpc:10.1.0.38:15157|admin:10.1.0.38:15156|client:10.1.0.38:15155|dataStream:10.1.0.38:15158|priority:1|startupRole:FOLLOWER, 9a8ecc75-319b-47a2-9433-72c1cc276f25|rpc:10.1.0.38:15165|admin:10.1.0.38:15164|client:10.1.0.38:15163|dataStream:10.1.0.38:15166|priority:0|startupRole:FOLLOWER]|listeners:[], old=null
2023-05-23 10:26:45,797 [9a8ecc75-319b-47a2-9433-72c1cc276f25@group-475DBD44CB32-LeaderElection42] INFO  impl.LeaderElection (LogUtils.java:infoOrTrace(137)) - 9a8ecc75-319b-47a2-9433-72c1cc276f25@group-475DBD44CB32-LeaderElection42 got exception when requesting votes: java.util.concurrent.ExecutionException: org.apache.ratis.thirdparty.io.grpc.StatusRuntimeException: UNAVAILABLE: io exception
2023-05-23 10:26:45,798 [grpc-default-executor-2] INFO  server.RaftServer$Division (RaftServerImpl.java:requestVote(1302)) - b898f15d-4860-47c9-8591-05c5a169db6c@group-475DBD44CB32: receive requestVote(ELECTION, 9a8ecc75-319b-47a2-9433-72c1cc276f25, group-475DBD44CB32, 2, (t:1, i:0))
2023-05-23 10:26:45,798 [grpc-default-executor-2] INFO  impl.VoteContext (VoteContext.java:log(49)) - b898f15d-4860-47c9-8591-05c5a169db6c@group-475DBD44CB32-FOLLOWER: accept ELECTION from 9a8ecc75-319b-47a2-9433-72c1cc276f25: our priority 0 <= candidate's priority 0
2023-05-23 10:26:45,798 [grpc-default-executor-2] INFO  server.RaftServer$Division (ServerState.java:setLeader(317)) - b898f15d-4860-47c9-8591-05c5a169db6c@group-475DBD44CB32: change Leader from cdf07a7b-95f7-44c3-8ae6-3efcc78f5f3a to null at term 2 for updateCurrentTerm
2023-05-23 10:26:45,798 [grpc-default-executor-2] INFO  server.RaftServer$Division (RaftServerImpl.java:setRole(329)) - b898f15d-4860-47c9-8591-05c5a169db6c@group-475DBD44CB32: changes role from  FOLLOWER to FOLLOWER at term 2 for candidate:9a8ecc75-319b-47a2-9433-72c1cc276f25
2023-05-23 10:26:45,798 [grpc-default-executor-2] INFO  impl.RoleInfo (RoleInfo.java:shutdownFollowerState(110)) - b898f15d-4860-47c9-8591-05c5a169db6c: shutdown b898f15d-4860-47c9-8591-05c5a169db6c@group-475DBD44CB32-FollowerState
2023-05-23 10:26:45,798 [grpc-default-executor-2] INFO  impl.RoleInfo (RoleInfo.java:updateAndGet(139)) - b898f15d-4860-47c9-8591-05c5a169db6c: start b898f15d-4860-47c9-8591-05c5a169db6c@group-475DBD44CB32-FollowerState
2023-05-23 10:26:45,799 [b898f15d-4860-47c9-8591-05c5a169db6c@group-475DBD44CB32-FollowerState] INFO  impl.FollowerState (FollowerState.java:run(152)) - b898f15d-4860-47c9-8591-05c5a169db6c@group-475DBD44CB32-FollowerState was interrupted
2023-05-23 10:26:45,801 [grpc-default-executor-2] INFO  server.RaftServer$Division (RaftServerImpl.java:requestVote(1335)) - b898f15d-4860-47c9-8591-05c5a169db6c@group-475DBD44CB32 replies to ELECTION vote request: 9a8ecc75-319b-47a2-9433-72c1cc276f25<-b898f15d-4860-47c9-8591-05c5a169db6c#0:OK-t2. Peer's state: b898f15d-4860-47c9-8591-05c5a169db6c@group-475DBD44CB32:t2, leader=null, voted=9a8ecc75-319b-47a2-9433-72c1cc276f25, raftlog=Memoized:b898f15d-4860-47c9-8591-05c5a169db6c@group-475DBD44CB32-SegmentedRaftLog:OPENED:c0, conf=0: peers:[b898f15d-4860-47c9-8591-05c5a169db6c|rpc:10.1.0.38:15173|admin:10.1.0.38:15172|client:10.1.0.38:15171|dataStream:10.1.0.38:15174|priority:0|startupRole:FOLLOWER, cdf07a7b-95f7-44c3-8ae6-3efcc78f5f3a|rpc:10.1.0.38:15157|admin:10.1.0.38:15156|client:10.1.0.38:15155|dataStream:10.1.0.38:15158|priority:1|startupRole:FOLLOWER, 9a8ecc75-319b-47a2-9433-72c1cc276f25|rpc:10.1.0.38:15165|admin:10.1.0.38:15164|client:10.1.0.38:15163|dataStream:10.1.0.38:15166|priority:0|startupRole:FOLLOWER]|listeners:[], old=null
2023-05-23 10:26:45,802 [9a8ecc75-319b-47a2-9433-72c1cc276f25@group-475DBD44CB32-LeaderElection42] INFO  impl.LeaderElection (LeaderElection.java:logAndReturn(90)) - 9a8ecc75-319b-47a2-9433-72c1cc276f25@group-475DBD44CB32-LeaderElection42: ELECTION PASSED received 1 response(s) and 1 exception(s):
2023-05-23 10:26:45,802 [9a8ecc75-319b-47a2-9433-72c1cc276f25@group-475DBD44CB32-LeaderElection42] INFO  impl.LeaderElection (LeaderElection.java:logAndReturn(94)) -   Response 0: 9a8ecc75-319b-47a2-9433-72c1cc276f25<-b898f15d-4860-47c9-8591-05c5a169db6c#0:OK-t2
2023-05-23 10:26:45,802 [9a8ecc75-319b-47a2-9433-72c1cc276f25@group-475DBD44CB32-LeaderElection42] INFO  impl.LeaderElection (LogUtils.java:infoOrTrace(137)) -   Exception 1: java.util.concurrent.ExecutionException: org.apache.ratis.thirdparty.io.grpc.StatusRuntimeException: UNAVAILABLE: io exception
2023-05-23 10:26:45,802 [9a8ecc75-319b-47a2-9433-72c1cc276f25@group-475DBD44CB32-LeaderElection42] INFO  impl.LeaderElection (LeaderElection.java:askForVotes(323)) - 9a8ecc75-319b-47a2-9433-72c1cc276f25@group-475DBD44CB32-LeaderElection42 ELECTION round 0: result PASSED
2023-05-23 10:26:45,802 [9a8ecc75-319b-47a2-9433-72c1cc276f25@group-475DBD44CB32-LeaderElection42] INFO  impl.RoleInfo (RoleInfo.java:shutdownLeaderElection(130)) - 9a8ecc75-319b-47a2-9433-72c1cc276f25: shutdown 9a8ecc75-319b-47a2-9433-72c1cc276f25@group-475DBD44CB32-LeaderElection42
2023-05-23 10:26:45,802 [9a8ecc75-319b-47a2-9433-72c1cc276f25@group-475DBD44CB32-LeaderElection42] INFO  server.RaftServer$Division (RaftServerImpl.java:setRole(329)) - 9a8ecc75-319b-47a2-9433-72c1cc276f25@group-475DBD44CB32: changes role from CANDIDATE to LEADER at term 2 for changeToLeader
2023-05-23 10:26:45,802 [9a8ecc75-319b-47a2-9433-72c1cc276f25@group-475DBD44CB32-LeaderElection42] INFO  ratis.XceiverServerRatis (XceiverServerRatis.java:handleLeaderChangedNotification(904)) - Leader change notification received for group: group-475DBD44CB32 with new leaderId: 9a8ecc75-319b-47a2-9433-72c1cc276f25
2023-05-23 10:26:45,802 [9a8ecc75-319b-47a2-9433-72c1cc276f25@group-475DBD44CB32-LeaderElection42] INFO  server.RaftServer$Division (ServerState.java:setLeader(317)) - 9a8ecc75-319b-47a2-9433-72c1cc276f25@group-475DBD44CB32: change Leader from null to 9a8ecc75-319b-47a2-9433-72c1cc276f25 at term 2 for becomeLeader, leader elected after 13ms
2023-05-23 10:26:45,802 [9a8ecc75-319b-47a2-9433-72c1cc276f25@group-475DBD44CB32-LeaderElection42] INFO  server.RaftServerConfigKeys (ConfUtils.java:logGet(46)) - raft.server.staging.catchup.gap = 1000 (default)
2023-05-23 10:26:45,802 [9a8ecc75-319b-47a2-9433-72c1cc276f25@group-475DBD44CB32-LeaderElection42] INFO  server.RaftServerConfigKeys (ConfUtils.java:logGet(46)) - raft.server.write.element-limit = 1024 (custom)
2023-05-23 10:26:45,802 [9a8ecc75-319b-47a2-9433-72c1cc276f25@group-475DBD44CB32-LeaderElection42] INFO  server.RaftServerConfigKeys (ConfUtils.java:logGet(46)) - raft.server.write.byte-limit = 1024 M (=1073741824) (custom)
2023-05-23 10:26:45,803 [9a8ecc75-319b-47a2-9433-72c1cc276f25@group-475DBD44CB32-LeaderElection42] INFO  server.RaftServerConfigKeys (ConfUtils.java:logGet(46)) - raft.server.watch.timeout = 180s (custom)
2023-05-23 10:26:45,803 [9a8ecc75-319b-47a2-9433-72c1cc276f25@group-475DBD44CB32-LeaderElection42] INFO  server.RaftServerConfigKeys (ConfUtils.java:logGet(46)) - raft.server.watch.timeout.denomination = 1s (default)
2023-05-23 10:26:45,803 [9a8ecc75-319b-47a2-9433-72c1cc276f25@group-475DBD44CB32-LeaderElection42] INFO  server.RaftServerConfigKeys (ConfUtils.java:logGet(46)) - raft.server.watch.element-limit = 65536 (default)
2023-05-23 10:26:45,803 [9a8ecc75-319b-47a2-9433-72c1cc276f25@group-475DBD44CB32-LeaderElection42] INFO  server.RaftServerConfigKeys (ConfUtils.java:logGet(46)) - raft.server.write.element-limit = 1024 (custom)
2023-05-23 10:26:45,803 [9a8ecc75-319b-47a2-9433-72c1cc276f25@group-475DBD44CB32-LeaderElection42] INFO  server.RaftServerConfigKeys (ConfUtils.java:logGet(46)) - raft.server.write.follower.gap.ratio.max = -1.0 (default)
2023-05-23 10:26:45,803 [9a8ecc75-319b-47a2-9433-72c1cc276f25@group-475DBD44CB32-LeaderElection42] INFO  server.RaftServerConfigKeys (ConfUtils.java:logGet(46)) - raft.server.log.appender.snapshot.chunk.size.max = 16MB (=16777216) (default)
2023-05-23 10:26:45,803 [9a8ecc75-319b-47a2-9433-72c1cc276f25@group-475DBD44CB32-LeaderElection42] INFO  server.RaftServerConfigKeys (ConfUtils.java:logGet(46)) - raft.server.log.appender.buffer.byte-limit = 33554432 (custom)
2023-05-23 10:26:45,803 [9a8ecc75-319b-47a2-9433-72c1cc276f25@group-475DBD44CB32-LeaderElection42] INFO  server.RaftServerConfigKeys (ConfUtils.java:logGet(46)) - raft.server.log.appender.buffer.element-limit = 1 (custom)
2023-05-23 10:26:45,803 [9a8ecc75-319b-47a2-9433-72c1cc276f25@group-475DBD44CB32-LeaderElection42] INFO  server.RaftServerConfigKeys (ConfUtils.java:logGet(46)) - raft.server.log.appender.wait-time.min = 10ms (default)
2023-05-23 10:26:45,804 [9a8ecc75-319b-47a2-9433-72c1cc276f25@group-475DBD44CB32-LeaderElection42] INFO  grpc.GrpcConfigKeys (ConfUtils.java:logGet(46)) - raft.grpc.server.leader.outstanding.appends.max = 128 (default)
2023-05-23 10:26:45,804 [9a8ecc75-319b-47a2-9433-72c1cc276f25@group-475DBD44CB32-LeaderElection42] INFO  server.RaftServerConfigKeys (ConfUtils.java:logGet(46)) - raft.server.rpc.request.timeout = 60s (custom)
2023-05-23 10:26:45,804 [9a8ecc75-319b-47a2-9433-72c1cc276f25@group-475DBD44CB32-LeaderElection42] INFO  grpc.GrpcConfigKeys (ConfUtils.java:logGet(46)) - raft.grpc.server.install_snapshot.request.element-limit = 8 (default)
2023-05-23 10:26:45,804 [9a8ecc75-319b-47a2-9433-72c1cc276f25@group-475DBD44CB32-LeaderElection42] INFO  grpc.GrpcConfigKeys (ConfUtils.java:logGet(46)) - raft.grpc.server.install_snapshot.request.timeout = 3000ms (default)
2023-05-23 10:26:45,804 [9a8ecc75-319b-47a2-9433-72c1cc276f25@group-475DBD44CB32-LeaderElection42] INFO  server.RaftServerConfigKeys (ConfUtils.java:logGet(46)) - raft.server.log.appender.install.snapshot.enabled = false (custom)
2023-05-23 10:26:45,804 [9a8ecc75-319b-47a2-9433-72c1cc276f25@group-475DBD44CB32-LeaderElection42] INFO  grpc.GrpcConfigKeys (ConfUtils.java:logGet(46)) - raft.grpc.server.heartbeat.channel = true (default)
2023-05-23 10:26:45,804 [9a8ecc75-319b-47a2-9433-72c1cc276f25@group-475DBD44CB32-LeaderElection42] INFO  server.RaftServerConfigKeys (ConfUtils.java:logGet(46)) - raft.server.log.appender.snapshot.chunk.size.max = 16MB (=16777216) (default)
2023-05-23 10:26:45,804 [9a8ecc75-319b-47a2-9433-72c1cc276f25@group-475DBD44CB32-LeaderElection42] INFO  server.RaftServerConfigKeys (ConfUtils.java:logGet(46)) - raft.server.log.appender.buffer.byte-limit = 33554432 (custom)
2023-05-23 10:26:45,804 [9a8ecc75-319b-47a2-9433-72c1cc276f25@group-475DBD44CB32-LeaderElection42] INFO  server.RaftServerConfigKeys (ConfUtils.java:logGet(46)) - raft.server.log.appender.buffer.element-limit = 1 (custom)
2023-05-23 10:26:45,804 [9a8ecc75-319b-47a2-9433-72c1cc276f25@group-475DBD44CB32-LeaderElection42] INFO  server.RaftServerConfigKeys (ConfUtils.java:logGet(46)) - raft.server.log.appender.wait-time.min = 10ms (default)
2023-05-23 10:26:45,804 [9a8ecc75-319b-47a2-9433-72c1cc276f25@group-475DBD44CB32-LeaderElection42] INFO  grpc.GrpcConfigKeys (ConfUtils.java:logGet(46)) - raft.grpc.server.leader.outstanding.appends.max = 128 (default)
2023-05-23 10:26:45,805 [9a8ecc75-319b-47a2-9433-72c1cc276f25@group-475DBD44CB32-LeaderElection42] INFO  server.RaftServerConfigKeys (ConfUtils.java:logGet(46)) - raft.server.rpc.request.timeout = 60s (custom)
2023-05-23 10:26:45,805 [9a8ecc75-319b-47a2-9433-72c1cc276f25@group-475DBD44CB32-LeaderElection42] INFO  grpc.GrpcConfigKeys (ConfUtils.java:logGet(46)) - raft.grpc.server.install_snapshot.request.element-limit = 8 (default)
2023-05-23 10:26:45,805 [9a8ecc75-319b-47a2-9433-72c1cc276f25@group-475DBD44CB32-LeaderElection42] INFO  grpc.GrpcConfigKeys (ConfUtils.java:logGet(46)) - raft.grpc.server.install_snapshot.request.timeout = 3000ms (default)
2023-05-23 10:26:45,805 [9a8ecc75-319b-47a2-9433-72c1cc276f25@group-475DBD44CB32-LeaderElection42] INFO  server.RaftServerConfigKeys (ConfUtils.java:logGet(46)) - raft.server.log.appender.install.snapshot.enabled = false (custom)
2023-05-23 10:26:45,805 [9a8ecc75-319b-47a2-9433-72c1cc276f25@group-475DBD44CB32-LeaderElection42] INFO  grpc.GrpcConfigKeys (ConfUtils.java:logGet(46)) - raft.grpc.server.heartbeat.channel = true (default)
2023-05-23 10:26:45,806 [9a8ecc75-319b-47a2-9433-72c1cc276f25@group-475DBD44CB32-LeaderElection42] INFO  impl.RoleInfo (RoleInfo.java:updateAndGet(139)) - 9a8ecc75-319b-47a2-9433-72c1cc276f25: start 9a8ecc75-319b-47a2-9433-72c1cc276f25@group-475DBD44CB32-LeaderStateImpl
2023-05-23 10:26:45,807 [9a8ecc75-319b-47a2-9433-72c1cc276f25@group-475DBD44CB32-LeaderElection42] INFO  segmented.SegmentedRaftLogWorker (SegmentedRaftLogWorker.java:rollLogSegment(452)) - 9a8ecc75-319b-47a2-9433-72c1cc276f25@group-475DBD44CB32-SegmentedRaftLogWorker: Rolling segment log-0_0 to index:0
2023-05-23 10:26:45,808 [9a8ecc75-319b-47a2-9433-72c1cc276f25@group-475DBD44CB32-SegmentedRaftLogWorker] INFO  segmented.SegmentedRaftLogWorker (SegmentedRaftLogWorker.java:execute(608)) - 9a8ecc75-319b-47a2-9433-72c1cc276f25@group-475DBD44CB32-SegmentedRaftLogWorker: Rolled log segment from /home/runner/work/ozone/ozone/hadoop-ozone/integration-test/target/test-dir/MiniOzoneClusterImpl-00f23a18-bf09-4bf2-9950-b0f9dab58561/datanode-1/data/ratis/d97c19a0-75d1-4bc6-b3c9-475dbd44cb32/current/log_inprogress_0 to /home/runner/work/ozone/ozone/hadoop-ozone/integration-test/target/test-dir/MiniOzoneClusterImpl-00f23a18-bf09-4bf2-9950-b0f9dab58561/datanode-1/data/ratis/d97c19a0-75d1-4bc6-b3c9-475dbd44cb32/current/log_0-0
2023-05-23 10:26:45,809 [9a8ecc75-319b-47a2-9433-72c1cc276f25@group-475DBD44CB32-LeaderElection42] INFO  server.RaftServer$Division (ServerState.java:setRaftConf(434)) - 9a8ecc75-319b-47a2-9433-72c1cc276f25@group-475DBD44CB32: set configuration 1: peers:[b898f15d-4860-47c9-8591-05c5a169db6c|rpc:10.1.0.38:15173|admin:10.1.0.38:15172|client:10.1.0.38:15171|dataStream:10.1.0.38:15174|priority:0|startupRole:FOLLOWER, cdf07a7b-95f7-44c3-8ae6-3efcc78f5f3a|rpc:10.1.0.38:15157|admin:10.1.0.38:15156|client:10.1.0.38:15155|dataStream:10.1.0.38:15158|priority:1|startupRole:FOLLOWER, 9a8ecc75-319b-47a2-9433-72c1cc276f25|rpc:10.1.0.38:15165|admin:10.1.0.38:15164|client:10.1.0.38:15163|dataStream:10.1.0.38:15166|priority:0|startupRole:FOLLOWER]|listeners:[], old=null
2023-05-23 10:26:45,810 [9a8ecc75-319b-47a2-9433-72c1cc276f25@group-475DBD44CB32-SegmentedRaftLogWorker] INFO  segmented.SegmentedRaftLogWorker (SegmentedRaftLogWorker.java:execute(651)) - 9a8ecc75-319b-47a2-9433-72c1cc276f25@group-475DBD44CB32-SegmentedRaftLogWorker: created new log segment /home/runner/work/ozone/ozone/hadoop-ozone/integration-test/target/test-dir/MiniOzoneClusterImpl-00f23a18-bf09-4bf2-9950-b0f9dab58561/datanode-1/data/ratis/d97c19a0-75d1-4bc6-b3c9-475dbd44cb32/current/log_inprogress_1
2023-05-23 10:26:45,810 [grpc-default-executor-0] WARN  server.GrpcLogAppender (LogUtils.java:warn(122)) - 9a8ecc75-319b-47a2-9433-72c1cc276f25@group-475DBD44CB32->cdf07a7b-95f7-44c3-8ae6-3efcc78f5f3a-AppendLogResponseHandler: Failed appendEntries: org.apache.ratis.thirdparty.io.grpc.StatusRuntimeException: UNAVAILABLE: io exception
2023-05-23 10:26:45,812 [grpc-default-executor-6] WARN  server.GrpcLogAppender (LogUtils.java:warn(122)) - 9a8ecc75-319b-47a2-9433-72c1cc276f25@group-475DBD44CB32->cdf07a7b-95f7-44c3-8ae6-3efcc78f5f3a-AppendLogResponseHandler: Failed appendEntries: org.apache.ratis.thirdparty.io.grpc.StatusRuntimeException: UNAVAILABLE: io exception
2023-05-23 10:26:45,813 [grpc-default-executor-0] INFO  leader.FollowerInfo (FollowerInfoImpl.java:lambda$new$0(52)) - 9a8ecc75-319b-47a2-9433-72c1cc276f25@group-475DBD44CB32->cdf07a7b-95f7-44c3-8ae6-3efcc78f5f3a: decreaseNextIndex nextIndex: updateUnconditionally 1 -> 0
2023-05-23 10:26:45,815 [b898f15d-4860-47c9-8591-05c5a169db6c-server-thread3] INFO  ratis.XceiverServerRatis (XceiverServerRatis.java:handleLeaderChangedNotification(904)) - Leader change notification received for group: group-475DBD44CB32 with new leaderId: 9a8ecc75-319b-47a2-9433-72c1cc276f25
2023-05-23 10:26:45,815 [b898f15d-4860-47c9-8591-05c5a169db6c-server-thread3] INFO  server.RaftServer$Division (ServerState.java:setLeader(317)) - b898f15d-4860-47c9-8591-05c5a169db6c@group-475DBD44CB32: change Leader from null to 9a8ecc75-319b-47a2-9433-72c1cc276f25 at term 2 for appendEntries, leader elected after 16ms
2023-05-23 10:26:45,819 [grpc-default-executor-6] WARN  server.GrpcLogAppender (LogUtils.java:warn(122)) - 9a8ecc75-319b-47a2-9433-72c1cc276f25@group-475DBD44CB32->cdf07a7b-95f7-44c3-8ae6-3efcc78f5f3a-AppendLogResponseHandler: Failed appendEntries: org.apache.ratis.thirdparty.io.grpc.StatusRuntimeException: UNAVAILABLE: io exception
2023-05-23 10:26:45,819 [grpc-default-executor-0] WARN  server.GrpcLogAppender (LogUtils.java:warn(122)) - 9a8ecc75-319b-47a2-9433-72c1cc276f25@group-475DBD44CB32->cdf07a7b-95f7-44c3-8ae6-3efcc78f5f3a-AppendLogResponseHandler: Failed appendEntries: org.apache.ratis.thirdparty.io.grpc.StatusRuntimeException: UNAVAILABLE: io exception
2023-05-23 10:26:45,820 [grpc-default-executor-6] INFO  leader.FollowerInfo (FollowerInfoImpl.java:lambda$new$0(52)) - 9a8ecc75-319b-47a2-9433-72c1cc276f25@group-475DBD44CB32->cdf07a7b-95f7-44c3-8ae6-3efcc78f5f3a: decreaseNextIndex nextIndex: updateUnconditionally 1 -> 0
2023-05-23 10:26:45,820 [grpc-default-executor-0] WARN  server.GrpcLogAppender (LogUtils.java:warn(122)) - 9a8ecc75-319b-47a2-9433-72c1cc276f25@group-475DBD44CB32->cdf07a7b-95f7-44c3-8ae6-3efcc78f5f3a-AppendLogResponseHandler: Failed appendEntries: org.apache.ratis.thirdparty.io.grpc.StatusRuntimeException: UNAVAILABLE: io exception
2023-05-23 10:26:45,820 [grpc-default-executor-0] INFO  leader.FollowerInfo (FollowerInfoImpl.java:lambda$new$0(52)) - 9a8ecc75-319b-47a2-9433-72c1cc276f25@group-475DBD44CB32->cdf07a7b-95f7-44c3-8ae6-3efcc78f5f3a: decreaseNextIndex nextIndex: updateUnconditionally 1 -> 0
2023-05-23 10:26:45,823 [grpc-default-executor-1] WARN  server.GrpcLogAppender (LogUtils.java:warn(122)) - 9a8ecc75-319b-47a2-9433-72c1cc276f25@group-475DBD44CB32->cdf07a7b-95f7-44c3-8ae6-3efcc78f5f3a-AppendLogResponseHandler: Failed appendEntries: org.apache.ratis.thirdparty.io.grpc.StatusRuntimeException: UNAVAILABLE: io exception
2023-05-23 10:26:45,823 [grpc-default-executor-2] WARN  server.GrpcLogAppender (LogUtils.java:warn(122)) - 9a8ecc75-319b-47a2-9433-72c1cc276f25@group-475DBD44CB32->cdf07a7b-95f7-44c3-8ae6-3efcc78f5f3a-AppendLogResponseHandler: Failed appendEntries: org.apache.ratis.thirdparty.io.grpc.StatusRuntimeException: UNAVAILABLE: io exception
2023-05-23 10:26:45,823 [grpc-default-executor-0] WARN  server.GrpcLogAppender (LogUtils.java:warn(122)) - 9a8ecc75-319b-47a2-9433-72c1cc276f25@group-475DBD44CB32->cdf07a7b-95f7-44c3-8ae6-3efcc78f5f3a-AppendLogResponseHandler: Failed appendEntries: org.apache.ratis.thirdparty.io.grpc.StatusRuntimeException: UNAVAILABLE: io exception
2023-05-23 10:26:45,824 [grpc-default-executor-1] INFO  leader.FollowerInfo (FollowerInfoImpl.java:lambda$new$0(52)) - 9a8ecc75-319b-47a2-9433-72c1cc276f25@group-475DBD44CB32->cdf07a7b-95f7-44c3-8ae6-3efcc78f5f3a: decreaseNextIndex nextIndex: updateUnconditionally 1 -> 0
2023-05-23 10:26:45,826 [b898f15d-4860-47c9-8591-05c5a169db6c-server-thread1] INFO  server.RaftServer$Division (ServerState.java:setRaftConf(434)) - b898f15d-4860-47c9-8591-05c5a169db6c@group-475DBD44CB32: set configuration 1: peers:[b898f15d-4860-47c9-8591-05c5a169db6c|rpc:10.1.0.38:15173|admin:10.1.0.38:15172|client:10.1.0.38:15171|dataStream:10.1.0.38:15174|priority:0|startupRole:FOLLOWER, cdf07a7b-95f7-44c3-8ae6-3efcc78f5f3a|rpc:10.1.0.38:15157|admin:10.1.0.38:15156|client:10.1.0.38:15155|dataStream:10.1.0.38:15158|priority:1|startupRole:FOLLOWER, 9a8ecc75-319b-47a2-9433-72c1cc276f25|rpc:10.1.0.38:15165|admin:10.1.0.38:15164|client:10.1.0.38:15163|dataStream:10.1.0.38:15166|priority:0|startupRole:FOLLOWER]|listeners:[], old=null
2023-05-23 10:26:45,826 [b898f15d-4860-47c9-8591-05c5a169db6c-server-thread1] INFO  segmented.SegmentedRaftLogWorker (SegmentedRaftLogWorker.java:rollLogSegment(452)) - b898f15d-4860-47c9-8591-05c5a169db6c@group-475DBD44CB32-SegmentedRaftLogWorker: Rolling segment log-0_0 to index:0
2023-05-23 10:26:45,827 [b898f15d-4860-47c9-8591-05c5a169db6c@group-475DBD44CB32-SegmentedRaftLogWorker] INFO  segmented.SegmentedRaftLogWorker (SegmentedRaftLogWorker.java:execute(608)) - b898f15d-4860-47c9-8591-05c5a169db6c@group-475DBD44CB32-SegmentedRaftLogWorker: Rolled log segment from /home/runner/work/ozone/ozone/hadoop-ozone/integration-test/target/test-dir/MiniOzoneClusterImpl-00f23a18-bf09-4bf2-9950-b0f9dab58561/datanode-2/data/ratis/d97c19a0-75d1-4bc6-b3c9-475dbd44cb32/current/log_inprogress_0 to /home/runner/work/ozone/ozone/hadoop-ozone/integration-test/target/test-dir/MiniOzoneClusterImpl-00f23a18-bf09-4bf2-9950-b0f9dab58561/datanode-2/data/ratis/d97c19a0-75d1-4bc6-b3c9-475dbd44cb32/current/log_0-0
2023-05-23 10:26:45,828 [b898f15d-4860-47c9-8591-05c5a169db6c@group-475DBD44CB32-SegmentedRaftLogWorker] INFO  segmented.SegmentedRaftLogWorker (SegmentedRaftLogWorker.java:execute(651)) - b898f15d-4860-47c9-8591-05c5a169db6c@group-475DBD44CB32-SegmentedRaftLogWorker: created new log segment /home/runner/work/ozone/ozone/hadoop-ozone/integration-test/target/test-dir/MiniOzoneClusterImpl-00f23a18-bf09-4bf2-9950-b0f9dab58561/datanode-2/data/ratis/d97c19a0-75d1-4bc6-b3c9-475dbd44cb32/current/log_inprogress_1
2023-05-23 10:26:45,832 [grpc-default-executor-0] WARN  server.GrpcLogAppender (LogUtils.java:warn(122)) - 9a8ecc75-319b-47a2-9433-72c1cc276f25@group-475DBD44CB32->cdf07a7b-95f7-44c3-8ae6-3efcc78f5f3a-AppendLogResponseHandler: Failed appendEntries: org.apache.ratis.thirdparty.io.grpc.StatusRuntimeException: UNAVAILABLE: io exception
2023-05-23 10:26:45,833 [grpc-default-executor-2] WARN  server.GrpcLogAppender (LogUtils.java:warn(122)) - 9a8ecc75-319b-47a2-9433-72c1cc276f25@group-475DBD44CB32->cdf07a7b-95f7-44c3-8ae6-3efcc78f5f3a-AppendLogResponseHandler: Failed appendEntries: org.apache.ratis.thirdparty.io.grpc.StatusRuntimeException: UNAVAILABLE: io exception
2023-05-23 10:26:45,833 [grpc-default-executor-0] INFO  leader.FollowerInfo (FollowerInfoImpl.java:lambda$new$0(52)) - 9a8ecc75-319b-47a2-9433-72c1cc276f25@group-475DBD44CB32->cdf07a7b-95f7-44c3-8ae6-3efcc78f5f3a: decreaseNextIndex nextIndex: updateUnconditionally 1 -> 0
2023-05-23 10:26:45,839 [grpc-default-executor-2] WARN  server.GrpcLogAppender (LogUtils.java:warn(122)) - 9a8ecc75-319b-47a2-9433-72c1cc276f25@group-475DBD44CB32->cdf07a7b-95f7-44c3-8ae6-3efcc78f5f3a-AppendLogResponseHandler: Failed appendEntries: org.apache.ratis.thirdparty.io.grpc.StatusRuntimeException: UNAVAILABLE: io exception
2023-05-23 10:26:45,839 [grpc-default-executor-0] WARN  server.GrpcLogAppender (LogUtils.java:warn(122)) - 9a8ecc75-319b-47a2-9433-72c1cc276f25@group-475DBD44CB32->cdf07a7b-95f7-44c3-8ae6-3efcc78f5f3a-AppendLogResponseHandler: Failed appendEntries: org.apache.ratis.thirdparty.io.grpc.StatusRuntimeException: UNAVAILABLE: io exception
2023-05-23 10:26:45,840 [grpc-default-executor-2] INFO  leader.FollowerInfo (FollowerInfoImpl.java:lambda$new$0(52)) - 9a8ecc75-319b-47a2-9433-72c1cc276f25@group-475DBD44CB32->cdf07a7b-95f7-44c3-8ae6-3efcc78f5f3a: decreaseNextIndex nextIndex: updateUnconditionally 1 -> 0
2023-05-23 10:26:45,843 [grpc-default-executor-0] WARN  server.GrpcLogAppender (LogUtils.java:warn(122)) - 9a8ecc75-319b-47a2-9433-72c1cc276f25@group-475DBD44CB32->cdf07a7b-95f7-44c3-8ae6-3efcc78f5f3a-AppendLogResponseHandler: Failed appendEntries: org.apache.ratis.thirdparty.io.grpc.StatusRuntimeException: UNAVAILABLE: io exception
2023-05-23 10:26:45,843 [grpc-default-executor-2] WARN  server.GrpcLogAppender (LogUtils.java:warn(122)) - 9a8ecc75-319b-47a2-9433-72c1cc276f25@group-475DBD44CB32->cdf07a7b-95f7-44c3-8ae6-3efcc78f5f3a-AppendLogResponseHandler: Failed appendEntries: org.apache.ratis.thirdparty.io.grpc.StatusRuntimeException: UNAVAILABLE: io exception
2023-05-23 10:26:45,844 [grpc-default-executor-0] INFO  leader.FollowerInfo (FollowerInfoImpl.java:lambda$new$0(52)) - 9a8ecc75-319b-47a2-9433-72c1cc276f25@group-475DBD44CB32->cdf07a7b-95f7-44c3-8ae6-3efcc78f5f3a: decreaseNextIndex nextIndex: updateUnconditionally 1 -> 0
2023-05-23 10:26:46,038 [Listener at 127.0.0.1/15148] INFO  container.TestHelper (TestHelper.java:countReplicas(423)) - Container 1 has 3 replicas on [9a8ecc75-319b-47a2-9433-72c1cc276f25, b898f15d-4860-47c9-8591-05c5a169db6c, cdf07a7b-95f7-44c3-8ae6-3efcc78f5f3a]
2023-05-23 10:26:46,077 [ReplicationMonitor] INFO  replication.ReplicationManager (ReplicationManager.java:processAll(403)) - Replication Monitor Thread took 1 milliseconds for processing 1 containers.
2023-05-23 10:26:47,013 [grpc-default-executor-2] WARN  server.GrpcLogAppender (LogUtils.java:warn(122)) - 9a8ecc75-319b-47a2-9433-72c1cc276f25@group-47EE8FE3890D->cdf07a7b-95f7-44c3-8ae6-3efcc78f5f3a-AppendLogResponseHandler: Failed appendEntries: org.apache.ratis.thirdparty.io.grpc.StatusRuntimeException: UNAVAILABLE: io exception
2023-05-23 10:26:47,013 [grpc-default-executor-0] WARN  server.GrpcLogAppender (LogUtils.java:warn(122)) - 9a8ecc75-319b-47a2-9433-72c1cc276f25@group-47EE8FE3890D->cdf07a7b-95f7-44c3-8ae6-3efcc78f5f3a-AppendLogResponseHandler: Failed appendEntries: org.apache.ratis.thirdparty.io.grpc.StatusRuntimeException: UNAVAILABLE: io exception
2023-05-23 10:26:47,024 [grpc-default-executor-2] WARN  server.GrpcLogAppender (LogUtils.java:warn(122)) - 9a8ecc75-319b-47a2-9433-72c1cc276f25@group-47EE8FE3890D->cdf07a7b-95f7-44c3-8ae6-3efcc78f5f3a-AppendLogResponseHandler: Failed appendEntries: org.apache.ratis.thirdparty.io.grpc.StatusRuntimeException: UNAVAILABLE: io exception
2023-05-23 10:26:47,024 [grpc-default-executor-0] WARN  server.GrpcLogAppender (LogUtils.java:warn(122)) - 9a8ecc75-319b-47a2-9433-72c1cc276f25@group-47EE8FE3890D->cdf07a7b-95f7-44c3-8ae6-3efcc78f5f3a-AppendLogResponseHandler: Failed appendEntries: org.apache.ratis.thirdparty.io.grpc.StatusRuntimeException: UNAVAILABLE: io exception
2023-05-23 10:26:47,024 [grpc-default-executor-2] INFO  leader.FollowerInfo (FollowerInfoImpl.java:lambda$new$0(52)) - 9a8ecc75-319b-47a2-9433-72c1cc276f25@group-47EE8FE3890D->cdf07a7b-95f7-44c3-8ae6-3efcc78f5f3a: decreaseNextIndex nextIndex: updateUnconditionally 1 -> 0
2023-05-23 10:26:47,039 [Listener at 127.0.0.1/15148] INFO  container.TestHelper (TestHelper.java:countReplicas(423)) - Container 1 has 3 replicas on [9a8ecc75-319b-47a2-9433-72c1cc276f25, b898f15d-4860-47c9-8591-05c5a169db6c, cdf07a7b-95f7-44c3-8ae6-3efcc78f5f3a]
2023-05-23 10:26:47,061 [grpc-default-executor-0] WARN  server.GrpcLogAppender (LogUtils.java:warn(122)) - 9a8ecc75-319b-47a2-9433-72c1cc276f25@group-475DBD44CB32->cdf07a7b-95f7-44c3-8ae6-3efcc78f5f3a-AppendLogResponseHandler: Failed appendEntries: org.apache.ratis.thirdparty.io.grpc.StatusRuntimeException: UNAVAILABLE: io exception
2023-05-23 10:26:47,062 [grpc-default-executor-2] WARN  server.GrpcLogAppender (LogUtils.java:warn(122)) - 9a8ecc75-319b-47a2-9433-72c1cc276f25@group-475DBD44CB32->cdf07a7b-95f7-44c3-8ae6-3efcc78f5f3a-AppendLogResponseHandler: Failed appendEntries: org.apache.ratis.thirdparty.io.grpc.StatusRuntimeException: UNAVAILABLE: io exception
2023-05-23 10:26:47,071 [grpc-default-executor-2] WARN  server.GrpcLogAppender (LogUtils.java:warn(122)) - 9a8ecc75-319b-47a2-9433-72c1cc276f25@group-475DBD44CB32->cdf07a7b-95f7-44c3-8ae6-3efcc78f5f3a-AppendLogResponseHandler: Failed appendEntries: org.apache.ratis.thirdparty.io.grpc.StatusRuntimeException: UNAVAILABLE: io exception
2023-05-23 10:26:47,072 [grpc-default-executor-2] INFO  leader.FollowerInfo (FollowerInfoImpl.java:lambda$new$0(52)) - 9a8ecc75-319b-47a2-9433-72c1cc276f25@group-475DBD44CB32->cdf07a7b-95f7-44c3-8ae6-3efcc78f5f3a: decreaseNextIndex nextIndex: updateUnconditionally 1 -> 0
2023-05-23 10:26:47,072 [grpc-default-executor-0] WARN  server.GrpcLogAppender (LogUtils.java:warn(122)) - 9a8ecc75-319b-47a2-9433-72c1cc276f25@group-475DBD44CB32->cdf07a7b-95f7-44c3-8ae6-3efcc78f5f3a-AppendLogResponseHandler: Failed appendEntries: org.apache.ratis.thirdparty.io.grpc.StatusRuntimeException: UNAVAILABLE: io exception
2023-05-23 10:26:47,077 [ReplicationMonitor] INFO  replication.ReplicationManager (ReplicationManager.java:processAll(403)) - Replication Monitor Thread took 0 milliseconds for processing 1 containers.
2023-05-23 10:26:48,039 [Listener at 127.0.0.1/15148] INFO  container.TestHelper (TestHelper.java:countReplicas(423)) - Container 1 has 3 replicas on [9a8ecc75-319b-47a2-9433-72c1cc276f25, b898f15d-4860-47c9-8591-05c5a169db6c, cdf07a7b-95f7-44c3-8ae6-3efcc78f5f3a]
2023-05-23 10:26:48,078 [ReplicationMonitor] INFO  replication.ReplicationManager (ReplicationManager.java:processAll(403)) - Replication Monitor Thread took 1 milliseconds for processing 1 containers.
2023-05-23 10:26:48,112 [EventQueue-DeadNodeForDeadNodeHandler] INFO  node.DeadNodeHandler (DeadNodeHandler.java:onMessage(83)) - A dead datanode is detected. cdf07a7b-95f7-44c3-8ae6-3efcc78f5f3a(fv-az1249-304/10.1.0.38)
2023-05-23 10:26:48,112 [EventQueue-DeadNodeForDeadNodeHandler] INFO  pipeline.RatisPipelineProvider (RatisPipelineProvider.java:lambda$close$4(272)) - Send pipeline:PipelineID=44ca2403-c84d-4390-9476-47ee8fe3890d close command to datanode cdf07a7b-95f7-44c3-8ae6-3efcc78f5f3a
2023-05-23 10:26:48,112 [EventQueue-DeadNodeForDeadNodeHandler] INFO  pipeline.RatisPipelineProvider (RatisPipelineProvider.java:lambda$close$4(272)) - Send pipeline:PipelineID=44ca2403-c84d-4390-9476-47ee8fe3890d close command to datanode 9a8ecc75-319b-47a2-9433-72c1cc276f25
2023-05-23 10:26:48,112 [EventQueue-DeadNodeForDeadNodeHandler] INFO  pipeline.RatisPipelineProvider (RatisPipelineProvider.java:lambda$close$4(272)) - Send pipeline:PipelineID=44ca2403-c84d-4390-9476-47ee8fe3890d close command to datanode b898f15d-4860-47c9-8591-05c5a169db6c
2023-05-23 10:26:48,114 [EventQueue-DeadNodeForDeadNodeHandler] INFO  pipeline.PipelineStateManagerImpl (PipelineStateManagerImpl.java:removePipeline(245)) - Pipeline Pipeline[ Id: 44ca2403-c84d-4390-9476-47ee8fe3890d, Nodes: cdf07a7b-95f7-44c3-8ae6-3efcc78f5f3a(fv-az1249-304/10.1.0.38)9a8ecc75-319b-47a2-9433-72c1cc276f25(fv-az1249-304/10.1.0.38)b898f15d-4860-47c9-8591-05c5a169db6c(fv-az1249-304/10.1.0.38), ReplicationConfig: RATIS/THREE, State:CLOSED, leaderId:9a8ecc75-319b-47a2-9433-72c1cc276f25, CreationTimestamp2023-05-23T10:26:23.133Z[Etc/UTC]] removed.
2023-05-23 10:26:48,114 [EventQueue-DeadNodeForDeadNodeHandler] INFO  pipeline.RatisPipelineProvider (RatisPipelineProvider.java:lambda$close$4(272)) - Send pipeline:PipelineID=d97c19a0-75d1-4bc6-b3c9-475dbd44cb32 close command to datanode cdf07a7b-95f7-44c3-8ae6-3efcc78f5f3a
2023-05-23 10:26:48,114 [EventQueue-DeadNodeForDeadNodeHandler] INFO  pipeline.RatisPipelineProvider (RatisPipelineProvider.java:lambda$close$4(272)) - Send pipeline:PipelineID=d97c19a0-75d1-4bc6-b3c9-475dbd44cb32 close command to datanode 9a8ecc75-319b-47a2-9433-72c1cc276f25
2023-05-23 10:26:48,114 [EventQueue-DeadNodeForDeadNodeHandler] INFO  pipeline.RatisPipelineProvider (RatisPipelineProvider.java:lambda$close$4(272)) - Send pipeline:PipelineID=d97c19a0-75d1-4bc6-b3c9-475dbd44cb32 close command to datanode b898f15d-4860-47c9-8591-05c5a169db6c
2023-05-23 10:26:48,115 [EventQueue-DeadNodeForDeadNodeHandler] INFO  pipeline.PipelineStateManagerImpl (PipelineStateManagerImpl.java:removePipeline(245)) - Pipeline Pipeline[ Id: d97c19a0-75d1-4bc6-b3c9-475dbd44cb32, Nodes: cdf07a7b-95f7-44c3-8ae6-3efcc78f5f3a(fv-az1249-304/10.1.0.38)9a8ecc75-319b-47a2-9433-72c1cc276f25(fv-az1249-304/10.1.0.38)b898f15d-4860-47c9-8591-05c5a169db6c(fv-az1249-304/10.1.0.38), ReplicationConfig: RATIS/THREE, State:CLOSED, leaderId:9a8ecc75-319b-47a2-9433-72c1cc276f25, CreationTimestamp2023-05-23T10:26:23.132Z[Etc/UTC]] removed.
2023-05-23 10:26:48,115 [EventQueue-DeadNodeForDeadNodeHandler] INFO  pipeline.RatisPipelineProvider (RatisPipelineProvider.java:lambda$close$4(272)) - Send pipeline:PipelineID=f61c0586-a0e4-49bf-8d0e-dd854ff2ef03 close command to datanode cdf07a7b-95f7-44c3-8ae6-3efcc78f5f3a
2023-05-23 10:26:48,115 [EventQueue-DeadNodeForDeadNodeHandler] INFO  pipeline.PipelineStateManagerImpl (PipelineStateManagerImpl.java:removePipeline(245)) - Pipeline Pipeline[ Id: f61c0586-a0e4-49bf-8d0e-dd854ff2ef03, Nodes: cdf07a7b-95f7-44c3-8ae6-3efcc78f5f3a(fv-az1249-304/10.1.0.38), ReplicationConfig: RATIS/ONE, State:CLOSED, leaderId:cdf07a7b-95f7-44c3-8ae6-3efcc78f5f3a, CreationTimestamp2023-05-23T10:26:22.447Z[Etc/UTC]] removed.
2023-05-23 10:26:48,115 [EventQueue-DeadNodeForDeadNodeHandler] INFO  node.DeadNodeHandler (DeadNodeHandler.java:onMessage(96)) - Clearing command queue of size 3 for DN cdf07a7b-95f7-44c3-8ae6-3efcc78f5f3a(fv-az1249-304/10.1.0.38)
2023-05-23 10:26:48,115 [EventQueue-DeadNodeForDeadNodeHandler] INFO  net.NetworkTopologyImpl (NetworkTopologyImpl.java:remove(190)) - Removed a node: /default-rack/cdf07a7b-95f7-44c3-8ae6-3efcc78f5f3a
2023-05-23 10:26:48,264 [grpc-default-executor-0] WARN  server.GrpcLogAppender (LogUtils.java:warn(122)) - 9a8ecc75-319b-47a2-9433-72c1cc276f25@group-47EE8FE3890D->cdf07a7b-95f7-44c3-8ae6-3efcc78f5f3a-AppendLogResponseHandler: Failed appendEntries: org.apache.ratis.thirdparty.io.grpc.StatusRuntimeException: UNAVAILABLE: io exception
2023-05-23 10:26:48,265 [grpc-default-executor-2] WARN  server.GrpcLogAppender (LogUtils.java:warn(122)) - 9a8ecc75-319b-47a2-9433-72c1cc276f25@group-47EE8FE3890D->cdf07a7b-95f7-44c3-8ae6-3efcc78f5f3a-AppendLogResponseHandler: Failed appendEntries: org.apache.ratis.thirdparty.io.grpc.StatusRuntimeException: UNAVAILABLE: io exception
2023-05-23 10:26:48,275 [grpc-default-executor-0] WARN  server.GrpcLogAppender (LogUtils.java:warn(122)) - 9a8ecc75-319b-47a2-9433-72c1cc276f25@group-47EE8FE3890D->cdf07a7b-95f7-44c3-8ae6-3efcc78f5f3a-AppendLogResponseHandler: Failed appendEntries: org.apache.ratis.thirdparty.io.grpc.StatusRuntimeException: UNAVAILABLE: io exception
2023-05-23 10:26:48,275 [grpc-default-executor-2] WARN  server.GrpcLogAppender (LogUtils.java:warn(122)) - 9a8ecc75-319b-47a2-9433-72c1cc276f25@group-47EE8FE3890D->cdf07a7b-95f7-44c3-8ae6-3efcc78f5f3a-AppendLogResponseHandler: Failed appendEntries: org.apache.ratis.thirdparty.io.grpc.StatusRuntimeException: UNAVAILABLE: io exception
2023-05-23 10:26:48,276 [grpc-default-executor-0] INFO  leader.FollowerInfo (FollowerInfoImpl.java:lambda$new$0(52)) - 9a8ecc75-319b-47a2-9433-72c1cc276f25@group-47EE8FE3890D->cdf07a7b-95f7-44c3-8ae6-3efcc78f5f3a: decreaseNextIndex nextIndex: updateUnconditionally 1 -> 0
2023-05-23 10:26:48,312 [grpc-default-executor-2] WARN  server.GrpcLogAppender (LogUtils.java:warn(122)) - 9a8ecc75-319b-47a2-9433-72c1cc276f25@group-475DBD44CB32->cdf07a7b-95f7-44c3-8ae6-3efcc78f5f3a-AppendLogResponseHandler: Failed appendEntries: org.apache.ratis.thirdparty.io.grpc.StatusRuntimeException: UNAVAILABLE: io exception
2023-05-23 10:26:48,312 [grpc-default-executor-0] WARN  server.GrpcLogAppender (LogUtils.java:warn(122)) - 9a8ecc75-319b-47a2-9433-72c1cc276f25@group-475DBD44CB32->cdf07a7b-95f7-44c3-8ae6-3efcc78f5f3a-AppendLogResponseHandler: Failed appendEntries: org.apache.ratis.thirdparty.io.grpc.StatusRuntimeException: UNAVAILABLE: io exception
2023-05-23 10:26:48,322 [grpc-default-executor-0] WARN  server.GrpcLogAppender (LogUtils.java:warn(122)) - 9a8ecc75-319b-47a2-9433-72c1cc276f25@group-475DBD44CB32->cdf07a7b-95f7-44c3-8ae6-3efcc78f5f3a-AppendLogResponseHandler: Failed appendEntries: org.apache.ratis.thirdparty.io.grpc.StatusRuntimeException: UNAVAILABLE: io exception
2023-05-23 10:26:48,322 [grpc-default-executor-2] WARN  server.GrpcLogAppender (LogUtils.java:warn(122)) - 9a8ecc75-319b-47a2-9433-72c1cc276f25@group-475DBD44CB32->cdf07a7b-95f7-44c3-8ae6-3efcc78f5f3a-AppendLogResponseHandler: Failed appendEntries: org.apache.ratis.thirdparty.io.grpc.StatusRuntimeException: UNAVAILABLE: io exception
2023-05-23 10:26:48,323 [grpc-default-executor-0] INFO  leader.FollowerInfo (FollowerInfoImpl.java:lambda$new$0(52)) - 9a8ecc75-319b-47a2-9433-72c1cc276f25@group-475DBD44CB32->cdf07a7b-95f7-44c3-8ae6-3efcc78f5f3a: decreaseNextIndex nextIndex: updateUnconditionally 1 -> 0
2023-05-23 10:26:48,342 [grpc-default-executor-2] WARN  server.GrpcLogAppender (LogUtils.java:warn(122)) - 9a8ecc75-319b-47a2-9433-72c1cc276f25@group-475DBD44CB32->cdf07a7b-95f7-44c3-8ae6-3efcc78f5f3a-AppendLogResponseHandler: Failed appendEntries: org.apache.ratis.thirdparty.io.grpc.StatusRuntimeException: UNAVAILABLE: io exception
2023-05-23 10:26:48,342 [grpc-default-executor-2] INFO  leader.FollowerInfo (FollowerInfoImpl.java:lambda$new$0(52)) - 9a8ecc75-319b-47a2-9433-72c1cc276f25@group-475DBD44CB32->cdf07a7b-95f7-44c3-8ae6-3efcc78f5f3a: decreaseNextIndex nextIndex: updateUnconditionally 1 -> 0
2023-05-23 10:26:48,343 [grpc-default-executor-0] WARN  server.GrpcLogAppender (LogUtils.java:warn(122)) - 9a8ecc75-319b-47a2-9433-72c1cc276f25@group-475DBD44CB32->cdf07a7b-95f7-44c3-8ae6-3efcc78f5f3a-AppendLogResponseHandler: Failed appendEntries: org.apache.ratis.thirdparty.io.grpc.StatusRuntimeException: UNAVAILABLE: io exception
2023-05-23 10:26:49,039 [Listener at 127.0.0.1/15148] INFO  container.TestHelper (TestHelper.java:countReplicas(423)) - Container 1 has 2 replicas on [9a8ecc75-319b-47a2-9433-72c1cc276f25, b898f15d-4860-47c9-8591-05c5a169db6c]
2023-05-23 10:26:49,040 [Listener at 127.0.0.1/15148] INFO  container.TestHelper (TestHelper.java:countReplicas(423)) - Container 1 has 2 replicas on [9a8ecc75-319b-47a2-9433-72c1cc276f25, b898f15d-4860-47c9-8591-05c5a169db6c]
2023-05-23 10:26:49,078 [ReplicationMonitor] INFO  replication.ReplicationManager (ReplicationManager.java:processAll(403)) - Replication Monitor Thread took 0 milliseconds for processing 1 containers.
2023-05-23 10:26:49,515 [grpc-default-executor-0] WARN  server.GrpcLogAppender (LogUtils.java:warn(122)) - 9a8ecc75-319b-47a2-9433-72c1cc276f25@group-47EE8FE3890D->cdf07a7b-95f7-44c3-8ae6-3efcc78f5f3a-AppendLogResponseHandler: Failed appendEntries: org.apache.ratis.thirdparty.io.grpc.StatusRuntimeException: UNAVAILABLE: io exception
2023-05-23 10:26:49,515 [grpc-default-executor-2] WARN  server.GrpcLogAppender (LogUtils.java:warn(122)) - 9a8ecc75-319b-47a2-9433-72c1cc276f25@group-47EE8FE3890D->cdf07a7b-95f7-44c3-8ae6-3efcc78f5f3a-AppendLogResponseHandler: Failed appendEntries: org.apache.ratis.thirdparty.io.grpc.StatusRuntimeException: UNAVAILABLE: io exception
2023-05-23 10:26:49,526 [grpc-default-executor-0] WARN  server.GrpcLogAppender (LogUtils.java:warn(122)) - 9a8ecc75-319b-47a2-9433-72c1cc276f25@group-47EE8FE3890D->cdf07a7b-95f7-44c3-8ae6-3efcc78f5f3a-AppendLogResponseHandler: Failed appendEntries: org.apache.ratis.thirdparty.io.grpc.StatusRuntimeException: UNAVAILABLE: io exception
2023-05-23 10:26:49,527 [grpc-default-executor-0] INFO  leader.FollowerInfo (FollowerInfoImpl.java:lambda$new$0(52)) - 9a8ecc75-319b-47a2-9433-72c1cc276f25@group-47EE8FE3890D->cdf07a7b-95f7-44c3-8ae6-3efcc78f5f3a: decreaseNextIndex nextIndex: updateUnconditionally 1 -> 0
2023-05-23 10:26:49,527 [grpc-default-executor-2] WARN  server.GrpcLogAppender (LogUtils.java:warn(122)) - 9a8ecc75-319b-47a2-9433-72c1cc276f25@group-47EE8FE3890D->cdf07a7b-95f7-44c3-8ae6-3efcc78f5f3a-AppendLogResponseHandler: Failed appendEntries: org.apache.ratis.thirdparty.io.grpc.StatusRuntimeException: UNAVAILABLE: io exception
2023-05-23 10:26:49,563 [grpc-default-executor-0] WARN  server.GrpcLogAppender (LogUtils.java:warn(122)) - 9a8ecc75-319b-47a2-9433-72c1cc276f25@group-475DBD44CB32->cdf07a7b-95f7-44c3-8ae6-3efcc78f5f3a-AppendLogResponseHandler: Failed appendEntries: org.apache.ratis.thirdparty.io.grpc.StatusRuntimeException: UNAVAILABLE: io exception
2023-05-23 10:26:49,563 [grpc-default-executor-2] WARN  server.GrpcLogAppender (LogUtils.java:warn(122)) - 9a8ecc75-319b-47a2-9433-72c1cc276f25@group-475DBD44CB32->cdf07a7b-95f7-44c3-8ae6-3efcc78f5f3a-AppendLogResponseHandler: Failed appendEntries: org.apache.ratis.thirdparty.io.grpc.StatusRuntimeException: UNAVAILABLE: io exception
2023-05-23 10:26:49,573 [grpc-default-executor-2] WARN  server.GrpcLogAppender (LogUtils.java:warn(122)) - 9a8ecc75-319b-47a2-9433-72c1cc276f25@group-475DBD44CB32->cdf07a7b-95f7-44c3-8ae6-3efcc78f5f3a-AppendLogResponseHandler: Failed appendEntries: org.apache.ratis.thirdparty.io.grpc.StatusRuntimeException: UNAVAILABLE: io exception
2023-05-23 10:26:49,574 [grpc-default-executor-2] INFO  leader.FollowerInfo (FollowerInfoImpl.java:lambda$new$0(52)) - 9a8ecc75-319b-47a2-9433-72c1cc276f25@group-475DBD44CB32->cdf07a7b-95f7-44c3-8ae6-3efcc78f5f3a: decreaseNextIndex nextIndex: updateUnconditionally 1 -> 0
2023-05-23 10:26:49,574 [grpc-default-executor-0] WARN  server.GrpcLogAppender (LogUtils.java:warn(122)) - 9a8ecc75-319b-47a2-9433-72c1cc276f25@group-475DBD44CB32->cdf07a7b-95f7-44c3-8ae6-3efcc78f5f3a-AppendLogResponseHandler: Failed appendEntries: org.apache.ratis.thirdparty.io.grpc.StatusRuntimeException: UNAVAILABLE: io exception
2023-05-23 10:26:49,803 [Command processor thread] INFO  server.RaftServer (RaftServerProxy.java:remove(109)) - 9a8ecc75-319b-47a2-9433-72c1cc276f25: remove    LEADER 9a8ecc75-319b-47a2-9433-72c1cc276f25@group-47EE8FE3890D:t1, leader=9a8ecc75-319b-47a2-9433-72c1cc276f25, voted=9a8ecc75-319b-47a2-9433-72c1cc276f25, raftlog=Memoized:9a8ecc75-319b-47a2-9433-72c1cc276f25@group-47EE8FE3890D-SegmentedRaftLog:OPENED:c6, conf=0: peers:[b898f15d-4860-47c9-8591-05c5a169db6c|rpc:10.1.0.38:15173|admin:10.1.0.38:15172|client:10.1.0.38:15171|dataStream:10.1.0.38:15174|priority:0|startupRole:FOLLOWER, cdf07a7b-95f7-44c3-8ae6-3efcc78f5f3a|rpc:10.1.0.38:15157|admin:10.1.0.38:15156|client:10.1.0.38:15155|dataStream:10.1.0.38:15158|priority:0|startupRole:FOLLOWER, 9a8ecc75-319b-47a2-9433-72c1cc276f25|rpc:10.1.0.38:15165|admin:10.1.0.38:15164|client:10.1.0.38:15163|dataStream:10.1.0.38:15166|priority:1|startupRole:FOLLOWER]|listeners:[], old=null RUNNING
2023-05-23 10:26:49,803 [Command processor thread] INFO  server.RaftServer$Division (RaftServerImpl.java:lambda$close$4(466)) - 9a8ecc75-319b-47a2-9433-72c1cc276f25@group-47EE8FE3890D: shutdown
2023-05-23 10:26:49,803 [Command processor thread] INFO  util.JmxRegister (JmxRegister.java:unregister(73)) - Successfully un-registered JMX Bean with object name Ratis:service=RaftServer,group=group-47EE8FE3890D,id=9a8ecc75-319b-47a2-9433-72c1cc276f25
2023-05-23 10:26:49,803 [Command processor thread] INFO  impl.RoleInfo (RoleInfo.java:shutdownLeaderState(93)) - 9a8ecc75-319b-47a2-9433-72c1cc276f25: shutdown 9a8ecc75-319b-47a2-9433-72c1cc276f25@group-47EE8FE3890D-LeaderStateImpl
2023-05-23 10:26:49,803 [9a8ecc75-319b-47a2-9433-72c1cc276f25@group-47EE8FE3890D->b898f15d-4860-47c9-8591-05c5a169db6c-GrpcLogAppender-LogAppenderDaemon] WARN  server.GrpcLogAppender (GrpcLogAppender.java:mayWait(199)) - 9a8ecc75-319b-47a2-9433-72c1cc276f25@group-47EE8FE3890D->b898f15d-4860-47c9-8591-05c5a169db6c-GrpcLogAppender: Wait interrupted by java.lang.InterruptedException
2023-05-23 10:26:49,804 [9a8ecc75-319b-47a2-9433-72c1cc276f25@group-47EE8FE3890D->cdf07a7b-95f7-44c3-8ae6-3efcc78f5f3a-GrpcLogAppender-LogAppenderDaemon] WARN  server.GrpcLogAppender (GrpcLogAppender.java:mayWait(199)) - 9a8ecc75-319b-47a2-9433-72c1cc276f25@group-47EE8FE3890D->cdf07a7b-95f7-44c3-8ae6-3efcc78f5f3a-GrpcLogAppender: Wait interrupted by java.lang.InterruptedException
2023-05-23 10:26:49,803 [Command processor thread] INFO  impl.PendingRequests (PendingRequests.java:sendNotLeaderResponses(289)) - 9a8ecc75-319b-47a2-9433-72c1cc276f25@group-47EE8FE3890D-PendingRequests: sendNotLeaderResponses
2023-05-23 10:26:49,809 [Command processor thread] INFO  impl.StateMachineUpdater (StateMachineUpdater.java:stopAndJoin(155)) - 9a8ecc75-319b-47a2-9433-72c1cc276f25@group-47EE8FE3890D-StateMachineUpdater: set stopIndex = 6
2023-05-23 10:26:49,809 [9a8ecc75-319b-47a2-9433-72c1cc276f25@group-47EE8FE3890D-StateMachineUpdater] INFO  ratis.ContainerStateMachine (ContainerStateMachine.java:takeSnapshot(330)) - group-47EE8FE3890D: Taking a snapshot at:(t:1, i:6) file /home/runner/work/ozone/ozone/hadoop-ozone/integration-test/target/test-dir/MiniOzoneClusterImpl-00f23a18-bf09-4bf2-9950-b0f9dab58561/datanode-1/data/ratis/44ca2403-c84d-4390-9476-47ee8fe3890d/sm/snapshot.1_6
2023-05-23 10:26:49,809 [grpc-default-executor-0] INFO  server.GrpcServerProtocolService (GrpcServerProtocolService.java:onCompleted(155)) - b898f15d-4860-47c9-8591-05c5a169db6c: Completed APPEND_ENTRIES, lastRequest: 9a8ecc75-319b-47a2-9433-72c1cc276f25->b898f15d-4860-47c9-8591-05c5a169db6c#18-t1,previous=(t:1, i:5),leaderCommit=5,initializing? true,entries: size=1, first=(t:1, i:6), METADATAENTRY(c:5)
2023-05-23 10:26:49,811 [grpc-default-executor-0] INFO  server.GrpcServerProtocolService (GrpcServerProtocolService.java:lambda$onCompleted$5(157)) - b898f15d-4860-47c9-8591-05c5a169db6c: Completed APPEND_ENTRIES, lastReply: null
2023-05-23 10:26:49,811 [grpc-default-executor-2] INFO  server.GrpcServerProtocolService (GrpcServerProtocolService.java:onCompleted(155)) - b898f15d-4860-47c9-8591-05c5a169db6c: Completed APPEND_ENTRIES, lastRequest: null
2023-05-23 10:26:49,812 [grpc-default-executor-2] INFO  server.GrpcServerProtocolService (GrpcServerProtocolService.java:lambda$onCompleted$5(157)) - b898f15d-4860-47c9-8591-05c5a169db6c: Completed APPEND_ENTRIES, lastReply: serverReply {
  requestorId: "9a8ecc75-319b-47a2-9433-72c1cc276f25"
  replyId: "b898f15d-4860-47c9-8591-05c5a169db6c"
  raftGroupId {
    id: "D\312$\003\310MC\220\224vG\356\217\343\211\r"
  }
  callId: 23
  success: true
}
term: 1
nextIndex: 7
followerCommit: 6
matchIndex: 18446744073709551615
isHearbeat: true

2023-05-23 10:26:49,812 [grpc-default-executor-0] INFO  server.GrpcLogAppender (GrpcLogAppender.java:onCompleted(428)) - 9a8ecc75-319b-47a2-9433-72c1cc276f25@group-47EE8FE3890D->b898f15d-4860-47c9-8591-05c5a169db6c-AppendLogResponseHandler: follower responses appendEntries COMPLETED
2023-05-23 10:26:49,812 [grpc-default-executor-0] INFO  leader.FollowerInfo (FollowerInfoImpl.java:lambda$new$0(52)) - 9a8ecc75-319b-47a2-9433-72c1cc276f25@group-47EE8FE3890D->b898f15d-4860-47c9-8591-05c5a169db6c: decreaseNextIndex nextIndex: updateUnconditionally 7 -> 6
2023-05-23 10:26:49,815 [9a8ecc75-319b-47a2-9433-72c1cc276f25@group-47EE8FE3890D-StateMachineUpdater] INFO  ratis.ContainerStateMachine (ContainerStateMachine.java:takeSnapshot(341)) - group-47EE8FE3890D: Finished taking a snapshot at:(t:1, i:6) file:/home/runner/work/ozone/ozone/hadoop-ozone/integration-test/target/test-dir/MiniOzoneClusterImpl-00f23a18-bf09-4bf2-9950-b0f9dab58561/datanode-1/data/ratis/44ca2403-c84d-4390-9476-47ee8fe3890d/sm/snapshot.1_6 took: 6 ms
2023-05-23 10:26:49,815 [9a8ecc75-319b-47a2-9433-72c1cc276f25@group-47EE8FE3890D-StateMachineUpdater] INFO  impl.StateMachineUpdater (StateMachineUpdater.java:takeSnapshot(291)) - 9a8ecc75-319b-47a2-9433-72c1cc276f25@group-47EE8FE3890D-StateMachineUpdater: Took a snapshot at index 6
2023-05-23 10:26:49,815 [9a8ecc75-319b-47a2-9433-72c1cc276f25@group-47EE8FE3890D-StateMachineUpdater] INFO  impl.StateMachineUpdater (StateMachineUpdater.java:lambda$new$0(97)) - 9a8ecc75-319b-47a2-9433-72c1cc276f25@group-47EE8FE3890D-StateMachineUpdater: snapshotIndex: updateIncreasingly -1 -> 6
2023-05-23 10:26:49,816 [Command processor thread] INFO  server.RaftServer$Division (ServerState.java:close(472)) - 9a8ecc75-319b-47a2-9433-72c1cc276f25@group-47EE8FE3890D: closes. applyIndex: 6
2023-05-23 10:26:49,816 [grpc-default-executor-2] INFO  server.GrpcLogAppender (GrpcLogAppender.java:onCompleted(428)) - 9a8ecc75-319b-47a2-9433-72c1cc276f25@group-47EE8FE3890D->b898f15d-4860-47c9-8591-05c5a169db6c-AppendLogResponseHandler: follower responses appendEntries COMPLETED
2023-05-23 10:26:49,816 [grpc-default-executor-2] INFO  leader.FollowerInfo (FollowerInfoImpl.java:lambda$new$0(52)) - 9a8ecc75-319b-47a2-9433-72c1cc276f25@group-47EE8FE3890D->b898f15d-4860-47c9-8591-05c5a169db6c: decreaseNextIndex nextIndex: updateUnconditionally 6 -> 5
2023-05-23 10:26:50,006 [Command processor thread] INFO  segmented.SegmentedRaftLogWorker (SegmentedRaftLogWorker.java:close(252)) - 9a8ecc75-319b-47a2-9433-72c1cc276f25@group-47EE8FE3890D-SegmentedRaftLogWorker close()
2023-05-23 10:26:50,008 [Command processor thread] INFO  server.RaftServer$Division (RaftServerImpl.java:groupRemove(436)) - 9a8ecc75-319b-47a2-9433-72c1cc276f25@group-47EE8FE3890D: Succeed to remove RaftStorageDirectory Storage Directory /home/runner/work/ozone/ozone/hadoop-ozone/integration-test/target/test-dir/MiniOzoneClusterImpl-00f23a18-bf09-4bf2-9950-b0f9dab58561/datanode-1/data/ratis/44ca2403-c84d-4390-9476-47ee8fe3890d
2023-05-23 10:26:50,008 [Command processor thread] INFO  commandhandler.ClosePipelineCommandHandler (ClosePipelineCommandHandler.java:handle(78)) - Close Pipeline PipelineID=44ca2403-c84d-4390-9476-47ee8fe3890d command on datanode 9a8ecc75-319b-47a2-9433-72c1cc276f25.
2023-05-23 10:26:50,009 [Command processor thread] INFO  server.RaftServer (RaftServerProxy.java:remove(109)) - 9a8ecc75-319b-47a2-9433-72c1cc276f25: remove    LEADER 9a8ecc75-319b-47a2-9433-72c1cc276f25@group-475DBD44CB32:t2, leader=9a8ecc75-319b-47a2-9433-72c1cc276f25, voted=9a8ecc75-319b-47a2-9433-72c1cc276f25, raftlog=Memoized:9a8ecc75-319b-47a2-9433-72c1cc276f25@group-475DBD44CB32-SegmentedRaftLog:OPENED:c2, conf=1: peers:[b898f15d-4860-47c9-8591-05c5a169db6c|rpc:10.1.0.38:15173|admin:10.1.0.38:15172|client:10.1.0.38:15171|dataStream:10.1.0.38:15174|priority:0|startupRole:FOLLOWER, cdf07a7b-95f7-44c3-8ae6-3efcc78f5f3a|rpc:10.1.0.38:15157|admin:10.1.0.38:15156|client:10.1.0.38:15155|dataStream:10.1.0.38:15158|priority:1|startupRole:FOLLOWER, 9a8ecc75-319b-47a2-9433-72c1cc276f25|rpc:10.1.0.38:15165|admin:10.1.0.38:15164|client:10.1.0.38:15163|dataStream:10.1.0.38:15166|priority:0|startupRole:FOLLOWER]|listeners:[], old=null RUNNING
2023-05-23 10:26:50,009 [Command processor thread] INFO  server.RaftServer$Division (RaftServerImpl.java:lambda$close$4(466)) - 9a8ecc75-319b-47a2-9433-72c1cc276f25@group-475DBD44CB32: shutdown
2023-05-23 10:26:50,009 [Command processor thread] INFO  util.JmxRegister (JmxRegister.java:unregister(73)) - Successfully un-registered JMX Bean with object name Ratis:service=RaftServer,group=group-475DBD44CB32,id=9a8ecc75-319b-47a2-9433-72c1cc276f25
2023-05-23 10:26:50,009 [Command processor thread] INFO  impl.RoleInfo (RoleInfo.java:shutdownLeaderState(93)) - 9a8ecc75-319b-47a2-9433-72c1cc276f25: shutdown 9a8ecc75-319b-47a2-9433-72c1cc276f25@group-475DBD44CB32-LeaderStateImpl
2023-05-23 10:26:50,009 [9a8ecc75-319b-47a2-9433-72c1cc276f25@group-475DBD44CB32->b898f15d-4860-47c9-8591-05c5a169db6c-GrpcLogAppender-LogAppenderDaemon] WARN  server.GrpcLogAppender (GrpcLogAppender.java:mayWait(199)) - 9a8ecc75-319b-47a2-9433-72c1cc276f25@group-475DBD44CB32->b898f15d-4860-47c9-8591-05c5a169db6c-GrpcLogAppender: Wait interrupted by java.lang.InterruptedException
2023-05-23 10:26:50,009 [9a8ecc75-319b-47a2-9433-72c1cc276f25@group-475DBD44CB32->cdf07a7b-95f7-44c3-8ae6-3efcc78f5f3a-GrpcLogAppender-LogAppenderDaemon] WARN  server.GrpcLogAppender (GrpcLogAppender.java:mayWait(199)) - 9a8ecc75-319b-47a2-9433-72c1cc276f25@group-475DBD44CB32->cdf07a7b-95f7-44c3-8ae6-3efcc78f5f3a-GrpcLogAppender: Wait interrupted by java.lang.InterruptedException
2023-05-23 10:26:50,009 [Command processor thread] INFO  impl.PendingRequests (PendingRequests.java:sendNotLeaderResponses(289)) - 9a8ecc75-319b-47a2-9433-72c1cc276f25@group-475DBD44CB32-PendingRequests: sendNotLeaderResponses
2023-05-23 10:26:50,010 [grpc-default-executor-2] INFO  server.GrpcServerProtocolService (GrpcServerProtocolService.java:onCompleted(155)) - b898f15d-4860-47c9-8591-05c5a169db6c: Completed APPEND_ENTRIES, lastRequest: 9a8ecc75-319b-47a2-9433-72c1cc276f25->b898f15d-4860-47c9-8591-05c5a169db6c#2-t2,previous=(t:2, i:1),leaderCommit=1,initializing? true,entries: size=1, first=(t:2, i:2), METADATAENTRY(c:1)
2023-05-23 10:26:50,011 [grpc-default-executor-2] INFO  server.GrpcServerProtocolService (GrpcServerProtocolService.java:lambda$onCompleted$5(157)) - b898f15d-4860-47c9-8591-05c5a169db6c: Completed APPEND_ENTRIES, lastReply: null
2023-05-23 10:26:50,010 [grpc-default-executor-1] INFO  server.GrpcServerProtocolService (GrpcServerProtocolService.java:onCompleted(155)) - b898f15d-4860-47c9-8591-05c5a169db6c: Completed APPEND_ENTRIES, lastRequest: null
2023-05-23 10:26:50,011 [Command processor thread] INFO  impl.StateMachineUpdater (StateMachineUpdater.java:stopAndJoin(155)) - 9a8ecc75-319b-47a2-9433-72c1cc276f25@group-475DBD44CB32-StateMachineUpdater: set stopIndex = 2
2023-05-23 10:26:50,012 [9a8ecc75-319b-47a2-9433-72c1cc276f25@group-475DBD44CB32-StateMachineUpdater] INFO  ratis.ContainerStateMachine (ContainerStateMachine.java:takeSnapshot(330)) - group-475DBD44CB32: Taking a snapshot at:(t:2, i:2) file /home/runner/work/ozone/ozone/hadoop-ozone/integration-test/target/test-dir/MiniOzoneClusterImpl-00f23a18-bf09-4bf2-9950-b0f9dab58561/datanode-1/data/ratis/d97c19a0-75d1-4bc6-b3c9-475dbd44cb32/sm/snapshot.2_2
2023-05-23 10:26:50,012 [grpc-default-executor-1] INFO  server.GrpcServerProtocolService (GrpcServerProtocolService.java:lambda$onCompleted$5(157)) - b898f15d-4860-47c9-8591-05c5a169db6c: Completed APPEND_ENTRIES, lastReply: serverReply {
  requestorId: "9a8ecc75-319b-47a2-9433-72c1cc276f25"
  replyId: "b898f15d-4860-47c9-8591-05c5a169db6c"
  raftGroupId {
    id: "\331|\031\240u\321K\306\263\311G]\275D\3132"
  }
  callId: 4
  success: true
}
term: 2
nextIndex: 3
followerCommit: 2
matchIndex: 18446744073709551615
isHearbeat: true

2023-05-23 10:26:50,013 [grpc-default-executor-6] INFO  server.GrpcLogAppender (GrpcLogAppender.java:onCompleted(428)) - 9a8ecc75-319b-47a2-9433-72c1cc276f25@group-475DBD44CB32->b898f15d-4860-47c9-8591-05c5a169db6c-AppendLogResponseHandler: follower responses appendEntries COMPLETED
2023-05-23 10:26:50,013 [grpc-default-executor-6] INFO  leader.FollowerInfo (FollowerInfoImpl.java:lambda$new$0(52)) - 9a8ecc75-319b-47a2-9433-72c1cc276f25@group-475DBD44CB32->b898f15d-4860-47c9-8591-05c5a169db6c: decreaseNextIndex nextIndex: updateUnconditionally 3 -> 2
2023-05-23 10:26:50,013 [grpc-default-executor-3] INFO  server.GrpcLogAppender (GrpcLogAppender.java:onCompleted(428)) - 9a8ecc75-319b-47a2-9433-72c1cc276f25@group-475DBD44CB32->b898f15d-4860-47c9-8591-05c5a169db6c-AppendLogResponseHandler: follower responses appendEntries COMPLETED
2023-05-23 10:26:50,013 [grpc-default-executor-3] INFO  leader.FollowerInfo (FollowerInfoImpl.java:lambda$new$0(52)) - 9a8ecc75-319b-47a2-9433-72c1cc276f25@group-475DBD44CB32->b898f15d-4860-47c9-8591-05c5a169db6c: decreaseNextIndex nextIndex: updateUnconditionally 2 -> 1
2023-05-23 10:26:50,013 [9a8ecc75-319b-47a2-9433-72c1cc276f25@group-475DBD44CB32-StateMachineUpdater] INFO  ratis.ContainerStateMachine (ContainerStateMachine.java:takeSnapshot(341)) - group-475DBD44CB32: Finished taking a snapshot at:(t:2, i:2) file:/home/runner/work/ozone/ozone/hadoop-ozone/integration-test/target/test-dir/MiniOzoneClusterImpl-00f23a18-bf09-4bf2-9950-b0f9dab58561/datanode-1/data/ratis/d97c19a0-75d1-4bc6-b3c9-475dbd44cb32/sm/snapshot.2_2 took: 2 ms
2023-05-23 10:26:50,013 [9a8ecc75-319b-47a2-9433-72c1cc276f25@group-475DBD44CB32-StateMachineUpdater] INFO  impl.StateMachineUpdater (StateMachineUpdater.java:takeSnapshot(291)) - 9a8ecc75-319b-47a2-9433-72c1cc276f25@group-475DBD44CB32-StateMachineUpdater: Took a snapshot at index 2
2023-05-23 10:26:50,013 [9a8ecc75-319b-47a2-9433-72c1cc276f25@group-475DBD44CB32-StateMachineUpdater] INFO  impl.StateMachineUpdater (StateMachineUpdater.java:lambda$new$0(97)) - 9a8ecc75-319b-47a2-9433-72c1cc276f25@group-475DBD44CB32-StateMachineUpdater: snapshotIndex: updateIncreasingly -1 -> 2
2023-05-23 10:26:50,014 [Command processor thread] INFO  server.RaftServer$Division (ServerState.java:close(472)) - 9a8ecc75-319b-47a2-9433-72c1cc276f25@group-475DBD44CB32: closes. applyIndex: 2
2023-05-23 10:26:50,040 [Listener at 127.0.0.1/15148] INFO  container.TestHelper (TestHelper.java:countReplicas(423)) - Container 1 has 2 replicas on [9a8ecc75-319b-47a2-9433-72c1cc276f25, b898f15d-4860-47c9-8591-05c5a169db6c]
2023-05-23 10:26:50,079 [ReplicationMonitor] INFO  replication.ReplicationManager (ReplicationManager.java:processAll(403)) - Replication Monitor Thread took 1 milliseconds for processing 1 containers.
2023-05-23 10:26:50,835 [Command processor thread] INFO  segmented.SegmentedRaftLogWorker (SegmentedRaftLogWorker.java:close(252)) - 9a8ecc75-319b-47a2-9433-72c1cc276f25@group-475DBD44CB32-SegmentedRaftLogWorker close()
2023-05-23 10:26:50,837 [Command processor thread] INFO  server.RaftServer$Division (RaftServerImpl.java:groupRemove(436)) - 9a8ecc75-319b-47a2-9433-72c1cc276f25@group-475DBD44CB32: Succeed to remove RaftStorageDirectory Storage Directory /home/runner/work/ozone/ozone/hadoop-ozone/integration-test/target/test-dir/MiniOzoneClusterImpl-00f23a18-bf09-4bf2-9950-b0f9dab58561/datanode-1/data/ratis/d97c19a0-75d1-4bc6-b3c9-475dbd44cb32
2023-05-23 10:26:50,837 [Command processor thread] INFO  commandhandler.ClosePipelineCommandHandler (ClosePipelineCommandHandler.java:handle(78)) - Close Pipeline PipelineID=d97c19a0-75d1-4bc6-b3c9-475dbd44cb32 command on datanode 9a8ecc75-319b-47a2-9433-72c1cc276f25.
2023-05-23 10:26:51,028 [Command processor thread] INFO  server.RaftServer (RaftServerProxy.java:remove(109)) - b898f15d-4860-47c9-8591-05c5a169db6c: remove  FOLLOWER b898f15d-4860-47c9-8591-05c5a169db6c@group-47EE8FE3890D:t1, leader=9a8ecc75-319b-47a2-9433-72c1cc276f25, voted=9a8ecc75-319b-47a2-9433-72c1cc276f25, raftlog=Memoized:b898f15d-4860-47c9-8591-05c5a169db6c@group-47EE8FE3890D-SegmentedRaftLog:OPENED:c6, conf=0: peers:[b898f15d-4860-47c9-8591-05c5a169db6c|rpc:10.1.0.38:15173|admin:10.1.0.38:15172|client:10.1.0.38:15171|dataStream:10.1.0.38:15174|priority:0|startupRole:FOLLOWER, cdf07a7b-95f7-44c3-8ae6-3efcc78f5f3a|rpc:10.1.0.38:15157|admin:10.1.0.38:15156|client:10.1.0.38:15155|dataStream:10.1.0.38:15158|priority:0|startupRole:FOLLOWER, 9a8ecc75-319b-47a2-9433-72c1cc276f25|rpc:10.1.0.38:15165|admin:10.1.0.38:15164|client:10.1.0.38:15163|dataStream:10.1.0.38:15166|priority:1|startupRole:FOLLOWER]|listeners:[], old=null RUNNING
2023-05-23 10:26:51,029 [Command processor thread] INFO  server.RaftServer$Division (RaftServerImpl.java:lambda$close$4(466)) - b898f15d-4860-47c9-8591-05c5a169db6c@group-47EE8FE3890D: shutdown
2023-05-23 10:26:51,029 [Command processor thread] INFO  util.JmxRegister (JmxRegister.java:unregister(73)) - Successfully un-registered JMX Bean with object name Ratis:service=RaftServer,group=group-47EE8FE3890D,id=b898f15d-4860-47c9-8591-05c5a169db6c
2023-05-23 10:26:51,029 [Command processor thread] INFO  impl.RoleInfo (RoleInfo.java:shutdownFollowerState(110)) - b898f15d-4860-47c9-8591-05c5a169db6c: shutdown b898f15d-4860-47c9-8591-05c5a169db6c@group-47EE8FE3890D-FollowerState
2023-05-23 10:26:51,029 [Command processor thread] INFO  impl.StateMachineUpdater (StateMachineUpdater.java:stopAndJoin(155)) - b898f15d-4860-47c9-8591-05c5a169db6c@group-47EE8FE3890D-StateMachineUpdater: set stopIndex = 6
2023-05-23 10:26:51,029 [b898f15d-4860-47c9-8591-05c5a169db6c@group-47EE8FE3890D-FollowerState] INFO  impl.FollowerState (FollowerState.java:run(152)) - b898f15d-4860-47c9-8591-05c5a169db6c@group-47EE8FE3890D-FollowerState was interrupted
2023-05-23 10:26:51,029 [b898f15d-4860-47c9-8591-05c5a169db6c@group-47EE8FE3890D-StateMachineUpdater] INFO  ratis.ContainerStateMachine (ContainerStateMachine.java:takeSnapshot(330)) - group-47EE8FE3890D: Taking a snapshot at:(t:1, i:6) file /home/runner/work/ozone/ozone/hadoop-ozone/integration-test/target/test-dir/MiniOzoneClusterImpl-00f23a18-bf09-4bf2-9950-b0f9dab58561/datanode-2/data/ratis/44ca2403-c84d-4390-9476-47ee8fe3890d/sm/snapshot.1_6
2023-05-23 10:26:51,031 [b898f15d-4860-47c9-8591-05c5a169db6c@group-47EE8FE3890D-StateMachineUpdater] INFO  ratis.ContainerStateMachine (ContainerStateMachine.java:takeSnapshot(341)) - group-47EE8FE3890D: Finished taking a snapshot at:(t:1, i:6) file:/home/runner/work/ozone/ozone/hadoop-ozone/integration-test/target/test-dir/MiniOzoneClusterImpl-00f23a18-bf09-4bf2-9950-b0f9dab58561/datanode-2/data/ratis/44ca2403-c84d-4390-9476-47ee8fe3890d/sm/snapshot.1_6 took: 2 ms
2023-05-23 10:26:51,031 [b898f15d-4860-47c9-8591-05c5a169db6c@group-47EE8FE3890D-StateMachineUpdater] INFO  impl.StateMachineUpdater (StateMachineUpdater.java:takeSnapshot(291)) - b898f15d-4860-47c9-8591-05c5a169db6c@group-47EE8FE3890D-StateMachineUpdater: Took a snapshot at index 6
2023-05-23 10:26:51,031 [b898f15d-4860-47c9-8591-05c5a169db6c@group-47EE8FE3890D-StateMachineUpdater] INFO  impl.StateMachineUpdater (StateMachineUpdater.java:lambda$new$0(97)) - b898f15d-4860-47c9-8591-05c5a169db6c@group-47EE8FE3890D-StateMachineUpdater: snapshotIndex: updateIncreasingly -1 -> 6
2023-05-23 10:26:51,031 [Command processor thread] INFO  server.RaftServer$Division (ServerState.java:close(472)) - b898f15d-4860-47c9-8591-05c5a169db6c@group-47EE8FE3890D: closes. applyIndex: 6
2023-05-23 10:26:51,040 [Listener at 127.0.0.1/15148] INFO  container.TestHelper (TestHelper.java:countReplicas(423)) - Container 1 has 2 replicas on [9a8ecc75-319b-47a2-9433-72c1cc276f25, b898f15d-4860-47c9-8591-05c5a169db6c]
2023-05-23 10:26:51,079 [ReplicationMonitor] INFO  replication.ReplicationManager (ReplicationManager.java:processAll(403)) - Replication Monitor Thread took 0 milliseconds for processing 1 containers.
2023-05-23 10:26:52,010 [Command processor thread] INFO  segmented.SegmentedRaftLogWorker (SegmentedRaftLogWorker.java:close(252)) - b898f15d-4860-47c9-8591-05c5a169db6c@group-47EE8FE3890D-SegmentedRaftLogWorker close()
2023-05-23 10:26:52,013 [Command processor thread] INFO  server.RaftServer$Division (RaftServerImpl.java:groupRemove(436)) - b898f15d-4860-47c9-8591-05c5a169db6c@group-47EE8FE3890D: Succeed to remove RaftStorageDirectory Storage Directory /home/runner/work/ozone/ozone/hadoop-ozone/integration-test/target/test-dir/MiniOzoneClusterImpl-00f23a18-bf09-4bf2-9950-b0f9dab58561/datanode-2/data/ratis/44ca2403-c84d-4390-9476-47ee8fe3890d
2023-05-23 10:26:52,013 [Command processor thread] INFO  commandhandler.ClosePipelineCommandHandler (ClosePipelineCommandHandler.java:handle(78)) - Close Pipeline PipelineID=44ca2403-c84d-4390-9476-47ee8fe3890d command on datanode b898f15d-4860-47c9-8591-05c5a169db6c.
2023-05-23 10:26:52,013 [Command processor thread] INFO  server.RaftServer (RaftServerProxy.java:remove(109)) - b898f15d-4860-47c9-8591-05c5a169db6c: remove  FOLLOWER b898f15d-4860-47c9-8591-05c5a169db6c@group-475DBD44CB32:t2, leader=9a8ecc75-319b-47a2-9433-72c1cc276f25, voted=9a8ecc75-319b-47a2-9433-72c1cc276f25, raftlog=Memoized:b898f15d-4860-47c9-8591-05c5a169db6c@group-475DBD44CB32-SegmentedRaftLog:OPENED:c2, conf=1: peers:[b898f15d-4860-47c9-8591-05c5a169db6c|rpc:10.1.0.38:15173|admin:10.1.0.38:15172|client:10.1.0.38:15171|dataStream:10.1.0.38:15174|priority:0|startupRole:FOLLOWER, cdf07a7b-95f7-44c3-8ae6-3efcc78f5f3a|rpc:10.1.0.38:15157|admin:10.1.0.38:15156|client:10.1.0.38:15155|dataStream:10.1.0.38:15158|priority:1|startupRole:FOLLOWER, 9a8ecc75-319b-47a2-9433-72c1cc276f25|rpc:10.1.0.38:15165|admin:10.1.0.38:15164|client:10.1.0.38:15163|dataStream:10.1.0.38:15166|priority:0|startupRole:FOLLOWER]|listeners:[], old=null RUNNING
2023-05-23 10:26:52,013 [Command processor thread] INFO  server.RaftServer$Division (RaftServerImpl.java:lambda$close$4(466)) - b898f15d-4860-47c9-8591-05c5a169db6c@group-475DBD44CB32: shutdown
2023-05-23 10:26:52,013 [Command processor thread] INFO  util.JmxRegister (JmxRegister.java:unregister(73)) - Successfully un-registered JMX Bean with object name Ratis:service=RaftServer,group=group-475DBD44CB32,id=b898f15d-4860-47c9-8591-05c5a169db6c
2023-05-23 10:26:52,013 [Command processor thread] INFO  impl.RoleInfo (RoleInfo.java:shutdownFollowerState(110)) - b898f15d-4860-47c9-8591-05c5a169db6c: shutdown b898f15d-4860-47c9-8591-05c5a169db6c@group-475DBD44CB32-FollowerState
2023-05-23 10:26:52,013 [Command processor thread] INFO  impl.StateMachineUpdater (StateMachineUpdater.java:stopAndJoin(155)) - b898f15d-4860-47c9-8591-05c5a169db6c@group-475DBD44CB32-StateMachineUpdater: set stopIndex = 2
2023-05-23 10:26:52,013 [b898f15d-4860-47c9-8591-05c5a169db6c@group-475DBD44CB32-FollowerState] INFO  impl.FollowerState (FollowerState.java:run(152)) - b898f15d-4860-47c9-8591-05c5a169db6c@group-475DBD44CB32-FollowerState was interrupted
2023-05-23 10:26:52,014 [b898f15d-4860-47c9-8591-05c5a169db6c@group-475DBD44CB32-StateMachineUpdater] INFO  ratis.ContainerStateMachine (ContainerStateMachine.java:takeSnapshot(330)) - group-475DBD44CB32: Taking a snapshot at:(t:2, i:2) file /home/runner/work/ozone/ozone/hadoop-ozone/integration-test/target/test-dir/MiniOzoneClusterImpl-00f23a18-bf09-4bf2-9950-b0f9dab58561/datanode-2/data/ratis/d97c19a0-75d1-4bc6-b3c9-475dbd44cb32/sm/snapshot.2_2
2023-05-23 10:26:52,016 [b898f15d-4860-47c9-8591-05c5a169db6c@group-475DBD44CB32-StateMachineUpdater] INFO  ratis.ContainerStateMachine (ContainerStateMachine.java:takeSnapshot(341)) - group-475DBD44CB32: Finished taking a snapshot at:(t:2, i:2) file:/home/runner/work/ozone/ozone/hadoop-ozone/integration-test/target/test-dir/MiniOzoneClusterImpl-00f23a18-bf09-4bf2-9950-b0f9dab58561/datanode-2/data/ratis/d97c19a0-75d1-4bc6-b3c9-475dbd44cb32/sm/snapshot.2_2 took: 1 ms
2023-05-23 10:26:52,016 [b898f15d-4860-47c9-8591-05c5a169db6c@group-475DBD44CB32-StateMachineUpdater] INFO  impl.StateMachineUpdater (StateMachineUpdater.java:takeSnapshot(291)) - b898f15d-4860-47c9-8591-05c5a169db6c@group-475DBD44CB32-StateMachineUpdater: Took a snapshot at index 2
2023-05-23 10:26:52,016 [b898f15d-4860-47c9-8591-05c5a169db6c@group-475DBD44CB32-StateMachineUpdater] INFO  impl.StateMachineUpdater (StateMachineUpdater.java:lambda$new$0(97)) - b898f15d-4860-47c9-8591-05c5a169db6c@group-475DBD44CB32-StateMachineUpdater: snapshotIndex: updateIncreasingly -1 -> 2
2023-05-23 10:26:52,016 [Command processor thread] INFO  server.RaftServer$Division (ServerState.java:close(472)) - b898f15d-4860-47c9-8591-05c5a169db6c@group-475DBD44CB32: closes. applyIndex: 2
2023-05-23 10:26:52,041 [Listener at 127.0.0.1/15148] INFO  container.TestHelper (TestHelper.java:countReplicas(423)) - Container 1 has 2 replicas on [9a8ecc75-319b-47a2-9433-72c1cc276f25, b898f15d-4860-47c9-8591-05c5a169db6c]
2023-05-23 10:26:52,080 [ReplicationMonitor] INFO  replication.ReplicationManager (ReplicationManager.java:processAll(403)) - Replication Monitor Thread took 0 milliseconds for processing 1 containers.
2023-05-23 10:26:52,840 [Command processor thread] INFO  segmented.SegmentedRaftLogWorker (SegmentedRaftLogWorker.java:close(252)) - b898f15d-4860-47c9-8591-05c5a169db6c@group-475DBD44CB32-SegmentedRaftLogWorker close()
2023-05-23 10:26:52,847 [Command processor thread] INFO  server.RaftServer$Division (RaftServerImpl.java:groupRemove(436)) - b898f15d-4860-47c9-8591-05c5a169db6c@group-475DBD44CB32: Succeed to remove RaftStorageDirectory Storage Directory /home/runner/work/ozone/ozone/hadoop-ozone/integration-test/target/test-dir/MiniOzoneClusterImpl-00f23a18-bf09-4bf2-9950-b0f9dab58561/datanode-2/data/ratis/d97c19a0-75d1-4bc6-b3c9-475dbd44cb32
2023-05-23 10:26:52,847 [Command processor thread] INFO  commandhandler.ClosePipelineCommandHandler (ClosePipelineCommandHandler.java:handle(78)) - Close Pipeline PipelineID=d97c19a0-75d1-4bc6-b3c9-475dbd44cb32 command on datanode b898f15d-4860-47c9-8591-05c5a169db6c.
2023-05-23 10:26:53,041 [Listener at 127.0.0.1/15148] INFO  container.TestHelper (TestHelper.java:countReplicas(423)) - Container 1 has 2 replicas on [9a8ecc75-319b-47a2-9433-72c1cc276f25, b898f15d-4860-47c9-8591-05c5a169db6c]
2023-05-23 10:26:53,080 [ReplicationMonitor] INFO  replication.ReplicationManager (ReplicationManager.java:processAll(403)) - Replication Monitor Thread took 0 milliseconds for processing 1 containers.
2023-05-23 10:26:54,041 [Listener at 127.0.0.1/15148] INFO  container.TestHelper (TestHelper.java:countReplicas(423)) - Container 1 has 2 replicas on [9a8ecc75-319b-47a2-9433-72c1cc276f25, b898f15d-4860-47c9-8591-05c5a169db6c]
2023-05-23 10:26:54,081 [ReplicationMonitor] INFO  replication.ReplicationManager (ReplicationManager.java:processAll(403)) - Replication Monitor Thread took 0 milliseconds for processing 1 containers.
2023-05-23 10:26:55,042 [Listener at 127.0.0.1/15148] INFO  container.TestHelper (TestHelper.java:countReplicas(423)) - Container 1 has 2 replicas on [9a8ecc75-319b-47a2-9433-72c1cc276f25, b898f15d-4860-47c9-8591-05c5a169db6c]
2023-05-23 10:26:55,082 [ReplicationMonitor] INFO  replication.ReplicationManager (ReplicationManager.java:processAll(403)) - Replication Monitor Thread took 1 milliseconds for processing 1 containers.
2023-05-23 10:26:56,042 [Listener at 127.0.0.1/15148] INFO  container.TestHelper (TestHelper.java:countReplicas(423)) - Container 1 has 2 replicas on [9a8ecc75-319b-47a2-9433-72c1cc276f25, b898f15d-4860-47c9-8591-05c5a169db6c]
2023-05-23 10:26:56,082 [ReplicationMonitor] INFO  replication.ReplicationManager (ReplicationManager.java:processAll(403)) - Replication Monitor Thread took 0 milliseconds for processing 1 containers.
2023-05-23 10:26:57,043 [Listener at 127.0.0.1/15148] INFO  container.TestHelper (TestHelper.java:countReplicas(423)) - Container 1 has 2 replicas on [9a8ecc75-319b-47a2-9433-72c1cc276f25, b898f15d-4860-47c9-8591-05c5a169db6c]
2023-05-23 10:26:57,161 [ReplicationMonitor] INFO  replication.ReplicationManager (ReplicationManager.java:processAll(403)) - Replication Monitor Thread took 1 milliseconds for processing 1 containers.
2023-05-23 10:26:58,043 [Listener at 127.0.0.1/15148] INFO  container.TestHelper (TestHelper.java:countReplicas(423)) - Container 1 has 2 replicas on [9a8ecc75-319b-47a2-9433-72c1cc276f25, b898f15d-4860-47c9-8591-05c5a169db6c]
2023-05-23 10:26:58,161 [ReplicationMonitor] INFO  replication.ReplicationManager (ReplicationManager.java:processAll(403)) - Replication Monitor Thread took 0 milliseconds for processing 1 containers.
2023-05-23 10:26:59,043 [Listener at 127.0.0.1/15148] INFO  container.TestHelper (TestHelper.java:countReplicas(423)) - Container 1 has 2 replicas on [9a8ecc75-319b-47a2-9433-72c1cc276f25, b898f15d-4860-47c9-8591-05c5a169db6c]
2023-05-23 10:26:59,162 [ReplicationMonitor] INFO  replication.ReplicationManager (ReplicationManager.java:processAll(403)) - Replication Monitor Thread took 0 milliseconds for processing 1 containers.
2023-05-23 10:27:00,044 [Listener at 127.0.0.1/15148] INFO  container.TestHelper (TestHelper.java:countReplicas(423)) - Container 1 has 2 replicas on [9a8ecc75-319b-47a2-9433-72c1cc276f25, b898f15d-4860-47c9-8591-05c5a169db6c]
2023-05-23 10:27:00,163 [ReplicationMonitor] INFO  replication.ReplicationManager (ReplicationManager.java:processAll(403)) - Replication Monitor Thread took 1 milliseconds for processing 1 containers.
2023-05-23 10:27:01,044 [Listener at 127.0.0.1/15148] INFO  container.TestHelper (TestHelper.java:countReplicas(423)) - Container 1 has 2 replicas on [9a8ecc75-319b-47a2-9433-72c1cc276f25, b898f15d-4860-47c9-8591-05c5a169db6c]
2023-05-23 10:27:01,164 [ReplicationMonitor] INFO  replication.ReplicationManager (ReplicationManager.java:processAll(403)) - Replication Monitor Thread took 1 milliseconds for processing 1 containers.
2023-05-23 10:27:02,045 [Listener at 127.0.0.1/15148] INFO  container.TestHelper (TestHelper.java:countReplicas(423)) - Container 1 has 2 replicas on [9a8ecc75-319b-47a2-9433-72c1cc276f25, b898f15d-4860-47c9-8591-05c5a169db6c]
2023-05-23 10:27:02,164 [ReplicationMonitor] INFO  replication.ReplicationManager (ReplicationManager.java:processAll(403)) - Replication Monitor Thread took 0 milliseconds for processing 1 containers.
2023-05-23 10:27:03,045 [Listener at 127.0.0.1/15148] INFO  container.TestHelper (TestHelper.java:countReplicas(423)) - Container 1 has 2 replicas on [9a8ecc75-319b-47a2-9433-72c1cc276f25, b898f15d-4860-47c9-8591-05c5a169db6c]
2023-05-23 10:27:03,165 [ReplicationMonitor] INFO  replication.ReplicationManager (ReplicationManager.java:processAll(403)) - Replication Monitor Thread took 0 milliseconds for processing 1 containers.
2023-05-23 10:27:04,046 [Listener at 127.0.0.1/15148] INFO  container.TestHelper (TestHelper.java:countReplicas(423)) - Container 1 has 2 replicas on [9a8ecc75-319b-47a2-9433-72c1cc276f25, b898f15d-4860-47c9-8591-05c5a169db6c]
2023-05-23 10:27:04,166 [ReplicationMonitor] INFO  replication.ReplicationManager (ReplicationManager.java:processAll(403)) - Replication Monitor Thread took 1 milliseconds for processing 1 containers.
2023-05-23 10:27:05,046 [Listener at 127.0.0.1/15148] INFO  container.TestHelper (TestHelper.java:countReplicas(423)) - Container 1 has 2 replicas on [9a8ecc75-319b-47a2-9433-72c1cc276f25, b898f15d-4860-47c9-8591-05c5a169db6c]
2023-05-23 10:27:05,166 [ReplicationMonitor] INFO  replication.ReplicationManager (ReplicationManager.java:processAll(403)) - Replication Monitor Thread took 0 milliseconds for processing 1 containers.
2023-05-23 10:27:06,046 [Listener at 127.0.0.1/15148] INFO  container.TestHelper (TestHelper.java:countReplicas(423)) - Container 1 has 2 replicas on [9a8ecc75-319b-47a2-9433-72c1cc276f25, b898f15d-4860-47c9-8591-05c5a169db6c]
2023-05-23 10:27:06,167 [ReplicationMonitor] INFO  replication.ReplicationManager (ReplicationManager.java:processAll(403)) - Replication Monitor Thread took 1 milliseconds for processing 1 containers.
2023-05-23 10:27:07,047 [Listener at 127.0.0.1/15148] INFO  container.TestHelper (TestHelper.java:countReplicas(423)) - Container 1 has 2 replicas on [9a8ecc75-319b-47a2-9433-72c1cc276f25, b898f15d-4860-47c9-8591-05c5a169db6c]
2023-05-23 10:27:07,167 [ReplicationMonitor] INFO  replication.ReplicationManager (ReplicationManager.java:processAll(403)) - Replication Monitor Thread took 0 milliseconds for processing 1 containers.
2023-05-23 10:27:08,047 [Listener at 127.0.0.1/15148] INFO  container.TestHelper (TestHelper.java:countReplicas(423)) - Container 1 has 2 replicas on [9a8ecc75-319b-47a2-9433-72c1cc276f25, b898f15d-4860-47c9-8591-05c5a169db6c]
2023-05-23 10:27:08,168 [ReplicationMonitor] INFO  replication.ReplicationManager (ReplicationManager.java:processAll(403)) - Replication Monitor Thread took 0 milliseconds for processing 1 containers.
2023-05-23 10:27:09,048 [Listener at 127.0.0.1/15148] INFO  container.TestHelper (TestHelper.java:countReplicas(423)) - Container 1 has 2 replicas on [9a8ecc75-319b-47a2-9433-72c1cc276f25, b898f15d-4860-47c9-8591-05c5a169db6c]
2023-05-23 10:27:09,169 [ReplicationMonitor] INFO  replication.ReplicationManager (ReplicationManager.java:processAll(403)) - Replication Monitor Thread took 1 milliseconds for processing 1 containers.
2023-05-23 10:27:10,048 [Listener at 127.0.0.1/15148] INFO  container.TestHelper (TestHelper.java:countReplicas(423)) - Container 1 has 2 replicas on [9a8ecc75-319b-47a2-9433-72c1cc276f25, b898f15d-4860-47c9-8591-05c5a169db6c]
2023-05-23 10:27:10,169 [ReplicationMonitor] INFO  replication.ReplicationManager (ReplicationManager.java:processAll(403)) - Replication Monitor Thread took 0 milliseconds for processing 1 containers.
2023-05-23 10:27:11,049 [Listener at 127.0.0.1/15148] INFO  container.TestHelper (TestHelper.java:countReplicas(423)) - Container 1 has 2 replicas on [9a8ecc75-319b-47a2-9433-72c1cc276f25, b898f15d-4860-47c9-8591-05c5a169db6c]
2023-05-23 10:27:11,170 [ReplicationMonitor] INFO  replication.ReplicationManager (ReplicationManager.java:processAll(403)) - Replication Monitor Thread took 0 milliseconds for processing 1 containers.
2023-05-23 10:27:12,049 [Listener at 127.0.0.1/15148] INFO  container.TestHelper (TestHelper.java:countReplicas(423)) - Container 1 has 2 replicas on [9a8ecc75-319b-47a2-9433-72c1cc276f25, b898f15d-4860-47c9-8591-05c5a169db6c]
2023-05-23 10:27:12,171 [ReplicationMonitor] INFO  replication.ReplicationManager (ReplicationManager.java:processAll(403)) - Replication Monitor Thread took 1 milliseconds for processing 1 containers.
2023-05-23 10:27:13,049 [Listener at 127.0.0.1/15148] INFO  container.TestHelper (TestHelper.java:countReplicas(423)) - Container 1 has 2 replicas on [9a8ecc75-319b-47a2-9433-72c1cc276f25, b898f15d-4860-47c9-8591-05c5a169db6c]
2023-05-23 10:27:13,171 [ReplicationMonitor] INFO  replication.ReplicationManager (ReplicationManager.java:processAll(403)) - Replication Monitor Thread took 0 milliseconds for processing 1 containers.
2023-05-23 10:27:14,050 [Listener at 127.0.0.1/15148] INFO  container.TestHelper (TestHelper.java:countReplicas(423)) - Container 1 has 2 replicas on [9a8ecc75-319b-47a2-9433-72c1cc276f25, b898f15d-4860-47c9-8591-05c5a169db6c]
2023-05-23 10:27:14,172 [ReplicationMonitor] INFO  replication.ReplicationManager (ReplicationManager.java:processAll(403)) - Replication Monitor Thread took 1 milliseconds for processing 1 containers.
2023-05-23 10:27:15,050 [Listener at 127.0.0.1/15148] INFO  container.TestHelper (TestHelper.java:countReplicas(423)) - Container 1 has 2 replicas on [9a8ecc75-319b-47a2-9433-72c1cc276f25, b898f15d-4860-47c9-8591-05c5a169db6c]
2023-05-23 10:27:15,172 [ReplicationMonitor] INFO  replication.ReplicationManager (ReplicationManager.java:processAll(403)) - Replication Monitor Thread took 0 milliseconds for processing 1 containers.
2023-05-23 10:27:16,051 [Listener at 127.0.0.1/15148] INFO  container.TestHelper (TestHelper.java:countReplicas(423)) - Container 1 has 2 replicas on [9a8ecc75-319b-47a2-9433-72c1cc276f25, b898f15d-4860-47c9-8591-05c5a169db6c]
2023-05-23 10:27:16,173 [ReplicationMonitor] INFO  replication.ReplicationManager (ReplicationManager.java:processAll(403)) - Replication Monitor Thread took 0 milliseconds for processing 1 containers.
2023-05-23 10:27:17,023 [Under Replicated Processor] INFO  replication.ReplicationManager (ReplicationManager.java:sendDatanodeCommand(684)) - Sending command [replicateContainerCommand: containerId=1, replicaIndex=0, targetNode=7156f7e4-fd15-431a-a0da-daed1f966c8d(fv-az1249-304/10.1.0.38), priority=NORMAL] for container ContainerInfo{id=#1, state=CLOSED, pipelineID=PipelineID=44ca2403-c84d-4390-9476-47ee8fe3890d, stateEnterTime=2023-05-23T10:26:30.888Z, owner=om1} to b898f15d-4860-47c9-8591-05c5a169db6c(fv-az1249-304/10.1.0.38) with datanode deadline 1684838207023 and scm deadline 1684838237023
2023-05-23 10:27:17,023 [Under Replicated Processor] INFO  replication.UnhealthyReplicationProcessor (UnhealthyReplicationProcessor.java:processAll(131)) - Processed 1 containers with health state counts {UNDER_REPLICATED=1}, failed processing 0
2023-05-23 10:27:17,051 [Listener at 127.0.0.1/15148] INFO  container.TestHelper (TestHelper.java:countReplicas(423)) - Container 1 has 2 replicas on [9a8ecc75-319b-47a2-9433-72c1cc276f25, b898f15d-4860-47c9-8591-05c5a169db6c]
2023-05-23 10:27:17,174 [ReplicationMonitor] INFO  replication.ReplicationManager (ReplicationManager.java:processAll(403)) - Replication Monitor Thread took 1 milliseconds for processing 1 containers.
2023-05-23 10:27:18,051 [Listener at 127.0.0.1/15148] INFO  container.TestHelper (TestHelper.java:countReplicas(423)) - Container 1 has 2 replicas on [9a8ecc75-319b-47a2-9433-72c1cc276f25, b898f15d-4860-47c9-8591-05c5a169db6c]
2023-05-23 10:27:18,174 [ReplicationMonitor] INFO  replication.ReplicationManager (ReplicationManager.java:processAll(403)) - Replication Monitor Thread took 0 milliseconds for processing 1 containers.
2023-05-23 10:27:19,034 [ContainerReplicationThread-0] INFO  replication.PushReplicator (PushReplicator.java:replicate(58)) - Starting replication of container 1 to 7156f7e4-fd15-431a-a0da-daed1f966c8d(fv-az1249-304/10.1.0.38) using NO_COMPRESSION
2023-05-23 10:27:19,045 [ContainerReplicationThread-0] INFO  replication.GrpcOutputStream (GrpcOutputStream.java:close(111)) - Sent 9728 bytes for container 1
2023-05-23 10:27:19,052 [Listener at 127.0.0.1/15148] INFO  container.TestHelper (TestHelper.java:countReplicas(423)) - Container 1 has 2 replicas on [9a8ecc75-319b-47a2-9433-72c1cc276f25, b898f15d-4860-47c9-8591-05c5a169db6c]
2023-05-23 10:27:19,065 [ReplicationContainerReader-1] INFO  replication.SendContainerRequestHandler (SendContainerRequestHandler.java:onNext(80)) - Accepting container 1
2023-05-23 10:27:19,066 [ReplicationContainerReader-1] INFO  replication.SendContainerRequestHandler (SendContainerRequestHandler.java:onCompleted(108)) - Container 1 is downloaded with size 9728, starting to import.
2023-05-23 10:27:19,104 [ReplicationContainerReader-1] INFO  replication.SendContainerRequestHandler (SendContainerRequestHandler.java:onCompleted(114)) - Container 1 is replicated successfully
2023-05-23 10:27:19,111 [grpc-default-executor-1] INFO  replication.GrpcContainerUploader (GrpcContainerUploader.java:onCompleted(119)) - Finished uploading container 1 to 7156f7e4-fd15-431a-a0da-daed1f966c8d(fv-az1249-304/10.1.0.38)
2023-05-23 10:27:19,112 [Listener at 127.0.0.1/15148] INFO  ozone.MiniOzoneClusterImpl (MiniOzoneClusterImpl.java:shutdown(441)) - Shutting down the Mini Ozone Cluster
2023-05-23 10:27:19,113 [Listener at 127.0.0.1/15148] INFO  ozone.MiniOzoneClusterImpl (MiniOzoneClusterImpl.java:stop(458)) - Stopping the Mini Ozone Cluster
2023-05-23 10:27:19,113 [Listener at 127.0.0.1/15148] INFO  ozone.MiniOzoneClusterImpl (MiniOzoneClusterImpl.java:stopOM(544)) - Stopping the OzoneManager
2023-05-23 10:27:19,113 [Listener at 127.0.0.1/15148] INFO  om.OzoneManager (OzoneManager.java:stop(2210)) - om1[localhost:15148]: Stopping Ozone Manager
2023-05-23 10:27:19,113 [Listener at 127.0.0.1/15148] INFO  ipc.Server (Server.java:stop(3501)) - Stopping server on 15148
2023-05-23 10:27:19,113 [ContainerReplicationThread-0] INFO  replication.ReplicationSupervisor (ReplicationSupervisor.java:run(353)) - Successful DONE replicateContainerCommand: containerId=1, replicaIndex=0, targetNode=7156f7e4-fd15-431a-a0da-daed1f966c8d(fv-az1249-304/10.1.0.38), priority=NORMAL, transferred 9728 bytes
2023-05-23 10:27:19,114 [IPC Server Responder] INFO  ipc.Server (Server.java:run(1563)) - Stopping IPC Server Responder
2023-05-23 10:27:19,115 [IPC Server listener on 15148] INFO  ipc.Server (Server.java:run(1430)) - Stopping IPC Server listener on 15148
2023-05-23 10:27:19,115 [Listener at 127.0.0.1/15148] INFO  server.RaftServer (RaftServerProxy.java:lambda$close$6(416)) - om1: close
2023-05-23 10:27:19,120 [Listener at 127.0.0.1/15148] INFO  server.GrpcService (GrpcService.java:closeImpl(311)) - om1: shutdown server GrpcServerProtocolService now
2023-05-23 10:27:19,120 [om1-impl-thread2] INFO  server.RaftServer$Division (RaftServerImpl.java:lambda$close$4(466)) - om1@group-C5BA1605619E: shutdown
2023-05-23 10:27:19,121 [om1-impl-thread2] INFO  util.JmxRegister (JmxRegister.java:unregister(73)) - Successfully un-registered JMX Bean with object name Ratis:service=RaftServer,group=group-C5BA1605619E,id=om1
2023-05-23 10:27:19,121 [om1-impl-thread2] INFO  impl.RoleInfo (RoleInfo.java:shutdownLeaderState(93)) - om1: shutdown om1@group-C5BA1605619E-LeaderStateImpl
2023-05-23 10:27:19,121 [om1-impl-thread2] INFO  impl.PendingRequests (PendingRequests.java:sendNotLeaderResponses(289)) - om1@group-C5BA1605619E-PendingRequests: sendNotLeaderResponses
2023-05-23 10:27:19,125 [Listener at 127.0.0.1/15148] INFO  server.GrpcService (GrpcService.java:closeImpl(320)) - om1: shutdown server GrpcServerProtocolService successfully
2023-05-23 10:27:19,126 [om1@group-C5BA1605619E-StateMachineUpdater] INFO  ratis.OzoneManagerStateMachine (OzoneManagerStateMachine.java:takeSnapshot(479)) - Current Snapshot Index (t:1, i:10)
2023-05-23 10:27:19,127 [om1-impl-thread2] INFO  impl.StateMachineUpdater (StateMachineUpdater.java:stopAndJoin(155)) - om1@group-C5BA1605619E-StateMachineUpdater: set stopIndex = 10
2023-05-23 10:27:19,148 [om1@group-C5BA1605619E-StateMachineUpdater] INFO  impl.StateMachineUpdater (StateMachineUpdater.java:takeSnapshot(291)) - om1@group-C5BA1605619E-StateMachineUpdater: Took a snapshot at index 10
2023-05-23 10:27:19,148 [om1@group-C5BA1605619E-StateMachineUpdater] INFO  impl.StateMachineUpdater (StateMachineUpdater.java:lambda$new$0(97)) - om1@group-C5BA1605619E-StateMachineUpdater: snapshotIndex: updateIncreasingly -1 -> 10
2023-05-23 10:27:19,148 [om1@group-C5BA1605619E-StateMachineUpdater] INFO  ratis.OzoneManagerStateMachine (OzoneManagerStateMachine.java:close(533)) - StateMachine has shutdown. Shutdown OzoneManager if not already shutdown.
2023-05-23 10:27:19,148 [om1@group-C5BA1605619E-StateMachineUpdater] INFO  ratis.OzoneManagerDoubleBuffer (OzoneManagerDoubleBuffer.java:stopDaemon(559)) - Stopping OMDoubleBuffer flush thread
2023-05-23 10:27:19,148 [OMDoubleBufferFlushThread] INFO  ratis.OzoneManagerDoubleBuffer (OzoneManagerDoubleBuffer.java:canFlush(648)) - OMDoubleBuffer flush thread OMDoubleBufferFlushThread is interrupted and will exit.
2023-05-23 10:27:19,149 [om1-impl-thread2] INFO  server.RaftServer$Division (ServerState.java:close(472)) - om1@group-C5BA1605619E: closes. applyIndex: 10
2023-05-23 10:27:19,175 [ReplicationMonitor] INFO  replication.ReplicationManager (ReplicationManager.java:processAll(403)) - Replication Monitor Thread took 1 milliseconds for processing 1 containers.
2023-05-23 10:27:20,028 [om1-impl-thread2] INFO  segmented.SegmentedRaftLogWorker (SegmentedRaftLogWorker.java:close(252)) - om1@group-C5BA1605619E-SegmentedRaftLogWorker close()
2023-05-23 10:27:20,030 [JvmPauseMonitor18] INFO  util.JvmPauseMonitor (JvmPauseMonitor.java:run(109)) - JvmPauseMonitor-om1: Stopped
2023-05-23 10:27:20,030 [Listener at 127.0.0.1/15148] INFO  ratis.OzoneManagerStateMachine (OzoneManagerStateMachine.java:close(533)) - StateMachine has shutdown. Shutdown OzoneManager if not already shutdown.
2023-05-23 10:27:20,030 [Listener at 127.0.0.1/15148] INFO  ratis.OzoneManagerDoubleBuffer (OzoneManagerDoubleBuffer.java:stopDaemon(568)) - OMDoubleBuffer flush thread is not running.
2023-05-23 10:27:20,031 [Listener at 127.0.0.1/15148] INFO  utils.BackgroundService (BackgroundService.java:shutdown(141)) - Shutting down service KeyDeletingService
2023-05-23 10:27:20,031 [Listener at 127.0.0.1/15148] INFO  utils.BackgroundService (BackgroundService.java:shutdown(141)) - Shutting down service KeyDeletingService
2023-05-23 10:27:20,031 [Listener at 127.0.0.1/15148] INFO  utils.BackgroundService (BackgroundService.java:shutdown(141)) - Shutting down service OpenKeyCleanupService
2023-05-23 10:27:20,031 [Listener at 127.0.0.1/15148] INFO  utils.BackgroundService (BackgroundService.java:shutdown(141)) - Shutting down service SstFilteringService
2023-05-23 10:27:20,032 [Listener at 127.0.0.1/15148] INFO  utils.BackgroundService (BackgroundService.java:shutdown(141)) - Shutting down service SnapshotDeletingService
2023-05-23 10:27:20,032 [Listener at 127.0.0.1/15148] INFO  handler.ContextHandler (ContextHandler.java:doStop(1159)) - Stopped o.e.j.w.WebAppContext@3be437d{ozoneManager,/,null,STOPPED}{file:/home/runner/work/ozone/ozone/hadoop-ozone/integration-test/target/test-classes/webapps/ozoneManager}
2023-05-23 10:27:20,033 [Listener at 127.0.0.1/15148] INFO  server.AbstractConnector (AbstractConnector.java:doStop(383)) - Stopped ServerConnector@6122af02{HTTP/1.1, (http/1.1)}{0.0.0.0:15149}
2023-05-23 10:27:20,033 [Listener at 127.0.0.1/15148] INFO  server.session (HouseKeeper.java:stopScavenging(149)) - node0 Stopped scavenging
2023-05-23 10:27:20,033 [Listener at 127.0.0.1/15148] INFO  handler.ContextHandler (ContextHandler.java:doStop(1159)) - Stopped o.e.j.s.ServletContextHandler@2535d490{static,/static,file:///home/runner/work/ozone/ozone/hadoop-ozone/integration-test/target/test-classes/webapps/static,STOPPED}
2023-05-23 10:27:20,033 [Listener at 127.0.0.1/15148] INFO  handler.ContextHandler (ContextHandler.java:doStop(1159)) - Stopped o.e.j.s.ServletContextHandler@6f437f1e{logs,/logs,file:///home/runner/work/ozone/ozone/hadoop-ozone/integration-test/target/log,STOPPED}
2023-05-23 10:27:20,036 [Listener at 127.0.0.1/15148] INFO  utils.BackgroundService (BackgroundService.java:shutdown(141)) - Shutting down service SnapshotDiffCleanupService
2023-05-23 10:27:20,037 [Listener at 127.0.0.1/15148] INFO  ozone.MiniOzoneClusterImpl (MiniOzoneClusterImpl.java:stopDatanodes(521)) - Stopping the HddsDatanodes
2023-05-23 10:27:20,039 [Listener at 127.0.0.1/15148] INFO  ozoneimpl.OzoneContainer (OzoneContainer.java:stop(419)) - Attempting to stop container services.
2023-05-23 10:27:20,039 [Listener at 127.0.0.1/15148] INFO  server.RaftServer (RaftServerProxy.java:lambda$close$6(416)) - b898f15d-4860-47c9-8591-05c5a169db6c: close
2023-05-23 10:27:20,040 [Listener at 127.0.0.1/15148] INFO  server.GrpcService (GrpcService.java:closeImpl(311)) - b898f15d-4860-47c9-8591-05c5a169db6c: shutdown server org.apache.ratis.grpc.server.GrpcClientProtocolService now
2023-05-23 10:27:20,040 [b898f15d-4860-47c9-8591-05c5a169db6c-impl-thread2] INFO  server.RaftServer$Division (RaftServerImpl.java:lambda$close$4(466)) - b898f15d-4860-47c9-8591-05c5a169db6c@group-4FAE459B0B50: shutdown
2023-05-23 10:27:20,040 [b898f15d-4860-47c9-8591-05c5a169db6c-impl-thread2] INFO  util.JmxRegister (JmxRegister.java:unregister(73)) - Successfully un-registered JMX Bean with object name Ratis:service=RaftServer,group=group-4FAE459B0B50,id=b898f15d-4860-47c9-8591-05c5a169db6c
2023-05-23 10:27:20,040 [b898f15d-4860-47c9-8591-05c5a169db6c-impl-thread2] INFO  impl.RoleInfo (RoleInfo.java:shutdownLeaderState(93)) - b898f15d-4860-47c9-8591-05c5a169db6c: shutdown b898f15d-4860-47c9-8591-05c5a169db6c@group-4FAE459B0B50-LeaderStateImpl
2023-05-23 10:27:20,040 [b898f15d-4860-47c9-8591-05c5a169db6c-impl-thread2] INFO  impl.PendingRequests (PendingRequests.java:sendNotLeaderResponses(289)) - b898f15d-4860-47c9-8591-05c5a169db6c@group-4FAE459B0B50-PendingRequests: sendNotLeaderResponses
2023-05-23 10:27:20,041 [b898f15d-4860-47c9-8591-05c5a169db6c-impl-thread2] INFO  impl.StateMachineUpdater (StateMachineUpdater.java:stopAndJoin(155)) - b898f15d-4860-47c9-8591-05c5a169db6c@group-4FAE459B0B50-StateMachineUpdater: set stopIndex = 0
2023-05-23 10:27:20,041 [b898f15d-4860-47c9-8591-05c5a169db6c@group-4FAE459B0B50-StateMachineUpdater] INFO  ratis.ContainerStateMachine (ContainerStateMachine.java:takeSnapshot(330)) - group-4FAE459B0B50: Taking a snapshot at:(t:1, i:0) file /home/runner/work/ozone/ozone/hadoop-ozone/integration-test/target/test-dir/MiniOzoneClusterImpl-00f23a18-bf09-4bf2-9950-b0f9dab58561/datanode-2/data/ratis/82dec945-5355-4c8f-b0c4-4fae459b0b50/sm/snapshot.1_0
2023-05-23 10:27:20,042 [b898f15d-4860-47c9-8591-05c5a169db6c@group-4FAE459B0B50-StateMachineUpdater] INFO  ratis.ContainerStateMachine (ContainerStateMachine.java:takeSnapshot(341)) - group-4FAE459B0B50: Finished taking a snapshot at:(t:1, i:0) file:/home/runner/work/ozone/ozone/hadoop-ozone/integration-test/target/test-dir/MiniOzoneClusterImpl-00f23a18-bf09-4bf2-9950-b0f9dab58561/datanode-2/data/ratis/82dec945-5355-4c8f-b0c4-4fae459b0b50/sm/snapshot.1_0 took: 1 ms
2023-05-23 10:27:20,043 [ForkJoinPool.commonPool-worker-2] INFO  ozoneimpl.OzoneContainer (OzoneContainer.java:stop(419)) - Attempting to stop container services.
2023-05-23 10:27:20,043 [b898f15d-4860-47c9-8591-05c5a169db6c@group-4FAE459B0B50-StateMachineUpdater] INFO  impl.StateMachineUpdater (StateMachineUpdater.java:takeSnapshot(291)) - b898f15d-4860-47c9-8591-05c5a169db6c@group-4FAE459B0B50-StateMachineUpdater: Took a snapshot at index 0
2023-05-23 10:27:20,043 [b898f15d-4860-47c9-8591-05c5a169db6c@group-4FAE459B0B50-StateMachineUpdater] INFO  impl.StateMachineUpdater (StateMachineUpdater.java:lambda$new$0(97)) - b898f15d-4860-47c9-8591-05c5a169db6c@group-4FAE459B0B50-StateMachineUpdater: snapshotIndex: updateIncreasingly -1 -> 0
2023-05-23 10:27:20,043 [b898f15d-4860-47c9-8591-05c5a169db6c-impl-thread2] INFO  server.RaftServer$Division (ServerState.java:close(472)) - b898f15d-4860-47c9-8591-05c5a169db6c@group-4FAE459B0B50: closes. applyIndex: 0
2023-05-23 10:27:20,044 [ForkJoinPool.commonPool-worker-2] INFO  server.RaftServer (RaftServerProxy.java:lambda$close$6(416)) - 9a8ecc75-319b-47a2-9433-72c1cc276f25: close
2023-05-23 10:27:20,044 [Thread-2199] INFO  server.GrpcServerProtocolClient (GrpcServerProtocolClient.java:close(103)) - cdf07a7b-95f7-44c3-8ae6-3efcc78f5f3a Close channels
2023-05-23 10:27:20,044 [ForkJoinPool.commonPool-worker-2] INFO  server.GrpcService (GrpcService.java:closeImpl(311)) - 9a8ecc75-319b-47a2-9433-72c1cc276f25: shutdown server org.apache.ratis.grpc.server.GrpcClientProtocolService now
2023-05-23 10:27:20,045 [Thread-2200] INFO  server.GrpcServerProtocolClient (GrpcServerProtocolClient.java:close(103)) - 9a8ecc75-319b-47a2-9433-72c1cc276f25 Close channels
2023-05-23 10:27:20,045 [9a8ecc75-319b-47a2-9433-72c1cc276f25-impl-thread2] INFO  server.RaftServer$Division (RaftServerImpl.java:lambda$close$4(466)) - 9a8ecc75-319b-47a2-9433-72c1cc276f25@group-466CBA6666DA: shutdown
2023-05-23 10:27:20,045 [Thread-2203] INFO  server.GrpcServerProtocolClient (GrpcServerProtocolClient.java:close(103)) - cdf07a7b-95f7-44c3-8ae6-3efcc78f5f3a Close channels
2023-05-23 10:27:20,045 [9a8ecc75-319b-47a2-9433-72c1cc276f25-impl-thread2] INFO  util.JmxRegister (JmxRegister.java:unregister(73)) - Successfully un-registered JMX Bean with object name Ratis:service=RaftServer,group=group-466CBA6666DA,id=9a8ecc75-319b-47a2-9433-72c1cc276f25
2023-05-23 10:27:20,046 [9a8ecc75-319b-47a2-9433-72c1cc276f25-impl-thread2] INFO  impl.RoleInfo (RoleInfo.java:shutdownLeaderState(93)) - 9a8ecc75-319b-47a2-9433-72c1cc276f25: shutdown 9a8ecc75-319b-47a2-9433-72c1cc276f25@group-466CBA6666DA-LeaderStateImpl
2023-05-23 10:27:20,047 [9a8ecc75-319b-47a2-9433-72c1cc276f25-impl-thread2] INFO  impl.PendingRequests (PendingRequests.java:sendNotLeaderResponses(289)) - 9a8ecc75-319b-47a2-9433-72c1cc276f25@group-466CBA6666DA-PendingRequests: sendNotLeaderResponses
2023-05-23 10:27:20,047 [9a8ecc75-319b-47a2-9433-72c1cc276f25-impl-thread2] INFO  impl.StateMachineUpdater (StateMachineUpdater.java:stopAndJoin(155)) - 9a8ecc75-319b-47a2-9433-72c1cc276f25@group-466CBA6666DA-StateMachineUpdater: set stopIndex = 0
2023-05-23 10:27:20,047 [9a8ecc75-319b-47a2-9433-72c1cc276f25@group-466CBA6666DA-StateMachineUpdater] INFO  ratis.ContainerStateMachine (ContainerStateMachine.java:takeSnapshot(330)) - group-466CBA6666DA: Taking a snapshot at:(t:1, i:0) file /home/runner/work/ozone/ozone/hadoop-ozone/integration-test/target/test-dir/MiniOzoneClusterImpl-00f23a18-bf09-4bf2-9950-b0f9dab58561/datanode-1/data/ratis/eb6d013e-5984-4417-8b3a-466cba6666da/sm/snapshot.1_0
2023-05-23 10:27:20,048 [Thread-2202] INFO  server.GrpcServerProtocolClient (GrpcServerProtocolClient.java:close(103)) - b898f15d-4860-47c9-8591-05c5a169db6c Close channels
2023-05-23 10:27:20,049 [Listener at 127.0.0.1/15148] INFO  server.GrpcService (GrpcService.java:closeImpl(320)) - b898f15d-4860-47c9-8591-05c5a169db6c: shutdown server org.apache.ratis.grpc.server.GrpcClientProtocolService successfully
2023-05-23 10:27:20,049 [Listener at 127.0.0.1/15148] INFO  server.GrpcService (GrpcService.java:closeImpl(311)) - b898f15d-4860-47c9-8591-05c5a169db6c: shutdown server GrpcServerProtocolService now
2023-05-23 10:27:20,049 [9a8ecc75-319b-47a2-9433-72c1cc276f25@group-466CBA6666DA-StateMachineUpdater] INFO  ratis.ContainerStateMachine (ContainerStateMachine.java:takeSnapshot(341)) - group-466CBA6666DA: Finished taking a snapshot at:(t:1, i:0) file:/home/runner/work/ozone/ozone/hadoop-ozone/integration-test/target/test-dir/MiniOzoneClusterImpl-00f23a18-bf09-4bf2-9950-b0f9dab58561/datanode-1/data/ratis/eb6d013e-5984-4417-8b3a-466cba6666da/sm/snapshot.1_0 took: 2 ms
2023-05-23 10:27:20,049 [9a8ecc75-319b-47a2-9433-72c1cc276f25@group-466CBA6666DA-StateMachineUpdater] INFO  impl.StateMachineUpdater (StateMachineUpdater.java:takeSnapshot(291)) - 9a8ecc75-319b-47a2-9433-72c1cc276f25@group-466CBA6666DA-StateMachineUpdater: Took a snapshot at index 0
2023-05-23 10:27:20,049 [9a8ecc75-319b-47a2-9433-72c1cc276f25@group-466CBA6666DA-StateMachineUpdater] INFO  impl.StateMachineUpdater (StateMachineUpdater.java:lambda$new$0(97)) - 9a8ecc75-319b-47a2-9433-72c1cc276f25@group-466CBA6666DA-StateMachineUpdater: snapshotIndex: updateIncreasingly -1 -> 0
2023-05-23 10:27:20,050 [9a8ecc75-319b-47a2-9433-72c1cc276f25-impl-thread2] INFO  server.RaftServer$Division (ServerState.java:close(472)) - 9a8ecc75-319b-47a2-9433-72c1cc276f25@group-466CBA6666DA: closes. applyIndex: 0
2023-05-23 10:27:20,055 [ForkJoinPool.commonPool-worker-2] INFO  server.GrpcService (GrpcService.java:closeImpl(320)) - 9a8ecc75-319b-47a2-9433-72c1cc276f25: shutdown server org.apache.ratis.grpc.server.GrpcClientProtocolService successfully
2023-05-23 10:27:20,055 [ForkJoinPool.commonPool-worker-2] INFO  server.GrpcService (GrpcService.java:closeImpl(311)) - 9a8ecc75-319b-47a2-9433-72c1cc276f25: shutdown server GrpcServerProtocolService now
2023-05-23 10:27:20,056 [Listener at 127.0.0.1/15148] INFO  server.GrpcService (GrpcService.java:closeImpl(320)) - b898f15d-4860-47c9-8591-05c5a169db6c: shutdown server GrpcServerProtocolService successfully
2023-05-23 10:27:20,056 [Listener at 127.0.0.1/15148] INFO  server.GrpcService (GrpcService.java:closeImpl(311)) - b898f15d-4860-47c9-8591-05c5a169db6c: shutdown server org.apache.ratis.grpc.server.GrpcAdminProtocolService now
2023-05-23 10:27:20,058 [ForkJoinPool.commonPool-worker-3] INFO  ozoneimpl.OzoneContainer (OzoneContainer.java:stop(419)) - Attempting to stop container services.
2023-05-23 10:27:20,064 [ForkJoinPool.commonPool-worker-2] INFO  server.GrpcService (GrpcService.java:closeImpl(320)) - 9a8ecc75-319b-47a2-9433-72c1cc276f25: shutdown server GrpcServerProtocolService successfully
2023-05-23 10:27:20,065 [ForkJoinPool.commonPool-worker-2] INFO  server.GrpcService (GrpcService.java:closeImpl(311)) - 9a8ecc75-319b-47a2-9433-72c1cc276f25: shutdown server org.apache.ratis.grpc.server.GrpcAdminProtocolService now
2023-05-23 10:27:20,065 [Listener at 127.0.0.1/15148] INFO  server.GrpcService (GrpcService.java:closeImpl(320)) - b898f15d-4860-47c9-8591-05c5a169db6c: shutdown server org.apache.ratis.grpc.server.GrpcAdminProtocolService successfully
2023-05-23 10:27:20,065 [b898f15d-4860-47c9-8591-05c5a169db6c-NettyServerStreamRpc-bossGroup--thread1] INFO  logging.LoggingHandler (AbstractInternalLogger.java:log(148)) - [id: 0x23a80175, L:/0:0:0:0:0:0:0:0:15174] CLOSE
2023-05-23 10:27:20,065 [b898f15d-4860-47c9-8591-05c5a169db6c-NettyServerStreamRpc-bossGroup--thread1] INFO  logging.LoggingHandler (AbstractInternalLogger.java:log(148)) - [id: 0x23a80175, L:/0:0:0:0:0:0:0:0:15174] INACTIVE
2023-05-23 10:27:20,065 [b898f15d-4860-47c9-8591-05c5a169db6c-NettyServerStreamRpc-bossGroup--thread1] INFO  logging.LoggingHandler (AbstractInternalLogger.java:log(148)) - [id: 0x23a80175, L:/0:0:0:0:0:0:0:0:15174] UNREGISTERED
2023-05-23 10:27:20,066 [ForkJoinPool.commonPool-worker-3] INFO  server.RaftServer (RaftServerProxy.java:lambda$close$6(416)) - 3cc5c5e2-96d2-4640-9ca3-0d98a4ccb12e: close
2023-05-23 10:27:20,067 [ForkJoinPool.commonPool-worker-2] INFO  server.GrpcService (GrpcService.java:closeImpl(320)) - 9a8ecc75-319b-47a2-9433-72c1cc276f25: shutdown server org.apache.ratis.grpc.server.GrpcAdminProtocolService successfully
2023-05-23 10:27:20,068 [ForkJoinPool.commonPool-worker-3] INFO  server.GrpcService (GrpcService.java:closeImpl(311)) - 3cc5c5e2-96d2-4640-9ca3-0d98a4ccb12e: shutdown server org.apache.ratis.grpc.server.GrpcClientProtocolService now
2023-05-23 10:27:20,070 [9a8ecc75-319b-47a2-9433-72c1cc276f25-NettyServerStreamRpc-bossGroup--thread1] INFO  logging.LoggingHandler (AbstractInternalLogger.java:log(148)) - [id: 0x964d7159, L:/0:0:0:0:0:0:0:0:15166] CLOSE
2023-05-23 10:27:20,070 [9a8ecc75-319b-47a2-9433-72c1cc276f25-NettyServerStreamRpc-bossGroup--thread1] INFO  logging.LoggingHandler (AbstractInternalLogger.java:log(148)) - [id: 0x964d7159, L:/0:0:0:0:0:0:0:0:15166] INACTIVE
2023-05-23 10:27:20,070 [9a8ecc75-319b-47a2-9433-72c1cc276f25-NettyServerStreamRpc-bossGroup--thread1] INFO  logging.LoggingHandler (AbstractInternalLogger.java:log(148)) - [id: 0x964d7159, L:/0:0:0:0:0:0:0:0:15166] UNREGISTERED
2023-05-23 10:27:20,071 [3cc5c5e2-96d2-4640-9ca3-0d98a4ccb12e-impl-thread2] INFO  server.RaftServer$Division (RaftServerImpl.java:lambda$close$4(466)) - 3cc5c5e2-96d2-4640-9ca3-0d98a4ccb12e@group-75A4F657E23F: shutdown
2023-05-23 10:27:20,071 [3cc5c5e2-96d2-4640-9ca3-0d98a4ccb12e-impl-thread2] INFO  util.JmxRegister (JmxRegister.java:unregister(73)) - Successfully un-registered JMX Bean with object name Ratis:service=RaftServer,group=group-75A4F657E23F,id=3cc5c5e2-96d2-4640-9ca3-0d98a4ccb12e
2023-05-23 10:27:20,071 [3cc5c5e2-96d2-4640-9ca3-0d98a4ccb12e-impl-thread2] INFO  impl.RoleInfo (RoleInfo.java:shutdownLeaderState(93)) - 3cc5c5e2-96d2-4640-9ca3-0d98a4ccb12e: shutdown 3cc5c5e2-96d2-4640-9ca3-0d98a4ccb12e@group-75A4F657E23F-LeaderStateImpl
2023-05-23 10:27:20,071 [3cc5c5e2-96d2-4640-9ca3-0d98a4ccb12e-impl-thread2] INFO  impl.PendingRequests (PendingRequests.java:sendNotLeaderResponses(289)) - 3cc5c5e2-96d2-4640-9ca3-0d98a4ccb12e@group-75A4F657E23F-PendingRequests: sendNotLeaderResponses
2023-05-23 10:27:20,072 [3cc5c5e2-96d2-4640-9ca3-0d98a4ccb12e-impl-thread2] INFO  impl.StateMachineUpdater (StateMachineUpdater.java:stopAndJoin(155)) - 3cc5c5e2-96d2-4640-9ca3-0d98a4ccb12e@group-75A4F657E23F-StateMachineUpdater: set stopIndex = 0
2023-05-23 10:27:20,072 [3cc5c5e2-96d2-4640-9ca3-0d98a4ccb12e@group-75A4F657E23F-StateMachineUpdater] INFO  ratis.ContainerStateMachine (ContainerStateMachine.java:takeSnapshot(330)) - group-75A4F657E23F: Taking a snapshot at:(t:1, i:0) file /home/runner/work/ozone/ozone/hadoop-ozone/integration-test/target/test-dir/MiniOzoneClusterImpl-00f23a18-bf09-4bf2-9950-b0f9dab58561/datanode-4/data/ratis/ba39a097-0da7-483b-9e67-75a4f657e23f/sm/snapshot.1_0
2023-05-23 10:27:20,072 [ForkJoinPool.commonPool-worker-3] INFO  server.GrpcService (GrpcService.java:closeImpl(320)) - 3cc5c5e2-96d2-4640-9ca3-0d98a4ccb12e: shutdown server org.apache.ratis.grpc.server.GrpcClientProtocolService successfully
2023-05-23 10:27:20,072 [ForkJoinPool.commonPool-worker-3] INFO  server.GrpcService (GrpcService.java:closeImpl(311)) - 3cc5c5e2-96d2-4640-9ca3-0d98a4ccb12e: shutdown server GrpcServerProtocolService now
2023-05-23 10:27:20,073 [3cc5c5e2-96d2-4640-9ca3-0d98a4ccb12e@group-75A4F657E23F-StateMachineUpdater] INFO  ratis.ContainerStateMachine (ContainerStateMachine.java:takeSnapshot(341)) - group-75A4F657E23F: Finished taking a snapshot at:(t:1, i:0) file:/home/runner/work/ozone/ozone/hadoop-ozone/integration-test/target/test-dir/MiniOzoneClusterImpl-00f23a18-bf09-4bf2-9950-b0f9dab58561/datanode-4/data/ratis/ba39a097-0da7-483b-9e67-75a4f657e23f/sm/snapshot.1_0 took: 1 ms
2023-05-23 10:27:20,073 [3cc5c5e2-96d2-4640-9ca3-0d98a4ccb12e@group-75A4F657E23F-StateMachineUpdater] INFO  impl.StateMachineUpdater (StateMachineUpdater.java:takeSnapshot(291)) - 3cc5c5e2-96d2-4640-9ca3-0d98a4ccb12e@group-75A4F657E23F-StateMachineUpdater: Took a snapshot at index 0
2023-05-23 10:27:20,073 [3cc5c5e2-96d2-4640-9ca3-0d98a4ccb12e@group-75A4F657E23F-StateMachineUpdater] INFO  impl.StateMachineUpdater (StateMachineUpdater.java:lambda$new$0(97)) - 3cc5c5e2-96d2-4640-9ca3-0d98a4ccb12e@group-75A4F657E23F-StateMachineUpdater: snapshotIndex: updateIncreasingly -1 -> 0
2023-05-23 10:27:20,074 [3cc5c5e2-96d2-4640-9ca3-0d98a4ccb12e-impl-thread2] INFO  server.RaftServer$Division (ServerState.java:close(472)) - 3cc5c5e2-96d2-4640-9ca3-0d98a4ccb12e@group-75A4F657E23F: closes. applyIndex: 0
2023-05-23 10:27:20,076 [ForkJoinPool.commonPool-worker-3] INFO  server.GrpcService (GrpcService.java:closeImpl(320)) - 3cc5c5e2-96d2-4640-9ca3-0d98a4ccb12e: shutdown server GrpcServerProtocolService successfully
2023-05-23 10:27:20,076 [ForkJoinPool.commonPool-worker-3] INFO  server.GrpcService (GrpcService.java:closeImpl(311)) - 3cc5c5e2-96d2-4640-9ca3-0d98a4ccb12e: shutdown server org.apache.ratis.grpc.server.GrpcAdminProtocolService now
2023-05-23 10:27:20,077 [ForkJoinPool.commonPool-worker-3] INFO  server.GrpcService (GrpcService.java:closeImpl(320)) - 3cc5c5e2-96d2-4640-9ca3-0d98a4ccb12e: shutdown server org.apache.ratis.grpc.server.GrpcAdminProtocolService successfully
2023-05-23 10:27:20,077 [3cc5c5e2-96d2-4640-9ca3-0d98a4ccb12e-NettyServerStreamRpc-bossGroup--thread1] INFO  logging.LoggingHandler (AbstractInternalLogger.java:log(148)) - [id: 0xe625a0aa, L:/0:0:0:0:0:0:0:0:15190] CLOSE
2023-05-23 10:27:20,077 [3cc5c5e2-96d2-4640-9ca3-0d98a4ccb12e-NettyServerStreamRpc-bossGroup--thread1] INFO  logging.LoggingHandler (AbstractInternalLogger.java:log(148)) - [id: 0xe625a0aa, L:/0:0:0:0:0:0:0:0:15190] INACTIVE
2023-05-23 10:27:20,077 [3cc5c5e2-96d2-4640-9ca3-0d98a4ccb12e-NettyServerStreamRpc-bossGroup--thread1] INFO  logging.LoggingHandler (AbstractInternalLogger.java:log(148)) - [id: 0xe625a0aa, L:/0:0:0:0:0:0:0:0:15190] UNREGISTERED
2023-05-23 10:27:20,081 [ForkJoinPool.commonPool-worker-0] INFO  ozoneimpl.OzoneContainer (OzoneContainer.java:stop(419)) - Attempting to stop container services.
2023-05-23 10:27:20,088 [ForkJoinPool.commonPool-worker-0] INFO  server.RaftServer (RaftServerProxy.java:lambda$close$6(416)) - 7156f7e4-fd15-431a-a0da-daed1f966c8d: close
2023-05-23 10:27:20,089 [ForkJoinPool.commonPool-worker-0] INFO  server.GrpcService (GrpcService.java:closeImpl(311)) - 7156f7e4-fd15-431a-a0da-daed1f966c8d: shutdown server org.apache.ratis.grpc.server.GrpcClientProtocolService now
2023-05-23 10:27:20,089 [7156f7e4-fd15-431a-a0da-daed1f966c8d-impl-thread2] INFO  server.RaftServer$Division (RaftServerImpl.java:lambda$close$4(466)) - 7156f7e4-fd15-431a-a0da-daed1f966c8d@group-39B6525C880F: shutdown
2023-05-23 10:27:20,089 [7156f7e4-fd15-431a-a0da-daed1f966c8d-impl-thread2] INFO  util.JmxRegister (JmxRegister.java:unregister(73)) - Successfully un-registered JMX Bean with object name Ratis:service=RaftServer,group=group-39B6525C880F,id=7156f7e4-fd15-431a-a0da-daed1f966c8d
2023-05-23 10:27:20,090 [7156f7e4-fd15-431a-a0da-daed1f966c8d-impl-thread2] INFO  impl.RoleInfo (RoleInfo.java:shutdownLeaderState(93)) - 7156f7e4-fd15-431a-a0da-daed1f966c8d: shutdown 7156f7e4-fd15-431a-a0da-daed1f966c8d@group-39B6525C880F-LeaderStateImpl
2023-05-23 10:27:20,090 [7156f7e4-fd15-431a-a0da-daed1f966c8d-impl-thread2] INFO  impl.PendingRequests (PendingRequests.java:sendNotLeaderResponses(289)) - 7156f7e4-fd15-431a-a0da-daed1f966c8d@group-39B6525C880F-PendingRequests: sendNotLeaderResponses
2023-05-23 10:27:20,090 [7156f7e4-fd15-431a-a0da-daed1f966c8d-impl-thread2] INFO  impl.StateMachineUpdater (StateMachineUpdater.java:stopAndJoin(155)) - 7156f7e4-fd15-431a-a0da-daed1f966c8d@group-39B6525C880F-StateMachineUpdater: set stopIndex = 0
2023-05-23 10:27:20,092 [7156f7e4-fd15-431a-a0da-daed1f966c8d@group-39B6525C880F-StateMachineUpdater] INFO  ratis.ContainerStateMachine (ContainerStateMachine.java:takeSnapshot(330)) - group-39B6525C880F: Taking a snapshot at:(t:1, i:0) file /home/runner/work/ozone/ozone/hadoop-ozone/integration-test/target/test-dir/MiniOzoneClusterImpl-00f23a18-bf09-4bf2-9950-b0f9dab58561/datanode-3/data/ratis/9033f8d5-21be-40e1-ae74-39b6525c880f/sm/snapshot.1_0
2023-05-23 10:27:20,093 [ForkJoinPool.commonPool-worker-0] INFO  server.GrpcService (GrpcService.java:closeImpl(320)) - 7156f7e4-fd15-431a-a0da-daed1f966c8d: shutdown server org.apache.ratis.grpc.server.GrpcClientProtocolService successfully
2023-05-23 10:27:20,093 [ForkJoinPool.commonPool-worker-0] INFO  server.GrpcService (GrpcService.java:closeImpl(311)) - 7156f7e4-fd15-431a-a0da-daed1f966c8d: shutdown server GrpcServerProtocolService now
2023-05-23 10:27:20,093 [7156f7e4-fd15-431a-a0da-daed1f966c8d@group-39B6525C880F-StateMachineUpdater] INFO  ratis.ContainerStateMachine (ContainerStateMachine.java:takeSnapshot(341)) - group-39B6525C880F: Finished taking a snapshot at:(t:1, i:0) file:/home/runner/work/ozone/ozone/hadoop-ozone/integration-test/target/test-dir/MiniOzoneClusterImpl-00f23a18-bf09-4bf2-9950-b0f9dab58561/datanode-3/data/ratis/9033f8d5-21be-40e1-ae74-39b6525c880f/sm/snapshot.1_0 took: 1 ms
2023-05-23 10:27:20,093 [7156f7e4-fd15-431a-a0da-daed1f966c8d@group-39B6525C880F-StateMachineUpdater] INFO  impl.StateMachineUpdater (StateMachineUpdater.java:takeSnapshot(291)) - 7156f7e4-fd15-431a-a0da-daed1f966c8d@group-39B6525C880F-StateMachineUpdater: Took a snapshot at index 0
2023-05-23 10:27:20,093 [7156f7e4-fd15-431a-a0da-daed1f966c8d@group-39B6525C880F-StateMachineUpdater] INFO  impl.StateMachineUpdater (StateMachineUpdater.java:lambda$new$0(97)) - 7156f7e4-fd15-431a-a0da-daed1f966c8d@group-39B6525C880F-StateMachineUpdater: snapshotIndex: updateIncreasingly -1 -> 0
2023-05-23 10:27:20,094 [7156f7e4-fd15-431a-a0da-daed1f966c8d-impl-thread2] INFO  server.RaftServer$Division (ServerState.java:close(472)) - 7156f7e4-fd15-431a-a0da-daed1f966c8d@group-39B6525C880F: closes. applyIndex: 0
2023-05-23 10:27:20,095 [ForkJoinPool.commonPool-worker-0] INFO  server.GrpcService (GrpcService.java:closeImpl(320)) - 7156f7e4-fd15-431a-a0da-daed1f966c8d: shutdown server GrpcServerProtocolService successfully
2023-05-23 10:27:20,096 [ForkJoinPool.commonPool-worker-0] INFO  server.GrpcService (GrpcService.java:closeImpl(311)) - 7156f7e4-fd15-431a-a0da-daed1f966c8d: shutdown server org.apache.ratis.grpc.server.GrpcAdminProtocolService now
2023-05-23 10:27:20,102 [ForkJoinPool.commonPool-worker-0] INFO  server.GrpcService (GrpcService.java:closeImpl(320)) - 7156f7e4-fd15-431a-a0da-daed1f966c8d: shutdown server org.apache.ratis.grpc.server.GrpcAdminProtocolService successfully
2023-05-23 10:27:20,102 [7156f7e4-fd15-431a-a0da-daed1f966c8d-NettyServerStreamRpc-bossGroup--thread1] INFO  logging.LoggingHandler (AbstractInternalLogger.java:log(148)) - [id: 0xcd8c5d90, L:/0:0:0:0:0:0:0:0:15182] CLOSE
2023-05-23 10:27:20,102 [7156f7e4-fd15-431a-a0da-daed1f966c8d-NettyServerStreamRpc-bossGroup--thread1] INFO  logging.LoggingHandler (AbstractInternalLogger.java:log(148)) - [id: 0xcd8c5d90, L:/0:0:0:0:0:0:0:0:15182] INACTIVE
2023-05-23 10:27:20,102 [7156f7e4-fd15-431a-a0da-daed1f966c8d-NettyServerStreamRpc-bossGroup--thread1] INFO  logging.LoggingHandler (AbstractInternalLogger.java:log(148)) - [id: 0xcd8c5d90, L:/0:0:0:0:0:0:0:0:15182] UNREGISTERED
2023-05-23 10:27:20,176 [ReplicationMonitor] INFO  replication.ReplicationManager (ReplicationManager.java:processAll(403)) - Replication Monitor Thread took 1 milliseconds for processing 1 containers.
2023-05-23 10:27:20,251 [b898f15d-4860-47c9-8591-05c5a169db6c-impl-thread2] INFO  segmented.SegmentedRaftLogWorker (SegmentedRaftLogWorker.java:close(252)) - b898f15d-4860-47c9-8591-05c5a169db6c@group-4FAE459B0B50-SegmentedRaftLogWorker close()
2023-05-23 10:27:20,252 [JvmPauseMonitor21] INFO  util.JvmPauseMonitor (JvmPauseMonitor.java:run(109)) - JvmPauseMonitor-b898f15d-4860-47c9-8591-05c5a169db6c: Stopped
2023-05-23 10:27:20,651 [7156f7e4-fd15-431a-a0da-daed1f966c8d-impl-thread2] INFO  segmented.SegmentedRaftLogWorker (SegmentedRaftLogWorker.java:close(252)) - 7156f7e4-fd15-431a-a0da-daed1f966c8d@group-39B6525C880F-SegmentedRaftLogWorker close()
2023-05-23 10:27:20,652 [JvmPauseMonitor22] INFO  util.JvmPauseMonitor (JvmPauseMonitor.java:run(109)) - JvmPauseMonitor-7156f7e4-fd15-431a-a0da-daed1f966c8d: Stopped
2023-05-23 10:27:20,830 [BlockDeletingService#0] INFO  interfaces.ContainerDeletionChoosingPolicyTemplate (ContainerDeletionChoosingPolicyTemplate.java:chooseContainerForBlockDeletion(83)) - Chosen 0/5000 blocks from 0 candidate containers.
2023-05-23 10:27:20,888 [3cc5c5e2-96d2-4640-9ca3-0d98a4ccb12e-impl-thread2] INFO  segmented.SegmentedRaftLogWorker (SegmentedRaftLogWorker.java:close(252)) - 3cc5c5e2-96d2-4640-9ca3-0d98a4ccb12e@group-75A4F657E23F-SegmentedRaftLogWorker close()
2023-05-23 10:27:20,889 [JvmPauseMonitor23] INFO  util.JvmPauseMonitor (JvmPauseMonitor.java:run(109)) - JvmPauseMonitor-3cc5c5e2-96d2-4640-9ca3-0d98a4ccb12e: Stopped
2023-05-23 10:27:20,994 [9a8ecc75-319b-47a2-9433-72c1cc276f25-impl-thread2] INFO  segmented.SegmentedRaftLogWorker (SegmentedRaftLogWorker.java:close(252)) - 9a8ecc75-319b-47a2-9433-72c1cc276f25@group-466CBA6666DA-SegmentedRaftLogWorker close()
2023-05-23 10:27:20,997 [JvmPauseMonitor20] INFO  util.JvmPauseMonitor (JvmPauseMonitor.java:run(109)) - JvmPauseMonitor-9a8ecc75-319b-47a2-9433-72c1cc276f25: Stopped
2023-05-23 10:27:21,176 [ReplicationMonitor] INFO  replication.ReplicationManager (ReplicationManager.java:processAll(403)) - Replication Monitor Thread took 0 milliseconds for processing 1 containers.
2023-05-23 10:27:21,176 [BlockDeletingService#0] INFO  interfaces.ContainerDeletionChoosingPolicyTemplate (ContainerDeletionChoosingPolicyTemplate.java:chooseContainerForBlockDeletion(83)) - Chosen 0/5000 blocks from 0 candidate containers.
2023-05-23 10:27:21,516 [BlockDeletingService#0] INFO  interfaces.ContainerDeletionChoosingPolicyTemplate (ContainerDeletionChoosingPolicyTemplate.java:chooseContainerForBlockDeletion(83)) - Chosen 0/5000 blocks from 0 candidate containers.
2023-05-23 10:27:21,841 [BlockDeletingService#0] INFO  interfaces.ContainerDeletionChoosingPolicyTemplate (ContainerDeletionChoosingPolicyTemplate.java:chooseContainerForBlockDeletion(83)) - Chosen 0/5000 blocks from 0 candidate containers.
2023-05-23 10:27:22,177 [ReplicationMonitor] INFO  replication.ReplicationManager (ReplicationManager.java:processAll(403)) - Replication Monitor Thread took 1 milliseconds for processing 1 containers.
2023-05-23 10:27:22,195 [EventQueue-StaleNodeForStaleNodeHandler] INFO  node.StaleNodeHandler (StaleNodeHandler.java:onMessage(59)) - Datanode 7156f7e4-fd15-431a-a0da-daed1f966c8d(fv-az1249-304/10.1.0.38) moved to stale state. Finalizing its pipelines [PipelineID=9033f8d5-21be-40e1-ae74-39b6525c880f]
2023-05-23 10:27:22,195 [EventQueue-StaleNodeForStaleNodeHandler] INFO  pipeline.PipelineManagerImpl (PipelineManagerImpl.java:closePipeline(442)) - Pipeline Pipeline[ Id: 9033f8d5-21be-40e1-ae74-39b6525c880f, Nodes: 7156f7e4-fd15-431a-a0da-daed1f966c8d(fv-az1249-304/10.1.0.38), ReplicationConfig: RATIS/ONE, State:OPEN, leaderId:7156f7e4-fd15-431a-a0da-daed1f966c8d, CreationTimestamp2023-05-23T10:26:23.469Z[Etc/UTC]] moved to CLOSED state
2023-05-23 10:27:22,255 [Listener at 127.0.0.1/15148] INFO  utils.DatanodeStoreCache (DatanodeStoreCache.java:shutdownCache(110)) - Skip clearing cache in mini cluster mode. Entries left: [/home/runner/work/ozone/ozone/hadoop-ozone/integration-test/target/test-dir/MiniOzoneClusterImpl-00f23a18-bf09-4bf2-9950-b0f9dab58561/datanode-1/data-0/containers/hdds/00f23a18-bf09-4bf2-9950-b0f9dab58561/DS-dc5daba4-9127-45d0-867c-23a48d099ede/container.db, /home/runner/work/ozone/ozone/hadoop-ozone/integration-test/target/test-dir/MiniOzoneClusterImpl-00f23a18-bf09-4bf2-9950-b0f9dab58561/datanode-2/data-0/containers/hdds/00f23a18-bf09-4bf2-9950-b0f9dab58561/DS-1529e075-6946-4f61-8ff0-097e4732d4b4/container.db, /home/runner/work/ozone/ozone/hadoop-ozone/integration-test/target/test-dir/MiniOzoneClusterImpl-00f23a18-bf09-4bf2-9950-b0f9dab58561/datanode-3/data-0/containers/hdds/00f23a18-bf09-4bf2-9950-b0f9dab58561/DS-f96bfacc-12bd-4fc4-b25c-9006d80b48ad/container.db, /home/runner/work/ozone/ozone/hadoop-ozone/integration-test/target/test-dir/MiniOzoneClusterImpl-00f23a18-bf09-4bf2-9950-b0f9dab58561/datanode-4/data-0/containers/hdds/00f23a18-bf09-4bf2-9950-b0f9dab58561/DS-32c5d4da-ea9e-4320-8757-6d7ede698b60/container.db]
2023-05-23 10:27:22,257 [Listener at 127.0.0.1/15148] INFO  utils.DatanodeStoreCache (DatanodeStoreCache.java:removeDB(104)) - Removed db /home/runner/work/ozone/ozone/hadoop-ozone/integration-test/target/test-dir/MiniOzoneClusterImpl-00f23a18-bf09-4bf2-9950-b0f9dab58561/datanode-2/data-0/containers/hdds/00f23a18-bf09-4bf2-9950-b0f9dab58561/DS-1529e075-6946-4f61-8ff0-097e4732d4b4/container.db from cache
2023-05-23 10:27:22,258 [Listener at 127.0.0.1/15148] INFO  volume.HddsVolume (HddsVolume.java:closeDbStore(437)) - SchemaV3 db is stopped at /home/runner/work/ozone/ozone/hadoop-ozone/integration-test/target/test-dir/MiniOzoneClusterImpl-00f23a18-bf09-4bf2-9950-b0f9dab58561/datanode-2/data-0/containers/hdds/00f23a18-bf09-4bf2-9950-b0f9dab58561/DS-1529e075-6946-4f61-8ff0-097e4732d4b4/container.db for volume DS-1529e075-6946-4f61-8ff0-097e4732d4b4
2023-05-23 10:27:22,258 [Listener at 127.0.0.1/15148] INFO  utils.BackgroundService (BackgroundService.java:shutdown(141)) - Shutting down service BlockDeletingService
2023-05-23 10:27:22,258 [Listener at 127.0.0.1/15148] INFO  utils.BackgroundService (BackgroundService.java:shutdown(141)) - Shutting down service StaleRecoveringContainerScrubbingService
2023-05-23 10:27:22,260 [Listener at 127.0.0.1/15148] INFO  statemachine.DatanodeStateMachine (DatanodeStateMachine.java:stopDaemon(608)) - Ozone container server stopped.
2023-05-23 10:27:22,270 [Listener at 127.0.0.1/15148] INFO  handler.ContextHandler (ContextHandler.java:doStop(1159)) - Stopped o.e.j.w.WebAppContext@239283b1{hddsDatanode,/,null,STOPPED}{jar:file:/home/runner/.m2/repository/org/apache/ozone/hdds-container-service/1.4.0-SNAPSHOT/hdds-container-service-1.4.0-SNAPSHOT.jar!/webapps/hddsDatanode}
2023-05-23 10:27:22,270 [Listener at 127.0.0.1/15148] INFO  server.AbstractConnector (AbstractConnector.java:doStop(383)) - Stopped ServerConnector@55558155{HTTP/1.1, (http/1.1)}{0.0.0.0:15169}
2023-05-23 10:27:22,271 [Listener at 127.0.0.1/15148] INFO  server.session (HouseKeeper.java:stopScavenging(149)) - node0 Stopped scavenging
2023-05-23 10:27:22,271 [Listener at 127.0.0.1/15148] INFO  handler.ContextHandler (ContextHandler.java:doStop(1159)) - Stopped o.e.j.s.ServletContextHandler@49e942ba{static,/static,jar:file:/home/runner/.m2/repository/org/apache/ozone/hdds-container-service/1.4.0-SNAPSHOT/hdds-container-service-1.4.0-SNAPSHOT.jar!/webapps/static,STOPPED}
2023-05-23 10:27:22,271 [Listener at 127.0.0.1/15148] INFO  handler.ContextHandler (ContextHandler.java:doStop(1159)) - Stopped o.e.j.s.ServletContextHandler@6fd94ca2{logs,/logs,file:///home/runner/work/ozone/ozone/hadoop-ozone/integration-test/target/log,STOPPED}
2023-05-23 10:27:22,656 [ForkJoinPool.commonPool-worker-0] INFO  utils.DatanodeStoreCache (DatanodeStoreCache.java:shutdownCache(110)) - Skip clearing cache in mini cluster mode. Entries left: [/home/runner/work/ozone/ozone/hadoop-ozone/integration-test/target/test-dir/MiniOzoneClusterImpl-00f23a18-bf09-4bf2-9950-b0f9dab58561/datanode-1/data-0/containers/hdds/00f23a18-bf09-4bf2-9950-b0f9dab58561/DS-dc5daba4-9127-45d0-867c-23a48d099ede/container.db, /home/runner/work/ozone/ozone/hadoop-ozone/integration-test/target/test-dir/MiniOzoneClusterImpl-00f23a18-bf09-4bf2-9950-b0f9dab58561/datanode-3/data-0/containers/hdds/00f23a18-bf09-4bf2-9950-b0f9dab58561/DS-f96bfacc-12bd-4fc4-b25c-9006d80b48ad/container.db, /home/runner/work/ozone/ozone/hadoop-ozone/integration-test/target/test-dir/MiniOzoneClusterImpl-00f23a18-bf09-4bf2-9950-b0f9dab58561/datanode-4/data-0/containers/hdds/00f23a18-bf09-4bf2-9950-b0f9dab58561/DS-32c5d4da-ea9e-4320-8757-6d7ede698b60/container.db]
2023-05-23 10:27:22,659 [ForkJoinPool.commonPool-worker-0] INFO  utils.DatanodeStoreCache (DatanodeStoreCache.java:removeDB(104)) - Removed db /home/runner/work/ozone/ozone/hadoop-ozone/integration-test/target/test-dir/MiniOzoneClusterImpl-00f23a18-bf09-4bf2-9950-b0f9dab58561/datanode-3/data-0/containers/hdds/00f23a18-bf09-4bf2-9950-b0f9dab58561/DS-f96bfacc-12bd-4fc4-b25c-9006d80b48ad/container.db from cache
2023-05-23 10:27:22,659 [ForkJoinPool.commonPool-worker-0] INFO  volume.HddsVolume (HddsVolume.java:closeDbStore(437)) - SchemaV3 db is stopped at /home/runner/work/ozone/ozone/hadoop-ozone/integration-test/target/test-dir/MiniOzoneClusterImpl-00f23a18-bf09-4bf2-9950-b0f9dab58561/datanode-3/data-0/containers/hdds/00f23a18-bf09-4bf2-9950-b0f9dab58561/DS-f96bfacc-12bd-4fc4-b25c-9006d80b48ad/container.db for volume DS-f96bfacc-12bd-4fc4-b25c-9006d80b48ad
2023-05-23 10:27:22,660 [ForkJoinPool.commonPool-worker-0] INFO  utils.BackgroundService (BackgroundService.java:shutdown(141)) - Shutting down service BlockDeletingService
2023-05-23 10:27:22,661 [ForkJoinPool.commonPool-worker-0] INFO  utils.BackgroundService (BackgroundService.java:shutdown(141)) - Shutting down service StaleRecoveringContainerScrubbingService
2023-05-23 10:27:22,662 [ForkJoinPool.commonPool-worker-0] INFO  statemachine.DatanodeStateMachine (DatanodeStateMachine.java:stopDaemon(608)) - Ozone container server stopped.
2023-05-23 10:27:22,674 [ForkJoinPool.commonPool-worker-0] INFO  handler.ContextHandler (ContextHandler.java:doStop(1159)) - Stopped o.e.j.w.WebAppContext@7d41adda{hddsDatanode,/,null,STOPPED}{jar:file:/home/runner/.m2/repository/org/apache/ozone/hdds-container-service/1.4.0-SNAPSHOT/hdds-container-service-1.4.0-SNAPSHOT.jar!/webapps/hddsDatanode}
2023-05-23 10:27:22,675 [ForkJoinPool.commonPool-worker-0] INFO  server.AbstractConnector (AbstractConnector.java:doStop(383)) - Stopped ServerConnector@483d71eb{HTTP/1.1, (http/1.1)}{0.0.0.0:15177}
2023-05-23 10:27:22,675 [ForkJoinPool.commonPool-worker-0] INFO  server.session (HouseKeeper.java:stopScavenging(149)) - node0 Stopped scavenging
2023-05-23 10:27:22,678 [ForkJoinPool.commonPool-worker-0] INFO  handler.ContextHandler (ContextHandler.java:doStop(1159)) - Stopped o.e.j.s.ServletContextHandler@3b24e2f1{static,/static,jar:file:/home/runner/.m2/repository/org/apache/ozone/hdds-container-service/1.4.0-SNAPSHOT/hdds-container-service-1.4.0-SNAPSHOT.jar!/webapps/static,STOPPED}
2023-05-23 10:27:22,679 [ForkJoinPool.commonPool-worker-0] INFO  handler.ContextHandler (ContextHandler.java:doStop(1159)) - Stopped o.e.j.s.ServletContextHandler@2c85a69d{logs,/logs,file:///home/runner/work/ozone/ozone/hadoop-ozone/integration-test/target/log,STOPPED}
2023-05-23 10:27:22,892 [ForkJoinPool.commonPool-worker-3] INFO  utils.DatanodeStoreCache (DatanodeStoreCache.java:shutdownCache(110)) - Skip clearing cache in mini cluster mode. Entries left: [/home/runner/work/ozone/ozone/hadoop-ozone/integration-test/target/test-dir/MiniOzoneClusterImpl-00f23a18-bf09-4bf2-9950-b0f9dab58561/datanode-1/data-0/containers/hdds/00f23a18-bf09-4bf2-9950-b0f9dab58561/DS-dc5daba4-9127-45d0-867c-23a48d099ede/container.db, /home/runner/work/ozone/ozone/hadoop-ozone/integration-test/target/test-dir/MiniOzoneClusterImpl-00f23a18-bf09-4bf2-9950-b0f9dab58561/datanode-4/data-0/containers/hdds/00f23a18-bf09-4bf2-9950-b0f9dab58561/DS-32c5d4da-ea9e-4320-8757-6d7ede698b60/container.db]
2023-05-23 10:27:22,898 [EventQueue-StaleNodeForStaleNodeHandler] INFO  node.StaleNodeHandler (StaleNodeHandler.java:onMessage(59)) - Datanode 9a8ecc75-319b-47a2-9433-72c1cc276f25(fv-az1249-304/10.1.0.38) moved to stale state. Finalizing its pipelines [PipelineID=eb6d013e-5984-4417-8b3a-466cba6666da]
2023-05-23 10:27:22,898 [EventQueue-StaleNodeForStaleNodeHandler] INFO  pipeline.PipelineManagerImpl (PipelineManagerImpl.java:closePipeline(442)) - Pipeline Pipeline[ Id: eb6d013e-5984-4417-8b3a-466cba6666da, Nodes: 9a8ecc75-319b-47a2-9433-72c1cc276f25(fv-az1249-304/10.1.0.38), ReplicationConfig: RATIS/ONE, State:OPEN, leaderId:9a8ecc75-319b-47a2-9433-72c1cc276f25, CreationTimestamp2023-05-23T10:26:22.777Z[Etc/UTC]] moved to CLOSED state
2023-05-23 10:27:22,900 [ForkJoinPool.commonPool-worker-3] INFO  utils.DatanodeStoreCache (DatanodeStoreCache.java:removeDB(104)) - Removed db /home/runner/work/ozone/ozone/hadoop-ozone/integration-test/target/test-dir/MiniOzoneClusterImpl-00f23a18-bf09-4bf2-9950-b0f9dab58561/datanode-4/data-0/containers/hdds/00f23a18-bf09-4bf2-9950-b0f9dab58561/DS-32c5d4da-ea9e-4320-8757-6d7ede698b60/container.db from cache
2023-05-23 10:27:22,900 [ForkJoinPool.commonPool-worker-3] INFO  volume.HddsVolume (HddsVolume.java:closeDbStore(437)) - SchemaV3 db is stopped at /home/runner/work/ozone/ozone/hadoop-ozone/integration-test/target/test-dir/MiniOzoneClusterImpl-00f23a18-bf09-4bf2-9950-b0f9dab58561/datanode-4/data-0/containers/hdds/00f23a18-bf09-4bf2-9950-b0f9dab58561/DS-32c5d4da-ea9e-4320-8757-6d7ede698b60/container.db for volume DS-32c5d4da-ea9e-4320-8757-6d7ede698b60
2023-05-23 10:27:22,900 [ForkJoinPool.commonPool-worker-3] INFO  utils.BackgroundService (BackgroundService.java:shutdown(141)) - Shutting down service BlockDeletingService
2023-05-23 10:27:22,900 [ForkJoinPool.commonPool-worker-3] INFO  utils.BackgroundService (BackgroundService.java:shutdown(141)) - Shutting down service StaleRecoveringContainerScrubbingService
2023-05-23 10:27:22,902 [ForkJoinPool.commonPool-worker-3] INFO  statemachine.DatanodeStateMachine (DatanodeStateMachine.java:stopDaemon(608)) - Ozone container server stopped.
2023-05-23 10:27:22,915 [ForkJoinPool.commonPool-worker-3] INFO  handler.ContextHandler (ContextHandler.java:doStop(1159)) - Stopped o.e.j.w.WebAppContext@e9c10e7{hddsDatanode,/,null,STOPPED}{jar:file:/home/runner/.m2/repository/org/apache/ozone/hdds-container-service/1.4.0-SNAPSHOT/hdds-container-service-1.4.0-SNAPSHOT.jar!/webapps/hddsDatanode}
2023-05-23 10:27:22,915 [ForkJoinPool.commonPool-worker-3] INFO  server.AbstractConnector (AbstractConnector.java:doStop(383)) - Stopped ServerConnector@1ccf378d{HTTP/1.1, (http/1.1)}{0.0.0.0:15185}
2023-05-23 10:27:22,915 [ForkJoinPool.commonPool-worker-3] INFO  server.session (HouseKeeper.java:stopScavenging(149)) - node0 Stopped scavenging
2023-05-23 10:27:22,916 [ForkJoinPool.commonPool-worker-3] INFO  handler.ContextHandler (ContextHandler.java:doStop(1159)) - Stopped o.e.j.s.ServletContextHandler@5dce7301{static,/static,jar:file:/home/runner/.m2/repository/org/apache/ozone/hdds-container-service/1.4.0-SNAPSHOT/hdds-container-service-1.4.0-SNAPSHOT.jar!/webapps/static,STOPPED}
2023-05-23 10:27:22,916 [ForkJoinPool.commonPool-worker-3] INFO  handler.ContextHandler (ContextHandler.java:doStop(1159)) - Stopped o.e.j.s.ServletContextHandler@6c12390a{logs,/logs,file:///home/runner/work/ozone/ozone/hadoop-ozone/integration-test/target/log,STOPPED}
2023-05-23 10:27:22,998 [EventQueue-StaleNodeForStaleNodeHandler] INFO  node.StaleNodeHandler (StaleNodeHandler.java:onMessage(59)) - Datanode 3cc5c5e2-96d2-4640-9ca3-0d98a4ccb12e(fv-az1249-304/10.1.0.38) moved to stale state. Finalizing its pipelines [PipelineID=ba39a097-0da7-483b-9e67-75a4f657e23f]
2023-05-23 10:27:23,000 [ForkJoinPool.commonPool-worker-2] INFO  utils.DatanodeStoreCache (DatanodeStoreCache.java:shutdownCache(110)) - Skip clearing cache in mini cluster mode. Entries left: [/home/runner/work/ozone/ozone/hadoop-ozone/integration-test/target/test-dir/MiniOzoneClusterImpl-00f23a18-bf09-4bf2-9950-b0f9dab58561/datanode-1/data-0/containers/hdds/00f23a18-bf09-4bf2-9950-b0f9dab58561/DS-dc5daba4-9127-45d0-867c-23a48d099ede/container.db]
2023-05-23 10:27:23,000 [EventQueue-StaleNodeForStaleNodeHandler] INFO  pipeline.PipelineManagerImpl (PipelineManagerImpl.java:closePipeline(442)) - Pipeline Pipeline[ Id: ba39a097-0da7-483b-9e67-75a4f657e23f, Nodes: 3cc5c5e2-96d2-4640-9ca3-0d98a4ccb12e(fv-az1249-304/10.1.0.38), ReplicationConfig: RATIS/ONE, State:OPEN, leaderId:3cc5c5e2-96d2-4640-9ca3-0d98a4ccb12e, CreationTimestamp2023-05-23T10:26:23.785Z[Etc/UTC]] moved to CLOSED state
2023-05-23 10:27:23,003 [ForkJoinPool.commonPool-worker-2] INFO  utils.DatanodeStoreCache (DatanodeStoreCache.java:removeDB(104)) - Removed db /home/runner/work/ozone/ozone/hadoop-ozone/integration-test/target/test-dir/MiniOzoneClusterImpl-00f23a18-bf09-4bf2-9950-b0f9dab58561/datanode-1/data-0/containers/hdds/00f23a18-bf09-4bf2-9950-b0f9dab58561/DS-dc5daba4-9127-45d0-867c-23a48d099ede/container.db from cache
2023-05-23 10:27:23,003 [ForkJoinPool.commonPool-worker-2] INFO  volume.HddsVolume (HddsVolume.java:closeDbStore(437)) - SchemaV3 db is stopped at /home/runner/work/ozone/ozone/hadoop-ozone/integration-test/target/test-dir/MiniOzoneClusterImpl-00f23a18-bf09-4bf2-9950-b0f9dab58561/datanode-1/data-0/containers/hdds/00f23a18-bf09-4bf2-9950-b0f9dab58561/DS-dc5daba4-9127-45d0-867c-23a48d099ede/container.db for volume DS-dc5daba4-9127-45d0-867c-23a48d099ede
2023-05-23 10:27:23,003 [ForkJoinPool.commonPool-worker-2] INFO  utils.BackgroundService (BackgroundService.java:shutdown(141)) - Shutting down service BlockDeletingService
2023-05-23 10:27:23,003 [ForkJoinPool.commonPool-worker-2] INFO  utils.BackgroundService (BackgroundService.java:shutdown(141)) - Shutting down service StaleRecoveringContainerScrubbingService
2023-05-23 10:27:23,005 [ForkJoinPool.commonPool-worker-2] INFO  statemachine.DatanodeStateMachine (DatanodeStateMachine.java:stopDaemon(608)) - Ozone container server stopped.
2023-05-23 10:27:23,023 [ForkJoinPool.commonPool-worker-2] INFO  handler.ContextHandler (ContextHandler.java:doStop(1159)) - Stopped o.e.j.w.WebAppContext@6ef5797c{hddsDatanode,/,null,STOPPED}{jar:file:/home/runner/.m2/repository/org/apache/ozone/hdds-container-service/1.4.0-SNAPSHOT/hdds-container-service-1.4.0-SNAPSHOT.jar!/webapps/hddsDatanode}
2023-05-23 10:27:23,024 [ForkJoinPool.commonPool-worker-2] INFO  server.AbstractConnector (AbstractConnector.java:doStop(383)) - Stopped ServerConnector@5506f18b{HTTP/1.1, (http/1.1)}{0.0.0.0:15161}
2023-05-23 10:27:23,024 [ForkJoinPool.commonPool-worker-2] INFO  server.session (HouseKeeper.java:stopScavenging(149)) - node0 Stopped scavenging
2023-05-23 10:27:23,025 [ForkJoinPool.commonPool-worker-2] INFO  handler.ContextHandler (ContextHandler.java:doStop(1159)) - Stopped o.e.j.s.ServletContextHandler@8d57d3f{static,/static,jar:file:/home/runner/.m2/repository/org/apache/ozone/hdds-container-service/1.4.0-SNAPSHOT/hdds-container-service-1.4.0-SNAPSHOT.jar!/webapps/static,STOPPED}
2023-05-23 10:27:23,026 [ForkJoinPool.commonPool-worker-2] INFO  handler.ContextHandler (ContextHandler.java:doStop(1159)) - Stopped o.e.j.s.ServletContextHandler@3cadfa77{logs,/logs,file:///home/runner/work/ozone/ozone/hadoop-ozone/integration-test/target/log,STOPPED}
2023-05-23 10:27:23,027 [Listener at 127.0.0.1/15148] INFO  ozone.MiniOzoneClusterImpl (MiniOzoneClusterImpl.java:stopSCM(536)) - Stopping the StorageContainerManager
2023-05-23 10:27:23,027 [Listener at 127.0.0.1/15148] INFO  server.StorageContainerManager (StorageContainerManager.java:stop(1578)) - Container Balancer is not running.
2023-05-23 10:27:23,028 [Listener at 127.0.0.1/15148] INFO  server.StorageContainerManager (StorageContainerManager.java:stopReplicationManager(1709)) - Stopping Replication Manager Service.
2023-05-23 10:27:23,028 [Listener at 127.0.0.1/15148] INFO  replication.ReplicationManager (ReplicationManager.java:stop(333)) - Stopping Replication Monitor Thread.
2023-05-23 10:27:23,028 [Listener at 127.0.0.1/15148] INFO  server.StorageContainerManager (StorageContainerManager.java:stop(1587)) - Stopping the Datanode Admin Monitor.
2023-05-23 10:27:23,028 [Under Replicated Processor] WARN  replication.UnhealthyReplicationProcessor (UnhealthyReplicationProcessor.java:run(167)) - Under Replicated Processor interrupted. Exiting...
2023-05-23 10:27:23,028 [Over Replicated Processor] WARN  replication.UnhealthyReplicationProcessor (UnhealthyReplicationProcessor.java:run(167)) - Over Replicated Processor interrupted. Exiting...
2023-05-23 10:27:23,028 [ReplicationMonitor] INFO  replication.ReplicationManager (ReplicationManager.java:run(944)) - Replication Monitor Thread is stopped
2023-05-23 10:27:23,028 [Listener at 127.0.0.1/15148] INFO  server.StorageContainerManager (StorageContainerManager.java:stop(1594)) - Stopping datanode service RPC server
2023-05-23 10:27:23,028 [Listener at 127.0.0.1/15148] INFO  server.SCMDatanodeProtocolServer (SCMDatanodeProtocolServer.java:stop(424)) - Stopping the RPC server for DataNodes
2023-05-23 10:27:23,028 [Listener at 127.0.0.1/15148] INFO  ipc.Server (Server.java:stop(3501)) - Stopping server on 15146
2023-05-23 10:27:23,031 [IPC Server listener on 15146] INFO  ipc.Server (Server.java:run(1430)) - Stopping IPC Server listener on 15146
2023-05-23 10:27:23,033 [IPC Server Responder] INFO  ipc.Server (Server.java:run(1563)) - Stopping IPC Server Responder
2023-05-23 10:27:23,098 [SCM Heartbeat Processing Thread - 0] WARN  node.NodeStateManager (NodeStateManager.java:scheduleNextHealthCheck(870)) - Current Thread is interrupted, shutting down HB processing thread for Node Manager.
2023-05-23 10:27:23,098 [EventQueue-StaleNodeForStaleNodeHandler] INFO  node.StaleNodeHandler (StaleNodeHandler.java:onMessage(59)) - Datanode b898f15d-4860-47c9-8591-05c5a169db6c(fv-az1249-304/10.1.0.38) moved to stale state. Finalizing its pipelines [PipelineID=82dec945-5355-4c8f-b0c4-4fae459b0b50]
2023-05-23 10:27:23,099 [EventQueue-StaleNodeForStaleNodeHandler] INFO  pipeline.PipelineManagerImpl (PipelineManagerImpl.java:closePipeline(442)) - Pipeline Pipeline[ Id: 82dec945-5355-4c8f-b0c4-4fae459b0b50, Nodes: b898f15d-4860-47c9-8591-05c5a169db6c(fv-az1249-304/10.1.0.38), ReplicationConfig: RATIS/ONE, State:OPEN, leaderId:b898f15d-4860-47c9-8591-05c5a169db6c, CreationTimestamp2023-05-23T10:26:23.131Z[Etc/UTC]] moved to CLOSED state
2023-05-23 10:27:23,099 [Listener at 127.0.0.1/15148] INFO  server.StorageContainerManager (StorageContainerManager.java:stop(1602)) - Stopping block service RPC server
2023-05-23 10:27:23,099 [Listener at 127.0.0.1/15148] INFO  server.SCMBlockProtocolServer (SCMBlockProtocolServer.java:stop(161)) - Stopping the RPC server for Block Protocol
2023-05-23 10:27:23,099 [Listener at 127.0.0.1/15148] INFO  ipc.Server (Server.java:stop(3501)) - Stopping server on 15145
2023-05-23 10:27:23,101 [IPC Server Responder] INFO  ipc.Server (Server.java:run(1563)) - Stopping IPC Server Responder
2023-05-23 10:27:23,101 [IPC Server listener on 15145] INFO  ipc.Server (Server.java:run(1430)) - Stopping IPC Server listener on 15145
2023-05-23 10:27:23,102 [Listener at 127.0.0.1/15148] INFO  server.StorageContainerManager (StorageContainerManager.java:stop(1609)) - Stopping the StorageContainerLocationProtocol RPC server
2023-05-23 10:27:23,102 [Listener at 127.0.0.1/15148] INFO  server.SCMClientProtocolServer (SCMClientProtocolServer.java:stop(208)) - Stopping the RPC server for Client Protocol
2023-05-23 10:27:23,102 [Listener at 127.0.0.1/15148] INFO  ipc.Server (Server.java:stop(3501)) - Stopping server on 15144
2023-05-23 10:27:23,104 [IPC Server Responder] INFO  ipc.Server (Server.java:run(1563)) - Stopping IPC Server Responder
2023-05-23 10:27:23,104 [IPC Server listener on 15144] INFO  ipc.Server (Server.java:run(1430)) - Stopping IPC Server listener on 15144
2023-05-23 10:27:23,105 [Listener at 127.0.0.1/15148] INFO  server.StorageContainerManager (StorageContainerManager.java:stop(1616)) - Stopping Storage Container Manager HTTP server.
2023-05-23 10:27:23,105 [Listener at 127.0.0.1/15148] INFO  handler.ContextHandler (ContextHandler.java:doStop(1159)) - Stopped o.e.j.w.WebAppContext@7d31d270{scm,/,null,STOPPED}{file:/home/runner/work/ozone/ozone/hadoop-ozone/integration-test/target/test-classes/webapps/scm}
2023-05-23 10:27:23,105 [Listener at 127.0.0.1/15148] INFO  server.AbstractConnector (AbstractConnector.java:doStop(383)) - Stopped ServerConnector@207300a6{HTTP/1.1, (http/1.1)}{0.0.0.0:15147}
2023-05-23 10:27:23,106 [Listener at 127.0.0.1/15148] INFO  server.session (HouseKeeper.java:stopScavenging(149)) - node0 Stopped scavenging
2023-05-23 10:27:23,106 [Listener at 127.0.0.1/15148] INFO  handler.ContextHandler (ContextHandler.java:doStop(1159)) - Stopped o.e.j.s.ServletContextHandler@5b5befab{static,/static,file:///home/runner/work/ozone/ozone/hadoop-ozone/integration-test/target/test-classes/webapps/static,STOPPED}
2023-05-23 10:27:23,106 [Listener at 127.0.0.1/15148] INFO  handler.ContextHandler (ContextHandler.java:doStop(1159)) - Stopped o.e.j.s.ServletContextHandler@125c0ccb{logs,/logs,file:///home/runner/work/ozone/ozone/hadoop-ozone/integration-test/target/log,STOPPED}
2023-05-23 10:27:23,107 [Listener at 127.0.0.1/15148] INFO  server.StorageContainerManager (StorageContainerManager.java:stop(1624)) - Stopping SCM LayoutVersionManager Service.
2023-05-23 10:27:23,107 [Listener at 127.0.0.1/15148] INFO  server.StorageContainerManager (StorageContainerManager.java:stop(1632)) - Stopping Block Manager Service.
2023-05-23 10:27:23,107 [Listener at 127.0.0.1/15148] INFO  utils.BackgroundService (BackgroundService.java:shutdown(141)) - Shutting down service SCMBlockDeletingService
2023-05-23 10:27:23,107 [Listener at 127.0.0.1/15148] INFO  utils.BackgroundService (BackgroundService.java:shutdown(141)) - Shutting down service SCMBlockDeletingService
2023-05-23 10:27:23,108 [Listener at 127.0.0.1/15148] INFO  server.StorageContainerManager (StorageContainerManager.java:stop(1654)) - Stopping SCM Event Queue.
2023-05-23 10:27:23,109 [Listener at 127.0.0.1/15148] INFO  server.StorageContainerManager (StorageContainerManager.java:stop(1665)) - Stopping SCM HA services.
2023-05-23 10:27:23,109 [Listener at 127.0.0.1/15148] INFO  pipeline.BackgroundPipelineCreator (BackgroundPipelineCreator.java:stop(149)) - Stopping RatisPipelineUtilsThread.
2023-05-23 10:27:23,109 [RatisPipelineUtilsThread - 0] WARN  pipeline.BackgroundPipelineCreator (BackgroundPipelineCreator.java:run(180)) - RatisPipelineUtilsThread is interrupted.
2023-05-23 10:27:23,110 [BackgroundPipelineScrubberThread] WARN  BackgroundPipelineScrubber (BackgroundSCMService.java:run(115)) - BackgroundPipelineScrubber is interrupted, exit
2023-05-23 10:27:23,110 [Listener at 127.0.0.1/15148] INFO  BackgroundPipelineScrubber (BackgroundSCMService.java:stop(131)) - Stopping BackgroundPipelineScrubber Service.
2023-05-23 10:27:23,110 [Listener at 127.0.0.1/15148] INFO  impl.MetricsSystemImpl (MetricsSystemImpl.java:stop(210)) - Stopping HddsDatanode metrics system...
2023-05-23 10:27:23,114 [prometheus] INFO  impl.MetricsSinkAdapter (MetricsSinkAdapter.java:publishMetricsFromQueue(141)) - prometheus thread interrupted.
2023-05-23 10:27:23,115 [Listener at 127.0.0.1/15148] INFO  impl.MetricsSystemImpl (MetricsSystemImpl.java:stop(216)) - HddsDatanode metrics system stopped.
2023-05-23 10:27:23,115 [Listener at 127.0.0.1/15148] WARN  pipeline.BackgroundPipelineCreator (BackgroundPipelineCreator.java:stop(145)) - RatisPipelineUtilsThread is not running, just ignore.
2023-05-23 10:27:23,115 [Listener at 127.0.0.1/15148] INFO  BackgroundPipelineScrubber (BackgroundSCMService.java:stop(126)) - BackgroundPipelineScrubber Service is not running, skip stop.
2023-05-23 10:27:23,115 [ExpiredContainerReplicaOpScrubberThread] WARN  ExpiredContainerReplicaOpScrubber (BackgroundSCMService.java:run(115)) - ExpiredContainerReplicaOpScrubber is interrupted, exit
2023-05-23 10:27:23,115 [Listener at 127.0.0.1/15148] INFO  ExpiredContainerReplicaOpScrubber (BackgroundSCMService.java:stop(131)) - Stopping ExpiredContainerReplicaOpScrubber Service.
2023-05-23 10:27:23,115 [Listener at 127.0.0.1/15148] INFO  utils.BackgroundService (BackgroundService.java:shutdown(141)) - Shutting down service SCMBlockDeletingService
2023-05-23 10:27:23,115 [Listener at 127.0.0.1/15148] INFO  replication.ReplicationManager (ReplicationManager.java:stop(343)) - Replication Monitor Thread is not running.
2023-05-23 10:27:23,116 [Listener at 127.0.0.1/15148] WARN  balancer.ContainerBalancer (ContainerBalancer.java:stop(324)) - Cannot stop Container Balancer because it's not running or stopping
2023-05-23 10:27:23,116 [Listener at 127.0.0.1/15148] INFO  server.StorageContainerManager (StorageContainerManager.java:stop(1700)) - Stopping SCM MetadataStore.
]]></system-out>
  </testcase>
  <testcase name="testContainerReplication" classname="TestContainerReplication" time="36.951">
    <system-out><![CDATA[2023-05-23 10:27:55,203 [Time-limited test] WARN  server.ServerUtils (ServerUtils.java:getScmDbDir(148)) - ozone.scm.db.dirs is not configured. We recommend adding this setting. Falling back to ozone.metadata.dirs instead.
2023-05-23 10:27:55,206 [Time-limited test] WARN  server.ServerUtils (ServerUtils.java:getScmDbDir(148)) - ozone.scm.db.dirs is not configured. We recommend adding this setting. Falling back to ozone.metadata.dirs instead.
2023-05-23 10:27:55,206 [Time-limited test] INFO  ha.SCMHANodeDetails (SCMHANodeDetails.java:loadSCMHAConfig(209)) - ServiceID for StorageContainerManager is null
2023-05-23 10:27:55,206 [Time-limited test] INFO  ha.SCMHANodeDetails (SCMHANodeDetails.java:loadSCMHAConfig(214)) - ozone.scm.default.service.id is not defined, falling back to ozone.scm.service.ids to find serviceID for StorageContainerManager if it is HA enabled cluster
2023-05-23 10:27:55,207 [Time-limited test] WARN  utils.HAUtils (HAUtils.java:getMetaDir(350)) - ozone.scm.db.dirs is not configured. We recommend adding this setting. Falling back to ozone.metadata.dirs instead.
2023-05-23 10:27:55,207 [Time-limited test] WARN  db.DBStoreBuilder (DBStoreBuilder.java:applyDBDefinition(165)) - ozone.scm.db.dirs is not configured. We recommend adding this setting. Falling back to ozone.metadata.dirs instead.
2023-05-23 10:27:55,330 [Time-limited test] INFO  net.NodeSchemaLoader (NodeSchemaLoader.java:loadSchemaFromFile(129)) - Loading schema from [jar:file:/home/runner/.m2/repository/org/apache/ozone/hdds-common/1.4.0-SNAPSHOT/hdds-common-1.4.0-SNAPSHOT.jar!/network-topology-default.xml]
2023-05-23 10:27:55,330 [Time-limited test] INFO  net.NodeSchemaLoader (NodeSchemaLoader.java:loadSchema(176)) - Loading network topology layer schema file
2023-05-23 10:27:55,336 [Time-limited test] INFO  upgrade.AbstractLayoutVersionManager (AbstractLayoutVersionManager.java:init(83)) - Initializing Layout version manager with metadata layout = WEBUI_PORTS_IN_DATANODEDETAILS (version = 6), software layout = WEBUI_PORTS_IN_DATANODEDETAILS (version = 6)
2023-05-23 10:27:55,337 [Time-limited test] INFO  ha.SequenceIdGenerator (SequenceIdGenerator.java:upgradeToSequenceId(349)) - upgrade localId to 111677748019200000
2023-05-23 10:27:55,337 [Time-limited test] INFO  ha.SequenceIdGenerator (SequenceIdGenerator.java:upgradeToSequenceId(359)) - upgrade delTxnId to 0
2023-05-23 10:27:55,337 [Time-limited test] INFO  ha.SequenceIdGenerator (SequenceIdGenerator.java:upgradeToSequenceId(376)) - upgrade containerId to 0
2023-05-23 10:27:55,337 [Time-limited test] INFO  ha.SequenceIdGenerator (SequenceIdGenerator.java:<init>(220)) - Init the HA SequenceIdGenerator.
2023-05-23 10:27:55,338 [Time-limited test] INFO  node.SCMNodeManager (SCMNodeManager.java:<init>(159)) - Entering startup safe mode.
2023-05-23 10:27:55,338 [Time-limited test] INFO  algorithms.ContainerPlacementPolicyFactory (ContainerPlacementPolicyFactory.java:getPolicyInternal(86)) - Create container placement policy of type org.apache.hadoop.hdds.scm.container.placement.algorithms.SCMContainerPlacementRandom
2023-05-23 10:27:55,338 [Time-limited test] INFO  algorithms.ContainerPlacementPolicyFactory (ContainerPlacementPolicyFactory.java:getPolicyInternal(86)) - Create container placement policy of type org.apache.hadoop.hdds.scm.container.placement.algorithms.SCMContainerPlacementRackScatter
2023-05-23 10:27:55,339 [Time-limited test] INFO  pipeline.PipelineStateManagerImpl (PipelineStateManagerImpl.java:initialize(78)) - No pipeline exists in current db
2023-05-23 10:27:55,339 [Time-limited test] INFO  algorithms.LeaderChoosePolicyFactory (LeaderChoosePolicyFactory.java:getPolicy(57)) - Create leader choose policy of type org.apache.hadoop.hdds.scm.pipeline.leader.choose.algorithms.MinLeaderCountChoosePolicy
2023-05-23 10:27:55,339 [Time-limited test] INFO  algorithms.ContainerPlacementPolicyFactory (ContainerPlacementPolicyFactory.java:getPolicyInternal(86)) - Create container placement policy of type org.apache.hadoop.hdds.scm.container.placement.algorithms.SCMContainerPlacementRackScatter
2023-05-23 10:27:55,339 [Time-limited test] INFO  ha.SCMServiceManager (SCMServiceManager.java:register(42)) - Registering service BackgroundPipelineCreator.
2023-05-23 10:27:55,339 [Time-limited test] INFO  pipeline.BackgroundPipelineCreator (BackgroundPipelineCreator.java:start(124)) - Starting RatisPipelineUtilsThread.
2023-05-23 10:27:55,340 [Time-limited test] INFO  BackgroundPipelineScrubber (BackgroundSCMService.java:start(68)) - Starting BackgroundPipelineScrubber Service.
2023-05-23 10:27:55,340 [Time-limited test] INFO  ha.SCMServiceManager (SCMServiceManager.java:register(42)) - Registering service BackgroundPipelineScrubber.
2023-05-23 10:27:55,340 [Time-limited test] INFO  ExpiredContainerReplicaOpScrubber (BackgroundSCMService.java:start(68)) - Starting ExpiredContainerReplicaOpScrubber Service.
2023-05-23 10:27:55,340 [Time-limited test] INFO  ha.SCMServiceManager (SCMServiceManager.java:register(42)) - Registering service ExpiredContainerReplicaOpScrubber.
2023-05-23 10:27:55,342 [Time-limited test] INFO  algorithms.PipelineChoosePolicyFactory (PipelineChoosePolicyFactory.java:createPipelineChoosePolicyFromClass(73)) - Create pipeline choose policy of type org.apache.hadoop.hdds.scm.pipeline.choose.algorithms.RandomPipelineChoosePolicy
2023-05-23 10:27:55,342 [Time-limited test] INFO  ha.SCMServiceManager (SCMServiceManager.java:register(42)) - Registering service SCMBlockDeletingService.
2023-05-23 10:27:55,342 [Time-limited test] INFO  replication.ReplicationManager (ReplicationManager.java:start(300)) - Starting Replication Monitor Thread.
2023-05-23 10:27:55,343 [Time-limited test] INFO  ha.SCMServiceManager (SCMServiceManager.java:register(42)) - Registering service ReplicationManager.
2023-05-23 10:27:55,343 [Time-limited test] INFO  safemode.ContainerSafeModeRule (ContainerSafeModeRule.java:<init>(89)) - containers with one replica threshold count 0
2023-05-23 10:27:55,344 [Time-limited test] INFO  safemode.HealthyPipelineSafeModeRule (HealthyPipelineSafeModeRule.java:initializeRule(169)) - Total pipeline count is 0, healthy pipeline threshold count is 1
2023-05-23 10:27:55,344 [Time-limited test] INFO  safemode.OneReplicaPipelineSafeModeRule (OneReplicaPipelineSafeModeRule.java:initializeRule(180)) - Total pipeline count is 0, pipeline's with at least one datanode reported threshold count is 0
2023-05-23 10:27:55,344 [Time-limited test] INFO  server.StorageContainerManager (StorageContainerManager.java:<init>(403)) - SCM start with adminUsers: [runner]
2023-05-23 10:27:55,344 [Time-limited test] INFO  ipc.CallQueueManager (CallQueueManager.java:<init>(90)) - Using callQueue: class java.util.concurrent.LinkedBlockingQueue, queueCapacity: 2000, scheduler: class org.apache.hadoop.ipc.DefaultRpcScheduler, ipcBackoff: false.
2023-05-23 10:27:55,345 [Socket Reader #1 for port 15242] INFO  ipc.Server (Server.java:run(1319)) - Starting Socket Reader #1 for port 15242
2023-05-23 10:27:55,346 [Listener at 0.0.0.0/15242] INFO  ipc.CallQueueManager (CallQueueManager.java:<init>(90)) - Using callQueue: class java.util.concurrent.LinkedBlockingQueue, queueCapacity: 2000, scheduler: class org.apache.hadoop.ipc.DefaultRpcScheduler, ipcBackoff: false.
2023-05-23 10:27:55,347 [Socket Reader #1 for port 15241] INFO  ipc.Server (Server.java:run(1319)) - Starting Socket Reader #1 for port 15241
2023-05-23 10:27:55,347 [Listener at 0.0.0.0/15241] INFO  ipc.CallQueueManager (CallQueueManager.java:<init>(90)) - Using callQueue: class java.util.concurrent.LinkedBlockingQueue, queueCapacity: 2000, scheduler: class org.apache.hadoop.ipc.DefaultRpcScheduler, ipcBackoff: false.
2023-05-23 10:27:55,349 [ReplicationMonitor] INFO  replication.ReplicationManager (ReplicationManager.java:processAll(375)) - Replication Manager is not ready to run until 3000ms after safemode exit
2023-05-23 10:27:55,349 [Socket Reader #1 for port 15240] INFO  ipc.Server (Server.java:run(1319)) - Starting Socket Reader #1 for port 15240
2023-05-23 10:27:55,357 [Listener at 0.0.0.0/15240] INFO  ha.SCMServiceManager (SCMServiceManager.java:register(42)) - Registering service ContainerBalancer.
2023-05-23 10:27:55,357 [Listener at 0.0.0.0/15240] INFO  server.StorageContainerManager (StorageContainerManager.java:<init>(420)) - 
Container Balancer status:
Key                            Value
Running                        false
Container Balancer Configuration values:
Key                                                Value
Threshold                                          10
Max Datanodes to Involve per Iteration(percent)    20
Max Size to Move per Iteration                     500GB
Max Size Entering Target per Iteration             26GB
Max Size Leaving Source per Iteration              26GB

2023-05-23 10:27:55,357 [Listener at 0.0.0.0/15240] INFO  ha.SCMContext (SCMContext.java:updateSafeModeStatus(228)) - Update SafeModeStatus from SafeModeStatus{safeModeStatus=true, preCheckPassed=false} to SafeModeStatus{safeModeStatus=true, preCheckPassed=false}.
2023-05-23 10:27:55,357 [Listener at 0.0.0.0/15240] INFO  server.StorageContainerManager (StorageContainerManager.java:start(1477)) - StorageContainerLocationProtocol RPC server is listening at /0.0.0.0:15240
2023-05-23 10:27:55,358 [Listener at 0.0.0.0/15240] WARN  impl.MetricsConfig (MetricsConfig.java:loadFirst(136)) - Cannot locate configuration: tried hadoop-metrics2-storagecontainermanager.properties,hadoop-metrics2.properties
2023-05-23 10:27:55,360 [Listener at 0.0.0.0/15240] INFO  impl.MetricsSystemImpl (MetricsSystemImpl.java:startTimer(378)) - Scheduled Metric snapshot period at 10 second(s).
2023-05-23 10:27:55,360 [Listener at 0.0.0.0/15240] INFO  impl.MetricsSystemImpl (MetricsSystemImpl.java:start(191)) - StorageContainerManager metrics system started
2023-05-23 10:27:55,366 [Listener at 0.0.0.0/15240] INFO  impl.MetricsSinkAdapter (MetricsSinkAdapter.java:start(204)) - Sink prometheus started
2023-05-23 10:27:55,366 [Listener at 0.0.0.0/15240] INFO  impl.MetricsSystemImpl (MetricsSystemImpl.java:registerSink(305)) - Registered sink prometheus
2023-05-23 10:27:55,383 [Listener at 0.0.0.0/15240] INFO  server.SCMClientProtocolServer (SCMClientProtocolServer.java:start(199)) - RPC server for Client  is listening at /0.0.0.0:15240
2023-05-23 10:27:55,384 [IPC Server Responder] INFO  ipc.Server (Server.java:run(1558)) - IPC Server Responder: starting
2023-05-23 10:27:55,384 [IPC Server listener on 15240] INFO  ipc.Server (Server.java:run(1398)) - IPC Server listener on 15240: starting
2023-05-23 10:27:55,386 [Listener at 0.0.0.0/15240] INFO  server.StorageContainerManager (StorageContainerManager.java:start(1491)) - ScmBlockLocationProtocol RPC server is listening at /0.0.0.0:15241
2023-05-23 10:27:55,386 [Listener at 0.0.0.0/15240] INFO  server.SCMBlockProtocolServer (SCMBlockProtocolServer.java:start(152)) - RPC server for Block Protocol is listening at /0.0.0.0:15241
2023-05-23 10:27:55,387 [IPC Server Responder] INFO  ipc.Server (Server.java:run(1558)) - IPC Server Responder: starting
2023-05-23 10:27:55,387 [IPC Server listener on 15241] INFO  ipc.Server (Server.java:run(1398)) - IPC Server listener on 15241: starting
2023-05-23 10:27:55,389 [Listener at 0.0.0.0/15240] INFO  server.SCMDatanodeProtocolServer (SCMDatanodeProtocolServer.java:start(193)) - ScmDatanodeProtocol RPC server for DataNodes is listening at /0.0.0.0:15242
2023-05-23 10:27:55,389 [IPC Server Responder] INFO  ipc.Server (Server.java:run(1558)) - IPC Server Responder: starting
2023-05-23 10:27:55,389 [IPC Server listener on 15242] INFO  ipc.Server (Server.java:run(1398)) - IPC Server listener on 15242: starting
2023-05-23 10:27:55,394 [Listener at 0.0.0.0/15240] INFO  http.BaseHttpServer (BaseHttpServer.java:newHttpServer2BuilderForOzone(224)) - Starting Web-server for scm at: http://0.0.0.0:15243
2023-05-23 10:27:55,394 [Listener at 0.0.0.0/15240] INFO  http.BaseHttpServer (BaseHttpServer.java:<init>(111)) - Hadoop Security Enabled: false Ozone Security Enabled: false Ozone HTTP Security Enabled: false 
2023-05-23 10:27:55,395 [Listener at 0.0.0.0/15240] WARN  server.AuthenticationFilter (AuthenticationFilter.java:constructSecretProvider(240)) - Unable to initialize FileSignerSecretProvider, falling back to use random secrets. Reason: Could not read signature secret file: /home/runner/hadoop-http-auth-signature-secret
2023-05-23 10:27:55,395 [Listener at 0.0.0.0/15240] INFO  http.HttpRequestLog (HttpRequestLog.java:getRequestLog(86)) - Http request log for http.requests.scm is not defined
2023-05-23 10:27:55,396 [Listener at 0.0.0.0/15240] INFO  http.HttpServer2 (HttpServer2.java:addGlobalFilter(1031)) - Added global filter 'safety' (class=org.apache.hadoop.hdds.server.http.HttpServer2$QuotingInputFilter)
2023-05-23 10:27:55,397 [Listener at 0.0.0.0/15240] INFO  http.HttpServer2 (HttpServer2.java:addFilter(1007)) - Added filter static_user_filter (class=org.apache.hadoop.http.lib.StaticUserWebFilter$StaticUserFilter) to context scm
2023-05-23 10:27:55,397 [Listener at 0.0.0.0/15240] INFO  http.HttpServer2 (HttpServer2.java:addFilter(1015)) - Added filter static_user_filter (class=org.apache.hadoop.http.lib.StaticUserWebFilter$StaticUserFilter) to context logs
2023-05-23 10:27:55,397 [Listener at 0.0.0.0/15240] INFO  http.HttpServer2 (HttpServer2.java:addFilter(1015)) - Added filter static_user_filter (class=org.apache.hadoop.http.lib.StaticUserWebFilter$StaticUserFilter) to context static
2023-05-23 10:27:55,397 [Listener at 0.0.0.0/15240] INFO  http.BaseHttpServer (BaseHttpServer.java:<init>(190)) - HTTP server of scm uses base directory /home/runner/work/ozone/ozone/hadoop-ozone/integration-test/target/test-dir/MiniOzoneClusterImpl-61d3b935-36cd-4496-a441-eee01f8c564c/ozone-meta/webserver
2023-05-23 10:27:55,398 [Listener at 0.0.0.0/15240] INFO  http.HttpServer2 (HttpServer2.java:bindListener(1250)) - Jetty bound to port 15243
2023-05-23 10:27:55,398 [Listener at 0.0.0.0/15240] INFO  server.Server (Server.java:doStart(375)) - jetty-9.4.51.v20230217; built: 2023-02-17T08:19:37.309Z; git: b45c405e4544384de066f814ed42ae3dceacdd49; jvm 1.8.0_362-b09
2023-05-23 10:27:55,399 [Listener at 0.0.0.0/15240] INFO  server.session (DefaultSessionIdManager.java:doStart(334)) - DefaultSessionIdManager workerName=node0
2023-05-23 10:27:55,399 [Listener at 0.0.0.0/15240] INFO  server.session (DefaultSessionIdManager.java:doStart(339)) - No SessionScavenger set, using defaults
2023-05-23 10:27:55,399 [Listener at 0.0.0.0/15240] INFO  server.session (HouseKeeper.java:startScavenging(132)) - node0 Scavenging every 600000ms
2023-05-23 10:27:55,400 [Listener at 0.0.0.0/15240] INFO  handler.ContextHandler (ContextHandler.java:doStart(921)) - Started o.e.j.s.ServletContextHandler@5ab7a64e{logs,/logs,file:///home/runner/work/ozone/ozone/hadoop-ozone/integration-test/target/log,AVAILABLE}
2023-05-23 10:27:55,400 [Listener at 0.0.0.0/15240] INFO  handler.ContextHandler (ContextHandler.java:doStart(921)) - Started o.e.j.s.ServletContextHandler@6aef0151{static,/static,file:///home/runner/work/ozone/ozone/hadoop-ozone/integration-test/target/test-classes/webapps/static,AVAILABLE}
2023-05-23 10:27:55,401 [org.apache.hadoop.util.JvmPauseMonitor$Monitor@5e0f3f68] INFO  util.JvmPauseMonitor (JvmPauseMonitor.java:run(188)) - Starting JVM pause monitor
2023-05-23 10:27:55,402 [Listener at 0.0.0.0/15240] INFO  handler.ContextHandler (ContextHandler.java:doStart(921)) - Started o.e.j.w.WebAppContext@3b210bd2{scm,/,file:///home/runner/work/ozone/ozone/hadoop-ozone/integration-test/target/test-classes/webapps/scm/,AVAILABLE}{file:/home/runner/work/ozone/ozone/hadoop-ozone/integration-test/target/test-classes/webapps/scm}
2023-05-23 10:27:55,405 [Listener at 0.0.0.0/15240] INFO  server.AbstractConnector (AbstractConnector.java:doStart(333)) - Started ServerConnector@42e514a{HTTP/1.1, (http/1.1)}{0.0.0.0:15243}
2023-05-23 10:27:55,405 [Listener at 0.0.0.0/15240] INFO  server.Server (Server.java:doStart(415)) - Started @208457ms
2023-05-23 10:27:55,405 [Listener at 0.0.0.0/15240] WARN  impl.MetricsSystemImpl (MetricsSystemImpl.java:register(279)) - Sink prometheus already exists!
2023-05-23 10:27:55,406 [Listener at 0.0.0.0/15240] INFO  http.BaseHttpServer (BaseHttpServer.java:updateConnectorAddress(344)) - HTTP server of scm listening at http://0.0.0.0:15243
2023-05-23 10:27:55,406 [Listener at 0.0.0.0/15240] WARN  server.ServerUtils (ServerUtils.java:getDBPath(225)) - ozone.om.db.dirs is not configured. We recommend adding this setting. Falling back to ozone.metadata.dirs instead.
2023-05-23 10:27:55,407 [Listener at 0.0.0.0/15240] INFO  ha.OMHANodeDetails (OMHANodeDetails.java:loadOMHAConfig(115)) - ozone.om.internal.service.id is not defined, falling back to ozone.om.service.ids to find serviceID for OzoneManager if it is HA enabled cluster
2023-05-23 10:27:55,407 [Listener at 0.0.0.0/15240] INFO  ha.OMHANodeDetails (OMHANodeDetails.java:loadOMHAConfig(226)) - Configuration does not have ozone.om.address set. Falling back to the default OM address /127.0.0.1:15244
2023-05-23 10:27:55,408 [Listener at 0.0.0.0/15240] INFO  ha.OMHANodeDetails (OMHANodeDetails.java:getOMNodeDetailsForNonHA(254)) - OM Service ID is not set. Setting it to the default ID: omServiceIdDefault
2023-05-23 10:27:55,408 [Listener at 0.0.0.0/15240] INFO  ha.OMHANodeDetails (OMHANodeDetails.java:getOMNodeDetailsForNonHA(261)) - OM Node ID is not set. Setting it to the default ID: om1
2023-05-23 10:27:55,408 [Listener at 0.0.0.0/15240] WARN  server.ServerUtils (ServerUtils.java:getDBPath(225)) - ozone.om.db.dirs is not configured. We recommend adding this setting. Falling back to ozone.metadata.dirs instead.
2023-05-23 10:27:55,409 [Listener at 0.0.0.0/15240] INFO  upgrade.AbstractLayoutVersionManager (AbstractLayoutVersionManager.java:init(83)) - Initializing Layout version manager with metadata layout = HSYNC (version = 4), software layout = HSYNC (version = 4)
2023-05-23 10:27:55,487 [Listener at 0.0.0.0/15240] INFO  reflections.Reflections (Reflections.java:scan(232)) - Reflections took 77 ms to scan 2 urls, producing 174 keys and 483 values [using 2 cores]
2023-05-23 10:27:55,487 [Listener at 0.0.0.0/15240] INFO  upgrade.OMLayoutVersionManager (OMLayoutVersionManager.java:lambda$0(115)) - Skipping Upgrade Action MockOmUpgradeAction since it has been finalized.
2023-05-23 10:27:55,488 [Listener at 0.0.0.0/15240] WARN  server.ServerUtils (ServerUtils.java:getDBPath(225)) - ozone.om.db.dirs is not configured. We recommend adding this setting. Falling back to ozone.metadata.dirs instead.
2023-05-23 10:27:55,488 [Listener at 0.0.0.0/15240] INFO  proxy.SCMBlockLocationFailoverProxyProvider (SCMBlockLocationFailoverProxyProvider.java:<init>(114)) - Created block location fail-over proxy with 1 nodes: [nodeId=scmNodeId,nodeAddress=/0.0.0.0:15241]
2023-05-23 10:27:55,490 [Listener at 0.0.0.0/15240] INFO  proxy.SCMBlockLocationFailoverProxyProvider (SCMBlockLocationFailoverProxyProvider.java:<init>(114)) - Created block location fail-over proxy with 1 nodes: [nodeId=scmNodeId,nodeAddress=/0.0.0.0:15241]
2023-05-23 10:27:55,501 [Listener at 0.0.0.0/15240] INFO  om.OzoneManager (OzoneManager.java:<init>(648)) - OM start with adminUsers: [runner]
2023-05-23 10:27:55,502 [Listener at 0.0.0.0/15240] WARN  server.ServerUtils (ServerUtils.java:getDBPath(225)) - ozone.om.db.dirs is not configured. We recommend adding this setting. Falling back to ozone.metadata.dirs instead.
2023-05-23 10:27:55,503 [Listener at 0.0.0.0/15240] INFO  helpers.OmKeyInfo (OmKeyInfo.java:getCodec(75)) - OmKeyInfo.getCodec ignorePipeline = true
2023-05-23 10:27:55,503 [Listener at 0.0.0.0/15240] INFO  codec.RepeatedOmKeyInfoCodec (RepeatedOmKeyInfoCodec.java:<init>(41)) - RepeatedOmKeyInfoCodec ignorePipeline = true
2023-05-23 10:27:55,719 [Listener at 0.0.0.0/15240] INFO  om.OzoneManager (OzoneManager.java:instantiateServices(789)) - S3 Multi-Tenancy is disabled
2023-05-23 10:27:55,719 [Listener at 0.0.0.0/15240] INFO  om.OmSnapshotManager (OmSnapshotManager.java:<init>(170)) - Ozone filesystem snapshot feature is enabled.
2023-05-23 10:27:55,719 [Listener at 0.0.0.0/15240] WARN  server.ServerUtils (ServerUtils.java:getDBPath(225)) - ozone.om.snapshot.diff.db.dir is not configured. We recommend adding this setting. Falling back to ozone.metadata.dirs instead.
2023-05-23 10:27:55,745 [Listener at 0.0.0.0/15240] INFO  utils.NativeLibraryLoader (NativeLibraryLoader.java:loadLibrary(103)) - Loading Library: ozone_rocksdb_tools
2023-05-23 10:27:55,746 [Listener at 0.0.0.0/15240] INFO  om.OzoneManager (OzoneManager.java:addS3GVolumeToDB(4326)) - Created Volume s3v With Owner runner required for S3Gateway operations.
2023-05-23 10:27:55,747 [Listener at 0.0.0.0/15240] WARN  server.ServerUtils (ServerUtils.java:getDefaultRatisDirectory(237)) - Storage directory for Ratis is not configured. It is a good idea to map this to an SSD disk. Falling back to ozone.metadata.dirs
2023-05-23 10:27:55,747 [Listener at 0.0.0.0/15240] WARN  utils.OzoneManagerRatisUtils (OzoneManagerRatisUtils.java:getOMRatisSnapshotDirectory(456)) - ozone.om.ratis.snapshot.dir is not configured. Falling back to ozone.metadata.dirs config
2023-05-23 10:27:55,747 [Listener at 0.0.0.0/15240] WARN  server.ServerUtils (ServerUtils.java:getDefaultRatisDirectory(237)) - Storage directory for Ratis is not configured. It is a good idea to map this to an SSD disk. Falling back to ozone.metadata.dirs
2023-05-23 10:27:55,748 [Listener at 0.0.0.0/15240] INFO  ratis.OzoneManagerRatisServer (OzoneManagerRatisServer.java:<init>(163)) - Instantiating OM Ratis server with groupID: omServiceIdDefault and peers: localhost:15247
2023-05-23 10:27:55,748 [Listener at 0.0.0.0/15240] INFO  ratis.OzoneManagerStateMachine (OzoneManagerStateMachine.java:loadSnapshotInfoFromDB(670)) - LastAppliedIndex is set from TransactionInfo from OM DB as (t:0, i:~)
2023-05-23 10:27:55,748 [Listener at 0.0.0.0/15240] INFO  server.RaftServer (ConfUtils.java:logGet(46)) - raft.rpc.type = GRPC (default)
2023-05-23 10:27:55,748 [Listener at 0.0.0.0/15240] INFO  grpc.GrpcConfigKeys (ConfUtils.java:logFallback(53)) - raft.grpc.admin.host = null (fallback to raft.grpc.server.host)
2023-05-23 10:27:55,749 [Listener at 0.0.0.0/15240] INFO  grpc.GrpcConfigKeys (ConfUtils.java:logFallback(53)) - raft.grpc.admin.port = 15247 (fallback to raft.grpc.server.port)
2023-05-23 10:27:55,749 [Listener at 0.0.0.0/15240] INFO  grpc.GrpcConfigKeys (ConfUtils.java:logFallback(53)) - raft.grpc.client.host = null (fallback to raft.grpc.server.host)
2023-05-23 10:27:55,749 [Listener at 0.0.0.0/15240] INFO  grpc.GrpcConfigKeys (ConfUtils.java:logFallback(53)) - raft.grpc.client.port = 15247 (fallback to raft.grpc.server.port)
2023-05-23 10:27:55,749 [Listener at 0.0.0.0/15240] INFO  grpc.GrpcConfigKeys (ConfUtils.java:logGet(46)) - raft.grpc.server.host = null (default)
2023-05-23 10:27:55,749 [Listener at 0.0.0.0/15240] INFO  grpc.GrpcConfigKeys (ConfUtils.java:logGet(46)) - raft.grpc.server.port = 15247 (custom)
2023-05-23 10:27:55,749 [Listener at 0.0.0.0/15240] INFO  server.GrpcService (ConfUtils.java:logGet(46)) - raft.grpc.message.size.max = 33554432 (custom)
2023-05-23 10:27:55,749 [Listener at 0.0.0.0/15240] INFO  server.RaftServerConfigKeys (ConfUtils.java:logGet(46)) - raft.server.log.appender.buffer.byte-limit = 33554432 (custom)
2023-05-23 10:27:55,749 [Listener at 0.0.0.0/15240] INFO  server.GrpcService (ConfUtils.java:logGet(46)) - raft.grpc.flow.control.window = 1MB (=1048576) (default)
2023-05-23 10:27:55,749 [Listener at 0.0.0.0/15240] INFO  server.RaftServerConfigKeys (ConfUtils.java:logGet(46)) - raft.server.rpc.request.timeout = 3000ms (default)
2023-05-23 10:27:55,749 [Listener at 0.0.0.0/15240] INFO  grpc.GrpcConfigKeys (ConfUtils.java:logGet(46)) - raft.grpc.server.heartbeat.channel = true (default)
2023-05-23 10:27:55,749 [Listener at 0.0.0.0/15240] INFO  grpc.GrpcConfigKeys (ConfUtils.java:logGet(46)) - raft.grpc.server.async.request.thread.pool.cached = true (default)
2023-05-23 10:27:55,749 [Listener at 0.0.0.0/15240] INFO  grpc.GrpcConfigKeys (ConfUtils.java:logGet(46)) - raft.grpc.server.async.request.thread.pool.size = 32 (default)
2023-05-23 10:27:55,751 [Listener at 0.0.0.0/15240] INFO  impl.DataStreamServerImpl (ConfUtils.java:logGet(46)) - raft.datastream.type = DISABLED (default)
2023-05-23 10:27:55,751 [Listener at 0.0.0.0/15240] INFO  server.RaftServerConfigKeys (ConfUtils.java:logGet(46)) - raft.server.threadpool.proxy.cached = true (default)
2023-05-23 10:27:55,751 [Listener at 0.0.0.0/15240] INFO  server.RaftServerConfigKeys (ConfUtils.java:logGet(46)) - raft.server.threadpool.proxy.size = 0 (default)
2023-05-23 10:27:55,751 [Listener at 0.0.0.0/15240] INFO  server.RaftServerConfigKeys (ConfUtils.java:logGet(46)) - raft.server.rpc.slowness.timeout = 120s (custom)
2023-05-23 10:27:55,751 [Listener at 0.0.0.0/15240] INFO  server.RaftServerConfigKeys (ConfUtils.java:logGet(46)) - raft.server.leaderelection.leader.step-down.wait-time = 10s (default)
2023-05-23 10:27:55,751 [Listener at 0.0.0.0/15240] INFO  server.RaftServerConfigKeys (ConfUtils.java:logGet(46)) - raft.server.storage.dir = [/home/runner/work/ozone/ozone/hadoop-ozone/integration-test/target/test-dir/MiniOzoneClusterImpl-61d3b935-36cd-4496-a441-eee01f8c564c/ozone-meta/ratis] (custom)
2023-05-23 10:27:55,752 [Listener at 0.0.0.0/15240] INFO  server.RaftServer (RaftServerProxy.java:addNew(98)) - om1: addNew group-C5BA1605619E:[om1|rpc:localhost:15247|priority:0|startupRole:FOLLOWER] returns group-C5BA1605619E:java.util.concurrent.CompletableFuture@18e10287[Not completed]
2023-05-23 10:27:55,752 [om1-groupManagement] INFO  server.RaftServer$Division (RaftServerImpl.java:<init>(198)) - om1: new RaftServerImpl for group-C5BA1605619E:[om1|rpc:localhost:15247|priority:0|startupRole:FOLLOWER] with OzoneManagerStateMachine:uninitialized
2023-05-23 10:27:55,752 [Listener at 0.0.0.0/15240] INFO  om.OzoneManager (OzoneManager.java:initializeRatisServer(2151)) - OzoneManager Ratis server initialized at port 15247
2023-05-23 10:27:55,752 [om1-groupManagement] INFO  server.RaftServerConfigKeys (ConfUtils.java:logGet(46)) - raft.server.rpc.timeout.min = 1s (custom)
2023-05-23 10:27:55,752 [Listener at 0.0.0.0/15240] INFO  om.OzoneManager (OzoneManager.java:getRpcServer(1198)) - Creating RPC Server
2023-05-23 10:27:55,752 [om1-groupManagement] INFO  server.RaftServerConfigKeys (ConfUtils.java:logGet(46)) - raft.server.rpc.timeout.max = 1200ms (custom)
2023-05-23 10:27:55,752 [om1-groupManagement] INFO  server.RaftServerConfigKeys (ConfUtils.java:logGet(46)) - raft.server.rpc.sleep.time = 25ms (default)
2023-05-23 10:27:55,752 [om1-groupManagement] INFO  server.RaftServerConfigKeys (ConfUtils.java:logGet(46)) - raft.server.rpc.slowness.timeout = 120s (custom)
2023-05-23 10:27:55,752 [om1-groupManagement] INFO  server.RaftServerConfigKeys (ConfUtils.java:logGet(46)) - raft.server.leaderelection.leader.step-down.wait-time = 10s (default)
2023-05-23 10:27:55,752 [om1-groupManagement] INFO  server.RaftServerConfigKeys (ConfUtils.java:logGet(46)) - raft.server.sleep.deviation.threshold = 300ms (default)
2023-05-23 10:27:55,752 [om1-groupManagement] INFO  server.RaftServer$Division (ServerState.java:<init>(120)) - om1@group-C5BA1605619E: ConfigurationManager, init=-1: peers:[om1|rpc:localhost:15247|priority:0|startupRole:FOLLOWER]|listeners:[], old=null, confs=<EMPTY_MAP>
2023-05-23 10:27:55,752 [om1-groupManagement] INFO  server.RaftServerConfigKeys (ConfUtils.java:logGet(46)) - raft.server.storage.dir = [/home/runner/work/ozone/ozone/hadoop-ozone/integration-test/target/test-dir/MiniOzoneClusterImpl-61d3b935-36cd-4496-a441-eee01f8c564c/ozone-meta/ratis] (custom)
2023-05-23 10:27:55,753 [om1-groupManagement] INFO  server.RaftServerConfigKeys (ConfUtils.java:logGet(46)) - raft.server.log.corruption.policy = EXCEPTION (default)
2023-05-23 10:27:55,753 [om1-groupManagement] INFO  server.RaftServerConfigKeys (ConfUtils.java:logGet(46)) - raft.server.storage.free-space.min = 0MB (=0) (default)
2023-05-23 10:27:55,753 [om1-groupManagement] INFO  server.RaftServerConfigKeys (ConfUtils.java:logGet(46)) - raft.server.notification.no-leader.timeout = 120s (custom)
2023-05-23 10:27:55,754 [om1-groupManagement] INFO  server.RaftServerConfigKeys (ConfUtils.java:logGet(46)) - raft.server.read.timeout = 10s (default)
2023-05-23 10:27:55,754 [om1-groupManagement] INFO  server.RaftServerConfigKeys (ConfUtils.java:logGet(46)) - raft.server.retrycache.expirytime = 300s (custom)
2023-05-23 10:27:55,754 [om1-groupManagement] INFO  server.RaftServerConfigKeys (ConfUtils.java:logGet(46)) - raft.server.retrycache.statistics.expirytime = 100μs (default)
2023-05-23 10:27:55,754 [om1-groupManagement] INFO  server.RaftServerConfigKeys (ConfUtils.java:logGet(46)) - raft.server.read.option = DEFAULT (default)
2023-05-23 10:27:55,755 [om1-groupManagement] INFO  server.RaftServerConfigKeys (ConfUtils.java:logGet(46)) - raft.server.rpc.request.timeout = 3000ms (default)
2023-05-23 10:27:55,755 [om1-groupManagement] INFO  server.RaftServerConfigKeys (ConfUtils.java:logGet(46)) - raft.server.log.appender.install.snapshot.enabled = false (custom)
2023-05-23 10:27:55,755 [om1-groupManagement] INFO  server.RaftServerConfigKeys (ConfUtils.java:logGet(46)) - raft.server.threadpool.server.cached = true (default)
2023-05-23 10:27:55,755 [om1-groupManagement] INFO  server.RaftServerConfigKeys (ConfUtils.java:logGet(46)) - raft.server.threadpool.server.size = 0 (default)
2023-05-23 10:27:55,755 [om1-groupManagement] INFO  server.RaftServerConfigKeys (ConfUtils.java:logGet(46)) - raft.server.threadpool.client.cached = true (default)
2023-05-23 10:27:55,755 [om1-groupManagement] INFO  server.RaftServerConfigKeys (ConfUtils.java:logGet(46)) - raft.server.threadpool.client.size = 0 (default)
2023-05-23 10:27:56,213 [Listener at 0.0.0.0/15240] INFO  reflections.Reflections (Reflections.java:scan(232)) - Reflections took 460 ms to scan 19 urls, producing 69 keys and 5193 values [using 2 cores]
2023-05-23 10:27:56,214 [Listener at 0.0.0.0/15240] INFO  ipc.CallQueueManager (CallQueueManager.java:<init>(90)) - Using callQueue: class java.util.concurrent.LinkedBlockingQueue, queueCapacity: 2000, scheduler: class org.apache.hadoop.ipc.DefaultRpcScheduler, ipcBackoff: false.
2023-05-23 10:27:56,215 [Socket Reader #1 for port 15244] INFO  ipc.Server (Server.java:run(1319)) - Starting Socket Reader #1 for port 15244
2023-05-23 10:27:56,235 [Listener at 127.0.0.1/15244] INFO  impl.MetricsSystemImpl (MetricsSystemImpl.java:init(158)) - OzoneManager metrics system started (again)
2023-05-23 10:27:56,246 [Listener at 127.0.0.1/15244] INFO  om.OzoneManager (OzoneManager.java:start(1619)) - OzoneManager RPC server is listening at localhost/127.0.0.1:15244
2023-05-23 10:27:56,246 [Listener at 127.0.0.1/15244] INFO  ratis.OzoneManagerRatisServer (OzoneManagerRatisServer.java:start(558)) - Starting OzoneManagerRatisServer om1 at port 15247
2023-05-23 10:27:56,246 [om1-impl-thread1] INFO  storage.RaftStorageDirectory (RaftStorageDirectoryImpl.java:analyzeStorage(137)) - The storage directory /home/runner/work/ozone/ozone/hadoop-ozone/integration-test/target/test-dir/MiniOzoneClusterImpl-61d3b935-36cd-4496-a441-eee01f8c564c/ozone-meta/ratis/bf265839-605b-3f16-9796-c5ba1605619e does not exist. Creating ...
2023-05-23 10:27:56,248 [om1-impl-thread1] INFO  storage.RaftStorageDirectory (RaftStorageDirectoryImpl.java:tryLock(231)) - Lock on /home/runner/work/ozone/ozone/hadoop-ozone/integration-test/target/test-dir/MiniOzoneClusterImpl-61d3b935-36cd-4496-a441-eee01f8c564c/ozone-meta/ratis/bf265839-605b-3f16-9796-c5ba1605619e/in_use.lock acquired by nodename 10384@fv-az1249-304
2023-05-23 10:27:56,249 [om1-impl-thread1] INFO  storage.RaftStorage (RaftStorageImpl.java:format(96)) - Storage directory /home/runner/work/ozone/ozone/hadoop-ozone/integration-test/target/test-dir/MiniOzoneClusterImpl-61d3b935-36cd-4496-a441-eee01f8c564c/ozone-meta/ratis/bf265839-605b-3f16-9796-c5ba1605619e has been successfully formatted.
2023-05-23 10:27:56,249 [om1-impl-thread1] INFO  server.RaftServerConfigKeys (ConfUtils.java:logGet(46)) - raft.server.log.use.memory = false (default)
2023-05-23 10:27:56,249 [om1-impl-thread1] INFO  server.RaftServerConfigKeys (ConfUtils.java:logGet(46)) - raft.server.log.purge.gap = 1000000 (custom)
2023-05-23 10:27:56,250 [om1-impl-thread1] INFO  server.RaftServerConfigKeys (ConfUtils.java:logGet(46)) - raft.server.log.appender.buffer.byte-limit = 33554432 (custom)
2023-05-23 10:27:56,250 [om1-impl-thread1] INFO  server.RaftServerConfigKeys (ConfUtils.java:logGet(46)) - raft.server.log.statemachine.data.read.timeout = 1000ms (default)
2023-05-23 10:27:56,250 [om1-impl-thread1] INFO  server.RaftServerConfigKeys (ConfUtils.java:logGet(46)) - raft.server.log.purge.preservation.log.num = 0 (default)
2023-05-23 10:27:56,250 [om1-impl-thread1] INFO  server.RaftServerConfigKeys (ConfUtils.java:logGet(46)) - raft.server.log.segment.size.max = 4194304 (custom)
2023-05-23 10:27:56,250 [om1-impl-thread1] INFO  server.RaftServerConfigKeys (ConfUtils.java:logGet(46)) - raft.server.log.segment.cache.num.max = 2 (custom)
2023-05-23 10:27:56,250 [om1-impl-thread1] INFO  server.RaftServerConfigKeys (ConfUtils.java:logGet(46)) - raft.server.log.segment.cache.size.max = 200MB (=209715200) (default)
2023-05-23 10:27:56,250 [om1-impl-thread1] INFO  server.RaftServerConfigKeys (ConfUtils.java:logGet(46)) - raft.server.log.appender.buffer.byte-limit = 33554432 (custom)
2023-05-23 10:27:56,250 [om1-impl-thread1] INFO  segmented.SegmentedRaftLogWorker (SegmentedRaftLogWorker.java:<init>(188)) - new om1@group-C5BA1605619E-SegmentedRaftLogWorker for RaftStorageImpl:Storage Directory /home/runner/work/ozone/ozone/hadoop-ozone/integration-test/target/test-dir/MiniOzoneClusterImpl-61d3b935-36cd-4496-a441-eee01f8c564c/ozone-meta/ratis/bf265839-605b-3f16-9796-c5ba1605619e
2023-05-23 10:27:56,250 [om1-impl-thread1] INFO  server.RaftServerConfigKeys (ConfUtils.java:logGet(46)) - raft.server.log.queue.byte-limit = 64MB (=67108864) (default)
2023-05-23 10:27:56,250 [om1-impl-thread1] INFO  server.RaftServerConfigKeys (ConfUtils.java:logGet(46)) - raft.server.log.queue.element-limit = 4096 (default)
2023-05-23 10:27:56,250 [om1-impl-thread1] INFO  server.RaftServerConfigKeys (ConfUtils.java:logGet(46)) - raft.server.log.segment.size.max = 4194304 (custom)
2023-05-23 10:27:56,250 [om1-impl-thread1] INFO  server.RaftServerConfigKeys (ConfUtils.java:logGet(46)) - raft.server.log.preallocated.size = 4194304 (custom)
2023-05-23 10:27:56,250 [om1-impl-thread1] INFO  server.RaftServerConfigKeys (ConfUtils.java:logGet(46)) - raft.server.log.force.sync.num = 128 (default)
2023-05-23 10:27:56,250 [om1-impl-thread1] INFO  server.RaftServerConfigKeys (ConfUtils.java:logGet(46)) - raft.server.log.statemachine.data.sync = true (default)
2023-05-23 10:27:56,250 [om1-impl-thread1] INFO  server.RaftServerConfigKeys (ConfUtils.java:logGet(46)) - raft.server.log.statemachine.data.sync.timeout = 10s (default)
2023-05-23 10:27:56,250 [om1-impl-thread1] INFO  server.RaftServerConfigKeys (ConfUtils.java:logGet(46)) - raft.server.log.statemachine.data.sync.timeout.retry = -1 (default)
2023-05-23 10:27:56,251 [om1-impl-thread1] INFO  server.RaftServerConfigKeys (ConfUtils.java:logGet(46)) - raft.server.log.write.buffer.size = 64KB (=65536) (default)
2023-05-23 10:27:56,251 [om1-impl-thread1] INFO  server.RaftServerConfigKeys (ConfUtils.java:logGet(46)) - raft.server.log.appender.buffer.byte-limit = 33554432 (custom)
2023-05-23 10:27:56,256 [om1-impl-thread1] INFO  server.RaftServerConfigKeys (ConfUtils.java:logGet(46)) - raft.server.log.unsafe-flush.enabled = false (default)
2023-05-23 10:27:56,256 [om1-impl-thread1] INFO  server.RaftServerConfigKeys (ConfUtils.java:logGet(46)) - raft.server.log.async-flush.enabled = false (default)
2023-05-23 10:27:56,256 [om1-impl-thread1] INFO  server.RaftServerConfigKeys (ConfUtils.java:logGet(46)) - raft.server.log.statemachine.data.caching.enabled = false (default)
2023-05-23 10:27:56,256 [om1-impl-thread1] INFO  segmented.SegmentedRaftLogWorker (SegmentedRaftLogWorker.java:lambda$new$0(135)) - om1@group-C5BA1605619E-SegmentedRaftLogWorker: flushIndex: setUnconditionally 0 -> -1
2023-05-23 10:27:56,256 [om1-impl-thread1] INFO  segmented.SegmentedRaftLogWorker (SegmentedRaftLogWorker.java:lambda$new$0(135)) - om1@group-C5BA1605619E-SegmentedRaftLogWorker: safeCacheEvictIndex: setUnconditionally 0 -> -1
2023-05-23 10:27:56,256 [om1-impl-thread1] INFO  server.RaftServer$Division (RaftServerImpl.java:start(342)) - om1@group-C5BA1605619E: start as a follower, conf=-1: peers:[om1|rpc:localhost:15247|priority:0|startupRole:FOLLOWER]|listeners:[], old=null
2023-05-23 10:27:56,256 [om1-impl-thread1] INFO  server.RaftServer$Division (RaftServerImpl.java:setRole(329)) - om1@group-C5BA1605619E: changes role from      null to FOLLOWER at term 0 for startAsFollower
2023-05-23 10:27:56,256 [om1-impl-thread1] INFO  impl.RoleInfo (RoleInfo.java:updateAndGet(139)) - om1: start om1@group-C5BA1605619E-FollowerState
2023-05-23 10:27:56,257 [om1-impl-thread1] INFO  util.JmxRegister (JmxRegister.java:tryRegister(44)) - Successfully registered JMX Bean with object name Ratis:service=RaftServer,group=group-C5BA1605619E,id=om1
2023-05-23 10:27:56,257 [om1@group-C5BA1605619E-FollowerState] INFO  server.RaftServerConfigKeys (ConfUtils.java:logFallback(53)) - raft.server.rpc.first-election.timeout.min = 1s (fallback to raft.server.rpc.timeout.min)
2023-05-23 10:27:56,257 [om1-impl-thread1] INFO  server.RaftServerConfigKeys (ConfUtils.java:logGet(46)) - raft.server.snapshot.auto.trigger.enabled = true (custom)
2023-05-23 10:27:56,257 [om1@group-C5BA1605619E-FollowerState] INFO  server.RaftServerConfigKeys (ConfUtils.java:logFallback(53)) - raft.server.rpc.first-election.timeout.max = 1200ms (fallback to raft.server.rpc.timeout.max)
2023-05-23 10:27:56,257 [om1-impl-thread1] INFO  server.RaftServerConfigKeys (ConfUtils.java:logGet(46)) - raft.server.snapshot.auto.trigger.threshold = 400000 (default)
2023-05-23 10:27:56,257 [om1-impl-thread1] INFO  server.RaftServerConfigKeys (ConfUtils.java:logGet(46)) - raft.server.snapshot.retention.file.num = -1 (default)
2023-05-23 10:27:56,257 [om1-impl-thread1] INFO  server.RaftServerConfigKeys (ConfUtils.java:logGet(46)) - raft.server.log.purge.upto.snapshot.index = true (custom)
2023-05-23 10:27:56,257 [Listener at 127.0.0.1/15244] INFO  server.RaftServer (RaftServerProxy.java:startImpl(400)) - om1: start RPC server
2023-05-23 10:27:56,259 [Listener at 127.0.0.1/15244] INFO  server.GrpcService (GrpcService.java:startImpl(302)) - om1: GrpcService started, listening on 15247
2023-05-23 10:27:56,260 [JvmPauseMonitor30] INFO  util.JvmPauseMonitor (JvmPauseMonitor.java:run(103)) - JvmPauseMonitor-om1: Started
2023-05-23 10:27:56,260 [Listener at 127.0.0.1/15244] INFO  om.OzoneManager (OzoneManager.java:start(1635)) - Version File has different layout version (4) than OM DB (null). That is expected if this OM has never been finalized to a newer layout version.
2023-05-23 10:27:56,263 [Listener at 127.0.0.1/15244] INFO  http.BaseHttpServer (BaseHttpServer.java:newHttpServer2BuilderForOzone(224)) - Starting Web-server for ozoneManager at: http://0.0.0.0:15245
2023-05-23 10:27:56,263 [Listener at 127.0.0.1/15244] INFO  http.BaseHttpServer (BaseHttpServer.java:<init>(111)) - Hadoop Security Enabled: false Ozone Security Enabled: false Ozone HTTP Security Enabled: false 
2023-05-23 10:27:56,264 [Listener at 127.0.0.1/15244] WARN  server.AuthenticationFilter (AuthenticationFilter.java:constructSecretProvider(240)) - Unable to initialize FileSignerSecretProvider, falling back to use random secrets. Reason: Could not read signature secret file: /home/runner/hadoop-http-auth-signature-secret
2023-05-23 10:27:56,264 [Listener at 127.0.0.1/15244] INFO  http.HttpRequestLog (HttpRequestLog.java:getRequestLog(86)) - Http request log for http.requests.ozoneManager is not defined
2023-05-23 10:27:56,265 [Listener at 127.0.0.1/15244] INFO  http.HttpServer2 (HttpServer2.java:addGlobalFilter(1031)) - Added global filter 'safety' (class=org.apache.hadoop.hdds.server.http.HttpServer2$QuotingInputFilter)
2023-05-23 10:27:56,266 [Listener at 127.0.0.1/15244] INFO  http.HttpServer2 (HttpServer2.java:addFilter(1007)) - Added filter static_user_filter (class=org.apache.hadoop.http.lib.StaticUserWebFilter$StaticUserFilter) to context ozoneManager
2023-05-23 10:27:56,266 [Listener at 127.0.0.1/15244] INFO  http.HttpServer2 (HttpServer2.java:addFilter(1015)) - Added filter static_user_filter (class=org.apache.hadoop.http.lib.StaticUserWebFilter$StaticUserFilter) to context static
2023-05-23 10:27:56,266 [Listener at 127.0.0.1/15244] INFO  http.HttpServer2 (HttpServer2.java:addFilter(1015)) - Added filter static_user_filter (class=org.apache.hadoop.http.lib.StaticUserWebFilter$StaticUserFilter) to context logs
2023-05-23 10:27:56,266 [Listener at 127.0.0.1/15244] INFO  http.BaseHttpServer (BaseHttpServer.java:<init>(190)) - HTTP server of ozoneManager uses base directory /home/runner/work/ozone/ozone/hadoop-ozone/integration-test/target/test-dir/MiniOzoneClusterImpl-61d3b935-36cd-4496-a441-eee01f8c564c/ozone-meta/webserver
2023-05-23 10:27:56,267 [Listener at 127.0.0.1/15244] INFO  http.HttpServer2 (HttpServer2.java:bindListener(1250)) - Jetty bound to port 15245
2023-05-23 10:27:56,267 [Listener at 127.0.0.1/15244] INFO  server.Server (Server.java:doStart(375)) - jetty-9.4.51.v20230217; built: 2023-02-17T08:19:37.309Z; git: b45c405e4544384de066f814ed42ae3dceacdd49; jvm 1.8.0_362-b09
2023-05-23 10:27:56,269 [Listener at 127.0.0.1/15244] INFO  server.session (DefaultSessionIdManager.java:doStart(334)) - DefaultSessionIdManager workerName=node0
2023-05-23 10:27:56,269 [Listener at 127.0.0.1/15244] INFO  server.session (DefaultSessionIdManager.java:doStart(339)) - No SessionScavenger set, using defaults
2023-05-23 10:27:56,269 [Listener at 127.0.0.1/15244] INFO  server.session (HouseKeeper.java:startScavenging(132)) - node0 Scavenging every 600000ms
2023-05-23 10:27:56,270 [Listener at 127.0.0.1/15244] INFO  handler.ContextHandler (ContextHandler.java:doStart(921)) - Started o.e.j.s.ServletContextHandler@5da286e4{logs,/logs,file:///home/runner/work/ozone/ozone/hadoop-ozone/integration-test/target/log,AVAILABLE}
2023-05-23 10:27:56,270 [Listener at 127.0.0.1/15244] INFO  handler.ContextHandler (ContextHandler.java:doStart(921)) - Started o.e.j.s.ServletContextHandler@60a001a{static,/static,file:///home/runner/work/ozone/ozone/hadoop-ozone/integration-test/target/test-classes/webapps/static,AVAILABLE}
2023-05-23 10:27:56,272 [Listener at 127.0.0.1/15244] INFO  handler.ContextHandler (ContextHandler.java:doStart(921)) - Started o.e.j.w.WebAppContext@403ac05c{ozoneManager,/,file:///home/runner/work/ozone/ozone/hadoop-ozone/integration-test/target/test-classes/webapps/ozoneManager/,AVAILABLE}{file:/home/runner/work/ozone/ozone/hadoop-ozone/integration-test/target/test-classes/webapps/ozoneManager}
2023-05-23 10:27:56,274 [Listener at 127.0.0.1/15244] INFO  server.AbstractConnector (AbstractConnector.java:doStart(333)) - Started ServerConnector@608fe5c8{HTTP/1.1, (http/1.1)}{0.0.0.0:15245}
2023-05-23 10:27:56,274 [Listener at 127.0.0.1/15244] INFO  server.Server (Server.java:doStart(415)) - Started @209326ms
2023-05-23 10:27:56,274 [Listener at 127.0.0.1/15244] WARN  impl.MetricsSystemImpl (MetricsSystemImpl.java:register(279)) - Sink prometheus already exists!
2023-05-23 10:27:56,275 [Listener at 127.0.0.1/15244] INFO  http.BaseHttpServer (BaseHttpServer.java:updateConnectorAddress(344)) - HTTP server of ozoneManager listening at http://0.0.0.0:15245
2023-05-23 10:27:56,275 [IPC Server Responder] INFO  ipc.Server (Server.java:run(1558)) - IPC Server Responder: starting
2023-05-23 10:27:56,281 [IPC Server listener on 15244] INFO  ipc.Server (Server.java:run(1398)) - IPC Server listener on 15244: starting
2023-05-23 10:27:56,283 [Listener at 127.0.0.1/15244] INFO  om.OzoneManager (OzoneManager.java:startTrashEmptier(2095)) - Trash Interval set to 0. Files deleted won't move to trash
2023-05-23 10:27:56,283 [org.apache.hadoop.util.JvmPauseMonitor$Monitor@5a3227dd] INFO  util.JvmPauseMonitor (JvmPauseMonitor.java:run(188)) - Starting JVM pause monitor
2023-05-23 10:27:56,298 [Listener at 127.0.0.1/15244] WARN  impl.MetricRegistriesImpl (MetricRegistriesImpl.java:addReporterRegistration(111)) - New reporters are added after registries were created. Some metrics will be missing from the reporter. Please add reporter before adding any new registry.
2023-05-23 10:27:56,298 [Listener at 127.0.0.1/15244] WARN  impl.MetricRegistriesImpl (MetricRegistriesImpl.java:addReporterRegistration(111)) - New reporters are added after registries were created. Some metrics will be missing from the reporter. Please add reporter before adding any new registry.
2023-05-23 10:27:56,298 [Listener at 127.0.0.1/15244] INFO  impl.MetricsSystemImpl (MetricsSystemImpl.java:init(158)) - HddsDatanode metrics system started (again)
2023-05-23 10:27:56,311 [Listener at 127.0.0.1/15244] INFO  ozone.HddsDatanodeService (HddsDatanodeService.java:start(252)) - HddsDatanodeService host:fv-az1249-304 ip:10.1.0.38
2023-05-23 10:27:56,338 [Listener at 127.0.0.1/15244] INFO  upgrade.AbstractLayoutVersionManager (AbstractLayoutVersionManager.java:init(83)) - Initializing Layout version manager with metadata layout = WEBUI_PORTS_IN_DATANODEDETAILS (version = 6), software layout = WEBUI_PORTS_IN_DATANODEDETAILS (version = 6)
2023-05-23 10:27:56,339 [Listener at 127.0.0.1/15244] INFO  statemachine.DatanodeStateMachine (DatanodeStateMachine.java:getEndPointTaskThreadPoolSize(267)) - Datanode State Machine Task Thread Pool size 2
2023-05-23 10:27:56,340 [Listener at 127.0.0.1/15244] INFO  volume.HddsVolume (HddsVolume.java:<init>(130)) - Creating HddsVolume: /home/runner/work/ozone/ozone/hadoop-ozone/integration-test/target/test-dir/MiniOzoneClusterImpl-61d3b935-36cd-4496-a441-eee01f8c564c/datanode-0/data-0/containers/hdds of storage type : DISK capacity : 9223372036854775807
2023-05-23 10:27:56,340 [Listener at 127.0.0.1/15244] INFO  volume.MutableVolumeSet (MutableVolumeSet.java:initializeVolumeSet(175)) - Added Volume : /home/runner/work/ozone/ozone/hadoop-ozone/integration-test/target/test-dir/MiniOzoneClusterImpl-61d3b935-36cd-4496-a441-eee01f8c564c/datanode-0/data-0/containers/hdds to VolumeSet
2023-05-23 10:27:56,340 [Listener at 127.0.0.1/15244] INFO  volume.ThrottledAsyncChecker (ThrottledAsyncChecker.java:schedule(141)) - Scheduling a check for /home/runner/work/ozone/ozone/hadoop-ozone/integration-test/target/test-dir/MiniOzoneClusterImpl-61d3b935-36cd-4496-a441-eee01f8c564c/datanode-0/data-0/containers/hdds
2023-05-23 10:27:56,341 [Listener at 127.0.0.1/15244] INFO  volume.StorageVolumeChecker (StorageVolumeChecker.java:checkAllVolumes(202)) - Scheduled health check for volume /home/runner/work/ozone/ozone/hadoop-ozone/integration-test/target/test-dir/MiniOzoneClusterImpl-61d3b935-36cd-4496-a441-eee01f8c564c/datanode-0/data-0/containers/hdds
2023-05-23 10:27:56,349 [ReplicationMonitor] INFO  replication.ReplicationManager (ReplicationManager.java:processAll(375)) - Replication Manager is not ready to run until 3000ms after safemode exit
2023-05-23 10:27:56,352 [Listener at 127.0.0.1/15244] INFO  volume.MutableVolumeSet (MutableVolumeSet.java:initializeVolumeSet(175)) - Added Volume : /home/runner/work/ozone/ozone/hadoop-ozone/integration-test/target/test-dir/MiniOzoneClusterImpl-61d3b935-36cd-4496-a441-eee01f8c564c/datanode-0/data/ratis to VolumeSet
2023-05-23 10:27:56,353 [Listener at 127.0.0.1/15244] INFO  volume.ThrottledAsyncChecker (ThrottledAsyncChecker.java:schedule(141)) - Scheduling a check for /home/runner/work/ozone/ozone/hadoop-ozone/integration-test/target/test-dir/MiniOzoneClusterImpl-61d3b935-36cd-4496-a441-eee01f8c564c/datanode-0/data/ratis
2023-05-23 10:27:56,353 [Listener at 127.0.0.1/15244] INFO  volume.StorageVolumeChecker (StorageVolumeChecker.java:checkAllVolumes(202)) - Scheduled health check for volume /home/runner/work/ozone/ozone/hadoop-ozone/integration-test/target/test-dir/MiniOzoneClusterImpl-61d3b935-36cd-4496-a441-eee01f8c564c/datanode-0/data/ratis
2023-05-23 10:27:56,365 [Thread-2995] INFO  ozoneimpl.ContainerReader (ContainerReader.java:readVolume(175)) - Finish verifying containers on volume /home/runner/work/ozone/ozone/hadoop-ozone/integration-test/target/test-dir/MiniOzoneClusterImpl-61d3b935-36cd-4496-a441-eee01f8c564c/datanode-0/data-0/containers/hdds
2023-05-23 10:27:56,365 [Listener at 127.0.0.1/15244] INFO  ozoneimpl.OzoneContainer (OzoneContainer.java:buildContainerSet(303)) - Build ContainerSet costs 0s
2023-05-23 10:27:56,367 [Listener at 127.0.0.1/15244] INFO  server.RaftServer (ConfUtils.java:logGet(46)) - raft.rpc.type = GRPC (default)
2023-05-23 10:27:56,367 [Listener at 127.0.0.1/15244] INFO  grpc.GrpcConfigKeys (ConfUtils.java:logFallback(53)) - raft.grpc.admin.host = null (fallback to raft.grpc.server.host)
2023-05-23 10:27:56,367 [Listener at 127.0.0.1/15244] INFO  grpc.GrpcConfigKeys (ConfUtils.java:logGet(46)) - raft.grpc.admin.port = 15252 (custom)
2023-05-23 10:27:56,367 [Listener at 127.0.0.1/15244] INFO  grpc.GrpcConfigKeys (ConfUtils.java:logFallback(53)) - raft.grpc.client.host = null (fallback to raft.grpc.server.host)
2023-05-23 10:27:56,367 [Listener at 127.0.0.1/15244] INFO  grpc.GrpcConfigKeys (ConfUtils.java:logGet(46)) - raft.grpc.client.port = 15251 (custom)
2023-05-23 10:27:56,367 [Listener at 127.0.0.1/15244] INFO  grpc.GrpcConfigKeys (ConfUtils.java:logGet(46)) - raft.grpc.server.host = null (default)
2023-05-23 10:27:56,367 [Listener at 127.0.0.1/15244] INFO  grpc.GrpcConfigKeys (ConfUtils.java:logGet(46)) - raft.grpc.server.port = 15253 (custom)
2023-05-23 10:27:56,367 [Listener at 127.0.0.1/15244] INFO  server.GrpcService (ConfUtils.java:logGet(46)) - raft.grpc.message.size.max = 32MB (=33554432) (custom)
2023-05-23 10:27:56,368 [Listener at 127.0.0.1/15244] INFO  server.RaftServerConfigKeys (ConfUtils.java:logGet(46)) - raft.server.log.appender.buffer.byte-limit = 33554432 (custom)
2023-05-23 10:27:56,368 [Listener at 127.0.0.1/15244] INFO  server.GrpcService (ConfUtils.java:logGet(46)) - raft.grpc.flow.control.window = 5MB (=5242880) (custom)
2023-05-23 10:27:56,368 [Listener at 127.0.0.1/15244] INFO  server.RaftServerConfigKeys (ConfUtils.java:logGet(46)) - raft.server.rpc.request.timeout = 60s (custom)
2023-05-23 10:27:56,368 [Listener at 127.0.0.1/15244] INFO  grpc.GrpcConfigKeys (ConfUtils.java:logGet(46)) - raft.grpc.server.heartbeat.channel = true (default)
2023-05-23 10:27:56,368 [Listener at 127.0.0.1/15244] INFO  grpc.GrpcConfigKeys (ConfUtils.java:logGet(46)) - raft.grpc.server.async.request.thread.pool.cached = true (default)
2023-05-23 10:27:56,368 [Listener at 127.0.0.1/15244] INFO  grpc.GrpcConfigKeys (ConfUtils.java:logGet(46)) - raft.grpc.server.async.request.thread.pool.size = 32 (default)
2023-05-23 10:27:56,370 [Listener at 127.0.0.1/15244] INFO  impl.DataStreamServerImpl (ConfUtils.java:logGet(46)) - raft.datastream.type = NETTY (custom)
2023-05-23 10:27:56,370 [Listener at 127.0.0.1/15244] INFO  server.RaftServerConfigKeys (ConfUtils.java:logGet(46)) - raft.server.data-stream.async.request.thread.pool.cached = false (default)
2023-05-23 10:27:56,370 [Listener at 127.0.0.1/15244] INFO  server.RaftServerConfigKeys (ConfUtils.java:logGet(46)) - raft.server.data-stream.async.request.thread.pool.size = 20 (custom)
2023-05-23 10:27:56,371 [Listener at 127.0.0.1/15244] INFO  server.RaftServerConfigKeys (ConfUtils.java:logGet(46)) - raft.server.data-stream.async.write.thread.pool.size = 16 (default)
2023-05-23 10:27:56,371 [Listener at 127.0.0.1/15244] INFO  server.RaftServerConfigKeys (ConfUtils.java:logGet(46)) - raft.server.data-stream.client.pool.size = 10 (default)
2023-05-23 10:27:56,371 [Listener at 127.0.0.1/15244] INFO  netty.NettyConfigKeys$DataStream (ConfUtils.java:logGet(46)) - raft.netty.dataStream.server.use-epoll = false (default)
2023-05-23 10:27:56,371 [Listener at 127.0.0.1/15244] INFO  netty.NettyConfigKeys$DataStream (ConfUtils.java:logGet(46)) - raft.netty.dataStream.server.boss-group.size = 0 (default)
2023-05-23 10:27:56,371 [Listener at 127.0.0.1/15244] INFO  netty.NettyConfigKeys$DataStream (ConfUtils.java:logGet(46)) - raft.netty.dataStream.server.worker-group.size = 0 (default)
2023-05-23 10:27:56,371 [Listener at 127.0.0.1/15244] INFO  netty.NettyConfigKeys$DataStream (ConfUtils.java:logGet(46)) - raft.netty.dataStream.server.tls.conf = null (default)
2023-05-23 10:27:56,371 [Listener at 127.0.0.1/15244] INFO  netty.NettyConfigKeys$DataStream (ConfUtils.java:logGet(46)) - raft.netty.dataStream.host = null (default)
2023-05-23 10:27:56,372 [Listener at 127.0.0.1/15244] INFO  netty.NettyConfigKeys$DataStream (ConfUtils.java:logGet(46)) - raft.netty.dataStream.port = 15254 (custom)
2023-05-23 10:27:56,372 [Listener at 127.0.0.1/15244] INFO  server.RaftServerConfigKeys (ConfUtils.java:logGet(46)) - raft.server.threadpool.proxy.cached = true (default)
2023-05-23 10:27:56,372 [Listener at 127.0.0.1/15244] INFO  server.RaftServerConfigKeys (ConfUtils.java:logGet(46)) - raft.server.threadpool.proxy.size = 0 (default)
2023-05-23 10:27:56,372 [Listener at 127.0.0.1/15244] INFO  server.RaftServerConfigKeys (ConfUtils.java:logGet(46)) - raft.server.rpc.slowness.timeout = 300s (custom)
2023-05-23 10:27:56,372 [Listener at 127.0.0.1/15244] INFO  server.RaftServerConfigKeys (ConfUtils.java:logGet(46)) - raft.server.leaderelection.leader.step-down.wait-time = 10s (default)
2023-05-23 10:27:56,372 [Listener at 127.0.0.1/15244] INFO  server.RaftServerConfigKeys (ConfUtils.java:logGet(46)) - raft.server.storage.dir = [/home/runner/work/ozone/ozone/hadoop-ozone/integration-test/target/test-dir/MiniOzoneClusterImpl-61d3b935-36cd-4496-a441-eee01f8c564c/datanode-0/data/ratis] (custom)
2023-05-23 10:27:56,373 [a469ef55-9a66-4c89-903c-187a01270f46-NettyServerStreamRpc-bossGroup--thread1] INFO  logging.LoggingHandler (AbstractInternalLogger.java:log(148)) - [id: 0x63f6ac66] REGISTERED
2023-05-23 10:27:56,373 [a469ef55-9a66-4c89-903c-187a01270f46-NettyServerStreamRpc-bossGroup--thread1] INFO  logging.LoggingHandler (AbstractInternalLogger.java:log(148)) - [id: 0x63f6ac66] BIND: 0.0.0.0/0.0.0.0:15254
2023-05-23 10:27:56,373 [a469ef55-9a66-4c89-903c-187a01270f46-NettyServerStreamRpc-bossGroup--thread1] INFO  logging.LoggingHandler (AbstractInternalLogger.java:log(148)) - [id: 0x63f6ac66, L:/0:0:0:0:0:0:0:0:15254] ACTIVE
2023-05-23 10:27:56,378 [Listener at 127.0.0.1/15244] INFO  server.XceiverServerGrpc (XceiverServerGrpc.java:<init>(132)) - GrpcServer channel type EpollServerSocketChannel
2023-05-23 10:27:56,379 [Listener at 127.0.0.1/15244] INFO  replication.ReplicationSupervisor (ReplicationSupervisor.java:nodeStateUpdated(296)) - Node state updated to IN_SERVICE, scaling executor pool size to 10
2023-05-23 10:27:56,382 [Listener at 127.0.0.1/15244] INFO  http.BaseHttpServer (BaseHttpServer.java:newHttpServer2BuilderForOzone(224)) - Starting Web-server for hddsDatanode at: http://0.0.0.0:15249
2023-05-23 10:27:56,382 [Listener at 127.0.0.1/15244] INFO  http.BaseHttpServer (BaseHttpServer.java:<init>(111)) - Hadoop Security Enabled: false Ozone Security Enabled: false Ozone HTTP Security Enabled: false 
2023-05-23 10:27:56,382 [Listener at 127.0.0.1/15244] WARN  server.AuthenticationFilter (AuthenticationFilter.java:constructSecretProvider(240)) - Unable to initialize FileSignerSecretProvider, falling back to use random secrets. Reason: Could not read signature secret file: /home/runner/hadoop-http-auth-signature-secret
2023-05-23 10:27:56,383 [Listener at 127.0.0.1/15244] INFO  http.HttpRequestLog (HttpRequestLog.java:getRequestLog(86)) - Http request log for http.requests.hddsDatanode is not defined
2023-05-23 10:27:56,384 [Listener at 127.0.0.1/15244] INFO  http.HttpServer2 (HttpServer2.java:addGlobalFilter(1031)) - Added global filter 'safety' (class=org.apache.hadoop.hdds.server.http.HttpServer2$QuotingInputFilter)
2023-05-23 10:27:56,384 [Listener at 127.0.0.1/15244] INFO  http.HttpServer2 (HttpServer2.java:addFilter(1007)) - Added filter static_user_filter (class=org.apache.hadoop.http.lib.StaticUserWebFilter$StaticUserFilter) to context hddsDatanode
2023-05-23 10:27:56,384 [Listener at 127.0.0.1/15244] INFO  http.HttpServer2 (HttpServer2.java:addFilter(1015)) - Added filter static_user_filter (class=org.apache.hadoop.http.lib.StaticUserWebFilter$StaticUserFilter) to context logs
2023-05-23 10:27:56,384 [Listener at 127.0.0.1/15244] INFO  http.HttpServer2 (HttpServer2.java:addFilter(1015)) - Added filter static_user_filter (class=org.apache.hadoop.http.lib.StaticUserWebFilter$StaticUserFilter) to context static
2023-05-23 10:27:56,385 [Listener at 127.0.0.1/15244] INFO  http.BaseHttpServer (BaseHttpServer.java:<init>(190)) - HTTP server of hddsDatanode uses base directory /home/runner/work/ozone/ozone/hadoop-ozone/integration-test/target/test-dir/MiniOzoneClusterImpl-61d3b935-36cd-4496-a441-eee01f8c564c/datanode-0/meta/webserver
2023-05-23 10:27:56,385 [Listener at 127.0.0.1/15244] INFO  http.HttpServer2 (HttpServer2.java:bindListener(1250)) - Jetty bound to port 15249
2023-05-23 10:27:56,385 [Listener at 127.0.0.1/15244] INFO  server.Server (Server.java:doStart(375)) - jetty-9.4.51.v20230217; built: 2023-02-17T08:19:37.309Z; git: b45c405e4544384de066f814ed42ae3dceacdd49; jvm 1.8.0_362-b09
2023-05-23 10:27:56,386 [Listener at 127.0.0.1/15244] INFO  server.session (DefaultSessionIdManager.java:doStart(334)) - DefaultSessionIdManager workerName=node0
2023-05-23 10:27:56,386 [Listener at 127.0.0.1/15244] INFO  server.session (DefaultSessionIdManager.java:doStart(339)) - No SessionScavenger set, using defaults
2023-05-23 10:27:56,387 [Listener at 127.0.0.1/15244] INFO  server.session (HouseKeeper.java:startScavenging(132)) - node0 Scavenging every 600000ms
2023-05-23 10:27:56,387 [Listener at 127.0.0.1/15244] INFO  handler.ContextHandler (ContextHandler.java:doStart(921)) - Started o.e.j.s.ServletContextHandler@7e08e8ed{logs,/logs,file:///home/runner/work/ozone/ozone/hadoop-ozone/integration-test/target/log,AVAILABLE}
2023-05-23 10:27:56,387 [Listener at 127.0.0.1/15244] INFO  handler.ContextHandler (ContextHandler.java:doStart(921)) - Started o.e.j.s.ServletContextHandler@1e1fb884{static,/static,jar:file:/home/runner/.m2/repository/org/apache/ozone/hdds-container-service/1.4.0-SNAPSHOT/hdds-container-service-1.4.0-SNAPSHOT.jar!/webapps/static,AVAILABLE}
2023-05-23 10:27:56,610 [Listener at 127.0.0.1/15244] INFO  handler.ContextHandler (ContextHandler.java:doStart(921)) - Started o.e.j.w.WebAppContext@4f8daac9{hddsDatanode,/,file:///home/runner/work/ozone/ozone/hadoop-ozone/integration-test/target/test-dir/MiniOzoneClusterImpl-61d3b935-36cd-4496-a441-eee01f8c564c/datanode-0/meta/webserver/jetty-0_0_0_0-15249-hdds-container-service-1_4_0-SNAPSHOT_jar-_-any-2793007542990875285/webapp/,AVAILABLE}{jar:file:/home/runner/.m2/repository/org/apache/ozone/hdds-container-service/1.4.0-SNAPSHOT/hdds-container-service-1.4.0-SNAPSHOT.jar!/webapps/hddsDatanode}
2023-05-23 10:27:56,613 [Listener at 127.0.0.1/15244] INFO  server.AbstractConnector (AbstractConnector.java:doStart(333)) - Started ServerConnector@4af4236c{HTTP/1.1, (http/1.1)}{0.0.0.0:15249}
2023-05-23 10:27:56,613 [Listener at 127.0.0.1/15244] INFO  server.Server (Server.java:doStart(415)) - Started @209665ms
2023-05-23 10:27:56,613 [Listener at 127.0.0.1/15244] WARN  impl.MetricsSystemImpl (MetricsSystemImpl.java:register(279)) - Sink prometheus already exists!
2023-05-23 10:27:56,614 [Listener at 127.0.0.1/15244] INFO  http.BaseHttpServer (BaseHttpServer.java:updateConnectorAddress(344)) - HTTP server of hddsDatanode listening at http://0.0.0.0:15249
2023-05-23 10:27:56,621 [Listener at 127.0.0.1/15244] WARN  impl.MetricRegistriesImpl (MetricRegistriesImpl.java:addReporterRegistration(111)) - New reporters are added after registries were created. Some metrics will be missing from the reporter. Please add reporter before adding any new registry.
2023-05-23 10:27:56,621 [Listener at 127.0.0.1/15244] WARN  impl.MetricRegistriesImpl (MetricRegistriesImpl.java:addReporterRegistration(111)) - New reporters are added after registries were created. Some metrics will be missing from the reporter. Please add reporter before adding any new registry.
2023-05-23 10:27:56,621 [Listener at 127.0.0.1/15244] INFO  impl.MetricsSystemImpl (MetricsSystemImpl.java:init(158)) - HddsDatanode metrics system started (again)
2023-05-23 10:27:56,621 [Datanode State Machine Daemon Thread] INFO  statemachine.DatanodeStateMachine (DatanodeStateMachine.java:lambda$startDaemon$0(524)) - Ozone container server started.
2023-05-23 10:27:56,646 [org.apache.hadoop.util.JvmPauseMonitor$Monitor@5b992ff3] INFO  util.JvmPauseMonitor (JvmPauseMonitor.java:run(188)) - Starting JVM pause monitor
2023-05-23 10:27:56,665 [Datanode State Machine Task Thread - 0] INFO  datanode.InitDatanodeState (InitDatanodeState.java:persistContainerDatanodeDetails(138)) - DatanodeDetails is persisted to /home/runner/work/ozone/ozone/hadoop-ozone/integration-test/target/test-dir/MiniOzoneClusterImpl-61d3b935-36cd-4496-a441-eee01f8c564c/datanode-0/meta/datanode.id
2023-05-23 10:27:56,667 [Listener at 127.0.0.1/15244] INFO  ozone.HddsDatanodeService (HddsDatanodeService.java:start(252)) - HddsDatanodeService host:fv-az1249-304 ip:10.1.0.38
2023-05-23 10:27:56,692 [Listener at 127.0.0.1/15244] INFO  upgrade.AbstractLayoutVersionManager (AbstractLayoutVersionManager.java:init(83)) - Initializing Layout version manager with metadata layout = WEBUI_PORTS_IN_DATANODEDETAILS (version = 6), software layout = WEBUI_PORTS_IN_DATANODEDETAILS (version = 6)
2023-05-23 10:27:56,693 [Listener at 127.0.0.1/15244] INFO  statemachine.DatanodeStateMachine (DatanodeStateMachine.java:getEndPointTaskThreadPoolSize(267)) - Datanode State Machine Task Thread Pool size 2
2023-05-23 10:27:56,694 [Listener at 127.0.0.1/15244] INFO  volume.HddsVolume (HddsVolume.java:<init>(130)) - Creating HddsVolume: /home/runner/work/ozone/ozone/hadoop-ozone/integration-test/target/test-dir/MiniOzoneClusterImpl-61d3b935-36cd-4496-a441-eee01f8c564c/datanode-1/data-0/containers/hdds of storage type : DISK capacity : 9223372036854775807
2023-05-23 10:27:56,694 [Listener at 127.0.0.1/15244] INFO  volume.MutableVolumeSet (MutableVolumeSet.java:initializeVolumeSet(175)) - Added Volume : /home/runner/work/ozone/ozone/hadoop-ozone/integration-test/target/test-dir/MiniOzoneClusterImpl-61d3b935-36cd-4496-a441-eee01f8c564c/datanode-1/data-0/containers/hdds to VolumeSet
2023-05-23 10:27:56,694 [Listener at 127.0.0.1/15244] INFO  volume.ThrottledAsyncChecker (ThrottledAsyncChecker.java:schedule(141)) - Scheduling a check for /home/runner/work/ozone/ozone/hadoop-ozone/integration-test/target/test-dir/MiniOzoneClusterImpl-61d3b935-36cd-4496-a441-eee01f8c564c/datanode-1/data-0/containers/hdds
2023-05-23 10:27:56,699 [Listener at 127.0.0.1/15244] INFO  volume.StorageVolumeChecker (StorageVolumeChecker.java:checkAllVolumes(202)) - Scheduled health check for volume /home/runner/work/ozone/ozone/hadoop-ozone/integration-test/target/test-dir/MiniOzoneClusterImpl-61d3b935-36cd-4496-a441-eee01f8c564c/datanode-1/data-0/containers/hdds
2023-05-23 10:27:56,711 [Listener at 127.0.0.1/15244] INFO  volume.MutableVolumeSet (MutableVolumeSet.java:initializeVolumeSet(175)) - Added Volume : /home/runner/work/ozone/ozone/hadoop-ozone/integration-test/target/test-dir/MiniOzoneClusterImpl-61d3b935-36cd-4496-a441-eee01f8c564c/datanode-1/data/ratis to VolumeSet
2023-05-23 10:27:56,712 [Listener at 127.0.0.1/15244] INFO  volume.ThrottledAsyncChecker (ThrottledAsyncChecker.java:schedule(141)) - Scheduling a check for /home/runner/work/ozone/ozone/hadoop-ozone/integration-test/target/test-dir/MiniOzoneClusterImpl-61d3b935-36cd-4496-a441-eee01f8c564c/datanode-1/data/ratis
2023-05-23 10:27:56,712 [Listener at 127.0.0.1/15244] INFO  volume.StorageVolumeChecker (StorageVolumeChecker.java:checkAllVolumes(202)) - Scheduled health check for volume /home/runner/work/ozone/ozone/hadoop-ozone/integration-test/target/test-dir/MiniOzoneClusterImpl-61d3b935-36cd-4496-a441-eee01f8c564c/datanode-1/data/ratis
2023-05-23 10:27:56,724 [Thread-3009] INFO  ozoneimpl.ContainerReader (ContainerReader.java:readVolume(175)) - Finish verifying containers on volume /home/runner/work/ozone/ozone/hadoop-ozone/integration-test/target/test-dir/MiniOzoneClusterImpl-61d3b935-36cd-4496-a441-eee01f8c564c/datanode-1/data-0/containers/hdds
2023-05-23 10:27:56,724 [Listener at 127.0.0.1/15244] INFO  ozoneimpl.OzoneContainer (OzoneContainer.java:buildContainerSet(303)) - Build ContainerSet costs 0s
2023-05-23 10:27:56,725 [Listener at 127.0.0.1/15244] INFO  server.RaftServer (ConfUtils.java:logGet(46)) - raft.rpc.type = GRPC (default)
2023-05-23 10:27:56,726 [Listener at 127.0.0.1/15244] INFO  grpc.GrpcConfigKeys (ConfUtils.java:logFallback(53)) - raft.grpc.admin.host = null (fallback to raft.grpc.server.host)
2023-05-23 10:27:56,726 [Listener at 127.0.0.1/15244] INFO  grpc.GrpcConfigKeys (ConfUtils.java:logGet(46)) - raft.grpc.admin.port = 15260 (custom)
2023-05-23 10:27:56,726 [Listener at 127.0.0.1/15244] INFO  grpc.GrpcConfigKeys (ConfUtils.java:logFallback(53)) - raft.grpc.client.host = null (fallback to raft.grpc.server.host)
2023-05-23 10:27:56,726 [Listener at 127.0.0.1/15244] INFO  grpc.GrpcConfigKeys (ConfUtils.java:logGet(46)) - raft.grpc.client.port = 15259 (custom)
2023-05-23 10:27:56,726 [Listener at 127.0.0.1/15244] INFO  grpc.GrpcConfigKeys (ConfUtils.java:logGet(46)) - raft.grpc.server.host = null (default)
2023-05-23 10:27:56,726 [Listener at 127.0.0.1/15244] INFO  grpc.GrpcConfigKeys (ConfUtils.java:logGet(46)) - raft.grpc.server.port = 15261 (custom)
2023-05-23 10:27:56,726 [Listener at 127.0.0.1/15244] INFO  server.GrpcService (ConfUtils.java:logGet(46)) - raft.grpc.message.size.max = 32MB (=33554432) (custom)
2023-05-23 10:27:56,726 [Listener at 127.0.0.1/15244] INFO  server.RaftServerConfigKeys (ConfUtils.java:logGet(46)) - raft.server.log.appender.buffer.byte-limit = 33554432 (custom)
2023-05-23 10:27:56,726 [Listener at 127.0.0.1/15244] INFO  server.GrpcService (ConfUtils.java:logGet(46)) - raft.grpc.flow.control.window = 5MB (=5242880) (custom)
2023-05-23 10:27:56,726 [Listener at 127.0.0.1/15244] INFO  server.RaftServerConfigKeys (ConfUtils.java:logGet(46)) - raft.server.rpc.request.timeout = 60s (custom)
2023-05-23 10:27:56,726 [Listener at 127.0.0.1/15244] INFO  grpc.GrpcConfigKeys (ConfUtils.java:logGet(46)) - raft.grpc.server.heartbeat.channel = true (default)
2023-05-23 10:27:56,726 [Listener at 127.0.0.1/15244] INFO  grpc.GrpcConfigKeys (ConfUtils.java:logGet(46)) - raft.grpc.server.async.request.thread.pool.cached = true (default)
2023-05-23 10:27:56,726 [Listener at 127.0.0.1/15244] INFO  grpc.GrpcConfigKeys (ConfUtils.java:logGet(46)) - raft.grpc.server.async.request.thread.pool.size = 32 (default)
2023-05-23 10:27:56,729 [Listener at 127.0.0.1/15244] INFO  impl.DataStreamServerImpl (ConfUtils.java:logGet(46)) - raft.datastream.type = NETTY (custom)
2023-05-23 10:27:56,729 [Listener at 127.0.0.1/15244] INFO  server.RaftServerConfigKeys (ConfUtils.java:logGet(46)) - raft.server.data-stream.async.request.thread.pool.cached = false (default)
2023-05-23 10:27:56,729 [Listener at 127.0.0.1/15244] INFO  server.RaftServerConfigKeys (ConfUtils.java:logGet(46)) - raft.server.data-stream.async.request.thread.pool.size = 20 (custom)
2023-05-23 10:27:56,729 [Listener at 127.0.0.1/15244] INFO  server.RaftServerConfigKeys (ConfUtils.java:logGet(46)) - raft.server.data-stream.async.write.thread.pool.size = 16 (default)
2023-05-23 10:27:56,729 [Listener at 127.0.0.1/15244] INFO  server.RaftServerConfigKeys (ConfUtils.java:logGet(46)) - raft.server.data-stream.client.pool.size = 10 (default)
2023-05-23 10:27:56,729 [Listener at 127.0.0.1/15244] INFO  netty.NettyConfigKeys$DataStream (ConfUtils.java:logGet(46)) - raft.netty.dataStream.server.use-epoll = false (default)
2023-05-23 10:27:56,729 [Listener at 127.0.0.1/15244] INFO  netty.NettyConfigKeys$DataStream (ConfUtils.java:logGet(46)) - raft.netty.dataStream.server.boss-group.size = 0 (default)
2023-05-23 10:27:56,730 [Listener at 127.0.0.1/15244] INFO  netty.NettyConfigKeys$DataStream (ConfUtils.java:logGet(46)) - raft.netty.dataStream.server.worker-group.size = 0 (default)
2023-05-23 10:27:56,730 [Listener at 127.0.0.1/15244] INFO  netty.NettyConfigKeys$DataStream (ConfUtils.java:logGet(46)) - raft.netty.dataStream.server.tls.conf = null (default)
2023-05-23 10:27:56,730 [Listener at 127.0.0.1/15244] INFO  netty.NettyConfigKeys$DataStream (ConfUtils.java:logGet(46)) - raft.netty.dataStream.host = null (default)
2023-05-23 10:27:56,730 [Listener at 127.0.0.1/15244] INFO  netty.NettyConfigKeys$DataStream (ConfUtils.java:logGet(46)) - raft.netty.dataStream.port = 15262 (custom)
2023-05-23 10:27:56,730 [Listener at 127.0.0.1/15244] INFO  server.RaftServerConfigKeys (ConfUtils.java:logGet(46)) - raft.server.threadpool.proxy.cached = true (default)
2023-05-23 10:27:56,731 [Listener at 127.0.0.1/15244] INFO  server.RaftServerConfigKeys (ConfUtils.java:logGet(46)) - raft.server.threadpool.proxy.size = 0 (default)
2023-05-23 10:27:56,731 [Listener at 127.0.0.1/15244] INFO  server.RaftServerConfigKeys (ConfUtils.java:logGet(46)) - raft.server.rpc.slowness.timeout = 300s (custom)
2023-05-23 10:27:56,731 [Listener at 127.0.0.1/15244] INFO  server.RaftServerConfigKeys (ConfUtils.java:logGet(46)) - raft.server.leaderelection.leader.step-down.wait-time = 10s (default)
2023-05-23 10:27:56,731 [Listener at 127.0.0.1/15244] INFO  server.RaftServerConfigKeys (ConfUtils.java:logGet(46)) - raft.server.storage.dir = [/home/runner/work/ozone/ozone/hadoop-ozone/integration-test/target/test-dir/MiniOzoneClusterImpl-61d3b935-36cd-4496-a441-eee01f8c564c/datanode-1/data/ratis] (custom)
2023-05-23 10:27:56,731 [2f994218-547f-400b-b588-7f48010df848-NettyServerStreamRpc-bossGroup--thread1] INFO  logging.LoggingHandler (AbstractInternalLogger.java:log(148)) - [id: 0x0a54ab5c] REGISTERED
2023-05-23 10:27:56,731 [2f994218-547f-400b-b588-7f48010df848-NettyServerStreamRpc-bossGroup--thread1] INFO  logging.LoggingHandler (AbstractInternalLogger.java:log(148)) - [id: 0x0a54ab5c] BIND: 0.0.0.0/0.0.0.0:15262
2023-05-23 10:27:56,732 [2f994218-547f-400b-b588-7f48010df848-NettyServerStreamRpc-bossGroup--thread1] INFO  logging.LoggingHandler (AbstractInternalLogger.java:log(148)) - [id: 0x0a54ab5c, L:/0:0:0:0:0:0:0:0:15262] ACTIVE
2023-05-23 10:27:56,733 [Listener at 127.0.0.1/15244] INFO  server.XceiverServerGrpc (XceiverServerGrpc.java:<init>(132)) - GrpcServer channel type EpollServerSocketChannel
2023-05-23 10:27:56,734 [Listener at 127.0.0.1/15244] INFO  replication.ReplicationSupervisor (ReplicationSupervisor.java:nodeStateUpdated(296)) - Node state updated to IN_SERVICE, scaling executor pool size to 10
2023-05-23 10:27:56,736 [Listener at 127.0.0.1/15244] INFO  http.BaseHttpServer (BaseHttpServer.java:newHttpServer2BuilderForOzone(224)) - Starting Web-server for hddsDatanode at: http://0.0.0.0:15257
2023-05-23 10:27:56,736 [Listener at 127.0.0.1/15244] INFO  http.BaseHttpServer (BaseHttpServer.java:<init>(111)) - Hadoop Security Enabled: false Ozone Security Enabled: false Ozone HTTP Security Enabled: false 
2023-05-23 10:27:56,737 [Listener at 127.0.0.1/15244] WARN  server.AuthenticationFilter (AuthenticationFilter.java:constructSecretProvider(240)) - Unable to initialize FileSignerSecretProvider, falling back to use random secrets. Reason: Could not read signature secret file: /home/runner/hadoop-http-auth-signature-secret
2023-05-23 10:27:56,737 [Listener at 127.0.0.1/15244] INFO  http.HttpRequestLog (HttpRequestLog.java:getRequestLog(86)) - Http request log for http.requests.hddsDatanode is not defined
2023-05-23 10:27:56,738 [Listener at 127.0.0.1/15244] INFO  http.HttpServer2 (HttpServer2.java:addGlobalFilter(1031)) - Added global filter 'safety' (class=org.apache.hadoop.hdds.server.http.HttpServer2$QuotingInputFilter)
2023-05-23 10:27:56,738 [Listener at 127.0.0.1/15244] INFO  http.HttpServer2 (HttpServer2.java:addFilter(1007)) - Added filter static_user_filter (class=org.apache.hadoop.http.lib.StaticUserWebFilter$StaticUserFilter) to context hddsDatanode
2023-05-23 10:27:56,738 [Listener at 127.0.0.1/15244] INFO  http.HttpServer2 (HttpServer2.java:addFilter(1015)) - Added filter static_user_filter (class=org.apache.hadoop.http.lib.StaticUserWebFilter$StaticUserFilter) to context logs
2023-05-23 10:27:56,739 [Listener at 127.0.0.1/15244] INFO  http.HttpServer2 (HttpServer2.java:addFilter(1015)) - Added filter static_user_filter (class=org.apache.hadoop.http.lib.StaticUserWebFilter$StaticUserFilter) to context static
2023-05-23 10:27:56,739 [Listener at 127.0.0.1/15244] INFO  http.BaseHttpServer (BaseHttpServer.java:<init>(190)) - HTTP server of hddsDatanode uses base directory /home/runner/work/ozone/ozone/hadoop-ozone/integration-test/target/test-dir/MiniOzoneClusterImpl-61d3b935-36cd-4496-a441-eee01f8c564c/datanode-1/meta/webserver
2023-05-23 10:27:56,739 [Listener at 127.0.0.1/15244] INFO  http.HttpServer2 (HttpServer2.java:bindListener(1250)) - Jetty bound to port 15257
2023-05-23 10:27:56,739 [Listener at 127.0.0.1/15244] INFO  server.Server (Server.java:doStart(375)) - jetty-9.4.51.v20230217; built: 2023-02-17T08:19:37.309Z; git: b45c405e4544384de066f814ed42ae3dceacdd49; jvm 1.8.0_362-b09
2023-05-23 10:27:56,748 [Listener at 127.0.0.1/15244] INFO  server.session (DefaultSessionIdManager.java:doStart(334)) - DefaultSessionIdManager workerName=node0
2023-05-23 10:27:56,748 [Listener at 127.0.0.1/15244] INFO  server.session (DefaultSessionIdManager.java:doStart(339)) - No SessionScavenger set, using defaults
2023-05-23 10:27:56,748 [Listener at 127.0.0.1/15244] INFO  server.session (HouseKeeper.java:startScavenging(132)) - node0 Scavenging every 660000ms
2023-05-23 10:27:56,749 [Listener at 127.0.0.1/15244] INFO  handler.ContextHandler (ContextHandler.java:doStart(921)) - Started o.e.j.s.ServletContextHandler@7adaa86a{logs,/logs,file:///home/runner/work/ozone/ozone/hadoop-ozone/integration-test/target/log,AVAILABLE}
2023-05-23 10:27:56,749 [Listener at 127.0.0.1/15244] INFO  handler.ContextHandler (ContextHandler.java:doStart(921)) - Started o.e.j.s.ServletContextHandler@1baaaf9b{static,/static,jar:file:/home/runner/.m2/repository/org/apache/ozone/hdds-container-service/1.4.0-SNAPSHOT/hdds-container-service-1.4.0-SNAPSHOT.jar!/webapps/static,AVAILABLE}
2023-05-23 10:27:56,982 [Listener at 127.0.0.1/15244] INFO  handler.ContextHandler (ContextHandler.java:doStart(921)) - Started o.e.j.w.WebAppContext@588237b6{hddsDatanode,/,file:///home/runner/work/ozone/ozone/hadoop-ozone/integration-test/target/test-dir/MiniOzoneClusterImpl-61d3b935-36cd-4496-a441-eee01f8c564c/datanode-1/meta/webserver/jetty-0_0_0_0-15257-hdds-container-service-1_4_0-SNAPSHOT_jar-_-any-2449267011223996789/webapp/,AVAILABLE}{jar:file:/home/runner/.m2/repository/org/apache/ozone/hdds-container-service/1.4.0-SNAPSHOT/hdds-container-service-1.4.0-SNAPSHOT.jar!/webapps/hddsDatanode}
2023-05-23 10:27:56,984 [Listener at 127.0.0.1/15244] INFO  server.AbstractConnector (AbstractConnector.java:doStart(333)) - Started ServerConnector@6ff8bacd{HTTP/1.1, (http/1.1)}{0.0.0.0:15257}
2023-05-23 10:27:56,984 [Listener at 127.0.0.1/15244] INFO  server.Server (Server.java:doStart(415)) - Started @210036ms
2023-05-23 10:27:56,984 [Listener at 127.0.0.1/15244] WARN  impl.MetricsSystemImpl (MetricsSystemImpl.java:register(279)) - Sink prometheus already exists!
2023-05-23 10:27:56,985 [Listener at 127.0.0.1/15244] INFO  http.BaseHttpServer (BaseHttpServer.java:updateConnectorAddress(344)) - HTTP server of hddsDatanode listening at http://0.0.0.0:15257
2023-05-23 10:27:56,985 [Listener at 127.0.0.1/15244] WARN  impl.MetricRegistriesImpl (MetricRegistriesImpl.java:addReporterRegistration(111)) - New reporters are added after registries were created. Some metrics will be missing from the reporter. Please add reporter before adding any new registry.
2023-05-23 10:27:56,985 [Listener at 127.0.0.1/15244] WARN  impl.MetricRegistriesImpl (MetricRegistriesImpl.java:addReporterRegistration(111)) - New reporters are added after registries were created. Some metrics will be missing from the reporter. Please add reporter before adding any new registry.
2023-05-23 10:27:56,986 [Listener at 127.0.0.1/15244] INFO  impl.MetricsSystemImpl (MetricsSystemImpl.java:init(158)) - HddsDatanode metrics system started (again)
2023-05-23 10:27:56,989 [Datanode State Machine Daemon Thread] INFO  statemachine.DatanodeStateMachine (DatanodeStateMachine.java:lambda$startDaemon$0(524)) - Ozone container server started.
2023-05-23 10:27:57,000 [Listener at 127.0.0.1/15244] INFO  ozone.HddsDatanodeService (HddsDatanodeService.java:start(252)) - HddsDatanodeService host:fv-az1249-304 ip:10.1.0.38
2023-05-23 10:27:57,001 [org.apache.hadoop.util.JvmPauseMonitor$Monitor@1bae3735] INFO  util.JvmPauseMonitor (JvmPauseMonitor.java:run(188)) - Starting JVM pause monitor
2023-05-23 10:27:57,015 [Datanode State Machine Task Thread - 0] INFO  datanode.InitDatanodeState (InitDatanodeState.java:persistContainerDatanodeDetails(138)) - DatanodeDetails is persisted to /home/runner/work/ozone/ozone/hadoop-ozone/integration-test/target/test-dir/MiniOzoneClusterImpl-61d3b935-36cd-4496-a441-eee01f8c564c/datanode-1/meta/datanode.id
2023-05-23 10:27:57,028 [Listener at 127.0.0.1/15244] INFO  upgrade.AbstractLayoutVersionManager (AbstractLayoutVersionManager.java:init(83)) - Initializing Layout version manager with metadata layout = WEBUI_PORTS_IN_DATANODEDETAILS (version = 6), software layout = WEBUI_PORTS_IN_DATANODEDETAILS (version = 6)
2023-05-23 10:27:57,029 [Listener at 127.0.0.1/15244] INFO  statemachine.DatanodeStateMachine (DatanodeStateMachine.java:getEndPointTaskThreadPoolSize(267)) - Datanode State Machine Task Thread Pool size 2
2023-05-23 10:27:57,030 [Listener at 127.0.0.1/15244] INFO  volume.HddsVolume (HddsVolume.java:<init>(130)) - Creating HddsVolume: /home/runner/work/ozone/ozone/hadoop-ozone/integration-test/target/test-dir/MiniOzoneClusterImpl-61d3b935-36cd-4496-a441-eee01f8c564c/datanode-2/data-0/containers/hdds of storage type : DISK capacity : 9223372036854775807
2023-05-23 10:27:57,030 [Listener at 127.0.0.1/15244] INFO  volume.MutableVolumeSet (MutableVolumeSet.java:initializeVolumeSet(175)) - Added Volume : /home/runner/work/ozone/ozone/hadoop-ozone/integration-test/target/test-dir/MiniOzoneClusterImpl-61d3b935-36cd-4496-a441-eee01f8c564c/datanode-2/data-0/containers/hdds to VolumeSet
2023-05-23 10:27:57,030 [Listener at 127.0.0.1/15244] INFO  volume.ThrottledAsyncChecker (ThrottledAsyncChecker.java:schedule(141)) - Scheduling a check for /home/runner/work/ozone/ozone/hadoop-ozone/integration-test/target/test-dir/MiniOzoneClusterImpl-61d3b935-36cd-4496-a441-eee01f8c564c/datanode-2/data-0/containers/hdds
2023-05-23 10:27:57,031 [Listener at 127.0.0.1/15244] INFO  volume.StorageVolumeChecker (StorageVolumeChecker.java:checkAllVolumes(202)) - Scheduled health check for volume /home/runner/work/ozone/ozone/hadoop-ozone/integration-test/target/test-dir/MiniOzoneClusterImpl-61d3b935-36cd-4496-a441-eee01f8c564c/datanode-2/data-0/containers/hdds
2023-05-23 10:27:57,043 [Listener at 127.0.0.1/15244] INFO  volume.MutableVolumeSet (MutableVolumeSet.java:initializeVolumeSet(175)) - Added Volume : /home/runner/work/ozone/ozone/hadoop-ozone/integration-test/target/test-dir/MiniOzoneClusterImpl-61d3b935-36cd-4496-a441-eee01f8c564c/datanode-2/data/ratis to VolumeSet
2023-05-23 10:27:57,044 [Listener at 127.0.0.1/15244] INFO  volume.ThrottledAsyncChecker (ThrottledAsyncChecker.java:schedule(141)) - Scheduling a check for /home/runner/work/ozone/ozone/hadoop-ozone/integration-test/target/test-dir/MiniOzoneClusterImpl-61d3b935-36cd-4496-a441-eee01f8c564c/datanode-2/data/ratis
2023-05-23 10:27:57,044 [Listener at 127.0.0.1/15244] INFO  volume.StorageVolumeChecker (StorageVolumeChecker.java:checkAllVolumes(202)) - Scheduled health check for volume /home/runner/work/ozone/ozone/hadoop-ozone/integration-test/target/test-dir/MiniOzoneClusterImpl-61d3b935-36cd-4496-a441-eee01f8c564c/datanode-2/data/ratis
2023-05-23 10:27:57,057 [Thread-3023] INFO  ozoneimpl.ContainerReader (ContainerReader.java:readVolume(175)) - Finish verifying containers on volume /home/runner/work/ozone/ozone/hadoop-ozone/integration-test/target/test-dir/MiniOzoneClusterImpl-61d3b935-36cd-4496-a441-eee01f8c564c/datanode-2/data-0/containers/hdds
2023-05-23 10:27:57,058 [Listener at 127.0.0.1/15244] INFO  ozoneimpl.OzoneContainer (OzoneContainer.java:buildContainerSet(303)) - Build ContainerSet costs 0s
2023-05-23 10:27:57,061 [Listener at 127.0.0.1/15244] INFO  server.RaftServer (ConfUtils.java:logGet(46)) - raft.rpc.type = GRPC (default)
2023-05-23 10:27:57,061 [Listener at 127.0.0.1/15244] INFO  grpc.GrpcConfigKeys (ConfUtils.java:logFallback(53)) - raft.grpc.admin.host = null (fallback to raft.grpc.server.host)
2023-05-23 10:27:57,061 [Listener at 127.0.0.1/15244] INFO  grpc.GrpcConfigKeys (ConfUtils.java:logGet(46)) - raft.grpc.admin.port = 15268 (custom)
2023-05-23 10:27:57,061 [Listener at 127.0.0.1/15244] INFO  grpc.GrpcConfigKeys (ConfUtils.java:logFallback(53)) - raft.grpc.client.host = null (fallback to raft.grpc.server.host)
2023-05-23 10:27:57,061 [Listener at 127.0.0.1/15244] INFO  grpc.GrpcConfigKeys (ConfUtils.java:logGet(46)) - raft.grpc.client.port = 15267 (custom)
2023-05-23 10:27:57,062 [Listener at 127.0.0.1/15244] INFO  grpc.GrpcConfigKeys (ConfUtils.java:logGet(46)) - raft.grpc.server.host = null (default)
2023-05-23 10:27:57,062 [Listener at 127.0.0.1/15244] INFO  grpc.GrpcConfigKeys (ConfUtils.java:logGet(46)) - raft.grpc.server.port = 15269 (custom)
2023-05-23 10:27:57,062 [Listener at 127.0.0.1/15244] INFO  server.GrpcService (ConfUtils.java:logGet(46)) - raft.grpc.message.size.max = 32MB (=33554432) (custom)
2023-05-23 10:27:57,062 [Listener at 127.0.0.1/15244] INFO  server.RaftServerConfigKeys (ConfUtils.java:logGet(46)) - raft.server.log.appender.buffer.byte-limit = 33554432 (custom)
2023-05-23 10:27:57,062 [Listener at 127.0.0.1/15244] INFO  server.GrpcService (ConfUtils.java:logGet(46)) - raft.grpc.flow.control.window = 5MB (=5242880) (custom)
2023-05-23 10:27:57,062 [Listener at 127.0.0.1/15244] INFO  server.RaftServerConfigKeys (ConfUtils.java:logGet(46)) - raft.server.rpc.request.timeout = 60s (custom)
2023-05-23 10:27:57,062 [Listener at 127.0.0.1/15244] INFO  grpc.GrpcConfigKeys (ConfUtils.java:logGet(46)) - raft.grpc.server.heartbeat.channel = true (default)
2023-05-23 10:27:57,062 [Listener at 127.0.0.1/15244] INFO  grpc.GrpcConfigKeys (ConfUtils.java:logGet(46)) - raft.grpc.server.async.request.thread.pool.cached = true (default)
2023-05-23 10:27:57,062 [Listener at 127.0.0.1/15244] INFO  grpc.GrpcConfigKeys (ConfUtils.java:logGet(46)) - raft.grpc.server.async.request.thread.pool.size = 32 (default)
2023-05-23 10:27:57,064 [Listener at 127.0.0.1/15244] INFO  impl.DataStreamServerImpl (ConfUtils.java:logGet(46)) - raft.datastream.type = NETTY (custom)
2023-05-23 10:27:57,065 [Listener at 127.0.0.1/15244] INFO  server.RaftServerConfigKeys (ConfUtils.java:logGet(46)) - raft.server.data-stream.async.request.thread.pool.cached = false (default)
2023-05-23 10:27:57,065 [Listener at 127.0.0.1/15244] INFO  server.RaftServerConfigKeys (ConfUtils.java:logGet(46)) - raft.server.data-stream.async.request.thread.pool.size = 20 (custom)
2023-05-23 10:27:57,065 [Listener at 127.0.0.1/15244] INFO  server.RaftServerConfigKeys (ConfUtils.java:logGet(46)) - raft.server.data-stream.async.write.thread.pool.size = 16 (default)
2023-05-23 10:27:57,065 [Listener at 127.0.0.1/15244] INFO  server.RaftServerConfigKeys (ConfUtils.java:logGet(46)) - raft.server.data-stream.client.pool.size = 10 (default)
2023-05-23 10:27:57,065 [Listener at 127.0.0.1/15244] INFO  netty.NettyConfigKeys$DataStream (ConfUtils.java:logGet(46)) - raft.netty.dataStream.server.use-epoll = false (default)
2023-05-23 10:27:57,065 [Listener at 127.0.0.1/15244] INFO  netty.NettyConfigKeys$DataStream (ConfUtils.java:logGet(46)) - raft.netty.dataStream.server.boss-group.size = 0 (default)
2023-05-23 10:27:57,065 [Listener at 127.0.0.1/15244] INFO  netty.NettyConfigKeys$DataStream (ConfUtils.java:logGet(46)) - raft.netty.dataStream.server.worker-group.size = 0 (default)
2023-05-23 10:27:57,066 [Listener at 127.0.0.1/15244] INFO  netty.NettyConfigKeys$DataStream (ConfUtils.java:logGet(46)) - raft.netty.dataStream.server.tls.conf = null (default)
2023-05-23 10:27:57,066 [Listener at 127.0.0.1/15244] INFO  netty.NettyConfigKeys$DataStream (ConfUtils.java:logGet(46)) - raft.netty.dataStream.host = null (default)
2023-05-23 10:27:57,066 [Listener at 127.0.0.1/15244] INFO  netty.NettyConfigKeys$DataStream (ConfUtils.java:logGet(46)) - raft.netty.dataStream.port = 15270 (custom)
2023-05-23 10:27:57,066 [Listener at 127.0.0.1/15244] INFO  server.RaftServerConfigKeys (ConfUtils.java:logGet(46)) - raft.server.threadpool.proxy.cached = true (default)
2023-05-23 10:27:57,066 [Listener at 127.0.0.1/15244] INFO  server.RaftServerConfigKeys (ConfUtils.java:logGet(46)) - raft.server.threadpool.proxy.size = 0 (default)
2023-05-23 10:27:57,066 [Listener at 127.0.0.1/15244] INFO  server.RaftServerConfigKeys (ConfUtils.java:logGet(46)) - raft.server.rpc.slowness.timeout = 300s (custom)
2023-05-23 10:27:57,067 [3ac7e479-6b2c-4ad1-9d02-9355b26abab7-NettyServerStreamRpc-bossGroup--thread1] INFO  logging.LoggingHandler (AbstractInternalLogger.java:log(148)) - [id: 0xf5f91ce8] REGISTERED
2023-05-23 10:27:57,067 [Listener at 127.0.0.1/15244] INFO  server.RaftServerConfigKeys (ConfUtils.java:logGet(46)) - raft.server.leaderelection.leader.step-down.wait-time = 10s (default)
2023-05-23 10:27:57,067 [3ac7e479-6b2c-4ad1-9d02-9355b26abab7-NettyServerStreamRpc-bossGroup--thread1] INFO  logging.LoggingHandler (AbstractInternalLogger.java:log(148)) - [id: 0xf5f91ce8] BIND: 0.0.0.0/0.0.0.0:15270
2023-05-23 10:27:57,067 [Listener at 127.0.0.1/15244] INFO  server.RaftServerConfigKeys (ConfUtils.java:logGet(46)) - raft.server.storage.dir = [/home/runner/work/ozone/ozone/hadoop-ozone/integration-test/target/test-dir/MiniOzoneClusterImpl-61d3b935-36cd-4496-a441-eee01f8c564c/datanode-2/data/ratis] (custom)
2023-05-23 10:27:57,067 [3ac7e479-6b2c-4ad1-9d02-9355b26abab7-NettyServerStreamRpc-bossGroup--thread1] INFO  logging.LoggingHandler (AbstractInternalLogger.java:log(148)) - [id: 0xf5f91ce8, L:/0:0:0:0:0:0:0:0:15270] ACTIVE
2023-05-23 10:27:57,068 [Listener at 127.0.0.1/15244] INFO  server.XceiverServerGrpc (XceiverServerGrpc.java:<init>(132)) - GrpcServer channel type EpollServerSocketChannel
2023-05-23 10:27:57,071 [Listener at 127.0.0.1/15244] INFO  replication.ReplicationSupervisor (ReplicationSupervisor.java:nodeStateUpdated(296)) - Node state updated to IN_SERVICE, scaling executor pool size to 10
2023-05-23 10:27:57,075 [Listener at 127.0.0.1/15244] INFO  http.BaseHttpServer (BaseHttpServer.java:newHttpServer2BuilderForOzone(224)) - Starting Web-server for hddsDatanode at: http://0.0.0.0:15265
2023-05-23 10:27:57,075 [Listener at 127.0.0.1/15244] INFO  http.BaseHttpServer (BaseHttpServer.java:<init>(111)) - Hadoop Security Enabled: false Ozone Security Enabled: false Ozone HTTP Security Enabled: false 
2023-05-23 10:27:57,076 [Listener at 127.0.0.1/15244] WARN  server.AuthenticationFilter (AuthenticationFilter.java:constructSecretProvider(240)) - Unable to initialize FileSignerSecretProvider, falling back to use random secrets. Reason: Could not read signature secret file: /home/runner/hadoop-http-auth-signature-secret
2023-05-23 10:27:57,076 [Listener at 127.0.0.1/15244] INFO  http.HttpRequestLog (HttpRequestLog.java:getRequestLog(86)) - Http request log for http.requests.hddsDatanode is not defined
2023-05-23 10:27:57,077 [Listener at 127.0.0.1/15244] INFO  http.HttpServer2 (HttpServer2.java:addGlobalFilter(1031)) - Added global filter 'safety' (class=org.apache.hadoop.hdds.server.http.HttpServer2$QuotingInputFilter)
2023-05-23 10:27:57,078 [Listener at 127.0.0.1/15244] INFO  http.HttpServer2 (HttpServer2.java:addFilter(1007)) - Added filter static_user_filter (class=org.apache.hadoop.http.lib.StaticUserWebFilter$StaticUserFilter) to context hddsDatanode
2023-05-23 10:27:57,078 [Listener at 127.0.0.1/15244] INFO  http.HttpServer2 (HttpServer2.java:addFilter(1015)) - Added filter static_user_filter (class=org.apache.hadoop.http.lib.StaticUserWebFilter$StaticUserFilter) to context static
2023-05-23 10:27:57,078 [Listener at 127.0.0.1/15244] INFO  http.HttpServer2 (HttpServer2.java:addFilter(1015)) - Added filter static_user_filter (class=org.apache.hadoop.http.lib.StaticUserWebFilter$StaticUserFilter) to context logs
2023-05-23 10:27:57,078 [Listener at 127.0.0.1/15244] INFO  http.BaseHttpServer (BaseHttpServer.java:<init>(190)) - HTTP server of hddsDatanode uses base directory /home/runner/work/ozone/ozone/hadoop-ozone/integration-test/target/test-dir/MiniOzoneClusterImpl-61d3b935-36cd-4496-a441-eee01f8c564c/datanode-2/meta/webserver
2023-05-23 10:27:57,078 [Listener at 127.0.0.1/15244] INFO  http.HttpServer2 (HttpServer2.java:bindListener(1250)) - Jetty bound to port 15265
2023-05-23 10:27:57,078 [Listener at 127.0.0.1/15244] INFO  server.Server (Server.java:doStart(375)) - jetty-9.4.51.v20230217; built: 2023-02-17T08:19:37.309Z; git: b45c405e4544384de066f814ed42ae3dceacdd49; jvm 1.8.0_362-b09
2023-05-23 10:27:57,079 [Listener at 127.0.0.1/15244] INFO  server.session (DefaultSessionIdManager.java:doStart(334)) - DefaultSessionIdManager workerName=node0
2023-05-23 10:27:57,079 [Listener at 127.0.0.1/15244] INFO  server.session (DefaultSessionIdManager.java:doStart(339)) - No SessionScavenger set, using defaults
2023-05-23 10:27:57,080 [Listener at 127.0.0.1/15244] INFO  server.session (HouseKeeper.java:startScavenging(132)) - node0 Scavenging every 660000ms
2023-05-23 10:27:57,080 [Listener at 127.0.0.1/15244] INFO  handler.ContextHandler (ContextHandler.java:doStart(921)) - Started o.e.j.s.ServletContextHandler@1d688777{logs,/logs,file:///home/runner/work/ozone/ozone/hadoop-ozone/integration-test/target/log,AVAILABLE}
2023-05-23 10:27:57,080 [Listener at 127.0.0.1/15244] INFO  handler.ContextHandler (ContextHandler.java:doStart(921)) - Started o.e.j.s.ServletContextHandler@1c618d35{static,/static,jar:file:/home/runner/.m2/repository/org/apache/ozone/hdds-container-service/1.4.0-SNAPSHOT/hdds-container-service-1.4.0-SNAPSHOT.jar!/webapps/static,AVAILABLE}
2023-05-23 10:27:57,305 [Listener at 127.0.0.1/15244] INFO  handler.ContextHandler (ContextHandler.java:doStart(921)) - Started o.e.j.w.WebAppContext@192c6450{hddsDatanode,/,file:///home/runner/work/ozone/ozone/hadoop-ozone/integration-test/target/test-dir/MiniOzoneClusterImpl-61d3b935-36cd-4496-a441-eee01f8c564c/datanode-2/meta/webserver/jetty-0_0_0_0-15265-hdds-container-service-1_4_0-SNAPSHOT_jar-_-any-7255089353745198007/webapp/,AVAILABLE}{jar:file:/home/runner/.m2/repository/org/apache/ozone/hdds-container-service/1.4.0-SNAPSHOT/hdds-container-service-1.4.0-SNAPSHOT.jar!/webapps/hddsDatanode}
2023-05-23 10:27:57,307 [Listener at 127.0.0.1/15244] INFO  server.AbstractConnector (AbstractConnector.java:doStart(333)) - Started ServerConnector@4c720a01{HTTP/1.1, (http/1.1)}{0.0.0.0:15265}
2023-05-23 10:27:57,307 [Listener at 127.0.0.1/15244] INFO  server.Server (Server.java:doStart(415)) - Started @210359ms
2023-05-23 10:27:57,307 [Listener at 127.0.0.1/15244] WARN  impl.MetricsSystemImpl (MetricsSystemImpl.java:register(279)) - Sink prometheus already exists!
2023-05-23 10:27:57,308 [Listener at 127.0.0.1/15244] INFO  http.BaseHttpServer (BaseHttpServer.java:updateConnectorAddress(344)) - HTTP server of hddsDatanode listening at http://0.0.0.0:15265
2023-05-23 10:27:57,308 [Datanode State Machine Daemon Thread] INFO  statemachine.DatanodeStateMachine (DatanodeStateMachine.java:lambda$startDaemon$0(524)) - Ozone container server started.
2023-05-23 10:27:57,308 [Listener at 127.0.0.1/15244] WARN  impl.MetricRegistriesImpl (MetricRegistriesImpl.java:addReporterRegistration(111)) - New reporters are added after registries were created. Some metrics will be missing from the reporter. Please add reporter before adding any new registry.
2023-05-23 10:27:57,310 [Listener at 127.0.0.1/15244] WARN  impl.MetricRegistriesImpl (MetricRegistriesImpl.java:addReporterRegistration(111)) - New reporters are added after registries were created. Some metrics will be missing from the reporter. Please add reporter before adding any new registry.
2023-05-23 10:27:57,310 [Listener at 127.0.0.1/15244] INFO  impl.MetricsSystemImpl (MetricsSystemImpl.java:init(158)) - HddsDatanode metrics system started (again)
2023-05-23 10:27:57,322 [Listener at 127.0.0.1/15244] INFO  ozone.HddsDatanodeService (HddsDatanodeService.java:start(252)) - HddsDatanodeService host:fv-az1249-304 ip:10.1.0.38
2023-05-23 10:27:57,322 [org.apache.hadoop.util.JvmPauseMonitor$Monitor@3abb7655] INFO  util.JvmPauseMonitor (JvmPauseMonitor.java:run(188)) - Starting JVM pause monitor
2023-05-23 10:27:57,325 [Datanode State Machine Task Thread - 0] INFO  datanode.InitDatanodeState (InitDatanodeState.java:persistContainerDatanodeDetails(138)) - DatanodeDetails is persisted to /home/runner/work/ozone/ozone/hadoop-ozone/integration-test/target/test-dir/MiniOzoneClusterImpl-61d3b935-36cd-4496-a441-eee01f8c564c/datanode-2/meta/datanode.id
2023-05-23 10:27:57,347 [Listener at 127.0.0.1/15244] INFO  upgrade.AbstractLayoutVersionManager (AbstractLayoutVersionManager.java:init(83)) - Initializing Layout version manager with metadata layout = WEBUI_PORTS_IN_DATANODEDETAILS (version = 6), software layout = WEBUI_PORTS_IN_DATANODEDETAILS (version = 6)
2023-05-23 10:27:57,347 [Listener at 127.0.0.1/15244] INFO  statemachine.DatanodeStateMachine (DatanodeStateMachine.java:getEndPointTaskThreadPoolSize(267)) - Datanode State Machine Task Thread Pool size 2
2023-05-23 10:27:57,348 [Listener at 127.0.0.1/15244] INFO  volume.HddsVolume (HddsVolume.java:<init>(130)) - Creating HddsVolume: /home/runner/work/ozone/ozone/hadoop-ozone/integration-test/target/test-dir/MiniOzoneClusterImpl-61d3b935-36cd-4496-a441-eee01f8c564c/datanode-3/data-0/containers/hdds of storage type : DISK capacity : 9223372036854775807
2023-05-23 10:27:57,348 [Listener at 127.0.0.1/15244] INFO  volume.MutableVolumeSet (MutableVolumeSet.java:initializeVolumeSet(175)) - Added Volume : /home/runner/work/ozone/ozone/hadoop-ozone/integration-test/target/test-dir/MiniOzoneClusterImpl-61d3b935-36cd-4496-a441-eee01f8c564c/datanode-3/data-0/containers/hdds to VolumeSet
2023-05-23 10:27:57,348 [Listener at 127.0.0.1/15244] INFO  volume.ThrottledAsyncChecker (ThrottledAsyncChecker.java:schedule(141)) - Scheduling a check for /home/runner/work/ozone/ozone/hadoop-ozone/integration-test/target/test-dir/MiniOzoneClusterImpl-61d3b935-36cd-4496-a441-eee01f8c564c/datanode-3/data-0/containers/hdds
2023-05-23 10:27:57,349 [Listener at 127.0.0.1/15244] INFO  volume.StorageVolumeChecker (StorageVolumeChecker.java:checkAllVolumes(202)) - Scheduled health check for volume /home/runner/work/ozone/ozone/hadoop-ozone/integration-test/target/test-dir/MiniOzoneClusterImpl-61d3b935-36cd-4496-a441-eee01f8c564c/datanode-3/data-0/containers/hdds
2023-05-23 10:27:57,349 [ReplicationMonitor] INFO  replication.ReplicationManager (ReplicationManager.java:processAll(375)) - Replication Manager is not ready to run until 3000ms after safemode exit
2023-05-23 10:27:57,361 [Listener at 127.0.0.1/15244] INFO  volume.MutableVolumeSet (MutableVolumeSet.java:initializeVolumeSet(175)) - Added Volume : /home/runner/work/ozone/ozone/hadoop-ozone/integration-test/target/test-dir/MiniOzoneClusterImpl-61d3b935-36cd-4496-a441-eee01f8c564c/datanode-3/data/ratis to VolumeSet
2023-05-23 10:27:57,361 [Listener at 127.0.0.1/15244] INFO  volume.ThrottledAsyncChecker (ThrottledAsyncChecker.java:schedule(141)) - Scheduling a check for /home/runner/work/ozone/ozone/hadoop-ozone/integration-test/target/test-dir/MiniOzoneClusterImpl-61d3b935-36cd-4496-a441-eee01f8c564c/datanode-3/data/ratis
2023-05-23 10:27:57,361 [Listener at 127.0.0.1/15244] INFO  volume.StorageVolumeChecker (StorageVolumeChecker.java:checkAllVolumes(202)) - Scheduled health check for volume /home/runner/work/ozone/ozone/hadoop-ozone/integration-test/target/test-dir/MiniOzoneClusterImpl-61d3b935-36cd-4496-a441-eee01f8c564c/datanode-3/data/ratis
2023-05-23 10:27:57,373 [Thread-3037] INFO  ozoneimpl.ContainerReader (ContainerReader.java:readVolume(175)) - Finish verifying containers on volume /home/runner/work/ozone/ozone/hadoop-ozone/integration-test/target/test-dir/MiniOzoneClusterImpl-61d3b935-36cd-4496-a441-eee01f8c564c/datanode-3/data-0/containers/hdds
2023-05-23 10:27:57,373 [Listener at 127.0.0.1/15244] INFO  ozoneimpl.OzoneContainer (OzoneContainer.java:buildContainerSet(303)) - Build ContainerSet costs 0s
2023-05-23 10:27:57,375 [Listener at 127.0.0.1/15244] INFO  server.RaftServer (ConfUtils.java:logGet(46)) - raft.rpc.type = GRPC (default)
2023-05-23 10:27:57,375 [Listener at 127.0.0.1/15244] INFO  grpc.GrpcConfigKeys (ConfUtils.java:logFallback(53)) - raft.grpc.admin.host = null (fallback to raft.grpc.server.host)
2023-05-23 10:27:57,375 [Listener at 127.0.0.1/15244] INFO  grpc.GrpcConfigKeys (ConfUtils.java:logGet(46)) - raft.grpc.admin.port = 15276 (custom)
2023-05-23 10:27:57,375 [Listener at 127.0.0.1/15244] INFO  grpc.GrpcConfigKeys (ConfUtils.java:logFallback(53)) - raft.grpc.client.host = null (fallback to raft.grpc.server.host)
2023-05-23 10:27:57,375 [Listener at 127.0.0.1/15244] INFO  grpc.GrpcConfigKeys (ConfUtils.java:logGet(46)) - raft.grpc.client.port = 15275 (custom)
2023-05-23 10:27:57,375 [Listener at 127.0.0.1/15244] INFO  grpc.GrpcConfigKeys (ConfUtils.java:logGet(46)) - raft.grpc.server.host = null (default)
2023-05-23 10:27:57,375 [Listener at 127.0.0.1/15244] INFO  grpc.GrpcConfigKeys (ConfUtils.java:logGet(46)) - raft.grpc.server.port = 15277 (custom)
2023-05-23 10:27:57,375 [Listener at 127.0.0.1/15244] INFO  server.GrpcService (ConfUtils.java:logGet(46)) - raft.grpc.message.size.max = 32MB (=33554432) (custom)
2023-05-23 10:27:57,375 [Listener at 127.0.0.1/15244] INFO  server.RaftServerConfigKeys (ConfUtils.java:logGet(46)) - raft.server.log.appender.buffer.byte-limit = 33554432 (custom)
2023-05-23 10:27:57,375 [Listener at 127.0.0.1/15244] INFO  server.GrpcService (ConfUtils.java:logGet(46)) - raft.grpc.flow.control.window = 5MB (=5242880) (custom)
2023-05-23 10:27:57,375 [Listener at 127.0.0.1/15244] INFO  server.RaftServerConfigKeys (ConfUtils.java:logGet(46)) - raft.server.rpc.request.timeout = 60s (custom)
2023-05-23 10:27:57,375 [Listener at 127.0.0.1/15244] INFO  grpc.GrpcConfigKeys (ConfUtils.java:logGet(46)) - raft.grpc.server.heartbeat.channel = true (default)
2023-05-23 10:27:57,375 [Listener at 127.0.0.1/15244] INFO  grpc.GrpcConfigKeys (ConfUtils.java:logGet(46)) - raft.grpc.server.async.request.thread.pool.cached = true (default)
2023-05-23 10:27:57,376 [Listener at 127.0.0.1/15244] INFO  grpc.GrpcConfigKeys (ConfUtils.java:logGet(46)) - raft.grpc.server.async.request.thread.pool.size = 32 (default)
2023-05-23 10:27:57,378 [Listener at 127.0.0.1/15244] INFO  impl.DataStreamServerImpl (ConfUtils.java:logGet(46)) - raft.datastream.type = NETTY (custom)
2023-05-23 10:27:57,378 [Listener at 127.0.0.1/15244] INFO  server.RaftServerConfigKeys (ConfUtils.java:logGet(46)) - raft.server.data-stream.async.request.thread.pool.cached = false (default)
2023-05-23 10:27:57,378 [Listener at 127.0.0.1/15244] INFO  server.RaftServerConfigKeys (ConfUtils.java:logGet(46)) - raft.server.data-stream.async.request.thread.pool.size = 20 (custom)
2023-05-23 10:27:57,378 [Listener at 127.0.0.1/15244] INFO  server.RaftServerConfigKeys (ConfUtils.java:logGet(46)) - raft.server.data-stream.async.write.thread.pool.size = 16 (default)
2023-05-23 10:27:57,378 [Listener at 127.0.0.1/15244] INFO  server.RaftServerConfigKeys (ConfUtils.java:logGet(46)) - raft.server.data-stream.client.pool.size = 10 (default)
2023-05-23 10:27:57,378 [Listener at 127.0.0.1/15244] INFO  netty.NettyConfigKeys$DataStream (ConfUtils.java:logGet(46)) - raft.netty.dataStream.server.use-epoll = false (default)
2023-05-23 10:27:57,378 [Listener at 127.0.0.1/15244] INFO  netty.NettyConfigKeys$DataStream (ConfUtils.java:logGet(46)) - raft.netty.dataStream.server.boss-group.size = 0 (default)
2023-05-23 10:27:57,379 [Listener at 127.0.0.1/15244] INFO  netty.NettyConfigKeys$DataStream (ConfUtils.java:logGet(46)) - raft.netty.dataStream.server.worker-group.size = 0 (default)
2023-05-23 10:27:57,379 [Listener at 127.0.0.1/15244] INFO  netty.NettyConfigKeys$DataStream (ConfUtils.java:logGet(46)) - raft.netty.dataStream.server.tls.conf = null (default)
2023-05-23 10:27:57,379 [Listener at 127.0.0.1/15244] INFO  netty.NettyConfigKeys$DataStream (ConfUtils.java:logGet(46)) - raft.netty.dataStream.host = null (default)
2023-05-23 10:27:57,379 [Listener at 127.0.0.1/15244] INFO  netty.NettyConfigKeys$DataStream (ConfUtils.java:logGet(46)) - raft.netty.dataStream.port = 15278 (custom)
2023-05-23 10:27:57,379 [Listener at 127.0.0.1/15244] INFO  server.RaftServerConfigKeys (ConfUtils.java:logGet(46)) - raft.server.threadpool.proxy.cached = true (default)
2023-05-23 10:27:57,379 [Listener at 127.0.0.1/15244] INFO  server.RaftServerConfigKeys (ConfUtils.java:logGet(46)) - raft.server.threadpool.proxy.size = 0 (default)
2023-05-23 10:27:57,380 [Listener at 127.0.0.1/15244] INFO  server.RaftServerConfigKeys (ConfUtils.java:logGet(46)) - raft.server.rpc.slowness.timeout = 300s (custom)
2023-05-23 10:27:57,380 [Listener at 127.0.0.1/15244] INFO  server.RaftServerConfigKeys (ConfUtils.java:logGet(46)) - raft.server.leaderelection.leader.step-down.wait-time = 10s (default)
2023-05-23 10:27:57,380 [Listener at 127.0.0.1/15244] INFO  server.RaftServerConfigKeys (ConfUtils.java:logGet(46)) - raft.server.storage.dir = [/home/runner/work/ozone/ozone/hadoop-ozone/integration-test/target/test-dir/MiniOzoneClusterImpl-61d3b935-36cd-4496-a441-eee01f8c564c/datanode-3/data/ratis] (custom)
2023-05-23 10:27:57,380 [d6ba1385-1418-4053-92a8-092c511516c2-NettyServerStreamRpc-bossGroup--thread1] INFO  logging.LoggingHandler (AbstractInternalLogger.java:log(148)) - [id: 0xe085eafc] REGISTERED
2023-05-23 10:27:57,380 [d6ba1385-1418-4053-92a8-092c511516c2-NettyServerStreamRpc-bossGroup--thread1] INFO  logging.LoggingHandler (AbstractInternalLogger.java:log(148)) - [id: 0xe085eafc] BIND: 0.0.0.0/0.0.0.0:15278
2023-05-23 10:27:57,380 [d6ba1385-1418-4053-92a8-092c511516c2-NettyServerStreamRpc-bossGroup--thread1] INFO  logging.LoggingHandler (AbstractInternalLogger.java:log(148)) - [id: 0xe085eafc, L:/0:0:0:0:0:0:0:0:15278] ACTIVE
2023-05-23 10:27:57,381 [Listener at 127.0.0.1/15244] INFO  server.XceiverServerGrpc (XceiverServerGrpc.java:<init>(132)) - GrpcServer channel type EpollServerSocketChannel
2023-05-23 10:27:57,382 [Listener at 127.0.0.1/15244] INFO  replication.ReplicationSupervisor (ReplicationSupervisor.java:nodeStateUpdated(296)) - Node state updated to IN_SERVICE, scaling executor pool size to 10
2023-05-23 10:27:57,384 [Listener at 127.0.0.1/15244] INFO  http.BaseHttpServer (BaseHttpServer.java:newHttpServer2BuilderForOzone(224)) - Starting Web-server for hddsDatanode at: http://0.0.0.0:15273
2023-05-23 10:27:57,384 [Listener at 127.0.0.1/15244] INFO  http.BaseHttpServer (BaseHttpServer.java:<init>(111)) - Hadoop Security Enabled: false Ozone Security Enabled: false Ozone HTTP Security Enabled: false 
2023-05-23 10:27:57,387 [Listener at 127.0.0.1/15244] WARN  server.AuthenticationFilter (AuthenticationFilter.java:constructSecretProvider(240)) - Unable to initialize FileSignerSecretProvider, falling back to use random secrets. Reason: Could not read signature secret file: /home/runner/hadoop-http-auth-signature-secret
2023-05-23 10:27:57,392 [Listener at 127.0.0.1/15244] INFO  http.HttpRequestLog (HttpRequestLog.java:getRequestLog(86)) - Http request log for http.requests.hddsDatanode is not defined
2023-05-23 10:27:57,393 [Listener at 127.0.0.1/15244] INFO  http.HttpServer2 (HttpServer2.java:addGlobalFilter(1031)) - Added global filter 'safety' (class=org.apache.hadoop.hdds.server.http.HttpServer2$QuotingInputFilter)
2023-05-23 10:27:57,394 [Listener at 127.0.0.1/15244] INFO  http.HttpServer2 (HttpServer2.java:addFilter(1007)) - Added filter static_user_filter (class=org.apache.hadoop.http.lib.StaticUserWebFilter$StaticUserFilter) to context hddsDatanode
2023-05-23 10:27:57,394 [Listener at 127.0.0.1/15244] INFO  http.HttpServer2 (HttpServer2.java:addFilter(1015)) - Added filter static_user_filter (class=org.apache.hadoop.http.lib.StaticUserWebFilter$StaticUserFilter) to context logs
2023-05-23 10:27:57,394 [Listener at 127.0.0.1/15244] INFO  http.HttpServer2 (HttpServer2.java:addFilter(1015)) - Added filter static_user_filter (class=org.apache.hadoop.http.lib.StaticUserWebFilter$StaticUserFilter) to context static
2023-05-23 10:27:57,394 [Listener at 127.0.0.1/15244] INFO  http.BaseHttpServer (BaseHttpServer.java:<init>(190)) - HTTP server of hddsDatanode uses base directory /home/runner/work/ozone/ozone/hadoop-ozone/integration-test/target/test-dir/MiniOzoneClusterImpl-61d3b935-36cd-4496-a441-eee01f8c564c/datanode-3/meta/webserver
2023-05-23 10:27:57,394 [Listener at 127.0.0.1/15244] INFO  http.HttpServer2 (HttpServer2.java:bindListener(1250)) - Jetty bound to port 15273
2023-05-23 10:27:57,394 [Listener at 127.0.0.1/15244] INFO  server.Server (Server.java:doStart(375)) - jetty-9.4.51.v20230217; built: 2023-02-17T08:19:37.309Z; git: b45c405e4544384de066f814ed42ae3dceacdd49; jvm 1.8.0_362-b09
2023-05-23 10:27:57,396 [Listener at 127.0.0.1/15244] INFO  server.session (DefaultSessionIdManager.java:doStart(334)) - DefaultSessionIdManager workerName=node0
2023-05-23 10:27:57,396 [Listener at 127.0.0.1/15244] INFO  server.session (DefaultSessionIdManager.java:doStart(339)) - No SessionScavenger set, using defaults
2023-05-23 10:27:57,397 [Listener at 127.0.0.1/15244] INFO  server.session (HouseKeeper.java:startScavenging(132)) - node0 Scavenging every 660000ms
2023-05-23 10:27:57,398 [Listener at 127.0.0.1/15244] INFO  handler.ContextHandler (ContextHandler.java:doStart(921)) - Started o.e.j.s.ServletContextHandler@5dc36c0e{logs,/logs,file:///home/runner/work/ozone/ozone/hadoop-ozone/integration-test/target/log,AVAILABLE}
2023-05-23 10:27:57,398 [Listener at 127.0.0.1/15244] INFO  handler.ContextHandler (ContextHandler.java:doStart(921)) - Started o.e.j.s.ServletContextHandler@43f829e7{static,/static,jar:file:/home/runner/.m2/repository/org/apache/ozone/hdds-container-service/1.4.0-SNAPSHOT/hdds-container-service-1.4.0-SNAPSHOT.jar!/webapps/static,AVAILABLE}
2023-05-23 10:27:57,419 [om1@group-C5BA1605619E-FollowerState] INFO  impl.FollowerState (FollowerState.java:run(143)) - om1@group-C5BA1605619E-FollowerState: change to CANDIDATE, lastRpcElapsedTime:1162136629ns, electionTimeout:1159ms
2023-05-23 10:27:57,419 [om1@group-C5BA1605619E-FollowerState] INFO  impl.RoleInfo (RoleInfo.java:shutdownFollowerState(110)) - om1: shutdown om1@group-C5BA1605619E-FollowerState
2023-05-23 10:27:57,419 [om1@group-C5BA1605619E-FollowerState] INFO  server.RaftServer$Division (RaftServerImpl.java:setRole(329)) - om1@group-C5BA1605619E: changes role from  FOLLOWER to CANDIDATE at term 0 for changeToCandidate
2023-05-23 10:27:57,419 [om1@group-C5BA1605619E-FollowerState] INFO  server.RaftServerConfigKeys (ConfUtils.java:logGet(46)) - raft.server.leaderelection.pre-vote = true (default)
2023-05-23 10:27:57,419 [om1@group-C5BA1605619E-FollowerState] INFO  impl.RoleInfo (RoleInfo.java:updateAndGet(139)) - om1: start om1@group-C5BA1605619E-LeaderElection52
2023-05-23 10:27:57,423 [om1@group-C5BA1605619E-LeaderElection52] INFO  impl.LeaderElection (LeaderElection.java:askForVotes(321)) - om1@group-C5BA1605619E-LeaderElection52 PRE_VOTE round 0: submit vote requests at term 0 for -1: peers:[om1|rpc:localhost:15247|priority:0|startupRole:FOLLOWER]|listeners:[], old=null
2023-05-23 10:27:57,423 [om1@group-C5BA1605619E-LeaderElection52] INFO  impl.LeaderElection (LeaderElection.java:askForVotes(323)) - om1@group-C5BA1605619E-LeaderElection52 PRE_VOTE round 0: result PASSED (term=0)
2023-05-23 10:27:57,424 [om1@group-C5BA1605619E-LeaderElection52] INFO  impl.LeaderElection (LeaderElection.java:askForVotes(321)) - om1@group-C5BA1605619E-LeaderElection52 ELECTION round 0: submit vote requests at term 1 for -1: peers:[om1|rpc:localhost:15247|priority:0|startupRole:FOLLOWER]|listeners:[], old=null
2023-05-23 10:27:57,425 [om1@group-C5BA1605619E-LeaderElection52] INFO  impl.LeaderElection (LeaderElection.java:askForVotes(323)) - om1@group-C5BA1605619E-LeaderElection52 ELECTION round 0: result PASSED (term=1)
2023-05-23 10:27:57,425 [om1@group-C5BA1605619E-LeaderElection52] INFO  impl.RoleInfo (RoleInfo.java:shutdownLeaderElection(130)) - om1: shutdown om1@group-C5BA1605619E-LeaderElection52
2023-05-23 10:27:57,425 [om1@group-C5BA1605619E-LeaderElection52] INFO  server.RaftServer$Division (RaftServerImpl.java:setRole(329)) - om1@group-C5BA1605619E: changes role from CANDIDATE to LEADER at term 1 for changeToLeader
2023-05-23 10:27:57,425 [om1@group-C5BA1605619E-LeaderElection52] INFO  server.RaftServer$Division (ServerState.java:setLeader(317)) - om1@group-C5BA1605619E: change Leader from null to om1 at term 1 for becomeLeader, leader elected after 1671ms
2023-05-23 10:27:57,425 [om1@group-C5BA1605619E-LeaderElection52] INFO  server.RaftServerConfigKeys (ConfUtils.java:logGet(46)) - raft.server.staging.catchup.gap = 1000 (default)
2023-05-23 10:27:57,425 [om1@group-C5BA1605619E-LeaderElection52] INFO  server.RaftServerConfigKeys (ConfUtils.java:logGet(46)) - raft.server.write.element-limit = 4096 (default)
2023-05-23 10:27:57,425 [om1@group-C5BA1605619E-LeaderElection52] INFO  server.RaftServerConfigKeys (ConfUtils.java:logGet(46)) - raft.server.write.byte-limit = 64MB (=67108864) (default)
2023-05-23 10:27:57,425 [om1@group-C5BA1605619E-LeaderElection52] INFO  server.RaftServerConfigKeys (ConfUtils.java:logGet(46)) - raft.server.watch.timeout = 10s (default)
2023-05-23 10:27:57,425 [om1@group-C5BA1605619E-LeaderElection52] INFO  server.RaftServerConfigKeys (ConfUtils.java:logGet(46)) - raft.server.watch.timeout.denomination = 1s (default)
2023-05-23 10:27:57,425 [om1@group-C5BA1605619E-LeaderElection52] INFO  server.RaftServerConfigKeys (ConfUtils.java:logGet(46)) - raft.server.watch.element-limit = 65536 (default)
2023-05-23 10:27:57,425 [om1@group-C5BA1605619E-LeaderElection52] INFO  server.RaftServerConfigKeys (ConfUtils.java:logGet(46)) - raft.server.write.element-limit = 4096 (default)
2023-05-23 10:27:57,425 [om1@group-C5BA1605619E-LeaderElection52] INFO  server.RaftServerConfigKeys (ConfUtils.java:logGet(46)) - raft.server.write.follower.gap.ratio.max = -1.0 (default)
2023-05-23 10:27:57,426 [om1@group-C5BA1605619E-LeaderElection52] INFO  impl.RoleInfo (RoleInfo.java:updateAndGet(139)) - om1: start om1@group-C5BA1605619E-LeaderStateImpl
2023-05-23 10:27:57,426 [om1@group-C5BA1605619E-LeaderElection52] INFO  segmented.SegmentedRaftLogWorker (SegmentedRaftLogWorker.java:startLogSegment(447)) - om1@group-C5BA1605619E-SegmentedRaftLogWorker: Starting segment from index:0
2023-05-23 10:27:57,433 [om1@group-C5BA1605619E-LeaderElection52] INFO  server.RaftServer$Division (ServerState.java:setRaftConf(434)) - om1@group-C5BA1605619E: set configuration 0: peers:[om1|rpc:localhost:15247|admin:|client:|dataStream:|priority:0|startupRole:FOLLOWER]|listeners:[], old=null
2023-05-23 10:27:57,439 [om1@group-C5BA1605619E-SegmentedRaftLogWorker] INFO  segmented.SegmentedRaftLogWorker (SegmentedRaftLogWorker.java:execute(651)) - om1@group-C5BA1605619E-SegmentedRaftLogWorker: created new log segment /home/runner/work/ozone/ozone/hadoop-ozone/integration-test/target/test-dir/MiniOzoneClusterImpl-61d3b935-36cd-4496-a441-eee01f8c564c/ozone-meta/ratis/bf265839-605b-3f16-9796-c5ba1605619e/current/log_inprogress_0
2023-05-23 10:27:57,440 [om1@group-C5BA1605619E-StateMachineUpdater] INFO  ratis.OzoneManagerStateMachine (OzoneManagerStateMachine.java:notifyConfigurationChanged(201)) - Received Configuration change notification from Ratis. New Peer list:
[id: "om1"
address: "localhost:15247"
startupRole: FOLLOWER
]
2023-05-23 10:27:57,629 [Listener at 127.0.0.1/15244] INFO  handler.ContextHandler (ContextHandler.java:doStart(921)) - Started o.e.j.w.WebAppContext@7fa6218d{hddsDatanode,/,file:///home/runner/work/ozone/ozone/hadoop-ozone/integration-test/target/test-dir/MiniOzoneClusterImpl-61d3b935-36cd-4496-a441-eee01f8c564c/datanode-3/meta/webserver/jetty-0_0_0_0-15273-hdds-container-service-1_4_0-SNAPSHOT_jar-_-any-32395533966134750/webapp/,AVAILABLE}{jar:file:/home/runner/.m2/repository/org/apache/ozone/hdds-container-service/1.4.0-SNAPSHOT/hdds-container-service-1.4.0-SNAPSHOT.jar!/webapps/hddsDatanode}
2023-05-23 10:27:57,632 [Listener at 127.0.0.1/15244] INFO  server.AbstractConnector (AbstractConnector.java:doStart(333)) - Started ServerConnector@3633e83e{HTTP/1.1, (http/1.1)}{0.0.0.0:15273}
2023-05-23 10:27:57,632 [Listener at 127.0.0.1/15244] INFO  server.Server (Server.java:doStart(415)) - Started @210684ms
2023-05-23 10:27:57,632 [Listener at 127.0.0.1/15244] WARN  impl.MetricsSystemImpl (MetricsSystemImpl.java:register(279)) - Sink prometheus already exists!
2023-05-23 10:27:57,633 [Listener at 127.0.0.1/15244] INFO  http.BaseHttpServer (BaseHttpServer.java:updateConnectorAddress(344)) - HTTP server of hddsDatanode listening at http://0.0.0.0:15273
2023-05-23 10:27:57,634 [Listener at 127.0.0.1/15244] WARN  impl.MetricRegistriesImpl (MetricRegistriesImpl.java:addReporterRegistration(111)) - New reporters are added after registries were created. Some metrics will be missing from the reporter. Please add reporter before adding any new registry.
2023-05-23 10:27:57,634 [Listener at 127.0.0.1/15244] WARN  impl.MetricRegistriesImpl (MetricRegistriesImpl.java:addReporterRegistration(111)) - New reporters are added after registries were created. Some metrics will be missing from the reporter. Please add reporter before adding any new registry.
2023-05-23 10:27:57,634 [Listener at 127.0.0.1/15244] INFO  impl.MetricsSystemImpl (MetricsSystemImpl.java:init(158)) - HddsDatanode metrics system started (again)
2023-05-23 10:27:57,637 [Datanode State Machine Daemon Thread] INFO  statemachine.DatanodeStateMachine (DatanodeStateMachine.java:lambda$startDaemon$0(524)) - Ozone container server started.
2023-05-23 10:27:57,650 [org.apache.hadoop.util.JvmPauseMonitor$Monitor@56545a18] INFO  util.JvmPauseMonitor (JvmPauseMonitor.java:run(188)) - Starting JVM pause monitor
2023-05-23 10:27:57,653 [Listener at 127.0.0.1/15244] INFO  ozone.HddsDatanodeService (HddsDatanodeService.java:start(252)) - HddsDatanodeService host:fv-az1249-304 ip:10.1.0.38
2023-05-23 10:27:57,657 [Datanode State Machine Task Thread - 0] INFO  datanode.InitDatanodeState (InitDatanodeState.java:persistContainerDatanodeDetails(138)) - DatanodeDetails is persisted to /home/runner/work/ozone/ozone/hadoop-ozone/integration-test/target/test-dir/MiniOzoneClusterImpl-61d3b935-36cd-4496-a441-eee01f8c564c/datanode-3/meta/datanode.id
2023-05-23 10:27:57,680 [Listener at 127.0.0.1/15244] INFO  upgrade.AbstractLayoutVersionManager (AbstractLayoutVersionManager.java:init(83)) - Initializing Layout version manager with metadata layout = WEBUI_PORTS_IN_DATANODEDETAILS (version = 6), software layout = WEBUI_PORTS_IN_DATANODEDETAILS (version = 6)
2023-05-23 10:27:57,680 [Listener at 127.0.0.1/15244] INFO  statemachine.DatanodeStateMachine (DatanodeStateMachine.java:getEndPointTaskThreadPoolSize(267)) - Datanode State Machine Task Thread Pool size 2
2023-05-23 10:27:57,682 [Listener at 127.0.0.1/15244] INFO  volume.HddsVolume (HddsVolume.java:<init>(130)) - Creating HddsVolume: /home/runner/work/ozone/ozone/hadoop-ozone/integration-test/target/test-dir/MiniOzoneClusterImpl-61d3b935-36cd-4496-a441-eee01f8c564c/datanode-4/data-0/containers/hdds of storage type : DISK capacity : 9223372036854775807
2023-05-23 10:27:57,682 [Listener at 127.0.0.1/15244] INFO  volume.MutableVolumeSet (MutableVolumeSet.java:initializeVolumeSet(175)) - Added Volume : /home/runner/work/ozone/ozone/hadoop-ozone/integration-test/target/test-dir/MiniOzoneClusterImpl-61d3b935-36cd-4496-a441-eee01f8c564c/datanode-4/data-0/containers/hdds to VolumeSet
2023-05-23 10:27:57,682 [Listener at 127.0.0.1/15244] INFO  volume.ThrottledAsyncChecker (ThrottledAsyncChecker.java:schedule(141)) - Scheduling a check for /home/runner/work/ozone/ozone/hadoop-ozone/integration-test/target/test-dir/MiniOzoneClusterImpl-61d3b935-36cd-4496-a441-eee01f8c564c/datanode-4/data-0/containers/hdds
2023-05-23 10:27:57,682 [Listener at 127.0.0.1/15244] INFO  volume.StorageVolumeChecker (StorageVolumeChecker.java:checkAllVolumes(202)) - Scheduled health check for volume /home/runner/work/ozone/ozone/hadoop-ozone/integration-test/target/test-dir/MiniOzoneClusterImpl-61d3b935-36cd-4496-a441-eee01f8c564c/datanode-4/data-0/containers/hdds
2023-05-23 10:27:57,695 [Listener at 127.0.0.1/15244] INFO  volume.MutableVolumeSet (MutableVolumeSet.java:initializeVolumeSet(175)) - Added Volume : /home/runner/work/ozone/ozone/hadoop-ozone/integration-test/target/test-dir/MiniOzoneClusterImpl-61d3b935-36cd-4496-a441-eee01f8c564c/datanode-4/data/ratis to VolumeSet
2023-05-23 10:27:57,695 [Listener at 127.0.0.1/15244] INFO  volume.ThrottledAsyncChecker (ThrottledAsyncChecker.java:schedule(141)) - Scheduling a check for /home/runner/work/ozone/ozone/hadoop-ozone/integration-test/target/test-dir/MiniOzoneClusterImpl-61d3b935-36cd-4496-a441-eee01f8c564c/datanode-4/data/ratis
2023-05-23 10:27:57,697 [Listener at 127.0.0.1/15244] INFO  volume.StorageVolumeChecker (StorageVolumeChecker.java:checkAllVolumes(202)) - Scheduled health check for volume /home/runner/work/ozone/ozone/hadoop-ozone/integration-test/target/test-dir/MiniOzoneClusterImpl-61d3b935-36cd-4496-a441-eee01f8c564c/datanode-4/data/ratis
2023-05-23 10:27:57,709 [Thread-3053] INFO  ozoneimpl.ContainerReader (ContainerReader.java:readVolume(175)) - Finish verifying containers on volume /home/runner/work/ozone/ozone/hadoop-ozone/integration-test/target/test-dir/MiniOzoneClusterImpl-61d3b935-36cd-4496-a441-eee01f8c564c/datanode-4/data-0/containers/hdds
2023-05-23 10:27:57,709 [Listener at 127.0.0.1/15244] INFO  ozoneimpl.OzoneContainer (OzoneContainer.java:buildContainerSet(303)) - Build ContainerSet costs 0s
2023-05-23 10:27:57,711 [Listener at 127.0.0.1/15244] INFO  server.RaftServer (ConfUtils.java:logGet(46)) - raft.rpc.type = GRPC (default)
2023-05-23 10:27:57,711 [Listener at 127.0.0.1/15244] INFO  grpc.GrpcConfigKeys (ConfUtils.java:logFallback(53)) - raft.grpc.admin.host = null (fallback to raft.grpc.server.host)
2023-05-23 10:27:57,711 [Listener at 127.0.0.1/15244] INFO  grpc.GrpcConfigKeys (ConfUtils.java:logGet(46)) - raft.grpc.admin.port = 15284 (custom)
2023-05-23 10:27:57,711 [Listener at 127.0.0.1/15244] INFO  grpc.GrpcConfigKeys (ConfUtils.java:logFallback(53)) - raft.grpc.client.host = null (fallback to raft.grpc.server.host)
2023-05-23 10:27:57,711 [Listener at 127.0.0.1/15244] INFO  grpc.GrpcConfigKeys (ConfUtils.java:logGet(46)) - raft.grpc.client.port = 15283 (custom)
2023-05-23 10:27:57,711 [Listener at 127.0.0.1/15244] INFO  grpc.GrpcConfigKeys (ConfUtils.java:logGet(46)) - raft.grpc.server.host = null (default)
2023-05-23 10:27:57,711 [Listener at 127.0.0.1/15244] INFO  grpc.GrpcConfigKeys (ConfUtils.java:logGet(46)) - raft.grpc.server.port = 15285 (custom)
2023-05-23 10:27:57,711 [Listener at 127.0.0.1/15244] INFO  server.GrpcService (ConfUtils.java:logGet(46)) - raft.grpc.message.size.max = 32MB (=33554432) (custom)
2023-05-23 10:27:57,711 [Listener at 127.0.0.1/15244] INFO  server.RaftServerConfigKeys (ConfUtils.java:logGet(46)) - raft.server.log.appender.buffer.byte-limit = 33554432 (custom)
2023-05-23 10:27:57,712 [Listener at 127.0.0.1/15244] INFO  server.GrpcService (ConfUtils.java:logGet(46)) - raft.grpc.flow.control.window = 5MB (=5242880) (custom)
2023-05-23 10:27:57,712 [Listener at 127.0.0.1/15244] INFO  server.RaftServerConfigKeys (ConfUtils.java:logGet(46)) - raft.server.rpc.request.timeout = 60s (custom)
2023-05-23 10:27:57,712 [Listener at 127.0.0.1/15244] INFO  grpc.GrpcConfigKeys (ConfUtils.java:logGet(46)) - raft.grpc.server.heartbeat.channel = true (default)
2023-05-23 10:27:57,712 [Listener at 127.0.0.1/15244] INFO  grpc.GrpcConfigKeys (ConfUtils.java:logGet(46)) - raft.grpc.server.async.request.thread.pool.cached = true (default)
2023-05-23 10:27:57,712 [Listener at 127.0.0.1/15244] INFO  grpc.GrpcConfigKeys (ConfUtils.java:logGet(46)) - raft.grpc.server.async.request.thread.pool.size = 32 (default)
2023-05-23 10:27:57,714 [Listener at 127.0.0.1/15244] INFO  impl.DataStreamServerImpl (ConfUtils.java:logGet(46)) - raft.datastream.type = NETTY (custom)
2023-05-23 10:27:57,715 [Listener at 127.0.0.1/15244] INFO  server.RaftServerConfigKeys (ConfUtils.java:logGet(46)) - raft.server.data-stream.async.request.thread.pool.cached = false (default)
2023-05-23 10:27:57,715 [Listener at 127.0.0.1/15244] INFO  server.RaftServerConfigKeys (ConfUtils.java:logGet(46)) - raft.server.data-stream.async.request.thread.pool.size = 20 (custom)
2023-05-23 10:27:57,715 [Listener at 127.0.0.1/15244] INFO  server.RaftServerConfigKeys (ConfUtils.java:logGet(46)) - raft.server.data-stream.async.write.thread.pool.size = 16 (default)
2023-05-23 10:27:57,715 [Listener at 127.0.0.1/15244] INFO  server.RaftServerConfigKeys (ConfUtils.java:logGet(46)) - raft.server.data-stream.client.pool.size = 10 (default)
2023-05-23 10:27:57,715 [Listener at 127.0.0.1/15244] INFO  netty.NettyConfigKeys$DataStream (ConfUtils.java:logGet(46)) - raft.netty.dataStream.server.use-epoll = false (default)
2023-05-23 10:27:57,715 [Listener at 127.0.0.1/15244] INFO  netty.NettyConfigKeys$DataStream (ConfUtils.java:logGet(46)) - raft.netty.dataStream.server.boss-group.size = 0 (default)
2023-05-23 10:27:57,715 [Listener at 127.0.0.1/15244] INFO  netty.NettyConfigKeys$DataStream (ConfUtils.java:logGet(46)) - raft.netty.dataStream.server.worker-group.size = 0 (default)
2023-05-23 10:27:57,716 [Listener at 127.0.0.1/15244] INFO  netty.NettyConfigKeys$DataStream (ConfUtils.java:logGet(46)) - raft.netty.dataStream.server.tls.conf = null (default)
2023-05-23 10:27:57,716 [Listener at 127.0.0.1/15244] INFO  netty.NettyConfigKeys$DataStream (ConfUtils.java:logGet(46)) - raft.netty.dataStream.host = null (default)
2023-05-23 10:27:57,716 [Listener at 127.0.0.1/15244] INFO  netty.NettyConfigKeys$DataStream (ConfUtils.java:logGet(46)) - raft.netty.dataStream.port = 15286 (custom)
2023-05-23 10:27:57,717 [Listener at 127.0.0.1/15244] INFO  server.RaftServerConfigKeys (ConfUtils.java:logGet(46)) - raft.server.threadpool.proxy.cached = true (default)
2023-05-23 10:27:57,718 [Listener at 127.0.0.1/15244] INFO  server.RaftServerConfigKeys (ConfUtils.java:logGet(46)) - raft.server.threadpool.proxy.size = 0 (default)
2023-05-23 10:27:57,718 [Listener at 127.0.0.1/15244] INFO  server.RaftServerConfigKeys (ConfUtils.java:logGet(46)) - raft.server.rpc.slowness.timeout = 300s (custom)
2023-05-23 10:27:57,718 [Listener at 127.0.0.1/15244] INFO  server.RaftServerConfigKeys (ConfUtils.java:logGet(46)) - raft.server.leaderelection.leader.step-down.wait-time = 10s (default)
2023-05-23 10:27:57,718 [Listener at 127.0.0.1/15244] INFO  server.RaftServerConfigKeys (ConfUtils.java:logGet(46)) - raft.server.storage.dir = [/home/runner/work/ozone/ozone/hadoop-ozone/integration-test/target/test-dir/MiniOzoneClusterImpl-61d3b935-36cd-4496-a441-eee01f8c564c/datanode-4/data/ratis] (custom)
2023-05-23 10:27:57,718 [bcab7f0f-7790-4a04-bb65-53c00937b84b-NettyServerStreamRpc-bossGroup--thread1] INFO  logging.LoggingHandler (AbstractInternalLogger.java:log(148)) - [id: 0x5e156583] REGISTERED
2023-05-23 10:27:57,718 [bcab7f0f-7790-4a04-bb65-53c00937b84b-NettyServerStreamRpc-bossGroup--thread1] INFO  logging.LoggingHandler (AbstractInternalLogger.java:log(148)) - [id: 0x5e156583] BIND: 0.0.0.0/0.0.0.0:15286
2023-05-23 10:27:57,718 [bcab7f0f-7790-4a04-bb65-53c00937b84b-NettyServerStreamRpc-bossGroup--thread1] INFO  logging.LoggingHandler (AbstractInternalLogger.java:log(148)) - [id: 0x5e156583, L:/0:0:0:0:0:0:0:0:15286] ACTIVE
2023-05-23 10:27:57,719 [Listener at 127.0.0.1/15244] INFO  server.XceiverServerGrpc (XceiverServerGrpc.java:<init>(132)) - GrpcServer channel type EpollServerSocketChannel
2023-05-23 10:27:57,720 [Listener at 127.0.0.1/15244] INFO  replication.ReplicationSupervisor (ReplicationSupervisor.java:nodeStateUpdated(296)) - Node state updated to IN_SERVICE, scaling executor pool size to 10
2023-05-23 10:27:57,722 [Listener at 127.0.0.1/15244] INFO  http.BaseHttpServer (BaseHttpServer.java:newHttpServer2BuilderForOzone(224)) - Starting Web-server for hddsDatanode at: http://0.0.0.0:15281
2023-05-23 10:27:57,722 [Listener at 127.0.0.1/15244] INFO  http.BaseHttpServer (BaseHttpServer.java:<init>(111)) - Hadoop Security Enabled: false Ozone Security Enabled: false Ozone HTTP Security Enabled: false 
2023-05-23 10:27:57,723 [Listener at 127.0.0.1/15244] WARN  server.AuthenticationFilter (AuthenticationFilter.java:constructSecretProvider(240)) - Unable to initialize FileSignerSecretProvider, falling back to use random secrets. Reason: Could not read signature secret file: /home/runner/hadoop-http-auth-signature-secret
2023-05-23 10:27:57,723 [Listener at 127.0.0.1/15244] INFO  http.HttpRequestLog (HttpRequestLog.java:getRequestLog(86)) - Http request log for http.requests.hddsDatanode is not defined
2023-05-23 10:27:57,724 [Listener at 127.0.0.1/15244] INFO  http.HttpServer2 (HttpServer2.java:addGlobalFilter(1031)) - Added global filter 'safety' (class=org.apache.hadoop.hdds.server.http.HttpServer2$QuotingInputFilter)
2023-05-23 10:27:57,726 [Listener at 127.0.0.1/15244] INFO  http.HttpServer2 (HttpServer2.java:addFilter(1007)) - Added filter static_user_filter (class=org.apache.hadoop.http.lib.StaticUserWebFilter$StaticUserFilter) to context hddsDatanode
2023-05-23 10:27:57,726 [Listener at 127.0.0.1/15244] INFO  http.HttpServer2 (HttpServer2.java:addFilter(1015)) - Added filter static_user_filter (class=org.apache.hadoop.http.lib.StaticUserWebFilter$StaticUserFilter) to context static
2023-05-23 10:27:57,726 [Listener at 127.0.0.1/15244] INFO  http.HttpServer2 (HttpServer2.java:addFilter(1015)) - Added filter static_user_filter (class=org.apache.hadoop.http.lib.StaticUserWebFilter$StaticUserFilter) to context logs
2023-05-23 10:27:57,726 [Listener at 127.0.0.1/15244] INFO  http.BaseHttpServer (BaseHttpServer.java:<init>(190)) - HTTP server of hddsDatanode uses base directory /home/runner/work/ozone/ozone/hadoop-ozone/integration-test/target/test-dir/MiniOzoneClusterImpl-61d3b935-36cd-4496-a441-eee01f8c564c/datanode-4/meta/webserver
2023-05-23 10:27:57,728 [Listener at 127.0.0.1/15244] INFO  http.HttpServer2 (HttpServer2.java:bindListener(1250)) - Jetty bound to port 15281
2023-05-23 10:27:57,728 [Listener at 127.0.0.1/15244] INFO  server.Server (Server.java:doStart(375)) - jetty-9.4.51.v20230217; built: 2023-02-17T08:19:37.309Z; git: b45c405e4544384de066f814ed42ae3dceacdd49; jvm 1.8.0_362-b09
2023-05-23 10:27:57,729 [Listener at 127.0.0.1/15244] INFO  server.session (DefaultSessionIdManager.java:doStart(334)) - DefaultSessionIdManager workerName=node0
2023-05-23 10:27:57,729 [Listener at 127.0.0.1/15244] INFO  server.session (DefaultSessionIdManager.java:doStart(339)) - No SessionScavenger set, using defaults
2023-05-23 10:27:57,729 [Listener at 127.0.0.1/15244] INFO  server.session (HouseKeeper.java:startScavenging(132)) - node0 Scavenging every 600000ms
2023-05-23 10:27:57,734 [Listener at 127.0.0.1/15244] INFO  handler.ContextHandler (ContextHandler.java:doStart(921)) - Started o.e.j.s.ServletContextHandler@44a6f1b9{logs,/logs,file:///home/runner/work/ozone/ozone/hadoop-ozone/integration-test/target/log,AVAILABLE}
2023-05-23 10:27:57,734 [Listener at 127.0.0.1/15244] INFO  handler.ContextHandler (ContextHandler.java:doStart(921)) - Started o.e.j.s.ServletContextHandler@1ce75c5f{static,/static,jar:file:/home/runner/.m2/repository/org/apache/ozone/hdds-container-service/1.4.0-SNAPSHOT/hdds-container-service-1.4.0-SNAPSHOT.jar!/webapps/static,AVAILABLE}
2023-05-23 10:27:57,958 [Listener at 127.0.0.1/15244] INFO  handler.ContextHandler (ContextHandler.java:doStart(921)) - Started o.e.j.w.WebAppContext@6818d5bd{hddsDatanode,/,file:///home/runner/work/ozone/ozone/hadoop-ozone/integration-test/target/test-dir/MiniOzoneClusterImpl-61d3b935-36cd-4496-a441-eee01f8c564c/datanode-4/meta/webserver/jetty-0_0_0_0-15281-hdds-container-service-1_4_0-SNAPSHOT_jar-_-any-3955270041615120766/webapp/,AVAILABLE}{jar:file:/home/runner/.m2/repository/org/apache/ozone/hdds-container-service/1.4.0-SNAPSHOT/hdds-container-service-1.4.0-SNAPSHOT.jar!/webapps/hddsDatanode}
2023-05-23 10:27:57,959 [Listener at 127.0.0.1/15244] INFO  server.AbstractConnector (AbstractConnector.java:doStart(333)) - Started ServerConnector@14b8b4a1{HTTP/1.1, (http/1.1)}{0.0.0.0:15281}
2023-05-23 10:27:57,960 [Listener at 127.0.0.1/15244] INFO  server.Server (Server.java:doStart(415)) - Started @211011ms
2023-05-23 10:27:57,960 [Listener at 127.0.0.1/15244] WARN  impl.MetricsSystemImpl (MetricsSystemImpl.java:register(279)) - Sink prometheus already exists!
2023-05-23 10:27:57,960 [Listener at 127.0.0.1/15244] INFO  http.BaseHttpServer (BaseHttpServer.java:updateConnectorAddress(344)) - HTTP server of hddsDatanode listening at http://0.0.0.0:15281
2023-05-23 10:27:57,961 [Datanode State Machine Daemon Thread] INFO  statemachine.DatanodeStateMachine (DatanodeStateMachine.java:lambda$startDaemon$0(524)) - Ozone container server started.
2023-05-23 10:27:57,961 [Listener at 127.0.0.1/15244] INFO  ozone.MiniOzoneClusterImpl (MiniOzoneClusterImpl.java:lambda$waitForClusterToBeReady$0(222)) - Waiting for nodes to be ready. Got 0 of 5 DN Heartbeats.
2023-05-23 10:27:57,962 [Listener at 127.0.0.1/15244] INFO  ozone.MiniOzoneClusterImpl (MiniOzoneClusterImpl.java:lambda$waitForClusterToBeReady$0(225)) - Waiting for cluster to exit safe mode
2023-05-23 10:27:57,962 [Listener at 127.0.0.1/15244] INFO  ozone.MiniOzoneClusterImpl (MiniOzoneClusterImpl.java:lambda$waitForClusterToBeReady$0(227)) - SCM became leader
2023-05-23 10:27:57,963 [org.apache.hadoop.util.JvmPauseMonitor$Monitor@65399ed0] INFO  util.JvmPauseMonitor (JvmPauseMonitor.java:run(188)) - Starting JVM pause monitor
2023-05-23 10:27:57,965 [Datanode State Machine Task Thread - 0] INFO  datanode.InitDatanodeState (InitDatanodeState.java:persistContainerDatanodeDetails(138)) - DatanodeDetails is persisted to /home/runner/work/ozone/ozone/hadoop-ozone/integration-test/target/test-dir/MiniOzoneClusterImpl-61d3b935-36cd-4496-a441-eee01f8c564c/datanode-4/meta/datanode.id
2023-05-23 10:27:58,349 [ReplicationMonitor] INFO  replication.ReplicationManager (ReplicationManager.java:processAll(375)) - Replication Manager is not ready to run until 3000ms after safemode exit
2023-05-23 10:27:58,704 [EndpointStateMachine task thread for /0.0.0.0:15242 - 0 ] INFO  utils.DatanodeStoreCache (DatanodeStoreCache.java:addDB(66)) - Added db /home/runner/work/ozone/ozone/hadoop-ozone/integration-test/target/test-dir/MiniOzoneClusterImpl-61d3b935-36cd-4496-a441-eee01f8c564c/datanode-0/data-0/containers/hdds/61d3b935-36cd-4496-a441-eee01f8c564c/DS-d935d152-0a56-4081-9092-8ae59fa77d35/container.db to cache
2023-05-23 10:27:58,704 [EndpointStateMachine task thread for /0.0.0.0:15242 - 0 ] INFO  volume.HddsVolume (HddsVolume.java:createDbStore(350)) - SchemaV3 db is created and loaded at /home/runner/work/ozone/ozone/hadoop-ozone/integration-test/target/test-dir/MiniOzoneClusterImpl-61d3b935-36cd-4496-a441-eee01f8c564c/datanode-0/data-0/containers/hdds/61d3b935-36cd-4496-a441-eee01f8c564c/DS-d935d152-0a56-4081-9092-8ae59fa77d35/container.db for volume DS-d935d152-0a56-4081-9092-8ae59fa77d35
2023-05-23 10:27:58,705 [EndpointStateMachine task thread for /0.0.0.0:15242 - 0 ] INFO  ozoneimpl.OzoneContainer (OzoneContainer.java:start(397)) - Attempting to start container services.
2023-05-23 10:27:58,705 [EndpointStateMachine task thread for /0.0.0.0:15242 - 0 ] INFO  ozoneimpl.OzoneContainer (OzoneContainer.java:startContainerScrub(314)) - Scheduled background container scanners and the on-demand container scanner have been disabled.
2023-05-23 10:27:58,706 [EndpointStateMachine task thread for /0.0.0.0:15242 - 0 ] INFO  replication.ReplicationServer (ReplicationServer.java:start(128)) - ReplicationServer is started using port 15255
2023-05-23 10:27:58,706 [EndpointStateMachine task thread for /0.0.0.0:15242 - 0 ] INFO  ratis.XceiverServerRatis (XceiverServerRatis.java:start(517)) - Starting XceiverServerRatis a469ef55-9a66-4c89-903c-187a01270f46
2023-05-23 10:27:58,707 [EndpointStateMachine task thread for /0.0.0.0:15242 - 0 ] INFO  server.RaftServer (RaftServerProxy.java:startImpl(400)) - a469ef55-9a66-4c89-903c-187a01270f46: start RPC server
2023-05-23 10:27:58,708 [EndpointStateMachine task thread for /0.0.0.0:15242 - 0 ] INFO  server.GrpcService (GrpcService.java:startImpl(302)) - a469ef55-9a66-4c89-903c-187a01270f46: GrpcService started, listening on 15251
2023-05-23 10:27:58,709 [EndpointStateMachine task thread for /0.0.0.0:15242 - 0 ] INFO  server.GrpcService (GrpcService.java:startImpl(302)) - a469ef55-9a66-4c89-903c-187a01270f46: GrpcService started, listening on 15253
2023-05-23 10:27:58,709 [EndpointStateMachine task thread for /0.0.0.0:15242 - 0 ] INFO  server.GrpcService (GrpcService.java:startImpl(302)) - a469ef55-9a66-4c89-903c-187a01270f46: GrpcService started, listening on 15252
2023-05-23 10:27:58,710 [EndpointStateMachine task thread for /0.0.0.0:15242 - 0 ] INFO  ratis.XceiverServerRatis (XceiverServerRatis.java:getRealPort(543)) - XceiverServerRatis a469ef55-9a66-4c89-903c-187a01270f46 is started using port 15251 for RATIS
2023-05-23 10:27:58,710 [EndpointStateMachine task thread for /0.0.0.0:15242 - 0 ] INFO  ratis.XceiverServerRatis (XceiverServerRatis.java:getRealPort(543)) - XceiverServerRatis a469ef55-9a66-4c89-903c-187a01270f46 is started using port 15252 for RATIS_ADMIN
2023-05-23 10:27:58,710 [JvmPauseMonitor31] INFO  util.JvmPauseMonitor (JvmPauseMonitor.java:run(103)) - JvmPauseMonitor-a469ef55-9a66-4c89-903c-187a01270f46: Started
2023-05-23 10:27:58,710 [EndpointStateMachine task thread for /0.0.0.0:15242 - 0 ] INFO  ratis.XceiverServerRatis (XceiverServerRatis.java:getRealPort(543)) - XceiverServerRatis a469ef55-9a66-4c89-903c-187a01270f46 is started using port 15253 for RATIS_SERVER
2023-05-23 10:27:58,710 [EndpointStateMachine task thread for /0.0.0.0:15242 - 0 ] INFO  ratis.XceiverServerRatis (XceiverServerRatis.java:getRealPort(543)) - XceiverServerRatis a469ef55-9a66-4c89-903c-187a01270f46 is started using port 15254 for RATIS_DATASTREAM
2023-05-23 10:27:58,711 [BlockDeletingService#0] INFO  interfaces.ContainerDeletionChoosingPolicyTemplate (ContainerDeletionChoosingPolicyTemplate.java:chooseContainerForBlockDeletion(83)) - Chosen 0/5000 blocks from 0 candidate containers.
2023-05-23 10:27:58,963 [Listener at 127.0.0.1/15244] INFO  ozone.MiniOzoneClusterImpl (MiniOzoneClusterImpl.java:lambda$waitForClusterToBeReady$0(222)) - Waiting for nodes to be ready. Got 0 of 5 DN Heartbeats.
2023-05-23 10:27:58,963 [Listener at 127.0.0.1/15244] INFO  ozone.MiniOzoneClusterImpl (MiniOzoneClusterImpl.java:lambda$waitForClusterToBeReady$0(225)) - Waiting for cluster to exit safe mode
2023-05-23 10:27:58,963 [Listener at 127.0.0.1/15244] INFO  ozone.MiniOzoneClusterImpl (MiniOzoneClusterImpl.java:lambda$waitForClusterToBeReady$0(227)) - SCM became leader
2023-05-23 10:27:59,038 [EndpointStateMachine task thread for /0.0.0.0:15242 - 0 ] INFO  utils.DatanodeStoreCache (DatanodeStoreCache.java:addDB(66)) - Added db /home/runner/work/ozone/ozone/hadoop-ozone/integration-test/target/test-dir/MiniOzoneClusterImpl-61d3b935-36cd-4496-a441-eee01f8c564c/datanode-1/data-0/containers/hdds/61d3b935-36cd-4496-a441-eee01f8c564c/DS-89815a36-be60-4f31-8926-397406b6a6ac/container.db to cache
2023-05-23 10:27:59,038 [EndpointStateMachine task thread for /0.0.0.0:15242 - 0 ] INFO  volume.HddsVolume (HddsVolume.java:createDbStore(350)) - SchemaV3 db is created and loaded at /home/runner/work/ozone/ozone/hadoop-ozone/integration-test/target/test-dir/MiniOzoneClusterImpl-61d3b935-36cd-4496-a441-eee01f8c564c/datanode-1/data-0/containers/hdds/61d3b935-36cd-4496-a441-eee01f8c564c/DS-89815a36-be60-4f31-8926-397406b6a6ac/container.db for volume DS-89815a36-be60-4f31-8926-397406b6a6ac
2023-05-23 10:27:59,039 [EndpointStateMachine task thread for /0.0.0.0:15242 - 0 ] INFO  ozoneimpl.OzoneContainer (OzoneContainer.java:start(397)) - Attempting to start container services.
2023-05-23 10:27:59,039 [EndpointStateMachine task thread for /0.0.0.0:15242 - 0 ] INFO  ozoneimpl.OzoneContainer (OzoneContainer.java:startContainerScrub(314)) - Scheduled background container scanners and the on-demand container scanner have been disabled.
2023-05-23 10:27:59,040 [EndpointStateMachine task thread for /0.0.0.0:15242 - 0 ] INFO  replication.ReplicationServer (ReplicationServer.java:start(128)) - ReplicationServer is started using port 15263
2023-05-23 10:27:59,040 [EndpointStateMachine task thread for /0.0.0.0:15242 - 0 ] INFO  ratis.XceiverServerRatis (XceiverServerRatis.java:start(517)) - Starting XceiverServerRatis 2f994218-547f-400b-b588-7f48010df848
2023-05-23 10:27:59,041 [EndpointStateMachine task thread for /0.0.0.0:15242 - 0 ] INFO  server.RaftServer (RaftServerProxy.java:startImpl(400)) - 2f994218-547f-400b-b588-7f48010df848: start RPC server
2023-05-23 10:27:59,042 [EndpointStateMachine task thread for /0.0.0.0:15242 - 0 ] INFO  server.GrpcService (GrpcService.java:startImpl(302)) - 2f994218-547f-400b-b588-7f48010df848: GrpcService started, listening on 15259
2023-05-23 10:27:59,043 [EndpointStateMachine task thread for /0.0.0.0:15242 - 0 ] INFO  server.GrpcService (GrpcService.java:startImpl(302)) - 2f994218-547f-400b-b588-7f48010df848: GrpcService started, listening on 15261
2023-05-23 10:27:59,044 [EndpointStateMachine task thread for /0.0.0.0:15242 - 0 ] INFO  server.GrpcService (GrpcService.java:startImpl(302)) - 2f994218-547f-400b-b588-7f48010df848: GrpcService started, listening on 15260
2023-05-23 10:27:59,044 [EndpointStateMachine task thread for /0.0.0.0:15242 - 0 ] INFO  ratis.XceiverServerRatis (XceiverServerRatis.java:getRealPort(543)) - XceiverServerRatis 2f994218-547f-400b-b588-7f48010df848 is started using port 15259 for RATIS
2023-05-23 10:27:59,044 [EndpointStateMachine task thread for /0.0.0.0:15242 - 0 ] INFO  ratis.XceiverServerRatis (XceiverServerRatis.java:getRealPort(543)) - XceiverServerRatis 2f994218-547f-400b-b588-7f48010df848 is started using port 15260 for RATIS_ADMIN
2023-05-23 10:27:59,045 [EndpointStateMachine task thread for /0.0.0.0:15242 - 0 ] INFO  ratis.XceiverServerRatis (XceiverServerRatis.java:getRealPort(543)) - XceiverServerRatis 2f994218-547f-400b-b588-7f48010df848 is started using port 15261 for RATIS_SERVER
2023-05-23 10:27:59,045 [JvmPauseMonitor32] INFO  util.JvmPauseMonitor (JvmPauseMonitor.java:run(103)) - JvmPauseMonitor-2f994218-547f-400b-b588-7f48010df848: Started
2023-05-23 10:27:59,045 [EndpointStateMachine task thread for /0.0.0.0:15242 - 0 ] INFO  ratis.XceiverServerRatis (XceiverServerRatis.java:getRealPort(543)) - XceiverServerRatis 2f994218-547f-400b-b588-7f48010df848 is started using port 15262 for RATIS_DATASTREAM
2023-05-23 10:27:59,046 [BlockDeletingService#0] INFO  interfaces.ContainerDeletionChoosingPolicyTemplate (ContainerDeletionChoosingPolicyTemplate.java:chooseContainerForBlockDeletion(83)) - Chosen 0/5000 blocks from 0 candidate containers.
2023-05-23 10:27:59,349 [ReplicationMonitor] INFO  replication.ReplicationManager (ReplicationManager.java:processAll(375)) - Replication Manager is not ready to run until 3000ms after safemode exit
2023-05-23 10:27:59,359 [EndpointStateMachine task thread for /0.0.0.0:15242 - 0 ] INFO  utils.DatanodeStoreCache (DatanodeStoreCache.java:addDB(66)) - Added db /home/runner/work/ozone/ozone/hadoop-ozone/integration-test/target/test-dir/MiniOzoneClusterImpl-61d3b935-36cd-4496-a441-eee01f8c564c/datanode-2/data-0/containers/hdds/61d3b935-36cd-4496-a441-eee01f8c564c/DS-e2633ad9-0474-4eb8-800a-585c155f45d0/container.db to cache
2023-05-23 10:27:59,359 [EndpointStateMachine task thread for /0.0.0.0:15242 - 0 ] INFO  volume.HddsVolume (HddsVolume.java:createDbStore(350)) - SchemaV3 db is created and loaded at /home/runner/work/ozone/ozone/hadoop-ozone/integration-test/target/test-dir/MiniOzoneClusterImpl-61d3b935-36cd-4496-a441-eee01f8c564c/datanode-2/data-0/containers/hdds/61d3b935-36cd-4496-a441-eee01f8c564c/DS-e2633ad9-0474-4eb8-800a-585c155f45d0/container.db for volume DS-e2633ad9-0474-4eb8-800a-585c155f45d0
2023-05-23 10:27:59,359 [EndpointStateMachine task thread for /0.0.0.0:15242 - 0 ] INFO  ozoneimpl.OzoneContainer (OzoneContainer.java:start(397)) - Attempting to start container services.
2023-05-23 10:27:59,359 [EndpointStateMachine task thread for /0.0.0.0:15242 - 0 ] INFO  ozoneimpl.OzoneContainer (OzoneContainer.java:startContainerScrub(314)) - Scheduled background container scanners and the on-demand container scanner have been disabled.
2023-05-23 10:27:59,360 [EndpointStateMachine task thread for /0.0.0.0:15242 - 0 ] INFO  replication.ReplicationServer (ReplicationServer.java:start(128)) - ReplicationServer is started using port 15271
2023-05-23 10:27:59,361 [EndpointStateMachine task thread for /0.0.0.0:15242 - 0 ] INFO  ratis.XceiverServerRatis (XceiverServerRatis.java:start(517)) - Starting XceiverServerRatis 3ac7e479-6b2c-4ad1-9d02-9355b26abab7
2023-05-23 10:27:59,361 [EndpointStateMachine task thread for /0.0.0.0:15242 - 0 ] INFO  server.RaftServer (RaftServerProxy.java:startImpl(400)) - 3ac7e479-6b2c-4ad1-9d02-9355b26abab7: start RPC server
2023-05-23 10:27:59,369 [EndpointStateMachine task thread for /0.0.0.0:15242 - 0 ] INFO  server.GrpcService (GrpcService.java:startImpl(302)) - 3ac7e479-6b2c-4ad1-9d02-9355b26abab7: GrpcService started, listening on 15267
2023-05-23 10:27:59,373 [EndpointStateMachine task thread for /0.0.0.0:15242 - 0 ] INFO  server.GrpcService (GrpcService.java:startImpl(302)) - 3ac7e479-6b2c-4ad1-9d02-9355b26abab7: GrpcService started, listening on 15269
2023-05-23 10:27:59,374 [EndpointStateMachine task thread for /0.0.0.0:15242 - 0 ] INFO  server.GrpcService (GrpcService.java:startImpl(302)) - 3ac7e479-6b2c-4ad1-9d02-9355b26abab7: GrpcService started, listening on 15268
2023-05-23 10:27:59,374 [EndpointStateMachine task thread for /0.0.0.0:15242 - 0 ] INFO  ratis.XceiverServerRatis (XceiverServerRatis.java:getRealPort(543)) - XceiverServerRatis 3ac7e479-6b2c-4ad1-9d02-9355b26abab7 is started using port 15267 for RATIS
2023-05-23 10:27:59,374 [EndpointStateMachine task thread for /0.0.0.0:15242 - 0 ] INFO  ratis.XceiverServerRatis (XceiverServerRatis.java:getRealPort(543)) - XceiverServerRatis 3ac7e479-6b2c-4ad1-9d02-9355b26abab7 is started using port 15268 for RATIS_ADMIN
2023-05-23 10:27:59,374 [JvmPauseMonitor33] INFO  util.JvmPauseMonitor (JvmPauseMonitor.java:run(103)) - JvmPauseMonitor-3ac7e479-6b2c-4ad1-9d02-9355b26abab7: Started
2023-05-23 10:27:59,374 [EndpointStateMachine task thread for /0.0.0.0:15242 - 0 ] INFO  ratis.XceiverServerRatis (XceiverServerRatis.java:getRealPort(543)) - XceiverServerRatis 3ac7e479-6b2c-4ad1-9d02-9355b26abab7 is started using port 15269 for RATIS_SERVER
2023-05-23 10:27:59,374 [EndpointStateMachine task thread for /0.0.0.0:15242 - 0 ] INFO  ratis.XceiverServerRatis (XceiverServerRatis.java:getRealPort(543)) - XceiverServerRatis 3ac7e479-6b2c-4ad1-9d02-9355b26abab7 is started using port 15270 for RATIS_DATASTREAM
2023-05-23 10:27:59,378 [BlockDeletingService#0] INFO  interfaces.ContainerDeletionChoosingPolicyTemplate (ContainerDeletionChoosingPolicyTemplate.java:chooseContainerForBlockDeletion(83)) - Chosen 0/5000 blocks from 0 candidate containers.
2023-05-23 10:27:59,690 [EndpointStateMachine task thread for /0.0.0.0:15242 - 0 ] INFO  utils.DatanodeStoreCache (DatanodeStoreCache.java:addDB(66)) - Added db /home/runner/work/ozone/ozone/hadoop-ozone/integration-test/target/test-dir/MiniOzoneClusterImpl-61d3b935-36cd-4496-a441-eee01f8c564c/datanode-3/data-0/containers/hdds/61d3b935-36cd-4496-a441-eee01f8c564c/DS-c7e48c54-6533-41e5-920f-b15e61bb81e2/container.db to cache
2023-05-23 10:27:59,690 [EndpointStateMachine task thread for /0.0.0.0:15242 - 0 ] INFO  volume.HddsVolume (HddsVolume.java:createDbStore(350)) - SchemaV3 db is created and loaded at /home/runner/work/ozone/ozone/hadoop-ozone/integration-test/target/test-dir/MiniOzoneClusterImpl-61d3b935-36cd-4496-a441-eee01f8c564c/datanode-3/data-0/containers/hdds/61d3b935-36cd-4496-a441-eee01f8c564c/DS-c7e48c54-6533-41e5-920f-b15e61bb81e2/container.db for volume DS-c7e48c54-6533-41e5-920f-b15e61bb81e2
2023-05-23 10:27:59,690 [EndpointStateMachine task thread for /0.0.0.0:15242 - 0 ] INFO  ozoneimpl.OzoneContainer (OzoneContainer.java:start(397)) - Attempting to start container services.
2023-05-23 10:27:59,690 [EndpointStateMachine task thread for /0.0.0.0:15242 - 0 ] INFO  ozoneimpl.OzoneContainer (OzoneContainer.java:startContainerScrub(314)) - Scheduled background container scanners and the on-demand container scanner have been disabled.
2023-05-23 10:27:59,693 [EndpointStateMachine task thread for /0.0.0.0:15242 - 0 ] INFO  replication.ReplicationServer (ReplicationServer.java:start(128)) - ReplicationServer is started using port 15279
2023-05-23 10:27:59,693 [EndpointStateMachine task thread for /0.0.0.0:15242 - 0 ] INFO  ratis.XceiverServerRatis (XceiverServerRatis.java:start(517)) - Starting XceiverServerRatis d6ba1385-1418-4053-92a8-092c511516c2
2023-05-23 10:27:59,693 [EndpointStateMachine task thread for /0.0.0.0:15242 - 0 ] INFO  server.RaftServer (RaftServerProxy.java:startImpl(400)) - d6ba1385-1418-4053-92a8-092c511516c2: start RPC server
2023-05-23 10:27:59,694 [EndpointStateMachine task thread for /0.0.0.0:15242 - 0 ] INFO  server.GrpcService (GrpcService.java:startImpl(302)) - d6ba1385-1418-4053-92a8-092c511516c2: GrpcService started, listening on 15275
2023-05-23 10:27:59,695 [EndpointStateMachine task thread for /0.0.0.0:15242 - 0 ] INFO  server.GrpcService (GrpcService.java:startImpl(302)) - d6ba1385-1418-4053-92a8-092c511516c2: GrpcService started, listening on 15277
2023-05-23 10:27:59,702 [EndpointStateMachine task thread for /0.0.0.0:15242 - 0 ] INFO  server.GrpcService (GrpcService.java:startImpl(302)) - d6ba1385-1418-4053-92a8-092c511516c2: GrpcService started, listening on 15276
2023-05-23 10:27:59,703 [EndpointStateMachine task thread for /0.0.0.0:15242 - 0 ] INFO  ratis.XceiverServerRatis (XceiverServerRatis.java:getRealPort(543)) - XceiverServerRatis d6ba1385-1418-4053-92a8-092c511516c2 is started using port 15275 for RATIS
2023-05-23 10:27:59,703 [EndpointStateMachine task thread for /0.0.0.0:15242 - 0 ] INFO  ratis.XceiverServerRatis (XceiverServerRatis.java:getRealPort(543)) - XceiverServerRatis d6ba1385-1418-4053-92a8-092c511516c2 is started using port 15276 for RATIS_ADMIN
2023-05-23 10:27:59,703 [JvmPauseMonitor34] INFO  util.JvmPauseMonitor (JvmPauseMonitor.java:run(103)) - JvmPauseMonitor-d6ba1385-1418-4053-92a8-092c511516c2: Started
2023-05-23 10:27:59,703 [EndpointStateMachine task thread for /0.0.0.0:15242 - 0 ] INFO  ratis.XceiverServerRatis (XceiverServerRatis.java:getRealPort(543)) - XceiverServerRatis d6ba1385-1418-4053-92a8-092c511516c2 is started using port 15277 for RATIS_SERVER
2023-05-23 10:27:59,703 [EndpointStateMachine task thread for /0.0.0.0:15242 - 0 ] INFO  ratis.XceiverServerRatis (XceiverServerRatis.java:getRealPort(543)) - XceiverServerRatis d6ba1385-1418-4053-92a8-092c511516c2 is started using port 15278 for RATIS_DATASTREAM
2023-05-23 10:27:59,705 [BlockDeletingService#0] INFO  interfaces.ContainerDeletionChoosingPolicyTemplate (ContainerDeletionChoosingPolicyTemplate.java:chooseContainerForBlockDeletion(83)) - Chosen 0/5000 blocks from 0 candidate containers.
2023-05-23 10:27:59,963 [Listener at 127.0.0.1/15244] INFO  ozone.MiniOzoneClusterImpl (MiniOzoneClusterImpl.java:lambda$waitForClusterToBeReady$0(222)) - Waiting for nodes to be ready. Got 0 of 5 DN Heartbeats.
2023-05-23 10:27:59,963 [Listener at 127.0.0.1/15244] INFO  ozone.MiniOzoneClusterImpl (MiniOzoneClusterImpl.java:lambda$waitForClusterToBeReady$0(225)) - Waiting for cluster to exit safe mode
2023-05-23 10:27:59,963 [Listener at 127.0.0.1/15244] INFO  ozone.MiniOzoneClusterImpl (MiniOzoneClusterImpl.java:lambda$waitForClusterToBeReady$0(227)) - SCM became leader
2023-05-23 10:28:00,002 [EndpointStateMachine task thread for /0.0.0.0:15242 - 0 ] INFO  utils.DatanodeStoreCache (DatanodeStoreCache.java:addDB(66)) - Added db /home/runner/work/ozone/ozone/hadoop-ozone/integration-test/target/test-dir/MiniOzoneClusterImpl-61d3b935-36cd-4496-a441-eee01f8c564c/datanode-4/data-0/containers/hdds/61d3b935-36cd-4496-a441-eee01f8c564c/DS-b3dec9d9-8d3c-42d3-901a-73cd497ab66a/container.db to cache
2023-05-23 10:28:00,002 [EndpointStateMachine task thread for /0.0.0.0:15242 - 0 ] INFO  volume.HddsVolume (HddsVolume.java:createDbStore(350)) - SchemaV3 db is created and loaded at /home/runner/work/ozone/ozone/hadoop-ozone/integration-test/target/test-dir/MiniOzoneClusterImpl-61d3b935-36cd-4496-a441-eee01f8c564c/datanode-4/data-0/containers/hdds/61d3b935-36cd-4496-a441-eee01f8c564c/DS-b3dec9d9-8d3c-42d3-901a-73cd497ab66a/container.db for volume DS-b3dec9d9-8d3c-42d3-901a-73cd497ab66a
2023-05-23 10:28:00,003 [EndpointStateMachine task thread for /0.0.0.0:15242 - 0 ] INFO  ozoneimpl.OzoneContainer (OzoneContainer.java:start(397)) - Attempting to start container services.
2023-05-23 10:28:00,003 [EndpointStateMachine task thread for /0.0.0.0:15242 - 0 ] INFO  ozoneimpl.OzoneContainer (OzoneContainer.java:startContainerScrub(314)) - Scheduled background container scanners and the on-demand container scanner have been disabled.
2023-05-23 10:28:00,006 [EndpointStateMachine task thread for /0.0.0.0:15242 - 0 ] INFO  replication.ReplicationServer (ReplicationServer.java:start(128)) - ReplicationServer is started using port 15287
2023-05-23 10:28:00,006 [EndpointStateMachine task thread for /0.0.0.0:15242 - 0 ] INFO  ratis.XceiverServerRatis (XceiverServerRatis.java:start(517)) - Starting XceiverServerRatis bcab7f0f-7790-4a04-bb65-53c00937b84b
2023-05-23 10:28:00,007 [EndpointStateMachine task thread for /0.0.0.0:15242 - 0 ] INFO  server.RaftServer (RaftServerProxy.java:startImpl(400)) - bcab7f0f-7790-4a04-bb65-53c00937b84b: start RPC server
2023-05-23 10:28:00,008 [EndpointStateMachine task thread for /0.0.0.0:15242 - 0 ] INFO  server.GrpcService (GrpcService.java:startImpl(302)) - bcab7f0f-7790-4a04-bb65-53c00937b84b: GrpcService started, listening on 15283
2023-05-23 10:28:00,009 [EndpointStateMachine task thread for /0.0.0.0:15242 - 0 ] INFO  server.GrpcService (GrpcService.java:startImpl(302)) - bcab7f0f-7790-4a04-bb65-53c00937b84b: GrpcService started, listening on 15285
2023-05-23 10:28:00,010 [EndpointStateMachine task thread for /0.0.0.0:15242 - 0 ] INFO  server.GrpcService (GrpcService.java:startImpl(302)) - bcab7f0f-7790-4a04-bb65-53c00937b84b: GrpcService started, listening on 15284
2023-05-23 10:28:00,010 [EndpointStateMachine task thread for /0.0.0.0:15242 - 0 ] INFO  ratis.XceiverServerRatis (XceiverServerRatis.java:getRealPort(543)) - XceiverServerRatis bcab7f0f-7790-4a04-bb65-53c00937b84b is started using port 15283 for RATIS
2023-05-23 10:28:00,010 [EndpointStateMachine task thread for /0.0.0.0:15242 - 0 ] INFO  ratis.XceiverServerRatis (XceiverServerRatis.java:getRealPort(543)) - XceiverServerRatis bcab7f0f-7790-4a04-bb65-53c00937b84b is started using port 15284 for RATIS_ADMIN
2023-05-23 10:28:00,010 [JvmPauseMonitor35] INFO  util.JvmPauseMonitor (JvmPauseMonitor.java:run(103)) - JvmPauseMonitor-bcab7f0f-7790-4a04-bb65-53c00937b84b: Started
2023-05-23 10:28:00,010 [EndpointStateMachine task thread for /0.0.0.0:15242 - 0 ] INFO  ratis.XceiverServerRatis (XceiverServerRatis.java:getRealPort(543)) - XceiverServerRatis bcab7f0f-7790-4a04-bb65-53c00937b84b is started using port 15285 for RATIS_SERVER
2023-05-23 10:28:00,011 [EndpointStateMachine task thread for /0.0.0.0:15242 - 0 ] INFO  ratis.XceiverServerRatis (XceiverServerRatis.java:getRealPort(543)) - XceiverServerRatis bcab7f0f-7790-4a04-bb65-53c00937b84b is started using port 15286 for RATIS_DATASTREAM
2023-05-23 10:28:00,012 [BlockDeletingService#0] INFO  interfaces.ContainerDeletionChoosingPolicyTemplate (ContainerDeletionChoosingPolicyTemplate.java:chooseContainerForBlockDeletion(83)) - Chosen 0/5000 blocks from 0 candidate containers.
2023-05-23 10:28:00,350 [ReplicationMonitor] INFO  replication.ReplicationManager (ReplicationManager.java:processAll(375)) - Replication Manager is not ready to run until 3000ms after safemode exit
2023-05-23 10:28:00,649 [IPC Server handler 0 on default port 15242] INFO  net.NetworkTopologyImpl (NetworkTopologyImpl.java:add(112)) - Added a new node: /default-rack/a469ef55-9a66-4c89-903c-187a01270f46
2023-05-23 10:28:00,649 [IPC Server handler 0 on default port 15242] INFO  node.SCMNodeManager (SCMNodeManager.java:register(407)) - Registered Data node : a469ef55-9a66-4c89-903c-187a01270f46{ip: 10.1.0.38, host: fv-az1249-304, ports: [HTTP=15249, REPLICATION=15255, RATIS=15251, RATIS_ADMIN=15252, RATIS_SERVER=15253, RATIS_DATASTREAM=15254, STANDALONE=15250], networkLocation: /default-rack, certSerialId: null, persistedOpState: null, persistedOpStateExpiryEpochSec: 0}
2023-05-23 10:28:00,652 [EventQueue-NodeRegistrationContainerReportForContainerSafeModeRule] INFO  safemode.SCMSafeModeManager (SCMSafeModeManager.java:validateSafeModeExitRules(200)) - ContainerSafeModeRule rule is successfully validated
2023-05-23 10:28:00,653 [EventQueue-NodeRegistrationContainerReportForDataNodeSafeModeRule] INFO  safemode.SCMSafeModeManager (DataNodeSafeModeRule.java:process(71)) - SCM in safe mode. 1 DataNodes registered, 3 required.
2023-05-23 10:28:00,658 [EventQueue-PipelineReportForOneReplicaPipelineSafeModeRule] INFO  safemode.SCMSafeModeManager (SCMSafeModeManager.java:validateSafeModeExitRules(200)) - AtleastOneDatanodeReportedRule rule is successfully validated
2023-05-23 10:28:00,661 [EventQueue-NewNodeForNewNodeHandler] INFO  pipeline.BackgroundPipelineCreator (BackgroundPipelineCreator.java:notifyEventTriggered(276)) - trigger a one-shot run on RatisPipelineUtilsThread.
2023-05-23 10:28:00,661 [RatisPipelineUtilsThread - 0] INFO  pipeline.RatisPipelineProvider (RatisPipelineProvider.java:lambda$create$0(206)) - Sending CreatePipelineCommand for pipeline:PipelineID=f1381232-f8aa-4d64-9bf5-c9847b6d8720 to datanode:a469ef55-9a66-4c89-903c-187a01270f46
2023-05-23 10:28:00,665 [RatisPipelineUtilsThread - 0] INFO  pipeline.PipelineStateManagerImpl (PipelineStateManagerImpl.java:addPipeline(103)) - Created pipeline Pipeline[ Id: f1381232-f8aa-4d64-9bf5-c9847b6d8720, Nodes: a469ef55-9a66-4c89-903c-187a01270f46(fv-az1249-304/10.1.0.38), ReplicationConfig: RATIS/ONE, State:ALLOCATED, leaderId:, CreationTimestamp2023-05-23T10:28:00.661Z[Etc/UTC]].
2023-05-23 10:28:00,963 [Listener at 127.0.0.1/15244] INFO  ozone.MiniOzoneClusterImpl (MiniOzoneClusterImpl.java:lambda$waitForClusterToBeReady$0(222)) - Waiting for nodes to be ready. Got 1 of 5 DN Heartbeats.
2023-05-23 10:28:00,964 [Listener at 127.0.0.1/15244] INFO  ozone.MiniOzoneClusterImpl (MiniOzoneClusterImpl.java:lambda$waitForClusterToBeReady$0(225)) - Waiting for cluster to exit safe mode
2023-05-23 10:28:00,964 [Listener at 127.0.0.1/15244] INFO  ozone.MiniOzoneClusterImpl (MiniOzoneClusterImpl.java:lambda$waitForClusterToBeReady$0(227)) - SCM became leader
2023-05-23 10:28:01,001 [IPC Server handler 2 on default port 15242] INFO  net.NetworkTopologyImpl (NetworkTopologyImpl.java:add(112)) - Added a new node: /default-rack/2f994218-547f-400b-b588-7f48010df848
2023-05-23 10:28:01,002 [IPC Server handler 2 on default port 15242] INFO  node.SCMNodeManager (SCMNodeManager.java:register(407)) - Registered Data node : 2f994218-547f-400b-b588-7f48010df848{ip: 10.1.0.38, host: fv-az1249-304, ports: [HTTP=15257, REPLICATION=15263, RATIS=15259, RATIS_ADMIN=15260, RATIS_SERVER=15261, RATIS_DATASTREAM=15262, STANDALONE=15258], networkLocation: /default-rack, certSerialId: null, persistedOpState: null, persistedOpStateExpiryEpochSec: 0}
2023-05-23 10:28:01,003 [EventQueue-NewNodeForNewNodeHandler] INFO  pipeline.BackgroundPipelineCreator (BackgroundPipelineCreator.java:notifyEventTriggered(276)) - trigger a one-shot run on RatisPipelineUtilsThread.
2023-05-23 10:28:01,004 [EventQueue-NodeRegistrationContainerReportForDataNodeSafeModeRule] INFO  safemode.SCMSafeModeManager (DataNodeSafeModeRule.java:process(71)) - SCM in safe mode. 2 DataNodes registered, 3 required.
2023-05-23 10:28:01,004 [RatisPipelineUtilsThread - 0] INFO  pipeline.RatisPipelineProvider (RatisPipelineProvider.java:lambda$create$0(206)) - Sending CreatePipelineCommand for pipeline:PipelineID=3c6d9ab7-6cba-4c07-ae1b-37b4e9cd4966 to datanode:2f994218-547f-400b-b588-7f48010df848
2023-05-23 10:28:01,004 [RatisPipelineUtilsThread - 0] INFO  pipeline.PipelineStateManagerImpl (PipelineStateManagerImpl.java:addPipeline(103)) - Created pipeline Pipeline[ Id: 3c6d9ab7-6cba-4c07-ae1b-37b4e9cd4966, Nodes: 2f994218-547f-400b-b588-7f48010df848(fv-az1249-304/10.1.0.38), ReplicationConfig: RATIS/ONE, State:ALLOCATED, leaderId:, CreationTimestamp2023-05-23T10:28:01.004Z[Etc/UTC]].
2023-05-23 10:28:01,321 [IPC Server handler 3 on default port 15242] INFO  net.NetworkTopologyImpl (NetworkTopologyImpl.java:add(112)) - Added a new node: /default-rack/3ac7e479-6b2c-4ad1-9d02-9355b26abab7
2023-05-23 10:28:01,322 [IPC Server handler 3 on default port 15242] INFO  node.SCMNodeManager (SCMNodeManager.java:register(407)) - Registered Data node : 3ac7e479-6b2c-4ad1-9d02-9355b26abab7{ip: 10.1.0.38, host: fv-az1249-304, ports: [HTTP=15265, REPLICATION=15271, RATIS=15267, RATIS_ADMIN=15268, RATIS_SERVER=15269, RATIS_DATASTREAM=15270, STANDALONE=15266], networkLocation: /default-rack, certSerialId: null, persistedOpState: null, persistedOpStateExpiryEpochSec: 0}
2023-05-23 10:28:01,323 [EventQueue-NodeRegistrationContainerReportForDataNodeSafeModeRule] INFO  safemode.SCMSafeModeManager (DataNodeSafeModeRule.java:process(71)) - SCM in safe mode. 3 DataNodes registered, 3 required.
2023-05-23 10:28:01,323 [EventQueue-NodeRegistrationContainerReportForDataNodeSafeModeRule] INFO  safemode.SCMSafeModeManager (SCMSafeModeManager.java:validateSafeModeExitRules(200)) - DataNodeSafeModeRule rule is successfully validated
2023-05-23 10:28:01,323 [EventQueue-NodeRegistrationContainerReportForDataNodeSafeModeRule] INFO  safemode.SCMSafeModeManager (SCMSafeModeManager.java:completePreCheck(229)) - All SCM safe mode pre check rules have passed
2023-05-23 10:28:01,323 [EventQueue-NodeRegistrationContainerReportForDataNodeSafeModeRule] INFO  ha.SCMContext (SCMContext.java:updateSafeModeStatus(228)) - Update SafeModeStatus from SafeModeStatus{safeModeStatus=true, preCheckPassed=false} to SafeModeStatus{safeModeStatus=true, preCheckPassed=true}.
2023-05-23 10:28:01,323 [EventQueue-NodeRegistrationContainerReportForDataNodeSafeModeRule] INFO  pipeline.BackgroundPipelineCreator (BackgroundPipelineCreator.java:notifyEventTriggered(276)) - trigger a one-shot run on RatisPipelineUtilsThread.
2023-05-23 10:28:01,324 [EventQueue-NewNodeForNewNodeHandler] INFO  pipeline.BackgroundPipelineCreator (BackgroundPipelineCreator.java:notifyEventTriggered(276)) - trigger a one-shot run on RatisPipelineUtilsThread.
2023-05-23 10:28:01,324 [RatisPipelineUtilsThread - 0] INFO  pipeline.RatisPipelineProvider (RatisPipelineProvider.java:lambda$create$0(206)) - Sending CreatePipelineCommand for pipeline:PipelineID=0d3d0269-def1-4ac0-9aa8-baaefd41ddfe to datanode:3ac7e479-6b2c-4ad1-9d02-9355b26abab7
2023-05-23 10:28:01,325 [RatisPipelineUtilsThread - 0] INFO  pipeline.PipelineStateManagerImpl (PipelineStateManagerImpl.java:addPipeline(103)) - Created pipeline Pipeline[ Id: 0d3d0269-def1-4ac0-9aa8-baaefd41ddfe, Nodes: 3ac7e479-6b2c-4ad1-9d02-9355b26abab7(fv-az1249-304/10.1.0.38), ReplicationConfig: RATIS/ONE, State:ALLOCATED, leaderId:, CreationTimestamp2023-05-23T10:28:01.324Z[Etc/UTC]].
2023-05-23 10:28:01,325 [RatisPipelineUtilsThread - 0] INFO  pipeline.RatisPipelineProvider (RatisPipelineProvider.java:lambda$create$0(206)) - Sending CreatePipelineCommand for pipeline:PipelineID=221d147b-12b5-45ed-b68f-4de6e43f8739 to datanode:2f994218-547f-400b-b588-7f48010df848
2023-05-23 10:28:01,325 [RatisPipelineUtilsThread - 0] INFO  pipeline.RatisPipelineProvider (RatisPipelineProvider.java:lambda$create$0(206)) - Sending CreatePipelineCommand for pipeline:PipelineID=221d147b-12b5-45ed-b68f-4de6e43f8739 to datanode:3ac7e479-6b2c-4ad1-9d02-9355b26abab7
2023-05-23 10:28:01,325 [RatisPipelineUtilsThread - 0] INFO  pipeline.RatisPipelineProvider (RatisPipelineProvider.java:lambda$create$0(206)) - Sending CreatePipelineCommand for pipeline:PipelineID=221d147b-12b5-45ed-b68f-4de6e43f8739 to datanode:a469ef55-9a66-4c89-903c-187a01270f46
2023-05-23 10:28:01,326 [RatisPipelineUtilsThread - 0] INFO  pipeline.PipelineStateManagerImpl (PipelineStateManagerImpl.java:addPipeline(103)) - Created pipeline Pipeline[ Id: 221d147b-12b5-45ed-b68f-4de6e43f8739, Nodes: 2f994218-547f-400b-b588-7f48010df848(fv-az1249-304/10.1.0.38)3ac7e479-6b2c-4ad1-9d02-9355b26abab7(fv-az1249-304/10.1.0.38)a469ef55-9a66-4c89-903c-187a01270f46(fv-az1249-304/10.1.0.38), ReplicationConfig: RATIS/THREE, State:ALLOCATED, leaderId:, CreationTimestamp2023-05-23T10:28:01.325Z[Etc/UTC]].
2023-05-23 10:28:01,326 [RatisPipelineUtilsThread - 0] INFO  pipeline.RatisPipelineProvider (RatisPipelineProvider.java:lambda$create$0(206)) - Sending CreatePipelineCommand for pipeline:PipelineID=f62330b8-f372-49ef-96d7-cc085891edf4 to datanode:a469ef55-9a66-4c89-903c-187a01270f46
2023-05-23 10:28:01,326 [RatisPipelineUtilsThread - 0] INFO  pipeline.RatisPipelineProvider (RatisPipelineProvider.java:lambda$create$0(206)) - Sending CreatePipelineCommand for pipeline:PipelineID=f62330b8-f372-49ef-96d7-cc085891edf4 to datanode:3ac7e479-6b2c-4ad1-9d02-9355b26abab7
2023-05-23 10:28:01,326 [RatisPipelineUtilsThread - 0] INFO  pipeline.RatisPipelineProvider (RatisPipelineProvider.java:lambda$create$0(206)) - Sending CreatePipelineCommand for pipeline:PipelineID=f62330b8-f372-49ef-96d7-cc085891edf4 to datanode:2f994218-547f-400b-b588-7f48010df848
2023-05-23 10:28:01,327 [RatisPipelineUtilsThread - 0] INFO  pipeline.PipelineStateManagerImpl (PipelineStateManagerImpl.java:addPipeline(103)) - Created pipeline Pipeline[ Id: f62330b8-f372-49ef-96d7-cc085891edf4, Nodes: a469ef55-9a66-4c89-903c-187a01270f46(fv-az1249-304/10.1.0.38)3ac7e479-6b2c-4ad1-9d02-9355b26abab7(fv-az1249-304/10.1.0.38)2f994218-547f-400b-b588-7f48010df848(fv-az1249-304/10.1.0.38), ReplicationConfig: RATIS/THREE, State:ALLOCATED, leaderId:, CreationTimestamp2023-05-23T10:28:01.326Z[Etc/UTC]].
2023-05-23 10:28:01,327 [RatisPipelineUtilsThread - 0] INFO  pipeline.PipelineManagerImpl (PipelineManagerImpl.java:recordMetricsForPipeline(826)) - Pipeline: PipelineID=f62330b8-f372-49ef-96d7-cc085891edf4 contains same datanodes as previous pipelines: PipelineID=221d147b-12b5-45ed-b68f-4de6e43f8739 nodeIds: a469ef55-9a66-4c89-903c-187a01270f46, 3ac7e479-6b2c-4ad1-9d02-9355b26abab7, 2f994218-547f-400b-b588-7f48010df848
2023-05-23 10:28:01,328 [RatisPipelineUtilsThread - 0] WARN  pipeline.PipelinePlacementPolicy (PipelinePlacementPolicy.java:filterViableNodes(160)) - Pipeline creation failed due to no sufficient healthy datanodes. Required 3. Found 0. Excluded 3.
2023-05-23 10:28:01,328 [RatisPipelineUtilsThread - 0] WARN  pipeline.PipelinePlacementPolicy (PipelinePlacementPolicy.java:filterViableNodes(160)) - Pipeline creation failed due to no sufficient healthy datanodes. Required 3. Found 0. Excluded 3.
2023-05-23 10:28:01,350 [ReplicationMonitor] INFO  replication.ReplicationManager (ReplicationManager.java:processAll(375)) - Replication Manager is not ready to run until 3000ms after safemode exit
2023-05-23 10:28:01,649 [IPC Server handler 0 on default port 15242] INFO  net.NetworkTopologyImpl (NetworkTopologyImpl.java:add(112)) - Added a new node: /default-rack/d6ba1385-1418-4053-92a8-092c511516c2
2023-05-23 10:28:01,649 [IPC Server handler 0 on default port 15242] INFO  node.SCMNodeManager (SCMNodeManager.java:register(407)) - Registered Data node : d6ba1385-1418-4053-92a8-092c511516c2{ip: 10.1.0.38, host: fv-az1249-304, ports: [HTTP=15273, REPLICATION=15279, RATIS=15275, RATIS_ADMIN=15276, RATIS_SERVER=15277, RATIS_DATASTREAM=15278, STANDALONE=15274], networkLocation: /default-rack, certSerialId: null, persistedOpState: null, persistedOpStateExpiryEpochSec: 0}
2023-05-23 10:28:01,650 [EventQueue-NewNodeForNewNodeHandler] INFO  pipeline.BackgroundPipelineCreator (BackgroundPipelineCreator.java:notifyEventTriggered(276)) - trigger a one-shot run on RatisPipelineUtilsThread.
2023-05-23 10:28:01,653 [RatisPipelineUtilsThread - 0] INFO  pipeline.RatisPipelineProvider (RatisPipelineProvider.java:lambda$create$0(206)) - Sending CreatePipelineCommand for pipeline:PipelineID=b09cf719-1a5c-40b9-8896-679b9295cd81 to datanode:d6ba1385-1418-4053-92a8-092c511516c2
2023-05-23 10:28:01,653 [RatisPipelineUtilsThread - 0] INFO  pipeline.PipelineStateManagerImpl (PipelineStateManagerImpl.java:addPipeline(103)) - Created pipeline Pipeline[ Id: b09cf719-1a5c-40b9-8896-679b9295cd81, Nodes: d6ba1385-1418-4053-92a8-092c511516c2(fv-az1249-304/10.1.0.38), ReplicationConfig: RATIS/ONE, State:ALLOCATED, leaderId:, CreationTimestamp2023-05-23T10:28:01.653Z[Etc/UTC]].
2023-05-23 10:28:01,654 [RatisPipelineUtilsThread - 0] WARN  pipeline.PipelinePlacementPolicy (PipelinePlacementPolicy.java:filterViableNodes(160)) - Pipeline creation failed due to no sufficient healthy datanodes. Required 3. Found 1. Excluded 3.
2023-05-23 10:28:01,964 [Listener at 127.0.0.1/15244] INFO  ozone.MiniOzoneClusterImpl (MiniOzoneClusterImpl.java:lambda$waitForClusterToBeReady$0(222)) - Waiting for nodes to be ready. Got 4 of 5 DN Heartbeats.
2023-05-23 10:28:01,964 [Listener at 127.0.0.1/15244] INFO  ozone.MiniOzoneClusterImpl (MiniOzoneClusterImpl.java:lambda$waitForClusterToBeReady$0(225)) - Waiting for cluster to exit safe mode
2023-05-23 10:28:01,964 [Listener at 127.0.0.1/15244] INFO  ozone.MiniOzoneClusterImpl (MiniOzoneClusterImpl.java:lambda$waitForClusterToBeReady$0(227)) - SCM became leader
2023-05-23 10:28:01,964 [IPC Server handler 1 on default port 15242] INFO  net.NetworkTopologyImpl (NetworkTopologyImpl.java:add(112)) - Added a new node: /default-rack/bcab7f0f-7790-4a04-bb65-53c00937b84b
2023-05-23 10:28:01,964 [IPC Server handler 1 on default port 15242] INFO  node.SCMNodeManager (SCMNodeManager.java:register(407)) - Registered Data node : bcab7f0f-7790-4a04-bb65-53c00937b84b{ip: 10.1.0.38, host: fv-az1249-304, ports: [HTTP=15281, REPLICATION=15287, RATIS=15283, RATIS_ADMIN=15284, RATIS_SERVER=15285, RATIS_DATASTREAM=15286, STANDALONE=15282], networkLocation: /default-rack, certSerialId: null, persistedOpState: null, persistedOpStateExpiryEpochSec: 0}
2023-05-23 10:28:01,965 [EventQueue-NewNodeForNewNodeHandler] INFO  pipeline.BackgroundPipelineCreator (BackgroundPipelineCreator.java:notifyEventTriggered(276)) - trigger a one-shot run on RatisPipelineUtilsThread.
2023-05-23 10:28:01,965 [RatisPipelineUtilsThread - 0] INFO  pipeline.RatisPipelineProvider (RatisPipelineProvider.java:lambda$create$0(206)) - Sending CreatePipelineCommand for pipeline:PipelineID=84742cf6-54fc-4286-943e-1f5d34f6c287 to datanode:bcab7f0f-7790-4a04-bb65-53c00937b84b
2023-05-23 10:28:01,966 [RatisPipelineUtilsThread - 0] INFO  pipeline.PipelineStateManagerImpl (PipelineStateManagerImpl.java:addPipeline(103)) - Created pipeline Pipeline[ Id: 84742cf6-54fc-4286-943e-1f5d34f6c287, Nodes: bcab7f0f-7790-4a04-bb65-53c00937b84b(fv-az1249-304/10.1.0.38), ReplicationConfig: RATIS/ONE, State:ALLOCATED, leaderId:, CreationTimestamp2023-05-23T10:28:01.965Z[Etc/UTC]].
2023-05-23 10:28:01,967 [RatisPipelineUtilsThread - 0] WARN  pipeline.PipelinePlacementPolicy (PipelinePlacementPolicy.java:filterViableNodes(160)) - Pipeline creation failed due to no sufficient healthy datanodes. Required 3. Found 2. Excluded 3.
2023-05-23 10:28:02,350 [ReplicationMonitor] INFO  replication.ReplicationManager (ReplicationManager.java:processAll(375)) - Replication Manager is not ready to run until 3000ms after safemode exit
2023-05-23 10:28:02,964 [Listener at 127.0.0.1/15244] INFO  ozone.MiniOzoneClusterImpl (MiniOzoneClusterImpl.java:lambda$waitForClusterToBeReady$0(222)) - Nodes are ready. Got 5 of 5 DN Heartbeats.
2023-05-23 10:28:02,965 [Listener at 127.0.0.1/15244] INFO  ozone.MiniOzoneClusterImpl (MiniOzoneClusterImpl.java:lambda$waitForClusterToBeReady$0(225)) - Waiting for cluster to exit safe mode
2023-05-23 10:28:02,965 [Listener at 127.0.0.1/15244] INFO  ozone.MiniOzoneClusterImpl (MiniOzoneClusterImpl.java:lambda$waitForClusterToBeReady$0(227)) - SCM became leader
2023-05-23 10:28:03,350 [ReplicationMonitor] INFO  replication.ReplicationManager (ReplicationManager.java:processAll(375)) - Replication Manager is not ready to run until 3000ms after safemode exit
2023-05-23 10:28:03,647 [Command processor thread] INFO  server.RaftServer (RaftServerProxy.java:addNew(98)) - a469ef55-9a66-4c89-903c-187a01270f46: addNew group-C9847B6D8720:[a469ef55-9a66-4c89-903c-187a01270f46|rpc:10.1.0.38:15253|admin:10.1.0.38:15252|client:10.1.0.38:15251|dataStream:10.1.0.38:15254|priority:1|startupRole:FOLLOWER] returns group-C9847B6D8720:java.util.concurrent.CompletableFuture@2bc8c9f7[Not completed]
2023-05-23 10:28:03,649 [a469ef55-9a66-4c89-903c-187a01270f46-groupManagement] INFO  server.RaftServer$Division (RaftServerImpl.java:<init>(198)) - a469ef55-9a66-4c89-903c-187a01270f46: new RaftServerImpl for group-C9847B6D8720:[a469ef55-9a66-4c89-903c-187a01270f46|rpc:10.1.0.38:15253|admin:10.1.0.38:15252|client:10.1.0.38:15251|dataStream:10.1.0.38:15254|priority:1|startupRole:FOLLOWER] with ContainerStateMachine:uninitialized
2023-05-23 10:28:03,650 [a469ef55-9a66-4c89-903c-187a01270f46-groupManagement] INFO  server.RaftServerConfigKeys (ConfUtils.java:logGet(46)) - raft.server.rpc.timeout.min = 5s (custom)
2023-05-23 10:28:03,650 [a469ef55-9a66-4c89-903c-187a01270f46-groupManagement] INFO  server.RaftServerConfigKeys (ConfUtils.java:logGet(46)) - raft.server.rpc.timeout.max = 5200ms (custom)
2023-05-23 10:28:03,650 [a469ef55-9a66-4c89-903c-187a01270f46-groupManagement] INFO  server.RaftServerConfigKeys (ConfUtils.java:logGet(46)) - raft.server.rpc.sleep.time = 25ms (default)
2023-05-23 10:28:03,650 [a469ef55-9a66-4c89-903c-187a01270f46-groupManagement] INFO  server.RaftServerConfigKeys (ConfUtils.java:logGet(46)) - raft.server.rpc.slowness.timeout = 300s (custom)
2023-05-23 10:28:03,650 [a469ef55-9a66-4c89-903c-187a01270f46-groupManagement] INFO  server.RaftServerConfigKeys (ConfUtils.java:logGet(46)) - raft.server.leaderelection.leader.step-down.wait-time = 10s (default)
2023-05-23 10:28:03,650 [a469ef55-9a66-4c89-903c-187a01270f46-groupManagement] INFO  server.RaftServerConfigKeys (ConfUtils.java:logGet(46)) - raft.server.sleep.deviation.threshold = 300ms (default)
2023-05-23 10:28:03,650 [a469ef55-9a66-4c89-903c-187a01270f46-groupManagement] INFO  server.RaftServer$Division (ServerState.java:<init>(120)) - a469ef55-9a66-4c89-903c-187a01270f46@group-C9847B6D8720: ConfigurationManager, init=-1: peers:[a469ef55-9a66-4c89-903c-187a01270f46|rpc:10.1.0.38:15253|admin:10.1.0.38:15252|client:10.1.0.38:15251|dataStream:10.1.0.38:15254|priority:1|startupRole:FOLLOWER]|listeners:[], old=null, confs=<EMPTY_MAP>
2023-05-23 10:28:03,650 [a469ef55-9a66-4c89-903c-187a01270f46-groupManagement] INFO  server.RaftServerConfigKeys (ConfUtils.java:logGet(46)) - raft.server.storage.dir = [/home/runner/work/ozone/ozone/hadoop-ozone/integration-test/target/test-dir/MiniOzoneClusterImpl-61d3b935-36cd-4496-a441-eee01f8c564c/datanode-0/data/ratis] (custom)
2023-05-23 10:28:03,650 [a469ef55-9a66-4c89-903c-187a01270f46-groupManagement] INFO  server.RaftServerConfigKeys (ConfUtils.java:logGet(46)) - raft.server.log.corruption.policy = EXCEPTION (default)
2023-05-23 10:28:03,650 [a469ef55-9a66-4c89-903c-187a01270f46-groupManagement] INFO  server.RaftServerConfigKeys (ConfUtils.java:logGet(46)) - raft.server.storage.free-space.min = 0MB (=0) (default)
2023-05-23 10:28:03,650 [a469ef55-9a66-4c89-903c-187a01270f46-groupManagement] INFO  server.RaftServerConfigKeys (ConfUtils.java:logGet(46)) - raft.server.notification.no-leader.timeout = 300s (custom)
2023-05-23 10:28:03,650 [a469ef55-9a66-4c89-903c-187a01270f46-groupManagement] INFO  server.RaftServerConfigKeys (ConfUtils.java:logGet(46)) - raft.server.read.timeout = 10s (default)
2023-05-23 10:28:03,650 [a469ef55-9a66-4c89-903c-187a01270f46-groupManagement] INFO  server.RaftServerConfigKeys (ConfUtils.java:logGet(46)) - raft.server.retrycache.expirytime = 600000ms (custom)
2023-05-23 10:28:03,650 [a469ef55-9a66-4c89-903c-187a01270f46-groupManagement] INFO  server.RaftServerConfigKeys (ConfUtils.java:logGet(46)) - raft.server.retrycache.statistics.expirytime = 100μs (default)
2023-05-23 10:28:03,651 [a469ef55-9a66-4c89-903c-187a01270f46-groupManagement] INFO  server.RaftServerConfigKeys (ConfUtils.java:logGet(46)) - raft.server.read.option = DEFAULT (default)
2023-05-23 10:28:03,651 [a469ef55-9a66-4c89-903c-187a01270f46-groupManagement] INFO  server.RaftServerConfigKeys (ConfUtils.java:logGet(46)) - raft.server.rpc.request.timeout = 60s (custom)
2023-05-23 10:28:03,652 [a469ef55-9a66-4c89-903c-187a01270f46-groupManagement] INFO  server.RaftServerConfigKeys (ConfUtils.java:logGet(46)) - raft.server.log.appender.install.snapshot.enabled = false (custom)
2023-05-23 10:28:03,652 [a469ef55-9a66-4c89-903c-187a01270f46-groupManagement] INFO  server.RaftServerConfigKeys (ConfUtils.java:logGet(46)) - raft.server.threadpool.server.cached = true (default)
2023-05-23 10:28:03,652 [a469ef55-9a66-4c89-903c-187a01270f46-groupManagement] INFO  server.RaftServerConfigKeys (ConfUtils.java:logGet(46)) - raft.server.threadpool.server.size = 0 (default)
2023-05-23 10:28:03,652 [a469ef55-9a66-4c89-903c-187a01270f46-groupManagement] INFO  server.RaftServerConfigKeys (ConfUtils.java:logGet(46)) - raft.server.threadpool.client.cached = true (default)
2023-05-23 10:28:03,652 [a469ef55-9a66-4c89-903c-187a01270f46-groupManagement] INFO  server.RaftServerConfigKeys (ConfUtils.java:logGet(46)) - raft.server.threadpool.client.size = 0 (default)
2023-05-23 10:28:03,652 [a469ef55-9a66-4c89-903c-187a01270f46-groupManagement] INFO  storage.RaftStorageDirectory (RaftStorageDirectoryImpl.java:analyzeStorage(137)) - The storage directory /home/runner/work/ozone/ozone/hadoop-ozone/integration-test/target/test-dir/MiniOzoneClusterImpl-61d3b935-36cd-4496-a441-eee01f8c564c/datanode-0/data/ratis/f1381232-f8aa-4d64-9bf5-c9847b6d8720 does not exist. Creating ...
2023-05-23 10:28:03,654 [a469ef55-9a66-4c89-903c-187a01270f46-groupManagement] INFO  storage.RaftStorageDirectory (RaftStorageDirectoryImpl.java:tryLock(231)) - Lock on /home/runner/work/ozone/ozone/hadoop-ozone/integration-test/target/test-dir/MiniOzoneClusterImpl-61d3b935-36cd-4496-a441-eee01f8c564c/datanode-0/data/ratis/f1381232-f8aa-4d64-9bf5-c9847b6d8720/in_use.lock acquired by nodename 10384@fv-az1249-304
2023-05-23 10:28:03,655 [a469ef55-9a66-4c89-903c-187a01270f46-groupManagement] INFO  storage.RaftStorage (RaftStorageImpl.java:format(96)) - Storage directory /home/runner/work/ozone/ozone/hadoop-ozone/integration-test/target/test-dir/MiniOzoneClusterImpl-61d3b935-36cd-4496-a441-eee01f8c564c/datanode-0/data/ratis/f1381232-f8aa-4d64-9bf5-c9847b6d8720 has been successfully formatted.
2023-05-23 10:28:03,656 [a469ef55-9a66-4c89-903c-187a01270f46-groupManagement] INFO  ratis.ContainerStateMachine (ContainerStateMachine.java:loadSnapshot(262)) - group-C9847B6D8720: The snapshot info is null. Setting the last applied indexto:(t:0, i:~)
2023-05-23 10:28:03,656 [a469ef55-9a66-4c89-903c-187a01270f46-groupManagement] INFO  server.RaftServerConfigKeys (ConfUtils.java:logGet(46)) - raft.server.log.use.memory = false (default)
2023-05-23 10:28:03,656 [a469ef55-9a66-4c89-903c-187a01270f46-groupManagement] INFO  server.RaftServerConfigKeys (ConfUtils.java:logGet(46)) - raft.server.log.purge.gap = 1000000 (custom)
2023-05-23 10:28:03,656 [a469ef55-9a66-4c89-903c-187a01270f46-groupManagement] INFO  server.RaftServerConfigKeys (ConfUtils.java:logGet(46)) - raft.server.log.appender.buffer.byte-limit = 33554432 (custom)
2023-05-23 10:28:03,656 [a469ef55-9a66-4c89-903c-187a01270f46-groupManagement] INFO  server.RaftServerConfigKeys (ConfUtils.java:logGet(46)) - raft.server.log.statemachine.data.read.timeout = 1000ms (default)
2023-05-23 10:28:03,657 [EventQueue-PipelineReportForPipelineReportHandler] INFO  pipeline.PipelineManagerImpl (PipelineManagerImpl.java:openPipeline(367)) - Pipeline Pipeline[ Id: f1381232-f8aa-4d64-9bf5-c9847b6d8720, Nodes: a469ef55-9a66-4c89-903c-187a01270f46(fv-az1249-304/10.1.0.38), ReplicationConfig: RATIS/ONE, State:ALLOCATED, leaderId:a469ef55-9a66-4c89-903c-187a01270f46, CreationTimestamp2023-05-23T10:28:00.661Z[Etc/UTC]] moved to OPEN state
2023-05-23 10:28:03,657 [a469ef55-9a66-4c89-903c-187a01270f46-groupManagement] INFO  server.RaftServerConfigKeys (ConfUtils.java:logGet(46)) - raft.server.log.purge.preservation.log.num = 0 (default)
2023-05-23 10:28:03,657 [a469ef55-9a66-4c89-903c-187a01270f46-groupManagement] INFO  server.RaftServerConfigKeys (ConfUtils.java:logGet(46)) - raft.server.log.segment.size.max = 1048576 (custom)
2023-05-23 10:28:03,658 [a469ef55-9a66-4c89-903c-187a01270f46-groupManagement] INFO  server.RaftServerConfigKeys (ConfUtils.java:logGet(46)) - raft.server.log.segment.cache.num.max = 2 (custom)
2023-05-23 10:28:03,659 [a469ef55-9a66-4c89-903c-187a01270f46-groupManagement] INFO  server.RaftServerConfigKeys (ConfUtils.java:logGet(46)) - raft.server.log.segment.cache.size.max = 200MB (=209715200) (default)
2023-05-23 10:28:03,659 [a469ef55-9a66-4c89-903c-187a01270f46-groupManagement] INFO  server.RaftServerConfigKeys (ConfUtils.java:logGet(46)) - raft.server.log.appender.buffer.byte-limit = 33554432 (custom)
2023-05-23 10:28:03,659 [a469ef55-9a66-4c89-903c-187a01270f46-groupManagement] INFO  segmented.SegmentedRaftLogWorker (SegmentedRaftLogWorker.java:<init>(188)) - new a469ef55-9a66-4c89-903c-187a01270f46@group-C9847B6D8720-SegmentedRaftLogWorker for RaftStorageImpl:Storage Directory /home/runner/work/ozone/ozone/hadoop-ozone/integration-test/target/test-dir/MiniOzoneClusterImpl-61d3b935-36cd-4496-a441-eee01f8c564c/datanode-0/data/ratis/f1381232-f8aa-4d64-9bf5-c9847b6d8720
2023-05-23 10:28:03,659 [EventQueue-OpenPipelineForHealthyPipelineSafeModeRule] INFO  safemode.SCMSafeModeManager (HealthyPipelineSafeModeRule.java:process(137)) - SCM in safe mode. Healthy pipelines reported count is 0, required healthy pipeline reported count is 1
2023-05-23 10:28:03,660 [a469ef55-9a66-4c89-903c-187a01270f46-groupManagement] INFO  server.RaftServerConfigKeys (ConfUtils.java:logGet(46)) - raft.server.log.queue.byte-limit = 4294967296 (custom)
2023-05-23 10:28:03,660 [a469ef55-9a66-4c89-903c-187a01270f46-groupManagement] INFO  server.RaftServerConfigKeys (ConfUtils.java:logGet(46)) - raft.server.log.queue.element-limit = 1024 (custom)
2023-05-23 10:28:03,660 [a469ef55-9a66-4c89-903c-187a01270f46-groupManagement] INFO  server.RaftServerConfigKeys (ConfUtils.java:logGet(46)) - raft.server.log.segment.size.max = 1048576 (custom)
2023-05-23 10:28:03,660 [a469ef55-9a66-4c89-903c-187a01270f46-groupManagement] INFO  server.RaftServerConfigKeys (ConfUtils.java:logGet(46)) - raft.server.log.preallocated.size = 16384 (custom)
2023-05-23 10:28:03,660 [a469ef55-9a66-4c89-903c-187a01270f46-groupManagement] INFO  server.RaftServerConfigKeys (ConfUtils.java:logGet(46)) - raft.server.log.force.sync.num = 128 (default)
2023-05-23 10:28:03,660 [a469ef55-9a66-4c89-903c-187a01270f46-groupManagement] INFO  server.RaftServerConfigKeys (ConfUtils.java:logGet(46)) - raft.server.log.statemachine.data.sync = true (default)
2023-05-23 10:28:03,660 [a469ef55-9a66-4c89-903c-187a01270f46-groupManagement] INFO  server.RaftServerConfigKeys (ConfUtils.java:logGet(46)) - raft.server.log.statemachine.data.sync.timeout = 10s (default)
2023-05-23 10:28:03,660 [a469ef55-9a66-4c89-903c-187a01270f46-groupManagement] INFO  server.RaftServerConfigKeys (ConfUtils.java:logGet(46)) - raft.server.log.statemachine.data.sync.timeout.retry = -1 (default)
2023-05-23 10:28:03,660 [a469ef55-9a66-4c89-903c-187a01270f46-groupManagement] INFO  server.RaftServerConfigKeys (ConfUtils.java:logGet(46)) - raft.server.log.write.buffer.size = 1048576 (custom)
2023-05-23 10:28:03,661 [a469ef55-9a66-4c89-903c-187a01270f46-groupManagement] INFO  server.RaftServerConfigKeys (ConfUtils.java:logGet(46)) - raft.server.log.appender.buffer.byte-limit = 33554432 (custom)
2023-05-23 10:28:03,666 [a469ef55-9a66-4c89-903c-187a01270f46-groupManagement] INFO  server.RaftServerConfigKeys (ConfUtils.java:logGet(46)) - raft.server.log.unsafe-flush.enabled = false (default)
2023-05-23 10:28:03,666 [a469ef55-9a66-4c89-903c-187a01270f46-groupManagement] INFO  server.RaftServerConfigKeys (ConfUtils.java:logGet(46)) - raft.server.log.async-flush.enabled = false (default)
2023-05-23 10:28:03,666 [a469ef55-9a66-4c89-903c-187a01270f46-groupManagement] INFO  server.RaftServerConfigKeys (ConfUtils.java:logGet(46)) - raft.server.log.statemachine.data.caching.enabled = true (custom)
2023-05-23 10:28:03,667 [a469ef55-9a66-4c89-903c-187a01270f46-groupManagement] INFO  segmented.SegmentedRaftLogWorker (SegmentedRaftLogWorker.java:lambda$new$0(135)) - a469ef55-9a66-4c89-903c-187a01270f46@group-C9847B6D8720-SegmentedRaftLogWorker: flushIndex: setUnconditionally 0 -> -1
2023-05-23 10:28:03,667 [a469ef55-9a66-4c89-903c-187a01270f46-groupManagement] INFO  segmented.SegmentedRaftLogWorker (SegmentedRaftLogWorker.java:lambda$new$0(135)) - a469ef55-9a66-4c89-903c-187a01270f46@group-C9847B6D8720-SegmentedRaftLogWorker: safeCacheEvictIndex: setUnconditionally 0 -> -1
2023-05-23 10:28:03,667 [a469ef55-9a66-4c89-903c-187a01270f46-groupManagement] INFO  server.RaftServer$Division (RaftServerImpl.java:start(342)) - a469ef55-9a66-4c89-903c-187a01270f46@group-C9847B6D8720: start as a follower, conf=-1: peers:[a469ef55-9a66-4c89-903c-187a01270f46|rpc:10.1.0.38:15253|admin:10.1.0.38:15252|client:10.1.0.38:15251|dataStream:10.1.0.38:15254|priority:1|startupRole:FOLLOWER]|listeners:[], old=null
2023-05-23 10:28:03,667 [a469ef55-9a66-4c89-903c-187a01270f46-groupManagement] INFO  server.RaftServer$Division (RaftServerImpl.java:setRole(329)) - a469ef55-9a66-4c89-903c-187a01270f46@group-C9847B6D8720: changes role from      null to FOLLOWER at term 0 for startAsFollower
2023-05-23 10:28:03,667 [a469ef55-9a66-4c89-903c-187a01270f46-groupManagement] INFO  impl.RoleInfo (RoleInfo.java:updateAndGet(139)) - a469ef55-9a66-4c89-903c-187a01270f46: start a469ef55-9a66-4c89-903c-187a01270f46@group-C9847B6D8720-FollowerState
2023-05-23 10:28:03,667 [a469ef55-9a66-4c89-903c-187a01270f46-groupManagement] INFO  util.JmxRegister (JmxRegister.java:tryRegister(44)) - Successfully registered JMX Bean with object name Ratis:service=RaftServer,group=group-C9847B6D8720,id=a469ef55-9a66-4c89-903c-187a01270f46
2023-05-23 10:28:03,667 [a469ef55-9a66-4c89-903c-187a01270f46-groupManagement] INFO  server.RaftServerConfigKeys (ConfUtils.java:logGet(46)) - raft.server.snapshot.auto.trigger.enabled = true (custom)
2023-05-23 10:28:03,667 [a469ef55-9a66-4c89-903c-187a01270f46@group-C9847B6D8720-FollowerState] INFO  server.RaftServerConfigKeys (ConfUtils.java:logFallback(53)) - raft.server.rpc.first-election.timeout.min = 5s (fallback to raft.server.rpc.timeout.min)
2023-05-23 10:28:03,667 [a469ef55-9a66-4c89-903c-187a01270f46-groupManagement] INFO  server.RaftServerConfigKeys (ConfUtils.java:logGet(46)) - raft.server.snapshot.auto.trigger.threshold = 10000 (custom)
2023-05-23 10:28:03,667 [a469ef55-9a66-4c89-903c-187a01270f46@group-C9847B6D8720-FollowerState] INFO  server.RaftServerConfigKeys (ConfUtils.java:logFallback(53)) - raft.server.rpc.first-election.timeout.max = 5200ms (fallback to raft.server.rpc.timeout.max)
2023-05-23 10:28:03,667 [a469ef55-9a66-4c89-903c-187a01270f46-groupManagement] INFO  server.RaftServerConfigKeys (ConfUtils.java:logGet(46)) - raft.server.snapshot.retention.file.num = 5 (custom)
2023-05-23 10:28:03,668 [a469ef55-9a66-4c89-903c-187a01270f46-groupManagement] INFO  server.RaftServerConfigKeys (ConfUtils.java:logGet(46)) - raft.server.log.purge.upto.snapshot.index = false (default)
2023-05-23 10:28:03,668 [Command processor thread] INFO  ratis.XceiverServerRatis (XceiverServerRatis.java:addGroup(806)) - Created group PipelineID=f1381232-f8aa-4d64-9bf5-c9847b6d8720
2023-05-23 10:28:03,668 [Command processor thread] INFO  commandhandler.CreatePipelineCommandHandler (CreatePipelineCommandHandler.java:handle(113)) - Created Pipeline RATIS ONE PipelineID=f1381232-f8aa-4d64-9bf5-c9847b6d8720.
2023-05-23 10:28:03,668 [Command processor thread] INFO  server.RaftServer (RaftServerProxy.java:addNew(98)) - a469ef55-9a66-4c89-903c-187a01270f46: addNew group-4DE6E43F8739:[3ac7e479-6b2c-4ad1-9d02-9355b26abab7|rpc:10.1.0.38:15269|admin:10.1.0.38:15268|client:10.1.0.38:15267|dataStream:10.1.0.38:15270|priority:0|startupRole:FOLLOWER, 2f994218-547f-400b-b588-7f48010df848|rpc:10.1.0.38:15261|admin:10.1.0.38:15260|client:10.1.0.38:15259|dataStream:10.1.0.38:15262|priority:1|startupRole:FOLLOWER, a469ef55-9a66-4c89-903c-187a01270f46|rpc:10.1.0.38:15253|admin:10.1.0.38:15252|client:10.1.0.38:15251|dataStream:10.1.0.38:15254|priority:0|startupRole:FOLLOWER] returns group-4DE6E43F8739:java.util.concurrent.CompletableFuture@2ff74856[Not completed]
2023-05-23 10:28:03,669 [a469ef55-9a66-4c89-903c-187a01270f46-groupManagement] INFO  server.RaftServer$Division (RaftServerImpl.java:<init>(198)) - a469ef55-9a66-4c89-903c-187a01270f46: new RaftServerImpl for group-4DE6E43F8739:[3ac7e479-6b2c-4ad1-9d02-9355b26abab7|rpc:10.1.0.38:15269|admin:10.1.0.38:15268|client:10.1.0.38:15267|dataStream:10.1.0.38:15270|priority:0|startupRole:FOLLOWER, 2f994218-547f-400b-b588-7f48010df848|rpc:10.1.0.38:15261|admin:10.1.0.38:15260|client:10.1.0.38:15259|dataStream:10.1.0.38:15262|priority:1|startupRole:FOLLOWER, a469ef55-9a66-4c89-903c-187a01270f46|rpc:10.1.0.38:15253|admin:10.1.0.38:15252|client:10.1.0.38:15251|dataStream:10.1.0.38:15254|priority:0|startupRole:FOLLOWER] with ContainerStateMachine:uninitialized
2023-05-23 10:28:03,669 [a469ef55-9a66-4c89-903c-187a01270f46-groupManagement] INFO  server.RaftServerConfigKeys (ConfUtils.java:logGet(46)) - raft.server.rpc.timeout.min = 5s (custom)
2023-05-23 10:28:03,670 [a469ef55-9a66-4c89-903c-187a01270f46-groupManagement] INFO  server.RaftServerConfigKeys (ConfUtils.java:logGet(46)) - raft.server.rpc.timeout.max = 5200ms (custom)
2023-05-23 10:28:03,670 [a469ef55-9a66-4c89-903c-187a01270f46-groupManagement] INFO  server.RaftServerConfigKeys (ConfUtils.java:logGet(46)) - raft.server.rpc.sleep.time = 25ms (default)
2023-05-23 10:28:03,670 [a469ef55-9a66-4c89-903c-187a01270f46-groupManagement] INFO  server.RaftServerConfigKeys (ConfUtils.java:logGet(46)) - raft.server.rpc.slowness.timeout = 300s (custom)
2023-05-23 10:28:03,670 [a469ef55-9a66-4c89-903c-187a01270f46-groupManagement] INFO  server.RaftServerConfigKeys (ConfUtils.java:logGet(46)) - raft.server.leaderelection.leader.step-down.wait-time = 10s (default)
2023-05-23 10:28:03,670 [a469ef55-9a66-4c89-903c-187a01270f46-groupManagement] INFO  server.RaftServerConfigKeys (ConfUtils.java:logGet(46)) - raft.server.sleep.deviation.threshold = 300ms (default)
2023-05-23 10:28:03,670 [a469ef55-9a66-4c89-903c-187a01270f46-groupManagement] INFO  server.RaftServer$Division (ServerState.java:<init>(120)) - a469ef55-9a66-4c89-903c-187a01270f46@group-4DE6E43F8739: ConfigurationManager, init=-1: peers:[3ac7e479-6b2c-4ad1-9d02-9355b26abab7|rpc:10.1.0.38:15269|admin:10.1.0.38:15268|client:10.1.0.38:15267|dataStream:10.1.0.38:15270|priority:0|startupRole:FOLLOWER, 2f994218-547f-400b-b588-7f48010df848|rpc:10.1.0.38:15261|admin:10.1.0.38:15260|client:10.1.0.38:15259|dataStream:10.1.0.38:15262|priority:1|startupRole:FOLLOWER, a469ef55-9a66-4c89-903c-187a01270f46|rpc:10.1.0.38:15253|admin:10.1.0.38:15252|client:10.1.0.38:15251|dataStream:10.1.0.38:15254|priority:0|startupRole:FOLLOWER]|listeners:[], old=null, confs=<EMPTY_MAP>
2023-05-23 10:28:03,670 [a469ef55-9a66-4c89-903c-187a01270f46-groupManagement] INFO  server.RaftServerConfigKeys (ConfUtils.java:logGet(46)) - raft.server.storage.dir = [/home/runner/work/ozone/ozone/hadoop-ozone/integration-test/target/test-dir/MiniOzoneClusterImpl-61d3b935-36cd-4496-a441-eee01f8c564c/datanode-0/data/ratis] (custom)
2023-05-23 10:28:03,670 [a469ef55-9a66-4c89-903c-187a01270f46-groupManagement] INFO  server.RaftServerConfigKeys (ConfUtils.java:logGet(46)) - raft.server.log.corruption.policy = EXCEPTION (default)
2023-05-23 10:28:03,670 [a469ef55-9a66-4c89-903c-187a01270f46-groupManagement] INFO  server.RaftServerConfigKeys (ConfUtils.java:logGet(46)) - raft.server.storage.free-space.min = 0MB (=0) (default)
2023-05-23 10:28:03,670 [a469ef55-9a66-4c89-903c-187a01270f46-groupManagement] INFO  server.RaftServerConfigKeys (ConfUtils.java:logGet(46)) - raft.server.notification.no-leader.timeout = 300s (custom)
2023-05-23 10:28:03,670 [a469ef55-9a66-4c89-903c-187a01270f46-groupManagement] INFO  server.RaftServerConfigKeys (ConfUtils.java:logGet(46)) - raft.server.read.timeout = 10s (default)
2023-05-23 10:28:03,670 [a469ef55-9a66-4c89-903c-187a01270f46-groupManagement] INFO  server.RaftServerConfigKeys (ConfUtils.java:logGet(46)) - raft.server.retrycache.expirytime = 600000ms (custom)
2023-05-23 10:28:03,670 [a469ef55-9a66-4c89-903c-187a01270f46-groupManagement] INFO  server.RaftServerConfigKeys (ConfUtils.java:logGet(46)) - raft.server.retrycache.statistics.expirytime = 100μs (default)
2023-05-23 10:28:03,670 [a469ef55-9a66-4c89-903c-187a01270f46-groupManagement] INFO  server.RaftServerConfigKeys (ConfUtils.java:logGet(46)) - raft.server.read.option = DEFAULT (default)
2023-05-23 10:28:03,671 [a469ef55-9a66-4c89-903c-187a01270f46-groupManagement] INFO  server.RaftServerConfigKeys (ConfUtils.java:logGet(46)) - raft.server.rpc.request.timeout = 60s (custom)
2023-05-23 10:28:03,671 [a469ef55-9a66-4c89-903c-187a01270f46-groupManagement] INFO  server.RaftServerConfigKeys (ConfUtils.java:logGet(46)) - raft.server.log.appender.install.snapshot.enabled = false (custom)
2023-05-23 10:28:03,671 [a469ef55-9a66-4c89-903c-187a01270f46-groupManagement] INFO  server.RaftServerConfigKeys (ConfUtils.java:logGet(46)) - raft.server.threadpool.server.cached = true (default)
2023-05-23 10:28:03,671 [a469ef55-9a66-4c89-903c-187a01270f46-groupManagement] INFO  server.RaftServerConfigKeys (ConfUtils.java:logGet(46)) - raft.server.threadpool.server.size = 0 (default)
2023-05-23 10:28:03,671 [a469ef55-9a66-4c89-903c-187a01270f46-groupManagement] INFO  server.RaftServerConfigKeys (ConfUtils.java:logGet(46)) - raft.server.threadpool.client.cached = true (default)
2023-05-23 10:28:03,671 [a469ef55-9a66-4c89-903c-187a01270f46-groupManagement] INFO  server.RaftServerConfigKeys (ConfUtils.java:logGet(46)) - raft.server.threadpool.client.size = 0 (default)
2023-05-23 10:28:03,671 [a469ef55-9a66-4c89-903c-187a01270f46-groupManagement] INFO  storage.RaftStorageDirectory (RaftStorageDirectoryImpl.java:analyzeStorage(137)) - The storage directory /home/runner/work/ozone/ozone/hadoop-ozone/integration-test/target/test-dir/MiniOzoneClusterImpl-61d3b935-36cd-4496-a441-eee01f8c564c/datanode-0/data/ratis/221d147b-12b5-45ed-b68f-4de6e43f8739 does not exist. Creating ...
2023-05-23 10:28:03,672 [a469ef55-9a66-4c89-903c-187a01270f46-groupManagement] INFO  storage.RaftStorageDirectory (RaftStorageDirectoryImpl.java:tryLock(231)) - Lock on /home/runner/work/ozone/ozone/hadoop-ozone/integration-test/target/test-dir/MiniOzoneClusterImpl-61d3b935-36cd-4496-a441-eee01f8c564c/datanode-0/data/ratis/221d147b-12b5-45ed-b68f-4de6e43f8739/in_use.lock acquired by nodename 10384@fv-az1249-304
2023-05-23 10:28:03,674 [a469ef55-9a66-4c89-903c-187a01270f46-groupManagement] INFO  storage.RaftStorage (RaftStorageImpl.java:format(96)) - Storage directory /home/runner/work/ozone/ozone/hadoop-ozone/integration-test/target/test-dir/MiniOzoneClusterImpl-61d3b935-36cd-4496-a441-eee01f8c564c/datanode-0/data/ratis/221d147b-12b5-45ed-b68f-4de6e43f8739 has been successfully formatted.
2023-05-23 10:28:03,674 [a469ef55-9a66-4c89-903c-187a01270f46-groupManagement] INFO  ratis.ContainerStateMachine (ContainerStateMachine.java:loadSnapshot(262)) - group-4DE6E43F8739: The snapshot info is null. Setting the last applied indexto:(t:0, i:~)
2023-05-23 10:28:03,674 [a469ef55-9a66-4c89-903c-187a01270f46-groupManagement] INFO  server.RaftServerConfigKeys (ConfUtils.java:logGet(46)) - raft.server.log.use.memory = false (default)
2023-05-23 10:28:03,674 [a469ef55-9a66-4c89-903c-187a01270f46-groupManagement] INFO  server.RaftServerConfigKeys (ConfUtils.java:logGet(46)) - raft.server.log.purge.gap = 1000000 (custom)
2023-05-23 10:28:03,674 [a469ef55-9a66-4c89-903c-187a01270f46-groupManagement] INFO  server.RaftServerConfigKeys (ConfUtils.java:logGet(46)) - raft.server.log.appender.buffer.byte-limit = 33554432 (custom)
2023-05-23 10:28:03,674 [a469ef55-9a66-4c89-903c-187a01270f46-groupManagement] INFO  server.RaftServerConfigKeys (ConfUtils.java:logGet(46)) - raft.server.log.statemachine.data.read.timeout = 1000ms (default)
2023-05-23 10:28:03,674 [a469ef55-9a66-4c89-903c-187a01270f46-groupManagement] INFO  server.RaftServerConfigKeys (ConfUtils.java:logGet(46)) - raft.server.log.purge.preservation.log.num = 0 (default)
2023-05-23 10:28:03,674 [a469ef55-9a66-4c89-903c-187a01270f46-groupManagement] INFO  server.RaftServerConfigKeys (ConfUtils.java:logGet(46)) - raft.server.log.segment.size.max = 1048576 (custom)
2023-05-23 10:28:03,675 [EventQueue-OpenPipelineForHealthyPipelineSafeModeRule] INFO  safemode.SCMSafeModeManager (HealthyPipelineSafeModeRule.java:process(137)) - SCM in safe mode. Healthy pipelines reported count is 0, required healthy pipeline reported count is 1
2023-05-23 10:28:03,675 [a469ef55-9a66-4c89-903c-187a01270f46-groupManagement] INFO  server.RaftServerConfigKeys (ConfUtils.java:logGet(46)) - raft.server.log.segment.cache.num.max = 2 (custom)
2023-05-23 10:28:03,676 [a469ef55-9a66-4c89-903c-187a01270f46-groupManagement] INFO  server.RaftServerConfigKeys (ConfUtils.java:logGet(46)) - raft.server.log.segment.cache.size.max = 200MB (=209715200) (default)
2023-05-23 10:28:03,676 [a469ef55-9a66-4c89-903c-187a01270f46-groupManagement] INFO  server.RaftServerConfigKeys (ConfUtils.java:logGet(46)) - raft.server.log.appender.buffer.byte-limit = 33554432 (custom)
2023-05-23 10:28:03,676 [a469ef55-9a66-4c89-903c-187a01270f46-groupManagement] INFO  segmented.SegmentedRaftLogWorker (SegmentedRaftLogWorker.java:<init>(188)) - new a469ef55-9a66-4c89-903c-187a01270f46@group-4DE6E43F8739-SegmentedRaftLogWorker for RaftStorageImpl:Storage Directory /home/runner/work/ozone/ozone/hadoop-ozone/integration-test/target/test-dir/MiniOzoneClusterImpl-61d3b935-36cd-4496-a441-eee01f8c564c/datanode-0/data/ratis/221d147b-12b5-45ed-b68f-4de6e43f8739
2023-05-23 10:28:03,676 [a469ef55-9a66-4c89-903c-187a01270f46-groupManagement] INFO  server.RaftServerConfigKeys (ConfUtils.java:logGet(46)) - raft.server.log.queue.byte-limit = 4294967296 (custom)
2023-05-23 10:28:03,676 [a469ef55-9a66-4c89-903c-187a01270f46-groupManagement] INFO  server.RaftServerConfigKeys (ConfUtils.java:logGet(46)) - raft.server.log.queue.element-limit = 1024 (custom)
2023-05-23 10:28:03,676 [a469ef55-9a66-4c89-903c-187a01270f46-groupManagement] INFO  server.RaftServerConfigKeys (ConfUtils.java:logGet(46)) - raft.server.log.segment.size.max = 1048576 (custom)
2023-05-23 10:28:03,676 [a469ef55-9a66-4c89-903c-187a01270f46-groupManagement] INFO  server.RaftServerConfigKeys (ConfUtils.java:logGet(46)) - raft.server.log.preallocated.size = 16384 (custom)
2023-05-23 10:28:03,676 [a469ef55-9a66-4c89-903c-187a01270f46-groupManagement] INFO  server.RaftServerConfigKeys (ConfUtils.java:logGet(46)) - raft.server.log.force.sync.num = 128 (default)
2023-05-23 10:28:03,676 [a469ef55-9a66-4c89-903c-187a01270f46-groupManagement] INFO  server.RaftServerConfigKeys (ConfUtils.java:logGet(46)) - raft.server.log.statemachine.data.sync = true (default)
2023-05-23 10:28:03,676 [a469ef55-9a66-4c89-903c-187a01270f46-groupManagement] INFO  server.RaftServerConfigKeys (ConfUtils.java:logGet(46)) - raft.server.log.statemachine.data.sync.timeout = 10s (default)
2023-05-23 10:28:03,676 [a469ef55-9a66-4c89-903c-187a01270f46-groupManagement] INFO  server.RaftServerConfigKeys (ConfUtils.java:logGet(46)) - raft.server.log.statemachine.data.sync.timeout.retry = -1 (default)
2023-05-23 10:28:03,676 [a469ef55-9a66-4c89-903c-187a01270f46-groupManagement] INFO  server.RaftServerConfigKeys (ConfUtils.java:logGet(46)) - raft.server.log.write.buffer.size = 1048576 (custom)
2023-05-23 10:28:03,677 [a469ef55-9a66-4c89-903c-187a01270f46-groupManagement] INFO  server.RaftServerConfigKeys (ConfUtils.java:logGet(46)) - raft.server.log.appender.buffer.byte-limit = 33554432 (custom)
2023-05-23 10:28:03,682 [a469ef55-9a66-4c89-903c-187a01270f46-groupManagement] INFO  server.RaftServerConfigKeys (ConfUtils.java:logGet(46)) - raft.server.log.unsafe-flush.enabled = false (default)
2023-05-23 10:28:03,682 [a469ef55-9a66-4c89-903c-187a01270f46-groupManagement] INFO  server.RaftServerConfigKeys (ConfUtils.java:logGet(46)) - raft.server.log.async-flush.enabled = false (default)
2023-05-23 10:28:03,682 [a469ef55-9a66-4c89-903c-187a01270f46-groupManagement] INFO  server.RaftServerConfigKeys (ConfUtils.java:logGet(46)) - raft.server.log.statemachine.data.caching.enabled = true (custom)
2023-05-23 10:28:03,683 [a469ef55-9a66-4c89-903c-187a01270f46-groupManagement] INFO  segmented.SegmentedRaftLogWorker (SegmentedRaftLogWorker.java:lambda$new$0(135)) - a469ef55-9a66-4c89-903c-187a01270f46@group-4DE6E43F8739-SegmentedRaftLogWorker: flushIndex: setUnconditionally 0 -> -1
2023-05-23 10:28:03,683 [a469ef55-9a66-4c89-903c-187a01270f46-groupManagement] INFO  segmented.SegmentedRaftLogWorker (SegmentedRaftLogWorker.java:lambda$new$0(135)) - a469ef55-9a66-4c89-903c-187a01270f46@group-4DE6E43F8739-SegmentedRaftLogWorker: safeCacheEvictIndex: setUnconditionally 0 -> -1
2023-05-23 10:28:03,683 [a469ef55-9a66-4c89-903c-187a01270f46-groupManagement] INFO  server.RaftServer$Division (RaftServerImpl.java:start(342)) - a469ef55-9a66-4c89-903c-187a01270f46@group-4DE6E43F8739: start as a follower, conf=-1: peers:[3ac7e479-6b2c-4ad1-9d02-9355b26abab7|rpc:10.1.0.38:15269|admin:10.1.0.38:15268|client:10.1.0.38:15267|dataStream:10.1.0.38:15270|priority:0|startupRole:FOLLOWER, 2f994218-547f-400b-b588-7f48010df848|rpc:10.1.0.38:15261|admin:10.1.0.38:15260|client:10.1.0.38:15259|dataStream:10.1.0.38:15262|priority:1|startupRole:FOLLOWER, a469ef55-9a66-4c89-903c-187a01270f46|rpc:10.1.0.38:15253|admin:10.1.0.38:15252|client:10.1.0.38:15251|dataStream:10.1.0.38:15254|priority:0|startupRole:FOLLOWER]|listeners:[], old=null
2023-05-23 10:28:03,683 [a469ef55-9a66-4c89-903c-187a01270f46-groupManagement] INFO  server.RaftServer$Division (RaftServerImpl.java:setRole(329)) - a469ef55-9a66-4c89-903c-187a01270f46@group-4DE6E43F8739: changes role from      null to FOLLOWER at term 0 for startAsFollower
2023-05-23 10:28:03,683 [a469ef55-9a66-4c89-903c-187a01270f46-groupManagement] INFO  impl.RoleInfo (RoleInfo.java:updateAndGet(139)) - a469ef55-9a66-4c89-903c-187a01270f46: start a469ef55-9a66-4c89-903c-187a01270f46@group-4DE6E43F8739-FollowerState
2023-05-23 10:28:03,683 [a469ef55-9a66-4c89-903c-187a01270f46-groupManagement] INFO  util.JmxRegister (JmxRegister.java:tryRegister(44)) - Successfully registered JMX Bean with object name Ratis:service=RaftServer,group=group-4DE6E43F8739,id=a469ef55-9a66-4c89-903c-187a01270f46
2023-05-23 10:28:03,684 [a469ef55-9a66-4c89-903c-187a01270f46-groupManagement] INFO  server.RaftServerConfigKeys (ConfUtils.java:logGet(46)) - raft.server.snapshot.auto.trigger.enabled = true (custom)
2023-05-23 10:28:03,684 [a469ef55-9a66-4c89-903c-187a01270f46-groupManagement] INFO  server.RaftServerConfigKeys (ConfUtils.java:logGet(46)) - raft.server.snapshot.auto.trigger.threshold = 10000 (custom)
2023-05-23 10:28:03,684 [a469ef55-9a66-4c89-903c-187a01270f46-groupManagement] INFO  server.RaftServerConfigKeys (ConfUtils.java:logGet(46)) - raft.server.snapshot.retention.file.num = 5 (custom)
2023-05-23 10:28:03,684 [a469ef55-9a66-4c89-903c-187a01270f46-groupManagement] INFO  server.RaftServerConfigKeys (ConfUtils.java:logGet(46)) - raft.server.log.purge.upto.snapshot.index = false (default)
2023-05-23 10:28:03,684 [a469ef55-9a66-4c89-903c-187a01270f46@group-4DE6E43F8739-FollowerState] INFO  server.RaftServerConfigKeys (ConfUtils.java:logFallback(53)) - raft.server.rpc.first-election.timeout.min = 5s (fallback to raft.server.rpc.timeout.min)
2023-05-23 10:28:03,684 [a469ef55-9a66-4c89-903c-187a01270f46@group-4DE6E43F8739-FollowerState] INFO  server.RaftServerConfigKeys (ConfUtils.java:logFallback(53)) - raft.server.rpc.first-election.timeout.max = 5200ms (fallback to raft.server.rpc.timeout.max)
2023-05-23 10:28:03,685 [Command processor thread] INFO  ratis.XceiverServerRatis (XceiverServerRatis.java:addGroup(806)) - Created group PipelineID=221d147b-12b5-45ed-b68f-4de6e43f8739
2023-05-23 10:28:03,699 [grpc-default-executor-0] INFO  server.RaftServer (RaftServerProxy.java:addNew(98)) - 2f994218-547f-400b-b588-7f48010df848: addNew group-4DE6E43F8739:[3ac7e479-6b2c-4ad1-9d02-9355b26abab7|rpc:10.1.0.38:15269|admin:10.1.0.38:15268|client:10.1.0.38:15267|dataStream:10.1.0.38:15270|priority:0|startupRole:FOLLOWER, 2f994218-547f-400b-b588-7f48010df848|rpc:10.1.0.38:15261|admin:10.1.0.38:15260|client:10.1.0.38:15259|dataStream:10.1.0.38:15262|priority:1|startupRole:FOLLOWER, a469ef55-9a66-4c89-903c-187a01270f46|rpc:10.1.0.38:15253|admin:10.1.0.38:15252|client:10.1.0.38:15251|dataStream:10.1.0.38:15254|priority:0|startupRole:FOLLOWER] returns group-4DE6E43F8739:java.util.concurrent.CompletableFuture@5e4d6553[Not completed]
2023-05-23 10:28:03,700 [2f994218-547f-400b-b588-7f48010df848-groupManagement] INFO  server.RaftServer$Division (RaftServerImpl.java:<init>(198)) - 2f994218-547f-400b-b588-7f48010df848: new RaftServerImpl for group-4DE6E43F8739:[3ac7e479-6b2c-4ad1-9d02-9355b26abab7|rpc:10.1.0.38:15269|admin:10.1.0.38:15268|client:10.1.0.38:15267|dataStream:10.1.0.38:15270|priority:0|startupRole:FOLLOWER, 2f994218-547f-400b-b588-7f48010df848|rpc:10.1.0.38:15261|admin:10.1.0.38:15260|client:10.1.0.38:15259|dataStream:10.1.0.38:15262|priority:1|startupRole:FOLLOWER, a469ef55-9a66-4c89-903c-187a01270f46|rpc:10.1.0.38:15253|admin:10.1.0.38:15252|client:10.1.0.38:15251|dataStream:10.1.0.38:15254|priority:0|startupRole:FOLLOWER] with ContainerStateMachine:uninitialized
2023-05-23 10:28:03,700 [2f994218-547f-400b-b588-7f48010df848-groupManagement] INFO  server.RaftServerConfigKeys (ConfUtils.java:logGet(46)) - raft.server.rpc.timeout.min = 5s (custom)
2023-05-23 10:28:03,700 [2f994218-547f-400b-b588-7f48010df848-groupManagement] INFO  server.RaftServerConfigKeys (ConfUtils.java:logGet(46)) - raft.server.rpc.timeout.max = 5200ms (custom)
2023-05-23 10:28:03,700 [2f994218-547f-400b-b588-7f48010df848-groupManagement] INFO  server.RaftServerConfigKeys (ConfUtils.java:logGet(46)) - raft.server.rpc.sleep.time = 25ms (default)
2023-05-23 10:28:03,700 [2f994218-547f-400b-b588-7f48010df848-groupManagement] INFO  server.RaftServerConfigKeys (ConfUtils.java:logGet(46)) - raft.server.rpc.slowness.timeout = 300s (custom)
2023-05-23 10:28:03,700 [2f994218-547f-400b-b588-7f48010df848-groupManagement] INFO  server.RaftServerConfigKeys (ConfUtils.java:logGet(46)) - raft.server.leaderelection.leader.step-down.wait-time = 10s (default)
2023-05-23 10:28:03,701 [2f994218-547f-400b-b588-7f48010df848-groupManagement] INFO  server.RaftServerConfigKeys (ConfUtils.java:logGet(46)) - raft.server.sleep.deviation.threshold = 300ms (default)
2023-05-23 10:28:03,701 [2f994218-547f-400b-b588-7f48010df848-groupManagement] INFO  server.RaftServer$Division (ServerState.java:<init>(120)) - 2f994218-547f-400b-b588-7f48010df848@group-4DE6E43F8739: ConfigurationManager, init=-1: peers:[3ac7e479-6b2c-4ad1-9d02-9355b26abab7|rpc:10.1.0.38:15269|admin:10.1.0.38:15268|client:10.1.0.38:15267|dataStream:10.1.0.38:15270|priority:0|startupRole:FOLLOWER, 2f994218-547f-400b-b588-7f48010df848|rpc:10.1.0.38:15261|admin:10.1.0.38:15260|client:10.1.0.38:15259|dataStream:10.1.0.38:15262|priority:1|startupRole:FOLLOWER, a469ef55-9a66-4c89-903c-187a01270f46|rpc:10.1.0.38:15253|admin:10.1.0.38:15252|client:10.1.0.38:15251|dataStream:10.1.0.38:15254|priority:0|startupRole:FOLLOWER]|listeners:[], old=null, confs=<EMPTY_MAP>
2023-05-23 10:28:03,701 [2f994218-547f-400b-b588-7f48010df848-groupManagement] INFO  server.RaftServerConfigKeys (ConfUtils.java:logGet(46)) - raft.server.storage.dir = [/home/runner/work/ozone/ozone/hadoop-ozone/integration-test/target/test-dir/MiniOzoneClusterImpl-61d3b935-36cd-4496-a441-eee01f8c564c/datanode-1/data/ratis] (custom)
2023-05-23 10:28:03,701 [2f994218-547f-400b-b588-7f48010df848-groupManagement] INFO  server.RaftServerConfigKeys (ConfUtils.java:logGet(46)) - raft.server.log.corruption.policy = EXCEPTION (default)
2023-05-23 10:28:03,701 [2f994218-547f-400b-b588-7f48010df848-groupManagement] INFO  server.RaftServerConfigKeys (ConfUtils.java:logGet(46)) - raft.server.storage.free-space.min = 0MB (=0) (default)
2023-05-23 10:28:03,701 [2f994218-547f-400b-b588-7f48010df848-groupManagement] INFO  server.RaftServerConfigKeys (ConfUtils.java:logGet(46)) - raft.server.notification.no-leader.timeout = 300s (custom)
2023-05-23 10:28:03,701 [2f994218-547f-400b-b588-7f48010df848-groupManagement] INFO  server.RaftServerConfigKeys (ConfUtils.java:logGet(46)) - raft.server.read.timeout = 10s (default)
2023-05-23 10:28:03,701 [2f994218-547f-400b-b588-7f48010df848-groupManagement] INFO  server.RaftServerConfigKeys (ConfUtils.java:logGet(46)) - raft.server.retrycache.expirytime = 600000ms (custom)
2023-05-23 10:28:03,701 [2f994218-547f-400b-b588-7f48010df848-groupManagement] INFO  server.RaftServerConfigKeys (ConfUtils.java:logGet(46)) - raft.server.retrycache.statistics.expirytime = 100μs (default)
2023-05-23 10:28:03,701 [2f994218-547f-400b-b588-7f48010df848-groupManagement] INFO  server.RaftServerConfigKeys (ConfUtils.java:logGet(46)) - raft.server.read.option = DEFAULT (default)
2023-05-23 10:28:03,702 [2f994218-547f-400b-b588-7f48010df848-groupManagement] INFO  server.RaftServerConfigKeys (ConfUtils.java:logGet(46)) - raft.server.rpc.request.timeout = 60s (custom)
2023-05-23 10:28:03,702 [2f994218-547f-400b-b588-7f48010df848-groupManagement] INFO  server.RaftServerConfigKeys (ConfUtils.java:logGet(46)) - raft.server.log.appender.install.snapshot.enabled = false (custom)
2023-05-23 10:28:03,702 [2f994218-547f-400b-b588-7f48010df848-groupManagement] INFO  server.RaftServerConfigKeys (ConfUtils.java:logGet(46)) - raft.server.threadpool.server.cached = true (default)
2023-05-23 10:28:03,702 [2f994218-547f-400b-b588-7f48010df848-groupManagement] INFO  server.RaftServerConfigKeys (ConfUtils.java:logGet(46)) - raft.server.threadpool.server.size = 0 (default)
2023-05-23 10:28:03,702 [2f994218-547f-400b-b588-7f48010df848-groupManagement] INFO  server.RaftServerConfigKeys (ConfUtils.java:logGet(46)) - raft.server.threadpool.client.cached = true (default)
2023-05-23 10:28:03,702 [2f994218-547f-400b-b588-7f48010df848-groupManagement] INFO  server.RaftServerConfigKeys (ConfUtils.java:logGet(46)) - raft.server.threadpool.client.size = 0 (default)
2023-05-23 10:28:03,702 [2f994218-547f-400b-b588-7f48010df848-groupManagement] INFO  storage.RaftStorageDirectory (RaftStorageDirectoryImpl.java:analyzeStorage(137)) - The storage directory /home/runner/work/ozone/ozone/hadoop-ozone/integration-test/target/test-dir/MiniOzoneClusterImpl-61d3b935-36cd-4496-a441-eee01f8c564c/datanode-1/data/ratis/221d147b-12b5-45ed-b68f-4de6e43f8739 does not exist. Creating ...
2023-05-23 10:28:03,704 [2f994218-547f-400b-b588-7f48010df848-groupManagement] INFO  storage.RaftStorageDirectory (RaftStorageDirectoryImpl.java:tryLock(231)) - Lock on /home/runner/work/ozone/ozone/hadoop-ozone/integration-test/target/test-dir/MiniOzoneClusterImpl-61d3b935-36cd-4496-a441-eee01f8c564c/datanode-1/data/ratis/221d147b-12b5-45ed-b68f-4de6e43f8739/in_use.lock acquired by nodename 10384@fv-az1249-304
2023-05-23 10:28:03,705 [2f994218-547f-400b-b588-7f48010df848-groupManagement] INFO  storage.RaftStorage (RaftStorageImpl.java:format(96)) - Storage directory /home/runner/work/ozone/ozone/hadoop-ozone/integration-test/target/test-dir/MiniOzoneClusterImpl-61d3b935-36cd-4496-a441-eee01f8c564c/datanode-1/data/ratis/221d147b-12b5-45ed-b68f-4de6e43f8739 has been successfully formatted.
2023-05-23 10:28:03,706 [2f994218-547f-400b-b588-7f48010df848-groupManagement] INFO  ratis.ContainerStateMachine (ContainerStateMachine.java:loadSnapshot(262)) - group-4DE6E43F8739: The snapshot info is null. Setting the last applied indexto:(t:0, i:~)
2023-05-23 10:28:03,706 [2f994218-547f-400b-b588-7f48010df848-groupManagement] INFO  server.RaftServerConfigKeys (ConfUtils.java:logGet(46)) - raft.server.log.use.memory = false (default)
2023-05-23 10:28:03,706 [2f994218-547f-400b-b588-7f48010df848-groupManagement] INFO  server.RaftServerConfigKeys (ConfUtils.java:logGet(46)) - raft.server.log.purge.gap = 1000000 (custom)
2023-05-23 10:28:03,707 [2f994218-547f-400b-b588-7f48010df848-groupManagement] INFO  server.RaftServerConfigKeys (ConfUtils.java:logGet(46)) - raft.server.log.appender.buffer.byte-limit = 33554432 (custom)
2023-05-23 10:28:03,707 [2f994218-547f-400b-b588-7f48010df848-groupManagement] INFO  server.RaftServerConfigKeys (ConfUtils.java:logGet(46)) - raft.server.log.statemachine.data.read.timeout = 1000ms (default)
2023-05-23 10:28:03,707 [2f994218-547f-400b-b588-7f48010df848-groupManagement] INFO  server.RaftServerConfigKeys (ConfUtils.java:logGet(46)) - raft.server.log.purge.preservation.log.num = 0 (default)
2023-05-23 10:28:03,708 [2f994218-547f-400b-b588-7f48010df848-groupManagement] INFO  server.RaftServerConfigKeys (ConfUtils.java:logGet(46)) - raft.server.log.segment.size.max = 1048576 (custom)
2023-05-23 10:28:03,708 [2f994218-547f-400b-b588-7f48010df848-groupManagement] INFO  server.RaftServerConfigKeys (ConfUtils.java:logGet(46)) - raft.server.log.segment.cache.num.max = 2 (custom)
2023-05-23 10:28:03,708 [2f994218-547f-400b-b588-7f48010df848-groupManagement] INFO  server.RaftServerConfigKeys (ConfUtils.java:logGet(46)) - raft.server.log.segment.cache.size.max = 200MB (=209715200) (default)
2023-05-23 10:28:03,708 [2f994218-547f-400b-b588-7f48010df848-groupManagement] INFO  server.RaftServerConfigKeys (ConfUtils.java:logGet(46)) - raft.server.log.appender.buffer.byte-limit = 33554432 (custom)
2023-05-23 10:28:03,708 [2f994218-547f-400b-b588-7f48010df848-groupManagement] INFO  segmented.SegmentedRaftLogWorker (SegmentedRaftLogWorker.java:<init>(188)) - new 2f994218-547f-400b-b588-7f48010df848@group-4DE6E43F8739-SegmentedRaftLogWorker for RaftStorageImpl:Storage Directory /home/runner/work/ozone/ozone/hadoop-ozone/integration-test/target/test-dir/MiniOzoneClusterImpl-61d3b935-36cd-4496-a441-eee01f8c564c/datanode-1/data/ratis/221d147b-12b5-45ed-b68f-4de6e43f8739
2023-05-23 10:28:03,708 [2f994218-547f-400b-b588-7f48010df848-groupManagement] INFO  server.RaftServerConfigKeys (ConfUtils.java:logGet(46)) - raft.server.log.queue.byte-limit = 4294967296 (custom)
2023-05-23 10:28:03,708 [2f994218-547f-400b-b588-7f48010df848-groupManagement] INFO  server.RaftServerConfigKeys (ConfUtils.java:logGet(46)) - raft.server.log.queue.element-limit = 1024 (custom)
2023-05-23 10:28:03,708 [2f994218-547f-400b-b588-7f48010df848-groupManagement] INFO  server.RaftServerConfigKeys (ConfUtils.java:logGet(46)) - raft.server.log.segment.size.max = 1048576 (custom)
2023-05-23 10:28:03,708 [2f994218-547f-400b-b588-7f48010df848-groupManagement] INFO  server.RaftServerConfigKeys (ConfUtils.java:logGet(46)) - raft.server.log.preallocated.size = 16384 (custom)
2023-05-23 10:28:03,708 [2f994218-547f-400b-b588-7f48010df848-groupManagement] INFO  server.RaftServerConfigKeys (ConfUtils.java:logGet(46)) - raft.server.log.force.sync.num = 128 (default)
2023-05-23 10:28:03,708 [2f994218-547f-400b-b588-7f48010df848-groupManagement] INFO  server.RaftServerConfigKeys (ConfUtils.java:logGet(46)) - raft.server.log.statemachine.data.sync = true (default)
2023-05-23 10:28:03,708 [2f994218-547f-400b-b588-7f48010df848-groupManagement] INFO  server.RaftServerConfigKeys (ConfUtils.java:logGet(46)) - raft.server.log.statemachine.data.sync.timeout = 10s (default)
2023-05-23 10:28:03,708 [2f994218-547f-400b-b588-7f48010df848-groupManagement] INFO  server.RaftServerConfigKeys (ConfUtils.java:logGet(46)) - raft.server.log.statemachine.data.sync.timeout.retry = -1 (default)
2023-05-23 10:28:03,710 [2f994218-547f-400b-b588-7f48010df848-groupManagement] INFO  server.RaftServerConfigKeys (ConfUtils.java:logGet(46)) - raft.server.log.write.buffer.size = 1048576 (custom)
2023-05-23 10:28:03,711 [2f994218-547f-400b-b588-7f48010df848-groupManagement] INFO  server.RaftServerConfigKeys (ConfUtils.java:logGet(46)) - raft.server.log.appender.buffer.byte-limit = 33554432 (custom)
2023-05-23 10:28:03,716 [2f994218-547f-400b-b588-7f48010df848-groupManagement] INFO  server.RaftServerConfigKeys (ConfUtils.java:logGet(46)) - raft.server.log.unsafe-flush.enabled = false (default)
2023-05-23 10:28:03,716 [2f994218-547f-400b-b588-7f48010df848-groupManagement] INFO  server.RaftServerConfigKeys (ConfUtils.java:logGet(46)) - raft.server.log.async-flush.enabled = false (default)
2023-05-23 10:28:03,716 [2f994218-547f-400b-b588-7f48010df848-groupManagement] INFO  server.RaftServerConfigKeys (ConfUtils.java:logGet(46)) - raft.server.log.statemachine.data.caching.enabled = true (custom)
2023-05-23 10:28:03,716 [2f994218-547f-400b-b588-7f48010df848-groupManagement] INFO  segmented.SegmentedRaftLogWorker (SegmentedRaftLogWorker.java:lambda$new$0(135)) - 2f994218-547f-400b-b588-7f48010df848@group-4DE6E43F8739-SegmentedRaftLogWorker: flushIndex: setUnconditionally 0 -> -1
2023-05-23 10:28:03,717 [2f994218-547f-400b-b588-7f48010df848-groupManagement] INFO  segmented.SegmentedRaftLogWorker (SegmentedRaftLogWorker.java:lambda$new$0(135)) - 2f994218-547f-400b-b588-7f48010df848@group-4DE6E43F8739-SegmentedRaftLogWorker: safeCacheEvictIndex: setUnconditionally 0 -> -1
2023-05-23 10:28:03,721 [2f994218-547f-400b-b588-7f48010df848-groupManagement] INFO  server.RaftServer$Division (RaftServerImpl.java:start(342)) - 2f994218-547f-400b-b588-7f48010df848@group-4DE6E43F8739: start as a follower, conf=-1: peers:[3ac7e479-6b2c-4ad1-9d02-9355b26abab7|rpc:10.1.0.38:15269|admin:10.1.0.38:15268|client:10.1.0.38:15267|dataStream:10.1.0.38:15270|priority:0|startupRole:FOLLOWER, 2f994218-547f-400b-b588-7f48010df848|rpc:10.1.0.38:15261|admin:10.1.0.38:15260|client:10.1.0.38:15259|dataStream:10.1.0.38:15262|priority:1|startupRole:FOLLOWER, a469ef55-9a66-4c89-903c-187a01270f46|rpc:10.1.0.38:15253|admin:10.1.0.38:15252|client:10.1.0.38:15251|dataStream:10.1.0.38:15254|priority:0|startupRole:FOLLOWER]|listeners:[], old=null
2023-05-23 10:28:03,721 [2f994218-547f-400b-b588-7f48010df848-groupManagement] INFO  server.RaftServer$Division (RaftServerImpl.java:setRole(329)) - 2f994218-547f-400b-b588-7f48010df848@group-4DE6E43F8739: changes role from      null to FOLLOWER at term 0 for startAsFollower
2023-05-23 10:28:03,721 [2f994218-547f-400b-b588-7f48010df848-groupManagement] INFO  impl.RoleInfo (RoleInfo.java:updateAndGet(139)) - 2f994218-547f-400b-b588-7f48010df848: start 2f994218-547f-400b-b588-7f48010df848@group-4DE6E43F8739-FollowerState
2023-05-23 10:28:03,721 [2f994218-547f-400b-b588-7f48010df848-groupManagement] INFO  util.JmxRegister (JmxRegister.java:tryRegister(44)) - Successfully registered JMX Bean with object name Ratis:service=RaftServer,group=group-4DE6E43F8739,id=2f994218-547f-400b-b588-7f48010df848
2023-05-23 10:28:03,721 [2f994218-547f-400b-b588-7f48010df848-groupManagement] INFO  server.RaftServerConfigKeys (ConfUtils.java:logGet(46)) - raft.server.snapshot.auto.trigger.enabled = true (custom)
2023-05-23 10:28:03,721 [2f994218-547f-400b-b588-7f48010df848-groupManagement] INFO  server.RaftServerConfigKeys (ConfUtils.java:logGet(46)) - raft.server.snapshot.auto.trigger.threshold = 10000 (custom)
2023-05-23 10:28:03,721 [2f994218-547f-400b-b588-7f48010df848-groupManagement] INFO  server.RaftServerConfigKeys (ConfUtils.java:logGet(46)) - raft.server.snapshot.retention.file.num = 5 (custom)
2023-05-23 10:28:03,721 [2f994218-547f-400b-b588-7f48010df848-groupManagement] INFO  server.RaftServerConfigKeys (ConfUtils.java:logGet(46)) - raft.server.log.purge.upto.snapshot.index = false (default)
2023-05-23 10:28:03,722 [2f994218-547f-400b-b588-7f48010df848@group-4DE6E43F8739-FollowerState] INFO  server.RaftServerConfigKeys (ConfUtils.java:logFallback(53)) - raft.server.rpc.first-election.timeout.min = 5s (fallback to raft.server.rpc.timeout.min)
2023-05-23 10:28:03,722 [2f994218-547f-400b-b588-7f48010df848@group-4DE6E43F8739-FollowerState] INFO  server.RaftServerConfigKeys (ConfUtils.java:logFallback(53)) - raft.server.rpc.first-election.timeout.max = 5200ms (fallback to raft.server.rpc.timeout.max)
2023-05-23 10:28:03,745 [grpc-default-executor-0] INFO  server.RaftServer (RaftServerProxy.java:addNew(98)) - 3ac7e479-6b2c-4ad1-9d02-9355b26abab7: addNew group-4DE6E43F8739:[3ac7e479-6b2c-4ad1-9d02-9355b26abab7|rpc:10.1.0.38:15269|admin:10.1.0.38:15268|client:10.1.0.38:15267|dataStream:10.1.0.38:15270|priority:0|startupRole:FOLLOWER, 2f994218-547f-400b-b588-7f48010df848|rpc:10.1.0.38:15261|admin:10.1.0.38:15260|client:10.1.0.38:15259|dataStream:10.1.0.38:15262|priority:1|startupRole:FOLLOWER, a469ef55-9a66-4c89-903c-187a01270f46|rpc:10.1.0.38:15253|admin:10.1.0.38:15252|client:10.1.0.38:15251|dataStream:10.1.0.38:15254|priority:0|startupRole:FOLLOWER] returns group-4DE6E43F8739:java.util.concurrent.CompletableFuture@1938683c[Not completed]
2023-05-23 10:28:03,758 [3ac7e479-6b2c-4ad1-9d02-9355b26abab7-groupManagement] INFO  server.RaftServer$Division (RaftServerImpl.java:<init>(198)) - 3ac7e479-6b2c-4ad1-9d02-9355b26abab7: new RaftServerImpl for group-4DE6E43F8739:[3ac7e479-6b2c-4ad1-9d02-9355b26abab7|rpc:10.1.0.38:15269|admin:10.1.0.38:15268|client:10.1.0.38:15267|dataStream:10.1.0.38:15270|priority:0|startupRole:FOLLOWER, 2f994218-547f-400b-b588-7f48010df848|rpc:10.1.0.38:15261|admin:10.1.0.38:15260|client:10.1.0.38:15259|dataStream:10.1.0.38:15262|priority:1|startupRole:FOLLOWER, a469ef55-9a66-4c89-903c-187a01270f46|rpc:10.1.0.38:15253|admin:10.1.0.38:15252|client:10.1.0.38:15251|dataStream:10.1.0.38:15254|priority:0|startupRole:FOLLOWER] with ContainerStateMachine:uninitialized
2023-05-23 10:28:03,758 [3ac7e479-6b2c-4ad1-9d02-9355b26abab7-groupManagement] INFO  server.RaftServerConfigKeys (ConfUtils.java:logGet(46)) - raft.server.rpc.timeout.min = 5s (custom)
2023-05-23 10:28:03,758 [3ac7e479-6b2c-4ad1-9d02-9355b26abab7-groupManagement] INFO  server.RaftServerConfigKeys (ConfUtils.java:logGet(46)) - raft.server.rpc.timeout.max = 5200ms (custom)
2023-05-23 10:28:03,758 [3ac7e479-6b2c-4ad1-9d02-9355b26abab7-groupManagement] INFO  server.RaftServerConfigKeys (ConfUtils.java:logGet(46)) - raft.server.rpc.sleep.time = 25ms (default)
2023-05-23 10:28:03,758 [3ac7e479-6b2c-4ad1-9d02-9355b26abab7-groupManagement] INFO  server.RaftServerConfigKeys (ConfUtils.java:logGet(46)) - raft.server.rpc.slowness.timeout = 300s (custom)
2023-05-23 10:28:03,758 [3ac7e479-6b2c-4ad1-9d02-9355b26abab7-groupManagement] INFO  server.RaftServerConfigKeys (ConfUtils.java:logGet(46)) - raft.server.leaderelection.leader.step-down.wait-time = 10s (default)
2023-05-23 10:28:03,758 [3ac7e479-6b2c-4ad1-9d02-9355b26abab7-groupManagement] INFO  server.RaftServerConfigKeys (ConfUtils.java:logGet(46)) - raft.server.sleep.deviation.threshold = 300ms (default)
2023-05-23 10:28:03,758 [3ac7e479-6b2c-4ad1-9d02-9355b26abab7-groupManagement] INFO  server.RaftServer$Division (ServerState.java:<init>(120)) - 3ac7e479-6b2c-4ad1-9d02-9355b26abab7@group-4DE6E43F8739: ConfigurationManager, init=-1: peers:[3ac7e479-6b2c-4ad1-9d02-9355b26abab7|rpc:10.1.0.38:15269|admin:10.1.0.38:15268|client:10.1.0.38:15267|dataStream:10.1.0.38:15270|priority:0|startupRole:FOLLOWER, 2f994218-547f-400b-b588-7f48010df848|rpc:10.1.0.38:15261|admin:10.1.0.38:15260|client:10.1.0.38:15259|dataStream:10.1.0.38:15262|priority:1|startupRole:FOLLOWER, a469ef55-9a66-4c89-903c-187a01270f46|rpc:10.1.0.38:15253|admin:10.1.0.38:15252|client:10.1.0.38:15251|dataStream:10.1.0.38:15254|priority:0|startupRole:FOLLOWER]|listeners:[], old=null, confs=<EMPTY_MAP>
2023-05-23 10:28:03,758 [3ac7e479-6b2c-4ad1-9d02-9355b26abab7-groupManagement] INFO  server.RaftServerConfigKeys (ConfUtils.java:logGet(46)) - raft.server.storage.dir = [/home/runner/work/ozone/ozone/hadoop-ozone/integration-test/target/test-dir/MiniOzoneClusterImpl-61d3b935-36cd-4496-a441-eee01f8c564c/datanode-2/data/ratis] (custom)
2023-05-23 10:28:03,758 [3ac7e479-6b2c-4ad1-9d02-9355b26abab7-groupManagement] INFO  server.RaftServerConfigKeys (ConfUtils.java:logGet(46)) - raft.server.log.corruption.policy = EXCEPTION (default)
2023-05-23 10:28:03,759 [3ac7e479-6b2c-4ad1-9d02-9355b26abab7-groupManagement] INFO  server.RaftServerConfigKeys (ConfUtils.java:logGet(46)) - raft.server.storage.free-space.min = 0MB (=0) (default)
2023-05-23 10:28:03,759 [3ac7e479-6b2c-4ad1-9d02-9355b26abab7-groupManagement] INFO  server.RaftServerConfigKeys (ConfUtils.java:logGet(46)) - raft.server.notification.no-leader.timeout = 300s (custom)
2023-05-23 10:28:03,759 [3ac7e479-6b2c-4ad1-9d02-9355b26abab7-groupManagement] INFO  server.RaftServerConfigKeys (ConfUtils.java:logGet(46)) - raft.server.read.timeout = 10s (default)
2023-05-23 10:28:03,759 [3ac7e479-6b2c-4ad1-9d02-9355b26abab7-groupManagement] INFO  server.RaftServerConfigKeys (ConfUtils.java:logGet(46)) - raft.server.retrycache.expirytime = 600000ms (custom)
2023-05-23 10:28:03,759 [3ac7e479-6b2c-4ad1-9d02-9355b26abab7-groupManagement] INFO  server.RaftServerConfigKeys (ConfUtils.java:logGet(46)) - raft.server.retrycache.statistics.expirytime = 100μs (default)
2023-05-23 10:28:03,759 [3ac7e479-6b2c-4ad1-9d02-9355b26abab7-groupManagement] INFO  server.RaftServerConfigKeys (ConfUtils.java:logGet(46)) - raft.server.read.option = DEFAULT (default)
2023-05-23 10:28:03,759 [3ac7e479-6b2c-4ad1-9d02-9355b26abab7-groupManagement] INFO  server.RaftServerConfigKeys (ConfUtils.java:logGet(46)) - raft.server.rpc.request.timeout = 60s (custom)
2023-05-23 10:28:03,759 [3ac7e479-6b2c-4ad1-9d02-9355b26abab7-groupManagement] INFO  server.RaftServerConfigKeys (ConfUtils.java:logGet(46)) - raft.server.log.appender.install.snapshot.enabled = false (custom)
2023-05-23 10:28:03,760 [3ac7e479-6b2c-4ad1-9d02-9355b26abab7-groupManagement] INFO  server.RaftServerConfigKeys (ConfUtils.java:logGet(46)) - raft.server.threadpool.server.cached = true (default)
2023-05-23 10:28:03,760 [3ac7e479-6b2c-4ad1-9d02-9355b26abab7-groupManagement] INFO  server.RaftServerConfigKeys (ConfUtils.java:logGet(46)) - raft.server.threadpool.server.size = 0 (default)
2023-05-23 10:28:03,760 [3ac7e479-6b2c-4ad1-9d02-9355b26abab7-groupManagement] INFO  server.RaftServerConfigKeys (ConfUtils.java:logGet(46)) - raft.server.threadpool.client.cached = true (default)
2023-05-23 10:28:03,760 [3ac7e479-6b2c-4ad1-9d02-9355b26abab7-groupManagement] INFO  server.RaftServerConfigKeys (ConfUtils.java:logGet(46)) - raft.server.threadpool.client.size = 0 (default)
2023-05-23 10:28:03,760 [3ac7e479-6b2c-4ad1-9d02-9355b26abab7-groupManagement] INFO  storage.RaftStorageDirectory (RaftStorageDirectoryImpl.java:analyzeStorage(137)) - The storage directory /home/runner/work/ozone/ozone/hadoop-ozone/integration-test/target/test-dir/MiniOzoneClusterImpl-61d3b935-36cd-4496-a441-eee01f8c564c/datanode-2/data/ratis/221d147b-12b5-45ed-b68f-4de6e43f8739 does not exist. Creating ...
2023-05-23 10:28:03,762 [3ac7e479-6b2c-4ad1-9d02-9355b26abab7-groupManagement] INFO  storage.RaftStorageDirectory (RaftStorageDirectoryImpl.java:tryLock(231)) - Lock on /home/runner/work/ozone/ozone/hadoop-ozone/integration-test/target/test-dir/MiniOzoneClusterImpl-61d3b935-36cd-4496-a441-eee01f8c564c/datanode-2/data/ratis/221d147b-12b5-45ed-b68f-4de6e43f8739/in_use.lock acquired by nodename 10384@fv-az1249-304
2023-05-23 10:28:03,765 [3ac7e479-6b2c-4ad1-9d02-9355b26abab7-groupManagement] INFO  storage.RaftStorage (RaftStorageImpl.java:format(96)) - Storage directory /home/runner/work/ozone/ozone/hadoop-ozone/integration-test/target/test-dir/MiniOzoneClusterImpl-61d3b935-36cd-4496-a441-eee01f8c564c/datanode-2/data/ratis/221d147b-12b5-45ed-b68f-4de6e43f8739 has been successfully formatted.
2023-05-23 10:28:03,766 [3ac7e479-6b2c-4ad1-9d02-9355b26abab7-groupManagement] INFO  ratis.ContainerStateMachine (ContainerStateMachine.java:loadSnapshot(262)) - group-4DE6E43F8739: The snapshot info is null. Setting the last applied indexto:(t:0, i:~)
2023-05-23 10:28:03,766 [3ac7e479-6b2c-4ad1-9d02-9355b26abab7-groupManagement] INFO  server.RaftServerConfigKeys (ConfUtils.java:logGet(46)) - raft.server.log.use.memory = false (default)
2023-05-23 10:28:03,766 [3ac7e479-6b2c-4ad1-9d02-9355b26abab7-groupManagement] INFO  server.RaftServerConfigKeys (ConfUtils.java:logGet(46)) - raft.server.log.purge.gap = 1000000 (custom)
2023-05-23 10:28:03,766 [3ac7e479-6b2c-4ad1-9d02-9355b26abab7-groupManagement] INFO  server.RaftServerConfigKeys (ConfUtils.java:logGet(46)) - raft.server.log.appender.buffer.byte-limit = 33554432 (custom)
2023-05-23 10:28:03,767 [3ac7e479-6b2c-4ad1-9d02-9355b26abab7-groupManagement] INFO  server.RaftServerConfigKeys (ConfUtils.java:logGet(46)) - raft.server.log.statemachine.data.read.timeout = 1000ms (default)
2023-05-23 10:28:03,767 [3ac7e479-6b2c-4ad1-9d02-9355b26abab7-groupManagement] INFO  server.RaftServerConfigKeys (ConfUtils.java:logGet(46)) - raft.server.log.purge.preservation.log.num = 0 (default)
2023-05-23 10:28:03,767 [3ac7e479-6b2c-4ad1-9d02-9355b26abab7-groupManagement] INFO  server.RaftServerConfigKeys (ConfUtils.java:logGet(46)) - raft.server.log.segment.size.max = 1048576 (custom)
2023-05-23 10:28:03,767 [3ac7e479-6b2c-4ad1-9d02-9355b26abab7-groupManagement] INFO  server.RaftServerConfigKeys (ConfUtils.java:logGet(46)) - raft.server.log.segment.cache.num.max = 2 (custom)
2023-05-23 10:28:03,767 [3ac7e479-6b2c-4ad1-9d02-9355b26abab7-groupManagement] INFO  server.RaftServerConfigKeys (ConfUtils.java:logGet(46)) - raft.server.log.segment.cache.size.max = 200MB (=209715200) (default)
2023-05-23 10:28:03,767 [3ac7e479-6b2c-4ad1-9d02-9355b26abab7-groupManagement] INFO  server.RaftServerConfigKeys (ConfUtils.java:logGet(46)) - raft.server.log.appender.buffer.byte-limit = 33554432 (custom)
2023-05-23 10:28:03,767 [3ac7e479-6b2c-4ad1-9d02-9355b26abab7-groupManagement] INFO  segmented.SegmentedRaftLogWorker (SegmentedRaftLogWorker.java:<init>(188)) - new 3ac7e479-6b2c-4ad1-9d02-9355b26abab7@group-4DE6E43F8739-SegmentedRaftLogWorker for RaftStorageImpl:Storage Directory /home/runner/work/ozone/ozone/hadoop-ozone/integration-test/target/test-dir/MiniOzoneClusterImpl-61d3b935-36cd-4496-a441-eee01f8c564c/datanode-2/data/ratis/221d147b-12b5-45ed-b68f-4de6e43f8739
2023-05-23 10:28:03,767 [3ac7e479-6b2c-4ad1-9d02-9355b26abab7-groupManagement] INFO  server.RaftServerConfigKeys (ConfUtils.java:logGet(46)) - raft.server.log.queue.byte-limit = 4294967296 (custom)
2023-05-23 10:28:03,767 [3ac7e479-6b2c-4ad1-9d02-9355b26abab7-groupManagement] INFO  server.RaftServerConfigKeys (ConfUtils.java:logGet(46)) - raft.server.log.queue.element-limit = 1024 (custom)
2023-05-23 10:28:03,767 [3ac7e479-6b2c-4ad1-9d02-9355b26abab7-groupManagement] INFO  server.RaftServerConfigKeys (ConfUtils.java:logGet(46)) - raft.server.log.segment.size.max = 1048576 (custom)
2023-05-23 10:28:03,767 [3ac7e479-6b2c-4ad1-9d02-9355b26abab7-groupManagement] INFO  server.RaftServerConfigKeys (ConfUtils.java:logGet(46)) - raft.server.log.preallocated.size = 16384 (custom)
2023-05-23 10:28:03,768 [3ac7e479-6b2c-4ad1-9d02-9355b26abab7-groupManagement] INFO  server.RaftServerConfigKeys (ConfUtils.java:logGet(46)) - raft.server.log.force.sync.num = 128 (default)
2023-05-23 10:28:03,768 [3ac7e479-6b2c-4ad1-9d02-9355b26abab7-groupManagement] INFO  server.RaftServerConfigKeys (ConfUtils.java:logGet(46)) - raft.server.log.statemachine.data.sync = true (default)
2023-05-23 10:28:03,768 [3ac7e479-6b2c-4ad1-9d02-9355b26abab7-groupManagement] INFO  server.RaftServerConfigKeys (ConfUtils.java:logGet(46)) - raft.server.log.statemachine.data.sync.timeout = 10s (default)
2023-05-23 10:28:03,768 [3ac7e479-6b2c-4ad1-9d02-9355b26abab7-groupManagement] INFO  server.RaftServerConfigKeys (ConfUtils.java:logGet(46)) - raft.server.log.statemachine.data.sync.timeout.retry = -1 (default)
2023-05-23 10:28:03,768 [3ac7e479-6b2c-4ad1-9d02-9355b26abab7-groupManagement] INFO  server.RaftServerConfigKeys (ConfUtils.java:logGet(46)) - raft.server.log.write.buffer.size = 1048576 (custom)
2023-05-23 10:28:03,769 [3ac7e479-6b2c-4ad1-9d02-9355b26abab7-groupManagement] INFO  server.RaftServerConfigKeys (ConfUtils.java:logGet(46)) - raft.server.log.appender.buffer.byte-limit = 33554432 (custom)
2023-05-23 10:28:03,775 [3ac7e479-6b2c-4ad1-9d02-9355b26abab7-groupManagement] INFO  server.RaftServerConfigKeys (ConfUtils.java:logGet(46)) - raft.server.log.unsafe-flush.enabled = false (default)
2023-05-23 10:28:03,775 [3ac7e479-6b2c-4ad1-9d02-9355b26abab7-groupManagement] INFO  server.RaftServerConfigKeys (ConfUtils.java:logGet(46)) - raft.server.log.async-flush.enabled = false (default)
2023-05-23 10:28:03,775 [3ac7e479-6b2c-4ad1-9d02-9355b26abab7-groupManagement] INFO  server.RaftServerConfigKeys (ConfUtils.java:logGet(46)) - raft.server.log.statemachine.data.caching.enabled = true (custom)
2023-05-23 10:28:03,775 [3ac7e479-6b2c-4ad1-9d02-9355b26abab7-groupManagement] INFO  segmented.SegmentedRaftLogWorker (SegmentedRaftLogWorker.java:lambda$new$0(135)) - 3ac7e479-6b2c-4ad1-9d02-9355b26abab7@group-4DE6E43F8739-SegmentedRaftLogWorker: flushIndex: setUnconditionally 0 -> -1
2023-05-23 10:28:03,775 [3ac7e479-6b2c-4ad1-9d02-9355b26abab7-groupManagement] INFO  segmented.SegmentedRaftLogWorker (SegmentedRaftLogWorker.java:lambda$new$0(135)) - 3ac7e479-6b2c-4ad1-9d02-9355b26abab7@group-4DE6E43F8739-SegmentedRaftLogWorker: safeCacheEvictIndex: setUnconditionally 0 -> -1
2023-05-23 10:28:03,776 [3ac7e479-6b2c-4ad1-9d02-9355b26abab7-groupManagement] INFO  server.RaftServer$Division (RaftServerImpl.java:start(342)) - 3ac7e479-6b2c-4ad1-9d02-9355b26abab7@group-4DE6E43F8739: start as a follower, conf=-1: peers:[3ac7e479-6b2c-4ad1-9d02-9355b26abab7|rpc:10.1.0.38:15269|admin:10.1.0.38:15268|client:10.1.0.38:15267|dataStream:10.1.0.38:15270|priority:0|startupRole:FOLLOWER, 2f994218-547f-400b-b588-7f48010df848|rpc:10.1.0.38:15261|admin:10.1.0.38:15260|client:10.1.0.38:15259|dataStream:10.1.0.38:15262|priority:1|startupRole:FOLLOWER, a469ef55-9a66-4c89-903c-187a01270f46|rpc:10.1.0.38:15253|admin:10.1.0.38:15252|client:10.1.0.38:15251|dataStream:10.1.0.38:15254|priority:0|startupRole:FOLLOWER]|listeners:[], old=null
2023-05-23 10:28:03,776 [3ac7e479-6b2c-4ad1-9d02-9355b26abab7-groupManagement] INFO  server.RaftServer$Division (RaftServerImpl.java:setRole(329)) - 3ac7e479-6b2c-4ad1-9d02-9355b26abab7@group-4DE6E43F8739: changes role from      null to FOLLOWER at term 0 for startAsFollower
2023-05-23 10:28:03,776 [3ac7e479-6b2c-4ad1-9d02-9355b26abab7-groupManagement] INFO  impl.RoleInfo (RoleInfo.java:updateAndGet(139)) - 3ac7e479-6b2c-4ad1-9d02-9355b26abab7: start 3ac7e479-6b2c-4ad1-9d02-9355b26abab7@group-4DE6E43F8739-FollowerState
2023-05-23 10:28:03,777 [3ac7e479-6b2c-4ad1-9d02-9355b26abab7-groupManagement] INFO  util.JmxRegister (JmxRegister.java:tryRegister(44)) - Successfully registered JMX Bean with object name Ratis:service=RaftServer,group=group-4DE6E43F8739,id=3ac7e479-6b2c-4ad1-9d02-9355b26abab7
2023-05-23 10:28:03,777 [3ac7e479-6b2c-4ad1-9d02-9355b26abab7-groupManagement] INFO  server.RaftServerConfigKeys (ConfUtils.java:logGet(46)) - raft.server.snapshot.auto.trigger.enabled = true (custom)
2023-05-23 10:28:03,777 [3ac7e479-6b2c-4ad1-9d02-9355b26abab7-groupManagement] INFO  server.RaftServerConfigKeys (ConfUtils.java:logGet(46)) - raft.server.snapshot.auto.trigger.threshold = 10000 (custom)
2023-05-23 10:28:03,777 [3ac7e479-6b2c-4ad1-9d02-9355b26abab7-groupManagement] INFO  server.RaftServerConfigKeys (ConfUtils.java:logGet(46)) - raft.server.snapshot.retention.file.num = 5 (custom)
2023-05-23 10:28:03,777 [3ac7e479-6b2c-4ad1-9d02-9355b26abab7-groupManagement] INFO  server.RaftServerConfigKeys (ConfUtils.java:logGet(46)) - raft.server.log.purge.upto.snapshot.index = false (default)
2023-05-23 10:28:03,777 [3ac7e479-6b2c-4ad1-9d02-9355b26abab7@group-4DE6E43F8739-FollowerState] INFO  server.RaftServerConfigKeys (ConfUtils.java:logFallback(53)) - raft.server.rpc.first-election.timeout.min = 5s (fallback to raft.server.rpc.timeout.min)
2023-05-23 10:28:03,778 [3ac7e479-6b2c-4ad1-9d02-9355b26abab7@group-4DE6E43F8739-FollowerState] INFO  server.RaftServerConfigKeys (ConfUtils.java:logFallback(53)) - raft.server.rpc.first-election.timeout.max = 5200ms (fallback to raft.server.rpc.timeout.max)
2023-05-23 10:28:03,789 [Command processor thread] INFO  commandhandler.CreatePipelineCommandHandler (CreatePipelineCommandHandler.java:handle(113)) - Created Pipeline RATIS THREE PipelineID=221d147b-12b5-45ed-b68f-4de6e43f8739.
2023-05-23 10:28:03,789 [Command processor thread] INFO  server.RaftServer (RaftServerProxy.java:addNew(98)) - a469ef55-9a66-4c89-903c-187a01270f46: addNew group-CC085891EDF4:[3ac7e479-6b2c-4ad1-9d02-9355b26abab7|rpc:10.1.0.38:15269|admin:10.1.0.38:15268|client:10.1.0.38:15267|dataStream:10.1.0.38:15270|priority:0|startupRole:FOLLOWER, 2f994218-547f-400b-b588-7f48010df848|rpc:10.1.0.38:15261|admin:10.1.0.38:15260|client:10.1.0.38:15259|dataStream:10.1.0.38:15262|priority:0|startupRole:FOLLOWER, a469ef55-9a66-4c89-903c-187a01270f46|rpc:10.1.0.38:15253|admin:10.1.0.38:15252|client:10.1.0.38:15251|dataStream:10.1.0.38:15254|priority:1|startupRole:FOLLOWER] returns group-CC085891EDF4:java.util.concurrent.CompletableFuture@2b5a7cb6[Not completed]
2023-05-23 10:28:03,790 [a469ef55-9a66-4c89-903c-187a01270f46-groupManagement] INFO  server.RaftServer$Division (RaftServerImpl.java:<init>(198)) - a469ef55-9a66-4c89-903c-187a01270f46: new RaftServerImpl for group-CC085891EDF4:[3ac7e479-6b2c-4ad1-9d02-9355b26abab7|rpc:10.1.0.38:15269|admin:10.1.0.38:15268|client:10.1.0.38:15267|dataStream:10.1.0.38:15270|priority:0|startupRole:FOLLOWER, 2f994218-547f-400b-b588-7f48010df848|rpc:10.1.0.38:15261|admin:10.1.0.38:15260|client:10.1.0.38:15259|dataStream:10.1.0.38:15262|priority:0|startupRole:FOLLOWER, a469ef55-9a66-4c89-903c-187a01270f46|rpc:10.1.0.38:15253|admin:10.1.0.38:15252|client:10.1.0.38:15251|dataStream:10.1.0.38:15254|priority:1|startupRole:FOLLOWER] with ContainerStateMachine:uninitialized
2023-05-23 10:28:03,791 [a469ef55-9a66-4c89-903c-187a01270f46-groupManagement] INFO  server.RaftServerConfigKeys (ConfUtils.java:logGet(46)) - raft.server.rpc.timeout.min = 5s (custom)
2023-05-23 10:28:03,791 [a469ef55-9a66-4c89-903c-187a01270f46-groupManagement] INFO  server.RaftServerConfigKeys (ConfUtils.java:logGet(46)) - raft.server.rpc.timeout.max = 5200ms (custom)
2023-05-23 10:28:03,791 [a469ef55-9a66-4c89-903c-187a01270f46-groupManagement] INFO  server.RaftServerConfigKeys (ConfUtils.java:logGet(46)) - raft.server.rpc.sleep.time = 25ms (default)
2023-05-23 10:28:03,791 [a469ef55-9a66-4c89-903c-187a01270f46-groupManagement] INFO  server.RaftServerConfigKeys (ConfUtils.java:logGet(46)) - raft.server.rpc.slowness.timeout = 300s (custom)
2023-05-23 10:28:03,791 [a469ef55-9a66-4c89-903c-187a01270f46-groupManagement] INFO  server.RaftServerConfigKeys (ConfUtils.java:logGet(46)) - raft.server.leaderelection.leader.step-down.wait-time = 10s (default)
2023-05-23 10:28:03,791 [a469ef55-9a66-4c89-903c-187a01270f46-groupManagement] INFO  server.RaftServerConfigKeys (ConfUtils.java:logGet(46)) - raft.server.sleep.deviation.threshold = 300ms (default)
2023-05-23 10:28:03,791 [a469ef55-9a66-4c89-903c-187a01270f46-groupManagement] INFO  server.RaftServer$Division (ServerState.java:<init>(120)) - a469ef55-9a66-4c89-903c-187a01270f46@group-CC085891EDF4: ConfigurationManager, init=-1: peers:[3ac7e479-6b2c-4ad1-9d02-9355b26abab7|rpc:10.1.0.38:15269|admin:10.1.0.38:15268|client:10.1.0.38:15267|dataStream:10.1.0.38:15270|priority:0|startupRole:FOLLOWER, 2f994218-547f-400b-b588-7f48010df848|rpc:10.1.0.38:15261|admin:10.1.0.38:15260|client:10.1.0.38:15259|dataStream:10.1.0.38:15262|priority:0|startupRole:FOLLOWER, a469ef55-9a66-4c89-903c-187a01270f46|rpc:10.1.0.38:15253|admin:10.1.0.38:15252|client:10.1.0.38:15251|dataStream:10.1.0.38:15254|priority:1|startupRole:FOLLOWER]|listeners:[], old=null, confs=<EMPTY_MAP>
2023-05-23 10:28:03,791 [a469ef55-9a66-4c89-903c-187a01270f46-groupManagement] INFO  server.RaftServerConfigKeys (ConfUtils.java:logGet(46)) - raft.server.storage.dir = [/home/runner/work/ozone/ozone/hadoop-ozone/integration-test/target/test-dir/MiniOzoneClusterImpl-61d3b935-36cd-4496-a441-eee01f8c564c/datanode-0/data/ratis] (custom)
2023-05-23 10:28:03,791 [a469ef55-9a66-4c89-903c-187a01270f46-groupManagement] INFO  server.RaftServerConfigKeys (ConfUtils.java:logGet(46)) - raft.server.log.corruption.policy = EXCEPTION (default)
2023-05-23 10:28:03,791 [a469ef55-9a66-4c89-903c-187a01270f46-groupManagement] INFO  server.RaftServerConfigKeys (ConfUtils.java:logGet(46)) - raft.server.storage.free-space.min = 0MB (=0) (default)
2023-05-23 10:28:03,791 [a469ef55-9a66-4c89-903c-187a01270f46-groupManagement] INFO  server.RaftServerConfigKeys (ConfUtils.java:logGet(46)) - raft.server.notification.no-leader.timeout = 300s (custom)
2023-05-23 10:28:03,791 [a469ef55-9a66-4c89-903c-187a01270f46-groupManagement] INFO  server.RaftServerConfigKeys (ConfUtils.java:logGet(46)) - raft.server.read.timeout = 10s (default)
2023-05-23 10:28:03,792 [a469ef55-9a66-4c89-903c-187a01270f46-groupManagement] INFO  server.RaftServerConfigKeys (ConfUtils.java:logGet(46)) - raft.server.retrycache.expirytime = 600000ms (custom)
2023-05-23 10:28:03,792 [a469ef55-9a66-4c89-903c-187a01270f46-groupManagement] INFO  server.RaftServerConfigKeys (ConfUtils.java:logGet(46)) - raft.server.retrycache.statistics.expirytime = 100μs (default)
2023-05-23 10:28:03,792 [a469ef55-9a66-4c89-903c-187a01270f46-groupManagement] INFO  server.RaftServerConfigKeys (ConfUtils.java:logGet(46)) - raft.server.read.option = DEFAULT (default)
2023-05-23 10:28:03,792 [a469ef55-9a66-4c89-903c-187a01270f46-groupManagement] INFO  server.RaftServerConfigKeys (ConfUtils.java:logGet(46)) - raft.server.rpc.request.timeout = 60s (custom)
2023-05-23 10:28:03,792 [a469ef55-9a66-4c89-903c-187a01270f46-groupManagement] INFO  server.RaftServerConfigKeys (ConfUtils.java:logGet(46)) - raft.server.log.appender.install.snapshot.enabled = false (custom)
2023-05-23 10:28:03,792 [a469ef55-9a66-4c89-903c-187a01270f46-groupManagement] INFO  server.RaftServerConfigKeys (ConfUtils.java:logGet(46)) - raft.server.threadpool.server.cached = true (default)
2023-05-23 10:28:03,792 [a469ef55-9a66-4c89-903c-187a01270f46-groupManagement] INFO  server.RaftServerConfigKeys (ConfUtils.java:logGet(46)) - raft.server.threadpool.server.size = 0 (default)
2023-05-23 10:28:03,792 [a469ef55-9a66-4c89-903c-187a01270f46-groupManagement] INFO  server.RaftServerConfigKeys (ConfUtils.java:logGet(46)) - raft.server.threadpool.client.cached = true (default)
2023-05-23 10:28:03,792 [a469ef55-9a66-4c89-903c-187a01270f46-groupManagement] INFO  server.RaftServerConfigKeys (ConfUtils.java:logGet(46)) - raft.server.threadpool.client.size = 0 (default)
2023-05-23 10:28:03,792 [a469ef55-9a66-4c89-903c-187a01270f46-groupManagement] INFO  storage.RaftStorageDirectory (RaftStorageDirectoryImpl.java:analyzeStorage(137)) - The storage directory /home/runner/work/ozone/ozone/hadoop-ozone/integration-test/target/test-dir/MiniOzoneClusterImpl-61d3b935-36cd-4496-a441-eee01f8c564c/datanode-0/data/ratis/f62330b8-f372-49ef-96d7-cc085891edf4 does not exist. Creating ...
2023-05-23 10:28:03,794 [a469ef55-9a66-4c89-903c-187a01270f46-groupManagement] INFO  storage.RaftStorageDirectory (RaftStorageDirectoryImpl.java:tryLock(231)) - Lock on /home/runner/work/ozone/ozone/hadoop-ozone/integration-test/target/test-dir/MiniOzoneClusterImpl-61d3b935-36cd-4496-a441-eee01f8c564c/datanode-0/data/ratis/f62330b8-f372-49ef-96d7-cc085891edf4/in_use.lock acquired by nodename 10384@fv-az1249-304
2023-05-23 10:28:03,795 [a469ef55-9a66-4c89-903c-187a01270f46-groupManagement] INFO  storage.RaftStorage (RaftStorageImpl.java:format(96)) - Storage directory /home/runner/work/ozone/ozone/hadoop-ozone/integration-test/target/test-dir/MiniOzoneClusterImpl-61d3b935-36cd-4496-a441-eee01f8c564c/datanode-0/data/ratis/f62330b8-f372-49ef-96d7-cc085891edf4 has been successfully formatted.
2023-05-23 10:28:03,796 [a469ef55-9a66-4c89-903c-187a01270f46-groupManagement] INFO  ratis.ContainerStateMachine (ContainerStateMachine.java:loadSnapshot(262)) - group-CC085891EDF4: The snapshot info is null. Setting the last applied indexto:(t:0, i:~)
2023-05-23 10:28:03,796 [a469ef55-9a66-4c89-903c-187a01270f46-groupManagement] INFO  server.RaftServerConfigKeys (ConfUtils.java:logGet(46)) - raft.server.log.use.memory = false (default)
2023-05-23 10:28:03,796 [a469ef55-9a66-4c89-903c-187a01270f46-groupManagement] INFO  server.RaftServerConfigKeys (ConfUtils.java:logGet(46)) - raft.server.log.purge.gap = 1000000 (custom)
2023-05-23 10:28:03,796 [a469ef55-9a66-4c89-903c-187a01270f46-groupManagement] INFO  server.RaftServerConfigKeys (ConfUtils.java:logGet(46)) - raft.server.log.appender.buffer.byte-limit = 33554432 (custom)
2023-05-23 10:28:03,796 [a469ef55-9a66-4c89-903c-187a01270f46-groupManagement] INFO  server.RaftServerConfigKeys (ConfUtils.java:logGet(46)) - raft.server.log.statemachine.data.read.timeout = 1000ms (default)
2023-05-23 10:28:03,796 [a469ef55-9a66-4c89-903c-187a01270f46-groupManagement] INFO  server.RaftServerConfigKeys (ConfUtils.java:logGet(46)) - raft.server.log.purge.preservation.log.num = 0 (default)
2023-05-23 10:28:03,800 [EventQueue-OpenPipelineForHealthyPipelineSafeModeRule] INFO  safemode.SCMSafeModeManager (HealthyPipelineSafeModeRule.java:process(137)) - SCM in safe mode. Healthy pipelines reported count is 0, required healthy pipeline reported count is 1
2023-05-23 10:28:03,801 [a469ef55-9a66-4c89-903c-187a01270f46-groupManagement] INFO  server.RaftServerConfigKeys (ConfUtils.java:logGet(46)) - raft.server.log.segment.size.max = 1048576 (custom)
2023-05-23 10:28:03,801 [a469ef55-9a66-4c89-903c-187a01270f46-groupManagement] INFO  server.RaftServerConfigKeys (ConfUtils.java:logGet(46)) - raft.server.log.segment.cache.num.max = 2 (custom)
2023-05-23 10:28:03,801 [a469ef55-9a66-4c89-903c-187a01270f46-groupManagement] INFO  server.RaftServerConfigKeys (ConfUtils.java:logGet(46)) - raft.server.log.segment.cache.size.max = 200MB (=209715200) (default)
2023-05-23 10:28:03,801 [a469ef55-9a66-4c89-903c-187a01270f46-groupManagement] INFO  server.RaftServerConfigKeys (ConfUtils.java:logGet(46)) - raft.server.log.appender.buffer.byte-limit = 33554432 (custom)
2023-05-23 10:28:03,801 [a469ef55-9a66-4c89-903c-187a01270f46-groupManagement] INFO  segmented.SegmentedRaftLogWorker (SegmentedRaftLogWorker.java:<init>(188)) - new a469ef55-9a66-4c89-903c-187a01270f46@group-CC085891EDF4-SegmentedRaftLogWorker for RaftStorageImpl:Storage Directory /home/runner/work/ozone/ozone/hadoop-ozone/integration-test/target/test-dir/MiniOzoneClusterImpl-61d3b935-36cd-4496-a441-eee01f8c564c/datanode-0/data/ratis/f62330b8-f372-49ef-96d7-cc085891edf4
2023-05-23 10:28:03,801 [a469ef55-9a66-4c89-903c-187a01270f46-groupManagement] INFO  server.RaftServerConfigKeys (ConfUtils.java:logGet(46)) - raft.server.log.queue.byte-limit = 4294967296 (custom)
2023-05-23 10:28:03,801 [a469ef55-9a66-4c89-903c-187a01270f46-groupManagement] INFO  server.RaftServerConfigKeys (ConfUtils.java:logGet(46)) - raft.server.log.queue.element-limit = 1024 (custom)
2023-05-23 10:28:03,801 [a469ef55-9a66-4c89-903c-187a01270f46-groupManagement] INFO  server.RaftServerConfigKeys (ConfUtils.java:logGet(46)) - raft.server.log.segment.size.max = 1048576 (custom)
2023-05-23 10:28:03,801 [a469ef55-9a66-4c89-903c-187a01270f46-groupManagement] INFO  server.RaftServerConfigKeys (ConfUtils.java:logGet(46)) - raft.server.log.preallocated.size = 16384 (custom)
2023-05-23 10:28:03,801 [a469ef55-9a66-4c89-903c-187a01270f46-groupManagement] INFO  server.RaftServerConfigKeys (ConfUtils.java:logGet(46)) - raft.server.log.force.sync.num = 128 (default)
2023-05-23 10:28:03,801 [a469ef55-9a66-4c89-903c-187a01270f46-groupManagement] INFO  server.RaftServerConfigKeys (ConfUtils.java:logGet(46)) - raft.server.log.statemachine.data.sync = true (default)
2023-05-23 10:28:03,801 [a469ef55-9a66-4c89-903c-187a01270f46-groupManagement] INFO  server.RaftServerConfigKeys (ConfUtils.java:logGet(46)) - raft.server.log.statemachine.data.sync.timeout = 10s (default)
2023-05-23 10:28:03,801 [a469ef55-9a66-4c89-903c-187a01270f46-groupManagement] INFO  server.RaftServerConfigKeys (ConfUtils.java:logGet(46)) - raft.server.log.statemachine.data.sync.timeout.retry = -1 (default)
2023-05-23 10:28:03,802 [a469ef55-9a66-4c89-903c-187a01270f46-groupManagement] INFO  server.RaftServerConfigKeys (ConfUtils.java:logGet(46)) - raft.server.log.write.buffer.size = 1048576 (custom)
2023-05-23 10:28:03,803 [a469ef55-9a66-4c89-903c-187a01270f46-groupManagement] INFO  server.RaftServerConfigKeys (ConfUtils.java:logGet(46)) - raft.server.log.appender.buffer.byte-limit = 33554432 (custom)
2023-05-23 10:28:03,808 [a469ef55-9a66-4c89-903c-187a01270f46-groupManagement] INFO  server.RaftServerConfigKeys (ConfUtils.java:logGet(46)) - raft.server.log.unsafe-flush.enabled = false (default)
2023-05-23 10:28:03,808 [a469ef55-9a66-4c89-903c-187a01270f46-groupManagement] INFO  server.RaftServerConfigKeys (ConfUtils.java:logGet(46)) - raft.server.log.async-flush.enabled = false (default)
2023-05-23 10:28:03,808 [a469ef55-9a66-4c89-903c-187a01270f46-groupManagement] INFO  server.RaftServerConfigKeys (ConfUtils.java:logGet(46)) - raft.server.log.statemachine.data.caching.enabled = true (custom)
2023-05-23 10:28:03,808 [a469ef55-9a66-4c89-903c-187a01270f46-groupManagement] INFO  segmented.SegmentedRaftLogWorker (SegmentedRaftLogWorker.java:lambda$new$0(135)) - a469ef55-9a66-4c89-903c-187a01270f46@group-CC085891EDF4-SegmentedRaftLogWorker: flushIndex: setUnconditionally 0 -> -1
2023-05-23 10:28:03,808 [a469ef55-9a66-4c89-903c-187a01270f46-groupManagement] INFO  segmented.SegmentedRaftLogWorker (SegmentedRaftLogWorker.java:lambda$new$0(135)) - a469ef55-9a66-4c89-903c-187a01270f46@group-CC085891EDF4-SegmentedRaftLogWorker: safeCacheEvictIndex: setUnconditionally 0 -> -1
2023-05-23 10:28:03,808 [a469ef55-9a66-4c89-903c-187a01270f46-groupManagement] INFO  server.RaftServer$Division (RaftServerImpl.java:start(342)) - a469ef55-9a66-4c89-903c-187a01270f46@group-CC085891EDF4: start as a follower, conf=-1: peers:[3ac7e479-6b2c-4ad1-9d02-9355b26abab7|rpc:10.1.0.38:15269|admin:10.1.0.38:15268|client:10.1.0.38:15267|dataStream:10.1.0.38:15270|priority:0|startupRole:FOLLOWER, 2f994218-547f-400b-b588-7f48010df848|rpc:10.1.0.38:15261|admin:10.1.0.38:15260|client:10.1.0.38:15259|dataStream:10.1.0.38:15262|priority:0|startupRole:FOLLOWER, a469ef55-9a66-4c89-903c-187a01270f46|rpc:10.1.0.38:15253|admin:10.1.0.38:15252|client:10.1.0.38:15251|dataStream:10.1.0.38:15254|priority:1|startupRole:FOLLOWER]|listeners:[], old=null
2023-05-23 10:28:03,808 [a469ef55-9a66-4c89-903c-187a01270f46-groupManagement] INFO  server.RaftServer$Division (RaftServerImpl.java:setRole(329)) - a469ef55-9a66-4c89-903c-187a01270f46@group-CC085891EDF4: changes role from      null to FOLLOWER at term 0 for startAsFollower
2023-05-23 10:28:03,809 [a469ef55-9a66-4c89-903c-187a01270f46-groupManagement] INFO  impl.RoleInfo (RoleInfo.java:updateAndGet(139)) - a469ef55-9a66-4c89-903c-187a01270f46: start a469ef55-9a66-4c89-903c-187a01270f46@group-CC085891EDF4-FollowerState
2023-05-23 10:28:03,811 [a469ef55-9a66-4c89-903c-187a01270f46-groupManagement] INFO  util.JmxRegister (JmxRegister.java:tryRegister(44)) - Successfully registered JMX Bean with object name Ratis:service=RaftServer,group=group-CC085891EDF4,id=a469ef55-9a66-4c89-903c-187a01270f46
2023-05-23 10:28:03,812 [a469ef55-9a66-4c89-903c-187a01270f46-groupManagement] INFO  server.RaftServerConfigKeys (ConfUtils.java:logGet(46)) - raft.server.snapshot.auto.trigger.enabled = true (custom)
2023-05-23 10:28:03,812 [a469ef55-9a66-4c89-903c-187a01270f46-groupManagement] INFO  server.RaftServerConfigKeys (ConfUtils.java:logGet(46)) - raft.server.snapshot.auto.trigger.threshold = 10000 (custom)
2023-05-23 10:28:03,812 [a469ef55-9a66-4c89-903c-187a01270f46-groupManagement] INFO  server.RaftServerConfigKeys (ConfUtils.java:logGet(46)) - raft.server.snapshot.retention.file.num = 5 (custom)
2023-05-23 10:28:03,812 [a469ef55-9a66-4c89-903c-187a01270f46-groupManagement] INFO  server.RaftServerConfigKeys (ConfUtils.java:logGet(46)) - raft.server.log.purge.upto.snapshot.index = false (default)
2023-05-23 10:28:03,812 [Command processor thread] INFO  ratis.XceiverServerRatis (XceiverServerRatis.java:addGroup(806)) - Created group PipelineID=f62330b8-f372-49ef-96d7-cc085891edf4
2023-05-23 10:28:03,813 [a469ef55-9a66-4c89-903c-187a01270f46@group-CC085891EDF4-FollowerState] INFO  server.RaftServerConfigKeys (ConfUtils.java:logFallback(53)) - raft.server.rpc.first-election.timeout.min = 5s (fallback to raft.server.rpc.timeout.min)
2023-05-23 10:28:03,813 [a469ef55-9a66-4c89-903c-187a01270f46@group-CC085891EDF4-FollowerState] INFO  server.RaftServerConfigKeys (ConfUtils.java:logFallback(53)) - raft.server.rpc.first-election.timeout.max = 5200ms (fallback to raft.server.rpc.timeout.max)
2023-05-23 10:28:03,819 [grpc-default-executor-0] INFO  server.RaftServer (RaftServerProxy.java:addNew(98)) - 3ac7e479-6b2c-4ad1-9d02-9355b26abab7: addNew group-CC085891EDF4:[3ac7e479-6b2c-4ad1-9d02-9355b26abab7|rpc:10.1.0.38:15269|admin:10.1.0.38:15268|client:10.1.0.38:15267|dataStream:10.1.0.38:15270|priority:0|startupRole:FOLLOWER, 2f994218-547f-400b-b588-7f48010df848|rpc:10.1.0.38:15261|admin:10.1.0.38:15260|client:10.1.0.38:15259|dataStream:10.1.0.38:15262|priority:0|startupRole:FOLLOWER, a469ef55-9a66-4c89-903c-187a01270f46|rpc:10.1.0.38:15253|admin:10.1.0.38:15252|client:10.1.0.38:15251|dataStream:10.1.0.38:15254|priority:1|startupRole:FOLLOWER] returns group-CC085891EDF4:java.util.concurrent.CompletableFuture@7ab9cccd[Not completed]
2023-05-23 10:28:03,820 [3ac7e479-6b2c-4ad1-9d02-9355b26abab7-groupManagement] INFO  server.RaftServer$Division (RaftServerImpl.java:<init>(198)) - 3ac7e479-6b2c-4ad1-9d02-9355b26abab7: new RaftServerImpl for group-CC085891EDF4:[3ac7e479-6b2c-4ad1-9d02-9355b26abab7|rpc:10.1.0.38:15269|admin:10.1.0.38:15268|client:10.1.0.38:15267|dataStream:10.1.0.38:15270|priority:0|startupRole:FOLLOWER, 2f994218-547f-400b-b588-7f48010df848|rpc:10.1.0.38:15261|admin:10.1.0.38:15260|client:10.1.0.38:15259|dataStream:10.1.0.38:15262|priority:0|startupRole:FOLLOWER, a469ef55-9a66-4c89-903c-187a01270f46|rpc:10.1.0.38:15253|admin:10.1.0.38:15252|client:10.1.0.38:15251|dataStream:10.1.0.38:15254|priority:1|startupRole:FOLLOWER] with ContainerStateMachine:uninitialized
2023-05-23 10:28:03,820 [3ac7e479-6b2c-4ad1-9d02-9355b26abab7-groupManagement] INFO  server.RaftServerConfigKeys (ConfUtils.java:logGet(46)) - raft.server.rpc.timeout.min = 5s (custom)
2023-05-23 10:28:03,820 [3ac7e479-6b2c-4ad1-9d02-9355b26abab7-groupManagement] INFO  server.RaftServerConfigKeys (ConfUtils.java:logGet(46)) - raft.server.rpc.timeout.max = 5200ms (custom)
2023-05-23 10:28:03,820 [3ac7e479-6b2c-4ad1-9d02-9355b26abab7-groupManagement] INFO  server.RaftServerConfigKeys (ConfUtils.java:logGet(46)) - raft.server.rpc.sleep.time = 25ms (default)
2023-05-23 10:28:03,820 [3ac7e479-6b2c-4ad1-9d02-9355b26abab7-groupManagement] INFO  server.RaftServerConfigKeys (ConfUtils.java:logGet(46)) - raft.server.rpc.slowness.timeout = 300s (custom)
2023-05-23 10:28:03,820 [3ac7e479-6b2c-4ad1-9d02-9355b26abab7-groupManagement] INFO  server.RaftServerConfigKeys (ConfUtils.java:logGet(46)) - raft.server.leaderelection.leader.step-down.wait-time = 10s (default)
2023-05-23 10:28:03,820 [3ac7e479-6b2c-4ad1-9d02-9355b26abab7-groupManagement] INFO  server.RaftServerConfigKeys (ConfUtils.java:logGet(46)) - raft.server.sleep.deviation.threshold = 300ms (default)
2023-05-23 10:28:03,820 [3ac7e479-6b2c-4ad1-9d02-9355b26abab7-groupManagement] INFO  server.RaftServer$Division (ServerState.java:<init>(120)) - 3ac7e479-6b2c-4ad1-9d02-9355b26abab7@group-CC085891EDF4: ConfigurationManager, init=-1: peers:[3ac7e479-6b2c-4ad1-9d02-9355b26abab7|rpc:10.1.0.38:15269|admin:10.1.0.38:15268|client:10.1.0.38:15267|dataStream:10.1.0.38:15270|priority:0|startupRole:FOLLOWER, 2f994218-547f-400b-b588-7f48010df848|rpc:10.1.0.38:15261|admin:10.1.0.38:15260|client:10.1.0.38:15259|dataStream:10.1.0.38:15262|priority:0|startupRole:FOLLOWER, a469ef55-9a66-4c89-903c-187a01270f46|rpc:10.1.0.38:15253|admin:10.1.0.38:15252|client:10.1.0.38:15251|dataStream:10.1.0.38:15254|priority:1|startupRole:FOLLOWER]|listeners:[], old=null, confs=<EMPTY_MAP>
2023-05-23 10:28:03,820 [3ac7e479-6b2c-4ad1-9d02-9355b26abab7-groupManagement] INFO  server.RaftServerConfigKeys (ConfUtils.java:logGet(46)) - raft.server.storage.dir = [/home/runner/work/ozone/ozone/hadoop-ozone/integration-test/target/test-dir/MiniOzoneClusterImpl-61d3b935-36cd-4496-a441-eee01f8c564c/datanode-2/data/ratis] (custom)
2023-05-23 10:28:03,821 [3ac7e479-6b2c-4ad1-9d02-9355b26abab7-groupManagement] INFO  server.RaftServerConfigKeys (ConfUtils.java:logGet(46)) - raft.server.log.corruption.policy = EXCEPTION (default)
2023-05-23 10:28:03,821 [3ac7e479-6b2c-4ad1-9d02-9355b26abab7-groupManagement] INFO  server.RaftServerConfigKeys (ConfUtils.java:logGet(46)) - raft.server.storage.free-space.min = 0MB (=0) (default)
2023-05-23 10:28:03,821 [3ac7e479-6b2c-4ad1-9d02-9355b26abab7-groupManagement] INFO  server.RaftServerConfigKeys (ConfUtils.java:logGet(46)) - raft.server.notification.no-leader.timeout = 300s (custom)
2023-05-23 10:28:03,821 [3ac7e479-6b2c-4ad1-9d02-9355b26abab7-groupManagement] INFO  server.RaftServerConfigKeys (ConfUtils.java:logGet(46)) - raft.server.read.timeout = 10s (default)
2023-05-23 10:28:03,821 [3ac7e479-6b2c-4ad1-9d02-9355b26abab7-groupManagement] INFO  server.RaftServerConfigKeys (ConfUtils.java:logGet(46)) - raft.server.retrycache.expirytime = 600000ms (custom)
2023-05-23 10:28:03,821 [3ac7e479-6b2c-4ad1-9d02-9355b26abab7-groupManagement] INFO  server.RaftServerConfigKeys (ConfUtils.java:logGet(46)) - raft.server.retrycache.statistics.expirytime = 100μs (default)
2023-05-23 10:28:03,821 [3ac7e479-6b2c-4ad1-9d02-9355b26abab7-groupManagement] INFO  server.RaftServerConfigKeys (ConfUtils.java:logGet(46)) - raft.server.read.option = DEFAULT (default)
2023-05-23 10:28:03,821 [3ac7e479-6b2c-4ad1-9d02-9355b26abab7-groupManagement] INFO  server.RaftServerConfigKeys (ConfUtils.java:logGet(46)) - raft.server.rpc.request.timeout = 60s (custom)
2023-05-23 10:28:03,821 [3ac7e479-6b2c-4ad1-9d02-9355b26abab7-groupManagement] INFO  server.RaftServerConfigKeys (ConfUtils.java:logGet(46)) - raft.server.log.appender.install.snapshot.enabled = false (custom)
2023-05-23 10:28:03,821 [3ac7e479-6b2c-4ad1-9d02-9355b26abab7-groupManagement] INFO  server.RaftServerConfigKeys (ConfUtils.java:logGet(46)) - raft.server.threadpool.server.cached = true (default)
2023-05-23 10:28:03,822 [3ac7e479-6b2c-4ad1-9d02-9355b26abab7-groupManagement] INFO  server.RaftServerConfigKeys (ConfUtils.java:logGet(46)) - raft.server.threadpool.server.size = 0 (default)
2023-05-23 10:28:03,822 [3ac7e479-6b2c-4ad1-9d02-9355b26abab7-groupManagement] INFO  server.RaftServerConfigKeys (ConfUtils.java:logGet(46)) - raft.server.threadpool.client.cached = true (default)
2023-05-23 10:28:03,822 [3ac7e479-6b2c-4ad1-9d02-9355b26abab7-groupManagement] INFO  server.RaftServerConfigKeys (ConfUtils.java:logGet(46)) - raft.server.threadpool.client.size = 0 (default)
2023-05-23 10:28:03,822 [3ac7e479-6b2c-4ad1-9d02-9355b26abab7-groupManagement] INFO  storage.RaftStorageDirectory (RaftStorageDirectoryImpl.java:analyzeStorage(137)) - The storage directory /home/runner/work/ozone/ozone/hadoop-ozone/integration-test/target/test-dir/MiniOzoneClusterImpl-61d3b935-36cd-4496-a441-eee01f8c564c/datanode-2/data/ratis/f62330b8-f372-49ef-96d7-cc085891edf4 does not exist. Creating ...
2023-05-23 10:28:03,824 [3ac7e479-6b2c-4ad1-9d02-9355b26abab7-groupManagement] INFO  storage.RaftStorageDirectory (RaftStorageDirectoryImpl.java:tryLock(231)) - Lock on /home/runner/work/ozone/ozone/hadoop-ozone/integration-test/target/test-dir/MiniOzoneClusterImpl-61d3b935-36cd-4496-a441-eee01f8c564c/datanode-2/data/ratis/f62330b8-f372-49ef-96d7-cc085891edf4/in_use.lock acquired by nodename 10384@fv-az1249-304
2023-05-23 10:28:03,826 [3ac7e479-6b2c-4ad1-9d02-9355b26abab7-groupManagement] INFO  storage.RaftStorage (RaftStorageImpl.java:format(96)) - Storage directory /home/runner/work/ozone/ozone/hadoop-ozone/integration-test/target/test-dir/MiniOzoneClusterImpl-61d3b935-36cd-4496-a441-eee01f8c564c/datanode-2/data/ratis/f62330b8-f372-49ef-96d7-cc085891edf4 has been successfully formatted.
2023-05-23 10:28:03,826 [3ac7e479-6b2c-4ad1-9d02-9355b26abab7-groupManagement] INFO  ratis.ContainerStateMachine (ContainerStateMachine.java:loadSnapshot(262)) - group-CC085891EDF4: The snapshot info is null. Setting the last applied indexto:(t:0, i:~)
2023-05-23 10:28:03,826 [3ac7e479-6b2c-4ad1-9d02-9355b26abab7-groupManagement] INFO  server.RaftServerConfigKeys (ConfUtils.java:logGet(46)) - raft.server.log.use.memory = false (default)
2023-05-23 10:28:03,826 [3ac7e479-6b2c-4ad1-9d02-9355b26abab7-groupManagement] INFO  server.RaftServerConfigKeys (ConfUtils.java:logGet(46)) - raft.server.log.purge.gap = 1000000 (custom)
2023-05-23 10:28:03,826 [3ac7e479-6b2c-4ad1-9d02-9355b26abab7-groupManagement] INFO  server.RaftServerConfigKeys (ConfUtils.java:logGet(46)) - raft.server.log.appender.buffer.byte-limit = 33554432 (custom)
2023-05-23 10:28:03,826 [3ac7e479-6b2c-4ad1-9d02-9355b26abab7-groupManagement] INFO  server.RaftServerConfigKeys (ConfUtils.java:logGet(46)) - raft.server.log.statemachine.data.read.timeout = 1000ms (default)
2023-05-23 10:28:03,826 [3ac7e479-6b2c-4ad1-9d02-9355b26abab7-groupManagement] INFO  server.RaftServerConfigKeys (ConfUtils.java:logGet(46)) - raft.server.log.purge.preservation.log.num = 0 (default)
2023-05-23 10:28:03,826 [3ac7e479-6b2c-4ad1-9d02-9355b26abab7-groupManagement] INFO  server.RaftServerConfigKeys (ConfUtils.java:logGet(46)) - raft.server.log.segment.size.max = 1048576 (custom)
2023-05-23 10:28:03,827 [3ac7e479-6b2c-4ad1-9d02-9355b26abab7-groupManagement] INFO  server.RaftServerConfigKeys (ConfUtils.java:logGet(46)) - raft.server.log.segment.cache.num.max = 2 (custom)
2023-05-23 10:28:03,827 [3ac7e479-6b2c-4ad1-9d02-9355b26abab7-groupManagement] INFO  server.RaftServerConfigKeys (ConfUtils.java:logGet(46)) - raft.server.log.segment.cache.size.max = 200MB (=209715200) (default)
2023-05-23 10:28:03,827 [3ac7e479-6b2c-4ad1-9d02-9355b26abab7-groupManagement] INFO  server.RaftServerConfigKeys (ConfUtils.java:logGet(46)) - raft.server.log.appender.buffer.byte-limit = 33554432 (custom)
2023-05-23 10:28:03,827 [3ac7e479-6b2c-4ad1-9d02-9355b26abab7-groupManagement] INFO  segmented.SegmentedRaftLogWorker (SegmentedRaftLogWorker.java:<init>(188)) - new 3ac7e479-6b2c-4ad1-9d02-9355b26abab7@group-CC085891EDF4-SegmentedRaftLogWorker for RaftStorageImpl:Storage Directory /home/runner/work/ozone/ozone/hadoop-ozone/integration-test/target/test-dir/MiniOzoneClusterImpl-61d3b935-36cd-4496-a441-eee01f8c564c/datanode-2/data/ratis/f62330b8-f372-49ef-96d7-cc085891edf4
2023-05-23 10:28:03,827 [3ac7e479-6b2c-4ad1-9d02-9355b26abab7-groupManagement] INFO  server.RaftServerConfigKeys (ConfUtils.java:logGet(46)) - raft.server.log.queue.byte-limit = 4294967296 (custom)
2023-05-23 10:28:03,827 [3ac7e479-6b2c-4ad1-9d02-9355b26abab7-groupManagement] INFO  server.RaftServerConfigKeys (ConfUtils.java:logGet(46)) - raft.server.log.queue.element-limit = 1024 (custom)
2023-05-23 10:28:03,827 [3ac7e479-6b2c-4ad1-9d02-9355b26abab7-groupManagement] INFO  server.RaftServerConfigKeys (ConfUtils.java:logGet(46)) - raft.server.log.segment.size.max = 1048576 (custom)
2023-05-23 10:28:03,827 [3ac7e479-6b2c-4ad1-9d02-9355b26abab7-groupManagement] INFO  server.RaftServerConfigKeys (ConfUtils.java:logGet(46)) - raft.server.log.preallocated.size = 16384 (custom)
2023-05-23 10:28:03,827 [3ac7e479-6b2c-4ad1-9d02-9355b26abab7-groupManagement] INFO  server.RaftServerConfigKeys (ConfUtils.java:logGet(46)) - raft.server.log.force.sync.num = 128 (default)
2023-05-23 10:28:03,827 [3ac7e479-6b2c-4ad1-9d02-9355b26abab7-groupManagement] INFO  server.RaftServerConfigKeys (ConfUtils.java:logGet(46)) - raft.server.log.statemachine.data.sync = true (default)
2023-05-23 10:28:03,827 [3ac7e479-6b2c-4ad1-9d02-9355b26abab7-groupManagement] INFO  server.RaftServerConfigKeys (ConfUtils.java:logGet(46)) - raft.server.log.statemachine.data.sync.timeout = 10s (default)
2023-05-23 10:28:03,827 [3ac7e479-6b2c-4ad1-9d02-9355b26abab7-groupManagement] INFO  server.RaftServerConfigKeys (ConfUtils.java:logGet(46)) - raft.server.log.statemachine.data.sync.timeout.retry = -1 (default)
2023-05-23 10:28:03,827 [3ac7e479-6b2c-4ad1-9d02-9355b26abab7-groupManagement] INFO  server.RaftServerConfigKeys (ConfUtils.java:logGet(46)) - raft.server.log.write.buffer.size = 1048576 (custom)
2023-05-23 10:28:03,828 [3ac7e479-6b2c-4ad1-9d02-9355b26abab7-groupManagement] INFO  server.RaftServerConfigKeys (ConfUtils.java:logGet(46)) - raft.server.log.appender.buffer.byte-limit = 33554432 (custom)
2023-05-23 10:28:03,837 [3ac7e479-6b2c-4ad1-9d02-9355b26abab7-groupManagement] INFO  server.RaftServerConfigKeys (ConfUtils.java:logGet(46)) - raft.server.log.unsafe-flush.enabled = false (default)
2023-05-23 10:28:03,837 [3ac7e479-6b2c-4ad1-9d02-9355b26abab7-groupManagement] INFO  server.RaftServerConfigKeys (ConfUtils.java:logGet(46)) - raft.server.log.async-flush.enabled = false (default)
2023-05-23 10:28:03,837 [3ac7e479-6b2c-4ad1-9d02-9355b26abab7-groupManagement] INFO  server.RaftServerConfigKeys (ConfUtils.java:logGet(46)) - raft.server.log.statemachine.data.caching.enabled = true (custom)
2023-05-23 10:28:03,839 [3ac7e479-6b2c-4ad1-9d02-9355b26abab7-groupManagement] INFO  segmented.SegmentedRaftLogWorker (SegmentedRaftLogWorker.java:lambda$new$0(135)) - 3ac7e479-6b2c-4ad1-9d02-9355b26abab7@group-CC085891EDF4-SegmentedRaftLogWorker: flushIndex: setUnconditionally 0 -> -1
2023-05-23 10:28:03,839 [3ac7e479-6b2c-4ad1-9d02-9355b26abab7-groupManagement] INFO  segmented.SegmentedRaftLogWorker (SegmentedRaftLogWorker.java:lambda$new$0(135)) - 3ac7e479-6b2c-4ad1-9d02-9355b26abab7@group-CC085891EDF4-SegmentedRaftLogWorker: safeCacheEvictIndex: setUnconditionally 0 -> -1
2023-05-23 10:28:03,842 [3ac7e479-6b2c-4ad1-9d02-9355b26abab7-groupManagement] INFO  server.RaftServer$Division (RaftServerImpl.java:start(342)) - 3ac7e479-6b2c-4ad1-9d02-9355b26abab7@group-CC085891EDF4: start as a follower, conf=-1: peers:[3ac7e479-6b2c-4ad1-9d02-9355b26abab7|rpc:10.1.0.38:15269|admin:10.1.0.38:15268|client:10.1.0.38:15267|dataStream:10.1.0.38:15270|priority:0|startupRole:FOLLOWER, 2f994218-547f-400b-b588-7f48010df848|rpc:10.1.0.38:15261|admin:10.1.0.38:15260|client:10.1.0.38:15259|dataStream:10.1.0.38:15262|priority:0|startupRole:FOLLOWER, a469ef55-9a66-4c89-903c-187a01270f46|rpc:10.1.0.38:15253|admin:10.1.0.38:15252|client:10.1.0.38:15251|dataStream:10.1.0.38:15254|priority:1|startupRole:FOLLOWER]|listeners:[], old=null
2023-05-23 10:28:03,842 [3ac7e479-6b2c-4ad1-9d02-9355b26abab7-groupManagement] INFO  server.RaftServer$Division (RaftServerImpl.java:setRole(329)) - 3ac7e479-6b2c-4ad1-9d02-9355b26abab7@group-CC085891EDF4: changes role from      null to FOLLOWER at term 0 for startAsFollower
2023-05-23 10:28:03,843 [3ac7e479-6b2c-4ad1-9d02-9355b26abab7-groupManagement] INFO  impl.RoleInfo (RoleInfo.java:updateAndGet(139)) - 3ac7e479-6b2c-4ad1-9d02-9355b26abab7: start 3ac7e479-6b2c-4ad1-9d02-9355b26abab7@group-CC085891EDF4-FollowerState
2023-05-23 10:28:03,845 [3ac7e479-6b2c-4ad1-9d02-9355b26abab7-groupManagement] INFO  util.JmxRegister (JmxRegister.java:tryRegister(44)) - Successfully registered JMX Bean with object name Ratis:service=RaftServer,group=group-CC085891EDF4,id=3ac7e479-6b2c-4ad1-9d02-9355b26abab7
2023-05-23 10:28:03,845 [3ac7e479-6b2c-4ad1-9d02-9355b26abab7-groupManagement] INFO  server.RaftServerConfigKeys (ConfUtils.java:logGet(46)) - raft.server.snapshot.auto.trigger.enabled = true (custom)
2023-05-23 10:28:03,845 [3ac7e479-6b2c-4ad1-9d02-9355b26abab7-groupManagement] INFO  server.RaftServerConfigKeys (ConfUtils.java:logGet(46)) - raft.server.snapshot.auto.trigger.threshold = 10000 (custom)
2023-05-23 10:28:03,845 [3ac7e479-6b2c-4ad1-9d02-9355b26abab7-groupManagement] INFO  server.RaftServerConfigKeys (ConfUtils.java:logGet(46)) - raft.server.snapshot.retention.file.num = 5 (custom)
2023-05-23 10:28:03,845 [3ac7e479-6b2c-4ad1-9d02-9355b26abab7-groupManagement] INFO  server.RaftServerConfigKeys (ConfUtils.java:logGet(46)) - raft.server.log.purge.upto.snapshot.index = false (default)
2023-05-23 10:28:03,848 [3ac7e479-6b2c-4ad1-9d02-9355b26abab7@group-CC085891EDF4-FollowerState] INFO  server.RaftServerConfigKeys (ConfUtils.java:logFallback(53)) - raft.server.rpc.first-election.timeout.min = 5s (fallback to raft.server.rpc.timeout.min)
2023-05-23 10:28:03,848 [3ac7e479-6b2c-4ad1-9d02-9355b26abab7@group-CC085891EDF4-FollowerState] INFO  server.RaftServerConfigKeys (ConfUtils.java:logFallback(53)) - raft.server.rpc.first-election.timeout.max = 5200ms (fallback to raft.server.rpc.timeout.max)
2023-05-23 10:28:03,878 [grpc-default-executor-0] INFO  server.RaftServer (RaftServerProxy.java:addNew(98)) - 2f994218-547f-400b-b588-7f48010df848: addNew group-CC085891EDF4:[3ac7e479-6b2c-4ad1-9d02-9355b26abab7|rpc:10.1.0.38:15269|admin:10.1.0.38:15268|client:10.1.0.38:15267|dataStream:10.1.0.38:15270|priority:0|startupRole:FOLLOWER, 2f994218-547f-400b-b588-7f48010df848|rpc:10.1.0.38:15261|admin:10.1.0.38:15260|client:10.1.0.38:15259|dataStream:10.1.0.38:15262|priority:0|startupRole:FOLLOWER, a469ef55-9a66-4c89-903c-187a01270f46|rpc:10.1.0.38:15253|admin:10.1.0.38:15252|client:10.1.0.38:15251|dataStream:10.1.0.38:15254|priority:1|startupRole:FOLLOWER] returns group-CC085891EDF4:java.util.concurrent.CompletableFuture@453d9f1b[Not completed]
2023-05-23 10:28:03,879 [2f994218-547f-400b-b588-7f48010df848-groupManagement] INFO  server.RaftServer$Division (RaftServerImpl.java:<init>(198)) - 2f994218-547f-400b-b588-7f48010df848: new RaftServerImpl for group-CC085891EDF4:[3ac7e479-6b2c-4ad1-9d02-9355b26abab7|rpc:10.1.0.38:15269|admin:10.1.0.38:15268|client:10.1.0.38:15267|dataStream:10.1.0.38:15270|priority:0|startupRole:FOLLOWER, 2f994218-547f-400b-b588-7f48010df848|rpc:10.1.0.38:15261|admin:10.1.0.38:15260|client:10.1.0.38:15259|dataStream:10.1.0.38:15262|priority:0|startupRole:FOLLOWER, a469ef55-9a66-4c89-903c-187a01270f46|rpc:10.1.0.38:15253|admin:10.1.0.38:15252|client:10.1.0.38:15251|dataStream:10.1.0.38:15254|priority:1|startupRole:FOLLOWER] with ContainerStateMachine:uninitialized
2023-05-23 10:28:03,879 [2f994218-547f-400b-b588-7f48010df848-groupManagement] INFO  server.RaftServerConfigKeys (ConfUtils.java:logGet(46)) - raft.server.rpc.timeout.min = 5s (custom)
2023-05-23 10:28:03,880 [2f994218-547f-400b-b588-7f48010df848-groupManagement] INFO  server.RaftServerConfigKeys (ConfUtils.java:logGet(46)) - raft.server.rpc.timeout.max = 5200ms (custom)
2023-05-23 10:28:03,880 [2f994218-547f-400b-b588-7f48010df848-groupManagement] INFO  server.RaftServerConfigKeys (ConfUtils.java:logGet(46)) - raft.server.rpc.sleep.time = 25ms (default)
2023-05-23 10:28:03,880 [2f994218-547f-400b-b588-7f48010df848-groupManagement] INFO  server.RaftServerConfigKeys (ConfUtils.java:logGet(46)) - raft.server.rpc.slowness.timeout = 300s (custom)
2023-05-23 10:28:03,880 [2f994218-547f-400b-b588-7f48010df848-groupManagement] INFO  server.RaftServerConfigKeys (ConfUtils.java:logGet(46)) - raft.server.leaderelection.leader.step-down.wait-time = 10s (default)
2023-05-23 10:28:03,880 [2f994218-547f-400b-b588-7f48010df848-groupManagement] INFO  server.RaftServerConfigKeys (ConfUtils.java:logGet(46)) - raft.server.sleep.deviation.threshold = 300ms (default)
2023-05-23 10:28:03,880 [2f994218-547f-400b-b588-7f48010df848-groupManagement] INFO  server.RaftServer$Division (ServerState.java:<init>(120)) - 2f994218-547f-400b-b588-7f48010df848@group-CC085891EDF4: ConfigurationManager, init=-1: peers:[3ac7e479-6b2c-4ad1-9d02-9355b26abab7|rpc:10.1.0.38:15269|admin:10.1.0.38:15268|client:10.1.0.38:15267|dataStream:10.1.0.38:15270|priority:0|startupRole:FOLLOWER, 2f994218-547f-400b-b588-7f48010df848|rpc:10.1.0.38:15261|admin:10.1.0.38:15260|client:10.1.0.38:15259|dataStream:10.1.0.38:15262|priority:0|startupRole:FOLLOWER, a469ef55-9a66-4c89-903c-187a01270f46|rpc:10.1.0.38:15253|admin:10.1.0.38:15252|client:10.1.0.38:15251|dataStream:10.1.0.38:15254|priority:1|startupRole:FOLLOWER]|listeners:[], old=null, confs=<EMPTY_MAP>
2023-05-23 10:28:03,880 [2f994218-547f-400b-b588-7f48010df848-groupManagement] INFO  server.RaftServerConfigKeys (ConfUtils.java:logGet(46)) - raft.server.storage.dir = [/home/runner/work/ozone/ozone/hadoop-ozone/integration-test/target/test-dir/MiniOzoneClusterImpl-61d3b935-36cd-4496-a441-eee01f8c564c/datanode-1/data/ratis] (custom)
2023-05-23 10:28:03,880 [2f994218-547f-400b-b588-7f48010df848-groupManagement] INFO  server.RaftServerConfigKeys (ConfUtils.java:logGet(46)) - raft.server.log.corruption.policy = EXCEPTION (default)
2023-05-23 10:28:03,880 [2f994218-547f-400b-b588-7f48010df848-groupManagement] INFO  server.RaftServerConfigKeys (ConfUtils.java:logGet(46)) - raft.server.storage.free-space.min = 0MB (=0) (default)
2023-05-23 10:28:03,880 [2f994218-547f-400b-b588-7f48010df848-groupManagement] INFO  server.RaftServerConfigKeys (ConfUtils.java:logGet(46)) - raft.server.notification.no-leader.timeout = 300s (custom)
2023-05-23 10:28:03,880 [2f994218-547f-400b-b588-7f48010df848-groupManagement] INFO  server.RaftServerConfigKeys (ConfUtils.java:logGet(46)) - raft.server.read.timeout = 10s (default)
2023-05-23 10:28:03,880 [2f994218-547f-400b-b588-7f48010df848-groupManagement] INFO  server.RaftServerConfigKeys (ConfUtils.java:logGet(46)) - raft.server.retrycache.expirytime = 600000ms (custom)
2023-05-23 10:28:03,880 [2f994218-547f-400b-b588-7f48010df848-groupManagement] INFO  server.RaftServerConfigKeys (ConfUtils.java:logGet(46)) - raft.server.retrycache.statistics.expirytime = 100μs (default)
2023-05-23 10:28:03,880 [2f994218-547f-400b-b588-7f48010df848-groupManagement] INFO  server.RaftServerConfigKeys (ConfUtils.java:logGet(46)) - raft.server.read.option = DEFAULT (default)
2023-05-23 10:28:03,881 [2f994218-547f-400b-b588-7f48010df848-groupManagement] INFO  server.RaftServerConfigKeys (ConfUtils.java:logGet(46)) - raft.server.rpc.request.timeout = 60s (custom)
2023-05-23 10:28:03,881 [2f994218-547f-400b-b588-7f48010df848-groupManagement] INFO  server.RaftServerConfigKeys (ConfUtils.java:logGet(46)) - raft.server.log.appender.install.snapshot.enabled = false (custom)
2023-05-23 10:28:03,881 [2f994218-547f-400b-b588-7f48010df848-groupManagement] INFO  server.RaftServerConfigKeys (ConfUtils.java:logGet(46)) - raft.server.threadpool.server.cached = true (default)
2023-05-23 10:28:03,881 [2f994218-547f-400b-b588-7f48010df848-groupManagement] INFO  server.RaftServerConfigKeys (ConfUtils.java:logGet(46)) - raft.server.threadpool.server.size = 0 (default)
2023-05-23 10:28:03,881 [2f994218-547f-400b-b588-7f48010df848-groupManagement] INFO  server.RaftServerConfigKeys (ConfUtils.java:logGet(46)) - raft.server.threadpool.client.cached = true (default)
2023-05-23 10:28:03,881 [2f994218-547f-400b-b588-7f48010df848-groupManagement] INFO  server.RaftServerConfigKeys (ConfUtils.java:logGet(46)) - raft.server.threadpool.client.size = 0 (default)
2023-05-23 10:28:03,881 [2f994218-547f-400b-b588-7f48010df848-groupManagement] INFO  storage.RaftStorageDirectory (RaftStorageDirectoryImpl.java:analyzeStorage(137)) - The storage directory /home/runner/work/ozone/ozone/hadoop-ozone/integration-test/target/test-dir/MiniOzoneClusterImpl-61d3b935-36cd-4496-a441-eee01f8c564c/datanode-1/data/ratis/f62330b8-f372-49ef-96d7-cc085891edf4 does not exist. Creating ...
2023-05-23 10:28:03,883 [2f994218-547f-400b-b588-7f48010df848-groupManagement] INFO  storage.RaftStorageDirectory (RaftStorageDirectoryImpl.java:tryLock(231)) - Lock on /home/runner/work/ozone/ozone/hadoop-ozone/integration-test/target/test-dir/MiniOzoneClusterImpl-61d3b935-36cd-4496-a441-eee01f8c564c/datanode-1/data/ratis/f62330b8-f372-49ef-96d7-cc085891edf4/in_use.lock acquired by nodename 10384@fv-az1249-304
2023-05-23 10:28:03,884 [2f994218-547f-400b-b588-7f48010df848-groupManagement] INFO  storage.RaftStorage (RaftStorageImpl.java:format(96)) - Storage directory /home/runner/work/ozone/ozone/hadoop-ozone/integration-test/target/test-dir/MiniOzoneClusterImpl-61d3b935-36cd-4496-a441-eee01f8c564c/datanode-1/data/ratis/f62330b8-f372-49ef-96d7-cc085891edf4 has been successfully formatted.
2023-05-23 10:28:03,885 [2f994218-547f-400b-b588-7f48010df848-groupManagement] INFO  ratis.ContainerStateMachine (ContainerStateMachine.java:loadSnapshot(262)) - group-CC085891EDF4: The snapshot info is null. Setting the last applied indexto:(t:0, i:~)
2023-05-23 10:28:03,885 [2f994218-547f-400b-b588-7f48010df848-groupManagement] INFO  server.RaftServerConfigKeys (ConfUtils.java:logGet(46)) - raft.server.log.use.memory = false (default)
2023-05-23 10:28:03,885 [2f994218-547f-400b-b588-7f48010df848-groupManagement] INFO  server.RaftServerConfigKeys (ConfUtils.java:logGet(46)) - raft.server.log.purge.gap = 1000000 (custom)
2023-05-23 10:28:03,886 [2f994218-547f-400b-b588-7f48010df848-groupManagement] INFO  server.RaftServerConfigKeys (ConfUtils.java:logGet(46)) - raft.server.log.appender.buffer.byte-limit = 33554432 (custom)
2023-05-23 10:28:03,886 [2f994218-547f-400b-b588-7f48010df848-groupManagement] INFO  server.RaftServerConfigKeys (ConfUtils.java:logGet(46)) - raft.server.log.statemachine.data.read.timeout = 1000ms (default)
2023-05-23 10:28:03,886 [2f994218-547f-400b-b588-7f48010df848-groupManagement] INFO  server.RaftServerConfigKeys (ConfUtils.java:logGet(46)) - raft.server.log.purge.preservation.log.num = 0 (default)
2023-05-23 10:28:03,886 [2f994218-547f-400b-b588-7f48010df848-groupManagement] INFO  server.RaftServerConfigKeys (ConfUtils.java:logGet(46)) - raft.server.log.segment.size.max = 1048576 (custom)
2023-05-23 10:28:03,887 [2f994218-547f-400b-b588-7f48010df848-groupManagement] INFO  server.RaftServerConfigKeys (ConfUtils.java:logGet(46)) - raft.server.log.segment.cache.num.max = 2 (custom)
2023-05-23 10:28:03,887 [2f994218-547f-400b-b588-7f48010df848-groupManagement] INFO  server.RaftServerConfigKeys (ConfUtils.java:logGet(46)) - raft.server.log.segment.cache.size.max = 200MB (=209715200) (default)
2023-05-23 10:28:03,887 [2f994218-547f-400b-b588-7f48010df848-groupManagement] INFO  server.RaftServerConfigKeys (ConfUtils.java:logGet(46)) - raft.server.log.appender.buffer.byte-limit = 33554432 (custom)
2023-05-23 10:28:03,887 [2f994218-547f-400b-b588-7f48010df848-groupManagement] INFO  segmented.SegmentedRaftLogWorker (SegmentedRaftLogWorker.java:<init>(188)) - new 2f994218-547f-400b-b588-7f48010df848@group-CC085891EDF4-SegmentedRaftLogWorker for RaftStorageImpl:Storage Directory /home/runner/work/ozone/ozone/hadoop-ozone/integration-test/target/test-dir/MiniOzoneClusterImpl-61d3b935-36cd-4496-a441-eee01f8c564c/datanode-1/data/ratis/f62330b8-f372-49ef-96d7-cc085891edf4
2023-05-23 10:28:03,887 [2f994218-547f-400b-b588-7f48010df848-groupManagement] INFO  server.RaftServerConfigKeys (ConfUtils.java:logGet(46)) - raft.server.log.queue.byte-limit = 4294967296 (custom)
2023-05-23 10:28:03,887 [2f994218-547f-400b-b588-7f48010df848-groupManagement] INFO  server.RaftServerConfigKeys (ConfUtils.java:logGet(46)) - raft.server.log.queue.element-limit = 1024 (custom)
2023-05-23 10:28:03,887 [2f994218-547f-400b-b588-7f48010df848-groupManagement] INFO  server.RaftServerConfigKeys (ConfUtils.java:logGet(46)) - raft.server.log.segment.size.max = 1048576 (custom)
2023-05-23 10:28:03,887 [2f994218-547f-400b-b588-7f48010df848-groupManagement] INFO  server.RaftServerConfigKeys (ConfUtils.java:logGet(46)) - raft.server.log.preallocated.size = 16384 (custom)
2023-05-23 10:28:03,887 [2f994218-547f-400b-b588-7f48010df848-groupManagement] INFO  server.RaftServerConfigKeys (ConfUtils.java:logGet(46)) - raft.server.log.force.sync.num = 128 (default)
2023-05-23 10:28:03,887 [2f994218-547f-400b-b588-7f48010df848-groupManagement] INFO  server.RaftServerConfigKeys (ConfUtils.java:logGet(46)) - raft.server.log.statemachine.data.sync = true (default)
2023-05-23 10:28:03,887 [2f994218-547f-400b-b588-7f48010df848-groupManagement] INFO  server.RaftServerConfigKeys (ConfUtils.java:logGet(46)) - raft.server.log.statemachine.data.sync.timeout = 10s (default)
2023-05-23 10:28:03,887 [2f994218-547f-400b-b588-7f48010df848-groupManagement] INFO  server.RaftServerConfigKeys (ConfUtils.java:logGet(46)) - raft.server.log.statemachine.data.sync.timeout.retry = -1 (default)
2023-05-23 10:28:03,888 [2f994218-547f-400b-b588-7f48010df848-groupManagement] INFO  server.RaftServerConfigKeys (ConfUtils.java:logGet(46)) - raft.server.log.write.buffer.size = 1048576 (custom)
2023-05-23 10:28:03,888 [2f994218-547f-400b-b588-7f48010df848-groupManagement] INFO  server.RaftServerConfigKeys (ConfUtils.java:logGet(46)) - raft.server.log.appender.buffer.byte-limit = 33554432 (custom)
2023-05-23 10:28:03,894 [2f994218-547f-400b-b588-7f48010df848-groupManagement] INFO  server.RaftServerConfigKeys (ConfUtils.java:logGet(46)) - raft.server.log.unsafe-flush.enabled = false (default)
2023-05-23 10:28:03,894 [2f994218-547f-400b-b588-7f48010df848-groupManagement] INFO  server.RaftServerConfigKeys (ConfUtils.java:logGet(46)) - raft.server.log.async-flush.enabled = false (default)
2023-05-23 10:28:03,894 [2f994218-547f-400b-b588-7f48010df848-groupManagement] INFO  server.RaftServerConfigKeys (ConfUtils.java:logGet(46)) - raft.server.log.statemachine.data.caching.enabled = true (custom)
2023-05-23 10:28:03,894 [2f994218-547f-400b-b588-7f48010df848-groupManagement] INFO  segmented.SegmentedRaftLogWorker (SegmentedRaftLogWorker.java:lambda$new$0(135)) - 2f994218-547f-400b-b588-7f48010df848@group-CC085891EDF4-SegmentedRaftLogWorker: flushIndex: setUnconditionally 0 -> -1
2023-05-23 10:28:03,894 [2f994218-547f-400b-b588-7f48010df848-groupManagement] INFO  segmented.SegmentedRaftLogWorker (SegmentedRaftLogWorker.java:lambda$new$0(135)) - 2f994218-547f-400b-b588-7f48010df848@group-CC085891EDF4-SegmentedRaftLogWorker: safeCacheEvictIndex: setUnconditionally 0 -> -1
2023-05-23 10:28:03,894 [2f994218-547f-400b-b588-7f48010df848-groupManagement] INFO  server.RaftServer$Division (RaftServerImpl.java:start(342)) - 2f994218-547f-400b-b588-7f48010df848@group-CC085891EDF4: start as a follower, conf=-1: peers:[3ac7e479-6b2c-4ad1-9d02-9355b26abab7|rpc:10.1.0.38:15269|admin:10.1.0.38:15268|client:10.1.0.38:15267|dataStream:10.1.0.38:15270|priority:0|startupRole:FOLLOWER, 2f994218-547f-400b-b588-7f48010df848|rpc:10.1.0.38:15261|admin:10.1.0.38:15260|client:10.1.0.38:15259|dataStream:10.1.0.38:15262|priority:0|startupRole:FOLLOWER, a469ef55-9a66-4c89-903c-187a01270f46|rpc:10.1.0.38:15253|admin:10.1.0.38:15252|client:10.1.0.38:15251|dataStream:10.1.0.38:15254|priority:1|startupRole:FOLLOWER]|listeners:[], old=null
2023-05-23 10:28:03,894 [2f994218-547f-400b-b588-7f48010df848-groupManagement] INFO  server.RaftServer$Division (RaftServerImpl.java:setRole(329)) - 2f994218-547f-400b-b588-7f48010df848@group-CC085891EDF4: changes role from      null to FOLLOWER at term 0 for startAsFollower
2023-05-23 10:28:03,894 [2f994218-547f-400b-b588-7f48010df848-groupManagement] INFO  impl.RoleInfo (RoleInfo.java:updateAndGet(139)) - 2f994218-547f-400b-b588-7f48010df848: start 2f994218-547f-400b-b588-7f48010df848@group-CC085891EDF4-FollowerState
2023-05-23 10:28:03,897 [2f994218-547f-400b-b588-7f48010df848-groupManagement] INFO  util.JmxRegister (JmxRegister.java:tryRegister(44)) - Successfully registered JMX Bean with object name Ratis:service=RaftServer,group=group-CC085891EDF4,id=2f994218-547f-400b-b588-7f48010df848
2023-05-23 10:28:03,897 [2f994218-547f-400b-b588-7f48010df848-groupManagement] INFO  server.RaftServerConfigKeys (ConfUtils.java:logGet(46)) - raft.server.snapshot.auto.trigger.enabled = true (custom)
2023-05-23 10:28:03,897 [2f994218-547f-400b-b588-7f48010df848-groupManagement] INFO  server.RaftServerConfigKeys (ConfUtils.java:logGet(46)) - raft.server.snapshot.auto.trigger.threshold = 10000 (custom)
2023-05-23 10:28:03,897 [2f994218-547f-400b-b588-7f48010df848-groupManagement] INFO  server.RaftServerConfigKeys (ConfUtils.java:logGet(46)) - raft.server.snapshot.retention.file.num = 5 (custom)
2023-05-23 10:28:03,897 [2f994218-547f-400b-b588-7f48010df848-groupManagement] INFO  server.RaftServerConfigKeys (ConfUtils.java:logGet(46)) - raft.server.log.purge.upto.snapshot.index = false (default)
2023-05-23 10:28:03,898 [2f994218-547f-400b-b588-7f48010df848@group-CC085891EDF4-FollowerState] INFO  server.RaftServerConfigKeys (ConfUtils.java:logFallback(53)) - raft.server.rpc.first-election.timeout.min = 5s (fallback to raft.server.rpc.timeout.min)
2023-05-23 10:28:03,898 [2f994218-547f-400b-b588-7f48010df848@group-CC085891EDF4-FollowerState] INFO  server.RaftServerConfigKeys (ConfUtils.java:logFallback(53)) - raft.server.rpc.first-election.timeout.max = 5200ms (fallback to raft.server.rpc.timeout.max)
2023-05-23 10:28:03,902 [Command processor thread] INFO  commandhandler.CreatePipelineCommandHandler (CreatePipelineCommandHandler.java:handle(113)) - Created Pipeline RATIS THREE PipelineID=f62330b8-f372-49ef-96d7-cc085891edf4.
2023-05-23 10:28:03,965 [Listener at 127.0.0.1/15244] INFO  ozone.MiniOzoneClusterImpl (MiniOzoneClusterImpl.java:lambda$waitForClusterToBeReady$0(222)) - Nodes are ready. Got 5 of 5 DN Heartbeats.
2023-05-23 10:28:03,965 [Listener at 127.0.0.1/15244] INFO  ozone.MiniOzoneClusterImpl (MiniOzoneClusterImpl.java:lambda$waitForClusterToBeReady$0(225)) - Waiting for cluster to exit safe mode
2023-05-23 10:28:03,965 [Listener at 127.0.0.1/15244] INFO  ozone.MiniOzoneClusterImpl (MiniOzoneClusterImpl.java:lambda$waitForClusterToBeReady$0(227)) - SCM became leader
2023-05-23 10:28:04,001 [Command processor thread] INFO  server.RaftServer (RaftServerProxy.java:addNew(98)) - 2f994218-547f-400b-b588-7f48010df848: addNew group-37B4E9CD4966:[2f994218-547f-400b-b588-7f48010df848|rpc:10.1.0.38:15261|admin:10.1.0.38:15260|client:10.1.0.38:15259|dataStream:10.1.0.38:15262|priority:1|startupRole:FOLLOWER] returns group-37B4E9CD4966:java.util.concurrent.CompletableFuture@31041e5d[Not completed]
2023-05-23 10:28:04,001 [2f994218-547f-400b-b588-7f48010df848-groupManagement] INFO  server.RaftServer$Division (RaftServerImpl.java:<init>(198)) - 2f994218-547f-400b-b588-7f48010df848: new RaftServerImpl for group-37B4E9CD4966:[2f994218-547f-400b-b588-7f48010df848|rpc:10.1.0.38:15261|admin:10.1.0.38:15260|client:10.1.0.38:15259|dataStream:10.1.0.38:15262|priority:1|startupRole:FOLLOWER] with ContainerStateMachine:uninitialized
2023-05-23 10:28:04,002 [2f994218-547f-400b-b588-7f48010df848-groupManagement] INFO  server.RaftServerConfigKeys (ConfUtils.java:logGet(46)) - raft.server.rpc.timeout.min = 5s (custom)
2023-05-23 10:28:04,002 [2f994218-547f-400b-b588-7f48010df848-groupManagement] INFO  server.RaftServerConfigKeys (ConfUtils.java:logGet(46)) - raft.server.rpc.timeout.max = 5200ms (custom)
2023-05-23 10:28:04,002 [2f994218-547f-400b-b588-7f48010df848-groupManagement] INFO  server.RaftServerConfigKeys (ConfUtils.java:logGet(46)) - raft.server.rpc.sleep.time = 25ms (default)
2023-05-23 10:28:04,002 [2f994218-547f-400b-b588-7f48010df848-groupManagement] INFO  server.RaftServerConfigKeys (ConfUtils.java:logGet(46)) - raft.server.rpc.slowness.timeout = 300s (custom)
2023-05-23 10:28:04,002 [2f994218-547f-400b-b588-7f48010df848-groupManagement] INFO  server.RaftServerConfigKeys (ConfUtils.java:logGet(46)) - raft.server.leaderelection.leader.step-down.wait-time = 10s (default)
2023-05-23 10:28:04,002 [2f994218-547f-400b-b588-7f48010df848-groupManagement] INFO  server.RaftServerConfigKeys (ConfUtils.java:logGet(46)) - raft.server.sleep.deviation.threshold = 300ms (default)
2023-05-23 10:28:04,002 [2f994218-547f-400b-b588-7f48010df848-groupManagement] INFO  server.RaftServer$Division (ServerState.java:<init>(120)) - 2f994218-547f-400b-b588-7f48010df848@group-37B4E9CD4966: ConfigurationManager, init=-1: peers:[2f994218-547f-400b-b588-7f48010df848|rpc:10.1.0.38:15261|admin:10.1.0.38:15260|client:10.1.0.38:15259|dataStream:10.1.0.38:15262|priority:1|startupRole:FOLLOWER]|listeners:[], old=null, confs=<EMPTY_MAP>
2023-05-23 10:28:04,002 [2f994218-547f-400b-b588-7f48010df848-groupManagement] INFO  server.RaftServerConfigKeys (ConfUtils.java:logGet(46)) - raft.server.storage.dir = [/home/runner/work/ozone/ozone/hadoop-ozone/integration-test/target/test-dir/MiniOzoneClusterImpl-61d3b935-36cd-4496-a441-eee01f8c564c/datanode-1/data/ratis] (custom)
2023-05-23 10:28:04,002 [2f994218-547f-400b-b588-7f48010df848-groupManagement] INFO  server.RaftServerConfigKeys (ConfUtils.java:logGet(46)) - raft.server.log.corruption.policy = EXCEPTION (default)
2023-05-23 10:28:04,002 [2f994218-547f-400b-b588-7f48010df848-groupManagement] INFO  server.RaftServerConfigKeys (ConfUtils.java:logGet(46)) - raft.server.storage.free-space.min = 0MB (=0) (default)
2023-05-23 10:28:04,002 [2f994218-547f-400b-b588-7f48010df848-groupManagement] INFO  server.RaftServerConfigKeys (ConfUtils.java:logGet(46)) - raft.server.notification.no-leader.timeout = 300s (custom)
2023-05-23 10:28:04,002 [2f994218-547f-400b-b588-7f48010df848-groupManagement] INFO  server.RaftServerConfigKeys (ConfUtils.java:logGet(46)) - raft.server.read.timeout = 10s (default)
2023-05-23 10:28:04,002 [2f994218-547f-400b-b588-7f48010df848-groupManagement] INFO  server.RaftServerConfigKeys (ConfUtils.java:logGet(46)) - raft.server.retrycache.expirytime = 600000ms (custom)
2023-05-23 10:28:04,002 [2f994218-547f-400b-b588-7f48010df848-groupManagement] INFO  server.RaftServerConfigKeys (ConfUtils.java:logGet(46)) - raft.server.retrycache.statistics.expirytime = 100μs (default)
2023-05-23 10:28:04,002 [2f994218-547f-400b-b588-7f48010df848-groupManagement] INFO  server.RaftServerConfigKeys (ConfUtils.java:logGet(46)) - raft.server.read.option = DEFAULT (default)
2023-05-23 10:28:04,003 [2f994218-547f-400b-b588-7f48010df848-groupManagement] INFO  server.RaftServerConfigKeys (ConfUtils.java:logGet(46)) - raft.server.rpc.request.timeout = 60s (custom)
2023-05-23 10:28:04,003 [2f994218-547f-400b-b588-7f48010df848-groupManagement] INFO  server.RaftServerConfigKeys (ConfUtils.java:logGet(46)) - raft.server.log.appender.install.snapshot.enabled = false (custom)
2023-05-23 10:28:04,003 [2f994218-547f-400b-b588-7f48010df848-groupManagement] INFO  server.RaftServerConfigKeys (ConfUtils.java:logGet(46)) - raft.server.threadpool.server.cached = true (default)
2023-05-23 10:28:04,003 [2f994218-547f-400b-b588-7f48010df848-groupManagement] INFO  server.RaftServerConfigKeys (ConfUtils.java:logGet(46)) - raft.server.threadpool.server.size = 0 (default)
2023-05-23 10:28:04,003 [2f994218-547f-400b-b588-7f48010df848-groupManagement] INFO  server.RaftServerConfigKeys (ConfUtils.java:logGet(46)) - raft.server.threadpool.client.cached = true (default)
2023-05-23 10:28:04,003 [2f994218-547f-400b-b588-7f48010df848-groupManagement] INFO  server.RaftServerConfigKeys (ConfUtils.java:logGet(46)) - raft.server.threadpool.client.size = 0 (default)
2023-05-23 10:28:04,003 [2f994218-547f-400b-b588-7f48010df848-groupManagement] INFO  storage.RaftStorageDirectory (RaftStorageDirectoryImpl.java:analyzeStorage(137)) - The storage directory /home/runner/work/ozone/ozone/hadoop-ozone/integration-test/target/test-dir/MiniOzoneClusterImpl-61d3b935-36cd-4496-a441-eee01f8c564c/datanode-1/data/ratis/3c6d9ab7-6cba-4c07-ae1b-37b4e9cd4966 does not exist. Creating ...
2023-05-23 10:28:04,005 [2f994218-547f-400b-b588-7f48010df848-groupManagement] INFO  storage.RaftStorageDirectory (RaftStorageDirectoryImpl.java:tryLock(231)) - Lock on /home/runner/work/ozone/ozone/hadoop-ozone/integration-test/target/test-dir/MiniOzoneClusterImpl-61d3b935-36cd-4496-a441-eee01f8c564c/datanode-1/data/ratis/3c6d9ab7-6cba-4c07-ae1b-37b4e9cd4966/in_use.lock acquired by nodename 10384@fv-az1249-304
2023-05-23 10:28:04,007 [2f994218-547f-400b-b588-7f48010df848-groupManagement] INFO  storage.RaftStorage (RaftStorageImpl.java:format(96)) - Storage directory /home/runner/work/ozone/ozone/hadoop-ozone/integration-test/target/test-dir/MiniOzoneClusterImpl-61d3b935-36cd-4496-a441-eee01f8c564c/datanode-1/data/ratis/3c6d9ab7-6cba-4c07-ae1b-37b4e9cd4966 has been successfully formatted.
2023-05-23 10:28:04,007 [2f994218-547f-400b-b588-7f48010df848-groupManagement] INFO  ratis.ContainerStateMachine (ContainerStateMachine.java:loadSnapshot(262)) - group-37B4E9CD4966: The snapshot info is null. Setting the last applied indexto:(t:0, i:~)
2023-05-23 10:28:04,008 [2f994218-547f-400b-b588-7f48010df848-groupManagement] INFO  server.RaftServerConfigKeys (ConfUtils.java:logGet(46)) - raft.server.log.use.memory = false (default)
2023-05-23 10:28:04,008 [2f994218-547f-400b-b588-7f48010df848-groupManagement] INFO  server.RaftServerConfigKeys (ConfUtils.java:logGet(46)) - raft.server.log.purge.gap = 1000000 (custom)
2023-05-23 10:28:04,008 [2f994218-547f-400b-b588-7f48010df848-groupManagement] INFO  server.RaftServerConfigKeys (ConfUtils.java:logGet(46)) - raft.server.log.appender.buffer.byte-limit = 33554432 (custom)
2023-05-23 10:28:04,008 [2f994218-547f-400b-b588-7f48010df848-groupManagement] INFO  server.RaftServerConfigKeys (ConfUtils.java:logGet(46)) - raft.server.log.statemachine.data.read.timeout = 1000ms (default)
2023-05-23 10:28:04,008 [2f994218-547f-400b-b588-7f48010df848-groupManagement] INFO  server.RaftServerConfigKeys (ConfUtils.java:logGet(46)) - raft.server.log.purge.preservation.log.num = 0 (default)
2023-05-23 10:28:04,008 [2f994218-547f-400b-b588-7f48010df848-groupManagement] INFO  server.RaftServerConfigKeys (ConfUtils.java:logGet(46)) - raft.server.log.segment.size.max = 1048576 (custom)
2023-05-23 10:28:04,008 [2f994218-547f-400b-b588-7f48010df848-groupManagement] INFO  server.RaftServerConfigKeys (ConfUtils.java:logGet(46)) - raft.server.log.segment.cache.num.max = 2 (custom)
2023-05-23 10:28:04,008 [2f994218-547f-400b-b588-7f48010df848-groupManagement] INFO  server.RaftServerConfigKeys (ConfUtils.java:logGet(46)) - raft.server.log.segment.cache.size.max = 200MB (=209715200) (default)
2023-05-23 10:28:04,008 [2f994218-547f-400b-b588-7f48010df848-groupManagement] INFO  server.RaftServerConfigKeys (ConfUtils.java:logGet(46)) - raft.server.log.appender.buffer.byte-limit = 33554432 (custom)
2023-05-23 10:28:04,008 [2f994218-547f-400b-b588-7f48010df848-groupManagement] INFO  segmented.SegmentedRaftLogWorker (SegmentedRaftLogWorker.java:<init>(188)) - new 2f994218-547f-400b-b588-7f48010df848@group-37B4E9CD4966-SegmentedRaftLogWorker for RaftStorageImpl:Storage Directory /home/runner/work/ozone/ozone/hadoop-ozone/integration-test/target/test-dir/MiniOzoneClusterImpl-61d3b935-36cd-4496-a441-eee01f8c564c/datanode-1/data/ratis/3c6d9ab7-6cba-4c07-ae1b-37b4e9cd4966
2023-05-23 10:28:04,008 [EventQueue-PipelineReportForPipelineReportHandler] INFO  pipeline.PipelineManagerImpl (PipelineManagerImpl.java:openPipeline(367)) - Pipeline Pipeline[ Id: 3c6d9ab7-6cba-4c07-ae1b-37b4e9cd4966, Nodes: 2f994218-547f-400b-b588-7f48010df848(fv-az1249-304/10.1.0.38), ReplicationConfig: RATIS/ONE, State:ALLOCATED, leaderId:2f994218-547f-400b-b588-7f48010df848, CreationTimestamp2023-05-23T10:28:01.004Z[Etc/UTC]] moved to OPEN state
2023-05-23 10:28:04,008 [2f994218-547f-400b-b588-7f48010df848-groupManagement] INFO  server.RaftServerConfigKeys (ConfUtils.java:logGet(46)) - raft.server.log.queue.byte-limit = 4294967296 (custom)
2023-05-23 10:28:04,009 [2f994218-547f-400b-b588-7f48010df848-groupManagement] INFO  server.RaftServerConfigKeys (ConfUtils.java:logGet(46)) - raft.server.log.queue.element-limit = 1024 (custom)
2023-05-23 10:28:04,009 [2f994218-547f-400b-b588-7f48010df848-groupManagement] INFO  server.RaftServerConfigKeys (ConfUtils.java:logGet(46)) - raft.server.log.segment.size.max = 1048576 (custom)
2023-05-23 10:28:04,009 [2f994218-547f-400b-b588-7f48010df848-groupManagement] INFO  server.RaftServerConfigKeys (ConfUtils.java:logGet(46)) - raft.server.log.preallocated.size = 16384 (custom)
2023-05-23 10:28:04,009 [2f994218-547f-400b-b588-7f48010df848-groupManagement] INFO  server.RaftServerConfigKeys (ConfUtils.java:logGet(46)) - raft.server.log.force.sync.num = 128 (default)
2023-05-23 10:28:04,009 [2f994218-547f-400b-b588-7f48010df848-groupManagement] INFO  server.RaftServerConfigKeys (ConfUtils.java:logGet(46)) - raft.server.log.statemachine.data.sync = true (default)
2023-05-23 10:28:04,009 [2f994218-547f-400b-b588-7f48010df848-groupManagement] INFO  server.RaftServerConfigKeys (ConfUtils.java:logGet(46)) - raft.server.log.statemachine.data.sync.timeout = 10s (default)
2023-05-23 10:28:04,009 [2f994218-547f-400b-b588-7f48010df848-groupManagement] INFO  server.RaftServerConfigKeys (ConfUtils.java:logGet(46)) - raft.server.log.statemachine.data.sync.timeout.retry = -1 (default)
2023-05-23 10:28:04,009 [2f994218-547f-400b-b588-7f48010df848-groupManagement] INFO  server.RaftServerConfigKeys (ConfUtils.java:logGet(46)) - raft.server.log.write.buffer.size = 1048576 (custom)
2023-05-23 10:28:04,009 [EventQueue-OpenPipelineForHealthyPipelineSafeModeRule] INFO  safemode.SCMSafeModeManager (HealthyPipelineSafeModeRule.java:process(137)) - SCM in safe mode. Healthy pipelines reported count is 0, required healthy pipeline reported count is 1
2023-05-23 10:28:04,010 [2f994218-547f-400b-b588-7f48010df848-groupManagement] INFO  server.RaftServerConfigKeys (ConfUtils.java:logGet(46)) - raft.server.log.appender.buffer.byte-limit = 33554432 (custom)
2023-05-23 10:28:04,015 [2f994218-547f-400b-b588-7f48010df848-groupManagement] INFO  server.RaftServerConfigKeys (ConfUtils.java:logGet(46)) - raft.server.log.unsafe-flush.enabled = false (default)
2023-05-23 10:28:04,015 [2f994218-547f-400b-b588-7f48010df848-groupManagement] INFO  server.RaftServerConfigKeys (ConfUtils.java:logGet(46)) - raft.server.log.async-flush.enabled = false (default)
2023-05-23 10:28:04,015 [2f994218-547f-400b-b588-7f48010df848-groupManagement] INFO  server.RaftServerConfigKeys (ConfUtils.java:logGet(46)) - raft.server.log.statemachine.data.caching.enabled = true (custom)
2023-05-23 10:28:04,016 [2f994218-547f-400b-b588-7f48010df848-groupManagement] INFO  segmented.SegmentedRaftLogWorker (SegmentedRaftLogWorker.java:lambda$new$0(135)) - 2f994218-547f-400b-b588-7f48010df848@group-37B4E9CD4966-SegmentedRaftLogWorker: flushIndex: setUnconditionally 0 -> -1
2023-05-23 10:28:04,016 [2f994218-547f-400b-b588-7f48010df848-groupManagement] INFO  segmented.SegmentedRaftLogWorker (SegmentedRaftLogWorker.java:lambda$new$0(135)) - 2f994218-547f-400b-b588-7f48010df848@group-37B4E9CD4966-SegmentedRaftLogWorker: safeCacheEvictIndex: setUnconditionally 0 -> -1
2023-05-23 10:28:04,016 [2f994218-547f-400b-b588-7f48010df848-groupManagement] INFO  server.RaftServer$Division (RaftServerImpl.java:start(342)) - 2f994218-547f-400b-b588-7f48010df848@group-37B4E9CD4966: start as a follower, conf=-1: peers:[2f994218-547f-400b-b588-7f48010df848|rpc:10.1.0.38:15261|admin:10.1.0.38:15260|client:10.1.0.38:15259|dataStream:10.1.0.38:15262|priority:1|startupRole:FOLLOWER]|listeners:[], old=null
2023-05-23 10:28:04,016 [2f994218-547f-400b-b588-7f48010df848-groupManagement] INFO  server.RaftServer$Division (RaftServerImpl.java:setRole(329)) - 2f994218-547f-400b-b588-7f48010df848@group-37B4E9CD4966: changes role from      null to FOLLOWER at term 0 for startAsFollower
2023-05-23 10:28:04,016 [2f994218-547f-400b-b588-7f48010df848-groupManagement] INFO  impl.RoleInfo (RoleInfo.java:updateAndGet(139)) - 2f994218-547f-400b-b588-7f48010df848: start 2f994218-547f-400b-b588-7f48010df848@group-37B4E9CD4966-FollowerState
2023-05-23 10:28:04,016 [2f994218-547f-400b-b588-7f48010df848-groupManagement] INFO  util.JmxRegister (JmxRegister.java:tryRegister(44)) - Successfully registered JMX Bean with object name Ratis:service=RaftServer,group=group-37B4E9CD4966,id=2f994218-547f-400b-b588-7f48010df848
2023-05-23 10:28:04,016 [2f994218-547f-400b-b588-7f48010df848@group-37B4E9CD4966-FollowerState] INFO  server.RaftServerConfigKeys (ConfUtils.java:logFallback(53)) - raft.server.rpc.first-election.timeout.min = 5s (fallback to raft.server.rpc.timeout.min)
2023-05-23 10:28:04,016 [2f994218-547f-400b-b588-7f48010df848-groupManagement] INFO  server.RaftServerConfigKeys (ConfUtils.java:logGet(46)) - raft.server.snapshot.auto.trigger.enabled = true (custom)
2023-05-23 10:28:04,016 [2f994218-547f-400b-b588-7f48010df848@group-37B4E9CD4966-FollowerState] INFO  server.RaftServerConfigKeys (ConfUtils.java:logFallback(53)) - raft.server.rpc.first-election.timeout.max = 5200ms (fallback to raft.server.rpc.timeout.max)
2023-05-23 10:28:04,016 [2f994218-547f-400b-b588-7f48010df848-groupManagement] INFO  server.RaftServerConfigKeys (ConfUtils.java:logGet(46)) - raft.server.snapshot.auto.trigger.threshold = 10000 (custom)
2023-05-23 10:28:04,017 [2f994218-547f-400b-b588-7f48010df848-groupManagement] INFO  server.RaftServerConfigKeys (ConfUtils.java:logGet(46)) - raft.server.snapshot.retention.file.num = 5 (custom)
2023-05-23 10:28:04,017 [2f994218-547f-400b-b588-7f48010df848-groupManagement] INFO  server.RaftServerConfigKeys (ConfUtils.java:logGet(46)) - raft.server.log.purge.upto.snapshot.index = false (default)
2023-05-23 10:28:04,017 [Command processor thread] INFO  ratis.XceiverServerRatis (XceiverServerRatis.java:addGroup(806)) - Created group PipelineID=3c6d9ab7-6cba-4c07-ae1b-37b4e9cd4966
2023-05-23 10:28:04,017 [Command processor thread] INFO  commandhandler.CreatePipelineCommandHandler (CreatePipelineCommandHandler.java:handle(113)) - Created Pipeline RATIS ONE PipelineID=3c6d9ab7-6cba-4c07-ae1b-37b4e9cd4966.
2023-05-23 10:28:04,320 [Command processor thread] INFO  server.RaftServer (RaftServerProxy.java:addNew(98)) - 3ac7e479-6b2c-4ad1-9d02-9355b26abab7: addNew group-BAAEFD41DDFE:[3ac7e479-6b2c-4ad1-9d02-9355b26abab7|rpc:10.1.0.38:15269|admin:10.1.0.38:15268|client:10.1.0.38:15267|dataStream:10.1.0.38:15270|priority:1|startupRole:FOLLOWER] returns group-BAAEFD41DDFE:java.util.concurrent.CompletableFuture@5e9a4118[Not completed]
2023-05-23 10:28:04,321 [3ac7e479-6b2c-4ad1-9d02-9355b26abab7-groupManagement] INFO  server.RaftServer$Division (RaftServerImpl.java:<init>(198)) - 3ac7e479-6b2c-4ad1-9d02-9355b26abab7: new RaftServerImpl for group-BAAEFD41DDFE:[3ac7e479-6b2c-4ad1-9d02-9355b26abab7|rpc:10.1.0.38:15269|admin:10.1.0.38:15268|client:10.1.0.38:15267|dataStream:10.1.0.38:15270|priority:1|startupRole:FOLLOWER] with ContainerStateMachine:uninitialized
2023-05-23 10:28:04,321 [3ac7e479-6b2c-4ad1-9d02-9355b26abab7-groupManagement] INFO  server.RaftServerConfigKeys (ConfUtils.java:logGet(46)) - raft.server.rpc.timeout.min = 5s (custom)
2023-05-23 10:28:04,321 [3ac7e479-6b2c-4ad1-9d02-9355b26abab7-groupManagement] INFO  server.RaftServerConfigKeys (ConfUtils.java:logGet(46)) - raft.server.rpc.timeout.max = 5200ms (custom)
2023-05-23 10:28:04,321 [3ac7e479-6b2c-4ad1-9d02-9355b26abab7-groupManagement] INFO  server.RaftServerConfigKeys (ConfUtils.java:logGet(46)) - raft.server.rpc.sleep.time = 25ms (default)
2023-05-23 10:28:04,321 [3ac7e479-6b2c-4ad1-9d02-9355b26abab7-groupManagement] INFO  server.RaftServerConfigKeys (ConfUtils.java:logGet(46)) - raft.server.rpc.slowness.timeout = 300s (custom)
2023-05-23 10:28:04,321 [3ac7e479-6b2c-4ad1-9d02-9355b26abab7-groupManagement] INFO  server.RaftServerConfigKeys (ConfUtils.java:logGet(46)) - raft.server.leaderelection.leader.step-down.wait-time = 10s (default)
2023-05-23 10:28:04,321 [3ac7e479-6b2c-4ad1-9d02-9355b26abab7-groupManagement] INFO  server.RaftServerConfigKeys (ConfUtils.java:logGet(46)) - raft.server.sleep.deviation.threshold = 300ms (default)
2023-05-23 10:28:04,321 [3ac7e479-6b2c-4ad1-9d02-9355b26abab7-groupManagement] INFO  server.RaftServer$Division (ServerState.java:<init>(120)) - 3ac7e479-6b2c-4ad1-9d02-9355b26abab7@group-BAAEFD41DDFE: ConfigurationManager, init=-1: peers:[3ac7e479-6b2c-4ad1-9d02-9355b26abab7|rpc:10.1.0.38:15269|admin:10.1.0.38:15268|client:10.1.0.38:15267|dataStream:10.1.0.38:15270|priority:1|startupRole:FOLLOWER]|listeners:[], old=null, confs=<EMPTY_MAP>
2023-05-23 10:28:04,322 [3ac7e479-6b2c-4ad1-9d02-9355b26abab7-groupManagement] INFO  server.RaftServerConfigKeys (ConfUtils.java:logGet(46)) - raft.server.storage.dir = [/home/runner/work/ozone/ozone/hadoop-ozone/integration-test/target/test-dir/MiniOzoneClusterImpl-61d3b935-36cd-4496-a441-eee01f8c564c/datanode-2/data/ratis] (custom)
2023-05-23 10:28:04,322 [3ac7e479-6b2c-4ad1-9d02-9355b26abab7-groupManagement] INFO  server.RaftServerConfigKeys (ConfUtils.java:logGet(46)) - raft.server.log.corruption.policy = EXCEPTION (default)
2023-05-23 10:28:04,322 [3ac7e479-6b2c-4ad1-9d02-9355b26abab7-groupManagement] INFO  server.RaftServerConfigKeys (ConfUtils.java:logGet(46)) - raft.server.storage.free-space.min = 0MB (=0) (default)
2023-05-23 10:28:04,322 [3ac7e479-6b2c-4ad1-9d02-9355b26abab7-groupManagement] INFO  server.RaftServerConfigKeys (ConfUtils.java:logGet(46)) - raft.server.notification.no-leader.timeout = 300s (custom)
2023-05-23 10:28:04,322 [3ac7e479-6b2c-4ad1-9d02-9355b26abab7-groupManagement] INFO  server.RaftServerConfigKeys (ConfUtils.java:logGet(46)) - raft.server.read.timeout = 10s (default)
2023-05-23 10:28:04,322 [3ac7e479-6b2c-4ad1-9d02-9355b26abab7-groupManagement] INFO  server.RaftServerConfigKeys (ConfUtils.java:logGet(46)) - raft.server.retrycache.expirytime = 600000ms (custom)
2023-05-23 10:28:04,322 [3ac7e479-6b2c-4ad1-9d02-9355b26abab7-groupManagement] INFO  server.RaftServerConfigKeys (ConfUtils.java:logGet(46)) - raft.server.retrycache.statistics.expirytime = 100μs (default)
2023-05-23 10:28:04,322 [3ac7e479-6b2c-4ad1-9d02-9355b26abab7-groupManagement] INFO  server.RaftServerConfigKeys (ConfUtils.java:logGet(46)) - raft.server.read.option = DEFAULT (default)
2023-05-23 10:28:04,323 [3ac7e479-6b2c-4ad1-9d02-9355b26abab7-groupManagement] INFO  server.RaftServerConfigKeys (ConfUtils.java:logGet(46)) - raft.server.rpc.request.timeout = 60s (custom)
2023-05-23 10:28:04,323 [3ac7e479-6b2c-4ad1-9d02-9355b26abab7-groupManagement] INFO  server.RaftServerConfigKeys (ConfUtils.java:logGet(46)) - raft.server.log.appender.install.snapshot.enabled = false (custom)
2023-05-23 10:28:04,323 [3ac7e479-6b2c-4ad1-9d02-9355b26abab7-groupManagement] INFO  server.RaftServerConfigKeys (ConfUtils.java:logGet(46)) - raft.server.threadpool.server.cached = true (default)
2023-05-23 10:28:04,323 [3ac7e479-6b2c-4ad1-9d02-9355b26abab7-groupManagement] INFO  server.RaftServerConfigKeys (ConfUtils.java:logGet(46)) - raft.server.threadpool.server.size = 0 (default)
2023-05-23 10:28:04,323 [3ac7e479-6b2c-4ad1-9d02-9355b26abab7-groupManagement] INFO  server.RaftServerConfigKeys (ConfUtils.java:logGet(46)) - raft.server.threadpool.client.cached = true (default)
2023-05-23 10:28:04,323 [3ac7e479-6b2c-4ad1-9d02-9355b26abab7-groupManagement] INFO  server.RaftServerConfigKeys (ConfUtils.java:logGet(46)) - raft.server.threadpool.client.size = 0 (default)
2023-05-23 10:28:04,323 [3ac7e479-6b2c-4ad1-9d02-9355b26abab7-groupManagement] INFO  storage.RaftStorageDirectory (RaftStorageDirectoryImpl.java:analyzeStorage(137)) - The storage directory /home/runner/work/ozone/ozone/hadoop-ozone/integration-test/target/test-dir/MiniOzoneClusterImpl-61d3b935-36cd-4496-a441-eee01f8c564c/datanode-2/data/ratis/0d3d0269-def1-4ac0-9aa8-baaefd41ddfe does not exist. Creating ...
2023-05-23 10:28:04,325 [3ac7e479-6b2c-4ad1-9d02-9355b26abab7-groupManagement] INFO  storage.RaftStorageDirectory (RaftStorageDirectoryImpl.java:tryLock(231)) - Lock on /home/runner/work/ozone/ozone/hadoop-ozone/integration-test/target/test-dir/MiniOzoneClusterImpl-61d3b935-36cd-4496-a441-eee01f8c564c/datanode-2/data/ratis/0d3d0269-def1-4ac0-9aa8-baaefd41ddfe/in_use.lock acquired by nodename 10384@fv-az1249-304
2023-05-23 10:28:04,327 [3ac7e479-6b2c-4ad1-9d02-9355b26abab7-groupManagement] INFO  storage.RaftStorage (RaftStorageImpl.java:format(96)) - Storage directory /home/runner/work/ozone/ozone/hadoop-ozone/integration-test/target/test-dir/MiniOzoneClusterImpl-61d3b935-36cd-4496-a441-eee01f8c564c/datanode-2/data/ratis/0d3d0269-def1-4ac0-9aa8-baaefd41ddfe has been successfully formatted.
2023-05-23 10:28:04,327 [3ac7e479-6b2c-4ad1-9d02-9355b26abab7-groupManagement] INFO  ratis.ContainerStateMachine (ContainerStateMachine.java:loadSnapshot(262)) - group-BAAEFD41DDFE: The snapshot info is null. Setting the last applied indexto:(t:0, i:~)
2023-05-23 10:28:04,327 [3ac7e479-6b2c-4ad1-9d02-9355b26abab7-groupManagement] INFO  server.RaftServerConfigKeys (ConfUtils.java:logGet(46)) - raft.server.log.use.memory = false (default)
2023-05-23 10:28:04,327 [3ac7e479-6b2c-4ad1-9d02-9355b26abab7-groupManagement] INFO  server.RaftServerConfigKeys (ConfUtils.java:logGet(46)) - raft.server.log.purge.gap = 1000000 (custom)
2023-05-23 10:28:04,328 [3ac7e479-6b2c-4ad1-9d02-9355b26abab7-groupManagement] INFO  server.RaftServerConfigKeys (ConfUtils.java:logGet(46)) - raft.server.log.appender.buffer.byte-limit = 33554432 (custom)
2023-05-23 10:28:04,328 [EventQueue-PipelineReportForPipelineReportHandler] INFO  pipeline.PipelineManagerImpl (PipelineManagerImpl.java:openPipeline(367)) - Pipeline Pipeline[ Id: 0d3d0269-def1-4ac0-9aa8-baaefd41ddfe, Nodes: 3ac7e479-6b2c-4ad1-9d02-9355b26abab7(fv-az1249-304/10.1.0.38), ReplicationConfig: RATIS/ONE, State:ALLOCATED, leaderId:3ac7e479-6b2c-4ad1-9d02-9355b26abab7, CreationTimestamp2023-05-23T10:28:01.324Z[Etc/UTC]] moved to OPEN state
2023-05-23 10:28:04,329 [EventQueue-OpenPipelineForHealthyPipelineSafeModeRule] INFO  safemode.SCMSafeModeManager (HealthyPipelineSafeModeRule.java:process(137)) - SCM in safe mode. Healthy pipelines reported count is 0, required healthy pipeline reported count is 1
2023-05-23 10:28:04,329 [3ac7e479-6b2c-4ad1-9d02-9355b26abab7-groupManagement] INFO  server.RaftServerConfigKeys (ConfUtils.java:logGet(46)) - raft.server.log.statemachine.data.read.timeout = 1000ms (default)
2023-05-23 10:28:04,330 [3ac7e479-6b2c-4ad1-9d02-9355b26abab7-groupManagement] INFO  server.RaftServerConfigKeys (ConfUtils.java:logGet(46)) - raft.server.log.purge.preservation.log.num = 0 (default)
2023-05-23 10:28:04,330 [3ac7e479-6b2c-4ad1-9d02-9355b26abab7-groupManagement] INFO  server.RaftServerConfigKeys (ConfUtils.java:logGet(46)) - raft.server.log.segment.size.max = 1048576 (custom)
2023-05-23 10:28:04,330 [3ac7e479-6b2c-4ad1-9d02-9355b26abab7-groupManagement] INFO  server.RaftServerConfigKeys (ConfUtils.java:logGet(46)) - raft.server.log.segment.cache.num.max = 2 (custom)
2023-05-23 10:28:04,330 [3ac7e479-6b2c-4ad1-9d02-9355b26abab7-groupManagement] INFO  server.RaftServerConfigKeys (ConfUtils.java:logGet(46)) - raft.server.log.segment.cache.size.max = 200MB (=209715200) (default)
2023-05-23 10:28:04,330 [3ac7e479-6b2c-4ad1-9d02-9355b26abab7-groupManagement] INFO  server.RaftServerConfigKeys (ConfUtils.java:logGet(46)) - raft.server.log.appender.buffer.byte-limit = 33554432 (custom)
2023-05-23 10:28:04,330 [3ac7e479-6b2c-4ad1-9d02-9355b26abab7-groupManagement] INFO  segmented.SegmentedRaftLogWorker (SegmentedRaftLogWorker.java:<init>(188)) - new 3ac7e479-6b2c-4ad1-9d02-9355b26abab7@group-BAAEFD41DDFE-SegmentedRaftLogWorker for RaftStorageImpl:Storage Directory /home/runner/work/ozone/ozone/hadoop-ozone/integration-test/target/test-dir/MiniOzoneClusterImpl-61d3b935-36cd-4496-a441-eee01f8c564c/datanode-2/data/ratis/0d3d0269-def1-4ac0-9aa8-baaefd41ddfe
2023-05-23 10:28:04,330 [3ac7e479-6b2c-4ad1-9d02-9355b26abab7-groupManagement] INFO  server.RaftServerConfigKeys (ConfUtils.java:logGet(46)) - raft.server.log.queue.byte-limit = 4294967296 (custom)
2023-05-23 10:28:04,330 [3ac7e479-6b2c-4ad1-9d02-9355b26abab7-groupManagement] INFO  server.RaftServerConfigKeys (ConfUtils.java:logGet(46)) - raft.server.log.queue.element-limit = 1024 (custom)
2023-05-23 10:28:04,330 [3ac7e479-6b2c-4ad1-9d02-9355b26abab7-groupManagement] INFO  server.RaftServerConfigKeys (ConfUtils.java:logGet(46)) - raft.server.log.segment.size.max = 1048576 (custom)
2023-05-23 10:28:04,330 [3ac7e479-6b2c-4ad1-9d02-9355b26abab7-groupManagement] INFO  server.RaftServerConfigKeys (ConfUtils.java:logGet(46)) - raft.server.log.preallocated.size = 16384 (custom)
2023-05-23 10:28:04,330 [3ac7e479-6b2c-4ad1-9d02-9355b26abab7-groupManagement] INFO  server.RaftServerConfigKeys (ConfUtils.java:logGet(46)) - raft.server.log.force.sync.num = 128 (default)
2023-05-23 10:28:04,330 [3ac7e479-6b2c-4ad1-9d02-9355b26abab7-groupManagement] INFO  server.RaftServerConfigKeys (ConfUtils.java:logGet(46)) - raft.server.log.statemachine.data.sync = true (default)
2023-05-23 10:28:04,330 [3ac7e479-6b2c-4ad1-9d02-9355b26abab7-groupManagement] INFO  server.RaftServerConfigKeys (ConfUtils.java:logGet(46)) - raft.server.log.statemachine.data.sync.timeout = 10s (default)
2023-05-23 10:28:04,330 [3ac7e479-6b2c-4ad1-9d02-9355b26abab7-groupManagement] INFO  server.RaftServerConfigKeys (ConfUtils.java:logGet(46)) - raft.server.log.statemachine.data.sync.timeout.retry = -1 (default)
2023-05-23 10:28:04,331 [3ac7e479-6b2c-4ad1-9d02-9355b26abab7-groupManagement] INFO  server.RaftServerConfigKeys (ConfUtils.java:logGet(46)) - raft.server.log.write.buffer.size = 1048576 (custom)
2023-05-23 10:28:04,332 [3ac7e479-6b2c-4ad1-9d02-9355b26abab7-groupManagement] INFO  server.RaftServerConfigKeys (ConfUtils.java:logGet(46)) - raft.server.log.appender.buffer.byte-limit = 33554432 (custom)
2023-05-23 10:28:04,337 [3ac7e479-6b2c-4ad1-9d02-9355b26abab7-groupManagement] INFO  server.RaftServerConfigKeys (ConfUtils.java:logGet(46)) - raft.server.log.unsafe-flush.enabled = false (default)
2023-05-23 10:28:04,337 [3ac7e479-6b2c-4ad1-9d02-9355b26abab7-groupManagement] INFO  server.RaftServerConfigKeys (ConfUtils.java:logGet(46)) - raft.server.log.async-flush.enabled = false (default)
2023-05-23 10:28:04,337 [3ac7e479-6b2c-4ad1-9d02-9355b26abab7-groupManagement] INFO  server.RaftServerConfigKeys (ConfUtils.java:logGet(46)) - raft.server.log.statemachine.data.caching.enabled = true (custom)
2023-05-23 10:28:04,338 [3ac7e479-6b2c-4ad1-9d02-9355b26abab7-groupManagement] INFO  segmented.SegmentedRaftLogWorker (SegmentedRaftLogWorker.java:lambda$new$0(135)) - 3ac7e479-6b2c-4ad1-9d02-9355b26abab7@group-BAAEFD41DDFE-SegmentedRaftLogWorker: flushIndex: setUnconditionally 0 -> -1
2023-05-23 10:28:04,338 [3ac7e479-6b2c-4ad1-9d02-9355b26abab7-groupManagement] INFO  segmented.SegmentedRaftLogWorker (SegmentedRaftLogWorker.java:lambda$new$0(135)) - 3ac7e479-6b2c-4ad1-9d02-9355b26abab7@group-BAAEFD41DDFE-SegmentedRaftLogWorker: safeCacheEvictIndex: setUnconditionally 0 -> -1
2023-05-23 10:28:04,338 [3ac7e479-6b2c-4ad1-9d02-9355b26abab7-groupManagement] INFO  server.RaftServer$Division (RaftServerImpl.java:start(342)) - 3ac7e479-6b2c-4ad1-9d02-9355b26abab7@group-BAAEFD41DDFE: start as a follower, conf=-1: peers:[3ac7e479-6b2c-4ad1-9d02-9355b26abab7|rpc:10.1.0.38:15269|admin:10.1.0.38:15268|client:10.1.0.38:15267|dataStream:10.1.0.38:15270|priority:1|startupRole:FOLLOWER]|listeners:[], old=null
2023-05-23 10:28:04,338 [3ac7e479-6b2c-4ad1-9d02-9355b26abab7-groupManagement] INFO  server.RaftServer$Division (RaftServerImpl.java:setRole(329)) - 3ac7e479-6b2c-4ad1-9d02-9355b26abab7@group-BAAEFD41DDFE: changes role from      null to FOLLOWER at term 0 for startAsFollower
2023-05-23 10:28:04,338 [3ac7e479-6b2c-4ad1-9d02-9355b26abab7-groupManagement] INFO  impl.RoleInfo (RoleInfo.java:updateAndGet(139)) - 3ac7e479-6b2c-4ad1-9d02-9355b26abab7: start 3ac7e479-6b2c-4ad1-9d02-9355b26abab7@group-BAAEFD41DDFE-FollowerState
2023-05-23 10:28:04,338 [3ac7e479-6b2c-4ad1-9d02-9355b26abab7-groupManagement] INFO  util.JmxRegister (JmxRegister.java:tryRegister(44)) - Successfully registered JMX Bean with object name Ratis:service=RaftServer,group=group-BAAEFD41DDFE,id=3ac7e479-6b2c-4ad1-9d02-9355b26abab7
2023-05-23 10:28:04,338 [3ac7e479-6b2c-4ad1-9d02-9355b26abab7-groupManagement] INFO  server.RaftServerConfigKeys (ConfUtils.java:logGet(46)) - raft.server.snapshot.auto.trigger.enabled = true (custom)
2023-05-23 10:28:04,338 [3ac7e479-6b2c-4ad1-9d02-9355b26abab7-groupManagement] INFO  server.RaftServerConfigKeys (ConfUtils.java:logGet(46)) - raft.server.snapshot.auto.trigger.threshold = 10000 (custom)
2023-05-23 10:28:04,338 [3ac7e479-6b2c-4ad1-9d02-9355b26abab7-groupManagement] INFO  server.RaftServerConfigKeys (ConfUtils.java:logGet(46)) - raft.server.snapshot.retention.file.num = 5 (custom)
2023-05-23 10:28:04,339 [3ac7e479-6b2c-4ad1-9d02-9355b26abab7-groupManagement] INFO  server.RaftServerConfigKeys (ConfUtils.java:logGet(46)) - raft.server.log.purge.upto.snapshot.index = false (default)
2023-05-23 10:28:04,339 [3ac7e479-6b2c-4ad1-9d02-9355b26abab7@group-BAAEFD41DDFE-FollowerState] INFO  server.RaftServerConfigKeys (ConfUtils.java:logFallback(53)) - raft.server.rpc.first-election.timeout.min = 5s (fallback to raft.server.rpc.timeout.min)
2023-05-23 10:28:04,339 [3ac7e479-6b2c-4ad1-9d02-9355b26abab7@group-BAAEFD41DDFE-FollowerState] INFO  server.RaftServerConfigKeys (ConfUtils.java:logFallback(53)) - raft.server.rpc.first-election.timeout.max = 5200ms (fallback to raft.server.rpc.timeout.max)
2023-05-23 10:28:04,339 [Command processor thread] INFO  ratis.XceiverServerRatis (XceiverServerRatis.java:addGroup(806)) - Created group PipelineID=0d3d0269-def1-4ac0-9aa8-baaefd41ddfe
2023-05-23 10:28:04,339 [Command processor thread] INFO  commandhandler.CreatePipelineCommandHandler (CreatePipelineCommandHandler.java:handle(113)) - Created Pipeline RATIS ONE PipelineID=0d3d0269-def1-4ac0-9aa8-baaefd41ddfe.
2023-05-23 10:28:04,350 [ReplicationMonitor] INFO  replication.ReplicationManager (ReplicationManager.java:processAll(375)) - Replication Manager is not ready to run until 3000ms after safemode exit
2023-05-23 10:28:04,650 [Command processor thread] INFO  server.RaftServer (RaftServerProxy.java:addNew(98)) - d6ba1385-1418-4053-92a8-092c511516c2: addNew group-679B9295CD81:[d6ba1385-1418-4053-92a8-092c511516c2|rpc:10.1.0.38:15277|admin:10.1.0.38:15276|client:10.1.0.38:15275|dataStream:10.1.0.38:15278|priority:1|startupRole:FOLLOWER] returns group-679B9295CD81:java.util.concurrent.CompletableFuture@24b3e6d0[Not completed]
2023-05-23 10:28:04,651 [d6ba1385-1418-4053-92a8-092c511516c2-groupManagement] INFO  server.RaftServer$Division (RaftServerImpl.java:<init>(198)) - d6ba1385-1418-4053-92a8-092c511516c2: new RaftServerImpl for group-679B9295CD81:[d6ba1385-1418-4053-92a8-092c511516c2|rpc:10.1.0.38:15277|admin:10.1.0.38:15276|client:10.1.0.38:15275|dataStream:10.1.0.38:15278|priority:1|startupRole:FOLLOWER] with ContainerStateMachine:uninitialized
2023-05-23 10:28:04,651 [d6ba1385-1418-4053-92a8-092c511516c2-groupManagement] INFO  server.RaftServerConfigKeys (ConfUtils.java:logGet(46)) - raft.server.rpc.timeout.min = 5s (custom)
2023-05-23 10:28:04,651 [d6ba1385-1418-4053-92a8-092c511516c2-groupManagement] INFO  server.RaftServerConfigKeys (ConfUtils.java:logGet(46)) - raft.server.rpc.timeout.max = 5200ms (custom)
2023-05-23 10:28:04,651 [d6ba1385-1418-4053-92a8-092c511516c2-groupManagement] INFO  server.RaftServerConfigKeys (ConfUtils.java:logGet(46)) - raft.server.rpc.sleep.time = 25ms (default)
2023-05-23 10:28:04,651 [d6ba1385-1418-4053-92a8-092c511516c2-groupManagement] INFO  server.RaftServerConfigKeys (ConfUtils.java:logGet(46)) - raft.server.rpc.slowness.timeout = 300s (custom)
2023-05-23 10:28:04,651 [d6ba1385-1418-4053-92a8-092c511516c2-groupManagement] INFO  server.RaftServerConfigKeys (ConfUtils.java:logGet(46)) - raft.server.leaderelection.leader.step-down.wait-time = 10s (default)
2023-05-23 10:28:04,651 [d6ba1385-1418-4053-92a8-092c511516c2-groupManagement] INFO  server.RaftServerConfigKeys (ConfUtils.java:logGet(46)) - raft.server.sleep.deviation.threshold = 300ms (default)
2023-05-23 10:28:04,651 [d6ba1385-1418-4053-92a8-092c511516c2-groupManagement] INFO  server.RaftServer$Division (ServerState.java:<init>(120)) - d6ba1385-1418-4053-92a8-092c511516c2@group-679B9295CD81: ConfigurationManager, init=-1: peers:[d6ba1385-1418-4053-92a8-092c511516c2|rpc:10.1.0.38:15277|admin:10.1.0.38:15276|client:10.1.0.38:15275|dataStream:10.1.0.38:15278|priority:1|startupRole:FOLLOWER]|listeners:[], old=null, confs=<EMPTY_MAP>
2023-05-23 10:28:04,651 [d6ba1385-1418-4053-92a8-092c511516c2-groupManagement] INFO  server.RaftServerConfigKeys (ConfUtils.java:logGet(46)) - raft.server.storage.dir = [/home/runner/work/ozone/ozone/hadoop-ozone/integration-test/target/test-dir/MiniOzoneClusterImpl-61d3b935-36cd-4496-a441-eee01f8c564c/datanode-3/data/ratis] (custom)
2023-05-23 10:28:04,652 [d6ba1385-1418-4053-92a8-092c511516c2-groupManagement] INFO  server.RaftServerConfigKeys (ConfUtils.java:logGet(46)) - raft.server.log.corruption.policy = EXCEPTION (default)
2023-05-23 10:28:04,652 [d6ba1385-1418-4053-92a8-092c511516c2-groupManagement] INFO  server.RaftServerConfigKeys (ConfUtils.java:logGet(46)) - raft.server.storage.free-space.min = 0MB (=0) (default)
2023-05-23 10:28:04,652 [d6ba1385-1418-4053-92a8-092c511516c2-groupManagement] INFO  server.RaftServerConfigKeys (ConfUtils.java:logGet(46)) - raft.server.notification.no-leader.timeout = 300s (custom)
2023-05-23 10:28:04,652 [d6ba1385-1418-4053-92a8-092c511516c2-groupManagement] INFO  server.RaftServerConfigKeys (ConfUtils.java:logGet(46)) - raft.server.read.timeout = 10s (default)
2023-05-23 10:28:04,652 [d6ba1385-1418-4053-92a8-092c511516c2-groupManagement] INFO  server.RaftServerConfigKeys (ConfUtils.java:logGet(46)) - raft.server.retrycache.expirytime = 600000ms (custom)
2023-05-23 10:28:04,652 [d6ba1385-1418-4053-92a8-092c511516c2-groupManagement] INFO  server.RaftServerConfigKeys (ConfUtils.java:logGet(46)) - raft.server.retrycache.statistics.expirytime = 100μs (default)
2023-05-23 10:28:04,652 [d6ba1385-1418-4053-92a8-092c511516c2-groupManagement] INFO  server.RaftServerConfigKeys (ConfUtils.java:logGet(46)) - raft.server.read.option = DEFAULT (default)
2023-05-23 10:28:04,653 [d6ba1385-1418-4053-92a8-092c511516c2-groupManagement] INFO  server.RaftServerConfigKeys (ConfUtils.java:logGet(46)) - raft.server.rpc.request.timeout = 60s (custom)
2023-05-23 10:28:04,653 [d6ba1385-1418-4053-92a8-092c511516c2-groupManagement] INFO  server.RaftServerConfigKeys (ConfUtils.java:logGet(46)) - raft.server.log.appender.install.snapshot.enabled = false (custom)
2023-05-23 10:28:04,653 [d6ba1385-1418-4053-92a8-092c511516c2-groupManagement] INFO  server.RaftServerConfigKeys (ConfUtils.java:logGet(46)) - raft.server.threadpool.server.cached = true (default)
2023-05-23 10:28:04,653 [d6ba1385-1418-4053-92a8-092c511516c2-groupManagement] INFO  server.RaftServerConfigKeys (ConfUtils.java:logGet(46)) - raft.server.threadpool.server.size = 0 (default)
2023-05-23 10:28:04,653 [d6ba1385-1418-4053-92a8-092c511516c2-groupManagement] INFO  server.RaftServerConfigKeys (ConfUtils.java:logGet(46)) - raft.server.threadpool.client.cached = true (default)
2023-05-23 10:28:04,653 [d6ba1385-1418-4053-92a8-092c511516c2-groupManagement] INFO  server.RaftServerConfigKeys (ConfUtils.java:logGet(46)) - raft.server.threadpool.client.size = 0 (default)
2023-05-23 10:28:04,653 [d6ba1385-1418-4053-92a8-092c511516c2-groupManagement] INFO  storage.RaftStorageDirectory (RaftStorageDirectoryImpl.java:analyzeStorage(137)) - The storage directory /home/runner/work/ozone/ozone/hadoop-ozone/integration-test/target/test-dir/MiniOzoneClusterImpl-61d3b935-36cd-4496-a441-eee01f8c564c/datanode-3/data/ratis/b09cf719-1a5c-40b9-8896-679b9295cd81 does not exist. Creating ...
2023-05-23 10:28:04,654 [d6ba1385-1418-4053-92a8-092c511516c2-groupManagement] INFO  storage.RaftStorageDirectory (RaftStorageDirectoryImpl.java:tryLock(231)) - Lock on /home/runner/work/ozone/ozone/hadoop-ozone/integration-test/target/test-dir/MiniOzoneClusterImpl-61d3b935-36cd-4496-a441-eee01f8c564c/datanode-3/data/ratis/b09cf719-1a5c-40b9-8896-679b9295cd81/in_use.lock acquired by nodename 10384@fv-az1249-304
2023-05-23 10:28:04,656 [d6ba1385-1418-4053-92a8-092c511516c2-groupManagement] INFO  storage.RaftStorage (RaftStorageImpl.java:format(96)) - Storage directory /home/runner/work/ozone/ozone/hadoop-ozone/integration-test/target/test-dir/MiniOzoneClusterImpl-61d3b935-36cd-4496-a441-eee01f8c564c/datanode-3/data/ratis/b09cf719-1a5c-40b9-8896-679b9295cd81 has been successfully formatted.
2023-05-23 10:28:04,657 [d6ba1385-1418-4053-92a8-092c511516c2-groupManagement] INFO  ratis.ContainerStateMachine (ContainerStateMachine.java:loadSnapshot(262)) - group-679B9295CD81: The snapshot info is null. Setting the last applied indexto:(t:0, i:~)
2023-05-23 10:28:04,657 [d6ba1385-1418-4053-92a8-092c511516c2-groupManagement] INFO  server.RaftServerConfigKeys (ConfUtils.java:logGet(46)) - raft.server.log.use.memory = false (default)
2023-05-23 10:28:04,657 [d6ba1385-1418-4053-92a8-092c511516c2-groupManagement] INFO  server.RaftServerConfigKeys (ConfUtils.java:logGet(46)) - raft.server.log.purge.gap = 1000000 (custom)
2023-05-23 10:28:04,658 [EventQueue-PipelineReportForPipelineReportHandler] INFO  pipeline.PipelineManagerImpl (PipelineManagerImpl.java:openPipeline(367)) - Pipeline Pipeline[ Id: b09cf719-1a5c-40b9-8896-679b9295cd81, Nodes: d6ba1385-1418-4053-92a8-092c511516c2(fv-az1249-304/10.1.0.38), ReplicationConfig: RATIS/ONE, State:ALLOCATED, leaderId:d6ba1385-1418-4053-92a8-092c511516c2, CreationTimestamp2023-05-23T10:28:01.653Z[Etc/UTC]] moved to OPEN state
2023-05-23 10:28:04,659 [EventQueue-OpenPipelineForHealthyPipelineSafeModeRule] INFO  safemode.SCMSafeModeManager (HealthyPipelineSafeModeRule.java:process(137)) - SCM in safe mode. Healthy pipelines reported count is 0, required healthy pipeline reported count is 1
2023-05-23 10:28:04,659 [d6ba1385-1418-4053-92a8-092c511516c2-groupManagement] INFO  server.RaftServerConfigKeys (ConfUtils.java:logGet(46)) - raft.server.log.appender.buffer.byte-limit = 33554432 (custom)
2023-05-23 10:28:04,659 [d6ba1385-1418-4053-92a8-092c511516c2-groupManagement] INFO  server.RaftServerConfigKeys (ConfUtils.java:logGet(46)) - raft.server.log.statemachine.data.read.timeout = 1000ms (default)
2023-05-23 10:28:04,659 [d6ba1385-1418-4053-92a8-092c511516c2-groupManagement] INFO  server.RaftServerConfigKeys (ConfUtils.java:logGet(46)) - raft.server.log.purge.preservation.log.num = 0 (default)
2023-05-23 10:28:04,659 [d6ba1385-1418-4053-92a8-092c511516c2-groupManagement] INFO  server.RaftServerConfigKeys (ConfUtils.java:logGet(46)) - raft.server.log.segment.size.max = 1048576 (custom)
2023-05-23 10:28:04,659 [d6ba1385-1418-4053-92a8-092c511516c2-groupManagement] INFO  server.RaftServerConfigKeys (ConfUtils.java:logGet(46)) - raft.server.log.segment.cache.num.max = 2 (custom)
2023-05-23 10:28:04,659 [d6ba1385-1418-4053-92a8-092c511516c2-groupManagement] INFO  server.RaftServerConfigKeys (ConfUtils.java:logGet(46)) - raft.server.log.segment.cache.size.max = 200MB (=209715200) (default)
2023-05-23 10:28:04,659 [d6ba1385-1418-4053-92a8-092c511516c2-groupManagement] INFO  server.RaftServerConfigKeys (ConfUtils.java:logGet(46)) - raft.server.log.appender.buffer.byte-limit = 33554432 (custom)
2023-05-23 10:28:04,660 [d6ba1385-1418-4053-92a8-092c511516c2-groupManagement] INFO  segmented.SegmentedRaftLogWorker (SegmentedRaftLogWorker.java:<init>(188)) - new d6ba1385-1418-4053-92a8-092c511516c2@group-679B9295CD81-SegmentedRaftLogWorker for RaftStorageImpl:Storage Directory /home/runner/work/ozone/ozone/hadoop-ozone/integration-test/target/test-dir/MiniOzoneClusterImpl-61d3b935-36cd-4496-a441-eee01f8c564c/datanode-3/data/ratis/b09cf719-1a5c-40b9-8896-679b9295cd81
2023-05-23 10:28:04,660 [d6ba1385-1418-4053-92a8-092c511516c2-groupManagement] INFO  server.RaftServerConfigKeys (ConfUtils.java:logGet(46)) - raft.server.log.queue.byte-limit = 4294967296 (custom)
2023-05-23 10:28:04,660 [d6ba1385-1418-4053-92a8-092c511516c2-groupManagement] INFO  server.RaftServerConfigKeys (ConfUtils.java:logGet(46)) - raft.server.log.queue.element-limit = 1024 (custom)
2023-05-23 10:28:04,660 [d6ba1385-1418-4053-92a8-092c511516c2-groupManagement] INFO  server.RaftServerConfigKeys (ConfUtils.java:logGet(46)) - raft.server.log.segment.size.max = 1048576 (custom)
2023-05-23 10:28:04,660 [d6ba1385-1418-4053-92a8-092c511516c2-groupManagement] INFO  server.RaftServerConfigKeys (ConfUtils.java:logGet(46)) - raft.server.log.preallocated.size = 16384 (custom)
2023-05-23 10:28:04,660 [d6ba1385-1418-4053-92a8-092c511516c2-groupManagement] INFO  server.RaftServerConfigKeys (ConfUtils.java:logGet(46)) - raft.server.log.force.sync.num = 128 (default)
2023-05-23 10:28:04,660 [d6ba1385-1418-4053-92a8-092c511516c2-groupManagement] INFO  server.RaftServerConfigKeys (ConfUtils.java:logGet(46)) - raft.server.log.statemachine.data.sync = true (default)
2023-05-23 10:28:04,660 [d6ba1385-1418-4053-92a8-092c511516c2-groupManagement] INFO  server.RaftServerConfigKeys (ConfUtils.java:logGet(46)) - raft.server.log.statemachine.data.sync.timeout = 10s (default)
2023-05-23 10:28:04,660 [d6ba1385-1418-4053-92a8-092c511516c2-groupManagement] INFO  server.RaftServerConfigKeys (ConfUtils.java:logGet(46)) - raft.server.log.statemachine.data.sync.timeout.retry = -1 (default)
2023-05-23 10:28:04,660 [d6ba1385-1418-4053-92a8-092c511516c2-groupManagement] INFO  server.RaftServerConfigKeys (ConfUtils.java:logGet(46)) - raft.server.log.write.buffer.size = 1048576 (custom)
2023-05-23 10:28:04,661 [d6ba1385-1418-4053-92a8-092c511516c2-groupManagement] INFO  server.RaftServerConfigKeys (ConfUtils.java:logGet(46)) - raft.server.log.appender.buffer.byte-limit = 33554432 (custom)
2023-05-23 10:28:04,666 [d6ba1385-1418-4053-92a8-092c511516c2-groupManagement] INFO  server.RaftServerConfigKeys (ConfUtils.java:logGet(46)) - raft.server.log.unsafe-flush.enabled = false (default)
2023-05-23 10:28:04,666 [d6ba1385-1418-4053-92a8-092c511516c2-groupManagement] INFO  server.RaftServerConfigKeys (ConfUtils.java:logGet(46)) - raft.server.log.async-flush.enabled = false (default)
2023-05-23 10:28:04,666 [d6ba1385-1418-4053-92a8-092c511516c2-groupManagement] INFO  server.RaftServerConfigKeys (ConfUtils.java:logGet(46)) - raft.server.log.statemachine.data.caching.enabled = true (custom)
2023-05-23 10:28:04,667 [d6ba1385-1418-4053-92a8-092c511516c2-groupManagement] INFO  segmented.SegmentedRaftLogWorker (SegmentedRaftLogWorker.java:lambda$new$0(135)) - d6ba1385-1418-4053-92a8-092c511516c2@group-679B9295CD81-SegmentedRaftLogWorker: flushIndex: setUnconditionally 0 -> -1
2023-05-23 10:28:04,667 [d6ba1385-1418-4053-92a8-092c511516c2-groupManagement] INFO  segmented.SegmentedRaftLogWorker (SegmentedRaftLogWorker.java:lambda$new$0(135)) - d6ba1385-1418-4053-92a8-092c511516c2@group-679B9295CD81-SegmentedRaftLogWorker: safeCacheEvictIndex: setUnconditionally 0 -> -1
2023-05-23 10:28:04,667 [d6ba1385-1418-4053-92a8-092c511516c2-groupManagement] INFO  server.RaftServer$Division (RaftServerImpl.java:start(342)) - d6ba1385-1418-4053-92a8-092c511516c2@group-679B9295CD81: start as a follower, conf=-1: peers:[d6ba1385-1418-4053-92a8-092c511516c2|rpc:10.1.0.38:15277|admin:10.1.0.38:15276|client:10.1.0.38:15275|dataStream:10.1.0.38:15278|priority:1|startupRole:FOLLOWER]|listeners:[], old=null
2023-05-23 10:28:04,667 [d6ba1385-1418-4053-92a8-092c511516c2-groupManagement] INFO  server.RaftServer$Division (RaftServerImpl.java:setRole(329)) - d6ba1385-1418-4053-92a8-092c511516c2@group-679B9295CD81: changes role from      null to FOLLOWER at term 0 for startAsFollower
2023-05-23 10:28:04,667 [d6ba1385-1418-4053-92a8-092c511516c2-groupManagement] INFO  impl.RoleInfo (RoleInfo.java:updateAndGet(139)) - d6ba1385-1418-4053-92a8-092c511516c2: start d6ba1385-1418-4053-92a8-092c511516c2@group-679B9295CD81-FollowerState
2023-05-23 10:28:04,667 [d6ba1385-1418-4053-92a8-092c511516c2-groupManagement] INFO  util.JmxRegister (JmxRegister.java:tryRegister(44)) - Successfully registered JMX Bean with object name Ratis:service=RaftServer,group=group-679B9295CD81,id=d6ba1385-1418-4053-92a8-092c511516c2
2023-05-23 10:28:04,667 [d6ba1385-1418-4053-92a8-092c511516c2@group-679B9295CD81-FollowerState] INFO  server.RaftServerConfigKeys (ConfUtils.java:logFallback(53)) - raft.server.rpc.first-election.timeout.min = 5s (fallback to raft.server.rpc.timeout.min)
2023-05-23 10:28:04,668 [d6ba1385-1418-4053-92a8-092c511516c2@group-679B9295CD81-FollowerState] INFO  server.RaftServerConfigKeys (ConfUtils.java:logFallback(53)) - raft.server.rpc.first-election.timeout.max = 5200ms (fallback to raft.server.rpc.timeout.max)
2023-05-23 10:28:04,667 [d6ba1385-1418-4053-92a8-092c511516c2-groupManagement] INFO  server.RaftServerConfigKeys (ConfUtils.java:logGet(46)) - raft.server.snapshot.auto.trigger.enabled = true (custom)
2023-05-23 10:28:04,670 [d6ba1385-1418-4053-92a8-092c511516c2-groupManagement] INFO  server.RaftServerConfigKeys (ConfUtils.java:logGet(46)) - raft.server.snapshot.auto.trigger.threshold = 10000 (custom)
2023-05-23 10:28:04,670 [d6ba1385-1418-4053-92a8-092c511516c2-groupManagement] INFO  server.RaftServerConfigKeys (ConfUtils.java:logGet(46)) - raft.server.snapshot.retention.file.num = 5 (custom)
2023-05-23 10:28:04,670 [d6ba1385-1418-4053-92a8-092c511516c2-groupManagement] INFO  server.RaftServerConfigKeys (ConfUtils.java:logGet(46)) - raft.server.log.purge.upto.snapshot.index = false (default)
2023-05-23 10:28:04,671 [Command processor thread] INFO  ratis.XceiverServerRatis (XceiverServerRatis.java:addGroup(806)) - Created group PipelineID=b09cf719-1a5c-40b9-8896-679b9295cd81
2023-05-23 10:28:04,671 [Command processor thread] INFO  commandhandler.CreatePipelineCommandHandler (CreatePipelineCommandHandler.java:handle(113)) - Created Pipeline RATIS ONE PipelineID=b09cf719-1a5c-40b9-8896-679b9295cd81.
2023-05-23 10:28:04,965 [Command processor thread] INFO  server.RaftServer (RaftServerProxy.java:addNew(98)) - bcab7f0f-7790-4a04-bb65-53c00937b84b: addNew group-1F5D34F6C287:[bcab7f0f-7790-4a04-bb65-53c00937b84b|rpc:10.1.0.38:15285|admin:10.1.0.38:15284|client:10.1.0.38:15283|dataStream:10.1.0.38:15286|priority:1|startupRole:FOLLOWER] returns group-1F5D34F6C287:java.util.concurrent.CompletableFuture@67e27c97[Not completed]
2023-05-23 10:28:04,965 [Listener at 127.0.0.1/15244] INFO  ozone.MiniOzoneClusterImpl (MiniOzoneClusterImpl.java:lambda$waitForClusterToBeReady$0(222)) - Nodes are ready. Got 5 of 5 DN Heartbeats.
2023-05-23 10:28:04,965 [Listener at 127.0.0.1/15244] INFO  ozone.MiniOzoneClusterImpl (MiniOzoneClusterImpl.java:lambda$waitForClusterToBeReady$0(225)) - Waiting for cluster to exit safe mode
2023-05-23 10:28:04,965 [Listener at 127.0.0.1/15244] INFO  ozone.MiniOzoneClusterImpl (MiniOzoneClusterImpl.java:lambda$waitForClusterToBeReady$0(227)) - SCM became leader
2023-05-23 10:28:04,967 [bcab7f0f-7790-4a04-bb65-53c00937b84b-groupManagement] INFO  server.RaftServer$Division (RaftServerImpl.java:<init>(198)) - bcab7f0f-7790-4a04-bb65-53c00937b84b: new RaftServerImpl for group-1F5D34F6C287:[bcab7f0f-7790-4a04-bb65-53c00937b84b|rpc:10.1.0.38:15285|admin:10.1.0.38:15284|client:10.1.0.38:15283|dataStream:10.1.0.38:15286|priority:1|startupRole:FOLLOWER] with ContainerStateMachine:uninitialized
2023-05-23 10:28:04,967 [bcab7f0f-7790-4a04-bb65-53c00937b84b-groupManagement] INFO  server.RaftServerConfigKeys (ConfUtils.java:logGet(46)) - raft.server.rpc.timeout.min = 5s (custom)
2023-05-23 10:28:04,967 [bcab7f0f-7790-4a04-bb65-53c00937b84b-groupManagement] INFO  server.RaftServerConfigKeys (ConfUtils.java:logGet(46)) - raft.server.rpc.timeout.max = 5200ms (custom)
2023-05-23 10:28:04,967 [bcab7f0f-7790-4a04-bb65-53c00937b84b-groupManagement] INFO  server.RaftServerConfigKeys (ConfUtils.java:logGet(46)) - raft.server.rpc.sleep.time = 25ms (default)
2023-05-23 10:28:04,967 [bcab7f0f-7790-4a04-bb65-53c00937b84b-groupManagement] INFO  server.RaftServerConfigKeys (ConfUtils.java:logGet(46)) - raft.server.rpc.slowness.timeout = 300s (custom)
2023-05-23 10:28:04,967 [bcab7f0f-7790-4a04-bb65-53c00937b84b-groupManagement] INFO  server.RaftServerConfigKeys (ConfUtils.java:logGet(46)) - raft.server.leaderelection.leader.step-down.wait-time = 10s (default)
2023-05-23 10:28:04,967 [bcab7f0f-7790-4a04-bb65-53c00937b84b-groupManagement] INFO  server.RaftServerConfigKeys (ConfUtils.java:logGet(46)) - raft.server.sleep.deviation.threshold = 300ms (default)
2023-05-23 10:28:04,967 [bcab7f0f-7790-4a04-bb65-53c00937b84b-groupManagement] INFO  server.RaftServer$Division (ServerState.java:<init>(120)) - bcab7f0f-7790-4a04-bb65-53c00937b84b@group-1F5D34F6C287: ConfigurationManager, init=-1: peers:[bcab7f0f-7790-4a04-bb65-53c00937b84b|rpc:10.1.0.38:15285|admin:10.1.0.38:15284|client:10.1.0.38:15283|dataStream:10.1.0.38:15286|priority:1|startupRole:FOLLOWER]|listeners:[], old=null, confs=<EMPTY_MAP>
2023-05-23 10:28:04,967 [bcab7f0f-7790-4a04-bb65-53c00937b84b-groupManagement] INFO  server.RaftServerConfigKeys (ConfUtils.java:logGet(46)) - raft.server.storage.dir = [/home/runner/work/ozone/ozone/hadoop-ozone/integration-test/target/test-dir/MiniOzoneClusterImpl-61d3b935-36cd-4496-a441-eee01f8c564c/datanode-4/data/ratis] (custom)
2023-05-23 10:28:04,967 [bcab7f0f-7790-4a04-bb65-53c00937b84b-groupManagement] INFO  server.RaftServerConfigKeys (ConfUtils.java:logGet(46)) - raft.server.log.corruption.policy = EXCEPTION (default)
2023-05-23 10:28:04,967 [bcab7f0f-7790-4a04-bb65-53c00937b84b-groupManagement] INFO  server.RaftServerConfigKeys (ConfUtils.java:logGet(46)) - raft.server.storage.free-space.min = 0MB (=0) (default)
2023-05-23 10:28:04,968 [bcab7f0f-7790-4a04-bb65-53c00937b84b-groupManagement] INFO  server.RaftServerConfigKeys (ConfUtils.java:logGet(46)) - raft.server.notification.no-leader.timeout = 300s (custom)
2023-05-23 10:28:04,968 [bcab7f0f-7790-4a04-bb65-53c00937b84b-groupManagement] INFO  server.RaftServerConfigKeys (ConfUtils.java:logGet(46)) - raft.server.read.timeout = 10s (default)
2023-05-23 10:28:04,968 [bcab7f0f-7790-4a04-bb65-53c00937b84b-groupManagement] INFO  server.RaftServerConfigKeys (ConfUtils.java:logGet(46)) - raft.server.retrycache.expirytime = 600000ms (custom)
2023-05-23 10:28:04,968 [bcab7f0f-7790-4a04-bb65-53c00937b84b-groupManagement] INFO  server.RaftServerConfigKeys (ConfUtils.java:logGet(46)) - raft.server.retrycache.statistics.expirytime = 100μs (default)
2023-05-23 10:28:04,968 [bcab7f0f-7790-4a04-bb65-53c00937b84b-groupManagement] INFO  server.RaftServerConfigKeys (ConfUtils.java:logGet(46)) - raft.server.read.option = DEFAULT (default)
2023-05-23 10:28:04,968 [bcab7f0f-7790-4a04-bb65-53c00937b84b-groupManagement] INFO  server.RaftServerConfigKeys (ConfUtils.java:logGet(46)) - raft.server.rpc.request.timeout = 60s (custom)
2023-05-23 10:28:04,968 [bcab7f0f-7790-4a04-bb65-53c00937b84b-groupManagement] INFO  server.RaftServerConfigKeys (ConfUtils.java:logGet(46)) - raft.server.log.appender.install.snapshot.enabled = false (custom)
2023-05-23 10:28:04,969 [bcab7f0f-7790-4a04-bb65-53c00937b84b-groupManagement] INFO  server.RaftServerConfigKeys (ConfUtils.java:logGet(46)) - raft.server.threadpool.server.cached = true (default)
2023-05-23 10:28:04,969 [bcab7f0f-7790-4a04-bb65-53c00937b84b-groupManagement] INFO  server.RaftServerConfigKeys (ConfUtils.java:logGet(46)) - raft.server.threadpool.server.size = 0 (default)
2023-05-23 10:28:04,969 [bcab7f0f-7790-4a04-bb65-53c00937b84b-groupManagement] INFO  server.RaftServerConfigKeys (ConfUtils.java:logGet(46)) - raft.server.threadpool.client.cached = true (default)
2023-05-23 10:28:04,969 [bcab7f0f-7790-4a04-bb65-53c00937b84b-groupManagement] INFO  server.RaftServerConfigKeys (ConfUtils.java:logGet(46)) - raft.server.threadpool.client.size = 0 (default)
2023-05-23 10:28:04,969 [bcab7f0f-7790-4a04-bb65-53c00937b84b-groupManagement] INFO  storage.RaftStorageDirectory (RaftStorageDirectoryImpl.java:analyzeStorage(137)) - The storage directory /home/runner/work/ozone/ozone/hadoop-ozone/integration-test/target/test-dir/MiniOzoneClusterImpl-61d3b935-36cd-4496-a441-eee01f8c564c/datanode-4/data/ratis/84742cf6-54fc-4286-943e-1f5d34f6c287 does not exist. Creating ...
2023-05-23 10:28:04,970 [bcab7f0f-7790-4a04-bb65-53c00937b84b-groupManagement] INFO  storage.RaftStorageDirectory (RaftStorageDirectoryImpl.java:tryLock(231)) - Lock on /home/runner/work/ozone/ozone/hadoop-ozone/integration-test/target/test-dir/MiniOzoneClusterImpl-61d3b935-36cd-4496-a441-eee01f8c564c/datanode-4/data/ratis/84742cf6-54fc-4286-943e-1f5d34f6c287/in_use.lock acquired by nodename 10384@fv-az1249-304
2023-05-23 10:28:04,972 [bcab7f0f-7790-4a04-bb65-53c00937b84b-groupManagement] INFO  storage.RaftStorage (RaftStorageImpl.java:format(96)) - Storage directory /home/runner/work/ozone/ozone/hadoop-ozone/integration-test/target/test-dir/MiniOzoneClusterImpl-61d3b935-36cd-4496-a441-eee01f8c564c/datanode-4/data/ratis/84742cf6-54fc-4286-943e-1f5d34f6c287 has been successfully formatted.
2023-05-23 10:28:04,973 [bcab7f0f-7790-4a04-bb65-53c00937b84b-groupManagement] INFO  ratis.ContainerStateMachine (ContainerStateMachine.java:loadSnapshot(262)) - group-1F5D34F6C287: The snapshot info is null. Setting the last applied indexto:(t:0, i:~)
2023-05-23 10:28:04,973 [bcab7f0f-7790-4a04-bb65-53c00937b84b-groupManagement] INFO  server.RaftServerConfigKeys (ConfUtils.java:logGet(46)) - raft.server.log.use.memory = false (default)
2023-05-23 10:28:04,973 [bcab7f0f-7790-4a04-bb65-53c00937b84b-groupManagement] INFO  server.RaftServerConfigKeys (ConfUtils.java:logGet(46)) - raft.server.log.purge.gap = 1000000 (custom)
2023-05-23 10:28:04,973 [bcab7f0f-7790-4a04-bb65-53c00937b84b-groupManagement] INFO  server.RaftServerConfigKeys (ConfUtils.java:logGet(46)) - raft.server.log.appender.buffer.byte-limit = 33554432 (custom)
2023-05-23 10:28:04,974 [bcab7f0f-7790-4a04-bb65-53c00937b84b-groupManagement] INFO  server.RaftServerConfigKeys (ConfUtils.java:logGet(46)) - raft.server.log.statemachine.data.read.timeout = 1000ms (default)
2023-05-23 10:28:04,974 [bcab7f0f-7790-4a04-bb65-53c00937b84b-groupManagement] INFO  server.RaftServerConfigKeys (ConfUtils.java:logGet(46)) - raft.server.log.purge.preservation.log.num = 0 (default)
2023-05-23 10:28:04,974 [EventQueue-PipelineReportForPipelineReportHandler] INFO  pipeline.PipelineManagerImpl (PipelineManagerImpl.java:openPipeline(367)) - Pipeline Pipeline[ Id: 84742cf6-54fc-4286-943e-1f5d34f6c287, Nodes: bcab7f0f-7790-4a04-bb65-53c00937b84b(fv-az1249-304/10.1.0.38), ReplicationConfig: RATIS/ONE, State:ALLOCATED, leaderId:bcab7f0f-7790-4a04-bb65-53c00937b84b, CreationTimestamp2023-05-23T10:28:01.965Z[Etc/UTC]] moved to OPEN state
2023-05-23 10:28:04,974 [bcab7f0f-7790-4a04-bb65-53c00937b84b-groupManagement] INFO  server.RaftServerConfigKeys (ConfUtils.java:logGet(46)) - raft.server.log.segment.size.max = 1048576 (custom)
2023-05-23 10:28:04,974 [bcab7f0f-7790-4a04-bb65-53c00937b84b-groupManagement] INFO  server.RaftServerConfigKeys (ConfUtils.java:logGet(46)) - raft.server.log.segment.cache.num.max = 2 (custom)
2023-05-23 10:28:04,974 [bcab7f0f-7790-4a04-bb65-53c00937b84b-groupManagement] INFO  server.RaftServerConfigKeys (ConfUtils.java:logGet(46)) - raft.server.log.segment.cache.size.max = 200MB (=209715200) (default)
2023-05-23 10:28:04,974 [bcab7f0f-7790-4a04-bb65-53c00937b84b-groupManagement] INFO  server.RaftServerConfigKeys (ConfUtils.java:logGet(46)) - raft.server.log.appender.buffer.byte-limit = 33554432 (custom)
2023-05-23 10:28:04,974 [EventQueue-OpenPipelineForHealthyPipelineSafeModeRule] INFO  safemode.SCMSafeModeManager (HealthyPipelineSafeModeRule.java:process(137)) - SCM in safe mode. Healthy pipelines reported count is 0, required healthy pipeline reported count is 1
2023-05-23 10:28:04,974 [bcab7f0f-7790-4a04-bb65-53c00937b84b-groupManagement] INFO  segmented.SegmentedRaftLogWorker (SegmentedRaftLogWorker.java:<init>(188)) - new bcab7f0f-7790-4a04-bb65-53c00937b84b@group-1F5D34F6C287-SegmentedRaftLogWorker for RaftStorageImpl:Storage Directory /home/runner/work/ozone/ozone/hadoop-ozone/integration-test/target/test-dir/MiniOzoneClusterImpl-61d3b935-36cd-4496-a441-eee01f8c564c/datanode-4/data/ratis/84742cf6-54fc-4286-943e-1f5d34f6c287
2023-05-23 10:28:04,974 [bcab7f0f-7790-4a04-bb65-53c00937b84b-groupManagement] INFO  server.RaftServerConfigKeys (ConfUtils.java:logGet(46)) - raft.server.log.queue.byte-limit = 4294967296 (custom)
2023-05-23 10:28:04,975 [bcab7f0f-7790-4a04-bb65-53c00937b84b-groupManagement] INFO  server.RaftServerConfigKeys (ConfUtils.java:logGet(46)) - raft.server.log.queue.element-limit = 1024 (custom)
2023-05-23 10:28:04,975 [bcab7f0f-7790-4a04-bb65-53c00937b84b-groupManagement] INFO  server.RaftServerConfigKeys (ConfUtils.java:logGet(46)) - raft.server.log.segment.size.max = 1048576 (custom)
2023-05-23 10:28:04,975 [bcab7f0f-7790-4a04-bb65-53c00937b84b-groupManagement] INFO  server.RaftServerConfigKeys (ConfUtils.java:logGet(46)) - raft.server.log.preallocated.size = 16384 (custom)
2023-05-23 10:28:04,975 [bcab7f0f-7790-4a04-bb65-53c00937b84b-groupManagement] INFO  server.RaftServerConfigKeys (ConfUtils.java:logGet(46)) - raft.server.log.force.sync.num = 128 (default)
2023-05-23 10:28:04,975 [bcab7f0f-7790-4a04-bb65-53c00937b84b-groupManagement] INFO  server.RaftServerConfigKeys (ConfUtils.java:logGet(46)) - raft.server.log.statemachine.data.sync = true (default)
2023-05-23 10:28:04,975 [bcab7f0f-7790-4a04-bb65-53c00937b84b-groupManagement] INFO  server.RaftServerConfigKeys (ConfUtils.java:logGet(46)) - raft.server.log.statemachine.data.sync.timeout = 10s (default)
2023-05-23 10:28:04,975 [bcab7f0f-7790-4a04-bb65-53c00937b84b-groupManagement] INFO  server.RaftServerConfigKeys (ConfUtils.java:logGet(46)) - raft.server.log.statemachine.data.sync.timeout.retry = -1 (default)
2023-05-23 10:28:04,975 [bcab7f0f-7790-4a04-bb65-53c00937b84b-groupManagement] INFO  server.RaftServerConfigKeys (ConfUtils.java:logGet(46)) - raft.server.log.write.buffer.size = 1048576 (custom)
2023-05-23 10:28:04,976 [bcab7f0f-7790-4a04-bb65-53c00937b84b-groupManagement] INFO  server.RaftServerConfigKeys (ConfUtils.java:logGet(46)) - raft.server.log.appender.buffer.byte-limit = 33554432 (custom)
2023-05-23 10:28:04,982 [bcab7f0f-7790-4a04-bb65-53c00937b84b-groupManagement] INFO  server.RaftServerConfigKeys (ConfUtils.java:logGet(46)) - raft.server.log.unsafe-flush.enabled = false (default)
2023-05-23 10:28:04,982 [bcab7f0f-7790-4a04-bb65-53c00937b84b-groupManagement] INFO  server.RaftServerConfigKeys (ConfUtils.java:logGet(46)) - raft.server.log.async-flush.enabled = false (default)
2023-05-23 10:28:04,982 [bcab7f0f-7790-4a04-bb65-53c00937b84b-groupManagement] INFO  server.RaftServerConfigKeys (ConfUtils.java:logGet(46)) - raft.server.log.statemachine.data.caching.enabled = true (custom)
2023-05-23 10:28:04,982 [bcab7f0f-7790-4a04-bb65-53c00937b84b-groupManagement] INFO  segmented.SegmentedRaftLogWorker (SegmentedRaftLogWorker.java:lambda$new$0(135)) - bcab7f0f-7790-4a04-bb65-53c00937b84b@group-1F5D34F6C287-SegmentedRaftLogWorker: flushIndex: setUnconditionally 0 -> -1
2023-05-23 10:28:04,982 [bcab7f0f-7790-4a04-bb65-53c00937b84b-groupManagement] INFO  segmented.SegmentedRaftLogWorker (SegmentedRaftLogWorker.java:lambda$new$0(135)) - bcab7f0f-7790-4a04-bb65-53c00937b84b@group-1F5D34F6C287-SegmentedRaftLogWorker: safeCacheEvictIndex: setUnconditionally 0 -> -1
2023-05-23 10:28:04,982 [bcab7f0f-7790-4a04-bb65-53c00937b84b-groupManagement] INFO  server.RaftServer$Division (RaftServerImpl.java:start(342)) - bcab7f0f-7790-4a04-bb65-53c00937b84b@group-1F5D34F6C287: start as a follower, conf=-1: peers:[bcab7f0f-7790-4a04-bb65-53c00937b84b|rpc:10.1.0.38:15285|admin:10.1.0.38:15284|client:10.1.0.38:15283|dataStream:10.1.0.38:15286|priority:1|startupRole:FOLLOWER]|listeners:[], old=null
2023-05-23 10:28:04,983 [bcab7f0f-7790-4a04-bb65-53c00937b84b-groupManagement] INFO  server.RaftServer$Division (RaftServerImpl.java:setRole(329)) - bcab7f0f-7790-4a04-bb65-53c00937b84b@group-1F5D34F6C287: changes role from      null to FOLLOWER at term 0 for startAsFollower
2023-05-23 10:28:04,983 [bcab7f0f-7790-4a04-bb65-53c00937b84b-groupManagement] INFO  impl.RoleInfo (RoleInfo.java:updateAndGet(139)) - bcab7f0f-7790-4a04-bb65-53c00937b84b: start bcab7f0f-7790-4a04-bb65-53c00937b84b@group-1F5D34F6C287-FollowerState
2023-05-23 10:28:04,983 [bcab7f0f-7790-4a04-bb65-53c00937b84b-groupManagement] INFO  util.JmxRegister (JmxRegister.java:tryRegister(44)) - Successfully registered JMX Bean with object name Ratis:service=RaftServer,group=group-1F5D34F6C287,id=bcab7f0f-7790-4a04-bb65-53c00937b84b
2023-05-23 10:28:04,983 [bcab7f0f-7790-4a04-bb65-53c00937b84b@group-1F5D34F6C287-FollowerState] INFO  server.RaftServerConfigKeys (ConfUtils.java:logFallback(53)) - raft.server.rpc.first-election.timeout.min = 5s (fallback to raft.server.rpc.timeout.min)
2023-05-23 10:28:04,983 [bcab7f0f-7790-4a04-bb65-53c00937b84b-groupManagement] INFO  server.RaftServerConfigKeys (ConfUtils.java:logGet(46)) - raft.server.snapshot.auto.trigger.enabled = true (custom)
2023-05-23 10:28:04,983 [bcab7f0f-7790-4a04-bb65-53c00937b84b@group-1F5D34F6C287-FollowerState] INFO  server.RaftServerConfigKeys (ConfUtils.java:logFallback(53)) - raft.server.rpc.first-election.timeout.max = 5200ms (fallback to raft.server.rpc.timeout.max)
2023-05-23 10:28:04,983 [bcab7f0f-7790-4a04-bb65-53c00937b84b-groupManagement] INFO  server.RaftServerConfigKeys (ConfUtils.java:logGet(46)) - raft.server.snapshot.auto.trigger.threshold = 10000 (custom)
2023-05-23 10:28:04,983 [bcab7f0f-7790-4a04-bb65-53c00937b84b-groupManagement] INFO  server.RaftServerConfigKeys (ConfUtils.java:logGet(46)) - raft.server.snapshot.retention.file.num = 5 (custom)
2023-05-23 10:28:04,983 [bcab7f0f-7790-4a04-bb65-53c00937b84b-groupManagement] INFO  server.RaftServerConfigKeys (ConfUtils.java:logGet(46)) - raft.server.log.purge.upto.snapshot.index = false (default)
2023-05-23 10:28:04,984 [Command processor thread] INFO  ratis.XceiverServerRatis (XceiverServerRatis.java:addGroup(806)) - Created group PipelineID=84742cf6-54fc-4286-943e-1f5d34f6c287
2023-05-23 10:28:04,984 [Command processor thread] INFO  commandhandler.CreatePipelineCommandHandler (CreatePipelineCommandHandler.java:handle(113)) - Created Pipeline RATIS ONE PipelineID=84742cf6-54fc-4286-943e-1f5d34f6c287.
2023-05-23 10:28:05,351 [ReplicationMonitor] INFO  replication.ReplicationManager (ReplicationManager.java:processAll(375)) - Replication Manager is not ready to run until 3000ms after safemode exit
2023-05-23 10:28:05,859 [JvmPauseMonitor35] WARN  util.JvmPauseMonitor (JvmPauseMonitor.java:detectPause(124)) - JvmPauseMonitor-bcab7f0f-7790-4a04-bb65-53c00937b84b: Detected pause in JVM or host machine approximately 0.344s with 0.451s GC time.
GC pool 'PS MarkSweep' had collection(s): count=1 time=318ms
GC pool 'PS Scavenge' had collection(s): count=1 time=133ms
2023-05-23 10:28:05,859 [JvmPauseMonitor31] WARN  util.JvmPauseMonitor (JvmPauseMonitor.java:detectPause(124)) - JvmPauseMonitor-a469ef55-9a66-4c89-903c-187a01270f46: Detected pause in JVM or host machine approximately 0.141s with 0.451s GC time.
GC pool 'PS MarkSweep' had collection(s): count=1 time=318ms
GC pool 'PS Scavenge' had collection(s): count=1 time=133ms
2023-05-23 10:28:05,859 [JvmPauseMonitor34] WARN  util.JvmPauseMonitor (JvmPauseMonitor.java:detectPause(124)) - JvmPauseMonitor-d6ba1385-1418-4053-92a8-092c511516c2: Detected pause in JVM or host machine approximately 0.149s with 0.451s GC time.
GC pool 'PS MarkSweep' had collection(s): count=1 time=318ms
GC pool 'PS Scavenge' had collection(s): count=1 time=133ms
2023-05-23 10:28:05,859 [JvmPauseMonitor32] WARN  util.JvmPauseMonitor (JvmPauseMonitor.java:detectPause(124)) - JvmPauseMonitor-2f994218-547f-400b-b588-7f48010df848: Detected pause in JVM or host machine approximately 0.309s with 0.451s GC time.
GC pool 'PS MarkSweep' had collection(s): count=1 time=318ms
GC pool 'PS Scavenge' had collection(s): count=1 time=133ms
2023-05-23 10:28:05,966 [Listener at 127.0.0.1/15244] INFO  ozone.MiniOzoneClusterImpl (MiniOzoneClusterImpl.java:lambda$waitForClusterToBeReady$0(222)) - Nodes are ready. Got 5 of 5 DN Heartbeats.
2023-05-23 10:28:05,966 [Listener at 127.0.0.1/15244] INFO  ozone.MiniOzoneClusterImpl (MiniOzoneClusterImpl.java:lambda$waitForClusterToBeReady$0(225)) - Waiting for cluster to exit safe mode
2023-05-23 10:28:05,966 [Listener at 127.0.0.1/15244] INFO  ozone.MiniOzoneClusterImpl (MiniOzoneClusterImpl.java:lambda$waitForClusterToBeReady$0(227)) - SCM became leader
2023-05-23 10:28:06,351 [ReplicationMonitor] INFO  replication.ReplicationManager (ReplicationManager.java:processAll(375)) - Replication Manager is not ready to run until 3000ms after safemode exit
2023-05-23 10:28:06,966 [Listener at 127.0.0.1/15244] INFO  ozone.MiniOzoneClusterImpl (MiniOzoneClusterImpl.java:lambda$waitForClusterToBeReady$0(222)) - Nodes are ready. Got 5 of 5 DN Heartbeats.
2023-05-23 10:28:06,966 [Listener at 127.0.0.1/15244] INFO  ozone.MiniOzoneClusterImpl (MiniOzoneClusterImpl.java:lambda$waitForClusterToBeReady$0(225)) - Waiting for cluster to exit safe mode
2023-05-23 10:28:06,966 [Listener at 127.0.0.1/15244] INFO  ozone.MiniOzoneClusterImpl (MiniOzoneClusterImpl.java:lambda$waitForClusterToBeReady$0(227)) - SCM became leader
2023-05-23 10:28:07,351 [ReplicationMonitor] INFO  replication.ReplicationManager (ReplicationManager.java:processAll(375)) - Replication Manager is not ready to run until 3000ms after safemode exit
2023-05-23 10:28:07,966 [Listener at 127.0.0.1/15244] INFO  ozone.MiniOzoneClusterImpl (MiniOzoneClusterImpl.java:lambda$waitForClusterToBeReady$0(222)) - Nodes are ready. Got 5 of 5 DN Heartbeats.
2023-05-23 10:28:07,967 [Listener at 127.0.0.1/15244] INFO  ozone.MiniOzoneClusterImpl (MiniOzoneClusterImpl.java:lambda$waitForClusterToBeReady$0(225)) - Waiting for cluster to exit safe mode
2023-05-23 10:28:07,967 [Listener at 127.0.0.1/15244] INFO  ozone.MiniOzoneClusterImpl (MiniOzoneClusterImpl.java:lambda$waitForClusterToBeReady$0(227)) - SCM became leader
2023-05-23 10:28:08,351 [ReplicationMonitor] INFO  replication.ReplicationManager (ReplicationManager.java:processAll(375)) - Replication Manager is not ready to run until 3000ms after safemode exit
2023-05-23 10:28:08,784 [a469ef55-9a66-4c89-903c-187a01270f46@group-C9847B6D8720-FollowerState] INFO  impl.FollowerState (FollowerState.java:run(143)) - a469ef55-9a66-4c89-903c-187a01270f46@group-C9847B6D8720-FollowerState: change to CANDIDATE, lastRpcElapsedTime:5116684436ns, electionTimeout:5116ms
2023-05-23 10:28:08,784 [a469ef55-9a66-4c89-903c-187a01270f46@group-C9847B6D8720-FollowerState] INFO  impl.RoleInfo (RoleInfo.java:shutdownFollowerState(110)) - a469ef55-9a66-4c89-903c-187a01270f46: shutdown a469ef55-9a66-4c89-903c-187a01270f46@group-C9847B6D8720-FollowerState
2023-05-23 10:28:08,784 [a469ef55-9a66-4c89-903c-187a01270f46@group-C9847B6D8720-FollowerState] INFO  server.RaftServer$Division (RaftServerImpl.java:setRole(329)) - a469ef55-9a66-4c89-903c-187a01270f46@group-C9847B6D8720: changes role from  FOLLOWER to CANDIDATE at term 0 for changeToCandidate
2023-05-23 10:28:08,784 [a469ef55-9a66-4c89-903c-187a01270f46@group-C9847B6D8720-FollowerState] INFO  server.RaftServerConfigKeys (ConfUtils.java:logGet(46)) - raft.server.leaderelection.pre-vote = true (default)
2023-05-23 10:28:08,784 [a469ef55-9a66-4c89-903c-187a01270f46@group-C9847B6D8720-FollowerState] INFO  impl.RoleInfo (RoleInfo.java:updateAndGet(139)) - a469ef55-9a66-4c89-903c-187a01270f46: start a469ef55-9a66-4c89-903c-187a01270f46@group-C9847B6D8720-LeaderElection53
2023-05-23 10:28:08,787 [a469ef55-9a66-4c89-903c-187a01270f46@group-C9847B6D8720-LeaderElection53] INFO  impl.LeaderElection (LeaderElection.java:askForVotes(321)) - a469ef55-9a66-4c89-903c-187a01270f46@group-C9847B6D8720-LeaderElection53 PRE_VOTE round 0: submit vote requests at term 0 for -1: peers:[a469ef55-9a66-4c89-903c-187a01270f46|rpc:10.1.0.38:15253|admin:10.1.0.38:15252|client:10.1.0.38:15251|dataStream:10.1.0.38:15254|priority:1|startupRole:FOLLOWER]|listeners:[], old=null
2023-05-23 10:28:08,787 [a469ef55-9a66-4c89-903c-187a01270f46@group-C9847B6D8720-LeaderElection53] INFO  impl.LeaderElection (LeaderElection.java:askForVotes(323)) - a469ef55-9a66-4c89-903c-187a01270f46@group-C9847B6D8720-LeaderElection53 PRE_VOTE round 0: result PASSED (term=0)
2023-05-23 10:28:08,789 [a469ef55-9a66-4c89-903c-187a01270f46@group-C9847B6D8720-LeaderElection53] INFO  impl.LeaderElection (LeaderElection.java:askForVotes(321)) - a469ef55-9a66-4c89-903c-187a01270f46@group-C9847B6D8720-LeaderElection53 ELECTION round 0: submit vote requests at term 1 for -1: peers:[a469ef55-9a66-4c89-903c-187a01270f46|rpc:10.1.0.38:15253|admin:10.1.0.38:15252|client:10.1.0.38:15251|dataStream:10.1.0.38:15254|priority:1|startupRole:FOLLOWER]|listeners:[], old=null
2023-05-23 10:28:08,789 [a469ef55-9a66-4c89-903c-187a01270f46@group-C9847B6D8720-LeaderElection53] INFO  impl.LeaderElection (LeaderElection.java:askForVotes(323)) - a469ef55-9a66-4c89-903c-187a01270f46@group-C9847B6D8720-LeaderElection53 ELECTION round 0: result PASSED (term=1)
2023-05-23 10:28:08,789 [a469ef55-9a66-4c89-903c-187a01270f46@group-C9847B6D8720-LeaderElection53] INFO  impl.RoleInfo (RoleInfo.java:shutdownLeaderElection(130)) - a469ef55-9a66-4c89-903c-187a01270f46: shutdown a469ef55-9a66-4c89-903c-187a01270f46@group-C9847B6D8720-LeaderElection53
2023-05-23 10:28:08,789 [a469ef55-9a66-4c89-903c-187a01270f46@group-C9847B6D8720-LeaderElection53] INFO  server.RaftServer$Division (RaftServerImpl.java:setRole(329)) - a469ef55-9a66-4c89-903c-187a01270f46@group-C9847B6D8720: changes role from CANDIDATE to LEADER at term 1 for changeToLeader
2023-05-23 10:28:08,789 [a469ef55-9a66-4c89-903c-187a01270f46@group-C9847B6D8720-LeaderElection53] INFO  ratis.XceiverServerRatis (XceiverServerRatis.java:handleLeaderChangedNotification(904)) - Leader change notification received for group: group-C9847B6D8720 with new leaderId: a469ef55-9a66-4c89-903c-187a01270f46
2023-05-23 10:28:08,790 [a469ef55-9a66-4c89-903c-187a01270f46@group-C9847B6D8720-LeaderElection53] INFO  server.RaftServer$Division (ServerState.java:setLeader(317)) - a469ef55-9a66-4c89-903c-187a01270f46@group-C9847B6D8720: change Leader from null to a469ef55-9a66-4c89-903c-187a01270f46 at term 1 for becomeLeader, leader elected after 5139ms
2023-05-23 10:28:08,790 [a469ef55-9a66-4c89-903c-187a01270f46@group-C9847B6D8720-LeaderElection53] INFO  server.RaftServerConfigKeys (ConfUtils.java:logGet(46)) - raft.server.staging.catchup.gap = 1000 (default)
2023-05-23 10:28:08,791 [EventQueue-OpenPipelineForHealthyPipelineSafeModeRule] INFO  safemode.SCMSafeModeManager (HealthyPipelineSafeModeRule.java:process(137)) - SCM in safe mode. Healthy pipelines reported count is 0, required healthy pipeline reported count is 1
2023-05-23 10:28:08,793 [a469ef55-9a66-4c89-903c-187a01270f46@group-C9847B6D8720-LeaderElection53] INFO  server.RaftServerConfigKeys (ConfUtils.java:logGet(46)) - raft.server.write.element-limit = 1024 (custom)
2023-05-23 10:28:08,793 [a469ef55-9a66-4c89-903c-187a01270f46@group-C9847B6D8720-LeaderElection53] INFO  server.RaftServerConfigKeys (ConfUtils.java:logGet(46)) - raft.server.write.byte-limit = 1024 M (=1073741824) (custom)
2023-05-23 10:28:08,793 [a469ef55-9a66-4c89-903c-187a01270f46@group-C9847B6D8720-LeaderElection53] INFO  server.RaftServerConfigKeys (ConfUtils.java:logGet(46)) - raft.server.watch.timeout = 180s (custom)
2023-05-23 10:28:08,793 [a469ef55-9a66-4c89-903c-187a01270f46@group-C9847B6D8720-LeaderElection53] INFO  server.RaftServerConfigKeys (ConfUtils.java:logGet(46)) - raft.server.watch.timeout.denomination = 1s (default)
2023-05-23 10:28:08,793 [a469ef55-9a66-4c89-903c-187a01270f46@group-C9847B6D8720-LeaderElection53] INFO  server.RaftServerConfigKeys (ConfUtils.java:logGet(46)) - raft.server.watch.element-limit = 65536 (default)
2023-05-23 10:28:08,793 [a469ef55-9a66-4c89-903c-187a01270f46@group-C9847B6D8720-LeaderElection53] INFO  server.RaftServerConfigKeys (ConfUtils.java:logGet(46)) - raft.server.write.element-limit = 1024 (custom)
2023-05-23 10:28:08,793 [a469ef55-9a66-4c89-903c-187a01270f46@group-C9847B6D8720-LeaderElection53] INFO  server.RaftServerConfigKeys (ConfUtils.java:logGet(46)) - raft.server.write.follower.gap.ratio.max = -1.0 (default)
2023-05-23 10:28:08,793 [a469ef55-9a66-4c89-903c-187a01270f46@group-C9847B6D8720-LeaderElection53] INFO  impl.RoleInfo (RoleInfo.java:updateAndGet(139)) - a469ef55-9a66-4c89-903c-187a01270f46: start a469ef55-9a66-4c89-903c-187a01270f46@group-C9847B6D8720-LeaderStateImpl
2023-05-23 10:28:08,794 [a469ef55-9a66-4c89-903c-187a01270f46@group-C9847B6D8720-LeaderElection53] INFO  segmented.SegmentedRaftLogWorker (SegmentedRaftLogWorker.java:startLogSegment(447)) - a469ef55-9a66-4c89-903c-187a01270f46@group-C9847B6D8720-SegmentedRaftLogWorker: Starting segment from index:0
2023-05-23 10:28:08,801 [a469ef55-9a66-4c89-903c-187a01270f46@group-C9847B6D8720-LeaderElection53] INFO  server.RaftServer$Division (ServerState.java:setRaftConf(434)) - a469ef55-9a66-4c89-903c-187a01270f46@group-C9847B6D8720: set configuration 0: peers:[a469ef55-9a66-4c89-903c-187a01270f46|rpc:10.1.0.38:15253|admin:10.1.0.38:15252|client:10.1.0.38:15251|dataStream:10.1.0.38:15254|priority:1|startupRole:FOLLOWER]|listeners:[], old=null
2023-05-23 10:28:08,801 [a469ef55-9a66-4c89-903c-187a01270f46@group-C9847B6D8720-SegmentedRaftLogWorker] INFO  segmented.SegmentedRaftLogWorker (SegmentedRaftLogWorker.java:execute(651)) - a469ef55-9a66-4c89-903c-187a01270f46@group-C9847B6D8720-SegmentedRaftLogWorker: created new log segment /home/runner/work/ozone/ozone/hadoop-ozone/integration-test/target/test-dir/MiniOzoneClusterImpl-61d3b935-36cd-4496-a441-eee01f8c564c/datanode-0/data/ratis/f1381232-f8aa-4d64-9bf5-c9847b6d8720/current/log_inprogress_0
2023-05-23 10:28:08,825 [a469ef55-9a66-4c89-903c-187a01270f46@group-CC085891EDF4-FollowerState] INFO  impl.FollowerState (FollowerState.java:run(143)) - a469ef55-9a66-4c89-903c-187a01270f46@group-CC085891EDF4-FollowerState: change to CANDIDATE, lastRpcElapsedTime:5016271064ns, electionTimeout:5012ms
2023-05-23 10:28:08,825 [a469ef55-9a66-4c89-903c-187a01270f46@group-CC085891EDF4-FollowerState] INFO  impl.RoleInfo (RoleInfo.java:shutdownFollowerState(110)) - a469ef55-9a66-4c89-903c-187a01270f46: shutdown a469ef55-9a66-4c89-903c-187a01270f46@group-CC085891EDF4-FollowerState
2023-05-23 10:28:08,825 [a469ef55-9a66-4c89-903c-187a01270f46@group-CC085891EDF4-FollowerState] INFO  server.RaftServer$Division (RaftServerImpl.java:setRole(329)) - a469ef55-9a66-4c89-903c-187a01270f46@group-CC085891EDF4: changes role from  FOLLOWER to CANDIDATE at term 0 for changeToCandidate
2023-05-23 10:28:08,825 [a469ef55-9a66-4c89-903c-187a01270f46@group-CC085891EDF4-FollowerState] INFO  server.RaftServerConfigKeys (ConfUtils.java:logGet(46)) - raft.server.leaderelection.pre-vote = true (default)
2023-05-23 10:28:08,825 [a469ef55-9a66-4c89-903c-187a01270f46@group-CC085891EDF4-FollowerState] INFO  impl.RoleInfo (RoleInfo.java:updateAndGet(139)) - a469ef55-9a66-4c89-903c-187a01270f46: start a469ef55-9a66-4c89-903c-187a01270f46@group-CC085891EDF4-LeaderElection54
2023-05-23 10:28:08,836 [a469ef55-9a66-4c89-903c-187a01270f46@group-CC085891EDF4-LeaderElection54] INFO  impl.LeaderElection (LeaderElection.java:askForVotes(321)) - a469ef55-9a66-4c89-903c-187a01270f46@group-CC085891EDF4-LeaderElection54 PRE_VOTE round 0: submit vote requests at term 0 for -1: peers:[3ac7e479-6b2c-4ad1-9d02-9355b26abab7|rpc:10.1.0.38:15269|admin:10.1.0.38:15268|client:10.1.0.38:15267|dataStream:10.1.0.38:15270|priority:0|startupRole:FOLLOWER, 2f994218-547f-400b-b588-7f48010df848|rpc:10.1.0.38:15261|admin:10.1.0.38:15260|client:10.1.0.38:15259|dataStream:10.1.0.38:15262|priority:0|startupRole:FOLLOWER, a469ef55-9a66-4c89-903c-187a01270f46|rpc:10.1.0.38:15253|admin:10.1.0.38:15252|client:10.1.0.38:15251|dataStream:10.1.0.38:15254|priority:1|startupRole:FOLLOWER]|listeners:[], old=null
2023-05-23 10:28:08,837 [a469ef55-9a66-4c89-903c-187a01270f46@group-CC085891EDF4-LeaderElection54] INFO  server.RaftServerConfigKeys (ConfUtils.java:logFallback(53)) - raft.server.rpc.first-election.timeout.min = 5s (fallback to raft.server.rpc.timeout.min)
2023-05-23 10:28:08,837 [a469ef55-9a66-4c89-903c-187a01270f46@group-CC085891EDF4-LeaderElection54] INFO  server.RaftServerConfigKeys (ConfUtils.java:logFallback(53)) - raft.server.rpc.first-election.timeout.max = 5200ms (fallback to raft.server.rpc.timeout.max)
2023-05-23 10:28:08,837 [a469ef55-9a66-4c89-903c-187a01270f46@group-CC085891EDF4-LeaderElection54-1] INFO  server.GrpcServerProtocolClient (GrpcServerProtocolClient.java:<init>(65)) - Build channel for 3ac7e479-6b2c-4ad1-9d02-9355b26abab7
2023-05-23 10:28:08,837 [a469ef55-9a66-4c89-903c-187a01270f46@group-CC085891EDF4-LeaderElection54-2] INFO  server.GrpcServerProtocolClient (GrpcServerProtocolClient.java:<init>(65)) - Build channel for 2f994218-547f-400b-b588-7f48010df848
2023-05-23 10:28:08,847 [grpc-default-executor-0] INFO  server.RaftServer$Division (RaftServerImpl.java:requestVote(1302)) - 2f994218-547f-400b-b588-7f48010df848@group-CC085891EDF4: receive requestVote(PRE_VOTE, a469ef55-9a66-4c89-903c-187a01270f46, group-CC085891EDF4, 0, (t:0, i:0))
2023-05-23 10:28:08,848 [grpc-default-executor-0] INFO  impl.VoteContext (VoteContext.java:log(49)) - 2f994218-547f-400b-b588-7f48010df848@group-CC085891EDF4-FOLLOWER: accept PRE_VOTE from a469ef55-9a66-4c89-903c-187a01270f46: our priority 0 <= candidate's priority 1
2023-05-23 10:28:08,848 [grpc-default-executor-0] INFO  server.RaftServer$Division (RaftServerImpl.java:requestVote(1335)) - 2f994218-547f-400b-b588-7f48010df848@group-CC085891EDF4 replies to PRE_VOTE vote request: a469ef55-9a66-4c89-903c-187a01270f46<-2f994218-547f-400b-b588-7f48010df848#0:OK-t0. Peer's state: 2f994218-547f-400b-b588-7f48010df848@group-CC085891EDF4:t0, leader=null, voted=, raftlog=Memoized:2f994218-547f-400b-b588-7f48010df848@group-CC085891EDF4-SegmentedRaftLog:OPENED:c-1, conf=-1: peers:[3ac7e479-6b2c-4ad1-9d02-9355b26abab7|rpc:10.1.0.38:15269|admin:10.1.0.38:15268|client:10.1.0.38:15267|dataStream:10.1.0.38:15270|priority:0|startupRole:FOLLOWER, 2f994218-547f-400b-b588-7f48010df848|rpc:10.1.0.38:15261|admin:10.1.0.38:15260|client:10.1.0.38:15259|dataStream:10.1.0.38:15262|priority:0|startupRole:FOLLOWER, a469ef55-9a66-4c89-903c-187a01270f46|rpc:10.1.0.38:15253|admin:10.1.0.38:15252|client:10.1.0.38:15251|dataStream:10.1.0.38:15254|priority:1|startupRole:FOLLOWER]|listeners:[], old=null
2023-05-23 10:28:08,853 [a469ef55-9a66-4c89-903c-187a01270f46@group-CC085891EDF4-LeaderElection54] INFO  impl.LeaderElection (LeaderElection.java:logAndReturn(90)) - a469ef55-9a66-4c89-903c-187a01270f46@group-CC085891EDF4-LeaderElection54: PRE_VOTE PASSED received 1 response(s) and 0 exception(s):
2023-05-23 10:28:08,853 [a469ef55-9a66-4c89-903c-187a01270f46@group-CC085891EDF4-LeaderElection54] INFO  impl.LeaderElection (LeaderElection.java:logAndReturn(94)) -   Response 0: a469ef55-9a66-4c89-903c-187a01270f46<-2f994218-547f-400b-b588-7f48010df848#0:OK-t0
2023-05-23 10:28:08,853 [a469ef55-9a66-4c89-903c-187a01270f46@group-CC085891EDF4-LeaderElection54] INFO  impl.LeaderElection (LeaderElection.java:askForVotes(323)) - a469ef55-9a66-4c89-903c-187a01270f46@group-CC085891EDF4-LeaderElection54 PRE_VOTE round 0: result PASSED
2023-05-23 10:28:08,854 [a469ef55-9a66-4c89-903c-187a01270f46@group-CC085891EDF4-LeaderElection54] INFO  impl.LeaderElection (LeaderElection.java:askForVotes(321)) - a469ef55-9a66-4c89-903c-187a01270f46@group-CC085891EDF4-LeaderElection54 ELECTION round 0: submit vote requests at term 1 for -1: peers:[3ac7e479-6b2c-4ad1-9d02-9355b26abab7|rpc:10.1.0.38:15269|admin:10.1.0.38:15268|client:10.1.0.38:15267|dataStream:10.1.0.38:15270|priority:0|startupRole:FOLLOWER, 2f994218-547f-400b-b588-7f48010df848|rpc:10.1.0.38:15261|admin:10.1.0.38:15260|client:10.1.0.38:15259|dataStream:10.1.0.38:15262|priority:0|startupRole:FOLLOWER, a469ef55-9a66-4c89-903c-187a01270f46|rpc:10.1.0.38:15253|admin:10.1.0.38:15252|client:10.1.0.38:15251|dataStream:10.1.0.38:15254|priority:1|startupRole:FOLLOWER]|listeners:[], old=null
2023-05-23 10:28:08,855 [3ac7e479-6b2c-4ad1-9d02-9355b26abab7@group-4DE6E43F8739-FollowerState] INFO  impl.FollowerState (FollowerState.java:run(143)) - 3ac7e479-6b2c-4ad1-9d02-9355b26abab7@group-4DE6E43F8739-FollowerState: change to CANDIDATE, lastRpcElapsedTime:5078853932ns, electionTimeout:5077ms
2023-05-23 10:28:08,855 [3ac7e479-6b2c-4ad1-9d02-9355b26abab7@group-4DE6E43F8739-FollowerState] INFO  impl.RoleInfo (RoleInfo.java:shutdownFollowerState(110)) - 3ac7e479-6b2c-4ad1-9d02-9355b26abab7: shutdown 3ac7e479-6b2c-4ad1-9d02-9355b26abab7@group-4DE6E43F8739-FollowerState
2023-05-23 10:28:08,855 [3ac7e479-6b2c-4ad1-9d02-9355b26abab7@group-4DE6E43F8739-FollowerState] INFO  server.RaftServer$Division (RaftServerImpl.java:setRole(329)) - 3ac7e479-6b2c-4ad1-9d02-9355b26abab7@group-4DE6E43F8739: changes role from  FOLLOWER to CANDIDATE at term 0 for changeToCandidate
2023-05-23 10:28:08,858 [a469ef55-9a66-4c89-903c-187a01270f46@group-CC085891EDF4-LeaderElection54] INFO  server.RaftServerConfigKeys (ConfUtils.java:logFallback(53)) - raft.server.rpc.first-election.timeout.min = 5s (fallback to raft.server.rpc.timeout.min)
2023-05-23 10:28:08,858 [a469ef55-9a66-4c89-903c-187a01270f46@group-CC085891EDF4-LeaderElection54] INFO  server.RaftServerConfigKeys (ConfUtils.java:logFallback(53)) - raft.server.rpc.first-election.timeout.max = 5200ms (fallback to raft.server.rpc.timeout.max)
2023-05-23 10:28:08,859 [3ac7e479-6b2c-4ad1-9d02-9355b26abab7@group-4DE6E43F8739-FollowerState] INFO  server.RaftServerConfigKeys (ConfUtils.java:logGet(46)) - raft.server.leaderelection.pre-vote = true (default)
2023-05-23 10:28:08,859 [3ac7e479-6b2c-4ad1-9d02-9355b26abab7@group-4DE6E43F8739-FollowerState] INFO  impl.RoleInfo (RoleInfo.java:updateAndGet(139)) - 3ac7e479-6b2c-4ad1-9d02-9355b26abab7: start 3ac7e479-6b2c-4ad1-9d02-9355b26abab7@group-4DE6E43F8739-LeaderElection55
2023-05-23 10:28:08,870 [grpc-default-executor-0] INFO  server.RaftServer$Division (RaftServerImpl.java:requestVote(1302)) - 3ac7e479-6b2c-4ad1-9d02-9355b26abab7@group-CC085891EDF4: receive requestVote(PRE_VOTE, a469ef55-9a66-4c89-903c-187a01270f46, group-CC085891EDF4, 0, (t:0, i:0))
2023-05-23 10:28:08,871 [grpc-default-executor-0] INFO  impl.VoteContext (VoteContext.java:log(49)) - 3ac7e479-6b2c-4ad1-9d02-9355b26abab7@group-CC085891EDF4-FOLLOWER: accept PRE_VOTE from a469ef55-9a66-4c89-903c-187a01270f46: our priority 0 <= candidate's priority 1
2023-05-23 10:28:08,871 [grpc-default-executor-0] INFO  server.RaftServer$Division (RaftServerImpl.java:requestVote(1335)) - 3ac7e479-6b2c-4ad1-9d02-9355b26abab7@group-CC085891EDF4 replies to PRE_VOTE vote request: a469ef55-9a66-4c89-903c-187a01270f46<-3ac7e479-6b2c-4ad1-9d02-9355b26abab7#0:OK-t0. Peer's state: 3ac7e479-6b2c-4ad1-9d02-9355b26abab7@group-CC085891EDF4:t0, leader=null, voted=, raftlog=Memoized:3ac7e479-6b2c-4ad1-9d02-9355b26abab7@group-CC085891EDF4-SegmentedRaftLog:OPENED:c-1, conf=-1: peers:[3ac7e479-6b2c-4ad1-9d02-9355b26abab7|rpc:10.1.0.38:15269|admin:10.1.0.38:15268|client:10.1.0.38:15267|dataStream:10.1.0.38:15270|priority:0|startupRole:FOLLOWER, 2f994218-547f-400b-b588-7f48010df848|rpc:10.1.0.38:15261|admin:10.1.0.38:15260|client:10.1.0.38:15259|dataStream:10.1.0.38:15262|priority:0|startupRole:FOLLOWER, a469ef55-9a66-4c89-903c-187a01270f46|rpc:10.1.0.38:15253|admin:10.1.0.38:15252|client:10.1.0.38:15251|dataStream:10.1.0.38:15254|priority:1|startupRole:FOLLOWER]|listeners:[], old=null
2023-05-23 10:28:08,873 [3ac7e479-6b2c-4ad1-9d02-9355b26abab7@group-4DE6E43F8739-LeaderElection55] INFO  impl.LeaderElection (LeaderElection.java:askForVotes(321)) - 3ac7e479-6b2c-4ad1-9d02-9355b26abab7@group-4DE6E43F8739-LeaderElection55 PRE_VOTE round 0: submit vote requests at term 0 for -1: peers:[3ac7e479-6b2c-4ad1-9d02-9355b26abab7|rpc:10.1.0.38:15269|admin:10.1.0.38:15268|client:10.1.0.38:15267|dataStream:10.1.0.38:15270|priority:0|startupRole:FOLLOWER, 2f994218-547f-400b-b588-7f48010df848|rpc:10.1.0.38:15261|admin:10.1.0.38:15260|client:10.1.0.38:15259|dataStream:10.1.0.38:15262|priority:1|startupRole:FOLLOWER, a469ef55-9a66-4c89-903c-187a01270f46|rpc:10.1.0.38:15253|admin:10.1.0.38:15252|client:10.1.0.38:15251|dataStream:10.1.0.38:15254|priority:0|startupRole:FOLLOWER]|listeners:[], old=null
2023-05-23 10:28:08,873 [3ac7e479-6b2c-4ad1-9d02-9355b26abab7@group-4DE6E43F8739-LeaderElection55-1] INFO  server.GrpcServerProtocolClient (GrpcServerProtocolClient.java:<init>(65)) - Build channel for 2f994218-547f-400b-b588-7f48010df848
2023-05-23 10:28:08,874 [2f994218-547f-400b-b588-7f48010df848@group-4DE6E43F8739-FollowerState] INFO  impl.FollowerState (FollowerState.java:run(143)) - 2f994218-547f-400b-b588-7f48010df848@group-4DE6E43F8739-FollowerState: change to CANDIDATE, lastRpcElapsedTime:5153280148ns, electionTimeout:5152ms
2023-05-23 10:28:08,874 [2f994218-547f-400b-b588-7f48010df848@group-4DE6E43F8739-FollowerState] INFO  impl.RoleInfo (RoleInfo.java:shutdownFollowerState(110)) - 2f994218-547f-400b-b588-7f48010df848: shutdown 2f994218-547f-400b-b588-7f48010df848@group-4DE6E43F8739-FollowerState
2023-05-23 10:28:08,874 [2f994218-547f-400b-b588-7f48010df848@group-4DE6E43F8739-FollowerState] INFO  server.RaftServer$Division (RaftServerImpl.java:setRole(329)) - 2f994218-547f-400b-b588-7f48010df848@group-4DE6E43F8739: changes role from  FOLLOWER to CANDIDATE at term 0 for changeToCandidate
2023-05-23 10:28:08,875 [3ac7e479-6b2c-4ad1-9d02-9355b26abab7@group-4DE6E43F8739-LeaderElection55] INFO  server.RaftServerConfigKeys (ConfUtils.java:logFallback(53)) - raft.server.rpc.first-election.timeout.min = 5s (fallback to raft.server.rpc.timeout.min)
2023-05-23 10:28:08,876 [3ac7e479-6b2c-4ad1-9d02-9355b26abab7@group-4DE6E43F8739-LeaderElection55] INFO  server.RaftServerConfigKeys (ConfUtils.java:logFallback(53)) - raft.server.rpc.first-election.timeout.max = 5200ms (fallback to raft.server.rpc.timeout.max)
2023-05-23 10:28:08,876 [3ac7e479-6b2c-4ad1-9d02-9355b26abab7@group-4DE6E43F8739-LeaderElection55-2] INFO  server.GrpcServerProtocolClient (GrpcServerProtocolClient.java:<init>(65)) - Build channel for a469ef55-9a66-4c89-903c-187a01270f46
2023-05-23 10:28:08,876 [2f994218-547f-400b-b588-7f48010df848@group-4DE6E43F8739-FollowerState] INFO  server.RaftServerConfigKeys (ConfUtils.java:logGet(46)) - raft.server.leaderelection.pre-vote = true (default)
2023-05-23 10:28:08,876 [2f994218-547f-400b-b588-7f48010df848@group-4DE6E43F8739-FollowerState] INFO  impl.RoleInfo (RoleInfo.java:updateAndGet(139)) - 2f994218-547f-400b-b588-7f48010df848: start 2f994218-547f-400b-b588-7f48010df848@group-4DE6E43F8739-LeaderElection56
2023-05-23 10:28:08,877 [grpc-default-executor-0] INFO  server.RaftServer$Division (RaftServerImpl.java:requestVote(1302)) - 3ac7e479-6b2c-4ad1-9d02-9355b26abab7@group-CC085891EDF4: receive requestVote(ELECTION, a469ef55-9a66-4c89-903c-187a01270f46, group-CC085891EDF4, 1, (t:0, i:0))
2023-05-23 10:28:08,877 [grpc-default-executor-0] INFO  impl.VoteContext (VoteContext.java:log(49)) - 3ac7e479-6b2c-4ad1-9d02-9355b26abab7@group-CC085891EDF4-FOLLOWER: accept ELECTION from a469ef55-9a66-4c89-903c-187a01270f46: our priority 0 <= candidate's priority 1
2023-05-23 10:28:08,877 [grpc-default-executor-0] INFO  server.RaftServer$Division (RaftServerImpl.java:setRole(329)) - 3ac7e479-6b2c-4ad1-9d02-9355b26abab7@group-CC085891EDF4: changes role from  FOLLOWER to FOLLOWER at term 1 for candidate:a469ef55-9a66-4c89-903c-187a01270f46
2023-05-23 10:28:08,877 [grpc-default-executor-0] INFO  impl.RoleInfo (RoleInfo.java:shutdownFollowerState(110)) - 3ac7e479-6b2c-4ad1-9d02-9355b26abab7: shutdown 3ac7e479-6b2c-4ad1-9d02-9355b26abab7@group-CC085891EDF4-FollowerState
2023-05-23 10:28:08,880 [a469ef55-9a66-4c89-903c-187a01270f46@group-4DE6E43F8739-FollowerState] INFO  impl.FollowerState (FollowerState.java:run(143)) - a469ef55-9a66-4c89-903c-187a01270f46@group-4DE6E43F8739-FollowerState: change to CANDIDATE, lastRpcElapsedTime:5196515897ns, electionTimeout:5193ms
2023-05-23 10:28:08,880 [a469ef55-9a66-4c89-903c-187a01270f46@group-4DE6E43F8739-FollowerState] INFO  impl.RoleInfo (RoleInfo.java:shutdownFollowerState(110)) - a469ef55-9a66-4c89-903c-187a01270f46: shutdown a469ef55-9a66-4c89-903c-187a01270f46@group-4DE6E43F8739-FollowerState
2023-05-23 10:28:08,880 [a469ef55-9a66-4c89-903c-187a01270f46@group-4DE6E43F8739-FollowerState] INFO  server.RaftServer$Division (RaftServerImpl.java:setRole(329)) - a469ef55-9a66-4c89-903c-187a01270f46@group-4DE6E43F8739: changes role from  FOLLOWER to CANDIDATE at term 0 for changeToCandidate
2023-05-23 10:28:08,882 [a469ef55-9a66-4c89-903c-187a01270f46@group-4DE6E43F8739-FollowerState] INFO  server.RaftServerConfigKeys (ConfUtils.java:logGet(46)) - raft.server.leaderelection.pre-vote = true (default)
2023-05-23 10:28:08,882 [grpc-default-executor-2] INFO  server.RaftServer$Division (RaftServerImpl.java:requestVote(1302)) - 2f994218-547f-400b-b588-7f48010df848@group-CC085891EDF4: receive requestVote(ELECTION, a469ef55-9a66-4c89-903c-187a01270f46, group-CC085891EDF4, 1, (t:0, i:0))
2023-05-23 10:28:08,882 [grpc-default-executor-0] INFO  impl.RoleInfo (RoleInfo.java:updateAndGet(139)) - 3ac7e479-6b2c-4ad1-9d02-9355b26abab7: start 3ac7e479-6b2c-4ad1-9d02-9355b26abab7@group-CC085891EDF4-FollowerState
2023-05-23 10:28:08,882 [3ac7e479-6b2c-4ad1-9d02-9355b26abab7@group-CC085891EDF4-FollowerState] INFO  impl.FollowerState (FollowerState.java:run(152)) - 3ac7e479-6b2c-4ad1-9d02-9355b26abab7@group-CC085891EDF4-FollowerState was interrupted
2023-05-23 10:28:08,882 [a469ef55-9a66-4c89-903c-187a01270f46@group-4DE6E43F8739-FollowerState] INFO  impl.RoleInfo (RoleInfo.java:updateAndGet(139)) - a469ef55-9a66-4c89-903c-187a01270f46: start a469ef55-9a66-4c89-903c-187a01270f46@group-4DE6E43F8739-LeaderElection57
2023-05-23 10:28:08,883 [grpc-default-executor-1] INFO  server.RaftServer$Division (RaftServerImpl.java:requestVote(1302)) - 2f994218-547f-400b-b588-7f48010df848@group-4DE6E43F8739: receive requestVote(PRE_VOTE, 3ac7e479-6b2c-4ad1-9d02-9355b26abab7, group-4DE6E43F8739, 0, (t:0, i:0))
2023-05-23 10:28:08,885 [grpc-default-executor-0] INFO  server.RaftServer$Division (RaftServerImpl.java:requestVote(1335)) - 3ac7e479-6b2c-4ad1-9d02-9355b26abab7@group-CC085891EDF4 replies to ELECTION vote request: a469ef55-9a66-4c89-903c-187a01270f46<-3ac7e479-6b2c-4ad1-9d02-9355b26abab7#0:OK-t1. Peer's state: 3ac7e479-6b2c-4ad1-9d02-9355b26abab7@group-CC085891EDF4:t1, leader=null, voted=a469ef55-9a66-4c89-903c-187a01270f46, raftlog=Memoized:3ac7e479-6b2c-4ad1-9d02-9355b26abab7@group-CC085891EDF4-SegmentedRaftLog:OPENED:c-1, conf=-1: peers:[3ac7e479-6b2c-4ad1-9d02-9355b26abab7|rpc:10.1.0.38:15269|admin:10.1.0.38:15268|client:10.1.0.38:15267|dataStream:10.1.0.38:15270|priority:0|startupRole:FOLLOWER, 2f994218-547f-400b-b588-7f48010df848|rpc:10.1.0.38:15261|admin:10.1.0.38:15260|client:10.1.0.38:15259|dataStream:10.1.0.38:15262|priority:0|startupRole:FOLLOWER, a469ef55-9a66-4c89-903c-187a01270f46|rpc:10.1.0.38:15253|admin:10.1.0.38:15252|client:10.1.0.38:15251|dataStream:10.1.0.38:15254|priority:1|startupRole:FOLLOWER]|listeners:[], old=null
2023-05-23 10:28:08,886 [a469ef55-9a66-4c89-903c-187a01270f46@group-CC085891EDF4-LeaderElection54] INFO  impl.LeaderElection (LeaderElection.java:logAndReturn(90)) - a469ef55-9a66-4c89-903c-187a01270f46@group-CC085891EDF4-LeaderElection54: ELECTION PASSED received 1 response(s) and 0 exception(s):
2023-05-23 10:28:08,886 [a469ef55-9a66-4c89-903c-187a01270f46@group-CC085891EDF4-LeaderElection54] INFO  impl.LeaderElection (LeaderElection.java:logAndReturn(94)) -   Response 0: a469ef55-9a66-4c89-903c-187a01270f46<-3ac7e479-6b2c-4ad1-9d02-9355b26abab7#0:OK-t1
2023-05-23 10:28:08,886 [a469ef55-9a66-4c89-903c-187a01270f46@group-CC085891EDF4-LeaderElection54] INFO  impl.LeaderElection (LeaderElection.java:askForVotes(323)) - a469ef55-9a66-4c89-903c-187a01270f46@group-CC085891EDF4-LeaderElection54 ELECTION round 0: result PASSED
2023-05-23 10:28:08,886 [a469ef55-9a66-4c89-903c-187a01270f46@group-CC085891EDF4-LeaderElection54] INFO  impl.RoleInfo (RoleInfo.java:shutdownLeaderElection(130)) - a469ef55-9a66-4c89-903c-187a01270f46: shutdown a469ef55-9a66-4c89-903c-187a01270f46@group-CC085891EDF4-LeaderElection54
2023-05-23 10:28:08,886 [a469ef55-9a66-4c89-903c-187a01270f46@group-CC085891EDF4-LeaderElection54] INFO  server.RaftServer$Division (RaftServerImpl.java:setRole(329)) - a469ef55-9a66-4c89-903c-187a01270f46@group-CC085891EDF4: changes role from CANDIDATE to LEADER at term 1 for changeToLeader
2023-05-23 10:28:08,886 [a469ef55-9a66-4c89-903c-187a01270f46@group-CC085891EDF4-LeaderElection54] INFO  ratis.XceiverServerRatis (XceiverServerRatis.java:handleLeaderChangedNotification(904)) - Leader change notification received for group: group-CC085891EDF4 with new leaderId: a469ef55-9a66-4c89-903c-187a01270f46
2023-05-23 10:28:08,886 [a469ef55-9a66-4c89-903c-187a01270f46@group-CC085891EDF4-LeaderElection54] INFO  server.RaftServer$Division (ServerState.java:setLeader(317)) - a469ef55-9a66-4c89-903c-187a01270f46@group-CC085891EDF4: change Leader from null to a469ef55-9a66-4c89-903c-187a01270f46 at term 1 for becomeLeader, leader elected after 5094ms
2023-05-23 10:28:08,886 [a469ef55-9a66-4c89-903c-187a01270f46@group-CC085891EDF4-LeaderElection54] INFO  server.RaftServerConfigKeys (ConfUtils.java:logGet(46)) - raft.server.staging.catchup.gap = 1000 (default)
2023-05-23 10:28:08,887 [a469ef55-9a66-4c89-903c-187a01270f46@group-CC085891EDF4-LeaderElection54] INFO  server.RaftServerConfigKeys (ConfUtils.java:logGet(46)) - raft.server.write.element-limit = 1024 (custom)
2023-05-23 10:28:08,887 [a469ef55-9a66-4c89-903c-187a01270f46@group-CC085891EDF4-LeaderElection54] INFO  server.RaftServerConfigKeys (ConfUtils.java:logGet(46)) - raft.server.write.byte-limit = 1024 M (=1073741824) (custom)
2023-05-23 10:28:08,887 [a469ef55-9a66-4c89-903c-187a01270f46@group-CC085891EDF4-LeaderElection54] INFO  server.RaftServerConfigKeys (ConfUtils.java:logGet(46)) - raft.server.watch.timeout = 180s (custom)
2023-05-23 10:28:08,887 [a469ef55-9a66-4c89-903c-187a01270f46@group-CC085891EDF4-LeaderElection54] INFO  server.RaftServerConfigKeys (ConfUtils.java:logGet(46)) - raft.server.watch.timeout.denomination = 1s (default)
2023-05-23 10:28:08,887 [a469ef55-9a66-4c89-903c-187a01270f46@group-CC085891EDF4-LeaderElection54] INFO  server.RaftServerConfigKeys (ConfUtils.java:logGet(46)) - raft.server.watch.element-limit = 65536 (default)
2023-05-23 10:28:08,887 [a469ef55-9a66-4c89-903c-187a01270f46@group-CC085891EDF4-LeaderElection54] INFO  server.RaftServerConfigKeys (ConfUtils.java:logGet(46)) - raft.server.write.element-limit = 1024 (custom)
2023-05-23 10:28:08,887 [a469ef55-9a66-4c89-903c-187a01270f46@group-CC085891EDF4-LeaderElection54] INFO  server.RaftServerConfigKeys (ConfUtils.java:logGet(46)) - raft.server.write.follower.gap.ratio.max = -1.0 (default)
2023-05-23 10:28:08,887 [a469ef55-9a66-4c89-903c-187a01270f46@group-CC085891EDF4-LeaderElection54] INFO  server.RaftServerConfigKeys (ConfUtils.java:logGet(46)) - raft.server.log.appender.snapshot.chunk.size.max = 16MB (=16777216) (default)
2023-05-23 10:28:08,888 [a469ef55-9a66-4c89-903c-187a01270f46@group-CC085891EDF4-LeaderElection54] INFO  server.RaftServerConfigKeys (ConfUtils.java:logGet(46)) - raft.server.log.appender.buffer.byte-limit = 33554432 (custom)
2023-05-23 10:28:08,888 [a469ef55-9a66-4c89-903c-187a01270f46@group-CC085891EDF4-LeaderElection54] INFO  server.RaftServerConfigKeys (ConfUtils.java:logGet(46)) - raft.server.log.appender.buffer.element-limit = 1 (custom)
2023-05-23 10:28:08,888 [a469ef55-9a66-4c89-903c-187a01270f46@group-CC085891EDF4-LeaderElection54] INFO  server.RaftServerConfigKeys (ConfUtils.java:logGet(46)) - raft.server.log.appender.wait-time.min = 10ms (default)
2023-05-23 10:28:08,888 [a469ef55-9a66-4c89-903c-187a01270f46@group-CC085891EDF4-LeaderElection54] INFO  grpc.GrpcConfigKeys (ConfUtils.java:logGet(46)) - raft.grpc.server.leader.outstanding.appends.max = 128 (default)
2023-05-23 10:28:08,888 [a469ef55-9a66-4c89-903c-187a01270f46@group-CC085891EDF4-LeaderElection54] INFO  server.RaftServerConfigKeys (ConfUtils.java:logGet(46)) - raft.server.rpc.request.timeout = 60s (custom)
2023-05-23 10:28:08,888 [a469ef55-9a66-4c89-903c-187a01270f46@group-CC085891EDF4-LeaderElection54] INFO  grpc.GrpcConfigKeys (ConfUtils.java:logGet(46)) - raft.grpc.server.install_snapshot.request.element-limit = 8 (default)
2023-05-23 10:28:08,888 [a469ef55-9a66-4c89-903c-187a01270f46@group-CC085891EDF4-LeaderElection54] INFO  grpc.GrpcConfigKeys (ConfUtils.java:logGet(46)) - raft.grpc.server.install_snapshot.request.timeout = 3000ms (default)
2023-05-23 10:28:08,888 [a469ef55-9a66-4c89-903c-187a01270f46@group-CC085891EDF4-LeaderElection54] INFO  server.RaftServerConfigKeys (ConfUtils.java:logGet(46)) - raft.server.log.appender.install.snapshot.enabled = false (custom)
2023-05-23 10:28:08,888 [a469ef55-9a66-4c89-903c-187a01270f46@group-CC085891EDF4-LeaderElection54] INFO  grpc.GrpcConfigKeys (ConfUtils.java:logGet(46)) - raft.grpc.server.heartbeat.channel = true (default)
2023-05-23 10:28:08,888 [a469ef55-9a66-4c89-903c-187a01270f46@group-CC085891EDF4-LeaderElection54] INFO  server.RaftServerConfigKeys (ConfUtils.java:logGet(46)) - raft.server.log.appender.snapshot.chunk.size.max = 16MB (=16777216) (default)
2023-05-23 10:28:08,888 [a469ef55-9a66-4c89-903c-187a01270f46@group-CC085891EDF4-LeaderElection54] INFO  server.RaftServerConfigKeys (ConfUtils.java:logGet(46)) - raft.server.log.appender.buffer.byte-limit = 33554432 (custom)
2023-05-23 10:28:08,888 [a469ef55-9a66-4c89-903c-187a01270f46@group-CC085891EDF4-LeaderElection54] INFO  server.RaftServerConfigKeys (ConfUtils.java:logGet(46)) - raft.server.log.appender.buffer.element-limit = 1 (custom)
2023-05-23 10:28:08,889 [a469ef55-9a66-4c89-903c-187a01270f46@group-CC085891EDF4-LeaderElection54] INFO  server.RaftServerConfigKeys (ConfUtils.java:logGet(46)) - raft.server.log.appender.wait-time.min = 10ms (default)
2023-05-23 10:28:08,889 [a469ef55-9a66-4c89-903c-187a01270f46@group-CC085891EDF4-LeaderElection54] INFO  grpc.GrpcConfigKeys (ConfUtils.java:logGet(46)) - raft.grpc.server.leader.outstanding.appends.max = 128 (default)
2023-05-23 10:28:08,890 [a469ef55-9a66-4c89-903c-187a01270f46@group-CC085891EDF4-LeaderElection54] INFO  server.RaftServerConfigKeys (ConfUtils.java:logGet(46)) - raft.server.rpc.request.timeout = 60s (custom)
2023-05-23 10:28:08,890 [EventQueue-OpenPipelineForHealthyPipelineSafeModeRule] INFO  safemode.SCMSafeModeManager (HealthyPipelineSafeModeRule.java:process(137)) - SCM in safe mode. Healthy pipelines reported count is 0, required healthy pipeline reported count is 1
2023-05-23 10:28:08,889 [grpc-default-executor-2] INFO  impl.VoteContext (VoteContext.java:log(49)) - 2f994218-547f-400b-b588-7f48010df848@group-CC085891EDF4-FOLLOWER: accept ELECTION from a469ef55-9a66-4c89-903c-187a01270f46: our priority 0 <= candidate's priority 1
2023-05-23 10:28:08,889 [grpc-default-executor-1] INFO  impl.VoteContext (VoteContext.java:log(49)) - 2f994218-547f-400b-b588-7f48010df848@group-4DE6E43F8739-CANDIDATE: reject PRE_VOTE from 3ac7e479-6b2c-4ad1-9d02-9355b26abab7: our priority 1 > candidate's priority 0
2023-05-23 10:28:08,890 [grpc-default-executor-1] INFO  server.RaftServer$Division (RaftServerImpl.java:requestVote(1335)) - 2f994218-547f-400b-b588-7f48010df848@group-4DE6E43F8739 replies to PRE_VOTE vote request: 3ac7e479-6b2c-4ad1-9d02-9355b26abab7<-2f994218-547f-400b-b588-7f48010df848#0:FAIL-t0. Peer's state: 2f994218-547f-400b-b588-7f48010df848@group-4DE6E43F8739:t0, leader=null, voted=, raftlog=Memoized:2f994218-547f-400b-b588-7f48010df848@group-4DE6E43F8739-SegmentedRaftLog:OPENED:c-1, conf=-1: peers:[3ac7e479-6b2c-4ad1-9d02-9355b26abab7|rpc:10.1.0.38:15269|admin:10.1.0.38:15268|client:10.1.0.38:15267|dataStream:10.1.0.38:15270|priority:0|startupRole:FOLLOWER, 2f994218-547f-400b-b588-7f48010df848|rpc:10.1.0.38:15261|admin:10.1.0.38:15260|client:10.1.0.38:15259|dataStream:10.1.0.38:15262|priority:1|startupRole:FOLLOWER, a469ef55-9a66-4c89-903c-187a01270f46|rpc:10.1.0.38:15253|admin:10.1.0.38:15252|client:10.1.0.38:15251|dataStream:10.1.0.38:15254|priority:0|startupRole:FOLLOWER]|listeners:[], old=null
2023-05-23 10:28:08,890 [2f994218-547f-400b-b588-7f48010df848@group-4DE6E43F8739-LeaderElection56] INFO  impl.LeaderElection (LeaderElection.java:askForVotes(321)) - 2f994218-547f-400b-b588-7f48010df848@group-4DE6E43F8739-LeaderElection56 PRE_VOTE round 0: submit vote requests at term 0 for -1: peers:[3ac7e479-6b2c-4ad1-9d02-9355b26abab7|rpc:10.1.0.38:15269|admin:10.1.0.38:15268|client:10.1.0.38:15267|dataStream:10.1.0.38:15270|priority:0|startupRole:FOLLOWER, 2f994218-547f-400b-b588-7f48010df848|rpc:10.1.0.38:15261|admin:10.1.0.38:15260|client:10.1.0.38:15259|dataStream:10.1.0.38:15262|priority:1|startupRole:FOLLOWER, a469ef55-9a66-4c89-903c-187a01270f46|rpc:10.1.0.38:15253|admin:10.1.0.38:15252|client:10.1.0.38:15251|dataStream:10.1.0.38:15254|priority:0|startupRole:FOLLOWER]|listeners:[], old=null
2023-05-23 10:28:08,891 [grpc-default-executor-2] INFO  server.RaftServer$Division (RaftServerImpl.java:setRole(329)) - 2f994218-547f-400b-b588-7f48010df848@group-CC085891EDF4: changes role from  FOLLOWER to FOLLOWER at term 1 for candidate:a469ef55-9a66-4c89-903c-187a01270f46
2023-05-23 10:28:08,891 [grpc-default-executor-2] INFO  impl.RoleInfo (RoleInfo.java:shutdownFollowerState(110)) - 2f994218-547f-400b-b588-7f48010df848: shutdown 2f994218-547f-400b-b588-7f48010df848@group-CC085891EDF4-FollowerState
2023-05-23 10:28:08,890 [a469ef55-9a66-4c89-903c-187a01270f46@group-CC085891EDF4-LeaderElection54] INFO  grpc.GrpcConfigKeys (ConfUtils.java:logGet(46)) - raft.grpc.server.install_snapshot.request.element-limit = 8 (default)
2023-05-23 10:28:08,890 [EventQueue-PipelineReportForPipelineReportHandler] INFO  pipeline.PipelineManagerImpl (PipelineManagerImpl.java:openPipeline(367)) - Pipeline Pipeline[ Id: f62330b8-f372-49ef-96d7-cc085891edf4, Nodes: a469ef55-9a66-4c89-903c-187a01270f46(fv-az1249-304/10.1.0.38)3ac7e479-6b2c-4ad1-9d02-9355b26abab7(fv-az1249-304/10.1.0.38)2f994218-547f-400b-b588-7f48010df848(fv-az1249-304/10.1.0.38), ReplicationConfig: RATIS/THREE, State:ALLOCATED, leaderId:a469ef55-9a66-4c89-903c-187a01270f46, CreationTimestamp2023-05-23T10:28:01.326Z[Etc/UTC]] moved to OPEN state
2023-05-23 10:28:08,891 [a469ef55-9a66-4c89-903c-187a01270f46@group-CC085891EDF4-LeaderElection54] INFO  grpc.GrpcConfigKeys (ConfUtils.java:logGet(46)) - raft.grpc.server.install_snapshot.request.timeout = 3000ms (default)
2023-05-23 10:28:08,891 [a469ef55-9a66-4c89-903c-187a01270f46@group-CC085891EDF4-LeaderElection54] INFO  server.RaftServerConfigKeys (ConfUtils.java:logGet(46)) - raft.server.log.appender.install.snapshot.enabled = false (custom)
2023-05-23 10:28:08,891 [a469ef55-9a66-4c89-903c-187a01270f46@group-CC085891EDF4-LeaderElection54] INFO  grpc.GrpcConfigKeys (ConfUtils.java:logGet(46)) - raft.grpc.server.heartbeat.channel = true (default)
2023-05-23 10:28:08,891 [a469ef55-9a66-4c89-903c-187a01270f46@group-CC085891EDF4-LeaderElection54] INFO  impl.RoleInfo (RoleInfo.java:updateAndGet(139)) - a469ef55-9a66-4c89-903c-187a01270f46: start a469ef55-9a66-4c89-903c-187a01270f46@group-CC085891EDF4-LeaderStateImpl
2023-05-23 10:28:08,892 [EventQueue-OpenPipelineForHealthyPipelineSafeModeRule] INFO  safemode.SCMSafeModeManager (HealthyPipelineSafeModeRule.java:process(137)) - SCM in safe mode. Healthy pipelines reported count is 1, required healthy pipeline reported count is 1
2023-05-23 10:28:08,892 [a469ef55-9a66-4c89-903c-187a01270f46@group-CC085891EDF4-LeaderElection54] INFO  segmented.SegmentedRaftLogWorker (SegmentedRaftLogWorker.java:startLogSegment(447)) - a469ef55-9a66-4c89-903c-187a01270f46@group-CC085891EDF4-SegmentedRaftLogWorker: Starting segment from index:0
2023-05-23 10:28:08,892 [EventQueue-OpenPipelineForHealthyPipelineSafeModeRule] INFO  safemode.SCMSafeModeManager (SCMSafeModeManager.java:validateSafeModeExitRules(200)) - HealthyPipelineSafeModeRule rule is successfully validated
2023-05-23 10:28:08,893 [EventQueue-OpenPipelineForHealthyPipelineSafeModeRule] INFO  safemode.SCMSafeModeManager (SCMSafeModeManager.java:validateSafeModeExitRules(215)) - ScmSafeModeManager, all rules are successfully validated
2023-05-23 10:28:08,893 [EventQueue-OpenPipelineForHealthyPipelineSafeModeRule] INFO  safemode.SCMSafeModeManager (SCMSafeModeManager.java:exitSafeMode(244)) - SCM exiting safe mode.
2023-05-23 10:28:08,893 [EventQueue-OpenPipelineForHealthyPipelineSafeModeRule] INFO  ha.SCMContext (SCMContext.java:updateSafeModeStatus(228)) - Update SafeModeStatus from SafeModeStatus{safeModeStatus=true, preCheckPassed=true} to SafeModeStatus{safeModeStatus=false, preCheckPassed=true}.
2023-05-23 10:28:08,893 [EventQueue-OpenPipelineForHealthyPipelineSafeModeRule] INFO  pipeline.BackgroundPipelineCreator (BackgroundPipelineCreator.java:notifyStatusChanged(254)) - Service BackgroundPipelineCreator transitions to RUNNING.
2023-05-23 10:28:08,893 [EventQueue-OpenPipelineForHealthyPipelineSafeModeRule] INFO  BackgroundPipelineScrubber (BackgroundSCMService.java:notifyStatusChanged(82)) - Service BackgroundPipelineScrubber transitions to RUNNING.
2023-05-23 10:28:08,893 [EventQueue-OpenPipelineForHealthyPipelineSafeModeRule] INFO  ExpiredContainerReplicaOpScrubber (BackgroundSCMService.java:notifyStatusChanged(82)) - Service ExpiredContainerReplicaOpScrubber transitions to RUNNING.
2023-05-23 10:28:08,893 [EventQueue-OpenPipelineForHealthyPipelineSafeModeRule] INFO  replication.ReplicationManager (ReplicationManager.java:notifyStatusChanged(1377)) - Service ReplicationManager transitions to RUNNING.
2023-05-23 10:28:08,894 [EventQueue-OpenPipelineForHealthyPipelineSafeModeRule] WARN  balancer.ContainerBalancer (ContainerBalancer.java:shouldRun(132)) - Could not find persisted configuration for ContainerBalancer when checking if ContainerBalancer should run. ContainerBalancer should not run now.
2023-05-23 10:28:08,897 [grpc-default-executor-1] INFO  server.RaftServer$Division (RaftServerImpl.java:requestVote(1302)) - a469ef55-9a66-4c89-903c-187a01270f46@group-4DE6E43F8739: receive requestVote(PRE_VOTE, 3ac7e479-6b2c-4ad1-9d02-9355b26abab7, group-4DE6E43F8739, 0, (t:0, i:0))
2023-05-23 10:28:08,897 [2f994218-547f-400b-b588-7f48010df848@group-4DE6E43F8739-LeaderElection56-1] INFO  server.GrpcServerProtocolClient (GrpcServerProtocolClient.java:<init>(65)) - Build channel for 3ac7e479-6b2c-4ad1-9d02-9355b26abab7
2023-05-23 10:28:08,898 [2f994218-547f-400b-b588-7f48010df848@group-4DE6E43F8739-LeaderElection56] INFO  server.RaftServerConfigKeys (ConfUtils.java:logFallback(53)) - raft.server.rpc.first-election.timeout.min = 5s (fallback to raft.server.rpc.timeout.min)
2023-05-23 10:28:08,898 [2f994218-547f-400b-b588-7f48010df848@group-4DE6E43F8739-LeaderElection56] INFO  server.RaftServerConfigKeys (ConfUtils.java:logFallback(53)) - raft.server.rpc.first-election.timeout.max = 5200ms (fallback to raft.server.rpc.timeout.max)
2023-05-23 10:28:08,907 [a469ef55-9a66-4c89-903c-187a01270f46@group-4DE6E43F8739-LeaderElection57] INFO  impl.LeaderElection (LeaderElection.java:askForVotes(321)) - a469ef55-9a66-4c89-903c-187a01270f46@group-4DE6E43F8739-LeaderElection57 PRE_VOTE round 0: submit vote requests at term 0 for -1: peers:[3ac7e479-6b2c-4ad1-9d02-9355b26abab7|rpc:10.1.0.38:15269|admin:10.1.0.38:15268|client:10.1.0.38:15267|dataStream:10.1.0.38:15270|priority:0|startupRole:FOLLOWER, 2f994218-547f-400b-b588-7f48010df848|rpc:10.1.0.38:15261|admin:10.1.0.38:15260|client:10.1.0.38:15259|dataStream:10.1.0.38:15262|priority:1|startupRole:FOLLOWER, a469ef55-9a66-4c89-903c-187a01270f46|rpc:10.1.0.38:15253|admin:10.1.0.38:15252|client:10.1.0.38:15251|dataStream:10.1.0.38:15254|priority:0|startupRole:FOLLOWER]|listeners:[], old=null
2023-05-23 10:28:08,908 [grpc-default-executor-1] INFO  impl.VoteContext (VoteContext.java:log(49)) - a469ef55-9a66-4c89-903c-187a01270f46@group-4DE6E43F8739-CANDIDATE: accept PRE_VOTE from 3ac7e479-6b2c-4ad1-9d02-9355b26abab7: our priority 0 <= candidate's priority 0
2023-05-23 10:28:08,908 [grpc-default-executor-1] INFO  server.RaftServer$Division (RaftServerImpl.java:requestVote(1335)) - a469ef55-9a66-4c89-903c-187a01270f46@group-4DE6E43F8739 replies to PRE_VOTE vote request: 3ac7e479-6b2c-4ad1-9d02-9355b26abab7<-a469ef55-9a66-4c89-903c-187a01270f46#0:OK-t0. Peer's state: a469ef55-9a66-4c89-903c-187a01270f46@group-4DE6E43F8739:t0, leader=null, voted=, raftlog=Memoized:a469ef55-9a66-4c89-903c-187a01270f46@group-4DE6E43F8739-SegmentedRaftLog:OPENED:c-1, conf=-1: peers:[3ac7e479-6b2c-4ad1-9d02-9355b26abab7|rpc:10.1.0.38:15269|admin:10.1.0.38:15268|client:10.1.0.38:15267|dataStream:10.1.0.38:15270|priority:0|startupRole:FOLLOWER, 2f994218-547f-400b-b588-7f48010df848|rpc:10.1.0.38:15261|admin:10.1.0.38:15260|client:10.1.0.38:15259|dataStream:10.1.0.38:15262|priority:1|startupRole:FOLLOWER, a469ef55-9a66-4c89-903c-187a01270f46|rpc:10.1.0.38:15253|admin:10.1.0.38:15252|client:10.1.0.38:15251|dataStream:10.1.0.38:15254|priority:0|startupRole:FOLLOWER]|listeners:[], old=null
2023-05-23 10:28:08,909 [grpc-default-executor-2] INFO  impl.RoleInfo (RoleInfo.java:updateAndGet(139)) - 2f994218-547f-400b-b588-7f48010df848: start 2f994218-547f-400b-b588-7f48010df848@group-CC085891EDF4-FollowerState
2023-05-23 10:28:08,909 [2f994218-547f-400b-b588-7f48010df848@group-CC085891EDF4-FollowerState] INFO  impl.FollowerState (FollowerState.java:run(152)) - 2f994218-547f-400b-b588-7f48010df848@group-CC085891EDF4-FollowerState was interrupted
2023-05-23 10:28:08,910 [3ac7e479-6b2c-4ad1-9d02-9355b26abab7@group-4DE6E43F8739-LeaderElection55] INFO  impl.LeaderElection (LeaderElection.java:logAndReturn(90)) - 3ac7e479-6b2c-4ad1-9d02-9355b26abab7@group-4DE6E43F8739-LeaderElection55: PRE_VOTE REJECTED received 1 response(s) and 0 exception(s):
2023-05-23 10:28:08,910 [3ac7e479-6b2c-4ad1-9d02-9355b26abab7@group-4DE6E43F8739-LeaderElection55] INFO  impl.LeaderElection (LeaderElection.java:logAndReturn(94)) -   Response 0: 3ac7e479-6b2c-4ad1-9d02-9355b26abab7<-2f994218-547f-400b-b588-7f48010df848#0:FAIL-t0
2023-05-23 10:28:08,910 [3ac7e479-6b2c-4ad1-9d02-9355b26abab7@group-4DE6E43F8739-LeaderElection55] INFO  impl.LeaderElection (LeaderElection.java:askForVotes(323)) - 3ac7e479-6b2c-4ad1-9d02-9355b26abab7@group-4DE6E43F8739-LeaderElection55 PRE_VOTE round 0: result REJECTED
2023-05-23 10:28:08,910 [3ac7e479-6b2c-4ad1-9d02-9355b26abab7@group-4DE6E43F8739-LeaderElection55] INFO  server.RaftServer$Division (RaftServerImpl.java:setRole(329)) - 3ac7e479-6b2c-4ad1-9d02-9355b26abab7@group-4DE6E43F8739: changes role from CANDIDATE to FOLLOWER at term 0 for REJECTED
2023-05-23 10:28:08,910 [3ac7e479-6b2c-4ad1-9d02-9355b26abab7@group-4DE6E43F8739-LeaderElection55] INFO  impl.RoleInfo (RoleInfo.java:shutdownLeaderElection(130)) - 3ac7e479-6b2c-4ad1-9d02-9355b26abab7: shutdown 3ac7e479-6b2c-4ad1-9d02-9355b26abab7@group-4DE6E43F8739-LeaderElection55
2023-05-23 10:28:08,910 [3ac7e479-6b2c-4ad1-9d02-9355b26abab7@group-4DE6E43F8739-LeaderElection55] INFO  impl.RoleInfo (RoleInfo.java:updateAndGet(139)) - 3ac7e479-6b2c-4ad1-9d02-9355b26abab7: start 3ac7e479-6b2c-4ad1-9d02-9355b26abab7@group-4DE6E43F8739-FollowerState
2023-05-23 10:28:08,910 [a469ef55-9a66-4c89-903c-187a01270f46@group-CC085891EDF4-SegmentedRaftLogWorker] INFO  segmented.SegmentedRaftLogWorker (SegmentedRaftLogWorker.java:execute(651)) - a469ef55-9a66-4c89-903c-187a01270f46@group-CC085891EDF4-SegmentedRaftLogWorker: created new log segment /home/runner/work/ozone/ozone/hadoop-ozone/integration-test/target/test-dir/MiniOzoneClusterImpl-61d3b935-36cd-4496-a441-eee01f8c564c/datanode-0/data/ratis/f62330b8-f372-49ef-96d7-cc085891edf4/current/log_inprogress_0
2023-05-23 10:28:08,912 [grpc-default-executor-2] INFO  server.RaftServer$Division (RaftServerImpl.java:requestVote(1335)) - 2f994218-547f-400b-b588-7f48010df848@group-CC085891EDF4 replies to ELECTION vote request: a469ef55-9a66-4c89-903c-187a01270f46<-2f994218-547f-400b-b588-7f48010df848#0:OK-t1. Peer's state: 2f994218-547f-400b-b588-7f48010df848@group-CC085891EDF4:t1, leader=null, voted=a469ef55-9a66-4c89-903c-187a01270f46, raftlog=Memoized:2f994218-547f-400b-b588-7f48010df848@group-CC085891EDF4-SegmentedRaftLog:OPENED:c-1, conf=-1: peers:[3ac7e479-6b2c-4ad1-9d02-9355b26abab7|rpc:10.1.0.38:15269|admin:10.1.0.38:15268|client:10.1.0.38:15267|dataStream:10.1.0.38:15270|priority:0|startupRole:FOLLOWER, 2f994218-547f-400b-b588-7f48010df848|rpc:10.1.0.38:15261|admin:10.1.0.38:15260|client:10.1.0.38:15259|dataStream:10.1.0.38:15262|priority:0|startupRole:FOLLOWER, a469ef55-9a66-4c89-903c-187a01270f46|rpc:10.1.0.38:15253|admin:10.1.0.38:15252|client:10.1.0.38:15251|dataStream:10.1.0.38:15254|priority:1|startupRole:FOLLOWER]|listeners:[], old=null
2023-05-23 10:28:08,920 [a469ef55-9a66-4c89-903c-187a01270f46@group-CC085891EDF4-LeaderElection54] INFO  server.RaftServer$Division (ServerState.java:setRaftConf(434)) - a469ef55-9a66-4c89-903c-187a01270f46@group-CC085891EDF4: set configuration 0: peers:[3ac7e479-6b2c-4ad1-9d02-9355b26abab7|rpc:10.1.0.38:15269|admin:10.1.0.38:15268|client:10.1.0.38:15267|dataStream:10.1.0.38:15270|priority:0|startupRole:FOLLOWER, 2f994218-547f-400b-b588-7f48010df848|rpc:10.1.0.38:15261|admin:10.1.0.38:15260|client:10.1.0.38:15259|dataStream:10.1.0.38:15262|priority:0|startupRole:FOLLOWER, a469ef55-9a66-4c89-903c-187a01270f46|rpc:10.1.0.38:15253|admin:10.1.0.38:15252|client:10.1.0.38:15251|dataStream:10.1.0.38:15254|priority:1|startupRole:FOLLOWER]|listeners:[], old=null
2023-05-23 10:28:08,923 [a469ef55-9a66-4c89-903c-187a01270f46@group-4DE6E43F8739-LeaderElection57] INFO  server.RaftServerConfigKeys (ConfUtils.java:logFallback(53)) - raft.server.rpc.first-election.timeout.min = 5s (fallback to raft.server.rpc.timeout.min)
2023-05-23 10:28:08,923 [a469ef55-9a66-4c89-903c-187a01270f46@group-4DE6E43F8739-LeaderElection57] INFO  server.RaftServerConfigKeys (ConfUtils.java:logFallback(53)) - raft.server.rpc.first-election.timeout.max = 5200ms (fallback to raft.server.rpc.timeout.max)
2023-05-23 10:28:08,923 [2f994218-547f-400b-b588-7f48010df848@group-4DE6E43F8739-LeaderElection56-2] INFO  server.GrpcServerProtocolClient (GrpcServerProtocolClient.java:<init>(65)) - Build channel for a469ef55-9a66-4c89-903c-187a01270f46
2023-05-23 10:28:08,943 [grpc-default-executor-6] INFO  server.RaftServer$Division (RaftServerImpl.java:requestVote(1302)) - 3ac7e479-6b2c-4ad1-9d02-9355b26abab7@group-4DE6E43F8739: receive requestVote(PRE_VOTE, a469ef55-9a66-4c89-903c-187a01270f46, group-4DE6E43F8739, 0, (t:0, i:0))
2023-05-23 10:28:08,943 [grpc-default-executor-6] INFO  impl.VoteContext (VoteContext.java:log(49)) - 3ac7e479-6b2c-4ad1-9d02-9355b26abab7@group-4DE6E43F8739-FOLLOWER: accept PRE_VOTE from a469ef55-9a66-4c89-903c-187a01270f46: our priority 0 <= candidate's priority 0
2023-05-23 10:28:08,943 [grpc-default-executor-6] INFO  server.RaftServer$Division (RaftServerImpl.java:requestVote(1335)) - 3ac7e479-6b2c-4ad1-9d02-9355b26abab7@group-4DE6E43F8739 replies to PRE_VOTE vote request: a469ef55-9a66-4c89-903c-187a01270f46<-3ac7e479-6b2c-4ad1-9d02-9355b26abab7#0:OK-t0. Peer's state: 3ac7e479-6b2c-4ad1-9d02-9355b26abab7@group-4DE6E43F8739:t0, leader=null, voted=, raftlog=Memoized:3ac7e479-6b2c-4ad1-9d02-9355b26abab7@group-4DE6E43F8739-SegmentedRaftLog:OPENED:c-1, conf=-1: peers:[3ac7e479-6b2c-4ad1-9d02-9355b26abab7|rpc:10.1.0.38:15269|admin:10.1.0.38:15268|client:10.1.0.38:15267|dataStream:10.1.0.38:15270|priority:0|startupRole:FOLLOWER, 2f994218-547f-400b-b588-7f48010df848|rpc:10.1.0.38:15261|admin:10.1.0.38:15260|client:10.1.0.38:15259|dataStream:10.1.0.38:15262|priority:1|startupRole:FOLLOWER, a469ef55-9a66-4c89-903c-187a01270f46|rpc:10.1.0.38:15253|admin:10.1.0.38:15252|client:10.1.0.38:15251|dataStream:10.1.0.38:15254|priority:0|startupRole:FOLLOWER]|listeners:[], old=null
2023-05-23 10:28:08,944 [3ac7e479-6b2c-4ad1-9d02-9355b26abab7-server-thread1] INFO  ratis.XceiverServerRatis (XceiverServerRatis.java:handleLeaderChangedNotification(904)) - Leader change notification received for group: group-CC085891EDF4 with new leaderId: a469ef55-9a66-4c89-903c-187a01270f46
2023-05-23 10:28:08,944 [3ac7e479-6b2c-4ad1-9d02-9355b26abab7-server-thread1] INFO  server.RaftServer$Division (ServerState.java:setLeader(317)) - 3ac7e479-6b2c-4ad1-9d02-9355b26abab7@group-CC085891EDF4: change Leader from null to a469ef55-9a66-4c89-903c-187a01270f46 at term 1 for appendEntries, leader elected after 5123ms
2023-05-23 10:28:08,947 [grpc-default-executor-5] INFO  server.RaftServer$Division (RaftServerImpl.java:requestVote(1302)) - 2f994218-547f-400b-b588-7f48010df848@group-4DE6E43F8739: receive requestVote(PRE_VOTE, a469ef55-9a66-4c89-903c-187a01270f46, group-4DE6E43F8739, 0, (t:0, i:0))
2023-05-23 10:28:08,947 [grpc-default-executor-5] INFO  impl.VoteContext (VoteContext.java:log(49)) - 2f994218-547f-400b-b588-7f48010df848@group-4DE6E43F8739-CANDIDATE: reject PRE_VOTE from a469ef55-9a66-4c89-903c-187a01270f46: our priority 1 > candidate's priority 0
2023-05-23 10:28:08,947 [grpc-default-executor-5] INFO  server.RaftServer$Division (RaftServerImpl.java:requestVote(1335)) - 2f994218-547f-400b-b588-7f48010df848@group-4DE6E43F8739 replies to PRE_VOTE vote request: a469ef55-9a66-4c89-903c-187a01270f46<-2f994218-547f-400b-b588-7f48010df848#0:FAIL-t0. Peer's state: 2f994218-547f-400b-b588-7f48010df848@group-4DE6E43F8739:t0, leader=null, voted=, raftlog=Memoized:2f994218-547f-400b-b588-7f48010df848@group-4DE6E43F8739-SegmentedRaftLog:OPENED:c-1, conf=-1: peers:[3ac7e479-6b2c-4ad1-9d02-9355b26abab7|rpc:10.1.0.38:15269|admin:10.1.0.38:15268|client:10.1.0.38:15267|dataStream:10.1.0.38:15270|priority:0|startupRole:FOLLOWER, 2f994218-547f-400b-b588-7f48010df848|rpc:10.1.0.38:15261|admin:10.1.0.38:15260|client:10.1.0.38:15259|dataStream:10.1.0.38:15262|priority:1|startupRole:FOLLOWER, a469ef55-9a66-4c89-903c-187a01270f46|rpc:10.1.0.38:15253|admin:10.1.0.38:15252|client:10.1.0.38:15251|dataStream:10.1.0.38:15254|priority:0|startupRole:FOLLOWER]|listeners:[], old=null
2023-05-23 10:28:08,952 [a469ef55-9a66-4c89-903c-187a01270f46@group-4DE6E43F8739-LeaderElection57] INFO  impl.LeaderElection (LeaderElection.java:logAndReturn(90)) - a469ef55-9a66-4c89-903c-187a01270f46@group-4DE6E43F8739-LeaderElection57: PRE_VOTE REJECTED received 2 response(s) and 0 exception(s):
2023-05-23 10:28:08,952 [a469ef55-9a66-4c89-903c-187a01270f46@group-4DE6E43F8739-LeaderElection57] INFO  impl.LeaderElection (LeaderElection.java:logAndReturn(94)) -   Response 0: a469ef55-9a66-4c89-903c-187a01270f46<-3ac7e479-6b2c-4ad1-9d02-9355b26abab7#0:OK-t0
2023-05-23 10:28:08,952 [grpc-default-executor-5] INFO  server.RaftServer$Division (RaftServerImpl.java:requestVote(1302)) - 3ac7e479-6b2c-4ad1-9d02-9355b26abab7@group-4DE6E43F8739: receive requestVote(PRE_VOTE, 2f994218-547f-400b-b588-7f48010df848, group-4DE6E43F8739, 0, (t:0, i:0))
2023-05-23 10:28:08,952 [a469ef55-9a66-4c89-903c-187a01270f46@group-4DE6E43F8739-LeaderElection57] INFO  impl.LeaderElection (LeaderElection.java:logAndReturn(94)) -   Response 1: a469ef55-9a66-4c89-903c-187a01270f46<-2f994218-547f-400b-b588-7f48010df848#0:FAIL-t0
2023-05-23 10:28:08,952 [a469ef55-9a66-4c89-903c-187a01270f46@group-4DE6E43F8739-LeaderElection57] INFO  impl.LeaderElection (LeaderElection.java:askForVotes(323)) - a469ef55-9a66-4c89-903c-187a01270f46@group-4DE6E43F8739-LeaderElection57 PRE_VOTE round 0: result REJECTED
2023-05-23 10:28:08,952 [a469ef55-9a66-4c89-903c-187a01270f46@group-4DE6E43F8739-LeaderElection57] INFO  server.RaftServer$Division (RaftServerImpl.java:setRole(329)) - a469ef55-9a66-4c89-903c-187a01270f46@group-4DE6E43F8739: changes role from CANDIDATE to FOLLOWER at term 0 for REJECTED
2023-05-23 10:28:08,952 [a469ef55-9a66-4c89-903c-187a01270f46@group-4DE6E43F8739-LeaderElection57] INFO  impl.RoleInfo (RoleInfo.java:shutdownLeaderElection(130)) - a469ef55-9a66-4c89-903c-187a01270f46: shutdown a469ef55-9a66-4c89-903c-187a01270f46@group-4DE6E43F8739-LeaderElection57
2023-05-23 10:28:08,953 [a469ef55-9a66-4c89-903c-187a01270f46@group-4DE6E43F8739-LeaderElection57] INFO  impl.RoleInfo (RoleInfo.java:updateAndGet(139)) - a469ef55-9a66-4c89-903c-187a01270f46: start a469ef55-9a66-4c89-903c-187a01270f46@group-4DE6E43F8739-FollowerState
2023-05-23 10:28:08,952 [grpc-default-executor-5] INFO  impl.VoteContext (VoteContext.java:log(49)) - 3ac7e479-6b2c-4ad1-9d02-9355b26abab7@group-4DE6E43F8739-FOLLOWER: accept PRE_VOTE from 2f994218-547f-400b-b588-7f48010df848: our priority 0 <= candidate's priority 1
2023-05-23 10:28:08,953 [grpc-default-executor-3] INFO  server.RaftServer$Division (RaftServerImpl.java:requestVote(1302)) - a469ef55-9a66-4c89-903c-187a01270f46@group-4DE6E43F8739: receive requestVote(PRE_VOTE, 2f994218-547f-400b-b588-7f48010df848, group-4DE6E43F8739, 0, (t:0, i:0))
2023-05-23 10:28:08,953 [grpc-default-executor-5] INFO  server.RaftServer$Division (RaftServerImpl.java:requestVote(1335)) - 3ac7e479-6b2c-4ad1-9d02-9355b26abab7@group-4DE6E43F8739 replies to PRE_VOTE vote request: 2f994218-547f-400b-b588-7f48010df848<-3ac7e479-6b2c-4ad1-9d02-9355b26abab7#0:OK-t0. Peer's state: 3ac7e479-6b2c-4ad1-9d02-9355b26abab7@group-4DE6E43F8739:t0, leader=null, voted=, raftlog=Memoized:3ac7e479-6b2c-4ad1-9d02-9355b26abab7@group-4DE6E43F8739-SegmentedRaftLog:OPENED:c-1, conf=-1: peers:[3ac7e479-6b2c-4ad1-9d02-9355b26abab7|rpc:10.1.0.38:15269|admin:10.1.0.38:15268|client:10.1.0.38:15267|dataStream:10.1.0.38:15270|priority:0|startupRole:FOLLOWER, 2f994218-547f-400b-b588-7f48010df848|rpc:10.1.0.38:15261|admin:10.1.0.38:15260|client:10.1.0.38:15259|dataStream:10.1.0.38:15262|priority:1|startupRole:FOLLOWER, a469ef55-9a66-4c89-903c-187a01270f46|rpc:10.1.0.38:15253|admin:10.1.0.38:15252|client:10.1.0.38:15251|dataStream:10.1.0.38:15254|priority:0|startupRole:FOLLOWER]|listeners:[], old=null
2023-05-23 10:28:08,955 [3ac7e479-6b2c-4ad1-9d02-9355b26abab7-server-thread1] INFO  server.RaftServer$Division (ServerState.java:setRaftConf(434)) - 3ac7e479-6b2c-4ad1-9d02-9355b26abab7@group-CC085891EDF4: set configuration 0: peers:[3ac7e479-6b2c-4ad1-9d02-9355b26abab7|rpc:10.1.0.38:15269|admin:10.1.0.38:15268|client:10.1.0.38:15267|dataStream:10.1.0.38:15270|priority:0|startupRole:FOLLOWER, 2f994218-547f-400b-b588-7f48010df848|rpc:10.1.0.38:15261|admin:10.1.0.38:15260|client:10.1.0.38:15259|dataStream:10.1.0.38:15262|priority:0|startupRole:FOLLOWER, a469ef55-9a66-4c89-903c-187a01270f46|rpc:10.1.0.38:15253|admin:10.1.0.38:15252|client:10.1.0.38:15251|dataStream:10.1.0.38:15254|priority:1|startupRole:FOLLOWER]|listeners:[], old=null
2023-05-23 10:28:08,955 [3ac7e479-6b2c-4ad1-9d02-9355b26abab7-server-thread1] INFO  segmented.SegmentedRaftLogWorker (SegmentedRaftLogWorker.java:startLogSegment(447)) - 3ac7e479-6b2c-4ad1-9d02-9355b26abab7@group-CC085891EDF4-SegmentedRaftLogWorker: Starting segment from index:0
2023-05-23 10:28:08,956 [grpc-default-executor-3] INFO  impl.VoteContext (VoteContext.java:log(49)) - a469ef55-9a66-4c89-903c-187a01270f46@group-4DE6E43F8739-FOLLOWER: accept PRE_VOTE from 2f994218-547f-400b-b588-7f48010df848: our priority 0 <= candidate's priority 1
2023-05-23 10:28:08,957 [grpc-default-executor-3] INFO  server.RaftServer$Division (RaftServerImpl.java:requestVote(1335)) - a469ef55-9a66-4c89-903c-187a01270f46@group-4DE6E43F8739 replies to PRE_VOTE vote request: 2f994218-547f-400b-b588-7f48010df848<-a469ef55-9a66-4c89-903c-187a01270f46#0:OK-t0. Peer's state: a469ef55-9a66-4c89-903c-187a01270f46@group-4DE6E43F8739:t0, leader=null, voted=, raftlog=Memoized:a469ef55-9a66-4c89-903c-187a01270f46@group-4DE6E43F8739-SegmentedRaftLog:OPENED:c-1, conf=-1: peers:[3ac7e479-6b2c-4ad1-9d02-9355b26abab7|rpc:10.1.0.38:15269|admin:10.1.0.38:15268|client:10.1.0.38:15267|dataStream:10.1.0.38:15270|priority:0|startupRole:FOLLOWER, 2f994218-547f-400b-b588-7f48010df848|rpc:10.1.0.38:15261|admin:10.1.0.38:15260|client:10.1.0.38:15259|dataStream:10.1.0.38:15262|priority:1|startupRole:FOLLOWER, a469ef55-9a66-4c89-903c-187a01270f46|rpc:10.1.0.38:15253|admin:10.1.0.38:15252|client:10.1.0.38:15251|dataStream:10.1.0.38:15254|priority:0|startupRole:FOLLOWER]|listeners:[], old=null
2023-05-23 10:28:08,957 [2f994218-547f-400b-b588-7f48010df848-server-thread1] INFO  ratis.XceiverServerRatis (XceiverServerRatis.java:handleLeaderChangedNotification(904)) - Leader change notification received for group: group-CC085891EDF4 with new leaderId: a469ef55-9a66-4c89-903c-187a01270f46
2023-05-23 10:28:08,957 [2f994218-547f-400b-b588-7f48010df848-server-thread1] INFO  server.RaftServer$Division (ServerState.java:setLeader(317)) - 2f994218-547f-400b-b588-7f48010df848@group-CC085891EDF4: change Leader from null to a469ef55-9a66-4c89-903c-187a01270f46 at term 1 for appendEntries, leader elected after 5077ms
2023-05-23 10:28:08,962 [2f994218-547f-400b-b588-7f48010df848@group-4DE6E43F8739-LeaderElection56] INFO  impl.LeaderElection (LeaderElection.java:logAndReturn(90)) - 2f994218-547f-400b-b588-7f48010df848@group-4DE6E43F8739-LeaderElection56: PRE_VOTE PASSED received 1 response(s) and 0 exception(s):
2023-05-23 10:28:08,962 [2f994218-547f-400b-b588-7f48010df848@group-4DE6E43F8739-LeaderElection56] INFO  impl.LeaderElection (LeaderElection.java:logAndReturn(94)) -   Response 0: 2f994218-547f-400b-b588-7f48010df848<-3ac7e479-6b2c-4ad1-9d02-9355b26abab7#0:OK-t0
2023-05-23 10:28:08,962 [2f994218-547f-400b-b588-7f48010df848@group-4DE6E43F8739-LeaderElection56] INFO  impl.LeaderElection (LeaderElection.java:askForVotes(323)) - 2f994218-547f-400b-b588-7f48010df848@group-4DE6E43F8739-LeaderElection56 PRE_VOTE round 0: result PASSED
2023-05-23 10:28:08,962 [2f994218-547f-400b-b588-7f48010df848-server-thread2] INFO  server.RaftServer$Division (ServerState.java:setRaftConf(434)) - 2f994218-547f-400b-b588-7f48010df848@group-CC085891EDF4: set configuration 0: peers:[3ac7e479-6b2c-4ad1-9d02-9355b26abab7|rpc:10.1.0.38:15269|admin:10.1.0.38:15268|client:10.1.0.38:15267|dataStream:10.1.0.38:15270|priority:0|startupRole:FOLLOWER, 2f994218-547f-400b-b588-7f48010df848|rpc:10.1.0.38:15261|admin:10.1.0.38:15260|client:10.1.0.38:15259|dataStream:10.1.0.38:15262|priority:0|startupRole:FOLLOWER, a469ef55-9a66-4c89-903c-187a01270f46|rpc:10.1.0.38:15253|admin:10.1.0.38:15252|client:10.1.0.38:15251|dataStream:10.1.0.38:15254|priority:1|startupRole:FOLLOWER]|listeners:[], old=null
2023-05-23 10:28:08,963 [2f994218-547f-400b-b588-7f48010df848-server-thread2] INFO  segmented.SegmentedRaftLogWorker (SegmentedRaftLogWorker.java:startLogSegment(447)) - 2f994218-547f-400b-b588-7f48010df848@group-CC085891EDF4-SegmentedRaftLogWorker: Starting segment from index:0
2023-05-23 10:28:08,965 [2f994218-547f-400b-b588-7f48010df848@group-CC085891EDF4-SegmentedRaftLogWorker] INFO  segmented.SegmentedRaftLogWorker (SegmentedRaftLogWorker.java:execute(651)) - 2f994218-547f-400b-b588-7f48010df848@group-CC085891EDF4-SegmentedRaftLogWorker: created new log segment /home/runner/work/ozone/ozone/hadoop-ozone/integration-test/target/test-dir/MiniOzoneClusterImpl-61d3b935-36cd-4496-a441-eee01f8c564c/datanode-1/data/ratis/f62330b8-f372-49ef-96d7-cc085891edf4/current/log_inprogress_0
2023-05-23 10:28:08,966 [3ac7e479-6b2c-4ad1-9d02-9355b26abab7@group-CC085891EDF4-SegmentedRaftLogWorker] INFO  segmented.SegmentedRaftLogWorker (SegmentedRaftLogWorker.java:execute(651)) - 3ac7e479-6b2c-4ad1-9d02-9355b26abab7@group-CC085891EDF4-SegmentedRaftLogWorker: created new log segment /home/runner/work/ozone/ozone/hadoop-ozone/integration-test/target/test-dir/MiniOzoneClusterImpl-61d3b935-36cd-4496-a441-eee01f8c564c/datanode-2/data/ratis/f62330b8-f372-49ef-96d7-cc085891edf4/current/log_inprogress_0
2023-05-23 10:28:08,966 [2f994218-547f-400b-b588-7f48010df848@group-4DE6E43F8739-LeaderElection56] INFO  impl.LeaderElection (LeaderElection.java:askForVotes(321)) - 2f994218-547f-400b-b588-7f48010df848@group-4DE6E43F8739-LeaderElection56 ELECTION round 0: submit vote requests at term 1 for -1: peers:[3ac7e479-6b2c-4ad1-9d02-9355b26abab7|rpc:10.1.0.38:15269|admin:10.1.0.38:15268|client:10.1.0.38:15267|dataStream:10.1.0.38:15270|priority:0|startupRole:FOLLOWER, 2f994218-547f-400b-b588-7f48010df848|rpc:10.1.0.38:15261|admin:10.1.0.38:15260|client:10.1.0.38:15259|dataStream:10.1.0.38:15262|priority:1|startupRole:FOLLOWER, a469ef55-9a66-4c89-903c-187a01270f46|rpc:10.1.0.38:15253|admin:10.1.0.38:15252|client:10.1.0.38:15251|dataStream:10.1.0.38:15254|priority:0|startupRole:FOLLOWER]|listeners:[], old=null
2023-05-23 10:28:08,967 [Listener at 127.0.0.1/15244] INFO  ozone.MiniOzoneClusterImpl (MiniOzoneClusterImpl.java:lambda$waitForClusterToBeReady$0(222)) - Nodes are ready. Got 5 of 5 DN Heartbeats.
2023-05-23 10:28:08,967 [Listener at 127.0.0.1/15244] INFO  ozone.MiniOzoneClusterImpl (MiniOzoneClusterImpl.java:lambda$waitForClusterToBeReady$0(225)) - Cluster exits safe mode
2023-05-23 10:28:08,967 [Listener at 127.0.0.1/15244] INFO  ozone.MiniOzoneClusterImpl (MiniOzoneClusterImpl.java:lambda$waitForClusterToBeReady$0(227)) - SCM became leader
2023-05-23 10:28:08,977 [2f994218-547f-400b-b588-7f48010df848@group-4DE6E43F8739-LeaderElection56] INFO  server.RaftServerConfigKeys (ConfUtils.java:logFallback(53)) - raft.server.rpc.first-election.timeout.min = 5s (fallback to raft.server.rpc.timeout.min)
2023-05-23 10:28:08,977 [2f994218-547f-400b-b588-7f48010df848@group-4DE6E43F8739-LeaderElection56] INFO  server.RaftServerConfigKeys (ConfUtils.java:logFallback(53)) - raft.server.rpc.first-election.timeout.max = 5200ms (fallback to raft.server.rpc.timeout.max)
2023-05-23 10:28:08,986 [grpc-default-executor-7] INFO  server.RaftServer$Division (RaftServerImpl.java:requestVote(1302)) - a469ef55-9a66-4c89-903c-187a01270f46@group-4DE6E43F8739: receive requestVote(ELECTION, 2f994218-547f-400b-b588-7f48010df848, group-4DE6E43F8739, 1, (t:0, i:0))
2023-05-23 10:28:08,986 [grpc-default-executor-7] INFO  impl.VoteContext (VoteContext.java:log(49)) - a469ef55-9a66-4c89-903c-187a01270f46@group-4DE6E43F8739-FOLLOWER: accept ELECTION from 2f994218-547f-400b-b588-7f48010df848: our priority 0 <= candidate's priority 1
2023-05-23 10:28:08,986 [grpc-default-executor-7] INFO  server.RaftServer$Division (RaftServerImpl.java:setRole(329)) - a469ef55-9a66-4c89-903c-187a01270f46@group-4DE6E43F8739: changes role from  FOLLOWER to FOLLOWER at term 1 for candidate:2f994218-547f-400b-b588-7f48010df848
2023-05-23 10:28:08,986 [grpc-default-executor-7] INFO  impl.RoleInfo (RoleInfo.java:shutdownFollowerState(110)) - a469ef55-9a66-4c89-903c-187a01270f46: shutdown a469ef55-9a66-4c89-903c-187a01270f46@group-4DE6E43F8739-FollowerState
2023-05-23 10:28:08,988 [grpc-default-executor-5] INFO  server.RaftServer$Division (RaftServerImpl.java:requestVote(1302)) - 3ac7e479-6b2c-4ad1-9d02-9355b26abab7@group-4DE6E43F8739: receive requestVote(ELECTION, 2f994218-547f-400b-b588-7f48010df848, group-4DE6E43F8739, 1, (t:0, i:0))
2023-05-23 10:28:08,988 [grpc-default-executor-5] INFO  impl.VoteContext (VoteContext.java:log(49)) - 3ac7e479-6b2c-4ad1-9d02-9355b26abab7@group-4DE6E43F8739-FOLLOWER: accept ELECTION from 2f994218-547f-400b-b588-7f48010df848: our priority 0 <= candidate's priority 1
2023-05-23 10:28:08,988 [grpc-default-executor-5] INFO  server.RaftServer$Division (RaftServerImpl.java:setRole(329)) - 3ac7e479-6b2c-4ad1-9d02-9355b26abab7@group-4DE6E43F8739: changes role from  FOLLOWER to FOLLOWER at term 1 for candidate:2f994218-547f-400b-b588-7f48010df848
2023-05-23 10:28:08,988 [grpc-default-executor-5] INFO  impl.RoleInfo (RoleInfo.java:shutdownFollowerState(110)) - 3ac7e479-6b2c-4ad1-9d02-9355b26abab7: shutdown 3ac7e479-6b2c-4ad1-9d02-9355b26abab7@group-4DE6E43F8739-FollowerState
2023-05-23 10:28:08,992 [grpc-default-executor-5] INFO  impl.RoleInfo (RoleInfo.java:updateAndGet(139)) - 3ac7e479-6b2c-4ad1-9d02-9355b26abab7: start 3ac7e479-6b2c-4ad1-9d02-9355b26abab7@group-4DE6E43F8739-FollowerState
2023-05-23 10:28:08,993 [3ac7e479-6b2c-4ad1-9d02-9355b26abab7@group-4DE6E43F8739-FollowerState] INFO  impl.FollowerState (FollowerState.java:run(152)) - 3ac7e479-6b2c-4ad1-9d02-9355b26abab7@group-4DE6E43F8739-FollowerState was interrupted
2023-05-23 10:28:08,994 [grpc-default-executor-7] INFO  impl.RoleInfo (RoleInfo.java:updateAndGet(139)) - a469ef55-9a66-4c89-903c-187a01270f46: start a469ef55-9a66-4c89-903c-187a01270f46@group-4DE6E43F8739-FollowerState
2023-05-23 10:28:08,995 [a469ef55-9a66-4c89-903c-187a01270f46@group-4DE6E43F8739-FollowerState] INFO  impl.FollowerState (FollowerState.java:run(152)) - a469ef55-9a66-4c89-903c-187a01270f46@group-4DE6E43F8739-FollowerState was interrupted
2023-05-23 10:28:08,997 [grpc-default-executor-5] INFO  server.RaftServer$Division (RaftServerImpl.java:requestVote(1335)) - 3ac7e479-6b2c-4ad1-9d02-9355b26abab7@group-4DE6E43F8739 replies to ELECTION vote request: 2f994218-547f-400b-b588-7f48010df848<-3ac7e479-6b2c-4ad1-9d02-9355b26abab7#0:OK-t1. Peer's state: 3ac7e479-6b2c-4ad1-9d02-9355b26abab7@group-4DE6E43F8739:t1, leader=null, voted=2f994218-547f-400b-b588-7f48010df848, raftlog=Memoized:3ac7e479-6b2c-4ad1-9d02-9355b26abab7@group-4DE6E43F8739-SegmentedRaftLog:OPENED:c-1, conf=-1: peers:[3ac7e479-6b2c-4ad1-9d02-9355b26abab7|rpc:10.1.0.38:15269|admin:10.1.0.38:15268|client:10.1.0.38:15267|dataStream:10.1.0.38:15270|priority:0|startupRole:FOLLOWER, 2f994218-547f-400b-b588-7f48010df848|rpc:10.1.0.38:15261|admin:10.1.0.38:15260|client:10.1.0.38:15259|dataStream:10.1.0.38:15262|priority:1|startupRole:FOLLOWER, a469ef55-9a66-4c89-903c-187a01270f46|rpc:10.1.0.38:15253|admin:10.1.0.38:15252|client:10.1.0.38:15251|dataStream:10.1.0.38:15254|priority:0|startupRole:FOLLOWER]|listeners:[], old=null
2023-05-23 10:28:08,998 [2f994218-547f-400b-b588-7f48010df848@group-4DE6E43F8739-LeaderElection56] INFO  impl.LeaderElection (LeaderElection.java:logAndReturn(90)) - 2f994218-547f-400b-b588-7f48010df848@group-4DE6E43F8739-LeaderElection56: ELECTION PASSED received 1 response(s) and 0 exception(s):
2023-05-23 10:28:08,998 [2f994218-547f-400b-b588-7f48010df848@group-4DE6E43F8739-LeaderElection56] INFO  impl.LeaderElection (LeaderElection.java:logAndReturn(94)) -   Response 0: 2f994218-547f-400b-b588-7f48010df848<-3ac7e479-6b2c-4ad1-9d02-9355b26abab7#0:OK-t1
2023-05-23 10:28:08,998 [2f994218-547f-400b-b588-7f48010df848@group-4DE6E43F8739-LeaderElection56] INFO  impl.LeaderElection (LeaderElection.java:askForVotes(323)) - 2f994218-547f-400b-b588-7f48010df848@group-4DE6E43F8739-LeaderElection56 ELECTION round 0: result PASSED
2023-05-23 10:28:08,998 [2f994218-547f-400b-b588-7f48010df848@group-4DE6E43F8739-LeaderElection56] INFO  impl.RoleInfo (RoleInfo.java:shutdownLeaderElection(130)) - 2f994218-547f-400b-b588-7f48010df848: shutdown 2f994218-547f-400b-b588-7f48010df848@group-4DE6E43F8739-LeaderElection56
2023-05-23 10:28:08,998 [2f994218-547f-400b-b588-7f48010df848@group-4DE6E43F8739-LeaderElection56] INFO  server.RaftServer$Division (RaftServerImpl.java:setRole(329)) - 2f994218-547f-400b-b588-7f48010df848@group-4DE6E43F8739: changes role from CANDIDATE to LEADER at term 1 for changeToLeader
2023-05-23 10:28:08,999 [2f994218-547f-400b-b588-7f48010df848@group-4DE6E43F8739-LeaderElection56] INFO  ratis.XceiverServerRatis (XceiverServerRatis.java:handleLeaderChangedNotification(904)) - Leader change notification received for group: group-4DE6E43F8739 with new leaderId: 2f994218-547f-400b-b588-7f48010df848
2023-05-23 10:28:08,999 [2f994218-547f-400b-b588-7f48010df848@group-4DE6E43F8739-LeaderElection56] INFO  server.RaftServer$Division (ServerState.java:setLeader(317)) - 2f994218-547f-400b-b588-7f48010df848@group-4DE6E43F8739: change Leader from null to 2f994218-547f-400b-b588-7f48010df848 at term 1 for becomeLeader, leader elected after 5297ms
2023-05-23 10:28:08,999 [2f994218-547f-400b-b588-7f48010df848@group-4DE6E43F8739-LeaderElection56] INFO  server.RaftServerConfigKeys (ConfUtils.java:logGet(46)) - raft.server.staging.catchup.gap = 1000 (default)
2023-05-23 10:28:08,999 [Listener at 127.0.0.1/15244] INFO  rpc.RpcClient (RpcClient.java:createVolume(455)) - Creating Volume: vol1, with runner as owner and space quota set to -1 bytes, counts quota set to -1
2023-05-23 10:28:08,999 [2f994218-547f-400b-b588-7f48010df848@group-4DE6E43F8739-LeaderElection56] INFO  server.RaftServerConfigKeys (ConfUtils.java:logGet(46)) - raft.server.write.element-limit = 1024 (custom)
2023-05-23 10:28:08,999 [2f994218-547f-400b-b588-7f48010df848@group-4DE6E43F8739-LeaderElection56] INFO  server.RaftServerConfigKeys (ConfUtils.java:logGet(46)) - raft.server.write.byte-limit = 1024 M (=1073741824) (custom)
2023-05-23 10:28:08,999 [2f994218-547f-400b-b588-7f48010df848@group-4DE6E43F8739-LeaderElection56] INFO  server.RaftServerConfigKeys (ConfUtils.java:logGet(46)) - raft.server.watch.timeout = 180s (custom)
2023-05-23 10:28:08,999 [2f994218-547f-400b-b588-7f48010df848@group-4DE6E43F8739-LeaderElection56] INFO  server.RaftServerConfigKeys (ConfUtils.java:logGet(46)) - raft.server.watch.timeout.denomination = 1s (default)
2023-05-23 10:28:08,999 [2f994218-547f-400b-b588-7f48010df848@group-4DE6E43F8739-LeaderElection56] INFO  server.RaftServerConfigKeys (ConfUtils.java:logGet(46)) - raft.server.watch.element-limit = 65536 (default)
2023-05-23 10:28:08,999 [2f994218-547f-400b-b588-7f48010df848@group-4DE6E43F8739-LeaderElection56] INFO  server.RaftServerConfigKeys (ConfUtils.java:logGet(46)) - raft.server.write.element-limit = 1024 (custom)
2023-05-23 10:28:08,999 [2f994218-547f-400b-b588-7f48010df848@group-4DE6E43F8739-LeaderElection56] INFO  server.RaftServerConfigKeys (ConfUtils.java:logGet(46)) - raft.server.write.follower.gap.ratio.max = -1.0 (default)
2023-05-23 10:28:09,000 [2f994218-547f-400b-b588-7f48010df848@group-4DE6E43F8739-LeaderElection56] INFO  server.RaftServerConfigKeys (ConfUtils.java:logGet(46)) - raft.server.log.appender.snapshot.chunk.size.max = 16MB (=16777216) (default)
2023-05-23 10:28:09,000 [2f994218-547f-400b-b588-7f48010df848@group-4DE6E43F8739-LeaderElection56] INFO  server.RaftServerConfigKeys (ConfUtils.java:logGet(46)) - raft.server.log.appender.buffer.byte-limit = 33554432 (custom)
2023-05-23 10:28:09,000 [2f994218-547f-400b-b588-7f48010df848@group-4DE6E43F8739-LeaderElection56] INFO  server.RaftServerConfigKeys (ConfUtils.java:logGet(46)) - raft.server.log.appender.buffer.element-limit = 1 (custom)
2023-05-23 10:28:09,000 [2f994218-547f-400b-b588-7f48010df848@group-4DE6E43F8739-LeaderElection56] INFO  server.RaftServerConfigKeys (ConfUtils.java:logGet(46)) - raft.server.log.appender.wait-time.min = 10ms (default)
2023-05-23 10:28:09,000 [2f994218-547f-400b-b588-7f48010df848@group-4DE6E43F8739-LeaderElection56] INFO  grpc.GrpcConfigKeys (ConfUtils.java:logGet(46)) - raft.grpc.server.leader.outstanding.appends.max = 128 (default)
2023-05-23 10:28:09,000 [2f994218-547f-400b-b588-7f48010df848@group-4DE6E43F8739-LeaderElection56] INFO  server.RaftServerConfigKeys (ConfUtils.java:logGet(46)) - raft.server.rpc.request.timeout = 60s (custom)
2023-05-23 10:28:09,000 [2f994218-547f-400b-b588-7f48010df848@group-4DE6E43F8739-LeaderElection56] INFO  grpc.GrpcConfigKeys (ConfUtils.java:logGet(46)) - raft.grpc.server.install_snapshot.request.element-limit = 8 (default)
2023-05-23 10:28:09,000 [2f994218-547f-400b-b588-7f48010df848@group-4DE6E43F8739-LeaderElection56] INFO  grpc.GrpcConfigKeys (ConfUtils.java:logGet(46)) - raft.grpc.server.install_snapshot.request.timeout = 3000ms (default)
2023-05-23 10:28:09,000 [2f994218-547f-400b-b588-7f48010df848@group-4DE6E43F8739-LeaderElection56] INFO  server.RaftServerConfigKeys (ConfUtils.java:logGet(46)) - raft.server.log.appender.install.snapshot.enabled = false (custom)
2023-05-23 10:28:09,000 [2f994218-547f-400b-b588-7f48010df848@group-4DE6E43F8739-LeaderElection56] INFO  grpc.GrpcConfigKeys (ConfUtils.java:logGet(46)) - raft.grpc.server.heartbeat.channel = true (default)
2023-05-23 10:28:09,002 [grpc-default-executor-7] INFO  server.RaftServer$Division (RaftServerImpl.java:requestVote(1335)) - a469ef55-9a66-4c89-903c-187a01270f46@group-4DE6E43F8739 replies to ELECTION vote request: 2f994218-547f-400b-b588-7f48010df848<-a469ef55-9a66-4c89-903c-187a01270f46#0:OK-t1. Peer's state: a469ef55-9a66-4c89-903c-187a01270f46@group-4DE6E43F8739:t1, leader=null, voted=2f994218-547f-400b-b588-7f48010df848, raftlog=Memoized:a469ef55-9a66-4c89-903c-187a01270f46@group-4DE6E43F8739-SegmentedRaftLog:OPENED:c-1, conf=-1: peers:[3ac7e479-6b2c-4ad1-9d02-9355b26abab7|rpc:10.1.0.38:15269|admin:10.1.0.38:15268|client:10.1.0.38:15267|dataStream:10.1.0.38:15270|priority:0|startupRole:FOLLOWER, 2f994218-547f-400b-b588-7f48010df848|rpc:10.1.0.38:15261|admin:10.1.0.38:15260|client:10.1.0.38:15259|dataStream:10.1.0.38:15262|priority:1|startupRole:FOLLOWER, a469ef55-9a66-4c89-903c-187a01270f46|rpc:10.1.0.38:15253|admin:10.1.0.38:15252|client:10.1.0.38:15251|dataStream:10.1.0.38:15254|priority:0|startupRole:FOLLOWER]|listeners:[], old=null
2023-05-23 10:28:09,002 [2f994218-547f-400b-b588-7f48010df848@group-4DE6E43F8739-LeaderElection56] INFO  server.RaftServerConfigKeys (ConfUtils.java:logGet(46)) - raft.server.log.appender.snapshot.chunk.size.max = 16MB (=16777216) (default)
2023-05-23 10:28:09,003 [2f994218-547f-400b-b588-7f48010df848@group-4DE6E43F8739-LeaderElection56] INFO  server.RaftServerConfigKeys (ConfUtils.java:logGet(46)) - raft.server.log.appender.buffer.byte-limit = 33554432 (custom)
2023-05-23 10:28:09,003 [2f994218-547f-400b-b588-7f48010df848@group-4DE6E43F8739-LeaderElection56] INFO  server.RaftServerConfigKeys (ConfUtils.java:logGet(46)) - raft.server.log.appender.buffer.element-limit = 1 (custom)
2023-05-23 10:28:09,003 [2f994218-547f-400b-b588-7f48010df848@group-4DE6E43F8739-LeaderElection56] INFO  server.RaftServerConfigKeys (ConfUtils.java:logGet(46)) - raft.server.log.appender.wait-time.min = 10ms (default)
2023-05-23 10:28:09,003 [2f994218-547f-400b-b588-7f48010df848@group-4DE6E43F8739-LeaderElection56] INFO  grpc.GrpcConfigKeys (ConfUtils.java:logGet(46)) - raft.grpc.server.leader.outstanding.appends.max = 128 (default)
2023-05-23 10:28:09,003 [2f994218-547f-400b-b588-7f48010df848@group-4DE6E43F8739-LeaderElection56] INFO  server.RaftServerConfigKeys (ConfUtils.java:logGet(46)) - raft.server.rpc.request.timeout = 60s (custom)
2023-05-23 10:28:09,003 [2f994218-547f-400b-b588-7f48010df848@group-4DE6E43F8739-LeaderElection56] INFO  grpc.GrpcConfigKeys (ConfUtils.java:logGet(46)) - raft.grpc.server.install_snapshot.request.element-limit = 8 (default)
2023-05-23 10:28:09,003 [2f994218-547f-400b-b588-7f48010df848@group-4DE6E43F8739-LeaderElection56] INFO  grpc.GrpcConfigKeys (ConfUtils.java:logGet(46)) - raft.grpc.server.install_snapshot.request.timeout = 3000ms (default)
2023-05-23 10:28:09,003 [2f994218-547f-400b-b588-7f48010df848@group-4DE6E43F8739-LeaderElection56] INFO  server.RaftServerConfigKeys (ConfUtils.java:logGet(46)) - raft.server.log.appender.install.snapshot.enabled = false (custom)
2023-05-23 10:28:09,003 [2f994218-547f-400b-b588-7f48010df848@group-4DE6E43F8739-LeaderElection56] INFO  grpc.GrpcConfigKeys (ConfUtils.java:logGet(46)) - raft.grpc.server.heartbeat.channel = true (default)
2023-05-23 10:28:09,003 [2f994218-547f-400b-b588-7f48010df848@group-4DE6E43F8739-LeaderElection56] INFO  impl.RoleInfo (RoleInfo.java:updateAndGet(139)) - 2f994218-547f-400b-b588-7f48010df848: start 2f994218-547f-400b-b588-7f48010df848@group-4DE6E43F8739-LeaderStateImpl
2023-05-23 10:28:09,003 [2f994218-547f-400b-b588-7f48010df848@group-4DE6E43F8739-LeaderElection56] INFO  segmented.SegmentedRaftLogWorker (SegmentedRaftLogWorker.java:startLogSegment(447)) - 2f994218-547f-400b-b588-7f48010df848@group-4DE6E43F8739-SegmentedRaftLogWorker: Starting segment from index:0
2023-05-23 10:28:09,005 [EventQueue-PipelineReportForPipelineReportHandler] INFO  pipeline.PipelineManagerImpl (PipelineManagerImpl.java:openPipeline(367)) - Pipeline Pipeline[ Id: 221d147b-12b5-45ed-b68f-4de6e43f8739, Nodes: 2f994218-547f-400b-b588-7f48010df848(fv-az1249-304/10.1.0.38)3ac7e479-6b2c-4ad1-9d02-9355b26abab7(fv-az1249-304/10.1.0.38)a469ef55-9a66-4c89-903c-187a01270f46(fv-az1249-304/10.1.0.38), ReplicationConfig: RATIS/THREE, State:ALLOCATED, leaderId:2f994218-547f-400b-b588-7f48010df848, CreationTimestamp2023-05-23T10:28:01.325Z[Etc/UTC]] moved to OPEN state
2023-05-23 10:28:09,010 [2f994218-547f-400b-b588-7f48010df848@group-4DE6E43F8739-LeaderElection56] INFO  server.RaftServer$Division (ServerState.java:setRaftConf(434)) - 2f994218-547f-400b-b588-7f48010df848@group-4DE6E43F8739: set configuration 0: peers:[3ac7e479-6b2c-4ad1-9d02-9355b26abab7|rpc:10.1.0.38:15269|admin:10.1.0.38:15268|client:10.1.0.38:15267|dataStream:10.1.0.38:15270|priority:0|startupRole:FOLLOWER, 2f994218-547f-400b-b588-7f48010df848|rpc:10.1.0.38:15261|admin:10.1.0.38:15260|client:10.1.0.38:15259|dataStream:10.1.0.38:15262|priority:1|startupRole:FOLLOWER, a469ef55-9a66-4c89-903c-187a01270f46|rpc:10.1.0.38:15253|admin:10.1.0.38:15252|client:10.1.0.38:15251|dataStream:10.1.0.38:15254|priority:0|startupRole:FOLLOWER]|listeners:[], old=null
2023-05-23 10:28:09,011 [2f994218-547f-400b-b588-7f48010df848@group-4DE6E43F8739-SegmentedRaftLogWorker] INFO  segmented.SegmentedRaftLogWorker (SegmentedRaftLogWorker.java:execute(651)) - 2f994218-547f-400b-b588-7f48010df848@group-4DE6E43F8739-SegmentedRaftLogWorker: created new log segment /home/runner/work/ozone/ozone/hadoop-ozone/integration-test/target/test-dir/MiniOzoneClusterImpl-61d3b935-36cd-4496-a441-eee01f8c564c/datanode-1/data/ratis/221d147b-12b5-45ed-b68f-4de6e43f8739/current/log_inprogress_0
2023-05-23 10:28:09,014 [OM StateMachine ApplyTransaction Thread - 0] INFO  volume.OMVolumeCreateRequest (OMVolumeCreateRequest.java:validateAndUpdateCache(196)) - created volume:vol1 for user:runner
2023-05-23 10:28:09,026 [3ac7e479-6b2c-4ad1-9d02-9355b26abab7-server-thread1] INFO  ratis.XceiverServerRatis (XceiverServerRatis.java:handleLeaderChangedNotification(904)) - Leader change notification received for group: group-4DE6E43F8739 with new leaderId: 2f994218-547f-400b-b588-7f48010df848
2023-05-23 10:28:09,026 [3ac7e479-6b2c-4ad1-9d02-9355b26abab7-server-thread1] INFO  server.RaftServer$Division (ServerState.java:setLeader(317)) - 3ac7e479-6b2c-4ad1-9d02-9355b26abab7@group-4DE6E43F8739: change Leader from null to 2f994218-547f-400b-b588-7f48010df848 at term 1 for appendEntries, leader elected after 5267ms
2023-05-23 10:28:09,040 [Listener at 127.0.0.1/15244] INFO  rpc.RpcClient (RpcClient.java:createBucket(677)) - Creating Bucket: vol1/bucket1, with server-side default bucket layout, runner as owner, Versioning false, Storage Type set to DISK and Encryption set to false, Replication Type set to server-side default replication type, Namespace Quota set to -1, Space Quota set to -1 
2023-05-23 10:28:09,042 [a469ef55-9a66-4c89-903c-187a01270f46-server-thread2] INFO  ratis.XceiverServerRatis (XceiverServerRatis.java:handleLeaderChangedNotification(904)) - Leader change notification received for group: group-4DE6E43F8739 with new leaderId: 2f994218-547f-400b-b588-7f48010df848
2023-05-23 10:28:09,042 [a469ef55-9a66-4c89-903c-187a01270f46-server-thread2] INFO  server.RaftServer$Division (ServerState.java:setLeader(317)) - a469ef55-9a66-4c89-903c-187a01270f46@group-4DE6E43F8739: change Leader from null to 2f994218-547f-400b-b588-7f48010df848 at term 1 for appendEntries, leader elected after 5371ms
2023-05-23 10:28:09,049 [OM StateMachine ApplyTransaction Thread - 0] INFO  bucket.OMBucketCreateRequest (OMBucketCreateRequest.java:validateAndUpdateCache(270)) - created bucket: bucket1 of layout FILE_SYSTEM_OPTIMIZED in volume: vol1
2023-05-23 10:28:09,050 [3ac7e479-6b2c-4ad1-9d02-9355b26abab7-server-thread2] INFO  server.RaftServer$Division (ServerState.java:setRaftConf(434)) - 3ac7e479-6b2c-4ad1-9d02-9355b26abab7@group-4DE6E43F8739: set configuration 0: peers:[3ac7e479-6b2c-4ad1-9d02-9355b26abab7|rpc:10.1.0.38:15269|admin:10.1.0.38:15268|client:10.1.0.38:15267|dataStream:10.1.0.38:15270|priority:0|startupRole:FOLLOWER, 2f994218-547f-400b-b588-7f48010df848|rpc:10.1.0.38:15261|admin:10.1.0.38:15260|client:10.1.0.38:15259|dataStream:10.1.0.38:15262|priority:1|startupRole:FOLLOWER, a469ef55-9a66-4c89-903c-187a01270f46|rpc:10.1.0.38:15253|admin:10.1.0.38:15252|client:10.1.0.38:15251|dataStream:10.1.0.38:15254|priority:0|startupRole:FOLLOWER]|listeners:[], old=null
2023-05-23 10:28:09,050 [3ac7e479-6b2c-4ad1-9d02-9355b26abab7-server-thread2] INFO  segmented.SegmentedRaftLogWorker (SegmentedRaftLogWorker.java:startLogSegment(447)) - 3ac7e479-6b2c-4ad1-9d02-9355b26abab7@group-4DE6E43F8739-SegmentedRaftLogWorker: Starting segment from index:0
2023-05-23 10:28:09,050 [a469ef55-9a66-4c89-903c-187a01270f46-server-thread1] INFO  server.RaftServer$Division (ServerState.java:setRaftConf(434)) - a469ef55-9a66-4c89-903c-187a01270f46@group-4DE6E43F8739: set configuration 0: peers:[3ac7e479-6b2c-4ad1-9d02-9355b26abab7|rpc:10.1.0.38:15269|admin:10.1.0.38:15268|client:10.1.0.38:15267|dataStream:10.1.0.38:15270|priority:0|startupRole:FOLLOWER, 2f994218-547f-400b-b588-7f48010df848|rpc:10.1.0.38:15261|admin:10.1.0.38:15260|client:10.1.0.38:15259|dataStream:10.1.0.38:15262|priority:1|startupRole:FOLLOWER, a469ef55-9a66-4c89-903c-187a01270f46|rpc:10.1.0.38:15253|admin:10.1.0.38:15252|client:10.1.0.38:15251|dataStream:10.1.0.38:15254|priority:0|startupRole:FOLLOWER]|listeners:[], old=null
2023-05-23 10:28:09,050 [a469ef55-9a66-4c89-903c-187a01270f46-server-thread1] INFO  segmented.SegmentedRaftLogWorker (SegmentedRaftLogWorker.java:startLogSegment(447)) - a469ef55-9a66-4c89-903c-187a01270f46@group-4DE6E43F8739-SegmentedRaftLogWorker: Starting segment from index:0
2023-05-23 10:28:09,061 [3ac7e479-6b2c-4ad1-9d02-9355b26abab7@group-4DE6E43F8739-SegmentedRaftLogWorker] INFO  segmented.SegmentedRaftLogWorker (SegmentedRaftLogWorker.java:execute(651)) - 3ac7e479-6b2c-4ad1-9d02-9355b26abab7@group-4DE6E43F8739-SegmentedRaftLogWorker: created new log segment /home/runner/work/ozone/ozone/hadoop-ozone/integration-test/target/test-dir/MiniOzoneClusterImpl-61d3b935-36cd-4496-a441-eee01f8c564c/datanode-2/data/ratis/221d147b-12b5-45ed-b68f-4de6e43f8739/current/log_inprogress_0
2023-05-23 10:28:09,062 [a469ef55-9a66-4c89-903c-187a01270f46@group-4DE6E43F8739-SegmentedRaftLogWorker] INFO  segmented.SegmentedRaftLogWorker (SegmentedRaftLogWorker.java:execute(651)) - a469ef55-9a66-4c89-903c-187a01270f46@group-4DE6E43F8739-SegmentedRaftLogWorker: created new log segment /home/runner/work/ozone/ozone/hadoop-ozone/integration-test/target/test-dir/MiniOzoneClusterImpl-61d3b935-36cd-4496-a441-eee01f8c564c/datanode-0/data/ratis/221d147b-12b5-45ed-b68f-4de6e43f8739/current/log_inprogress_0
2023-05-23 10:28:09,069 [IPC Server handler 18 on default port 15241] INFO  ha.SequenceIdGenerator (SequenceIdGenerator.java:getNextId(128)) - Allocate a batch for containerId, change lastId from 0 to 1000.
2023-05-23 10:28:09,069 [IPC Server handler 18 on default port 15241] WARN  ha.SequenceIdGenerator (SequenceIdGenerator.java:allocateBatch(237)) - Failed to allocate a batch for localId, expected lastId is 0, actual lastId is 111677748019200000.
2023-05-23 10:28:09,070 [IPC Server handler 18 on default port 15241] INFO  ha.SequenceIdGenerator (SequenceIdGenerator.java:getNextId(128)) - Allocate a batch for localId, change lastId from 111677748019200000 to 111677748019201000.
2023-05-23 10:28:09,101 [2f994218-547f-400b-b588-7f48010df848@group-37B4E9CD4966-FollowerState] INFO  impl.FollowerState (FollowerState.java:run(143)) - 2f994218-547f-400b-b588-7f48010df848@group-37B4E9CD4966-FollowerState: change to CANDIDATE, lastRpcElapsedTime:5084572630ns, electionTimeout:5084ms
2023-05-23 10:28:09,101 [2f994218-547f-400b-b588-7f48010df848@group-37B4E9CD4966-FollowerState] INFO  impl.RoleInfo (RoleInfo.java:shutdownFollowerState(110)) - 2f994218-547f-400b-b588-7f48010df848: shutdown 2f994218-547f-400b-b588-7f48010df848@group-37B4E9CD4966-FollowerState
2023-05-23 10:28:09,101 [2f994218-547f-400b-b588-7f48010df848@group-37B4E9CD4966-FollowerState] INFO  server.RaftServer$Division (RaftServerImpl.java:setRole(329)) - 2f994218-547f-400b-b588-7f48010df848@group-37B4E9CD4966: changes role from  FOLLOWER to CANDIDATE at term 0 for changeToCandidate
2023-05-23 10:28:09,101 [2f994218-547f-400b-b588-7f48010df848@group-37B4E9CD4966-FollowerState] INFO  server.RaftServerConfigKeys (ConfUtils.java:logGet(46)) - raft.server.leaderelection.pre-vote = true (default)
2023-05-23 10:28:09,101 [2f994218-547f-400b-b588-7f48010df848@group-37B4E9CD4966-FollowerState] INFO  impl.RoleInfo (RoleInfo.java:updateAndGet(139)) - 2f994218-547f-400b-b588-7f48010df848: start 2f994218-547f-400b-b588-7f48010df848@group-37B4E9CD4966-LeaderElection58
2023-05-23 10:28:09,109 [2f994218-547f-400b-b588-7f48010df848@group-37B4E9CD4966-LeaderElection58] INFO  impl.LeaderElection (LeaderElection.java:askForVotes(321)) - 2f994218-547f-400b-b588-7f48010df848@group-37B4E9CD4966-LeaderElection58 PRE_VOTE round 0: submit vote requests at term 0 for -1: peers:[2f994218-547f-400b-b588-7f48010df848|rpc:10.1.0.38:15261|admin:10.1.0.38:15260|client:10.1.0.38:15259|dataStream:10.1.0.38:15262|priority:1|startupRole:FOLLOWER]|listeners:[], old=null
2023-05-23 10:28:09,110 [2f994218-547f-400b-b588-7f48010df848@group-37B4E9CD4966-LeaderElection58] INFO  impl.LeaderElection (LeaderElection.java:askForVotes(323)) - 2f994218-547f-400b-b588-7f48010df848@group-37B4E9CD4966-LeaderElection58 PRE_VOTE round 0: result PASSED (term=0)
2023-05-23 10:28:09,114 [2f994218-547f-400b-b588-7f48010df848@group-37B4E9CD4966-LeaderElection58] INFO  impl.LeaderElection (LeaderElection.java:askForVotes(321)) - 2f994218-547f-400b-b588-7f48010df848@group-37B4E9CD4966-LeaderElection58 ELECTION round 0: submit vote requests at term 1 for -1: peers:[2f994218-547f-400b-b588-7f48010df848|rpc:10.1.0.38:15261|admin:10.1.0.38:15260|client:10.1.0.38:15259|dataStream:10.1.0.38:15262|priority:1|startupRole:FOLLOWER]|listeners:[], old=null
2023-05-23 10:28:09,114 [2f994218-547f-400b-b588-7f48010df848@group-37B4E9CD4966-LeaderElection58] INFO  impl.LeaderElection (LeaderElection.java:askForVotes(323)) - 2f994218-547f-400b-b588-7f48010df848@group-37B4E9CD4966-LeaderElection58 ELECTION round 0: result PASSED (term=1)
2023-05-23 10:28:09,114 [2f994218-547f-400b-b588-7f48010df848@group-37B4E9CD4966-LeaderElection58] INFO  impl.RoleInfo (RoleInfo.java:shutdownLeaderElection(130)) - 2f994218-547f-400b-b588-7f48010df848: shutdown 2f994218-547f-400b-b588-7f48010df848@group-37B4E9CD4966-LeaderElection58
2023-05-23 10:28:09,114 [2f994218-547f-400b-b588-7f48010df848@group-37B4E9CD4966-LeaderElection58] INFO  server.RaftServer$Division (RaftServerImpl.java:setRole(329)) - 2f994218-547f-400b-b588-7f48010df848@group-37B4E9CD4966: changes role from CANDIDATE to LEADER at term 1 for changeToLeader
2023-05-23 10:28:09,114 [2f994218-547f-400b-b588-7f48010df848@group-37B4E9CD4966-LeaderElection58] INFO  ratis.XceiverServerRatis (XceiverServerRatis.java:handleLeaderChangedNotification(904)) - Leader change notification received for group: group-37B4E9CD4966 with new leaderId: 2f994218-547f-400b-b588-7f48010df848
2023-05-23 10:28:09,124 [2f994218-547f-400b-b588-7f48010df848@group-37B4E9CD4966-LeaderElection58] INFO  server.RaftServer$Division (ServerState.java:setLeader(317)) - 2f994218-547f-400b-b588-7f48010df848@group-37B4E9CD4966: change Leader from null to 2f994218-547f-400b-b588-7f48010df848 at term 1 for becomeLeader, leader elected after 5112ms
2023-05-23 10:28:09,124 [2f994218-547f-400b-b588-7f48010df848@group-37B4E9CD4966-LeaderElection58] INFO  server.RaftServerConfigKeys (ConfUtils.java:logGet(46)) - raft.server.staging.catchup.gap = 1000 (default)
2023-05-23 10:28:09,125 [2f994218-547f-400b-b588-7f48010df848@group-37B4E9CD4966-LeaderElection58] INFO  server.RaftServerConfigKeys (ConfUtils.java:logGet(46)) - raft.server.write.element-limit = 1024 (custom)
2023-05-23 10:28:09,125 [2f994218-547f-400b-b588-7f48010df848@group-37B4E9CD4966-LeaderElection58] INFO  server.RaftServerConfigKeys (ConfUtils.java:logGet(46)) - raft.server.write.byte-limit = 1024 M (=1073741824) (custom)
2023-05-23 10:28:09,125 [2f994218-547f-400b-b588-7f48010df848@group-37B4E9CD4966-LeaderElection58] INFO  server.RaftServerConfigKeys (ConfUtils.java:logGet(46)) - raft.server.watch.timeout = 180s (custom)
2023-05-23 10:28:09,125 [2f994218-547f-400b-b588-7f48010df848@group-37B4E9CD4966-LeaderElection58] INFO  server.RaftServerConfigKeys (ConfUtils.java:logGet(46)) - raft.server.watch.timeout.denomination = 1s (default)
2023-05-23 10:28:09,125 [2f994218-547f-400b-b588-7f48010df848@group-37B4E9CD4966-LeaderElection58] INFO  server.RaftServerConfigKeys (ConfUtils.java:logGet(46)) - raft.server.watch.element-limit = 65536 (default)
2023-05-23 10:28:09,125 [2f994218-547f-400b-b588-7f48010df848@group-37B4E9CD4966-LeaderElection58] INFO  server.RaftServerConfigKeys (ConfUtils.java:logGet(46)) - raft.server.write.element-limit = 1024 (custom)
2023-05-23 10:28:09,125 [2f994218-547f-400b-b588-7f48010df848@group-37B4E9CD4966-LeaderElection58] INFO  server.RaftServerConfigKeys (ConfUtils.java:logGet(46)) - raft.server.write.follower.gap.ratio.max = -1.0 (default)
2023-05-23 10:28:09,125 [2f994218-547f-400b-b588-7f48010df848@group-37B4E9CD4966-LeaderElection58] INFO  impl.RoleInfo (RoleInfo.java:updateAndGet(139)) - 2f994218-547f-400b-b588-7f48010df848: start 2f994218-547f-400b-b588-7f48010df848@group-37B4E9CD4966-LeaderStateImpl
2023-05-23 10:28:09,125 [2f994218-547f-400b-b588-7f48010df848@group-37B4E9CD4966-LeaderElection58] INFO  segmented.SegmentedRaftLogWorker (SegmentedRaftLogWorker.java:startLogSegment(447)) - 2f994218-547f-400b-b588-7f48010df848@group-37B4E9CD4966-SegmentedRaftLogWorker: Starting segment from index:0
2023-05-23 10:28:09,127 [2f994218-547f-400b-b588-7f48010df848@group-37B4E9CD4966-LeaderElection58] INFO  server.RaftServer$Division (ServerState.java:setRaftConf(434)) - 2f994218-547f-400b-b588-7f48010df848@group-37B4E9CD4966: set configuration 0: peers:[2f994218-547f-400b-b588-7f48010df848|rpc:10.1.0.38:15261|admin:10.1.0.38:15260|client:10.1.0.38:15259|dataStream:10.1.0.38:15262|priority:1|startupRole:FOLLOWER]|listeners:[], old=null
2023-05-23 10:28:09,134 [2f994218-547f-400b-b588-7f48010df848@group-37B4E9CD4966-SegmentedRaftLogWorker] INFO  segmented.SegmentedRaftLogWorker (SegmentedRaftLogWorker.java:execute(651)) - 2f994218-547f-400b-b588-7f48010df848@group-37B4E9CD4966-SegmentedRaftLogWorker: created new log segment /home/runner/work/ozone/ozone/hadoop-ozone/integration-test/target/test-dir/MiniOzoneClusterImpl-61d3b935-36cd-4496-a441-eee01f8c564c/datanode-1/data/ratis/3c6d9ab7-6cba-4c07-ae1b-37b4e9cd4966/current/log_inprogress_0
2023-05-23 10:28:09,181 [EventQueue-CloseContainerForCloseContainerEventHandler] INFO  container.CloseContainerEventHandler (CloseContainerEventHandler.java:onMessage(89)) - Close container Event triggered for container : #1, current state: OPEN
2023-05-23 10:28:09,181 [EventQueue-CloseContainerForCloseContainerEventHandler] INFO  container.CloseContainerEventHandler (CloseContainerEventHandler.java:onMessage(89)) - Close container Event triggered for container : #1, current state: CLOSING
2023-05-23 10:28:09,182 [EventQueue-CloseContainerForCloseContainerEventHandler] INFO  container.CloseContainerEventHandler (CloseContainerEventHandler.java:onMessage(89)) - Close container Event triggered for container : #1, current state: CLOSING
2023-05-23 10:28:09,352 [ReplicationMonitor] INFO  replication.ReplicationManager (ReplicationManager.java:processAll(375)) - Replication Manager is not ready to run until 3000ms after safemode exit
2023-05-23 10:28:09,463 [3ac7e479-6b2c-4ad1-9d02-9355b26abab7@group-BAAEFD41DDFE-FollowerState] INFO  impl.FollowerState (FollowerState.java:run(143)) - 3ac7e479-6b2c-4ad1-9d02-9355b26abab7@group-BAAEFD41DDFE-FollowerState: change to CANDIDATE, lastRpcElapsedTime:5124892863ns, electionTimeout:5124ms
2023-05-23 10:28:09,463 [3ac7e479-6b2c-4ad1-9d02-9355b26abab7@group-BAAEFD41DDFE-FollowerState] INFO  impl.RoleInfo (RoleInfo.java:shutdownFollowerState(110)) - 3ac7e479-6b2c-4ad1-9d02-9355b26abab7: shutdown 3ac7e479-6b2c-4ad1-9d02-9355b26abab7@group-BAAEFD41DDFE-FollowerState
2023-05-23 10:28:09,463 [3ac7e479-6b2c-4ad1-9d02-9355b26abab7@group-BAAEFD41DDFE-FollowerState] INFO  server.RaftServer$Division (RaftServerImpl.java:setRole(329)) - 3ac7e479-6b2c-4ad1-9d02-9355b26abab7@group-BAAEFD41DDFE: changes role from  FOLLOWER to CANDIDATE at term 0 for changeToCandidate
2023-05-23 10:28:09,463 [3ac7e479-6b2c-4ad1-9d02-9355b26abab7@group-BAAEFD41DDFE-FollowerState] INFO  server.RaftServerConfigKeys (ConfUtils.java:logGet(46)) - raft.server.leaderelection.pre-vote = true (default)
2023-05-23 10:28:09,463 [3ac7e479-6b2c-4ad1-9d02-9355b26abab7@group-BAAEFD41DDFE-FollowerState] INFO  impl.RoleInfo (RoleInfo.java:updateAndGet(139)) - 3ac7e479-6b2c-4ad1-9d02-9355b26abab7: start 3ac7e479-6b2c-4ad1-9d02-9355b26abab7@group-BAAEFD41DDFE-LeaderElection59
2023-05-23 10:28:09,465 [3ac7e479-6b2c-4ad1-9d02-9355b26abab7@group-BAAEFD41DDFE-LeaderElection59] INFO  impl.LeaderElection (LeaderElection.java:askForVotes(321)) - 3ac7e479-6b2c-4ad1-9d02-9355b26abab7@group-BAAEFD41DDFE-LeaderElection59 PRE_VOTE round 0: submit vote requests at term 0 for -1: peers:[3ac7e479-6b2c-4ad1-9d02-9355b26abab7|rpc:10.1.0.38:15269|admin:10.1.0.38:15268|client:10.1.0.38:15267|dataStream:10.1.0.38:15270|priority:1|startupRole:FOLLOWER]|listeners:[], old=null
2023-05-23 10:28:09,465 [3ac7e479-6b2c-4ad1-9d02-9355b26abab7@group-BAAEFD41DDFE-LeaderElection59] INFO  impl.LeaderElection (LeaderElection.java:askForVotes(323)) - 3ac7e479-6b2c-4ad1-9d02-9355b26abab7@group-BAAEFD41DDFE-LeaderElection59 PRE_VOTE round 0: result PASSED (term=0)
2023-05-23 10:28:09,467 [3ac7e479-6b2c-4ad1-9d02-9355b26abab7@group-BAAEFD41DDFE-LeaderElection59] INFO  impl.LeaderElection (LeaderElection.java:askForVotes(321)) - 3ac7e479-6b2c-4ad1-9d02-9355b26abab7@group-BAAEFD41DDFE-LeaderElection59 ELECTION round 0: submit vote requests at term 1 for -1: peers:[3ac7e479-6b2c-4ad1-9d02-9355b26abab7|rpc:10.1.0.38:15269|admin:10.1.0.38:15268|client:10.1.0.38:15267|dataStream:10.1.0.38:15270|priority:1|startupRole:FOLLOWER]|listeners:[], old=null
2023-05-23 10:28:09,467 [3ac7e479-6b2c-4ad1-9d02-9355b26abab7@group-BAAEFD41DDFE-LeaderElection59] INFO  impl.LeaderElection (LeaderElection.java:askForVotes(323)) - 3ac7e479-6b2c-4ad1-9d02-9355b26abab7@group-BAAEFD41DDFE-LeaderElection59 ELECTION round 0: result PASSED (term=1)
2023-05-23 10:28:09,468 [3ac7e479-6b2c-4ad1-9d02-9355b26abab7@group-BAAEFD41DDFE-LeaderElection59] INFO  impl.RoleInfo (RoleInfo.java:shutdownLeaderElection(130)) - 3ac7e479-6b2c-4ad1-9d02-9355b26abab7: shutdown 3ac7e479-6b2c-4ad1-9d02-9355b26abab7@group-BAAEFD41DDFE-LeaderElection59
2023-05-23 10:28:09,468 [3ac7e479-6b2c-4ad1-9d02-9355b26abab7@group-BAAEFD41DDFE-LeaderElection59] INFO  server.RaftServer$Division (RaftServerImpl.java:setRole(329)) - 3ac7e479-6b2c-4ad1-9d02-9355b26abab7@group-BAAEFD41DDFE: changes role from CANDIDATE to LEADER at term 1 for changeToLeader
2023-05-23 10:28:09,468 [3ac7e479-6b2c-4ad1-9d02-9355b26abab7@group-BAAEFD41DDFE-LeaderElection59] INFO  ratis.XceiverServerRatis (XceiverServerRatis.java:handleLeaderChangedNotification(904)) - Leader change notification received for group: group-BAAEFD41DDFE with new leaderId: 3ac7e479-6b2c-4ad1-9d02-9355b26abab7
2023-05-23 10:28:09,468 [3ac7e479-6b2c-4ad1-9d02-9355b26abab7@group-BAAEFD41DDFE-LeaderElection59] INFO  server.RaftServer$Division (ServerState.java:setLeader(317)) - 3ac7e479-6b2c-4ad1-9d02-9355b26abab7@group-BAAEFD41DDFE: change Leader from null to 3ac7e479-6b2c-4ad1-9d02-9355b26abab7 at term 1 for becomeLeader, leader elected after 5145ms
2023-05-23 10:28:09,468 [3ac7e479-6b2c-4ad1-9d02-9355b26abab7@group-BAAEFD41DDFE-LeaderElection59] INFO  server.RaftServerConfigKeys (ConfUtils.java:logGet(46)) - raft.server.staging.catchup.gap = 1000 (default)
2023-05-23 10:28:09,468 [3ac7e479-6b2c-4ad1-9d02-9355b26abab7@group-BAAEFD41DDFE-LeaderElection59] INFO  server.RaftServerConfigKeys (ConfUtils.java:logGet(46)) - raft.server.write.element-limit = 1024 (custom)
2023-05-23 10:28:09,468 [3ac7e479-6b2c-4ad1-9d02-9355b26abab7@group-BAAEFD41DDFE-LeaderElection59] INFO  server.RaftServerConfigKeys (ConfUtils.java:logGet(46)) - raft.server.write.byte-limit = 1024 M (=1073741824) (custom)
2023-05-23 10:28:09,468 [3ac7e479-6b2c-4ad1-9d02-9355b26abab7@group-BAAEFD41DDFE-LeaderElection59] INFO  server.RaftServerConfigKeys (ConfUtils.java:logGet(46)) - raft.server.watch.timeout = 180s (custom)
2023-05-23 10:28:09,468 [3ac7e479-6b2c-4ad1-9d02-9355b26abab7@group-BAAEFD41DDFE-LeaderElection59] INFO  server.RaftServerConfigKeys (ConfUtils.java:logGet(46)) - raft.server.watch.timeout.denomination = 1s (default)
2023-05-23 10:28:09,468 [3ac7e479-6b2c-4ad1-9d02-9355b26abab7@group-BAAEFD41DDFE-LeaderElection59] INFO  server.RaftServerConfigKeys (ConfUtils.java:logGet(46)) - raft.server.watch.element-limit = 65536 (default)
2023-05-23 10:28:09,469 [3ac7e479-6b2c-4ad1-9d02-9355b26abab7@group-BAAEFD41DDFE-LeaderElection59] INFO  server.RaftServerConfigKeys (ConfUtils.java:logGet(46)) - raft.server.write.element-limit = 1024 (custom)
2023-05-23 10:28:09,469 [3ac7e479-6b2c-4ad1-9d02-9355b26abab7@group-BAAEFD41DDFE-LeaderElection59] INFO  server.RaftServerConfigKeys (ConfUtils.java:logGet(46)) - raft.server.write.follower.gap.ratio.max = -1.0 (default)
2023-05-23 10:28:09,469 [3ac7e479-6b2c-4ad1-9d02-9355b26abab7@group-BAAEFD41DDFE-LeaderElection59] INFO  impl.RoleInfo (RoleInfo.java:updateAndGet(139)) - 3ac7e479-6b2c-4ad1-9d02-9355b26abab7: start 3ac7e479-6b2c-4ad1-9d02-9355b26abab7@group-BAAEFD41DDFE-LeaderStateImpl
2023-05-23 10:28:09,470 [3ac7e479-6b2c-4ad1-9d02-9355b26abab7@group-BAAEFD41DDFE-LeaderElection59] INFO  segmented.SegmentedRaftLogWorker (SegmentedRaftLogWorker.java:startLogSegment(447)) - 3ac7e479-6b2c-4ad1-9d02-9355b26abab7@group-BAAEFD41DDFE-SegmentedRaftLogWorker: Starting segment from index:0
2023-05-23 10:28:09,470 [3ac7e479-6b2c-4ad1-9d02-9355b26abab7@group-BAAEFD41DDFE-LeaderElection59] INFO  server.RaftServer$Division (ServerState.java:setRaftConf(434)) - 3ac7e479-6b2c-4ad1-9d02-9355b26abab7@group-BAAEFD41DDFE: set configuration 0: peers:[3ac7e479-6b2c-4ad1-9d02-9355b26abab7|rpc:10.1.0.38:15269|admin:10.1.0.38:15268|client:10.1.0.38:15267|dataStream:10.1.0.38:15270|priority:1|startupRole:FOLLOWER]|listeners:[], old=null
2023-05-23 10:28:09,471 [3ac7e479-6b2c-4ad1-9d02-9355b26abab7@group-BAAEFD41DDFE-SegmentedRaftLogWorker] INFO  segmented.SegmentedRaftLogWorker (SegmentedRaftLogWorker.java:execute(651)) - 3ac7e479-6b2c-4ad1-9d02-9355b26abab7@group-BAAEFD41DDFE-SegmentedRaftLogWorker: created new log segment /home/runner/work/ozone/ozone/hadoop-ozone/integration-test/target/test-dir/MiniOzoneClusterImpl-61d3b935-36cd-4496-a441-eee01f8c564c/datanode-2/data/ratis/0d3d0269-def1-4ac0-9aa8-baaefd41ddfe/current/log_inprogress_0
2023-05-23 10:28:09,808 [d6ba1385-1418-4053-92a8-092c511516c2@group-679B9295CD81-FollowerState] INFO  impl.FollowerState (FollowerState.java:run(143)) - d6ba1385-1418-4053-92a8-092c511516c2@group-679B9295CD81-FollowerState: change to CANDIDATE, lastRpcElapsedTime:5140625255ns, electionTimeout:5140ms
2023-05-23 10:28:09,808 [d6ba1385-1418-4053-92a8-092c511516c2@group-679B9295CD81-FollowerState] INFO  impl.RoleInfo (RoleInfo.java:shutdownFollowerState(110)) - d6ba1385-1418-4053-92a8-092c511516c2: shutdown d6ba1385-1418-4053-92a8-092c511516c2@group-679B9295CD81-FollowerState
2023-05-23 10:28:09,808 [d6ba1385-1418-4053-92a8-092c511516c2@group-679B9295CD81-FollowerState] INFO  server.RaftServer$Division (RaftServerImpl.java:setRole(329)) - d6ba1385-1418-4053-92a8-092c511516c2@group-679B9295CD81: changes role from  FOLLOWER to CANDIDATE at term 0 for changeToCandidate
2023-05-23 10:28:09,808 [d6ba1385-1418-4053-92a8-092c511516c2@group-679B9295CD81-FollowerState] INFO  server.RaftServerConfigKeys (ConfUtils.java:logGet(46)) - raft.server.leaderelection.pre-vote = true (default)
2023-05-23 10:28:09,808 [d6ba1385-1418-4053-92a8-092c511516c2@group-679B9295CD81-FollowerState] INFO  impl.RoleInfo (RoleInfo.java:updateAndGet(139)) - d6ba1385-1418-4053-92a8-092c511516c2: start d6ba1385-1418-4053-92a8-092c511516c2@group-679B9295CD81-LeaderElection60
2023-05-23 10:28:09,810 [d6ba1385-1418-4053-92a8-092c511516c2@group-679B9295CD81-LeaderElection60] INFO  impl.LeaderElection (LeaderElection.java:askForVotes(321)) - d6ba1385-1418-4053-92a8-092c511516c2@group-679B9295CD81-LeaderElection60 PRE_VOTE round 0: submit vote requests at term 0 for -1: peers:[d6ba1385-1418-4053-92a8-092c511516c2|rpc:10.1.0.38:15277|admin:10.1.0.38:15276|client:10.1.0.38:15275|dataStream:10.1.0.38:15278|priority:1|startupRole:FOLLOWER]|listeners:[], old=null
2023-05-23 10:28:09,810 [d6ba1385-1418-4053-92a8-092c511516c2@group-679B9295CD81-LeaderElection60] INFO  impl.LeaderElection (LeaderElection.java:askForVotes(323)) - d6ba1385-1418-4053-92a8-092c511516c2@group-679B9295CD81-LeaderElection60 PRE_VOTE round 0: result PASSED (term=0)
2023-05-23 10:28:09,812 [d6ba1385-1418-4053-92a8-092c511516c2@group-679B9295CD81-LeaderElection60] INFO  impl.LeaderElection (LeaderElection.java:askForVotes(321)) - d6ba1385-1418-4053-92a8-092c511516c2@group-679B9295CD81-LeaderElection60 ELECTION round 0: submit vote requests at term 1 for -1: peers:[d6ba1385-1418-4053-92a8-092c511516c2|rpc:10.1.0.38:15277|admin:10.1.0.38:15276|client:10.1.0.38:15275|dataStream:10.1.0.38:15278|priority:1|startupRole:FOLLOWER]|listeners:[], old=null
2023-05-23 10:28:09,812 [d6ba1385-1418-4053-92a8-092c511516c2@group-679B9295CD81-LeaderElection60] INFO  impl.LeaderElection (LeaderElection.java:askForVotes(323)) - d6ba1385-1418-4053-92a8-092c511516c2@group-679B9295CD81-LeaderElection60 ELECTION round 0: result PASSED (term=1)
2023-05-23 10:28:09,812 [d6ba1385-1418-4053-92a8-092c511516c2@group-679B9295CD81-LeaderElection60] INFO  impl.RoleInfo (RoleInfo.java:shutdownLeaderElection(130)) - d6ba1385-1418-4053-92a8-092c511516c2: shutdown d6ba1385-1418-4053-92a8-092c511516c2@group-679B9295CD81-LeaderElection60
2023-05-23 10:28:09,812 [d6ba1385-1418-4053-92a8-092c511516c2@group-679B9295CD81-LeaderElection60] INFO  server.RaftServer$Division (RaftServerImpl.java:setRole(329)) - d6ba1385-1418-4053-92a8-092c511516c2@group-679B9295CD81: changes role from CANDIDATE to LEADER at term 1 for changeToLeader
2023-05-23 10:28:09,812 [d6ba1385-1418-4053-92a8-092c511516c2@group-679B9295CD81-LeaderElection60] INFO  ratis.XceiverServerRatis (XceiverServerRatis.java:handleLeaderChangedNotification(904)) - Leader change notification received for group: group-679B9295CD81 with new leaderId: d6ba1385-1418-4053-92a8-092c511516c2
2023-05-23 10:28:09,812 [d6ba1385-1418-4053-92a8-092c511516c2@group-679B9295CD81-LeaderElection60] INFO  server.RaftServer$Division (ServerState.java:setLeader(317)) - d6ba1385-1418-4053-92a8-092c511516c2@group-679B9295CD81: change Leader from null to d6ba1385-1418-4053-92a8-092c511516c2 at term 1 for becomeLeader, leader elected after 5160ms
2023-05-23 10:28:09,812 [d6ba1385-1418-4053-92a8-092c511516c2@group-679B9295CD81-LeaderElection60] INFO  server.RaftServerConfigKeys (ConfUtils.java:logGet(46)) - raft.server.staging.catchup.gap = 1000 (default)
2023-05-23 10:28:09,812 [d6ba1385-1418-4053-92a8-092c511516c2@group-679B9295CD81-LeaderElection60] INFO  server.RaftServerConfigKeys (ConfUtils.java:logGet(46)) - raft.server.write.element-limit = 1024 (custom)
2023-05-23 10:28:09,812 [d6ba1385-1418-4053-92a8-092c511516c2@group-679B9295CD81-LeaderElection60] INFO  server.RaftServerConfigKeys (ConfUtils.java:logGet(46)) - raft.server.write.byte-limit = 1024 M (=1073741824) (custom)
2023-05-23 10:28:09,813 [d6ba1385-1418-4053-92a8-092c511516c2@group-679B9295CD81-LeaderElection60] INFO  server.RaftServerConfigKeys (ConfUtils.java:logGet(46)) - raft.server.watch.timeout = 180s (custom)
2023-05-23 10:28:09,813 [d6ba1385-1418-4053-92a8-092c511516c2@group-679B9295CD81-LeaderElection60] INFO  server.RaftServerConfigKeys (ConfUtils.java:logGet(46)) - raft.server.watch.timeout.denomination = 1s (default)
2023-05-23 10:28:09,815 [d6ba1385-1418-4053-92a8-092c511516c2@group-679B9295CD81-LeaderElection60] INFO  server.RaftServerConfigKeys (ConfUtils.java:logGet(46)) - raft.server.watch.element-limit = 65536 (default)
2023-05-23 10:28:09,815 [d6ba1385-1418-4053-92a8-092c511516c2@group-679B9295CD81-LeaderElection60] INFO  server.RaftServerConfigKeys (ConfUtils.java:logGet(46)) - raft.server.write.element-limit = 1024 (custom)
2023-05-23 10:28:09,815 [d6ba1385-1418-4053-92a8-092c511516c2@group-679B9295CD81-LeaderElection60] INFO  server.RaftServerConfigKeys (ConfUtils.java:logGet(46)) - raft.server.write.follower.gap.ratio.max = -1.0 (default)
2023-05-23 10:28:09,815 [d6ba1385-1418-4053-92a8-092c511516c2@group-679B9295CD81-LeaderElection60] INFO  impl.RoleInfo (RoleInfo.java:updateAndGet(139)) - d6ba1385-1418-4053-92a8-092c511516c2: start d6ba1385-1418-4053-92a8-092c511516c2@group-679B9295CD81-LeaderStateImpl
2023-05-23 10:28:09,816 [d6ba1385-1418-4053-92a8-092c511516c2@group-679B9295CD81-LeaderElection60] INFO  segmented.SegmentedRaftLogWorker (SegmentedRaftLogWorker.java:startLogSegment(447)) - d6ba1385-1418-4053-92a8-092c511516c2@group-679B9295CD81-SegmentedRaftLogWorker: Starting segment from index:0
2023-05-23 10:28:09,816 [d6ba1385-1418-4053-92a8-092c511516c2@group-679B9295CD81-LeaderElection60] INFO  server.RaftServer$Division (ServerState.java:setRaftConf(434)) - d6ba1385-1418-4053-92a8-092c511516c2@group-679B9295CD81: set configuration 0: peers:[d6ba1385-1418-4053-92a8-092c511516c2|rpc:10.1.0.38:15277|admin:10.1.0.38:15276|client:10.1.0.38:15275|dataStream:10.1.0.38:15278|priority:1|startupRole:FOLLOWER]|listeners:[], old=null
2023-05-23 10:28:09,817 [d6ba1385-1418-4053-92a8-092c511516c2@group-679B9295CD81-SegmentedRaftLogWorker] INFO  segmented.SegmentedRaftLogWorker (SegmentedRaftLogWorker.java:execute(651)) - d6ba1385-1418-4053-92a8-092c511516c2@group-679B9295CD81-SegmentedRaftLogWorker: created new log segment /home/runner/work/ozone/ozone/hadoop-ozone/integration-test/target/test-dir/MiniOzoneClusterImpl-61d3b935-36cd-4496-a441-eee01f8c564c/datanode-3/data/ratis/b09cf719-1a5c-40b9-8896-679b9295cd81/current/log_inprogress_0
2023-05-23 10:28:09,986 [bcab7f0f-7790-4a04-bb65-53c00937b84b@group-1F5D34F6C287-FollowerState] INFO  impl.FollowerState (FollowerState.java:run(143)) - bcab7f0f-7790-4a04-bb65-53c00937b84b@group-1F5D34F6C287-FollowerState: change to CANDIDATE, lastRpcElapsedTime:5003623481ns, electionTimeout:5003ms
2023-05-23 10:28:09,986 [bcab7f0f-7790-4a04-bb65-53c00937b84b@group-1F5D34F6C287-FollowerState] INFO  impl.RoleInfo (RoleInfo.java:shutdownFollowerState(110)) - bcab7f0f-7790-4a04-bb65-53c00937b84b: shutdown bcab7f0f-7790-4a04-bb65-53c00937b84b@group-1F5D34F6C287-FollowerState
2023-05-23 10:28:09,986 [bcab7f0f-7790-4a04-bb65-53c00937b84b@group-1F5D34F6C287-FollowerState] INFO  server.RaftServer$Division (RaftServerImpl.java:setRole(329)) - bcab7f0f-7790-4a04-bb65-53c00937b84b@group-1F5D34F6C287: changes role from  FOLLOWER to CANDIDATE at term 0 for changeToCandidate
2023-05-23 10:28:09,987 [bcab7f0f-7790-4a04-bb65-53c00937b84b@group-1F5D34F6C287-FollowerState] INFO  server.RaftServerConfigKeys (ConfUtils.java:logGet(46)) - raft.server.leaderelection.pre-vote = true (default)
2023-05-23 10:28:09,987 [bcab7f0f-7790-4a04-bb65-53c00937b84b@group-1F5D34F6C287-FollowerState] INFO  impl.RoleInfo (RoleInfo.java:updateAndGet(139)) - bcab7f0f-7790-4a04-bb65-53c00937b84b: start bcab7f0f-7790-4a04-bb65-53c00937b84b@group-1F5D34F6C287-LeaderElection61
2023-05-23 10:28:09,988 [bcab7f0f-7790-4a04-bb65-53c00937b84b@group-1F5D34F6C287-LeaderElection61] INFO  impl.LeaderElection (LeaderElection.java:askForVotes(321)) - bcab7f0f-7790-4a04-bb65-53c00937b84b@group-1F5D34F6C287-LeaderElection61 PRE_VOTE round 0: submit vote requests at term 0 for -1: peers:[bcab7f0f-7790-4a04-bb65-53c00937b84b|rpc:10.1.0.38:15285|admin:10.1.0.38:15284|client:10.1.0.38:15283|dataStream:10.1.0.38:15286|priority:1|startupRole:FOLLOWER]|listeners:[], old=null
2023-05-23 10:28:09,989 [bcab7f0f-7790-4a04-bb65-53c00937b84b@group-1F5D34F6C287-LeaderElection61] INFO  impl.LeaderElection (LeaderElection.java:askForVotes(323)) - bcab7f0f-7790-4a04-bb65-53c00937b84b@group-1F5D34F6C287-LeaderElection61 PRE_VOTE round 0: result PASSED (term=0)
2023-05-23 10:28:09,990 [bcab7f0f-7790-4a04-bb65-53c00937b84b@group-1F5D34F6C287-LeaderElection61] INFO  impl.LeaderElection (LeaderElection.java:askForVotes(321)) - bcab7f0f-7790-4a04-bb65-53c00937b84b@group-1F5D34F6C287-LeaderElection61 ELECTION round 0: submit vote requests at term 1 for -1: peers:[bcab7f0f-7790-4a04-bb65-53c00937b84b|rpc:10.1.0.38:15285|admin:10.1.0.38:15284|client:10.1.0.38:15283|dataStream:10.1.0.38:15286|priority:1|startupRole:FOLLOWER]|listeners:[], old=null
2023-05-23 10:28:09,990 [bcab7f0f-7790-4a04-bb65-53c00937b84b@group-1F5D34F6C287-LeaderElection61] INFO  impl.LeaderElection (LeaderElection.java:askForVotes(323)) - bcab7f0f-7790-4a04-bb65-53c00937b84b@group-1F5D34F6C287-LeaderElection61 ELECTION round 0: result PASSED (term=1)
2023-05-23 10:28:09,990 [bcab7f0f-7790-4a04-bb65-53c00937b84b@group-1F5D34F6C287-LeaderElection61] INFO  impl.RoleInfo (RoleInfo.java:shutdownLeaderElection(130)) - bcab7f0f-7790-4a04-bb65-53c00937b84b: shutdown bcab7f0f-7790-4a04-bb65-53c00937b84b@group-1F5D34F6C287-LeaderElection61
2023-05-23 10:28:09,990 [bcab7f0f-7790-4a04-bb65-53c00937b84b@group-1F5D34F6C287-LeaderElection61] INFO  server.RaftServer$Division (RaftServerImpl.java:setRole(329)) - bcab7f0f-7790-4a04-bb65-53c00937b84b@group-1F5D34F6C287: changes role from CANDIDATE to LEADER at term 1 for changeToLeader
2023-05-23 10:28:09,990 [bcab7f0f-7790-4a04-bb65-53c00937b84b@group-1F5D34F6C287-LeaderElection61] INFO  ratis.XceiverServerRatis (XceiverServerRatis.java:handleLeaderChangedNotification(904)) - Leader change notification received for group: group-1F5D34F6C287 with new leaderId: bcab7f0f-7790-4a04-bb65-53c00937b84b
2023-05-23 10:28:09,990 [bcab7f0f-7790-4a04-bb65-53c00937b84b@group-1F5D34F6C287-LeaderElection61] INFO  server.RaftServer$Division (ServerState.java:setLeader(317)) - bcab7f0f-7790-4a04-bb65-53c00937b84b@group-1F5D34F6C287: change Leader from null to bcab7f0f-7790-4a04-bb65-53c00937b84b at term 1 for becomeLeader, leader elected after 5022ms
2023-05-23 10:28:09,991 [bcab7f0f-7790-4a04-bb65-53c00937b84b@group-1F5D34F6C287-LeaderElection61] INFO  server.RaftServerConfigKeys (ConfUtils.java:logGet(46)) - raft.server.staging.catchup.gap = 1000 (default)
2023-05-23 10:28:09,991 [bcab7f0f-7790-4a04-bb65-53c00937b84b@group-1F5D34F6C287-LeaderElection61] INFO  server.RaftServerConfigKeys (ConfUtils.java:logGet(46)) - raft.server.write.element-limit = 1024 (custom)
2023-05-23 10:28:09,991 [bcab7f0f-7790-4a04-bb65-53c00937b84b@group-1F5D34F6C287-LeaderElection61] INFO  server.RaftServerConfigKeys (ConfUtils.java:logGet(46)) - raft.server.write.byte-limit = 1024 M (=1073741824) (custom)
2023-05-23 10:28:09,991 [bcab7f0f-7790-4a04-bb65-53c00937b84b@group-1F5D34F6C287-LeaderElection61] INFO  server.RaftServerConfigKeys (ConfUtils.java:logGet(46)) - raft.server.watch.timeout = 180s (custom)
2023-05-23 10:28:09,991 [bcab7f0f-7790-4a04-bb65-53c00937b84b@group-1F5D34F6C287-LeaderElection61] INFO  server.RaftServerConfigKeys (ConfUtils.java:logGet(46)) - raft.server.watch.timeout.denomination = 1s (default)
2023-05-23 10:28:09,991 [bcab7f0f-7790-4a04-bb65-53c00937b84b@group-1F5D34F6C287-LeaderElection61] INFO  server.RaftServerConfigKeys (ConfUtils.java:logGet(46)) - raft.server.watch.element-limit = 65536 (default)
2023-05-23 10:28:09,991 [bcab7f0f-7790-4a04-bb65-53c00937b84b@group-1F5D34F6C287-LeaderElection61] INFO  server.RaftServerConfigKeys (ConfUtils.java:logGet(46)) - raft.server.write.element-limit = 1024 (custom)
2023-05-23 10:28:09,991 [bcab7f0f-7790-4a04-bb65-53c00937b84b@group-1F5D34F6C287-LeaderElection61] INFO  server.RaftServerConfigKeys (ConfUtils.java:logGet(46)) - raft.server.write.follower.gap.ratio.max = -1.0 (default)
2023-05-23 10:28:09,991 [bcab7f0f-7790-4a04-bb65-53c00937b84b@group-1F5D34F6C287-LeaderElection61] INFO  impl.RoleInfo (RoleInfo.java:updateAndGet(139)) - bcab7f0f-7790-4a04-bb65-53c00937b84b: start bcab7f0f-7790-4a04-bb65-53c00937b84b@group-1F5D34F6C287-LeaderStateImpl
2023-05-23 10:28:09,991 [bcab7f0f-7790-4a04-bb65-53c00937b84b@group-1F5D34F6C287-LeaderElection61] INFO  segmented.SegmentedRaftLogWorker (SegmentedRaftLogWorker.java:startLogSegment(447)) - bcab7f0f-7790-4a04-bb65-53c00937b84b@group-1F5D34F6C287-SegmentedRaftLogWorker: Starting segment from index:0
2023-05-23 10:28:09,992 [bcab7f0f-7790-4a04-bb65-53c00937b84b@group-1F5D34F6C287-LeaderElection61] INFO  server.RaftServer$Division (ServerState.java:setRaftConf(434)) - bcab7f0f-7790-4a04-bb65-53c00937b84b@group-1F5D34F6C287: set configuration 0: peers:[bcab7f0f-7790-4a04-bb65-53c00937b84b|rpc:10.1.0.38:15285|admin:10.1.0.38:15284|client:10.1.0.38:15283|dataStream:10.1.0.38:15286|priority:1|startupRole:FOLLOWER]|listeners:[], old=null
2023-05-23 10:28:09,993 [bcab7f0f-7790-4a04-bb65-53c00937b84b@group-1F5D34F6C287-SegmentedRaftLogWorker] INFO  segmented.SegmentedRaftLogWorker (SegmentedRaftLogWorker.java:execute(651)) - bcab7f0f-7790-4a04-bb65-53c00937b84b@group-1F5D34F6C287-SegmentedRaftLogWorker: created new log segment /home/runner/work/ozone/ozone/hadoop-ozone/integration-test/target/test-dir/MiniOzoneClusterImpl-61d3b935-36cd-4496-a441-eee01f8c564c/datanode-4/data/ratis/84742cf6-54fc-4286-943e-1f5d34f6c287/current/log_inprogress_0
2023-05-23 10:28:10,352 [ReplicationMonitor] INFO  replication.ReplicationManager (ReplicationManager.java:processAll(375)) - Replication Manager is not ready to run until 3000ms after safemode exit
2023-05-23 10:28:11,352 [ReplicationMonitor] INFO  replication.ReplicationManager (ReplicationManager.java:processAll(375)) - Replication Manager is not ready to run until 3000ms after safemode exit
2023-05-23 10:28:12,353 [ReplicationMonitor] INFO  replication.ReplicationManager (ReplicationManager.java:sendDatanodeCommand(684)) - Sending command [closeContainerCommand: containerID: 1, pipelineID: PipelineID=221d147b-12b5-45ed-b68f-4de6e43f8739, force: false] for container ContainerInfo{id=#1, state=CLOSING, pipelineID=PipelineID=221d147b-12b5-45ed-b68f-4de6e43f8739, stateEnterTime=2023-05-23T10:28:09.069Z, owner=om1} to 3ac7e479-6b2c-4ad1-9d02-9355b26abab7(fv-az1249-304/10.1.0.38) with datanode deadline 1684838262353 and scm deadline 1684838292353
2023-05-23 10:28:12,353 [ReplicationMonitor] INFO  replication.ReplicationManager (ReplicationManager.java:sendDatanodeCommand(684)) - Sending command [closeContainerCommand: containerID: 1, pipelineID: PipelineID=221d147b-12b5-45ed-b68f-4de6e43f8739, force: false] for container ContainerInfo{id=#1, state=CLOSING, pipelineID=PipelineID=221d147b-12b5-45ed-b68f-4de6e43f8739, stateEnterTime=2023-05-23T10:28:09.069Z, owner=om1} to 2f994218-547f-400b-b588-7f48010df848(fv-az1249-304/10.1.0.38) with datanode deadline 1684838262353 and scm deadline 1684838292353
2023-05-23 10:28:12,353 [ReplicationMonitor] INFO  replication.ReplicationManager (ReplicationManager.java:sendDatanodeCommand(684)) - Sending command [closeContainerCommand: containerID: 1, pipelineID: PipelineID=221d147b-12b5-45ed-b68f-4de6e43f8739, force: false] for container ContainerInfo{id=#1, state=CLOSING, pipelineID=PipelineID=221d147b-12b5-45ed-b68f-4de6e43f8739, stateEnterTime=2023-05-23T10:28:09.069Z, owner=om1} to a469ef55-9a66-4c89-903c-187a01270f46(fv-az1249-304/10.1.0.38) with datanode deadline 1684838262353 and scm deadline 1684838292353
2023-05-23 10:28:12,353 [ReplicationMonitor] INFO  replication.ReplicationManager (ReplicationManager.java:processAll(403)) - Replication Monitor Thread took 1 milliseconds for processing 1 containers.
2023-05-23 10:28:13,147 [ContainerOp-221d147b-12b5-45ed-b68f-4de6e43f8739-2] INFO  keyvalue.KeyValueContainer (KeyValueContainer.java:flushAndSyncDB(446)) - Container 1 is synced with bcsId 2.
2023-05-23 10:28:13,147 [ContainerOp-221d147b-12b5-45ed-b68f-4de6e43f8739-2] INFO  keyvalue.KeyValueContainer (KeyValueContainer.java:flushAndSyncDB(446)) - Container 1 is synced with bcsId 2.
2023-05-23 10:28:13,149 [ContainerOp-221d147b-12b5-45ed-b68f-4de6e43f8739-2] INFO  keyvalue.KeyValueContainer (KeyValueContainer.java:flushAndSyncDB(446)) - Container 1 is synced with bcsId 2.
2023-05-23 10:28:13,149 [ContainerOp-221d147b-12b5-45ed-b68f-4de6e43f8739-2] INFO  keyvalue.KeyValueContainer (KeyValueContainer.java:flushAndSyncDB(446)) - Container 1 is synced with bcsId 2.
2023-05-23 10:28:13,150 [ContainerOp-221d147b-12b5-45ed-b68f-4de6e43f8739-2] INFO  keyvalue.KeyValueContainer (KeyValueContainer.java:flushAndSyncDB(446)) - Container 1 is synced with bcsId 2.
2023-05-23 10:28:13,150 [ContainerOp-221d147b-12b5-45ed-b68f-4de6e43f8739-2] INFO  keyvalue.KeyValueContainer (KeyValueContainer.java:flushAndSyncDB(446)) - Container 1 is synced with bcsId 2.
2023-05-23 10:28:13,151 [ContainerOp-221d147b-12b5-45ed-b68f-4de6e43f8739-2] INFO  keyvalue.KeyValueContainer (KeyValueContainer.java:close(361)) - Container 1 is closed with bcsId 2.
2023-05-23 10:28:13,153 [ContainerOp-221d147b-12b5-45ed-b68f-4de6e43f8739-2] INFO  keyvalue.KeyValueContainer (KeyValueContainer.java:close(361)) - Container 1 is closed with bcsId 2.
2023-05-23 10:28:13,155 [ContainerOp-221d147b-12b5-45ed-b68f-4de6e43f8739-2] INFO  keyvalue.KeyValueContainer (KeyValueContainer.java:close(361)) - Container 1 is closed with bcsId 2.
2023-05-23 10:28:13,156 [FixedThreadPoolWithAffinityExecutor-0-0] INFO  container.IncrementalContainerReportHandler (AbstractContainerReportHandler.java:updateContainerState(310)) - Moving container #1 to CLOSED state, datanode a469ef55-9a66-4c89-903c-187a01270f46(fv-az1249-304/10.1.0.38) reported CLOSED replica with index 0.
2023-05-23 10:28:13,183 [Listener at 127.0.0.1/15244] INFO  ozoneimpl.OzoneContainer (OzoneContainer.java:stop(419)) - Attempting to stop container services.
2023-05-23 10:28:13,184 [Listener at 127.0.0.1/15244] INFO  server.RaftServer (RaftServerProxy.java:lambda$close$6(416)) - 2f994218-547f-400b-b588-7f48010df848: close
2023-05-23 10:28:13,184 [2f994218-547f-400b-b588-7f48010df848-impl-thread1] INFO  server.RaftServer$Division (RaftServerImpl.java:lambda$close$4(466)) - 2f994218-547f-400b-b588-7f48010df848@group-4DE6E43F8739: shutdown
2023-05-23 10:28:13,184 [2f994218-547f-400b-b588-7f48010df848-impl-thread1] INFO  util.JmxRegister (JmxRegister.java:unregister(73)) - Successfully un-registered JMX Bean with object name Ratis:service=RaftServer,group=group-4DE6E43F8739,id=2f994218-547f-400b-b588-7f48010df848
2023-05-23 10:28:13,184 [2f994218-547f-400b-b588-7f48010df848-impl-thread1] INFO  impl.RoleInfo (RoleInfo.java:shutdownLeaderState(93)) - 2f994218-547f-400b-b588-7f48010df848: shutdown 2f994218-547f-400b-b588-7f48010df848@group-4DE6E43F8739-LeaderStateImpl
2023-05-23 10:28:13,185 [2f994218-547f-400b-b588-7f48010df848-impl-thread2] INFO  server.RaftServer$Division (RaftServerImpl.java:lambda$close$4(466)) - 2f994218-547f-400b-b588-7f48010df848@group-37B4E9CD4966: shutdown
2023-05-23 10:28:13,187 [2f994218-547f-400b-b588-7f48010df848-impl-thread2] INFO  util.JmxRegister (JmxRegister.java:unregister(73)) - Successfully un-registered JMX Bean with object name Ratis:service=RaftServer,group=group-37B4E9CD4966,id=2f994218-547f-400b-b588-7f48010df848
2023-05-23 10:28:13,187 [2f994218-547f-400b-b588-7f48010df848-impl-thread2] INFO  impl.RoleInfo (RoleInfo.java:shutdownLeaderState(93)) - 2f994218-547f-400b-b588-7f48010df848: shutdown 2f994218-547f-400b-b588-7f48010df848@group-37B4E9CD4966-LeaderStateImpl
2023-05-23 10:28:13,187 [2f994218-547f-400b-b588-7f48010df848-impl-thread2] INFO  impl.PendingRequests (PendingRequests.java:sendNotLeaderResponses(289)) - 2f994218-547f-400b-b588-7f48010df848@group-37B4E9CD4966-PendingRequests: sendNotLeaderResponses
2023-05-23 10:28:13,188 [2f994218-547f-400b-b588-7f48010df848@group-37B4E9CD4966-StateMachineUpdater] INFO  ratis.ContainerStateMachine (ContainerStateMachine.java:takeSnapshot(330)) - group-37B4E9CD4966: Taking a snapshot at:(t:1, i:0) file /home/runner/work/ozone/ozone/hadoop-ozone/integration-test/target/test-dir/MiniOzoneClusterImpl-61d3b935-36cd-4496-a441-eee01f8c564c/datanode-1/data/ratis/3c6d9ab7-6cba-4c07-ae1b-37b4e9cd4966/sm/snapshot.1_0
2023-05-23 10:28:13,188 [2f994218-547f-400b-b588-7f48010df848-impl-thread2] INFO  impl.StateMachineUpdater (StateMachineUpdater.java:stopAndJoin(155)) - 2f994218-547f-400b-b588-7f48010df848@group-37B4E9CD4966-StateMachineUpdater: set stopIndex = 0
2023-05-23 10:28:13,188 [Listener at 127.0.0.1/15244] INFO  server.GrpcService (GrpcService.java:closeImpl(311)) - 2f994218-547f-400b-b588-7f48010df848: shutdown server org.apache.ratis.grpc.server.GrpcClientProtocolService now
2023-05-23 10:28:13,188 [2f994218-547f-400b-b588-7f48010df848-impl-thread3] INFO  server.RaftServer$Division (RaftServerImpl.java:lambda$close$4(466)) - 2f994218-547f-400b-b588-7f48010df848@group-CC085891EDF4: shutdown
2023-05-23 10:28:13,189 [2f994218-547f-400b-b588-7f48010df848-impl-thread1] INFO  impl.PendingRequests (PendingRequests.java:sendNotLeaderResponses(289)) - 2f994218-547f-400b-b588-7f48010df848@group-4DE6E43F8739-PendingRequests: sendNotLeaderResponses
2023-05-23 10:28:13,198 [Thread-3215] INFO  server.GrpcServerProtocolClient (GrpcServerProtocolClient.java:close(103)) - 3ac7e479-6b2c-4ad1-9d02-9355b26abab7 Close channels
2023-05-23 10:28:13,191 [grpc-default-executor-0] WARN  server.GrpcClientProtocolService (LogUtils.java:warn(122)) - 0-OrderedRequestStreamObserver0: onError: org.apache.ratis.thirdparty.io.grpc.StatusRuntimeException: CANCELLED: client cancelled
2023-05-23 10:28:13,191 [2f994218-547f-400b-b588-7f48010df848@group-37B4E9CD4966-StateMachineUpdater] INFO  ratis.ContainerStateMachine (ContainerStateMachine.java:takeSnapshot(341)) - group-37B4E9CD4966: Finished taking a snapshot at:(t:1, i:0) file:/home/runner/work/ozone/ozone/hadoop-ozone/integration-test/target/test-dir/MiniOzoneClusterImpl-61d3b935-36cd-4496-a441-eee01f8c564c/datanode-1/data/ratis/3c6d9ab7-6cba-4c07-ae1b-37b4e9cd4966/sm/snapshot.1_0 took: 3 ms
2023-05-23 10:28:13,191 [2f994218-547f-400b-b588-7f48010df848-impl-thread3] INFO  util.JmxRegister (JmxRegister.java:unregister(73)) - Successfully un-registered JMX Bean with object name Ratis:service=RaftServer,group=group-CC085891EDF4,id=2f994218-547f-400b-b588-7f48010df848
2023-05-23 10:28:13,203 [2f994218-547f-400b-b588-7f48010df848-impl-thread3] INFO  impl.RoleInfo (RoleInfo.java:shutdownFollowerState(110)) - 2f994218-547f-400b-b588-7f48010df848: shutdown 2f994218-547f-400b-b588-7f48010df848@group-CC085891EDF4-FollowerState
2023-05-23 10:28:13,203 [2f994218-547f-400b-b588-7f48010df848-impl-thread3] INFO  impl.StateMachineUpdater (StateMachineUpdater.java:stopAndJoin(155)) - 2f994218-547f-400b-b588-7f48010df848@group-CC085891EDF4-StateMachineUpdater: set stopIndex = 0
2023-05-23 10:28:13,203 [2f994218-547f-400b-b588-7f48010df848@group-CC085891EDF4-StateMachineUpdater] INFO  ratis.ContainerStateMachine (ContainerStateMachine.java:takeSnapshot(330)) - group-CC085891EDF4: Taking a snapshot at:(t:1, i:0) file /home/runner/work/ozone/ozone/hadoop-ozone/integration-test/target/test-dir/MiniOzoneClusterImpl-61d3b935-36cd-4496-a441-eee01f8c564c/datanode-1/data/ratis/f62330b8-f372-49ef-96d7-cc085891edf4/sm/snapshot.1_0
2023-05-23 10:28:13,190 [2f994218-547f-400b-b588-7f48010df848@group-4DE6E43F8739->3ac7e479-6b2c-4ad1-9d02-9355b26abab7-GrpcLogAppender-LogAppenderDaemon] WARN  server.GrpcLogAppender (GrpcLogAppender.java:mayWait(199)) - 2f994218-547f-400b-b588-7f48010df848@group-4DE6E43F8739->3ac7e479-6b2c-4ad1-9d02-9355b26abab7-GrpcLogAppender: Wait interrupted by java.lang.InterruptedException
2023-05-23 10:28:13,189 [2f994218-547f-400b-b588-7f48010df848@group-4DE6E43F8739->a469ef55-9a66-4c89-903c-187a01270f46-GrpcLogAppender-LogAppenderDaemon] WARN  server.GrpcLogAppender (GrpcLogAppender.java:mayWait(199)) - 2f994218-547f-400b-b588-7f48010df848@group-4DE6E43F8739->a469ef55-9a66-4c89-903c-187a01270f46-GrpcLogAppender: Wait interrupted by java.lang.InterruptedException
2023-05-23 10:28:13,204 [2f994218-547f-400b-b588-7f48010df848-impl-thread1] INFO  impl.StateMachineUpdater (StateMachineUpdater.java:stopAndJoin(155)) - 2f994218-547f-400b-b588-7f48010df848@group-4DE6E43F8739-StateMachineUpdater: set stopIndex = 6
2023-05-23 10:28:13,204 [2f994218-547f-400b-b588-7f48010df848@group-4DE6E43F8739-StateMachineUpdater] INFO  ratis.ContainerStateMachine (ContainerStateMachine.java:takeSnapshot(330)) - group-4DE6E43F8739: Taking a snapshot at:(t:1, i:6) file /home/runner/work/ozone/ozone/hadoop-ozone/integration-test/target/test-dir/MiniOzoneClusterImpl-61d3b935-36cd-4496-a441-eee01f8c564c/datanode-1/data/ratis/221d147b-12b5-45ed-b68f-4de6e43f8739/sm/snapshot.1_6
2023-05-23 10:28:13,204 [2f994218-547f-400b-b588-7f48010df848@group-CC085891EDF4-StateMachineUpdater] INFO  ratis.ContainerStateMachine (ContainerStateMachine.java:takeSnapshot(341)) - group-CC085891EDF4: Finished taking a snapshot at:(t:1, i:0) file:/home/runner/work/ozone/ozone/hadoop-ozone/integration-test/target/test-dir/MiniOzoneClusterImpl-61d3b935-36cd-4496-a441-eee01f8c564c/datanode-1/data/ratis/f62330b8-f372-49ef-96d7-cc085891edf4/sm/snapshot.1_0 took: 1 ms
2023-05-23 10:28:13,204 [2f994218-547f-400b-b588-7f48010df848@group-CC085891EDF4-FollowerState] INFO  impl.FollowerState (FollowerState.java:run(152)) - 2f994218-547f-400b-b588-7f48010df848@group-CC085891EDF4-FollowerState was interrupted
2023-05-23 10:28:13,204 [2f994218-547f-400b-b588-7f48010df848@group-CC085891EDF4-StateMachineUpdater] INFO  impl.StateMachineUpdater (StateMachineUpdater.java:takeSnapshot(291)) - 2f994218-547f-400b-b588-7f48010df848@group-CC085891EDF4-StateMachineUpdater: Took a snapshot at index 0
2023-05-23 10:28:13,204 [2f994218-547f-400b-b588-7f48010df848@group-CC085891EDF4-StateMachineUpdater] INFO  impl.StateMachineUpdater (StateMachineUpdater.java:lambda$new$0(97)) - 2f994218-547f-400b-b588-7f48010df848@group-CC085891EDF4-StateMachineUpdater: snapshotIndex: updateIncreasingly -1 -> 0
2023-05-23 10:28:13,205 [grpc-default-executor-0] INFO  server.GrpcServerProtocolService (GrpcServerProtocolService.java:onCompleted(155)) - 3ac7e479-6b2c-4ad1-9d02-9355b26abab7: Completed APPEND_ENTRIES, lastRequest: 2f994218-547f-400b-b588-7f48010df848->3ac7e479-6b2c-4ad1-9d02-9355b26abab7#14-t1,previous=(t:1, i:5),leaderCommit=5,initializing? true,entries: size=1, first=(t:1, i:6), METADATAENTRY(c:5)
2023-05-23 10:28:13,205 [grpc-default-executor-0] INFO  server.GrpcServerProtocolService (GrpcServerProtocolService.java:lambda$onCompleted$5(157)) - 3ac7e479-6b2c-4ad1-9d02-9355b26abab7: Completed APPEND_ENTRIES, lastReply: null
2023-05-23 10:28:13,205 [grpc-default-executor-4] INFO  server.GrpcServerProtocolService (GrpcServerProtocolService.java:onCompleted(155)) - a469ef55-9a66-4c89-903c-187a01270f46: Completed APPEND_ENTRIES, lastRequest: 2f994218-547f-400b-b588-7f48010df848->a469ef55-9a66-4c89-903c-187a01270f46#15-t1,previous=(t:1, i:5),leaderCommit=5,initializing? true,entries: size=1, first=(t:1, i:6), METADATAENTRY(c:5)
2023-05-23 10:28:13,205 [grpc-default-executor-4] INFO  server.GrpcServerProtocolService (GrpcServerProtocolService.java:lambda$onCompleted$5(157)) - a469ef55-9a66-4c89-903c-187a01270f46: Completed APPEND_ENTRIES, lastReply: null
2023-05-23 10:28:13,206 [grpc-default-executor-1] INFO  server.GrpcServerProtocolService (GrpcServerProtocolService.java:onCompleted(155)) - a469ef55-9a66-4c89-903c-187a01270f46: Completed APPEND_ENTRIES, lastRequest: null
2023-05-23 10:28:13,206 [grpc-default-executor-5] INFO  server.GrpcLogAppender (GrpcLogAppender.java:onCompleted(428)) - 2f994218-547f-400b-b588-7f48010df848@group-4DE6E43F8739->3ac7e479-6b2c-4ad1-9d02-9355b26abab7-AppendLogResponseHandler: follower responses appendEntries COMPLETED
2023-05-23 10:28:13,206 [grpc-default-executor-5] WARN  server.GrpcLogAppender (GrpcLogAppender.java:resetClient(137)) - 2f994218-547f-400b-b588-7f48010df848@group-4DE6E43F8739->3ac7e479-6b2c-4ad1-9d02-9355b26abab7-GrpcLogAppender: Failed to getClient for 3ac7e479-6b2c-4ad1-9d02-9355b26abab7
org.apache.ratis.protocol.exceptions.AlreadyClosedException: 2f994218-547f-400b-b588-7f48010df848 is already CLOSED
	at org.apache.ratis.util.PeerProxyMap$PeerAndProxy.getProxy(PeerProxyMap.java:61)
	at org.apache.ratis.util.PeerProxyMap.getProxy(PeerProxyMap.java:115)
	at org.apache.ratis.grpc.server.GrpcLogAppender.getClient(GrpcLogAppender.java:112)
	at org.apache.ratis.grpc.server.GrpcLogAppender.resetClient(GrpcLogAppender.java:117)
	at org.apache.ratis.grpc.server.GrpcLogAppender.access$500(GrpcLogAppender.java:56)
	at org.apache.ratis.grpc.server.GrpcLogAppender$AppendLogResponseHandler.onCompleted(GrpcLogAppender.java:429)
	at org.apache.ratis.thirdparty.io.grpc.stub.ClientCalls$StreamObserverToCallListenerAdapter.onClose(ClientCalls.java:485)
	at org.apache.ratis.thirdparty.io.grpc.internal.ClientCallImpl.closeObserver(ClientCallImpl.java:563)
	at org.apache.ratis.thirdparty.io.grpc.internal.ClientCallImpl.access$300(ClientCallImpl.java:70)
	at org.apache.ratis.thirdparty.io.grpc.internal.ClientCallImpl$ClientStreamListenerImpl$1StreamClosed.runInternal(ClientCallImpl.java:744)
	at org.apache.ratis.thirdparty.io.grpc.internal.ClientCallImpl$ClientStreamListenerImpl$1StreamClosed.runInContext(ClientCallImpl.java:723)
	at org.apache.ratis.thirdparty.io.grpc.internal.ContextRunnable.run(ContextRunnable.java:37)
	at org.apache.ratis.thirdparty.io.grpc.internal.SerializingExecutor.run(SerializingExecutor.java:133)
	at java.util.concurrent.ThreadPoolExecutor.runWorker(ThreadPoolExecutor.java:1149)
	at java.util.concurrent.ThreadPoolExecutor$Worker.run(ThreadPoolExecutor.java:624)
	at java.lang.Thread.run(Thread.java:750)
2023-05-23 10:28:13,205 [2f994218-547f-400b-b588-7f48010df848@group-37B4E9CD4966-StateMachineUpdater] INFO  impl.StateMachineUpdater (StateMachineUpdater.java:takeSnapshot(291)) - 2f994218-547f-400b-b588-7f48010df848@group-37B4E9CD4966-StateMachineUpdater: Took a snapshot at index 0
2023-05-23 10:28:13,206 [2f994218-547f-400b-b588-7f48010df848@group-37B4E9CD4966-StateMachineUpdater] INFO  impl.StateMachineUpdater (StateMachineUpdater.java:lambda$new$0(97)) - 2f994218-547f-400b-b588-7f48010df848@group-37B4E9CD4966-StateMachineUpdater: snapshotIndex: updateIncreasingly -1 -> 0
2023-05-23 10:28:13,206 [grpc-default-executor-1] INFO  server.GrpcServerProtocolService (GrpcServerProtocolService.java:lambda$onCompleted$5(157)) - a469ef55-9a66-4c89-903c-187a01270f46: Completed APPEND_ENTRIES, lastReply: serverReply {
  requestorId: "2f994218-547f-400b-b588-7f48010df848"
  replyId: "a469ef55-9a66-4c89-903c-187a01270f46"
  raftGroupId {
    id: "\"\035\024{\022\265E\355\266\217M\346\344?\2079"
  }
  callId: 13
  success: true
}
term: 1
nextIndex: 5
followerCommit: 4
matchIndex: 18446744073709551615
isHearbeat: true

2023-05-23 10:28:13,207 [2f994218-547f-400b-b588-7f48010df848-impl-thread2] INFO  server.RaftServer$Division (ServerState.java:close(472)) - 2f994218-547f-400b-b588-7f48010df848@group-37B4E9CD4966: closes. applyIndex: 0
2023-05-23 10:28:13,207 [grpc-default-executor-4] INFO  server.GrpcServerProtocolService (GrpcServerProtocolService.java:onCompleted(155)) - 3ac7e479-6b2c-4ad1-9d02-9355b26abab7: Completed APPEND_ENTRIES, lastRequest: null
2023-05-23 10:28:13,208 [2f994218-547f-400b-b588-7f48010df848-impl-thread3] INFO  server.RaftServer$Division (ServerState.java:close(472)) - 2f994218-547f-400b-b588-7f48010df848@group-CC085891EDF4: closes. applyIndex: 0
2023-05-23 10:28:13,208 [Thread-3217] INFO  server.GrpcServerProtocolClient (GrpcServerProtocolClient.java:close(103)) - a469ef55-9a66-4c89-903c-187a01270f46 Close channels
2023-05-23 10:28:13,209 [2f994218-547f-400b-b588-7f48010df848@group-4DE6E43F8739-StateMachineUpdater] INFO  ratis.ContainerStateMachine (ContainerStateMachine.java:takeSnapshot(341)) - group-4DE6E43F8739: Finished taking a snapshot at:(t:1, i:6) file:/home/runner/work/ozone/ozone/hadoop-ozone/integration-test/target/test-dir/MiniOzoneClusterImpl-61d3b935-36cd-4496-a441-eee01f8c564c/datanode-1/data/ratis/221d147b-12b5-45ed-b68f-4de6e43f8739/sm/snapshot.1_6 took: 4 ms
2023-05-23 10:28:13,209 [2f994218-547f-400b-b588-7f48010df848@group-4DE6E43F8739-StateMachineUpdater] INFO  impl.StateMachineUpdater (StateMachineUpdater.java:takeSnapshot(291)) - 2f994218-547f-400b-b588-7f48010df848@group-4DE6E43F8739-StateMachineUpdater: Took a snapshot at index 6
2023-05-23 10:28:13,209 [2f994218-547f-400b-b588-7f48010df848@group-4DE6E43F8739-StateMachineUpdater] INFO  impl.StateMachineUpdater (StateMachineUpdater.java:lambda$new$0(97)) - 2f994218-547f-400b-b588-7f48010df848@group-4DE6E43F8739-StateMachineUpdater: snapshotIndex: updateIncreasingly -1 -> 6
2023-05-23 10:28:13,209 [grpc-default-executor-3] INFO  server.GrpcLogAppender (GrpcLogAppender.java:onCompleted(428)) - 2f994218-547f-400b-b588-7f48010df848@group-4DE6E43F8739->a469ef55-9a66-4c89-903c-187a01270f46-AppendLogResponseHandler: follower responses appendEntries COMPLETED
2023-05-23 10:28:13,209 [grpc-default-executor-3] WARN  server.GrpcLogAppender (GrpcLogAppender.java:resetClient(137)) - 2f994218-547f-400b-b588-7f48010df848@group-4DE6E43F8739->a469ef55-9a66-4c89-903c-187a01270f46-GrpcLogAppender: Failed to getClient for a469ef55-9a66-4c89-903c-187a01270f46
org.apache.ratis.protocol.exceptions.AlreadyClosedException: 2f994218-547f-400b-b588-7f48010df848 is already CLOSED
	at org.apache.ratis.util.PeerProxyMap$PeerAndProxy.getProxy(PeerProxyMap.java:61)
	at org.apache.ratis.util.PeerProxyMap.getProxy(PeerProxyMap.java:115)
	at org.apache.ratis.grpc.server.GrpcLogAppender.getClient(GrpcLogAppender.java:112)
	at org.apache.ratis.grpc.server.GrpcLogAppender.resetClient(GrpcLogAppender.java:117)
	at org.apache.ratis.grpc.server.GrpcLogAppender.access$500(GrpcLogAppender.java:56)
	at org.apache.ratis.grpc.server.GrpcLogAppender$AppendLogResponseHandler.onCompleted(GrpcLogAppender.java:429)
	at org.apache.ratis.thirdparty.io.grpc.stub.ClientCalls$StreamObserverToCallListenerAdapter.onClose(ClientCalls.java:485)
	at org.apache.ratis.thirdparty.io.grpc.internal.ClientCallImpl.closeObserver(ClientCallImpl.java:563)
	at org.apache.ratis.thirdparty.io.grpc.internal.ClientCallImpl.access$300(ClientCallImpl.java:70)
	at org.apache.ratis.thirdparty.io.grpc.internal.ClientCallImpl$ClientStreamListenerImpl$1StreamClosed.runInternal(ClientCallImpl.java:744)
	at org.apache.ratis.thirdparty.io.grpc.internal.ClientCallImpl$ClientStreamListenerImpl$1StreamClosed.runInContext(ClientCallImpl.java:723)
	at org.apache.ratis.thirdparty.io.grpc.internal.ContextRunnable.run(ContextRunnable.java:37)
	at org.apache.ratis.thirdparty.io.grpc.internal.SerializingExecutor.run(SerializingExecutor.java:133)
	at java.util.concurrent.ThreadPoolExecutor.runWorker(ThreadPoolExecutor.java:1149)
	at java.util.concurrent.ThreadPoolExecutor$Worker.run(ThreadPoolExecutor.java:624)
	at java.lang.Thread.run(Thread.java:750)
2023-05-23 10:28:13,209 [grpc-default-executor-0] INFO  server.GrpcLogAppender (GrpcLogAppender.java:onCompleted(428)) - 2f994218-547f-400b-b588-7f48010df848@group-4DE6E43F8739->a469ef55-9a66-4c89-903c-187a01270f46-AppendLogResponseHandler: follower responses appendEntries COMPLETED
2023-05-23 10:28:13,210 [grpc-default-executor-0] WARN  server.GrpcLogAppender (GrpcLogAppender.java:resetClient(137)) - 2f994218-547f-400b-b588-7f48010df848@group-4DE6E43F8739->a469ef55-9a66-4c89-903c-187a01270f46-GrpcLogAppender: Failed to getClient for a469ef55-9a66-4c89-903c-187a01270f46
org.apache.ratis.protocol.exceptions.AlreadyClosedException: 2f994218-547f-400b-b588-7f48010df848 is already CLOSED
	at org.apache.ratis.util.PeerProxyMap$PeerAndProxy.getProxy(PeerProxyMap.java:61)
	at org.apache.ratis.util.PeerProxyMap.getProxy(PeerProxyMap.java:115)
	at org.apache.ratis.grpc.server.GrpcLogAppender.getClient(GrpcLogAppender.java:112)
	at org.apache.ratis.grpc.server.GrpcLogAppender.resetClient(GrpcLogAppender.java:117)
	at org.apache.ratis.grpc.server.GrpcLogAppender.access$500(GrpcLogAppender.java:56)
	at org.apache.ratis.grpc.server.GrpcLogAppender$AppendLogResponseHandler.onCompleted(GrpcLogAppender.java:429)
	at org.apache.ratis.thirdparty.io.grpc.stub.ClientCalls$StreamObserverToCallListenerAdapter.onClose(ClientCalls.java:485)
	at org.apache.ratis.thirdparty.io.grpc.internal.ClientCallImpl.closeObserver(ClientCallImpl.java:563)
	at org.apache.ratis.thirdparty.io.grpc.internal.ClientCallImpl.access$300(ClientCallImpl.java:70)
	at org.apache.ratis.thirdparty.io.grpc.internal.ClientCallImpl$ClientStreamListenerImpl$1StreamClosed.runInternal(ClientCallImpl.java:744)
	at org.apache.ratis.thirdparty.io.grpc.internal.ClientCallImpl$ClientStreamListenerImpl$1StreamClosed.runInContext(ClientCallImpl.java:723)
	at org.apache.ratis.thirdparty.io.grpc.internal.ContextRunnable.run(ContextRunnable.java:37)
	at org.apache.ratis.thirdparty.io.grpc.internal.SerializingExecutor.run(SerializingExecutor.java:133)
	at java.util.concurrent.ThreadPoolExecutor.runWorker(ThreadPoolExecutor.java:1149)
	at java.util.concurrent.ThreadPoolExecutor$Worker.run(ThreadPoolExecutor.java:624)
	at java.lang.Thread.run(Thread.java:750)
2023-05-23 10:28:13,210 [2f994218-547f-400b-b588-7f48010df848-impl-thread1] INFO  server.RaftServer$Division (ServerState.java:close(472)) - 2f994218-547f-400b-b588-7f48010df848@group-4DE6E43F8739: closes. applyIndex: 6
2023-05-23 10:28:13,212 [grpc-default-executor-4] INFO  server.GrpcServerProtocolService (GrpcServerProtocolService.java:lambda$onCompleted$5(157)) - 3ac7e479-6b2c-4ad1-9d02-9355b26abab7: Completed APPEND_ENTRIES, lastReply: serverReply {
  requestorId: "2f994218-547f-400b-b588-7f48010df848"
  replyId: "3ac7e479-6b2c-4ad1-9d02-9355b26abab7"
  raftGroupId {
    id: "\"\035\024{\022\265E\355\266\217M\346\344?\2079"
  }
  callId: 11
  success: true
}
term: 1
nextIndex: 5
followerCommit: 4
matchIndex: 18446744073709551615
isHearbeat: true

2023-05-23 10:28:13,220 [grpc-default-executor-4] INFO  server.GrpcLogAppender (GrpcLogAppender.java:onCompleted(428)) - 2f994218-547f-400b-b588-7f48010df848@group-4DE6E43F8739->3ac7e479-6b2c-4ad1-9d02-9355b26abab7-AppendLogResponseHandler: follower responses appendEntries COMPLETED
2023-05-23 10:28:13,220 [grpc-default-executor-4] WARN  server.GrpcLogAppender (GrpcLogAppender.java:resetClient(137)) - 2f994218-547f-400b-b588-7f48010df848@group-4DE6E43F8739->3ac7e479-6b2c-4ad1-9d02-9355b26abab7-GrpcLogAppender: Failed to getClient for 3ac7e479-6b2c-4ad1-9d02-9355b26abab7
org.apache.ratis.protocol.exceptions.AlreadyClosedException: 2f994218-547f-400b-b588-7f48010df848 is already CLOSED
	at org.apache.ratis.util.PeerProxyMap$PeerAndProxy.getProxy(PeerProxyMap.java:61)
	at org.apache.ratis.util.PeerProxyMap.getProxy(PeerProxyMap.java:115)
	at org.apache.ratis.grpc.server.GrpcLogAppender.getClient(GrpcLogAppender.java:112)
	at org.apache.ratis.grpc.server.GrpcLogAppender.resetClient(GrpcLogAppender.java:117)
	at org.apache.ratis.grpc.server.GrpcLogAppender.access$500(GrpcLogAppender.java:56)
	at org.apache.ratis.grpc.server.GrpcLogAppender$AppendLogResponseHandler.onCompleted(GrpcLogAppender.java:429)
	at org.apache.ratis.thirdparty.io.grpc.stub.ClientCalls$StreamObserverToCallListenerAdapter.onClose(ClientCalls.java:485)
	at org.apache.ratis.thirdparty.io.grpc.internal.ClientCallImpl.closeObserver(ClientCallImpl.java:563)
	at org.apache.ratis.thirdparty.io.grpc.internal.ClientCallImpl.access$300(ClientCallImpl.java:70)
	at org.apache.ratis.thirdparty.io.grpc.internal.ClientCallImpl$ClientStreamListenerImpl$1StreamClosed.runInternal(ClientCallImpl.java:744)
	at org.apache.ratis.thirdparty.io.grpc.internal.ClientCallImpl$ClientStreamListenerImpl$1StreamClosed.runInContext(ClientCallImpl.java:723)
	at org.apache.ratis.thirdparty.io.grpc.internal.ContextRunnable.run(ContextRunnable.java:37)
	at org.apache.ratis.thirdparty.io.grpc.internal.SerializingExecutor.run(SerializingExecutor.java:133)
	at java.util.concurrent.ThreadPoolExecutor.runWorker(ThreadPoolExecutor.java:1149)
	at java.util.concurrent.ThreadPoolExecutor$Worker.run(ThreadPoolExecutor.java:624)
	at java.lang.Thread.run(Thread.java:750)
2023-05-23 10:28:13,224 [Listener at 127.0.0.1/15244] INFO  server.GrpcService (GrpcService.java:closeImpl(320)) - 2f994218-547f-400b-b588-7f48010df848: shutdown server org.apache.ratis.grpc.server.GrpcClientProtocolService successfully
2023-05-23 10:28:13,224 [Listener at 127.0.0.1/15244] INFO  server.GrpcService (GrpcService.java:closeImpl(311)) - 2f994218-547f-400b-b588-7f48010df848: shutdown server GrpcServerProtocolService now
2023-05-23 10:28:13,227 [grpc-default-executor-5] WARN  server.GrpcLogAppender (LogUtils.java:warn(122)) - a469ef55-9a66-4c89-903c-187a01270f46@group-CC085891EDF4->2f994218-547f-400b-b588-7f48010df848-AppendLogResponseHandler: Failed appendEntries: org.apache.ratis.thirdparty.io.grpc.StatusRuntimeException: CANCELLED: RST_STREAM closed stream. HTTP/2 error code: CANCEL
2023-05-23 10:28:13,227 [grpc-default-executor-5] WARN  server.GrpcLogAppender (GrpcLogAppender.java:resetClient(128)) - a469ef55-9a66-4c89-903c-187a01270f46@group-CC085891EDF4->2f994218-547f-400b-b588-7f48010df848-GrpcLogAppender: Follower failed when matchIndex == 0,  keep nextIndex (1) unchanged and retry.
2023-05-23 10:28:13,227 [grpc-default-executor-0] WARN  server.GrpcServerProtocolService (LogUtils.java:warn(122)) - 2f994218-547f-400b-b588-7f48010df848: APPEND_ENTRIES onError, lastRequest: a469ef55-9a66-4c89-903c-187a01270f46->2f994218-547f-400b-b588-7f48010df848#1-t1,previous=(t:0, i:0),leaderCommit=-1,initializing? true,entries: size=1, first=(t:1, i:0), CONFIGURATIONENTRY(current:id: "3ac7e479-6b2c-4ad1-9d02-9355b26abab7"
address: "10.1.0.38:15269"
dataStreamAddress: "10.1.0.38:15270"
clientAddress: "10.1.0.38:15267"
adminAddress: "10.1.0.38:15268"
startupRole: FOLLOWER
,id: "2f994218-547f-400b-b588-7f48010df848"
address: "10.1.0.38:15261"
dataStreamAddress: "10.1.0.38:15262"
clientAddress: "10.1.0.38:15259"
adminAddress: "10.1.0.38:15260"
startupRole: FOLLOWER
,id: "a469ef55-9a66-4c89-903c-187a01270f46"
address: "10.1.0.38:15253"
priority: 1
dataStreamAddress: "10.1.0.38:15254"
clientAddress: "10.1.0.38:15251"
adminAddress: "10.1.0.38:15252"
startupRole: FOLLOWER
, old:): org.apache.ratis.thirdparty.io.grpc.StatusRuntimeException: CANCELLED: client cancelled
2023-05-23 10:28:13,228 [grpc-default-executor-1] WARN  server.GrpcServerProtocolService (LogUtils.java:warn(122)) - 2f994218-547f-400b-b588-7f48010df848: APPEND_ENTRIES onError, lastRequest: null: org.apache.ratis.thirdparty.io.grpc.StatusRuntimeException: CANCELLED: client cancelled
2023-05-23 10:28:13,228 [grpc-default-executor-1] WARN  server.GrpcLogAppender (LogUtils.java:warn(122)) - a469ef55-9a66-4c89-903c-187a01270f46@group-CC085891EDF4->2f994218-547f-400b-b588-7f48010df848-AppendLogResponseHandler: Failed appendEntries: org.apache.ratis.thirdparty.io.grpc.StatusRuntimeException: CANCELLED: RST_STREAM closed stream. HTTP/2 error code: CANCEL
2023-05-23 10:28:13,228 [grpc-default-executor-1] WARN  server.GrpcLogAppender (GrpcLogAppender.java:resetClient(128)) - a469ef55-9a66-4c89-903c-187a01270f46@group-CC085891EDF4->2f994218-547f-400b-b588-7f48010df848-GrpcLogAppender: Follower failed when matchIndex == 0,  keep nextIndex (1) unchanged and retry.
2023-05-23 10:28:13,229 [Listener at 127.0.0.1/15244] INFO  server.GrpcService (GrpcService.java:closeImpl(320)) - 2f994218-547f-400b-b588-7f48010df848: shutdown server GrpcServerProtocolService successfully
2023-05-23 10:28:13,229 [Listener at 127.0.0.1/15244] INFO  server.GrpcService (GrpcService.java:closeImpl(311)) - 2f994218-547f-400b-b588-7f48010df848: shutdown server org.apache.ratis.grpc.server.GrpcAdminProtocolService now
2023-05-23 10:28:13,230 [Listener at 127.0.0.1/15244] INFO  server.GrpcService (GrpcService.java:closeImpl(320)) - 2f994218-547f-400b-b588-7f48010df848: shutdown server org.apache.ratis.grpc.server.GrpcAdminProtocolService successfully
2023-05-23 10:28:13,230 [2f994218-547f-400b-b588-7f48010df848-NettyServerStreamRpc-bossGroup--thread1] INFO  logging.LoggingHandler (AbstractInternalLogger.java:log(148)) - [id: 0x0a54ab5c, L:/0:0:0:0:0:0:0:0:15262] CLOSE
2023-05-23 10:28:13,231 [2f994218-547f-400b-b588-7f48010df848-NettyServerStreamRpc-bossGroup--thread1] INFO  logging.LoggingHandler (AbstractInternalLogger.java:log(148)) - [id: 0x0a54ab5c, L:/0:0:0:0:0:0:0:0:15262] INACTIVE
2023-05-23 10:28:13,231 [2f994218-547f-400b-b588-7f48010df848-NettyServerStreamRpc-bossGroup--thread1] INFO  logging.LoggingHandler (AbstractInternalLogger.java:log(148)) - [id: 0x0a54ab5c, L:/0:0:0:0:0:0:0:0:15262] UNREGISTERED
2023-05-23 10:28:13,354 [ReplicationMonitor] INFO  replication.ReplicationManager (ReplicationManager.java:processAll(403)) - Replication Monitor Thread took 1 milliseconds for processing 1 containers.
2023-05-23 10:28:13,984 [2f994218-547f-400b-b588-7f48010df848-impl-thread3] INFO  segmented.SegmentedRaftLogWorker (SegmentedRaftLogWorker.java:close(252)) - 2f994218-547f-400b-b588-7f48010df848@group-CC085891EDF4-SegmentedRaftLogWorker close()
2023-05-23 10:28:13,996 [grpc-default-executor-5] WARN  server.GrpcLogAppender (LogUtils.java:warn(122)) - a469ef55-9a66-4c89-903c-187a01270f46@group-CC085891EDF4->2f994218-547f-400b-b588-7f48010df848-AppendLogResponseHandler: Failed appendEntries: org.apache.ratis.thirdparty.io.grpc.StatusRuntimeException: UNAVAILABLE: io exception
2023-05-23 10:28:13,997 [grpc-default-executor-5] WARN  server.GrpcLogAppender (GrpcLogAppender.java:resetClient(128)) - a469ef55-9a66-4c89-903c-187a01270f46@group-CC085891EDF4->2f994218-547f-400b-b588-7f48010df848-GrpcLogAppender: Follower failed when matchIndex == 0,  keep nextIndex (1) unchanged and retry.
2023-05-23 10:28:13,998 [grpc-default-executor-5] WARN  server.GrpcLogAppender (LogUtils.java:warn(122)) - a469ef55-9a66-4c89-903c-187a01270f46@group-CC085891EDF4->2f994218-547f-400b-b588-7f48010df848-AppendLogResponseHandler: Failed appendEntries: org.apache.ratis.thirdparty.io.grpc.StatusRuntimeException: UNAVAILABLE: io exception
2023-05-23 10:28:13,999 [grpc-default-executor-5] WARN  server.GrpcLogAppender (GrpcLogAppender.java:resetClient(128)) - a469ef55-9a66-4c89-903c-187a01270f46@group-CC085891EDF4->2f994218-547f-400b-b588-7f48010df848-GrpcLogAppender: Follower failed when matchIndex == 0,  keep nextIndex (1) unchanged and retry.
2023-05-23 10:28:14,138 [2f994218-547f-400b-b588-7f48010df848-impl-thread1] INFO  segmented.SegmentedRaftLogWorker (SegmentedRaftLogWorker.java:close(252)) - 2f994218-547f-400b-b588-7f48010df848@group-4DE6E43F8739-SegmentedRaftLogWorker close()
2023-05-23 10:28:14,141 [2f994218-547f-400b-b588-7f48010df848-impl-thread2] INFO  segmented.SegmentedRaftLogWorker (SegmentedRaftLogWorker.java:close(252)) - 2f994218-547f-400b-b588-7f48010df848@group-37B4E9CD4966-SegmentedRaftLogWorker close()
2023-05-23 10:28:14,143 [JvmPauseMonitor32] INFO  util.JvmPauseMonitor (JvmPauseMonitor.java:run(109)) - JvmPauseMonitor-2f994218-547f-400b-b588-7f48010df848: Stopped
2023-05-23 10:28:14,354 [ReplicationMonitor] INFO  replication.ReplicationManager (ReplicationManager.java:processAll(403)) - Replication Monitor Thread took 0 milliseconds for processing 1 containers.
2023-05-23 10:28:15,245 [grpc-default-executor-5] WARN  server.GrpcLogAppender (LogUtils.java:warn(122)) - a469ef55-9a66-4c89-903c-187a01270f46@group-CC085891EDF4->2f994218-547f-400b-b588-7f48010df848-AppendLogResponseHandler: Failed appendEntries: org.apache.ratis.thirdparty.io.grpc.StatusRuntimeException: UNAVAILABLE: io exception
2023-05-23 10:28:15,246 [grpc-default-executor-5] WARN  server.GrpcLogAppender (GrpcLogAppender.java:resetClient(128)) - a469ef55-9a66-4c89-903c-187a01270f46@group-CC085891EDF4->2f994218-547f-400b-b588-7f48010df848-GrpcLogAppender: Follower failed when matchIndex == 0,  keep nextIndex (1) unchanged and retry.
2023-05-23 10:28:15,246 [grpc-default-executor-1] WARN  server.GrpcLogAppender (LogUtils.java:warn(122)) - a469ef55-9a66-4c89-903c-187a01270f46@group-CC085891EDF4->2f994218-547f-400b-b588-7f48010df848-AppendLogResponseHandler: Failed appendEntries: org.apache.ratis.thirdparty.io.grpc.StatusRuntimeException: UNAVAILABLE: io exception
2023-05-23 10:28:15,246 [grpc-default-executor-1] WARN  server.GrpcLogAppender (GrpcLogAppender.java:resetClient(128)) - a469ef55-9a66-4c89-903c-187a01270f46@group-CC085891EDF4->2f994218-547f-400b-b588-7f48010df848-GrpcLogAppender: Follower failed when matchIndex == 0,  keep nextIndex (1) unchanged and retry.
2023-05-23 10:28:15,355 [ReplicationMonitor] INFO  replication.ReplicationManager (ReplicationManager.java:processAll(403)) - Replication Monitor Thread took 0 milliseconds for processing 1 containers.
2023-05-23 10:28:16,148 [Listener at 127.0.0.1/15244] INFO  utils.DatanodeStoreCache (DatanodeStoreCache.java:shutdownCache(110)) - Skip clearing cache in mini cluster mode. Entries left: [/home/runner/work/ozone/ozone/hadoop-ozone/integration-test/target/test-dir/MiniOzoneClusterImpl-61d3b935-36cd-4496-a441-eee01f8c564c/datanode-0/data-0/containers/hdds/61d3b935-36cd-4496-a441-eee01f8c564c/DS-d935d152-0a56-4081-9092-8ae59fa77d35/container.db, /home/runner/work/ozone/ozone/hadoop-ozone/integration-test/target/test-dir/MiniOzoneClusterImpl-61d3b935-36cd-4496-a441-eee01f8c564c/datanode-1/data-0/containers/hdds/61d3b935-36cd-4496-a441-eee01f8c564c/DS-89815a36-be60-4f31-8926-397406b6a6ac/container.db, /home/runner/work/ozone/ozone/hadoop-ozone/integration-test/target/test-dir/MiniOzoneClusterImpl-61d3b935-36cd-4496-a441-eee01f8c564c/datanode-2/data-0/containers/hdds/61d3b935-36cd-4496-a441-eee01f8c564c/DS-e2633ad9-0474-4eb8-800a-585c155f45d0/container.db, /home/runner/work/ozone/ozone/hadoop-ozone/integration-test/target/test-dir/MiniOzoneClusterImpl-61d3b935-36cd-4496-a441-eee01f8c564c/datanode-3/data-0/containers/hdds/61d3b935-36cd-4496-a441-eee01f8c564c/DS-c7e48c54-6533-41e5-920f-b15e61bb81e2/container.db, /home/runner/work/ozone/ozone/hadoop-ozone/integration-test/target/test-dir/MiniOzoneClusterImpl-61d3b935-36cd-4496-a441-eee01f8c564c/datanode-4/data-0/containers/hdds/61d3b935-36cd-4496-a441-eee01f8c564c/DS-b3dec9d9-8d3c-42d3-901a-73cd497ab66a/container.db]
2023-05-23 10:28:16,151 [Listener at 127.0.0.1/15244] INFO  utils.DatanodeStoreCache (DatanodeStoreCache.java:removeDB(104)) - Removed db /home/runner/work/ozone/ozone/hadoop-ozone/integration-test/target/test-dir/MiniOzoneClusterImpl-61d3b935-36cd-4496-a441-eee01f8c564c/datanode-1/data-0/containers/hdds/61d3b935-36cd-4496-a441-eee01f8c564c/DS-89815a36-be60-4f31-8926-397406b6a6ac/container.db from cache
2023-05-23 10:28:16,151 [Listener at 127.0.0.1/15244] INFO  volume.HddsVolume (HddsVolume.java:closeDbStore(437)) - SchemaV3 db is stopped at /home/runner/work/ozone/ozone/hadoop-ozone/integration-test/target/test-dir/MiniOzoneClusterImpl-61d3b935-36cd-4496-a441-eee01f8c564c/datanode-1/data-0/containers/hdds/61d3b935-36cd-4496-a441-eee01f8c564c/DS-89815a36-be60-4f31-8926-397406b6a6ac/container.db for volume DS-89815a36-be60-4f31-8926-397406b6a6ac
2023-05-23 10:28:16,151 [Listener at 127.0.0.1/15244] INFO  utils.BackgroundService (BackgroundService.java:shutdown(141)) - Shutting down service BlockDeletingService
2023-05-23 10:28:16,151 [Listener at 127.0.0.1/15244] INFO  utils.BackgroundService (BackgroundService.java:shutdown(141)) - Shutting down service StaleRecoveringContainerScrubbingService
2023-05-23 10:28:16,155 [Listener at 127.0.0.1/15244] INFO  statemachine.DatanodeStateMachine (DatanodeStateMachine.java:stopDaemon(608)) - Ozone container server stopped.
2023-05-23 10:28:16,165 [Listener at 127.0.0.1/15244] INFO  handler.ContextHandler (ContextHandler.java:doStop(1159)) - Stopped o.e.j.w.WebAppContext@588237b6{hddsDatanode,/,null,STOPPED}{jar:file:/home/runner/.m2/repository/org/apache/ozone/hdds-container-service/1.4.0-SNAPSHOT/hdds-container-service-1.4.0-SNAPSHOT.jar!/webapps/hddsDatanode}
2023-05-23 10:28:16,165 [Listener at 127.0.0.1/15244] INFO  server.AbstractConnector (AbstractConnector.java:doStop(383)) - Stopped ServerConnector@6ff8bacd{HTTP/1.1, (http/1.1)}{0.0.0.0:15257}
2023-05-23 10:28:16,166 [Listener at 127.0.0.1/15244] INFO  server.session (HouseKeeper.java:stopScavenging(149)) - node0 Stopped scavenging
2023-05-23 10:28:16,166 [Listener at 127.0.0.1/15244] INFO  handler.ContextHandler (ContextHandler.java:doStop(1159)) - Stopped o.e.j.s.ServletContextHandler@1baaaf9b{static,/static,jar:file:/home/runner/.m2/repository/org/apache/ozone/hdds-container-service/1.4.0-SNAPSHOT/hdds-container-service-1.4.0-SNAPSHOT.jar!/webapps/static,STOPPED}
2023-05-23 10:28:16,166 [Listener at 127.0.0.1/15244] INFO  handler.ContextHandler (ContextHandler.java:doStop(1159)) - Stopped o.e.j.s.ServletContextHandler@7adaa86a{logs,/logs,file:///home/runner/work/ozone/ozone/hadoop-ozone/integration-test/target/log,STOPPED}
2023-05-23 10:28:16,168 [Listener at 127.0.0.1/15244] INFO  container.TestHelper (TestHelper.java:countReplicas(423)) - Container 1 has 3 replicas on [2f994218-547f-400b-b588-7f48010df848, 3ac7e479-6b2c-4ad1-9d02-9355b26abab7, a469ef55-9a66-4c89-903c-187a01270f46]
2023-05-23 10:28:16,171 [EventQueue-StaleNodeForStaleNodeHandler] INFO  node.StaleNodeHandler (StaleNodeHandler.java:onMessage(59)) - Datanode 2f994218-547f-400b-b588-7f48010df848(fv-az1249-304/10.1.0.38) moved to stale state. Finalizing its pipelines [PipelineID=221d147b-12b5-45ed-b68f-4de6e43f8739, PipelineID=3c6d9ab7-6cba-4c07-ae1b-37b4e9cd4966, PipelineID=f62330b8-f372-49ef-96d7-cc085891edf4]
2023-05-23 10:28:16,171 [EventQueue-StaleNodeForStaleNodeHandler] INFO  pipeline.PipelineManagerImpl (PipelineManagerImpl.java:closePipeline(442)) - Pipeline Pipeline[ Id: 221d147b-12b5-45ed-b68f-4de6e43f8739, Nodes: 2f994218-547f-400b-b588-7f48010df848(fv-az1249-304/10.1.0.38)3ac7e479-6b2c-4ad1-9d02-9355b26abab7(fv-az1249-304/10.1.0.38)a469ef55-9a66-4c89-903c-187a01270f46(fv-az1249-304/10.1.0.38), ReplicationConfig: RATIS/THREE, State:OPEN, leaderId:2f994218-547f-400b-b588-7f48010df848, CreationTimestamp2023-05-23T10:28:01.325Z[Etc/UTC]] moved to CLOSED state
2023-05-23 10:28:16,172 [EventQueue-StaleNodeForStaleNodeHandler] INFO  pipeline.PipelineManagerImpl (PipelineManagerImpl.java:closePipeline(442)) - Pipeline Pipeline[ Id: 3c6d9ab7-6cba-4c07-ae1b-37b4e9cd4966, Nodes: 2f994218-547f-400b-b588-7f48010df848(fv-az1249-304/10.1.0.38), ReplicationConfig: RATIS/ONE, State:OPEN, leaderId:2f994218-547f-400b-b588-7f48010df848, CreationTimestamp2023-05-23T10:28:01.004Z[Etc/UTC]] moved to CLOSED state
2023-05-23 10:28:16,172 [EventQueue-StaleNodeForStaleNodeHandler] INFO  pipeline.PipelineManagerImpl (PipelineManagerImpl.java:closePipeline(442)) - Pipeline Pipeline[ Id: f62330b8-f372-49ef-96d7-cc085891edf4, Nodes: a469ef55-9a66-4c89-903c-187a01270f46(fv-az1249-304/10.1.0.38)3ac7e479-6b2c-4ad1-9d02-9355b26abab7(fv-az1249-304/10.1.0.38)2f994218-547f-400b-b588-7f48010df848(fv-az1249-304/10.1.0.38), ReplicationConfig: RATIS/THREE, State:OPEN, leaderId:a469ef55-9a66-4c89-903c-187a01270f46, CreationTimestamp2023-05-23T10:28:01.326Z[Etc/UTC]] moved to CLOSED state
2023-05-23 10:28:16,356 [ReplicationMonitor] INFO  replication.ReplicationManager (ReplicationManager.java:processAll(403)) - Replication Monitor Thread took 1 milliseconds for processing 1 containers.
2023-05-23 10:28:16,495 [grpc-default-executor-1] WARN  server.GrpcLogAppender (LogUtils.java:warn(122)) - a469ef55-9a66-4c89-903c-187a01270f46@group-CC085891EDF4->2f994218-547f-400b-b588-7f48010df848-AppendLogResponseHandler: Failed appendEntries: org.apache.ratis.thirdparty.io.grpc.StatusRuntimeException: UNAVAILABLE: io exception
2023-05-23 10:28:16,496 [grpc-default-executor-1] WARN  server.GrpcLogAppender (GrpcLogAppender.java:resetClient(128)) - a469ef55-9a66-4c89-903c-187a01270f46@group-CC085891EDF4->2f994218-547f-400b-b588-7f48010df848-GrpcLogAppender: Follower failed when matchIndex == 0,  keep nextIndex (1) unchanged and retry.
2023-05-23 10:28:16,496 [grpc-default-executor-5] WARN  server.GrpcLogAppender (LogUtils.java:warn(122)) - a469ef55-9a66-4c89-903c-187a01270f46@group-CC085891EDF4->2f994218-547f-400b-b588-7f48010df848-AppendLogResponseHandler: Failed appendEntries: org.apache.ratis.thirdparty.io.grpc.StatusRuntimeException: UNAVAILABLE: io exception
2023-05-23 10:28:16,497 [grpc-default-executor-5] WARN  server.GrpcLogAppender (GrpcLogAppender.java:resetClient(128)) - a469ef55-9a66-4c89-903c-187a01270f46@group-CC085891EDF4->2f994218-547f-400b-b588-7f48010df848-GrpcLogAppender: Follower failed when matchIndex == 0,  keep nextIndex (1) unchanged and retry.
2023-05-23 10:28:17,168 [Listener at 127.0.0.1/15244] INFO  container.TestHelper (TestHelper.java:countReplicas(423)) - Container 1 has 3 replicas on [2f994218-547f-400b-b588-7f48010df848, 3ac7e479-6b2c-4ad1-9d02-9355b26abab7, a469ef55-9a66-4c89-903c-187a01270f46]
2023-05-23 10:28:17,357 [ReplicationMonitor] INFO  replication.ReplicationManager (ReplicationManager.java:processAll(403)) - Replication Monitor Thread took 1 milliseconds for processing 1 containers.
2023-05-23 10:28:17,746 [grpc-default-executor-5] WARN  server.GrpcLogAppender (LogUtils.java:warn(122)) - a469ef55-9a66-4c89-903c-187a01270f46@group-CC085891EDF4->2f994218-547f-400b-b588-7f48010df848-AppendLogResponseHandler: Failed appendEntries: org.apache.ratis.thirdparty.io.grpc.StatusRuntimeException: UNAVAILABLE: io exception
2023-05-23 10:28:17,747 [grpc-default-executor-5] WARN  server.GrpcLogAppender (GrpcLogAppender.java:resetClient(128)) - a469ef55-9a66-4c89-903c-187a01270f46@group-CC085891EDF4->2f994218-547f-400b-b588-7f48010df848-GrpcLogAppender: Follower failed when matchIndex == 0,  keep nextIndex (1) unchanged and retry.
2023-05-23 10:28:17,747 [grpc-default-executor-1] WARN  server.GrpcLogAppender (LogUtils.java:warn(122)) - a469ef55-9a66-4c89-903c-187a01270f46@group-CC085891EDF4->2f994218-547f-400b-b588-7f48010df848-AppendLogResponseHandler: Failed appendEntries: org.apache.ratis.thirdparty.io.grpc.StatusRuntimeException: UNAVAILABLE: io exception
2023-05-23 10:28:17,747 [grpc-default-executor-1] WARN  server.GrpcLogAppender (GrpcLogAppender.java:resetClient(128)) - a469ef55-9a66-4c89-903c-187a01270f46@group-CC085891EDF4->2f994218-547f-400b-b588-7f48010df848-GrpcLogAppender: Follower failed when matchIndex == 0,  keep nextIndex (1) unchanged and retry.
2023-05-23 10:28:18,168 [Listener at 127.0.0.1/15244] INFO  container.TestHelper (TestHelper.java:countReplicas(423)) - Container 1 has 3 replicas on [2f994218-547f-400b-b588-7f48010df848, 3ac7e479-6b2c-4ad1-9d02-9355b26abab7, a469ef55-9a66-4c89-903c-187a01270f46]
2023-05-23 10:28:18,357 [ReplicationMonitor] INFO  replication.ReplicationManager (ReplicationManager.java:processAll(403)) - Replication Monitor Thread took 0 milliseconds for processing 1 containers.
2023-05-23 10:28:18,996 [grpc-default-executor-1] WARN  server.GrpcLogAppender (LogUtils.java:warn(122)) - a469ef55-9a66-4c89-903c-187a01270f46@group-CC085891EDF4->2f994218-547f-400b-b588-7f48010df848-AppendLogResponseHandler: Failed appendEntries: org.apache.ratis.thirdparty.io.grpc.StatusRuntimeException: UNAVAILABLE: io exception
2023-05-23 10:28:18,996 [grpc-default-executor-5] WARN  server.GrpcLogAppender (LogUtils.java:warn(122)) - a469ef55-9a66-4c89-903c-187a01270f46@group-CC085891EDF4->2f994218-547f-400b-b588-7f48010df848-AppendLogResponseHandler: Failed appendEntries: org.apache.ratis.thirdparty.io.grpc.StatusRuntimeException: UNAVAILABLE: io exception
2023-05-23 10:28:18,997 [grpc-default-executor-1] WARN  server.GrpcLogAppender (GrpcLogAppender.java:resetClient(128)) - a469ef55-9a66-4c89-903c-187a01270f46@group-CC085891EDF4->2f994218-547f-400b-b588-7f48010df848-GrpcLogAppender: Follower failed when matchIndex == 0,  keep nextIndex (1) unchanged and retry.
2023-05-23 10:28:18,998 [grpc-default-executor-5] WARN  server.GrpcLogAppender (GrpcLogAppender.java:resetClient(128)) - a469ef55-9a66-4c89-903c-187a01270f46@group-CC085891EDF4->2f994218-547f-400b-b588-7f48010df848-GrpcLogAppender: Follower failed when matchIndex == 0,  keep nextIndex (1) unchanged and retry.
2023-05-23 10:28:19,092 [3ac7e479-6b2c-4ad1-9d02-9355b26abab7@group-4DE6E43F8739-FollowerState] INFO  impl.FollowerState (FollowerState.java:run(143)) - 3ac7e479-6b2c-4ad1-9d02-9355b26abab7@group-4DE6E43F8739-FollowerState: change to CANDIDATE, lastRpcElapsedTime:5949591958ns, electionTimeout:5091ms
2023-05-23 10:28:19,093 [3ac7e479-6b2c-4ad1-9d02-9355b26abab7@group-4DE6E43F8739-FollowerState] INFO  impl.RoleInfo (RoleInfo.java:shutdownFollowerState(110)) - 3ac7e479-6b2c-4ad1-9d02-9355b26abab7: shutdown 3ac7e479-6b2c-4ad1-9d02-9355b26abab7@group-4DE6E43F8739-FollowerState
2023-05-23 10:28:19,093 [3ac7e479-6b2c-4ad1-9d02-9355b26abab7@group-4DE6E43F8739-FollowerState] INFO  server.RaftServer$Division (RaftServerImpl.java:setRole(329)) - 3ac7e479-6b2c-4ad1-9d02-9355b26abab7@group-4DE6E43F8739: changes role from  FOLLOWER to CANDIDATE at term 1 for changeToCandidate
2023-05-23 10:28:19,093 [3ac7e479-6b2c-4ad1-9d02-9355b26abab7@group-4DE6E43F8739-FollowerState] INFO  server.RaftServerConfigKeys (ConfUtils.java:logGet(46)) - raft.server.leaderelection.pre-vote = true (default)
2023-05-23 10:28:19,093 [3ac7e479-6b2c-4ad1-9d02-9355b26abab7@group-4DE6E43F8739-FollowerState] INFO  impl.RoleInfo (RoleInfo.java:updateAndGet(139)) - 3ac7e479-6b2c-4ad1-9d02-9355b26abab7: start 3ac7e479-6b2c-4ad1-9d02-9355b26abab7@group-4DE6E43F8739-LeaderElection62
2023-05-23 10:28:19,098 [3ac7e479-6b2c-4ad1-9d02-9355b26abab7@group-4DE6E43F8739-LeaderElection62] INFO  server.RaftServer$Division (ServerState.java:setLeader(317)) - 3ac7e479-6b2c-4ad1-9d02-9355b26abab7@group-4DE6E43F8739: change Leader from 2f994218-547f-400b-b588-7f48010df848 to null at term 1 for PRE_VOTE
2023-05-23 10:28:19,098 [3ac7e479-6b2c-4ad1-9d02-9355b26abab7@group-4DE6E43F8739-LeaderElection62] INFO  impl.LeaderElection (LeaderElection.java:askForVotes(321)) - 3ac7e479-6b2c-4ad1-9d02-9355b26abab7@group-4DE6E43F8739-LeaderElection62 PRE_VOTE round 0: submit vote requests at term 1 for 0: peers:[3ac7e479-6b2c-4ad1-9d02-9355b26abab7|rpc:10.1.0.38:15269|admin:10.1.0.38:15268|client:10.1.0.38:15267|dataStream:10.1.0.38:15270|priority:0|startupRole:FOLLOWER, 2f994218-547f-400b-b588-7f48010df848|rpc:10.1.0.38:15261|admin:10.1.0.38:15260|client:10.1.0.38:15259|dataStream:10.1.0.38:15262|priority:1|startupRole:FOLLOWER, a469ef55-9a66-4c89-903c-187a01270f46|rpc:10.1.0.38:15253|admin:10.1.0.38:15252|client:10.1.0.38:15251|dataStream:10.1.0.38:15254|priority:0|startupRole:FOLLOWER]|listeners:[], old=null
2023-05-23 10:28:19,100 [grpc-default-executor-5] INFO  server.RaftServer$Division (RaftServerImpl.java:requestVote(1302)) - a469ef55-9a66-4c89-903c-187a01270f46@group-4DE6E43F8739: receive requestVote(PRE_VOTE, 3ac7e479-6b2c-4ad1-9d02-9355b26abab7, group-4DE6E43F8739, 1, (t:1, i:6))
2023-05-23 10:28:19,101 [grpc-default-executor-5] INFO  impl.VoteContext (VoteContext.java:log(49)) - a469ef55-9a66-4c89-903c-187a01270f46@group-4DE6E43F8739-FOLLOWER: accept PRE_VOTE from 3ac7e479-6b2c-4ad1-9d02-9355b26abab7: our priority 0 <= candidate's priority 0
2023-05-23 10:28:19,101 [grpc-default-executor-5] INFO  server.RaftServer$Division (RaftServerImpl.java:requestVote(1335)) - a469ef55-9a66-4c89-903c-187a01270f46@group-4DE6E43F8739 replies to PRE_VOTE vote request: 3ac7e479-6b2c-4ad1-9d02-9355b26abab7<-a469ef55-9a66-4c89-903c-187a01270f46#0:OK-t1. Peer's state: a469ef55-9a66-4c89-903c-187a01270f46@group-4DE6E43F8739:t1, leader=2f994218-547f-400b-b588-7f48010df848, voted=2f994218-547f-400b-b588-7f48010df848, raftlog=Memoized:a469ef55-9a66-4c89-903c-187a01270f46@group-4DE6E43F8739-SegmentedRaftLog:OPENED:c5, conf=0: peers:[3ac7e479-6b2c-4ad1-9d02-9355b26abab7|rpc:10.1.0.38:15269|admin:10.1.0.38:15268|client:10.1.0.38:15267|dataStream:10.1.0.38:15270|priority:0|startupRole:FOLLOWER, 2f994218-547f-400b-b588-7f48010df848|rpc:10.1.0.38:15261|admin:10.1.0.38:15260|client:10.1.0.38:15259|dataStream:10.1.0.38:15262|priority:1|startupRole:FOLLOWER, a469ef55-9a66-4c89-903c-187a01270f46|rpc:10.1.0.38:15253|admin:10.1.0.38:15252|client:10.1.0.38:15251|dataStream:10.1.0.38:15254|priority:0|startupRole:FOLLOWER]|listeners:[], old=null
2023-05-23 10:28:19,102 [3ac7e479-6b2c-4ad1-9d02-9355b26abab7@group-4DE6E43F8739-LeaderElection62] INFO  impl.LeaderElection (LogUtils.java:infoOrTrace(137)) - 3ac7e479-6b2c-4ad1-9d02-9355b26abab7@group-4DE6E43F8739-LeaderElection62 got exception when requesting votes: java.util.concurrent.ExecutionException: org.apache.ratis.thirdparty.io.grpc.StatusRuntimeException: UNAVAILABLE: io exception
2023-05-23 10:28:19,102 [3ac7e479-6b2c-4ad1-9d02-9355b26abab7@group-4DE6E43F8739-LeaderElection62] INFO  impl.LeaderElection (LeaderElection.java:logAndReturn(90)) - 3ac7e479-6b2c-4ad1-9d02-9355b26abab7@group-4DE6E43F8739-LeaderElection62: PRE_VOTE PASSED received 1 response(s) and 1 exception(s):
2023-05-23 10:28:19,102 [3ac7e479-6b2c-4ad1-9d02-9355b26abab7@group-4DE6E43F8739-LeaderElection62] INFO  impl.LeaderElection (LeaderElection.java:logAndReturn(94)) -   Response 0: 3ac7e479-6b2c-4ad1-9d02-9355b26abab7<-a469ef55-9a66-4c89-903c-187a01270f46#0:OK-t1
2023-05-23 10:28:19,102 [3ac7e479-6b2c-4ad1-9d02-9355b26abab7@group-4DE6E43F8739-LeaderElection62] INFO  impl.LeaderElection (LogUtils.java:infoOrTrace(137)) -   Exception 1: java.util.concurrent.ExecutionException: org.apache.ratis.thirdparty.io.grpc.StatusRuntimeException: UNAVAILABLE: io exception
2023-05-23 10:28:19,102 [3ac7e479-6b2c-4ad1-9d02-9355b26abab7@group-4DE6E43F8739-LeaderElection62] INFO  impl.LeaderElection (LeaderElection.java:askForVotes(323)) - 3ac7e479-6b2c-4ad1-9d02-9355b26abab7@group-4DE6E43F8739-LeaderElection62 PRE_VOTE round 0: result PASSED
2023-05-23 10:28:19,104 [3ac7e479-6b2c-4ad1-9d02-9355b26abab7@group-4DE6E43F8739-LeaderElection62] INFO  impl.LeaderElection (LeaderElection.java:askForVotes(321)) - 3ac7e479-6b2c-4ad1-9d02-9355b26abab7@group-4DE6E43F8739-LeaderElection62 ELECTION round 0: submit vote requests at term 2 for 0: peers:[3ac7e479-6b2c-4ad1-9d02-9355b26abab7|rpc:10.1.0.38:15269|admin:10.1.0.38:15268|client:10.1.0.38:15267|dataStream:10.1.0.38:15270|priority:0|startupRole:FOLLOWER, 2f994218-547f-400b-b588-7f48010df848|rpc:10.1.0.38:15261|admin:10.1.0.38:15260|client:10.1.0.38:15259|dataStream:10.1.0.38:15262|priority:1|startupRole:FOLLOWER, a469ef55-9a66-4c89-903c-187a01270f46|rpc:10.1.0.38:15253|admin:10.1.0.38:15252|client:10.1.0.38:15251|dataStream:10.1.0.38:15254|priority:0|startupRole:FOLLOWER]|listeners:[], old=null
2023-05-23 10:28:19,104 [3ac7e479-6b2c-4ad1-9d02-9355b26abab7@group-4DE6E43F8739-LeaderElection62] INFO  impl.LeaderElection (LogUtils.java:infoOrTrace(137)) - 3ac7e479-6b2c-4ad1-9d02-9355b26abab7@group-4DE6E43F8739-LeaderElection62 got exception when requesting votes: java.util.concurrent.ExecutionException: org.apache.ratis.thirdparty.io.grpc.StatusRuntimeException: UNAVAILABLE: io exception
2023-05-23 10:28:19,105 [grpc-default-executor-5] INFO  server.RaftServer$Division (RaftServerImpl.java:requestVote(1302)) - a469ef55-9a66-4c89-903c-187a01270f46@group-4DE6E43F8739: receive requestVote(ELECTION, 3ac7e479-6b2c-4ad1-9d02-9355b26abab7, group-4DE6E43F8739, 2, (t:1, i:6))
2023-05-23 10:28:19,105 [grpc-default-executor-5] INFO  impl.VoteContext (VoteContext.java:log(49)) - a469ef55-9a66-4c89-903c-187a01270f46@group-4DE6E43F8739-FOLLOWER: accept ELECTION from 3ac7e479-6b2c-4ad1-9d02-9355b26abab7: our priority 0 <= candidate's priority 0
2023-05-23 10:28:19,105 [grpc-default-executor-5] INFO  server.RaftServer$Division (ServerState.java:setLeader(317)) - a469ef55-9a66-4c89-903c-187a01270f46@group-4DE6E43F8739: change Leader from 2f994218-547f-400b-b588-7f48010df848 to null at term 2 for updateCurrentTerm
2023-05-23 10:28:19,106 [grpc-default-executor-5] INFO  server.RaftServer$Division (RaftServerImpl.java:setRole(329)) - a469ef55-9a66-4c89-903c-187a01270f46@group-4DE6E43F8739: changes role from  FOLLOWER to FOLLOWER at term 2 for candidate:3ac7e479-6b2c-4ad1-9d02-9355b26abab7
2023-05-23 10:28:19,106 [grpc-default-executor-5] INFO  impl.RoleInfo (RoleInfo.java:shutdownFollowerState(110)) - a469ef55-9a66-4c89-903c-187a01270f46: shutdown a469ef55-9a66-4c89-903c-187a01270f46@group-4DE6E43F8739-FollowerState
2023-05-23 10:28:19,106 [grpc-default-executor-5] INFO  impl.RoleInfo (RoleInfo.java:updateAndGet(139)) - a469ef55-9a66-4c89-903c-187a01270f46: start a469ef55-9a66-4c89-903c-187a01270f46@group-4DE6E43F8739-FollowerState
2023-05-23 10:28:19,106 [a469ef55-9a66-4c89-903c-187a01270f46@group-4DE6E43F8739-FollowerState] INFO  impl.FollowerState (FollowerState.java:run(152)) - a469ef55-9a66-4c89-903c-187a01270f46@group-4DE6E43F8739-FollowerState was interrupted
2023-05-23 10:28:19,108 [grpc-default-executor-5] INFO  server.RaftServer$Division (RaftServerImpl.java:requestVote(1335)) - a469ef55-9a66-4c89-903c-187a01270f46@group-4DE6E43F8739 replies to ELECTION vote request: 3ac7e479-6b2c-4ad1-9d02-9355b26abab7<-a469ef55-9a66-4c89-903c-187a01270f46#0:OK-t2. Peer's state: a469ef55-9a66-4c89-903c-187a01270f46@group-4DE6E43F8739:t2, leader=null, voted=3ac7e479-6b2c-4ad1-9d02-9355b26abab7, raftlog=Memoized:a469ef55-9a66-4c89-903c-187a01270f46@group-4DE6E43F8739-SegmentedRaftLog:OPENED:c5, conf=0: peers:[3ac7e479-6b2c-4ad1-9d02-9355b26abab7|rpc:10.1.0.38:15269|admin:10.1.0.38:15268|client:10.1.0.38:15267|dataStream:10.1.0.38:15270|priority:0|startupRole:FOLLOWER, 2f994218-547f-400b-b588-7f48010df848|rpc:10.1.0.38:15261|admin:10.1.0.38:15260|client:10.1.0.38:15259|dataStream:10.1.0.38:15262|priority:1|startupRole:FOLLOWER, a469ef55-9a66-4c89-903c-187a01270f46|rpc:10.1.0.38:15253|admin:10.1.0.38:15252|client:10.1.0.38:15251|dataStream:10.1.0.38:15254|priority:0|startupRole:FOLLOWER]|listeners:[], old=null
2023-05-23 10:28:19,111 [3ac7e479-6b2c-4ad1-9d02-9355b26abab7@group-4DE6E43F8739-LeaderElection62] INFO  impl.LeaderElection (LeaderElection.java:logAndReturn(90)) - 3ac7e479-6b2c-4ad1-9d02-9355b26abab7@group-4DE6E43F8739-LeaderElection62: ELECTION PASSED received 1 response(s) and 1 exception(s):
2023-05-23 10:28:19,111 [3ac7e479-6b2c-4ad1-9d02-9355b26abab7@group-4DE6E43F8739-LeaderElection62] INFO  impl.LeaderElection (LeaderElection.java:logAndReturn(94)) -   Response 0: 3ac7e479-6b2c-4ad1-9d02-9355b26abab7<-a469ef55-9a66-4c89-903c-187a01270f46#0:OK-t2
2023-05-23 10:28:19,111 [3ac7e479-6b2c-4ad1-9d02-9355b26abab7@group-4DE6E43F8739-LeaderElection62] INFO  impl.LeaderElection (LogUtils.java:infoOrTrace(137)) -   Exception 1: java.util.concurrent.ExecutionException: org.apache.ratis.thirdparty.io.grpc.StatusRuntimeException: UNAVAILABLE: io exception
2023-05-23 10:28:19,111 [3ac7e479-6b2c-4ad1-9d02-9355b26abab7@group-4DE6E43F8739-LeaderElection62] INFO  impl.LeaderElection (LeaderElection.java:askForVotes(323)) - 3ac7e479-6b2c-4ad1-9d02-9355b26abab7@group-4DE6E43F8739-LeaderElection62 ELECTION round 0: result PASSED
2023-05-23 10:28:19,111 [3ac7e479-6b2c-4ad1-9d02-9355b26abab7@group-4DE6E43F8739-LeaderElection62] INFO  impl.RoleInfo (RoleInfo.java:shutdownLeaderElection(130)) - 3ac7e479-6b2c-4ad1-9d02-9355b26abab7: shutdown 3ac7e479-6b2c-4ad1-9d02-9355b26abab7@group-4DE6E43F8739-LeaderElection62
2023-05-23 10:28:19,111 [3ac7e479-6b2c-4ad1-9d02-9355b26abab7@group-4DE6E43F8739-LeaderElection62] INFO  server.RaftServer$Division (RaftServerImpl.java:setRole(329)) - 3ac7e479-6b2c-4ad1-9d02-9355b26abab7@group-4DE6E43F8739: changes role from CANDIDATE to LEADER at term 2 for changeToLeader
2023-05-23 10:28:19,111 [3ac7e479-6b2c-4ad1-9d02-9355b26abab7@group-4DE6E43F8739-LeaderElection62] INFO  ratis.XceiverServerRatis (XceiverServerRatis.java:handleLeaderChangedNotification(904)) - Leader change notification received for group: group-4DE6E43F8739 with new leaderId: 3ac7e479-6b2c-4ad1-9d02-9355b26abab7
2023-05-23 10:28:19,112 [3ac7e479-6b2c-4ad1-9d02-9355b26abab7@group-4DE6E43F8739-LeaderElection62] INFO  server.RaftServer$Division (ServerState.java:setLeader(317)) - 3ac7e479-6b2c-4ad1-9d02-9355b26abab7@group-4DE6E43F8739: change Leader from null to 3ac7e479-6b2c-4ad1-9d02-9355b26abab7 at term 2 for becomeLeader, leader elected after 13ms
2023-05-23 10:28:19,112 [3ac7e479-6b2c-4ad1-9d02-9355b26abab7@group-4DE6E43F8739-LeaderElection62] INFO  server.RaftServerConfigKeys (ConfUtils.java:logGet(46)) - raft.server.staging.catchup.gap = 1000 (default)
2023-05-23 10:28:19,112 [3ac7e479-6b2c-4ad1-9d02-9355b26abab7@group-4DE6E43F8739-LeaderElection62] INFO  server.RaftServerConfigKeys (ConfUtils.java:logGet(46)) - raft.server.write.element-limit = 1024 (custom)
2023-05-23 10:28:19,112 [3ac7e479-6b2c-4ad1-9d02-9355b26abab7@group-4DE6E43F8739-LeaderElection62] INFO  server.RaftServerConfigKeys (ConfUtils.java:logGet(46)) - raft.server.write.byte-limit = 1024 M (=1073741824) (custom)
2023-05-23 10:28:19,112 [3ac7e479-6b2c-4ad1-9d02-9355b26abab7@group-4DE6E43F8739-LeaderElection62] INFO  server.RaftServerConfigKeys (ConfUtils.java:logGet(46)) - raft.server.watch.timeout = 180s (custom)
2023-05-23 10:28:19,112 [3ac7e479-6b2c-4ad1-9d02-9355b26abab7@group-4DE6E43F8739-LeaderElection62] INFO  server.RaftServerConfigKeys (ConfUtils.java:logGet(46)) - raft.server.watch.timeout.denomination = 1s (default)
2023-05-23 10:28:19,112 [3ac7e479-6b2c-4ad1-9d02-9355b26abab7@group-4DE6E43F8739-LeaderElection62] INFO  server.RaftServerConfigKeys (ConfUtils.java:logGet(46)) - raft.server.watch.element-limit = 65536 (default)
2023-05-23 10:28:19,112 [3ac7e479-6b2c-4ad1-9d02-9355b26abab7@group-4DE6E43F8739-LeaderElection62] INFO  server.RaftServerConfigKeys (ConfUtils.java:logGet(46)) - raft.server.write.element-limit = 1024 (custom)
2023-05-23 10:28:19,112 [3ac7e479-6b2c-4ad1-9d02-9355b26abab7@group-4DE6E43F8739-LeaderElection62] INFO  server.RaftServerConfigKeys (ConfUtils.java:logGet(46)) - raft.server.write.follower.gap.ratio.max = -1.0 (default)
2023-05-23 10:28:19,113 [3ac7e479-6b2c-4ad1-9d02-9355b26abab7@group-4DE6E43F8739-LeaderElection62] INFO  server.RaftServerConfigKeys (ConfUtils.java:logGet(46)) - raft.server.log.appender.snapshot.chunk.size.max = 16MB (=16777216) (default)
2023-05-23 10:28:19,113 [3ac7e479-6b2c-4ad1-9d02-9355b26abab7@group-4DE6E43F8739-LeaderElection62] INFO  server.RaftServerConfigKeys (ConfUtils.java:logGet(46)) - raft.server.log.appender.buffer.byte-limit = 33554432 (custom)
2023-05-23 10:28:19,113 [3ac7e479-6b2c-4ad1-9d02-9355b26abab7@group-4DE6E43F8739-LeaderElection62] INFO  server.RaftServerConfigKeys (ConfUtils.java:logGet(46)) - raft.server.log.appender.buffer.element-limit = 1 (custom)
2023-05-23 10:28:19,113 [3ac7e479-6b2c-4ad1-9d02-9355b26abab7@group-4DE6E43F8739-LeaderElection62] INFO  server.RaftServerConfigKeys (ConfUtils.java:logGet(46)) - raft.server.log.appender.wait-time.min = 10ms (default)
2023-05-23 10:28:19,113 [3ac7e479-6b2c-4ad1-9d02-9355b26abab7@group-4DE6E43F8739-LeaderElection62] INFO  grpc.GrpcConfigKeys (ConfUtils.java:logGet(46)) - raft.grpc.server.leader.outstanding.appends.max = 128 (default)
2023-05-23 10:28:19,113 [3ac7e479-6b2c-4ad1-9d02-9355b26abab7@group-4DE6E43F8739-LeaderElection62] INFO  server.RaftServerConfigKeys (ConfUtils.java:logGet(46)) - raft.server.rpc.request.timeout = 60s (custom)
2023-05-23 10:28:19,114 [3ac7e479-6b2c-4ad1-9d02-9355b26abab7@group-4DE6E43F8739-LeaderElection62] INFO  grpc.GrpcConfigKeys (ConfUtils.java:logGet(46)) - raft.grpc.server.install_snapshot.request.element-limit = 8 (default)
2023-05-23 10:28:19,114 [3ac7e479-6b2c-4ad1-9d02-9355b26abab7@group-4DE6E43F8739-LeaderElection62] INFO  grpc.GrpcConfigKeys (ConfUtils.java:logGet(46)) - raft.grpc.server.install_snapshot.request.timeout = 3000ms (default)
2023-05-23 10:28:19,114 [3ac7e479-6b2c-4ad1-9d02-9355b26abab7@group-4DE6E43F8739-LeaderElection62] INFO  server.RaftServerConfigKeys (ConfUtils.java:logGet(46)) - raft.server.log.appender.install.snapshot.enabled = false (custom)
2023-05-23 10:28:19,114 [3ac7e479-6b2c-4ad1-9d02-9355b26abab7@group-4DE6E43F8739-LeaderElection62] INFO  grpc.GrpcConfigKeys (ConfUtils.java:logGet(46)) - raft.grpc.server.heartbeat.channel = true (default)
2023-05-23 10:28:19,114 [3ac7e479-6b2c-4ad1-9d02-9355b26abab7@group-4DE6E43F8739-LeaderElection62] INFO  server.RaftServerConfigKeys (ConfUtils.java:logGet(46)) - raft.server.log.appender.snapshot.chunk.size.max = 16MB (=16777216) (default)
2023-05-23 10:28:19,114 [3ac7e479-6b2c-4ad1-9d02-9355b26abab7@group-4DE6E43F8739-LeaderElection62] INFO  server.RaftServerConfigKeys (ConfUtils.java:logGet(46)) - raft.server.log.appender.buffer.byte-limit = 33554432 (custom)
2023-05-23 10:28:19,115 [3ac7e479-6b2c-4ad1-9d02-9355b26abab7@group-4DE6E43F8739-LeaderElection62] INFO  server.RaftServerConfigKeys (ConfUtils.java:logGet(46)) - raft.server.log.appender.buffer.element-limit = 1 (custom)
2023-05-23 10:28:19,115 [3ac7e479-6b2c-4ad1-9d02-9355b26abab7@group-4DE6E43F8739-LeaderElection62] INFO  server.RaftServerConfigKeys (ConfUtils.java:logGet(46)) - raft.server.log.appender.wait-time.min = 10ms (default)
2023-05-23 10:28:19,115 [3ac7e479-6b2c-4ad1-9d02-9355b26abab7@group-4DE6E43F8739-LeaderElection62] INFO  grpc.GrpcConfigKeys (ConfUtils.java:logGet(46)) - raft.grpc.server.leader.outstanding.appends.max = 128 (default)
2023-05-23 10:28:19,115 [3ac7e479-6b2c-4ad1-9d02-9355b26abab7@group-4DE6E43F8739-LeaderElection62] INFO  server.RaftServerConfigKeys (ConfUtils.java:logGet(46)) - raft.server.rpc.request.timeout = 60s (custom)
2023-05-23 10:28:19,115 [3ac7e479-6b2c-4ad1-9d02-9355b26abab7@group-4DE6E43F8739-LeaderElection62] INFO  grpc.GrpcConfigKeys (ConfUtils.java:logGet(46)) - raft.grpc.server.install_snapshot.request.element-limit = 8 (default)
2023-05-23 10:28:19,115 [3ac7e479-6b2c-4ad1-9d02-9355b26abab7@group-4DE6E43F8739-LeaderElection62] INFO  grpc.GrpcConfigKeys (ConfUtils.java:logGet(46)) - raft.grpc.server.install_snapshot.request.timeout = 3000ms (default)
2023-05-23 10:28:19,115 [3ac7e479-6b2c-4ad1-9d02-9355b26abab7@group-4DE6E43F8739-LeaderElection62] INFO  server.RaftServerConfigKeys (ConfUtils.java:logGet(46)) - raft.server.log.appender.install.snapshot.enabled = false (custom)
2023-05-23 10:28:19,115 [3ac7e479-6b2c-4ad1-9d02-9355b26abab7@group-4DE6E43F8739-LeaderElection62] INFO  grpc.GrpcConfigKeys (ConfUtils.java:logGet(46)) - raft.grpc.server.heartbeat.channel = true (default)
2023-05-23 10:28:19,115 [3ac7e479-6b2c-4ad1-9d02-9355b26abab7@group-4DE6E43F8739-LeaderElection62] INFO  impl.RoleInfo (RoleInfo.java:updateAndGet(139)) - 3ac7e479-6b2c-4ad1-9d02-9355b26abab7: start 3ac7e479-6b2c-4ad1-9d02-9355b26abab7@group-4DE6E43F8739-LeaderStateImpl
2023-05-23 10:28:19,115 [3ac7e479-6b2c-4ad1-9d02-9355b26abab7@group-4DE6E43F8739-LeaderElection62] INFO  segmented.SegmentedRaftLogWorker (SegmentedRaftLogWorker.java:rollLogSegment(452)) - 3ac7e479-6b2c-4ad1-9d02-9355b26abab7@group-4DE6E43F8739-SegmentedRaftLogWorker: Rolling segment log-0_6 to index:6
2023-05-23 10:28:19,116 [3ac7e479-6b2c-4ad1-9d02-9355b26abab7@group-4DE6E43F8739-SegmentedRaftLogWorker] INFO  segmented.SegmentedRaftLogWorker (SegmentedRaftLogWorker.java:execute(608)) - 3ac7e479-6b2c-4ad1-9d02-9355b26abab7@group-4DE6E43F8739-SegmentedRaftLogWorker: Rolled log segment from /home/runner/work/ozone/ozone/hadoop-ozone/integration-test/target/test-dir/MiniOzoneClusterImpl-61d3b935-36cd-4496-a441-eee01f8c564c/datanode-2/data/ratis/221d147b-12b5-45ed-b68f-4de6e43f8739/current/log_inprogress_0 to /home/runner/work/ozone/ozone/hadoop-ozone/integration-test/target/test-dir/MiniOzoneClusterImpl-61d3b935-36cd-4496-a441-eee01f8c564c/datanode-2/data/ratis/221d147b-12b5-45ed-b68f-4de6e43f8739/current/log_0-6
2023-05-23 10:28:19,117 [3ac7e479-6b2c-4ad1-9d02-9355b26abab7@group-4DE6E43F8739-SegmentedRaftLogWorker] INFO  segmented.SegmentedRaftLogWorker (SegmentedRaftLogWorker.java:execute(651)) - 3ac7e479-6b2c-4ad1-9d02-9355b26abab7@group-4DE6E43F8739-SegmentedRaftLogWorker: created new log segment /home/runner/work/ozone/ozone/hadoop-ozone/integration-test/target/test-dir/MiniOzoneClusterImpl-61d3b935-36cd-4496-a441-eee01f8c564c/datanode-2/data/ratis/221d147b-12b5-45ed-b68f-4de6e43f8739/current/log_inprogress_7
2023-05-23 10:28:19,118 [grpc-default-executor-5] WARN  server.GrpcLogAppender (LogUtils.java:warn(122)) - 3ac7e479-6b2c-4ad1-9d02-9355b26abab7@group-4DE6E43F8739->2f994218-547f-400b-b588-7f48010df848-AppendLogResponseHandler: Failed appendEntries: org.apache.ratis.thirdparty.io.grpc.StatusRuntimeException: UNAVAILABLE: io exception
2023-05-23 10:28:19,118 [grpc-default-executor-5] INFO  leader.FollowerInfo (FollowerInfoImpl.java:lambda$new$0(52)) - 3ac7e479-6b2c-4ad1-9d02-9355b26abab7@group-4DE6E43F8739->2f994218-547f-400b-b588-7f48010df848: decreaseNextIndex nextIndex: updateUnconditionally 7 -> 0
2023-05-23 10:28:19,120 [grpc-default-executor-5] WARN  server.GrpcLogAppender (LogUtils.java:warn(122)) - 3ac7e479-6b2c-4ad1-9d02-9355b26abab7@group-4DE6E43F8739->2f994218-547f-400b-b588-7f48010df848-AppendLogResponseHandler: Failed appendEntries: org.apache.ratis.thirdparty.io.grpc.StatusRuntimeException: UNAVAILABLE: io exception
2023-05-23 10:28:19,121 [3ac7e479-6b2c-4ad1-9d02-9355b26abab7@group-4DE6E43F8739-LeaderElection62] INFO  server.RaftServer$Division (ServerState.java:setRaftConf(434)) - 3ac7e479-6b2c-4ad1-9d02-9355b26abab7@group-4DE6E43F8739: set configuration 7: peers:[3ac7e479-6b2c-4ad1-9d02-9355b26abab7|rpc:10.1.0.38:15269|admin:10.1.0.38:15268|client:10.1.0.38:15267|dataStream:10.1.0.38:15270|priority:0|startupRole:FOLLOWER, 2f994218-547f-400b-b588-7f48010df848|rpc:10.1.0.38:15261|admin:10.1.0.38:15260|client:10.1.0.38:15259|dataStream:10.1.0.38:15262|priority:1|startupRole:FOLLOWER, a469ef55-9a66-4c89-903c-187a01270f46|rpc:10.1.0.38:15253|admin:10.1.0.38:15252|client:10.1.0.38:15251|dataStream:10.1.0.38:15254|priority:0|startupRole:FOLLOWER]|listeners:[], old=null
2023-05-23 10:28:19,121 [grpc-default-executor-0] WARN  server.GrpcLogAppender (LogUtils.java:warn(122)) - 3ac7e479-6b2c-4ad1-9d02-9355b26abab7@group-4DE6E43F8739->2f994218-547f-400b-b588-7f48010df848-AppendLogResponseHandler: Failed appendEntries: org.apache.ratis.thirdparty.io.grpc.StatusRuntimeException: UNAVAILABLE: io exception
2023-05-23 10:28:19,124 [grpc-default-executor-5] WARN  server.GrpcLogAppender (LogUtils.java:warn(122)) - 3ac7e479-6b2c-4ad1-9d02-9355b26abab7@group-4DE6E43F8739->2f994218-547f-400b-b588-7f48010df848-AppendLogResponseHandler: Failed appendEntries: org.apache.ratis.thirdparty.io.grpc.StatusRuntimeException: UNAVAILABLE: io exception
2023-05-23 10:28:19,127 [a469ef55-9a66-4c89-903c-187a01270f46-server-thread1] INFO  ratis.XceiverServerRatis (XceiverServerRatis.java:handleLeaderChangedNotification(904)) - Leader change notification received for group: group-4DE6E43F8739 with new leaderId: 3ac7e479-6b2c-4ad1-9d02-9355b26abab7
2023-05-23 10:28:19,127 [a469ef55-9a66-4c89-903c-187a01270f46-server-thread1] INFO  server.RaftServer$Division (ServerState.java:setLeader(317)) - a469ef55-9a66-4c89-903c-187a01270f46@group-4DE6E43F8739: change Leader from null to 3ac7e479-6b2c-4ad1-9d02-9355b26abab7 at term 2 for appendEntries, leader elected after 21ms
2023-05-23 10:28:19,130 [grpc-default-executor-4] WARN  server.GrpcLogAppender (LogUtils.java:warn(122)) - 3ac7e479-6b2c-4ad1-9d02-9355b26abab7@group-4DE6E43F8739->2f994218-547f-400b-b588-7f48010df848-AppendLogResponseHandler: Failed appendEntries: org.apache.ratis.thirdparty.io.grpc.StatusRuntimeException: UNAVAILABLE: io exception
2023-05-23 10:28:19,130 [grpc-default-executor-0] WARN  server.GrpcLogAppender (LogUtils.java:warn(122)) - 3ac7e479-6b2c-4ad1-9d02-9355b26abab7@group-4DE6E43F8739->2f994218-547f-400b-b588-7f48010df848-AppendLogResponseHandler: Failed appendEntries: org.apache.ratis.thirdparty.io.grpc.StatusRuntimeException: UNAVAILABLE: io exception
2023-05-23 10:28:19,130 [grpc-default-executor-4] INFO  leader.FollowerInfo (FollowerInfoImpl.java:lambda$new$0(52)) - 3ac7e479-6b2c-4ad1-9d02-9355b26abab7@group-4DE6E43F8739->2f994218-547f-400b-b588-7f48010df848: decreaseNextIndex nextIndex: updateUnconditionally 1 -> 0
2023-05-23 10:28:19,131 [grpc-default-executor-0] WARN  server.GrpcLogAppender (LogUtils.java:warn(122)) - 3ac7e479-6b2c-4ad1-9d02-9355b26abab7@group-4DE6E43F8739->2f994218-547f-400b-b588-7f48010df848-AppendLogResponseHandler: Failed appendEntries: org.apache.ratis.thirdparty.io.grpc.StatusRuntimeException: UNAVAILABLE: io exception
2023-05-23 10:28:19,132 [grpc-default-executor-4] WARN  server.GrpcLogAppender (LogUtils.java:warn(122)) - 3ac7e479-6b2c-4ad1-9d02-9355b26abab7@group-4DE6E43F8739->2f994218-547f-400b-b588-7f48010df848-AppendLogResponseHandler: Failed appendEntries: org.apache.ratis.thirdparty.io.grpc.StatusRuntimeException: UNAVAILABLE: io exception
2023-05-23 10:28:19,132 [grpc-default-executor-0] INFO  leader.FollowerInfo (FollowerInfoImpl.java:lambda$new$0(52)) - 3ac7e479-6b2c-4ad1-9d02-9355b26abab7@group-4DE6E43F8739->2f994218-547f-400b-b588-7f48010df848: decreaseNextIndex nextIndex: updateUnconditionally 1 -> 0
2023-05-23 10:28:19,133 [grpc-default-executor-4] WARN  server.GrpcLogAppender (LogUtils.java:warn(122)) - 3ac7e479-6b2c-4ad1-9d02-9355b26abab7@group-4DE6E43F8739->2f994218-547f-400b-b588-7f48010df848-AppendLogResponseHandler: Failed appendEntries: org.apache.ratis.thirdparty.io.grpc.StatusRuntimeException: UNAVAILABLE: io exception
2023-05-23 10:28:19,133 [grpc-default-executor-4] INFO  leader.FollowerInfo (FollowerInfoImpl.java:lambda$new$0(52)) - 3ac7e479-6b2c-4ad1-9d02-9355b26abab7@group-4DE6E43F8739->2f994218-547f-400b-b588-7f48010df848: decreaseNextIndex nextIndex: updateUnconditionally 1 -> 0
2023-05-23 10:28:19,136 [grpc-default-executor-0] WARN  server.GrpcLogAppender (LogUtils.java:warn(122)) - 3ac7e479-6b2c-4ad1-9d02-9355b26abab7@group-4DE6E43F8739->2f994218-547f-400b-b588-7f48010df848-AppendLogResponseHandler: Failed appendEntries: org.apache.ratis.thirdparty.io.grpc.StatusRuntimeException: UNAVAILABLE: io exception
2023-05-23 10:28:19,139 [a469ef55-9a66-4c89-903c-187a01270f46-server-thread3] INFO  server.RaftServer$Division (ServerState.java:setRaftConf(434)) - a469ef55-9a66-4c89-903c-187a01270f46@group-4DE6E43F8739: set configuration 7: peers:[3ac7e479-6b2c-4ad1-9d02-9355b26abab7|rpc:10.1.0.38:15269|admin:10.1.0.38:15268|client:10.1.0.38:15267|dataStream:10.1.0.38:15270|priority:0|startupRole:FOLLOWER, 2f994218-547f-400b-b588-7f48010df848|rpc:10.1.0.38:15261|admin:10.1.0.38:15260|client:10.1.0.38:15259|dataStream:10.1.0.38:15262|priority:1|startupRole:FOLLOWER, a469ef55-9a66-4c89-903c-187a01270f46|rpc:10.1.0.38:15253|admin:10.1.0.38:15252|client:10.1.0.38:15251|dataStream:10.1.0.38:15254|priority:0|startupRole:FOLLOWER]|listeners:[], old=null
2023-05-23 10:28:19,139 [a469ef55-9a66-4c89-903c-187a01270f46-server-thread3] INFO  segmented.SegmentedRaftLogWorker (SegmentedRaftLogWorker.java:rollLogSegment(452)) - a469ef55-9a66-4c89-903c-187a01270f46@group-4DE6E43F8739-SegmentedRaftLogWorker: Rolling segment log-0_6 to index:6
2023-05-23 10:28:19,140 [a469ef55-9a66-4c89-903c-187a01270f46@group-4DE6E43F8739-SegmentedRaftLogWorker] INFO  segmented.SegmentedRaftLogWorker (SegmentedRaftLogWorker.java:execute(608)) - a469ef55-9a66-4c89-903c-187a01270f46@group-4DE6E43F8739-SegmentedRaftLogWorker: Rolled log segment from /home/runner/work/ozone/ozone/hadoop-ozone/integration-test/target/test-dir/MiniOzoneClusterImpl-61d3b935-36cd-4496-a441-eee01f8c564c/datanode-0/data/ratis/221d147b-12b5-45ed-b68f-4de6e43f8739/current/log_inprogress_0 to /home/runner/work/ozone/ozone/hadoop-ozone/integration-test/target/test-dir/MiniOzoneClusterImpl-61d3b935-36cd-4496-a441-eee01f8c564c/datanode-0/data/ratis/221d147b-12b5-45ed-b68f-4de6e43f8739/current/log_0-6
2023-05-23 10:28:19,141 [a469ef55-9a66-4c89-903c-187a01270f46@group-4DE6E43F8739-SegmentedRaftLogWorker] INFO  segmented.SegmentedRaftLogWorker (SegmentedRaftLogWorker.java:execute(651)) - a469ef55-9a66-4c89-903c-187a01270f46@group-4DE6E43F8739-SegmentedRaftLogWorker: created new log segment /home/runner/work/ozone/ozone/hadoop-ozone/integration-test/target/test-dir/MiniOzoneClusterImpl-61d3b935-36cd-4496-a441-eee01f8c564c/datanode-0/data/ratis/221d147b-12b5-45ed-b68f-4de6e43f8739/current/log_inprogress_7
2023-05-23 10:28:19,145 [grpc-default-executor-0] WARN  server.GrpcLogAppender (LogUtils.java:warn(122)) - 3ac7e479-6b2c-4ad1-9d02-9355b26abab7@group-4DE6E43F8739->2f994218-547f-400b-b588-7f48010df848-AppendLogResponseHandler: Failed appendEntries: org.apache.ratis.thirdparty.io.grpc.StatusRuntimeException: UNAVAILABLE: io exception
2023-05-23 10:28:19,145 [grpc-default-executor-0] INFO  leader.FollowerInfo (FollowerInfoImpl.java:lambda$new$0(52)) - 3ac7e479-6b2c-4ad1-9d02-9355b26abab7@group-4DE6E43F8739->2f994218-547f-400b-b588-7f48010df848: decreaseNextIndex nextIndex: updateUnconditionally 1 -> 0
2023-05-23 10:28:19,145 [grpc-default-executor-4] WARN  server.GrpcLogAppender (LogUtils.java:warn(122)) - 3ac7e479-6b2c-4ad1-9d02-9355b26abab7@group-4DE6E43F8739->2f994218-547f-400b-b588-7f48010df848-AppendLogResponseHandler: Failed appendEntries: org.apache.ratis.thirdparty.io.grpc.StatusRuntimeException: UNAVAILABLE: io exception
2023-05-23 10:28:19,150 [grpc-default-executor-0] WARN  server.GrpcLogAppender (LogUtils.java:warn(122)) - 3ac7e479-6b2c-4ad1-9d02-9355b26abab7@group-4DE6E43F8739->2f994218-547f-400b-b588-7f48010df848-AppendLogResponseHandler: Failed appendEntries: org.apache.ratis.thirdparty.io.grpc.StatusRuntimeException: UNAVAILABLE: io exception
2023-05-23 10:28:19,150 [grpc-default-executor-4] WARN  server.GrpcLogAppender (LogUtils.java:warn(122)) - 3ac7e479-6b2c-4ad1-9d02-9355b26abab7@group-4DE6E43F8739->2f994218-547f-400b-b588-7f48010df848-AppendLogResponseHandler: Failed appendEntries: org.apache.ratis.thirdparty.io.grpc.StatusRuntimeException: UNAVAILABLE: io exception
2023-05-23 10:28:19,151 [grpc-default-executor-0] INFO  leader.FollowerInfo (FollowerInfoImpl.java:lambda$new$0(52)) - 3ac7e479-6b2c-4ad1-9d02-9355b26abab7@group-4DE6E43F8739->2f994218-547f-400b-b588-7f48010df848: decreaseNextIndex nextIndex: updateUnconditionally 1 -> 0
2023-05-23 10:28:19,156 [grpc-default-executor-4] WARN  server.GrpcLogAppender (LogUtils.java:warn(122)) - 3ac7e479-6b2c-4ad1-9d02-9355b26abab7@group-4DE6E43F8739->2f994218-547f-400b-b588-7f48010df848-AppendLogResponseHandler: Failed appendEntries: org.apache.ratis.thirdparty.io.grpc.StatusRuntimeException: UNAVAILABLE: io exception
2023-05-23 10:28:19,156 [grpc-default-executor-0] WARN  server.GrpcLogAppender (LogUtils.java:warn(122)) - 3ac7e479-6b2c-4ad1-9d02-9355b26abab7@group-4DE6E43F8739->2f994218-547f-400b-b588-7f48010df848-AppendLogResponseHandler: Failed appendEntries: org.apache.ratis.thirdparty.io.grpc.StatusRuntimeException: UNAVAILABLE: io exception
2023-05-23 10:28:19,159 [grpc-default-executor-4] INFO  leader.FollowerInfo (FollowerInfoImpl.java:lambda$new$0(52)) - 3ac7e479-6b2c-4ad1-9d02-9355b26abab7@group-4DE6E43F8739->2f994218-547f-400b-b588-7f48010df848: decreaseNextIndex nextIndex: updateUnconditionally 1 -> 0
2023-05-23 10:28:19,160 [grpc-default-executor-4] WARN  server.GrpcLogAppender (LogUtils.java:warn(122)) - 3ac7e479-6b2c-4ad1-9d02-9355b26abab7@group-4DE6E43F8739->2f994218-547f-400b-b588-7f48010df848-AppendLogResponseHandler: Failed appendEntries: org.apache.ratis.thirdparty.io.grpc.StatusRuntimeException: UNAVAILABLE: io exception
2023-05-23 10:28:19,161 [grpc-default-executor-4] INFO  leader.FollowerInfo (FollowerInfoImpl.java:lambda$new$0(52)) - 3ac7e479-6b2c-4ad1-9d02-9355b26abab7@group-4DE6E43F8739->2f994218-547f-400b-b588-7f48010df848: decreaseNextIndex nextIndex: updateUnconditionally 1 -> 0
2023-05-23 10:28:19,165 [grpc-default-executor-0] WARN  server.GrpcLogAppender (LogUtils.java:warn(122)) - 3ac7e479-6b2c-4ad1-9d02-9355b26abab7@group-4DE6E43F8739->2f994218-547f-400b-b588-7f48010df848-AppendLogResponseHandler: Failed appendEntries: org.apache.ratis.thirdparty.io.grpc.StatusRuntimeException: UNAVAILABLE: io exception
2023-05-23 10:28:19,169 [Listener at 127.0.0.1/15244] INFO  container.TestHelper (TestHelper.java:countReplicas(423)) - Container 1 has 3 replicas on [2f994218-547f-400b-b588-7f48010df848, 3ac7e479-6b2c-4ad1-9d02-9355b26abab7, a469ef55-9a66-4c89-903c-187a01270f46]
2023-05-23 10:28:19,174 [EventQueue-DeadNodeForDeadNodeHandler] INFO  node.DeadNodeHandler (DeadNodeHandler.java:onMessage(83)) - A dead datanode is detected. 2f994218-547f-400b-b588-7f48010df848(fv-az1249-304/10.1.0.38)
2023-05-23 10:28:19,174 [EventQueue-DeadNodeForDeadNodeHandler] INFO  pipeline.RatisPipelineProvider (RatisPipelineProvider.java:lambda$close$4(272)) - Send pipeline:PipelineID=221d147b-12b5-45ed-b68f-4de6e43f8739 close command to datanode 2f994218-547f-400b-b588-7f48010df848
2023-05-23 10:28:19,174 [EventQueue-DeadNodeForDeadNodeHandler] INFO  pipeline.RatisPipelineProvider (RatisPipelineProvider.java:lambda$close$4(272)) - Send pipeline:PipelineID=221d147b-12b5-45ed-b68f-4de6e43f8739 close command to datanode 3ac7e479-6b2c-4ad1-9d02-9355b26abab7
2023-05-23 10:28:19,174 [EventQueue-DeadNodeForDeadNodeHandler] INFO  pipeline.RatisPipelineProvider (RatisPipelineProvider.java:lambda$close$4(272)) - Send pipeline:PipelineID=221d147b-12b5-45ed-b68f-4de6e43f8739 close command to datanode a469ef55-9a66-4c89-903c-187a01270f46
2023-05-23 10:28:19,176 [EventQueue-DeadNodeForDeadNodeHandler] INFO  pipeline.PipelineStateManagerImpl (PipelineStateManagerImpl.java:removePipeline(245)) - Pipeline Pipeline[ Id: 221d147b-12b5-45ed-b68f-4de6e43f8739, Nodes: 2f994218-547f-400b-b588-7f48010df848(fv-az1249-304/10.1.0.38)3ac7e479-6b2c-4ad1-9d02-9355b26abab7(fv-az1249-304/10.1.0.38)a469ef55-9a66-4c89-903c-187a01270f46(fv-az1249-304/10.1.0.38), ReplicationConfig: RATIS/THREE, State:CLOSED, leaderId:3ac7e479-6b2c-4ad1-9d02-9355b26abab7, CreationTimestamp2023-05-23T10:28:01.325Z[Etc/UTC]] removed.
2023-05-23 10:28:19,176 [EventQueue-DeadNodeForDeadNodeHandler] INFO  pipeline.RatisPipelineProvider (RatisPipelineProvider.java:lambda$close$4(272)) - Send pipeline:PipelineID=3c6d9ab7-6cba-4c07-ae1b-37b4e9cd4966 close command to datanode 2f994218-547f-400b-b588-7f48010df848
2023-05-23 10:28:19,177 [EventQueue-DeadNodeForDeadNodeHandler] INFO  pipeline.PipelineStateManagerImpl (PipelineStateManagerImpl.java:removePipeline(245)) - Pipeline Pipeline[ Id: 3c6d9ab7-6cba-4c07-ae1b-37b4e9cd4966, Nodes: 2f994218-547f-400b-b588-7f48010df848(fv-az1249-304/10.1.0.38), ReplicationConfig: RATIS/ONE, State:CLOSED, leaderId:2f994218-547f-400b-b588-7f48010df848, CreationTimestamp2023-05-23T10:28:01.004Z[Etc/UTC]] removed.
2023-05-23 10:28:19,177 [EventQueue-DeadNodeForDeadNodeHandler] INFO  pipeline.RatisPipelineProvider (RatisPipelineProvider.java:lambda$close$4(272)) - Send pipeline:PipelineID=f62330b8-f372-49ef-96d7-cc085891edf4 close command to datanode a469ef55-9a66-4c89-903c-187a01270f46
2023-05-23 10:28:19,177 [EventQueue-DeadNodeForDeadNodeHandler] INFO  pipeline.RatisPipelineProvider (RatisPipelineProvider.java:lambda$close$4(272)) - Send pipeline:PipelineID=f62330b8-f372-49ef-96d7-cc085891edf4 close command to datanode 3ac7e479-6b2c-4ad1-9d02-9355b26abab7
2023-05-23 10:28:19,177 [EventQueue-DeadNodeForDeadNodeHandler] INFO  pipeline.RatisPipelineProvider (RatisPipelineProvider.java:lambda$close$4(272)) - Send pipeline:PipelineID=f62330b8-f372-49ef-96d7-cc085891edf4 close command to datanode 2f994218-547f-400b-b588-7f48010df848
2023-05-23 10:28:19,177 [EventQueue-DeadNodeForDeadNodeHandler] INFO  pipeline.PipelineStateManagerImpl (PipelineStateManagerImpl.java:removePipeline(245)) - Pipeline Pipeline[ Id: f62330b8-f372-49ef-96d7-cc085891edf4, Nodes: a469ef55-9a66-4c89-903c-187a01270f46(fv-az1249-304/10.1.0.38)3ac7e479-6b2c-4ad1-9d02-9355b26abab7(fv-az1249-304/10.1.0.38)2f994218-547f-400b-b588-7f48010df848(fv-az1249-304/10.1.0.38), ReplicationConfig: RATIS/THREE, State:CLOSED, leaderId:a469ef55-9a66-4c89-903c-187a01270f46, CreationTimestamp2023-05-23T10:28:01.326Z[Etc/UTC]] removed.
2023-05-23 10:28:19,178 [EventQueue-DeadNodeForDeadNodeHandler] INFO  node.DeadNodeHandler (DeadNodeHandler.java:onMessage(96)) - Clearing command queue of size 3 for DN 2f994218-547f-400b-b588-7f48010df848(fv-az1249-304/10.1.0.38)
2023-05-23 10:28:19,179 [EventQueue-DeadNodeForDeadNodeHandler] INFO  net.NetworkTopologyImpl (NetworkTopologyImpl.java:remove(190)) - Removed a node: /default-rack/2f994218-547f-400b-b588-7f48010df848
2023-05-23 10:28:19,358 [ReplicationMonitor] INFO  replication.ReplicationManager (ReplicationManager.java:processAll(403)) - Replication Monitor Thread took 1 milliseconds for processing 1 containers.
2023-05-23 10:28:20,155 [Command processor thread] INFO  server.RaftServer (RaftServerProxy.java:remove(109)) - 3ac7e479-6b2c-4ad1-9d02-9355b26abab7: remove    LEADER 3ac7e479-6b2c-4ad1-9d02-9355b26abab7@group-4DE6E43F8739:t2, leader=3ac7e479-6b2c-4ad1-9d02-9355b26abab7, voted=3ac7e479-6b2c-4ad1-9d02-9355b26abab7, raftlog=Memoized:3ac7e479-6b2c-4ad1-9d02-9355b26abab7@group-4DE6E43F8739-SegmentedRaftLog:OPENED:c8, conf=7: peers:[3ac7e479-6b2c-4ad1-9d02-9355b26abab7|rpc:10.1.0.38:15269|admin:10.1.0.38:15268|client:10.1.0.38:15267|dataStream:10.1.0.38:15270|priority:0|startupRole:FOLLOWER, 2f994218-547f-400b-b588-7f48010df848|rpc:10.1.0.38:15261|admin:10.1.0.38:15260|client:10.1.0.38:15259|dataStream:10.1.0.38:15262|priority:1|startupRole:FOLLOWER, a469ef55-9a66-4c89-903c-187a01270f46|rpc:10.1.0.38:15253|admin:10.1.0.38:15252|client:10.1.0.38:15251|dataStream:10.1.0.38:15254|priority:0|startupRole:FOLLOWER]|listeners:[], old=null RUNNING
2023-05-23 10:28:20,155 [Command processor thread] INFO  server.RaftServer$Division (RaftServerImpl.java:lambda$close$4(466)) - 3ac7e479-6b2c-4ad1-9d02-9355b26abab7@group-4DE6E43F8739: shutdown
2023-05-23 10:28:20,155 [Command processor thread] INFO  util.JmxRegister (JmxRegister.java:unregister(73)) - Successfully un-registered JMX Bean with object name Ratis:service=RaftServer,group=group-4DE6E43F8739,id=3ac7e479-6b2c-4ad1-9d02-9355b26abab7
2023-05-23 10:28:20,155 [Command processor thread] INFO  impl.RoleInfo (RoleInfo.java:shutdownLeaderState(93)) - 3ac7e479-6b2c-4ad1-9d02-9355b26abab7: shutdown 3ac7e479-6b2c-4ad1-9d02-9355b26abab7@group-4DE6E43F8739-LeaderStateImpl
2023-05-23 10:28:20,156 [Command processor thread] INFO  impl.PendingRequests (PendingRequests.java:sendNotLeaderResponses(289)) - 3ac7e479-6b2c-4ad1-9d02-9355b26abab7@group-4DE6E43F8739-PendingRequests: sendNotLeaderResponses
2023-05-23 10:28:20,156 [3ac7e479-6b2c-4ad1-9d02-9355b26abab7@group-4DE6E43F8739->2f994218-547f-400b-b588-7f48010df848-GrpcLogAppender-LogAppenderDaemon] WARN  server.GrpcLogAppender (GrpcLogAppender.java:mayWait(199)) - 3ac7e479-6b2c-4ad1-9d02-9355b26abab7@group-4DE6E43F8739->2f994218-547f-400b-b588-7f48010df848-GrpcLogAppender: Wait interrupted by java.lang.InterruptedException
2023-05-23 10:28:20,156 [Command processor thread] INFO  impl.StateMachineUpdater (StateMachineUpdater.java:stopAndJoin(155)) - 3ac7e479-6b2c-4ad1-9d02-9355b26abab7@group-4DE6E43F8739-StateMachineUpdater: set stopIndex = 8
2023-05-23 10:28:20,156 [3ac7e479-6b2c-4ad1-9d02-9355b26abab7@group-4DE6E43F8739-StateMachineUpdater] INFO  ratis.ContainerStateMachine (ContainerStateMachine.java:takeSnapshot(330)) - group-4DE6E43F8739: Taking a snapshot at:(t:2, i:8) file /home/runner/work/ozone/ozone/hadoop-ozone/integration-test/target/test-dir/MiniOzoneClusterImpl-61d3b935-36cd-4496-a441-eee01f8c564c/datanode-2/data/ratis/221d147b-12b5-45ed-b68f-4de6e43f8739/sm/snapshot.2_8
2023-05-23 10:28:20,156 [3ac7e479-6b2c-4ad1-9d02-9355b26abab7@group-4DE6E43F8739->a469ef55-9a66-4c89-903c-187a01270f46-GrpcLogAppender-LogAppenderDaemon] WARN  server.GrpcLogAppender (GrpcLogAppender.java:mayWait(199)) - 3ac7e479-6b2c-4ad1-9d02-9355b26abab7@group-4DE6E43F8739->a469ef55-9a66-4c89-903c-187a01270f46-GrpcLogAppender: Wait interrupted by java.lang.InterruptedException
2023-05-23 10:28:20,157 [grpc-default-executor-4] INFO  server.GrpcServerProtocolService (GrpcServerProtocolService.java:onCompleted(155)) - a469ef55-9a66-4c89-903c-187a01270f46: Completed APPEND_ENTRIES, lastRequest: null
2023-05-23 10:28:20,157 [grpc-default-executor-0] INFO  server.GrpcServerProtocolService (GrpcServerProtocolService.java:onCompleted(155)) - a469ef55-9a66-4c89-903c-187a01270f46: Completed APPEND_ENTRIES, lastRequest: 3ac7e479-6b2c-4ad1-9d02-9355b26abab7->a469ef55-9a66-4c89-903c-187a01270f46#2-t2,previous=(t:2, i:7),leaderCommit=7,initializing? true,entries: size=1, first=(t:2, i:8), METADATAENTRY(c:7)
2023-05-23 10:28:20,157 [grpc-default-executor-0] INFO  server.GrpcServerProtocolService (GrpcServerProtocolService.java:lambda$onCompleted$5(157)) - a469ef55-9a66-4c89-903c-187a01270f46: Completed APPEND_ENTRIES, lastReply: null
2023-05-23 10:28:20,158 [grpc-default-executor-4] INFO  server.GrpcServerProtocolService (GrpcServerProtocolService.java:lambda$onCompleted$5(157)) - a469ef55-9a66-4c89-903c-187a01270f46: Completed APPEND_ENTRIES, lastReply: serverReply {
  requestorId: "3ac7e479-6b2c-4ad1-9d02-9355b26abab7"
  replyId: "a469ef55-9a66-4c89-903c-187a01270f46"
  raftGroupId {
    id: "\"\035\024{\022\265E\355\266\217M\346\344?\2079"
  }
  success: true
}
term: 2
nextIndex: 7
followerCommit: 5
matchIndex: 18446744073709551615
isHearbeat: true

2023-05-23 10:28:20,158 [3ac7e479-6b2c-4ad1-9d02-9355b26abab7@group-4DE6E43F8739-StateMachineUpdater] INFO  ratis.ContainerStateMachine (ContainerStateMachine.java:takeSnapshot(341)) - group-4DE6E43F8739: Finished taking a snapshot at:(t:2, i:8) file:/home/runner/work/ozone/ozone/hadoop-ozone/integration-test/target/test-dir/MiniOzoneClusterImpl-61d3b935-36cd-4496-a441-eee01f8c564c/datanode-2/data/ratis/221d147b-12b5-45ed-b68f-4de6e43f8739/sm/snapshot.2_8 took: 2 ms
2023-05-23 10:28:20,158 [3ac7e479-6b2c-4ad1-9d02-9355b26abab7@group-4DE6E43F8739-StateMachineUpdater] INFO  impl.StateMachineUpdater (StateMachineUpdater.java:takeSnapshot(291)) - 3ac7e479-6b2c-4ad1-9d02-9355b26abab7@group-4DE6E43F8739-StateMachineUpdater: Took a snapshot at index 8
2023-05-23 10:28:20,158 [3ac7e479-6b2c-4ad1-9d02-9355b26abab7@group-4DE6E43F8739-StateMachineUpdater] INFO  impl.StateMachineUpdater (StateMachineUpdater.java:lambda$new$0(97)) - 3ac7e479-6b2c-4ad1-9d02-9355b26abab7@group-4DE6E43F8739-StateMachineUpdater: snapshotIndex: updateIncreasingly -1 -> 8
2023-05-23 10:28:20,159 [grpc-default-executor-4] INFO  server.GrpcLogAppender (GrpcLogAppender.java:onCompleted(428)) - 3ac7e479-6b2c-4ad1-9d02-9355b26abab7@group-4DE6E43F8739->a469ef55-9a66-4c89-903c-187a01270f46-AppendLogResponseHandler: follower responses appendEntries COMPLETED
2023-05-23 10:28:20,159 [grpc-default-executor-4] INFO  leader.FollowerInfo (FollowerInfoImpl.java:lambda$new$0(52)) - 3ac7e479-6b2c-4ad1-9d02-9355b26abab7@group-4DE6E43F8739->a469ef55-9a66-4c89-903c-187a01270f46: decreaseNextIndex nextIndex: updateUnconditionally 9 -> 8
2023-05-23 10:28:20,159 [Command processor thread] INFO  server.RaftServer$Division (ServerState.java:close(472)) - 3ac7e479-6b2c-4ad1-9d02-9355b26abab7@group-4DE6E43F8739: closes. applyIndex: 8
2023-05-23 10:28:20,160 [grpc-default-executor-4] INFO  server.GrpcLogAppender (GrpcLogAppender.java:onCompleted(428)) - 3ac7e479-6b2c-4ad1-9d02-9355b26abab7@group-4DE6E43F8739->a469ef55-9a66-4c89-903c-187a01270f46-AppendLogResponseHandler: follower responses appendEntries COMPLETED
2023-05-23 10:28:20,160 [grpc-default-executor-4] INFO  leader.FollowerInfo (FollowerInfoImpl.java:lambda$new$0(52)) - 3ac7e479-6b2c-4ad1-9d02-9355b26abab7@group-4DE6E43F8739->a469ef55-9a66-4c89-903c-187a01270f46: decreaseNextIndex nextIndex: updateUnconditionally 8 -> 7
2023-05-23 10:28:20,169 [Listener at 127.0.0.1/15244] INFO  container.TestHelper (TestHelper.java:countReplicas(423)) - Container 1 has 2 replicas on [3ac7e479-6b2c-4ad1-9d02-9355b26abab7, a469ef55-9a66-4c89-903c-187a01270f46]
2023-05-23 10:28:20,169 [Listener at 127.0.0.1/15244] INFO  container.TestHelper (TestHelper.java:countReplicas(423)) - Container 1 has 2 replicas on [3ac7e479-6b2c-4ad1-9d02-9355b26abab7, a469ef55-9a66-4c89-903c-187a01270f46]
2023-05-23 10:28:20,247 [grpc-default-executor-0] WARN  server.GrpcLogAppender (LogUtils.java:warn(122)) - a469ef55-9a66-4c89-903c-187a01270f46@group-CC085891EDF4->2f994218-547f-400b-b588-7f48010df848-AppendLogResponseHandler: Failed appendEntries: org.apache.ratis.thirdparty.io.grpc.StatusRuntimeException: UNAVAILABLE: io exception
2023-05-23 10:28:20,247 [grpc-default-executor-4] WARN  server.GrpcLogAppender (LogUtils.java:warn(122)) - a469ef55-9a66-4c89-903c-187a01270f46@group-CC085891EDF4->2f994218-547f-400b-b588-7f48010df848-AppendLogResponseHandler: Failed appendEntries: org.apache.ratis.thirdparty.io.grpc.StatusRuntimeException: UNAVAILABLE: io exception
2023-05-23 10:28:20,248 [grpc-default-executor-0] WARN  server.GrpcLogAppender (GrpcLogAppender.java:resetClient(128)) - a469ef55-9a66-4c89-903c-187a01270f46@group-CC085891EDF4->2f994218-547f-400b-b588-7f48010df848-GrpcLogAppender: Follower failed when matchIndex == 0,  keep nextIndex (1) unchanged and retry.
2023-05-23 10:28:20,248 [grpc-default-executor-4] WARN  server.GrpcLogAppender (GrpcLogAppender.java:resetClient(128)) - a469ef55-9a66-4c89-903c-187a01270f46@group-CC085891EDF4->2f994218-547f-400b-b588-7f48010df848-GrpcLogAppender: Follower failed when matchIndex == 0,  keep nextIndex (1) unchanged and retry.
2023-05-23 10:28:20,359 [ReplicationMonitor] INFO  replication.ReplicationManager (ReplicationManager.java:processAll(403)) - Replication Monitor Thread took 0 milliseconds for processing 1 containers.
2023-05-23 10:28:21,147 [Command processor thread] INFO  segmented.SegmentedRaftLogWorker (SegmentedRaftLogWorker.java:close(252)) - 3ac7e479-6b2c-4ad1-9d02-9355b26abab7@group-4DE6E43F8739-SegmentedRaftLogWorker close()
2023-05-23 10:28:21,148 [Command processor thread] INFO  server.RaftServer$Division (RaftServerImpl.java:groupRemove(436)) - 3ac7e479-6b2c-4ad1-9d02-9355b26abab7@group-4DE6E43F8739: Succeed to remove RaftStorageDirectory Storage Directory /home/runner/work/ozone/ozone/hadoop-ozone/integration-test/target/test-dir/MiniOzoneClusterImpl-61d3b935-36cd-4496-a441-eee01f8c564c/datanode-2/data/ratis/221d147b-12b5-45ed-b68f-4de6e43f8739
2023-05-23 10:28:21,148 [Command processor thread] INFO  commandhandler.ClosePipelineCommandHandler (ClosePipelineCommandHandler.java:handle(78)) - Close Pipeline PipelineID=221d147b-12b5-45ed-b68f-4de6e43f8739 command on datanode 3ac7e479-6b2c-4ad1-9d02-9355b26abab7.
2023-05-23 10:28:21,149 [Command processor thread] INFO  server.RaftServer (RaftServerProxy.java:remove(109)) - 3ac7e479-6b2c-4ad1-9d02-9355b26abab7: remove  FOLLOWER 3ac7e479-6b2c-4ad1-9d02-9355b26abab7@group-CC085891EDF4:t1, leader=a469ef55-9a66-4c89-903c-187a01270f46, voted=a469ef55-9a66-4c89-903c-187a01270f46, raftlog=Memoized:3ac7e479-6b2c-4ad1-9d02-9355b26abab7@group-CC085891EDF4-SegmentedRaftLog:OPENED:c0, conf=0: peers:[3ac7e479-6b2c-4ad1-9d02-9355b26abab7|rpc:10.1.0.38:15269|admin:10.1.0.38:15268|client:10.1.0.38:15267|dataStream:10.1.0.38:15270|priority:0|startupRole:FOLLOWER, 2f994218-547f-400b-b588-7f48010df848|rpc:10.1.0.38:15261|admin:10.1.0.38:15260|client:10.1.0.38:15259|dataStream:10.1.0.38:15262|priority:0|startupRole:FOLLOWER, a469ef55-9a66-4c89-903c-187a01270f46|rpc:10.1.0.38:15253|admin:10.1.0.38:15252|client:10.1.0.38:15251|dataStream:10.1.0.38:15254|priority:1|startupRole:FOLLOWER]|listeners:[], old=null RUNNING
2023-05-23 10:28:21,149 [Command processor thread] INFO  server.RaftServer$Division (RaftServerImpl.java:lambda$close$4(466)) - 3ac7e479-6b2c-4ad1-9d02-9355b26abab7@group-CC085891EDF4: shutdown
2023-05-23 10:28:21,149 [Command processor thread] INFO  util.JmxRegister (JmxRegister.java:unregister(73)) - Successfully un-registered JMX Bean with object name Ratis:service=RaftServer,group=group-CC085891EDF4,id=3ac7e479-6b2c-4ad1-9d02-9355b26abab7
2023-05-23 10:28:21,149 [Command processor thread] INFO  impl.RoleInfo (RoleInfo.java:shutdownFollowerState(110)) - 3ac7e479-6b2c-4ad1-9d02-9355b26abab7: shutdown 3ac7e479-6b2c-4ad1-9d02-9355b26abab7@group-CC085891EDF4-FollowerState
2023-05-23 10:28:21,149 [Command processor thread] INFO  impl.StateMachineUpdater (StateMachineUpdater.java:stopAndJoin(155)) - 3ac7e479-6b2c-4ad1-9d02-9355b26abab7@group-CC085891EDF4-StateMachineUpdater: set stopIndex = 0
2023-05-23 10:28:21,149 [3ac7e479-6b2c-4ad1-9d02-9355b26abab7@group-CC085891EDF4-FollowerState] INFO  impl.FollowerState (FollowerState.java:run(152)) - 3ac7e479-6b2c-4ad1-9d02-9355b26abab7@group-CC085891EDF4-FollowerState was interrupted
2023-05-23 10:28:21,150 [3ac7e479-6b2c-4ad1-9d02-9355b26abab7@group-CC085891EDF4-StateMachineUpdater] INFO  ratis.ContainerStateMachine (ContainerStateMachine.java:takeSnapshot(330)) - group-CC085891EDF4: Taking a snapshot at:(t:1, i:0) file /home/runner/work/ozone/ozone/hadoop-ozone/integration-test/target/test-dir/MiniOzoneClusterImpl-61d3b935-36cd-4496-a441-eee01f8c564c/datanode-2/data/ratis/f62330b8-f372-49ef-96d7-cc085891edf4/sm/snapshot.1_0
2023-05-23 10:28:21,151 [3ac7e479-6b2c-4ad1-9d02-9355b26abab7@group-CC085891EDF4-StateMachineUpdater] INFO  ratis.ContainerStateMachine (ContainerStateMachine.java:takeSnapshot(341)) - group-CC085891EDF4: Finished taking a snapshot at:(t:1, i:0) file:/home/runner/work/ozone/ozone/hadoop-ozone/integration-test/target/test-dir/MiniOzoneClusterImpl-61d3b935-36cd-4496-a441-eee01f8c564c/datanode-2/data/ratis/f62330b8-f372-49ef-96d7-cc085891edf4/sm/snapshot.1_0 took: 1 ms
2023-05-23 10:28:21,151 [3ac7e479-6b2c-4ad1-9d02-9355b26abab7@group-CC085891EDF4-StateMachineUpdater] INFO  impl.StateMachineUpdater (StateMachineUpdater.java:takeSnapshot(291)) - 3ac7e479-6b2c-4ad1-9d02-9355b26abab7@group-CC085891EDF4-StateMachineUpdater: Took a snapshot at index 0
2023-05-23 10:28:21,151 [3ac7e479-6b2c-4ad1-9d02-9355b26abab7@group-CC085891EDF4-StateMachineUpdater] INFO  impl.StateMachineUpdater (StateMachineUpdater.java:lambda$new$0(97)) - 3ac7e479-6b2c-4ad1-9d02-9355b26abab7@group-CC085891EDF4-StateMachineUpdater: snapshotIndex: updateIncreasingly -1 -> 0
2023-05-23 10:28:21,152 [Command processor thread] INFO  server.RaftServer$Division (ServerState.java:close(472)) - 3ac7e479-6b2c-4ad1-9d02-9355b26abab7@group-CC085891EDF4: closes. applyIndex: 0
2023-05-23 10:28:21,169 [Listener at 127.0.0.1/15244] INFO  container.TestHelper (TestHelper.java:countReplicas(423)) - Container 1 has 2 replicas on [3ac7e479-6b2c-4ad1-9d02-9355b26abab7, a469ef55-9a66-4c89-903c-187a01270f46]
2023-05-23 10:28:21,359 [ReplicationMonitor] INFO  replication.ReplicationManager (ReplicationManager.java:processAll(403)) - Replication Monitor Thread took 0 milliseconds for processing 1 containers.
2023-05-23 10:28:21,497 [grpc-default-executor-4] WARN  server.GrpcLogAppender (LogUtils.java:warn(122)) - a469ef55-9a66-4c89-903c-187a01270f46@group-CC085891EDF4->2f994218-547f-400b-b588-7f48010df848-AppendLogResponseHandler: Failed appendEntries: org.apache.ratis.thirdparty.io.grpc.StatusRuntimeException: UNAVAILABLE: io exception
2023-05-23 10:28:21,498 [grpc-default-executor-4] WARN  server.GrpcLogAppender (GrpcLogAppender.java:resetClient(128)) - a469ef55-9a66-4c89-903c-187a01270f46@group-CC085891EDF4->2f994218-547f-400b-b588-7f48010df848-GrpcLogAppender: Follower failed when matchIndex == 0,  keep nextIndex (1) unchanged and retry.
2023-05-23 10:28:21,499 [grpc-default-executor-0] WARN  server.GrpcLogAppender (LogUtils.java:warn(122)) - a469ef55-9a66-4c89-903c-187a01270f46@group-CC085891EDF4->2f994218-547f-400b-b588-7f48010df848-AppendLogResponseHandler: Failed appendEntries: org.apache.ratis.thirdparty.io.grpc.StatusRuntimeException: UNAVAILABLE: io exception
2023-05-23 10:28:21,499 [grpc-default-executor-0] WARN  server.GrpcLogAppender (GrpcLogAppender.java:resetClient(128)) - a469ef55-9a66-4c89-903c-187a01270f46@group-CC085891EDF4->2f994218-547f-400b-b588-7f48010df848-GrpcLogAppender: Follower failed when matchIndex == 0,  keep nextIndex (1) unchanged and retry.
2023-05-23 10:28:21,967 [Command processor thread] INFO  segmented.SegmentedRaftLogWorker (SegmentedRaftLogWorker.java:close(252)) - 3ac7e479-6b2c-4ad1-9d02-9355b26abab7@group-CC085891EDF4-SegmentedRaftLogWorker close()
2023-05-23 10:28:21,970 [Command processor thread] INFO  server.RaftServer$Division (RaftServerImpl.java:groupRemove(436)) - 3ac7e479-6b2c-4ad1-9d02-9355b26abab7@group-CC085891EDF4: Succeed to remove RaftStorageDirectory Storage Directory /home/runner/work/ozone/ozone/hadoop-ozone/integration-test/target/test-dir/MiniOzoneClusterImpl-61d3b935-36cd-4496-a441-eee01f8c564c/datanode-2/data/ratis/f62330b8-f372-49ef-96d7-cc085891edf4
2023-05-23 10:28:21,970 [Command processor thread] INFO  commandhandler.ClosePipelineCommandHandler (ClosePipelineCommandHandler.java:handle(78)) - Close Pipeline PipelineID=f62330b8-f372-49ef-96d7-cc085891edf4 command on datanode 3ac7e479-6b2c-4ad1-9d02-9355b26abab7.
2023-05-23 10:28:22,153 [Command processor thread] INFO  server.RaftServer (RaftServerProxy.java:remove(109)) - a469ef55-9a66-4c89-903c-187a01270f46: remove  FOLLOWER a469ef55-9a66-4c89-903c-187a01270f46@group-4DE6E43F8739:t2, leader=3ac7e479-6b2c-4ad1-9d02-9355b26abab7, voted=3ac7e479-6b2c-4ad1-9d02-9355b26abab7, raftlog=Memoized:a469ef55-9a66-4c89-903c-187a01270f46@group-4DE6E43F8739-SegmentedRaftLog:OPENED:c7, conf=7: peers:[3ac7e479-6b2c-4ad1-9d02-9355b26abab7|rpc:10.1.0.38:15269|admin:10.1.0.38:15268|client:10.1.0.38:15267|dataStream:10.1.0.38:15270|priority:0|startupRole:FOLLOWER, 2f994218-547f-400b-b588-7f48010df848|rpc:10.1.0.38:15261|admin:10.1.0.38:15260|client:10.1.0.38:15259|dataStream:10.1.0.38:15262|priority:1|startupRole:FOLLOWER, a469ef55-9a66-4c89-903c-187a01270f46|rpc:10.1.0.38:15253|admin:10.1.0.38:15252|client:10.1.0.38:15251|dataStream:10.1.0.38:15254|priority:0|startupRole:FOLLOWER]|listeners:[], old=null RUNNING
2023-05-23 10:28:22,153 [Command processor thread] INFO  server.RaftServer$Division (RaftServerImpl.java:lambda$close$4(466)) - a469ef55-9a66-4c89-903c-187a01270f46@group-4DE6E43F8739: shutdown
2023-05-23 10:28:22,153 [Command processor thread] INFO  util.JmxRegister (JmxRegister.java:unregister(73)) - Successfully un-registered JMX Bean with object name Ratis:service=RaftServer,group=group-4DE6E43F8739,id=a469ef55-9a66-4c89-903c-187a01270f46
2023-05-23 10:28:22,153 [Command processor thread] INFO  impl.RoleInfo (RoleInfo.java:shutdownFollowerState(110)) - a469ef55-9a66-4c89-903c-187a01270f46: shutdown a469ef55-9a66-4c89-903c-187a01270f46@group-4DE6E43F8739-FollowerState
2023-05-23 10:28:22,153 [Command processor thread] INFO  impl.StateMachineUpdater (StateMachineUpdater.java:stopAndJoin(155)) - a469ef55-9a66-4c89-903c-187a01270f46@group-4DE6E43F8739-StateMachineUpdater: set stopIndex = 7
2023-05-23 10:28:22,153 [a469ef55-9a66-4c89-903c-187a01270f46@group-4DE6E43F8739-FollowerState] INFO  impl.FollowerState (FollowerState.java:run(152)) - a469ef55-9a66-4c89-903c-187a01270f46@group-4DE6E43F8739-FollowerState was interrupted
2023-05-23 10:28:22,155 [a469ef55-9a66-4c89-903c-187a01270f46@group-4DE6E43F8739-StateMachineUpdater] INFO  ratis.ContainerStateMachine (ContainerStateMachine.java:takeSnapshot(330)) - group-4DE6E43F8739: Taking a snapshot at:(t:2, i:7) file /home/runner/work/ozone/ozone/hadoop-ozone/integration-test/target/test-dir/MiniOzoneClusterImpl-61d3b935-36cd-4496-a441-eee01f8c564c/datanode-0/data/ratis/221d147b-12b5-45ed-b68f-4de6e43f8739/sm/snapshot.2_7
2023-05-23 10:28:22,156 [a469ef55-9a66-4c89-903c-187a01270f46@group-4DE6E43F8739-StateMachineUpdater] INFO  ratis.ContainerStateMachine (ContainerStateMachine.java:takeSnapshot(341)) - group-4DE6E43F8739: Finished taking a snapshot at:(t:2, i:7) file:/home/runner/work/ozone/ozone/hadoop-ozone/integration-test/target/test-dir/MiniOzoneClusterImpl-61d3b935-36cd-4496-a441-eee01f8c564c/datanode-0/data/ratis/221d147b-12b5-45ed-b68f-4de6e43f8739/sm/snapshot.2_7 took: 1 ms
2023-05-23 10:28:22,156 [a469ef55-9a66-4c89-903c-187a01270f46@group-4DE6E43F8739-StateMachineUpdater] INFO  impl.StateMachineUpdater (StateMachineUpdater.java:takeSnapshot(291)) - a469ef55-9a66-4c89-903c-187a01270f46@group-4DE6E43F8739-StateMachineUpdater: Took a snapshot at index 7
2023-05-23 10:28:22,156 [a469ef55-9a66-4c89-903c-187a01270f46@group-4DE6E43F8739-StateMachineUpdater] INFO  impl.StateMachineUpdater (StateMachineUpdater.java:lambda$new$0(97)) - a469ef55-9a66-4c89-903c-187a01270f46@group-4DE6E43F8739-StateMachineUpdater: snapshotIndex: updateIncreasingly -1 -> 7
2023-05-23 10:28:22,157 [Command processor thread] INFO  server.RaftServer$Division (ServerState.java:close(472)) - a469ef55-9a66-4c89-903c-187a01270f46@group-4DE6E43F8739: closes. applyIndex: 7
2023-05-23 10:28:22,170 [Listener at 127.0.0.1/15244] INFO  container.TestHelper (TestHelper.java:countReplicas(423)) - Container 1 has 2 replicas on [3ac7e479-6b2c-4ad1-9d02-9355b26abab7, a469ef55-9a66-4c89-903c-187a01270f46]
2023-05-23 10:28:22,360 [ReplicationMonitor] INFO  replication.ReplicationManager (ReplicationManager.java:processAll(403)) - Replication Monitor Thread took 0 milliseconds for processing 1 containers.
2023-05-23 10:28:22,748 [grpc-default-executor-0] WARN  server.GrpcLogAppender (LogUtils.java:warn(122)) - a469ef55-9a66-4c89-903c-187a01270f46@group-CC085891EDF4->2f994218-547f-400b-b588-7f48010df848-AppendLogResponseHandler: Failed appendEntries: org.apache.ratis.thirdparty.io.grpc.StatusRuntimeException: UNAVAILABLE: io exception
2023-05-23 10:28:22,749 [grpc-default-executor-0] WARN  server.GrpcLogAppender (GrpcLogAppender.java:resetClient(128)) - a469ef55-9a66-4c89-903c-187a01270f46@group-CC085891EDF4->2f994218-547f-400b-b588-7f48010df848-GrpcLogAppender: Follower failed when matchIndex == 0,  keep nextIndex (1) unchanged and retry.
2023-05-23 10:28:22,749 [grpc-default-executor-4] WARN  server.GrpcLogAppender (LogUtils.java:warn(122)) - a469ef55-9a66-4c89-903c-187a01270f46@group-CC085891EDF4->2f994218-547f-400b-b588-7f48010df848-AppendLogResponseHandler: Failed appendEntries: org.apache.ratis.thirdparty.io.grpc.StatusRuntimeException: UNAVAILABLE: io exception
2023-05-23 10:28:22,749 [grpc-default-executor-4] WARN  server.GrpcLogAppender (GrpcLogAppender.java:resetClient(128)) - a469ef55-9a66-4c89-903c-187a01270f46@group-CC085891EDF4->2f994218-547f-400b-b588-7f48010df848-GrpcLogAppender: Follower failed when matchIndex == 0,  keep nextIndex (1) unchanged and retry.
2023-05-23 10:28:23,150 [Command processor thread] INFO  segmented.SegmentedRaftLogWorker (SegmentedRaftLogWorker.java:close(252)) - a469ef55-9a66-4c89-903c-187a01270f46@group-4DE6E43F8739-SegmentedRaftLogWorker close()
2023-05-23 10:28:23,152 [Command processor thread] INFO  server.RaftServer$Division (RaftServerImpl.java:groupRemove(436)) - a469ef55-9a66-4c89-903c-187a01270f46@group-4DE6E43F8739: Succeed to remove RaftStorageDirectory Storage Directory /home/runner/work/ozone/ozone/hadoop-ozone/integration-test/target/test-dir/MiniOzoneClusterImpl-61d3b935-36cd-4496-a441-eee01f8c564c/datanode-0/data/ratis/221d147b-12b5-45ed-b68f-4de6e43f8739
2023-05-23 10:28:23,152 [Command processor thread] INFO  commandhandler.ClosePipelineCommandHandler (ClosePipelineCommandHandler.java:handle(78)) - Close Pipeline PipelineID=221d147b-12b5-45ed-b68f-4de6e43f8739 command on datanode a469ef55-9a66-4c89-903c-187a01270f46.
2023-05-23 10:28:23,152 [Command processor thread] INFO  server.RaftServer (RaftServerProxy.java:remove(109)) - a469ef55-9a66-4c89-903c-187a01270f46: remove    LEADER a469ef55-9a66-4c89-903c-187a01270f46@group-CC085891EDF4:t1, leader=a469ef55-9a66-4c89-903c-187a01270f46, voted=a469ef55-9a66-4c89-903c-187a01270f46, raftlog=Memoized:a469ef55-9a66-4c89-903c-187a01270f46@group-CC085891EDF4-SegmentedRaftLog:OPENED:c0, conf=0: peers:[3ac7e479-6b2c-4ad1-9d02-9355b26abab7|rpc:10.1.0.38:15269|admin:10.1.0.38:15268|client:10.1.0.38:15267|dataStream:10.1.0.38:15270|priority:0|startupRole:FOLLOWER, 2f994218-547f-400b-b588-7f48010df848|rpc:10.1.0.38:15261|admin:10.1.0.38:15260|client:10.1.0.38:15259|dataStream:10.1.0.38:15262|priority:0|startupRole:FOLLOWER, a469ef55-9a66-4c89-903c-187a01270f46|rpc:10.1.0.38:15253|admin:10.1.0.38:15252|client:10.1.0.38:15251|dataStream:10.1.0.38:15254|priority:1|startupRole:FOLLOWER]|listeners:[], old=null RUNNING
2023-05-23 10:28:23,152 [Command processor thread] INFO  server.RaftServer$Division (RaftServerImpl.java:lambda$close$4(466)) - a469ef55-9a66-4c89-903c-187a01270f46@group-CC085891EDF4: shutdown
2023-05-23 10:28:23,153 [Command processor thread] INFO  util.JmxRegister (JmxRegister.java:unregister(73)) - Successfully un-registered JMX Bean with object name Ratis:service=RaftServer,group=group-CC085891EDF4,id=a469ef55-9a66-4c89-903c-187a01270f46
2023-05-23 10:28:23,153 [Command processor thread] INFO  impl.RoleInfo (RoleInfo.java:shutdownLeaderState(93)) - a469ef55-9a66-4c89-903c-187a01270f46: shutdown a469ef55-9a66-4c89-903c-187a01270f46@group-CC085891EDF4-LeaderStateImpl
2023-05-23 10:28:23,153 [a469ef55-9a66-4c89-903c-187a01270f46@group-CC085891EDF4->3ac7e479-6b2c-4ad1-9d02-9355b26abab7-GrpcLogAppender-LogAppenderDaemon] WARN  server.GrpcLogAppender (GrpcLogAppender.java:mayWait(199)) - a469ef55-9a66-4c89-903c-187a01270f46@group-CC085891EDF4->3ac7e479-6b2c-4ad1-9d02-9355b26abab7-GrpcLogAppender: Wait interrupted by java.lang.InterruptedException
2023-05-23 10:28:23,153 [a469ef55-9a66-4c89-903c-187a01270f46@group-CC085891EDF4->2f994218-547f-400b-b588-7f48010df848-GrpcLogAppender-LogAppenderDaemon] WARN  server.GrpcLogAppender (GrpcLogAppender.java:mayWait(199)) - a469ef55-9a66-4c89-903c-187a01270f46@group-CC085891EDF4->2f994218-547f-400b-b588-7f48010df848-GrpcLogAppender: Wait interrupted by java.lang.InterruptedException
2023-05-23 10:28:23,153 [grpc-default-executor-4] INFO  server.GrpcServerProtocolService (GrpcServerProtocolService.java:onCompleted(155)) - 3ac7e479-6b2c-4ad1-9d02-9355b26abab7: Completed APPEND_ENTRIES, lastRequest: null
2023-05-23 10:28:23,154 [grpc-default-executor-0] INFO  server.GrpcServerProtocolService (GrpcServerProtocolService.java:onCompleted(155)) - 3ac7e479-6b2c-4ad1-9d02-9355b26abab7: Completed APPEND_ENTRIES, lastRequest: a469ef55-9a66-4c89-903c-187a01270f46->3ac7e479-6b2c-4ad1-9d02-9355b26abab7#1-t1,previous=(t:0, i:0),leaderCommit=-1,initializing? true,entries: size=1, first=(t:1, i:0), CONFIGURATIONENTRY(current:id: "3ac7e479-6b2c-4ad1-9d02-9355b26abab7"
address: "10.1.0.38:15269"
dataStreamAddress: "10.1.0.38:15270"
clientAddress: "10.1.0.38:15267"
adminAddress: "10.1.0.38:15268"
startupRole: FOLLOWER
,id: "2f994218-547f-400b-b588-7f48010df848"
address: "10.1.0.38:15261"
dataStreamAddress: "10.1.0.38:15262"
clientAddress: "10.1.0.38:15259"
adminAddress: "10.1.0.38:15260"
startupRole: FOLLOWER
,id: "a469ef55-9a66-4c89-903c-187a01270f46"
address: "10.1.0.38:15253"
priority: 1
dataStreamAddress: "10.1.0.38:15254"
clientAddress: "10.1.0.38:15251"
adminAddress: "10.1.0.38:15252"
startupRole: FOLLOWER
, old:)
2023-05-23 10:28:23,154 [grpc-default-executor-0] INFO  server.GrpcServerProtocolService (GrpcServerProtocolService.java:lambda$onCompleted$5(157)) - 3ac7e479-6b2c-4ad1-9d02-9355b26abab7: Completed APPEND_ENTRIES, lastReply: null
2023-05-23 10:28:23,155 [grpc-default-executor-0] INFO  server.GrpcLogAppender (GrpcLogAppender.java:onCompleted(428)) - a469ef55-9a66-4c89-903c-187a01270f46@group-CC085891EDF4->3ac7e479-6b2c-4ad1-9d02-9355b26abab7-AppendLogResponseHandler: follower responses appendEntries COMPLETED
2023-05-23 10:28:23,155 [grpc-default-executor-0] INFO  leader.FollowerInfo (FollowerInfoImpl.java:lambda$new$0(52)) - a469ef55-9a66-4c89-903c-187a01270f46@group-CC085891EDF4->3ac7e479-6b2c-4ad1-9d02-9355b26abab7: decreaseNextIndex nextIndex: updateUnconditionally 1 -> 0
2023-05-23 10:28:23,153 [Command processor thread] INFO  impl.PendingRequests (PendingRequests.java:sendNotLeaderResponses(289)) - a469ef55-9a66-4c89-903c-187a01270f46@group-CC085891EDF4-PendingRequests: sendNotLeaderResponses
2023-05-23 10:28:23,155 [a469ef55-9a66-4c89-903c-187a01270f46@group-CC085891EDF4-StateMachineUpdater] INFO  ratis.ContainerStateMachine (ContainerStateMachine.java:takeSnapshot(330)) - group-CC085891EDF4: Taking a snapshot at:(t:1, i:0) file /home/runner/work/ozone/ozone/hadoop-ozone/integration-test/target/test-dir/MiniOzoneClusterImpl-61d3b935-36cd-4496-a441-eee01f8c564c/datanode-0/data/ratis/f62330b8-f372-49ef-96d7-cc085891edf4/sm/snapshot.1_0
2023-05-23 10:28:23,155 [Command processor thread] INFO  impl.StateMachineUpdater (StateMachineUpdater.java:stopAndJoin(155)) - a469ef55-9a66-4c89-903c-187a01270f46@group-CC085891EDF4-StateMachineUpdater: set stopIndex = 0
2023-05-23 10:28:23,156 [a469ef55-9a66-4c89-903c-187a01270f46@group-CC085891EDF4-StateMachineUpdater] INFO  ratis.ContainerStateMachine (ContainerStateMachine.java:takeSnapshot(341)) - group-CC085891EDF4: Finished taking a snapshot at:(t:1, i:0) file:/home/runner/work/ozone/ozone/hadoop-ozone/integration-test/target/test-dir/MiniOzoneClusterImpl-61d3b935-36cd-4496-a441-eee01f8c564c/datanode-0/data/ratis/f62330b8-f372-49ef-96d7-cc085891edf4/sm/snapshot.1_0 took: 1 ms
2023-05-23 10:28:23,156 [a469ef55-9a66-4c89-903c-187a01270f46@group-CC085891EDF4-StateMachineUpdater] INFO  impl.StateMachineUpdater (StateMachineUpdater.java:takeSnapshot(291)) - a469ef55-9a66-4c89-903c-187a01270f46@group-CC085891EDF4-StateMachineUpdater: Took a snapshot at index 0
2023-05-23 10:28:23,156 [a469ef55-9a66-4c89-903c-187a01270f46@group-CC085891EDF4-StateMachineUpdater] INFO  impl.StateMachineUpdater (StateMachineUpdater.java:lambda$new$0(97)) - a469ef55-9a66-4c89-903c-187a01270f46@group-CC085891EDF4-StateMachineUpdater: snapshotIndex: updateIncreasingly -1 -> 0
2023-05-23 10:28:23,157 [Command processor thread] INFO  server.RaftServer$Division (ServerState.java:close(472)) - a469ef55-9a66-4c89-903c-187a01270f46@group-CC085891EDF4: closes. applyIndex: 0
2023-05-23 10:28:23,170 [Listener at 127.0.0.1/15244] INFO  container.TestHelper (TestHelper.java:countReplicas(423)) - Container 1 has 2 replicas on [3ac7e479-6b2c-4ad1-9d02-9355b26abab7, a469ef55-9a66-4c89-903c-187a01270f46]
2023-05-23 10:28:23,361 [ReplicationMonitor] INFO  replication.ReplicationManager (ReplicationManager.java:processAll(403)) - Replication Monitor Thread took 1 milliseconds for processing 1 containers.
2023-05-23 10:28:23,912 [Command processor thread] INFO  segmented.SegmentedRaftLogWorker (SegmentedRaftLogWorker.java:close(252)) - a469ef55-9a66-4c89-903c-187a01270f46@group-CC085891EDF4-SegmentedRaftLogWorker close()
2023-05-23 10:28:23,914 [Command processor thread] INFO  server.RaftServer$Division (RaftServerImpl.java:groupRemove(436)) - a469ef55-9a66-4c89-903c-187a01270f46@group-CC085891EDF4: Succeed to remove RaftStorageDirectory Storage Directory /home/runner/work/ozone/ozone/hadoop-ozone/integration-test/target/test-dir/MiniOzoneClusterImpl-61d3b935-36cd-4496-a441-eee01f8c564c/datanode-0/data/ratis/f62330b8-f372-49ef-96d7-cc085891edf4
2023-05-23 10:28:23,914 [Command processor thread] INFO  commandhandler.ClosePipelineCommandHandler (ClosePipelineCommandHandler.java:handle(78)) - Close Pipeline PipelineID=f62330b8-f372-49ef-96d7-cc085891edf4 command on datanode a469ef55-9a66-4c89-903c-187a01270f46.
2023-05-23 10:28:24,170 [Listener at 127.0.0.1/15244] INFO  container.TestHelper (TestHelper.java:countReplicas(423)) - Container 1 has 2 replicas on [3ac7e479-6b2c-4ad1-9d02-9355b26abab7, a469ef55-9a66-4c89-903c-187a01270f46]
2023-05-23 10:28:24,361 [ReplicationMonitor] INFO  replication.ReplicationManager (ReplicationManager.java:processAll(403)) - Replication Monitor Thread took 0 milliseconds for processing 1 containers.
2023-05-23 10:28:25,171 [Listener at 127.0.0.1/15244] INFO  container.TestHelper (TestHelper.java:countReplicas(423)) - Container 1 has 2 replicas on [3ac7e479-6b2c-4ad1-9d02-9355b26abab7, a469ef55-9a66-4c89-903c-187a01270f46]
2023-05-23 10:28:25,346 [Under Replicated Processor] INFO  replication.ReplicationManager (ReplicationManager.java:sendDatanodeCommand(684)) - Sending command [replicateContainerCommand: containerId=1, replicaIndex=0, targetNode=d6ba1385-1418-4053-92a8-092c511516c2(fv-az1249-304/10.1.0.38), priority=NORMAL] for container ContainerInfo{id=#1, state=CLOSED, pipelineID=PipelineID=221d147b-12b5-45ed-b68f-4de6e43f8739, stateEnterTime=2023-05-23T10:28:09.069Z, owner=om1} to a469ef55-9a66-4c89-903c-187a01270f46(fv-az1249-304/10.1.0.38) with datanode deadline 1684838275346 and scm deadline 1684838305346
2023-05-23 10:28:25,346 [Under Replicated Processor] INFO  replication.UnhealthyReplicationProcessor (UnhealthyReplicationProcessor.java:processAll(131)) - Processed 1 containers with health state counts {UNDER_REPLICATED=1}, failed processing 0
2023-05-23 10:28:25,362 [ReplicationMonitor] INFO  replication.ReplicationManager (ReplicationManager.java:processAll(403)) - Replication Monitor Thread took 1 milliseconds for processing 1 containers.
2023-05-23 10:28:26,171 [Listener at 127.0.0.1/15244] INFO  container.TestHelper (TestHelper.java:countReplicas(423)) - Container 1 has 2 replicas on [3ac7e479-6b2c-4ad1-9d02-9355b26abab7, a469ef55-9a66-4c89-903c-187a01270f46]
2023-05-23 10:28:26,362 [ReplicationMonitor] INFO  replication.ReplicationManager (ReplicationManager.java:processAll(403)) - Replication Monitor Thread took 0 milliseconds for processing 1 containers.
2023-05-23 10:28:27,155 [ContainerReplicationThread-0] INFO  replication.PushReplicator (PushReplicator.java:replicate(58)) - Starting replication of container 1 to d6ba1385-1418-4053-92a8-092c511516c2(fv-az1249-304/10.1.0.38) using NO_COMPRESSION
2023-05-23 10:28:27,171 [ContainerReplicationThread-0] INFO  replication.GrpcOutputStream (GrpcOutputStream.java:close(111)) - Sent 9728 bytes for container 1
2023-05-23 10:28:27,172 [Listener at 127.0.0.1/15244] INFO  container.TestHelper (TestHelper.java:countReplicas(423)) - Container 1 has 2 replicas on [3ac7e479-6b2c-4ad1-9d02-9355b26abab7, a469ef55-9a66-4c89-903c-187a01270f46]
2023-05-23 10:28:27,172 [ReplicationContainerReader-1] INFO  replication.SendContainerRequestHandler (SendContainerRequestHandler.java:onNext(80)) - Accepting container 1
2023-05-23 10:28:27,173 [ReplicationContainerReader-1] INFO  replication.SendContainerRequestHandler (SendContainerRequestHandler.java:onCompleted(108)) - Container 1 is downloaded with size 9728, starting to import.
2023-05-23 10:28:27,189 [ReplicationContainerReader-1] INFO  replication.SendContainerRequestHandler (SendContainerRequestHandler.java:onCompleted(114)) - Container 1 is replicated successfully
2023-05-23 10:28:27,193 [grpc-default-executor-0] INFO  replication.GrpcContainerUploader (GrpcContainerUploader.java:onCompleted(119)) - Finished uploading container 1 to d6ba1385-1418-4053-92a8-092c511516c2(fv-az1249-304/10.1.0.38)
2023-05-23 10:28:27,195 [ContainerReplicationThread-0] INFO  replication.ReplicationSupervisor (ReplicationSupervisor.java:run(353)) - Successful DONE replicateContainerCommand: containerId=1, replicaIndex=0, targetNode=d6ba1385-1418-4053-92a8-092c511516c2(fv-az1249-304/10.1.0.38), priority=NORMAL, transferred 9728 bytes
2023-05-23 10:28:27,363 [ReplicationMonitor] INFO  replication.ReplicationManager (ReplicationManager.java:processAll(403)) - Replication Monitor Thread took 1 milliseconds for processing 1 containers.
2023-05-23 10:28:28,172 [Listener at 127.0.0.1/15244] INFO  container.TestHelper (TestHelper.java:countReplicas(423)) - Container 1 has 3 replicas on [3ac7e479-6b2c-4ad1-9d02-9355b26abab7, a469ef55-9a66-4c89-903c-187a01270f46, d6ba1385-1418-4053-92a8-092c511516c2]
2023-05-23 10:28:28,175 [Listener at 127.0.0.1/15244] INFO  ozone.MiniOzoneClusterImpl (MiniOzoneClusterImpl.java:shutdown(441)) - Shutting down the Mini Ozone Cluster
2023-05-23 10:28:28,175 [Listener at 127.0.0.1/15244] INFO  ozone.MiniOzoneClusterImpl (MiniOzoneClusterImpl.java:stop(458)) - Stopping the Mini Ozone Cluster
2023-05-23 10:28:28,175 [Listener at 127.0.0.1/15244] INFO  ozone.MiniOzoneClusterImpl (MiniOzoneClusterImpl.java:stopOM(544)) - Stopping the OzoneManager
2023-05-23 10:28:28,175 [Listener at 127.0.0.1/15244] INFO  om.OzoneManager (OzoneManager.java:stop(2210)) - om1[localhost:15244]: Stopping Ozone Manager
2023-05-23 10:28:28,175 [Listener at 127.0.0.1/15244] INFO  ipc.Server (Server.java:stop(3501)) - Stopping server on 15244
2023-05-23 10:28:28,180 [IPC Server listener on 15244] INFO  ipc.Server (Server.java:run(1430)) - Stopping IPC Server listener on 15244
2023-05-23 10:28:28,181 [IPC Server Responder] INFO  ipc.Server (Server.java:run(1563)) - Stopping IPC Server Responder
2023-05-23 10:28:28,183 [Listener at 127.0.0.1/15244] INFO  server.RaftServer (RaftServerProxy.java:lambda$close$6(416)) - om1: close
2023-05-23 10:28:28,184 [Listener at 127.0.0.1/15244] INFO  server.GrpcService (GrpcService.java:closeImpl(311)) - om1: shutdown server GrpcServerProtocolService now
2023-05-23 10:28:28,184 [om1-impl-thread1] INFO  server.RaftServer$Division (RaftServerImpl.java:lambda$close$4(466)) - om1@group-C5BA1605619E: shutdown
2023-05-23 10:28:28,184 [om1-impl-thread1] INFO  util.JmxRegister (JmxRegister.java:unregister(73)) - Successfully un-registered JMX Bean with object name Ratis:service=RaftServer,group=group-C5BA1605619E,id=om1
2023-05-23 10:28:28,184 [om1-impl-thread1] INFO  impl.RoleInfo (RoleInfo.java:shutdownLeaderState(93)) - om1: shutdown om1@group-C5BA1605619E-LeaderStateImpl
2023-05-23 10:28:28,184 [om1-impl-thread1] INFO  impl.PendingRequests (PendingRequests.java:sendNotLeaderResponses(289)) - om1@group-C5BA1605619E-PendingRequests: sendNotLeaderResponses
2023-05-23 10:28:28,187 [om1-impl-thread1] INFO  impl.StateMachineUpdater (StateMachineUpdater.java:stopAndJoin(155)) - om1@group-C5BA1605619E-StateMachineUpdater: set stopIndex = 8
2023-05-23 10:28:28,189 [Listener at 127.0.0.1/15244] INFO  server.GrpcService (GrpcService.java:closeImpl(320)) - om1: shutdown server GrpcServerProtocolService successfully
2023-05-23 10:28:28,191 [om1@group-C5BA1605619E-StateMachineUpdater] INFO  ratis.OzoneManagerStateMachine (OzoneManagerStateMachine.java:takeSnapshot(479)) - Current Snapshot Index (t:1, i:8)
2023-05-23 10:28:28,217 [om1@group-C5BA1605619E-StateMachineUpdater] INFO  impl.StateMachineUpdater (StateMachineUpdater.java:takeSnapshot(291)) - om1@group-C5BA1605619E-StateMachineUpdater: Took a snapshot at index 8
2023-05-23 10:28:28,217 [om1@group-C5BA1605619E-StateMachineUpdater] INFO  impl.StateMachineUpdater (StateMachineUpdater.java:lambda$new$0(97)) - om1@group-C5BA1605619E-StateMachineUpdater: snapshotIndex: updateIncreasingly -1 -> 8
2023-05-23 10:28:28,217 [om1@group-C5BA1605619E-StateMachineUpdater] INFO  ratis.OzoneManagerStateMachine (OzoneManagerStateMachine.java:close(533)) - StateMachine has shutdown. Shutdown OzoneManager if not already shutdown.
2023-05-23 10:28:28,217 [om1@group-C5BA1605619E-StateMachineUpdater] INFO  ratis.OzoneManagerDoubleBuffer (OzoneManagerDoubleBuffer.java:stopDaemon(559)) - Stopping OMDoubleBuffer flush thread
2023-05-23 10:28:28,217 [OMDoubleBufferFlushThread] INFO  ratis.OzoneManagerDoubleBuffer (OzoneManagerDoubleBuffer.java:canFlush(648)) - OMDoubleBuffer flush thread OMDoubleBufferFlushThread is interrupted and will exit.
2023-05-23 10:28:28,219 [om1-impl-thread1] INFO  server.RaftServer$Division (ServerState.java:close(472)) - om1@group-C5BA1605619E: closes. applyIndex: 8
2023-05-23 10:28:28,363 [ReplicationMonitor] INFO  replication.ReplicationManager (ReplicationManager.java:processAll(403)) - Replication Monitor Thread took 0 milliseconds for processing 1 containers.
2023-05-23 10:28:29,168 [om1-impl-thread1] INFO  segmented.SegmentedRaftLogWorker (SegmentedRaftLogWorker.java:close(252)) - om1@group-C5BA1605619E-SegmentedRaftLogWorker close()
2023-05-23 10:28:29,168 [JvmPauseMonitor30] INFO  util.JvmPauseMonitor (JvmPauseMonitor.java:run(109)) - JvmPauseMonitor-om1: Stopped
2023-05-23 10:28:29,168 [Listener at 127.0.0.1/15244] INFO  ratis.OzoneManagerStateMachine (OzoneManagerStateMachine.java:close(533)) - StateMachine has shutdown. Shutdown OzoneManager if not already shutdown.
2023-05-23 10:28:29,168 [Listener at 127.0.0.1/15244] INFO  ratis.OzoneManagerDoubleBuffer (OzoneManagerDoubleBuffer.java:stopDaemon(568)) - OMDoubleBuffer flush thread is not running.
2023-05-23 10:28:29,169 [Listener at 127.0.0.1/15244] INFO  utils.BackgroundService (BackgroundService.java:shutdown(141)) - Shutting down service KeyDeletingService
2023-05-23 10:28:29,169 [Listener at 127.0.0.1/15244] INFO  utils.BackgroundService (BackgroundService.java:shutdown(141)) - Shutting down service KeyDeletingService
2023-05-23 10:28:29,170 [Listener at 127.0.0.1/15244] INFO  utils.BackgroundService (BackgroundService.java:shutdown(141)) - Shutting down service OpenKeyCleanupService
2023-05-23 10:28:29,170 [Listener at 127.0.0.1/15244] INFO  utils.BackgroundService (BackgroundService.java:shutdown(141)) - Shutting down service SstFilteringService
2023-05-23 10:28:29,170 [Listener at 127.0.0.1/15244] INFO  utils.BackgroundService (BackgroundService.java:shutdown(141)) - Shutting down service SnapshotDeletingService
2023-05-23 10:28:29,170 [Listener at 127.0.0.1/15244] INFO  handler.ContextHandler (ContextHandler.java:doStop(1159)) - Stopped o.e.j.w.WebAppContext@403ac05c{ozoneManager,/,null,STOPPED}{file:/home/runner/work/ozone/ozone/hadoop-ozone/integration-test/target/test-classes/webapps/ozoneManager}
2023-05-23 10:28:29,171 [Listener at 127.0.0.1/15244] INFO  server.AbstractConnector (AbstractConnector.java:doStop(383)) - Stopped ServerConnector@608fe5c8{HTTP/1.1, (http/1.1)}{0.0.0.0:15245}
2023-05-23 10:28:29,171 [Listener at 127.0.0.1/15244] INFO  server.session (HouseKeeper.java:stopScavenging(149)) - node0 Stopped scavenging
2023-05-23 10:28:29,171 [Listener at 127.0.0.1/15244] INFO  handler.ContextHandler (ContextHandler.java:doStop(1159)) - Stopped o.e.j.s.ServletContextHandler@60a001a{static,/static,file:///home/runner/work/ozone/ozone/hadoop-ozone/integration-test/target/test-classes/webapps/static,STOPPED}
2023-05-23 10:28:29,171 [Listener at 127.0.0.1/15244] INFO  handler.ContextHandler (ContextHandler.java:doStop(1159)) - Stopped o.e.j.s.ServletContextHandler@5da286e4{logs,/logs,file:///home/runner/work/ozone/ozone/hadoop-ozone/integration-test/target/log,STOPPED}
2023-05-23 10:28:29,174 [Listener at 127.0.0.1/15244] INFO  utils.BackgroundService (BackgroundService.java:shutdown(141)) - Shutting down service SnapshotDiffCleanupService
2023-05-23 10:28:29,176 [Listener at 127.0.0.1/15244] INFO  ozone.MiniOzoneClusterImpl (MiniOzoneClusterImpl.java:stopDatanodes(521)) - Stopping the HddsDatanodes
2023-05-23 10:28:29,178 [Listener at 127.0.0.1/15244] INFO  ozoneimpl.OzoneContainer (OzoneContainer.java:stop(419)) - Attempting to stop container services.
2023-05-23 10:28:29,178 [ForkJoinPool.commonPool-worker-2] INFO  ozoneimpl.OzoneContainer (OzoneContainer.java:stop(419)) - Attempting to stop container services.
2023-05-23 10:28:29,178 [Listener at 127.0.0.1/15244] INFO  server.RaftServer (RaftServerProxy.java:lambda$close$6(416)) - 3ac7e479-6b2c-4ad1-9d02-9355b26abab7: close
2023-05-23 10:28:29,178 [ForkJoinPool.commonPool-worker-2] INFO  server.RaftServer (RaftServerProxy.java:lambda$close$6(416)) - a469ef55-9a66-4c89-903c-187a01270f46: close
2023-05-23 10:28:29,179 [Listener at 127.0.0.1/15244] INFO  server.GrpcService (GrpcService.java:closeImpl(311)) - 3ac7e479-6b2c-4ad1-9d02-9355b26abab7: shutdown server org.apache.ratis.grpc.server.GrpcClientProtocolService now
2023-05-23 10:28:29,179 [3ac7e479-6b2c-4ad1-9d02-9355b26abab7-impl-thread1] INFO  server.RaftServer$Division (RaftServerImpl.java:lambda$close$4(466)) - 3ac7e479-6b2c-4ad1-9d02-9355b26abab7@group-BAAEFD41DDFE: shutdown
2023-05-23 10:28:29,179 [a469ef55-9a66-4c89-903c-187a01270f46-impl-thread1] INFO  server.RaftServer$Division (RaftServerImpl.java:lambda$close$4(466)) - a469ef55-9a66-4c89-903c-187a01270f46@group-C9847B6D8720: shutdown
2023-05-23 10:28:29,179 [ForkJoinPool.commonPool-worker-2] INFO  server.GrpcService (GrpcService.java:closeImpl(311)) - a469ef55-9a66-4c89-903c-187a01270f46: shutdown server org.apache.ratis.grpc.server.GrpcClientProtocolService now
2023-05-23 10:28:29,179 [a469ef55-9a66-4c89-903c-187a01270f46-impl-thread1] INFO  util.JmxRegister (JmxRegister.java:unregister(73)) - Successfully un-registered JMX Bean with object name Ratis:service=RaftServer,group=group-C9847B6D8720,id=a469ef55-9a66-4c89-903c-187a01270f46
2023-05-23 10:28:29,179 [3ac7e479-6b2c-4ad1-9d02-9355b26abab7-impl-thread1] INFO  util.JmxRegister (JmxRegister.java:unregister(73)) - Successfully un-registered JMX Bean with object name Ratis:service=RaftServer,group=group-BAAEFD41DDFE,id=3ac7e479-6b2c-4ad1-9d02-9355b26abab7
2023-05-23 10:28:29,179 [3ac7e479-6b2c-4ad1-9d02-9355b26abab7-impl-thread1] INFO  impl.RoleInfo (RoleInfo.java:shutdownLeaderState(93)) - 3ac7e479-6b2c-4ad1-9d02-9355b26abab7: shutdown 3ac7e479-6b2c-4ad1-9d02-9355b26abab7@group-BAAEFD41DDFE-LeaderStateImpl
2023-05-23 10:28:29,179 [a469ef55-9a66-4c89-903c-187a01270f46-impl-thread1] INFO  impl.RoleInfo (RoleInfo.java:shutdownLeaderState(93)) - a469ef55-9a66-4c89-903c-187a01270f46: shutdown a469ef55-9a66-4c89-903c-187a01270f46@group-C9847B6D8720-LeaderStateImpl
2023-05-23 10:28:29,180 [3ac7e479-6b2c-4ad1-9d02-9355b26abab7-impl-thread1] INFO  impl.PendingRequests (PendingRequests.java:sendNotLeaderResponses(289)) - 3ac7e479-6b2c-4ad1-9d02-9355b26abab7@group-BAAEFD41DDFE-PendingRequests: sendNotLeaderResponses
2023-05-23 10:28:29,180 [a469ef55-9a66-4c89-903c-187a01270f46-impl-thread1] INFO  impl.PendingRequests (PendingRequests.java:sendNotLeaderResponses(289)) - a469ef55-9a66-4c89-903c-187a01270f46@group-C9847B6D8720-PendingRequests: sendNotLeaderResponses
2023-05-23 10:28:29,180 [3ac7e479-6b2c-4ad1-9d02-9355b26abab7-impl-thread1] INFO  impl.StateMachineUpdater (StateMachineUpdater.java:stopAndJoin(155)) - 3ac7e479-6b2c-4ad1-9d02-9355b26abab7@group-BAAEFD41DDFE-StateMachineUpdater: set stopIndex = 0
2023-05-23 10:28:29,180 [3ac7e479-6b2c-4ad1-9d02-9355b26abab7@group-BAAEFD41DDFE-StateMachineUpdater] INFO  ratis.ContainerStateMachine (ContainerStateMachine.java:takeSnapshot(330)) - group-BAAEFD41DDFE: Taking a snapshot at:(t:1, i:0) file /home/runner/work/ozone/ozone/hadoop-ozone/integration-test/target/test-dir/MiniOzoneClusterImpl-61d3b935-36cd-4496-a441-eee01f8c564c/datanode-2/data/ratis/0d3d0269-def1-4ac0-9aa8-baaefd41ddfe/sm/snapshot.1_0
2023-05-23 10:28:29,180 [a469ef55-9a66-4c89-903c-187a01270f46@group-C9847B6D8720-StateMachineUpdater] INFO  ratis.ContainerStateMachine (ContainerStateMachine.java:takeSnapshot(330)) - group-C9847B6D8720: Taking a snapshot at:(t:1, i:0) file /home/runner/work/ozone/ozone/hadoop-ozone/integration-test/target/test-dir/MiniOzoneClusterImpl-61d3b935-36cd-4496-a441-eee01f8c564c/datanode-0/data/ratis/f1381232-f8aa-4d64-9bf5-c9847b6d8720/sm/snapshot.1_0
2023-05-23 10:28:29,180 [a469ef55-9a66-4c89-903c-187a01270f46-impl-thread1] INFO  impl.StateMachineUpdater (StateMachineUpdater.java:stopAndJoin(155)) - a469ef55-9a66-4c89-903c-187a01270f46@group-C9847B6D8720-StateMachineUpdater: set stopIndex = 0
2023-05-23 10:28:29,181 [3ac7e479-6b2c-4ad1-9d02-9355b26abab7@group-BAAEFD41DDFE-StateMachineUpdater] INFO  ratis.ContainerStateMachine (ContainerStateMachine.java:takeSnapshot(341)) - group-BAAEFD41DDFE: Finished taking a snapshot at:(t:1, i:0) file:/home/runner/work/ozone/ozone/hadoop-ozone/integration-test/target/test-dir/MiniOzoneClusterImpl-61d3b935-36cd-4496-a441-eee01f8c564c/datanode-2/data/ratis/0d3d0269-def1-4ac0-9aa8-baaefd41ddfe/sm/snapshot.1_0 took: 1 ms
2023-05-23 10:28:29,182 [Thread-3339] INFO  server.GrpcServerProtocolClient (GrpcServerProtocolClient.java:close(103)) - 3ac7e479-6b2c-4ad1-9d02-9355b26abab7 Close channels
2023-05-23 10:28:29,182 [3ac7e479-6b2c-4ad1-9d02-9355b26abab7@group-BAAEFD41DDFE-StateMachineUpdater] INFO  impl.StateMachineUpdater (StateMachineUpdater.java:takeSnapshot(291)) - 3ac7e479-6b2c-4ad1-9d02-9355b26abab7@group-BAAEFD41DDFE-StateMachineUpdater: Took a snapshot at index 0
2023-05-23 10:28:29,182 [3ac7e479-6b2c-4ad1-9d02-9355b26abab7@group-BAAEFD41DDFE-StateMachineUpdater] INFO  impl.StateMachineUpdater (StateMachineUpdater.java:lambda$new$0(97)) - 3ac7e479-6b2c-4ad1-9d02-9355b26abab7@group-BAAEFD41DDFE-StateMachineUpdater: snapshotIndex: updateIncreasingly -1 -> 0
2023-05-23 10:28:29,182 [Thread-3340] INFO  server.GrpcServerProtocolClient (GrpcServerProtocolClient.java:close(103)) - 2f994218-547f-400b-b588-7f48010df848 Close channels
2023-05-23 10:28:29,182 [3ac7e479-6b2c-4ad1-9d02-9355b26abab7-impl-thread1] INFO  server.RaftServer$Division (ServerState.java:close(472)) - 3ac7e479-6b2c-4ad1-9d02-9355b26abab7@group-BAAEFD41DDFE: closes. applyIndex: 0
2023-05-23 10:28:29,184 [a469ef55-9a66-4c89-903c-187a01270f46@group-C9847B6D8720-StateMachineUpdater] INFO  ratis.ContainerStateMachine (ContainerStateMachine.java:takeSnapshot(341)) - group-C9847B6D8720: Finished taking a snapshot at:(t:1, i:0) file:/home/runner/work/ozone/ozone/hadoop-ozone/integration-test/target/test-dir/MiniOzoneClusterImpl-61d3b935-36cd-4496-a441-eee01f8c564c/datanode-0/data/ratis/f1381232-f8aa-4d64-9bf5-c9847b6d8720/sm/snapshot.1_0 took: 4 ms
2023-05-23 10:28:29,184 [a469ef55-9a66-4c89-903c-187a01270f46@group-C9847B6D8720-StateMachineUpdater] INFO  impl.StateMachineUpdater (StateMachineUpdater.java:takeSnapshot(291)) - a469ef55-9a66-4c89-903c-187a01270f46@group-C9847B6D8720-StateMachineUpdater: Took a snapshot at index 0
2023-05-23 10:28:29,184 [a469ef55-9a66-4c89-903c-187a01270f46@group-C9847B6D8720-StateMachineUpdater] INFO  impl.StateMachineUpdater (StateMachineUpdater.java:lambda$new$0(97)) - a469ef55-9a66-4c89-903c-187a01270f46@group-C9847B6D8720-StateMachineUpdater: snapshotIndex: updateIncreasingly -1 -> 0
2023-05-23 10:28:29,184 [a469ef55-9a66-4c89-903c-187a01270f46-impl-thread1] INFO  server.RaftServer$Division (ServerState.java:close(472)) - a469ef55-9a66-4c89-903c-187a01270f46@group-C9847B6D8720: closes. applyIndex: 0
2023-05-23 10:28:29,189 [Thread-3342] INFO  server.GrpcServerProtocolClient (GrpcServerProtocolClient.java:close(103)) - 2f994218-547f-400b-b588-7f48010df848 Close channels
2023-05-23 10:28:29,190 [Thread-3343] INFO  server.GrpcServerProtocolClient (GrpcServerProtocolClient.java:close(103)) - a469ef55-9a66-4c89-903c-187a01270f46 Close channels
2023-05-23 10:28:29,194 [Listener at 127.0.0.1/15244] INFO  server.GrpcService (GrpcService.java:closeImpl(320)) - 3ac7e479-6b2c-4ad1-9d02-9355b26abab7: shutdown server org.apache.ratis.grpc.server.GrpcClientProtocolService successfully
2023-05-23 10:28:29,194 [Listener at 127.0.0.1/15244] INFO  server.GrpcService (GrpcService.java:closeImpl(311)) - 3ac7e479-6b2c-4ad1-9d02-9355b26abab7: shutdown server GrpcServerProtocolService now
2023-05-23 10:28:29,195 [grpc-default-executor-4] INFO  server.GrpcLogAppender (GrpcLogAppender.java:onError(417)) - a469ef55-9a66-4c89-903c-187a01270f46@group-CC085891EDF4->3ac7e479-6b2c-4ad1-9d02-9355b26abab7-GrpcLogAppender is already stopped
2023-05-23 10:28:29,206 [ForkJoinPool.commonPool-worker-3] INFO  ozoneimpl.OzoneContainer (OzoneContainer.java:stop(419)) - Attempting to stop container services.
2023-05-23 10:28:29,207 [ForkJoinPool.commonPool-worker-2] INFO  server.GrpcService (GrpcService.java:closeImpl(320)) - a469ef55-9a66-4c89-903c-187a01270f46: shutdown server org.apache.ratis.grpc.server.GrpcClientProtocolService successfully
2023-05-23 10:28:29,207 [ForkJoinPool.commonPool-worker-2] INFO  server.GrpcService (GrpcService.java:closeImpl(311)) - a469ef55-9a66-4c89-903c-187a01270f46: shutdown server GrpcServerProtocolService now
2023-05-23 10:28:29,207 [Listener at 127.0.0.1/15244] INFO  server.GrpcService (GrpcService.java:closeImpl(320)) - 3ac7e479-6b2c-4ad1-9d02-9355b26abab7: shutdown server GrpcServerProtocolService successfully
2023-05-23 10:28:29,207 [Listener at 127.0.0.1/15244] INFO  server.GrpcService (GrpcService.java:closeImpl(311)) - 3ac7e479-6b2c-4ad1-9d02-9355b26abab7: shutdown server org.apache.ratis.grpc.server.GrpcAdminProtocolService now
2023-05-23 10:28:29,213 [ForkJoinPool.commonPool-worker-3] INFO  server.RaftServer (RaftServerProxy.java:lambda$close$6(416)) - bcab7f0f-7790-4a04-bb65-53c00937b84b: close
2023-05-23 10:28:29,217 [ForkJoinPool.commonPool-worker-3] INFO  server.GrpcService (GrpcService.java:closeImpl(311)) - bcab7f0f-7790-4a04-bb65-53c00937b84b: shutdown server org.apache.ratis.grpc.server.GrpcClientProtocolService now
2023-05-23 10:28:29,217 [bcab7f0f-7790-4a04-bb65-53c00937b84b-impl-thread1] INFO  server.RaftServer$Division (RaftServerImpl.java:lambda$close$4(466)) - bcab7f0f-7790-4a04-bb65-53c00937b84b@group-1F5D34F6C287: shutdown
2023-05-23 10:28:29,217 [bcab7f0f-7790-4a04-bb65-53c00937b84b-impl-thread1] INFO  util.JmxRegister (JmxRegister.java:unregister(73)) - Successfully un-registered JMX Bean with object name Ratis:service=RaftServer,group=group-1F5D34F6C287,id=bcab7f0f-7790-4a04-bb65-53c00937b84b
2023-05-23 10:28:29,217 [bcab7f0f-7790-4a04-bb65-53c00937b84b-impl-thread1] INFO  impl.RoleInfo (RoleInfo.java:shutdownLeaderState(93)) - bcab7f0f-7790-4a04-bb65-53c00937b84b: shutdown bcab7f0f-7790-4a04-bb65-53c00937b84b@group-1F5D34F6C287-LeaderStateImpl
2023-05-23 10:28:29,217 [bcab7f0f-7790-4a04-bb65-53c00937b84b-impl-thread1] INFO  impl.PendingRequests (PendingRequests.java:sendNotLeaderResponses(289)) - bcab7f0f-7790-4a04-bb65-53c00937b84b@group-1F5D34F6C287-PendingRequests: sendNotLeaderResponses
2023-05-23 10:28:29,218 [bcab7f0f-7790-4a04-bb65-53c00937b84b-impl-thread1] INFO  impl.StateMachineUpdater (StateMachineUpdater.java:stopAndJoin(155)) - bcab7f0f-7790-4a04-bb65-53c00937b84b@group-1F5D34F6C287-StateMachineUpdater: set stopIndex = 0
2023-05-23 10:28:29,218 [ForkJoinPool.commonPool-worker-2] INFO  server.GrpcService (GrpcService.java:closeImpl(320)) - a469ef55-9a66-4c89-903c-187a01270f46: shutdown server GrpcServerProtocolService successfully
2023-05-23 10:28:29,218 [ForkJoinPool.commonPool-worker-2] INFO  server.GrpcService (GrpcService.java:closeImpl(311)) - a469ef55-9a66-4c89-903c-187a01270f46: shutdown server org.apache.ratis.grpc.server.GrpcAdminProtocolService now
2023-05-23 10:28:29,218 [ForkJoinPool.commonPool-worker-2] INFO  server.GrpcService (GrpcService.java:closeImpl(320)) - a469ef55-9a66-4c89-903c-187a01270f46: shutdown server org.apache.ratis.grpc.server.GrpcAdminProtocolService successfully
2023-05-23 10:28:29,219 [a469ef55-9a66-4c89-903c-187a01270f46-NettyServerStreamRpc-bossGroup--thread1] INFO  logging.LoggingHandler (AbstractInternalLogger.java:log(148)) - [id: 0x63f6ac66, L:/0:0:0:0:0:0:0:0:15254] CLOSE
2023-05-23 10:28:29,219 [a469ef55-9a66-4c89-903c-187a01270f46-NettyServerStreamRpc-bossGroup--thread1] INFO  logging.LoggingHandler (AbstractInternalLogger.java:log(148)) - [id: 0x63f6ac66, L:/0:0:0:0:0:0:0:0:15254] INACTIVE
2023-05-23 10:28:29,219 [a469ef55-9a66-4c89-903c-187a01270f46-NettyServerStreamRpc-bossGroup--thread1] INFO  logging.LoggingHandler (AbstractInternalLogger.java:log(148)) - [id: 0x63f6ac66, L:/0:0:0:0:0:0:0:0:15254] UNREGISTERED
2023-05-23 10:28:29,219 [bcab7f0f-7790-4a04-bb65-53c00937b84b@group-1F5D34F6C287-StateMachineUpdater] INFO  ratis.ContainerStateMachine (ContainerStateMachine.java:takeSnapshot(330)) - group-1F5D34F6C287: Taking a snapshot at:(t:1, i:0) file /home/runner/work/ozone/ozone/hadoop-ozone/integration-test/target/test-dir/MiniOzoneClusterImpl-61d3b935-36cd-4496-a441-eee01f8c564c/datanode-4/data/ratis/84742cf6-54fc-4286-943e-1f5d34f6c287/sm/snapshot.1_0
2023-05-23 10:28:29,220 [bcab7f0f-7790-4a04-bb65-53c00937b84b@group-1F5D34F6C287-StateMachineUpdater] INFO  ratis.ContainerStateMachine (ContainerStateMachine.java:takeSnapshot(341)) - group-1F5D34F6C287: Finished taking a snapshot at:(t:1, i:0) file:/home/runner/work/ozone/ozone/hadoop-ozone/integration-test/target/test-dir/MiniOzoneClusterImpl-61d3b935-36cd-4496-a441-eee01f8c564c/datanode-4/data/ratis/84742cf6-54fc-4286-943e-1f5d34f6c287/sm/snapshot.1_0 took: 1 ms
2023-05-23 10:28:29,220 [bcab7f0f-7790-4a04-bb65-53c00937b84b@group-1F5D34F6C287-StateMachineUpdater] INFO  impl.StateMachineUpdater (StateMachineUpdater.java:takeSnapshot(291)) - bcab7f0f-7790-4a04-bb65-53c00937b84b@group-1F5D34F6C287-StateMachineUpdater: Took a snapshot at index 0
2023-05-23 10:28:29,220 [bcab7f0f-7790-4a04-bb65-53c00937b84b@group-1F5D34F6C287-StateMachineUpdater] INFO  impl.StateMachineUpdater (StateMachineUpdater.java:lambda$new$0(97)) - bcab7f0f-7790-4a04-bb65-53c00937b84b@group-1F5D34F6C287-StateMachineUpdater: snapshotIndex: updateIncreasingly -1 -> 0
2023-05-23 10:28:29,221 [bcab7f0f-7790-4a04-bb65-53c00937b84b-impl-thread1] INFO  server.RaftServer$Division (ServerState.java:close(472)) - bcab7f0f-7790-4a04-bb65-53c00937b84b@group-1F5D34F6C287: closes. applyIndex: 0
2023-05-23 10:28:29,226 [Listener at 127.0.0.1/15244] INFO  server.GrpcService (GrpcService.java:closeImpl(320)) - 3ac7e479-6b2c-4ad1-9d02-9355b26abab7: shutdown server org.apache.ratis.grpc.server.GrpcAdminProtocolService successfully
2023-05-23 10:28:29,226 [3ac7e479-6b2c-4ad1-9d02-9355b26abab7-NettyServerStreamRpc-bossGroup--thread1] INFO  logging.LoggingHandler (AbstractInternalLogger.java:log(148)) - [id: 0xf5f91ce8, L:/0:0:0:0:0:0:0:0:15270] CLOSE
2023-05-23 10:28:29,226 [3ac7e479-6b2c-4ad1-9d02-9355b26abab7-NettyServerStreamRpc-bossGroup--thread1] INFO  logging.LoggingHandler (AbstractInternalLogger.java:log(148)) - [id: 0xf5f91ce8, L:/0:0:0:0:0:0:0:0:15270] INACTIVE
2023-05-23 10:28:29,226 [3ac7e479-6b2c-4ad1-9d02-9355b26abab7-NettyServerStreamRpc-bossGroup--thread1] INFO  logging.LoggingHandler (AbstractInternalLogger.java:log(148)) - [id: 0xf5f91ce8, L:/0:0:0:0:0:0:0:0:15270] UNREGISTERED
2023-05-23 10:28:29,226 [ForkJoinPool.commonPool-worker-3] INFO  server.GrpcService (GrpcService.java:closeImpl(320)) - bcab7f0f-7790-4a04-bb65-53c00937b84b: shutdown server org.apache.ratis.grpc.server.GrpcClientProtocolService successfully
2023-05-23 10:28:29,227 [ForkJoinPool.commonPool-worker-3] INFO  server.GrpcService (GrpcService.java:closeImpl(311)) - bcab7f0f-7790-4a04-bb65-53c00937b84b: shutdown server GrpcServerProtocolService now
2023-05-23 10:28:29,233 [ForkJoinPool.commonPool-worker-3] INFO  server.GrpcService (GrpcService.java:closeImpl(320)) - bcab7f0f-7790-4a04-bb65-53c00937b84b: shutdown server GrpcServerProtocolService successfully
2023-05-23 10:28:29,233 [ForkJoinPool.commonPool-worker-3] INFO  server.GrpcService (GrpcService.java:closeImpl(311)) - bcab7f0f-7790-4a04-bb65-53c00937b84b: shutdown server org.apache.ratis.grpc.server.GrpcAdminProtocolService now
2023-05-23 10:28:29,236 [ForkJoinPool.commonPool-worker-3] INFO  server.GrpcService (GrpcService.java:closeImpl(320)) - bcab7f0f-7790-4a04-bb65-53c00937b84b: shutdown server org.apache.ratis.grpc.server.GrpcAdminProtocolService successfully
2023-05-23 10:28:29,236 [bcab7f0f-7790-4a04-bb65-53c00937b84b-NettyServerStreamRpc-bossGroup--thread1] INFO  logging.LoggingHandler (AbstractInternalLogger.java:log(148)) - [id: 0x5e156583, L:/0:0:0:0:0:0:0:0:15286] CLOSE
2023-05-23 10:28:29,236 [bcab7f0f-7790-4a04-bb65-53c00937b84b-NettyServerStreamRpc-bossGroup--thread1] INFO  logging.LoggingHandler (AbstractInternalLogger.java:log(148)) - [id: 0x5e156583, L:/0:0:0:0:0:0:0:0:15286] INACTIVE
2023-05-23 10:28:29,236 [ForkJoinPool.commonPool-worker-0] INFO  ozoneimpl.OzoneContainer (OzoneContainer.java:stop(419)) - Attempting to stop container services.
2023-05-23 10:28:29,236 [bcab7f0f-7790-4a04-bb65-53c00937b84b-NettyServerStreamRpc-bossGroup--thread1] INFO  logging.LoggingHandler (AbstractInternalLogger.java:log(148)) - [id: 0x5e156583, L:/0:0:0:0:0:0:0:0:15286] UNREGISTERED
2023-05-23 10:28:29,240 [ForkJoinPool.commonPool-worker-0] INFO  server.RaftServer (RaftServerProxy.java:lambda$close$6(416)) - d6ba1385-1418-4053-92a8-092c511516c2: close
2023-05-23 10:28:29,240 [ForkJoinPool.commonPool-worker-0] INFO  server.GrpcService (GrpcService.java:closeImpl(311)) - d6ba1385-1418-4053-92a8-092c511516c2: shutdown server org.apache.ratis.grpc.server.GrpcClientProtocolService now
2023-05-23 10:28:29,240 [d6ba1385-1418-4053-92a8-092c511516c2-impl-thread1] INFO  server.RaftServer$Division (RaftServerImpl.java:lambda$close$4(466)) - d6ba1385-1418-4053-92a8-092c511516c2@group-679B9295CD81: shutdown
2023-05-23 10:28:29,241 [d6ba1385-1418-4053-92a8-092c511516c2-impl-thread1] INFO  util.JmxRegister (JmxRegister.java:unregister(73)) - Successfully un-registered JMX Bean with object name Ratis:service=RaftServer,group=group-679B9295CD81,id=d6ba1385-1418-4053-92a8-092c511516c2
2023-05-23 10:28:29,241 [d6ba1385-1418-4053-92a8-092c511516c2-impl-thread1] INFO  impl.RoleInfo (RoleInfo.java:shutdownLeaderState(93)) - d6ba1385-1418-4053-92a8-092c511516c2: shutdown d6ba1385-1418-4053-92a8-092c511516c2@group-679B9295CD81-LeaderStateImpl
2023-05-23 10:28:29,241 [d6ba1385-1418-4053-92a8-092c511516c2-impl-thread1] INFO  impl.PendingRequests (PendingRequests.java:sendNotLeaderResponses(289)) - d6ba1385-1418-4053-92a8-092c511516c2@group-679B9295CD81-PendingRequests: sendNotLeaderResponses
2023-05-23 10:28:29,241 [ForkJoinPool.commonPool-worker-0] INFO  server.GrpcService (GrpcService.java:closeImpl(320)) - d6ba1385-1418-4053-92a8-092c511516c2: shutdown server org.apache.ratis.grpc.server.GrpcClientProtocolService successfully
2023-05-23 10:28:29,241 [ForkJoinPool.commonPool-worker-0] INFO  server.GrpcService (GrpcService.java:closeImpl(311)) - d6ba1385-1418-4053-92a8-092c511516c2: shutdown server GrpcServerProtocolService now
2023-05-23 10:28:29,241 [d6ba1385-1418-4053-92a8-092c511516c2-impl-thread1] INFO  impl.StateMachineUpdater (StateMachineUpdater.java:stopAndJoin(155)) - d6ba1385-1418-4053-92a8-092c511516c2@group-679B9295CD81-StateMachineUpdater: set stopIndex = 0
2023-05-23 10:28:29,241 [d6ba1385-1418-4053-92a8-092c511516c2@group-679B9295CD81-StateMachineUpdater] INFO  ratis.ContainerStateMachine (ContainerStateMachine.java:takeSnapshot(330)) - group-679B9295CD81: Taking a snapshot at:(t:1, i:0) file /home/runner/work/ozone/ozone/hadoop-ozone/integration-test/target/test-dir/MiniOzoneClusterImpl-61d3b935-36cd-4496-a441-eee01f8c564c/datanode-3/data/ratis/b09cf719-1a5c-40b9-8896-679b9295cd81/sm/snapshot.1_0
2023-05-23 10:28:29,242 [d6ba1385-1418-4053-92a8-092c511516c2@group-679B9295CD81-StateMachineUpdater] INFO  ratis.ContainerStateMachine (ContainerStateMachine.java:takeSnapshot(341)) - group-679B9295CD81: Finished taking a snapshot at:(t:1, i:0) file:/home/runner/work/ozone/ozone/hadoop-ozone/integration-test/target/test-dir/MiniOzoneClusterImpl-61d3b935-36cd-4496-a441-eee01f8c564c/datanode-3/data/ratis/b09cf719-1a5c-40b9-8896-679b9295cd81/sm/snapshot.1_0 took: 1 ms
2023-05-23 10:28:29,242 [d6ba1385-1418-4053-92a8-092c511516c2@group-679B9295CD81-StateMachineUpdater] INFO  impl.StateMachineUpdater (StateMachineUpdater.java:takeSnapshot(291)) - d6ba1385-1418-4053-92a8-092c511516c2@group-679B9295CD81-StateMachineUpdater: Took a snapshot at index 0
2023-05-23 10:28:29,242 [d6ba1385-1418-4053-92a8-092c511516c2@group-679B9295CD81-StateMachineUpdater] INFO  impl.StateMachineUpdater (StateMachineUpdater.java:lambda$new$0(97)) - d6ba1385-1418-4053-92a8-092c511516c2@group-679B9295CD81-StateMachineUpdater: snapshotIndex: updateIncreasingly -1 -> 0
2023-05-23 10:28:29,243 [d6ba1385-1418-4053-92a8-092c511516c2-impl-thread1] INFO  server.RaftServer$Division (ServerState.java:close(472)) - d6ba1385-1418-4053-92a8-092c511516c2@group-679B9295CD81: closes. applyIndex: 0
2023-05-23 10:28:29,245 [ForkJoinPool.commonPool-worker-0] INFO  server.GrpcService (GrpcService.java:closeImpl(320)) - d6ba1385-1418-4053-92a8-092c511516c2: shutdown server GrpcServerProtocolService successfully
2023-05-23 10:28:29,245 [ForkJoinPool.commonPool-worker-0] INFO  server.GrpcService (GrpcService.java:closeImpl(311)) - d6ba1385-1418-4053-92a8-092c511516c2: shutdown server org.apache.ratis.grpc.server.GrpcAdminProtocolService now
2023-05-23 10:28:29,247 [ForkJoinPool.commonPool-worker-0] INFO  server.GrpcService (GrpcService.java:closeImpl(320)) - d6ba1385-1418-4053-92a8-092c511516c2: shutdown server org.apache.ratis.grpc.server.GrpcAdminProtocolService successfully
2023-05-23 10:28:29,247 [d6ba1385-1418-4053-92a8-092c511516c2-NettyServerStreamRpc-bossGroup--thread1] INFO  logging.LoggingHandler (AbstractInternalLogger.java:log(148)) - [id: 0xe085eafc, L:/0:0:0:0:0:0:0:0:15278] CLOSE
2023-05-23 10:28:29,247 [d6ba1385-1418-4053-92a8-092c511516c2-NettyServerStreamRpc-bossGroup--thread1] INFO  logging.LoggingHandler (AbstractInternalLogger.java:log(148)) - [id: 0xe085eafc, L:/0:0:0:0:0:0:0:0:15278] INACTIVE
2023-05-23 10:28:29,247 [d6ba1385-1418-4053-92a8-092c511516c2-NettyServerStreamRpc-bossGroup--thread1] INFO  logging.LoggingHandler (AbstractInternalLogger.java:log(148)) - [id: 0xe085eafc, L:/0:0:0:0:0:0:0:0:15278] UNREGISTERED
2023-05-23 10:28:29,364 [ReplicationMonitor] INFO  replication.ReplicationManager (ReplicationManager.java:processAll(403)) - Replication Monitor Thread took 1 milliseconds for processing 1 containers.
2023-05-23 10:28:29,474 [3ac7e479-6b2c-4ad1-9d02-9355b26abab7-impl-thread1] INFO  segmented.SegmentedRaftLogWorker (SegmentedRaftLogWorker.java:close(252)) - 3ac7e479-6b2c-4ad1-9d02-9355b26abab7@group-BAAEFD41DDFE-SegmentedRaftLogWorker close()
2023-05-23 10:28:29,475 [JvmPauseMonitor33] INFO  util.JvmPauseMonitor (JvmPauseMonitor.java:run(109)) - JvmPauseMonitor-3ac7e479-6b2c-4ad1-9d02-9355b26abab7: Stopped
2023-05-23 10:28:29,804 [a469ef55-9a66-4c89-903c-187a01270f46-impl-thread1] INFO  segmented.SegmentedRaftLogWorker (SegmentedRaftLogWorker.java:close(252)) - a469ef55-9a66-4c89-903c-187a01270f46@group-C9847B6D8720-SegmentedRaftLogWorker close()
2023-05-23 10:28:29,806 [JvmPauseMonitor31] INFO  util.JvmPauseMonitor (JvmPauseMonitor.java:run(109)) - JvmPauseMonitor-a469ef55-9a66-4c89-903c-187a01270f46: Stopped
2023-05-23 10:28:29,820 [d6ba1385-1418-4053-92a8-092c511516c2-impl-thread1] INFO  segmented.SegmentedRaftLogWorker (SegmentedRaftLogWorker.java:close(252)) - d6ba1385-1418-4053-92a8-092c511516c2@group-679B9295CD81-SegmentedRaftLogWorker close()
2023-05-23 10:28:29,821 [JvmPauseMonitor34] INFO  util.JvmPauseMonitor (JvmPauseMonitor.java:run(109)) - JvmPauseMonitor-d6ba1385-1418-4053-92a8-092c511516c2: Stopped
2023-05-23 10:28:29,997 [bcab7f0f-7790-4a04-bb65-53c00937b84b-impl-thread1] INFO  segmented.SegmentedRaftLogWorker (SegmentedRaftLogWorker.java:close(252)) - bcab7f0f-7790-4a04-bb65-53c00937b84b@group-1F5D34F6C287-SegmentedRaftLogWorker close()
2023-05-23 10:28:29,998 [JvmPauseMonitor35] INFO  util.JvmPauseMonitor (JvmPauseMonitor.java:run(109)) - JvmPauseMonitor-bcab7f0f-7790-4a04-bb65-53c00937b84b: Stopped
2023-05-23 10:28:30,364 [ReplicationMonitor] INFO  replication.ReplicationManager (ReplicationManager.java:processAll(403)) - Replication Monitor Thread took 0 milliseconds for processing 1 containers.
2023-05-23 10:28:31,365 [ReplicationMonitor] INFO  replication.ReplicationManager (ReplicationManager.java:processAll(403)) - Replication Monitor Thread took 0 milliseconds for processing 1 containers.
2023-05-23 10:28:31,479 [Listener at 127.0.0.1/15244] INFO  utils.DatanodeStoreCache (DatanodeStoreCache.java:shutdownCache(110)) - Skip clearing cache in mini cluster mode. Entries left: [/home/runner/work/ozone/ozone/hadoop-ozone/integration-test/target/test-dir/MiniOzoneClusterImpl-61d3b935-36cd-4496-a441-eee01f8c564c/datanode-0/data-0/containers/hdds/61d3b935-36cd-4496-a441-eee01f8c564c/DS-d935d152-0a56-4081-9092-8ae59fa77d35/container.db, /home/runner/work/ozone/ozone/hadoop-ozone/integration-test/target/test-dir/MiniOzoneClusterImpl-61d3b935-36cd-4496-a441-eee01f8c564c/datanode-2/data-0/containers/hdds/61d3b935-36cd-4496-a441-eee01f8c564c/DS-e2633ad9-0474-4eb8-800a-585c155f45d0/container.db, /home/runner/work/ozone/ozone/hadoop-ozone/integration-test/target/test-dir/MiniOzoneClusterImpl-61d3b935-36cd-4496-a441-eee01f8c564c/datanode-3/data-0/containers/hdds/61d3b935-36cd-4496-a441-eee01f8c564c/DS-c7e48c54-6533-41e5-920f-b15e61bb81e2/container.db, /home/runner/work/ozone/ozone/hadoop-ozone/integration-test/target/test-dir/MiniOzoneClusterImpl-61d3b935-36cd-4496-a441-eee01f8c564c/datanode-4/data-0/containers/hdds/61d3b935-36cd-4496-a441-eee01f8c564c/DS-b3dec9d9-8d3c-42d3-901a-73cd497ab66a/container.db]
2023-05-23 10:28:31,481 [Listener at 127.0.0.1/15244] INFO  utils.DatanodeStoreCache (DatanodeStoreCache.java:removeDB(104)) - Removed db /home/runner/work/ozone/ozone/hadoop-ozone/integration-test/target/test-dir/MiniOzoneClusterImpl-61d3b935-36cd-4496-a441-eee01f8c564c/datanode-2/data-0/containers/hdds/61d3b935-36cd-4496-a441-eee01f8c564c/DS-e2633ad9-0474-4eb8-800a-585c155f45d0/container.db from cache
2023-05-23 10:28:31,481 [Listener at 127.0.0.1/15244] INFO  volume.HddsVolume (HddsVolume.java:closeDbStore(437)) - SchemaV3 db is stopped at /home/runner/work/ozone/ozone/hadoop-ozone/integration-test/target/test-dir/MiniOzoneClusterImpl-61d3b935-36cd-4496-a441-eee01f8c564c/datanode-2/data-0/containers/hdds/61d3b935-36cd-4496-a441-eee01f8c564c/DS-e2633ad9-0474-4eb8-800a-585c155f45d0/container.db for volume DS-e2633ad9-0474-4eb8-800a-585c155f45d0
2023-05-23 10:28:31,481 [Listener at 127.0.0.1/15244] INFO  utils.BackgroundService (BackgroundService.java:shutdown(141)) - Shutting down service BlockDeletingService
2023-05-23 10:28:31,481 [Listener at 127.0.0.1/15244] INFO  utils.BackgroundService (BackgroundService.java:shutdown(141)) - Shutting down service StaleRecoveringContainerScrubbingService
2023-05-23 10:28:31,484 [Listener at 127.0.0.1/15244] INFO  statemachine.DatanodeStateMachine (DatanodeStateMachine.java:stopDaemon(608)) - Ozone container server stopped.
2023-05-23 10:28:31,493 [Listener at 127.0.0.1/15244] INFO  handler.ContextHandler (ContextHandler.java:doStop(1159)) - Stopped o.e.j.w.WebAppContext@192c6450{hddsDatanode,/,null,STOPPED}{jar:file:/home/runner/.m2/repository/org/apache/ozone/hdds-container-service/1.4.0-SNAPSHOT/hdds-container-service-1.4.0-SNAPSHOT.jar!/webapps/hddsDatanode}
2023-05-23 10:28:31,494 [Listener at 127.0.0.1/15244] INFO  server.AbstractConnector (AbstractConnector.java:doStop(383)) - Stopped ServerConnector@4c720a01{HTTP/1.1, (http/1.1)}{0.0.0.0:15265}
2023-05-23 10:28:31,494 [Listener at 127.0.0.1/15244] INFO  server.session (HouseKeeper.java:stopScavenging(149)) - node0 Stopped scavenging
2023-05-23 10:28:31,494 [Listener at 127.0.0.1/15244] INFO  handler.ContextHandler (ContextHandler.java:doStop(1159)) - Stopped o.e.j.s.ServletContextHandler@1c618d35{static,/static,jar:file:/home/runner/.m2/repository/org/apache/ozone/hdds-container-service/1.4.0-SNAPSHOT/hdds-container-service-1.4.0-SNAPSHOT.jar!/webapps/static,STOPPED}
2023-05-23 10:28:31,494 [Listener at 127.0.0.1/15244] INFO  handler.ContextHandler (ContextHandler.java:doStop(1159)) - Stopped o.e.j.s.ServletContextHandler@1d688777{logs,/logs,file:///home/runner/work/ozone/ozone/hadoop-ozone/integration-test/target/log,STOPPED}
2023-05-23 10:28:31,808 [ForkJoinPool.commonPool-worker-2] INFO  utils.DatanodeStoreCache (DatanodeStoreCache.java:shutdownCache(110)) - Skip clearing cache in mini cluster mode. Entries left: [/home/runner/work/ozone/ozone/hadoop-ozone/integration-test/target/test-dir/MiniOzoneClusterImpl-61d3b935-36cd-4496-a441-eee01f8c564c/datanode-0/data-0/containers/hdds/61d3b935-36cd-4496-a441-eee01f8c564c/DS-d935d152-0a56-4081-9092-8ae59fa77d35/container.db, /home/runner/work/ozone/ozone/hadoop-ozone/integration-test/target/test-dir/MiniOzoneClusterImpl-61d3b935-36cd-4496-a441-eee01f8c564c/datanode-3/data-0/containers/hdds/61d3b935-36cd-4496-a441-eee01f8c564c/DS-c7e48c54-6533-41e5-920f-b15e61bb81e2/container.db, /home/runner/work/ozone/ozone/hadoop-ozone/integration-test/target/test-dir/MiniOzoneClusterImpl-61d3b935-36cd-4496-a441-eee01f8c564c/datanode-4/data-0/containers/hdds/61d3b935-36cd-4496-a441-eee01f8c564c/DS-b3dec9d9-8d3c-42d3-901a-73cd497ab66a/container.db]
2023-05-23 10:28:31,816 [ForkJoinPool.commonPool-worker-2] INFO  utils.DatanodeStoreCache (DatanodeStoreCache.java:removeDB(104)) - Removed db /home/runner/work/ozone/ozone/hadoop-ozone/integration-test/target/test-dir/MiniOzoneClusterImpl-61d3b935-36cd-4496-a441-eee01f8c564c/datanode-0/data-0/containers/hdds/61d3b935-36cd-4496-a441-eee01f8c564c/DS-d935d152-0a56-4081-9092-8ae59fa77d35/container.db from cache
2023-05-23 10:28:31,816 [ForkJoinPool.commonPool-worker-2] INFO  volume.HddsVolume (HddsVolume.java:closeDbStore(437)) - SchemaV3 db is stopped at /home/runner/work/ozone/ozone/hadoop-ozone/integration-test/target/test-dir/MiniOzoneClusterImpl-61d3b935-36cd-4496-a441-eee01f8c564c/datanode-0/data-0/containers/hdds/61d3b935-36cd-4496-a441-eee01f8c564c/DS-d935d152-0a56-4081-9092-8ae59fa77d35/container.db for volume DS-d935d152-0a56-4081-9092-8ae59fa77d35
2023-05-23 10:28:31,817 [ForkJoinPool.commonPool-worker-2] INFO  utils.BackgroundService (BackgroundService.java:shutdown(141)) - Shutting down service BlockDeletingService
2023-05-23 10:28:31,817 [ForkJoinPool.commonPool-worker-2] INFO  utils.BackgroundService (BackgroundService.java:shutdown(141)) - Shutting down service StaleRecoveringContainerScrubbingService
2023-05-23 10:28:31,819 [ForkJoinPool.commonPool-worker-2] INFO  statemachine.DatanodeStateMachine (DatanodeStateMachine.java:stopDaemon(608)) - Ozone container server stopped.
2023-05-23 10:28:31,825 [ForkJoinPool.commonPool-worker-0] INFO  utils.DatanodeStoreCache (DatanodeStoreCache.java:shutdownCache(110)) - Skip clearing cache in mini cluster mode. Entries left: [/home/runner/work/ozone/ozone/hadoop-ozone/integration-test/target/test-dir/MiniOzoneClusterImpl-61d3b935-36cd-4496-a441-eee01f8c564c/datanode-3/data-0/containers/hdds/61d3b935-36cd-4496-a441-eee01f8c564c/DS-c7e48c54-6533-41e5-920f-b15e61bb81e2/container.db, /home/runner/work/ozone/ozone/hadoop-ozone/integration-test/target/test-dir/MiniOzoneClusterImpl-61d3b935-36cd-4496-a441-eee01f8c564c/datanode-4/data-0/containers/hdds/61d3b935-36cd-4496-a441-eee01f8c564c/DS-b3dec9d9-8d3c-42d3-901a-73cd497ab66a/container.db]
2023-05-23 10:28:31,827 [ForkJoinPool.commonPool-worker-0] INFO  utils.DatanodeStoreCache (DatanodeStoreCache.java:removeDB(104)) - Removed db /home/runner/work/ozone/ozone/hadoop-ozone/integration-test/target/test-dir/MiniOzoneClusterImpl-61d3b935-36cd-4496-a441-eee01f8c564c/datanode-3/data-0/containers/hdds/61d3b935-36cd-4496-a441-eee01f8c564c/DS-c7e48c54-6533-41e5-920f-b15e61bb81e2/container.db from cache
2023-05-23 10:28:31,827 [ForkJoinPool.commonPool-worker-0] INFO  volume.HddsVolume (HddsVolume.java:closeDbStore(437)) - SchemaV3 db is stopped at /home/runner/work/ozone/ozone/hadoop-ozone/integration-test/target/test-dir/MiniOzoneClusterImpl-61d3b935-36cd-4496-a441-eee01f8c564c/datanode-3/data-0/containers/hdds/61d3b935-36cd-4496-a441-eee01f8c564c/DS-c7e48c54-6533-41e5-920f-b15e61bb81e2/container.db for volume DS-c7e48c54-6533-41e5-920f-b15e61bb81e2
2023-05-23 10:28:31,828 [ForkJoinPool.commonPool-worker-0] INFO  utils.BackgroundService (BackgroundService.java:shutdown(141)) - Shutting down service BlockDeletingService
2023-05-23 10:28:31,828 [ForkJoinPool.commonPool-worker-0] INFO  utils.BackgroundService (BackgroundService.java:shutdown(141)) - Shutting down service StaleRecoveringContainerScrubbingService
2023-05-23 10:28:31,829 [ForkJoinPool.commonPool-worker-0] INFO  statemachine.DatanodeStateMachine (DatanodeStateMachine.java:stopDaemon(608)) - Ozone container server stopped.
2023-05-23 10:28:31,841 [ForkJoinPool.commonPool-worker-0] INFO  handler.ContextHandler (ContextHandler.java:doStop(1159)) - Stopped o.e.j.w.WebAppContext@7fa6218d{hddsDatanode,/,null,STOPPED}{jar:file:/home/runner/.m2/repository/org/apache/ozone/hdds-container-service/1.4.0-SNAPSHOT/hdds-container-service-1.4.0-SNAPSHOT.jar!/webapps/hddsDatanode}
2023-05-23 10:28:31,843 [ForkJoinPool.commonPool-worker-0] INFO  server.AbstractConnector (AbstractConnector.java:doStop(383)) - Stopped ServerConnector@3633e83e{HTTP/1.1, (http/1.1)}{0.0.0.0:15273}
2023-05-23 10:28:31,844 [ForkJoinPool.commonPool-worker-0] INFO  server.session (HouseKeeper.java:stopScavenging(149)) - node0 Stopped scavenging
2023-05-23 10:28:31,844 [ForkJoinPool.commonPool-worker-0] INFO  handler.ContextHandler (ContextHandler.java:doStop(1159)) - Stopped o.e.j.s.ServletContextHandler@43f829e7{static,/static,jar:file:/home/runner/.m2/repository/org/apache/ozone/hdds-container-service/1.4.0-SNAPSHOT/hdds-container-service-1.4.0-SNAPSHOT.jar!/webapps/static,STOPPED}
2023-05-23 10:28:31,844 [ForkJoinPool.commonPool-worker-0] INFO  handler.ContextHandler (ContextHandler.java:doStop(1159)) - Stopped o.e.j.s.ServletContextHandler@5dc36c0e{logs,/logs,file:///home/runner/work/ozone/ozone/hadoop-ozone/integration-test/target/log,STOPPED}
2023-05-23 10:28:31,844 [ForkJoinPool.commonPool-worker-2] INFO  handler.ContextHandler (ContextHandler.java:doStop(1159)) - Stopped o.e.j.w.WebAppContext@4f8daac9{hddsDatanode,/,null,STOPPED}{jar:file:/home/runner/.m2/repository/org/apache/ozone/hdds-container-service/1.4.0-SNAPSHOT/hdds-container-service-1.4.0-SNAPSHOT.jar!/webapps/hddsDatanode}
2023-05-23 10:28:31,845 [ForkJoinPool.commonPool-worker-2] INFO  server.AbstractConnector (AbstractConnector.java:doStop(383)) - Stopped ServerConnector@4af4236c{HTTP/1.1, (http/1.1)}{0.0.0.0:15249}
2023-05-23 10:28:31,846 [ForkJoinPool.commonPool-worker-2] INFO  server.session (HouseKeeper.java:stopScavenging(149)) - node0 Stopped scavenging
2023-05-23 10:28:31,846 [ForkJoinPool.commonPool-worker-2] INFO  handler.ContextHandler (ContextHandler.java:doStop(1159)) - Stopped o.e.j.s.ServletContextHandler@1e1fb884{static,/static,jar:file:/home/runner/.m2/repository/org/apache/ozone/hdds-container-service/1.4.0-SNAPSHOT/hdds-container-service-1.4.0-SNAPSHOT.jar!/webapps/static,STOPPED}
2023-05-23 10:28:31,846 [ForkJoinPool.commonPool-worker-2] INFO  handler.ContextHandler (ContextHandler.java:doStop(1159)) - Stopped o.e.j.s.ServletContextHandler@7e08e8ed{logs,/logs,file:///home/runner/work/ozone/ozone/hadoop-ozone/integration-test/target/log,STOPPED}
2023-05-23 10:28:32,000 [ForkJoinPool.commonPool-worker-3] INFO  utils.DatanodeStoreCache (DatanodeStoreCache.java:shutdownCache(110)) - Skip clearing cache in mini cluster mode. Entries left: [/home/runner/work/ozone/ozone/hadoop-ozone/integration-test/target/test-dir/MiniOzoneClusterImpl-61d3b935-36cd-4496-a441-eee01f8c564c/datanode-4/data-0/containers/hdds/61d3b935-36cd-4496-a441-eee01f8c564c/DS-b3dec9d9-8d3c-42d3-901a-73cd497ab66a/container.db]
2023-05-23 10:28:32,004 [ForkJoinPool.commonPool-worker-3] INFO  utils.DatanodeStoreCache (DatanodeStoreCache.java:removeDB(104)) - Removed db /home/runner/work/ozone/ozone/hadoop-ozone/integration-test/target/test-dir/MiniOzoneClusterImpl-61d3b935-36cd-4496-a441-eee01f8c564c/datanode-4/data-0/containers/hdds/61d3b935-36cd-4496-a441-eee01f8c564c/DS-b3dec9d9-8d3c-42d3-901a-73cd497ab66a/container.db from cache
2023-05-23 10:28:32,004 [ForkJoinPool.commonPool-worker-3] INFO  volume.HddsVolume (HddsVolume.java:closeDbStore(437)) - SchemaV3 db is stopped at /home/runner/work/ozone/ozone/hadoop-ozone/integration-test/target/test-dir/MiniOzoneClusterImpl-61d3b935-36cd-4496-a441-eee01f8c564c/datanode-4/data-0/containers/hdds/61d3b935-36cd-4496-a441-eee01f8c564c/DS-b3dec9d9-8d3c-42d3-901a-73cd497ab66a/container.db for volume DS-b3dec9d9-8d3c-42d3-901a-73cd497ab66a
2023-05-23 10:28:32,006 [ForkJoinPool.commonPool-worker-3] INFO  utils.BackgroundService (BackgroundService.java:shutdown(141)) - Shutting down service BlockDeletingService
2023-05-23 10:28:32,006 [ForkJoinPool.commonPool-worker-3] INFO  utils.BackgroundService (BackgroundService.java:shutdown(141)) - Shutting down service StaleRecoveringContainerScrubbingService
2023-05-23 10:28:32,008 [ForkJoinPool.commonPool-worker-3] INFO  statemachine.DatanodeStateMachine (DatanodeStateMachine.java:stopDaemon(608)) - Ozone container server stopped.
2023-05-23 10:28:32,019 [ForkJoinPool.commonPool-worker-3] INFO  handler.ContextHandler (ContextHandler.java:doStop(1159)) - Stopped o.e.j.w.WebAppContext@6818d5bd{hddsDatanode,/,null,STOPPED}{jar:file:/home/runner/.m2/repository/org/apache/ozone/hdds-container-service/1.4.0-SNAPSHOT/hdds-container-service-1.4.0-SNAPSHOT.jar!/webapps/hddsDatanode}
2023-05-23 10:28:32,020 [ForkJoinPool.commonPool-worker-3] INFO  server.AbstractConnector (AbstractConnector.java:doStop(383)) - Stopped ServerConnector@14b8b4a1{HTTP/1.1, (http/1.1)}{0.0.0.0:15281}
2023-05-23 10:28:32,020 [ForkJoinPool.commonPool-worker-3] INFO  server.session (HouseKeeper.java:stopScavenging(149)) - node0 Stopped scavenging
2023-05-23 10:28:32,020 [ForkJoinPool.commonPool-worker-3] INFO  handler.ContextHandler (ContextHandler.java:doStop(1159)) - Stopped o.e.j.s.ServletContextHandler@1ce75c5f{static,/static,jar:file:/home/runner/.m2/repository/org/apache/ozone/hdds-container-service/1.4.0-SNAPSHOT/hdds-container-service-1.4.0-SNAPSHOT.jar!/webapps/static,STOPPED}
2023-05-23 10:28:32,020 [ForkJoinPool.commonPool-worker-3] INFO  handler.ContextHandler (ContextHandler.java:doStop(1159)) - Stopped o.e.j.s.ServletContextHandler@44a6f1b9{logs,/logs,file:///home/runner/work/ozone/ozone/hadoop-ozone/integration-test/target/log,STOPPED}
2023-05-23 10:28:32,021 [Listener at 127.0.0.1/15244] INFO  ozone.MiniOzoneClusterImpl (MiniOzoneClusterImpl.java:stopSCM(536)) - Stopping the StorageContainerManager
2023-05-23 10:28:32,021 [Listener at 127.0.0.1/15244] INFO  server.StorageContainerManager (StorageContainerManager.java:stop(1578)) - Container Balancer is not running.
2023-05-23 10:28:32,021 [Listener at 127.0.0.1/15244] INFO  server.StorageContainerManager (StorageContainerManager.java:stopReplicationManager(1709)) - Stopping Replication Manager Service.
2023-05-23 10:28:32,021 [Listener at 127.0.0.1/15244] INFO  replication.ReplicationManager (ReplicationManager.java:stop(333)) - Stopping Replication Monitor Thread.
2023-05-23 10:28:32,022 [Listener at 127.0.0.1/15244] INFO  server.StorageContainerManager (StorageContainerManager.java:stop(1587)) - Stopping the Datanode Admin Monitor.
2023-05-23 10:28:32,022 [Under Replicated Processor] WARN  replication.UnhealthyReplicationProcessor (UnhealthyReplicationProcessor.java:run(167)) - Under Replicated Processor interrupted. Exiting...
2023-05-23 10:28:32,022 [Over Replicated Processor] WARN  replication.UnhealthyReplicationProcessor (UnhealthyReplicationProcessor.java:run(167)) - Over Replicated Processor interrupted. Exiting...
2023-05-23 10:28:32,022 [ReplicationMonitor] INFO  replication.ReplicationManager (ReplicationManager.java:run(944)) - Replication Monitor Thread is stopped
2023-05-23 10:28:32,022 [Listener at 127.0.0.1/15244] INFO  server.StorageContainerManager (StorageContainerManager.java:stop(1594)) - Stopping datanode service RPC server
2023-05-23 10:28:32,022 [Listener at 127.0.0.1/15244] INFO  server.SCMDatanodeProtocolServer (SCMDatanodeProtocolServer.java:stop(424)) - Stopping the RPC server for DataNodes
2023-05-23 10:28:32,022 [Listener at 127.0.0.1/15244] INFO  ipc.Server (Server.java:stop(3501)) - Stopping server on 15242
2023-05-23 10:28:32,023 [IPC Server listener on 15242] INFO  ipc.Server (Server.java:run(1430)) - Stopping IPC Server listener on 15242
2023-05-23 10:28:32,025 [IPC Server Responder] INFO  ipc.Server (Server.java:run(1563)) - Stopping IPC Server Responder
2023-05-23 10:28:32,089 [SCM Heartbeat Processing Thread - 0] WARN  node.NodeStateManager (NodeStateManager.java:scheduleNextHealthCheck(870)) - Current Thread is interrupted, shutting down HB processing thread for Node Manager.
2023-05-23 10:28:32,089 [EventQueue-StaleNodeForStaleNodeHandler] INFO  node.StaleNodeHandler (StaleNodeHandler.java:onMessage(59)) - Datanode bcab7f0f-7790-4a04-bb65-53c00937b84b(fv-az1249-304/10.1.0.38) moved to stale state. Finalizing its pipelines [PipelineID=84742cf6-54fc-4286-943e-1f5d34f6c287]
2023-05-23 10:28:32,090 [EventQueue-StaleNodeForStaleNodeHandler] INFO  pipeline.PipelineManagerImpl (PipelineManagerImpl.java:closePipeline(442)) - Pipeline Pipeline[ Id: 84742cf6-54fc-4286-943e-1f5d34f6c287, Nodes: bcab7f0f-7790-4a04-bb65-53c00937b84b(fv-az1249-304/10.1.0.38), ReplicationConfig: RATIS/ONE, State:OPEN, leaderId:bcab7f0f-7790-4a04-bb65-53c00937b84b, CreationTimestamp2023-05-23T10:28:01.965Z[Etc/UTC]] moved to CLOSED state
2023-05-23 10:28:32,090 [Listener at 127.0.0.1/15244] INFO  server.StorageContainerManager (StorageContainerManager.java:stop(1602)) - Stopping block service RPC server
2023-05-23 10:28:32,090 [Listener at 127.0.0.1/15244] INFO  server.SCMBlockProtocolServer (SCMBlockProtocolServer.java:stop(161)) - Stopping the RPC server for Block Protocol
2023-05-23 10:28:32,090 [Listener at 127.0.0.1/15244] INFO  ipc.Server (Server.java:stop(3501)) - Stopping server on 15241
2023-05-23 10:28:32,092 [IPC Server listener on 15241] INFO  ipc.Server (Server.java:run(1430)) - Stopping IPC Server listener on 15241
2023-05-23 10:28:32,093 [IPC Server Responder] INFO  ipc.Server (Server.java:run(1563)) - Stopping IPC Server Responder
2023-05-23 10:28:32,094 [Listener at 127.0.0.1/15244] INFO  server.StorageContainerManager (StorageContainerManager.java:stop(1609)) - Stopping the StorageContainerLocationProtocol RPC server
2023-05-23 10:28:32,094 [Listener at 127.0.0.1/15244] INFO  server.SCMClientProtocolServer (SCMClientProtocolServer.java:stop(208)) - Stopping the RPC server for Client Protocol
2023-05-23 10:28:32,094 [Listener at 127.0.0.1/15244] INFO  ipc.Server (Server.java:stop(3501)) - Stopping server on 15240
2023-05-23 10:28:32,095 [IPC Server listener on 15240] INFO  ipc.Server (Server.java:run(1430)) - Stopping IPC Server listener on 15240
2023-05-23 10:28:32,097 [IPC Server Responder] INFO  ipc.Server (Server.java:run(1563)) - Stopping IPC Server Responder
2023-05-23 10:28:32,097 [Listener at 127.0.0.1/15244] INFO  server.StorageContainerManager (StorageContainerManager.java:stop(1616)) - Stopping Storage Container Manager HTTP server.
2023-05-23 10:28:32,098 [Listener at 127.0.0.1/15244] INFO  handler.ContextHandler (ContextHandler.java:doStop(1159)) - Stopped o.e.j.w.WebAppContext@3b210bd2{scm,/,null,STOPPED}{file:/home/runner/work/ozone/ozone/hadoop-ozone/integration-test/target/test-classes/webapps/scm}
2023-05-23 10:28:32,098 [Listener at 127.0.0.1/15244] INFO  server.AbstractConnector (AbstractConnector.java:doStop(383)) - Stopped ServerConnector@42e514a{HTTP/1.1, (http/1.1)}{0.0.0.0:15243}
2023-05-23 10:28:32,098 [Listener at 127.0.0.1/15244] INFO  server.session (HouseKeeper.java:stopScavenging(149)) - node0 Stopped scavenging
2023-05-23 10:28:32,098 [Listener at 127.0.0.1/15244] INFO  handler.ContextHandler (ContextHandler.java:doStop(1159)) - Stopped o.e.j.s.ServletContextHandler@6aef0151{static,/static,file:///home/runner/work/ozone/ozone/hadoop-ozone/integration-test/target/test-classes/webapps/static,STOPPED}
2023-05-23 10:28:32,099 [Listener at 127.0.0.1/15244] INFO  handler.ContextHandler (ContextHandler.java:doStop(1159)) - Stopped o.e.j.s.ServletContextHandler@5ab7a64e{logs,/logs,file:///home/runner/work/ozone/ozone/hadoop-ozone/integration-test/target/log,STOPPED}
2023-05-23 10:28:32,099 [Listener at 127.0.0.1/15244] INFO  server.StorageContainerManager (StorageContainerManager.java:stop(1624)) - Stopping SCM LayoutVersionManager Service.
2023-05-23 10:28:32,099 [Listener at 127.0.0.1/15244] INFO  server.StorageContainerManager (StorageContainerManager.java:stop(1632)) - Stopping Block Manager Service.
2023-05-23 10:28:32,099 [Listener at 127.0.0.1/15244] INFO  utils.BackgroundService (BackgroundService.java:shutdown(141)) - Shutting down service SCMBlockDeletingService
2023-05-23 10:28:32,100 [Listener at 127.0.0.1/15244] INFO  utils.BackgroundService (BackgroundService.java:shutdown(141)) - Shutting down service SCMBlockDeletingService
2023-05-23 10:28:32,100 [Listener at 127.0.0.1/15244] INFO  server.StorageContainerManager (StorageContainerManager.java:stop(1654)) - Stopping SCM Event Queue.
2023-05-23 10:28:32,102 [Listener at 127.0.0.1/15244] INFO  server.StorageContainerManager (StorageContainerManager.java:stop(1665)) - Stopping SCM HA services.
2023-05-23 10:28:32,102 [Listener at 127.0.0.1/15244] INFO  pipeline.BackgroundPipelineCreator (BackgroundPipelineCreator.java:stop(149)) - Stopping RatisPipelineUtilsThread.
2023-05-23 10:28:32,102 [RatisPipelineUtilsThread - 0] WARN  pipeline.BackgroundPipelineCreator (BackgroundPipelineCreator.java:run(180)) - RatisPipelineUtilsThread is interrupted.
2023-05-23 10:28:32,102 [Listener at 127.0.0.1/15244] INFO  BackgroundPipelineScrubber (BackgroundSCMService.java:stop(131)) - Stopping BackgroundPipelineScrubber Service.
2023-05-23 10:28:32,102 [BackgroundPipelineScrubberThread] WARN  BackgroundPipelineScrubber (BackgroundSCMService.java:run(115)) - BackgroundPipelineScrubber is interrupted, exit
2023-05-23 10:28:32,102 [Listener at 127.0.0.1/15244] INFO  impl.MetricsSystemImpl (MetricsSystemImpl.java:stop(210)) - Stopping HddsDatanode metrics system...
2023-05-23 10:28:32,107 [prometheus] INFO  impl.MetricsSinkAdapter (MetricsSinkAdapter.java:publishMetricsFromQueue(141)) - prometheus thread interrupted.
2023-05-23 10:28:32,108 [Listener at 127.0.0.1/15244] INFO  impl.MetricsSystemImpl (MetricsSystemImpl.java:stop(216)) - HddsDatanode metrics system stopped.
2023-05-23 10:28:32,108 [Listener at 127.0.0.1/15244] WARN  pipeline.BackgroundPipelineCreator (BackgroundPipelineCreator.java:stop(145)) - RatisPipelineUtilsThread is not running, just ignore.
2023-05-23 10:28:32,108 [Listener at 127.0.0.1/15244] INFO  BackgroundPipelineScrubber (BackgroundSCMService.java:stop(126)) - BackgroundPipelineScrubber Service is not running, skip stop.
2023-05-23 10:28:32,108 [Listener at 127.0.0.1/15244] INFO  ExpiredContainerReplicaOpScrubber (BackgroundSCMService.java:stop(131)) - Stopping ExpiredContainerReplicaOpScrubber Service.
2023-05-23 10:28:32,108 [ExpiredContainerReplicaOpScrubberThread] WARN  ExpiredContainerReplicaOpScrubber (BackgroundSCMService.java:run(115)) - ExpiredContainerReplicaOpScrubber is interrupted, exit
2023-05-23 10:28:32,108 [Listener at 127.0.0.1/15244] INFO  utils.BackgroundService (BackgroundService.java:shutdown(141)) - Shutting down service SCMBlockDeletingService
2023-05-23 10:28:32,108 [Listener at 127.0.0.1/15244] INFO  replication.ReplicationManager (ReplicationManager.java:stop(343)) - Replication Monitor Thread is not running.
2023-05-23 10:28:32,108 [Listener at 127.0.0.1/15244] WARN  balancer.ContainerBalancer (ContainerBalancer.java:stop(324)) - Cannot stop Container Balancer because it's not running or stopping
2023-05-23 10:28:32,108 [Lease Manager-LeaseManager#LeaseMonitor] WARN  lease.LeaseManager (LeaseManager.java:run(272)) - Lease manager is interrupted. Shutting down...
java.lang.InterruptedException
	at java.util.concurrent.locks.AbstractQueuedSynchronizer.doAcquireSharedNanos(AbstractQueuedSynchronizer.java:1039)
	at java.util.concurrent.locks.AbstractQueuedSynchronizer.tryAcquireSharedNanos(AbstractQueuedSynchronizer.java:1328)
	at java.util.concurrent.Semaphore.tryAcquire(Semaphore.java:409)
	at org.apache.hadoop.ozone.lease.LeaseManager$LeaseMonitor.run(LeaseManager.java:270)
	at java.lang.Thread.run(Thread.java:750)
2023-05-23 10:28:32,108 [Listener at 127.0.0.1/15244] INFO  server.StorageContainerManager (StorageContainerManager.java:stop(1700)) - Stopping SCM MetadataStore.
]]></system-out>
  </testcase>
</testsuite>