<?xml version="1.0" encoding="UTF-8"?>
<testsuite xmlns:xsi="http://www.w3.org/2001/XMLSchema-instance" xsi:noNamespaceSchemaLocation="https://maven.apache.org/surefire/maven-surefire-plugin/xsd/surefire-test-report-3.0.xsd" version="3.0" name="org.apache.hadoop.ozone.om.TestAddRemoveOzoneManager" time="127.524" tests="3" errors="1" skipped="0" failures="0">
  <properties>
    <property name="java.specification.version" value="21"/>
    <property name="sun.jnu.encoding" value="UTF-8"/>
    <property name="java.class.path" value="/home/runner/work/ozone/ozone/hadoop-ozone/integration-test/target/test-classes:/home/runner/work/ozone/ozone/hadoop-ozone/integration-test/target/classes:/home/runner/work/ozone/ozone/hadoop-ozone/common/target/ozone-common-2.0.0-SNAPSHOT.jar:/home/runner/.m2/repository/io/grpc/grpc-netty/1.58.0/grpc-netty-1.58.0.jar:/home/runner/.m2/repository/io/grpc/grpc-core/1.58.0/grpc-core-1.58.0.jar:/home/runner/.m2/repository/com/google/android/annotations/4.1.1.4/annotations-4.1.1.4.jar:/home/runner/.m2/repository/org/codehaus/mojo/animal-sniffer-annotations/1.23/animal-sniffer-annotations-1.23.jar:/home/runner/.m2/repository/io/grpc/grpc-context/1.58.0/grpc-context-1.58.0.jar:/home/runner/.m2/repository/io/grpc/grpc-util/1.58.0/grpc-util-1.58.0.jar:/home/runner/.m2/repository/com/google/errorprone/error_prone_annotations/2.29.2/error_prone_annotations-2.29.2.jar:/home/runner/.m2/repository/io/perfmark/perfmark-api/0.26.0/perfmark-api-0.26.0.jar:/home/runner/.m2/repository/io/netty/netty-codec-http2/4.1.109.Final/netty-codec-http2-4.1.109.Final.jar:/home/runner/.m2/repository/io/netty/netty-codec-http/4.1.109.Final/netty-codec-http-4.1.109.Final.jar:/home/runner/.m2/repository/io/netty/netty-handler-proxy/4.1.109.Final/netty-handler-proxy-4.1.109.Final.jar:/home/runner/.m2/repository/io/netty/netty-codec-socks/4.1.109.Final/netty-codec-socks-4.1.109.Final.jar:/home/runner/.m2/repository/io/netty/netty-tcnative-boringssl-static/2.0.65.Final/netty-tcnative-boringssl-static-2.0.65.Final.jar:/home/runner/.m2/repository/io/netty/netty-tcnative-classes/2.0.65.Final/netty-tcnative-classes-2.0.65.Final.jar:/home/runner/.m2/repository/io/netty/netty-tcnative-boringssl-static/2.0.65.Final/netty-tcnative-boringssl-static-2.0.65.Final-linux-x86_64.jar:/home/runner/.m2/repository/io/netty/netty-tcnative-boringssl-static/2.0.65.Final/netty-tcnative-boringssl-static-2.0.65.Final-linux-aarch_64.jar:/home/runner/.m2/repository/io/netty/netty-tcnative-boringssl-static/2.0.65.Final/netty-tcnative-boringssl-static-2.0.65.Final-osx-x86_64.jar:/home/runner/.m2/repository/io/netty/netty-tcnative-boringssl-static/2.0.65.Final/netty-tcnative-boringssl-static-2.0.65.Final-osx-aarch_64.jar:/home/runner/.m2/repository/io/netty/netty-tcnative-boringssl-static/2.0.65.Final/netty-tcnative-boringssl-static-2.0.65.Final-windows-x86_64.jar:/home/runner/.m2/repository/org/apache/commons/commons-compress/1.27.1/commons-compress-1.27.1.jar:/home/runner/work/ozone/ozone/hadoop-hdds/common/target/hdds-common-2.0.0-SNAPSHOT.jar:/home/runner/work/ozone/ozone/hadoop-hdds/client/target/hdds-client-2.0.0-SNAPSHOT.jar:/home/runner/work/ozone/ozone/hadoop-hdds/config/target/hdds-config-2.0.0-SNAPSHOT.jar:/home/runner/work/ozone/ozone/hadoop-hdds/interface-client/target/hdds-interface-client-2.0.0-SNAPSHOT.jar:/home/runner/.m2/repository/org/apache/hadoop/thirdparty/hadoop-shaded-protobuf_3_25/1.3.0/hadoop-shaded-protobuf_3_25-1.3.0.jar:/home/runner/work/ozone/ozone/hadoop-ozone/interface-client/target/ozone-interface-client-2.0.0-SNAPSHOT.jar:/home/runner/.m2/repository/org/apache/hadoop/hadoop-hdfs-client/3.4.1/hadoop-hdfs-client-3.4.1.jar:/home/runner/.m2/repository/org/apache/httpcomponents/httpclient/4.5.14/httpclient-4.5.14.jar:/home/runner/.m2/repository/org/apache/httpcomponents/httpcore/4.4.16/httpcore-4.4.16.jar:/home/runner/.m2/repository/org/apache/ratis/ratis-common/3.1.2/ratis-common-3.1.2.jar:/home/runner/.m2/repository/org/apache/ratis/ratis-proto/3.1.2/ratis-proto-3.1.2.jar:/home/runner/.m2/repository/org/apache/ratis/ratis-thirdparty-misc/1.0.6/ratis-thirdparty-misc-1.0.6.jar:/home/runner/.m2/repository/org/slf4j/slf4j-api/2.0.16/slf4j-api-2.0.16.jar:/home/runner/.m2/repository/com/fasterxml/jackson/core/jackson-annotations/2.16.2/jackson-annotations-2.16.2.jar:/home/runner/.m2/repository/com/fasterxml/jackson/core/jackson-databind/2.16.2/jackson-databind-2.16.2.jar:/home/runner/.m2/repository/com/github/stephenc/jcip/jcip-annotations/1.0-1/jcip-annotations-1.0-1.jar:/home/runner/.m2/repository/com/google/guava/guava/32.1.3-jre/guava-32.1.3-jre.jar:/home/runner/.m2/repository/com/google/guava/failureaccess/1.0.1/failureaccess-1.0.1.jar:/home/runner/.m2/repository/com/google/guava/listenablefuture/9999.0-empty-to-avoid-conflict-with-guava/listenablefuture-9999.0-empty-to-avoid-conflict-with-guava.jar:/home/runner/.m2/repository/org/checkerframework/checker-qual/3.37.0/checker-qual-3.37.0.jar:/home/runner/.m2/repository/com/google/j2objc/j2objc-annotations/2.8/j2objc-annotations-2.8.jar:/home/runner/.m2/repository/com/google/protobuf/protobuf-java/2.5.0/protobuf-java-2.5.0.jar:/home/runner/.m2/repository/io/grpc/grpc-api/1.58.0/grpc-api-1.58.0.jar:/home/runner/.m2/repository/io/grpc/grpc-stub/1.58.0/grpc-stub-1.58.0.jar:/home/runner/.m2/repository/io/netty/netty-common/4.1.109.Final/netty-common-4.1.109.Final.jar:/home/runner/.m2/repository/io/netty/netty-handler/4.1.109.Final/netty-handler-4.1.109.Final.jar:/home/runner/.m2/repository/io/netty/netty-resolver/4.1.109.Final/netty-resolver-4.1.109.Final.jar:/home/runner/.m2/repository/jakarta/annotation/jakarta.annotation-api/2.1.1/jakarta.annotation-api-2.1.1.jar:/home/runner/work/ozone/ozone/hadoop-hdds/test-utils/target/hdds-test-utils-2.0.0-SNAPSHOT.jar:/home/runner/.m2/repository/commons-io/commons-io/2.18.0/commons-io-2.18.0.jar:/home/runner/.m2/repository/commons-logging/commons-logging/1.2/commons-logging-1.2.jar:/home/runner/.m2/repository/org/junit/jupiter/junit-jupiter-api/5.11.4/junit-jupiter-api-5.11.4.jar:/home/runner/.m2/repository/org/opentest4j/opentest4j/1.3.0/opentest4j-1.3.0.jar:/home/runner/.m2/repository/org/junit/platform/junit-platform-commons/1.11.4/junit-platform-commons-1.11.4.jar:/home/runner/.m2/repository/ch/qos/reload4j/reload4j/1.2.26/reload4j-1.2.26.jar:/home/runner/.m2/repository/org/apache/logging/log4j/log4j-api/2.24.2/log4j-api-2.24.2.jar:/home/runner/work/ozone/ozone/hadoop-hdds/server-scm/target/hdds-server-scm-2.0.0-SNAPSHOT.jar:/home/runner/work/ozone/ozone/hadoop-hdds/container-service/target/hdds-container-service-2.0.0-SNAPSHOT.jar:/home/runner/work/ozone/ozone/hadoop-hdds/hadoop-dependency-server/target/hdds-hadoop-dependency-server-2.0.0-SNAPSHOT.jar:/home/runner/.m2/repository/com/nimbusds/nimbus-jose-jwt/9.40/nimbus-jose-jwt-9.40.jar:/home/runner/.m2/repository/org/apache/hadoop/hadoop-hdfs/3.4.1/hadoop-hdfs-3.4.1.jar:/home/runner/.m2/repository/commons-daemon/commons-daemon/1.4.0/commons-daemon-1.4.0.jar:/home/runner/.m2/repository/org/apache/kerby/kerb-core/1.0.1/kerb-core-1.0.1.jar:/home/runner/.m2/repository/org/apache/kerby/kerby-pkix/1.0.1/kerby-pkix-1.0.1.jar:/home/runner/.m2/repository/org/apache/kerby/kerby-asn1/1.0.1/kerby-asn1-1.0.1.jar:/home/runner/.m2/repository/org/apache/kerby/kerb-util/1.0.1/kerb-util-1.0.1.jar:/home/runner/.m2/repository/org/apache/kerby/kerby-config/1.0.1/kerby-config-1.0.1.jar:/home/runner/.m2/repository/org/apache/kerby/kerb-crypto/1.0.1/kerb-crypto-1.0.1.jar:/home/runner/.m2/repository/org/xerial/snappy/snappy-java/1.1.10.7/snappy-java-1.1.10.7.jar:/home/runner/work/ozone/ozone/hadoop-hdds/interface-admin/target/hdds-interface-admin-2.0.0-SNAPSHOT.jar:/home/runner/work/ozone/ozone/hadoop-hdds/interface-server/target/hdds-interface-server-2.0.0-SNAPSHOT.jar:/home/runner/work/ozone/ozone/hadoop-hdds/framework/target/hdds-server-framework-2.0.0-SNAPSHOT.jar:/home/runner/.m2/repository/org/apache/ratis/ratis-client/3.1.2/ratis-client-3.1.2.jar:/home/runner/.m2/repository/org/apache/ratis/ratis-grpc/3.1.2/ratis-grpc-3.1.2.jar:/home/runner/.m2/repository/org/apache/ratis/ratis-netty/3.1.2/ratis-netty-3.1.2.jar:/home/runner/.m2/repository/org/apache/ratis/ratis-server-api/3.1.2/ratis-server-api-3.1.2.jar:/home/runner/.m2/repository/org/bouncycastle/bcpkix-jdk18on/1.79/bcpkix-jdk18on-1.79.jar:/home/runner/.m2/repository/org/bouncycastle/bcprov-jdk18on/1.79/bcprov-jdk18on-1.79.jar:/home/runner/.m2/repository/io/dropwizard/metrics/metrics-core/3.2.6/metrics-core-3.2.6.jar:/home/runner/.m2/repository/org/apache/commons/commons-text/1.12.0/commons-text-1.12.0.jar:/home/runner/.m2/repository/org/eclipse/jetty/jetty-webapp/9.4.56.v20240826/jetty-webapp-9.4.56.v20240826.jar:/home/runner/.m2/repository/org/eclipse/jetty/jetty-xml/9.4.56.v20240826/jetty-xml-9.4.56.v20240826.jar:/home/runner/.m2/repository/com/fasterxml/jackson/core/jackson-core/2.16.2/jackson-core-2.16.2.jar:/home/runner/.m2/repository/info/picocli/picocli/4.7.5/picocli-4.7.5.jar:/home/runner/.m2/repository/javax/servlet/javax.servlet-api/3.1.0/javax.servlet-api-3.1.0.jar:/home/runner/.m2/repository/commons-collections/commons-collections/3.2.2/commons-collections-3.2.2.jar:/home/runner/work/ozone/ozone/hadoop-hdds/framework/target/hdds-server-framework-2.0.0-SNAPSHOT-tests.jar:/home/runner/work/ozone/ozone/hadoop-hdds/managed-rocksdb/target/hdds-managed-rocksdb-2.0.0-SNAPSHOT.jar:/home/runner/.m2/repository/org/slf4j/slf4j-reload4j/2.0.16/slf4j-reload4j-2.0.16.jar:/home/runner/.m2/repository/org/apache/commons/commons-configuration2/2.11.0/commons-configuration2-2.11.0.jar:/home/runner/.m2/repository/commons-codec/commons-codec/1.17.1/commons-codec-1.17.1.jar:/home/runner/.m2/repository/commons-fileupload/commons-fileupload/1.5/commons-fileupload-1.5.jar:/home/runner/.m2/repository/commons-validator/commons-validator/1.6/commons-validator-1.6.jar:/home/runner/.m2/repository/commons-beanutils/commons-beanutils/1.9.4/commons-beanutils-1.9.4.jar:/home/runner/.m2/repository/commons-digester/commons-digester/1.8.1/commons-digester-1.8.1.jar:/home/runner/.m2/repository/org/apache/logging/log4j/log4j-core/2.24.2/log4j-core-2.24.2.jar:/home/runner/.m2/repository/com/lmax/disruptor/3.4.4/disruptor-3.4.4.jar:/home/runner/.m2/repository/org/eclipse/jetty/jetty-http/9.4.56.v20240826/jetty-http-9.4.56.v20240826.jar:/home/runner/.m2/repository/org/eclipse/jetty/jetty-io/9.4.56.v20240826/jetty-io-9.4.56.v20240826.jar:/home/runner/.m2/repository/org/eclipse/jetty/jetty-util/9.4.56.v20240826/jetty-util-9.4.56.v20240826.jar:/home/runner/.m2/repository/org/eclipse/jetty/jetty-server/9.4.56.v20240826/jetty-server-9.4.56.v20240826.jar:/home/runner/.m2/repository/org/eclipse/jetty/jetty-servlet/9.4.56.v20240826/jetty-servlet-9.4.56.v20240826.jar:/home/runner/.m2/repository/org/eclipse/jetty/jetty-security/9.4.56.v20240826/jetty-security-9.4.56.v20240826.jar:/home/runner/.m2/repository/org/eclipse/jetty/jetty-util-ajax/9.4.56.v20240826/jetty-util-ajax-9.4.56.v20240826.jar:/home/runner/.m2/repository/org/glassfish/jersey/core/jersey-server/2.46/jersey-server-2.46.jar:/home/runner/.m2/repository/org/glassfish/jersey/core/jersey-client/2.46/jersey-client-2.46.jar:/home/runner/.m2/repository/org/glassfish/jersey/containers/jersey-container-servlet-core/2.46/jersey-container-servlet-core-2.46.jar:/home/runner/.m2/repository/org/rocksdb/rocksdbjni/7.7.3/rocksdbjni-7.7.3.jar:/home/runner/.m2/repository/org/apache/ratis/ratis-metrics-api/3.1.2/ratis-metrics-api-3.1.2.jar:/home/runner/.m2/repository/org/apache/ratis/ratis-metrics-dropwizard3/3.1.2/ratis-metrics-dropwizard3-3.1.2.jar:/home/runner/.m2/repository/io/opentracing/opentracing-api/0.33.0/opentracing-api-0.33.0.jar:/home/runner/.m2/repository/io/prometheus/simpleclient/0.16.0/simpleclient-0.16.0.jar:/home/runner/.m2/repository/io/prometheus/simpleclient_dropwizard/0.16.0/simpleclient_dropwizard-0.16.0.jar:/home/runner/.m2/repository/io/prometheus/simpleclient_common/0.16.0/simpleclient_common-0.16.0.jar:/home/runner/.m2/repository/com/fasterxml/jackson/datatype/jackson-datatype-jsr310/2.16.2/jackson-datatype-jsr310-2.16.2.jar:/home/runner/.m2/repository/com/github/jnr/jnr-constants/0.10.4/jnr-constants-0.10.4.jar:/home/runner/.m2/repository/com/github/jnr/jnr-posix/3.1.20/jnr-posix-3.1.20.jar:/home/runner/.m2/repository/com/github/jnr/jnr-ffi/2.2.17/jnr-ffi-2.2.17.jar:/home/runner/.m2/repository/com/github/jnr/jffi/1.3.13/jffi-1.3.13.jar:/home/runner/.m2/repository/com/github/jnr/jffi/1.3.13/jffi-1.3.13-native.jar:/home/runner/.m2/repository/org/ow2/asm/asm/9.7.1/asm-9.7.1.jar:/home/runner/.m2/repository/org/ow2/asm/asm-commons/9.7.1/asm-commons-9.7.1.jar:/home/runner/.m2/repository/org/ow2/asm/asm-analysis/9.7.1/asm-analysis-9.7.1.jar:/home/runner/.m2/repository/org/ow2/asm/asm-tree/9.7.1/asm-tree-9.7.1.jar:/home/runner/.m2/repository/org/ow2/asm/asm-util/9.7.1/asm-util-9.7.1.jar:/home/runner/.m2/repository/com/github/jnr/jnr-a64asm/1.0.0/jnr-a64asm-1.0.0.jar:/home/runner/.m2/repository/com/github/jnr/jnr-x86asm/1.0.2/jnr-x86asm-1.0.2.jar:/home/runner/.m2/repository/com/google/code/gson/gson/2.10.1/gson-2.10.1.jar:/home/runner/work/ozone/ozone/hadoop-hdds/rocksdb-checkpoint-differ/target/rocksdb-checkpoint-differ-2.0.0-SNAPSHOT.jar:/home/runner/.m2/repository/org/jgrapht/jgrapht-core/1.4.0/jgrapht-core-1.4.0.jar:/home/runner/.m2/repository/org/jheaps/jheaps/0.11/jheaps-0.11.jar:/home/runner/.m2/repository/org/jgrapht/jgrapht-ext/1.4.0/jgrapht-ext-1.4.0.jar:/home/runner/.m2/repository/com/github/vlsi/mxgraph/jgraphx/3.9.12/jgraphx-3.9.12.jar:/home/runner/.m2/repository/jakarta/ws/rs/jakarta.ws.rs-api/2.1.6/jakarta.ws.rs-api-2.1.6.jar:/home/runner/work/ozone/ozone/hadoop-ozone/ozone-manager/target/ozone-manager-2.0.0-SNAPSHOT.jar:/home/runner/.m2/repository/org/aspectj/aspectjrt/1.9.7/aspectjrt-1.9.7.jar:/home/runner/.m2/repository/org/aspectj/aspectjweaver/1.9.7/aspectjweaver-1.9.7.jar:/home/runner/work/ozone/ozone/hadoop-ozone/interface-storage/target/ozone-interface-storage-2.0.0-SNAPSHOT.jar:/home/runner/.m2/repository/org/apache/kerby/kerby-util/1.0.1/kerby-util-1.0.1.jar:/home/runner/.m2/repository/io/netty/netty-transport/4.1.109.Final/netty-transport-4.1.109.Final.jar:/home/runner/.m2/repository/org/reflections/reflections/0.10.2/reflections-0.10.2.jar:/home/runner/.m2/repository/com/sun/jersey/jersey-client/1.19.4/jersey-client-1.19.4.jar:/home/runner/.m2/repository/jakarta/xml/bind/jakarta.xml.bind-api/2.3.3/jakarta.xml.bind-api-2.3.3.jar:/home/runner/.m2/repository/org/codehaus/jackson/jackson-core-asl/1.9.13/jackson-core-asl-1.9.13.jar:/home/runner/.m2/repository/org/codehaus/jackson/jackson-mapper-asl/1.9.13/jackson-mapper-asl-1.9.13.jar:/home/runner/.m2/repository/org/codehaus/jackson/jackson-jaxrs/1.9.13/jackson-jaxrs-1.9.13.jar:/home/runner/.m2/repository/org/apache/ranger/ranger-plugins-common/2.3.0/ranger-plugins-common-2.3.0.jar:/home/runner/.m2/repository/commons-lang/commons-lang/2.6/commons-lang-2.6.jar:/home/runner/.m2/repository/org/apache/ranger/ranger-plugins-cred/2.3.0/ranger-plugins-cred-2.3.0.jar:/home/runner/.m2/repository/org/apache/ranger/ranger-plugins-audit/2.3.0/ranger-plugins-audit-2.3.0.jar:/home/runner/.m2/repository/org/eclipse/jetty/jetty-client/9.4.56.v20240826/jetty-client-9.4.56.v20240826.jar:/home/runner/.m2/repository/org/apache/httpcomponents/httpmime/4.5.6/httpmime-4.5.6.jar:/home/runner/.m2/repository/org/apache/httpcomponents/httpcore-nio/4.4.16/httpcore-nio-4.4.16.jar:/home/runner/.m2/repository/org/apache/httpcomponents/httpasyncclient/4.1.3/httpasyncclient-4.1.3.jar:/home/runner/.m2/repository/com/carrotsearch/hppc/0.8.0/hppc-0.8.0.jar:/home/runner/.m2/repository/org/apache/orc/orc-core/1.5.8/orc-core-1.5.8.jar:/home/runner/.m2/repository/net/java/dev/jna/jna/5.2.0/jna-5.2.0.jar:/home/runner/.m2/repository/net/java/dev/jna/jna-platform/5.2.0/jna-platform-5.2.0.jar:/home/runner/.m2/repository/com/kstruct/gethostname4j/0.0.2/gethostname4j-0.0.2.jar:/home/runner/.m2/repository/org/apache/ranger/ranger-plugin-classloader/2.3.0/ranger-plugin-classloader-2.3.0.jar:/home/runner/.m2/repository/org/apache/ranger/ranger-intg/2.3.0/ranger-intg-2.3.0.jar:/home/runner/work/ozone/ozone/hadoop-hdds/rocks-native/target/hdds-rocks-native-2.0.0-SNAPSHOT.jar:/home/runner/.m2/repository/org/apache/hadoop/hadoop-minikdc/3.4.1/hadoop-minikdc-3.4.1.jar:/home/runner/.m2/repository/org/apache/kerby/kerb-simplekdc/2.0.3/kerb-simplekdc-2.0.3.jar:/home/runner/.m2/repository/org/apache/kerby/kerb-client/2.0.3/kerb-client-2.0.3.jar:/home/runner/.m2/repository/org/apache/kerby/kerb-common/2.0.3/kerb-common-2.0.3.jar:/home/runner/.m2/repository/org/apache/kerby/token-provider/2.0.3/token-provider-2.0.3.jar:/home/runner/.m2/repository/org/apache/kerby/kerb-admin/2.0.3/kerb-admin-2.0.3.jar:/home/runner/.m2/repository/org/apache/kerby/kerb-server/2.0.3/kerb-server-2.0.3.jar:/home/runner/.m2/repository/org/apache/kerby/kerb-identity/2.0.3/kerb-identity-2.0.3.jar:/home/runner/.m2/repository/org/apache/kerby/kerby-xdr/2.0.3/kerby-xdr-2.0.3.jar:/home/runner/.m2/repository/junit/junit/4.13.2/junit-4.13.2.jar:/home/runner/.m2/repository/org/hamcrest/hamcrest-core/1.3/hamcrest-core-1.3.jar:/home/runner/work/ozone/ozone/hadoop-ozone/s3gateway/target/ozone-s3gateway-2.0.0-SNAPSHOT.jar:/home/runner/.m2/repository/org/javassist/javassist/3.30.2-GA/javassist-3.30.2-GA.jar:/home/runner/.m2/repository/org/jboss/weld/servlet/weld-servlet-shaded/3.1.9.Final/weld-servlet-shaded-3.1.9.Final.jar:/home/runner/.m2/repository/org/glassfish/jersey/core/jersey-common/2.46/jersey-common-2.46.jar:/home/runner/.m2/repository/org/glassfish/hk2/osgi-resource-locator/1.0.3/osgi-resource-locator-1.0.3.jar:/home/runner/.m2/repository/org/glassfish/jersey/ext/cdi/jersey-cdi1x/2.46/jersey-cdi1x-2.46.jar:/home/runner/.m2/repository/org/glassfish/jersey/inject/jersey-hk2/2.46/jersey-hk2-2.46.jar:/home/runner/.m2/repository/org/glassfish/hk2/hk2-locator/2.6.1/hk2-locator-2.6.1.jar:/home/runner/.m2/repository/org/glassfish/jersey/media/jersey-media-jaxb/2.46/jersey-media-jaxb-2.46.jar:/home/runner/.m2/repository/org/glassfish/hk2/hk2-api/2.6.1/hk2-api-2.6.1.jar:/home/runner/.m2/repository/org/glassfish/hk2/hk2-utils/2.6.1/hk2-utils-2.6.1.jar:/home/runner/.m2/repository/org/glassfish/hk2/external/aopalliance-repackaged/2.6.1/aopalliance-repackaged-2.6.1.jar:/home/runner/.m2/repository/com/fasterxml/jackson/dataformat/jackson-dataformat-xml/2.16.2/jackson-dataformat-xml-2.16.2.jar:/home/runner/.m2/repository/org/codehaus/woodstox/stax2-api/4.2.2/stax2-api-4.2.2.jar:/home/runner/.m2/repository/com/fasterxml/woodstox/woodstox-core/5.4.0/woodstox-core-5.4.0.jar:/home/runner/.m2/repository/com/fasterxml/jackson/module/jackson-module-jaxb-annotations/2.16.2/jackson-module-jaxb-annotations-2.16.2.jar:/home/runner/.m2/repository/javax/annotation/javax.annotation-api/1.3.2/javax.annotation-api-1.3.2.jar:/home/runner/.m2/repository/javax/enterprise/cdi-api/2.0/cdi-api-2.0.jar:/home/runner/.m2/repository/javax/el/javax.el-api/3.0.0/javax.el-api-3.0.0.jar:/home/runner/.m2/repository/javax/interceptor/javax.interceptor-api/1.2/javax.interceptor-api-1.2.jar:/home/runner/.m2/repository/org/glassfish/jaxb/jaxb-runtime/2.3.9/jaxb-runtime-2.3.9.jar:/home/runner/.m2/repository/org/glassfish/jaxb/txw2/2.3.9/txw2-2.3.9.jar:/home/runner/.m2/repository/com/sun/istack/istack-commons-runtime/3.0.12/istack-commons-runtime-3.0.12.jar:/home/runner/.m2/repository/com/sun/activation/jakarta.activation/1.2.2/jakarta.activation-1.2.2.jar:/home/runner/.m2/repository/jakarta/activation/jakarta.activation-api/1.2.2/jakarta.activation-api-1.2.2.jar:/home/runner/.m2/repository/io/grpc/grpc-protobuf/1.58.0/grpc-protobuf-1.58.0.jar:/home/runner/.m2/repository/com/google/api/grpc/proto-google-common-protos/2.22.0/proto-google-common-protos-2.22.0.jar:/home/runner/.m2/repository/io/grpc/grpc-protobuf-lite/1.58.0/grpc-protobuf-lite-1.58.0.jar:/home/runner/.m2/repository/io/opentracing/opentracing-noop/0.33.0/opentracing-noop-0.33.0.jar:/home/runner/.m2/repository/io/opentracing/opentracing-util/0.33.0/opentracing-util-0.33.0.jar:/home/runner/work/ozone/ozone/hadoop-ozone/csi/target/ozone-csi-2.0.0-SNAPSHOT.jar:/home/runner/.m2/repository/com/google/protobuf/protobuf-java-util/3.19.6/protobuf-java-util-3.19.6.jar:/home/runner/.m2/repository/io/netty/netty-transport-classes-epoll/4.1.109.Final/netty-transport-classes-epoll-4.1.109.Final.jar:/home/runner/.m2/repository/io/netty/netty-transport-native-epoll/4.1.109.Final/netty-transport-native-epoll-4.1.109.Final-linux-x86_64.jar:/home/runner/.m2/repository/io/netty/netty-transport-native-unix-common/4.1.109.Final/netty-transport-native-unix-common-4.1.109.Final.jar:/home/runner/work/ozone/ozone/hadoop-ozone/recon/target/ozone-recon-2.0.0-SNAPSHOT.jar:/home/runner/work/ozone/ozone/hadoop-ozone/recon-codegen/target/ozone-reconcodegen-2.0.0-SNAPSHOT.jar:/home/runner/.m2/repository/aopalliance/aopalliance/1.0/aopalliance-1.0.jar:/home/runner/.m2/repository/com/google/inject/guice/6.0.0/guice-6.0.0.jar:/home/runner/.m2/repository/jakarta/inject/jakarta.inject-api/2.0.1/jakarta.inject-api-2.0.1.jar:/home/runner/.m2/repository/com/google/inject/extensions/guice-assistedinject/6.0.0/guice-assistedinject-6.0.0.jar:/home/runner/.m2/repository/com/google/inject/extensions/guice-servlet/6.0.0/guice-servlet-6.0.0.jar:/home/runner/.m2/repository/org/glassfish/jersey/containers/jersey-container-servlet/2.46/jersey-container-servlet-2.46.jar:/home/runner/.m2/repository/org/glassfish/hk2/guice-bridge/2.6.1/guice-bridge-2.6.1.jar:/home/runner/.m2/repository/org/glassfish/hk2/external/jakarta.inject/2.6.1/jakarta.inject-2.6.1.jar:/home/runner/.m2/repository/org/glassfish/jersey/media/jersey-media-json-jackson/2.46/jersey-media-json-jackson-2.46.jar:/home/runner/.m2/repository/org/glassfish/jersey/ext/jersey-entity-filtering/2.46/jersey-entity-filtering-2.46.jar:/home/runner/.m2/repository/org/jooq/jooq/3.11.10/jooq-3.11.10.jar:/home/runner/.m2/repository/org/jooq/jooq-meta/3.11.10/jooq-meta-3.11.10.jar:/home/runner/.m2/repository/org/jooq/jooq-codegen/3.11.10/jooq-codegen-3.11.10.jar:/home/runner/.m2/repository/com/jolbox/bonecp/0.8.0.RELEASE/bonecp-0.8.0.RELEASE.jar:/home/runner/.m2/repository/org/apache/derby/derby/10.14.2.0/derby-10.14.2.0.jar:/home/runner/.m2/repository/org/xerial/sqlite-jdbc/3.47.1.0/sqlite-jdbc-3.47.1.0.jar:/home/runner/.m2/repository/org/springframework/spring-core/5.3.39/spring-core-5.3.39.jar:/home/runner/.m2/repository/org/springframework/spring-jdbc/5.3.39/spring-jdbc-5.3.39.jar:/home/runner/.m2/repository/org/springframework/spring-beans/5.3.39/spring-beans-5.3.39.jar:/home/runner/.m2/repository/org/springframework/spring-tx/5.3.39/spring-tx-5.3.39.jar:/home/runner/.m2/repository/jakarta/validation/jakarta.validation-api/2.0.2/jakarta.validation-api-2.0.2.jar:/home/runner/.m2/repository/javax/inject/javax.inject/1/javax.inject-1.jar:/home/runner/work/ozone/ozone/hadoop-ozone/client/target/ozone-client-2.0.0-SNAPSHOT.jar:/home/runner/work/ozone/ozone/hadoop-hdds/erasurecode/target/hdds-erasurecode-2.0.0-SNAPSHOT.jar:/home/runner/work/ozone/ozone/hadoop-ozone/ozonefs/target/ozone-filesystem-2.0.0-SNAPSHOT.jar:/home/runner/work/ozone/ozone/hadoop-ozone/ozonefs-common/target/ozone-filesystem-common-2.0.0-SNAPSHOT.jar:/home/runner/work/ozone/ozone/hadoop-ozone/tools/target/ozone-tools-2.0.0-SNAPSHOT.jar:/home/runner/.m2/repository/org/apache/ratis/ratis-tools/3.1.2/ratis-tools-3.1.2.jar:/home/runner/.m2/repository/org/apache/ratis/ratis-shell/3.1.2/ratis-shell-3.1.2.jar:/home/runner/.m2/repository/info/picocli/picocli-shell-jline3/4.7.5/picocli-shell-jline3-4.7.5.jar:/home/runner/.m2/repository/org/jline/jline/3.28.0/jline-3.28.0.jar:/home/runner/.m2/repository/com/amazonaws/aws-java-sdk-core/1.12.661/aws-java-sdk-core-1.12.661.jar:/home/runner/.m2/repository/com/fasterxml/jackson/dataformat/jackson-dataformat-cbor/2.16.2/jackson-dataformat-cbor-2.16.2.jar:/home/runner/.m2/repository/joda-time/joda-time/2.12.7/joda-time-2.12.7.jar:/home/runner/.m2/repository/com/amazonaws/aws-java-sdk-s3/1.12.661/aws-java-sdk-s3-1.12.661.jar:/home/runner/.m2/repository/com/amazonaws/aws-java-sdk-kms/1.12.661/aws-java-sdk-kms-1.12.661.jar:/home/runner/.m2/repository/com/amazonaws/jmespath-java/1.12.661/jmespath-java-1.12.661.jar:/home/runner/.m2/repository/org/kohsuke/metainf-services/metainf-services/1.11/metainf-services-1.11.jar:/home/runner/work/ozone/ozone/hadoop-hdds/tools/target/hdds-tools-2.0.0-SNAPSHOT.jar:/home/runner/.m2/repository/commons-cli/commons-cli/1.8.0/commons-cli-1.8.0.jar:/home/runner/.m2/repository/org/apache/commons/commons-lang3/3.17.0/commons-lang3-3.17.0.jar:/home/runner/work/ozone/ozone/hadoop-ozone/ozone-manager/target/ozone-manager-2.0.0-SNAPSHOT-tests.jar:/home/runner/work/ozone/ozone/hadoop-hdds/common/target/hdds-common-2.0.0-SNAPSHOT-tests.jar:/home/runner/.m2/repository/io/jaegertracing/jaeger-client/1.8.1/jaeger-client-1.8.1.jar:/home/runner/.m2/repository/io/jaegertracing/jaeger-thrift/1.8.1/jaeger-thrift-1.8.1.jar:/home/runner/.m2/repository/org/apache/thrift/libthrift/0.15.0/libthrift-0.15.0.jar:/home/runner/.m2/repository/com/squareup/okhttp3/okhttp/4.12.0/okhttp-4.12.0.jar:/home/runner/.m2/repository/com/squareup/okio/okio/3.6.0/okio-3.6.0.jar:/home/runner/.m2/repository/com/squareup/okio/okio-jvm/3.6.0/okio-jvm-3.6.0.jar:/home/runner/.m2/repository/org/jetbrains/kotlin/kotlin-stdlib-common/1.9.25/kotlin-stdlib-common-1.9.25.jar:/home/runner/.m2/repository/org/jetbrains/kotlin/kotlin-stdlib-jdk8/1.9.25/kotlin-stdlib-jdk8-1.9.25.jar:/home/runner/.m2/repository/org/jetbrains/kotlin/kotlin-stdlib-jdk7/1.9.25/kotlin-stdlib-jdk7-1.9.25.jar:/home/runner/.m2/repository/io/jaegertracing/jaeger-tracerresolver/1.8.1/jaeger-tracerresolver-1.8.1.jar:/home/runner/.m2/repository/io/opentracing/contrib/opentracing-tracerresolver/0.1.8/opentracing-tracerresolver-0.1.8.jar:/home/runner/.m2/repository/io/jaegertracing/jaeger-core/1.8.1/jaeger-core-1.8.1.jar:/home/runner/work/ozone/ozone/hadoop-hdds/annotations/target/hdds-annotation-processing-2.0.0-SNAPSHOT.jar:/home/runner/work/ozone/ozone/hadoop-hdds/hadoop-dependency-client/target/hdds-hadoop-dependency-client-2.0.0-SNAPSHOT.jar:/home/runner/.m2/repository/org/bouncycastle/bcutil-jdk18on/1.79/bcutil-jdk18on-1.79.jar:/home/runner/.m2/repository/org/jetbrains/kotlin/kotlin-stdlib/1.9.25/kotlin-stdlib-1.9.25.jar:/home/runner/.m2/repository/org/jetbrains/annotations/13.0/annotations-13.0.jar:/home/runner/.m2/repository/org/yaml/snakeyaml/2.0/snakeyaml-2.0.jar:/home/runner/.m2/repository/org/junit/platform/junit-platform-launcher/1.11.4/junit-platform-launcher-1.11.4.jar:/home/runner/.m2/repository/org/junit/platform/junit-platform-engine/1.11.4/junit-platform-engine-1.11.4.jar:/home/runner/.m2/repository/org/apiguardian/apiguardian-api/1.1.2/apiguardian-api-1.1.2.jar:/home/runner/.m2/repository/org/apache/hadoop/hadoop-kms/3.4.1/hadoop-kms-3.4.1.jar:/home/runner/.m2/repository/org/apache/hadoop/hadoop-auth/3.4.1/hadoop-auth-3.4.1.jar:/home/runner/.m2/repository/org/apache/zookeeper/zookeeper/3.8.4/zookeeper-3.8.4.jar:/home/runner/.m2/repository/org/apache/zookeeper/zookeeper-jute/3.8.4/zookeeper-jute-3.8.4.jar:/home/runner/.m2/repository/org/apache/yetus/audience-annotations/0.12.0/audience-annotations-0.12.0.jar:/home/runner/.m2/repository/org/apache/curator/curator-framework/4.2.0/curator-framework-4.2.0.jar:/home/runner/.m2/repository/org/apache/hadoop/thirdparty/hadoop-shaded-guava/1.3.0/hadoop-shaded-guava-1.3.0.jar:/home/runner/.m2/repository/com/sun/jersey/jersey-core/1.19.4/jersey-core-1.19.4.jar:/home/runner/.m2/repository/javax/ws/rs/jsr311-api/1.1.1/jsr311-api-1.1.1.jar:/home/runner/.m2/repository/com/sun/jersey/jersey-server/1.19.4/jersey-server-1.19.4.jar:/home/runner/.m2/repository/org/apache/hadoop/hadoop-common/3.4.1/hadoop-common-3.4.1.jar:/home/runner/.m2/repository/org/apache/commons/commons-math3/3.6.1/commons-math3-3.6.1.jar:/home/runner/.m2/repository/commons-net/commons-net/3.11.1/commons-net-3.11.1.jar:/home/runner/.m2/repository/com/github/pjfanning/jersey-json/1.22.0/jersey-json-1.22.0.jar:/home/runner/.m2/repository/com/sun/xml/bind/jaxb-impl/2.2.3-1/jaxb-impl-2.2.3-1.jar:/home/runner/.m2/repository/org/codehaus/jettison/jettison/1.5.4/jettison-1.5.4.jar:/home/runner/.m2/repository/com/google/re2j/re2j/1.7/re2j-1.7.jar:/home/runner/.m2/repository/com/jcraft/jsch/0.1.55/jsch-0.1.55.jar:/home/runner/.m2/repository/org/apache/curator/curator-client/4.2.0/curator-client-4.2.0.jar:/home/runner/.m2/repository/org/apache/curator/curator-recipes/5.2.0/curator-recipes-5.2.0.jar:/home/runner/.m2/repository/com/google/code/findbugs/jsr305/3.0.2/jsr305-3.0.2.jar:/home/runner/.m2/repository/io/netty/netty-transport-native-epoll/4.1.109.Final/netty-transport-native-epoll-4.1.109.Final.jar:/home/runner/.m2/repository/dnsjava/dnsjava/3.6.1/dnsjava-3.6.1.jar:/home/runner/.m2/repository/org/apache/hadoop/hadoop-kms/3.4.1/hadoop-kms-3.4.1-tests.jar:/home/runner/work/ozone/ozone/hadoop-hdds/server-scm/target/hdds-server-scm-2.0.0-SNAPSHOT-tests.jar:/home/runner/work/ozone/ozone/hadoop-hdds/container-service/target/hdds-container-service-2.0.0-SNAPSHOT-tests.jar:/home/runner/.m2/repository/com/github/luben/zstd-jni/1.5.6-8/zstd-jni-1.5.6-8.jar:/home/runner/.m2/repository/io/netty/netty-buffer/4.1.109.Final/netty-buffer-4.1.109.Final.jar:/home/runner/.m2/repository/io/netty/netty-codec/4.1.109.Final/netty-codec-4.1.109.Final.jar:/home/runner/work/ozone/ozone/hadoop-hdds/hadoop-dependency-test/target/hdds-hadoop-dependency-test-2.0.0-SNAPSHOT.jar:/home/runner/.m2/repository/org/apache/hadoop/hadoop-common/3.4.1/hadoop-common-3.4.1-tests.jar:/home/runner/.m2/repository/org/apache/hadoop/hadoop-hdfs/3.4.1/hadoop-hdfs-3.4.1-tests.jar:/home/runner/.m2/repository/org/junit/jupiter/junit-jupiter-engine/5.11.4/junit-jupiter-engine-5.11.4.jar:/home/runner/.m2/repository/org/junit/jupiter/junit-jupiter-params/5.11.4/junit-jupiter-params-5.11.4.jar:/home/runner/.m2/repository/org/mockito/mockito-core/4.11.0/mockito-core-4.11.0.jar:/home/runner/.m2/repository/net/bytebuddy/byte-buddy-agent/1.12.19/byte-buddy-agent-1.12.19.jar:/home/runner/.m2/repository/org/objenesis/objenesis/3.3/objenesis-3.3.jar:/home/runner/.m2/repository/org/mockito/mockito-inline/4.11.0/mockito-inline-4.11.0.jar:/home/runner/.m2/repository/org/mockito/mockito-junit-jupiter/4.11.0/mockito-junit-jupiter-4.11.0.jar:/home/runner/.m2/repository/org/apache/hadoop/hadoop-distcp/3.4.1/hadoop-distcp-3.4.1.jar:/home/runner/.m2/repository/org/apache/hadoop/hadoop-mapreduce-client-jobclient/3.4.1/hadoop-mapreduce-client-jobclient-3.4.1.jar:/home/runner/.m2/repository/org/apache/hadoop/hadoop-mapreduce-client-common/3.4.1/hadoop-mapreduce-client-common-3.4.1.jar:/home/runner/.m2/repository/org/apache/hadoop/hadoop-yarn-common/3.4.1/hadoop-yarn-common-3.4.1.jar:/home/runner/.m2/repository/org/apache/hadoop/hadoop-yarn-api/3.4.1/hadoop-yarn-api-3.4.1.jar:/home/runner/.m2/repository/javax/xml/bind/jaxb-api/2.2.11/jaxb-api-2.2.11.jar:/home/runner/.m2/repository/com/sun/jersey/contribs/jersey-guice/1.19.4/jersey-guice-1.19.4.jar:/home/runner/.m2/repository/com/fasterxml/jackson/jaxrs/jackson-jaxrs-json-provider/2.16.2/jackson-jaxrs-json-provider-2.16.2.jar:/home/runner/.m2/repository/com/fasterxml/jackson/jaxrs/jackson-jaxrs-base/2.16.2/jackson-jaxrs-base-2.16.2.jar:/home/runner/.m2/repository/org/apache/hadoop/hadoop-yarn-client/3.4.1/hadoop-yarn-client-3.4.1.jar:/home/runner/.m2/repository/org/eclipse/jetty/websocket/websocket-client/9.4.53.v20231009/websocket-client-9.4.53.v20231009.jar:/home/runner/.m2/repository/org/eclipse/jetty/websocket/websocket-common/9.4.53.v20231009/websocket-common-9.4.53.v20231009.jar:/home/runner/.m2/repository/org/eclipse/jetty/websocket/websocket-api/9.4.53.v20231009/websocket-api-9.4.53.v20231009.jar:/home/runner/.m2/repository/org/apache/hadoop/hadoop-mapreduce-client-core/3.4.1/hadoop-mapreduce-client-core-3.4.1.jar:/home/runner/.m2/repository/org/apache/avro/avro/1.9.2/avro-1.9.2.jar:/home/runner/.m2/repository/org/apache/hadoop/hadoop-annotations/3.4.1/hadoop-annotations-3.4.1.jar:/home/runner/.m2/repository/io/netty/netty-all/4.1.109.Final/netty-all-4.1.109.Final.jar:/home/runner/.m2/repository/io/netty/netty-codec-dns/4.1.109.Final/netty-codec-dns-4.1.109.Final.jar:/home/runner/.m2/repository/io/netty/netty-codec-haproxy/4.1.109.Final/netty-codec-haproxy-4.1.109.Final.jar:/home/runner/.m2/repository/io/netty/netty-codec-memcache/4.1.109.Final/netty-codec-memcache-4.1.109.Final.jar:/home/runner/.m2/repository/io/netty/netty-codec-mqtt/4.1.109.Final/netty-codec-mqtt-4.1.109.Final.jar:/home/runner/.m2/repository/io/netty/netty-codec-redis/4.1.109.Final/netty-codec-redis-4.1.109.Final.jar:/home/runner/.m2/repository/io/netty/netty-codec-smtp/4.1.109.Final/netty-codec-smtp-4.1.109.Final.jar:/home/runner/.m2/repository/io/netty/netty-codec-stomp/4.1.109.Final/netty-codec-stomp-4.1.109.Final.jar:/home/runner/.m2/repository/io/netty/netty-codec-xml/4.1.109.Final/netty-codec-xml-4.1.109.Final.jar:/home/runner/.m2/repository/io/netty/netty-handler-ssl-ocsp/4.1.109.Final/netty-handler-ssl-ocsp-4.1.109.Final.jar:/home/runner/.m2/repository/io/netty/netty-resolver-dns/4.1.109.Final/netty-resolver-dns-4.1.109.Final.jar:/home/runner/.m2/repository/io/netty/netty-transport-rxtx/4.1.109.Final/netty-transport-rxtx-4.1.109.Final.jar:/home/runner/.m2/repository/io/netty/netty-transport-sctp/4.1.109.Final/netty-transport-sctp-4.1.109.Final.jar:/home/runner/.m2/repository/io/netty/netty-transport-udt/4.1.109.Final/netty-transport-udt-4.1.109.Final.jar:/home/runner/.m2/repository/io/netty/netty-transport-classes-kqueue/4.1.109.Final/netty-transport-classes-kqueue-4.1.109.Final.jar:/home/runner/.m2/repository/io/netty/netty-resolver-dns-classes-macos/4.1.109.Final/netty-resolver-dns-classes-macos-4.1.109.Final.jar:/home/runner/.m2/repository/io/netty/netty-transport-native-epoll/4.1.109.Final/netty-transport-native-epoll-4.1.109.Final-linux-aarch_64.jar:/home/runner/.m2/repository/io/netty/netty-transport-native-epoll/4.1.109.Final/netty-transport-native-epoll-4.1.109.Final-linux-riscv64.jar:/home/runner/.m2/repository/io/netty/netty-transport-native-kqueue/4.1.109.Final/netty-transport-native-kqueue-4.1.109.Final-osx-x86_64.jar:/home/runner/.m2/repository/io/netty/netty-transport-native-kqueue/4.1.109.Final/netty-transport-native-kqueue-4.1.109.Final-osx-aarch_64.jar:/home/runner/.m2/repository/io/netty/netty-resolver-dns-native-macos/4.1.109.Final/netty-resolver-dns-native-macos-4.1.109.Final-osx-x86_64.jar:/home/runner/.m2/repository/io/netty/netty-resolver-dns-native-macos/4.1.109.Final/netty-resolver-dns-native-macos-4.1.109.Final-osx-aarch_64.jar:/home/runner/.m2/repository/org/apache/hadoop/hadoop-distcp/3.4.1/hadoop-distcp-3.4.1-tests.jar:/home/runner/.m2/repository/org/apache/ratis/ratis-server/3.1.2/ratis-server-3.1.2.jar:/home/runner/.m2/repository/org/hamcrest/hamcrest/2.2/hamcrest-2.2.jar:/home/runner/.m2/repository/org/slf4j/jul-to-slf4j/2.0.16/jul-to-slf4j-2.0.16.jar:/home/runner/.m2/repository/org/assertj/assertj-core/3.27.0/assertj-core-3.27.0.jar:/home/runner/.m2/repository/net/bytebuddy/byte-buddy/1.15.11/byte-buddy-1.15.11.jar:/home/runner/work/ozone/ozone/hadoop-ozone/integration-test/target/gradle-enterprise/test-listeners.jar:"/>
    <property name="java.vm.vendor" value="Eclipse Adoptium"/>
    <property name="sun.arch.data.model" value="64"/>
    <property name="test.build.dir" value="/home/runner/work/ozone/ozone/hadoop-ozone/integration-test/target/test-dir"/>
    <property name="test.cache.data" value=""/>
    <property name="java.vendor.url" value="https://adoptium.net/"/>
    <property name="user.timezone" value="Etc/UTC"/>
    <property name="maven-surefire-plugin.argLineAccessArgs" value=" --add-opens java.management/com.sun.jmx.mbeanserver=ALL-UNNAMED --add-exports java.management/com.sun.jmx.mbeanserver=ALL-UNNAMED --add-opens java.base/java.nio=ALL-UNNAMED --add-opens java.base/java.lang=ALL-UNNAMED --add-opens java.base/java.lang.reflect=ALL-UNNAMED"/>
    <property name="os.name" value="Linux"/>
    <property name="java.vm.specification.version" value="21"/>
    <property name="test.build.data" value="/home/runner/work/ozone/ozone/hadoop-ozone/integration-test/target/test-dir"/>
    <property name="sun.java.launcher" value="SUN_STANDARD"/>
    <property name="sun.boot.library.path" value="/usr/lib/jvm/temurin-21-jdk-amd64/lib"/>
    <property name="sun.java.command" value="/home/runner/work/ozone/ozone/hadoop-ozone/integration-test/target/surefire/surefirebooter13663928227333958877.jar /home/runner/work/ozone/ozone/hadoop-ozone/integration-test/target/surefire 2025-01-03T10-34-10_189-jvmRun1 surefire8367532476033533652tmp surefire_18912044842277422764326tmp"/>
    <property name="jdk.debug" value="release"/>
    <property name="native.lib.tmp.dir" value="/tmp"/>
    <property name="surefire.test.class.path" value="/home/runner/work/ozone/ozone/hadoop-ozone/integration-test/target/test-classes:/home/runner/work/ozone/ozone/hadoop-ozone/integration-test/target/classes:/home/runner/work/ozone/ozone/hadoop-ozone/common/target/ozone-common-2.0.0-SNAPSHOT.jar:/home/runner/.m2/repository/io/grpc/grpc-netty/1.58.0/grpc-netty-1.58.0.jar:/home/runner/.m2/repository/io/grpc/grpc-core/1.58.0/grpc-core-1.58.0.jar:/home/runner/.m2/repository/com/google/android/annotations/4.1.1.4/annotations-4.1.1.4.jar:/home/runner/.m2/repository/org/codehaus/mojo/animal-sniffer-annotations/1.23/animal-sniffer-annotations-1.23.jar:/home/runner/.m2/repository/io/grpc/grpc-context/1.58.0/grpc-context-1.58.0.jar:/home/runner/.m2/repository/io/grpc/grpc-util/1.58.0/grpc-util-1.58.0.jar:/home/runner/.m2/repository/com/google/errorprone/error_prone_annotations/2.29.2/error_prone_annotations-2.29.2.jar:/home/runner/.m2/repository/io/perfmark/perfmark-api/0.26.0/perfmark-api-0.26.0.jar:/home/runner/.m2/repository/io/netty/netty-codec-http2/4.1.109.Final/netty-codec-http2-4.1.109.Final.jar:/home/runner/.m2/repository/io/netty/netty-codec-http/4.1.109.Final/netty-codec-http-4.1.109.Final.jar:/home/runner/.m2/repository/io/netty/netty-handler-proxy/4.1.109.Final/netty-handler-proxy-4.1.109.Final.jar:/home/runner/.m2/repository/io/netty/netty-codec-socks/4.1.109.Final/netty-codec-socks-4.1.109.Final.jar:/home/runner/.m2/repository/io/netty/netty-tcnative-boringssl-static/2.0.65.Final/netty-tcnative-boringssl-static-2.0.65.Final.jar:/home/runner/.m2/repository/io/netty/netty-tcnative-classes/2.0.65.Final/netty-tcnative-classes-2.0.65.Final.jar:/home/runner/.m2/repository/io/netty/netty-tcnative-boringssl-static/2.0.65.Final/netty-tcnative-boringssl-static-2.0.65.Final-linux-x86_64.jar:/home/runner/.m2/repository/io/netty/netty-tcnative-boringssl-static/2.0.65.Final/netty-tcnative-boringssl-static-2.0.65.Final-linux-aarch_64.jar:/home/runner/.m2/repository/io/netty/netty-tcnative-boringssl-static/2.0.65.Final/netty-tcnative-boringssl-static-2.0.65.Final-osx-x86_64.jar:/home/runner/.m2/repository/io/netty/netty-tcnative-boringssl-static/2.0.65.Final/netty-tcnative-boringssl-static-2.0.65.Final-osx-aarch_64.jar:/home/runner/.m2/repository/io/netty/netty-tcnative-boringssl-static/2.0.65.Final/netty-tcnative-boringssl-static-2.0.65.Final-windows-x86_64.jar:/home/runner/.m2/repository/org/apache/commons/commons-compress/1.27.1/commons-compress-1.27.1.jar:/home/runner/work/ozone/ozone/hadoop-hdds/common/target/hdds-common-2.0.0-SNAPSHOT.jar:/home/runner/work/ozone/ozone/hadoop-hdds/client/target/hdds-client-2.0.0-SNAPSHOT.jar:/home/runner/work/ozone/ozone/hadoop-hdds/config/target/hdds-config-2.0.0-SNAPSHOT.jar:/home/runner/work/ozone/ozone/hadoop-hdds/interface-client/target/hdds-interface-client-2.0.0-SNAPSHOT.jar:/home/runner/.m2/repository/org/apache/hadoop/thirdparty/hadoop-shaded-protobuf_3_25/1.3.0/hadoop-shaded-protobuf_3_25-1.3.0.jar:/home/runner/work/ozone/ozone/hadoop-ozone/interface-client/target/ozone-interface-client-2.0.0-SNAPSHOT.jar:/home/runner/.m2/repository/org/apache/hadoop/hadoop-hdfs-client/3.4.1/hadoop-hdfs-client-3.4.1.jar:/home/runner/.m2/repository/org/apache/httpcomponents/httpclient/4.5.14/httpclient-4.5.14.jar:/home/runner/.m2/repository/org/apache/httpcomponents/httpcore/4.4.16/httpcore-4.4.16.jar:/home/runner/.m2/repository/org/apache/ratis/ratis-common/3.1.2/ratis-common-3.1.2.jar:/home/runner/.m2/repository/org/apache/ratis/ratis-proto/3.1.2/ratis-proto-3.1.2.jar:/home/runner/.m2/repository/org/apache/ratis/ratis-thirdparty-misc/1.0.6/ratis-thirdparty-misc-1.0.6.jar:/home/runner/.m2/repository/org/slf4j/slf4j-api/2.0.16/slf4j-api-2.0.16.jar:/home/runner/.m2/repository/com/fasterxml/jackson/core/jackson-annotations/2.16.2/jackson-annotations-2.16.2.jar:/home/runner/.m2/repository/com/fasterxml/jackson/core/jackson-databind/2.16.2/jackson-databind-2.16.2.jar:/home/runner/.m2/repository/com/github/stephenc/jcip/jcip-annotations/1.0-1/jcip-annotations-1.0-1.jar:/home/runner/.m2/repository/com/google/guava/guava/32.1.3-jre/guava-32.1.3-jre.jar:/home/runner/.m2/repository/com/google/guava/failureaccess/1.0.1/failureaccess-1.0.1.jar:/home/runner/.m2/repository/com/google/guava/listenablefuture/9999.0-empty-to-avoid-conflict-with-guava/listenablefuture-9999.0-empty-to-avoid-conflict-with-guava.jar:/home/runner/.m2/repository/org/checkerframework/checker-qual/3.37.0/checker-qual-3.37.0.jar:/home/runner/.m2/repository/com/google/j2objc/j2objc-annotations/2.8/j2objc-annotations-2.8.jar:/home/runner/.m2/repository/com/google/protobuf/protobuf-java/2.5.0/protobuf-java-2.5.0.jar:/home/runner/.m2/repository/io/grpc/grpc-api/1.58.0/grpc-api-1.58.0.jar:/home/runner/.m2/repository/io/grpc/grpc-stub/1.58.0/grpc-stub-1.58.0.jar:/home/runner/.m2/repository/io/netty/netty-common/4.1.109.Final/netty-common-4.1.109.Final.jar:/home/runner/.m2/repository/io/netty/netty-handler/4.1.109.Final/netty-handler-4.1.109.Final.jar:/home/runner/.m2/repository/io/netty/netty-resolver/4.1.109.Final/netty-resolver-4.1.109.Final.jar:/home/runner/.m2/repository/jakarta/annotation/jakarta.annotation-api/2.1.1/jakarta.annotation-api-2.1.1.jar:/home/runner/work/ozone/ozone/hadoop-hdds/test-utils/target/hdds-test-utils-2.0.0-SNAPSHOT.jar:/home/runner/.m2/repository/commons-io/commons-io/2.18.0/commons-io-2.18.0.jar:/home/runner/.m2/repository/commons-logging/commons-logging/1.2/commons-logging-1.2.jar:/home/runner/.m2/repository/org/junit/jupiter/junit-jupiter-api/5.11.4/junit-jupiter-api-5.11.4.jar:/home/runner/.m2/repository/org/opentest4j/opentest4j/1.3.0/opentest4j-1.3.0.jar:/home/runner/.m2/repository/org/junit/platform/junit-platform-commons/1.11.4/junit-platform-commons-1.11.4.jar:/home/runner/.m2/repository/ch/qos/reload4j/reload4j/1.2.26/reload4j-1.2.26.jar:/home/runner/.m2/repository/org/apache/logging/log4j/log4j-api/2.24.2/log4j-api-2.24.2.jar:/home/runner/work/ozone/ozone/hadoop-hdds/server-scm/target/hdds-server-scm-2.0.0-SNAPSHOT.jar:/home/runner/work/ozone/ozone/hadoop-hdds/container-service/target/hdds-container-service-2.0.0-SNAPSHOT.jar:/home/runner/work/ozone/ozone/hadoop-hdds/hadoop-dependency-server/target/hdds-hadoop-dependency-server-2.0.0-SNAPSHOT.jar:/home/runner/.m2/repository/com/nimbusds/nimbus-jose-jwt/9.40/nimbus-jose-jwt-9.40.jar:/home/runner/.m2/repository/org/apache/hadoop/hadoop-hdfs/3.4.1/hadoop-hdfs-3.4.1.jar:/home/runner/.m2/repository/commons-daemon/commons-daemon/1.4.0/commons-daemon-1.4.0.jar:/home/runner/.m2/repository/org/apache/kerby/kerb-core/1.0.1/kerb-core-1.0.1.jar:/home/runner/.m2/repository/org/apache/kerby/kerby-pkix/1.0.1/kerby-pkix-1.0.1.jar:/home/runner/.m2/repository/org/apache/kerby/kerby-asn1/1.0.1/kerby-asn1-1.0.1.jar:/home/runner/.m2/repository/org/apache/kerby/kerb-util/1.0.1/kerb-util-1.0.1.jar:/home/runner/.m2/repository/org/apache/kerby/kerby-config/1.0.1/kerby-config-1.0.1.jar:/home/runner/.m2/repository/org/apache/kerby/kerb-crypto/1.0.1/kerb-crypto-1.0.1.jar:/home/runner/.m2/repository/org/xerial/snappy/snappy-java/1.1.10.7/snappy-java-1.1.10.7.jar:/home/runner/work/ozone/ozone/hadoop-hdds/interface-admin/target/hdds-interface-admin-2.0.0-SNAPSHOT.jar:/home/runner/work/ozone/ozone/hadoop-hdds/interface-server/target/hdds-interface-server-2.0.0-SNAPSHOT.jar:/home/runner/work/ozone/ozone/hadoop-hdds/framework/target/hdds-server-framework-2.0.0-SNAPSHOT.jar:/home/runner/.m2/repository/org/apache/ratis/ratis-client/3.1.2/ratis-client-3.1.2.jar:/home/runner/.m2/repository/org/apache/ratis/ratis-grpc/3.1.2/ratis-grpc-3.1.2.jar:/home/runner/.m2/repository/org/apache/ratis/ratis-netty/3.1.2/ratis-netty-3.1.2.jar:/home/runner/.m2/repository/org/apache/ratis/ratis-server-api/3.1.2/ratis-server-api-3.1.2.jar:/home/runner/.m2/repository/org/bouncycastle/bcpkix-jdk18on/1.79/bcpkix-jdk18on-1.79.jar:/home/runner/.m2/repository/org/bouncycastle/bcprov-jdk18on/1.79/bcprov-jdk18on-1.79.jar:/home/runner/.m2/repository/io/dropwizard/metrics/metrics-core/3.2.6/metrics-core-3.2.6.jar:/home/runner/.m2/repository/org/apache/commons/commons-text/1.12.0/commons-text-1.12.0.jar:/home/runner/.m2/repository/org/eclipse/jetty/jetty-webapp/9.4.56.v20240826/jetty-webapp-9.4.56.v20240826.jar:/home/runner/.m2/repository/org/eclipse/jetty/jetty-xml/9.4.56.v20240826/jetty-xml-9.4.56.v20240826.jar:/home/runner/.m2/repository/com/fasterxml/jackson/core/jackson-core/2.16.2/jackson-core-2.16.2.jar:/home/runner/.m2/repository/info/picocli/picocli/4.7.5/picocli-4.7.5.jar:/home/runner/.m2/repository/javax/servlet/javax.servlet-api/3.1.0/javax.servlet-api-3.1.0.jar:/home/runner/.m2/repository/commons-collections/commons-collections/3.2.2/commons-collections-3.2.2.jar:/home/runner/work/ozone/ozone/hadoop-hdds/framework/target/hdds-server-framework-2.0.0-SNAPSHOT-tests.jar:/home/runner/work/ozone/ozone/hadoop-hdds/managed-rocksdb/target/hdds-managed-rocksdb-2.0.0-SNAPSHOT.jar:/home/runner/.m2/repository/org/slf4j/slf4j-reload4j/2.0.16/slf4j-reload4j-2.0.16.jar:/home/runner/.m2/repository/org/apache/commons/commons-configuration2/2.11.0/commons-configuration2-2.11.0.jar:/home/runner/.m2/repository/commons-codec/commons-codec/1.17.1/commons-codec-1.17.1.jar:/home/runner/.m2/repository/commons-fileupload/commons-fileupload/1.5/commons-fileupload-1.5.jar:/home/runner/.m2/repository/commons-validator/commons-validator/1.6/commons-validator-1.6.jar:/home/runner/.m2/repository/commons-beanutils/commons-beanutils/1.9.4/commons-beanutils-1.9.4.jar:/home/runner/.m2/repository/commons-digester/commons-digester/1.8.1/commons-digester-1.8.1.jar:/home/runner/.m2/repository/org/apache/logging/log4j/log4j-core/2.24.2/log4j-core-2.24.2.jar:/home/runner/.m2/repository/com/lmax/disruptor/3.4.4/disruptor-3.4.4.jar:/home/runner/.m2/repository/org/eclipse/jetty/jetty-http/9.4.56.v20240826/jetty-http-9.4.56.v20240826.jar:/home/runner/.m2/repository/org/eclipse/jetty/jetty-io/9.4.56.v20240826/jetty-io-9.4.56.v20240826.jar:/home/runner/.m2/repository/org/eclipse/jetty/jetty-util/9.4.56.v20240826/jetty-util-9.4.56.v20240826.jar:/home/runner/.m2/repository/org/eclipse/jetty/jetty-server/9.4.56.v20240826/jetty-server-9.4.56.v20240826.jar:/home/runner/.m2/repository/org/eclipse/jetty/jetty-servlet/9.4.56.v20240826/jetty-servlet-9.4.56.v20240826.jar:/home/runner/.m2/repository/org/eclipse/jetty/jetty-security/9.4.56.v20240826/jetty-security-9.4.56.v20240826.jar:/home/runner/.m2/repository/org/eclipse/jetty/jetty-util-ajax/9.4.56.v20240826/jetty-util-ajax-9.4.56.v20240826.jar:/home/runner/.m2/repository/org/glassfish/jersey/core/jersey-server/2.46/jersey-server-2.46.jar:/home/runner/.m2/repository/org/glassfish/jersey/core/jersey-client/2.46/jersey-client-2.46.jar:/home/runner/.m2/repository/org/glassfish/jersey/containers/jersey-container-servlet-core/2.46/jersey-container-servlet-core-2.46.jar:/home/runner/.m2/repository/org/rocksdb/rocksdbjni/7.7.3/rocksdbjni-7.7.3.jar:/home/runner/.m2/repository/org/apache/ratis/ratis-metrics-api/3.1.2/ratis-metrics-api-3.1.2.jar:/home/runner/.m2/repository/org/apache/ratis/ratis-metrics-dropwizard3/3.1.2/ratis-metrics-dropwizard3-3.1.2.jar:/home/runner/.m2/repository/io/opentracing/opentracing-api/0.33.0/opentracing-api-0.33.0.jar:/home/runner/.m2/repository/io/prometheus/simpleclient/0.16.0/simpleclient-0.16.0.jar:/home/runner/.m2/repository/io/prometheus/simpleclient_dropwizard/0.16.0/simpleclient_dropwizard-0.16.0.jar:/home/runner/.m2/repository/io/prometheus/simpleclient_common/0.16.0/simpleclient_common-0.16.0.jar:/home/runner/.m2/repository/com/fasterxml/jackson/datatype/jackson-datatype-jsr310/2.16.2/jackson-datatype-jsr310-2.16.2.jar:/home/runner/.m2/repository/com/github/jnr/jnr-constants/0.10.4/jnr-constants-0.10.4.jar:/home/runner/.m2/repository/com/github/jnr/jnr-posix/3.1.20/jnr-posix-3.1.20.jar:/home/runner/.m2/repository/com/github/jnr/jnr-ffi/2.2.17/jnr-ffi-2.2.17.jar:/home/runner/.m2/repository/com/github/jnr/jffi/1.3.13/jffi-1.3.13.jar:/home/runner/.m2/repository/com/github/jnr/jffi/1.3.13/jffi-1.3.13-native.jar:/home/runner/.m2/repository/org/ow2/asm/asm/9.7.1/asm-9.7.1.jar:/home/runner/.m2/repository/org/ow2/asm/asm-commons/9.7.1/asm-commons-9.7.1.jar:/home/runner/.m2/repository/org/ow2/asm/asm-analysis/9.7.1/asm-analysis-9.7.1.jar:/home/runner/.m2/repository/org/ow2/asm/asm-tree/9.7.1/asm-tree-9.7.1.jar:/home/runner/.m2/repository/org/ow2/asm/asm-util/9.7.1/asm-util-9.7.1.jar:/home/runner/.m2/repository/com/github/jnr/jnr-a64asm/1.0.0/jnr-a64asm-1.0.0.jar:/home/runner/.m2/repository/com/github/jnr/jnr-x86asm/1.0.2/jnr-x86asm-1.0.2.jar:/home/runner/.m2/repository/com/google/code/gson/gson/2.10.1/gson-2.10.1.jar:/home/runner/work/ozone/ozone/hadoop-hdds/rocksdb-checkpoint-differ/target/rocksdb-checkpoint-differ-2.0.0-SNAPSHOT.jar:/home/runner/.m2/repository/org/jgrapht/jgrapht-core/1.4.0/jgrapht-core-1.4.0.jar:/home/runner/.m2/repository/org/jheaps/jheaps/0.11/jheaps-0.11.jar:/home/runner/.m2/repository/org/jgrapht/jgrapht-ext/1.4.0/jgrapht-ext-1.4.0.jar:/home/runner/.m2/repository/com/github/vlsi/mxgraph/jgraphx/3.9.12/jgraphx-3.9.12.jar:/home/runner/.m2/repository/jakarta/ws/rs/jakarta.ws.rs-api/2.1.6/jakarta.ws.rs-api-2.1.6.jar:/home/runner/work/ozone/ozone/hadoop-ozone/ozone-manager/target/ozone-manager-2.0.0-SNAPSHOT.jar:/home/runner/.m2/repository/org/aspectj/aspectjrt/1.9.7/aspectjrt-1.9.7.jar:/home/runner/.m2/repository/org/aspectj/aspectjweaver/1.9.7/aspectjweaver-1.9.7.jar:/home/runner/work/ozone/ozone/hadoop-ozone/interface-storage/target/ozone-interface-storage-2.0.0-SNAPSHOT.jar:/home/runner/.m2/repository/org/apache/kerby/kerby-util/1.0.1/kerby-util-1.0.1.jar:/home/runner/.m2/repository/io/netty/netty-transport/4.1.109.Final/netty-transport-4.1.109.Final.jar:/home/runner/.m2/repository/org/reflections/reflections/0.10.2/reflections-0.10.2.jar:/home/runner/.m2/repository/com/sun/jersey/jersey-client/1.19.4/jersey-client-1.19.4.jar:/home/runner/.m2/repository/jakarta/xml/bind/jakarta.xml.bind-api/2.3.3/jakarta.xml.bind-api-2.3.3.jar:/home/runner/.m2/repository/org/codehaus/jackson/jackson-core-asl/1.9.13/jackson-core-asl-1.9.13.jar:/home/runner/.m2/repository/org/codehaus/jackson/jackson-mapper-asl/1.9.13/jackson-mapper-asl-1.9.13.jar:/home/runner/.m2/repository/org/codehaus/jackson/jackson-jaxrs/1.9.13/jackson-jaxrs-1.9.13.jar:/home/runner/.m2/repository/org/apache/ranger/ranger-plugins-common/2.3.0/ranger-plugins-common-2.3.0.jar:/home/runner/.m2/repository/commons-lang/commons-lang/2.6/commons-lang-2.6.jar:/home/runner/.m2/repository/org/apache/ranger/ranger-plugins-cred/2.3.0/ranger-plugins-cred-2.3.0.jar:/home/runner/.m2/repository/org/apache/ranger/ranger-plugins-audit/2.3.0/ranger-plugins-audit-2.3.0.jar:/home/runner/.m2/repository/org/eclipse/jetty/jetty-client/9.4.56.v20240826/jetty-client-9.4.56.v20240826.jar:/home/runner/.m2/repository/org/apache/httpcomponents/httpmime/4.5.6/httpmime-4.5.6.jar:/home/runner/.m2/repository/org/apache/httpcomponents/httpcore-nio/4.4.16/httpcore-nio-4.4.16.jar:/home/runner/.m2/repository/org/apache/httpcomponents/httpasyncclient/4.1.3/httpasyncclient-4.1.3.jar:/home/runner/.m2/repository/com/carrotsearch/hppc/0.8.0/hppc-0.8.0.jar:/home/runner/.m2/repository/org/apache/orc/orc-core/1.5.8/orc-core-1.5.8.jar:/home/runner/.m2/repository/net/java/dev/jna/jna/5.2.0/jna-5.2.0.jar:/home/runner/.m2/repository/net/java/dev/jna/jna-platform/5.2.0/jna-platform-5.2.0.jar:/home/runner/.m2/repository/com/kstruct/gethostname4j/0.0.2/gethostname4j-0.0.2.jar:/home/runner/.m2/repository/org/apache/ranger/ranger-plugin-classloader/2.3.0/ranger-plugin-classloader-2.3.0.jar:/home/runner/.m2/repository/org/apache/ranger/ranger-intg/2.3.0/ranger-intg-2.3.0.jar:/home/runner/work/ozone/ozone/hadoop-hdds/rocks-native/target/hdds-rocks-native-2.0.0-SNAPSHOT.jar:/home/runner/.m2/repository/org/apache/hadoop/hadoop-minikdc/3.4.1/hadoop-minikdc-3.4.1.jar:/home/runner/.m2/repository/org/apache/kerby/kerb-simplekdc/2.0.3/kerb-simplekdc-2.0.3.jar:/home/runner/.m2/repository/org/apache/kerby/kerb-client/2.0.3/kerb-client-2.0.3.jar:/home/runner/.m2/repository/org/apache/kerby/kerb-common/2.0.3/kerb-common-2.0.3.jar:/home/runner/.m2/repository/org/apache/kerby/token-provider/2.0.3/token-provider-2.0.3.jar:/home/runner/.m2/repository/org/apache/kerby/kerb-admin/2.0.3/kerb-admin-2.0.3.jar:/home/runner/.m2/repository/org/apache/kerby/kerb-server/2.0.3/kerb-server-2.0.3.jar:/home/runner/.m2/repository/org/apache/kerby/kerb-identity/2.0.3/kerb-identity-2.0.3.jar:/home/runner/.m2/repository/org/apache/kerby/kerby-xdr/2.0.3/kerby-xdr-2.0.3.jar:/home/runner/.m2/repository/junit/junit/4.13.2/junit-4.13.2.jar:/home/runner/.m2/repository/org/hamcrest/hamcrest-core/1.3/hamcrest-core-1.3.jar:/home/runner/work/ozone/ozone/hadoop-ozone/s3gateway/target/ozone-s3gateway-2.0.0-SNAPSHOT.jar:/home/runner/.m2/repository/org/javassist/javassist/3.30.2-GA/javassist-3.30.2-GA.jar:/home/runner/.m2/repository/org/jboss/weld/servlet/weld-servlet-shaded/3.1.9.Final/weld-servlet-shaded-3.1.9.Final.jar:/home/runner/.m2/repository/org/glassfish/jersey/core/jersey-common/2.46/jersey-common-2.46.jar:/home/runner/.m2/repository/org/glassfish/hk2/osgi-resource-locator/1.0.3/osgi-resource-locator-1.0.3.jar:/home/runner/.m2/repository/org/glassfish/jersey/ext/cdi/jersey-cdi1x/2.46/jersey-cdi1x-2.46.jar:/home/runner/.m2/repository/org/glassfish/jersey/inject/jersey-hk2/2.46/jersey-hk2-2.46.jar:/home/runner/.m2/repository/org/glassfish/hk2/hk2-locator/2.6.1/hk2-locator-2.6.1.jar:/home/runner/.m2/repository/org/glassfish/jersey/media/jersey-media-jaxb/2.46/jersey-media-jaxb-2.46.jar:/home/runner/.m2/repository/org/glassfish/hk2/hk2-api/2.6.1/hk2-api-2.6.1.jar:/home/runner/.m2/repository/org/glassfish/hk2/hk2-utils/2.6.1/hk2-utils-2.6.1.jar:/home/runner/.m2/repository/org/glassfish/hk2/external/aopalliance-repackaged/2.6.1/aopalliance-repackaged-2.6.1.jar:/home/runner/.m2/repository/com/fasterxml/jackson/dataformat/jackson-dataformat-xml/2.16.2/jackson-dataformat-xml-2.16.2.jar:/home/runner/.m2/repository/org/codehaus/woodstox/stax2-api/4.2.2/stax2-api-4.2.2.jar:/home/runner/.m2/repository/com/fasterxml/woodstox/woodstox-core/5.4.0/woodstox-core-5.4.0.jar:/home/runner/.m2/repository/com/fasterxml/jackson/module/jackson-module-jaxb-annotations/2.16.2/jackson-module-jaxb-annotations-2.16.2.jar:/home/runner/.m2/repository/javax/annotation/javax.annotation-api/1.3.2/javax.annotation-api-1.3.2.jar:/home/runner/.m2/repository/javax/enterprise/cdi-api/2.0/cdi-api-2.0.jar:/home/runner/.m2/repository/javax/el/javax.el-api/3.0.0/javax.el-api-3.0.0.jar:/home/runner/.m2/repository/javax/interceptor/javax.interceptor-api/1.2/javax.interceptor-api-1.2.jar:/home/runner/.m2/repository/org/glassfish/jaxb/jaxb-runtime/2.3.9/jaxb-runtime-2.3.9.jar:/home/runner/.m2/repository/org/glassfish/jaxb/txw2/2.3.9/txw2-2.3.9.jar:/home/runner/.m2/repository/com/sun/istack/istack-commons-runtime/3.0.12/istack-commons-runtime-3.0.12.jar:/home/runner/.m2/repository/com/sun/activation/jakarta.activation/1.2.2/jakarta.activation-1.2.2.jar:/home/runner/.m2/repository/jakarta/activation/jakarta.activation-api/1.2.2/jakarta.activation-api-1.2.2.jar:/home/runner/.m2/repository/io/grpc/grpc-protobuf/1.58.0/grpc-protobuf-1.58.0.jar:/home/runner/.m2/repository/com/google/api/grpc/proto-google-common-protos/2.22.0/proto-google-common-protos-2.22.0.jar:/home/runner/.m2/repository/io/grpc/grpc-protobuf-lite/1.58.0/grpc-protobuf-lite-1.58.0.jar:/home/runner/.m2/repository/io/opentracing/opentracing-noop/0.33.0/opentracing-noop-0.33.0.jar:/home/runner/.m2/repository/io/opentracing/opentracing-util/0.33.0/opentracing-util-0.33.0.jar:/home/runner/work/ozone/ozone/hadoop-ozone/csi/target/ozone-csi-2.0.0-SNAPSHOT.jar:/home/runner/.m2/repository/com/google/protobuf/protobuf-java-util/3.19.6/protobuf-java-util-3.19.6.jar:/home/runner/.m2/repository/io/netty/netty-transport-classes-epoll/4.1.109.Final/netty-transport-classes-epoll-4.1.109.Final.jar:/home/runner/.m2/repository/io/netty/netty-transport-native-epoll/4.1.109.Final/netty-transport-native-epoll-4.1.109.Final-linux-x86_64.jar:/home/runner/.m2/repository/io/netty/netty-transport-native-unix-common/4.1.109.Final/netty-transport-native-unix-common-4.1.109.Final.jar:/home/runner/work/ozone/ozone/hadoop-ozone/recon/target/ozone-recon-2.0.0-SNAPSHOT.jar:/home/runner/work/ozone/ozone/hadoop-ozone/recon-codegen/target/ozone-reconcodegen-2.0.0-SNAPSHOT.jar:/home/runner/.m2/repository/aopalliance/aopalliance/1.0/aopalliance-1.0.jar:/home/runner/.m2/repository/com/google/inject/guice/6.0.0/guice-6.0.0.jar:/home/runner/.m2/repository/jakarta/inject/jakarta.inject-api/2.0.1/jakarta.inject-api-2.0.1.jar:/home/runner/.m2/repository/com/google/inject/extensions/guice-assistedinject/6.0.0/guice-assistedinject-6.0.0.jar:/home/runner/.m2/repository/com/google/inject/extensions/guice-servlet/6.0.0/guice-servlet-6.0.0.jar:/home/runner/.m2/repository/org/glassfish/jersey/containers/jersey-container-servlet/2.46/jersey-container-servlet-2.46.jar:/home/runner/.m2/repository/org/glassfish/hk2/guice-bridge/2.6.1/guice-bridge-2.6.1.jar:/home/runner/.m2/repository/org/glassfish/hk2/external/jakarta.inject/2.6.1/jakarta.inject-2.6.1.jar:/home/runner/.m2/repository/org/glassfish/jersey/media/jersey-media-json-jackson/2.46/jersey-media-json-jackson-2.46.jar:/home/runner/.m2/repository/org/glassfish/jersey/ext/jersey-entity-filtering/2.46/jersey-entity-filtering-2.46.jar:/home/runner/.m2/repository/org/jooq/jooq/3.11.10/jooq-3.11.10.jar:/home/runner/.m2/repository/org/jooq/jooq-meta/3.11.10/jooq-meta-3.11.10.jar:/home/runner/.m2/repository/org/jooq/jooq-codegen/3.11.10/jooq-codegen-3.11.10.jar:/home/runner/.m2/repository/com/jolbox/bonecp/0.8.0.RELEASE/bonecp-0.8.0.RELEASE.jar:/home/runner/.m2/repository/org/apache/derby/derby/10.14.2.0/derby-10.14.2.0.jar:/home/runner/.m2/repository/org/xerial/sqlite-jdbc/3.47.1.0/sqlite-jdbc-3.47.1.0.jar:/home/runner/.m2/repository/org/springframework/spring-core/5.3.39/spring-core-5.3.39.jar:/home/runner/.m2/repository/org/springframework/spring-jdbc/5.3.39/spring-jdbc-5.3.39.jar:/home/runner/.m2/repository/org/springframework/spring-beans/5.3.39/spring-beans-5.3.39.jar:/home/runner/.m2/repository/org/springframework/spring-tx/5.3.39/spring-tx-5.3.39.jar:/home/runner/.m2/repository/jakarta/validation/jakarta.validation-api/2.0.2/jakarta.validation-api-2.0.2.jar:/home/runner/.m2/repository/javax/inject/javax.inject/1/javax.inject-1.jar:/home/runner/work/ozone/ozone/hadoop-ozone/client/target/ozone-client-2.0.0-SNAPSHOT.jar:/home/runner/work/ozone/ozone/hadoop-hdds/erasurecode/target/hdds-erasurecode-2.0.0-SNAPSHOT.jar:/home/runner/work/ozone/ozone/hadoop-ozone/ozonefs/target/ozone-filesystem-2.0.0-SNAPSHOT.jar:/home/runner/work/ozone/ozone/hadoop-ozone/ozonefs-common/target/ozone-filesystem-common-2.0.0-SNAPSHOT.jar:/home/runner/work/ozone/ozone/hadoop-ozone/tools/target/ozone-tools-2.0.0-SNAPSHOT.jar:/home/runner/.m2/repository/org/apache/ratis/ratis-tools/3.1.2/ratis-tools-3.1.2.jar:/home/runner/.m2/repository/org/apache/ratis/ratis-shell/3.1.2/ratis-shell-3.1.2.jar:/home/runner/.m2/repository/info/picocli/picocli-shell-jline3/4.7.5/picocli-shell-jline3-4.7.5.jar:/home/runner/.m2/repository/org/jline/jline/3.28.0/jline-3.28.0.jar:/home/runner/.m2/repository/com/amazonaws/aws-java-sdk-core/1.12.661/aws-java-sdk-core-1.12.661.jar:/home/runner/.m2/repository/com/fasterxml/jackson/dataformat/jackson-dataformat-cbor/2.16.2/jackson-dataformat-cbor-2.16.2.jar:/home/runner/.m2/repository/joda-time/joda-time/2.12.7/joda-time-2.12.7.jar:/home/runner/.m2/repository/com/amazonaws/aws-java-sdk-s3/1.12.661/aws-java-sdk-s3-1.12.661.jar:/home/runner/.m2/repository/com/amazonaws/aws-java-sdk-kms/1.12.661/aws-java-sdk-kms-1.12.661.jar:/home/runner/.m2/repository/com/amazonaws/jmespath-java/1.12.661/jmespath-java-1.12.661.jar:/home/runner/.m2/repository/org/kohsuke/metainf-services/metainf-services/1.11/metainf-services-1.11.jar:/home/runner/work/ozone/ozone/hadoop-hdds/tools/target/hdds-tools-2.0.0-SNAPSHOT.jar:/home/runner/.m2/repository/commons-cli/commons-cli/1.8.0/commons-cli-1.8.0.jar:/home/runner/.m2/repository/org/apache/commons/commons-lang3/3.17.0/commons-lang3-3.17.0.jar:/home/runner/work/ozone/ozone/hadoop-ozone/ozone-manager/target/ozone-manager-2.0.0-SNAPSHOT-tests.jar:/home/runner/work/ozone/ozone/hadoop-hdds/common/target/hdds-common-2.0.0-SNAPSHOT-tests.jar:/home/runner/.m2/repository/io/jaegertracing/jaeger-client/1.8.1/jaeger-client-1.8.1.jar:/home/runner/.m2/repository/io/jaegertracing/jaeger-thrift/1.8.1/jaeger-thrift-1.8.1.jar:/home/runner/.m2/repository/org/apache/thrift/libthrift/0.15.0/libthrift-0.15.0.jar:/home/runner/.m2/repository/com/squareup/okhttp3/okhttp/4.12.0/okhttp-4.12.0.jar:/home/runner/.m2/repository/com/squareup/okio/okio/3.6.0/okio-3.6.0.jar:/home/runner/.m2/repository/com/squareup/okio/okio-jvm/3.6.0/okio-jvm-3.6.0.jar:/home/runner/.m2/repository/org/jetbrains/kotlin/kotlin-stdlib-common/1.9.25/kotlin-stdlib-common-1.9.25.jar:/home/runner/.m2/repository/org/jetbrains/kotlin/kotlin-stdlib-jdk8/1.9.25/kotlin-stdlib-jdk8-1.9.25.jar:/home/runner/.m2/repository/org/jetbrains/kotlin/kotlin-stdlib-jdk7/1.9.25/kotlin-stdlib-jdk7-1.9.25.jar:/home/runner/.m2/repository/io/jaegertracing/jaeger-tracerresolver/1.8.1/jaeger-tracerresolver-1.8.1.jar:/home/runner/.m2/repository/io/opentracing/contrib/opentracing-tracerresolver/0.1.8/opentracing-tracerresolver-0.1.8.jar:/home/runner/.m2/repository/io/jaegertracing/jaeger-core/1.8.1/jaeger-core-1.8.1.jar:/home/runner/work/ozone/ozone/hadoop-hdds/annotations/target/hdds-annotation-processing-2.0.0-SNAPSHOT.jar:/home/runner/work/ozone/ozone/hadoop-hdds/hadoop-dependency-client/target/hdds-hadoop-dependency-client-2.0.0-SNAPSHOT.jar:/home/runner/.m2/repository/org/bouncycastle/bcutil-jdk18on/1.79/bcutil-jdk18on-1.79.jar:/home/runner/.m2/repository/org/jetbrains/kotlin/kotlin-stdlib/1.9.25/kotlin-stdlib-1.9.25.jar:/home/runner/.m2/repository/org/jetbrains/annotations/13.0/annotations-13.0.jar:/home/runner/.m2/repository/org/yaml/snakeyaml/2.0/snakeyaml-2.0.jar:/home/runner/.m2/repository/org/junit/platform/junit-platform-launcher/1.11.4/junit-platform-launcher-1.11.4.jar:/home/runner/.m2/repository/org/junit/platform/junit-platform-engine/1.11.4/junit-platform-engine-1.11.4.jar:/home/runner/.m2/repository/org/apiguardian/apiguardian-api/1.1.2/apiguardian-api-1.1.2.jar:/home/runner/.m2/repository/org/apache/hadoop/hadoop-kms/3.4.1/hadoop-kms-3.4.1.jar:/home/runner/.m2/repository/org/apache/hadoop/hadoop-auth/3.4.1/hadoop-auth-3.4.1.jar:/home/runner/.m2/repository/org/apache/zookeeper/zookeeper/3.8.4/zookeeper-3.8.4.jar:/home/runner/.m2/repository/org/apache/zookeeper/zookeeper-jute/3.8.4/zookeeper-jute-3.8.4.jar:/home/runner/.m2/repository/org/apache/yetus/audience-annotations/0.12.0/audience-annotations-0.12.0.jar:/home/runner/.m2/repository/org/apache/curator/curator-framework/4.2.0/curator-framework-4.2.0.jar:/home/runner/.m2/repository/org/apache/hadoop/thirdparty/hadoop-shaded-guava/1.3.0/hadoop-shaded-guava-1.3.0.jar:/home/runner/.m2/repository/com/sun/jersey/jersey-core/1.19.4/jersey-core-1.19.4.jar:/home/runner/.m2/repository/javax/ws/rs/jsr311-api/1.1.1/jsr311-api-1.1.1.jar:/home/runner/.m2/repository/com/sun/jersey/jersey-server/1.19.4/jersey-server-1.19.4.jar:/home/runner/.m2/repository/org/apache/hadoop/hadoop-common/3.4.1/hadoop-common-3.4.1.jar:/home/runner/.m2/repository/org/apache/commons/commons-math3/3.6.1/commons-math3-3.6.1.jar:/home/runner/.m2/repository/commons-net/commons-net/3.11.1/commons-net-3.11.1.jar:/home/runner/.m2/repository/com/github/pjfanning/jersey-json/1.22.0/jersey-json-1.22.0.jar:/home/runner/.m2/repository/com/sun/xml/bind/jaxb-impl/2.2.3-1/jaxb-impl-2.2.3-1.jar:/home/runner/.m2/repository/org/codehaus/jettison/jettison/1.5.4/jettison-1.5.4.jar:/home/runner/.m2/repository/com/google/re2j/re2j/1.7/re2j-1.7.jar:/home/runner/.m2/repository/com/jcraft/jsch/0.1.55/jsch-0.1.55.jar:/home/runner/.m2/repository/org/apache/curator/curator-client/4.2.0/curator-client-4.2.0.jar:/home/runner/.m2/repository/org/apache/curator/curator-recipes/5.2.0/curator-recipes-5.2.0.jar:/home/runner/.m2/repository/com/google/code/findbugs/jsr305/3.0.2/jsr305-3.0.2.jar:/home/runner/.m2/repository/io/netty/netty-transport-native-epoll/4.1.109.Final/netty-transport-native-epoll-4.1.109.Final.jar:/home/runner/.m2/repository/dnsjava/dnsjava/3.6.1/dnsjava-3.6.1.jar:/home/runner/.m2/repository/org/apache/hadoop/hadoop-kms/3.4.1/hadoop-kms-3.4.1-tests.jar:/home/runner/work/ozone/ozone/hadoop-hdds/server-scm/target/hdds-server-scm-2.0.0-SNAPSHOT-tests.jar:/home/runner/work/ozone/ozone/hadoop-hdds/container-service/target/hdds-container-service-2.0.0-SNAPSHOT-tests.jar:/home/runner/.m2/repository/com/github/luben/zstd-jni/1.5.6-8/zstd-jni-1.5.6-8.jar:/home/runner/.m2/repository/io/netty/netty-buffer/4.1.109.Final/netty-buffer-4.1.109.Final.jar:/home/runner/.m2/repository/io/netty/netty-codec/4.1.109.Final/netty-codec-4.1.109.Final.jar:/home/runner/work/ozone/ozone/hadoop-hdds/hadoop-dependency-test/target/hdds-hadoop-dependency-test-2.0.0-SNAPSHOT.jar:/home/runner/.m2/repository/org/apache/hadoop/hadoop-common/3.4.1/hadoop-common-3.4.1-tests.jar:/home/runner/.m2/repository/org/apache/hadoop/hadoop-hdfs/3.4.1/hadoop-hdfs-3.4.1-tests.jar:/home/runner/.m2/repository/org/junit/jupiter/junit-jupiter-engine/5.11.4/junit-jupiter-engine-5.11.4.jar:/home/runner/.m2/repository/org/junit/jupiter/junit-jupiter-params/5.11.4/junit-jupiter-params-5.11.4.jar:/home/runner/.m2/repository/org/mockito/mockito-core/4.11.0/mockito-core-4.11.0.jar:/home/runner/.m2/repository/net/bytebuddy/byte-buddy-agent/1.12.19/byte-buddy-agent-1.12.19.jar:/home/runner/.m2/repository/org/objenesis/objenesis/3.3/objenesis-3.3.jar:/home/runner/.m2/repository/org/mockito/mockito-inline/4.11.0/mockito-inline-4.11.0.jar:/home/runner/.m2/repository/org/mockito/mockito-junit-jupiter/4.11.0/mockito-junit-jupiter-4.11.0.jar:/home/runner/.m2/repository/org/apache/hadoop/hadoop-distcp/3.4.1/hadoop-distcp-3.4.1.jar:/home/runner/.m2/repository/org/apache/hadoop/hadoop-mapreduce-client-jobclient/3.4.1/hadoop-mapreduce-client-jobclient-3.4.1.jar:/home/runner/.m2/repository/org/apache/hadoop/hadoop-mapreduce-client-common/3.4.1/hadoop-mapreduce-client-common-3.4.1.jar:/home/runner/.m2/repository/org/apache/hadoop/hadoop-yarn-common/3.4.1/hadoop-yarn-common-3.4.1.jar:/home/runner/.m2/repository/org/apache/hadoop/hadoop-yarn-api/3.4.1/hadoop-yarn-api-3.4.1.jar:/home/runner/.m2/repository/javax/xml/bind/jaxb-api/2.2.11/jaxb-api-2.2.11.jar:/home/runner/.m2/repository/com/sun/jersey/contribs/jersey-guice/1.19.4/jersey-guice-1.19.4.jar:/home/runner/.m2/repository/com/fasterxml/jackson/jaxrs/jackson-jaxrs-json-provider/2.16.2/jackson-jaxrs-json-provider-2.16.2.jar:/home/runner/.m2/repository/com/fasterxml/jackson/jaxrs/jackson-jaxrs-base/2.16.2/jackson-jaxrs-base-2.16.2.jar:/home/runner/.m2/repository/org/apache/hadoop/hadoop-yarn-client/3.4.1/hadoop-yarn-client-3.4.1.jar:/home/runner/.m2/repository/org/eclipse/jetty/websocket/websocket-client/9.4.53.v20231009/websocket-client-9.4.53.v20231009.jar:/home/runner/.m2/repository/org/eclipse/jetty/websocket/websocket-common/9.4.53.v20231009/websocket-common-9.4.53.v20231009.jar:/home/runner/.m2/repository/org/eclipse/jetty/websocket/websocket-api/9.4.53.v20231009/websocket-api-9.4.53.v20231009.jar:/home/runner/.m2/repository/org/apache/hadoop/hadoop-mapreduce-client-core/3.4.1/hadoop-mapreduce-client-core-3.4.1.jar:/home/runner/.m2/repository/org/apache/avro/avro/1.9.2/avro-1.9.2.jar:/home/runner/.m2/repository/org/apache/hadoop/hadoop-annotations/3.4.1/hadoop-annotations-3.4.1.jar:/home/runner/.m2/repository/io/netty/netty-all/4.1.109.Final/netty-all-4.1.109.Final.jar:/home/runner/.m2/repository/io/netty/netty-codec-dns/4.1.109.Final/netty-codec-dns-4.1.109.Final.jar:/home/runner/.m2/repository/io/netty/netty-codec-haproxy/4.1.109.Final/netty-codec-haproxy-4.1.109.Final.jar:/home/runner/.m2/repository/io/netty/netty-codec-memcache/4.1.109.Final/netty-codec-memcache-4.1.109.Final.jar:/home/runner/.m2/repository/io/netty/netty-codec-mqtt/4.1.109.Final/netty-codec-mqtt-4.1.109.Final.jar:/home/runner/.m2/repository/io/netty/netty-codec-redis/4.1.109.Final/netty-codec-redis-4.1.109.Final.jar:/home/runner/.m2/repository/io/netty/netty-codec-smtp/4.1.109.Final/netty-codec-smtp-4.1.109.Final.jar:/home/runner/.m2/repository/io/netty/netty-codec-stomp/4.1.109.Final/netty-codec-stomp-4.1.109.Final.jar:/home/runner/.m2/repository/io/netty/netty-codec-xml/4.1.109.Final/netty-codec-xml-4.1.109.Final.jar:/home/runner/.m2/repository/io/netty/netty-handler-ssl-ocsp/4.1.109.Final/netty-handler-ssl-ocsp-4.1.109.Final.jar:/home/runner/.m2/repository/io/netty/netty-resolver-dns/4.1.109.Final/netty-resolver-dns-4.1.109.Final.jar:/home/runner/.m2/repository/io/netty/netty-transport-rxtx/4.1.109.Final/netty-transport-rxtx-4.1.109.Final.jar:/home/runner/.m2/repository/io/netty/netty-transport-sctp/4.1.109.Final/netty-transport-sctp-4.1.109.Final.jar:/home/runner/.m2/repository/io/netty/netty-transport-udt/4.1.109.Final/netty-transport-udt-4.1.109.Final.jar:/home/runner/.m2/repository/io/netty/netty-transport-classes-kqueue/4.1.109.Final/netty-transport-classes-kqueue-4.1.109.Final.jar:/home/runner/.m2/repository/io/netty/netty-resolver-dns-classes-macos/4.1.109.Final/netty-resolver-dns-classes-macos-4.1.109.Final.jar:/home/runner/.m2/repository/io/netty/netty-transport-native-epoll/4.1.109.Final/netty-transport-native-epoll-4.1.109.Final-linux-aarch_64.jar:/home/runner/.m2/repository/io/netty/netty-transport-native-epoll/4.1.109.Final/netty-transport-native-epoll-4.1.109.Final-linux-riscv64.jar:/home/runner/.m2/repository/io/netty/netty-transport-native-kqueue/4.1.109.Final/netty-transport-native-kqueue-4.1.109.Final-osx-x86_64.jar:/home/runner/.m2/repository/io/netty/netty-transport-native-kqueue/4.1.109.Final/netty-transport-native-kqueue-4.1.109.Final-osx-aarch_64.jar:/home/runner/.m2/repository/io/netty/netty-resolver-dns-native-macos/4.1.109.Final/netty-resolver-dns-native-macos-4.1.109.Final-osx-x86_64.jar:/home/runner/.m2/repository/io/netty/netty-resolver-dns-native-macos/4.1.109.Final/netty-resolver-dns-native-macos-4.1.109.Final-osx-aarch_64.jar:/home/runner/.m2/repository/org/apache/hadoop/hadoop-distcp/3.4.1/hadoop-distcp-3.4.1-tests.jar:/home/runner/.m2/repository/org/apache/ratis/ratis-server/3.1.2/ratis-server-3.1.2.jar:/home/runner/.m2/repository/org/hamcrest/hamcrest/2.2/hamcrest-2.2.jar:/home/runner/.m2/repository/org/slf4j/jul-to-slf4j/2.0.16/jul-to-slf4j-2.0.16.jar:/home/runner/.m2/repository/org/assertj/assertj-core/3.27.0/assertj-core-3.27.0.jar:/home/runner/.m2/repository/net/bytebuddy/byte-buddy/1.15.11/byte-buddy-1.15.11.jar:/home/runner/work/ozone/ozone/hadoop-ozone/integration-test/target/gradle-enterprise/test-listeners.jar:"/>
    <property name="sun.cpu.endian" value="little"/>
    <property name="user.home" value="/home/runner"/>
    <property name="user.language" value="en"/>
    <property name="java.specification.vendor" value="Oracle Corporation"/>
    <property name="skipRecon" value="true"/>
    <property name="java.version.date" value="2024-10-15"/>
    <property name="java.home" value="/usr/lib/jvm/temurin-21-jdk-amd64"/>
    <property name="java.security.krb5.conf" value="/home/runner/work/ozone/ozone/hadoop-ozone/integration-test/target/test-classes/krb5.conf"/>
    <property name="file.separator" value="/"/>
    <property name="basedir" value="/home/runner/work/ozone/ozone/hadoop-ozone/integration-test"/>
    <property name="java.vm.compressedOopsMode" value="Zero based"/>
    <property name="line.separator" value="&#10;"/>
    <property name="java.vm.specification.vendor" value="Oracle Corporation"/>
    <property name="java.specification.name" value="Java Platform API Specification"/>
    <property name="surefire.real.class.path" value="/home/runner/work/ozone/ozone/hadoop-ozone/integration-test/target/surefire/surefirebooter13663928227333958877.jar"/>
    <property name="hadoop.log.dir" value="/home/runner/work/ozone/ozone/hadoop-ozone/integration-test/target/log"/>
    <property name="sun.management.compiler" value="HotSpot 64-Bit Tiered Compilers"/>
    <property name="skipShade" value="true"/>
    <property name="java.runtime.version" value="21.0.5+11-LTS"/>
    <property name="user.name" value="runner"/>
    <property name="java.net.preferIPv4Stack" value="true"/>
    <property name="stdout.encoding" value="UTF-8"/>
    <property name="path.separator" value=":"/>
    <property name="java.security.egd" value="file:///dev/urandom"/>
    <property name="os.version" value="5.15.0-1074-azure"/>
    <property name="java.runtime.name" value="OpenJDK Runtime Environment"/>
    <property name="com.gradle.maven.scan.extension.test.listener.junitplatform.NestedExecutionSafeDelegatingTestExecutionListener" value="1fc32e4f"/>
    <property name="file.encoding" value="UTF-8"/>
    <property name="java.vm.name" value="OpenJDK 64-Bit Server VM"/>
    <property name="java.vendor.version" value="Temurin-21.0.5+11"/>
    <property name="test.build.webapps" value=""/>
    <property name="develocity.listener.surefire.forkId" value="1"/>
    <property name="localRepository" value="/home/runner/.m2/repository"/>
    <property name="java.vendor.url.bug" value="https://github.com/adoptium/adoptium-support/issues"/>
    <property name="jetty.git.hash" value="ec6782ff5ead824dabdcf47fa98f90a4aedff401"/>
    <property name="java.io.tmpdir" value="/tmp"/>
    <property name="require.test.libhadoop" value=""/>
    <property name="java.version" value="21.0.5"/>
    <property name="user.dir" value="/home/runner/work/ozone/ozone/hadoop-ozone/integration-test"/>
    <property name="os.arch" value="amd64"/>
    <property name="java.vm.specification.name" value="Java Virtual Machine Specification"/>
    <property name="test.build.classes" value="/home/runner/work/ozone/ozone/hadoop-ozone/integration-test/target/test-classes"/>
    <property name="org.apache.ratis.thirdparty.io.netty.allocator.useCacheForAllThreads" value="false"/>
    <property name="native.encoding" value="UTF-8"/>
    <property name="hadoop.tmp.dir" value="/home/runner/work/ozone/ozone/hadoop-ozone/integration-test/target/tmp"/>
    <property name="java.library.path" value="/usr/java/packages/lib:/usr/lib64:/lib64:/lib:/usr/lib"/>
    <property name="java.vm.info" value="mixed mode, sharing"/>
    <property name="stderr.encoding" value="UTF-8"/>
    <property name="java.vendor" value="Eclipse Adoptium"/>
    <property name="java.vm.version" value="21.0.5+11-LTS"/>
    <property name="sun.io.unicode.encoding" value="UnicodeLittle"/>
    <property name="develocity.listener.port" value="34021"/>
    <property name="java.class.version" value="65.0"/>
  </properties>
  <testcase name="testBootstrapWithoutConfigUpdate" classname="org.apache.hadoop.ozone.om.TestAddRemoveOzoneManager" time="43.233"/>
  <testcase name="testBootstrap" classname="org.apache.hadoop.ozone.om.TestAddRemoveOzoneManager" time="49.257"/>
  <testcase name="testDecommission" classname="org.apache.hadoop.ozone.om.TestAddRemoveOzoneManager" time="34.996">
    <error type="java.io.IOException"><![CDATA[java.io.IOException: Failed to Decommission OM. Error: Request to decommissionomNode-3[localhost:0], sent to OM [omNode-1[localhost:15114]] failed with error: Failed to set configuration: request SetConfigurationRequest:client-CDA0041B70E5->omNode-1@group-0AAC5367B30E, cid=4, seq=null, RW, null, SET_UNCONDITIONALLY, servers:[omNode-1|localhost:15117, omNode-2|localhost:15121], listeners:[] changes a majority set of the current configuration conf: {index: 11, cur=peers:[omNode-3|localhost:15125, omNode-1|localhost:15117]|listeners:[], old=null}
	at org.apache.hadoop.ozone.om.protocolPB.OMAdminProtocolClientSideImpl.throwException(OMAdminProtocolClientSideImpl.java:217)
	at org.apache.hadoop.ozone.om.protocolPB.OMAdminProtocolClientSideImpl.decommission(OMAdminProtocolClientSideImpl.java:209)
	at org.apache.hadoop.ozone.om.TestAddRemoveOzoneManager.decommissionOM(TestAddRemoveOzoneManager.java:411)
	at org.apache.hadoop.ozone.om.TestAddRemoveOzoneManager.testDecommission(TestAddRemoveOzoneManager.java:373)
	at java.base/java.lang.reflect.Method.invoke(Method.java:580)
	at java.base/java.util.ArrayList.forEach(ArrayList.java:1596)
	at java.base/java.util.ArrayList.forEach(ArrayList.java:1596)
]]></error>
    <system-out><![CDATA[2025-01-03 11:06:16,724 [main] WARN  server.ServerUtils (ServerUtils.java:getScmDbDir(143)) - ozone.scm.db.dirs is not configured. We recommend adding this setting. Falling back to ozone.metadata.dirs instead.
2025-01-03 11:06:16,725 [main] INFO  ha.SCMHANodeDetails (SCMHANodeDetails.java:loadSCMHAConfig(207)) - ServiceID for StorageContainerManager is scmServiceId
2025-01-03 11:06:16,725 [main] INFO  ha.SCMHANodeDetails (SCMHANodeDetails.java:loadSCMHAConfig(218)) - ServiceID for StorageContainerManager is scmServiceId
2025-01-03 11:06:16,725 [main] INFO  ha.SCMHANodeDetails (SCMHANodeDetails.java:loadSCMHAConfig(305)) - Found matching SCM address with SCMServiceId: scmServiceId, SCMNodeId: scmNode-1, RPC Address: localhost:15105 and Ratis port: 15105
2025-01-03 11:06:16,725 [main] INFO  ha.SCMHANodeDetails (ConfUtils.java:setNodeSpecificConfigs(97)) - Setting configuration key ozone.scm.datanode.address with value of key ozone.scm.datanode.address.scmServiceId.scmNode-1: 127.0.0.1:15106
2025-01-03 11:06:16,725 [main] INFO  ha.SCMHANodeDetails (ConfUtils.java:setNodeSpecificConfigs(97)) - Setting configuration key ozone.scm.block.client.address with value of key ozone.scm.block.client.address.scmServiceId.scmNode-1: 127.0.0.1:15109
2025-01-03 11:06:16,725 [main] INFO  ha.SCMHANodeDetails (ConfUtils.java:setNodeSpecificConfigs(97)) - Setting configuration key ozone.scm.client.address with value of key ozone.scm.client.address.scmServiceId.scmNode-1: 127.0.0.1:15107
2025-01-03 11:06:16,725 [main] INFO  ha.SCMHANodeDetails (ConfUtils.java:setNodeSpecificConfigs(97)) - Setting configuration key ozone.scm.security.service.address with value of key ozone.scm.security.service.address.scmServiceId.scmNode-1: 127.0.0.1:15104
2025-01-03 11:06:16,725 [main] INFO  ha.SCMHANodeDetails (ConfUtils.java:setNodeSpecificConfigs(97)) - Setting configuration key ozone.scm.ratis.port with value of key ozone.scm.ratis.port.scmServiceId.scmNode-1: 15105
2025-01-03 11:06:16,725 [main] INFO  ha.SCMHANodeDetails (ConfUtils.java:setNodeSpecificConfigs(97)) - Setting configuration key ozone.scm.grpc.port with value of key ozone.scm.grpc.port.scmServiceId.scmNode-1: 15108
2025-01-03 11:06:16,725 [main] INFO  ha.SCMHANodeDetails (ConfUtils.java:setNodeSpecificConfigs(97)) - Setting configuration key ozone.scm.http-address with value of key ozone.scm.http-address.scmServiceId.scmNode-1: 127.0.0.1:15102
2025-01-03 11:06:16,726 [main] INFO  ha.SCMHANodeDetails (ConfUtils.java:setNodeSpecificConfigs(97)) - Setting configuration key ozone.scm.https-address with value of key ozone.scm.https-address.scmServiceId.scmNode-1: 127.0.0.1:15103
2025-01-03 11:06:16,726 [main] INFO  ha.SCMHANodeDetails (ConfUtils.java:setNodeSpecificConfigs(97)) - Setting configuration key ozone.scm.address with value of key ozone.scm.address.scmServiceId.scmNode-1: 127.0.0.1
2025-01-03 11:06:16,726 [main] WARN  scm.ScmUtils (ScmUtils.java:logWarn(165)) - ConfigKey ozone.scm.block.client.address is deprecated, For configuring different ports for each SCM use PortConfigKey ozone.scm.block.client.port appended with serviceId and nodeId. If want to configure same port configure ozone.scm.block.client.port
2025-01-03 11:06:16,726 [main] WARN  scm.ScmUtils (ScmUtils.java:logWarn(165)) - ConfigKey ozone.scm.client.address is deprecated, For configuring different ports for each SCM use PortConfigKey ozone.scm.client.port appended with serviceId and nodeId. If want to configure same port configure ozone.scm.client.port
2025-01-03 11:06:16,726 [main] WARN  scm.ScmUtils (ScmUtils.java:logWarn(165)) - ConfigKey ozone.scm.datanode.address is deprecated, For configuring different ports for each SCM use PortConfigKey ozone.scm.datanode.port appended with serviceId and nodeId. If want to configure same port configure ozone.scm.datanode.port
2025-01-03 11:06:16,730 [main] INFO  server.RaftServerConfigKeys (ConfUtils.java:logGet(46)) - raft.server.log.appender.buffer.byte-limit = 4194304 (custom)
2025-01-03 11:06:16,730 [main] INFO  server.RaftServer (ConfUtils.java:logGet(46)) - raft.rpc.type = GRPC (default)
2025-01-03 11:06:16,730 [main] INFO  grpc.GrpcConfigKeys (ConfUtils.java:logFallback(53)) - raft.grpc.admin.host = null (fallback to raft.grpc.server.host)
2025-01-03 11:06:16,730 [main] INFO  grpc.GrpcConfigKeys (ConfUtils.java:logFallback(53)) - raft.grpc.admin.port = 15105 (fallback to raft.grpc.server.port)
2025-01-03 11:06:16,731 [main] INFO  grpc.GrpcConfigKeys (ConfUtils.java:logFallback(53)) - raft.grpc.client.host = null (fallback to raft.grpc.server.host)
2025-01-03 11:06:16,731 [main] INFO  grpc.GrpcConfigKeys (ConfUtils.java:logFallback(53)) - raft.grpc.client.port = 15105 (fallback to raft.grpc.server.port)
2025-01-03 11:06:16,731 [main] INFO  grpc.GrpcConfigKeys (ConfUtils.java:logGet(46)) - raft.grpc.server.host = null (default)
2025-01-03 11:06:16,731 [main] INFO  grpc.GrpcConfigKeys (ConfUtils.java:logGet(46)) - raft.grpc.server.port = 15105 (custom)
2025-01-03 11:06:16,731 [main] INFO  server.GrpcService (ConfUtils.java:logGet(46)) - raft.grpc.message.size.max = 5242880 (custom)
2025-01-03 11:06:16,731 [main] INFO  server.GrpcService (ConfUtils.java:logGet(46)) - raft.grpc.flow.control.window = 1MB (=1048576) (default)
2025-01-03 11:06:16,731 [main] INFO  server.RaftServerConfigKeys (ConfUtils.java:logGet(46)) - raft.server.rpc.request.timeout = 30000ms (custom)
2025-01-03 11:06:16,731 [main] INFO  grpc.GrpcConfigKeys (ConfUtils.java:logGet(46)) - raft.grpc.server.heartbeat.channel = true (default)
2025-01-03 11:06:16,731 [main] INFO  server.RaftServerConfigKeys (ConfUtils.java:logGet(46)) - raft.server.log.appender.buffer.byte-limit = 4194304 (custom)
2025-01-03 11:06:16,731 [main] INFO  grpc.GrpcConfigKeys (ConfUtils.java:logGet(46)) - raft.grpc.server.async.request.thread.pool.cached = true (default)
2025-01-03 11:06:16,731 [main] INFO  grpc.GrpcConfigKeys (ConfUtils.java:logGet(46)) - raft.grpc.server.async.request.thread.pool.size = 32 (default)
2025-01-03 11:06:16,732 [main] INFO  impl.DataStreamServerImpl (ConfUtils.java:logGet(46)) - raft.datastream.type = DISABLED (default)
2025-01-03 11:06:16,732 [main] INFO  server.RaftServerConfigKeys (ConfUtils.java:logGet(46)) - raft.server.sleep.deviation.threshold = 300ms (default)
2025-01-03 11:06:16,733 [main] INFO  server.RaftServerConfigKeys (ConfUtils.java:logGet(46)) - raft.server.close.threshold = 60s (default)
2025-01-03 11:06:16,733 [main] INFO  server.RaftServerConfigKeys (ConfUtils.java:logGet(46)) - raft.server.leaderelection.leader.step-down.wait-time = 10s (default)
2025-01-03 11:06:16,733 [main] INFO  server.RaftServerConfigKeys (ConfUtils.java:logGet(46)) - raft.server.storage.dir = [/home/runner/work/ozone/ozone/hadoop-ozone/integration-test/target/test-dir/MiniOzoneClusterImpl-3f159d52-719f-49ad-b6d4-3e7f01cb1845/scmNode-1/scm-ha] (custom)
2025-01-03 11:06:16,733 [main] INFO  server.RaftServerConfigKeys (ConfUtils.java:logGet(46)) - raft.server.threadpool.proxy.cached = true (default)
2025-01-03 11:06:16,733 [main] INFO  server.RaftServerConfigKeys (ConfUtils.java:logGet(46)) - raft.server.threadpool.proxy.size = 0 (default)
2025-01-03 11:06:16,733 [main] INFO  server.RaftServer (RaftServerProxy.java:addNew(100)) - c4ddaf89-5638-4166-93d2-d351e01626c9: addNew group-3E7F01CB1845:[c4ddaf89-5638-4166-93d2-d351e01626c9|localhost:15105] returns group-3E7F01CB1845:java.util.concurrent.CompletableFuture@3cd45cb8[Not completed]
2025-01-03 11:06:16,734 [c4ddaf89-5638-4166-93d2-d351e01626c9-groupManagement] INFO  server.RaftServer$Division (RaftServerImpl.java:<init>(255)) - c4ddaf89-5638-4166-93d2-d351e01626c9: new RaftServerImpl for group-3E7F01CB1845:[c4ddaf89-5638-4166-93d2-d351e01626c9|localhost:15105] with SCMStateMachine:uninitialized
2025-01-03 11:06:16,734 [c4ddaf89-5638-4166-93d2-d351e01626c9-groupManagement] INFO  server.RaftServerConfigKeys (ConfUtils.java:logGet(46)) - raft.server.rpc.timeout.min = 5000ms (custom)
2025-01-03 11:06:16,734 [c4ddaf89-5638-4166-93d2-d351e01626c9-groupManagement] INFO  server.RaftServerConfigKeys (ConfUtils.java:logGet(46)) - raft.server.rpc.timeout.max = 5200ms (custom)
2025-01-03 11:06:16,734 [c4ddaf89-5638-4166-93d2-d351e01626c9-groupManagement] INFO  server.RaftServerConfigKeys (ConfUtils.java:logGet(46)) - raft.server.rpc.sleep.time = 25ms (default)
2025-01-03 11:06:16,734 [c4ddaf89-5638-4166-93d2-d351e01626c9-groupManagement] INFO  server.RaftServerConfigKeys (ConfUtils.java:logGet(46)) - raft.server.rpc.slowness.timeout = 120000ms (custom)
2025-01-03 11:06:16,734 [c4ddaf89-5638-4166-93d2-d351e01626c9-groupManagement] INFO  server.RaftServerConfigKeys (ConfUtils.java:logGet(46)) - raft.server.leaderelection.leader.step-down.wait-time = 10s (default)
2025-01-03 11:06:16,734 [c4ddaf89-5638-4166-93d2-d351e01626c9-groupManagement] INFO  server.RaftServerConfigKeys (ConfUtils.java:logGet(46)) - raft.server.leaderelection.member.majority-add = false (default)
2025-01-03 11:06:16,734 [c4ddaf89-5638-4166-93d2-d351e01626c9-groupManagement] INFO  server.RaftServerConfigKeys (ConfUtils.java:logGet(46)) - raft.server.sleep.deviation.threshold = 300ms (default)
2025-01-03 11:06:16,734 [c4ddaf89-5638-4166-93d2-d351e01626c9-groupManagement] INFO  server.RaftServer$Division (ServerState.java:<init>(114)) - c4ddaf89-5638-4166-93d2-d351e01626c9@group-3E7F01CB1845: ConfigurationManager, init=conf: {index: -1, cur=peers:[c4ddaf89-5638-4166-93d2-d351e01626c9|localhost:15105]|listeners:[], old=null}, confs=<EMPTY_MAP>
2025-01-03 11:06:16,734 [c4ddaf89-5638-4166-93d2-d351e01626c9-groupManagement] INFO  server.RaftServerConfigKeys (ConfUtils.java:logGet(46)) - raft.server.notification.no-leader.timeout = 60s (default)
2025-01-03 11:06:16,734 [c4ddaf89-5638-4166-93d2-d351e01626c9-groupManagement] INFO  server.RaftServerConfigKeys (ConfUtils.java:logGet(46)) - raft.server.read.timeout = 10s (default)
2025-01-03 11:06:16,734 [c4ddaf89-5638-4166-93d2-d351e01626c9-groupManagement] INFO  server.RaftServerConfigKeys (ConfUtils.java:logGet(46)) - raft.server.retrycache.expirytime = 60000ms (default)
2025-01-03 11:06:16,734 [c4ddaf89-5638-4166-93d2-d351e01626c9-groupManagement] INFO  server.RaftServerConfigKeys (ConfUtils.java:logGet(46)) - raft.server.retrycache.statistics.expirytime = 100ms (default)
2025-01-03 11:06:16,734 [c4ddaf89-5638-4166-93d2-d351e01626c9-groupManagement] INFO  server.RaftServerConfigKeys (ConfUtils.java:logGet(46)) - raft.server.read.option = DEFAULT (default)
2025-01-03 11:06:16,735 [c4ddaf89-5638-4166-93d2-d351e01626c9-groupManagement] INFO  server.RaftServerConfigKeys (ConfUtils.java:logGet(46)) - raft.server.read.read-after-write-consistent.write-index-cache.expiry-time = 60s (default)
2025-01-03 11:06:16,735 [c4ddaf89-5638-4166-93d2-d351e01626c9-groupManagement] INFO  server.RaftServerConfigKeys (ConfUtils.java:logGet(46)) - raft.server.rpc.request.timeout = 30000ms (custom)
2025-01-03 11:06:16,735 [c4ddaf89-5638-4166-93d2-d351e01626c9-groupManagement] INFO  server.RaftServerConfigKeys (ConfUtils.java:logGet(46)) - raft.server.log.appender.install.snapshot.enabled = false (custom)
2025-01-03 11:06:16,735 [c4ddaf89-5638-4166-93d2-d351e01626c9-groupManagement] INFO  server.RaftServerConfigKeys (ConfUtils.java:logGet(46)) - raft.server.threadpool.server.cached = true (default)
2025-01-03 11:06:16,735 [c4ddaf89-5638-4166-93d2-d351e01626c9-groupManagement] INFO  server.RaftServerConfigKeys (ConfUtils.java:logGet(46)) - raft.server.threadpool.server.size = 0 (default)
2025-01-03 11:06:16,735 [c4ddaf89-5638-4166-93d2-d351e01626c9-groupManagement] INFO  server.RaftServerConfigKeys (ConfUtils.java:logGet(46)) - raft.server.threadpool.client.cached = true (default)
2025-01-03 11:06:16,735 [c4ddaf89-5638-4166-93d2-d351e01626c9-groupManagement] INFO  server.RaftServerConfigKeys (ConfUtils.java:logGet(46)) - raft.server.threadpool.client.size = 0 (default)
2025-01-03 11:06:16,735 [c4ddaf89-5638-4166-93d2-d351e01626c9-impl-thread1] INFO  server.RaftServerConfigKeys (ConfUtils.java:logGet(46)) - raft.server.storage.free-space.min = 0MB (=0) (default)
2025-01-03 11:06:16,736 [c4ddaf89-5638-4166-93d2-d351e01626c9-impl-thread1] INFO  server.RaftServerConfigKeys (ConfUtils.java:logGet(46)) - raft.server.log.corruption.policy = EXCEPTION (default)
2025-01-03 11:06:16,736 [c4ddaf89-5638-4166-93d2-d351e01626c9-impl-thread1] INFO  server.RaftServerConfigKeys (ConfUtils.java:logGet(46)) - raft.server.storage.dir = [/home/runner/work/ozone/ozone/hadoop-ozone/integration-test/target/test-dir/MiniOzoneClusterImpl-3f159d52-719f-49ad-b6d4-3e7f01cb1845/scmNode-1/scm-ha] (custom)
2025-01-03 11:06:16,736 [c4ddaf89-5638-4166-93d2-d351e01626c9-impl-thread1] INFO  storage.RaftStorageDirectory (RaftStorageDirectoryImpl.java:analyzeStorage(138)) - The storage directory /home/runner/work/ozone/ozone/hadoop-ozone/integration-test/target/test-dir/MiniOzoneClusterImpl-3f159d52-719f-49ad-b6d4-3e7f01cb1845/scmNode-1/scm-ha/3f159d52-719f-49ad-b6d4-3e7f01cb1845 does not exist. Creating ...
2025-01-03 11:06:16,739 [c4ddaf89-5638-4166-93d2-d351e01626c9-impl-thread1] INFO  storage.RaftStorageDirectory (RaftStorageDirectoryImpl.java:tryLock(229)) - Lock on /home/runner/work/ozone/ozone/hadoop-ozone/integration-test/target/test-dir/MiniOzoneClusterImpl-3f159d52-719f-49ad-b6d4-3e7f01cb1845/scmNode-1/scm-ha/3f159d52-719f-49ad-b6d4-3e7f01cb1845/in_use.lock acquired by nodename 70552@fv-az1204-267
2025-01-03 11:06:16,741 [c4ddaf89-5638-4166-93d2-d351e01626c9-impl-thread1] INFO  storage.RaftStorage (RaftStorageImpl.java:format(98)) - Storage directory /home/runner/work/ozone/ozone/hadoop-ozone/integration-test/target/test-dir/MiniOzoneClusterImpl-3f159d52-719f-49ad-b6d4-3e7f01cb1845/scmNode-1/scm-ha/3f159d52-719f-49ad-b6d4-3e7f01cb1845 has been successfully formatted.
2025-01-03 11:06:16,742 [c4ddaf89-5638-4166-93d2-d351e01626c9-impl-thread1] INFO  ha.SCMStateMachine (SCMStateMachine.java:lambda$initialize$0(140)) - c4ddaf89-5638-4166-93d2-d351e01626c9: initialize group-3E7F01CB1845
2025-01-03 11:06:16,742 [c4ddaf89-5638-4166-93d2-d351e01626c9-impl-thread1] INFO  server.RaftServerConfigKeys (ConfUtils.java:logGet(46)) - raft.server.log.use.memory = false (default)
2025-01-03 11:06:16,742 [c4ddaf89-5638-4166-93d2-d351e01626c9-impl-thread1] INFO  server.RaftServerConfigKeys (ConfUtils.java:logGet(46)) - raft.server.log.purge.gap = 1000000 (custom)
2025-01-03 11:06:16,742 [c4ddaf89-5638-4166-93d2-d351e01626c9-impl-thread1] INFO  server.RaftServerConfigKeys (ConfUtils.java:logGet(46)) - raft.server.log.appender.buffer.byte-limit = 4194304 (custom)
2025-01-03 11:06:16,742 [c4ddaf89-5638-4166-93d2-d351e01626c9-impl-thread1] INFO  server.RaftServerConfigKeys (ConfUtils.java:logGet(46)) - raft.server.log.statemachine.data.read.timeout = 1000ms (default)
2025-01-03 11:06:16,742 [c4ddaf89-5638-4166-93d2-d351e01626c9-impl-thread1] INFO  server.RaftServerConfigKeys (ConfUtils.java:logGet(46)) - raft.server.log.purge.preservation.log.num = 0 (default)
2025-01-03 11:06:16,742 [c4ddaf89-5638-4166-93d2-d351e01626c9-impl-thread1] INFO  server.RaftServerConfigKeys (ConfUtils.java:logGet(46)) - raft.server.log.segment.size.max = 4194304 (custom)
2025-01-03 11:06:16,742 [c4ddaf89-5638-4166-93d2-d351e01626c9-impl-thread1] INFO  server.RaftServerConfigKeys (ConfUtils.java:logGet(46)) - raft.server.log.segment.cache.num.max = 2 (custom)
2025-01-03 11:06:16,742 [c4ddaf89-5638-4166-93d2-d351e01626c9-impl-thread1] INFO  server.RaftServerConfigKeys (ConfUtils.java:logGet(46)) - raft.server.log.segment.cache.size.max = 200MB (=209715200) (default)
2025-01-03 11:06:16,742 [c4ddaf89-5638-4166-93d2-d351e01626c9-impl-thread1] INFO  server.RaftServerConfigKeys (ConfUtils.java:logGet(46)) - raft.server.log.appender.buffer.byte-limit = 4194304 (custom)
2025-01-03 11:06:16,742 [c4ddaf89-5638-4166-93d2-d351e01626c9-impl-thread1] INFO  util.AwaitToRun (AwaitToRun.java:start(81)) - Thread[#2735,c4ddaf89-5638-4166-93d2-d351e01626c9@group-3E7F01CB1845-cacheEviction-AwaitToRun,5,main] started
2025-01-03 11:06:16,742 [c4ddaf89-5638-4166-93d2-d351e01626c9-impl-thread1] INFO  segmented.SegmentedRaftLogWorker (SegmentedRaftLogWorker.java:<init>(188)) - new c4ddaf89-5638-4166-93d2-d351e01626c9@group-3E7F01CB1845-SegmentedRaftLogWorker for RaftStorageImpl:Storage Directory /home/runner/work/ozone/ozone/hadoop-ozone/integration-test/target/test-dir/MiniOzoneClusterImpl-3f159d52-719f-49ad-b6d4-3e7f01cb1845/scmNode-1/scm-ha/3f159d52-719f-49ad-b6d4-3e7f01cb1845
2025-01-03 11:06:16,742 [c4ddaf89-5638-4166-93d2-d351e01626c9-impl-thread1] INFO  server.RaftServerConfigKeys (ConfUtils.java:logGet(46)) - raft.server.log.queue.byte-limit = 64MB (=67108864) (default)
2025-01-03 11:06:16,743 [c4ddaf89-5638-4166-93d2-d351e01626c9-impl-thread1] INFO  server.RaftServerConfigKeys (ConfUtils.java:logGet(46)) - raft.server.log.queue.element-limit = 4096 (default)
2025-01-03 11:06:16,743 [c4ddaf89-5638-4166-93d2-d351e01626c9-impl-thread1] INFO  server.RaftServerConfigKeys (ConfUtils.java:logGet(46)) - raft.server.log.segment.size.max = 4194304 (custom)
2025-01-03 11:06:16,743 [c4ddaf89-5638-4166-93d2-d351e01626c9-impl-thread1] INFO  server.RaftServerConfigKeys (ConfUtils.java:logGet(46)) - raft.server.log.preallocated.size = 4194304 (custom)
2025-01-03 11:06:16,743 [c4ddaf89-5638-4166-93d2-d351e01626c9-impl-thread1] INFO  server.RaftServerConfigKeys (ConfUtils.java:logGet(46)) - raft.server.log.force.sync.num = 128 (default)
2025-01-03 11:06:16,743 [c4ddaf89-5638-4166-93d2-d351e01626c9-impl-thread1] INFO  server.RaftServerConfigKeys (ConfUtils.java:logGet(46)) - raft.server.log.statemachine.data.sync = true (default)
2025-01-03 11:06:16,743 [c4ddaf89-5638-4166-93d2-d351e01626c9-impl-thread1] INFO  server.RaftServerConfigKeys (ConfUtils.java:logGet(46)) - raft.server.log.statemachine.data.sync.timeout = 10s (default)
2025-01-03 11:06:16,743 [c4ddaf89-5638-4166-93d2-d351e01626c9-impl-thread1] INFO  server.RaftServerConfigKeys (ConfUtils.java:logGet(46)) - raft.server.log.statemachine.data.sync.timeout.retry = -1 (default)
2025-01-03 11:06:16,743 [c4ddaf89-5638-4166-93d2-d351e01626c9-impl-thread1] INFO  server.RaftServerConfigKeys (ConfUtils.java:logGet(46)) - raft.server.log.write.buffer.size = 4194312 (custom)
2025-01-03 11:06:16,743 [c4ddaf89-5638-4166-93d2-d351e01626c9-impl-thread1] INFO  server.RaftServerConfigKeys (ConfUtils.java:logGet(46)) - raft.server.log.appender.buffer.byte-limit = 4194304 (custom)
2025-01-03 11:06:16,743 [c4ddaf89-5638-4166-93d2-d351e01626c9-impl-thread1] INFO  server.RaftServerConfigKeys (ConfUtils.java:logGet(46)) - raft.server.log.unsafe-flush.enabled = false (default)
2025-01-03 11:06:16,743 [c4ddaf89-5638-4166-93d2-d351e01626c9-impl-thread1] INFO  server.RaftServerConfigKeys (ConfUtils.java:logGet(46)) - raft.server.log.async-flush.enabled = false (default)
2025-01-03 11:06:16,743 [c4ddaf89-5638-4166-93d2-d351e01626c9-impl-thread1] INFO  server.RaftServerConfigKeys (ConfUtils.java:logGet(46)) - raft.server.log.statemachine.data.caching.enabled = false (default)
2025-01-03 11:06:16,743 [c4ddaf89-5638-4166-93d2-d351e01626c9-impl-thread1] INFO  segmented.SegmentedRaftLogWorker (SegmentedRaftLogWorker.java:lambda$new$0(139)) - c4ddaf89-5638-4166-93d2-d351e01626c9@group-3E7F01CB1845-SegmentedRaftLogWorker: flushIndex: setUnconditionally 0 -> -1
2025-01-03 11:06:16,743 [c4ddaf89-5638-4166-93d2-d351e01626c9-impl-thread1] INFO  segmented.SegmentedRaftLogWorker (SegmentedRaftLogWorker.java:lambda$new$0(139)) - c4ddaf89-5638-4166-93d2-d351e01626c9@group-3E7F01CB1845-SegmentedRaftLogWorker: safeCacheEvictIndex: setUnconditionally 0 -> -1
2025-01-03 11:06:16,744 [c4ddaf89-5638-4166-93d2-d351e01626c9-impl-thread1] INFO  server.RaftServer$Division (RaftServerImpl.java:start(391)) - c4ddaf89-5638-4166-93d2-d351e01626c9@group-3E7F01CB1845: start as a follower, conf=conf: {index: -1, cur=peers:[c4ddaf89-5638-4166-93d2-d351e01626c9|localhost:15105]|listeners:[], old=null}
2025-01-03 11:06:16,744 [c4ddaf89-5638-4166-93d2-d351e01626c9-impl-thread1] INFO  server.RaftServer$Division (RaftServerImpl.java:setRole(378)) - c4ddaf89-5638-4166-93d2-d351e01626c9@group-3E7F01CB1845: changes role from      null to FOLLOWER at term 0 for startAsFollower
2025-01-03 11:06:16,744 [c4ddaf89-5638-4166-93d2-d351e01626c9-impl-thread1] INFO  impl.RoleInfo (RoleInfo.java:updateAndGet(148)) - c4ddaf89-5638-4166-93d2-d351e01626c9: start c4ddaf89-5638-4166-93d2-d351e01626c9@group-3E7F01CB1845-FollowerState
2025-01-03 11:06:16,744 [c4ddaf89-5638-4166-93d2-d351e01626c9@group-3E7F01CB1845-FollowerState] INFO  server.RaftServerConfigKeys (ConfUtils.java:logFallback(53)) - raft.server.rpc.first-election.timeout.min = 5000ms (fallback to raft.server.rpc.timeout.min)
2025-01-03 11:06:16,744 [c4ddaf89-5638-4166-93d2-d351e01626c9-impl-thread1] INFO  util.JmxRegister (JmxRegister.java:tryRegister(44)) - Successfully registered JMX Bean with object name Ratis:service=RaftServer,group=group-3E7F01CB1845,id=c4ddaf89-5638-4166-93d2-d351e01626c9
2025-01-03 11:06:16,744 [c4ddaf89-5638-4166-93d2-d351e01626c9-impl-thread1] INFO  util.JmxRegister (JmxRegister.java:register(58)) - register mxBean class org.apache.ratis.server.impl.RaftServerJmxAdapter as Ratis:service=RaftServer,group=group-3E7F01CB1845,id=c4ddaf89-5638-4166-93d2-d351e01626c9
2025-01-03 11:06:16,744 [c4ddaf89-5638-4166-93d2-d351e01626c9-impl-thread1] INFO  server.RaftServerConfigKeys (ConfUtils.java:logGet(46)) - raft.server.snapshot.trigger-when-stop.enabled = true (default)
2025-01-03 11:06:16,744 [c4ddaf89-5638-4166-93d2-d351e01626c9-impl-thread1] INFO  server.RaftServerConfigKeys (ConfUtils.java:logGet(46)) - raft.server.snapshot.trigger-when-remove.enabled = true (default)
2025-01-03 11:06:16,744 [c4ddaf89-5638-4166-93d2-d351e01626c9-impl-thread1] INFO  server.RaftServerConfigKeys (ConfUtils.java:logGet(46)) - raft.server.snapshot.auto.trigger.enabled = true (custom)
2025-01-03 11:06:16,744 [c4ddaf89-5638-4166-93d2-d351e01626c9-impl-thread1] INFO  server.RaftServerConfigKeys (ConfUtils.java:logGet(46)) - raft.server.snapshot.auto.trigger.threshold = 1000 (custom)
2025-01-03 11:06:16,744 [c4ddaf89-5638-4166-93d2-d351e01626c9-impl-thread1] INFO  server.RaftServerConfigKeys (ConfUtils.java:logGet(46)) - raft.server.snapshot.retention.file.num = -1 (default)
2025-01-03 11:06:16,744 [c4ddaf89-5638-4166-93d2-d351e01626c9-impl-thread1] INFO  server.RaftServerConfigKeys (ConfUtils.java:logGet(46)) - raft.server.log.purge.upto.snapshot.index = false (default)
2025-01-03 11:06:16,745 [c4ddaf89-5638-4166-93d2-d351e01626c9@group-3E7F01CB1845-FollowerState] INFO  server.RaftServerConfigKeys (ConfUtils.java:logFallback(53)) - raft.server.rpc.first-election.timeout.max = 5200ms (fallback to raft.server.rpc.timeout.max)
2025-01-03 11:06:16,745 [c4ddaf89-5638-4166-93d2-d351e01626c9-impl-thread1] INFO  server.RaftServer$Division (RaftServerImpl.java:start(405)) - c4ddaf89-5638-4166-93d2-d351e01626c9@group-3E7F01CB1845: Successfully started.
2025-01-03 11:06:16,745 [main] INFO  server.RaftServer (RaftServerProxy.java:startImpl(407)) - c4ddaf89-5638-4166-93d2-d351e01626c9: start RPC server
2025-01-03 11:06:16,746 [main] INFO  server.GrpcService (GrpcService.java:startImpl(334)) - c4ddaf89-5638-4166-93d2-d351e01626c9: GrpcService started, listening on 15105
2025-01-03 11:06:16,746 [JvmPauseMonitor15] INFO  util.JvmPauseMonitor (JvmPauseMonitor.java:run(146)) - JvmPauseMonitor-c4ddaf89-5638-4166-93d2-d351e01626c9: Started
2025-01-03 11:06:17,686 [92e9e395-ad5a-4c2b-9454-a52a5e78cd43-EndpointStateMachineTaskThread-/127.0.0.1:15055-0 ] INFO  ipc.Client (Client.java:handleConnectionFailure(966)) - Retrying connect to server: localhost/127.0.0.1:15055. Already tried 4 time(s); retry policy is RetryUpToMaximumCountWithFixedSleep(maxRetries=15, sleepTime=1000 MILLISECONDS)
2025-01-03 11:06:18,398 [timer3] WARN  server.GrpcLogAppender (GrpcLogAppender.java:lambda$resetClient$1(221)) - 92e9e395-ad5a-4c2b-9454-a52a5e78cd43@group-26B66B3983B6->416550c4-200a-448b-b4dd-707e9205293e-GrpcLogAppender: Follower failed (request=null, errorCount=2); keep nextIndex (1) unchanged and retry. (Repeated 2 times in the last 5.001s)
2025-01-03 11:06:18,398 [timer2] WARN  server.GrpcLogAppender (LogUtils.java:warn(121)) - 92e9e395-ad5a-4c2b-9454-a52a5e78cd43@group-26B66B3983B6->416550c4-200a-448b-b4dd-707e9205293e-AppendLogResponseHandler: Failed appendEntries (Repeated 2 times in the last 5.001s): org.apache.ratis.thirdparty.io.grpc.StatusRuntimeException: CANCELLED: RST_STREAM closed stream. HTTP/2 error code: CANCEL
2025-01-03 11:06:18,407 [timer5] WARN  server.GrpcLogAppender (GrpcLogAppender.java:lambda$resetClient$1(221)) - 92e9e395-ad5a-4c2b-9454-a52a5e78cd43@group-26B66B3983B6->4795735e-5e3d-4843-a989-6dfe8a4a6672-GrpcLogAppender: Follower failed (request=null, errorCount=2); keep nextIndex (1) unchanged and retry. (Repeated 2 times in the last 5.000s)
2025-01-03 11:06:18,407 [timer4] WARN  server.GrpcLogAppender (LogUtils.java:warn(121)) - 92e9e395-ad5a-4c2b-9454-a52a5e78cd43@group-26B66B3983B6->4795735e-5e3d-4843-a989-6dfe8a4a6672-AppendLogResponseHandler: Failed appendEntries (Repeated 2 times in the last 5.000s): org.apache.ratis.thirdparty.io.grpc.StatusRuntimeException: CANCELLED: RST_STREAM closed stream. HTTP/2 error code: CANCEL
2025-01-03 11:06:18,686 [92e9e395-ad5a-4c2b-9454-a52a5e78cd43-EndpointStateMachineTaskThread-/127.0.0.1:15055-0 ] INFO  ipc.Client (Client.java:handleConnectionFailure(966)) - Retrying connect to server: localhost/127.0.0.1:15055. Already tried 5 time(s); retry policy is RetryUpToMaximumCountWithFixedSleep(maxRetries=15, sleepTime=1000 MILLISECONDS)
2025-01-03 11:06:19,687 [92e9e395-ad5a-4c2b-9454-a52a5e78cd43-EndpointStateMachineTaskThread-/127.0.0.1:15055-0 ] INFO  ipc.Client (Client.java:handleConnectionFailure(966)) - Retrying connect to server: localhost/127.0.0.1:15055. Already tried 6 time(s); retry policy is RetryUpToMaximumCountWithFixedSleep(maxRetries=15, sleepTime=1000 MILLISECONDS)
2025-01-03 11:06:20,687 [92e9e395-ad5a-4c2b-9454-a52a5e78cd43-EndpointStateMachineTaskThread-/127.0.0.1:15055-0 ] INFO  ipc.Client (Client.java:handleConnectionFailure(966)) - Retrying connect to server: localhost/127.0.0.1:15055. Already tried 7 time(s); retry policy is RetryUpToMaximumCountWithFixedSleep(maxRetries=15, sleepTime=1000 MILLISECONDS)
2025-01-03 11:06:21,688 [92e9e395-ad5a-4c2b-9454-a52a5e78cd43-EndpointStateMachineTaskThread-/127.0.0.1:15055-0 ] INFO  ipc.Client (Client.java:handleConnectionFailure(966)) - Retrying connect to server: localhost/127.0.0.1:15055. Already tried 8 time(s); retry policy is RetryUpToMaximumCountWithFixedSleep(maxRetries=15, sleepTime=1000 MILLISECONDS)
2025-01-03 11:06:21,839 [c4ddaf89-5638-4166-93d2-d351e01626c9@group-3E7F01CB1845-FollowerState] INFO  impl.FollowerState (FollowerState.java:runImpl(161)) - c4ddaf89-5638-4166-93d2-d351e01626c9@group-3E7F01CB1845-FollowerState: change to CANDIDATE, lastRpcElapsedTime:5095045490ns, electionTimeout:5094ms
2025-01-03 11:06:21,839 [c4ddaf89-5638-4166-93d2-d351e01626c9@group-3E7F01CB1845-FollowerState] INFO  impl.RoleInfo (RoleInfo.java:shutdownFollowerState(121)) - c4ddaf89-5638-4166-93d2-d351e01626c9: shutdown c4ddaf89-5638-4166-93d2-d351e01626c9@group-3E7F01CB1845-FollowerState
2025-01-03 11:06:21,839 [c4ddaf89-5638-4166-93d2-d351e01626c9@group-3E7F01CB1845-FollowerState] INFO  server.RaftServer$Division (RaftServerImpl.java:setRole(378)) - c4ddaf89-5638-4166-93d2-d351e01626c9@group-3E7F01CB1845: changes role from  FOLLOWER to CANDIDATE at term 0 for changeToCandidate
2025-01-03 11:06:21,839 [c4ddaf89-5638-4166-93d2-d351e01626c9@group-3E7F01CB1845-FollowerState] INFO  server.RaftServerConfigKeys (ConfUtils.java:logGet(46)) - raft.server.leaderelection.pre-vote = true (default)
2025-01-03 11:06:21,839 [c4ddaf89-5638-4166-93d2-d351e01626c9@group-3E7F01CB1845-FollowerState] INFO  impl.RoleInfo (RoleInfo.java:updateAndGet(148)) - c4ddaf89-5638-4166-93d2-d351e01626c9: start c4ddaf89-5638-4166-93d2-d351e01626c9@group-3E7F01CB1845-LeaderElection22
2025-01-03 11:06:21,840 [c4ddaf89-5638-4166-93d2-d351e01626c9@group-3E7F01CB1845-LeaderElection22] INFO  impl.LeaderElection (LeaderElection.java:askForVotes(332)) - c4ddaf89-5638-4166-93d2-d351e01626c9@group-3E7F01CB1845-LeaderElection22 PRE_VOTE round 0: submit vote requests at term 0 for conf: {index: -1, cur=peers:[c4ddaf89-5638-4166-93d2-d351e01626c9|localhost:15105]|listeners:[], old=null}
2025-01-03 11:06:21,840 [c4ddaf89-5638-4166-93d2-d351e01626c9@group-3E7F01CB1845-LeaderElection22] INFO  impl.LeaderElection (LeaderElection.java:askForVotes(334)) - c4ddaf89-5638-4166-93d2-d351e01626c9@group-3E7F01CB1845-LeaderElection22 PRE_VOTE round 0: result PASSED (term=0)
2025-01-03 11:06:21,842 [c4ddaf89-5638-4166-93d2-d351e01626c9@group-3E7F01CB1845-LeaderElection22] INFO  impl.LeaderElection (LeaderElection.java:askForVotes(332)) - c4ddaf89-5638-4166-93d2-d351e01626c9@group-3E7F01CB1845-LeaderElection22 ELECTION round 0: submit vote requests at term 1 for conf: {index: -1, cur=peers:[c4ddaf89-5638-4166-93d2-d351e01626c9|localhost:15105]|listeners:[], old=null}
2025-01-03 11:06:21,842 [c4ddaf89-5638-4166-93d2-d351e01626c9@group-3E7F01CB1845-LeaderElection22] INFO  impl.LeaderElection (LeaderElection.java:askForVotes(334)) - c4ddaf89-5638-4166-93d2-d351e01626c9@group-3E7F01CB1845-LeaderElection22 ELECTION round 0: result PASSED (term=1)
2025-01-03 11:06:21,842 [c4ddaf89-5638-4166-93d2-d351e01626c9@group-3E7F01CB1845-LeaderElection22] INFO  impl.RoleInfo (RoleInfo.java:shutdownLeaderElection(141)) - c4ddaf89-5638-4166-93d2-d351e01626c9: shutdown c4ddaf89-5638-4166-93d2-d351e01626c9@group-3E7F01CB1845-LeaderElection22
2025-01-03 11:06:21,842 [c4ddaf89-5638-4166-93d2-d351e01626c9@group-3E7F01CB1845-LeaderElection22] INFO  server.RaftServer$Division (RaftServerImpl.java:setRole(378)) - c4ddaf89-5638-4166-93d2-d351e01626c9@group-3E7F01CB1845: changes role from CANDIDATE to LEADER at term 1 for changeToLeader
2025-01-03 11:06:21,842 [c4ddaf89-5638-4166-93d2-d351e01626c9@group-3E7F01CB1845-LeaderElection22] INFO  server.RaftServerConfigKeys (ConfUtils.java:logGet(46)) - raft.server.staging.catchup.gap = 1000 (default)
2025-01-03 11:06:21,842 [c4ddaf89-5638-4166-93d2-d351e01626c9@group-3E7F01CB1845-LeaderElection22] INFO  server.RaftServerConfigKeys (ConfUtils.java:logGet(46)) - raft.server.write.element-limit = 4096 (default)
2025-01-03 11:06:21,842 [c4ddaf89-5638-4166-93d2-d351e01626c9@group-3E7F01CB1845-LeaderElection22] INFO  server.RaftServerConfigKeys (ConfUtils.java:logGet(46)) - raft.server.write.byte-limit = 64MB (=67108864) (default)
2025-01-03 11:06:21,842 [c4ddaf89-5638-4166-93d2-d351e01626c9@group-3E7F01CB1845-LeaderElection22] INFO  server.RaftServerConfigKeys (ConfUtils.java:logGet(46)) - raft.server.watch.timeout = 10s (default)
2025-01-03 11:06:21,842 [c4ddaf89-5638-4166-93d2-d351e01626c9@group-3E7F01CB1845-LeaderElection22] INFO  server.RaftServerConfigKeys (ConfUtils.java:logGet(46)) - raft.server.watch.timeout.denomination = 1s (default)
2025-01-03 11:06:21,842 [c4ddaf89-5638-4166-93d2-d351e01626c9@group-3E7F01CB1845-LeaderElection22] INFO  server.RaftServerConfigKeys (ConfUtils.java:logGet(46)) - raft.server.watch.element-limit = 65536 (default)
2025-01-03 11:06:21,843 [c4ddaf89-5638-4166-93d2-d351e01626c9@group-3E7F01CB1845-LeaderElection22] INFO  server.RaftServerConfigKeys (ConfUtils.java:logGet(46)) - raft.server.read.leader.lease.enabled = false (default)
2025-01-03 11:06:21,843 [c4ddaf89-5638-4166-93d2-d351e01626c9@group-3E7F01CB1845-LeaderElection22] INFO  server.RaftServerConfigKeys (ConfUtils.java:logGet(46)) - raft.server.read.leader.lease.timeout.ratio = 0.9 (default)
2025-01-03 11:06:21,843 [c4ddaf89-5638-4166-93d2-d351e01626c9@group-3E7F01CB1845-LeaderElection22] INFO  server.RaftServerConfigKeys (ConfUtils.java:logGet(46)) - raft.server.rpc.timeout.min = 5000ms (custom)
2025-01-03 11:06:21,843 [c4ddaf89-5638-4166-93d2-d351e01626c9@group-3E7F01CB1845-LeaderElection22] INFO  server.RaftServerConfigKeys (ConfUtils.java:logGet(46)) - raft.server.log.log-metadata.enabled = true (default)
2025-01-03 11:06:21,843 [c4ddaf89-5638-4166-93d2-d351e01626c9@group-3E7F01CB1845-LeaderElection22] INFO  server.RaftServerConfigKeys (ConfUtils.java:logGet(46)) - raft.server.write.element-limit = 4096 (default)
2025-01-03 11:06:21,843 [c4ddaf89-5638-4166-93d2-d351e01626c9@group-3E7F01CB1845-LeaderElection22] INFO  server.RaftServerConfigKeys (ConfUtils.java:logGet(46)) - raft.server.write.follower.gap.ratio.max = -1.0 (default)
2025-01-03 11:06:21,843 [c4ddaf89-5638-4166-93d2-d351e01626c9@group-3E7F01CB1845-LeaderElection22] INFO  impl.RoleInfo (RoleInfo.java:updateAndGet(148)) - c4ddaf89-5638-4166-93d2-d351e01626c9: start c4ddaf89-5638-4166-93d2-d351e01626c9@group-3E7F01CB1845-LeaderStateImpl
2025-01-03 11:06:21,843 [c4ddaf89-5638-4166-93d2-d351e01626c9@group-3E7F01CB1845-LeaderElection22] INFO  server.RaftServer$Division (RaftServerImpl.java:setFirstElection(562)) - c4ddaf89-5638-4166-93d2-d351e01626c9@group-3E7F01CB1845: set firstElectionSinceStartup to false for becomeLeader
2025-01-03 11:06:21,843 [c4ddaf89-5638-4166-93d2-d351e01626c9@group-3E7F01CB1845-LeaderElection22] INFO  server.RaftServer$Division (ServerState.java:setLeader(272)) - c4ddaf89-5638-4166-93d2-d351e01626c9@group-3E7F01CB1845: change Leader from null to c4ddaf89-5638-4166-93d2-d351e01626c9 at term 1 for becomeLeader, leader elected after 5108ms
2025-01-03 11:06:21,843 [c4ddaf89-5638-4166-93d2-d351e01626c9@group-3E7F01CB1845-LeaderElection22] INFO  segmented.SegmentedRaftLogWorker (SegmentedRaftLogWorker.java:startLogSegment(438)) - c4ddaf89-5638-4166-93d2-d351e01626c9@group-3E7F01CB1845-SegmentedRaftLogWorker: Starting segment from index:0
2025-01-03 11:06:21,843 [c4ddaf89-5638-4166-93d2-d351e01626c9@group-3E7F01CB1845-SegmentedRaftLogWorker] INFO  segmented.BufferedWriteChannel (BufferedWriteChannel.java:open(61)) - open log_inprogress_0 at position 0
2025-01-03 11:06:21,848 [c4ddaf89-5638-4166-93d2-d351e01626c9@group-3E7F01CB1845-LeaderElection22] INFO  server.RaftServer$Division (ServerState.java:setRaftConf(386)) - c4ddaf89-5638-4166-93d2-d351e01626c9@group-3E7F01CB1845: set configuration conf: {index: 0, cur=peers:[c4ddaf89-5638-4166-93d2-d351e01626c9|localhost:15105]|listeners:[], old=null}
2025-01-03 11:06:21,853 [c4ddaf89-5638-4166-93d2-d351e01626c9@group-3E7F01CB1845-SegmentedRaftLogWorker] INFO  segmented.SegmentedRaftLogWorker (SegmentedRaftLogWorker.java:execute(644)) - c4ddaf89-5638-4166-93d2-d351e01626c9@group-3E7F01CB1845-SegmentedRaftLogWorker: created new log segment /home/runner/work/ozone/ozone/hadoop-ozone/integration-test/target/test-dir/MiniOzoneClusterImpl-3f159d52-719f-49ad-b6d4-3e7f01cb1845/scmNode-1/scm-ha/3f159d52-719f-49ad-b6d4-3e7f01cb1845/current/log_inprogress_0
2025-01-03 11:06:21,855 [c4ddaf89-5638-4166-93d2-d351e01626c9@group-3E7F01CB1845-StateMachineUpdater] INFO  server.RaftServer$Division (LeaderStateImpl.java:checkStartIndex(313)) - Leader c4ddaf89-5638-4166-93d2-d351e01626c9@group-3E7F01CB1845-LeaderStateImpl is ready since appliedIndex == startIndex == 0
2025-01-03 11:06:22,689 [92e9e395-ad5a-4c2b-9454-a52a5e78cd43-EndpointStateMachineTaskThread-/127.0.0.1:15055-0 ] INFO  ipc.Client (Client.java:handleConnectionFailure(966)) - Retrying connect to server: localhost/127.0.0.1:15055. Already tried 9 time(s); retry policy is RetryUpToMaximumCountWithFixedSleep(maxRetries=15, sleepTime=1000 MILLISECONDS)
2025-01-03 11:06:22,746 [main] INFO  server.RaftServer (RaftServerProxy.java:lambda$close$9(417)) - c4ddaf89-5638-4166-93d2-d351e01626c9: close
2025-01-03 11:06:22,747 [main] INFO  server.GrpcService (GrpcService.java:closeImpl(343)) - c4ddaf89-5638-4166-93d2-d351e01626c9: shutdown server GrpcServerProtocolService now
2025-01-03 11:06:22,747 [c4ddaf89-5638-4166-93d2-d351e01626c9-impl-thread1] INFO  server.RaftServer$Division (RaftServerImpl.java:lambda$close$1(513)) - c4ddaf89-5638-4166-93d2-d351e01626c9@group-3E7F01CB1845: shutdown
2025-01-03 11:06:22,747 [c4ddaf89-5638-4166-93d2-d351e01626c9-impl-thread1] INFO  util.JmxRegister (JmxRegister.java:unregister(74)) - Successfully un-registered JMX Bean with object name Ratis:service=RaftServer,group=group-3E7F01CB1845,id=c4ddaf89-5638-4166-93d2-d351e01626c9
2025-01-03 11:06:22,747 [c4ddaf89-5638-4166-93d2-d351e01626c9-impl-thread1] INFO  impl.RoleInfo (RoleInfo.java:shutdownLeaderState(103)) - c4ddaf89-5638-4166-93d2-d351e01626c9: shutdown c4ddaf89-5638-4166-93d2-d351e01626c9@group-3E7F01CB1845-LeaderStateImpl
2025-01-03 11:06:22,747 [main] INFO  server.GrpcService (GrpcService.java:closeImpl(352)) - c4ddaf89-5638-4166-93d2-d351e01626c9: shutdown server GrpcServerProtocolService successfully
2025-01-03 11:06:22,747 [c4ddaf89-5638-4166-93d2-d351e01626c9-impl-thread1] INFO  impl.PendingRequests (PendingRequests.java:sendNotLeaderResponses(287)) - c4ddaf89-5638-4166-93d2-d351e01626c9@group-3E7F01CB1845-PendingRequests: sendNotLeaderResponses
2025-01-03 11:06:22,748 [c4ddaf89-5638-4166-93d2-d351e01626c9-impl-thread1] INFO  impl.StateMachineUpdater (StateMachineUpdater.java:stopAndJoin(164)) - c4ddaf89-5638-4166-93d2-d351e01626c9@group-3E7F01CB1845-StateMachineUpdater: set stopIndex = 0
2025-01-03 11:06:22,748 [c4ddaf89-5638-4166-93d2-d351e01626c9@group-3E7F01CB1845-StateMachineUpdater] INFO  impl.StateMachineUpdater (StateMachineUpdater.java:takeSnapshot(303)) - c4ddaf89-5638-4166-93d2-d351e01626c9@group-3E7F01CB1845-StateMachineUpdater: Took a snapshot at index 0
2025-01-03 11:06:22,748 [c4ddaf89-5638-4166-93d2-d351e01626c9@group-3E7F01CB1845-StateMachineUpdater] INFO  impl.StateMachineUpdater (StateMachineUpdater.java:lambda$new$0(102)) - c4ddaf89-5638-4166-93d2-d351e01626c9@group-3E7F01CB1845-StateMachineUpdater: snapshotIndex: updateIncreasingly -1 -> 0
2025-01-03 11:06:22,748 [c4ddaf89-5638-4166-93d2-d351e01626c9@group-3E7F01CB1845-StateMachineUpdater] INFO  impl.StateMachineUpdater (StateMachineUpdater.java:stop(141)) - c4ddaf89-5638-4166-93d2-d351e01626c9@group-3E7F01CB1845-StateMachineUpdater: closing SCMStateMachine, lastApplied=(t:1, i:0)
2025-01-03 11:06:22,748 [c4ddaf89-5638-4166-93d2-d351e01626c9@group-3E7F01CB1845-cacheEviction-AwaitToRun] INFO  util.AwaitToRun (AwaitToRun.java:run(49)) - c4ddaf89-5638-4166-93d2-d351e01626c9@group-3E7F01CB1845-cacheEviction-AwaitToRun-AwaitForSignal is interrupted
2025-01-03 11:06:22,855 [c4ddaf89-5638-4166-93d2-d351e01626c9-impl-thread1] INFO  segmented.SegmentedRaftLogWorker (SegmentedRaftLogWorker.java:close(252)) - c4ddaf89-5638-4166-93d2-d351e01626c9@group-3E7F01CB1845-SegmentedRaftLogWorker close()
2025-01-03 11:06:22,855 [JvmPauseMonitor15] INFO  util.JvmPauseMonitor (JvmPauseMonitor.java:run(152)) - JvmPauseMonitor-c4ddaf89-5638-4166-93d2-d351e01626c9: Stopped
2025-01-03 11:06:22,856 [main] WARN  server.ServerUtils (ServerUtils.java:getScmDbDir(143)) - ozone.scm.db.dirs is not configured. We recommend adding this setting. Falling back to ozone.metadata.dirs instead.
2025-01-03 11:06:22,857 [main] INFO  server.StorageContainerManager (StorageContainerManager.java:scmInit(1305)) - SCM initialization succeeded. Current cluster id for sd=/home/runner/work/ozone/ozone/hadoop-ozone/integration-test/target/test-dir/MiniOzoneClusterImpl-3f159d52-719f-49ad-b6d4-3e7f01cb1845/scmNode-1/scm; cid=3f159d52-719f-49ad-b6d4-3e7f01cb1845; layoutVersion=8; scmId=c4ddaf89-5638-4166-93d2-d351e01626c9
2025-01-03 11:06:22,857 [main] WARN  server.ServerUtils (ServerUtils.java:getScmDbDir(143)) - ozone.scm.db.dirs is not configured. We recommend adding this setting. Falling back to ozone.metadata.dirs instead.
2025-01-03 11:06:22,857 [main] INFO  ha.SCMHANodeDetails (SCMHANodeDetails.java:loadSCMHAConfig(207)) - ServiceID for StorageContainerManager is scmServiceId
2025-01-03 11:06:22,857 [main] INFO  ha.SCMHANodeDetails (SCMHANodeDetails.java:loadSCMHAConfig(218)) - ServiceID for StorageContainerManager is scmServiceId
2025-01-03 11:06:22,857 [main] INFO  ha.SCMHANodeDetails (SCMHANodeDetails.java:loadSCMHAConfig(305)) - Found matching SCM address with SCMServiceId: scmServiceId, SCMNodeId: scmNode-1, RPC Address: localhost:15105 and Ratis port: 15105
2025-01-03 11:06:22,857 [main] INFO  ha.SCMHANodeDetails (ConfUtils.java:setNodeSpecificConfigs(97)) - Setting configuration key ozone.scm.datanode.address with value of key ozone.scm.datanode.address.scmServiceId.scmNode-1: 127.0.0.1:15106
2025-01-03 11:06:22,857 [main] INFO  ha.SCMHANodeDetails (ConfUtils.java:setNodeSpecificConfigs(97)) - Setting configuration key ozone.scm.block.client.address with value of key ozone.scm.block.client.address.scmServiceId.scmNode-1: 127.0.0.1:15109
2025-01-03 11:06:22,858 [main] INFO  ha.SCMHANodeDetails (ConfUtils.java:setNodeSpecificConfigs(97)) - Setting configuration key ozone.scm.client.address with value of key ozone.scm.client.address.scmServiceId.scmNode-1: 127.0.0.1:15107
2025-01-03 11:06:22,858 [main] INFO  ha.SCMHANodeDetails (ConfUtils.java:setNodeSpecificConfigs(97)) - Setting configuration key ozone.scm.security.service.address with value of key ozone.scm.security.service.address.scmServiceId.scmNode-1: 127.0.0.1:15104
2025-01-03 11:06:22,858 [main] INFO  ha.SCMHANodeDetails (ConfUtils.java:setNodeSpecificConfigs(97)) - Setting configuration key ozone.scm.ratis.port with value of key ozone.scm.ratis.port.scmServiceId.scmNode-1: 15105
2025-01-03 11:06:22,858 [main] INFO  ha.SCMHANodeDetails (ConfUtils.java:setNodeSpecificConfigs(97)) - Setting configuration key ozone.scm.grpc.port with value of key ozone.scm.grpc.port.scmServiceId.scmNode-1: 15108
2025-01-03 11:06:22,858 [main] INFO  ha.SCMHANodeDetails (ConfUtils.java:setNodeSpecificConfigs(97)) - Setting configuration key ozone.scm.http-address with value of key ozone.scm.http-address.scmServiceId.scmNode-1: 127.0.0.1:15102
2025-01-03 11:06:22,858 [main] INFO  ha.SCMHANodeDetails (ConfUtils.java:setNodeSpecificConfigs(97)) - Setting configuration key ozone.scm.https-address with value of key ozone.scm.https-address.scmServiceId.scmNode-1: 127.0.0.1:15103
2025-01-03 11:06:22,858 [main] INFO  ha.SCMHANodeDetails (ConfUtils.java:setNodeSpecificConfigs(97)) - Setting configuration key ozone.scm.address with value of key ozone.scm.address.scmServiceId.scmNode-1: 127.0.0.1
2025-01-03 11:06:22,858 [main] WARN  scm.ScmUtils (ScmUtils.java:logWarn(165)) - ConfigKey ozone.scm.block.client.address is deprecated, For configuring different ports for each SCM use PortConfigKey ozone.scm.block.client.port appended with serviceId and nodeId. If want to configure same port configure ozone.scm.block.client.port
2025-01-03 11:06:22,858 [main] WARN  scm.ScmUtils (ScmUtils.java:logWarn(165)) - ConfigKey ozone.scm.client.address is deprecated, For configuring different ports for each SCM use PortConfigKey ozone.scm.client.port appended with serviceId and nodeId. If want to configure same port configure ozone.scm.client.port
2025-01-03 11:06:22,858 [main] WARN  scm.ScmUtils (ScmUtils.java:logWarn(165)) - ConfigKey ozone.scm.datanode.address is deprecated, For configuring different ports for each SCM use PortConfigKey ozone.scm.datanode.port appended with serviceId and nodeId. If want to configure same port configure ozone.scm.datanode.port
2025-01-03 11:06:22,859 [main] WARN  utils.HAUtils (HAUtils.java:getMetaDir(337)) - ozone.scm.db.dirs is not configured. We recommend adding this setting. Falling back to ozone.metadata.dirs instead.
2025-01-03 11:06:22,859 [main] WARN  db.DBStoreBuilder (DBStoreBuilder.java:getDBDirPath(172)) - ozone.scm.db.dirs is not configured. We recommend adding this setting. Falling back to ozone.metadata.dirs instead.
2025-01-03 11:06:22,931 [main] INFO  net.NodeSchemaLoader (NodeSchemaLoader.java:loadSchemaFromFile(129)) - Loading schema from [jar:file:/home/runner/work/ozone/ozone/hadoop-hdds/common/target/hdds-common-2.0.0-SNAPSHOT.jar!/network-topology-default.xml]
2025-01-03 11:06:22,931 [main] INFO  net.NodeSchemaLoader (NodeSchemaLoader.java:loadSchema(176)) - Loading network topology layer schema file
2025-01-03 11:06:22,947 [main] INFO  ha.SCMRatisServerImpl (SCMRatisServerImpl.java:<init>(100)) - starting Raft server for scm:c4ddaf89-5638-4166-93d2-d351e01626c9
2025-01-03 11:06:22,947 [main] INFO  server.RaftServerConfigKeys (ConfUtils.java:logGet(46)) - raft.server.log.appender.buffer.byte-limit = 4194304 (custom)
2025-01-03 11:06:22,948 [main] INFO  server.RaftServer (ConfUtils.java:logGet(46)) - raft.rpc.type = GRPC (default)
2025-01-03 11:06:22,948 [main] INFO  grpc.GrpcConfigKeys (ConfUtils.java:logFallback(53)) - raft.grpc.admin.host = null (fallback to raft.grpc.server.host)
2025-01-03 11:06:22,948 [main] INFO  grpc.GrpcConfigKeys (ConfUtils.java:logFallback(53)) - raft.grpc.admin.port = 15105 (fallback to raft.grpc.server.port)
2025-01-03 11:06:22,948 [main] INFO  grpc.GrpcConfigKeys (ConfUtils.java:logFallback(53)) - raft.grpc.client.host = null (fallback to raft.grpc.server.host)
2025-01-03 11:06:22,948 [main] INFO  grpc.GrpcConfigKeys (ConfUtils.java:logFallback(53)) - raft.grpc.client.port = 15105 (fallback to raft.grpc.server.port)
2025-01-03 11:06:22,948 [main] INFO  grpc.GrpcConfigKeys (ConfUtils.java:logGet(46)) - raft.grpc.server.host = null (default)
2025-01-03 11:06:22,948 [main] INFO  grpc.GrpcConfigKeys (ConfUtils.java:logGet(46)) - raft.grpc.server.port = 15105 (custom)
2025-01-03 11:06:22,948 [main] INFO  server.GrpcService (ConfUtils.java:logGet(46)) - raft.grpc.message.size.max = 5242880 (custom)
2025-01-03 11:06:22,948 [main] INFO  server.GrpcService (ConfUtils.java:logGet(46)) - raft.grpc.flow.control.window = 1MB (=1048576) (default)
2025-01-03 11:06:22,949 [main] INFO  server.RaftServerConfigKeys (ConfUtils.java:logGet(46)) - raft.server.rpc.request.timeout = 30000ms (custom)
2025-01-03 11:06:22,949 [main] INFO  grpc.GrpcConfigKeys (ConfUtils.java:logGet(46)) - raft.grpc.server.heartbeat.channel = true (default)
2025-01-03 11:06:22,949 [main] INFO  server.RaftServerConfigKeys (ConfUtils.java:logGet(46)) - raft.server.log.appender.buffer.byte-limit = 4194304 (custom)
2025-01-03 11:06:22,949 [main] INFO  grpc.GrpcConfigKeys (ConfUtils.java:logGet(46)) - raft.grpc.server.async.request.thread.pool.cached = true (default)
2025-01-03 11:06:22,949 [main] INFO  grpc.GrpcConfigKeys (ConfUtils.java:logGet(46)) - raft.grpc.server.async.request.thread.pool.size = 32 (default)
2025-01-03 11:06:22,950 [main] INFO  impl.DataStreamServerImpl (ConfUtils.java:logGet(46)) - raft.datastream.type = DISABLED (default)
2025-01-03 11:06:22,950 [main] INFO  server.RaftServerConfigKeys (ConfUtils.java:logGet(46)) - raft.server.sleep.deviation.threshold = 300ms (default)
2025-01-03 11:06:22,950 [main] INFO  server.RaftServerConfigKeys (ConfUtils.java:logGet(46)) - raft.server.close.threshold = 60s (default)
2025-01-03 11:06:22,950 [main] INFO  server.RaftServerConfigKeys (ConfUtils.java:logGet(46)) - raft.server.leaderelection.leader.step-down.wait-time = 10s (default)
2025-01-03 11:06:22,950 [main] INFO  server.RaftServerConfigKeys (ConfUtils.java:logGet(46)) - raft.server.storage.dir = [/home/runner/work/ozone/ozone/hadoop-ozone/integration-test/target/test-dir/MiniOzoneClusterImpl-3f159d52-719f-49ad-b6d4-3e7f01cb1845/scmNode-1/scm-ha] (custom)
2025-01-03 11:06:22,950 [main] INFO  server.RaftServerConfigKeys (ConfUtils.java:logGet(46)) - raft.server.threadpool.proxy.cached = true (default)
2025-01-03 11:06:22,950 [main] INFO  server.RaftServerConfigKeys (ConfUtils.java:logGet(46)) - raft.server.threadpool.proxy.size = 0 (default)
2025-01-03 11:06:22,951 [c4ddaf89-5638-4166-93d2-d351e01626c9-impl-thread1] INFO  server.RaftServer (RaftServerProxy.java:initGroupDir(265)) - c4ddaf89-5638-4166-93d2-d351e01626c9: found a subdirectory /home/runner/work/ozone/ozone/hadoop-ozone/integration-test/target/test-dir/MiniOzoneClusterImpl-3f159d52-719f-49ad-b6d4-3e7f01cb1845/scmNode-1/scm-ha/3f159d52-719f-49ad-b6d4-3e7f01cb1845
2025-01-03 11:06:22,951 [main] INFO  server.RaftServer (RaftServerProxy.java:addNew(100)) - c4ddaf89-5638-4166-93d2-d351e01626c9: addNew group-3E7F01CB1845:[] returns group-3E7F01CB1845:java.util.concurrent.CompletableFuture@63def34c[Not completed]
2025-01-03 11:06:22,951 [c4ddaf89-5638-4166-93d2-d351e01626c9-groupManagement] INFO  server.RaftServer$Division (RaftServerImpl.java:<init>(255)) - c4ddaf89-5638-4166-93d2-d351e01626c9: new RaftServerImpl for group-3E7F01CB1845:[] with SCMStateMachine:uninitialized
2025-01-03 11:06:22,951 [c4ddaf89-5638-4166-93d2-d351e01626c9-groupManagement] INFO  server.RaftServerConfigKeys (ConfUtils.java:logGet(46)) - raft.server.rpc.timeout.min = 5000ms (custom)
2025-01-03 11:06:22,951 [c4ddaf89-5638-4166-93d2-d351e01626c9-groupManagement] INFO  server.RaftServerConfigKeys (ConfUtils.java:logGet(46)) - raft.server.rpc.timeout.max = 5200ms (custom)
2025-01-03 11:06:22,951 [c4ddaf89-5638-4166-93d2-d351e01626c9-groupManagement] INFO  server.RaftServerConfigKeys (ConfUtils.java:logGet(46)) - raft.server.rpc.sleep.time = 25ms (default)
2025-01-03 11:06:22,951 [c4ddaf89-5638-4166-93d2-d351e01626c9-groupManagement] INFO  server.RaftServerConfigKeys (ConfUtils.java:logGet(46)) - raft.server.rpc.slowness.timeout = 120000ms (custom)
2025-01-03 11:06:22,951 [c4ddaf89-5638-4166-93d2-d351e01626c9-groupManagement] INFO  server.RaftServerConfigKeys (ConfUtils.java:logGet(46)) - raft.server.leaderelection.leader.step-down.wait-time = 10s (default)
2025-01-03 11:06:22,951 [c4ddaf89-5638-4166-93d2-d351e01626c9-groupManagement] INFO  server.RaftServerConfigKeys (ConfUtils.java:logGet(46)) - raft.server.leaderelection.member.majority-add = false (default)
2025-01-03 11:06:22,951 [c4ddaf89-5638-4166-93d2-d351e01626c9-groupManagement] INFO  server.RaftServerConfigKeys (ConfUtils.java:logGet(46)) - raft.server.sleep.deviation.threshold = 300ms (default)
2025-01-03 11:06:22,951 [c4ddaf89-5638-4166-93d2-d351e01626c9-groupManagement] INFO  server.RaftServer$Division (ServerState.java:<init>(114)) - c4ddaf89-5638-4166-93d2-d351e01626c9@group-3E7F01CB1845: ConfigurationManager, init=conf: {index: -1, cur=peers:[]|listeners:[], old=null}, confs=<EMPTY_MAP>
2025-01-03 11:06:22,951 [c4ddaf89-5638-4166-93d2-d351e01626c9-groupManagement] INFO  server.RaftServerConfigKeys (ConfUtils.java:logGet(46)) - raft.server.notification.no-leader.timeout = 60s (default)
2025-01-03 11:06:22,951 [c4ddaf89-5638-4166-93d2-d351e01626c9-groupManagement] INFO  server.RaftServerConfigKeys (ConfUtils.java:logGet(46)) - raft.server.read.timeout = 10s (default)
2025-01-03 11:06:22,951 [c4ddaf89-5638-4166-93d2-d351e01626c9-groupManagement] INFO  server.RaftServerConfigKeys (ConfUtils.java:logGet(46)) - raft.server.retrycache.expirytime = 60000ms (default)
2025-01-03 11:06:22,951 [c4ddaf89-5638-4166-93d2-d351e01626c9-groupManagement] INFO  server.RaftServerConfigKeys (ConfUtils.java:logGet(46)) - raft.server.retrycache.statistics.expirytime = 100ms (default)
2025-01-03 11:06:22,952 [c4ddaf89-5638-4166-93d2-d351e01626c9-groupManagement] INFO  server.RaftServerConfigKeys (ConfUtils.java:logGet(46)) - raft.server.read.option = DEFAULT (default)
2025-01-03 11:06:22,952 [c4ddaf89-5638-4166-93d2-d351e01626c9-groupManagement] INFO  server.RaftServerConfigKeys (ConfUtils.java:logGet(46)) - raft.server.read.read-after-write-consistent.write-index-cache.expiry-time = 60s (default)
2025-01-03 11:06:22,953 [c4ddaf89-5638-4166-93d2-d351e01626c9-groupManagement] INFO  server.RaftServerConfigKeys (ConfUtils.java:logGet(46)) - raft.server.rpc.request.timeout = 30000ms (custom)
2025-01-03 11:06:22,953 [c4ddaf89-5638-4166-93d2-d351e01626c9-groupManagement] INFO  server.RaftServerConfigKeys (ConfUtils.java:logGet(46)) - raft.server.log.appender.install.snapshot.enabled = false (custom)
2025-01-03 11:06:22,953 [c4ddaf89-5638-4166-93d2-d351e01626c9-groupManagement] INFO  server.RaftServerConfigKeys (ConfUtils.java:logGet(46)) - raft.server.threadpool.server.cached = true (default)
2025-01-03 11:06:22,953 [c4ddaf89-5638-4166-93d2-d351e01626c9-groupManagement] INFO  server.RaftServerConfigKeys (ConfUtils.java:logGet(46)) - raft.server.threadpool.server.size = 0 (default)
2025-01-03 11:06:22,953 [c4ddaf89-5638-4166-93d2-d351e01626c9-groupManagement] INFO  server.RaftServerConfigKeys (ConfUtils.java:logGet(46)) - raft.server.threadpool.client.cached = true (default)
2025-01-03 11:06:22,953 [c4ddaf89-5638-4166-93d2-d351e01626c9-groupManagement] INFO  server.RaftServerConfigKeys (ConfUtils.java:logGet(46)) - raft.server.threadpool.client.size = 0 (default)
2025-01-03 11:06:22,953 [main] INFO  ha.SCMSnapshotProvider (SCMSnapshotProvider.java:<init>(66)) - Initializing SCM Snapshot Provider
2025-01-03 11:06:22,953 [main] WARN  server.ServerUtils (ServerUtils.java:getDefaultRatisDirectory(311)) - Storage directory for Ratis is not configured. It is a good idea to map this to an SSD disk. Falling back to ozone.metadata.dirs
2025-01-03 11:06:22,953 [main] WARN  ha.SCMHAUtils (SCMHAUtils.java:getSCMRatisSnapshotDirectory(158)) - SCM snapshot dir is not configured. Falling back to ozone.metadata.dirs config
2025-01-03 11:06:22,954 [main] INFO  upgrade.AbstractLayoutVersionManager (AbstractLayoutVersionManager.java:init(83)) - Initializing Layout version manager with metadata layout = HBASE_SUPPORT (version = 8), software layout = HBASE_SUPPORT (version = 8)
2025-01-03 11:06:22,955 [main] INFO  ha.SequenceIdGenerator (SequenceIdGenerator.java:upgradeToSequenceId(369)) - upgrade localId to 115816896921600000
2025-01-03 11:06:22,956 [main] INFO  ha.SequenceIdGenerator (SequenceIdGenerator.java:upgradeToSequenceId(379)) - upgrade delTxnId to 0
2025-01-03 11:06:22,957 [main] INFO  ha.SequenceIdGenerator (SequenceIdGenerator.java:upgradeToSequenceId(396)) - upgrade containerId to 0
2025-01-03 11:06:22,957 [main] INFO  ha.SequenceIdGenerator (SequenceIdGenerator.java:upgradeToCertificateSequenceId(433)) - upgrade CertificateId to 2
2025-01-03 11:06:22,958 [main] INFO  ha.SequenceIdGenerator (SequenceIdGenerator.java:<init>(240)) - Init the HA SequenceIdGenerator.
2025-01-03 11:06:22,958 [main] WARN  server.ServerUtils (ServerUtils.java:sanitizeUserArgs(79)) - ozone.scm.stale.node.interval value = 300000 is larger than max = 100000 based on the key value of ozone.scm.heartbeat.thread.interval, reset to the max value 100000.
2025-01-03 11:06:22,958 [main] WARN  server.ServerUtils (ServerUtils.java:sanitizeUserArgs(79)) - ozone.scm.stale.node.interval value = 300000 is larger than max = 100000 based on the key value of ozone.scm.heartbeat.thread.interval, reset to the max value 100000.
2025-01-03 11:06:22,958 [main] INFO  node.SCMNodeManager (SCMNodeManager.java:<init>(180)) - Entering startup safe mode.
2025-01-03 11:06:22,959 [main] INFO  algorithms.ContainerPlacementPolicyFactory (ContainerPlacementPolicyFactory.java:getPolicyInternal(86)) - Create container placement policy of type org.apache.hadoop.hdds.scm.container.placement.algorithms.SCMContainerPlacementRackAware
2025-01-03 11:06:22,959 [main] INFO  algorithms.ContainerPlacementPolicyFactory (ContainerPlacementPolicyFactory.java:getPolicyInternal(86)) - Create container placement policy of type org.apache.hadoop.hdds.scm.container.placement.algorithms.SCMContainerPlacementRackScatter
2025-01-03 11:06:22,959 [main] INFO  pipeline.PipelineStateManagerImpl (PipelineStateManagerImpl.java:initialize(78)) - No pipeline exists in current db
2025-01-03 11:06:22,959 [main] INFO  algorithms.LeaderChoosePolicyFactory (LeaderChoosePolicyFactory.java:getPolicy(57)) - Create leader choose policy of type org.apache.hadoop.hdds.scm.pipeline.leader.choose.algorithms.MinLeaderCountChoosePolicy
2025-01-03 11:06:22,959 [main] INFO  algorithms.ContainerPlacementPolicyFactory (ContainerPlacementPolicyFactory.java:getPolicyInternal(86)) - Create container placement policy of type org.apache.hadoop.hdds.scm.container.placement.algorithms.SCMContainerPlacementRackScatter
2025-01-03 11:06:22,960 [main] INFO  ha.SCMServiceManager (SCMServiceManager.java:register(42)) - Registering service BackgroundPipelineCreator.
2025-01-03 11:06:22,960 [main] INFO  pipeline.BackgroundPipelineCreator (BackgroundPipelineCreator.java:start(127)) - Starting scmNode-1-RatisPipelineUtilsThread.
2025-01-03 11:06:22,960 [main] INFO  BackgroundPipelineScrubber (BackgroundSCMService.java:start(65)) - Starting BackgroundPipelineScrubber Service.
2025-01-03 11:06:22,960 [main] INFO  ha.SCMServiceManager (SCMServiceManager.java:register(42)) - Registering service BackgroundPipelineScrubber.
2025-01-03 11:06:22,960 [main] INFO  ExpiredContainerReplicaOpScrubber (BackgroundSCMService.java:start(65)) - Starting ExpiredContainerReplicaOpScrubber Service.
2025-01-03 11:06:22,961 [main] INFO  ha.SCMServiceManager (SCMServiceManager.java:register(42)) - Registering service ExpiredContainerReplicaOpScrubber.
2025-01-03 11:06:22,961 [main] INFO  algorithms.PipelineChoosePolicyFactory (PipelineChoosePolicyFactory.java:createPipelineChoosePolicyFromClass(80)) - Create pipeline choose policy of type org.apache.hadoop.hdds.scm.pipeline.choose.algorithms.RandomPipelineChoosePolicy
2025-01-03 11:06:22,961 [main] INFO  algorithms.PipelineChoosePolicyFactory (PipelineChoosePolicyFactory.java:createPipelineChoosePolicyFromClass(80)) - Create pipeline choose policy of type org.apache.hadoop.hdds.scm.pipeline.choose.algorithms.RandomPipelineChoosePolicy
2025-01-03 11:06:22,962 [main] INFO  ha.SCMServiceManager (SCMServiceManager.java:register(42)) - Registering service SCMBlockDeletingService.
2025-01-03 11:06:22,963 [main] INFO  replication.ReplicationManager (ReplicationManager.java:start(283)) - Starting Replication Monitor Thread.
2025-01-03 11:06:22,963 [main] INFO  ha.SCMServiceManager (SCMServiceManager.java:register(42)) - Registering service ReplicationManager.
2025-01-03 11:06:22,964 [main] INFO  safemode.ContainerSafeModeRule (ContainerSafeModeRule.java:initializeRule(353)) - Refreshed Containers with one replica threshold count 0, with ec n replica threshold count 0.
2025-01-03 11:06:22,964 [main] INFO  safemode.HealthyPipelineSafeModeRule (HealthyPipelineSafeModeRule.java:initializeRule(176)) - Total pipeline count is 0, healthy pipeline threshold count is 1
2025-01-03 11:06:22,964 [main] INFO  safemode.OneReplicaPipelineSafeModeRule (OneReplicaPipelineSafeModeRule.java:initializeRule(193)) - Total pipeline count is 0, pipeline's with at least one datanode reported threshold count is 0
2025-01-03 11:06:22,965 [main] INFO  server.StorageContainerManager (StorageContainerManager.java:<init>(444)) - SCM start with adminUsers: [runner]
2025-01-03 11:06:22,965 [main] INFO  ipc.CallQueueManager (CallQueueManager.java:<init>(93)) - Using callQueue: class java.util.concurrent.LinkedBlockingQueue, queueCapacity: 10000, scheduler: class org.apache.hadoop.ipc.DefaultRpcScheduler, ipcBackoff: false, ipcFailOver: false.
2025-01-03 11:06:22,965 [main] INFO  ipc.Server (Server.java:<init>(1438)) - Listener at 0.0.0.0:15106
2025-01-03 11:06:22,966 [Socket Reader #1 for port 15106] INFO  ipc.Server (Server.java:run(1474)) - Starting Socket Reader #1 for port 15106
2025-01-03 11:06:22,966 [Socket Reader #2 for port 15106] INFO  ipc.Server (Server.java:run(1474)) - Starting Socket Reader #2 for port 15106
2025-01-03 11:06:22,966 [Socket Reader #3 for port 15106] INFO  ipc.Server (Server.java:run(1474)) - Starting Socket Reader #3 for port 15106
2025-01-03 11:06:22,966 [Socket Reader #4 for port 15106] INFO  ipc.Server (Server.java:run(1474)) - Starting Socket Reader #4 for port 15106
2025-01-03 11:06:22,966 [Socket Reader #5 for port 15106] INFO  ipc.Server (Server.java:run(1474)) - Starting Socket Reader #5 for port 15106
2025-01-03 11:06:22,966 [Socket Reader #6 for port 15106] INFO  ipc.Server (Server.java:run(1474)) - Starting Socket Reader #6 for port 15106
2025-01-03 11:06:22,967 [Socket Reader #7 for port 15106] INFO  ipc.Server (Server.java:run(1474)) - Starting Socket Reader #7 for port 15106
2025-01-03 11:06:22,967 [Socket Reader #8 for port 15106] INFO  ipc.Server (Server.java:run(1474)) - Starting Socket Reader #8 for port 15106
2025-01-03 11:06:22,968 [Socket Reader #9 for port 15106] INFO  ipc.Server (Server.java:run(1474)) - Starting Socket Reader #9 for port 15106
2025-01-03 11:06:22,968 [Socket Reader #10 for port 15106] INFO  ipc.Server (Server.java:run(1474)) - Starting Socket Reader #10 for port 15106
2025-01-03 11:06:22,970 [main] INFO  ipc.CallQueueManager (CallQueueManager.java:<init>(93)) - Using callQueue: class java.util.concurrent.LinkedBlockingQueue, queueCapacity: 10000, scheduler: class org.apache.hadoop.ipc.DefaultRpcScheduler, ipcBackoff: false, ipcFailOver: false.
2025-01-03 11:06:22,970 [main] INFO  ipc.Server (Server.java:<init>(1438)) - Listener at 0.0.0.0:15109
2025-01-03 11:06:22,971 [Socket Reader #1 for port 15109] INFO  ipc.Server (Server.java:run(1474)) - Starting Socket Reader #1 for port 15109
2025-01-03 11:06:22,971 [Socket Reader #2 for port 15109] INFO  ipc.Server (Server.java:run(1474)) - Starting Socket Reader #2 for port 15109
2025-01-03 11:06:22,971 [Socket Reader #3 for port 15109] INFO  ipc.Server (Server.java:run(1474)) - Starting Socket Reader #3 for port 15109
2025-01-03 11:06:22,971 [Socket Reader #4 for port 15109] INFO  ipc.Server (Server.java:run(1474)) - Starting Socket Reader #4 for port 15109
2025-01-03 11:06:22,971 [Socket Reader #5 for port 15109] INFO  ipc.Server (Server.java:run(1474)) - Starting Socket Reader #5 for port 15109
2025-01-03 11:06:22,971 [Socket Reader #6 for port 15109] INFO  ipc.Server (Server.java:run(1474)) - Starting Socket Reader #6 for port 15109
2025-01-03 11:06:22,972 [Socket Reader #7 for port 15109] INFO  ipc.Server (Server.java:run(1474)) - Starting Socket Reader #7 for port 15109
2025-01-03 11:06:22,972 [Socket Reader #8 for port 15109] INFO  ipc.Server (Server.java:run(1474)) - Starting Socket Reader #8 for port 15109
2025-01-03 11:06:22,972 [Socket Reader #9 for port 15109] INFO  ipc.Server (Server.java:run(1474)) - Starting Socket Reader #9 for port 15109
2025-01-03 11:06:22,972 [Socket Reader #10 for port 15109] INFO  ipc.Server (Server.java:run(1474)) - Starting Socket Reader #10 for port 15109
2025-01-03 11:06:22,973 [main] INFO  ipc.CallQueueManager (CallQueueManager.java:<init>(93)) - Using callQueue: class java.util.concurrent.LinkedBlockingQueue, queueCapacity: 10000, scheduler: class org.apache.hadoop.ipc.DefaultRpcScheduler, ipcBackoff: false, ipcFailOver: false.
2025-01-03 11:06:22,973 [main] INFO  ipc.Server (Server.java:<init>(1438)) - Listener at 0.0.0.0:15107
2025-01-03 11:06:22,974 [Socket Reader #1 for port 15107] INFO  ipc.Server (Server.java:run(1474)) - Starting Socket Reader #1 for port 15107
2025-01-03 11:06:22,974 [Socket Reader #2 for port 15107] INFO  ipc.Server (Server.java:run(1474)) - Starting Socket Reader #2 for port 15107
2025-01-03 11:06:22,974 [Socket Reader #3 for port 15107] INFO  ipc.Server (Server.java:run(1474)) - Starting Socket Reader #3 for port 15107
2025-01-03 11:06:22,974 [Socket Reader #4 for port 15107] INFO  ipc.Server (Server.java:run(1474)) - Starting Socket Reader #4 for port 15107
2025-01-03 11:06:22,974 [Socket Reader #5 for port 15107] INFO  ipc.Server (Server.java:run(1474)) - Starting Socket Reader #5 for port 15107
2025-01-03 11:06:22,974 [Socket Reader #6 for port 15107] INFO  ipc.Server (Server.java:run(1474)) - Starting Socket Reader #6 for port 15107
2025-01-03 11:06:22,975 [Socket Reader #7 for port 15107] INFO  ipc.Server (Server.java:run(1474)) - Starting Socket Reader #7 for port 15107
2025-01-03 11:06:22,975 [Socket Reader #8 for port 15107] INFO  ipc.Server (Server.java:run(1474)) - Starting Socket Reader #8 for port 15107
2025-01-03 11:06:22,975 [Socket Reader #10 for port 15107] INFO  ipc.Server (Server.java:run(1474)) - Starting Socket Reader #10 for port 15107
2025-01-03 11:06:22,975 [Socket Reader #9 for port 15107] INFO  ipc.Server (Server.java:run(1474)) - Starting Socket Reader #9 for port 15107
2025-01-03 11:06:22,978 [main] INFO  ha.SCMServiceManager (SCMServiceManager.java:register(42)) - Registering service ContainerBalancer.
2025-01-03 11:06:22,978 [main] INFO  ha.SCMContext (SCMContext.java:updateSafeModeStatus(225)) - Update SafeModeStatus from SafeModeStatus{safeModeStatus=true, preCheckPassed=false} to SafeModeStatus{safeModeStatus=true, preCheckPassed=false}.
2025-01-03 11:06:22,978 [main] INFO  server.StorageContainerManager (StorageContainerManager.java:start(1543)) - StorageContainerLocationProtocol RPC server is listening at /0.0.0.0:15107
2025-01-03 11:06:22,978 [main] INFO  ha.SCMRatisServerImpl (SCMRatisServerImpl.java:start(203)) - starting ratis server 0.0.0.0:15105
2025-01-03 11:06:22,978 [c4ddaf89-5638-4166-93d2-d351e01626c9-impl-thread1] INFO  server.RaftServerConfigKeys (ConfUtils.java:logGet(46)) - raft.server.storage.free-space.min = 0MB (=0) (default)
2025-01-03 11:06:22,978 [c4ddaf89-5638-4166-93d2-d351e01626c9-impl-thread1] INFO  server.RaftServerConfigKeys (ConfUtils.java:logGet(46)) - raft.server.log.corruption.policy = EXCEPTION (default)
2025-01-03 11:06:22,979 [c4ddaf89-5638-4166-93d2-d351e01626c9-impl-thread1] INFO  server.RaftServerConfigKeys (ConfUtils.java:logGet(46)) - raft.server.storage.dir = [/home/runner/work/ozone/ozone/hadoop-ozone/integration-test/target/test-dir/MiniOzoneClusterImpl-3f159d52-719f-49ad-b6d4-3e7f01cb1845/scmNode-1/scm-ha] (custom)
2025-01-03 11:06:22,980 [c4ddaf89-5638-4166-93d2-d351e01626c9-impl-thread1] INFO  storage.RaftStorageDirectory (RaftStorageDirectoryImpl.java:tryLock(229)) - Lock on /home/runner/work/ozone/ozone/hadoop-ozone/integration-test/target/test-dir/MiniOzoneClusterImpl-3f159d52-719f-49ad-b6d4-3e7f01cb1845/scmNode-1/scm-ha/3f159d52-719f-49ad-b6d4-3e7f01cb1845/in_use.lock acquired by nodename 70552@fv-az1204-267
2025-01-03 11:06:22,980 [c4ddaf89-5638-4166-93d2-d351e01626c9-impl-thread1] INFO  storage.RaftStorage (RaftStorageImpl.java:analyzeAndRecoverStorage(118)) - Read RaftStorageMetadata{term=1, votedFor=c4ddaf89-5638-4166-93d2-d351e01626c9} from /home/runner/work/ozone/ozone/hadoop-ozone/integration-test/target/test-dir/MiniOzoneClusterImpl-3f159d52-719f-49ad-b6d4-3e7f01cb1845/scmNode-1/scm-ha/3f159d52-719f-49ad-b6d4-3e7f01cb1845/current/raft-meta
2025-01-03 11:06:22,980 [c4ddaf89-5638-4166-93d2-d351e01626c9-impl-thread1] INFO  server.RaftServer$Division (ServerState.java:setRaftConf(386)) - c4ddaf89-5638-4166-93d2-d351e01626c9@group-3E7F01CB1845: set configuration conf: {index: 0, cur=peers:[c4ddaf89-5638-4166-93d2-d351e01626c9|localhost:15105]|listeners:[], old=null}
2025-01-03 11:06:22,981 [c4ddaf89-5638-4166-93d2-d351e01626c9-impl-thread1] INFO  ha.SCMStateMachine (SCMStateMachine.java:lambda$initialize$0(140)) - c4ddaf89-5638-4166-93d2-d351e01626c9: initialize group-3E7F01CB1845
2025-01-03 11:06:22,981 [c4ddaf89-5638-4166-93d2-d351e01626c9-impl-thread1] INFO  server.RaftServerConfigKeys (ConfUtils.java:logGet(46)) - raft.server.log.use.memory = false (default)
2025-01-03 11:06:22,981 [c4ddaf89-5638-4166-93d2-d351e01626c9-impl-thread1] INFO  server.RaftServerConfigKeys (ConfUtils.java:logGet(46)) - raft.server.log.purge.gap = 1000000 (custom)
2025-01-03 11:06:22,981 [c4ddaf89-5638-4166-93d2-d351e01626c9-impl-thread1] INFO  server.RaftServerConfigKeys (ConfUtils.java:logGet(46)) - raft.server.log.appender.buffer.byte-limit = 4194304 (custom)
2025-01-03 11:06:22,981 [c4ddaf89-5638-4166-93d2-d351e01626c9-impl-thread1] INFO  server.RaftServerConfigKeys (ConfUtils.java:logGet(46)) - raft.server.log.statemachine.data.read.timeout = 1000ms (default)
2025-01-03 11:06:22,981 [c4ddaf89-5638-4166-93d2-d351e01626c9-impl-thread1] INFO  server.RaftServerConfigKeys (ConfUtils.java:logGet(46)) - raft.server.log.purge.preservation.log.num = 0 (default)
2025-01-03 11:06:22,981 [c4ddaf89-5638-4166-93d2-d351e01626c9-impl-thread1] INFO  server.RaftServerConfigKeys (ConfUtils.java:logGet(46)) - raft.server.log.segment.size.max = 4194304 (custom)
2025-01-03 11:06:22,981 [c4ddaf89-5638-4166-93d2-d351e01626c9-impl-thread1] INFO  server.RaftServerConfigKeys (ConfUtils.java:logGet(46)) - raft.server.log.segment.cache.num.max = 2 (custom)
2025-01-03 11:06:22,981 [c4ddaf89-5638-4166-93d2-d351e01626c9-impl-thread1] INFO  server.RaftServerConfigKeys (ConfUtils.java:logGet(46)) - raft.server.log.segment.cache.size.max = 200MB (=209715200) (default)
2025-01-03 11:06:22,981 [c4ddaf89-5638-4166-93d2-d351e01626c9-impl-thread1] INFO  server.RaftServerConfigKeys (ConfUtils.java:logGet(46)) - raft.server.log.appender.buffer.byte-limit = 4194304 (custom)
2025-01-03 11:06:22,981 [c4ddaf89-5638-4166-93d2-d351e01626c9-impl-thread1] INFO  util.AwaitToRun (AwaitToRun.java:start(81)) - Thread[#2805,c4ddaf89-5638-4166-93d2-d351e01626c9@group-3E7F01CB1845-cacheEviction-AwaitToRun,5,main] started
2025-01-03 11:06:22,981 [c4ddaf89-5638-4166-93d2-d351e01626c9-impl-thread1] INFO  segmented.SegmentedRaftLogWorker (SegmentedRaftLogWorker.java:<init>(188)) - new c4ddaf89-5638-4166-93d2-d351e01626c9@group-3E7F01CB1845-SegmentedRaftLogWorker for RaftStorageImpl:Storage Directory /home/runner/work/ozone/ozone/hadoop-ozone/integration-test/target/test-dir/MiniOzoneClusterImpl-3f159d52-719f-49ad-b6d4-3e7f01cb1845/scmNode-1/scm-ha/3f159d52-719f-49ad-b6d4-3e7f01cb1845
2025-01-03 11:06:22,981 [c4ddaf89-5638-4166-93d2-d351e01626c9-impl-thread1] INFO  server.RaftServerConfigKeys (ConfUtils.java:logGet(46)) - raft.server.log.queue.byte-limit = 64MB (=67108864) (default)
2025-01-03 11:06:22,981 [c4ddaf89-5638-4166-93d2-d351e01626c9-impl-thread1] INFO  server.RaftServerConfigKeys (ConfUtils.java:logGet(46)) - raft.server.log.queue.element-limit = 4096 (default)
2025-01-03 11:06:22,982 [c4ddaf89-5638-4166-93d2-d351e01626c9-impl-thread1] INFO  server.RaftServerConfigKeys (ConfUtils.java:logGet(46)) - raft.server.log.segment.size.max = 4194304 (custom)
2025-01-03 11:06:22,982 [c4ddaf89-5638-4166-93d2-d351e01626c9-impl-thread1] INFO  server.RaftServerConfigKeys (ConfUtils.java:logGet(46)) - raft.server.log.preallocated.size = 4194304 (custom)
2025-01-03 11:06:22,982 [c4ddaf89-5638-4166-93d2-d351e01626c9-impl-thread1] INFO  server.RaftServerConfigKeys (ConfUtils.java:logGet(46)) - raft.server.log.force.sync.num = 128 (default)
2025-01-03 11:06:22,982 [c4ddaf89-5638-4166-93d2-d351e01626c9-impl-thread1] INFO  server.RaftServerConfigKeys (ConfUtils.java:logGet(46)) - raft.server.log.statemachine.data.sync = true (default)
2025-01-03 11:06:22,982 [c4ddaf89-5638-4166-93d2-d351e01626c9-impl-thread1] INFO  server.RaftServerConfigKeys (ConfUtils.java:logGet(46)) - raft.server.log.statemachine.data.sync.timeout = 10s (default)
2025-01-03 11:06:22,982 [c4ddaf89-5638-4166-93d2-d351e01626c9-impl-thread1] INFO  server.RaftServerConfigKeys (ConfUtils.java:logGet(46)) - raft.server.log.statemachine.data.sync.timeout.retry = -1 (default)
2025-01-03 11:06:22,982 [c4ddaf89-5638-4166-93d2-d351e01626c9-impl-thread1] INFO  server.RaftServerConfigKeys (ConfUtils.java:logGet(46)) - raft.server.log.write.buffer.size = 4194312 (custom)
2025-01-03 11:06:22,982 [c4ddaf89-5638-4166-93d2-d351e01626c9-impl-thread1] INFO  server.RaftServerConfigKeys (ConfUtils.java:logGet(46)) - raft.server.log.appender.buffer.byte-limit = 4194304 (custom)
2025-01-03 11:06:22,982 [c4ddaf89-5638-4166-93d2-d351e01626c9-impl-thread1] INFO  server.RaftServerConfigKeys (ConfUtils.java:logGet(46)) - raft.server.log.unsafe-flush.enabled = false (default)
2025-01-03 11:06:22,982 [c4ddaf89-5638-4166-93d2-d351e01626c9-impl-thread1] INFO  server.RaftServerConfigKeys (ConfUtils.java:logGet(46)) - raft.server.log.async-flush.enabled = false (default)
2025-01-03 11:06:22,982 [c4ddaf89-5638-4166-93d2-d351e01626c9-impl-thread1] INFO  server.RaftServerConfigKeys (ConfUtils.java:logGet(46)) - raft.server.log.statemachine.data.caching.enabled = false (default)
2025-01-03 11:06:22,983 [c4ddaf89-5638-4166-93d2-d351e01626c9-impl-thread1] INFO  server.RaftServer$Division (ServerState.java:setRaftConf(386)) - c4ddaf89-5638-4166-93d2-d351e01626c9@group-3E7F01CB1845: set configuration conf: {index: 0, cur=peers:[c4ddaf89-5638-4166-93d2-d351e01626c9|localhost:15105]|listeners:[], old=null}
2025-01-03 11:06:22,983 [c4ddaf89-5638-4166-93d2-d351e01626c9-impl-thread1] INFO  segmented.LogSegment (LogSegment.java:loadSegment(171)) - Successfully read 1 entries from segment file /home/runner/work/ozone/ozone/hadoop-ozone/integration-test/target/test-dir/MiniOzoneClusterImpl-3f159d52-719f-49ad-b6d4-3e7f01cb1845/scmNode-1/scm-ha/3f159d52-719f-49ad-b6d4-3e7f01cb1845/current/log_inprogress_0
2025-01-03 11:06:22,983 [c4ddaf89-5638-4166-93d2-d351e01626c9-impl-thread1] INFO  segmented.SegmentedRaftLogWorker (SegmentedRaftLogWorker.java:lambda$new$0(139)) - c4ddaf89-5638-4166-93d2-d351e01626c9@group-3E7F01CB1845-SegmentedRaftLogWorker: safeCacheEvictIndex: setUnconditionally 0 -> -1
2025-01-03 11:06:22,983 [c4ddaf89-5638-4166-93d2-d351e01626c9-impl-thread1] INFO  segmented.BufferedWriteChannel (BufferedWriteChannel.java:open(61)) - open log_inprogress_0 (append) at position 76
2025-01-03 11:06:22,983 [c4ddaf89-5638-4166-93d2-d351e01626c9-impl-thread1] INFO  server.RaftServer$Division (RaftServerImpl.java:start(391)) - c4ddaf89-5638-4166-93d2-d351e01626c9@group-3E7F01CB1845: start as a follower, conf=conf: {index: 0, cur=peers:[c4ddaf89-5638-4166-93d2-d351e01626c9|localhost:15105]|listeners:[], old=null}
2025-01-03 11:06:22,984 [c4ddaf89-5638-4166-93d2-d351e01626c9-impl-thread1] INFO  server.RaftServer$Division (RaftServerImpl.java:setRole(378)) - c4ddaf89-5638-4166-93d2-d351e01626c9@group-3E7F01CB1845: changes role from      null to FOLLOWER at term 1 for startAsFollower
2025-01-03 11:06:22,984 [c4ddaf89-5638-4166-93d2-d351e01626c9-impl-thread1] INFO  impl.RoleInfo (RoleInfo.java:updateAndGet(148)) - c4ddaf89-5638-4166-93d2-d351e01626c9: start c4ddaf89-5638-4166-93d2-d351e01626c9@group-3E7F01CB1845-FollowerState
2025-01-03 11:06:22,984 [c4ddaf89-5638-4166-93d2-d351e01626c9-impl-thread1] INFO  util.JmxRegister (JmxRegister.java:tryRegister(44)) - Successfully registered JMX Bean with object name Ratis:service=RaftServer,group=group-3E7F01CB1845,id=c4ddaf89-5638-4166-93d2-d351e01626c9
2025-01-03 11:06:22,984 [c4ddaf89-5638-4166-93d2-d351e01626c9-impl-thread1] INFO  util.JmxRegister (JmxRegister.java:register(58)) - register mxBean class org.apache.ratis.server.impl.RaftServerJmxAdapter as Ratis:service=RaftServer,group=group-3E7F01CB1845,id=c4ddaf89-5638-4166-93d2-d351e01626c9
2025-01-03 11:06:22,984 [c4ddaf89-5638-4166-93d2-d351e01626c9@group-3E7F01CB1845-FollowerState] INFO  server.RaftServerConfigKeys (ConfUtils.java:logFallback(53)) - raft.server.rpc.first-election.timeout.min = 5000ms (fallback to raft.server.rpc.timeout.min)
2025-01-03 11:06:22,984 [c4ddaf89-5638-4166-93d2-d351e01626c9@group-3E7F01CB1845-FollowerState] INFO  server.RaftServerConfigKeys (ConfUtils.java:logFallback(53)) - raft.server.rpc.first-election.timeout.max = 5200ms (fallback to raft.server.rpc.timeout.max)
2025-01-03 11:06:22,984 [c4ddaf89-5638-4166-93d2-d351e01626c9-impl-thread1] INFO  server.RaftServerConfigKeys (ConfUtils.java:logGet(46)) - raft.server.snapshot.trigger-when-stop.enabled = true (default)
2025-01-03 11:06:22,984 [c4ddaf89-5638-4166-93d2-d351e01626c9-impl-thread1] INFO  server.RaftServerConfigKeys (ConfUtils.java:logGet(46)) - raft.server.snapshot.trigger-when-remove.enabled = true (default)
2025-01-03 11:06:22,985 [c4ddaf89-5638-4166-93d2-d351e01626c9-impl-thread1] INFO  server.RaftServerConfigKeys (ConfUtils.java:logGet(46)) - raft.server.snapshot.auto.trigger.enabled = true (custom)
2025-01-03 11:06:22,985 [c4ddaf89-5638-4166-93d2-d351e01626c9-impl-thread1] INFO  server.RaftServerConfigKeys (ConfUtils.java:logGet(46)) - raft.server.snapshot.auto.trigger.threshold = 1000 (custom)
2025-01-03 11:06:22,985 [c4ddaf89-5638-4166-93d2-d351e01626c9-impl-thread1] INFO  server.RaftServerConfigKeys (ConfUtils.java:logGet(46)) - raft.server.snapshot.retention.file.num = -1 (default)
2025-01-03 11:06:22,985 [c4ddaf89-5638-4166-93d2-d351e01626c9-impl-thread1] INFO  server.RaftServerConfigKeys (ConfUtils.java:logGet(46)) - raft.server.log.purge.upto.snapshot.index = false (default)
2025-01-03 11:06:22,985 [c4ddaf89-5638-4166-93d2-d351e01626c9-impl-thread1] INFO  server.RaftServer$Division (RaftServerImpl.java:start(405)) - c4ddaf89-5638-4166-93d2-d351e01626c9@group-3E7F01CB1845: Successfully started.
2025-01-03 11:06:22,985 [main] INFO  server.RaftServer (RaftServerProxy.java:startImpl(407)) - c4ddaf89-5638-4166-93d2-d351e01626c9: start RPC server
2025-01-03 11:06:22,986 [main] INFO  server.GrpcService (GrpcService.java:startImpl(334)) - c4ddaf89-5638-4166-93d2-d351e01626c9: GrpcService started, listening on 15105
2025-01-03 11:06:22,986 [JvmPauseMonitor16] INFO  util.JvmPauseMonitor (JvmPauseMonitor.java:run(146)) - JvmPauseMonitor-c4ddaf89-5638-4166-93d2-d351e01626c9: Started
2025-01-03 11:06:22,986 [main] INFO  ha.SCMHAManagerImpl (SCMHAManagerImpl.java:start(146)) -  scm role is FOLLOWER peers [c4ddaf89-5638-4166-93d2-d351e01626c9|localhost:15105]
2025-01-03 11:06:22,986 [main] INFO  ha.InterSCMGrpcService (InterSCMGrpcProtocolService.java:start(99)) - Starting SCM Grpc Service at port 15108
2025-01-03 11:06:22,987 [main] INFO  SCMHATransactionMonitor (BackgroundSCMService.java:start(65)) - Starting SCMHATransactionMonitor Service.
2025-01-03 11:06:22,987 [main] INFO  ha.SCMServiceManager (SCMServiceManager.java:register(42)) - Registering service SCMHATransactionMonitor.
2025-01-03 11:06:22,987 [main] INFO  SCMHATransactionMonitor (BackgroundSCMService.java:start(62)) - SCMHATransactionMonitor Service is already running, skip start.
2025-01-03 11:06:22,988 [main] WARN  impl.MetricsConfig (MetricsConfig.java:loadFirst(138)) - Cannot locate configuration: tried hadoop-metrics2-storagecontainermanager.properties,hadoop-metrics2.properties
2025-01-03 11:06:22,989 [main] INFO  impl.MetricsSystemImpl (MetricsSystemImpl.java:startTimer(378)) - Scheduled Metric snapshot period at 10 second(s).
2025-01-03 11:06:22,989 [main] INFO  impl.MetricsSystemImpl (MetricsSystemImpl.java:start(191)) - StorageContainerManager metrics system started
2025-01-03 11:06:22,996 [main] INFO  impl.MetricsSinkAdapter (MetricsSinkAdapter.java:start(204)) - Sink prometheus started
2025-01-03 11:06:22,996 [main] INFO  impl.MetricsSystemImpl (MetricsSystemImpl.java:registerSink(305)) - Registered sink prometheus
2025-01-03 11:06:23,012 [main] INFO  server.SCMClientProtocolServer (SCMClientProtocolServer.java:start(213)) - RPC server for Client  is listening at /0.0.0.0:15107
2025-01-03 11:06:23,012 [IPC Server Responder] INFO  ipc.Server (Server.java:run(1713)) - IPC Server Responder: starting
2025-01-03 11:06:23,012 [IPC Server listener on 15107] INFO  ipc.Server (Server.java:run(1553)) - IPC Server listener on 15107: starting
2025-01-03 11:06:23,021 [main] INFO  server.StorageContainerManager (StorageContainerManager.java:start(1556)) - ScmBlockLocationProtocol RPC server is listening at /0.0.0.0:15109
2025-01-03 11:06:23,021 [main] INFO  server.SCMBlockProtocolServer (SCMBlockProtocolServer.java:start(172)) - RPC server for Block Protocol is listening at /0.0.0.0:15109
2025-01-03 11:06:23,021 [IPC Server Responder] INFO  ipc.Server (Server.java:run(1713)) - IPC Server Responder: starting
2025-01-03 11:06:23,022 [IPC Server listener on 15109] INFO  ipc.Server (Server.java:run(1553)) - IPC Server listener on 15109: starting
2025-01-03 11:06:23,031 [main] INFO  http.BaseHttpServer (BaseHttpServer.java:newHttpServer2BuilderForOzone(223)) - Starting Web-server for scm at: http://0.0.0.0:15102
2025-01-03 11:06:23,031 [main] INFO  http.BaseHttpServer (BaseHttpServer.java:<init>(110)) - Hadoop Security Enabled: false Ozone Security Enabled: false Ozone HTTP Security Enabled: false 
2025-01-03 11:06:23,032 [main] WARN  server.AuthenticationFilter (AuthenticationFilter.java:constructSecretProvider(240)) - Unable to initialize FileSignerSecretProvider, falling back to use random secrets. Reason: Could not read signature secret file: /home/runner/hadoop-http-auth-signature-secret
2025-01-03 11:06:23,033 [main] INFO  http.HttpRequestLog (HttpRequestLog.java:getRequestLog(86)) - Http request log for http.requests.scm is not defined
2025-01-03 11:06:23,034 [main] INFO  http.HttpServer2 (HttpServer2.java:addGlobalFilter(1035)) - Added global filter 'safety' (class=org.apache.hadoop.hdds.server.http.HttpServer2$QuotingInputFilter)
2025-01-03 11:06:23,035 [main] INFO  http.HttpServer2 (HttpServer2.java:addFilter(1011)) - Added filter static_user_filter (class=org.apache.hadoop.http.lib.StaticUserWebFilter$StaticUserFilter) to context scm
2025-01-03 11:06:23,035 [main] INFO  http.HttpServer2 (HttpServer2.java:addFilter(1019)) - Added filter static_user_filter (class=org.apache.hadoop.http.lib.StaticUserWebFilter$StaticUserFilter) to context logs
2025-01-03 11:06:23,036 [main] INFO  http.HttpServer2 (HttpServer2.java:addFilter(1019)) - Added filter static_user_filter (class=org.apache.hadoop.http.lib.StaticUserWebFilter$StaticUserFilter) to context static
2025-01-03 11:06:23,036 [main] INFO  http.BaseHttpServer (BaseHttpServer.java:<init>(189)) - HTTP server of scm uses base directory /home/runner/work/ozone/ozone/hadoop-ozone/integration-test/target/test-dir/MiniOzoneClusterImpl-3f159d52-719f-49ad-b6d4-3e7f01cb1845/scmNode-1/webserver
2025-01-03 11:06:23,037 [main] INFO  http.HttpServer2 (HttpServer2.java:bindListener(1235)) - Jetty bound to port 15102
2025-01-03 11:06:23,037 [main] INFO  server.Server (Server.java:doStart(375)) - jetty-9.4.56.v20240826; built: 2024-08-26T17:15:05.868Z; git: ec6782ff5ead824dabdcf47fa98f90a4aedff401; jvm 21.0.5+11-LTS
2025-01-03 11:06:23,038 [main] INFO  server.session (DefaultSessionIdManager.java:doStart(334)) - DefaultSessionIdManager workerName=node0
2025-01-03 11:06:23,038 [main] INFO  server.session (DefaultSessionIdManager.java:doStart(339)) - No SessionScavenger set, using defaults
2025-01-03 11:06:23,039 [main] INFO  server.session (HouseKeeper.java:startScavenging(132)) - node0 Scavenging every 600000ms
2025-01-03 11:06:23,039 [main] INFO  handler.ContextHandler (ContextHandler.java:doStart(921)) - Started o.e.j.s.ServletContextHandler@db7e9c3{logs,/logs,file:///home/runner/work/ozone/ozone/hadoop-ozone/integration-test/target/log,AVAILABLE}
2025-01-03 11:06:23,040 [main] INFO  handler.ContextHandler (ContextHandler.java:doStart(921)) - Started o.e.j.s.ServletContextHandler@4a41fcbd{static,/static,file:///home/runner/work/ozone/ozone/hadoop-ozone/integration-test/target/test-classes/webapps/static,AVAILABLE}
2025-01-03 11:06:23,044 [main] INFO  handler.ContextHandler (ContextHandler.java:doStart(921)) - Started o.e.j.w.WebAppContext@760d4b8{scm,/,file:///home/runner/work/ozone/ozone/hadoop-ozone/integration-test/target/test-classes/webapps/scm/,AVAILABLE}{file:/home/runner/work/ozone/ozone/hadoop-ozone/integration-test/target/test-classes/webapps/scm}
2025-01-03 11:06:23,044 [main] INFO  server.AbstractConnector (AbstractConnector.java:doStart(333)) - Started ServerConnector@62faf45f{HTTP/1.1, (http/1.1)}{0.0.0.0:15102}
2025-01-03 11:06:23,045 [main] INFO  server.Server (Server.java:doStart(415)) - Started @99706ms
2025-01-03 11:06:23,045 [main] WARN  impl.MetricsSystemImpl (MetricsSystemImpl.java:register(279)) - Sink prometheus already exists!
2025-01-03 11:06:23,045 [main] INFO  http.BaseHttpServer (BaseHttpServer.java:updateConnectorAddress(354)) - HTTP server of scm listening at http://0.0.0.0:15102
2025-01-03 11:06:23,046 [main] INFO  ozone.MiniOzoneHAClusterImpl (MiniOzoneHAClusterImpl.java:createSCMService(588)) - Started SCM RPC server at /0.0.0.0:15107
2025-01-03 11:06:23,046 [main] INFO  ha.OMHANodeDetails (OMHANodeDetails.java:loadOMHAConfig(121)) - ServiceID for OzoneManager is om-add-remove
2025-01-03 11:06:23,047 [main] INFO  ha.OMHANodeDetails (OMHANodeDetails.java:loadOMHAConfig(201)) - Found matching OM address with OMServiceId: om-add-remove, OMNodeId: omNode-1, RPC Address: localhost:15114 and Ratis port: 15117
2025-01-03 11:06:23,047 [main] INFO  ha.OMHANodeDetails (ConfUtils.java:setNodeSpecificConfigs(97)) - Setting configuration key ozone.om.http-address with value of key ozone.om.http-address.om-add-remove.omNode-1: 127.0.0.1:15115
2025-01-03 11:06:23,047 [main] INFO  ha.OMHANodeDetails (ConfUtils.java:setNodeSpecificConfigs(97)) - Setting configuration key ozone.om.https-address with value of key ozone.om.https-address.om-add-remove.omNode-1: 127.0.0.1:15116
2025-01-03 11:06:23,047 [main] INFO  ha.OMHANodeDetails (ConfUtils.java:setNodeSpecificConfigs(97)) - Setting configuration key ozone.om.address with value of key ozone.om.address.om-add-remove.omNode-1: 127.0.0.1:15114
2025-01-03 11:06:23,047 [main] WARN  server.ServerUtils (ServerUtils.java:getDBPath(299)) - ozone.om.db.dirs is not configured. We recommend adding this setting. Falling back to ozone.metadata.dirs instead.
2025-01-03 11:06:23,048 [main] INFO  ha.SCMNodeInfo (SCMNodeInfo.java:getPort(196)) - ConfigKey ozone.scm.client.address is deprecated, For configuring different ports for each SCM use PortConfigKey ozone.scm.client.port appended with serviceId and nodeId
2025-01-03 11:06:23,048 [main] INFO  ha.SCMNodeInfo (SCMNodeInfo.java:getPort(196)) - ConfigKey ozone.scm.block.client.address is deprecated, For configuring different ports for each SCM use PortConfigKey ozone.scm.block.client.port appended with serviceId and nodeId
2025-01-03 11:06:23,048 [main] INFO  ha.SCMNodeInfo (SCMNodeInfo.java:getPort(196)) - ConfigKey ozone.scm.security.service.address is deprecated, For configuring different ports for each SCM use PortConfigKey ozone.scm.security.service.port appended with serviceId and nodeId
2025-01-03 11:06:23,048 [main] INFO  ha.SCMNodeInfo (SCMNodeInfo.java:getPort(196)) - ConfigKey ozone.scm.datanode.address is deprecated, For configuring different ports for each SCM use PortConfigKey ozone.scm.datanode.port appended with serviceId and nodeId
2025-01-03 11:06:23,048 [main] INFO  proxy.SCMBlockLocationFailoverProxyProvider (SCMBlockLocationFailoverProxyProvider.java:<init>(115)) - Created block location fail-over proxy with 1 nodes: [nodeId=scmNode-1,nodeAddress=/127.0.0.1:15109]
2025-01-03 11:06:23,689 [92e9e395-ad5a-4c2b-9454-a52a5e78cd43-EndpointStateMachineTaskThread-/127.0.0.1:15055-0 ] INFO  ipc.Client (Client.java:handleConnectionFailure(966)) - Retrying connect to server: localhost/127.0.0.1:15055. Already tried 10 time(s); retry policy is RetryUpToMaximumCountWithFixedSleep(maxRetries=15, sleepTime=1000 MILLISECONDS)
2025-01-03 11:06:24,690 [92e9e395-ad5a-4c2b-9454-a52a5e78cd43-EndpointStateMachineTaskThread-/127.0.0.1:15055-0 ] INFO  ipc.Client (Client.java:handleConnectionFailure(966)) - Retrying connect to server: localhost/127.0.0.1:15055. Already tried 11 time(s); retry policy is RetryUpToMaximumCountWithFixedSleep(maxRetries=15, sleepTime=1000 MILLISECONDS)
2025-01-03 11:06:25,053 [main] INFO  retry.RetryInvocationHandler (RetryInvocationHandler.java:log(426)) - com.google.protobuf.ServiceException: org.apache.hadoop.ipc.RemoteException(org.apache.hadoop.hdds.ratis.ServerNotLeaderException): Server:c4ddaf89-5638-4166-93d2-d351e01626c9 is not the leader. Could not determine the leader node.
	at org.apache.hadoop.hdds.ratis.ServerNotLeaderException.convertToNotLeaderException(ServerNotLeaderException.java:105)
	at org.apache.hadoop.hdds.scm.ha.RatisUtil.checkRatisException(RatisUtil.java:248)
	at org.apache.hadoop.hdds.scm.protocol.ScmBlockLocationProtocolServerSideTranslatorPB.send(ScmBlockLocationProtocolServerSideTranslatorPB.java:112)
	at org.apache.hadoop.hdds.protocol.proto.ScmBlockLocationProtocolProtos$ScmBlockLocationProtocolService$2.callBlockingMethod(ScmBlockLocationProtocolProtos.java:15776)
	at org.apache.hadoop.ipc.ProtobufRpcEngine$Server.processCall(ProtobufRpcEngine.java:484)
	at org.apache.hadoop.ipc.ProtobufRpcEngine2$Server$ProtoBufRpcInvoker.call(ProtobufRpcEngine2.java:595)
	at org.apache.hadoop.ipc.ProtobufRpcEngine2$Server$ProtoBufRpcInvoker.call(ProtobufRpcEngine2.java:573)
	at org.apache.hadoop.ipc.RPC$Server.call(RPC.java:1227)
	at org.apache.hadoop.ipc.Server$RpcCall.run(Server.java:1246)
	at org.apache.hadoop.ipc.Server$RpcCall.run(Server.java:1169)
	at java.base/java.security.AccessController.doPrivileged(AccessController.java:714)
	at java.base/javax.security.auth.Subject.doAs(Subject.java:525)
	at org.apache.hadoop.security.UserGroupInformation.doAs(UserGroupInformation.java:1953)
	at org.apache.hadoop.ipc.Server$Handler.run(Server.java:3198)
, while invoking $Proxy104.send over nodeId=scmNode-1,nodeAddress=/127.0.0.1:15109 after 1 failover attempts. Trying to failover after sleeping for 2000ms. Current retry count: 1.
2025-01-03 11:06:25,690 [92e9e395-ad5a-4c2b-9454-a52a5e78cd43-EndpointStateMachineTaskThread-/127.0.0.1:15055-0 ] INFO  ipc.Client (Client.java:handleConnectionFailure(966)) - Retrying connect to server: localhost/127.0.0.1:15055. Already tried 12 time(s); retry policy is RetryUpToMaximumCountWithFixedSleep(maxRetries=15, sleepTime=1000 MILLISECONDS)
2025-01-03 11:06:26,691 [92e9e395-ad5a-4c2b-9454-a52a5e78cd43-EndpointStateMachineTaskThread-/127.0.0.1:15055-0 ] INFO  ipc.Client (Client.java:handleConnectionFailure(966)) - Retrying connect to server: localhost/127.0.0.1:15055. Already tried 13 time(s); retry policy is RetryUpToMaximumCountWithFixedSleep(maxRetries=15, sleepTime=1000 MILLISECONDS)
2025-01-03 11:06:27,055 [main] INFO  retry.RetryInvocationHandler (RetryInvocationHandler.java:log(426)) - com.google.protobuf.ServiceException: org.apache.hadoop.ipc.RemoteException(org.apache.hadoop.hdds.ratis.ServerNotLeaderException): Server:c4ddaf89-5638-4166-93d2-d351e01626c9 is not the leader. Could not determine the leader node.
	at org.apache.hadoop.hdds.ratis.ServerNotLeaderException.convertToNotLeaderException(ServerNotLeaderException.java:105)
	at org.apache.hadoop.hdds.scm.ha.RatisUtil.checkRatisException(RatisUtil.java:248)
	at org.apache.hadoop.hdds.scm.protocol.ScmBlockLocationProtocolServerSideTranslatorPB.send(ScmBlockLocationProtocolServerSideTranslatorPB.java:112)
	at org.apache.hadoop.hdds.protocol.proto.ScmBlockLocationProtocolProtos$ScmBlockLocationProtocolService$2.callBlockingMethod(ScmBlockLocationProtocolProtos.java:15776)
	at org.apache.hadoop.ipc.ProtobufRpcEngine$Server.processCall(ProtobufRpcEngine.java:484)
	at org.apache.hadoop.ipc.ProtobufRpcEngine2$Server$ProtoBufRpcInvoker.call(ProtobufRpcEngine2.java:595)
	at org.apache.hadoop.ipc.ProtobufRpcEngine2$Server$ProtoBufRpcInvoker.call(ProtobufRpcEngine2.java:573)
	at org.apache.hadoop.ipc.RPC$Server.call(RPC.java:1227)
	at org.apache.hadoop.ipc.Server$RpcCall.run(Server.java:1246)
	at org.apache.hadoop.ipc.Server$RpcCall.run(Server.java:1169)
	at java.base/java.security.AccessController.doPrivileged(AccessController.java:714)
	at java.base/javax.security.auth.Subject.doAs(Subject.java:525)
	at org.apache.hadoop.security.UserGroupInformation.doAs(UserGroupInformation.java:1953)
	at org.apache.hadoop.ipc.Server$Handler.run(Server.java:3198)
, while invoking $Proxy104.send over nodeId=scmNode-1,nodeAddress=/127.0.0.1:15109 after 2 failover attempts. Trying to failover after sleeping for 2000ms. Current retry count: 2.
2025-01-03 11:06:27,691 [92e9e395-ad5a-4c2b-9454-a52a5e78cd43-EndpointStateMachineTaskThread-/127.0.0.1:15055-0 ] INFO  ipc.Client (Client.java:handleConnectionFailure(966)) - Retrying connect to server: localhost/127.0.0.1:15055. Already tried 14 time(s); retry policy is RetryUpToMaximumCountWithFixedSleep(maxRetries=15, sleepTime=1000 MILLISECONDS)
2025-01-03 11:06:27,692 [92e9e395-ad5a-4c2b-9454-a52a5e78cd43-EndpointStateMachineTaskThread-/127.0.0.1:15055-0 ] WARN  statemachine.EndpointStateMachine (EndpointStateMachine.java:logIfNeeded(240)) - Unable to communicate to SCM server at localhost/127.0.0.1:15055 for past 0 seconds.
java.net.ConnectException: Call From fv-az1204-267/10.1.0.11 to localhost:15055 failed on connection exception: java.net.ConnectException: Connection refused; For more details see:  http://wiki.apache.org/hadoop/ConnectionRefused
	at java.base/jdk.internal.reflect.DirectConstructorHandleAccessor.newInstance(DirectConstructorHandleAccessor.java:62)
	at java.base/java.lang.reflect.Constructor.newInstanceWithCaller(Constructor.java:502)
	at java.base/java.lang.reflect.Constructor.newInstance(Constructor.java:486)
	at org.apache.hadoop.net.NetUtils.wrapWithMessage(NetUtils.java:961)
	at org.apache.hadoop.net.NetUtils.wrapException(NetUtils.java:876)
	at org.apache.hadoop.ipc.Client.getRpcResponse(Client.java:1588)
	at org.apache.hadoop.ipc.Client.call(Client.java:1529)
	at org.apache.hadoop.ipc.Client.call(Client.java:1426)
	at org.apache.hadoop.ipc.ProtobufRpcEngine$Invoker.invoke(ProtobufRpcEngine.java:250)
	at org.apache.hadoop.ipc.ProtobufRpcEngine$Invoker.invoke(ProtobufRpcEngine.java:132)
	at jdk.proxy2/jdk.proxy2.$Proxy111.submitRequest(Unknown Source)
	at org.apache.hadoop.ozone.protocolPB.StorageContainerDatanodeProtocolClientSideTranslatorPB.submitRequest(StorageContainerDatanodeProtocolClientSideTranslatorPB.java:115)
	at org.apache.hadoop.ozone.protocolPB.StorageContainerDatanodeProtocolClientSideTranslatorPB.sendHeartbeat(StorageContainerDatanodeProtocolClientSideTranslatorPB.java:146)
	at org.apache.hadoop.ozone.container.common.states.endpoint.HeartbeatEndpointTask.call(HeartbeatEndpointTask.java:183)
	at org.apache.hadoop.ozone.container.common.states.endpoint.HeartbeatEndpointTask.call(HeartbeatEndpointTask.java:87)
	at java.base/java.util.concurrent.FutureTask.run(FutureTask.java:317)
	at java.base/java.util.concurrent.ThreadPoolExecutor.runWorker(ThreadPoolExecutor.java:1144)
	at java.base/java.util.concurrent.ThreadPoolExecutor$Worker.run(ThreadPoolExecutor.java:642)
	at java.base/java.lang.Thread.run(Thread.java:1583)
Caused by: java.net.ConnectException: Connection refused
	at java.base/sun.nio.ch.Net.pollConnect(Native Method)
	at java.base/sun.nio.ch.Net.pollConnectNow(Net.java:682)
	at java.base/sun.nio.ch.SocketChannelImpl.finishConnect(SocketChannelImpl.java:973)
	at org.apache.hadoop.net.SocketIOWithTimeout.connect(SocketIOWithTimeout.java:205)
	at org.apache.hadoop.net.NetUtils.connect(NetUtils.java:614)
	at org.apache.hadoop.ipc.Client$Connection.setupConnection(Client.java:668)
	at org.apache.hadoop.ipc.Client$Connection.setupIOstreams(Client.java:789)
	at org.apache.hadoop.ipc.Client$Connection.access$3800(Client.java:364)
	at org.apache.hadoop.ipc.Client.getConnection(Client.java:1649)
	at org.apache.hadoop.ipc.Client.call(Client.java:1473)
	... 12 more
2025-01-03 11:06:28,167 [c4ddaf89-5638-4166-93d2-d351e01626c9@group-3E7F01CB1845-FollowerState] INFO  impl.FollowerState (FollowerState.java:runImpl(161)) - c4ddaf89-5638-4166-93d2-d351e01626c9@group-3E7F01CB1845-FollowerState: change to CANDIDATE, lastRpcElapsedTime:5183694605ns, electionTimeout:5183ms
2025-01-03 11:06:28,167 [c4ddaf89-5638-4166-93d2-d351e01626c9@group-3E7F01CB1845-FollowerState] INFO  impl.RoleInfo (RoleInfo.java:shutdownFollowerState(121)) - c4ddaf89-5638-4166-93d2-d351e01626c9: shutdown c4ddaf89-5638-4166-93d2-d351e01626c9@group-3E7F01CB1845-FollowerState
2025-01-03 11:06:28,168 [c4ddaf89-5638-4166-93d2-d351e01626c9@group-3E7F01CB1845-FollowerState] INFO  server.RaftServer$Division (RaftServerImpl.java:setRole(378)) - c4ddaf89-5638-4166-93d2-d351e01626c9@group-3E7F01CB1845: changes role from  FOLLOWER to CANDIDATE at term 1 for changeToCandidate
2025-01-03 11:06:28,168 [c4ddaf89-5638-4166-93d2-d351e01626c9@group-3E7F01CB1845-FollowerState] INFO  server.RaftServerConfigKeys (ConfUtils.java:logGet(46)) - raft.server.leaderelection.pre-vote = true (default)
2025-01-03 11:06:28,168 [c4ddaf89-5638-4166-93d2-d351e01626c9@group-3E7F01CB1845-FollowerState] INFO  impl.RoleInfo (RoleInfo.java:updateAndGet(148)) - c4ddaf89-5638-4166-93d2-d351e01626c9: start c4ddaf89-5638-4166-93d2-d351e01626c9@group-3E7F01CB1845-LeaderElection23
2025-01-03 11:06:28,168 [c4ddaf89-5638-4166-93d2-d351e01626c9@group-3E7F01CB1845-LeaderElection23] INFO  impl.LeaderElection (LeaderElection.java:askForVotes(332)) - c4ddaf89-5638-4166-93d2-d351e01626c9@group-3E7F01CB1845-LeaderElection23 PRE_VOTE round 0: submit vote requests at term 1 for conf: {index: 0, cur=peers:[c4ddaf89-5638-4166-93d2-d351e01626c9|localhost:15105]|listeners:[], old=null}
2025-01-03 11:06:28,168 [c4ddaf89-5638-4166-93d2-d351e01626c9@group-3E7F01CB1845-LeaderElection23] INFO  impl.LeaderElection (LeaderElection.java:askForVotes(334)) - c4ddaf89-5638-4166-93d2-d351e01626c9@group-3E7F01CB1845-LeaderElection23 PRE_VOTE round 0: result PASSED (term=1)
2025-01-03 11:06:28,170 [c4ddaf89-5638-4166-93d2-d351e01626c9@group-3E7F01CB1845-LeaderElection23] INFO  impl.LeaderElection (LeaderElection.java:askForVotes(332)) - c4ddaf89-5638-4166-93d2-d351e01626c9@group-3E7F01CB1845-LeaderElection23 ELECTION round 0: submit vote requests at term 2 for conf: {index: 0, cur=peers:[c4ddaf89-5638-4166-93d2-d351e01626c9|localhost:15105]|listeners:[], old=null}
2025-01-03 11:06:28,170 [c4ddaf89-5638-4166-93d2-d351e01626c9@group-3E7F01CB1845-LeaderElection23] INFO  impl.LeaderElection (LeaderElection.java:askForVotes(334)) - c4ddaf89-5638-4166-93d2-d351e01626c9@group-3E7F01CB1845-LeaderElection23 ELECTION round 0: result PASSED (term=2)
2025-01-03 11:06:28,170 [c4ddaf89-5638-4166-93d2-d351e01626c9@group-3E7F01CB1845-LeaderElection23] INFO  impl.RoleInfo (RoleInfo.java:shutdownLeaderElection(141)) - c4ddaf89-5638-4166-93d2-d351e01626c9: shutdown c4ddaf89-5638-4166-93d2-d351e01626c9@group-3E7F01CB1845-LeaderElection23
2025-01-03 11:06:28,170 [c4ddaf89-5638-4166-93d2-d351e01626c9@group-3E7F01CB1845-LeaderElection23] INFO  server.RaftServer$Division (RaftServerImpl.java:setRole(378)) - c4ddaf89-5638-4166-93d2-d351e01626c9@group-3E7F01CB1845: changes role from CANDIDATE to LEADER at term 2 for changeToLeader
2025-01-03 11:06:28,170 [c4ddaf89-5638-4166-93d2-d351e01626c9@group-3E7F01CB1845-LeaderElection23] INFO  server.RaftServerConfigKeys (ConfUtils.java:logGet(46)) - raft.server.staging.catchup.gap = 1000 (default)
2025-01-03 11:06:28,170 [c4ddaf89-5638-4166-93d2-d351e01626c9@group-3E7F01CB1845-LeaderElection23] INFO  server.RaftServerConfigKeys (ConfUtils.java:logGet(46)) - raft.server.write.element-limit = 4096 (default)
2025-01-03 11:06:28,170 [c4ddaf89-5638-4166-93d2-d351e01626c9@group-3E7F01CB1845-LeaderElection23] INFO  server.RaftServerConfigKeys (ConfUtils.java:logGet(46)) - raft.server.write.byte-limit = 64MB (=67108864) (default)
2025-01-03 11:06:28,170 [c4ddaf89-5638-4166-93d2-d351e01626c9@group-3E7F01CB1845-LeaderElection23] INFO  server.RaftServerConfigKeys (ConfUtils.java:logGet(46)) - raft.server.watch.timeout = 10s (default)
2025-01-03 11:06:28,171 [c4ddaf89-5638-4166-93d2-d351e01626c9@group-3E7F01CB1845-LeaderElection23] INFO  server.RaftServerConfigKeys (ConfUtils.java:logGet(46)) - raft.server.watch.timeout.denomination = 1s (default)
2025-01-03 11:06:28,171 [c4ddaf89-5638-4166-93d2-d351e01626c9@group-3E7F01CB1845-LeaderElection23] INFO  server.RaftServerConfigKeys (ConfUtils.java:logGet(46)) - raft.server.watch.element-limit = 65536 (default)
2025-01-03 11:06:28,171 [c4ddaf89-5638-4166-93d2-d351e01626c9@group-3E7F01CB1845-LeaderElection23] INFO  server.RaftServerConfigKeys (ConfUtils.java:logGet(46)) - raft.server.read.leader.lease.enabled = false (default)
2025-01-03 11:06:28,171 [c4ddaf89-5638-4166-93d2-d351e01626c9@group-3E7F01CB1845-LeaderElection23] INFO  server.RaftServerConfigKeys (ConfUtils.java:logGet(46)) - raft.server.read.leader.lease.timeout.ratio = 0.9 (default)
2025-01-03 11:06:28,171 [c4ddaf89-5638-4166-93d2-d351e01626c9@group-3E7F01CB1845-LeaderElection23] INFO  server.RaftServerConfigKeys (ConfUtils.java:logGet(46)) - raft.server.rpc.timeout.min = 5000ms (custom)
2025-01-03 11:06:28,171 [c4ddaf89-5638-4166-93d2-d351e01626c9@group-3E7F01CB1845-LeaderElection23] INFO  server.RaftServerConfigKeys (ConfUtils.java:logGet(46)) - raft.server.log.log-metadata.enabled = true (default)
2025-01-03 11:06:28,171 [c4ddaf89-5638-4166-93d2-d351e01626c9@group-3E7F01CB1845-LeaderElection23] INFO  server.RaftServerConfigKeys (ConfUtils.java:logGet(46)) - raft.server.write.element-limit = 4096 (default)
2025-01-03 11:06:28,171 [c4ddaf89-5638-4166-93d2-d351e01626c9@group-3E7F01CB1845-LeaderElection23] INFO  server.RaftServerConfigKeys (ConfUtils.java:logGet(46)) - raft.server.write.follower.gap.ratio.max = -1.0 (default)
2025-01-03 11:06:28,171 [c4ddaf89-5638-4166-93d2-d351e01626c9@group-3E7F01CB1845-LeaderElection23] INFO  impl.RoleInfo (RoleInfo.java:updateAndGet(148)) - c4ddaf89-5638-4166-93d2-d351e01626c9: start c4ddaf89-5638-4166-93d2-d351e01626c9@group-3E7F01CB1845-LeaderStateImpl
2025-01-03 11:06:28,171 [c4ddaf89-5638-4166-93d2-d351e01626c9@group-3E7F01CB1845-LeaderElection23] INFO  server.RaftServer$Division (RaftServerImpl.java:setFirstElection(562)) - c4ddaf89-5638-4166-93d2-d351e01626c9@group-3E7F01CB1845: set firstElectionSinceStartup to false for becomeLeader
2025-01-03 11:06:28,171 [c4ddaf89-5638-4166-93d2-d351e01626c9@group-3E7F01CB1845-LeaderElection23] INFO  ha.SCMStateMachine (SCMStateMachine.java:notifyLeaderChanged(296)) - current SCM becomes leader of term 2.
2025-01-03 11:06:28,171 [c4ddaf89-5638-4166-93d2-d351e01626c9@group-3E7F01CB1845-LeaderElection23] INFO  ha.SCMContext (SCMContext.java:updateLeaderAndTerm(96)) - update <isLeader,term> from <false,0> to <true,2>
2025-01-03 11:06:28,171 [c4ddaf89-5638-4166-93d2-d351e01626c9@group-3E7F01CB1845-LeaderElection23] INFO  server.RaftServer$Division (ServerState.java:setLeader(272)) - c4ddaf89-5638-4166-93d2-d351e01626c9@group-3E7F01CB1845: change Leader from null to c4ddaf89-5638-4166-93d2-d351e01626c9 at term 2 for becomeLeader, leader elected after 5219ms
2025-01-03 11:06:28,172 [c4ddaf89-5638-4166-93d2-d351e01626c9@group-3E7F01CB1845-LeaderElection23] INFO  segmented.SegmentedRaftLogWorker (SegmentedRaftLogWorker.java:rollLogSegment(443)) - c4ddaf89-5638-4166-93d2-d351e01626c9@group-3E7F01CB1845-SegmentedRaftLogWorker: Rolling segment log-0_0 to index:0
2025-01-03 11:06:28,172 [c4ddaf89-5638-4166-93d2-d351e01626c9@group-3E7F01CB1845-LeaderElection23] INFO  server.RaftServer$Division (ServerState.java:setRaftConf(386)) - c4ddaf89-5638-4166-93d2-d351e01626c9@group-3E7F01CB1845: set configuration conf: {index: 1, cur=peers:[c4ddaf89-5638-4166-93d2-d351e01626c9|localhost:15105]|listeners:[], old=null}
2025-01-03 11:06:28,172 [c4ddaf89-5638-4166-93d2-d351e01626c9@group-3E7F01CB1845-SegmentedRaftLogWorker] INFO  segmented.SegmentedRaftLogWorker (SegmentedRaftLogWorker.java:execute(601)) - c4ddaf89-5638-4166-93d2-d351e01626c9@group-3E7F01CB1845-SegmentedRaftLogWorker: Rolled log segment from /home/runner/work/ozone/ozone/hadoop-ozone/integration-test/target/test-dir/MiniOzoneClusterImpl-3f159d52-719f-49ad-b6d4-3e7f01cb1845/scmNode-1/scm-ha/3f159d52-719f-49ad-b6d4-3e7f01cb1845/current/log_inprogress_0 to /home/runner/work/ozone/ozone/hadoop-ozone/integration-test/target/test-dir/MiniOzoneClusterImpl-3f159d52-719f-49ad-b6d4-3e7f01cb1845/scmNode-1/scm-ha/3f159d52-719f-49ad-b6d4-3e7f01cb1845/current/log_0-0
2025-01-03 11:06:28,173 [c4ddaf89-5638-4166-93d2-d351e01626c9@group-3E7F01CB1845-SegmentedRaftLogWorker] INFO  segmented.BufferedWriteChannel (BufferedWriteChannel.java:open(61)) - open log_inprogress_1 at position 0
2025-01-03 11:06:28,184 [c4ddaf89-5638-4166-93d2-d351e01626c9@group-3E7F01CB1845-SegmentedRaftLogWorker] INFO  segmented.SegmentedRaftLogWorker (SegmentedRaftLogWorker.java:execute(644)) - c4ddaf89-5638-4166-93d2-d351e01626c9@group-3E7F01CB1845-SegmentedRaftLogWorker: created new log segment /home/runner/work/ozone/ozone/hadoop-ozone/integration-test/target/test-dir/MiniOzoneClusterImpl-3f159d52-719f-49ad-b6d4-3e7f01cb1845/scmNode-1/scm-ha/3f159d52-719f-49ad-b6d4-3e7f01cb1845/current/log_inprogress_1
2025-01-03 11:06:28,187 [c4ddaf89-5638-4166-93d2-d351e01626c9@group-3E7F01CB1845-StateMachineUpdater] INFO  server.RaftServer$Division (LeaderStateImpl.java:checkStartIndex(313)) - Leader c4ddaf89-5638-4166-93d2-d351e01626c9@group-3E7F01CB1845-LeaderStateImpl is ready since appliedIndex == startIndex == 1
2025-01-03 11:06:28,187 [c4ddaf89-5638-4166-93d2-d351e01626c9@group-3E7F01CB1845-StateMachineUpdater] INFO  ha.SCMContext (SCMContext.java:setLeaderReady(123)) - update <isLeaderReady> from <false> to <true>
2025-01-03 11:06:28,187 [c4ddaf89-5638-4166-93d2-d351e01626c9@group-3E7F01CB1845-StateMachineUpdater] INFO  pipeline.BackgroundPipelineCreator (BackgroundPipelineCreator.java:notifyStatusChanged(258)) - Service BackgroundPipelineCreator transitions to RUNNING.
2025-01-03 11:06:28,187 [c4ddaf89-5638-4166-93d2-d351e01626c9@group-3E7F01CB1845-StateMachineUpdater] INFO  safemode.HealthyPipelineSafeModeRule (HealthyPipelineSafeModeRule.java:initializeRule(172)) - Refreshed total pipeline count is 0, healthy pipeline threshold count is 1
2025-01-03 11:06:28,187 [c4ddaf89-5638-4166-93d2-d351e01626c9@group-3E7F01CB1845-StateMachineUpdater] INFO  safemode.ContainerSafeModeRule (ContainerSafeModeRule.java:initializeRule(353)) - Refreshed Containers with one replica threshold count 0, with ec n replica threshold count 0.
2025-01-03 11:06:28,187 [c4ddaf89-5638-4166-93d2-d351e01626c9@group-3E7F01CB1845-StateMachineUpdater] INFO  safemode.OneReplicaPipelineSafeModeRule (OneReplicaPipelineSafeModeRule.java:initializeRule(189)) - Refreshed Total pipeline count is 0, pipeline's with at least one datanode reported threshold count is 0
2025-01-03 11:06:28,187 [c4ddaf89-5638-4166-93d2-d351e01626c9@group-3E7F01CB1845-StateMachineUpdater] INFO  server.SCMDatanodeProtocolServer (SCMDatanodeProtocolServer.java:start(199)) - ScmDatanodeProtocol RPC server for DataNodes is listening at /0.0.0.0:15106
2025-01-03 11:06:28,188 [IPC Server Responder] INFO  ipc.Server (Server.java:run(1713)) - IPC Server Responder: starting
2025-01-03 11:06:28,188 [IPC Server listener on 15106] INFO  ipc.Server (Server.java:run(1553)) - IPC Server listener on 15106: starting
OM initialization succeeded.Current cluster id for sd=/home/runner/work/ozone/ozone/hadoop-ozone/integration-test/target/test-dir/MiniOzoneClusterImpl-3f159d52-719f-49ad-b6d4-3e7f01cb1845/omNode-1/om;cid=3f159d52-719f-49ad-b6d4-3e7f01cb1845;layoutVersion=8
2025-01-03 11:06:29,058 [main] INFO  ha.OMHANodeDetails (OMHANodeDetails.java:loadOMHAConfig(121)) - ServiceID for OzoneManager is om-add-remove
2025-01-03 11:06:29,059 [main] INFO  ha.OMHANodeDetails (OMHANodeDetails.java:loadOMHAConfig(201)) - Found matching OM address with OMServiceId: om-add-remove, OMNodeId: omNode-1, RPC Address: localhost:15114 and Ratis port: 15117
2025-01-03 11:06:29,059 [main] INFO  ha.OMHANodeDetails (ConfUtils.java:setNodeSpecificConfigs(97)) - Setting configuration key ozone.om.http-address with value of key ozone.om.http-address.om-add-remove.omNode-1: 127.0.0.1:15115
2025-01-03 11:06:29,059 [main] INFO  ha.OMHANodeDetails (ConfUtils.java:setNodeSpecificConfigs(97)) - Setting configuration key ozone.om.https-address with value of key ozone.om.https-address.om-add-remove.omNode-1: 127.0.0.1:15116
2025-01-03 11:06:29,059 [main] INFO  ha.OMHANodeDetails (ConfUtils.java:setNodeSpecificConfigs(97)) - Setting configuration key ozone.om.address with value of key ozone.om.address.om-add-remove.omNode-1: 127.0.0.1:15114
2025-01-03 11:06:29,059 [main] WARN  server.ServerUtils (ServerUtils.java:getDBPath(299)) - ozone.om.db.dirs is not configured. We recommend adding this setting. Falling back to ozone.metadata.dirs instead.
2025-01-03 11:06:29,060 [main] INFO  upgrade.AbstractLayoutVersionManager (AbstractLayoutVersionManager.java:init(83)) - Initializing Layout version manager with metadata layout = DELEGATION_TOKEN_SYMMETRIC_SIGN (version = 8), software layout = DELEGATION_TOKEN_SYMMETRIC_SIGN (version = 8)
2025-01-03 11:06:29,102 [main] INFO  reflections.Reflections (Reflections.java:scan(219)) - Reflections took 41 ms to scan 2 urls, producing 200 keys and 591 values
2025-01-03 11:06:29,102 [main] INFO  upgrade.OMLayoutVersionManager (OMLayoutVersionManager.java:lambda$0(113)) - Skipping Upgrade Action QuotaRepairUpgradeAction since it has been finalized.
2025-01-03 11:06:29,102 [main] INFO  upgrade.OMLayoutVersionManager (OMLayoutVersionManager.java:lambda$0(113)) - Skipping Upgrade Action MockOmUpgradeAction since it has been finalized.
2025-01-03 11:06:29,102 [main] WARN  server.ServerUtils (ServerUtils.java:getDBPath(299)) - ozone.om.db.dirs is not configured. We recommend adding this setting. Falling back to ozone.metadata.dirs instead.
2025-01-03 11:06:29,103 [main] INFO  ha.SCMNodeInfo (SCMNodeInfo.java:getPort(196)) - ConfigKey ozone.scm.client.address is deprecated, For configuring different ports for each SCM use PortConfigKey ozone.scm.client.port appended with serviceId and nodeId
2025-01-03 11:06:29,103 [main] INFO  ha.SCMNodeInfo (SCMNodeInfo.java:getPort(196)) - ConfigKey ozone.scm.block.client.address is deprecated, For configuring different ports for each SCM use PortConfigKey ozone.scm.block.client.port appended with serviceId and nodeId
2025-01-03 11:06:29,103 [main] INFO  ha.SCMNodeInfo (SCMNodeInfo.java:getPort(196)) - ConfigKey ozone.scm.security.service.address is deprecated, For configuring different ports for each SCM use PortConfigKey ozone.scm.security.service.port appended with serviceId and nodeId
2025-01-03 11:06:29,103 [main] INFO  ha.SCMNodeInfo (SCMNodeInfo.java:getPort(196)) - ConfigKey ozone.scm.datanode.address is deprecated, For configuring different ports for each SCM use PortConfigKey ozone.scm.datanode.port appended with serviceId and nodeId
2025-01-03 11:06:29,103 [main] INFO  ha.SCMNodeInfo (SCMNodeInfo.java:getPort(196)) - ConfigKey ozone.scm.client.address is deprecated, For configuring different ports for each SCM use PortConfigKey ozone.scm.client.port appended with serviceId and nodeId
2025-01-03 11:06:29,104 [main] INFO  ha.SCMNodeInfo (SCMNodeInfo.java:getPort(196)) - ConfigKey ozone.scm.block.client.address is deprecated, For configuring different ports for each SCM use PortConfigKey ozone.scm.block.client.port appended with serviceId and nodeId
2025-01-03 11:06:29,104 [main] INFO  ha.SCMNodeInfo (SCMNodeInfo.java:getPort(196)) - ConfigKey ozone.scm.security.service.address is deprecated, For configuring different ports for each SCM use PortConfigKey ozone.scm.security.service.port appended with serviceId and nodeId
2025-01-03 11:06:29,104 [main] INFO  ha.SCMNodeInfo (SCMNodeInfo.java:getPort(196)) - ConfigKey ozone.scm.datanode.address is deprecated, For configuring different ports for each SCM use PortConfigKey ozone.scm.datanode.port appended with serviceId and nodeId
2025-01-03 11:06:29,104 [main] INFO  proxy.SCMBlockLocationFailoverProxyProvider (SCMBlockLocationFailoverProxyProvider.java:<init>(115)) - Created block location fail-over proxy with 1 nodes: [nodeId=scmNode-1,nodeAddress=/127.0.0.1:15109]
2025-01-03 11:06:29,105 [main] INFO  ha.SCMNodeInfo (SCMNodeInfo.java:getPort(196)) - ConfigKey ozone.scm.client.address is deprecated, For configuring different ports for each SCM use PortConfigKey ozone.scm.client.port appended with serviceId and nodeId
2025-01-03 11:06:29,105 [main] INFO  ha.SCMNodeInfo (SCMNodeInfo.java:getPort(196)) - ConfigKey ozone.scm.block.client.address is deprecated, For configuring different ports for each SCM use PortConfigKey ozone.scm.block.client.port appended with serviceId and nodeId
2025-01-03 11:06:29,105 [main] INFO  ha.SCMNodeInfo (SCMNodeInfo.java:getPort(196)) - ConfigKey ozone.scm.security.service.address is deprecated, For configuring different ports for each SCM use PortConfigKey ozone.scm.security.service.port appended with serviceId and nodeId
2025-01-03 11:06:29,105 [main] INFO  ha.SCMNodeInfo (SCMNodeInfo.java:getPort(196)) - ConfigKey ozone.scm.datanode.address is deprecated, For configuring different ports for each SCM use PortConfigKey ozone.scm.datanode.port appended with serviceId and nodeId
2025-01-03 11:06:29,105 [main] INFO  proxy.SCMBlockLocationFailoverProxyProvider (SCMBlockLocationFailoverProxyProvider.java:<init>(115)) - Created block location fail-over proxy with 1 nodes: [nodeId=scmNode-1,nodeAddress=/127.0.0.1:15109]
2025-01-03 11:06:29,109 [main] INFO  om.OzoneManager (OzoneManager.java:<init>(695)) - OM start with adminUsers: [runner]
2025-01-03 11:06:29,109 [main] WARN  server.ServerUtils (ServerUtils.java:getDBPath(299)) - ozone.om.db.dirs is not configured. We recommend adding this setting. Falling back to ozone.metadata.dirs instead.
2025-01-03 11:06:29,110 [main] INFO  helpers.OmKeyInfo (OmKeyInfo.java:getCodec(73)) - OmKeyInfo.getCodec ignorePipeline = true
2025-01-03 11:06:29,276 [main] INFO  om.OzoneManager (OzoneManager.java:instantiateServices(827)) - S3 Multi-Tenancy is disabled
2025-01-03 11:06:29,277 [main] INFO  om.OmSnapshotManager (OmSnapshotManager.java:<init>(183)) - Ozone filesystem snapshot feature is enabled.
2025-01-03 11:06:29,277 [main] WARN  server.ServerUtils (ServerUtils.java:getDBPath(299)) - ozone.om.snapshot.diff.db.dir is not configured. We recommend adding this setting. Falling back to ozone.metadata.dirs instead.
2025-01-03 11:06:29,299 [main] INFO  utils.NativeLibraryLoader (NativeLibraryLoader.java:loadLibrary(122)) - Loading Library: ozone_rocksdb_tools
2025-01-03 11:06:29,299 [main] WARN  snapshot.SnapshotDiffManager (SnapshotDiffManager.java:initNativeLibraryForEfficientDiff(287)) - Native Library for raw sst file reading loading failed. Fallback to performing a full diff instead. Unable to load library ozone_rocksdb_tools from both java.library.path & resource file libozone_rocksdb_tools.so from jar.
2025-01-03 11:06:29,301 [main] INFO  om.OzoneManager (OzoneManager.java:addS3GVolumeToDB(4607)) - Created Volume s3v With Owner runner required for S3Gateway operations.
2025-01-03 11:06:29,301 [main] WARN  server.ServerUtils (ServerUtils.java:getDefaultRatisDirectory(311)) - Storage directory for Ratis is not configured. It is a good idea to map this to an SSD disk. Falling back to ozone.metadata.dirs
2025-01-03 11:06:29,302 [main] WARN  utils.OzoneManagerRatisUtils (OzoneManagerRatisUtils.java:getOMRatisSnapshotDirectory(493)) - ozone.om.ratis.snapshot.dir is not configured. Falling back to ozone.metadata.dirs config
2025-01-03 11:06:29,302 [main] INFO  utils.RDBSnapshotProvider (RDBSnapshotProvider.java:init(87)) - Cleaning up the candidate dir: /home/runner/work/ozone/ozone/hadoop-ozone/integration-test/target/test-dir/MiniOzoneClusterImpl-3f159d52-719f-49ad-b6d4-3e7f01cb1845/omNode-1/snapshot/om.db.candidate
2025-01-03 11:06:29,302 [main] INFO  ratis_snapshot.OmRatisSnapshotProvider (OmRatisSnapshotProvider.java:<init>(99)) - Initializing OM Snapshot Provider
2025-01-03 11:06:29,303 [main] WARN  dropwizard3.Dm3MetricRegistriesImpl (Dm3MetricRegistriesImpl.java:addReporterRegistration(114)) - New reporters are added after registries were created. Some metrics will be missing from the reporter. Please add reporter before adding any new registry.
2025-01-03 11:06:29,303 [main] WARN  dropwizard3.Dm3MetricRegistriesImpl (Dm3MetricRegistriesImpl.java:addReporterRegistration(114)) - New reporters are added after registries were created. Some metrics will be missing from the reporter. Please add reporter before adding any new registry.
2025-01-03 11:06:29,303 [main] WARN  server.ServerUtils (ServerUtils.java:getDefaultRatisDirectory(311)) - Storage directory for Ratis is not configured. It is a good idea to map this to an SSD disk. Falling back to ozone.metadata.dirs
2025-01-03 11:06:29,303 [main] INFO  server.RaftServerConfigKeys (ConfUtils.java:logGet(46)) - raft.server.log.appender.buffer.byte-limit = 4194304 (custom)
2025-01-03 11:06:29,304 [main] INFO  ratis.OzoneManagerRatisServer (OzoneManagerRatisServer.java:<init>(171)) - Instantiating OM Ratis server with groupID: om-add-remove and peers: localhost:15117, localhost:15125, localhost:15121
2025-01-03 11:06:29,304 [main] INFO  ratis.OzoneManagerStateMachine (OzoneManagerStateMachine.java:loadSnapshotInfoFromDB(608)) - TransactionInfo not found in OM DB.
2025-01-03 11:06:29,305 [main] INFO  server.RaftServer (ConfUtils.java:logGet(46)) - raft.rpc.type = GRPC (default)
2025-01-03 11:06:29,305 [main] INFO  grpc.GrpcConfigKeys (ConfUtils.java:logFallback(53)) - raft.grpc.admin.host = null (fallback to raft.grpc.server.host)
2025-01-03 11:06:29,305 [main] INFO  grpc.GrpcConfigKeys (ConfUtils.java:logFallback(53)) - raft.grpc.admin.port = 15117 (fallback to raft.grpc.server.port)
2025-01-03 11:06:29,306 [main] INFO  grpc.GrpcConfigKeys (ConfUtils.java:logFallback(53)) - raft.grpc.client.host = null (fallback to raft.grpc.server.host)
2025-01-03 11:06:29,306 [main] INFO  grpc.GrpcConfigKeys (ConfUtils.java:logFallback(53)) - raft.grpc.client.port = 15117 (fallback to raft.grpc.server.port)
2025-01-03 11:06:29,306 [main] INFO  grpc.GrpcConfigKeys (ConfUtils.java:logGet(46)) - raft.grpc.server.host = null (default)
2025-01-03 11:06:29,306 [main] INFO  grpc.GrpcConfigKeys (ConfUtils.java:logGet(46)) - raft.grpc.server.port = 15117 (custom)
2025-01-03 11:06:29,306 [main] INFO  server.GrpcService (ConfUtils.java:logGet(46)) - raft.grpc.message.size.max = 5242880 (custom)
2025-01-03 11:06:29,306 [main] INFO  server.GrpcService (ConfUtils.java:logGet(46)) - raft.grpc.flow.control.window = 1MB (=1048576) (default)
2025-01-03 11:06:29,306 [main] INFO  server.RaftServerConfigKeys (ConfUtils.java:logGet(46)) - raft.server.rpc.request.timeout = 3000ms (default)
2025-01-03 11:06:29,306 [main] INFO  grpc.GrpcConfigKeys (ConfUtils.java:logGet(46)) - raft.grpc.server.heartbeat.channel = true (default)
2025-01-03 11:06:29,306 [main] INFO  server.RaftServerConfigKeys (ConfUtils.java:logGet(46)) - raft.server.log.appender.buffer.byte-limit = 4194304 (custom)
2025-01-03 11:06:29,306 [main] INFO  grpc.GrpcConfigKeys (ConfUtils.java:logGet(46)) - raft.grpc.server.async.request.thread.pool.cached = true (default)
2025-01-03 11:06:29,307 [main] INFO  grpc.GrpcConfigKeys (ConfUtils.java:logGet(46)) - raft.grpc.server.async.request.thread.pool.size = 32 (default)
2025-01-03 11:06:29,307 [main] INFO  impl.DataStreamServerImpl (ConfUtils.java:logGet(46)) - raft.datastream.type = DISABLED (default)
2025-01-03 11:06:29,307 [main] INFO  server.RaftServerConfigKeys (ConfUtils.java:logGet(46)) - raft.server.sleep.deviation.threshold = 300ms (default)
2025-01-03 11:06:29,307 [main] INFO  server.RaftServerConfigKeys (ConfUtils.java:logGet(46)) - raft.server.close.threshold = 60s (default)
2025-01-03 11:06:29,307 [main] INFO  server.RaftServerConfigKeys (ConfUtils.java:logGet(46)) - raft.server.leaderelection.leader.step-down.wait-time = 10s (default)
2025-01-03 11:06:29,307 [main] INFO  server.RaftServerConfigKeys (ConfUtils.java:logGet(46)) - raft.server.storage.dir = [/home/runner/work/ozone/ozone/hadoop-ozone/integration-test/target/test-dir/MiniOzoneClusterImpl-3f159d52-719f-49ad-b6d4-3e7f01cb1845/omNode-1/ratis] (custom)
2025-01-03 11:06:29,308 [main] INFO  server.RaftServerConfigKeys (ConfUtils.java:logGet(46)) - raft.server.threadpool.proxy.cached = true (default)
2025-01-03 11:06:29,308 [main] INFO  server.RaftServerConfigKeys (ConfUtils.java:logGet(46)) - raft.server.threadpool.proxy.size = 0 (default)
2025-01-03 11:06:29,308 [main] INFO  server.RaftServer (RaftServerProxy.java:addNew(100)) - omNode-1: addNew group-0AAC5367B30E:[omNode-3|localhost:15125, omNode-1|localhost:15117, omNode-2|localhost:15121] returns group-0AAC5367B30E:java.util.concurrent.CompletableFuture@5b1290f[Not completed]
2025-01-03 11:06:29,308 [main] INFO  om.OzoneManager (OzoneManager.java:initializeRatisServer(2207)) - OzoneManager Ratis server initialized at port 15117
2025-01-03 11:06:29,308 [main] INFO  om.OzoneManager (OzoneManager.java:getRpcServer(1254)) - Creating RPC Server
2025-01-03 11:06:29,309 [omNode-1-groupManagement] INFO  server.RaftServer$Division (RaftServerImpl.java:<init>(255)) - omNode-1: new RaftServerImpl for group-0AAC5367B30E:[omNode-3|localhost:15125, omNode-1|localhost:15117, omNode-2|localhost:15121] with OzoneManagerStateMachine:uninitialized
2025-01-03 11:06:29,309 [omNode-1-groupManagement] INFO  server.RaftServerConfigKeys (ConfUtils.java:logGet(46)) - raft.server.rpc.timeout.min = 1s (custom)
2025-01-03 11:06:29,309 [omNode-1-groupManagement] INFO  server.RaftServerConfigKeys (ConfUtils.java:logGet(46)) - raft.server.rpc.timeout.max = 1200ms (custom)
2025-01-03 11:06:29,309 [omNode-1-groupManagement] INFO  server.RaftServerConfigKeys (ConfUtils.java:logGet(46)) - raft.server.rpc.sleep.time = 25ms (default)
2025-01-03 11:06:29,309 [omNode-1-groupManagement] INFO  server.RaftServerConfigKeys (ConfUtils.java:logGet(46)) - raft.server.rpc.slowness.timeout = 2s (custom)
2025-01-03 11:06:29,309 [omNode-1-groupManagement] INFO  server.RaftServerConfigKeys (ConfUtils.java:logGet(46)) - raft.server.leaderelection.leader.step-down.wait-time = 10s (default)
2025-01-03 11:06:29,309 [omNode-1-groupManagement] INFO  server.RaftServerConfigKeys (ConfUtils.java:logGet(46)) - raft.server.leaderelection.member.majority-add = false (default)
2025-01-03 11:06:29,309 [omNode-1-groupManagement] INFO  server.RaftServerConfigKeys (ConfUtils.java:logGet(46)) - raft.server.sleep.deviation.threshold = 300ms (default)
2025-01-03 11:06:29,309 [omNode-1-groupManagement] INFO  server.RaftServer$Division (ServerState.java:<init>(114)) - omNode-1@group-0AAC5367B30E: ConfigurationManager, init=conf: {index: -1, cur=peers:[omNode-3|localhost:15125, omNode-1|localhost:15117, omNode-2|localhost:15121]|listeners:[], old=null}, confs=<EMPTY_MAP>
2025-01-03 11:06:29,310 [omNode-1-groupManagement] INFO  server.RaftServerConfigKeys (ConfUtils.java:logGet(46)) - raft.server.notification.no-leader.timeout = 2s (custom)
2025-01-03 11:06:29,310 [omNode-1-groupManagement] INFO  server.RaftServerConfigKeys (ConfUtils.java:logGet(46)) - raft.server.read.timeout = 10s (default)
2025-01-03 11:06:29,310 [omNode-1-groupManagement] INFO  server.RaftServerConfigKeys (ConfUtils.java:logGet(46)) - raft.server.retrycache.expirytime = 300s (custom)
2025-01-03 11:06:29,310 [omNode-1-groupManagement] INFO  server.RaftServerConfigKeys (ConfUtils.java:logGet(46)) - raft.server.retrycache.statistics.expirytime = 100ms (default)
2025-01-03 11:06:29,310 [omNode-1-groupManagement] INFO  server.RaftServerConfigKeys (ConfUtils.java:logGet(46)) - raft.server.read.option = DEFAULT (default)
2025-01-03 11:06:29,310 [omNode-1-groupManagement] INFO  server.RaftServerConfigKeys (ConfUtils.java:logGet(46)) - raft.server.read.read-after-write-consistent.write-index-cache.expiry-time = 60s (default)
2025-01-03 11:06:29,311 [omNode-1-groupManagement] INFO  server.RaftServerConfigKeys (ConfUtils.java:logGet(46)) - raft.server.rpc.request.timeout = 3000ms (default)
2025-01-03 11:06:29,311 [omNode-1-groupManagement] INFO  server.RaftServerConfigKeys (ConfUtils.java:logGet(46)) - raft.server.log.appender.install.snapshot.enabled = false (custom)
2025-01-03 11:06:29,311 [omNode-1-groupManagement] INFO  server.RaftServerConfigKeys (ConfUtils.java:logGet(46)) - raft.server.threadpool.server.cached = true (default)
2025-01-03 11:06:29,311 [omNode-1-groupManagement] INFO  server.RaftServerConfigKeys (ConfUtils.java:logGet(46)) - raft.server.threadpool.server.size = 0 (default)
2025-01-03 11:06:29,311 [omNode-1-groupManagement] INFO  server.RaftServerConfigKeys (ConfUtils.java:logGet(46)) - raft.server.threadpool.client.cached = true (default)
2025-01-03 11:06:29,311 [omNode-1-groupManagement] INFO  server.RaftServerConfigKeys (ConfUtils.java:logGet(46)) - raft.server.threadpool.client.size = 0 (default)
2025-01-03 11:06:29,647 [main] INFO  reflections.Reflections (Reflections.java:scan(219)) - Reflections took 338 ms to scan 20 urls, producing 60 keys and 7302 values
2025-01-03 11:06:29,649 [main] INFO  ipc.CallQueueManager (CallQueueManager.java:<init>(93)) - Using callQueue: class java.util.concurrent.LinkedBlockingQueue, queueCapacity: 2000, scheduler: class org.apache.hadoop.ipc.DefaultRpcScheduler, ipcBackoff: false, ipcFailOver: false.
2025-01-03 11:06:29,649 [main] INFO  ipc.Server (Server.java:<init>(1438)) - Listener at 127.0.0.1:15114
2025-01-03 11:06:29,650 [Socket Reader #1 for port 15114] INFO  ipc.Server (Server.java:run(1474)) - Starting Socket Reader #1 for port 15114
2025-01-03 11:06:29,650 [Socket Reader #2 for port 15114] INFO  ipc.Server (Server.java:run(1474)) - Starting Socket Reader #2 for port 15114
2025-01-03 11:06:29,650 [Socket Reader #3 for port 15114] INFO  ipc.Server (Server.java:run(1474)) - Starting Socket Reader #3 for port 15114
2025-01-03 11:06:29,650 [Socket Reader #4 for port 15114] INFO  ipc.Server (Server.java:run(1474)) - Starting Socket Reader #4 for port 15114
2025-01-03 11:06:29,650 [Socket Reader #5 for port 15114] INFO  ipc.Server (Server.java:run(1474)) - Starting Socket Reader #5 for port 15114
2025-01-03 11:06:29,650 [Socket Reader #6 for port 15114] INFO  ipc.Server (Server.java:run(1474)) - Starting Socket Reader #6 for port 15114
2025-01-03 11:06:29,651 [Socket Reader #7 for port 15114] INFO  ipc.Server (Server.java:run(1474)) - Starting Socket Reader #7 for port 15114
2025-01-03 11:06:29,651 [Socket Reader #8 for port 15114] INFO  ipc.Server (Server.java:run(1474)) - Starting Socket Reader #8 for port 15114
2025-01-03 11:06:29,651 [Socket Reader #9 for port 15114] INFO  ipc.Server (Server.java:run(1474)) - Starting Socket Reader #9 for port 15114
2025-01-03 11:06:29,651 [Socket Reader #10 for port 15114] INFO  ipc.Server (Server.java:run(1474)) - Starting Socket Reader #10 for port 15114
2025-01-03 11:06:29,670 [main] INFO  impl.MetricsSystemImpl (MetricsSystemImpl.java:init(158)) - OzoneManager metrics system started (again)
2025-01-03 11:06:29,679 [main] INFO  om.OzoneManager (OzoneManager.java:start(1682)) - OzoneManager RPC server is listening at localhost/127.0.0.1:15114
2025-01-03 11:06:29,680 [main] INFO  ratis.OzoneManagerRatisServer (OzoneManagerRatisServer.java:start(634)) - Starting OzoneManagerRatisServer omNode-1 at port 15117
2025-01-03 11:06:29,680 [omNode-1-impl-thread1] INFO  server.RaftServerConfigKeys (ConfUtils.java:logGet(46)) - raft.server.storage.free-space.min = 0MB (=0) (default)
2025-01-03 11:06:29,680 [omNode-1-impl-thread1] INFO  server.RaftServerConfigKeys (ConfUtils.java:logGet(46)) - raft.server.log.corruption.policy = EXCEPTION (default)
2025-01-03 11:06:29,680 [omNode-1-impl-thread1] INFO  server.RaftServerConfigKeys (ConfUtils.java:logGet(46)) - raft.server.storage.dir = [/home/runner/work/ozone/ozone/hadoop-ozone/integration-test/target/test-dir/MiniOzoneClusterImpl-3f159d52-719f-49ad-b6d4-3e7f01cb1845/omNode-1/ratis] (custom)
2025-01-03 11:06:29,680 [omNode-1-impl-thread1] INFO  storage.RaftStorageDirectory (RaftStorageDirectoryImpl.java:analyzeStorage(138)) - The storage directory /home/runner/work/ozone/ozone/hadoop-ozone/integration-test/target/test-dir/MiniOzoneClusterImpl-3f159d52-719f-49ad-b6d4-3e7f01cb1845/omNode-1/ratis/0718e334-ffa1-36bc-8e9a-0aac5367b30e does not exist. Creating ...
2025-01-03 11:06:29,682 [omNode-1-impl-thread1] INFO  storage.RaftStorageDirectory (RaftStorageDirectoryImpl.java:tryLock(229)) - Lock on /home/runner/work/ozone/ozone/hadoop-ozone/integration-test/target/test-dir/MiniOzoneClusterImpl-3f159d52-719f-49ad-b6d4-3e7f01cb1845/omNode-1/ratis/0718e334-ffa1-36bc-8e9a-0aac5367b30e/in_use.lock acquired by nodename 70552@fv-az1204-267
2025-01-03 11:06:29,684 [omNode-1-impl-thread1] INFO  storage.RaftStorage (RaftStorageImpl.java:format(98)) - Storage directory /home/runner/work/ozone/ozone/hadoop-ozone/integration-test/target/test-dir/MiniOzoneClusterImpl-3f159d52-719f-49ad-b6d4-3e7f01cb1845/omNode-1/ratis/0718e334-ffa1-36bc-8e9a-0aac5367b30e has been successfully formatted.
2025-01-03 11:06:29,684 [omNode-1-impl-thread1] INFO  ratis.OzoneManagerStateMachine (OzoneManagerStateMachine.java:lambda$0(138)) - omNode-1: initialize group-0AAC5367B30E with (t:0, i:~)
2025-01-03 11:06:29,684 [omNode-1-impl-thread1] INFO  server.RaftServerConfigKeys (ConfUtils.java:logGet(46)) - raft.server.log.use.memory = false (default)
2025-01-03 11:06:29,685 [omNode-1-impl-thread1] INFO  server.RaftServerConfigKeys (ConfUtils.java:logGet(46)) - raft.server.log.purge.gap = 1000000 (custom)
2025-01-03 11:06:29,685 [omNode-1-impl-thread1] INFO  server.RaftServerConfigKeys (ConfUtils.java:logGet(46)) - raft.server.log.appender.buffer.byte-limit = 4194304 (custom)
2025-01-03 11:06:29,685 [omNode-1-impl-thread1] INFO  server.RaftServerConfigKeys (ConfUtils.java:logGet(46)) - raft.server.log.statemachine.data.read.timeout = 1000ms (default)
2025-01-03 11:06:29,685 [omNode-1-impl-thread1] INFO  server.RaftServerConfigKeys (ConfUtils.java:logGet(46)) - raft.server.log.purge.preservation.log.num = 0 (default)
2025-01-03 11:06:29,686 [omNode-1-impl-thread1] INFO  server.RaftServerConfigKeys (ConfUtils.java:logGet(46)) - raft.server.log.segment.size.max = 4194304 (custom)
2025-01-03 11:06:29,686 [omNode-1-impl-thread1] INFO  server.RaftServerConfigKeys (ConfUtils.java:logGet(46)) - raft.server.log.segment.cache.num.max = 2 (custom)
2025-01-03 11:06:29,686 [omNode-1-impl-thread1] INFO  server.RaftServerConfigKeys (ConfUtils.java:logGet(46)) - raft.server.log.segment.cache.size.max = 200MB (=209715200) (default)
2025-01-03 11:06:29,686 [omNode-1-impl-thread1] INFO  server.RaftServerConfigKeys (ConfUtils.java:logGet(46)) - raft.server.log.appender.buffer.byte-limit = 4194304 (custom)
2025-01-03 11:06:29,686 [omNode-1-impl-thread1] INFO  util.AwaitToRun (AwaitToRun.java:start(81)) - Thread[#3155,omNode-1@group-0AAC5367B30E-cacheEviction-AwaitToRun,5,main] started
2025-01-03 11:06:29,686 [omNode-1-impl-thread1] INFO  segmented.SegmentedRaftLogWorker (SegmentedRaftLogWorker.java:<init>(188)) - new omNode-1@group-0AAC5367B30E-SegmentedRaftLogWorker for RaftStorageImpl:Storage Directory /home/runner/work/ozone/ozone/hadoop-ozone/integration-test/target/test-dir/MiniOzoneClusterImpl-3f159d52-719f-49ad-b6d4-3e7f01cb1845/omNode-1/ratis/0718e334-ffa1-36bc-8e9a-0aac5367b30e
2025-01-03 11:06:29,686 [omNode-1-impl-thread1] INFO  server.RaftServerConfigKeys (ConfUtils.java:logGet(46)) - raft.server.log.queue.byte-limit = 64MB (=67108864) (default)
2025-01-03 11:06:29,686 [omNode-1-impl-thread1] INFO  server.RaftServerConfigKeys (ConfUtils.java:logGet(46)) - raft.server.log.queue.element-limit = 4096 (default)
2025-01-03 11:06:29,686 [omNode-1-impl-thread1] INFO  server.RaftServerConfigKeys (ConfUtils.java:logGet(46)) - raft.server.log.segment.size.max = 4194304 (custom)
2025-01-03 11:06:29,686 [omNode-1-impl-thread1] INFO  server.RaftServerConfigKeys (ConfUtils.java:logGet(46)) - raft.server.log.preallocated.size = 4194304 (custom)
2025-01-03 11:06:29,686 [omNode-1-impl-thread1] INFO  server.RaftServerConfigKeys (ConfUtils.java:logGet(46)) - raft.server.log.force.sync.num = 128 (default)
2025-01-03 11:06:29,687 [omNode-1-impl-thread1] INFO  server.RaftServerConfigKeys (ConfUtils.java:logGet(46)) - raft.server.log.statemachine.data.sync = true (default)
2025-01-03 11:06:29,687 [omNode-1-impl-thread1] INFO  server.RaftServerConfigKeys (ConfUtils.java:logGet(46)) - raft.server.log.statemachine.data.sync.timeout = 10s (default)
2025-01-03 11:06:29,687 [omNode-1-impl-thread1] INFO  server.RaftServerConfigKeys (ConfUtils.java:logGet(46)) - raft.server.log.statemachine.data.sync.timeout.retry = -1 (default)
2025-01-03 11:06:29,687 [omNode-1-impl-thread1] INFO  server.RaftServerConfigKeys (ConfUtils.java:logGet(46)) - raft.server.log.write.buffer.size = 4194312 (custom)
2025-01-03 11:06:29,687 [omNode-1-impl-thread1] INFO  server.RaftServerConfigKeys (ConfUtils.java:logGet(46)) - raft.server.log.appender.buffer.byte-limit = 4194304 (custom)
2025-01-03 11:06:29,687 [omNode-1-impl-thread1] INFO  server.RaftServerConfigKeys (ConfUtils.java:logGet(46)) - raft.server.log.unsafe-flush.enabled = false (default)
2025-01-03 11:06:29,687 [omNode-1-impl-thread1] INFO  server.RaftServerConfigKeys (ConfUtils.java:logGet(46)) - raft.server.log.async-flush.enabled = false (default)
2025-01-03 11:06:29,687 [omNode-1-impl-thread1] INFO  server.RaftServerConfigKeys (ConfUtils.java:logGet(46)) - raft.server.log.statemachine.data.caching.enabled = false (default)
2025-01-03 11:06:29,687 [omNode-1-impl-thread1] INFO  segmented.SegmentedRaftLogWorker (SegmentedRaftLogWorker.java:lambda$new$0(139)) - omNode-1@group-0AAC5367B30E-SegmentedRaftLogWorker: flushIndex: setUnconditionally 0 -> -1
2025-01-03 11:06:29,687 [omNode-1-impl-thread1] INFO  segmented.SegmentedRaftLogWorker (SegmentedRaftLogWorker.java:lambda$new$0(139)) - omNode-1@group-0AAC5367B30E-SegmentedRaftLogWorker: safeCacheEvictIndex: setUnconditionally 0 -> -1
2025-01-03 11:06:29,688 [omNode-1-impl-thread1] INFO  server.RaftServer$Division (RaftServerImpl.java:start(391)) - omNode-1@group-0AAC5367B30E: start as a follower, conf=conf: {index: -1, cur=peers:[omNode-3|localhost:15125, omNode-1|localhost:15117, omNode-2|localhost:15121]|listeners:[], old=null}
2025-01-03 11:06:29,688 [omNode-1-impl-thread1] INFO  server.RaftServer$Division (RaftServerImpl.java:setRole(378)) - omNode-1@group-0AAC5367B30E: changes role from      null to FOLLOWER at term 0 for startAsFollower
2025-01-03 11:06:29,688 [omNode-1-impl-thread1] INFO  impl.RoleInfo (RoleInfo.java:updateAndGet(148)) - omNode-1: start omNode-1@group-0AAC5367B30E-FollowerState
2025-01-03 11:06:29,693 [omNode-1-impl-thread1] INFO  util.JmxRegister (JmxRegister.java:tryRegister(44)) - Successfully registered JMX Bean with object name Ratis:service=RaftServer,group=group-0AAC5367B30E,id=omNode-1
2025-01-03 11:06:29,693 [omNode-1-impl-thread1] INFO  util.JmxRegister (JmxRegister.java:register(58)) - register mxBean class org.apache.ratis.server.impl.RaftServerJmxAdapter as Ratis:service=RaftServer,group=group-0AAC5367B30E,id=omNode-1
2025-01-03 11:06:29,693 [omNode-1-impl-thread1] INFO  server.RaftServerConfigKeys (ConfUtils.java:logGet(46)) - raft.server.snapshot.trigger-when-stop.enabled = true (default)
2025-01-03 11:06:29,693 [omNode-1-impl-thread1] INFO  server.RaftServerConfigKeys (ConfUtils.java:logGet(46)) - raft.server.snapshot.trigger-when-remove.enabled = true (default)
2025-01-03 11:06:29,693 [omNode-1-impl-thread1] INFO  server.RaftServerConfigKeys (ConfUtils.java:logGet(46)) - raft.server.snapshot.auto.trigger.enabled = true (custom)
2025-01-03 11:06:29,693 [omNode-1-impl-thread1] INFO  server.RaftServerConfigKeys (ConfUtils.java:logGet(46)) - raft.server.snapshot.auto.trigger.threshold = 400000 (default)
2025-01-03 11:06:29,693 [omNode-1-impl-thread1] INFO  server.RaftServerConfigKeys (ConfUtils.java:logGet(46)) - raft.server.snapshot.retention.file.num = -1 (default)
2025-01-03 11:06:29,693 [omNode-1-impl-thread1] INFO  server.RaftServerConfigKeys (ConfUtils.java:logGet(46)) - raft.server.log.purge.upto.snapshot.index = true (custom)
2025-01-03 11:06:29,694 [omNode-1@group-0AAC5367B30E-FollowerState] INFO  server.RaftServerConfigKeys (ConfUtils.java:logFallback(53)) - raft.server.rpc.first-election.timeout.min = 1s (fallback to raft.server.rpc.timeout.min)
2025-01-03 11:06:29,694 [omNode-1@group-0AAC5367B30E-FollowerState] INFO  server.RaftServerConfigKeys (ConfUtils.java:logFallback(53)) - raft.server.rpc.first-election.timeout.max = 1200ms (fallback to raft.server.rpc.timeout.max)
2025-01-03 11:06:29,695 [omNode-1-impl-thread1] INFO  server.RaftServer$Division (RaftServerImpl.java:start(405)) - omNode-1@group-0AAC5367B30E: Successfully started.
2025-01-03 11:06:29,695 [main] INFO  server.RaftServer (RaftServerProxy.java:startImpl(407)) - omNode-1: start RPC server
2025-01-03 11:06:29,696 [main] INFO  server.GrpcService (GrpcService.java:startImpl(334)) - omNode-1: GrpcService started, listening on 15117
2025-01-03 11:06:29,697 [JvmPauseMonitor17] INFO  util.JvmPauseMonitor (JvmPauseMonitor.java:run(146)) - JvmPauseMonitor-omNode-1: Started
2025-01-03 11:06:29,698 [main] INFO  om.OzoneManager (OzoneManager.java:start(1697)) - Version File has different layout version (8) than OM DB (null). That is expected if this OM has never been finalized to a newer layout version.
2025-01-03 11:06:29,701 [main] INFO  client.ScmTopologyClient (ScmTopologyClient.java:start(72)) - Initial network topology fetched from SCM: /.
2025-01-03 11:06:29,701 [main] INFO  net.NodeSchemaLoader (NodeSchemaLoader.java:loadSchemaFromFile(129)) - Loading schema from [jar:file:/home/runner/work/ozone/ozone/hadoop-hdds/common/target/hdds-common-2.0.0-SNAPSHOT.jar!/network-topology-default.xml]
2025-01-03 11:06:29,701 [main] INFO  net.NodeSchemaLoader (NodeSchemaLoader.java:loadSchema(176)) - Loading network topology layer schema file
2025-01-03 11:06:29,713 [main] INFO  http.BaseHttpServer (BaseHttpServer.java:newHttpServer2BuilderForOzone(223)) - Starting Web-server for ozoneManager at: http://0.0.0.0:15115
2025-01-03 11:06:29,713 [main] INFO  http.BaseHttpServer (BaseHttpServer.java:<init>(110)) - Hadoop Security Enabled: false Ozone Security Enabled: false Ozone HTTP Security Enabled: false 
2025-01-03 11:06:29,714 [main] WARN  server.AuthenticationFilter (AuthenticationFilter.java:constructSecretProvider(240)) - Unable to initialize FileSignerSecretProvider, falling back to use random secrets. Reason: Could not read signature secret file: /home/runner/hadoop-http-auth-signature-secret
2025-01-03 11:06:29,716 [main] INFO  http.HttpRequestLog (HttpRequestLog.java:getRequestLog(86)) - Http request log for http.requests.ozoneManager is not defined
2025-01-03 11:06:29,718 [main] INFO  http.HttpServer2 (HttpServer2.java:addGlobalFilter(1035)) - Added global filter 'safety' (class=org.apache.hadoop.hdds.server.http.HttpServer2$QuotingInputFilter)
2025-01-03 11:06:29,718 [main] INFO  http.HttpServer2 (HttpServer2.java:addFilter(1011)) - Added filter static_user_filter (class=org.apache.hadoop.http.lib.StaticUserWebFilter$StaticUserFilter) to context ozoneManager
2025-01-03 11:06:29,718 [main] INFO  http.HttpServer2 (HttpServer2.java:addFilter(1019)) - Added filter static_user_filter (class=org.apache.hadoop.http.lib.StaticUserWebFilter$StaticUserFilter) to context logs
2025-01-03 11:06:29,718 [main] INFO  http.HttpServer2 (HttpServer2.java:addFilter(1019)) - Added filter static_user_filter (class=org.apache.hadoop.http.lib.StaticUserWebFilter$StaticUserFilter) to context static
2025-01-03 11:06:29,719 [main] INFO  http.BaseHttpServer (BaseHttpServer.java:<init>(189)) - HTTP server of ozoneManager uses base directory /home/runner/work/ozone/ozone/hadoop-ozone/integration-test/target/test-dir/MiniOzoneClusterImpl-3f159d52-719f-49ad-b6d4-3e7f01cb1845/omNode-1/webserver
2025-01-03 11:06:29,719 [main] INFO  http.HttpServer2 (HttpServer2.java:bindListener(1235)) - Jetty bound to port 15115
2025-01-03 11:06:29,720 [main] INFO  server.Server (Server.java:doStart(375)) - jetty-9.4.56.v20240826; built: 2024-08-26T17:15:05.868Z; git: ec6782ff5ead824dabdcf47fa98f90a4aedff401; jvm 21.0.5+11-LTS
2025-01-03 11:06:29,724 [main] INFO  server.session (DefaultSessionIdManager.java:doStart(334)) - DefaultSessionIdManager workerName=node0
2025-01-03 11:06:29,724 [main] INFO  server.session (DefaultSessionIdManager.java:doStart(339)) - No SessionScavenger set, using defaults
2025-01-03 11:06:29,724 [main] INFO  server.session (HouseKeeper.java:startScavenging(132)) - node0 Scavenging every 660000ms
2025-01-03 11:06:29,728 [main] INFO  handler.ContextHandler (ContextHandler.java:doStart(921)) - Started o.e.j.s.ServletContextHandler@7f55b4d3{logs,/logs,file:///home/runner/work/ozone/ozone/hadoop-ozone/integration-test/target/log,AVAILABLE}
2025-01-03 11:06:29,728 [main] INFO  handler.ContextHandler (ContextHandler.java:doStart(921)) - Started o.e.j.s.ServletContextHandler@5d9fd483{static,/static,file:///home/runner/work/ozone/ozone/hadoop-ozone/integration-test/target/test-classes/webapps/static,AVAILABLE}
2025-01-03 11:06:29,732 [main] INFO  handler.ContextHandler (ContextHandler.java:doStart(921)) - Started o.e.j.w.WebAppContext@2c91de4e{ozoneManager,/,file:///home/runner/work/ozone/ozone/hadoop-ozone/integration-test/target/test-classes/webapps/ozoneManager/,AVAILABLE}{file:/home/runner/work/ozone/ozone/hadoop-ozone/integration-test/target/test-classes/webapps/ozoneManager}
2025-01-03 11:06:29,733 [main] INFO  server.AbstractConnector (AbstractConnector.java:doStart(333)) - Started ServerConnector@59f08b80{HTTP/1.1, (http/1.1)}{0.0.0.0:15115}
2025-01-03 11:06:29,733 [main] INFO  server.Server (Server.java:doStart(415)) - Started @106395ms
2025-01-03 11:06:29,733 [main] WARN  impl.MetricsSystemImpl (MetricsSystemImpl.java:register(279)) - Sink prometheus already exists!
2025-01-03 11:06:29,734 [main] INFO  http.BaseHttpServer (BaseHttpServer.java:updateConnectorAddress(354)) - HTTP server of ozoneManager listening at http://0.0.0.0:15115
2025-01-03 11:06:29,734 [IPC Server Responder] INFO  ipc.Server (Server.java:run(1713)) - IPC Server Responder: starting
2025-01-03 11:06:29,734 [IPC Server listener on 15114] INFO  ipc.Server (Server.java:run(1553)) - IPC Server listener on 15114: starting
2025-01-03 11:06:29,737 [main] INFO  om.OzoneManager (OzoneManager.java:startTrashEmptier(2160)) - Trash Interval set to 0. Files deleted won't move to trash
2025-01-03 11:06:29,738 [main] INFO  ozone.MiniOzoneHAClusterImpl (MiniOzoneHAClusterImpl.java:createOMService(515)) - Started OzoneManager omNode-1 RPC server at localhost/127.0.0.1:15114
2025-01-03 11:06:29,738 [main] INFO  ha.OMHANodeDetails (OMHANodeDetails.java:loadOMHAConfig(121)) - ServiceID for OzoneManager is om-add-remove
2025-01-03 11:06:29,739 [main] INFO  ha.OMHANodeDetails (OMHANodeDetails.java:loadOMHAConfig(201)) - Found matching OM address with OMServiceId: om-add-remove, OMNodeId: omNode-2, RPC Address: localhost:15118 and Ratis port: 15121
2025-01-03 11:06:29,739 [main] INFO  ha.OMHANodeDetails (ConfUtils.java:setNodeSpecificConfigs(97)) - Setting configuration key ozone.om.http-address with value of key ozone.om.http-address.om-add-remove.omNode-2: 127.0.0.1:15119
2025-01-03 11:06:29,739 [main] INFO  ha.OMHANodeDetails (ConfUtils.java:setNodeSpecificConfigs(97)) - Setting configuration key ozone.om.https-address with value of key ozone.om.https-address.om-add-remove.omNode-2: 127.0.0.1:15120
2025-01-03 11:06:29,739 [main] INFO  ha.OMHANodeDetails (ConfUtils.java:setNodeSpecificConfigs(97)) - Setting configuration key ozone.om.address with value of key ozone.om.address.om-add-remove.omNode-2: 127.0.0.1:15118
2025-01-03 11:06:29,739 [main] WARN  server.ServerUtils (ServerUtils.java:getDBPath(299)) - ozone.om.db.dirs is not configured. We recommend adding this setting. Falling back to ozone.metadata.dirs instead.
2025-01-03 11:06:29,741 [main] INFO  ha.SCMNodeInfo (SCMNodeInfo.java:getPort(196)) - ConfigKey ozone.scm.client.address is deprecated, For configuring different ports for each SCM use PortConfigKey ozone.scm.client.port appended with serviceId and nodeId
2025-01-03 11:06:29,741 [main] INFO  ha.SCMNodeInfo (SCMNodeInfo.java:getPort(196)) - ConfigKey ozone.scm.block.client.address is deprecated, For configuring different ports for each SCM use PortConfigKey ozone.scm.block.client.port appended with serviceId and nodeId
2025-01-03 11:06:29,741 [main] INFO  ha.SCMNodeInfo (SCMNodeInfo.java:getPort(196)) - ConfigKey ozone.scm.security.service.address is deprecated, For configuring different ports for each SCM use PortConfigKey ozone.scm.security.service.port appended with serviceId and nodeId
2025-01-03 11:06:29,741 [main] INFO  ha.SCMNodeInfo (SCMNodeInfo.java:getPort(196)) - ConfigKey ozone.scm.datanode.address is deprecated, For configuring different ports for each SCM use PortConfigKey ozone.scm.datanode.port appended with serviceId and nodeId
2025-01-03 11:06:29,741 [main] INFO  proxy.SCMBlockLocationFailoverProxyProvider (SCMBlockLocationFailoverProxyProvider.java:<init>(115)) - Created block location fail-over proxy with 1 nodes: [nodeId=scmNode-1,nodeAddress=/127.0.0.1:15109]
OM initialization succeeded.Current cluster id for sd=/home/runner/work/ozone/ozone/hadoop-ozone/integration-test/target/test-dir/MiniOzoneClusterImpl-3f159d52-719f-49ad-b6d4-3e7f01cb1845/omNode-2/om;cid=3f159d52-719f-49ad-b6d4-3e7f01cb1845;layoutVersion=8
2025-01-03 11:06:29,746 [main] INFO  ha.OMHANodeDetails (OMHANodeDetails.java:loadOMHAConfig(121)) - ServiceID for OzoneManager is om-add-remove
2025-01-03 11:06:29,746 [main] INFO  ha.OMHANodeDetails (OMHANodeDetails.java:loadOMHAConfig(201)) - Found matching OM address with OMServiceId: om-add-remove, OMNodeId: omNode-2, RPC Address: localhost:15118 and Ratis port: 15121
2025-01-03 11:06:29,746 [main] INFO  ha.OMHANodeDetails (ConfUtils.java:setNodeSpecificConfigs(97)) - Setting configuration key ozone.om.http-address with value of key ozone.om.http-address.om-add-remove.omNode-2: 127.0.0.1:15119
2025-01-03 11:06:29,746 [main] INFO  ha.OMHANodeDetails (ConfUtils.java:setNodeSpecificConfigs(97)) - Setting configuration key ozone.om.https-address with value of key ozone.om.https-address.om-add-remove.omNode-2: 127.0.0.1:15120
2025-01-03 11:06:29,746 [main] INFO  ha.OMHANodeDetails (ConfUtils.java:setNodeSpecificConfigs(97)) - Setting configuration key ozone.om.address with value of key ozone.om.address.om-add-remove.omNode-2: 127.0.0.1:15118
2025-01-03 11:06:29,746 [main] WARN  server.ServerUtils (ServerUtils.java:getDBPath(299)) - ozone.om.db.dirs is not configured. We recommend adding this setting. Falling back to ozone.metadata.dirs instead.
2025-01-03 11:06:29,748 [main] INFO  upgrade.AbstractLayoutVersionManager (AbstractLayoutVersionManager.java:init(83)) - Initializing Layout version manager with metadata layout = DELEGATION_TOKEN_SYMMETRIC_SIGN (version = 8), software layout = DELEGATION_TOKEN_SYMMETRIC_SIGN (version = 8)
2025-01-03 11:06:29,788 [main] INFO  reflections.Reflections (Reflections.java:scan(219)) - Reflections took 40 ms to scan 2 urls, producing 200 keys and 591 values
2025-01-03 11:06:29,789 [main] INFO  upgrade.OMLayoutVersionManager (OMLayoutVersionManager.java:lambda$0(113)) - Skipping Upgrade Action QuotaRepairUpgradeAction since it has been finalized.
2025-01-03 11:06:29,789 [main] INFO  upgrade.OMLayoutVersionManager (OMLayoutVersionManager.java:lambda$0(113)) - Skipping Upgrade Action MockOmUpgradeAction since it has been finalized.
2025-01-03 11:06:29,789 [main] WARN  server.ServerUtils (ServerUtils.java:getDBPath(299)) - ozone.om.db.dirs is not configured. We recommend adding this setting. Falling back to ozone.metadata.dirs instead.
2025-01-03 11:06:29,789 [main] INFO  ha.SCMNodeInfo (SCMNodeInfo.java:getPort(196)) - ConfigKey ozone.scm.client.address is deprecated, For configuring different ports for each SCM use PortConfigKey ozone.scm.client.port appended with serviceId and nodeId
2025-01-03 11:06:29,789 [main] INFO  ha.SCMNodeInfo (SCMNodeInfo.java:getPort(196)) - ConfigKey ozone.scm.block.client.address is deprecated, For configuring different ports for each SCM use PortConfigKey ozone.scm.block.client.port appended with serviceId and nodeId
2025-01-03 11:06:29,790 [main] INFO  ha.SCMNodeInfo (SCMNodeInfo.java:getPort(196)) - ConfigKey ozone.scm.security.service.address is deprecated, For configuring different ports for each SCM use PortConfigKey ozone.scm.security.service.port appended with serviceId and nodeId
2025-01-03 11:06:29,790 [main] INFO  ha.SCMNodeInfo (SCMNodeInfo.java:getPort(196)) - ConfigKey ozone.scm.datanode.address is deprecated, For configuring different ports for each SCM use PortConfigKey ozone.scm.datanode.port appended with serviceId and nodeId
2025-01-03 11:06:29,790 [main] INFO  ha.SCMNodeInfo (SCMNodeInfo.java:getPort(196)) - ConfigKey ozone.scm.client.address is deprecated, For configuring different ports for each SCM use PortConfigKey ozone.scm.client.port appended with serviceId and nodeId
2025-01-03 11:06:29,790 [main] INFO  ha.SCMNodeInfo (SCMNodeInfo.java:getPort(196)) - ConfigKey ozone.scm.block.client.address is deprecated, For configuring different ports for each SCM use PortConfigKey ozone.scm.block.client.port appended with serviceId and nodeId
2025-01-03 11:06:29,790 [main] INFO  ha.SCMNodeInfo (SCMNodeInfo.java:getPort(196)) - ConfigKey ozone.scm.security.service.address is deprecated, For configuring different ports for each SCM use PortConfigKey ozone.scm.security.service.port appended with serviceId and nodeId
2025-01-03 11:06:29,790 [main] INFO  ha.SCMNodeInfo (SCMNodeInfo.java:getPort(196)) - ConfigKey ozone.scm.datanode.address is deprecated, For configuring different ports for each SCM use PortConfigKey ozone.scm.datanode.port appended with serviceId and nodeId
2025-01-03 11:06:29,790 [main] INFO  proxy.SCMBlockLocationFailoverProxyProvider (SCMBlockLocationFailoverProxyProvider.java:<init>(115)) - Created block location fail-over proxy with 1 nodes: [nodeId=scmNode-1,nodeAddress=/127.0.0.1:15109]
2025-01-03 11:06:29,791 [main] INFO  ha.SCMNodeInfo (SCMNodeInfo.java:getPort(196)) - ConfigKey ozone.scm.client.address is deprecated, For configuring different ports for each SCM use PortConfigKey ozone.scm.client.port appended with serviceId and nodeId
2025-01-03 11:06:29,792 [main] INFO  ha.SCMNodeInfo (SCMNodeInfo.java:getPort(196)) - ConfigKey ozone.scm.block.client.address is deprecated, For configuring different ports for each SCM use PortConfigKey ozone.scm.block.client.port appended with serviceId and nodeId
2025-01-03 11:06:29,792 [main] INFO  ha.SCMNodeInfo (SCMNodeInfo.java:getPort(196)) - ConfigKey ozone.scm.security.service.address is deprecated, For configuring different ports for each SCM use PortConfigKey ozone.scm.security.service.port appended with serviceId and nodeId
2025-01-03 11:06:29,792 [main] INFO  ha.SCMNodeInfo (SCMNodeInfo.java:getPort(196)) - ConfigKey ozone.scm.datanode.address is deprecated, For configuring different ports for each SCM use PortConfigKey ozone.scm.datanode.port appended with serviceId and nodeId
2025-01-03 11:06:29,792 [main] INFO  proxy.SCMBlockLocationFailoverProxyProvider (SCMBlockLocationFailoverProxyProvider.java:<init>(115)) - Created block location fail-over proxy with 1 nodes: [nodeId=scmNode-1,nodeAddress=/127.0.0.1:15109]
2025-01-03 11:06:29,795 [main] INFO  om.OzoneManager (OzoneManager.java:<init>(695)) - OM start with adminUsers: [runner]
2025-01-03 11:06:29,796 [main] WARN  server.ServerUtils (ServerUtils.java:getDBPath(299)) - ozone.om.db.dirs is not configured. We recommend adding this setting. Falling back to ozone.metadata.dirs instead.
2025-01-03 11:06:29,796 [main] INFO  helpers.OmKeyInfo (OmKeyInfo.java:getCodec(73)) - OmKeyInfo.getCodec ignorePipeline = true
2025-01-03 11:06:29,972 [main] INFO  om.OzoneManager (OzoneManager.java:instantiateServices(827)) - S3 Multi-Tenancy is disabled
2025-01-03 11:06:29,972 [main] INFO  om.OmSnapshotManager (OmSnapshotManager.java:<init>(183)) - Ozone filesystem snapshot feature is enabled.
2025-01-03 11:06:29,972 [main] WARN  server.ServerUtils (ServerUtils.java:getDBPath(299)) - ozone.om.snapshot.diff.db.dir is not configured. We recommend adding this setting. Falling back to ozone.metadata.dirs instead.
2025-01-03 11:06:29,994 [main] INFO  utils.NativeLibraryLoader (NativeLibraryLoader.java:loadLibrary(122)) - Loading Library: ozone_rocksdb_tools
2025-01-03 11:06:29,995 [main] WARN  snapshot.SnapshotDiffManager (SnapshotDiffManager.java:initNativeLibraryForEfficientDiff(287)) - Native Library for raw sst file reading loading failed. Fallback to performing a full diff instead. Unable to load library ozone_rocksdb_tools from both java.library.path & resource file libozone_rocksdb_tools.so from jar.
2025-01-03 11:06:29,997 [main] INFO  om.OzoneManager (OzoneManager.java:addS3GVolumeToDB(4607)) - Created Volume s3v With Owner runner required for S3Gateway operations.
2025-01-03 11:06:29,997 [main] WARN  server.ServerUtils (ServerUtils.java:getDefaultRatisDirectory(311)) - Storage directory for Ratis is not configured. It is a good idea to map this to an SSD disk. Falling back to ozone.metadata.dirs
2025-01-03 11:06:29,997 [main] WARN  utils.OzoneManagerRatisUtils (OzoneManagerRatisUtils.java:getOMRatisSnapshotDirectory(493)) - ozone.om.ratis.snapshot.dir is not configured. Falling back to ozone.metadata.dirs config
2025-01-03 11:06:29,997 [main] INFO  utils.RDBSnapshotProvider (RDBSnapshotProvider.java:init(87)) - Cleaning up the candidate dir: /home/runner/work/ozone/ozone/hadoop-ozone/integration-test/target/test-dir/MiniOzoneClusterImpl-3f159d52-719f-49ad-b6d4-3e7f01cb1845/omNode-2/snapshot/om.db.candidate
2025-01-03 11:06:29,998 [main] INFO  ratis_snapshot.OmRatisSnapshotProvider (OmRatisSnapshotProvider.java:<init>(99)) - Initializing OM Snapshot Provider
2025-01-03 11:06:29,999 [main] WARN  dropwizard3.Dm3MetricRegistriesImpl (Dm3MetricRegistriesImpl.java:addReporterRegistration(114)) - New reporters are added after registries were created. Some metrics will be missing from the reporter. Please add reporter before adding any new registry.
2025-01-03 11:06:29,999 [main] WARN  dropwizard3.Dm3MetricRegistriesImpl (Dm3MetricRegistriesImpl.java:addReporterRegistration(114)) - New reporters are added after registries were created. Some metrics will be missing from the reporter. Please add reporter before adding any new registry.
2025-01-03 11:06:29,999 [main] WARN  server.ServerUtils (ServerUtils.java:getDefaultRatisDirectory(311)) - Storage directory for Ratis is not configured. It is a good idea to map this to an SSD disk. Falling back to ozone.metadata.dirs
2025-01-03 11:06:29,999 [main] INFO  server.RaftServerConfigKeys (ConfUtils.java:logGet(46)) - raft.server.log.appender.buffer.byte-limit = 4194304 (custom)
2025-01-03 11:06:30,000 [main] INFO  ratis.OzoneManagerRatisServer (OzoneManagerRatisServer.java:<init>(171)) - Instantiating OM Ratis server with groupID: om-add-remove and peers: localhost:15121, localhost:15125, localhost:15117
2025-01-03 11:06:30,000 [main] INFO  ratis.OzoneManagerStateMachine (OzoneManagerStateMachine.java:loadSnapshotInfoFromDB(608)) - TransactionInfo not found in OM DB.
2025-01-03 11:06:30,001 [main] INFO  server.RaftServer (ConfUtils.java:logGet(46)) - raft.rpc.type = GRPC (default)
2025-01-03 11:06:30,001 [main] INFO  grpc.GrpcConfigKeys (ConfUtils.java:logFallback(53)) - raft.grpc.admin.host = null (fallback to raft.grpc.server.host)
2025-01-03 11:06:30,001 [main] INFO  grpc.GrpcConfigKeys (ConfUtils.java:logFallback(53)) - raft.grpc.admin.port = 15121 (fallback to raft.grpc.server.port)
2025-01-03 11:06:30,001 [main] INFO  grpc.GrpcConfigKeys (ConfUtils.java:logFallback(53)) - raft.grpc.client.host = null (fallback to raft.grpc.server.host)
2025-01-03 11:06:30,001 [main] INFO  grpc.GrpcConfigKeys (ConfUtils.java:logFallback(53)) - raft.grpc.client.port = 15121 (fallback to raft.grpc.server.port)
2025-01-03 11:06:30,001 [main] INFO  grpc.GrpcConfigKeys (ConfUtils.java:logGet(46)) - raft.grpc.server.host = null (default)
2025-01-03 11:06:30,001 [main] INFO  grpc.GrpcConfigKeys (ConfUtils.java:logGet(46)) - raft.grpc.server.port = 15121 (custom)
2025-01-03 11:06:30,001 [main] INFO  server.GrpcService (ConfUtils.java:logGet(46)) - raft.grpc.message.size.max = 5242880 (custom)
2025-01-03 11:06:30,001 [main] INFO  server.GrpcService (ConfUtils.java:logGet(46)) - raft.grpc.flow.control.window = 1MB (=1048576) (default)
2025-01-03 11:06:30,001 [main] INFO  server.RaftServerConfigKeys (ConfUtils.java:logGet(46)) - raft.server.rpc.request.timeout = 3000ms (default)
2025-01-03 11:06:30,002 [main] INFO  grpc.GrpcConfigKeys (ConfUtils.java:logGet(46)) - raft.grpc.server.heartbeat.channel = true (default)
2025-01-03 11:06:30,002 [main] INFO  server.RaftServerConfigKeys (ConfUtils.java:logGet(46)) - raft.server.log.appender.buffer.byte-limit = 4194304 (custom)
2025-01-03 11:06:30,002 [main] INFO  grpc.GrpcConfigKeys (ConfUtils.java:logGet(46)) - raft.grpc.server.async.request.thread.pool.cached = true (default)
2025-01-03 11:06:30,002 [main] INFO  grpc.GrpcConfigKeys (ConfUtils.java:logGet(46)) - raft.grpc.server.async.request.thread.pool.size = 32 (default)
2025-01-03 11:06:30,002 [main] INFO  impl.DataStreamServerImpl (ConfUtils.java:logGet(46)) - raft.datastream.type = DISABLED (default)
2025-01-03 11:06:30,003 [main] INFO  server.RaftServerConfigKeys (ConfUtils.java:logGet(46)) - raft.server.sleep.deviation.threshold = 300ms (default)
2025-01-03 11:06:30,003 [main] INFO  server.RaftServerConfigKeys (ConfUtils.java:logGet(46)) - raft.server.close.threshold = 60s (default)
2025-01-03 11:06:30,003 [main] INFO  server.RaftServerConfigKeys (ConfUtils.java:logGet(46)) - raft.server.leaderelection.leader.step-down.wait-time = 10s (default)
2025-01-03 11:06:30,003 [main] INFO  server.RaftServerConfigKeys (ConfUtils.java:logGet(46)) - raft.server.storage.dir = [/home/runner/work/ozone/ozone/hadoop-ozone/integration-test/target/test-dir/MiniOzoneClusterImpl-3f159d52-719f-49ad-b6d4-3e7f01cb1845/omNode-2/ratis] (custom)
2025-01-03 11:06:30,003 [main] INFO  server.RaftServerConfigKeys (ConfUtils.java:logGet(46)) - raft.server.threadpool.proxy.cached = true (default)
2025-01-03 11:06:30,003 [main] INFO  server.RaftServerConfigKeys (ConfUtils.java:logGet(46)) - raft.server.threadpool.proxy.size = 0 (default)
2025-01-03 11:06:30,004 [main] INFO  server.RaftServer (RaftServerProxy.java:addNew(100)) - omNode-2: addNew group-0AAC5367B30E:[omNode-3|localhost:15125, omNode-1|localhost:15117, omNode-2|localhost:15121] returns group-0AAC5367B30E:java.util.concurrent.CompletableFuture@4309d83d[Not completed]
2025-01-03 11:06:30,004 [main] INFO  om.OzoneManager (OzoneManager.java:initializeRatisServer(2207)) - OzoneManager Ratis server initialized at port 15121
2025-01-03 11:06:30,004 [main] INFO  om.OzoneManager (OzoneManager.java:getRpcServer(1254)) - Creating RPC Server
2025-01-03 11:06:30,004 [omNode-2-groupManagement] INFO  server.RaftServer$Division (RaftServerImpl.java:<init>(255)) - omNode-2: new RaftServerImpl for group-0AAC5367B30E:[omNode-3|localhost:15125, omNode-1|localhost:15117, omNode-2|localhost:15121] with OzoneManagerStateMachine:uninitialized
2025-01-03 11:06:30,004 [omNode-2-groupManagement] INFO  server.RaftServerConfigKeys (ConfUtils.java:logGet(46)) - raft.server.rpc.timeout.min = 1s (custom)
2025-01-03 11:06:30,004 [omNode-2-groupManagement] INFO  server.RaftServerConfigKeys (ConfUtils.java:logGet(46)) - raft.server.rpc.timeout.max = 1200ms (custom)
2025-01-03 11:06:30,005 [omNode-2-groupManagement] INFO  server.RaftServerConfigKeys (ConfUtils.java:logGet(46)) - raft.server.rpc.sleep.time = 25ms (default)
2025-01-03 11:06:30,005 [omNode-2-groupManagement] INFO  server.RaftServerConfigKeys (ConfUtils.java:logGet(46)) - raft.server.rpc.slowness.timeout = 2s (custom)
2025-01-03 11:06:30,006 [omNode-2-groupManagement] INFO  server.RaftServerConfigKeys (ConfUtils.java:logGet(46)) - raft.server.leaderelection.leader.step-down.wait-time = 10s (default)
2025-01-03 11:06:30,006 [omNode-2-groupManagement] INFO  server.RaftServerConfigKeys (ConfUtils.java:logGet(46)) - raft.server.leaderelection.member.majority-add = false (default)
2025-01-03 11:06:30,006 [omNode-2-groupManagement] INFO  server.RaftServerConfigKeys (ConfUtils.java:logGet(46)) - raft.server.sleep.deviation.threshold = 300ms (default)
2025-01-03 11:06:30,006 [omNode-2-groupManagement] INFO  server.RaftServer$Division (ServerState.java:<init>(114)) - omNode-2@group-0AAC5367B30E: ConfigurationManager, init=conf: {index: -1, cur=peers:[omNode-3|localhost:15125, omNode-1|localhost:15117, omNode-2|localhost:15121]|listeners:[], old=null}, confs=<EMPTY_MAP>
2025-01-03 11:06:30,006 [omNode-2-groupManagement] INFO  server.RaftServerConfigKeys (ConfUtils.java:logGet(46)) - raft.server.notification.no-leader.timeout = 2s (custom)
2025-01-03 11:06:30,006 [omNode-2-groupManagement] INFO  server.RaftServerConfigKeys (ConfUtils.java:logGet(46)) - raft.server.read.timeout = 10s (default)
2025-01-03 11:06:30,006 [omNode-2-groupManagement] INFO  server.RaftServerConfigKeys (ConfUtils.java:logGet(46)) - raft.server.retrycache.expirytime = 300s (custom)
2025-01-03 11:06:30,006 [omNode-2-groupManagement] INFO  server.RaftServerConfigKeys (ConfUtils.java:logGet(46)) - raft.server.retrycache.statistics.expirytime = 100ms (default)
2025-01-03 11:06:30,007 [omNode-2-groupManagement] INFO  server.RaftServerConfigKeys (ConfUtils.java:logGet(46)) - raft.server.read.option = DEFAULT (default)
2025-01-03 11:06:30,007 [omNode-2-groupManagement] INFO  server.RaftServerConfigKeys (ConfUtils.java:logGet(46)) - raft.server.read.read-after-write-consistent.write-index-cache.expiry-time = 60s (default)
2025-01-03 11:06:30,008 [omNode-2-groupManagement] INFO  server.RaftServerConfigKeys (ConfUtils.java:logGet(46)) - raft.server.rpc.request.timeout = 3000ms (default)
2025-01-03 11:06:30,009 [omNode-2-groupManagement] INFO  server.RaftServerConfigKeys (ConfUtils.java:logGet(46)) - raft.server.log.appender.install.snapshot.enabled = false (custom)
2025-01-03 11:06:30,009 [omNode-2-groupManagement] INFO  server.RaftServerConfigKeys (ConfUtils.java:logGet(46)) - raft.server.threadpool.server.cached = true (default)
2025-01-03 11:06:30,009 [omNode-2-groupManagement] INFO  server.RaftServerConfigKeys (ConfUtils.java:logGet(46)) - raft.server.threadpool.server.size = 0 (default)
2025-01-03 11:06:30,009 [omNode-2-groupManagement] INFO  server.RaftServerConfigKeys (ConfUtils.java:logGet(46)) - raft.server.threadpool.client.cached = true (default)
2025-01-03 11:06:30,009 [omNode-2-groupManagement] INFO  server.RaftServerConfigKeys (ConfUtils.java:logGet(46)) - raft.server.threadpool.client.size = 0 (default)
2025-01-03 11:06:30,336 [main] INFO  reflections.Reflections (Reflections.java:scan(219)) - Reflections took 331 ms to scan 20 urls, producing 60 keys and 7302 values
2025-01-03 11:06:30,338 [main] INFO  ipc.CallQueueManager (CallQueueManager.java:<init>(93)) - Using callQueue: class java.util.concurrent.LinkedBlockingQueue, queueCapacity: 2000, scheduler: class org.apache.hadoop.ipc.DefaultRpcScheduler, ipcBackoff: false, ipcFailOver: false.
2025-01-03 11:06:30,338 [main] INFO  ipc.Server (Server.java:<init>(1438)) - Listener at 127.0.0.1:15118
2025-01-03 11:06:30,338 [Socket Reader #1 for port 15118] INFO  ipc.Server (Server.java:run(1474)) - Starting Socket Reader #1 for port 15118
2025-01-03 11:06:30,339 [Socket Reader #2 for port 15118] INFO  ipc.Server (Server.java:run(1474)) - Starting Socket Reader #2 for port 15118
2025-01-03 11:06:30,339 [Socket Reader #3 for port 15118] INFO  ipc.Server (Server.java:run(1474)) - Starting Socket Reader #3 for port 15118
2025-01-03 11:06:30,339 [Socket Reader #4 for port 15118] INFO  ipc.Server (Server.java:run(1474)) - Starting Socket Reader #4 for port 15118
2025-01-03 11:06:30,339 [Socket Reader #6 for port 15118] INFO  ipc.Server (Server.java:run(1474)) - Starting Socket Reader #6 for port 15118
2025-01-03 11:06:30,340 [Socket Reader #5 for port 15118] INFO  ipc.Server (Server.java:run(1474)) - Starting Socket Reader #5 for port 15118
2025-01-03 11:06:30,348 [Socket Reader #7 for port 15118] INFO  ipc.Server (Server.java:run(1474)) - Starting Socket Reader #7 for port 15118
2025-01-03 11:06:30,349 [Socket Reader #8 for port 15118] INFO  ipc.Server (Server.java:run(1474)) - Starting Socket Reader #8 for port 15118
2025-01-03 11:06:30,349 [Socket Reader #10 for port 15118] INFO  ipc.Server (Server.java:run(1474)) - Starting Socket Reader #10 for port 15118
2025-01-03 11:06:30,349 [Socket Reader #9 for port 15118] INFO  ipc.Server (Server.java:run(1474)) - Starting Socket Reader #9 for port 15118
2025-01-03 11:06:30,385 [main] INFO  impl.MetricsSystemImpl (MetricsSystemImpl.java:init(158)) - OzoneManager metrics system started (again)
2025-01-03 11:06:30,400 [main] INFO  om.OzoneManager (OzoneManager.java:start(1682)) - OzoneManager RPC server is listening at localhost/127.0.0.1:15118
2025-01-03 11:06:30,401 [main] INFO  ratis.OzoneManagerRatisServer (OzoneManagerRatisServer.java:start(634)) - Starting OzoneManagerRatisServer omNode-2 at port 15121
2025-01-03 11:06:30,401 [omNode-2-impl-thread1] INFO  server.RaftServerConfigKeys (ConfUtils.java:logGet(46)) - raft.server.storage.free-space.min = 0MB (=0) (default)
2025-01-03 11:06:30,402 [omNode-2-impl-thread1] INFO  server.RaftServerConfigKeys (ConfUtils.java:logGet(46)) - raft.server.log.corruption.policy = EXCEPTION (default)
2025-01-03 11:06:30,402 [omNode-2-impl-thread1] INFO  server.RaftServerConfigKeys (ConfUtils.java:logGet(46)) - raft.server.storage.dir = [/home/runner/work/ozone/ozone/hadoop-ozone/integration-test/target/test-dir/MiniOzoneClusterImpl-3f159d52-719f-49ad-b6d4-3e7f01cb1845/omNode-2/ratis] (custom)
2025-01-03 11:06:30,402 [omNode-2-impl-thread1] INFO  storage.RaftStorageDirectory (RaftStorageDirectoryImpl.java:analyzeStorage(138)) - The storage directory /home/runner/work/ozone/ozone/hadoop-ozone/integration-test/target/test-dir/MiniOzoneClusterImpl-3f159d52-719f-49ad-b6d4-3e7f01cb1845/omNode-2/ratis/0718e334-ffa1-36bc-8e9a-0aac5367b30e does not exist. Creating ...
2025-01-03 11:06:30,404 [omNode-2-impl-thread1] INFO  storage.RaftStorageDirectory (RaftStorageDirectoryImpl.java:tryLock(229)) - Lock on /home/runner/work/ozone/ozone/hadoop-ozone/integration-test/target/test-dir/MiniOzoneClusterImpl-3f159d52-719f-49ad-b6d4-3e7f01cb1845/omNode-2/ratis/0718e334-ffa1-36bc-8e9a-0aac5367b30e/in_use.lock acquired by nodename 70552@fv-az1204-267
2025-01-03 11:06:30,406 [omNode-2-impl-thread1] INFO  storage.RaftStorage (RaftStorageImpl.java:format(98)) - Storage directory /home/runner/work/ozone/ozone/hadoop-ozone/integration-test/target/test-dir/MiniOzoneClusterImpl-3f159d52-719f-49ad-b6d4-3e7f01cb1845/omNode-2/ratis/0718e334-ffa1-36bc-8e9a-0aac5367b30e has been successfully formatted.
2025-01-03 11:06:30,406 [omNode-2-impl-thread1] INFO  ratis.OzoneManagerStateMachine (OzoneManagerStateMachine.java:lambda$0(138)) - omNode-2: initialize group-0AAC5367B30E with (t:0, i:~)
2025-01-03 11:06:30,406 [omNode-2-impl-thread1] INFO  server.RaftServerConfigKeys (ConfUtils.java:logGet(46)) - raft.server.log.use.memory = false (default)
2025-01-03 11:06:30,406 [omNode-2-impl-thread1] INFO  server.RaftServerConfigKeys (ConfUtils.java:logGet(46)) - raft.server.log.purge.gap = 1000000 (custom)
2025-01-03 11:06:30,406 [omNode-2-impl-thread1] INFO  server.RaftServerConfigKeys (ConfUtils.java:logGet(46)) - raft.server.log.appender.buffer.byte-limit = 4194304 (custom)
2025-01-03 11:06:30,406 [omNode-2-impl-thread1] INFO  server.RaftServerConfigKeys (ConfUtils.java:logGet(46)) - raft.server.log.statemachine.data.read.timeout = 1000ms (default)
2025-01-03 11:06:30,406 [omNode-2-impl-thread1] INFO  server.RaftServerConfigKeys (ConfUtils.java:logGet(46)) - raft.server.log.purge.preservation.log.num = 0 (default)
2025-01-03 11:06:30,408 [omNode-2-impl-thread1] INFO  server.RaftServerConfigKeys (ConfUtils.java:logGet(46)) - raft.server.log.segment.size.max = 4194304 (custom)
2025-01-03 11:06:30,408 [omNode-2-impl-thread1] INFO  server.RaftServerConfigKeys (ConfUtils.java:logGet(46)) - raft.server.log.segment.cache.num.max = 2 (custom)
2025-01-03 11:06:30,408 [omNode-2-impl-thread1] INFO  server.RaftServerConfigKeys (ConfUtils.java:logGet(46)) - raft.server.log.segment.cache.size.max = 200MB (=209715200) (default)
2025-01-03 11:06:30,408 [omNode-2-impl-thread1] INFO  server.RaftServerConfigKeys (ConfUtils.java:logGet(46)) - raft.server.log.appender.buffer.byte-limit = 4194304 (custom)
2025-01-03 11:06:30,409 [omNode-2-impl-thread1] INFO  util.AwaitToRun (AwaitToRun.java:start(81)) - Thread[#3236,omNode-2@group-0AAC5367B30E-cacheEviction-AwaitToRun,5,main] started
2025-01-03 11:06:30,409 [omNode-2-impl-thread1] INFO  segmented.SegmentedRaftLogWorker (SegmentedRaftLogWorker.java:<init>(188)) - new omNode-2@group-0AAC5367B30E-SegmentedRaftLogWorker for RaftStorageImpl:Storage Directory /home/runner/work/ozone/ozone/hadoop-ozone/integration-test/target/test-dir/MiniOzoneClusterImpl-3f159d52-719f-49ad-b6d4-3e7f01cb1845/omNode-2/ratis/0718e334-ffa1-36bc-8e9a-0aac5367b30e
2025-01-03 11:06:30,409 [omNode-2-impl-thread1] INFO  server.RaftServerConfigKeys (ConfUtils.java:logGet(46)) - raft.server.log.queue.byte-limit = 64MB (=67108864) (default)
2025-01-03 11:06:30,409 [omNode-2-impl-thread1] INFO  server.RaftServerConfigKeys (ConfUtils.java:logGet(46)) - raft.server.log.queue.element-limit = 4096 (default)
2025-01-03 11:06:30,409 [omNode-2-impl-thread1] INFO  server.RaftServerConfigKeys (ConfUtils.java:logGet(46)) - raft.server.log.segment.size.max = 4194304 (custom)
2025-01-03 11:06:30,409 [omNode-2-impl-thread1] INFO  server.RaftServerConfigKeys (ConfUtils.java:logGet(46)) - raft.server.log.preallocated.size = 4194304 (custom)
2025-01-03 11:06:30,409 [omNode-2-impl-thread1] INFO  server.RaftServerConfigKeys (ConfUtils.java:logGet(46)) - raft.server.log.force.sync.num = 128 (default)
2025-01-03 11:06:30,409 [omNode-2-impl-thread1] INFO  server.RaftServerConfigKeys (ConfUtils.java:logGet(46)) - raft.server.log.statemachine.data.sync = true (default)
2025-01-03 11:06:30,409 [omNode-2-impl-thread1] INFO  server.RaftServerConfigKeys (ConfUtils.java:logGet(46)) - raft.server.log.statemachine.data.sync.timeout = 10s (default)
2025-01-03 11:06:30,409 [omNode-2-impl-thread1] INFO  server.RaftServerConfigKeys (ConfUtils.java:logGet(46)) - raft.server.log.statemachine.data.sync.timeout.retry = -1 (default)
2025-01-03 11:06:30,410 [omNode-2-impl-thread1] INFO  server.RaftServerConfigKeys (ConfUtils.java:logGet(46)) - raft.server.log.write.buffer.size = 4194312 (custom)
2025-01-03 11:06:30,412 [omNode-2-impl-thread1] INFO  server.RaftServerConfigKeys (ConfUtils.java:logGet(46)) - raft.server.log.appender.buffer.byte-limit = 4194304 (custom)
2025-01-03 11:06:30,412 [omNode-2-impl-thread1] INFO  server.RaftServerConfigKeys (ConfUtils.java:logGet(46)) - raft.server.log.unsafe-flush.enabled = false (default)
2025-01-03 11:06:30,412 [omNode-2-impl-thread1] INFO  server.RaftServerConfigKeys (ConfUtils.java:logGet(46)) - raft.server.log.async-flush.enabled = false (default)
2025-01-03 11:06:30,412 [omNode-2-impl-thread1] INFO  server.RaftServerConfigKeys (ConfUtils.java:logGet(46)) - raft.server.log.statemachine.data.caching.enabled = false (default)
2025-01-03 11:06:30,412 [omNode-2-impl-thread1] INFO  segmented.SegmentedRaftLogWorker (SegmentedRaftLogWorker.java:lambda$new$0(139)) - omNode-2@group-0AAC5367B30E-SegmentedRaftLogWorker: flushIndex: setUnconditionally 0 -> -1
2025-01-03 11:06:30,412 [omNode-2-impl-thread1] INFO  segmented.SegmentedRaftLogWorker (SegmentedRaftLogWorker.java:lambda$new$0(139)) - omNode-2@group-0AAC5367B30E-SegmentedRaftLogWorker: safeCacheEvictIndex: setUnconditionally 0 -> -1
2025-01-03 11:06:30,412 [omNode-2-impl-thread1] INFO  server.RaftServer$Division (RaftServerImpl.java:start(391)) - omNode-2@group-0AAC5367B30E: start as a follower, conf=conf: {index: -1, cur=peers:[omNode-3|localhost:15125, omNode-1|localhost:15117, omNode-2|localhost:15121]|listeners:[], old=null}
2025-01-03 11:06:30,413 [omNode-2-impl-thread1] INFO  server.RaftServer$Division (RaftServerImpl.java:setRole(378)) - omNode-2@group-0AAC5367B30E: changes role from      null to FOLLOWER at term 0 for startAsFollower
2025-01-03 11:06:30,413 [omNode-2-impl-thread1] INFO  impl.RoleInfo (RoleInfo.java:updateAndGet(148)) - omNode-2: start omNode-2@group-0AAC5367B30E-FollowerState
2025-01-03 11:06:30,413 [omNode-2@group-0AAC5367B30E-FollowerState] INFO  server.RaftServerConfigKeys (ConfUtils.java:logFallback(53)) - raft.server.rpc.first-election.timeout.min = 1s (fallback to raft.server.rpc.timeout.min)
2025-01-03 11:06:30,413 [omNode-2@group-0AAC5367B30E-FollowerState] INFO  server.RaftServerConfigKeys (ConfUtils.java:logFallback(53)) - raft.server.rpc.first-election.timeout.max = 1200ms (fallback to raft.server.rpc.timeout.max)
2025-01-03 11:06:30,413 [omNode-2-impl-thread1] INFO  util.JmxRegister (JmxRegister.java:tryRegister(44)) - Successfully registered JMX Bean with object name Ratis:service=RaftServer,group=group-0AAC5367B30E,id=omNode-2
2025-01-03 11:06:30,413 [omNode-2-impl-thread1] INFO  util.JmxRegister (JmxRegister.java:register(58)) - register mxBean class org.apache.ratis.server.impl.RaftServerJmxAdapter as Ratis:service=RaftServer,group=group-0AAC5367B30E,id=omNode-2
2025-01-03 11:06:30,413 [omNode-2-impl-thread1] INFO  server.RaftServerConfigKeys (ConfUtils.java:logGet(46)) - raft.server.snapshot.trigger-when-stop.enabled = true (default)
2025-01-03 11:06:30,413 [omNode-2-impl-thread1] INFO  server.RaftServerConfigKeys (ConfUtils.java:logGet(46)) - raft.server.snapshot.trigger-when-remove.enabled = true (default)
2025-01-03 11:06:30,413 [omNode-2-impl-thread1] INFO  server.RaftServerConfigKeys (ConfUtils.java:logGet(46)) - raft.server.snapshot.auto.trigger.enabled = true (custom)
2025-01-03 11:06:30,413 [omNode-2-impl-thread1] INFO  server.RaftServerConfigKeys (ConfUtils.java:logGet(46)) - raft.server.snapshot.auto.trigger.threshold = 400000 (default)
2025-01-03 11:06:30,413 [omNode-2-impl-thread1] INFO  server.RaftServerConfigKeys (ConfUtils.java:logGet(46)) - raft.server.snapshot.retention.file.num = -1 (default)
2025-01-03 11:06:30,413 [omNode-2-impl-thread1] INFO  server.RaftServerConfigKeys (ConfUtils.java:logGet(46)) - raft.server.log.purge.upto.snapshot.index = true (custom)
2025-01-03 11:06:30,414 [omNode-2-impl-thread1] INFO  server.RaftServer$Division (RaftServerImpl.java:start(405)) - omNode-2@group-0AAC5367B30E: Successfully started.
2025-01-03 11:06:30,414 [main] INFO  server.RaftServer (RaftServerProxy.java:startImpl(407)) - omNode-2: start RPC server
2025-01-03 11:06:30,415 [main] INFO  server.GrpcService (GrpcService.java:startImpl(334)) - omNode-2: GrpcService started, listening on 15121
2025-01-03 11:06:30,415 [JvmPauseMonitor18] INFO  util.JvmPauseMonitor (JvmPauseMonitor.java:run(146)) - JvmPauseMonitor-omNode-2: Started
2025-01-03 11:06:30,416 [main] INFO  om.OzoneManager (OzoneManager.java:start(1697)) - Version File has different layout version (8) than OM DB (null). That is expected if this OM has never been finalized to a newer layout version.
2025-01-03 11:06:30,424 [main] INFO  client.ScmTopologyClient (ScmTopologyClient.java:start(72)) - Initial network topology fetched from SCM: /.
2025-01-03 11:06:30,424 [main] INFO  net.NodeSchemaLoader (NodeSchemaLoader.java:loadSchemaFromFile(129)) - Loading schema from [jar:file:/home/runner/work/ozone/ozone/hadoop-hdds/common/target/hdds-common-2.0.0-SNAPSHOT.jar!/network-topology-default.xml]
2025-01-03 11:06:30,424 [main] INFO  net.NodeSchemaLoader (NodeSchemaLoader.java:loadSchema(176)) - Loading network topology layer schema file
2025-01-03 11:06:30,437 [main] INFO  http.BaseHttpServer (BaseHttpServer.java:newHttpServer2BuilderForOzone(223)) - Starting Web-server for ozoneManager at: http://0.0.0.0:15119
2025-01-03 11:06:30,437 [main] INFO  http.BaseHttpServer (BaseHttpServer.java:<init>(110)) - Hadoop Security Enabled: false Ozone Security Enabled: false Ozone HTTP Security Enabled: false 
2025-01-03 11:06:30,438 [main] WARN  server.AuthenticationFilter (AuthenticationFilter.java:constructSecretProvider(240)) - Unable to initialize FileSignerSecretProvider, falling back to use random secrets. Reason: Could not read signature secret file: /home/runner/hadoop-http-auth-signature-secret
2025-01-03 11:06:30,440 [main] INFO  http.HttpRequestLog (HttpRequestLog.java:getRequestLog(86)) - Http request log for http.requests.ozoneManager is not defined
2025-01-03 11:06:30,441 [main] INFO  http.HttpServer2 (HttpServer2.java:addGlobalFilter(1035)) - Added global filter 'safety' (class=org.apache.hadoop.hdds.server.http.HttpServer2$QuotingInputFilter)
2025-01-03 11:06:30,441 [main] INFO  http.HttpServer2 (HttpServer2.java:addFilter(1011)) - Added filter static_user_filter (class=org.apache.hadoop.http.lib.StaticUserWebFilter$StaticUserFilter) to context ozoneManager
2025-01-03 11:06:30,442 [main] INFO  http.HttpServer2 (HttpServer2.java:addFilter(1019)) - Added filter static_user_filter (class=org.apache.hadoop.http.lib.StaticUserWebFilter$StaticUserFilter) to context static
2025-01-03 11:06:30,442 [main] INFO  http.HttpServer2 (HttpServer2.java:addFilter(1019)) - Added filter static_user_filter (class=org.apache.hadoop.http.lib.StaticUserWebFilter$StaticUserFilter) to context logs
2025-01-03 11:06:30,442 [main] INFO  http.BaseHttpServer (BaseHttpServer.java:<init>(189)) - HTTP server of ozoneManager uses base directory /home/runner/work/ozone/ozone/hadoop-ozone/integration-test/target/test-dir/MiniOzoneClusterImpl-3f159d52-719f-49ad-b6d4-3e7f01cb1845/omNode-2/webserver
2025-01-03 11:06:30,442 [main] INFO  http.HttpServer2 (HttpServer2.java:bindListener(1235)) - Jetty bound to port 15119
2025-01-03 11:06:30,443 [main] INFO  server.Server (Server.java:doStart(375)) - jetty-9.4.56.v20240826; built: 2024-08-26T17:15:05.868Z; git: ec6782ff5ead824dabdcf47fa98f90a4aedff401; jvm 21.0.5+11-LTS
2025-01-03 11:06:30,444 [main] INFO  server.session (DefaultSessionIdManager.java:doStart(334)) - DefaultSessionIdManager workerName=node0
2025-01-03 11:06:30,445 [main] INFO  server.session (DefaultSessionIdManager.java:doStart(339)) - No SessionScavenger set, using defaults
2025-01-03 11:06:30,445 [main] INFO  server.session (HouseKeeper.java:startScavenging(132)) - node0 Scavenging every 600000ms
2025-01-03 11:06:30,445 [main] INFO  handler.ContextHandler (ContextHandler.java:doStart(921)) - Started o.e.j.s.ServletContextHandler@5550a157{logs,/logs,file:///home/runner/work/ozone/ozone/hadoop-ozone/integration-test/target/log,AVAILABLE}
2025-01-03 11:06:30,446 [main] INFO  handler.ContextHandler (ContextHandler.java:doStart(921)) - Started o.e.j.s.ServletContextHandler@6dbb9458{static,/static,file:///home/runner/work/ozone/ozone/hadoop-ozone/integration-test/target/test-classes/webapps/static,AVAILABLE}
2025-01-03 11:06:30,451 [main] INFO  handler.ContextHandler (ContextHandler.java:doStart(921)) - Started o.e.j.w.WebAppContext@54d16074{ozoneManager,/,file:///home/runner/work/ozone/ozone/hadoop-ozone/integration-test/target/test-classes/webapps/ozoneManager/,AVAILABLE}{file:/home/runner/work/ozone/ozone/hadoop-ozone/integration-test/target/test-classes/webapps/ozoneManager}
2025-01-03 11:06:30,452 [main] INFO  server.AbstractConnector (AbstractConnector.java:doStart(333)) - Started ServerConnector@34ef28e0{HTTP/1.1, (http/1.1)}{0.0.0.0:15119}
2025-01-03 11:06:30,452 [main] INFO  server.Server (Server.java:doStart(415)) - Started @107114ms
2025-01-03 11:06:30,452 [main] WARN  impl.MetricsSystemImpl (MetricsSystemImpl.java:register(279)) - Sink prometheus already exists!
2025-01-03 11:06:30,453 [main] INFO  http.BaseHttpServer (BaseHttpServer.java:updateConnectorAddress(354)) - HTTP server of ozoneManager listening at http://0.0.0.0:15119
2025-01-03 11:06:30,453 [IPC Server Responder] INFO  ipc.Server (Server.java:run(1713)) - IPC Server Responder: starting
2025-01-03 11:06:30,456 [IPC Server listener on 15118] INFO  ipc.Server (Server.java:run(1553)) - IPC Server listener on 15118: starting
2025-01-03 11:06:30,458 [main] INFO  om.OzoneManager (OzoneManager.java:startTrashEmptier(2160)) - Trash Interval set to 0. Files deleted won't move to trash
2025-01-03 11:06:30,458 [main] INFO  ozone.MiniOzoneHAClusterImpl (MiniOzoneHAClusterImpl.java:createOMService(515)) - Started OzoneManager omNode-2 RPC server at localhost/127.0.0.1:15118
2025-01-03 11:06:30,459 [main] INFO  ha.OMHANodeDetails (OMHANodeDetails.java:loadOMHAConfig(121)) - ServiceID for OzoneManager is om-add-remove
2025-01-03 11:06:30,459 [main] INFO  ha.OMHANodeDetails (OMHANodeDetails.java:loadOMHAConfig(201)) - Found matching OM address with OMServiceId: om-add-remove, OMNodeId: omNode-3, RPC Address: localhost:15122 and Ratis port: 15125
2025-01-03 11:06:30,459 [main] INFO  ha.OMHANodeDetails (ConfUtils.java:setNodeSpecificConfigs(97)) - Setting configuration key ozone.om.http-address with value of key ozone.om.http-address.om-add-remove.omNode-3: 127.0.0.1:15123
2025-01-03 11:06:30,459 [main] INFO  ha.OMHANodeDetails (ConfUtils.java:setNodeSpecificConfigs(97)) - Setting configuration key ozone.om.https-address with value of key ozone.om.https-address.om-add-remove.omNode-3: 127.0.0.1:15124
2025-01-03 11:06:30,459 [main] INFO  ha.OMHANodeDetails (ConfUtils.java:setNodeSpecificConfigs(97)) - Setting configuration key ozone.om.address with value of key ozone.om.address.om-add-remove.omNode-3: 127.0.0.1:15122
2025-01-03 11:06:30,459 [main] WARN  server.ServerUtils (ServerUtils.java:getDBPath(299)) - ozone.om.db.dirs is not configured. We recommend adding this setting. Falling back to ozone.metadata.dirs instead.
2025-01-03 11:06:30,460 [main] INFO  ha.SCMNodeInfo (SCMNodeInfo.java:getPort(196)) - ConfigKey ozone.scm.client.address is deprecated, For configuring different ports for each SCM use PortConfigKey ozone.scm.client.port appended with serviceId and nodeId
2025-01-03 11:06:30,460 [main] INFO  ha.SCMNodeInfo (SCMNodeInfo.java:getPort(196)) - ConfigKey ozone.scm.block.client.address is deprecated, For configuring different ports for each SCM use PortConfigKey ozone.scm.block.client.port appended with serviceId and nodeId
2025-01-03 11:06:30,460 [main] INFO  ha.SCMNodeInfo (SCMNodeInfo.java:getPort(196)) - ConfigKey ozone.scm.security.service.address is deprecated, For configuring different ports for each SCM use PortConfigKey ozone.scm.security.service.port appended with serviceId and nodeId
2025-01-03 11:06:30,460 [main] INFO  ha.SCMNodeInfo (SCMNodeInfo.java:getPort(196)) - ConfigKey ozone.scm.datanode.address is deprecated, For configuring different ports for each SCM use PortConfigKey ozone.scm.datanode.port appended with serviceId and nodeId
2025-01-03 11:06:30,460 [main] INFO  proxy.SCMBlockLocationFailoverProxyProvider (SCMBlockLocationFailoverProxyProvider.java:<init>(115)) - Created block location fail-over proxy with 1 nodes: [nodeId=scmNode-1,nodeAddress=/127.0.0.1:15109]
OM initialization succeeded.Current cluster id for sd=/home/runner/work/ozone/ozone/hadoop-ozone/integration-test/target/test-dir/MiniOzoneClusterImpl-3f159d52-719f-49ad-b6d4-3e7f01cb1845/omNode-3/om;cid=3f159d52-719f-49ad-b6d4-3e7f01cb1845;layoutVersion=8
2025-01-03 11:06:30,464 [main] INFO  ha.OMHANodeDetails (OMHANodeDetails.java:loadOMHAConfig(121)) - ServiceID for OzoneManager is om-add-remove
2025-01-03 11:06:30,464 [main] INFO  ha.OMHANodeDetails (OMHANodeDetails.java:loadOMHAConfig(201)) - Found matching OM address with OMServiceId: om-add-remove, OMNodeId: omNode-3, RPC Address: localhost:15122 and Ratis port: 15125
2025-01-03 11:06:30,464 [main] INFO  ha.OMHANodeDetails (ConfUtils.java:setNodeSpecificConfigs(97)) - Setting configuration key ozone.om.http-address with value of key ozone.om.http-address.om-add-remove.omNode-3: 127.0.0.1:15123
2025-01-03 11:06:30,464 [main] INFO  ha.OMHANodeDetails (ConfUtils.java:setNodeSpecificConfigs(97)) - Setting configuration key ozone.om.https-address with value of key ozone.om.https-address.om-add-remove.omNode-3: 127.0.0.1:15124
2025-01-03 11:06:30,465 [main] INFO  ha.OMHANodeDetails (ConfUtils.java:setNodeSpecificConfigs(97)) - Setting configuration key ozone.om.address with value of key ozone.om.address.om-add-remove.omNode-3: 127.0.0.1:15122
2025-01-03 11:06:30,465 [main] WARN  server.ServerUtils (ServerUtils.java:getDBPath(299)) - ozone.om.db.dirs is not configured. We recommend adding this setting. Falling back to ozone.metadata.dirs instead.
2025-01-03 11:06:30,466 [main] INFO  upgrade.AbstractLayoutVersionManager (AbstractLayoutVersionManager.java:init(83)) - Initializing Layout version manager with metadata layout = DELEGATION_TOKEN_SYMMETRIC_SIGN (version = 8), software layout = DELEGATION_TOKEN_SYMMETRIC_SIGN (version = 8)
2025-01-03 11:06:30,508 [main] INFO  reflections.Reflections (Reflections.java:scan(219)) - Reflections took 42 ms to scan 2 urls, producing 200 keys and 591 values
2025-01-03 11:06:30,508 [main] INFO  upgrade.OMLayoutVersionManager (OMLayoutVersionManager.java:lambda$0(113)) - Skipping Upgrade Action QuotaRepairUpgradeAction since it has been finalized.
2025-01-03 11:06:30,508 [main] INFO  upgrade.OMLayoutVersionManager (OMLayoutVersionManager.java:lambda$0(113)) - Skipping Upgrade Action MockOmUpgradeAction since it has been finalized.
2025-01-03 11:06:30,508 [main] WARN  server.ServerUtils (ServerUtils.java:getDBPath(299)) - ozone.om.db.dirs is not configured. We recommend adding this setting. Falling back to ozone.metadata.dirs instead.
2025-01-03 11:06:30,509 [main] INFO  ha.SCMNodeInfo (SCMNodeInfo.java:getPort(196)) - ConfigKey ozone.scm.client.address is deprecated, For configuring different ports for each SCM use PortConfigKey ozone.scm.client.port appended with serviceId and nodeId
2025-01-03 11:06:30,509 [main] INFO  ha.SCMNodeInfo (SCMNodeInfo.java:getPort(196)) - ConfigKey ozone.scm.block.client.address is deprecated, For configuring different ports for each SCM use PortConfigKey ozone.scm.block.client.port appended with serviceId and nodeId
2025-01-03 11:06:30,509 [main] INFO  ha.SCMNodeInfo (SCMNodeInfo.java:getPort(196)) - ConfigKey ozone.scm.security.service.address is deprecated, For configuring different ports for each SCM use PortConfigKey ozone.scm.security.service.port appended with serviceId and nodeId
2025-01-03 11:06:30,509 [main] INFO  ha.SCMNodeInfo (SCMNodeInfo.java:getPort(196)) - ConfigKey ozone.scm.datanode.address is deprecated, For configuring different ports for each SCM use PortConfigKey ozone.scm.datanode.port appended with serviceId and nodeId
2025-01-03 11:06:30,509 [main] INFO  ha.SCMNodeInfo (SCMNodeInfo.java:getPort(196)) - ConfigKey ozone.scm.client.address is deprecated, For configuring different ports for each SCM use PortConfigKey ozone.scm.client.port appended with serviceId and nodeId
2025-01-03 11:06:30,510 [main] INFO  ha.SCMNodeInfo (SCMNodeInfo.java:getPort(196)) - ConfigKey ozone.scm.block.client.address is deprecated, For configuring different ports for each SCM use PortConfigKey ozone.scm.block.client.port appended with serviceId and nodeId
2025-01-03 11:06:30,510 [main] INFO  ha.SCMNodeInfo (SCMNodeInfo.java:getPort(196)) - ConfigKey ozone.scm.security.service.address is deprecated, For configuring different ports for each SCM use PortConfigKey ozone.scm.security.service.port appended with serviceId and nodeId
2025-01-03 11:06:30,510 [main] INFO  ha.SCMNodeInfo (SCMNodeInfo.java:getPort(196)) - ConfigKey ozone.scm.datanode.address is deprecated, For configuring different ports for each SCM use PortConfigKey ozone.scm.datanode.port appended with serviceId and nodeId
2025-01-03 11:06:30,510 [main] INFO  proxy.SCMBlockLocationFailoverProxyProvider (SCMBlockLocationFailoverProxyProvider.java:<init>(115)) - Created block location fail-over proxy with 1 nodes: [nodeId=scmNode-1,nodeAddress=/127.0.0.1:15109]
2025-01-03 11:06:30,511 [main] INFO  ha.SCMNodeInfo (SCMNodeInfo.java:getPort(196)) - ConfigKey ozone.scm.client.address is deprecated, For configuring different ports for each SCM use PortConfigKey ozone.scm.client.port appended with serviceId and nodeId
2025-01-03 11:06:30,511 [main] INFO  ha.SCMNodeInfo (SCMNodeInfo.java:getPort(196)) - ConfigKey ozone.scm.block.client.address is deprecated, For configuring different ports for each SCM use PortConfigKey ozone.scm.block.client.port appended with serviceId and nodeId
2025-01-03 11:06:30,511 [main] INFO  ha.SCMNodeInfo (SCMNodeInfo.java:getPort(196)) - ConfigKey ozone.scm.security.service.address is deprecated, For configuring different ports for each SCM use PortConfigKey ozone.scm.security.service.port appended with serviceId and nodeId
2025-01-03 11:06:30,511 [main] INFO  ha.SCMNodeInfo (SCMNodeInfo.java:getPort(196)) - ConfigKey ozone.scm.datanode.address is deprecated, For configuring different ports for each SCM use PortConfigKey ozone.scm.datanode.port appended with serviceId and nodeId
2025-01-03 11:06:30,511 [main] INFO  proxy.SCMBlockLocationFailoverProxyProvider (SCMBlockLocationFailoverProxyProvider.java:<init>(115)) - Created block location fail-over proxy with 1 nodes: [nodeId=scmNode-1,nodeAddress=/127.0.0.1:15109]
2025-01-03 11:06:30,514 [main] INFO  om.OzoneManager (OzoneManager.java:<init>(695)) - OM start with adminUsers: [runner]
2025-01-03 11:06:30,515 [main] WARN  server.ServerUtils (ServerUtils.java:getDBPath(299)) - ozone.om.db.dirs is not configured. We recommend adding this setting. Falling back to ozone.metadata.dirs instead.
2025-01-03 11:06:30,515 [main] INFO  helpers.OmKeyInfo (OmKeyInfo.java:getCodec(73)) - OmKeyInfo.getCodec ignorePipeline = true
2025-01-03 11:06:30,675 [main] INFO  om.OzoneManager (OzoneManager.java:instantiateServices(827)) - S3 Multi-Tenancy is disabled
2025-01-03 11:06:30,676 [main] INFO  om.OmSnapshotManager (OmSnapshotManager.java:<init>(183)) - Ozone filesystem snapshot feature is enabled.
2025-01-03 11:06:30,676 [main] WARN  server.ServerUtils (ServerUtils.java:getDBPath(299)) - ozone.om.snapshot.diff.db.dir is not configured. We recommend adding this setting. Falling back to ozone.metadata.dirs instead.
2025-01-03 11:06:30,694 [main] INFO  utils.NativeLibraryLoader (NativeLibraryLoader.java:loadLibrary(122)) - Loading Library: ozone_rocksdb_tools
2025-01-03 11:06:30,694 [main] WARN  snapshot.SnapshotDiffManager (SnapshotDiffManager.java:initNativeLibraryForEfficientDiff(287)) - Native Library for raw sst file reading loading failed. Fallback to performing a full diff instead. Unable to load library ozone_rocksdb_tools from both java.library.path & resource file libozone_rocksdb_tools.so from jar.
2025-01-03 11:06:30,696 [main] INFO  om.OzoneManager (OzoneManager.java:addS3GVolumeToDB(4607)) - Created Volume s3v With Owner runner required for S3Gateway operations.
2025-01-03 11:06:30,696 [main] WARN  server.ServerUtils (ServerUtils.java:getDefaultRatisDirectory(311)) - Storage directory for Ratis is not configured. It is a good idea to map this to an SSD disk. Falling back to ozone.metadata.dirs
2025-01-03 11:06:30,697 [main] WARN  utils.OzoneManagerRatisUtils (OzoneManagerRatisUtils.java:getOMRatisSnapshotDirectory(493)) - ozone.om.ratis.snapshot.dir is not configured. Falling back to ozone.metadata.dirs config
2025-01-03 11:06:30,697 [main] INFO  utils.RDBSnapshotProvider (RDBSnapshotProvider.java:init(87)) - Cleaning up the candidate dir: /home/runner/work/ozone/ozone/hadoop-ozone/integration-test/target/test-dir/MiniOzoneClusterImpl-3f159d52-719f-49ad-b6d4-3e7f01cb1845/omNode-3/snapshot/om.db.candidate
2025-01-03 11:06:30,697 [main] INFO  ratis_snapshot.OmRatisSnapshotProvider (OmRatisSnapshotProvider.java:<init>(99)) - Initializing OM Snapshot Provider
2025-01-03 11:06:30,698 [main] WARN  dropwizard3.Dm3MetricRegistriesImpl (Dm3MetricRegistriesImpl.java:addReporterRegistration(114)) - New reporters are added after registries were created. Some metrics will be missing from the reporter. Please add reporter before adding any new registry.
2025-01-03 11:06:30,698 [main] WARN  dropwizard3.Dm3MetricRegistriesImpl (Dm3MetricRegistriesImpl.java:addReporterRegistration(114)) - New reporters are added after registries were created. Some metrics will be missing from the reporter. Please add reporter before adding any new registry.
2025-01-03 11:06:30,698 [main] WARN  server.ServerUtils (ServerUtils.java:getDefaultRatisDirectory(311)) - Storage directory for Ratis is not configured. It is a good idea to map this to an SSD disk. Falling back to ozone.metadata.dirs
2025-01-03 11:06:30,698 [main] INFO  server.RaftServerConfigKeys (ConfUtils.java:logGet(46)) - raft.server.log.appender.buffer.byte-limit = 4194304 (custom)
2025-01-03 11:06:30,699 [main] INFO  ratis.OzoneManagerRatisServer (OzoneManagerRatisServer.java:<init>(171)) - Instantiating OM Ratis server with groupID: om-add-remove and peers: localhost:15125, localhost:15117, localhost:15121
2025-01-03 11:06:30,699 [main] INFO  ratis.OzoneManagerStateMachine (OzoneManagerStateMachine.java:loadSnapshotInfoFromDB(608)) - TransactionInfo not found in OM DB.
2025-01-03 11:06:30,700 [main] INFO  server.RaftServer (ConfUtils.java:logGet(46)) - raft.rpc.type = GRPC (default)
2025-01-03 11:06:30,700 [main] INFO  grpc.GrpcConfigKeys (ConfUtils.java:logFallback(53)) - raft.grpc.admin.host = null (fallback to raft.grpc.server.host)
2025-01-03 11:06:30,700 [main] INFO  grpc.GrpcConfigKeys (ConfUtils.java:logFallback(53)) - raft.grpc.admin.port = 15125 (fallback to raft.grpc.server.port)
2025-01-03 11:06:30,700 [main] INFO  grpc.GrpcConfigKeys (ConfUtils.java:logFallback(53)) - raft.grpc.client.host = null (fallback to raft.grpc.server.host)
2025-01-03 11:06:30,700 [main] INFO  grpc.GrpcConfigKeys (ConfUtils.java:logFallback(53)) - raft.grpc.client.port = 15125 (fallback to raft.grpc.server.port)
2025-01-03 11:06:30,700 [main] INFO  grpc.GrpcConfigKeys (ConfUtils.java:logGet(46)) - raft.grpc.server.host = null (default)
2025-01-03 11:06:30,700 [main] INFO  grpc.GrpcConfigKeys (ConfUtils.java:logGet(46)) - raft.grpc.server.port = 15125 (custom)
2025-01-03 11:06:30,700 [main] INFO  server.GrpcService (ConfUtils.java:logGet(46)) - raft.grpc.message.size.max = 5242880 (custom)
2025-01-03 11:06:30,701 [main] INFO  server.GrpcService (ConfUtils.java:logGet(46)) - raft.grpc.flow.control.window = 1MB (=1048576) (default)
2025-01-03 11:06:30,701 [main] INFO  server.RaftServerConfigKeys (ConfUtils.java:logGet(46)) - raft.server.rpc.request.timeout = 3000ms (default)
2025-01-03 11:06:30,701 [main] INFO  grpc.GrpcConfigKeys (ConfUtils.java:logGet(46)) - raft.grpc.server.heartbeat.channel = true (default)
2025-01-03 11:06:30,701 [main] INFO  server.RaftServerConfigKeys (ConfUtils.java:logGet(46)) - raft.server.log.appender.buffer.byte-limit = 4194304 (custom)
2025-01-03 11:06:30,701 [main] INFO  grpc.GrpcConfigKeys (ConfUtils.java:logGet(46)) - raft.grpc.server.async.request.thread.pool.cached = true (default)
2025-01-03 11:06:30,701 [main] INFO  grpc.GrpcConfigKeys (ConfUtils.java:logGet(46)) - raft.grpc.server.async.request.thread.pool.size = 32 (default)
2025-01-03 11:06:30,702 [main] INFO  impl.DataStreamServerImpl (ConfUtils.java:logGet(46)) - raft.datastream.type = DISABLED (default)
2025-01-03 11:06:30,702 [main] INFO  server.RaftServerConfigKeys (ConfUtils.java:logGet(46)) - raft.server.sleep.deviation.threshold = 300ms (default)
2025-01-03 11:06:30,702 [main] INFO  server.RaftServerConfigKeys (ConfUtils.java:logGet(46)) - raft.server.close.threshold = 60s (default)
2025-01-03 11:06:30,702 [main] INFO  server.RaftServerConfigKeys (ConfUtils.java:logGet(46)) - raft.server.leaderelection.leader.step-down.wait-time = 10s (default)
2025-01-03 11:06:30,702 [main] INFO  server.RaftServerConfigKeys (ConfUtils.java:logGet(46)) - raft.server.storage.dir = [/home/runner/work/ozone/ozone/hadoop-ozone/integration-test/target/test-dir/MiniOzoneClusterImpl-3f159d52-719f-49ad-b6d4-3e7f01cb1845/omNode-3/ratis] (custom)
2025-01-03 11:06:30,702 [main] INFO  server.RaftServerConfigKeys (ConfUtils.java:logGet(46)) - raft.server.threadpool.proxy.cached = true (default)
2025-01-03 11:06:30,702 [main] INFO  server.RaftServerConfigKeys (ConfUtils.java:logGet(46)) - raft.server.threadpool.proxy.size = 0 (default)
2025-01-03 11:06:30,703 [main] INFO  server.RaftServer (RaftServerProxy.java:addNew(100)) - omNode-3: addNew group-0AAC5367B30E:[omNode-3|localhost:15125, omNode-1|localhost:15117, omNode-2|localhost:15121] returns group-0AAC5367B30E:java.util.concurrent.CompletableFuture@69ff118[Not completed]
2025-01-03 11:06:30,703 [omNode-3-groupManagement] INFO  server.RaftServer$Division (OzoneManager.java:initializeRatisServer(2207)) - OzoneManager Ratis server initialized at port 15125
RaftServerImpl.java:<init>(255)) - omNode-3: new RaftServerImpl for group-0AAC5367B30E:[omNode-3|localhost:15125, omNode-1|localhost:15117, omNode-2|localhost:15121] with OzoneManagerStateMachine:uninitialized
2025-01-03 11:06:30,703 [omNode-3-groupManagement] INFO  server.RaftServerConfigKeys (ConfUtils.java:logGet(46)) - raft.server.rpc.timeout.min = 1s (custom)
2025-01-03 11:06:30,703 [omNode-3-groupManagement] INFO  server.RaftServerConfigKeys (ConfUtils.java:logGet(46)) - raft.server.rpc.timeout.max = 1200ms (custom)
2025-01-03 11:06:30,703 [omNode-3-groupManagement] INFO  server.RaftServerConfigKeys (ConfUtils.java:logGet(46)) - raft.server.rpc.sleep.time = 25ms (default)
2025-01-03 11:06:30,703 [main] INFO  om.OzoneManager (OzoneManager.java:initializeRatisServer(2207)) - OzoneManager Ratis server initialized at port 15125
2025-01-03 11:06:30,703 [omNode-3-groupManagement] INFO  server.RaftServerConfigKeys (ConfUtils.java:logGet(46)) - raft.server.rpc.slowness.timeout = 2s (custom)
2025-01-03 11:06:30,703 [omNode-3-groupManagement] INFO  server.RaftServerConfigKeys (ConfUtils.java:logGet(46)) - raft.server.leaderelection.leader.step-down.wait-time = 10s (default)
2025-01-03 11:06:30,703 [omNode-3-groupManagement] INFO  server.RaftServerConfigKeys (OzoneManager.java:getRpcServer(1254)) - Creating RPC Server
ConfUtils.java:logGet(46)) - raft.server.leaderelection.member.majority-add = false (default)
2025-01-03 11:06:30,703 [omNode-3-groupManagement] INFO  server.RaftServerConfigKeys (ConfUtils.java:logGet(46)) - raft.server.sleep.deviation.threshold = 300ms (default)
2025-01-03 11:06:30,703 [main] INFO  om.OzoneManager (OzoneManager.java:getRpcServer(1254)) - Creating RPC Server
2025-01-03 11:06:30,703 [omNode-3-groupManagement] INFO  server.RaftServer$Division (ServerState.java:<init>(114)) - omNode-3@group-0AAC5367B30E: ConfigurationManager, init=conf: {index: -1, cur=peers:[omNode-3|localhost:15125, omNode-1|localhost:15117, omNode-2|localhost:15121]|listeners:[], old=null}, confs=<EMPTY_MAP>
2025-01-03 11:06:30,703 [omNode-3-groupManagement] INFO  server.RaftServerConfigKeys (ConfUtils.java:logGet(46)) - raft.server.notification.no-leader.timeout = 2s (custom)
2025-01-03 11:06:30,704 [omNode-3-groupManagement] INFO  server.RaftServerConfigKeys (ConfUtils.java:logGet(46)) - raft.server.read.timeout = 10s (default)
2025-01-03 11:06:30,704 [omNode-3-groupManagement] INFO  server.RaftServerConfigKeys (ConfUtils.java:logGet(46)) - raft.server.retrycache.expirytime = 300s (custom)
2025-01-03 11:06:30,704 [omNode-3-groupManagement] INFO  server.RaftServerConfigKeys (ConfUtils.java:logGet(46)) - raft.server.retrycache.statistics.expirytime = 100ms (default)
2025-01-03 11:06:30,704 [omNode-3-groupManagement] INFO  server.RaftServerConfigKeys (ConfUtils.java:logGet(46)) - raft.server.read.option = DEFAULT (default)
2025-01-03 11:06:30,704 [omNode-3-groupManagement] INFO  server.RaftServerConfigKeys (ConfUtils.java:logGet(46)) - raft.server.read.read-after-write-consistent.write-index-cache.expiry-time = 60s (default)
2025-01-03 11:06:30,717 [omNode-3-groupManagement] INFO  server.RaftServerConfigKeys (ConfUtils.java:logGet(46)) - raft.server.rpc.request.timeout = 3000ms (default)
2025-01-03 11:06:30,717 [omNode-3-groupManagement] INFO  server.RaftServerConfigKeys (ConfUtils.java:logGet(46)) - raft.server.log.appender.install.snapshot.enabled = false (custom)
2025-01-03 11:06:30,717 [omNode-3-groupManagement] INFO  server.RaftServerConfigKeys (ConfUtils.java:logGet(46)) - raft.server.threadpool.server.cached = true (default)
2025-01-03 11:06:30,717 [omNode-3-groupManagement] INFO  server.RaftServerConfigKeys (ConfUtils.java:logGet(46)) - raft.server.threadpool.server.size = 0 (default)
2025-01-03 11:06:30,717 [omNode-3-groupManagement] INFO  server.RaftServerConfigKeys (ConfUtils.java:logGet(46)) - raft.server.threadpool.client.cached = true (default)
2025-01-03 11:06:30,717 [omNode-3-groupManagement] INFO  server.RaftServerConfigKeys (ConfUtils.java:logGet(46)) - raft.server.threadpool.client.size = 0 (default)
2025-01-03 11:06:30,834 [omNode-1@group-0AAC5367B30E-FollowerState] INFO  impl.FollowerState (FollowerState.java:runImpl(161)) - omNode-1@group-0AAC5367B30E-FollowerState: change to CANDIDATE, lastRpcElapsedTime:1145564204ns, electionTimeout:1140ms
2025-01-03 11:06:30,834 [omNode-1@group-0AAC5367B30E-FollowerState] INFO  impl.RoleInfo (RoleInfo.java:shutdownFollowerState(121)) - omNode-1: shutdown omNode-1@group-0AAC5367B30E-FollowerState
2025-01-03 11:06:30,834 [omNode-1@group-0AAC5367B30E-FollowerState] INFO  server.RaftServer$Division (RaftServerImpl.java:setRole(378)) - omNode-1@group-0AAC5367B30E: changes role from  FOLLOWER to CANDIDATE at term 0 for changeToCandidate
2025-01-03 11:06:30,834 [omNode-1@group-0AAC5367B30E-FollowerState] INFO  server.RaftServerConfigKeys (ConfUtils.java:logGet(46)) - raft.server.leaderelection.pre-vote = true (default)
2025-01-03 11:06:30,835 [omNode-1@group-0AAC5367B30E-FollowerState] INFO  impl.RoleInfo (RoleInfo.java:updateAndGet(148)) - omNode-1: start omNode-1@group-0AAC5367B30E-LeaderElection24
2025-01-03 11:06:30,844 [omNode-1@group-0AAC5367B30E-LeaderElection24] INFO  impl.LeaderElection (LeaderElection.java:askForVotes(332)) - omNode-1@group-0AAC5367B30E-LeaderElection24 PRE_VOTE round 0: submit vote requests at term 0 for conf: {index: -1, cur=peers:[omNode-3|localhost:15125, omNode-1|localhost:15117, omNode-2|localhost:15121]|listeners:[], old=null}
2025-01-03 11:06:30,848 [omNode-1@group-0AAC5367B30E-LeaderElection24-1] INFO  server.GrpcServerProtocolClient (GrpcServerProtocolClient.java:<init>(65)) - Build channel for omNode-3|localhost:15125
2025-01-03 11:06:30,850 [omNode-1@group-0AAC5367B30E-LeaderElection24] INFO  server.RaftServerConfigKeys (ConfUtils.java:logFallback(53)) - raft.server.rpc.first-election.timeout.min = 1s (fallback to raft.server.rpc.timeout.min)
2025-01-03 11:06:30,850 [omNode-1@group-0AAC5367B30E-LeaderElection24] INFO  server.RaftServerConfigKeys (ConfUtils.java:logFallback(53)) - raft.server.rpc.first-election.timeout.max = 1200ms (fallback to raft.server.rpc.timeout.max)
2025-01-03 11:06:30,850 [omNode-1@group-0AAC5367B30E-LeaderElection24-2] INFO  server.GrpcServerProtocolClient (GrpcServerProtocolClient.java:<init>(65)) - Build channel for omNode-2|localhost:15121
2025-01-03 11:06:30,855 [omNode-1@group-0AAC5367B30E-LeaderElection24] INFO  impl.LeaderElection (LogUtils.java:infoOrTrace(136)) - omNode-1@group-0AAC5367B30E-LeaderElection24 got exception when requesting votes: java.util.concurrent.ExecutionException: org.apache.ratis.thirdparty.io.grpc.StatusRuntimeException: UNAVAILABLE: io exception
2025-01-03 11:06:30,867 [grpc-default-executor-0] INFO  server.RaftServer$Division (RaftServerImpl.java:requestVote(1407)) - omNode-2@group-0AAC5367B30E: receive requestVote(PRE_VOTE, omNode-1, group-0AAC5367B30E, 0, (t:0, i:~))
2025-01-03 11:06:30,867 [grpc-default-executor-0] INFO  impl.VoteContext (VoteContext.java:log(49)) - omNode-2@group-0AAC5367B30E-FOLLOWER: accept PRE_VOTE from omNode-1: our priority 0 <= candidate's priority 0
2025-01-03 11:06:30,867 [grpc-default-executor-0] INFO  server.RaftServer$Division (RaftServerImpl.java:requestVote(1441)) - omNode-2@group-0AAC5367B30E replies to PRE_VOTE vote request: omNode-1<-omNode-2#0:OK-t0. Peer's state: omNode-2@group-0AAC5367B30E:t0, leader=null, voted=, raftlog=Memoized:omNode-2@group-0AAC5367B30E-SegmentedRaftLog:OPENED:c-1:lastnull, conf=conf: {index: -1, cur=peers:[omNode-3|localhost:15125, omNode-1|localhost:15117, omNode-2|localhost:15121]|listeners:[], old=null}
2025-01-03 11:06:30,868 [omNode-1@group-0AAC5367B30E-LeaderElection24] INFO  impl.LeaderElection (LeaderElection.java:logAndReturn(90)) - omNode-1@group-0AAC5367B30E-LeaderElection24: PRE_VOTE PASSED received 1 response(s) and 1 exception(s):
2025-01-03 11:06:30,868 [omNode-1@group-0AAC5367B30E-LeaderElection24] INFO  impl.LeaderElection (LeaderElection.java:logAndReturn(94)) -   Response 0: omNode-1<-omNode-2#0:OK-t0
2025-01-03 11:06:30,868 [omNode-1@group-0AAC5367B30E-LeaderElection24] INFO  impl.LeaderElection (LogUtils.java:infoOrTrace(136)) -   Exception 1: java.util.concurrent.ExecutionException: org.apache.ratis.thirdparty.io.grpc.StatusRuntimeException: UNAVAILABLE: io exception
2025-01-03 11:06:30,868 [omNode-1@group-0AAC5367B30E-LeaderElection24] INFO  impl.LeaderElection (LeaderElection.java:askForVotes(334)) - omNode-1@group-0AAC5367B30E-LeaderElection24 PRE_VOTE round 0: result PASSED
2025-01-03 11:06:30,870 [omNode-1@group-0AAC5367B30E-LeaderElection24] INFO  impl.LeaderElection (LeaderElection.java:askForVotes(332)) - omNode-1@group-0AAC5367B30E-LeaderElection24 ELECTION round 0: submit vote requests at term 1 for conf: {index: -1, cur=peers:[omNode-3|localhost:15125, omNode-1|localhost:15117, omNode-2|localhost:15121]|listeners:[], old=null}
2025-01-03 11:06:30,872 [omNode-1@group-0AAC5367B30E-LeaderElection24] INFO  server.RaftServerConfigKeys (ConfUtils.java:logFallback(53)) - raft.server.rpc.first-election.timeout.min = 1s (fallback to raft.server.rpc.timeout.min)
2025-01-03 11:06:30,872 [omNode-1@group-0AAC5367B30E-LeaderElection24] INFO  server.RaftServerConfigKeys (ConfUtils.java:logFallback(53)) - raft.server.rpc.first-election.timeout.max = 1200ms (fallback to raft.server.rpc.timeout.max)
2025-01-03 11:06:30,872 [omNode-1@group-0AAC5367B30E-LeaderElection24] INFO  impl.LeaderElection (LogUtils.java:infoOrTrace(136)) - omNode-1@group-0AAC5367B30E-LeaderElection24 got exception when requesting votes: java.util.concurrent.ExecutionException: org.apache.ratis.thirdparty.io.grpc.StatusRuntimeException: UNAVAILABLE: io exception
2025-01-03 11:06:30,873 [grpc-default-executor-0] INFO  server.RaftServer$Division (RaftServerImpl.java:requestVote(1407)) - omNode-2@group-0AAC5367B30E: receive requestVote(ELECTION, omNode-1, group-0AAC5367B30E, 1, (t:0, i:~))
2025-01-03 11:06:30,873 [grpc-default-executor-0] INFO  impl.VoteContext (VoteContext.java:log(49)) - omNode-2@group-0AAC5367B30E-FOLLOWER: accept ELECTION from omNode-1: our priority 0 <= candidate's priority 0
2025-01-03 11:06:30,873 [grpc-default-executor-0] INFO  server.RaftServer$Division (RaftServerImpl.java:setRole(378)) - omNode-2@group-0AAC5367B30E: changes role from  FOLLOWER to FOLLOWER at term 0 for candidate:omNode-1
2025-01-03 11:06:30,873 [grpc-default-executor-0] INFO  impl.RoleInfo (RoleInfo.java:shutdownFollowerState(121)) - omNode-2: shutdown omNode-2@group-0AAC5367B30E-FollowerState
2025-01-03 11:06:30,873 [grpc-default-executor-0] INFO  impl.RoleInfo (RoleInfo.java:updateAndGet(148)) - omNode-2: start omNode-2@group-0AAC5367B30E-FollowerState
2025-01-03 11:06:30,873 [omNode-2@group-0AAC5367B30E-FollowerState] INFO  impl.FollowerState (FollowerState.java:runImpl(170)) - omNode-2@group-0AAC5367B30E-FollowerState was interrupted
2025-01-03 11:06:30,874 [grpc-default-executor-0] INFO  server.RaftServer$Division (RaftServerImpl.java:setFirstElection(562)) - omNode-2@group-0AAC5367B30E: set firstElectionSinceStartup to false for candidate:omNode-1
2025-01-03 11:06:30,876 [grpc-default-executor-0] INFO  server.RaftServer$Division (RaftServerImpl.java:requestVote(1441)) - omNode-2@group-0AAC5367B30E replies to ELECTION vote request: omNode-1<-omNode-2#0:OK-t1. Peer's state: omNode-2@group-0AAC5367B30E:t1, leader=null, voted=omNode-1, raftlog=Memoized:omNode-2@group-0AAC5367B30E-SegmentedRaftLog:OPENED:c-1:lastnull, conf=conf: {index: -1, cur=peers:[omNode-3|localhost:15125, omNode-1|localhost:15117, omNode-2|localhost:15121]|listeners:[], old=null}
2025-01-03 11:06:30,876 [omNode-1@group-0AAC5367B30E-LeaderElection24] INFO  impl.LeaderElection (LeaderElection.java:logAndReturn(90)) - omNode-1@group-0AAC5367B30E-LeaderElection24: ELECTION PASSED received 1 response(s) and 1 exception(s):
2025-01-03 11:06:30,876 [omNode-1@group-0AAC5367B30E-LeaderElection24] INFO  impl.LeaderElection (LeaderElection.java:logAndReturn(94)) -   Response 0: omNode-1<-omNode-2#0:OK-t1
2025-01-03 11:06:30,876 [omNode-1@group-0AAC5367B30E-LeaderElection24] INFO  impl.LeaderElection (LogUtils.java:infoOrTrace(136)) -   Exception 1: java.util.concurrent.ExecutionException: org.apache.ratis.thirdparty.io.grpc.StatusRuntimeException: UNAVAILABLE: io exception
2025-01-03 11:06:30,876 [omNode-1@group-0AAC5367B30E-LeaderElection24] INFO  impl.LeaderElection (LeaderElection.java:askForVotes(334)) - omNode-1@group-0AAC5367B30E-LeaderElection24 ELECTION round 0: result PASSED
2025-01-03 11:06:30,876 [omNode-1@group-0AAC5367B30E-LeaderElection24] INFO  impl.RoleInfo (RoleInfo.java:shutdownLeaderElection(141)) - omNode-1: shutdown omNode-1@group-0AAC5367B30E-LeaderElection24
2025-01-03 11:06:30,876 [omNode-1@group-0AAC5367B30E-LeaderElection24] INFO  server.RaftServer$Division (RaftServerImpl.java:setRole(378)) - omNode-1@group-0AAC5367B30E: changes role from CANDIDATE to LEADER at term 1 for changeToLeader
2025-01-03 11:06:30,876 [omNode-1@group-0AAC5367B30E-LeaderElection24] INFO  server.RaftServerConfigKeys (ConfUtils.java:logGet(46)) - raft.server.staging.catchup.gap = 1000 (default)
2025-01-03 11:06:30,877 [omNode-1@group-0AAC5367B30E-LeaderElection24] INFO  server.RaftServerConfigKeys (ConfUtils.java:logGet(46)) - raft.server.write.element-limit = 4096 (default)
2025-01-03 11:06:30,877 [omNode-1@group-0AAC5367B30E-LeaderElection24] INFO  server.RaftServerConfigKeys (ConfUtils.java:logGet(46)) - raft.server.write.byte-limit = 64MB (=67108864) (default)
2025-01-03 11:06:30,877 [omNode-1@group-0AAC5367B30E-LeaderElection24] INFO  server.RaftServerConfigKeys (ConfUtils.java:logGet(46)) - raft.server.watch.timeout = 10s (default)
2025-01-03 11:06:30,877 [omNode-1@group-0AAC5367B30E-LeaderElection24] INFO  server.RaftServerConfigKeys (ConfUtils.java:logGet(46)) - raft.server.watch.timeout.denomination = 1s (default)
2025-01-03 11:06:30,877 [omNode-1@group-0AAC5367B30E-LeaderElection24] INFO  server.RaftServerConfigKeys (ConfUtils.java:logGet(46)) - raft.server.watch.element-limit = 65536 (default)
2025-01-03 11:06:30,877 [omNode-1@group-0AAC5367B30E-LeaderElection24] INFO  server.RaftServerConfigKeys (ConfUtils.java:logGet(46)) - raft.server.read.leader.lease.enabled = false (default)
2025-01-03 11:06:30,877 [omNode-1@group-0AAC5367B30E-LeaderElection24] INFO  server.RaftServerConfigKeys (ConfUtils.java:logGet(46)) - raft.server.read.leader.lease.timeout.ratio = 0.9 (default)
2025-01-03 11:06:30,877 [omNode-1@group-0AAC5367B30E-LeaderElection24] INFO  server.RaftServerConfigKeys (ConfUtils.java:logGet(46)) - raft.server.rpc.timeout.min = 1s (custom)
2025-01-03 11:06:30,877 [omNode-1@group-0AAC5367B30E-LeaderElection24] INFO  server.RaftServerConfigKeys (ConfUtils.java:logGet(46)) - raft.server.log.log-metadata.enabled = true (default)
2025-01-03 11:06:30,877 [omNode-1@group-0AAC5367B30E-LeaderElection24] INFO  server.RaftServerConfigKeys (ConfUtils.java:logGet(46)) - raft.server.write.element-limit = 4096 (default)
2025-01-03 11:06:30,877 [omNode-1@group-0AAC5367B30E-LeaderElection24] INFO  server.RaftServerConfigKeys (ConfUtils.java:logGet(46)) - raft.server.write.follower.gap.ratio.max = -1.0 (default)
2025-01-03 11:06:30,878 [omNode-1@group-0AAC5367B30E-LeaderElection24] INFO  server.RaftServerConfigKeys (ConfUtils.java:logGet(46)) - raft.server.log.appender.snapshot.chunk.size.max = 16MB (=16777216) (default)
2025-01-03 11:06:30,878 [omNode-1@group-0AAC5367B30E-LeaderElection24] INFO  server.RaftServerConfigKeys (ConfUtils.java:logGet(46)) - raft.server.log.appender.buffer.byte-limit = 4194304 (custom)
2025-01-03 11:06:30,878 [omNode-1@group-0AAC5367B30E-LeaderElection24] INFO  server.RaftServerConfigKeys (ConfUtils.java:logGet(46)) - raft.server.log.appender.buffer.element-limit = 1024 (custom)
2025-01-03 11:06:30,878 [omNode-1@group-0AAC5367B30E-LeaderElection24] INFO  server.RaftServerConfigKeys (ConfUtils.java:logGet(46)) - raft.server.log.appender.wait-time.min = 0ms (custom)
2025-01-03 11:06:30,878 [omNode-1@group-0AAC5367B30E-LeaderElection24] INFO  grpc.GrpcConfigKeys (ConfUtils.java:logGet(46)) - raft.grpc.server.leader.outstanding.appends.max = 8 (default)
2025-01-03 11:06:30,878 [omNode-1@group-0AAC5367B30E-LeaderElection24] INFO  server.RaftServerConfigKeys (ConfUtils.java:logGet(46)) - raft.server.rpc.request.timeout = 3000ms (default)
2025-01-03 11:06:30,878 [omNode-1@group-0AAC5367B30E-LeaderElection24] INFO  grpc.GrpcConfigKeys (ConfUtils.java:logGet(46)) - raft.grpc.server.install_snapshot.request.element-limit = 8 (default)
2025-01-03 11:06:30,878 [omNode-1@group-0AAC5367B30E-LeaderElection24] INFO  grpc.GrpcConfigKeys (ConfUtils.java:logGet(46)) - raft.grpc.server.install_snapshot.request.timeout = 3000ms (default)
2025-01-03 11:06:30,878 [omNode-1@group-0AAC5367B30E-LeaderElection24] INFO  grpc.GrpcConfigKeys (ConfUtils.java:logGet(46)) - raft.grpc.server.log-message.batch.duration = 5s (default)
2025-01-03 11:06:30,878 [omNode-1@group-0AAC5367B30E-LeaderElection24] INFO  server.RaftServerConfigKeys (ConfUtils.java:logGet(46)) - raft.server.log.appender.install.snapshot.enabled = false (custom)
2025-01-03 11:06:30,878 [omNode-1@group-0AAC5367B30E-LeaderElection24] INFO  grpc.GrpcConfigKeys (ConfUtils.java:logGet(46)) - raft.grpc.server.heartbeat.channel = true (default)
2025-01-03 11:06:30,879 [omNode-1@group-0AAC5367B30E-LeaderElection24] INFO  server.RaftServerConfigKeys (ConfUtils.java:logGet(46)) - raft.server.log.appender.snapshot.chunk.size.max = 16MB (=16777216) (default)
2025-01-03 11:06:30,879 [omNode-1@group-0AAC5367B30E-LeaderElection24] INFO  server.RaftServerConfigKeys (ConfUtils.java:logGet(46)) - raft.server.log.appender.buffer.byte-limit = 4194304 (custom)
2025-01-03 11:06:30,879 [omNode-1@group-0AAC5367B30E-LeaderElection24] INFO  server.RaftServerConfigKeys (ConfUtils.java:logGet(46)) - raft.server.log.appender.buffer.element-limit = 1024 (custom)
2025-01-03 11:06:30,879 [omNode-1@group-0AAC5367B30E-LeaderElection24] INFO  server.RaftServerConfigKeys (ConfUtils.java:logGet(46)) - raft.server.log.appender.wait-time.min = 0ms (custom)
2025-01-03 11:06:30,879 [omNode-1@group-0AAC5367B30E-LeaderElection24] INFO  grpc.GrpcConfigKeys (ConfUtils.java:logGet(46)) - raft.grpc.server.leader.outstanding.appends.max = 8 (default)
2025-01-03 11:06:30,879 [omNode-1@group-0AAC5367B30E-LeaderElection24] INFO  server.RaftServerConfigKeys (ConfUtils.java:logGet(46)) - raft.server.rpc.request.timeout = 3000ms (default)
2025-01-03 11:06:30,879 [omNode-1@group-0AAC5367B30E-LeaderElection24] INFO  grpc.GrpcConfigKeys (ConfUtils.java:logGet(46)) - raft.grpc.server.install_snapshot.request.element-limit = 8 (default)
2025-01-03 11:06:30,879 [omNode-1@group-0AAC5367B30E-LeaderElection24] INFO  grpc.GrpcConfigKeys (ConfUtils.java:logGet(46)) - raft.grpc.server.install_snapshot.request.timeout = 3000ms (default)
2025-01-03 11:06:30,879 [omNode-1@group-0AAC5367B30E-LeaderElection24] INFO  grpc.GrpcConfigKeys (ConfUtils.java:logGet(46)) - raft.grpc.server.log-message.batch.duration = 5s (default)
2025-01-03 11:06:30,879 [omNode-1@group-0AAC5367B30E-LeaderElection24] INFO  server.RaftServerConfigKeys (ConfUtils.java:logGet(46)) - raft.server.log.appender.install.snapshot.enabled = false (custom)
2025-01-03 11:06:30,879 [omNode-1@group-0AAC5367B30E-LeaderElection24] INFO  grpc.GrpcConfigKeys (ConfUtils.java:logGet(46)) - raft.grpc.server.heartbeat.channel = true (default)
2025-01-03 11:06:30,879 [omNode-1@group-0AAC5367B30E-LeaderElection24] INFO  impl.RoleInfo (RoleInfo.java:updateAndGet(148)) - omNode-1: start omNode-1@group-0AAC5367B30E-LeaderStateImpl
2025-01-03 11:06:30,880 [omNode-1@group-0AAC5367B30E-LeaderElection24] INFO  server.RaftServer$Division (RaftServerImpl.java:setFirstElection(562)) - omNode-1@group-0AAC5367B30E: set firstElectionSinceStartup to false for becomeLeader
2025-01-03 11:06:30,880 [omNode-1@group-0AAC5367B30E-LeaderElection24] INFO  ratis.OzoneManagerStateMachine (OzoneManagerStateMachine.java:notifyLeaderChanged(164)) - omNode-1@group-0AAC5367B30E: leader changed to omNode-1
2025-01-03 11:06:30,880 [omNode-1@group-0AAC5367B30E-LeaderElection24] INFO  server.RaftServer$Division (ServerState.java:setLeader(272)) - omNode-1@group-0AAC5367B30E: change Leader from null to omNode-1 at term 1 for becomeLeader, leader elected after 1570ms
2025-01-03 11:06:30,880 [omNode-1@group-0AAC5367B30E-LeaderElection24] INFO  segmented.SegmentedRaftLogWorker (SegmentedRaftLogWorker.java:startLogSegment(438)) - omNode-1@group-0AAC5367B30E-SegmentedRaftLogWorker: Starting segment from index:0
2025-01-03 11:06:30,880 [omNode-1@group-0AAC5367B30E-SegmentedRaftLogWorker] INFO  segmented.BufferedWriteChannel (BufferedWriteChannel.java:open(61)) - open log_inprogress_0 at position 0
2025-01-03 11:06:30,887 [omNode-1@group-0AAC5367B30E-LeaderElection24] INFO  server.RaftServer$Division (ServerState.java:setRaftConf(386)) - omNode-1@group-0AAC5367B30E: set configuration conf: {index: 0, cur=peers:[omNode-3|localhost:15125, omNode-1|localhost:15117, omNode-2|localhost:15121]|listeners:[], old=null}
2025-01-03 11:06:30,889 [grpc-default-executor-0] WARN  server.GrpcLogAppender (LogUtils.java:warn(121)) - omNode-1@group-0AAC5367B30E->omNode-3-AppendLogResponseHandler: Failed appendEntries: org.apache.ratis.thirdparty.io.grpc.StatusRuntimeException: UNAVAILABLE: io exception
2025-01-03 11:06:30,890 [grpc-default-executor-0] WARN  server.GrpcLogAppender (GrpcLogAppender.java:lambda$resetClient$1(221)) - omNode-1@group-0AAC5367B30E->omNode-3-GrpcLogAppender: Follower failed (request=null, errorCount=1); keep nextIndex (0) unchanged and retry.
2025-01-03 11:06:30,891 [grpc-default-executor-0] WARN  server.GrpcLogAppender (GrpcLogAppender.java:lambda$resetClient$1(221)) - omNode-1@group-0AAC5367B30E->omNode-3-GrpcLogAppender: Follower failed (request=null, errorCount=2); keep nextIndex (1) unchanged and retry.
2025-01-03 11:06:30,896 [omNode-1@group-0AAC5367B30E-SegmentedRaftLogWorker] INFO  segmented.SegmentedRaftLogWorker (SegmentedRaftLogWorker.java:execute(644)) - omNode-1@group-0AAC5367B30E-SegmentedRaftLogWorker: created new log segment /home/runner/work/ozone/ozone/hadoop-ozone/integration-test/target/test-dir/MiniOzoneClusterImpl-3f159d52-719f-49ad-b6d4-3e7f01cb1845/omNode-1/ratis/0718e334-ffa1-36bc-8e9a-0aac5367b30e/current/log_inprogress_0
2025-01-03 11:06:30,912 [omNode-2-server-thread2] INFO  ratis.OzoneManagerStateMachine (OzoneManagerStateMachine.java:notifyLeaderChanged(164)) - omNode-2@group-0AAC5367B30E: leader changed to omNode-1
2025-01-03 11:06:30,912 [omNode-2-server-thread2] INFO  server.RaftServer$Division (ServerState.java:setLeader(272)) - omNode-2@group-0AAC5367B30E: change Leader from null to omNode-1 at term 1 for appendEntries, leader elected after 905ms
2025-01-03 11:06:30,912 [omNode-2-server-thread1] INFO  server.RaftServer$Division (ServerState.java:setRaftConf(386)) - omNode-2@group-0AAC5367B30E: set configuration conf: {index: 0, cur=peers:[omNode-3|localhost:15125, omNode-1|localhost:15117, omNode-2|localhost:15121]|listeners:[], old=null}
2025-01-03 11:06:30,912 [omNode-2-server-thread1] INFO  segmented.SegmentedRaftLogWorker (SegmentedRaftLogWorker.java:startLogSegment(438)) - omNode-2@group-0AAC5367B30E-SegmentedRaftLogWorker: Starting segment from index:0
2025-01-03 11:06:30,913 [omNode-2@group-0AAC5367B30E-SegmentedRaftLogWorker] INFO  segmented.BufferedWriteChannel (BufferedWriteChannel.java:open(61)) - open log_inprogress_0 at position 0
2025-01-03 11:06:30,923 [omNode-2@group-0AAC5367B30E-SegmentedRaftLogWorker] INFO  segmented.SegmentedRaftLogWorker (SegmentedRaftLogWorker.java:execute(644)) - omNode-2@group-0AAC5367B30E-SegmentedRaftLogWorker: created new log segment /home/runner/work/ozone/ozone/hadoop-ozone/integration-test/target/test-dir/MiniOzoneClusterImpl-3f159d52-719f-49ad-b6d4-3e7f01cb1845/omNode-2/ratis/0718e334-ffa1-36bc-8e9a-0aac5367b30e/current/log_inprogress_0
2025-01-03 11:06:30,925 [omNode-1@group-0AAC5367B30E-StateMachineUpdater] INFO  ratis.OzoneManagerStateMachine (OzoneManagerStateMachine.java:notifyConfigurationChanged(226)) - notifyConfigurationChanged from Ratis: term=1, index=0, New Peer list: omNode-3(localhost:15125), omNode-1(localhost:15117), omNode-2(localhost:15121)
2025-01-03 11:06:30,926 [omNode-1@group-0AAC5367B30E-StateMachineUpdater] INFO  server.RaftServer$Division (LeaderStateImpl.java:checkStartIndex(313)) - Leader omNode-1@group-0AAC5367B30E-LeaderStateImpl is ready since appliedIndex == startIndex == 0
2025-01-03 11:06:31,049 [main] INFO  reflections.Reflections (Reflections.java:scan(219)) - Reflections took 345 ms to scan 20 urls, producing 60 keys and 7302 values
2025-01-03 11:06:31,050 [main] INFO  ipc.CallQueueManager (CallQueueManager.java:<init>(93)) - Using callQueue: class java.util.concurrent.LinkedBlockingQueue, queueCapacity: 2000, scheduler: class org.apache.hadoop.ipc.DefaultRpcScheduler, ipcBackoff: false, ipcFailOver: false.
2025-01-03 11:06:31,050 [main] INFO  ipc.Server (Server.java:<init>(1438)) - Listener at 127.0.0.1:15122
2025-01-03 11:06:31,051 [Socket Reader #1 for port 15122] INFO  ipc.Server (Server.java:run(1474)) - Starting Socket Reader #1 for port 15122
2025-01-03 11:06:31,051 [Socket Reader #5 for port 15122] INFO  ipc.Server (Server.java:run(1474)) - Starting Socket Reader #5 for port 15122
2025-01-03 11:06:31,051 [Socket Reader #4 for port 15122] INFO  ipc.Server (Server.java:run(1474)) - Starting Socket Reader #4 for port 15122
2025-01-03 11:06:31,051 [Socket Reader #6 for port 15122] INFO  ipc.Server (Server.java:run(1474)) - Starting Socket Reader #6 for port 15122
2025-01-03 11:06:31,051 [Socket Reader #3 for port 15122] INFO  ipc.Server (Server.java:run(1474)) - Starting Socket Reader #3 for port 15122
2025-01-03 11:06:31,051 [Socket Reader #2 for port 15122] INFO  ipc.Server (Server.java:run(1474)) - Starting Socket Reader #2 for port 15122
2025-01-03 11:06:31,052 [Socket Reader #8 for port 15122] INFO  ipc.Server (Server.java:run(1474)) - Starting Socket Reader #8 for port 15122
2025-01-03 11:06:31,051 [Socket Reader #7 for port 15122] INFO  ipc.Server (Server.java:run(1474)) - Starting Socket Reader #7 for port 15122
2025-01-03 11:06:31,052 [Socket Reader #9 for port 15122] INFO  ipc.Server (Server.java:run(1474)) - Starting Socket Reader #9 for port 15122
2025-01-03 11:06:31,052 [Socket Reader #10 for port 15122] INFO  ipc.Server (Server.java:run(1474)) - Starting Socket Reader #10 for port 15122
2025-01-03 11:06:31,069 [main] INFO  impl.MetricsSystemImpl (MetricsSystemImpl.java:init(158)) - OzoneManager metrics system started (again)
2025-01-03 11:06:31,078 [main] INFO  om.OzoneManager (OzoneManager.java:start(1682)) - OzoneManager RPC server is listening at localhost/127.0.0.1:15122
2025-01-03 11:06:31,078 [main] INFO  ratis.OzoneManagerRatisServer (OzoneManagerRatisServer.java:start(634)) - Starting OzoneManagerRatisServer omNode-3 at port 15125
2025-01-03 11:06:31,078 [omNode-3-impl-thread1] INFO  server.RaftServerConfigKeys (ConfUtils.java:logGet(46)) - raft.server.storage.free-space.min = 0MB (=0) (default)
2025-01-03 11:06:31,078 [omNode-3-impl-thread1] INFO  server.RaftServerConfigKeys (ConfUtils.java:logGet(46)) - raft.server.log.corruption.policy = EXCEPTION (default)
2025-01-03 11:06:31,078 [omNode-3-impl-thread1] INFO  server.RaftServerConfigKeys (ConfUtils.java:logGet(46)) - raft.server.storage.dir = [/home/runner/work/ozone/ozone/hadoop-ozone/integration-test/target/test-dir/MiniOzoneClusterImpl-3f159d52-719f-49ad-b6d4-3e7f01cb1845/omNode-3/ratis] (custom)
2025-01-03 11:06:31,078 [omNode-3-impl-thread1] INFO  storage.RaftStorageDirectory (RaftStorageDirectoryImpl.java:analyzeStorage(138)) - The storage directory /home/runner/work/ozone/ozone/hadoop-ozone/integration-test/target/test-dir/MiniOzoneClusterImpl-3f159d52-719f-49ad-b6d4-3e7f01cb1845/omNode-3/ratis/0718e334-ffa1-36bc-8e9a-0aac5367b30e does not exist. Creating ...
2025-01-03 11:06:31,080 [omNode-3-impl-thread1] INFO  storage.RaftStorageDirectory (RaftStorageDirectoryImpl.java:tryLock(229)) - Lock on /home/runner/work/ozone/ozone/hadoop-ozone/integration-test/target/test-dir/MiniOzoneClusterImpl-3f159d52-719f-49ad-b6d4-3e7f01cb1845/omNode-3/ratis/0718e334-ffa1-36bc-8e9a-0aac5367b30e/in_use.lock acquired by nodename 70552@fv-az1204-267
2025-01-03 11:06:31,081 [omNode-3-impl-thread1] INFO  storage.RaftStorage (RaftStorageImpl.java:format(98)) - Storage directory /home/runner/work/ozone/ozone/hadoop-ozone/integration-test/target/test-dir/MiniOzoneClusterImpl-3f159d52-719f-49ad-b6d4-3e7f01cb1845/omNode-3/ratis/0718e334-ffa1-36bc-8e9a-0aac5367b30e has been successfully formatted.
2025-01-03 11:06:31,081 [omNode-3-impl-thread1] INFO  ratis.OzoneManagerStateMachine (OzoneManagerStateMachine.java:lambda$0(138)) - omNode-3: initialize group-0AAC5367B30E with (t:0, i:~)
2025-01-03 11:06:31,081 [omNode-3-impl-thread1] INFO  server.RaftServerConfigKeys (ConfUtils.java:logGet(46)) - raft.server.log.use.memory = false (default)
2025-01-03 11:06:31,081 [omNode-3-impl-thread1] INFO  server.RaftServerConfigKeys (ConfUtils.java:logGet(46)) - raft.server.log.purge.gap = 1000000 (custom)
2025-01-03 11:06:31,081 [omNode-3-impl-thread1] INFO  server.RaftServerConfigKeys (ConfUtils.java:logGet(46)) - raft.server.log.appender.buffer.byte-limit = 4194304 (custom)
2025-01-03 11:06:31,082 [omNode-3-impl-thread1] INFO  server.RaftServerConfigKeys (ConfUtils.java:logGet(46)) - raft.server.log.statemachine.data.read.timeout = 1000ms (default)
2025-01-03 11:06:31,082 [omNode-3-impl-thread1] INFO  server.RaftServerConfigKeys (ConfUtils.java:logGet(46)) - raft.server.log.purge.preservation.log.num = 0 (default)
2025-01-03 11:06:31,082 [omNode-3-impl-thread1] INFO  server.RaftServerConfigKeys (ConfUtils.java:logGet(46)) - raft.server.log.segment.size.max = 4194304 (custom)
2025-01-03 11:06:31,083 [omNode-3-impl-thread1] INFO  server.RaftServerConfigKeys (ConfUtils.java:logGet(46)) - raft.server.log.segment.cache.num.max = 2 (custom)
2025-01-03 11:06:31,083 [omNode-3-impl-thread1] INFO  server.RaftServerConfigKeys (ConfUtils.java:logGet(46)) - raft.server.log.segment.cache.size.max = 200MB (=209715200) (default)
2025-01-03 11:06:31,083 [omNode-3-impl-thread1] INFO  server.RaftServerConfigKeys (ConfUtils.java:logGet(46)) - raft.server.log.appender.buffer.byte-limit = 4194304 (custom)
2025-01-03 11:06:31,083 [omNode-3-impl-thread1] INFO  util.AwaitToRun (AwaitToRun.java:start(81)) - Thread[#3336,omNode-3@group-0AAC5367B30E-cacheEviction-AwaitToRun,5,main] started
2025-01-03 11:06:31,083 [omNode-3-impl-thread1] INFO  segmented.SegmentedRaftLogWorker (SegmentedRaftLogWorker.java:<init>(188)) - new omNode-3@group-0AAC5367B30E-SegmentedRaftLogWorker for RaftStorageImpl:Storage Directory /home/runner/work/ozone/ozone/hadoop-ozone/integration-test/target/test-dir/MiniOzoneClusterImpl-3f159d52-719f-49ad-b6d4-3e7f01cb1845/omNode-3/ratis/0718e334-ffa1-36bc-8e9a-0aac5367b30e
2025-01-03 11:06:31,083 [omNode-3-impl-thread1] INFO  server.RaftServerConfigKeys (ConfUtils.java:logGet(46)) - raft.server.log.queue.byte-limit = 64MB (=67108864) (default)
2025-01-03 11:06:31,083 [omNode-3-impl-thread1] INFO  server.RaftServerConfigKeys (ConfUtils.java:logGet(46)) - raft.server.log.queue.element-limit = 4096 (default)
2025-01-03 11:06:31,083 [omNode-3-impl-thread1] INFO  server.RaftServerConfigKeys (ConfUtils.java:logGet(46)) - raft.server.log.segment.size.max = 4194304 (custom)
2025-01-03 11:06:31,083 [omNode-3-impl-thread1] INFO  server.RaftServerConfigKeys (ConfUtils.java:logGet(46)) - raft.server.log.preallocated.size = 4194304 (custom)
2025-01-03 11:06:31,083 [omNode-3-impl-thread1] INFO  server.RaftServerConfigKeys (ConfUtils.java:logGet(46)) - raft.server.log.force.sync.num = 128 (default)
2025-01-03 11:06:31,083 [omNode-3-impl-thread1] INFO  server.RaftServerConfigKeys (ConfUtils.java:logGet(46)) - raft.server.log.statemachine.data.sync = true (default)
2025-01-03 11:06:31,083 [omNode-3-impl-thread1] INFO  server.RaftServerConfigKeys (ConfUtils.java:logGet(46)) - raft.server.log.statemachine.data.sync.timeout = 10s (default)
2025-01-03 11:06:31,083 [omNode-3-impl-thread1] INFO  server.RaftServerConfigKeys (ConfUtils.java:logGet(46)) - raft.server.log.statemachine.data.sync.timeout.retry = -1 (default)
2025-01-03 11:06:31,083 [omNode-3-impl-thread1] INFO  server.RaftServerConfigKeys (ConfUtils.java:logGet(46)) - raft.server.log.write.buffer.size = 4194312 (custom)
2025-01-03 11:06:31,086 [omNode-3-impl-thread1] INFO  server.RaftServerConfigKeys (ConfUtils.java:logGet(46)) - raft.server.log.appender.buffer.byte-limit = 4194304 (custom)
2025-01-03 11:06:31,086 [omNode-3-impl-thread1] INFO  server.RaftServerConfigKeys (ConfUtils.java:logGet(46)) - raft.server.log.unsafe-flush.enabled = false (default)
2025-01-03 11:06:31,086 [omNode-3-impl-thread1] INFO  server.RaftServerConfigKeys (ConfUtils.java:logGet(46)) - raft.server.log.async-flush.enabled = false (default)
2025-01-03 11:06:31,086 [omNode-3-impl-thread1] INFO  server.RaftServerConfigKeys (ConfUtils.java:logGet(46)) - raft.server.log.statemachine.data.caching.enabled = false (default)
2025-01-03 11:06:31,086 [omNode-3-impl-thread1] INFO  segmented.SegmentedRaftLogWorker (SegmentedRaftLogWorker.java:lambda$new$0(139)) - omNode-3@group-0AAC5367B30E-SegmentedRaftLogWorker: flushIndex: setUnconditionally 0 -> -1
2025-01-03 11:06:31,086 [omNode-3-impl-thread1] INFO  segmented.SegmentedRaftLogWorker (SegmentedRaftLogWorker.java:lambda$new$0(139)) - omNode-3@group-0AAC5367B30E-SegmentedRaftLogWorker: safeCacheEvictIndex: setUnconditionally 0 -> -1
2025-01-03 11:06:31,086 [omNode-3-impl-thread1] INFO  server.RaftServer$Division (RaftServerImpl.java:start(391)) - omNode-3@group-0AAC5367B30E: start as a follower, conf=conf: {index: -1, cur=peers:[omNode-3|localhost:15125, omNode-1|localhost:15117, omNode-2|localhost:15121]|listeners:[], old=null}
2025-01-03 11:06:31,086 [omNode-3-impl-thread1] INFO  server.RaftServer$Division (RaftServerImpl.java:setRole(378)) - omNode-3@group-0AAC5367B30E: changes role from      null to FOLLOWER at term 0 for startAsFollower
2025-01-03 11:06:31,086 [omNode-3-impl-thread1] INFO  impl.RoleInfo (RoleInfo.java:updateAndGet(148)) - omNode-3: start omNode-3@group-0AAC5367B30E-FollowerState
2025-01-03 11:06:31,087 [omNode-3-impl-thread1] INFO  util.JmxRegister (JmxRegister.java:tryRegister(44)) - Successfully registered JMX Bean with object name Ratis:service=RaftServer,group=group-0AAC5367B30E,id=omNode-3
2025-01-03 11:06:31,087 [omNode-3-impl-thread1] INFO  util.JmxRegister (JmxRegister.java:register(58)) - register mxBean class org.apache.ratis.server.impl.RaftServerJmxAdapter as Ratis:service=RaftServer,group=group-0AAC5367B30E,id=omNode-3
2025-01-03 11:06:31,087 [omNode-3@group-0AAC5367B30E-FollowerState] INFO  server.RaftServerConfigKeys (ConfUtils.java:logFallback(53)) - raft.server.rpc.first-election.timeout.min = 1s (fallback to raft.server.rpc.timeout.min)
2025-01-03 11:06:31,087 [omNode-3-impl-thread1] INFO  server.RaftServerConfigKeys (ConfUtils.java:logGet(46)) - raft.server.snapshot.trigger-when-stop.enabled = true (default)
2025-01-03 11:06:31,087 [omNode-3-impl-thread1] INFO  server.RaftServerConfigKeys (ConfUtils.java:logGet(46)) - raft.server.snapshot.trigger-when-remove.enabled = true (default)
2025-01-03 11:06:31,087 [omNode-3-impl-thread1] INFO  server.RaftServerConfigKeys (ConfUtils.java:logGet(46)) - raft.server.snapshot.auto.trigger.enabled = true (custom)
2025-01-03 11:06:31,087 [omNode-3@group-0AAC5367B30E-FollowerState] INFO  server.RaftServerConfigKeys (ConfUtils.java:logFallback(53)) - raft.server.rpc.first-election.timeout.max = 1200ms (fallback to raft.server.rpc.timeout.max)
2025-01-03 11:06:31,087 [omNode-3-impl-thread1] INFO  server.RaftServerConfigKeys (ConfUtils.java:logGet(46)) - raft.server.snapshot.auto.trigger.threshold = 400000 (default)
2025-01-03 11:06:31,087 [omNode-3-impl-thread1] INFO  server.RaftServerConfigKeys (ConfUtils.java:logGet(46)) - raft.server.snapshot.retention.file.num = -1 (default)
2025-01-03 11:06:31,087 [omNode-3-impl-thread1] INFO  server.RaftServerConfigKeys (ConfUtils.java:logGet(46)) - raft.server.log.purge.upto.snapshot.index = true (custom)
2025-01-03 11:06:31,087 [omNode-3-impl-thread1] INFO  server.RaftServer$Division (RaftServerImpl.java:start(405)) - omNode-3@group-0AAC5367B30E: Successfully started.
2025-01-03 11:06:31,087 [main] INFO  server.RaftServer (RaftServerProxy.java:startImpl(407)) - omNode-3: start RPC server
2025-01-03 11:06:31,088 [main] INFO  server.GrpcService (GrpcService.java:startImpl(334)) - omNode-3: GrpcService started, listening on 15125
2025-01-03 11:06:31,088 [main] INFO  om.OzoneManager (OzoneManager.java:start(1697)) - Version File has different layout version (8) than OM DB (null). That is expected if this OM has never been finalized to a newer layout version.
2025-01-03 11:06:31,089 [JvmPauseMonitor19] INFO  util.JvmPauseMonitor (JvmPauseMonitor.java:run(146)) - JvmPauseMonitor-omNode-3: Started
2025-01-03 11:06:31,093 [main] INFO  client.ScmTopologyClient (ScmTopologyClient.java:start(72)) - Initial network topology fetched from SCM: /.
2025-01-03 11:06:31,093 [main] INFO  net.NodeSchemaLoader (NodeSchemaLoader.java:loadSchemaFromFile(129)) - Loading schema from [jar:file:/home/runner/work/ozone/ozone/hadoop-hdds/common/target/hdds-common-2.0.0-SNAPSHOT.jar!/network-topology-default.xml]
2025-01-03 11:06:31,093 [main] INFO  net.NodeSchemaLoader (NodeSchemaLoader.java:loadSchema(176)) - Loading network topology layer schema file
2025-01-03 11:06:31,097 [main] INFO  http.BaseHttpServer (BaseHttpServer.java:newHttpServer2BuilderForOzone(223)) - Starting Web-server for ozoneManager at: http://0.0.0.0:15123
2025-01-03 11:06:31,097 [main] INFO  http.BaseHttpServer (BaseHttpServer.java:<init>(110)) - Hadoop Security Enabled: false Ozone Security Enabled: false Ozone HTTP Security Enabled: false 
2025-01-03 11:06:31,098 [main] WARN  server.AuthenticationFilter (AuthenticationFilter.java:constructSecretProvider(240)) - Unable to initialize FileSignerSecretProvider, falling back to use random secrets. Reason: Could not read signature secret file: /home/runner/hadoop-http-auth-signature-secret
2025-01-03 11:06:31,099 [main] INFO  http.HttpRequestLog (HttpRequestLog.java:getRequestLog(86)) - Http request log for http.requests.ozoneManager is not defined
2025-01-03 11:06:31,100 [main] INFO  http.HttpServer2 (HttpServer2.java:addGlobalFilter(1035)) - Added global filter 'safety' (class=org.apache.hadoop.hdds.server.http.HttpServer2$QuotingInputFilter)
2025-01-03 11:06:31,100 [main] INFO  http.HttpServer2 (HttpServer2.java:addFilter(1011)) - Added filter static_user_filter (class=org.apache.hadoop.http.lib.StaticUserWebFilter$StaticUserFilter) to context ozoneManager
2025-01-03 11:06:31,100 [main] INFO  http.HttpServer2 (HttpServer2.java:addFilter(1019)) - Added filter static_user_filter (class=org.apache.hadoop.http.lib.StaticUserWebFilter$StaticUserFilter) to context logs
2025-01-03 11:06:31,101 [main] INFO  http.HttpServer2 (HttpServer2.java:addFilter(1019)) - Added filter static_user_filter (class=org.apache.hadoop.http.lib.StaticUserWebFilter$StaticUserFilter) to context static
2025-01-03 11:06:31,101 [main] INFO  http.BaseHttpServer (BaseHttpServer.java:<init>(189)) - HTTP server of ozoneManager uses base directory /home/runner/work/ozone/ozone/hadoop-ozone/integration-test/target/test-dir/MiniOzoneClusterImpl-3f159d52-719f-49ad-b6d4-3e7f01cb1845/omNode-3/webserver
2025-01-03 11:06:31,101 [main] INFO  http.HttpServer2 (HttpServer2.java:bindListener(1235)) - Jetty bound to port 15123
2025-01-03 11:06:31,101 [main] INFO  server.Server (Server.java:doStart(375)) - jetty-9.4.56.v20240826; built: 2024-08-26T17:15:05.868Z; git: ec6782ff5ead824dabdcf47fa98f90a4aedff401; jvm 21.0.5+11-LTS
2025-01-03 11:06:31,102 [main] INFO  server.session (DefaultSessionIdManager.java:doStart(334)) - DefaultSessionIdManager workerName=node0
2025-01-03 11:06:31,103 [main] INFO  server.session (DefaultSessionIdManager.java:doStart(339)) - No SessionScavenger set, using defaults
2025-01-03 11:06:31,103 [main] INFO  server.session (HouseKeeper.java:startScavenging(132)) - node0 Scavenging every 600000ms
2025-01-03 11:06:31,103 [main] INFO  handler.ContextHandler (ContextHandler.java:doStart(921)) - Started o.e.j.s.ServletContextHandler@5e0ef8db{logs,/logs,file:///home/runner/work/ozone/ozone/hadoop-ozone/integration-test/target/log,AVAILABLE}
2025-01-03 11:06:31,104 [main] INFO  handler.ContextHandler (ContextHandler.java:doStart(921)) - Started o.e.j.s.ServletContextHandler@76bd2c80{static,/static,file:///home/runner/work/ozone/ozone/hadoop-ozone/integration-test/target/test-classes/webapps/static,AVAILABLE}
2025-01-03 11:06:31,107 [main] INFO  handler.ContextHandler (ContextHandler.java:doStart(921)) - Started o.e.j.w.WebAppContext@34a34d96{ozoneManager,/,file:///home/runner/work/ozone/ozone/hadoop-ozone/integration-test/target/test-classes/webapps/ozoneManager/,AVAILABLE}{file:/home/runner/work/ozone/ozone/hadoop-ozone/integration-test/target/test-classes/webapps/ozoneManager}
2025-01-03 11:06:31,108 [main] INFO  server.AbstractConnector (AbstractConnector.java:doStart(333)) - Started ServerConnector@16aadc7f{HTTP/1.1, (http/1.1)}{0.0.0.0:15123}
2025-01-03 11:06:31,108 [main] INFO  server.Server (Server.java:doStart(415)) - Started @107769ms
2025-01-03 11:06:31,108 [main] WARN  impl.MetricsSystemImpl (MetricsSystemImpl.java:register(279)) - Sink prometheus already exists!
2025-01-03 11:06:31,108 [main] INFO  http.BaseHttpServer (BaseHttpServer.java:updateConnectorAddress(354)) - HTTP server of ozoneManager listening at http://0.0.0.0:15123
2025-01-03 11:06:31,109 [IPC Server listener on 15122] INFO  ipc.Server (Server.java:run(1553)) - IPC Server listener on 15122: starting
2025-01-03 11:06:31,109 [IPC Server Responder] INFO  ipc.Server (Server.java:run(1713)) - IPC Server Responder: starting
2025-01-03 11:06:31,110 [main] INFO  om.OzoneManager (OzoneManager.java:startTrashEmptier(2160)) - Trash Interval set to 0. Files deleted won't move to trash
2025-01-03 11:06:31,111 [main] INFO  ozone.MiniOzoneHAClusterImpl (MiniOzoneHAClusterImpl.java:createOMService(515)) - Started OzoneManager omNode-3 RPC server at localhost/127.0.0.1:15122
2025-01-03 11:06:31,117 [main] WARN  dropwizard3.Dm3MetricRegistriesImpl (Dm3MetricRegistriesImpl.java:addReporterRegistration(114)) - New reporters are added after registries were created. Some metrics will be missing from the reporter. Please add reporter before adding any new registry.
2025-01-03 11:06:31,118 [main] WARN  dropwizard3.Dm3MetricRegistriesImpl (Dm3MetricRegistriesImpl.java:addReporterRegistration(114)) - New reporters are added after registries were created. Some metrics will be missing from the reporter. Please add reporter before adding any new registry.
2025-01-03 11:06:31,118 [main] INFO  impl.MetricsSystemImpl (MetricsSystemImpl.java:init(158)) - HddsDatanode metrics system started (again)
2025-01-03 11:06:31,129 [main] INFO  ozone.HddsDatanodeService (HddsDatanodeService.java:start(241)) - HddsDatanodeService host:fv-az1204-267.jfabkdbarwcejegss2eiur2jyd.ex.internal.cloudapp.net ip:10.1.0.11
2025-01-03 11:06:31,131 [main] INFO  upgrade.AbstractLayoutVersionManager (AbstractLayoutVersionManager.java:init(83)) - Initializing Layout version manager with metadata layout = HBASE_SUPPORT (version = 8), software layout = HBASE_SUPPORT (version = 8)
2025-01-03 11:06:31,131 [main] INFO  ha.SCMNodeInfo (SCMNodeInfo.java:getPort(196)) - ConfigKey ozone.scm.client.address is deprecated, For configuring different ports for each SCM use PortConfigKey ozone.scm.client.port appended with serviceId and nodeId
2025-01-03 11:06:31,131 [main] INFO  ha.SCMNodeInfo (SCMNodeInfo.java:getPort(196)) - ConfigKey ozone.scm.block.client.address is deprecated, For configuring different ports for each SCM use PortConfigKey ozone.scm.block.client.port appended with serviceId and nodeId
2025-01-03 11:06:31,131 [main] INFO  ha.SCMNodeInfo (SCMNodeInfo.java:getPort(196)) - ConfigKey ozone.scm.security.service.address is deprecated, For configuring different ports for each SCM use PortConfigKey ozone.scm.security.service.port appended with serviceId and nodeId
2025-01-03 11:06:31,131 [main] INFO  ha.SCMNodeInfo (SCMNodeInfo.java:getPort(196)) - ConfigKey ozone.scm.datanode.address is deprecated, For configuring different ports for each SCM use PortConfigKey ozone.scm.datanode.port appended with serviceId and nodeId
2025-01-03 11:06:31,132 [main] INFO  statemachine.DatanodeStateMachine (DatanodeStateMachine.java:getEndPointTaskThreadPoolSize(294)) - Datanode State Machine Task Thread Pool size 2
2025-01-03 11:06:31,133 [main] INFO  volume.HddsVolume (HddsVolume.java:<init>(134)) - Creating HddsVolume: /home/runner/work/ozone/ozone/hadoop-ozone/integration-test/target/test-dir/MiniOzoneClusterImpl-3f159d52-719f-49ad-b6d4-3e7f01cb1845/ozone-meta/datanode-1/data-0/hdds of storage type : DISK capacity : 9222449699674390527
2025-01-03 11:06:31,133 [main] INFO  volume.MutableVolumeSet (MutableVolumeSet.java:initializeVolumeSet(174)) - Added Volume : /home/runner/work/ozone/ozone/hadoop-ozone/integration-test/target/test-dir/MiniOzoneClusterImpl-3f159d52-719f-49ad-b6d4-3e7f01cb1845/ozone-meta/datanode-1/data-0/hdds to VolumeSet
2025-01-03 11:06:31,134 [main] INFO  volume.MutableVolumeSet (MutableVolumeSet.java:initializeVolumeSet(174)) - Added Volume : /home/runner/work/ozone/ozone/hadoop-ozone/integration-test/target/test-dir/MiniOzoneClusterImpl-3f159d52-719f-49ad-b6d4-3e7f01cb1845/ozone-meta/datanode-1/ratis to VolumeSet
2025-01-03 11:06:31,134 [main] INFO  ozoneimpl.OzoneContainer (HddsVolumeUtil.java:loadAllHddsVolumeDbStore(103)) - Load 1 volumes DbStore cost: 0ms
2025-01-03 11:06:31,135 [main] WARN  db.DBStoreBuilder (DBStoreBuilder.java:getDBDirPath(172)) - ozone.scm.datanode.id.dir is not configured. We recommend adding this setting. Falling back to ozone.metadata.dirs instead.
2025-01-03 11:06:31,135 [main] WARN  db.DBStoreBuilder (DBStoreBuilder.java:getDBDirPath(172)) - ozone.scm.datanode.id.dir is not configured. We recommend adding this setting. Falling back to ozone.metadata.dirs instead.
2025-01-03 11:06:31,150 [main] INFO  impl.FilePerChunkStrategy (FilePerChunkStrategy.java:<init>(84)) - ozone.chunk.read.mapped.buffer.max.count is load with 0
2025-01-03 11:06:31,150 [main] INFO  impl.FilePerBlockStrategy (FilePerBlockStrategy.java:<init>(91)) - ozone.chunk.read.mapped.buffer.max.count is load with 0
2025-01-03 11:06:31,151 [main] INFO  server.RaftServerConfigKeys (ConfUtils.java:logGet(46)) - raft.server.log.appender.buffer.byte-limit = 33554432 (custom)
2025-01-03 11:06:31,151 [main] INFO  server.RaftServer (ConfUtils.java:logGet(46)) - raft.rpc.type = GRPC (default)
2025-01-03 11:06:31,152 [main] INFO  grpc.GrpcConfigKeys (ConfUtils.java:logFallback(53)) - raft.grpc.admin.host = null (fallback to raft.grpc.server.host)
2025-01-03 11:06:31,152 [main] INFO  grpc.GrpcConfigKeys (ConfUtils.java:logGet(46)) - raft.grpc.admin.port = 15130 (custom)
2025-01-03 11:06:31,152 [main] INFO  grpc.GrpcConfigKeys (ConfUtils.java:logFallback(53)) - raft.grpc.client.host = null (fallback to raft.grpc.server.host)
2025-01-03 11:06:31,152 [main] INFO  grpc.GrpcConfigKeys (ConfUtils.java:logGet(46)) - raft.grpc.client.port = 15130 (custom)
2025-01-03 11:06:31,152 [main] INFO  grpc.GrpcConfigKeys (ConfUtils.java:logGet(46)) - raft.grpc.server.host = null (default)
2025-01-03 11:06:31,152 [main] INFO  grpc.GrpcConfigKeys (ConfUtils.java:logGet(46)) - raft.grpc.server.port = 15130 (custom)
2025-01-03 11:06:31,152 [main] INFO  server.GrpcService (ConfUtils.java:logGet(46)) - raft.grpc.message.size.max = 34603008 (custom)
2025-01-03 11:06:31,152 [main] INFO  server.GrpcService (ConfUtils.java:logGet(46)) - raft.grpc.flow.control.window = 5MB (=5242880) (custom)
2025-01-03 11:06:31,152 [main] INFO  server.RaftServerConfigKeys (ConfUtils.java:logGet(46)) - raft.server.rpc.request.timeout = 60s (custom)
2025-01-03 11:06:31,152 [main] INFO  grpc.GrpcConfigKeys (ConfUtils.java:logGet(46)) - raft.grpc.server.heartbeat.channel = true (default)
2025-01-03 11:06:31,152 [main] INFO  server.RaftServerConfigKeys (ConfUtils.java:logGet(46)) - raft.server.log.appender.buffer.byte-limit = 33554432 (custom)
2025-01-03 11:06:31,152 [main] INFO  grpc.GrpcConfigKeys (ConfUtils.java:logGet(46)) - raft.grpc.server.async.request.thread.pool.cached = true (default)
2025-01-03 11:06:31,153 [main] INFO  grpc.GrpcConfigKeys (ConfUtils.java:logGet(46)) - raft.grpc.server.async.request.thread.pool.size = 32 (default)
2025-01-03 11:06:31,153 [main] INFO  impl.DataStreamServerImpl (ConfUtils.java:logGet(46)) - raft.datastream.type = NETTY (custom)
2025-01-03 11:06:31,154 [main] INFO  server.RaftServerConfigKeys (ConfUtils.java:logGet(46)) - raft.server.data-stream.async.request.thread.pool.cached = false (default)
2025-01-03 11:06:31,154 [main] INFO  server.RaftServerConfigKeys (ConfUtils.java:logGet(46)) - raft.server.data-stream.async.request.thread.pool.size = 20 (custom)
2025-01-03 11:06:31,154 [main] INFO  server.RaftServerConfigKeys (ConfUtils.java:logGet(46)) - raft.server.data-stream.async.write.thread.pool.size = 16 (default)
2025-01-03 11:06:31,154 [main] INFO  netty.NettyConfigKeys$DataStream (ConfUtils.java:logGet(46)) - raft.netty.dataStream.server.channel.inactive.grace-period = 10min (default)
2025-01-03 11:06:31,154 [main] INFO  server.RaftServerConfigKeys (ConfUtils.java:logGet(46)) - raft.server.data-stream.client.pool.size = 10 (default)
2025-01-03 11:06:31,154 [main] INFO  netty.NettyConfigKeys$DataStream (ConfUtils.java:logGet(46)) - raft.netty.dataStream.server.use-epoll = true (default)
2025-01-03 11:06:31,154 [main] INFO  netty.NettyConfigKeys$DataStream (ConfUtils.java:logGet(46)) - raft.netty.dataStream.server.boss-group.size = 0 (default)
2025-01-03 11:06:31,154 [main] INFO  netty.NettyUtils (NettyUtils.java:newEventLoopGroup(74)) - Create EpollEventLoopGroup for e1b7d22e-2b77-47e1-b25b-73a9c9105e09-NettyServerStreamRpc-bossGroup; Thread size is 0.
2025-01-03 11:06:31,155 [main] INFO  netty.NettyConfigKeys$DataStream (ConfUtils.java:logGet(46)) - raft.netty.dataStream.server.worker-group.size = 0 (default)
2025-01-03 11:06:31,155 [main] INFO  netty.NettyUtils (NettyUtils.java:newEventLoopGroup(74)) - Create EpollEventLoopGroup for e1b7d22e-2b77-47e1-b25b-73a9c9105e09-NettyServerStreamRpc-workerGroup; Thread size is 0.
2025-01-03 11:06:31,155 [main] INFO  netty.NettyConfigKeys$DataStream (ConfUtils.java:logGet(46)) - raft.netty.dataStream.server.tls.conf = null (default)
2025-01-03 11:06:31,155 [main] INFO  netty.NettyConfigKeys$DataStream (ConfUtils.java:logGet(46)) - raft.netty.dataStream.host = null (default)
2025-01-03 11:06:31,155 [main] INFO  netty.NettyConfigKeys$DataStream (ConfUtils.java:logGet(46)) - raft.netty.dataStream.port = 15133 (custom)
2025-01-03 11:06:31,156 [main] INFO  server.RaftServerConfigKeys (ConfUtils.java:logGet(46)) - raft.server.sleep.deviation.threshold = 300ms (default)
2025-01-03 11:06:31,156 [main] INFO  server.RaftServerConfigKeys (ConfUtils.java:logGet(46)) - raft.server.close.threshold = 60s (default)
2025-01-03 11:06:31,156 [main] INFO  server.RaftServerConfigKeys (ConfUtils.java:logGet(46)) - raft.server.leaderelection.leader.step-down.wait-time = 10s (default)
2025-01-03 11:06:31,156 [main] INFO  server.RaftServerConfigKeys (ConfUtils.java:logGet(46)) - raft.server.storage.dir = [/home/runner/work/ozone/ozone/hadoop-ozone/integration-test/target/test-dir/MiniOzoneClusterImpl-3f159d52-719f-49ad-b6d4-3e7f01cb1845/ozone-meta/datanode-1/ratis] (custom)
2025-01-03 11:06:31,156 [main] INFO  server.RaftServerConfigKeys (ConfUtils.java:logGet(46)) - raft.server.threadpool.proxy.cached = true (default)
2025-01-03 11:06:31,156 [main] INFO  server.RaftServerConfigKeys (ConfUtils.java:logGet(46)) - raft.server.threadpool.proxy.size = 0 (default)
2025-01-03 11:06:31,157 [e1b7d22e-2b77-47e1-b25b-73a9c9105e09-NettyServerStreamRpc-bossGroup--thread1] INFO  logging.LoggingHandler (AbstractInternalLogger.java:log(148)) - [id: 0xd15e12d3] REGISTERED
2025-01-03 11:06:31,157 [e1b7d22e-2b77-47e1-b25b-73a9c9105e09-NettyServerStreamRpc-bossGroup--thread1] INFO  logging.LoggingHandler (AbstractInternalLogger.java:log(148)) - [id: 0xd15e12d3] BIND: 0.0.0.0/0.0.0.0:15133
2025-01-03 11:06:31,157 [e1b7d22e-2b77-47e1-b25b-73a9c9105e09-NettyServerStreamRpc-bossGroup--thread1] INFO  logging.LoggingHandler (AbstractInternalLogger.java:log(148)) - [id: 0xd15e12d3, L:/0.0.0.0:15133] ACTIVE
2025-01-03 11:06:31,157 [e1b7d22e-2b77-47e1-b25b-73a9c9105e09-impl-thread1] INFO  server.RaftServer (RaftServerProxy.java:initGroupDir(265)) - e1b7d22e-2b77-47e1-b25b-73a9c9105e09: found a subdirectory /home/runner/work/ozone/ozone/hadoop-ozone/integration-test/target/test-dir/MiniOzoneClusterImpl-3f159d52-719f-49ad-b6d4-3e7f01cb1845/ozone-meta/datanode-1/ratis/tmp
2025-01-03 11:06:31,157 [e1b7d22e-2b77-47e1-b25b-73a9c9105e09-impl-thread1] INFO  server.RaftServer (RaftServerProxy.java:initGroupDir(270)) - e1b7d22e-2b77-47e1-b25b-73a9c9105e09: The directory /home/runner/work/ozone/ozone/hadoop-ozone/integration-test/target/test-dir/MiniOzoneClusterImpl-3f159d52-719f-49ad-b6d4-3e7f01cb1845/ozone-meta/datanode-1/ratis/tmp is not a group directory; ignoring it. 
2025-01-03 11:06:31,157 [main] INFO  replication.ReplicationServer (ReplicationServer.java:<init>(86)) - Initializing replication server with thread count = 10 queue length = 4096
2025-01-03 11:06:31,158 [main] INFO  server.XceiverServerGrpc (XceiverServerGrpc.java:<init>(135)) - GrpcServer channel type EpollServerSocketChannel
2025-01-03 11:06:31,159 [main] INFO  replication.ReplicationSupervisor (ReplicationSupervisor.java:build(171)) - Initializing replication supervisor with thread count = 10
2025-01-03 11:06:31,160 [main] INFO  replication.ReplicationSupervisor (ReplicationSupervisor.java:nodeStateUpdated(348)) - Node state updated to IN_SERVICE, scaling executor pool size to 10
2025-01-03 11:06:31,162 [main] INFO  http.BaseHttpServer (BaseHttpServer.java:newHttpServer2BuilderForOzone(223)) - Starting Web-server for hddsDatanode at: http://0.0.0.0:15127
2025-01-03 11:06:31,162 [main] INFO  http.BaseHttpServer (BaseHttpServer.java:<init>(110)) - Hadoop Security Enabled: false Ozone Security Enabled: false Ozone HTTP Security Enabled: false 
2025-01-03 11:06:31,163 [main] WARN  server.AuthenticationFilter (AuthenticationFilter.java:constructSecretProvider(240)) - Unable to initialize FileSignerSecretProvider, falling back to use random secrets. Reason: Could not read signature secret file: /home/runner/hadoop-http-auth-signature-secret
2025-01-03 11:06:31,163 [main] INFO  http.HttpRequestLog (HttpRequestLog.java:getRequestLog(86)) - Http request log for http.requests.hddsDatanode is not defined
2025-01-03 11:06:31,164 [main] INFO  http.HttpServer2 (HttpServer2.java:addGlobalFilter(1035)) - Added global filter 'safety' (class=org.apache.hadoop.hdds.server.http.HttpServer2$QuotingInputFilter)
2025-01-03 11:06:31,164 [main] INFO  http.HttpServer2 (HttpServer2.java:addFilter(1011)) - Added filter static_user_filter (class=org.apache.hadoop.http.lib.StaticUserWebFilter$StaticUserFilter) to context hddsDatanode
2025-01-03 11:06:31,164 [main] INFO  http.HttpServer2 (HttpServer2.java:addFilter(1019)) - Added filter static_user_filter (class=org.apache.hadoop.http.lib.StaticUserWebFilter$StaticUserFilter) to context static
2025-01-03 11:06:31,164 [main] INFO  http.HttpServer2 (HttpServer2.java:addFilter(1019)) - Added filter static_user_filter (class=org.apache.hadoop.http.lib.StaticUserWebFilter$StaticUserFilter) to context logs
2025-01-03 11:06:31,165 [main] INFO  http.BaseHttpServer (BaseHttpServer.java:<init>(189)) - HTTP server of hddsDatanode uses base directory /home/runner/work/ozone/ozone/hadoop-ozone/integration-test/target/test-dir/MiniOzoneClusterImpl-3f159d52-719f-49ad-b6d4-3e7f01cb1845/ozone-meta/datanode-1/meta/webserver
2025-01-03 11:06:31,165 [main] INFO  http.HttpServer2 (HttpServer2.java:bindListener(1235)) - Jetty bound to port 15127
2025-01-03 11:06:31,165 [main] INFO  server.Server (Server.java:doStart(375)) - jetty-9.4.56.v20240826; built: 2024-08-26T17:15:05.868Z; git: ec6782ff5ead824dabdcf47fa98f90a4aedff401; jvm 21.0.5+11-LTS
2025-01-03 11:06:31,167 [main] INFO  server.session (DefaultSessionIdManager.java:doStart(334)) - DefaultSessionIdManager workerName=node0
2025-01-03 11:06:31,167 [main] INFO  server.session (DefaultSessionIdManager.java:doStart(339)) - No SessionScavenger set, using defaults
2025-01-03 11:06:31,167 [main] INFO  server.session (HouseKeeper.java:startScavenging(132)) - node0 Scavenging every 600000ms
2025-01-03 11:06:31,168 [main] INFO  handler.ContextHandler (ContextHandler.java:doStart(921)) - Started o.e.j.s.ServletContextHandler@6094cec2{logs,/logs,file:///home/runner/work/ozone/ozone/hadoop-ozone/integration-test/target/log,AVAILABLE}
2025-01-03 11:06:31,168 [main] INFO  handler.ContextHandler (ContextHandler.java:doStart(921)) - Started o.e.j.s.ServletContextHandler@562ae5d8{static,/static,jar:file:/home/runner/work/ozone/ozone/hadoop-hdds/container-service/target/hdds-container-service-2.0.0-SNAPSHOT.jar!/webapps/static,AVAILABLE}
2025-01-03 11:06:31,363 [main] INFO  handler.ContextHandler (ContextHandler.java:doStart(921)) - Started o.e.j.w.WebAppContext@6892b8fd{hddsDatanode,/,file:///home/runner/work/ozone/ozone/hadoop-ozone/integration-test/target/test-dir/MiniOzoneClusterImpl-3f159d52-719f-49ad-b6d4-3e7f01cb1845/ozone-meta/datanode-1/meta/webserver/jetty-0_0_0_0-15127-hdds-container-service-2_0_0-SNAPSHOT_jar-_-any-15558836308370443476/webapp/,AVAILABLE}{jar:file:/home/runner/work/ozone/ozone/hadoop-hdds/container-service/target/hdds-container-service-2.0.0-SNAPSHOT.jar!/webapps/hddsDatanode}
2025-01-03 11:06:31,364 [main] INFO  server.AbstractConnector (AbstractConnector.java:doStart(333)) - Started ServerConnector@69513b63{HTTP/1.1, (http/1.1)}{0.0.0.0:15127}
2025-01-03 11:06:31,364 [main] INFO  server.Server (Server.java:doStart(415)) - Started @108026ms
2025-01-03 11:06:31,364 [main] WARN  impl.MetricsSystemImpl (MetricsSystemImpl.java:register(279)) - Sink prometheus already exists!
2025-01-03 11:06:31,365 [main] INFO  http.BaseHttpServer (BaseHttpServer.java:updateConnectorAddress(354)) - HTTP server of hddsDatanode listening at http://0.0.0.0:15127
2025-01-03 11:06:31,365 [main] INFO  ipc.CallQueueManager (CallQueueManager.java:<init>(93)) - Using callQueue: class java.util.concurrent.LinkedBlockingQueue, queueCapacity: 1000, scheduler: class org.apache.hadoop.ipc.DefaultRpcScheduler, ipcBackoff: false, ipcFailOver: false.
2025-01-03 11:06:31,365 [main] INFO  ipc.Server (Server.java:<init>(1438)) - Listener at 0.0.0.0:15128
2025-01-03 11:06:31,366 [Socket Reader #1 for port 15128] INFO  ipc.Server (Server.java:run(1474)) - Starting Socket Reader #1 for port 15128
2025-01-03 11:06:31,366 [Socket Reader #2 for port 15128] INFO  ipc.Server (Server.java:run(1474)) - Starting Socket Reader #2 for port 15128
2025-01-03 11:06:31,366 [Socket Reader #4 for port 15128] INFO  ipc.Server (Server.java:run(1474)) - Starting Socket Reader #4 for port 15128
2025-01-03 11:06:31,366 [Socket Reader #3 for port 15128] INFO  ipc.Server (Server.java:run(1474)) - Starting Socket Reader #3 for port 15128
2025-01-03 11:06:31,368 [Socket Reader #5 for port 15128] INFO  ipc.Server (Server.java:run(1474)) - Starting Socket Reader #5 for port 15128
2025-01-03 11:06:31,376 [Socket Reader #6 for port 15128] INFO  ipc.Server (Server.java:run(1474)) - Starting Socket Reader #6 for port 15128
2025-01-03 11:06:31,384 [Socket Reader #7 for port 15128] INFO  ipc.Server (Server.java:run(1474)) - Starting Socket Reader #7 for port 15128
2025-01-03 11:06:31,385 [Socket Reader #8 for port 15128] INFO  ipc.Server (Server.java:run(1474)) - Starting Socket Reader #8 for port 15128
2025-01-03 11:06:31,385 [Socket Reader #9 for port 15128] INFO  ipc.Server (Server.java:run(1474)) - Starting Socket Reader #9 for port 15128
2025-01-03 11:06:31,385 [Socket Reader #10 for port 15128] INFO  ipc.Server (Server.java:run(1474)) - Starting Socket Reader #10 for port 15128
2025-01-03 11:06:31,389 [main] INFO  ozone.HddsDatanodeService (HddsDatanodeService.java:start(332)) - Datanode start with admins: [runner]
2025-01-03 11:06:31,389 [main] INFO  ozone.HddsDatanodeClientProtocolServer (HddsDatanodeClientProtocolServer.java:start(79)) - RPC server for Client /0.0.0.0:15128
2025-01-03 11:06:31,390 [IPC Server Responder] INFO  ipc.Server (Server.java:run(1713)) - IPC Server Responder: starting
2025-01-03 11:06:31,392 [IPC Server listener on 15128] INFO  ipc.Server (Server.java:run(1553)) - IPC Server listener on 15128: starting
2025-01-03 11:06:31,394 [main] WARN  dropwizard3.Dm3MetricRegistriesImpl (Dm3MetricRegistriesImpl.java:addReporterRegistration(114)) - New reporters are added after registries were created. Some metrics will be missing from the reporter. Please add reporter before adding any new registry.
2025-01-03 11:06:31,394 [main] WARN  dropwizard3.Dm3MetricRegistriesImpl (Dm3MetricRegistriesImpl.java:addReporterRegistration(114)) - New reporters are added after registries were created. Some metrics will be missing from the reporter. Please add reporter before adding any new registry.
2025-01-03 11:06:31,394 [main] INFO  impl.MetricsSystemImpl (MetricsSystemImpl.java:init(158)) - HddsDatanode metrics system started (again)
2025-01-03 11:06:31,400 [omNode-3-server-thread1] INFO  server.RaftServer$Division (RaftServerImpl.java:setFirstElection(562)) - omNode-3@group-0AAC5367B30E: set firstElectionSinceStartup to false for appendEntries
2025-01-03 11:06:31,400 [omNode-3-server-thread1] INFO  ratis.OzoneManagerStateMachine (OzoneManagerStateMachine.java:notifyLeaderChanged(164)) - omNode-3@group-0AAC5367B30E: leader changed to omNode-1
2025-01-03 11:06:31,400 [omNode-3-server-thread1] INFO  server.RaftServer$Division (ServerState.java:setLeader(272)) - omNode-3@group-0AAC5367B30E: change Leader from null to omNode-1 at term 1 for appendEntries, leader elected after 696ms
2025-01-03 11:06:31,400 [omNode-3-server-thread1] INFO  server.RaftServer$Division (RaftServerImpl.java:checkInconsistentAppendEntries(1648)) - omNode-3@group-0AAC5367B30E: Failed appendEntries as previous log entry ((t:1, i:0)) is not found
2025-01-03 11:06:31,400 [omNode-3-server-thread1] INFO  server.RaftServer$Division (RaftServerImpl.java:appendEntriesAsync(1580)) - omNode-3@group-0AAC5367B30E: appendEntries* reply omNode-1<-omNode-3#846:FAIL-t0,INCONSISTENCY,nextIndex=0,followerCommit=-1,matchIndex=-1
2025-01-03 11:06:31,401 [grpc-default-executor-3] WARN  server.GrpcLogAppender (GrpcLogAppender.java:onNextImpl(519)) - omNode-1@group-0AAC5367B30E->omNode-3-AppendLogResponseHandler: received INCONSISTENCY reply with nextIndex 0, errorCount=7, request=AppendEntriesRequest:cid=846,entriesCount=0
2025-01-03 11:06:31,402 [grpc-default-executor-3] INFO  leader.FollowerInfo (FollowerInfoImpl.java:info(70)) - omNode-1@group-0AAC5367B30E->omNode-3: setNextIndex nextIndex: updateUnconditionally 1 -> 0
2025-01-03 11:06:31,403 [omNode-3-server-thread1] INFO  server.RaftServer$Division (ServerState.java:setRaftConf(386)) - omNode-3@group-0AAC5367B30E: set configuration conf: {index: 0, cur=peers:[omNode-3|localhost:15125, omNode-1|localhost:15117, omNode-2|localhost:15121]|listeners:[], old=null}
2025-01-03 11:06:31,403 [omNode-3-server-thread1] INFO  segmented.SegmentedRaftLogWorker (SegmentedRaftLogWorker.java:startLogSegment(438)) - omNode-3@group-0AAC5367B30E-SegmentedRaftLogWorker: Starting segment from index:0
2025-01-03 11:06:31,403 [omNode-3@group-0AAC5367B30E-SegmentedRaftLogWorker] INFO  segmented.BufferedWriteChannel (BufferedWriteChannel.java:open(61)) - open log_inprogress_0 at position 0
2025-01-03 11:06:31,406 [main] INFO  ozone.HddsDatanodeService (HddsDatanodeService.java:start(241)) - HddsDatanodeService host:fv-az1204-267.jfabkdbarwcejegss2eiur2jyd.ex.internal.cloudapp.net ip:10.1.0.11
2025-01-03 11:06:31,408 [main] INFO  upgrade.AbstractLayoutVersionManager (AbstractLayoutVersionManager.java:init(83)) - Initializing Layout version manager with metadata layout = HBASE_SUPPORT (version = 8), software layout = HBASE_SUPPORT (version = 8)
2025-01-03 11:06:31,408 [main] INFO  ha.SCMNodeInfo (SCMNodeInfo.java:getPort(196)) - ConfigKey ozone.scm.client.address is deprecated, For configuring different ports for each SCM use PortConfigKey ozone.scm.client.port appended with serviceId and nodeId
2025-01-03 11:06:31,408 [main] INFO  ha.SCMNodeInfo (SCMNodeInfo.java:getPort(196)) - ConfigKey ozone.scm.block.client.address is deprecated, For configuring different ports for each SCM use PortConfigKey ozone.scm.block.client.port appended with serviceId and nodeId
2025-01-03 11:06:31,408 [main] INFO  ha.SCMNodeInfo (SCMNodeInfo.java:getPort(196)) - ConfigKey ozone.scm.security.service.address is deprecated, For configuring different ports for each SCM use PortConfigKey ozone.scm.security.service.port appended with serviceId and nodeId
2025-01-03 11:06:31,408 [main] INFO  ha.SCMNodeInfo (SCMNodeInfo.java:getPort(196)) - ConfigKey ozone.scm.datanode.address is deprecated, For configuring different ports for each SCM use PortConfigKey ozone.scm.datanode.port appended with serviceId and nodeId
2025-01-03 11:06:31,409 [main] INFO  statemachine.DatanodeStateMachine (DatanodeStateMachine.java:getEndPointTaskThreadPoolSize(294)) - Datanode State Machine Task Thread Pool size 2
2025-01-03 11:06:31,410 [main] INFO  volume.HddsVolume (HddsVolume.java:<init>(134)) - Creating HddsVolume: /home/runner/work/ozone/ozone/hadoop-ozone/integration-test/target/test-dir/MiniOzoneClusterImpl-3f159d52-719f-49ad-b6d4-3e7f01cb1845/ozone-meta/datanode-2/data-0/hdds of storage type : DISK capacity : 9222449699674390527
2025-01-03 11:06:31,411 [main] INFO  volume.MutableVolumeSet (MutableVolumeSet.java:initializeVolumeSet(174)) - Added Volume : /home/runner/work/ozone/ozone/hadoop-ozone/integration-test/target/test-dir/MiniOzoneClusterImpl-3f159d52-719f-49ad-b6d4-3e7f01cb1845/ozone-meta/datanode-2/data-0/hdds to VolumeSet
2025-01-03 11:06:31,411 [main] INFO  volume.MutableVolumeSet (MutableVolumeSet.java:initializeVolumeSet(174)) - Added Volume : /home/runner/work/ozone/ozone/hadoop-ozone/integration-test/target/test-dir/MiniOzoneClusterImpl-3f159d52-719f-49ad-b6d4-3e7f01cb1845/ozone-meta/datanode-2/ratis to VolumeSet
2025-01-03 11:06:31,412 [main] INFO  ozoneimpl.OzoneContainer (HddsVolumeUtil.java:loadAllHddsVolumeDbStore(103)) - Load 1 volumes DbStore cost: 0ms
2025-01-03 11:06:31,419 [omNode-3@group-0AAC5367B30E-SegmentedRaftLogWorker] INFO  segmented.SegmentedRaftLogWorker (SegmentedRaftLogWorker.java:execute(644)) - omNode-3@group-0AAC5367B30E-SegmentedRaftLogWorker: created new log segment /home/runner/work/ozone/ozone/hadoop-ozone/integration-test/target/test-dir/MiniOzoneClusterImpl-3f159d52-719f-49ad-b6d4-3e7f01cb1845/omNode-3/ratis/0718e334-ffa1-36bc-8e9a-0aac5367b30e/current/log_inprogress_0
2025-01-03 11:06:31,420 [main] WARN  db.DBStoreBuilder (DBStoreBuilder.java:getDBDirPath(172)) - ozone.scm.datanode.id.dir is not configured. We recommend adding this setting. Falling back to ozone.metadata.dirs instead.
2025-01-03 11:06:31,421 [main] WARN  db.DBStoreBuilder (DBStoreBuilder.java:getDBDirPath(172)) - ozone.scm.datanode.id.dir is not configured. We recommend adding this setting. Falling back to ozone.metadata.dirs instead.
2025-01-03 11:06:31,422 [omNode-3@group-0AAC5367B30E-StateMachineUpdater] INFO  ratis.OzoneManagerStateMachine (OzoneManagerStateMachine.java:notifyConfigurationChanged(226)) - notifyConfigurationChanged from Ratis: term=1, index=0, New Peer list: omNode-3(localhost:15125), omNode-1(localhost:15117), omNode-2(localhost:15121)
2025-01-03 11:06:31,422 [e1b7d22e-2b77-47e1-b25b-73a9c9105e09-DatanodeStateMachineDaemonThread] INFO  statemachine.DatanodeStateMachine (DatanodeStateMachine.java:startStateMachineThread(337)) - Ozone container server started.
2025-01-03 11:06:31,424 [e1b7d22e-2b77-47e1-b25b-73a9c9105e09-DatanodeStateMachineTaskThread-0] INFO  ha.SCMNodeInfo (SCMNodeInfo.java:getPort(196)) - ConfigKey ozone.scm.client.address is deprecated, For configuring different ports for each SCM use PortConfigKey ozone.scm.client.port appended with serviceId and nodeId
2025-01-03 11:06:31,424 [e1b7d22e-2b77-47e1-b25b-73a9c9105e09-DatanodeStateMachineTaskThread-0] INFO  ha.SCMNodeInfo (SCMNodeInfo.java:getPort(196)) - ConfigKey ozone.scm.block.client.address is deprecated, For configuring different ports for each SCM use PortConfigKey ozone.scm.block.client.port appended with serviceId and nodeId
2025-01-03 11:06:31,425 [e1b7d22e-2b77-47e1-b25b-73a9c9105e09-DatanodeStateMachineTaskThread-0] INFO  ha.SCMNodeInfo (SCMNodeInfo.java:getPort(196)) - ConfigKey ozone.scm.security.service.address is deprecated, For configuring different ports for each SCM use PortConfigKey ozone.scm.security.service.port appended with serviceId and nodeId
2025-01-03 11:06:31,425 [e1b7d22e-2b77-47e1-b25b-73a9c9105e09-DatanodeStateMachineTaskThread-0] INFO  ha.SCMNodeInfo (SCMNodeInfo.java:getPort(196)) - ConfigKey ozone.scm.datanode.address is deprecated, For configuring different ports for each SCM use PortConfigKey ozone.scm.datanode.port appended with serviceId and nodeId
2025-01-03 11:06:31,427 [e1b7d22e-2b77-47e1-b25b-73a9c9105e09-DatanodeStateMachineTaskThread-0] INFO  datanode.InitDatanodeState (InitDatanodeState.java:persistContainerDatanodeDetails(139)) - DatanodeDetails is persisted to /home/runner/work/ozone/ozone/hadoop-ozone/integration-test/target/test-dir/MiniOzoneClusterImpl-3f159d52-719f-49ad-b6d4-3e7f01cb1845/ozone-meta/datanode-1/meta/datanode.id
2025-01-03 11:06:31,427 [omNode-2@group-0AAC5367B30E-StateMachineUpdater] INFO  ratis.OzoneManagerStateMachine (OzoneManagerStateMachine.java:notifyConfigurationChanged(226)) - notifyConfigurationChanged from Ratis: term=1, index=0, New Peer list: omNode-3(localhost:15125), omNode-1(localhost:15117), omNode-2(localhost:15121)
2025-01-03 11:06:31,443 [main] INFO  impl.FilePerChunkStrategy (FilePerChunkStrategy.java:<init>(84)) - ozone.chunk.read.mapped.buffer.max.count is load with 0
2025-01-03 11:06:31,443 [main] INFO  impl.FilePerBlockStrategy (FilePerBlockStrategy.java:<init>(91)) - ozone.chunk.read.mapped.buffer.max.count is load with 0
2025-01-03 11:06:31,444 [main] INFO  server.RaftServerConfigKeys (ConfUtils.java:logGet(46)) - raft.server.log.appender.buffer.byte-limit = 33554432 (custom)
2025-01-03 11:06:31,445 [main] INFO  server.RaftServer (ConfUtils.java:logGet(46)) - raft.rpc.type = GRPC (default)
2025-01-03 11:06:31,445 [main] INFO  grpc.GrpcConfigKeys (ConfUtils.java:logFallback(53)) - raft.grpc.admin.host = null (fallback to raft.grpc.server.host)
2025-01-03 11:06:31,445 [main] INFO  grpc.GrpcConfigKeys (ConfUtils.java:logGet(46)) - raft.grpc.admin.port = 15139 (custom)
2025-01-03 11:06:31,445 [main] INFO  grpc.GrpcConfigKeys (ConfUtils.java:logFallback(53)) - raft.grpc.client.host = null (fallback to raft.grpc.server.host)
2025-01-03 11:06:31,445 [main] INFO  grpc.GrpcConfigKeys (ConfUtils.java:logGet(46)) - raft.grpc.client.port = 15139 (custom)
2025-01-03 11:06:31,445 [main] INFO  grpc.GrpcConfigKeys (ConfUtils.java:logGet(46)) - raft.grpc.server.host = null (default)
2025-01-03 11:06:31,445 [main] INFO  grpc.GrpcConfigKeys (ConfUtils.java:logGet(46)) - raft.grpc.server.port = 15139 (custom)
2025-01-03 11:06:31,445 [main] INFO  server.GrpcService (ConfUtils.java:logGet(46)) - raft.grpc.message.size.max = 34603008 (custom)
2025-01-03 11:06:31,445 [main] INFO  server.GrpcService (ConfUtils.java:logGet(46)) - raft.grpc.flow.control.window = 5MB (=5242880) (custom)
2025-01-03 11:06:31,446 [main] INFO  server.RaftServerConfigKeys (ConfUtils.java:logGet(46)) - raft.server.rpc.request.timeout = 60s (custom)
2025-01-03 11:06:31,446 [main] INFO  grpc.GrpcConfigKeys (ConfUtils.java:logGet(46)) - raft.grpc.server.heartbeat.channel = true (default)
2025-01-03 11:06:31,446 [main] INFO  server.RaftServerConfigKeys (ConfUtils.java:logGet(46)) - raft.server.log.appender.buffer.byte-limit = 33554432 (custom)
2025-01-03 11:06:31,446 [main] INFO  grpc.GrpcConfigKeys (ConfUtils.java:logGet(46)) - raft.grpc.server.async.request.thread.pool.cached = true (default)
2025-01-03 11:06:31,446 [main] INFO  grpc.GrpcConfigKeys (ConfUtils.java:logGet(46)) - raft.grpc.server.async.request.thread.pool.size = 32 (default)
2025-01-03 11:06:31,447 [main] INFO  impl.DataStreamServerImpl (ConfUtils.java:logGet(46)) - raft.datastream.type = NETTY (custom)
2025-01-03 11:06:31,447 [main] INFO  server.RaftServerConfigKeys (ConfUtils.java:logGet(46)) - raft.server.data-stream.async.request.thread.pool.cached = false (default)
2025-01-03 11:06:31,447 [main] INFO  server.RaftServerConfigKeys (ConfUtils.java:logGet(46)) - raft.server.data-stream.async.request.thread.pool.size = 20 (custom)
2025-01-03 11:06:31,447 [main] INFO  server.RaftServerConfigKeys (ConfUtils.java:logGet(46)) - raft.server.data-stream.async.write.thread.pool.size = 16 (default)
2025-01-03 11:06:31,447 [main] INFO  netty.NettyConfigKeys$DataStream (ConfUtils.java:logGet(46)) - raft.netty.dataStream.server.channel.inactive.grace-period = 10min (default)
2025-01-03 11:06:31,447 [main] INFO  server.RaftServerConfigKeys (ConfUtils.java:logGet(46)) - raft.server.data-stream.client.pool.size = 10 (default)
2025-01-03 11:06:31,447 [main] INFO  netty.NettyConfigKeys$DataStream (ConfUtils.java:logGet(46)) - raft.netty.dataStream.server.use-epoll = true (default)
2025-01-03 11:06:31,447 [main] INFO  netty.NettyConfigKeys$DataStream (ConfUtils.java:logGet(46)) - raft.netty.dataStream.server.boss-group.size = 0 (default)
2025-01-03 11:06:31,447 [main] INFO  netty.NettyUtils (NettyUtils.java:newEventLoopGroup(74)) - Create EpollEventLoopGroup for 64d0bb65-51ab-4184-b53b-4c99ec9daa79-NettyServerStreamRpc-bossGroup; Thread size is 0.
2025-01-03 11:06:31,448 [main] INFO  netty.NettyConfigKeys$DataStream (ConfUtils.java:logGet(46)) - raft.netty.dataStream.server.worker-group.size = 0 (default)
2025-01-03 11:06:31,448 [main] INFO  netty.NettyUtils (NettyUtils.java:newEventLoopGroup(74)) - Create EpollEventLoopGroup for 64d0bb65-51ab-4184-b53b-4c99ec9daa79-NettyServerStreamRpc-workerGroup; Thread size is 0.
2025-01-03 11:06:31,449 [main] INFO  netty.NettyConfigKeys$DataStream (ConfUtils.java:logGet(46)) - raft.netty.dataStream.server.tls.conf = null (default)
2025-01-03 11:06:31,449 [main] INFO  netty.NettyConfigKeys$DataStream (ConfUtils.java:logGet(46)) - raft.netty.dataStream.host = null (default)
2025-01-03 11:06:31,449 [main] INFO  netty.NettyConfigKeys$DataStream (ConfUtils.java:logGet(46)) - raft.netty.dataStream.port = 15142 (custom)
2025-01-03 11:06:31,449 [main] INFO  server.RaftServerConfigKeys (ConfUtils.java:logGet(46)) - raft.server.sleep.deviation.threshold = 300ms (default)
2025-01-03 11:06:31,450 [main] INFO  server.RaftServerConfigKeys (ConfUtils.java:logGet(46)) - raft.server.close.threshold = 60s (default)
2025-01-03 11:06:31,450 [main] INFO  server.RaftServerConfigKeys (ConfUtils.java:logGet(46)) - raft.server.leaderelection.leader.step-down.wait-time = 10s (default)
2025-01-03 11:06:31,450 [64d0bb65-51ab-4184-b53b-4c99ec9daa79-NettyServerStreamRpc-bossGroup--thread1] INFO  logging.LoggingHandler (AbstractInternalLogger.java:log(148)) - [id: 0x0d393bfb] REGISTERED
2025-01-03 11:06:31,450 [main] INFO  server.RaftServerConfigKeys (ConfUtils.java:logGet(46)) - raft.server.storage.dir = [/home/runner/work/ozone/ozone/hadoop-ozone/integration-test/target/test-dir/MiniOzoneClusterImpl-3f159d52-719f-49ad-b6d4-3e7f01cb1845/ozone-meta/datanode-2/ratis] (custom)
2025-01-03 11:06:31,450 [main] INFO  server.RaftServerConfigKeys (ConfUtils.java:logGet(46)) - raft.server.threadpool.proxy.cached = true (default)
2025-01-03 11:06:31,450 [main] INFO  server.RaftServerConfigKeys (ConfUtils.java:logGet(46)) - raft.server.threadpool.proxy.size = 0 (default)
2025-01-03 11:06:31,450 [64d0bb65-51ab-4184-b53b-4c99ec9daa79-NettyServerStreamRpc-bossGroup--thread1] INFO  logging.LoggingHandler (AbstractInternalLogger.java:log(148)) - [id: 0x0d393bfb] BIND: 0.0.0.0/0.0.0.0:15142
2025-01-03 11:06:31,450 [64d0bb65-51ab-4184-b53b-4c99ec9daa79-NettyServerStreamRpc-bossGroup--thread1] INFO  logging.LoggingHandler (AbstractInternalLogger.java:log(148)) - [id: 0x0d393bfb, L:/0.0.0.0:15142] ACTIVE
2025-01-03 11:06:31,451 [64d0bb65-51ab-4184-b53b-4c99ec9daa79-impl-thread1] INFO  server.RaftServer (RaftServerProxy.java:initGroupDir(265)) - 64d0bb65-51ab-4184-b53b-4c99ec9daa79: found a subdirectory /home/runner/work/ozone/ozone/hadoop-ozone/integration-test/target/test-dir/MiniOzoneClusterImpl-3f159d52-719f-49ad-b6d4-3e7f01cb1845/ozone-meta/datanode-2/ratis/tmp
2025-01-03 11:06:31,451 [64d0bb65-51ab-4184-b53b-4c99ec9daa79-impl-thread1] INFO  server.RaftServer (RaftServerProxy.java:initGroupDir(270)) - 64d0bb65-51ab-4184-b53b-4c99ec9daa79: The directory /home/runner/work/ozone/ozone/hadoop-ozone/integration-test/target/test-dir/MiniOzoneClusterImpl-3f159d52-719f-49ad-b6d4-3e7f01cb1845/ozone-meta/datanode-2/ratis/tmp is not a group directory; ignoring it. 
2025-01-03 11:06:31,451 [main] INFO  replication.ReplicationServer (ReplicationServer.java:<init>(86)) - Initializing replication server with thread count = 10 queue length = 4096
2025-01-03 11:06:31,452 [main] INFO  server.XceiverServerGrpc (XceiverServerGrpc.java:<init>(135)) - GrpcServer channel type EpollServerSocketChannel
2025-01-03 11:06:31,453 [main] INFO  replication.ReplicationSupervisor (ReplicationSupervisor.java:build(171)) - Initializing replication supervisor with thread count = 10
2025-01-03 11:06:31,453 [main] INFO  replication.ReplicationSupervisor (ReplicationSupervisor.java:nodeStateUpdated(348)) - Node state updated to IN_SERVICE, scaling executor pool size to 10
2025-01-03 11:06:31,455 [main] INFO  http.BaseHttpServer (BaseHttpServer.java:newHttpServer2BuilderForOzone(223)) - Starting Web-server for hddsDatanode at: http://0.0.0.0:15136
2025-01-03 11:06:31,455 [main] INFO  http.BaseHttpServer (BaseHttpServer.java:<init>(110)) - Hadoop Security Enabled: false Ozone Security Enabled: false Ozone HTTP Security Enabled: false 
2025-01-03 11:06:31,455 [main] WARN  server.AuthenticationFilter (AuthenticationFilter.java:constructSecretProvider(240)) - Unable to initialize FileSignerSecretProvider, falling back to use random secrets. Reason: Could not read signature secret file: /home/runner/hadoop-http-auth-signature-secret
2025-01-03 11:06:31,456 [main] INFO  http.HttpRequestLog (HttpRequestLog.java:getRequestLog(86)) - Http request log for http.requests.hddsDatanode is not defined
2025-01-03 11:06:31,457 [main] INFO  http.HttpServer2 (HttpServer2.java:addGlobalFilter(1035)) - Added global filter 'safety' (class=org.apache.hadoop.hdds.server.http.HttpServer2$QuotingInputFilter)
2025-01-03 11:06:31,457 [main] INFO  http.HttpServer2 (HttpServer2.java:addFilter(1011)) - Added filter static_user_filter (class=org.apache.hadoop.http.lib.StaticUserWebFilter$StaticUserFilter) to context hddsDatanode
2025-01-03 11:06:31,457 [main] INFO  http.HttpServer2 (HttpServer2.java:addFilter(1019)) - Added filter static_user_filter (class=org.apache.hadoop.http.lib.StaticUserWebFilter$StaticUserFilter) to context logs
2025-01-03 11:06:31,457 [main] INFO  http.HttpServer2 (HttpServer2.java:addFilter(1019)) - Added filter static_user_filter (class=org.apache.hadoop.http.lib.StaticUserWebFilter$StaticUserFilter) to context static
2025-01-03 11:06:31,458 [main] INFO  http.BaseHttpServer (BaseHttpServer.java:<init>(189)) - HTTP server of hddsDatanode uses base directory /home/runner/work/ozone/ozone/hadoop-ozone/integration-test/target/test-dir/MiniOzoneClusterImpl-3f159d52-719f-49ad-b6d4-3e7f01cb1845/ozone-meta/datanode-2/meta/webserver
2025-01-03 11:06:31,458 [main] INFO  http.HttpServer2 (HttpServer2.java:bindListener(1235)) - Jetty bound to port 15136
2025-01-03 11:06:31,458 [main] INFO  server.Server (Server.java:doStart(375)) - jetty-9.4.56.v20240826; built: 2024-08-26T17:15:05.868Z; git: ec6782ff5ead824dabdcf47fa98f90a4aedff401; jvm 21.0.5+11-LTS
2025-01-03 11:06:31,459 [main] INFO  server.session (DefaultSessionIdManager.java:doStart(334)) - DefaultSessionIdManager workerName=node0
2025-01-03 11:06:31,459 [main] INFO  server.session (DefaultSessionIdManager.java:doStart(339)) - No SessionScavenger set, using defaults
2025-01-03 11:06:31,460 [main] INFO  server.session (HouseKeeper.java:startScavenging(132)) - node0 Scavenging every 660000ms
2025-01-03 11:06:31,460 [main] INFO  handler.ContextHandler (ContextHandler.java:doStart(921)) - Started o.e.j.s.ServletContextHandler@31ab743f{logs,/logs,file:///home/runner/work/ozone/ozone/hadoop-ozone/integration-test/target/log,AVAILABLE}
2025-01-03 11:06:31,460 [main] INFO  handler.ContextHandler (ContextHandler.java:doStart(921)) - Started o.e.j.s.ServletContextHandler@2579b781{static,/static,jar:file:/home/runner/work/ozone/ozone/hadoop-hdds/container-service/target/hdds-container-service-2.0.0-SNAPSHOT.jar!/webapps/static,AVAILABLE}
2025-01-03 11:06:31,653 [main] INFO  handler.ContextHandler (ContextHandler.java:doStart(921)) - Started o.e.j.w.WebAppContext@4a4b3025{hddsDatanode,/,file:///home/runner/work/ozone/ozone/hadoop-ozone/integration-test/target/test-dir/MiniOzoneClusterImpl-3f159d52-719f-49ad-b6d4-3e7f01cb1845/ozone-meta/datanode-2/meta/webserver/jetty-0_0_0_0-15136-hdds-container-service-2_0_0-SNAPSHOT_jar-_-any-14093238083016019796/webapp/,AVAILABLE}{jar:file:/home/runner/work/ozone/ozone/hadoop-hdds/container-service/target/hdds-container-service-2.0.0-SNAPSHOT.jar!/webapps/hddsDatanode}
2025-01-03 11:06:31,654 [main] INFO  server.AbstractConnector (AbstractConnector.java:doStart(333)) - Started ServerConnector@67a31d12{HTTP/1.1, (http/1.1)}{0.0.0.0:15136}
2025-01-03 11:06:31,654 [main] INFO  server.Server (Server.java:doStart(415)) - Started @108315ms
2025-01-03 11:06:31,654 [main] WARN  impl.MetricsSystemImpl (MetricsSystemImpl.java:register(279)) - Sink prometheus already exists!
2025-01-03 11:06:31,654 [main] INFO  http.BaseHttpServer (BaseHttpServer.java:updateConnectorAddress(354)) - HTTP server of hddsDatanode listening at http://0.0.0.0:15136
2025-01-03 11:06:31,655 [main] INFO  ipc.CallQueueManager (CallQueueManager.java:<init>(93)) - Using callQueue: class java.util.concurrent.LinkedBlockingQueue, queueCapacity: 1000, scheduler: class org.apache.hadoop.ipc.DefaultRpcScheduler, ipcBackoff: false, ipcFailOver: false.
2025-01-03 11:06:31,655 [main] INFO  ipc.Server (Server.java:<init>(1438)) - Listener at 0.0.0.0:15137
2025-01-03 11:06:31,656 [Socket Reader #1 for port 15137] INFO  ipc.Server (Server.java:run(1474)) - Starting Socket Reader #1 for port 15137
2025-01-03 11:06:31,656 [Socket Reader #3 for port 15137] INFO  ipc.Server (Server.java:run(1474)) - Starting Socket Reader #3 for port 15137
2025-01-03 11:06:31,656 [Socket Reader #2 for port 15137] INFO  ipc.Server (Server.java:run(1474)) - Starting Socket Reader #2 for port 15137
2025-01-03 11:06:31,657 [Socket Reader #10 for port 15137] INFO  ipc.Server (Server.java:run(1474)) - Starting Socket Reader #10 for port 15137
2025-01-03 11:06:31,657 [Socket Reader #9 for port 15137] INFO  ipc.Server (Server.java:run(1474)) - Starting Socket Reader #9 for port 15137
2025-01-03 11:06:31,657 [Socket Reader #8 for port 15137] INFO  ipc.Server (Server.java:run(1474)) - Starting Socket Reader #8 for port 15137
2025-01-03 11:06:31,657 [Socket Reader #7 for port 15137] INFO  ipc.Server (Server.java:run(1474)) - Starting Socket Reader #7 for port 15137
2025-01-03 11:06:31,657 [Socket Reader #6 for port 15137] INFO  ipc.Server (Server.java:run(1474)) - Starting Socket Reader #6 for port 15137
2025-01-03 11:06:31,657 [Socket Reader #5 for port 15137] INFO  ipc.Server (Server.java:run(1474)) - Starting Socket Reader #5 for port 15137
2025-01-03 11:06:31,656 [Socket Reader #4 for port 15137] INFO  ipc.Server (Server.java:run(1474)) - Starting Socket Reader #4 for port 15137
2025-01-03 11:06:31,659 [main] INFO  ozone.HddsDatanodeService (HddsDatanodeService.java:start(332)) - Datanode start with admins: [runner]
2025-01-03 11:06:31,660 [main] INFO  ozone.HddsDatanodeClientProtocolServer (HddsDatanodeClientProtocolServer.java:start(79)) - RPC server for Client /0.0.0.0:15137
2025-01-03 11:06:31,660 [IPC Server Responder] INFO  ipc.Server (Server.java:run(1713)) - IPC Server Responder: starting
2025-01-03 11:06:31,660 [IPC Server listener on 15137] INFO  ipc.Server (Server.java:run(1553)) - IPC Server listener on 15137: starting
2025-01-03 11:06:31,662 [main] WARN  dropwizard3.Dm3MetricRegistriesImpl (Dm3MetricRegistriesImpl.java:addReporterRegistration(114)) - New reporters are added after registries were created. Some metrics will be missing from the reporter. Please add reporter before adding any new registry.
2025-01-03 11:06:31,662 [main] WARN  dropwizard3.Dm3MetricRegistriesImpl (Dm3MetricRegistriesImpl.java:addReporterRegistration(114)) - New reporters are added after registries were created. Some metrics will be missing from the reporter. Please add reporter before adding any new registry.
2025-01-03 11:06:31,663 [main] INFO  impl.MetricsSystemImpl (MetricsSystemImpl.java:init(158)) - HddsDatanode metrics system started (again)
2025-01-03 11:06:31,663 [64d0bb65-51ab-4184-b53b-4c99ec9daa79-DatanodeStateMachineDaemonThread] INFO  statemachine.DatanodeStateMachine (DatanodeStateMachine.java:startStateMachineThread(337)) - Ozone container server started.
2025-01-03 11:06:31,664 [64d0bb65-51ab-4184-b53b-4c99ec9daa79-DatanodeStateMachineTaskThread-0] INFO  ha.SCMNodeInfo (SCMNodeInfo.java:getPort(196)) - ConfigKey ozone.scm.client.address is deprecated, For configuring different ports for each SCM use PortConfigKey ozone.scm.client.port appended with serviceId and nodeId
2025-01-03 11:06:31,664 [64d0bb65-51ab-4184-b53b-4c99ec9daa79-DatanodeStateMachineTaskThread-0] INFO  ha.SCMNodeInfo (SCMNodeInfo.java:getPort(196)) - ConfigKey ozone.scm.block.client.address is deprecated, For configuring different ports for each SCM use PortConfigKey ozone.scm.block.client.port appended with serviceId and nodeId
2025-01-03 11:06:31,664 [64d0bb65-51ab-4184-b53b-4c99ec9daa79-DatanodeStateMachineTaskThread-0] INFO  ha.SCMNodeInfo (SCMNodeInfo.java:getPort(196)) - ConfigKey ozone.scm.security.service.address is deprecated, For configuring different ports for each SCM use PortConfigKey ozone.scm.security.service.port appended with serviceId and nodeId
2025-01-03 11:06:31,664 [64d0bb65-51ab-4184-b53b-4c99ec9daa79-DatanodeStateMachineTaskThread-0] INFO  ha.SCMNodeInfo (SCMNodeInfo.java:getPort(196)) - ConfigKey ozone.scm.datanode.address is deprecated, For configuring different ports for each SCM use PortConfigKey ozone.scm.datanode.port appended with serviceId and nodeId
2025-01-03 11:06:31,666 [64d0bb65-51ab-4184-b53b-4c99ec9daa79-DatanodeStateMachineTaskThread-0] INFO  datanode.InitDatanodeState (InitDatanodeState.java:persistContainerDatanodeDetails(139)) - DatanodeDetails is persisted to /home/runner/work/ozone/ozone/hadoop-ozone/integration-test/target/test-dir/MiniOzoneClusterImpl-3f159d52-719f-49ad-b6d4-3e7f01cb1845/ozone-meta/datanode-2/meta/datanode.id
2025-01-03 11:06:31,674 [main] INFO  ozone.HddsDatanodeService (HddsDatanodeService.java:start(241)) - HddsDatanodeService host:fv-az1204-267.jfabkdbarwcejegss2eiur2jyd.ex.internal.cloudapp.net ip:10.1.0.11
2025-01-03 11:06:31,677 [main] INFO  upgrade.AbstractLayoutVersionManager (AbstractLayoutVersionManager.java:init(83)) - Initializing Layout version manager with metadata layout = HBASE_SUPPORT (version = 8), software layout = HBASE_SUPPORT (version = 8)
2025-01-03 11:06:31,677 [main] INFO  ha.SCMNodeInfo (SCMNodeInfo.java:getPort(196)) - ConfigKey ozone.scm.client.address is deprecated, For configuring different ports for each SCM use PortConfigKey ozone.scm.client.port appended with serviceId and nodeId
2025-01-03 11:06:31,677 [main] INFO  ha.SCMNodeInfo (SCMNodeInfo.java:getPort(196)) - ConfigKey ozone.scm.block.client.address is deprecated, For configuring different ports for each SCM use PortConfigKey ozone.scm.block.client.port appended with serviceId and nodeId
2025-01-03 11:06:31,677 [main] INFO  ha.SCMNodeInfo (SCMNodeInfo.java:getPort(196)) - ConfigKey ozone.scm.security.service.address is deprecated, For configuring different ports for each SCM use PortConfigKey ozone.scm.security.service.port appended with serviceId and nodeId
2025-01-03 11:06:31,678 [main] INFO  ha.SCMNodeInfo (SCMNodeInfo.java:getPort(196)) - ConfigKey ozone.scm.datanode.address is deprecated, For configuring different ports for each SCM use PortConfigKey ozone.scm.datanode.port appended with serviceId and nodeId
2025-01-03 11:06:31,678 [main] INFO  statemachine.DatanodeStateMachine (DatanodeStateMachine.java:getEndPointTaskThreadPoolSize(294)) - Datanode State Machine Task Thread Pool size 2
2025-01-03 11:06:31,679 [main] INFO  volume.HddsVolume (HddsVolume.java:<init>(134)) - Creating HddsVolume: /home/runner/work/ozone/ozone/hadoop-ozone/integration-test/target/test-dir/MiniOzoneClusterImpl-3f159d52-719f-49ad-b6d4-3e7f01cb1845/ozone-meta/datanode-3/data-0/hdds of storage type : DISK capacity : 9222449699674390527
2025-01-03 11:06:31,679 [main] INFO  volume.MutableVolumeSet (MutableVolumeSet.java:initializeVolumeSet(174)) - Added Volume : /home/runner/work/ozone/ozone/hadoop-ozone/integration-test/target/test-dir/MiniOzoneClusterImpl-3f159d52-719f-49ad-b6d4-3e7f01cb1845/ozone-meta/datanode-3/data-0/hdds to VolumeSet
2025-01-03 11:06:31,680 [main] INFO  volume.MutableVolumeSet (MutableVolumeSet.java:initializeVolumeSet(174)) - Added Volume : /home/runner/work/ozone/ozone/hadoop-ozone/integration-test/target/test-dir/MiniOzoneClusterImpl-3f159d52-719f-49ad-b6d4-3e7f01cb1845/ozone-meta/datanode-3/ratis to VolumeSet
2025-01-03 11:06:31,681 [main] INFO  ozoneimpl.OzoneContainer (HddsVolumeUtil.java:loadAllHddsVolumeDbStore(103)) - Load 1 volumes DbStore cost: 1ms
2025-01-03 11:06:31,681 [main] WARN  db.DBStoreBuilder (DBStoreBuilder.java:getDBDirPath(172)) - ozone.scm.datanode.id.dir is not configured. We recommend adding this setting. Falling back to ozone.metadata.dirs instead.
2025-01-03 11:06:31,682 [main] WARN  db.DBStoreBuilder (DBStoreBuilder.java:getDBDirPath(172)) - ozone.scm.datanode.id.dir is not configured. We recommend adding this setting. Falling back to ozone.metadata.dirs instead.
2025-01-03 11:06:31,697 [main] INFO  impl.FilePerChunkStrategy (FilePerChunkStrategy.java:<init>(84)) - ozone.chunk.read.mapped.buffer.max.count is load with 0
2025-01-03 11:06:31,697 [main] INFO  impl.FilePerBlockStrategy (FilePerBlockStrategy.java:<init>(91)) - ozone.chunk.read.mapped.buffer.max.count is load with 0
2025-01-03 11:06:31,698 [main] INFO  server.RaftServerConfigKeys (ConfUtils.java:logGet(46)) - raft.server.log.appender.buffer.byte-limit = 33554432 (custom)
2025-01-03 11:06:31,699 [main] INFO  server.RaftServer (ConfUtils.java:logGet(46)) - raft.rpc.type = GRPC (default)
2025-01-03 11:06:31,699 [main] INFO  grpc.GrpcConfigKeys (ConfUtils.java:logFallback(53)) - raft.grpc.admin.host = null (fallback to raft.grpc.server.host)
2025-01-03 11:06:31,699 [main] INFO  grpc.GrpcConfigKeys (ConfUtils.java:logGet(46)) - raft.grpc.admin.port = 15148 (custom)
2025-01-03 11:06:31,699 [main] INFO  grpc.GrpcConfigKeys (ConfUtils.java:logFallback(53)) - raft.grpc.client.host = null (fallback to raft.grpc.server.host)
2025-01-03 11:06:31,699 [main] INFO  grpc.GrpcConfigKeys (ConfUtils.java:logGet(46)) - raft.grpc.client.port = 15148 (custom)
2025-01-03 11:06:31,699 [main] INFO  grpc.GrpcConfigKeys (ConfUtils.java:logGet(46)) - raft.grpc.server.host = null (default)
2025-01-03 11:06:31,699 [main] INFO  grpc.GrpcConfigKeys (ConfUtils.java:logGet(46)) - raft.grpc.server.port = 15148 (custom)
2025-01-03 11:06:31,699 [main] INFO  server.GrpcService (ConfUtils.java:logGet(46)) - raft.grpc.message.size.max = 34603008 (custom)
2025-01-03 11:06:31,699 [main] INFO  server.GrpcService (ConfUtils.java:logGet(46)) - raft.grpc.flow.control.window = 5MB (=5242880) (custom)
2025-01-03 11:06:31,699 [main] INFO  server.RaftServerConfigKeys (ConfUtils.java:logGet(46)) - raft.server.rpc.request.timeout = 60s (custom)
2025-01-03 11:06:31,700 [main] INFO  grpc.GrpcConfigKeys (ConfUtils.java:logGet(46)) - raft.grpc.server.heartbeat.channel = true (default)
2025-01-03 11:06:31,700 [main] INFO  server.RaftServerConfigKeys (ConfUtils.java:logGet(46)) - raft.server.log.appender.buffer.byte-limit = 33554432 (custom)
2025-01-03 11:06:31,700 [main] INFO  grpc.GrpcConfigKeys (ConfUtils.java:logGet(46)) - raft.grpc.server.async.request.thread.pool.cached = true (default)
2025-01-03 11:06:31,700 [main] INFO  grpc.GrpcConfigKeys (ConfUtils.java:logGet(46)) - raft.grpc.server.async.request.thread.pool.size = 32 (default)
2025-01-03 11:06:31,701 [main] INFO  impl.DataStreamServerImpl (ConfUtils.java:logGet(46)) - raft.datastream.type = NETTY (custom)
2025-01-03 11:06:31,701 [main] INFO  server.RaftServerConfigKeys (ConfUtils.java:logGet(46)) - raft.server.data-stream.async.request.thread.pool.cached = false (default)
2025-01-03 11:06:31,701 [main] INFO  server.RaftServerConfigKeys (ConfUtils.java:logGet(46)) - raft.server.data-stream.async.request.thread.pool.size = 20 (custom)
2025-01-03 11:06:31,701 [main] INFO  server.RaftServerConfigKeys (ConfUtils.java:logGet(46)) - raft.server.data-stream.async.write.thread.pool.size = 16 (default)
2025-01-03 11:06:31,701 [main] INFO  netty.NettyConfigKeys$DataStream (ConfUtils.java:logGet(46)) - raft.netty.dataStream.server.channel.inactive.grace-period = 10min (default)
2025-01-03 11:06:31,701 [main] INFO  server.RaftServerConfigKeys (ConfUtils.java:logGet(46)) - raft.server.data-stream.client.pool.size = 10 (default)
2025-01-03 11:06:31,701 [main] INFO  netty.NettyConfigKeys$DataStream (ConfUtils.java:logGet(46)) - raft.netty.dataStream.server.use-epoll = true (default)
2025-01-03 11:06:31,701 [main] INFO  netty.NettyConfigKeys$DataStream (ConfUtils.java:logGet(46)) - raft.netty.dataStream.server.boss-group.size = 0 (default)
2025-01-03 11:06:31,701 [main] INFO  netty.NettyUtils (NettyUtils.java:newEventLoopGroup(74)) - Create EpollEventLoopGroup for b3aae556-a738-441a-a487-b3abd5c550e9-NettyServerStreamRpc-bossGroup; Thread size is 0.
2025-01-03 11:06:31,702 [main] INFO  netty.NettyConfigKeys$DataStream (ConfUtils.java:logGet(46)) - raft.netty.dataStream.server.worker-group.size = 0 (default)
2025-01-03 11:06:31,702 [main] INFO  netty.NettyUtils (NettyUtils.java:newEventLoopGroup(74)) - Create EpollEventLoopGroup for b3aae556-a738-441a-a487-b3abd5c550e9-NettyServerStreamRpc-workerGroup; Thread size is 0.
2025-01-03 11:06:31,702 [main] INFO  netty.NettyConfigKeys$DataStream (ConfUtils.java:logGet(46)) - raft.netty.dataStream.server.tls.conf = null (default)
2025-01-03 11:06:31,702 [main] INFO  netty.NettyConfigKeys$DataStream (ConfUtils.java:logGet(46)) - raft.netty.dataStream.host = null (default)
2025-01-03 11:06:31,702 [main] INFO  netty.NettyConfigKeys$DataStream (ConfUtils.java:logGet(46)) - raft.netty.dataStream.port = 15151 (custom)
2025-01-03 11:06:31,703 [main] INFO  server.RaftServerConfigKeys (ConfUtils.java:logGet(46)) - raft.server.sleep.deviation.threshold = 300ms (default)
2025-01-03 11:06:31,703 [main] INFO  server.RaftServerConfigKeys (ConfUtils.java:logGet(46)) - raft.server.close.threshold = 60s (default)
2025-01-03 11:06:31,703 [main] INFO  server.RaftServerConfigKeys (ConfUtils.java:logGet(46)) - raft.server.leaderelection.leader.step-down.wait-time = 10s (default)
2025-01-03 11:06:31,703 [b3aae556-a738-441a-a487-b3abd5c550e9-NettyServerStreamRpc-bossGroup--thread1] INFO  logging.LoggingHandler (AbstractInternalLogger.java:log(148)) - [id: 0xda740ba1] REGISTERED
2025-01-03 11:06:31,703 [main] INFO  server.RaftServerConfigKeys (ConfUtils.java:logGet(46)) - raft.server.storage.dir = [/home/runner/work/ozone/ozone/hadoop-ozone/integration-test/target/test-dir/MiniOzoneClusterImpl-3f159d52-719f-49ad-b6d4-3e7f01cb1845/ozone-meta/datanode-3/ratis] (custom)
2025-01-03 11:06:31,703 [b3aae556-a738-441a-a487-b3abd5c550e9-NettyServerStreamRpc-bossGroup--thread1] INFO  logging.LoggingHandler (AbstractInternalLogger.java:log(148)) - [id: 0xda740ba1] BIND: 0.0.0.0/0.0.0.0:15151
2025-01-03 11:06:31,703 [main] INFO  server.RaftServerConfigKeys (ConfUtils.java:logGet(46)) - raft.server.threadpool.proxy.cached = true (default)
2025-01-03 11:06:31,703 [b3aae556-a738-441a-a487-b3abd5c550e9-NettyServerStreamRpc-bossGroup--thread1] INFO  logging.LoggingHandler (AbstractInternalLogger.java:log(148)) - [id: 0xda740ba1, L:/0.0.0.0:15151] ACTIVE
2025-01-03 11:06:31,703 [main] INFO  server.RaftServerConfigKeys (ConfUtils.java:logGet(46)) - raft.server.threadpool.proxy.size = 0 (default)
2025-01-03 11:06:31,704 [b3aae556-a738-441a-a487-b3abd5c550e9-impl-thread1] INFO  server.RaftServer (RaftServerProxy.java:initGroupDir(265)) - b3aae556-a738-441a-a487-b3abd5c550e9: found a subdirectory /home/runner/work/ozone/ozone/hadoop-ozone/integration-test/target/test-dir/MiniOzoneClusterImpl-3f159d52-719f-49ad-b6d4-3e7f01cb1845/ozone-meta/datanode-3/ratis/tmp
2025-01-03 11:06:31,704 [b3aae556-a738-441a-a487-b3abd5c550e9-impl-thread1] INFO  server.RaftServer (RaftServerProxy.java:initGroupDir(270)) - b3aae556-a738-441a-a487-b3abd5c550e9: The directory /home/runner/work/ozone/ozone/hadoop-ozone/integration-test/target/test-dir/MiniOzoneClusterImpl-3f159d52-719f-49ad-b6d4-3e7f01cb1845/ozone-meta/datanode-3/ratis/tmp is not a group directory; ignoring it. 
2025-01-03 11:06:31,704 [main] INFO  replication.ReplicationServer (ReplicationServer.java:<init>(86)) - Initializing replication server with thread count = 10 queue length = 4096
2025-01-03 11:06:31,705 [main] INFO  server.XceiverServerGrpc (XceiverServerGrpc.java:<init>(135)) - GrpcServer channel type EpollServerSocketChannel
2025-01-03 11:06:31,706 [main] INFO  replication.ReplicationSupervisor (ReplicationSupervisor.java:build(171)) - Initializing replication supervisor with thread count = 10
2025-01-03 11:06:31,706 [main] INFO  replication.ReplicationSupervisor (ReplicationSupervisor.java:nodeStateUpdated(348)) - Node state updated to IN_SERVICE, scaling executor pool size to 10
2025-01-03 11:06:31,707 [main] INFO  http.BaseHttpServer (BaseHttpServer.java:newHttpServer2BuilderForOzone(223)) - Starting Web-server for hddsDatanode at: http://0.0.0.0:15145
2025-01-03 11:06:31,708 [main] INFO  http.BaseHttpServer (BaseHttpServer.java:<init>(110)) - Hadoop Security Enabled: false Ozone Security Enabled: false Ozone HTTP Security Enabled: false 
2025-01-03 11:06:31,708 [main] WARN  server.AuthenticationFilter (AuthenticationFilter.java:constructSecretProvider(240)) - Unable to initialize FileSignerSecretProvider, falling back to use random secrets. Reason: Could not read signature secret file: /home/runner/hadoop-http-auth-signature-secret
2025-01-03 11:06:31,709 [main] INFO  http.HttpRequestLog (HttpRequestLog.java:getRequestLog(86)) - Http request log for http.requests.hddsDatanode is not defined
2025-01-03 11:06:31,710 [main] INFO  http.HttpServer2 (HttpServer2.java:addGlobalFilter(1035)) - Added global filter 'safety' (class=org.apache.hadoop.hdds.server.http.HttpServer2$QuotingInputFilter)
2025-01-03 11:06:31,710 [main] INFO  http.HttpServer2 (HttpServer2.java:addFilter(1011)) - Added filter static_user_filter (class=org.apache.hadoop.http.lib.StaticUserWebFilter$StaticUserFilter) to context hddsDatanode
2025-01-03 11:06:31,710 [main] INFO  http.HttpServer2 (HttpServer2.java:addFilter(1019)) - Added filter static_user_filter (class=org.apache.hadoop.http.lib.StaticUserWebFilter$StaticUserFilter) to context static
2025-01-03 11:06:31,711 [main] INFO  http.HttpServer2 (HttpServer2.java:addFilter(1019)) - Added filter static_user_filter (class=org.apache.hadoop.http.lib.StaticUserWebFilter$StaticUserFilter) to context logs
2025-01-03 11:06:31,711 [main] INFO  http.BaseHttpServer (BaseHttpServer.java:<init>(189)) - HTTP server of hddsDatanode uses base directory /home/runner/work/ozone/ozone/hadoop-ozone/integration-test/target/test-dir/MiniOzoneClusterImpl-3f159d52-719f-49ad-b6d4-3e7f01cb1845/ozone-meta/datanode-3/meta/webserver
2025-01-03 11:06:31,711 [main] INFO  http.HttpServer2 (HttpServer2.java:bindListener(1235)) - Jetty bound to port 15145
2025-01-03 11:06:31,711 [main] INFO  server.Server (Server.java:doStart(375)) - jetty-9.4.56.v20240826; built: 2024-08-26T17:15:05.868Z; git: ec6782ff5ead824dabdcf47fa98f90a4aedff401; jvm 21.0.5+11-LTS
2025-01-03 11:06:31,713 [main] INFO  server.session (DefaultSessionIdManager.java:doStart(334)) - DefaultSessionIdManager workerName=node0
2025-01-03 11:06:31,713 [main] INFO  server.session (DefaultSessionIdManager.java:doStart(339)) - No SessionScavenger set, using defaults
2025-01-03 11:06:31,713 [main] INFO  server.session (HouseKeeper.java:startScavenging(132)) - node0 Scavenging every 600000ms
2025-01-03 11:06:31,713 [main] INFO  handler.ContextHandler (ContextHandler.java:doStart(921)) - Started o.e.j.s.ServletContextHandler@7b75d369{logs,/logs,file:///home/runner/work/ozone/ozone/hadoop-ozone/integration-test/target/log,AVAILABLE}
2025-01-03 11:06:31,714 [main] INFO  handler.ContextHandler (ContextHandler.java:doStart(921)) - Started o.e.j.s.ServletContextHandler@1988cca8{static,/static,jar:file:/home/runner/work/ozone/ozone/hadoop-hdds/container-service/target/hdds-container-service-2.0.0-SNAPSHOT.jar!/webapps/static,AVAILABLE}
2025-01-03 11:06:31,906 [main] INFO  handler.ContextHandler (ContextHandler.java:doStart(921)) - Started o.e.j.w.WebAppContext@1cc02071{hddsDatanode,/,file:///home/runner/work/ozone/ozone/hadoop-ozone/integration-test/target/test-dir/MiniOzoneClusterImpl-3f159d52-719f-49ad-b6d4-3e7f01cb1845/ozone-meta/datanode-3/meta/webserver/jetty-0_0_0_0-15145-hdds-container-service-2_0_0-SNAPSHOT_jar-_-any-4021284745402836013/webapp/,AVAILABLE}{jar:file:/home/runner/work/ozone/ozone/hadoop-hdds/container-service/target/hdds-container-service-2.0.0-SNAPSHOT.jar!/webapps/hddsDatanode}
2025-01-03 11:06:31,907 [main] INFO  server.AbstractConnector (AbstractConnector.java:doStart(333)) - Started ServerConnector@75403804{HTTP/1.1, (http/1.1)}{0.0.0.0:15145}
2025-01-03 11:06:31,907 [main] INFO  server.Server (Server.java:doStart(415)) - Started @108569ms
2025-01-03 11:06:31,907 [main] WARN  impl.MetricsSystemImpl (MetricsSystemImpl.java:register(279)) - Sink prometheus already exists!
2025-01-03 11:06:31,907 [main] INFO  http.BaseHttpServer (BaseHttpServer.java:updateConnectorAddress(354)) - HTTP server of hddsDatanode listening at http://0.0.0.0:15145
2025-01-03 11:06:31,908 [main] INFO  ipc.CallQueueManager (CallQueueManager.java:<init>(93)) - Using callQueue: class java.util.concurrent.LinkedBlockingQueue, queueCapacity: 1000, scheduler: class org.apache.hadoop.ipc.DefaultRpcScheduler, ipcBackoff: false, ipcFailOver: false.
2025-01-03 11:06:31,908 [main] INFO  ipc.Server (Server.java:<init>(1438)) - Listener at 0.0.0.0:15146
2025-01-03 11:06:31,912 [Socket Reader #1 for port 15146] INFO  ipc.Server (Server.java:run(1474)) - Starting Socket Reader #1 for port 15146
2025-01-03 11:06:31,912 [Socket Reader #2 for port 15146] INFO  ipc.Server (Server.java:run(1474)) - Starting Socket Reader #2 for port 15146
2025-01-03 11:06:31,913 [Socket Reader #3 for port 15146] INFO  ipc.Server (Server.java:run(1474)) - Starting Socket Reader #3 for port 15146
2025-01-03 11:06:31,913 [Socket Reader #4 for port 15146] INFO  ipc.Server (Server.java:run(1474)) - Starting Socket Reader #4 for port 15146
2025-01-03 11:06:31,913 [Socket Reader #5 for port 15146] INFO  ipc.Server (Server.java:run(1474)) - Starting Socket Reader #5 for port 15146
2025-01-03 11:06:31,918 [Socket Reader #6 for port 15146] INFO  ipc.Server (Server.java:run(1474)) - Starting Socket Reader #6 for port 15146
2025-01-03 11:06:31,918 [Socket Reader #7 for port 15146] INFO  ipc.Server (Server.java:run(1474)) - Starting Socket Reader #7 for port 15146
2025-01-03 11:06:31,919 [Socket Reader #8 for port 15146] INFO  ipc.Server (Server.java:run(1474)) - Starting Socket Reader #8 for port 15146
2025-01-03 11:06:31,919 [Socket Reader #9 for port 15146] INFO  ipc.Server (Server.java:run(1474)) - Starting Socket Reader #9 for port 15146
2025-01-03 11:06:31,919 [Socket Reader #10 for port 15146] INFO  ipc.Server (Server.java:run(1474)) - Starting Socket Reader #10 for port 15146
2025-01-03 11:06:31,921 [main] INFO  ozone.HddsDatanodeService (HddsDatanodeService.java:start(332)) - Datanode start with admins: [runner]
2025-01-03 11:06:31,921 [main] INFO  ozone.HddsDatanodeClientProtocolServer (HddsDatanodeClientProtocolServer.java:start(79)) - RPC server for Client /0.0.0.0:15146
2025-01-03 11:06:31,921 [IPC Server Responder] INFO  ipc.Server (Server.java:run(1713)) - IPC Server Responder: starting
2025-01-03 11:06:31,921 [IPC Server listener on 15146] INFO  ipc.Server (Server.java:run(1553)) - IPC Server listener on 15146: starting
2025-01-03 11:06:31,923 [main] INFO  ozone.MiniOzoneClusterImpl (MiniOzoneClusterImpl.java:lambda$waitForClusterToBeReady$0(219)) - Waiting for nodes to be ready. Got 0 of 3 DN Heartbeats.
2025-01-03 11:06:31,923 [main] INFO  ozone.MiniOzoneClusterImpl (MiniOzoneClusterImpl.java:lambda$waitForClusterToBeReady$0(222)) - Waiting for cluster to exit safe mode
2025-01-03 11:06:31,923 [main] INFO  ozone.MiniOzoneClusterImpl (MiniOzoneClusterImpl.java:lambda$waitForClusterToBeReady$0(224)) - SCM became leader
2025-01-03 11:06:31,924 [b3aae556-a738-441a-a487-b3abd5c550e9-DatanodeStateMachineDaemonThread] INFO  statemachine.DatanodeStateMachine (DatanodeStateMachine.java:startStateMachineThread(337)) - Ozone container server started.
2025-01-03 11:06:31,924 [b3aae556-a738-441a-a487-b3abd5c550e9-DatanodeStateMachineTaskThread-0] INFO  ha.SCMNodeInfo (SCMNodeInfo.java:getPort(196)) - ConfigKey ozone.scm.client.address is deprecated, For configuring different ports for each SCM use PortConfigKey ozone.scm.client.port appended with serviceId and nodeId
2025-01-03 11:06:31,925 [b3aae556-a738-441a-a487-b3abd5c550e9-DatanodeStateMachineTaskThread-0] INFO  ha.SCMNodeInfo (SCMNodeInfo.java:getPort(196)) - ConfigKey ozone.scm.block.client.address is deprecated, For configuring different ports for each SCM use PortConfigKey ozone.scm.block.client.port appended with serviceId and nodeId
2025-01-03 11:06:31,925 [b3aae556-a738-441a-a487-b3abd5c550e9-DatanodeStateMachineTaskThread-0] INFO  ha.SCMNodeInfo (SCMNodeInfo.java:getPort(196)) - ConfigKey ozone.scm.security.service.address is deprecated, For configuring different ports for each SCM use PortConfigKey ozone.scm.security.service.port appended with serviceId and nodeId
2025-01-03 11:06:31,925 [b3aae556-a738-441a-a487-b3abd5c550e9-DatanodeStateMachineTaskThread-0] INFO  ha.SCMNodeInfo (SCMNodeInfo.java:getPort(196)) - ConfigKey ozone.scm.datanode.address is deprecated, For configuring different ports for each SCM use PortConfigKey ozone.scm.datanode.port appended with serviceId and nodeId
2025-01-03 11:06:31,926 [b3aae556-a738-441a-a487-b3abd5c550e9-DatanodeStateMachineTaskThread-0] INFO  datanode.InitDatanodeState (InitDatanodeState.java:persistContainerDatanodeDetails(139)) - DatanodeDetails is persisted to /home/runner/work/ozone/ozone/hadoop-ozone/integration-test/target/test-dir/MiniOzoneClusterImpl-3f159d52-719f-49ad-b6d4-3e7f01cb1845/ozone-meta/datanode-3/meta/datanode.id
2025-01-03 11:06:32,923 [main] INFO  ozone.MiniOzoneClusterImpl (MiniOzoneClusterImpl.java:lambda$waitForClusterToBeReady$0(219)) - Waiting for nodes to be ready. Got 0 of 3 DN Heartbeats.
2025-01-03 11:06:32,924 [main] INFO  ozone.MiniOzoneClusterImpl (MiniOzoneClusterImpl.java:lambda$waitForClusterToBeReady$0(222)) - Waiting for cluster to exit safe mode
2025-01-03 11:06:32,924 [main] INFO  ozone.MiniOzoneClusterImpl (MiniOzoneClusterImpl.java:lambda$waitForClusterToBeReady$0(224)) - SCM became leader
2025-01-03 11:06:33,463 [e1b7d22e-2b77-47e1-b25b-73a9c9105e09-EndpointStateMachineTaskThread-/127.0.0.1:15106-0 ] INFO  utils.DatanodeStoreCache (DatanodeStoreCache.java:addDB(72)) - Added db /home/runner/work/ozone/ozone/hadoop-ozone/integration-test/target/test-dir/MiniOzoneClusterImpl-3f159d52-719f-49ad-b6d4-3e7f01cb1845/ozone-meta/datanode-1/data-0/hdds/3f159d52-719f-49ad-b6d4-3e7f01cb1845/DS-bbba79f1-8f2b-4a21-9957-cbc4d35c5325/container.db to cache
2025-01-03 11:06:33,463 [e1b7d22e-2b77-47e1-b25b-73a9c9105e09-EndpointStateMachineTaskThread-/127.0.0.1:15106-0 ] INFO  volume.HddsVolume (HddsVolume.java:createDbStore(447)) - SchemaV3 db is created and loaded at /home/runner/work/ozone/ozone/hadoop-ozone/integration-test/target/test-dir/MiniOzoneClusterImpl-3f159d52-719f-49ad-b6d4-3e7f01cb1845/ozone-meta/datanode-1/data-0/hdds/3f159d52-719f-49ad-b6d4-3e7f01cb1845/DS-bbba79f1-8f2b-4a21-9957-cbc4d35c5325/container.db for volume DS-bbba79f1-8f2b-4a21-9957-cbc4d35c5325
2025-01-03 11:06:33,465 [e1b7d22e-2b77-47e1-b25b-73a9c9105e09-ContainerReader-0] INFO  ozoneimpl.ContainerReader (ContainerReader.java:readVolume(148)) - Start to verify containers on volume /home/runner/work/ozone/ozone/hadoop-ozone/integration-test/target/test-dir/MiniOzoneClusterImpl-3f159d52-719f-49ad-b6d4-3e7f01cb1845/ozone-meta/datanode-1/data-0/hdds
2025-01-03 11:06:33,465 [e1b7d22e-2b77-47e1-b25b-73a9c9105e09-ContainerReader-0] INFO  ozoneimpl.ContainerReader (ContainerReader.java:readVolume(178)) - Finish verifying containers on volume /home/runner/work/ozone/ozone/hadoop-ozone/integration-test/target/test-dir/MiniOzoneClusterImpl-3f159d52-719f-49ad-b6d4-3e7f01cb1845/ozone-meta/datanode-1/data-0/hdds
2025-01-03 11:06:33,466 [e1b7d22e-2b77-47e1-b25b-73a9c9105e09-EndpointStateMachineTaskThread-/127.0.0.1:15106-0 ] INFO  ozoneimpl.OzoneContainer (OzoneContainer.java:buildContainerSet(359)) - Build ContainerSet costs 0s
2025-01-03 11:06:33,466 [e1b7d22e-2b77-47e1-b25b-73a9c9105e09-EndpointStateMachineTaskThread-/127.0.0.1:15106-0 ] INFO  volume.ThrottledAsyncChecker (ThrottledAsyncChecker.java:schedule(141)) - Scheduling a check for /home/runner/work/ozone/ozone/hadoop-ozone/integration-test/target/test-dir/MiniOzoneClusterImpl-3f159d52-719f-49ad-b6d4-3e7f01cb1845/ozone-meta/datanode-1/data-0/hdds
2025-01-03 11:06:33,467 [e1b7d22e-2b77-47e1-b25b-73a9c9105e09-EndpointStateMachineTaskThread-/127.0.0.1:15106-0 ] INFO  volume.StorageVolumeChecker (StorageVolumeChecker.java:checkAllVolumes(218)) - Scheduled health check for volume /home/runner/work/ozone/ozone/hadoop-ozone/integration-test/target/test-dir/MiniOzoneClusterImpl-3f159d52-719f-49ad-b6d4-3e7f01cb1845/ozone-meta/datanode-1/data-0/hdds
2025-01-03 11:06:33,468 [e1b7d22e-2b77-47e1-b25b-73a9c9105e09-EndpointStateMachineTaskThread-/127.0.0.1:15106-0 ] INFO  volume.ThrottledAsyncChecker (ThrottledAsyncChecker.java:schedule(141)) - Scheduling a check for /home/runner/work/ozone/ozone/hadoop-ozone/integration-test/target/test-dir/MiniOzoneClusterImpl-3f159d52-719f-49ad-b6d4-3e7f01cb1845/ozone-meta/datanode-1/ratis
2025-01-03 11:06:33,468 [e1b7d22e-2b77-47e1-b25b-73a9c9105e09-EndpointStateMachineTaskThread-/127.0.0.1:15106-0 ] INFO  volume.StorageVolumeChecker (StorageVolumeChecker.java:checkAllVolumes(218)) - Scheduled health check for volume /home/runner/work/ozone/ozone/hadoop-ozone/integration-test/target/test-dir/MiniOzoneClusterImpl-3f159d52-719f-49ad-b6d4-3e7f01cb1845/ozone-meta/datanode-1/ratis
2025-01-03 11:06:33,469 [e1b7d22e-2b77-47e1-b25b-73a9c9105e09-EndpointStateMachineTaskThread-/127.0.0.1:15106-0 ] INFO  ozoneimpl.OzoneContainer (OzoneContainer.java:start(502)) - Attempting to start container services.
2025-01-03 11:06:33,469 [ContainerMetadataScanner] INFO  ozoneimpl.AbstractBackgroundContainerScanner (AbstractBackgroundContainerScanner.java:runIteration(87)) - Completed an iteration in 0 minutes. Number of iterations (since the data-node restart) : 1, Number of containers scanned in this iteration : 0, Number of unhealthy containers found in this iteration : 0
2025-01-03 11:06:33,470 [ContainerDataScanner(/home/runner/work/ozone/ozone/hadoop-ozone/integration-test/target/test-dir/MiniOzoneClusterImpl-3f159d52-719f-49ad-b6d4-3e7f01cb1845/ozone-meta/datanode-1/data-0/hdds)] INFO  ozoneimpl.AbstractBackgroundContainerScanner (AbstractBackgroundContainerScanner.java:runIteration(87)) - Completed an iteration in 0 minutes. Number of iterations (since the data-node restart) : 1, Number of containers scanned in this iteration : 0, Number of unhealthy containers found in this iteration : 0
2025-01-03 11:06:33,470 [e1b7d22e-2b77-47e1-b25b-73a9c9105e09-EndpointStateMachineTaskThread-/127.0.0.1:15106-0 ] INFO  replication.ReplicationServer (ReplicationServer.java:start(139)) - ReplicationServer is started using port 15134
2025-01-03 11:06:33,470 [e1b7d22e-2b77-47e1-b25b-73a9c9105e09-EndpointStateMachineTaskThread-/127.0.0.1:15106-0 ] INFO  ratis.XceiverServerRatis (XceiverServerRatis.java:start(561)) - Starting XceiverServerRatis(e1b7d22e-2b77-47e1-b25b-73a9c9105e09)
2025-01-03 11:06:33,472 [e1b7d22e-2b77-47e1-b25b-73a9c9105e09-EndpointStateMachineTaskThread-/127.0.0.1:15106-0 ] INFO  server.RaftServer (RaftServerProxy.java:startImpl(407)) - e1b7d22e-2b77-47e1-b25b-73a9c9105e09: start RPC server
2025-01-03 11:06:33,473 [e1b7d22e-2b77-47e1-b25b-73a9c9105e09-EndpointStateMachineTaskThread-/127.0.0.1:15106-0 ] INFO  server.GrpcService (GrpcService.java:startImpl(334)) - e1b7d22e-2b77-47e1-b25b-73a9c9105e09: GrpcService started, listening on 15130
2025-01-03 11:06:33,475 [e1b7d22e-2b77-47e1-b25b-73a9c9105e09-EndpointStateMachineTaskThread-/127.0.0.1:15106-0 ] INFO  ratis.XceiverServerRatis (XceiverServerRatis.java:getRealPort(588)) - XceiverServerRatis(e1b7d22e-2b77-47e1-b25b-73a9c9105e09) is started using port RATIS=15130
2025-01-03 11:06:33,475 [JvmPauseMonitor20] INFO  util.JvmPauseMonitor (JvmPauseMonitor.java:run(146)) - JvmPauseMonitor-e1b7d22e-2b77-47e1-b25b-73a9c9105e09: Started
2025-01-03 11:06:33,475 [e1b7d22e-2b77-47e1-b25b-73a9c9105e09-EndpointStateMachineTaskThread-/127.0.0.1:15106-0 ] INFO  ratis.XceiverServerRatis (XceiverServerRatis.java:getRealPort(588)) - XceiverServerRatis(e1b7d22e-2b77-47e1-b25b-73a9c9105e09) is started using port RATIS_ADMIN=15130
2025-01-03 11:06:33,475 [e1b7d22e-2b77-47e1-b25b-73a9c9105e09-EndpointStateMachineTaskThread-/127.0.0.1:15106-0 ] INFO  ratis.XceiverServerRatis (XceiverServerRatis.java:getRealPort(588)) - XceiverServerRatis(e1b7d22e-2b77-47e1-b25b-73a9c9105e09) is started using port RATIS_SERVER=15130
2025-01-03 11:06:33,476 [e1b7d22e-2b77-47e1-b25b-73a9c9105e09-EndpointStateMachineTaskThread-/127.0.0.1:15106-0 ] INFO  ratis.XceiverServerRatis (XceiverServerRatis.java:getRealPort(588)) - XceiverServerRatis(e1b7d22e-2b77-47e1-b25b-73a9c9105e09) is started using port RATIS_DATASTREAM=15133
2025-01-03 11:06:33,476 [e1b7d22e-2b77-47e1-b25b-73a9c9105e09-BlockDeletingService#0] INFO  interfaces.ContainerDeletionChoosingPolicyTemplate (ContainerDeletionChoosingPolicyTemplate.java:chooseContainerForBlockDeletion(85)) - Chosen 0/5000 blocks from 0 candidate containers.
2025-01-03 11:06:33,700 [64d0bb65-51ab-4184-b53b-4c99ec9daa79-EndpointStateMachineTaskThread-/127.0.0.1:15106-0 ] INFO  utils.DatanodeStoreCache (DatanodeStoreCache.java:addDB(72)) - Added db /home/runner/work/ozone/ozone/hadoop-ozone/integration-test/target/test-dir/MiniOzoneClusterImpl-3f159d52-719f-49ad-b6d4-3e7f01cb1845/ozone-meta/datanode-2/data-0/hdds/3f159d52-719f-49ad-b6d4-3e7f01cb1845/DS-9cb871ef-9fcc-4d48-8eed-fa921b9b6f65/container.db to cache
2025-01-03 11:06:33,700 [64d0bb65-51ab-4184-b53b-4c99ec9daa79-EndpointStateMachineTaskThread-/127.0.0.1:15106-0 ] INFO  volume.HddsVolume (HddsVolume.java:createDbStore(447)) - SchemaV3 db is created and loaded at /home/runner/work/ozone/ozone/hadoop-ozone/integration-test/target/test-dir/MiniOzoneClusterImpl-3f159d52-719f-49ad-b6d4-3e7f01cb1845/ozone-meta/datanode-2/data-0/hdds/3f159d52-719f-49ad-b6d4-3e7f01cb1845/DS-9cb871ef-9fcc-4d48-8eed-fa921b9b6f65/container.db for volume DS-9cb871ef-9fcc-4d48-8eed-fa921b9b6f65
2025-01-03 11:06:33,702 [64d0bb65-51ab-4184-b53b-4c99ec9daa79-ContainerReader-0] INFO  ozoneimpl.ContainerReader (ContainerReader.java:readVolume(148)) - Start to verify containers on volume /home/runner/work/ozone/ozone/hadoop-ozone/integration-test/target/test-dir/MiniOzoneClusterImpl-3f159d52-719f-49ad-b6d4-3e7f01cb1845/ozone-meta/datanode-2/data-0/hdds
2025-01-03 11:06:33,702 [64d0bb65-51ab-4184-b53b-4c99ec9daa79-ContainerReader-0] INFO  ozoneimpl.ContainerReader (ContainerReader.java:readVolume(178)) - Finish verifying containers on volume /home/runner/work/ozone/ozone/hadoop-ozone/integration-test/target/test-dir/MiniOzoneClusterImpl-3f159d52-719f-49ad-b6d4-3e7f01cb1845/ozone-meta/datanode-2/data-0/hdds
2025-01-03 11:06:33,702 [64d0bb65-51ab-4184-b53b-4c99ec9daa79-EndpointStateMachineTaskThread-/127.0.0.1:15106-0 ] INFO  ozoneimpl.OzoneContainer (OzoneContainer.java:buildContainerSet(359)) - Build ContainerSet costs 0s
2025-01-03 11:06:33,703 [64d0bb65-51ab-4184-b53b-4c99ec9daa79-EndpointStateMachineTaskThread-/127.0.0.1:15106-0 ] INFO  volume.ThrottledAsyncChecker (ThrottledAsyncChecker.java:schedule(141)) - Scheduling a check for /home/runner/work/ozone/ozone/hadoop-ozone/integration-test/target/test-dir/MiniOzoneClusterImpl-3f159d52-719f-49ad-b6d4-3e7f01cb1845/ozone-meta/datanode-2/data-0/hdds
2025-01-03 11:06:33,703 [64d0bb65-51ab-4184-b53b-4c99ec9daa79-EndpointStateMachineTaskThread-/127.0.0.1:15106-0 ] INFO  volume.StorageVolumeChecker (StorageVolumeChecker.java:checkAllVolumes(218)) - Scheduled health check for volume /home/runner/work/ozone/ozone/hadoop-ozone/integration-test/target/test-dir/MiniOzoneClusterImpl-3f159d52-719f-49ad-b6d4-3e7f01cb1845/ozone-meta/datanode-2/data-0/hdds
2025-01-03 11:06:33,704 [64d0bb65-51ab-4184-b53b-4c99ec9daa79-EndpointStateMachineTaskThread-/127.0.0.1:15106-0 ] INFO  volume.ThrottledAsyncChecker (ThrottledAsyncChecker.java:schedule(141)) - Scheduling a check for /home/runner/work/ozone/ozone/hadoop-ozone/integration-test/target/test-dir/MiniOzoneClusterImpl-3f159d52-719f-49ad-b6d4-3e7f01cb1845/ozone-meta/datanode-2/ratis
2025-01-03 11:06:33,705 [64d0bb65-51ab-4184-b53b-4c99ec9daa79-EndpointStateMachineTaskThread-/127.0.0.1:15106-0 ] INFO  volume.StorageVolumeChecker (StorageVolumeChecker.java:checkAllVolumes(218)) - Scheduled health check for volume /home/runner/work/ozone/ozone/hadoop-ozone/integration-test/target/test-dir/MiniOzoneClusterImpl-3f159d52-719f-49ad-b6d4-3e7f01cb1845/ozone-meta/datanode-2/ratis
2025-01-03 11:06:33,706 [64d0bb65-51ab-4184-b53b-4c99ec9daa79-EndpointStateMachineTaskThread-/127.0.0.1:15106-0 ] INFO  ozoneimpl.OzoneContainer (OzoneContainer.java:start(502)) - Attempting to start container services.
2025-01-03 11:06:33,706 [64d0bb65-51ab-4184-b53b-4c99ec9daa79-EndpointStateMachineTaskThread-/127.0.0.1:15106-0 ] WARN  ozoneimpl.OnDemandContainerDataScanner (OnDemandContainerDataScanner.java:init(75)) - Trying to initialize on demand scanner a second time on a datanode.
2025-01-03 11:06:33,707 [ContainerMetadataScanner] INFO  ozoneimpl.AbstractBackgroundContainerScanner (AbstractBackgroundContainerScanner.java:runIteration(87)) - Completed an iteration in 0 minutes. Number of iterations (since the data-node restart) : 1, Number of containers scanned in this iteration : 0, Number of unhealthy containers found in this iteration : 0
2025-01-03 11:06:33,707 [ContainerDataScanner(/home/runner/work/ozone/ozone/hadoop-ozone/integration-test/target/test-dir/MiniOzoneClusterImpl-3f159d52-719f-49ad-b6d4-3e7f01cb1845/ozone-meta/datanode-2/data-0/hdds)] INFO  ozoneimpl.AbstractBackgroundContainerScanner (AbstractBackgroundContainerScanner.java:runIteration(87)) - Completed an iteration in 0 minutes. Number of iterations (since the data-node restart) : 1, Number of containers scanned in this iteration : 0, Number of unhealthy containers found in this iteration : 0
2025-01-03 11:06:33,707 [64d0bb65-51ab-4184-b53b-4c99ec9daa79-EndpointStateMachineTaskThread-/127.0.0.1:15106-0 ] INFO  replication.ReplicationServer (ReplicationServer.java:start(139)) - ReplicationServer is started using port 15143
2025-01-03 11:06:33,707 [64d0bb65-51ab-4184-b53b-4c99ec9daa79-EndpointStateMachineTaskThread-/127.0.0.1:15106-0 ] INFO  ratis.XceiverServerRatis (XceiverServerRatis.java:start(561)) - Starting XceiverServerRatis(64d0bb65-51ab-4184-b53b-4c99ec9daa79)
2025-01-03 11:06:33,708 [64d0bb65-51ab-4184-b53b-4c99ec9daa79-EndpointStateMachineTaskThread-/127.0.0.1:15106-0 ] INFO  server.RaftServer (RaftServerProxy.java:startImpl(407)) - 64d0bb65-51ab-4184-b53b-4c99ec9daa79: start RPC server
2025-01-03 11:06:33,708 [64d0bb65-51ab-4184-b53b-4c99ec9daa79-EndpointStateMachineTaskThread-/127.0.0.1:15106-0 ] INFO  server.GrpcService (GrpcService.java:startImpl(334)) - 64d0bb65-51ab-4184-b53b-4c99ec9daa79: GrpcService started, listening on 15139
2025-01-03 11:06:33,708 [64d0bb65-51ab-4184-b53b-4c99ec9daa79-EndpointStateMachineTaskThread-/127.0.0.1:15106-0 ] INFO  ratis.XceiverServerRatis (XceiverServerRatis.java:getRealPort(588)) - XceiverServerRatis(64d0bb65-51ab-4184-b53b-4c99ec9daa79) is started using port RATIS=15139
2025-01-03 11:06:33,708 [64d0bb65-51ab-4184-b53b-4c99ec9daa79-EndpointStateMachineTaskThread-/127.0.0.1:15106-0 ] INFO  ratis.XceiverServerRatis (XceiverServerRatis.java:getRealPort(588)) - XceiverServerRatis(64d0bb65-51ab-4184-b53b-4c99ec9daa79) is started using port RATIS_ADMIN=15139
2025-01-03 11:06:33,708 [64d0bb65-51ab-4184-b53b-4c99ec9daa79-EndpointStateMachineTaskThread-/127.0.0.1:15106-0 ] INFO  ratis.XceiverServerRatis (XceiverServerRatis.java:getRealPort(588)) - XceiverServerRatis(64d0bb65-51ab-4184-b53b-4c99ec9daa79) is started using port RATIS_SERVER=15139
2025-01-03 11:06:33,708 [64d0bb65-51ab-4184-b53b-4c99ec9daa79-EndpointStateMachineTaskThread-/127.0.0.1:15106-0 ] INFO  ratis.XceiverServerRatis (XceiverServerRatis.java:getRealPort(588)) - XceiverServerRatis(64d0bb65-51ab-4184-b53b-4c99ec9daa79) is started using port RATIS_DATASTREAM=15142
2025-01-03 11:06:33,708 [JvmPauseMonitor21] INFO  util.JvmPauseMonitor (JvmPauseMonitor.java:run(146)) - JvmPauseMonitor-64d0bb65-51ab-4184-b53b-4c99ec9daa79: Started
2025-01-03 11:06:33,709 [64d0bb65-51ab-4184-b53b-4c99ec9daa79-BlockDeletingService#0] INFO  interfaces.ContainerDeletionChoosingPolicyTemplate (ContainerDeletionChoosingPolicyTemplate.java:chooseContainerForBlockDeletion(85)) - Chosen 0/5000 blocks from 0 candidate containers.
2025-01-03 11:06:33,924 [main] INFO  ozone.MiniOzoneClusterImpl (MiniOzoneClusterImpl.java:lambda$waitForClusterToBeReady$0(219)) - Waiting for nodes to be ready. Got 0 of 3 DN Heartbeats.
2025-01-03 11:06:33,924 [main] INFO  ozone.MiniOzoneClusterImpl (MiniOzoneClusterImpl.java:lambda$waitForClusterToBeReady$0(222)) - Waiting for cluster to exit safe mode
2025-01-03 11:06:33,924 [main] INFO  ozone.MiniOzoneClusterImpl (MiniOzoneClusterImpl.java:lambda$waitForClusterToBeReady$0(224)) - SCM became leader
2025-01-03 11:06:33,960 [b3aae556-a738-441a-a487-b3abd5c550e9-EndpointStateMachineTaskThread-/127.0.0.1:15106-0 ] INFO  utils.DatanodeStoreCache (DatanodeStoreCache.java:addDB(72)) - Added db /home/runner/work/ozone/ozone/hadoop-ozone/integration-test/target/test-dir/MiniOzoneClusterImpl-3f159d52-719f-49ad-b6d4-3e7f01cb1845/ozone-meta/datanode-3/data-0/hdds/3f159d52-719f-49ad-b6d4-3e7f01cb1845/DS-5af1e6bf-8845-482d-a3aa-99143641a63f/container.db to cache
2025-01-03 11:06:33,960 [b3aae556-a738-441a-a487-b3abd5c550e9-EndpointStateMachineTaskThread-/127.0.0.1:15106-0 ] INFO  volume.HddsVolume (HddsVolume.java:createDbStore(447)) - SchemaV3 db is created and loaded at /home/runner/work/ozone/ozone/hadoop-ozone/integration-test/target/test-dir/MiniOzoneClusterImpl-3f159d52-719f-49ad-b6d4-3e7f01cb1845/ozone-meta/datanode-3/data-0/hdds/3f159d52-719f-49ad-b6d4-3e7f01cb1845/DS-5af1e6bf-8845-482d-a3aa-99143641a63f/container.db for volume DS-5af1e6bf-8845-482d-a3aa-99143641a63f
2025-01-03 11:06:33,963 [b3aae556-a738-441a-a487-b3abd5c550e9-ContainerReader-0] INFO  ozoneimpl.ContainerReader (ContainerReader.java:readVolume(148)) - Start to verify containers on volume /home/runner/work/ozone/ozone/hadoop-ozone/integration-test/target/test-dir/MiniOzoneClusterImpl-3f159d52-719f-49ad-b6d4-3e7f01cb1845/ozone-meta/datanode-3/data-0/hdds
2025-01-03 11:06:33,963 [b3aae556-a738-441a-a487-b3abd5c550e9-ContainerReader-0] INFO  ozoneimpl.ContainerReader (ContainerReader.java:readVolume(178)) - Finish verifying containers on volume /home/runner/work/ozone/ozone/hadoop-ozone/integration-test/target/test-dir/MiniOzoneClusterImpl-3f159d52-719f-49ad-b6d4-3e7f01cb1845/ozone-meta/datanode-3/data-0/hdds
2025-01-03 11:06:33,963 [b3aae556-a738-441a-a487-b3abd5c550e9-EndpointStateMachineTaskThread-/127.0.0.1:15106-0 ] INFO  ozoneimpl.OzoneContainer (OzoneContainer.java:buildContainerSet(359)) - Build ContainerSet costs 0s
2025-01-03 11:06:33,963 [b3aae556-a738-441a-a487-b3abd5c550e9-EndpointStateMachineTaskThread-/127.0.0.1:15106-0 ] INFO  volume.ThrottledAsyncChecker (ThrottledAsyncChecker.java:schedule(141)) - Scheduling a check for /home/runner/work/ozone/ozone/hadoop-ozone/integration-test/target/test-dir/MiniOzoneClusterImpl-3f159d52-719f-49ad-b6d4-3e7f01cb1845/ozone-meta/datanode-3/data-0/hdds
2025-01-03 11:06:33,964 [b3aae556-a738-441a-a487-b3abd5c550e9-EndpointStateMachineTaskThread-/127.0.0.1:15106-0 ] INFO  volume.StorageVolumeChecker (StorageVolumeChecker.java:checkAllVolumes(218)) - Scheduled health check for volume /home/runner/work/ozone/ozone/hadoop-ozone/integration-test/target/test-dir/MiniOzoneClusterImpl-3f159d52-719f-49ad-b6d4-3e7f01cb1845/ozone-meta/datanode-3/data-0/hdds
2025-01-03 11:06:33,965 [b3aae556-a738-441a-a487-b3abd5c550e9-EndpointStateMachineTaskThread-/127.0.0.1:15106-0 ] INFO  volume.ThrottledAsyncChecker (ThrottledAsyncChecker.java:schedule(141)) - Scheduling a check for /home/runner/work/ozone/ozone/hadoop-ozone/integration-test/target/test-dir/MiniOzoneClusterImpl-3f159d52-719f-49ad-b6d4-3e7f01cb1845/ozone-meta/datanode-3/ratis
2025-01-03 11:06:33,965 [b3aae556-a738-441a-a487-b3abd5c550e9-EndpointStateMachineTaskThread-/127.0.0.1:15106-0 ] INFO  volume.StorageVolumeChecker (StorageVolumeChecker.java:checkAllVolumes(218)) - Scheduled health check for volume /home/runner/work/ozone/ozone/hadoop-ozone/integration-test/target/test-dir/MiniOzoneClusterImpl-3f159d52-719f-49ad-b6d4-3e7f01cb1845/ozone-meta/datanode-3/ratis
2025-01-03 11:06:33,966 [b3aae556-a738-441a-a487-b3abd5c550e9-EndpointStateMachineTaskThread-/127.0.0.1:15106-0 ] INFO  ozoneimpl.OzoneContainer (OzoneContainer.java:start(502)) - Attempting to start container services.
2025-01-03 11:06:33,966 [b3aae556-a738-441a-a487-b3abd5c550e9-EndpointStateMachineTaskThread-/127.0.0.1:15106-0 ] WARN  ozoneimpl.OnDemandContainerDataScanner (OnDemandContainerDataScanner.java:init(75)) - Trying to initialize on demand scanner a second time on a datanode.
2025-01-03 11:06:33,966 [ContainerMetadataScanner] INFO  ozoneimpl.AbstractBackgroundContainerScanner (AbstractBackgroundContainerScanner.java:runIteration(87)) - Completed an iteration in 0 minutes. Number of iterations (since the data-node restart) : 1, Number of containers scanned in this iteration : 0, Number of unhealthy containers found in this iteration : 0
2025-01-03 11:06:33,967 [ContainerDataScanner(/home/runner/work/ozone/ozone/hadoop-ozone/integration-test/target/test-dir/MiniOzoneClusterImpl-3f159d52-719f-49ad-b6d4-3e7f01cb1845/ozone-meta/datanode-3/data-0/hdds)] INFO  ozoneimpl.AbstractBackgroundContainerScanner (AbstractBackgroundContainerScanner.java:runIteration(87)) - Completed an iteration in 0 minutes. Number of iterations (since the data-node restart) : 1, Number of containers scanned in this iteration : 0, Number of unhealthy containers found in this iteration : 0
2025-01-03 11:06:33,967 [b3aae556-a738-441a-a487-b3abd5c550e9-EndpointStateMachineTaskThread-/127.0.0.1:15106-0 ] INFO  replication.ReplicationServer (ReplicationServer.java:start(139)) - ReplicationServer is started using port 15152
2025-01-03 11:06:33,967 [b3aae556-a738-441a-a487-b3abd5c550e9-EndpointStateMachineTaskThread-/127.0.0.1:15106-0 ] INFO  ratis.XceiverServerRatis (XceiverServerRatis.java:start(561)) - Starting XceiverServerRatis(b3aae556-a738-441a-a487-b3abd5c550e9)
2025-01-03 11:06:33,968 [b3aae556-a738-441a-a487-b3abd5c550e9-EndpointStateMachineTaskThread-/127.0.0.1:15106-0 ] INFO  server.RaftServer (RaftServerProxy.java:startImpl(407)) - b3aae556-a738-441a-a487-b3abd5c550e9: start RPC server
2025-01-03 11:06:33,968 [b3aae556-a738-441a-a487-b3abd5c550e9-EndpointStateMachineTaskThread-/127.0.0.1:15106-0 ] INFO  server.GrpcService (GrpcService.java:startImpl(334)) - b3aae556-a738-441a-a487-b3abd5c550e9: GrpcService started, listening on 15148
2025-01-03 11:06:33,968 [b3aae556-a738-441a-a487-b3abd5c550e9-EndpointStateMachineTaskThread-/127.0.0.1:15106-0 ] INFO  ratis.XceiverServerRatis (XceiverServerRatis.java:getRealPort(588)) - XceiverServerRatis(b3aae556-a738-441a-a487-b3abd5c550e9) is started using port RATIS=15148
2025-01-03 11:06:33,968 [JvmPauseMonitor22] INFO  util.JvmPauseMonitor (JvmPauseMonitor.java:run(146)) - JvmPauseMonitor-b3aae556-a738-441a-a487-b3abd5c550e9: Started
2025-01-03 11:06:33,968 [b3aae556-a738-441a-a487-b3abd5c550e9-EndpointStateMachineTaskThread-/127.0.0.1:15106-0 ] INFO  ratis.XceiverServerRatis (XceiverServerRatis.java:getRealPort(588)) - XceiverServerRatis(b3aae556-a738-441a-a487-b3abd5c550e9) is started using port RATIS_ADMIN=15148
2025-01-03 11:06:33,968 [b3aae556-a738-441a-a487-b3abd5c550e9-EndpointStateMachineTaskThread-/127.0.0.1:15106-0 ] INFO  ratis.XceiverServerRatis (XceiverServerRatis.java:getRealPort(588)) - XceiverServerRatis(b3aae556-a738-441a-a487-b3abd5c550e9) is started using port RATIS_SERVER=15148
2025-01-03 11:06:33,968 [b3aae556-a738-441a-a487-b3abd5c550e9-EndpointStateMachineTaskThread-/127.0.0.1:15106-0 ] INFO  ratis.XceiverServerRatis (XceiverServerRatis.java:getRealPort(588)) - XceiverServerRatis(b3aae556-a738-441a-a487-b3abd5c550e9) is started using port RATIS_DATASTREAM=15151
2025-01-03 11:06:33,969 [b3aae556-a738-441a-a487-b3abd5c550e9-BlockDeletingService#0] INFO  interfaces.ContainerDeletionChoosingPolicyTemplate (ContainerDeletionChoosingPolicyTemplate.java:chooseContainerForBlockDeletion(85)) - Chosen 0/5000 blocks from 0 candidate containers.
2025-01-03 11:06:34,924 [main] INFO  ozone.MiniOzoneClusterImpl (MiniOzoneClusterImpl.java:lambda$waitForClusterToBeReady$0(219)) - Waiting for nodes to be ready. Got 0 of 3 DN Heartbeats.
2025-01-03 11:06:34,924 [main] INFO  ozone.MiniOzoneClusterImpl (MiniOzoneClusterImpl.java:lambda$waitForClusterToBeReady$0(222)) - Waiting for cluster to exit safe mode
2025-01-03 11:06:34,924 [main] INFO  ozone.MiniOzoneClusterImpl (MiniOzoneClusterImpl.java:lambda$waitForClusterToBeReady$0(224)) - SCM became leader
2025-01-03 11:06:35,423 [IPC Server handler 0 on default port 15106] INFO  net.NetworkTopologyImpl (NetworkTopologyImpl.java:add(134)) - Added a new node: /default-rack/e1b7d22e-2b77-47e1-b25b-73a9c9105e09
2025-01-03 11:06:35,424 [IPC Server handler 0 on default port 15106] INFO  node.SCMNodeManager (SCMNodeManager.java:register(424)) - Registered datanode: e1b7d22e-2b77-47e1-b25b-73a9c9105e09{ip: 127.0.0.1, host: localhost, ports: [HTTP=15127, CLIENT_RPC=15128, REPLICATION=15134, RATIS=15130, RATIS_ADMIN=15130, RATIS_SERVER=15130, RATIS_DATASTREAM=15133, STANDALONE=15129], networkLocation: /default-rack, certSerialId: null, persistedOpState: null, persistedOpStateExpiryEpochSec: 0}
2025-01-03 11:06:35,424 [scmNode-1-EventQueue-NewNodeForNewNodeHandler] INFO  pipeline.BackgroundPipelineCreator (BackgroundPipelineCreator.java:notifyEventTriggered(280)) - trigger a one-shot run on scmNode-1-RatisPipelineUtilsThread.
2025-01-03 11:06:35,425 [scmNode-1-EventQueue-NodeRegistrationContainerReportForDataNodeSafeModeRule] INFO  safemode.SCMSafeModeManager (DataNodeSafeModeRule.java:process(71)) - SCM in safe mode. 1 DataNodes registered, 3 required.
2025-01-03 11:06:35,425 [scmNode-1-RatisPipelineUtilsThread-0] INFO  pipeline.RatisPipelineProvider (RatisPipelineProvider.java:lambda$create$0(205)) - Sending CreatePipelineCommand for pipeline:PipelineID=04d2bb20-c7de-412e-ab15-c8520a99226c to datanode:e1b7d22e-2b77-47e1-b25b-73a9c9105e09
2025-01-03 11:06:35,425 [scmNode-1-EventQueue-PipelineReportForOneReplicaPipelineSafeModeRule] INFO  safemode.SCMSafeModeManager (SCMSafeModeManager.java:validateSafeModeExitRules(193)) - AtleastOneDatanodeReportedRule rule is successfully validated
2025-01-03 11:06:35,426 [scmNode-1-EventQueue-ContainerRegistrationReportForContainerSafeModeRule] INFO  safemode.SCMSafeModeManager (SCMSafeModeManager.java:validateSafeModeExitRules(193)) - ContainerSafeModeRule rule is successfully validated
2025-01-03 11:06:35,428 [c4ddaf89-5638-4166-93d2-d351e01626c9@group-3E7F01CB1845-StateMachineUpdater] INFO  safemode.HealthyPipelineSafeModeRule (HealthyPipelineSafeModeRule.java:initializeRule(172)) - Refreshed total pipeline count is 0, healthy pipeline threshold count is 1
2025-01-03 11:06:35,428 [scmNode-1-RatisPipelineUtilsThread-0] INFO  pipeline.BackgroundPipelineCreator (BackgroundPipelineCreator.java:createPipelines(236)) - Created new pipeline Pipeline[ Id: 04d2bb20-c7de-412e-ab15-c8520a99226c, Nodes: e1b7d22e-2b77-47e1-b25b-73a9c9105e09(localhost/127.0.0.1) ReplicaIndex: 0, ReplicationConfig: RATIS/ONE, State:ALLOCATED, leaderId:, CreationTimestamp2025-01-03T11:06:35.425060990Z[Etc/UTC]]
2025-01-03 11:06:35,665 [IPC Server handler 1 on default port 15106] INFO  net.NetworkTopologyImpl (NetworkTopologyImpl.java:add(134)) - Added a new node: /default-rack/64d0bb65-51ab-4184-b53b-4c99ec9daa79
2025-01-03 11:06:35,665 [IPC Server handler 1 on default port 15106] INFO  node.SCMNodeManager (SCMNodeManager.java:register(424)) - Registered datanode: 64d0bb65-51ab-4184-b53b-4c99ec9daa79{ip: 127.0.0.1, host: localhost, ports: [HTTP=15136, CLIENT_RPC=15137, REPLICATION=15143, RATIS=15139, RATIS_ADMIN=15139, RATIS_SERVER=15139, RATIS_DATASTREAM=15142, STANDALONE=15138], networkLocation: /default-rack, certSerialId: null, persistedOpState: null, persistedOpStateExpiryEpochSec: 0}
2025-01-03 11:06:35,666 [scmNode-1-EventQueue-NewNodeForNewNodeHandler] INFO  pipeline.BackgroundPipelineCreator (BackgroundPipelineCreator.java:notifyEventTriggered(280)) - trigger a one-shot run on scmNode-1-RatisPipelineUtilsThread.
2025-01-03 11:06:35,666 [scmNode-1-EventQueue-NodeRegistrationContainerReportForDataNodeSafeModeRule] INFO  safemode.SCMSafeModeManager (DataNodeSafeModeRule.java:process(71)) - SCM in safe mode. 2 DataNodes registered, 3 required.
2025-01-03 11:06:35,666 [scmNode-1-RatisPipelineUtilsThread-0] INFO  pipeline.RatisPipelineProvider (RatisPipelineProvider.java:lambda$create$0(205)) - Sending CreatePipelineCommand for pipeline:PipelineID=f0551fbc-4ac1-4c32-b222-b09451480444 to datanode:64d0bb65-51ab-4184-b53b-4c99ec9daa79
2025-01-03 11:06:35,668 [c4ddaf89-5638-4166-93d2-d351e01626c9@group-3E7F01CB1845-StateMachineUpdater] INFO  safemode.HealthyPipelineSafeModeRule (HealthyPipelineSafeModeRule.java:initializeRule(172)) - Refreshed total pipeline count is 0, healthy pipeline threshold count is 1
2025-01-03 11:06:35,668 [scmNode-1-RatisPipelineUtilsThread-0] INFO  pipeline.BackgroundPipelineCreator (BackgroundPipelineCreator.java:createPipelines(236)) - Created new pipeline Pipeline[ Id: f0551fbc-4ac1-4c32-b222-b09451480444, Nodes: 64d0bb65-51ab-4184-b53b-4c99ec9daa79(localhost/127.0.0.1) ReplicaIndex: 0, ReplicationConfig: RATIS/ONE, State:ALLOCATED, leaderId:, CreationTimestamp2025-01-03T11:06:35.666820140Z[Etc/UTC]]
2025-01-03 11:06:35,889 [timer0] WARN  server.GrpcLogAppender (LogUtils.java:warn(121)) - omNode-1@group-0AAC5367B30E->omNode-3-AppendLogResponseHandler: Failed appendEntries (Repeated 6 times in the last 5.000s): org.apache.ratis.thirdparty.io.grpc.StatusRuntimeException: UNAVAILABLE: io exception
2025-01-03 11:06:35,891 [timer3] WARN  server.GrpcLogAppender (GrpcLogAppender.java:lambda$resetClient$1(221)) - omNode-1@group-0AAC5367B30E->omNode-3-GrpcLogAppender: Follower failed (request=null, errorCount=6); keep nextIndex (1) unchanged and retry. (Repeated 5 times in the last 5.000s)
2025-01-03 11:06:35,925 [main] INFO  ozone.MiniOzoneClusterImpl (MiniOzoneClusterImpl.java:lambda$waitForClusterToBeReady$0(219)) - Waiting for nodes to be ready. Got 2 of 3 DN Heartbeats.
2025-01-03 11:06:35,925 [main] INFO  ozone.MiniOzoneClusterImpl (MiniOzoneClusterImpl.java:lambda$waitForClusterToBeReady$0(222)) - Waiting for cluster to exit safe mode
2025-01-03 11:06:35,925 [main] INFO  ozone.MiniOzoneClusterImpl (MiniOzoneClusterImpl.java:lambda$waitForClusterToBeReady$0(224)) - SCM became leader
2025-01-03 11:06:35,926 [IPC Server handler 2 on default port 15106] INFO  net.NetworkTopologyImpl (NetworkTopologyImpl.java:add(134)) - Added a new node: /default-rack/b3aae556-a738-441a-a487-b3abd5c550e9
2025-01-03 11:06:35,926 [IPC Server handler 2 on default port 15106] INFO  node.SCMNodeManager (SCMNodeManager.java:register(424)) - Registered datanode: b3aae556-a738-441a-a487-b3abd5c550e9{ip: 127.0.0.1, host: localhost, ports: [HTTP=15145, CLIENT_RPC=15146, REPLICATION=15152, RATIS=15148, RATIS_ADMIN=15148, RATIS_SERVER=15148, RATIS_DATASTREAM=15151, STANDALONE=15147], networkLocation: /default-rack, certSerialId: null, persistedOpState: null, persistedOpStateExpiryEpochSec: 0}
2025-01-03 11:06:35,927 [scmNode-1-EventQueue-NewNodeForNewNodeHandler] INFO  pipeline.BackgroundPipelineCreator (BackgroundPipelineCreator.java:notifyEventTriggered(280)) - trigger a one-shot run on scmNode-1-RatisPipelineUtilsThread.
2025-01-03 11:06:35,927 [scmNode-1-EventQueue-NodeRegistrationContainerReportForDataNodeSafeModeRule] INFO  safemode.SCMSafeModeManager (DataNodeSafeModeRule.java:process(71)) - SCM in safe mode. 3 DataNodes registered, 3 required.
2025-01-03 11:06:35,927 [scmNode-1-EventQueue-NodeRegistrationContainerReportForDataNodeSafeModeRule] INFO  safemode.SCMSafeModeManager (SCMSafeModeManager.java:validateSafeModeExitRules(193)) - DataNodeSafeModeRule rule is successfully validated
2025-01-03 11:06:35,927 [scmNode-1-EventQueue-NodeRegistrationContainerReportForDataNodeSafeModeRule] INFO  safemode.SCMSafeModeManager (SCMSafeModeManager.java:completePreCheck(222)) - All SCM safe mode pre check rules have passed
2025-01-03 11:06:35,927 [scmNode-1-EventQueue-NodeRegistrationContainerReportForDataNodeSafeModeRule] INFO  ha.SCMContext (SCMContext.java:updateSafeModeStatus(225)) - Update SafeModeStatus from SafeModeStatus{safeModeStatus=true, preCheckPassed=false} to SafeModeStatus{safeModeStatus=true, preCheckPassed=true}.
2025-01-03 11:06:35,927 [scmNode-1-EventQueue-NodeRegistrationContainerReportForDataNodeSafeModeRule] INFO  pipeline.BackgroundPipelineCreator (BackgroundPipelineCreator.java:notifyEventTriggered(280)) - trigger a one-shot run on scmNode-1-RatisPipelineUtilsThread.
2025-01-03 11:06:35,928 [scmNode-1-RatisPipelineUtilsThread-0] INFO  pipeline.RatisPipelineProvider (RatisPipelineProvider.java:lambda$create$0(205)) - Sending CreatePipelineCommand for pipeline:PipelineID=b8e9b3cd-e71a-4ab9-8ec0-3b5ccc8d4ec5 to datanode:b3aae556-a738-441a-a487-b3abd5c550e9
2025-01-03 11:06:35,929 [c4ddaf89-5638-4166-93d2-d351e01626c9@group-3E7F01CB1845-StateMachineUpdater] INFO  safemode.HealthyPipelineSafeModeRule (HealthyPipelineSafeModeRule.java:initializeRule(172)) - Refreshed total pipeline count is 0, healthy pipeline threshold count is 1
2025-01-03 11:06:35,930 [scmNode-1-RatisPipelineUtilsThread-0] INFO  pipeline.BackgroundPipelineCreator (BackgroundPipelineCreator.java:createPipelines(236)) - Created new pipeline Pipeline[ Id: b8e9b3cd-e71a-4ab9-8ec0-3b5ccc8d4ec5, Nodes: b3aae556-a738-441a-a487-b3abd5c550e9(localhost/127.0.0.1) ReplicaIndex: 0, ReplicationConfig: RATIS/ONE, State:ALLOCATED, leaderId:, CreationTimestamp2025-01-03T11:06:35.928109559Z[Etc/UTC]]
2025-01-03 11:06:35,930 [scmNode-1-RatisPipelineUtilsThread-0] INFO  pipeline.RatisPipelineProvider (RatisPipelineProvider.java:lambda$create$0(205)) - Sending CreatePipelineCommand for pipeline:PipelineID=f4d05e04-8c97-4111-b48d-1a241c729a68 to datanode:64d0bb65-51ab-4184-b53b-4c99ec9daa79
2025-01-03 11:06:35,930 [scmNode-1-RatisPipelineUtilsThread-0] INFO  pipeline.RatisPipelineProvider (RatisPipelineProvider.java:lambda$create$0(205)) - Sending CreatePipelineCommand for pipeline:PipelineID=f4d05e04-8c97-4111-b48d-1a241c729a68 to datanode:e1b7d22e-2b77-47e1-b25b-73a9c9105e09
2025-01-03 11:06:35,930 [scmNode-1-RatisPipelineUtilsThread-0] INFO  pipeline.RatisPipelineProvider (RatisPipelineProvider.java:lambda$create$0(205)) - Sending CreatePipelineCommand for pipeline:PipelineID=f4d05e04-8c97-4111-b48d-1a241c729a68 to datanode:b3aae556-a738-441a-a487-b3abd5c550e9
2025-01-03 11:06:35,932 [c4ddaf89-5638-4166-93d2-d351e01626c9@group-3E7F01CB1845-StateMachineUpdater] INFO  safemode.HealthyPipelineSafeModeRule (HealthyPipelineSafeModeRule.java:initializeRule(172)) - Refreshed total pipeline count is 0, healthy pipeline threshold count is 1
2025-01-03 11:06:35,932 [scmNode-1-RatisPipelineUtilsThread-0] INFO  pipeline.BackgroundPipelineCreator (BackgroundPipelineCreator.java:createPipelines(236)) - Created new pipeline Pipeline[ Id: f4d05e04-8c97-4111-b48d-1a241c729a68, Nodes: 64d0bb65-51ab-4184-b53b-4c99ec9daa79(localhost/127.0.0.1) ReplicaIndex: 0e1b7d22e-2b77-47e1-b25b-73a9c9105e09(localhost/127.0.0.1) ReplicaIndex: 0b3aae556-a738-441a-a487-b3abd5c550e9(localhost/127.0.0.1) ReplicaIndex: 0, ReplicationConfig: RATIS/THREE, State:ALLOCATED, leaderId:, CreationTimestamp2025-01-03T11:06:35.930630610Z[Etc/UTC]]
2025-01-03 11:06:35,933 [scmNode-1-RatisPipelineUtilsThread-0] INFO  pipeline.RatisPipelineProvider (RatisPipelineProvider.java:lambda$create$0(205)) - Sending CreatePipelineCommand for pipeline:PipelineID=df10fce6-fd08-4c5a-a6e9-93c54ff6c4bb to datanode:e1b7d22e-2b77-47e1-b25b-73a9c9105e09
2025-01-03 11:06:35,933 [scmNode-1-RatisPipelineUtilsThread-0] INFO  pipeline.RatisPipelineProvider (RatisPipelineProvider.java:lambda$create$0(205)) - Sending CreatePipelineCommand for pipeline:PipelineID=df10fce6-fd08-4c5a-a6e9-93c54ff6c4bb to datanode:b3aae556-a738-441a-a487-b3abd5c550e9
2025-01-03 11:06:35,933 [scmNode-1-RatisPipelineUtilsThread-0] INFO  pipeline.RatisPipelineProvider (RatisPipelineProvider.java:lambda$create$0(205)) - Sending CreatePipelineCommand for pipeline:PipelineID=df10fce6-fd08-4c5a-a6e9-93c54ff6c4bb to datanode:64d0bb65-51ab-4184-b53b-4c99ec9daa79
2025-01-03 11:06:35,934 [c4ddaf89-5638-4166-93d2-d351e01626c9@group-3E7F01CB1845-StateMachineUpdater] INFO  safemode.HealthyPipelineSafeModeRule (HealthyPipelineSafeModeRule.java:initializeRule(172)) - Refreshed total pipeline count is 0, healthy pipeline threshold count is 1
2025-01-03 11:06:35,935 [scmNode-1-RatisPipelineUtilsThread-0] INFO  pipeline.PipelineManagerImpl (PipelineManagerImpl.java:recordMetricsForPipeline(916)) - Pipeline: PipelineID=df10fce6-fd08-4c5a-a6e9-93c54ff6c4bb contains same datanodes as previous pipelines: PipelineID=f4d05e04-8c97-4111-b48d-1a241c729a68 nodeIds: e1b7d22e-2b77-47e1-b25b-73a9c9105e09, b3aae556-a738-441a-a487-b3abd5c550e9, 64d0bb65-51ab-4184-b53b-4c99ec9daa79
2025-01-03 11:06:35,935 [scmNode-1-RatisPipelineUtilsThread-0] INFO  pipeline.BackgroundPipelineCreator (BackgroundPipelineCreator.java:createPipelines(236)) - Created new pipeline Pipeline[ Id: df10fce6-fd08-4c5a-a6e9-93c54ff6c4bb, Nodes: e1b7d22e-2b77-47e1-b25b-73a9c9105e09(localhost/127.0.0.1) ReplicaIndex: 0b3aae556-a738-441a-a487-b3abd5c550e9(localhost/127.0.0.1) ReplicaIndex: 064d0bb65-51ab-4184-b53b-4c99ec9daa79(localhost/127.0.0.1) ReplicaIndex: 0, ReplicationConfig: RATIS/THREE, State:ALLOCATED, leaderId:, CreationTimestamp2025-01-03T11:06:35.933205343Z[Etc/UTC]]
2025-01-03 11:06:36,925 [main] INFO  ozone.MiniOzoneClusterImpl (MiniOzoneClusterImpl.java:lambda$waitForClusterToBeReady$0(219)) - Nodes are ready. Got 3 of 3 DN Heartbeats.
2025-01-03 11:06:36,925 [main] INFO  ozone.MiniOzoneClusterImpl (MiniOzoneClusterImpl.java:lambda$waitForClusterToBeReady$0(222)) - Waiting for cluster to exit safe mode
2025-01-03 11:06:36,925 [main] INFO  ozone.MiniOzoneClusterImpl (MiniOzoneClusterImpl.java:lambda$waitForClusterToBeReady$0(224)) - SCM became leader
2025-01-03 11:06:37,926 [main] INFO  ozone.MiniOzoneClusterImpl (MiniOzoneClusterImpl.java:lambda$waitForClusterToBeReady$0(219)) - Nodes are ready. Got 3 of 3 DN Heartbeats.
2025-01-03 11:06:37,926 [main] INFO  ozone.MiniOzoneClusterImpl (MiniOzoneClusterImpl.java:lambda$waitForClusterToBeReady$0(222)) - Waiting for cluster to exit safe mode
2025-01-03 11:06:37,926 [main] INFO  ozone.MiniOzoneClusterImpl (MiniOzoneClusterImpl.java:lambda$waitForClusterToBeReady$0(224)) - SCM became leader
2025-01-03 11:06:38,422 [e1b7d22e-2b77-47e1-b25b-73a9c9105e09-PipelineCommandHandlerThread-0] INFO  server.RaftServer (RaftServerProxy.java:addNew(100)) - e1b7d22e-2b77-47e1-b25b-73a9c9105e09: addNew group-C8520A99226C:[e1b7d22e-2b77-47e1-b25b-73a9c9105e09|127.0.0.1:15130] returns group-C8520A99226C:java.util.concurrent.CompletableFuture@45544a09[Not completed]
2025-01-03 11:06:38,424 [e1b7d22e-2b77-47e1-b25b-73a9c9105e09-groupManagement] INFO  server.RaftServer$Division (RaftServerImpl.java:<init>(255)) - e1b7d22e-2b77-47e1-b25b-73a9c9105e09: new RaftServerImpl for group-C8520A99226C:[e1b7d22e-2b77-47e1-b25b-73a9c9105e09|127.0.0.1:15130] with ContainerStateMachine:uninitialized
2025-01-03 11:06:38,424 [e1b7d22e-2b77-47e1-b25b-73a9c9105e09-groupManagement] INFO  server.RaftServerConfigKeys (ConfUtils.java:logGet(46)) - raft.server.rpc.timeout.min = 5s (custom)
2025-01-03 11:06:38,424 [e1b7d22e-2b77-47e1-b25b-73a9c9105e09-groupManagement] INFO  server.RaftServerConfigKeys (ConfUtils.java:logGet(46)) - raft.server.rpc.timeout.max = 5200ms (custom)
2025-01-03 11:06:38,424 [e1b7d22e-2b77-47e1-b25b-73a9c9105e09-groupManagement] INFO  server.RaftServerConfigKeys (ConfUtils.java:logGet(46)) - raft.server.rpc.sleep.time = 25ms (default)
2025-01-03 11:06:38,424 [e1b7d22e-2b77-47e1-b25b-73a9c9105e09-groupManagement] INFO  server.RaftServerConfigKeys (ConfUtils.java:logGet(46)) - raft.server.rpc.slowness.timeout = 300s (custom)
2025-01-03 11:06:38,424 [e1b7d22e-2b77-47e1-b25b-73a9c9105e09-groupManagement] INFO  server.RaftServerConfigKeys (ConfUtils.java:logGet(46)) - raft.server.leaderelection.leader.step-down.wait-time = 10s (default)
2025-01-03 11:06:38,424 [e1b7d22e-2b77-47e1-b25b-73a9c9105e09-groupManagement] INFO  server.RaftServerConfigKeys (ConfUtils.java:logGet(46)) - raft.server.leaderelection.member.majority-add = false (default)
2025-01-03 11:06:38,424 [e1b7d22e-2b77-47e1-b25b-73a9c9105e09-groupManagement] INFO  server.RaftServerConfigKeys (ConfUtils.java:logGet(46)) - raft.server.sleep.deviation.threshold = 300ms (default)
2025-01-03 11:06:38,424 [e1b7d22e-2b77-47e1-b25b-73a9c9105e09-groupManagement] INFO  server.RaftServer$Division (ServerState.java:<init>(114)) - e1b7d22e-2b77-47e1-b25b-73a9c9105e09@group-C8520A99226C: ConfigurationManager, init=conf: {index: -1, cur=peers:[e1b7d22e-2b77-47e1-b25b-73a9c9105e09|127.0.0.1:15130]|listeners:[], old=null}, confs=<EMPTY_MAP>
2025-01-03 11:06:38,424 [e1b7d22e-2b77-47e1-b25b-73a9c9105e09-groupManagement] INFO  server.RaftServerConfigKeys (ConfUtils.java:logGet(46)) - raft.server.notification.no-leader.timeout = 300s (custom)
2025-01-03 11:06:38,424 [e1b7d22e-2b77-47e1-b25b-73a9c9105e09-groupManagement] INFO  server.RaftServerConfigKeys (ConfUtils.java:logGet(46)) - raft.server.read.timeout = 10s (default)
2025-01-03 11:06:38,424 [e1b7d22e-2b77-47e1-b25b-73a9c9105e09-groupManagement] INFO  server.RaftServerConfigKeys (ConfUtils.java:logGet(46)) - raft.server.retrycache.expirytime = 600000ms (custom)
2025-01-03 11:06:38,424 [e1b7d22e-2b77-47e1-b25b-73a9c9105e09-groupManagement] INFO  server.RaftServerConfigKeys (ConfUtils.java:logGet(46)) - raft.server.retrycache.statistics.expirytime = 100ms (default)
2025-01-03 11:06:38,424 [e1b7d22e-2b77-47e1-b25b-73a9c9105e09-groupManagement] INFO  server.RaftServerConfigKeys (ConfUtils.java:logGet(46)) - raft.server.read.option = DEFAULT (default)
2025-01-03 11:06:38,425 [e1b7d22e-2b77-47e1-b25b-73a9c9105e09-groupManagement] INFO  server.RaftServerConfigKeys (ConfUtils.java:logGet(46)) - raft.server.read.read-after-write-consistent.write-index-cache.expiry-time = 60s (default)
2025-01-03 11:06:38,427 [e1b7d22e-2b77-47e1-b25b-73a9c9105e09-groupManagement] INFO  server.RaftServerConfigKeys (ConfUtils.java:logGet(46)) - raft.server.rpc.request.timeout = 60s (custom)
2025-01-03 11:06:38,427 [e1b7d22e-2b77-47e1-b25b-73a9c9105e09-groupManagement] INFO  server.RaftServerConfigKeys (ConfUtils.java:logGet(46)) - raft.server.log.appender.install.snapshot.enabled = false (custom)
2025-01-03 11:06:38,427 [e1b7d22e-2b77-47e1-b25b-73a9c9105e09-groupManagement] INFO  server.RaftServerConfigKeys (ConfUtils.java:logGet(46)) - raft.server.threadpool.server.cached = true (default)
2025-01-03 11:06:38,427 [e1b7d22e-2b77-47e1-b25b-73a9c9105e09-groupManagement] INFO  server.RaftServerConfigKeys (ConfUtils.java:logGet(46)) - raft.server.threadpool.server.size = 0 (default)
2025-01-03 11:06:38,427 [e1b7d22e-2b77-47e1-b25b-73a9c9105e09-groupManagement] INFO  server.RaftServerConfigKeys (ConfUtils.java:logGet(46)) - raft.server.threadpool.client.cached = true (default)
2025-01-03 11:06:38,427 [e1b7d22e-2b77-47e1-b25b-73a9c9105e09-groupManagement] INFO  server.RaftServerConfigKeys (ConfUtils.java:logGet(46)) - raft.server.threadpool.client.size = 0 (default)
2025-01-03 11:06:38,427 [e1b7d22e-2b77-47e1-b25b-73a9c9105e09-groupManagement] INFO  server.RaftServerConfigKeys (ConfUtils.java:logGet(46)) - raft.server.storage.free-space.min = 0MB (=0) (default)
2025-01-03 11:06:38,427 [e1b7d22e-2b77-47e1-b25b-73a9c9105e09-groupManagement] INFO  server.RaftServerConfigKeys (ConfUtils.java:logGet(46)) - raft.server.log.corruption.policy = EXCEPTION (default)
2025-01-03 11:06:38,427 [e1b7d22e-2b77-47e1-b25b-73a9c9105e09-groupManagement] INFO  server.RaftServerConfigKeys (ConfUtils.java:logGet(46)) - raft.server.storage.dir = [/home/runner/work/ozone/ozone/hadoop-ozone/integration-test/target/test-dir/MiniOzoneClusterImpl-3f159d52-719f-49ad-b6d4-3e7f01cb1845/ozone-meta/datanode-1/ratis] (custom)
2025-01-03 11:06:38,428 [e1b7d22e-2b77-47e1-b25b-73a9c9105e09-groupManagement] INFO  storage.RaftStorageDirectory (RaftStorageDirectoryImpl.java:analyzeStorage(138)) - The storage directory /home/runner/work/ozone/ozone/hadoop-ozone/integration-test/target/test-dir/MiniOzoneClusterImpl-3f159d52-719f-49ad-b6d4-3e7f01cb1845/ozone-meta/datanode-1/ratis/04d2bb20-c7de-412e-ab15-c8520a99226c does not exist. Creating ...
2025-01-03 11:06:38,429 [e1b7d22e-2b77-47e1-b25b-73a9c9105e09-groupManagement] INFO  storage.RaftStorageDirectory (RaftStorageDirectoryImpl.java:tryLock(229)) - Lock on /home/runner/work/ozone/ozone/hadoop-ozone/integration-test/target/test-dir/MiniOzoneClusterImpl-3f159d52-719f-49ad-b6d4-3e7f01cb1845/ozone-meta/datanode-1/ratis/04d2bb20-c7de-412e-ab15-c8520a99226c/in_use.lock acquired by nodename 70552@fv-az1204-267
2025-01-03 11:06:38,430 [e1b7d22e-2b77-47e1-b25b-73a9c9105e09-groupManagement] INFO  storage.RaftStorage (RaftStorageImpl.java:format(98)) - Storage directory /home/runner/work/ozone/ozone/hadoop-ozone/integration-test/target/test-dir/MiniOzoneClusterImpl-3f159d52-719f-49ad-b6d4-3e7f01cb1845/ozone-meta/datanode-1/ratis/04d2bb20-c7de-412e-ab15-c8520a99226c has been successfully formatted.
2025-01-03 11:06:38,431 [e1b7d22e-2b77-47e1-b25b-73a9c9105e09-groupManagement] INFO  ratis.ContainerStateMachine (ContainerStateMachine.java:initialize(302)) - e1b7d22e-2b77-47e1-b25b-73a9c9105e09: initialize group-C8520A99226C
2025-01-03 11:06:38,431 [e1b7d22e-2b77-47e1-b25b-73a9c9105e09-groupManagement] INFO  ratis.ContainerStateMachine (ContainerStateMachine.java:loadSnapshot(310)) - group-C8520A99226C: The snapshot info is null. Setting the last applied index to:(t:0, i:~)
2025-01-03 11:06:38,431 [e1b7d22e-2b77-47e1-b25b-73a9c9105e09-groupManagement] INFO  server.RaftServerConfigKeys (ConfUtils.java:logGet(46)) - raft.server.log.use.memory = false (default)
2025-01-03 11:06:38,431 [e1b7d22e-2b77-47e1-b25b-73a9c9105e09-groupManagement] INFO  server.RaftServerConfigKeys (ConfUtils.java:logGet(46)) - raft.server.log.purge.gap = 1000000 (custom)
2025-01-03 11:06:38,431 [e1b7d22e-2b77-47e1-b25b-73a9c9105e09-groupManagement] INFO  server.RaftServerConfigKeys (ConfUtils.java:logGet(46)) - raft.server.log.appender.buffer.byte-limit = 33554432 (custom)
2025-01-03 11:06:38,431 [e1b7d22e-2b77-47e1-b25b-73a9c9105e09-groupManagement] INFO  server.RaftServerConfigKeys (ConfUtils.java:logGet(46)) - raft.server.log.statemachine.data.read.timeout = 1000ms (default)
2025-01-03 11:06:38,431 [e1b7d22e-2b77-47e1-b25b-73a9c9105e09-groupManagement] INFO  server.RaftServerConfigKeys (ConfUtils.java:logGet(46)) - raft.server.log.purge.preservation.log.num = 0 (default)
2025-01-03 11:06:38,432 [e1b7d22e-2b77-47e1-b25b-73a9c9105e09-groupManagement] INFO  server.RaftServerConfigKeys (ConfUtils.java:logGet(46)) - raft.server.log.segment.size.max = 67108864 (custom)
2025-01-03 11:06:38,432 [e1b7d22e-2b77-47e1-b25b-73a9c9105e09-groupManagement] INFO  server.RaftServerConfigKeys (ConfUtils.java:logGet(46)) - raft.server.log.segment.cache.num.max = 2 (custom)
2025-01-03 11:06:38,432 [e1b7d22e-2b77-47e1-b25b-73a9c9105e09-groupManagement] INFO  server.RaftServerConfigKeys (ConfUtils.java:logGet(46)) - raft.server.log.segment.cache.size.max = 200MB (=209715200) (default)
2025-01-03 11:06:38,432 [e1b7d22e-2b77-47e1-b25b-73a9c9105e09-groupManagement] INFO  server.RaftServerConfigKeys (ConfUtils.java:logGet(46)) - raft.server.log.appender.buffer.byte-limit = 33554432 (custom)
2025-01-03 11:06:38,433 [e1b7d22e-2b77-47e1-b25b-73a9c9105e09-groupManagement] INFO  util.AwaitToRun (AwaitToRun.java:start(81)) - Thread[#3596,e1b7d22e-2b77-47e1-b25b-73a9c9105e09@group-C8520A99226C-cacheEviction-AwaitToRun,5,main] started
2025-01-03 11:06:38,433 [e1b7d22e-2b77-47e1-b25b-73a9c9105e09-groupManagement] INFO  segmented.SegmentedRaftLogWorker (SegmentedRaftLogWorker.java:<init>(188)) - new e1b7d22e-2b77-47e1-b25b-73a9c9105e09@group-C8520A99226C-SegmentedRaftLogWorker for RaftStorageImpl:Storage Directory /home/runner/work/ozone/ozone/hadoop-ozone/integration-test/target/test-dir/MiniOzoneClusterImpl-3f159d52-719f-49ad-b6d4-3e7f01cb1845/ozone-meta/datanode-1/ratis/04d2bb20-c7de-412e-ab15-c8520a99226c
2025-01-03 11:06:38,433 [e1b7d22e-2b77-47e1-b25b-73a9c9105e09-groupManagement] INFO  server.RaftServerConfigKeys (ConfUtils.java:logGet(46)) - raft.server.log.queue.byte-limit = 4294967296 (custom)
2025-01-03 11:06:38,433 [e1b7d22e-2b77-47e1-b25b-73a9c9105e09-groupManagement] INFO  server.RaftServerConfigKeys (ConfUtils.java:logGet(46)) - raft.server.log.queue.element-limit = 1024 (custom)
2025-01-03 11:06:38,433 [e1b7d22e-2b77-47e1-b25b-73a9c9105e09-groupManagement] INFO  server.RaftServerConfigKeys (ConfUtils.java:logGet(46)) - raft.server.log.segment.size.max = 67108864 (custom)
2025-01-03 11:06:38,433 [e1b7d22e-2b77-47e1-b25b-73a9c9105e09-groupManagement] INFO  server.RaftServerConfigKeys (ConfUtils.java:logGet(46)) - raft.server.log.preallocated.size = 4194304 (custom)
2025-01-03 11:06:38,433 [e1b7d22e-2b77-47e1-b25b-73a9c9105e09-groupManagement] INFO  server.RaftServerConfigKeys (ConfUtils.java:logGet(46)) - raft.server.log.force.sync.num = 128 (default)
2025-01-03 11:06:38,433 [e1b7d22e-2b77-47e1-b25b-73a9c9105e09-groupManagement] INFO  server.RaftServerConfigKeys (ConfUtils.java:logGet(46)) - raft.server.log.statemachine.data.sync = true (default)
2025-01-03 11:06:38,433 [e1b7d22e-2b77-47e1-b25b-73a9c9105e09-groupManagement] INFO  server.RaftServerConfigKeys (ConfUtils.java:logGet(46)) - raft.server.log.statemachine.data.sync.timeout = 10s (default)
2025-01-03 11:06:38,433 [e1b7d22e-2b77-47e1-b25b-73a9c9105e09-groupManagement] INFO  server.RaftServerConfigKeys (ConfUtils.java:logGet(46)) - raft.server.log.statemachine.data.sync.timeout.retry = 30 (custom)
2025-01-03 11:06:38,433 [e1b7d22e-2b77-47e1-b25b-73a9c9105e09-groupManagement] INFO  server.RaftServerConfigKeys (ConfUtils.java:logGet(46)) - raft.server.log.write.buffer.size = 33554440 (custom)
2025-01-03 11:06:38,434 [c4ddaf89-5638-4166-93d2-d351e01626c9@group-3E7F01CB1845-StateMachineUpdater] INFO  safemode.HealthyPipelineSafeModeRule (HealthyPipelineSafeModeRule.java:initializeRule(172)) - Refreshed total pipeline count is 0, healthy pipeline threshold count is 1
2025-01-03 11:06:38,434 [scmNode-1-EventQueue-PipelineReportForPipelineReportHandler] INFO  pipeline.PipelineReportHandler (PipelineReportHandler.java:processPipelineReport(147)) - Opened pipeline PipelineID=04d2bb20-c7de-412e-ab15-c8520a99226c
2025-01-03 11:06:38,435 [scmNode-1-EventQueue-OpenPipelineForHealthyPipelineSafeModeRule] INFO  safemode.SCMSafeModeManager (HealthyPipelineSafeModeRule.java:process(140)) - SCM in safe mode. Healthy pipelines reported count is 0, required healthy pipeline reported count is 1
2025-01-03 11:06:38,438 [e1b7d22e-2b77-47e1-b25b-73a9c9105e09-groupManagement] INFO  server.RaftServerConfigKeys (ConfUtils.java:logGet(46)) - raft.server.log.appender.buffer.byte-limit = 33554432 (custom)
2025-01-03 11:06:38,438 [e1b7d22e-2b77-47e1-b25b-73a9c9105e09-groupManagement] INFO  server.RaftServerConfigKeys (ConfUtils.java:logGet(46)) - raft.server.log.unsafe-flush.enabled = false (default)
2025-01-03 11:06:38,438 [e1b7d22e-2b77-47e1-b25b-73a9c9105e09-groupManagement] INFO  server.RaftServerConfigKeys (ConfUtils.java:logGet(46)) - raft.server.log.async-flush.enabled = false (default)
2025-01-03 11:06:38,438 [e1b7d22e-2b77-47e1-b25b-73a9c9105e09-groupManagement] INFO  server.RaftServerConfigKeys (ConfUtils.java:logGet(46)) - raft.server.log.statemachine.data.caching.enabled = true (custom)
2025-01-03 11:06:38,438 [e1b7d22e-2b77-47e1-b25b-73a9c9105e09-groupManagement] INFO  segmented.SegmentedRaftLogWorker (SegmentedRaftLogWorker.java:lambda$new$0(139)) - e1b7d22e-2b77-47e1-b25b-73a9c9105e09@group-C8520A99226C-SegmentedRaftLogWorker: flushIndex: setUnconditionally 0 -> -1
2025-01-03 11:06:38,462 [e1b7d22e-2b77-47e1-b25b-73a9c9105e09-groupManagement] INFO  segmented.SegmentedRaftLogWorker (SegmentedRaftLogWorker.java:lambda$new$0(139)) - e1b7d22e-2b77-47e1-b25b-73a9c9105e09@group-C8520A99226C-SegmentedRaftLogWorker: safeCacheEvictIndex: setUnconditionally 0 -> -1
2025-01-03 11:06:38,462 [e1b7d22e-2b77-47e1-b25b-73a9c9105e09-groupManagement] INFO  server.RaftServer$Division (RaftServerImpl.java:start(391)) - e1b7d22e-2b77-47e1-b25b-73a9c9105e09@group-C8520A99226C: start as a follower, conf=conf: {index: -1, cur=peers:[e1b7d22e-2b77-47e1-b25b-73a9c9105e09|127.0.0.1:15130]|listeners:[], old=null}
2025-01-03 11:06:38,462 [e1b7d22e-2b77-47e1-b25b-73a9c9105e09-groupManagement] INFO  server.RaftServer$Division (RaftServerImpl.java:setRole(378)) - e1b7d22e-2b77-47e1-b25b-73a9c9105e09@group-C8520A99226C: changes role from      null to FOLLOWER at term 0 for startAsFollower
2025-01-03 11:06:38,463 [e1b7d22e-2b77-47e1-b25b-73a9c9105e09-groupManagement] INFO  impl.RoleInfo (RoleInfo.java:updateAndGet(148)) - e1b7d22e-2b77-47e1-b25b-73a9c9105e09: start e1b7d22e-2b77-47e1-b25b-73a9c9105e09@group-C8520A99226C-FollowerState
2025-01-03 11:06:38,463 [e1b7d22e-2b77-47e1-b25b-73a9c9105e09@group-C8520A99226C-FollowerState] INFO  server.RaftServerConfigKeys (ConfUtils.java:logFallback(53)) - raft.server.rpc.first-election.timeout.min = 5s (fallback to raft.server.rpc.timeout.min)
2025-01-03 11:06:38,463 [e1b7d22e-2b77-47e1-b25b-73a9c9105e09@group-C8520A99226C-FollowerState] INFO  server.RaftServerConfigKeys (ConfUtils.java:logFallback(53)) - raft.server.rpc.first-election.timeout.max = 5200ms (fallback to raft.server.rpc.timeout.max)
2025-01-03 11:06:38,463 [e1b7d22e-2b77-47e1-b25b-73a9c9105e09-groupManagement] INFO  util.JmxRegister (JmxRegister.java:tryRegister(44)) - Successfully registered JMX Bean with object name Ratis:service=RaftServer,group=group-C8520A99226C,id=e1b7d22e-2b77-47e1-b25b-73a9c9105e09
2025-01-03 11:06:38,463 [e1b7d22e-2b77-47e1-b25b-73a9c9105e09-groupManagement] INFO  util.JmxRegister (JmxRegister.java:register(58)) - register mxBean class org.apache.ratis.server.impl.RaftServerJmxAdapter as Ratis:service=RaftServer,group=group-C8520A99226C,id=e1b7d22e-2b77-47e1-b25b-73a9c9105e09
2025-01-03 11:06:38,463 [e1b7d22e-2b77-47e1-b25b-73a9c9105e09-groupManagement] INFO  server.RaftServerConfigKeys (ConfUtils.java:logGet(46)) - raft.server.snapshot.trigger-when-stop.enabled = true (default)
2025-01-03 11:06:38,463 [e1b7d22e-2b77-47e1-b25b-73a9c9105e09-groupManagement] INFO  server.RaftServerConfigKeys (ConfUtils.java:logGet(46)) - raft.server.snapshot.trigger-when-remove.enabled = true (default)
2025-01-03 11:06:38,464 [e1b7d22e-2b77-47e1-b25b-73a9c9105e09-groupManagement] INFO  server.RaftServerConfigKeys (ConfUtils.java:logGet(46)) - raft.server.snapshot.auto.trigger.enabled = true (custom)
2025-01-03 11:06:38,464 [e1b7d22e-2b77-47e1-b25b-73a9c9105e09-groupManagement] INFO  server.RaftServerConfigKeys (ConfUtils.java:logGet(46)) - raft.server.snapshot.auto.trigger.threshold = 100000 (custom)
2025-01-03 11:06:38,464 [e1b7d22e-2b77-47e1-b25b-73a9c9105e09-groupManagement] INFO  server.RaftServerConfigKeys (ConfUtils.java:logGet(46)) - raft.server.snapshot.retention.file.num = 5 (custom)
2025-01-03 11:06:38,464 [e1b7d22e-2b77-47e1-b25b-73a9c9105e09-groupManagement] INFO  server.RaftServerConfigKeys (ConfUtils.java:logGet(46)) - raft.server.log.purge.upto.snapshot.index = false (default)
2025-01-03 11:06:38,465 [e1b7d22e-2b77-47e1-b25b-73a9c9105e09-groupManagement] INFO  server.RaftServer$Division (RaftServerImpl.java:start(405)) - e1b7d22e-2b77-47e1-b25b-73a9c9105e09@group-C8520A99226C: Successfully started.
2025-01-03 11:06:38,465 [e1b7d22e-2b77-47e1-b25b-73a9c9105e09-PipelineCommandHandlerThread-0] INFO  ratis.XceiverServerRatis (XceiverServerRatis.java:addGroup(844)) - Created group PipelineID=04d2bb20-c7de-412e-ab15-c8520a99226c
2025-01-03 11:06:38,465 [e1b7d22e-2b77-47e1-b25b-73a9c9105e09-PipelineCommandHandlerThread-0] INFO  commandhandler.CreatePipelineCommandHandler (CreatePipelineCommandHandler.java:lambda$handle$2(129)) - Created Pipeline RATIS ONE PipelineID=04d2bb20-c7de-412e-ab15-c8520a99226c.
2025-01-03 11:06:38,466 [e1b7d22e-2b77-47e1-b25b-73a9c9105e09-PipelineCommandHandlerThread-0] INFO  server.RaftServer (RaftServerProxy.java:addNew(100)) - e1b7d22e-2b77-47e1-b25b-73a9c9105e09: addNew group-1A241C729A68:[64d0bb65-51ab-4184-b53b-4c99ec9daa79|127.0.0.1:15139, e1b7d22e-2b77-47e1-b25b-73a9c9105e09|127.0.0.1:15130, b3aae556-a738-441a-a487-b3abd5c550e9|127.0.0.1:15148] returns group-1A241C729A68:java.util.concurrent.CompletableFuture@3a7d03b3[Not completed]
2025-01-03 11:06:38,469 [e1b7d22e-2b77-47e1-b25b-73a9c9105e09-groupManagement] INFO  server.RaftServer$Division (RaftServerImpl.java:<init>(255)) - e1b7d22e-2b77-47e1-b25b-73a9c9105e09: new RaftServerImpl for group-1A241C729A68:[64d0bb65-51ab-4184-b53b-4c99ec9daa79|127.0.0.1:15139, e1b7d22e-2b77-47e1-b25b-73a9c9105e09|127.0.0.1:15130, b3aae556-a738-441a-a487-b3abd5c550e9|127.0.0.1:15148] with ContainerStateMachine:uninitialized
2025-01-03 11:06:38,469 [e1b7d22e-2b77-47e1-b25b-73a9c9105e09-groupManagement] INFO  server.RaftServerConfigKeys (ConfUtils.java:logGet(46)) - raft.server.rpc.timeout.min = 5s (custom)
2025-01-03 11:06:38,469 [e1b7d22e-2b77-47e1-b25b-73a9c9105e09-groupManagement] INFO  server.RaftServerConfigKeys (ConfUtils.java:logGet(46)) - raft.server.rpc.timeout.max = 5200ms (custom)
2025-01-03 11:06:38,469 [e1b7d22e-2b77-47e1-b25b-73a9c9105e09-groupManagement] INFO  server.RaftServerConfigKeys (ConfUtils.java:logGet(46)) - raft.server.rpc.sleep.time = 25ms (default)
2025-01-03 11:06:38,469 [e1b7d22e-2b77-47e1-b25b-73a9c9105e09-groupManagement] INFO  server.RaftServerConfigKeys (ConfUtils.java:logGet(46)) - raft.server.rpc.slowness.timeout = 300s (custom)
2025-01-03 11:06:38,469 [e1b7d22e-2b77-47e1-b25b-73a9c9105e09-groupManagement] INFO  server.RaftServerConfigKeys (ConfUtils.java:logGet(46)) - raft.server.leaderelection.leader.step-down.wait-time = 10s (default)
2025-01-03 11:06:38,469 [e1b7d22e-2b77-47e1-b25b-73a9c9105e09-groupManagement] INFO  server.RaftServerConfigKeys (ConfUtils.java:logGet(46)) - raft.server.leaderelection.member.majority-add = false (default)
2025-01-03 11:06:38,469 [e1b7d22e-2b77-47e1-b25b-73a9c9105e09-groupManagement] INFO  server.RaftServerConfigKeys (ConfUtils.java:logGet(46)) - raft.server.sleep.deviation.threshold = 300ms (default)
2025-01-03 11:06:38,469 [e1b7d22e-2b77-47e1-b25b-73a9c9105e09-groupManagement] INFO  server.RaftServer$Division (ServerState.java:<init>(114)) - e1b7d22e-2b77-47e1-b25b-73a9c9105e09@group-1A241C729A68: ConfigurationManager, init=conf: {index: -1, cur=peers:[64d0bb65-51ab-4184-b53b-4c99ec9daa79|127.0.0.1:15139, e1b7d22e-2b77-47e1-b25b-73a9c9105e09|127.0.0.1:15130, b3aae556-a738-441a-a487-b3abd5c550e9|127.0.0.1:15148]|listeners:[], old=null}, confs=<EMPTY_MAP>
2025-01-03 11:06:38,469 [e1b7d22e-2b77-47e1-b25b-73a9c9105e09-groupManagement] INFO  server.RaftServerConfigKeys (ConfUtils.java:logGet(46)) - raft.server.notification.no-leader.timeout = 300s (custom)
2025-01-03 11:06:38,469 [e1b7d22e-2b77-47e1-b25b-73a9c9105e09-groupManagement] INFO  server.RaftServerConfigKeys (ConfUtils.java:logGet(46)) - raft.server.read.timeout = 10s (default)
2025-01-03 11:06:38,470 [e1b7d22e-2b77-47e1-b25b-73a9c9105e09-groupManagement] INFO  server.RaftServerConfigKeys (ConfUtils.java:logGet(46)) - raft.server.retrycache.expirytime = 600000ms (custom)
2025-01-03 11:06:38,470 [e1b7d22e-2b77-47e1-b25b-73a9c9105e09-groupManagement] INFO  server.RaftServerConfigKeys (ConfUtils.java:logGet(46)) - raft.server.retrycache.statistics.expirytime = 100ms (default)
2025-01-03 11:06:38,470 [e1b7d22e-2b77-47e1-b25b-73a9c9105e09-groupManagement] INFO  server.RaftServerConfigKeys (ConfUtils.java:logGet(46)) - raft.server.read.option = DEFAULT (default)
2025-01-03 11:06:38,470 [e1b7d22e-2b77-47e1-b25b-73a9c9105e09-groupManagement] INFO  server.RaftServerConfigKeys (ConfUtils.java:logGet(46)) - raft.server.read.read-after-write-consistent.write-index-cache.expiry-time = 60s (default)
2025-01-03 11:06:38,473 [e1b7d22e-2b77-47e1-b25b-73a9c9105e09-groupManagement] INFO  server.RaftServerConfigKeys (ConfUtils.java:logGet(46)) - raft.server.rpc.request.timeout = 60s (custom)
2025-01-03 11:06:38,473 [e1b7d22e-2b77-47e1-b25b-73a9c9105e09-groupManagement] INFO  server.RaftServerConfigKeys (ConfUtils.java:logGet(46)) - raft.server.log.appender.install.snapshot.enabled = false (custom)
2025-01-03 11:06:38,473 [e1b7d22e-2b77-47e1-b25b-73a9c9105e09-groupManagement] INFO  server.RaftServerConfigKeys (ConfUtils.java:logGet(46)) - raft.server.threadpool.server.cached = true (default)
2025-01-03 11:06:38,473 [e1b7d22e-2b77-47e1-b25b-73a9c9105e09-groupManagement] INFO  server.RaftServerConfigKeys (ConfUtils.java:logGet(46)) - raft.server.threadpool.server.size = 0 (default)
2025-01-03 11:06:38,473 [e1b7d22e-2b77-47e1-b25b-73a9c9105e09-groupManagement] INFO  server.RaftServerConfigKeys (ConfUtils.java:logGet(46)) - raft.server.threadpool.client.cached = true (default)
2025-01-03 11:06:38,473 [e1b7d22e-2b77-47e1-b25b-73a9c9105e09-groupManagement] INFO  server.RaftServerConfigKeys (ConfUtils.java:logGet(46)) - raft.server.threadpool.client.size = 0 (default)
2025-01-03 11:06:38,473 [e1b7d22e-2b77-47e1-b25b-73a9c9105e09-groupManagement] INFO  server.RaftServerConfigKeys (ConfUtils.java:logGet(46)) - raft.server.storage.free-space.min = 0MB (=0) (default)
2025-01-03 11:06:38,474 [e1b7d22e-2b77-47e1-b25b-73a9c9105e09-groupManagement] INFO  server.RaftServerConfigKeys (ConfUtils.java:logGet(46)) - raft.server.log.corruption.policy = EXCEPTION (default)
2025-01-03 11:06:38,474 [e1b7d22e-2b77-47e1-b25b-73a9c9105e09-groupManagement] INFO  server.RaftServerConfigKeys (ConfUtils.java:logGet(46)) - raft.server.storage.dir = [/home/runner/work/ozone/ozone/hadoop-ozone/integration-test/target/test-dir/MiniOzoneClusterImpl-3f159d52-719f-49ad-b6d4-3e7f01cb1845/ozone-meta/datanode-1/ratis] (custom)
2025-01-03 11:06:38,474 [e1b7d22e-2b77-47e1-b25b-73a9c9105e09-groupManagement] INFO  storage.RaftStorageDirectory (RaftStorageDirectoryImpl.java:analyzeStorage(138)) - The storage directory /home/runner/work/ozone/ozone/hadoop-ozone/integration-test/target/test-dir/MiniOzoneClusterImpl-3f159d52-719f-49ad-b6d4-3e7f01cb1845/ozone-meta/datanode-1/ratis/f4d05e04-8c97-4111-b48d-1a241c729a68 does not exist. Creating ...
2025-01-03 11:06:38,476 [e1b7d22e-2b77-47e1-b25b-73a9c9105e09-groupManagement] INFO  storage.RaftStorageDirectory (RaftStorageDirectoryImpl.java:tryLock(229)) - Lock on /home/runner/work/ozone/ozone/hadoop-ozone/integration-test/target/test-dir/MiniOzoneClusterImpl-3f159d52-719f-49ad-b6d4-3e7f01cb1845/ozone-meta/datanode-1/ratis/f4d05e04-8c97-4111-b48d-1a241c729a68/in_use.lock acquired by nodename 70552@fv-az1204-267
2025-01-03 11:06:38,478 [e1b7d22e-2b77-47e1-b25b-73a9c9105e09-groupManagement] INFO  storage.RaftStorage (RaftStorageImpl.java:format(98)) - Storage directory /home/runner/work/ozone/ozone/hadoop-ozone/integration-test/target/test-dir/MiniOzoneClusterImpl-3f159d52-719f-49ad-b6d4-3e7f01cb1845/ozone-meta/datanode-1/ratis/f4d05e04-8c97-4111-b48d-1a241c729a68 has been successfully formatted.
2025-01-03 11:06:38,478 [e1b7d22e-2b77-47e1-b25b-73a9c9105e09-groupManagement] INFO  ratis.ContainerStateMachine (ContainerStateMachine.java:initialize(302)) - e1b7d22e-2b77-47e1-b25b-73a9c9105e09: initialize group-1A241C729A68
2025-01-03 11:06:38,478 [e1b7d22e-2b77-47e1-b25b-73a9c9105e09-groupManagement] INFO  ratis.ContainerStateMachine (ContainerStateMachine.java:loadSnapshot(310)) - group-1A241C729A68: The snapshot info is null. Setting the last applied index to:(t:0, i:~)
2025-01-03 11:06:38,478 [e1b7d22e-2b77-47e1-b25b-73a9c9105e09-groupManagement] INFO  server.RaftServerConfigKeys (ConfUtils.java:logGet(46)) - raft.server.log.use.memory = false (default)
2025-01-03 11:06:38,479 [e1b7d22e-2b77-47e1-b25b-73a9c9105e09-groupManagement] INFO  server.RaftServerConfigKeys (ConfUtils.java:logGet(46)) - raft.server.log.purge.gap = 1000000 (custom)
2025-01-03 11:06:38,480 [e1b7d22e-2b77-47e1-b25b-73a9c9105e09-groupManagement] INFO  server.RaftServerConfigKeys (ConfUtils.java:logGet(46)) - raft.server.log.appender.buffer.byte-limit = 33554432 (custom)
2025-01-03 11:06:38,480 [e1b7d22e-2b77-47e1-b25b-73a9c9105e09-groupManagement] INFO  server.RaftServerConfigKeys (ConfUtils.java:logGet(46)) - raft.server.log.statemachine.data.read.timeout = 1000ms (default)
2025-01-03 11:06:38,480 [e1b7d22e-2b77-47e1-b25b-73a9c9105e09-groupManagement] INFO  server.RaftServerConfigKeys (ConfUtils.java:logGet(46)) - raft.server.log.purge.preservation.log.num = 0 (default)
2025-01-03 11:06:38,481 [e1b7d22e-2b77-47e1-b25b-73a9c9105e09-groupManagement] INFO  server.RaftServerConfigKeys (ConfUtils.java:logGet(46)) - raft.server.log.segment.size.max = 67108864 (custom)
2025-01-03 11:06:38,482 [scmNode-1-EventQueue-OpenPipelineForHealthyPipelineSafeModeRule] INFO  safemode.SCMSafeModeManager (HealthyPipelineSafeModeRule.java:process(140)) - SCM in safe mode. Healthy pipelines reported count is 0, required healthy pipeline reported count is 1
2025-01-03 11:06:38,482 [e1b7d22e-2b77-47e1-b25b-73a9c9105e09-groupManagement] INFO  server.RaftServerConfigKeys (ConfUtils.java:logGet(46)) - raft.server.log.segment.cache.num.max = 2 (custom)
2025-01-03 11:06:38,482 [e1b7d22e-2b77-47e1-b25b-73a9c9105e09-groupManagement] INFO  server.RaftServerConfigKeys (ConfUtils.java:logGet(46)) - raft.server.log.segment.cache.size.max = 200MB (=209715200) (default)
2025-01-03 11:06:38,482 [e1b7d22e-2b77-47e1-b25b-73a9c9105e09-groupManagement] INFO  server.RaftServerConfigKeys (ConfUtils.java:logGet(46)) - raft.server.log.appender.buffer.byte-limit = 33554432 (custom)
2025-01-03 11:06:38,484 [e1b7d22e-2b77-47e1-b25b-73a9c9105e09-groupManagement] INFO  util.AwaitToRun (AwaitToRun.java:start(81)) - Thread[#3601,e1b7d22e-2b77-47e1-b25b-73a9c9105e09@group-1A241C729A68-cacheEviction-AwaitToRun,5,main] started
2025-01-03 11:06:38,484 [e1b7d22e-2b77-47e1-b25b-73a9c9105e09-groupManagement] INFO  segmented.SegmentedRaftLogWorker (SegmentedRaftLogWorker.java:<init>(188)) - new e1b7d22e-2b77-47e1-b25b-73a9c9105e09@group-1A241C729A68-SegmentedRaftLogWorker for RaftStorageImpl:Storage Directory /home/runner/work/ozone/ozone/hadoop-ozone/integration-test/target/test-dir/MiniOzoneClusterImpl-3f159d52-719f-49ad-b6d4-3e7f01cb1845/ozone-meta/datanode-1/ratis/f4d05e04-8c97-4111-b48d-1a241c729a68
2025-01-03 11:06:38,484 [e1b7d22e-2b77-47e1-b25b-73a9c9105e09-groupManagement] INFO  server.RaftServerConfigKeys (ConfUtils.java:logGet(46)) - raft.server.log.queue.byte-limit = 4294967296 (custom)
2025-01-03 11:06:38,484 [e1b7d22e-2b77-47e1-b25b-73a9c9105e09-groupManagement] INFO  server.RaftServerConfigKeys (ConfUtils.java:logGet(46)) - raft.server.log.queue.element-limit = 1024 (custom)
2025-01-03 11:06:38,484 [e1b7d22e-2b77-47e1-b25b-73a9c9105e09-groupManagement] INFO  server.RaftServerConfigKeys (ConfUtils.java:logGet(46)) - raft.server.log.segment.size.max = 67108864 (custom)
2025-01-03 11:06:38,485 [e1b7d22e-2b77-47e1-b25b-73a9c9105e09-groupManagement] INFO  server.RaftServerConfigKeys (ConfUtils.java:logGet(46)) - raft.server.log.preallocated.size = 4194304 (custom)
2025-01-03 11:06:38,485 [e1b7d22e-2b77-47e1-b25b-73a9c9105e09-groupManagement] INFO  server.RaftServerConfigKeys (ConfUtils.java:logGet(46)) - raft.server.log.force.sync.num = 128 (default)
2025-01-03 11:06:38,485 [e1b7d22e-2b77-47e1-b25b-73a9c9105e09-groupManagement] INFO  server.RaftServerConfigKeys (ConfUtils.java:logGet(46)) - raft.server.log.statemachine.data.sync = true (default)
2025-01-03 11:06:38,485 [e1b7d22e-2b77-47e1-b25b-73a9c9105e09-groupManagement] INFO  server.RaftServerConfigKeys (ConfUtils.java:logGet(46)) - raft.server.log.statemachine.data.sync.timeout = 10s (default)
2025-01-03 11:06:38,485 [e1b7d22e-2b77-47e1-b25b-73a9c9105e09-groupManagement] INFO  server.RaftServerConfigKeys (ConfUtils.java:logGet(46)) - raft.server.log.statemachine.data.sync.timeout.retry = 30 (custom)
2025-01-03 11:06:38,485 [e1b7d22e-2b77-47e1-b25b-73a9c9105e09-groupManagement] INFO  server.RaftServerConfigKeys (ConfUtils.java:logGet(46)) - raft.server.log.write.buffer.size = 33554440 (custom)
2025-01-03 11:06:38,490 [e1b7d22e-2b77-47e1-b25b-73a9c9105e09-groupManagement] INFO  server.RaftServerConfigKeys (ConfUtils.java:logGet(46)) - raft.server.log.appender.buffer.byte-limit = 33554432 (custom)
2025-01-03 11:06:38,491 [e1b7d22e-2b77-47e1-b25b-73a9c9105e09-groupManagement] INFO  server.RaftServerConfigKeys (ConfUtils.java:logGet(46)) - raft.server.log.unsafe-flush.enabled = false (default)
2025-01-03 11:06:38,491 [e1b7d22e-2b77-47e1-b25b-73a9c9105e09-groupManagement] INFO  server.RaftServerConfigKeys (ConfUtils.java:logGet(46)) - raft.server.log.async-flush.enabled = false (default)
2025-01-03 11:06:38,491 [e1b7d22e-2b77-47e1-b25b-73a9c9105e09-groupManagement] INFO  server.RaftServerConfigKeys (ConfUtils.java:logGet(46)) - raft.server.log.statemachine.data.caching.enabled = true (custom)
2025-01-03 11:06:38,491 [e1b7d22e-2b77-47e1-b25b-73a9c9105e09-groupManagement] INFO  segmented.SegmentedRaftLogWorker (SegmentedRaftLogWorker.java:lambda$new$0(139)) - e1b7d22e-2b77-47e1-b25b-73a9c9105e09@group-1A241C729A68-SegmentedRaftLogWorker: flushIndex: setUnconditionally 0 -> -1
2025-01-03 11:06:38,491 [e1b7d22e-2b77-47e1-b25b-73a9c9105e09-groupManagement] INFO  segmented.SegmentedRaftLogWorker (SegmentedRaftLogWorker.java:lambda$new$0(139)) - e1b7d22e-2b77-47e1-b25b-73a9c9105e09@group-1A241C729A68-SegmentedRaftLogWorker: safeCacheEvictIndex: setUnconditionally 0 -> -1
2025-01-03 11:06:38,491 [e1b7d22e-2b77-47e1-b25b-73a9c9105e09-groupManagement] INFO  server.RaftServer$Division (RaftServerImpl.java:start(391)) - e1b7d22e-2b77-47e1-b25b-73a9c9105e09@group-1A241C729A68: start as a follower, conf=conf: {index: -1, cur=peers:[64d0bb65-51ab-4184-b53b-4c99ec9daa79|127.0.0.1:15139, e1b7d22e-2b77-47e1-b25b-73a9c9105e09|127.0.0.1:15130, b3aae556-a738-441a-a487-b3abd5c550e9|127.0.0.1:15148]|listeners:[], old=null}
2025-01-03 11:06:38,491 [e1b7d22e-2b77-47e1-b25b-73a9c9105e09-groupManagement] INFO  server.RaftServer$Division (RaftServerImpl.java:setRole(378)) - e1b7d22e-2b77-47e1-b25b-73a9c9105e09@group-1A241C729A68: changes role from      null to FOLLOWER at term 0 for startAsFollower
2025-01-03 11:06:38,491 [e1b7d22e-2b77-47e1-b25b-73a9c9105e09-groupManagement] INFO  impl.RoleInfo (RoleInfo.java:updateAndGet(148)) - e1b7d22e-2b77-47e1-b25b-73a9c9105e09: start e1b7d22e-2b77-47e1-b25b-73a9c9105e09@group-1A241C729A68-FollowerState
2025-01-03 11:06:38,492 [e1b7d22e-2b77-47e1-b25b-73a9c9105e09@group-1A241C729A68-FollowerState] INFO  server.RaftServerConfigKeys (ConfUtils.java:logFallback(53)) - raft.server.rpc.first-election.timeout.min = 5s (fallback to raft.server.rpc.timeout.min)
2025-01-03 11:06:38,492 [e1b7d22e-2b77-47e1-b25b-73a9c9105e09-groupManagement] INFO  util.JmxRegister (JmxRegister.java:tryRegister(44)) - Successfully registered JMX Bean with object name Ratis:service=RaftServer,group=group-1A241C729A68,id=e1b7d22e-2b77-47e1-b25b-73a9c9105e09
2025-01-03 11:06:38,492 [e1b7d22e-2b77-47e1-b25b-73a9c9105e09-groupManagement] INFO  util.JmxRegister (JmxRegister.java:register(58)) - register mxBean class org.apache.ratis.server.impl.RaftServerJmxAdapter as Ratis:service=RaftServer,group=group-1A241C729A68,id=e1b7d22e-2b77-47e1-b25b-73a9c9105e09
2025-01-03 11:06:38,492 [e1b7d22e-2b77-47e1-b25b-73a9c9105e09@group-1A241C729A68-FollowerState] INFO  server.RaftServerConfigKeys (ConfUtils.java:logFallback(53)) - raft.server.rpc.first-election.timeout.max = 5200ms (fallback to raft.server.rpc.timeout.max)
2025-01-03 11:06:38,492 [e1b7d22e-2b77-47e1-b25b-73a9c9105e09-groupManagement] INFO  server.RaftServerConfigKeys (ConfUtils.java:logGet(46)) - raft.server.snapshot.trigger-when-stop.enabled = true (default)
2025-01-03 11:06:38,492 [e1b7d22e-2b77-47e1-b25b-73a9c9105e09-groupManagement] INFO  server.RaftServerConfigKeys (ConfUtils.java:logGet(46)) - raft.server.snapshot.trigger-when-remove.enabled = true (default)
2025-01-03 11:06:38,492 [e1b7d22e-2b77-47e1-b25b-73a9c9105e09-groupManagement] INFO  server.RaftServerConfigKeys (ConfUtils.java:logGet(46)) - raft.server.snapshot.auto.trigger.enabled = true (custom)
2025-01-03 11:06:38,493 [e1b7d22e-2b77-47e1-b25b-73a9c9105e09-groupManagement] INFO  server.RaftServerConfigKeys (ConfUtils.java:logGet(46)) - raft.server.snapshot.auto.trigger.threshold = 100000 (custom)
2025-01-03 11:06:38,493 [e1b7d22e-2b77-47e1-b25b-73a9c9105e09-groupManagement] INFO  server.RaftServerConfigKeys (ConfUtils.java:logGet(46)) - raft.server.snapshot.retention.file.num = 5 (custom)
2025-01-03 11:06:38,493 [e1b7d22e-2b77-47e1-b25b-73a9c9105e09-groupManagement] INFO  server.RaftServerConfigKeys (ConfUtils.java:logGet(46)) - raft.server.log.purge.upto.snapshot.index = false (default)
2025-01-03 11:06:38,493 [e1b7d22e-2b77-47e1-b25b-73a9c9105e09-groupManagement] INFO  server.RaftServer$Division (RaftServerImpl.java:start(405)) - e1b7d22e-2b77-47e1-b25b-73a9c9105e09@group-1A241C729A68: Successfully started.
2025-01-03 11:06:38,493 [e1b7d22e-2b77-47e1-b25b-73a9c9105e09-PipelineCommandHandlerThread-0] INFO  ratis.XceiverServerRatis (XceiverServerRatis.java:addGroup(844)) - Created group PipelineID=f4d05e04-8c97-4111-b48d-1a241c729a68
2025-01-03 11:06:38,501 [grpc-default-executor-3] INFO  server.RaftServer (RaftServerProxy.java:addNew(100)) - 64d0bb65-51ab-4184-b53b-4c99ec9daa79: addNew group-1A241C729A68:[64d0bb65-51ab-4184-b53b-4c99ec9daa79|127.0.0.1:15139, e1b7d22e-2b77-47e1-b25b-73a9c9105e09|127.0.0.1:15130, b3aae556-a738-441a-a487-b3abd5c550e9|127.0.0.1:15148] returns group-1A241C729A68:java.util.concurrent.CompletableFuture@6f026aff[Not completed]
2025-01-03 11:06:38,503 [64d0bb65-51ab-4184-b53b-4c99ec9daa79-groupManagement] INFO  server.RaftServer$Division (RaftServerImpl.java:<init>(255)) - 64d0bb65-51ab-4184-b53b-4c99ec9daa79: new RaftServerImpl for group-1A241C729A68:[64d0bb65-51ab-4184-b53b-4c99ec9daa79|127.0.0.1:15139, e1b7d22e-2b77-47e1-b25b-73a9c9105e09|127.0.0.1:15130, b3aae556-a738-441a-a487-b3abd5c550e9|127.0.0.1:15148] with ContainerStateMachine:uninitialized
2025-01-03 11:06:38,503 [64d0bb65-51ab-4184-b53b-4c99ec9daa79-groupManagement] INFO  server.RaftServerConfigKeys (ConfUtils.java:logGet(46)) - raft.server.rpc.timeout.min = 5s (custom)
2025-01-03 11:06:38,503 [64d0bb65-51ab-4184-b53b-4c99ec9daa79-groupManagement] INFO  server.RaftServerConfigKeys (ConfUtils.java:logGet(46)) - raft.server.rpc.timeout.max = 5200ms (custom)
2025-01-03 11:06:38,503 [64d0bb65-51ab-4184-b53b-4c99ec9daa79-groupManagement] INFO  server.RaftServerConfigKeys (ConfUtils.java:logGet(46)) - raft.server.rpc.sleep.time = 25ms (default)
2025-01-03 11:06:38,503 [64d0bb65-51ab-4184-b53b-4c99ec9daa79-groupManagement] INFO  server.RaftServerConfigKeys (ConfUtils.java:logGet(46)) - raft.server.rpc.slowness.timeout = 300s (custom)
2025-01-03 11:06:38,503 [64d0bb65-51ab-4184-b53b-4c99ec9daa79-groupManagement] INFO  server.RaftServerConfigKeys (ConfUtils.java:logGet(46)) - raft.server.leaderelection.leader.step-down.wait-time = 10s (default)
2025-01-03 11:06:38,503 [64d0bb65-51ab-4184-b53b-4c99ec9daa79-groupManagement] INFO  server.RaftServerConfigKeys (ConfUtils.java:logGet(46)) - raft.server.leaderelection.member.majority-add = false (default)
2025-01-03 11:06:38,503 [64d0bb65-51ab-4184-b53b-4c99ec9daa79-groupManagement] INFO  server.RaftServerConfigKeys (ConfUtils.java:logGet(46)) - raft.server.sleep.deviation.threshold = 300ms (default)
2025-01-03 11:06:38,503 [64d0bb65-51ab-4184-b53b-4c99ec9daa79-groupManagement] INFO  server.RaftServer$Division (ServerState.java:<init>(114)) - 64d0bb65-51ab-4184-b53b-4c99ec9daa79@group-1A241C729A68: ConfigurationManager, init=conf: {index: -1, cur=peers:[64d0bb65-51ab-4184-b53b-4c99ec9daa79|127.0.0.1:15139, e1b7d22e-2b77-47e1-b25b-73a9c9105e09|127.0.0.1:15130, b3aae556-a738-441a-a487-b3abd5c550e9|127.0.0.1:15148]|listeners:[], old=null}, confs=<EMPTY_MAP>
2025-01-03 11:06:38,504 [64d0bb65-51ab-4184-b53b-4c99ec9daa79-groupManagement] INFO  server.RaftServerConfigKeys (ConfUtils.java:logGet(46)) - raft.server.notification.no-leader.timeout = 300s (custom)
2025-01-03 11:06:38,504 [64d0bb65-51ab-4184-b53b-4c99ec9daa79-groupManagement] INFO  server.RaftServerConfigKeys (ConfUtils.java:logGet(46)) - raft.server.read.timeout = 10s (default)
2025-01-03 11:06:38,504 [64d0bb65-51ab-4184-b53b-4c99ec9daa79-groupManagement] INFO  server.RaftServerConfigKeys (ConfUtils.java:logGet(46)) - raft.server.retrycache.expirytime = 600000ms (custom)
2025-01-03 11:06:38,504 [64d0bb65-51ab-4184-b53b-4c99ec9daa79-groupManagement] INFO  server.RaftServerConfigKeys (ConfUtils.java:logGet(46)) - raft.server.retrycache.statistics.expirytime = 100ms (default)
2025-01-03 11:06:38,504 [64d0bb65-51ab-4184-b53b-4c99ec9daa79-groupManagement] INFO  server.RaftServerConfigKeys (ConfUtils.java:logGet(46)) - raft.server.read.option = DEFAULT (default)
2025-01-03 11:06:38,504 [64d0bb65-51ab-4184-b53b-4c99ec9daa79-groupManagement] INFO  server.RaftServerConfigKeys (ConfUtils.java:logGet(46)) - raft.server.read.read-after-write-consistent.write-index-cache.expiry-time = 60s (default)
2025-01-03 11:06:38,509 [64d0bb65-51ab-4184-b53b-4c99ec9daa79-groupManagement] INFO  server.RaftServerConfigKeys (ConfUtils.java:logGet(46)) - raft.server.rpc.request.timeout = 60s (custom)
2025-01-03 11:06:38,509 [64d0bb65-51ab-4184-b53b-4c99ec9daa79-groupManagement] INFO  server.RaftServerConfigKeys (ConfUtils.java:logGet(46)) - raft.server.log.appender.install.snapshot.enabled = false (custom)
2025-01-03 11:06:38,509 [64d0bb65-51ab-4184-b53b-4c99ec9daa79-groupManagement] INFO  server.RaftServerConfigKeys (ConfUtils.java:logGet(46)) - raft.server.threadpool.server.cached = true (default)
2025-01-03 11:06:38,509 [64d0bb65-51ab-4184-b53b-4c99ec9daa79-groupManagement] INFO  server.RaftServerConfigKeys (ConfUtils.java:logGet(46)) - raft.server.threadpool.server.size = 0 (default)
2025-01-03 11:06:38,510 [64d0bb65-51ab-4184-b53b-4c99ec9daa79-groupManagement] INFO  server.RaftServerConfigKeys (ConfUtils.java:logGet(46)) - raft.server.threadpool.client.cached = true (default)
2025-01-03 11:06:38,510 [64d0bb65-51ab-4184-b53b-4c99ec9daa79-groupManagement] INFO  server.RaftServerConfigKeys (ConfUtils.java:logGet(46)) - raft.server.threadpool.client.size = 0 (default)
2025-01-03 11:06:38,510 [64d0bb65-51ab-4184-b53b-4c99ec9daa79-groupManagement] INFO  server.RaftServerConfigKeys (ConfUtils.java:logGet(46)) - raft.server.storage.free-space.min = 0MB (=0) (default)
2025-01-03 11:06:38,511 [64d0bb65-51ab-4184-b53b-4c99ec9daa79-groupManagement] INFO  server.RaftServerConfigKeys (ConfUtils.java:logGet(46)) - raft.server.log.corruption.policy = EXCEPTION (default)
2025-01-03 11:06:38,511 [64d0bb65-51ab-4184-b53b-4c99ec9daa79-groupManagement] INFO  server.RaftServerConfigKeys (ConfUtils.java:logGet(46)) - raft.server.storage.dir = [/home/runner/work/ozone/ozone/hadoop-ozone/integration-test/target/test-dir/MiniOzoneClusterImpl-3f159d52-719f-49ad-b6d4-3e7f01cb1845/ozone-meta/datanode-2/ratis] (custom)
2025-01-03 11:06:38,511 [64d0bb65-51ab-4184-b53b-4c99ec9daa79-groupManagement] INFO  storage.RaftStorageDirectory (RaftStorageDirectoryImpl.java:analyzeStorage(138)) - The storage directory /home/runner/work/ozone/ozone/hadoop-ozone/integration-test/target/test-dir/MiniOzoneClusterImpl-3f159d52-719f-49ad-b6d4-3e7f01cb1845/ozone-meta/datanode-2/ratis/f4d05e04-8c97-4111-b48d-1a241c729a68 does not exist. Creating ...
2025-01-03 11:06:38,513 [64d0bb65-51ab-4184-b53b-4c99ec9daa79-groupManagement] INFO  storage.RaftStorageDirectory (RaftStorageDirectoryImpl.java:tryLock(229)) - Lock on /home/runner/work/ozone/ozone/hadoop-ozone/integration-test/target/test-dir/MiniOzoneClusterImpl-3f159d52-719f-49ad-b6d4-3e7f01cb1845/ozone-meta/datanode-2/ratis/f4d05e04-8c97-4111-b48d-1a241c729a68/in_use.lock acquired by nodename 70552@fv-az1204-267
2025-01-03 11:06:38,514 [64d0bb65-51ab-4184-b53b-4c99ec9daa79-groupManagement] INFO  storage.RaftStorage (RaftStorageImpl.java:format(98)) - Storage directory /home/runner/work/ozone/ozone/hadoop-ozone/integration-test/target/test-dir/MiniOzoneClusterImpl-3f159d52-719f-49ad-b6d4-3e7f01cb1845/ozone-meta/datanode-2/ratis/f4d05e04-8c97-4111-b48d-1a241c729a68 has been successfully formatted.
2025-01-03 11:06:38,515 [64d0bb65-51ab-4184-b53b-4c99ec9daa79-groupManagement] INFO  ratis.ContainerStateMachine (ContainerStateMachine.java:initialize(302)) - 64d0bb65-51ab-4184-b53b-4c99ec9daa79: initialize group-1A241C729A68
2025-01-03 11:06:38,515 [64d0bb65-51ab-4184-b53b-4c99ec9daa79-groupManagement] INFO  ratis.ContainerStateMachine (ContainerStateMachine.java:loadSnapshot(310)) - group-1A241C729A68: The snapshot info is null. Setting the last applied index to:(t:0, i:~)
2025-01-03 11:06:38,515 [64d0bb65-51ab-4184-b53b-4c99ec9daa79-groupManagement] INFO  server.RaftServerConfigKeys (ConfUtils.java:logGet(46)) - raft.server.log.use.memory = false (default)
2025-01-03 11:06:38,516 [64d0bb65-51ab-4184-b53b-4c99ec9daa79-groupManagement] INFO  server.RaftServerConfigKeys (ConfUtils.java:logGet(46)) - raft.server.log.purge.gap = 1000000 (custom)
2025-01-03 11:06:38,516 [64d0bb65-51ab-4184-b53b-4c99ec9daa79-groupManagement] INFO  server.RaftServerConfigKeys (ConfUtils.java:logGet(46)) - raft.server.log.appender.buffer.byte-limit = 33554432 (custom)
2025-01-03 11:06:38,517 [64d0bb65-51ab-4184-b53b-4c99ec9daa79-groupManagement] INFO  server.RaftServerConfigKeys (ConfUtils.java:logGet(46)) - raft.server.log.statemachine.data.read.timeout = 1000ms (default)
2025-01-03 11:06:38,517 [64d0bb65-51ab-4184-b53b-4c99ec9daa79-groupManagement] INFO  server.RaftServerConfigKeys (ConfUtils.java:logGet(46)) - raft.server.log.purge.preservation.log.num = 0 (default)
2025-01-03 11:06:38,519 [64d0bb65-51ab-4184-b53b-4c99ec9daa79-groupManagement] INFO  server.RaftServerConfigKeys (ConfUtils.java:logGet(46)) - raft.server.log.segment.size.max = 67108864 (custom)
2025-01-03 11:06:38,519 [64d0bb65-51ab-4184-b53b-4c99ec9daa79-groupManagement] INFO  server.RaftServerConfigKeys (ConfUtils.java:logGet(46)) - raft.server.log.segment.cache.num.max = 2 (custom)
2025-01-03 11:06:38,520 [64d0bb65-51ab-4184-b53b-4c99ec9daa79-groupManagement] INFO  server.RaftServerConfigKeys (ConfUtils.java:logGet(46)) - raft.server.log.segment.cache.size.max = 200MB (=209715200) (default)
2025-01-03 11:06:38,520 [64d0bb65-51ab-4184-b53b-4c99ec9daa79-groupManagement] INFO  server.RaftServerConfigKeys (ConfUtils.java:logGet(46)) - raft.server.log.appender.buffer.byte-limit = 33554432 (custom)
2025-01-03 11:06:38,521 [64d0bb65-51ab-4184-b53b-4c99ec9daa79-groupManagement] INFO  util.AwaitToRun (AwaitToRun.java:start(81)) - Thread[#3606,64d0bb65-51ab-4184-b53b-4c99ec9daa79@group-1A241C729A68-cacheEviction-AwaitToRun,5,main] started
2025-01-03 11:06:38,521 [64d0bb65-51ab-4184-b53b-4c99ec9daa79-groupManagement] INFO  segmented.SegmentedRaftLogWorker (SegmentedRaftLogWorker.java:<init>(188)) - new 64d0bb65-51ab-4184-b53b-4c99ec9daa79@group-1A241C729A68-SegmentedRaftLogWorker for RaftStorageImpl:Storage Directory /home/runner/work/ozone/ozone/hadoop-ozone/integration-test/target/test-dir/MiniOzoneClusterImpl-3f159d52-719f-49ad-b6d4-3e7f01cb1845/ozone-meta/datanode-2/ratis/f4d05e04-8c97-4111-b48d-1a241c729a68
2025-01-03 11:06:38,521 [64d0bb65-51ab-4184-b53b-4c99ec9daa79-groupManagement] INFO  server.RaftServerConfigKeys (ConfUtils.java:logGet(46)) - raft.server.log.queue.byte-limit = 4294967296 (custom)
2025-01-03 11:06:38,521 [64d0bb65-51ab-4184-b53b-4c99ec9daa79-groupManagement] INFO  server.RaftServerConfigKeys (ConfUtils.java:logGet(46)) - raft.server.log.queue.element-limit = 1024 (custom)
2025-01-03 11:06:38,522 [64d0bb65-51ab-4184-b53b-4c99ec9daa79-groupManagement] INFO  server.RaftServerConfigKeys (ConfUtils.java:logGet(46)) - raft.server.log.segment.size.max = 67108864 (custom)
2025-01-03 11:06:38,522 [64d0bb65-51ab-4184-b53b-4c99ec9daa79-groupManagement] INFO  server.RaftServerConfigKeys (ConfUtils.java:logGet(46)) - raft.server.log.preallocated.size = 4194304 (custom)
2025-01-03 11:06:38,522 [64d0bb65-51ab-4184-b53b-4c99ec9daa79-groupManagement] INFO  server.RaftServerConfigKeys (ConfUtils.java:logGet(46)) - raft.server.log.force.sync.num = 128 (default)
2025-01-03 11:06:38,522 [64d0bb65-51ab-4184-b53b-4c99ec9daa79-groupManagement] INFO  server.RaftServerConfigKeys (ConfUtils.java:logGet(46)) - raft.server.log.statemachine.data.sync = true (default)
2025-01-03 11:06:38,522 [64d0bb65-51ab-4184-b53b-4c99ec9daa79-groupManagement] INFO  server.RaftServerConfigKeys (ConfUtils.java:logGet(46)) - raft.server.log.statemachine.data.sync.timeout = 10s (default)
2025-01-03 11:06:38,523 [64d0bb65-51ab-4184-b53b-4c99ec9daa79-groupManagement] INFO  server.RaftServerConfigKeys (ConfUtils.java:logGet(46)) - raft.server.log.statemachine.data.sync.timeout.retry = 30 (custom)
2025-01-03 11:06:38,523 [64d0bb65-51ab-4184-b53b-4c99ec9daa79-groupManagement] INFO  server.RaftServerConfigKeys (ConfUtils.java:logGet(46)) - raft.server.log.write.buffer.size = 33554440 (custom)
2025-01-03 11:06:38,528 [64d0bb65-51ab-4184-b53b-4c99ec9daa79-groupManagement] INFO  server.RaftServerConfigKeys (ConfUtils.java:logGet(46)) - raft.server.log.appender.buffer.byte-limit = 33554432 (custom)
2025-01-03 11:06:38,529 [64d0bb65-51ab-4184-b53b-4c99ec9daa79-groupManagement] INFO  server.RaftServerConfigKeys (ConfUtils.java:logGet(46)) - raft.server.log.unsafe-flush.enabled = false (default)
2025-01-03 11:06:38,529 [64d0bb65-51ab-4184-b53b-4c99ec9daa79-groupManagement] INFO  server.RaftServerConfigKeys (ConfUtils.java:logGet(46)) - raft.server.log.async-flush.enabled = false (default)
2025-01-03 11:06:38,529 [64d0bb65-51ab-4184-b53b-4c99ec9daa79-groupManagement] INFO  server.RaftServerConfigKeys (ConfUtils.java:logGet(46)) - raft.server.log.statemachine.data.caching.enabled = true (custom)
2025-01-03 11:06:38,529 [64d0bb65-51ab-4184-b53b-4c99ec9daa79-groupManagement] INFO  segmented.SegmentedRaftLogWorker (SegmentedRaftLogWorker.java:lambda$new$0(139)) - 64d0bb65-51ab-4184-b53b-4c99ec9daa79@group-1A241C729A68-SegmentedRaftLogWorker: flushIndex: setUnconditionally 0 -> -1
2025-01-03 11:06:38,529 [64d0bb65-51ab-4184-b53b-4c99ec9daa79-groupManagement] INFO  segmented.SegmentedRaftLogWorker (SegmentedRaftLogWorker.java:lambda$new$0(139)) - 64d0bb65-51ab-4184-b53b-4c99ec9daa79@group-1A241C729A68-SegmentedRaftLogWorker: safeCacheEvictIndex: setUnconditionally 0 -> -1
2025-01-03 11:06:38,530 [64d0bb65-51ab-4184-b53b-4c99ec9daa79-groupManagement] INFO  server.RaftServer$Division (RaftServerImpl.java:start(391)) - 64d0bb65-51ab-4184-b53b-4c99ec9daa79@group-1A241C729A68: start as a follower, conf=conf: {index: -1, cur=peers:[64d0bb65-51ab-4184-b53b-4c99ec9daa79|127.0.0.1:15139, e1b7d22e-2b77-47e1-b25b-73a9c9105e09|127.0.0.1:15130, b3aae556-a738-441a-a487-b3abd5c550e9|127.0.0.1:15148]|listeners:[], old=null}
2025-01-03 11:06:38,530 [64d0bb65-51ab-4184-b53b-4c99ec9daa79-groupManagement] INFO  server.RaftServer$Division (RaftServerImpl.java:setRole(378)) - 64d0bb65-51ab-4184-b53b-4c99ec9daa79@group-1A241C729A68: changes role from      null to FOLLOWER at term 0 for startAsFollower
2025-01-03 11:06:38,530 [64d0bb65-51ab-4184-b53b-4c99ec9daa79-groupManagement] INFO  impl.RoleInfo (RoleInfo.java:updateAndGet(148)) - 64d0bb65-51ab-4184-b53b-4c99ec9daa79: start 64d0bb65-51ab-4184-b53b-4c99ec9daa79@group-1A241C729A68-FollowerState
2025-01-03 11:06:38,530 [64d0bb65-51ab-4184-b53b-4c99ec9daa79@group-1A241C729A68-FollowerState] INFO  server.RaftServerConfigKeys (ConfUtils.java:logFallback(53)) - raft.server.rpc.first-election.timeout.min = 5s (fallback to raft.server.rpc.timeout.min)
2025-01-03 11:06:38,530 [64d0bb65-51ab-4184-b53b-4c99ec9daa79@group-1A241C729A68-FollowerState] INFO  server.RaftServerConfigKeys (ConfUtils.java:logFallback(53)) - raft.server.rpc.first-election.timeout.max = 5200ms (fallback to raft.server.rpc.timeout.max)
2025-01-03 11:06:38,531 [64d0bb65-51ab-4184-b53b-4c99ec9daa79-groupManagement] INFO  util.JmxRegister (JmxRegister.java:tryRegister(44)) - Successfully registered JMX Bean with object name Ratis:service=RaftServer,group=group-1A241C729A68,id=64d0bb65-51ab-4184-b53b-4c99ec9daa79
2025-01-03 11:06:38,531 [64d0bb65-51ab-4184-b53b-4c99ec9daa79-groupManagement] INFO  util.JmxRegister (JmxRegister.java:register(58)) - register mxBean class org.apache.ratis.server.impl.RaftServerJmxAdapter as Ratis:service=RaftServer,group=group-1A241C729A68,id=64d0bb65-51ab-4184-b53b-4c99ec9daa79
2025-01-03 11:06:38,531 [64d0bb65-51ab-4184-b53b-4c99ec9daa79-groupManagement] INFO  server.RaftServerConfigKeys (ConfUtils.java:logGet(46)) - raft.server.snapshot.trigger-when-stop.enabled = true (default)
2025-01-03 11:06:38,531 [64d0bb65-51ab-4184-b53b-4c99ec9daa79-groupManagement] INFO  server.RaftServerConfigKeys (ConfUtils.java:logGet(46)) - raft.server.snapshot.trigger-when-remove.enabled = true (default)
2025-01-03 11:06:38,531 [64d0bb65-51ab-4184-b53b-4c99ec9daa79-groupManagement] INFO  server.RaftServerConfigKeys (ConfUtils.java:logGet(46)) - raft.server.snapshot.auto.trigger.enabled = true (custom)
2025-01-03 11:06:38,531 [64d0bb65-51ab-4184-b53b-4c99ec9daa79-groupManagement] INFO  server.RaftServerConfigKeys (ConfUtils.java:logGet(46)) - raft.server.snapshot.auto.trigger.threshold = 100000 (custom)
2025-01-03 11:06:38,531 [64d0bb65-51ab-4184-b53b-4c99ec9daa79-groupManagement] INFO  server.RaftServerConfigKeys (ConfUtils.java:logGet(46)) - raft.server.snapshot.retention.file.num = 5 (custom)
2025-01-03 11:06:38,531 [64d0bb65-51ab-4184-b53b-4c99ec9daa79-groupManagement] INFO  server.RaftServerConfigKeys (ConfUtils.java:logGet(46)) - raft.server.log.purge.upto.snapshot.index = false (default)
2025-01-03 11:06:38,532 [64d0bb65-51ab-4184-b53b-4c99ec9daa79-groupManagement] INFO  server.RaftServer$Division (RaftServerImpl.java:start(405)) - 64d0bb65-51ab-4184-b53b-4c99ec9daa79@group-1A241C729A68: Successfully started.
2025-01-03 11:06:38,539 [grpc-default-executor-3] INFO  server.RaftServer (RaftServerProxy.java:addNew(100)) - b3aae556-a738-441a-a487-b3abd5c550e9: addNew group-1A241C729A68:[64d0bb65-51ab-4184-b53b-4c99ec9daa79|127.0.0.1:15139, e1b7d22e-2b77-47e1-b25b-73a9c9105e09|127.0.0.1:15130, b3aae556-a738-441a-a487-b3abd5c550e9|127.0.0.1:15148] returns group-1A241C729A68:java.util.concurrent.CompletableFuture@603f20c7[Not completed]
2025-01-03 11:06:38,540 [b3aae556-a738-441a-a487-b3abd5c550e9-groupManagement] INFO  server.RaftServer$Division (RaftServerImpl.java:<init>(255)) - b3aae556-a738-441a-a487-b3abd5c550e9: new RaftServerImpl for group-1A241C729A68:[64d0bb65-51ab-4184-b53b-4c99ec9daa79|127.0.0.1:15139, e1b7d22e-2b77-47e1-b25b-73a9c9105e09|127.0.0.1:15130, b3aae556-a738-441a-a487-b3abd5c550e9|127.0.0.1:15148] with ContainerStateMachine:uninitialized
2025-01-03 11:06:38,540 [b3aae556-a738-441a-a487-b3abd5c550e9-groupManagement] INFO  server.RaftServerConfigKeys (ConfUtils.java:logGet(46)) - raft.server.rpc.timeout.min = 5s (custom)
2025-01-03 11:06:38,540 [b3aae556-a738-441a-a487-b3abd5c550e9-groupManagement] INFO  server.RaftServerConfigKeys (ConfUtils.java:logGet(46)) - raft.server.rpc.timeout.max = 5200ms (custom)
2025-01-03 11:06:38,540 [b3aae556-a738-441a-a487-b3abd5c550e9-groupManagement] INFO  server.RaftServerConfigKeys (ConfUtils.java:logGet(46)) - raft.server.rpc.sleep.time = 25ms (default)
2025-01-03 11:06:38,540 [b3aae556-a738-441a-a487-b3abd5c550e9-groupManagement] INFO  server.RaftServerConfigKeys (ConfUtils.java:logGet(46)) - raft.server.rpc.slowness.timeout = 300s (custom)
2025-01-03 11:06:38,540 [b3aae556-a738-441a-a487-b3abd5c550e9-groupManagement] INFO  server.RaftServerConfigKeys (ConfUtils.java:logGet(46)) - raft.server.leaderelection.leader.step-down.wait-time = 10s (default)
2025-01-03 11:06:38,540 [b3aae556-a738-441a-a487-b3abd5c550e9-groupManagement] INFO  server.RaftServerConfigKeys (ConfUtils.java:logGet(46)) - raft.server.leaderelection.member.majority-add = false (default)
2025-01-03 11:06:38,540 [b3aae556-a738-441a-a487-b3abd5c550e9-groupManagement] INFO  server.RaftServerConfigKeys (ConfUtils.java:logGet(46)) - raft.server.sleep.deviation.threshold = 300ms (default)
2025-01-03 11:06:38,540 [b3aae556-a738-441a-a487-b3abd5c550e9-groupManagement] INFO  server.RaftServer$Division (ServerState.java:<init>(114)) - b3aae556-a738-441a-a487-b3abd5c550e9@group-1A241C729A68: ConfigurationManager, init=conf: {index: -1, cur=peers:[64d0bb65-51ab-4184-b53b-4c99ec9daa79|127.0.0.1:15139, e1b7d22e-2b77-47e1-b25b-73a9c9105e09|127.0.0.1:15130, b3aae556-a738-441a-a487-b3abd5c550e9|127.0.0.1:15148]|listeners:[], old=null}, confs=<EMPTY_MAP>
2025-01-03 11:06:38,540 [b3aae556-a738-441a-a487-b3abd5c550e9-groupManagement] INFO  server.RaftServerConfigKeys (ConfUtils.java:logGet(46)) - raft.server.notification.no-leader.timeout = 300s (custom)
2025-01-03 11:06:38,540 [b3aae556-a738-441a-a487-b3abd5c550e9-groupManagement] INFO  server.RaftServerConfigKeys (ConfUtils.java:logGet(46)) - raft.server.read.timeout = 10s (default)
2025-01-03 11:06:38,540 [b3aae556-a738-441a-a487-b3abd5c550e9-groupManagement] INFO  server.RaftServerConfigKeys (ConfUtils.java:logGet(46)) - raft.server.retrycache.expirytime = 600000ms (custom)
2025-01-03 11:06:38,540 [b3aae556-a738-441a-a487-b3abd5c550e9-groupManagement] INFO  server.RaftServerConfigKeys (ConfUtils.java:logGet(46)) - raft.server.retrycache.statistics.expirytime = 100ms (default)
2025-01-03 11:06:38,541 [b3aae556-a738-441a-a487-b3abd5c550e9-groupManagement] INFO  server.RaftServerConfigKeys (ConfUtils.java:logGet(46)) - raft.server.read.option = DEFAULT (default)
2025-01-03 11:06:38,541 [b3aae556-a738-441a-a487-b3abd5c550e9-groupManagement] INFO  server.RaftServerConfigKeys (ConfUtils.java:logGet(46)) - raft.server.read.read-after-write-consistent.write-index-cache.expiry-time = 60s (default)
2025-01-03 11:06:38,542 [b3aae556-a738-441a-a487-b3abd5c550e9-groupManagement] INFO  server.RaftServerConfigKeys (ConfUtils.java:logGet(46)) - raft.server.rpc.request.timeout = 60s (custom)
2025-01-03 11:06:38,542 [b3aae556-a738-441a-a487-b3abd5c550e9-groupManagement] INFO  server.RaftServerConfigKeys (ConfUtils.java:logGet(46)) - raft.server.log.appender.install.snapshot.enabled = false (custom)
2025-01-03 11:06:38,542 [b3aae556-a738-441a-a487-b3abd5c550e9-groupManagement] INFO  server.RaftServerConfigKeys (ConfUtils.java:logGet(46)) - raft.server.threadpool.server.cached = true (default)
2025-01-03 11:06:38,542 [b3aae556-a738-441a-a487-b3abd5c550e9-groupManagement] INFO  server.RaftServerConfigKeys (ConfUtils.java:logGet(46)) - raft.server.threadpool.server.size = 0 (default)
2025-01-03 11:06:38,542 [b3aae556-a738-441a-a487-b3abd5c550e9-groupManagement] INFO  server.RaftServerConfigKeys (ConfUtils.java:logGet(46)) - raft.server.threadpool.client.cached = true (default)
2025-01-03 11:06:38,542 [b3aae556-a738-441a-a487-b3abd5c550e9-groupManagement] INFO  server.RaftServerConfigKeys (ConfUtils.java:logGet(46)) - raft.server.threadpool.client.size = 0 (default)
2025-01-03 11:06:38,542 [b3aae556-a738-441a-a487-b3abd5c550e9-groupManagement] INFO  server.RaftServerConfigKeys (ConfUtils.java:logGet(46)) - raft.server.storage.free-space.min = 0MB (=0) (default)
2025-01-03 11:06:38,542 [b3aae556-a738-441a-a487-b3abd5c550e9-groupManagement] INFO  server.RaftServerConfigKeys (ConfUtils.java:logGet(46)) - raft.server.log.corruption.policy = EXCEPTION (default)
2025-01-03 11:06:38,543 [b3aae556-a738-441a-a487-b3abd5c550e9-groupManagement] INFO  server.RaftServerConfigKeys (ConfUtils.java:logGet(46)) - raft.server.storage.dir = [/home/runner/work/ozone/ozone/hadoop-ozone/integration-test/target/test-dir/MiniOzoneClusterImpl-3f159d52-719f-49ad-b6d4-3e7f01cb1845/ozone-meta/datanode-3/ratis] (custom)
2025-01-03 11:06:38,543 [b3aae556-a738-441a-a487-b3abd5c550e9-groupManagement] INFO  storage.RaftStorageDirectory (RaftStorageDirectoryImpl.java:analyzeStorage(138)) - The storage directory /home/runner/work/ozone/ozone/hadoop-ozone/integration-test/target/test-dir/MiniOzoneClusterImpl-3f159d52-719f-49ad-b6d4-3e7f01cb1845/ozone-meta/datanode-3/ratis/f4d05e04-8c97-4111-b48d-1a241c729a68 does not exist. Creating ...
2025-01-03 11:06:38,544 [b3aae556-a738-441a-a487-b3abd5c550e9-groupManagement] INFO  storage.RaftStorageDirectory (RaftStorageDirectoryImpl.java:tryLock(229)) - Lock on /home/runner/work/ozone/ozone/hadoop-ozone/integration-test/target/test-dir/MiniOzoneClusterImpl-3f159d52-719f-49ad-b6d4-3e7f01cb1845/ozone-meta/datanode-3/ratis/f4d05e04-8c97-4111-b48d-1a241c729a68/in_use.lock acquired by nodename 70552@fv-az1204-267
2025-01-03 11:06:38,545 [b3aae556-a738-441a-a487-b3abd5c550e9-groupManagement] INFO  storage.RaftStorage (RaftStorageImpl.java:format(98)) - Storage directory /home/runner/work/ozone/ozone/hadoop-ozone/integration-test/target/test-dir/MiniOzoneClusterImpl-3f159d52-719f-49ad-b6d4-3e7f01cb1845/ozone-meta/datanode-3/ratis/f4d05e04-8c97-4111-b48d-1a241c729a68 has been successfully formatted.
2025-01-03 11:06:38,545 [b3aae556-a738-441a-a487-b3abd5c550e9-groupManagement] INFO  ratis.ContainerStateMachine (ContainerStateMachine.java:initialize(302)) - b3aae556-a738-441a-a487-b3abd5c550e9: initialize group-1A241C729A68
2025-01-03 11:06:38,545 [b3aae556-a738-441a-a487-b3abd5c550e9-groupManagement] INFO  ratis.ContainerStateMachine (ContainerStateMachine.java:loadSnapshot(310)) - group-1A241C729A68: The snapshot info is null. Setting the last applied index to:(t:0, i:~)
2025-01-03 11:06:38,545 [b3aae556-a738-441a-a487-b3abd5c550e9-groupManagement] INFO  server.RaftServerConfigKeys (ConfUtils.java:logGet(46)) - raft.server.log.use.memory = false (default)
2025-01-03 11:06:38,546 [b3aae556-a738-441a-a487-b3abd5c550e9-groupManagement] INFO  server.RaftServerConfigKeys (ConfUtils.java:logGet(46)) - raft.server.log.purge.gap = 1000000 (custom)
2025-01-03 11:06:38,546 [b3aae556-a738-441a-a487-b3abd5c550e9-groupManagement] INFO  server.RaftServerConfigKeys (ConfUtils.java:logGet(46)) - raft.server.log.appender.buffer.byte-limit = 33554432 (custom)
2025-01-03 11:06:38,546 [b3aae556-a738-441a-a487-b3abd5c550e9-groupManagement] INFO  server.RaftServerConfigKeys (ConfUtils.java:logGet(46)) - raft.server.log.statemachine.data.read.timeout = 1000ms (default)
2025-01-03 11:06:38,546 [b3aae556-a738-441a-a487-b3abd5c550e9-groupManagement] INFO  server.RaftServerConfigKeys (ConfUtils.java:logGet(46)) - raft.server.log.purge.preservation.log.num = 0 (default)
2025-01-03 11:06:38,547 [b3aae556-a738-441a-a487-b3abd5c550e9-groupManagement] INFO  server.RaftServerConfigKeys (ConfUtils.java:logGet(46)) - raft.server.log.segment.size.max = 67108864 (custom)
2025-01-03 11:06:38,547 [b3aae556-a738-441a-a487-b3abd5c550e9-groupManagement] INFO  server.RaftServerConfigKeys (ConfUtils.java:logGet(46)) - raft.server.log.segment.cache.num.max = 2 (custom)
2025-01-03 11:06:38,547 [b3aae556-a738-441a-a487-b3abd5c550e9-groupManagement] INFO  server.RaftServerConfigKeys (ConfUtils.java:logGet(46)) - raft.server.log.segment.cache.size.max = 200MB (=209715200) (default)
2025-01-03 11:06:38,547 [b3aae556-a738-441a-a487-b3abd5c550e9-groupManagement] INFO  server.RaftServerConfigKeys (ConfUtils.java:logGet(46)) - raft.server.log.appender.buffer.byte-limit = 33554432 (custom)
2025-01-03 11:06:38,547 [b3aae556-a738-441a-a487-b3abd5c550e9-groupManagement] INFO  util.AwaitToRun (AwaitToRun.java:start(81)) - Thread[#3614,b3aae556-a738-441a-a487-b3abd5c550e9@group-1A241C729A68-cacheEviction-AwaitToRun,5,main] started
2025-01-03 11:06:38,547 [b3aae556-a738-441a-a487-b3abd5c550e9-groupManagement] INFO  segmented.SegmentedRaftLogWorker (SegmentedRaftLogWorker.java:<init>(188)) - new b3aae556-a738-441a-a487-b3abd5c550e9@group-1A241C729A68-SegmentedRaftLogWorker for RaftStorageImpl:Storage Directory /home/runner/work/ozone/ozone/hadoop-ozone/integration-test/target/test-dir/MiniOzoneClusterImpl-3f159d52-719f-49ad-b6d4-3e7f01cb1845/ozone-meta/datanode-3/ratis/f4d05e04-8c97-4111-b48d-1a241c729a68
2025-01-03 11:06:38,547 [b3aae556-a738-441a-a487-b3abd5c550e9-groupManagement] INFO  server.RaftServerConfigKeys (ConfUtils.java:logGet(46)) - raft.server.log.queue.byte-limit = 4294967296 (custom)
2025-01-03 11:06:38,548 [b3aae556-a738-441a-a487-b3abd5c550e9-groupManagement] INFO  server.RaftServerConfigKeys (ConfUtils.java:logGet(46)) - raft.server.log.queue.element-limit = 1024 (custom)
2025-01-03 11:06:38,548 [b3aae556-a738-441a-a487-b3abd5c550e9-groupManagement] INFO  server.RaftServerConfigKeys (ConfUtils.java:logGet(46)) - raft.server.log.segment.size.max = 67108864 (custom)
2025-01-03 11:06:38,548 [b3aae556-a738-441a-a487-b3abd5c550e9-groupManagement] INFO  server.RaftServerConfigKeys (ConfUtils.java:logGet(46)) - raft.server.log.preallocated.size = 4194304 (custom)
2025-01-03 11:06:38,548 [b3aae556-a738-441a-a487-b3abd5c550e9-groupManagement] INFO  server.RaftServerConfigKeys (ConfUtils.java:logGet(46)) - raft.server.log.force.sync.num = 128 (default)
2025-01-03 11:06:38,548 [b3aae556-a738-441a-a487-b3abd5c550e9-groupManagement] INFO  server.RaftServerConfigKeys (ConfUtils.java:logGet(46)) - raft.server.log.statemachine.data.sync = true (default)
2025-01-03 11:06:38,548 [b3aae556-a738-441a-a487-b3abd5c550e9-groupManagement] INFO  server.RaftServerConfigKeys (ConfUtils.java:logGet(46)) - raft.server.log.statemachine.data.sync.timeout = 10s (default)
2025-01-03 11:06:38,548 [b3aae556-a738-441a-a487-b3abd5c550e9-groupManagement] INFO  server.RaftServerConfigKeys (ConfUtils.java:logGet(46)) - raft.server.log.statemachine.data.sync.timeout.retry = 30 (custom)
2025-01-03 11:06:38,548 [b3aae556-a738-441a-a487-b3abd5c550e9-groupManagement] INFO  server.RaftServerConfigKeys (ConfUtils.java:logGet(46)) - raft.server.log.write.buffer.size = 33554440 (custom)
2025-01-03 11:06:38,561 [b3aae556-a738-441a-a487-b3abd5c550e9-groupManagement] INFO  server.RaftServerConfigKeys (ConfUtils.java:logGet(46)) - raft.server.log.appender.buffer.byte-limit = 33554432 (custom)
2025-01-03 11:06:38,561 [b3aae556-a738-441a-a487-b3abd5c550e9-groupManagement] INFO  server.RaftServerConfigKeys (ConfUtils.java:logGet(46)) - raft.server.log.unsafe-flush.enabled = false (default)
2025-01-03 11:06:38,561 [b3aae556-a738-441a-a487-b3abd5c550e9-groupManagement] INFO  server.RaftServerConfigKeys (ConfUtils.java:logGet(46)) - raft.server.log.async-flush.enabled = false (default)
2025-01-03 11:06:38,561 [b3aae556-a738-441a-a487-b3abd5c550e9-groupManagement] INFO  server.RaftServerConfigKeys (ConfUtils.java:logGet(46)) - raft.server.log.statemachine.data.caching.enabled = true (custom)
2025-01-03 11:06:38,561 [b3aae556-a738-441a-a487-b3abd5c550e9-groupManagement] INFO  segmented.SegmentedRaftLogWorker (SegmentedRaftLogWorker.java:lambda$new$0(139)) - b3aae556-a738-441a-a487-b3abd5c550e9@group-1A241C729A68-SegmentedRaftLogWorker: flushIndex: setUnconditionally 0 -> -1
2025-01-03 11:06:38,561 [b3aae556-a738-441a-a487-b3abd5c550e9-groupManagement] INFO  segmented.SegmentedRaftLogWorker (SegmentedRaftLogWorker.java:lambda$new$0(139)) - b3aae556-a738-441a-a487-b3abd5c550e9@group-1A241C729A68-SegmentedRaftLogWorker: safeCacheEvictIndex: setUnconditionally 0 -> -1
2025-01-03 11:06:38,562 [b3aae556-a738-441a-a487-b3abd5c550e9-groupManagement] INFO  server.RaftServer$Division (RaftServerImpl.java:start(391)) - b3aae556-a738-441a-a487-b3abd5c550e9@group-1A241C729A68: start as a follower, conf=conf: {index: -1, cur=peers:[64d0bb65-51ab-4184-b53b-4c99ec9daa79|127.0.0.1:15139, e1b7d22e-2b77-47e1-b25b-73a9c9105e09|127.0.0.1:15130, b3aae556-a738-441a-a487-b3abd5c550e9|127.0.0.1:15148]|listeners:[], old=null}
2025-01-03 11:06:38,562 [b3aae556-a738-441a-a487-b3abd5c550e9-groupManagement] INFO  server.RaftServer$Division (RaftServerImpl.java:setRole(378)) - b3aae556-a738-441a-a487-b3abd5c550e9@group-1A241C729A68: changes role from      null to FOLLOWER at term 0 for startAsFollower
2025-01-03 11:06:38,562 [b3aae556-a738-441a-a487-b3abd5c550e9-groupManagement] INFO  impl.RoleInfo (RoleInfo.java:updateAndGet(148)) - b3aae556-a738-441a-a487-b3abd5c550e9: start b3aae556-a738-441a-a487-b3abd5c550e9@group-1A241C729A68-FollowerState
2025-01-03 11:06:38,562 [b3aae556-a738-441a-a487-b3abd5c550e9@group-1A241C729A68-FollowerState] INFO  server.RaftServerConfigKeys (ConfUtils.java:logFallback(53)) - raft.server.rpc.first-election.timeout.min = 5s (fallback to raft.server.rpc.timeout.min)
2025-01-03 11:06:38,562 [b3aae556-a738-441a-a487-b3abd5c550e9-groupManagement] INFO  util.JmxRegister (JmxRegister.java:tryRegister(44)) - Successfully registered JMX Bean with object name Ratis:service=RaftServer,group=group-1A241C729A68,id=b3aae556-a738-441a-a487-b3abd5c550e9
2025-01-03 11:06:38,563 [b3aae556-a738-441a-a487-b3abd5c550e9-groupManagement] INFO  util.JmxRegister (JmxRegister.java:register(58)) - register mxBean class org.apache.ratis.server.impl.RaftServerJmxAdapter as Ratis:service=RaftServer,group=group-1A241C729A68,id=b3aae556-a738-441a-a487-b3abd5c550e9
2025-01-03 11:06:38,563 [b3aae556-a738-441a-a487-b3abd5c550e9@group-1A241C729A68-FollowerState] INFO  server.RaftServerConfigKeys (ConfUtils.java:logFallback(53)) - raft.server.rpc.first-election.timeout.max = 5200ms (fallback to raft.server.rpc.timeout.max)
2025-01-03 11:06:38,563 [b3aae556-a738-441a-a487-b3abd5c550e9-groupManagement] INFO  server.RaftServerConfigKeys (ConfUtils.java:logGet(46)) - raft.server.snapshot.trigger-when-stop.enabled = true (default)
2025-01-03 11:06:38,563 [b3aae556-a738-441a-a487-b3abd5c550e9-groupManagement] INFO  server.RaftServerConfigKeys (ConfUtils.java:logGet(46)) - raft.server.snapshot.trigger-when-remove.enabled = true (default)
2025-01-03 11:06:38,563 [b3aae556-a738-441a-a487-b3abd5c550e9-groupManagement] INFO  server.RaftServerConfigKeys (ConfUtils.java:logGet(46)) - raft.server.snapshot.auto.trigger.enabled = true (custom)
2025-01-03 11:06:38,563 [b3aae556-a738-441a-a487-b3abd5c550e9-groupManagement] INFO  server.RaftServerConfigKeys (ConfUtils.java:logGet(46)) - raft.server.snapshot.auto.trigger.threshold = 100000 (custom)
2025-01-03 11:06:38,563 [b3aae556-a738-441a-a487-b3abd5c550e9-groupManagement] INFO  server.RaftServerConfigKeys (ConfUtils.java:logGet(46)) - raft.server.snapshot.retention.file.num = 5 (custom)
2025-01-03 11:06:38,563 [b3aae556-a738-441a-a487-b3abd5c550e9-groupManagement] INFO  server.RaftServerConfigKeys (ConfUtils.java:logGet(46)) - raft.server.log.purge.upto.snapshot.index = false (default)
2025-01-03 11:06:38,564 [b3aae556-a738-441a-a487-b3abd5c550e9-groupManagement] INFO  server.RaftServer$Division (RaftServerImpl.java:start(405)) - b3aae556-a738-441a-a487-b3abd5c550e9@group-1A241C729A68: Successfully started.
2025-01-03 11:06:38,569 [e1b7d22e-2b77-47e1-b25b-73a9c9105e09-PipelineCommandHandlerThread-0] INFO  commandhandler.CreatePipelineCommandHandler (CreatePipelineCommandHandler.java:lambda$handle$2(129)) - Created Pipeline RATIS THREE PipelineID=f4d05e04-8c97-4111-b48d-1a241c729a68.
2025-01-03 11:06:38,570 [e1b7d22e-2b77-47e1-b25b-73a9c9105e09-PipelineCommandHandlerThread-0] INFO  server.RaftServer (RaftServerProxy.java:addNew(100)) - e1b7d22e-2b77-47e1-b25b-73a9c9105e09: addNew group-93C54FF6C4BB:[e1b7d22e-2b77-47e1-b25b-73a9c9105e09|127.0.0.1:15130, 64d0bb65-51ab-4184-b53b-4c99ec9daa79|127.0.0.1:15139, b3aae556-a738-441a-a487-b3abd5c550e9|127.0.0.1:15148] returns group-93C54FF6C4BB:java.util.concurrent.CompletableFuture@678b0673[Not completed]
2025-01-03 11:06:38,572 [e1b7d22e-2b77-47e1-b25b-73a9c9105e09-groupManagement] INFO  server.RaftServer$Division (RaftServerImpl.java:<init>(255)) - e1b7d22e-2b77-47e1-b25b-73a9c9105e09: new RaftServerImpl for group-93C54FF6C4BB:[e1b7d22e-2b77-47e1-b25b-73a9c9105e09|127.0.0.1:15130, 64d0bb65-51ab-4184-b53b-4c99ec9daa79|127.0.0.1:15139, b3aae556-a738-441a-a487-b3abd5c550e9|127.0.0.1:15148] with ContainerStateMachine:uninitialized
2025-01-03 11:06:38,572 [e1b7d22e-2b77-47e1-b25b-73a9c9105e09-groupManagement] INFO  server.RaftServerConfigKeys (ConfUtils.java:logGet(46)) - raft.server.rpc.timeout.min = 5s (custom)
2025-01-03 11:06:38,572 [e1b7d22e-2b77-47e1-b25b-73a9c9105e09-groupManagement] INFO  server.RaftServerConfigKeys (ConfUtils.java:logGet(46)) - raft.server.rpc.timeout.max = 5200ms (custom)
2025-01-03 11:06:38,572 [e1b7d22e-2b77-47e1-b25b-73a9c9105e09-groupManagement] INFO  server.RaftServerConfigKeys (ConfUtils.java:logGet(46)) - raft.server.rpc.sleep.time = 25ms (default)
2025-01-03 11:06:38,572 [e1b7d22e-2b77-47e1-b25b-73a9c9105e09-groupManagement] INFO  server.RaftServerConfigKeys (ConfUtils.java:logGet(46)) - raft.server.rpc.slowness.timeout = 300s (custom)
2025-01-03 11:06:38,572 [e1b7d22e-2b77-47e1-b25b-73a9c9105e09-groupManagement] INFO  server.RaftServerConfigKeys (ConfUtils.java:logGet(46)) - raft.server.leaderelection.leader.step-down.wait-time = 10s (default)
2025-01-03 11:06:38,572 [e1b7d22e-2b77-47e1-b25b-73a9c9105e09-groupManagement] INFO  server.RaftServerConfigKeys (ConfUtils.java:logGet(46)) - raft.server.leaderelection.member.majority-add = false (default)
2025-01-03 11:06:38,572 [e1b7d22e-2b77-47e1-b25b-73a9c9105e09-groupManagement] INFO  server.RaftServerConfigKeys (ConfUtils.java:logGet(46)) - raft.server.sleep.deviation.threshold = 300ms (default)
2025-01-03 11:06:38,572 [e1b7d22e-2b77-47e1-b25b-73a9c9105e09-groupManagement] INFO  server.RaftServer$Division (ServerState.java:<init>(114)) - e1b7d22e-2b77-47e1-b25b-73a9c9105e09@group-93C54FF6C4BB: ConfigurationManager, init=conf: {index: -1, cur=peers:[e1b7d22e-2b77-47e1-b25b-73a9c9105e09|127.0.0.1:15130, 64d0bb65-51ab-4184-b53b-4c99ec9daa79|127.0.0.1:15139, b3aae556-a738-441a-a487-b3abd5c550e9|127.0.0.1:15148]|listeners:[], old=null}, confs=<EMPTY_MAP>
2025-01-03 11:06:38,572 [e1b7d22e-2b77-47e1-b25b-73a9c9105e09-groupManagement] INFO  server.RaftServerConfigKeys (ConfUtils.java:logGet(46)) - raft.server.notification.no-leader.timeout = 300s (custom)
2025-01-03 11:06:38,572 [e1b7d22e-2b77-47e1-b25b-73a9c9105e09-groupManagement] INFO  server.RaftServerConfigKeys (ConfUtils.java:logGet(46)) - raft.server.read.timeout = 10s (default)
2025-01-03 11:06:38,572 [e1b7d22e-2b77-47e1-b25b-73a9c9105e09-groupManagement] INFO  server.RaftServerConfigKeys (ConfUtils.java:logGet(46)) - raft.server.retrycache.expirytime = 600000ms (custom)
2025-01-03 11:06:38,572 [e1b7d22e-2b77-47e1-b25b-73a9c9105e09-groupManagement] INFO  server.RaftServerConfigKeys (ConfUtils.java:logGet(46)) - raft.server.retrycache.statistics.expirytime = 100ms (default)
2025-01-03 11:06:38,572 [e1b7d22e-2b77-47e1-b25b-73a9c9105e09-groupManagement] INFO  server.RaftServerConfigKeys (ConfUtils.java:logGet(46)) - raft.server.read.option = DEFAULT (default)
2025-01-03 11:06:38,572 [e1b7d22e-2b77-47e1-b25b-73a9c9105e09-groupManagement] INFO  server.RaftServerConfigKeys (ConfUtils.java:logGet(46)) - raft.server.read.read-after-write-consistent.write-index-cache.expiry-time = 60s (default)
2025-01-03 11:06:38,574 [e1b7d22e-2b77-47e1-b25b-73a9c9105e09-groupManagement] INFO  server.RaftServerConfigKeys (ConfUtils.java:logGet(46)) - raft.server.rpc.request.timeout = 60s (custom)
2025-01-03 11:06:38,574 [e1b7d22e-2b77-47e1-b25b-73a9c9105e09-groupManagement] INFO  server.RaftServerConfigKeys (ConfUtils.java:logGet(46)) - raft.server.log.appender.install.snapshot.enabled = false (custom)
2025-01-03 11:06:38,574 [e1b7d22e-2b77-47e1-b25b-73a9c9105e09-groupManagement] INFO  server.RaftServerConfigKeys (ConfUtils.java:logGet(46)) - raft.server.threadpool.server.cached = true (default)
2025-01-03 11:06:38,574 [e1b7d22e-2b77-47e1-b25b-73a9c9105e09-groupManagement] INFO  server.RaftServerConfigKeys (ConfUtils.java:logGet(46)) - raft.server.threadpool.server.size = 0 (default)
2025-01-03 11:06:38,574 [e1b7d22e-2b77-47e1-b25b-73a9c9105e09-groupManagement] INFO  server.RaftServerConfigKeys (ConfUtils.java:logGet(46)) - raft.server.threadpool.client.cached = true (default)
2025-01-03 11:06:38,574 [e1b7d22e-2b77-47e1-b25b-73a9c9105e09-groupManagement] INFO  server.RaftServerConfigKeys (ConfUtils.java:logGet(46)) - raft.server.threadpool.client.size = 0 (default)
2025-01-03 11:06:38,574 [e1b7d22e-2b77-47e1-b25b-73a9c9105e09-groupManagement] INFO  server.RaftServerConfigKeys (ConfUtils.java:logGet(46)) - raft.server.storage.free-space.min = 0MB (=0) (default)
2025-01-03 11:06:38,574 [e1b7d22e-2b77-47e1-b25b-73a9c9105e09-groupManagement] INFO  server.RaftServerConfigKeys (ConfUtils.java:logGet(46)) - raft.server.log.corruption.policy = EXCEPTION (default)
2025-01-03 11:06:38,575 [e1b7d22e-2b77-47e1-b25b-73a9c9105e09-groupManagement] INFO  server.RaftServerConfigKeys (ConfUtils.java:logGet(46)) - raft.server.storage.dir = [/home/runner/work/ozone/ozone/hadoop-ozone/integration-test/target/test-dir/MiniOzoneClusterImpl-3f159d52-719f-49ad-b6d4-3e7f01cb1845/ozone-meta/datanode-1/ratis] (custom)
2025-01-03 11:06:38,575 [e1b7d22e-2b77-47e1-b25b-73a9c9105e09-groupManagement] INFO  storage.RaftStorageDirectory (RaftStorageDirectoryImpl.java:analyzeStorage(138)) - The storage directory /home/runner/work/ozone/ozone/hadoop-ozone/integration-test/target/test-dir/MiniOzoneClusterImpl-3f159d52-719f-49ad-b6d4-3e7f01cb1845/ozone-meta/datanode-1/ratis/df10fce6-fd08-4c5a-a6e9-93c54ff6c4bb does not exist. Creating ...
2025-01-03 11:06:38,576 [e1b7d22e-2b77-47e1-b25b-73a9c9105e09-groupManagement] INFO  storage.RaftStorageDirectory (RaftStorageDirectoryImpl.java:tryLock(229)) - Lock on /home/runner/work/ozone/ozone/hadoop-ozone/integration-test/target/test-dir/MiniOzoneClusterImpl-3f159d52-719f-49ad-b6d4-3e7f01cb1845/ozone-meta/datanode-1/ratis/df10fce6-fd08-4c5a-a6e9-93c54ff6c4bb/in_use.lock acquired by nodename 70552@fv-az1204-267
2025-01-03 11:06:38,578 [e1b7d22e-2b77-47e1-b25b-73a9c9105e09-groupManagement] INFO  storage.RaftStorage (RaftStorageImpl.java:format(98)) - Storage directory /home/runner/work/ozone/ozone/hadoop-ozone/integration-test/target/test-dir/MiniOzoneClusterImpl-3f159d52-719f-49ad-b6d4-3e7f01cb1845/ozone-meta/datanode-1/ratis/df10fce6-fd08-4c5a-a6e9-93c54ff6c4bb has been successfully formatted.
2025-01-03 11:06:38,579 [e1b7d22e-2b77-47e1-b25b-73a9c9105e09-groupManagement] INFO  ratis.ContainerStateMachine (ContainerStateMachine.java:initialize(302)) - e1b7d22e-2b77-47e1-b25b-73a9c9105e09: initialize group-93C54FF6C4BB
2025-01-03 11:06:38,579 [e1b7d22e-2b77-47e1-b25b-73a9c9105e09-groupManagement] INFO  ratis.ContainerStateMachine (ContainerStateMachine.java:loadSnapshot(310)) - group-93C54FF6C4BB: The snapshot info is null. Setting the last applied index to:(t:0, i:~)
2025-01-03 11:06:38,579 [e1b7d22e-2b77-47e1-b25b-73a9c9105e09-groupManagement] INFO  server.RaftServerConfigKeys (ConfUtils.java:logGet(46)) - raft.server.log.use.memory = false (default)
2025-01-03 11:06:38,579 [e1b7d22e-2b77-47e1-b25b-73a9c9105e09-groupManagement] INFO  server.RaftServerConfigKeys (ConfUtils.java:logGet(46)) - raft.server.log.purge.gap = 1000000 (custom)
2025-01-03 11:06:38,579 [e1b7d22e-2b77-47e1-b25b-73a9c9105e09-groupManagement] INFO  server.RaftServerConfigKeys (ConfUtils.java:logGet(46)) - raft.server.log.appender.buffer.byte-limit = 33554432 (custom)
2025-01-03 11:06:38,579 [e1b7d22e-2b77-47e1-b25b-73a9c9105e09-groupManagement] INFO  server.RaftServerConfigKeys (ConfUtils.java:logGet(46)) - raft.server.log.statemachine.data.read.timeout = 1000ms (default)
2025-01-03 11:06:38,579 [e1b7d22e-2b77-47e1-b25b-73a9c9105e09-groupManagement] INFO  server.RaftServerConfigKeys (ConfUtils.java:logGet(46)) - raft.server.log.purge.preservation.log.num = 0 (default)
2025-01-03 11:06:38,581 [e1b7d22e-2b77-47e1-b25b-73a9c9105e09-groupManagement] INFO  server.RaftServerConfigKeys (ConfUtils.java:logGet(46)) - raft.server.log.segment.size.max = 67108864 (custom)
2025-01-03 11:06:38,581 [e1b7d22e-2b77-47e1-b25b-73a9c9105e09-groupManagement] INFO  server.RaftServerConfigKeys (ConfUtils.java:logGet(46)) - raft.server.log.segment.cache.num.max = 2 (custom)
2025-01-03 11:06:38,581 [e1b7d22e-2b77-47e1-b25b-73a9c9105e09-groupManagement] INFO  server.RaftServerConfigKeys (ConfUtils.java:logGet(46)) - raft.server.log.segment.cache.size.max = 200MB (=209715200) (default)
2025-01-03 11:06:38,581 [e1b7d22e-2b77-47e1-b25b-73a9c9105e09-groupManagement] INFO  server.RaftServerConfigKeys (ConfUtils.java:logGet(46)) - raft.server.log.appender.buffer.byte-limit = 33554432 (custom)
2025-01-03 11:06:38,582 [scmNode-1-EventQueue-OpenPipelineForHealthyPipelineSafeModeRule] INFO  safemode.SCMSafeModeManager (HealthyPipelineSafeModeRule.java:process(140)) - SCM in safe mode. Healthy pipelines reported count is 0, required healthy pipeline reported count is 1
2025-01-03 11:06:38,584 [e1b7d22e-2b77-47e1-b25b-73a9c9105e09-groupManagement] INFO  util.AwaitToRun (AwaitToRun.java:start(81)) - Thread[#3621,e1b7d22e-2b77-47e1-b25b-73a9c9105e09@group-93C54FF6C4BB-cacheEviction-AwaitToRun,5,main] started
2025-01-03 11:06:38,584 [e1b7d22e-2b77-47e1-b25b-73a9c9105e09-groupManagement] INFO  segmented.SegmentedRaftLogWorker (SegmentedRaftLogWorker.java:<init>(188)) - new e1b7d22e-2b77-47e1-b25b-73a9c9105e09@group-93C54FF6C4BB-SegmentedRaftLogWorker for RaftStorageImpl:Storage Directory /home/runner/work/ozone/ozone/hadoop-ozone/integration-test/target/test-dir/MiniOzoneClusterImpl-3f159d52-719f-49ad-b6d4-3e7f01cb1845/ozone-meta/datanode-1/ratis/df10fce6-fd08-4c5a-a6e9-93c54ff6c4bb
2025-01-03 11:06:38,584 [e1b7d22e-2b77-47e1-b25b-73a9c9105e09-groupManagement] INFO  server.RaftServerConfigKeys (ConfUtils.java:logGet(46)) - raft.server.log.queue.byte-limit = 4294967296 (custom)
2025-01-03 11:06:38,584 [e1b7d22e-2b77-47e1-b25b-73a9c9105e09-groupManagement] INFO  server.RaftServerConfigKeys (ConfUtils.java:logGet(46)) - raft.server.log.queue.element-limit = 1024 (custom)
2025-01-03 11:06:38,585 [e1b7d22e-2b77-47e1-b25b-73a9c9105e09-groupManagement] INFO  server.RaftServerConfigKeys (ConfUtils.java:logGet(46)) - raft.server.log.segment.size.max = 67108864 (custom)
2025-01-03 11:06:38,585 [e1b7d22e-2b77-47e1-b25b-73a9c9105e09-groupManagement] INFO  server.RaftServerConfigKeys (ConfUtils.java:logGet(46)) - raft.server.log.preallocated.size = 4194304 (custom)
2025-01-03 11:06:38,585 [e1b7d22e-2b77-47e1-b25b-73a9c9105e09-groupManagement] INFO  server.RaftServerConfigKeys (ConfUtils.java:logGet(46)) - raft.server.log.force.sync.num = 128 (default)
2025-01-03 11:06:38,585 [e1b7d22e-2b77-47e1-b25b-73a9c9105e09-groupManagement] INFO  server.RaftServerConfigKeys (ConfUtils.java:logGet(46)) - raft.server.log.statemachine.data.sync = true (default)
2025-01-03 11:06:38,585 [e1b7d22e-2b77-47e1-b25b-73a9c9105e09-groupManagement] INFO  server.RaftServerConfigKeys (ConfUtils.java:logGet(46)) - raft.server.log.statemachine.data.sync.timeout = 10s (default)
2025-01-03 11:06:38,585 [e1b7d22e-2b77-47e1-b25b-73a9c9105e09-groupManagement] INFO  server.RaftServerConfigKeys (ConfUtils.java:logGet(46)) - raft.server.log.statemachine.data.sync.timeout.retry = 30 (custom)
2025-01-03 11:06:38,585 [e1b7d22e-2b77-47e1-b25b-73a9c9105e09-groupManagement] INFO  server.RaftServerConfigKeys (ConfUtils.java:logGet(46)) - raft.server.log.write.buffer.size = 33554440 (custom)
2025-01-03 11:06:38,590 [e1b7d22e-2b77-47e1-b25b-73a9c9105e09-groupManagement] INFO  server.RaftServerConfigKeys (ConfUtils.java:logGet(46)) - raft.server.log.appender.buffer.byte-limit = 33554432 (custom)
2025-01-03 11:06:38,590 [e1b7d22e-2b77-47e1-b25b-73a9c9105e09-groupManagement] INFO  server.RaftServerConfigKeys (ConfUtils.java:logGet(46)) - raft.server.log.unsafe-flush.enabled = false (default)
2025-01-03 11:06:38,590 [e1b7d22e-2b77-47e1-b25b-73a9c9105e09-groupManagement] INFO  server.RaftServerConfigKeys (ConfUtils.java:logGet(46)) - raft.server.log.async-flush.enabled = false (default)
2025-01-03 11:06:38,590 [e1b7d22e-2b77-47e1-b25b-73a9c9105e09-groupManagement] INFO  server.RaftServerConfigKeys (ConfUtils.java:logGet(46)) - raft.server.log.statemachine.data.caching.enabled = true (custom)
2025-01-03 11:06:38,590 [e1b7d22e-2b77-47e1-b25b-73a9c9105e09-groupManagement] INFO  segmented.SegmentedRaftLogWorker (SegmentedRaftLogWorker.java:lambda$new$0(139)) - e1b7d22e-2b77-47e1-b25b-73a9c9105e09@group-93C54FF6C4BB-SegmentedRaftLogWorker: flushIndex: setUnconditionally 0 -> -1
2025-01-03 11:06:38,590 [e1b7d22e-2b77-47e1-b25b-73a9c9105e09-groupManagement] INFO  segmented.SegmentedRaftLogWorker (SegmentedRaftLogWorker.java:lambda$new$0(139)) - e1b7d22e-2b77-47e1-b25b-73a9c9105e09@group-93C54FF6C4BB-SegmentedRaftLogWorker: safeCacheEvictIndex: setUnconditionally 0 -> -1
2025-01-03 11:06:38,591 [e1b7d22e-2b77-47e1-b25b-73a9c9105e09-groupManagement] INFO  server.RaftServer$Division (RaftServerImpl.java:start(391)) - e1b7d22e-2b77-47e1-b25b-73a9c9105e09@group-93C54FF6C4BB: start as a follower, conf=conf: {index: -1, cur=peers:[e1b7d22e-2b77-47e1-b25b-73a9c9105e09|127.0.0.1:15130, 64d0bb65-51ab-4184-b53b-4c99ec9daa79|127.0.0.1:15139, b3aae556-a738-441a-a487-b3abd5c550e9|127.0.0.1:15148]|listeners:[], old=null}
2025-01-03 11:06:38,591 [e1b7d22e-2b77-47e1-b25b-73a9c9105e09-groupManagement] INFO  server.RaftServer$Division (RaftServerImpl.java:setRole(378)) - e1b7d22e-2b77-47e1-b25b-73a9c9105e09@group-93C54FF6C4BB: changes role from      null to FOLLOWER at term 0 for startAsFollower
2025-01-03 11:06:38,591 [e1b7d22e-2b77-47e1-b25b-73a9c9105e09-groupManagement] INFO  impl.RoleInfo (RoleInfo.java:updateAndGet(148)) - e1b7d22e-2b77-47e1-b25b-73a9c9105e09: start e1b7d22e-2b77-47e1-b25b-73a9c9105e09@group-93C54FF6C4BB-FollowerState
2025-01-03 11:06:38,591 [e1b7d22e-2b77-47e1-b25b-73a9c9105e09@group-93C54FF6C4BB-FollowerState] INFO  server.RaftServerConfigKeys (ConfUtils.java:logFallback(53)) - raft.server.rpc.first-election.timeout.min = 5s (fallback to raft.server.rpc.timeout.min)
2025-01-03 11:06:38,591 [e1b7d22e-2b77-47e1-b25b-73a9c9105e09@group-93C54FF6C4BB-FollowerState] INFO  server.RaftServerConfigKeys (ConfUtils.java:logFallback(53)) - raft.server.rpc.first-election.timeout.max = 5200ms (fallback to raft.server.rpc.timeout.max)
2025-01-03 11:06:38,591 [e1b7d22e-2b77-47e1-b25b-73a9c9105e09-groupManagement] INFO  util.JmxRegister (JmxRegister.java:tryRegister(44)) - Successfully registered JMX Bean with object name Ratis:service=RaftServer,group=group-93C54FF6C4BB,id=e1b7d22e-2b77-47e1-b25b-73a9c9105e09
2025-01-03 11:06:38,592 [e1b7d22e-2b77-47e1-b25b-73a9c9105e09-groupManagement] INFO  util.JmxRegister (JmxRegister.java:register(58)) - register mxBean class org.apache.ratis.server.impl.RaftServerJmxAdapter as Ratis:service=RaftServer,group=group-93C54FF6C4BB,id=e1b7d22e-2b77-47e1-b25b-73a9c9105e09
2025-01-03 11:06:38,592 [e1b7d22e-2b77-47e1-b25b-73a9c9105e09-groupManagement] INFO  server.RaftServerConfigKeys (ConfUtils.java:logGet(46)) - raft.server.snapshot.trigger-when-stop.enabled = true (default)
2025-01-03 11:06:38,592 [e1b7d22e-2b77-47e1-b25b-73a9c9105e09-groupManagement] INFO  server.RaftServerConfigKeys (ConfUtils.java:logGet(46)) - raft.server.snapshot.trigger-when-remove.enabled = true (default)
2025-01-03 11:06:38,592 [e1b7d22e-2b77-47e1-b25b-73a9c9105e09-groupManagement] INFO  server.RaftServerConfigKeys (ConfUtils.java:logGet(46)) - raft.server.snapshot.auto.trigger.enabled = true (custom)
2025-01-03 11:06:38,592 [e1b7d22e-2b77-47e1-b25b-73a9c9105e09-groupManagement] INFO  server.RaftServerConfigKeys (ConfUtils.java:logGet(46)) - raft.server.snapshot.auto.trigger.threshold = 100000 (custom)
2025-01-03 11:06:38,592 [e1b7d22e-2b77-47e1-b25b-73a9c9105e09-groupManagement] INFO  server.RaftServerConfigKeys (ConfUtils.java:logGet(46)) - raft.server.snapshot.retention.file.num = 5 (custom)
2025-01-03 11:06:38,592 [e1b7d22e-2b77-47e1-b25b-73a9c9105e09-groupManagement] INFO  server.RaftServerConfigKeys (ConfUtils.java:logGet(46)) - raft.server.log.purge.upto.snapshot.index = false (default)
2025-01-03 11:06:38,593 [e1b7d22e-2b77-47e1-b25b-73a9c9105e09-groupManagement] INFO  server.RaftServer$Division (RaftServerImpl.java:start(405)) - e1b7d22e-2b77-47e1-b25b-73a9c9105e09@group-93C54FF6C4BB: Successfully started.
2025-01-03 11:06:38,593 [e1b7d22e-2b77-47e1-b25b-73a9c9105e09-PipelineCommandHandlerThread-0] INFO  ratis.XceiverServerRatis (XceiverServerRatis.java:addGroup(844)) - Created group PipelineID=df10fce6-fd08-4c5a-a6e9-93c54ff6c4bb
2025-01-03 11:06:38,598 [grpc-default-executor-3] INFO  server.RaftServer (RaftServerProxy.java:addNew(100)) - b3aae556-a738-441a-a487-b3abd5c550e9: addNew group-93C54FF6C4BB:[e1b7d22e-2b77-47e1-b25b-73a9c9105e09|127.0.0.1:15130, 64d0bb65-51ab-4184-b53b-4c99ec9daa79|127.0.0.1:15139, b3aae556-a738-441a-a487-b3abd5c550e9|127.0.0.1:15148] returns group-93C54FF6C4BB:java.util.concurrent.CompletableFuture@2ab2a542[Not completed]
2025-01-03 11:06:38,599 [b3aae556-a738-441a-a487-b3abd5c550e9-groupManagement] INFO  server.RaftServer$Division (RaftServerImpl.java:<init>(255)) - b3aae556-a738-441a-a487-b3abd5c550e9: new RaftServerImpl for group-93C54FF6C4BB:[e1b7d22e-2b77-47e1-b25b-73a9c9105e09|127.0.0.1:15130, 64d0bb65-51ab-4184-b53b-4c99ec9daa79|127.0.0.1:15139, b3aae556-a738-441a-a487-b3abd5c550e9|127.0.0.1:15148] with ContainerStateMachine:uninitialized
2025-01-03 11:06:38,599 [b3aae556-a738-441a-a487-b3abd5c550e9-groupManagement] INFO  server.RaftServerConfigKeys (ConfUtils.java:logGet(46)) - raft.server.rpc.timeout.min = 5s (custom)
2025-01-03 11:06:38,599 [b3aae556-a738-441a-a487-b3abd5c550e9-groupManagement] INFO  server.RaftServerConfigKeys (ConfUtils.java:logGet(46)) - raft.server.rpc.timeout.max = 5200ms (custom)
2025-01-03 11:06:38,599 [b3aae556-a738-441a-a487-b3abd5c550e9-groupManagement] INFO  server.RaftServerConfigKeys (ConfUtils.java:logGet(46)) - raft.server.rpc.sleep.time = 25ms (default)
2025-01-03 11:06:38,599 [b3aae556-a738-441a-a487-b3abd5c550e9-groupManagement] INFO  server.RaftServerConfigKeys (ConfUtils.java:logGet(46)) - raft.server.rpc.slowness.timeout = 300s (custom)
2025-01-03 11:06:38,600 [b3aae556-a738-441a-a487-b3abd5c550e9-groupManagement] INFO  server.RaftServerConfigKeys (ConfUtils.java:logGet(46)) - raft.server.leaderelection.leader.step-down.wait-time = 10s (default)
2025-01-03 11:06:38,600 [b3aae556-a738-441a-a487-b3abd5c550e9-groupManagement] INFO  server.RaftServerConfigKeys (ConfUtils.java:logGet(46)) - raft.server.leaderelection.member.majority-add = false (default)
2025-01-03 11:06:38,600 [b3aae556-a738-441a-a487-b3abd5c550e9-groupManagement] INFO  server.RaftServerConfigKeys (ConfUtils.java:logGet(46)) - raft.server.sleep.deviation.threshold = 300ms (default)
2025-01-03 11:06:38,600 [b3aae556-a738-441a-a487-b3abd5c550e9-groupManagement] INFO  server.RaftServer$Division (ServerState.java:<init>(114)) - b3aae556-a738-441a-a487-b3abd5c550e9@group-93C54FF6C4BB: ConfigurationManager, init=conf: {index: -1, cur=peers:[e1b7d22e-2b77-47e1-b25b-73a9c9105e09|127.0.0.1:15130, 64d0bb65-51ab-4184-b53b-4c99ec9daa79|127.0.0.1:15139, b3aae556-a738-441a-a487-b3abd5c550e9|127.0.0.1:15148]|listeners:[], old=null}, confs=<EMPTY_MAP>
2025-01-03 11:06:38,600 [b3aae556-a738-441a-a487-b3abd5c550e9-groupManagement] INFO  server.RaftServerConfigKeys (ConfUtils.java:logGet(46)) - raft.server.notification.no-leader.timeout = 300s (custom)
2025-01-03 11:06:38,600 [b3aae556-a738-441a-a487-b3abd5c550e9-groupManagement] INFO  server.RaftServerConfigKeys (ConfUtils.java:logGet(46)) - raft.server.read.timeout = 10s (default)
2025-01-03 11:06:38,600 [b3aae556-a738-441a-a487-b3abd5c550e9-groupManagement] INFO  server.RaftServerConfigKeys (ConfUtils.java:logGet(46)) - raft.server.retrycache.expirytime = 600000ms (custom)
2025-01-03 11:06:38,600 [b3aae556-a738-441a-a487-b3abd5c550e9-groupManagement] INFO  server.RaftServerConfigKeys (ConfUtils.java:logGet(46)) - raft.server.retrycache.statistics.expirytime = 100ms (default)
2025-01-03 11:06:38,600 [b3aae556-a738-441a-a487-b3abd5c550e9-groupManagement] INFO  server.RaftServerConfigKeys (ConfUtils.java:logGet(46)) - raft.server.read.option = DEFAULT (default)
2025-01-03 11:06:38,600 [b3aae556-a738-441a-a487-b3abd5c550e9-groupManagement] INFO  server.RaftServerConfigKeys (ConfUtils.java:logGet(46)) - raft.server.read.read-after-write-consistent.write-index-cache.expiry-time = 60s (default)
2025-01-03 11:06:38,602 [b3aae556-a738-441a-a487-b3abd5c550e9-groupManagement] INFO  server.RaftServerConfigKeys (ConfUtils.java:logGet(46)) - raft.server.rpc.request.timeout = 60s (custom)
2025-01-03 11:06:38,602 [b3aae556-a738-441a-a487-b3abd5c550e9-groupManagement] INFO  server.RaftServerConfigKeys (ConfUtils.java:logGet(46)) - raft.server.log.appender.install.snapshot.enabled = false (custom)
2025-01-03 11:06:38,602 [b3aae556-a738-441a-a487-b3abd5c550e9-groupManagement] INFO  server.RaftServerConfigKeys (ConfUtils.java:logGet(46)) - raft.server.threadpool.server.cached = true (default)
2025-01-03 11:06:38,602 [b3aae556-a738-441a-a487-b3abd5c550e9-groupManagement] INFO  server.RaftServerConfigKeys (ConfUtils.java:logGet(46)) - raft.server.threadpool.server.size = 0 (default)
2025-01-03 11:06:38,602 [b3aae556-a738-441a-a487-b3abd5c550e9-groupManagement] INFO  server.RaftServerConfigKeys (ConfUtils.java:logGet(46)) - raft.server.threadpool.client.cached = true (default)
2025-01-03 11:06:38,602 [b3aae556-a738-441a-a487-b3abd5c550e9-groupManagement] INFO  server.RaftServerConfigKeys (ConfUtils.java:logGet(46)) - raft.server.threadpool.client.size = 0 (default)
2025-01-03 11:06:38,602 [b3aae556-a738-441a-a487-b3abd5c550e9-groupManagement] INFO  server.RaftServerConfigKeys (ConfUtils.java:logGet(46)) - raft.server.storage.free-space.min = 0MB (=0) (default)
2025-01-03 11:06:38,602 [b3aae556-a738-441a-a487-b3abd5c550e9-groupManagement] INFO  server.RaftServerConfigKeys (ConfUtils.java:logGet(46)) - raft.server.log.corruption.policy = EXCEPTION (default)
2025-01-03 11:06:38,602 [b3aae556-a738-441a-a487-b3abd5c550e9-groupManagement] INFO  server.RaftServerConfigKeys (ConfUtils.java:logGet(46)) - raft.server.storage.dir = [/home/runner/work/ozone/ozone/hadoop-ozone/integration-test/target/test-dir/MiniOzoneClusterImpl-3f159d52-719f-49ad-b6d4-3e7f01cb1845/ozone-meta/datanode-3/ratis] (custom)
2025-01-03 11:06:38,602 [b3aae556-a738-441a-a487-b3abd5c550e9-groupManagement] INFO  storage.RaftStorageDirectory (RaftStorageDirectoryImpl.java:analyzeStorage(138)) - The storage directory /home/runner/work/ozone/ozone/hadoop-ozone/integration-test/target/test-dir/MiniOzoneClusterImpl-3f159d52-719f-49ad-b6d4-3e7f01cb1845/ozone-meta/datanode-3/ratis/df10fce6-fd08-4c5a-a6e9-93c54ff6c4bb does not exist. Creating ...
2025-01-03 11:06:38,604 [b3aae556-a738-441a-a487-b3abd5c550e9-groupManagement] INFO  storage.RaftStorageDirectory (RaftStorageDirectoryImpl.java:tryLock(229)) - Lock on /home/runner/work/ozone/ozone/hadoop-ozone/integration-test/target/test-dir/MiniOzoneClusterImpl-3f159d52-719f-49ad-b6d4-3e7f01cb1845/ozone-meta/datanode-3/ratis/df10fce6-fd08-4c5a-a6e9-93c54ff6c4bb/in_use.lock acquired by nodename 70552@fv-az1204-267
2025-01-03 11:06:38,605 [b3aae556-a738-441a-a487-b3abd5c550e9-groupManagement] INFO  storage.RaftStorage (RaftStorageImpl.java:format(98)) - Storage directory /home/runner/work/ozone/ozone/hadoop-ozone/integration-test/target/test-dir/MiniOzoneClusterImpl-3f159d52-719f-49ad-b6d4-3e7f01cb1845/ozone-meta/datanode-3/ratis/df10fce6-fd08-4c5a-a6e9-93c54ff6c4bb has been successfully formatted.
2025-01-03 11:06:38,605 [b3aae556-a738-441a-a487-b3abd5c550e9-groupManagement] INFO  ratis.ContainerStateMachine (ContainerStateMachine.java:initialize(302)) - b3aae556-a738-441a-a487-b3abd5c550e9: initialize group-93C54FF6C4BB
2025-01-03 11:06:38,605 [b3aae556-a738-441a-a487-b3abd5c550e9-groupManagement] INFO  ratis.ContainerStateMachine (ContainerStateMachine.java:loadSnapshot(310)) - group-93C54FF6C4BB: The snapshot info is null. Setting the last applied index to:(t:0, i:~)
2025-01-03 11:06:38,605 [b3aae556-a738-441a-a487-b3abd5c550e9-groupManagement] INFO  server.RaftServerConfigKeys (ConfUtils.java:logGet(46)) - raft.server.log.use.memory = false (default)
2025-01-03 11:06:38,606 [b3aae556-a738-441a-a487-b3abd5c550e9-groupManagement] INFO  server.RaftServerConfigKeys (ConfUtils.java:logGet(46)) - raft.server.log.purge.gap = 1000000 (custom)
2025-01-03 11:06:38,606 [b3aae556-a738-441a-a487-b3abd5c550e9-groupManagement] INFO  server.RaftServerConfigKeys (ConfUtils.java:logGet(46)) - raft.server.log.appender.buffer.byte-limit = 33554432 (custom)
2025-01-03 11:06:38,606 [b3aae556-a738-441a-a487-b3abd5c550e9-groupManagement] INFO  server.RaftServerConfigKeys (ConfUtils.java:logGet(46)) - raft.server.log.statemachine.data.read.timeout = 1000ms (default)
2025-01-03 11:06:38,606 [b3aae556-a738-441a-a487-b3abd5c550e9-groupManagement] INFO  server.RaftServerConfigKeys (ConfUtils.java:logGet(46)) - raft.server.log.purge.preservation.log.num = 0 (default)
2025-01-03 11:06:38,607 [b3aae556-a738-441a-a487-b3abd5c550e9-groupManagement] INFO  server.RaftServerConfigKeys (ConfUtils.java:logGet(46)) - raft.server.log.segment.size.max = 67108864 (custom)
2025-01-03 11:06:38,607 [b3aae556-a738-441a-a487-b3abd5c550e9-groupManagement] INFO  server.RaftServerConfigKeys (ConfUtils.java:logGet(46)) - raft.server.log.segment.cache.num.max = 2 (custom)
2025-01-03 11:06:38,607 [b3aae556-a738-441a-a487-b3abd5c550e9-groupManagement] INFO  server.RaftServerConfigKeys (ConfUtils.java:logGet(46)) - raft.server.log.segment.cache.size.max = 200MB (=209715200) (default)
2025-01-03 11:06:38,607 [b3aae556-a738-441a-a487-b3abd5c550e9-groupManagement] INFO  server.RaftServerConfigKeys (ConfUtils.java:logGet(46)) - raft.server.log.appender.buffer.byte-limit = 33554432 (custom)
2025-01-03 11:06:38,607 [b3aae556-a738-441a-a487-b3abd5c550e9-groupManagement] INFO  util.AwaitToRun (AwaitToRun.java:start(81)) - Thread[#3625,b3aae556-a738-441a-a487-b3abd5c550e9@group-93C54FF6C4BB-cacheEviction-AwaitToRun,5,main] started
2025-01-03 11:06:38,608 [b3aae556-a738-441a-a487-b3abd5c550e9-groupManagement] INFO  segmented.SegmentedRaftLogWorker (SegmentedRaftLogWorker.java:<init>(188)) - new b3aae556-a738-441a-a487-b3abd5c550e9@group-93C54FF6C4BB-SegmentedRaftLogWorker for RaftStorageImpl:Storage Directory /home/runner/work/ozone/ozone/hadoop-ozone/integration-test/target/test-dir/MiniOzoneClusterImpl-3f159d52-719f-49ad-b6d4-3e7f01cb1845/ozone-meta/datanode-3/ratis/df10fce6-fd08-4c5a-a6e9-93c54ff6c4bb
2025-01-03 11:06:38,608 [b3aae556-a738-441a-a487-b3abd5c550e9-groupManagement] INFO  server.RaftServerConfigKeys (ConfUtils.java:logGet(46)) - raft.server.log.queue.byte-limit = 4294967296 (custom)
2025-01-03 11:06:38,608 [b3aae556-a738-441a-a487-b3abd5c550e9-groupManagement] INFO  server.RaftServerConfigKeys (ConfUtils.java:logGet(46)) - raft.server.log.queue.element-limit = 1024 (custom)
2025-01-03 11:06:38,608 [b3aae556-a738-441a-a487-b3abd5c550e9-groupManagement] INFO  server.RaftServerConfigKeys (ConfUtils.java:logGet(46)) - raft.server.log.segment.size.max = 67108864 (custom)
2025-01-03 11:06:38,608 [b3aae556-a738-441a-a487-b3abd5c550e9-groupManagement] INFO  server.RaftServerConfigKeys (ConfUtils.java:logGet(46)) - raft.server.log.preallocated.size = 4194304 (custom)
2025-01-03 11:06:38,608 [b3aae556-a738-441a-a487-b3abd5c550e9-groupManagement] INFO  server.RaftServerConfigKeys (ConfUtils.java:logGet(46)) - raft.server.log.force.sync.num = 128 (default)
2025-01-03 11:06:38,608 [b3aae556-a738-441a-a487-b3abd5c550e9-groupManagement] INFO  server.RaftServerConfigKeys (ConfUtils.java:logGet(46)) - raft.server.log.statemachine.data.sync = true (default)
2025-01-03 11:06:38,608 [b3aae556-a738-441a-a487-b3abd5c550e9-groupManagement] INFO  server.RaftServerConfigKeys (ConfUtils.java:logGet(46)) - raft.server.log.statemachine.data.sync.timeout = 10s (default)
2025-01-03 11:06:38,608 [b3aae556-a738-441a-a487-b3abd5c550e9-groupManagement] INFO  server.RaftServerConfigKeys (ConfUtils.java:logGet(46)) - raft.server.log.statemachine.data.sync.timeout.retry = 30 (custom)
2025-01-03 11:06:38,608 [b3aae556-a738-441a-a487-b3abd5c550e9-groupManagement] INFO  server.RaftServerConfigKeys (ConfUtils.java:logGet(46)) - raft.server.log.write.buffer.size = 33554440 (custom)
2025-01-03 11:06:38,613 [b3aae556-a738-441a-a487-b3abd5c550e9-groupManagement] INFO  server.RaftServerConfigKeys (ConfUtils.java:logGet(46)) - raft.server.log.appender.buffer.byte-limit = 33554432 (custom)
2025-01-03 11:06:38,613 [b3aae556-a738-441a-a487-b3abd5c550e9-groupManagement] INFO  server.RaftServerConfigKeys (ConfUtils.java:logGet(46)) - raft.server.log.unsafe-flush.enabled = false (default)
2025-01-03 11:06:38,613 [b3aae556-a738-441a-a487-b3abd5c550e9-groupManagement] INFO  server.RaftServerConfigKeys (ConfUtils.java:logGet(46)) - raft.server.log.async-flush.enabled = false (default)
2025-01-03 11:06:38,613 [b3aae556-a738-441a-a487-b3abd5c550e9-groupManagement] INFO  server.RaftServerConfigKeys (ConfUtils.java:logGet(46)) - raft.server.log.statemachine.data.caching.enabled = true (custom)
2025-01-03 11:06:38,613 [b3aae556-a738-441a-a487-b3abd5c550e9-groupManagement] INFO  segmented.SegmentedRaftLogWorker (SegmentedRaftLogWorker.java:lambda$new$0(139)) - b3aae556-a738-441a-a487-b3abd5c550e9@group-93C54FF6C4BB-SegmentedRaftLogWorker: flushIndex: setUnconditionally 0 -> -1
2025-01-03 11:06:38,613 [b3aae556-a738-441a-a487-b3abd5c550e9-groupManagement] INFO  segmented.SegmentedRaftLogWorker (SegmentedRaftLogWorker.java:lambda$new$0(139)) - b3aae556-a738-441a-a487-b3abd5c550e9@group-93C54FF6C4BB-SegmentedRaftLogWorker: safeCacheEvictIndex: setUnconditionally 0 -> -1
2025-01-03 11:06:38,613 [b3aae556-a738-441a-a487-b3abd5c550e9-groupManagement] INFO  server.RaftServer$Division (RaftServerImpl.java:start(391)) - b3aae556-a738-441a-a487-b3abd5c550e9@group-93C54FF6C4BB: start as a follower, conf=conf: {index: -1, cur=peers:[e1b7d22e-2b77-47e1-b25b-73a9c9105e09|127.0.0.1:15130, 64d0bb65-51ab-4184-b53b-4c99ec9daa79|127.0.0.1:15139, b3aae556-a738-441a-a487-b3abd5c550e9|127.0.0.1:15148]|listeners:[], old=null}
2025-01-03 11:06:38,614 [b3aae556-a738-441a-a487-b3abd5c550e9-groupManagement] INFO  server.RaftServer$Division (RaftServerImpl.java:setRole(378)) - b3aae556-a738-441a-a487-b3abd5c550e9@group-93C54FF6C4BB: changes role from      null to FOLLOWER at term 0 for startAsFollower
2025-01-03 11:06:38,614 [b3aae556-a738-441a-a487-b3abd5c550e9-groupManagement] INFO  impl.RoleInfo (RoleInfo.java:updateAndGet(148)) - b3aae556-a738-441a-a487-b3abd5c550e9: start b3aae556-a738-441a-a487-b3abd5c550e9@group-93C54FF6C4BB-FollowerState
2025-01-03 11:06:38,614 [b3aae556-a738-441a-a487-b3abd5c550e9-groupManagement] INFO  util.JmxRegister (JmxRegister.java:tryRegister(44)) - Successfully registered JMX Bean with object name Ratis:service=RaftServer,group=group-93C54FF6C4BB,id=b3aae556-a738-441a-a487-b3abd5c550e9
2025-01-03 11:06:38,614 [b3aae556-a738-441a-a487-b3abd5c550e9-groupManagement] INFO  util.JmxRegister (JmxRegister.java:register(58)) - register mxBean class org.apache.ratis.server.impl.RaftServerJmxAdapter as Ratis:service=RaftServer,group=group-93C54FF6C4BB,id=b3aae556-a738-441a-a487-b3abd5c550e9
2025-01-03 11:06:38,614 [b3aae556-a738-441a-a487-b3abd5c550e9-groupManagement] INFO  server.RaftServerConfigKeys (ConfUtils.java:logGet(46)) - raft.server.snapshot.trigger-when-stop.enabled = true (default)
2025-01-03 11:06:38,614 [b3aae556-a738-441a-a487-b3abd5c550e9-groupManagement] INFO  server.RaftServerConfigKeys (ConfUtils.java:logGet(46)) - raft.server.snapshot.trigger-when-remove.enabled = true (default)
2025-01-03 11:06:38,614 [b3aae556-a738-441a-a487-b3abd5c550e9-groupManagement] INFO  server.RaftServerConfigKeys (ConfUtils.java:logGet(46)) - raft.server.snapshot.auto.trigger.enabled = true (custom)
2025-01-03 11:06:38,614 [b3aae556-a738-441a-a487-b3abd5c550e9-groupManagement] INFO  server.RaftServerConfigKeys (ConfUtils.java:logGet(46)) - raft.server.snapshot.auto.trigger.threshold = 100000 (custom)
2025-01-03 11:06:38,614 [b3aae556-a738-441a-a487-b3abd5c550e9-groupManagement] INFO  server.RaftServerConfigKeys (ConfUtils.java:logGet(46)) - raft.server.snapshot.retention.file.num = 5 (custom)
2025-01-03 11:06:38,615 [b3aae556-a738-441a-a487-b3abd5c550e9-groupManagement] INFO  server.RaftServerConfigKeys (ConfUtils.java:logGet(46)) - raft.server.log.purge.upto.snapshot.index = false (default)
2025-01-03 11:06:38,615 [b3aae556-a738-441a-a487-b3abd5c550e9@group-93C54FF6C4BB-FollowerState] INFO  server.RaftServerConfigKeys (ConfUtils.java:logFallback(53)) - raft.server.rpc.first-election.timeout.min = 5s (fallback to raft.server.rpc.timeout.min)
2025-01-03 11:06:38,615 [b3aae556-a738-441a-a487-b3abd5c550e9@group-93C54FF6C4BB-FollowerState] INFO  server.RaftServerConfigKeys (ConfUtils.java:logFallback(53)) - raft.server.rpc.first-election.timeout.max = 5200ms (fallback to raft.server.rpc.timeout.max)
2025-01-03 11:06:38,615 [b3aae556-a738-441a-a487-b3abd5c550e9-groupManagement] INFO  server.RaftServer$Division (RaftServerImpl.java:start(405)) - b3aae556-a738-441a-a487-b3abd5c550e9@group-93C54FF6C4BB: Successfully started.
2025-01-03 11:06:38,620 [grpc-default-executor-3] INFO  server.RaftServer (RaftServerProxy.java:addNew(100)) - 64d0bb65-51ab-4184-b53b-4c99ec9daa79: addNew group-93C54FF6C4BB:[e1b7d22e-2b77-47e1-b25b-73a9c9105e09|127.0.0.1:15130, 64d0bb65-51ab-4184-b53b-4c99ec9daa79|127.0.0.1:15139, b3aae556-a738-441a-a487-b3abd5c550e9|127.0.0.1:15148] returns group-93C54FF6C4BB:java.util.concurrent.CompletableFuture@428ce865[Not completed]
2025-01-03 11:06:38,621 [64d0bb65-51ab-4184-b53b-4c99ec9daa79-groupManagement] INFO  server.RaftServer$Division (RaftServerImpl.java:<init>(255)) - 64d0bb65-51ab-4184-b53b-4c99ec9daa79: new RaftServerImpl for group-93C54FF6C4BB:[e1b7d22e-2b77-47e1-b25b-73a9c9105e09|127.0.0.1:15130, 64d0bb65-51ab-4184-b53b-4c99ec9daa79|127.0.0.1:15139, b3aae556-a738-441a-a487-b3abd5c550e9|127.0.0.1:15148] with ContainerStateMachine:uninitialized
2025-01-03 11:06:38,621 [64d0bb65-51ab-4184-b53b-4c99ec9daa79-groupManagement] INFO  server.RaftServerConfigKeys (ConfUtils.java:logGet(46)) - raft.server.rpc.timeout.min = 5s (custom)
2025-01-03 11:06:38,621 [64d0bb65-51ab-4184-b53b-4c99ec9daa79-groupManagement] INFO  server.RaftServerConfigKeys (ConfUtils.java:logGet(46)) - raft.server.rpc.timeout.max = 5200ms (custom)
2025-01-03 11:06:38,621 [64d0bb65-51ab-4184-b53b-4c99ec9daa79-groupManagement] INFO  server.RaftServerConfigKeys (ConfUtils.java:logGet(46)) - raft.server.rpc.sleep.time = 25ms (default)
2025-01-03 11:06:38,621 [64d0bb65-51ab-4184-b53b-4c99ec9daa79-groupManagement] INFO  server.RaftServerConfigKeys (ConfUtils.java:logGet(46)) - raft.server.rpc.slowness.timeout = 300s (custom)
2025-01-03 11:06:38,621 [64d0bb65-51ab-4184-b53b-4c99ec9daa79-groupManagement] INFO  server.RaftServerConfigKeys (ConfUtils.java:logGet(46)) - raft.server.leaderelection.leader.step-down.wait-time = 10s (default)
2025-01-03 11:06:38,621 [64d0bb65-51ab-4184-b53b-4c99ec9daa79-groupManagement] INFO  server.RaftServerConfigKeys (ConfUtils.java:logGet(46)) - raft.server.leaderelection.member.majority-add = false (default)
2025-01-03 11:06:38,621 [64d0bb65-51ab-4184-b53b-4c99ec9daa79-groupManagement] INFO  server.RaftServerConfigKeys (ConfUtils.java:logGet(46)) - raft.server.sleep.deviation.threshold = 300ms (default)
2025-01-03 11:06:38,621 [64d0bb65-51ab-4184-b53b-4c99ec9daa79-groupManagement] INFO  server.RaftServer$Division (ServerState.java:<init>(114)) - 64d0bb65-51ab-4184-b53b-4c99ec9daa79@group-93C54FF6C4BB: ConfigurationManager, init=conf: {index: -1, cur=peers:[e1b7d22e-2b77-47e1-b25b-73a9c9105e09|127.0.0.1:15130, 64d0bb65-51ab-4184-b53b-4c99ec9daa79|127.0.0.1:15139, b3aae556-a738-441a-a487-b3abd5c550e9|127.0.0.1:15148]|listeners:[], old=null}, confs=<EMPTY_MAP>
2025-01-03 11:06:38,621 [64d0bb65-51ab-4184-b53b-4c99ec9daa79-groupManagement] INFO  server.RaftServerConfigKeys (ConfUtils.java:logGet(46)) - raft.server.notification.no-leader.timeout = 300s (custom)
2025-01-03 11:06:38,621 [64d0bb65-51ab-4184-b53b-4c99ec9daa79-groupManagement] INFO  server.RaftServerConfigKeys (ConfUtils.java:logGet(46)) - raft.server.read.timeout = 10s (default)
2025-01-03 11:06:38,621 [64d0bb65-51ab-4184-b53b-4c99ec9daa79-groupManagement] INFO  server.RaftServerConfigKeys (ConfUtils.java:logGet(46)) - raft.server.retrycache.expirytime = 600000ms (custom)
2025-01-03 11:06:38,621 [64d0bb65-51ab-4184-b53b-4c99ec9daa79-groupManagement] INFO  server.RaftServerConfigKeys (ConfUtils.java:logGet(46)) - raft.server.retrycache.statistics.expirytime = 100ms (default)
2025-01-03 11:06:38,621 [64d0bb65-51ab-4184-b53b-4c99ec9daa79-groupManagement] INFO  server.RaftServerConfigKeys (ConfUtils.java:logGet(46)) - raft.server.read.option = DEFAULT (default)
2025-01-03 11:06:38,621 [64d0bb65-51ab-4184-b53b-4c99ec9daa79-groupManagement] INFO  server.RaftServerConfigKeys (ConfUtils.java:logGet(46)) - raft.server.read.read-after-write-consistent.write-index-cache.expiry-time = 60s (default)
2025-01-03 11:06:38,623 [64d0bb65-51ab-4184-b53b-4c99ec9daa79-groupManagement] INFO  server.RaftServerConfigKeys (ConfUtils.java:logGet(46)) - raft.server.rpc.request.timeout = 60s (custom)
2025-01-03 11:06:38,623 [64d0bb65-51ab-4184-b53b-4c99ec9daa79-groupManagement] INFO  server.RaftServerConfigKeys (ConfUtils.java:logGet(46)) - raft.server.log.appender.install.snapshot.enabled = false (custom)
2025-01-03 11:06:38,623 [64d0bb65-51ab-4184-b53b-4c99ec9daa79-groupManagement] INFO  server.RaftServerConfigKeys (ConfUtils.java:logGet(46)) - raft.server.threadpool.server.cached = true (default)
2025-01-03 11:06:38,623 [64d0bb65-51ab-4184-b53b-4c99ec9daa79-groupManagement] INFO  server.RaftServerConfigKeys (ConfUtils.java:logGet(46)) - raft.server.threadpool.server.size = 0 (default)
2025-01-03 11:06:38,623 [64d0bb65-51ab-4184-b53b-4c99ec9daa79-groupManagement] INFO  server.RaftServerConfigKeys (ConfUtils.java:logGet(46)) - raft.server.threadpool.client.cached = true (default)
2025-01-03 11:06:38,623 [64d0bb65-51ab-4184-b53b-4c99ec9daa79-groupManagement] INFO  server.RaftServerConfigKeys (ConfUtils.java:logGet(46)) - raft.server.threadpool.client.size = 0 (default)
2025-01-03 11:06:38,623 [64d0bb65-51ab-4184-b53b-4c99ec9daa79-groupManagement] INFO  server.RaftServerConfigKeys (ConfUtils.java:logGet(46)) - raft.server.storage.free-space.min = 0MB (=0) (default)
2025-01-03 11:06:38,623 [64d0bb65-51ab-4184-b53b-4c99ec9daa79-groupManagement] INFO  server.RaftServerConfigKeys (ConfUtils.java:logGet(46)) - raft.server.log.corruption.policy = EXCEPTION (default)
2025-01-03 11:06:38,623 [64d0bb65-51ab-4184-b53b-4c99ec9daa79-groupManagement] INFO  server.RaftServerConfigKeys (ConfUtils.java:logGet(46)) - raft.server.storage.dir = [/home/runner/work/ozone/ozone/hadoop-ozone/integration-test/target/test-dir/MiniOzoneClusterImpl-3f159d52-719f-49ad-b6d4-3e7f01cb1845/ozone-meta/datanode-2/ratis] (custom)
2025-01-03 11:06:38,623 [64d0bb65-51ab-4184-b53b-4c99ec9daa79-groupManagement] INFO  storage.RaftStorageDirectory (RaftStorageDirectoryImpl.java:analyzeStorage(138)) - The storage directory /home/runner/work/ozone/ozone/hadoop-ozone/integration-test/target/test-dir/MiniOzoneClusterImpl-3f159d52-719f-49ad-b6d4-3e7f01cb1845/ozone-meta/datanode-2/ratis/df10fce6-fd08-4c5a-a6e9-93c54ff6c4bb does not exist. Creating ...
2025-01-03 11:06:38,625 [64d0bb65-51ab-4184-b53b-4c99ec9daa79-groupManagement] INFO  storage.RaftStorageDirectory (RaftStorageDirectoryImpl.java:tryLock(229)) - Lock on /home/runner/work/ozone/ozone/hadoop-ozone/integration-test/target/test-dir/MiniOzoneClusterImpl-3f159d52-719f-49ad-b6d4-3e7f01cb1845/ozone-meta/datanode-2/ratis/df10fce6-fd08-4c5a-a6e9-93c54ff6c4bb/in_use.lock acquired by nodename 70552@fv-az1204-267
2025-01-03 11:06:38,627 [64d0bb65-51ab-4184-b53b-4c99ec9daa79-groupManagement] INFO  storage.RaftStorage (RaftStorageImpl.java:format(98)) - Storage directory /home/runner/work/ozone/ozone/hadoop-ozone/integration-test/target/test-dir/MiniOzoneClusterImpl-3f159d52-719f-49ad-b6d4-3e7f01cb1845/ozone-meta/datanode-2/ratis/df10fce6-fd08-4c5a-a6e9-93c54ff6c4bb has been successfully formatted.
2025-01-03 11:06:38,627 [64d0bb65-51ab-4184-b53b-4c99ec9daa79-groupManagement] INFO  ratis.ContainerStateMachine (ContainerStateMachine.java:initialize(302)) - 64d0bb65-51ab-4184-b53b-4c99ec9daa79: initialize group-93C54FF6C4BB
2025-01-03 11:06:38,627 [64d0bb65-51ab-4184-b53b-4c99ec9daa79-groupManagement] INFO  ratis.ContainerStateMachine (ContainerStateMachine.java:loadSnapshot(310)) - group-93C54FF6C4BB: The snapshot info is null. Setting the last applied index to:(t:0, i:~)
2025-01-03 11:06:38,627 [64d0bb65-51ab-4184-b53b-4c99ec9daa79-groupManagement] INFO  server.RaftServerConfigKeys (ConfUtils.java:logGet(46)) - raft.server.log.use.memory = false (default)
2025-01-03 11:06:38,627 [64d0bb65-51ab-4184-b53b-4c99ec9daa79-groupManagement] INFO  server.RaftServerConfigKeys (ConfUtils.java:logGet(46)) - raft.server.log.purge.gap = 1000000 (custom)
2025-01-03 11:06:38,628 [64d0bb65-51ab-4184-b53b-4c99ec9daa79-groupManagement] INFO  server.RaftServerConfigKeys (ConfUtils.java:logGet(46)) - raft.server.log.appender.buffer.byte-limit = 33554432 (custom)
2025-01-03 11:06:38,628 [64d0bb65-51ab-4184-b53b-4c99ec9daa79-groupManagement] INFO  server.RaftServerConfigKeys (ConfUtils.java:logGet(46)) - raft.server.log.statemachine.data.read.timeout = 1000ms (default)
2025-01-03 11:06:38,628 [64d0bb65-51ab-4184-b53b-4c99ec9daa79-groupManagement] INFO  server.RaftServerConfigKeys (ConfUtils.java:logGet(46)) - raft.server.log.purge.preservation.log.num = 0 (default)
2025-01-03 11:06:38,628 [64d0bb65-51ab-4184-b53b-4c99ec9daa79-groupManagement] INFO  server.RaftServerConfigKeys (ConfUtils.java:logGet(46)) - raft.server.log.segment.size.max = 67108864 (custom)
2025-01-03 11:06:38,629 [64d0bb65-51ab-4184-b53b-4c99ec9daa79-groupManagement] INFO  server.RaftServerConfigKeys (ConfUtils.java:logGet(46)) - raft.server.log.segment.cache.num.max = 2 (custom)
2025-01-03 11:06:38,629 [64d0bb65-51ab-4184-b53b-4c99ec9daa79-groupManagement] INFO  server.RaftServerConfigKeys (ConfUtils.java:logGet(46)) - raft.server.log.segment.cache.size.max = 200MB (=209715200) (default)
2025-01-03 11:06:38,629 [64d0bb65-51ab-4184-b53b-4c99ec9daa79-groupManagement] INFO  server.RaftServerConfigKeys (ConfUtils.java:logGet(46)) - raft.server.log.appender.buffer.byte-limit = 33554432 (custom)
2025-01-03 11:06:38,629 [64d0bb65-51ab-4184-b53b-4c99ec9daa79-groupManagement] INFO  util.AwaitToRun (AwaitToRun.java:start(81)) - Thread[#3632,64d0bb65-51ab-4184-b53b-4c99ec9daa79@group-93C54FF6C4BB-cacheEviction-AwaitToRun,5,main] started
2025-01-03 11:06:38,629 [64d0bb65-51ab-4184-b53b-4c99ec9daa79-groupManagement] INFO  segmented.SegmentedRaftLogWorker (SegmentedRaftLogWorker.java:<init>(188)) - new 64d0bb65-51ab-4184-b53b-4c99ec9daa79@group-93C54FF6C4BB-SegmentedRaftLogWorker for RaftStorageImpl:Storage Directory /home/runner/work/ozone/ozone/hadoop-ozone/integration-test/target/test-dir/MiniOzoneClusterImpl-3f159d52-719f-49ad-b6d4-3e7f01cb1845/ozone-meta/datanode-2/ratis/df10fce6-fd08-4c5a-a6e9-93c54ff6c4bb
2025-01-03 11:06:38,629 [64d0bb65-51ab-4184-b53b-4c99ec9daa79-groupManagement] INFO  server.RaftServerConfigKeys (ConfUtils.java:logGet(46)) - raft.server.log.queue.byte-limit = 4294967296 (custom)
2025-01-03 11:06:38,629 [64d0bb65-51ab-4184-b53b-4c99ec9daa79-groupManagement] INFO  server.RaftServerConfigKeys (ConfUtils.java:logGet(46)) - raft.server.log.queue.element-limit = 1024 (custom)
2025-01-03 11:06:38,629 [64d0bb65-51ab-4184-b53b-4c99ec9daa79-groupManagement] INFO  server.RaftServerConfigKeys (ConfUtils.java:logGet(46)) - raft.server.log.segment.size.max = 67108864 (custom)
2025-01-03 11:06:38,630 [64d0bb65-51ab-4184-b53b-4c99ec9daa79-groupManagement] INFO  server.RaftServerConfigKeys (ConfUtils.java:logGet(46)) - raft.server.log.preallocated.size = 4194304 (custom)
2025-01-03 11:06:38,630 [64d0bb65-51ab-4184-b53b-4c99ec9daa79-groupManagement] INFO  server.RaftServerConfigKeys (ConfUtils.java:logGet(46)) - raft.server.log.force.sync.num = 128 (default)
2025-01-03 11:06:38,630 [64d0bb65-51ab-4184-b53b-4c99ec9daa79-groupManagement] INFO  server.RaftServerConfigKeys (ConfUtils.java:logGet(46)) - raft.server.log.statemachine.data.sync = true (default)
2025-01-03 11:06:38,630 [64d0bb65-51ab-4184-b53b-4c99ec9daa79-groupManagement] INFO  server.RaftServerConfigKeys (ConfUtils.java:logGet(46)) - raft.server.log.statemachine.data.sync.timeout = 10s (default)
2025-01-03 11:06:38,630 [64d0bb65-51ab-4184-b53b-4c99ec9daa79-groupManagement] INFO  server.RaftServerConfigKeys (ConfUtils.java:logGet(46)) - raft.server.log.statemachine.data.sync.timeout.retry = 30 (custom)
2025-01-03 11:06:38,630 [64d0bb65-51ab-4184-b53b-4c99ec9daa79-groupManagement] INFO  server.RaftServerConfigKeys (ConfUtils.java:logGet(46)) - raft.server.log.write.buffer.size = 33554440 (custom)
2025-01-03 11:06:38,634 [64d0bb65-51ab-4184-b53b-4c99ec9daa79-groupManagement] INFO  server.RaftServerConfigKeys (ConfUtils.java:logGet(46)) - raft.server.log.appender.buffer.byte-limit = 33554432 (custom)
2025-01-03 11:06:38,634 [64d0bb65-51ab-4184-b53b-4c99ec9daa79-groupManagement] INFO  server.RaftServerConfigKeys (ConfUtils.java:logGet(46)) - raft.server.log.unsafe-flush.enabled = false (default)
2025-01-03 11:06:38,634 [64d0bb65-51ab-4184-b53b-4c99ec9daa79-groupManagement] INFO  server.RaftServerConfigKeys (ConfUtils.java:logGet(46)) - raft.server.log.async-flush.enabled = false (default)
2025-01-03 11:06:38,634 [64d0bb65-51ab-4184-b53b-4c99ec9daa79-groupManagement] INFO  server.RaftServerConfigKeys (ConfUtils.java:logGet(46)) - raft.server.log.statemachine.data.caching.enabled = true (custom)
2025-01-03 11:06:38,635 [64d0bb65-51ab-4184-b53b-4c99ec9daa79-groupManagement] INFO  segmented.SegmentedRaftLogWorker (SegmentedRaftLogWorker.java:lambda$new$0(139)) - 64d0bb65-51ab-4184-b53b-4c99ec9daa79@group-93C54FF6C4BB-SegmentedRaftLogWorker: flushIndex: setUnconditionally 0 -> -1
2025-01-03 11:06:38,635 [64d0bb65-51ab-4184-b53b-4c99ec9daa79-groupManagement] INFO  segmented.SegmentedRaftLogWorker (SegmentedRaftLogWorker.java:lambda$new$0(139)) - 64d0bb65-51ab-4184-b53b-4c99ec9daa79@group-93C54FF6C4BB-SegmentedRaftLogWorker: safeCacheEvictIndex: setUnconditionally 0 -> -1
2025-01-03 11:06:38,635 [64d0bb65-51ab-4184-b53b-4c99ec9daa79-groupManagement] INFO  server.RaftServer$Division (RaftServerImpl.java:start(391)) - 64d0bb65-51ab-4184-b53b-4c99ec9daa79@group-93C54FF6C4BB: start as a follower, conf=conf: {index: -1, cur=peers:[e1b7d22e-2b77-47e1-b25b-73a9c9105e09|127.0.0.1:15130, 64d0bb65-51ab-4184-b53b-4c99ec9daa79|127.0.0.1:15139, b3aae556-a738-441a-a487-b3abd5c550e9|127.0.0.1:15148]|listeners:[], old=null}
2025-01-03 11:06:38,635 [64d0bb65-51ab-4184-b53b-4c99ec9daa79-groupManagement] INFO  server.RaftServer$Division (RaftServerImpl.java:setRole(378)) - 64d0bb65-51ab-4184-b53b-4c99ec9daa79@group-93C54FF6C4BB: changes role from      null to FOLLOWER at term 0 for startAsFollower
2025-01-03 11:06:38,635 [64d0bb65-51ab-4184-b53b-4c99ec9daa79-groupManagement] INFO  impl.RoleInfo (RoleInfo.java:updateAndGet(148)) - 64d0bb65-51ab-4184-b53b-4c99ec9daa79: start 64d0bb65-51ab-4184-b53b-4c99ec9daa79@group-93C54FF6C4BB-FollowerState
2025-01-03 11:06:38,636 [64d0bb65-51ab-4184-b53b-4c99ec9daa79@group-93C54FF6C4BB-FollowerState] INFO  server.RaftServerConfigKeys (ConfUtils.java:logFallback(53)) - raft.server.rpc.first-election.timeout.min = 5s (fallback to raft.server.rpc.timeout.min)
2025-01-03 11:06:38,636 [64d0bb65-51ab-4184-b53b-4c99ec9daa79@group-93C54FF6C4BB-FollowerState] INFO  server.RaftServerConfigKeys (ConfUtils.java:logFallback(53)) - raft.server.rpc.first-election.timeout.max = 5200ms (fallback to raft.server.rpc.timeout.max)
2025-01-03 11:06:38,636 [64d0bb65-51ab-4184-b53b-4c99ec9daa79-groupManagement] INFO  util.JmxRegister (JmxRegister.java:tryRegister(44)) - Successfully registered JMX Bean with object name Ratis:service=RaftServer,group=group-93C54FF6C4BB,id=64d0bb65-51ab-4184-b53b-4c99ec9daa79
2025-01-03 11:06:38,636 [64d0bb65-51ab-4184-b53b-4c99ec9daa79-groupManagement] INFO  util.JmxRegister (JmxRegister.java:register(58)) - register mxBean class org.apache.ratis.server.impl.RaftServerJmxAdapter as Ratis:service=RaftServer,group=group-93C54FF6C4BB,id=64d0bb65-51ab-4184-b53b-4c99ec9daa79
2025-01-03 11:06:38,636 [64d0bb65-51ab-4184-b53b-4c99ec9daa79-groupManagement] INFO  server.RaftServerConfigKeys (ConfUtils.java:logGet(46)) - raft.server.snapshot.trigger-when-stop.enabled = true (default)
2025-01-03 11:06:38,636 [64d0bb65-51ab-4184-b53b-4c99ec9daa79-groupManagement] INFO  server.RaftServerConfigKeys (ConfUtils.java:logGet(46)) - raft.server.snapshot.trigger-when-remove.enabled = true (default)
2025-01-03 11:06:38,636 [64d0bb65-51ab-4184-b53b-4c99ec9daa79-groupManagement] INFO  server.RaftServerConfigKeys (ConfUtils.java:logGet(46)) - raft.server.snapshot.auto.trigger.enabled = true (custom)
2025-01-03 11:06:38,636 [64d0bb65-51ab-4184-b53b-4c99ec9daa79-groupManagement] INFO  server.RaftServerConfigKeys (ConfUtils.java:logGet(46)) - raft.server.snapshot.auto.trigger.threshold = 100000 (custom)
2025-01-03 11:06:38,636 [64d0bb65-51ab-4184-b53b-4c99ec9daa79-groupManagement] INFO  server.RaftServerConfigKeys (ConfUtils.java:logGet(46)) - raft.server.snapshot.retention.file.num = 5 (custom)
2025-01-03 11:06:38,636 [64d0bb65-51ab-4184-b53b-4c99ec9daa79-groupManagement] INFO  server.RaftServerConfigKeys (ConfUtils.java:logGet(46)) - raft.server.log.purge.upto.snapshot.index = false (default)
2025-01-03 11:06:38,637 [64d0bb65-51ab-4184-b53b-4c99ec9daa79-groupManagement] INFO  server.RaftServer$Division (RaftServerImpl.java:start(405)) - 64d0bb65-51ab-4184-b53b-4c99ec9daa79@group-93C54FF6C4BB: Successfully started.
2025-01-03 11:06:38,638 [e1b7d22e-2b77-47e1-b25b-73a9c9105e09-PipelineCommandHandlerThread-0] INFO  commandhandler.CreatePipelineCommandHandler (CreatePipelineCommandHandler.java:lambda$handle$2(129)) - Created Pipeline RATIS THREE PipelineID=df10fce6-fd08-4c5a-a6e9-93c54ff6c4bb.
2025-01-03 11:06:38,664 [64d0bb65-51ab-4184-b53b-4c99ec9daa79-PipelineCommandHandlerThread-0] INFO  server.RaftServer (RaftServerProxy.java:addNew(100)) - 64d0bb65-51ab-4184-b53b-4c99ec9daa79: addNew group-B09451480444:[64d0bb65-51ab-4184-b53b-4c99ec9daa79|127.0.0.1:15139] returns group-B09451480444:java.util.concurrent.CompletableFuture@79ae149c[Not completed]
2025-01-03 11:06:38,665 [64d0bb65-51ab-4184-b53b-4c99ec9daa79-groupManagement] INFO  server.RaftServer$Division (RaftServerImpl.java:<init>(255)) - 64d0bb65-51ab-4184-b53b-4c99ec9daa79: new RaftServerImpl for group-B09451480444:[64d0bb65-51ab-4184-b53b-4c99ec9daa79|127.0.0.1:15139] with ContainerStateMachine:uninitialized
2025-01-03 11:06:38,665 [64d0bb65-51ab-4184-b53b-4c99ec9daa79-groupManagement] INFO  server.RaftServerConfigKeys (ConfUtils.java:logGet(46)) - raft.server.rpc.timeout.min = 5s (custom)
2025-01-03 11:06:38,666 [64d0bb65-51ab-4184-b53b-4c99ec9daa79-groupManagement] INFO  server.RaftServerConfigKeys (ConfUtils.java:logGet(46)) - raft.server.rpc.timeout.max = 5200ms (custom)
2025-01-03 11:06:38,666 [64d0bb65-51ab-4184-b53b-4c99ec9daa79-groupManagement] INFO  server.RaftServerConfigKeys (ConfUtils.java:logGet(46)) - raft.server.rpc.sleep.time = 25ms (default)
2025-01-03 11:06:38,666 [64d0bb65-51ab-4184-b53b-4c99ec9daa79-groupManagement] INFO  server.RaftServerConfigKeys (ConfUtils.java:logGet(46)) - raft.server.rpc.slowness.timeout = 300s (custom)
2025-01-03 11:06:38,666 [64d0bb65-51ab-4184-b53b-4c99ec9daa79-groupManagement] INFO  server.RaftServerConfigKeys (ConfUtils.java:logGet(46)) - raft.server.leaderelection.leader.step-down.wait-time = 10s (default)
2025-01-03 11:06:38,666 [64d0bb65-51ab-4184-b53b-4c99ec9daa79-groupManagement] INFO  server.RaftServerConfigKeys (ConfUtils.java:logGet(46)) - raft.server.leaderelection.member.majority-add = false (default)
2025-01-03 11:06:38,666 [64d0bb65-51ab-4184-b53b-4c99ec9daa79-groupManagement] INFO  server.RaftServerConfigKeys (ConfUtils.java:logGet(46)) - raft.server.sleep.deviation.threshold = 300ms (default)
2025-01-03 11:06:38,666 [64d0bb65-51ab-4184-b53b-4c99ec9daa79-groupManagement] INFO  server.RaftServer$Division (ServerState.java:<init>(114)) - 64d0bb65-51ab-4184-b53b-4c99ec9daa79@group-B09451480444: ConfigurationManager, init=conf: {index: -1, cur=peers:[64d0bb65-51ab-4184-b53b-4c99ec9daa79|127.0.0.1:15139]|listeners:[], old=null}, confs=<EMPTY_MAP>
2025-01-03 11:06:38,666 [64d0bb65-51ab-4184-b53b-4c99ec9daa79-groupManagement] INFO  server.RaftServerConfigKeys (ConfUtils.java:logGet(46)) - raft.server.notification.no-leader.timeout = 300s (custom)
2025-01-03 11:06:38,666 [64d0bb65-51ab-4184-b53b-4c99ec9daa79-groupManagement] INFO  server.RaftServerConfigKeys (ConfUtils.java:logGet(46)) - raft.server.read.timeout = 10s (default)
2025-01-03 11:06:38,666 [64d0bb65-51ab-4184-b53b-4c99ec9daa79-groupManagement] INFO  server.RaftServerConfigKeys (ConfUtils.java:logGet(46)) - raft.server.retrycache.expirytime = 600000ms (custom)
2025-01-03 11:06:38,666 [64d0bb65-51ab-4184-b53b-4c99ec9daa79-groupManagement] INFO  server.RaftServerConfigKeys (ConfUtils.java:logGet(46)) - raft.server.retrycache.statistics.expirytime = 100ms (default)
2025-01-03 11:06:38,666 [64d0bb65-51ab-4184-b53b-4c99ec9daa79-groupManagement] INFO  server.RaftServerConfigKeys (ConfUtils.java:logGet(46)) - raft.server.read.option = DEFAULT (default)
2025-01-03 11:06:38,666 [64d0bb65-51ab-4184-b53b-4c99ec9daa79-groupManagement] INFO  server.RaftServerConfigKeys (ConfUtils.java:logGet(46)) - raft.server.read.read-after-write-consistent.write-index-cache.expiry-time = 60s (default)
2025-01-03 11:06:38,667 [64d0bb65-51ab-4184-b53b-4c99ec9daa79-groupManagement] INFO  server.RaftServerConfigKeys (ConfUtils.java:logGet(46)) - raft.server.rpc.request.timeout = 60s (custom)
2025-01-03 11:06:38,667 [64d0bb65-51ab-4184-b53b-4c99ec9daa79-groupManagement] INFO  server.RaftServerConfigKeys (ConfUtils.java:logGet(46)) - raft.server.log.appender.install.snapshot.enabled = false (custom)
2025-01-03 11:06:38,668 [64d0bb65-51ab-4184-b53b-4c99ec9daa79-groupManagement] INFO  server.RaftServerConfigKeys (ConfUtils.java:logGet(46)) - raft.server.threadpool.server.cached = true (default)
2025-01-03 11:06:38,668 [64d0bb65-51ab-4184-b53b-4c99ec9daa79-groupManagement] INFO  server.RaftServerConfigKeys (ConfUtils.java:logGet(46)) - raft.server.threadpool.server.size = 0 (default)
2025-01-03 11:06:38,668 [64d0bb65-51ab-4184-b53b-4c99ec9daa79-groupManagement] INFO  server.RaftServerConfigKeys (ConfUtils.java:logGet(46)) - raft.server.threadpool.client.cached = true (default)
2025-01-03 11:06:38,668 [64d0bb65-51ab-4184-b53b-4c99ec9daa79-groupManagement] INFO  server.RaftServerConfigKeys (ConfUtils.java:logGet(46)) - raft.server.threadpool.client.size = 0 (default)
2025-01-03 11:06:38,668 [64d0bb65-51ab-4184-b53b-4c99ec9daa79-groupManagement] INFO  server.RaftServerConfigKeys (ConfUtils.java:logGet(46)) - raft.server.storage.free-space.min = 0MB (=0) (default)
2025-01-03 11:06:38,668 [64d0bb65-51ab-4184-b53b-4c99ec9daa79-groupManagement] INFO  server.RaftServerConfigKeys (ConfUtils.java:logGet(46)) - raft.server.log.corruption.policy = EXCEPTION (default)
2025-01-03 11:06:38,668 [64d0bb65-51ab-4184-b53b-4c99ec9daa79-groupManagement] INFO  server.RaftServerConfigKeys (ConfUtils.java:logGet(46)) - raft.server.storage.dir = [/home/runner/work/ozone/ozone/hadoop-ozone/integration-test/target/test-dir/MiniOzoneClusterImpl-3f159d52-719f-49ad-b6d4-3e7f01cb1845/ozone-meta/datanode-2/ratis] (custom)
2025-01-03 11:06:38,668 [64d0bb65-51ab-4184-b53b-4c99ec9daa79-groupManagement] INFO  storage.RaftStorageDirectory (RaftStorageDirectoryImpl.java:analyzeStorage(138)) - The storage directory /home/runner/work/ozone/ozone/hadoop-ozone/integration-test/target/test-dir/MiniOzoneClusterImpl-3f159d52-719f-49ad-b6d4-3e7f01cb1845/ozone-meta/datanode-2/ratis/f0551fbc-4ac1-4c32-b222-b09451480444 does not exist. Creating ...
2025-01-03 11:06:38,669 [64d0bb65-51ab-4184-b53b-4c99ec9daa79-groupManagement] INFO  storage.RaftStorageDirectory (RaftStorageDirectoryImpl.java:tryLock(229)) - Lock on /home/runner/work/ozone/ozone/hadoop-ozone/integration-test/target/test-dir/MiniOzoneClusterImpl-3f159d52-719f-49ad-b6d4-3e7f01cb1845/ozone-meta/datanode-2/ratis/f0551fbc-4ac1-4c32-b222-b09451480444/in_use.lock acquired by nodename 70552@fv-az1204-267
2025-01-03 11:06:38,670 [64d0bb65-51ab-4184-b53b-4c99ec9daa79-groupManagement] INFO  storage.RaftStorage (RaftStorageImpl.java:format(98)) - Storage directory /home/runner/work/ozone/ozone/hadoop-ozone/integration-test/target/test-dir/MiniOzoneClusterImpl-3f159d52-719f-49ad-b6d4-3e7f01cb1845/ozone-meta/datanode-2/ratis/f0551fbc-4ac1-4c32-b222-b09451480444 has been successfully formatted.
2025-01-03 11:06:38,671 [64d0bb65-51ab-4184-b53b-4c99ec9daa79-groupManagement] INFO  ratis.ContainerStateMachine (ContainerStateMachine.java:initialize(302)) - 64d0bb65-51ab-4184-b53b-4c99ec9daa79: initialize group-B09451480444
2025-01-03 11:06:38,671 [64d0bb65-51ab-4184-b53b-4c99ec9daa79-groupManagement] INFO  ratis.ContainerStateMachine (ContainerStateMachine.java:loadSnapshot(310)) - group-B09451480444: The snapshot info is null. Setting the last applied index to:(t:0, i:~)
2025-01-03 11:06:38,671 [64d0bb65-51ab-4184-b53b-4c99ec9daa79-groupManagement] INFO  server.RaftServerConfigKeys (ConfUtils.java:logGet(46)) - raft.server.log.use.memory = false (default)
2025-01-03 11:06:38,671 [64d0bb65-51ab-4184-b53b-4c99ec9daa79-groupManagement] INFO  server.RaftServerConfigKeys (ConfUtils.java:logGet(46)) - raft.server.log.purge.gap = 1000000 (custom)
2025-01-03 11:06:38,671 [64d0bb65-51ab-4184-b53b-4c99ec9daa79-groupManagement] INFO  server.RaftServerConfigKeys (ConfUtils.java:logGet(46)) - raft.server.log.appender.buffer.byte-limit = 33554432 (custom)
2025-01-03 11:06:38,671 [64d0bb65-51ab-4184-b53b-4c99ec9daa79-groupManagement] INFO  server.RaftServerConfigKeys (ConfUtils.java:logGet(46)) - raft.server.log.statemachine.data.read.timeout = 1000ms (default)
2025-01-03 11:06:38,671 [64d0bb65-51ab-4184-b53b-4c99ec9daa79-groupManagement] INFO  server.RaftServerConfigKeys (ConfUtils.java:logGet(46)) - raft.server.log.purge.preservation.log.num = 0 (default)
2025-01-03 11:06:38,672 [64d0bb65-51ab-4184-b53b-4c99ec9daa79-groupManagement] INFO  server.RaftServerConfigKeys (ConfUtils.java:logGet(46)) - raft.server.log.segment.size.max = 67108864 (custom)
2025-01-03 11:06:38,672 [64d0bb65-51ab-4184-b53b-4c99ec9daa79-groupManagement] INFO  server.RaftServerConfigKeys (ConfUtils.java:logGet(46)) - raft.server.log.segment.cache.num.max = 2 (custom)
2025-01-03 11:06:38,672 [64d0bb65-51ab-4184-b53b-4c99ec9daa79-groupManagement] INFO  server.RaftServerConfigKeys (ConfUtils.java:logGet(46)) - raft.server.log.segment.cache.size.max = 200MB (=209715200) (default)
2025-01-03 11:06:38,672 [64d0bb65-51ab-4184-b53b-4c99ec9daa79-groupManagement] INFO  server.RaftServerConfigKeys (ConfUtils.java:logGet(46)) - raft.server.log.appender.buffer.byte-limit = 33554432 (custom)
2025-01-03 11:06:38,673 [64d0bb65-51ab-4184-b53b-4c99ec9daa79-groupManagement] INFO  util.AwaitToRun (AwaitToRun.java:start(81)) - Thread[#3640,64d0bb65-51ab-4184-b53b-4c99ec9daa79@group-B09451480444-cacheEviction-AwaitToRun,5,main] started
2025-01-03 11:06:38,673 [64d0bb65-51ab-4184-b53b-4c99ec9daa79-groupManagement] INFO  segmented.SegmentedRaftLogWorker (SegmentedRaftLogWorker.java:<init>(188)) - new 64d0bb65-51ab-4184-b53b-4c99ec9daa79@group-B09451480444-SegmentedRaftLogWorker for RaftStorageImpl:Storage Directory /home/runner/work/ozone/ozone/hadoop-ozone/integration-test/target/test-dir/MiniOzoneClusterImpl-3f159d52-719f-49ad-b6d4-3e7f01cb1845/ozone-meta/datanode-2/ratis/f0551fbc-4ac1-4c32-b222-b09451480444
2025-01-03 11:06:38,673 [64d0bb65-51ab-4184-b53b-4c99ec9daa79-groupManagement] INFO  server.RaftServerConfigKeys (ConfUtils.java:logGet(46)) - raft.server.log.queue.byte-limit = 4294967296 (custom)
2025-01-03 11:06:38,673 [64d0bb65-51ab-4184-b53b-4c99ec9daa79-groupManagement] INFO  server.RaftServerConfigKeys (ConfUtils.java:logGet(46)) - raft.server.log.queue.element-limit = 1024 (custom)
2025-01-03 11:06:38,673 [64d0bb65-51ab-4184-b53b-4c99ec9daa79-groupManagement] INFO  server.RaftServerConfigKeys (ConfUtils.java:logGet(46)) - raft.server.log.segment.size.max = 67108864 (custom)
2025-01-03 11:06:38,673 [64d0bb65-51ab-4184-b53b-4c99ec9daa79-groupManagement] INFO  server.RaftServerConfigKeys (ConfUtils.java:logGet(46)) - raft.server.log.preallocated.size = 4194304 (custom)
2025-01-03 11:06:38,673 [64d0bb65-51ab-4184-b53b-4c99ec9daa79-groupManagement] INFO  server.RaftServerConfigKeys (ConfUtils.java:logGet(46)) - raft.server.log.force.sync.num = 128 (default)
2025-01-03 11:06:38,673 [64d0bb65-51ab-4184-b53b-4c99ec9daa79-groupManagement] INFO  server.RaftServerConfigKeys (ConfUtils.java:logGet(46)) - raft.server.log.statemachine.data.sync = true (default)
2025-01-03 11:06:38,673 [64d0bb65-51ab-4184-b53b-4c99ec9daa79-groupManagement] INFO  server.RaftServerConfigKeys (ConfUtils.java:logGet(46)) - raft.server.log.statemachine.data.sync.timeout = 10s (default)
2025-01-03 11:06:38,673 [64d0bb65-51ab-4184-b53b-4c99ec9daa79-groupManagement] INFO  server.RaftServerConfigKeys (ConfUtils.java:logGet(46)) - raft.server.log.statemachine.data.sync.timeout.retry = 30 (custom)
2025-01-03 11:06:38,673 [64d0bb65-51ab-4184-b53b-4c99ec9daa79-groupManagement] INFO  server.RaftServerConfigKeys (ConfUtils.java:logGet(46)) - raft.server.log.write.buffer.size = 33554440 (custom)
2025-01-03 11:06:38,675 [c4ddaf89-5638-4166-93d2-d351e01626c9@group-3E7F01CB1845-StateMachineUpdater] INFO  safemode.HealthyPipelineSafeModeRule (HealthyPipelineSafeModeRule.java:initializeRule(172)) - Refreshed total pipeline count is 0, healthy pipeline threshold count is 1
2025-01-03 11:06:38,675 [scmNode-1-EventQueue-PipelineReportForPipelineReportHandler] INFO  pipeline.PipelineReportHandler (PipelineReportHandler.java:processPipelineReport(147)) - Opened pipeline PipelineID=f0551fbc-4ac1-4c32-b222-b09451480444
2025-01-03 11:06:38,675 [scmNode-1-EventQueue-OpenPipelineForHealthyPipelineSafeModeRule] INFO  safemode.SCMSafeModeManager (HealthyPipelineSafeModeRule.java:process(140)) - SCM in safe mode. Healthy pipelines reported count is 0, required healthy pipeline reported count is 1
2025-01-03 11:06:38,680 [64d0bb65-51ab-4184-b53b-4c99ec9daa79-groupManagement] INFO  server.RaftServerConfigKeys (ConfUtils.java:logGet(46)) - raft.server.log.appender.buffer.byte-limit = 33554432 (custom)
2025-01-03 11:06:38,680 [64d0bb65-51ab-4184-b53b-4c99ec9daa79-groupManagement] INFO  server.RaftServerConfigKeys (ConfUtils.java:logGet(46)) - raft.server.log.unsafe-flush.enabled = false (default)
2025-01-03 11:06:38,680 [64d0bb65-51ab-4184-b53b-4c99ec9daa79-groupManagement] INFO  server.RaftServerConfigKeys (ConfUtils.java:logGet(46)) - raft.server.log.async-flush.enabled = false (default)
2025-01-03 11:06:38,680 [64d0bb65-51ab-4184-b53b-4c99ec9daa79-groupManagement] INFO  server.RaftServerConfigKeys (ConfUtils.java:logGet(46)) - raft.server.log.statemachine.data.caching.enabled = true (custom)
2025-01-03 11:06:38,680 [64d0bb65-51ab-4184-b53b-4c99ec9daa79-groupManagement] INFO  segmented.SegmentedRaftLogWorker (SegmentedRaftLogWorker.java:lambda$new$0(139)) - 64d0bb65-51ab-4184-b53b-4c99ec9daa79@group-B09451480444-SegmentedRaftLogWorker: flushIndex: setUnconditionally 0 -> -1
2025-01-03 11:06:38,680 [64d0bb65-51ab-4184-b53b-4c99ec9daa79-groupManagement] INFO  segmented.SegmentedRaftLogWorker (SegmentedRaftLogWorker.java:lambda$new$0(139)) - 64d0bb65-51ab-4184-b53b-4c99ec9daa79@group-B09451480444-SegmentedRaftLogWorker: safeCacheEvictIndex: setUnconditionally 0 -> -1
2025-01-03 11:06:38,680 [64d0bb65-51ab-4184-b53b-4c99ec9daa79-groupManagement] INFO  server.RaftServer$Division (RaftServerImpl.java:start(391)) - 64d0bb65-51ab-4184-b53b-4c99ec9daa79@group-B09451480444: start as a follower, conf=conf: {index: -1, cur=peers:[64d0bb65-51ab-4184-b53b-4c99ec9daa79|127.0.0.1:15139]|listeners:[], old=null}
2025-01-03 11:06:38,680 [64d0bb65-51ab-4184-b53b-4c99ec9daa79-groupManagement] INFO  server.RaftServer$Division (RaftServerImpl.java:setRole(378)) - 64d0bb65-51ab-4184-b53b-4c99ec9daa79@group-B09451480444: changes role from      null to FOLLOWER at term 0 for startAsFollower
2025-01-03 11:06:38,680 [64d0bb65-51ab-4184-b53b-4c99ec9daa79-groupManagement] INFO  impl.RoleInfo (RoleInfo.java:updateAndGet(148)) - 64d0bb65-51ab-4184-b53b-4c99ec9daa79: start 64d0bb65-51ab-4184-b53b-4c99ec9daa79@group-B09451480444-FollowerState
2025-01-03 11:06:38,681 [64d0bb65-51ab-4184-b53b-4c99ec9daa79-groupManagement] INFO  util.JmxRegister (JmxRegister.java:tryRegister(44)) - Successfully registered JMX Bean with object name Ratis:service=RaftServer,group=group-B09451480444,id=64d0bb65-51ab-4184-b53b-4c99ec9daa79
2025-01-03 11:06:38,681 [64d0bb65-51ab-4184-b53b-4c99ec9daa79-groupManagement] INFO  util.JmxRegister (JmxRegister.java:register(58)) - register mxBean class org.apache.ratis.server.impl.RaftServerJmxAdapter as Ratis:service=RaftServer,group=group-B09451480444,id=64d0bb65-51ab-4184-b53b-4c99ec9daa79
2025-01-03 11:06:38,681 [64d0bb65-51ab-4184-b53b-4c99ec9daa79-groupManagement] INFO  server.RaftServerConfigKeys (ConfUtils.java:logGet(46)) - raft.server.snapshot.trigger-when-stop.enabled = true (default)
2025-01-03 11:06:38,681 [64d0bb65-51ab-4184-b53b-4c99ec9daa79-groupManagement] INFO  server.RaftServerConfigKeys (ConfUtils.java:logGet(46)) - raft.server.snapshot.trigger-when-remove.enabled = true (default)
2025-01-03 11:06:38,681 [64d0bb65-51ab-4184-b53b-4c99ec9daa79-groupManagement] INFO  server.RaftServerConfigKeys (ConfUtils.java:logGet(46)) - raft.server.snapshot.auto.trigger.enabled = true (custom)
2025-01-03 11:06:38,681 [64d0bb65-51ab-4184-b53b-4c99ec9daa79-groupManagement] INFO  server.RaftServerConfigKeys (ConfUtils.java:logGet(46)) - raft.server.snapshot.auto.trigger.threshold = 100000 (custom)
2025-01-03 11:06:38,681 [64d0bb65-51ab-4184-b53b-4c99ec9daa79-groupManagement] INFO  server.RaftServerConfigKeys (ConfUtils.java:logGet(46)) - raft.server.snapshot.retention.file.num = 5 (custom)
2025-01-03 11:06:38,681 [64d0bb65-51ab-4184-b53b-4c99ec9daa79-groupManagement] INFO  server.RaftServerConfigKeys (ConfUtils.java:logGet(46)) - raft.server.log.purge.upto.snapshot.index = false (default)
2025-01-03 11:06:38,681 [64d0bb65-51ab-4184-b53b-4c99ec9daa79@group-B09451480444-FollowerState] INFO  server.RaftServerConfigKeys (ConfUtils.java:logFallback(53)) - raft.server.rpc.first-election.timeout.min = 5s (fallback to raft.server.rpc.timeout.min)
2025-01-03 11:06:38,681 [64d0bb65-51ab-4184-b53b-4c99ec9daa79@group-B09451480444-FollowerState] INFO  server.RaftServerConfigKeys (ConfUtils.java:logFallback(53)) - raft.server.rpc.first-election.timeout.max = 5200ms (fallback to raft.server.rpc.timeout.max)
2025-01-03 11:06:38,682 [64d0bb65-51ab-4184-b53b-4c99ec9daa79-groupManagement] INFO  server.RaftServer$Division (RaftServerImpl.java:start(405)) - 64d0bb65-51ab-4184-b53b-4c99ec9daa79@group-B09451480444: Successfully started.
2025-01-03 11:06:38,682 [64d0bb65-51ab-4184-b53b-4c99ec9daa79-PipelineCommandHandlerThread-0] INFO  ratis.XceiverServerRatis (XceiverServerRatis.java:addGroup(844)) - Created group PipelineID=f0551fbc-4ac1-4c32-b222-b09451480444
2025-01-03 11:06:38,682 [64d0bb65-51ab-4184-b53b-4c99ec9daa79-PipelineCommandHandlerThread-0] INFO  commandhandler.CreatePipelineCommandHandler (CreatePipelineCommandHandler.java:lambda$handle$2(129)) - Created Pipeline RATIS ONE PipelineID=f0551fbc-4ac1-4c32-b222-b09451480444.
2025-01-03 11:06:38,926 [b3aae556-a738-441a-a487-b3abd5c550e9-PipelineCommandHandlerThread-0] INFO  server.RaftServer (RaftServerProxy.java:addNew(100)) - b3aae556-a738-441a-a487-b3abd5c550e9: addNew group-3B5CCC8D4EC5:[b3aae556-a738-441a-a487-b3abd5c550e9|127.0.0.1:15148] returns group-3B5CCC8D4EC5:java.util.concurrent.CompletableFuture@6df2da0[Not completed]
2025-01-03 11:06:38,926 [main] INFO  ozone.MiniOzoneClusterImpl (MiniOzoneClusterImpl.java:lambda$waitForClusterToBeReady$0(219)) - Nodes are ready. Got 3 of 3 DN Heartbeats.
2025-01-03 11:06:38,927 [main] INFO  ozone.MiniOzoneClusterImpl (MiniOzoneClusterImpl.java:lambda$waitForClusterToBeReady$0(222)) - Waiting for cluster to exit safe mode
2025-01-03 11:06:38,927 [main] INFO  ozone.MiniOzoneClusterImpl (MiniOzoneClusterImpl.java:lambda$waitForClusterToBeReady$0(224)) - SCM became leader
2025-01-03 11:06:38,927 [b3aae556-a738-441a-a487-b3abd5c550e9-groupManagement] INFO  server.RaftServer$Division (RaftServerImpl.java:<init>(255)) - b3aae556-a738-441a-a487-b3abd5c550e9: new RaftServerImpl for group-3B5CCC8D4EC5:[b3aae556-a738-441a-a487-b3abd5c550e9|127.0.0.1:15148] with ContainerStateMachine:uninitialized
2025-01-03 11:06:38,927 [b3aae556-a738-441a-a487-b3abd5c550e9-groupManagement] INFO  server.RaftServerConfigKeys (ConfUtils.java:logGet(46)) - raft.server.rpc.timeout.min = 5s (custom)
2025-01-03 11:06:38,927 [b3aae556-a738-441a-a487-b3abd5c550e9-groupManagement] INFO  server.RaftServerConfigKeys (ConfUtils.java:logGet(46)) - raft.server.rpc.timeout.max = 5200ms (custom)
2025-01-03 11:06:38,928 [b3aae556-a738-441a-a487-b3abd5c550e9-groupManagement] INFO  server.RaftServerConfigKeys (ConfUtils.java:logGet(46)) - raft.server.rpc.sleep.time = 25ms (default)
2025-01-03 11:06:38,928 [b3aae556-a738-441a-a487-b3abd5c550e9-groupManagement] INFO  server.RaftServerConfigKeys (ConfUtils.java:logGet(46)) - raft.server.rpc.slowness.timeout = 300s (custom)
2025-01-03 11:06:38,928 [b3aae556-a738-441a-a487-b3abd5c550e9-groupManagement] INFO  server.RaftServerConfigKeys (ConfUtils.java:logGet(46)) - raft.server.leaderelection.leader.step-down.wait-time = 10s (default)
2025-01-03 11:06:38,928 [b3aae556-a738-441a-a487-b3abd5c550e9-groupManagement] INFO  server.RaftServerConfigKeys (ConfUtils.java:logGet(46)) - raft.server.leaderelection.member.majority-add = false (default)
2025-01-03 11:06:38,928 [b3aae556-a738-441a-a487-b3abd5c550e9-groupManagement] INFO  server.RaftServerConfigKeys (ConfUtils.java:logGet(46)) - raft.server.sleep.deviation.threshold = 300ms (default)
2025-01-03 11:06:38,928 [b3aae556-a738-441a-a487-b3abd5c550e9-groupManagement] INFO  server.RaftServer$Division (ServerState.java:<init>(114)) - b3aae556-a738-441a-a487-b3abd5c550e9@group-3B5CCC8D4EC5: ConfigurationManager, init=conf: {index: -1, cur=peers:[b3aae556-a738-441a-a487-b3abd5c550e9|127.0.0.1:15148]|listeners:[], old=null}, confs=<EMPTY_MAP>
2025-01-03 11:06:38,928 [b3aae556-a738-441a-a487-b3abd5c550e9-groupManagement] INFO  server.RaftServerConfigKeys (ConfUtils.java:logGet(46)) - raft.server.notification.no-leader.timeout = 300s (custom)
2025-01-03 11:06:38,928 [b3aae556-a738-441a-a487-b3abd5c550e9-groupManagement] INFO  server.RaftServerConfigKeys (ConfUtils.java:logGet(46)) - raft.server.read.timeout = 10s (default)
2025-01-03 11:06:38,928 [b3aae556-a738-441a-a487-b3abd5c550e9-groupManagement] INFO  server.RaftServerConfigKeys (ConfUtils.java:logGet(46)) - raft.server.retrycache.expirytime = 600000ms (custom)
2025-01-03 11:06:38,928 [b3aae556-a738-441a-a487-b3abd5c550e9-groupManagement] INFO  server.RaftServerConfigKeys (ConfUtils.java:logGet(46)) - raft.server.retrycache.statistics.expirytime = 100ms (default)
2025-01-03 11:06:38,928 [b3aae556-a738-441a-a487-b3abd5c550e9-groupManagement] INFO  server.RaftServerConfigKeys (ConfUtils.java:logGet(46)) - raft.server.read.option = DEFAULT (default)
2025-01-03 11:06:38,928 [b3aae556-a738-441a-a487-b3abd5c550e9-groupManagement] INFO  server.RaftServerConfigKeys (ConfUtils.java:logGet(46)) - raft.server.read.read-after-write-consistent.write-index-cache.expiry-time = 60s (default)
2025-01-03 11:06:38,931 [b3aae556-a738-441a-a487-b3abd5c550e9-groupManagement] INFO  server.RaftServerConfigKeys (ConfUtils.java:logGet(46)) - raft.server.rpc.request.timeout = 60s (custom)
2025-01-03 11:06:38,931 [b3aae556-a738-441a-a487-b3abd5c550e9-groupManagement] INFO  server.RaftServerConfigKeys (ConfUtils.java:logGet(46)) - raft.server.log.appender.install.snapshot.enabled = false (custom)
2025-01-03 11:06:38,931 [b3aae556-a738-441a-a487-b3abd5c550e9-groupManagement] INFO  server.RaftServerConfigKeys (ConfUtils.java:logGet(46)) - raft.server.threadpool.server.cached = true (default)
2025-01-03 11:06:38,931 [b3aae556-a738-441a-a487-b3abd5c550e9-groupManagement] INFO  server.RaftServerConfigKeys (ConfUtils.java:logGet(46)) - raft.server.threadpool.server.size = 0 (default)
2025-01-03 11:06:38,931 [b3aae556-a738-441a-a487-b3abd5c550e9-groupManagement] INFO  server.RaftServerConfigKeys (ConfUtils.java:logGet(46)) - raft.server.threadpool.client.cached = true (default)
2025-01-03 11:06:38,932 [b3aae556-a738-441a-a487-b3abd5c550e9-groupManagement] INFO  server.RaftServerConfigKeys (ConfUtils.java:logGet(46)) - raft.server.threadpool.client.size = 0 (default)
2025-01-03 11:06:38,932 [b3aae556-a738-441a-a487-b3abd5c550e9-groupManagement] INFO  server.RaftServerConfigKeys (ConfUtils.java:logGet(46)) - raft.server.storage.free-space.min = 0MB (=0) (default)
2025-01-03 11:06:38,932 [b3aae556-a738-441a-a487-b3abd5c550e9-groupManagement] INFO  server.RaftServerConfigKeys (ConfUtils.java:logGet(46)) - raft.server.log.corruption.policy = EXCEPTION (default)
2025-01-03 11:06:38,932 [b3aae556-a738-441a-a487-b3abd5c550e9-groupManagement] INFO  server.RaftServerConfigKeys (ConfUtils.java:logGet(46)) - raft.server.storage.dir = [/home/runner/work/ozone/ozone/hadoop-ozone/integration-test/target/test-dir/MiniOzoneClusterImpl-3f159d52-719f-49ad-b6d4-3e7f01cb1845/ozone-meta/datanode-3/ratis] (custom)
2025-01-03 11:06:38,932 [b3aae556-a738-441a-a487-b3abd5c550e9-groupManagement] INFO  storage.RaftStorageDirectory (RaftStorageDirectoryImpl.java:analyzeStorage(138)) - The storage directory /home/runner/work/ozone/ozone/hadoop-ozone/integration-test/target/test-dir/MiniOzoneClusterImpl-3f159d52-719f-49ad-b6d4-3e7f01cb1845/ozone-meta/datanode-3/ratis/b8e9b3cd-e71a-4ab9-8ec0-3b5ccc8d4ec5 does not exist. Creating ...
2025-01-03 11:06:38,933 [b3aae556-a738-441a-a487-b3abd5c550e9-groupManagement] INFO  storage.RaftStorageDirectory (RaftStorageDirectoryImpl.java:tryLock(229)) - Lock on /home/runner/work/ozone/ozone/hadoop-ozone/integration-test/target/test-dir/MiniOzoneClusterImpl-3f159d52-719f-49ad-b6d4-3e7f01cb1845/ozone-meta/datanode-3/ratis/b8e9b3cd-e71a-4ab9-8ec0-3b5ccc8d4ec5/in_use.lock acquired by nodename 70552@fv-az1204-267
2025-01-03 11:06:38,935 [b3aae556-a738-441a-a487-b3abd5c550e9-groupManagement] INFO  storage.RaftStorage (RaftStorageImpl.java:format(98)) - Storage directory /home/runner/work/ozone/ozone/hadoop-ozone/integration-test/target/test-dir/MiniOzoneClusterImpl-3f159d52-719f-49ad-b6d4-3e7f01cb1845/ozone-meta/datanode-3/ratis/b8e9b3cd-e71a-4ab9-8ec0-3b5ccc8d4ec5 has been successfully formatted.
2025-01-03 11:06:38,936 [b3aae556-a738-441a-a487-b3abd5c550e9-groupManagement] INFO  ratis.ContainerStateMachine (ContainerStateMachine.java:initialize(302)) - b3aae556-a738-441a-a487-b3abd5c550e9: initialize group-3B5CCC8D4EC5
2025-01-03 11:06:38,936 [b3aae556-a738-441a-a487-b3abd5c550e9-groupManagement] INFO  ratis.ContainerStateMachine (ContainerStateMachine.java:loadSnapshot(310)) - group-3B5CCC8D4EC5: The snapshot info is null. Setting the last applied index to:(t:0, i:~)
2025-01-03 11:06:38,936 [b3aae556-a738-441a-a487-b3abd5c550e9-groupManagement] INFO  server.RaftServerConfigKeys (ConfUtils.java:logGet(46)) - raft.server.log.use.memory = false (default)
2025-01-03 11:06:38,936 [b3aae556-a738-441a-a487-b3abd5c550e9-groupManagement] INFO  server.RaftServerConfigKeys (ConfUtils.java:logGet(46)) - raft.server.log.purge.gap = 1000000 (custom)
2025-01-03 11:06:38,936 [b3aae556-a738-441a-a487-b3abd5c550e9-groupManagement] INFO  server.RaftServerConfigKeys (ConfUtils.java:logGet(46)) - raft.server.log.appender.buffer.byte-limit = 33554432 (custom)
2025-01-03 11:06:38,936 [b3aae556-a738-441a-a487-b3abd5c550e9-groupManagement] INFO  server.RaftServerConfigKeys (ConfUtils.java:logGet(46)) - raft.server.log.statemachine.data.read.timeout = 1000ms (default)
2025-01-03 11:06:38,936 [b3aae556-a738-441a-a487-b3abd5c550e9-groupManagement] INFO  server.RaftServerConfigKeys (ConfUtils.java:logGet(46)) - raft.server.log.purge.preservation.log.num = 0 (default)
2025-01-03 11:06:38,938 [b3aae556-a738-441a-a487-b3abd5c550e9-groupManagement] INFO  server.RaftServerConfigKeys (ConfUtils.java:logGet(46)) - raft.server.log.segment.size.max = 67108864 (custom)
2025-01-03 11:06:38,938 [b3aae556-a738-441a-a487-b3abd5c550e9-groupManagement] INFO  server.RaftServerConfigKeys (ConfUtils.java:logGet(46)) - raft.server.log.segment.cache.num.max = 2 (custom)
2025-01-03 11:06:38,938 [b3aae556-a738-441a-a487-b3abd5c550e9-groupManagement] INFO  server.RaftServerConfigKeys (ConfUtils.java:logGet(46)) - raft.server.log.segment.cache.size.max = 200MB (=209715200) (default)
2025-01-03 11:06:38,938 [b3aae556-a738-441a-a487-b3abd5c550e9-groupManagement] INFO  server.RaftServerConfigKeys (ConfUtils.java:logGet(46)) - raft.server.log.appender.buffer.byte-limit = 33554432 (custom)
2025-01-03 11:06:38,938 [b3aae556-a738-441a-a487-b3abd5c550e9-groupManagement] INFO  util.AwaitToRun (AwaitToRun.java:start(81)) - Thread[#3645,b3aae556-a738-441a-a487-b3abd5c550e9@group-3B5CCC8D4EC5-cacheEviction-AwaitToRun,5,main] started
2025-01-03 11:06:38,938 [b3aae556-a738-441a-a487-b3abd5c550e9-groupManagement] INFO  segmented.SegmentedRaftLogWorker (SegmentedRaftLogWorker.java:<init>(188)) - new b3aae556-a738-441a-a487-b3abd5c550e9@group-3B5CCC8D4EC5-SegmentedRaftLogWorker for RaftStorageImpl:Storage Directory /home/runner/work/ozone/ozone/hadoop-ozone/integration-test/target/test-dir/MiniOzoneClusterImpl-3f159d52-719f-49ad-b6d4-3e7f01cb1845/ozone-meta/datanode-3/ratis/b8e9b3cd-e71a-4ab9-8ec0-3b5ccc8d4ec5
2025-01-03 11:06:38,938 [b3aae556-a738-441a-a487-b3abd5c550e9-groupManagement] INFO  server.RaftServerConfigKeys (ConfUtils.java:logGet(46)) - raft.server.log.queue.byte-limit = 4294967296 (custom)
2025-01-03 11:06:38,938 [b3aae556-a738-441a-a487-b3abd5c550e9-groupManagement] INFO  server.RaftServerConfigKeys (ConfUtils.java:logGet(46)) - raft.server.log.queue.element-limit = 1024 (custom)
2025-01-03 11:06:38,939 [b3aae556-a738-441a-a487-b3abd5c550e9-groupManagement] INFO  server.RaftServerConfigKeys (ConfUtils.java:logGet(46)) - raft.server.log.segment.size.max = 67108864 (custom)
2025-01-03 11:06:38,939 [b3aae556-a738-441a-a487-b3abd5c550e9-groupManagement] INFO  server.RaftServerConfigKeys (ConfUtils.java:logGet(46)) - raft.server.log.preallocated.size = 4194304 (custom)
2025-01-03 11:06:38,939 [b3aae556-a738-441a-a487-b3abd5c550e9-groupManagement] INFO  server.RaftServerConfigKeys (ConfUtils.java:logGet(46)) - raft.server.log.force.sync.num = 128 (default)
2025-01-03 11:06:38,939 [b3aae556-a738-441a-a487-b3abd5c550e9-groupManagement] INFO  server.RaftServerConfigKeys (ConfUtils.java:logGet(46)) - raft.server.log.statemachine.data.sync = true (default)
2025-01-03 11:06:38,939 [b3aae556-a738-441a-a487-b3abd5c550e9-groupManagement] INFO  server.RaftServerConfigKeys (ConfUtils.java:logGet(46)) - raft.server.log.statemachine.data.sync.timeout = 10s (default)
2025-01-03 11:06:38,939 [b3aae556-a738-441a-a487-b3abd5c550e9-groupManagement] INFO  server.RaftServerConfigKeys (ConfUtils.java:logGet(46)) - raft.server.log.statemachine.data.sync.timeout.retry = 30 (custom)
2025-01-03 11:06:38,939 [b3aae556-a738-441a-a487-b3abd5c550e9-groupManagement] INFO  server.RaftServerConfigKeys (ConfUtils.java:logGet(46)) - raft.server.log.write.buffer.size = 33554440 (custom)
2025-01-03 11:06:38,939 [c4ddaf89-5638-4166-93d2-d351e01626c9@group-3E7F01CB1845-StateMachineUpdater] INFO  safemode.HealthyPipelineSafeModeRule (HealthyPipelineSafeModeRule.java:initializeRule(172)) - Refreshed total pipeline count is 0, healthy pipeline threshold count is 1
2025-01-03 11:06:38,940 [scmNode-1-EventQueue-PipelineReportForPipelineReportHandler] INFO  pipeline.PipelineReportHandler (PipelineReportHandler.java:processPipelineReport(147)) - Opened pipeline PipelineID=b8e9b3cd-e71a-4ab9-8ec0-3b5ccc8d4ec5
2025-01-03 11:06:38,940 [scmNode-1-EventQueue-OpenPipelineForHealthyPipelineSafeModeRule] INFO  safemode.SCMSafeModeManager (HealthyPipelineSafeModeRule.java:process(140)) - SCM in safe mode. Healthy pipelines reported count is 0, required healthy pipeline reported count is 1
2025-01-03 11:06:38,944 [b3aae556-a738-441a-a487-b3abd5c550e9-groupManagement] INFO  server.RaftServerConfigKeys (ConfUtils.java:logGet(46)) - raft.server.log.appender.buffer.byte-limit = 33554432 (custom)
2025-01-03 11:06:38,944 [b3aae556-a738-441a-a487-b3abd5c550e9-groupManagement] INFO  server.RaftServerConfigKeys (ConfUtils.java:logGet(46)) - raft.server.log.unsafe-flush.enabled = false (default)
2025-01-03 11:06:38,945 [b3aae556-a738-441a-a487-b3abd5c550e9-groupManagement] INFO  server.RaftServerConfigKeys (ConfUtils.java:logGet(46)) - raft.server.log.async-flush.enabled = false (default)
2025-01-03 11:06:38,945 [b3aae556-a738-441a-a487-b3abd5c550e9-groupManagement] INFO  server.RaftServerConfigKeys (ConfUtils.java:logGet(46)) - raft.server.log.statemachine.data.caching.enabled = true (custom)
2025-01-03 11:06:38,945 [b3aae556-a738-441a-a487-b3abd5c550e9-groupManagement] INFO  segmented.SegmentedRaftLogWorker (SegmentedRaftLogWorker.java:lambda$new$0(139)) - b3aae556-a738-441a-a487-b3abd5c550e9@group-3B5CCC8D4EC5-SegmentedRaftLogWorker: flushIndex: setUnconditionally 0 -> -1
2025-01-03 11:06:38,945 [b3aae556-a738-441a-a487-b3abd5c550e9-groupManagement] INFO  segmented.SegmentedRaftLogWorker (SegmentedRaftLogWorker.java:lambda$new$0(139)) - b3aae556-a738-441a-a487-b3abd5c550e9@group-3B5CCC8D4EC5-SegmentedRaftLogWorker: safeCacheEvictIndex: setUnconditionally 0 -> -1
2025-01-03 11:06:38,945 [b3aae556-a738-441a-a487-b3abd5c550e9-groupManagement] INFO  server.RaftServer$Division (RaftServerImpl.java:start(391)) - b3aae556-a738-441a-a487-b3abd5c550e9@group-3B5CCC8D4EC5: start as a follower, conf=conf: {index: -1, cur=peers:[b3aae556-a738-441a-a487-b3abd5c550e9|127.0.0.1:15148]|listeners:[], old=null}
2025-01-03 11:06:38,945 [b3aae556-a738-441a-a487-b3abd5c550e9-groupManagement] INFO  server.RaftServer$Division (RaftServerImpl.java:setRole(378)) - b3aae556-a738-441a-a487-b3abd5c550e9@group-3B5CCC8D4EC5: changes role from      null to FOLLOWER at term 0 for startAsFollower
2025-01-03 11:06:38,946 [b3aae556-a738-441a-a487-b3abd5c550e9-groupManagement] INFO  impl.RoleInfo (RoleInfo.java:updateAndGet(148)) - b3aae556-a738-441a-a487-b3abd5c550e9: start b3aae556-a738-441a-a487-b3abd5c550e9@group-3B5CCC8D4EC5-FollowerState
2025-01-03 11:06:38,946 [b3aae556-a738-441a-a487-b3abd5c550e9-groupManagement] INFO  util.JmxRegister (JmxRegister.java:tryRegister(44)) - Successfully registered JMX Bean with object name Ratis:service=RaftServer,group=group-3B5CCC8D4EC5,id=b3aae556-a738-441a-a487-b3abd5c550e9
2025-01-03 11:06:38,946 [b3aae556-a738-441a-a487-b3abd5c550e9-groupManagement] INFO  util.JmxRegister (JmxRegister.java:register(58)) - register mxBean class org.apache.ratis.server.impl.RaftServerJmxAdapter as Ratis:service=RaftServer,group=group-3B5CCC8D4EC5,id=b3aae556-a738-441a-a487-b3abd5c550e9
2025-01-03 11:06:38,946 [b3aae556-a738-441a-a487-b3abd5c550e9-groupManagement] INFO  server.RaftServerConfigKeys (ConfUtils.java:logGet(46)) - raft.server.snapshot.trigger-when-stop.enabled = true (default)
2025-01-03 11:06:38,946 [b3aae556-a738-441a-a487-b3abd5c550e9-groupManagement] INFO  server.RaftServerConfigKeys (ConfUtils.java:logGet(46)) - raft.server.snapshot.trigger-when-remove.enabled = true (default)
2025-01-03 11:06:38,946 [b3aae556-a738-441a-a487-b3abd5c550e9-groupManagement] INFO  server.RaftServerConfigKeys (ConfUtils.java:logGet(46)) - raft.server.snapshot.auto.trigger.enabled = true (custom)
2025-01-03 11:06:38,946 [b3aae556-a738-441a-a487-b3abd5c550e9-groupManagement] INFO  server.RaftServerConfigKeys (ConfUtils.java:logGet(46)) - raft.server.snapshot.auto.trigger.threshold = 100000 (custom)
2025-01-03 11:06:38,946 [b3aae556-a738-441a-a487-b3abd5c550e9-groupManagement] INFO  server.RaftServerConfigKeys (ConfUtils.java:logGet(46)) - raft.server.snapshot.retention.file.num = 5 (custom)
2025-01-03 11:06:38,946 [b3aae556-a738-441a-a487-b3abd5c550e9-groupManagement] INFO  server.RaftServerConfigKeys (ConfUtils.java:logGet(46)) - raft.server.log.purge.upto.snapshot.index = false (default)
2025-01-03 11:06:38,946 [b3aae556-a738-441a-a487-b3abd5c550e9@group-3B5CCC8D4EC5-FollowerState] INFO  server.RaftServerConfigKeys (ConfUtils.java:logFallback(53)) - raft.server.rpc.first-election.timeout.min = 5s (fallback to raft.server.rpc.timeout.min)
2025-01-03 11:06:38,947 [b3aae556-a738-441a-a487-b3abd5c550e9@group-3B5CCC8D4EC5-FollowerState] INFO  server.RaftServerConfigKeys (ConfUtils.java:logFallback(53)) - raft.server.rpc.first-election.timeout.max = 5200ms (fallback to raft.server.rpc.timeout.max)
2025-01-03 11:06:38,947 [b3aae556-a738-441a-a487-b3abd5c550e9-groupManagement] INFO  server.RaftServer$Division (RaftServerImpl.java:start(405)) - b3aae556-a738-441a-a487-b3abd5c550e9@group-3B5CCC8D4EC5: Successfully started.
2025-01-03 11:06:38,947 [b3aae556-a738-441a-a487-b3abd5c550e9-PipelineCommandHandlerThread-0] INFO  ratis.XceiverServerRatis (XceiverServerRatis.java:addGroup(844)) - Created group PipelineID=b8e9b3cd-e71a-4ab9-8ec0-3b5ccc8d4ec5
2025-01-03 11:06:38,947 [b3aae556-a738-441a-a487-b3abd5c550e9-PipelineCommandHandlerThread-0] INFO  commandhandler.CreatePipelineCommandHandler (CreatePipelineCommandHandler.java:lambda$handle$2(129)) - Created Pipeline RATIS ONE PipelineID=b8e9b3cd-e71a-4ab9-8ec0-3b5ccc8d4ec5.
2025-01-03 11:06:39,927 [main] INFO  ozone.MiniOzoneClusterImpl (MiniOzoneClusterImpl.java:lambda$waitForClusterToBeReady$0(219)) - Nodes are ready. Got 3 of 3 DN Heartbeats.
2025-01-03 11:06:39,927 [main] INFO  ozone.MiniOzoneClusterImpl (MiniOzoneClusterImpl.java:lambda$waitForClusterToBeReady$0(222)) - Waiting for cluster to exit safe mode
2025-01-03 11:06:39,927 [main] INFO  ozone.MiniOzoneClusterImpl (MiniOzoneClusterImpl.java:lambda$waitForClusterToBeReady$0(224)) - SCM became leader
2025-01-03 11:06:40,927 [main] INFO  ozone.MiniOzoneClusterImpl (MiniOzoneClusterImpl.java:lambda$waitForClusterToBeReady$0(219)) - Nodes are ready. Got 3 of 3 DN Heartbeats.
2025-01-03 11:06:40,928 [main] INFO  ozone.MiniOzoneClusterImpl (MiniOzoneClusterImpl.java:lambda$waitForClusterToBeReady$0(222)) - Waiting for cluster to exit safe mode
2025-01-03 11:06:40,928 [main] INFO  ozone.MiniOzoneClusterImpl (MiniOzoneClusterImpl.java:lambda$waitForClusterToBeReady$0(224)) - SCM became leader
2025-01-03 11:06:41,928 [main] INFO  ozone.MiniOzoneClusterImpl (MiniOzoneClusterImpl.java:lambda$waitForClusterToBeReady$0(219)) - Nodes are ready. Got 3 of 3 DN Heartbeats.
2025-01-03 11:06:41,928 [main] INFO  ozone.MiniOzoneClusterImpl (MiniOzoneClusterImpl.java:lambda$waitForClusterToBeReady$0(222)) - Waiting for cluster to exit safe mode
2025-01-03 11:06:41,928 [main] INFO  ozone.MiniOzoneClusterImpl (MiniOzoneClusterImpl.java:lambda$waitForClusterToBeReady$0(224)) - SCM became leader
2025-01-03 11:06:42,928 [main] INFO  ozone.MiniOzoneClusterImpl (MiniOzoneClusterImpl.java:lambda$waitForClusterToBeReady$0(219)) - Nodes are ready. Got 3 of 3 DN Heartbeats.
2025-01-03 11:06:42,929 [main] INFO  ozone.MiniOzoneClusterImpl (MiniOzoneClusterImpl.java:lambda$waitForClusterToBeReady$0(222)) - Waiting for cluster to exit safe mode
2025-01-03 11:06:42,929 [main] INFO  ozone.MiniOzoneClusterImpl (MiniOzoneClusterImpl.java:lambda$waitForClusterToBeReady$0(224)) - SCM became leader
2025-01-03 11:06:43,493 [e1b7d22e-2b77-47e1-b25b-73a9c9105e09@group-1A241C729A68-FollowerState] INFO  impl.FollowerState (FollowerState.java:runImpl(161)) - e1b7d22e-2b77-47e1-b25b-73a9c9105e09@group-1A241C729A68-FollowerState: change to CANDIDATE, lastRpcElapsedTime:5001407976ns, electionTimeout:5000ms
2025-01-03 11:06:43,493 [e1b7d22e-2b77-47e1-b25b-73a9c9105e09@group-1A241C729A68-FollowerState] INFO  impl.RoleInfo (RoleInfo.java:shutdownFollowerState(121)) - e1b7d22e-2b77-47e1-b25b-73a9c9105e09: shutdown e1b7d22e-2b77-47e1-b25b-73a9c9105e09@group-1A241C729A68-FollowerState
2025-01-03 11:06:43,493 [e1b7d22e-2b77-47e1-b25b-73a9c9105e09@group-1A241C729A68-FollowerState] INFO  server.RaftServer$Division (RaftServerImpl.java:setRole(378)) - e1b7d22e-2b77-47e1-b25b-73a9c9105e09@group-1A241C729A68: changes role from  FOLLOWER to CANDIDATE at term 0 for changeToCandidate
2025-01-03 11:06:43,493 [e1b7d22e-2b77-47e1-b25b-73a9c9105e09@group-1A241C729A68-FollowerState] INFO  server.RaftServerConfigKeys (ConfUtils.java:logGet(46)) - raft.server.leaderelection.pre-vote = true (default)
2025-01-03 11:06:43,493 [e1b7d22e-2b77-47e1-b25b-73a9c9105e09@group-1A241C729A68-FollowerState] INFO  impl.RoleInfo (RoleInfo.java:updateAndGet(148)) - e1b7d22e-2b77-47e1-b25b-73a9c9105e09: start e1b7d22e-2b77-47e1-b25b-73a9c9105e09@group-1A241C729A68-LeaderElection25
2025-01-03 11:06:43,494 [e1b7d22e-2b77-47e1-b25b-73a9c9105e09@group-1A241C729A68-LeaderElection25] INFO  impl.LeaderElection (LeaderElection.java:askForVotes(332)) - e1b7d22e-2b77-47e1-b25b-73a9c9105e09@group-1A241C729A68-LeaderElection25 PRE_VOTE round 0: submit vote requests at term 0 for conf: {index: -1, cur=peers:[64d0bb65-51ab-4184-b53b-4c99ec9daa79|127.0.0.1:15139, e1b7d22e-2b77-47e1-b25b-73a9c9105e09|127.0.0.1:15130, b3aae556-a738-441a-a487-b3abd5c550e9|127.0.0.1:15148]|listeners:[], old=null}
2025-01-03 11:06:43,494 [e1b7d22e-2b77-47e1-b25b-73a9c9105e09@group-1A241C729A68-LeaderElection25-1] INFO  server.GrpcServerProtocolClient (GrpcServerProtocolClient.java:<init>(65)) - Build channel for 64d0bb65-51ab-4184-b53b-4c99ec9daa79|127.0.0.1:15139
2025-01-03 11:06:43,494 [e1b7d22e-2b77-47e1-b25b-73a9c9105e09@group-1A241C729A68-LeaderElection25-2] INFO  server.GrpcServerProtocolClient (GrpcServerProtocolClient.java:<init>(65)) - Build channel for b3aae556-a738-441a-a487-b3abd5c550e9|127.0.0.1:15148
2025-01-03 11:06:43,494 [e1b7d22e-2b77-47e1-b25b-73a9c9105e09@group-1A241C729A68-LeaderElection25] INFO  server.RaftServerConfigKeys (ConfUtils.java:logFallback(53)) - raft.server.rpc.first-election.timeout.min = 5s (fallback to raft.server.rpc.timeout.min)
2025-01-03 11:06:43,494 [e1b7d22e-2b77-47e1-b25b-73a9c9105e09@group-1A241C729A68-LeaderElection25] INFO  server.RaftServerConfigKeys (ConfUtils.java:logFallback(53)) - raft.server.rpc.first-election.timeout.max = 5200ms (fallback to raft.server.rpc.timeout.max)
2025-01-03 11:06:43,497 [grpc-default-executor-3] INFO  server.RaftServer$Division (RaftServerImpl.java:requestVote(1407)) - 64d0bb65-51ab-4184-b53b-4c99ec9daa79@group-1A241C729A68: receive requestVote(PRE_VOTE, e1b7d22e-2b77-47e1-b25b-73a9c9105e09, group-1A241C729A68, 0, (t:0, i:0))
2025-01-03 11:06:43,497 [grpc-default-executor-3] INFO  impl.VoteContext (VoteContext.java:log(49)) - 64d0bb65-51ab-4184-b53b-4c99ec9daa79@group-1A241C729A68-FOLLOWER: accept PRE_VOTE from e1b7d22e-2b77-47e1-b25b-73a9c9105e09: our priority 0 <= candidate's priority 1
2025-01-03 11:06:43,497 [grpc-default-executor-2] INFO  server.RaftServer$Division (RaftServerImpl.java:requestVote(1407)) - b3aae556-a738-441a-a487-b3abd5c550e9@group-1A241C729A68: receive requestVote(PRE_VOTE, e1b7d22e-2b77-47e1-b25b-73a9c9105e09, group-1A241C729A68, 0, (t:0, i:0))
2025-01-03 11:06:43,498 [grpc-default-executor-3] INFO  server.RaftServer$Division (RaftServerImpl.java:requestVote(1441)) - 64d0bb65-51ab-4184-b53b-4c99ec9daa79@group-1A241C729A68 replies to PRE_VOTE vote request: e1b7d22e-2b77-47e1-b25b-73a9c9105e09<-64d0bb65-51ab-4184-b53b-4c99ec9daa79#0:OK-t0. Peer's state: 64d0bb65-51ab-4184-b53b-4c99ec9daa79@group-1A241C729A68:t0, leader=null, voted=, raftlog=Memoized:64d0bb65-51ab-4184-b53b-4c99ec9daa79@group-1A241C729A68-SegmentedRaftLog:OPENED:c-1:lastnull, conf=conf: {index: -1, cur=peers:[64d0bb65-51ab-4184-b53b-4c99ec9daa79|127.0.0.1:15139, e1b7d22e-2b77-47e1-b25b-73a9c9105e09|127.0.0.1:15130, b3aae556-a738-441a-a487-b3abd5c550e9|127.0.0.1:15148]|listeners:[], old=null}
2025-01-03 11:06:43,498 [grpc-default-executor-2] INFO  impl.VoteContext (VoteContext.java:log(49)) - b3aae556-a738-441a-a487-b3abd5c550e9@group-1A241C729A68-FOLLOWER: accept PRE_VOTE from e1b7d22e-2b77-47e1-b25b-73a9c9105e09: our priority 0 <= candidate's priority 1
2025-01-03 11:06:43,498 [grpc-default-executor-2] INFO  server.RaftServer$Division (RaftServerImpl.java:requestVote(1441)) - b3aae556-a738-441a-a487-b3abd5c550e9@group-1A241C729A68 replies to PRE_VOTE vote request: e1b7d22e-2b77-47e1-b25b-73a9c9105e09<-b3aae556-a738-441a-a487-b3abd5c550e9#0:OK-t0. Peer's state: b3aae556-a738-441a-a487-b3abd5c550e9@group-1A241C729A68:t0, leader=null, voted=, raftlog=Memoized:b3aae556-a738-441a-a487-b3abd5c550e9@group-1A241C729A68-SegmentedRaftLog:OPENED:c-1:lastnull, conf=conf: {index: -1, cur=peers:[64d0bb65-51ab-4184-b53b-4c99ec9daa79|127.0.0.1:15139, e1b7d22e-2b77-47e1-b25b-73a9c9105e09|127.0.0.1:15130, b3aae556-a738-441a-a487-b3abd5c550e9|127.0.0.1:15148]|listeners:[], old=null}
2025-01-03 11:06:43,498 [e1b7d22e-2b77-47e1-b25b-73a9c9105e09@group-1A241C729A68-LeaderElection25] INFO  impl.LeaderElection (LeaderElection.java:logAndReturn(90)) - e1b7d22e-2b77-47e1-b25b-73a9c9105e09@group-1A241C729A68-LeaderElection25: PRE_VOTE PASSED received 1 response(s) and 0 exception(s):
2025-01-03 11:06:43,498 [e1b7d22e-2b77-47e1-b25b-73a9c9105e09@group-1A241C729A68-LeaderElection25] INFO  impl.LeaderElection (LeaderElection.java:logAndReturn(94)) -   Response 0: e1b7d22e-2b77-47e1-b25b-73a9c9105e09<-64d0bb65-51ab-4184-b53b-4c99ec9daa79#0:OK-t0
2025-01-03 11:06:43,498 [e1b7d22e-2b77-47e1-b25b-73a9c9105e09@group-1A241C729A68-LeaderElection25] INFO  impl.LeaderElection (LeaderElection.java:askForVotes(334)) - e1b7d22e-2b77-47e1-b25b-73a9c9105e09@group-1A241C729A68-LeaderElection25 PRE_VOTE round 0: result PASSED
2025-01-03 11:06:43,500 [e1b7d22e-2b77-47e1-b25b-73a9c9105e09@group-1A241C729A68-LeaderElection25] INFO  impl.LeaderElection (LeaderElection.java:askForVotes(332)) - e1b7d22e-2b77-47e1-b25b-73a9c9105e09@group-1A241C729A68-LeaderElection25 ELECTION round 0: submit vote requests at term 1 for conf: {index: -1, cur=peers:[64d0bb65-51ab-4184-b53b-4c99ec9daa79|127.0.0.1:15139, e1b7d22e-2b77-47e1-b25b-73a9c9105e09|127.0.0.1:15130, b3aae556-a738-441a-a487-b3abd5c550e9|127.0.0.1:15148]|listeners:[], old=null}
2025-01-03 11:06:43,501 [e1b7d22e-2b77-47e1-b25b-73a9c9105e09@group-1A241C729A68-LeaderElection25] INFO  server.RaftServerConfigKeys (ConfUtils.java:logFallback(53)) - raft.server.rpc.first-election.timeout.min = 5s (fallback to raft.server.rpc.timeout.min)
2025-01-03 11:06:43,501 [e1b7d22e-2b77-47e1-b25b-73a9c9105e09@group-1A241C729A68-LeaderElection25] INFO  server.RaftServerConfigKeys (ConfUtils.java:logFallback(53)) - raft.server.rpc.first-election.timeout.max = 5200ms (fallback to raft.server.rpc.timeout.max)
2025-01-03 11:06:43,501 [grpc-default-executor-2] INFO  server.RaftServer$Division (RaftServerImpl.java:requestVote(1407)) - 64d0bb65-51ab-4184-b53b-4c99ec9daa79@group-1A241C729A68: receive requestVote(ELECTION, e1b7d22e-2b77-47e1-b25b-73a9c9105e09, group-1A241C729A68, 1, (t:0, i:0))
2025-01-03 11:06:43,501 [grpc-default-executor-2] INFO  impl.VoteContext (VoteContext.java:log(49)) - 64d0bb65-51ab-4184-b53b-4c99ec9daa79@group-1A241C729A68-FOLLOWER: accept ELECTION from e1b7d22e-2b77-47e1-b25b-73a9c9105e09: our priority 0 <= candidate's priority 1
2025-01-03 11:06:43,502 [grpc-default-executor-2] INFO  server.RaftServer$Division (RaftServerImpl.java:setRole(378)) - 64d0bb65-51ab-4184-b53b-4c99ec9daa79@group-1A241C729A68: changes role from  FOLLOWER to FOLLOWER at term 0 for candidate:e1b7d22e-2b77-47e1-b25b-73a9c9105e09
2025-01-03 11:06:43,502 [grpc-default-executor-2] INFO  impl.RoleInfo (RoleInfo.java:shutdownFollowerState(121)) - 64d0bb65-51ab-4184-b53b-4c99ec9daa79: shutdown 64d0bb65-51ab-4184-b53b-4c99ec9daa79@group-1A241C729A68-FollowerState
2025-01-03 11:06:43,502 [grpc-default-executor-2] INFO  impl.RoleInfo (RoleInfo.java:updateAndGet(148)) - 64d0bb65-51ab-4184-b53b-4c99ec9daa79: start 64d0bb65-51ab-4184-b53b-4c99ec9daa79@group-1A241C729A68-FollowerState
2025-01-03 11:06:43,502 [64d0bb65-51ab-4184-b53b-4c99ec9daa79@group-1A241C729A68-FollowerState] INFO  impl.FollowerState (FollowerState.java:runImpl(170)) - 64d0bb65-51ab-4184-b53b-4c99ec9daa79@group-1A241C729A68-FollowerState was interrupted
2025-01-03 11:06:43,502 [grpc-default-executor-3] INFO  server.RaftServer$Division (RaftServerImpl.java:requestVote(1407)) - b3aae556-a738-441a-a487-b3abd5c550e9@group-1A241C729A68: receive requestVote(ELECTION, e1b7d22e-2b77-47e1-b25b-73a9c9105e09, group-1A241C729A68, 1, (t:0, i:0))
2025-01-03 11:06:43,502 [grpc-default-executor-3] INFO  impl.VoteContext (VoteContext.java:log(49)) - b3aae556-a738-441a-a487-b3abd5c550e9@group-1A241C729A68-FOLLOWER: accept ELECTION from e1b7d22e-2b77-47e1-b25b-73a9c9105e09: our priority 0 <= candidate's priority 1
2025-01-03 11:06:43,502 [grpc-default-executor-3] INFO  server.RaftServer$Division (RaftServerImpl.java:setRole(378)) - b3aae556-a738-441a-a487-b3abd5c550e9@group-1A241C729A68: changes role from  FOLLOWER to FOLLOWER at term 0 for candidate:e1b7d22e-2b77-47e1-b25b-73a9c9105e09
2025-01-03 11:06:43,502 [grpc-default-executor-3] INFO  impl.RoleInfo (RoleInfo.java:shutdownFollowerState(121)) - b3aae556-a738-441a-a487-b3abd5c550e9: shutdown b3aae556-a738-441a-a487-b3abd5c550e9@group-1A241C729A68-FollowerState
2025-01-03 11:06:43,502 [grpc-default-executor-3] INFO  impl.RoleInfo (RoleInfo.java:updateAndGet(148)) - b3aae556-a738-441a-a487-b3abd5c550e9: start b3aae556-a738-441a-a487-b3abd5c550e9@group-1A241C729A68-FollowerState
2025-01-03 11:06:43,502 [b3aae556-a738-441a-a487-b3abd5c550e9@group-1A241C729A68-FollowerState] INFO  impl.FollowerState (FollowerState.java:runImpl(170)) - b3aae556-a738-441a-a487-b3abd5c550e9@group-1A241C729A68-FollowerState was interrupted
2025-01-03 11:06:43,503 [grpc-default-executor-2] INFO  server.RaftServer$Division (RaftServerImpl.java:setFirstElection(562)) - 64d0bb65-51ab-4184-b53b-4c99ec9daa79@group-1A241C729A68: set firstElectionSinceStartup to false for candidate:e1b7d22e-2b77-47e1-b25b-73a9c9105e09
2025-01-03 11:06:43,504 [grpc-default-executor-3] INFO  server.RaftServer$Division (RaftServerImpl.java:setFirstElection(562)) - b3aae556-a738-441a-a487-b3abd5c550e9@group-1A241C729A68: set firstElectionSinceStartup to false for candidate:e1b7d22e-2b77-47e1-b25b-73a9c9105e09
2025-01-03 11:06:43,505 [grpc-default-executor-2] INFO  server.RaftServer$Division (RaftServerImpl.java:requestVote(1441)) - 64d0bb65-51ab-4184-b53b-4c99ec9daa79@group-1A241C729A68 replies to ELECTION vote request: e1b7d22e-2b77-47e1-b25b-73a9c9105e09<-64d0bb65-51ab-4184-b53b-4c99ec9daa79#0:OK-t1. Peer's state: 64d0bb65-51ab-4184-b53b-4c99ec9daa79@group-1A241C729A68:t1, leader=null, voted=e1b7d22e-2b77-47e1-b25b-73a9c9105e09, raftlog=Memoized:64d0bb65-51ab-4184-b53b-4c99ec9daa79@group-1A241C729A68-SegmentedRaftLog:OPENED:c-1:lastnull, conf=conf: {index: -1, cur=peers:[64d0bb65-51ab-4184-b53b-4c99ec9daa79|127.0.0.1:15139, e1b7d22e-2b77-47e1-b25b-73a9c9105e09|127.0.0.1:15130, b3aae556-a738-441a-a487-b3abd5c550e9|127.0.0.1:15148]|listeners:[], old=null}
2025-01-03 11:06:43,505 [e1b7d22e-2b77-47e1-b25b-73a9c9105e09@group-1A241C729A68-LeaderElection25] INFO  impl.LeaderElection (LeaderElection.java:logAndReturn(90)) - e1b7d22e-2b77-47e1-b25b-73a9c9105e09@group-1A241C729A68-LeaderElection25: ELECTION PASSED received 1 response(s) and 0 exception(s):
2025-01-03 11:06:43,505 [e1b7d22e-2b77-47e1-b25b-73a9c9105e09@group-1A241C729A68-LeaderElection25] INFO  impl.LeaderElection (LeaderElection.java:logAndReturn(94)) -   Response 0: e1b7d22e-2b77-47e1-b25b-73a9c9105e09<-64d0bb65-51ab-4184-b53b-4c99ec9daa79#0:OK-t1
2025-01-03 11:06:43,505 [grpc-default-executor-3] INFO  server.RaftServer$Division (RaftServerImpl.java:requestVote(1441)) - b3aae556-a738-441a-a487-b3abd5c550e9@group-1A241C729A68 replies to ELECTION vote request: e1b7d22e-2b77-47e1-b25b-73a9c9105e09<-b3aae556-a738-441a-a487-b3abd5c550e9#0:OK-t1. Peer's state: b3aae556-a738-441a-a487-b3abd5c550e9@group-1A241C729A68:t1, leader=null, voted=e1b7d22e-2b77-47e1-b25b-73a9c9105e09, raftlog=Memoized:b3aae556-a738-441a-a487-b3abd5c550e9@group-1A241C729A68-SegmentedRaftLog:OPENED:c-1:lastnull, conf=conf: {index: -1, cur=peers:[64d0bb65-51ab-4184-b53b-4c99ec9daa79|127.0.0.1:15139, e1b7d22e-2b77-47e1-b25b-73a9c9105e09|127.0.0.1:15130, b3aae556-a738-441a-a487-b3abd5c550e9|127.0.0.1:15148]|listeners:[], old=null}
2025-01-03 11:06:43,505 [e1b7d22e-2b77-47e1-b25b-73a9c9105e09@group-1A241C729A68-LeaderElection25] INFO  impl.LeaderElection (LeaderElection.java:askForVotes(334)) - e1b7d22e-2b77-47e1-b25b-73a9c9105e09@group-1A241C729A68-LeaderElection25 ELECTION round 0: result PASSED
2025-01-03 11:06:43,505 [e1b7d22e-2b77-47e1-b25b-73a9c9105e09@group-1A241C729A68-LeaderElection25] INFO  impl.RoleInfo (RoleInfo.java:shutdownLeaderElection(141)) - e1b7d22e-2b77-47e1-b25b-73a9c9105e09: shutdown e1b7d22e-2b77-47e1-b25b-73a9c9105e09@group-1A241C729A68-LeaderElection25
2025-01-03 11:06:43,506 [e1b7d22e-2b77-47e1-b25b-73a9c9105e09@group-1A241C729A68-LeaderElection25] INFO  server.RaftServer$Division (RaftServerImpl.java:setRole(378)) - e1b7d22e-2b77-47e1-b25b-73a9c9105e09@group-1A241C729A68: changes role from CANDIDATE to LEADER at term 1 for changeToLeader
2025-01-03 11:06:43,506 [e1b7d22e-2b77-47e1-b25b-73a9c9105e09@group-1A241C729A68-LeaderElection25] INFO  server.RaftServerConfigKeys (ConfUtils.java:logGet(46)) - raft.server.staging.catchup.gap = 1000 (default)
2025-01-03 11:06:43,506 [e1b7d22e-2b77-47e1-b25b-73a9c9105e09@group-1A241C729A68-LeaderElection25] INFO  server.RaftServerConfigKeys (ConfUtils.java:logGet(46)) - raft.server.write.element-limit = 1024 (custom)
2025-01-03 11:06:43,506 [e1b7d22e-2b77-47e1-b25b-73a9c9105e09@group-1A241C729A68-LeaderElection25] INFO  server.RaftServerConfigKeys (ConfUtils.java:logGet(46)) - raft.server.write.byte-limit = 1024 M (=1073741824) (custom)
2025-01-03 11:06:43,506 [e1b7d22e-2b77-47e1-b25b-73a9c9105e09@group-1A241C729A68-LeaderElection25] INFO  server.RaftServerConfigKeys (ConfUtils.java:logGet(46)) - raft.server.watch.timeout = 30s (custom)
2025-01-03 11:06:43,506 [e1b7d22e-2b77-47e1-b25b-73a9c9105e09@group-1A241C729A68-LeaderElection25] INFO  server.RaftServerConfigKeys (ConfUtils.java:logGet(46)) - raft.server.watch.timeout.denomination = 1s (default)
2025-01-03 11:06:43,506 [e1b7d22e-2b77-47e1-b25b-73a9c9105e09@group-1A241C729A68-LeaderElection25] INFO  server.RaftServerConfigKeys (ConfUtils.java:logGet(46)) - raft.server.watch.element-limit = 65536 (default)
2025-01-03 11:06:43,506 [e1b7d22e-2b77-47e1-b25b-73a9c9105e09@group-1A241C729A68-LeaderElection25] INFO  server.RaftServerConfigKeys (ConfUtils.java:logGet(46)) - raft.server.read.leader.lease.enabled = false (default)
2025-01-03 11:06:43,507 [e1b7d22e-2b77-47e1-b25b-73a9c9105e09@group-1A241C729A68-LeaderElection25] INFO  server.RaftServerConfigKeys (ConfUtils.java:logGet(46)) - raft.server.read.leader.lease.timeout.ratio = 0.9 (default)
2025-01-03 11:06:43,507 [e1b7d22e-2b77-47e1-b25b-73a9c9105e09@group-1A241C729A68-LeaderElection25] INFO  server.RaftServerConfigKeys (ConfUtils.java:logGet(46)) - raft.server.rpc.timeout.min = 5s (custom)
2025-01-03 11:06:43,507 [e1b7d22e-2b77-47e1-b25b-73a9c9105e09@group-1A241C729A68-LeaderElection25] INFO  server.RaftServerConfigKeys (ConfUtils.java:logGet(46)) - raft.server.log.log-metadata.enabled = true (default)
2025-01-03 11:06:43,507 [e1b7d22e-2b77-47e1-b25b-73a9c9105e09@group-1A241C729A68-LeaderElection25] INFO  server.RaftServerConfigKeys (ConfUtils.java:logGet(46)) - raft.server.write.element-limit = 1024 (custom)
2025-01-03 11:06:43,507 [e1b7d22e-2b77-47e1-b25b-73a9c9105e09@group-1A241C729A68-LeaderElection25] INFO  server.RaftServerConfigKeys (ConfUtils.java:logGet(46)) - raft.server.write.follower.gap.ratio.max = -1.0 (default)
2025-01-03 11:06:43,507 [e1b7d22e-2b77-47e1-b25b-73a9c9105e09@group-1A241C729A68-LeaderElection25] INFO  server.RaftServerConfigKeys (ConfUtils.java:logGet(46)) - raft.server.log.appender.snapshot.chunk.size.max = 16MB (=16777216) (default)
2025-01-03 11:06:43,507 [e1b7d22e-2b77-47e1-b25b-73a9c9105e09@group-1A241C729A68-LeaderElection25] INFO  server.RaftServerConfigKeys (ConfUtils.java:logGet(46)) - raft.server.log.appender.buffer.byte-limit = 33554432 (custom)
2025-01-03 11:06:43,507 [e1b7d22e-2b77-47e1-b25b-73a9c9105e09@group-1A241C729A68-LeaderElection25] INFO  server.RaftServerConfigKeys (ConfUtils.java:logGet(46)) - raft.server.log.appender.buffer.element-limit = 1024 (custom)
2025-01-03 11:06:43,507 [e1b7d22e-2b77-47e1-b25b-73a9c9105e09@group-1A241C729A68-LeaderElection25] INFO  server.RaftServerConfigKeys (ConfUtils.java:logGet(46)) - raft.server.log.appender.wait-time.min = 0μs (custom)
2025-01-03 11:06:43,507 [e1b7d22e-2b77-47e1-b25b-73a9c9105e09@group-1A241C729A68-LeaderElection25] INFO  grpc.GrpcConfigKeys (ConfUtils.java:logGet(46)) - raft.grpc.server.leader.outstanding.appends.max = 8 (default)
2025-01-03 11:06:43,508 [e1b7d22e-2b77-47e1-b25b-73a9c9105e09@group-1A241C729A68-LeaderElection25] INFO  server.RaftServerConfigKeys (ConfUtils.java:logGet(46)) - raft.server.rpc.request.timeout = 60s (custom)
2025-01-03 11:06:43,508 [e1b7d22e-2b77-47e1-b25b-73a9c9105e09@group-1A241C729A68-LeaderElection25] INFO  grpc.GrpcConfigKeys (ConfUtils.java:logGet(46)) - raft.grpc.server.install_snapshot.request.element-limit = 8 (default)
2025-01-03 11:06:43,508 [e1b7d22e-2b77-47e1-b25b-73a9c9105e09@group-1A241C729A68-LeaderElection25] INFO  grpc.GrpcConfigKeys (ConfUtils.java:logGet(46)) - raft.grpc.server.install_snapshot.request.timeout = 3000ms (default)
2025-01-03 11:06:43,508 [e1b7d22e-2b77-47e1-b25b-73a9c9105e09@group-1A241C729A68-LeaderElection25] INFO  grpc.GrpcConfigKeys (ConfUtils.java:logGet(46)) - raft.grpc.server.log-message.batch.duration = 5s (default)
2025-01-03 11:06:43,508 [e1b7d22e-2b77-47e1-b25b-73a9c9105e09@group-1A241C729A68-LeaderElection25] INFO  server.RaftServerConfigKeys (ConfUtils.java:logGet(46)) - raft.server.log.appender.install.snapshot.enabled = false (custom)
2025-01-03 11:06:43,508 [e1b7d22e-2b77-47e1-b25b-73a9c9105e09@group-1A241C729A68-LeaderElection25] INFO  grpc.GrpcConfigKeys (ConfUtils.java:logGet(46)) - raft.grpc.server.heartbeat.channel = true (default)
2025-01-03 11:06:43,509 [e1b7d22e-2b77-47e1-b25b-73a9c9105e09@group-1A241C729A68-LeaderElection25] INFO  server.RaftServerConfigKeys (ConfUtils.java:logGet(46)) - raft.server.log.appender.snapshot.chunk.size.max = 16MB (=16777216) (default)
2025-01-03 11:06:43,509 [e1b7d22e-2b77-47e1-b25b-73a9c9105e09@group-1A241C729A68-LeaderElection25] INFO  server.RaftServerConfigKeys (ConfUtils.java:logGet(46)) - raft.server.log.appender.buffer.byte-limit = 33554432 (custom)
2025-01-03 11:06:43,509 [e1b7d22e-2b77-47e1-b25b-73a9c9105e09@group-1A241C729A68-LeaderElection25] INFO  server.RaftServerConfigKeys (ConfUtils.java:logGet(46)) - raft.server.log.appender.buffer.element-limit = 1024 (custom)
2025-01-03 11:06:43,509 [e1b7d22e-2b77-47e1-b25b-73a9c9105e09@group-1A241C729A68-LeaderElection25] INFO  server.RaftServerConfigKeys (ConfUtils.java:logGet(46)) - raft.server.log.appender.wait-time.min = 0μs (custom)
2025-01-03 11:06:43,509 [e1b7d22e-2b77-47e1-b25b-73a9c9105e09@group-1A241C729A68-LeaderElection25] INFO  grpc.GrpcConfigKeys (ConfUtils.java:logGet(46)) - raft.grpc.server.leader.outstanding.appends.max = 8 (default)
2025-01-03 11:06:43,509 [e1b7d22e-2b77-47e1-b25b-73a9c9105e09@group-1A241C729A68-LeaderElection25] INFO  server.RaftServerConfigKeys (ConfUtils.java:logGet(46)) - raft.server.rpc.request.timeout = 60s (custom)
2025-01-03 11:06:43,509 [e1b7d22e-2b77-47e1-b25b-73a9c9105e09@group-1A241C729A68-LeaderElection25] INFO  grpc.GrpcConfigKeys (ConfUtils.java:logGet(46)) - raft.grpc.server.install_snapshot.request.element-limit = 8 (default)
2025-01-03 11:06:43,509 [e1b7d22e-2b77-47e1-b25b-73a9c9105e09@group-1A241C729A68-LeaderElection25] INFO  grpc.GrpcConfigKeys (ConfUtils.java:logGet(46)) - raft.grpc.server.install_snapshot.request.timeout = 3000ms (default)
2025-01-03 11:06:43,509 [e1b7d22e-2b77-47e1-b25b-73a9c9105e09@group-1A241C729A68-LeaderElection25] INFO  grpc.GrpcConfigKeys (ConfUtils.java:logGet(46)) - raft.grpc.server.log-message.batch.duration = 5s (default)
2025-01-03 11:06:43,509 [e1b7d22e-2b77-47e1-b25b-73a9c9105e09@group-1A241C729A68-LeaderElection25] INFO  server.RaftServerConfigKeys (ConfUtils.java:logGet(46)) - raft.server.log.appender.install.snapshot.enabled = false (custom)
2025-01-03 11:06:43,509 [e1b7d22e-2b77-47e1-b25b-73a9c9105e09@group-1A241C729A68-LeaderElection25] INFO  grpc.GrpcConfigKeys (ConfUtils.java:logGet(46)) - raft.grpc.server.heartbeat.channel = true (default)
2025-01-03 11:06:43,509 [e1b7d22e-2b77-47e1-b25b-73a9c9105e09@group-1A241C729A68-LeaderElection25] INFO  impl.RoleInfo (RoleInfo.java:updateAndGet(148)) - e1b7d22e-2b77-47e1-b25b-73a9c9105e09: start e1b7d22e-2b77-47e1-b25b-73a9c9105e09@group-1A241C729A68-LeaderStateImpl
2025-01-03 11:06:43,509 [e1b7d22e-2b77-47e1-b25b-73a9c9105e09@group-1A241C729A68-LeaderElection25] INFO  server.RaftServer$Division (RaftServerImpl.java:setFirstElection(562)) - e1b7d22e-2b77-47e1-b25b-73a9c9105e09@group-1A241C729A68: set firstElectionSinceStartup to false for becomeLeader
2025-01-03 11:06:43,509 [e1b7d22e-2b77-47e1-b25b-73a9c9105e09@group-1A241C729A68-LeaderElection25] INFO  ratis.XceiverServerRatis (XceiverServerRatis.java:handleLeaderChangedNotification(944)) - Leader change notification received for group: group-1A241C729A68 with new leaderId: e1b7d22e-2b77-47e1-b25b-73a9c9105e09
2025-01-03 11:06:43,509 [e1b7d22e-2b77-47e1-b25b-73a9c9105e09@group-1A241C729A68-LeaderElection25] INFO  server.RaftServer$Division (ServerState.java:setLeader(272)) - e1b7d22e-2b77-47e1-b25b-73a9c9105e09@group-1A241C729A68: change Leader from null to e1b7d22e-2b77-47e1-b25b-73a9c9105e09 at term 1 for becomeLeader, leader elected after 5039ms
2025-01-03 11:06:43,510 [e1b7d22e-2b77-47e1-b25b-73a9c9105e09@group-1A241C729A68-LeaderElection25] INFO  segmented.SegmentedRaftLogWorker (SegmentedRaftLogWorker.java:startLogSegment(438)) - e1b7d22e-2b77-47e1-b25b-73a9c9105e09@group-1A241C729A68-SegmentedRaftLogWorker: Starting segment from index:0
2025-01-03 11:06:43,510 [e1b7d22e-2b77-47e1-b25b-73a9c9105e09@group-1A241C729A68-LeaderElection25] INFO  server.RaftServer$Division (ServerState.java:setRaftConf(386)) - e1b7d22e-2b77-47e1-b25b-73a9c9105e09@group-1A241C729A68: set configuration conf: {index: 0, cur=peers:[64d0bb65-51ab-4184-b53b-4c99ec9daa79|127.0.0.1:15139, e1b7d22e-2b77-47e1-b25b-73a9c9105e09|127.0.0.1:15130, b3aae556-a738-441a-a487-b3abd5c550e9|127.0.0.1:15148]|listeners:[], old=null}
2025-01-03 11:06:43,511 [e1b7d22e-2b77-47e1-b25b-73a9c9105e09@group-1A241C729A68-SegmentedRaftLogWorker] INFO  segmented.BufferedWriteChannel (BufferedWriteChannel.java:open(61)) - open log_inprogress_0 at position 0
2025-01-03 11:06:43,511 [scmNode-1-EventQueue-OpenPipelineForHealthyPipelineSafeModeRule] INFO  safemode.SCMSafeModeManager (HealthyPipelineSafeModeRule.java:process(140)) - SCM in safe mode. Healthy pipelines reported count is 0, required healthy pipeline reported count is 1
2025-01-03 11:06:43,513 [c4ddaf89-5638-4166-93d2-d351e01626c9@group-3E7F01CB1845-StateMachineUpdater] INFO  safemode.HealthyPipelineSafeModeRule (HealthyPipelineSafeModeRule.java:initializeRule(172)) - Refreshed total pipeline count is 1, healthy pipeline threshold count is 1
2025-01-03 11:06:43,513 [scmNode-1-EventQueue-PipelineReportForPipelineReportHandler] INFO  pipeline.PipelineReportHandler (PipelineReportHandler.java:processPipelineReport(147)) - Opened pipeline PipelineID=f4d05e04-8c97-4111-b48d-1a241c729a68
2025-01-03 11:06:43,513 [scmNode-1-EventQueue-OpenPipelineForHealthyPipelineSafeModeRule] INFO  safemode.SCMSafeModeManager (HealthyPipelineSafeModeRule.java:process(140)) - SCM in safe mode. Healthy pipelines reported count is 1, required healthy pipeline reported count is 1
2025-01-03 11:06:43,513 [scmNode-1-EventQueue-OpenPipelineForHealthyPipelineSafeModeRule] INFO  safemode.SCMSafeModeManager (SCMSafeModeManager.java:validateSafeModeExitRules(193)) - HealthyPipelineSafeModeRule rule is successfully validated
2025-01-03 11:06:43,513 [scmNode-1-EventQueue-OpenPipelineForHealthyPipelineSafeModeRule] INFO  safemode.SCMSafeModeManager (SCMSafeModeManager.java:validateSafeModeExitRules(208)) - ScmSafeModeManager, all rules are successfully validated
2025-01-03 11:06:43,513 [scmNode-1-EventQueue-OpenPipelineForHealthyPipelineSafeModeRule] INFO  safemode.SCMSafeModeManager (SCMSafeModeManager.java:exitSafeMode(238)) - SCM exiting safe mode.
2025-01-03 11:06:43,514 [scmNode-1-EventQueue-OpenPipelineForHealthyPipelineSafeModeRule] INFO  ha.SCMContext (SCMContext.java:updateSafeModeStatus(225)) - Update SafeModeStatus from SafeModeStatus{safeModeStatus=true, preCheckPassed=true} to SafeModeStatus{safeModeStatus=false, preCheckPassed=true}.
2025-01-03 11:06:43,514 [scmNode-1-EventQueue-OpenPipelineForHealthyPipelineSafeModeRule] INFO  BackgroundPipelineScrubber (BackgroundSCMService.java:notifyStatusChanged(79)) - Service BackgroundPipelineScrubber transitions to RUNNING.
2025-01-03 11:06:43,514 [scmNode-1-EventQueue-OpenPipelineForHealthyPipelineSafeModeRule] INFO  ExpiredContainerReplicaOpScrubber (BackgroundSCMService.java:notifyStatusChanged(79)) - Service ExpiredContainerReplicaOpScrubber transitions to RUNNING.
2025-01-03 11:06:43,514 [scmNode-1-EventQueue-OpenPipelineForHealthyPipelineSafeModeRule] INFO  block.SCMBlockDeletingService (SCMBlockDeletingService.java:notifyStatusChanged(251)) - notifyStatusChanged:RUNNING
2025-01-03 11:06:43,514 [scmNode-1-EventQueue-OpenPipelineForHealthyPipelineSafeModeRule] INFO  replication.ReplicationManager (ReplicationManager.java:notifyStatusChanged(1357)) - Service ReplicationManager transitions to RUNNING.
2025-01-03 11:06:43,514 [scmNode-1-EventQueue-OpenPipelineForHealthyPipelineSafeModeRule] WARN  balancer.ContainerBalancer (ContainerBalancer.java:shouldRun(136)) - Could not find persisted configuration for ContainerBalancer when checking if ContainerBalancer should run. ContainerBalancer should not run now.
2025-01-03 11:06:43,514 [scmNode-1-EventQueue-OpenPipelineForHealthyPipelineSafeModeRule] INFO  SCMHATransactionMonitor (BackgroundSCMService.java:notifyStatusChanged(79)) - Service SCMHATransactionMonitor transitions to RUNNING.
2025-01-03 11:06:43,516 [64d0bb65-51ab-4184-b53b-4c99ec9daa79-server-thread1] INFO  ratis.XceiverServerRatis (XceiverServerRatis.java:handleLeaderChangedNotification(944)) - Leader change notification received for group: group-1A241C729A68 with new leaderId: e1b7d22e-2b77-47e1-b25b-73a9c9105e09
2025-01-03 11:06:43,516 [64d0bb65-51ab-4184-b53b-4c99ec9daa79-server-thread1] INFO  server.RaftServer$Division (ServerState.java:setLeader(272)) - 64d0bb65-51ab-4184-b53b-4c99ec9daa79@group-1A241C729A68: change Leader from null to e1b7d22e-2b77-47e1-b25b-73a9c9105e09 at term 1 for appendEntries, leader elected after 5012ms
2025-01-03 11:06:43,517 [b3aae556-a738-441a-a487-b3abd5c550e9-server-thread1] INFO  ratis.XceiverServerRatis (XceiverServerRatis.java:handleLeaderChangedNotification(944)) - Leader change notification received for group: group-1A241C729A68 with new leaderId: e1b7d22e-2b77-47e1-b25b-73a9c9105e09
2025-01-03 11:06:43,517 [b3aae556-a738-441a-a487-b3abd5c550e9-server-thread1] INFO  server.RaftServer$Division (ServerState.java:setLeader(272)) - b3aae556-a738-441a-a487-b3abd5c550e9@group-1A241C729A68: change Leader from null to e1b7d22e-2b77-47e1-b25b-73a9c9105e09 at term 1 for appendEntries, leader elected after 4976ms
2025-01-03 11:06:43,518 [64d0bb65-51ab-4184-b53b-4c99ec9daa79-server-thread2] INFO  server.RaftServer$Division (ServerState.java:setRaftConf(386)) - 64d0bb65-51ab-4184-b53b-4c99ec9daa79@group-1A241C729A68: set configuration conf: {index: 0, cur=peers:[64d0bb65-51ab-4184-b53b-4c99ec9daa79|127.0.0.1:15139, e1b7d22e-2b77-47e1-b25b-73a9c9105e09|127.0.0.1:15130, b3aae556-a738-441a-a487-b3abd5c550e9|127.0.0.1:15148]|listeners:[], old=null}
2025-01-03 11:06:43,518 [64d0bb65-51ab-4184-b53b-4c99ec9daa79-server-thread2] INFO  segmented.SegmentedRaftLogWorker (SegmentedRaftLogWorker.java:startLogSegment(438)) - 64d0bb65-51ab-4184-b53b-4c99ec9daa79@group-1A241C729A68-SegmentedRaftLogWorker: Starting segment from index:0
2025-01-03 11:06:43,518 [64d0bb65-51ab-4184-b53b-4c99ec9daa79@group-1A241C729A68-SegmentedRaftLogWorker] INFO  segmented.BufferedWriteChannel (BufferedWriteChannel.java:open(61)) - open log_inprogress_0 at position 0
2025-01-03 11:06:43,522 [b3aae556-a738-441a-a487-b3abd5c550e9-server-thread2] INFO  server.RaftServer$Division (ServerState.java:setRaftConf(386)) - b3aae556-a738-441a-a487-b3abd5c550e9@group-1A241C729A68: set configuration conf: {index: 0, cur=peers:[64d0bb65-51ab-4184-b53b-4c99ec9daa79|127.0.0.1:15139, e1b7d22e-2b77-47e1-b25b-73a9c9105e09|127.0.0.1:15130, b3aae556-a738-441a-a487-b3abd5c550e9|127.0.0.1:15148]|listeners:[], old=null}
2025-01-03 11:06:43,522 [b3aae556-a738-441a-a487-b3abd5c550e9-server-thread2] INFO  segmented.SegmentedRaftLogWorker (SegmentedRaftLogWorker.java:startLogSegment(438)) - b3aae556-a738-441a-a487-b3abd5c550e9@group-1A241C729A68-SegmentedRaftLogWorker: Starting segment from index:0
2025-01-03 11:06:43,522 [b3aae556-a738-441a-a487-b3abd5c550e9@group-1A241C729A68-SegmentedRaftLogWorker] INFO  segmented.BufferedWriteChannel (BufferedWriteChannel.java:open(61)) - open log_inprogress_0 at position 0
2025-01-03 11:06:43,523 [e1b7d22e-2b77-47e1-b25b-73a9c9105e09@group-1A241C729A68-SegmentedRaftLogWorker] INFO  segmented.SegmentedRaftLogWorker (SegmentedRaftLogWorker.java:execute(644)) - e1b7d22e-2b77-47e1-b25b-73a9c9105e09@group-1A241C729A68-SegmentedRaftLogWorker: created new log segment /home/runner/work/ozone/ozone/hadoop-ozone/integration-test/target/test-dir/MiniOzoneClusterImpl-3f159d52-719f-49ad-b6d4-3e7f01cb1845/ozone-meta/datanode-1/ratis/f4d05e04-8c97-4111-b48d-1a241c729a68/current/log_inprogress_0
2025-01-03 11:06:43,532 [64d0bb65-51ab-4184-b53b-4c99ec9daa79@group-1A241C729A68-SegmentedRaftLogWorker] INFO  segmented.SegmentedRaftLogWorker (SegmentedRaftLogWorker.java:execute(644)) - 64d0bb65-51ab-4184-b53b-4c99ec9daa79@group-1A241C729A68-SegmentedRaftLogWorker: created new log segment /home/runner/work/ozone/ozone/hadoop-ozone/integration-test/target/test-dir/MiniOzoneClusterImpl-3f159d52-719f-49ad-b6d4-3e7f01cb1845/ozone-meta/datanode-2/ratis/f4d05e04-8c97-4111-b48d-1a241c729a68/current/log_inprogress_0
2025-01-03 11:06:43,532 [b3aae556-a738-441a-a487-b3abd5c550e9@group-1A241C729A68-SegmentedRaftLogWorker] INFO  segmented.SegmentedRaftLogWorker (SegmentedRaftLogWorker.java:execute(644)) - b3aae556-a738-441a-a487-b3abd5c550e9@group-1A241C729A68-SegmentedRaftLogWorker: created new log segment /home/runner/work/ozone/ozone/hadoop-ozone/integration-test/target/test-dir/MiniOzoneClusterImpl-3f159d52-719f-49ad-b6d4-3e7f01cb1845/ozone-meta/datanode-3/ratis/f4d05e04-8c97-4111-b48d-1a241c729a68/current/log_inprogress_0
2025-01-03 11:06:43,534 [e1b7d22e-2b77-47e1-b25b-73a9c9105e09@group-1A241C729A68-StateMachineUpdater] INFO  server.RaftServer$Division (LeaderStateImpl.java:checkStartIndex(313)) - Leader e1b7d22e-2b77-47e1-b25b-73a9c9105e09@group-1A241C729A68-LeaderStateImpl is ready since appliedIndex == startIndex == 0
2025-01-03 11:06:43,572 [e1b7d22e-2b77-47e1-b25b-73a9c9105e09@group-C8520A99226C-FollowerState] INFO  impl.FollowerState (FollowerState.java:runImpl(161)) - e1b7d22e-2b77-47e1-b25b-73a9c9105e09@group-C8520A99226C-FollowerState: change to CANDIDATE, lastRpcElapsedTime:5109753562ns, electionTimeout:5109ms
2025-01-03 11:06:43,572 [e1b7d22e-2b77-47e1-b25b-73a9c9105e09@group-C8520A99226C-FollowerState] INFO  impl.RoleInfo (RoleInfo.java:shutdownFollowerState(121)) - e1b7d22e-2b77-47e1-b25b-73a9c9105e09: shutdown e1b7d22e-2b77-47e1-b25b-73a9c9105e09@group-C8520A99226C-FollowerState
2025-01-03 11:06:43,572 [e1b7d22e-2b77-47e1-b25b-73a9c9105e09@group-C8520A99226C-FollowerState] INFO  server.RaftServer$Division (RaftServerImpl.java:setRole(378)) - e1b7d22e-2b77-47e1-b25b-73a9c9105e09@group-C8520A99226C: changes role from  FOLLOWER to CANDIDATE at term 0 for changeToCandidate
2025-01-03 11:06:43,572 [e1b7d22e-2b77-47e1-b25b-73a9c9105e09@group-C8520A99226C-FollowerState] INFO  server.RaftServerConfigKeys (ConfUtils.java:logGet(46)) - raft.server.leaderelection.pre-vote = true (default)
2025-01-03 11:06:43,573 [e1b7d22e-2b77-47e1-b25b-73a9c9105e09@group-C8520A99226C-FollowerState] INFO  impl.RoleInfo (RoleInfo.java:updateAndGet(148)) - e1b7d22e-2b77-47e1-b25b-73a9c9105e09: start e1b7d22e-2b77-47e1-b25b-73a9c9105e09@group-C8520A99226C-LeaderElection26
2025-01-03 11:06:43,573 [e1b7d22e-2b77-47e1-b25b-73a9c9105e09@group-C8520A99226C-LeaderElection26] INFO  impl.LeaderElection (LeaderElection.java:askForVotes(332)) - e1b7d22e-2b77-47e1-b25b-73a9c9105e09@group-C8520A99226C-LeaderElection26 PRE_VOTE round 0: submit vote requests at term 0 for conf: {index: -1, cur=peers:[e1b7d22e-2b77-47e1-b25b-73a9c9105e09|127.0.0.1:15130]|listeners:[], old=null}
2025-01-03 11:06:43,573 [e1b7d22e-2b77-47e1-b25b-73a9c9105e09@group-C8520A99226C-LeaderElection26] INFO  impl.LeaderElection (LeaderElection.java:askForVotes(334)) - e1b7d22e-2b77-47e1-b25b-73a9c9105e09@group-C8520A99226C-LeaderElection26 PRE_VOTE round 0: result PASSED (term=0)
2025-01-03 11:06:43,574 [e1b7d22e-2b77-47e1-b25b-73a9c9105e09@group-C8520A99226C-LeaderElection26] INFO  impl.LeaderElection (LeaderElection.java:askForVotes(332)) - e1b7d22e-2b77-47e1-b25b-73a9c9105e09@group-C8520A99226C-LeaderElection26 ELECTION round 0: submit vote requests at term 1 for conf: {index: -1, cur=peers:[e1b7d22e-2b77-47e1-b25b-73a9c9105e09|127.0.0.1:15130]|listeners:[], old=null}
2025-01-03 11:06:43,574 [e1b7d22e-2b77-47e1-b25b-73a9c9105e09@group-C8520A99226C-LeaderElection26] INFO  impl.LeaderElection (LeaderElection.java:askForVotes(334)) - e1b7d22e-2b77-47e1-b25b-73a9c9105e09@group-C8520A99226C-LeaderElection26 ELECTION round 0: result PASSED (term=1)
2025-01-03 11:06:43,574 [e1b7d22e-2b77-47e1-b25b-73a9c9105e09@group-C8520A99226C-LeaderElection26] INFO  impl.RoleInfo (RoleInfo.java:shutdownLeaderElection(141)) - e1b7d22e-2b77-47e1-b25b-73a9c9105e09: shutdown e1b7d22e-2b77-47e1-b25b-73a9c9105e09@group-C8520A99226C-LeaderElection26
2025-01-03 11:06:43,574 [e1b7d22e-2b77-47e1-b25b-73a9c9105e09@group-C8520A99226C-LeaderElection26] INFO  server.RaftServer$Division (RaftServerImpl.java:setRole(378)) - e1b7d22e-2b77-47e1-b25b-73a9c9105e09@group-C8520A99226C: changes role from CANDIDATE to LEADER at term 1 for changeToLeader
2025-01-03 11:06:43,574 [e1b7d22e-2b77-47e1-b25b-73a9c9105e09@group-C8520A99226C-LeaderElection26] INFO  server.RaftServerConfigKeys (ConfUtils.java:logGet(46)) - raft.server.staging.catchup.gap = 1000 (default)
2025-01-03 11:06:43,575 [e1b7d22e-2b77-47e1-b25b-73a9c9105e09@group-C8520A99226C-LeaderElection26] INFO  server.RaftServerConfigKeys (ConfUtils.java:logGet(46)) - raft.server.write.element-limit = 1024 (custom)
2025-01-03 11:06:43,575 [e1b7d22e-2b77-47e1-b25b-73a9c9105e09@group-C8520A99226C-LeaderElection26] INFO  server.RaftServerConfigKeys (ConfUtils.java:logGet(46)) - raft.server.write.byte-limit = 1024 M (=1073741824) (custom)
2025-01-03 11:06:43,575 [e1b7d22e-2b77-47e1-b25b-73a9c9105e09@group-C8520A99226C-LeaderElection26] INFO  server.RaftServerConfigKeys (ConfUtils.java:logGet(46)) - raft.server.watch.timeout = 30s (custom)
2025-01-03 11:06:43,575 [e1b7d22e-2b77-47e1-b25b-73a9c9105e09@group-C8520A99226C-LeaderElection26] INFO  server.RaftServerConfigKeys (ConfUtils.java:logGet(46)) - raft.server.watch.timeout.denomination = 1s (default)
2025-01-03 11:06:43,575 [e1b7d22e-2b77-47e1-b25b-73a9c9105e09@group-C8520A99226C-LeaderElection26] INFO  server.RaftServerConfigKeys (ConfUtils.java:logGet(46)) - raft.server.watch.element-limit = 65536 (default)
2025-01-03 11:06:43,575 [e1b7d22e-2b77-47e1-b25b-73a9c9105e09@group-C8520A99226C-LeaderElection26] INFO  server.RaftServerConfigKeys (ConfUtils.java:logGet(46)) - raft.server.read.leader.lease.enabled = false (default)
2025-01-03 11:06:43,575 [e1b7d22e-2b77-47e1-b25b-73a9c9105e09@group-C8520A99226C-LeaderElection26] INFO  server.RaftServerConfigKeys (ConfUtils.java:logGet(46)) - raft.server.read.leader.lease.timeout.ratio = 0.9 (default)
2025-01-03 11:06:43,575 [e1b7d22e-2b77-47e1-b25b-73a9c9105e09@group-C8520A99226C-LeaderElection26] INFO  server.RaftServerConfigKeys (ConfUtils.java:logGet(46)) - raft.server.rpc.timeout.min = 5s (custom)
2025-01-03 11:06:43,575 [e1b7d22e-2b77-47e1-b25b-73a9c9105e09@group-C8520A99226C-LeaderElection26] INFO  server.RaftServerConfigKeys (ConfUtils.java:logGet(46)) - raft.server.log.log-metadata.enabled = true (default)
2025-01-03 11:06:43,575 [e1b7d22e-2b77-47e1-b25b-73a9c9105e09@group-C8520A99226C-LeaderElection26] INFO  server.RaftServerConfigKeys (ConfUtils.java:logGet(46)) - raft.server.write.element-limit = 1024 (custom)
2025-01-03 11:06:43,575 [e1b7d22e-2b77-47e1-b25b-73a9c9105e09@group-C8520A99226C-LeaderElection26] INFO  server.RaftServerConfigKeys (ConfUtils.java:logGet(46)) - raft.server.write.follower.gap.ratio.max = -1.0 (default)
2025-01-03 11:06:43,575 [e1b7d22e-2b77-47e1-b25b-73a9c9105e09@group-C8520A99226C-LeaderElection26] INFO  impl.RoleInfo (RoleInfo.java:updateAndGet(148)) - e1b7d22e-2b77-47e1-b25b-73a9c9105e09: start e1b7d22e-2b77-47e1-b25b-73a9c9105e09@group-C8520A99226C-LeaderStateImpl
2025-01-03 11:06:43,575 [e1b7d22e-2b77-47e1-b25b-73a9c9105e09@group-C8520A99226C-LeaderElection26] INFO  server.RaftServer$Division (RaftServerImpl.java:setFirstElection(562)) - e1b7d22e-2b77-47e1-b25b-73a9c9105e09@group-C8520A99226C: set firstElectionSinceStartup to false for becomeLeader
2025-01-03 11:06:43,575 [e1b7d22e-2b77-47e1-b25b-73a9c9105e09@group-C8520A99226C-LeaderElection26] INFO  ratis.XceiverServerRatis (XceiverServerRatis.java:handleLeaderChangedNotification(944)) - Leader change notification received for group: group-C8520A99226C with new leaderId: e1b7d22e-2b77-47e1-b25b-73a9c9105e09
2025-01-03 11:06:43,576 [e1b7d22e-2b77-47e1-b25b-73a9c9105e09@group-C8520A99226C-LeaderElection26] INFO  server.RaftServer$Division (ServerState.java:setLeader(272)) - e1b7d22e-2b77-47e1-b25b-73a9c9105e09@group-C8520A99226C: change Leader from null to e1b7d22e-2b77-47e1-b25b-73a9c9105e09 at term 1 for becomeLeader, leader elected after 5151ms
2025-01-03 11:06:43,576 [e1b7d22e-2b77-47e1-b25b-73a9c9105e09@group-C8520A99226C-LeaderElection26] INFO  segmented.SegmentedRaftLogWorker (SegmentedRaftLogWorker.java:startLogSegment(438)) - e1b7d22e-2b77-47e1-b25b-73a9c9105e09@group-C8520A99226C-SegmentedRaftLogWorker: Starting segment from index:0
2025-01-03 11:06:43,576 [e1b7d22e-2b77-47e1-b25b-73a9c9105e09@group-C8520A99226C-LeaderElection26] INFO  server.RaftServer$Division (ServerState.java:setRaftConf(386)) - e1b7d22e-2b77-47e1-b25b-73a9c9105e09@group-C8520A99226C: set configuration conf: {index: 0, cur=peers:[e1b7d22e-2b77-47e1-b25b-73a9c9105e09|127.0.0.1:15130]|listeners:[], old=null}
2025-01-03 11:06:43,576 [e1b7d22e-2b77-47e1-b25b-73a9c9105e09@group-C8520A99226C-SegmentedRaftLogWorker] INFO  segmented.BufferedWriteChannel (BufferedWriteChannel.java:open(61)) - open log_inprogress_0 at position 0
2025-01-03 11:06:43,588 [e1b7d22e-2b77-47e1-b25b-73a9c9105e09@group-C8520A99226C-SegmentedRaftLogWorker] INFO  segmented.SegmentedRaftLogWorker (SegmentedRaftLogWorker.java:execute(644)) - e1b7d22e-2b77-47e1-b25b-73a9c9105e09@group-C8520A99226C-SegmentedRaftLogWorker: created new log segment /home/runner/work/ozone/ozone/hadoop-ozone/integration-test/target/test-dir/MiniOzoneClusterImpl-3f159d52-719f-49ad-b6d4-3e7f01cb1845/ozone-meta/datanode-1/ratis/04d2bb20-c7de-412e-ab15-c8520a99226c/current/log_inprogress_0
2025-01-03 11:06:43,590 [e1b7d22e-2b77-47e1-b25b-73a9c9105e09@group-C8520A99226C-StateMachineUpdater] INFO  server.RaftServer$Division (LeaderStateImpl.java:checkStartIndex(313)) - Leader e1b7d22e-2b77-47e1-b25b-73a9c9105e09@group-C8520A99226C-LeaderStateImpl is ready since appliedIndex == startIndex == 0
2025-01-03 11:06:43,637 [64d0bb65-51ab-4184-b53b-4c99ec9daa79@group-93C54FF6C4BB-FollowerState] INFO  impl.FollowerState (FollowerState.java:runImpl(161)) - 64d0bb65-51ab-4184-b53b-4c99ec9daa79@group-93C54FF6C4BB-FollowerState: change to CANDIDATE, lastRpcElapsedTime:5001552415ns, electionTimeout:5001ms
2025-01-03 11:06:43,637 [64d0bb65-51ab-4184-b53b-4c99ec9daa79@group-93C54FF6C4BB-FollowerState] INFO  impl.RoleInfo (RoleInfo.java:shutdownFollowerState(121)) - 64d0bb65-51ab-4184-b53b-4c99ec9daa79: shutdown 64d0bb65-51ab-4184-b53b-4c99ec9daa79@group-93C54FF6C4BB-FollowerState
2025-01-03 11:06:43,637 [64d0bb65-51ab-4184-b53b-4c99ec9daa79@group-93C54FF6C4BB-FollowerState] INFO  server.RaftServer$Division (RaftServerImpl.java:setRole(378)) - 64d0bb65-51ab-4184-b53b-4c99ec9daa79@group-93C54FF6C4BB: changes role from  FOLLOWER to CANDIDATE at term 0 for changeToCandidate
2025-01-03 11:06:43,637 [64d0bb65-51ab-4184-b53b-4c99ec9daa79@group-93C54FF6C4BB-FollowerState] INFO  server.RaftServerConfigKeys (ConfUtils.java:logGet(46)) - raft.server.leaderelection.pre-vote = true (default)
2025-01-03 11:06:43,637 [64d0bb65-51ab-4184-b53b-4c99ec9daa79@group-93C54FF6C4BB-FollowerState] INFO  impl.RoleInfo (RoleInfo.java:updateAndGet(148)) - 64d0bb65-51ab-4184-b53b-4c99ec9daa79: start 64d0bb65-51ab-4184-b53b-4c99ec9daa79@group-93C54FF6C4BB-LeaderElection27
2025-01-03 11:06:43,637 [64d0bb65-51ab-4184-b53b-4c99ec9daa79@group-93C54FF6C4BB-LeaderElection27] INFO  impl.LeaderElection (LeaderElection.java:askForVotes(332)) - 64d0bb65-51ab-4184-b53b-4c99ec9daa79@group-93C54FF6C4BB-LeaderElection27 PRE_VOTE round 0: submit vote requests at term 0 for conf: {index: -1, cur=peers:[e1b7d22e-2b77-47e1-b25b-73a9c9105e09|127.0.0.1:15130, 64d0bb65-51ab-4184-b53b-4c99ec9daa79|127.0.0.1:15139, b3aae556-a738-441a-a487-b3abd5c550e9|127.0.0.1:15148]|listeners:[], old=null}
2025-01-03 11:06:43,638 [64d0bb65-51ab-4184-b53b-4c99ec9daa79@group-93C54FF6C4BB-LeaderElection27-1] INFO  server.GrpcServerProtocolClient (GrpcServerProtocolClient.java:<init>(65)) - Build channel for e1b7d22e-2b77-47e1-b25b-73a9c9105e09|127.0.0.1:15130
2025-01-03 11:06:43,638 [64d0bb65-51ab-4184-b53b-4c99ec9daa79@group-93C54FF6C4BB-LeaderElection27] INFO  server.RaftServerConfigKeys (ConfUtils.java:logFallback(53)) - raft.server.rpc.first-election.timeout.min = 5s (fallback to raft.server.rpc.timeout.min)
2025-01-03 11:06:43,638 [64d0bb65-51ab-4184-b53b-4c99ec9daa79@group-93C54FF6C4BB-LeaderElection27] INFO  server.RaftServerConfigKeys (ConfUtils.java:logFallback(53)) - raft.server.rpc.first-election.timeout.max = 5200ms (fallback to raft.server.rpc.timeout.max)
2025-01-03 11:06:43,638 [64d0bb65-51ab-4184-b53b-4c99ec9daa79@group-93C54FF6C4BB-LeaderElection27-2] INFO  server.GrpcServerProtocolClient (GrpcServerProtocolClient.java:<init>(65)) - Build channel for b3aae556-a738-441a-a487-b3abd5c550e9|127.0.0.1:15148
2025-01-03 11:06:43,641 [grpc-default-executor-1] INFO  server.RaftServer$Division (RaftServerImpl.java:requestVote(1407)) - b3aae556-a738-441a-a487-b3abd5c550e9@group-93C54FF6C4BB: receive requestVote(PRE_VOTE, 64d0bb65-51ab-4184-b53b-4c99ec9daa79, group-93C54FF6C4BB, 0, (t:0, i:0))
2025-01-03 11:06:43,641 [grpc-default-executor-6] INFO  server.RaftServer$Division (RaftServerImpl.java:requestVote(1407)) - e1b7d22e-2b77-47e1-b25b-73a9c9105e09@group-93C54FF6C4BB: receive requestVote(PRE_VOTE, 64d0bb65-51ab-4184-b53b-4c99ec9daa79, group-93C54FF6C4BB, 0, (t:0, i:0))
2025-01-03 11:06:43,641 [grpc-default-executor-1] INFO  impl.VoteContext (VoteContext.java:log(49)) - b3aae556-a738-441a-a487-b3abd5c550e9@group-93C54FF6C4BB-FOLLOWER: accept PRE_VOTE from 64d0bb65-51ab-4184-b53b-4c99ec9daa79: our priority 0 <= candidate's priority 1
2025-01-03 11:06:43,641 [grpc-default-executor-6] INFO  impl.VoteContext (VoteContext.java:log(49)) - e1b7d22e-2b77-47e1-b25b-73a9c9105e09@group-93C54FF6C4BB-FOLLOWER: accept PRE_VOTE from 64d0bb65-51ab-4184-b53b-4c99ec9daa79: our priority 0 <= candidate's priority 1
2025-01-03 11:06:43,641 [grpc-default-executor-1] INFO  server.RaftServer$Division (RaftServerImpl.java:requestVote(1441)) - b3aae556-a738-441a-a487-b3abd5c550e9@group-93C54FF6C4BB replies to PRE_VOTE vote request: 64d0bb65-51ab-4184-b53b-4c99ec9daa79<-b3aae556-a738-441a-a487-b3abd5c550e9#0:OK-t0. Peer's state: b3aae556-a738-441a-a487-b3abd5c550e9@group-93C54FF6C4BB:t0, leader=null, voted=, raftlog=Memoized:b3aae556-a738-441a-a487-b3abd5c550e9@group-93C54FF6C4BB-SegmentedRaftLog:OPENED:c-1:lastnull, conf=conf: {index: -1, cur=peers:[e1b7d22e-2b77-47e1-b25b-73a9c9105e09|127.0.0.1:15130, 64d0bb65-51ab-4184-b53b-4c99ec9daa79|127.0.0.1:15139, b3aae556-a738-441a-a487-b3abd5c550e9|127.0.0.1:15148]|listeners:[], old=null}
2025-01-03 11:06:43,641 [grpc-default-executor-6] INFO  server.RaftServer$Division (RaftServerImpl.java:requestVote(1441)) - e1b7d22e-2b77-47e1-b25b-73a9c9105e09@group-93C54FF6C4BB replies to PRE_VOTE vote request: 64d0bb65-51ab-4184-b53b-4c99ec9daa79<-e1b7d22e-2b77-47e1-b25b-73a9c9105e09#0:OK-t0. Peer's state: e1b7d22e-2b77-47e1-b25b-73a9c9105e09@group-93C54FF6C4BB:t0, leader=null, voted=, raftlog=Memoized:e1b7d22e-2b77-47e1-b25b-73a9c9105e09@group-93C54FF6C4BB-SegmentedRaftLog:OPENED:c-1:lastnull, conf=conf: {index: -1, cur=peers:[e1b7d22e-2b77-47e1-b25b-73a9c9105e09|127.0.0.1:15130, 64d0bb65-51ab-4184-b53b-4c99ec9daa79|127.0.0.1:15139, b3aae556-a738-441a-a487-b3abd5c550e9|127.0.0.1:15148]|listeners:[], old=null}
2025-01-03 11:06:43,641 [64d0bb65-51ab-4184-b53b-4c99ec9daa79@group-93C54FF6C4BB-LeaderElection27] INFO  impl.LeaderElection (LeaderElection.java:logAndReturn(90)) - 64d0bb65-51ab-4184-b53b-4c99ec9daa79@group-93C54FF6C4BB-LeaderElection27: PRE_VOTE PASSED received 1 response(s) and 0 exception(s):
2025-01-03 11:06:43,641 [64d0bb65-51ab-4184-b53b-4c99ec9daa79@group-93C54FF6C4BB-LeaderElection27] INFO  impl.LeaderElection (LeaderElection.java:logAndReturn(94)) -   Response 0: 64d0bb65-51ab-4184-b53b-4c99ec9daa79<-b3aae556-a738-441a-a487-b3abd5c550e9#0:OK-t0
2025-01-03 11:06:43,641 [64d0bb65-51ab-4184-b53b-4c99ec9daa79@group-93C54FF6C4BB-LeaderElection27] INFO  impl.LeaderElection (LeaderElection.java:askForVotes(334)) - 64d0bb65-51ab-4184-b53b-4c99ec9daa79@group-93C54FF6C4BB-LeaderElection27 PRE_VOTE round 0: result PASSED
2025-01-03 11:06:43,643 [64d0bb65-51ab-4184-b53b-4c99ec9daa79@group-93C54FF6C4BB-LeaderElection27] INFO  impl.LeaderElection (LeaderElection.java:askForVotes(332)) - 64d0bb65-51ab-4184-b53b-4c99ec9daa79@group-93C54FF6C4BB-LeaderElection27 ELECTION round 0: submit vote requests at term 1 for conf: {index: -1, cur=peers:[e1b7d22e-2b77-47e1-b25b-73a9c9105e09|127.0.0.1:15130, 64d0bb65-51ab-4184-b53b-4c99ec9daa79|127.0.0.1:15139, b3aae556-a738-441a-a487-b3abd5c550e9|127.0.0.1:15148]|listeners:[], old=null}
2025-01-03 11:06:43,643 [64d0bb65-51ab-4184-b53b-4c99ec9daa79@group-93C54FF6C4BB-LeaderElection27] INFO  server.RaftServerConfigKeys (ConfUtils.java:logFallback(53)) - raft.server.rpc.first-election.timeout.min = 5s (fallback to raft.server.rpc.timeout.min)
2025-01-03 11:06:43,643 [64d0bb65-51ab-4184-b53b-4c99ec9daa79@group-93C54FF6C4BB-LeaderElection27] INFO  server.RaftServerConfigKeys (ConfUtils.java:logFallback(53)) - raft.server.rpc.first-election.timeout.max = 5200ms (fallback to raft.server.rpc.timeout.max)
2025-01-03 11:06:43,644 [grpc-default-executor-6] INFO  server.RaftServer$Division (RaftServerImpl.java:requestVote(1407)) - b3aae556-a738-441a-a487-b3abd5c550e9@group-93C54FF6C4BB: receive requestVote(ELECTION, 64d0bb65-51ab-4184-b53b-4c99ec9daa79, group-93C54FF6C4BB, 1, (t:0, i:0))
2025-01-03 11:06:43,644 [grpc-default-executor-6] INFO  impl.VoteContext (VoteContext.java:log(49)) - b3aae556-a738-441a-a487-b3abd5c550e9@group-93C54FF6C4BB-FOLLOWER: accept ELECTION from 64d0bb65-51ab-4184-b53b-4c99ec9daa79: our priority 0 <= candidate's priority 1
2025-01-03 11:06:43,644 [grpc-default-executor-6] INFO  server.RaftServer$Division (RaftServerImpl.java:setRole(378)) - b3aae556-a738-441a-a487-b3abd5c550e9@group-93C54FF6C4BB: changes role from  FOLLOWER to FOLLOWER at term 0 for candidate:64d0bb65-51ab-4184-b53b-4c99ec9daa79
2025-01-03 11:06:43,644 [grpc-default-executor-6] INFO  impl.RoleInfo (RoleInfo.java:shutdownFollowerState(121)) - b3aae556-a738-441a-a487-b3abd5c550e9: shutdown b3aae556-a738-441a-a487-b3abd5c550e9@group-93C54FF6C4BB-FollowerState
2025-01-03 11:06:43,644 [grpc-default-executor-6] INFO  impl.RoleInfo (RoleInfo.java:updateAndGet(148)) - b3aae556-a738-441a-a487-b3abd5c550e9: start b3aae556-a738-441a-a487-b3abd5c550e9@group-93C54FF6C4BB-FollowerState
2025-01-03 11:06:43,644 [grpc-default-executor-1] INFO  server.RaftServer$Division (RaftServerImpl.java:requestVote(1407)) - e1b7d22e-2b77-47e1-b25b-73a9c9105e09@group-93C54FF6C4BB: receive requestVote(ELECTION, 64d0bb65-51ab-4184-b53b-4c99ec9daa79, group-93C54FF6C4BB, 1, (t:0, i:0))
2025-01-03 11:06:43,644 [b3aae556-a738-441a-a487-b3abd5c550e9@group-93C54FF6C4BB-FollowerState] INFO  impl.FollowerState (FollowerState.java:runImpl(170)) - b3aae556-a738-441a-a487-b3abd5c550e9@group-93C54FF6C4BB-FollowerState was interrupted
2025-01-03 11:06:43,644 [grpc-default-executor-1] INFO  impl.VoteContext (VoteContext.java:log(49)) - e1b7d22e-2b77-47e1-b25b-73a9c9105e09@group-93C54FF6C4BB-FOLLOWER: accept ELECTION from 64d0bb65-51ab-4184-b53b-4c99ec9daa79: our priority 0 <= candidate's priority 1
2025-01-03 11:06:43,644 [grpc-default-executor-1] INFO  server.RaftServer$Division (RaftServerImpl.java:setRole(378)) - e1b7d22e-2b77-47e1-b25b-73a9c9105e09@group-93C54FF6C4BB: changes role from  FOLLOWER to FOLLOWER at term 0 for candidate:64d0bb65-51ab-4184-b53b-4c99ec9daa79
2025-01-03 11:06:43,644 [grpc-default-executor-1] INFO  impl.RoleInfo (RoleInfo.java:shutdownFollowerState(121)) - e1b7d22e-2b77-47e1-b25b-73a9c9105e09: shutdown e1b7d22e-2b77-47e1-b25b-73a9c9105e09@group-93C54FF6C4BB-FollowerState
2025-01-03 11:06:43,644 [grpc-default-executor-1] INFO  impl.RoleInfo (RoleInfo.java:updateAndGet(148)) - e1b7d22e-2b77-47e1-b25b-73a9c9105e09: start e1b7d22e-2b77-47e1-b25b-73a9c9105e09@group-93C54FF6C4BB-FollowerState
2025-01-03 11:06:43,644 [e1b7d22e-2b77-47e1-b25b-73a9c9105e09@group-93C54FF6C4BB-FollowerState] INFO  impl.FollowerState (FollowerState.java:runImpl(170)) - e1b7d22e-2b77-47e1-b25b-73a9c9105e09@group-93C54FF6C4BB-FollowerState was interrupted
2025-01-03 11:06:43,644 [grpc-default-executor-6] INFO  server.RaftServer$Division (RaftServerImpl.java:setFirstElection(562)) - b3aae556-a738-441a-a487-b3abd5c550e9@group-93C54FF6C4BB: set firstElectionSinceStartup to false for candidate:64d0bb65-51ab-4184-b53b-4c99ec9daa79
2025-01-03 11:06:43,645 [grpc-default-executor-1] INFO  server.RaftServer$Division (RaftServerImpl.java:setFirstElection(562)) - e1b7d22e-2b77-47e1-b25b-73a9c9105e09@group-93C54FF6C4BB: set firstElectionSinceStartup to false for candidate:64d0bb65-51ab-4184-b53b-4c99ec9daa79
2025-01-03 11:06:43,647 [grpc-default-executor-6] INFO  server.RaftServer$Division (RaftServerImpl.java:requestVote(1441)) - b3aae556-a738-441a-a487-b3abd5c550e9@group-93C54FF6C4BB replies to ELECTION vote request: 64d0bb65-51ab-4184-b53b-4c99ec9daa79<-b3aae556-a738-441a-a487-b3abd5c550e9#0:OK-t1. Peer's state: b3aae556-a738-441a-a487-b3abd5c550e9@group-93C54FF6C4BB:t1, leader=null, voted=64d0bb65-51ab-4184-b53b-4c99ec9daa79, raftlog=Memoized:b3aae556-a738-441a-a487-b3abd5c550e9@group-93C54FF6C4BB-SegmentedRaftLog:OPENED:c-1:lastnull, conf=conf: {index: -1, cur=peers:[e1b7d22e-2b77-47e1-b25b-73a9c9105e09|127.0.0.1:15130, 64d0bb65-51ab-4184-b53b-4c99ec9daa79|127.0.0.1:15139, b3aae556-a738-441a-a487-b3abd5c550e9|127.0.0.1:15148]|listeners:[], old=null}
2025-01-03 11:06:43,647 [64d0bb65-51ab-4184-b53b-4c99ec9daa79@group-93C54FF6C4BB-LeaderElection27] INFO  impl.LeaderElection (LeaderElection.java:logAndReturn(90)) - 64d0bb65-51ab-4184-b53b-4c99ec9daa79@group-93C54FF6C4BB-LeaderElection27: ELECTION PASSED received 1 response(s) and 0 exception(s):
2025-01-03 11:06:43,647 [64d0bb65-51ab-4184-b53b-4c99ec9daa79@group-93C54FF6C4BB-LeaderElection27] INFO  impl.LeaderElection (LeaderElection.java:logAndReturn(94)) -   Response 0: 64d0bb65-51ab-4184-b53b-4c99ec9daa79<-b3aae556-a738-441a-a487-b3abd5c550e9#0:OK-t1
2025-01-03 11:06:43,647 [64d0bb65-51ab-4184-b53b-4c99ec9daa79@group-93C54FF6C4BB-LeaderElection27] INFO  impl.LeaderElection (LeaderElection.java:askForVotes(334)) - 64d0bb65-51ab-4184-b53b-4c99ec9daa79@group-93C54FF6C4BB-LeaderElection27 ELECTION round 0: result PASSED
2025-01-03 11:06:43,647 [64d0bb65-51ab-4184-b53b-4c99ec9daa79@group-93C54FF6C4BB-LeaderElection27] INFO  impl.RoleInfo (RoleInfo.java:shutdownLeaderElection(141)) - 64d0bb65-51ab-4184-b53b-4c99ec9daa79: shutdown 64d0bb65-51ab-4184-b53b-4c99ec9daa79@group-93C54FF6C4BB-LeaderElection27
2025-01-03 11:06:43,647 [64d0bb65-51ab-4184-b53b-4c99ec9daa79@group-93C54FF6C4BB-LeaderElection27] INFO  server.RaftServer$Division (RaftServerImpl.java:setRole(378)) - 64d0bb65-51ab-4184-b53b-4c99ec9daa79@group-93C54FF6C4BB: changes role from CANDIDATE to LEADER at term 1 for changeToLeader
2025-01-03 11:06:43,648 [64d0bb65-51ab-4184-b53b-4c99ec9daa79@group-93C54FF6C4BB-LeaderElection27] INFO  server.RaftServerConfigKeys (ConfUtils.java:logGet(46)) - raft.server.staging.catchup.gap = 1000 (default)
2025-01-03 11:06:43,648 [grpc-default-executor-1] INFO  server.RaftServer$Division (RaftServerImpl.java:requestVote(1441)) - e1b7d22e-2b77-47e1-b25b-73a9c9105e09@group-93C54FF6C4BB replies to ELECTION vote request: 64d0bb65-51ab-4184-b53b-4c99ec9daa79<-e1b7d22e-2b77-47e1-b25b-73a9c9105e09#0:OK-t1. Peer's state: e1b7d22e-2b77-47e1-b25b-73a9c9105e09@group-93C54FF6C4BB:t1, leader=null, voted=64d0bb65-51ab-4184-b53b-4c99ec9daa79, raftlog=Memoized:e1b7d22e-2b77-47e1-b25b-73a9c9105e09@group-93C54FF6C4BB-SegmentedRaftLog:OPENED:c-1:lastnull, conf=conf: {index: -1, cur=peers:[e1b7d22e-2b77-47e1-b25b-73a9c9105e09|127.0.0.1:15130, 64d0bb65-51ab-4184-b53b-4c99ec9daa79|127.0.0.1:15139, b3aae556-a738-441a-a487-b3abd5c550e9|127.0.0.1:15148]|listeners:[], old=null}
2025-01-03 11:06:43,648 [64d0bb65-51ab-4184-b53b-4c99ec9daa79@group-93C54FF6C4BB-LeaderElection27] INFO  server.RaftServerConfigKeys (ConfUtils.java:logGet(46)) - raft.server.write.element-limit = 1024 (custom)
2025-01-03 11:06:43,648 [64d0bb65-51ab-4184-b53b-4c99ec9daa79@group-93C54FF6C4BB-LeaderElection27] INFO  server.RaftServerConfigKeys (ConfUtils.java:logGet(46)) - raft.server.write.byte-limit = 1024 M (=1073741824) (custom)
2025-01-03 11:06:43,648 [64d0bb65-51ab-4184-b53b-4c99ec9daa79@group-93C54FF6C4BB-LeaderElection27] INFO  server.RaftServerConfigKeys (ConfUtils.java:logGet(46)) - raft.server.watch.timeout = 30s (custom)
2025-01-03 11:06:43,648 [64d0bb65-51ab-4184-b53b-4c99ec9daa79@group-93C54FF6C4BB-LeaderElection27] INFO  server.RaftServerConfigKeys (ConfUtils.java:logGet(46)) - raft.server.watch.timeout.denomination = 1s (default)
2025-01-03 11:06:43,648 [64d0bb65-51ab-4184-b53b-4c99ec9daa79@group-93C54FF6C4BB-LeaderElection27] INFO  server.RaftServerConfigKeys (ConfUtils.java:logGet(46)) - raft.server.watch.element-limit = 65536 (default)
2025-01-03 11:06:43,649 [64d0bb65-51ab-4184-b53b-4c99ec9daa79@group-93C54FF6C4BB-LeaderElection27] INFO  server.RaftServerConfigKeys (ConfUtils.java:logGet(46)) - raft.server.read.leader.lease.enabled = false (default)
2025-01-03 11:06:43,649 [64d0bb65-51ab-4184-b53b-4c99ec9daa79@group-93C54FF6C4BB-LeaderElection27] INFO  server.RaftServerConfigKeys (ConfUtils.java:logGet(46)) - raft.server.read.leader.lease.timeout.ratio = 0.9 (default)
2025-01-03 11:06:43,649 [64d0bb65-51ab-4184-b53b-4c99ec9daa79@group-93C54FF6C4BB-LeaderElection27] INFO  server.RaftServerConfigKeys (ConfUtils.java:logGet(46)) - raft.server.rpc.timeout.min = 5s (custom)
2025-01-03 11:06:43,649 [64d0bb65-51ab-4184-b53b-4c99ec9daa79@group-93C54FF6C4BB-LeaderElection27] INFO  server.RaftServerConfigKeys (ConfUtils.java:logGet(46)) - raft.server.log.log-metadata.enabled = true (default)
2025-01-03 11:06:43,649 [64d0bb65-51ab-4184-b53b-4c99ec9daa79@group-93C54FF6C4BB-LeaderElection27] INFO  server.RaftServerConfigKeys (ConfUtils.java:logGet(46)) - raft.server.write.element-limit = 1024 (custom)
2025-01-03 11:06:43,649 [64d0bb65-51ab-4184-b53b-4c99ec9daa79@group-93C54FF6C4BB-LeaderElection27] INFO  server.RaftServerConfigKeys (ConfUtils.java:logGet(46)) - raft.server.write.follower.gap.ratio.max = -1.0 (default)
2025-01-03 11:06:43,649 [64d0bb65-51ab-4184-b53b-4c99ec9daa79@group-93C54FF6C4BB-LeaderElection27] INFO  server.RaftServerConfigKeys (ConfUtils.java:logGet(46)) - raft.server.log.appender.snapshot.chunk.size.max = 16MB (=16777216) (default)
2025-01-03 11:06:43,649 [64d0bb65-51ab-4184-b53b-4c99ec9daa79@group-93C54FF6C4BB-LeaderElection27] INFO  server.RaftServerConfigKeys (ConfUtils.java:logGet(46)) - raft.server.log.appender.buffer.byte-limit = 33554432 (custom)
2025-01-03 11:06:43,649 [64d0bb65-51ab-4184-b53b-4c99ec9daa79@group-93C54FF6C4BB-LeaderElection27] INFO  server.RaftServerConfigKeys (ConfUtils.java:logGet(46)) - raft.server.log.appender.buffer.element-limit = 1024 (custom)
2025-01-03 11:06:43,649 [64d0bb65-51ab-4184-b53b-4c99ec9daa79@group-93C54FF6C4BB-LeaderElection27] INFO  server.RaftServerConfigKeys (ConfUtils.java:logGet(46)) - raft.server.log.appender.wait-time.min = 0μs (custom)
2025-01-03 11:06:43,649 [64d0bb65-51ab-4184-b53b-4c99ec9daa79@group-93C54FF6C4BB-LeaderElection27] INFO  grpc.GrpcConfigKeys (ConfUtils.java:logGet(46)) - raft.grpc.server.leader.outstanding.appends.max = 8 (default)
2025-01-03 11:06:43,649 [64d0bb65-51ab-4184-b53b-4c99ec9daa79@group-93C54FF6C4BB-LeaderElection27] INFO  server.RaftServerConfigKeys (ConfUtils.java:logGet(46)) - raft.server.rpc.request.timeout = 60s (custom)
2025-01-03 11:06:43,649 [64d0bb65-51ab-4184-b53b-4c99ec9daa79@group-93C54FF6C4BB-LeaderElection27] INFO  grpc.GrpcConfigKeys (ConfUtils.java:logGet(46)) - raft.grpc.server.install_snapshot.request.element-limit = 8 (default)
2025-01-03 11:06:43,649 [64d0bb65-51ab-4184-b53b-4c99ec9daa79@group-93C54FF6C4BB-LeaderElection27] INFO  grpc.GrpcConfigKeys (ConfUtils.java:logGet(46)) - raft.grpc.server.install_snapshot.request.timeout = 3000ms (default)
2025-01-03 11:06:43,649 [64d0bb65-51ab-4184-b53b-4c99ec9daa79@group-93C54FF6C4BB-LeaderElection27] INFO  grpc.GrpcConfigKeys (ConfUtils.java:logGet(46)) - raft.grpc.server.log-message.batch.duration = 5s (default)
2025-01-03 11:06:43,649 [64d0bb65-51ab-4184-b53b-4c99ec9daa79@group-93C54FF6C4BB-LeaderElection27] INFO  server.RaftServerConfigKeys (ConfUtils.java:logGet(46)) - raft.server.log.appender.install.snapshot.enabled = false (custom)
2025-01-03 11:06:43,649 [64d0bb65-51ab-4184-b53b-4c99ec9daa79@group-93C54FF6C4BB-LeaderElection27] INFO  grpc.GrpcConfigKeys (ConfUtils.java:logGet(46)) - raft.grpc.server.heartbeat.channel = true (default)
2025-01-03 11:06:43,650 [64d0bb65-51ab-4184-b53b-4c99ec9daa79@group-93C54FF6C4BB-LeaderElection27] INFO  server.RaftServerConfigKeys (ConfUtils.java:logGet(46)) - raft.server.log.appender.snapshot.chunk.size.max = 16MB (=16777216) (default)
2025-01-03 11:06:43,650 [64d0bb65-51ab-4184-b53b-4c99ec9daa79@group-93C54FF6C4BB-LeaderElection27] INFO  server.RaftServerConfigKeys (ConfUtils.java:logGet(46)) - raft.server.log.appender.buffer.byte-limit = 33554432 (custom)
2025-01-03 11:06:43,650 [64d0bb65-51ab-4184-b53b-4c99ec9daa79@group-93C54FF6C4BB-LeaderElection27] INFO  server.RaftServerConfigKeys (ConfUtils.java:logGet(46)) - raft.server.log.appender.buffer.element-limit = 1024 (custom)
2025-01-03 11:06:43,650 [64d0bb65-51ab-4184-b53b-4c99ec9daa79@group-93C54FF6C4BB-LeaderElection27] INFO  server.RaftServerConfigKeys (ConfUtils.java:logGet(46)) - raft.server.log.appender.wait-time.min = 0μs (custom)
2025-01-03 11:06:43,650 [64d0bb65-51ab-4184-b53b-4c99ec9daa79@group-93C54FF6C4BB-LeaderElection27] INFO  grpc.GrpcConfigKeys (ConfUtils.java:logGet(46)) - raft.grpc.server.leader.outstanding.appends.max = 8 (default)
2025-01-03 11:06:43,650 [64d0bb65-51ab-4184-b53b-4c99ec9daa79@group-93C54FF6C4BB-LeaderElection27] INFO  server.RaftServerConfigKeys (ConfUtils.java:logGet(46)) - raft.server.rpc.request.timeout = 60s (custom)
2025-01-03 11:06:43,650 [64d0bb65-51ab-4184-b53b-4c99ec9daa79@group-93C54FF6C4BB-LeaderElection27] INFO  grpc.GrpcConfigKeys (ConfUtils.java:logGet(46)) - raft.grpc.server.install_snapshot.request.element-limit = 8 (default)
2025-01-03 11:06:43,650 [64d0bb65-51ab-4184-b53b-4c99ec9daa79@group-93C54FF6C4BB-LeaderElection27] INFO  grpc.GrpcConfigKeys (ConfUtils.java:logGet(46)) - raft.grpc.server.install_snapshot.request.timeout = 3000ms (default)
2025-01-03 11:06:43,650 [64d0bb65-51ab-4184-b53b-4c99ec9daa79@group-93C54FF6C4BB-LeaderElection27] INFO  grpc.GrpcConfigKeys (ConfUtils.java:logGet(46)) - raft.grpc.server.log-message.batch.duration = 5s (default)
2025-01-03 11:06:43,650 [64d0bb65-51ab-4184-b53b-4c99ec9daa79@group-93C54FF6C4BB-LeaderElection27] INFO  server.RaftServerConfigKeys (ConfUtils.java:logGet(46)) - raft.server.log.appender.install.snapshot.enabled = false (custom)
2025-01-03 11:06:43,650 [64d0bb65-51ab-4184-b53b-4c99ec9daa79@group-93C54FF6C4BB-LeaderElection27] INFO  grpc.GrpcConfigKeys (ConfUtils.java:logGet(46)) - raft.grpc.server.heartbeat.channel = true (default)
2025-01-03 11:06:43,651 [64d0bb65-51ab-4184-b53b-4c99ec9daa79@group-93C54FF6C4BB-LeaderElection27] INFO  impl.RoleInfo (RoleInfo.java:updateAndGet(148)) - 64d0bb65-51ab-4184-b53b-4c99ec9daa79: start 64d0bb65-51ab-4184-b53b-4c99ec9daa79@group-93C54FF6C4BB-LeaderStateImpl
2025-01-03 11:06:43,651 [64d0bb65-51ab-4184-b53b-4c99ec9daa79@group-93C54FF6C4BB-LeaderElection27] INFO  server.RaftServer$Division (RaftServerImpl.java:setFirstElection(562)) - 64d0bb65-51ab-4184-b53b-4c99ec9daa79@group-93C54FF6C4BB: set firstElectionSinceStartup to false for becomeLeader
2025-01-03 11:06:43,651 [64d0bb65-51ab-4184-b53b-4c99ec9daa79@group-93C54FF6C4BB-LeaderElection27] INFO  ratis.XceiverServerRatis (XceiverServerRatis.java:handleLeaderChangedNotification(944)) - Leader change notification received for group: group-93C54FF6C4BB with new leaderId: 64d0bb65-51ab-4184-b53b-4c99ec9daa79
2025-01-03 11:06:43,651 [64d0bb65-51ab-4184-b53b-4c99ec9daa79@group-93C54FF6C4BB-LeaderElection27] INFO  server.RaftServer$Division (ServerState.java:setLeader(272)) - 64d0bb65-51ab-4184-b53b-4c99ec9daa79@group-93C54FF6C4BB: change Leader from null to 64d0bb65-51ab-4184-b53b-4c99ec9daa79 at term 1 for becomeLeader, leader elected after 5029ms
2025-01-03 11:06:43,651 [64d0bb65-51ab-4184-b53b-4c99ec9daa79@group-93C54FF6C4BB-LeaderElection27] INFO  segmented.SegmentedRaftLogWorker (SegmentedRaftLogWorker.java:startLogSegment(438)) - 64d0bb65-51ab-4184-b53b-4c99ec9daa79@group-93C54FF6C4BB-SegmentedRaftLogWorker: Starting segment from index:0
2025-01-03 11:06:43,651 [64d0bb65-51ab-4184-b53b-4c99ec9daa79@group-93C54FF6C4BB-SegmentedRaftLogWorker] INFO  segmented.BufferedWriteChannel (BufferedWriteChannel.java:open(61)) - open log_inprogress_0 at position 0
2025-01-03 11:06:43,654 [scmNode-1-EventQueue-PipelineReportForPipelineReportHandler] INFO  pipeline.PipelineReportHandler (PipelineReportHandler.java:processPipelineReport(147)) - Opened pipeline PipelineID=df10fce6-fd08-4c5a-a6e9-93c54ff6c4bb
2025-01-03 11:06:43,656 [64d0bb65-51ab-4184-b53b-4c99ec9daa79@group-93C54FF6C4BB-LeaderElection27] INFO  server.RaftServer$Division (ServerState.java:setRaftConf(386)) - 64d0bb65-51ab-4184-b53b-4c99ec9daa79@group-93C54FF6C4BB: set configuration conf: {index: 0, cur=peers:[e1b7d22e-2b77-47e1-b25b-73a9c9105e09|127.0.0.1:15130, 64d0bb65-51ab-4184-b53b-4c99ec9daa79|127.0.0.1:15139, b3aae556-a738-441a-a487-b3abd5c550e9|127.0.0.1:15148]|listeners:[], old=null}
2025-01-03 11:06:43,660 [e1b7d22e-2b77-47e1-b25b-73a9c9105e09-server-thread1] INFO  ratis.XceiverServerRatis (XceiverServerRatis.java:handleLeaderChangedNotification(944)) - Leader change notification received for group: group-93C54FF6C4BB with new leaderId: 64d0bb65-51ab-4184-b53b-4c99ec9daa79
2025-01-03 11:06:43,660 [e1b7d22e-2b77-47e1-b25b-73a9c9105e09-server-thread1] INFO  server.RaftServer$Division (ServerState.java:setLeader(272)) - e1b7d22e-2b77-47e1-b25b-73a9c9105e09@group-93C54FF6C4BB: change Leader from null to 64d0bb65-51ab-4184-b53b-4c99ec9daa79 at term 1 for appendEntries, leader elected after 5087ms
2025-01-03 11:06:43,662 [e1b7d22e-2b77-47e1-b25b-73a9c9105e09-server-thread2] INFO  server.RaftServer$Division (ServerState.java:setRaftConf(386)) - e1b7d22e-2b77-47e1-b25b-73a9c9105e09@group-93C54FF6C4BB: set configuration conf: {index: 0, cur=peers:[e1b7d22e-2b77-47e1-b25b-73a9c9105e09|127.0.0.1:15130, 64d0bb65-51ab-4184-b53b-4c99ec9daa79|127.0.0.1:15139, b3aae556-a738-441a-a487-b3abd5c550e9|127.0.0.1:15148]|listeners:[], old=null}
2025-01-03 11:06:43,662 [e1b7d22e-2b77-47e1-b25b-73a9c9105e09-server-thread2] INFO  segmented.SegmentedRaftLogWorker (SegmentedRaftLogWorker.java:startLogSegment(438)) - e1b7d22e-2b77-47e1-b25b-73a9c9105e09@group-93C54FF6C4BB-SegmentedRaftLogWorker: Starting segment from index:0
2025-01-03 11:06:43,662 [e1b7d22e-2b77-47e1-b25b-73a9c9105e09@group-93C54FF6C4BB-SegmentedRaftLogWorker] INFO  segmented.BufferedWriteChannel (BufferedWriteChannel.java:open(61)) - open log_inprogress_0 at position 0
2025-01-03 11:06:43,663 [64d0bb65-51ab-4184-b53b-4c99ec9daa79@group-93C54FF6C4BB-SegmentedRaftLogWorker] INFO  segmented.SegmentedRaftLogWorker (SegmentedRaftLogWorker.java:execute(644)) - 64d0bb65-51ab-4184-b53b-4c99ec9daa79@group-93C54FF6C4BB-SegmentedRaftLogWorker: created new log segment /home/runner/work/ozone/ozone/hadoop-ozone/integration-test/target/test-dir/MiniOzoneClusterImpl-3f159d52-719f-49ad-b6d4-3e7f01cb1845/ozone-meta/datanode-2/ratis/df10fce6-fd08-4c5a-a6e9-93c54ff6c4bb/current/log_inprogress_0
2025-01-03 11:06:43,664 [b3aae556-a738-441a-a487-b3abd5c550e9-server-thread1] INFO  ratis.XceiverServerRatis (XceiverServerRatis.java:handleLeaderChangedNotification(944)) - Leader change notification received for group: group-93C54FF6C4BB with new leaderId: 64d0bb65-51ab-4184-b53b-4c99ec9daa79
2025-01-03 11:06:43,664 [b3aae556-a738-441a-a487-b3abd5c550e9-server-thread1] INFO  server.RaftServer$Division (ServerState.java:setLeader(272)) - b3aae556-a738-441a-a487-b3abd5c550e9@group-93C54FF6C4BB: change Leader from null to 64d0bb65-51ab-4184-b53b-4c99ec9daa79 at term 1 for appendEntries, leader elected after 5063ms
2025-01-03 11:06:43,668 [b3aae556-a738-441a-a487-b3abd5c550e9-server-thread2] INFO  server.RaftServer$Division (ServerState.java:setRaftConf(386)) - b3aae556-a738-441a-a487-b3abd5c550e9@group-93C54FF6C4BB: set configuration conf: {index: 0, cur=peers:[e1b7d22e-2b77-47e1-b25b-73a9c9105e09|127.0.0.1:15130, 64d0bb65-51ab-4184-b53b-4c99ec9daa79|127.0.0.1:15139, b3aae556-a738-441a-a487-b3abd5c550e9|127.0.0.1:15148]|listeners:[], old=null}
2025-01-03 11:06:43,668 [b3aae556-a738-441a-a487-b3abd5c550e9-server-thread2] INFO  segmented.SegmentedRaftLogWorker (SegmentedRaftLogWorker.java:startLogSegment(438)) - b3aae556-a738-441a-a487-b3abd5c550e9@group-93C54FF6C4BB-SegmentedRaftLogWorker: Starting segment from index:0
2025-01-03 11:06:43,669 [b3aae556-a738-441a-a487-b3abd5c550e9@group-93C54FF6C4BB-SegmentedRaftLogWorker] INFO  segmented.BufferedWriteChannel (BufferedWriteChannel.java:open(61)) - open log_inprogress_0 at position 0
2025-01-03 11:06:43,672 [e1b7d22e-2b77-47e1-b25b-73a9c9105e09@group-93C54FF6C4BB-SegmentedRaftLogWorker] INFO  segmented.SegmentedRaftLogWorker (SegmentedRaftLogWorker.java:execute(644)) - e1b7d22e-2b77-47e1-b25b-73a9c9105e09@group-93C54FF6C4BB-SegmentedRaftLogWorker: created new log segment /home/runner/work/ozone/ozone/hadoop-ozone/integration-test/target/test-dir/MiniOzoneClusterImpl-3f159d52-719f-49ad-b6d4-3e7f01cb1845/ozone-meta/datanode-1/ratis/df10fce6-fd08-4c5a-a6e9-93c54ff6c4bb/current/log_inprogress_0
2025-01-03 11:06:43,676 [64d0bb65-51ab-4184-b53b-4c99ec9daa79@group-93C54FF6C4BB-StateMachineUpdater] INFO  server.RaftServer$Division (LeaderStateImpl.java:checkStartIndex(313)) - Leader 64d0bb65-51ab-4184-b53b-4c99ec9daa79@group-93C54FF6C4BB-LeaderStateImpl is ready since appliedIndex == startIndex == 0
2025-01-03 11:06:43,679 [b3aae556-a738-441a-a487-b3abd5c550e9@group-93C54FF6C4BB-SegmentedRaftLogWorker] INFO  segmented.SegmentedRaftLogWorker (SegmentedRaftLogWorker.java:execute(644)) - b3aae556-a738-441a-a487-b3abd5c550e9@group-93C54FF6C4BB-SegmentedRaftLogWorker: created new log segment /home/runner/work/ozone/ozone/hadoop-ozone/integration-test/target/test-dir/MiniOzoneClusterImpl-3f159d52-719f-49ad-b6d4-3e7f01cb1845/ozone-meta/datanode-3/ratis/df10fce6-fd08-4c5a-a6e9-93c54ff6c4bb/current/log_inprogress_0
2025-01-03 11:06:43,819 [64d0bb65-51ab-4184-b53b-4c99ec9daa79@group-B09451480444-FollowerState] INFO  impl.FollowerState (FollowerState.java:runImpl(161)) - 64d0bb65-51ab-4184-b53b-4c99ec9daa79@group-B09451480444-FollowerState: change to CANDIDATE, lastRpcElapsedTime:5138979037ns, electionTimeout:5138ms
2025-01-03 11:06:43,819 [64d0bb65-51ab-4184-b53b-4c99ec9daa79@group-B09451480444-FollowerState] INFO  impl.RoleInfo (RoleInfo.java:shutdownFollowerState(121)) - 64d0bb65-51ab-4184-b53b-4c99ec9daa79: shutdown 64d0bb65-51ab-4184-b53b-4c99ec9daa79@group-B09451480444-FollowerState
2025-01-03 11:06:43,820 [64d0bb65-51ab-4184-b53b-4c99ec9daa79@group-B09451480444-FollowerState] INFO  server.RaftServer$Division (RaftServerImpl.java:setRole(378)) - 64d0bb65-51ab-4184-b53b-4c99ec9daa79@group-B09451480444: changes role from  FOLLOWER to CANDIDATE at term 0 for changeToCandidate
2025-01-03 11:06:43,820 [64d0bb65-51ab-4184-b53b-4c99ec9daa79@group-B09451480444-FollowerState] INFO  server.RaftServerConfigKeys (ConfUtils.java:logGet(46)) - raft.server.leaderelection.pre-vote = true (default)
2025-01-03 11:06:43,820 [64d0bb65-51ab-4184-b53b-4c99ec9daa79@group-B09451480444-FollowerState] INFO  impl.RoleInfo (RoleInfo.java:updateAndGet(148)) - 64d0bb65-51ab-4184-b53b-4c99ec9daa79: start 64d0bb65-51ab-4184-b53b-4c99ec9daa79@group-B09451480444-LeaderElection28
2025-01-03 11:06:43,820 [64d0bb65-51ab-4184-b53b-4c99ec9daa79@group-B09451480444-LeaderElection28] INFO  impl.LeaderElection (LeaderElection.java:askForVotes(332)) - 64d0bb65-51ab-4184-b53b-4c99ec9daa79@group-B09451480444-LeaderElection28 PRE_VOTE round 0: submit vote requests at term 0 for conf: {index: -1, cur=peers:[64d0bb65-51ab-4184-b53b-4c99ec9daa79|127.0.0.1:15139]|listeners:[], old=null}
2025-01-03 11:06:43,820 [64d0bb65-51ab-4184-b53b-4c99ec9daa79@group-B09451480444-LeaderElection28] INFO  impl.LeaderElection (LeaderElection.java:askForVotes(334)) - 64d0bb65-51ab-4184-b53b-4c99ec9daa79@group-B09451480444-LeaderElection28 PRE_VOTE round 0: result PASSED (term=0)
2025-01-03 11:06:43,821 [64d0bb65-51ab-4184-b53b-4c99ec9daa79@group-B09451480444-LeaderElection28] INFO  impl.LeaderElection (LeaderElection.java:askForVotes(332)) - 64d0bb65-51ab-4184-b53b-4c99ec9daa79@group-B09451480444-LeaderElection28 ELECTION round 0: submit vote requests at term 1 for conf: {index: -1, cur=peers:[64d0bb65-51ab-4184-b53b-4c99ec9daa79|127.0.0.1:15139]|listeners:[], old=null}
2025-01-03 11:06:43,821 [64d0bb65-51ab-4184-b53b-4c99ec9daa79@group-B09451480444-LeaderElection28] INFO  impl.LeaderElection (LeaderElection.java:askForVotes(334)) - 64d0bb65-51ab-4184-b53b-4c99ec9daa79@group-B09451480444-LeaderElection28 ELECTION round 0: result PASSED (term=1)
2025-01-03 11:06:43,821 [64d0bb65-51ab-4184-b53b-4c99ec9daa79@group-B09451480444-LeaderElection28] INFO  impl.RoleInfo (RoleInfo.java:shutdownLeaderElection(141)) - 64d0bb65-51ab-4184-b53b-4c99ec9daa79: shutdown 64d0bb65-51ab-4184-b53b-4c99ec9daa79@group-B09451480444-LeaderElection28
2025-01-03 11:06:43,821 [64d0bb65-51ab-4184-b53b-4c99ec9daa79@group-B09451480444-LeaderElection28] INFO  server.RaftServer$Division (RaftServerImpl.java:setRole(378)) - 64d0bb65-51ab-4184-b53b-4c99ec9daa79@group-B09451480444: changes role from CANDIDATE to LEADER at term 1 for changeToLeader
2025-01-03 11:06:43,822 [64d0bb65-51ab-4184-b53b-4c99ec9daa79@group-B09451480444-LeaderElection28] INFO  server.RaftServerConfigKeys (ConfUtils.java:logGet(46)) - raft.server.staging.catchup.gap = 1000 (default)
2025-01-03 11:06:43,822 [64d0bb65-51ab-4184-b53b-4c99ec9daa79@group-B09451480444-LeaderElection28] INFO  server.RaftServerConfigKeys (ConfUtils.java:logGet(46)) - raft.server.write.element-limit = 1024 (custom)
2025-01-03 11:06:43,822 [64d0bb65-51ab-4184-b53b-4c99ec9daa79@group-B09451480444-LeaderElection28] INFO  server.RaftServerConfigKeys (ConfUtils.java:logGet(46)) - raft.server.write.byte-limit = 1024 M (=1073741824) (custom)
2025-01-03 11:06:43,822 [64d0bb65-51ab-4184-b53b-4c99ec9daa79@group-B09451480444-LeaderElection28] INFO  server.RaftServerConfigKeys (ConfUtils.java:logGet(46)) - raft.server.watch.timeout = 30s (custom)
2025-01-03 11:06:43,822 [64d0bb65-51ab-4184-b53b-4c99ec9daa79@group-B09451480444-LeaderElection28] INFO  server.RaftServerConfigKeys (ConfUtils.java:logGet(46)) - raft.server.watch.timeout.denomination = 1s (default)
2025-01-03 11:06:43,822 [64d0bb65-51ab-4184-b53b-4c99ec9daa79@group-B09451480444-LeaderElection28] INFO  server.RaftServerConfigKeys (ConfUtils.java:logGet(46)) - raft.server.watch.element-limit = 65536 (default)
2025-01-03 11:06:43,822 [64d0bb65-51ab-4184-b53b-4c99ec9daa79@group-B09451480444-LeaderElection28] INFO  server.RaftServerConfigKeys (ConfUtils.java:logGet(46)) - raft.server.read.leader.lease.enabled = false (default)
2025-01-03 11:06:43,823 [64d0bb65-51ab-4184-b53b-4c99ec9daa79@group-B09451480444-LeaderElection28] INFO  server.RaftServerConfigKeys (ConfUtils.java:logGet(46)) - raft.server.read.leader.lease.timeout.ratio = 0.9 (default)
2025-01-03 11:06:43,823 [64d0bb65-51ab-4184-b53b-4c99ec9daa79@group-B09451480444-LeaderElection28] INFO  server.RaftServerConfigKeys (ConfUtils.java:logGet(46)) - raft.server.rpc.timeout.min = 5s (custom)
2025-01-03 11:06:43,823 [64d0bb65-51ab-4184-b53b-4c99ec9daa79@group-B09451480444-LeaderElection28] INFO  server.RaftServerConfigKeys (ConfUtils.java:logGet(46)) - raft.server.log.log-metadata.enabled = true (default)
2025-01-03 11:06:43,823 [64d0bb65-51ab-4184-b53b-4c99ec9daa79@group-B09451480444-LeaderElection28] INFO  server.RaftServerConfigKeys (ConfUtils.java:logGet(46)) - raft.server.write.element-limit = 1024 (custom)
2025-01-03 11:06:43,823 [64d0bb65-51ab-4184-b53b-4c99ec9daa79@group-B09451480444-LeaderElection28] INFO  server.RaftServerConfigKeys (ConfUtils.java:logGet(46)) - raft.server.write.follower.gap.ratio.max = -1.0 (default)
2025-01-03 11:06:43,823 [64d0bb65-51ab-4184-b53b-4c99ec9daa79@group-B09451480444-LeaderElection28] INFO  impl.RoleInfo (RoleInfo.java:updateAndGet(148)) - 64d0bb65-51ab-4184-b53b-4c99ec9daa79: start 64d0bb65-51ab-4184-b53b-4c99ec9daa79@group-B09451480444-LeaderStateImpl
2025-01-03 11:06:43,823 [64d0bb65-51ab-4184-b53b-4c99ec9daa79@group-B09451480444-LeaderElection28] INFO  server.RaftServer$Division (RaftServerImpl.java:setFirstElection(562)) - 64d0bb65-51ab-4184-b53b-4c99ec9daa79@group-B09451480444: set firstElectionSinceStartup to false for becomeLeader
2025-01-03 11:06:43,823 [64d0bb65-51ab-4184-b53b-4c99ec9daa79@group-B09451480444-LeaderElection28] INFO  ratis.XceiverServerRatis (XceiverServerRatis.java:handleLeaderChangedNotification(944)) - Leader change notification received for group: group-B09451480444 with new leaderId: 64d0bb65-51ab-4184-b53b-4c99ec9daa79
2025-01-03 11:06:43,823 [64d0bb65-51ab-4184-b53b-4c99ec9daa79@group-B09451480444-LeaderElection28] INFO  server.RaftServer$Division (ServerState.java:setLeader(272)) - 64d0bb65-51ab-4184-b53b-4c99ec9daa79@group-B09451480444: change Leader from null to 64d0bb65-51ab-4184-b53b-4c99ec9daa79 at term 1 for becomeLeader, leader elected after 5156ms
2025-01-03 11:06:43,823 [64d0bb65-51ab-4184-b53b-4c99ec9daa79@group-B09451480444-LeaderElection28] INFO  segmented.SegmentedRaftLogWorker (SegmentedRaftLogWorker.java:startLogSegment(438)) - 64d0bb65-51ab-4184-b53b-4c99ec9daa79@group-B09451480444-SegmentedRaftLogWorker: Starting segment from index:0
2025-01-03 11:06:43,823 [64d0bb65-51ab-4184-b53b-4c99ec9daa79@group-B09451480444-LeaderElection28] INFO  server.RaftServer$Division (ServerState.java:setRaftConf(386)) - 64d0bb65-51ab-4184-b53b-4c99ec9daa79@group-B09451480444: set configuration conf: {index: 0, cur=peers:[64d0bb65-51ab-4184-b53b-4c99ec9daa79|127.0.0.1:15139]|listeners:[], old=null}
2025-01-03 11:06:43,823 [64d0bb65-51ab-4184-b53b-4c99ec9daa79@group-B09451480444-SegmentedRaftLogWorker] INFO  segmented.BufferedWriteChannel (BufferedWriteChannel.java:open(61)) - open log_inprogress_0 at position 0
2025-01-03 11:06:43,833 [64d0bb65-51ab-4184-b53b-4c99ec9daa79@group-B09451480444-SegmentedRaftLogWorker] INFO  segmented.SegmentedRaftLogWorker (SegmentedRaftLogWorker.java:execute(644)) - 64d0bb65-51ab-4184-b53b-4c99ec9daa79@group-B09451480444-SegmentedRaftLogWorker: created new log segment /home/runner/work/ozone/ozone/hadoop-ozone/integration-test/target/test-dir/MiniOzoneClusterImpl-3f159d52-719f-49ad-b6d4-3e7f01cb1845/ozone-meta/datanode-2/ratis/f0551fbc-4ac1-4c32-b222-b09451480444/current/log_inprogress_0
2025-01-03 11:06:43,835 [64d0bb65-51ab-4184-b53b-4c99ec9daa79@group-B09451480444-StateMachineUpdater] INFO  server.RaftServer$Division (LeaderStateImpl.java:checkStartIndex(313)) - Leader 64d0bb65-51ab-4184-b53b-4c99ec9daa79@group-B09451480444-LeaderStateImpl is ready since appliedIndex == startIndex == 0
2025-01-03 11:06:43,929 [main] INFO  ozone.MiniOzoneClusterImpl (MiniOzoneClusterImpl.java:lambda$waitForClusterToBeReady$0(219)) - Nodes are ready. Got 3 of 3 DN Heartbeats.
2025-01-03 11:06:43,929 [main] INFO  ozone.MiniOzoneClusterImpl (MiniOzoneClusterImpl.java:lambda$waitForClusterToBeReady$0(222)) - Cluster exits safe mode
2025-01-03 11:06:43,929 [main] INFO  ozone.MiniOzoneClusterImpl (MiniOzoneClusterImpl.java:lambda$waitForClusterToBeReady$0(224)) - SCM became leader
2025-01-03 11:06:43,932 [IPC Server handler 0 on default port 15114] INFO  ha.SCMNodeInfo (SCMNodeInfo.java:getPort(196)) - ConfigKey ozone.scm.client.address is deprecated, For configuring different ports for each SCM use PortConfigKey ozone.scm.client.port appended with serviceId and nodeId
2025-01-03 11:06:43,932 [IPC Server handler 0 on default port 15114] INFO  ha.SCMNodeInfo (SCMNodeInfo.java:getPort(196)) - ConfigKey ozone.scm.block.client.address is deprecated, For configuring different ports for each SCM use PortConfigKey ozone.scm.block.client.port appended with serviceId and nodeId
2025-01-03 11:06:43,932 [IPC Server handler 0 on default port 15114] INFO  ha.SCMNodeInfo (SCMNodeInfo.java:getPort(196)) - ConfigKey ozone.scm.security.service.address is deprecated, For configuring different ports for each SCM use PortConfigKey ozone.scm.security.service.port appended with serviceId and nodeId
2025-01-03 11:06:43,932 [IPC Server handler 0 on default port 15114] INFO  ha.SCMNodeInfo (SCMNodeInfo.java:getPort(196)) - ConfigKey ozone.scm.datanode.address is deprecated, For configuring different ports for each SCM use PortConfigKey ozone.scm.datanode.port appended with serviceId and nodeId
2025-01-03 11:06:43,934 [main] INFO  rpc.RpcClient (RpcClient.java:createVolume(462)) - Creating Volume: volume22843, with runner as owner and space quota set to -1 bytes, counts quota set to -1
2025-01-03 11:06:43,940 [omNode-1-OMStateMachineApplyTransactionThread - 0] INFO  volume.OMVolumeCreateRequest (OMVolumeCreateRequest.java:validateAndUpdateCache(215)) - created volume:volume22843 for user:runner
2025-01-03 11:06:43,940 [omNode-2-OMStateMachineApplyTransactionThread - 0] INFO  volume.OMVolumeCreateRequest (OMVolumeCreateRequest.java:validateAndUpdateCache(215)) - created volume:volume22843 for user:runner
2025-01-03 11:06:43,940 [omNode-3-OMStateMachineApplyTransactionThread - 0] INFO  volume.OMVolumeCreateRequest (OMVolumeCreateRequest.java:validateAndUpdateCache(215)) - created volume:volume22843 for user:runner
2025-01-03 11:06:43,944 [main] INFO  rpc.RpcClient (RpcClient.java:createBucket(686)) - Creating Bucket: volume22843/bucket43605, with server-side default bucket layout, runner as owner, Versioning false, Storage Type set to DISK and Encryption set to false, Replication Type set to server-side default replication type, Namespace Quota set to -1, Space Quota set to -1 
2025-01-03 11:06:43,947 [omNode-1-OMStateMachineApplyTransactionThread - 0] INFO  bucket.OMBucketCreateRequest (OMBucketCreateRequest.java:validateAndUpdateCache(294)) - created bucket: bucket43605 of layout FILE_SYSTEM_OPTIMIZED in volume: volume22843
2025-01-03 11:06:43,947 [omNode-2-OMStateMachineApplyTransactionThread - 0] INFO  bucket.OMBucketCreateRequest (OMBucketCreateRequest.java:validateAndUpdateCache(294)) - created bucket: bucket43605 of layout FILE_SYSTEM_OPTIMIZED in volume: volume22843
2025-01-03 11:06:43,948 [omNode-3-OMStateMachineApplyTransactionThread - 0] INFO  bucket.OMBucketCreateRequest (OMBucketCreateRequest.java:validateAndUpdateCache(294)) - created bucket: bucket43605 of layout FILE_SYSTEM_OPTIMIZED in volume: volume22843
2025-01-03 11:06:43,952 [b3aae556-a738-441a-a487-b3abd5c550e9@group-3B5CCC8D4EC5-FollowerState] INFO  impl.FollowerState (FollowerState.java:runImpl(161)) - b3aae556-a738-441a-a487-b3abd5c550e9@group-3B5CCC8D4EC5-FollowerState: change to CANDIDATE, lastRpcElapsedTime:5006195703ns, electionTimeout:5005ms
2025-01-03 11:06:43,952 [b3aae556-a738-441a-a487-b3abd5c550e9@group-3B5CCC8D4EC5-FollowerState] INFO  impl.RoleInfo (RoleInfo.java:shutdownFollowerState(121)) - b3aae556-a738-441a-a487-b3abd5c550e9: shutdown b3aae556-a738-441a-a487-b3abd5c550e9@group-3B5CCC8D4EC5-FollowerState
2025-01-03 11:06:43,952 [b3aae556-a738-441a-a487-b3abd5c550e9@group-3B5CCC8D4EC5-FollowerState] INFO  server.RaftServer$Division (RaftServerImpl.java:setRole(378)) - b3aae556-a738-441a-a487-b3abd5c550e9@group-3B5CCC8D4EC5: changes role from  FOLLOWER to CANDIDATE at term 0 for changeToCandidate
2025-01-03 11:06:43,952 [b3aae556-a738-441a-a487-b3abd5c550e9@group-3B5CCC8D4EC5-FollowerState] INFO  server.RaftServerConfigKeys (ConfUtils.java:logGet(46)) - raft.server.leaderelection.pre-vote = true (default)
2025-01-03 11:06:43,952 [b3aae556-a738-441a-a487-b3abd5c550e9@group-3B5CCC8D4EC5-FollowerState] INFO  impl.RoleInfo (RoleInfo.java:updateAndGet(148)) - b3aae556-a738-441a-a487-b3abd5c550e9: start b3aae556-a738-441a-a487-b3abd5c550e9@group-3B5CCC8D4EC5-LeaderElection29
2025-01-03 11:06:43,953 [b3aae556-a738-441a-a487-b3abd5c550e9@group-3B5CCC8D4EC5-LeaderElection29] INFO  impl.LeaderElection (LeaderElection.java:askForVotes(332)) - b3aae556-a738-441a-a487-b3abd5c550e9@group-3B5CCC8D4EC5-LeaderElection29 PRE_VOTE round 0: submit vote requests at term 0 for conf: {index: -1, cur=peers:[b3aae556-a738-441a-a487-b3abd5c550e9|127.0.0.1:15148]|listeners:[], old=null}
2025-01-03 11:06:43,953 [b3aae556-a738-441a-a487-b3abd5c550e9@group-3B5CCC8D4EC5-LeaderElection29] INFO  impl.LeaderElection (LeaderElection.java:askForVotes(334)) - b3aae556-a738-441a-a487-b3abd5c550e9@group-3B5CCC8D4EC5-LeaderElection29 PRE_VOTE round 0: result PASSED (term=0)
2025-01-03 11:06:43,955 [IPC Server handler 10 on default port 15109] INFO  ha.SequenceIdGenerator (SequenceIdGenerator.java:getNextId(144)) - Allocate a batch for containerId, change lastId from 0 to 1000.
2025-01-03 11:06:43,956 [b3aae556-a738-441a-a487-b3abd5c550e9@group-3B5CCC8D4EC5-LeaderElection29] INFO  impl.LeaderElection (LeaderElection.java:askForVotes(332)) - b3aae556-a738-441a-a487-b3abd5c550e9@group-3B5CCC8D4EC5-LeaderElection29 ELECTION round 0: submit vote requests at term 1 for conf: {index: -1, cur=peers:[b3aae556-a738-441a-a487-b3abd5c550e9|127.0.0.1:15148]|listeners:[], old=null}
2025-01-03 11:06:43,956 [b3aae556-a738-441a-a487-b3abd5c550e9@group-3B5CCC8D4EC5-LeaderElection29] INFO  impl.LeaderElection (LeaderElection.java:askForVotes(334)) - b3aae556-a738-441a-a487-b3abd5c550e9@group-3B5CCC8D4EC5-LeaderElection29 ELECTION round 0: result PASSED (term=1)
2025-01-03 11:06:43,956 [b3aae556-a738-441a-a487-b3abd5c550e9@group-3B5CCC8D4EC5-LeaderElection29] INFO  impl.RoleInfo (RoleInfo.java:shutdownLeaderElection(141)) - b3aae556-a738-441a-a487-b3abd5c550e9: shutdown b3aae556-a738-441a-a487-b3abd5c550e9@group-3B5CCC8D4EC5-LeaderElection29
2025-01-03 11:06:43,956 [b3aae556-a738-441a-a487-b3abd5c550e9@group-3B5CCC8D4EC5-LeaderElection29] INFO  server.RaftServer$Division (RaftServerImpl.java:setRole(378)) - b3aae556-a738-441a-a487-b3abd5c550e9@group-3B5CCC8D4EC5: changes role from CANDIDATE to LEADER at term 1 for changeToLeader
2025-01-03 11:06:43,956 [b3aae556-a738-441a-a487-b3abd5c550e9@group-3B5CCC8D4EC5-LeaderElection29] INFO  server.RaftServerConfigKeys (ConfUtils.java:logGet(46)) - raft.server.staging.catchup.gap = 1000 (default)
2025-01-03 11:06:43,957 [b3aae556-a738-441a-a487-b3abd5c550e9@group-3B5CCC8D4EC5-LeaderElection29] INFO  server.RaftServerConfigKeys (ConfUtils.java:logGet(46)) - raft.server.write.element-limit = 1024 (custom)
2025-01-03 11:06:43,957 [b3aae556-a738-441a-a487-b3abd5c550e9@group-3B5CCC8D4EC5-LeaderElection29] INFO  server.RaftServerConfigKeys (ConfUtils.java:logGet(46)) - raft.server.write.byte-limit = 1024 M (=1073741824) (custom)
2025-01-03 11:06:43,957 [b3aae556-a738-441a-a487-b3abd5c550e9@group-3B5CCC8D4EC5-LeaderElection29] INFO  server.RaftServerConfigKeys (ConfUtils.java:logGet(46)) - raft.server.watch.timeout = 30s (custom)
2025-01-03 11:06:43,957 [b3aae556-a738-441a-a487-b3abd5c550e9@group-3B5CCC8D4EC5-LeaderElection29] INFO  server.RaftServerConfigKeys (ConfUtils.java:logGet(46)) - raft.server.watch.timeout.denomination = 1s (default)
2025-01-03 11:06:43,957 [b3aae556-a738-441a-a487-b3abd5c550e9@group-3B5CCC8D4EC5-LeaderElection29] INFO  server.RaftServerConfigKeys (ConfUtils.java:logGet(46)) - raft.server.watch.element-limit = 65536 (default)
2025-01-03 11:06:43,957 [b3aae556-a738-441a-a487-b3abd5c550e9@group-3B5CCC8D4EC5-LeaderElection29] INFO  server.RaftServerConfigKeys (ConfUtils.java:logGet(46)) - raft.server.read.leader.lease.enabled = false (default)
2025-01-03 11:06:43,957 [b3aae556-a738-441a-a487-b3abd5c550e9@group-3B5CCC8D4EC5-LeaderElection29] INFO  server.RaftServerConfigKeys (ConfUtils.java:logGet(46)) - raft.server.read.leader.lease.timeout.ratio = 0.9 (default)
2025-01-03 11:06:43,958 [b3aae556-a738-441a-a487-b3abd5c550e9@group-3B5CCC8D4EC5-LeaderElection29] INFO  server.RaftServerConfigKeys (ConfUtils.java:logGet(46)) - raft.server.rpc.timeout.min = 5s (custom)
2025-01-03 11:06:43,958 [b3aae556-a738-441a-a487-b3abd5c550e9@group-3B5CCC8D4EC5-LeaderElection29] INFO  server.RaftServerConfigKeys (ConfUtils.java:logGet(46)) - raft.server.log.log-metadata.enabled = true (default)
2025-01-03 11:06:43,958 [b3aae556-a738-441a-a487-b3abd5c550e9@group-3B5CCC8D4EC5-LeaderElection29] INFO  server.RaftServerConfigKeys (ConfUtils.java:logGet(46)) - raft.server.write.element-limit = 1024 (custom)
2025-01-03 11:06:43,958 [b3aae556-a738-441a-a487-b3abd5c550e9@group-3B5CCC8D4EC5-LeaderElection29] INFO  server.RaftServerConfigKeys (ConfUtils.java:logGet(46)) - raft.server.write.follower.gap.ratio.max = -1.0 (default)
2025-01-03 11:06:43,958 [b3aae556-a738-441a-a487-b3abd5c550e9@group-3B5CCC8D4EC5-LeaderElection29] INFO  impl.RoleInfo (RoleInfo.java:updateAndGet(148)) - b3aae556-a738-441a-a487-b3abd5c550e9: start b3aae556-a738-441a-a487-b3abd5c550e9@group-3B5CCC8D4EC5-LeaderStateImpl
2025-01-03 11:06:43,958 [b3aae556-a738-441a-a487-b3abd5c550e9@group-3B5CCC8D4EC5-LeaderElection29] INFO  server.RaftServer$Division (RaftServerImpl.java:setFirstElection(562)) - b3aae556-a738-441a-a487-b3abd5c550e9@group-3B5CCC8D4EC5: set firstElectionSinceStartup to false for becomeLeader
2025-01-03 11:06:43,958 [b3aae556-a738-441a-a487-b3abd5c550e9@group-3B5CCC8D4EC5-LeaderElection29] INFO  ratis.XceiverServerRatis (XceiverServerRatis.java:handleLeaderChangedNotification(944)) - Leader change notification received for group: group-3B5CCC8D4EC5 with new leaderId: b3aae556-a738-441a-a487-b3abd5c550e9
2025-01-03 11:06:43,958 [b3aae556-a738-441a-a487-b3abd5c550e9@group-3B5CCC8D4EC5-LeaderElection29] INFO  server.RaftServer$Division (ServerState.java:setLeader(272)) - b3aae556-a738-441a-a487-b3abd5c550e9@group-3B5CCC8D4EC5: change Leader from null to b3aae556-a738-441a-a487-b3abd5c550e9 at term 1 for becomeLeader, leader elected after 5029ms
2025-01-03 11:06:43,958 [b3aae556-a738-441a-a487-b3abd5c550e9@group-3B5CCC8D4EC5-LeaderElection29] INFO  segmented.SegmentedRaftLogWorker (SegmentedRaftLogWorker.java:startLogSegment(438)) - b3aae556-a738-441a-a487-b3abd5c550e9@group-3B5CCC8D4EC5-SegmentedRaftLogWorker: Starting segment from index:0
2025-01-03 11:06:43,958 [b3aae556-a738-441a-a487-b3abd5c550e9@group-3B5CCC8D4EC5-SegmentedRaftLogWorker] INFO  segmented.BufferedWriteChannel (BufferedWriteChannel.java:open(61)) - open log_inprogress_0 at position 0
2025-01-03 11:06:43,960 [c4ddaf89-5638-4166-93d2-d351e01626c9@group-3E7F01CB1845-StateMachineUpdater] WARN  ha.SequenceIdGenerator (SequenceIdGenerator.java:allocateBatch(257)) - Failed to allocate a batch for localId, expected lastId is 0, actual lastId is 115816896921600000.
2025-01-03 11:06:43,961 [IPC Server handler 10 on default port 15109] INFO  ha.SequenceIdGenerator (SequenceIdGenerator.java:getNextId(144)) - Allocate a batch for localId, change lastId from 115816896921600000 to 115816896921601000.
2025-01-03 11:06:43,965 [b3aae556-a738-441a-a487-b3abd5c550e9@group-3B5CCC8D4EC5-LeaderElection29] INFO  server.RaftServer$Division (ServerState.java:setRaftConf(386)) - b3aae556-a738-441a-a487-b3abd5c550e9@group-3B5CCC8D4EC5: set configuration conf: {index: 0, cur=peers:[b3aae556-a738-441a-a487-b3abd5c550e9|127.0.0.1:15148]|listeners:[], old=null}
2025-01-03 11:06:43,970 [b3aae556-a738-441a-a487-b3abd5c550e9@group-3B5CCC8D4EC5-SegmentedRaftLogWorker] INFO  segmented.SegmentedRaftLogWorker (SegmentedRaftLogWorker.java:execute(644)) - b3aae556-a738-441a-a487-b3abd5c550e9@group-3B5CCC8D4EC5-SegmentedRaftLogWorker: created new log segment /home/runner/work/ozone/ozone/hadoop-ozone/integration-test/target/test-dir/MiniOzoneClusterImpl-3f159d52-719f-49ad-b6d4-3e7f01cb1845/ozone-meta/datanode-3/ratis/b8e9b3cd-e71a-4ab9-8ec0-3b5ccc8d4ec5/current/log_inprogress_0
2025-01-03 11:06:43,974 [b3aae556-a738-441a-a487-b3abd5c550e9@group-3B5CCC8D4EC5-StateMachineUpdater] INFO  server.RaftServer$Division (LeaderStateImpl.java:checkStartIndex(313)) - Leader b3aae556-a738-441a-a487-b3abd5c550e9@group-3B5CCC8D4EC5-LeaderStateImpl is ready since appliedIndex == startIndex == 0
2025-01-03 11:06:43,995 [main] INFO  om.OzoneManager (OzoneManager.java:stop(2271)) - omNode-2[localhost:15118]: Stopping Ozone Manager
2025-01-03 11:06:43,995 [main] INFO  ipc.Server (Server.java:stop(3697)) - Stopping server on 15118
2025-01-03 11:06:43,996 [IPC Server Responder] INFO  ipc.Server (Server.java:run(1718)) - Stopping IPC Server Responder
2025-01-03 11:06:43,996 [IPC Server listener on 15118] INFO  ipc.Server (Server.java:run(1585)) - Stopping IPC Server listener on 15118
2025-01-03 11:06:43,997 [main] INFO  ratis.OzoneManagerRatisServer (OzoneManagerRatisServer.java:stop(640)) - Stopping org.apache.hadoop.ozone.om.ratis.OzoneManagerRatisServer@14ab178e at port 15121
2025-01-03 11:06:43,997 [main] INFO  server.RaftServer (RaftServerProxy.java:lambda$close$9(417)) - omNode-2: close
2025-01-03 11:06:43,997 [main] INFO  server.GrpcService (GrpcService.java:closeImpl(343)) - omNode-2: shutdown server GrpcServerProtocolService now
2025-01-03 11:06:43,997 [omNode-2-impl-thread1] INFO  server.RaftServer$Division (RaftServerImpl.java:lambda$close$1(513)) - omNode-2@group-0AAC5367B30E: shutdown
2025-01-03 11:06:43,997 [omNode-2-impl-thread1] INFO  util.JmxRegister (JmxRegister.java:unregister(74)) - Successfully un-registered JMX Bean with object name Ratis:service=RaftServer,group=group-0AAC5367B30E,id=omNode-2
2025-01-03 11:06:43,997 [omNode-2-impl-thread1] INFO  impl.RoleInfo (RoleInfo.java:shutdownFollowerState(121)) - omNode-2: shutdown omNode-2@group-0AAC5367B30E-FollowerState
2025-01-03 11:06:43,997 [omNode-2-impl-thread1] INFO  impl.StateMachineUpdater (StateMachineUpdater.java:stopAndJoin(164)) - omNode-2@group-0AAC5367B30E-StateMachineUpdater: set stopIndex = 7
2025-01-03 11:06:43,998 [omNode-2@group-0AAC5367B30E-FollowerState] INFO  impl.FollowerState (FollowerState.java:runImpl(170)) - omNode-2@group-0AAC5367B30E-FollowerState was interrupted
2025-01-03 11:06:43,998 [grpc-default-executor-3] WARN  server.GrpcServerProtocolService (LogUtils.java:warn(121)) - omNode-2: APPEND_ENTRIES onError, lastRequest: null: org.apache.ratis.thirdparty.io.grpc.StatusRuntimeException: CANCELLED: client cancelled
2025-01-03 11:06:43,999 [grpc-default-executor-1] WARN  server.GrpcServerProtocolService (LogUtils.java:warn(121)) - omNode-2: APPEND_ENTRIES onError, lastRequest: omNode-1->omNode-2#42-t1,previous=(t:1, i:7),leaderCommit=7,initializing? false,entries: size=1, first=(t:1, i:8), METADATAENTRY(c:7): org.apache.ratis.thirdparty.io.grpc.StatusRuntimeException: CANCELLED: client cancelled
2025-01-03 11:06:44,000 [grpc-default-executor-1] WARN  server.GrpcLogAppender (LogUtils.java:warn(121)) - omNode-1@group-0AAC5367B30E->omNode-2-AppendLogResponseHandler: Failed appendEntries: org.apache.ratis.thirdparty.io.grpc.StatusRuntimeException: CANCELLED: RST_STREAM closed stream. HTTP/2 error code: CANCEL
2025-01-03 11:06:44,000 [grpc-default-executor-1] WARN  server.GrpcLogAppender (GrpcLogAppender.java:lambda$resetClient$1(221)) - omNode-1@group-0AAC5367B30E->omNode-2-GrpcLogAppender: Follower failed (request=null, errorCount=1); keep nextIndex (9) unchanged and retry.
2025-01-03 11:06:44,002 [main] INFO  server.GrpcService (GrpcService.java:closeImpl(352)) - omNode-2: shutdown server GrpcServerProtocolService successfully
2025-01-03 11:06:44,022 [omNode-2@group-0AAC5367B30E-StateMachineUpdater] INFO  ratis.OzoneManagerStateMachine (OzoneManagerStateMachine.java:takeSnapshotImpl(506)) - omNode-2: taking snapshot. applied = (t:1, i:6), skipped = 5, notified = (t:1, i:6), current snapshot index = (t:1, i:6), took 24 ms
2025-01-03 11:06:44,022 [omNode-2@group-0AAC5367B30E-StateMachineUpdater] INFO  impl.StateMachineUpdater (StateMachineUpdater.java:takeSnapshot(303)) - omNode-2@group-0AAC5367B30E-StateMachineUpdater: Took a snapshot at index 6
2025-01-03 11:06:44,023 [omNode-2@group-0AAC5367B30E-StateMachineUpdater] INFO  impl.StateMachineUpdater (StateMachineUpdater.java:lambda$new$0(102)) - omNode-2@group-0AAC5367B30E-StateMachineUpdater: snapshotIndex: updateIncreasingly -1 -> 6
2025-01-03 11:06:44,027 [omNode-2@group-0AAC5367B30E-StateMachineUpdater] INFO  ratis.OzoneManagerStateMachine (OzoneManagerStateMachine.java:takeSnapshotImpl(506)) - omNode-2: taking snapshot. applied = (t:1, i:6), skipped = 5, notified = (t:1, i:6), current snapshot index = (t:1, i:6), took 5 ms
2025-01-03 11:06:44,027 [omNode-2@group-0AAC5367B30E-StateMachineUpdater] INFO  impl.StateMachineUpdater (StateMachineUpdater.java:takeSnapshot(303)) - omNode-2@group-0AAC5367B30E-StateMachineUpdater: Took a snapshot at index 6
2025-01-03 11:06:44,027 [omNode-2@group-0AAC5367B30E-StateMachineUpdater] INFO  impl.StateMachineUpdater (StateMachineUpdater.java:stop(141)) - omNode-2@group-0AAC5367B30E-StateMachineUpdater: closing OzoneManagerStateMachine, lastApplied=(t:1, i:7)
2025-01-03 11:06:44,027 [omNode-2@group-0AAC5367B30E-StateMachineUpdater] INFO  ratis.OzoneManagerStateMachine (OzoneManagerStateMachine.java:close(546)) - Stopping OzoneManagerStateMachine:omNode-2:group-0AAC5367B30E.
2025-01-03 11:06:44,028 [omNode-2@group-0AAC5367B30E-StateMachineUpdater] INFO  ratis.OzoneManagerDoubleBuffer (OzoneManagerDoubleBuffer.java:stopDaemon(525)) - Stopping OMDoubleBuffer flush thread
2025-01-03 11:06:44,028 [omNode-2-OMDoubleBufferFlushThread] INFO  ratis.OzoneManagerDoubleBuffer (OzoneManagerDoubleBuffer.java:canFlush(589)) - OMDoubleBuffer flush thread omNode-2-OMDoubleBufferFlushThread is interrupted and will exit.
2025-01-03 11:06:44,029 [omNode-2@group-0AAC5367B30E-cacheEviction-AwaitToRun] INFO  util.AwaitToRun (AwaitToRun.java:run(49)) - omNode-2@group-0AAC5367B30E-cacheEviction-AwaitToRun-AwaitForSignal is interrupted
2025-01-03 11:06:44,994 [omNode-2-impl-thread1] INFO  segmented.SegmentedRaftLogWorker (SegmentedRaftLogWorker.java:close(252)) - omNode-2@group-0AAC5367B30E-SegmentedRaftLogWorker close()
2025-01-03 11:06:44,994 [JvmPauseMonitor18] INFO  util.JvmPauseMonitor (JvmPauseMonitor.java:run(152)) - JvmPauseMonitor-omNode-2: Stopped
2025-01-03 11:06:44,994 [main] INFO  utils.BackgroundService (BackgroundService.java:shutdown(163)) - Shutting down service KeyDeletingService
2025-01-03 11:06:44,995 [main] INFO  utils.BackgroundService (BackgroundService.java:shutdown(163)) - Shutting down service DirectoryDeletingService
2025-01-03 11:06:44,996 [main] INFO  utils.BackgroundService (BackgroundService.java:shutdown(163)) - Shutting down service OpenKeyCleanupService
2025-01-03 11:06:44,996 [main] INFO  utils.BackgroundService (BackgroundService.java:shutdown(163)) - Shutting down service SstFilteringService
2025-01-03 11:06:44,996 [main] INFO  utils.BackgroundService (BackgroundService.java:shutdown(163)) - Shutting down service SnapshotDeletingService
2025-01-03 11:06:44,997 [main] INFO  utils.BackgroundService (BackgroundService.java:shutdown(163)) - Shutting down service MultipartUploadCleanupService
2025-01-03 11:06:44,998 [main] INFO  handler.ContextHandler (ContextHandler.java:doStop(1159)) - Stopped o.e.j.w.WebAppContext@54d16074{ozoneManager,/,null,STOPPED}{file:/home/runner/work/ozone/ozone/hadoop-ozone/integration-test/target/test-classes/webapps/ozoneManager}
2025-01-03 11:06:44,998 [main] INFO  server.AbstractConnector (AbstractConnector.java:doStop(383)) - Stopped ServerConnector@34ef28e0{HTTP/1.1, (http/1.1)}{0.0.0.0:15119}
2025-01-03 11:06:44,998 [main] INFO  server.session (HouseKeeper.java:stopScavenging(149)) - node0 Stopped scavenging
2025-01-03 11:06:44,999 [main] INFO  handler.ContextHandler (ContextHandler.java:doStop(1159)) - Stopped o.e.j.s.ServletContextHandler@6dbb9458{static,/static,file:///home/runner/work/ozone/ozone/hadoop-ozone/integration-test/target/test-classes/webapps/static,STOPPED}
2025-01-03 11:06:44,999 [main] INFO  handler.ContextHandler (ContextHandler.java:doStop(1159)) - Stopped o.e.j.s.ServletContextHandler@5550a157{logs,/logs,file:///home/runner/work/ozone/ozone/hadoop-ozone/integration-test/target/log,STOPPED}
2025-01-03 11:06:45,000 [main] INFO  rocksdiff.RocksDBCheckpointDiffer (RocksDBCheckpointDiffer.java:close(307)) - Shutting down CompactionDagPruningService.
2025-01-03 11:06:45,001 [main] INFO  snapshot.SnapshotDiffManager (SnapshotDiffManager.java:closeExecutorService(1656)) - Shutting down executorService: 'SnapDiffExecutor'
2025-01-03 11:06:45,001 [main] INFO  utils.BackgroundService (BackgroundService.java:shutdown(163)) - Shutting down service SnapshotDiffCleanupService
2025-01-03 11:06:45,006 [IPC Server handler 7 on default port 15114] INFO  ratis.OzoneManagerRatisServer (OzoneManagerRatisServer.java:removeOMFromRatisRing(388)) - omNode-1: Submitting SetConfiguration request to Ratis server to remove OM peer omNode-2 from Ratis group group-0AAC5367B30E:[omNode-3|localhost:15125, omNode-1|localhost:15117, omNode-2|localhost:15121]
2025-01-03 11:06:45,007 [IPC Server handler 7 on default port 15114] INFO  server.RaftServer$Division (RaftServerImpl.java:setConfigurationAsync(1296)) - omNode-1@group-0AAC5367B30E: receive setConfiguration SetConfigurationRequest:client-CDA0041B70E5->omNode-1@group-0AAC5367B30E, cid=3, seq=null, RW, null, SET_UNCONDITIONALLY, servers:[omNode-3|localhost:15125, omNode-1|localhost:15117], listeners:[]
2025-01-03 11:06:45,007 [IPC Server handler 7 on default port 15114] INFO  server.RaftServer$Division (LeaderStateImpl.java:startSetConfiguration(485)) - omNode-1@group-0AAC5367B30E-LeaderStateImpl: startSetConfiguration SetConfigurationRequest:client-CDA0041B70E5->omNode-1@group-0AAC5367B30E, cid=3, seq=null, RW, null, SET_UNCONDITIONALLY, servers:[omNode-3|localhost:15125, omNode-1|localhost:15117], listeners:[]
2025-01-03 11:06:45,007 [IPC Server handler 7 on default port 15114] INFO  server.RaftServer$Division (ServerState.java:setRaftConf(386)) - omNode-1@group-0AAC5367B30E: set configuration conf: {index: 9, cur=peers:[omNode-3|localhost:15125, omNode-1|localhost:15117]|listeners:[], old=peers:[omNode-3|localhost:15125, omNode-1|localhost:15117, omNode-2|localhost:15121]|listeners:[]}
2025-01-03 11:06:45,008 [omNode-3-server-thread1] INFO  server.RaftServer$Division (ServerState.java:setRaftConf(386)) - omNode-3@group-0AAC5367B30E: set configuration conf: {index: 9, cur=peers:[omNode-3|localhost:15125, omNode-1|localhost:15117]|listeners:[], old=peers:[omNode-3|localhost:15125, omNode-1|localhost:15117, omNode-2|localhost:15121]|listeners:[]}
2025-01-03 11:06:45,008 [grpc-default-executor-2] WARN  server.GrpcLogAppender (GrpcLogAppender.java:lambda$resetClient$1(221)) - omNode-1@group-0AAC5367B30E->omNode-2-GrpcLogAppender: Follower failed (request=null, errorCount=9); keep nextIndex (10) unchanged and retry.
2025-01-03 11:06:45,010 [omNode-1@group-0AAC5367B30E-LeaderStateImpl] INFO  server.RaftServer$Division (ServerState.java:setRaftConf(386)) - omNode-1@group-0AAC5367B30E: set configuration conf: {index: 11, cur=peers:[omNode-3|localhost:15125, omNode-1|localhost:15117]|listeners:[], old=null}
2025-01-03 11:06:45,010 [omNode-3-server-thread1] INFO  server.RaftServer$Division (ServerState.java:setRaftConf(386)) - omNode-3@group-0AAC5367B30E: set configuration conf: {index: 11, cur=peers:[omNode-3|localhost:15125, omNode-1|localhost:15117]|listeners:[], old=null}
2025-01-03 11:06:45,011 [IPC Server handler 7 on default port 15114] INFO  ratis.OzoneManagerRatisServer (OzoneManagerRatisServer.java:removeOMFromRatisRing(403)) - Removed OM omNode-2 from Ratis group group-0AAC5367B30E.
2025-01-03 11:06:45,014 [IPC Server handler 8 on default port 15114] INFO  ratis.OzoneManagerRatisServer (OzoneManagerRatisServer.java:removeOMFromRatisRing(388)) - omNode-1: Submitting SetConfiguration request to Ratis server to remove OM peer omNode-3 from Ratis group group-0AAC5367B30E:[omNode-3|localhost:15125, omNode-1|localhost:15117, omNode-2|localhost:15121]
2025-01-03 11:06:45,014 [IPC Server handler 8 on default port 15114] INFO  server.RaftServer$Division (RaftServerImpl.java:setConfigurationAsync(1296)) - omNode-1@group-0AAC5367B30E: receive setConfiguration SetConfigurationRequest:client-CDA0041B70E5->omNode-1@group-0AAC5367B30E, cid=4, seq=null, RW, null, SET_UNCONDITIONALLY, servers:[omNode-1|localhost:15117, omNode-2|localhost:15121], listeners:[]
2025-01-03 11:06:45,015 [omNode-1@group-0AAC5367B30E-StateMachineUpdater] INFO  ratis.OzoneManagerStateMachine (OzoneManagerStateMachine.java:notifyConfigurationChanged(226)) - notifyConfigurationChanged from Ratis: term=1, index=9, New Peer list: omNode-3(localhost:15125), omNode-1(localhost:15117)
2025-01-03 11:06:45,015 [omNode-1@group-0AAC5367B30E-StateMachineUpdater] INFO  ratis.OzoneManagerRatisServer (OzoneManagerRatisServer.java:removeRaftPeer(455)) - org.apache.hadoop.ozone.om.ratis.OzoneManagerRatisServer@1eb1c7c5: Removed OM omNode-2 from Ratis Peers list.
2025-01-03 11:06:45,015 [omNode-1@group-0AAC5367B30E-StateMachineUpdater] INFO  om.OzoneManager (OzoneManager.java:removeOMNodeFromPeers(2099)) - Removed OM omNode-2 from OM Peer Nodes.
2025-01-03 11:06:45,015 [omNode-3@group-0AAC5367B30E-StateMachineUpdater] INFO  ratis.OzoneManagerStateMachine (OzoneManagerStateMachine.java:notifyConfigurationChanged(226)) - notifyConfigurationChanged from Ratis: term=1, index=9, New Peer list: omNode-3(localhost:15125), omNode-1(localhost:15117)
2025-01-03 11:06:45,015 [omNode-3@group-0AAC5367B30E-StateMachineUpdater] INFO  ratis.OzoneManagerRatisServer (OzoneManagerRatisServer.java:removeRaftPeer(455)) - org.apache.hadoop.ozone.om.ratis.OzoneManagerRatisServer@100db534: Removed OM omNode-2 from Ratis Peers list.
2025-01-03 11:06:45,015 [omNode-3@group-0AAC5367B30E-StateMachineUpdater] INFO  om.OzoneManager (OzoneManager.java:removeOMNodeFromPeers(2099)) - Removed OM omNode-2 from OM Peer Nodes.
2025-01-03 11:06:45,017 [omNode-1@group-0AAC5367B30E-StateMachineUpdater] INFO  ratis.OzoneManagerStateMachine (OzoneManagerStateMachine.java:notifyConfigurationChanged(226)) - notifyConfigurationChanged from Ratis: term=1, index=11, New Peer list: omNode-3(localhost:15125), omNode-1(localhost:15117)
2025-01-03 11:06:45,017 [omNode-3@group-0AAC5367B30E-StateMachineUpdater] INFO  ratis.OzoneManagerStateMachine (OzoneManagerStateMachine.java:notifyConfigurationChanged(226)) - notifyConfigurationChanged from Ratis: term=1, index=11, New Peer list: omNode-3(localhost:15125), omNode-1(localhost:15117)
2025-01-03 11:06:45,019 [main] INFO  ozone.MiniOzoneClusterImpl (MiniOzoneClusterImpl.java:shutdown(484)) - Shutting down the Mini Ozone Cluster
2025-01-03 11:06:45,019 [main] INFO  db.CodecTestUtil (CodecTestUtil.java:gc(50)) - gc 0
2025-01-03 11:06:45,196 [main] INFO  ozone.MiniOzoneHAClusterImpl (MiniOzoneHAClusterImpl.java:stop(288)) - Stopping the OzoneManager omNode-3
2025-01-03 11:06:45,196 [main] INFO  om.OzoneManager (OzoneManager.java:stop(2271)) - omNode-3[localhost:15122]: Stopping Ozone Manager
2025-01-03 11:06:45,196 [main] INFO  ipc.Server (Server.java:stop(3697)) - Stopping server on 15122
2025-01-03 11:06:45,198 [IPC Server listener on 15122] INFO  ipc.Server (Server.java:run(1585)) - Stopping IPC Server listener on 15122
2025-01-03 11:06:45,198 [IPC Server Responder] INFO  ipc.Server (Server.java:run(1718)) - Stopping IPC Server Responder
2025-01-03 11:06:45,198 [main] INFO  ratis.OzoneManagerRatisServer (OzoneManagerRatisServer.java:stop(640)) - Stopping org.apache.hadoop.ozone.om.ratis.OzoneManagerRatisServer@100db534 at port 15125
2025-01-03 11:06:45,198 [main] INFO  server.RaftServer (RaftServerProxy.java:lambda$close$9(417)) - omNode-3: close
2025-01-03 11:06:45,199 [omNode-3-impl-thread1] INFO  server.RaftServer$Division (RaftServerImpl.java:lambda$close$1(513)) - omNode-3@group-0AAC5367B30E: shutdown
2025-01-03 11:06:45,199 [omNode-3-impl-thread1] INFO  util.JmxRegister (JmxRegister.java:unregister(74)) - Successfully un-registered JMX Bean with object name Ratis:service=RaftServer,group=group-0AAC5367B30E,id=omNode-3
2025-01-03 11:06:45,199 [omNode-3-impl-thread1] INFO  impl.RoleInfo (RoleInfo.java:shutdownFollowerState(121)) - omNode-3: shutdown omNode-3@group-0AAC5367B30E-FollowerState
2025-01-03 11:06:45,199 [main] INFO  server.GrpcService (GrpcService.java:closeImpl(343)) - omNode-3: shutdown server GrpcServerProtocolService now
2025-01-03 11:06:45,199 [omNode-3@group-0AAC5367B30E-FollowerState] INFO  impl.FollowerState (FollowerState.java:runImpl(170)) - omNode-3@group-0AAC5367B30E-FollowerState was interrupted
2025-01-03 11:06:45,199 [omNode-3-impl-thread1] INFO  impl.StateMachineUpdater (StateMachineUpdater.java:stopAndJoin(164)) - omNode-3@group-0AAC5367B30E-StateMachineUpdater: set stopIndex = 11
2025-01-03 11:06:45,202 [grpc-default-executor-2] WARN  server.GrpcLogAppender (LogUtils.java:warn(121)) - omNode-1@group-0AAC5367B30E->omNode-3-AppendLogResponseHandler: Failed appendEntries: org.apache.ratis.thirdparty.io.grpc.StatusRuntimeException: CANCELLED: RST_STREAM closed stream. HTTP/2 error code: CANCEL
2025-01-03 11:06:45,202 [grpc-default-executor-3] WARN  server.GrpcServerProtocolService (LogUtils.java:warn(121)) - omNode-3: APPEND_ENTRIES onError, lastRequest: omNode-1->omNode-3#896-t1,previous=(t:1, i:11),leaderCommit=11,initializing? false,entries: size=1, first=(t:1, i:12), METADATAENTRY(c:11): org.apache.ratis.thirdparty.io.grpc.StatusRuntimeException: CANCELLED: client cancelled
2025-01-03 11:06:45,202 [grpc-default-executor-5] WARN  server.GrpcServerProtocolService (LogUtils.java:warn(121)) - omNode-3: APPEND_ENTRIES onError, lastRequest: null: org.apache.ratis.thirdparty.io.grpc.StatusRuntimeException: CANCELLED: client cancelled
2025-01-03 11:06:45,202 [grpc-default-executor-2] WARN  server.GrpcLogAppender (GrpcLogAppender.java:lambda$resetClient$1(221)) - omNode-1@group-0AAC5367B30E->omNode-3-GrpcLogAppender: Follower failed (request=null, errorCount=1); keep nextIndex (13) unchanged and retry.
2025-01-03 11:06:45,203 [main] INFO  server.GrpcService (GrpcService.java:closeImpl(352)) - omNode-3: shutdown server GrpcServerProtocolService successfully
2025-01-03 11:06:45,218 [omNode-3@group-0AAC5367B30E-StateMachineUpdater] INFO  ratis.OzoneManagerStateMachine (OzoneManagerStateMachine.java:takeSnapshotImpl(506)) - omNode-3: taking snapshot. applied = (t:1, i:11), skipped = 7, notified = (t:1, i:11), current snapshot index = (t:1, i:11), took 19 ms
2025-01-03 11:06:45,218 [omNode-3@group-0AAC5367B30E-StateMachineUpdater] INFO  impl.StateMachineUpdater (StateMachineUpdater.java:takeSnapshot(303)) - omNode-3@group-0AAC5367B30E-StateMachineUpdater: Took a snapshot at index 11
2025-01-03 11:06:45,218 [omNode-3@group-0AAC5367B30E-StateMachineUpdater] INFO  impl.StateMachineUpdater (StateMachineUpdater.java:lambda$new$0(102)) - omNode-3@group-0AAC5367B30E-StateMachineUpdater: snapshotIndex: updateIncreasingly -1 -> 11
2025-01-03 11:06:45,218 [omNode-3@group-0AAC5367B30E-StateMachineUpdater] INFO  impl.StateMachineUpdater (StateMachineUpdater.java:stop(141)) - omNode-3@group-0AAC5367B30E-StateMachineUpdater: closing OzoneManagerStateMachine, lastApplied=(t:1, i:11)
2025-01-03 11:06:45,218 [omNode-3@group-0AAC5367B30E-StateMachineUpdater] INFO  ratis.OzoneManagerStateMachine (OzoneManagerStateMachine.java:close(546)) - Stopping OzoneManagerStateMachine:omNode-3:group-0AAC5367B30E.
2025-01-03 11:06:45,218 [omNode-3@group-0AAC5367B30E-StateMachineUpdater] INFO  ratis.OzoneManagerDoubleBuffer (OzoneManagerDoubleBuffer.java:stopDaemon(525)) - Stopping OMDoubleBuffer flush thread
2025-01-03 11:06:45,218 [omNode-3-OMDoubleBufferFlushThread] INFO  ratis.OzoneManagerDoubleBuffer (OzoneManagerDoubleBuffer.java:canFlush(589)) - OMDoubleBuffer flush thread omNode-3-OMDoubleBufferFlushThread is interrupted and will exit.
2025-01-03 11:06:45,219 [omNode-3@group-0AAC5367B30E-cacheEviction-AwaitToRun] INFO  util.AwaitToRun (AwaitToRun.java:run(49)) - omNode-3@group-0AAC5367B30E-cacheEviction-AwaitToRun-AwaitForSignal is interrupted
2025-01-03 11:06:46,015 [omNode-3-impl-thread1] INFO  segmented.SegmentedRaftLogWorker (SegmentedRaftLogWorker.java:close(252)) - omNode-3@group-0AAC5367B30E-SegmentedRaftLogWorker close()
2025-01-03 11:06:46,016 [JvmPauseMonitor19] INFO  util.JvmPauseMonitor (JvmPauseMonitor.java:run(152)) - JvmPauseMonitor-omNode-3: Stopped
2025-01-03 11:06:46,016 [main] INFO  utils.BackgroundService (BackgroundService.java:shutdown(163)) - Shutting down service KeyDeletingService
2025-01-03 11:06:46,016 [main] INFO  utils.BackgroundService (BackgroundService.java:shutdown(163)) - Shutting down service DirectoryDeletingService
2025-01-03 11:06:46,017 [main] INFO  utils.BackgroundService (BackgroundService.java:shutdown(163)) - Shutting down service OpenKeyCleanupService
2025-01-03 11:06:46,018 [main] INFO  utils.BackgroundService (BackgroundService.java:shutdown(163)) - Shutting down service SstFilteringService
2025-01-03 11:06:46,018 [main] INFO  utils.BackgroundService (BackgroundService.java:shutdown(163)) - Shutting down service SnapshotDeletingService
2025-01-03 11:06:46,018 [main] INFO  utils.BackgroundService (BackgroundService.java:shutdown(163)) - Shutting down service MultipartUploadCleanupService
2025-01-03 11:06:46,019 [main] INFO  handler.ContextHandler (ContextHandler.java:doStop(1159)) - Stopped o.e.j.w.WebAppContext@34a34d96{ozoneManager,/,null,STOPPED}{file:/home/runner/work/ozone/ozone/hadoop-ozone/integration-test/target/test-classes/webapps/ozoneManager}
2025-01-03 11:06:46,020 [main] INFO  server.AbstractConnector (AbstractConnector.java:doStop(383)) - Stopped ServerConnector@16aadc7f{HTTP/1.1, (http/1.1)}{0.0.0.0:15123}
2025-01-03 11:06:46,020 [main] INFO  server.session (HouseKeeper.java:stopScavenging(149)) - node0 Stopped scavenging
2025-01-03 11:06:46,020 [main] INFO  handler.ContextHandler (ContextHandler.java:doStop(1159)) - Stopped o.e.j.s.ServletContextHandler@76bd2c80{static,/static,file:///home/runner/work/ozone/ozone/hadoop-ozone/integration-test/target/test-classes/webapps/static,STOPPED}
2025-01-03 11:06:46,020 [main] INFO  handler.ContextHandler (ContextHandler.java:doStop(1159)) - Stopped o.e.j.s.ServletContextHandler@5e0ef8db{logs,/logs,file:///home/runner/work/ozone/ozone/hadoop-ozone/integration-test/target/log,STOPPED}
2025-01-03 11:06:46,021 [main] INFO  rocksdiff.RocksDBCheckpointDiffer (RocksDBCheckpointDiffer.java:close(307)) - Shutting down CompactionDagPruningService.
2025-01-03 11:06:46,023 [main] INFO  snapshot.SnapshotDiffManager (SnapshotDiffManager.java:closeExecutorService(1656)) - Shutting down executorService: 'SnapDiffExecutor'
2025-01-03 11:06:46,023 [main] INFO  utils.BackgroundService (BackgroundService.java:shutdown(163)) - Shutting down service SnapshotDiffCleanupService
2025-01-03 11:06:46,024 [main] INFO  ozone.MiniOzoneHAClusterImpl (MiniOzoneHAClusterImpl.java:stop(288)) - Stopping the OzoneManager omNode-1
2025-01-03 11:06:46,024 [main] INFO  om.OzoneManager (OzoneManager.java:stop(2271)) - omNode-1[localhost:15114]: Stopping Ozone Manager
2025-01-03 11:06:46,024 [main] INFO  ipc.Server (Server.java:stop(3697)) - Stopping server on 15114
2025-01-03 11:06:46,027 [IPC Server Responder] INFO  ipc.Server (Server.java:run(1718)) - Stopping IPC Server Responder
2025-01-03 11:06:46,027 [main] INFO  ratis.OzoneManagerRatisServer (OzoneManagerRatisServer.java:stop(640)) - Stopping org.apache.hadoop.ozone.om.ratis.OzoneManagerRatisServer@1eb1c7c5 at port 15117
2025-01-03 11:06:46,027 [IPC Server listener on 15114] INFO  ipc.Server (Server.java:run(1585)) - Stopping IPC Server listener on 15114
2025-01-03 11:06:46,027 [main] INFO  server.RaftServer (RaftServerProxy.java:lambda$close$9(417)) - omNode-1: close
2025-01-03 11:06:46,028 [omNode-1-impl-thread1] INFO  server.RaftServer$Division (RaftServerImpl.java:lambda$close$1(513)) - omNode-1@group-0AAC5367B30E: shutdown
2025-01-03 11:06:46,028 [omNode-1-impl-thread1] INFO  util.JmxRegister (JmxRegister.java:unregister(74)) - Successfully un-registered JMX Bean with object name Ratis:service=RaftServer,group=group-0AAC5367B30E,id=omNode-1
2025-01-03 11:06:46,028 [omNode-1-impl-thread1] INFO  impl.RoleInfo (RoleInfo.java:shutdownLeaderState(103)) - omNode-1: shutdown omNode-1@group-0AAC5367B30E-LeaderStateImpl
2025-01-03 11:06:46,028 [omNode-1-impl-thread1] INFO  impl.PendingRequests (PendingRequests.java:sendNotLeaderResponses(287)) - omNode-1@group-0AAC5367B30E-PendingRequests: sendNotLeaderResponses
2025-01-03 11:06:46,028 [omNode-1@group-0AAC5367B30E->omNode-3-GrpcLogAppender-LogAppenderDaemon] WARN  server.GrpcLogAppender (GrpcLogAppender.java:mayWait(293)) - omNode-1@group-0AAC5367B30E->omNode-3-GrpcLogAppender: Wait interrupted by java.lang.InterruptedException
2025-01-03 11:06:46,028 [omNode-1-impl-thread1] INFO  impl.StateMachineUpdater (StateMachineUpdater.java:stopAndJoin(164)) - omNode-1@group-0AAC5367B30E-StateMachineUpdater: set stopIndex = 12
2025-01-03 11:06:46,029 [main] INFO  server.GrpcService (GrpcService.java:closeImpl(343)) - omNode-1: shutdown server GrpcServerProtocolService now
2025-01-03 11:06:46,029 [Thread-3079] INFO  server.GrpcServerProtocolClient (GrpcServerProtocolClient.java:close(105)) - omNode-3 Close channels
2025-01-03 11:06:46,029 [Thread-3081] INFO  server.GrpcServerProtocolClient (GrpcServerProtocolClient.java:close(105)) - omNode-2 Close channels
2025-01-03 11:06:46,030 [main] INFO  server.GrpcService (GrpcService.java:closeImpl(352)) - omNode-1: shutdown server GrpcServerProtocolService successfully
2025-01-03 11:06:46,050 [omNode-1@group-0AAC5367B30E-StateMachineUpdater] INFO  ratis.OzoneManagerStateMachine (OzoneManagerStateMachine.java:takeSnapshotImpl(506)) - omNode-1: taking snapshot. applied = (t:1, i:12), skipped = 7, notified = (t:1, i:12), current snapshot index = (t:1, i:12), took 22 ms
2025-01-03 11:06:46,050 [omNode-1@group-0AAC5367B30E-StateMachineUpdater] INFO  impl.StateMachineUpdater (StateMachineUpdater.java:takeSnapshot(303)) - omNode-1@group-0AAC5367B30E-StateMachineUpdater: Took a snapshot at index 12
2025-01-03 11:06:46,050 [omNode-1@group-0AAC5367B30E-StateMachineUpdater] INFO  impl.StateMachineUpdater (StateMachineUpdater.java:lambda$new$0(102)) - omNode-1@group-0AAC5367B30E-StateMachineUpdater: snapshotIndex: updateIncreasingly -1 -> 12
2025-01-03 11:06:46,050 [omNode-1@group-0AAC5367B30E-StateMachineUpdater] INFO  impl.StateMachineUpdater (StateMachineUpdater.java:stop(141)) - omNode-1@group-0AAC5367B30E-StateMachineUpdater: closing OzoneManagerStateMachine, lastApplied=(t:1, i:12)
2025-01-03 11:06:46,050 [omNode-1@group-0AAC5367B30E-StateMachineUpdater] INFO  ratis.OzoneManagerStateMachine (OzoneManagerStateMachine.java:close(546)) - Stopping OzoneManagerStateMachine:omNode-1:group-0AAC5367B30E.
2025-01-03 11:06:46,050 [omNode-1@group-0AAC5367B30E-StateMachineUpdater] INFO  ratis.OzoneManagerDoubleBuffer (OzoneManagerDoubleBuffer.java:stopDaemon(525)) - Stopping OMDoubleBuffer flush thread
2025-01-03 11:06:46,050 [omNode-1-OMDoubleBufferFlushThread] INFO  ratis.OzoneManagerDoubleBuffer (OzoneManagerDoubleBuffer.java:canFlush(589)) - OMDoubleBuffer flush thread omNode-1-OMDoubleBufferFlushThread is interrupted and will exit.
2025-01-03 11:06:46,051 [omNode-1@group-0AAC5367B30E-cacheEviction-AwaitToRun] INFO  util.AwaitToRun (AwaitToRun.java:run(49)) - omNode-1@group-0AAC5367B30E-cacheEviction-AwaitToRun-AwaitForSignal is interrupted
2025-01-03 11:06:47,014 [omNode-1-impl-thread1] INFO  segmented.SegmentedRaftLogWorker (SegmentedRaftLogWorker.java:close(252)) - omNode-1@group-0AAC5367B30E-SegmentedRaftLogWorker close()
2025-01-03 11:06:47,015 [JvmPauseMonitor17] INFO  util.JvmPauseMonitor (JvmPauseMonitor.java:run(152)) - JvmPauseMonitor-omNode-1: Stopped
2025-01-03 11:06:47,015 [main] INFO  utils.BackgroundService (BackgroundService.java:shutdown(163)) - Shutting down service KeyDeletingService
2025-01-03 11:06:47,015 [main] INFO  utils.BackgroundService (BackgroundService.java:shutdown(163)) - Shutting down service DirectoryDeletingService
2025-01-03 11:06:47,016 [main] INFO  utils.BackgroundService (BackgroundService.java:shutdown(163)) - Shutting down service OpenKeyCleanupService
2025-01-03 11:06:47,016 [main] INFO  utils.BackgroundService (BackgroundService.java:shutdown(163)) - Shutting down service SstFilteringService
2025-01-03 11:06:47,017 [main] INFO  utils.BackgroundService (BackgroundService.java:shutdown(163)) - Shutting down service SnapshotDeletingService
2025-01-03 11:06:47,017 [main] INFO  utils.BackgroundService (BackgroundService.java:shutdown(163)) - Shutting down service MultipartUploadCleanupService
2025-01-03 11:06:47,018 [main] INFO  handler.ContextHandler (ContextHandler.java:doStop(1159)) - Stopped o.e.j.w.WebAppContext@2c91de4e{ozoneManager,/,null,STOPPED}{file:/home/runner/work/ozone/ozone/hadoop-ozone/integration-test/target/test-classes/webapps/ozoneManager}
2025-01-03 11:06:47,018 [main] INFO  server.AbstractConnector (AbstractConnector.java:doStop(383)) - Stopped ServerConnector@59f08b80{HTTP/1.1, (http/1.1)}{0.0.0.0:15115}
2025-01-03 11:06:47,019 [main] INFO  server.session (HouseKeeper.java:stopScavenging(149)) - node0 Stopped scavenging
2025-01-03 11:06:47,019 [main] INFO  handler.ContextHandler (ContextHandler.java:doStop(1159)) - Stopped o.e.j.s.ServletContextHandler@5d9fd483{static,/static,file:///home/runner/work/ozone/ozone/hadoop-ozone/integration-test/target/test-classes/webapps/static,STOPPED}
2025-01-03 11:06:47,019 [main] INFO  handler.ContextHandler (ContextHandler.java:doStop(1159)) - Stopped o.e.j.s.ServletContextHandler@7f55b4d3{logs,/logs,file:///home/runner/work/ozone/ozone/hadoop-ozone/integration-test/target/log,STOPPED}
2025-01-03 11:06:47,019 [main] INFO  rocksdiff.RocksDBCheckpointDiffer (RocksDBCheckpointDiffer.java:close(307)) - Shutting down CompactionDagPruningService.
2025-01-03 11:06:47,021 [main] INFO  snapshot.SnapshotDiffManager (SnapshotDiffManager.java:closeExecutorService(1656)) - Shutting down executorService: 'SnapDiffExecutor'
2025-01-03 11:06:47,021 [main] INFO  utils.BackgroundService (BackgroundService.java:shutdown(163)) - Shutting down service SnapshotDiffCleanupService
2025-01-03 11:06:47,022 [main] INFO  ozone.MiniOzoneHAClusterImpl (MiniOzoneHAClusterImpl.java:stop(288)) - Stopping the OzoneManager omNode-2
2025-01-03 11:06:47,022 [main] INFO  om.OzoneManager (OzoneManager.java:stop(2271)) - omNode-2[localhost:15118]: Stopping Ozone Manager
2025-01-03 11:06:47,022 [main] INFO  ozone.MiniOzoneHAClusterImpl (MiniOzoneHAClusterImpl.java:stop(295)) - Stopping the StorageContainerManager c4ddaf89-5638-4166-93d2-d351e01626c9
2025-01-03 11:06:47,022 [main] INFO  server.StorageContainerManager (StorageContainerManager.java:stop(1650)) - Container Balancer is not running.
2025-01-03 11:06:47,022 [main] INFO  server.StorageContainerManager (StorageContainerManager.java:stopReplicationManager(1788)) - Stopping Replication Manager Service.
2025-01-03 11:06:47,022 [main] INFO  replication.ReplicationManager (ReplicationManager.java:stop(313)) - Stopping Replication Monitor Thread.
2025-01-03 11:06:47,022 [main] INFO  server.StorageContainerManager (StorageContainerManager.java:stop(1659)) - Stopping the Datanode Admin Monitor.
2025-01-03 11:06:47,022 [scmNode-1-ReplicationMonitor] INFO  replication.ReplicationManager (ReplicationManager.java:run(915)) - Replication Monitor Thread is stopped
2025-01-03 11:06:47,023 [main] INFO  server.StorageContainerManager (StorageContainerManager.java:stop(1666)) - Stopping datanode service RPC server
2025-01-03 11:06:47,023 [main] INFO  server.SCMDatanodeProtocolServer (SCMDatanodeProtocolServer.java:stop(430)) - Stopping the RPC server for DataNodes
2025-01-03 11:06:47,023 [main] INFO  ipc.Server (Server.java:stop(3697)) - Stopping server on 15106
2025-01-03 11:06:47,022 [scmNode-1-OverReplicatedProcessor] WARN  replication.UnhealthyReplicationProcessor (UnhealthyReplicationProcessor.java:run(180)) - scmNode-1-OverReplicatedProcessor interrupted. Exiting...
2025-01-03 11:06:47,022 [scmNode-1-UnderReplicatedProcessor] WARN  replication.UnhealthyReplicationProcessor (UnhealthyReplicationProcessor.java:run(180)) - scmNode-1-UnderReplicatedProcessor interrupted. Exiting...
2025-01-03 11:06:47,025 [IPC Server listener on 15106] INFO  ipc.Server (Server.java:run(1585)) - Stopping IPC Server listener on 15106
2025-01-03 11:06:47,026 [IPC Server Responder] INFO  ipc.Server (Server.java:run(1718)) - Stopping IPC Server Responder
2025-01-03 11:06:47,097 [scmNode-1-SCMHeartbeatProcessor-0] WARN  node.NodeStateManager (NodeStateManager.java:scheduleNextHealthCheck(935)) - Current Thread is interrupted, shutting down HB processing thread for Node Manager.
2025-01-03 11:06:47,097 [main] INFO  server.StorageContainerManager (StorageContainerManager.java:stop(1674)) - Stopping block service RPC server
2025-01-03 11:06:47,097 [main] INFO  server.SCMBlockProtocolServer (SCMBlockProtocolServer.java:stop(181)) - Stopping the RPC server for Block Protocol
2025-01-03 11:06:47,097 [main] INFO  ipc.Server (Server.java:stop(3697)) - Stopping server on 15109
2025-01-03 11:06:47,103 [IPC Server listener on 15109] INFO  ipc.Server (Server.java:run(1585)) - Stopping IPC Server listener on 15109
2025-01-03 11:06:47,103 [IPC Server Responder] INFO  ipc.Server (Server.java:run(1718)) - Stopping IPC Server Responder
2025-01-03 11:06:47,104 [main] INFO  server.StorageContainerManager (StorageContainerManager.java:stop(1681)) - Stopping the StorageContainerLocationProtocol RPC server
2025-01-03 11:06:47,104 [main] INFO  server.SCMClientProtocolServer (SCMClientProtocolServer.java:stop(222)) - Stopping the RPC server for Client Protocol
2025-01-03 11:06:47,104 [main] INFO  ipc.Server (Server.java:stop(3697)) - Stopping server on 15107
2025-01-03 11:06:47,110 [IPC Server listener on 15107] INFO  ipc.Server (Server.java:run(1585)) - Stopping IPC Server listener on 15107
2025-01-03 11:06:47,110 [IPC Server Responder] INFO  ipc.Server (Server.java:run(1718)) - Stopping IPC Server Responder
2025-01-03 11:06:47,110 [main] INFO  server.StorageContainerManager (StorageContainerManager.java:stop(1688)) - Stopping Storage Container Manager HTTP server.
2025-01-03 11:06:47,111 [main] INFO  handler.ContextHandler (ContextHandler.java:doStop(1159)) - Stopped o.e.j.w.WebAppContext@760d4b8{scm,/,null,STOPPED}{file:/home/runner/work/ozone/ozone/hadoop-ozone/integration-test/target/test-classes/webapps/scm}
2025-01-03 11:06:47,112 [main] INFO  server.AbstractConnector (AbstractConnector.java:doStop(383)) - Stopped ServerConnector@62faf45f{HTTP/1.1, (http/1.1)}{0.0.0.0:15102}
2025-01-03 11:06:47,112 [main] INFO  server.session (HouseKeeper.java:stopScavenging(149)) - node0 Stopped scavenging
2025-01-03 11:06:47,112 [main] INFO  handler.ContextHandler (ContextHandler.java:doStop(1159)) - Stopped o.e.j.s.ServletContextHandler@4a41fcbd{static,/static,file:///home/runner/work/ozone/ozone/hadoop-ozone/integration-test/target/test-classes/webapps/static,STOPPED}
2025-01-03 11:06:47,112 [main] INFO  handler.ContextHandler (ContextHandler.java:doStop(1159)) - Stopped o.e.j.s.ServletContextHandler@db7e9c3{logs,/logs,file:///home/runner/work/ozone/ozone/hadoop-ozone/integration-test/target/log,STOPPED}
2025-01-03 11:06:47,113 [main] INFO  server.StorageContainerManager (StorageContainerManager.java:stop(1696)) - Stopping SCM LayoutVersionManager Service.
2025-01-03 11:06:47,114 [main] INFO  server.StorageContainerManager (StorageContainerManager.java:stop(1708)) - Stopping Block Manager Service.
2025-01-03 11:06:47,114 [main] INFO  utils.BackgroundService (BackgroundService.java:shutdown(163)) - Shutting down service SCMBlockDeletingService
2025-01-03 11:06:47,114 [main] INFO  utils.BackgroundService (BackgroundService.java:shutdown(163)) - Shutting down service SCMBlockDeletingService
2025-01-03 11:06:47,115 [main] INFO  server.StorageContainerManager (StorageContainerManager.java:stop(1733)) - Stopping SCM Event Queue.
2025-01-03 11:06:47,115 [main] INFO  server.StorageContainerManager (StorageContainerManager.java:stop(1744)) - Stopping SCM HA services.
2025-01-03 11:06:47,116 [main] INFO  ha.SCMRatisServerImpl (SCMRatisServerImpl.java:stop(266)) - stopping ratis server 0.0.0.0:15105
2025-01-03 11:06:47,116 [main] INFO  server.RaftServer (RaftServerProxy.java:lambda$close$9(417)) - c4ddaf89-5638-4166-93d2-d351e01626c9: close
2025-01-03 11:06:47,116 [c4ddaf89-5638-4166-93d2-d351e01626c9-impl-thread1] INFO  server.RaftServer$Division (RaftServerImpl.java:lambda$close$1(513)) - c4ddaf89-5638-4166-93d2-d351e01626c9@group-3E7F01CB1845: shutdown
2025-01-03 11:06:47,116 [main] INFO  server.GrpcService (GrpcService.java:closeImpl(343)) - c4ddaf89-5638-4166-93d2-d351e01626c9: shutdown server GrpcServerProtocolService now
2025-01-03 11:06:47,116 [c4ddaf89-5638-4166-93d2-d351e01626c9-impl-thread1] INFO  util.JmxRegister (JmxRegister.java:unregister(74)) - Successfully un-registered JMX Bean with object name Ratis:service=RaftServer,group=group-3E7F01CB1845,id=c4ddaf89-5638-4166-93d2-d351e01626c9
2025-01-03 11:06:47,116 [c4ddaf89-5638-4166-93d2-d351e01626c9-impl-thread1] INFO  impl.RoleInfo (RoleInfo.java:shutdownLeaderState(103)) - c4ddaf89-5638-4166-93d2-d351e01626c9: shutdown c4ddaf89-5638-4166-93d2-d351e01626c9@group-3E7F01CB1845-LeaderStateImpl
2025-01-03 11:06:47,116 [c4ddaf89-5638-4166-93d2-d351e01626c9-impl-thread1] INFO  impl.PendingRequests (PendingRequests.java:sendNotLeaderResponses(287)) - c4ddaf89-5638-4166-93d2-d351e01626c9@group-3E7F01CB1845-PendingRequests: sendNotLeaderResponses
2025-01-03 11:06:47,116 [c4ddaf89-5638-4166-93d2-d351e01626c9-impl-thread1] INFO  ha.SCMStateMachine (SCMStateMachine.java:notifyNotLeader(216)) - current leader SCM steps down.
2025-01-03 11:06:47,116 [c4ddaf89-5638-4166-93d2-d351e01626c9-impl-thread1] INFO  ha.SCMContext (SCMContext.java:updateLeaderAndTerm(96)) - update <isLeader,term> from <true,2> to <false,0>
2025-01-03 11:06:47,116 [c4ddaf89-5638-4166-93d2-d351e01626c9-impl-thread1] INFO  ha.SCMContext (SCMContext.java:updateLeaderAndTerm(102)) - update <isLeaderReady> from <true> to <false>
2025-01-03 11:06:47,116 [c4ddaf89-5638-4166-93d2-d351e01626c9-impl-thread1] INFO  BackgroundPipelineScrubber (BackgroundSCMService.java:notifyStatusChanged(85)) - Service BackgroundPipelineScrubber transitions to PAUSING.
2025-01-03 11:06:47,117 [c4ddaf89-5638-4166-93d2-d351e01626c9-impl-thread1] INFO  ExpiredContainerReplicaOpScrubber (BackgroundSCMService.java:notifyStatusChanged(85)) - Service ExpiredContainerReplicaOpScrubber transitions to PAUSING.
2025-01-03 11:06:47,117 [c4ddaf89-5638-4166-93d2-d351e01626c9-impl-thread1] INFO  SCMHATransactionMonitor (BackgroundSCMService.java:notifyStatusChanged(85)) - Service SCMHATransactionMonitor transitions to PAUSING.
2025-01-03 11:06:47,117 [c4ddaf89-5638-4166-93d2-d351e01626c9-impl-thread1] INFO  impl.StateMachineUpdater (StateMachineUpdater.java:stopAndJoin(164)) - c4ddaf89-5638-4166-93d2-d351e01626c9@group-3E7F01CB1845-StateMachineUpdater: set stopIndex = 30
2025-01-03 11:06:47,117 [c4ddaf89-5638-4166-93d2-d351e01626c9@group-3E7F01CB1845-StateMachineUpdater] INFO  ha.SCMStateMachine (SCMStateMachine.java:takeSnapshot(335)) - Current Snapshot Index 30, takeSnapshot took 1 ms
2025-01-03 11:06:47,118 [c4ddaf89-5638-4166-93d2-d351e01626c9@group-3E7F01CB1845-StateMachineUpdater] INFO  impl.StateMachineUpdater (StateMachineUpdater.java:takeSnapshot(303)) - c4ddaf89-5638-4166-93d2-d351e01626c9@group-3E7F01CB1845-StateMachineUpdater: Took a snapshot at index 30
2025-01-03 11:06:47,118 [c4ddaf89-5638-4166-93d2-d351e01626c9@group-3E7F01CB1845-StateMachineUpdater] INFO  impl.StateMachineUpdater (StateMachineUpdater.java:lambda$new$0(102)) - c4ddaf89-5638-4166-93d2-d351e01626c9@group-3E7F01CB1845-StateMachineUpdater: snapshotIndex: updateIncreasingly -1 -> 30
2025-01-03 11:06:47,118 [c4ddaf89-5638-4166-93d2-d351e01626c9@group-3E7F01CB1845-StateMachineUpdater] INFO  impl.StateMachineUpdater (StateMachineUpdater.java:stop(141)) - c4ddaf89-5638-4166-93d2-d351e01626c9@group-3E7F01CB1845-StateMachineUpdater: closing SCMStateMachine, lastApplied=(t:2, i:30)
2025-01-03 11:06:47,118 [c4ddaf89-5638-4166-93d2-d351e01626c9@group-3E7F01CB1845-cacheEviction-AwaitToRun] INFO  util.AwaitToRun (AwaitToRun.java:run(49)) - c4ddaf89-5638-4166-93d2-d351e01626c9@group-3E7F01CB1845-cacheEviction-AwaitToRun-AwaitForSignal is interrupted
2025-01-03 11:06:47,119 [main] INFO  server.GrpcService (GrpcService.java:closeImpl(352)) - c4ddaf89-5638-4166-93d2-d351e01626c9: shutdown server GrpcServerProtocolService successfully
2025-01-03 11:06:47,577 [e1b7d22e-2b77-47e1-b25b-73a9c9105e09-EndpointStateMachineTaskThread-/127.0.0.1:15106-0 ] WARN  statemachine.EndpointStateMachine (EndpointStateMachine.java:logIfNeeded(240)) - Unable to communicate to SCM server at localhost/127.0.0.1:15106 for past 0 seconds.
java.io.EOFException: End of File Exception between local host is: "fv-az1204-267/10.1.0.11"; destination host is: "localhost":15106; : java.io.EOFException; For more details see:  http://wiki.apache.org/hadoop/EOFException
	at java.base/jdk.internal.reflect.DirectConstructorHandleAccessor.newInstance(DirectConstructorHandleAccessor.java:62)
	at java.base/java.lang.reflect.Constructor.newInstanceWithCaller(Constructor.java:502)
	at java.base/java.lang.reflect.Constructor.newInstance(Constructor.java:486)
	at org.apache.hadoop.net.NetUtils.wrapWithMessage(NetUtils.java:961)
	at org.apache.hadoop.net.NetUtils.wrapException(NetUtils.java:910)
	at org.apache.hadoop.ipc.Client.getRpcResponse(Client.java:1588)
	at org.apache.hadoop.ipc.Client.call(Client.java:1529)
	at org.apache.hadoop.ipc.Client.call(Client.java:1426)
	at org.apache.hadoop.ipc.ProtobufRpcEngine$Invoker.invoke(ProtobufRpcEngine.java:250)
	at org.apache.hadoop.ipc.ProtobufRpcEngine$Invoker.invoke(ProtobufRpcEngine.java:132)
	at jdk.proxy2/jdk.proxy2.$Proxy111.submitRequest(Unknown Source)
	at org.apache.hadoop.ozone.protocolPB.StorageContainerDatanodeProtocolClientSideTranslatorPB.submitRequest(StorageContainerDatanodeProtocolClientSideTranslatorPB.java:115)
	at org.apache.hadoop.ozone.protocolPB.StorageContainerDatanodeProtocolClientSideTranslatorPB.sendHeartbeat(StorageContainerDatanodeProtocolClientSideTranslatorPB.java:146)
	at org.apache.hadoop.ozone.container.common.states.endpoint.HeartbeatEndpointTask.call(HeartbeatEndpointTask.java:183)
	at org.apache.hadoop.ozone.container.common.states.endpoint.HeartbeatEndpointTask.call(HeartbeatEndpointTask.java:87)
	at java.base/java.util.concurrent.FutureTask.run(FutureTask.java:317)
	at java.base/java.util.concurrent.ThreadPoolExecutor.runWorker(ThreadPoolExecutor.java:1144)
	at java.base/java.util.concurrent.ThreadPoolExecutor$Worker.run(ThreadPoolExecutor.java:642)
	at java.base/java.lang.Thread.run(Thread.java:1583)
Caused by: java.io.EOFException
	at java.base/java.io.DataInputStream.readFully(DataInputStream.java:210)
	at java.base/java.io.DataInputStream.readInt(DataInputStream.java:385)
	at org.apache.hadoop.ipc.Client$IpcStreams.readResponse(Client.java:1923)
	at org.apache.hadoop.ipc.Client$Connection.receiveRpcResponse(Client.java:1203)
	at org.apache.hadoop.ipc.Client$Connection.run(Client.java:1094)
2025-01-03 11:06:47,962 [c4ddaf89-5638-4166-93d2-d351e01626c9-impl-thread1] INFO  segmented.SegmentedRaftLogWorker (SegmentedRaftLogWorker.java:close(252)) - c4ddaf89-5638-4166-93d2-d351e01626c9@group-3E7F01CB1845-SegmentedRaftLogWorker close()
2025-01-03 11:06:47,963 [JvmPauseMonitor16] INFO  util.JvmPauseMonitor (JvmPauseMonitor.java:run(152)) - JvmPauseMonitor-c4ddaf89-5638-4166-93d2-d351e01626c9: Stopped
2025-01-03 11:06:47,963 [main] INFO  SCMHATransactionMonitor (BackgroundSCMService.java:stop(128)) - Stopping SCMHATransactionMonitor Service.
2025-01-03 11:06:47,963 [scmNode-1-SCMHATransactionMonitor] WARN  SCMHATransactionMonitor (BackgroundSCMService.java:run(112)) - SCMHATransactionMonitor is interrupted, exit
2025-01-03 11:06:47,963 [main] INFO  pipeline.BackgroundPipelineCreator (BackgroundPipelineCreator.java:stop(152)) - Stopping scmNode-1-RatisPipelineUtilsThread.
2025-01-03 11:06:47,963 [scmNode-1-RatisPipelineUtilsThread-0] WARN  pipeline.BackgroundPipelineCreator (BackgroundPipelineCreator.java:run(183)) - scmNode-1-RatisPipelineUtilsThread is interrupted.
2025-01-03 11:06:47,963 [scmNode-1-BackgroundPipelineScrubber] WARN  BackgroundPipelineScrubber (BackgroundSCMService.java:run(112)) - BackgroundPipelineScrubber is interrupted, exit
2025-01-03 11:06:47,963 [main] INFO  BackgroundPipelineScrubber (BackgroundSCMService.java:stop(128)) - Stopping BackgroundPipelineScrubber Service.
2025-01-03 11:06:47,964 [main] INFO  impl.MetricsSystemImpl (MetricsSystemImpl.java:stop(210)) - Stopping HddsDatanode metrics system...
2025-01-03 11:06:47,965 [prometheus] INFO  impl.MetricsSinkAdapter (MetricsSinkAdapter.java:publishMetricsFromQueue(141)) - prometheus thread interrupted.
2025-01-03 11:06:47,965 [main] INFO  impl.MetricsSystemImpl (MetricsSystemImpl.java:stop(216)) - HddsDatanode metrics system stopped.
2025-01-03 11:06:47,966 [main] WARN  pipeline.BackgroundPipelineCreator (BackgroundPipelineCreator.java:stop(148)) - scmNode-1-RatisPipelineUtilsThread is not running, just ignore.
2025-01-03 11:06:47,966 [main] INFO  BackgroundPipelineScrubber (BackgroundSCMService.java:stop(123)) - BackgroundPipelineScrubber Service is not running, skip stop.
2025-01-03 11:06:47,966 [scmNode-1-ExpiredContainerReplicaOpScrubber] WARN  ExpiredContainerReplicaOpScrubber (BackgroundSCMService.java:run(112)) - ExpiredContainerReplicaOpScrubber is interrupted, exit
2025-01-03 11:06:47,966 [main] INFO  ExpiredContainerReplicaOpScrubber (BackgroundSCMService.java:stop(128)) - Stopping ExpiredContainerReplicaOpScrubber Service.
2025-01-03 11:06:47,967 [main] INFO  utils.BackgroundService (BackgroundService.java:shutdown(163)) - Shutting down service SCMBlockDeletingService
2025-01-03 11:06:47,967 [main] INFO  replication.ReplicationManager (ReplicationManager.java:stop(320)) - Replication Monitor Thread is not running.
2025-01-03 11:06:47,967 [main] WARN  balancer.ContainerBalancer (ContainerBalancer.java:stop(351)) - Cannot stop Container Balancer because it's not running or stopping
2025-01-03 11:06:47,967 [main] INFO  SCMHATransactionMonitor (BackgroundSCMService.java:stop(123)) - SCMHATransactionMonitor Service is not running, skip stop.
2025-01-03 11:06:47,967 [main] INFO  server.StorageContainerManager (StorageContainerManager.java:stop(1779)) - Stopping SCM MetadataStore.
2025-01-03 11:06:47,968 [main] INFO  ozone.MiniOzoneClusterImpl (MiniOzoneClusterImpl.java:stop(500)) - Stopping the Mini Ozone Cluster
2025-01-03 11:06:47,968 [main] INFO  ozone.MiniOzoneClusterImpl (MiniOzoneClusterImpl.java:stopDatanodes(577)) - Stopping the HddsDatanodes
2025-01-03 11:06:47,970 [main] INFO  ozoneimpl.OzoneContainer (OzoneContainer.java:stop(526)) - Attempting to stop container services.
2025-01-03 11:06:47,970 [ContainerMetadataScanner] WARN  ozoneimpl.AbstractBackgroundContainerScanner (AbstractBackgroundContainerScanner.java:handleRemainingSleep(134)) - Background container scan was interrupted.
2025-01-03 11:06:47,970 [ContainerMetadataScanner] INFO  ozoneimpl.AbstractBackgroundContainerScanner (AbstractBackgroundContainerScanner.java:run(61)) - Thread[#3556,ContainerMetadataScanner,5,main] exiting.
2025-01-03 11:06:47,970 [main] INFO  ozoneimpl.BackgroundContainerDataScanner (BackgroundContainerDataScanner.java:shutdown(142)) - ContainerDataScanner(/home/runner/work/ozone/ozone/hadoop-ozone/integration-test/target/test-dir/MiniOzoneClusterImpl-3f159d52-719f-49ad-b6d4-3e7f01cb1845/ozone-meta/datanode-2/data-0/hdds) is shutting down. 
2025-01-03 11:06:47,971 [ContainerDataScanner(/home/runner/work/ozone/ozone/hadoop-ozone/integration-test/target/test-dir/MiniOzoneClusterImpl-3f159d52-719f-49ad-b6d4-3e7f01cb1845/ozone-meta/datanode-2/data-0/hdds)] WARN  ozoneimpl.AbstractBackgroundContainerScanner (AbstractBackgroundContainerScanner.java:handleRemainingSleep(134)) - Background container scan was interrupted.
2025-01-03 11:06:47,971 [ContainerDataScanner(/home/runner/work/ozone/ozone/hadoop-ozone/integration-test/target/test-dir/MiniOzoneClusterImpl-3f159d52-719f-49ad-b6d4-3e7f01cb1845/ozone-meta/datanode-2/data-0/hdds)] INFO  ozoneimpl.AbstractBackgroundContainerScanner (AbstractBackgroundContainerScanner.java:run(61)) - ContainerDataScanner(/home/runner/work/ozone/ozone/hadoop-ozone/integration-test/target/test-dir/MiniOzoneClusterImpl-3f159d52-719f-49ad-b6d4-3e7f01cb1845/ozone-meta/datanode-2/data-0/hdds, DS-9cb871ef-9fcc-4d48-8eed-fa921b9b6f65) exiting.
2025-01-03 11:06:47,971 [main] INFO  ozoneimpl.OnDemandContainerDataScanner (OnDemandContainerDataScanner.java:shutdownScanner(209)) - On-demand container scanner is shutting down.
2025-01-03 11:06:47,971 [main] INFO  ratis.XceiverServerRatis (XceiverServerRatis.java:stop(596)) - Closing XceiverServerRatis(64d0bb65-51ab-4184-b53b-4c99ec9daa79)
2025-01-03 11:06:47,971 [main] INFO  server.RaftServer (RaftServerProxy.java:lambda$close$9(417)) - 64d0bb65-51ab-4184-b53b-4c99ec9daa79: close
2025-01-03 11:06:47,971 [64d0bb65-51ab-4184-b53b-4c99ec9daa79-impl-thread1] INFO  server.RaftServer$Division (RaftServerImpl.java:lambda$close$1(513)) - 64d0bb65-51ab-4184-b53b-4c99ec9daa79@group-B09451480444: shutdown
2025-01-03 11:06:47,971 [64d0bb65-51ab-4184-b53b-4c99ec9daa79-impl-thread1] INFO  util.JmxRegister (JmxRegister.java:unregister(74)) - Successfully un-registered JMX Bean with object name Ratis:service=RaftServer,group=group-B09451480444,id=64d0bb65-51ab-4184-b53b-4c99ec9daa79
2025-01-03 11:06:47,971 [64d0bb65-51ab-4184-b53b-4c99ec9daa79-impl-thread1] INFO  impl.RoleInfo (RoleInfo.java:shutdownLeaderState(103)) - 64d0bb65-51ab-4184-b53b-4c99ec9daa79: shutdown 64d0bb65-51ab-4184-b53b-4c99ec9daa79@group-B09451480444-LeaderStateImpl
2025-01-03 11:06:47,971 [64d0bb65-51ab-4184-b53b-4c99ec9daa79-impl-thread1] INFO  impl.PendingRequests (PendingRequests.java:sendNotLeaderResponses(287)) - 64d0bb65-51ab-4184-b53b-4c99ec9daa79@group-B09451480444-PendingRequests: sendNotLeaderResponses
2025-01-03 11:06:47,972 [64d0bb65-51ab-4184-b53b-4c99ec9daa79-impl-thread1] INFO  impl.StateMachineUpdater (StateMachineUpdater.java:stopAndJoin(164)) - 64d0bb65-51ab-4184-b53b-4c99ec9daa79@group-B09451480444-StateMachineUpdater: set stopIndex = 3
2025-01-03 11:06:47,972 [64d0bb65-51ab-4184-b53b-4c99ec9daa79@group-B09451480444-StateMachineUpdater] INFO  ratis.ContainerStateMachine (ContainerStateMachine.java:takeSnapshot(378)) - group-B09451480444: Taking a snapshot at:(t:1, i:3) file /home/runner/work/ozone/ozone/hadoop-ozone/integration-test/target/test-dir/MiniOzoneClusterImpl-3f159d52-719f-49ad-b6d4-3e7f01cb1845/ozone-meta/datanode-2/ratis/f0551fbc-4ac1-4c32-b222-b09451480444/sm/snapshot.1_3
2025-01-03 11:06:47,971 [ForkJoinPool.commonPool-worker-3] INFO  ozoneimpl.OzoneContainer (OzoneContainer.java:stop(526)) - Attempting to stop container services.
2025-01-03 11:06:47,973 [ContainerMetadataScanner] WARN  ozoneimpl.AbstractBackgroundContainerScanner (AbstractBackgroundContainerScanner.java:handleRemainingSleep(134)) - Background container scan was interrupted.
2025-01-03 11:06:47,973 [ContainerMetadataScanner] INFO  ozoneimpl.AbstractBackgroundContainerScanner (AbstractBackgroundContainerScanner.java:run(61)) - Thread[#3538,ContainerMetadataScanner,5,main] exiting.
2025-01-03 11:06:47,973 [ForkJoinPool.commonPool-worker-3] INFO  ozoneimpl.BackgroundContainerDataScanner (BackgroundContainerDataScanner.java:shutdown(142)) - ContainerDataScanner(/home/runner/work/ozone/ozone/hadoop-ozone/integration-test/target/test-dir/MiniOzoneClusterImpl-3f159d52-719f-49ad-b6d4-3e7f01cb1845/ozone-meta/datanode-1/data-0/hdds) is shutting down. 
2025-01-03 11:06:47,973 [ContainerDataScanner(/home/runner/work/ozone/ozone/hadoop-ozone/integration-test/target/test-dir/MiniOzoneClusterImpl-3f159d52-719f-49ad-b6d4-3e7f01cb1845/ozone-meta/datanode-1/data-0/hdds)] WARN  ozoneimpl.AbstractBackgroundContainerScanner (AbstractBackgroundContainerScanner.java:handleRemainingSleep(134)) - Background container scan was interrupted.
2025-01-03 11:06:47,973 [main] INFO  server.GrpcService (GrpcService.java:closeImpl(343)) - 64d0bb65-51ab-4184-b53b-4c99ec9daa79: shutdown server GrpcServerProtocolService now
2025-01-03 11:06:47,974 [64d0bb65-51ab-4184-b53b-4c99ec9daa79-impl-thread2] INFO  server.RaftServer$Division (RaftServerImpl.java:lambda$close$1(513)) - 64d0bb65-51ab-4184-b53b-4c99ec9daa79@group-1A241C729A68: shutdown
2025-01-03 11:06:47,974 [64d0bb65-51ab-4184-b53b-4c99ec9daa79-impl-thread2] INFO  util.JmxRegister (JmxRegister.java:unregister(74)) - Successfully un-registered JMX Bean with object name Ratis:service=RaftServer,group=group-1A241C729A68,id=64d0bb65-51ab-4184-b53b-4c99ec9daa79
2025-01-03 11:06:47,975 [64d0bb65-51ab-4184-b53b-4c99ec9daa79-impl-thread2] INFO  impl.RoleInfo (RoleInfo.java:shutdownFollowerState(121)) - 64d0bb65-51ab-4184-b53b-4c99ec9daa79: shutdown 64d0bb65-51ab-4184-b53b-4c99ec9daa79@group-1A241C729A68-FollowerState
2025-01-03 11:06:47,973 [ContainerDataScanner(/home/runner/work/ozone/ozone/hadoop-ozone/integration-test/target/test-dir/MiniOzoneClusterImpl-3f159d52-719f-49ad-b6d4-3e7f01cb1845/ozone-meta/datanode-1/data-0/hdds)] INFO  ozoneimpl.AbstractBackgroundContainerScanner (AbstractBackgroundContainerScanner.java:run(61)) - ContainerDataScanner(/home/runner/work/ozone/ozone/hadoop-ozone/integration-test/target/test-dir/MiniOzoneClusterImpl-3f159d52-719f-49ad-b6d4-3e7f01cb1845/ozone-meta/datanode-1/data-0/hdds, DS-bbba79f1-8f2b-4a21-9957-cbc4d35c5325) exiting.
2025-01-03 11:06:47,975 [grpc-default-executor-4] WARN  server.GrpcLogAppender (LogUtils.java:warn(121)) - e1b7d22e-2b77-47e1-b25b-73a9c9105e09@group-1A241C729A68->64d0bb65-51ab-4184-b53b-4c99ec9daa79-AppendLogResponseHandler: Failed appendEntries: org.apache.ratis.thirdparty.io.grpc.StatusRuntimeException: CANCELLED: RST_STREAM closed stream. HTTP/2 error code: CANCEL
2025-01-03 11:06:47,975 [64d0bb65-51ab-4184-b53b-4c99ec9daa79@group-1A241C729A68-StateMachineUpdater] INFO  ratis.ContainerStateMachine (ContainerStateMachine.java:takeSnapshot(378)) - group-1A241C729A68: Taking a snapshot at:(t:1, i:0) file /home/runner/work/ozone/ozone/hadoop-ozone/integration-test/target/test-dir/MiniOzoneClusterImpl-3f159d52-719f-49ad-b6d4-3e7f01cb1845/ozone-meta/datanode-2/ratis/f4d05e04-8c97-4111-b48d-1a241c729a68/sm/snapshot.1_0
2025-01-03 11:06:47,974 [grpc-default-executor-1] WARN  server.GrpcServerProtocolService (LogUtils.java:warn(121)) - 64d0bb65-51ab-4184-b53b-4c99ec9daa79: APPEND_ENTRIES onError, lastRequest: null: org.apache.ratis.thirdparty.io.grpc.StatusRuntimeException: CANCELLED: client cancelled
2025-01-03 11:06:47,975 [64d0bb65-51ab-4184-b53b-4c99ec9daa79-impl-thread2] INFO  impl.StateMachineUpdater (StateMachineUpdater.java:stopAndJoin(164)) - 64d0bb65-51ab-4184-b53b-4c99ec9daa79@group-1A241C729A68-StateMachineUpdater: set stopIndex = 0
2025-01-03 11:06:47,975 [64d0bb65-51ab-4184-b53b-4c99ec9daa79@group-1A241C729A68-FollowerState] INFO  impl.FollowerState (FollowerState.java:runImpl(170)) - 64d0bb65-51ab-4184-b53b-4c99ec9daa79@group-1A241C729A68-FollowerState was interrupted
2025-01-03 11:06:47,975 [grpc-default-executor-6] WARN  server.GrpcLogAppender (GrpcLogAppender.java:lambda$resetClient$1(221)) - e1b7d22e-2b77-47e1-b25b-73a9c9105e09@group-1A241C729A68->64d0bb65-51ab-4184-b53b-4c99ec9daa79-GrpcLogAppender: Follower failed (request=null, errorCount=1); keep nextIndex (1) unchanged and retry.
2025-01-03 11:06:47,974 [64d0bb65-51ab-4184-b53b-4c99ec9daa79@group-B09451480444-StateMachineUpdater] INFO  ratis.ContainerStateMachine (ContainerStateMachine.java:takeSnapshot(389)) - group-B09451480444: Finished taking a snapshot at:(t:1, i:3) file:/home/runner/work/ozone/ozone/hadoop-ozone/integration-test/target/test-dir/MiniOzoneClusterImpl-3f159d52-719f-49ad-b6d4-3e7f01cb1845/ozone-meta/datanode-2/ratis/f0551fbc-4ac1-4c32-b222-b09451480444/sm/snapshot.1_3 took: 1 ms
2025-01-03 11:06:47,976 [64d0bb65-51ab-4184-b53b-4c99ec9daa79@group-B09451480444-StateMachineUpdater] INFO  impl.StateMachineUpdater (StateMachineUpdater.java:takeSnapshot(303)) - 64d0bb65-51ab-4184-b53b-4c99ec9daa79@group-B09451480444-StateMachineUpdater: Took a snapshot at index 3
2025-01-03 11:06:47,976 [64d0bb65-51ab-4184-b53b-4c99ec9daa79@group-B09451480444-StateMachineUpdater] INFO  impl.StateMachineUpdater (StateMachineUpdater.java:lambda$new$0(102)) - 64d0bb65-51ab-4184-b53b-4c99ec9daa79@group-B09451480444-StateMachineUpdater: snapshotIndex: updateIncreasingly -1 -> 3
2025-01-03 11:06:47,976 [64d0bb65-51ab-4184-b53b-4c99ec9daa79@group-B09451480444-StateMachineUpdater] INFO  impl.StateMachineUpdater (StateMachineUpdater.java:stop(141)) - 64d0bb65-51ab-4184-b53b-4c99ec9daa79@group-B09451480444-StateMachineUpdater: closing ContainerStateMachine, lastApplied=(t:1, i:3)
2025-01-03 11:06:47,975 [64d0bb65-51ab-4184-b53b-4c99ec9daa79@group-1A241C729A68-StateMachineUpdater] INFO  ratis.ContainerStateMachine (ContainerStateMachine.java:takeSnapshot(389)) - group-1A241C729A68: Finished taking a snapshot at:(t:1, i:0) file:/home/runner/work/ozone/ozone/hadoop-ozone/integration-test/target/test-dir/MiniOzoneClusterImpl-3f159d52-719f-49ad-b6d4-3e7f01cb1845/ozone-meta/datanode-2/ratis/f4d05e04-8c97-4111-b48d-1a241c729a68/sm/snapshot.1_0 took: 1 ms
2025-01-03 11:06:47,975 [grpc-default-executor-3] WARN  server.GrpcServerProtocolService (LogUtils.java:warn(121)) - 64d0bb65-51ab-4184-b53b-4c99ec9daa79: APPEND_ENTRIES onError, lastRequest: e1b7d22e-2b77-47e1-b25b-73a9c9105e09->64d0bb65-51ab-4184-b53b-4c99ec9daa79#1-t1,previous=(t:0, i:0),leaderCommit=-1,initializing? false,entries: size=1, first=(t:1, i:0), CONFIGURATIONENTRY(current:id:"64d0bb65-51ab-4184-b53b-4c99ec9daa79"address:"127.0.0.1:15139"dataStreamAddress:"127.0.0.1:15142"clientAddress:"127.0.0.1:15139"adminAddress:"127.0.0.1:15139"startupRole:FOLLOWER, id:"e1b7d22e-2b77-47e1-b25b-73a9c9105e09"address:"127.0.0.1:15130"priority:1dataStreamAddress:"127.0.0.1:15133"clientAddress:"127.0.0.1:15130"adminAddress:"127.0.0.1:15130"startupRole:FOLLOWER, id:"b3aae556-a738-441a-a487-b3abd5c550e9"address:"127.0.0.1:15148"dataStreamAddress:"127.0.0.1:15151"clientAddress:"127.0.0.1:15148"adminAddress:"127.0.0.1:15148"startupRole:FOLLOWER, old:): org.apache.ratis.thirdparty.io.grpc.StatusRuntimeException: CANCELLED: client cancelled
2025-01-03 11:06:47,976 [64d0bb65-51ab-4184-b53b-4c99ec9daa79@group-1A241C729A68-StateMachineUpdater] INFO  impl.StateMachineUpdater (StateMachineUpdater.java:takeSnapshot(303)) - 64d0bb65-51ab-4184-b53b-4c99ec9daa79@group-1A241C729A68-StateMachineUpdater: Took a snapshot at index 0
2025-01-03 11:06:47,976 [64d0bb65-51ab-4184-b53b-4c99ec9daa79@group-1A241C729A68-StateMachineUpdater] INFO  impl.StateMachineUpdater (StateMachineUpdater.java:lambda$new$0(102)) - 64d0bb65-51ab-4184-b53b-4c99ec9daa79@group-1A241C729A68-StateMachineUpdater: snapshotIndex: updateIncreasingly -1 -> 0
2025-01-03 11:06:47,976 [64d0bb65-51ab-4184-b53b-4c99ec9daa79@group-B09451480444-cacheEviction-AwaitToRun] INFO  util.AwaitToRun (AwaitToRun.java:run(49)) - 64d0bb65-51ab-4184-b53b-4c99ec9daa79@group-B09451480444-cacheEviction-AwaitToRun-AwaitForSignal is interrupted
2025-01-03 11:06:47,976 [64d0bb65-51ab-4184-b53b-4c99ec9daa79@group-1A241C729A68-StateMachineUpdater] INFO  impl.StateMachineUpdater (StateMachineUpdater.java:stop(141)) - 64d0bb65-51ab-4184-b53b-4c99ec9daa79@group-1A241C729A68-StateMachineUpdater: closing ContainerStateMachine, lastApplied=(t:1, i:0)
2025-01-03 11:06:47,976 [ForkJoinPool.commonPool-worker-3] INFO  ratis.XceiverServerRatis (XceiverServerRatis.java:stop(596)) - Closing XceiverServerRatis(e1b7d22e-2b77-47e1-b25b-73a9c9105e09)
2025-01-03 11:06:47,976 [ForkJoinPool.commonPool-worker-3] INFO  server.RaftServer (RaftServerProxy.java:lambda$close$9(417)) - e1b7d22e-2b77-47e1-b25b-73a9c9105e09: close
2025-01-03 11:06:47,977 [e1b7d22e-2b77-47e1-b25b-73a9c9105e09-impl-thread1] INFO  server.RaftServer$Division (RaftServerImpl.java:lambda$close$1(513)) - e1b7d22e-2b77-47e1-b25b-73a9c9105e09@group-C8520A99226C: shutdown
2025-01-03 11:06:47,977 [64d0bb65-51ab-4184-b53b-4c99ec9daa79@group-1A241C729A68-cacheEviction-AwaitToRun] INFO  util.AwaitToRun (AwaitToRun.java:run(49)) - 64d0bb65-51ab-4184-b53b-4c99ec9daa79@group-1A241C729A68-cacheEviction-AwaitToRun-AwaitForSignal is interrupted
2025-01-03 11:06:47,977 [e1b7d22e-2b77-47e1-b25b-73a9c9105e09-impl-thread1] INFO  util.JmxRegister (JmxRegister.java:unregister(74)) - Successfully un-registered JMX Bean with object name Ratis:service=RaftServer,group=group-C8520A99226C,id=e1b7d22e-2b77-47e1-b25b-73a9c9105e09
2025-01-03 11:06:47,977 [e1b7d22e-2b77-47e1-b25b-73a9c9105e09-impl-thread1] INFO  impl.RoleInfo (RoleInfo.java:shutdownLeaderState(103)) - e1b7d22e-2b77-47e1-b25b-73a9c9105e09: shutdown e1b7d22e-2b77-47e1-b25b-73a9c9105e09@group-C8520A99226C-LeaderStateImpl
2025-01-03 11:06:47,977 [e1b7d22e-2b77-47e1-b25b-73a9c9105e09-impl-thread1] INFO  impl.PendingRequests (PendingRequests.java:sendNotLeaderResponses(287)) - e1b7d22e-2b77-47e1-b25b-73a9c9105e09@group-C8520A99226C-PendingRequests: sendNotLeaderResponses
2025-01-03 11:06:47,977 [Thread-3158] INFO  server.GrpcServerProtocolClient (GrpcServerProtocolClient.java:close(105)) - e1b7d22e-2b77-47e1-b25b-73a9c9105e09 Close channels
2025-01-03 11:06:47,977 [e1b7d22e-2b77-47e1-b25b-73a9c9105e09-impl-thread1] INFO  impl.StateMachineUpdater (StateMachineUpdater.java:stopAndJoin(164)) - e1b7d22e-2b77-47e1-b25b-73a9c9105e09@group-C8520A99226C-StateMachineUpdater: set stopIndex = 0
2025-01-03 11:06:47,977 [e1b7d22e-2b77-47e1-b25b-73a9c9105e09@group-C8520A99226C-StateMachineUpdater] INFO  ratis.ContainerStateMachine (ContainerStateMachine.java:takeSnapshot(378)) - group-C8520A99226C: Taking a snapshot at:(t:1, i:0) file /home/runner/work/ozone/ozone/hadoop-ozone/integration-test/target/test-dir/MiniOzoneClusterImpl-3f159d52-719f-49ad-b6d4-3e7f01cb1845/ozone-meta/datanode-1/ratis/04d2bb20-c7de-412e-ab15-c8520a99226c/sm/snapshot.1_0
2025-01-03 11:06:47,978 [ForkJoinPool.commonPool-worker-3] INFO  server.GrpcService (GrpcService.java:closeImpl(343)) - e1b7d22e-2b77-47e1-b25b-73a9c9105e09: shutdown server GrpcServerProtocolService now
2025-01-03 11:06:47,978 [e1b7d22e-2b77-47e1-b25b-73a9c9105e09-impl-thread2] INFO  server.RaftServer$Division (RaftServerImpl.java:lambda$close$1(513)) - e1b7d22e-2b77-47e1-b25b-73a9c9105e09@group-1A241C729A68: shutdown
2025-01-03 11:06:47,978 [e1b7d22e-2b77-47e1-b25b-73a9c9105e09-impl-thread2] INFO  util.JmxRegister (JmxRegister.java:unregister(74)) - Successfully un-registered JMX Bean with object name Ratis:service=RaftServer,group=group-1A241C729A68,id=e1b7d22e-2b77-47e1-b25b-73a9c9105e09
2025-01-03 11:06:47,978 [e1b7d22e-2b77-47e1-b25b-73a9c9105e09-impl-thread2] INFO  impl.RoleInfo (RoleInfo.java:shutdownLeaderState(103)) - e1b7d22e-2b77-47e1-b25b-73a9c9105e09: shutdown e1b7d22e-2b77-47e1-b25b-73a9c9105e09@group-1A241C729A68-LeaderStateImpl
2025-01-03 11:06:47,978 [e1b7d22e-2b77-47e1-b25b-73a9c9105e09@group-C8520A99226C-StateMachineUpdater] INFO  ratis.ContainerStateMachine (ContainerStateMachine.java:takeSnapshot(389)) - group-C8520A99226C: Finished taking a snapshot at:(t:1, i:0) file:/home/runner/work/ozone/ozone/hadoop-ozone/integration-test/target/test-dir/MiniOzoneClusterImpl-3f159d52-719f-49ad-b6d4-3e7f01cb1845/ozone-meta/datanode-1/ratis/04d2bb20-c7de-412e-ab15-c8520a99226c/sm/snapshot.1_0 took: 0 ms
2025-01-03 11:06:47,978 [e1b7d22e-2b77-47e1-b25b-73a9c9105e09@group-1A241C729A68->64d0bb65-51ab-4184-b53b-4c99ec9daa79-GrpcLogAppender-LogAppenderDaemon] WARN  server.GrpcLogAppender (GrpcLogAppender.java:mayWait(293)) - e1b7d22e-2b77-47e1-b25b-73a9c9105e09@group-1A241C729A68->64d0bb65-51ab-4184-b53b-4c99ec9daa79-GrpcLogAppender: Wait interrupted by java.lang.InterruptedException
2025-01-03 11:06:47,978 [e1b7d22e-2b77-47e1-b25b-73a9c9105e09@group-C8520A99226C-StateMachineUpdater] INFO  impl.StateMachineUpdater (StateMachineUpdater.java:takeSnapshot(303)) - e1b7d22e-2b77-47e1-b25b-73a9c9105e09@group-C8520A99226C-StateMachineUpdater: Took a snapshot at index 0
2025-01-03 11:06:47,978 [e1b7d22e-2b77-47e1-b25b-73a9c9105e09@group-C8520A99226C-StateMachineUpdater] INFO  impl.StateMachineUpdater (StateMachineUpdater.java:lambda$new$0(102)) - e1b7d22e-2b77-47e1-b25b-73a9c9105e09@group-C8520A99226C-StateMachineUpdater: snapshotIndex: updateIncreasingly -1 -> 0
2025-01-03 11:06:47,978 [e1b7d22e-2b77-47e1-b25b-73a9c9105e09@group-C8520A99226C-StateMachineUpdater] INFO  impl.StateMachineUpdater (StateMachineUpdater.java:stop(141)) - e1b7d22e-2b77-47e1-b25b-73a9c9105e09@group-C8520A99226C-StateMachineUpdater: closing ContainerStateMachine, lastApplied=(t:1, i:0)
2025-01-03 11:06:47,978 [e1b7d22e-2b77-47e1-b25b-73a9c9105e09@group-1A241C729A68->b3aae556-a738-441a-a487-b3abd5c550e9-GrpcLogAppender-LogAppenderDaemon] WARN  server.GrpcLogAppender (GrpcLogAppender.java:mayWait(293)) - e1b7d22e-2b77-47e1-b25b-73a9c9105e09@group-1A241C729A68->b3aae556-a738-441a-a487-b3abd5c550e9-GrpcLogAppender: Wait interrupted by java.lang.InterruptedException
2025-01-03 11:06:47,978 [e1b7d22e-2b77-47e1-b25b-73a9c9105e09@group-C8520A99226C-cacheEviction-AwaitToRun] INFO  util.AwaitToRun (AwaitToRun.java:run(49)) - e1b7d22e-2b77-47e1-b25b-73a9c9105e09@group-C8520A99226C-cacheEviction-AwaitToRun-AwaitForSignal is interrupted
2025-01-03 11:06:47,979 [e1b7d22e-2b77-47e1-b25b-73a9c9105e09-impl-thread2] INFO  impl.PendingRequests (PendingRequests.java:sendNotLeaderResponses(287)) - e1b7d22e-2b77-47e1-b25b-73a9c9105e09@group-1A241C729A68-PendingRequests: sendNotLeaderResponses
2025-01-03 11:06:47,979 [grpc-default-executor-6] INFO  server.GrpcServerProtocolService (GrpcServerProtocolService.java:onCompleted(157)) - b3aae556-a738-441a-a487-b3abd5c550e9: Completed APPEND_ENTRIES, lastRequest: e1b7d22e-2b77-47e1-b25b-73a9c9105e09->b3aae556-a738-441a-a487-b3abd5c550e9#1-t1,previous=(t:0, i:0),leaderCommit=-1,initializing? false,entries: size=1, first=(t:1, i:0), CONFIGURATIONENTRY(current:id:"64d0bb65-51ab-4184-b53b-4c99ec9daa79"address:"127.0.0.1:15139"dataStreamAddress:"127.0.0.1:15142"clientAddress:"127.0.0.1:15139"adminAddress:"127.0.0.1:15139"startupRole:FOLLOWER, id:"e1b7d22e-2b77-47e1-b25b-73a9c9105e09"address:"127.0.0.1:15130"priority:1dataStreamAddress:"127.0.0.1:15133"clientAddress:"127.0.0.1:15130"adminAddress:"127.0.0.1:15130"startupRole:FOLLOWER, id:"b3aae556-a738-441a-a487-b3abd5c550e9"address:"127.0.0.1:15148"dataStreamAddress:"127.0.0.1:15151"clientAddress:"127.0.0.1:15148"adminAddress:"127.0.0.1:15148"startupRole:FOLLOWER, old:)
2025-01-03 11:06:47,979 [grpc-default-executor-6] INFO  server.GrpcServerProtocolService (GrpcServerProtocolService.java:lambda$onCompleted$5(159)) - b3aae556-a738-441a-a487-b3abd5c550e9: Completed APPEND_ENTRIES, lastReply: null
2025-01-03 11:06:47,979 [grpc-default-executor-0] INFO  server.GrpcServerProtocolService (GrpcServerProtocolService.java:onCompleted(157)) - b3aae556-a738-441a-a487-b3abd5c550e9: Completed APPEND_ENTRIES, lastRequest: null
2025-01-03 11:06:47,979 [grpc-default-executor-2] WARN  server.GrpcLogAppender (LogUtils.java:warn(121)) - 64d0bb65-51ab-4184-b53b-4c99ec9daa79@group-93C54FF6C4BB->e1b7d22e-2b77-47e1-b25b-73a9c9105e09-AppendLogResponseHandler: Failed appendEntries: org.apache.ratis.thirdparty.io.grpc.StatusRuntimeException: CANCELLED: RST_STREAM closed stream. HTTP/2 error code: CANCEL
2025-01-03 11:06:47,980 [grpc-default-executor-2] WARN  server.GrpcLogAppender (GrpcLogAppender.java:resetClient(230)) - 64d0bb65-51ab-4184-b53b-4c99ec9daa79@group-93C54FF6C4BB->e1b7d22e-2b77-47e1-b25b-73a9c9105e09-GrpcLogAppender: Failed to getClient for e1b7d22e-2b77-47e1-b25b-73a9c9105e09
org.apache.ratis.protocol.exceptions.AlreadyClosedException: 64d0bb65-51ab-4184-b53b-4c99ec9daa79 is already CLOSED
	at org.apache.ratis.util.PeerProxyMap$PeerAndProxy.getProxy(PeerProxyMap.java:67)
	at org.apache.ratis.util.PeerProxyMap.getProxy(PeerProxyMap.java:124)
	at org.apache.ratis.grpc.server.GrpcLogAppender.getClient(GrpcLogAppender.java:200)
	at org.apache.ratis.grpc.server.GrpcLogAppender.resetClient(GrpcLogAppender.java:205)
	at org.apache.ratis.grpc.server.GrpcLogAppender.access$800(GrpcLogAppender.java:64)
	at org.apache.ratis.grpc.server.GrpcLogAppender$AppendLogResponseHandler.onError(GrpcLogAppender.java:545)
	at org.apache.ratis.thirdparty.io.grpc.stub.ClientCalls$StreamObserverToCallListenerAdapter.onClose(ClientCalls.java:481)
	at org.apache.ratis.thirdparty.io.grpc.internal.ClientCallImpl.closeObserver(ClientCallImpl.java:567)
	at org.apache.ratis.thirdparty.io.grpc.internal.ClientCallImpl.access$300(ClientCallImpl.java:71)
	at org.apache.ratis.thirdparty.io.grpc.internal.ClientCallImpl$ClientStreamListenerImpl$1StreamClosed.runInternal(ClientCallImpl.java:735)
	at org.apache.ratis.thirdparty.io.grpc.internal.ClientCallImpl$ClientStreamListenerImpl$1StreamClosed.runInContext(ClientCallImpl.java:716)
	at org.apache.ratis.thirdparty.io.grpc.internal.ContextRunnable.run(ContextRunnable.java:37)
	at org.apache.ratis.thirdparty.io.grpc.internal.SerializingExecutor.run(SerializingExecutor.java:133)
	at java.base/java.util.concurrent.ThreadPoolExecutor.runWorker(ThreadPoolExecutor.java:1144)
	at java.base/java.util.concurrent.ThreadPoolExecutor$Worker.run(ThreadPoolExecutor.java:642)
	at java.base/java.lang.Thread.run(Thread.java:1583)
2025-01-03 11:06:47,980 [grpc-default-executor-3] WARN  server.GrpcLogAppender (GrpcLogAppender.java:resetClient(230)) - 64d0bb65-51ab-4184-b53b-4c99ec9daa79@group-93C54FF6C4BB->e1b7d22e-2b77-47e1-b25b-73a9c9105e09-GrpcLogAppender: Failed to getClient for e1b7d22e-2b77-47e1-b25b-73a9c9105e09
org.apache.ratis.protocol.exceptions.AlreadyClosedException: 64d0bb65-51ab-4184-b53b-4c99ec9daa79 is already CLOSED
	at org.apache.ratis.util.PeerProxyMap$PeerAndProxy.getProxy(PeerProxyMap.java:67)
	at org.apache.ratis.util.PeerProxyMap.getProxy(PeerProxyMap.java:124)
	at org.apache.ratis.grpc.server.GrpcLogAppender.getClient(GrpcLogAppender.java:200)
	at org.apache.ratis.grpc.server.GrpcLogAppender.resetClient(GrpcLogAppender.java:205)
	at org.apache.ratis.grpc.server.GrpcLogAppender.access$800(GrpcLogAppender.java:64)
	at org.apache.ratis.grpc.server.GrpcLogAppender$AppendLogResponseHandler.onError(GrpcLogAppender.java:545)
	at org.apache.ratis.thirdparty.io.grpc.stub.ClientCalls$StreamObserverToCallListenerAdapter.onClose(ClientCalls.java:481)
	at org.apache.ratis.thirdparty.io.grpc.internal.DelayedClientCall$DelayedListener$3.run(DelayedClientCall.java:489)
	at org.apache.ratis.thirdparty.io.grpc.internal.DelayedClientCall$DelayedListener.delayOrExecute(DelayedClientCall.java:453)
	at org.apache.ratis.thirdparty.io.grpc.internal.DelayedClientCall$DelayedListener.onClose(DelayedClientCall.java:486)
	at org.apache.ratis.thirdparty.io.grpc.internal.ClientCallImpl.closeObserver(ClientCallImpl.java:567)
	at org.apache.ratis.thirdparty.io.grpc.internal.ClientCallImpl.access$300(ClientCallImpl.java:71)
	at org.apache.ratis.thirdparty.io.grpc.internal.ClientCallImpl$ClientStreamListenerImpl$1StreamClosed.runInternal(ClientCallImpl.java:735)
	at org.apache.ratis.thirdparty.io.grpc.internal.ClientCallImpl$ClientStreamListenerImpl$1StreamClosed.runInContext(ClientCallImpl.java:716)
	at org.apache.ratis.thirdparty.io.grpc.internal.ContextRunnable.run(ContextRunnable.java:37)
	at org.apache.ratis.thirdparty.io.grpc.internal.SerializingExecutor.run(SerializingExecutor.java:133)
	at java.base/java.util.concurrent.ThreadPoolExecutor.runWorker(ThreadPoolExecutor.java:1144)
	at java.base/java.util.concurrent.ThreadPoolExecutor$Worker.run(ThreadPoolExecutor.java:642)
	at java.base/java.lang.Thread.run(Thread.java:1583)
2025-01-03 11:06:47,979 [grpc-default-executor-4] WARN  server.GrpcServerProtocolService (LogUtils.java:warn(121)) - e1b7d22e-2b77-47e1-b25b-73a9c9105e09: APPEND_ENTRIES onError, lastRequest: null: org.apache.ratis.thirdparty.io.grpc.StatusRuntimeException: CANCELLED: client cancelled
2025-01-03 11:06:47,980 [grpc-default-executor-0] INFO  server.GrpcServerProtocolService (GrpcServerProtocolService.java:lambda$onCompleted$5(159)) - b3aae556-a738-441a-a487-b3abd5c550e9: Completed APPEND_ENTRIES, lastReply: serverReply {
  requestorId: "e1b7d22e-2b77-47e1-b25b-73a9c9105e09"
  replyId: "b3aae556-a738-441a-a487-b3abd5c550e9"
  raftGroupId {
    id: "\364\320^\004\214\227A\021\264\215\032$\034r\232h"
  }
  callId: 4
  success: true
}
term: 1
nextIndex: 1
matchIndex: 18446744073709551615
isHearbeat: true

2025-01-03 11:06:47,979 [grpc-default-executor-1] WARN  server.GrpcServerProtocolService (LogUtils.java:warn(121)) - e1b7d22e-2b77-47e1-b25b-73a9c9105e09: APPEND_ENTRIES onError, lastRequest: 64d0bb65-51ab-4184-b53b-4c99ec9daa79->e1b7d22e-2b77-47e1-b25b-73a9c9105e09#1-t1,previous=(t:0, i:0),leaderCommit=-1,initializing? false,entries: size=1, first=(t:1, i:0), CONFIGURATIONENTRY(current:id:"e1b7d22e-2b77-47e1-b25b-73a9c9105e09"address:"127.0.0.1:15130"dataStreamAddress:"127.0.0.1:15133"clientAddress:"127.0.0.1:15130"adminAddress:"127.0.0.1:15130"startupRole:FOLLOWER, id:"64d0bb65-51ab-4184-b53b-4c99ec9daa79"address:"127.0.0.1:15139"priority:1dataStreamAddress:"127.0.0.1:15142"clientAddress:"127.0.0.1:15139"adminAddress:"127.0.0.1:15139"startupRole:FOLLOWER, id:"b3aae556-a738-441a-a487-b3abd5c550e9"address:"127.0.0.1:15148"dataStreamAddress:"127.0.0.1:15151"clientAddress:"127.0.0.1:15148"adminAddress:"127.0.0.1:15148"startupRole:FOLLOWER, old:): org.apache.ratis.thirdparty.io.grpc.StatusRuntimeException: CANCELLED: client cancelled
2025-01-03 11:06:47,980 [e1b7d22e-2b77-47e1-b25b-73a9c9105e09-impl-thread3] INFO  server.RaftServer$Division (RaftServerImpl.java:lambda$close$1(513)) - e1b7d22e-2b77-47e1-b25b-73a9c9105e09@group-93C54FF6C4BB: shutdown
2025-01-03 11:06:47,980 [e1b7d22e-2b77-47e1-b25b-73a9c9105e09-impl-thread3] INFO  util.JmxRegister (JmxRegister.java:unregister(74)) - Successfully un-registered JMX Bean with object name Ratis:service=RaftServer,group=group-93C54FF6C4BB,id=e1b7d22e-2b77-47e1-b25b-73a9c9105e09
2025-01-03 11:06:47,980 [e1b7d22e-2b77-47e1-b25b-73a9c9105e09-impl-thread3] INFO  impl.RoleInfo (RoleInfo.java:shutdownFollowerState(121)) - e1b7d22e-2b77-47e1-b25b-73a9c9105e09: shutdown e1b7d22e-2b77-47e1-b25b-73a9c9105e09@group-93C54FF6C4BB-FollowerState
2025-01-03 11:06:47,980 [e1b7d22e-2b77-47e1-b25b-73a9c9105e09-impl-thread3] INFO  impl.StateMachineUpdater (StateMachineUpdater.java:stopAndJoin(164)) - e1b7d22e-2b77-47e1-b25b-73a9c9105e09@group-93C54FF6C4BB-StateMachineUpdater: set stopIndex = 0
2025-01-03 11:06:47,980 [e1b7d22e-2b77-47e1-b25b-73a9c9105e09@group-93C54FF6C4BB-FollowerState] INFO  impl.FollowerState (FollowerState.java:runImpl(170)) - e1b7d22e-2b77-47e1-b25b-73a9c9105e09@group-93C54FF6C4BB-FollowerState was interrupted
2025-01-03 11:06:47,980 [grpc-default-executor-1] INFO  server.GrpcLogAppender (GrpcLogAppender.java:onCompleted(550)) - e1b7d22e-2b77-47e1-b25b-73a9c9105e09@group-1A241C729A68->b3aae556-a738-441a-a487-b3abd5c550e9-AppendLogResponseHandler: follower responses appendEntries COMPLETED
2025-01-03 11:06:47,980 [e1b7d22e-2b77-47e1-b25b-73a9c9105e09-impl-thread2] INFO  impl.StateMachineUpdater (StateMachineUpdater.java:stopAndJoin(164)) - e1b7d22e-2b77-47e1-b25b-73a9c9105e09@group-1A241C729A68-StateMachineUpdater: set stopIndex = 0
2025-01-03 11:06:47,980 [e1b7d22e-2b77-47e1-b25b-73a9c9105e09@group-1A241C729A68-StateMachineUpdater] INFO  ratis.ContainerStateMachine (ContainerStateMachine.java:takeSnapshot(378)) - group-1A241C729A68: Taking a snapshot at:(t:1, i:0) file /home/runner/work/ozone/ozone/hadoop-ozone/integration-test/target/test-dir/MiniOzoneClusterImpl-3f159d52-719f-49ad-b6d4-3e7f01cb1845/ozone-meta/datanode-1/ratis/f4d05e04-8c97-4111-b48d-1a241c729a68/sm/snapshot.1_0
2025-01-03 11:06:47,981 [grpc-default-executor-1] INFO  server.GrpcLogAppender (GrpcLogAppender.java:onCompleted(550)) - e1b7d22e-2b77-47e1-b25b-73a9c9105e09@group-1A241C729A68->b3aae556-a738-441a-a487-b3abd5c550e9-AppendLogResponseHandler: follower responses appendEntries COMPLETED
2025-01-03 11:06:47,980 [Thread-3163] INFO  server.GrpcServerProtocolClient (GrpcServerProtocolClient.java:close(105)) - 64d0bb65-51ab-4184-b53b-4c99ec9daa79 Close channels
2025-01-03 11:06:47,980 [e1b7d22e-2b77-47e1-b25b-73a9c9105e09@group-93C54FF6C4BB-StateMachineUpdater] INFO  ratis.ContainerStateMachine (ContainerStateMachine.java:takeSnapshot(378)) - group-93C54FF6C4BB: Taking a snapshot at:(t:1, i:0) file /home/runner/work/ozone/ozone/hadoop-ozone/integration-test/target/test-dir/MiniOzoneClusterImpl-3f159d52-719f-49ad-b6d4-3e7f01cb1845/ozone-meta/datanode-1/ratis/df10fce6-fd08-4c5a-a6e9-93c54ff6c4bb/sm/snapshot.1_0
2025-01-03 11:06:47,980 [64d0bb65-51ab-4184-b53b-4c99ec9daa79-impl-thread3] INFO  server.RaftServer$Division (RaftServerImpl.java:lambda$close$1(513)) - 64d0bb65-51ab-4184-b53b-4c99ec9daa79@group-93C54FF6C4BB: shutdown
2025-01-03 11:06:47,981 [64d0bb65-51ab-4184-b53b-4c99ec9daa79-impl-thread3] INFO  util.JmxRegister (JmxRegister.java:unregister(74)) - Successfully un-registered JMX Bean with object name Ratis:service=RaftServer,group=group-93C54FF6C4BB,id=64d0bb65-51ab-4184-b53b-4c99ec9daa79
2025-01-03 11:06:47,981 [64d0bb65-51ab-4184-b53b-4c99ec9daa79-impl-thread3] INFO  impl.RoleInfo (RoleInfo.java:shutdownLeaderState(103)) - 64d0bb65-51ab-4184-b53b-4c99ec9daa79: shutdown 64d0bb65-51ab-4184-b53b-4c99ec9daa79@group-93C54FF6C4BB-LeaderStateImpl
2025-01-03 11:06:47,981 [64d0bb65-51ab-4184-b53b-4c99ec9daa79@group-93C54FF6C4BB->e1b7d22e-2b77-47e1-b25b-73a9c9105e09-GrpcLogAppender-LogAppenderDaemon] WARN  server.GrpcLogAppender (GrpcLogAppender.java:mayWait(293)) - 64d0bb65-51ab-4184-b53b-4c99ec9daa79@group-93C54FF6C4BB->e1b7d22e-2b77-47e1-b25b-73a9c9105e09-GrpcLogAppender: Wait interrupted by java.lang.InterruptedException
2025-01-03 11:06:47,980 [Thread-3161] INFO  server.GrpcServerProtocolClient (GrpcServerProtocolClient.java:close(105)) - b3aae556-a738-441a-a487-b3abd5c550e9 Close channels
2025-01-03 11:06:47,981 [e1b7d22e-2b77-47e1-b25b-73a9c9105e09@group-1A241C729A68-StateMachineUpdater] INFO  ratis.ContainerStateMachine (ContainerStateMachine.java:takeSnapshot(389)) - group-1A241C729A68: Finished taking a snapshot at:(t:1, i:0) file:/home/runner/work/ozone/ozone/hadoop-ozone/integration-test/target/test-dir/MiniOzoneClusterImpl-3f159d52-719f-49ad-b6d4-3e7f01cb1845/ozone-meta/datanode-1/ratis/f4d05e04-8c97-4111-b48d-1a241c729a68/sm/snapshot.1_0 took: 1 ms
2025-01-03 11:06:47,982 [e1b7d22e-2b77-47e1-b25b-73a9c9105e09@group-1A241C729A68-StateMachineUpdater] INFO  impl.StateMachineUpdater (StateMachineUpdater.java:takeSnapshot(303)) - e1b7d22e-2b77-47e1-b25b-73a9c9105e09@group-1A241C729A68-StateMachineUpdater: Took a snapshot at index 0
2025-01-03 11:06:47,982 [e1b7d22e-2b77-47e1-b25b-73a9c9105e09@group-1A241C729A68-StateMachineUpdater] INFO  impl.StateMachineUpdater (StateMachineUpdater.java:lambda$new$0(102)) - e1b7d22e-2b77-47e1-b25b-73a9c9105e09@group-1A241C729A68-StateMachineUpdater: snapshotIndex: updateIncreasingly -1 -> 0
2025-01-03 11:06:47,982 [e1b7d22e-2b77-47e1-b25b-73a9c9105e09@group-1A241C729A68-StateMachineUpdater] INFO  impl.StateMachineUpdater (StateMachineUpdater.java:stop(141)) - e1b7d22e-2b77-47e1-b25b-73a9c9105e09@group-1A241C729A68-StateMachineUpdater: closing ContainerStateMachine, lastApplied=(t:1, i:0)
2025-01-03 11:06:47,981 [64d0bb65-51ab-4184-b53b-4c99ec9daa79-impl-thread3] INFO  impl.PendingRequests (PendingRequests.java:sendNotLeaderResponses(287)) - 64d0bb65-51ab-4184-b53b-4c99ec9daa79@group-93C54FF6C4BB-PendingRequests: sendNotLeaderResponses
2025-01-03 11:06:47,982 [e1b7d22e-2b77-47e1-b25b-73a9c9105e09@group-1A241C729A68-cacheEviction-AwaitToRun] INFO  util.AwaitToRun (AwaitToRun.java:run(49)) - e1b7d22e-2b77-47e1-b25b-73a9c9105e09@group-1A241C729A68-cacheEviction-AwaitToRun-AwaitForSignal is interrupted
2025-01-03 11:06:47,981 [64d0bb65-51ab-4184-b53b-4c99ec9daa79@group-93C54FF6C4BB->b3aae556-a738-441a-a487-b3abd5c550e9-GrpcLogAppender-LogAppenderDaemon] WARN  server.GrpcLogAppender (GrpcLogAppender.java:mayWait(293)) - 64d0bb65-51ab-4184-b53b-4c99ec9daa79@group-93C54FF6C4BB->b3aae556-a738-441a-a487-b3abd5c550e9-GrpcLogAppender: Wait interrupted by java.lang.InterruptedException
2025-01-03 11:06:47,982 [e1b7d22e-2b77-47e1-b25b-73a9c9105e09@group-93C54FF6C4BB-StateMachineUpdater] INFO  ratis.ContainerStateMachine (ContainerStateMachine.java:takeSnapshot(389)) - group-93C54FF6C4BB: Finished taking a snapshot at:(t:1, i:0) file:/home/runner/work/ozone/ozone/hadoop-ozone/integration-test/target/test-dir/MiniOzoneClusterImpl-3f159d52-719f-49ad-b6d4-3e7f01cb1845/ozone-meta/datanode-1/ratis/df10fce6-fd08-4c5a-a6e9-93c54ff6c4bb/sm/snapshot.1_0 took: 1 ms
2025-01-03 11:06:47,982 [64d0bb65-51ab-4184-b53b-4c99ec9daa79-impl-thread3] INFO  impl.StateMachineUpdater (StateMachineUpdater.java:stopAndJoin(164)) - 64d0bb65-51ab-4184-b53b-4c99ec9daa79@group-93C54FF6C4BB-StateMachineUpdater: set stopIndex = 0
2025-01-03 11:06:47,982 [e1b7d22e-2b77-47e1-b25b-73a9c9105e09@group-93C54FF6C4BB-StateMachineUpdater] INFO  impl.StateMachineUpdater (StateMachineUpdater.java:takeSnapshot(303)) - e1b7d22e-2b77-47e1-b25b-73a9c9105e09@group-93C54FF6C4BB-StateMachineUpdater: Took a snapshot at index 0
2025-01-03 11:06:47,982 [e1b7d22e-2b77-47e1-b25b-73a9c9105e09@group-93C54FF6C4BB-StateMachineUpdater] INFO  impl.StateMachineUpdater (StateMachineUpdater.java:lambda$new$0(102)) - e1b7d22e-2b77-47e1-b25b-73a9c9105e09@group-93C54FF6C4BB-StateMachineUpdater: snapshotIndex: updateIncreasingly -1 -> 0
2025-01-03 11:06:47,982 [64d0bb65-51ab-4184-b53b-4c99ec9daa79@group-93C54FF6C4BB-StateMachineUpdater] INFO  ratis.ContainerStateMachine (ContainerStateMachine.java:takeSnapshot(378)) - group-93C54FF6C4BB: Taking a snapshot at:(t:1, i:0) file /home/runner/work/ozone/ozone/hadoop-ozone/integration-test/target/test-dir/MiniOzoneClusterImpl-3f159d52-719f-49ad-b6d4-3e7f01cb1845/ozone-meta/datanode-2/ratis/df10fce6-fd08-4c5a-a6e9-93c54ff6c4bb/sm/snapshot.1_0
2025-01-03 11:06:47,983 [e1b7d22e-2b77-47e1-b25b-73a9c9105e09@group-93C54FF6C4BB-StateMachineUpdater] INFO  impl.StateMachineUpdater (StateMachineUpdater.java:stop(141)) - e1b7d22e-2b77-47e1-b25b-73a9c9105e09@group-93C54FF6C4BB-StateMachineUpdater: closing ContainerStateMachine, lastApplied=(t:1, i:0)
2025-01-03 11:06:47,983 [e1b7d22e-2b77-47e1-b25b-73a9c9105e09@group-93C54FF6C4BB-cacheEviction-AwaitToRun] INFO  util.AwaitToRun (AwaitToRun.java:run(49)) - e1b7d22e-2b77-47e1-b25b-73a9c9105e09@group-93C54FF6C4BB-cacheEviction-AwaitToRun-AwaitForSignal is interrupted
2025-01-03 11:06:47,983 [grpc-default-executor-0] INFO  server.GrpcServerProtocolService (GrpcServerProtocolService.java:onCompleted(157)) - b3aae556-a738-441a-a487-b3abd5c550e9: Completed APPEND_ENTRIES, lastRequest: 64d0bb65-51ab-4184-b53b-4c99ec9daa79->b3aae556-a738-441a-a487-b3abd5c550e9#1-t1,previous=(t:0, i:0),leaderCommit=-1,initializing? false,entries: size=1, first=(t:1, i:0), CONFIGURATIONENTRY(current:id:"e1b7d22e-2b77-47e1-b25b-73a9c9105e09"address:"127.0.0.1:15130"dataStreamAddress:"127.0.0.1:15133"clientAddress:"127.0.0.1:15130"adminAddress:"127.0.0.1:15130"startupRole:FOLLOWER, id:"64d0bb65-51ab-4184-b53b-4c99ec9daa79"address:"127.0.0.1:15139"priority:1dataStreamAddress:"127.0.0.1:15142"clientAddress:"127.0.0.1:15139"adminAddress:"127.0.0.1:15139"startupRole:FOLLOWER, id:"b3aae556-a738-441a-a487-b3abd5c550e9"address:"127.0.0.1:15148"dataStreamAddress:"127.0.0.1:15151"clientAddress:"127.0.0.1:15148"adminAddress:"127.0.0.1:15148"startupRole:FOLLOWER, old:)
2025-01-03 11:06:47,983 [grpc-default-executor-0] INFO  server.GrpcServerProtocolService (GrpcServerProtocolService.java:lambda$onCompleted$5(159)) - b3aae556-a738-441a-a487-b3abd5c550e9: Completed APPEND_ENTRIES, lastReply: null
2025-01-03 11:06:47,983 [grpc-default-executor-0] INFO  server.GrpcLogAppender (GrpcLogAppender.java:onCompleted(550)) - 64d0bb65-51ab-4184-b53b-4c99ec9daa79@group-93C54FF6C4BB->b3aae556-a738-441a-a487-b3abd5c550e9-AppendLogResponseHandler: follower responses appendEntries COMPLETED
2025-01-03 11:06:47,983 [grpc-default-executor-1] INFO  server.GrpcServerProtocolService (GrpcServerProtocolService.java:onCompleted(157)) - b3aae556-a738-441a-a487-b3abd5c550e9: Completed APPEND_ENTRIES, lastRequest: null
2025-01-03 11:06:47,983 [grpc-default-executor-0] WARN  server.GrpcLogAppender (GrpcLogAppender.java:resetClient(230)) - 64d0bb65-51ab-4184-b53b-4c99ec9daa79@group-93C54FF6C4BB->b3aae556-a738-441a-a487-b3abd5c550e9-GrpcLogAppender: Failed to getClient for b3aae556-a738-441a-a487-b3abd5c550e9
org.apache.ratis.protocol.exceptions.AlreadyClosedException: 64d0bb65-51ab-4184-b53b-4c99ec9daa79 is already CLOSED
	at org.apache.ratis.util.PeerProxyMap$PeerAndProxy.getProxy(PeerProxyMap.java:67)
	at org.apache.ratis.util.PeerProxyMap.getProxy(PeerProxyMap.java:124)
	at org.apache.ratis.grpc.server.GrpcLogAppender.getClient(GrpcLogAppender.java:200)
	at org.apache.ratis.grpc.server.GrpcLogAppender.resetClient(GrpcLogAppender.java:205)
	at org.apache.ratis.grpc.server.GrpcLogAppender.access$800(GrpcLogAppender.java:64)
	at org.apache.ratis.grpc.server.GrpcLogAppender$AppendLogResponseHandler.onCompleted(GrpcLogAppender.java:551)
	at org.apache.ratis.thirdparty.io.grpc.stub.ClientCalls$StreamObserverToCallListenerAdapter.onClose(ClientCalls.java:479)
	at org.apache.ratis.thirdparty.io.grpc.internal.ClientCallImpl.closeObserver(ClientCallImpl.java:567)
	at org.apache.ratis.thirdparty.io.grpc.internal.ClientCallImpl.access$300(ClientCallImpl.java:71)
	at org.apache.ratis.thirdparty.io.grpc.internal.ClientCallImpl$ClientStreamListenerImpl$1StreamClosed.runInternal(ClientCallImpl.java:735)
	at org.apache.ratis.thirdparty.io.grpc.internal.ClientCallImpl$ClientStreamListenerImpl$1StreamClosed.runInContext(ClientCallImpl.java:716)
	at org.apache.ratis.thirdparty.io.grpc.internal.ContextRunnable.run(ContextRunnable.java:37)
	at org.apache.ratis.thirdparty.io.grpc.internal.SerializingExecutor.run(SerializingExecutor.java:133)
	at java.base/java.util.concurrent.ThreadPoolExecutor.runWorker(ThreadPoolExecutor.java:1144)
	at java.base/java.util.concurrent.ThreadPoolExecutor$Worker.run(ThreadPoolExecutor.java:642)
	at java.base/java.lang.Thread.run(Thread.java:1583)
2025-01-03 11:06:47,983 [64d0bb65-51ab-4184-b53b-4c99ec9daa79@group-93C54FF6C4BB-StateMachineUpdater] INFO  ratis.ContainerStateMachine (ContainerStateMachine.java:takeSnapshot(389)) - group-93C54FF6C4BB: Finished taking a snapshot at:(t:1, i:0) file:/home/runner/work/ozone/ozone/hadoop-ozone/integration-test/target/test-dir/MiniOzoneClusterImpl-3f159d52-719f-49ad-b6d4-3e7f01cb1845/ozone-meta/datanode-2/ratis/df10fce6-fd08-4c5a-a6e9-93c54ff6c4bb/sm/snapshot.1_0 took: 1 ms
2025-01-03 11:06:47,983 [grpc-default-executor-1] INFO  server.GrpcServerProtocolService (GrpcServerProtocolService.java:lambda$onCompleted$5(159)) - b3aae556-a738-441a-a487-b3abd5c550e9: Completed APPEND_ENTRIES, lastReply: serverReply {
  requestorId: "64d0bb65-51ab-4184-b53b-4c99ec9daa79"
  replyId: "b3aae556-a738-441a-a487-b3abd5c550e9"
  raftGroupId {
    id: "\337\020\374\346\375\bLZ\246\351\223\305O\366\304\273"
  }
  callId: 5
  success: true
}
term: 1
nextIndex: 1
matchIndex: 18446744073709551615
isHearbeat: true

2025-01-03 11:06:47,983 [64d0bb65-51ab-4184-b53b-4c99ec9daa79@group-93C54FF6C4BB-StateMachineUpdater] INFO  impl.StateMachineUpdater (StateMachineUpdater.java:takeSnapshot(303)) - 64d0bb65-51ab-4184-b53b-4c99ec9daa79@group-93C54FF6C4BB-StateMachineUpdater: Took a snapshot at index 0
2025-01-03 11:06:47,983 [64d0bb65-51ab-4184-b53b-4c99ec9daa79@group-93C54FF6C4BB-StateMachineUpdater] INFO  impl.StateMachineUpdater (StateMachineUpdater.java:lambda$new$0(102)) - 64d0bb65-51ab-4184-b53b-4c99ec9daa79@group-93C54FF6C4BB-StateMachineUpdater: snapshotIndex: updateIncreasingly -1 -> 0
2025-01-03 11:06:47,984 [64d0bb65-51ab-4184-b53b-4c99ec9daa79@group-93C54FF6C4BB-StateMachineUpdater] INFO  impl.StateMachineUpdater (StateMachineUpdater.java:stop(141)) - 64d0bb65-51ab-4184-b53b-4c99ec9daa79@group-93C54FF6C4BB-StateMachineUpdater: closing ContainerStateMachine, lastApplied=(t:1, i:0)
2025-01-03 11:06:47,984 [64d0bb65-51ab-4184-b53b-4c99ec9daa79@group-93C54FF6C4BB-cacheEviction-AwaitToRun] INFO  util.AwaitToRun (AwaitToRun.java:run(49)) - 64d0bb65-51ab-4184-b53b-4c99ec9daa79@group-93C54FF6C4BB-cacheEviction-AwaitToRun-AwaitForSignal is interrupted
2025-01-03 11:06:47,984 [grpc-default-executor-1] INFO  server.GrpcLogAppender (GrpcLogAppender.java:onCompleted(550)) - 64d0bb65-51ab-4184-b53b-4c99ec9daa79@group-93C54FF6C4BB->b3aae556-a738-441a-a487-b3abd5c550e9-AppendLogResponseHandler: follower responses appendEntries COMPLETED
2025-01-03 11:06:47,984 [grpc-default-executor-1] WARN  server.GrpcLogAppender (GrpcLogAppender.java:resetClient(230)) - 64d0bb65-51ab-4184-b53b-4c99ec9daa79@group-93C54FF6C4BB->b3aae556-a738-441a-a487-b3abd5c550e9-GrpcLogAppender: Failed to getClient for b3aae556-a738-441a-a487-b3abd5c550e9
org.apache.ratis.protocol.exceptions.AlreadyClosedException: 64d0bb65-51ab-4184-b53b-4c99ec9daa79 is already CLOSED
	at org.apache.ratis.util.PeerProxyMap$PeerAndProxy.getProxy(PeerProxyMap.java:67)
	at org.apache.ratis.util.PeerProxyMap.getProxy(PeerProxyMap.java:124)
	at org.apache.ratis.grpc.server.GrpcLogAppender.getClient(GrpcLogAppender.java:200)
	at org.apache.ratis.grpc.server.GrpcLogAppender.resetClient(GrpcLogAppender.java:205)
	at org.apache.ratis.grpc.server.GrpcLogAppender.access$800(GrpcLogAppender.java:64)
	at org.apache.ratis.grpc.server.GrpcLogAppender$AppendLogResponseHandler.onCompleted(GrpcLogAppender.java:551)
	at org.apache.ratis.thirdparty.io.grpc.stub.ClientCalls$StreamObserverToCallListenerAdapter.onClose(ClientCalls.java:479)
	at org.apache.ratis.thirdparty.io.grpc.internal.DelayedClientCall$DelayedListener$3.run(DelayedClientCall.java:489)
	at org.apache.ratis.thirdparty.io.grpc.internal.DelayedClientCall$DelayedListener.delayOrExecute(DelayedClientCall.java:453)
	at org.apache.ratis.thirdparty.io.grpc.internal.DelayedClientCall$DelayedListener.onClose(DelayedClientCall.java:486)
	at org.apache.ratis.thirdparty.io.grpc.internal.ClientCallImpl.closeObserver(ClientCallImpl.java:567)
	at org.apache.ratis.thirdparty.io.grpc.internal.ClientCallImpl.access$300(ClientCallImpl.java:71)
	at org.apache.ratis.thirdparty.io.grpc.internal.ClientCallImpl$ClientStreamListenerImpl$1StreamClosed.runInternal(ClientCallImpl.java:735)
	at org.apache.ratis.thirdparty.io.grpc.internal.ClientCallImpl$ClientStreamListenerImpl$1StreamClosed.runInContext(ClientCallImpl.java:716)
	at org.apache.ratis.thirdparty.io.grpc.internal.ContextRunnable.run(ContextRunnable.java:37)
	at org.apache.ratis.thirdparty.io.grpc.internal.SerializingExecutor.run(SerializingExecutor.java:133)
	at java.base/java.util.concurrent.ThreadPoolExecutor.runWorker(ThreadPoolExecutor.java:1144)
	at java.base/java.util.concurrent.ThreadPoolExecutor$Worker.run(ThreadPoolExecutor.java:642)
	at java.base/java.lang.Thread.run(Thread.java:1583)
2025-01-03 11:06:47,984 [Thread-3165] INFO  server.GrpcServerProtocolClient (GrpcServerProtocolClient.java:close(105)) - b3aae556-a738-441a-a487-b3abd5c550e9 Close channels
2025-01-03 11:06:47,985 [main] INFO  server.GrpcService (GrpcService.java:closeImpl(352)) - 64d0bb65-51ab-4184-b53b-4c99ec9daa79: shutdown server GrpcServerProtocolService successfully
2025-01-03 11:06:47,986 [ForkJoinPool.commonPool-worker-3] INFO  server.GrpcService (GrpcService.java:closeImpl(352)) - e1b7d22e-2b77-47e1-b25b-73a9c9105e09: shutdown server GrpcServerProtocolService successfully
2025-01-03 11:06:47,988 [64d0bb65-51ab-4184-b53b-4c99ec9daa79-impl-thread1] INFO  segmented.SegmentedRaftLogWorker (SegmentedRaftLogWorker.java:close(252)) - 64d0bb65-51ab-4184-b53b-4c99ec9daa79@group-B09451480444-SegmentedRaftLogWorker close()
2025-01-03 11:06:47,988 [64d0bb65-51ab-4184-b53b-4c99ec9daa79-impl-thread1] INFO  ratis.ContainerStateMachine (ContainerStateMachine.java:notifyServerShutdown(970)) - group-B09451480444 is closed by HddsDatanodeService
2025-01-03 11:06:47,991 [e1b7d22e-2b77-47e1-b25b-73a9c9105e09-NettyServerStreamRpc-bossGroup--thread1] INFO  logging.LoggingHandler (AbstractInternalLogger.java:log(148)) - [id: 0xd15e12d3, L:/0.0.0.0:15133] CLOSE
2025-01-03 11:06:47,991 [e1b7d22e-2b77-47e1-b25b-73a9c9105e09-NettyServerStreamRpc-bossGroup--thread1] INFO  logging.LoggingHandler (AbstractInternalLogger.java:log(148)) - [id: 0xd15e12d3, L:/0.0.0.0:15133] INACTIVE
2025-01-03 11:06:47,991 [e1b7d22e-2b77-47e1-b25b-73a9c9105e09-NettyServerStreamRpc-bossGroup--thread1] INFO  logging.LoggingHandler (AbstractInternalLogger.java:log(148)) - [id: 0xd15e12d3, L:/0.0.0.0:15133] UNREGISTERED
2025-01-03 11:06:47,992 [64d0bb65-51ab-4184-b53b-4c99ec9daa79-NettyServerStreamRpc-bossGroup--thread1] INFO  logging.LoggingHandler (AbstractInternalLogger.java:log(148)) - [id: 0x0d393bfb, L:/0.0.0.0:15142] CLOSE
2025-01-03 11:06:47,992 [64d0bb65-51ab-4184-b53b-4c99ec9daa79-NettyServerStreamRpc-bossGroup--thread1] INFO  logging.LoggingHandler (AbstractInternalLogger.java:log(148)) - [id: 0x0d393bfb, L:/0.0.0.0:15142] INACTIVE
2025-01-03 11:06:47,993 [64d0bb65-51ab-4184-b53b-4c99ec9daa79-NettyServerStreamRpc-bossGroup--thread1] INFO  logging.LoggingHandler (AbstractInternalLogger.java:log(148)) - [id: 0x0d393bfb, L:/0.0.0.0:15142] UNREGISTERED
2025-01-03 11:06:48,526 [e1b7d22e-2b77-47e1-b25b-73a9c9105e09-impl-thread2] INFO  segmented.SegmentedRaftLogWorker (SegmentedRaftLogWorker.java:close(252)) - e1b7d22e-2b77-47e1-b25b-73a9c9105e09@group-1A241C729A68-SegmentedRaftLogWorker close()
2025-01-03 11:06:48,527 [e1b7d22e-2b77-47e1-b25b-73a9c9105e09-impl-thread2] INFO  ratis.ContainerStateMachine (ContainerStateMachine.java:notifyServerShutdown(970)) - group-1A241C729A68 is closed by HddsDatanodeService
2025-01-03 11:06:48,534 [64d0bb65-51ab-4184-b53b-4c99ec9daa79-impl-thread2] INFO  segmented.SegmentedRaftLogWorker (SegmentedRaftLogWorker.java:close(252)) - 64d0bb65-51ab-4184-b53b-4c99ec9daa79@group-1A241C729A68-SegmentedRaftLogWorker close()
2025-01-03 11:06:48,534 [64d0bb65-51ab-4184-b53b-4c99ec9daa79-impl-thread2] INFO  ratis.ContainerStateMachine (ContainerStateMachine.java:notifyServerShutdown(970)) - group-1A241C729A68 is closed by HddsDatanodeService
2025-01-03 11:06:48,590 [e1b7d22e-2b77-47e1-b25b-73a9c9105e09-impl-thread1] INFO  segmented.SegmentedRaftLogWorker (SegmentedRaftLogWorker.java:close(252)) - e1b7d22e-2b77-47e1-b25b-73a9c9105e09@group-C8520A99226C-SegmentedRaftLogWorker close()
2025-01-03 11:06:48,590 [e1b7d22e-2b77-47e1-b25b-73a9c9105e09-impl-thread1] INFO  ratis.ContainerStateMachine (ContainerStateMachine.java:notifyServerShutdown(970)) - group-C8520A99226C is closed by HddsDatanodeService
2025-01-03 11:06:48,666 [64d0bb65-51ab-4184-b53b-4c99ec9daa79-impl-thread3] INFO  segmented.SegmentedRaftLogWorker (SegmentedRaftLogWorker.java:close(252)) - 64d0bb65-51ab-4184-b53b-4c99ec9daa79@group-93C54FF6C4BB-SegmentedRaftLogWorker close()
2025-01-03 11:06:48,666 [64d0bb65-51ab-4184-b53b-4c99ec9daa79-impl-thread3] INFO  ratis.ContainerStateMachine (ContainerStateMachine.java:notifyServerShutdown(970)) - group-93C54FF6C4BB is closed by HddsDatanodeService
2025-01-03 11:06:48,666 [JvmPauseMonitor21] INFO  util.JvmPauseMonitor (JvmPauseMonitor.java:run(152)) - JvmPauseMonitor-64d0bb65-51ab-4184-b53b-4c99ec9daa79: Stopped
2025-01-03 11:06:48,674 [e1b7d22e-2b77-47e1-b25b-73a9c9105e09-impl-thread3] INFO  segmented.SegmentedRaftLogWorker (SegmentedRaftLogWorker.java:close(252)) - e1b7d22e-2b77-47e1-b25b-73a9c9105e09@group-93C54FF6C4BB-SegmentedRaftLogWorker close()
2025-01-03 11:06:48,674 [e1b7d22e-2b77-47e1-b25b-73a9c9105e09-impl-thread3] INFO  ratis.ContainerStateMachine (ContainerStateMachine.java:notifyServerShutdown(970)) - group-93C54FF6C4BB is closed by HddsDatanodeService
2025-01-03 11:06:48,674 [JvmPauseMonitor20] INFO  util.JvmPauseMonitor (JvmPauseMonitor.java:run(152)) - JvmPauseMonitor-e1b7d22e-2b77-47e1-b25b-73a9c9105e09: Stopped
2025-01-03 11:06:48,959 [ForkJoinPool.commonPool-worker-1] INFO  ozoneimpl.OzoneContainer (OzoneContainer.java:stop(526)) - Attempting to stop container services.
2025-01-03 11:06:48,959 [ContainerMetadataScanner] WARN  ozoneimpl.AbstractBackgroundContainerScanner (AbstractBackgroundContainerScanner.java:handleRemainingSleep(134)) - Background container scan was interrupted.
2025-01-03 11:06:48,959 [ContainerMetadataScanner] INFO  ozoneimpl.AbstractBackgroundContainerScanner (AbstractBackgroundContainerScanner.java:run(61)) - Thread[#3574,ContainerMetadataScanner,5,main] exiting.
2025-01-03 11:06:48,959 [ForkJoinPool.commonPool-worker-1] INFO  ozoneimpl.BackgroundContainerDataScanner (BackgroundContainerDataScanner.java:shutdown(142)) - ContainerDataScanner(/home/runner/work/ozone/ozone/hadoop-ozone/integration-test/target/test-dir/MiniOzoneClusterImpl-3f159d52-719f-49ad-b6d4-3e7f01cb1845/ozone-meta/datanode-3/data-0/hdds) is shutting down. 
2025-01-03 11:06:48,959 [ContainerDataScanner(/home/runner/work/ozone/ozone/hadoop-ozone/integration-test/target/test-dir/MiniOzoneClusterImpl-3f159d52-719f-49ad-b6d4-3e7f01cb1845/ozone-meta/datanode-3/data-0/hdds)] WARN  ozoneimpl.AbstractBackgroundContainerScanner (AbstractBackgroundContainerScanner.java:handleRemainingSleep(134)) - Background container scan was interrupted.
2025-01-03 11:06:48,959 [ContainerDataScanner(/home/runner/work/ozone/ozone/hadoop-ozone/integration-test/target/test-dir/MiniOzoneClusterImpl-3f159d52-719f-49ad-b6d4-3e7f01cb1845/ozone-meta/datanode-3/data-0/hdds)] INFO  ozoneimpl.AbstractBackgroundContainerScanner (AbstractBackgroundContainerScanner.java:run(61)) - ContainerDataScanner(/home/runner/work/ozone/ozone/hadoop-ozone/integration-test/target/test-dir/MiniOzoneClusterImpl-3f159d52-719f-49ad-b6d4-3e7f01cb1845/ozone-meta/datanode-3/data-0/hdds, DS-5af1e6bf-8845-482d-a3aa-99143641a63f) exiting.
2025-01-03 11:06:48,959 [b3aae556-a738-441a-a487-b3abd5c550e9-EndpointStateMachineTaskThread-/127.0.0.1:15106-0 ] INFO  ipc.Client (Client.java:handleConnectionFailure(966)) - Retrying connect to server: localhost/127.0.0.1:15106. Already tried 0 time(s); retry policy is RetryUpToMaximumCountWithFixedSleep(maxRetries=15, sleepTime=1000 MILLISECONDS)
2025-01-03 11:06:48,960 [ForkJoinPool.commonPool-worker-1] INFO  ratis.XceiverServerRatis (XceiverServerRatis.java:stop(596)) - Closing XceiverServerRatis(b3aae556-a738-441a-a487-b3abd5c550e9)
2025-01-03 11:06:48,960 [ForkJoinPool.commonPool-worker-1] INFO  server.RaftServer (RaftServerProxy.java:lambda$close$9(417)) - b3aae556-a738-441a-a487-b3abd5c550e9: close
2025-01-03 11:06:48,960 [b3aae556-a738-441a-a487-b3abd5c550e9-impl-thread1] INFO  server.RaftServer$Division (RaftServerImpl.java:lambda$close$1(513)) - b3aae556-a738-441a-a487-b3abd5c550e9@group-1A241C729A68: shutdown
2025-01-03 11:06:48,960 [b3aae556-a738-441a-a487-b3abd5c550e9-impl-thread1] INFO  util.JmxRegister (JmxRegister.java:unregister(74)) - Successfully un-registered JMX Bean with object name Ratis:service=RaftServer,group=group-1A241C729A68,id=b3aae556-a738-441a-a487-b3abd5c550e9
2025-01-03 11:06:48,960 [b3aae556-a738-441a-a487-b3abd5c550e9-impl-thread1] INFO  impl.RoleInfo (RoleInfo.java:shutdownFollowerState(121)) - b3aae556-a738-441a-a487-b3abd5c550e9: shutdown b3aae556-a738-441a-a487-b3abd5c550e9@group-1A241C729A68-FollowerState
2025-01-03 11:06:48,960 [ForkJoinPool.commonPool-worker-1] INFO  server.GrpcService (GrpcService.java:closeImpl(343)) - b3aae556-a738-441a-a487-b3abd5c550e9: shutdown server GrpcServerProtocolService now
2025-01-03 11:06:48,960 [b3aae556-a738-441a-a487-b3abd5c550e9@group-1A241C729A68-FollowerState] INFO  impl.FollowerState (FollowerState.java:runImpl(170)) - b3aae556-a738-441a-a487-b3abd5c550e9@group-1A241C729A68-FollowerState was interrupted
2025-01-03 11:06:48,960 [b3aae556-a738-441a-a487-b3abd5c550e9-impl-thread2] INFO  server.RaftServer$Division (RaftServerImpl.java:lambda$close$1(513)) - b3aae556-a738-441a-a487-b3abd5c550e9@group-3B5CCC8D4EC5: shutdown
2025-01-03 11:06:48,961 [b3aae556-a738-441a-a487-b3abd5c550e9-impl-thread2] INFO  util.JmxRegister (JmxRegister.java:unregister(74)) - Successfully un-registered JMX Bean with object name Ratis:service=RaftServer,group=group-3B5CCC8D4EC5,id=b3aae556-a738-441a-a487-b3abd5c550e9
2025-01-03 11:06:48,961 [b3aae556-a738-441a-a487-b3abd5c550e9-impl-thread2] INFO  impl.RoleInfo (RoleInfo.java:shutdownLeaderState(103)) - b3aae556-a738-441a-a487-b3abd5c550e9: shutdown b3aae556-a738-441a-a487-b3abd5c550e9@group-3B5CCC8D4EC5-LeaderStateImpl
2025-01-03 11:06:48,961 [b3aae556-a738-441a-a487-b3abd5c550e9-impl-thread2] INFO  impl.PendingRequests (PendingRequests.java:sendNotLeaderResponses(287)) - b3aae556-a738-441a-a487-b3abd5c550e9@group-3B5CCC8D4EC5-PendingRequests: sendNotLeaderResponses
2025-01-03 11:06:48,960 [b3aae556-a738-441a-a487-b3abd5c550e9-impl-thread3] INFO  server.RaftServer$Division (RaftServerImpl.java:lambda$close$1(513)) - b3aae556-a738-441a-a487-b3abd5c550e9@group-93C54FF6C4BB: shutdown
2025-01-03 11:06:48,960 [b3aae556-a738-441a-a487-b3abd5c550e9-impl-thread1] INFO  impl.StateMachineUpdater (StateMachineUpdater.java:stopAndJoin(164)) - b3aae556-a738-441a-a487-b3abd5c550e9@group-1A241C729A68-StateMachineUpdater: set stopIndex = 0
2025-01-03 11:06:48,961 [b3aae556-a738-441a-a487-b3abd5c550e9-impl-thread3] INFO  util.JmxRegister (JmxRegister.java:unregister(74)) - Successfully un-registered JMX Bean with object name Ratis:service=RaftServer,group=group-93C54FF6C4BB,id=b3aae556-a738-441a-a487-b3abd5c550e9
2025-01-03 11:06:48,961 [b3aae556-a738-441a-a487-b3abd5c550e9-impl-thread3] INFO  impl.RoleInfo (RoleInfo.java:shutdownFollowerState(121)) - b3aae556-a738-441a-a487-b3abd5c550e9: shutdown b3aae556-a738-441a-a487-b3abd5c550e9@group-93C54FF6C4BB-FollowerState
2025-01-03 11:06:48,961 [b3aae556-a738-441a-a487-b3abd5c550e9@group-1A241C729A68-StateMachineUpdater] INFO  ratis.ContainerStateMachine (ContainerStateMachine.java:takeSnapshot(378)) - group-1A241C729A68: Taking a snapshot at:(t:1, i:0) file /home/runner/work/ozone/ozone/hadoop-ozone/integration-test/target/test-dir/MiniOzoneClusterImpl-3f159d52-719f-49ad-b6d4-3e7f01cb1845/ozone-meta/datanode-3/ratis/f4d05e04-8c97-4111-b48d-1a241c729a68/sm/snapshot.1_0
2025-01-03 11:06:48,962 [b3aae556-a738-441a-a487-b3abd5c550e9@group-3B5CCC8D4EC5-StateMachineUpdater] INFO  ratis.ContainerStateMachine (ContainerStateMachine.java:takeSnapshot(378)) - group-3B5CCC8D4EC5: Taking a snapshot at:(t:1, i:0) file /home/runner/work/ozone/ozone/hadoop-ozone/integration-test/target/test-dir/MiniOzoneClusterImpl-3f159d52-719f-49ad-b6d4-3e7f01cb1845/ozone-meta/datanode-3/ratis/b8e9b3cd-e71a-4ab9-8ec0-3b5ccc8d4ec5/sm/snapshot.1_0
2025-01-03 11:06:48,961 [b3aae556-a738-441a-a487-b3abd5c550e9@group-93C54FF6C4BB-FollowerState] INFO  impl.FollowerState (FollowerState.java:runImpl(170)) - b3aae556-a738-441a-a487-b3abd5c550e9@group-93C54FF6C4BB-FollowerState was interrupted
2025-01-03 11:06:48,962 [b3aae556-a738-441a-a487-b3abd5c550e9-impl-thread3] INFO  impl.StateMachineUpdater (StateMachineUpdater.java:stopAndJoin(164)) - b3aae556-a738-441a-a487-b3abd5c550e9@group-93C54FF6C4BB-StateMachineUpdater: set stopIndex = 0
2025-01-03 11:06:48,962 [b3aae556-a738-441a-a487-b3abd5c550e9@group-93C54FF6C4BB-StateMachineUpdater] INFO  ratis.ContainerStateMachine (ContainerStateMachine.java:takeSnapshot(378)) - group-93C54FF6C4BB: Taking a snapshot at:(t:1, i:0) file /home/runner/work/ozone/ozone/hadoop-ozone/integration-test/target/test-dir/MiniOzoneClusterImpl-3f159d52-719f-49ad-b6d4-3e7f01cb1845/ozone-meta/datanode-3/ratis/df10fce6-fd08-4c5a-a6e9-93c54ff6c4bb/sm/snapshot.1_0
2025-01-03 11:06:48,962 [b3aae556-a738-441a-a487-b3abd5c550e9-impl-thread2] INFO  impl.StateMachineUpdater (StateMachineUpdater.java:stopAndJoin(164)) - b3aae556-a738-441a-a487-b3abd5c550e9@group-3B5CCC8D4EC5-StateMachineUpdater: set stopIndex = 0
2025-01-03 11:06:48,963 [b3aae556-a738-441a-a487-b3abd5c550e9@group-3B5CCC8D4EC5-StateMachineUpdater] INFO  ratis.ContainerStateMachine (ContainerStateMachine.java:takeSnapshot(389)) - group-3B5CCC8D4EC5: Finished taking a snapshot at:(t:1, i:0) file:/home/runner/work/ozone/ozone/hadoop-ozone/integration-test/target/test-dir/MiniOzoneClusterImpl-3f159d52-719f-49ad-b6d4-3e7f01cb1845/ozone-meta/datanode-3/ratis/b8e9b3cd-e71a-4ab9-8ec0-3b5ccc8d4ec5/sm/snapshot.1_0 took: 1 ms
2025-01-03 11:06:48,963 [b3aae556-a738-441a-a487-b3abd5c550e9@group-1A241C729A68-StateMachineUpdater] INFO  ratis.ContainerStateMachine (ContainerStateMachine.java:takeSnapshot(389)) - group-1A241C729A68: Finished taking a snapshot at:(t:1, i:0) file:/home/runner/work/ozone/ozone/hadoop-ozone/integration-test/target/test-dir/MiniOzoneClusterImpl-3f159d52-719f-49ad-b6d4-3e7f01cb1845/ozone-meta/datanode-3/ratis/f4d05e04-8c97-4111-b48d-1a241c729a68/sm/snapshot.1_0 took: 2 ms
2025-01-03 11:06:48,963 [b3aae556-a738-441a-a487-b3abd5c550e9@group-3B5CCC8D4EC5-StateMachineUpdater] INFO  impl.StateMachineUpdater (StateMachineUpdater.java:takeSnapshot(303)) - b3aae556-a738-441a-a487-b3abd5c550e9@group-3B5CCC8D4EC5-StateMachineUpdater: Took a snapshot at index 0
2025-01-03 11:06:48,963 [b3aae556-a738-441a-a487-b3abd5c550e9@group-3B5CCC8D4EC5-StateMachineUpdater] INFO  impl.StateMachineUpdater (StateMachineUpdater.java:lambda$new$0(102)) - b3aae556-a738-441a-a487-b3abd5c550e9@group-3B5CCC8D4EC5-StateMachineUpdater: snapshotIndex: updateIncreasingly -1 -> 0
2025-01-03 11:06:48,963 [b3aae556-a738-441a-a487-b3abd5c550e9@group-1A241C729A68-StateMachineUpdater] INFO  impl.StateMachineUpdater (StateMachineUpdater.java:takeSnapshot(303)) - b3aae556-a738-441a-a487-b3abd5c550e9@group-1A241C729A68-StateMachineUpdater: Took a snapshot at index 0
2025-01-03 11:06:48,963 [b3aae556-a738-441a-a487-b3abd5c550e9@group-1A241C729A68-StateMachineUpdater] INFO  impl.StateMachineUpdater (StateMachineUpdater.java:lambda$new$0(102)) - b3aae556-a738-441a-a487-b3abd5c550e9@group-1A241C729A68-StateMachineUpdater: snapshotIndex: updateIncreasingly -1 -> 0
2025-01-03 11:06:48,964 [b3aae556-a738-441a-a487-b3abd5c550e9@group-1A241C729A68-StateMachineUpdater] INFO  impl.StateMachineUpdater (StateMachineUpdater.java:stop(141)) - b3aae556-a738-441a-a487-b3abd5c550e9@group-1A241C729A68-StateMachineUpdater: closing ContainerStateMachine, lastApplied=(t:1, i:0)
2025-01-03 11:06:48,963 [b3aae556-a738-441a-a487-b3abd5c550e9@group-3B5CCC8D4EC5-StateMachineUpdater] INFO  impl.StateMachineUpdater (StateMachineUpdater.java:stop(141)) - b3aae556-a738-441a-a487-b3abd5c550e9@group-3B5CCC8D4EC5-StateMachineUpdater: closing ContainerStateMachine, lastApplied=(t:1, i:0)
2025-01-03 11:06:48,963 [b3aae556-a738-441a-a487-b3abd5c550e9@group-93C54FF6C4BB-StateMachineUpdater] INFO  ratis.ContainerStateMachine (ContainerStateMachine.java:takeSnapshot(389)) - group-93C54FF6C4BB: Finished taking a snapshot at:(t:1, i:0) file:/home/runner/work/ozone/ozone/hadoop-ozone/integration-test/target/test-dir/MiniOzoneClusterImpl-3f159d52-719f-49ad-b6d4-3e7f01cb1845/ozone-meta/datanode-3/ratis/df10fce6-fd08-4c5a-a6e9-93c54ff6c4bb/sm/snapshot.1_0 took: 1 ms
2025-01-03 11:06:48,965 [b3aae556-a738-441a-a487-b3abd5c550e9@group-93C54FF6C4BB-StateMachineUpdater] INFO  impl.StateMachineUpdater (StateMachineUpdater.java:takeSnapshot(303)) - b3aae556-a738-441a-a487-b3abd5c550e9@group-93C54FF6C4BB-StateMachineUpdater: Took a snapshot at index 0
2025-01-03 11:06:48,965 [b3aae556-a738-441a-a487-b3abd5c550e9@group-93C54FF6C4BB-StateMachineUpdater] INFO  impl.StateMachineUpdater (StateMachineUpdater.java:lambda$new$0(102)) - b3aae556-a738-441a-a487-b3abd5c550e9@group-93C54FF6C4BB-StateMachineUpdater: snapshotIndex: updateIncreasingly -1 -> 0
2025-01-03 11:06:48,965 [b3aae556-a738-441a-a487-b3abd5c550e9@group-93C54FF6C4BB-StateMachineUpdater] INFO  impl.StateMachineUpdater (StateMachineUpdater.java:stop(141)) - b3aae556-a738-441a-a487-b3abd5c550e9@group-93C54FF6C4BB-StateMachineUpdater: closing ContainerStateMachine, lastApplied=(t:1, i:0)
2025-01-03 11:06:48,964 [b3aae556-a738-441a-a487-b3abd5c550e9@group-1A241C729A68-cacheEviction-AwaitToRun] INFO  util.AwaitToRun (AwaitToRun.java:run(49)) - b3aae556-a738-441a-a487-b3abd5c550e9@group-1A241C729A68-cacheEviction-AwaitToRun-AwaitForSignal is interrupted
2025-01-03 11:06:48,965 [b3aae556-a738-441a-a487-b3abd5c550e9@group-93C54FF6C4BB-cacheEviction-AwaitToRun] INFO  util.AwaitToRun (AwaitToRun.java:run(49)) - b3aae556-a738-441a-a487-b3abd5c550e9@group-93C54FF6C4BB-cacheEviction-AwaitToRun-AwaitForSignal is interrupted
2025-01-03 11:06:48,965 [b3aae556-a738-441a-a487-b3abd5c550e9@group-3B5CCC8D4EC5-cacheEviction-AwaitToRun] INFO  util.AwaitToRun (AwaitToRun.java:run(49)) - b3aae556-a738-441a-a487-b3abd5c550e9@group-3B5CCC8D4EC5-cacheEviction-AwaitToRun-AwaitForSignal is interrupted
2025-01-03 11:06:48,966 [ForkJoinPool.commonPool-worker-1] INFO  server.GrpcService (GrpcService.java:closeImpl(352)) - b3aae556-a738-441a-a487-b3abd5c550e9: shutdown server GrpcServerProtocolService successfully
2025-01-03 11:06:48,969 [b3aae556-a738-441a-a487-b3abd5c550e9-NettyServerStreamRpc-bossGroup--thread1] INFO  logging.LoggingHandler (AbstractInternalLogger.java:log(148)) - [id: 0xda740ba1, L:/0.0.0.0:15151] CLOSE
2025-01-03 11:06:48,969 [b3aae556-a738-441a-a487-b3abd5c550e9-NettyServerStreamRpc-bossGroup--thread1] INFO  logging.LoggingHandler (AbstractInternalLogger.java:log(148)) - [id: 0xda740ba1, L:/0.0.0.0:15151] INACTIVE
2025-01-03 11:06:48,969 [b3aae556-a738-441a-a487-b3abd5c550e9-NettyServerStreamRpc-bossGroup--thread1] INFO  logging.LoggingHandler (AbstractInternalLogger.java:log(148)) - [id: 0xda740ba1, L:/0.0.0.0:15151] UNREGISTERED
2025-01-03 11:06:48,973 [b3aae556-a738-441a-a487-b3abd5c550e9-impl-thread2] INFO  segmented.SegmentedRaftLogWorker (SegmentedRaftLogWorker.java:close(252)) - b3aae556-a738-441a-a487-b3abd5c550e9@group-3B5CCC8D4EC5-SegmentedRaftLogWorker close()
2025-01-03 11:06:48,973 [b3aae556-a738-441a-a487-b3abd5c550e9-impl-thread2] INFO  ratis.ContainerStateMachine (ContainerStateMachine.java:notifyServerShutdown(970)) - group-3B5CCC8D4EC5 is closed by HddsDatanodeService
2025-01-03 11:06:49,000 [timer5] WARN  server.GrpcLogAppender (LogUtils.java:warn(121)) - omNode-1@group-0AAC5367B30E->omNode-2-AppendLogResponseHandler: Failed appendEntries (Repeated 10 times in the last 5.000s): org.apache.ratis.thirdparty.io.grpc.StatusRuntimeException: UNAVAILABLE: io exception
2025-01-03 11:06:49,001 [timer6] WARN  server.GrpcLogAppender (GrpcLogAppender.java:lambda$resetClient$1(221)) - omNode-1@group-0AAC5367B30E->omNode-2-GrpcLogAppender: Follower failed (request=null, errorCount=8); keep nextIndex (9) unchanged and retry. (Repeated 8 times in the last 5.001s)
2025-01-03 11:06:49,534 [b3aae556-a738-441a-a487-b3abd5c550e9-impl-thread1] INFO  segmented.SegmentedRaftLogWorker (SegmentedRaftLogWorker.java:close(252)) - b3aae556-a738-441a-a487-b3abd5c550e9@group-1A241C729A68-SegmentedRaftLogWorker close()
2025-01-03 11:06:49,534 [b3aae556-a738-441a-a487-b3abd5c550e9-impl-thread1] INFO  ratis.ContainerStateMachine (ContainerStateMachine.java:notifyServerShutdown(970)) - group-1A241C729A68 is closed by HddsDatanodeService
2025-01-03 11:06:49,681 [b3aae556-a738-441a-a487-b3abd5c550e9-impl-thread3] INFO  segmented.SegmentedRaftLogWorker (SegmentedRaftLogWorker.java:close(252)) - b3aae556-a738-441a-a487-b3abd5c550e9@group-93C54FF6C4BB-SegmentedRaftLogWorker close()
2025-01-03 11:06:49,681 [b3aae556-a738-441a-a487-b3abd5c550e9-impl-thread3] INFO  ratis.ContainerStateMachine (ContainerStateMachine.java:notifyServerShutdown(970)) - group-93C54FF6C4BB is closed by HddsDatanodeService
2025-01-03 11:06:49,681 [JvmPauseMonitor22] INFO  util.JvmPauseMonitor (JvmPauseMonitor.java:run(152)) - JvmPauseMonitor-b3aae556-a738-441a-a487-b3abd5c550e9: Stopped
2025-01-03 11:06:49,960 [b3aae556-a738-441a-a487-b3abd5c550e9-EndpointStateMachineTaskThread-/127.0.0.1:15106-0 ] INFO  ipc.Client (Client.java:handleConnectionFailure(966)) - Retrying connect to server: localhost/127.0.0.1:15106. Already tried 1 time(s); retry policy is RetryUpToMaximumCountWithFixedSleep(maxRetries=15, sleepTime=1000 MILLISECONDS)
2025-01-03 11:06:50,008 [timer1] WARN  server.GrpcLogAppender (GrpcLogAppender.java:lambda$resetClient$1(221)) - omNode-1@group-0AAC5367B30E->omNode-2-GrpcLogAppender: Follower failed (request=null, errorCount=10); keep nextIndex (10) unchanged and retry. (Repeated 2 times in the last 5.000s)
2025-01-03 11:06:50,202 [timer7] WARN  server.GrpcLogAppender (GrpcLogAppender.java:lambda$resetClient$1(221)) - omNode-1@group-0AAC5367B30E->omNode-3-GrpcLogAppender: Follower failed (request=null, errorCount=10); keep nextIndex (13) unchanged and retry. (Repeated 10 times in the last 5.000s)
2025-01-03 11:06:50,202 [timer6] WARN  server.GrpcLogAppender (LogUtils.java:warn(121)) - omNode-1@group-0AAC5367B30E->omNode-3-AppendLogResponseHandler: Failed appendEntries (Repeated 10 times in the last 5.000s): org.apache.ratis.thirdparty.io.grpc.StatusRuntimeException: UNAVAILABLE: io exception
2025-01-03 11:06:50,669 [main] INFO  utils.DatanodeStoreCache (DatanodeStoreCache.java:shutdownCache(116)) - Skip clearing cache in mini cluster mode. Entries left: [/home/runner/work/ozone/ozone/hadoop-ozone/integration-test/target/test-dir/MiniOzoneClusterImpl-3f159d52-719f-49ad-b6d4-3e7f01cb1845/ozone-meta/datanode-1/data-0/hdds/3f159d52-719f-49ad-b6d4-3e7f01cb1845/DS-bbba79f1-8f2b-4a21-9957-cbc4d35c5325/container.db, /home/runner/work/ozone/ozone/hadoop-ozone/integration-test/target/test-dir/MiniOzoneClusterImpl-3f159d52-719f-49ad-b6d4-3e7f01cb1845/ozone-meta/datanode-2/data-0/hdds/3f159d52-719f-49ad-b6d4-3e7f01cb1845/DS-9cb871ef-9fcc-4d48-8eed-fa921b9b6f65/container.db, /home/runner/work/ozone/ozone/hadoop-ozone/integration-test/target/test-dir/MiniOzoneClusterImpl-3f159d52-719f-49ad-b6d4-3e7f01cb1845/ozone-meta/datanode-3/data-0/hdds/3f159d52-719f-49ad-b6d4-3e7f01cb1845/DS-5af1e6bf-8845-482d-a3aa-99143641a63f/container.db]
2025-01-03 11:06:50,671 [main] INFO  utils.DatanodeStoreCache (DatanodeStoreCache.java:removeDB(110)) - Removed db /home/runner/work/ozone/ozone/hadoop-ozone/integration-test/target/test-dir/MiniOzoneClusterImpl-3f159d52-719f-49ad-b6d4-3e7f01cb1845/ozone-meta/datanode-2/data-0/hdds/3f159d52-719f-49ad-b6d4-3e7f01cb1845/DS-9cb871ef-9fcc-4d48-8eed-fa921b9b6f65/container.db from cache
2025-01-03 11:06:50,671 [main] INFO  volume.HddsVolume (HddsVolume.java:closeDbStore(480)) - SchemaV3 db is stopped at /home/runner/work/ozone/ozone/hadoop-ozone/integration-test/target/test-dir/MiniOzoneClusterImpl-3f159d52-719f-49ad-b6d4-3e7f01cb1845/ozone-meta/datanode-2/data-0/hdds/3f159d52-719f-49ad-b6d4-3e7f01cb1845/DS-9cb871ef-9fcc-4d48-8eed-fa921b9b6f65/container.db for volume DS-9cb871ef-9fcc-4d48-8eed-fa921b9b6f65
2025-01-03 11:06:50,671 [main] INFO  utils.BackgroundService (BackgroundService.java:shutdown(163)) - Shutting down service BlockDeletingService
2025-01-03 11:06:50,671 [main] INFO  utils.BackgroundService (BackgroundService.java:shutdown(163)) - Shutting down service StaleRecoveringContainerScrubbingService
2025-01-03 11:06:50,673 [main] INFO  statemachine.DatanodeStateMachine (DatanodeStateMachine.java:stopDaemon(626)) - Ozone container server stopped.
2025-01-03 11:06:50,677 [ForkJoinPool.commonPool-worker-3] INFO  utils.DatanodeStoreCache (DatanodeStoreCache.java:shutdownCache(116)) - Skip clearing cache in mini cluster mode. Entries left: [/home/runner/work/ozone/ozone/hadoop-ozone/integration-test/target/test-dir/MiniOzoneClusterImpl-3f159d52-719f-49ad-b6d4-3e7f01cb1845/ozone-meta/datanode-1/data-0/hdds/3f159d52-719f-49ad-b6d4-3e7f01cb1845/DS-bbba79f1-8f2b-4a21-9957-cbc4d35c5325/container.db, /home/runner/work/ozone/ozone/hadoop-ozone/integration-test/target/test-dir/MiniOzoneClusterImpl-3f159d52-719f-49ad-b6d4-3e7f01cb1845/ozone-meta/datanode-3/data-0/hdds/3f159d52-719f-49ad-b6d4-3e7f01cb1845/DS-5af1e6bf-8845-482d-a3aa-99143641a63f/container.db]
2025-01-03 11:06:50,678 [ForkJoinPool.commonPool-worker-3] INFO  utils.DatanodeStoreCache (DatanodeStoreCache.java:removeDB(110)) - Removed db /home/runner/work/ozone/ozone/hadoop-ozone/integration-test/target/test-dir/MiniOzoneClusterImpl-3f159d52-719f-49ad-b6d4-3e7f01cb1845/ozone-meta/datanode-1/data-0/hdds/3f159d52-719f-49ad-b6d4-3e7f01cb1845/DS-bbba79f1-8f2b-4a21-9957-cbc4d35c5325/container.db from cache
2025-01-03 11:06:50,678 [ForkJoinPool.commonPool-worker-3] INFO  volume.HddsVolume (HddsVolume.java:closeDbStore(480)) - SchemaV3 db is stopped at /home/runner/work/ozone/ozone/hadoop-ozone/integration-test/target/test-dir/MiniOzoneClusterImpl-3f159d52-719f-49ad-b6d4-3e7f01cb1845/ozone-meta/datanode-1/data-0/hdds/3f159d52-719f-49ad-b6d4-3e7f01cb1845/DS-bbba79f1-8f2b-4a21-9957-cbc4d35c5325/container.db for volume DS-bbba79f1-8f2b-4a21-9957-cbc4d35c5325
2025-01-03 11:06:50,678 [ForkJoinPool.commonPool-worker-3] INFO  utils.BackgroundService (BackgroundService.java:shutdown(163)) - Shutting down service BlockDeletingService
2025-01-03 11:06:50,678 [ForkJoinPool.commonPool-worker-3] INFO  utils.BackgroundService (BackgroundService.java:shutdown(163)) - Shutting down service StaleRecoveringContainerScrubbingService
2025-01-03 11:06:50,679 [ForkJoinPool.commonPool-worker-3] INFO  statemachine.DatanodeStateMachine (DatanodeStateMachine.java:stopDaemon(626)) - Ozone container server stopped.
2025-01-03 11:06:50,687 [main] INFO  handler.ContextHandler (ContextHandler.java:doStop(1159)) - Stopped o.e.j.w.WebAppContext@4a4b3025{hddsDatanode,/,null,STOPPED}{jar:file:/home/runner/work/ozone/ozone/hadoop-hdds/container-service/target/hdds-container-service-2.0.0-SNAPSHOT.jar!/webapps/hddsDatanode}
2025-01-03 11:06:50,688 [main] INFO  server.AbstractConnector (AbstractConnector.java:doStop(383)) - Stopped ServerConnector@67a31d12{HTTP/1.1, (http/1.1)}{0.0.0.0:15136}
2025-01-03 11:06:50,688 [main] INFO  server.session (HouseKeeper.java:stopScavenging(149)) - node0 Stopped scavenging
2025-01-03 11:06:50,688 [main] INFO  handler.ContextHandler (ContextHandler.java:doStop(1159)) - Stopped o.e.j.s.ServletContextHandler@2579b781{static,/static,jar:file:/home/runner/work/ozone/ozone/hadoop-hdds/container-service/target/hdds-container-service-2.0.0-SNAPSHOT.jar!/webapps/static,STOPPED}
2025-01-03 11:06:50,688 [main] INFO  handler.ContextHandler (ContextHandler.java:doStop(1159)) - Stopped o.e.j.s.ServletContextHandler@31ab743f{logs,/logs,file:///home/runner/work/ozone/ozone/hadoop-ozone/integration-test/target/log,STOPPED}
2025-01-03 11:06:50,689 [main] INFO  ozone.HddsDatanodeClientProtocolServer (HddsDatanodeClientProtocolServer.java:stop(85)) - Stopping the RPC server for Client Protocol
2025-01-03 11:06:50,689 [main] INFO  ipc.Server (Server.java:stop(3697)) - Stopping server on 15137
2025-01-03 11:06:50,690 [IPC Server listener on 15137] INFO  ipc.Server (Server.java:run(1585)) - Stopping IPC Server listener on 15137
2025-01-03 11:06:50,690 [IPC Server Responder] INFO  ipc.Server (Server.java:run(1718)) - Stopping IPC Server Responder
2025-01-03 11:06:50,693 [ForkJoinPool.commonPool-worker-3] INFO  handler.ContextHandler (ContextHandler.java:doStop(1159)) - Stopped o.e.j.w.WebAppContext@6892b8fd{hddsDatanode,/,null,STOPPED}{jar:file:/home/runner/work/ozone/ozone/hadoop-hdds/container-service/target/hdds-container-service-2.0.0-SNAPSHOT.jar!/webapps/hddsDatanode}
2025-01-03 11:06:50,694 [ForkJoinPool.commonPool-worker-3] INFO  server.AbstractConnector (AbstractConnector.java:doStop(383)) - Stopped ServerConnector@69513b63{HTTP/1.1, (http/1.1)}{0.0.0.0:15127}
2025-01-03 11:06:50,694 [ForkJoinPool.commonPool-worker-3] INFO  server.session (HouseKeeper.java:stopScavenging(149)) - node0 Stopped scavenging
2025-01-03 11:06:50,694 [ForkJoinPool.commonPool-worker-3] INFO  handler.ContextHandler (ContextHandler.java:doStop(1159)) - Stopped o.e.j.s.ServletContextHandler@562ae5d8{static,/static,jar:file:/home/runner/work/ozone/ozone/hadoop-hdds/container-service/target/hdds-container-service-2.0.0-SNAPSHOT.jar!/webapps/static,STOPPED}
2025-01-03 11:06:50,694 [ForkJoinPool.commonPool-worker-3] INFO  handler.ContextHandler (ContextHandler.java:doStop(1159)) - Stopped o.e.j.s.ServletContextHandler@6094cec2{logs,/logs,file:///home/runner/work/ozone/ozone/hadoop-ozone/integration-test/target/log,STOPPED}
2025-01-03 11:06:50,694 [ForkJoinPool.commonPool-worker-3] INFO  ozone.HddsDatanodeClientProtocolServer (HddsDatanodeClientProtocolServer.java:stop(85)) - Stopping the RPC server for Client Protocol
2025-01-03 11:06:50,695 [ForkJoinPool.commonPool-worker-3] INFO  ipc.Server (Server.java:stop(3697)) - Stopping server on 15128
2025-01-03 11:06:50,695 [IPC Server listener on 15128] INFO  ipc.Server (Server.java:run(1585)) - Stopping IPC Server listener on 15128
2025-01-03 11:06:50,695 [IPC Server Responder] INFO  ipc.Server (Server.java:run(1718)) - Stopping IPC Server Responder
2025-01-03 11:06:50,960 [b3aae556-a738-441a-a487-b3abd5c550e9-EndpointStateMachineTaskThread-/127.0.0.1:15106-0 ] INFO  ipc.Client (Client.java:handleConnectionFailure(966)) - Retrying connect to server: localhost/127.0.0.1:15106. Already tried 2 time(s); retry policy is RetryUpToMaximumCountWithFixedSleep(maxRetries=15, sleepTime=1000 MILLISECONDS)
2025-01-03 11:06:51,684 [ForkJoinPool.commonPool-worker-1] INFO  utils.DatanodeStoreCache (DatanodeStoreCache.java:shutdownCache(116)) - Skip clearing cache in mini cluster mode. Entries left: [/home/runner/work/ozone/ozone/hadoop-ozone/integration-test/target/test-dir/MiniOzoneClusterImpl-3f159d52-719f-49ad-b6d4-3e7f01cb1845/ozone-meta/datanode-3/data-0/hdds/3f159d52-719f-49ad-b6d4-3e7f01cb1845/DS-5af1e6bf-8845-482d-a3aa-99143641a63f/container.db]
2025-01-03 11:06:51,685 [ForkJoinPool.commonPool-worker-1] INFO  utils.DatanodeStoreCache (DatanodeStoreCache.java:removeDB(110)) - Removed db /home/runner/work/ozone/ozone/hadoop-ozone/integration-test/target/test-dir/MiniOzoneClusterImpl-3f159d52-719f-49ad-b6d4-3e7f01cb1845/ozone-meta/datanode-3/data-0/hdds/3f159d52-719f-49ad-b6d4-3e7f01cb1845/DS-5af1e6bf-8845-482d-a3aa-99143641a63f/container.db from cache
2025-01-03 11:06:51,685 [ForkJoinPool.commonPool-worker-1] INFO  volume.HddsVolume (HddsVolume.java:closeDbStore(480)) - SchemaV3 db is stopped at /home/runner/work/ozone/ozone/hadoop-ozone/integration-test/target/test-dir/MiniOzoneClusterImpl-3f159d52-719f-49ad-b6d4-3e7f01cb1845/ozone-meta/datanode-3/data-0/hdds/3f159d52-719f-49ad-b6d4-3e7f01cb1845/DS-5af1e6bf-8845-482d-a3aa-99143641a63f/container.db for volume DS-5af1e6bf-8845-482d-a3aa-99143641a63f
2025-01-03 11:06:51,685 [ForkJoinPool.commonPool-worker-1] INFO  utils.BackgroundService (BackgroundService.java:shutdown(163)) - Shutting down service BlockDeletingService
2025-01-03 11:06:51,686 [ForkJoinPool.commonPool-worker-1] INFO  utils.BackgroundService (BackgroundService.java:shutdown(163)) - Shutting down service StaleRecoveringContainerScrubbingService
2025-01-03 11:06:51,687 [ForkJoinPool.commonPool-worker-1] INFO  statemachine.DatanodeStateMachine (DatanodeStateMachine.java:stopDaemon(626)) - Ozone container server stopped.
2025-01-03 11:06:51,699 [ForkJoinPool.commonPool-worker-1] INFO  handler.ContextHandler (ContextHandler.java:doStop(1159)) - Stopped o.e.j.w.WebAppContext@1cc02071{hddsDatanode,/,null,STOPPED}{jar:file:/home/runner/work/ozone/ozone/hadoop-hdds/container-service/target/hdds-container-service-2.0.0-SNAPSHOT.jar!/webapps/hddsDatanode}
2025-01-03 11:06:51,700 [ForkJoinPool.commonPool-worker-1] INFO  server.AbstractConnector (AbstractConnector.java:doStop(383)) - Stopped ServerConnector@75403804{HTTP/1.1, (http/1.1)}{0.0.0.0:15145}
2025-01-03 11:06:51,700 [ForkJoinPool.commonPool-worker-1] INFO  server.session (HouseKeeper.java:stopScavenging(149)) - node0 Stopped scavenging
2025-01-03 11:06:51,700 [ForkJoinPool.commonPool-worker-1] INFO  handler.ContextHandler (ContextHandler.java:doStop(1159)) - Stopped o.e.j.s.ServletContextHandler@1988cca8{static,/static,jar:file:/home/runner/work/ozone/ozone/hadoop-hdds/container-service/target/hdds-container-service-2.0.0-SNAPSHOT.jar!/webapps/static,STOPPED}
2025-01-03 11:06:51,700 [ForkJoinPool.commonPool-worker-1] INFO  handler.ContextHandler (ContextHandler.java:doStop(1159)) - Stopped o.e.j.s.ServletContextHandler@7b75d369{logs,/logs,file:///home/runner/work/ozone/ozone/hadoop-ozone/integration-test/target/log,STOPPED}
2025-01-03 11:06:51,700 [ForkJoinPool.commonPool-worker-1] INFO  ozone.HddsDatanodeClientProtocolServer (HddsDatanodeClientProtocolServer.java:stop(85)) - Stopping the RPC server for Client Protocol
2025-01-03 11:06:51,700 [ForkJoinPool.commonPool-worker-1] INFO  ipc.Server (Server.java:stop(3697)) - Stopping server on 15146
2025-01-03 11:06:51,701 [IPC Server listener on 15146] INFO  ipc.Server (Server.java:run(1585)) - Stopping IPC Server listener on 15146
2025-01-03 11:06:51,701 [IPC Server Responder] INFO  ipc.Server (Server.java:run(1718)) - Stopping IPC Server Responder
]]></system-out>
  </testcase>
</testsuite>