<?xml version="1.0" encoding="UTF-8"?>
<testsuite xmlns:xsi="http://www.w3.org/2001/XMLSchema-instance" xsi:noNamespaceSchemaLocation="https://maven.apache.org/surefire/maven-surefire-plugin/xsd/surefire-test-report-3.0.xsd" version="3.0" name="org.apache.hadoop.ozone.TestSecureOzoneCluster" time="138.628" tests="16" errors="0" skipped="2" failures="1">
  <properties>
    <property name="awt.toolkit" value="sun.awt.X11.XToolkit"/>
    <property name="file.encoding.pkg" value="sun.io"/>
    <property name="java.specification.version" value="1.8"/>
    <property name="sun.cpu.isalist" value=""/>
    <property name="sun.jnu.encoding" value="UTF-8"/>
    <property name="java.class.path" value="/home/runner/work/ozone/ozone/hadoop-ozone/integration-test/target/test-classes:/home/runner/work/ozone/ozone/hadoop-ozone/integration-test/target/classes:/home/runner/.m2/repository/org/apache/ozone/ozone-common/1.4.0-SNAPSHOT/ozone-common-1.4.0-SNAPSHOT.jar:/home/runner/.m2/repository/io/grpc/grpc-netty/1.51.1/grpc-netty-1.51.1.jar:/home/runner/.m2/repository/io/grpc/grpc-core/1.51.1/grpc-core-1.51.1.jar:/home/runner/.m2/repository/com/google/android/annotations/4.1.1.4/annotations-4.1.1.4.jar:/home/runner/.m2/repository/org/codehaus/mojo/animal-sniffer-annotations/1.21/animal-sniffer-annotations-1.21.jar:/home/runner/.m2/repository/com/google/errorprone/error_prone_annotations/2.2.0/error_prone_annotations-2.2.0.jar:/home/runner/.m2/repository/io/perfmark/perfmark-api/0.25.0/perfmark-api-0.25.0.jar:/home/runner/.m2/repository/io/netty/netty-codec-http2/4.1.94.Final/netty-codec-http2-4.1.94.Final.jar:/home/runner/.m2/repository/io/netty/netty-common/4.1.94.Final/netty-common-4.1.94.Final.jar:/home/runner/.m2/repository/io/netty/netty-buffer/4.1.94.Final/netty-buffer-4.1.94.Final.jar:/home/runner/.m2/repository/io/netty/netty-codec-http/4.1.94.Final/netty-codec-http-4.1.94.Final.jar:/home/runner/.m2/repository/io/netty/netty-handler-proxy/4.1.94.Final/netty-handler-proxy-4.1.94.Final.jar:/home/runner/.m2/repository/io/netty/netty-codec-socks/4.1.94.Final/netty-codec-socks-4.1.94.Final.jar:/home/runner/.m2/repository/io/netty/netty-tcnative-boringssl-static/2.0.61.Final/netty-tcnative-boringssl-static-2.0.61.Final.jar:/home/runner/.m2/repository/io/netty/netty-tcnative-classes/2.0.61.Final/netty-tcnative-classes-2.0.61.Final.jar:/home/runner/.m2/repository/io/netty/netty-tcnative-boringssl-static/2.0.61.Final/netty-tcnative-boringssl-static-2.0.61.Final-linux-x86_64.jar:/home/runner/.m2/repository/io/netty/netty-tcnative-boringssl-static/2.0.61.Final/netty-tcnative-boringssl-static-2.0.61.Final-linux-aarch_64.jar:/home/runner/.m2/repository/io/netty/netty-tcnative-boringssl-static/2.0.61.Final/netty-tcnative-boringssl-static-2.0.61.Final-osx-x86_64.jar:/home/runner/.m2/repository/io/netty/netty-tcnative-boringssl-static/2.0.61.Final/netty-tcnative-boringssl-static-2.0.61.Final-osx-aarch_64.jar:/home/runner/.m2/repository/io/netty/netty-tcnative-boringssl-static/2.0.61.Final/netty-tcnative-boringssl-static-2.0.61.Final-windows-x86_64.jar:/home/runner/.m2/repository/org/apache/commons/commons-compress/1.21/commons-compress-1.21.jar:/home/runner/.m2/repository/org/apache/ozone/hdds-common/1.4.0-SNAPSHOT/hdds-common-1.4.0-SNAPSHOT.jar:/home/runner/.m2/repository/org/apache/ozone/hdds-client/1.4.0-SNAPSHOT/hdds-client-1.4.0-SNAPSHOT.jar:/home/runner/.m2/repository/org/apache/ozone/ozone-interface-client/1.4.0-SNAPSHOT/ozone-interface-client-1.4.0-SNAPSHOT.jar:/home/runner/.m2/repository/org/apache/hadoop/hadoop-hdfs-client/3.3.6/hadoop-hdfs-client-3.3.6.jar:/home/runner/.m2/repository/com/squareup/okhttp3/okhttp/4.9.3/okhttp-4.9.3.jar:/home/runner/.m2/repository/com/squareup/okio/okio/3.4.0/okio-3.4.0.jar:/home/runner/.m2/repository/com/squareup/okio/okio-jvm/3.4.0/okio-jvm-3.4.0.jar:/home/runner/.m2/repository/org/jetbrains/kotlin/kotlin-stdlib-jdk8/1.8.0/kotlin-stdlib-jdk8-1.8.0.jar:/home/runner/.m2/repository/org/jetbrains/kotlin/kotlin-stdlib-jdk7/1.8.0/kotlin-stdlib-jdk7-1.8.0.jar:/home/runner/.m2/repository/org/jetbrains/kotlin/kotlin-stdlib-common/1.6.21/kotlin-stdlib-common-1.6.21.jar:/home/runner/.m2/repository/org/apache/ozone/hdds-test-utils/1.4.0-SNAPSHOT/hdds-test-utils-1.4.0-SNAPSHOT.jar:/home/runner/.m2/repository/com/google/guava/guava/32.0.0-jre/guava-32.0.0-jre.jar:/home/runner/.m2/repository/com/google/guava/failureaccess/1.0.1/failureaccess-1.0.1.jar:/home/runner/.m2/repository/com/google/guava/listenablefuture/9999.0-empty-to-avoid-conflict-with-guava/listenablefuture-9999.0-empty-to-avoid-conflict-with-guava.jar:/home/runner/.m2/repository/com/google/code/findbugs/jsr305/3.0.0/jsr305-3.0.0.jar:/home/runner/.m2/repository/org/checkerframework/checker-qual/3.33.0/checker-qual-3.33.0.jar:/home/runner/.m2/repository/com/google/j2objc/j2objc-annotations/2.8/j2objc-annotations-2.8.jar:/home/runner/.m2/repository/commons-io/commons-io/2.11.0/commons-io-2.11.0.jar:/home/runner/.m2/repository/commons-logging/commons-logging/1.2/commons-logging-1.2.jar:/home/runner/.m2/repository/ch/qos/reload4j/reload4j/1.2.22/reload4j-1.2.22.jar:/home/runner/.m2/repository/org/slf4j/slf4j-api/1.7.36/slf4j-api-1.7.36.jar:/home/runner/.m2/repository/org/apache/logging/log4j/log4j-api/2.17.1/log4j-api-2.17.1.jar:/home/runner/.m2/repository/org/apache/ozone/hdds-server-scm/1.4.0-SNAPSHOT/hdds-server-scm-1.4.0-SNAPSHOT.jar:/home/runner/.m2/repository/org/apache/ozone/hdds-container-service/1.4.0-SNAPSHOT/hdds-container-service-1.4.0-SNAPSHOT.jar:/home/runner/.m2/repository/org/apache/ozone/hdds-hadoop-dependency-server/1.4.0-SNAPSHOT/hdds-hadoop-dependency-server-1.4.0-SNAPSHOT.jar:/home/runner/.m2/repository/org/apache/hadoop/hadoop-hdfs/3.3.6/hadoop-hdfs-3.3.6.jar:/home/runner/.m2/repository/commons-daemon/commons-daemon/1.0.13/commons-daemon-1.0.13.jar:/home/runner/.m2/repository/org/apache/ozone/hdds-server-framework/1.4.0-SNAPSHOT/hdds-server-framework-1.4.0-SNAPSHOT.jar:/home/runner/.m2/repository/io/dropwizard/metrics/metrics-core/3.2.4/metrics-core-3.2.4.jar:/home/runner/.m2/repository/org/apache/commons/commons-text/1.10.0/commons-text-1.10.0.jar:/home/runner/.m2/repository/org/bouncycastle/bcprov-jdk15on/1.67/bcprov-jdk15on-1.67.jar:/home/runner/.m2/repository/com/google/protobuf/protobuf-java/2.5.0/protobuf-java-2.5.0.jar:/home/runner/.m2/repository/org/apache/ozone/hdds-server-framework/1.4.0-SNAPSHOT/hdds-server-framework-1.4.0-SNAPSHOT-tests.jar:/home/runner/.m2/repository/org/apache/ozone/hdds-interface-server/1.4.0-SNAPSHOT/hdds-interface-server-1.4.0-SNAPSHOT.jar:/home/runner/.m2/repository/org/apache/ozone/hdds-interface-admin/1.4.0-SNAPSHOT/hdds-interface-admin-1.4.0-SNAPSHOT.jar:/home/runner/.m2/repository/org/apache/ozone/hdds-managed-rocksdb/1.4.0-SNAPSHOT/hdds-managed-rocksdb-1.4.0-SNAPSHOT.jar:/home/runner/.m2/repository/org/rocksdb/rocksdbjni/7.7.3/rocksdbjni-7.7.3.jar:/home/runner/.m2/repository/org/slf4j/slf4j-reload4j/1.7.36/slf4j-reload4j-1.7.36.jar:/home/runner/.m2/repository/org/apache/commons/commons-configuration2/2.1.1/commons-configuration2-2.1.1.jar:/home/runner/.m2/repository/commons-fileupload/commons-fileupload/1.5/commons-fileupload-1.5.jar:/home/runner/.m2/repository/org/apache/logging/log4j/log4j-core/2.17.1/log4j-core-2.17.1.jar:/home/runner/.m2/repository/com/lmax/disruptor/3.4.2/disruptor-3.4.2.jar:/home/runner/.m2/repository/org/eclipse/jetty/jetty-util/9.4.51.v20230217/jetty-util-9.4.51.v20230217.jar:/home/runner/.m2/repository/org/eclipse/jetty/jetty-server/9.4.51.v20230217/jetty-server-9.4.51.v20230217.jar:/home/runner/.m2/repository/org/eclipse/jetty/jetty-http/9.4.51.v20230217/jetty-http-9.4.51.v20230217.jar:/home/runner/.m2/repository/org/eclipse/jetty/jetty-io/9.4.51.v20230217/jetty-io-9.4.51.v20230217.jar:/home/runner/.m2/repository/org/eclipse/jetty/jetty-servlet/9.4.51.v20230217/jetty-servlet-9.4.51.v20230217.jar:/home/runner/.m2/repository/org/eclipse/jetty/jetty-security/9.4.51.v20230217/jetty-security-9.4.51.v20230217.jar:/home/runner/.m2/repository/org/eclipse/jetty/jetty-util-ajax/9.4.51.v20230217/jetty-util-ajax-9.4.51.v20230217.jar:/home/runner/.m2/repository/org/eclipse/jetty/jetty-webapp/9.4.51.v20230217/jetty-webapp-9.4.51.v20230217.jar:/home/runner/.m2/repository/org/eclipse/jetty/jetty-xml/9.4.51.v20230217/jetty-xml-9.4.51.v20230217.jar:/home/runner/.m2/repository/org/apache/ratis/ratis-server/2.5.1/ratis-server-2.5.1.jar:/home/runner/.m2/repository/org/apache/ratis/ratis-thirdparty-misc/1.0.4/ratis-thirdparty-misc-1.0.4.jar:/home/runner/.m2/repository/org/apache/ratis/ratis-proto/2.5.1/ratis-proto-2.5.1.jar:/home/runner/.m2/repository/org/apache/ratis/ratis-common/2.5.1/ratis-common-2.5.1.jar:/home/runner/.m2/repository/org/apache/ratis/ratis-client/2.5.1/ratis-client-2.5.1.jar:/home/runner/.m2/repository/org/apache/ratis/ratis-server-api/2.5.1/ratis-server-api-2.5.1.jar:/home/runner/.m2/repository/org/apache/ratis/ratis-metrics/2.5.1/ratis-metrics-2.5.1.jar:/home/runner/.m2/repository/io/prometheus/simpleclient_dropwizard/0.7.0/simpleclient_dropwizard-0.7.0.jar:/home/runner/.m2/repository/io/prometheus/simpleclient/0.7.0/simpleclient-0.7.0.jar:/home/runner/.m2/repository/io/prometheus/simpleclient_common/0.7.0/simpleclient_common-0.7.0.jar:/home/runner/.m2/repository/com/fasterxml/jackson/datatype/jackson-datatype-jsr310/2.13.4/jackson-datatype-jsr310-2.13.4.jar:/home/runner/.m2/repository/com/fasterxml/jackson/core/jackson-core/2.13.4/jackson-core-2.13.4.jar:/home/runner/.m2/repository/com/github/spotbugs/spotbugs-annotations/3.1.12/spotbugs-annotations-3.1.12.jar:/home/runner/.m2/repository/org/apache/ozone/rocksdb-checkpoint-differ/1.4.0-SNAPSHOT/rocksdb-checkpoint-differ-1.4.0-SNAPSHOT.jar:/home/runner/.m2/repository/org/jgrapht/jgrapht-core/1.0.1/jgrapht-core-1.0.1.jar:/home/runner/.m2/repository/org/jgrapht/jgrapht-ext/1.0.1/jgrapht-ext-1.0.1.jar:/home/runner/.m2/repository/org/tinyjee/jgraphx/jgraphx/2.0.0.1/jgraphx-2.0.0.1.jar:/home/runner/.m2/repository/jgraph/jgraph/5.13.0.0/jgraph-5.13.0.0.jar:/home/runner/.m2/repository/org/antlr/antlr4-runtime/4.5.3/antlr4-runtime-4.5.3.jar:/home/runner/.m2/repository/org/awaitility/awaitility/4.2.0/awaitility-4.2.0.jar:/home/runner/.m2/repository/org/hamcrest/hamcrest/2.1/hamcrest-2.1.jar:/home/runner/.m2/repository/org/apache/ozone/ozone-manager/1.4.0-SNAPSHOT/ozone-manager-1.4.0-SNAPSHOT.jar:/home/runner/.m2/repository/org/aspectj/aspectjrt/1.9.7/aspectjrt-1.9.7.jar:/home/runner/.m2/repository/org/aspectj/aspectjweaver/1.9.7/aspectjweaver-1.9.7.jar:/home/runner/.m2/repository/org/apache/ozone/hdds-interface-client/1.4.0-SNAPSHOT/hdds-interface-client-1.4.0-SNAPSHOT.jar:/home/runner/.m2/repository/org/apache/hadoop/thirdparty/hadoop-shaded-protobuf_3_7/1.1.1/hadoop-shaded-protobuf_3_7-1.1.1.jar:/home/runner/.m2/repository/org/apache/ozone/ozone-interface-storage/1.4.0-SNAPSHOT/ozone-interface-storage-1.4.0-SNAPSHOT.jar:/home/runner/.m2/repository/org/reflections/reflections/0.9.11/reflections-0.9.11.jar:/home/runner/.m2/repository/com/sun/jersey/jersey-client/1.19/jersey-client-1.19.jar:/home/runner/.m2/repository/org/codehaus/jackson/jackson-core-asl/1.9.13/jackson-core-asl-1.9.13.jar:/home/runner/.m2/repository/org/codehaus/jackson/jackson-mapper-asl/1.9.13/jackson-mapper-asl-1.9.13.jar:/home/runner/.m2/repository/org/codehaus/jackson/jackson-jaxrs/1.9.13/jackson-jaxrs-1.9.13.jar:/home/runner/.m2/repository/org/apache/ranger/ranger-intg/2.3.0/ranger-intg-2.3.0.jar:/home/runner/.m2/repository/org/apache/ranger/ranger-plugins-common/2.3.0/ranger-plugins-common-2.3.0.jar:/home/runner/.m2/repository/commons-lang/commons-lang/2.6/commons-lang-2.6.jar:/home/runner/.m2/repository/org/apache/ranger/ranger-plugins-cred/2.3.0/ranger-plugins-cred-2.3.0.jar:/home/runner/.m2/repository/org/apache/ranger/ranger-plugins-audit/2.3.0/ranger-plugins-audit-2.3.0.jar:/home/runner/.m2/repository/org/eclipse/jetty/jetty-client/9.4.51.v20230217/jetty-client-9.4.51.v20230217.jar:/home/runner/.m2/repository/org/apache/httpcomponents/httpmime/4.5.6/httpmime-4.5.6.jar:/home/runner/.m2/repository/org/apache/httpcomponents/httpcore-nio/4.4.13/httpcore-nio-4.4.13.jar:/home/runner/.m2/repository/org/apache/httpcomponents/httpasyncclient/4.1.3/httpasyncclient-4.1.3.jar:/home/runner/.m2/repository/com/carrotsearch/hppc/0.8.0/hppc-0.8.0.jar:/home/runner/.m2/repository/org/apache/orc/orc-core/1.5.8/orc-core-1.5.8.jar:/home/runner/.m2/repository/net/java/dev/jna/jna/5.2.0/jna-5.2.0.jar:/home/runner/.m2/repository/net/java/dev/jna/jna-platform/5.2.0/jna-platform-5.2.0.jar:/home/runner/.m2/repository/com/kstruct/gethostname4j/0.0.2/gethostname4j-0.0.2.jar:/home/runner/.m2/repository/org/apache/ranger/ranger-plugin-classloader/2.3.0/ranger-plugin-classloader-2.3.0.jar:/home/runner/.m2/repository/org/apache/ozone/hdds-rocks-native/1.4.0-SNAPSHOT/hdds-rocks-native-1.4.0-SNAPSHOT.jar:/home/runner/.m2/repository/org/apache/hadoop/hadoop-minikdc/3.3.6/hadoop-minikdc-3.3.6.jar:/home/runner/.m2/repository/org/apache/kerby/kerb-simplekdc/1.0.1/kerb-simplekdc-1.0.1.jar:/home/runner/.m2/repository/org/apache/kerby/kerb-client/1.0.1/kerb-client-1.0.1.jar:/home/runner/.m2/repository/org/apache/kerby/kerby-config/1.0.1/kerby-config-1.0.1.jar:/home/runner/.m2/repository/org/apache/kerby/kerb-common/1.0.1/kerb-common-1.0.1.jar:/home/runner/.m2/repository/org/apache/kerby/kerb-crypto/1.0.1/kerb-crypto-1.0.1.jar:/home/runner/.m2/repository/org/apache/kerby/kerb-util/1.0.1/kerb-util-1.0.1.jar:/home/runner/.m2/repository/org/apache/kerby/token-provider/1.0.1/token-provider-1.0.1.jar:/home/runner/.m2/repository/org/apache/kerby/kerb-admin/1.0.1/kerb-admin-1.0.1.jar:/home/runner/.m2/repository/org/apache/kerby/kerb-server/1.0.1/kerb-server-1.0.1.jar:/home/runner/.m2/repository/org/apache/kerby/kerb-identity/1.0.1/kerb-identity-1.0.1.jar:/home/runner/.m2/repository/org/apache/kerby/kerby-xdr/1.0.1/kerby-xdr-1.0.1.jar:/home/runner/.m2/repository/org/apache/ozone/ozone-s3gateway/1.4.0-SNAPSHOT/ozone-s3gateway-1.4.0-SNAPSHOT.jar:/home/runner/.m2/repository/org/javassist/javassist/3.21.0-GA/javassist-3.21.0-GA.jar:/home/runner/.m2/repository/org/jboss/weld/servlet/weld-servlet-shaded/3.1.9.Final/weld-servlet-shaded-3.1.9.Final.jar:/home/runner/.m2/repository/org/glassfish/jersey/containers/jersey-container-servlet-core/2.34/jersey-container-servlet-core-2.34.jar:/home/runner/.m2/repository/org/glassfish/hk2/external/jakarta.inject/2.6.1/jakarta.inject-2.6.1.jar:/home/runner/.m2/repository/org/glassfish/jersey/core/jersey-common/2.34/jersey-common-2.34.jar:/home/runner/.m2/repository/jakarta/ws/rs/jakarta.ws.rs-api/2.1.6/jakarta.ws.rs-api-2.1.6.jar:/home/runner/.m2/repository/org/glassfish/jersey/ext/cdi/jersey-cdi1x/2.34/jersey-cdi1x-2.34.jar:/home/runner/.m2/repository/org/glassfish/jersey/inject/jersey-hk2/2.34/jersey-hk2-2.34.jar:/home/runner/.m2/repository/org/glassfish/hk2/hk2-locator/2.6.1/hk2-locator-2.6.1.jar:/home/runner/.m2/repository/org/glassfish/jersey/media/jersey-media-jaxb/2.34/jersey-media-jaxb-2.34.jar:/home/runner/.m2/repository/org/glassfish/hk2/osgi-resource-locator/1.0.3/osgi-resource-locator-1.0.3.jar:/home/runner/.m2/repository/org/glassfish/hk2/hk2-api/2.5.0/hk2-api-2.5.0.jar:/home/runner/.m2/repository/org/glassfish/hk2/hk2-utils/2.5.0/hk2-utils-2.5.0.jar:/home/runner/.m2/repository/org/glassfish/hk2/external/aopalliance-repackaged/2.5.0/aopalliance-repackaged-2.5.0.jar:/home/runner/.m2/repository/com/fasterxml/jackson/dataformat/jackson-dataformat-xml/2.13.4/jackson-dataformat-xml-2.13.4.jar:/home/runner/.m2/repository/org/codehaus/woodstox/stax2-api/4.2.1/stax2-api-4.2.1.jar:/home/runner/.m2/repository/com/fasterxml/woodstox/woodstox-core/5.4.0/woodstox-core-5.4.0.jar:/home/runner/.m2/repository/com/fasterxml/jackson/module/jackson-module-jaxb-annotations/2.13.4/jackson-module-jaxb-annotations-2.13.4.jar:/home/runner/.m2/repository/jakarta/xml/bind/jakarta.xml.bind-api/2.3.3/jakarta.xml.bind-api-2.3.3.jar:/home/runner/.m2/repository/jakarta/activation/jakarta.activation-api/1.2.2/jakarta.activation-api-1.2.2.jar:/home/runner/.m2/repository/javax/enterprise/cdi-api/2.0/cdi-api-2.0.jar:/home/runner/.m2/repository/javax/el/javax.el-api/3.0.0/javax.el-api-3.0.0.jar:/home/runner/.m2/repository/javax/interceptor/javax.interceptor-api/1.2/javax.interceptor-api-1.2.jar:/home/runner/.m2/repository/javax/inject/javax.inject/1/javax.inject-1.jar:/home/runner/.m2/repository/javax/xml/bind/jaxb-api/2.3.0/jaxb-api-2.3.0.jar:/home/runner/.m2/repository/org/glassfish/jaxb/jaxb-runtime/2.3.0.1/jaxb-runtime-2.3.0.1.jar:/home/runner/.m2/repository/org/glassfish/jaxb/jaxb-core/2.3.0.1/jaxb-core-2.3.0.1.jar:/home/runner/.m2/repository/org/glassfish/jaxb/txw2/2.3.0.1/txw2-2.3.0.1.jar:/home/runner/.m2/repository/com/sun/istack/istack-commons-runtime/3.0.5/istack-commons-runtime-3.0.5.jar:/home/runner/.m2/repository/org/jvnet/staxex/stax-ex/1.7.8/stax-ex-1.7.8.jar:/home/runner/.m2/repository/com/sun/xml/fastinfoset/FastInfoset/1.2.13/FastInfoset-1.2.13.jar:/home/runner/.m2/repository/javax/activation/activation/1.1.1/activation-1.1.1.jar:/home/runner/.m2/repository/io/grpc/grpc-protobuf/1.51.1/grpc-protobuf-1.51.1.jar:/home/runner/.m2/repository/com/google/api/grpc/proto-google-common-protos/2.9.0/proto-google-common-protos-2.9.0.jar:/home/runner/.m2/repository/io/grpc/grpc-protobuf-lite/1.51.1/grpc-protobuf-lite-1.51.1.jar:/home/runner/.m2/repository/io/grpc/grpc-stub/1.51.1/grpc-stub-1.51.1.jar:/home/runner/.m2/repository/io/netty/netty-transport/4.1.94.Final/netty-transport-4.1.94.Final.jar:/home/runner/.m2/repository/io/netty/netty-resolver/4.1.94.Final/netty-resolver-4.1.94.Final.jar:/home/runner/.m2/repository/org/apache/ozone/ozone-csi/1.4.0-SNAPSHOT/ozone-csi-1.4.0-SNAPSHOT.jar:/home/runner/.m2/repository/com/google/protobuf/protobuf-java-util/3.19.6/protobuf-java-util-3.19.6.jar:/home/runner/.m2/repository/com/google/code/gson/gson/2.9.0/gson-2.9.0.jar:/home/runner/.m2/repository/org/apache/ozone/hdds-config/1.4.0-SNAPSHOT/hdds-config-1.4.0-SNAPSHOT.jar:/home/runner/.m2/repository/io/netty/netty-transport-native-epoll/4.1.94.Final/netty-transport-native-epoll-4.1.94.Final-linux-x86_64.jar:/home/runner/.m2/repository/io/netty/netty-transport-classes-epoll/4.1.94.Final/netty-transport-classes-epoll-4.1.94.Final.jar:/home/runner/.m2/repository/io/netty/netty-transport-native-unix-common/4.1.94.Final/netty-transport-native-unix-common-4.1.94.Final.jar:/home/runner/.m2/repository/org/apache/ozone/ozone-recon/1.4.0-SNAPSHOT/ozone-recon-1.4.0-SNAPSHOT.jar:/home/runner/.m2/repository/org/apache/ozone/ozone-reconcodegen/1.4.0-SNAPSHOT/ozone-reconcodegen-1.4.0-SNAPSHOT.jar:/home/runner/.m2/repository/com/google/inject/guice/5.1.0/guice-5.1.0.jar:/home/runner/.m2/repository/aopalliance/aopalliance/1.0/aopalliance-1.0.jar:/home/runner/.m2/repository/com/google/inject/extensions/guice-assistedinject/5.1.0/guice-assistedinject-5.1.0.jar:/home/runner/.m2/repository/com/google/inject/extensions/guice-servlet/5.1.0/guice-servlet-5.1.0.jar:/home/runner/.m2/repository/org/glassfish/jersey/containers/jersey-container-servlet/2.34/jersey-container-servlet-2.34.jar:/home/runner/.m2/repository/org/glassfish/hk2/guice-bridge/2.5.0/guice-bridge-2.5.0.jar:/home/runner/.m2/repository/org/glassfish/jersey/core/jersey-server/2.34/jersey-server-2.34.jar:/home/runner/.m2/repository/org/glassfish/jersey/core/jersey-client/2.34/jersey-client-2.34.jar:/home/runner/.m2/repository/jakarta/annotation/jakarta.annotation-api/1.3.5/jakarta.annotation-api-1.3.5.jar:/home/runner/.m2/repository/jakarta/validation/jakarta.validation-api/2.0.2/jakarta.validation-api-2.0.2.jar:/home/runner/.m2/repository/org/glassfish/jersey/media/jersey-media-json-jackson/2.34/jersey-media-json-jackson-2.34.jar:/home/runner/.m2/repository/org/glassfish/jersey/ext/jersey-entity-filtering/2.34/jersey-entity-filtering-2.34.jar:/home/runner/.m2/repository/org/jooq/jooq/3.11.10/jooq-3.11.10.jar:/home/runner/.m2/repository/org/jooq/jooq-meta/3.11.10/jooq-meta-3.11.10.jar:/home/runner/.m2/repository/org/jooq/jooq-codegen/3.11.10/jooq-codegen-3.11.10.jar:/home/runner/.m2/repository/com/jolbox/bonecp/0.8.0.RELEASE/bonecp-0.8.0.RELEASE.jar:/home/runner/.m2/repository/org/apache/derby/derby/10.14.2.0/derby-10.14.2.0.jar:/home/runner/.m2/repository/org/xerial/sqlite-jdbc/3.41.2.2/sqlite-jdbc-3.41.2.2.jar:/home/runner/.m2/repository/org/springframework/spring-jdbc/5.3.27/spring-jdbc-5.3.27.jar:/home/runner/.m2/repository/org/springframework/spring-beans/5.3.27/spring-beans-5.3.27.jar:/home/runner/.m2/repository/org/springframework/spring-core/5.3.27/spring-core-5.3.27.jar:/home/runner/.m2/repository/org/springframework/spring-tx/5.3.27/spring-tx-5.3.27.jar:/home/runner/.m2/repository/org/apache/ozone/ozone-client/1.4.0-SNAPSHOT/ozone-client-1.4.0-SNAPSHOT.jar:/home/runner/.m2/repository/org/apache/ozone/hdds-erasurecode/1.4.0-SNAPSHOT/hdds-erasurecode-1.4.0-SNAPSHOT.jar:/home/runner/.m2/repository/org/apache/ozone/ozone-filesystem/1.4.0-SNAPSHOT/ozone-filesystem-1.4.0-SNAPSHOT.jar:/home/runner/.m2/repository/org/apache/ozone/ozone-filesystem-common/1.4.0-SNAPSHOT/ozone-filesystem-common-1.4.0-SNAPSHOT.jar:/home/runner/.m2/repository/org/apache/ozone/ozone-tools/1.4.0-SNAPSHOT/ozone-tools-1.4.0-SNAPSHOT.jar:/home/runner/.m2/repository/com/amazonaws/aws-java-sdk-core/1.12.261/aws-java-sdk-core-1.12.261.jar:/home/runner/.m2/repository/org/apache/httpcomponents/httpclient/4.5.13/httpclient-4.5.13.jar:/home/runner/.m2/repository/org/apache/httpcomponents/httpcore/4.4.13/httpcore-4.4.13.jar:/home/runner/.m2/repository/software/amazon/ion/ion-java/1.0.2/ion-java-1.0.2.jar:/home/runner/.m2/repository/com/fasterxml/jackson/dataformat/jackson-dataformat-cbor/2.13.4/jackson-dataformat-cbor-2.13.4.jar:/home/runner/.m2/repository/joda-time/joda-time/2.10.6/joda-time-2.10.6.jar:/home/runner/.m2/repository/com/amazonaws/aws-java-sdk-s3/1.12.261/aws-java-sdk-s3-1.12.261.jar:/home/runner/.m2/repository/com/amazonaws/aws-java-sdk-kms/1.12.261/aws-java-sdk-kms-1.12.261.jar:/home/runner/.m2/repository/com/amazonaws/jmespath-java/1.12.261/jmespath-java-1.12.261.jar:/home/runner/.m2/repository/org/kohsuke/metainf-services/metainf-services/1.8/metainf-services-1.8.jar:/home/runner/.m2/repository/org/apache/ozone/hdds-tools/1.4.0-SNAPSHOT/hdds-tools-1.4.0-SNAPSHOT.jar:/home/runner/.m2/repository/org/apache/ratis/ratis-tools/2.5.1/ratis-tools-2.5.1.jar:/home/runner/.m2/repository/commons-cli/commons-cli/1.2/commons-cli-1.2.jar:/home/runner/.m2/repository/org/apache/commons/commons-lang3/3.7/commons-lang3-3.7.jar:/home/runner/.m2/repository/org/apache/ozone/ozone-manager/1.4.0-SNAPSHOT/ozone-manager-1.4.0-SNAPSHOT-tests.jar:/home/runner/.m2/repository/org/apache/ozone/hdds-common/1.4.0-SNAPSHOT/hdds-common-1.4.0-SNAPSHOT-tests.jar:/home/runner/.m2/repository/org/apache/ozone/hdds-hadoop-dependency-client/1.4.0-SNAPSHOT/hdds-hadoop-dependency-client-1.4.0-SNAPSHOT.jar:/home/runner/.m2/repository/info/picocli/picocli/4.6.1/picocli-4.6.1.jar:/home/runner/.m2/repository/com/fasterxml/jackson/core/jackson-annotations/2.13.4/jackson-annotations-2.13.4.jar:/home/runner/.m2/repository/org/apache/ozone/hdds-annotation-processing/1.4.0-SNAPSHOT/hdds-annotation-processing-1.4.0-SNAPSHOT.jar:/home/runner/.m2/repository/javax/annotation/javax.annotation-api/1.2/javax.annotation-api-1.2.jar:/home/runner/.m2/repository/org/apache/ratis/ratis-netty/2.5.1/ratis-netty-2.5.1.jar:/home/runner/.m2/repository/org/apache/ratis/ratis-grpc/2.5.1/ratis-grpc-2.5.1.jar:/home/runner/.m2/repository/org/apache/commons/commons-pool2/2.6.0/commons-pool2-2.6.0.jar:/home/runner/.m2/repository/org/bouncycastle/bcpkix-jdk15on/1.67/bcpkix-jdk15on-1.67.jar:/home/runner/.m2/repository/commons-validator/commons-validator/1.6/commons-validator-1.6.jar:/home/runner/.m2/repository/commons-beanutils/commons-beanutils/1.9.4/commons-beanutils-1.9.4.jar:/home/runner/.m2/repository/commons-digester/commons-digester/1.8.1/commons-digester-1.8.1.jar:/home/runner/.m2/repository/commons-collections/commons-collections/3.2.2/commons-collections-3.2.2.jar:/home/runner/.m2/repository/io/jaegertracing/jaeger-client/1.6.0/jaeger-client-1.6.0.jar:/home/runner/.m2/repository/io/jaegertracing/jaeger-thrift/1.6.0/jaeger-thrift-1.6.0.jar:/home/runner/.m2/repository/org/apache/thrift/libthrift/0.14.1/libthrift-0.14.1.jar:/home/runner/.m2/repository/io/jaegertracing/jaeger-core/1.6.0/jaeger-core-1.6.0.jar:/home/runner/.m2/repository/io/jaegertracing/jaeger-tracerresolver/1.6.0/jaeger-tracerresolver-1.6.0.jar:/home/runner/.m2/repository/io/opentracing/contrib/opentracing-tracerresolver/0.1.8/opentracing-tracerresolver-0.1.8.jar:/home/runner/.m2/repository/org/jetbrains/kotlin/kotlin-stdlib/1.6.21/kotlin-stdlib-1.6.21.jar:/home/runner/.m2/repository/org/jetbrains/annotations/13.0/annotations-13.0.jar:/home/runner/.m2/repository/io/opentracing/opentracing-util/0.33.0/opentracing-util-0.33.0.jar:/home/runner/.m2/repository/io/opentracing/opentracing-api/0.33.0/opentracing-api-0.33.0.jar:/home/runner/.m2/repository/io/opentracing/opentracing-noop/0.33.0/opentracing-noop-0.33.0.jar:/home/runner/.m2/repository/org/yaml/snakeyaml/2.0/snakeyaml-2.0.jar:/home/runner/.m2/repository/io/grpc/grpc-api/1.51.1/grpc-api-1.51.1.jar:/home/runner/.m2/repository/io/grpc/grpc-context/1.51.1/grpc-context-1.51.1.jar:/home/runner/.m2/repository/junit/junit/4.13.1/junit-4.13.1.jar:/home/runner/.m2/repository/org/hamcrest/hamcrest-core/1.3/hamcrest-core-1.3.jar:/home/runner/.m2/repository/org/junit/jupiter/junit-jupiter-api/5.8.2/junit-jupiter-api-5.8.2.jar:/home/runner/.m2/repository/org/opentest4j/opentest4j/1.2.0/opentest4j-1.2.0.jar:/home/runner/.m2/repository/org/junit/platform/junit-platform-commons/1.8.2/junit-platform-commons-1.8.2.jar:/home/runner/.m2/repository/org/apiguardian/apiguardian-api/1.1.2/apiguardian-api-1.1.2.jar:/home/runner/.m2/repository/org/junit/jupiter/junit-jupiter-params/5.8.2/junit-jupiter-params-5.8.2.jar:/home/runner/.m2/repository/org/junit/jupiter/junit-jupiter-migrationsupport/5.8.2/junit-jupiter-migrationsupport-5.8.2.jar:/home/runner/.m2/repository/org/junit/jupiter/junit-jupiter-engine/5.8.2/junit-jupiter-engine-5.8.2.jar:/home/runner/.m2/repository/org/junit/platform/junit-platform-engine/1.8.2/junit-platform-engine-1.8.2.jar:/home/runner/.m2/repository/org/junit/vintage/junit-vintage-engine/5.8.2/junit-vintage-engine-5.8.2.jar:/home/runner/.m2/repository/org/junit/platform/junit-platform-launcher/1.8.2/junit-platform-launcher-1.8.2.jar:/home/runner/.m2/repository/org/mockito/mockito-core/3.5.9/mockito-core-3.5.9.jar:/home/runner/.m2/repository/net/bytebuddy/byte-buddy/1.10.13/byte-buddy-1.10.13.jar:/home/runner/.m2/repository/net/bytebuddy/byte-buddy-agent/1.10.13/byte-buddy-agent-1.10.13.jar:/home/runner/.m2/repository/org/objenesis/objenesis/1.0/objenesis-1.0.jar:/home/runner/.m2/repository/org/apache/hadoop/hadoop-kms/3.3.6/hadoop-kms-3.3.6.jar:/home/runner/.m2/repository/org/apache/hadoop/hadoop-auth/3.3.6/hadoop-auth-3.3.6.jar:/home/runner/.m2/repository/com/nimbusds/nimbus-jose-jwt/9.8.1/nimbus-jose-jwt-9.8.1.jar:/home/runner/.m2/repository/com/github/stephenc/jcip/jcip-annotations/1.0-1/jcip-annotations-1.0-1.jar:/home/runner/.m2/repository/org/apache/zookeeper/zookeeper/3.5.6/zookeeper-3.5.6.jar:/home/runner/.m2/repository/org/apache/zookeeper/zookeeper-jute/3.5.6/zookeeper-jute-3.5.6.jar:/home/runner/.m2/repository/org/apache/yetus/audience-annotations/0.5.0/audience-annotations-0.5.0.jar:/home/runner/.m2/repository/org/apache/curator/curator-framework/4.2.0/curator-framework-4.2.0.jar:/home/runner/.m2/repository/org/apache/hadoop/thirdparty/hadoop-shaded-guava/1.1.1/hadoop-shaded-guava-1.1.1.jar:/home/runner/.m2/repository/com/sun/jersey/jersey-core/1.19/jersey-core-1.19.jar:/home/runner/.m2/repository/javax/ws/rs/jsr311-api/1.1.1/jsr311-api-1.1.1.jar:/home/runner/.m2/repository/com/sun/jersey/jersey-server/1.19/jersey-server-1.19.jar:/home/runner/.m2/repository/javax/servlet/javax.servlet-api/3.1.0/javax.servlet-api-3.1.0.jar:/home/runner/.m2/repository/org/apache/hadoop/hadoop-common/3.3.6/hadoop-common-3.3.6.jar:/home/runner/.m2/repository/org/apache/commons/commons-math3/3.1.1/commons-math3-3.1.1.jar:/home/runner/.m2/repository/commons-net/commons-net/3.9.0/commons-net-3.9.0.jar:/home/runner/.m2/repository/com/sun/jersey/jersey-servlet/1.19/jersey-servlet-1.19.jar:/home/runner/.m2/repository/com/github/pjfanning/jersey-json/1.20/jersey-json-1.20.jar:/home/runner/.m2/repository/org/codehaus/jettison/jettison/1.1/jettison-1.1.jar:/home/runner/.m2/repository/com/sun/xml/bind/jaxb-impl/2.2.3-1/jaxb-impl-2.2.3-1.jar:/home/runner/.m2/repository/com/google/re2j/re2j/1.1/re2j-1.1.jar:/home/runner/.m2/repository/com/jcraft/jsch/0.1.54/jsch-0.1.54.jar:/home/runner/.m2/repository/org/apache/curator/curator-client/4.2.0/curator-client-4.2.0.jar:/home/runner/.m2/repository/org/apache/curator/curator-recipes/5.2.0/curator-recipes-5.2.0.jar:/home/runner/.m2/repository/org/apache/kerby/kerb-core/1.0.1/kerb-core-1.0.1.jar:/home/runner/.m2/repository/org/apache/kerby/kerby-pkix/1.0.1/kerby-pkix-1.0.1.jar:/home/runner/.m2/repository/org/apache/kerby/kerby-asn1/1.0.1/kerby-asn1-1.0.1.jar:/home/runner/.m2/repository/org/apache/kerby/kerby-util/1.0.1/kerby-util-1.0.1.jar:/home/runner/.m2/repository/dnsjava/dnsjava/2.1.7/dnsjava-2.1.7.jar:/home/runner/.m2/repository/org/xerial/snappy/snappy-java/1.1.8.2/snappy-java-1.1.8.2.jar:/home/runner/.m2/repository/com/fasterxml/jackson/core/jackson-databind/2.13.4.2/jackson-databind-2.13.4.2.jar:/home/runner/.m2/repository/org/apache/hadoop/hadoop-kms/3.3.6/hadoop-kms-3.3.6-tests.jar:/home/runner/.m2/repository/org/apache/ozone/hdds-server-scm/1.4.0-SNAPSHOT/hdds-server-scm-1.4.0-SNAPSHOT-tests.jar:/home/runner/.m2/repository/org/apache/ozone/hdds-container-service/1.4.0-SNAPSHOT/hdds-container-service-1.4.0-SNAPSHOT-tests.jar:/home/runner/.m2/repository/com/github/luben/zstd-jni/1.5.2-5/zstd-jni-1.5.2-5.jar:/home/runner/.m2/repository/commons-codec/commons-codec/1.15/commons-codec-1.15.jar:/home/runner/.m2/repository/io/netty/netty-codec/4.1.94.Final/netty-codec-4.1.94.Final.jar:/home/runner/.m2/repository/io/netty/netty-handler/4.1.94.Final/netty-handler-4.1.94.Final.jar:/home/runner/.m2/repository/org/apache/ozone/hdds-hadoop-dependency-test/1.4.0-SNAPSHOT/hdds-hadoop-dependency-test-1.4.0-SNAPSHOT.jar:/home/runner/.m2/repository/org/apache/hadoop/hadoop-common/3.3.6/hadoop-common-3.3.6-tests.jar:/home/runner/.m2/repository/org/apache/hadoop/hadoop-hdfs/3.3.6/hadoop-hdfs-3.3.6-tests.jar:/home/runner/.m2/repository/org/assertj/assertj-core/3.12.2/assertj-core-3.12.2.jar:/home/runner/.m2/repository/org/apache/hadoop/hadoop-distcp/3.3.6/hadoop-distcp-3.3.6.jar:/home/runner/.m2/repository/org/apache/hadoop/hadoop-mapreduce-client-jobclient/3.3.6/hadoop-mapreduce-client-jobclient-3.3.6.jar:/home/runner/.m2/repository/org/apache/hadoop/hadoop-mapreduce-client-common/3.3.6/hadoop-mapreduce-client-common-3.3.6.jar:/home/runner/.m2/repository/org/apache/hadoop/hadoop-yarn-common/3.3.6/hadoop-yarn-common-3.3.6.jar:/home/runner/.m2/repository/org/apache/hadoop/hadoop-yarn-api/3.3.6/hadoop-yarn-api-3.3.6.jar:/home/runner/.m2/repository/com/sun/jersey/contribs/jersey-guice/1.19/jersey-guice-1.19.jar:/home/runner/.m2/repository/com/fasterxml/jackson/jaxrs/jackson-jaxrs-json-provider/2.13.4/jackson-jaxrs-json-provider-2.13.4.jar:/home/runner/.m2/repository/com/fasterxml/jackson/jaxrs/jackson-jaxrs-base/2.13.4/jackson-jaxrs-base-2.13.4.jar:/home/runner/.m2/repository/org/apache/hadoop/hadoop-yarn-client/3.3.6/hadoop-yarn-client-3.3.6.jar:/home/runner/.m2/repository/org/eclipse/jetty/websocket/websocket-client/9.4.51.v20230217/websocket-client-9.4.51.v20230217.jar:/home/runner/.m2/repository/org/eclipse/jetty/websocket/websocket-common/9.4.51.v20230217/websocket-common-9.4.51.v20230217.jar:/home/runner/.m2/repository/org/eclipse/jetty/websocket/websocket-api/9.4.51.v20230217/websocket-api-9.4.51.v20230217.jar:/home/runner/.m2/repository/org/jline/jline/3.9.0/jline-3.9.0.jar:/home/runner/.m2/repository/org/apache/hadoop/hadoop-mapreduce-client-core/3.3.6/hadoop-mapreduce-client-core-3.3.6.jar:/home/runner/.m2/repository/org/apache/avro/avro/1.7.7/avro-1.7.7.jar:/home/runner/.m2/repository/com/thoughtworks/paranamer/paranamer/2.3/paranamer-2.3.jar:/home/runner/.m2/repository/org/apache/hadoop/hadoop-annotations/3.3.6/hadoop-annotations-3.3.6.jar:/usr/lib/jvm/temurin-8-jdk-amd64/jre/../lib/tools.jar:/home/runner/.m2/repository/io/netty/netty/3.10.6.Final/netty-3.10.6.Final.jar:/home/runner/.m2/repository/org/apache/hadoop/hadoop-distcp/3.3.6/hadoop-distcp-3.3.6-tests.jar:/home/runner/.m2/repository/org/slf4j/jul-to-slf4j/1.7.36/jul-to-slf4j-1.7.36.jar:"/>
    <property name="java.vm.vendor" value="Temurin"/>
    <property name="sun.arch.data.model" value="64"/>
    <property name="test.build.dir" value="/home/runner/work/ozone/ozone/hadoop-ozone/integration-test/target/test-dir"/>
    <property name="sun.security.krb5.debug" value="false"/>
    <property name="test.cache.data" value=""/>
    <property name="java.vendor.url" value="https://adoptium.net/"/>
    <property name="user.timezone" value="Etc/UTC"/>
    <property name="os.name" value="Linux"/>
    <property name="java.vm.specification.version" value="1.8"/>
    <property name="test.build.data" value="/home/runner/work/ozone/ozone/hadoop-ozone/integration-test/target/test-dir"/>
    <property name="sun.java.launcher" value="SUN_STANDARD"/>
    <property name="sun.boot.library.path" value="/usr/lib/jvm/temurin-8-jdk-amd64/jre/lib/amd64"/>
    <property name="sun.java.command" value="/home/runner/work/ozone/ozone/hadoop-ozone/integration-test/target/surefire/surefirebooter4828582537535372694.jar /home/runner/work/ozone/ozone/hadoop-ozone/integration-test/target/surefire 2023-08-24T05-57-13_751-jvmRun1 surefire1433701807472616350tmp surefire_91784524306584663628tmp"/>
    <property name="native.lib.tmp.dir" value="/tmp"/>
    <property name="surefire.test.class.path" value="/home/runner/work/ozone/ozone/hadoop-ozone/integration-test/target/test-classes:/home/runner/work/ozone/ozone/hadoop-ozone/integration-test/target/classes:/home/runner/.m2/repository/org/apache/ozone/ozone-common/1.4.0-SNAPSHOT/ozone-common-1.4.0-SNAPSHOT.jar:/home/runner/.m2/repository/io/grpc/grpc-netty/1.51.1/grpc-netty-1.51.1.jar:/home/runner/.m2/repository/io/grpc/grpc-core/1.51.1/grpc-core-1.51.1.jar:/home/runner/.m2/repository/com/google/android/annotations/4.1.1.4/annotations-4.1.1.4.jar:/home/runner/.m2/repository/org/codehaus/mojo/animal-sniffer-annotations/1.21/animal-sniffer-annotations-1.21.jar:/home/runner/.m2/repository/com/google/errorprone/error_prone_annotations/2.2.0/error_prone_annotations-2.2.0.jar:/home/runner/.m2/repository/io/perfmark/perfmark-api/0.25.0/perfmark-api-0.25.0.jar:/home/runner/.m2/repository/io/netty/netty-codec-http2/4.1.94.Final/netty-codec-http2-4.1.94.Final.jar:/home/runner/.m2/repository/io/netty/netty-common/4.1.94.Final/netty-common-4.1.94.Final.jar:/home/runner/.m2/repository/io/netty/netty-buffer/4.1.94.Final/netty-buffer-4.1.94.Final.jar:/home/runner/.m2/repository/io/netty/netty-codec-http/4.1.94.Final/netty-codec-http-4.1.94.Final.jar:/home/runner/.m2/repository/io/netty/netty-handler-proxy/4.1.94.Final/netty-handler-proxy-4.1.94.Final.jar:/home/runner/.m2/repository/io/netty/netty-codec-socks/4.1.94.Final/netty-codec-socks-4.1.94.Final.jar:/home/runner/.m2/repository/io/netty/netty-tcnative-boringssl-static/2.0.61.Final/netty-tcnative-boringssl-static-2.0.61.Final.jar:/home/runner/.m2/repository/io/netty/netty-tcnative-classes/2.0.61.Final/netty-tcnative-classes-2.0.61.Final.jar:/home/runner/.m2/repository/io/netty/netty-tcnative-boringssl-static/2.0.61.Final/netty-tcnative-boringssl-static-2.0.61.Final-linux-x86_64.jar:/home/runner/.m2/repository/io/netty/netty-tcnative-boringssl-static/2.0.61.Final/netty-tcnative-boringssl-static-2.0.61.Final-linux-aarch_64.jar:/home/runner/.m2/repository/io/netty/netty-tcnative-boringssl-static/2.0.61.Final/netty-tcnative-boringssl-static-2.0.61.Final-osx-x86_64.jar:/home/runner/.m2/repository/io/netty/netty-tcnative-boringssl-static/2.0.61.Final/netty-tcnative-boringssl-static-2.0.61.Final-osx-aarch_64.jar:/home/runner/.m2/repository/io/netty/netty-tcnative-boringssl-static/2.0.61.Final/netty-tcnative-boringssl-static-2.0.61.Final-windows-x86_64.jar:/home/runner/.m2/repository/org/apache/commons/commons-compress/1.21/commons-compress-1.21.jar:/home/runner/.m2/repository/org/apache/ozone/hdds-common/1.4.0-SNAPSHOT/hdds-common-1.4.0-SNAPSHOT.jar:/home/runner/.m2/repository/org/apache/ozone/hdds-client/1.4.0-SNAPSHOT/hdds-client-1.4.0-SNAPSHOT.jar:/home/runner/.m2/repository/org/apache/ozone/ozone-interface-client/1.4.0-SNAPSHOT/ozone-interface-client-1.4.0-SNAPSHOT.jar:/home/runner/.m2/repository/org/apache/hadoop/hadoop-hdfs-client/3.3.6/hadoop-hdfs-client-3.3.6.jar:/home/runner/.m2/repository/com/squareup/okhttp3/okhttp/4.9.3/okhttp-4.9.3.jar:/home/runner/.m2/repository/com/squareup/okio/okio/3.4.0/okio-3.4.0.jar:/home/runner/.m2/repository/com/squareup/okio/okio-jvm/3.4.0/okio-jvm-3.4.0.jar:/home/runner/.m2/repository/org/jetbrains/kotlin/kotlin-stdlib-jdk8/1.8.0/kotlin-stdlib-jdk8-1.8.0.jar:/home/runner/.m2/repository/org/jetbrains/kotlin/kotlin-stdlib-jdk7/1.8.0/kotlin-stdlib-jdk7-1.8.0.jar:/home/runner/.m2/repository/org/jetbrains/kotlin/kotlin-stdlib-common/1.6.21/kotlin-stdlib-common-1.6.21.jar:/home/runner/.m2/repository/org/apache/ozone/hdds-test-utils/1.4.0-SNAPSHOT/hdds-test-utils-1.4.0-SNAPSHOT.jar:/home/runner/.m2/repository/com/google/guava/guava/32.0.0-jre/guava-32.0.0-jre.jar:/home/runner/.m2/repository/com/google/guava/failureaccess/1.0.1/failureaccess-1.0.1.jar:/home/runner/.m2/repository/com/google/guava/listenablefuture/9999.0-empty-to-avoid-conflict-with-guava/listenablefuture-9999.0-empty-to-avoid-conflict-with-guava.jar:/home/runner/.m2/repository/com/google/code/findbugs/jsr305/3.0.0/jsr305-3.0.0.jar:/home/runner/.m2/repository/org/checkerframework/checker-qual/3.33.0/checker-qual-3.33.0.jar:/home/runner/.m2/repository/com/google/j2objc/j2objc-annotations/2.8/j2objc-annotations-2.8.jar:/home/runner/.m2/repository/commons-io/commons-io/2.11.0/commons-io-2.11.0.jar:/home/runner/.m2/repository/commons-logging/commons-logging/1.2/commons-logging-1.2.jar:/home/runner/.m2/repository/ch/qos/reload4j/reload4j/1.2.22/reload4j-1.2.22.jar:/home/runner/.m2/repository/org/slf4j/slf4j-api/1.7.36/slf4j-api-1.7.36.jar:/home/runner/.m2/repository/org/apache/logging/log4j/log4j-api/2.17.1/log4j-api-2.17.1.jar:/home/runner/.m2/repository/org/apache/ozone/hdds-server-scm/1.4.0-SNAPSHOT/hdds-server-scm-1.4.0-SNAPSHOT.jar:/home/runner/.m2/repository/org/apache/ozone/hdds-container-service/1.4.0-SNAPSHOT/hdds-container-service-1.4.0-SNAPSHOT.jar:/home/runner/.m2/repository/org/apache/ozone/hdds-hadoop-dependency-server/1.4.0-SNAPSHOT/hdds-hadoop-dependency-server-1.4.0-SNAPSHOT.jar:/home/runner/.m2/repository/org/apache/hadoop/hadoop-hdfs/3.3.6/hadoop-hdfs-3.3.6.jar:/home/runner/.m2/repository/commons-daemon/commons-daemon/1.0.13/commons-daemon-1.0.13.jar:/home/runner/.m2/repository/org/apache/ozone/hdds-server-framework/1.4.0-SNAPSHOT/hdds-server-framework-1.4.0-SNAPSHOT.jar:/home/runner/.m2/repository/io/dropwizard/metrics/metrics-core/3.2.4/metrics-core-3.2.4.jar:/home/runner/.m2/repository/org/apache/commons/commons-text/1.10.0/commons-text-1.10.0.jar:/home/runner/.m2/repository/org/bouncycastle/bcprov-jdk15on/1.67/bcprov-jdk15on-1.67.jar:/home/runner/.m2/repository/com/google/protobuf/protobuf-java/2.5.0/protobuf-java-2.5.0.jar:/home/runner/.m2/repository/org/apache/ozone/hdds-server-framework/1.4.0-SNAPSHOT/hdds-server-framework-1.4.0-SNAPSHOT-tests.jar:/home/runner/.m2/repository/org/apache/ozone/hdds-interface-server/1.4.0-SNAPSHOT/hdds-interface-server-1.4.0-SNAPSHOT.jar:/home/runner/.m2/repository/org/apache/ozone/hdds-interface-admin/1.4.0-SNAPSHOT/hdds-interface-admin-1.4.0-SNAPSHOT.jar:/home/runner/.m2/repository/org/apache/ozone/hdds-managed-rocksdb/1.4.0-SNAPSHOT/hdds-managed-rocksdb-1.4.0-SNAPSHOT.jar:/home/runner/.m2/repository/org/rocksdb/rocksdbjni/7.7.3/rocksdbjni-7.7.3.jar:/home/runner/.m2/repository/org/slf4j/slf4j-reload4j/1.7.36/slf4j-reload4j-1.7.36.jar:/home/runner/.m2/repository/org/apache/commons/commons-configuration2/2.1.1/commons-configuration2-2.1.1.jar:/home/runner/.m2/repository/commons-fileupload/commons-fileupload/1.5/commons-fileupload-1.5.jar:/home/runner/.m2/repository/org/apache/logging/log4j/log4j-core/2.17.1/log4j-core-2.17.1.jar:/home/runner/.m2/repository/com/lmax/disruptor/3.4.2/disruptor-3.4.2.jar:/home/runner/.m2/repository/org/eclipse/jetty/jetty-util/9.4.51.v20230217/jetty-util-9.4.51.v20230217.jar:/home/runner/.m2/repository/org/eclipse/jetty/jetty-server/9.4.51.v20230217/jetty-server-9.4.51.v20230217.jar:/home/runner/.m2/repository/org/eclipse/jetty/jetty-http/9.4.51.v20230217/jetty-http-9.4.51.v20230217.jar:/home/runner/.m2/repository/org/eclipse/jetty/jetty-io/9.4.51.v20230217/jetty-io-9.4.51.v20230217.jar:/home/runner/.m2/repository/org/eclipse/jetty/jetty-servlet/9.4.51.v20230217/jetty-servlet-9.4.51.v20230217.jar:/home/runner/.m2/repository/org/eclipse/jetty/jetty-security/9.4.51.v20230217/jetty-security-9.4.51.v20230217.jar:/home/runner/.m2/repository/org/eclipse/jetty/jetty-util-ajax/9.4.51.v20230217/jetty-util-ajax-9.4.51.v20230217.jar:/home/runner/.m2/repository/org/eclipse/jetty/jetty-webapp/9.4.51.v20230217/jetty-webapp-9.4.51.v20230217.jar:/home/runner/.m2/repository/org/eclipse/jetty/jetty-xml/9.4.51.v20230217/jetty-xml-9.4.51.v20230217.jar:/home/runner/.m2/repository/org/apache/ratis/ratis-server/2.5.1/ratis-server-2.5.1.jar:/home/runner/.m2/repository/org/apache/ratis/ratis-thirdparty-misc/1.0.4/ratis-thirdparty-misc-1.0.4.jar:/home/runner/.m2/repository/org/apache/ratis/ratis-proto/2.5.1/ratis-proto-2.5.1.jar:/home/runner/.m2/repository/org/apache/ratis/ratis-common/2.5.1/ratis-common-2.5.1.jar:/home/runner/.m2/repository/org/apache/ratis/ratis-client/2.5.1/ratis-client-2.5.1.jar:/home/runner/.m2/repository/org/apache/ratis/ratis-server-api/2.5.1/ratis-server-api-2.5.1.jar:/home/runner/.m2/repository/org/apache/ratis/ratis-metrics/2.5.1/ratis-metrics-2.5.1.jar:/home/runner/.m2/repository/io/prometheus/simpleclient_dropwizard/0.7.0/simpleclient_dropwizard-0.7.0.jar:/home/runner/.m2/repository/io/prometheus/simpleclient/0.7.0/simpleclient-0.7.0.jar:/home/runner/.m2/repository/io/prometheus/simpleclient_common/0.7.0/simpleclient_common-0.7.0.jar:/home/runner/.m2/repository/com/fasterxml/jackson/datatype/jackson-datatype-jsr310/2.13.4/jackson-datatype-jsr310-2.13.4.jar:/home/runner/.m2/repository/com/fasterxml/jackson/core/jackson-core/2.13.4/jackson-core-2.13.4.jar:/home/runner/.m2/repository/com/github/spotbugs/spotbugs-annotations/3.1.12/spotbugs-annotations-3.1.12.jar:/home/runner/.m2/repository/org/apache/ozone/rocksdb-checkpoint-differ/1.4.0-SNAPSHOT/rocksdb-checkpoint-differ-1.4.0-SNAPSHOT.jar:/home/runner/.m2/repository/org/jgrapht/jgrapht-core/1.0.1/jgrapht-core-1.0.1.jar:/home/runner/.m2/repository/org/jgrapht/jgrapht-ext/1.0.1/jgrapht-ext-1.0.1.jar:/home/runner/.m2/repository/org/tinyjee/jgraphx/jgraphx/2.0.0.1/jgraphx-2.0.0.1.jar:/home/runner/.m2/repository/jgraph/jgraph/5.13.0.0/jgraph-5.13.0.0.jar:/home/runner/.m2/repository/org/antlr/antlr4-runtime/4.5.3/antlr4-runtime-4.5.3.jar:/home/runner/.m2/repository/org/awaitility/awaitility/4.2.0/awaitility-4.2.0.jar:/home/runner/.m2/repository/org/hamcrest/hamcrest/2.1/hamcrest-2.1.jar:/home/runner/.m2/repository/org/apache/ozone/ozone-manager/1.4.0-SNAPSHOT/ozone-manager-1.4.0-SNAPSHOT.jar:/home/runner/.m2/repository/org/aspectj/aspectjrt/1.9.7/aspectjrt-1.9.7.jar:/home/runner/.m2/repository/org/aspectj/aspectjweaver/1.9.7/aspectjweaver-1.9.7.jar:/home/runner/.m2/repository/org/apache/ozone/hdds-interface-client/1.4.0-SNAPSHOT/hdds-interface-client-1.4.0-SNAPSHOT.jar:/home/runner/.m2/repository/org/apache/hadoop/thirdparty/hadoop-shaded-protobuf_3_7/1.1.1/hadoop-shaded-protobuf_3_7-1.1.1.jar:/home/runner/.m2/repository/org/apache/ozone/ozone-interface-storage/1.4.0-SNAPSHOT/ozone-interface-storage-1.4.0-SNAPSHOT.jar:/home/runner/.m2/repository/org/reflections/reflections/0.9.11/reflections-0.9.11.jar:/home/runner/.m2/repository/com/sun/jersey/jersey-client/1.19/jersey-client-1.19.jar:/home/runner/.m2/repository/org/codehaus/jackson/jackson-core-asl/1.9.13/jackson-core-asl-1.9.13.jar:/home/runner/.m2/repository/org/codehaus/jackson/jackson-mapper-asl/1.9.13/jackson-mapper-asl-1.9.13.jar:/home/runner/.m2/repository/org/codehaus/jackson/jackson-jaxrs/1.9.13/jackson-jaxrs-1.9.13.jar:/home/runner/.m2/repository/org/apache/ranger/ranger-intg/2.3.0/ranger-intg-2.3.0.jar:/home/runner/.m2/repository/org/apache/ranger/ranger-plugins-common/2.3.0/ranger-plugins-common-2.3.0.jar:/home/runner/.m2/repository/commons-lang/commons-lang/2.6/commons-lang-2.6.jar:/home/runner/.m2/repository/org/apache/ranger/ranger-plugins-cred/2.3.0/ranger-plugins-cred-2.3.0.jar:/home/runner/.m2/repository/org/apache/ranger/ranger-plugins-audit/2.3.0/ranger-plugins-audit-2.3.0.jar:/home/runner/.m2/repository/org/eclipse/jetty/jetty-client/9.4.51.v20230217/jetty-client-9.4.51.v20230217.jar:/home/runner/.m2/repository/org/apache/httpcomponents/httpmime/4.5.6/httpmime-4.5.6.jar:/home/runner/.m2/repository/org/apache/httpcomponents/httpcore-nio/4.4.13/httpcore-nio-4.4.13.jar:/home/runner/.m2/repository/org/apache/httpcomponents/httpasyncclient/4.1.3/httpasyncclient-4.1.3.jar:/home/runner/.m2/repository/com/carrotsearch/hppc/0.8.0/hppc-0.8.0.jar:/home/runner/.m2/repository/org/apache/orc/orc-core/1.5.8/orc-core-1.5.8.jar:/home/runner/.m2/repository/net/java/dev/jna/jna/5.2.0/jna-5.2.0.jar:/home/runner/.m2/repository/net/java/dev/jna/jna-platform/5.2.0/jna-platform-5.2.0.jar:/home/runner/.m2/repository/com/kstruct/gethostname4j/0.0.2/gethostname4j-0.0.2.jar:/home/runner/.m2/repository/org/apache/ranger/ranger-plugin-classloader/2.3.0/ranger-plugin-classloader-2.3.0.jar:/home/runner/.m2/repository/org/apache/ozone/hdds-rocks-native/1.4.0-SNAPSHOT/hdds-rocks-native-1.4.0-SNAPSHOT.jar:/home/runner/.m2/repository/org/apache/hadoop/hadoop-minikdc/3.3.6/hadoop-minikdc-3.3.6.jar:/home/runner/.m2/repository/org/apache/kerby/kerb-simplekdc/1.0.1/kerb-simplekdc-1.0.1.jar:/home/runner/.m2/repository/org/apache/kerby/kerb-client/1.0.1/kerb-client-1.0.1.jar:/home/runner/.m2/repository/org/apache/kerby/kerby-config/1.0.1/kerby-config-1.0.1.jar:/home/runner/.m2/repository/org/apache/kerby/kerb-common/1.0.1/kerb-common-1.0.1.jar:/home/runner/.m2/repository/org/apache/kerby/kerb-crypto/1.0.1/kerb-crypto-1.0.1.jar:/home/runner/.m2/repository/org/apache/kerby/kerb-util/1.0.1/kerb-util-1.0.1.jar:/home/runner/.m2/repository/org/apache/kerby/token-provider/1.0.1/token-provider-1.0.1.jar:/home/runner/.m2/repository/org/apache/kerby/kerb-admin/1.0.1/kerb-admin-1.0.1.jar:/home/runner/.m2/repository/org/apache/kerby/kerb-server/1.0.1/kerb-server-1.0.1.jar:/home/runner/.m2/repository/org/apache/kerby/kerb-identity/1.0.1/kerb-identity-1.0.1.jar:/home/runner/.m2/repository/org/apache/kerby/kerby-xdr/1.0.1/kerby-xdr-1.0.1.jar:/home/runner/.m2/repository/org/apache/ozone/ozone-s3gateway/1.4.0-SNAPSHOT/ozone-s3gateway-1.4.0-SNAPSHOT.jar:/home/runner/.m2/repository/org/javassist/javassist/3.21.0-GA/javassist-3.21.0-GA.jar:/home/runner/.m2/repository/org/jboss/weld/servlet/weld-servlet-shaded/3.1.9.Final/weld-servlet-shaded-3.1.9.Final.jar:/home/runner/.m2/repository/org/glassfish/jersey/containers/jersey-container-servlet-core/2.34/jersey-container-servlet-core-2.34.jar:/home/runner/.m2/repository/org/glassfish/hk2/external/jakarta.inject/2.6.1/jakarta.inject-2.6.1.jar:/home/runner/.m2/repository/org/glassfish/jersey/core/jersey-common/2.34/jersey-common-2.34.jar:/home/runner/.m2/repository/jakarta/ws/rs/jakarta.ws.rs-api/2.1.6/jakarta.ws.rs-api-2.1.6.jar:/home/runner/.m2/repository/org/glassfish/jersey/ext/cdi/jersey-cdi1x/2.34/jersey-cdi1x-2.34.jar:/home/runner/.m2/repository/org/glassfish/jersey/inject/jersey-hk2/2.34/jersey-hk2-2.34.jar:/home/runner/.m2/repository/org/glassfish/hk2/hk2-locator/2.6.1/hk2-locator-2.6.1.jar:/home/runner/.m2/repository/org/glassfish/jersey/media/jersey-media-jaxb/2.34/jersey-media-jaxb-2.34.jar:/home/runner/.m2/repository/org/glassfish/hk2/osgi-resource-locator/1.0.3/osgi-resource-locator-1.0.3.jar:/home/runner/.m2/repository/org/glassfish/hk2/hk2-api/2.5.0/hk2-api-2.5.0.jar:/home/runner/.m2/repository/org/glassfish/hk2/hk2-utils/2.5.0/hk2-utils-2.5.0.jar:/home/runner/.m2/repository/org/glassfish/hk2/external/aopalliance-repackaged/2.5.0/aopalliance-repackaged-2.5.0.jar:/home/runner/.m2/repository/com/fasterxml/jackson/dataformat/jackson-dataformat-xml/2.13.4/jackson-dataformat-xml-2.13.4.jar:/home/runner/.m2/repository/org/codehaus/woodstox/stax2-api/4.2.1/stax2-api-4.2.1.jar:/home/runner/.m2/repository/com/fasterxml/woodstox/woodstox-core/5.4.0/woodstox-core-5.4.0.jar:/home/runner/.m2/repository/com/fasterxml/jackson/module/jackson-module-jaxb-annotations/2.13.4/jackson-module-jaxb-annotations-2.13.4.jar:/home/runner/.m2/repository/jakarta/xml/bind/jakarta.xml.bind-api/2.3.3/jakarta.xml.bind-api-2.3.3.jar:/home/runner/.m2/repository/jakarta/activation/jakarta.activation-api/1.2.2/jakarta.activation-api-1.2.2.jar:/home/runner/.m2/repository/javax/enterprise/cdi-api/2.0/cdi-api-2.0.jar:/home/runner/.m2/repository/javax/el/javax.el-api/3.0.0/javax.el-api-3.0.0.jar:/home/runner/.m2/repository/javax/interceptor/javax.interceptor-api/1.2/javax.interceptor-api-1.2.jar:/home/runner/.m2/repository/javax/inject/javax.inject/1/javax.inject-1.jar:/home/runner/.m2/repository/javax/xml/bind/jaxb-api/2.3.0/jaxb-api-2.3.0.jar:/home/runner/.m2/repository/org/glassfish/jaxb/jaxb-runtime/2.3.0.1/jaxb-runtime-2.3.0.1.jar:/home/runner/.m2/repository/org/glassfish/jaxb/jaxb-core/2.3.0.1/jaxb-core-2.3.0.1.jar:/home/runner/.m2/repository/org/glassfish/jaxb/txw2/2.3.0.1/txw2-2.3.0.1.jar:/home/runner/.m2/repository/com/sun/istack/istack-commons-runtime/3.0.5/istack-commons-runtime-3.0.5.jar:/home/runner/.m2/repository/org/jvnet/staxex/stax-ex/1.7.8/stax-ex-1.7.8.jar:/home/runner/.m2/repository/com/sun/xml/fastinfoset/FastInfoset/1.2.13/FastInfoset-1.2.13.jar:/home/runner/.m2/repository/javax/activation/activation/1.1.1/activation-1.1.1.jar:/home/runner/.m2/repository/io/grpc/grpc-protobuf/1.51.1/grpc-protobuf-1.51.1.jar:/home/runner/.m2/repository/com/google/api/grpc/proto-google-common-protos/2.9.0/proto-google-common-protos-2.9.0.jar:/home/runner/.m2/repository/io/grpc/grpc-protobuf-lite/1.51.1/grpc-protobuf-lite-1.51.1.jar:/home/runner/.m2/repository/io/grpc/grpc-stub/1.51.1/grpc-stub-1.51.1.jar:/home/runner/.m2/repository/io/netty/netty-transport/4.1.94.Final/netty-transport-4.1.94.Final.jar:/home/runner/.m2/repository/io/netty/netty-resolver/4.1.94.Final/netty-resolver-4.1.94.Final.jar:/home/runner/.m2/repository/org/apache/ozone/ozone-csi/1.4.0-SNAPSHOT/ozone-csi-1.4.0-SNAPSHOT.jar:/home/runner/.m2/repository/com/google/protobuf/protobuf-java-util/3.19.6/protobuf-java-util-3.19.6.jar:/home/runner/.m2/repository/com/google/code/gson/gson/2.9.0/gson-2.9.0.jar:/home/runner/.m2/repository/org/apache/ozone/hdds-config/1.4.0-SNAPSHOT/hdds-config-1.4.0-SNAPSHOT.jar:/home/runner/.m2/repository/io/netty/netty-transport-native-epoll/4.1.94.Final/netty-transport-native-epoll-4.1.94.Final-linux-x86_64.jar:/home/runner/.m2/repository/io/netty/netty-transport-classes-epoll/4.1.94.Final/netty-transport-classes-epoll-4.1.94.Final.jar:/home/runner/.m2/repository/io/netty/netty-transport-native-unix-common/4.1.94.Final/netty-transport-native-unix-common-4.1.94.Final.jar:/home/runner/.m2/repository/org/apache/ozone/ozone-recon/1.4.0-SNAPSHOT/ozone-recon-1.4.0-SNAPSHOT.jar:/home/runner/.m2/repository/org/apache/ozone/ozone-reconcodegen/1.4.0-SNAPSHOT/ozone-reconcodegen-1.4.0-SNAPSHOT.jar:/home/runner/.m2/repository/com/google/inject/guice/5.1.0/guice-5.1.0.jar:/home/runner/.m2/repository/aopalliance/aopalliance/1.0/aopalliance-1.0.jar:/home/runner/.m2/repository/com/google/inject/extensions/guice-assistedinject/5.1.0/guice-assistedinject-5.1.0.jar:/home/runner/.m2/repository/com/google/inject/extensions/guice-servlet/5.1.0/guice-servlet-5.1.0.jar:/home/runner/.m2/repository/org/glassfish/jersey/containers/jersey-container-servlet/2.34/jersey-container-servlet-2.34.jar:/home/runner/.m2/repository/org/glassfish/hk2/guice-bridge/2.5.0/guice-bridge-2.5.0.jar:/home/runner/.m2/repository/org/glassfish/jersey/core/jersey-server/2.34/jersey-server-2.34.jar:/home/runner/.m2/repository/org/glassfish/jersey/core/jersey-client/2.34/jersey-client-2.34.jar:/home/runner/.m2/repository/jakarta/annotation/jakarta.annotation-api/1.3.5/jakarta.annotation-api-1.3.5.jar:/home/runner/.m2/repository/jakarta/validation/jakarta.validation-api/2.0.2/jakarta.validation-api-2.0.2.jar:/home/runner/.m2/repository/org/glassfish/jersey/media/jersey-media-json-jackson/2.34/jersey-media-json-jackson-2.34.jar:/home/runner/.m2/repository/org/glassfish/jersey/ext/jersey-entity-filtering/2.34/jersey-entity-filtering-2.34.jar:/home/runner/.m2/repository/org/jooq/jooq/3.11.10/jooq-3.11.10.jar:/home/runner/.m2/repository/org/jooq/jooq-meta/3.11.10/jooq-meta-3.11.10.jar:/home/runner/.m2/repository/org/jooq/jooq-codegen/3.11.10/jooq-codegen-3.11.10.jar:/home/runner/.m2/repository/com/jolbox/bonecp/0.8.0.RELEASE/bonecp-0.8.0.RELEASE.jar:/home/runner/.m2/repository/org/apache/derby/derby/10.14.2.0/derby-10.14.2.0.jar:/home/runner/.m2/repository/org/xerial/sqlite-jdbc/3.41.2.2/sqlite-jdbc-3.41.2.2.jar:/home/runner/.m2/repository/org/springframework/spring-jdbc/5.3.27/spring-jdbc-5.3.27.jar:/home/runner/.m2/repository/org/springframework/spring-beans/5.3.27/spring-beans-5.3.27.jar:/home/runner/.m2/repository/org/springframework/spring-core/5.3.27/spring-core-5.3.27.jar:/home/runner/.m2/repository/org/springframework/spring-tx/5.3.27/spring-tx-5.3.27.jar:/home/runner/.m2/repository/org/apache/ozone/ozone-client/1.4.0-SNAPSHOT/ozone-client-1.4.0-SNAPSHOT.jar:/home/runner/.m2/repository/org/apache/ozone/hdds-erasurecode/1.4.0-SNAPSHOT/hdds-erasurecode-1.4.0-SNAPSHOT.jar:/home/runner/.m2/repository/org/apache/ozone/ozone-filesystem/1.4.0-SNAPSHOT/ozone-filesystem-1.4.0-SNAPSHOT.jar:/home/runner/.m2/repository/org/apache/ozone/ozone-filesystem-common/1.4.0-SNAPSHOT/ozone-filesystem-common-1.4.0-SNAPSHOT.jar:/home/runner/.m2/repository/org/apache/ozone/ozone-tools/1.4.0-SNAPSHOT/ozone-tools-1.4.0-SNAPSHOT.jar:/home/runner/.m2/repository/com/amazonaws/aws-java-sdk-core/1.12.261/aws-java-sdk-core-1.12.261.jar:/home/runner/.m2/repository/org/apache/httpcomponents/httpclient/4.5.13/httpclient-4.5.13.jar:/home/runner/.m2/repository/org/apache/httpcomponents/httpcore/4.4.13/httpcore-4.4.13.jar:/home/runner/.m2/repository/software/amazon/ion/ion-java/1.0.2/ion-java-1.0.2.jar:/home/runner/.m2/repository/com/fasterxml/jackson/dataformat/jackson-dataformat-cbor/2.13.4/jackson-dataformat-cbor-2.13.4.jar:/home/runner/.m2/repository/joda-time/joda-time/2.10.6/joda-time-2.10.6.jar:/home/runner/.m2/repository/com/amazonaws/aws-java-sdk-s3/1.12.261/aws-java-sdk-s3-1.12.261.jar:/home/runner/.m2/repository/com/amazonaws/aws-java-sdk-kms/1.12.261/aws-java-sdk-kms-1.12.261.jar:/home/runner/.m2/repository/com/amazonaws/jmespath-java/1.12.261/jmespath-java-1.12.261.jar:/home/runner/.m2/repository/org/kohsuke/metainf-services/metainf-services/1.8/metainf-services-1.8.jar:/home/runner/.m2/repository/org/apache/ozone/hdds-tools/1.4.0-SNAPSHOT/hdds-tools-1.4.0-SNAPSHOT.jar:/home/runner/.m2/repository/org/apache/ratis/ratis-tools/2.5.1/ratis-tools-2.5.1.jar:/home/runner/.m2/repository/commons-cli/commons-cli/1.2/commons-cli-1.2.jar:/home/runner/.m2/repository/org/apache/commons/commons-lang3/3.7/commons-lang3-3.7.jar:/home/runner/.m2/repository/org/apache/ozone/ozone-manager/1.4.0-SNAPSHOT/ozone-manager-1.4.0-SNAPSHOT-tests.jar:/home/runner/.m2/repository/org/apache/ozone/hdds-common/1.4.0-SNAPSHOT/hdds-common-1.4.0-SNAPSHOT-tests.jar:/home/runner/.m2/repository/org/apache/ozone/hdds-hadoop-dependency-client/1.4.0-SNAPSHOT/hdds-hadoop-dependency-client-1.4.0-SNAPSHOT.jar:/home/runner/.m2/repository/info/picocli/picocli/4.6.1/picocli-4.6.1.jar:/home/runner/.m2/repository/com/fasterxml/jackson/core/jackson-annotations/2.13.4/jackson-annotations-2.13.4.jar:/home/runner/.m2/repository/org/apache/ozone/hdds-annotation-processing/1.4.0-SNAPSHOT/hdds-annotation-processing-1.4.0-SNAPSHOT.jar:/home/runner/.m2/repository/javax/annotation/javax.annotation-api/1.2/javax.annotation-api-1.2.jar:/home/runner/.m2/repository/org/apache/ratis/ratis-netty/2.5.1/ratis-netty-2.5.1.jar:/home/runner/.m2/repository/org/apache/ratis/ratis-grpc/2.5.1/ratis-grpc-2.5.1.jar:/home/runner/.m2/repository/org/apache/commons/commons-pool2/2.6.0/commons-pool2-2.6.0.jar:/home/runner/.m2/repository/org/bouncycastle/bcpkix-jdk15on/1.67/bcpkix-jdk15on-1.67.jar:/home/runner/.m2/repository/commons-validator/commons-validator/1.6/commons-validator-1.6.jar:/home/runner/.m2/repository/commons-beanutils/commons-beanutils/1.9.4/commons-beanutils-1.9.4.jar:/home/runner/.m2/repository/commons-digester/commons-digester/1.8.1/commons-digester-1.8.1.jar:/home/runner/.m2/repository/commons-collections/commons-collections/3.2.2/commons-collections-3.2.2.jar:/home/runner/.m2/repository/io/jaegertracing/jaeger-client/1.6.0/jaeger-client-1.6.0.jar:/home/runner/.m2/repository/io/jaegertracing/jaeger-thrift/1.6.0/jaeger-thrift-1.6.0.jar:/home/runner/.m2/repository/org/apache/thrift/libthrift/0.14.1/libthrift-0.14.1.jar:/home/runner/.m2/repository/io/jaegertracing/jaeger-core/1.6.0/jaeger-core-1.6.0.jar:/home/runner/.m2/repository/io/jaegertracing/jaeger-tracerresolver/1.6.0/jaeger-tracerresolver-1.6.0.jar:/home/runner/.m2/repository/io/opentracing/contrib/opentracing-tracerresolver/0.1.8/opentracing-tracerresolver-0.1.8.jar:/home/runner/.m2/repository/org/jetbrains/kotlin/kotlin-stdlib/1.6.21/kotlin-stdlib-1.6.21.jar:/home/runner/.m2/repository/org/jetbrains/annotations/13.0/annotations-13.0.jar:/home/runner/.m2/repository/io/opentracing/opentracing-util/0.33.0/opentracing-util-0.33.0.jar:/home/runner/.m2/repository/io/opentracing/opentracing-api/0.33.0/opentracing-api-0.33.0.jar:/home/runner/.m2/repository/io/opentracing/opentracing-noop/0.33.0/opentracing-noop-0.33.0.jar:/home/runner/.m2/repository/org/yaml/snakeyaml/2.0/snakeyaml-2.0.jar:/home/runner/.m2/repository/io/grpc/grpc-api/1.51.1/grpc-api-1.51.1.jar:/home/runner/.m2/repository/io/grpc/grpc-context/1.51.1/grpc-context-1.51.1.jar:/home/runner/.m2/repository/junit/junit/4.13.1/junit-4.13.1.jar:/home/runner/.m2/repository/org/hamcrest/hamcrest-core/1.3/hamcrest-core-1.3.jar:/home/runner/.m2/repository/org/junit/jupiter/junit-jupiter-api/5.8.2/junit-jupiter-api-5.8.2.jar:/home/runner/.m2/repository/org/opentest4j/opentest4j/1.2.0/opentest4j-1.2.0.jar:/home/runner/.m2/repository/org/junit/platform/junit-platform-commons/1.8.2/junit-platform-commons-1.8.2.jar:/home/runner/.m2/repository/org/apiguardian/apiguardian-api/1.1.2/apiguardian-api-1.1.2.jar:/home/runner/.m2/repository/org/junit/jupiter/junit-jupiter-params/5.8.2/junit-jupiter-params-5.8.2.jar:/home/runner/.m2/repository/org/junit/jupiter/junit-jupiter-migrationsupport/5.8.2/junit-jupiter-migrationsupport-5.8.2.jar:/home/runner/.m2/repository/org/junit/jupiter/junit-jupiter-engine/5.8.2/junit-jupiter-engine-5.8.2.jar:/home/runner/.m2/repository/org/junit/platform/junit-platform-engine/1.8.2/junit-platform-engine-1.8.2.jar:/home/runner/.m2/repository/org/junit/vintage/junit-vintage-engine/5.8.2/junit-vintage-engine-5.8.2.jar:/home/runner/.m2/repository/org/junit/platform/junit-platform-launcher/1.8.2/junit-platform-launcher-1.8.2.jar:/home/runner/.m2/repository/org/mockito/mockito-core/3.5.9/mockito-core-3.5.9.jar:/home/runner/.m2/repository/net/bytebuddy/byte-buddy/1.10.13/byte-buddy-1.10.13.jar:/home/runner/.m2/repository/net/bytebuddy/byte-buddy-agent/1.10.13/byte-buddy-agent-1.10.13.jar:/home/runner/.m2/repository/org/objenesis/objenesis/1.0/objenesis-1.0.jar:/home/runner/.m2/repository/org/apache/hadoop/hadoop-kms/3.3.6/hadoop-kms-3.3.6.jar:/home/runner/.m2/repository/org/apache/hadoop/hadoop-auth/3.3.6/hadoop-auth-3.3.6.jar:/home/runner/.m2/repository/com/nimbusds/nimbus-jose-jwt/9.8.1/nimbus-jose-jwt-9.8.1.jar:/home/runner/.m2/repository/com/github/stephenc/jcip/jcip-annotations/1.0-1/jcip-annotations-1.0-1.jar:/home/runner/.m2/repository/org/apache/zookeeper/zookeeper/3.5.6/zookeeper-3.5.6.jar:/home/runner/.m2/repository/org/apache/zookeeper/zookeeper-jute/3.5.6/zookeeper-jute-3.5.6.jar:/home/runner/.m2/repository/org/apache/yetus/audience-annotations/0.5.0/audience-annotations-0.5.0.jar:/home/runner/.m2/repository/org/apache/curator/curator-framework/4.2.0/curator-framework-4.2.0.jar:/home/runner/.m2/repository/org/apache/hadoop/thirdparty/hadoop-shaded-guava/1.1.1/hadoop-shaded-guava-1.1.1.jar:/home/runner/.m2/repository/com/sun/jersey/jersey-core/1.19/jersey-core-1.19.jar:/home/runner/.m2/repository/javax/ws/rs/jsr311-api/1.1.1/jsr311-api-1.1.1.jar:/home/runner/.m2/repository/com/sun/jersey/jersey-server/1.19/jersey-server-1.19.jar:/home/runner/.m2/repository/javax/servlet/javax.servlet-api/3.1.0/javax.servlet-api-3.1.0.jar:/home/runner/.m2/repository/org/apache/hadoop/hadoop-common/3.3.6/hadoop-common-3.3.6.jar:/home/runner/.m2/repository/org/apache/commons/commons-math3/3.1.1/commons-math3-3.1.1.jar:/home/runner/.m2/repository/commons-net/commons-net/3.9.0/commons-net-3.9.0.jar:/home/runner/.m2/repository/com/sun/jersey/jersey-servlet/1.19/jersey-servlet-1.19.jar:/home/runner/.m2/repository/com/github/pjfanning/jersey-json/1.20/jersey-json-1.20.jar:/home/runner/.m2/repository/org/codehaus/jettison/jettison/1.1/jettison-1.1.jar:/home/runner/.m2/repository/com/sun/xml/bind/jaxb-impl/2.2.3-1/jaxb-impl-2.2.3-1.jar:/home/runner/.m2/repository/com/google/re2j/re2j/1.1/re2j-1.1.jar:/home/runner/.m2/repository/com/jcraft/jsch/0.1.54/jsch-0.1.54.jar:/home/runner/.m2/repository/org/apache/curator/curator-client/4.2.0/curator-client-4.2.0.jar:/home/runner/.m2/repository/org/apache/curator/curator-recipes/5.2.0/curator-recipes-5.2.0.jar:/home/runner/.m2/repository/org/apache/kerby/kerb-core/1.0.1/kerb-core-1.0.1.jar:/home/runner/.m2/repository/org/apache/kerby/kerby-pkix/1.0.1/kerby-pkix-1.0.1.jar:/home/runner/.m2/repository/org/apache/kerby/kerby-asn1/1.0.1/kerby-asn1-1.0.1.jar:/home/runner/.m2/repository/org/apache/kerby/kerby-util/1.0.1/kerby-util-1.0.1.jar:/home/runner/.m2/repository/dnsjava/dnsjava/2.1.7/dnsjava-2.1.7.jar:/home/runner/.m2/repository/org/xerial/snappy/snappy-java/1.1.8.2/snappy-java-1.1.8.2.jar:/home/runner/.m2/repository/com/fasterxml/jackson/core/jackson-databind/2.13.4.2/jackson-databind-2.13.4.2.jar:/home/runner/.m2/repository/org/apache/hadoop/hadoop-kms/3.3.6/hadoop-kms-3.3.6-tests.jar:/home/runner/.m2/repository/org/apache/ozone/hdds-server-scm/1.4.0-SNAPSHOT/hdds-server-scm-1.4.0-SNAPSHOT-tests.jar:/home/runner/.m2/repository/org/apache/ozone/hdds-container-service/1.4.0-SNAPSHOT/hdds-container-service-1.4.0-SNAPSHOT-tests.jar:/home/runner/.m2/repository/com/github/luben/zstd-jni/1.5.2-5/zstd-jni-1.5.2-5.jar:/home/runner/.m2/repository/commons-codec/commons-codec/1.15/commons-codec-1.15.jar:/home/runner/.m2/repository/io/netty/netty-codec/4.1.94.Final/netty-codec-4.1.94.Final.jar:/home/runner/.m2/repository/io/netty/netty-handler/4.1.94.Final/netty-handler-4.1.94.Final.jar:/home/runner/.m2/repository/org/apache/ozone/hdds-hadoop-dependency-test/1.4.0-SNAPSHOT/hdds-hadoop-dependency-test-1.4.0-SNAPSHOT.jar:/home/runner/.m2/repository/org/apache/hadoop/hadoop-common/3.3.6/hadoop-common-3.3.6-tests.jar:/home/runner/.m2/repository/org/apache/hadoop/hadoop-hdfs/3.3.6/hadoop-hdfs-3.3.6-tests.jar:/home/runner/.m2/repository/org/assertj/assertj-core/3.12.2/assertj-core-3.12.2.jar:/home/runner/.m2/repository/org/apache/hadoop/hadoop-distcp/3.3.6/hadoop-distcp-3.3.6.jar:/home/runner/.m2/repository/org/apache/hadoop/hadoop-mapreduce-client-jobclient/3.3.6/hadoop-mapreduce-client-jobclient-3.3.6.jar:/home/runner/.m2/repository/org/apache/hadoop/hadoop-mapreduce-client-common/3.3.6/hadoop-mapreduce-client-common-3.3.6.jar:/home/runner/.m2/repository/org/apache/hadoop/hadoop-yarn-common/3.3.6/hadoop-yarn-common-3.3.6.jar:/home/runner/.m2/repository/org/apache/hadoop/hadoop-yarn-api/3.3.6/hadoop-yarn-api-3.3.6.jar:/home/runner/.m2/repository/com/sun/jersey/contribs/jersey-guice/1.19/jersey-guice-1.19.jar:/home/runner/.m2/repository/com/fasterxml/jackson/jaxrs/jackson-jaxrs-json-provider/2.13.4/jackson-jaxrs-json-provider-2.13.4.jar:/home/runner/.m2/repository/com/fasterxml/jackson/jaxrs/jackson-jaxrs-base/2.13.4/jackson-jaxrs-base-2.13.4.jar:/home/runner/.m2/repository/org/apache/hadoop/hadoop-yarn-client/3.3.6/hadoop-yarn-client-3.3.6.jar:/home/runner/.m2/repository/org/eclipse/jetty/websocket/websocket-client/9.4.51.v20230217/websocket-client-9.4.51.v20230217.jar:/home/runner/.m2/repository/org/eclipse/jetty/websocket/websocket-common/9.4.51.v20230217/websocket-common-9.4.51.v20230217.jar:/home/runner/.m2/repository/org/eclipse/jetty/websocket/websocket-api/9.4.51.v20230217/websocket-api-9.4.51.v20230217.jar:/home/runner/.m2/repository/org/jline/jline/3.9.0/jline-3.9.0.jar:/home/runner/.m2/repository/org/apache/hadoop/hadoop-mapreduce-client-core/3.3.6/hadoop-mapreduce-client-core-3.3.6.jar:/home/runner/.m2/repository/org/apache/avro/avro/1.7.7/avro-1.7.7.jar:/home/runner/.m2/repository/com/thoughtworks/paranamer/paranamer/2.3/paranamer-2.3.jar:/home/runner/.m2/repository/org/apache/hadoop/hadoop-annotations/3.3.6/hadoop-annotations-3.3.6.jar:/usr/lib/jvm/temurin-8-jdk-amd64/jre/../lib/tools.jar:/home/runner/.m2/repository/io/netty/netty/3.10.6.Final/netty-3.10.6.Final.jar:/home/runner/.m2/repository/org/apache/hadoop/hadoop-distcp/3.3.6/hadoop-distcp-3.3.6-tests.jar:/home/runner/.m2/repository/org/slf4j/jul-to-slf4j/1.7.36/jul-to-slf4j-1.7.36.jar:"/>
    <property name="sun.cpu.endian" value="little"/>
    <property name="user.home" value="/home/runner"/>
    <property name="user.language" value="en"/>
    <property name="java.specification.vendor" value="Oracle Corporation"/>
    <property name="java.home" value="/usr/lib/jvm/temurin-8-jdk-amd64/jre"/>
    <property name="java.security.krb5.conf" value="/home/runner/work/ozone/ozone/hadoop-ozone/integration-test/target/test-dir/TestSecureOzoneCluster/1692857187668/krb5.conf"/>
    <property name="file.separator" value="/"/>
    <property name="basedir" value="/home/runner/work/ozone/ozone/hadoop-ozone/integration-test"/>
    <property name="line.separator" value="&#10;"/>
    <property name="java.vm.specification.vendor" value="Oracle Corporation"/>
    <property name="java.specification.name" value="Java Platform API Specification"/>
    <property name="skip.installnpx" value="true"/>
    <property name="java.awt.graphicsenv" value="sun.awt.X11GraphicsEnvironment"/>
    <property name="surefire.real.class.path" value="/home/runner/work/ozone/ozone/hadoop-ozone/integration-test/target/surefire/surefirebooter4828582537535372694.jar:/home/runner/.m2/repository/org/jacoco/org.jacoco.agent/0.8.5/org.jacoco.agent-0.8.5-runtime.jar"/>
    <property name="sun.boot.class.path" value="/usr/lib/jvm/temurin-8-jdk-amd64/jre/lib/resources.jar:/usr/lib/jvm/temurin-8-jdk-amd64/jre/lib/rt.jar:/usr/lib/jvm/temurin-8-jdk-amd64/jre/lib/sunrsasign.jar:/usr/lib/jvm/temurin-8-jdk-amd64/jre/lib/jsse.jar:/usr/lib/jvm/temurin-8-jdk-amd64/jre/lib/jce.jar:/usr/lib/jvm/temurin-8-jdk-amd64/jre/lib/charsets.jar:/usr/lib/jvm/temurin-8-jdk-amd64/jre/lib/jfr.jar:/usr/lib/jvm/temurin-8-jdk-amd64/jre/classes"/>
    <property name="hadoop.log.dir" value="/home/runner/work/ozone/ozone/hadoop-ozone/integration-test/target/log"/>
    <property name="sun.management.compiler" value="HotSpot 64-Bit Tiered Compilers"/>
    <property name="java.runtime.version" value="1.8.0_382-b05"/>
    <property name="skip.npx" value="true"/>
    <property name="user.name" value="runner"/>
    <property name="java.net.preferIPv4Stack" value="true"/>
    <property name="path.separator" value=":"/>
    <property name="java.security.egd" value="file:///dev/urandom"/>
    <property name="os.version" value="5.15.0-1042-azure"/>
    <property name="java.endorsed.dirs" value="/usr/lib/jvm/temurin-8-jdk-amd64/jre/lib/endorsed"/>
    <property name="java.runtime.name" value="OpenJDK Runtime Environment"/>
    <property name="file.encoding" value="UTF-8"/>
    <property name="java.vm.name" value="OpenJDK 64-Bit Server VM"/>
    <property name="test.build.webapps" value=""/>
    <property name="localRepository" value="/home/runner/.m2/repository"/>
    <property name="jetty.git.hash" value="b45c405e4544384de066f814ed42ae3dceacdd49"/>
    <property name="java.vendor.url.bug" value="https://github.com/adoptium/adoptium-support/issues"/>
    <property name="require.test.libhadoop" value=""/>
    <property name="java.io.tmpdir" value="/tmp"/>
    <property name="java.version" value="1.8.0_382"/>
    <property name="user.dir" value="/home/runner/work/ozone/ozone/hadoop-ozone/integration-test"/>
    <property name="os.arch" value="amd64"/>
    <property name="test.build.classes" value="/home/runner/work/ozone/ozone/hadoop-ozone/integration-test/target/test-classes"/>
    <property name="java.vm.specification.name" value="Java Virtual Machine Specification"/>
    <property name="java.awt.printerjob" value="sun.print.PSPrinterJob"/>
    <property name="sun.os.patch.level" value="unknown"/>
    <property name="org.apache.ratis.thirdparty.io.netty.allocator.useCacheForAllThreads" value="false"/>
    <property name="hadoop.tmp.dir" value="/home/runner/work/ozone/ozone/hadoop-ozone/integration-test/target/tmp"/>
    <property name="java.library.path" value="/usr/java/packages/lib/amd64:/usr/lib64:/lib64:/lib:/usr/lib"/>
    <property name="java.vendor" value="Temurin"/>
    <property name="java.vm.info" value="mixed mode"/>
    <property name="java.vm.version" value="25.382-b05"/>
    <property name="java.specification.maintenance.version" value="5"/>
    <property name="sun.io.unicode.encoding" value="UnicodeLittle"/>
    <property name="java.ext.dirs" value="/usr/lib/jvm/temurin-8-jdk-amd64/jre/lib/ext:/usr/java/packages/lib/ext"/>
    <property name="java.class.version" value="52.0"/>
  </properties>
  <testcase name="testSCMSecurityProtocol" classname="org.apache.hadoop.ozone.TestSecureOzoneCluster" time="8.139">
    <system-out><![CDATA[2023-08-24 06:04:14,544 [Time-limited test] INFO  net.ServerSocketUtil (ServerSocketUtil.java:getPort(55)) - Using port 9860
2023-08-24 06:04:14,546 [Time-limited test] INFO  net.ServerSocketUtil (ServerSocketUtil.java:getPort(55)) - Using port 9861
2023-08-24 06:04:14,546 [Time-limited test] INFO  net.ServerSocketUtil (ServerSocketUtil.java:getPort(55)) - Using port 9863
2023-08-24 06:04:14,546 [Time-limited test] INFO  net.ServerSocketUtil (ServerSocketUtil.java:getPort(55)) - Using port 9961
2023-08-24 06:04:14,546 [Time-limited test] INFO  net.ServerSocketUtil (ServerSocketUtil.java:getPort(55)) - Using port 1200
2023-08-24 06:04:14,547 [Time-limited test] INFO  net.ServerSocketUtil (ServerSocketUtil.java:getPort(55)) - Using port 1201
2023-08-24 06:04:14,553 [Time-limited test] INFO  minikdc.MiniKdc (MiniKdc.java:<init>(225)) - Configuration:
2023-08-24 06:04:14,554 [Time-limited test] INFO  minikdc.MiniKdc (MiniKdc.java:<init>(226)) - ---------------------------------------------------------------
2023-08-24 06:04:14,555 [Time-limited test] INFO  minikdc.MiniKdc (MiniKdc.java:<init>(228)) -   debug: false
2023-08-24 06:04:14,556 [Time-limited test] INFO  minikdc.MiniKdc (MiniKdc.java:<init>(228)) -   transport: TCP
2023-08-24 06:04:14,556 [Time-limited test] INFO  minikdc.MiniKdc (MiniKdc.java:<init>(228)) -   max.ticket.lifetime: 86400000
2023-08-24 06:04:14,556 [Time-limited test] INFO  minikdc.MiniKdc (MiniKdc.java:<init>(228)) -   org.name: EXAMPLE
2023-08-24 06:04:14,557 [Time-limited test] INFO  minikdc.MiniKdc (MiniKdc.java:<init>(228)) -   kdc.port: 0
2023-08-24 06:04:14,557 [Time-limited test] INFO  minikdc.MiniKdc (MiniKdc.java:<init>(228)) -   org.domain: COM
2023-08-24 06:04:14,557 [Time-limited test] INFO  minikdc.MiniKdc (MiniKdc.java:<init>(228)) -   max.renewable.lifetime: 604800000
2023-08-24 06:04:14,557 [Time-limited test] INFO  minikdc.MiniKdc (MiniKdc.java:<init>(228)) -   instance: DefaultKrbServer
2023-08-24 06:04:14,558 [Time-limited test] INFO  minikdc.MiniKdc (MiniKdc.java:<init>(228)) -   kdc.bind.address: localhost
2023-08-24 06:04:14,558 [Time-limited test] INFO  minikdc.MiniKdc (MiniKdc.java:<init>(230)) - ---------------------------------------------------------------
2023-08-24 06:04:14,652 [Time-limited test] INFO  minikdc.MiniKdc (MiniKdc.java:start(285)) - MiniKdc started.
2023-08-24 06:04:15,757 [Time-limited test] INFO  audit.AuditLogger (AuditLogger.java:refreshDebugCmdSet(126)) - Refresh DebugCmdSet for OMAudit to [].
2023-08-24 06:04:16,082 [Time-limited test] INFO  om.OzoneManager (OzoneManager.java:getOmDetailsProto(4552)) - OzoneManager ports added:[name: "RPC"
value: 1202
]
2023-08-24 06:04:16,092 [Time-limited test] WARN  server.ServerUtils (ServerUtils.java:getScmDbDir(155)) - ozone.scm.db.dirs is not configured. We recommend adding this setting. Falling back to ozone.metadata.dirs instead.
2023-08-24 06:04:16,249 [Time-limited test] INFO  reflections.Reflections (Reflections.java:scan(232)) - Reflections took 127 ms to scan 7 urls, producing 161 keys and 379 values 
2023-08-24 06:04:16,326 [Time-limited test] INFO  ha.HASecurityUtils (HASecurityUtils.java:initializeSecurity(98)) - Initializing secure StorageContainerManager.
2023-08-24 06:04:16,450 [Time-limited test] INFO  client.SCMCertificateClient (DefaultCertificateClient.java:updateCertSerialId(1244)) - Certificate serial ID set to null
2023-08-24 06:04:16,451 [Time-limited test] ERROR client.SCMCertificateClient (DefaultCertificateClient.java:getCertPath(362)) - Default certificate serial id is not set. Can't locate the default certificate for this client.
2023-08-24 06:04:16,452 [Time-limited test] INFO  client.SCMCertificateClient (DefaultCertificateClient.java:init(715)) - Certificate client init case: 0
2023-08-24 06:04:16,453 [Time-limited test] INFO  client.SCMCertificateClient (SCMCertificateClient.java:handleCase(103)) - Creating keypair for client as keypair and certificate not found.
2023-08-24 06:04:16,718 [Time-limited test] INFO  ha.HASecurityUtils (HASecurityUtils.java:initializeSecurity(108)) - Init response: GETCERT
2023-08-24 06:04:17,152 [Time-limited test] INFO  ozone.OzoneSecurityUtil (OzoneSecurityUtil.java:getValidInetsForCurrentHost(119)) - ip:fe80:0:0:0:6245:bdff:fe7e:9bc0%eth0 not returned.
2023-08-24 06:04:17,153 [Time-limited test] INFO  ozone.OzoneSecurityUtil (OzoneSecurityUtil.java:getValidInetsForCurrentHost(116)) - Adding ip:10.1.0.20,host:fv-az582-512.vyw2dcplbgbehesrvt3jseauje.cx.internal.cloudapp.net
2023-08-24 06:04:17,153 [Time-limited test] INFO  ozone.OzoneSecurityUtil (OzoneSecurityUtil.java:getValidInetsForCurrentHost(119)) - ip:0:0:0:0:0:0:0:1%lo not returned.
2023-08-24 06:04:17,153 [Time-limited test] INFO  ozone.OzoneSecurityUtil (OzoneSecurityUtil.java:getValidInetsForCurrentHost(119)) - ip:127.0.0.1 not returned.
2023-08-24 06:04:17,211 [Time-limited test] INFO  utils.SelfSignedCertificate (SelfSignedCertificate.java:generateCertificate(157)) - Certificate 1 is issued by CN=scm-1@fv-az582-512,OU=9f9e7841-5c2c-4d82-a475-0f5b5219cdf8,O=a3e2a8cb-4f07-4ffd-8e8a-561dbc498e99 to CN=scm-1@fv-az582-512,OU=9f9e7841-5c2c-4d82-a475-0f5b5219cdf8,O=a3e2a8cb-4f07-4ffd-8e8a-561dbc498e99, valid from Thu Aug 24 06:04:17 UTC 2023 to Sun Oct 01 06:04:17 UTC 2028
2023-08-24 06:04:17,224 [Time-limited test] INFO  utils.CertificateCodec (CertificateCodec.java:writeCertificate(299)) - Save certificate to /tmp/junit4101066562031472969/junit5647809238500599492/scm-meta/scm/ca/certs/certificate.crt
2023-08-24 06:04:17,225 [Time-limited test] INFO  utils.CertificateCodec (CertificateCodec.java:writeCertificate(300)) - Certificate -----BEGIN CERTIFICATE-----
MIID5zCCAs+gAwIBAgIBATANBgkqhkiG9w0BAQsFADB7MRswGQYDVQQDDBJzY20t
MUBmdi1hejU4Mi01MTIxLTArBgNVBAsMJDlmOWU3ODQxLTVjMmMtNGQ4Mi1hNDc1
LTBmNWI1MjE5Y2RmODEtMCsGA1UECgwkYTNlMmE4Y2ItNGYwNy00ZmZkLThlOGEt
NTYxZGJjNDk4ZTk5MB4XDTIzMDgyNDA2MDQxN1oXDTI4MTAwMTA2MDQxN1owezEb
MBkGA1UEAwwSc2NtLTFAZnYtYXo1ODItNTEyMS0wKwYDVQQLDCQ5ZjllNzg0MS01
YzJjLTRkODItYTQ3NS0wZjViNTIxOWNkZjgxLTArBgNVBAoMJGEzZTJhOGNiLTRm
MDctNGZmZC04ZThhLTU2MWRiYzQ5OGU5OTCCASIwDQYJKoZIhvcNAQEBBQADggEP
ADCCAQoCggEBALIZEoGxFqVuNTsbutNc0VTY+zhvOEwW+7457WMje4Z4BJQRQolc
YA7fWCaXK3KOALzWT0JbcgGSdAtmTfbqAbS51Lll0DVjTaOvmaRV0Z9CAxK6QMDX
dtLuCHPk5oCIOW0RL6yYTx+Diuj4vj+klxai5f+wXSVA12ruqvxRQHD58qmDdJV7
swISQGe36rQtuw7JkOaw38uJGjeLil2CcNCB0+GPpkgDehkAD76cEPYfM6hxWp3M
Nj35bCHpyfTZ7WrkTGW3jdrqVxZd3ZHqoCWcGRby4Y26v+5Nwk3QrN0AxIFY9mKp
8jIQAv7j3YoiABhFihqcSbPSDUJ6Qo1kKwsCAwEAAaN2MHQwDwYDVR0TAQH/BAUw
AwEB/zAOBgNVHQ8BAf8EBAMCAQYwUQYDVR0RBEowSIcECgEAFIJAZnYtYXo1ODIt
NTEyLnZ5dzJkY3BsYmdiZWhlc3J2dDNqc2VhdWplLmN4LmludGVybmFsLmNsb3Vk
YXBwLm5ldDANBgkqhkiG9w0BAQsFAAOCAQEAK/M7emSCGXLDj78Fc9msaqRTTsA5
41d1S5hX83RJB7DcDzFrhqJDyjg3+ZwwEKkxlaCbxySrZ/YucNCdJwo1hZQd9xxG
U/rU0xNKQzoC5BjNn3FnMLNWZ36ztmi/O89vsb2pyXgXoh6f+dw9VW7YjK/cEymC
UgmY9jJI9HGwBbA5tly9Qm08RL8rFQHILf4vVNe2VX+kgd4cferGRMvNVY1TS+DR
2TMGne4NIK2XiD/eeMEJ+4DBcV331Hq3XT4/RZ1gB0/18ZYvc3TkGeKMjxOqbXK1
X33Cc2sm3i6OZHbC37MB0wHLlAo4w95htW2VgbTf5SKi9xYyGjLHshnuSQ==
-----END CERTIFICATE-----

2023-08-24 06:04:17,285 [Time-limited test] INFO  client.SCMCertificateClient (SCMCertificateClient.java:getCSRBuilder(165)) - Creating csr for SCM->hostName:fv-az582-512,scmId:9f9e7841-5c2c-4d82-a475-0f5b5219cdf8,clusterId:a3e2a8cb-4f07-4ffd-8e8a-561dbc498e99,subject:scm-sub-1524565631170@fv-az582-512
2023-08-24 06:04:17,285 [Time-limited test] INFO  ozone.OzoneSecurityUtil (OzoneSecurityUtil.java:getValidInetsForCurrentHost(119)) - ip:fe80:0:0:0:6245:bdff:fe7e:9bc0%eth0 not returned.
2023-08-24 06:04:17,286 [Time-limited test] INFO  ozone.OzoneSecurityUtil (OzoneSecurityUtil.java:getValidInetsForCurrentHost(116)) - Adding ip:10.1.0.20,host:fv-az582-512.vyw2dcplbgbehesrvt3jseauje.cx.internal.cloudapp.net
2023-08-24 06:04:17,286 [Time-limited test] INFO  ozone.OzoneSecurityUtil (OzoneSecurityUtil.java:getValidInetsForCurrentHost(119)) - ip:0:0:0:0:0:0:0:1%lo not returned.
2023-08-24 06:04:17,286 [Time-limited test] INFO  ozone.OzoneSecurityUtil (OzoneSecurityUtil.java:getValidInetsForCurrentHost(119)) - ip:127.0.0.1 not returned.
2023-08-24 06:04:17,287 [Time-limited test] INFO  ha.HASecurityUtils (HASecurityUtils.java:generateCSR(308)) - Creating csr for SCM->hostName:fv-az582-512,scmId:9f9e7841-5c2c-4d82-a475-0f5b5219cdf8,clusterId:a3e2a8cb-4f07-4ffd-8e8a-561dbc498e99,subject:scm-sub-1524567713850@fv-az582-512
2023-08-24 06:04:17,331 [Time-limited test] INFO  authority.DefaultApprover (DefaultApprover.java:sign(154)) - Extensions in CSR: 2.5.29.19, 2.5.29.15, 2.5.29.17
2023-08-24 06:04:17,332 [Time-limited test] INFO  authority.DefaultApprover (DefaultApprover.java:sign(158)) - Extensions to add to the certificate if they present in CSR: 2.5.29.17, 2.5.29.19, 1.3.6.1.5.5.7.1.12, 2.5.29.35, 2.5.29.37, 2.5.29.15
2023-08-24 06:04:17,355 [Time-limited test] INFO  utils.CertificateCodec (CertificateCodec.java:writeCertificate(299)) - Save certificate to /tmp/junit4101066562031472969/junit5647809238500599492/scm-meta/scm/sub-ca/certs/CA-1.crt
2023-08-24 06:04:17,355 [Time-limited test] INFO  utils.CertificateCodec (CertificateCodec.java:writeCertificate(300)) - Certificate -----BEGIN CERTIFICATE-----
MIID5zCCAs+gAwIBAgIBATANBgkqhkiG9w0BAQsFADB7MRswGQYDVQQDDBJzY20t
MUBmdi1hejU4Mi01MTIxLTArBgNVBAsMJDlmOWU3ODQxLTVjMmMtNGQ4Mi1hNDc1
LTBmNWI1MjE5Y2RmODEtMCsGA1UECgwkYTNlMmE4Y2ItNGYwNy00ZmZkLThlOGEt
NTYxZGJjNDk4ZTk5MB4XDTIzMDgyNDA2MDQxN1oXDTI4MTAwMTA2MDQxN1owezEb
MBkGA1UEAwwSc2NtLTFAZnYtYXo1ODItNTEyMS0wKwYDVQQLDCQ5ZjllNzg0MS01
YzJjLTRkODItYTQ3NS0wZjViNTIxOWNkZjgxLTArBgNVBAoMJGEzZTJhOGNiLTRm
MDctNGZmZC04ZThhLTU2MWRiYzQ5OGU5OTCCASIwDQYJKoZIhvcNAQEBBQADggEP
ADCCAQoCggEBALIZEoGxFqVuNTsbutNc0VTY+zhvOEwW+7457WMje4Z4BJQRQolc
YA7fWCaXK3KOALzWT0JbcgGSdAtmTfbqAbS51Lll0DVjTaOvmaRV0Z9CAxK6QMDX
dtLuCHPk5oCIOW0RL6yYTx+Diuj4vj+klxai5f+wXSVA12ruqvxRQHD58qmDdJV7
swISQGe36rQtuw7JkOaw38uJGjeLil2CcNCB0+GPpkgDehkAD76cEPYfM6hxWp3M
Nj35bCHpyfTZ7WrkTGW3jdrqVxZd3ZHqoCWcGRby4Y26v+5Nwk3QrN0AxIFY9mKp
8jIQAv7j3YoiABhFihqcSbPSDUJ6Qo1kKwsCAwEAAaN2MHQwDwYDVR0TAQH/BAUw
AwEB/zAOBgNVHQ8BAf8EBAMCAQYwUQYDVR0RBEowSIcECgEAFIJAZnYtYXo1ODIt
NTEyLnZ5dzJkY3BsYmdiZWhlc3J2dDNqc2VhdWplLmN4LmludGVybmFsLmNsb3Vk
YXBwLm5ldDANBgkqhkiG9w0BAQsFAAOCAQEAK/M7emSCGXLDj78Fc9msaqRTTsA5
41d1S5hX83RJB7DcDzFrhqJDyjg3+ZwwEKkxlaCbxySrZ/YucNCdJwo1hZQd9xxG
U/rU0xNKQzoC5BjNn3FnMLNWZ36ztmi/O89vsb2pyXgXoh6f+dw9VW7YjK/cEymC
UgmY9jJI9HGwBbA5tly9Qm08RL8rFQHILf4vVNe2VX+kgd4cferGRMvNVY1TS+DR
2TMGne4NIK2XiD/eeMEJ+4DBcV331Hq3XT4/RZ1gB0/18ZYvc3TkGeKMjxOqbXK1
X33Cc2sm3i6OZHbC37MB0wHLlAo4w95htW2VgbTf5SKi9xYyGjLHshnuSQ==
-----END CERTIFICATE-----

2023-08-24 06:04:17,360 [Time-limited test] INFO  utils.CertificateCodec (CertificateCodec.java:writeCertificate(299)) - Save certificate to /tmp/junit4101066562031472969/junit5647809238500599492/scm-meta/scm/sub-ca/certs/1524611112649.crt
2023-08-24 06:04:17,360 [Time-limited test] INFO  utils.CertificateCodec (CertificateCodec.java:writeCertificate(300)) - Certificate -----BEGIN CERTIFICATE-----
MIID/TCCAuWgAwIBAgIGAWL5517JMA0GCSqGSIb3DQEBCwUAMHsxGzAZBgNVBAMM
EnNjbS0xQGZ2LWF6NTgyLTUxMjEtMCsGA1UECwwkOWY5ZTc4NDEtNWMyYy00ZDgy
LWE0NzUtMGY1YjUyMTljZGY4MS0wKwYDVQQKDCRhM2UyYThjYi00ZjA3LTRmZmQt
OGU4YS01NjFkYmM0OThlOTkwHhcNMjMwODI0MDYwNDE3WhcNMjgxMDAxMDYwNDE3
WjCBizErMCkGA1UEAwwic2NtLXN1Yi0xNTI0NTY3NzEzODUwQGZ2LWF6NTgyLTUx
MjEtMCsGA1UECwwkOWY5ZTc4NDEtNWMyYy00ZDgyLWE0NzUtMGY1YjUyMTljZGY4
MS0wKwYDVQQKDCRhM2UyYThjYi00ZjA3LTRmZmQtOGU4YS01NjFkYmM0OThlOTkw
ggEiMA0GCSqGSIb3DQEBAQUAA4IBDwAwggEKAoIBAQDazV2f9Gn+imT8TqjABuip
VGkQW5mOlDDBZg7Z7L1+KNtzLem/fEETaBvObRYaDlh10qIJPYVu7cya4OwukUfI
kNIbFF/zWyWrFDblJ77tj/kmrDVs0sSHVTDg1BID2eyItb2M1gCRQZmOn420Tj4H
NJjZLZ3sfXeLI/2dZ4RYNR5zJ4ppoj03PwqTcW6PkhDeAHi4gB84r0Pw/aptJTy2
5jrm8fH4pyEoj5PDeluouhx1NF5xp6J3XHmUWpWRsOTgarQ8Zn5wtZetJztv6Fwz
Xes9ddTAFwDNjcRKEAeTnNLeqheW9XzZnpimfwIfUm3k0TlhxFwKksSaSqI9A6OB
AgMBAAGjdjB0MFEGA1UdEQRKMEiHBAoBABSCQGZ2LWF6NTgyLTUxMi52eXcyZGNw
bGJnYmVoZXNydnQzanNlYXVqZS5jeC5pbnRlcm5hbC5jbG91ZGFwcC5uZXQwDwYD
VR0TAQH/BAUwAwEB/zAOBgNVHQ8BAf8EBAMCAb4wDQYJKoZIhvcNAQELBQADggEB
AKG2Lu6Bw0PtGd0nEosRJE9EPEVfqrh+VQpLiJ+L5PqVS3cHjte2v9u1U9k6BXWT
QVfcZesh9qEATM7mplPiNjPO8KqSqN4n0oWyy0PIXDLdqiwcMHC+qw9myFwigmUx
T9fxyZjpNVQsdwyYfnkIkJ5ZZ9Kdc+XQKneRyL5won05lH5Y+iIMKYspMvsGC7r1
pDZAVyBlpzAQT0bQb3Wg5IpfSDi0qvkaqTgCSQ7bh3F5huKa4Didu67UsyIwnjVS
M6axcG6wEuJJZEnTLBLwoOLO3KVb1GXipd5fiwnxgiPQzrNWINX+esnlaL3Ry2DX
6EP9vrgE0/m2apGONLl7qRI=
-----END CERTIFICATE-----

-----BEGIN CERTIFICATE-----
MIID5zCCAs+gAwIBAgIBATANBgkqhkiG9w0BAQsFADB7MRswGQYDVQQDDBJzY20t
MUBmdi1hejU4Mi01MTIxLTArBgNVBAsMJDlmOWU3ODQxLTVjMmMtNGQ4Mi1hNDc1
LTBmNWI1MjE5Y2RmODEtMCsGA1UECgwkYTNlMmE4Y2ItNGYwNy00ZmZkLThlOGEt
NTYxZGJjNDk4ZTk5MB4XDTIzMDgyNDA2MDQxN1oXDTI4MTAwMTA2MDQxN1owezEb
MBkGA1UEAwwSc2NtLTFAZnYtYXo1ODItNTEyMS0wKwYDVQQLDCQ5ZjllNzg0MS01
YzJjLTRkODItYTQ3NS0wZjViNTIxOWNkZjgxLTArBgNVBAoMJGEzZTJhOGNiLTRm
MDctNGZmZC04ZThhLTU2MWRiYzQ5OGU5OTCCASIwDQYJKoZIhvcNAQEBBQADggEP
ADCCAQoCggEBALIZEoGxFqVuNTsbutNc0VTY+zhvOEwW+7457WMje4Z4BJQRQolc
YA7fWCaXK3KOALzWT0JbcgGSdAtmTfbqAbS51Lll0DVjTaOvmaRV0Z9CAxK6QMDX
dtLuCHPk5oCIOW0RL6yYTx+Diuj4vj+klxai5f+wXSVA12ruqvxRQHD58qmDdJV7
swISQGe36rQtuw7JkOaw38uJGjeLil2CcNCB0+GPpkgDehkAD76cEPYfM6hxWp3M
Nj35bCHpyfTZ7WrkTGW3jdrqVxZd3ZHqoCWcGRby4Y26v+5Nwk3QrN0AxIFY9mKp
8jIQAv7j3YoiABhFihqcSbPSDUJ6Qo1kKwsCAwEAAaN2MHQwDwYDVR0TAQH/BAUw
AwEB/zAOBgNVHQ8BAf8EBAMCAQYwUQYDVR0RBEowSIcECgEAFIJAZnYtYXo1ODIt
NTEyLnZ5dzJkY3BsYmdiZWhlc3J2dDNqc2VhdWplLmN4LmludGVybmFsLmNsb3Vk
YXBwLm5ldDANBgkqhkiG9w0BAQsFAAOCAQEAK/M7emSCGXLDj78Fc9msaqRTTsA5
41d1S5hX83RJB7DcDzFrhqJDyjg3+ZwwEKkxlaCbxySrZ/YucNCdJwo1hZQd9xxG
U/rU0xNKQzoC5BjNn3FnMLNWZ36ztmi/O89vsb2pyXgXoh6f+dw9VW7YjK/cEymC
UgmY9jJI9HGwBbA5tly9Qm08RL8rFQHILf4vVNe2VX+kgd4cferGRMvNVY1TS+DR
2TMGne4NIK2XiD/eeMEJ+4DBcV331Hq3XT4/RZ1gB0/18ZYvc3TkGeKMjxOqbXK1
X33Cc2sm3i6OZHbC37MB0wHLlAo4w95htW2VgbTf5SKi9xYyGjLHshnuSQ==
-----END CERTIFICATE-----

2023-08-24 06:04:17,361 [Time-limited test] INFO  utils.CertificateCodec (CertificateCodec.java:writeCertificate(299)) - Save certificate to /tmp/junit4101066562031472969/junit5647809238500599492/scm-meta/scm/sub-ca/certs/certificate.crt
2023-08-24 06:04:17,361 [Time-limited test] INFO  utils.CertificateCodec (CertificateCodec.java:writeCertificate(300)) - Certificate -----BEGIN CERTIFICATE-----
MIID/TCCAuWgAwIBAgIGAWL5517JMA0GCSqGSIb3DQEBCwUAMHsxGzAZBgNVBAMM
EnNjbS0xQGZ2LWF6NTgyLTUxMjEtMCsGA1UECwwkOWY5ZTc4NDEtNWMyYy00ZDgy
LWE0NzUtMGY1YjUyMTljZGY4MS0wKwYDVQQKDCRhM2UyYThjYi00ZjA3LTRmZmQt
OGU4YS01NjFkYmM0OThlOTkwHhcNMjMwODI0MDYwNDE3WhcNMjgxMDAxMDYwNDE3
WjCBizErMCkGA1UEAwwic2NtLXN1Yi0xNTI0NTY3NzEzODUwQGZ2LWF6NTgyLTUx
MjEtMCsGA1UECwwkOWY5ZTc4NDEtNWMyYy00ZDgyLWE0NzUtMGY1YjUyMTljZGY4
MS0wKwYDVQQKDCRhM2UyYThjYi00ZjA3LTRmZmQtOGU4YS01NjFkYmM0OThlOTkw
ggEiMA0GCSqGSIb3DQEBAQUAA4IBDwAwggEKAoIBAQDazV2f9Gn+imT8TqjABuip
VGkQW5mOlDDBZg7Z7L1+KNtzLem/fEETaBvObRYaDlh10qIJPYVu7cya4OwukUfI
kNIbFF/zWyWrFDblJ77tj/kmrDVs0sSHVTDg1BID2eyItb2M1gCRQZmOn420Tj4H
NJjZLZ3sfXeLI/2dZ4RYNR5zJ4ppoj03PwqTcW6PkhDeAHi4gB84r0Pw/aptJTy2
5jrm8fH4pyEoj5PDeluouhx1NF5xp6J3XHmUWpWRsOTgarQ8Zn5wtZetJztv6Fwz
Xes9ddTAFwDNjcRKEAeTnNLeqheW9XzZnpimfwIfUm3k0TlhxFwKksSaSqI9A6OB
AgMBAAGjdjB0MFEGA1UdEQRKMEiHBAoBABSCQGZ2LWF6NTgyLTUxMi52eXcyZGNw
bGJnYmVoZXNydnQzanNlYXVqZS5jeC5pbnRlcm5hbC5jbG91ZGFwcC5uZXQwDwYD
VR0TAQH/BAUwAwEB/zAOBgNVHQ8BAf8EBAMCAb4wDQYJKoZIhvcNAQELBQADggEB
AKG2Lu6Bw0PtGd0nEosRJE9EPEVfqrh+VQpLiJ+L5PqVS3cHjte2v9u1U9k6BXWT
QVfcZesh9qEATM7mplPiNjPO8KqSqN4n0oWyy0PIXDLdqiwcMHC+qw9myFwigmUx
T9fxyZjpNVQsdwyYfnkIkJ5ZZ9Kdc+XQKneRyL5won05lH5Y+iIMKYspMvsGC7r1
pDZAVyBlpzAQT0bQb3Wg5IpfSDi0qvkaqTgCSQ7bh3F5huKa4Didu67UsyIwnjVS
M6axcG6wEuJJZEnTLBLwoOLO3KVb1GXipd5fiwnxgiPQzrNWINX+esnlaL3Ry2DX
6EP9vrgE0/m2apGONLl7qRI=
-----END CERTIFICATE-----

-----BEGIN CERTIFICATE-----
MIID5zCCAs+gAwIBAgIBATANBgkqhkiG9w0BAQsFADB7MRswGQYDVQQDDBJzY20t
MUBmdi1hejU4Mi01MTIxLTArBgNVBAsMJDlmOWU3ODQxLTVjMmMtNGQ4Mi1hNDc1
LTBmNWI1MjE5Y2RmODEtMCsGA1UECgwkYTNlMmE4Y2ItNGYwNy00ZmZkLThlOGEt
NTYxZGJjNDk4ZTk5MB4XDTIzMDgyNDA2MDQxN1oXDTI4MTAwMTA2MDQxN1owezEb
MBkGA1UEAwwSc2NtLTFAZnYtYXo1ODItNTEyMS0wKwYDVQQLDCQ5ZjllNzg0MS01
YzJjLTRkODItYTQ3NS0wZjViNTIxOWNkZjgxLTArBgNVBAoMJGEzZTJhOGNiLTRm
MDctNGZmZC04ZThhLTU2MWRiYzQ5OGU5OTCCASIwDQYJKoZIhvcNAQEBBQADggEP
ADCCAQoCggEBALIZEoGxFqVuNTsbutNc0VTY+zhvOEwW+7457WMje4Z4BJQRQolc
YA7fWCaXK3KOALzWT0JbcgGSdAtmTfbqAbS51Lll0DVjTaOvmaRV0Z9CAxK6QMDX
dtLuCHPk5oCIOW0RL6yYTx+Diuj4vj+klxai5f+wXSVA12ruqvxRQHD58qmDdJV7
swISQGe36rQtuw7JkOaw38uJGjeLil2CcNCB0+GPpkgDehkAD76cEPYfM6hxWp3M
Nj35bCHpyfTZ7WrkTGW3jdrqVxZd3ZHqoCWcGRby4Y26v+5Nwk3QrN0AxIFY9mKp
8jIQAv7j3YoiABhFihqcSbPSDUJ6Qo1kKwsCAwEAAaN2MHQwDwYDVR0TAQH/BAUw
AwEB/zAOBgNVHQ8BAf8EBAMCAQYwUQYDVR0RBEowSIcECgEAFIJAZnYtYXo1ODIt
NTEyLnZ5dzJkY3BsYmdiZWhlc3J2dDNqc2VhdWplLmN4LmludGVybmFsLmNsb3Vk
YXBwLm5ldDANBgkqhkiG9w0BAQsFAAOCAQEAK/M7emSCGXLDj78Fc9msaqRTTsA5
41d1S5hX83RJB7DcDzFrhqJDyjg3+ZwwEKkxlaCbxySrZ/YucNCdJwo1hZQd9xxG
U/rU0xNKQzoC5BjNn3FnMLNWZ36ztmi/O89vsb2pyXgXoh6f+dw9VW7YjK/cEymC
UgmY9jJI9HGwBbA5tly9Qm08RL8rFQHILf4vVNe2VX+kgd4cferGRMvNVY1TS+DR
2TMGne4NIK2XiD/eeMEJ+4DBcV331Hq3XT4/RZ1gB0/18ZYvc3TkGeKMjxOqbXK1
X33Cc2sm3i6OZHbC37MB0wHLlAo4w95htW2VgbTf5SKi9xYyGjLHshnuSQ==
-----END CERTIFICATE-----

2023-08-24 06:04:17,362 [Time-limited test] INFO  ha.HASecurityUtils (HASecurityUtils.java:initializeSecurity(121)) - Successfully stored SCM signed certificate.
2023-08-24 06:04:17,389 [Time-limited test] WARN  server.ServerUtils (ServerUtils.java:getScmDbDir(155)) - ozone.scm.db.dirs is not configured. We recommend adding this setting. Falling back to ozone.metadata.dirs instead.
2023-08-24 06:04:17,393 [Time-limited test] INFO  ha.SCMHANodeDetails (SCMHANodeDetails.java:loadSCMHAConfig(210)) - ServiceID for StorageContainerManager is null
2023-08-24 06:04:17,393 [Time-limited test] INFO  ha.SCMHANodeDetails (SCMHANodeDetails.java:loadSCMHAConfig(215)) - ozone.scm.default.service.id is not defined, falling back to ozone.scm.service.ids to find serviceID for StorageContainerManager if it is HA enabled cluster
2023-08-24 06:04:17,537 [pool-2-thread-1] INFO  request.KdcRequest (KdcRequest.java:preauth(651)) - The preauth data is empty.
2023-08-24 06:04:17,542 [pool-2-thread-1] INFO  server.KdcHandler (KdcHandler.java:handleRecoverableException(177)) - KRB error occurred while processing request:Additional pre-authentication required
2023-08-24 06:04:17,595 [pool-2-thread-1] INFO  request.AsRequest (AsRequest.java:issueTicket(112)) - AS_REQ ISSUE: authtime 1692857057593,scm/fv-az582-512.vyw2dcplbgbehesrvt3jseauje.cx.internal.cloudapp.net@EXAMPLE.COM for krbtgt/EXAMPLE.COM@EXAMPLE.COM
2023-08-24 06:04:17,604 [Time-limited test] INFO  security.UserGroupInformation (UserGroupInformation.java:loginUserFromKeytab(1132)) - Login successful for user scm/fv-az582-512.vyw2dcplbgbehesrvt3jseauje.cx.internal.cloudapp.net@EXAMPLE.COM using keytab file scm.keytab. Keytab auto renewal enabled : false
2023-08-24 06:04:17,604 [Time-limited test] INFO  server.StorageContainerManager (StorageContainerManager.java:loginAsSCMUserIfSecurityEnabled(1042)) - SCM login successful.
2023-08-24 06:04:17,632 [Time-limited test] INFO  client.SCMCertificateClient (DefaultCertificateClient.java:updateCertSerialId(1244)) - Certificate serial ID set to 1524611112649
2023-08-24 06:04:17,660 [Time-limited test] INFO  client.SCMCertificateClient (DefaultCertificateClient.java:readCertificateFile(237)) - Added certificate   [0]         Version: 3
         SerialNumber: 1
             IssuerDN: CN=scm-1@fv-az582-512,OU=9f9e7841-5c2c-4d82-a475-0f5b5219cdf8,O=a3e2a8cb-4f07-4ffd-8e8a-561dbc498e99
           Start Date: Thu Aug 24 06:04:17 UTC 2023
           Final Date: Sun Oct 01 06:04:17 UTC 2028
            SubjectDN: CN=scm-1@fv-az582-512,OU=9f9e7841-5c2c-4d82-a475-0f5b5219cdf8,O=a3e2a8cb-4f07-4ffd-8e8a-561dbc498e99
           Public Key: RSA Public Key [78:0c:30:9a:73:bf:38:c1:ef:a8:1b:81:e7:4f:55:d4:22:f3:6a:ce],[56:66:d1:a4]
        modulus: b2191281b116a56e353b1bbad35cd154d8fb386f384c16fbbe39ed63237b867804941142895c600edf5826972b728e00bcd64f425b720192740b664df6ea01b4b9d4b965d035634da3af99a455d19f420312ba40c0d776d2ee0873e4e68088396d112fac984f1f838ae8f8be3fa49716a2e5ffb05d2540d76aeeaafc514070f9f2a98374957bb302124067b7eab42dbb0ec990e6b0dfcb891a378b8a5d8270d081d3e18fa648037a19000fbe9c10f61f33a8715a9dcc363df96c21e9c9f4d9ed6ae44c65b78ddaea57165ddd91eaa0259c1916f2e18dbabfee4dc24dd0acdd00c48158f662a9f2321002fee3dd8a220018458a1a9c49b3d20d427a428d642b0b
public exponent: 10001

  Signature Algorithm: SHA256WITHRSA
            Signature: 2bf33b7a64821972c38fbf0573d9ac6aa4534ec0
                       39e357754b9857f3744907b0dc0f316b86a243ca
                       3837f99c3010a93195a09bc724ab67f62e70d09d
                       270a3585941df71c4653fad4d3134a433a02e418
                       cd9f716730b356677eb3b668bf3bcf6fb1bda9c9
                       7817a21e9ff9dc3d556ed88cafdc132982520998
                       f63248f471b005b039b65cbd426d3c44bf2b1501
                       c82dfe2f54d7b6557fa481de1c7deac644cbcd55
                       8d534be0d1d933069dee0d20ad97883fde78c109
                       fb80c1715df7d47ab75d3e3f459d60074ff5f196
                       2f7374e419e28c8f13aa6d72b55f7dc2736b26de
                       2e8e6476c2dfb301d301cb940a38c3de61b56d95
                       81b4dfe522a2f716321a32c7b219ee49
       Extensions: 
                       critical(true) BasicConstraints: isCa(true)
                       critical(true) KeyUsage: 0x6
                       critical(false) 2.5.29.17 value = Sequence
    Tagged [7] IMPLICIT 
        DER Octet String[4] 
    Tagged [2] IMPLICIT 
        DER Octet String[64] 

 from file: /tmp/junit4101066562031472969/junit5647809238500599492/scm-meta/scm/sub-ca/certs/CA-1.crt.
2023-08-24 06:04:17,669 [Time-limited test] INFO  client.SCMCertificateClient (DefaultCertificateClient.java:readCertificateFile(237)) - Added certificate   [0]         Version: 3
         SerialNumber: 1524611112649
             IssuerDN: CN=scm-1@fv-az582-512,OU=9f9e7841-5c2c-4d82-a475-0f5b5219cdf8,O=a3e2a8cb-4f07-4ffd-8e8a-561dbc498e99
           Start Date: Thu Aug 24 06:04:17 UTC 2023
           Final Date: Sun Oct 01 06:04:17 UTC 2028
            SubjectDN: CN=scm-sub-1524567713850@fv-az582-512,OU=9f9e7841-5c2c-4d82-a475-0f5b5219cdf8,O=a3e2a8cb-4f07-4ffd-8e8a-561dbc498e99
           Public Key: RSA Public Key [e8:c2:97:93:02:64:f6:82:6c:32:84:e5:95:95:04:9a:7b:27:2b:fd],[56:66:d1:a4]
        modulus: dacd5d9ff469fe8a64fc4ea8c006e8a95469105b998e9430c1660ed9ecbd7e28db732de9bf7c4113681bce6d161a0e5875d2a2093d856eedcc9ae0ec2e9147c890d21b145ff35b25ab1436e527beed8ff926ac356cd2c4875530e0d41203d9ec88b5bd8cd6009141998e9f8db44e3e073498d92d9dec7d778b23fd9d678458351e73278a69a23d373f0a93716e8f9210de0078b8801f38af43f0fdaa6d253cb6e63ae6f1f1f8a721288f93c37a5ba8ba1c75345e71a7a2775c79945a9591b0e4e06ab43c667e70b597ad273b6fe85c335deb3d75d4c01700cd8dc44a1007939cd2deaa1796f57cd99e98a67f021f526de4d13961c45c0a92c49a4aa23d03a381
public exponent: 10001

  Signature Algorithm: SHA256WITHRSA
            Signature: a1b62eee81c343ed19dd27128b11244f443c455f
                       aab87e550a4b889f8be4fa954b77078ed7b6bfdb
                       b553d93a0575934157dc65eb21f6a1004ccee6a6
                       53e23633cef0aa92a8de27d285b2cb43c85c32dd
                       aa2c1c3070beab0f66c85c228265314fd7f1c998
                       e935542c770c987e7908909e5967d29d73e5d02a
                       7791c8be70a27d39947e58fa220c298b2932fb06
                       0bbaf5a43640572065a730104f46d06f75a0e48a
                       5f4838b4aaf91aa93802490edb87717986e29ae0
                       389dbbaed4b322309e355233a6b1706eb012e249
                       6449d32c12f0a0e2cedca55bd465e2a5de5f8b09
                       f18223d0ceb35620d5fe7ac9e568bdd1cb60d7e8
                       43fdbeb804d3f9b66a918e34b97ba912
       Extensions: 
                       critical(false) 2.5.29.17 value = Sequence
    Tagged [7] IMPLICIT 
        DER Octet String[4] 
    Tagged [2] IMPLICIT 
        DER Octet String[64] 

                       critical(true) BasicConstraints: isCa(true)
                       critical(true) KeyUsage: 0xbe
 from file: /tmp/junit4101066562031472969/junit5647809238500599492/scm-meta/scm/sub-ca/certs/1524611112649.crt.
2023-08-24 06:04:17,675 [Time-limited test] INFO  client.SCMCertificateClient (DefaultCertificateClient.java:readCertificateFile(237)) - Added certificate   [0]         Version: 3
         SerialNumber: 1524611112649
             IssuerDN: CN=scm-1@fv-az582-512,OU=9f9e7841-5c2c-4d82-a475-0f5b5219cdf8,O=a3e2a8cb-4f07-4ffd-8e8a-561dbc498e99
           Start Date: Thu Aug 24 06:04:17 UTC 2023
           Final Date: Sun Oct 01 06:04:17 UTC 2028
            SubjectDN: CN=scm-sub-1524567713850@fv-az582-512,OU=9f9e7841-5c2c-4d82-a475-0f5b5219cdf8,O=a3e2a8cb-4f07-4ffd-8e8a-561dbc498e99
           Public Key: RSA Public Key [e8:c2:97:93:02:64:f6:82:6c:32:84:e5:95:95:04:9a:7b:27:2b:fd],[56:66:d1:a4]
        modulus: dacd5d9ff469fe8a64fc4ea8c006e8a95469105b998e9430c1660ed9ecbd7e28db732de9bf7c4113681bce6d161a0e5875d2a2093d856eedcc9ae0ec2e9147c890d21b145ff35b25ab1436e527beed8ff926ac356cd2c4875530e0d41203d9ec88b5bd8cd6009141998e9f8db44e3e073498d92d9dec7d778b23fd9d678458351e73278a69a23d373f0a93716e8f9210de0078b8801f38af43f0fdaa6d253cb6e63ae6f1f1f8a721288f93c37a5ba8ba1c75345e71a7a2775c79945a9591b0e4e06ab43c667e70b597ad273b6fe85c335deb3d75d4c01700cd8dc44a1007939cd2deaa1796f57cd99e98a67f021f526de4d13961c45c0a92c49a4aa23d03a381
public exponent: 10001

  Signature Algorithm: SHA256WITHRSA
            Signature: a1b62eee81c343ed19dd27128b11244f443c455f
                       aab87e550a4b889f8be4fa954b77078ed7b6bfdb
                       b553d93a0575934157dc65eb21f6a1004ccee6a6
                       53e23633cef0aa92a8de27d285b2cb43c85c32dd
                       aa2c1c3070beab0f66c85c228265314fd7f1c998
                       e935542c770c987e7908909e5967d29d73e5d02a
                       7791c8be70a27d39947e58fa220c298b2932fb06
                       0bbaf5a43640572065a730104f46d06f75a0e48a
                       5f4838b4aaf91aa93802490edb87717986e29ae0
                       389dbbaed4b322309e355233a6b1706eb012e249
                       6449d32c12f0a0e2cedca55bd465e2a5de5f8b09
                       f18223d0ceb35620d5fe7ac9e568bdd1cb60d7e8
                       43fdbeb804d3f9b66a918e34b97ba912
       Extensions: 
                       critical(false) 2.5.29.17 value = Sequence
    Tagged [7] IMPLICIT 
        DER Octet String[4] 
    Tagged [2] IMPLICIT 
        DER Octet String[64] 

                       critical(true) BasicConstraints: isCa(true)
                       critical(true) KeyUsage: 0xbe
 from file: /tmp/junit4101066562031472969/junit5647809238500599492/scm-meta/scm/sub-ca/certs/certificate.crt.
2023-08-24 06:04:17,676 [Time-limited test] INFO  client.SCMCertificateClient (DefaultCertificateClient.java:loadAllCertificates(191)) - CertificateRenewerService and root ca rotation polling is disabled for scm/sub-ca
2023-08-24 06:04:17,744 [Time-limited test] WARN  utils.HAUtils (HAUtils.java:getMetaDir(339)) - ozone.scm.db.dirs is not configured. We recommend adding this setting. Falling back to ozone.metadata.dirs instead.
2023-08-24 06:04:17,906 [Time-limited test] WARN  db.DBStoreBuilder (DBStoreBuilder.java:applyDBDefinition(166)) - ozone.scm.db.dirs is not configured. We recommend adding this setting. Falling back to ozone.metadata.dirs instead.
2023-08-24 06:04:18,104 [Time-limited test] INFO  net.NodeSchemaLoader (NodeSchemaLoader.java:loadSchemaFromFile(129)) - Loading schema from [jar:file:/home/runner/.m2/repository/org/apache/ozone/hdds-common/1.4.0-SNAPSHOT/hdds-common-1.4.0-SNAPSHOT.jar!/network-topology-default.xml]
2023-08-24 06:04:18,105 [Time-limited test] INFO  net.NodeSchemaLoader (NodeSchemaLoader.java:loadSchema(176)) - Loading network topology layer schema file
2023-08-24 06:04:18,147 [Time-limited test] INFO  metrics.MetricRegistries (MetricRegistriesLoader.java:load(64)) - Loaded MetricRegistries class org.apache.ratis.metrics.impl.MetricRegistriesImpl
2023-08-24 06:04:18,163 [Time-limited test] INFO  upgrade.AbstractLayoutVersionManager (AbstractLayoutVersionManager.java:init(83)) - Initializing Layout version manager with metadata layout = HADOOP_PRC_PORTS_IN_DATANODEDETAILS (version = 7), software layout = HADOOP_PRC_PORTS_IN_DATANODEDETAILS (version = 7)
2023-08-24 06:04:18,294 [Time-limited test] INFO  ha.SequenceIdGenerator (SequenceIdGenerator.java:upgradeToSequenceId(365)) - upgrade localId to 111677748019200000
2023-08-24 06:04:18,295 [Time-limited test] INFO  ha.SequenceIdGenerator (SequenceIdGenerator.java:upgradeToSequenceId(375)) - upgrade delTxnId to 0
2023-08-24 06:04:18,302 [Time-limited test] INFO  ha.SequenceIdGenerator (SequenceIdGenerator.java:upgradeToSequenceId(392)) - upgrade containerId to 0
2023-08-24 06:04:18,304 [Time-limited test] INFO  ha.SequenceIdGenerator (SequenceIdGenerator.java:upgradeToSequenceId(428)) - upgrade rootCertificateId to 1
2023-08-24 06:04:18,305 [Time-limited test] INFO  ha.SequenceIdGenerator (SequenceIdGenerator.java:<init>(236)) - Init the HA SequenceIdGenerator.
2023-08-24 06:04:18,364 [Time-limited test] INFO  node.SCMNodeManager (SCMNodeManager.java:<init>(157)) - Entering startup safe mode.
2023-08-24 06:04:18,380 [Time-limited test] INFO  algorithms.ContainerPlacementPolicyFactory (ContainerPlacementPolicyFactory.java:getPolicyInternal(86)) - Create container placement policy of type org.apache.hadoop.hdds.scm.container.placement.algorithms.SCMContainerPlacementRackAware
2023-08-24 06:04:18,383 [Time-limited test] INFO  algorithms.ContainerPlacementPolicyFactory (ContainerPlacementPolicyFactory.java:getPolicyInternal(86)) - Create container placement policy of type org.apache.hadoop.hdds.scm.container.placement.algorithms.SCMContainerPlacementRackScatter
2023-08-24 06:04:18,391 [Time-limited test] INFO  pipeline.PipelineStateManagerImpl (PipelineStateManagerImpl.java:initialize(78)) - No pipeline exists in current db
2023-08-24 06:04:18,413 [Time-limited test] INFO  algorithms.LeaderChoosePolicyFactory (LeaderChoosePolicyFactory.java:getPolicy(57)) - Create leader choose policy of type org.apache.hadoop.hdds.scm.pipeline.leader.choose.algorithms.MinLeaderCountChoosePolicy
2023-08-24 06:04:18,414 [Time-limited test] INFO  algorithms.ContainerPlacementPolicyFactory (ContainerPlacementPolicyFactory.java:getPolicyInternal(86)) - Create container placement policy of type org.apache.hadoop.hdds.scm.container.placement.algorithms.SCMContainerPlacementRackScatter
2023-08-24 06:04:18,420 [Time-limited test] INFO  ha.SCMServiceManager (SCMServiceManager.java:register(42)) - Registering service BackgroundPipelineCreator.
2023-08-24 06:04:18,421 [Time-limited test] INFO  pipeline.BackgroundPipelineCreator (BackgroundPipelineCreator.java:start(124)) - Starting RatisPipelineUtilsThread.
2023-08-24 06:04:18,424 [Time-limited test] INFO  BackgroundPipelineScrubber (BackgroundSCMService.java:start(68)) - Starting BackgroundPipelineScrubber Service.
2023-08-24 06:04:18,426 [Time-limited test] INFO  ha.SCMServiceManager (SCMServiceManager.java:register(42)) - Registering service BackgroundPipelineScrubber.
2023-08-24 06:04:18,432 [Time-limited test] INFO  ExpiredContainerReplicaOpScrubber (BackgroundSCMService.java:start(68)) - Starting ExpiredContainerReplicaOpScrubber Service.
2023-08-24 06:04:18,434 [Time-limited test] INFO  ha.SCMServiceManager (SCMServiceManager.java:register(42)) - Registering service ExpiredContainerReplicaOpScrubber.
2023-08-24 06:04:18,457 [Time-limited test] INFO  algorithms.PipelineChoosePolicyFactory (PipelineChoosePolicyFactory.java:createPipelineChoosePolicyFromClass(78)) - Create pipeline choose policy of type org.apache.hadoop.hdds.scm.pipeline.choose.algorithms.RandomPipelineChoosePolicy
2023-08-24 06:04:18,458 [Time-limited test] INFO  algorithms.PipelineChoosePolicyFactory (PipelineChoosePolicyFactory.java:createPipelineChoosePolicyFromClass(78)) - Create pipeline choose policy of type org.apache.hadoop.hdds.scm.pipeline.choose.algorithms.RandomPipelineChoosePolicy
2023-08-24 06:04:18,479 [Time-limited test] INFO  ha.SCMServiceManager (SCMServiceManager.java:register(42)) - Registering service SCMBlockDeletingService.
2023-08-24 06:04:18,555 [Time-limited test] INFO  replication.ReplicationManager (ReplicationManager.java:start(287)) - Starting Replication Monitor Thread.
2023-08-24 06:04:18,559 [Time-limited test] INFO  ha.SCMServiceManager (SCMServiceManager.java:register(42)) - Registering service ReplicationManager.
2023-08-24 06:04:18,569 [ReplicationMonitor] INFO  replication.ReplicationManager (ReplicationManager.java:processAll(361)) - Replication Manager is not ready to run until 300000ms after safemode exit
2023-08-24 06:04:18,579 [Time-limited test] INFO  safemode.ContainerSafeModeRule (ContainerSafeModeRule.java:<init>(90)) - containers with one replica threshold count 0
2023-08-24 06:04:18,584 [Time-limited test] INFO  safemode.HealthyPipelineSafeModeRule (HealthyPipelineSafeModeRule.java:initializeRule(169)) - Total pipeline count is 0, healthy pipeline threshold count is 0
2023-08-24 06:04:18,587 [Time-limited test] INFO  safemode.OneReplicaPipelineSafeModeRule (OneReplicaPipelineSafeModeRule.java:initializeRule(180)) - Total pipeline count is 0, pipeline's with at least one datanode reported threshold count is 0
2023-08-24 06:04:18,611 [Time-limited test] INFO  authority.DefaultCAServer (DefaultCAServer.java:lambda$processVerificationStatus$0(472)) - CertificateServer validation is successful
2023-08-24 06:04:18,613 [Time-limited test] INFO  authority.DefaultCAServer (DefaultCAServer.java:lambda$processVerificationStatus$0(472)) - CertificateServer validation is successful
2023-08-24 06:04:18,613 [Time-limited test] INFO  server.StorageContainerManager (StorageContainerManager.java:persistPrimarySCMCerts(932)) - Storing sub-ca certificate serialId 1524611112649 on primary SCM
2023-08-24 06:04:18,630 [Time-limited test] INFO  server.SCMCertStore (SCMCertStore.java:storeValidScmCertificate(122)) - Scm certificate 1524611112649 for CN=scm-sub-1524567713850@fv-az582-512,OU=9f9e7841-5c2c-4d82-a475-0f5b5219cdf8,O=a3e2a8cb-4f07-4ffd-8e8a-561dbc498e99 is stored
2023-08-24 06:04:18,630 [Time-limited test] INFO  server.StorageContainerManager (StorageContainerManager.java:persistPrimarySCMCerts(940)) - Storing root certificate serialId 1
2023-08-24 06:04:18,633 [Time-limited test] INFO  server.SCMCertStore (SCMCertStore.java:storeValidScmCertificate(122)) - Scm certificate 1 for CN=scm-1@fv-az582-512,OU=9f9e7841-5c2c-4d82-a475-0f5b5219cdf8,O=a3e2a8cb-4f07-4ffd-8e8a-561dbc498e99 is stored
2023-08-24 06:04:18,659 [Time-limited test] INFO  ipc.CallQueueManager (CallQueueManager.java:<init>(90)) - Using callQueue: class java.util.concurrent.LinkedBlockingQueue, queueCapacity: 200, scheduler: class org.apache.hadoop.ipc.DefaultRpcScheduler, ipcBackoff: false.
2023-08-24 06:04:18,698 [Time-limited test] INFO  ipc.Server (Server.java:<init>(1287)) - Listener at 0.0.0.0:9961
2023-08-24 06:04:18,702 [Socket Reader #1 for port 9961] INFO  ipc.Server (Server.java:run(1323)) - Starting Socket Reader #1 for port 9961
2023-08-24 06:04:18,761 [Time-limited test] INFO  server.StorageContainerManager (StorageContainerManager.java:<init>(425)) - SCM start with adminUsers: [runner, scm]
2023-08-24 06:04:18,783 [Time-limited test] INFO  audit.AuditLogger (AuditLogger.java:refreshDebugCmdSet(126)) - Refresh DebugCmdSet for SCMAudit to [].
2023-08-24 06:04:18,788 [Time-limited test] INFO  ipc.CallQueueManager (CallQueueManager.java:<init>(90)) - Using callQueue: class java.util.concurrent.LinkedBlockingQueue, queueCapacity: 10000, scheduler: class org.apache.hadoop.ipc.DefaultRpcScheduler, ipcBackoff: false.
2023-08-24 06:04:18,789 [Time-limited test] INFO  ipc.Server (Server.java:<init>(1287)) - Listener at 0.0.0.0:9861
2023-08-24 06:04:18,789 [Socket Reader #1 for port 9861] INFO  ipc.Server (Server.java:run(1323)) - Starting Socket Reader #1 for port 9861
2023-08-24 06:04:18,817 [Time-limited test] INFO  audit.AuditLogger (AuditLogger.java:refreshDebugCmdSet(126)) - Refresh DebugCmdSet for SCMAudit to [].
2023-08-24 06:04:18,822 [Time-limited test] INFO  ipc.CallQueueManager (CallQueueManager.java:<init>(90)) - Using callQueue: class java.util.concurrent.LinkedBlockingQueue, queueCapacity: 10000, scheduler: class org.apache.hadoop.ipc.DefaultRpcScheduler, ipcBackoff: false.
2023-08-24 06:04:18,823 [Time-limited test] INFO  ipc.Server (Server.java:<init>(1287)) - Listener at 0.0.0.0:9863
2023-08-24 06:04:18,823 [Socket Reader #1 for port 9863] INFO  ipc.Server (Server.java:run(1323)) - Starting Socket Reader #1 for port 9863
2023-08-24 06:04:18,863 [Time-limited test] INFO  audit.AuditLogger (AuditLogger.java:refreshDebugCmdSet(126)) - Refresh DebugCmdSet for SCMAudit to [].
2023-08-24 06:04:18,874 [Time-limited test] INFO  ipc.CallQueueManager (CallQueueManager.java:<init>(90)) - Using callQueue: class java.util.concurrent.LinkedBlockingQueue, queueCapacity: 10000, scheduler: class org.apache.hadoop.ipc.DefaultRpcScheduler, ipcBackoff: false.
2023-08-24 06:04:18,874 [Time-limited test] INFO  ipc.Server (Server.java:<init>(1287)) - Listener at 0.0.0.0:9860
2023-08-24 06:04:18,874 [Socket Reader #1 for port 9860] INFO  ipc.Server (Server.java:run(1323)) - Starting Socket Reader #1 for port 9860
2023-08-24 06:04:18,916 [Time-limited test] INFO  ha.SCMServiceManager (SCMServiceManager.java:register(42)) - Registering service ContainerBalancer.
2023-08-24 06:04:18,917 [Time-limited test] INFO  server.StorageContainerManager (StorageContainerManager.java:<init>(438)) - 
Container Balancer status:
Key                            Value
Running                        false
Container Balancer Configuration values:
Key                                                Value
Threshold                                          10
Max Datanodes to Involve per Iteration(percent)    20
Max Size to Move per Iteration                     500GB
Max Size Entering Target per Iteration             26GB
Max Size Leaving Source per Iteration              26GB

2023-08-24 06:04:18,917 [Time-limited test] INFO  ha.SCMContext (SCMContext.java:updateSafeModeStatus(228)) - Update SafeModeStatus from SafeModeStatus{safeModeStatus=true, preCheckPassed=false} to SafeModeStatus{safeModeStatus=true, preCheckPassed=false}.
2023-08-24 06:04:18,919 [Time-limited test] INFO  server.StorageContainerManager (StorageContainerManager.java:start(1483)) - StorageContainerLocationProtocol RPC server is listening at /0.0.0.0:9860
2023-08-24 06:04:18,984 [Time-limited test] WARN  impl.MetricsConfig (MetricsConfig.java:loadFirst(136)) - Cannot locate configuration: tried hadoop-metrics2-storagecontainermanager.properties,hadoop-metrics2.properties
2023-08-24 06:04:18,997 [Time-limited test] INFO  impl.MetricsSystemImpl (MetricsSystemImpl.java:startTimer(378)) - Scheduled Metric snapshot period at 10 second(s).
2023-08-24 06:04:18,997 [Time-limited test] INFO  impl.MetricsSystemImpl (MetricsSystemImpl.java:start(191)) - StorageContainerManager metrics system started
2023-08-24 06:04:19,069 [Time-limited test] INFO  server.SCMClientProtocolServer (SCMClientProtocolServer.java:start(201)) - RPC server for Client  is listening at /0.0.0.0:9860
2023-08-24 06:04:19,070 [IPC Server Responder] INFO  ipc.Server (Server.java:run(1562)) - IPC Server Responder: starting
2023-08-24 06:04:19,086 [Time-limited test] INFO  server.StorageContainerManager (StorageContainerManager.java:start(1496)) - ScmBlockLocationProtocol RPC server is listening at /0.0.0.0:9863
2023-08-24 06:04:19,091 [Time-limited test] INFO  server.SCMBlockProtocolServer (SCMBlockProtocolServer.java:start(152)) - RPC server for Block Protocol is listening at /0.0.0.0:9863
2023-08-24 06:04:19,071 [IPC Server listener on 9860] INFO  ipc.Server (Server.java:run(1402)) - IPC Server listener on 9860: starting
2023-08-24 06:04:19,091 [IPC Server listener on 9863] INFO  ipc.Server (Server.java:run(1402)) - IPC Server listener on 9863: starting
2023-08-24 06:04:19,091 [IPC Server Responder] INFO  ipc.Server (Server.java:run(1562)) - IPC Server Responder: starting
2023-08-24 06:04:19,103 [Time-limited test] INFO  server.SCMDatanodeProtocolServer (SCMDatanodeProtocolServer.java:start(193)) - ScmDatanodeProtocol RPC server for DataNodes is listening at /0.0.0.0:9861
2023-08-24 06:04:19,133 [IPC Server listener on 9861] INFO  ipc.Server (Server.java:run(1402)) - IPC Server listener on 9861: starting
2023-08-24 06:04:19,134 [IPC Server Responder] INFO  ipc.Server (Server.java:run(1562)) - IPC Server Responder: starting
2023-08-24 06:04:19,158 [Time-limited test] INFO  server.SCMSecurityProtocolServer (SCMSecurityProtocolServer.java:start(542)) - Starting RPC server for SCMSecurityProtocolServer. is listening at /0.0.0.0:9961
2023-08-24 06:04:19,160 [IPC Server Responder] INFO  ipc.Server (Server.java:run(1562)) - IPC Server Responder: starting
2023-08-24 06:04:19,160 [IPC Server listener on 9961] INFO  ipc.Server (Server.java:run(1402)) - IPC Server listener on 9961: starting
2023-08-24 06:04:19,160 [Time-limited test] INFO  server.SCMUpdateServiceGrpcServer (SCMUpdateServiceGrpcServer.java:start(58)) - SCMUpdateService starting
2023-08-24 06:04:19,402 [JvmPauseMonitor0] INFO  util.JvmPauseMonitor (JvmPauseMonitor.java:run(103)) - JvmPauseMonitor-9f9e7841-5c2c-4d82-a475-0f5b5219cdf8: Started
2023-08-24 06:04:19,404 [Time-limited test] INFO  http.BaseHttpServer (BaseHttpServer.java:newHttpServer2BuilderForOzone(224)) - Starting Web-server for scm at: http://0.0.0.0:9876
2023-08-24 06:04:19,406 [Time-limited test] INFO  http.BaseHttpServer (BaseHttpServer.java:<init>(111)) - Hadoop Security Enabled: true Ozone Security Enabled: true Ozone HTTP Security Enabled: false 
2023-08-24 06:04:19,436 [Time-limited test] INFO  util.log (Log.java:initialized(170)) - Logging initialized @6432ms to org.eclipse.jetty.util.log.Slf4jLog
2023-08-24 06:04:19,523 [Time-limited test] WARN  server.AuthenticationFilter (AuthenticationFilter.java:constructSecretProvider(240)) - Unable to initialize FileSignerSecretProvider, falling back to use random secrets. Reason: Could not read signature secret file: /home/runner/hadoop-http-auth-signature-secret
2023-08-24 06:04:19,529 [Time-limited test] INFO  http.HttpRequestLog (HttpRequestLog.java:getRequestLog(86)) - Http request log for http.requests.scm is not defined
2023-08-24 06:04:19,535 [Time-limited test] INFO  http.HttpServer2 (HttpServer2.java:addGlobalFilter(1031)) - Added global filter 'safety' (class=org.apache.hadoop.hdds.server.http.HttpServer2$QuotingInputFilter)
2023-08-24 06:04:19,538 [Time-limited test] INFO  http.HttpServer2 (HttpServer2.java:addFilter(1007)) - Added filter static_user_filter (class=org.apache.hadoop.http.lib.StaticUserWebFilter$StaticUserFilter) to context scm
2023-08-24 06:04:19,538 [Time-limited test] INFO  http.HttpServer2 (HttpServer2.java:addFilter(1015)) - Added filter static_user_filter (class=org.apache.hadoop.http.lib.StaticUserWebFilter$StaticUserFilter) to context static
2023-08-24 06:04:19,538 [Time-limited test] INFO  http.HttpServer2 (HttpServer2.java:addFilter(1015)) - Added filter static_user_filter (class=org.apache.hadoop.http.lib.StaticUserWebFilter$StaticUserFilter) to context logs
2023-08-24 06:04:19,570 [Time-limited test] INFO  http.BaseHttpServer (BaseHttpServer.java:<init>(190)) - HTTP server of scm uses base directory /tmp/junit4101066562031472969/junit5647809238500599492/scm-meta/webserver
2023-08-24 06:04:19,571 [Time-limited test] INFO  http.HttpServer2 (HttpServer2.java:bindListener(1250)) - Jetty bound to port 9876
2023-08-24 06:04:19,572 [Time-limited test] INFO  server.Server (Server.java:doStart(375)) - jetty-9.4.51.v20230217; built: 2023-02-17T08:19:37.309Z; git: b45c405e4544384de066f814ed42ae3dceacdd49; jvm 1.8.0_382-b05
2023-08-24 06:04:19,601 [Time-limited test] INFO  server.session (DefaultSessionIdManager.java:doStart(334)) - DefaultSessionIdManager workerName=node0
2023-08-24 06:04:19,602 [Time-limited test] INFO  server.session (DefaultSessionIdManager.java:doStart(339)) - No SessionScavenger set, using defaults
2023-08-24 06:04:19,603 [Time-limited test] INFO  server.session (HouseKeeper.java:startScavenging(132)) - node0 Scavenging every 660000ms
2023-08-24 06:04:19,615 [Time-limited test] INFO  handler.ContextHandler (ContextHandler.java:doStart(921)) - Started o.e.j.s.ServletContextHandler@4f0f1bb9{logs,/logs,file:///home/runner/work/ozone/ozone/hadoop-ozone/integration-test/target/log,AVAILABLE}
2023-08-24 06:04:19,616 [Time-limited test] INFO  handler.ContextHandler (ContextHandler.java:doStart(921)) - Started o.e.j.s.ServletContextHandler@4afde7ad{static,/static,file:///home/runner/work/ozone/ozone/hadoop-ozone/integration-test/target/test-classes/webapps/static,AVAILABLE}
2023-08-24 06:04:19,662 [Time-limited test] INFO  handler.ContextHandler (ContextHandler.java:doStart(921)) - Started o.e.j.w.WebAppContext@3fe1927d{scm,/,file:///home/runner/work/ozone/ozone/hadoop-ozone/integration-test/target/test-classes/webapps/scm/,AVAILABLE}{file:/home/runner/work/ozone/ozone/hadoop-ozone/integration-test/target/test-classes/webapps/scm}
2023-08-24 06:04:19,673 [Time-limited test] INFO  server.AbstractConnector (AbstractConnector.java:doStart(333)) - Started ServerConnector@7185a14f{HTTP/1.1, (http/1.1)}{0.0.0.0:9876}
2023-08-24 06:04:19,674 [Time-limited test] INFO  server.Server (Server.java:doStart(415)) - Started @6671ms
2023-08-24 06:04:19,677 [Time-limited test] INFO  impl.MetricsSinkAdapter (MetricsSinkAdapter.java:start(204)) - Sink prometheus started
2023-08-24 06:04:19,677 [Time-limited test] INFO  impl.MetricsSystemImpl (MetricsSystemImpl.java:registerSink(305)) - Registered sink prometheus
2023-08-24 06:04:19,678 [Time-limited test] INFO  http.BaseHttpServer (BaseHttpServer.java:updateConnectorAddress(344)) - HTTP server of scm listening at http://0.0.0.0:9876
2023-08-24 06:04:19,700 [pool-2-thread-1] INFO  request.KdcRequest (KdcRequest.java:preauth(651)) - The preauth data is empty.
2023-08-24 06:04:19,700 [pool-2-thread-1] INFO  server.KdcHandler (KdcHandler.java:handleRecoverableException(177)) - KRB error occurred while processing request:Additional pre-authentication required
2023-08-24 06:04:19,725 [pool-2-thread-1] INFO  request.AsRequest (AsRequest.java:issueTicket(112)) - AS_REQ ISSUE: authtime 1692857059724,test@EXAMPLE.COM for krbtgt/EXAMPLE.COM@EXAMPLE.COM
2023-08-24 06:04:19,848 [pool-2-thread-1] INFO  request.TgsRequest (TgsRequest.java:issueTicket(115)) - TGS_REQ ISSUE: authtime 1692857059843,scm/fv-az582-512.vyw2dcplbgbehesrvt3jseauje.cx.internal.cloudapp.net for scm/fv-az582-512.vyw2dcplbgbehesrvt3jseauje.cx.internal.cloudapp.net@EXAMPLE.COM
2023-08-24 06:04:19,855 [pool-2-thread-2] INFO  request.TgsRequest (TgsRequest.java:issueTicket(115)) - TGS_REQ ISSUE: authtime 1692857059842,test for scm/fv-az582-512.vyw2dcplbgbehesrvt3jseauje.cx.internal.cloudapp.net@EXAMPLE.COM
2023-08-24 06:04:19,870 [Socket Reader #1 for port 9961] INFO  ipc.Server (Server.java:saslProcess(2139)) - Auth successful for test@EXAMPLE.COM (auth:KERBEROS) from fv-az582-512.vyw2dcplbgbehesrvt3jseauje.cx.internal.cloudapp.net:37134 / 10.1.0.20:37134
2023-08-24 06:04:19,871 [Socket Reader #1 for port 9961] INFO  ipc.Server (Server.java:saslProcess(2139)) - Auth successful for scm/fv-az582-512.vyw2dcplbgbehesrvt3jseauje.cx.internal.cloudapp.net@EXAMPLE.COM (auth:KERBEROS) from fv-az582-512.vyw2dcplbgbehesrvt3jseauje.cx.internal.cloudapp.net:33837 / 10.1.0.20:33837
2023-08-24 06:04:19,948 [IPC Server handler 0 on default port 9961] INFO  client.SCMCertificateClient (DefaultCertificateClient.java:getAllRootCaCerts(901)) - scm/sub-ca has 0 Root CA certificates
2023-08-24 06:04:19,948 [IPC Server handler 0 on default port 9961] INFO  client.SCMCertificateClient (DefaultCertificateClient.java:getAllCaCerts(909)) - scm/sub-ca has 1 CA certificates
2023-08-24 06:04:19,962 [scm/sub-ca-refreshCACertificates] INFO  client.SCMCertificateClient (DefaultCertificateClient.java:getAllRootCaCerts(901)) - scm/sub-ca has 0 Root CA certificates
2023-08-24 06:04:19,962 [scm/sub-ca-refreshCACertificates] INFO  client.SCMCertificateClient (DefaultCertificateClient.java:getAllCaCerts(909)) - scm/sub-ca has 1 CA certificates
2023-08-24 06:04:19,966 [scm/sub-ca-refreshCACertificates] INFO  client.SCMCertificateClient (SCMCertificateClient.java:run(277)) - CA certificates are not changed.
2023-08-24 06:04:19,969 [IPC Server handler 0 on default port 9961] INFO  server.SCMSecurityProtocolServer (SCMSecurityProtocolServer.java:getCertificate(407)) - Certificate with serial id 100 not found.
2023-08-24 06:04:19,976 [Time-limited test] WARN  ipc.Client (Client.java:run(733)) - Exception encountered while connecting to the server 0.0.0.0/0.0.0.0:9961
org.apache.hadoop.security.AccessControlException: Client cannot authenticate via:[KERBEROS]
	at org.apache.hadoop.security.SaslRpcClient.selectSaslClient(SaslRpcClient.java:179)
	at org.apache.hadoop.security.SaslRpcClient.saslConnect(SaslRpcClient.java:392)
	at org.apache.hadoop.ipc.Client$Connection.setupSaslConnection(Client.java:561)
	at org.apache.hadoop.ipc.Client$Connection.access$2100(Client.java:347)
	at org.apache.hadoop.ipc.Client$Connection$2.run(Client.java:783)
	at org.apache.hadoop.ipc.Client$Connection$2.run(Client.java:779)
	at java.security.AccessController.doPrivileged(Native Method)
	at javax.security.auth.Subject.doAs(Subject.java:422)
	at org.apache.hadoop.security.UserGroupInformation.doAs(UserGroupInformation.java:1899)
	at org.apache.hadoop.ipc.Client$Connection.setupIOstreams(Client.java:779)
	at org.apache.hadoop.ipc.Client$Connection.access$3800(Client.java:347)
	at org.apache.hadoop.ipc.Client.getConnection(Client.java:1632)
	at org.apache.hadoop.ipc.Client.call(Client.java:1457)
	at org.apache.hadoop.ipc.Client.call(Client.java:1410)
	at org.apache.hadoop.ipc.ProtobufRpcEngine$Invoker.invoke(ProtobufRpcEngine.java:250)
	at org.apache.hadoop.ipc.ProtobufRpcEngine$Invoker.invoke(ProtobufRpcEngine.java:132)
	at com.sun.proxy.$Proxy26.submitRequest(Unknown Source)
	at sun.reflect.NativeMethodAccessorImpl.invoke0(Native Method)
	at sun.reflect.NativeMethodAccessorImpl.invoke(NativeMethodAccessorImpl.java:62)
	at sun.reflect.DelegatingMethodAccessorImpl.invoke(DelegatingMethodAccessorImpl.java:43)
	at java.lang.reflect.Method.invoke(Method.java:498)
	at org.apache.hadoop.io.retry.RetryInvocationHandler.invokeMethod(RetryInvocationHandler.java:433)
	at org.apache.hadoop.io.retry.RetryInvocationHandler$Call.invokeMethod(RetryInvocationHandler.java:166)
	at org.apache.hadoop.io.retry.RetryInvocationHandler$Call.invoke(RetryInvocationHandler.java:158)
	at org.apache.hadoop.io.retry.RetryInvocationHandler$Call.invokeOnce(RetryInvocationHandler.java:96)
	at org.apache.hadoop.io.retry.RetryInvocationHandler.invoke(RetryInvocationHandler.java:362)
	at com.sun.proxy.$Proxy26.submitRequest(Unknown Source)
	at org.apache.hadoop.hdds.protocolPB.SCMSecurityProtocolClientSideTranslatorPB.submitRequest(SCMSecurityProtocolClientSideTranslatorPB.java:102)
	at org.apache.hadoop.hdds.protocolPB.SCMSecurityProtocolClientSideTranslatorPB.getCACert(SCMSecurityProtocolClientSideTranslatorPB.java:332)
	at org.apache.hadoop.hdds.protocolPB.SCMSecurityProtocolClientSideTranslatorPB.getCACertificate(SCMSecurityProtocolClientSideTranslatorPB.java:326)
	at org.junit.Assert.assertThrows(Assert.java:1001)
	at org.junit.Assert.assertThrows(Assert.java:981)
	at org.apache.hadoop.ozone.TestSecureOzoneCluster.testSCMSecurityProtocol(TestSecureOzoneCluster.java:405)
	at sun.reflect.NativeMethodAccessorImpl.invoke0(Native Method)
	at sun.reflect.NativeMethodAccessorImpl.invoke(NativeMethodAccessorImpl.java:62)
	at sun.reflect.DelegatingMethodAccessorImpl.invoke(DelegatingMethodAccessorImpl.java:43)
	at java.lang.reflect.Method.invoke(Method.java:498)
	at org.junit.runners.model.FrameworkMethod$1.runReflectiveCall(FrameworkMethod.java:59)
	at org.junit.internal.runners.model.ReflectiveCallable.run(ReflectiveCallable.java:12)
	at org.junit.runners.model.FrameworkMethod.invokeExplosively(FrameworkMethod.java:56)
	at org.junit.internal.runners.statements.InvokeMethod.evaluate(InvokeMethod.java:17)
	at org.junit.internal.runners.statements.RunBefores.evaluate(RunBefores.java:26)
	at org.junit.internal.runners.statements.RunAfters.evaluate(RunAfters.java:27)
	at org.junit.rules.ExternalResource$1.evaluate(ExternalResource.java:54)
	at org.junit.internal.runners.statements.FailOnTimeout$CallableStatement.call(FailOnTimeout.java:288)
	at org.junit.internal.runners.statements.FailOnTimeout$CallableStatement.call(FailOnTimeout.java:282)
	at java.util.concurrent.FutureTask.run(FutureTask.java:266)
	at java.lang.Thread.run(Thread.java:750)
2023-08-24 06:04:19,983 [Time-limited test] WARN  ipc.Client (Client.java:run(733)) - Exception encountered while connecting to the server 0.0.0.0/0.0.0.0:9961
org.apache.hadoop.security.AccessControlException: Client cannot authenticate via:[KERBEROS]
	at org.apache.hadoop.security.SaslRpcClient.selectSaslClient(SaslRpcClient.java:179)
	at org.apache.hadoop.security.SaslRpcClient.saslConnect(SaslRpcClient.java:392)
	at org.apache.hadoop.ipc.Client$Connection.setupSaslConnection(Client.java:561)
	at org.apache.hadoop.ipc.Client$Connection.access$2100(Client.java:347)
	at org.apache.hadoop.ipc.Client$Connection$2.run(Client.java:783)
	at org.apache.hadoop.ipc.Client$Connection$2.run(Client.java:779)
	at java.security.AccessController.doPrivileged(Native Method)
	at javax.security.auth.Subject.doAs(Subject.java:422)
	at org.apache.hadoop.security.UserGroupInformation.doAs(UserGroupInformation.java:1899)
	at org.apache.hadoop.ipc.Client$Connection.setupIOstreams(Client.java:779)
	at org.apache.hadoop.ipc.Client$Connection.access$3800(Client.java:347)
	at org.apache.hadoop.ipc.Client.getConnection(Client.java:1632)
	at org.apache.hadoop.ipc.Client.call(Client.java:1457)
	at org.apache.hadoop.ipc.Client.call(Client.java:1410)
	at org.apache.hadoop.ipc.ProtobufRpcEngine$Invoker.invoke(ProtobufRpcEngine.java:250)
	at org.apache.hadoop.ipc.ProtobufRpcEngine$Invoker.invoke(ProtobufRpcEngine.java:132)
	at com.sun.proxy.$Proxy26.submitRequest(Unknown Source)
	at sun.reflect.NativeMethodAccessorImpl.invoke0(Native Method)
	at sun.reflect.NativeMethodAccessorImpl.invoke(NativeMethodAccessorImpl.java:62)
	at sun.reflect.DelegatingMethodAccessorImpl.invoke(DelegatingMethodAccessorImpl.java:43)
	at java.lang.reflect.Method.invoke(Method.java:498)
	at org.apache.hadoop.io.retry.RetryInvocationHandler.invokeMethod(RetryInvocationHandler.java:433)
	at org.apache.hadoop.io.retry.RetryInvocationHandler$Call.invokeMethod(RetryInvocationHandler.java:166)
	at org.apache.hadoop.io.retry.RetryInvocationHandler$Call.invoke(RetryInvocationHandler.java:158)
	at org.apache.hadoop.io.retry.RetryInvocationHandler$Call.invokeOnce(RetryInvocationHandler.java:96)
	at org.apache.hadoop.io.retry.RetryInvocationHandler.invoke(RetryInvocationHandler.java:362)
	at com.sun.proxy.$Proxy26.submitRequest(Unknown Source)
	at org.apache.hadoop.hdds.protocolPB.SCMSecurityProtocolClientSideTranslatorPB.submitRequest(SCMSecurityProtocolClientSideTranslatorPB.java:102)
	at org.apache.hadoop.hdds.protocolPB.SCMSecurityProtocolClientSideTranslatorPB.getCertificate(SCMSecurityProtocolClientSideTranslatorPB.java:271)
	at org.apache.hadoop.ozone.TestSecureOzoneCluster.lambda$testSCMSecurityProtocol$1(TestSecureOzoneCluster.java:409)
	at org.junit.Assert.assertThrows(Assert.java:1001)
	at org.junit.Assert.assertThrows(Assert.java:981)
	at org.apache.hadoop.ozone.TestSecureOzoneCluster.testSCMSecurityProtocol(TestSecureOzoneCluster.java:408)
	at sun.reflect.NativeMethodAccessorImpl.invoke0(Native Method)
	at sun.reflect.NativeMethodAccessorImpl.invoke(NativeMethodAccessorImpl.java:62)
	at sun.reflect.DelegatingMethodAccessorImpl.invoke(DelegatingMethodAccessorImpl.java:43)
	at java.lang.reflect.Method.invoke(Method.java:498)
	at org.junit.runners.model.FrameworkMethod$1.runReflectiveCall(FrameworkMethod.java:59)
	at org.junit.internal.runners.model.ReflectiveCallable.run(ReflectiveCallable.java:12)
	at org.junit.runners.model.FrameworkMethod.invokeExplosively(FrameworkMethod.java:56)
	at org.junit.internal.runners.statements.InvokeMethod.evaluate(InvokeMethod.java:17)
	at org.junit.internal.runners.statements.RunBefores.evaluate(RunBefores.java:26)
	at org.junit.internal.runners.statements.RunAfters.evaluate(RunAfters.java:27)
	at org.junit.rules.ExternalResource$1.evaluate(ExternalResource.java:54)
	at org.junit.internal.runners.statements.FailOnTimeout$CallableStatement.call(FailOnTimeout.java:288)
	at org.junit.internal.runners.statements.FailOnTimeout$CallableStatement.call(FailOnTimeout.java:282)
	at java.util.concurrent.FutureTask.run(FutureTask.java:266)
	at java.lang.Thread.run(Thread.java:750)
2023-08-24 06:04:19,984 [Time-limited test] INFO  server.StorageContainerManager (StorageContainerManager.java:stop(1591)) - Container Balancer is not running.
2023-08-24 06:04:19,984 [Time-limited test] INFO  server.StorageContainerManager (StorageContainerManager.java:stopReplicationManager(1724)) - Stopping Replication Manager Service.
2023-08-24 06:04:19,984 [Time-limited test] INFO  replication.ReplicationManager (ReplicationManager.java:stop(319)) - Stopping Replication Monitor Thread.
2023-08-24 06:04:19,984 [Under Replicated Processor] WARN  replication.UnhealthyReplicationProcessor (UnhealthyReplicationProcessor.java:run(180)) - Under Replicated Processor interrupted. Exiting...
2023-08-24 06:04:19,984 [Time-limited test] INFO  server.StorageContainerManager (StorageContainerManager.java:stop(1600)) - Stopping the Datanode Admin Monitor.
2023-08-24 06:04:19,984 [ReplicationMonitor] INFO  replication.ReplicationManager (ReplicationManager.java:run(917)) - Replication Monitor Thread is stopped
2023-08-24 06:04:19,984 [Over Replicated Processor] WARN  replication.UnhealthyReplicationProcessor (UnhealthyReplicationProcessor.java:run(180)) - Over Replicated Processor interrupted. Exiting...
2023-08-24 06:04:19,985 [Time-limited test] INFO  server.StorageContainerManager (StorageContainerManager.java:stop(1607)) - Stopping datanode service RPC server
2023-08-24 06:04:19,985 [Time-limited test] INFO  server.SCMDatanodeProtocolServer (SCMDatanodeProtocolServer.java:stop(424)) - Stopping the RPC server for DataNodes
2023-08-24 06:04:19,986 [Time-limited test] INFO  ipc.Server (Server.java:stop(3523)) - Stopping server on 9861
2023-08-24 06:04:19,996 [IPC Server listener on 9861] INFO  ipc.Server (Server.java:run(1434)) - Stopping IPC Server listener on 9861
2023-08-24 06:04:19,996 [IPC Server Responder] INFO  ipc.Server (Server.java:run(1567)) - Stopping IPC Server Responder
2023-08-24 06:04:21,364 [SCM Heartbeat Processing Thread - 0] WARN  node.NodeStateManager (NodeStateManager.java:scheduleNextHealthCheck(874)) - Current Thread is interrupted, shutting down HB processing thread for Node Manager.
2023-08-24 06:04:21,366 [Time-limited test] INFO  server.StorageContainerManager (StorageContainerManager.java:stop(1615)) - Stopping block service RPC server
2023-08-24 06:04:21,366 [Time-limited test] INFO  server.SCMBlockProtocolServer (SCMBlockProtocolServer.java:stop(161)) - Stopping the RPC server for Block Protocol
2023-08-24 06:04:21,366 [Time-limited test] INFO  ipc.Server (Server.java:stop(3523)) - Stopping server on 9863
2023-08-24 06:04:21,368 [IPC Server listener on 9863] INFO  ipc.Server (Server.java:run(1434)) - Stopping IPC Server listener on 9863
2023-08-24 06:04:21,368 [IPC Server Responder] INFO  ipc.Server (Server.java:run(1567)) - Stopping IPC Server Responder
2023-08-24 06:04:21,370 [Time-limited test] INFO  server.StorageContainerManager (StorageContainerManager.java:stop(1622)) - Stopping the StorageContainerLocationProtocol RPC server
2023-08-24 06:04:21,370 [Time-limited test] INFO  server.SCMClientProtocolServer (SCMClientProtocolServer.java:stop(210)) - Stopping the RPC server for Client Protocol
2023-08-24 06:04:21,370 [Time-limited test] INFO  ipc.Server (Server.java:stop(3523)) - Stopping server on 9860
2023-08-24 06:04:21,374 [IPC Server Responder] INFO  ipc.Server (Server.java:run(1567)) - Stopping IPC Server Responder
2023-08-24 06:04:21,374 [Time-limited test] INFO  server.StorageContainerManager (StorageContainerManager.java:stop(1629)) - Stopping Storage Container Manager HTTP server.
2023-08-24 06:04:21,376 [IPC Server listener on 9860] INFO  ipc.Server (Server.java:run(1434)) - Stopping IPC Server listener on 9860
2023-08-24 06:04:21,384 [Time-limited test] INFO  handler.ContextHandler (ContextHandler.java:doStop(1159)) - Stopped o.e.j.w.WebAppContext@3fe1927d{scm,/,null,STOPPED}{file:/home/runner/work/ozone/ozone/hadoop-ozone/integration-test/target/test-classes/webapps/scm}
2023-08-24 06:04:21,386 [Time-limited test] INFO  server.AbstractConnector (AbstractConnector.java:doStop(383)) - Stopped ServerConnector@7185a14f{HTTP/1.1, (http/1.1)}{0.0.0.0:9876}
2023-08-24 06:04:21,387 [Time-limited test] INFO  server.session (HouseKeeper.java:stopScavenging(149)) - node0 Stopped scavenging
2023-08-24 06:04:21,387 [Time-limited test] INFO  handler.ContextHandler (ContextHandler.java:doStop(1159)) - Stopped o.e.j.s.ServletContextHandler@4afde7ad{static,/static,file:///home/runner/work/ozone/ozone/hadoop-ozone/integration-test/target/test-classes/webapps/static,STOPPED}
2023-08-24 06:04:21,387 [Time-limited test] INFO  handler.ContextHandler (ContextHandler.java:doStop(1159)) - Stopped o.e.j.s.ServletContextHandler@4f0f1bb9{logs,/logs,file:///home/runner/work/ozone/ozone/hadoop-ozone/integration-test/target/log,STOPPED}
2023-08-24 06:04:21,390 [Time-limited test] INFO  server.StorageContainerManager (StorageContainerManager.java:stop(1637)) - Stopping SCM LayoutVersionManager Service.
2023-08-24 06:04:21,390 [Time-limited test] INFO  server.SCMSecurityProtocolServer (SCMSecurityProtocolServer.java:stop(550)) - Stopping the SCMSecurityProtocolServer.
2023-08-24 06:04:21,391 [Time-limited test] INFO  ipc.Server (Server.java:stop(3523)) - Stopping server on 9961
2023-08-24 06:04:21,391 [IPC Server listener on 9961] INFO  ipc.Server (Server.java:run(1434)) - Stopping IPC Server listener on 9961
2023-08-24 06:04:21,392 [IPC Server Responder] INFO  ipc.Server (Server.java:run(1567)) - Stopping IPC Server Responder
2023-08-24 06:04:21,392 [Time-limited test] INFO  server.SCMUpdateServiceGrpcServer (SCMUpdateServiceGrpcServer.java:stop(73)) - SCMUpdateService stopping
2023-08-24 06:04:21,399 [Time-limited test] INFO  server.SCMUpdateServiceGrpcServer (SCMUpdateServiceGrpcServer.java:stop(85)) - SCMUpdateService stopped!
2023-08-24 06:04:21,400 [Time-limited test] INFO  server.StorageContainerManager (StorageContainerManager.java:stop(1649)) - Stopping Block Manager Service.
2023-08-24 06:04:21,400 [Time-limited test] INFO  utils.BackgroundService (BackgroundService.java:shutdown(141)) - Shutting down service SCMBlockDeletingService
2023-08-24 06:04:21,403 [Time-limited test] INFO  utils.BackgroundService (BackgroundService.java:shutdown(141)) - Shutting down service SCMBlockDeletingService
2023-08-24 06:04:21,403 [Time-limited test] INFO  server.StorageContainerManager (StorageContainerManager.java:stop(1669)) - Stopping SCM Event Queue.
2023-08-24 06:04:21,405 [JvmPauseMonitor0] INFO  util.JvmPauseMonitor (JvmPauseMonitor.java:run(109)) - JvmPauseMonitor-9f9e7841-5c2c-4d82-a475-0f5b5219cdf8: Stopped
2023-08-24 06:04:21,406 [Time-limited test] INFO  server.StorageContainerManager (StorageContainerManager.java:stop(1680)) - Stopping SCM HA services.
2023-08-24 06:04:21,407 [Time-limited test] INFO  pipeline.BackgroundPipelineCreator (BackgroundPipelineCreator.java:stop(149)) - Stopping RatisPipelineUtilsThread.
2023-08-24 06:04:21,407 [RatisPipelineUtilsThread - 0] WARN  pipeline.BackgroundPipelineCreator (BackgroundPipelineCreator.java:run(180)) - RatisPipelineUtilsThread is interrupted.
2023-08-24 06:04:21,408 [Time-limited test] INFO  BackgroundPipelineScrubber (BackgroundSCMService.java:stop(131)) - Stopping BackgroundPipelineScrubber Service.
2023-08-24 06:04:21,408 [BackgroundPipelineScrubberThread] WARN  BackgroundPipelineScrubber (BackgroundSCMService.java:run(115)) - BackgroundPipelineScrubber is interrupted, exit
2023-08-24 06:04:21,409 [Time-limited test] INFO  impl.MetricsSystemImpl (MetricsSystemImpl.java:stop(210)) - Stopping StorageContainerManager metrics system...
2023-08-24 06:04:21,410 [prometheus] INFO  impl.MetricsSinkAdapter (MetricsSinkAdapter.java:publishMetricsFromQueue(141)) - prometheus thread interrupted.
2023-08-24 06:04:21,410 [Time-limited test] INFO  impl.MetricsSystemImpl (MetricsSystemImpl.java:stop(216)) - StorageContainerManager metrics system stopped.
2023-08-24 06:04:21,411 [Time-limited test] WARN  pipeline.BackgroundPipelineCreator (BackgroundPipelineCreator.java:stop(145)) - RatisPipelineUtilsThread is not running, just ignore.
2023-08-24 06:04:21,411 [Time-limited test] INFO  BackgroundPipelineScrubber (BackgroundSCMService.java:stop(126)) - BackgroundPipelineScrubber Service is not running, skip stop.
2023-08-24 06:04:21,411 [Time-limited test] INFO  ExpiredContainerReplicaOpScrubber (BackgroundSCMService.java:stop(131)) - Stopping ExpiredContainerReplicaOpScrubber Service.
2023-08-24 06:04:21,411 [ExpiredContainerReplicaOpScrubberThread] WARN  ExpiredContainerReplicaOpScrubber (BackgroundSCMService.java:run(115)) - ExpiredContainerReplicaOpScrubber is interrupted, exit
2023-08-24 06:04:21,411 [Time-limited test] INFO  utils.BackgroundService (BackgroundService.java:shutdown(141)) - Shutting down service SCMBlockDeletingService
2023-08-24 06:04:21,411 [Time-limited test] INFO  replication.ReplicationManager (ReplicationManager.java:stop(329)) - Replication Monitor Thread is not running.
2023-08-24 06:04:21,411 [Time-limited test] WARN  balancer.ContainerBalancer (ContainerBalancer.java:stop(326)) - Cannot stop Container Balancer because it's not running or stopping
2023-08-24 06:04:21,412 [Time-limited test] INFO  server.StorageContainerManager (StorageContainerManager.java:stop(1715)) - Stopping SCM MetadataStore.
2023-08-24 06:04:21,422 [Time-limited test] INFO  impl.DefaultInternalKdcServerImpl (DefaultInternalKdcServerImpl.java:doStop(102)) - Default Internal kdc server stopped.
2023-08-24 06:04:22,423 [Time-limited test] INFO  minikdc.MiniKdc (MiniKdc.java:stop(359)) - MiniKdc stopped.
2023-08-24 06:04:22,423 [Time-limited test] INFO  server.StorageContainerManager (StorageContainerManager.java:stop(1580)) - Storage Container Manager is not running.
2023-08-24 06:04:22,423 [Time-limited test] INFO  server.StorageContainerManager (StorageContainerManager.java:stopReplicationManager(1724)) - Stopping Replication Manager Service.
2023-08-24 06:04:22,423 [Time-limited test] INFO  replication.ReplicationManager (ReplicationManager.java:stop(329)) - Replication Monitor Thread is not running.
2023-08-24 06:04:22,423 [Time-limited test] INFO  server.SCMSecurityProtocolServer (SCMSecurityProtocolServer.java:join(560)) - Join RPC server for SCMSecurityProtocolServer.
2023-08-24 06:04:22,423 [Time-limited test] INFO  server.SCMSecurityProtocolServer (SCMSecurityProtocolServer.java:join(562)) - Join gRPC server for SCMSecurityProtocolServer.
]]></system-out>
  </testcase>
  <testcase name="testSecureOmReInit" classname="org.apache.hadoop.ozone.TestSecureOzoneCluster" time="12.079">
    <system-out><![CDATA[2023-08-24 06:04:22,455 [Time-limited test] INFO  net.ServerSocketUtil (ServerSocketUtil.java:getPort(55)) - Using port 9860
2023-08-24 06:04:22,455 [Time-limited test] INFO  net.ServerSocketUtil (ServerSocketUtil.java:getPort(55)) - Using port 9861
2023-08-24 06:04:22,455 [Time-limited test] INFO  net.ServerSocketUtil (ServerSocketUtil.java:getPort(55)) - Using port 9863
2023-08-24 06:04:22,455 [Time-limited test] INFO  net.ServerSocketUtil (ServerSocketUtil.java:getPort(55)) - Using port 9961
2023-08-24 06:04:22,455 [Time-limited test] INFO  net.ServerSocketUtil (ServerSocketUtil.java:getPort(55)) - Using port 1200
2023-08-24 06:04:22,455 [Time-limited test] INFO  net.ServerSocketUtil (ServerSocketUtil.java:getPort(55)) - Using port 1201
2023-08-24 06:04:22,455 [Time-limited test] INFO  minikdc.MiniKdc (MiniKdc.java:<init>(225)) - Configuration:
2023-08-24 06:04:22,456 [Time-limited test] INFO  minikdc.MiniKdc (MiniKdc.java:<init>(226)) - ---------------------------------------------------------------
2023-08-24 06:04:22,456 [Time-limited test] INFO  minikdc.MiniKdc (MiniKdc.java:<init>(228)) -   debug: false
2023-08-24 06:04:22,456 [Time-limited test] INFO  minikdc.MiniKdc (MiniKdc.java:<init>(228)) -   transport: TCP
2023-08-24 06:04:22,459 [Time-limited test] INFO  minikdc.MiniKdc (MiniKdc.java:<init>(228)) -   max.ticket.lifetime: 86400000
2023-08-24 06:04:22,460 [Time-limited test] INFO  minikdc.MiniKdc (MiniKdc.java:<init>(228)) -   org.name: EXAMPLE
2023-08-24 06:04:22,460 [Time-limited test] INFO  minikdc.MiniKdc (MiniKdc.java:<init>(228)) -   kdc.port: 0
2023-08-24 06:04:22,461 [Time-limited test] INFO  minikdc.MiniKdc (MiniKdc.java:<init>(228)) -   org.domain: COM
2023-08-24 06:04:22,462 [Time-limited test] INFO  minikdc.MiniKdc (MiniKdc.java:<init>(228)) -   max.renewable.lifetime: 604800000
2023-08-24 06:04:22,462 [Time-limited test] INFO  minikdc.MiniKdc (MiniKdc.java:<init>(228)) -   instance: DefaultKrbServer
2023-08-24 06:04:22,462 [Time-limited test] INFO  minikdc.MiniKdc (MiniKdc.java:<init>(228)) -   kdc.bind.address: localhost
2023-08-24 06:04:22,462 [Time-limited test] INFO  minikdc.MiniKdc (MiniKdc.java:<init>(230)) - ---------------------------------------------------------------
2023-08-24 06:04:22,466 [Time-limited test] INFO  minikdc.MiniKdc (MiniKdc.java:start(285)) - MiniKdc started.
2023-08-24 06:04:22,716 [Time-limited test] INFO  om.OzoneManager (OzoneManager.java:getOmDetailsProto(4552)) - OzoneManager ports added:[name: "RPC"
value: 1202
]
2023-08-24 06:04:22,717 [Time-limited test] WARN  server.ServerUtils (ServerUtils.java:getScmDbDir(155)) - ozone.scm.db.dirs is not configured. We recommend adding this setting. Falling back to ozone.metadata.dirs instead.
2023-08-24 06:04:22,721 [Time-limited test] INFO  ha.HASecurityUtils (HASecurityUtils.java:initializeSecurity(98)) - Initializing secure StorageContainerManager.
2023-08-24 06:04:22,725 [Time-limited test] INFO  client.SCMCertificateClient (DefaultCertificateClient.java:updateCertSerialId(1244)) - Certificate serial ID set to null
2023-08-24 06:04:22,725 [Time-limited test] ERROR client.SCMCertificateClient (DefaultCertificateClient.java:getCertPath(362)) - Default certificate serial id is not set. Can't locate the default certificate for this client.
2023-08-24 06:04:22,725 [Time-limited test] INFO  client.SCMCertificateClient (DefaultCertificateClient.java:init(715)) - Certificate client init case: 0
2023-08-24 06:04:22,725 [Time-limited test] INFO  client.SCMCertificateClient (SCMCertificateClient.java:handleCase(103)) - Creating keypair for client as keypair and certificate not found.
2023-08-24 06:04:22,989 [Time-limited test] INFO  ha.HASecurityUtils (HASecurityUtils.java:initializeSecurity(108)) - Init response: GETCERT
2023-08-24 06:04:23,289 [Time-limited test] INFO  ozone.OzoneSecurityUtil (OzoneSecurityUtil.java:getValidInetsForCurrentHost(119)) - ip:fe80:0:0:0:6245:bdff:fe7e:9bc0%eth0 not returned.
2023-08-24 06:04:23,289 [Time-limited test] INFO  ozone.OzoneSecurityUtil (OzoneSecurityUtil.java:getValidInetsForCurrentHost(116)) - Adding ip:10.1.0.20,host:fv-az582-512.vyw2dcplbgbehesrvt3jseauje.cx.internal.cloudapp.net
2023-08-24 06:04:23,289 [Time-limited test] INFO  ozone.OzoneSecurityUtil (OzoneSecurityUtil.java:getValidInetsForCurrentHost(119)) - ip:0:0:0:0:0:0:0:1%lo not returned.
2023-08-24 06:04:23,289 [Time-limited test] INFO  ozone.OzoneSecurityUtil (OzoneSecurityUtil.java:getValidInetsForCurrentHost(119)) - ip:127.0.0.1 not returned.
2023-08-24 06:04:23,293 [Time-limited test] INFO  utils.SelfSignedCertificate (SelfSignedCertificate.java:generateCertificate(157)) - Certificate 1 is issued by CN=scm-1@fv-az582-512,OU=cd9c32e1-8e95-49ba-a369-a506ce6ba0b9,O=0bb083e1-0356-4bdc-aa72-d37b883f70b4 to CN=scm-1@fv-az582-512,OU=cd9c32e1-8e95-49ba-a369-a506ce6ba0b9,O=0bb083e1-0356-4bdc-aa72-d37b883f70b4, valid from Thu Aug 24 06:04:23 UTC 2023 to Sun Oct 01 06:04:23 UTC 2028
2023-08-24 06:04:23,294 [Time-limited test] INFO  utils.CertificateCodec (CertificateCodec.java:writeCertificate(299)) - Save certificate to /tmp/junit1709904116712500359/junit3323163617512811032/scm-meta/scm/ca/certs/certificate.crt
2023-08-24 06:04:23,295 [Time-limited test] INFO  utils.CertificateCodec (CertificateCodec.java:writeCertificate(300)) - Certificate -----BEGIN CERTIFICATE-----
MIID5zCCAs+gAwIBAgIBATANBgkqhkiG9w0BAQsFADB7MRswGQYDVQQDDBJzY20t
MUBmdi1hejU4Mi01MTIxLTArBgNVBAsMJGNkOWMzMmUxLThlOTUtNDliYS1hMzY5
LWE1MDZjZTZiYTBiOTEtMCsGA1UECgwkMGJiMDgzZTEtMDM1Ni00YmRjLWFhNzIt
ZDM3Yjg4M2Y3MGI0MB4XDTIzMDgyNDA2MDQyM1oXDTI4MTAwMTA2MDQyM1owezEb
MBkGA1UEAwwSc2NtLTFAZnYtYXo1ODItNTEyMS0wKwYDVQQLDCRjZDljMzJlMS04
ZTk1LTQ5YmEtYTM2OS1hNTA2Y2U2YmEwYjkxLTArBgNVBAoMJDBiYjA4M2UxLTAz
NTYtNGJkYy1hYTcyLWQzN2I4ODNmNzBiNDCCASIwDQYJKoZIhvcNAQEBBQADggEP
ADCCAQoCggEBAKfDbhiF7S6jtbHJCaePcyUkQZE0nlrWWruCJx81EVeUXsJ3SjDi
mxBSini15aXq4adF4ntdT9fkrCeN9fu0xuqQ1Rc22jK8aPqnktwSdcAMG/9q7k3x
Qcz4pPMEGcDIi6BMM/Nd73wdEUp5pd5f64LjMEcf9696XbGmW/Ru7kKG3L5iKmWH
Eqxo0ETtdDMk5knLz6EKA3S9Nn+aP79zGi3ZZoAx9UE4tUVPT2ZYbSO5sOPL9hCe
1SGQwa6DNCnLaeQ5kEXbR3Kc9MHneLe/v8T3fFb8YCZ5atBDeComMZzgaTss8tL0
mpvwe6dKzH4x+HRhwnfFMKsZAKi20MfFGcMCAwEAAaN2MHQwDwYDVR0TAQH/BAUw
AwEB/zAOBgNVHQ8BAf8EBAMCAQYwUQYDVR0RBEowSIcECgEAFIJAZnYtYXo1ODIt
NTEyLnZ5dzJkY3BsYmdiZWhlc3J2dDNqc2VhdWplLmN4LmludGVybmFsLmNsb3Vk
YXBwLm5ldDANBgkqhkiG9w0BAQsFAAOCAQEANmI4YSUPkE8WOUmDTCFWlrAFm/c0
tvwr+U4897qgKjHLcLwFHL40J/YzePq1zwPYbqWp8H41zmBLGWgd49h2DnBJDy8M
925uXCejY5235pJ49LiJQ4QZ8v6/9aHiBgDr1dUc6zgsfIK1eAizMJR36ZNoPyVM
kloGUu/hyUOMpHwuM/0MU6IN+UGUV/CHOSYjeY4/nWTpn3tFv0LCTamaOQYEDuAO
y6P0pMqXQkPHpIhrlMQyf9D26X75oLGHwXQLHWiYyyRWoYdI95VyOHSapZaIYI0j
+vQV8ALMQ9xiIdKsKNCTnQkjbCiaNGgOCTWyyyycwhyOwFSMBxdDkiSWqA==
-----END CERTIFICATE-----

2023-08-24 06:04:23,295 [Time-limited test] INFO  client.SCMCertificateClient (SCMCertificateClient.java:getCSRBuilder(165)) - Creating csr for SCM->hostName:fv-az582-512,scmId:cd9c32e1-8e95-49ba-a369-a506ce6ba0b9,clusterId:0bb083e1-0356-4bdc-aa72-d37b883f70b4,subject:scm-sub-1530576264684@fv-az582-512
2023-08-24 06:04:23,296 [Time-limited test] INFO  ozone.OzoneSecurityUtil (OzoneSecurityUtil.java:getValidInetsForCurrentHost(119)) - ip:fe80:0:0:0:6245:bdff:fe7e:9bc0%eth0 not returned.
2023-08-24 06:04:23,296 [Time-limited test] INFO  ozone.OzoneSecurityUtil (OzoneSecurityUtil.java:getValidInetsForCurrentHost(116)) - Adding ip:10.1.0.20,host:fv-az582-512.vyw2dcplbgbehesrvt3jseauje.cx.internal.cloudapp.net
2023-08-24 06:04:23,296 [Time-limited test] INFO  ozone.OzoneSecurityUtil (OzoneSecurityUtil.java:getValidInetsForCurrentHost(119)) - ip:0:0:0:0:0:0:0:1%lo not returned.
2023-08-24 06:04:23,296 [Time-limited test] INFO  ozone.OzoneSecurityUtil (OzoneSecurityUtil.java:getValidInetsForCurrentHost(119)) - ip:127.0.0.1 not returned.
2023-08-24 06:04:23,296 [Time-limited test] INFO  ha.HASecurityUtils (HASecurityUtils.java:generateCSR(308)) - Creating csr for SCM->hostName:fv-az582-512,scmId:cd9c32e1-8e95-49ba-a369-a506ce6ba0b9,clusterId:0bb083e1-0356-4bdc-aa72-d37b883f70b4,subject:scm-sub-1530577005378@fv-az582-512
2023-08-24 06:04:23,301 [Time-limited test] INFO  authority.DefaultApprover (DefaultApprover.java:sign(154)) - Extensions in CSR: 2.5.29.19, 2.5.29.15, 2.5.29.17
2023-08-24 06:04:23,301 [Time-limited test] INFO  authority.DefaultApprover (DefaultApprover.java:sign(158)) - Extensions to add to the certificate if they present in CSR: 2.5.29.17, 2.5.29.19, 1.3.6.1.5.5.7.1.12, 2.5.29.35, 2.5.29.37, 2.5.29.15
2023-08-24 06:04:23,305 [Time-limited test] INFO  utils.CertificateCodec (CertificateCodec.java:writeCertificate(299)) - Save certificate to /tmp/junit1709904116712500359/junit3323163617512811032/scm-meta/scm/sub-ca/certs/CA-1.crt
2023-08-24 06:04:23,306 [Time-limited test] INFO  utils.CertificateCodec (CertificateCodec.java:writeCertificate(300)) - Certificate -----BEGIN CERTIFICATE-----
MIID5zCCAs+gAwIBAgIBATANBgkqhkiG9w0BAQsFADB7MRswGQYDVQQDDBJzY20t
MUBmdi1hejU4Mi01MTIxLTArBgNVBAsMJGNkOWMzMmUxLThlOTUtNDliYS1hMzY5
LWE1MDZjZTZiYTBiOTEtMCsGA1UECgwkMGJiMDgzZTEtMDM1Ni00YmRjLWFhNzIt
ZDM3Yjg4M2Y3MGI0MB4XDTIzMDgyNDA2MDQyM1oXDTI4MTAwMTA2MDQyM1owezEb
MBkGA1UEAwwSc2NtLTFAZnYtYXo1ODItNTEyMS0wKwYDVQQLDCRjZDljMzJlMS04
ZTk1LTQ5YmEtYTM2OS1hNTA2Y2U2YmEwYjkxLTArBgNVBAoMJDBiYjA4M2UxLTAz
NTYtNGJkYy1hYTcyLWQzN2I4ODNmNzBiNDCCASIwDQYJKoZIhvcNAQEBBQADggEP
ADCCAQoCggEBAKfDbhiF7S6jtbHJCaePcyUkQZE0nlrWWruCJx81EVeUXsJ3SjDi
mxBSini15aXq4adF4ntdT9fkrCeN9fu0xuqQ1Rc22jK8aPqnktwSdcAMG/9q7k3x
Qcz4pPMEGcDIi6BMM/Nd73wdEUp5pd5f64LjMEcf9696XbGmW/Ru7kKG3L5iKmWH
Eqxo0ETtdDMk5knLz6EKA3S9Nn+aP79zGi3ZZoAx9UE4tUVPT2ZYbSO5sOPL9hCe
1SGQwa6DNCnLaeQ5kEXbR3Kc9MHneLe/v8T3fFb8YCZ5atBDeComMZzgaTss8tL0
mpvwe6dKzH4x+HRhwnfFMKsZAKi20MfFGcMCAwEAAaN2MHQwDwYDVR0TAQH/BAUw
AwEB/zAOBgNVHQ8BAf8EBAMCAQYwUQYDVR0RBEowSIcECgEAFIJAZnYtYXo1ODIt
NTEyLnZ5dzJkY3BsYmdiZWhlc3J2dDNqc2VhdWplLmN4LmludGVybmFsLmNsb3Vk
YXBwLm5ldDANBgkqhkiG9w0BAQsFAAOCAQEANmI4YSUPkE8WOUmDTCFWlrAFm/c0
tvwr+U4897qgKjHLcLwFHL40J/YzePq1zwPYbqWp8H41zmBLGWgd49h2DnBJDy8M
925uXCejY5235pJ49LiJQ4QZ8v6/9aHiBgDr1dUc6zgsfIK1eAizMJR36ZNoPyVM
kloGUu/hyUOMpHwuM/0MU6IN+UGUV/CHOSYjeY4/nWTpn3tFv0LCTamaOQYEDuAO
y6P0pMqXQkPHpIhrlMQyf9D26X75oLGHwXQLHWiYyyRWoYdI95VyOHSapZaIYI0j
+vQV8ALMQ9xiIdKsKNCTnQkjbCiaNGgOCTWyyyycwhyOwFSMBxdDkiSWqA==
-----END CERTIFICATE-----

2023-08-24 06:04:23,307 [Time-limited test] INFO  utils.CertificateCodec (CertificateCodec.java:writeCertificate(299)) - Save certificate to /tmp/junit1709904116712500359/junit3323163617512811032/scm-meta/scm/sub-ca/certs/1530581400137.crt
2023-08-24 06:04:23,307 [Time-limited test] INFO  utils.CertificateCodec (CertificateCodec.java:writeCertificate(300)) - Certificate -----BEGIN CERTIFICATE-----
MIID/TCCAuWgAwIBAgIGAWRdwrpJMA0GCSqGSIb3DQEBCwUAMHsxGzAZBgNVBAMM
EnNjbS0xQGZ2LWF6NTgyLTUxMjEtMCsGA1UECwwkY2Q5YzMyZTEtOGU5NS00OWJh
LWEzNjktYTUwNmNlNmJhMGI5MS0wKwYDVQQKDCQwYmIwODNlMS0wMzU2LTRiZGMt
YWE3Mi1kMzdiODgzZjcwYjQwHhcNMjMwODI0MDYwNDIzWhcNMjgxMDAxMDYwNDIz
WjCBizErMCkGA1UEAwwic2NtLXN1Yi0xNTMwNTc3MDA1Mzc4QGZ2LWF6NTgyLTUx
MjEtMCsGA1UECwwkY2Q5YzMyZTEtOGU5NS00OWJhLWEzNjktYTUwNmNlNmJhMGI5
MS0wKwYDVQQKDCQwYmIwODNlMS0wMzU2LTRiZGMtYWE3Mi1kMzdiODgzZjcwYjQw
ggEiMA0GCSqGSIb3DQEBAQUAA4IBDwAwggEKAoIBAQCg0jKFbCz3skHLH3IK+2gp
PANN9QqGOxKjS1zUPXUnTqkTIEdFGDW6NkNwqTCUJ3PQnmfw6up27+BDkVGnq2pk
Uwja4q3HjcOh9dfyWl9swUXlT7oducljfiq5KJo2oagKBf88nud1PXRlVMOwm9kL
cTS2QqMBS0/HkLk4zUruxq3rwazuf2pf0EQJlnjGk1gJvz9YXOoKgNuiJpNAgWUr
o/QptyDOPK0btcBoqjxx7KApvZhbIUTxzo0hSQUh2VGvuBY6PjpwBizVOr/jAq+e
mQIX8s6m3G7dT4w71stY4/bH5Y2k1fI+49zKUF1O8XALtOrJfOZPOk6t4u9Jl70x
AgMBAAGjdjB0MFEGA1UdEQRKMEiHBAoBABSCQGZ2LWF6NTgyLTUxMi52eXcyZGNw
bGJnYmVoZXNydnQzanNlYXVqZS5jeC5pbnRlcm5hbC5jbG91ZGFwcC5uZXQwDwYD
VR0TAQH/BAUwAwEB/zAOBgNVHQ8BAf8EBAMCAb4wDQYJKoZIhvcNAQELBQADggEB
ABkQyh3Hu7EeeuC5mpq45x1KCSAQGDjy6KGk/hqOuTu8t1zDR6LB5azY/Yw6BYLH
aNnNovpU4QJJA4i06Q/BZhzvOL15OC5u+4vnjJd/sUvnkbro3FktdvCYYwE/O4Kw
M/4U0C7I5QI7v9y1zua7Uti/sZis4G0uTkWZW9oI3ohFiCXINzECNfU8fMoo/1/k
KiCQbYt8CA8L/8y7D9YFtHtMeiaFzC6PyBTGG81LFY44/vUU570cfhwB2pmCzxuC
/z4FPxbnCK6aQgUHI0F5081o+Eg2LdNV98TtmTgZ1jhxQTEciyCRt1qAofgBf5oG
Rgq1KxlbTc0+hOtRVyLk7TY=
-----END CERTIFICATE-----

-----BEGIN CERTIFICATE-----
MIID5zCCAs+gAwIBAgIBATANBgkqhkiG9w0BAQsFADB7MRswGQYDVQQDDBJzY20t
MUBmdi1hejU4Mi01MTIxLTArBgNVBAsMJGNkOWMzMmUxLThlOTUtNDliYS1hMzY5
LWE1MDZjZTZiYTBiOTEtMCsGA1UECgwkMGJiMDgzZTEtMDM1Ni00YmRjLWFhNzIt
ZDM3Yjg4M2Y3MGI0MB4XDTIzMDgyNDA2MDQyM1oXDTI4MTAwMTA2MDQyM1owezEb
MBkGA1UEAwwSc2NtLTFAZnYtYXo1ODItNTEyMS0wKwYDVQQLDCRjZDljMzJlMS04
ZTk1LTQ5YmEtYTM2OS1hNTA2Y2U2YmEwYjkxLTArBgNVBAoMJDBiYjA4M2UxLTAz
NTYtNGJkYy1hYTcyLWQzN2I4ODNmNzBiNDCCASIwDQYJKoZIhvcNAQEBBQADggEP
ADCCAQoCggEBAKfDbhiF7S6jtbHJCaePcyUkQZE0nlrWWruCJx81EVeUXsJ3SjDi
mxBSini15aXq4adF4ntdT9fkrCeN9fu0xuqQ1Rc22jK8aPqnktwSdcAMG/9q7k3x
Qcz4pPMEGcDIi6BMM/Nd73wdEUp5pd5f64LjMEcf9696XbGmW/Ru7kKG3L5iKmWH
Eqxo0ETtdDMk5knLz6EKA3S9Nn+aP79zGi3ZZoAx9UE4tUVPT2ZYbSO5sOPL9hCe
1SGQwa6DNCnLaeQ5kEXbR3Kc9MHneLe/v8T3fFb8YCZ5atBDeComMZzgaTss8tL0
mpvwe6dKzH4x+HRhwnfFMKsZAKi20MfFGcMCAwEAAaN2MHQwDwYDVR0TAQH/BAUw
AwEB/zAOBgNVHQ8BAf8EBAMCAQYwUQYDVR0RBEowSIcECgEAFIJAZnYtYXo1ODIt
NTEyLnZ5dzJkY3BsYmdiZWhlc3J2dDNqc2VhdWplLmN4LmludGVybmFsLmNsb3Vk
YXBwLm5ldDANBgkqhkiG9w0BAQsFAAOCAQEANmI4YSUPkE8WOUmDTCFWlrAFm/c0
tvwr+U4897qgKjHLcLwFHL40J/YzePq1zwPYbqWp8H41zmBLGWgd49h2DnBJDy8M
925uXCejY5235pJ49LiJQ4QZ8v6/9aHiBgDr1dUc6zgsfIK1eAizMJR36ZNoPyVM
kloGUu/hyUOMpHwuM/0MU6IN+UGUV/CHOSYjeY4/nWTpn3tFv0LCTamaOQYEDuAO
y6P0pMqXQkPHpIhrlMQyf9D26X75oLGHwXQLHWiYyyRWoYdI95VyOHSapZaIYI0j
+vQV8ALMQ9xiIdKsKNCTnQkjbCiaNGgOCTWyyyycwhyOwFSMBxdDkiSWqA==
-----END CERTIFICATE-----

2023-08-24 06:04:23,307 [Time-limited test] INFO  utils.CertificateCodec (CertificateCodec.java:writeCertificate(299)) - Save certificate to /tmp/junit1709904116712500359/junit3323163617512811032/scm-meta/scm/sub-ca/certs/certificate.crt
2023-08-24 06:04:23,307 [Time-limited test] INFO  utils.CertificateCodec (CertificateCodec.java:writeCertificate(300)) - Certificate -----BEGIN CERTIFICATE-----
MIID/TCCAuWgAwIBAgIGAWRdwrpJMA0GCSqGSIb3DQEBCwUAMHsxGzAZBgNVBAMM
EnNjbS0xQGZ2LWF6NTgyLTUxMjEtMCsGA1UECwwkY2Q5YzMyZTEtOGU5NS00OWJh
LWEzNjktYTUwNmNlNmJhMGI5MS0wKwYDVQQKDCQwYmIwODNlMS0wMzU2LTRiZGMt
YWE3Mi1kMzdiODgzZjcwYjQwHhcNMjMwODI0MDYwNDIzWhcNMjgxMDAxMDYwNDIz
WjCBizErMCkGA1UEAwwic2NtLXN1Yi0xNTMwNTc3MDA1Mzc4QGZ2LWF6NTgyLTUx
MjEtMCsGA1UECwwkY2Q5YzMyZTEtOGU5NS00OWJhLWEzNjktYTUwNmNlNmJhMGI5
MS0wKwYDVQQKDCQwYmIwODNlMS0wMzU2LTRiZGMtYWE3Mi1kMzdiODgzZjcwYjQw
ggEiMA0GCSqGSIb3DQEBAQUAA4IBDwAwggEKAoIBAQCg0jKFbCz3skHLH3IK+2gp
PANN9QqGOxKjS1zUPXUnTqkTIEdFGDW6NkNwqTCUJ3PQnmfw6up27+BDkVGnq2pk
Uwja4q3HjcOh9dfyWl9swUXlT7oducljfiq5KJo2oagKBf88nud1PXRlVMOwm9kL
cTS2QqMBS0/HkLk4zUruxq3rwazuf2pf0EQJlnjGk1gJvz9YXOoKgNuiJpNAgWUr
o/QptyDOPK0btcBoqjxx7KApvZhbIUTxzo0hSQUh2VGvuBY6PjpwBizVOr/jAq+e
mQIX8s6m3G7dT4w71stY4/bH5Y2k1fI+49zKUF1O8XALtOrJfOZPOk6t4u9Jl70x
AgMBAAGjdjB0MFEGA1UdEQRKMEiHBAoBABSCQGZ2LWF6NTgyLTUxMi52eXcyZGNw
bGJnYmVoZXNydnQzanNlYXVqZS5jeC5pbnRlcm5hbC5jbG91ZGFwcC5uZXQwDwYD
VR0TAQH/BAUwAwEB/zAOBgNVHQ8BAf8EBAMCAb4wDQYJKoZIhvcNAQELBQADggEB
ABkQyh3Hu7EeeuC5mpq45x1KCSAQGDjy6KGk/hqOuTu8t1zDR6LB5azY/Yw6BYLH
aNnNovpU4QJJA4i06Q/BZhzvOL15OC5u+4vnjJd/sUvnkbro3FktdvCYYwE/O4Kw
M/4U0C7I5QI7v9y1zua7Uti/sZis4G0uTkWZW9oI3ohFiCXINzECNfU8fMoo/1/k
KiCQbYt8CA8L/8y7D9YFtHtMeiaFzC6PyBTGG81LFY44/vUU570cfhwB2pmCzxuC
/z4FPxbnCK6aQgUHI0F5081o+Eg2LdNV98TtmTgZ1jhxQTEciyCRt1qAofgBf5oG
Rgq1KxlbTc0+hOtRVyLk7TY=
-----END CERTIFICATE-----

-----BEGIN CERTIFICATE-----
MIID5zCCAs+gAwIBAgIBATANBgkqhkiG9w0BAQsFADB7MRswGQYDVQQDDBJzY20t
MUBmdi1hejU4Mi01MTIxLTArBgNVBAsMJGNkOWMzMmUxLThlOTUtNDliYS1hMzY5
LWE1MDZjZTZiYTBiOTEtMCsGA1UECgwkMGJiMDgzZTEtMDM1Ni00YmRjLWFhNzIt
ZDM3Yjg4M2Y3MGI0MB4XDTIzMDgyNDA2MDQyM1oXDTI4MTAwMTA2MDQyM1owezEb
MBkGA1UEAwwSc2NtLTFAZnYtYXo1ODItNTEyMS0wKwYDVQQLDCRjZDljMzJlMS04
ZTk1LTQ5YmEtYTM2OS1hNTA2Y2U2YmEwYjkxLTArBgNVBAoMJDBiYjA4M2UxLTAz
NTYtNGJkYy1hYTcyLWQzN2I4ODNmNzBiNDCCASIwDQYJKoZIhvcNAQEBBQADggEP
ADCCAQoCggEBAKfDbhiF7S6jtbHJCaePcyUkQZE0nlrWWruCJx81EVeUXsJ3SjDi
mxBSini15aXq4adF4ntdT9fkrCeN9fu0xuqQ1Rc22jK8aPqnktwSdcAMG/9q7k3x
Qcz4pPMEGcDIi6BMM/Nd73wdEUp5pd5f64LjMEcf9696XbGmW/Ru7kKG3L5iKmWH
Eqxo0ETtdDMk5knLz6EKA3S9Nn+aP79zGi3ZZoAx9UE4tUVPT2ZYbSO5sOPL9hCe
1SGQwa6DNCnLaeQ5kEXbR3Kc9MHneLe/v8T3fFb8YCZ5atBDeComMZzgaTss8tL0
mpvwe6dKzH4x+HRhwnfFMKsZAKi20MfFGcMCAwEAAaN2MHQwDwYDVR0TAQH/BAUw
AwEB/zAOBgNVHQ8BAf8EBAMCAQYwUQYDVR0RBEowSIcECgEAFIJAZnYtYXo1ODIt
NTEyLnZ5dzJkY3BsYmdiZWhlc3J2dDNqc2VhdWplLmN4LmludGVybmFsLmNsb3Vk
YXBwLm5ldDANBgkqhkiG9w0BAQsFAAOCAQEANmI4YSUPkE8WOUmDTCFWlrAFm/c0
tvwr+U4897qgKjHLcLwFHL40J/YzePq1zwPYbqWp8H41zmBLGWgd49h2DnBJDy8M
925uXCejY5235pJ49LiJQ4QZ8v6/9aHiBgDr1dUc6zgsfIK1eAizMJR36ZNoPyVM
kloGUu/hyUOMpHwuM/0MU6IN+UGUV/CHOSYjeY4/nWTpn3tFv0LCTamaOQYEDuAO
y6P0pMqXQkPHpIhrlMQyf9D26X75oLGHwXQLHWiYyyRWoYdI95VyOHSapZaIYI0j
+vQV8ALMQ9xiIdKsKNCTnQkjbCiaNGgOCTWyyyycwhyOwFSMBxdDkiSWqA==
-----END CERTIFICATE-----

2023-08-24 06:04:23,307 [Time-limited test] INFO  ha.HASecurityUtils (HASecurityUtils.java:initializeSecurity(121)) - Successfully stored SCM signed certificate.
2023-08-24 06:04:23,308 [Time-limited test] WARN  server.ServerUtils (ServerUtils.java:getScmDbDir(155)) - ozone.scm.db.dirs is not configured. We recommend adding this setting. Falling back to ozone.metadata.dirs instead.
2023-08-24 06:04:23,308 [Time-limited test] INFO  ha.SCMHANodeDetails (SCMHANodeDetails.java:loadSCMHAConfig(210)) - ServiceID for StorageContainerManager is null
2023-08-24 06:04:23,309 [Time-limited test] INFO  ha.SCMHANodeDetails (SCMHANodeDetails.java:loadSCMHAConfig(215)) - ozone.scm.default.service.id is not defined, falling back to ozone.scm.service.ids to find serviceID for StorageContainerManager if it is HA enabled cluster
2023-08-24 06:04:23,315 [pool-40-thread-1] INFO  request.KdcRequest (KdcRequest.java:preauth(651)) - The preauth data is empty.
2023-08-24 06:04:23,316 [pool-40-thread-1] INFO  server.KdcHandler (KdcHandler.java:handleRecoverableException(177)) - KRB error occurred while processing request:Additional pre-authentication required
2023-08-24 06:04:23,333 [pool-40-thread-2] INFO  request.AsRequest (AsRequest.java:issueTicket(112)) - AS_REQ ISSUE: authtime 1692857063327,scm/fv-az582-512.vyw2dcplbgbehesrvt3jseauje.cx.internal.cloudapp.net@EXAMPLE.COM for krbtgt/EXAMPLE.COM@EXAMPLE.COM
2023-08-24 06:04:23,335 [Time-limited test] INFO  security.UserGroupInformation (UserGroupInformation.java:loginUserFromKeytab(1132)) - Login successful for user scm/fv-az582-512.vyw2dcplbgbehesrvt3jseauje.cx.internal.cloudapp.net@EXAMPLE.COM using keytab file scm.keytab. Keytab auto renewal enabled : false
2023-08-24 06:04:23,336 [Time-limited test] INFO  server.StorageContainerManager (StorageContainerManager.java:loginAsSCMUserIfSecurityEnabled(1042)) - SCM login successful.
2023-08-24 06:04:23,337 [Time-limited test] INFO  client.SCMCertificateClient (DefaultCertificateClient.java:updateCertSerialId(1244)) - Certificate serial ID set to 1530581400137
2023-08-24 06:04:23,339 [Time-limited test] INFO  client.SCMCertificateClient (DefaultCertificateClient.java:readCertificateFile(237)) - Added certificate   [0]         Version: 3
         SerialNumber: 1
             IssuerDN: CN=scm-1@fv-az582-512,OU=cd9c32e1-8e95-49ba-a369-a506ce6ba0b9,O=0bb083e1-0356-4bdc-aa72-d37b883f70b4
           Start Date: Thu Aug 24 06:04:23 UTC 2023
           Final Date: Sun Oct 01 06:04:23 UTC 2028
            SubjectDN: CN=scm-1@fv-az582-512,OU=cd9c32e1-8e95-49ba-a369-a506ce6ba0b9,O=0bb083e1-0356-4bdc-aa72-d37b883f70b4
           Public Key: RSA Public Key [d1:cd:e3:1e:d9:d0:bd:fc:0a:a2:8c:b9:7e:bd:aa:b1:81:0a:6f:c2],[56:66:d1:a4]
        modulus: a7c36e1885ed2ea3b5b1c909a78f7325244191349e5ad65abb82271f351157945ec2774a30e29b10528a78b5e5a5eae1a745e27b5d4fd7e4ac278df5fbb4c6ea90d51736da32bc68faa792dc1275c00c1bff6aee4df141ccf8a4f30419c0c88ba04c33f35def7c1d114a79a5de5feb82e330471ff7af7a5db1a65bf46eee4286dcbe622a658712ac68d044ed743324e649cbcfa10a0374bd367f9a3fbf731a2dd9668031f54138b5454f4f66586d23b9b0e3cbf6109ed52190c1ae833429cb69e4399045db47729cf4c1e778b7bfbfc4f77c56fc6026796ad043782a26319ce0693b2cf2d2f49a9bf07ba74acc7e31f87461c277c530ab1900a8b6d0c7c519c3
public exponent: 10001

  Signature Algorithm: SHA256WITHRSA
            Signature: 36623861250f904f163949834c215696b0059bf7
                       34b6fc2bf94e3cf7baa02a31cb70bc051cbe3427
                       f63378fab5cf03d86ea5a9f07e35ce604b19681d
                       e3d8760e70490f2f0cf76e6e5c27a3639db7e692
                       78f4b889438419f2febff5a1e20600ebd5d51ceb
                       382c7c82b57808b3309477e993683f254c925a06
                       52efe1c9438ca47c2e33fd0c53a20df9419457f0
                       87392623798e3f9d64e99f7b45bf42c24da99a39
                       06040ee00ecba3f4a4ca974243c7a4886b94c432
                       7fd0f6e97ef9a0b187c1740b1d6898cb2456a187
                       48f7957238749aa59688608d23faf415f002cc43
                       dc6221d2ac28d0939d09236c289a34680e0935b2
                       cb2c9cc21c8ec0548c071743922496a8
       Extensions: 
                       critical(true) BasicConstraints: isCa(true)
                       critical(true) KeyUsage: 0x6
                       critical(false) 2.5.29.17 value = Sequence
    Tagged [7] IMPLICIT 
        DER Octet String[4] 
    Tagged [2] IMPLICIT 
        DER Octet String[64] 

 from file: /tmp/junit1709904116712500359/junit3323163617512811032/scm-meta/scm/sub-ca/certs/CA-1.crt.
2023-08-24 06:04:23,341 [Time-limited test] INFO  client.SCMCertificateClient (DefaultCertificateClient.java:readCertificateFile(237)) - Added certificate   [0]         Version: 3
         SerialNumber: 1530581400137
             IssuerDN: CN=scm-1@fv-az582-512,OU=cd9c32e1-8e95-49ba-a369-a506ce6ba0b9,O=0bb083e1-0356-4bdc-aa72-d37b883f70b4
           Start Date: Thu Aug 24 06:04:23 UTC 2023
           Final Date: Sun Oct 01 06:04:23 UTC 2028
            SubjectDN: CN=scm-sub-1530577005378@fv-az582-512,OU=cd9c32e1-8e95-49ba-a369-a506ce6ba0b9,O=0bb083e1-0356-4bdc-aa72-d37b883f70b4
           Public Key: RSA Public Key [95:35:5c:e5:d5:9a:1e:31:69:aa:11:5b:94:a0:ae:67:43:82:cb:ec],[56:66:d1:a4]
        modulus: a0d232856c2cf7b241cb1f720afb68293c034df50a863b12a34b5cd43d75274ea9132047451835ba364370a930942773d09e67f0eaea76efe0439151a7ab6a645308dae2adc78dc3a1f5d7f25a5f6cc145e54fba1db9c9637e2ab9289a36a1a80a05ff3c9ee7753d746554c3b09bd90b7134b642a3014b4fc790b938cd4aeec6adebc1acee7f6a5fd044099678c6935809bf3f585cea0a80dba226934081652ba3f429b720ce3cad1bb5c068aa3c71eca029bd985b2144f1ce8d21490521d951afb8163a3e3a70062cd53abfe302af9e990217f2cea6dc6edd4f8c3bd6cb58e3f6c7e58da4d5f23ee3dcca505d4ef1700bb4eac97ce64f3a4eade2ef4997bd31
public exponent: 10001

  Signature Algorithm: SHA256WITHRSA
            Signature: 1910ca1dc7bbb11e7ae0b99a9ab8e71d4a092010
                       1838f2e8a1a4fe1a8eb93bbcb75cc347a2c1e5ac
                       d8fd8c3a0582c768d9cda2fa54e102490388b4e9
                       0fc1661cef38bd79382e6efb8be78c977fb14be7
                       91bae8dc592d76f09863013f3b82b033fe14d02e
                       c8e5023bbfdcb5cee6bb52d8bfb198ace06d2e4e
                       45995bda08de88458825c837310235f53c7cca28
                       ff5fe42a20906d8b7c080f0bffccbb0fd605b47b
                       4c7a2685cc2e8fc814c61bcd4b158e38fef514e7
                       bd1c7e1c01da9982cf1b82ff3e053f16e708ae9a
                       420507234179d3cd68f848362dd355f7c4ed9938
                       19d6387141311c8b2091b75a80a1f8017f9a0646
                       0ab52b195b4dcd3e84eb515722e4ed36
       Extensions: 
                       critical(false) 2.5.29.17 value = Sequence
    Tagged [7] IMPLICIT 
        DER Octet String[4] 
    Tagged [2] IMPLICIT 
        DER Octet String[64] 

                       critical(true) BasicConstraints: isCa(true)
                       critical(true) KeyUsage: 0xbe
 from file: /tmp/junit1709904116712500359/junit3323163617512811032/scm-meta/scm/sub-ca/certs/1530581400137.crt.
2023-08-24 06:04:23,342 [Time-limited test] INFO  client.SCMCertificateClient (DefaultCertificateClient.java:readCertificateFile(237)) - Added certificate   [0]         Version: 3
         SerialNumber: 1530581400137
             IssuerDN: CN=scm-1@fv-az582-512,OU=cd9c32e1-8e95-49ba-a369-a506ce6ba0b9,O=0bb083e1-0356-4bdc-aa72-d37b883f70b4
           Start Date: Thu Aug 24 06:04:23 UTC 2023
           Final Date: Sun Oct 01 06:04:23 UTC 2028
            SubjectDN: CN=scm-sub-1530577005378@fv-az582-512,OU=cd9c32e1-8e95-49ba-a369-a506ce6ba0b9,O=0bb083e1-0356-4bdc-aa72-d37b883f70b4
           Public Key: RSA Public Key [95:35:5c:e5:d5:9a:1e:31:69:aa:11:5b:94:a0:ae:67:43:82:cb:ec],[56:66:d1:a4]
        modulus: a0d232856c2cf7b241cb1f720afb68293c034df50a863b12a34b5cd43d75274ea9132047451835ba364370a930942773d09e67f0eaea76efe0439151a7ab6a645308dae2adc78dc3a1f5d7f25a5f6cc145e54fba1db9c9637e2ab9289a36a1a80a05ff3c9ee7753d746554c3b09bd90b7134b642a3014b4fc790b938cd4aeec6adebc1acee7f6a5fd044099678c6935809bf3f585cea0a80dba226934081652ba3f429b720ce3cad1bb5c068aa3c71eca029bd985b2144f1ce8d21490521d951afb8163a3e3a70062cd53abfe302af9e990217f2cea6dc6edd4f8c3bd6cb58e3f6c7e58da4d5f23ee3dcca505d4ef1700bb4eac97ce64f3a4eade2ef4997bd31
public exponent: 10001

  Signature Algorithm: SHA256WITHRSA
            Signature: 1910ca1dc7bbb11e7ae0b99a9ab8e71d4a092010
                       1838f2e8a1a4fe1a8eb93bbcb75cc347a2c1e5ac
                       d8fd8c3a0582c768d9cda2fa54e102490388b4e9
                       0fc1661cef38bd79382e6efb8be78c977fb14be7
                       91bae8dc592d76f09863013f3b82b033fe14d02e
                       c8e5023bbfdcb5cee6bb52d8bfb198ace06d2e4e
                       45995bda08de88458825c837310235f53c7cca28
                       ff5fe42a20906d8b7c080f0bffccbb0fd605b47b
                       4c7a2685cc2e8fc814c61bcd4b158e38fef514e7
                       bd1c7e1c01da9982cf1b82ff3e053f16e708ae9a
                       420507234179d3cd68f848362dd355f7c4ed9938
                       19d6387141311c8b2091b75a80a1f8017f9a0646
                       0ab52b195b4dcd3e84eb515722e4ed36
       Extensions: 
                       critical(false) 2.5.29.17 value = Sequence
    Tagged [7] IMPLICIT 
        DER Octet String[4] 
    Tagged [2] IMPLICIT 
        DER Octet String[64] 

                       critical(true) BasicConstraints: isCa(true)
                       critical(true) KeyUsage: 0xbe
 from file: /tmp/junit1709904116712500359/junit3323163617512811032/scm-meta/scm/sub-ca/certs/certificate.crt.
2023-08-24 06:04:23,343 [Time-limited test] INFO  client.SCMCertificateClient (DefaultCertificateClient.java:loadAllCertificates(191)) - CertificateRenewerService and root ca rotation polling is disabled for scm/sub-ca
2023-08-24 06:04:23,343 [Time-limited test] WARN  utils.HAUtils (HAUtils.java:getMetaDir(339)) - ozone.scm.db.dirs is not configured. We recommend adding this setting. Falling back to ozone.metadata.dirs instead.
2023-08-24 06:04:23,343 [Time-limited test] WARN  db.DBStoreBuilder (DBStoreBuilder.java:applyDBDefinition(166)) - ozone.scm.db.dirs is not configured. We recommend adding this setting. Falling back to ozone.metadata.dirs instead.
2023-08-24 06:04:23,435 [Time-limited test] INFO  net.NodeSchemaLoader (NodeSchemaLoader.java:loadSchemaFromFile(129)) - Loading schema from [jar:file:/home/runner/.m2/repository/org/apache/ozone/hdds-common/1.4.0-SNAPSHOT/hdds-common-1.4.0-SNAPSHOT.jar!/network-topology-default.xml]
2023-08-24 06:04:23,435 [Time-limited test] INFO  net.NodeSchemaLoader (NodeSchemaLoader.java:loadSchema(176)) - Loading network topology layer schema file
2023-08-24 06:04:23,438 [Time-limited test] INFO  upgrade.AbstractLayoutVersionManager (AbstractLayoutVersionManager.java:init(83)) - Initializing Layout version manager with metadata layout = HADOOP_PRC_PORTS_IN_DATANODEDETAILS (version = 7), software layout = HADOOP_PRC_PORTS_IN_DATANODEDETAILS (version = 7)
2023-08-24 06:04:23,440 [Time-limited test] INFO  ha.SequenceIdGenerator (SequenceIdGenerator.java:upgradeToSequenceId(365)) - upgrade localId to 111677748019200000
2023-08-24 06:04:23,441 [Time-limited test] INFO  ha.SequenceIdGenerator (SequenceIdGenerator.java:upgradeToSequenceId(375)) - upgrade delTxnId to 0
2023-08-24 06:04:23,442 [Time-limited test] INFO  ha.SequenceIdGenerator (SequenceIdGenerator.java:upgradeToSequenceId(392)) - upgrade containerId to 0
2023-08-24 06:04:23,444 [Time-limited test] INFO  ha.SequenceIdGenerator (SequenceIdGenerator.java:upgradeToSequenceId(428)) - upgrade rootCertificateId to 1
2023-08-24 06:04:23,444 [Time-limited test] INFO  ha.SequenceIdGenerator (SequenceIdGenerator.java:<init>(236)) - Init the HA SequenceIdGenerator.
2023-08-24 06:04:23,444 [Time-limited test] INFO  node.SCMNodeManager (SCMNodeManager.java:<init>(157)) - Entering startup safe mode.
2023-08-24 06:04:23,445 [Time-limited test] INFO  algorithms.ContainerPlacementPolicyFactory (ContainerPlacementPolicyFactory.java:getPolicyInternal(86)) - Create container placement policy of type org.apache.hadoop.hdds.scm.container.placement.algorithms.SCMContainerPlacementRackAware
2023-08-24 06:04:23,446 [Time-limited test] INFO  algorithms.ContainerPlacementPolicyFactory (ContainerPlacementPolicyFactory.java:getPolicyInternal(86)) - Create container placement policy of type org.apache.hadoop.hdds.scm.container.placement.algorithms.SCMContainerPlacementRackScatter
2023-08-24 06:04:23,446 [Time-limited test] INFO  pipeline.PipelineStateManagerImpl (PipelineStateManagerImpl.java:initialize(78)) - No pipeline exists in current db
2023-08-24 06:04:23,447 [Time-limited test] INFO  algorithms.LeaderChoosePolicyFactory (LeaderChoosePolicyFactory.java:getPolicy(57)) - Create leader choose policy of type org.apache.hadoop.hdds.scm.pipeline.leader.choose.algorithms.MinLeaderCountChoosePolicy
2023-08-24 06:04:23,447 [Time-limited test] INFO  algorithms.ContainerPlacementPolicyFactory (ContainerPlacementPolicyFactory.java:getPolicyInternal(86)) - Create container placement policy of type org.apache.hadoop.hdds.scm.container.placement.algorithms.SCMContainerPlacementRackScatter
2023-08-24 06:04:23,448 [Time-limited test] INFO  ha.SCMServiceManager (SCMServiceManager.java:register(42)) - Registering service BackgroundPipelineCreator.
2023-08-24 06:04:23,448 [Time-limited test] INFO  pipeline.BackgroundPipelineCreator (BackgroundPipelineCreator.java:start(124)) - Starting RatisPipelineUtilsThread.
2023-08-24 06:04:23,451 [Time-limited test] INFO  BackgroundPipelineScrubber (BackgroundSCMService.java:start(68)) - Starting BackgroundPipelineScrubber Service.
2023-08-24 06:04:23,451 [Time-limited test] INFO  ha.SCMServiceManager (SCMServiceManager.java:register(42)) - Registering service BackgroundPipelineScrubber.
2023-08-24 06:04:23,451 [Time-limited test] INFO  ExpiredContainerReplicaOpScrubber (BackgroundSCMService.java:start(68)) - Starting ExpiredContainerReplicaOpScrubber Service.
2023-08-24 06:04:23,451 [Time-limited test] INFO  ha.SCMServiceManager (SCMServiceManager.java:register(42)) - Registering service ExpiredContainerReplicaOpScrubber.
2023-08-24 06:04:23,452 [Time-limited test] INFO  algorithms.PipelineChoosePolicyFactory (PipelineChoosePolicyFactory.java:createPipelineChoosePolicyFromClass(78)) - Create pipeline choose policy of type org.apache.hadoop.hdds.scm.pipeline.choose.algorithms.RandomPipelineChoosePolicy
2023-08-24 06:04:23,455 [Time-limited test] INFO  algorithms.PipelineChoosePolicyFactory (PipelineChoosePolicyFactory.java:createPipelineChoosePolicyFromClass(78)) - Create pipeline choose policy of type org.apache.hadoop.hdds.scm.pipeline.choose.algorithms.RandomPipelineChoosePolicy
2023-08-24 06:04:23,455 [Time-limited test] INFO  ha.SCMServiceManager (SCMServiceManager.java:register(42)) - Registering service SCMBlockDeletingService.
2023-08-24 06:04:23,456 [Time-limited test] INFO  replication.ReplicationManager (ReplicationManager.java:start(287)) - Starting Replication Monitor Thread.
2023-08-24 06:04:23,459 [Time-limited test] INFO  ha.SCMServiceManager (SCMServiceManager.java:register(42)) - Registering service ReplicationManager.
2023-08-24 06:04:23,460 [Time-limited test] INFO  safemode.ContainerSafeModeRule (ContainerSafeModeRule.java:<init>(90)) - containers with one replica threshold count 0
2023-08-24 06:04:23,460 [Time-limited test] INFO  safemode.HealthyPipelineSafeModeRule (HealthyPipelineSafeModeRule.java:initializeRule(169)) - Total pipeline count is 0, healthy pipeline threshold count is 0
2023-08-24 06:04:23,460 [Time-limited test] INFO  safemode.OneReplicaPipelineSafeModeRule (OneReplicaPipelineSafeModeRule.java:initializeRule(180)) - Total pipeline count is 0, pipeline's with at least one datanode reported threshold count is 0
2023-08-24 06:04:23,463 [Time-limited test] INFO  authority.DefaultCAServer (DefaultCAServer.java:lambda$processVerificationStatus$0(472)) - CertificateServer validation is successful
2023-08-24 06:04:23,464 [Time-limited test] INFO  authority.DefaultCAServer (DefaultCAServer.java:lambda$processVerificationStatus$0(472)) - CertificateServer validation is successful
2023-08-24 06:04:23,465 [Time-limited test] INFO  server.StorageContainerManager (StorageContainerManager.java:persistPrimarySCMCerts(932)) - Storing sub-ca certificate serialId 1530581400137 on primary SCM
2023-08-24 06:04:23,466 [Time-limited test] INFO  server.SCMCertStore (SCMCertStore.java:storeValidScmCertificate(122)) - Scm certificate 1530581400137 for CN=scm-sub-1530577005378@fv-az582-512,OU=cd9c32e1-8e95-49ba-a369-a506ce6ba0b9,O=0bb083e1-0356-4bdc-aa72-d37b883f70b4 is stored
2023-08-24 06:04:23,466 [Time-limited test] INFO  server.StorageContainerManager (StorageContainerManager.java:persistPrimarySCMCerts(940)) - Storing root certificate serialId 1
2023-08-24 06:04:23,471 [ReplicationMonitor] INFO  replication.ReplicationManager (ReplicationManager.java:processAll(361)) - Replication Manager is not ready to run until 300000ms after safemode exit
2023-08-24 06:04:23,473 [Time-limited test] INFO  server.SCMCertStore (SCMCertStore.java:storeValidScmCertificate(122)) - Scm certificate 1 for CN=scm-1@fv-az582-512,OU=cd9c32e1-8e95-49ba-a369-a506ce6ba0b9,O=0bb083e1-0356-4bdc-aa72-d37b883f70b4 is stored
2023-08-24 06:04:23,474 [Time-limited test] INFO  ipc.CallQueueManager (CallQueueManager.java:<init>(90)) - Using callQueue: class java.util.concurrent.LinkedBlockingQueue, queueCapacity: 200, scheduler: class org.apache.hadoop.ipc.DefaultRpcScheduler, ipcBackoff: false.
2023-08-24 06:04:23,474 [Time-limited test] INFO  ipc.Server (Server.java:<init>(1287)) - Listener at 0.0.0.0:9961
2023-08-24 06:04:23,476 [Socket Reader #1 for port 9961] INFO  ipc.Server (Server.java:run(1323)) - Starting Socket Reader #1 for port 9961
2023-08-24 06:04:23,478 [Time-limited test] INFO  server.StorageContainerManager (StorageContainerManager.java:<init>(425)) - SCM start with adminUsers: [scm/fv-az582-512.vyw2dcplbgbehesrvt3jseauje.cx.internal.cloudapp.net@EXAMPLE.COM, scm]
2023-08-24 06:04:23,479 [Time-limited test] INFO  ipc.CallQueueManager (CallQueueManager.java:<init>(90)) - Using callQueue: class java.util.concurrent.LinkedBlockingQueue, queueCapacity: 10000, scheduler: class org.apache.hadoop.ipc.DefaultRpcScheduler, ipcBackoff: false.
2023-08-24 06:04:23,479 [Time-limited test] INFO  ipc.Server (Server.java:<init>(1287)) - Listener at 0.0.0.0:9861
2023-08-24 06:04:23,480 [Socket Reader #1 for port 9861] INFO  ipc.Server (Server.java:run(1323)) - Starting Socket Reader #1 for port 9861
2023-08-24 06:04:23,491 [Time-limited test] INFO  ipc.CallQueueManager (CallQueueManager.java:<init>(90)) - Using callQueue: class java.util.concurrent.LinkedBlockingQueue, queueCapacity: 10000, scheduler: class org.apache.hadoop.ipc.DefaultRpcScheduler, ipcBackoff: false.
2023-08-24 06:04:23,491 [Time-limited test] INFO  ipc.Server (Server.java:<init>(1287)) - Listener at 0.0.0.0:9863
2023-08-24 06:04:23,492 [Socket Reader #1 for port 9863] INFO  ipc.Server (Server.java:run(1323)) - Starting Socket Reader #1 for port 9863
2023-08-24 06:04:23,493 [Time-limited test] INFO  ipc.CallQueueManager (CallQueueManager.java:<init>(90)) - Using callQueue: class java.util.concurrent.LinkedBlockingQueue, queueCapacity: 10000, scheduler: class org.apache.hadoop.ipc.DefaultRpcScheduler, ipcBackoff: false.
2023-08-24 06:04:23,493 [Time-limited test] INFO  ipc.Server (Server.java:<init>(1287)) - Listener at 0.0.0.0:9860
2023-08-24 06:04:23,493 [Socket Reader #1 for port 9860] INFO  ipc.Server (Server.java:run(1323)) - Starting Socket Reader #1 for port 9860
2023-08-24 06:04:23,498 [Time-limited test] INFO  ha.SCMServiceManager (SCMServiceManager.java:register(42)) - Registering service ContainerBalancer.
2023-08-24 06:04:23,499 [Time-limited test] INFO  server.StorageContainerManager (StorageContainerManager.java:<init>(438)) - 
Container Balancer status:
Key                            Value
Running                        false
Container Balancer Configuration values:
Key                                                Value
Threshold                                          10
Max Datanodes to Involve per Iteration(percent)    20
Max Size to Move per Iteration                     500GB
Max Size Entering Target per Iteration             26GB
Max Size Leaving Source per Iteration              26GB

2023-08-24 06:04:23,499 [Time-limited test] INFO  ha.SCMContext (SCMContext.java:updateSafeModeStatus(228)) - Update SafeModeStatus from SafeModeStatus{safeModeStatus=true, preCheckPassed=false} to SafeModeStatus{safeModeStatus=true, preCheckPassed=false}.
2023-08-24 06:04:23,499 [Time-limited test] INFO  server.StorageContainerManager (StorageContainerManager.java:start(1483)) - StorageContainerLocationProtocol RPC server is listening at /0.0.0.0:9860
2023-08-24 06:04:23,500 [Time-limited test] WARN  impl.MetricsConfig (MetricsConfig.java:loadFirst(136)) - Cannot locate configuration: tried hadoop-metrics2-storagecontainermanager.properties,hadoop-metrics2.properties
2023-08-24 06:04:23,502 [Time-limited test] INFO  impl.MetricsSystemImpl (MetricsSystemImpl.java:startTimer(378)) - Scheduled Metric snapshot period at 10 second(s).
2023-08-24 06:04:23,503 [Time-limited test] INFO  impl.MetricsSystemImpl (MetricsSystemImpl.java:start(191)) - StorageContainerManager metrics system started
2023-08-24 06:04:23,521 [Time-limited test] INFO  impl.MetricsSinkAdapter (MetricsSinkAdapter.java:start(204)) - Sink prometheus started
2023-08-24 06:04:23,521 [Time-limited test] INFO  impl.MetricsSystemImpl (MetricsSystemImpl.java:registerSink(305)) - Registered sink prometheus
2023-08-24 06:04:23,551 [Time-limited test] INFO  server.SCMClientProtocolServer (SCMClientProtocolServer.java:start(201)) - RPC server for Client  is listening at /0.0.0.0:9860
2023-08-24 06:04:23,553 [IPC Server Responder] INFO  ipc.Server (Server.java:run(1562)) - IPC Server Responder: starting
2023-08-24 06:04:23,563 [IPC Server listener on 9860] INFO  ipc.Server (Server.java:run(1402)) - IPC Server listener on 9860: starting
2023-08-24 06:04:23,567 [Time-limited test] INFO  server.StorageContainerManager (StorageContainerManager.java:start(1496)) - ScmBlockLocationProtocol RPC server is listening at /0.0.0.0:9863
2023-08-24 06:04:23,568 [Time-limited test] INFO  server.SCMBlockProtocolServer (SCMBlockProtocolServer.java:start(152)) - RPC server for Block Protocol is listening at /0.0.0.0:9863
2023-08-24 06:04:23,568 [IPC Server listener on 9863] INFO  ipc.Server (Server.java:run(1402)) - IPC Server listener on 9863: starting
2023-08-24 06:04:23,568 [IPC Server Responder] INFO  ipc.Server (Server.java:run(1562)) - IPC Server Responder: starting
2023-08-24 06:04:23,582 [Time-limited test] INFO  server.SCMDatanodeProtocolServer (SCMDatanodeProtocolServer.java:start(193)) - ScmDatanodeProtocol RPC server for DataNodes is listening at /0.0.0.0:9861
2023-08-24 06:04:23,583 [IPC Server Responder] INFO  ipc.Server (Server.java:run(1562)) - IPC Server Responder: starting
2023-08-24 06:04:23,584 [IPC Server listener on 9861] INFO  ipc.Server (Server.java:run(1402)) - IPC Server listener on 9861: starting
2023-08-24 06:04:23,596 [Time-limited test] INFO  server.SCMSecurityProtocolServer (SCMSecurityProtocolServer.java:start(542)) - Starting RPC server for SCMSecurityProtocolServer. is listening at /0.0.0.0:9961
2023-08-24 06:04:23,597 [IPC Server listener on 9961] INFO  ipc.Server (Server.java:run(1402)) - IPC Server listener on 9961: starting
2023-08-24 06:04:23,597 [IPC Server Responder] INFO  ipc.Server (Server.java:run(1562)) - IPC Server Responder: starting
2023-08-24 06:04:23,597 [Time-limited test] INFO  server.SCMUpdateServiceGrpcServer (SCMUpdateServiceGrpcServer.java:start(58)) - SCMUpdateService starting
2023-08-24 06:04:23,613 [JvmPauseMonitor1] INFO  util.JvmPauseMonitor (JvmPauseMonitor.java:run(103)) - JvmPauseMonitor-cd9c32e1-8e95-49ba-a369-a506ce6ba0b9: Started
2023-08-24 06:04:23,613 [Time-limited test] INFO  http.BaseHttpServer (BaseHttpServer.java:newHttpServer2BuilderForOzone(224)) - Starting Web-server for scm at: http://0.0.0.0:9876
2023-08-24 06:04:23,613 [Time-limited test] INFO  http.BaseHttpServer (BaseHttpServer.java:<init>(111)) - Hadoop Security Enabled: true Ozone Security Enabled: true Ozone HTTP Security Enabled: false 
2023-08-24 06:04:23,615 [Time-limited test] WARN  server.AuthenticationFilter (AuthenticationFilter.java:constructSecretProvider(240)) - Unable to initialize FileSignerSecretProvider, falling back to use random secrets. Reason: Could not read signature secret file: /home/runner/hadoop-http-auth-signature-secret
2023-08-24 06:04:23,623 [Time-limited test] INFO  http.HttpRequestLog (HttpRequestLog.java:getRequestLog(86)) - Http request log for http.requests.scm is not defined
2023-08-24 06:04:23,624 [Time-limited test] INFO  http.HttpServer2 (HttpServer2.java:addGlobalFilter(1031)) - Added global filter 'safety' (class=org.apache.hadoop.hdds.server.http.HttpServer2$QuotingInputFilter)
2023-08-24 06:04:23,625 [Time-limited test] INFO  http.HttpServer2 (HttpServer2.java:addFilter(1007)) - Added filter static_user_filter (class=org.apache.hadoop.http.lib.StaticUserWebFilter$StaticUserFilter) to context scm
2023-08-24 06:04:23,625 [Time-limited test] INFO  http.HttpServer2 (HttpServer2.java:addFilter(1015)) - Added filter static_user_filter (class=org.apache.hadoop.http.lib.StaticUserWebFilter$StaticUserFilter) to context logs
2023-08-24 06:04:23,625 [Time-limited test] INFO  http.HttpServer2 (HttpServer2.java:addFilter(1015)) - Added filter static_user_filter (class=org.apache.hadoop.http.lib.StaticUserWebFilter$StaticUserFilter) to context static
2023-08-24 06:04:23,626 [Time-limited test] INFO  http.BaseHttpServer (BaseHttpServer.java:<init>(190)) - HTTP server of scm uses base directory /tmp/junit1709904116712500359/junit3323163617512811032/scm-meta/webserver
2023-08-24 06:04:23,627 [Time-limited test] INFO  http.HttpServer2 (HttpServer2.java:bindListener(1250)) - Jetty bound to port 9876
2023-08-24 06:04:23,631 [Time-limited test] INFO  server.Server (Server.java:doStart(375)) - jetty-9.4.51.v20230217; built: 2023-02-17T08:19:37.309Z; git: b45c405e4544384de066f814ed42ae3dceacdd49; jvm 1.8.0_382-b05
2023-08-24 06:04:23,634 [Time-limited test] INFO  server.session (DefaultSessionIdManager.java:doStart(334)) - DefaultSessionIdManager workerName=node0
2023-08-24 06:04:23,634 [Time-limited test] INFO  server.session (DefaultSessionIdManager.java:doStart(339)) - No SessionScavenger set, using defaults
2023-08-24 06:04:23,634 [Time-limited test] INFO  server.session (HouseKeeper.java:startScavenging(132)) - node0 Scavenging every 660000ms
2023-08-24 06:04:23,635 [Time-limited test] INFO  handler.ContextHandler (ContextHandler.java:doStart(921)) - Started o.e.j.s.ServletContextHandler@5a534b41{logs,/logs,file:///home/runner/work/ozone/ozone/hadoop-ozone/integration-test/target/log,AVAILABLE}
2023-08-24 06:04:23,635 [Time-limited test] INFO  handler.ContextHandler (ContextHandler.java:doStart(921)) - Started o.e.j.s.ServletContextHandler@397aae4{static,/static,file:///home/runner/work/ozone/ozone/hadoop-ozone/integration-test/target/test-classes/webapps/static,AVAILABLE}
2023-08-24 06:04:23,641 [Time-limited test] INFO  handler.ContextHandler (ContextHandler.java:doStart(921)) - Started o.e.j.w.WebAppContext@5f9950d9{scm,/,file:///home/runner/work/ozone/ozone/hadoop-ozone/integration-test/target/test-classes/webapps/scm/,AVAILABLE}{file:/home/runner/work/ozone/ozone/hadoop-ozone/integration-test/target/test-classes/webapps/scm}
2023-08-24 06:04:23,642 [Time-limited test] INFO  server.AbstractConnector (AbstractConnector.java:doStart(333)) - Started ServerConnector@423cc2bb{HTTP/1.1, (http/1.1)}{0.0.0.0:9876}
2023-08-24 06:04:23,642 [Time-limited test] INFO  server.Server (Server.java:doStart(415)) - Started @10639ms
2023-08-24 06:04:23,643 [Time-limited test] WARN  impl.MetricsSystemImpl (MetricsSystemImpl.java:register(279)) - Sink prometheus already exists!
2023-08-24 06:04:23,643 [Time-limited test] INFO  http.BaseHttpServer (BaseHttpServer.java:updateConnectorAddress(344)) - HTTP server of scm listening at http://0.0.0.0:9876
2023-08-24 06:04:23,644 [Time-limited test] WARN  server.ServerUtils (ServerUtils.java:getDBPath(311)) - ozone.om.db.dirs is not configured. We recommend adding this setting. Falling back to ozone.metadata.dirs instead.
2023-08-24 06:04:23,652 [Time-limited test] INFO  ha.OMHANodeDetails (OMHANodeDetails.java:loadOMHAConfig(115)) - ozone.om.internal.service.id is not defined, falling back to ozone.om.service.ids to find serviceID for OzoneManager if it is HA enabled cluster
2023-08-24 06:04:23,653 [Time-limited test] INFO  ha.OMHANodeDetails (OMHANodeDetails.java:loadOMHAConfig(226)) - Configuration does not have ozone.om.address set. Falling back to the default OM address fv-az582-512.vyw2dcplbgbehesrvt3jseauje.cx.internal.cloudapp.net/10.1.0.20:1202
2023-08-24 06:04:23,653 [Time-limited test] INFO  ha.OMHANodeDetails (OMHANodeDetails.java:getOMNodeDetailsForNonHA(254)) - OM Service ID is not set. Setting it to the default ID: omServiceIdDefault
2023-08-24 06:04:23,653 [Time-limited test] INFO  ha.OMHANodeDetails (OMHANodeDetails.java:getOMNodeDetailsForNonHA(261)) - OM Node ID is not set. Setting it to the default ID: om1
2023-08-24 06:04:23,669 [pool-40-thread-2] INFO  request.TgsRequest (TgsRequest.java:issueTicket(115)) - TGS_REQ ISSUE: authtime 1692857063669,scm/fv-az582-512.vyw2dcplbgbehesrvt3jseauje.cx.internal.cloudapp.net for scm/fv-az582-512.vyw2dcplbgbehesrvt3jseauje.cx.internal.cloudapp.net@EXAMPLE.COM
2023-08-24 06:04:23,674 [Time-limited test] WARN  server.ServerUtils (ServerUtils.java:getDBPath(311)) - ozone.om.db.dirs is not configured. We recommend adding this setting. Falling back to ozone.metadata.dirs instead.
2023-08-24 06:04:23,690 [Time-limited test] INFO  upgrade.AbstractLayoutVersionManager (AbstractLayoutVersionManager.java:init(83)) - Initializing Layout version manager with metadata layout = QUOTA (version = 6), software layout = QUOTA (version = 6)
2023-08-24 06:04:23,692 [Socket Reader #1 for port 9961] INFO  ipc.Server (Server.java:saslProcess(2139)) - Auth successful for scm/fv-az582-512.vyw2dcplbgbehesrvt3jseauje.cx.internal.cloudapp.net@EXAMPLE.COM (auth:KERBEROS) from fv-az582-512.vyw2dcplbgbehesrvt3jseauje.cx.internal.cloudapp.net:43233 / 10.1.0.20:43233
2023-08-24 06:04:23,757 [IPC Server handler 0 on default port 9961] INFO  client.SCMCertificateClient (DefaultCertificateClient.java:getAllRootCaCerts(901)) - scm/sub-ca has 0 Root CA certificates
2023-08-24 06:04:23,757 [IPC Server handler 0 on default port 9961] INFO  client.SCMCertificateClient (DefaultCertificateClient.java:getAllCaCerts(909)) - scm/sub-ca has 1 CA certificates
2023-08-24 06:04:23,771 [scm/sub-ca-refreshCACertificates] INFO  client.SCMCertificateClient (DefaultCertificateClient.java:getAllRootCaCerts(901)) - scm/sub-ca has 0 Root CA certificates
2023-08-24 06:04:23,771 [scm/sub-ca-refreshCACertificates] INFO  client.SCMCertificateClient (DefaultCertificateClient.java:getAllCaCerts(909)) - scm/sub-ca has 1 CA certificates
2023-08-24 06:04:23,772 [scm/sub-ca-refreshCACertificates] INFO  client.SCMCertificateClient (SCMCertificateClient.java:run(277)) - CA certificates are not changed.
2023-08-24 06:04:23,847 [Time-limited test] INFO  reflections.Reflections (Reflections.java:scan(232)) - Reflections took 142 ms to scan 2 urls, producing 188 keys and 512 values [using 2 cores]
2023-08-24 06:04:23,852 [Time-limited test] INFO  upgrade.OMLayoutVersionManager (OMLayoutVersionManager.java:lambda$0(115)) - Skipping Upgrade Action QuotaRepairUpgradeAction since it has been finalized.
2023-08-24 06:04:23,855 [Time-limited test] INFO  upgrade.OMLayoutVersionManager (OMLayoutVersionManager.java:lambda$0(115)) - Skipping Upgrade Action MockOmUpgradeAction since it has been finalized.
2023-08-24 06:04:23,859 [Time-limited test] WARN  server.ServerUtils (ServerUtils.java:getDBPath(311)) - ozone.om.db.dirs is not configured. We recommend adding this setting. Falling back to ozone.metadata.dirs instead.
2023-08-24 06:04:24,166 [Time-limited test] INFO  proxy.SCMBlockLocationFailoverProxyProvider (SCMBlockLocationFailoverProxyProvider.java:<init>(114)) - Created block location fail-over proxy with 1 nodes: [nodeId=scmNodeId,nodeAddress=/0.0.0.0:9863]
2023-08-24 06:04:24,223 [Time-limited test] INFO  om.OzoneManager (OzoneManager.java:<init>(662)) - OM start with adminUsers: [scm/fv-az582-512.vyw2dcplbgbehesrvt3jseauje.cx.internal.cloudapp.net@EXAMPLE.COM, scm]
2023-08-24 06:04:24,253 [Time-limited test] WARN  server.ServerUtils (ServerUtils.java:getDBPath(311)) - ozone.om.db.dirs is not configured. We recommend adding this setting. Falling back to ozone.metadata.dirs instead.
2023-08-24 06:04:24,282 [Time-limited test] INFO  helpers.OmKeyInfo (OmKeyInfo.java:getCodec(71)) - OmKeyInfo.getCodec ignorePipeline = true
2023-08-24 06:04:24,545 [Time-limited test] INFO  om.OzoneManager (OzoneManager.java:instantiateServices(791)) - S3 Multi-Tenancy is disabled
2023-08-24 06:04:24,556 [Time-limited test] INFO  security.OzoneSecretStore (OzoneSecretStore.java:loadState(69)) - Loaded 0 tokens
2023-08-24 06:04:24,557 [Time-limited test] INFO  security.OzoneDelegationTokenSecretManager (OzoneDelegationTokenSecretManager.java:loadTokenSecretState(530)) - Loading token state into token manager.
2023-08-24 06:04:24,584 [Time-limited test] INFO  om.OmSnapshotManager (OmSnapshotManager.java:<init>(175)) - Ozone filesystem snapshot feature is enabled.
2023-08-24 06:04:24,593 [Time-limited test] WARN  server.ServerUtils (ServerUtils.java:getDBPath(311)) - ozone.om.snapshot.diff.db.dir is not configured. We recommend adding this setting. Falling back to ozone.metadata.dirs instead.
2023-08-24 06:04:24,631 [Time-limited test] INFO  utils.NativeLibraryLoader (NativeLibraryLoader.java:loadLibrary(105)) - Loading Library: ozone_rocksdb_tools
2023-08-24 06:04:24,632 [Time-limited test] INFO  snapshot.SnapshotDiffManager (SnapshotDiffManager.java:closeExecutorService(1720)) - Shutting down executorService: 'SstDumpToolExecutor'
2023-08-24 06:04:24,694 [Time-limited test] INFO  om.OzoneManager (OzoneManager.java:addS3GVolumeToDB(4284)) - Created Volume s3v With Owner scm required for S3Gateway operations.
2023-08-24 06:04:24,766 [Time-limited test] WARN  server.ServerUtils (ServerUtils.java:getDefaultRatisDirectory(323)) - Storage directory for Ratis is not configured. It is a good idea to map this to an SSD disk. Falling back to ozone.metadata.dirs
2023-08-24 06:04:24,766 [Time-limited test] WARN  utils.OzoneManagerRatisUtils (OzoneManagerRatisUtils.java:getOMRatisSnapshotDirectory(461)) - ozone.om.ratis.snapshot.dir is not configured. Falling back to ozone.metadata.dirs config
2023-08-24 06:04:24,777 [Time-limited test] WARN  server.ServerUtils (ServerUtils.java:getDefaultRatisDirectory(323)) - Storage directory for Ratis is not configured. It is a good idea to map this to an SSD disk. Falling back to ozone.metadata.dirs
2023-08-24 06:04:24,804 [Time-limited test] INFO  ratis.OzoneManagerRatisServer (OzoneManagerRatisServer.java:<init>(163)) - Instantiating OM Ratis server with groupID: omServiceIdDefault and peers: fv-az582-512.vyw2dcplbgbehesrvt3jseauje.cx.internal.cloudapp.net:9872
2023-08-24 06:04:24,813 [Time-limited test] INFO  ratis.OzoneManagerStateMachine (OzoneManagerStateMachine.java:loadSnapshotInfoFromDB(687)) - LastAppliedIndex is set from TransactionInfo from OM DB as (t:0, i:~)
2023-08-24 06:04:24,879 [Time-limited test] INFO  server.RaftServer (ConfUtils.java:logGet(46)) - raft.rpc.type = GRPC (default)
2023-08-24 06:04:24,887 [Time-limited test] INFO  grpc.GrpcConfigKeys (ConfUtils.java:logFallback(53)) - raft.grpc.admin.host = null (fallback to raft.grpc.server.host)
2023-08-24 06:04:24,888 [Time-limited test] INFO  grpc.GrpcConfigKeys (ConfUtils.java:logFallback(53)) - raft.grpc.admin.port = 9872 (fallback to raft.grpc.server.port)
2023-08-24 06:04:24,888 [Time-limited test] INFO  grpc.GrpcConfigKeys (ConfUtils.java:logFallback(53)) - raft.grpc.client.host = null (fallback to raft.grpc.server.host)
2023-08-24 06:04:24,888 [Time-limited test] INFO  grpc.GrpcConfigKeys (ConfUtils.java:logFallback(53)) - raft.grpc.client.port = 9872 (fallback to raft.grpc.server.port)
2023-08-24 06:04:24,888 [Time-limited test] INFO  grpc.GrpcConfigKeys (ConfUtils.java:logGet(46)) - raft.grpc.server.host = null (default)
2023-08-24 06:04:24,888 [Time-limited test] INFO  grpc.GrpcConfigKeys (ConfUtils.java:logGet(46)) - raft.grpc.server.port = 9872 (custom)
2023-08-24 06:04:24,889 [Time-limited test] INFO  server.GrpcService (ConfUtils.java:logGet(46)) - raft.grpc.message.size.max = 33554432 (custom)
2023-08-24 06:04:24,890 [Time-limited test] INFO  server.RaftServerConfigKeys (ConfUtils.java:logGet(46)) - raft.server.log.appender.buffer.byte-limit = 33554432 (custom)
2023-08-24 06:04:24,890 [Time-limited test] INFO  server.GrpcService (ConfUtils.java:logGet(46)) - raft.grpc.flow.control.window = 1MB (=1048576) (default)
2023-08-24 06:04:24,890 [Time-limited test] INFO  server.RaftServerConfigKeys (ConfUtils.java:logGet(46)) - raft.server.rpc.request.timeout = 3000ms (default)
2023-08-24 06:04:24,899 [Time-limited test] INFO  grpc.GrpcConfigKeys (ConfUtils.java:logGet(46)) - raft.grpc.server.heartbeat.channel = true (default)
2023-08-24 06:04:24,904 [Time-limited test] INFO  grpc.GrpcConfigKeys (ConfUtils.java:logGet(46)) - raft.grpc.server.async.request.thread.pool.cached = true (default)
2023-08-24 06:04:24,905 [Time-limited test] INFO  grpc.GrpcConfigKeys (ConfUtils.java:logGet(46)) - raft.grpc.server.async.request.thread.pool.size = 32 (default)
2023-08-24 06:04:24,953 [Time-limited test] INFO  impl.DataStreamServerImpl (ConfUtils.java:logGet(46)) - raft.datastream.type = DISABLED (default)
2023-08-24 06:04:24,955 [Time-limited test] INFO  server.RaftServerConfigKeys (ConfUtils.java:logGet(46)) - raft.server.threadpool.proxy.cached = true (default)
2023-08-24 06:04:24,955 [Time-limited test] INFO  server.RaftServerConfigKeys (ConfUtils.java:logGet(46)) - raft.server.threadpool.proxy.size = 0 (default)
2023-08-24 06:04:24,959 [Time-limited test] INFO  server.RaftServerConfigKeys (ConfUtils.java:logGet(46)) - raft.server.rpc.slowness.timeout = 120s (custom)
2023-08-24 06:04:24,959 [Time-limited test] INFO  server.RaftServerConfigKeys (ConfUtils.java:logGet(46)) - raft.server.leaderelection.leader.step-down.wait-time = 10s (default)
2023-08-24 06:04:24,960 [Time-limited test] INFO  server.RaftServerConfigKeys (ConfUtils.java:logGet(46)) - raft.server.storage.dir = [/tmp/junit1709904116712500359/junit3323163617512811032/scm-meta/ratis] (custom)
2023-08-24 06:04:24,968 [Time-limited test] INFO  server.RaftServer (RaftServerProxy.java:addNew(98)) - om1: addNew group-C5BA1605619E:[om1|rpc:fv-az582-512.vyw2dcplbgbehesrvt3jseauje.cx.internal.cloudapp.net:9872|priority:0|startupRole:FOLLOWER] returns group-C5BA1605619E:java.util.concurrent.CompletableFuture@75521999[Not completed]
2023-08-24 06:04:24,969 [Time-limited test] INFO  om.OzoneManager (OzoneManager.java:initializeRatisServer(2128)) - OzoneManager Ratis server initialized at port 9872
2023-08-24 06:04:24,972 [Time-limited test] INFO  om.OzoneManager (OzoneManager.java:getRpcServer(1193)) - Creating RPC Server
2023-08-24 06:04:25,000 [om1-groupManagement] INFO  server.RaftServer$Division (RaftServerImpl.java:<init>(198)) - om1: new RaftServerImpl for group-C5BA1605619E:[om1|rpc:fv-az582-512.vyw2dcplbgbehesrvt3jseauje.cx.internal.cloudapp.net:9872|priority:0|startupRole:FOLLOWER] with OzoneManagerStateMachine:uninitialized
2023-08-24 06:04:25,003 [om1-groupManagement] INFO  server.RaftServerConfigKeys (ConfUtils.java:logGet(46)) - raft.server.rpc.timeout.min = 5s (custom)
2023-08-24 06:04:25,008 [om1-groupManagement] INFO  server.RaftServerConfigKeys (ConfUtils.java:logGet(46)) - raft.server.rpc.timeout.max = 5200ms (custom)
2023-08-24 06:04:25,008 [om1-groupManagement] INFO  server.RaftServerConfigKeys (ConfUtils.java:logGet(46)) - raft.server.rpc.sleep.time = 25ms (default)
2023-08-24 06:04:25,008 [om1-groupManagement] INFO  server.RaftServerConfigKeys (ConfUtils.java:logGet(46)) - raft.server.rpc.slowness.timeout = 120s (custom)
2023-08-24 06:04:25,008 [om1-groupManagement] INFO  server.RaftServerConfigKeys (ConfUtils.java:logGet(46)) - raft.server.leaderelection.leader.step-down.wait-time = 10s (default)
2023-08-24 06:04:25,008 [om1-groupManagement] INFO  server.RaftServerConfigKeys (ConfUtils.java:logGet(46)) - raft.server.sleep.deviation.threshold = 300ms (default)
2023-08-24 06:04:25,014 [om1-groupManagement] INFO  server.RaftServer$Division (ServerState.java:<init>(120)) - om1@group-C5BA1605619E: ConfigurationManager, init=-1: peers:[om1|rpc:fv-az582-512.vyw2dcplbgbehesrvt3jseauje.cx.internal.cloudapp.net:9872|priority:0|startupRole:FOLLOWER]|listeners:[], old=null, confs=<EMPTY_MAP>
2023-08-24 06:04:25,014 [om1-groupManagement] INFO  server.RaftServerConfigKeys (ConfUtils.java:logGet(46)) - raft.server.storage.dir = [/tmp/junit1709904116712500359/junit3323163617512811032/scm-meta/ratis] (custom)
2023-08-24 06:04:25,036 [om1-groupManagement] INFO  server.RaftServerConfigKeys (ConfUtils.java:logGet(46)) - raft.server.log.corruption.policy = EXCEPTION (default)
2023-08-24 06:04:25,036 [om1-groupManagement] INFO  server.RaftServerConfigKeys (ConfUtils.java:logGet(46)) - raft.server.storage.free-space.min = 0MB (=0) (default)
2023-08-24 06:04:25,051 [om1-groupManagement] INFO  server.RaftServerConfigKeys (ConfUtils.java:logGet(46)) - raft.server.notification.no-leader.timeout = 120s (custom)
2023-08-24 06:04:25,057 [om1-groupManagement] INFO  server.RaftServerConfigKeys (ConfUtils.java:logGet(46)) - raft.server.read.timeout = 10s (default)
2023-08-24 06:04:25,063 [om1-groupManagement] INFO  server.RaftServerConfigKeys (ConfUtils.java:logGet(46)) - raft.server.retrycache.expirytime = 300s (custom)
2023-08-24 06:04:25,064 [om1-groupManagement] INFO  server.RaftServerConfigKeys (ConfUtils.java:logGet(46)) - raft.server.retrycache.statistics.expirytime = 100μs (default)
2023-08-24 06:04:25,138 [om1-groupManagement] INFO  server.RaftServerConfigKeys (ConfUtils.java:logGet(46)) - raft.server.read.option = DEFAULT (default)
2023-08-24 06:04:25,189 [om1-groupManagement] INFO  server.RaftServerConfigKeys (ConfUtils.java:logGet(46)) - raft.server.rpc.request.timeout = 3000ms (default)
2023-08-24 06:04:25,195 [om1-groupManagement] INFO  server.RaftServerConfigKeys (ConfUtils.java:logGet(46)) - raft.server.log.appender.install.snapshot.enabled = false (custom)
2023-08-24 06:04:25,196 [om1-groupManagement] INFO  server.RaftServerConfigKeys (ConfUtils.java:logGet(46)) - raft.server.threadpool.server.cached = true (default)
2023-08-24 06:04:25,196 [om1-groupManagement] INFO  server.RaftServerConfigKeys (ConfUtils.java:logGet(46)) - raft.server.threadpool.server.size = 0 (default)
2023-08-24 06:04:25,207 [om1-groupManagement] INFO  server.RaftServerConfigKeys (ConfUtils.java:logGet(46)) - raft.server.threadpool.client.cached = true (default)
2023-08-24 06:04:25,207 [om1-groupManagement] INFO  server.RaftServerConfigKeys (ConfUtils.java:logGet(46)) - raft.server.threadpool.client.size = 0 (default)
2023-08-24 06:04:25,713 [Time-limited test] INFO  reflections.Reflections (Reflections.java:scan(232)) - Reflections took 642 ms to scan 19 urls, producing 70 keys and 5648 values [using 2 cores]
2023-08-24 06:04:25,885 [Time-limited test] INFO  ipc.CallQueueManager (CallQueueManager.java:<init>(90)) - Using callQueue: class java.util.concurrent.LinkedBlockingQueue, queueCapacity: 10000, scheduler: class org.apache.hadoop.ipc.DefaultRpcScheduler, ipcBackoff: false.
2023-08-24 06:04:25,886 [Time-limited test] INFO  ipc.Server (Server.java:<init>(1287)) - Listener at fv-az582-512.vyw2dcplbgbehesrvt3jseauje.cx.internal.cloudapp.net:1202
2023-08-24 06:04:25,886 [Socket Reader #1 for port 1202] INFO  ipc.Server (Server.java:run(1323)) - Starting Socket Reader #1 for port 1202
2023-08-24 06:04:25,914 [Time-limited test] INFO  ha.OMHANodeDetails (OMHANodeDetails.java:loadOMHAConfig(115)) - ozone.om.internal.service.id is not defined, falling back to ozone.om.service.ids to find serviceID for OzoneManager if it is HA enabled cluster
2023-08-24 06:04:25,914 [Time-limited test] INFO  ha.OMHANodeDetails (OMHANodeDetails.java:loadOMHAConfig(226)) - Configuration does not have ozone.om.address set. Falling back to the default OM address fv-az582-512.vyw2dcplbgbehesrvt3jseauje.cx.internal.cloudapp.net/10.1.0.20:1202
2023-08-24 06:04:25,915 [Time-limited test] INFO  ha.OMHANodeDetails (OMHANodeDetails.java:getOMNodeDetailsForNonHA(254)) - OM Service ID is not set. Setting it to the default ID: omServiceIdDefault
2023-08-24 06:04:25,915 [Time-limited test] INFO  ha.OMHANodeDetails (OMHANodeDetails.java:getOMNodeDetailsForNonHA(261)) - OM Node ID is not set. Setting it to the default ID: om1
2023-08-24 06:04:25,918 [pool-40-thread-2] INFO  request.KdcRequest (KdcRequest.java:preauth(651)) - The preauth data is empty.
2023-08-24 06:04:25,918 [pool-40-thread-2] INFO  server.KdcHandler (KdcHandler.java:handleRecoverableException(177)) - KRB error occurred while processing request:Additional pre-authentication required
2023-08-24 06:04:25,923 [pool-40-thread-2] INFO  request.AsRequest (AsRequest.java:issueTicket(112)) - AS_REQ ISSUE: authtime 1692857065922,scm/fv-az582-512.vyw2dcplbgbehesrvt3jseauje.cx.internal.cloudapp.net@EXAMPLE.COM for krbtgt/EXAMPLE.COM@EXAMPLE.COM
2023-08-24 06:04:25,926 [Time-limited test] INFO  security.UserGroupInformation (UserGroupInformation.java:loginUserFromKeytab(1132)) - Login successful for user scm/fv-az582-512.vyw2dcplbgbehesrvt3jseauje.cx.internal.cloudapp.net@EXAMPLE.COM using keytab file scm.keytab. Keytab auto renewal enabled : false
2023-08-24 06:04:25,926 [Time-limited test] INFO  om.OzoneManager (OzoneManager.java:loginOMUser(1161)) - Ozone Manager login successful.
2023-08-24 06:04:25,926 [Time-limited test] WARN  server.ServerUtils (ServerUtils.java:getDBPath(311)) - ozone.om.db.dirs is not configured. We recommend adding this setting. Falling back to ozone.metadata.dirs instead.
2023-08-24 06:04:25,928 [Time-limited test] INFO  proxy.SCMBlockLocationFailoverProxyProvider (SCMBlockLocationFailoverProxyProvider.java:<init>(114)) - Created block location fail-over proxy with 1 nodes: [nodeId=scmNodeId,nodeAddress=/0.0.0.0:9863]
2023-08-24 06:04:25,942 [pool-40-thread-2] INFO  request.TgsRequest (TgsRequest.java:issueTicket(115)) - TGS_REQ ISSUE: authtime 1692857065942,scm/fv-az582-512.vyw2dcplbgbehesrvt3jseauje.cx.internal.cloudapp.net for scm/fv-az582-512.vyw2dcplbgbehesrvt3jseauje.cx.internal.cloudapp.net@EXAMPLE.COM
2023-08-24 06:04:25,957 [Socket Reader #1 for port 9863] INFO  ipc.Server (Server.java:saslProcess(2139)) - Auth successful for scm/fv-az582-512.vyw2dcplbgbehesrvt3jseauje.cx.internal.cloudapp.net@EXAMPLE.COM (auth:KERBEROS) from fv-az582-512.vyw2dcplbgbehesrvt3jseauje.cx.internal.cloudapp.net:33123 / 10.1.0.20:33123
OM already initialized.Reusing existing cluster id for sd=/tmp/junit1709904116712500359/junit3323163617512811032/scm-meta/om;cid=0bb083e1-0356-4bdc-aa72-d37b883f70b4;layoutVersion=6
2023-08-24 06:04:25,999 [Time-limited test] INFO  om.OzoneManager (OzoneManager.java:omInit(1369)) - OM storage initialized. Initializing security
2023-08-24 06:04:25,999 [Time-limited test] INFO  om.OzoneManager (OzoneManager.java:initializeSecurity(1382)) - Initializing secure OzoneManager.
2023-08-24 06:04:25,999 [Time-limited test] INFO  om.OzoneManager (OzoneManager.java:getOmDetailsProto(4552)) - OzoneManager ports added:[name: "RPC"
value: 1202
]
2023-08-24 06:04:26,001 [Time-limited test] INFO  security.OMCertificateClient (DefaultCertificateClient.java:updateCertSerialId(1244)) - Certificate serial ID set to null
2023-08-24 06:04:26,001 [Time-limited test] ERROR security.OMCertificateClient (DefaultCertificateClient.java:getCertPath(362)) - Default certificate serial id is not set. Can't locate the default certificate for this client.
2023-08-24 06:04:26,001 [Time-limited test] INFO  security.OMCertificateClient (DefaultCertificateClient.java:init(715)) - Certificate client init case: 0
2023-08-24 06:04:26,002 [Time-limited test] INFO  security.OMCertificateClient (CommonCertificateClient.java:handleCase(73)) - Creating keypair for client as keypair and certificate not found.
2023-08-24 06:04:26,103 [Time-limited test] INFO  om.OzoneManager (OzoneManager.java:initializeSecurity(1395)) - Init response: GETCERT
2023-08-24 06:04:26,104 [Time-limited test] INFO  ozone.OzoneSecurityUtil (OzoneSecurityUtil.java:getValidInetsForCurrentHost(119)) - ip:fe80:0:0:0:6245:bdff:fe7e:9bc0%eth0 not returned.
2023-08-24 06:04:26,104 [Time-limited test] INFO  ozone.OzoneSecurityUtil (OzoneSecurityUtil.java:getValidInetsForCurrentHost(116)) - Adding ip:10.1.0.20,host:fv-az582-512.vyw2dcplbgbehesrvt3jseauje.cx.internal.cloudapp.net
2023-08-24 06:04:26,104 [Time-limited test] INFO  ozone.OzoneSecurityUtil (OzoneSecurityUtil.java:getValidInetsForCurrentHost(119)) - ip:0:0:0:0:0:0:0:1%lo not returned.
2023-08-24 06:04:26,104 [Time-limited test] INFO  ozone.OzoneSecurityUtil (OzoneSecurityUtil.java:getValidInetsForCurrentHost(119)) - ip:127.0.0.1 not returned.
2023-08-24 06:04:26,104 [Time-limited test] INFO  security.OMCertificateClient (OMCertificateClient.java:getCSRBuilder(114)) - Creating csr for OM->dns:fv-az582-512.vyw2dcplbgbehesrvt3jseauje.cx.internal.cloudapp.net,ip:10.1.0.20,scmId:cd9c32e1-8e95-49ba-a369-a506ce6ba0b9,clusterId:0bb083e1-0356-4bdc-aa72-d37b883f70b4,subject:scm@fv-az582-512.vyw2dcplbgbehesrvt3jseauje.cx.internal.cloudapp.net
2023-08-24 06:04:26,120 [Socket Reader #1 for port 9961] INFO  ipc.Server (Server.java:saslProcess(2139)) - Auth successful for scm/fv-az582-512.vyw2dcplbgbehesrvt3jseauje.cx.internal.cloudapp.net@EXAMPLE.COM (auth:KERBEROS) from fv-az582-512.vyw2dcplbgbehesrvt3jseauje.cx.internal.cloudapp.net:35323 / 10.1.0.20:35323
2023-08-24 06:04:26,133 [IPC Server handler 1 on default port 9961] INFO  server.SCMSecurityProtocolServer (SCMSecurityProtocolServer.java:getOMCertificate(284)) - Processing CSR for om fv-az582-512.vyw2dcplbgbehesrvt3jseauje.cx.internal.cloudapp.net, UUID: b020b5a4-d348-406d-9ecf-168859c72a7f
2023-08-24 06:04:26,140 [IPC Server handler 1 on default port 9961] INFO  authority.DefaultApprover (DefaultApprover.java:sign(154)) - Extensions in CSR: 2.5.29.15, 2.5.29.17
2023-08-24 06:04:26,140 [IPC Server handler 1 on default port 9961] INFO  authority.DefaultApprover (DefaultApprover.java:sign(158)) - Extensions to add to the certificate if they present in CSR: 2.5.29.17, 2.5.29.19, 1.3.6.1.5.5.7.1.12, 2.5.29.35, 2.5.29.37, 2.5.29.15
2023-08-24 06:04:26,155 [Time-limited test] INFO  utils.CertificateCodec (CertificateCodec.java:writeCertificate(299)) - Save certificate to /tmp/junit1709904116712500359/junit3323163617512811032/scm-meta/om/certs/1533420239185.crt
2023-08-24 06:04:26,155 [Time-limited test] INFO  utils.CertificateCodec (CertificateCodec.java:writeCertificate(300)) - Certificate -----BEGIN CERTIFICATE-----
MIIEHzCCAwegAwIBAgIGAWUG9/lRMA0GCSqGSIb3DQEBCwUAMIGLMSswKQYDVQQD
DCJzY20tc3ViLTE1MzA1NzcwMDUzNzhAZnYtYXo1ODItNTEyMS0wKwYDVQQLDCRj
ZDljMzJlMS04ZTk1LTQ5YmEtYTM2OS1hNTA2Y2U2YmEwYjkxLTArBgNVBAoMJDBi
YjA4M2UxLTAzNTYtNGJkYy1hYTcyLWQzN2I4ODNmNzBiNDAeFw0yMzA4MjQwNjA0
MjZaFw0yNDA4MjMwNjA0MjZaMIGtMU0wSwYDVQQDDERzY21AZnYtYXo1ODItNTEy
LnZ5dzJkY3BsYmdiZWhlc3J2dDNqc2VhdWplLmN4LmludGVybmFsLmNsb3VkYXBw
Lm5ldDEtMCsGA1UECwwkY2Q5YzMyZTEtOGU5NS00OWJhLWEzNjktYTUwNmNlNmJh
MGI5MS0wKwYDVQQKDCQwYmIwODNlMS0wMzU2LTRiZGMtYWE3Mi1kMzdiODgzZjcw
YjQwggEiMA0GCSqGSIb3DQEBAQUAA4IBDwAwggEKAoIBAQC0rsP4kAcWHEhNATgh
xS0/4Gn96nqkFL28n1G0c7+cdewHsZseQ7H7ie1/e2ICy1IIL789ZwOOrsgmToQN
LsNzqHX4teU9gYqHxcBM7s3gV1KWFNtssy19LNW6K001afiFUWdJqQ0/vKslJdb5
u+PGIiSQ0m70IX6WpPP8grI1zI5AvxzlG5lKSWlVR6l+Uqn9FsoiNrOwA8xl2Wh9
qILkkuIZOxNv3KCzKAj3hG9TaetFOwI+YaU3Xc14KAO/wbmfIid1VlmwKHpO/7PG
llaoC+2FCqET0gGaWLB24x+i/+skpzUMfFGsbThDFgZ9i2dcOX97mke2n/fwtzVE
G8qdAgMBAAGjZTBjMFEGA1UdEQRKMEiHBAoBABSCQGZ2LWF6NTgyLTUxMi52eXcy
ZGNwbGJnYmVoZXNydnQzanNlYXVqZS5jeC5pbnRlcm5hbC5jbG91ZGFwcC5uZXQw
DgYDVR0PAQH/BAQDAgO4MA0GCSqGSIb3DQEBCwUAA4IBAQBxEFpnqLXxfgUyv7Ku
0wlNAYUtmCSjwoCcp/A/eIdZ4FrLkW8zKZPaNCc0nkwS1aW72QFvQukRvFWgShEk
9n+gHzb99DEY/zzH/0tNo1K9mJyIUuJncSn1pOI4VNY3fm1+WmGgfRXd3IEwfBHW
3mh8c07GygnrqFe0+0HU5YHmhS62MA/G7pDVnENllaBXmTcvu6tNtIJDhQDAkzWZ
Zow9abV7IJswMwp5Z0gDoi/+BVxYJMIN6MRCwJBW8WvCac6Wz2BQhVAKTyPuEyuF
lCMJGfEZJyZU0ndpdQxnJm8l9dkKNrMPOJRYgkRv6csc1yvlP4nX3sA3eTOPRWiv
AtjN
-----END CERTIFICATE-----

-----BEGIN CERTIFICATE-----
MIID/TCCAuWgAwIBAgIGAWRdwrpJMA0GCSqGSIb3DQEBCwUAMHsxGzAZBgNVBAMM
EnNjbS0xQGZ2LWF6NTgyLTUxMjEtMCsGA1UECwwkY2Q5YzMyZTEtOGU5NS00OWJh
LWEzNjktYTUwNmNlNmJhMGI5MS0wKwYDVQQKDCQwYmIwODNlMS0wMzU2LTRiZGMt
YWE3Mi1kMzdiODgzZjcwYjQwHhcNMjMwODI0MDYwNDIzWhcNMjgxMDAxMDYwNDIz
WjCBizErMCkGA1UEAwwic2NtLXN1Yi0xNTMwNTc3MDA1Mzc4QGZ2LWF6NTgyLTUx
MjEtMCsGA1UECwwkY2Q5YzMyZTEtOGU5NS00OWJhLWEzNjktYTUwNmNlNmJhMGI5
MS0wKwYDVQQKDCQwYmIwODNlMS0wMzU2LTRiZGMtYWE3Mi1kMzdiODgzZjcwYjQw
ggEiMA0GCSqGSIb3DQEBAQUAA4IBDwAwggEKAoIBAQCg0jKFbCz3skHLH3IK+2gp
PANN9QqGOxKjS1zUPXUnTqkTIEdFGDW6NkNwqTCUJ3PQnmfw6up27+BDkVGnq2pk
Uwja4q3HjcOh9dfyWl9swUXlT7oducljfiq5KJo2oagKBf88nud1PXRlVMOwm9kL
cTS2QqMBS0/HkLk4zUruxq3rwazuf2pf0EQJlnjGk1gJvz9YXOoKgNuiJpNAgWUr
o/QptyDOPK0btcBoqjxx7KApvZhbIUTxzo0hSQUh2VGvuBY6PjpwBizVOr/jAq+e
mQIX8s6m3G7dT4w71stY4/bH5Y2k1fI+49zKUF1O8XALtOrJfOZPOk6t4u9Jl70x
AgMBAAGjdjB0MFEGA1UdEQRKMEiHBAoBABSCQGZ2LWF6NTgyLTUxMi52eXcyZGNw
bGJnYmVoZXNydnQzanNlYXVqZS5jeC5pbnRlcm5hbC5jbG91ZGFwcC5uZXQwDwYD
VR0TAQH/BAUwAwEB/zAOBgNVHQ8BAf8EBAMCAb4wDQYJKoZIhvcNAQELBQADggEB
ABkQyh3Hu7EeeuC5mpq45x1KCSAQGDjy6KGk/hqOuTu8t1zDR6LB5azY/Yw6BYLH
aNnNovpU4QJJA4i06Q/BZhzvOL15OC5u+4vnjJd/sUvnkbro3FktdvCYYwE/O4Kw
M/4U0C7I5QI7v9y1zua7Uti/sZis4G0uTkWZW9oI3ohFiCXINzECNfU8fMoo/1/k
KiCQbYt8CA8L/8y7D9YFtHtMeiaFzC6PyBTGG81LFY44/vUU570cfhwB2pmCzxuC
/z4FPxbnCK6aQgUHI0F5081o+Eg2LdNV98TtmTgZ1jhxQTEciyCRt1qAofgBf5oG
Rgq1KxlbTc0+hOtRVyLk7TY=
-----END CERTIFICATE-----

-----BEGIN CERTIFICATE-----
MIID5zCCAs+gAwIBAgIBATANBgkqhkiG9w0BAQsFADB7MRswGQYDVQQDDBJzY20t
MUBmdi1hejU4Mi01MTIxLTArBgNVBAsMJGNkOWMzMmUxLThlOTUtNDliYS1hMzY5
LWE1MDZjZTZiYTBiOTEtMCsGA1UECgwkMGJiMDgzZTEtMDM1Ni00YmRjLWFhNzIt
ZDM3Yjg4M2Y3MGI0MB4XDTIzMDgyNDA2MDQyM1oXDTI4MTAwMTA2MDQyM1owezEb
MBkGA1UEAwwSc2NtLTFAZnYtYXo1ODItNTEyMS0wKwYDVQQLDCRjZDljMzJlMS04
ZTk1LTQ5YmEtYTM2OS1hNTA2Y2U2YmEwYjkxLTArBgNVBAoMJDBiYjA4M2UxLTAz
NTYtNGJkYy1hYTcyLWQzN2I4ODNmNzBiNDCCASIwDQYJKoZIhvcNAQEBBQADggEP
ADCCAQoCggEBAKfDbhiF7S6jtbHJCaePcyUkQZE0nlrWWruCJx81EVeUXsJ3SjDi
mxBSini15aXq4adF4ntdT9fkrCeN9fu0xuqQ1Rc22jK8aPqnktwSdcAMG/9q7k3x
Qcz4pPMEGcDIi6BMM/Nd73wdEUp5pd5f64LjMEcf9696XbGmW/Ru7kKG3L5iKmWH
Eqxo0ETtdDMk5knLz6EKA3S9Nn+aP79zGi3ZZoAx9UE4tUVPT2ZYbSO5sOPL9hCe
1SGQwa6DNCnLaeQ5kEXbR3Kc9MHneLe/v8T3fFb8YCZ5atBDeComMZzgaTss8tL0
mpvwe6dKzH4x+HRhwnfFMKsZAKi20MfFGcMCAwEAAaN2MHQwDwYDVR0TAQH/BAUw
AwEB/zAOBgNVHQ8BAf8EBAMCAQYwUQYDVR0RBEowSIcECgEAFIJAZnYtYXo1ODIt
NTEyLnZ5dzJkY3BsYmdiZWhlc3J2dDNqc2VhdWplLmN4LmludGVybmFsLmNsb3Vk
YXBwLm5ldDANBgkqhkiG9w0BAQsFAAOCAQEANmI4YSUPkE8WOUmDTCFWlrAFm/c0
tvwr+U4897qgKjHLcLwFHL40J/YzePq1zwPYbqWp8H41zmBLGWgd49h2DnBJDy8M
925uXCejY5235pJ49LiJQ4QZ8v6/9aHiBgDr1dUc6zgsfIK1eAizMJR36ZNoPyVM
kloGUu/hyUOMpHwuM/0MU6IN+UGUV/CHOSYjeY4/nWTpn3tFv0LCTamaOQYEDuAO
y6P0pMqXQkPHpIhrlMQyf9D26X75oLGHwXQLHWiYyyRWoYdI95VyOHSapZaIYI0j
+vQV8ALMQ9xiIdKsKNCTnQkjbCiaNGgOCTWyyyycwhyOwFSMBxdDkiSWqA==
-----END CERTIFICATE-----

2023-08-24 06:04:26,156 [Time-limited test] INFO  utils.CertificateCodec (CertificateCodec.java:writeCertificate(299)) - Save certificate to /tmp/junit1709904116712500359/junit3323163617512811032/scm-meta/om/certs/CA-1530581400137.crt
2023-08-24 06:04:26,156 [Time-limited test] INFO  utils.CertificateCodec (CertificateCodec.java:writeCertificate(300)) - Certificate -----BEGIN CERTIFICATE-----
MIID/TCCAuWgAwIBAgIGAWRdwrpJMA0GCSqGSIb3DQEBCwUAMHsxGzAZBgNVBAMM
EnNjbS0xQGZ2LWF6NTgyLTUxMjEtMCsGA1UECwwkY2Q5YzMyZTEtOGU5NS00OWJh
LWEzNjktYTUwNmNlNmJhMGI5MS0wKwYDVQQKDCQwYmIwODNlMS0wMzU2LTRiZGMt
YWE3Mi1kMzdiODgzZjcwYjQwHhcNMjMwODI0MDYwNDIzWhcNMjgxMDAxMDYwNDIz
WjCBizErMCkGA1UEAwwic2NtLXN1Yi0xNTMwNTc3MDA1Mzc4QGZ2LWF6NTgyLTUx
MjEtMCsGA1UECwwkY2Q5YzMyZTEtOGU5NS00OWJhLWEzNjktYTUwNmNlNmJhMGI5
MS0wKwYDVQQKDCQwYmIwODNlMS0wMzU2LTRiZGMtYWE3Mi1kMzdiODgzZjcwYjQw
ggEiMA0GCSqGSIb3DQEBAQUAA4IBDwAwggEKAoIBAQCg0jKFbCz3skHLH3IK+2gp
PANN9QqGOxKjS1zUPXUnTqkTIEdFGDW6NkNwqTCUJ3PQnmfw6up27+BDkVGnq2pk
Uwja4q3HjcOh9dfyWl9swUXlT7oducljfiq5KJo2oagKBf88nud1PXRlVMOwm9kL
cTS2QqMBS0/HkLk4zUruxq3rwazuf2pf0EQJlnjGk1gJvz9YXOoKgNuiJpNAgWUr
o/QptyDOPK0btcBoqjxx7KApvZhbIUTxzo0hSQUh2VGvuBY6PjpwBizVOr/jAq+e
mQIX8s6m3G7dT4w71stY4/bH5Y2k1fI+49zKUF1O8XALtOrJfOZPOk6t4u9Jl70x
AgMBAAGjdjB0MFEGA1UdEQRKMEiHBAoBABSCQGZ2LWF6NTgyLTUxMi52eXcyZGNw
bGJnYmVoZXNydnQzanNlYXVqZS5jeC5pbnRlcm5hbC5jbG91ZGFwcC5uZXQwDwYD
VR0TAQH/BAUwAwEB/zAOBgNVHQ8BAf8EBAMCAb4wDQYJKoZIhvcNAQELBQADggEB
ABkQyh3Hu7EeeuC5mpq45x1KCSAQGDjy6KGk/hqOuTu8t1zDR6LB5azY/Yw6BYLH
aNnNovpU4QJJA4i06Q/BZhzvOL15OC5u+4vnjJd/sUvnkbro3FktdvCYYwE/O4Kw
M/4U0C7I5QI7v9y1zua7Uti/sZis4G0uTkWZW9oI3ohFiCXINzECNfU8fMoo/1/k
KiCQbYt8CA8L/8y7D9YFtHtMeiaFzC6PyBTGG81LFY44/vUU570cfhwB2pmCzxuC
/z4FPxbnCK6aQgUHI0F5081o+Eg2LdNV98TtmTgZ1jhxQTEciyCRt1qAofgBf5oG
Rgq1KxlbTc0+hOtRVyLk7TY=
-----END CERTIFICATE-----

-----BEGIN CERTIFICATE-----
MIID5zCCAs+gAwIBAgIBATANBgkqhkiG9w0BAQsFADB7MRswGQYDVQQDDBJzY20t
MUBmdi1hejU4Mi01MTIxLTArBgNVBAsMJGNkOWMzMmUxLThlOTUtNDliYS1hMzY5
LWE1MDZjZTZiYTBiOTEtMCsGA1UECgwkMGJiMDgzZTEtMDM1Ni00YmRjLWFhNzIt
ZDM3Yjg4M2Y3MGI0MB4XDTIzMDgyNDA2MDQyM1oXDTI4MTAwMTA2MDQyM1owezEb
MBkGA1UEAwwSc2NtLTFAZnYtYXo1ODItNTEyMS0wKwYDVQQLDCRjZDljMzJlMS04
ZTk1LTQ5YmEtYTM2OS1hNTA2Y2U2YmEwYjkxLTArBgNVBAoMJDBiYjA4M2UxLTAz
NTYtNGJkYy1hYTcyLWQzN2I4ODNmNzBiNDCCASIwDQYJKoZIhvcNAQEBBQADggEP
ADCCAQoCggEBAKfDbhiF7S6jtbHJCaePcyUkQZE0nlrWWruCJx81EVeUXsJ3SjDi
mxBSini15aXq4adF4ntdT9fkrCeN9fu0xuqQ1Rc22jK8aPqnktwSdcAMG/9q7k3x
Qcz4pPMEGcDIi6BMM/Nd73wdEUp5pd5f64LjMEcf9696XbGmW/Ru7kKG3L5iKmWH
Eqxo0ETtdDMk5knLz6EKA3S9Nn+aP79zGi3ZZoAx9UE4tUVPT2ZYbSO5sOPL9hCe
1SGQwa6DNCnLaeQ5kEXbR3Kc9MHneLe/v8T3fFb8YCZ5atBDeComMZzgaTss8tL0
mpvwe6dKzH4x+HRhwnfFMKsZAKi20MfFGcMCAwEAAaN2MHQwDwYDVR0TAQH/BAUw
AwEB/zAOBgNVHQ8BAf8EBAMCAQYwUQYDVR0RBEowSIcECgEAFIJAZnYtYXo1ODIt
NTEyLnZ5dzJkY3BsYmdiZWhlc3J2dDNqc2VhdWplLmN4LmludGVybmFsLmNsb3Vk
YXBwLm5ldDANBgkqhkiG9w0BAQsFAAOCAQEANmI4YSUPkE8WOUmDTCFWlrAFm/c0
tvwr+U4897qgKjHLcLwFHL40J/YzePq1zwPYbqWp8H41zmBLGWgd49h2DnBJDy8M
925uXCejY5235pJ49LiJQ4QZ8v6/9aHiBgDr1dUc6zgsfIK1eAizMJR36ZNoPyVM
kloGUu/hyUOMpHwuM/0MU6IN+UGUV/CHOSYjeY4/nWTpn3tFv0LCTamaOQYEDuAO
y6P0pMqXQkPHpIhrlMQyf9D26X75oLGHwXQLHWiYyyRWoYdI95VyOHSapZaIYI0j
+vQV8ALMQ9xiIdKsKNCTnQkjbCiaNGgOCTWyyyycwhyOwFSMBxdDkiSWqA==
-----END CERTIFICATE-----

2023-08-24 06:04:26,158 [IPC Server handler 0 on default port 9961] INFO  client.SCMCertificateClient (DefaultCertificateClient.java:getAllRootCaCerts(901)) - scm/sub-ca has 0 Root CA certificates
2023-08-24 06:04:26,158 [IPC Server handler 0 on default port 9961] INFO  client.SCMCertificateClient (DefaultCertificateClient.java:getAllCaCerts(909)) - scm/sub-ca has 1 CA certificates
2023-08-24 06:04:26,160 [Time-limited test] INFO  utils.CertificateCodec (CertificateCodec.java:writeCertificate(299)) - Save certificate to /tmp/junit1709904116712500359/junit3323163617512811032/scm-meta/om/certs/ROOTCA-1.crt
2023-08-24 06:04:26,161 [Time-limited test] INFO  utils.CertificateCodec (CertificateCodec.java:writeCertificate(300)) - Certificate -----BEGIN CERTIFICATE-----
MIID5zCCAs+gAwIBAgIBATANBgkqhkiG9w0BAQsFADB7MRswGQYDVQQDDBJzY20t
MUBmdi1hejU4Mi01MTIxLTArBgNVBAsMJGNkOWMzMmUxLThlOTUtNDliYS1hMzY5
LWE1MDZjZTZiYTBiOTEtMCsGA1UECgwkMGJiMDgzZTEtMDM1Ni00YmRjLWFhNzIt
ZDM3Yjg4M2Y3MGI0MB4XDTIzMDgyNDA2MDQyM1oXDTI4MTAwMTA2MDQyM1owezEb
MBkGA1UEAwwSc2NtLTFAZnYtYXo1ODItNTEyMS0wKwYDVQQLDCRjZDljMzJlMS04
ZTk1LTQ5YmEtYTM2OS1hNTA2Y2U2YmEwYjkxLTArBgNVBAoMJDBiYjA4M2UxLTAz
NTYtNGJkYy1hYTcyLWQzN2I4ODNmNzBiNDCCASIwDQYJKoZIhvcNAQEBBQADggEP
ADCCAQoCggEBAKfDbhiF7S6jtbHJCaePcyUkQZE0nlrWWruCJx81EVeUXsJ3SjDi
mxBSini15aXq4adF4ntdT9fkrCeN9fu0xuqQ1Rc22jK8aPqnktwSdcAMG/9q7k3x
Qcz4pPMEGcDIi6BMM/Nd73wdEUp5pd5f64LjMEcf9696XbGmW/Ru7kKG3L5iKmWH
Eqxo0ETtdDMk5knLz6EKA3S9Nn+aP79zGi3ZZoAx9UE4tUVPT2ZYbSO5sOPL9hCe
1SGQwa6DNCnLaeQ5kEXbR3Kc9MHneLe/v8T3fFb8YCZ5atBDeComMZzgaTss8tL0
mpvwe6dKzH4x+HRhwnfFMKsZAKi20MfFGcMCAwEAAaN2MHQwDwYDVR0TAQH/BAUw
AwEB/zAOBgNVHQ8BAf8EBAMCAQYwUQYDVR0RBEowSIcECgEAFIJAZnYtYXo1ODIt
NTEyLnZ5dzJkY3BsYmdiZWhlc3J2dDNqc2VhdWplLmN4LmludGVybmFsLmNsb3Vk
YXBwLm5ldDANBgkqhkiG9w0BAQsFAAOCAQEANmI4YSUPkE8WOUmDTCFWlrAFm/c0
tvwr+U4897qgKjHLcLwFHL40J/YzePq1zwPYbqWp8H41zmBLGWgd49h2DnBJDy8M
925uXCejY5235pJ49LiJQ4QZ8v6/9aHiBgDr1dUc6zgsfIK1eAizMJR36ZNoPyVM
kloGUu/hyUOMpHwuM/0MU6IN+UGUV/CHOSYjeY4/nWTpn3tFv0LCTamaOQYEDuAO
y6P0pMqXQkPHpIhrlMQyf9D26X75oLGHwXQLHWiYyyRWoYdI95VyOHSapZaIYI0j
+vQV8ALMQ9xiIdKsKNCTnQkjbCiaNGgOCTWyyyycwhyOwFSMBxdDkiSWqA==
-----END CERTIFICATE-----

2023-08-24 06:04:26,161 [Time-limited test] INFO  security.OMCertificateClient (DefaultCertificateClient.java:updateCertSerialId(1244)) - Certificate serial ID set to 1533420239185
2023-08-24 06:04:26,163 [Time-limited test] INFO  security.OMCertificateClient (DefaultCertificateClient.java:readCertificateFile(237)) - Added certificate   [0]         Version: 3
         SerialNumber: 1533420239185
             IssuerDN: CN=scm-sub-1530577005378@fv-az582-512,OU=cd9c32e1-8e95-49ba-a369-a506ce6ba0b9,O=0bb083e1-0356-4bdc-aa72-d37b883f70b4
           Start Date: Thu Aug 24 06:04:26 UTC 2023
           Final Date: Fri Aug 23 06:04:26 UTC 2024
            SubjectDN: CN=scm@fv-az582-512.vyw2dcplbgbehesrvt3jseauje.cx.internal.cloudapp.net,OU=cd9c32e1-8e95-49ba-a369-a506ce6ba0b9,O=0bb083e1-0356-4bdc-aa72-d37b883f70b4
           Public Key: RSA Public Key [cf:aa:e6:39:79:66:c7:1a:8b:39:7c:59:13:b2:f6:9d:70:bb:f9:b7],[56:66:d1:a4]
        modulus: b4aec3f89007161c484d013821c52d3fe069fdea7aa414bdbc9f51b473bf9c75ec07b19b1e43b1fb89ed7f7b6202cb52082fbf3d67038eaec8264e840d2ec373a875f8b5e53d818a87c5c04ceecde057529614db6cb32d7d2cd5ba2b4d3569f885516749a90d3fbcab2525d6f9bbe3c6222490d26ef4217e96a4f3fc82b235cc8e40bf1ce51b994a49695547a97e52a9fd16ca2236b3b003cc65d9687da882e492e2193b136fdca0b32808f7846f5369eb453b023e61a5375dcd782803bfc1b99f2227755659b0287a4effb3c69656a80bed850aa113d2019a58b076e31fa2ffeb24a7350c7c51ac6d384316067d8b675c397f7b9a47b69ff7f0b735441bca9d
public exponent: 10001

  Signature Algorithm: SHA256WITHRSA
            Signature: 71105a67a8b5f17e0532bfb2aed3094d01852d98
                       24a3c2809ca7f03f788759e05acb916f332993da
                       3427349e4c12d5a5bbd9016f42e911bc55a04a11
                       24f67fa01f36fdf43118ff3cc7ff4b4da352bd98
                       9c8852e2677129f5a4e23854d6377e6d7e5a61a0
                       7d15dddc81307c11d6de687c734ec6ca09eba857
                       b4fb41d4e581e6852eb6300fc6ee90d59c436595
                       a05799372fbbab4db482438500c0933599668c3d
                       69b57b209b30330a79674803a22ffe055c5824c2
                       0de8c442c09056f16bc269ce96cf605085500a4f
                       23ee132b8594230919f119272654d27769750c67
                       266f25f5d90a36b30f38945882446fe9cb1cd72b
                       e53f89d7dec03779338f4568af02d8cd
       Extensions: 
                       critical(false) 2.5.29.17 value = Sequence
    Tagged [7] IMPLICIT 
        DER Octet String[4] 
    Tagged [2] IMPLICIT 
        DER Octet String[64] 

                       critical(true) KeyUsage: 0xb8
 from file: /tmp/junit1709904116712500359/junit3323163617512811032/scm-meta/om/certs/1533420239185.crt.
2023-08-24 06:04:26,165 [Time-limited test] INFO  security.OMCertificateClient (DefaultCertificateClient.java:readCertificateFile(237)) - Added certificate   [0]         Version: 3
         SerialNumber: 1
             IssuerDN: CN=scm-1@fv-az582-512,OU=cd9c32e1-8e95-49ba-a369-a506ce6ba0b9,O=0bb083e1-0356-4bdc-aa72-d37b883f70b4
           Start Date: Thu Aug 24 06:04:23 UTC 2023
           Final Date: Sun Oct 01 06:04:23 UTC 2028
            SubjectDN: CN=scm-1@fv-az582-512,OU=cd9c32e1-8e95-49ba-a369-a506ce6ba0b9,O=0bb083e1-0356-4bdc-aa72-d37b883f70b4
           Public Key: RSA Public Key [d1:cd:e3:1e:d9:d0:bd:fc:0a:a2:8c:b9:7e:bd:aa:b1:81:0a:6f:c2],[56:66:d1:a4]
        modulus: a7c36e1885ed2ea3b5b1c909a78f7325244191349e5ad65abb82271f351157945ec2774a30e29b10528a78b5e5a5eae1a745e27b5d4fd7e4ac278df5fbb4c6ea90d51736da32bc68faa792dc1275c00c1bff6aee4df141ccf8a4f30419c0c88ba04c33f35def7c1d114a79a5de5feb82e330471ff7af7a5db1a65bf46eee4286dcbe622a658712ac68d044ed743324e649cbcfa10a0374bd367f9a3fbf731a2dd9668031f54138b5454f4f66586d23b9b0e3cbf6109ed52190c1ae833429cb69e4399045db47729cf4c1e778b7bfbfc4f77c56fc6026796ad043782a26319ce0693b2cf2d2f49a9bf07ba74acc7e31f87461c277c530ab1900a8b6d0c7c519c3
public exponent: 10001

  Signature Algorithm: SHA256WITHRSA
            Signature: 36623861250f904f163949834c215696b0059bf7
                       34b6fc2bf94e3cf7baa02a31cb70bc051cbe3427
                       f63378fab5cf03d86ea5a9f07e35ce604b19681d
                       e3d8760e70490f2f0cf76e6e5c27a3639db7e692
                       78f4b889438419f2febff5a1e20600ebd5d51ceb
                       382c7c82b57808b3309477e993683f254c925a06
                       52efe1c9438ca47c2e33fd0c53a20df9419457f0
                       87392623798e3f9d64e99f7b45bf42c24da99a39
                       06040ee00ecba3f4a4ca974243c7a4886b94c432
                       7fd0f6e97ef9a0b187c1740b1d6898cb2456a187
                       48f7957238749aa59688608d23faf415f002cc43
                       dc6221d2ac28d0939d09236c289a34680e0935b2
                       cb2c9cc21c8ec0548c071743922496a8
       Extensions: 
                       critical(true) BasicConstraints: isCa(true)
                       critical(true) KeyUsage: 0x6
                       critical(false) 2.5.29.17 value = Sequence
    Tagged [7] IMPLICIT 
        DER Octet String[4] 
    Tagged [2] IMPLICIT 
        DER Octet String[64] 

 from file: /tmp/junit1709904116712500359/junit3323163617512811032/scm-meta/om/certs/ROOTCA-1.crt.
2023-08-24 06:04:26,166 [Time-limited test] INFO  security.OMCertificateClient (DefaultCertificateClient.java:readCertificateFile(237)) - Added certificate   [0]         Version: 3
         SerialNumber: 1530581400137
             IssuerDN: CN=scm-1@fv-az582-512,OU=cd9c32e1-8e95-49ba-a369-a506ce6ba0b9,O=0bb083e1-0356-4bdc-aa72-d37b883f70b4
           Start Date: Thu Aug 24 06:04:23 UTC 2023
           Final Date: Sun Oct 01 06:04:23 UTC 2028
            SubjectDN: CN=scm-sub-1530577005378@fv-az582-512,OU=cd9c32e1-8e95-49ba-a369-a506ce6ba0b9,O=0bb083e1-0356-4bdc-aa72-d37b883f70b4
           Public Key: RSA Public Key [95:35:5c:e5:d5:9a:1e:31:69:aa:11:5b:94:a0:ae:67:43:82:cb:ec],[56:66:d1:a4]
        modulus: a0d232856c2cf7b241cb1f720afb68293c034df50a863b12a34b5cd43d75274ea9132047451835ba364370a930942773d09e67f0eaea76efe0439151a7ab6a645308dae2adc78dc3a1f5d7f25a5f6cc145e54fba1db9c9637e2ab9289a36a1a80a05ff3c9ee7753d746554c3b09bd90b7134b642a3014b4fc790b938cd4aeec6adebc1acee7f6a5fd044099678c6935809bf3f585cea0a80dba226934081652ba3f429b720ce3cad1bb5c068aa3c71eca029bd985b2144f1ce8d21490521d951afb8163a3e3a70062cd53abfe302af9e990217f2cea6dc6edd4f8c3bd6cb58e3f6c7e58da4d5f23ee3dcca505d4ef1700bb4eac97ce64f3a4eade2ef4997bd31
public exponent: 10001

  Signature Algorithm: SHA256WITHRSA
            Signature: 1910ca1dc7bbb11e7ae0b99a9ab8e71d4a092010
                       1838f2e8a1a4fe1a8eb93bbcb75cc347a2c1e5ac
                       d8fd8c3a0582c768d9cda2fa54e102490388b4e9
                       0fc1661cef38bd79382e6efb8be78c977fb14be7
                       91bae8dc592d76f09863013f3b82b033fe14d02e
                       c8e5023bbfdcb5cee6bb52d8bfb198ace06d2e4e
                       45995bda08de88458825c837310235f53c7cca28
                       ff5fe42a20906d8b7c080f0bffccbb0fd605b47b
                       4c7a2685cc2e8fc814c61bcd4b158e38fef514e7
                       bd1c7e1c01da9982cf1b82ff3e053f16e708ae9a
                       420507234179d3cd68f848362dd355f7c4ed9938
                       19d6387141311c8b2091b75a80a1f8017f9a0646
                       0ab52b195b4dcd3e84eb515722e4ed36
       Extensions: 
                       critical(false) 2.5.29.17 value = Sequence
    Tagged [7] IMPLICIT 
        DER Octet String[4] 
    Tagged [2] IMPLICIT 
        DER Octet String[64] 

                       critical(true) BasicConstraints: isCa(true)
                       critical(true) KeyUsage: 0xbe
 from file: /tmp/junit1709904116712500359/junit3323163617512811032/scm-meta/om/certs/CA-1530581400137.crt.
2023-08-24 06:04:26,172 [Time-limited test] INFO  security.OMCertificateClient (DefaultCertificateClient.java:startCertificateRenewerService(1347)) - CertificateRenewerService for om is started with first delay 31535989831 ms and interval 3333 ms.
2023-08-24 06:04:26,172 [Time-limited test] INFO  security.OMCertificateClient (DefaultCertificateClient.java:updateCertSerialId(1244)) - Certificate serial ID set to 1533420239185
2023-08-24 06:04:26,176 [Time-limited test] INFO  security.OMCertificateClient (DefaultCertificateClient.java:readCertificateFile(237)) - Added certificate   [0]         Version: 3
         SerialNumber: 1533420239185
             IssuerDN: CN=scm-sub-1530577005378@fv-az582-512,OU=cd9c32e1-8e95-49ba-a369-a506ce6ba0b9,O=0bb083e1-0356-4bdc-aa72-d37b883f70b4
           Start Date: Thu Aug 24 06:04:26 UTC 2023
           Final Date: Fri Aug 23 06:04:26 UTC 2024
            SubjectDN: CN=scm@fv-az582-512.vyw2dcplbgbehesrvt3jseauje.cx.internal.cloudapp.net,OU=cd9c32e1-8e95-49ba-a369-a506ce6ba0b9,O=0bb083e1-0356-4bdc-aa72-d37b883f70b4
           Public Key: RSA Public Key [cf:aa:e6:39:79:66:c7:1a:8b:39:7c:59:13:b2:f6:9d:70:bb:f9:b7],[56:66:d1:a4]
        modulus: b4aec3f89007161c484d013821c52d3fe069fdea7aa414bdbc9f51b473bf9c75ec07b19b1e43b1fb89ed7f7b6202cb52082fbf3d67038eaec8264e840d2ec373a875f8b5e53d818a87c5c04ceecde057529614db6cb32d7d2cd5ba2b4d3569f885516749a90d3fbcab2525d6f9bbe3c6222490d26ef4217e96a4f3fc82b235cc8e40bf1ce51b994a49695547a97e52a9fd16ca2236b3b003cc65d9687da882e492e2193b136fdca0b32808f7846f5369eb453b023e61a5375dcd782803bfc1b99f2227755659b0287a4effb3c69656a80bed850aa113d2019a58b076e31fa2ffeb24a7350c7c51ac6d384316067d8b675c397f7b9a47b69ff7f0b735441bca9d
public exponent: 10001

  Signature Algorithm: SHA256WITHRSA
            Signature: 71105a67a8b5f17e0532bfb2aed3094d01852d98
                       24a3c2809ca7f03f788759e05acb916f332993da
                       3427349e4c12d5a5bbd9016f42e911bc55a04a11
                       24f67fa01f36fdf43118ff3cc7ff4b4da352bd98
                       9c8852e2677129f5a4e23854d6377e6d7e5a61a0
                       7d15dddc81307c11d6de687c734ec6ca09eba857
                       b4fb41d4e581e6852eb6300fc6ee90d59c436595
                       a05799372fbbab4db482438500c0933599668c3d
                       69b57b209b30330a79674803a22ffe055c5824c2
                       0de8c442c09056f16bc269ce96cf605085500a4f
                       23ee132b8594230919f119272654d27769750c67
                       266f25f5d90a36b30f38945882446fe9cb1cd72b
                       e53f89d7dec03779338f4568af02d8cd
       Extensions: 
                       critical(false) 2.5.29.17 value = Sequence
    Tagged [7] IMPLICIT 
        DER Octet String[4] 
    Tagged [2] IMPLICIT 
        DER Octet String[64] 

                       critical(true) KeyUsage: 0xb8
 from file: /tmp/junit1709904116712500359/junit3323163617512811032/scm-meta/om/certs/1533420239185.crt.
2023-08-24 06:04:26,179 [Time-limited test] INFO  security.OMCertificateClient (DefaultCertificateClient.java:readCertificateFile(237)) - Added certificate   [0]         Version: 3
         SerialNumber: 1
             IssuerDN: CN=scm-1@fv-az582-512,OU=cd9c32e1-8e95-49ba-a369-a506ce6ba0b9,O=0bb083e1-0356-4bdc-aa72-d37b883f70b4
           Start Date: Thu Aug 24 06:04:23 UTC 2023
           Final Date: Sun Oct 01 06:04:23 UTC 2028
            SubjectDN: CN=scm-1@fv-az582-512,OU=cd9c32e1-8e95-49ba-a369-a506ce6ba0b9,O=0bb083e1-0356-4bdc-aa72-d37b883f70b4
           Public Key: RSA Public Key [d1:cd:e3:1e:d9:d0:bd:fc:0a:a2:8c:b9:7e:bd:aa:b1:81:0a:6f:c2],[56:66:d1:a4]
        modulus: a7c36e1885ed2ea3b5b1c909a78f7325244191349e5ad65abb82271f351157945ec2774a30e29b10528a78b5e5a5eae1a745e27b5d4fd7e4ac278df5fbb4c6ea90d51736da32bc68faa792dc1275c00c1bff6aee4df141ccf8a4f30419c0c88ba04c33f35def7c1d114a79a5de5feb82e330471ff7af7a5db1a65bf46eee4286dcbe622a658712ac68d044ed743324e649cbcfa10a0374bd367f9a3fbf731a2dd9668031f54138b5454f4f66586d23b9b0e3cbf6109ed52190c1ae833429cb69e4399045db47729cf4c1e778b7bfbfc4f77c56fc6026796ad043782a26319ce0693b2cf2d2f49a9bf07ba74acc7e31f87461c277c530ab1900a8b6d0c7c519c3
public exponent: 10001

  Signature Algorithm: SHA256WITHRSA
            Signature: 36623861250f904f163949834c215696b0059bf7
                       34b6fc2bf94e3cf7baa02a31cb70bc051cbe3427
                       f63378fab5cf03d86ea5a9f07e35ce604b19681d
                       e3d8760e70490f2f0cf76e6e5c27a3639db7e692
                       78f4b889438419f2febff5a1e20600ebd5d51ceb
                       382c7c82b57808b3309477e993683f254c925a06
                       52efe1c9438ca47c2e33fd0c53a20df9419457f0
                       87392623798e3f9d64e99f7b45bf42c24da99a39
                       06040ee00ecba3f4a4ca974243c7a4886b94c432
                       7fd0f6e97ef9a0b187c1740b1d6898cb2456a187
                       48f7957238749aa59688608d23faf415f002cc43
                       dc6221d2ac28d0939d09236c289a34680e0935b2
                       cb2c9cc21c8ec0548c071743922496a8
       Extensions: 
                       critical(true) BasicConstraints: isCa(true)
                       critical(true) KeyUsage: 0x6
                       critical(false) 2.5.29.17 value = Sequence
    Tagged [7] IMPLICIT 
        DER Octet String[4] 
    Tagged [2] IMPLICIT 
        DER Octet String[64] 

 from file: /tmp/junit1709904116712500359/junit3323163617512811032/scm-meta/om/certs/ROOTCA-1.crt.
2023-08-24 06:04:26,182 [Time-limited test] INFO  security.OMCertificateClient (DefaultCertificateClient.java:readCertificateFile(237)) - Added certificate   [0]         Version: 3
         SerialNumber: 1530581400137
             IssuerDN: CN=scm-1@fv-az582-512,OU=cd9c32e1-8e95-49ba-a369-a506ce6ba0b9,O=0bb083e1-0356-4bdc-aa72-d37b883f70b4
           Start Date: Thu Aug 24 06:04:23 UTC 2023
           Final Date: Sun Oct 01 06:04:23 UTC 2028
            SubjectDN: CN=scm-sub-1530577005378@fv-az582-512,OU=cd9c32e1-8e95-49ba-a369-a506ce6ba0b9,O=0bb083e1-0356-4bdc-aa72-d37b883f70b4
           Public Key: RSA Public Key [95:35:5c:e5:d5:9a:1e:31:69:aa:11:5b:94:a0:ae:67:43:82:cb:ec],[56:66:d1:a4]
        modulus: a0d232856c2cf7b241cb1f720afb68293c034df50a863b12a34b5cd43d75274ea9132047451835ba364370a930942773d09e67f0eaea76efe0439151a7ab6a645308dae2adc78dc3a1f5d7f25a5f6cc145e54fba1db9c9637e2ab9289a36a1a80a05ff3c9ee7753d746554c3b09bd90b7134b642a3014b4fc790b938cd4aeec6adebc1acee7f6a5fd044099678c6935809bf3f585cea0a80dba226934081652ba3f429b720ce3cad1bb5c068aa3c71eca029bd985b2144f1ce8d21490521d951afb8163a3e3a70062cd53abfe302af9e990217f2cea6dc6edd4f8c3bd6cb58e3f6c7e58da4d5f23ee3dcca505d4ef1700bb4eac97ce64f3a4eade2ef4997bd31
public exponent: 10001

  Signature Algorithm: SHA256WITHRSA
            Signature: 1910ca1dc7bbb11e7ae0b99a9ab8e71d4a092010
                       1838f2e8a1a4fe1a8eb93bbcb75cc347a2c1e5ac
                       d8fd8c3a0582c768d9cda2fa54e102490388b4e9
                       0fc1661cef38bd79382e6efb8be78c977fb14be7
                       91bae8dc592d76f09863013f3b82b033fe14d02e
                       c8e5023bbfdcb5cee6bb52d8bfb198ace06d2e4e
                       45995bda08de88458825c837310235f53c7cca28
                       ff5fe42a20906d8b7c080f0bffccbb0fd605b47b
                       4c7a2685cc2e8fc814c61bcd4b158e38fef514e7
                       bd1c7e1c01da9982cf1b82ff3e053f16e708ae9a
                       420507234179d3cd68f848362dd355f7c4ed9938
                       19d6387141311c8b2091b75a80a1f8017f9a0646
                       0ab52b195b4dcd3e84eb515722e4ed36
       Extensions: 
                       critical(false) 2.5.29.17 value = Sequence
    Tagged [7] IMPLICIT 
        DER Octet String[4] 
    Tagged [2] IMPLICIT 
        DER Octet String[64] 

                       critical(true) BasicConstraints: isCa(true)
                       critical(true) KeyUsage: 0xbe
 from file: /tmp/junit1709904116712500359/junit3323163617512811032/scm-meta/om/certs/CA-1530581400137.crt.
2023-08-24 06:04:26,182 [Time-limited test] INFO  om.OzoneManager (OzoneManager.java:initializeSecurity(1405)) - Successfully stored SCM signed certificate.
2023-08-24 06:04:26,184 [Time-limited test] INFO  om.OzoneManager (OzoneManager.java:stop(2187)) - om1[fv-az582-512.vyw2dcplbgbehesrvt3jseauje.cx.internal.cloudapp.net:1202]: Stopping Ozone Manager
2023-08-24 06:04:26,184 [Time-limited test] INFO  ipc.Server (Server.java:stop(3523)) - Stopping server on 1202
2023-08-24 06:04:26,192 [Time-limited test] INFO  ratis.OzoneManagerStateMachine (OzoneManagerStateMachine.java:close(534)) - StateMachine has shutdown. Shutdown OzoneManager if not already shutdown.
2023-08-24 06:04:26,192 [Time-limited test] INFO  ratis.OzoneManagerDoubleBuffer (OzoneManagerDoubleBuffer.java:stopDaemon(551)) - Stopping OMDoubleBuffer flush thread
2023-08-24 06:04:26,192 [OMDoubleBufferFlushThread] INFO  ratis.OzoneManagerDoubleBuffer (OzoneManagerDoubleBuffer.java:canFlush(638)) - OMDoubleBuffer flush thread OMDoubleBufferFlushThread is interrupted and will exit.
2023-08-24 06:04:26,195 [Time-limited test] INFO  om.OzoneManager (OzoneManager.java:stopSecretManager(1068)) - Stopping OM delegation token secret manager.
2023-08-24 06:04:26,196 [Time-limited test] INFO  rocksdiff.RocksDBCheckpointDiffer (RocksDBCheckpointDiffer.java:close(340)) - Shutting down CompactionDagPruningService.
2023-08-24 06:04:26,200 [Time-limited test] INFO  snapshot.SnapshotDiffManager (SnapshotDiffManager.java:closeExecutorService(1720)) - Shutting down executorService: 'SnapDiffExecutor'
2023-08-24 06:04:26,200 [Time-limited test] INFO  snapshot.SnapshotDiffManager (SnapshotDiffManager.java:closeExecutorService(1720)) - Shutting down executorService: 'SstDumpToolExecutor'
2023-08-24 06:04:26,200 [Time-limited test] INFO  utils.BackgroundService (BackgroundService.java:shutdown(141)) - Shutting down service SnapshotDiffCleanupService
2023-08-24 06:04:26,202 [Time-limited test] INFO  ha.OMHANodeDetails (OMHANodeDetails.java:loadOMHAConfig(115)) - ozone.om.internal.service.id is not defined, falling back to ozone.om.service.ids to find serviceID for OzoneManager if it is HA enabled cluster
2023-08-24 06:04:26,202 [Time-limited test] INFO  ha.OMHANodeDetails (OMHANodeDetails.java:loadOMHAConfig(226)) - Configuration does not have ozone.om.address set. Falling back to the default OM address fv-az582-512.vyw2dcplbgbehesrvt3jseauje.cx.internal.cloudapp.net/10.1.0.20:1202
2023-08-24 06:04:26,202 [Time-limited test] INFO  ha.OMHANodeDetails (OMHANodeDetails.java:getOMNodeDetailsForNonHA(254)) - OM Service ID is not set. Setting it to the default ID: omServiceIdDefault
2023-08-24 06:04:26,202 [Time-limited test] INFO  ha.OMHANodeDetails (OMHANodeDetails.java:getOMNodeDetailsForNonHA(261)) - OM Node ID is not set. Setting it to the default ID: om1
2023-08-24 06:04:26,202 [Time-limited test] WARN  server.ServerUtils (ServerUtils.java:getDBPath(311)) - ozone.om.db.dirs is not configured. We recommend adding this setting. Falling back to ozone.metadata.dirs instead.
2023-08-24 06:04:26,204 [Time-limited test] INFO  upgrade.AbstractLayoutVersionManager (AbstractLayoutVersionManager.java:init(83)) - Initializing Layout version manager with metadata layout = QUOTA (version = 6), software layout = QUOTA (version = 6)
2023-08-24 06:04:26,335 [Time-limited test] INFO  reflections.Reflections (Reflections.java:scan(232)) - Reflections took 129 ms to scan 2 urls, producing 188 keys and 512 values [using 2 cores]
2023-08-24 06:04:26,335 [Time-limited test] INFO  upgrade.OMLayoutVersionManager (OMLayoutVersionManager.java:lambda$0(115)) - Skipping Upgrade Action QuotaRepairUpgradeAction since it has been finalized.
2023-08-24 06:04:26,335 [Time-limited test] INFO  upgrade.OMLayoutVersionManager (OMLayoutVersionManager.java:lambda$0(115)) - Skipping Upgrade Action MockOmUpgradeAction since it has been finalized.
2023-08-24 06:04:26,339 [pool-40-thread-2] INFO  request.KdcRequest (KdcRequest.java:preauth(651)) - The preauth data is empty.
2023-08-24 06:04:26,339 [pool-40-thread-2] INFO  server.KdcHandler (KdcHandler.java:handleRecoverableException(177)) - KRB error occurred while processing request:Additional pre-authentication required
2023-08-24 06:04:26,343 [pool-40-thread-2] INFO  request.AsRequest (AsRequest.java:issueTicket(112)) - AS_REQ ISSUE: authtime 1692857066343,scm/fv-az582-512.vyw2dcplbgbehesrvt3jseauje.cx.internal.cloudapp.net@EXAMPLE.COM for krbtgt/EXAMPLE.COM@EXAMPLE.COM
2023-08-24 06:04:26,344 [Time-limited test] INFO  security.UserGroupInformation (UserGroupInformation.java:loginUserFromKeytab(1132)) - Login successful for user scm/fv-az582-512.vyw2dcplbgbehesrvt3jseauje.cx.internal.cloudapp.net@EXAMPLE.COM using keytab file scm.keytab. Keytab auto renewal enabled : false
2023-08-24 06:04:26,344 [Time-limited test] INFO  om.OzoneManager (OzoneManager.java:loginOMUser(1161)) - Ozone Manager login successful.
2023-08-24 06:04:26,344 [Time-limited test] WARN  server.ServerUtils (ServerUtils.java:getDBPath(311)) - ozone.om.db.dirs is not configured. We recommend adding this setting. Falling back to ozone.metadata.dirs instead.
2023-08-24 06:04:26,353 [Time-limited test] INFO  proxy.SCMBlockLocationFailoverProxyProvider (SCMBlockLocationFailoverProxyProvider.java:<init>(114)) - Created block location fail-over proxy with 1 nodes: [nodeId=scmNodeId,nodeAddress=/0.0.0.0:9863]
2023-08-24 06:04:26,354 [Time-limited test] INFO  om.OzoneManager (OzoneManager.java:getOmDetailsProto(4552)) - OzoneManager ports added:[name: "RPC"
value: 1202
]
2023-08-24 06:04:26,361 [Time-limited test] INFO  security.OMCertificateClient (DefaultCertificateClient.java:updateCertSerialId(1244)) - Certificate serial ID set to 1533420239185
2023-08-24 06:04:26,365 [Time-limited test] INFO  security.OMCertificateClient (DefaultCertificateClient.java:readCertificateFile(237)) - Added certificate   [0]         Version: 3
         SerialNumber: 1533420239185
             IssuerDN: CN=scm-sub-1530577005378@fv-az582-512,OU=cd9c32e1-8e95-49ba-a369-a506ce6ba0b9,O=0bb083e1-0356-4bdc-aa72-d37b883f70b4
           Start Date: Thu Aug 24 06:04:26 UTC 2023
           Final Date: Fri Aug 23 06:04:26 UTC 2024
            SubjectDN: CN=scm@fv-az582-512.vyw2dcplbgbehesrvt3jseauje.cx.internal.cloudapp.net,OU=cd9c32e1-8e95-49ba-a369-a506ce6ba0b9,O=0bb083e1-0356-4bdc-aa72-d37b883f70b4
           Public Key: RSA Public Key [cf:aa:e6:39:79:66:c7:1a:8b:39:7c:59:13:b2:f6:9d:70:bb:f9:b7],[56:66:d1:a4]
        modulus: b4aec3f89007161c484d013821c52d3fe069fdea7aa414bdbc9f51b473bf9c75ec07b19b1e43b1fb89ed7f7b6202cb52082fbf3d67038eaec8264e840d2ec373a875f8b5e53d818a87c5c04ceecde057529614db6cb32d7d2cd5ba2b4d3569f885516749a90d3fbcab2525d6f9bbe3c6222490d26ef4217e96a4f3fc82b235cc8e40bf1ce51b994a49695547a97e52a9fd16ca2236b3b003cc65d9687da882e492e2193b136fdca0b32808f7846f5369eb453b023e61a5375dcd782803bfc1b99f2227755659b0287a4effb3c69656a80bed850aa113d2019a58b076e31fa2ffeb24a7350c7c51ac6d384316067d8b675c397f7b9a47b69ff7f0b735441bca9d
public exponent: 10001

  Signature Algorithm: SHA256WITHRSA
            Signature: 71105a67a8b5f17e0532bfb2aed3094d01852d98
                       24a3c2809ca7f03f788759e05acb916f332993da
                       3427349e4c12d5a5bbd9016f42e911bc55a04a11
                       24f67fa01f36fdf43118ff3cc7ff4b4da352bd98
                       9c8852e2677129f5a4e23854d6377e6d7e5a61a0
                       7d15dddc81307c11d6de687c734ec6ca09eba857
                       b4fb41d4e581e6852eb6300fc6ee90d59c436595
                       a05799372fbbab4db482438500c0933599668c3d
                       69b57b209b30330a79674803a22ffe055c5824c2
                       0de8c442c09056f16bc269ce96cf605085500a4f
                       23ee132b8594230919f119272654d27769750c67
                       266f25f5d90a36b30f38945882446fe9cb1cd72b
                       e53f89d7dec03779338f4568af02d8cd
       Extensions: 
                       critical(false) 2.5.29.17 value = Sequence
    Tagged [7] IMPLICIT 
        DER Octet String[4] 
    Tagged [2] IMPLICIT 
        DER Octet String[64] 

                       critical(true) KeyUsage: 0xb8
 from file: /tmp/junit1709904116712500359/junit3323163617512811032/scm-meta/om/certs/1533420239185.crt.
2023-08-24 06:04:26,367 [Time-limited test] INFO  security.OMCertificateClient (DefaultCertificateClient.java:readCertificateFile(237)) - Added certificate   [0]         Version: 3
         SerialNumber: 1
             IssuerDN: CN=scm-1@fv-az582-512,OU=cd9c32e1-8e95-49ba-a369-a506ce6ba0b9,O=0bb083e1-0356-4bdc-aa72-d37b883f70b4
           Start Date: Thu Aug 24 06:04:23 UTC 2023
           Final Date: Sun Oct 01 06:04:23 UTC 2028
            SubjectDN: CN=scm-1@fv-az582-512,OU=cd9c32e1-8e95-49ba-a369-a506ce6ba0b9,O=0bb083e1-0356-4bdc-aa72-d37b883f70b4
           Public Key: RSA Public Key [d1:cd:e3:1e:d9:d0:bd:fc:0a:a2:8c:b9:7e:bd:aa:b1:81:0a:6f:c2],[56:66:d1:a4]
        modulus: a7c36e1885ed2ea3b5b1c909a78f7325244191349e5ad65abb82271f351157945ec2774a30e29b10528a78b5e5a5eae1a745e27b5d4fd7e4ac278df5fbb4c6ea90d51736da32bc68faa792dc1275c00c1bff6aee4df141ccf8a4f30419c0c88ba04c33f35def7c1d114a79a5de5feb82e330471ff7af7a5db1a65bf46eee4286dcbe622a658712ac68d044ed743324e649cbcfa10a0374bd367f9a3fbf731a2dd9668031f54138b5454f4f66586d23b9b0e3cbf6109ed52190c1ae833429cb69e4399045db47729cf4c1e778b7bfbfc4f77c56fc6026796ad043782a26319ce0693b2cf2d2f49a9bf07ba74acc7e31f87461c277c530ab1900a8b6d0c7c519c3
public exponent: 10001

  Signature Algorithm: SHA256WITHRSA
            Signature: 36623861250f904f163949834c215696b0059bf7
                       34b6fc2bf94e3cf7baa02a31cb70bc051cbe3427
                       f63378fab5cf03d86ea5a9f07e35ce604b19681d
                       e3d8760e70490f2f0cf76e6e5c27a3639db7e692
                       78f4b889438419f2febff5a1e20600ebd5d51ceb
                       382c7c82b57808b3309477e993683f254c925a06
                       52efe1c9438ca47c2e33fd0c53a20df9419457f0
                       87392623798e3f9d64e99f7b45bf42c24da99a39
                       06040ee00ecba3f4a4ca974243c7a4886b94c432
                       7fd0f6e97ef9a0b187c1740b1d6898cb2456a187
                       48f7957238749aa59688608d23faf415f002cc43
                       dc6221d2ac28d0939d09236c289a34680e0935b2
                       cb2c9cc21c8ec0548c071743922496a8
       Extensions: 
                       critical(true) BasicConstraints: isCa(true)
                       critical(true) KeyUsage: 0x6
                       critical(false) 2.5.29.17 value = Sequence
    Tagged [7] IMPLICIT 
        DER Octet String[4] 
    Tagged [2] IMPLICIT 
        DER Octet String[64] 

 from file: /tmp/junit1709904116712500359/junit3323163617512811032/scm-meta/om/certs/ROOTCA-1.crt.
2023-08-24 06:04:26,371 [Time-limited test] INFO  security.OMCertificateClient (DefaultCertificateClient.java:readCertificateFile(237)) - Added certificate   [0]         Version: 3
         SerialNumber: 1530581400137
             IssuerDN: CN=scm-1@fv-az582-512,OU=cd9c32e1-8e95-49ba-a369-a506ce6ba0b9,O=0bb083e1-0356-4bdc-aa72-d37b883f70b4
           Start Date: Thu Aug 24 06:04:23 UTC 2023
           Final Date: Sun Oct 01 06:04:23 UTC 2028
            SubjectDN: CN=scm-sub-1530577005378@fv-az582-512,OU=cd9c32e1-8e95-49ba-a369-a506ce6ba0b9,O=0bb083e1-0356-4bdc-aa72-d37b883f70b4
           Public Key: RSA Public Key [95:35:5c:e5:d5:9a:1e:31:69:aa:11:5b:94:a0:ae:67:43:82:cb:ec],[56:66:d1:a4]
        modulus: a0d232856c2cf7b241cb1f720afb68293c034df50a863b12a34b5cd43d75274ea9132047451835ba364370a930942773d09e67f0eaea76efe0439151a7ab6a645308dae2adc78dc3a1f5d7f25a5f6cc145e54fba1db9c9637e2ab9289a36a1a80a05ff3c9ee7753d746554c3b09bd90b7134b642a3014b4fc790b938cd4aeec6adebc1acee7f6a5fd044099678c6935809bf3f585cea0a80dba226934081652ba3f429b720ce3cad1bb5c068aa3c71eca029bd985b2144f1ce8d21490521d951afb8163a3e3a70062cd53abfe302af9e990217f2cea6dc6edd4f8c3bd6cb58e3f6c7e58da4d5f23ee3dcca505d4ef1700bb4eac97ce64f3a4eade2ef4997bd31
public exponent: 10001

  Signature Algorithm: SHA256WITHRSA
            Signature: 1910ca1dc7bbb11e7ae0b99a9ab8e71d4a092010
                       1838f2e8a1a4fe1a8eb93bbcb75cc347a2c1e5ac
                       d8fd8c3a0582c768d9cda2fa54e102490388b4e9
                       0fc1661cef38bd79382e6efb8be78c977fb14be7
                       91bae8dc592d76f09863013f3b82b033fe14d02e
                       c8e5023bbfdcb5cee6bb52d8bfb198ace06d2e4e
                       45995bda08de88458825c837310235f53c7cca28
                       ff5fe42a20906d8b7c080f0bffccbb0fd605b47b
                       4c7a2685cc2e8fc814c61bcd4b158e38fef514e7
                       bd1c7e1c01da9982cf1b82ff3e053f16e708ae9a
                       420507234179d3cd68f848362dd355f7c4ed9938
                       19d6387141311c8b2091b75a80a1f8017f9a0646
                       0ab52b195b4dcd3e84eb515722e4ed36
       Extensions: 
                       critical(false) 2.5.29.17 value = Sequence
    Tagged [7] IMPLICIT 
        DER Octet String[4] 
    Tagged [2] IMPLICIT 
        DER Octet String[64] 

                       critical(true) BasicConstraints: isCa(true)
                       critical(true) KeyUsage: 0xbe
 from file: /tmp/junit1709904116712500359/junit3323163617512811032/scm-meta/om/certs/CA-1530581400137.crt.
2023-08-24 06:04:26,376 [Time-limited test] INFO  security.OMCertificateClient (DefaultCertificateClient.java:startCertificateRenewerService(1347)) - CertificateRenewerService for om is started with first delay 31535989629 ms and interval 3333 ms.
2023-08-24 06:04:26,395 [Time-limited test] INFO  om.OzoneManager (OzoneManager.java:<init>(662)) - OM start with adminUsers: [scm/fv-az582-512.vyw2dcplbgbehesrvt3jseauje.cx.internal.cloudapp.net@EXAMPLE.COM, scm]
2023-08-24 06:04:26,396 [Time-limited test] WARN  server.ServerUtils (ServerUtils.java:getDBPath(311)) - ozone.om.db.dirs is not configured. We recommend adding this setting. Falling back to ozone.metadata.dirs instead.
2023-08-24 06:04:26,401 [Time-limited test] INFO  helpers.OmKeyInfo (OmKeyInfo.java:getCodec(71)) - OmKeyInfo.getCodec ignorePipeline = true
2023-08-24 06:04:26,469 [Time-limited test] INFO  om.OzoneManager (OzoneManager.java:instantiateServices(791)) - S3 Multi-Tenancy is disabled
2023-08-24 06:04:26,470 [Time-limited test] INFO  security.OzoneSecretStore (OzoneSecretStore.java:loadState(69)) - Loaded 0 tokens
2023-08-24 06:04:26,470 [Time-limited test] INFO  security.OzoneDelegationTokenSecretManager (OzoneDelegationTokenSecretManager.java:loadTokenSecretState(530)) - Loading token state into token manager.
2023-08-24 06:04:26,471 [Time-limited test] INFO  om.OmSnapshotManager (OmSnapshotManager.java:<init>(175)) - Ozone filesystem snapshot feature is enabled.
2023-08-24 06:04:26,471 [Time-limited test] WARN  server.ServerUtils (ServerUtils.java:getDBPath(311)) - ozone.om.snapshot.diff.db.dir is not configured. We recommend adding this setting. Falling back to ozone.metadata.dirs instead.
2023-08-24 06:04:26,492 [Time-limited test] INFO  snapshot.SnapshotDiffManager (SnapshotDiffManager.java:closeExecutorService(1720)) - Shutting down executorService: 'SstDumpToolExecutor'
2023-08-24 06:04:26,493 [Time-limited test] WARN  server.ServerUtils (ServerUtils.java:getDefaultRatisDirectory(323)) - Storage directory for Ratis is not configured. It is a good idea to map this to an SSD disk. Falling back to ozone.metadata.dirs
2023-08-24 06:04:26,493 [Time-limited test] WARN  utils.OzoneManagerRatisUtils (OzoneManagerRatisUtils.java:getOMRatisSnapshotDirectory(461)) - ozone.om.ratis.snapshot.dir is not configured. Falling back to ozone.metadata.dirs config
2023-08-24 06:04:26,493 [Time-limited test] WARN  server.ServerUtils (ServerUtils.java:getDefaultRatisDirectory(323)) - Storage directory for Ratis is not configured. It is a good idea to map this to an SSD disk. Falling back to ozone.metadata.dirs
2023-08-24 06:04:26,494 [Time-limited test] INFO  ratis.OzoneManagerRatisServer (OzoneManagerRatisServer.java:<init>(163)) - Instantiating OM Ratis server with groupID: omServiceIdDefault and peers: fv-az582-512.vyw2dcplbgbehesrvt3jseauje.cx.internal.cloudapp.net:9872
2023-08-24 06:04:26,495 [Time-limited test] INFO  ratis.OzoneManagerStateMachine (OzoneManagerStateMachine.java:loadSnapshotInfoFromDB(687)) - LastAppliedIndex is set from TransactionInfo from OM DB as (t:0, i:~)
2023-08-24 06:04:26,495 [Time-limited test] INFO  server.RaftServer (ConfUtils.java:logGet(46)) - raft.rpc.type = GRPC (default)
2023-08-24 06:04:26,496 [Time-limited test] INFO  grpc.GrpcConfigKeys (ConfUtils.java:logFallback(53)) - raft.grpc.admin.host = null (fallback to raft.grpc.server.host)
2023-08-24 06:04:26,496 [Time-limited test] INFO  grpc.GrpcConfigKeys (ConfUtils.java:logFallback(53)) - raft.grpc.admin.port = 9872 (fallback to raft.grpc.server.port)
2023-08-24 06:04:26,496 [Time-limited test] INFO  grpc.GrpcConfigKeys (ConfUtils.java:logFallback(53)) - raft.grpc.client.host = null (fallback to raft.grpc.server.host)
2023-08-24 06:04:26,496 [Time-limited test] INFO  grpc.GrpcConfigKeys (ConfUtils.java:logFallback(53)) - raft.grpc.client.port = 9872 (fallback to raft.grpc.server.port)
2023-08-24 06:04:26,496 [Time-limited test] INFO  grpc.GrpcConfigKeys (ConfUtils.java:logGet(46)) - raft.grpc.server.host = null (default)
2023-08-24 06:04:26,496 [Time-limited test] INFO  grpc.GrpcConfigKeys (ConfUtils.java:logGet(46)) - raft.grpc.server.port = 9872 (custom)
2023-08-24 06:04:26,496 [Time-limited test] INFO  server.GrpcService (ConfUtils.java:logGet(46)) - raft.grpc.message.size.max = 33554432 (custom)
2023-08-24 06:04:26,496 [Time-limited test] INFO  server.RaftServerConfigKeys (ConfUtils.java:logGet(46)) - raft.server.log.appender.buffer.byte-limit = 33554432 (custom)
2023-08-24 06:04:26,496 [Time-limited test] INFO  server.GrpcService (ConfUtils.java:logGet(46)) - raft.grpc.flow.control.window = 1MB (=1048576) (default)
2023-08-24 06:04:26,496 [Time-limited test] INFO  server.RaftServerConfigKeys (ConfUtils.java:logGet(46)) - raft.server.rpc.request.timeout = 3000ms (default)
2023-08-24 06:04:26,496 [Time-limited test] INFO  grpc.GrpcConfigKeys (ConfUtils.java:logGet(46)) - raft.grpc.server.heartbeat.channel = true (default)
2023-08-24 06:04:26,496 [Time-limited test] INFO  grpc.GrpcConfigKeys (ConfUtils.java:logGet(46)) - raft.grpc.server.async.request.thread.pool.cached = true (default)
2023-08-24 06:04:26,496 [Time-limited test] INFO  grpc.GrpcConfigKeys (ConfUtils.java:logGet(46)) - raft.grpc.server.async.request.thread.pool.size = 32 (default)
2023-08-24 06:04:26,498 [Time-limited test] INFO  impl.DataStreamServerImpl (ConfUtils.java:logGet(46)) - raft.datastream.type = DISABLED (default)
2023-08-24 06:04:26,498 [Time-limited test] INFO  server.RaftServerConfigKeys (ConfUtils.java:logGet(46)) - raft.server.threadpool.proxy.cached = true (default)
2023-08-24 06:04:26,498 [Time-limited test] INFO  server.RaftServerConfigKeys (ConfUtils.java:logGet(46)) - raft.server.threadpool.proxy.size = 0 (default)
2023-08-24 06:04:26,498 [Time-limited test] INFO  server.RaftServerConfigKeys (ConfUtils.java:logGet(46)) - raft.server.rpc.slowness.timeout = 120s (custom)
2023-08-24 06:04:26,498 [Time-limited test] INFO  server.RaftServerConfigKeys (ConfUtils.java:logGet(46)) - raft.server.leaderelection.leader.step-down.wait-time = 10s (default)
2023-08-24 06:04:26,498 [Time-limited test] INFO  server.RaftServerConfigKeys (ConfUtils.java:logGet(46)) - raft.server.storage.dir = [/tmp/junit1709904116712500359/junit3323163617512811032/scm-meta/ratis] (custom)
2023-08-24 06:04:26,499 [Time-limited test] INFO  server.RaftServer (RaftServerProxy.java:addNew(98)) - om1: addNew group-C5BA1605619E:[om1|rpc:fv-az582-512.vyw2dcplbgbehesrvt3jseauje.cx.internal.cloudapp.net:9872|priority:0|startupRole:FOLLOWER] returns group-C5BA1605619E:java.util.concurrent.CompletableFuture@634df92b[Not completed]
2023-08-24 06:04:26,499 [Time-limited test] INFO  om.OzoneManager (OzoneManager.java:initializeRatisServer(2128)) - OzoneManager Ratis server initialized at port 9872
2023-08-24 06:04:26,499 [Time-limited test] INFO  om.OzoneManager (OzoneManager.java:getRpcServer(1193)) - Creating RPC Server
2023-08-24 06:04:26,500 [om1-groupManagement] INFO  server.RaftServer$Division (RaftServerImpl.java:<init>(198)) - om1: new RaftServerImpl for group-C5BA1605619E:[om1|rpc:fv-az582-512.vyw2dcplbgbehesrvt3jseauje.cx.internal.cloudapp.net:9872|priority:0|startupRole:FOLLOWER] with OzoneManagerStateMachine:uninitialized
2023-08-24 06:04:26,515 [om1-groupManagement] INFO  server.RaftServerConfigKeys (ConfUtils.java:logGet(46)) - raft.server.rpc.timeout.min = 5s (custom)
2023-08-24 06:04:26,515 [om1-groupManagement] INFO  server.RaftServerConfigKeys (ConfUtils.java:logGet(46)) - raft.server.rpc.timeout.max = 5200ms (custom)
2023-08-24 06:04:26,515 [om1-groupManagement] INFO  server.RaftServerConfigKeys (ConfUtils.java:logGet(46)) - raft.server.rpc.sleep.time = 25ms (default)
2023-08-24 06:04:26,515 [om1-groupManagement] INFO  server.RaftServerConfigKeys (ConfUtils.java:logGet(46)) - raft.server.rpc.slowness.timeout = 120s (custom)
2023-08-24 06:04:26,515 [om1-groupManagement] INFO  server.RaftServerConfigKeys (ConfUtils.java:logGet(46)) - raft.server.leaderelection.leader.step-down.wait-time = 10s (default)
2023-08-24 06:04:26,515 [om1-groupManagement] INFO  server.RaftServerConfigKeys (ConfUtils.java:logGet(46)) - raft.server.sleep.deviation.threshold = 300ms (default)
2023-08-24 06:04:26,515 [om1-groupManagement] INFO  server.RaftServer$Division (ServerState.java:<init>(120)) - om1@group-C5BA1605619E: ConfigurationManager, init=-1: peers:[om1|rpc:fv-az582-512.vyw2dcplbgbehesrvt3jseauje.cx.internal.cloudapp.net:9872|priority:0|startupRole:FOLLOWER]|listeners:[], old=null, confs=<EMPTY_MAP>
2023-08-24 06:04:26,515 [om1-groupManagement] INFO  server.RaftServerConfigKeys (ConfUtils.java:logGet(46)) - raft.server.storage.dir = [/tmp/junit1709904116712500359/junit3323163617512811032/scm-meta/ratis] (custom)
2023-08-24 06:04:26,516 [om1-groupManagement] INFO  server.RaftServerConfigKeys (ConfUtils.java:logGet(46)) - raft.server.log.corruption.policy = EXCEPTION (default)
2023-08-24 06:04:26,516 [om1-groupManagement] INFO  server.RaftServerConfigKeys (ConfUtils.java:logGet(46)) - raft.server.storage.free-space.min = 0MB (=0) (default)
2023-08-24 06:04:26,516 [om1-groupManagement] INFO  server.RaftServerConfigKeys (ConfUtils.java:logGet(46)) - raft.server.notification.no-leader.timeout = 120s (custom)
2023-08-24 06:04:26,516 [om1-groupManagement] INFO  server.RaftServerConfigKeys (ConfUtils.java:logGet(46)) - raft.server.read.timeout = 10s (default)
2023-08-24 06:04:26,516 [om1-groupManagement] INFO  server.RaftServerConfigKeys (ConfUtils.java:logGet(46)) - raft.server.retrycache.expirytime = 300s (custom)
2023-08-24 06:04:26,516 [om1-groupManagement] INFO  server.RaftServerConfigKeys (ConfUtils.java:logGet(46)) - raft.server.retrycache.statistics.expirytime = 100μs (default)
2023-08-24 06:04:26,516 [om1-groupManagement] INFO  server.RaftServerConfigKeys (ConfUtils.java:logGet(46)) - raft.server.read.option = DEFAULT (default)
2023-08-24 06:04:26,516 [om1-groupManagement] INFO  server.RaftServerConfigKeys (ConfUtils.java:logGet(46)) - raft.server.rpc.request.timeout = 3000ms (default)
2023-08-24 06:04:26,517 [om1-groupManagement] INFO  server.RaftServerConfigKeys (ConfUtils.java:logGet(46)) - raft.server.log.appender.install.snapshot.enabled = false (custom)
2023-08-24 06:04:26,517 [om1-groupManagement] INFO  server.RaftServerConfigKeys (ConfUtils.java:logGet(46)) - raft.server.threadpool.server.cached = true (default)
2023-08-24 06:04:26,517 [om1-groupManagement] INFO  server.RaftServerConfigKeys (ConfUtils.java:logGet(46)) - raft.server.threadpool.server.size = 0 (default)
2023-08-24 06:04:26,517 [om1-groupManagement] INFO  server.RaftServerConfigKeys (ConfUtils.java:logGet(46)) - raft.server.threadpool.client.cached = true (default)
2023-08-24 06:04:26,517 [om1-groupManagement] INFO  server.RaftServerConfigKeys (ConfUtils.java:logGet(46)) - raft.server.threadpool.client.size = 0 (default)
2023-08-24 06:04:26,883 [Time-limited test] INFO  reflections.Reflections (Reflections.java:scan(232)) - Reflections took 381 ms to scan 19 urls, producing 70 keys and 5648 values [using 2 cores]
2023-08-24 06:04:26,884 [Time-limited test] INFO  ipc.CallQueueManager (CallQueueManager.java:<init>(90)) - Using callQueue: class java.util.concurrent.LinkedBlockingQueue, queueCapacity: 10000, scheduler: class org.apache.hadoop.ipc.DefaultRpcScheduler, ipcBackoff: false.
2023-08-24 06:04:26,884 [Time-limited test] INFO  ipc.Server (Server.java:<init>(1287)) - Listener at fv-az582-512.vyw2dcplbgbehesrvt3jseauje.cx.internal.cloudapp.net:1202
2023-08-24 06:04:26,886 [Socket Reader #1 for port 1202] INFO  ipc.Server (Server.java:run(1323)) - Starting Socket Reader #1 for port 1202
2023-08-24 06:04:27,534 [Time-limited test] INFO  server.StorageContainerManager (StorageContainerManager.java:stop(1591)) - Container Balancer is not running.
2023-08-24 06:04:27,534 [Time-limited test] INFO  server.StorageContainerManager (StorageContainerManager.java:stopReplicationManager(1724)) - Stopping Replication Manager Service.
2023-08-24 06:04:27,534 [Time-limited test] INFO  replication.ReplicationManager (ReplicationManager.java:stop(319)) - Stopping Replication Monitor Thread.
2023-08-24 06:04:27,535 [Under Replicated Processor] WARN  replication.UnhealthyReplicationProcessor (UnhealthyReplicationProcessor.java:run(180)) - Under Replicated Processor interrupted. Exiting...
2023-08-24 06:04:27,535 [Over Replicated Processor] WARN  replication.UnhealthyReplicationProcessor (UnhealthyReplicationProcessor.java:run(180)) - Over Replicated Processor interrupted. Exiting...
2023-08-24 06:04:27,535 [ReplicationMonitor] INFO  replication.ReplicationManager (ReplicationManager.java:run(917)) - Replication Monitor Thread is stopped
2023-08-24 06:04:27,535 [Time-limited test] INFO  server.StorageContainerManager (StorageContainerManager.java:stop(1600)) - Stopping the Datanode Admin Monitor.
2023-08-24 06:04:27,535 [Time-limited test] INFO  server.StorageContainerManager (StorageContainerManager.java:stop(1607)) - Stopping datanode service RPC server
2023-08-24 06:04:27,535 [Time-limited test] INFO  server.SCMDatanodeProtocolServer (SCMDatanodeProtocolServer.java:stop(424)) - Stopping the RPC server for DataNodes
2023-08-24 06:04:27,535 [Time-limited test] INFO  ipc.Server (Server.java:stop(3523)) - Stopping server on 9861
2023-08-24 06:04:27,540 [IPC Server listener on 9861] INFO  ipc.Server (Server.java:run(1434)) - Stopping IPC Server listener on 9861
2023-08-24 06:04:27,543 [IPC Server Responder] INFO  ipc.Server (Server.java:run(1567)) - Stopping IPC Server Responder
2023-08-24 06:04:29,444 [SCM Heartbeat Processing Thread - 0] WARN  node.NodeStateManager (NodeStateManager.java:scheduleNextHealthCheck(874)) - Current Thread is interrupted, shutting down HB processing thread for Node Manager.
2023-08-24 06:04:29,445 [Time-limited test] INFO  server.StorageContainerManager (StorageContainerManager.java:stop(1615)) - Stopping block service RPC server
2023-08-24 06:04:29,445 [Time-limited test] INFO  server.SCMBlockProtocolServer (SCMBlockProtocolServer.java:stop(161)) - Stopping the RPC server for Block Protocol
2023-08-24 06:04:29,445 [Time-limited test] INFO  ipc.Server (Server.java:stop(3523)) - Stopping server on 9863
2023-08-24 06:04:29,450 [IPC Server Responder] INFO  ipc.Server (Server.java:run(1567)) - Stopping IPC Server Responder
2023-08-24 06:04:29,450 [IPC Server listener on 9863] INFO  ipc.Server (Server.java:run(1434)) - Stopping IPC Server listener on 9863
2023-08-24 06:04:29,451 [Time-limited test] INFO  server.StorageContainerManager (StorageContainerManager.java:stop(1622)) - Stopping the StorageContainerLocationProtocol RPC server
2023-08-24 06:04:29,451 [Time-limited test] INFO  server.SCMClientProtocolServer (SCMClientProtocolServer.java:stop(210)) - Stopping the RPC server for Client Protocol
2023-08-24 06:04:29,451 [Time-limited test] INFO  ipc.Server (Server.java:stop(3523)) - Stopping server on 9860
2023-08-24 06:04:29,455 [IPC Server Responder] INFO  ipc.Server (Server.java:run(1567)) - Stopping IPC Server Responder
2023-08-24 06:04:29,456 [IPC Server listener on 9860] INFO  ipc.Server (Server.java:run(1434)) - Stopping IPC Server listener on 9860
2023-08-24 06:04:29,456 [Time-limited test] INFO  server.StorageContainerManager (StorageContainerManager.java:stop(1629)) - Stopping Storage Container Manager HTTP server.
2023-08-24 06:04:29,457 [Time-limited test] INFO  handler.ContextHandler (ContextHandler.java:doStop(1159)) - Stopped o.e.j.w.WebAppContext@5f9950d9{scm,/,null,STOPPED}{file:/home/runner/work/ozone/ozone/hadoop-ozone/integration-test/target/test-classes/webapps/scm}
2023-08-24 06:04:29,458 [Time-limited test] INFO  server.AbstractConnector (AbstractConnector.java:doStop(383)) - Stopped ServerConnector@423cc2bb{HTTP/1.1, (http/1.1)}{0.0.0.0:9876}
2023-08-24 06:04:29,458 [Time-limited test] INFO  server.session (HouseKeeper.java:stopScavenging(149)) - node0 Stopped scavenging
2023-08-24 06:04:29,458 [Time-limited test] INFO  handler.ContextHandler (ContextHandler.java:doStop(1159)) - Stopped o.e.j.s.ServletContextHandler@397aae4{static,/static,file:///home/runner/work/ozone/ozone/hadoop-ozone/integration-test/target/test-classes/webapps/static,STOPPED}
2023-08-24 06:04:29,458 [Time-limited test] INFO  handler.ContextHandler (ContextHandler.java:doStop(1159)) - Stopped o.e.j.s.ServletContextHandler@5a534b41{logs,/logs,file:///home/runner/work/ozone/ozone/hadoop-ozone/integration-test/target/log,STOPPED}
2023-08-24 06:04:29,461 [Time-limited test] INFO  server.StorageContainerManager (StorageContainerManager.java:stop(1637)) - Stopping SCM LayoutVersionManager Service.
2023-08-24 06:04:29,461 [Time-limited test] INFO  server.SCMSecurityProtocolServer (SCMSecurityProtocolServer.java:stop(550)) - Stopping the SCMSecurityProtocolServer.
2023-08-24 06:04:29,461 [Time-limited test] INFO  ipc.Server (Server.java:stop(3523)) - Stopping server on 9961
2023-08-24 06:04:29,461 [IPC Server listener on 9961] INFO  ipc.Server (Server.java:run(1434)) - Stopping IPC Server listener on 9961
2023-08-24 06:04:29,462 [IPC Server Responder] INFO  ipc.Server (Server.java:run(1567)) - Stopping IPC Server Responder
2023-08-24 06:04:29,462 [Time-limited test] INFO  server.SCMUpdateServiceGrpcServer (SCMUpdateServiceGrpcServer.java:stop(73)) - SCMUpdateService stopping
2023-08-24 06:04:29,464 [Time-limited test] INFO  server.SCMUpdateServiceGrpcServer (SCMUpdateServiceGrpcServer.java:stop(85)) - SCMUpdateService stopped!
2023-08-24 06:04:29,464 [Time-limited test] INFO  server.StorageContainerManager (StorageContainerManager.java:stop(1649)) - Stopping Block Manager Service.
2023-08-24 06:04:29,464 [Time-limited test] INFO  utils.BackgroundService (BackgroundService.java:shutdown(141)) - Shutting down service SCMBlockDeletingService
2023-08-24 06:04:29,467 [Time-limited test] INFO  utils.BackgroundService (BackgroundService.java:shutdown(141)) - Shutting down service SCMBlockDeletingService
2023-08-24 06:04:29,467 [Time-limited test] INFO  server.StorageContainerManager (StorageContainerManager.java:stop(1669)) - Stopping SCM Event Queue.
2023-08-24 06:04:29,467 [JvmPauseMonitor1] INFO  util.JvmPauseMonitor (JvmPauseMonitor.java:run(109)) - JvmPauseMonitor-cd9c32e1-8e95-49ba-a369-a506ce6ba0b9: Stopped
2023-08-24 06:04:29,469 [Time-limited test] INFO  server.StorageContainerManager (StorageContainerManager.java:stop(1680)) - Stopping SCM HA services.
2023-08-24 06:04:29,469 [Time-limited test] INFO  pipeline.BackgroundPipelineCreator (BackgroundPipelineCreator.java:stop(149)) - Stopping RatisPipelineUtilsThread.
2023-08-24 06:04:29,469 [RatisPipelineUtilsThread - 0] WARN  pipeline.BackgroundPipelineCreator (BackgroundPipelineCreator.java:run(180)) - RatisPipelineUtilsThread is interrupted.
2023-08-24 06:04:29,470 [BackgroundPipelineScrubberThread] WARN  BackgroundPipelineScrubber (BackgroundSCMService.java:run(115)) - BackgroundPipelineScrubber is interrupted, exit
2023-08-24 06:04:29,470 [Time-limited test] INFO  BackgroundPipelineScrubber (BackgroundSCMService.java:stop(131)) - Stopping BackgroundPipelineScrubber Service.
2023-08-24 06:04:29,470 [Time-limited test] INFO  impl.MetricsSystemImpl (MetricsSystemImpl.java:stop(210)) - Stopping StorageContainerManager metrics system...
2023-08-24 06:04:29,471 [prometheus] INFO  impl.MetricsSinkAdapter (MetricsSinkAdapter.java:publishMetricsFromQueue(141)) - prometheus thread interrupted.
2023-08-24 06:04:29,475 [Time-limited test] INFO  impl.MetricsSystemImpl (MetricsSystemImpl.java:stop(216)) - StorageContainerManager metrics system stopped.
2023-08-24 06:04:29,475 [Time-limited test] WARN  pipeline.BackgroundPipelineCreator (BackgroundPipelineCreator.java:stop(145)) - RatisPipelineUtilsThread is not running, just ignore.
2023-08-24 06:04:29,475 [Time-limited test] INFO  BackgroundPipelineScrubber (BackgroundSCMService.java:stop(126)) - BackgroundPipelineScrubber Service is not running, skip stop.
2023-08-24 06:04:29,475 [Time-limited test] INFO  ExpiredContainerReplicaOpScrubber (BackgroundSCMService.java:stop(131)) - Stopping ExpiredContainerReplicaOpScrubber Service.
2023-08-24 06:04:29,475 [Time-limited test] INFO  utils.BackgroundService (BackgroundService.java:shutdown(141)) - Shutting down service SCMBlockDeletingService
2023-08-24 06:04:29,475 [ExpiredContainerReplicaOpScrubberThread] WARN  ExpiredContainerReplicaOpScrubber (BackgroundSCMService.java:run(115)) - ExpiredContainerReplicaOpScrubber is interrupted, exit
2023-08-24 06:04:29,475 [Time-limited test] INFO  replication.ReplicationManager (ReplicationManager.java:stop(329)) - Replication Monitor Thread is not running.
2023-08-24 06:04:29,475 [Time-limited test] WARN  balancer.ContainerBalancer (ContainerBalancer.java:stop(326)) - Cannot stop Container Balancer because it's not running or stopping
2023-08-24 06:04:29,476 [Time-limited test] INFO  server.StorageContainerManager (StorageContainerManager.java:stop(1715)) - Stopping SCM MetadataStore.
2023-08-24 06:04:29,477 [Time-limited test] INFO  impl.DefaultInternalKdcServerImpl (DefaultInternalKdcServerImpl.java:doStop(102)) - Default Internal kdc server stopped.
2023-08-24 06:04:30,478 [Time-limited test] INFO  minikdc.MiniKdc (MiniKdc.java:stop(359)) - MiniKdc stopped.
2023-08-24 06:04:30,478 [Time-limited test] INFO  server.StorageContainerManager (StorageContainerManager.java:stop(1580)) - Storage Container Manager is not running.
2023-08-24 06:04:30,478 [Time-limited test] INFO  server.StorageContainerManager (StorageContainerManager.java:stopReplicationManager(1724)) - Stopping Replication Manager Service.
2023-08-24 06:04:30,478 [Time-limited test] INFO  replication.ReplicationManager (ReplicationManager.java:stop(329)) - Replication Monitor Thread is not running.
2023-08-24 06:04:30,478 [Time-limited test] INFO  server.SCMSecurityProtocolServer (SCMSecurityProtocolServer.java:join(560)) - Join RPC server for SCMSecurityProtocolServer.
2023-08-24 06:04:30,478 [Time-limited test] INFO  server.SCMSecurityProtocolServer (SCMSecurityProtocolServer.java:join(562)) - Join gRPC server for SCMSecurityProtocolServer.
2023-08-24 06:04:30,478 [Time-limited test] INFO  om.OzoneManager (OzoneManager.java:stop(2187)) - om1[fv-az582-512.vyw2dcplbgbehesrvt3jseauje.cx.internal.cloudapp.net:1202]: Stopping Ozone Manager
2023-08-24 06:04:30,478 [Time-limited test] INFO  ipc.Server (Server.java:stop(3523)) - Stopping server on 1202
2023-08-24 06:04:34,500 [Time-limited test] INFO  om.GrpcOzoneManagerServer (GrpcOzoneManagerServer.java:stop(192)) - Server GrpcOzoneManagerServer is shutdown
2023-08-24 06:04:34,501 [Time-limited test] INFO  ratis.OzoneManagerStateMachine (OzoneManagerStateMachine.java:close(534)) - StateMachine has shutdown. Shutdown OzoneManager if not already shutdown.
2023-08-24 06:04:34,501 [Time-limited test] INFO  ratis.OzoneManagerDoubleBuffer (OzoneManagerDoubleBuffer.java:stopDaemon(551)) - Stopping OMDoubleBuffer flush thread
2023-08-24 06:04:34,501 [OMDoubleBufferFlushThread] INFO  ratis.OzoneManagerDoubleBuffer (OzoneManagerDoubleBuffer.java:canFlush(638)) - OMDoubleBuffer flush thread OMDoubleBufferFlushThread is interrupted and will exit.
2023-08-24 06:04:34,501 [Time-limited test] INFO  om.OzoneManager (OzoneManager.java:stopSecretManager(1063)) - Stopping secret key client.
2023-08-24 06:04:34,501 [Time-limited test] INFO  om.OzoneManager (OzoneManager.java:stopSecretManager(1068)) - Stopping OM delegation token secret manager.
2023-08-24 06:04:34,501 [Time-limited test] INFO  rocksdiff.RocksDBCheckpointDiffer (RocksDBCheckpointDiffer.java:close(340)) - Shutting down CompactionDagPruningService.
2023-08-24 06:04:34,502 [Time-limited test] INFO  snapshot.SnapshotDiffManager (SnapshotDiffManager.java:closeExecutorService(1720)) - Shutting down executorService: 'SnapDiffExecutor'
2023-08-24 06:04:34,502 [Time-limited test] INFO  snapshot.SnapshotDiffManager (SnapshotDiffManager.java:closeExecutorService(1720)) - Shutting down executorService: 'SstDumpToolExecutor'
2023-08-24 06:04:34,503 [Time-limited test] INFO  utils.BackgroundService (BackgroundService.java:shutdown(141)) - Shutting down service SnapshotDiffCleanupService
]]></system-out>
  </testcase>
  <testcase name="testGetSetRevokeS3Secret" classname="org.apache.hadoop.ozone.TestSecureOzoneCluster" time="9.841">
    <system-out><![CDATA[2023-08-24 06:04:34,535 [Time-limited test] INFO  net.ServerSocketUtil (ServerSocketUtil.java:getPort(55)) - Using port 9860
2023-08-24 06:04:34,535 [Time-limited test] INFO  net.ServerSocketUtil (ServerSocketUtil.java:getPort(55)) - Using port 9861
2023-08-24 06:04:34,535 [Time-limited test] INFO  net.ServerSocketUtil (ServerSocketUtil.java:getPort(55)) - Using port 9863
2023-08-24 06:04:34,535 [Time-limited test] INFO  net.ServerSocketUtil (ServerSocketUtil.java:getPort(55)) - Using port 9961
2023-08-24 06:04:34,535 [Time-limited test] INFO  net.ServerSocketUtil (ServerSocketUtil.java:getPort(55)) - Using port 1200
2023-08-24 06:04:34,536 [Time-limited test] INFO  net.ServerSocketUtil (ServerSocketUtil.java:getPort(55)) - Using port 1201
2023-08-24 06:04:34,536 [Time-limited test] INFO  minikdc.MiniKdc (MiniKdc.java:<init>(225)) - Configuration:
2023-08-24 06:04:34,536 [Time-limited test] INFO  minikdc.MiniKdc (MiniKdc.java:<init>(226)) - ---------------------------------------------------------------
2023-08-24 06:04:34,536 [Time-limited test] INFO  minikdc.MiniKdc (MiniKdc.java:<init>(228)) -   debug: false
2023-08-24 06:04:34,536 [Time-limited test] INFO  minikdc.MiniKdc (MiniKdc.java:<init>(228)) -   transport: TCP
2023-08-24 06:04:34,536 [Time-limited test] INFO  minikdc.MiniKdc (MiniKdc.java:<init>(228)) -   max.ticket.lifetime: 86400000
2023-08-24 06:04:34,536 [Time-limited test] INFO  minikdc.MiniKdc (MiniKdc.java:<init>(228)) -   org.name: EXAMPLE
2023-08-24 06:04:34,536 [Time-limited test] INFO  minikdc.MiniKdc (MiniKdc.java:<init>(228)) -   kdc.port: 0
2023-08-24 06:04:34,536 [Time-limited test] INFO  minikdc.MiniKdc (MiniKdc.java:<init>(228)) -   org.domain: COM
2023-08-24 06:04:34,536 [Time-limited test] INFO  minikdc.MiniKdc (MiniKdc.java:<init>(228)) -   max.renewable.lifetime: 604800000
2023-08-24 06:04:34,536 [Time-limited test] INFO  minikdc.MiniKdc (MiniKdc.java:<init>(228)) -   instance: DefaultKrbServer
2023-08-24 06:04:34,536 [Time-limited test] INFO  minikdc.MiniKdc (MiniKdc.java:<init>(228)) -   kdc.bind.address: localhost
2023-08-24 06:04:34,536 [Time-limited test] INFO  minikdc.MiniKdc (MiniKdc.java:<init>(230)) - ---------------------------------------------------------------
2023-08-24 06:04:34,538 [Time-limited test] INFO  minikdc.MiniKdc (MiniKdc.java:start(285)) - MiniKdc started.
2023-08-24 06:04:34,637 [Time-limited test] INFO  om.OzoneManager (OzoneManager.java:getOmDetailsProto(4552)) - OzoneManager ports added:[name: "RPC"
value: 1202
]
2023-08-24 06:04:34,637 [Time-limited test] WARN  server.ServerUtils (ServerUtils.java:getDBPath(311)) - ozone.om.db.dirs is not configured. We recommend adding this setting. Falling back to ozone.metadata.dirs instead.
2023-08-24 06:04:34,639 [Time-limited test] INFO  ha.OMHANodeDetails (OMHANodeDetails.java:loadOMHAConfig(115)) - ozone.om.internal.service.id is not defined, falling back to ozone.om.service.ids to find serviceID for OzoneManager if it is HA enabled cluster
2023-08-24 06:04:34,639 [Time-limited test] INFO  ha.OMHANodeDetails (OMHANodeDetails.java:loadOMHAConfig(226)) - Configuration does not have ozone.om.address set. Falling back to the default OM address fv-az582-512.vyw2dcplbgbehesrvt3jseauje.cx.internal.cloudapp.net/10.1.0.20:1202
2023-08-24 06:04:34,639 [Time-limited test] INFO  ha.OMHANodeDetails (OMHANodeDetails.java:getOMNodeDetailsForNonHA(254)) - OM Service ID is not set. Setting it to the default ID: omServiceIdDefault
2023-08-24 06:04:34,639 [Time-limited test] INFO  ha.OMHANodeDetails (OMHANodeDetails.java:getOMNodeDetailsForNonHA(261)) - OM Node ID is not set. Setting it to the default ID: om1
2023-08-24 06:04:34,639 [Time-limited test] WARN  server.ServerUtils (ServerUtils.java:getDBPath(311)) - ozone.om.db.dirs is not configured. We recommend adding this setting. Falling back to ozone.metadata.dirs instead.
2023-08-24 06:04:34,641 [Time-limited test] INFO  upgrade.AbstractLayoutVersionManager (AbstractLayoutVersionManager.java:init(83)) - Initializing Layout version manager with metadata layout = QUOTA (version = 6), software layout = QUOTA (version = 6)
2023-08-24 06:04:34,710 [Time-limited test] INFO  reflections.Reflections (Reflections.java:scan(232)) - Reflections took 68 ms to scan 2 urls, producing 188 keys and 512 values [using 2 cores]
2023-08-24 06:04:34,711 [Time-limited test] INFO  upgrade.OMLayoutVersionManager (OMLayoutVersionManager.java:lambda$0(115)) - Skipping Upgrade Action QuotaRepairUpgradeAction since it has been finalized.
2023-08-24 06:04:34,712 [Time-limited test] INFO  upgrade.OMLayoutVersionManager (OMLayoutVersionManager.java:lambda$0(115)) - Skipping Upgrade Action MockOmUpgradeAction since it has been finalized.
2023-08-24 06:04:34,715 [pool-139-thread-1] INFO  request.KdcRequest (KdcRequest.java:preauth(651)) - The preauth data is empty.
2023-08-24 06:04:34,715 [pool-139-thread-1] INFO  server.KdcHandler (KdcHandler.java:handleRecoverableException(177)) - KRB error occurred while processing request:Additional pre-authentication required
2023-08-24 06:04:34,719 [pool-139-thread-1] INFO  request.AsRequest (AsRequest.java:issueTicket(112)) - AS_REQ ISSUE: authtime 1692857074719,om/fv-az582-512.vyw2dcplbgbehesrvt3jseauje.cx.internal.cloudapp.net@EXAMPLE.COM for krbtgt/EXAMPLE.COM@EXAMPLE.COM
2023-08-24 06:04:34,720 [Time-limited test] INFO  security.UserGroupInformation (UserGroupInformation.java:loginUserFromKeytab(1132)) - Login successful for user om/fv-az582-512.vyw2dcplbgbehesrvt3jseauje.cx.internal.cloudapp.net@EXAMPLE.COM using keytab file om.keytab. Keytab auto renewal enabled : false
2023-08-24 06:04:34,720 [Time-limited test] INFO  om.OzoneManager (OzoneManager.java:loginOMUser(1161)) - Ozone Manager login successful.
2023-08-24 06:04:34,720 [Time-limited test] WARN  server.ServerUtils (ServerUtils.java:getDBPath(311)) - ozone.om.db.dirs is not configured. We recommend adding this setting. Falling back to ozone.metadata.dirs instead.
2023-08-24 06:04:34,721 [Time-limited test] INFO  proxy.SCMBlockLocationFailoverProxyProvider (SCMBlockLocationFailoverProxyProvider.java:<init>(114)) - Created block location fail-over proxy with 1 nodes: [nodeId=scmNodeId,nodeAddress=localhost/127.0.0.1:9863]
2023-08-24 06:04:34,722 [Time-limited test] INFO  om.OzoneManager (OzoneManager.java:getOmDetailsProto(4552)) - OzoneManager ports added:[name: "RPC"
value: 1202
]
2023-08-24 06:04:34,723 [Time-limited test] INFO  security.OMCertificateClient (DefaultCertificateClient.java:updateCertSerialId(1244)) - Certificate serial ID set to 9879877970576
2023-08-24 06:04:34,727 [Time-limited test] WARN  security.OMCertificateClient (DefaultCertificateClient.java:loadAllCertificates(173)) - Certificates could not be loaded.
java.nio.file.NoSuchFileException: /tmp/junit2133104042338406045/junit76763705725243/om-meta/om/certs
	at sun.nio.fs.UnixException.translateToIOException(UnixException.java:86)
	at sun.nio.fs.UnixException.rethrowAsIOException(UnixException.java:102)
	at sun.nio.fs.UnixException.rethrowAsIOException(UnixException.java:107)
	at sun.nio.fs.UnixFileSystemProvider.newDirectoryStream(UnixFileSystemProvider.java:427)
	at java.nio.file.Files.newDirectoryStream(Files.java:457)
	at java.nio.file.Files.list(Files.java:3451)
	at org.apache.hadoop.hdds.security.x509.certificate.client.DefaultCertificateClient.loadAllCertificates(DefaultCertificateClient.java:168)
	at org.apache.hadoop.hdds.security.x509.certificate.client.DefaultCertificateClient.updateCertSerialId(DefaultCertificateClient.java:1245)
	at org.apache.hadoop.hdds.security.x509.certificate.client.DefaultCertificateClient.<init>(DefaultCertificateClient.java:157)
	at org.apache.hadoop.hdds.security.x509.certificate.client.CommonCertificateClient.<init>(CommonCertificateClient.java:49)
	at org.apache.hadoop.ozone.security.OMCertificateClient.<init>(OMCertificateClient.java:68)
	at org.apache.hadoop.ozone.om.OzoneManager.<init>(OzoneManager.java:640)
	at org.apache.hadoop.ozone.om.OzoneManager.createOm(OzoneManager.java:754)
	at org.apache.hadoop.ozone.TestSecureOzoneCluster.setupOm(TestSecureOzoneCluster.java:701)
	at org.apache.hadoop.ozone.TestSecureOzoneCluster.testGetSetRevokeS3Secret(TestSecureOzoneCluster.java:708)
	at sun.reflect.NativeMethodAccessorImpl.invoke0(Native Method)
	at sun.reflect.NativeMethodAccessorImpl.invoke(NativeMethodAccessorImpl.java:62)
	at sun.reflect.DelegatingMethodAccessorImpl.invoke(DelegatingMethodAccessorImpl.java:43)
	at java.lang.reflect.Method.invoke(Method.java:498)
	at org.junit.runners.model.FrameworkMethod$1.runReflectiveCall(FrameworkMethod.java:59)
	at org.junit.internal.runners.model.ReflectiveCallable.run(ReflectiveCallable.java:12)
	at org.junit.runners.model.FrameworkMethod.invokeExplosively(FrameworkMethod.java:56)
	at org.junit.internal.runners.statements.InvokeMethod.evaluate(InvokeMethod.java:17)
	at org.junit.internal.runners.statements.RunBefores.evaluate(RunBefores.java:26)
	at org.junit.internal.runners.statements.RunAfters.evaluate(RunAfters.java:27)
	at org.junit.rules.ExternalResource$1.evaluate(ExternalResource.java:54)
	at org.junit.internal.runners.statements.FailOnTimeout$CallableStatement.call(FailOnTimeout.java:288)
	at org.junit.internal.runners.statements.FailOnTimeout$CallableStatement.call(FailOnTimeout.java:282)
	at java.util.concurrent.FutureTask.run(FutureTask.java:266)
	at java.lang.Thread.run(Thread.java:750)
2023-08-24 06:04:34,728 [Time-limited test] INFO  om.OzoneManager (OzoneManager.java:<init>(662)) - OM start with adminUsers: [scm/fv-az582-512.vyw2dcplbgbehesrvt3jseauje.cx.internal.cloudapp.net@EXAMPLE.COM, om]
2023-08-24 06:04:34,729 [Time-limited test] WARN  server.ServerUtils (ServerUtils.java:getDBPath(311)) - ozone.om.db.dirs is not configured. We recommend adding this setting. Falling back to ozone.metadata.dirs instead.
2023-08-24 06:04:34,729 [Time-limited test] INFO  helpers.OmKeyInfo (OmKeyInfo.java:getCodec(71)) - OmKeyInfo.getCodec ignorePipeline = true
2023-08-24 06:04:34,883 [Time-limited test] INFO  om.OzoneManager (OzoneManager.java:instantiateServices(791)) - S3 Multi-Tenancy is disabled
2023-08-24 06:04:34,883 [Time-limited test] INFO  security.OzoneSecretStore (OzoneSecretStore.java:loadState(69)) - Loaded 0 tokens
2023-08-24 06:04:34,883 [Time-limited test] INFO  security.OzoneDelegationTokenSecretManager (OzoneDelegationTokenSecretManager.java:loadTokenSecretState(530)) - Loading token state into token manager.
2023-08-24 06:04:34,884 [Time-limited test] INFO  om.OmSnapshotManager (OmSnapshotManager.java:<init>(175)) - Ozone filesystem snapshot feature is enabled.
2023-08-24 06:04:34,884 [Time-limited test] WARN  server.ServerUtils (ServerUtils.java:getDBPath(311)) - ozone.om.snapshot.diff.db.dir is not configured. We recommend adding this setting. Falling back to ozone.metadata.dirs instead.
2023-08-24 06:04:34,901 [Time-limited test] INFO  snapshot.SnapshotDiffManager (SnapshotDiffManager.java:closeExecutorService(1720)) - Shutting down executorService: 'SstDumpToolExecutor'
2023-08-24 06:04:34,913 [Time-limited test] INFO  om.OzoneManager (OzoneManager.java:addS3GVolumeToDB(4284)) - Created Volume s3v With Owner om required for S3Gateway operations.
2023-08-24 06:04:34,913 [Time-limited test] WARN  server.ServerUtils (ServerUtils.java:getDefaultRatisDirectory(323)) - Storage directory for Ratis is not configured. It is a good idea to map this to an SSD disk. Falling back to ozone.metadata.dirs
2023-08-24 06:04:34,913 [Time-limited test] WARN  utils.OzoneManagerRatisUtils (OzoneManagerRatisUtils.java:getOMRatisSnapshotDirectory(461)) - ozone.om.ratis.snapshot.dir is not configured. Falling back to ozone.metadata.dirs config
2023-08-24 06:04:34,914 [Time-limited test] WARN  server.ServerUtils (ServerUtils.java:getDefaultRatisDirectory(323)) - Storage directory for Ratis is not configured. It is a good idea to map this to an SSD disk. Falling back to ozone.metadata.dirs
2023-08-24 06:04:34,915 [Time-limited test] INFO  ratis.OzoneManagerRatisServer (OzoneManagerRatisServer.java:<init>(163)) - Instantiating OM Ratis server with groupID: omServiceIdDefault and peers: fv-az582-512.vyw2dcplbgbehesrvt3jseauje.cx.internal.cloudapp.net:9872
2023-08-24 06:04:34,916 [Time-limited test] INFO  ratis.OzoneManagerStateMachine (OzoneManagerStateMachine.java:loadSnapshotInfoFromDB(687)) - LastAppliedIndex is set from TransactionInfo from OM DB as (t:0, i:~)
2023-08-24 06:04:34,918 [Time-limited test] INFO  server.RaftServer (ConfUtils.java:logGet(46)) - raft.rpc.type = GRPC (default)
2023-08-24 06:04:34,918 [Time-limited test] INFO  grpc.GrpcConfigKeys (ConfUtils.java:logFallback(53)) - raft.grpc.admin.host = null (fallback to raft.grpc.server.host)
2023-08-24 06:04:34,918 [Time-limited test] INFO  grpc.GrpcConfigKeys (ConfUtils.java:logFallback(53)) - raft.grpc.admin.port = 9872 (fallback to raft.grpc.server.port)
2023-08-24 06:04:34,918 [Time-limited test] INFO  grpc.GrpcConfigKeys (ConfUtils.java:logFallback(53)) - raft.grpc.client.host = null (fallback to raft.grpc.server.host)
2023-08-24 06:04:34,918 [Time-limited test] INFO  grpc.GrpcConfigKeys (ConfUtils.java:logFallback(53)) - raft.grpc.client.port = 9872 (fallback to raft.grpc.server.port)
2023-08-24 06:04:34,918 [Time-limited test] INFO  grpc.GrpcConfigKeys (ConfUtils.java:logGet(46)) - raft.grpc.server.host = null (default)
2023-08-24 06:04:34,918 [Time-limited test] INFO  grpc.GrpcConfigKeys (ConfUtils.java:logGet(46)) - raft.grpc.server.port = 9872 (custom)
2023-08-24 06:04:34,918 [Time-limited test] INFO  server.GrpcService (ConfUtils.java:logGet(46)) - raft.grpc.message.size.max = 33554432 (custom)
2023-08-24 06:04:34,919 [Time-limited test] INFO  server.RaftServerConfigKeys (ConfUtils.java:logGet(46)) - raft.server.log.appender.buffer.byte-limit = 33554432 (custom)
2023-08-24 06:04:34,919 [Time-limited test] INFO  server.GrpcService (ConfUtils.java:logGet(46)) - raft.grpc.flow.control.window = 1MB (=1048576) (default)
2023-08-24 06:04:34,919 [Time-limited test] INFO  server.RaftServerConfigKeys (ConfUtils.java:logGet(46)) - raft.server.rpc.request.timeout = 3000ms (default)
2023-08-24 06:04:34,919 [Time-limited test] INFO  grpc.GrpcConfigKeys (ConfUtils.java:logGet(46)) - raft.grpc.server.heartbeat.channel = true (default)
2023-08-24 06:04:34,919 [Time-limited test] INFO  grpc.GrpcConfigKeys (ConfUtils.java:logGet(46)) - raft.grpc.server.async.request.thread.pool.cached = true (default)
2023-08-24 06:04:34,919 [Time-limited test] INFO  grpc.GrpcConfigKeys (ConfUtils.java:logGet(46)) - raft.grpc.server.async.request.thread.pool.size = 32 (default)
2023-08-24 06:04:34,920 [Time-limited test] INFO  impl.DataStreamServerImpl (ConfUtils.java:logGet(46)) - raft.datastream.type = DISABLED (default)
2023-08-24 06:04:34,920 [Time-limited test] INFO  server.RaftServerConfigKeys (ConfUtils.java:logGet(46)) - raft.server.threadpool.proxy.cached = true (default)
2023-08-24 06:04:34,920 [Time-limited test] INFO  server.RaftServerConfigKeys (ConfUtils.java:logGet(46)) - raft.server.threadpool.proxy.size = 0 (default)
2023-08-24 06:04:34,921 [Time-limited test] INFO  server.RaftServerConfigKeys (ConfUtils.java:logGet(46)) - raft.server.rpc.slowness.timeout = 120s (custom)
2023-08-24 06:04:34,921 [Time-limited test] INFO  server.RaftServerConfigKeys (ConfUtils.java:logGet(46)) - raft.server.leaderelection.leader.step-down.wait-time = 10s (default)
2023-08-24 06:04:34,921 [Time-limited test] INFO  server.RaftServerConfigKeys (ConfUtils.java:logGet(46)) - raft.server.storage.dir = [/tmp/junit2133104042338406045/junit76763705725243/om-meta/ratis] (custom)
2023-08-24 06:04:34,921 [Time-limited test] INFO  server.RaftServer (RaftServerProxy.java:addNew(98)) - om1: addNew group-C5BA1605619E:[om1|rpc:fv-az582-512.vyw2dcplbgbehesrvt3jseauje.cx.internal.cloudapp.net:9872|priority:0|startupRole:FOLLOWER] returns group-C5BA1605619E:java.util.concurrent.CompletableFuture@793f5263[Not completed]
2023-08-24 06:04:34,921 [om1-groupManagement] INFOOzoneManager.java:initializeRatisServer(2128)) - OzoneManager Ratis server initialized at port 9872
  server.RaftServer$Division (RaftServerImpl.java:<init>(198)) - om1: new RaftServerImpl for group-C5BA1605619E:[om1|rpc:fv-az582-512.vyw2dcplbgbehesrvt3jseauje.cx.internal.cloudapp.net:9872|priority:0|startupRole:FOLLOWER] with OzoneManagerStateMachine:uninitialized
2023-08-24 06:04:34,921 [Time-limited test] INFO  om.OzoneManager (OzoneManager.java:initializeRatisServer(2128)) - OzoneManager Ratis server initialized at port 9872
2023-08-24 06:04:34,922 [Time-limited test] INFO  om.OzoneManager (OzoneManager.java:getRpcServer(1193)) - Creating RPC Server
2023-08-24 06:04:34,932 [om1-groupManagement] INFO  server.RaftServerConfigKeys (ConfUtils.java:logGet(46)) - raft.server.rpc.timeout.min = 5s (custom)
2023-08-24 06:04:34,932 [om1-groupManagement] INFO  server.RaftServerConfigKeys (ConfUtils.java:logGet(46)) - raft.server.rpc.timeout.max = 5200ms (custom)
2023-08-24 06:04:34,932 [om1-groupManagement] INFO  server.RaftServerConfigKeys (ConfUtils.java:logGet(46)) - raft.server.rpc.sleep.time = 25ms (default)
2023-08-24 06:04:34,932 [om1-groupManagement] INFO  server.RaftServerConfigKeys (ConfUtils.java:logGet(46)) - raft.server.rpc.slowness.timeout = 120s (custom)
2023-08-24 06:04:34,932 [om1-groupManagement] INFO  server.RaftServerConfigKeys (ConfUtils.java:logGet(46)) - raft.server.leaderelection.leader.step-down.wait-time = 10s (default)
2023-08-24 06:04:34,932 [om1-groupManagement] INFO  server.RaftServerConfigKeys (ConfUtils.java:logGet(46)) - raft.server.sleep.deviation.threshold = 300ms (default)
2023-08-24 06:04:34,932 [om1-groupManagement] INFO  server.RaftServer$Division (ServerState.java:<init>(120)) - om1@group-C5BA1605619E: ConfigurationManager, init=-1: peers:[om1|rpc:fv-az582-512.vyw2dcplbgbehesrvt3jseauje.cx.internal.cloudapp.net:9872|priority:0|startupRole:FOLLOWER]|listeners:[], old=null, confs=<EMPTY_MAP>
2023-08-24 06:04:34,932 [om1-groupManagement] INFO  server.RaftServerConfigKeys (ConfUtils.java:logGet(46)) - raft.server.storage.dir = [/tmp/junit2133104042338406045/junit76763705725243/om-meta/ratis] (custom)
2023-08-24 06:04:34,934 [om1-groupManagement] INFO  server.RaftServerConfigKeys (ConfUtils.java:logGet(46)) - raft.server.log.corruption.policy = EXCEPTION (default)
2023-08-24 06:04:34,934 [om1-groupManagement] INFO  server.RaftServerConfigKeys (ConfUtils.java:logGet(46)) - raft.server.storage.free-space.min = 0MB (=0) (default)
2023-08-24 06:04:34,934 [om1-groupManagement] INFO  server.RaftServerConfigKeys (ConfUtils.java:logGet(46)) - raft.server.notification.no-leader.timeout = 120s (custom)
2023-08-24 06:04:34,934 [om1-groupManagement] INFO  server.RaftServerConfigKeys (ConfUtils.java:logGet(46)) - raft.server.read.timeout = 10s (default)
2023-08-24 06:04:34,934 [om1-groupManagement] INFO  server.RaftServerConfigKeys (ConfUtils.java:logGet(46)) - raft.server.retrycache.expirytime = 300s (custom)
2023-08-24 06:04:34,934 [om1-groupManagement] INFO  server.RaftServerConfigKeys (ConfUtils.java:logGet(46)) - raft.server.retrycache.statistics.expirytime = 100μs (default)
2023-08-24 06:04:34,934 [om1-groupManagement] INFO  server.RaftServerConfigKeys (ConfUtils.java:logGet(46)) - raft.server.read.option = DEFAULT (default)
2023-08-24 06:04:34,935 [om1-groupManagement] INFO  server.RaftServerConfigKeys (ConfUtils.java:logGet(46)) - raft.server.rpc.request.timeout = 3000ms (default)
2023-08-24 06:04:34,935 [om1-groupManagement] INFO  server.RaftServerConfigKeys (ConfUtils.java:logGet(46)) - raft.server.log.appender.install.snapshot.enabled = false (custom)
2023-08-24 06:04:34,935 [om1-groupManagement] INFO  server.RaftServerConfigKeys (ConfUtils.java:logGet(46)) - raft.server.threadpool.server.cached = true (default)
2023-08-24 06:04:34,935 [om1-groupManagement] INFO  server.RaftServerConfigKeys (ConfUtils.java:logGet(46)) - raft.server.threadpool.server.size = 0 (default)
2023-08-24 06:04:34,935 [om1-groupManagement] INFO  server.RaftServerConfigKeys (ConfUtils.java:logGet(46)) - raft.server.threadpool.client.cached = true (default)
2023-08-24 06:04:34,935 [om1-groupManagement] INFO  server.RaftServerConfigKeys (ConfUtils.java:logGet(46)) - raft.server.threadpool.client.size = 0 (default)
2023-08-24 06:04:35,312 [Time-limited test] INFO  reflections.Reflections (Reflections.java:scan(232)) - Reflections took 389 ms to scan 19 urls, producing 70 keys and 5648 values [using 2 cores]
2023-08-24 06:04:35,313 [Time-limited test] INFO  ipc.CallQueueManager (CallQueueManager.java:<init>(90)) - Using callQueue: class java.util.concurrent.LinkedBlockingQueue, queueCapacity: 10000, scheduler: class org.apache.hadoop.ipc.DefaultRpcScheduler, ipcBackoff: false.
2023-08-24 06:04:35,313 [Time-limited test] INFO  ipc.Server (Server.java:<init>(1287)) - Listener at fv-az582-512.vyw2dcplbgbehesrvt3jseauje.cx.internal.cloudapp.net:1202
2023-08-24 06:04:35,314 [Socket Reader #1 for port 1202] INFO  ipc.Server (Server.java:run(1323)) - Starting Socket Reader #1 for port 1202
2023-08-24 06:04:35,844 [Time-limited test] INFO  utils.SelfSignedCertificate (SelfSignedCertificate.java:generateCertificate(157)) - Certificate 1 is issued by CN=rootCA@localhost,OU=scm1,O=cluster1 to CN=rootCA@localhost,OU=scm1,O=cluster1, valid from Thu Aug 24 06:04:35 UTC 2023 to Sun Oct 01 06:04:35 UTC 2028
2023-08-24 06:04:35,847 [Time-limited test] INFO  authority.DefaultApprover (DefaultApprover.java:sign(154)) - Extensions in CSR: 2.5.29.15
2023-08-24 06:04:35,847 [Time-limited test] INFO  authority.DefaultApprover (DefaultApprover.java:sign(158)) - Extensions to add to the certificate if they present in CSR: 2.5.29.17, 2.5.29.19, 1.3.6.1.5.5.7.1.12, 2.5.29.35, 2.5.29.37, 2.5.29.15
2023-08-24 06:04:35,857 [Time-limited test] INFO  ssl.ReloadingX509KeyManager (ReloadingX509KeyManager.java:loadKeyManager(222)) - Key manager is loaded with certificate chain
2023-08-24 06:04:35,859 [Time-limited test] INFO  ssl.ReloadingX509KeyManager (ReloadingX509KeyManager.java:loadKeyManager(224)) - [
[
  Version: V3
  Subject: O=cluster1, OU=scm1, CN=localhost
  Signature Algorithm: SHA256withRSA, OID = 1.2.840.113549.1.1.11

  Key:  Sun RSA public key, 2048 bits
  params: null
  modulus: 23116973121702800043046222943730448644131882429299774739153352884540269743380373784533798142927821912575306307363779205521680218676688764561244915125068504164674578540651475228106356972573573503033088875137566425338040558094582890075268578244849720640900591003122742762139905790404329696825637399979781108056514728768206317981892272653208404242641362092403803703829894175093184867083879763830056141344286651432401566677481753867415164744192584229630367005083317508167087986161539935329065990270894167934260393684393202833434761140378870104615048196152014944807667401157944650975709116047999465687373783750235978632493
  public exponent: 65537
  Validity: [From: Thu Aug 24 06:04:35 UTC 2023,
               To: Fri Aug 23 06:04:35 UTC 2024]
  Issuer: O=cluster1, OU=scm1, CN=rootCA@localhost
  SerialNumber: [    0167499a 155a]

Certificate Extensions: 1
[1]: ObjectId: 2.5.29.15 Criticality=true
KeyUsage [
  DigitalSignature
  Key_Encipherment
  Data_Encipherment
  Key_Agreement
]

]
  Algorithm: [SHA256withRSA]
  Signature:
0000: 82 E3 7D F6 D0 0B 13 5A   C9 71 65 96 18 E3 09 5F  .......Z.qe...._
0010: E7 E2 C4 DB DF 7E 56 89   57 7A 2D D4 3B 6C C4 49  ......V.Wz-.;l.I
0020: AC D0 23 00 1B CF F3 88   88 5B 42 32 F0 BD 14 C6  ..#......[B2....
0030: 67 75 2B 9B 75 B0 A8 6E   FA 2E EF 74 25 1A 60 DE  gu+.u..n...t%.`.
0040: 75 40 36 53 40 F5 C8 20   C3 D0 8A 09 E8 52 EB C4  u@6S@.. .....R..
0050: F1 FB B1 92 F5 84 45 14   84 78 9B 22 3C EF 7E 3E  ......E..x."<..>
0060: F7 94 F7 DD AE A2 B0 FC   C1 AB D5 F7 E0 15 5A A7  ..............Z.
0070: 5F 1E 92 3D 44 46 05 E1   59 F5 21 91 5B 21 9A BD  _..=DF..Y.!.[!..
0080: AB B9 68 67 91 95 EA 58   33 1F EE 92 63 75 B3 06  ..hg...X3...cu..
0090: 3B E9 3F 0D 90 31 77 96   35 E0 CF 75 FA 50 3E 4D  ;.?..1w.5..u.P>M
00A0: 79 9D A5 8B 72 81 88 4F   A5 7E 06 C4 E8 0E 6E 58  y...r..O......nX
00B0: 77 6A 79 D5 1B D9 BF 4A   A8 77 3A E3 79 1E 7C 86  wjy....J.w:.y...
00C0: B1 03 2D FD 0E 08 50 D3   C7 F2 AA 1A C9 4B 3C B0  ..-...P......K<.
00D0: 59 BB 50 EE D2 5F B0 40   F1 59 3E B1 2B 5F F3 EF  Y.P.._.@.Y>.+_..
00E0: 8A BD 76 E9 FE 67 93 39   C5 39 F6 64 89 26 BC 95  ..v..g.9.9.d.&..
00F0: B8 29 E2 1A 06 E1 1C 04   74 4D E3 A0 6C FC C0 A4  .)......tM..l...

]
2023-08-24 06:04:35,860 [Time-limited test] INFO  ssl.ReloadingX509KeyManager (ReloadingX509KeyManager.java:loadKeyManager(224)) - [
[
  Version: V3
  Subject: O=cluster1, OU=scm1, CN=rootCA@localhost
  Signature Algorithm: SHA256withRSA, OID = 1.2.840.113549.1.1.11

  Key:  Sun RSA public key, 2048 bits
  params: null
  modulus: 22870924683189475566221694277788830885877532434124463358304166098690567174489099784535945075803869487159059444210457078611825033919765038768762095817933465569727157959807684972068227394906291878781364782987918641793454042279477529836201978378298389433456328022884857020698565377425631702925135506932632023329639961831034483182249701055141426466784907679029487645105564729399673246073097067225142506724838745881924439540768611136292883085145764174297787783289817944883052205971907028330690132635287979323142319642408361137815185280434332706728725357035262192347661013557500158516693865563738186303269323413966220859973
  public exponent: 65537
  Validity: [From: Thu Aug 24 06:04:35 UTC 2023,
               To: Sun Oct 01 06:04:35 UTC 2028]
  Issuer: O=cluster1, OU=scm1, CN=rootCA@localhost
  SerialNumber: [    01]

Certificate Extensions: 2
[1]: ObjectId: 2.5.29.19 Criticality=true
BasicConstraints:[
  CA:true
  PathLen:2147483647
]

[2]: ObjectId: 2.5.29.15 Criticality=true
KeyUsage [
  Key_CertSign
  Crl_Sign
]

]
  Algorithm: [SHA256withRSA]
  Signature:
0000: 32 AB FB 6E 63 8A 6E E0   90 11 AC 3C C7 0F D5 4F  2..nc.n....<...O
0010: 50 68 69 CC 3D BF AB A3   F6 26 46 FB 94 F2 09 99  Phi.=....&F.....
0020: 0D 70 9B B6 09 36 55 75   8D E1 81 81 32 78 67 51  .p...6Uu....2xgQ
0030: C7 AA CA A9 57 58 18 8D   F3 68 B2 45 F4 4E 07 FE  ....WX...h.E.N..
0040: 48 35 16 8C 8D 7B 1E 8E   FF 25 FE 68 BD 8B 7A 1D  H5.......%.h..z.
0050: 01 22 D2 2F 8A 04 CE 07   8C CD 18 05 D4 B1 BF AB  ."./............
0060: D8 9F 90 7C EB 22 2E 5B   70 0A E8 BC E1 10 8B EE  .....".[p.......
0070: D0 CF EB 41 71 5E C7 86   2A 4D 06 4E 09 FB C5 C4  ...Aq^..*M.N....
0080: 50 EA CC 75 E7 BC BA 7F   7C 9D C0 5B 4A A8 55 48  P..u.......[J.UH
0090: 7E 27 38 A3 98 EF 79 CB   17 F1 01 31 D5 C5 AB 60  .'8...y....1...`
00A0: DC 0F 22 A3 D9 DF C1 A9   A5 90 02 6F 7F 3B 4C 74  .."........o.;Lt
00B0: F7 4E 8E 9F AA AC 74 86   A6 5A 84 24 C9 3C C2 4A  .N....t..Z.$.<.J
00C0: EE FE 0D F0 D8 48 B1 B1   EC 5B 1C DD 62 9D B3 4C  .....H...[..b..L
00D0: 1C 6C 1E B3 F6 A7 DE 01   C5 EE 9B 97 33 A4 95 11  .l..........3...
00E0: 01 DB 24 38 D0 1B 88 15   D4 5F 1B 63 52 F6 9E 0D  ..$8....._.cR...
00F0: 9E 57 09 40 17 10 C2 06   64 4C 49 ED 21 A3 17 38  .W.@....dLI.!..8

]
2023-08-24 06:04:35,881 [Time-limited test] INFO  ssl.ReloadingX509TrustManager (ReloadingX509TrustManager.java:insertCertsToKeystore(188)) - Trust manager is loaded with certificates
2023-08-24 06:04:35,881 [Time-limited test] INFO  ssl.ReloadingX509TrustManager (ReloadingX509TrustManager.java:insertCertsToKeystore(192)) - [
[
  Version: V3
  Subject: O=cluster1, OU=scm1, CN=rootCA@localhost
  Signature Algorithm: SHA256withRSA, OID = 1.2.840.113549.1.1.11

  Key:  Sun RSA public key, 2048 bits
  params: null
  modulus: 22870924683189475566221694277788830885877532434124463358304166098690567174489099784535945075803869487159059444210457078611825033919765038768762095817933465569727157959807684972068227394906291878781364782987918641793454042279477529836201978378298389433456328022884857020698565377425631702925135506932632023329639961831034483182249701055141426466784907679029487645105564729399673246073097067225142506724838745881924439540768611136292883085145764174297787783289817944883052205971907028330690132635287979323142319642408361137815185280434332706728725357035262192347661013557500158516693865563738186303269323413966220859973
  public exponent: 65537
  Validity: [From: Thu Aug 24 06:04:35 UTC 2023,
               To: Sun Oct 01 06:04:35 UTC 2028]
  Issuer: O=cluster1, OU=scm1, CN=rootCA@localhost
  SerialNumber: [    01]

Certificate Extensions: 2
[1]: ObjectId: 2.5.29.19 Criticality=true
BasicConstraints:[
  CA:true
  PathLen:2147483647
]

[2]: ObjectId: 2.5.29.15 Criticality=true
KeyUsage [
  Key_CertSign
  Crl_Sign
]

]
  Algorithm: [SHA256withRSA]
  Signature:
0000: 32 AB FB 6E 63 8A 6E E0   90 11 AC 3C C7 0F D5 4F  2..nc.n....<...O
0010: 50 68 69 CC 3D BF AB A3   F6 26 46 FB 94 F2 09 99  Phi.=....&F.....
0020: 0D 70 9B B6 09 36 55 75   8D E1 81 81 32 78 67 51  .p...6Uu....2xgQ
0030: C7 AA CA A9 57 58 18 8D   F3 68 B2 45 F4 4E 07 FE  ....WX...h.E.N..
0040: 48 35 16 8C 8D 7B 1E 8E   FF 25 FE 68 BD 8B 7A 1D  H5.......%.h..z.
0050: 01 22 D2 2F 8A 04 CE 07   8C CD 18 05 D4 B1 BF AB  ."./............
0060: D8 9F 90 7C EB 22 2E 5B   70 0A E8 BC E1 10 8B EE  .....".[p.......
0070: D0 CF EB 41 71 5E C7 86   2A 4D 06 4E 09 FB C5 C4  ...Aq^..*M.N....
0080: 50 EA CC 75 E7 BC BA 7F   7C 9D C0 5B 4A A8 55 48  P..u.......[J.UH
0090: 7E 27 38 A3 98 EF 79 CB   17 F1 01 31 D5 C5 AB 60  .'8...y....1...`
00A0: DC 0F 22 A3 D9 DF C1 A9   A5 90 02 6F 7F 3B 4C 74  .."........o.;Lt
00B0: F7 4E 8E 9F AA AC 74 86   A6 5A 84 24 C9 3C C2 4A  .N....t..Z.$.<.J
00C0: EE FE 0D F0 D8 48 B1 B1   EC 5B 1C DD 62 9D B3 4C  .....H...[..b..L
00D0: 1C 6C 1E B3 F6 A7 DE 01   C5 EE 9B 97 33 A4 95 11  .l..........3...
00E0: 01 DB 24 38 D0 1B 88 15   D4 5F 1B 63 52 F6 9E 0D  ..$8....._.cR...
00F0: 9E 57 09 40 17 10 C2 06   64 4C 49 ED 21 A3 17 38  .W.@....dLI.!..8

]
2023-08-24 06:04:35,888 [Time-limited test] INFO  ssl.ReloadingX509KeyManager (ReloadingX509KeyManager.java:loadKeyManager(222)) - Key manager is loaded with certificate chain
2023-08-24 06:04:35,889 [Time-limited test] INFO  ssl.ReloadingX509KeyManager (ReloadingX509KeyManager.java:loadKeyManager(224)) - [
[
  Version: V3
  Subject: O=cluster1, OU=scm1, CN=localhost
  Signature Algorithm: SHA256withRSA, OID = 1.2.840.113549.1.1.11

  Key:  Sun RSA public key, 2048 bits
  params: null
  modulus: 23116973121702800043046222943730448644131882429299774739153352884540269743380373784533798142927821912575306307363779205521680218676688764561244915125068504164674578540651475228106356972573573503033088875137566425338040558094582890075268578244849720640900591003122742762139905790404329696825637399979781108056514728768206317981892272653208404242641362092403803703829894175093184867083879763830056141344286651432401566677481753867415164744192584229630367005083317508167087986161539935329065990270894167934260393684393202833434761140378870104615048196152014944807667401157944650975709116047999465687373783750235978632493
  public exponent: 65537
  Validity: [From: Thu Aug 24 06:04:35 UTC 2023,
               To: Fri Aug 23 06:04:35 UTC 2024]
  Issuer: O=cluster1, OU=scm1, CN=rootCA@localhost
  SerialNumber: [    0167499a 155a]

Certificate Extensions: 1
[1]: ObjectId: 2.5.29.15 Criticality=true
KeyUsage [
  DigitalSignature
  Key_Encipherment
  Data_Encipherment
  Key_Agreement
]

]
  Algorithm: [SHA256withRSA]
  Signature:
0000: 82 E3 7D F6 D0 0B 13 5A   C9 71 65 96 18 E3 09 5F  .......Z.qe...._
0010: E7 E2 C4 DB DF 7E 56 89   57 7A 2D D4 3B 6C C4 49  ......V.Wz-.;l.I
0020: AC D0 23 00 1B CF F3 88   88 5B 42 32 F0 BD 14 C6  ..#......[B2....
0030: 67 75 2B 9B 75 B0 A8 6E   FA 2E EF 74 25 1A 60 DE  gu+.u..n...t%.`.
0040: 75 40 36 53 40 F5 C8 20   C3 D0 8A 09 E8 52 EB C4  u@6S@.. .....R..
0050: F1 FB B1 92 F5 84 45 14   84 78 9B 22 3C EF 7E 3E  ......E..x."<..>
0060: F7 94 F7 DD AE A2 B0 FC   C1 AB D5 F7 E0 15 5A A7  ..............Z.
0070: 5F 1E 92 3D 44 46 05 E1   59 F5 21 91 5B 21 9A BD  _..=DF..Y.!.[!..
0080: AB B9 68 67 91 95 EA 58   33 1F EE 92 63 75 B3 06  ..hg...X3...cu..
0090: 3B E9 3F 0D 90 31 77 96   35 E0 CF 75 FA 50 3E 4D  ;.?..1w.5..u.P>M
00A0: 79 9D A5 8B 72 81 88 4F   A5 7E 06 C4 E8 0E 6E 58  y...r..O......nX
00B0: 77 6A 79 D5 1B D9 BF 4A   A8 77 3A E3 79 1E 7C 86  wjy....J.w:.y...
00C0: B1 03 2D FD 0E 08 50 D3   C7 F2 AA 1A C9 4B 3C B0  ..-...P......K<.
00D0: 59 BB 50 EE D2 5F B0 40   F1 59 3E B1 2B 5F F3 EF  Y.P.._.@.Y>.+_..
00E0: 8A BD 76 E9 FE 67 93 39   C5 39 F6 64 89 26 BC 95  ..v..g.9.9.d.&..
00F0: B8 29 E2 1A 06 E1 1C 04   74 4D E3 A0 6C FC C0 A4  .)......tM..l...

]
2023-08-24 06:04:35,889 [Time-limited test] INFO  ssl.ReloadingX509KeyManager (ReloadingX509KeyManager.java:loadKeyManager(224)) - [
[
  Version: V3
  Subject: O=cluster1, OU=scm1, CN=rootCA@localhost
  Signature Algorithm: SHA256withRSA, OID = 1.2.840.113549.1.1.11

  Key:  Sun RSA public key, 2048 bits
  params: null
  modulus: 22870924683189475566221694277788830885877532434124463358304166098690567174489099784535945075803869487159059444210457078611825033919765038768762095817933465569727157959807684972068227394906291878781364782987918641793454042279477529836201978378298389433456328022884857020698565377425631702925135506932632023329639961831034483182249701055141426466784907679029487645105564729399673246073097067225142506724838745881924439540768611136292883085145764174297787783289817944883052205971907028330690132635287979323142319642408361137815185280434332706728725357035262192347661013557500158516693865563738186303269323413966220859973
  public exponent: 65537
  Validity: [From: Thu Aug 24 06:04:35 UTC 2023,
               To: Sun Oct 01 06:04:35 UTC 2028]
  Issuer: O=cluster1, OU=scm1, CN=rootCA@localhost
  SerialNumber: [    01]

Certificate Extensions: 2
[1]: ObjectId: 2.5.29.19 Criticality=true
BasicConstraints:[
  CA:true
  PathLen:2147483647
]

[2]: ObjectId: 2.5.29.15 Criticality=true
KeyUsage [
  Key_CertSign
  Crl_Sign
]

]
  Algorithm: [SHA256withRSA]
  Signature:
0000: 32 AB FB 6E 63 8A 6E E0   90 11 AC 3C C7 0F D5 4F  2..nc.n....<...O
0010: 50 68 69 CC 3D BF AB A3   F6 26 46 FB 94 F2 09 99  Phi.=....&F.....
0020: 0D 70 9B B6 09 36 55 75   8D E1 81 81 32 78 67 51  .p...6Uu....2xgQ
0030: C7 AA CA A9 57 58 18 8D   F3 68 B2 45 F4 4E 07 FE  ....WX...h.E.N..
0040: 48 35 16 8C 8D 7B 1E 8E   FF 25 FE 68 BD 8B 7A 1D  H5.......%.h..z.
0050: 01 22 D2 2F 8A 04 CE 07   8C CD 18 05 D4 B1 BF AB  ."./............
0060: D8 9F 90 7C EB 22 2E 5B   70 0A E8 BC E1 10 8B EE  .....".[p.......
0070: D0 CF EB 41 71 5E C7 86   2A 4D 06 4E 09 FB C5 C4  ...Aq^..*M.N....
0080: 50 EA CC 75 E7 BC BA 7F   7C 9D C0 5B 4A A8 55 48  P..u.......[J.UH
0090: 7E 27 38 A3 98 EF 79 CB   17 F1 01 31 D5 C5 AB 60  .'8...y....1...`
00A0: DC 0F 22 A3 D9 DF C1 A9   A5 90 02 6F 7F 3B 4C 74  .."........o.;Lt
00B0: F7 4E 8E 9F AA AC 74 86   A6 5A 84 24 C9 3C C2 4A  .N....t..Z.$.<.J
00C0: EE FE 0D F0 D8 48 B1 B1   EC 5B 1C DD 62 9D B3 4C  .....H...[..b..L
00D0: 1C 6C 1E B3 F6 A7 DE 01   C5 EE 9B 97 33 A4 95 11  .l..........3...
00E0: 01 DB 24 38 D0 1B 88 15   D4 5F 1B 63 52 F6 9E 0D  ..$8....._.cR...
00F0: 9E 57 09 40 17 10 C2 06   64 4C 49 ED 21 A3 17 38  .W.@....dLI.!..8

]
2023-08-24 06:04:35,889 [Time-limited test] INFO  ssl.ReloadingX509TrustManager (ReloadingX509TrustManager.java:insertCertsToKeystore(188)) - Trust manager is loaded with certificates
2023-08-24 06:04:35,890 [Time-limited test] INFO  ssl.ReloadingX509TrustManager (ReloadingX509TrustManager.java:insertCertsToKeystore(192)) - [
[
  Version: V3
  Subject: O=cluster1, OU=scm1, CN=rootCA@localhost
  Signature Algorithm: SHA256withRSA, OID = 1.2.840.113549.1.1.11

  Key:  Sun RSA public key, 2048 bits
  params: null
  modulus: 22870924683189475566221694277788830885877532434124463358304166098690567174489099784535945075803869487159059444210457078611825033919765038768762095817933465569727157959807684972068227394906291878781364782987918641793454042279477529836201978378298389433456328022884857020698565377425631702925135506932632023329639961831034483182249701055141426466784907679029487645105564729399673246073097067225142506724838745881924439540768611136292883085145764174297787783289817944883052205971907028330690132635287979323142319642408361137815185280434332706728725357035262192347661013557500158516693865563738186303269323413966220859973
  public exponent: 65537
  Validity: [From: Thu Aug 24 06:04:35 UTC 2023,
               To: Sun Oct 01 06:04:35 UTC 2028]
  Issuer: O=cluster1, OU=scm1, CN=rootCA@localhost
  SerialNumber: [    01]

Certificate Extensions: 2
[1]: ObjectId: 2.5.29.19 Criticality=true
BasicConstraints:[
  CA:true
  PathLen:2147483647
]

[2]: ObjectId: 2.5.29.15 Criticality=true
KeyUsage [
  Key_CertSign
  Crl_Sign
]

]
  Algorithm: [SHA256withRSA]
  Signature:
0000: 32 AB FB 6E 63 8A 6E E0   90 11 AC 3C C7 0F D5 4F  2..nc.n....<...O
0010: 50 68 69 CC 3D BF AB A3   F6 26 46 FB 94 F2 09 99  Phi.=....&F.....
0020: 0D 70 9B B6 09 36 55 75   8D E1 81 81 32 78 67 51  .p...6Uu....2xgQ
0030: C7 AA CA A9 57 58 18 8D   F3 68 B2 45 F4 4E 07 FE  ....WX...h.E.N..
0040: 48 35 16 8C 8D 7B 1E 8E   FF 25 FE 68 BD 8B 7A 1D  H5.......%.h..z.
0050: 01 22 D2 2F 8A 04 CE 07   8C CD 18 05 D4 B1 BF AB  ."./............
0060: D8 9F 90 7C EB 22 2E 5B   70 0A E8 BC E1 10 8B EE  .....".[p.......
0070: D0 CF EB 41 71 5E C7 86   2A 4D 06 4E 09 FB C5 C4  ...Aq^..*M.N....
0080: 50 EA CC 75 E7 BC BA 7F   7C 9D C0 5B 4A A8 55 48  P..u.......[J.UH
0090: 7E 27 38 A3 98 EF 79 CB   17 F1 01 31 D5 C5 AB 60  .'8...y....1...`
00A0: DC 0F 22 A3 D9 DF C1 A9   A5 90 02 6F 7F 3B 4C 74  .."........o.;Lt
00B0: F7 4E 8E 9F AA AC 74 86   A6 5A 84 24 C9 3C C2 4A  .N....t..Z.$.<.J
00C0: EE FE 0D F0 D8 48 B1 B1   EC 5B 1C DD 62 9D B3 4C  .....H...[..b..L
00D0: 1C 6C 1E B3 F6 A7 DE 01   C5 EE 9B 97 33 A4 95 11  .l..........3...
00E0: 01 DB 24 38 D0 1B 88 15   D4 5F 1B 63 52 F6 9E 0D  ..$8....._.cR...
00F0: 9E 57 09 40 17 10 C2 06   64 4C 49 ED 21 A3 17 38  .W.@....dLI.!..8

]
2023-08-24 06:04:35,892 [Time-limited test] WARN  impl.MetricsConfig (MetricsConfig.java:loadFirst(136)) - Cannot locate configuration: tried hadoop-metrics2-ozonemanager.properties,hadoop-metrics2.properties
2023-08-24 06:04:35,893 [Time-limited test] INFO  impl.MetricsSystemImpl (MetricsSystemImpl.java:startTimer(378)) - Scheduled Metric snapshot period at 10 second(s).
2023-08-24 06:04:35,893 [Time-limited test] INFO  impl.MetricsSystemImpl (MetricsSystemImpl.java:start(191)) - OzoneManager metrics system started
2023-08-24 06:04:35,905 [Time-limited test] INFO  impl.MetricsSinkAdapter (MetricsSinkAdapter.java:start(204)) - Sink prometheus started
2023-08-24 06:04:35,905 [Time-limited test] INFO  impl.MetricsSystemImpl (MetricsSystemImpl.java:registerSink(305)) - Registered sink prometheus
2023-08-24 06:04:35,921 [Time-limited test] INFO  om.OzoneManager (OzoneManager.java:start(1613)) - OzoneManager RPC server is listening at fv-az582-512.vyw2dcplbgbehesrvt3jseauje.cx.internal.cloudapp.net/10.1.0.20:1202
2023-08-24 06:04:35,922 [Time-limited test] INFO  ratis.OzoneManagerRatisServer (OzoneManagerRatisServer.java:start(558)) - Starting OzoneManagerRatisServer om1 at port 9872
2023-08-24 06:04:35,923 [om1-impl-thread1] INFO  storage.RaftStorageDirectory (RaftStorageDirectoryImpl.java:analyzeStorage(137)) - The storage directory /tmp/junit2133104042338406045/junit76763705725243/om-meta/ratis/bf265839-605b-3f16-9796-c5ba1605619e does not exist. Creating ...
2023-08-24 06:04:35,927 [om1-impl-thread1] INFO  storage.RaftStorageDirectory (RaftStorageDirectoryImpl.java:tryLock(231)) - Lock on /tmp/junit2133104042338406045/junit76763705725243/om-meta/ratis/bf265839-605b-3f16-9796-c5ba1605619e/in_use.lock acquired by nodename 9411@fv-az582-512
2023-08-24 06:04:35,932 [om1-impl-thread1] INFO  storage.RaftStorage (RaftStorageImpl.java:format(96)) - Storage directory /tmp/junit2133104042338406045/junit76763705725243/om-meta/ratis/bf265839-605b-3f16-9796-c5ba1605619e has been successfully formatted.
2023-08-24 06:04:35,934 [om1-impl-thread1] INFO  server.RaftServerConfigKeys (ConfUtils.java:logGet(46)) - raft.server.log.use.memory = false (default)
2023-08-24 06:04:35,940 [om1-impl-thread1] INFO  server.RaftServerConfigKeys (ConfUtils.java:logGet(46)) - raft.server.log.purge.gap = 1000000 (custom)
2023-08-24 06:04:35,940 [om1-impl-thread1] INFO  server.RaftServerConfigKeys (ConfUtils.java:logGet(46)) - raft.server.log.appender.buffer.byte-limit = 33554432 (custom)
2023-08-24 06:04:35,941 [om1-impl-thread1] INFO  server.RaftServerConfigKeys (ConfUtils.java:logGet(46)) - raft.server.log.statemachine.data.read.timeout = 1000ms (default)
2023-08-24 06:04:35,942 [om1-impl-thread1] INFO  server.RaftServerConfigKeys (ConfUtils.java:logGet(46)) - raft.server.log.purge.preservation.log.num = 0 (default)
2023-08-24 06:04:35,944 [om1-impl-thread1] INFO  server.RaftServerConfigKeys (ConfUtils.java:logGet(46)) - raft.server.log.segment.size.max = 4194304 (custom)
2023-08-24 06:04:35,948 [om1-impl-thread1] INFO  server.RaftServerConfigKeys (ConfUtils.java:logGet(46)) - raft.server.log.segment.cache.num.max = 2 (custom)
2023-08-24 06:04:35,948 [om1-impl-thread1] INFO  server.RaftServerConfigKeys (ConfUtils.java:logGet(46)) - raft.server.log.segment.cache.size.max = 200MB (=209715200) (default)
2023-08-24 06:04:35,948 [om1-impl-thread1] INFO  server.RaftServerConfigKeys (ConfUtils.java:logGet(46)) - raft.server.log.appender.buffer.byte-limit = 33554432 (custom)
2023-08-24 06:04:35,953 [om1-impl-thread1] INFO  segmented.SegmentedRaftLogWorker (SegmentedRaftLogWorker.java:<init>(188)) - new om1@group-C5BA1605619E-SegmentedRaftLogWorker for RaftStorageImpl:Storage Directory /tmp/junit2133104042338406045/junit76763705725243/om-meta/ratis/bf265839-605b-3f16-9796-c5ba1605619e
2023-08-24 06:04:35,953 [om1-impl-thread1] INFO  server.RaftServerConfigKeys (ConfUtils.java:logGet(46)) - raft.server.log.queue.byte-limit = 64MB (=67108864) (default)
2023-08-24 06:04:35,953 [om1-impl-thread1] INFO  server.RaftServerConfigKeys (ConfUtils.java:logGet(46)) - raft.server.log.queue.element-limit = 4096 (default)
2023-08-24 06:04:35,954 [om1-impl-thread1] INFO  server.RaftServerConfigKeys (ConfUtils.java:logGet(46)) - raft.server.log.segment.size.max = 4194304 (custom)
2023-08-24 06:04:35,954 [om1-impl-thread1] INFO  server.RaftServerConfigKeys (ConfUtils.java:logGet(46)) - raft.server.log.preallocated.size = 4194304 (custom)
2023-08-24 06:04:35,954 [om1-impl-thread1] INFO  server.RaftServerConfigKeys (ConfUtils.java:logGet(46)) - raft.server.log.force.sync.num = 128 (default)
2023-08-24 06:04:35,955 [om1-impl-thread1] INFO  server.RaftServerConfigKeys (ConfUtils.java:logGet(46)) - raft.server.log.statemachine.data.sync = true (default)
2023-08-24 06:04:35,955 [om1-impl-thread1] INFO  server.RaftServerConfigKeys (ConfUtils.java:logGet(46)) - raft.server.log.statemachine.data.sync.timeout = 10s (default)
2023-08-24 06:04:35,955 [om1-impl-thread1] INFO  server.RaftServerConfigKeys (ConfUtils.java:logGet(46)) - raft.server.log.statemachine.data.sync.timeout.retry = -1 (default)
2023-08-24 06:04:35,962 [om1-impl-thread1] INFO  server.RaftServerConfigKeys (ConfUtils.java:logGet(46)) - raft.server.log.write.buffer.size = 64KB (=65536) (default)
2023-08-24 06:04:35,962 [om1-impl-thread1] INFO  server.RaftServerConfigKeys (ConfUtils.java:logGet(46)) - raft.server.log.appender.buffer.byte-limit = 33554432 (custom)
2023-08-24 06:04:35,965 [om1-impl-thread1] INFO  server.RaftServerConfigKeys (ConfUtils.java:logGet(46)) - raft.server.log.unsafe-flush.enabled = false (default)
2023-08-24 06:04:35,965 [om1-impl-thread1] INFO  server.RaftServerConfigKeys (ConfUtils.java:logGet(46)) - raft.server.log.async-flush.enabled = false (default)
2023-08-24 06:04:35,966 [om1-impl-thread1] INFO  server.RaftServerConfigKeys (ConfUtils.java:logGet(46)) - raft.server.log.statemachine.data.caching.enabled = false (default)
2023-08-24 06:04:35,970 [om1-impl-thread1] INFO  segmented.SegmentedRaftLogWorker (SegmentedRaftLogWorker.java:lambda$new$0(135)) - om1@group-C5BA1605619E-SegmentedRaftLogWorker: flushIndex: setUnconditionally 0 -> -1
2023-08-24 06:04:35,970 [om1-impl-thread1] INFO  segmented.SegmentedRaftLogWorker (SegmentedRaftLogWorker.java:lambda$new$0(135)) - om1@group-C5BA1605619E-SegmentedRaftLogWorker: safeCacheEvictIndex: setUnconditionally 0 -> -1
2023-08-24 06:04:35,971 [om1-impl-thread1] INFO  server.RaftServer$Division (RaftServerImpl.java:start(342)) - om1@group-C5BA1605619E: start as a follower, conf=-1: peers:[om1|rpc:fv-az582-512.vyw2dcplbgbehesrvt3jseauje.cx.internal.cloudapp.net:9872|priority:0|startupRole:FOLLOWER]|listeners:[], old=null
2023-08-24 06:04:35,971 [om1-impl-thread1] INFO  server.RaftServer$Division (RaftServerImpl.java:setRole(329)) - om1@group-C5BA1605619E: changes role from      null to FOLLOWER at term 0 for startAsFollower
2023-08-24 06:04:35,975 [om1-impl-thread1] INFO  impl.RoleInfo (RoleInfo.java:updateAndGet(139)) - om1: start om1@group-C5BA1605619E-FollowerState
2023-08-24 06:04:35,979 [om1-impl-thread1] INFO  util.JmxRegister (JmxRegister.java:tryRegister(44)) - Successfully registered JMX Bean with object name Ratis:service=RaftServer,group=group-C5BA1605619E,id=om1
2023-08-24 06:04:35,981 [om1-impl-thread1] INFO  server.RaftServerConfigKeys (ConfUtils.java:logGet(46)) - raft.server.snapshot.auto.trigger.enabled = true (custom)
2023-08-24 06:04:35,981 [om1-impl-thread1] INFO  server.RaftServerConfigKeys (ConfUtils.java:logGet(46)) - raft.server.snapshot.auto.trigger.threshold = 400000 (default)
2023-08-24 06:04:35,981 [om1-impl-thread1] INFO  server.RaftServerConfigKeys (ConfUtils.java:logGet(46)) - raft.server.snapshot.retention.file.num = -1 (default)
2023-08-24 06:04:35,982 [om1-impl-thread1] INFO  server.RaftServerConfigKeys (ConfUtils.java:logGet(46)) - raft.server.log.purge.upto.snapshot.index = true (custom)
2023-08-24 06:04:35,984 [om1@group-C5BA1605619E-FollowerState] INFO  server.RaftServerConfigKeys (ConfUtils.java:logFallback(53)) - raft.server.rpc.first-election.timeout.min = 5s (fallback to raft.server.rpc.timeout.min)
2023-08-24 06:04:35,984 [om1@group-C5BA1605619E-FollowerState] INFO  server.RaftServerConfigKeys (ConfUtils.java:logFallback(53)) - raft.server.rpc.first-election.timeout.max = 5200ms (fallback to raft.server.rpc.timeout.max)
2023-08-24 06:04:35,984 [Time-limited test] INFO  server.RaftServer (RaftServerProxy.java:startImpl(400)) - om1: start RPC server
2023-08-24 06:04:35,986 [Time-limited test] INFO  server.GrpcService (GrpcService.java:startImpl(302)) - om1: GrpcService started, listening on 9872
2023-08-24 06:04:35,986 [Time-limited test] INFO  om.OzoneManager (OzoneManager.java:startSecretManager(1103)) - Starting OM delegation token secret manager
2023-08-24 06:04:35,986 [Time-limited test] INFO  security.OzoneDelegationTokenSecretManager (OzoneSecretManager.java:updateCurrentKey(175)) - Updating current master key for generating tokens. Cert id 1543128094042
2023-08-24 06:04:35,988 [JvmPauseMonitor2] INFO  util.JvmPauseMonitor (JvmPauseMonitor.java:run(103)) - JvmPauseMonitor-om1: Started
2023-08-24 06:04:35,989 [Time-limited test] INFO  om.OzoneManager (OzoneManager.java:start(1629)) - Version File has different layout version (6) than OM DB (null). That is expected if this OM has never been finalized to a newer layout version.
2023-08-24 06:04:35,990 [Thread[Thread-711,5,FailOnTimeoutGroup]] INFO  security.OzoneDelegationTokenSecretManager (OzoneDelegationTokenSecretManager.java:run(636)) - Starting expired delegation token remover thread, tokenRemoverScanInterval=60 min(s)
2023-08-24 06:04:36,007 [Time-limited test] INFO  http.BaseHttpServer (BaseHttpServer.java:newHttpServer2BuilderForOzone(224)) - Starting Web-server for ozoneManager at: http://0.0.0.0:9874
2023-08-24 06:04:36,008 [Time-limited test] INFO  http.BaseHttpServer (BaseHttpServer.java:<init>(111)) - Hadoop Security Enabled: true Ozone Security Enabled: true Ozone HTTP Security Enabled: false 
2023-08-24 06:04:36,009 [Time-limited test] WARN  server.AuthenticationFilter (AuthenticationFilter.java:constructSecretProvider(240)) - Unable to initialize FileSignerSecretProvider, falling back to use random secrets. Reason: Could not read signature secret file: /home/runner/hadoop-http-auth-signature-secret
2023-08-24 06:04:36,009 [Time-limited test] INFO  http.HttpRequestLog (HttpRequestLog.java:getRequestLog(86)) - Http request log for http.requests.ozoneManager is not defined
2023-08-24 06:04:36,011 [Time-limited test] INFO  http.HttpServer2 (HttpServer2.java:addGlobalFilter(1031)) - Added global filter 'safety' (class=org.apache.hadoop.hdds.server.http.HttpServer2$QuotingInputFilter)
2023-08-24 06:04:36,012 [Time-limited test] INFO  http.HttpServer2 (HttpServer2.java:addFilter(1007)) - Added filter static_user_filter (class=org.apache.hadoop.http.lib.StaticUserWebFilter$StaticUserFilter) to context ozoneManager
2023-08-24 06:04:36,012 [Time-limited test] INFO  http.HttpServer2 (HttpServer2.java:addFilter(1015)) - Added filter static_user_filter (class=org.apache.hadoop.http.lib.StaticUserWebFilter$StaticUserFilter) to context logs
2023-08-24 06:04:36,012 [Time-limited test] INFO  http.HttpServer2 (HttpServer2.java:addFilter(1015)) - Added filter static_user_filter (class=org.apache.hadoop.http.lib.StaticUserWebFilter$StaticUserFilter) to context static
2023-08-24 06:04:36,017 [Time-limited test] INFO  http.BaseHttpServer (BaseHttpServer.java:<init>(190)) - HTTP server of ozoneManager uses base directory /tmp/junit2133104042338406045/junit76763705725243/om-meta/webserver
2023-08-24 06:04:36,023 [Time-limited test] INFO  http.HttpServer2 (HttpServer2.java:bindListener(1250)) - Jetty bound to port 9874
2023-08-24 06:04:36,023 [Time-limited test] INFO  server.Server (Server.java:doStart(375)) - jetty-9.4.51.v20230217; built: 2023-02-17T08:19:37.309Z; git: b45c405e4544384de066f814ed42ae3dceacdd49; jvm 1.8.0_382-b05
2023-08-24 06:04:36,024 [Time-limited test] INFO  server.session (DefaultSessionIdManager.java:doStart(334)) - DefaultSessionIdManager workerName=node0
2023-08-24 06:04:36,024 [Time-limited test] INFO  server.session (DefaultSessionIdManager.java:doStart(339)) - No SessionScavenger set, using defaults
2023-08-24 06:04:36,025 [Time-limited test] INFO  server.session (HouseKeeper.java:startScavenging(132)) - node0 Scavenging every 600000ms
2023-08-24 06:04:36,025 [Time-limited test] INFO  handler.ContextHandler (ContextHandler.java:doStart(921)) - Started o.e.j.s.ServletContextHandler@79d05d00{logs,/logs,file:///home/runner/work/ozone/ozone/hadoop-ozone/integration-test/target/log,AVAILABLE}
2023-08-24 06:04:36,026 [Time-limited test] INFO  handler.ContextHandler (ContextHandler.java:doStart(921)) - Started o.e.j.s.ServletContextHandler@520e0adb{static,/static,file:///home/runner/work/ozone/ozone/hadoop-ozone/integration-test/target/test-classes/webapps/static,AVAILABLE}
2023-08-24 06:04:36,029 [Time-limited test] INFO  handler.ContextHandler (ContextHandler.java:doStart(921)) - Started o.e.j.w.WebAppContext@11053ad4{ozoneManager,/,file:///home/runner/work/ozone/ozone/hadoop-ozone/integration-test/target/test-classes/webapps/ozoneManager/,AVAILABLE}{file:/home/runner/work/ozone/ozone/hadoop-ozone/integration-test/target/test-classes/webapps/ozoneManager}
2023-08-24 06:04:36,030 [Time-limited test] INFO  server.AbstractConnector (AbstractConnector.java:doStart(333)) - Started ServerConnector@25a7bbd0{HTTP/1.1, (http/1.1)}{0.0.0.0:9874}
2023-08-24 06:04:36,030 [Time-limited test] INFO  server.Server (Server.java:doStart(415)) - Started @23027ms
2023-08-24 06:04:36,030 [Time-limited test] WARN  impl.MetricsSystemImpl (MetricsSystemImpl.java:register(279)) - Sink prometheus already exists!
2023-08-24 06:04:36,030 [Time-limited test] INFO  http.BaseHttpServer (BaseHttpServer.java:updateConnectorAddress(344)) - HTTP server of ozoneManager listening at http://0.0.0.0:9874
2023-08-24 06:04:36,034 [IPC Server Responder] INFO  ipc.Server (Server.java:run(1562)) - IPC Server Responder: starting
2023-08-24 06:04:36,034 [IPC Server listener on 1202] INFO  ipc.Server (Server.java:run(1402)) - IPC Server listener on 1202: starting
2023-08-24 06:04:36,042 [Time-limited test] INFO  om.OzoneManager (OzoneManager.java:startTrashEmptier(2081)) - Trash Interval set to 0. Files deleted won't move to trash
2023-08-24 06:04:36,103 [pool-139-thread-1] INFO  request.TgsRequest (TgsRequest.java:issueTicket(115)) - TGS_REQ ISSUE: authtime 1692857076103,om/fv-az582-512.vyw2dcplbgbehesrvt3jseauje.cx.internal.cloudapp.net for om/fv-az582-512.vyw2dcplbgbehesrvt3jseauje.cx.internal.cloudapp.net@EXAMPLE.COM
2023-08-24 06:04:36,112 [Socket Reader #1 for port 1202] INFO  ipc.Server (Server.java:saslProcess(2139)) - Auth successful for om/fv-az582-512.vyw2dcplbgbehesrvt3jseauje.cx.internal.cloudapp.net@EXAMPLE.COM (auth:KERBEROS) from fv-az582-512.vyw2dcplbgbehesrvt3jseauje.cx.internal.cloudapp.net:44169 / 10.1.0.20:44169
2023-08-24 06:04:38,194 [Time-limited test] INFO  retry.RetryInvocationHandler (RetryInvocationHandler.java:log(422)) - com.google.protobuf.ServiceException: org.apache.hadoop.ipc.RemoteException(org.apache.hadoop.ozone.om.exceptions.OMNotLeaderException): OM:om1 is not the leader. Could not determine the leader node.
	at org.apache.hadoop.ozone.om.OzoneManager.checkLeaderStatus(OzoneManager.java:3996)
	at org.apache.hadoop.ozone.om.ratis.utils.OzoneManagerRatisUtils.checkLeaderStatus(OzoneManagerRatisUtils.java:473)
	at org.apache.hadoop.ozone.protocolPB.OzoneManagerProtocolServerSideTranslatorPB.processRequest(OzoneManagerProtocolServerSideTranslatorPB.java:185)
	at org.apache.hadoop.hdds.server.OzoneProtocolMessageDispatcher.processRequest(OzoneProtocolMessageDispatcher.java:87)
	at org.apache.hadoop.ozone.protocolPB.OzoneManagerProtocolServerSideTranslatorPB.submitRequest(OzoneManagerProtocolServerSideTranslatorPB.java:148)
	at org.apache.hadoop.ozone.protocol.proto.OzoneManagerProtocolProtos$OzoneManagerService$2.callBlockingMethod(OzoneManagerProtocolProtos.java)
	at org.apache.hadoop.ipc.ProtobufRpcEngine$Server.processCall(ProtobufRpcEngine.java:484)
	at org.apache.hadoop.ipc.ProtobufRpcEngine2$Server$ProtoBufRpcInvoker.call(ProtobufRpcEngine2.java:595)
	at org.apache.hadoop.ipc.ProtobufRpcEngine2$Server$ProtoBufRpcInvoker.call(ProtobufRpcEngine2.java:573)
	at org.apache.hadoop.ipc.RPC$Server.call(RPC.java:1227)
	at org.apache.hadoop.ipc.Server$RpcCall.run(Server.java:1094)
	at org.apache.hadoop.ipc.Server$RpcCall.run(Server.java:1017)
	at java.security.AccessController.doPrivileged(Native Method)
	at javax.security.auth.Subject.doAs(Subject.java:422)
	at org.apache.hadoop.security.UserGroupInformation.doAs(UserGroupInformation.java:1899)
	at org.apache.hadoop.ipc.Server$Handler.run(Server.java:3048)
, while invoking $Proxy53.submitRequest over nodeId=null,nodeAddress=fv-az582-512.vyw2dcplbgbehesrvt3jseauje.cx.internal.cloudapp.net:1202 after 1 failover attempts. Trying to failover after sleeping for 4000ms. Current retry count: 1.
2023-08-24 06:04:41,025 [om1@group-C5BA1605619E-FollowerState] INFO  impl.FollowerState (FollowerState.java:run(143)) - om1@group-C5BA1605619E-FollowerState: change to CANDIDATE, lastRpcElapsedTime:5051095006ns, electionTimeout:5040ms
2023-08-24 06:04:41,026 [om1@group-C5BA1605619E-FollowerState] INFO  impl.RoleInfo (RoleInfo.java:shutdownFollowerState(110)) - om1: shutdown om1@group-C5BA1605619E-FollowerState
2023-08-24 06:04:41,026 [om1@group-C5BA1605619E-FollowerState] INFO  server.RaftServer$Division (RaftServerImpl.java:setRole(329)) - om1@group-C5BA1605619E: changes role from  FOLLOWER to CANDIDATE at term 0 for changeToCandidate
2023-08-24 06:04:41,029 [om1@group-C5BA1605619E-FollowerState] INFO  server.RaftServerConfigKeys (ConfUtils.java:logGet(46)) - raft.server.leaderelection.pre-vote = true (default)
2023-08-24 06:04:41,029 [om1@group-C5BA1605619E-FollowerState] INFO  impl.RoleInfo (RoleInfo.java:updateAndGet(139)) - om1: start om1@group-C5BA1605619E-LeaderElection1
2023-08-24 06:04:41,031 [om1@group-C5BA1605619E-LeaderElection1] INFO  impl.LeaderElection (LeaderElection.java:askForVotes(321)) - om1@group-C5BA1605619E-LeaderElection1 PRE_VOTE round 0: submit vote requests at term 0 for -1: peers:[om1|rpc:fv-az582-512.vyw2dcplbgbehesrvt3jseauje.cx.internal.cloudapp.net:9872|priority:0|startupRole:FOLLOWER]|listeners:[], old=null
2023-08-24 06:04:41,032 [om1@group-C5BA1605619E-LeaderElection1] INFO  impl.LeaderElection (LeaderElection.java:askForVotes(323)) - om1@group-C5BA1605619E-LeaderElection1 PRE_VOTE round 0: result PASSED (term=0)
2023-08-24 06:04:41,034 [om1@group-C5BA1605619E-LeaderElection1] INFO  impl.LeaderElection (LeaderElection.java:askForVotes(321)) - om1@group-C5BA1605619E-LeaderElection1 ELECTION round 0: submit vote requests at term 1 for -1: peers:[om1|rpc:fv-az582-512.vyw2dcplbgbehesrvt3jseauje.cx.internal.cloudapp.net:9872|priority:0|startupRole:FOLLOWER]|listeners:[], old=null
2023-08-24 06:04:41,034 [om1@group-C5BA1605619E-LeaderElection1] INFO  impl.LeaderElection (LeaderElection.java:askForVotes(323)) - om1@group-C5BA1605619E-LeaderElection1 ELECTION round 0: result PASSED (term=1)
2023-08-24 06:04:41,034 [om1@group-C5BA1605619E-LeaderElection1] INFO  impl.RoleInfo (RoleInfo.java:shutdownLeaderElection(130)) - om1: shutdown om1@group-C5BA1605619E-LeaderElection1
2023-08-24 06:04:41,034 [om1@group-C5BA1605619E-LeaderElection1] INFO  server.RaftServer$Division (RaftServerImpl.java:setRole(329)) - om1@group-C5BA1605619E: changes role from CANDIDATE to LEADER at term 1 for changeToLeader
2023-08-24 06:04:41,035 [om1@group-C5BA1605619E-LeaderElection1] INFO  server.RaftServer$Division (ServerState.java:setLeader(317)) - om1@group-C5BA1605619E: change Leader from null to om1 at term 1 for becomeLeader, leader elected after 6100ms
2023-08-24 06:04:41,042 [om1@group-C5BA1605619E-LeaderElection1] INFO  server.RaftServerConfigKeys (ConfUtils.java:logGet(46)) - raft.server.staging.catchup.gap = 1000 (default)
2023-08-24 06:04:41,045 [om1@group-C5BA1605619E-LeaderElection1] INFO  server.RaftServerConfigKeys (ConfUtils.java:logGet(46)) - raft.server.write.element-limit = 4096 (default)
2023-08-24 06:04:41,046 [om1@group-C5BA1605619E-LeaderElection1] INFO  server.RaftServerConfigKeys (ConfUtils.java:logGet(46)) - raft.server.write.byte-limit = 64MB (=67108864) (default)
2023-08-24 06:04:41,049 [om1@group-C5BA1605619E-LeaderElection1] INFO  server.RaftServerConfigKeys (ConfUtils.java:logGet(46)) - raft.server.watch.timeout = 10s (default)
2023-08-24 06:04:41,050 [om1@group-C5BA1605619E-LeaderElection1] INFO  server.RaftServerConfigKeys (ConfUtils.java:logGet(46)) - raft.server.watch.timeout.denomination = 1s (default)
2023-08-24 06:04:41,050 [om1@group-C5BA1605619E-LeaderElection1] INFO  server.RaftServerConfigKeys (ConfUtils.java:logGet(46)) - raft.server.watch.element-limit = 65536 (default)
2023-08-24 06:04:41,054 [om1@group-C5BA1605619E-LeaderElection1] INFO  server.RaftServerConfigKeys (ConfUtils.java:logGet(46)) - raft.server.write.element-limit = 4096 (default)
2023-08-24 06:04:41,055 [om1@group-C5BA1605619E-LeaderElection1] INFO  server.RaftServerConfigKeys (ConfUtils.java:logGet(46)) - raft.server.write.follower.gap.ratio.max = -1.0 (default)
2023-08-24 06:04:41,057 [om1@group-C5BA1605619E-LeaderElection1] INFO  impl.RoleInfo (RoleInfo.java:updateAndGet(139)) - om1: start om1@group-C5BA1605619E-LeaderStateImpl
2023-08-24 06:04:41,071 [om1@group-C5BA1605619E-LeaderElection1] INFO  segmented.SegmentedRaftLogWorker (SegmentedRaftLogWorker.java:startLogSegment(447)) - om1@group-C5BA1605619E-SegmentedRaftLogWorker: Starting segment from index:0
2023-08-24 06:04:41,123 [om1@group-C5BA1605619E-LeaderElection1] INFO  server.RaftServer$Division (ServerState.java:setRaftConf(434)) - om1@group-C5BA1605619E: set configuration 0: peers:[om1|rpc:fv-az582-512.vyw2dcplbgbehesrvt3jseauje.cx.internal.cloudapp.net:9872|admin:|client:|dataStream:|priority:0|startupRole:FOLLOWER]|listeners:[], old=null
2023-08-24 06:04:41,166 [om1@group-C5BA1605619E-SegmentedRaftLogWorker] INFO  segmented.SegmentedRaftLogWorker (SegmentedRaftLogWorker.java:execute(651)) - om1@group-C5BA1605619E-SegmentedRaftLogWorker: created new log segment /tmp/junit2133104042338406045/junit76763705725243/om-meta/ratis/bf265839-605b-3f16-9796-c5ba1605619e/current/log_inprogress_0
2023-08-24 06:04:41,247 [om1@group-C5BA1605619E-StateMachineUpdater] INFO  ratis.OzoneManagerStateMachine (OzoneManagerStateMachine.java:notifyConfigurationChanged(202)) - Received Configuration change notification from Ratis. New Peer list:
[id: "om1"
address: "fv-az582-512.vyw2dcplbgbehesrvt3jseauje.cx.internal.cloudapp.net:9872"
startupRole: FOLLOWER
]
2023-08-24 06:04:42,302 [OM StateMachine ApplyTransaction Thread - 0] INFO  security.S3RevokeSecretRequest (S3RevokeSecretRequest.java:validateAndUpdateCache(127)) - Secret for om/fv-az582-512.vyw2dcplbgbehesrvt3jseauje.cx.internal.cloudapp.net@EXAMPLE.COM is revoked.
2023-08-24 06:04:42,328 [OM StateMachine ApplyTransaction Thread - 0] INFO  security.S3RevokeSecretRequest (S3RevokeSecretRequest.java:validateAndUpdateCache(127)) - Secret for om/fv-az582-512.vyw2dcplbgbehesrvt3jseauje.cx.internal.cloudapp.net@EXAMPLE.COM is revoked.
2023-08-24 06:04:42,336 [OM StateMachine ApplyTransaction Thread - 0] INFO  security.S3RevokeSecretRequest (S3RevokeSecretRequest.java:validateAndUpdateCache(127)) - Secret for HADOOP/ALICE is revoked.
2023-08-24 06:04:42,338 [pool-139-thread-1] INFO  request.KdcRequest (KdcRequest.java:preauth(651)) - The preauth data is empty.
2023-08-24 06:04:42,339 [pool-139-thread-1] INFO  server.KdcHandler (KdcHandler.java:handleRecoverableException(177)) - KRB error occurred while processing request:Additional pre-authentication required
2023-08-24 06:04:42,344 [pool-139-thread-2] INFO  request.AsRequest (AsRequest.java:issueTicket(112)) - AS_REQ ISSUE: authtime 1692857082344,test@EXAMPLE.COM for krbtgt/EXAMPLE.COM@EXAMPLE.COM
2023-08-24 06:04:42,351 [pool-139-thread-2] INFO  request.TgsRequest (TgsRequest.java:issueTicket(115)) - TGS_REQ ISSUE: authtime 1692857082350,test for om/fv-az582-512.vyw2dcplbgbehesrvt3jseauje.cx.internal.cloudapp.net@EXAMPLE.COM
2023-08-24 06:04:42,357 [Socket Reader #1 for port 1202] INFO  ipc.Server (Server.java:saslProcess(2139)) - Auth successful for test@EXAMPLE.COM (auth:KERBEROS) from fv-az582-512.vyw2dcplbgbehesrvt3jseauje.cx.internal.cloudapp.net:39282 / 10.1.0.20:39282
2023-08-24 06:04:42,379 [Time-limited test] INFO  om.OzoneManager (OzoneManager.java:stop(2187)) - om1[fv-az582-512.vyw2dcplbgbehesrvt3jseauje.cx.internal.cloudapp.net:1202]: Stopping Ozone Manager
2023-08-24 06:04:42,380 [Time-limited test] INFO  ipc.Server (Server.java:stop(3523)) - Stopping server on 1202
2023-08-24 06:04:42,385 [IPC Server Responder] INFO  ipc.Server (Server.java:run(1567)) - Stopping IPC Server Responder
2023-08-24 06:04:42,385 [IPC Server listener on 1202] INFO  ipc.Server (Server.java:run(1434)) - Stopping IPC Server listener on 1202
2023-08-24 06:04:42,385 [Time-limited test] INFO  server.RaftServer (RaftServerProxy.java:lambda$close$6(416)) - om1: close
2023-08-24 06:04:42,386 [Time-limited test] INFO  server.GrpcService (GrpcService.java:closeImpl(311)) - om1: shutdown server GrpcServerProtocolService now
2023-08-24 06:04:42,388 [om1-impl-thread1] INFO  server.RaftServer$Division (RaftServerImpl.java:lambda$close$4(466)) - om1@group-C5BA1605619E: shutdown
2023-08-24 06:04:42,388 [om1-impl-thread1] INFO  util.JmxRegister (JmxRegister.java:unregister(73)) - Successfully un-registered JMX Bean with object name Ratis:service=RaftServer,group=group-C5BA1605619E,id=om1
2023-08-24 06:04:42,388 [om1-impl-thread1] INFO  impl.RoleInfo (RoleInfo.java:shutdownLeaderState(93)) - om1: shutdown om1@group-C5BA1605619E-LeaderStateImpl
2023-08-24 06:04:42,389 [om1-impl-thread1] INFO  impl.PendingRequests (PendingRequests.java:sendNotLeaderResponses(289)) - om1@group-C5BA1605619E-PendingRequests: sendNotLeaderResponses
2023-08-24 06:04:42,394 [Time-limited test] INFO  server.GrpcService (GrpcService.java:closeImpl(320)) - om1: shutdown server GrpcServerProtocolService successfully
2023-08-24 06:04:42,397 [om1@group-C5BA1605619E-StateMachineUpdater] INFO  ratis.OzoneManagerStateMachine (OzoneManagerStateMachine.java:takeSnapshot(480)) - Current Snapshot Index (t:1, i:18)
2023-08-24 06:04:42,399 [om1-impl-thread1] INFO  impl.StateMachineUpdater (StateMachineUpdater.java:stopAndJoin(155)) - om1@group-C5BA1605619E-StateMachineUpdater: set stopIndex = 18
2023-08-24 06:04:42,410 [om1@group-C5BA1605619E-StateMachineUpdater] INFO  impl.StateMachineUpdater (StateMachineUpdater.java:takeSnapshot(291)) - om1@group-C5BA1605619E-StateMachineUpdater: Took a snapshot at index 18
2023-08-24 06:04:42,410 [om1@group-C5BA1605619E-StateMachineUpdater] INFO  impl.StateMachineUpdater (StateMachineUpdater.java:lambda$new$0(97)) - om1@group-C5BA1605619E-StateMachineUpdater: snapshotIndex: updateIncreasingly -1 -> 18
2023-08-24 06:04:42,410 [om1@group-C5BA1605619E-StateMachineUpdater] INFO  ratis.OzoneManagerStateMachine (OzoneManagerStateMachine.java:close(534)) - StateMachine has shutdown. Shutdown OzoneManager if not already shutdown.
2023-08-24 06:04:42,410 [om1@group-C5BA1605619E-StateMachineUpdater] INFO  ratis.OzoneManagerDoubleBuffer (OzoneManagerDoubleBuffer.java:stopDaemon(551)) - Stopping OMDoubleBuffer flush thread
2023-08-24 06:04:42,410 [OMDoubleBufferFlushThread] INFO  ratis.OzoneManagerDoubleBuffer (OzoneManagerDoubleBuffer.java:canFlush(638)) - OMDoubleBuffer flush thread OMDoubleBufferFlushThread is interrupted and will exit.
2023-08-24 06:04:42,411 [om1-impl-thread1] INFO  server.RaftServer$Division (ServerState.java:close(472)) - om1@group-C5BA1605619E: closes. applyIndex: 18
2023-08-24 06:04:43,337 [om1-impl-thread1] INFO  segmented.SegmentedRaftLogWorker (SegmentedRaftLogWorker.java:close(252)) - om1@group-C5BA1605619E-SegmentedRaftLogWorker close()
2023-08-24 06:04:43,338 [JvmPauseMonitor2] INFO  util.JvmPauseMonitor (JvmPauseMonitor.java:run(109)) - JvmPauseMonitor-om1: Stopped
2023-08-24 06:04:43,338 [Time-limited test] INFO  ratis.OzoneManagerStateMachine (OzoneManagerStateMachine.java:close(534)) - StateMachine has shutdown. Shutdown OzoneManager if not already shutdown.
2023-08-24 06:04:43,338 [Time-limited test] INFO  ratis.OzoneManagerDoubleBuffer (OzoneManagerDoubleBuffer.java:stopDaemon(560)) - OMDoubleBuffer flush thread is not running.
2023-08-24 06:04:43,338 [Time-limited test] INFO  utils.BackgroundService (BackgroundService.java:shutdown(141)) - Shutting down service KeyDeletingService
2023-08-24 06:04:43,338 [Time-limited test] INFO  utils.BackgroundService (BackgroundService.java:shutdown(141)) - Shutting down service KeyDeletingService
2023-08-24 06:04:43,339 [Time-limited test] INFO  utils.BackgroundService (BackgroundService.java:shutdown(141)) - Shutting down service OpenKeyCleanupService
2023-08-24 06:04:43,339 [Time-limited test] INFO  utils.BackgroundService (BackgroundService.java:shutdown(141)) - Shutting down service SstFilteringService
2023-08-24 06:04:43,339 [Time-limited test] INFO  utils.BackgroundService (BackgroundService.java:shutdown(141)) - Shutting down service SnapshotDeletingService
2023-08-24 06:04:43,340 [Time-limited test] INFO  om.OzoneManager (OzoneManager.java:stopSecretManager(1063)) - Stopping secret key client.
2023-08-24 06:04:43,340 [Time-limited test] INFO  om.OzoneManager (OzoneManager.java:stopSecretManager(1068)) - Stopping OM delegation token secret manager.
2023-08-24 06:04:43,340 [Thread[Thread-711,5,FailOnTimeoutGroup]] INFO  security.OzoneDelegationTokenSecretManager (OzoneDelegationTokenSecretManager.java:run(653)) - ExpiredTokenRemover was interrupted.
java.lang.InterruptedException: sleep interrupted
	at java.lang.Thread.sleep(Native Method)
	at org.apache.hadoop.ozone.security.OzoneDelegationTokenSecretManager$ExpiredTokenRemover.run(OzoneDelegationTokenSecretManager.java:649)
	at java.lang.Thread.run(Thread.java:750)
2023-08-24 06:04:43,341 [Time-limited test] INFO  handler.ContextHandler (ContextHandler.java:doStop(1159)) - Stopped o.e.j.w.WebAppContext@11053ad4{ozoneManager,/,null,STOPPED}{file:/home/runner/work/ozone/ozone/hadoop-ozone/integration-test/target/test-classes/webapps/ozoneManager}
2023-08-24 06:04:43,341 [Time-limited test] INFO  server.AbstractConnector (AbstractConnector.java:doStop(383)) - Stopped ServerConnector@25a7bbd0{HTTP/1.1, (http/1.1)}{0.0.0.0:9874}
2023-08-24 06:04:43,341 [Time-limited test] INFO  server.session (HouseKeeper.java:stopScavenging(149)) - node0 Stopped scavenging
2023-08-24 06:04:43,341 [Time-limited test] INFO  handler.ContextHandler (ContextHandler.java:doStop(1159)) - Stopped o.e.j.s.ServletContextHandler@520e0adb{static,/static,file:///home/runner/work/ozone/ozone/hadoop-ozone/integration-test/target/test-classes/webapps/static,STOPPED}
2023-08-24 06:04:43,342 [Time-limited test] INFO  handler.ContextHandler (ContextHandler.java:doStop(1159)) - Stopped o.e.j.s.ServletContextHandler@79d05d00{logs,/logs,file:///home/runner/work/ozone/ozone/hadoop-ozone/integration-test/target/log,STOPPED}
2023-08-24 06:04:43,342 [Time-limited test] INFO  rocksdiff.RocksDBCheckpointDiffer (RocksDBCheckpointDiffer.java:close(340)) - Shutting down CompactionDagPruningService.
2023-08-24 06:04:43,344 [Time-limited test] INFO  snapshot.SnapshotDiffManager (SnapshotDiffManager.java:closeExecutorService(1720)) - Shutting down executorService: 'SnapDiffExecutor'
2023-08-24 06:04:43,344 [Time-limited test] INFO  snapshot.SnapshotDiffManager (SnapshotDiffManager.java:closeExecutorService(1720)) - Shutting down executorService: 'SstDumpToolExecutor'
2023-08-24 06:04:43,344 [Time-limited test] INFO  utils.BackgroundService (BackgroundService.java:shutdown(141)) - Shutting down service SnapshotDiffCleanupService
2023-08-24 06:04:43,345 [Time-limited test] INFO  impl.DefaultInternalKdcServerImpl (DefaultInternalKdcServerImpl.java:doStop(102)) - Default Internal kdc server stopped.
2023-08-24 06:04:44,346 [Time-limited test] INFO  minikdc.MiniKdc (MiniKdc.java:stop(359)) - MiniKdc stopped.
2023-08-24 06:04:44,346 [Time-limited test] INFO  om.OzoneManager (OzoneManager.java:stop(2187)) - om1[fv-az582-512.vyw2dcplbgbehesrvt3jseauje.cx.internal.cloudapp.net:1202]: Stopping Ozone Manager
]]></system-out>
  </testcase>
  <testcase name="testCertificateRotationUnRecoverableFailure" classname="org.apache.hadoop.ozone.TestSecureOzoneCluster" time="0">
    <skipped message="Run it locally since it will terminate the process."/>
  </testcase>
  <testcase name="testOMGrpcServerCertificateRenew" classname="org.apache.hadoop.ozone.TestSecureOzoneCluster" time="0">
    <skipped message="HDDS-8764"/>
  </testcase>
  <testcase name="testCertificateRotation" classname="org.apache.hadoop.ozone.TestSecureOzoneCluster" time="21.948">
    <system-out><![CDATA[2023-08-24 06:04:44,367 [Time-limited test] INFO  net.ServerSocketUtil (ServerSocketUtil.java:getPort(55)) - Using port 9860
2023-08-24 06:04:44,367 [Time-limited test] INFO  net.ServerSocketUtil (ServerSocketUtil.java:getPort(55)) - Using port 9861
2023-08-24 06:04:44,367 [Time-limited test] INFO  net.ServerSocketUtil (ServerSocketUtil.java:getPort(55)) - Using port 9863
2023-08-24 06:04:44,367 [Time-limited test] INFO  net.ServerSocketUtil (ServerSocketUtil.java:getPort(55)) - Using port 9961
2023-08-24 06:04:44,367 [Time-limited test] INFO  net.ServerSocketUtil (ServerSocketUtil.java:getPort(55)) - Using port 1200
2023-08-24 06:04:44,368 [Time-limited test] INFO  net.ServerSocketUtil (ServerSocketUtil.java:getPort(55)) - Using port 1201
2023-08-24 06:04:44,368 [Time-limited test] INFO  minikdc.MiniKdc (MiniKdc.java:<init>(225)) - Configuration:
2023-08-24 06:04:44,368 [Time-limited test] INFO  minikdc.MiniKdc (MiniKdc.java:<init>(226)) - ---------------------------------------------------------------
2023-08-24 06:04:44,368 [Time-limited test] INFO  minikdc.MiniKdc (MiniKdc.java:<init>(228)) -   debug: false
2023-08-24 06:04:44,368 [Time-limited test] INFO  minikdc.MiniKdc (MiniKdc.java:<init>(228)) -   transport: TCP
2023-08-24 06:04:44,368 [Time-limited test] INFO  minikdc.MiniKdc (MiniKdc.java:<init>(228)) -   max.ticket.lifetime: 86400000
2023-08-24 06:04:44,368 [Time-limited test] INFO  minikdc.MiniKdc (MiniKdc.java:<init>(228)) -   org.name: EXAMPLE
2023-08-24 06:04:44,368 [Time-limited test] INFO  minikdc.MiniKdc (MiniKdc.java:<init>(228)) -   kdc.port: 0
2023-08-24 06:04:44,368 [Time-limited test] INFO  minikdc.MiniKdc (MiniKdc.java:<init>(228)) -   org.domain: COM
2023-08-24 06:04:44,368 [Time-limited test] INFO  minikdc.MiniKdc (MiniKdc.java:<init>(228)) -   max.renewable.lifetime: 604800000
2023-08-24 06:04:44,368 [Time-limited test] INFO  minikdc.MiniKdc (MiniKdc.java:<init>(228)) -   instance: DefaultKrbServer
2023-08-24 06:04:44,368 [Time-limited test] INFO  minikdc.MiniKdc (MiniKdc.java:<init>(228)) -   kdc.bind.address: localhost
2023-08-24 06:04:44,368 [Time-limited test] INFO  minikdc.MiniKdc (MiniKdc.java:<init>(230)) - ---------------------------------------------------------------
2023-08-24 06:04:44,370 [Time-limited test] INFO  minikdc.MiniKdc (MiniKdc.java:start(285)) - MiniKdc started.
2023-08-24 06:04:44,788 [Time-limited test] INFO  om.OzoneManager (OzoneManager.java:getOmDetailsProto(4552)) - OzoneManager ports added:[name: "RPC"
value: 1202
]
2023-08-24 06:04:44,789 [Time-limited test] WARN  server.ServerUtils (ServerUtils.java:getDBPath(311)) - ozone.om.db.dirs is not configured. We recommend adding this setting. Falling back to ozone.metadata.dirs instead.
2023-08-24 06:04:44,794 [Time-limited test] INFO  utils.SelfSignedCertificate (SelfSignedCertificate.java:generateCertificate(157)) - Certificate 1552072 is issued by CN=localhost,OU=test,O=cluster to CN=localhost,OU=test,O=cluster, valid from Thu Aug 24 06:04:44 UTC 2023 to Thu Aug 24 06:05:04 UTC 2023
2023-08-24 06:04:44,796 [Time-limited test] INFO  utils.CertificateCodec (CertificateCodec.java:writeCertificate(299)) - Save certificate to /tmp/junit3105851939084925123/junit5464003720185683839/om-meta/om/certs/certificate.crt
2023-08-24 06:04:44,796 [Time-limited test] INFO  utils.CertificateCodec (CertificateCodec.java:writeCertificate(300)) - Certificate -----BEGIN CERTIFICATE-----
MIIC5TCCAc2gAwIBAgIDF67IMA0GCSqGSIb3DQEBCwUAMDUxEjAQBgNVBAMMCWxv
Y2FsaG9zdDENMAsGA1UECwwEdGVzdDEQMA4GA1UECgwHY2x1c3RlcjAeFw0yMzA4
MjQwNjA0NDRaFw0yMzA4MjQwNjA1MDRaMDUxEjAQBgNVBAMMCWxvY2FsaG9zdDEN
MAsGA1UECwwEdGVzdDEQMA4GA1UECgwHY2x1c3RlcjCCASIwDQYJKoZIhvcNAQEB
BQADggEPADCCAQoCggEBAIPNbWXLe+cZL0qRIWAPlPZ+HeKwUVgJo+9f4bUtzerM
vnXH3JAUNxB//pjXaoNnfdW2Rbs38aWpQzyBLuhMw/ROJb0vfEZV2sJ6lOe421Sg
W6Oz9OVfJXnTwa+YhxapkVIjqZ0Pa1M1CRakAFpii7GbWEVISe/vaQhDxMH9NAcJ
rjciYdhvV7lMFrH8DFnDKH+PNB3xv66E6dxpphaCTsJDukfg2TZG3CVSD8epkMX4
f4DYVVQKuN7W++9jasSS0VrxFn4S10L/pSONRQSq66jrD2aEkvUj1gorjtuYgaB4
5ao7BIhi3YyVgE2Dou7m6KR5E7P/MpMqnjcWfDfCvDcCAwEAATANBgkqhkiG9w0B
AQsFAAOCAQEAdU258cTN44nTm6eZvJatusM45Qd6/eCfAXuKDdYwyKcLD2m0g0tC
d1VlB51icPoo/fn+b0/5jGVmTZQrsNqJQ4NlZtOAaK51gzW2i7nUUdl5KBFKQfKK
YxCM8E9cHRQzOhymMCDgAzSaPOjKDPIOm4TtlDm2ns8SdUd+nLhWWOShp4/c0Nu+
Op3cIYw2emyoL7Dbq/6wd8pySNsWFkZAZIrXDsJz7KddVLd8yd6IFAVmwFNntc37
NmsdhjLtq8dHJ7U6oOJ4KrEnQ46T9Y3NBzyFUvaY+kbPTNmabjs6U/nDrT4pGXJ2
3nVrjB1MyyTN2/sx7Uhwp0LRtAS+weJH+g==
-----END CERTIFICATE-----

2023-08-24 06:04:44,796 [Time-limited test] INFO  utils.CertificateCodec (CertificateCodec.java:writeCertificate(299)) - Save certificate to /tmp/junit3105851939084925123/junit5464003720185683839/om-meta/om/certs/ROOTCA-1552072.crt
2023-08-24 06:04:44,796 [Time-limited test] INFO  utils.CertificateCodec (CertificateCodec.java:writeCertificate(300)) - Certificate -----BEGIN CERTIFICATE-----
MIIC5TCCAc2gAwIBAgIDF67IMA0GCSqGSIb3DQEBCwUAMDUxEjAQBgNVBAMMCWxv
Y2FsaG9zdDENMAsGA1UECwwEdGVzdDEQMA4GA1UECgwHY2x1c3RlcjAeFw0yMzA4
MjQwNjA0NDRaFw0yMzA4MjQwNjA1MDRaMDUxEjAQBgNVBAMMCWxvY2FsaG9zdDEN
MAsGA1UECwwEdGVzdDEQMA4GA1UECgwHY2x1c3RlcjCCASIwDQYJKoZIhvcNAQEB
BQADggEPADCCAQoCggEBAIPNbWXLe+cZL0qRIWAPlPZ+HeKwUVgJo+9f4bUtzerM
vnXH3JAUNxB//pjXaoNnfdW2Rbs38aWpQzyBLuhMw/ROJb0vfEZV2sJ6lOe421Sg
W6Oz9OVfJXnTwa+YhxapkVIjqZ0Pa1M1CRakAFpii7GbWEVISe/vaQhDxMH9NAcJ
rjciYdhvV7lMFrH8DFnDKH+PNB3xv66E6dxpphaCTsJDukfg2TZG3CVSD8epkMX4
f4DYVVQKuN7W++9jasSS0VrxFn4S10L/pSONRQSq66jrD2aEkvUj1gorjtuYgaB4
5ao7BIhi3YyVgE2Dou7m6KR5E7P/MpMqnjcWfDfCvDcCAwEAATANBgkqhkiG9w0B
AQsFAAOCAQEAdU258cTN44nTm6eZvJatusM45Qd6/eCfAXuKDdYwyKcLD2m0g0tC
d1VlB51icPoo/fn+b0/5jGVmTZQrsNqJQ4NlZtOAaK51gzW2i7nUUdl5KBFKQfKK
YxCM8E9cHRQzOhymMCDgAzSaPOjKDPIOm4TtlDm2ns8SdUd+nLhWWOShp4/c0Nu+
Op3cIYw2emyoL7Dbq/6wd8pySNsWFkZAZIrXDsJz7KddVLd8yd6IFAVmwFNntc37
NmsdhjLtq8dHJ7U6oOJ4KrEnQ46T9Y3NBzyFUvaY+kbPTNmabjs6U/nDrT4pGXJ2
3nVrjB1MyyTN2/sx7Uhwp0LRtAS+weJH+g==
-----END CERTIFICATE-----

2023-08-24 06:04:44,856 [Time-limited test] INFO  utils.SelfSignedCertificate (SelfSignedCertificate.java:generateCertificate(157)) - Certificate 1552135 is issued by CN=localhost,OU=test,O=cluster to CN=localhost,OU=test,O=cluster, valid from Thu Aug 24 06:04:54 UTC 2023 to Thu Aug 24 06:05:14 UTC 2023
2023-08-24 06:04:45,980 [Time-limited test] INFO  security.OMCertificateClient (DefaultCertificateClient.java:updateCertSerialId(1244)) - Certificate serial ID set to 1552072
2023-08-24 06:04:45,985 [Time-limited test] INFO  security.OMCertificateClient (DefaultCertificateClient.java:readCertificateFile(237)) - Added certificate   [0]         Version: 3
         SerialNumber: 1552072
             IssuerDN: CN=localhost,OU=test,O=cluster
           Start Date: Thu Aug 24 06:04:44 UTC 2023
           Final Date: Thu Aug 24 06:05:04 UTC 2023
            SubjectDN: CN=localhost,OU=test,O=cluster
           Public Key: RSA Public Key [f1:69:95:7e:8e:09:58:f0:23:75:c9:fd:ec:dd:72:68:82:fa:69:2a],[56:66:d1:a4]
        modulus: 83cd6d65cb7be7192f4a9121600f94f67e1de2b0515809a3ef5fe1b52dcdeaccbe75c7dc901437107ffe98d76a83677dd5b645bb37f1a5a9433c812ee84cc3f44e25bd2f7c4655dac27a94e7b8db54a05ba3b3f4e55f2579d3c1af988716a9915223a99d0f6b53350916a4005a628bb19b58454849efef690843c4c1fd340709ae372261d86f57b94c16b1fc0c59c3287f8f341df1bfae84e9dc69a616824ec243ba47e0d93646dc25520fc7a990c5f87f80d855540ab8ded6fbef636ac492d15af1167e12d742ffa5238d4504aaeba8eb0f668492f523d60a2b8edb9881a078e5aa3b048862dd8c95804d83a2eee6e8a47913b3ff32932a9e37167c37c2bc37
public exponent: 10001

  Signature Algorithm: SHA256WITHRSA
            Signature: 754db9f1c4cde389d39ba799bc96adbac338e507
                       7afde09f017b8a0dd630c8a70b0f69b4834b4277
                       5565079d6270fa28fdf9fe6f4ff98c65664d942b
                       b0da8943836566d38068ae758335b68bb9d451d9
                       7928114a41f28a63108cf04f5c1d14333a1ca630
                       20e003349a3ce8ca0cf20e9b84ed9439b69ecf12
                       75477e9cb85658e4a1a78fdcd0dbbe3a9ddc218c
                       367a6ca82fb0dbabfeb077ca7248db1616464064
                       8ad70ec273eca75d54b77cc9de88140566c05367
                       b5cdfb366b1d8632edabc74727b53aa0e2782ab1
                       27438e93f58dcd073c8552f698fa46cf4cd99a6e
                       3b3a53f9c3ad3e29197276de756b8c1d4ccb24cd
                       dbfb31ed4870a742d1b404bec1e247fa
 from file: /tmp/junit3105851939084925123/junit5464003720185683839/om-meta/om/certs/certificate.crt.
2023-08-24 06:04:46,000 [Time-limited test] INFO  security.OMCertificateClient (DefaultCertificateClient.java:readCertificateFile(237)) - Added certificate   [0]         Version: 3
         SerialNumber: 1552072
             IssuerDN: CN=localhost,OU=test,O=cluster
           Start Date: Thu Aug 24 06:04:44 UTC 2023
           Final Date: Thu Aug 24 06:05:04 UTC 2023
            SubjectDN: CN=localhost,OU=test,O=cluster
           Public Key: RSA Public Key [f1:69:95:7e:8e:09:58:f0:23:75:c9:fd:ec:dd:72:68:82:fa:69:2a],[56:66:d1:a4]
        modulus: 83cd6d65cb7be7192f4a9121600f94f67e1de2b0515809a3ef5fe1b52dcdeaccbe75c7dc901437107ffe98d76a83677dd5b645bb37f1a5a9433c812ee84cc3f44e25bd2f7c4655dac27a94e7b8db54a05ba3b3f4e55f2579d3c1af988716a9915223a99d0f6b53350916a4005a628bb19b58454849efef690843c4c1fd340709ae372261d86f57b94c16b1fc0c59c3287f8f341df1bfae84e9dc69a616824ec243ba47e0d93646dc25520fc7a990c5f87f80d855540ab8ded6fbef636ac492d15af1167e12d742ffa5238d4504aaeba8eb0f668492f523d60a2b8edb9881a078e5aa3b048862dd8c95804d83a2eee6e8a47913b3ff32932a9e37167c37c2bc37
public exponent: 10001

  Signature Algorithm: SHA256WITHRSA
            Signature: 754db9f1c4cde389d39ba799bc96adbac338e507
                       7afde09f017b8a0dd630c8a70b0f69b4834b4277
                       5565079d6270fa28fdf9fe6f4ff98c65664d942b
                       b0da8943836566d38068ae758335b68bb9d451d9
                       7928114a41f28a63108cf04f5c1d14333a1ca630
                       20e003349a3ce8ca0cf20e9b84ed9439b69ecf12
                       75477e9cb85658e4a1a78fdcd0dbbe3a9ddc218c
                       367a6ca82fb0dbabfeb077ca7248db1616464064
                       8ad70ec273eca75d54b77cc9de88140566c05367
                       b5cdfb366b1d8632edabc74727b53aa0e2782ab1
                       27438e93f58dcd073c8552f698fa46cf4cd99a6e
                       3b3a53f9c3ad3e29197276de756b8c1d4ccb24cd
                       dbfb31ed4870a742d1b404bec1e247fa
 from file: /tmp/junit3105851939084925123/junit5464003720185683839/om-meta/om/certs/ROOTCA-1552072.crt.
2023-08-24 06:04:46,007 [Time-limited test] INFO  security.OMCertificateClient (DefaultCertificateClient.java:startCertificateRenewerService(1347)) - CertificateRenewerService for om is started with first delay 7993 ms and interval 3333 ms.
2023-08-24 06:04:46,009 [Time-limited test] INFO  security.OMCertificateClient (DefaultCertificateClient.java:init(715)) - Certificate client init case: 7
2023-08-24 06:04:46,009 [Time-limited test] INFO  security.OMCertificateClient (CommonCertificateClient.java:handleCase(110)) - Found certificate file along with KeyPair.
2023-08-24 06:04:46,116 [Time-limited test] INFO  security.OMCertificateClient (DefaultCertificateClient.java:validateKeyPairAndCertificate(794)) - Keypair validated.
2023-08-24 06:04:46,168 [Time-limited test] INFO  security.OMCertificateClient (DefaultCertificateClient.java:validateKeyPairAndCertificate(797)) - Keypair validated with certificate.
2023-08-24 06:04:46,168 [Time-limited test] INFO  ha.OMHANodeDetails (OMHANodeDetails.java:loadOMHAConfig(115)) - ozone.om.internal.service.id is not defined, falling back to ozone.om.service.ids to find serviceID for OzoneManager if it is HA enabled cluster
2023-08-24 06:04:46,169 [Time-limited test] INFO  ha.OMHANodeDetails (OMHANodeDetails.java:loadOMHAConfig(226)) - Configuration does not have ozone.om.address set. Falling back to the default OM address fv-az582-512.vyw2dcplbgbehesrvt3jseauje.cx.internal.cloudapp.net/10.1.0.20:1202
2023-08-24 06:04:46,169 [Time-limited test] INFO  ha.OMHANodeDetails (OMHANodeDetails.java:getOMNodeDetailsForNonHA(254)) - OM Service ID is not set. Setting it to the default ID: omServiceIdDefault
2023-08-24 06:04:46,169 [Time-limited test] INFO  ha.OMHANodeDetails (OMHANodeDetails.java:getOMNodeDetailsForNonHA(261)) - OM Node ID is not set. Setting it to the default ID: om1
2023-08-24 06:04:46,169 [Time-limited test] WARN  server.ServerUtils (ServerUtils.java:getDBPath(311)) - ozone.om.db.dirs is not configured. We recommend adding this setting. Falling back to ozone.metadata.dirs instead.
2023-08-24 06:04:46,174 [Time-limited test] INFO  upgrade.AbstractLayoutVersionManager (AbstractLayoutVersionManager.java:init(83)) - Initializing Layout version manager with metadata layout = QUOTA (version = 6), software layout = QUOTA (version = 6)
2023-08-24 06:04:46,323 [Time-limited test] INFO  reflections.Reflections (Reflections.java:scan(232)) - Reflections took 146 ms to scan 2 urls, producing 188 keys and 512 values [using 2 cores]
2023-08-24 06:04:46,324 [Time-limited test] INFO  upgrade.OMLayoutVersionManager (OMLayoutVersionManager.java:lambda$0(115)) - Skipping Upgrade Action QuotaRepairUpgradeAction since it has been finalized.
2023-08-24 06:04:46,324 [Time-limited test] INFO  upgrade.OMLayoutVersionManager (OMLayoutVersionManager.java:lambda$0(115)) - Skipping Upgrade Action MockOmUpgradeAction since it has been finalized.
2023-08-24 06:04:46,329 [pool-170-thread-1] INFO  request.KdcRequest (KdcRequest.java:preauth(651)) - The preauth data is empty.
2023-08-24 06:04:46,329 [pool-170-thread-1] INFO  server.KdcHandler (KdcHandler.java:handleRecoverableException(177)) - KRB error occurred while processing request:Additional pre-authentication required
2023-08-24 06:04:46,335 [pool-170-thread-2] INFO  request.AsRequest (AsRequest.java:issueTicket(112)) - AS_REQ ISSUE: authtime 1692857086334,om/fv-az582-512.vyw2dcplbgbehesrvt3jseauje.cx.internal.cloudapp.net@EXAMPLE.COM for krbtgt/EXAMPLE.COM@EXAMPLE.COM
2023-08-24 06:04:46,338 [Time-limited test] INFO  security.UserGroupInformation (UserGroupInformation.java:loginUserFromKeytab(1132)) - Login successful for user om/fv-az582-512.vyw2dcplbgbehesrvt3jseauje.cx.internal.cloudapp.net@EXAMPLE.COM using keytab file om.keytab. Keytab auto renewal enabled : false
2023-08-24 06:04:46,338 [Time-limited test] INFO  om.OzoneManager (OzoneManager.java:loginOMUser(1161)) - Ozone Manager login successful.
2023-08-24 06:04:46,338 [Time-limited test] WARN  server.ServerUtils (ServerUtils.java:getDBPath(311)) - ozone.om.db.dirs is not configured. We recommend adding this setting. Falling back to ozone.metadata.dirs instead.
2023-08-24 06:04:46,341 [Time-limited test] INFO  proxy.SCMBlockLocationFailoverProxyProvider (SCMBlockLocationFailoverProxyProvider.java:<init>(114)) - Created block location fail-over proxy with 1 nodes: [nodeId=scmNodeId,nodeAddress=localhost/127.0.0.1:9863]
2023-08-24 06:04:46,342 [Time-limited test] INFO  om.OzoneManager (OzoneManager.java:getOmDetailsProto(4552)) - OzoneManager ports added:[name: "RPC"
value: 1202
]
2023-08-24 06:04:46,346 [Time-limited test] INFO  security.OMCertificateClient (DefaultCertificateClient.java:updateCertSerialId(1244)) - Certificate serial ID set to 1552072
2023-08-24 06:04:46,348 [Time-limited test] INFO  security.OMCertificateClient (DefaultCertificateClient.java:readCertificateFile(237)) - Added certificate   [0]         Version: 3
         SerialNumber: 1552072
             IssuerDN: CN=localhost,OU=test,O=cluster
           Start Date: Thu Aug 24 06:04:44 UTC 2023
           Final Date: Thu Aug 24 06:05:04 UTC 2023
            SubjectDN: CN=localhost,OU=test,O=cluster
           Public Key: RSA Public Key [f1:69:95:7e:8e:09:58:f0:23:75:c9:fd:ec:dd:72:68:82:fa:69:2a],[56:66:d1:a4]
        modulus: 83cd6d65cb7be7192f4a9121600f94f67e1de2b0515809a3ef5fe1b52dcdeaccbe75c7dc901437107ffe98d76a83677dd5b645bb37f1a5a9433c812ee84cc3f44e25bd2f7c4655dac27a94e7b8db54a05ba3b3f4e55f2579d3c1af988716a9915223a99d0f6b53350916a4005a628bb19b58454849efef690843c4c1fd340709ae372261d86f57b94c16b1fc0c59c3287f8f341df1bfae84e9dc69a616824ec243ba47e0d93646dc25520fc7a990c5f87f80d855540ab8ded6fbef636ac492d15af1167e12d742ffa5238d4504aaeba8eb0f668492f523d60a2b8edb9881a078e5aa3b048862dd8c95804d83a2eee6e8a47913b3ff32932a9e37167c37c2bc37
public exponent: 10001

  Signature Algorithm: SHA256WITHRSA
            Signature: 754db9f1c4cde389d39ba799bc96adbac338e507
                       7afde09f017b8a0dd630c8a70b0f69b4834b4277
                       5565079d6270fa28fdf9fe6f4ff98c65664d942b
                       b0da8943836566d38068ae758335b68bb9d451d9
                       7928114a41f28a63108cf04f5c1d14333a1ca630
                       20e003349a3ce8ca0cf20e9b84ed9439b69ecf12
                       75477e9cb85658e4a1a78fdcd0dbbe3a9ddc218c
                       367a6ca82fb0dbabfeb077ca7248db1616464064
                       8ad70ec273eca75d54b77cc9de88140566c05367
                       b5cdfb366b1d8632edabc74727b53aa0e2782ab1
                       27438e93f58dcd073c8552f698fa46cf4cd99a6e
                       3b3a53f9c3ad3e29197276de756b8c1d4ccb24cd
                       dbfb31ed4870a742d1b404bec1e247fa
 from file: /tmp/junit3105851939084925123/junit5464003720185683839/om-meta/om/certs/certificate.crt.
2023-08-24 06:04:46,351 [Time-limited test] INFO  security.OMCertificateClient (DefaultCertificateClient.java:readCertificateFile(237)) - Added certificate   [0]         Version: 3
         SerialNumber: 1552072
             IssuerDN: CN=localhost,OU=test,O=cluster
           Start Date: Thu Aug 24 06:04:44 UTC 2023
           Final Date: Thu Aug 24 06:05:04 UTC 2023
            SubjectDN: CN=localhost,OU=test,O=cluster
           Public Key: RSA Public Key [f1:69:95:7e:8e:09:58:f0:23:75:c9:fd:ec:dd:72:68:82:fa:69:2a],[56:66:d1:a4]
        modulus: 83cd6d65cb7be7192f4a9121600f94f67e1de2b0515809a3ef5fe1b52dcdeaccbe75c7dc901437107ffe98d76a83677dd5b645bb37f1a5a9433c812ee84cc3f44e25bd2f7c4655dac27a94e7b8db54a05ba3b3f4e55f2579d3c1af988716a9915223a99d0f6b53350916a4005a628bb19b58454849efef690843c4c1fd340709ae372261d86f57b94c16b1fc0c59c3287f8f341df1bfae84e9dc69a616824ec243ba47e0d93646dc25520fc7a990c5f87f80d855540ab8ded6fbef636ac492d15af1167e12d742ffa5238d4504aaeba8eb0f668492f523d60a2b8edb9881a078e5aa3b048862dd8c95804d83a2eee6e8a47913b3ff32932a9e37167c37c2bc37
public exponent: 10001

  Signature Algorithm: SHA256WITHRSA
            Signature: 754db9f1c4cde389d39ba799bc96adbac338e507
                       7afde09f017b8a0dd630c8a70b0f69b4834b4277
                       5565079d6270fa28fdf9fe6f4ff98c65664d942b
                       b0da8943836566d38068ae758335b68bb9d451d9
                       7928114a41f28a63108cf04f5c1d14333a1ca630
                       20e003349a3ce8ca0cf20e9b84ed9439b69ecf12
                       75477e9cb85658e4a1a78fdcd0dbbe3a9ddc218c
                       367a6ca82fb0dbabfeb077ca7248db1616464064
                       8ad70ec273eca75d54b77cc9de88140566c05367
                       b5cdfb366b1d8632edabc74727b53aa0e2782ab1
                       27438e93f58dcd073c8552f698fa46cf4cd99a6e
                       3b3a53f9c3ad3e29197276de756b8c1d4ccb24cd
                       dbfb31ed4870a742d1b404bec1e247fa
 from file: /tmp/junit3105851939084925123/junit5464003720185683839/om-meta/om/certs/ROOTCA-1552072.crt.
2023-08-24 06:04:46,351 [Time-limited test] INFO  security.OMCertificateClient (DefaultCertificateClient.java:startCertificateRenewerService(1347)) - CertificateRenewerService for om is started with first delay 7649 ms and interval 3333 ms.
2023-08-24 06:04:46,367 [Time-limited test] INFO  om.OzoneManager (OzoneManager.java:<init>(662)) - OM start with adminUsers: [om/fv-az582-512.vyw2dcplbgbehesrvt3jseauje.cx.internal.cloudapp.net@EXAMPLE.COM, om]
2023-08-24 06:04:46,369 [Time-limited test] WARN  server.ServerUtils (ServerUtils.java:getDBPath(311)) - ozone.om.db.dirs is not configured. We recommend adding this setting. Falling back to ozone.metadata.dirs instead.
2023-08-24 06:04:46,371 [Time-limited test] INFO  helpers.OmKeyInfo (OmKeyInfo.java:getCodec(71)) - OmKeyInfo.getCodec ignorePipeline = true
2023-08-24 06:04:46,555 [Time-limited test] INFO  om.OzoneManager (OzoneManager.java:instantiateServices(791)) - S3 Multi-Tenancy is disabled
2023-08-24 06:04:46,556 [Time-limited test] INFO  security.OzoneSecretStore (OzoneSecretStore.java:loadState(69)) - Loaded 0 tokens
2023-08-24 06:04:46,556 [Time-limited test] INFO  security.OzoneDelegationTokenSecretManager (OzoneDelegationTokenSecretManager.java:loadTokenSecretState(530)) - Loading token state into token manager.
2023-08-24 06:04:46,556 [Time-limited test] INFO  om.OmSnapshotManager (OmSnapshotManager.java:<init>(175)) - Ozone filesystem snapshot feature is enabled.
2023-08-24 06:04:46,563 [Time-limited test] WARN  server.ServerUtils (ServerUtils.java:getDBPath(311)) - ozone.om.snapshot.diff.db.dir is not configured. We recommend adding this setting. Falling back to ozone.metadata.dirs instead.
2023-08-24 06:04:46,584 [Time-limited test] INFO  snapshot.SnapshotDiffManager (SnapshotDiffManager.java:closeExecutorService(1720)) - Shutting down executorService: 'SstDumpToolExecutor'
2023-08-24 06:04:46,589 [Time-limited test] INFO  om.OzoneManager (OzoneManager.java:addS3GVolumeToDB(4284)) - Created Volume s3v With Owner om required for S3Gateway operations.
2023-08-24 06:04:46,589 [Time-limited test] WARN  server.ServerUtils (ServerUtils.java:getDefaultRatisDirectory(323)) - Storage directory for Ratis is not configured. It is a good idea to map this to an SSD disk. Falling back to ozone.metadata.dirs
2023-08-24 06:04:46,589 [Time-limited test] WARN  utils.OzoneManagerRatisUtils (OzoneManagerRatisUtils.java:getOMRatisSnapshotDirectory(461)) - ozone.om.ratis.snapshot.dir is not configured. Falling back to ozone.metadata.dirs config
2023-08-24 06:04:46,590 [Time-limited test] WARN  server.ServerUtils (ServerUtils.java:getDefaultRatisDirectory(323)) - Storage directory for Ratis is not configured. It is a good idea to map this to an SSD disk. Falling back to ozone.metadata.dirs
2023-08-24 06:04:46,593 [Time-limited test] INFO  ratis.OzoneManagerRatisServer (OzoneManagerRatisServer.java:<init>(163)) - Instantiating OM Ratis server with groupID: omServiceIdDefault and peers: fv-az582-512.vyw2dcplbgbehesrvt3jseauje.cx.internal.cloudapp.net:9872
2023-08-24 06:04:46,593 [Time-limited test] INFO  ratis.OzoneManagerStateMachine (OzoneManagerStateMachine.java:loadSnapshotInfoFromDB(687)) - LastAppliedIndex is set from TransactionInfo from OM DB as (t:0, i:~)
2023-08-24 06:04:46,599 [Time-limited test] INFO  server.RaftServer (ConfUtils.java:logGet(46)) - raft.rpc.type = GRPC (default)
2023-08-24 06:04:46,600 [Time-limited test] INFO  grpc.GrpcConfigKeys (ConfUtils.java:logFallback(53)) - raft.grpc.admin.host = null (fallback to raft.grpc.server.host)
2023-08-24 06:04:46,600 [Time-limited test] INFO  grpc.GrpcConfigKeys (ConfUtils.java:logFallback(53)) - raft.grpc.admin.port = 9872 (fallback to raft.grpc.server.port)
2023-08-24 06:04:46,600 [Time-limited test] INFO  grpc.GrpcConfigKeys (ConfUtils.java:logFallback(53)) - raft.grpc.client.host = null (fallback to raft.grpc.server.host)
2023-08-24 06:04:46,600 [Time-limited test] INFO  grpc.GrpcConfigKeys (ConfUtils.java:logFallback(53)) - raft.grpc.client.port = 9872 (fallback to raft.grpc.server.port)
2023-08-24 06:04:46,600 [Time-limited test] INFO  grpc.GrpcConfigKeys (ConfUtils.java:logGet(46)) - raft.grpc.server.host = null (default)
2023-08-24 06:04:46,601 [Time-limited test] INFO  grpc.GrpcConfigKeys (ConfUtils.java:logGet(46)) - raft.grpc.server.port = 9872 (custom)
2023-08-24 06:04:46,601 [Time-limited test] INFO  server.GrpcService (ConfUtils.java:logGet(46)) - raft.grpc.message.size.max = 33554432 (custom)
2023-08-24 06:04:46,601 [Time-limited test] INFO  server.RaftServerConfigKeys (ConfUtils.java:logGet(46)) - raft.server.log.appender.buffer.byte-limit = 33554432 (custom)
2023-08-24 06:04:46,601 [Time-limited test] INFO  server.GrpcService (ConfUtils.java:logGet(46)) - raft.grpc.flow.control.window = 1MB (=1048576) (default)
2023-08-24 06:04:46,601 [Time-limited test] INFO  server.RaftServerConfigKeys (ConfUtils.java:logGet(46)) - raft.server.rpc.request.timeout = 3000ms (default)
2023-08-24 06:04:46,601 [Time-limited test] INFO  grpc.GrpcConfigKeys (ConfUtils.java:logGet(46)) - raft.grpc.server.heartbeat.channel = true (default)
2023-08-24 06:04:46,601 [Time-limited test] INFO  grpc.GrpcConfigKeys (ConfUtils.java:logGet(46)) - raft.grpc.server.async.request.thread.pool.cached = true (default)
2023-08-24 06:04:46,601 [Time-limited test] INFO  grpc.GrpcConfigKeys (ConfUtils.java:logGet(46)) - raft.grpc.server.async.request.thread.pool.size = 32 (default)
2023-08-24 06:04:46,603 [Time-limited test] INFO  impl.DataStreamServerImpl (ConfUtils.java:logGet(46)) - raft.datastream.type = DISABLED (default)
2023-08-24 06:04:46,603 [Time-limited test] INFO  server.RaftServerConfigKeys (ConfUtils.java:logGet(46)) - raft.server.threadpool.proxy.cached = true (default)
2023-08-24 06:04:46,611 [Time-limited test] INFO  server.RaftServerConfigKeys (ConfUtils.java:logGet(46)) - raft.server.threadpool.proxy.size = 0 (default)
2023-08-24 06:04:46,611 [Time-limited test] INFO  server.RaftServerConfigKeys (ConfUtils.java:logGet(46)) - raft.server.rpc.slowness.timeout = 120s (custom)
2023-08-24 06:04:46,611 [Time-limited test] INFO  server.RaftServerConfigKeys (ConfUtils.java:logGet(46)) - raft.server.leaderelection.leader.step-down.wait-time = 10s (default)
2023-08-24 06:04:46,611 [Time-limited test] INFO  server.RaftServerConfigKeys (ConfUtils.java:logGet(46)) - raft.server.storage.dir = [/tmp/junit3105851939084925123/junit5464003720185683839/om-meta/ratis] (custom)
2023-08-24 06:04:46,623 [Time-limited test] INFO  server.RaftServer (RaftServerProxy.java:addNew(98)) - om1: addNew group-C5BA1605619E:[om1|rpc:fv-az582-512.vyw2dcplbgbehesrvt3jseauje.cx.internal.cloudapp.net:9872|priority:0|startupRole:FOLLOWER] returns group-C5BA1605619E:java.util.concurrent.CompletableFuture@607a1130[Not completed]
2023-08-24 06:04:46,623 [Time-limited test] INFO  om.OzoneManager (OzoneManager.java:initializeRatisServer(2128)) - OzoneManager Ratis server initialized at port 9872
2023-08-24 06:04:46,623 [Time-limited test] INFO  om.OzoneManager (OzoneManager.java:getRpcServer(1193)) - Creating RPC Server
2023-08-24 06:04:46,627 [om1-groupManagement] INFO  server.RaftServer$Division (RaftServerImpl.java:<init>(198)) - om1: new RaftServerImpl for group-C5BA1605619E:[om1|rpc:fv-az582-512.vyw2dcplbgbehesrvt3jseauje.cx.internal.cloudapp.net:9872|priority:0|startupRole:FOLLOWER] with OzoneManagerStateMachine:uninitialized
2023-08-24 06:04:46,639 [om1-groupManagement] INFO  server.RaftServerConfigKeys (ConfUtils.java:logGet(46)) - raft.server.rpc.timeout.min = 5s (custom)
2023-08-24 06:04:46,639 [om1-groupManagement] INFO  server.RaftServerConfigKeys (ConfUtils.java:logGet(46)) - raft.server.rpc.timeout.max = 5200ms (custom)
2023-08-24 06:04:46,639 [om1-groupManagement] INFO  server.RaftServerConfigKeys (ConfUtils.java:logGet(46)) - raft.server.rpc.sleep.time = 25ms (default)
2023-08-24 06:04:46,639 [om1-groupManagement] INFO  server.RaftServerConfigKeys (ConfUtils.java:logGet(46)) - raft.server.rpc.slowness.timeout = 120s (custom)
2023-08-24 06:04:46,639 [om1-groupManagement] INFO  server.RaftServerConfigKeys (ConfUtils.java:logGet(46)) - raft.server.leaderelection.leader.step-down.wait-time = 10s (default)
2023-08-24 06:04:46,639 [om1-groupManagement] INFO  server.RaftServerConfigKeys (ConfUtils.java:logGet(46)) - raft.server.sleep.deviation.threshold = 300ms (default)
2023-08-24 06:04:46,639 [om1-groupManagement] INFO  server.RaftServer$Division (ServerState.java:<init>(120)) - om1@group-C5BA1605619E: ConfigurationManager, init=-1: peers:[om1|rpc:fv-az582-512.vyw2dcplbgbehesrvt3jseauje.cx.internal.cloudapp.net:9872|priority:0|startupRole:FOLLOWER]|listeners:[], old=null, confs=<EMPTY_MAP>
2023-08-24 06:04:46,639 [om1-groupManagement] INFO  server.RaftServerConfigKeys (ConfUtils.java:logGet(46)) - raft.server.storage.dir = [/tmp/junit3105851939084925123/junit5464003720185683839/om-meta/ratis] (custom)
2023-08-24 06:04:46,640 [om1-groupManagement] INFO  server.RaftServerConfigKeys (ConfUtils.java:logGet(46)) - raft.server.log.corruption.policy = EXCEPTION (default)
2023-08-24 06:04:46,640 [om1-groupManagement] INFO  server.RaftServerConfigKeys (ConfUtils.java:logGet(46)) - raft.server.storage.free-space.min = 0MB (=0) (default)
2023-08-24 06:04:46,640 [om1-groupManagement] INFO  server.RaftServerConfigKeys (ConfUtils.java:logGet(46)) - raft.server.notification.no-leader.timeout = 120s (custom)
2023-08-24 06:04:46,640 [om1-groupManagement] INFO  server.RaftServerConfigKeys (ConfUtils.java:logGet(46)) - raft.server.read.timeout = 10s (default)
2023-08-24 06:04:46,640 [om1-groupManagement] INFO  server.RaftServerConfigKeys (ConfUtils.java:logGet(46)) - raft.server.retrycache.expirytime = 300s (custom)
2023-08-24 06:04:46,640 [om1-groupManagement] INFO  server.RaftServerConfigKeys (ConfUtils.java:logGet(46)) - raft.server.retrycache.statistics.expirytime = 100μs (default)
2023-08-24 06:04:46,640 [om1-groupManagement] INFO  server.RaftServerConfigKeys (ConfUtils.java:logGet(46)) - raft.server.read.option = DEFAULT (default)
2023-08-24 06:04:46,641 [om1-groupManagement] INFO  server.RaftServerConfigKeys (ConfUtils.java:logGet(46)) - raft.server.rpc.request.timeout = 3000ms (default)
2023-08-24 06:04:46,641 [om1-groupManagement] INFO  server.RaftServerConfigKeys (ConfUtils.java:logGet(46)) - raft.server.log.appender.install.snapshot.enabled = false (custom)
2023-08-24 06:04:46,641 [om1-groupManagement] INFO  server.RaftServerConfigKeys (ConfUtils.java:logGet(46)) - raft.server.threadpool.server.cached = true (default)
2023-08-24 06:04:46,641 [om1-groupManagement] INFO  server.RaftServerConfigKeys (ConfUtils.java:logGet(46)) - raft.server.threadpool.server.size = 0 (default)
2023-08-24 06:04:46,642 [om1-groupManagement] INFO  server.RaftServerConfigKeys (ConfUtils.java:logGet(46)) - raft.server.threadpool.client.cached = true (default)
2023-08-24 06:04:46,642 [om1-groupManagement] INFO  server.RaftServerConfigKeys (ConfUtils.java:logGet(46)) - raft.server.threadpool.client.size = 0 (default)
2023-08-24 06:04:47,129 [Time-limited test] INFO  reflections.Reflections (Reflections.java:scan(232)) - Reflections took 503 ms to scan 19 urls, producing 70 keys and 5648 values [using 2 cores]
2023-08-24 06:04:47,148 [Time-limited test] INFO  ipc.CallQueueManager (CallQueueManager.java:<init>(90)) - Using callQueue: class java.util.concurrent.LinkedBlockingQueue, queueCapacity: 10000, scheduler: class org.apache.hadoop.ipc.DefaultRpcScheduler, ipcBackoff: false.
2023-08-24 06:04:47,148 [Time-limited test] INFO  ipc.Server (Server.java:<init>(1287)) - Listener at fv-az582-512.vyw2dcplbgbehesrvt3jseauje.cx.internal.cloudapp.net:1202
2023-08-24 06:04:47,158 [Socket Reader #1 for port 1202] INFO  ipc.Server (Server.java:run(1323)) - Starting Socket Reader #1 for port 1202
2023-08-24 06:04:47,250 [Time-limited test] INFO  security.OMCertificateClient (DefaultCertificateClient.java:getAllRootCaCerts(901)) - om has 1 Root CA certificates
2023-08-24 06:04:54,001 [om-CertificateRenewerService] INFO  security.OMCertificateClient (DefaultCertificateClient.java:run(1383)) - Current certificate 1552072 needs to be renewed remaining grace period PT0S. Forced renewal due to root ca rotation: false.
2023-08-24 06:04:54,438 [om-CertificateRenewerService] INFO  ozone.OzoneSecurityUtil (OzoneSecurityUtil.java:getValidInetsForCurrentHost(119)) - ip:fe80:0:0:0:6245:bdff:fe7e:9bc0%eth0 not returned.
2023-08-24 06:04:54,438 [om-CertificateRenewerService] INFO  ozone.OzoneSecurityUtil (OzoneSecurityUtil.java:getValidInetsForCurrentHost(116)) - Adding ip:10.1.0.20,host:fv-az582-512.vyw2dcplbgbehesrvt3jseauje.cx.internal.cloudapp.net
2023-08-24 06:04:54,439 [om-CertificateRenewerService] INFO  ozone.OzoneSecurityUtil (OzoneSecurityUtil.java:getValidInetsForCurrentHost(119)) - ip:0:0:0:0:0:0:0:1%lo not returned.
2023-08-24 06:04:54,439 [om-CertificateRenewerService] INFO  ozone.OzoneSecurityUtil (OzoneSecurityUtil.java:getValidInetsForCurrentHost(119)) - ip:127.0.0.1 not returned.
2023-08-24 06:04:54,439 [om-CertificateRenewerService] INFO  security.OMCertificateClient (OMCertificateClient.java:getCSRBuilder(114)) - Creating csr for OM->dns:fv-az582-512.vyw2dcplbgbehesrvt3jseauje.cx.internal.cloudapp.net,ip:10.1.0.20,scmId:fe1e8895-b55e-4ffa-90e0-0696fcbfd5e8,clusterId:8025ed3d-e9c8-4155-9bd0-19cfad85daa7,subject:om@fv-az582-512.vyw2dcplbgbehesrvt3jseauje.cx.internal.cloudapp.net
2023-08-24 06:04:54,448 [om-CertificateRenewerService] INFO  utils.CertificateCodec (CertificateCodec.java:writeCertificate(299)) - Save certificate to /tmp/junit3105851939084925123/junit5464003720185683839/om-meta/om/certs-next/1552135.crt
2023-08-24 06:04:54,448 [om-CertificateRenewerService] INFO  utils.CertificateCodec (CertificateCodec.java:writeCertificate(300)) - Certificate -----BEGIN CERTIFICATE-----
MIIB4DCCAUmgAwIBAgIDF68HMA0GCSqGSIb3DQEBCwUAMDUxEjAQBgNVBAMMCWxv
Y2FsaG9zdDENMAsGA1UECwwEdGVzdDEQMA4GA1UECgwHY2x1c3RlcjAeFw0yMzA4
MjQwNjA0NTRaFw0yMzA4MjQwNjA1MTRaMDUxEjAQBgNVBAMMCWxvY2FsaG9zdDEN
MAsGA1UECwwEdGVzdDEQMA4GA1UECgwHY2x1c3RlcjCBnzANBgkqhkiG9w0BAQEF
AAOBjQAwgYkCgYEAn0XAIZQxPgRgReR/FOhYan8NmVbKfpQ5X2j0t3tsH+d1wJkd
b9mXgA1Z6gXDKpdXYSpEhh2/mhpXb/vDfZs9yQa8cBq5v78n/Hxs2CsZSFoQcB38
y064FRF7enSnO9S07+pUUeHnj3wMRabf25wh7od07hP2IqCo35mx9HVNqn0CAwEA
ATANBgkqhkiG9w0BAQsFAAOBgQAtVTq6yscMCVtrj+Xxxnj/5uc4azSvc38WBiBJ
O/6jT/V8aDAI0wHJPD9OHZ4fsV5uHrlfwX4v7qyPtXzoKFER+X0+go8YsUkLvbH8
s3PZfJf9zOBaGBFB6mI59WirYfSWJqKy9HhI3XZaUUV24Iro9TFTbRhh41O8kWPm
WpttZg==
-----END CERTIFICATE-----

2023-08-24 06:04:54,449 [om-CertificateRenewerService] INFO  utils.CertificateCodec (CertificateCodec.java:writeCertificate(299)) - Save certificate to /tmp/junit3105851939084925123/junit5464003720185683839/om-meta/om/certs-next/CA-1552135.crt
2023-08-24 06:04:54,449 [om-CertificateRenewerService] INFO  utils.CertificateCodec (CertificateCodec.java:writeCertificate(300)) - Certificate -----BEGIN CERTIFICATE-----
MIIB4DCCAUmgAwIBAgIDF68HMA0GCSqGSIb3DQEBCwUAMDUxEjAQBgNVBAMMCWxv
Y2FsaG9zdDENMAsGA1UECwwEdGVzdDEQMA4GA1UECgwHY2x1c3RlcjAeFw0yMzA4
MjQwNjA0NTRaFw0yMzA4MjQwNjA1MTRaMDUxEjAQBgNVBAMMCWxvY2FsaG9zdDEN
MAsGA1UECwwEdGVzdDEQMA4GA1UECgwHY2x1c3RlcjCBnzANBgkqhkiG9w0BAQEF
AAOBjQAwgYkCgYEAn0XAIZQxPgRgReR/FOhYan8NmVbKfpQ5X2j0t3tsH+d1wJkd
b9mXgA1Z6gXDKpdXYSpEhh2/mhpXb/vDfZs9yQa8cBq5v78n/Hxs2CsZSFoQcB38
y064FRF7enSnO9S07+pUUeHnj3wMRabf25wh7od07hP2IqCo35mx9HVNqn0CAwEA
ATANBgkqhkiG9w0BAQsFAAOBgQAtVTq6yscMCVtrj+Xxxnj/5uc4azSvc38WBiBJ
O/6jT/V8aDAI0wHJPD9OHZ4fsV5uHrlfwX4v7qyPtXzoKFER+X0+go8YsUkLvbH8
s3PZfJf9zOBaGBFB6mI59WirYfSWJqKy9HhI3XZaUUV24Iro9TFTbRhh41O8kWPm
WpttZg==
-----END CERTIFICATE-----

2023-08-24 06:04:54,450 [om-CertificateRenewerService] INFO  security.OMCertificateClient (DefaultCertificateClient.java:updateCertSerialId(1244)) - Certificate serial ID set to 1552135
2023-08-24 06:04:54,455 [om-CertificateRenewerService] INFO  security.OMCertificateClient (DefaultCertificateClient.java:readCertificateFile(237)) - Added certificate   [0]         Version: 3
         SerialNumber: 1552072
             IssuerDN: CN=localhost,OU=test,O=cluster
           Start Date: Thu Aug 24 06:04:44 UTC 2023
           Final Date: Thu Aug 24 06:05:04 UTC 2023
            SubjectDN: CN=localhost,OU=test,O=cluster
           Public Key: RSA Public Key [f1:69:95:7e:8e:09:58:f0:23:75:c9:fd:ec:dd:72:68:82:fa:69:2a],[56:66:d1:a4]
        modulus: 83cd6d65cb7be7192f4a9121600f94f67e1de2b0515809a3ef5fe1b52dcdeaccbe75c7dc901437107ffe98d76a83677dd5b645bb37f1a5a9433c812ee84cc3f44e25bd2f7c4655dac27a94e7b8db54a05ba3b3f4e55f2579d3c1af988716a9915223a99d0f6b53350916a4005a628bb19b58454849efef690843c4c1fd340709ae372261d86f57b94c16b1fc0c59c3287f8f341df1bfae84e9dc69a616824ec243ba47e0d93646dc25520fc7a990c5f87f80d855540ab8ded6fbef636ac492d15af1167e12d742ffa5238d4504aaeba8eb0f668492f523d60a2b8edb9881a078e5aa3b048862dd8c95804d83a2eee6e8a47913b3ff32932a9e37167c37c2bc37
public exponent: 10001

  Signature Algorithm: SHA256WITHRSA
            Signature: 754db9f1c4cde389d39ba799bc96adbac338e507
                       7afde09f017b8a0dd630c8a70b0f69b4834b4277
                       5565079d6270fa28fdf9fe6f4ff98c65664d942b
                       b0da8943836566d38068ae758335b68bb9d451d9
                       7928114a41f28a63108cf04f5c1d14333a1ca630
                       20e003349a3ce8ca0cf20e9b84ed9439b69ecf12
                       75477e9cb85658e4a1a78fdcd0dbbe3a9ddc218c
                       367a6ca82fb0dbabfeb077ca7248db1616464064
                       8ad70ec273eca75d54b77cc9de88140566c05367
                       b5cdfb366b1d8632edabc74727b53aa0e2782ab1
                       27438e93f58dcd073c8552f698fa46cf4cd99a6e
                       3b3a53f9c3ad3e29197276de756b8c1d4ccb24cd
                       dbfb31ed4870a742d1b404bec1e247fa
 from file: /tmp/junit3105851939084925123/junit5464003720185683839/om-meta/om/certs/certificate.crt.
2023-08-24 06:04:54,464 [om-CertificateRenewerService] INFO  security.OMCertificateClient (DefaultCertificateClient.java:readCertificateFile(237)) - Added certificate   [0]         Version: 3
         SerialNumber: 1552072
             IssuerDN: CN=localhost,OU=test,O=cluster
           Start Date: Thu Aug 24 06:04:44 UTC 2023
           Final Date: Thu Aug 24 06:05:04 UTC 2023
            SubjectDN: CN=localhost,OU=test,O=cluster
           Public Key: RSA Public Key [f1:69:95:7e:8e:09:58:f0:23:75:c9:fd:ec:dd:72:68:82:fa:69:2a],[56:66:d1:a4]
        modulus: 83cd6d65cb7be7192f4a9121600f94f67e1de2b0515809a3ef5fe1b52dcdeaccbe75c7dc901437107ffe98d76a83677dd5b645bb37f1a5a9433c812ee84cc3f44e25bd2f7c4655dac27a94e7b8db54a05ba3b3f4e55f2579d3c1af988716a9915223a99d0f6b53350916a4005a628bb19b58454849efef690843c4c1fd340709ae372261d86f57b94c16b1fc0c59c3287f8f341df1bfae84e9dc69a616824ec243ba47e0d93646dc25520fc7a990c5f87f80d855540ab8ded6fbef636ac492d15af1167e12d742ffa5238d4504aaeba8eb0f668492f523d60a2b8edb9881a078e5aa3b048862dd8c95804d83a2eee6e8a47913b3ff32932a9e37167c37c2bc37
public exponent: 10001

  Signature Algorithm: SHA256WITHRSA
            Signature: 754db9f1c4cde389d39ba799bc96adbac338e507
                       7afde09f017b8a0dd630c8a70b0f69b4834b4277
                       5565079d6270fa28fdf9fe6f4ff98c65664d942b
                       b0da8943836566d38068ae758335b68bb9d451d9
                       7928114a41f28a63108cf04f5c1d14333a1ca630
                       20e003349a3ce8ca0cf20e9b84ed9439b69ecf12
                       75477e9cb85658e4a1a78fdcd0dbbe3a9ddc218c
                       367a6ca82fb0dbabfeb077ca7248db1616464064
                       8ad70ec273eca75d54b77cc9de88140566c05367
                       b5cdfb366b1d8632edabc74727b53aa0e2782ab1
                       27438e93f58dcd073c8552f698fa46cf4cd99a6e
                       3b3a53f9c3ad3e29197276de756b8c1d4ccb24cd
                       dbfb31ed4870a742d1b404bec1e247fa
 from file: /tmp/junit3105851939084925123/junit5464003720185683839/om-meta/om/certs/ROOTCA-1552072.crt.
2023-08-24 06:04:54,464 [om-CertificateRenewerService] INFO  security.OMCertificateClient (DefaultCertificateClient.java:renewAndStoreKeyAndCertificate(1162)) - Successful renew key and certificate. New certificate 1552135.
2023-08-24 06:04:54,464 [om-CertificateRenewerService] INFO  security.OMCertificateClient (DefaultCertificateClient.java:updateCertSerialId(1244)) - Certificate serial ID set to 1552135
2023-08-24 06:04:54,465 [om-CertificateRenewerService] INFO  security.OMCertificateClient (DefaultCertificateClient.java:readCertificateFile(237)) - Added certificate   [0]         Version: 3
         SerialNumber: 1552135
             IssuerDN: CN=localhost,OU=test,O=cluster
           Start Date: Thu Aug 24 06:04:54 UTC 2023
           Final Date: Thu Aug 24 06:05:14 UTC 2023
            SubjectDN: CN=localhost,OU=test,O=cluster
           Public Key: RSA Public Key [86:dc:a2:a3:09:e8:83:59:c2:25:d1:f3:10:aa:cc:e3:69:a2:f7:a1],[56:66:d1:a4]
        modulus: 9f45c02194313e046045e47f14e8586a7f0d9956ca7e94395f68f4b77b6c1fe775c0991d6fd997800d59ea05c32a9757612a44861dbf9a1a576ffbc37d9b3dc906bc701ab9bfbf27fc7c6cd82b19485a10701dfccb4eb815117b7a74a73bd4b4efea5451e1e78f7c0c45a6dfdb9c21ee8774ee13f622a0a8df99b1f4754daa7d
public exponent: 10001

  Signature Algorithm: SHA256WITHRSA
            Signature: 2d553abacac70c095b6b8fe5f1c678ffe6e7386b
                       34af737f160620493bfea34ff57c683008d301c9
                       3c3f4e1d9e1fb15e6e1eb95fc17e2feeac8fb57c
                       e8285111f97d3e828f18b1490bbdb1fcb373d97c
                       97fdcce05a181141ea6239f568ab61f49626a2b2
                       f47848dd765a514576e08ae8f531536d1861e353
                       bc9163e65a9b6d66
 from file: /tmp/junit3105851939084925123/junit5464003720185683839/om-meta/om/certs/CA-1552135.crt.
2023-08-24 06:04:54,467 [om-CertificateRenewerService] INFO  security.OMCertificateClient (DefaultCertificateClient.java:readCertificateFile(237)) - Added certificate   [0]         Version: 3
         SerialNumber: 1552135
             IssuerDN: CN=localhost,OU=test,O=cluster
           Start Date: Thu Aug 24 06:04:54 UTC 2023
           Final Date: Thu Aug 24 06:05:14 UTC 2023
            SubjectDN: CN=localhost,OU=test,O=cluster
           Public Key: RSA Public Key [86:dc:a2:a3:09:e8:83:59:c2:25:d1:f3:10:aa:cc:e3:69:a2:f7:a1],[56:66:d1:a4]
        modulus: 9f45c02194313e046045e47f14e8586a7f0d9956ca7e94395f68f4b77b6c1fe775c0991d6fd997800d59ea05c32a9757612a44861dbf9a1a576ffbc37d9b3dc906bc701ab9bfbf27fc7c6cd82b19485a10701dfccb4eb815117b7a74a73bd4b4efea5451e1e78f7c0c45a6dfdb9c21ee8774ee13f622a0a8df99b1f4754daa7d
public exponent: 10001

  Signature Algorithm: SHA256WITHRSA
            Signature: 2d553abacac70c095b6b8fe5f1c678ffe6e7386b
                       34af737f160620493bfea34ff57c683008d301c9
                       3c3f4e1d9e1fb15e6e1eb95fc17e2feeac8fb57c
                       e8285111f97d3e828f18b1490bbdb1fcb373d97c
                       97fdcce05a181141ea6239f568ab61f49626a2b2
                       f47848dd765a514576e08ae8f531536d1861e353
                       bc9163e65a9b6d66
 from file: /tmp/junit3105851939084925123/junit5464003720185683839/om-meta/om/certs/1552135.crt.
2023-08-24 06:04:54,467 [om-CertificateRenewerService] INFO  security.OMCertificateClient (DefaultCertificateClient.java:reloadKeyAndCertificate(1232)) - Reset and reloaded key and all certificates for new certificate 1552135.
2023-08-24 06:04:55,278 [Time-limited test] INFO  utils.SelfSignedCertificate (SelfSignedCertificate.java:generateCertificate(157)) - Certificate 1562553 is issued by CN=localhost,OU=test,O=cluster to CN=localhost,OU=test,O=cluster, valid from Thu Aug 24 06:04:55 UTC 2023 to Thu Aug 24 06:05:15 UTC 2023
2023-08-24 06:05:04,000 [om-CertificateRenewerService] INFO  security.OMCertificateClient (DefaultCertificateClient.java:run(1383)) - Current certificate 1552135 needs to be renewed remaining grace period PT0S. Forced renewal due to root ca rotation: false.
2023-08-24 06:05:04,384 [om-CertificateRenewerService] INFO  ozone.OzoneSecurityUtil (OzoneSecurityUtil.java:getValidInetsForCurrentHost(119)) - ip:fe80:0:0:0:6245:bdff:fe7e:9bc0%eth0 not returned.
2023-08-24 06:05:04,384 [om-CertificateRenewerService] INFO  ozone.OzoneSecurityUtil (OzoneSecurityUtil.java:getValidInetsForCurrentHost(116)) - Adding ip:10.1.0.20,host:fv-az582-512.vyw2dcplbgbehesrvt3jseauje.cx.internal.cloudapp.net
2023-08-24 06:05:04,384 [om-CertificateRenewerService] INFO  ozone.OzoneSecurityUtil (OzoneSecurityUtil.java:getValidInetsForCurrentHost(119)) - ip:0:0:0:0:0:0:0:1%lo not returned.
2023-08-24 06:05:04,384 [om-CertificateRenewerService] INFO  ozone.OzoneSecurityUtil (OzoneSecurityUtil.java:getValidInetsForCurrentHost(119)) - ip:127.0.0.1 not returned.
2023-08-24 06:05:04,385 [om-CertificateRenewerService] INFO  security.OMCertificateClient (OMCertificateClient.java:getCSRBuilder(114)) - Creating csr for OM->dns:fv-az582-512.vyw2dcplbgbehesrvt3jseauje.cx.internal.cloudapp.net,ip:10.1.0.20,scmId:fe1e8895-b55e-4ffa-90e0-0696fcbfd5e8,clusterId:8025ed3d-e9c8-4155-9bd0-19cfad85daa7,subject:om@fv-az582-512.vyw2dcplbgbehesrvt3jseauje.cx.internal.cloudapp.net
2023-08-24 06:05:04,388 [om-CertificateRenewerService] INFO  utils.CertificateCodec (CertificateCodec.java:writeCertificate(299)) - Save certificate to /tmp/junit3105851939084925123/junit5464003720185683839/om-meta/om/certs-next/1562553.crt
2023-08-24 06:05:04,388 [om-CertificateRenewerService] INFO  utils.CertificateCodec (CertificateCodec.java:writeCertificate(300)) - Certificate -----BEGIN CERTIFICATE-----
MIIB4DCCAUmgAwIBAgIDF9e5MA0GCSqGSIb3DQEBCwUAMDUxEjAQBgNVBAMMCWxv
Y2FsaG9zdDENMAsGA1UECwwEdGVzdDEQMA4GA1UECgwHY2x1c3RlcjAeFw0yMzA4
MjQwNjA0NTVaFw0yMzA4MjQwNjA1MTVaMDUxEjAQBgNVBAMMCWxvY2FsaG9zdDEN
MAsGA1UECwwEdGVzdDEQMA4GA1UECgwHY2x1c3RlcjCBnzANBgkqhkiG9w0BAQEF
AAOBjQAwgYkCgYEAsaBSOpkBTqvwTdZE5sBl2lKnO9x8RoKM9LyDibgoe3tg7GLz
+pB3tKvhFZ+iPvwVnAmpLehsddeunhtD8ifKGXfnYWs+mwPhETG2oWjpZmru5648
ddNnzBiUsDTgB6d/qSdgkdqQSxnH9QkoAkGaWwbidvpAi5k4uBVAcEvaif8CAwEA
ATANBgkqhkiG9w0BAQsFAAOBgQAickpK54E23jsjiCTRCPqwNVbFWOmRN0J721jP
mcSptjU3T5Eic5Gm5EbL92l2jKDiqqqwkOeNtJ6CeV9GsL7sooeinaFr09PL+5qh
5cAXlIZ8H2JgfLUxLeeOmFTBTCWc+8RXuVbI9C8BZC6T/fVImLWtIr22LQKfhBYA
CvpZ6Q==
-----END CERTIFICATE-----

2023-08-24 06:05:04,389 [om-CertificateRenewerService] INFO  utils.CertificateCodec (CertificateCodec.java:writeCertificate(299)) - Save certificate to /tmp/junit3105851939084925123/junit5464003720185683839/om-meta/om/certs-next/CA-1562553.crt
2023-08-24 06:05:04,389 [om-CertificateRenewerService] INFO  utils.CertificateCodec (CertificateCodec.java:writeCertificate(300)) - Certificate -----BEGIN CERTIFICATE-----
MIIB4DCCAUmgAwIBAgIDF9e5MA0GCSqGSIb3DQEBCwUAMDUxEjAQBgNVBAMMCWxv
Y2FsaG9zdDENMAsGA1UECwwEdGVzdDEQMA4GA1UECgwHY2x1c3RlcjAeFw0yMzA4
MjQwNjA0NTVaFw0yMzA4MjQwNjA1MTVaMDUxEjAQBgNVBAMMCWxvY2FsaG9zdDEN
MAsGA1UECwwEdGVzdDEQMA4GA1UECgwHY2x1c3RlcjCBnzANBgkqhkiG9w0BAQEF
AAOBjQAwgYkCgYEAsaBSOpkBTqvwTdZE5sBl2lKnO9x8RoKM9LyDibgoe3tg7GLz
+pB3tKvhFZ+iPvwVnAmpLehsddeunhtD8ifKGXfnYWs+mwPhETG2oWjpZmru5648
ddNnzBiUsDTgB6d/qSdgkdqQSxnH9QkoAkGaWwbidvpAi5k4uBVAcEvaif8CAwEA
ATANBgkqhkiG9w0BAQsFAAOBgQAickpK54E23jsjiCTRCPqwNVbFWOmRN0J721jP
mcSptjU3T5Eic5Gm5EbL92l2jKDiqqqwkOeNtJ6CeV9GsL7sooeinaFr09PL+5qh
5cAXlIZ8H2JgfLUxLeeOmFTBTCWc+8RXuVbI9C8BZC6T/fVImLWtIr22LQKfhBYA
CvpZ6Q==
-----END CERTIFICATE-----

2023-08-24 06:05:04,389 [om-CertificateRenewerService] INFO  security.OMCertificateClient (DefaultCertificateClient.java:updateCertSerialId(1244)) - Certificate serial ID set to 1562553
2023-08-24 06:05:04,391 [om-CertificateRenewerService] INFO  security.OMCertificateClient (DefaultCertificateClient.java:readCertificateFile(237)) - Added certificate   [0]         Version: 3
         SerialNumber: 1552135
             IssuerDN: CN=localhost,OU=test,O=cluster
           Start Date: Thu Aug 24 06:04:54 UTC 2023
           Final Date: Thu Aug 24 06:05:14 UTC 2023
            SubjectDN: CN=localhost,OU=test,O=cluster
           Public Key: RSA Public Key [86:dc:a2:a3:09:e8:83:59:c2:25:d1:f3:10:aa:cc:e3:69:a2:f7:a1],[56:66:d1:a4]
        modulus: 9f45c02194313e046045e47f14e8586a7f0d9956ca7e94395f68f4b77b6c1fe775c0991d6fd997800d59ea05c32a9757612a44861dbf9a1a576ffbc37d9b3dc906bc701ab9bfbf27fc7c6cd82b19485a10701dfccb4eb815117b7a74a73bd4b4efea5451e1e78f7c0c45a6dfdb9c21ee8774ee13f622a0a8df99b1f4754daa7d
public exponent: 10001

  Signature Algorithm: SHA256WITHRSA
            Signature: 2d553abacac70c095b6b8fe5f1c678ffe6e7386b
                       34af737f160620493bfea34ff57c683008d301c9
                       3c3f4e1d9e1fb15e6e1eb95fc17e2feeac8fb57c
                       e8285111f97d3e828f18b1490bbdb1fcb373d97c
                       97fdcce05a181141ea6239f568ab61f49626a2b2
                       f47848dd765a514576e08ae8f531536d1861e353
                       bc9163e65a9b6d66
 from file: /tmp/junit3105851939084925123/junit5464003720185683839/om-meta/om/certs/CA-1552135.crt.
2023-08-24 06:05:04,392 [om-CertificateRenewerService] INFO  security.OMCertificateClient (DefaultCertificateClient.java:readCertificateFile(237)) - Added certificate   [0]         Version: 3
         SerialNumber: 1552135
             IssuerDN: CN=localhost,OU=test,O=cluster
           Start Date: Thu Aug 24 06:04:54 UTC 2023
           Final Date: Thu Aug 24 06:05:14 UTC 2023
            SubjectDN: CN=localhost,OU=test,O=cluster
           Public Key: RSA Public Key [86:dc:a2:a3:09:e8:83:59:c2:25:d1:f3:10:aa:cc:e3:69:a2:f7:a1],[56:66:d1:a4]
        modulus: 9f45c02194313e046045e47f14e8586a7f0d9956ca7e94395f68f4b77b6c1fe775c0991d6fd997800d59ea05c32a9757612a44861dbf9a1a576ffbc37d9b3dc906bc701ab9bfbf27fc7c6cd82b19485a10701dfccb4eb815117b7a74a73bd4b4efea5451e1e78f7c0c45a6dfdb9c21ee8774ee13f622a0a8df99b1f4754daa7d
public exponent: 10001

  Signature Algorithm: SHA256WITHRSA
            Signature: 2d553abacac70c095b6b8fe5f1c678ffe6e7386b
                       34af737f160620493bfea34ff57c683008d301c9
                       3c3f4e1d9e1fb15e6e1eb95fc17e2feeac8fb57c
                       e8285111f97d3e828f18b1490bbdb1fcb373d97c
                       97fdcce05a181141ea6239f568ab61f49626a2b2
                       f47848dd765a514576e08ae8f531536d1861e353
                       bc9163e65a9b6d66
 from file: /tmp/junit3105851939084925123/junit5464003720185683839/om-meta/om/certs/1552135.crt.
2023-08-24 06:05:04,398 [om-CertificateRenewerService] INFO  security.OMCertificateClient (DefaultCertificateClient.java:renewAndStoreKeyAndCertificate(1162)) - Successful renew key and certificate. New certificate 1562553.
2023-08-24 06:05:04,399 [om-CertificateRenewerService] INFO  security.OMCertificateClient (DefaultCertificateClient.java:updateCertSerialId(1244)) - Certificate serial ID set to 1562553
2023-08-24 06:05:04,400 [om-CertificateRenewerService] INFO  security.OMCertificateClient (DefaultCertificateClient.java:readCertificateFile(237)) - Added certificate   [0]         Version: 3
         SerialNumber: 1562553
             IssuerDN: CN=localhost,OU=test,O=cluster
           Start Date: Thu Aug 24 06:04:55 UTC 2023
           Final Date: Thu Aug 24 06:05:15 UTC 2023
            SubjectDN: CN=localhost,OU=test,O=cluster
           Public Key: RSA Public Key [44:bb:2f:b7:5c:4f:35:99:d6:0f:9f:e1:5c:8d:7b:66:c2:63:14:ca],[56:66:d1:a4]
        modulus: b1a0523a99014eabf04dd644e6c065da52a73bdc7c46828cf4bc8389b8287b7b60ec62f3fa9077b4abe1159fa23efc159c09a92de86c75d7ae9e1b43f227ca1977e7616b3e9b03e11131b6a168e9666aeee7ae3c75d367cc1894b034e007a77fa9276091da904b19c7f5092802419a5b06e276fa408b9938b81540704bda89ff
public exponent: 10001

  Signature Algorithm: SHA256WITHRSA
            Signature: 22724a4ae78136de3b238824d108fab03556c558
                       e99137427bdb58cf99c4a9b635374f91227391a6
                       e446cbf769768ca0e2aaaab090e78db49e82795f
                       46b0beeca287a29da16bd3d3cbfb9aa1e5c01794
                       867c1f62607cb5312de78e9854c14c259cfbc457
                       b956c8f42f01642e93fdf54898b5ad22bdb62d02
                       9f8416000afa59e9
 from file: /tmp/junit3105851939084925123/junit5464003720185683839/om-meta/om/certs/CA-1562553.crt.
2023-08-24 06:05:04,401 [om-CertificateRenewerService] INFO  security.OMCertificateClient (DefaultCertificateClient.java:readCertificateFile(237)) - Added certificate   [0]         Version: 3
         SerialNumber: 1562553
             IssuerDN: CN=localhost,OU=test,O=cluster
           Start Date: Thu Aug 24 06:04:55 UTC 2023
           Final Date: Thu Aug 24 06:05:15 UTC 2023
            SubjectDN: CN=localhost,OU=test,O=cluster
           Public Key: RSA Public Key [44:bb:2f:b7:5c:4f:35:99:d6:0f:9f:e1:5c:8d:7b:66:c2:63:14:ca],[56:66:d1:a4]
        modulus: b1a0523a99014eabf04dd644e6c065da52a73bdc7c46828cf4bc8389b8287b7b60ec62f3fa9077b4abe1159fa23efc159c09a92de86c75d7ae9e1b43f227ca1977e7616b3e9b03e11131b6a168e9666aeee7ae3c75d367cc1894b034e007a77fa9276091da904b19c7f5092802419a5b06e276fa408b9938b81540704bda89ff
public exponent: 10001

  Signature Algorithm: SHA256WITHRSA
            Signature: 22724a4ae78136de3b238824d108fab03556c558
                       e99137427bdb58cf99c4a9b635374f91227391a6
                       e446cbf769768ca0e2aaaab090e78db49e82795f
                       46b0beeca287a29da16bd3d3cbfb9aa1e5c01794
                       867c1f62607cb5312de78e9854c14c259cfbc457
                       b956c8f42f01642e93fdf54898b5ad22bdb62d02
                       9f8416000afa59e9
 from file: /tmp/junit3105851939084925123/junit5464003720185683839/om-meta/om/certs/1562553.crt.
2023-08-24 06:05:04,401 [om-CertificateRenewerService] INFO  security.OMCertificateClient (DefaultCertificateClient.java:reloadKeyAndCertificate(1232)) - Reset and reloaded key and all certificates for new certificate 1562553.
2023-08-24 06:05:05,290 [Time-limited test] INFO  impl.DefaultInternalKdcServerImpl (DefaultInternalKdcServerImpl.java:doStop(102)) - Default Internal kdc server stopped.
2023-08-24 06:05:06,291 [Time-limited test] INFO  minikdc.MiniKdc (MiniKdc.java:stop(359)) - MiniKdc stopped.
2023-08-24 06:05:06,291 [Time-limited test] INFO  om.OzoneManager (OzoneManager.java:stop(2187)) - om1[fv-az582-512.vyw2dcplbgbehesrvt3jseauje.cx.internal.cloudapp.net:1202]: Stopping Ozone Manager
2023-08-24 06:05:06,291 [Time-limited test] INFO  ipc.Server (Server.java:stop(3523)) - Stopping server on 1202
2023-08-24 06:05:06,292 [Time-limited test] INFO  ratis.OzoneManagerStateMachine (OzoneManagerStateMachine.java:close(534)) - StateMachine has shutdown. Shutdown OzoneManager if not already shutdown.
2023-08-24 06:05:06,292 [Time-limited test] INFO  ratis.OzoneManagerDoubleBuffer (OzoneManagerDoubleBuffer.java:stopDaemon(551)) - Stopping OMDoubleBuffer flush thread
2023-08-24 06:05:06,292 [OMDoubleBufferFlushThread] INFO  ratis.OzoneManagerDoubleBuffer (OzoneManagerDoubleBuffer.java:canFlush(638)) - OMDoubleBuffer flush thread OMDoubleBufferFlushThread is interrupted and will exit.
2023-08-24 06:05:06,292 [Time-limited test] INFO  om.OzoneManager (OzoneManager.java:stopSecretManager(1063)) - Stopping secret key client.
2023-08-24 06:05:06,293 [Time-limited test] INFO  om.OzoneManager (OzoneManager.java:stopSecretManager(1068)) - Stopping OM delegation token secret manager.
2023-08-24 06:05:06,293 [Time-limited test] INFO  rocksdiff.RocksDBCheckpointDiffer (RocksDBCheckpointDiffer.java:close(340)) - Shutting down CompactionDagPruningService.
2023-08-24 06:05:06,295 [Time-limited test] INFO  snapshot.SnapshotDiffManager (SnapshotDiffManager.java:closeExecutorService(1720)) - Shutting down executorService: 'SnapDiffExecutor'
2023-08-24 06:05:06,295 [Time-limited test] INFO  snapshot.SnapshotDiffManager (SnapshotDiffManager.java:closeExecutorService(1720)) - Shutting down executorService: 'SstDumpToolExecutor'
2023-08-24 06:05:06,295 [Time-limited test] INFO  utils.BackgroundService (BackgroundService.java:shutdown(141)) - Shutting down service SnapshotDiffCleanupService
]]></system-out>
  </testcase>
  <testcase name="testSecureOmInitSuccess" classname="org.apache.hadoop.ozone.TestSecureOzoneCluster" time="4.984">
    <system-out><![CDATA[2023-08-24 06:05:06,323 [Time-limited test] INFO  net.ServerSocketUtil (ServerSocketUtil.java:getPort(55)) - Using port 9860
2023-08-24 06:05:06,323 [Time-limited test] INFO  net.ServerSocketUtil (ServerSocketUtil.java:getPort(55)) - Using port 9861
2023-08-24 06:05:06,323 [Time-limited test] INFO  net.ServerSocketUtil (ServerSocketUtil.java:getPort(55)) - Using port 9863
2023-08-24 06:05:06,323 [Time-limited test] INFO  net.ServerSocketUtil (ServerSocketUtil.java:getPort(55)) - Using port 9961
2023-08-24 06:05:06,323 [Time-limited test] INFO  net.ServerSocketUtil (ServerSocketUtil.java:getPort(55)) - Using port 1200
2023-08-24 06:05:06,323 [Time-limited test] INFO  net.ServerSocketUtil (ServerSocketUtil.java:getPort(55)) - Using port 1201
2023-08-24 06:05:06,324 [Time-limited test] INFO  minikdc.MiniKdc (MiniKdc.java:<init>(225)) - Configuration:
2023-08-24 06:05:06,324 [Time-limited test] INFO  minikdc.MiniKdc (MiniKdc.java:<init>(226)) - ---------------------------------------------------------------
2023-08-24 06:05:06,324 [Time-limited test] INFO  minikdc.MiniKdc (MiniKdc.java:<init>(228)) -   debug: false
2023-08-24 06:05:06,324 [Time-limited test] INFO  minikdc.MiniKdc (MiniKdc.java:<init>(228)) -   transport: TCP
2023-08-24 06:05:06,324 [Time-limited test] INFO  minikdc.MiniKdc (MiniKdc.java:<init>(228)) -   max.ticket.lifetime: 86400000
2023-08-24 06:05:06,324 [Time-limited test] INFO  minikdc.MiniKdc (MiniKdc.java:<init>(228)) -   org.name: EXAMPLE
2023-08-24 06:05:06,324 [Time-limited test] INFO  minikdc.MiniKdc (MiniKdc.java:<init>(228)) -   kdc.port: 0
2023-08-24 06:05:06,324 [Time-limited test] INFO  minikdc.MiniKdc (MiniKdc.java:<init>(228)) -   org.domain: COM
2023-08-24 06:05:06,324 [Time-limited test] INFO  minikdc.MiniKdc (MiniKdc.java:<init>(228)) -   max.renewable.lifetime: 604800000
2023-08-24 06:05:06,324 [Time-limited test] INFO  minikdc.MiniKdc (MiniKdc.java:<init>(228)) -   instance: DefaultKrbServer
2023-08-24 06:05:06,324 [Time-limited test] INFO  minikdc.MiniKdc (MiniKdc.java:<init>(228)) -   kdc.bind.address: localhost
2023-08-24 06:05:06,325 [Time-limited test] INFO  minikdc.MiniKdc (MiniKdc.java:<init>(230)) - ---------------------------------------------------------------
2023-08-24 06:05:06,326 [Time-limited test] INFO  minikdc.MiniKdc (MiniKdc.java:start(285)) - MiniKdc started.
2023-08-24 06:05:06,735 [Time-limited test] INFO  om.OzoneManager (OzoneManager.java:getOmDetailsProto(4552)) - OzoneManager ports added:[name: "RPC"
value: 1202
]
2023-08-24 06:05:06,736 [Time-limited test] WARN  server.ServerUtils (ServerUtils.java:getScmDbDir(155)) - ozone.scm.db.dirs is not configured. We recommend adding this setting. Falling back to ozone.metadata.dirs instead.
2023-08-24 06:05:06,736 [Time-limited test] INFO  ha.HASecurityUtils (HASecurityUtils.java:initializeSecurity(98)) - Initializing secure StorageContainerManager.
2023-08-24 06:05:06,738 [Time-limited test] INFO  client.SCMCertificateClient (DefaultCertificateClient.java:updateCertSerialId(1244)) - Certificate serial ID set to null
2023-08-24 06:05:06,738 [Time-limited test] ERROR client.SCMCertificateClient (DefaultCertificateClient.java:getCertPath(362)) - Default certificate serial id is not set. Can't locate the default certificate for this client.
2023-08-24 06:05:06,738 [Time-limited test] INFO  client.SCMCertificateClient (DefaultCertificateClient.java:init(715)) - Certificate client init case: 0
2023-08-24 06:05:06,738 [Time-limited test] INFO  client.SCMCertificateClient (SCMCertificateClient.java:handleCase(103)) - Creating keypair for client as keypair and certificate not found.
2023-08-24 06:05:06,834 [Time-limited test] INFO  ha.HASecurityUtils (HASecurityUtils.java:initializeSecurity(108)) - Init response: GETCERT
2023-08-24 06:05:07,055 [Time-limited test] INFO  ozone.OzoneSecurityUtil (OzoneSecurityUtil.java:getValidInetsForCurrentHost(119)) - ip:fe80:0:0:0:6245:bdff:fe7e:9bc0%eth0 not returned.
2023-08-24 06:05:07,055 [Time-limited test] INFO  ozone.OzoneSecurityUtil (OzoneSecurityUtil.java:getValidInetsForCurrentHost(116)) - Adding ip:10.1.0.20,host:fv-az582-512.vyw2dcplbgbehesrvt3jseauje.cx.internal.cloudapp.net
2023-08-24 06:05:07,055 [Time-limited test] INFO  ozone.OzoneSecurityUtil (OzoneSecurityUtil.java:getValidInetsForCurrentHost(119)) - ip:0:0:0:0:0:0:0:1%lo not returned.
2023-08-24 06:05:07,056 [Time-limited test] INFO  ozone.OzoneSecurityUtil (OzoneSecurityUtil.java:getValidInetsForCurrentHost(119)) - ip:127.0.0.1 not returned.
2023-08-24 06:05:07,063 [Time-limited test] INFO  utils.SelfSignedCertificate (SelfSignedCertificate.java:generateCertificate(157)) - Certificate 1 is issued by CN=scm-1@fv-az582-512,OU=659b4ae5-2b30-4fb0-9bc8-07a03da51cee,O=3eb8e616-066d-4ea2-aed2-4fac2c493f5d to CN=scm-1@fv-az582-512,OU=659b4ae5-2b30-4fb0-9bc8-07a03da51cee,O=3eb8e616-066d-4ea2-aed2-4fac2c493f5d, valid from Thu Aug 24 06:05:07 UTC 2023 to Sun Oct 01 06:05:07 UTC 2028
2023-08-24 06:05:07,064 [Time-limited test] INFO  utils.CertificateCodec (CertificateCodec.java:writeCertificate(299)) - Save certificate to /tmp/junit1217984549879637728/junit599499582142930367/scm-meta/scm/ca/certs/certificate.crt
2023-08-24 06:05:07,064 [Time-limited test] INFO  utils.CertificateCodec (CertificateCodec.java:writeCertificate(300)) - Certificate -----BEGIN CERTIFICATE-----
MIID5zCCAs+gAwIBAgIBATANBgkqhkiG9w0BAQsFADB7MRswGQYDVQQDDBJzY20t
MUBmdi1hejU4Mi01MTIxLTArBgNVBAsMJDY1OWI0YWU1LTJiMzAtNGZiMC05YmM4
LTA3YTAzZGE1MWNlZTEtMCsGA1UECgwkM2ViOGU2MTYtMDY2ZC00ZWEyLWFlZDIt
NGZhYzJjNDkzZjVkMB4XDTIzMDgyNDA2MDUwN1oXDTI4MTAwMTA2MDUwN1owezEb
MBkGA1UEAwwSc2NtLTFAZnYtYXo1ODItNTEyMS0wKwYDVQQLDCQ2NTliNGFlNS0y
YjMwLTRmYjAtOWJjOC0wN2EwM2RhNTFjZWUxLTArBgNVBAoMJDNlYjhlNjE2LTA2
NmQtNGVhMi1hZWQyLTRmYWMyYzQ5M2Y1ZDCCASIwDQYJKoZIhvcNAQEBBQADggEP
ADCCAQoCggEBALDgUbKfDDxCJ6lcM97nXEVOKG7ipOI9z0hD7RmkyvG96nmNGdkT
fABiaHzsaIcfEtX1ucCtwsrEIYbY5f6Yr+BC89JkvoRPSK/zHH09nja4UxIA3/Bo
Z5bXCtnXQssmVtMWf5ZOsirV0aSZed6P72DqGtZvLz4HVE5/T3Zf2g0V7dibsw7+
q1WeDtkHJlw5FuqgO51so8WhuZRQdnkDg+K+pHWAFNFxRGdF6DIF5WrblKyYXefT
jLPfzR+KepmqAYJGyHS9SRPGg6qNm/mI4m0iFzXflHkMG8AsLqCfId9z6pEr0d/u
9jSoph9dYAhZPm8w37Y5UUNug6ffNDCbzscCAwEAAaN2MHQwDwYDVR0TAQH/BAUw
AwEB/zAOBgNVHQ8BAf8EBAMCAQYwUQYDVR0RBEowSIcECgEAFIJAZnYtYXo1ODIt
NTEyLnZ5dzJkY3BsYmdiZWhlc3J2dDNqc2VhdWplLmN4LmludGVybmFsLmNsb3Vk
YXBwLm5ldDANBgkqhkiG9w0BAQsFAAOCAQEAMPOtE+PBp24Y7oEbXBs1ZDQR3Q2e
iCGMz31Vu2xc97ObIhlPCzlFm2K4Nt2NwHIOLFedbpp/4seMmBga+VxP4vk9NxoJ
2wsMLL2z5ujnZZe2exCCxj3pX5ZH7l5blxwy8uRkJ5GjoiTYcBTLktuiKEGoEO5Y
wFJE1iui1s2BT1Pb5Ij3mPpoD/+5IwWkE0QM/F7w9wRlGKMNGqXzOyQouRP0pnGc
upBw5a6eyI4HvZuh6Iy5H2Be6Qsnhqe7ZXE0b2tOiav8FJQzA26dLtxX86m+kF1t
ByPlPM6SYsjYHfWJnd34iuCDu3sT/ZvRQv8cTObzQuZofz+2Xr7gil+Ssw==
-----END CERTIFICATE-----

2023-08-24 06:05:07,065 [Time-limited test] INFO  client.SCMCertificateClient (SCMCertificateClient.java:getCSRBuilder(165)) - Creating csr for SCM->hostName:fv-az582-512,scmId:659b4ae5-2b30-4fb0-9bc8-07a03da51cee,clusterId:3eb8e616-066d-4ea2-aed2-4fac2c493f5d,subject:scm-sub-1574345936677@fv-az582-512
2023-08-24 06:05:07,065 [Time-limited test] INFO  ozone.OzoneSecurityUtil (OzoneSecurityUtil.java:getValidInetsForCurrentHost(119)) - ip:fe80:0:0:0:6245:bdff:fe7e:9bc0%eth0 not returned.
2023-08-24 06:05:07,065 [Time-limited test] INFO  ozone.OzoneSecurityUtil (OzoneSecurityUtil.java:getValidInetsForCurrentHost(116)) - Adding ip:10.1.0.20,host:fv-az582-512.vyw2dcplbgbehesrvt3jseauje.cx.internal.cloudapp.net
2023-08-24 06:05:07,065 [Time-limited test] INFO  ozone.OzoneSecurityUtil (OzoneSecurityUtil.java:getValidInetsForCurrentHost(119)) - ip:0:0:0:0:0:0:0:1%lo not returned.
2023-08-24 06:05:07,065 [Time-limited test] INFO  ozone.OzoneSecurityUtil (OzoneSecurityUtil.java:getValidInetsForCurrentHost(119)) - ip:127.0.0.1 not returned.
2023-08-24 06:05:07,066 [Time-limited test] INFO  ha.HASecurityUtils (HASecurityUtils.java:generateCSR(308)) - Creating csr for SCM->hostName:fv-az582-512,scmId:659b4ae5-2b30-4fb0-9bc8-07a03da51cee,clusterId:3eb8e616-066d-4ea2-aed2-4fac2c493f5d,subject:scm-sub-1574346587371@fv-az582-512
2023-08-24 06:05:07,078 [Time-limited test] INFO  authority.DefaultApprover (DefaultApprover.java:sign(154)) - Extensions in CSR: 2.5.29.19, 2.5.29.15, 2.5.29.17
2023-08-24 06:05:07,078 [Time-limited test] INFO  authority.DefaultApprover (DefaultApprover.java:sign(158)) - Extensions to add to the certificate if they present in CSR: 2.5.29.17, 2.5.29.19, 1.3.6.1.5.5.7.1.12, 2.5.29.35, 2.5.29.37, 2.5.29.15
2023-08-24 06:05:07,085 [Time-limited test] INFO  utils.CertificateCodec (CertificateCodec.java:writeCertificate(299)) - Save certificate to /tmp/junit1217984549879637728/junit599499582142930367/scm-meta/scm/sub-ca/certs/CA-1.crt
2023-08-24 06:05:07,085 [Time-limited test] INFO  utils.CertificateCodec (CertificateCodec.java:writeCertificate(300)) - Certificate -----BEGIN CERTIFICATE-----
MIID5zCCAs+gAwIBAgIBATANBgkqhkiG9w0BAQsFADB7MRswGQYDVQQDDBJzY20t
MUBmdi1hejU4Mi01MTIxLTArBgNVBAsMJDY1OWI0YWU1LTJiMzAtNGZiMC05YmM4
LTA3YTAzZGE1MWNlZTEtMCsGA1UECgwkM2ViOGU2MTYtMDY2ZC00ZWEyLWFlZDIt
NGZhYzJjNDkzZjVkMB4XDTIzMDgyNDA2MDUwN1oXDTI4MTAwMTA2MDUwN1owezEb
MBkGA1UEAwwSc2NtLTFAZnYtYXo1ODItNTEyMS0wKwYDVQQLDCQ2NTliNGFlNS0y
YjMwLTRmYjAtOWJjOC0wN2EwM2RhNTFjZWUxLTArBgNVBAoMJDNlYjhlNjE2LTA2
NmQtNGVhMi1hZWQyLTRmYWMyYzQ5M2Y1ZDCCASIwDQYJKoZIhvcNAQEBBQADggEP
ADCCAQoCggEBALDgUbKfDDxCJ6lcM97nXEVOKG7ipOI9z0hD7RmkyvG96nmNGdkT
fABiaHzsaIcfEtX1ucCtwsrEIYbY5f6Yr+BC89JkvoRPSK/zHH09nja4UxIA3/Bo
Z5bXCtnXQssmVtMWf5ZOsirV0aSZed6P72DqGtZvLz4HVE5/T3Zf2g0V7dibsw7+
q1WeDtkHJlw5FuqgO51so8WhuZRQdnkDg+K+pHWAFNFxRGdF6DIF5WrblKyYXefT
jLPfzR+KepmqAYJGyHS9SRPGg6qNm/mI4m0iFzXflHkMG8AsLqCfId9z6pEr0d/u
9jSoph9dYAhZPm8w37Y5UUNug6ffNDCbzscCAwEAAaN2MHQwDwYDVR0TAQH/BAUw
AwEB/zAOBgNVHQ8BAf8EBAMCAQYwUQYDVR0RBEowSIcECgEAFIJAZnYtYXo1ODIt
NTEyLnZ5dzJkY3BsYmdiZWhlc3J2dDNqc2VhdWplLmN4LmludGVybmFsLmNsb3Vk
YXBwLm5ldDANBgkqhkiG9w0BAQsFAAOCAQEAMPOtE+PBp24Y7oEbXBs1ZDQR3Q2e
iCGMz31Vu2xc97ObIhlPCzlFm2K4Nt2NwHIOLFedbpp/4seMmBga+VxP4vk9NxoJ
2wsMLL2z5ujnZZe2exCCxj3pX5ZH7l5blxwy8uRkJ5GjoiTYcBTLktuiKEGoEO5Y
wFJE1iui1s2BT1Pb5Ij3mPpoD/+5IwWkE0QM/F7w9wRlGKMNGqXzOyQouRP0pnGc
upBw5a6eyI4HvZuh6Iy5H2Be6Qsnhqe7ZXE0b2tOiav8FJQzA26dLtxX86m+kF1t
ByPlPM6SYsjYHfWJnd34iuCDu3sT/ZvRQv8cTObzQuZofz+2Xr7gil+Ssw==
-----END CERTIFICATE-----

2023-08-24 06:05:07,086 [Time-limited test] INFO  utils.CertificateCodec (CertificateCodec.java:writeCertificate(299)) - Save certificate to /tmp/junit1217984549879637728/junit599499582142930367/scm-meta/scm/sub-ca/certs/1574358733257.crt
2023-08-24 06:05:07,086 [Time-limited test] INFO  utils.CertificateCodec (CertificateCodec.java:writeCertificate(300)) - Certificate -----BEGIN CERTIFICATE-----
MIID/TCCAuWgAwIBAgIGAW6PF9HJMA0GCSqGSIb3DQEBCwUAMHsxGzAZBgNVBAMM
EnNjbS0xQGZ2LWF6NTgyLTUxMjEtMCsGA1UECwwkNjU5YjRhZTUtMmIzMC00ZmIw
LTliYzgtMDdhMDNkYTUxY2VlMS0wKwYDVQQKDCQzZWI4ZTYxNi0wNjZkLTRlYTIt
YWVkMi00ZmFjMmM0OTNmNWQwHhcNMjMwODI0MDYwNTA3WhcNMjgxMDAxMDYwNTA3
WjCBizErMCkGA1UEAwwic2NtLXN1Yi0xNTc0MzQ2NTg3MzcxQGZ2LWF6NTgyLTUx
MjEtMCsGA1UECwwkNjU5YjRhZTUtMmIzMC00ZmIwLTliYzgtMDdhMDNkYTUxY2Vl
MS0wKwYDVQQKDCQzZWI4ZTYxNi0wNjZkLTRlYTItYWVkMi00ZmFjMmM0OTNmNWQw
ggEiMA0GCSqGSIb3DQEBAQUAA4IBDwAwggEKAoIBAQCgZM7zXSGJSKfyAZel7oYT
i2/+fP83+oq+89Zdto+Mq9vwUWayrtwwNjJBBSnxOd3jZ3udlL8itS4VZEZSoNvN
MAWTcEBg+CeuTWLJC/BAtOp9XwMt7HXCNkQxdGppqqWziQNEaVah9dQhpJF0zDH0
PJZqlPNbPQYdREA2ndv0d9UR9Dlf6nqVJZc9wWx0hvjPnZD0sC1AvwFx9S7Ut/BL
6grYgIcZMLZ8Arj11pH/X6J7XtCfSHxJzU5VV8bYx2KgTMw7HHdqWU/ka1I9LYK0
ca0aTfpKTrbAYWCmHup22OoQQxJJgMYubLfAClEmWkMbPR8qfwoM2e8FNF3YveLv
AgMBAAGjdjB0MFEGA1UdEQRKMEiHBAoBABSCQGZ2LWF6NTgyLTUxMi52eXcyZGNw
bGJnYmVoZXNydnQzanNlYXVqZS5jeC5pbnRlcm5hbC5jbG91ZGFwcC5uZXQwDwYD
VR0TAQH/BAUwAwEB/zAOBgNVHQ8BAf8EBAMCAb4wDQYJKoZIhvcNAQELBQADggEB
AC4JSoZdhtuY3fDL+q+yPas/bdU+z/aZUa6BIvWHHyD9r2cf3HxvCIbZGzBYFVUO
lYr7dyfokCpiBt3AfgP59Mh5TYNRY1NUZb1hx9jewqFxdLOqSEcTqtdWKqdY2M1w
EkRK8i7jud8HWw6X6wtnabwt8z5or6JIhn0wdJHmXTa8UKcFsa9m97kFEOZua/S1
92HINCs+j1lzohWIKywY+Bn+TBp/jgPoUOE0Y4wT/MCB+Rnij625vciLYL8tO/wn
EzJvTz2R6KAGNBwARSG1muorjz3U4vcL75TdwoVHJErJX1eV7XMUxFyrUqcL2f4g
A6BHfQSL3joEt73G6LMWbDg=
-----END CERTIFICATE-----

-----BEGIN CERTIFICATE-----
MIID5zCCAs+gAwIBAgIBATANBgkqhkiG9w0BAQsFADB7MRswGQYDVQQDDBJzY20t
MUBmdi1hejU4Mi01MTIxLTArBgNVBAsMJDY1OWI0YWU1LTJiMzAtNGZiMC05YmM4
LTA3YTAzZGE1MWNlZTEtMCsGA1UECgwkM2ViOGU2MTYtMDY2ZC00ZWEyLWFlZDIt
NGZhYzJjNDkzZjVkMB4XDTIzMDgyNDA2MDUwN1oXDTI4MTAwMTA2MDUwN1owezEb
MBkGA1UEAwwSc2NtLTFAZnYtYXo1ODItNTEyMS0wKwYDVQQLDCQ2NTliNGFlNS0y
YjMwLTRmYjAtOWJjOC0wN2EwM2RhNTFjZWUxLTArBgNVBAoMJDNlYjhlNjE2LTA2
NmQtNGVhMi1hZWQyLTRmYWMyYzQ5M2Y1ZDCCASIwDQYJKoZIhvcNAQEBBQADggEP
ADCCAQoCggEBALDgUbKfDDxCJ6lcM97nXEVOKG7ipOI9z0hD7RmkyvG96nmNGdkT
fABiaHzsaIcfEtX1ucCtwsrEIYbY5f6Yr+BC89JkvoRPSK/zHH09nja4UxIA3/Bo
Z5bXCtnXQssmVtMWf5ZOsirV0aSZed6P72DqGtZvLz4HVE5/T3Zf2g0V7dibsw7+
q1WeDtkHJlw5FuqgO51so8WhuZRQdnkDg+K+pHWAFNFxRGdF6DIF5WrblKyYXefT
jLPfzR+KepmqAYJGyHS9SRPGg6qNm/mI4m0iFzXflHkMG8AsLqCfId9z6pEr0d/u
9jSoph9dYAhZPm8w37Y5UUNug6ffNDCbzscCAwEAAaN2MHQwDwYDVR0TAQH/BAUw
AwEB/zAOBgNVHQ8BAf8EBAMCAQYwUQYDVR0RBEowSIcECgEAFIJAZnYtYXo1ODIt
NTEyLnZ5dzJkY3BsYmdiZWhlc3J2dDNqc2VhdWplLmN4LmludGVybmFsLmNsb3Vk
YXBwLm5ldDANBgkqhkiG9w0BAQsFAAOCAQEAMPOtE+PBp24Y7oEbXBs1ZDQR3Q2e
iCGMz31Vu2xc97ObIhlPCzlFm2K4Nt2NwHIOLFedbpp/4seMmBga+VxP4vk9NxoJ
2wsMLL2z5ujnZZe2exCCxj3pX5ZH7l5blxwy8uRkJ5GjoiTYcBTLktuiKEGoEO5Y
wFJE1iui1s2BT1Pb5Ij3mPpoD/+5IwWkE0QM/F7w9wRlGKMNGqXzOyQouRP0pnGc
upBw5a6eyI4HvZuh6Iy5H2Be6Qsnhqe7ZXE0b2tOiav8FJQzA26dLtxX86m+kF1t
ByPlPM6SYsjYHfWJnd34iuCDu3sT/ZvRQv8cTObzQuZofz+2Xr7gil+Ssw==
-----END CERTIFICATE-----

2023-08-24 06:05:07,087 [Time-limited test] INFO  utils.CertificateCodec (CertificateCodec.java:writeCertificate(299)) - Save certificate to /tmp/junit1217984549879637728/junit599499582142930367/scm-meta/scm/sub-ca/certs/certificate.crt
2023-08-24 06:05:07,087 [Time-limited test] INFO  utils.CertificateCodec (CertificateCodec.java:writeCertificate(300)) - Certificate -----BEGIN CERTIFICATE-----
MIID/TCCAuWgAwIBAgIGAW6PF9HJMA0GCSqGSIb3DQEBCwUAMHsxGzAZBgNVBAMM
EnNjbS0xQGZ2LWF6NTgyLTUxMjEtMCsGA1UECwwkNjU5YjRhZTUtMmIzMC00ZmIw
LTliYzgtMDdhMDNkYTUxY2VlMS0wKwYDVQQKDCQzZWI4ZTYxNi0wNjZkLTRlYTIt
YWVkMi00ZmFjMmM0OTNmNWQwHhcNMjMwODI0MDYwNTA3WhcNMjgxMDAxMDYwNTA3
WjCBizErMCkGA1UEAwwic2NtLXN1Yi0xNTc0MzQ2NTg3MzcxQGZ2LWF6NTgyLTUx
MjEtMCsGA1UECwwkNjU5YjRhZTUtMmIzMC00ZmIwLTliYzgtMDdhMDNkYTUxY2Vl
MS0wKwYDVQQKDCQzZWI4ZTYxNi0wNjZkLTRlYTItYWVkMi00ZmFjMmM0OTNmNWQw
ggEiMA0GCSqGSIb3DQEBAQUAA4IBDwAwggEKAoIBAQCgZM7zXSGJSKfyAZel7oYT
i2/+fP83+oq+89Zdto+Mq9vwUWayrtwwNjJBBSnxOd3jZ3udlL8itS4VZEZSoNvN
MAWTcEBg+CeuTWLJC/BAtOp9XwMt7HXCNkQxdGppqqWziQNEaVah9dQhpJF0zDH0
PJZqlPNbPQYdREA2ndv0d9UR9Dlf6nqVJZc9wWx0hvjPnZD0sC1AvwFx9S7Ut/BL
6grYgIcZMLZ8Arj11pH/X6J7XtCfSHxJzU5VV8bYx2KgTMw7HHdqWU/ka1I9LYK0
ca0aTfpKTrbAYWCmHup22OoQQxJJgMYubLfAClEmWkMbPR8qfwoM2e8FNF3YveLv
AgMBAAGjdjB0MFEGA1UdEQRKMEiHBAoBABSCQGZ2LWF6NTgyLTUxMi52eXcyZGNw
bGJnYmVoZXNydnQzanNlYXVqZS5jeC5pbnRlcm5hbC5jbG91ZGFwcC5uZXQwDwYD
VR0TAQH/BAUwAwEB/zAOBgNVHQ8BAf8EBAMCAb4wDQYJKoZIhvcNAQELBQADggEB
AC4JSoZdhtuY3fDL+q+yPas/bdU+z/aZUa6BIvWHHyD9r2cf3HxvCIbZGzBYFVUO
lYr7dyfokCpiBt3AfgP59Mh5TYNRY1NUZb1hx9jewqFxdLOqSEcTqtdWKqdY2M1w
EkRK8i7jud8HWw6X6wtnabwt8z5or6JIhn0wdJHmXTa8UKcFsa9m97kFEOZua/S1
92HINCs+j1lzohWIKywY+Bn+TBp/jgPoUOE0Y4wT/MCB+Rnij625vciLYL8tO/wn
EzJvTz2R6KAGNBwARSG1muorjz3U4vcL75TdwoVHJErJX1eV7XMUxFyrUqcL2f4g
A6BHfQSL3joEt73G6LMWbDg=
-----END CERTIFICATE-----

-----BEGIN CERTIFICATE-----
MIID5zCCAs+gAwIBAgIBATANBgkqhkiG9w0BAQsFADB7MRswGQYDVQQDDBJzY20t
MUBmdi1hejU4Mi01MTIxLTArBgNVBAsMJDY1OWI0YWU1LTJiMzAtNGZiMC05YmM4
LTA3YTAzZGE1MWNlZTEtMCsGA1UECgwkM2ViOGU2MTYtMDY2ZC00ZWEyLWFlZDIt
NGZhYzJjNDkzZjVkMB4XDTIzMDgyNDA2MDUwN1oXDTI4MTAwMTA2MDUwN1owezEb
MBkGA1UEAwwSc2NtLTFAZnYtYXo1ODItNTEyMS0wKwYDVQQLDCQ2NTliNGFlNS0y
YjMwLTRmYjAtOWJjOC0wN2EwM2RhNTFjZWUxLTArBgNVBAoMJDNlYjhlNjE2LTA2
NmQtNGVhMi1hZWQyLTRmYWMyYzQ5M2Y1ZDCCASIwDQYJKoZIhvcNAQEBBQADggEP
ADCCAQoCggEBALDgUbKfDDxCJ6lcM97nXEVOKG7ipOI9z0hD7RmkyvG96nmNGdkT
fABiaHzsaIcfEtX1ucCtwsrEIYbY5f6Yr+BC89JkvoRPSK/zHH09nja4UxIA3/Bo
Z5bXCtnXQssmVtMWf5ZOsirV0aSZed6P72DqGtZvLz4HVE5/T3Zf2g0V7dibsw7+
q1WeDtkHJlw5FuqgO51so8WhuZRQdnkDg+K+pHWAFNFxRGdF6DIF5WrblKyYXefT
jLPfzR+KepmqAYJGyHS9SRPGg6qNm/mI4m0iFzXflHkMG8AsLqCfId9z6pEr0d/u
9jSoph9dYAhZPm8w37Y5UUNug6ffNDCbzscCAwEAAaN2MHQwDwYDVR0TAQH/BAUw
AwEB/zAOBgNVHQ8BAf8EBAMCAQYwUQYDVR0RBEowSIcECgEAFIJAZnYtYXo1ODIt
NTEyLnZ5dzJkY3BsYmdiZWhlc3J2dDNqc2VhdWplLmN4LmludGVybmFsLmNsb3Vk
YXBwLm5ldDANBgkqhkiG9w0BAQsFAAOCAQEAMPOtE+PBp24Y7oEbXBs1ZDQR3Q2e
iCGMz31Vu2xc97ObIhlPCzlFm2K4Nt2NwHIOLFedbpp/4seMmBga+VxP4vk9NxoJ
2wsMLL2z5ujnZZe2exCCxj3pX5ZH7l5blxwy8uRkJ5GjoiTYcBTLktuiKEGoEO5Y
wFJE1iui1s2BT1Pb5Ij3mPpoD/+5IwWkE0QM/F7w9wRlGKMNGqXzOyQouRP0pnGc
upBw5a6eyI4HvZuh6Iy5H2Be6Qsnhqe7ZXE0b2tOiav8FJQzA26dLtxX86m+kF1t
ByPlPM6SYsjYHfWJnd34iuCDu3sT/ZvRQv8cTObzQuZofz+2Xr7gil+Ssw==
-----END CERTIFICATE-----

2023-08-24 06:05:07,087 [Time-limited test] INFO  ha.HASecurityUtils (HASecurityUtils.java:initializeSecurity(121)) - Successfully stored SCM signed certificate.
2023-08-24 06:05:07,089 [Time-limited test] WARN  server.ServerUtils (ServerUtils.java:getScmDbDir(155)) - ozone.scm.db.dirs is not configured. We recommend adding this setting. Falling back to ozone.metadata.dirs instead.
2023-08-24 06:05:07,089 [Time-limited test] INFO  ha.SCMHANodeDetails (SCMHANodeDetails.java:loadSCMHAConfig(210)) - ServiceID for StorageContainerManager is null
2023-08-24 06:05:07,089 [Time-limited test] INFO  ha.SCMHANodeDetails (SCMHANodeDetails.java:loadSCMHAConfig(215)) - ozone.scm.default.service.id is not defined, falling back to ozone.scm.service.ids to find serviceID for StorageContainerManager if it is HA enabled cluster
2023-08-24 06:05:07,100 [pool-201-thread-1] INFO  request.KdcRequest (KdcRequest.java:preauth(651)) - The preauth data is empty.
2023-08-24 06:05:07,100 [pool-201-thread-1] INFO  server.KdcHandler (KdcHandler.java:handleRecoverableException(177)) - KRB error occurred while processing request:Additional pre-authentication required
2023-08-24 06:05:07,105 [pool-201-thread-1] INFO  request.AsRequest (AsRequest.java:issueTicket(112)) - AS_REQ ISSUE: authtime 1692857107104,scm/fv-az582-512.vyw2dcplbgbehesrvt3jseauje.cx.internal.cloudapp.net@EXAMPLE.COM for krbtgt/EXAMPLE.COM@EXAMPLE.COM
2023-08-24 06:05:07,106 [Time-limited test] INFO  security.UserGroupInformation (UserGroupInformation.java:loginUserFromKeytab(1132)) - Login successful for user scm/fv-az582-512.vyw2dcplbgbehesrvt3jseauje.cx.internal.cloudapp.net@EXAMPLE.COM using keytab file scm.keytab. Keytab auto renewal enabled : false
2023-08-24 06:05:07,107 [Time-limited test] INFO  server.StorageContainerManager (StorageContainerManager.java:loginAsSCMUserIfSecurityEnabled(1042)) - SCM login successful.
2023-08-24 06:05:07,108 [Time-limited test] INFO  client.SCMCertificateClient (DefaultCertificateClient.java:updateCertSerialId(1244)) - Certificate serial ID set to 1574358733257
2023-08-24 06:05:07,110 [Time-limited test] INFO  client.SCMCertificateClient (DefaultCertificateClient.java:readCertificateFile(237)) - Added certificate   [0]         Version: 3
         SerialNumber: 1574358733257
             IssuerDN: CN=scm-1@fv-az582-512,OU=659b4ae5-2b30-4fb0-9bc8-07a03da51cee,O=3eb8e616-066d-4ea2-aed2-4fac2c493f5d
           Start Date: Thu Aug 24 06:05:07 UTC 2023
           Final Date: Sun Oct 01 06:05:07 UTC 2028
            SubjectDN: CN=scm-sub-1574346587371@fv-az582-512,OU=659b4ae5-2b30-4fb0-9bc8-07a03da51cee,O=3eb8e616-066d-4ea2-aed2-4fac2c493f5d
           Public Key: RSA Public Key [58:dd:10:1b:56:be:3a:e6:f2:b2:9c:8c:6c:a7:01:64:29:08:95:a7],[56:66:d1:a4]
        modulus: a064cef35d218948a7f20197a5ee86138b6ffe7cff37fa8abef3d65db68f8cabdbf05166b2aedc303632410529f139dde3677b9d94bf22b52e15644652a0dbcd300593704060f827ae4d62c90bf040b4ea7d5f032dec75c2364431746a69aaa5b38903446956a1f5d421a49174cc31f43c966a94f35b3d061d4440369ddbf477d511f4395fea7a9525973dc16c7486f8cf9d90f4b02d40bf0171f52ed4b7f04bea0ad880871930b67c02b8f5d691ff5fa27b5ed09f487c49cd4e5557c6d8c762a04ccc3b1c776a594fe46b523d2d82b471ad1a4dfa4a4eb6c06160a61eea76d8ea1043124980c62e6cb7c00a51265a431b3d1f2a7f0a0cd9ef05345dd8bde2ef
public exponent: 10001

  Signature Algorithm: SHA256WITHRSA
            Signature: 2e094a865d86db98ddf0cbfaafb23dab3f6dd53e
                       cff69951ae8122f5871f20fdaf671fdc7c6f0886
                       d91b305815550e958afb7727e8902a6206ddc07e
                       03f9f4c8794d835163535465bd61c7d8dec2a171
                       74b3aa484713aad7562aa758d8cd7012444af22e
                       e3b9df075b0e97eb0b6769bc2df33e68afa24886
                       7d307491e65d36bc50a705b1af66f7b90510e66e
                       6bf4b5f761c8342b3e8f5973a215882b2c18f819
                       fe4c1a7f8e03e850e134638c13fcc081f919e28f
                       adb9bdc88b60bf2d3bfc2713326f4f3d91e8a006
                       341c004521b59aea2b8f3dd4e2f70bef94ddc285
                       47244ac95f5795ed7314c45cab52a70bd9fe2003
                       a0477d048bde3a04b7bdc6e8b3166c38
       Extensions: 
                       critical(false) 2.5.29.17 value = Sequence
    Tagged [7] IMPLICIT 
        DER Octet String[4] 
    Tagged [2] IMPLICIT 
        DER Octet String[64] 

                       critical(true) BasicConstraints: isCa(true)
                       critical(true) KeyUsage: 0xbe
 from file: /tmp/junit1217984549879637728/junit599499582142930367/scm-meta/scm/sub-ca/certs/1574358733257.crt.
2023-08-24 06:05:07,111 [Time-limited test] INFO  client.SCMCertificateClient (DefaultCertificateClient.java:readCertificateFile(237)) - Added certificate   [0]         Version: 3
         SerialNumber: 1
             IssuerDN: CN=scm-1@fv-az582-512,OU=659b4ae5-2b30-4fb0-9bc8-07a03da51cee,O=3eb8e616-066d-4ea2-aed2-4fac2c493f5d
           Start Date: Thu Aug 24 06:05:07 UTC 2023
           Final Date: Sun Oct 01 06:05:07 UTC 2028
            SubjectDN: CN=scm-1@fv-az582-512,OU=659b4ae5-2b30-4fb0-9bc8-07a03da51cee,O=3eb8e616-066d-4ea2-aed2-4fac2c493f5d
           Public Key: RSA Public Key [68:6c:6f:90:c8:90:b3:41:c7:1e:29:10:fa:9a:65:8f:96:e6:e8:0e],[56:66:d1:a4]
        modulus: b0e051b29f0c3c4227a95c33dee75c454e286ee2a4e23dcf4843ed19a4caf1bdea798d19d9137c0062687cec68871f12d5f5b9c0adc2cac42186d8e5fe98afe042f3d264be844f48aff31c7d3d9e36b8531200dff0686796d70ad9d742cb2656d3167f964eb22ad5d1a49979de8fef60ea1ad66f2f3e07544e7f4f765fda0d15edd89bb30efeab559e0ed907265c3916eaa03b9d6ca3c5a1b9945076790383e2bea4758014d171446745e83205e56adb94ac985de7d38cb3dfcd1f8a7a99aa018246c874bd4913c683aa8d9bf988e26d221735df94790c1bc02c2ea09f21df73ea912bd1dfeef634a8a61f5d6008593e6f30dfb63951436e83a7df34309bcec7
public exponent: 10001

  Signature Algorithm: SHA256WITHRSA
            Signature: 30f3ad13e3c1a76e18ee811b5c1b35643411dd0d
                       9e88218ccf7d55bb6c5cf7b39b22194f0b39459b
                       62b836dd8dc0720e2c579d6e9a7fe2c78c98181a
                       f95c4fe2f93d371a09db0b0c2cbdb3e6e8e76597
                       b67b1082c63de95f9647ee5e5b971c32f2e46427
                       91a3a224d87014cb92dba22841a810ee58c05244
                       d62ba2d6cd814f53dbe488f798fa680fffb92305
                       a413440cfc5ef0f7046518a30d1aa5f33b2428b9
                       13f4a6719cba9070e5ae9ec88e07bd9ba1e88cb9
                       1f605ee90b2786a7bb6571346f6b4e89abfc1494
                       33036e9d2edc57f3a9be905d6d0723e53cce9262
                       c8d81df5899dddf88ae083bb7b13fd9bd142ff1c
                       4ce6f342e6687f3fb65ebee08a5f92b3
       Extensions: 
                       critical(true) BasicConstraints: isCa(true)
                       critical(true) KeyUsage: 0x6
                       critical(false) 2.5.29.17 value = Sequence
    Tagged [7] IMPLICIT 
        DER Octet String[4] 
    Tagged [2] IMPLICIT 
        DER Octet String[64] 

 from file: /tmp/junit1217984549879637728/junit599499582142930367/scm-meta/scm/sub-ca/certs/CA-1.crt.
2023-08-24 06:05:07,112 [Time-limited test] INFO  client.SCMCertificateClient (DefaultCertificateClient.java:readCertificateFile(237)) - Added certificate   [0]         Version: 3
         SerialNumber: 1574358733257
             IssuerDN: CN=scm-1@fv-az582-512,OU=659b4ae5-2b30-4fb0-9bc8-07a03da51cee,O=3eb8e616-066d-4ea2-aed2-4fac2c493f5d
           Start Date: Thu Aug 24 06:05:07 UTC 2023
           Final Date: Sun Oct 01 06:05:07 UTC 2028
            SubjectDN: CN=scm-sub-1574346587371@fv-az582-512,OU=659b4ae5-2b30-4fb0-9bc8-07a03da51cee,O=3eb8e616-066d-4ea2-aed2-4fac2c493f5d
           Public Key: RSA Public Key [58:dd:10:1b:56:be:3a:e6:f2:b2:9c:8c:6c:a7:01:64:29:08:95:a7],[56:66:d1:a4]
        modulus: a064cef35d218948a7f20197a5ee86138b6ffe7cff37fa8abef3d65db68f8cabdbf05166b2aedc303632410529f139dde3677b9d94bf22b52e15644652a0dbcd300593704060f827ae4d62c90bf040b4ea7d5f032dec75c2364431746a69aaa5b38903446956a1f5d421a49174cc31f43c966a94f35b3d061d4440369ddbf477d511f4395fea7a9525973dc16c7486f8cf9d90f4b02d40bf0171f52ed4b7f04bea0ad880871930b67c02b8f5d691ff5fa27b5ed09f487c49cd4e5557c6d8c762a04ccc3b1c776a594fe46b523d2d82b471ad1a4dfa4a4eb6c06160a61eea76d8ea1043124980c62e6cb7c00a51265a431b3d1f2a7f0a0cd9ef05345dd8bde2ef
public exponent: 10001

  Signature Algorithm: SHA256WITHRSA
            Signature: 2e094a865d86db98ddf0cbfaafb23dab3f6dd53e
                       cff69951ae8122f5871f20fdaf671fdc7c6f0886
                       d91b305815550e958afb7727e8902a6206ddc07e
                       03f9f4c8794d835163535465bd61c7d8dec2a171
                       74b3aa484713aad7562aa758d8cd7012444af22e
                       e3b9df075b0e97eb0b6769bc2df33e68afa24886
                       7d307491e65d36bc50a705b1af66f7b90510e66e
                       6bf4b5f761c8342b3e8f5973a215882b2c18f819
                       fe4c1a7f8e03e850e134638c13fcc081f919e28f
                       adb9bdc88b60bf2d3bfc2713326f4f3d91e8a006
                       341c004521b59aea2b8f3dd4e2f70bef94ddc285
                       47244ac95f5795ed7314c45cab52a70bd9fe2003
                       a0477d048bde3a04b7bdc6e8b3166c38
       Extensions: 
                       critical(false) 2.5.29.17 value = Sequence
    Tagged [7] IMPLICIT 
        DER Octet String[4] 
    Tagged [2] IMPLICIT 
        DER Octet String[64] 

                       critical(true) BasicConstraints: isCa(true)
                       critical(true) KeyUsage: 0xbe
 from file: /tmp/junit1217984549879637728/junit599499582142930367/scm-meta/scm/sub-ca/certs/certificate.crt.
2023-08-24 06:05:07,113 [Time-limited test] INFO  client.SCMCertificateClient (DefaultCertificateClient.java:loadAllCertificates(191)) - CertificateRenewerService and root ca rotation polling is disabled for scm/sub-ca
2023-08-24 06:05:07,113 [Time-limited test] WARN  utils.HAUtils (HAUtils.java:getMetaDir(339)) - ozone.scm.db.dirs is not configured. We recommend adding this setting. Falling back to ozone.metadata.dirs instead.
2023-08-24 06:05:07,115 [Time-limited test] WARN  db.DBStoreBuilder (DBStoreBuilder.java:applyDBDefinition(166)) - ozone.scm.db.dirs is not configured. We recommend adding this setting. Falling back to ozone.metadata.dirs instead.
2023-08-24 06:05:07,224 [Time-limited test] INFO  net.NodeSchemaLoader (NodeSchemaLoader.java:loadSchemaFromFile(129)) - Loading schema from [jar:file:/home/runner/.m2/repository/org/apache/ozone/hdds-common/1.4.0-SNAPSHOT/hdds-common-1.4.0-SNAPSHOT.jar!/network-topology-default.xml]
2023-08-24 06:05:07,224 [Time-limited test] INFO  net.NodeSchemaLoader (NodeSchemaLoader.java:loadSchema(176)) - Loading network topology layer schema file
2023-08-24 06:05:07,227 [Time-limited test] INFO  upgrade.AbstractLayoutVersionManager (AbstractLayoutVersionManager.java:init(83)) - Initializing Layout version manager with metadata layout = HADOOP_PRC_PORTS_IN_DATANODEDETAILS (version = 7), software layout = HADOOP_PRC_PORTS_IN_DATANODEDETAILS (version = 7)
2023-08-24 06:05:07,229 [Time-limited test] INFO  ha.SequenceIdGenerator (SequenceIdGenerator.java:upgradeToSequenceId(365)) - upgrade localId to 111677748019200000
2023-08-24 06:05:07,234 [Time-limited test] INFO  ha.SequenceIdGenerator (SequenceIdGenerator.java:upgradeToSequenceId(375)) - upgrade delTxnId to 0
2023-08-24 06:05:07,235 [Time-limited test] INFO  ha.SequenceIdGenerator (SequenceIdGenerator.java:upgradeToSequenceId(392)) - upgrade containerId to 0
2023-08-24 06:05:07,235 [Time-limited test] INFO  ha.SequenceIdGenerator (SequenceIdGenerator.java:upgradeToSequenceId(428)) - upgrade rootCertificateId to 1
2023-08-24 06:05:07,236 [Time-limited test] INFO  ha.SequenceIdGenerator (SequenceIdGenerator.java:<init>(236)) - Init the HA SequenceIdGenerator.
2023-08-24 06:05:07,238 [Time-limited test] INFO  node.SCMNodeManager (SCMNodeManager.java:<init>(157)) - Entering startup safe mode.
2023-08-24 06:05:07,247 [Time-limited test] INFO  algorithms.ContainerPlacementPolicyFactory (ContainerPlacementPolicyFactory.java:getPolicyInternal(86)) - Create container placement policy of type org.apache.hadoop.hdds.scm.container.placement.algorithms.SCMContainerPlacementRackAware
2023-08-24 06:05:07,247 [Time-limited test] INFO  algorithms.ContainerPlacementPolicyFactory (ContainerPlacementPolicyFactory.java:getPolicyInternal(86)) - Create container placement policy of type org.apache.hadoop.hdds.scm.container.placement.algorithms.SCMContainerPlacementRackScatter
2023-08-24 06:05:07,248 [Time-limited test] INFO  pipeline.PipelineStateManagerImpl (PipelineStateManagerImpl.java:initialize(78)) - No pipeline exists in current db
2023-08-24 06:05:07,248 [Time-limited test] INFO  algorithms.LeaderChoosePolicyFactory (LeaderChoosePolicyFactory.java:getPolicy(57)) - Create leader choose policy of type org.apache.hadoop.hdds.scm.pipeline.leader.choose.algorithms.MinLeaderCountChoosePolicy
2023-08-24 06:05:07,248 [Time-limited test] INFO  algorithms.ContainerPlacementPolicyFactory (ContainerPlacementPolicyFactory.java:getPolicyInternal(86)) - Create container placement policy of type org.apache.hadoop.hdds.scm.container.placement.algorithms.SCMContainerPlacementRackScatter
2023-08-24 06:05:07,255 [Time-limited test] INFO  ha.SCMServiceManager (SCMServiceManager.java:register(42)) - Registering service BackgroundPipelineCreator.
2023-08-24 06:05:07,255 [Time-limited test] INFO  pipeline.BackgroundPipelineCreator (BackgroundPipelineCreator.java:start(124)) - Starting RatisPipelineUtilsThread.
2023-08-24 06:05:07,255 [Time-limited test] INFO  BackgroundPipelineScrubber (BackgroundSCMService.java:start(68)) - Starting BackgroundPipelineScrubber Service.
2023-08-24 06:05:07,255 [Time-limited test] INFO  ha.SCMServiceManager (SCMServiceManager.java:register(42)) - Registering service BackgroundPipelineScrubber.
2023-08-24 06:05:07,255 [Time-limited test] INFO  ExpiredContainerReplicaOpScrubber (BackgroundSCMService.java:start(68)) - Starting ExpiredContainerReplicaOpScrubber Service.
2023-08-24 06:05:07,256 [Time-limited test] INFO  ha.SCMServiceManager (SCMServiceManager.java:register(42)) - Registering service ExpiredContainerReplicaOpScrubber.
2023-08-24 06:05:07,257 [Time-limited test] INFO  algorithms.PipelineChoosePolicyFactory (PipelineChoosePolicyFactory.java:createPipelineChoosePolicyFromClass(78)) - Create pipeline choose policy of type org.apache.hadoop.hdds.scm.pipeline.choose.algorithms.RandomPipelineChoosePolicy
2023-08-24 06:05:07,257 [Time-limited test] INFO  algorithms.PipelineChoosePolicyFactory (PipelineChoosePolicyFactory.java:createPipelineChoosePolicyFromClass(78)) - Create pipeline choose policy of type org.apache.hadoop.hdds.scm.pipeline.choose.algorithms.RandomPipelineChoosePolicy
2023-08-24 06:05:07,259 [Time-limited test] INFO  ha.SCMServiceManager (SCMServiceManager.java:register(42)) - Registering service SCMBlockDeletingService.
2023-08-24 06:05:07,261 [Time-limited test] INFO  replication.ReplicationManager (ReplicationManager.java:start(287)) - Starting Replication Monitor Thread.
2023-08-24 06:05:07,278 [ReplicationMonitor] INFO  replication.ReplicationManager (ReplicationManager.java:processAll(361)) - Replication Manager is not ready to run until 300000ms after safemode exit
2023-08-24 06:05:07,278 [Time-limited test] INFO  ha.SCMServiceManager (SCMServiceManager.java:register(42)) - Registering service ReplicationManager.
2023-08-24 06:05:07,280 [Time-limited test] INFO  safemode.ContainerSafeModeRule (ContainerSafeModeRule.java:<init>(90)) - containers with one replica threshold count 0
2023-08-24 06:05:07,283 [Time-limited test] INFO  safemode.HealthyPipelineSafeModeRule (HealthyPipelineSafeModeRule.java:initializeRule(169)) - Total pipeline count is 0, healthy pipeline threshold count is 0
2023-08-24 06:05:07,284 [Time-limited test] INFO  safemode.OneReplicaPipelineSafeModeRule (OneReplicaPipelineSafeModeRule.java:initializeRule(180)) - Total pipeline count is 0, pipeline's with at least one datanode reported threshold count is 0
2023-08-24 06:05:07,287 [Time-limited test] INFO  authority.DefaultCAServer (DefaultCAServer.java:lambda$processVerificationStatus$0(472)) - CertificateServer validation is successful
2023-08-24 06:05:07,288 [Time-limited test] INFO  authority.DefaultCAServer (DefaultCAServer.java:lambda$processVerificationStatus$0(472)) - CertificateServer validation is successful
2023-08-24 06:05:07,289 [Time-limited test] INFO  server.StorageContainerManager (StorageContainerManager.java:persistPrimarySCMCerts(932)) - Storing sub-ca certificate serialId 1574358733257 on primary SCM
2023-08-24 06:05:07,290 [Time-limited test] INFO  server.SCMCertStore (SCMCertStore.java:storeValidScmCertificate(122)) - Scm certificate 1574358733257 for CN=scm-sub-1574346587371@fv-az582-512,OU=659b4ae5-2b30-4fb0-9bc8-07a03da51cee,O=3eb8e616-066d-4ea2-aed2-4fac2c493f5d is stored
2023-08-24 06:05:07,290 [Time-limited test] INFO  server.StorageContainerManager (StorageContainerManager.java:persistPrimarySCMCerts(940)) - Storing root certificate serialId 1
2023-08-24 06:05:07,292 [Time-limited test] INFO  server.SCMCertStore (SCMCertStore.java:storeValidScmCertificate(122)) - Scm certificate 1 for CN=scm-1@fv-az582-512,OU=659b4ae5-2b30-4fb0-9bc8-07a03da51cee,O=3eb8e616-066d-4ea2-aed2-4fac2c493f5d is stored
2023-08-24 06:05:07,292 [Time-limited test] INFO  ipc.CallQueueManager (CallQueueManager.java:<init>(90)) - Using callQueue: class java.util.concurrent.LinkedBlockingQueue, queueCapacity: 200, scheduler: class org.apache.hadoop.ipc.DefaultRpcScheduler, ipcBackoff: false.
2023-08-24 06:05:07,292 [Time-limited test] INFO  ipc.Server (Server.java:<init>(1287)) - Listener at 0.0.0.0:9961
2023-08-24 06:05:07,293 [Socket Reader #1 for port 9961] INFO  ipc.Server (Server.java:run(1323)) - Starting Socket Reader #1 for port 9961
2023-08-24 06:05:07,295 [Time-limited test] INFO  server.StorageContainerManager (StorageContainerManager.java:<init>(425)) - SCM start with adminUsers: [om/fv-az582-512.vyw2dcplbgbehesrvt3jseauje.cx.internal.cloudapp.net@EXAMPLE.COM, scm]
2023-08-24 06:05:07,295 [Time-limited test] INFO  ipc.CallQueueManager (CallQueueManager.java:<init>(90)) - Using callQueue: class java.util.concurrent.LinkedBlockingQueue, queueCapacity: 10000, scheduler: class org.apache.hadoop.ipc.DefaultRpcScheduler, ipcBackoff: false.
2023-08-24 06:05:07,295 [Time-limited test] INFO  ipc.Server (Server.java:<init>(1287)) - Listener at 0.0.0.0:9861
2023-08-24 06:05:07,296 [Socket Reader #1 for port 9861] INFO  ipc.Server (Server.java:run(1323)) - Starting Socket Reader #1 for port 9861
2023-08-24 06:05:07,298 [Time-limited test] INFO  ipc.CallQueueManager (CallQueueManager.java:<init>(90)) - Using callQueue: class java.util.concurrent.LinkedBlockingQueue, queueCapacity: 10000, scheduler: class org.apache.hadoop.ipc.DefaultRpcScheduler, ipcBackoff: false.
2023-08-24 06:05:07,298 [Time-limited test] INFO  ipc.Server (Server.java:<init>(1287)) - Listener at 0.0.0.0:9863
2023-08-24 06:05:07,298 [Socket Reader #1 for port 9863] INFO  ipc.Server (Server.java:run(1323)) - Starting Socket Reader #1 for port 9863
2023-08-24 06:05:07,300 [Time-limited test] INFO  ipc.CallQueueManager (CallQueueManager.java:<init>(90)) - Using callQueue: class java.util.concurrent.LinkedBlockingQueue, queueCapacity: 10000, scheduler: class org.apache.hadoop.ipc.DefaultRpcScheduler, ipcBackoff: false.
2023-08-24 06:05:07,300 [Time-limited test] INFO  ipc.Server (Server.java:<init>(1287)) - Listener at 0.0.0.0:9860
2023-08-24 06:05:07,300 [Socket Reader #1 for port 9860] INFO  ipc.Server (Server.java:run(1323)) - Starting Socket Reader #1 for port 9860
2023-08-24 06:05:07,328 [Time-limited test] INFO  ha.SCMServiceManager (SCMServiceManager.java:register(42)) - Registering service ContainerBalancer.
2023-08-24 06:05:07,328 [Time-limited test] INFO  server.StorageContainerManager (StorageContainerManager.java:<init>(438)) - 
Container Balancer status:
Key                            Value
Running                        false
Container Balancer Configuration values:
Key                                                Value
Threshold                                          10
Max Datanodes to Involve per Iteration(percent)    20
Max Size to Move per Iteration                     500GB
Max Size Entering Target per Iteration             26GB
Max Size Leaving Source per Iteration              26GB

2023-08-24 06:05:07,328 [Time-limited test] INFO  ha.SCMContext (SCMContext.java:updateSafeModeStatus(228)) - Update SafeModeStatus from SafeModeStatus{safeModeStatus=true, preCheckPassed=false} to SafeModeStatus{safeModeStatus=true, preCheckPassed=false}.
2023-08-24 06:05:07,329 [Time-limited test] INFO  server.StorageContainerManager (StorageContainerManager.java:start(1483)) - StorageContainerLocationProtocol RPC server is listening at /0.0.0.0:9860
2023-08-24 06:05:07,329 [Time-limited test] INFO  impl.MetricsSystemImpl (MetricsSystemImpl.java:init(158)) - StorageContainerManager metrics system started (again)
2023-08-24 06:05:07,342 [Time-limited test] INFO  server.SCMClientProtocolServer (SCMClientProtocolServer.java:start(201)) - RPC server for Client  is listening at /0.0.0.0:9860
2023-08-24 06:05:07,343 [IPC Server Responder] INFO  ipc.Server (Server.java:run(1562)) - IPC Server Responder: starting
2023-08-24 06:05:07,343 [IPC Server listener on 9860] INFO  ipc.Server (Server.java:run(1402)) - IPC Server listener on 9860: starting
2023-08-24 06:05:07,369 [Time-limited test] INFO  server.StorageContainerManager (StorageContainerManager.java:start(1496)) - ScmBlockLocationProtocol RPC server is listening at /0.0.0.0:9863
2023-08-24 06:05:07,369 [Time-limited test] INFO  server.SCMBlockProtocolServer (SCMBlockProtocolServer.java:start(152)) - RPC server for Block Protocol is listening at /0.0.0.0:9863
2023-08-24 06:05:07,375 [IPC Server Responder] INFO  ipc.Server (Server.java:run(1562)) - IPC Server Responder: starting
2023-08-24 06:05:07,375 [IPC Server listener on 9863] INFO  ipc.Server (Server.java:run(1402)) - IPC Server listener on 9863: starting
2023-08-24 06:05:07,389 [Time-limited test] INFO  server.SCMDatanodeProtocolServer (SCMDatanodeProtocolServer.java:start(193)) - ScmDatanodeProtocol RPC server for DataNodes is listening at /0.0.0.0:9861
2023-08-24 06:05:07,391 [IPC Server Responder] INFO  ipc.Server (Server.java:run(1562)) - IPC Server Responder: starting
2023-08-24 06:05:07,391 [IPC Server listener on 9861] INFO  ipc.Server (Server.java:run(1402)) - IPC Server listener on 9861: starting
2023-08-24 06:05:07,397 [Time-limited test] INFO  server.SCMSecurityProtocolServer (SCMSecurityProtocolServer.java:start(542)) - Starting RPC server for SCMSecurityProtocolServer. is listening at /0.0.0.0:9961
2023-08-24 06:05:07,399 [IPC Server Responder] INFO  ipc.Server (Server.java:run(1562)) - IPC Server Responder: starting
2023-08-24 06:05:07,400 [IPC Server listener on 9961] INFO  ipc.Server (Server.java:run(1402)) - IPC Server listener on 9961: starting
2023-08-24 06:05:07,400 [Time-limited test] INFO  server.SCMUpdateServiceGrpcServer (SCMUpdateServiceGrpcServer.java:start(58)) - SCMUpdateService starting
2023-08-24 06:05:07,417 [JvmPauseMonitor3] INFO  util.JvmPauseMonitor (JvmPauseMonitor.java:run(103)) - JvmPauseMonitor-659b4ae5-2b30-4fb0-9bc8-07a03da51cee: Started
2023-08-24 06:05:07,419 [Time-limited test] INFO  http.BaseHttpServer (BaseHttpServer.java:newHttpServer2BuilderForOzone(224)) - Starting Web-server for scm at: http://0.0.0.0:9876
2023-08-24 06:05:07,419 [Time-limited test] INFO  http.BaseHttpServer (BaseHttpServer.java:<init>(111)) - Hadoop Security Enabled: true Ozone Security Enabled: true Ozone HTTP Security Enabled: false 
2023-08-24 06:05:07,421 [Time-limited test] WARN  server.AuthenticationFilter (AuthenticationFilter.java:constructSecretProvider(240)) - Unable to initialize FileSignerSecretProvider, falling back to use random secrets. Reason: Could not read signature secret file: /home/runner/hadoop-http-auth-signature-secret
2023-08-24 06:05:07,424 [Time-limited test] INFO  http.HttpRequestLog (HttpRequestLog.java:getRequestLog(86)) - Http request log for http.requests.scm is not defined
2023-08-24 06:05:07,426 [Time-limited test] INFO  http.HttpServer2 (HttpServer2.java:addGlobalFilter(1031)) - Added global filter 'safety' (class=org.apache.hadoop.hdds.server.http.HttpServer2$QuotingInputFilter)
2023-08-24 06:05:07,427 [Time-limited test] INFO  http.HttpServer2 (HttpServer2.java:addFilter(1007)) - Added filter static_user_filter (class=org.apache.hadoop.http.lib.StaticUserWebFilter$StaticUserFilter) to context scm
2023-08-24 06:05:07,427 [Time-limited test] INFO  http.HttpServer2 (HttpServer2.java:addFilter(1015)) - Added filter static_user_filter (class=org.apache.hadoop.http.lib.StaticUserWebFilter$StaticUserFilter) to context static
2023-08-24 06:05:07,427 [Time-limited test] INFO  http.HttpServer2 (HttpServer2.java:addFilter(1015)) - Added filter static_user_filter (class=org.apache.hadoop.http.lib.StaticUserWebFilter$StaticUserFilter) to context logs
2023-08-24 06:05:07,430 [Time-limited test] INFO  http.BaseHttpServer (BaseHttpServer.java:<init>(190)) - HTTP server of scm uses base directory /tmp/junit1217984549879637728/junit599499582142930367/scm-meta/webserver
2023-08-24 06:05:07,430 [Time-limited test] INFO  http.HttpServer2 (HttpServer2.java:bindListener(1250)) - Jetty bound to port 9876
2023-08-24 06:05:07,430 [Time-limited test] INFO  server.Server (Server.java:doStart(375)) - jetty-9.4.51.v20230217; built: 2023-02-17T08:19:37.309Z; git: b45c405e4544384de066f814ed42ae3dceacdd49; jvm 1.8.0_382-b05
2023-08-24 06:05:07,435 [Time-limited test] INFO  server.session (DefaultSessionIdManager.java:doStart(334)) - DefaultSessionIdManager workerName=node0
2023-08-24 06:05:07,435 [Time-limited test] INFO  server.session (DefaultSessionIdManager.java:doStart(339)) - No SessionScavenger set, using defaults
2023-08-24 06:05:07,435 [Time-limited test] INFO  server.session (HouseKeeper.java:startScavenging(132)) - node0 Scavenging every 600000ms
2023-08-24 06:05:07,438 [Time-limited test] INFO  handler.ContextHandler (ContextHandler.java:doStart(921)) - Started o.e.j.s.ServletContextHandler@4593b528{logs,/logs,file:///home/runner/work/ozone/ozone/hadoop-ozone/integration-test/target/log,AVAILABLE}
2023-08-24 06:05:07,438 [Time-limited test] INFO  handler.ContextHandler (ContextHandler.java:doStart(921)) - Started o.e.j.s.ServletContextHandler@745a67de{static,/static,file:///home/runner/work/ozone/ozone/hadoop-ozone/integration-test/target/test-classes/webapps/static,AVAILABLE}
2023-08-24 06:05:07,447 [Time-limited test] INFO  handler.ContextHandler (ContextHandler.java:doStart(921)) - Started o.e.j.w.WebAppContext@63a8b998{scm,/,file:///home/runner/work/ozone/ozone/hadoop-ozone/integration-test/target/test-classes/webapps/scm/,AVAILABLE}{file:/home/runner/work/ozone/ozone/hadoop-ozone/integration-test/target/test-classes/webapps/scm}
2023-08-24 06:05:07,450 [Time-limited test] INFO  server.AbstractConnector (AbstractConnector.java:doStart(333)) - Started ServerConnector@28a20ecf{HTTP/1.1, (http/1.1)}{0.0.0.0:9876}
2023-08-24 06:05:07,450 [Time-limited test] INFO  server.Server (Server.java:doStart(415)) - Started @54447ms
2023-08-24 06:05:07,450 [Time-limited test] WARN  impl.MetricsSystemImpl (MetricsSystemImpl.java:register(279)) - Sink prometheus already exists!
2023-08-24 06:05:07,450 [Time-limited test] INFO  http.BaseHttpServer (BaseHttpServer.java:updateConnectorAddress(344)) - HTTP server of scm listening at http://0.0.0.0:9876
2023-08-24 06:05:07,452 [Time-limited test] WARN  server.ServerUtils (ServerUtils.java:getDBPath(311)) - ozone.om.db.dirs is not configured. We recommend adding this setting. Falling back to ozone.metadata.dirs instead.
2023-08-24 06:05:07,455 [Time-limited test] INFO  om.OzoneManager (OzoneManager.java:initializeSecurity(1382)) - Initializing secure OzoneManager.
2023-08-24 06:05:07,457 [Time-limited test] INFO  om.OzoneManager (OzoneManager.java:getOmDetailsProto(4552)) - OzoneManager ports added:[name: "RPC"
value: 1202
]
2023-08-24 06:05:07,461 [Time-limited test] INFO  security.OMCertificateClient (DefaultCertificateClient.java:updateCertSerialId(1244)) - Certificate serial ID set to null
2023-08-24 06:05:07,462 [Time-limited test] ERROR security.OMCertificateClient (DefaultCertificateClient.java:getCertPath(362)) - Default certificate serial id is not set. Can't locate the default certificate for this client.
2023-08-24 06:05:07,462 [Time-limited test] INFO  security.OMCertificateClient (DefaultCertificateClient.java:init(715)) - Certificate client init case: 0
2023-08-24 06:05:07,462 [Time-limited test] INFO  security.OMCertificateClient (CommonCertificateClient.java:handleCase(73)) - Creating keypair for client as keypair and certificate not found.
2023-08-24 06:05:07,476 [pool-201-thread-1] INFO  request.TgsRequest (TgsRequest.java:issueTicket(115)) - TGS_REQ ISSUE: authtime 1692857107476,scm/fv-az582-512.vyw2dcplbgbehesrvt3jseauje.cx.internal.cloudapp.net for scm/fv-az582-512.vyw2dcplbgbehesrvt3jseauje.cx.internal.cloudapp.net@EXAMPLE.COM
2023-08-24 06:05:07,483 [Socket Reader #1 for port 9961] INFO  ipc.Server (Server.java:saslProcess(2139)) - Auth successful for scm/fv-az582-512.vyw2dcplbgbehesrvt3jseauje.cx.internal.cloudapp.net@EXAMPLE.COM (auth:KERBEROS) from fv-az582-512.vyw2dcplbgbehesrvt3jseauje.cx.internal.cloudapp.net:44253 / 10.1.0.20:44253
2023-08-24 06:05:07,507 [IPC Server handler 0 on default port 9961] INFO  client.SCMCertificateClient (DefaultCertificateClient.java:getAllRootCaCerts(901)) - scm/sub-ca has 0 Root CA certificates
2023-08-24 06:05:07,508 [IPC Server handler 0 on default port 9961] INFO  client.SCMCertificateClient (DefaultCertificateClient.java:getAllCaCerts(909)) - scm/sub-ca has 1 CA certificates
2023-08-24 06:05:07,510 [scm/sub-ca-refreshCACertificates] INFO  client.SCMCertificateClient (DefaultCertificateClient.java:getAllRootCaCerts(901)) - scm/sub-ca has 0 Root CA certificates
2023-08-24 06:05:07,510 [scm/sub-ca-refreshCACertificates] INFO  client.SCMCertificateClient (DefaultCertificateClient.java:getAllCaCerts(909)) - scm/sub-ca has 1 CA certificates
2023-08-24 06:05:07,510 [scm/sub-ca-refreshCACertificates] INFO  client.SCMCertificateClient (SCMCertificateClient.java:run(277)) - CA certificates are not changed.
2023-08-24 06:05:07,763 [Time-limited test] INFO  om.OzoneManager (OzoneManager.java:initializeSecurity(1395)) - Init response: GETCERT
2023-08-24 06:05:07,763 [Time-limited test] INFO  ozone.OzoneSecurityUtil (OzoneSecurityUtil.java:getValidInetsForCurrentHost(119)) - ip:fe80:0:0:0:6245:bdff:fe7e:9bc0%eth0 not returned.
2023-08-24 06:05:07,763 [Time-limited test] INFO  ozone.OzoneSecurityUtil (OzoneSecurityUtil.java:getValidInetsForCurrentHost(116)) - Adding ip:10.1.0.20,host:fv-az582-512.vyw2dcplbgbehesrvt3jseauje.cx.internal.cloudapp.net
2023-08-24 06:05:07,763 [Time-limited test] INFO  ozone.OzoneSecurityUtil (OzoneSecurityUtil.java:getValidInetsForCurrentHost(119)) - ip:0:0:0:0:0:0:0:1%lo not returned.
2023-08-24 06:05:07,763 [Time-limited test] INFO  ozone.OzoneSecurityUtil (OzoneSecurityUtil.java:getValidInetsForCurrentHost(119)) - ip:127.0.0.1 not returned.
2023-08-24 06:05:07,764 [Time-limited test] INFO  security.OMCertificateClient (OMCertificateClient.java:getCSRBuilder(114)) - Creating csr for OM->dns:fv-az582-512.vyw2dcplbgbehesrvt3jseauje.cx.internal.cloudapp.net,ip:10.1.0.20,scmId:659b4ae5-2b30-4fb0-9bc8-07a03da51cee,clusterId:3eb8e616-066d-4ea2-aed2-4fac2c493f5d,subject:scm@fv-az582-512.vyw2dcplbgbehesrvt3jseauje.cx.internal.cloudapp.net
2023-08-24 06:05:07,777 [Socket Reader #1 for port 9961] INFO  ipc.Server (Server.java:saslProcess(2139)) - Auth successful for scm/fv-az582-512.vyw2dcplbgbehesrvt3jseauje.cx.internal.cloudapp.net@EXAMPLE.COM (auth:KERBEROS) from fv-az582-512.vyw2dcplbgbehesrvt3jseauje.cx.internal.cloudapp.net:40299 / 10.1.0.20:40299
2023-08-24 06:05:07,790 [IPC Server handler 1 on default port 9961] INFO  server.SCMSecurityProtocolServer (SCMSecurityProtocolServer.java:getOMCertificate(284)) - Processing CSR for om fv-az582-512.vyw2dcplbgbehesrvt3jseauje.cx.internal.cloudapp.net, UUID: aa4f71d7-64ee-4453-9d23-5f609195cb2d
2023-08-24 06:05:07,796 [IPC Server handler 1 on default port 9961] INFO  authority.DefaultApprover (DefaultApprover.java:sign(154)) - Extensions in CSR: 2.5.29.15, 2.5.29.17
2023-08-24 06:05:07,797 [IPC Server handler 1 on default port 9961] INFO  authority.DefaultApprover (DefaultApprover.java:sign(158)) - Extensions to add to the certificate if they present in CSR: 2.5.29.17, 2.5.29.19, 1.3.6.1.5.5.7.1.12, 2.5.29.35, 2.5.29.37, 2.5.29.15
2023-08-24 06:05:07,811 [Time-limited test] INFO  utils.CertificateCodec (CertificateCodec.java:writeCertificate(299)) - Save certificate to /tmp/junit1217984549879637728/junit599499582142930367/scm-meta/om/certs/1575077229607.crt
2023-08-24 06:05:07,812 [Time-limited test] INFO  utils.CertificateCodec (CertificateCodec.java:writeCertificate(300)) - Certificate -----BEGIN CERTIFICATE-----
MIIEHzCCAwegAwIBAgIGAW656zQnMA0GCSqGSIb3DQEBCwUAMIGLMSswKQYDVQQD
DCJzY20tc3ViLTE1NzQzNDY1ODczNzFAZnYtYXo1ODItNTEyMS0wKwYDVQQLDCQ2
NTliNGFlNS0yYjMwLTRmYjAtOWJjOC0wN2EwM2RhNTFjZWUxLTArBgNVBAoMJDNl
YjhlNjE2LTA2NmQtNGVhMi1hZWQyLTRmYWMyYzQ5M2Y1ZDAeFw0yMzA4MjQwNjA1
MDdaFw0yNDA4MjMwNjA1MDdaMIGtMU0wSwYDVQQDDERzY21AZnYtYXo1ODItNTEy
LnZ5dzJkY3BsYmdiZWhlc3J2dDNqc2VhdWplLmN4LmludGVybmFsLmNsb3VkYXBw
Lm5ldDEtMCsGA1UECwwkNjU5YjRhZTUtMmIzMC00ZmIwLTliYzgtMDdhMDNkYTUx
Y2VlMS0wKwYDVQQKDCQzZWI4ZTYxNi0wNjZkLTRlYTItYWVkMi00ZmFjMmM0OTNm
NWQwggEiMA0GCSqGSIb3DQEBAQUAA4IBDwAwggEKAoIBAQDIgRpNwCDQEGDGLr4m
oQznWjDeLC8m3kxBC7dJtIm2VurJ7+NgQCLGh4bHx+NXauj3kt5OBi+F6mDsP3uI
ZYBui1BSqWL18jS2OD6/bQpu6UJcoveUU76yOoWpfjD7NNuoS8yxlF0l8okJLq5y
eI4n2AmAf9Q4XQBBPV6a48vAiNPCNudriq78e57VsqKK5rIa/ZYkqs18GF25fqJ8
bXYZEIPJo9ORSBzfAfWZqi1lFjjGW6qTmnZu4UUO6G7GSa3yRN7mhq1u5+CTMy7a
r4Lo3oZL5Eyg+JPuKXfbfy2lDp6tzvm52H/gxXeFpGJ1h8SOVNtc/M2aufqsMXkr
ACoZAgMBAAGjZTBjMFEGA1UdEQRKMEiHBAoBABSCQGZ2LWF6NTgyLTUxMi52eXcy
ZGNwbGJnYmVoZXNydnQzanNlYXVqZS5jeC5pbnRlcm5hbC5jbG91ZGFwcC5uZXQw
DgYDVR0PAQH/BAQDAgO4MA0GCSqGSIb3DQEBCwUAA4IBAQAp4MjcDpuq7VS1g9KB
0J0SwkzKrDRPLekbuqDDUlDAQKxQt/G6F8HQ4iyBZtdFJ+TxYwsuBKbtGeNZb5Xu
POLVXpIBYcQzClpWGiWj5GUyPlwhgNqhc7QRzYeV4liAnF8rtw0xCZlPqzWBTrf0
M4yiWO7kXkB3L7ibWyuevEvYlDdcumGJYPkM0w4AAUqOvq8sWRqkqJXoX/9N1QX8
20H174mEXejRHpW3qyuxXste+UsP3IvCOJyTA1NPYSduhnA/A1CeJ8WDqM0KYAS/
3p76hqV7r94dCZ6Z75GVHfH4vpMnLtcDjn5OJvpctPtGzIjf6MnTf5GEkcFMw9zM
Tvz9
-----END CERTIFICATE-----

-----BEGIN CERTIFICATE-----
MIID/TCCAuWgAwIBAgIGAW6PF9HJMA0GCSqGSIb3DQEBCwUAMHsxGzAZBgNVBAMM
EnNjbS0xQGZ2LWF6NTgyLTUxMjEtMCsGA1UECwwkNjU5YjRhZTUtMmIzMC00ZmIw
LTliYzgtMDdhMDNkYTUxY2VlMS0wKwYDVQQKDCQzZWI4ZTYxNi0wNjZkLTRlYTIt
YWVkMi00ZmFjMmM0OTNmNWQwHhcNMjMwODI0MDYwNTA3WhcNMjgxMDAxMDYwNTA3
WjCBizErMCkGA1UEAwwic2NtLXN1Yi0xNTc0MzQ2NTg3MzcxQGZ2LWF6NTgyLTUx
MjEtMCsGA1UECwwkNjU5YjRhZTUtMmIzMC00ZmIwLTliYzgtMDdhMDNkYTUxY2Vl
MS0wKwYDVQQKDCQzZWI4ZTYxNi0wNjZkLTRlYTItYWVkMi00ZmFjMmM0OTNmNWQw
ggEiMA0GCSqGSIb3DQEBAQUAA4IBDwAwggEKAoIBAQCgZM7zXSGJSKfyAZel7oYT
i2/+fP83+oq+89Zdto+Mq9vwUWayrtwwNjJBBSnxOd3jZ3udlL8itS4VZEZSoNvN
MAWTcEBg+CeuTWLJC/BAtOp9XwMt7HXCNkQxdGppqqWziQNEaVah9dQhpJF0zDH0
PJZqlPNbPQYdREA2ndv0d9UR9Dlf6nqVJZc9wWx0hvjPnZD0sC1AvwFx9S7Ut/BL
6grYgIcZMLZ8Arj11pH/X6J7XtCfSHxJzU5VV8bYx2KgTMw7HHdqWU/ka1I9LYK0
ca0aTfpKTrbAYWCmHup22OoQQxJJgMYubLfAClEmWkMbPR8qfwoM2e8FNF3YveLv
AgMBAAGjdjB0MFEGA1UdEQRKMEiHBAoBABSCQGZ2LWF6NTgyLTUxMi52eXcyZGNw
bGJnYmVoZXNydnQzanNlYXVqZS5jeC5pbnRlcm5hbC5jbG91ZGFwcC5uZXQwDwYD
VR0TAQH/BAUwAwEB/zAOBgNVHQ8BAf8EBAMCAb4wDQYJKoZIhvcNAQELBQADggEB
AC4JSoZdhtuY3fDL+q+yPas/bdU+z/aZUa6BIvWHHyD9r2cf3HxvCIbZGzBYFVUO
lYr7dyfokCpiBt3AfgP59Mh5TYNRY1NUZb1hx9jewqFxdLOqSEcTqtdWKqdY2M1w
EkRK8i7jud8HWw6X6wtnabwt8z5or6JIhn0wdJHmXTa8UKcFsa9m97kFEOZua/S1
92HINCs+j1lzohWIKywY+Bn+TBp/jgPoUOE0Y4wT/MCB+Rnij625vciLYL8tO/wn
EzJvTz2R6KAGNBwARSG1muorjz3U4vcL75TdwoVHJErJX1eV7XMUxFyrUqcL2f4g
A6BHfQSL3joEt73G6LMWbDg=
-----END CERTIFICATE-----

-----BEGIN CERTIFICATE-----
MIID5zCCAs+gAwIBAgIBATANBgkqhkiG9w0BAQsFADB7MRswGQYDVQQDDBJzY20t
MUBmdi1hejU4Mi01MTIxLTArBgNVBAsMJDY1OWI0YWU1LTJiMzAtNGZiMC05YmM4
LTA3YTAzZGE1MWNlZTEtMCsGA1UECgwkM2ViOGU2MTYtMDY2ZC00ZWEyLWFlZDIt
NGZhYzJjNDkzZjVkMB4XDTIzMDgyNDA2MDUwN1oXDTI4MTAwMTA2MDUwN1owezEb
MBkGA1UEAwwSc2NtLTFAZnYtYXo1ODItNTEyMS0wKwYDVQQLDCQ2NTliNGFlNS0y
YjMwLTRmYjAtOWJjOC0wN2EwM2RhNTFjZWUxLTArBgNVBAoMJDNlYjhlNjE2LTA2
NmQtNGVhMi1hZWQyLTRmYWMyYzQ5M2Y1ZDCCASIwDQYJKoZIhvcNAQEBBQADggEP
ADCCAQoCggEBALDgUbKfDDxCJ6lcM97nXEVOKG7ipOI9z0hD7RmkyvG96nmNGdkT
fABiaHzsaIcfEtX1ucCtwsrEIYbY5f6Yr+BC89JkvoRPSK/zHH09nja4UxIA3/Bo
Z5bXCtnXQssmVtMWf5ZOsirV0aSZed6P72DqGtZvLz4HVE5/T3Zf2g0V7dibsw7+
q1WeDtkHJlw5FuqgO51so8WhuZRQdnkDg+K+pHWAFNFxRGdF6DIF5WrblKyYXefT
jLPfzR+KepmqAYJGyHS9SRPGg6qNm/mI4m0iFzXflHkMG8AsLqCfId9z6pEr0d/u
9jSoph9dYAhZPm8w37Y5UUNug6ffNDCbzscCAwEAAaN2MHQwDwYDVR0TAQH/BAUw
AwEB/zAOBgNVHQ8BAf8EBAMCAQYwUQYDVR0RBEowSIcECgEAFIJAZnYtYXo1ODIt
NTEyLnZ5dzJkY3BsYmdiZWhlc3J2dDNqc2VhdWplLmN4LmludGVybmFsLmNsb3Vk
YXBwLm5ldDANBgkqhkiG9w0BAQsFAAOCAQEAMPOtE+PBp24Y7oEbXBs1ZDQR3Q2e
iCGMz31Vu2xc97ObIhlPCzlFm2K4Nt2NwHIOLFedbpp/4seMmBga+VxP4vk9NxoJ
2wsMLL2z5ujnZZe2exCCxj3pX5ZH7l5blxwy8uRkJ5GjoiTYcBTLktuiKEGoEO5Y
wFJE1iui1s2BT1Pb5Ij3mPpoD/+5IwWkE0QM/F7w9wRlGKMNGqXzOyQouRP0pnGc
upBw5a6eyI4HvZuh6Iy5H2Be6Qsnhqe7ZXE0b2tOiav8FJQzA26dLtxX86m+kF1t
ByPlPM6SYsjYHfWJnd34iuCDu3sT/ZvRQv8cTObzQuZofz+2Xr7gil+Ssw==
-----END CERTIFICATE-----

2023-08-24 06:05:07,813 [Time-limited test] INFO  utils.CertificateCodec (CertificateCodec.java:writeCertificate(299)) - Save certificate to /tmp/junit1217984549879637728/junit599499582142930367/scm-meta/om/certs/CA-1574358733257.crt
2023-08-24 06:05:07,813 [Time-limited test] INFO  utils.CertificateCodec (CertificateCodec.java:writeCertificate(300)) - Certificate -----BEGIN CERTIFICATE-----
MIID/TCCAuWgAwIBAgIGAW6PF9HJMA0GCSqGSIb3DQEBCwUAMHsxGzAZBgNVBAMM
EnNjbS0xQGZ2LWF6NTgyLTUxMjEtMCsGA1UECwwkNjU5YjRhZTUtMmIzMC00ZmIw
LTliYzgtMDdhMDNkYTUxY2VlMS0wKwYDVQQKDCQzZWI4ZTYxNi0wNjZkLTRlYTIt
YWVkMi00ZmFjMmM0OTNmNWQwHhcNMjMwODI0MDYwNTA3WhcNMjgxMDAxMDYwNTA3
WjCBizErMCkGA1UEAwwic2NtLXN1Yi0xNTc0MzQ2NTg3MzcxQGZ2LWF6NTgyLTUx
MjEtMCsGA1UECwwkNjU5YjRhZTUtMmIzMC00ZmIwLTliYzgtMDdhMDNkYTUxY2Vl
MS0wKwYDVQQKDCQzZWI4ZTYxNi0wNjZkLTRlYTItYWVkMi00ZmFjMmM0OTNmNWQw
ggEiMA0GCSqGSIb3DQEBAQUAA4IBDwAwggEKAoIBAQCgZM7zXSGJSKfyAZel7oYT
i2/+fP83+oq+89Zdto+Mq9vwUWayrtwwNjJBBSnxOd3jZ3udlL8itS4VZEZSoNvN
MAWTcEBg+CeuTWLJC/BAtOp9XwMt7HXCNkQxdGppqqWziQNEaVah9dQhpJF0zDH0
PJZqlPNbPQYdREA2ndv0d9UR9Dlf6nqVJZc9wWx0hvjPnZD0sC1AvwFx9S7Ut/BL
6grYgIcZMLZ8Arj11pH/X6J7XtCfSHxJzU5VV8bYx2KgTMw7HHdqWU/ka1I9LYK0
ca0aTfpKTrbAYWCmHup22OoQQxJJgMYubLfAClEmWkMbPR8qfwoM2e8FNF3YveLv
AgMBAAGjdjB0MFEGA1UdEQRKMEiHBAoBABSCQGZ2LWF6NTgyLTUxMi52eXcyZGNw
bGJnYmVoZXNydnQzanNlYXVqZS5jeC5pbnRlcm5hbC5jbG91ZGFwcC5uZXQwDwYD
VR0TAQH/BAUwAwEB/zAOBgNVHQ8BAf8EBAMCAb4wDQYJKoZIhvcNAQELBQADggEB
AC4JSoZdhtuY3fDL+q+yPas/bdU+z/aZUa6BIvWHHyD9r2cf3HxvCIbZGzBYFVUO
lYr7dyfokCpiBt3AfgP59Mh5TYNRY1NUZb1hx9jewqFxdLOqSEcTqtdWKqdY2M1w
EkRK8i7jud8HWw6X6wtnabwt8z5or6JIhn0wdJHmXTa8UKcFsa9m97kFEOZua/S1
92HINCs+j1lzohWIKywY+Bn+TBp/jgPoUOE0Y4wT/MCB+Rnij625vciLYL8tO/wn
EzJvTz2R6KAGNBwARSG1muorjz3U4vcL75TdwoVHJErJX1eV7XMUxFyrUqcL2f4g
A6BHfQSL3joEt73G6LMWbDg=
-----END CERTIFICATE-----

-----BEGIN CERTIFICATE-----
MIID5zCCAs+gAwIBAgIBATANBgkqhkiG9w0BAQsFADB7MRswGQYDVQQDDBJzY20t
MUBmdi1hejU4Mi01MTIxLTArBgNVBAsMJDY1OWI0YWU1LTJiMzAtNGZiMC05YmM4
LTA3YTAzZGE1MWNlZTEtMCsGA1UECgwkM2ViOGU2MTYtMDY2ZC00ZWEyLWFlZDIt
NGZhYzJjNDkzZjVkMB4XDTIzMDgyNDA2MDUwN1oXDTI4MTAwMTA2MDUwN1owezEb
MBkGA1UEAwwSc2NtLTFAZnYtYXo1ODItNTEyMS0wKwYDVQQLDCQ2NTliNGFlNS0y
YjMwLTRmYjAtOWJjOC0wN2EwM2RhNTFjZWUxLTArBgNVBAoMJDNlYjhlNjE2LTA2
NmQtNGVhMi1hZWQyLTRmYWMyYzQ5M2Y1ZDCCASIwDQYJKoZIhvcNAQEBBQADggEP
ADCCAQoCggEBALDgUbKfDDxCJ6lcM97nXEVOKG7ipOI9z0hD7RmkyvG96nmNGdkT
fABiaHzsaIcfEtX1ucCtwsrEIYbY5f6Yr+BC89JkvoRPSK/zHH09nja4UxIA3/Bo
Z5bXCtnXQssmVtMWf5ZOsirV0aSZed6P72DqGtZvLz4HVE5/T3Zf2g0V7dibsw7+
q1WeDtkHJlw5FuqgO51so8WhuZRQdnkDg+K+pHWAFNFxRGdF6DIF5WrblKyYXefT
jLPfzR+KepmqAYJGyHS9SRPGg6qNm/mI4m0iFzXflHkMG8AsLqCfId9z6pEr0d/u
9jSoph9dYAhZPm8w37Y5UUNug6ffNDCbzscCAwEAAaN2MHQwDwYDVR0TAQH/BAUw
AwEB/zAOBgNVHQ8BAf8EBAMCAQYwUQYDVR0RBEowSIcECgEAFIJAZnYtYXo1ODIt
NTEyLnZ5dzJkY3BsYmdiZWhlc3J2dDNqc2VhdWplLmN4LmludGVybmFsLmNsb3Vk
YXBwLm5ldDANBgkqhkiG9w0BAQsFAAOCAQEAMPOtE+PBp24Y7oEbXBs1ZDQR3Q2e
iCGMz31Vu2xc97ObIhlPCzlFm2K4Nt2NwHIOLFedbpp/4seMmBga+VxP4vk9NxoJ
2wsMLL2z5ujnZZe2exCCxj3pX5ZH7l5blxwy8uRkJ5GjoiTYcBTLktuiKEGoEO5Y
wFJE1iui1s2BT1Pb5Ij3mPpoD/+5IwWkE0QM/F7w9wRlGKMNGqXzOyQouRP0pnGc
upBw5a6eyI4HvZuh6Iy5H2Be6Qsnhqe7ZXE0b2tOiav8FJQzA26dLtxX86m+kF1t
ByPlPM6SYsjYHfWJnd34iuCDu3sT/ZvRQv8cTObzQuZofz+2Xr7gil+Ssw==
-----END CERTIFICATE-----

2023-08-24 06:05:07,814 [IPC Server handler 0 on default port 9961] INFO  client.SCMCertificateClient (DefaultCertificateClient.java:getAllRootCaCerts(901)) - scm/sub-ca has 0 Root CA certificates
2023-08-24 06:05:07,815 [IPC Server handler 0 on default port 9961] INFO  client.SCMCertificateClient (DefaultCertificateClient.java:getAllCaCerts(909)) - scm/sub-ca has 1 CA certificates
2023-08-24 06:05:07,816 [Time-limited test] INFO  utils.CertificateCodec (CertificateCodec.java:writeCertificate(299)) - Save certificate to /tmp/junit1217984549879637728/junit599499582142930367/scm-meta/om/certs/ROOTCA-1.crt
2023-08-24 06:05:07,816 [Time-limited test] INFO  utils.CertificateCodec (CertificateCodec.java:writeCertificate(300)) - Certificate -----BEGIN CERTIFICATE-----
MIID5zCCAs+gAwIBAgIBATANBgkqhkiG9w0BAQsFADB7MRswGQYDVQQDDBJzY20t
MUBmdi1hejU4Mi01MTIxLTArBgNVBAsMJDY1OWI0YWU1LTJiMzAtNGZiMC05YmM4
LTA3YTAzZGE1MWNlZTEtMCsGA1UECgwkM2ViOGU2MTYtMDY2ZC00ZWEyLWFlZDIt
NGZhYzJjNDkzZjVkMB4XDTIzMDgyNDA2MDUwN1oXDTI4MTAwMTA2MDUwN1owezEb
MBkGA1UEAwwSc2NtLTFAZnYtYXo1ODItNTEyMS0wKwYDVQQLDCQ2NTliNGFlNS0y
YjMwLTRmYjAtOWJjOC0wN2EwM2RhNTFjZWUxLTArBgNVBAoMJDNlYjhlNjE2LTA2
NmQtNGVhMi1hZWQyLTRmYWMyYzQ5M2Y1ZDCCASIwDQYJKoZIhvcNAQEBBQADggEP
ADCCAQoCggEBALDgUbKfDDxCJ6lcM97nXEVOKG7ipOI9z0hD7RmkyvG96nmNGdkT
fABiaHzsaIcfEtX1ucCtwsrEIYbY5f6Yr+BC89JkvoRPSK/zHH09nja4UxIA3/Bo
Z5bXCtnXQssmVtMWf5ZOsirV0aSZed6P72DqGtZvLz4HVE5/T3Zf2g0V7dibsw7+
q1WeDtkHJlw5FuqgO51so8WhuZRQdnkDg+K+pHWAFNFxRGdF6DIF5WrblKyYXefT
jLPfzR+KepmqAYJGyHS9SRPGg6qNm/mI4m0iFzXflHkMG8AsLqCfId9z6pEr0d/u
9jSoph9dYAhZPm8w37Y5UUNug6ffNDCbzscCAwEAAaN2MHQwDwYDVR0TAQH/BAUw
AwEB/zAOBgNVHQ8BAf8EBAMCAQYwUQYDVR0RBEowSIcECgEAFIJAZnYtYXo1ODIt
NTEyLnZ5dzJkY3BsYmdiZWhlc3J2dDNqc2VhdWplLmN4LmludGVybmFsLmNsb3Vk
YXBwLm5ldDANBgkqhkiG9w0BAQsFAAOCAQEAMPOtE+PBp24Y7oEbXBs1ZDQR3Q2e
iCGMz31Vu2xc97ObIhlPCzlFm2K4Nt2NwHIOLFedbpp/4seMmBga+VxP4vk9NxoJ
2wsMLL2z5ujnZZe2exCCxj3pX5ZH7l5blxwy8uRkJ5GjoiTYcBTLktuiKEGoEO5Y
wFJE1iui1s2BT1Pb5Ij3mPpoD/+5IwWkE0QM/F7w9wRlGKMNGqXzOyQouRP0pnGc
upBw5a6eyI4HvZuh6Iy5H2Be6Qsnhqe7ZXE0b2tOiav8FJQzA26dLtxX86m+kF1t
ByPlPM6SYsjYHfWJnd34iuCDu3sT/ZvRQv8cTObzQuZofz+2Xr7gil+Ssw==
-----END CERTIFICATE-----

2023-08-24 06:05:07,816 [Time-limited test] INFO  security.OMCertificateClient (DefaultCertificateClient.java:updateCertSerialId(1244)) - Certificate serial ID set to 1575077229607
2023-08-24 06:05:07,818 [Time-limited test] INFO  security.OMCertificateClient (DefaultCertificateClient.java:readCertificateFile(237)) - Added certificate   [0]         Version: 3
         SerialNumber: 1
             IssuerDN: CN=scm-1@fv-az582-512,OU=659b4ae5-2b30-4fb0-9bc8-07a03da51cee,O=3eb8e616-066d-4ea2-aed2-4fac2c493f5d
           Start Date: Thu Aug 24 06:05:07 UTC 2023
           Final Date: Sun Oct 01 06:05:07 UTC 2028
            SubjectDN: CN=scm-1@fv-az582-512,OU=659b4ae5-2b30-4fb0-9bc8-07a03da51cee,O=3eb8e616-066d-4ea2-aed2-4fac2c493f5d
           Public Key: RSA Public Key [68:6c:6f:90:c8:90:b3:41:c7:1e:29:10:fa:9a:65:8f:96:e6:e8:0e],[56:66:d1:a4]
        modulus: b0e051b29f0c3c4227a95c33dee75c454e286ee2a4e23dcf4843ed19a4caf1bdea798d19d9137c0062687cec68871f12d5f5b9c0adc2cac42186d8e5fe98afe042f3d264be844f48aff31c7d3d9e36b8531200dff0686796d70ad9d742cb2656d3167f964eb22ad5d1a49979de8fef60ea1ad66f2f3e07544e7f4f765fda0d15edd89bb30efeab559e0ed907265c3916eaa03b9d6ca3c5a1b9945076790383e2bea4758014d171446745e83205e56adb94ac985de7d38cb3dfcd1f8a7a99aa018246c874bd4913c683aa8d9bf988e26d221735df94790c1bc02c2ea09f21df73ea912bd1dfeef634a8a61f5d6008593e6f30dfb63951436e83a7df34309bcec7
public exponent: 10001

  Signature Algorithm: SHA256WITHRSA
            Signature: 30f3ad13e3c1a76e18ee811b5c1b35643411dd0d
                       9e88218ccf7d55bb6c5cf7b39b22194f0b39459b
                       62b836dd8dc0720e2c579d6e9a7fe2c78c98181a
                       f95c4fe2f93d371a09db0b0c2cbdb3e6e8e76597
                       b67b1082c63de95f9647ee5e5b971c32f2e46427
                       91a3a224d87014cb92dba22841a810ee58c05244
                       d62ba2d6cd814f53dbe488f798fa680fffb92305
                       a413440cfc5ef0f7046518a30d1aa5f33b2428b9
                       13f4a6719cba9070e5ae9ec88e07bd9ba1e88cb9
                       1f605ee90b2786a7bb6571346f6b4e89abfc1494
                       33036e9d2edc57f3a9be905d6d0723e53cce9262
                       c8d81df5899dddf88ae083bb7b13fd9bd142ff1c
                       4ce6f342e6687f3fb65ebee08a5f92b3
       Extensions: 
                       critical(true) BasicConstraints: isCa(true)
                       critical(true) KeyUsage: 0x6
                       critical(false) 2.5.29.17 value = Sequence
    Tagged [7] IMPLICIT 
        DER Octet String[4] 
    Tagged [2] IMPLICIT 
        DER Octet String[64] 

 from file: /tmp/junit1217984549879637728/junit599499582142930367/scm-meta/om/certs/ROOTCA-1.crt.
2023-08-24 06:05:07,819 [Time-limited test] INFO  security.OMCertificateClient (DefaultCertificateClient.java:readCertificateFile(237)) - Added certificate   [0]         Version: 3
         SerialNumber: 1575077229607
             IssuerDN: CN=scm-sub-1574346587371@fv-az582-512,OU=659b4ae5-2b30-4fb0-9bc8-07a03da51cee,O=3eb8e616-066d-4ea2-aed2-4fac2c493f5d
           Start Date: Thu Aug 24 06:05:07 UTC 2023
           Final Date: Fri Aug 23 06:05:07 UTC 2024
            SubjectDN: CN=scm@fv-az582-512.vyw2dcplbgbehesrvt3jseauje.cx.internal.cloudapp.net,OU=659b4ae5-2b30-4fb0-9bc8-07a03da51cee,O=3eb8e616-066d-4ea2-aed2-4fac2c493f5d
           Public Key: RSA Public Key [8d:29:33:20:de:69:61:06:eb:93:90:5e:2a:1f:48:ab:71:b9:65:b7],[56:66:d1:a4]
        modulus: c8811a4dc020d01060c62ebe26a10ce75a30de2c2f26de4c410bb749b489b656eac9efe3604022c68786c7c7e3576ae8f792de4e062f85ea60ec3f7b8865806e8b5052a962f5f234b6383ebf6d0a6ee9425ca2f79453beb23a85a97e30fb34dba84bccb1945d25f289092eae72788e27d809807fd4385d00413d5e9ae3cbc088d3c236e76b8aaefc7b9ed5b2a28ae6b21afd9624aacd7c185db97ea27c6d76191083c9a3d391481cdf01f599aa2d651638c65baa939a766ee1450ee86ec649adf244dee686ad6ee7e093332edaaf82e8de864be44ca0f893ee2977db7f2da50e9eadcef9b9d87fe0c57785a4627587c48e54db5cfccd9ab9faac31792b002a19
public exponent: 10001

  Signature Algorithm: SHA256WITHRSA
            Signature: 29e0c8dc0e9baaed54b583d281d09d12c24ccaac
                       344f2de91bbaa0c35250c040ac50b7f1ba17c1d0
                       e22c8166d74527e4f1630b2e04a6ed19e3596f95
                       ee3ce2d55e920161c4330a5a561a25a3e465323e
                       5c2180daa173b411cd8795e258809c5f2bb70d31
                       09994fab35814eb7f4338ca258eee45e40772fb8
                       9b5b2b9ebc4bd894375cba618960f90cd30e0001
                       4a8ebeaf2c591aa4a895e85fff4dd505fcdb41f5
                       ef89845de8d11e95b7ab2bb15ecb5ef94b0fdc8b
                       c2389c9303534f61276e86703f03509e27c583a8
                       cd0a6004bfde9efa86a57bafde1d099e99ef9195
                       1df1f8be93272ed7038e7e4e26fa5cb4fb46cc88
                       dfe8c9d37f918491c14cc3dccc4efcfd
       Extensions: 
                       critical(false) 2.5.29.17 value = Sequence
    Tagged [7] IMPLICIT 
        DER Octet String[4] 
    Tagged [2] IMPLICIT 
        DER Octet String[64] 

                       critical(true) KeyUsage: 0xb8
 from file: /tmp/junit1217984549879637728/junit599499582142930367/scm-meta/om/certs/1575077229607.crt.
2023-08-24 06:05:07,821 [Time-limited test] INFO  security.OMCertificateClient (DefaultCertificateClient.java:readCertificateFile(237)) - Added certificate   [0]         Version: 3
         SerialNumber: 1574358733257
             IssuerDN: CN=scm-1@fv-az582-512,OU=659b4ae5-2b30-4fb0-9bc8-07a03da51cee,O=3eb8e616-066d-4ea2-aed2-4fac2c493f5d
           Start Date: Thu Aug 24 06:05:07 UTC 2023
           Final Date: Sun Oct 01 06:05:07 UTC 2028
            SubjectDN: CN=scm-sub-1574346587371@fv-az582-512,OU=659b4ae5-2b30-4fb0-9bc8-07a03da51cee,O=3eb8e616-066d-4ea2-aed2-4fac2c493f5d
           Public Key: RSA Public Key [58:dd:10:1b:56:be:3a:e6:f2:b2:9c:8c:6c:a7:01:64:29:08:95:a7],[56:66:d1:a4]
        modulus: a064cef35d218948a7f20197a5ee86138b6ffe7cff37fa8abef3d65db68f8cabdbf05166b2aedc303632410529f139dde3677b9d94bf22b52e15644652a0dbcd300593704060f827ae4d62c90bf040b4ea7d5f032dec75c2364431746a69aaa5b38903446956a1f5d421a49174cc31f43c966a94f35b3d061d4440369ddbf477d511f4395fea7a9525973dc16c7486f8cf9d90f4b02d40bf0171f52ed4b7f04bea0ad880871930b67c02b8f5d691ff5fa27b5ed09f487c49cd4e5557c6d8c762a04ccc3b1c776a594fe46b523d2d82b471ad1a4dfa4a4eb6c06160a61eea76d8ea1043124980c62e6cb7c00a51265a431b3d1f2a7f0a0cd9ef05345dd8bde2ef
public exponent: 10001

  Signature Algorithm: SHA256WITHRSA
            Signature: 2e094a865d86db98ddf0cbfaafb23dab3f6dd53e
                       cff69951ae8122f5871f20fdaf671fdc7c6f0886
                       d91b305815550e958afb7727e8902a6206ddc07e
                       03f9f4c8794d835163535465bd61c7d8dec2a171
                       74b3aa484713aad7562aa758d8cd7012444af22e
                       e3b9df075b0e97eb0b6769bc2df33e68afa24886
                       7d307491e65d36bc50a705b1af66f7b90510e66e
                       6bf4b5f761c8342b3e8f5973a215882b2c18f819
                       fe4c1a7f8e03e850e134638c13fcc081f919e28f
                       adb9bdc88b60bf2d3bfc2713326f4f3d91e8a006
                       341c004521b59aea2b8f3dd4e2f70bef94ddc285
                       47244ac95f5795ed7314c45cab52a70bd9fe2003
                       a0477d048bde3a04b7bdc6e8b3166c38
       Extensions: 
                       critical(false) 2.5.29.17 value = Sequence
    Tagged [7] IMPLICIT 
        DER Octet String[4] 
    Tagged [2] IMPLICIT 
        DER Octet String[64] 

                       critical(true) BasicConstraints: isCa(true)
                       critical(true) KeyUsage: 0xbe
 from file: /tmp/junit1217984549879637728/junit599499582142930367/scm-meta/om/certs/CA-1574358733257.crt.
2023-08-24 06:05:07,821 [Time-limited test] INFO  security.OMCertificateClient (DefaultCertificateClient.java:startCertificateRenewerService(1347)) - CertificateRenewerService for om is started with first delay 31535989179 ms and interval 3333 ms.
2023-08-24 06:05:07,821 [Time-limited test] INFO  security.OMCertificateClient (DefaultCertificateClient.java:updateCertSerialId(1244)) - Certificate serial ID set to 1575077229607
2023-08-24 06:05:07,823 [Time-limited test] INFO  security.OMCertificateClient (DefaultCertificateClient.java:readCertificateFile(237)) - Added certificate   [0]         Version: 3
         SerialNumber: 1
             IssuerDN: CN=scm-1@fv-az582-512,OU=659b4ae5-2b30-4fb0-9bc8-07a03da51cee,O=3eb8e616-066d-4ea2-aed2-4fac2c493f5d
           Start Date: Thu Aug 24 06:05:07 UTC 2023
           Final Date: Sun Oct 01 06:05:07 UTC 2028
            SubjectDN: CN=scm-1@fv-az582-512,OU=659b4ae5-2b30-4fb0-9bc8-07a03da51cee,O=3eb8e616-066d-4ea2-aed2-4fac2c493f5d
           Public Key: RSA Public Key [68:6c:6f:90:c8:90:b3:41:c7:1e:29:10:fa:9a:65:8f:96:e6:e8:0e],[56:66:d1:a4]
        modulus: b0e051b29f0c3c4227a95c33dee75c454e286ee2a4e23dcf4843ed19a4caf1bdea798d19d9137c0062687cec68871f12d5f5b9c0adc2cac42186d8e5fe98afe042f3d264be844f48aff31c7d3d9e36b8531200dff0686796d70ad9d742cb2656d3167f964eb22ad5d1a49979de8fef60ea1ad66f2f3e07544e7f4f765fda0d15edd89bb30efeab559e0ed907265c3916eaa03b9d6ca3c5a1b9945076790383e2bea4758014d171446745e83205e56adb94ac985de7d38cb3dfcd1f8a7a99aa018246c874bd4913c683aa8d9bf988e26d221735df94790c1bc02c2ea09f21df73ea912bd1dfeef634a8a61f5d6008593e6f30dfb63951436e83a7df34309bcec7
public exponent: 10001

  Signature Algorithm: SHA256WITHRSA
            Signature: 30f3ad13e3c1a76e18ee811b5c1b35643411dd0d
                       9e88218ccf7d55bb6c5cf7b39b22194f0b39459b
                       62b836dd8dc0720e2c579d6e9a7fe2c78c98181a
                       f95c4fe2f93d371a09db0b0c2cbdb3e6e8e76597
                       b67b1082c63de95f9647ee5e5b971c32f2e46427
                       91a3a224d87014cb92dba22841a810ee58c05244
                       d62ba2d6cd814f53dbe488f798fa680fffb92305
                       a413440cfc5ef0f7046518a30d1aa5f33b2428b9
                       13f4a6719cba9070e5ae9ec88e07bd9ba1e88cb9
                       1f605ee90b2786a7bb6571346f6b4e89abfc1494
                       33036e9d2edc57f3a9be905d6d0723e53cce9262
                       c8d81df5899dddf88ae083bb7b13fd9bd142ff1c
                       4ce6f342e6687f3fb65ebee08a5f92b3
       Extensions: 
                       critical(true) BasicConstraints: isCa(true)
                       critical(true) KeyUsage: 0x6
                       critical(false) 2.5.29.17 value = Sequence
    Tagged [7] IMPLICIT 
        DER Octet String[4] 
    Tagged [2] IMPLICIT 
        DER Octet String[64] 

 from file: /tmp/junit1217984549879637728/junit599499582142930367/scm-meta/om/certs/ROOTCA-1.crt.
2023-08-24 06:05:07,824 [Time-limited test] INFO  security.OMCertificateClient (DefaultCertificateClient.java:readCertificateFile(237)) - Added certificate   [0]         Version: 3
         SerialNumber: 1575077229607
             IssuerDN: CN=scm-sub-1574346587371@fv-az582-512,OU=659b4ae5-2b30-4fb0-9bc8-07a03da51cee,O=3eb8e616-066d-4ea2-aed2-4fac2c493f5d
           Start Date: Thu Aug 24 06:05:07 UTC 2023
           Final Date: Fri Aug 23 06:05:07 UTC 2024
            SubjectDN: CN=scm@fv-az582-512.vyw2dcplbgbehesrvt3jseauje.cx.internal.cloudapp.net,OU=659b4ae5-2b30-4fb0-9bc8-07a03da51cee,O=3eb8e616-066d-4ea2-aed2-4fac2c493f5d
           Public Key: RSA Public Key [8d:29:33:20:de:69:61:06:eb:93:90:5e:2a:1f:48:ab:71:b9:65:b7],[56:66:d1:a4]
        modulus: c8811a4dc020d01060c62ebe26a10ce75a30de2c2f26de4c410bb749b489b656eac9efe3604022c68786c7c7e3576ae8f792de4e062f85ea60ec3f7b8865806e8b5052a962f5f234b6383ebf6d0a6ee9425ca2f79453beb23a85a97e30fb34dba84bccb1945d25f289092eae72788e27d809807fd4385d00413d5e9ae3cbc088d3c236e76b8aaefc7b9ed5b2a28ae6b21afd9624aacd7c185db97ea27c6d76191083c9a3d391481cdf01f599aa2d651638c65baa939a766ee1450ee86ec649adf244dee686ad6ee7e093332edaaf82e8de864be44ca0f893ee2977db7f2da50e9eadcef9b9d87fe0c57785a4627587c48e54db5cfccd9ab9faac31792b002a19
public exponent: 10001

  Signature Algorithm: SHA256WITHRSA
            Signature: 29e0c8dc0e9baaed54b583d281d09d12c24ccaac
                       344f2de91bbaa0c35250c040ac50b7f1ba17c1d0
                       e22c8166d74527e4f1630b2e04a6ed19e3596f95
                       ee3ce2d55e920161c4330a5a561a25a3e465323e
                       5c2180daa173b411cd8795e258809c5f2bb70d31
                       09994fab35814eb7f4338ca258eee45e40772fb8
                       9b5b2b9ebc4bd894375cba618960f90cd30e0001
                       4a8ebeaf2c591aa4a895e85fff4dd505fcdb41f5
                       ef89845de8d11e95b7ab2bb15ecb5ef94b0fdc8b
                       c2389c9303534f61276e86703f03509e27c583a8
                       cd0a6004bfde9efa86a57bafde1d099e99ef9195
                       1df1f8be93272ed7038e7e4e26fa5cb4fb46cc88
                       dfe8c9d37f918491c14cc3dccc4efcfd
       Extensions: 
                       critical(false) 2.5.29.17 value = Sequence
    Tagged [7] IMPLICIT 
        DER Octet String[4] 
    Tagged [2] IMPLICIT 
        DER Octet String[64] 

                       critical(true) KeyUsage: 0xb8
 from file: /tmp/junit1217984549879637728/junit599499582142930367/scm-meta/om/certs/1575077229607.crt.
2023-08-24 06:05:07,826 [Time-limited test] INFO  security.OMCertificateClient (DefaultCertificateClient.java:readCertificateFile(237)) - Added certificate   [0]         Version: 3
         SerialNumber: 1574358733257
             IssuerDN: CN=scm-1@fv-az582-512,OU=659b4ae5-2b30-4fb0-9bc8-07a03da51cee,O=3eb8e616-066d-4ea2-aed2-4fac2c493f5d
           Start Date: Thu Aug 24 06:05:07 UTC 2023
           Final Date: Sun Oct 01 06:05:07 UTC 2028
            SubjectDN: CN=scm-sub-1574346587371@fv-az582-512,OU=659b4ae5-2b30-4fb0-9bc8-07a03da51cee,O=3eb8e616-066d-4ea2-aed2-4fac2c493f5d
           Public Key: RSA Public Key [58:dd:10:1b:56:be:3a:e6:f2:b2:9c:8c:6c:a7:01:64:29:08:95:a7],[56:66:d1:a4]
        modulus: a064cef35d218948a7f20197a5ee86138b6ffe7cff37fa8abef3d65db68f8cabdbf05166b2aedc303632410529f139dde3677b9d94bf22b52e15644652a0dbcd300593704060f827ae4d62c90bf040b4ea7d5f032dec75c2364431746a69aaa5b38903446956a1f5d421a49174cc31f43c966a94f35b3d061d4440369ddbf477d511f4395fea7a9525973dc16c7486f8cf9d90f4b02d40bf0171f52ed4b7f04bea0ad880871930b67c02b8f5d691ff5fa27b5ed09f487c49cd4e5557c6d8c762a04ccc3b1c776a594fe46b523d2d82b471ad1a4dfa4a4eb6c06160a61eea76d8ea1043124980c62e6cb7c00a51265a431b3d1f2a7f0a0cd9ef05345dd8bde2ef
public exponent: 10001

  Signature Algorithm: SHA256WITHRSA
            Signature: 2e094a865d86db98ddf0cbfaafb23dab3f6dd53e
                       cff69951ae8122f5871f20fdaf671fdc7c6f0886
                       d91b305815550e958afb7727e8902a6206ddc07e
                       03f9f4c8794d835163535465bd61c7d8dec2a171
                       74b3aa484713aad7562aa758d8cd7012444af22e
                       e3b9df075b0e97eb0b6769bc2df33e68afa24886
                       7d307491e65d36bc50a705b1af66f7b90510e66e
                       6bf4b5f761c8342b3e8f5973a215882b2c18f819
                       fe4c1a7f8e03e850e134638c13fcc081f919e28f
                       adb9bdc88b60bf2d3bfc2713326f4f3d91e8a006
                       341c004521b59aea2b8f3dd4e2f70bef94ddc285
                       47244ac95f5795ed7314c45cab52a70bd9fe2003
                       a0477d048bde3a04b7bdc6e8b3166c38
       Extensions: 
                       critical(false) 2.5.29.17 value = Sequence
    Tagged [7] IMPLICIT 
        DER Octet String[4] 
    Tagged [2] IMPLICIT 
        DER Octet String[64] 

                       critical(true) BasicConstraints: isCa(true)
                       critical(true) KeyUsage: 0xbe
 from file: /tmp/junit1217984549879637728/junit599499582142930367/scm-meta/om/certs/CA-1574358733257.crt.
2023-08-24 06:05:07,826 [Time-limited test] INFO  om.OzoneManager (OzoneManager.java:initializeSecurity(1405)) - Successfully stored SCM signed certificate.
2023-08-24 06:05:07,827 [Time-limited test] INFO  ha.OMHANodeDetails (OMHANodeDetails.java:loadOMHAConfig(115)) - ozone.om.internal.service.id is not defined, falling back to ozone.om.service.ids to find serviceID for OzoneManager if it is HA enabled cluster
2023-08-24 06:05:07,827 [Time-limited test] INFO  ha.OMHANodeDetails (OMHANodeDetails.java:loadOMHAConfig(226)) - Configuration does not have ozone.om.address set. Falling back to the default OM address fv-az582-512.vyw2dcplbgbehesrvt3jseauje.cx.internal.cloudapp.net/10.1.0.20:1202
2023-08-24 06:05:07,827 [Time-limited test] INFO  ha.OMHANodeDetails (OMHANodeDetails.java:getOMNodeDetailsForNonHA(254)) - OM Service ID is not set. Setting it to the default ID: omServiceIdDefault
2023-08-24 06:05:07,827 [Time-limited test] INFO  ha.OMHANodeDetails (OMHANodeDetails.java:getOMNodeDetailsForNonHA(261)) - OM Node ID is not set. Setting it to the default ID: om1
2023-08-24 06:05:07,828 [Time-limited test] WARN  server.ServerUtils (ServerUtils.java:getDBPath(311)) - ozone.om.db.dirs is not configured. We recommend adding this setting. Falling back to ozone.metadata.dirs instead.
2023-08-24 06:05:07,828 [Time-limited test] INFO  upgrade.AbstractLayoutVersionManager (AbstractLayoutVersionManager.java:init(83)) - Initializing Layout version manager with metadata layout = QUOTA (version = 6), software layout = QUOTA (version = 6)
2023-08-24 06:05:07,922 [Time-limited test] INFO  reflections.Reflections (Reflections.java:scan(232)) - Reflections took 93 ms to scan 2 urls, producing 188 keys and 512 values [using 2 cores]
2023-08-24 06:05:07,923 [Time-limited test] INFO  upgrade.OMLayoutVersionManager (OMLayoutVersionManager.java:lambda$0(115)) - Skipping Upgrade Action QuotaRepairUpgradeAction since it has been finalized.
2023-08-24 06:05:07,923 [Time-limited test] INFO  upgrade.OMLayoutVersionManager (OMLayoutVersionManager.java:lambda$0(115)) - Skipping Upgrade Action MockOmUpgradeAction since it has been finalized.
2023-08-24 06:05:07,926 [pool-201-thread-1] INFO  request.KdcRequest (KdcRequest.java:preauth(651)) - The preauth data is empty.
2023-08-24 06:05:07,927 [pool-201-thread-1] INFO  server.KdcHandler (KdcHandler.java:handleRecoverableException(177)) - KRB error occurred while processing request:Additional pre-authentication required
2023-08-24 06:05:07,931 [pool-201-thread-1] INFO  request.AsRequest (AsRequest.java:issueTicket(112)) - AS_REQ ISSUE: authtime 1692857107931,om/fv-az582-512.vyw2dcplbgbehesrvt3jseauje.cx.internal.cloudapp.net@EXAMPLE.COM for krbtgt/EXAMPLE.COM@EXAMPLE.COM
2023-08-24 06:05:07,932 [Time-limited test] INFO  security.UserGroupInformation (UserGroupInformation.java:loginUserFromKeytab(1132)) - Login successful for user om/fv-az582-512.vyw2dcplbgbehesrvt3jseauje.cx.internal.cloudapp.net@EXAMPLE.COM using keytab file om.keytab. Keytab auto renewal enabled : false
2023-08-24 06:05:07,933 [Time-limited test] INFO  om.OzoneManager (OzoneManager.java:loginOMUser(1161)) - Ozone Manager login successful.
2023-08-24 06:05:07,933 [Time-limited test] WARN  server.ServerUtils (ServerUtils.java:getDBPath(311)) - ozone.om.db.dirs is not configured. We recommend adding this setting. Falling back to ozone.metadata.dirs instead.
2023-08-24 06:05:07,934 [Time-limited test] INFO  proxy.SCMBlockLocationFailoverProxyProvider (SCMBlockLocationFailoverProxyProvider.java:<init>(114)) - Created block location fail-over proxy with 1 nodes: [nodeId=scmNodeId,nodeAddress=/0.0.0.0:9863]
2023-08-24 06:05:07,935 [Time-limited test] INFO  om.OzoneManager (OzoneManager.java:getOmDetailsProto(4552)) - OzoneManager ports added:[name: "RPC"
value: 1202
]
2023-08-24 06:05:07,936 [Time-limited test] INFO  security.OMCertificateClient (DefaultCertificateClient.java:updateCertSerialId(1244)) - Certificate serial ID set to 1575077229607
2023-08-24 06:05:07,937 [Time-limited test] INFO  security.OMCertificateClient (DefaultCertificateClient.java:readCertificateFile(237)) - Added certificate   [0]         Version: 3
         SerialNumber: 1
             IssuerDN: CN=scm-1@fv-az582-512,OU=659b4ae5-2b30-4fb0-9bc8-07a03da51cee,O=3eb8e616-066d-4ea2-aed2-4fac2c493f5d
           Start Date: Thu Aug 24 06:05:07 UTC 2023
           Final Date: Sun Oct 01 06:05:07 UTC 2028
            SubjectDN: CN=scm-1@fv-az582-512,OU=659b4ae5-2b30-4fb0-9bc8-07a03da51cee,O=3eb8e616-066d-4ea2-aed2-4fac2c493f5d
           Public Key: RSA Public Key [68:6c:6f:90:c8:90:b3:41:c7:1e:29:10:fa:9a:65:8f:96:e6:e8:0e],[56:66:d1:a4]
        modulus: b0e051b29f0c3c4227a95c33dee75c454e286ee2a4e23dcf4843ed19a4caf1bdea798d19d9137c0062687cec68871f12d5f5b9c0adc2cac42186d8e5fe98afe042f3d264be844f48aff31c7d3d9e36b8531200dff0686796d70ad9d742cb2656d3167f964eb22ad5d1a49979de8fef60ea1ad66f2f3e07544e7f4f765fda0d15edd89bb30efeab559e0ed907265c3916eaa03b9d6ca3c5a1b9945076790383e2bea4758014d171446745e83205e56adb94ac985de7d38cb3dfcd1f8a7a99aa018246c874bd4913c683aa8d9bf988e26d221735df94790c1bc02c2ea09f21df73ea912bd1dfeef634a8a61f5d6008593e6f30dfb63951436e83a7df34309bcec7
public exponent: 10001

  Signature Algorithm: SHA256WITHRSA
            Signature: 30f3ad13e3c1a76e18ee811b5c1b35643411dd0d
                       9e88218ccf7d55bb6c5cf7b39b22194f0b39459b
                       62b836dd8dc0720e2c579d6e9a7fe2c78c98181a
                       f95c4fe2f93d371a09db0b0c2cbdb3e6e8e76597
                       b67b1082c63de95f9647ee5e5b971c32f2e46427
                       91a3a224d87014cb92dba22841a810ee58c05244
                       d62ba2d6cd814f53dbe488f798fa680fffb92305
                       a413440cfc5ef0f7046518a30d1aa5f33b2428b9
                       13f4a6719cba9070e5ae9ec88e07bd9ba1e88cb9
                       1f605ee90b2786a7bb6571346f6b4e89abfc1494
                       33036e9d2edc57f3a9be905d6d0723e53cce9262
                       c8d81df5899dddf88ae083bb7b13fd9bd142ff1c
                       4ce6f342e6687f3fb65ebee08a5f92b3
       Extensions: 
                       critical(true) BasicConstraints: isCa(true)
                       critical(true) KeyUsage: 0x6
                       critical(false) 2.5.29.17 value = Sequence
    Tagged [7] IMPLICIT 
        DER Octet String[4] 
    Tagged [2] IMPLICIT 
        DER Octet String[64] 

 from file: /tmp/junit1217984549879637728/junit599499582142930367/scm-meta/om/certs/ROOTCA-1.crt.
2023-08-24 06:05:07,938 [Time-limited test] INFO  security.OMCertificateClient (DefaultCertificateClient.java:readCertificateFile(237)) - Added certificate   [0]         Version: 3
         SerialNumber: 1575077229607
             IssuerDN: CN=scm-sub-1574346587371@fv-az582-512,OU=659b4ae5-2b30-4fb0-9bc8-07a03da51cee,O=3eb8e616-066d-4ea2-aed2-4fac2c493f5d
           Start Date: Thu Aug 24 06:05:07 UTC 2023
           Final Date: Fri Aug 23 06:05:07 UTC 2024
            SubjectDN: CN=scm@fv-az582-512.vyw2dcplbgbehesrvt3jseauje.cx.internal.cloudapp.net,OU=659b4ae5-2b30-4fb0-9bc8-07a03da51cee,O=3eb8e616-066d-4ea2-aed2-4fac2c493f5d
           Public Key: RSA Public Key [8d:29:33:20:de:69:61:06:eb:93:90:5e:2a:1f:48:ab:71:b9:65:b7],[56:66:d1:a4]
        modulus: c8811a4dc020d01060c62ebe26a10ce75a30de2c2f26de4c410bb749b489b656eac9efe3604022c68786c7c7e3576ae8f792de4e062f85ea60ec3f7b8865806e8b5052a962f5f234b6383ebf6d0a6ee9425ca2f79453beb23a85a97e30fb34dba84bccb1945d25f289092eae72788e27d809807fd4385d00413d5e9ae3cbc088d3c236e76b8aaefc7b9ed5b2a28ae6b21afd9624aacd7c185db97ea27c6d76191083c9a3d391481cdf01f599aa2d651638c65baa939a766ee1450ee86ec649adf244dee686ad6ee7e093332edaaf82e8de864be44ca0f893ee2977db7f2da50e9eadcef9b9d87fe0c57785a4627587c48e54db5cfccd9ab9faac31792b002a19
public exponent: 10001

  Signature Algorithm: SHA256WITHRSA
            Signature: 29e0c8dc0e9baaed54b583d281d09d12c24ccaac
                       344f2de91bbaa0c35250c040ac50b7f1ba17c1d0
                       e22c8166d74527e4f1630b2e04a6ed19e3596f95
                       ee3ce2d55e920161c4330a5a561a25a3e465323e
                       5c2180daa173b411cd8795e258809c5f2bb70d31
                       09994fab35814eb7f4338ca258eee45e40772fb8
                       9b5b2b9ebc4bd894375cba618960f90cd30e0001
                       4a8ebeaf2c591aa4a895e85fff4dd505fcdb41f5
                       ef89845de8d11e95b7ab2bb15ecb5ef94b0fdc8b
                       c2389c9303534f61276e86703f03509e27c583a8
                       cd0a6004bfde9efa86a57bafde1d099e99ef9195
                       1df1f8be93272ed7038e7e4e26fa5cb4fb46cc88
                       dfe8c9d37f918491c14cc3dccc4efcfd
       Extensions: 
                       critical(false) 2.5.29.17 value = Sequence
    Tagged [7] IMPLICIT 
        DER Octet String[4] 
    Tagged [2] IMPLICIT 
        DER Octet String[64] 

                       critical(true) KeyUsage: 0xb8
 from file: /tmp/junit1217984549879637728/junit599499582142930367/scm-meta/om/certs/1575077229607.crt.
2023-08-24 06:05:07,946 [Time-limited test] INFO  security.OMCertificateClient (DefaultCertificateClient.java:readCertificateFile(237)) - Added certificate   [0]         Version: 3
         SerialNumber: 1574358733257
             IssuerDN: CN=scm-1@fv-az582-512,OU=659b4ae5-2b30-4fb0-9bc8-07a03da51cee,O=3eb8e616-066d-4ea2-aed2-4fac2c493f5d
           Start Date: Thu Aug 24 06:05:07 UTC 2023
           Final Date: Sun Oct 01 06:05:07 UTC 2028
            SubjectDN: CN=scm-sub-1574346587371@fv-az582-512,OU=659b4ae5-2b30-4fb0-9bc8-07a03da51cee,O=3eb8e616-066d-4ea2-aed2-4fac2c493f5d
           Public Key: RSA Public Key [58:dd:10:1b:56:be:3a:e6:f2:b2:9c:8c:6c:a7:01:64:29:08:95:a7],[56:66:d1:a4]
        modulus: a064cef35d218948a7f20197a5ee86138b6ffe7cff37fa8abef3d65db68f8cabdbf05166b2aedc303632410529f139dde3677b9d94bf22b52e15644652a0dbcd300593704060f827ae4d62c90bf040b4ea7d5f032dec75c2364431746a69aaa5b38903446956a1f5d421a49174cc31f43c966a94f35b3d061d4440369ddbf477d511f4395fea7a9525973dc16c7486f8cf9d90f4b02d40bf0171f52ed4b7f04bea0ad880871930b67c02b8f5d691ff5fa27b5ed09f487c49cd4e5557c6d8c762a04ccc3b1c776a594fe46b523d2d82b471ad1a4dfa4a4eb6c06160a61eea76d8ea1043124980c62e6cb7c00a51265a431b3d1f2a7f0a0cd9ef05345dd8bde2ef
public exponent: 10001

  Signature Algorithm: SHA256WITHRSA
            Signature: 2e094a865d86db98ddf0cbfaafb23dab3f6dd53e
                       cff69951ae8122f5871f20fdaf671fdc7c6f0886
                       d91b305815550e958afb7727e8902a6206ddc07e
                       03f9f4c8794d835163535465bd61c7d8dec2a171
                       74b3aa484713aad7562aa758d8cd7012444af22e
                       e3b9df075b0e97eb0b6769bc2df33e68afa24886
                       7d307491e65d36bc50a705b1af66f7b90510e66e
                       6bf4b5f761c8342b3e8f5973a215882b2c18f819
                       fe4c1a7f8e03e850e134638c13fcc081f919e28f
                       adb9bdc88b60bf2d3bfc2713326f4f3d91e8a006
                       341c004521b59aea2b8f3dd4e2f70bef94ddc285
                       47244ac95f5795ed7314c45cab52a70bd9fe2003
                       a0477d048bde3a04b7bdc6e8b3166c38
       Extensions: 
                       critical(false) 2.5.29.17 value = Sequence
    Tagged [7] IMPLICIT 
        DER Octet String[4] 
    Tagged [2] IMPLICIT 
        DER Octet String[64] 

                       critical(true) BasicConstraints: isCa(true)
                       critical(true) KeyUsage: 0xbe
 from file: /tmp/junit1217984549879637728/junit599499582142930367/scm-meta/om/certs/CA-1574358733257.crt.
2023-08-24 06:05:07,949 [Time-limited test] INFO  security.OMCertificateClient (DefaultCertificateClient.java:startCertificateRenewerService(1347)) - CertificateRenewerService for om is started with first delay 31535989054 ms and interval 3333 ms.
2023-08-24 06:05:07,951 [Time-limited test] INFO  om.OzoneManager (OzoneManager.java:<init>(662)) - OM start with adminUsers: [om/fv-az582-512.vyw2dcplbgbehesrvt3jseauje.cx.internal.cloudapp.net@EXAMPLE.COM, om]
2023-08-24 06:05:07,952 [Time-limited test] WARN  server.ServerUtils (ServerUtils.java:getDBPath(311)) - ozone.om.db.dirs is not configured. We recommend adding this setting. Falling back to ozone.metadata.dirs instead.
2023-08-24 06:05:07,953 [Time-limited test] INFO  helpers.OmKeyInfo (OmKeyInfo.java:getCodec(71)) - OmKeyInfo.getCodec ignorePipeline = true
2023-08-24 06:05:08,157 [Time-limited test] INFO  om.OzoneManager (OzoneManager.java:instantiateServices(791)) - S3 Multi-Tenancy is disabled
2023-08-24 06:05:08,158 [Time-limited test] INFO  security.OzoneSecretStore (OzoneSecretStore.java:loadState(69)) - Loaded 0 tokens
2023-08-24 06:05:08,158 [Time-limited test] INFO  security.OzoneDelegationTokenSecretManager (OzoneDelegationTokenSecretManager.java:loadTokenSecretState(530)) - Loading token state into token manager.
2023-08-24 06:05:08,158 [Time-limited test] INFO  om.OmSnapshotManager (OmSnapshotManager.java:<init>(175)) - Ozone filesystem snapshot feature is enabled.
2023-08-24 06:05:08,158 [Time-limited test] WARN  server.ServerUtils (ServerUtils.java:getDBPath(311)) - ozone.om.snapshot.diff.db.dir is not configured. We recommend adding this setting. Falling back to ozone.metadata.dirs instead.
2023-08-24 06:05:08,188 [Time-limited test] INFO  snapshot.SnapshotDiffManager (SnapshotDiffManager.java:closeExecutorService(1720)) - Shutting down executorService: 'SstDumpToolExecutor'
2023-08-24 06:05:08,221 [Time-limited test] INFO  om.OzoneManager (OzoneManager.java:addS3GVolumeToDB(4284)) - Created Volume s3v With Owner om required for S3Gateway operations.
2023-08-24 06:05:08,221 [Time-limited test] WARN  server.ServerUtils (ServerUtils.java:getDefaultRatisDirectory(323)) - Storage directory for Ratis is not configured. It is a good idea to map this to an SSD disk. Falling back to ozone.metadata.dirs
2023-08-24 06:05:08,221 [Time-limited test] WARN  utils.OzoneManagerRatisUtils (OzoneManagerRatisUtils.java:getOMRatisSnapshotDirectory(461)) - ozone.om.ratis.snapshot.dir is not configured. Falling back to ozone.metadata.dirs config
2023-08-24 06:05:08,222 [Time-limited test] WARN  server.ServerUtils (ServerUtils.java:getDefaultRatisDirectory(323)) - Storage directory for Ratis is not configured. It is a good idea to map this to an SSD disk. Falling back to ozone.metadata.dirs
2023-08-24 06:05:08,227 [Time-limited test] INFO  ratis.OzoneManagerRatisServer (OzoneManagerRatisServer.java:<init>(163)) - Instantiating OM Ratis server with groupID: omServiceIdDefault and peers: fv-az582-512.vyw2dcplbgbehesrvt3jseauje.cx.internal.cloudapp.net:9872
2023-08-24 06:05:08,228 [Time-limited test] INFO  ratis.OzoneManagerStateMachine (OzoneManagerStateMachine.java:loadSnapshotInfoFromDB(687)) - LastAppliedIndex is set from TransactionInfo from OM DB as (t:0, i:~)
2023-08-24 06:05:08,232 [Time-limited test] INFO  server.RaftServer (ConfUtils.java:logGet(46)) - raft.rpc.type = GRPC (default)
2023-08-24 06:05:08,232 [Time-limited test] INFO  grpc.GrpcConfigKeys (ConfUtils.java:logFallback(53)) - raft.grpc.admin.host = null (fallback to raft.grpc.server.host)
2023-08-24 06:05:08,232 [Time-limited test] INFO  grpc.GrpcConfigKeys (ConfUtils.java:logFallback(53)) - raft.grpc.admin.port = 9872 (fallback to raft.grpc.server.port)
2023-08-24 06:05:08,232 [Time-limited test] INFO  grpc.GrpcConfigKeys (ConfUtils.java:logFallback(53)) - raft.grpc.client.host = null (fallback to raft.grpc.server.host)
2023-08-24 06:05:08,232 [Time-limited test] INFO  grpc.GrpcConfigKeys (ConfUtils.java:logFallback(53)) - raft.grpc.client.port = 9872 (fallback to raft.grpc.server.port)
2023-08-24 06:05:08,232 [Time-limited test] INFO  grpc.GrpcConfigKeys (ConfUtils.java:logGet(46)) - raft.grpc.server.host = null (default)
2023-08-24 06:05:08,232 [Time-limited test] INFO  grpc.GrpcConfigKeys (ConfUtils.java:logGet(46)) - raft.grpc.server.port = 9872 (custom)
2023-08-24 06:05:08,232 [Time-limited test] INFO  server.GrpcService (ConfUtils.java:logGet(46)) - raft.grpc.message.size.max = 33554432 (custom)
2023-08-24 06:05:08,232 [Time-limited test] INFO  server.RaftServerConfigKeys (ConfUtils.java:logGet(46)) - raft.server.log.appender.buffer.byte-limit = 33554432 (custom)
2023-08-24 06:05:08,232 [Time-limited test] INFO  server.GrpcService (ConfUtils.java:logGet(46)) - raft.grpc.flow.control.window = 1MB (=1048576) (default)
2023-08-24 06:05:08,232 [Time-limited test] INFO  server.RaftServerConfigKeys (ConfUtils.java:logGet(46)) - raft.server.rpc.request.timeout = 3000ms (default)
2023-08-24 06:05:08,232 [Time-limited test] INFO  grpc.GrpcConfigKeys (ConfUtils.java:logGet(46)) - raft.grpc.server.heartbeat.channel = true (default)
2023-08-24 06:05:08,233 [Time-limited test] INFO  grpc.GrpcConfigKeys (ConfUtils.java:logGet(46)) - raft.grpc.server.async.request.thread.pool.cached = true (default)
2023-08-24 06:05:08,233 [Time-limited test] INFO  grpc.GrpcConfigKeys (ConfUtils.java:logGet(46)) - raft.grpc.server.async.request.thread.pool.size = 32 (default)
2023-08-24 06:05:08,234 [Time-limited test] INFO  impl.DataStreamServerImpl (ConfUtils.java:logGet(46)) - raft.datastream.type = DISABLED (default)
2023-08-24 06:05:08,234 [Time-limited test] INFO  server.RaftServerConfigKeys (ConfUtils.java:logGet(46)) - raft.server.threadpool.proxy.cached = true (default)
2023-08-24 06:05:08,234 [Time-limited test] INFO  server.RaftServerConfigKeys (ConfUtils.java:logGet(46)) - raft.server.threadpool.proxy.size = 0 (default)
2023-08-24 06:05:08,234 [Time-limited test] INFO  server.RaftServerConfigKeys (ConfUtils.java:logGet(46)) - raft.server.rpc.slowness.timeout = 120s (custom)
2023-08-24 06:05:08,234 [Time-limited test] INFO  server.RaftServerConfigKeys (ConfUtils.java:logGet(46)) - raft.server.leaderelection.leader.step-down.wait-time = 10s (default)
2023-08-24 06:05:08,234 [Time-limited test] INFO  server.RaftServerConfigKeys (ConfUtils.java:logGet(46)) - raft.server.storage.dir = [/tmp/junit1217984549879637728/junit599499582142930367/scm-meta/ratis] (custom)
2023-08-24 06:05:08,239 [Time-limited test] INFO  server.RaftServer (RaftServerProxy.java:addNew(98)) - om1: addNew group-C5BA1605619E:[om1|rpc:fv-az582-512.vyw2dcplbgbehesrvt3jseauje.cx.internal.cloudapp.net:9872|priority:0|startupRole:FOLLOWER] returns group-C5BA1605619E:java.util.concurrent.CompletableFuture@6f1819bd[Not completed]
2023-08-24 06:05:08,239 [Time-limited test] INFO  om.OzoneManager (OzoneManager.java:initializeRatisServer(2128)) - OzoneManager Ratis server initialized at port 9872
2023-08-24 06:05:08,239 [Time-limited test] INFO  om.OzoneManager (OzoneManager.java:getRpcServer(1193)) - Creating RPC Server
2023-08-24 06:05:08,241 [om1-groupManagement] INFO  server.RaftServer$Division (RaftServerImpl.java:<init>(198)) - om1: new RaftServerImpl for group-C5BA1605619E:[om1|rpc:fv-az582-512.vyw2dcplbgbehesrvt3jseauje.cx.internal.cloudapp.net:9872|priority:0|startupRole:FOLLOWER] with OzoneManagerStateMachine:uninitialized
2023-08-24 06:05:08,251 [om1-groupManagement] INFO  server.RaftServerConfigKeys (ConfUtils.java:logGet(46)) - raft.server.rpc.timeout.min = 5s (custom)
2023-08-24 06:05:08,251 [om1-groupManagement] INFO  server.RaftServerConfigKeys (ConfUtils.java:logGet(46)) - raft.server.rpc.timeout.max = 5200ms (custom)
2023-08-24 06:05:08,251 [om1-groupManagement] INFO  server.RaftServerConfigKeys (ConfUtils.java:logGet(46)) - raft.server.rpc.sleep.time = 25ms (default)
2023-08-24 06:05:08,251 [om1-groupManagement] INFO  server.RaftServerConfigKeys (ConfUtils.java:logGet(46)) - raft.server.rpc.slowness.timeout = 120s (custom)
2023-08-24 06:05:08,251 [om1-groupManagement] INFO  server.RaftServerConfigKeys (ConfUtils.java:logGet(46)) - raft.server.leaderelection.leader.step-down.wait-time = 10s (default)
2023-08-24 06:05:08,252 [om1-groupManagement] INFO  server.RaftServerConfigKeys (ConfUtils.java:logGet(46)) - raft.server.sleep.deviation.threshold = 300ms (default)
2023-08-24 06:05:08,252 [om1-groupManagement] INFO  server.RaftServer$Division (ServerState.java:<init>(120)) - om1@group-C5BA1605619E: ConfigurationManager, init=-1: peers:[om1|rpc:fv-az582-512.vyw2dcplbgbehesrvt3jseauje.cx.internal.cloudapp.net:9872|priority:0|startupRole:FOLLOWER]|listeners:[], old=null, confs=<EMPTY_MAP>
2023-08-24 06:05:08,252 [om1-groupManagement] INFO  server.RaftServerConfigKeys (ConfUtils.java:logGet(46)) - raft.server.storage.dir = [/tmp/junit1217984549879637728/junit599499582142930367/scm-meta/ratis] (custom)
2023-08-24 06:05:08,252 [om1-groupManagement] INFO  server.RaftServerConfigKeys (ConfUtils.java:logGet(46)) - raft.server.log.corruption.policy = EXCEPTION (default)
2023-08-24 06:05:08,252 [om1-groupManagement] INFO  server.RaftServerConfigKeys (ConfUtils.java:logGet(46)) - raft.server.storage.free-space.min = 0MB (=0) (default)
2023-08-24 06:05:08,252 [om1-groupManagement] INFO  server.RaftServerConfigKeys (ConfUtils.java:logGet(46)) - raft.server.notification.no-leader.timeout = 120s (custom)
2023-08-24 06:05:08,252 [om1-groupManagement] INFO  server.RaftServerConfigKeys (ConfUtils.java:logGet(46)) - raft.server.read.timeout = 10s (default)
2023-08-24 06:05:08,252 [om1-groupManagement] INFO  server.RaftServerConfigKeys (ConfUtils.java:logGet(46)) - raft.server.retrycache.expirytime = 300s (custom)
2023-08-24 06:05:08,252 [om1-groupManagement] INFO  server.RaftServerConfigKeys (ConfUtils.java:logGet(46)) - raft.server.retrycache.statistics.expirytime = 100μs (default)
2023-08-24 06:05:08,252 [om1-groupManagement] INFO  server.RaftServerConfigKeys (ConfUtils.java:logGet(46)) - raft.server.read.option = DEFAULT (default)
2023-08-24 06:05:08,253 [om1-groupManagement] INFO  server.RaftServerConfigKeys (ConfUtils.java:logGet(46)) - raft.server.rpc.request.timeout = 3000ms (default)
2023-08-24 06:05:08,253 [om1-groupManagement] INFO  server.RaftServerConfigKeys (ConfUtils.java:logGet(46)) - raft.server.log.appender.install.snapshot.enabled = false (custom)
2023-08-24 06:05:08,253 [om1-groupManagement] INFO  server.RaftServerConfigKeys (ConfUtils.java:logGet(46)) - raft.server.threadpool.server.cached = true (default)
2023-08-24 06:05:08,253 [om1-groupManagement] INFO  server.RaftServerConfigKeys (ConfUtils.java:logGet(46)) - raft.server.threadpool.server.size = 0 (default)
2023-08-24 06:05:08,253 [om1-groupManagement] INFO  server.RaftServerConfigKeys (ConfUtils.java:logGet(46)) - raft.server.threadpool.client.cached = true (default)
2023-08-24 06:05:08,253 [om1-groupManagement] INFO  server.RaftServerConfigKeys (ConfUtils.java:logGet(46)) - raft.server.threadpool.client.size = 0 (default)
2023-08-24 06:05:08,779 [Time-limited test] INFO  reflections.Reflections (Reflections.java:scan(232)) - Reflections took 538 ms to scan 19 urls, producing 70 keys and 5648 values [using 2 cores]
2023-08-24 06:05:08,780 [Time-limited test] INFO  ipc.CallQueueManager (CallQueueManager.java:<init>(90)) - Using callQueue: class java.util.concurrent.LinkedBlockingQueue, queueCapacity: 10000, scheduler: class org.apache.hadoop.ipc.DefaultRpcScheduler, ipcBackoff: false.
2023-08-24 06:05:08,780 [Time-limited test] INFO  ipc.Server (Server.java:<init>(1287)) - Listener at fv-az582-512.vyw2dcplbgbehesrvt3jseauje.cx.internal.cloudapp.net:1202
2023-08-24 06:05:08,781 [Socket Reader #1 for port 1202] INFO  ipc.Server (Server.java:run(1323)) - Starting Socket Reader #1 for port 1202
2023-08-24 06:05:08,812 [Time-limited test] INFO  server.StorageContainerManager (StorageContainerManager.java:stop(1591)) - Container Balancer is not running.
2023-08-24 06:05:08,812 [Time-limited test] INFO  server.StorageContainerManager (StorageContainerManager.java:stopReplicationManager(1724)) - Stopping Replication Manager Service.
2023-08-24 06:05:08,812 [Time-limited test] INFO  replication.ReplicationManager (ReplicationManager.java:stop(319)) - Stopping Replication Monitor Thread.
2023-08-24 06:05:08,812 [Under Replicated Processor] WARN  replication.UnhealthyReplicationProcessor (UnhealthyReplicationProcessor.java:run(180)) - Under Replicated Processor interrupted. Exiting...
2023-08-24 06:05:08,813 [Over Replicated Processor] WARN  replication.UnhealthyReplicationProcessor (UnhealthyReplicationProcessor.java:run(180)) - Over Replicated Processor interrupted. Exiting...
2023-08-24 06:05:08,813 [ReplicationMonitor] INFO  replication.ReplicationManager (ReplicationManager.java:run(917)) - Replication Monitor Thread is stopped
2023-08-24 06:05:08,813 [Time-limited test] INFO  server.StorageContainerManager (StorageContainerManager.java:stop(1600)) - Stopping the Datanode Admin Monitor.
2023-08-24 06:05:08,814 [Time-limited test] INFO  server.StorageContainerManager (StorageContainerManager.java:stop(1607)) - Stopping datanode service RPC server
2023-08-24 06:05:08,814 [Time-limited test] INFO  server.SCMDatanodeProtocolServer (SCMDatanodeProtocolServer.java:stop(424)) - Stopping the RPC server for DataNodes
2023-08-24 06:05:08,814 [Time-limited test] INFO  ipc.Server (Server.java:stop(3523)) - Stopping server on 9861
2023-08-24 06:05:08,826 [IPC Server listener on 9861] INFO  ipc.Server (Server.java:run(1434)) - Stopping IPC Server listener on 9861
2023-08-24 06:05:08,832 [IPC Server Responder] INFO  ipc.Server (Server.java:run(1567)) - Stopping IPC Server Responder
2023-08-24 06:05:10,236 [SCM Heartbeat Processing Thread - 0] WARN  node.NodeStateManager (NodeStateManager.java:scheduleNextHealthCheck(874)) - Current Thread is interrupted, shutting down HB processing thread for Node Manager.
2023-08-24 06:05:10,236 [Time-limited test] INFO  server.StorageContainerManager (StorageContainerManager.java:stop(1615)) - Stopping block service RPC server
2023-08-24 06:05:10,237 [Time-limited test] INFO  server.SCMBlockProtocolServer (SCMBlockProtocolServer.java:stop(161)) - Stopping the RPC server for Block Protocol
2023-08-24 06:05:10,237 [Time-limited test] INFO  ipc.Server (Server.java:stop(3523)) - Stopping server on 9863
2023-08-24 06:05:10,239 [IPC Server listener on 9863] INFO  ipc.Server (Server.java:run(1434)) - Stopping IPC Server listener on 9863
2023-08-24 06:05:10,240 [IPC Server Responder] INFO  ipc.Server (Server.java:run(1567)) - Stopping IPC Server Responder
2023-08-24 06:05:10,240 [Time-limited test] INFO  server.StorageContainerManager (StorageContainerManager.java:stop(1622)) - Stopping the StorageContainerLocationProtocol RPC server
2023-08-24 06:05:10,240 [Time-limited test] INFO  server.SCMClientProtocolServer (SCMClientProtocolServer.java:stop(210)) - Stopping the RPC server for Client Protocol
2023-08-24 06:05:10,240 [Time-limited test] INFO  ipc.Server (Server.java:stop(3523)) - Stopping server on 9860
2023-08-24 06:05:10,242 [IPC Server listener on 9860] INFO  ipc.Server (Server.java:run(1434)) - Stopping IPC Server listener on 9860
2023-08-24 06:05:10,242 [Time-limited test] INFO  server.StorageContainerManager (StorageContainerManager.java:stop(1629)) - Stopping Storage Container Manager HTTP server.
2023-08-24 06:05:10,243 [Time-limited test] INFO  handler.ContextHandler (ContextHandler.java:doStop(1159)) - Stopped o.e.j.w.WebAppContext@63a8b998{scm,/,null,STOPPED}{file:/home/runner/work/ozone/ozone/hadoop-ozone/integration-test/target/test-classes/webapps/scm}
2023-08-24 06:05:10,246 [IPC Server Responder] INFO  ipc.Server (Server.java:run(1567)) - Stopping IPC Server Responder
2023-08-24 06:05:10,255 [Time-limited test] INFO  server.AbstractConnector (AbstractConnector.java:doStop(383)) - Stopped ServerConnector@28a20ecf{HTTP/1.1, (http/1.1)}{0.0.0.0:9876}
2023-08-24 06:05:10,255 [Time-limited test] INFO  server.session (HouseKeeper.java:stopScavenging(149)) - node0 Stopped scavenging
2023-08-24 06:05:10,256 [Time-limited test] INFO  handler.ContextHandler (ContextHandler.java:doStop(1159)) - Stopped o.e.j.s.ServletContextHandler@745a67de{static,/static,file:///home/runner/work/ozone/ozone/hadoop-ozone/integration-test/target/test-classes/webapps/static,STOPPED}
2023-08-24 06:05:10,256 [Time-limited test] INFO  handler.ContextHandler (ContextHandler.java:doStop(1159)) - Stopped o.e.j.s.ServletContextHandler@4593b528{logs,/logs,file:///home/runner/work/ozone/ozone/hadoop-ozone/integration-test/target/log,STOPPED}
2023-08-24 06:05:10,257 [Time-limited test] INFO  server.StorageContainerManager (StorageContainerManager.java:stop(1637)) - Stopping SCM LayoutVersionManager Service.
2023-08-24 06:05:10,257 [Time-limited test] INFO  server.SCMSecurityProtocolServer (SCMSecurityProtocolServer.java:stop(550)) - Stopping the SCMSecurityProtocolServer.
2023-08-24 06:05:10,257 [Time-limited test] INFO  ipc.Server (Server.java:stop(3523)) - Stopping server on 9961
2023-08-24 06:05:10,258 [IPC Server Responder] INFO  ipc.Server (Server.java:run(1567)) - Stopping IPC Server Responder
2023-08-24 06:05:10,258 [IPC Server listener on 9961] INFO  ipc.Server (Server.java:run(1434)) - Stopping IPC Server listener on 9961
2023-08-24 06:05:10,258 [Time-limited test] INFO  server.SCMUpdateServiceGrpcServer (SCMUpdateServiceGrpcServer.java:stop(73)) - SCMUpdateService stopping
2023-08-24 06:05:10,259 [Time-limited test] INFO  server.SCMUpdateServiceGrpcServer (SCMUpdateServiceGrpcServer.java:stop(85)) - SCMUpdateService stopped!
2023-08-24 06:05:10,259 [Time-limited test] INFO  server.StorageContainerManager (StorageContainerManager.java:stop(1649)) - Stopping Block Manager Service.
2023-08-24 06:05:10,259 [Time-limited test] INFO  utils.BackgroundService (BackgroundService.java:shutdown(141)) - Shutting down service SCMBlockDeletingService
2023-08-24 06:05:10,260 [Time-limited test] INFO  utils.BackgroundService (BackgroundService.java:shutdown(141)) - Shutting down service SCMBlockDeletingService
2023-08-24 06:05:10,260 [Time-limited test] INFO  server.StorageContainerManager (StorageContainerManager.java:stop(1669)) - Stopping SCM Event Queue.
2023-08-24 06:05:10,260 [JvmPauseMonitor3] INFO  util.JvmPauseMonitor (JvmPauseMonitor.java:run(109)) - JvmPauseMonitor-659b4ae5-2b30-4fb0-9bc8-07a03da51cee: Stopped
2023-08-24 06:05:10,260 [Time-limited test] INFO  server.StorageContainerManager (StorageContainerManager.java:stop(1680)) - Stopping SCM HA services.
2023-08-24 06:05:10,260 [Time-limited test] INFO  pipeline.BackgroundPipelineCreator (BackgroundPipelineCreator.java:stop(149)) - Stopping RatisPipelineUtilsThread.
2023-08-24 06:05:10,260 [RatisPipelineUtilsThread - 0] WARN  pipeline.BackgroundPipelineCreator (BackgroundPipelineCreator.java:run(180)) - RatisPipelineUtilsThread is interrupted.
2023-08-24 06:05:10,260 [Time-limited test] INFO  BackgroundPipelineScrubber (BackgroundSCMService.java:stop(131)) - Stopping BackgroundPipelineScrubber Service.
2023-08-24 06:05:10,261 [BackgroundPipelineScrubberThread] WARN  BackgroundPipelineScrubber (BackgroundSCMService.java:run(115)) - BackgroundPipelineScrubber is interrupted, exit
2023-08-24 06:05:10,263 [Time-limited test] INFO  impl.MetricsSystemImpl (MetricsSystemImpl.java:stop(210)) - Stopping StorageContainerManager metrics system...
2023-08-24 06:05:10,269 [prometheus] INFO  impl.MetricsSinkAdapter (MetricsSinkAdapter.java:publishMetricsFromQueue(141)) - prometheus thread interrupted.
2023-08-24 06:05:10,273 [Time-limited test] INFO  impl.MetricsSystemImpl (MetricsSystemImpl.java:stop(216)) - StorageContainerManager metrics system stopped.
2023-08-24 06:05:10,274 [Time-limited test] WARN  pipeline.BackgroundPipelineCreator (BackgroundPipelineCreator.java:stop(145)) - RatisPipelineUtilsThread is not running, just ignore.
2023-08-24 06:05:10,274 [Time-limited test] INFO  BackgroundPipelineScrubber (BackgroundSCMService.java:stop(126)) - BackgroundPipelineScrubber Service is not running, skip stop.
2023-08-24 06:05:10,274 [Time-limited test] INFO  ExpiredContainerReplicaOpScrubber (BackgroundSCMService.java:stop(131)) - Stopping ExpiredContainerReplicaOpScrubber Service.
2023-08-24 06:05:10,274 [Time-limited test] INFO  utils.BackgroundService (BackgroundService.java:shutdown(141)) - Shutting down service SCMBlockDeletingService
2023-08-24 06:05:10,274 [ExpiredContainerReplicaOpScrubberThread] WARN  ExpiredContainerReplicaOpScrubber (BackgroundSCMService.java:run(115)) - ExpiredContainerReplicaOpScrubber is interrupted, exit
2023-08-24 06:05:10,274 [Time-limited test] INFO  replication.ReplicationManager (ReplicationManager.java:stop(329)) - Replication Monitor Thread is not running.
2023-08-24 06:05:10,274 [Time-limited test] WARN  balancer.ContainerBalancer (ContainerBalancer.java:stop(326)) - Cannot stop Container Balancer because it's not running or stopping
2023-08-24 06:05:10,274 [Lease Manager-LeaseManager#LeaseMonitor] WARN  lease.LeaseManager (LeaseManager.java:run(272)) - Lease manager is interrupted. Shutting down...
java.lang.InterruptedException
	at java.util.concurrent.locks.AbstractQueuedSynchronizer.doAcquireSharedNanos(AbstractQueuedSynchronizer.java:1039)
	at java.util.concurrent.locks.AbstractQueuedSynchronizer.tryAcquireSharedNanos(AbstractQueuedSynchronizer.java:1328)
	at java.util.concurrent.Semaphore.tryAcquire(Semaphore.java:409)
	at org.apache.hadoop.ozone.lease.LeaseManager$LeaseMonitor.run(LeaseManager.java:270)
	at java.lang.Thread.run(Thread.java:750)
2023-08-24 06:05:10,274 [Time-limited test] INFO  server.StorageContainerManager (StorageContainerManager.java:stop(1715)) - Stopping SCM MetadataStore.
2023-08-24 06:05:10,275 [Time-limited test] INFO  om.OzoneManager (OzoneManager.java:stop(2187)) - om1[fv-az582-512.vyw2dcplbgbehesrvt3jseauje.cx.internal.cloudapp.net:1202]: Stopping Ozone Manager
2023-08-24 06:05:10,275 [Time-limited test] INFO  ipc.Server (Server.java:stop(3523)) - Stopping server on 1202
2023-08-24 06:05:10,276 [Time-limited test] INFO  ratis.OzoneManagerStateMachine (OzoneManagerStateMachine.java:close(534)) - StateMachine has shutdown. Shutdown OzoneManager if not already shutdown.
2023-08-24 06:05:10,276 [Time-limited test] INFO  ratis.OzoneManagerDoubleBuffer (OzoneManagerDoubleBuffer.java:stopDaemon(551)) - Stopping OMDoubleBuffer flush thread
2023-08-24 06:05:10,276 [OMDoubleBufferFlushThread] INFO  ratis.OzoneManagerDoubleBuffer (OzoneManagerDoubleBuffer.java:canFlush(638)) - OMDoubleBuffer flush thread OMDoubleBufferFlushThread is interrupted and will exit.
2023-08-24 06:05:10,276 [Time-limited test] INFO  om.OzoneManager (OzoneManager.java:stopSecretManager(1063)) - Stopping secret key client.
2023-08-24 06:05:10,276 [Time-limited test] INFO  om.OzoneManager (OzoneManager.java:stopSecretManager(1068)) - Stopping OM delegation token secret manager.
2023-08-24 06:05:10,276 [Time-limited test] INFO  rocksdiff.RocksDBCheckpointDiffer (RocksDBCheckpointDiffer.java:close(340)) - Shutting down CompactionDagPruningService.
2023-08-24 06:05:10,277 [Time-limited test] INFO  snapshot.SnapshotDiffManager (SnapshotDiffManager.java:closeExecutorService(1720)) - Shutting down executorService: 'SnapDiffExecutor'
2023-08-24 06:05:10,278 [Time-limited test] INFO  snapshot.SnapshotDiffManager (SnapshotDiffManager.java:closeExecutorService(1720)) - Shutting down executorService: 'SstDumpToolExecutor'
2023-08-24 06:05:10,278 [Time-limited test] INFO  utils.BackgroundService (BackgroundService.java:shutdown(141)) - Shutting down service SnapshotDiffCleanupService
2023-08-24 06:05:10,279 [Time-limited test] INFO  om.OzoneManager (OzoneManager.java:stop(2187)) - om1[fv-az582-512.vyw2dcplbgbehesrvt3jseauje.cx.internal.cloudapp.net:1202]: Stopping Ozone Manager
2023-08-24 06:05:10,280 [Time-limited test] INFO  impl.DefaultInternalKdcServerImpl (DefaultInternalKdcServerImpl.java:doStop(102)) - Default Internal kdc server stopped.
2023-08-24 06:05:11,280 [Time-limited test] INFO  minikdc.MiniKdc (MiniKdc.java:stop(359)) - MiniKdc stopped.
2023-08-24 06:05:11,280 [Time-limited test] INFO  server.StorageContainerManager (StorageContainerManager.java:stop(1580)) - Storage Container Manager is not running.
2023-08-24 06:05:11,280 [Time-limited test] INFO  server.StorageContainerManager (StorageContainerManager.java:stopReplicationManager(1724)) - Stopping Replication Manager Service.
2023-08-24 06:05:11,280 [Time-limited test] INFO  replication.ReplicationManager (ReplicationManager.java:stop(329)) - Replication Monitor Thread is not running.
2023-08-24 06:05:11,280 [Time-limited test] INFO  server.SCMSecurityProtocolServer (SCMSecurityProtocolServer.java:join(560)) - Join RPC server for SCMSecurityProtocolServer.
2023-08-24 06:05:11,280 [Time-limited test] INFO  server.SCMSecurityProtocolServer (SCMSecurityProtocolServer.java:join(562)) - Join gRPC server for SCMSecurityProtocolServer.
2023-08-24 06:05:11,280 [Time-limited test] INFO  om.OzoneManager (OzoneManager.java:stop(2187)) - om1[fv-az582-512.vyw2dcplbgbehesrvt3jseauje.cx.internal.cloudapp.net:1202]: Stopping Ozone Manager
]]></system-out>
  </testcase>
  <testcase name="testSecureOmInitializationSuccess" classname="org.apache.hadoop.ozone.TestSecureOzoneCluster" time="5.121">
    <system-out><![CDATA[2023-08-24 06:05:11,303 [Time-limited test] INFO  net.ServerSocketUtil (ServerSocketUtil.java:getPort(55)) - Using port 9860
2023-08-24 06:05:11,303 [Time-limited test] INFO  net.ServerSocketUtil (ServerSocketUtil.java:getPort(55)) - Using port 9861
2023-08-24 06:05:11,303 [Time-limited test] INFO  net.ServerSocketUtil (ServerSocketUtil.java:getPort(55)) - Using port 9863
2023-08-24 06:05:11,303 [Time-limited test] INFO  net.ServerSocketUtil (ServerSocketUtil.java:getPort(55)) - Using port 9961
2023-08-24 06:05:11,303 [Time-limited test] INFO  net.ServerSocketUtil (ServerSocketUtil.java:getPort(55)) - Using port 1200
2023-08-24 06:05:11,303 [Time-limited test] INFO  net.ServerSocketUtil (ServerSocketUtil.java:getPort(55)) - Using port 1201
2023-08-24 06:05:11,304 [Time-limited test] INFO  minikdc.MiniKdc (MiniKdc.java:<init>(225)) - Configuration:
2023-08-24 06:05:11,304 [Time-limited test] INFO  minikdc.MiniKdc (MiniKdc.java:<init>(226)) - ---------------------------------------------------------------
2023-08-24 06:05:11,304 [Time-limited test] INFO  minikdc.MiniKdc (MiniKdc.java:<init>(228)) -   debug: false
2023-08-24 06:05:11,304 [Time-limited test] INFO  minikdc.MiniKdc (MiniKdc.java:<init>(228)) -   transport: TCP
2023-08-24 06:05:11,304 [Time-limited test] INFO  minikdc.MiniKdc (MiniKdc.java:<init>(228)) -   max.ticket.lifetime: 86400000
2023-08-24 06:05:11,304 [Time-limited test] INFO  minikdc.MiniKdc (MiniKdc.java:<init>(228)) -   org.name: EXAMPLE
2023-08-24 06:05:11,304 [Time-limited test] INFO  minikdc.MiniKdc (MiniKdc.java:<init>(228)) -   kdc.port: 0
2023-08-24 06:05:11,304 [Time-limited test] INFO  minikdc.MiniKdc (MiniKdc.java:<init>(228)) -   org.domain: COM
2023-08-24 06:05:11,304 [Time-limited test] INFO  minikdc.MiniKdc (MiniKdc.java:<init>(228)) -   max.renewable.lifetime: 604800000
2023-08-24 06:05:11,304 [Time-limited test] INFO  minikdc.MiniKdc (MiniKdc.java:<init>(228)) -   instance: DefaultKrbServer
2023-08-24 06:05:11,304 [Time-limited test] INFO  minikdc.MiniKdc (MiniKdc.java:<init>(228)) -   kdc.bind.address: localhost
2023-08-24 06:05:11,304 [Time-limited test] INFO  minikdc.MiniKdc (MiniKdc.java:<init>(230)) - ---------------------------------------------------------------
2023-08-24 06:05:11,307 [Time-limited test] INFO  minikdc.MiniKdc (MiniKdc.java:start(285)) - MiniKdc started.
2023-08-24 06:05:11,591 [Time-limited test] INFO  om.OzoneManager (OzoneManager.java:getOmDetailsProto(4552)) - OzoneManager ports added:[name: "RPC"
value: 1202
]
2023-08-24 06:05:11,592 [Time-limited test] WARN  server.ServerUtils (ServerUtils.java:getScmDbDir(155)) - ozone.scm.db.dirs is not configured. We recommend adding this setting. Falling back to ozone.metadata.dirs instead.
2023-08-24 06:05:11,592 [Time-limited test] INFO  ha.HASecurityUtils (HASecurityUtils.java:initializeSecurity(98)) - Initializing secure StorageContainerManager.
2023-08-24 06:05:11,593 [Time-limited test] INFO  client.SCMCertificateClient (DefaultCertificateClient.java:updateCertSerialId(1244)) - Certificate serial ID set to null
2023-08-24 06:05:11,593 [Time-limited test] ERROR client.SCMCertificateClient (DefaultCertificateClient.java:getCertPath(362)) - Default certificate serial id is not set. Can't locate the default certificate for this client.
2023-08-24 06:05:11,594 [Time-limited test] INFO  client.SCMCertificateClient (DefaultCertificateClient.java:init(715)) - Certificate client init case: 0
2023-08-24 06:05:11,594 [Time-limited test] INFO  client.SCMCertificateClient (SCMCertificateClient.java:handleCase(103)) - Creating keypair for client as keypair and certificate not found.
2023-08-24 06:05:12,182 [Time-limited test] INFO  ha.HASecurityUtils (HASecurityUtils.java:initializeSecurity(108)) - Init response: GETCERT
2023-08-24 06:05:12,378 [Time-limited test] INFO  ozone.OzoneSecurityUtil (OzoneSecurityUtil.java:getValidInetsForCurrentHost(119)) - ip:fe80:0:0:0:6245:bdff:fe7e:9bc0%eth0 not returned.
2023-08-24 06:05:12,378 [Time-limited test] INFO  ozone.OzoneSecurityUtil (OzoneSecurityUtil.java:getValidInetsForCurrentHost(116)) - Adding ip:10.1.0.20,host:fv-az582-512.vyw2dcplbgbehesrvt3jseauje.cx.internal.cloudapp.net
2023-08-24 06:05:12,378 [Time-limited test] INFO  ozone.OzoneSecurityUtil (OzoneSecurityUtil.java:getValidInetsForCurrentHost(119)) - ip:0:0:0:0:0:0:0:1%lo not returned.
2023-08-24 06:05:12,378 [Time-limited test] INFO  ozone.OzoneSecurityUtil (OzoneSecurityUtil.java:getValidInetsForCurrentHost(119)) - ip:127.0.0.1 not returned.
2023-08-24 06:05:12,381 [Time-limited test] INFO  utils.SelfSignedCertificate (SelfSignedCertificate.java:generateCertificate(157)) - Certificate 1 is issued by CN=scm-1@fv-az582-512,OU=8f783e59-cec6-43cc-8bc2-99a9f97fc4c9,O=3d03d985-5610-4df6-bed8-f33cb4085d1b to CN=scm-1@fv-az582-512,OU=8f783e59-cec6-43cc-8bc2-99a9f97fc4c9,O=3d03d985-5610-4df6-bed8-f33cb4085d1b, valid from Thu Aug 24 06:05:12 UTC 2023 to Sun Oct 01 06:05:12 UTC 2028
2023-08-24 06:05:12,382 [Time-limited test] INFO  utils.CertificateCodec (CertificateCodec.java:writeCertificate(299)) - Save certificate to /tmp/junit1653223452159890860/junit4831184047809291237/scm-meta/scm/ca/certs/certificate.crt
2023-08-24 06:05:12,382 [Time-limited test] INFO  utils.CertificateCodec (CertificateCodec.java:writeCertificate(300)) - Certificate -----BEGIN CERTIFICATE-----
MIID5zCCAs+gAwIBAgIBATANBgkqhkiG9w0BAQsFADB7MRswGQYDVQQDDBJzY20t
MUBmdi1hejU4Mi01MTIxLTArBgNVBAsMJDhmNzgzZTU5LWNlYzYtNDNjYy04YmMy
LTk5YTlmOTdmYzRjOTEtMCsGA1UECgwkM2QwM2Q5ODUtNTYxMC00ZGY2LWJlZDgt
ZjMzY2I0MDg1ZDFiMB4XDTIzMDgyNDA2MDUxMloXDTI4MTAwMTA2MDUxMlowezEb
MBkGA1UEAwwSc2NtLTFAZnYtYXo1ODItNTEyMS0wKwYDVQQLDCQ4Zjc4M2U1OS1j
ZWM2LTQzY2MtOGJjMi05OWE5Zjk3ZmM0YzkxLTArBgNVBAoMJDNkMDNkOTg1LTU2
MTAtNGRmNi1iZWQ4LWYzM2NiNDA4NWQxYjCCASIwDQYJKoZIhvcNAQEBBQADggEP
ADCCAQoCggEBAM7VIOeUXUX7QWYIiXPF8DlHb+YbaDX/GhMr6IWpeNMV5jtZ4xML
I67YhHfMvbYlXPMs/YHUuhh7qcyIN6J1P9a8o0KFDbuBQ9eA8H/E37VWj8vgaGLM
CeK7aZWU1KoVmGt1gbAEcfC1xzfIzLGmE/kiEQ6lJoOOS7zshm2s6dKxYwjkQRVV
ung9ZFfzL3mUagKZGlncYWvFZ7R//LISNb8OhQDnuet9jrVzP4IIHCwxFSo2KZUs
hSwrOr0m8/V8mRmAwb9H/6aphYeLdPVUadCwqMxJpA9L2sMiz9iEAcO/9Y4t6g5t
fpG9wzX+Nn2FtyrLvD+NS7LMmeQW4ALPq/8CAwEAAaN2MHQwDwYDVR0TAQH/BAUw
AwEB/zAOBgNVHQ8BAf8EBAMCAQYwUQYDVR0RBEowSIcECgEAFIJAZnYtYXo1ODIt
NTEyLnZ5dzJkY3BsYmdiZWhlc3J2dDNqc2VhdWplLmN4LmludGVybmFsLmNsb3Vk
YXBwLm5ldDANBgkqhkiG9w0BAQsFAAOCAQEAFSh0ZJ3DTfDR2EFH9VLSGPHJASm/
Bc56rwSM9DzbQmX8fIz5uI0s/mSRCvF8jpIOwhir8AxSYlHji1VFZufkUHvnS0nd
Io2ouT6bOxwwStbti76HrqPLK+5cgWxlJdWqRNNG/KIO0DNO3n1qWUSm6fsvx5pV
j+7mDDT/lP04B644zalzz82W7sQgxzsSXcUGbBmLTlVJL3AqZRd88OGMHnNa8SbN
MzTvAMD6D6cNNqX0/Elrfc/ZXzOS1u/wj+Vo6f0KIkFHSiV7B+bZD3bNvvm41LGd
oinXigx1dglt17FvD/F1Zf9RsgnLT8bu+rfX9y59GD9SdUrWLuJT7pRSSA==
-----END CERTIFICATE-----

2023-08-24 06:05:12,382 [Time-limited test] INFO  client.SCMCertificateClient (SCMCertificateClient.java:getCSRBuilder(165)) - Creating csr for SCM->hostName:fv-az582-512,scmId:8f783e59-cec6-43cc-8bc2-99a9f97fc4c9,clusterId:3d03d985-5610-4df6-bed8-f33cb4085d1b,subject:scm-sub-1579663265426@fv-az582-512
2023-08-24 06:05:12,382 [Time-limited test] INFO  ozone.OzoneSecurityUtil (OzoneSecurityUtil.java:getValidInetsForCurrentHost(119)) - ip:fe80:0:0:0:6245:bdff:fe7e:9bc0%eth0 not returned.
2023-08-24 06:05:12,383 [Time-limited test] INFO  ozone.OzoneSecurityUtil (OzoneSecurityUtil.java:getValidInetsForCurrentHost(116)) - Adding ip:10.1.0.20,host:fv-az582-512.vyw2dcplbgbehesrvt3jseauje.cx.internal.cloudapp.net
2023-08-24 06:05:12,383 [Time-limited test] INFO  ozone.OzoneSecurityUtil (OzoneSecurityUtil.java:getValidInetsForCurrentHost(119)) - ip:0:0:0:0:0:0:0:1%lo not returned.
2023-08-24 06:05:12,383 [Time-limited test] INFO  ozone.OzoneSecurityUtil (OzoneSecurityUtil.java:getValidInetsForCurrentHost(119)) - ip:127.0.0.1 not returned.
2023-08-24 06:05:12,383 [Time-limited test] INFO  ha.HASecurityUtils (HASecurityUtils.java:generateCSR(308)) - Creating csr for SCM->hostName:fv-az582-512,scmId:8f783e59-cec6-43cc-8bc2-99a9f97fc4c9,clusterId:3d03d985-5610-4df6-bed8-f33cb4085d1b,subject:scm-sub-1579663888820@fv-az582-512
2023-08-24 06:05:12,387 [Time-limited test] INFO  authority.DefaultApprover (DefaultApprover.java:sign(154)) - Extensions in CSR: 2.5.29.19, 2.5.29.15, 2.5.29.17
2023-08-24 06:05:12,387 [Time-limited test] INFO  authority.DefaultApprover (DefaultApprover.java:sign(158)) - Extensions to add to the certificate if they present in CSR: 2.5.29.17, 2.5.29.19, 1.3.6.1.5.5.7.1.12, 2.5.29.35, 2.5.29.37, 2.5.29.15
2023-08-24 06:05:12,390 [Time-limited test] INFO  utils.CertificateCodec (CertificateCodec.java:writeCertificate(299)) - Save certificate to /tmp/junit1653223452159890860/junit4831184047809291237/scm-meta/scm/sub-ca/certs/CA-1.crt
2023-08-24 06:05:12,390 [Time-limited test] INFO  utils.CertificateCodec (CertificateCodec.java:writeCertificate(300)) - Certificate -----BEGIN CERTIFICATE-----
MIID5zCCAs+gAwIBAgIBATANBgkqhkiG9w0BAQsFADB7MRswGQYDVQQDDBJzY20t
MUBmdi1hejU4Mi01MTIxLTArBgNVBAsMJDhmNzgzZTU5LWNlYzYtNDNjYy04YmMy
LTk5YTlmOTdmYzRjOTEtMCsGA1UECgwkM2QwM2Q5ODUtNTYxMC00ZGY2LWJlZDgt
ZjMzY2I0MDg1ZDFiMB4XDTIzMDgyNDA2MDUxMloXDTI4MTAwMTA2MDUxMlowezEb
MBkGA1UEAwwSc2NtLTFAZnYtYXo1ODItNTEyMS0wKwYDVQQLDCQ4Zjc4M2U1OS1j
ZWM2LTQzY2MtOGJjMi05OWE5Zjk3ZmM0YzkxLTArBgNVBAoMJDNkMDNkOTg1LTU2
MTAtNGRmNi1iZWQ4LWYzM2NiNDA4NWQxYjCCASIwDQYJKoZIhvcNAQEBBQADggEP
ADCCAQoCggEBAM7VIOeUXUX7QWYIiXPF8DlHb+YbaDX/GhMr6IWpeNMV5jtZ4xML
I67YhHfMvbYlXPMs/YHUuhh7qcyIN6J1P9a8o0KFDbuBQ9eA8H/E37VWj8vgaGLM
CeK7aZWU1KoVmGt1gbAEcfC1xzfIzLGmE/kiEQ6lJoOOS7zshm2s6dKxYwjkQRVV
ung9ZFfzL3mUagKZGlncYWvFZ7R//LISNb8OhQDnuet9jrVzP4IIHCwxFSo2KZUs
hSwrOr0m8/V8mRmAwb9H/6aphYeLdPVUadCwqMxJpA9L2sMiz9iEAcO/9Y4t6g5t
fpG9wzX+Nn2FtyrLvD+NS7LMmeQW4ALPq/8CAwEAAaN2MHQwDwYDVR0TAQH/BAUw
AwEB/zAOBgNVHQ8BAf8EBAMCAQYwUQYDVR0RBEowSIcECgEAFIJAZnYtYXo1ODIt
NTEyLnZ5dzJkY3BsYmdiZWhlc3J2dDNqc2VhdWplLmN4LmludGVybmFsLmNsb3Vk
YXBwLm5ldDANBgkqhkiG9w0BAQsFAAOCAQEAFSh0ZJ3DTfDR2EFH9VLSGPHJASm/
Bc56rwSM9DzbQmX8fIz5uI0s/mSRCvF8jpIOwhir8AxSYlHji1VFZufkUHvnS0nd
Io2ouT6bOxwwStbti76HrqPLK+5cgWxlJdWqRNNG/KIO0DNO3n1qWUSm6fsvx5pV
j+7mDDT/lP04B644zalzz82W7sQgxzsSXcUGbBmLTlVJL3AqZRd88OGMHnNa8SbN
MzTvAMD6D6cNNqX0/Elrfc/ZXzOS1u/wj+Vo6f0KIkFHSiV7B+bZD3bNvvm41LGd
oinXigx1dglt17FvD/F1Zf9RsgnLT8bu+rfX9y59GD9SdUrWLuJT7pRSSA==
-----END CERTIFICATE-----

2023-08-24 06:05:12,392 [Time-limited test] INFO  utils.CertificateCodec (CertificateCodec.java:writeCertificate(299)) - Save certificate to /tmp/junit1653223452159890860/junit4831184047809291237/scm-meta/scm/sub-ca/certs/1579667413287.crt
2023-08-24 06:05:12,392 [Time-limited test] INFO  utils.CertificateCodec (CertificateCodec.java:writeCertificate(300)) - Certificate -----BEGIN CERTIFICATE-----
MIID/TCCAuWgAwIBAgIGAW/Lg9knMA0GCSqGSIb3DQEBCwUAMHsxGzAZBgNVBAMM
EnNjbS0xQGZ2LWF6NTgyLTUxMjEtMCsGA1UECwwkOGY3ODNlNTktY2VjNi00M2Nj
LThiYzItOTlhOWY5N2ZjNGM5MS0wKwYDVQQKDCQzZDAzZDk4NS01NjEwLTRkZjYt
YmVkOC1mMzNjYjQwODVkMWIwHhcNMjMwODI0MDYwNTEyWhcNMjgxMDAxMDYwNTEy
WjCBizErMCkGA1UEAwwic2NtLXN1Yi0xNTc5NjYzODg4ODIwQGZ2LWF6NTgyLTUx
MjEtMCsGA1UECwwkOGY3ODNlNTktY2VjNi00M2NjLThiYzItOTlhOWY5N2ZjNGM5
MS0wKwYDVQQKDCQzZDAzZDk4NS01NjEwLTRkZjYtYmVkOC1mMzNjYjQwODVkMWIw
ggEiMA0GCSqGSIb3DQEBAQUAA4IBDwAwggEKAoIBAQCdgW3Sio9QdBYLf/VWzugn
i35DxAJnNpJBgH4quH2xUrgpPOiMLpKpad++rnoyjxrrrWEoD4vbFwFUASY1KKLq
FhW/axw1W+qvNYl+6A4BEU+uJlpqr2vq3sk6g+ESqjyaIE83SmiBH0ob1xUKIzoj
cm3Qi6MplSru+QM/BJ/2lPmgRO1mO6E9Kdx42o/P9xoSmLcz0IOCu7IELSRtWoNp
vG9zNB1gftZ67G8h1uxYeiBEk1qxL7YBRYvfgiJzrc91jdciWHIvguBwbmR9N4KE
79QAjb1GBIJldCijF4t9RYiWIipnnysclfkMZKmtH/onU27EUHt5GvcKl8QVB1UL
AgMBAAGjdjB0MFEGA1UdEQRKMEiHBAoBABSCQGZ2LWF6NTgyLTUxMi52eXcyZGNw
bGJnYmVoZXNydnQzanNlYXVqZS5jeC5pbnRlcm5hbC5jbG91ZGFwcC5uZXQwDwYD
VR0TAQH/BAUwAwEB/zAOBgNVHQ8BAf8EBAMCAb4wDQYJKoZIhvcNAQELBQADggEB
AFCALhy6DjftrVOW36q7AxMvtEr33WvV97E/fYy4a871gQi0Raphr5kzFIhXE4Qu
90wckPihatJ3H0tcj4kMTUUDNBapoXugb7pneP7TE869T9bzK+Hn6MUUuLOotn/1
cCZVHUHvv04+vUYrqyQkzXy8MKF3zCUJRAb8kjbnYc8kj9/PngACRj4a/n6LN3Ml
tKvaTLwSagbSofAanWOJyaPKs/sRiYGxWL4owiXJdk4VeXVkgxVtr4qg6DEf6Fzs
7rrrYB2I2nLtfgWX58zpqOuVRDKXhvhksQwkNY0/L+N4A7a3TWXdQS+KPmU3vvaq
mGSlUQ1dWWPtxpWXCy9B8/U=
-----END CERTIFICATE-----

-----BEGIN CERTIFICATE-----
MIID5zCCAs+gAwIBAgIBATANBgkqhkiG9w0BAQsFADB7MRswGQYDVQQDDBJzY20t
MUBmdi1hejU4Mi01MTIxLTArBgNVBAsMJDhmNzgzZTU5LWNlYzYtNDNjYy04YmMy
LTk5YTlmOTdmYzRjOTEtMCsGA1UECgwkM2QwM2Q5ODUtNTYxMC00ZGY2LWJlZDgt
ZjMzY2I0MDg1ZDFiMB4XDTIzMDgyNDA2MDUxMloXDTI4MTAwMTA2MDUxMlowezEb
MBkGA1UEAwwSc2NtLTFAZnYtYXo1ODItNTEyMS0wKwYDVQQLDCQ4Zjc4M2U1OS1j
ZWM2LTQzY2MtOGJjMi05OWE5Zjk3ZmM0YzkxLTArBgNVBAoMJDNkMDNkOTg1LTU2
MTAtNGRmNi1iZWQ4LWYzM2NiNDA4NWQxYjCCASIwDQYJKoZIhvcNAQEBBQADggEP
ADCCAQoCggEBAM7VIOeUXUX7QWYIiXPF8DlHb+YbaDX/GhMr6IWpeNMV5jtZ4xML
I67YhHfMvbYlXPMs/YHUuhh7qcyIN6J1P9a8o0KFDbuBQ9eA8H/E37VWj8vgaGLM
CeK7aZWU1KoVmGt1gbAEcfC1xzfIzLGmE/kiEQ6lJoOOS7zshm2s6dKxYwjkQRVV
ung9ZFfzL3mUagKZGlncYWvFZ7R//LISNb8OhQDnuet9jrVzP4IIHCwxFSo2KZUs
hSwrOr0m8/V8mRmAwb9H/6aphYeLdPVUadCwqMxJpA9L2sMiz9iEAcO/9Y4t6g5t
fpG9wzX+Nn2FtyrLvD+NS7LMmeQW4ALPq/8CAwEAAaN2MHQwDwYDVR0TAQH/BAUw
AwEB/zAOBgNVHQ8BAf8EBAMCAQYwUQYDVR0RBEowSIcECgEAFIJAZnYtYXo1ODIt
NTEyLnZ5dzJkY3BsYmdiZWhlc3J2dDNqc2VhdWplLmN4LmludGVybmFsLmNsb3Vk
YXBwLm5ldDANBgkqhkiG9w0BAQsFAAOCAQEAFSh0ZJ3DTfDR2EFH9VLSGPHJASm/
Bc56rwSM9DzbQmX8fIz5uI0s/mSRCvF8jpIOwhir8AxSYlHji1VFZufkUHvnS0nd
Io2ouT6bOxwwStbti76HrqPLK+5cgWxlJdWqRNNG/KIO0DNO3n1qWUSm6fsvx5pV
j+7mDDT/lP04B644zalzz82W7sQgxzsSXcUGbBmLTlVJL3AqZRd88OGMHnNa8SbN
MzTvAMD6D6cNNqX0/Elrfc/ZXzOS1u/wj+Vo6f0KIkFHSiV7B+bZD3bNvvm41LGd
oinXigx1dglt17FvD/F1Zf9RsgnLT8bu+rfX9y59GD9SdUrWLuJT7pRSSA==
-----END CERTIFICATE-----

2023-08-24 06:05:12,392 [Time-limited test] INFO  utils.CertificateCodec (CertificateCodec.java:writeCertificate(299)) - Save certificate to /tmp/junit1653223452159890860/junit4831184047809291237/scm-meta/scm/sub-ca/certs/certificate.crt
2023-08-24 06:05:12,392 [Time-limited test] INFO  utils.CertificateCodec (CertificateCodec.java:writeCertificate(300)) - Certificate -----BEGIN CERTIFICATE-----
MIID/TCCAuWgAwIBAgIGAW/Lg9knMA0GCSqGSIb3DQEBCwUAMHsxGzAZBgNVBAMM
EnNjbS0xQGZ2LWF6NTgyLTUxMjEtMCsGA1UECwwkOGY3ODNlNTktY2VjNi00M2Nj
LThiYzItOTlhOWY5N2ZjNGM5MS0wKwYDVQQKDCQzZDAzZDk4NS01NjEwLTRkZjYt
YmVkOC1mMzNjYjQwODVkMWIwHhcNMjMwODI0MDYwNTEyWhcNMjgxMDAxMDYwNTEy
WjCBizErMCkGA1UEAwwic2NtLXN1Yi0xNTc5NjYzODg4ODIwQGZ2LWF6NTgyLTUx
MjEtMCsGA1UECwwkOGY3ODNlNTktY2VjNi00M2NjLThiYzItOTlhOWY5N2ZjNGM5
MS0wKwYDVQQKDCQzZDAzZDk4NS01NjEwLTRkZjYtYmVkOC1mMzNjYjQwODVkMWIw
ggEiMA0GCSqGSIb3DQEBAQUAA4IBDwAwggEKAoIBAQCdgW3Sio9QdBYLf/VWzugn
i35DxAJnNpJBgH4quH2xUrgpPOiMLpKpad++rnoyjxrrrWEoD4vbFwFUASY1KKLq
FhW/axw1W+qvNYl+6A4BEU+uJlpqr2vq3sk6g+ESqjyaIE83SmiBH0ob1xUKIzoj
cm3Qi6MplSru+QM/BJ/2lPmgRO1mO6E9Kdx42o/P9xoSmLcz0IOCu7IELSRtWoNp
vG9zNB1gftZ67G8h1uxYeiBEk1qxL7YBRYvfgiJzrc91jdciWHIvguBwbmR9N4KE
79QAjb1GBIJldCijF4t9RYiWIipnnysclfkMZKmtH/onU27EUHt5GvcKl8QVB1UL
AgMBAAGjdjB0MFEGA1UdEQRKMEiHBAoBABSCQGZ2LWF6NTgyLTUxMi52eXcyZGNw
bGJnYmVoZXNydnQzanNlYXVqZS5jeC5pbnRlcm5hbC5jbG91ZGFwcC5uZXQwDwYD
VR0TAQH/BAUwAwEB/zAOBgNVHQ8BAf8EBAMCAb4wDQYJKoZIhvcNAQELBQADggEB
AFCALhy6DjftrVOW36q7AxMvtEr33WvV97E/fYy4a871gQi0Raphr5kzFIhXE4Qu
90wckPihatJ3H0tcj4kMTUUDNBapoXugb7pneP7TE869T9bzK+Hn6MUUuLOotn/1
cCZVHUHvv04+vUYrqyQkzXy8MKF3zCUJRAb8kjbnYc8kj9/PngACRj4a/n6LN3Ml
tKvaTLwSagbSofAanWOJyaPKs/sRiYGxWL4owiXJdk4VeXVkgxVtr4qg6DEf6Fzs
7rrrYB2I2nLtfgWX58zpqOuVRDKXhvhksQwkNY0/L+N4A7a3TWXdQS+KPmU3vvaq
mGSlUQ1dWWPtxpWXCy9B8/U=
-----END CERTIFICATE-----

-----BEGIN CERTIFICATE-----
MIID5zCCAs+gAwIBAgIBATANBgkqhkiG9w0BAQsFADB7MRswGQYDVQQDDBJzY20t
MUBmdi1hejU4Mi01MTIxLTArBgNVBAsMJDhmNzgzZTU5LWNlYzYtNDNjYy04YmMy
LTk5YTlmOTdmYzRjOTEtMCsGA1UECgwkM2QwM2Q5ODUtNTYxMC00ZGY2LWJlZDgt
ZjMzY2I0MDg1ZDFiMB4XDTIzMDgyNDA2MDUxMloXDTI4MTAwMTA2MDUxMlowezEb
MBkGA1UEAwwSc2NtLTFAZnYtYXo1ODItNTEyMS0wKwYDVQQLDCQ4Zjc4M2U1OS1j
ZWM2LTQzY2MtOGJjMi05OWE5Zjk3ZmM0YzkxLTArBgNVBAoMJDNkMDNkOTg1LTU2
MTAtNGRmNi1iZWQ4LWYzM2NiNDA4NWQxYjCCASIwDQYJKoZIhvcNAQEBBQADggEP
ADCCAQoCggEBAM7VIOeUXUX7QWYIiXPF8DlHb+YbaDX/GhMr6IWpeNMV5jtZ4xML
I67YhHfMvbYlXPMs/YHUuhh7qcyIN6J1P9a8o0KFDbuBQ9eA8H/E37VWj8vgaGLM
CeK7aZWU1KoVmGt1gbAEcfC1xzfIzLGmE/kiEQ6lJoOOS7zshm2s6dKxYwjkQRVV
ung9ZFfzL3mUagKZGlncYWvFZ7R//LISNb8OhQDnuet9jrVzP4IIHCwxFSo2KZUs
hSwrOr0m8/V8mRmAwb9H/6aphYeLdPVUadCwqMxJpA9L2sMiz9iEAcO/9Y4t6g5t
fpG9wzX+Nn2FtyrLvD+NS7LMmeQW4ALPq/8CAwEAAaN2MHQwDwYDVR0TAQH/BAUw
AwEB/zAOBgNVHQ8BAf8EBAMCAQYwUQYDVR0RBEowSIcECgEAFIJAZnYtYXo1ODIt
NTEyLnZ5dzJkY3BsYmdiZWhlc3J2dDNqc2VhdWplLmN4LmludGVybmFsLmNsb3Vk
YXBwLm5ldDANBgkqhkiG9w0BAQsFAAOCAQEAFSh0ZJ3DTfDR2EFH9VLSGPHJASm/
Bc56rwSM9DzbQmX8fIz5uI0s/mSRCvF8jpIOwhir8AxSYlHji1VFZufkUHvnS0nd
Io2ouT6bOxwwStbti76HrqPLK+5cgWxlJdWqRNNG/KIO0DNO3n1qWUSm6fsvx5pV
j+7mDDT/lP04B644zalzz82W7sQgxzsSXcUGbBmLTlVJL3AqZRd88OGMHnNa8SbN
MzTvAMD6D6cNNqX0/Elrfc/ZXzOS1u/wj+Vo6f0KIkFHSiV7B+bZD3bNvvm41LGd
oinXigx1dglt17FvD/F1Zf9RsgnLT8bu+rfX9y59GD9SdUrWLuJT7pRSSA==
-----END CERTIFICATE-----

2023-08-24 06:05:12,392 [Time-limited test] INFO  ha.HASecurityUtils (HASecurityUtils.java:initializeSecurity(121)) - Successfully stored SCM signed certificate.
2023-08-24 06:05:12,393 [Time-limited test] WARN  server.ServerUtils (ServerUtils.java:getScmDbDir(155)) - ozone.scm.db.dirs is not configured. We recommend adding this setting. Falling back to ozone.metadata.dirs instead.
2023-08-24 06:05:12,394 [Time-limited test] INFO  ha.SCMHANodeDetails (SCMHANodeDetails.java:loadSCMHAConfig(210)) - ServiceID for StorageContainerManager is null
2023-08-24 06:05:12,394 [Time-limited test] INFO  ha.SCMHANodeDetails (SCMHANodeDetails.java:loadSCMHAConfig(215)) - ozone.scm.default.service.id is not defined, falling back to ozone.scm.service.ids to find serviceID for StorageContainerManager if it is HA enabled cluster
2023-08-24 06:05:12,403 [pool-267-thread-1] INFO  request.KdcRequest (KdcRequest.java:preauth(651)) - The preauth data is empty.
2023-08-24 06:05:12,404 [pool-267-thread-1] INFO  server.KdcHandler (KdcHandler.java:handleRecoverableException(177)) - KRB error occurred while processing request:Additional pre-authentication required
2023-08-24 06:05:12,414 [pool-267-thread-2] INFO  request.AsRequest (AsRequest.java:issueTicket(112)) - AS_REQ ISSUE: authtime 1692857112414,scm/fv-az582-512.vyw2dcplbgbehesrvt3jseauje.cx.internal.cloudapp.net@EXAMPLE.COM for krbtgt/EXAMPLE.COM@EXAMPLE.COM
2023-08-24 06:05:12,415 [Time-limited test] INFO  security.UserGroupInformation (UserGroupInformation.java:loginUserFromKeytab(1132)) - Login successful for user scm/fv-az582-512.vyw2dcplbgbehesrvt3jseauje.cx.internal.cloudapp.net@EXAMPLE.COM using keytab file scm.keytab. Keytab auto renewal enabled : false
2023-08-24 06:05:12,415 [Time-limited test] INFO  server.StorageContainerManager (StorageContainerManager.java:loginAsSCMUserIfSecurityEnabled(1042)) - SCM login successful.
2023-08-24 06:05:12,417 [Time-limited test] INFO  client.SCMCertificateClient (DefaultCertificateClient.java:updateCertSerialId(1244)) - Certificate serial ID set to 1579667413287
2023-08-24 06:05:12,418 [Time-limited test] INFO  client.SCMCertificateClient (DefaultCertificateClient.java:readCertificateFile(237)) - Added certificate   [0]         Version: 3
         SerialNumber: 1579667413287
             IssuerDN: CN=scm-1@fv-az582-512,OU=8f783e59-cec6-43cc-8bc2-99a9f97fc4c9,O=3d03d985-5610-4df6-bed8-f33cb4085d1b
           Start Date: Thu Aug 24 06:05:12 UTC 2023
           Final Date: Sun Oct 01 06:05:12 UTC 2028
            SubjectDN: CN=scm-sub-1579663888820@fv-az582-512,OU=8f783e59-cec6-43cc-8bc2-99a9f97fc4c9,O=3d03d985-5610-4df6-bed8-f33cb4085d1b
           Public Key: RSA Public Key [1a:9b:ca:28:ba:b6:64:e2:66:e8:c1:be:2d:c4:3d:63:22:65:b4:0c],[56:66:d1:a4]
        modulus: 9d816dd28a8f5074160b7ff556cee8278b7e43c40267369241807e2ab87db152b8293ce88c2e92a969dfbeae7a328f1aebad61280f8bdb17015401263528a2ea1615bf6b1c355beaaf35897ee80e01114fae265a6aaf6beadec93a83e112aa3c9a204f374a68811f4a1bd7150a233a23726dd08ba329952aeef9033f049ff694f9a044ed663ba13d29dc78da8fcff71a1298b733d08382bbb2042d246d5a8369bc6f73341d607ed67aec6f21d6ec587a2044935ab12fb601458bdf822273adcf758dd72258722f82e0706e647d378284efd4008dbd460482657428a3178b7d458896222a679f2b1c95f90c64a9ad1ffa27536ec4507b791af70a97c41507550b
public exponent: 10001

  Signature Algorithm: SHA256WITHRSA
            Signature: 50802e1cba0e37edad5396dfaabb03132fb44af7
                       dd6bd5f7b13f7d8cb86bcef58108b445aa61af99
                       3314885713842ef74c1c90f8a16ad2771f4b5c8f
                       890c4d45033416a9a17ba06fba6778fed313cebd
                       4fd6f32be1e7e8c514b8b3a8b67ff57026551d41
                       efbf4e3ebd462bab2424cd7cbc30a177cc250944
                       06fc9236e761cf248fdfcf9e0002463e1afe7e8b
                       377325b4abda4cbc126a06d2a1f01a9d6389c9a3
                       cab3fb118981b158be28c225c9764e1579756483
                       156daf8aa0e8311fe85ceceebaeb601d88da72ed
                       7e0597e7cce9a8eb9544329786f864b10c24358d
                       3f2fe37803b6b74d65dd412f8a3e6537bef6aa98
                       64a5510d5d5963edc695970b2f41f3f5
       Extensions: 
                       critical(false) 2.5.29.17 value = Sequence
    Tagged [7] IMPLICIT 
        DER Octet String[4] 
    Tagged [2] IMPLICIT 
        DER Octet String[64] 

                       critical(true) BasicConstraints: isCa(true)
                       critical(true) KeyUsage: 0xbe
 from file: /tmp/junit1653223452159890860/junit4831184047809291237/scm-meta/scm/sub-ca/certs/1579667413287.crt.
2023-08-24 06:05:12,419 [Time-limited test] INFO  client.SCMCertificateClient (DefaultCertificateClient.java:readCertificateFile(237)) - Added certificate   [0]         Version: 3
         SerialNumber: 1
             IssuerDN: CN=scm-1@fv-az582-512,OU=8f783e59-cec6-43cc-8bc2-99a9f97fc4c9,O=3d03d985-5610-4df6-bed8-f33cb4085d1b
           Start Date: Thu Aug 24 06:05:12 UTC 2023
           Final Date: Sun Oct 01 06:05:12 UTC 2028
            SubjectDN: CN=scm-1@fv-az582-512,OU=8f783e59-cec6-43cc-8bc2-99a9f97fc4c9,O=3d03d985-5610-4df6-bed8-f33cb4085d1b
           Public Key: RSA Public Key [e3:f5:a8:71:4a:6a:82:83:47:a2:48:b8:fc:e8:3f:18:75:f8:3c:db],[56:66:d1:a4]
        modulus: ced520e7945d45fb4166088973c5f039476fe61b6835ff1a132be885a978d315e63b59e3130b23aed88477ccbdb6255cf32cfd81d4ba187ba9cc8837a2753fd6bca342850dbb8143d780f07fc4dfb5568fcbe06862cc09e2bb699594d4aa15986b7581b00471f0b5c737c8ccb1a613f922110ea526838e4bbcec866dace9d2b16308e4411555ba783d6457f32f79946a02991a59dc616bc567b47ffcb21235bf0e8500e7b9eb7d8eb5733f82081c2c31152a3629952c852c2b3abd26f3f57c991980c1bf47ffa6a985878b74f55469d0b0a8cc49a40f4bdac322cfd88401c3bff58e2dea0e6d7e91bdc335fe367d85b72acbbc3f8d4bb2cc99e416e002cfabff
public exponent: 10001

  Signature Algorithm: SHA256WITHRSA
            Signature: 152874649dc34df0d1d84147f552d218f1c90129
                       bf05ce7aaf048cf43cdb4265fc7c8cf9b88d2cfe
                       64910af17c8e920ec218abf00c526251e38b5545
                       66e7e4507be74b49dd228da8b93e9b3b1c304ad6
                       ed8bbe87aea3cb2bee5c816c6525d5aa44d346fc
                       a20ed0334ede7d6a5944a6e9fb2fc79a558feee6
                       0c34ff94fd3807ae38cda973cfcd96eec420c73b
                       125dc5066c198b4e55492f702a65177cf0e18c1e
                       735af126cd3334ef00c0fa0fa70d36a5f4fc496b
                       7dcfd95f3392d6eff08fe568e9fd0a2241474a25
                       7b07e6d90f76cdbef9b8d4b19da229d78a0c7576
                       096dd7b16f0ff17565ff51b209cb4fc6eefab7d7
                       f72e7d183f52754ad62ee253ee945248
       Extensions: 
                       critical(true) BasicConstraints: isCa(true)
                       critical(true) KeyUsage: 0x6
                       critical(false) 2.5.29.17 value = Sequence
    Tagged [7] IMPLICIT 
        DER Octet String[4] 
    Tagged [2] IMPLICIT 
        DER Octet String[64] 

 from file: /tmp/junit1653223452159890860/junit4831184047809291237/scm-meta/scm/sub-ca/certs/CA-1.crt.
2023-08-24 06:05:12,420 [Time-limited test] INFO  client.SCMCertificateClient (DefaultCertificateClient.java:readCertificateFile(237)) - Added certificate   [0]         Version: 3
         SerialNumber: 1579667413287
             IssuerDN: CN=scm-1@fv-az582-512,OU=8f783e59-cec6-43cc-8bc2-99a9f97fc4c9,O=3d03d985-5610-4df6-bed8-f33cb4085d1b
           Start Date: Thu Aug 24 06:05:12 UTC 2023
           Final Date: Sun Oct 01 06:05:12 UTC 2028
            SubjectDN: CN=scm-sub-1579663888820@fv-az582-512,OU=8f783e59-cec6-43cc-8bc2-99a9f97fc4c9,O=3d03d985-5610-4df6-bed8-f33cb4085d1b
           Public Key: RSA Public Key [1a:9b:ca:28:ba:b6:64:e2:66:e8:c1:be:2d:c4:3d:63:22:65:b4:0c],[56:66:d1:a4]
        modulus: 9d816dd28a8f5074160b7ff556cee8278b7e43c40267369241807e2ab87db152b8293ce88c2e92a969dfbeae7a328f1aebad61280f8bdb17015401263528a2ea1615bf6b1c355beaaf35897ee80e01114fae265a6aaf6beadec93a83e112aa3c9a204f374a68811f4a1bd7150a233a23726dd08ba329952aeef9033f049ff694f9a044ed663ba13d29dc78da8fcff71a1298b733d08382bbb2042d246d5a8369bc6f73341d607ed67aec6f21d6ec587a2044935ab12fb601458bdf822273adcf758dd72258722f82e0706e647d378284efd4008dbd460482657428a3178b7d458896222a679f2b1c95f90c64a9ad1ffa27536ec4507b791af70a97c41507550b
public exponent: 10001

  Signature Algorithm: SHA256WITHRSA
            Signature: 50802e1cba0e37edad5396dfaabb03132fb44af7
                       dd6bd5f7b13f7d8cb86bcef58108b445aa61af99
                       3314885713842ef74c1c90f8a16ad2771f4b5c8f
                       890c4d45033416a9a17ba06fba6778fed313cebd
                       4fd6f32be1e7e8c514b8b3a8b67ff57026551d41
                       efbf4e3ebd462bab2424cd7cbc30a177cc250944
                       06fc9236e761cf248fdfcf9e0002463e1afe7e8b
                       377325b4abda4cbc126a06d2a1f01a9d6389c9a3
                       cab3fb118981b158be28c225c9764e1579756483
                       156daf8aa0e8311fe85ceceebaeb601d88da72ed
                       7e0597e7cce9a8eb9544329786f864b10c24358d
                       3f2fe37803b6b74d65dd412f8a3e6537bef6aa98
                       64a5510d5d5963edc695970b2f41f3f5
       Extensions: 
                       critical(false) 2.5.29.17 value = Sequence
    Tagged [7] IMPLICIT 
        DER Octet String[4] 
    Tagged [2] IMPLICIT 
        DER Octet String[64] 

                       critical(true) BasicConstraints: isCa(true)
                       critical(true) KeyUsage: 0xbe
 from file: /tmp/junit1653223452159890860/junit4831184047809291237/scm-meta/scm/sub-ca/certs/certificate.crt.
2023-08-24 06:05:12,420 [Time-limited test] INFO  client.SCMCertificateClient (DefaultCertificateClient.java:loadAllCertificates(191)) - CertificateRenewerService and root ca rotation polling is disabled for scm/sub-ca
2023-08-24 06:05:12,421 [Time-limited test] WARN  utils.HAUtils (HAUtils.java:getMetaDir(339)) - ozone.scm.db.dirs is not configured. We recommend adding this setting. Falling back to ozone.metadata.dirs instead.
2023-08-24 06:05:12,421 [Time-limited test] WARN  db.DBStoreBuilder (DBStoreBuilder.java:applyDBDefinition(166)) - ozone.scm.db.dirs is not configured. We recommend adding this setting. Falling back to ozone.metadata.dirs instead.
2023-08-24 06:05:12,516 [Time-limited test] INFO  net.NodeSchemaLoader (NodeSchemaLoader.java:loadSchemaFromFile(129)) - Loading schema from [jar:file:/home/runner/.m2/repository/org/apache/ozone/hdds-common/1.4.0-SNAPSHOT/hdds-common-1.4.0-SNAPSHOT.jar!/network-topology-default.xml]
2023-08-24 06:05:12,516 [Time-limited test] INFO  net.NodeSchemaLoader (NodeSchemaLoader.java:loadSchema(176)) - Loading network topology layer schema file
2023-08-24 06:05:12,519 [Time-limited test] INFO  upgrade.AbstractLayoutVersionManager (AbstractLayoutVersionManager.java:init(83)) - Initializing Layout version manager with metadata layout = HADOOP_PRC_PORTS_IN_DATANODEDETAILS (version = 7), software layout = HADOOP_PRC_PORTS_IN_DATANODEDETAILS (version = 7)
2023-08-24 06:05:12,520 [Time-limited test] INFO  ha.SequenceIdGenerator (SequenceIdGenerator.java:upgradeToSequenceId(365)) - upgrade localId to 111677748019200000
2023-08-24 06:05:12,521 [Time-limited test] INFO  ha.SequenceIdGenerator (SequenceIdGenerator.java:upgradeToSequenceId(375)) - upgrade delTxnId to 0
2023-08-24 06:05:12,522 [Time-limited test] INFO  ha.SequenceIdGenerator (SequenceIdGenerator.java:upgradeToSequenceId(392)) - upgrade containerId to 0
2023-08-24 06:05:12,522 [Time-limited test] INFO  ha.SequenceIdGenerator (SequenceIdGenerator.java:upgradeToSequenceId(428)) - upgrade rootCertificateId to 1
2023-08-24 06:05:12,522 [Time-limited test] INFO  ha.SequenceIdGenerator (SequenceIdGenerator.java:<init>(236)) - Init the HA SequenceIdGenerator.
2023-08-24 06:05:12,523 [Time-limited test] INFO  node.SCMNodeManager (SCMNodeManager.java:<init>(157)) - Entering startup safe mode.
2023-08-24 06:05:12,523 [Time-limited test] INFO  algorithms.ContainerPlacementPolicyFactory (ContainerPlacementPolicyFactory.java:getPolicyInternal(86)) - Create container placement policy of type org.apache.hadoop.hdds.scm.container.placement.algorithms.SCMContainerPlacementRackAware
2023-08-24 06:05:12,523 [Time-limited test] INFO  algorithms.ContainerPlacementPolicyFactory (ContainerPlacementPolicyFactory.java:getPolicyInternal(86)) - Create container placement policy of type org.apache.hadoop.hdds.scm.container.placement.algorithms.SCMContainerPlacementRackScatter
2023-08-24 06:05:12,524 [Time-limited test] INFO  pipeline.PipelineStateManagerImpl (PipelineStateManagerImpl.java:initialize(78)) - No pipeline exists in current db
2023-08-24 06:05:12,524 [Time-limited test] INFO  algorithms.LeaderChoosePolicyFactory (LeaderChoosePolicyFactory.java:getPolicy(57)) - Create leader choose policy of type org.apache.hadoop.hdds.scm.pipeline.leader.choose.algorithms.MinLeaderCountChoosePolicy
2023-08-24 06:05:12,524 [Time-limited test] INFO  algorithms.ContainerPlacementPolicyFactory (ContainerPlacementPolicyFactory.java:getPolicyInternal(86)) - Create container placement policy of type org.apache.hadoop.hdds.scm.container.placement.algorithms.SCMContainerPlacementRackScatter
2023-08-24 06:05:12,524 [Time-limited test] INFO  ha.SCMServiceManager (SCMServiceManager.java:register(42)) - Registering service BackgroundPipelineCreator.
2023-08-24 06:05:12,524 [Time-limited test] INFO  pipeline.BackgroundPipelineCreator (BackgroundPipelineCreator.java:start(124)) - Starting RatisPipelineUtilsThread.
2023-08-24 06:05:12,524 [Time-limited test] INFO  BackgroundPipelineScrubber (BackgroundSCMService.java:start(68)) - Starting BackgroundPipelineScrubber Service.
2023-08-24 06:05:12,525 [Time-limited test] INFO  ha.SCMServiceManager (SCMServiceManager.java:register(42)) - Registering service BackgroundPipelineScrubber.
2023-08-24 06:05:12,525 [Time-limited test] INFO  ExpiredContainerReplicaOpScrubber (BackgroundSCMService.java:start(68)) - Starting ExpiredContainerReplicaOpScrubber Service.
2023-08-24 06:05:12,525 [Time-limited test] INFO  ha.SCMServiceManager (SCMServiceManager.java:register(42)) - Registering service ExpiredContainerReplicaOpScrubber.
2023-08-24 06:05:12,526 [Time-limited test] INFO  algorithms.PipelineChoosePolicyFactory (PipelineChoosePolicyFactory.java:createPipelineChoosePolicyFromClass(78)) - Create pipeline choose policy of type org.apache.hadoop.hdds.scm.pipeline.choose.algorithms.RandomPipelineChoosePolicy
2023-08-24 06:05:12,526 [Time-limited test] INFO  algorithms.PipelineChoosePolicyFactory (PipelineChoosePolicyFactory.java:createPipelineChoosePolicyFromClass(78)) - Create pipeline choose policy of type org.apache.hadoop.hdds.scm.pipeline.choose.algorithms.RandomPipelineChoosePolicy
2023-08-24 06:05:12,527 [Time-limited test] INFO  ha.SCMServiceManager (SCMServiceManager.java:register(42)) - Registering service SCMBlockDeletingService.
2023-08-24 06:05:12,528 [Time-limited test] INFO  replication.ReplicationManager (ReplicationManager.java:start(287)) - Starting Replication Monitor Thread.
2023-08-24 06:05:12,530 [Time-limited test] INFO  ha.SCMServiceManager (SCMServiceManager.java:register(42)) - Registering service ReplicationManager.
2023-08-24 06:05:12,530 [Time-limited test] INFO  safemode.ContainerSafeModeRule (ContainerSafeModeRule.java:<init>(90)) - containers with one replica threshold count 0
2023-08-24 06:05:12,530 [Time-limited test] INFO  safemode.HealthyPipelineSafeModeRule (HealthyPipelineSafeModeRule.java:initializeRule(169)) - Total pipeline count is 0, healthy pipeline threshold count is 0
2023-08-24 06:05:12,530 [Time-limited test] INFO  safemode.OneReplicaPipelineSafeModeRule (OneReplicaPipelineSafeModeRule.java:initializeRule(180)) - Total pipeline count is 0, pipeline's with at least one datanode reported threshold count is 0
2023-08-24 06:05:12,530 [ReplicationMonitor] INFO  replication.ReplicationManager (ReplicationManager.java:processAll(361)) - Replication Manager is not ready to run until 300000ms after safemode exit
2023-08-24 06:05:12,531 [Time-limited test] INFO  authority.DefaultCAServer (DefaultCAServer.java:lambda$processVerificationStatus$0(472)) - CertificateServer validation is successful
2023-08-24 06:05:12,532 [Time-limited test] INFO  authority.DefaultCAServer (DefaultCAServer.java:lambda$processVerificationStatus$0(472)) - CertificateServer validation is successful
2023-08-24 06:05:12,534 [Time-limited test] INFO  server.StorageContainerManager (StorageContainerManager.java:persistPrimarySCMCerts(932)) - Storing sub-ca certificate serialId 1579667413287 on primary SCM
2023-08-24 06:05:12,542 [Time-limited test] INFO  server.SCMCertStore (SCMCertStore.java:storeValidScmCertificate(122)) - Scm certificate 1579667413287 for CN=scm-sub-1579663888820@fv-az582-512,OU=8f783e59-cec6-43cc-8bc2-99a9f97fc4c9,O=3d03d985-5610-4df6-bed8-f33cb4085d1b is stored
2023-08-24 06:05:12,543 [Time-limited test] INFO  server.StorageContainerManager (StorageContainerManager.java:persistPrimarySCMCerts(940)) - Storing root certificate serialId 1
2023-08-24 06:05:12,543 [Time-limited test] INFO  server.SCMCertStore (SCMCertStore.java:storeValidScmCertificate(122)) - Scm certificate 1 for CN=scm-1@fv-az582-512,OU=8f783e59-cec6-43cc-8bc2-99a9f97fc4c9,O=3d03d985-5610-4df6-bed8-f33cb4085d1b is stored
2023-08-24 06:05:12,544 [Time-limited test] INFO  ipc.CallQueueManager (CallQueueManager.java:<init>(90)) - Using callQueue: class java.util.concurrent.LinkedBlockingQueue, queueCapacity: 200, scheduler: class org.apache.hadoop.ipc.DefaultRpcScheduler, ipcBackoff: false.
2023-08-24 06:05:12,544 [Time-limited test] INFO  ipc.Server (Server.java:<init>(1287)) - Listener at 0.0.0.0:9961
2023-08-24 06:05:12,545 [Socket Reader #1 for port 9961] INFO  ipc.Server (Server.java:run(1323)) - Starting Socket Reader #1 for port 9961
2023-08-24 06:05:12,547 [Time-limited test] INFO  server.StorageContainerManager (StorageContainerManager.java:<init>(425)) - SCM start with adminUsers: [om/fv-az582-512.vyw2dcplbgbehesrvt3jseauje.cx.internal.cloudapp.net@EXAMPLE.COM, scm]
2023-08-24 06:05:12,547 [Time-limited test] INFO  ipc.CallQueueManager (CallQueueManager.java:<init>(90)) - Using callQueue: class java.util.concurrent.LinkedBlockingQueue, queueCapacity: 10000, scheduler: class org.apache.hadoop.ipc.DefaultRpcScheduler, ipcBackoff: false.
2023-08-24 06:05:12,547 [Time-limited test] INFO  ipc.Server (Server.java:<init>(1287)) - Listener at 0.0.0.0:9861
2023-08-24 06:05:12,547 [Socket Reader #1 for port 9861] INFO  ipc.Server (Server.java:run(1323)) - Starting Socket Reader #1 for port 9861
2023-08-24 06:05:12,548 [Time-limited test] INFO  ipc.CallQueueManager (CallQueueManager.java:<init>(90)) - Using callQueue: class java.util.concurrent.LinkedBlockingQueue, queueCapacity: 10000, scheduler: class org.apache.hadoop.ipc.DefaultRpcScheduler, ipcBackoff: false.
2023-08-24 06:05:12,548 [Time-limited test] INFO  ipc.Server (Server.java:<init>(1287)) - Listener at 0.0.0.0:9863
2023-08-24 06:05:12,549 [Socket Reader #1 for port 9863] INFO  ipc.Server (Server.java:run(1323)) - Starting Socket Reader #1 for port 9863
2023-08-24 06:05:12,549 [Time-limited test] INFO  ipc.CallQueueManager (CallQueueManager.java:<init>(90)) - Using callQueue: class java.util.concurrent.LinkedBlockingQueue, queueCapacity: 10000, scheduler: class org.apache.hadoop.ipc.DefaultRpcScheduler, ipcBackoff: false.
2023-08-24 06:05:12,550 [Time-limited test] INFO  ipc.Server (Server.java:<init>(1287)) - Listener at 0.0.0.0:9860
2023-08-24 06:05:12,550 [Socket Reader #1 for port 9860] INFO  ipc.Server (Server.java:run(1323)) - Starting Socket Reader #1 for port 9860
2023-08-24 06:05:12,561 [Time-limited test] INFO  ha.SCMServiceManager (SCMServiceManager.java:register(42)) - Registering service ContainerBalancer.
2023-08-24 06:05:12,561 [Time-limited test] INFO  server.StorageContainerManager (StorageContainerManager.java:<init>(438)) - 
Container Balancer status:
Key                            Value
Running                        false
Container Balancer Configuration values:
Key                                                Value
Threshold                                          10
Max Datanodes to Involve per Iteration(percent)    20
Max Size to Move per Iteration                     500GB
Max Size Entering Target per Iteration             26GB
Max Size Leaving Source per Iteration              26GB

2023-08-24 06:05:12,561 [Time-limited test] INFO  ha.SCMContext (SCMContext.java:updateSafeModeStatus(228)) - Update SafeModeStatus from SafeModeStatus{safeModeStatus=true, preCheckPassed=false} to SafeModeStatus{safeModeStatus=true, preCheckPassed=false}.
2023-08-24 06:05:12,563 [Time-limited test] WARN  server.ServerUtils (ServerUtils.java:getDBPath(311)) - ozone.om.db.dirs is not configured. We recommend adding this setting. Falling back to ozone.metadata.dirs instead.
2023-08-24 06:05:12,566 [Time-limited test] INFO  ha.OMHANodeDetails (OMHANodeDetails.java:loadOMHAConfig(115)) - ozone.om.internal.service.id is not defined, falling back to ozone.om.service.ids to find serviceID for OzoneManager if it is HA enabled cluster
2023-08-24 06:05:12,567 [Time-limited test] INFO  ha.OMHANodeDetails (OMHANodeDetails.java:loadOMHAConfig(226)) - Configuration does not have ozone.om.address set. Falling back to the default OM address fv-az582-512.vyw2dcplbgbehesrvt3jseauje.cx.internal.cloudapp.net/10.1.0.20:1202
2023-08-24 06:05:12,567 [Time-limited test] INFO  ha.OMHANodeDetails (OMHANodeDetails.java:getOMNodeDetailsForNonHA(254)) - OM Service ID is not set. Setting it to the default ID: omServiceIdDefault
2023-08-24 06:05:12,567 [Time-limited test] INFO  ha.OMHANodeDetails (OMHANodeDetails.java:getOMNodeDetailsForNonHA(261)) - OM Node ID is not set. Setting it to the default ID: om1
2023-08-24 06:05:12,568 [Time-limited test] WARN  server.ServerUtils (ServerUtils.java:getDBPath(311)) - ozone.om.db.dirs is not configured. We recommend adding this setting. Falling back to ozone.metadata.dirs instead.
2023-08-24 06:05:12,570 [Time-limited test] INFO  upgrade.AbstractLayoutVersionManager (AbstractLayoutVersionManager.java:init(83)) - Initializing Layout version manager with metadata layout = QUOTA (version = 6), software layout = QUOTA (version = 6)
2023-08-24 06:05:12,641 [Time-limited test] INFO  reflections.Reflections (Reflections.java:scan(232)) - Reflections took 70 ms to scan 2 urls, producing 188 keys and 512 values [using 2 cores]
2023-08-24 06:05:12,642 [Time-limited test] INFO  upgrade.OMLayoutVersionManager (OMLayoutVersionManager.java:lambda$0(115)) - Skipping Upgrade Action QuotaRepairUpgradeAction since it has been finalized.
2023-08-24 06:05:12,642 [Time-limited test] INFO  upgrade.OMLayoutVersionManager (OMLayoutVersionManager.java:lambda$0(115)) - Skipping Upgrade Action MockOmUpgradeAction since it has been finalized.
2023-08-24 06:05:12,644 [pool-267-thread-2] INFO  request.KdcRequest (KdcRequest.java:preauth(651)) - The preauth data is empty.
2023-08-24 06:05:12,645 [pool-267-thread-2] INFO  server.KdcHandler (KdcHandler.java:handleRecoverableException(177)) - KRB error occurred while processing request:Additional pre-authentication required
2023-08-24 06:05:12,649 [pool-267-thread-2] INFO  request.AsRequest (AsRequest.java:issueTicket(112)) - AS_REQ ISSUE: authtime 1692857112649,om/fv-az582-512.vyw2dcplbgbehesrvt3jseauje.cx.internal.cloudapp.net@EXAMPLE.COM for krbtgt/EXAMPLE.COM@EXAMPLE.COM
2023-08-24 06:05:12,651 [Time-limited test] INFO  security.UserGroupInformation (UserGroupInformation.java:loginUserFromKeytab(1132)) - Login successful for user om/fv-az582-512.vyw2dcplbgbehesrvt3jseauje.cx.internal.cloudapp.net@EXAMPLE.COM using keytab file om.keytab. Keytab auto renewal enabled : false
2023-08-24 06:05:12,651 [Time-limited test] INFO  om.OzoneManager (OzoneManager.java:loginOMUser(1161)) - Ozone Manager login successful.
2023-08-24 06:05:12,651 [Time-limited test] WARN  server.ServerUtils (ServerUtils.java:getDBPath(311)) - ozone.om.db.dirs is not configured. We recommend adding this setting. Falling back to ozone.metadata.dirs instead.
2023-08-24 06:05:12,652 [Time-limited test] INFO  proxy.SCMBlockLocationFailoverProxyProvider (SCMBlockLocationFailoverProxyProvider.java:<init>(114)) - Created block location fail-over proxy with 1 nodes: [nodeId=scmNodeId,nodeAddress=/0.0.0.0:9863]
2023-08-24 06:05:12,652 [Time-limited test] INFO  om.OzoneManager (OzoneManager.java:getOmDetailsProto(4552)) - OzoneManager ports added:[name: "RPC"
value: 1202
]
2023-08-24 06:05:12,653 [Time-limited test] INFO  security.OMCertificateClient (DefaultCertificateClient.java:updateCertSerialId(1244)) - Certificate serial ID set to 9879877970576
2023-08-24 06:05:12,654 [Time-limited test] WARN  security.OMCertificateClient (DefaultCertificateClient.java:loadAllCertificates(173)) - Certificates could not be loaded.
java.nio.file.NoSuchFileException: /tmp/junit1653223452159890860/junit4831184047809291237/scm-meta/om/certs
	at sun.nio.fs.UnixException.translateToIOException(UnixException.java:86)
	at sun.nio.fs.UnixException.rethrowAsIOException(UnixException.java:102)
	at sun.nio.fs.UnixException.rethrowAsIOException(UnixException.java:107)
	at sun.nio.fs.UnixFileSystemProvider.newDirectoryStream(UnixFileSystemProvider.java:427)
	at java.nio.file.Files.newDirectoryStream(Files.java:457)
	at java.nio.file.Files.list(Files.java:3451)
	at org.apache.hadoop.hdds.security.x509.certificate.client.DefaultCertificateClient.loadAllCertificates(DefaultCertificateClient.java:168)
	at org.apache.hadoop.hdds.security.x509.certificate.client.DefaultCertificateClient.updateCertSerialId(DefaultCertificateClient.java:1245)
	at org.apache.hadoop.hdds.security.x509.certificate.client.DefaultCertificateClient.<init>(DefaultCertificateClient.java:157)
	at org.apache.hadoop.hdds.security.x509.certificate.client.CommonCertificateClient.<init>(CommonCertificateClient.java:49)
	at org.apache.hadoop.ozone.security.OMCertificateClient.<init>(OMCertificateClient.java:68)
	at org.apache.hadoop.ozone.om.OzoneManager.<init>(OzoneManager.java:640)
	at org.apache.hadoop.ozone.om.OzoneManager.createOm(OzoneManager.java:754)
	at org.apache.hadoop.ozone.TestSecureOzoneCluster.setupOm(TestSecureOzoneCluster.java:701)
	at org.apache.hadoop.ozone.TestSecureOzoneCluster.testSecureOmInitializationSuccess(TestSecureOzoneCluster.java:544)
	at sun.reflect.NativeMethodAccessorImpl.invoke0(Native Method)
	at sun.reflect.NativeMethodAccessorImpl.invoke(NativeMethodAccessorImpl.java:62)
	at sun.reflect.DelegatingMethodAccessorImpl.invoke(DelegatingMethodAccessorImpl.java:43)
	at java.lang.reflect.Method.invoke(Method.java:498)
	at org.junit.runners.model.FrameworkMethod$1.runReflectiveCall(FrameworkMethod.java:59)
	at org.junit.internal.runners.model.ReflectiveCallable.run(ReflectiveCallable.java:12)
	at org.junit.runners.model.FrameworkMethod.invokeExplosively(FrameworkMethod.java:56)
	at org.junit.internal.runners.statements.InvokeMethod.evaluate(InvokeMethod.java:17)
	at org.junit.internal.runners.statements.RunBefores.evaluate(RunBefores.java:26)
	at org.junit.internal.runners.statements.RunAfters.evaluate(RunAfters.java:27)
	at org.junit.rules.ExternalResource$1.evaluate(ExternalResource.java:54)
	at org.junit.internal.runners.statements.FailOnTimeout$CallableStatement.call(FailOnTimeout.java:288)
	at org.junit.internal.runners.statements.FailOnTimeout$CallableStatement.call(FailOnTimeout.java:282)
	at java.util.concurrent.FutureTask.run(FutureTask.java:266)
	at java.lang.Thread.run(Thread.java:750)
2023-08-24 06:05:12,660 [Time-limited test] INFO  om.OzoneManager (OzoneManager.java:<init>(662)) - OM start with adminUsers: [om/fv-az582-512.vyw2dcplbgbehesrvt3jseauje.cx.internal.cloudapp.net@EXAMPLE.COM, om]
2023-08-24 06:05:12,661 [Time-limited test] WARN  server.ServerUtils (ServerUtils.java:getDBPath(311)) - ozone.om.db.dirs is not configured. We recommend adding this setting. Falling back to ozone.metadata.dirs instead.
2023-08-24 06:05:12,662 [Time-limited test] INFO  helpers.OmKeyInfo (OmKeyInfo.java:getCodec(71)) - OmKeyInfo.getCodec ignorePipeline = true
2023-08-24 06:05:12,827 [Time-limited test] INFO  om.OzoneManager (OzoneManager.java:instantiateServices(791)) - S3 Multi-Tenancy is disabled
2023-08-24 06:05:12,828 [Time-limited test] INFO  security.OzoneSecretStore (OzoneSecretStore.java:loadState(69)) - Loaded 0 tokens
2023-08-24 06:05:12,828 [Time-limited test] INFO  security.OzoneDelegationTokenSecretManager (OzoneDelegationTokenSecretManager.java:loadTokenSecretState(530)) - Loading token state into token manager.
2023-08-24 06:05:12,828 [Time-limited test] INFO  om.OmSnapshotManager (OmSnapshotManager.java:<init>(175)) - Ozone filesystem snapshot feature is enabled.
2023-08-24 06:05:12,828 [Time-limited test] WARN  server.ServerUtils (ServerUtils.java:getDBPath(311)) - ozone.om.snapshot.diff.db.dir is not configured. We recommend adding this setting. Falling back to ozone.metadata.dirs instead.
2023-08-24 06:05:12,847 [Time-limited test] INFO  snapshot.SnapshotDiffManager (SnapshotDiffManager.java:closeExecutorService(1720)) - Shutting down executorService: 'SstDumpToolExecutor'
2023-08-24 06:05:12,848 [Time-limited test] INFO  om.OzoneManager (OzoneManager.java:addS3GVolumeToDB(4284)) - Created Volume s3v With Owner om required for S3Gateway operations.
2023-08-24 06:05:12,848 [Time-limited test] WARN  server.ServerUtils (ServerUtils.java:getDefaultRatisDirectory(323)) - Storage directory for Ratis is not configured. It is a good idea to map this to an SSD disk. Falling back to ozone.metadata.dirs
2023-08-24 06:05:12,849 [Time-limited test] WARN  utils.OzoneManagerRatisUtils (OzoneManagerRatisUtils.java:getOMRatisSnapshotDirectory(461)) - ozone.om.ratis.snapshot.dir is not configured. Falling back to ozone.metadata.dirs config
2023-08-24 06:05:12,849 [Time-limited test] WARN  server.ServerUtils (ServerUtils.java:getDefaultRatisDirectory(323)) - Storage directory for Ratis is not configured. It is a good idea to map this to an SSD disk. Falling back to ozone.metadata.dirs
2023-08-24 06:05:12,850 [Time-limited test] INFO  ratis.OzoneManagerRatisServer (OzoneManagerRatisServer.java:<init>(163)) - Instantiating OM Ratis server with groupID: omServiceIdDefault and peers: fv-az582-512.vyw2dcplbgbehesrvt3jseauje.cx.internal.cloudapp.net:9872
2023-08-24 06:05:12,851 [Time-limited test] INFO  ratis.OzoneManagerStateMachine (OzoneManagerStateMachine.java:loadSnapshotInfoFromDB(687)) - LastAppliedIndex is set from TransactionInfo from OM DB as (t:0, i:~)
2023-08-24 06:05:12,854 [Time-limited test] INFO  server.RaftServer (ConfUtils.java:logGet(46)) - raft.rpc.type = GRPC (default)
2023-08-24 06:05:12,854 [Time-limited test] INFO  grpc.GrpcConfigKeys (ConfUtils.java:logFallback(53)) - raft.grpc.admin.host = null (fallback to raft.grpc.server.host)
2023-08-24 06:05:12,854 [Time-limited test] INFO  grpc.GrpcConfigKeys (ConfUtils.java:logFallback(53)) - raft.grpc.admin.port = 9872 (fallback to raft.grpc.server.port)
2023-08-24 06:05:12,854 [Time-limited test] INFO  grpc.GrpcConfigKeys (ConfUtils.java:logFallback(53)) - raft.grpc.client.host = null (fallback to raft.grpc.server.host)
2023-08-24 06:05:12,854 [Time-limited test] INFO  grpc.GrpcConfigKeys (ConfUtils.java:logFallback(53)) - raft.grpc.client.port = 9872 (fallback to raft.grpc.server.port)
2023-08-24 06:05:12,854 [Time-limited test] INFO  grpc.GrpcConfigKeys (ConfUtils.java:logGet(46)) - raft.grpc.server.host = null (default)
2023-08-24 06:05:12,854 [Time-limited test] INFO  grpc.GrpcConfigKeys (ConfUtils.java:logGet(46)) - raft.grpc.server.port = 9872 (custom)
2023-08-24 06:05:12,854 [Time-limited test] INFO  server.GrpcService (ConfUtils.java:logGet(46)) - raft.grpc.message.size.max = 33554432 (custom)
2023-08-24 06:05:12,854 [Time-limited test] INFO  server.RaftServerConfigKeys (ConfUtils.java:logGet(46)) - raft.server.log.appender.buffer.byte-limit = 33554432 (custom)
2023-08-24 06:05:12,854 [Time-limited test] INFO  server.GrpcService (ConfUtils.java:logGet(46)) - raft.grpc.flow.control.window = 1MB (=1048576) (default)
2023-08-24 06:05:12,855 [Time-limited test] INFO  server.RaftServerConfigKeys (ConfUtils.java:logGet(46)) - raft.server.rpc.request.timeout = 3000ms (default)
2023-08-24 06:05:12,855 [Time-limited test] INFO  grpc.GrpcConfigKeys (ConfUtils.java:logGet(46)) - raft.grpc.server.heartbeat.channel = true (default)
2023-08-24 06:05:12,855 [Time-limited test] INFO  grpc.GrpcConfigKeys (ConfUtils.java:logGet(46)) - raft.grpc.server.async.request.thread.pool.cached = true (default)
2023-08-24 06:05:12,855 [Time-limited test] INFO  grpc.GrpcConfigKeys (ConfUtils.java:logGet(46)) - raft.grpc.server.async.request.thread.pool.size = 32 (default)
2023-08-24 06:05:12,856 [Time-limited test] INFO  impl.DataStreamServerImpl (ConfUtils.java:logGet(46)) - raft.datastream.type = DISABLED (default)
2023-08-24 06:05:12,856 [Time-limited test] INFO  server.RaftServerConfigKeys (ConfUtils.java:logGet(46)) - raft.server.threadpool.proxy.cached = true (default)
2023-08-24 06:05:12,856 [Time-limited test] INFO  server.RaftServerConfigKeys (ConfUtils.java:logGet(46)) - raft.server.threadpool.proxy.size = 0 (default)
2023-08-24 06:05:12,856 [Time-limited test] INFO  server.RaftServerConfigKeys (ConfUtils.java:logGet(46)) - raft.server.rpc.slowness.timeout = 120s (custom)
2023-08-24 06:05:12,856 [Time-limited test] INFO  server.RaftServerConfigKeys (ConfUtils.java:logGet(46)) - raft.server.leaderelection.leader.step-down.wait-time = 10s (default)
2023-08-24 06:05:12,856 [Time-limited test] INFO  server.RaftServerConfigKeys (ConfUtils.java:logGet(46)) - raft.server.storage.dir = [/tmp/junit1653223452159890860/junit4831184047809291237/scm-meta/ratis] (custom)
2023-08-24 06:05:12,857 [Time-limited test] INFO  server.RaftServer (RaftServerProxy.java:addNew(98)) - om1: addNew group-C5BA1605619E:[om1|rpc:fv-az582-512.vyw2dcplbgbehesrvt3jseauje.cx.internal.cloudapp.net:9872|priority:0|startupRole:FOLLOWER] returns group-C5BA1605619E:java.util.concurrent.CompletableFuture@65fd19c1[Not completed]
2023-08-24 06:05:12,857 [Time-limited test] INFO  om.OzoneManager (OzoneManager.java:initializeRatisServer(2128)) - OzoneManager Ratis server initialized at port 9872
RaftServerImpl.java:<init>(198)) - om1: new RaftServerImpl for group-C5BA1605619E:[om1|rpc:fv-az582-512.vyw2dcplbgbehesrvt3jseauje.cx.internal.cloudapp.net:9872|priority:0|startupRole:FOLLOWER] with OzoneManagerStateMachine:uninitialized
2023-08-24 06:05:12,857 [Time-limited test] INFO  om.OzoneManager (OzoneManager.java:initializeRatisServer(2128)) - OzoneManager Ratis server initialized at port 9872
2023-08-24 06:05:12,857 [Time-limited test] INFO  om.OzoneManager (OzoneManager.java:getRpcServer(1193)) - Creating RPC Server
2023-08-24 06:05:12,857 [om1-groupManagement] INFO  server.RaftServerConfigKeys (ConfUtils.java:logGet(46)) - raft.server.rpc.timeout.min = 5s (custom)
2023-08-24 06:05:12,865 [om1-groupManagement] INFO  server.RaftServerConfigKeys (ConfUtils.java:logGet(46)) - raft.server.rpc.timeout.max = 5200ms (custom)
2023-08-24 06:05:12,865 [om1-groupManagement] INFO  server.RaftServerConfigKeys (ConfUtils.java:logGet(46)) - raft.server.rpc.sleep.time = 25ms (default)
2023-08-24 06:05:12,871 [om1-groupManagement] INFO  server.RaftServerConfigKeys (ConfUtils.java:logGet(46)) - raft.server.rpc.slowness.timeout = 120s (custom)
2023-08-24 06:05:12,871 [om1-groupManagement] INFO  server.RaftServerConfigKeys (ConfUtils.java:logGet(46)) - raft.server.leaderelection.leader.step-down.wait-time = 10s (default)
2023-08-24 06:05:12,871 [om1-groupManagement] INFO  server.RaftServerConfigKeys (ConfUtils.java:logGet(46)) - raft.server.sleep.deviation.threshold = 300ms (default)
2023-08-24 06:05:12,871 [om1-groupManagement] INFO  server.RaftServer$Division (ServerState.java:<init>(120)) - om1@group-C5BA1605619E: ConfigurationManager, init=-1: peers:[om1|rpc:fv-az582-512.vyw2dcplbgbehesrvt3jseauje.cx.internal.cloudapp.net:9872|priority:0|startupRole:FOLLOWER]|listeners:[], old=null, confs=<EMPTY_MAP>
2023-08-24 06:05:12,871 [om1-groupManagement] INFO  server.RaftServerConfigKeys (ConfUtils.java:logGet(46)) - raft.server.storage.dir = [/tmp/junit1653223452159890860/junit4831184047809291237/scm-meta/ratis] (custom)
2023-08-24 06:05:12,871 [om1-groupManagement] INFO  server.RaftServerConfigKeys (ConfUtils.java:logGet(46)) - raft.server.log.corruption.policy = EXCEPTION (default)
2023-08-24 06:05:12,871 [om1-groupManagement] INFO  server.RaftServerConfigKeys (ConfUtils.java:logGet(46)) - raft.server.storage.free-space.min = 0MB (=0) (default)
2023-08-24 06:05:12,871 [om1-groupManagement] INFO  server.RaftServerConfigKeys (ConfUtils.java:logGet(46)) - raft.server.notification.no-leader.timeout = 120s (custom)
2023-08-24 06:05:12,871 [om1-groupManagement] INFO  server.RaftServerConfigKeys (ConfUtils.java:logGet(46)) - raft.server.read.timeout = 10s (default)
2023-08-24 06:05:12,871 [om1-groupManagement] INFO  server.RaftServerConfigKeys (ConfUtils.java:logGet(46)) - raft.server.retrycache.expirytime = 300s (custom)
2023-08-24 06:05:12,871 [om1-groupManagement] INFO  server.RaftServerConfigKeys (ConfUtils.java:logGet(46)) - raft.server.retrycache.statistics.expirytime = 100μs (default)
2023-08-24 06:05:12,872 [om1-groupManagement] INFO  server.RaftServerConfigKeys (ConfUtils.java:logGet(46)) - raft.server.read.option = DEFAULT (default)
2023-08-24 06:05:12,876 [om1-groupManagement] INFO  server.RaftServerConfigKeys (ConfUtils.java:logGet(46)) - raft.server.rpc.request.timeout = 3000ms (default)
2023-08-24 06:05:12,876 [om1-groupManagement] INFO  server.RaftServerConfigKeys (ConfUtils.java:logGet(46)) - raft.server.log.appender.install.snapshot.enabled = false (custom)
2023-08-24 06:05:12,876 [om1-groupManagement] INFO  server.RaftServerConfigKeys (ConfUtils.java:logGet(46)) - raft.server.threadpool.server.cached = true (default)
2023-08-24 06:05:12,876 [om1-groupManagement] INFO  server.RaftServerConfigKeys (ConfUtils.java:logGet(46)) - raft.server.threadpool.server.size = 0 (default)
2023-08-24 06:05:12,876 [om1-groupManagement] INFO  server.RaftServerConfigKeys (ConfUtils.java:logGet(46)) - raft.server.threadpool.client.cached = true (default)
2023-08-24 06:05:12,876 [om1-groupManagement] INFO  server.RaftServerConfigKeys (ConfUtils.java:logGet(46)) - raft.server.threadpool.client.size = 0 (default)
2023-08-24 06:05:13,247 [Time-limited test] INFO  reflections.Reflections (Reflections.java:scan(232)) - Reflections took 389 ms to scan 19 urls, producing 70 keys and 5648 values [using 2 cores]
2023-08-24 06:05:13,248 [Time-limited test] INFO  ipc.CallQueueManager (CallQueueManager.java:<init>(90)) - Using callQueue: class java.util.concurrent.LinkedBlockingQueue, queueCapacity: 10000, scheduler: class org.apache.hadoop.ipc.DefaultRpcScheduler, ipcBackoff: false.
2023-08-24 06:05:13,248 [Time-limited test] INFO  ipc.Server (Server.java:<init>(1287)) - Listener at fv-az582-512.vyw2dcplbgbehesrvt3jseauje.cx.internal.cloudapp.net:1202
2023-08-24 06:05:13,251 [Socket Reader #1 for port 1202] INFO  ipc.Server (Server.java:run(1323)) - Starting Socket Reader #1 for port 1202
2023-08-24 06:05:13,277 [Time-limited test] WARN  impl.MetricsConfig (MetricsConfig.java:loadFirst(136)) - Cannot locate configuration: tried hadoop-metrics2-ozonemanager.properties,hadoop-metrics2.properties
2023-08-24 06:05:13,278 [Time-limited test] INFO  impl.MetricsSystemImpl (MetricsSystemImpl.java:startTimer(378)) - Scheduled Metric snapshot period at 10 second(s).
2023-08-24 06:05:13,278 [Time-limited test] INFO  impl.MetricsSystemImpl (MetricsSystemImpl.java:start(191)) - OzoneManager metrics system started
2023-08-24 06:05:13,302 [Time-limited test] INFO  impl.MetricsSinkAdapter (MetricsSinkAdapter.java:start(204)) - Sink prometheus started
2023-08-24 06:05:13,303 [Time-limited test] INFO  impl.MetricsSystemImpl (MetricsSystemImpl.java:registerSink(305)) - Registered sink prometheus
2023-08-24 06:05:13,318 [Time-limited test] INFO  om.OzoneManager (OzoneManager.java:start(1613)) - OzoneManager RPC server is listening at fv-az582-512.vyw2dcplbgbehesrvt3jseauje.cx.internal.cloudapp.net/10.1.0.20:1202
2023-08-24 06:05:13,318 [Time-limited test] INFO  ratis.OzoneManagerRatisServer (OzoneManagerRatisServer.java:start(558)) - Starting OzoneManagerRatisServer om1 at port 9872
2023-08-24 06:05:13,318 [om1-impl-thread1] INFO  storage.RaftStorageDirectory (RaftStorageDirectoryImpl.java:analyzeStorage(137)) - The storage directory /tmp/junit1653223452159890860/junit4831184047809291237/scm-meta/ratis/bf265839-605b-3f16-9796-c5ba1605619e does not exist. Creating ...
2023-08-24 06:05:13,319 [om1-impl-thread1] INFO  storage.RaftStorageDirectory (RaftStorageDirectoryImpl.java:tryLock(231)) - Lock on /tmp/junit1653223452159890860/junit4831184047809291237/scm-meta/ratis/bf265839-605b-3f16-9796-c5ba1605619e/in_use.lock acquired by nodename 9411@fv-az582-512
2023-08-24 06:05:13,321 [om1-impl-thread1] INFO  storage.RaftStorage (RaftStorageImpl.java:format(96)) - Storage directory /tmp/junit1653223452159890860/junit4831184047809291237/scm-meta/ratis/bf265839-605b-3f16-9796-c5ba1605619e has been successfully formatted.
2023-08-24 06:05:13,321 [om1-impl-thread1] INFO  server.RaftServerConfigKeys (ConfUtils.java:logGet(46)) - raft.server.log.use.memory = false (default)
2023-08-24 06:05:13,321 [om1-impl-thread1] INFO  server.RaftServerConfigKeys (ConfUtils.java:logGet(46)) - raft.server.log.purge.gap = 1000000 (custom)
2023-08-24 06:05:13,321 [om1-impl-thread1] INFO  server.RaftServerConfigKeys (ConfUtils.java:logGet(46)) - raft.server.log.appender.buffer.byte-limit = 33554432 (custom)
2023-08-24 06:05:13,321 [om1-impl-thread1] INFO  server.RaftServerConfigKeys (ConfUtils.java:logGet(46)) - raft.server.log.statemachine.data.read.timeout = 1000ms (default)
2023-08-24 06:05:13,321 [om1-impl-thread1] INFO  server.RaftServerConfigKeys (ConfUtils.java:logGet(46)) - raft.server.log.purge.preservation.log.num = 0 (default)
2023-08-24 06:05:13,322 [om1-impl-thread1] INFO  server.RaftServerConfigKeys (ConfUtils.java:logGet(46)) - raft.server.log.segment.size.max = 4194304 (custom)
2023-08-24 06:05:13,322 [om1-impl-thread1] INFO  server.RaftServerConfigKeys (ConfUtils.java:logGet(46)) - raft.server.log.segment.cache.num.max = 2 (custom)
2023-08-24 06:05:13,322 [om1-impl-thread1] INFO  server.RaftServerConfigKeys (ConfUtils.java:logGet(46)) - raft.server.log.segment.cache.size.max = 200MB (=209715200) (default)
2023-08-24 06:05:13,322 [om1-impl-thread1] INFO  server.RaftServerConfigKeys (ConfUtils.java:logGet(46)) - raft.server.log.appender.buffer.byte-limit = 33554432 (custom)
2023-08-24 06:05:13,322 [om1-impl-thread1] INFO  segmented.SegmentedRaftLogWorker (SegmentedRaftLogWorker.java:<init>(188)) - new om1@group-C5BA1605619E-SegmentedRaftLogWorker for RaftStorageImpl:Storage Directory /tmp/junit1653223452159890860/junit4831184047809291237/scm-meta/ratis/bf265839-605b-3f16-9796-c5ba1605619e
2023-08-24 06:05:13,322 [om1-impl-thread1] INFO  server.RaftServerConfigKeys (ConfUtils.java:logGet(46)) - raft.server.log.queue.byte-limit = 64MB (=67108864) (default)
2023-08-24 06:05:13,322 [om1-impl-thread1] INFO  server.RaftServerConfigKeys (ConfUtils.java:logGet(46)) - raft.server.log.queue.element-limit = 4096 (default)
2023-08-24 06:05:13,322 [om1-impl-thread1] INFO  server.RaftServerConfigKeys (ConfUtils.java:logGet(46)) - raft.server.log.segment.size.max = 4194304 (custom)
2023-08-24 06:05:13,322 [om1-impl-thread1] INFO  server.RaftServerConfigKeys (ConfUtils.java:logGet(46)) - raft.server.log.preallocated.size = 4194304 (custom)
2023-08-24 06:05:13,322 [om1-impl-thread1] INFO  server.RaftServerConfigKeys (ConfUtils.java:logGet(46)) - raft.server.log.force.sync.num = 128 (default)
2023-08-24 06:05:13,322 [om1-impl-thread1] INFO  server.RaftServerConfigKeys (ConfUtils.java:logGet(46)) - raft.server.log.statemachine.data.sync = true (default)
2023-08-24 06:05:13,322 [om1-impl-thread1] INFO  server.RaftServerConfigKeys (ConfUtils.java:logGet(46)) - raft.server.log.statemachine.data.sync.timeout = 10s (default)
2023-08-24 06:05:13,322 [om1-impl-thread1] INFO  server.RaftServerConfigKeys (ConfUtils.java:logGet(46)) - raft.server.log.statemachine.data.sync.timeout.retry = -1 (default)
2023-08-24 06:05:13,324 [om1-impl-thread1] INFO  server.RaftServerConfigKeys (ConfUtils.java:logGet(46)) - raft.server.log.write.buffer.size = 64KB (=65536) (default)
2023-08-24 06:05:13,324 [om1-impl-thread1] INFO  server.RaftServerConfigKeys (ConfUtils.java:logGet(46)) - raft.server.log.appender.buffer.byte-limit = 33554432 (custom)
2023-08-24 06:05:13,380 [om1-impl-thread1] INFO  server.RaftServerConfigKeys (ConfUtils.java:logGet(46)) - raft.server.log.unsafe-flush.enabled = false (default)
2023-08-24 06:05:13,380 [om1-impl-thread1] INFO  server.RaftServerConfigKeys (ConfUtils.java:logGet(46)) - raft.server.log.async-flush.enabled = false (default)
2023-08-24 06:05:13,380 [om1-impl-thread1] INFO  server.RaftServerConfigKeys (ConfUtils.java:logGet(46)) - raft.server.log.statemachine.data.caching.enabled = false (default)
2023-08-24 06:05:13,380 [om1-impl-thread1] INFO  segmented.SegmentedRaftLogWorker (SegmentedRaftLogWorker.java:lambda$new$0(135)) - om1@group-C5BA1605619E-SegmentedRaftLogWorker: flushIndex: setUnconditionally 0 -> -1
2023-08-24 06:05:13,380 [om1-impl-thread1] INFO  segmented.SegmentedRaftLogWorker (SegmentedRaftLogWorker.java:lambda$new$0(135)) - om1@group-C5BA1605619E-SegmentedRaftLogWorker: safeCacheEvictIndex: setUnconditionally 0 -> -1
2023-08-24 06:05:13,382 [om1-impl-thread1] INFO  server.RaftServer$Division (RaftServerImpl.java:start(342)) - om1@group-C5BA1605619E: start as a follower, conf=-1: peers:[om1|rpc:fv-az582-512.vyw2dcplbgbehesrvt3jseauje.cx.internal.cloudapp.net:9872|priority:0|startupRole:FOLLOWER]|listeners:[], old=null
2023-08-24 06:05:13,382 [om1-impl-thread1] INFO  server.RaftServer$Division (RaftServerImpl.java:setRole(329)) - om1@group-C5BA1605619E: changes role from      null to FOLLOWER at term 0 for startAsFollower
2023-08-24 06:05:13,385 [om1-impl-thread1] INFO  impl.RoleInfo (RoleInfo.java:updateAndGet(139)) - om1: start om1@group-C5BA1605619E-FollowerState
2023-08-24 06:05:13,387 [om1-impl-thread1] INFO  util.JmxRegister (JmxRegister.java:tryRegister(44)) - Successfully registered JMX Bean with object name Ratis:service=RaftServer,group=group-C5BA1605619E,id=om1
2023-08-24 06:05:13,387 [om1-impl-thread1] INFO  server.RaftServerConfigKeys (ConfUtils.java:logGet(46)) - raft.server.snapshot.auto.trigger.enabled = true (custom)
2023-08-24 06:05:13,387 [om1-impl-thread1] INFO  server.RaftServerConfigKeys (ConfUtils.java:logGet(46)) - raft.server.snapshot.auto.trigger.threshold = 400000 (default)
2023-08-24 06:05:13,388 [om1-impl-thread1] INFO  server.RaftServerConfigKeys (ConfUtils.java:logGet(46)) - raft.server.snapshot.retention.file.num = -1 (default)
2023-08-24 06:05:13,388 [om1-impl-thread1] INFO  server.RaftServerConfigKeys (ConfUtils.java:logGet(46)) - raft.server.log.purge.upto.snapshot.index = true (custom)
2023-08-24 06:05:13,393 [Time-limited test] INFO  server.RaftServer (RaftServerProxy.java:startImpl(400)) - om1: start RPC server
2023-08-24 06:05:13,398 [Time-limited test] INFO  server.GrpcService (GrpcService.java:startImpl(302)) - om1: GrpcService started, listening on 9872
2023-08-24 06:05:13,398 [om1@group-C5BA1605619E-FollowerState] INFO  server.RaftServerConfigKeys (ConfUtils.java:logFallback(53)) - raft.server.rpc.first-election.timeout.min = 5s (fallback to raft.server.rpc.timeout.min)
2023-08-24 06:05:13,398 [om1@group-C5BA1605619E-FollowerState] INFO  server.RaftServerConfigKeys (ConfUtils.java:logFallback(53)) - raft.server.rpc.first-election.timeout.max = 5200ms (fallback to raft.server.rpc.timeout.max)
2023-08-24 06:05:13,398 [JvmPauseMonitor4] INFO  util.JvmPauseMonitor (JvmPauseMonitor.java:run(103)) - JvmPauseMonitor-om1: Started
2023-08-24 06:05:13,400 [Time-limited test] ERROR om.OzoneManager (OzoneManager.java:startSecretManager(1087)) - Unable to read key pair for OM.
org.apache.hadoop.hdds.security.exception.OzoneSecurityException: Error reading keypair & certificate
	at org.apache.hadoop.hdds.security.x509.certificate.client.CertificateClient.assertValidKeysAndCertificate(CertificateClient.java:215)
	at org.apache.hadoop.ozone.om.OzoneManager.startSecretManager(OzoneManager.java:1085)
	at org.apache.hadoop.ozone.om.OzoneManager.startSecretManagerIfNecessary(OzoneManager.java:2279)
	at org.apache.hadoop.ozone.om.OzoneManager.start(OzoneManager.java:1623)
	at org.apache.hadoop.ozone.TestSecureOzoneCluster.testSecureOmInitializationSuccess(TestSecureOzoneCluster.java:546)
	at sun.reflect.NativeMethodAccessorImpl.invoke0(Native Method)
	at sun.reflect.NativeMethodAccessorImpl.invoke(NativeMethodAccessorImpl.java:62)
	at sun.reflect.DelegatingMethodAccessorImpl.invoke(DelegatingMethodAccessorImpl.java:43)
	at java.lang.reflect.Method.invoke(Method.java:498)
	at org.junit.runners.model.FrameworkMethod$1.runReflectiveCall(FrameworkMethod.java:59)
	at org.junit.internal.runners.model.ReflectiveCallable.run(ReflectiveCallable.java:12)
	at org.junit.runners.model.FrameworkMethod.invokeExplosively(FrameworkMethod.java:56)
	at org.junit.internal.runners.statements.InvokeMethod.evaluate(InvokeMethod.java:17)
	at org.junit.internal.runners.statements.RunBefores.evaluate(RunBefores.java:26)
	at org.junit.internal.runners.statements.RunAfters.evaluate(RunAfters.java:27)
	at org.junit.rules.ExternalResource$1.evaluate(ExternalResource.java:54)
	at org.junit.internal.runners.statements.FailOnTimeout$CallableStatement.call(FailOnTimeout.java:288)
	at org.junit.internal.runners.statements.FailOnTimeout$CallableStatement.call(FailOnTimeout.java:282)
	at java.util.concurrent.FutureTask.run(FutureTask.java:266)
	at java.lang.Thread.run(Thread.java:750)
Caused by: java.lang.NullPointerException
	at java.util.Objects.requireNonNull(Objects.java:203)
	at org.apache.hadoop.hdds.security.x509.certificate.client.CertificateClient.assertValidKeysAndCertificate(CertificateClient.java:211)
	... 19 more
2023-08-24 06:05:13,401 [Time-limited test] INFO  impl.DefaultInternalKdcServerImpl (DefaultInternalKdcServerImpl.java:doStop(102)) - Default Internal kdc server stopped.
2023-08-24 06:05:14,401 [Time-limited test] INFO  minikdc.MiniKdc (MiniKdc.java:stop(359)) - MiniKdc stopped.
2023-08-24 06:05:14,401 [Time-limited test] INFO  server.StorageContainerManager (StorageContainerManager.java:stop(1591)) - Container Balancer is not running.
2023-08-24 06:05:14,401 [Time-limited test] INFO  server.StorageContainerManager (StorageContainerManager.java:stopReplicationManager(1724)) - Stopping Replication Manager Service.
2023-08-24 06:05:14,401 [Time-limited test] INFO  replication.ReplicationManager (ReplicationManager.java:stop(319)) - Stopping Replication Monitor Thread.
2023-08-24 06:05:14,401 [Time-limited test] INFO  server.StorageContainerManager (StorageContainerManager.java:stop(1600)) - Stopping the Datanode Admin Monitor.
2023-08-24 06:05:14,401 [Under Replicated Processor] WARN  replication.UnhealthyReplicationProcessor (UnhealthyReplicationProcessor.java:run(180)) - Under Replicated Processor interrupted. Exiting...
2023-08-24 06:05:14,402 [ReplicationMonitor] INFO  replication.ReplicationManager (ReplicationManager.java:run(917)) - Replication Monitor Thread is stopped
2023-08-24 06:05:14,402 [Over Replicated Processor] WARN  replication.UnhealthyReplicationProcessor (UnhealthyReplicationProcessor.java:run(180)) - Over Replicated Processor interrupted. Exiting...
2023-08-24 06:05:14,402 [Time-limited test] INFO  server.StorageContainerManager (StorageContainerManager.java:stop(1607)) - Stopping datanode service RPC server
2023-08-24 06:05:14,402 [Time-limited test] INFO  server.SCMDatanodeProtocolServer (SCMDatanodeProtocolServer.java:stop(424)) - Stopping the RPC server for DataNodes
2023-08-24 06:05:14,402 [Time-limited test] INFO  ipc.Server (Server.java:stop(3523)) - Stopping server on 9861
2023-08-24 06:05:15,523 [SCM Heartbeat Processing Thread - 0] WARN  node.NodeStateManager (NodeStateManager.java:scheduleNextHealthCheck(874)) - Current Thread is interrupted, shutting down HB processing thread for Node Manager.
2023-08-24 06:05:15,523 [Time-limited test] INFO  server.StorageContainerManager (StorageContainerManager.java:stop(1615)) - Stopping block service RPC server
2023-08-24 06:05:15,523 [Time-limited test] INFO  server.SCMBlockProtocolServer (SCMBlockProtocolServer.java:stop(161)) - Stopping the RPC server for Block Protocol
2023-08-24 06:05:15,523 [Time-limited test] INFO  ipc.Server (Server.java:stop(3523)) - Stopping server on 9863
2023-08-24 06:05:15,524 [Time-limited test] INFO  server.StorageContainerManager (StorageContainerManager.java:stop(1622)) - Stopping the StorageContainerLocationProtocol RPC server
2023-08-24 06:05:15,524 [Time-limited test] INFO  server.SCMClientProtocolServer (SCMClientProtocolServer.java:stop(210)) - Stopping the RPC server for Client Protocol
2023-08-24 06:05:15,524 [Time-limited test] INFO  ipc.Server (Server.java:stop(3523)) - Stopping server on 9860
2023-08-24 06:05:15,525 [Time-limited test] INFO  server.StorageContainerManager (StorageContainerManager.java:stop(1629)) - Stopping Storage Container Manager HTTP server.
2023-08-24 06:05:15,525 [Time-limited test] INFO  server.StorageContainerManager (StorageContainerManager.java:stop(1637)) - Stopping SCM LayoutVersionManager Service.
2023-08-24 06:05:15,525 [Time-limited test] INFO  server.SCMSecurityProtocolServer (SCMSecurityProtocolServer.java:stop(550)) - Stopping the SCMSecurityProtocolServer.
2023-08-24 06:05:15,525 [Time-limited test] INFO  ipc.Server (Server.java:stop(3523)) - Stopping server on 9961
2023-08-24 06:05:15,525 [Time-limited test] INFO  server.SCMUpdateServiceGrpcServer (SCMUpdateServiceGrpcServer.java:stop(73)) - SCMUpdateService stopping
2023-08-24 06:05:15,525 [Time-limited test] INFO  server.StorageContainerManager (StorageContainerManager.java:stop(1649)) - Stopping Block Manager Service.
2023-08-24 06:05:15,525 [Time-limited test] INFO  utils.BackgroundService (BackgroundService.java:shutdown(141)) - Shutting down service SCMBlockDeletingService
2023-08-24 06:05:15,525 [Time-limited test] INFO  utils.BackgroundService (BackgroundService.java:shutdown(141)) - Shutting down service SCMBlockDeletingService
2023-08-24 06:05:15,525 [Time-limited test] INFO  server.StorageContainerManager (StorageContainerManager.java:stop(1669)) - Stopping SCM Event Queue.
2023-08-24 06:05:15,526 [Time-limited test] INFO  server.StorageContainerManager (StorageContainerManager.java:stop(1680)) - Stopping SCM HA services.
2023-08-24 06:05:15,526 [Time-limited test] INFO  pipeline.BackgroundPipelineCreator (BackgroundPipelineCreator.java:stop(149)) - Stopping RatisPipelineUtilsThread.
2023-08-24 06:05:15,527 [RatisPipelineUtilsThread - 0] WARN  pipeline.BackgroundPipelineCreator (BackgroundPipelineCreator.java:run(180)) - RatisPipelineUtilsThread is interrupted.
2023-08-24 06:05:15,528 [Time-limited test] INFO  BackgroundPipelineScrubber (BackgroundSCMService.java:stop(131)) - Stopping BackgroundPipelineScrubber Service.
2023-08-24 06:05:15,528 [BackgroundPipelineScrubberThread] WARN  BackgroundPipelineScrubber (BackgroundSCMService.java:run(115)) - BackgroundPipelineScrubber is interrupted, exit
2023-08-24 06:05:15,528 [Time-limited test] WARN  pipeline.BackgroundPipelineCreator (BackgroundPipelineCreator.java:stop(145)) - RatisPipelineUtilsThread is not running, just ignore.
2023-08-24 06:05:15,528 [Time-limited test] INFO  BackgroundPipelineScrubber (BackgroundSCMService.java:stop(126)) - BackgroundPipelineScrubber Service is not running, skip stop.
2023-08-24 06:05:15,528 [Time-limited test] INFO  ExpiredContainerReplicaOpScrubber (BackgroundSCMService.java:stop(131)) - Stopping ExpiredContainerReplicaOpScrubber Service.
2023-08-24 06:05:15,528 [ExpiredContainerReplicaOpScrubberThread] WARN  ExpiredContainerReplicaOpScrubber (BackgroundSCMService.java:run(115)) - ExpiredContainerReplicaOpScrubber is interrupted, exit
2023-08-24 06:05:15,528 [Time-limited test] INFO  utils.BackgroundService (BackgroundService.java:shutdown(141)) - Shutting down service SCMBlockDeletingService
2023-08-24 06:05:15,528 [Time-limited test] INFO  replication.ReplicationManager (ReplicationManager.java:stop(329)) - Replication Monitor Thread is not running.
2023-08-24 06:05:15,528 [Time-limited test] WARN  balancer.ContainerBalancer (ContainerBalancer.java:stop(326)) - Cannot stop Container Balancer because it's not running or stopping
2023-08-24 06:05:15,528 [Time-limited test] INFO  server.StorageContainerManager (StorageContainerManager.java:stop(1715)) - Stopping SCM MetadataStore.
2023-08-24 06:05:15,529 [Time-limited test] INFO  server.SCMSecurityProtocolServer (SCMSecurityProtocolServer.java:join(560)) - Join RPC server for SCMSecurityProtocolServer.
2023-08-24 06:05:15,529 [Time-limited test] INFO  server.SCMSecurityProtocolServer (SCMSecurityProtocolServer.java:join(562)) - Join gRPC server for SCMSecurityProtocolServer.
2023-08-24 06:05:15,529 [Time-limited test] INFO  om.OzoneManager (OzoneManager.java:stop(2187)) - om1[fv-az582-512.vyw2dcplbgbehesrvt3jseauje.cx.internal.cloudapp.net:1202]: Stopping Ozone Manager
2023-08-24 06:05:15,529 [Time-limited test] INFO  ipc.Server (Server.java:stop(3523)) - Stopping server on 1202
2023-08-24 06:05:15,530 [Time-limited test] INFO  server.RaftServer (RaftServerProxy.java:lambda$close$6(416)) - om1: close
2023-08-24 06:05:15,530 [om1-impl-thread1] INFO  server.RaftServer$Division (RaftServerImpl.java:lambda$close$4(466)) - om1@group-C5BA1605619E: shutdown
2023-08-24 06:05:15,530 [om1-impl-thread1] INFO  util.JmxRegister (JmxRegister.java:unregister(73)) - Successfully un-registered JMX Bean with object name Ratis:service=RaftServer,group=group-C5BA1605619E,id=om1
2023-08-24 06:05:15,530 [om1-impl-thread1] INFO  impl.RoleInfo (RoleInfo.java:shutdownFollowerState(110)) - om1: shutdown om1@group-C5BA1605619E-FollowerState
2023-08-24 06:05:15,530 [om1-impl-thread1] INFO  impl.StateMachineUpdater (StateMachineUpdater.java:stopAndJoin(155)) - om1@group-C5BA1605619E-StateMachineUpdater: set stopIndex = -1
2023-08-24 06:05:15,530 [om1@group-C5BA1605619E-FollowerState] INFO  impl.FollowerState (FollowerState.java:run(152)) - om1@group-C5BA1605619E-FollowerState was interrupted
2023-08-24 06:05:15,530 [om1@group-C5BA1605619E-StateMachineUpdater] INFO  ratis.OzoneManagerStateMachine (OzoneManagerStateMachine.java:close(534)) - StateMachine has shutdown. Shutdown OzoneManager if not already shutdown.
2023-08-24 06:05:15,530 [om1@group-C5BA1605619E-StateMachineUpdater] INFO  ratis.OzoneManagerDoubleBuffer (OzoneManagerDoubleBuffer.java:stopDaemon(551)) - Stopping OMDoubleBuffer flush thread
2023-08-24 06:05:15,530 [OMDoubleBufferFlushThread] INFO  ratis.OzoneManagerDoubleBuffer (OzoneManagerDoubleBuffer.java:canFlush(638)) - OMDoubleBuffer flush thread OMDoubleBufferFlushThread is interrupted and will exit.
2023-08-24 06:05:15,531 [Time-limited test] INFO  server.GrpcService (GrpcService.java:closeImpl(311)) - om1: shutdown server GrpcServerProtocolService now
2023-08-24 06:05:15,531 [om1-impl-thread1] INFO  server.RaftServer$Division (ServerState.java:close(472)) - om1@group-C5BA1605619E: closes. applyIndex: -1
2023-08-24 06:05:15,531 [Time-limited test] INFO  server.GrpcService (GrpcService.java:closeImpl(320)) - om1: shutdown server GrpcServerProtocolService successfully
2023-08-24 06:05:16,398 [om1-impl-thread1] INFO  segmented.SegmentedRaftLogWorker (SegmentedRaftLogWorker.java:close(252)) - om1@group-C5BA1605619E-SegmentedRaftLogWorker close()
2023-08-24 06:05:16,398 [JvmPauseMonitor4] INFO  util.JvmPauseMonitor (JvmPauseMonitor.java:run(109)) - JvmPauseMonitor-om1: Stopped
2023-08-24 06:05:16,398 [Time-limited test] INFO  ratis.OzoneManagerStateMachine (OzoneManagerStateMachine.java:close(534)) - StateMachine has shutdown. Shutdown OzoneManager if not already shutdown.
2023-08-24 06:05:16,399 [Time-limited test] INFO  ratis.OzoneManagerDoubleBuffer (OzoneManagerDoubleBuffer.java:stopDaemon(560)) - OMDoubleBuffer flush thread is not running.
2023-08-24 06:05:16,399 [Time-limited test] INFO  om.OzoneManager (OzoneManager.java:stopSecretManager(1063)) - Stopping secret key client.
2023-08-24 06:05:16,399 [Time-limited test] INFO  om.OzoneManager (OzoneManager.java:stopSecretManager(1068)) - Stopping OM delegation token secret manager.
2023-08-24 06:05:16,399 [Time-limited test] INFO  rocksdiff.RocksDBCheckpointDiffer (RocksDBCheckpointDiffer.java:close(340)) - Shutting down CompactionDagPruningService.
2023-08-24 06:05:16,400 [Time-limited test] INFO  snapshot.SnapshotDiffManager (SnapshotDiffManager.java:closeExecutorService(1720)) - Shutting down executorService: 'SnapDiffExecutor'
2023-08-24 06:05:16,400 [Time-limited test] INFO  snapshot.SnapshotDiffManager (SnapshotDiffManager.java:closeExecutorService(1720)) - Shutting down executorService: 'SstDumpToolExecutor'
2023-08-24 06:05:16,400 [Time-limited test] INFO  utils.BackgroundService (BackgroundService.java:shutdown(141)) - Shutting down service SnapshotDiffCleanupService
]]></system-out>
  </testcase>
  <testcase name="testAccessControlExceptionOnClient" classname="org.apache.hadoop.ozone.TestSecureOzoneCluster" time="10.326">
    <system-out><![CDATA[2023-08-24 06:05:16,424 [Time-limited test] INFO  net.ServerSocketUtil (ServerSocketUtil.java:getPort(55)) - Using port 9860
2023-08-24 06:05:16,424 [Time-limited test] INFO  net.ServerSocketUtil (ServerSocketUtil.java:getPort(55)) - Using port 9861
2023-08-24 06:05:16,424 [Time-limited test] INFO  net.ServerSocketUtil (ServerSocketUtil.java:getPort(55)) - Using port 9863
2023-08-24 06:05:16,424 [Time-limited test] INFO  net.ServerSocketUtil (ServerSocketUtil.java:getPort(55)) - Using port 9961
2023-08-24 06:05:16,424 [Time-limited test] INFO  net.ServerSocketUtil (ServerSocketUtil.java:getPort(55)) - Using port 1200
2023-08-24 06:05:16,424 [Time-limited test] INFO  net.ServerSocketUtil (ServerSocketUtil.java:getPort(55)) - Using port 1201
2023-08-24 06:05:16,425 [Time-limited test] INFO  minikdc.MiniKdc (MiniKdc.java:<init>(225)) - Configuration:
2023-08-24 06:05:16,425 [Time-limited test] INFO  minikdc.MiniKdc (MiniKdc.java:<init>(226)) - ---------------------------------------------------------------
2023-08-24 06:05:16,425 [Time-limited test] INFO  minikdc.MiniKdc (MiniKdc.java:<init>(228)) -   debug: false
2023-08-24 06:05:16,425 [Time-limited test] INFO  minikdc.MiniKdc (MiniKdc.java:<init>(228)) -   transport: TCP
2023-08-24 06:05:16,425 [Time-limited test] INFO  minikdc.MiniKdc (MiniKdc.java:<init>(228)) -   max.ticket.lifetime: 86400000
2023-08-24 06:05:16,425 [Time-limited test] INFO  minikdc.MiniKdc (MiniKdc.java:<init>(228)) -   org.name: EXAMPLE
2023-08-24 06:05:16,425 [Time-limited test] INFO  minikdc.MiniKdc (MiniKdc.java:<init>(228)) -   kdc.port: 0
2023-08-24 06:05:16,425 [Time-limited test] INFO  minikdc.MiniKdc (MiniKdc.java:<init>(228)) -   org.domain: COM
2023-08-24 06:05:16,425 [Time-limited test] INFO  minikdc.MiniKdc (MiniKdc.java:<init>(228)) -   max.renewable.lifetime: 604800000
2023-08-24 06:05:16,425 [Time-limited test] INFO  minikdc.MiniKdc (MiniKdc.java:<init>(228)) -   instance: DefaultKrbServer
2023-08-24 06:05:16,425 [Time-limited test] INFO  minikdc.MiniKdc (MiniKdc.java:<init>(228)) -   kdc.bind.address: localhost
2023-08-24 06:05:16,425 [Time-limited test] INFO  minikdc.MiniKdc (MiniKdc.java:<init>(230)) - ---------------------------------------------------------------
2023-08-24 06:05:16,427 [Time-limited test] INFO  minikdc.MiniKdc (MiniKdc.java:start(285)) - MiniKdc started.
2023-08-24 06:05:16,698 [Time-limited test] INFO  om.OzoneManager (OzoneManager.java:getOmDetailsProto(4552)) - OzoneManager ports added:[name: "RPC"
value: 1202
]
2023-08-24 06:05:16,698 [Time-limited test] WARN  server.ServerUtils (ServerUtils.java:getScmDbDir(155)) - ozone.scm.db.dirs is not configured. We recommend adding this setting. Falling back to ozone.metadata.dirs instead.
2023-08-24 06:05:16,699 [Time-limited test] INFO  ha.HASecurityUtils (HASecurityUtils.java:initializeSecurity(98)) - Initializing secure StorageContainerManager.
2023-08-24 06:05:16,700 [Time-limited test] INFO  client.SCMCertificateClient (DefaultCertificateClient.java:updateCertSerialId(1244)) - Certificate serial ID set to null
2023-08-24 06:05:16,700 [Time-limited test] ERROR client.SCMCertificateClient (DefaultCertificateClient.java:getCertPath(362)) - Default certificate serial id is not set. Can't locate the default certificate for this client.
2023-08-24 06:05:16,700 [Time-limited test] INFO  client.SCMCertificateClient (DefaultCertificateClient.java:init(715)) - Certificate client init case: 0
2023-08-24 06:05:16,700 [Time-limited test] INFO  client.SCMCertificateClient (SCMCertificateClient.java:handleCase(103)) - Creating keypair for client as keypair and certificate not found.
2023-08-24 06:05:16,789 [Time-limited test] INFO  ha.HASecurityUtils (HASecurityUtils.java:initializeSecurity(108)) - Init response: GETCERT
2023-08-24 06:05:17,303 [Time-limited test] INFO  ozone.OzoneSecurityUtil (OzoneSecurityUtil.java:getValidInetsForCurrentHost(119)) - ip:fe80:0:0:0:6245:bdff:fe7e:9bc0%eth0 not returned.
2023-08-24 06:05:17,303 [Time-limited test] INFO  ozone.OzoneSecurityUtil (OzoneSecurityUtil.java:getValidInetsForCurrentHost(116)) - Adding ip:10.1.0.20,host:fv-az582-512.vyw2dcplbgbehesrvt3jseauje.cx.internal.cloudapp.net
2023-08-24 06:05:17,303 [Time-limited test] INFO  ozone.OzoneSecurityUtil (OzoneSecurityUtil.java:getValidInetsForCurrentHost(119)) - ip:0:0:0:0:0:0:0:1%lo not returned.
2023-08-24 06:05:17,303 [Time-limited test] INFO  ozone.OzoneSecurityUtil (OzoneSecurityUtil.java:getValidInetsForCurrentHost(119)) - ip:127.0.0.1 not returned.
2023-08-24 06:05:17,307 [Time-limited test] INFO  utils.SelfSignedCertificate (SelfSignedCertificate.java:generateCertificate(157)) - Certificate 1 is issued by CN=scm-1@fv-az582-512,OU=7173c25f-a4b0-4691-8322-eb41258cd932,O=cf34505b-9f0d-4a2d-8b1a-7056b4872575 to CN=scm-1@fv-az582-512,OU=7173c25f-a4b0-4691-8322-eb41258cd932,O=cf34505b-9f0d-4a2d-8b1a-7056b4872575, valid from Thu Aug 24 06:05:17 UTC 2023 to Sun Oct 01 06:05:17 UTC 2028
2023-08-24 06:05:17,307 [Time-limited test] INFO  utils.CertificateCodec (CertificateCodec.java:writeCertificate(299)) - Save certificate to /tmp/junit4414259945370304895/junit6948384849554629068/scm-meta/scm/ca/certs/certificate.crt
2023-08-24 06:05:17,308 [Time-limited test] INFO  utils.CertificateCodec (CertificateCodec.java:writeCertificate(300)) - Certificate -----BEGIN CERTIFICATE-----
MIID5zCCAs+gAwIBAgIBATANBgkqhkiG9w0BAQsFADB7MRswGQYDVQQDDBJzY20t
MUBmdi1hejU4Mi01MTIxLTArBgNVBAsMJDcxNzNjMjVmLWE0YjAtNDY5MS04MzIy
LWViNDEyNThjZDkzMjEtMCsGA1UECgwkY2YzNDUwNWItOWYwZC00YTJkLThiMWEt
NzA1NmI0ODcyNTc1MB4XDTIzMDgyNDA2MDUxN1oXDTI4MTAwMTA2MDUxN1owezEb
MBkGA1UEAwwSc2NtLTFAZnYtYXo1ODItNTEyMS0wKwYDVQQLDCQ3MTczYzI1Zi1h
NGIwLTQ2OTEtODMyMi1lYjQxMjU4Y2Q5MzIxLTArBgNVBAoMJGNmMzQ1MDViLTlm
MGQtNGEyZC04YjFhLTcwNTZiNDg3MjU3NTCCASIwDQYJKoZIhvcNAQEBBQADggEP
ADCCAQoCggEBANf/KrKgD3ZxWGihLpYN5Aq9Ytj2zWBmiOjbKmkUYghuSJKp2fw8
1kkQ1TWRwiGB99fNkAtv0sQ9aqSXHWzQvBjMsn3W9SHHG8LeHznNz4qaiYi4dVDG
KmSnElEsNOiaUOUsg0TYYbz/5R9GsCppi3TkkHKuTuLZWoOIEA2Iy4FfFHbOli4X
PtGhMMLcpg1SIJaY6S2mKmCWCZJ/UVyU97HXEzXek7GG6liLuTjUPAuICSSIVsoX
LSWnsT7LtB6Ll3Ew2WZjtI330g7AhACC5yWXJzYi7mBNPGfhH1cXgALes97+TpsV
isgYJ62lyzH5PcVxJkuqOFNNLDjABR+geO0CAwEAAaN2MHQwDwYDVR0TAQH/BAUw
AwEB/zAOBgNVHQ8BAf8EBAMCAQYwUQYDVR0RBEowSIcECgEAFIJAZnYtYXo1ODIt
NTEyLnZ5dzJkY3BsYmdiZWhlc3J2dDNqc2VhdWplLmN4LmludGVybmFsLmNsb3Vk
YXBwLm5ldDANBgkqhkiG9w0BAQsFAAOCAQEAdqc1QeP8UCbeKwpnIOtLWiN6b1Tl
wAfwVC8iT1EXQ7B4h9U1tmb4NWQlhS5OfzBshAbiSmg2pXlSkrl3ebKJFKff1y5Y
u1x2ugA8jn/S8CrK0ngeJhj7iPM23GOPh6co8zWoz0rQmXCHNTsNWg317C/OgaNw
vAbsBpQ6KNliuMXqZv3wxz+FDgjK7RbJL5V/b/7piEsPCpH20jkvazK7cf1iEJl5
3xJMU6PcCG9UWuBmeblNjulaooFKPhOIldjWOxtRaicWXc3YxkYse9bnmZt+/l+B
nJ7+h9G4ajB/YG+GmLiACibT1rMbhh8lXJEa/ppG7C+JG974jdLvba7eZA==
-----END CERTIFICATE-----

2023-08-24 06:05:17,308 [Time-limited test] INFO  client.SCMCertificateClient (SCMCertificateClient.java:getCSRBuilder(165)) - Creating csr for SCM->hostName:fv-az582-512,scmId:7173c25f-a4b0-4691-8322-eb41258cd932,clusterId:cf34505b-9f0d-4a2d-8b1a-7056b4872575,subject:scm-sub-1584589051342@fv-az582-512
2023-08-24 06:05:17,308 [Time-limited test] INFO  ozone.OzoneSecurityUtil (OzoneSecurityUtil.java:getValidInetsForCurrentHost(119)) - ip:fe80:0:0:0:6245:bdff:fe7e:9bc0%eth0 not returned.
2023-08-24 06:05:17,308 [Time-limited test] INFO  ozone.OzoneSecurityUtil (OzoneSecurityUtil.java:getValidInetsForCurrentHost(116)) - Adding ip:10.1.0.20,host:fv-az582-512.vyw2dcplbgbehesrvt3jseauje.cx.internal.cloudapp.net
2023-08-24 06:05:17,308 [Time-limited test] INFO  ozone.OzoneSecurityUtil (OzoneSecurityUtil.java:getValidInetsForCurrentHost(119)) - ip:0:0:0:0:0:0:0:1%lo not returned.
2023-08-24 06:05:17,308 [Time-limited test] INFO  ozone.OzoneSecurityUtil (OzoneSecurityUtil.java:getValidInetsForCurrentHost(119)) - ip:127.0.0.1 not returned.
2023-08-24 06:05:17,309 [Time-limited test] INFO  ha.HASecurityUtils (HASecurityUtils.java:generateCSR(308)) - Creating csr for SCM->hostName:fv-az582-512,scmId:7173c25f-a4b0-4691-8322-eb41258cd932,clusterId:cf34505b-9f0d-4a2d-8b1a-7056b4872575,subject:scm-sub-1584589611536@fv-az582-512
2023-08-24 06:05:17,312 [Time-limited test] INFO  authority.DefaultApprover (DefaultApprover.java:sign(154)) - Extensions in CSR: 2.5.29.19, 2.5.29.15, 2.5.29.17
2023-08-24 06:05:17,312 [Time-limited test] INFO  authority.DefaultApprover (DefaultApprover.java:sign(158)) - Extensions to add to the certificate if they present in CSR: 2.5.29.17, 2.5.29.19, 1.3.6.1.5.5.7.1.12, 2.5.29.35, 2.5.29.37, 2.5.29.15
2023-08-24 06:05:17,316 [Time-limited test] INFO  utils.CertificateCodec (CertificateCodec.java:writeCertificate(299)) - Save certificate to /tmp/junit4414259945370304895/junit6948384849554629068/scm-meta/scm/sub-ca/certs/CA-1.crt
2023-08-24 06:05:17,316 [Time-limited test] INFO  utils.CertificateCodec (CertificateCodec.java:writeCertificate(300)) - Certificate -----BEGIN CERTIFICATE-----
MIID5zCCAs+gAwIBAgIBATANBgkqhkiG9w0BAQsFADB7MRswGQYDVQQDDBJzY20t
MUBmdi1hejU4Mi01MTIxLTArBgNVBAsMJDcxNzNjMjVmLWE0YjAtNDY5MS04MzIy
LWViNDEyNThjZDkzMjEtMCsGA1UECgwkY2YzNDUwNWItOWYwZC00YTJkLThiMWEt
NzA1NmI0ODcyNTc1MB4XDTIzMDgyNDA2MDUxN1oXDTI4MTAwMTA2MDUxN1owezEb
MBkGA1UEAwwSc2NtLTFAZnYtYXo1ODItNTEyMS0wKwYDVQQLDCQ3MTczYzI1Zi1h
NGIwLTQ2OTEtODMyMi1lYjQxMjU4Y2Q5MzIxLTArBgNVBAoMJGNmMzQ1MDViLTlm
MGQtNGEyZC04YjFhLTcwNTZiNDg3MjU3NTCCASIwDQYJKoZIhvcNAQEBBQADggEP
ADCCAQoCggEBANf/KrKgD3ZxWGihLpYN5Aq9Ytj2zWBmiOjbKmkUYghuSJKp2fw8
1kkQ1TWRwiGB99fNkAtv0sQ9aqSXHWzQvBjMsn3W9SHHG8LeHznNz4qaiYi4dVDG
KmSnElEsNOiaUOUsg0TYYbz/5R9GsCppi3TkkHKuTuLZWoOIEA2Iy4FfFHbOli4X
PtGhMMLcpg1SIJaY6S2mKmCWCZJ/UVyU97HXEzXek7GG6liLuTjUPAuICSSIVsoX
LSWnsT7LtB6Ll3Ew2WZjtI330g7AhACC5yWXJzYi7mBNPGfhH1cXgALes97+TpsV
isgYJ62lyzH5PcVxJkuqOFNNLDjABR+geO0CAwEAAaN2MHQwDwYDVR0TAQH/BAUw
AwEB/zAOBgNVHQ8BAf8EBAMCAQYwUQYDVR0RBEowSIcECgEAFIJAZnYtYXo1ODIt
NTEyLnZ5dzJkY3BsYmdiZWhlc3J2dDNqc2VhdWplLmN4LmludGVybmFsLmNsb3Vk
YXBwLm5ldDANBgkqhkiG9w0BAQsFAAOCAQEAdqc1QeP8UCbeKwpnIOtLWiN6b1Tl
wAfwVC8iT1EXQ7B4h9U1tmb4NWQlhS5OfzBshAbiSmg2pXlSkrl3ebKJFKff1y5Y
u1x2ugA8jn/S8CrK0ngeJhj7iPM23GOPh6co8zWoz0rQmXCHNTsNWg317C/OgaNw
vAbsBpQ6KNliuMXqZv3wxz+FDgjK7RbJL5V/b/7piEsPCpH20jkvazK7cf1iEJl5
3xJMU6PcCG9UWuBmeblNjulaooFKPhOIldjWOxtRaicWXc3YxkYse9bnmZt+/l+B
nJ7+h9G4ajB/YG+GmLiACibT1rMbhh8lXJEa/ppG7C+JG974jdLvba7eZA==
-----END CERTIFICATE-----

2023-08-24 06:05:17,316 [Time-limited test] INFO  utils.CertificateCodec (CertificateCodec.java:writeCertificate(299)) - Save certificate to /tmp/junit4414259945370304895/junit6948384849554629068/scm-meta/scm/sub-ca/certs/1584593047004.crt
2023-08-24 06:05:17,316 [Time-limited test] INFO  utils.CertificateCodec (CertificateCodec.java:writeCertificate(300)) - Certificate -----BEGIN CERTIFICATE-----
MIID/TCCAuWgAwIBAgIGAXDxGw3cMA0GCSqGSIb3DQEBCwUAMHsxGzAZBgNVBAMM
EnNjbS0xQGZ2LWF6NTgyLTUxMjEtMCsGA1UECwwkNzE3M2MyNWYtYTRiMC00Njkx
LTgzMjItZWI0MTI1OGNkOTMyMS0wKwYDVQQKDCRjZjM0NTA1Yi05ZjBkLTRhMmQt
OGIxYS03MDU2YjQ4NzI1NzUwHhcNMjMwODI0MDYwNTE3WhcNMjgxMDAxMDYwNTE3
WjCBizErMCkGA1UEAwwic2NtLXN1Yi0xNTg0NTg5NjExNTM2QGZ2LWF6NTgyLTUx
MjEtMCsGA1UECwwkNzE3M2MyNWYtYTRiMC00NjkxLTgzMjItZWI0MTI1OGNkOTMy
MS0wKwYDVQQKDCRjZjM0NTA1Yi05ZjBkLTRhMmQtOGIxYS03MDU2YjQ4NzI1NzUw
ggEiMA0GCSqGSIb3DQEBAQUAA4IBDwAwggEKAoIBAQDQJcn/1tG2tb3hiyT6TlEj
kdxiMUkCQmTy0jS6qxS8tagoO6SSd8S+msolpjwv53qmxcyurQiKa2UO1mf9gFQ7
p2wFoWQTS46r+LSdzSOtwws+A2VzxCCEINESnITtMqA5rI4hTERnf/CPF71HRSGu
HfpuB6yfcbCVkYzwfJiaHLdXjNsvXPFo0b7uLjA3mIiJb3Y/Rt9xobd0ef7gW6Xz
DeSX/DUGOj9TiS5XXCp/On9GRZiN6L4hhe51TDs8GuOR8eJ+0k+pF9L0cyOfm/eK
9jO5dfFpdaqyCnaaIA0ZbMY4fsMaKCnGhbX5cIZupIjYDzrUi4Yqn0F5SN1HES5H
AgMBAAGjdjB0MFEGA1UdEQRKMEiHBAoBABSCQGZ2LWF6NTgyLTUxMi52eXcyZGNw
bGJnYmVoZXNydnQzanNlYXVqZS5jeC5pbnRlcm5hbC5jbG91ZGFwcC5uZXQwDwYD
VR0TAQH/BAUwAwEB/zAOBgNVHQ8BAf8EBAMCAb4wDQYJKoZIhvcNAQELBQADggEB
AEniVAkC4+Oisscq6V5NLoXRsB6Mm6QtE3ir5v71XjIY+9OaiXkd7pBjFDdaJDCw
3S7Yro5IoIfSM+CtzLoeta5r0X9jhuNgRjJwR1AaTEXHKi459PDgeXttouadGaND
qNb3uBW+VwQCDSWOpC0nTJ2h8K31xOyj+rHJtTecyySTHZCoovRPqZ5O1XtNDHMD
dyhel+hPUMqwuRtpdsTOQROG6N0xI/sVD2ophs8FoiZqx0Ydt3K5pH/CRl9NyXUY
yR69n9buGN1VuWadlQgMnVFJPCacumo2i+dCDr2fBe+9oCtBIjgavQZkoBAy+w65
e47cZW7MTY6ynkIW+LNlVLs=
-----END CERTIFICATE-----

-----BEGIN CERTIFICATE-----
MIID5zCCAs+gAwIBAgIBATANBgkqhkiG9w0BAQsFADB7MRswGQYDVQQDDBJzY20t
MUBmdi1hejU4Mi01MTIxLTArBgNVBAsMJDcxNzNjMjVmLWE0YjAtNDY5MS04MzIy
LWViNDEyNThjZDkzMjEtMCsGA1UECgwkY2YzNDUwNWItOWYwZC00YTJkLThiMWEt
NzA1NmI0ODcyNTc1MB4XDTIzMDgyNDA2MDUxN1oXDTI4MTAwMTA2MDUxN1owezEb
MBkGA1UEAwwSc2NtLTFAZnYtYXo1ODItNTEyMS0wKwYDVQQLDCQ3MTczYzI1Zi1h
NGIwLTQ2OTEtODMyMi1lYjQxMjU4Y2Q5MzIxLTArBgNVBAoMJGNmMzQ1MDViLTlm
MGQtNGEyZC04YjFhLTcwNTZiNDg3MjU3NTCCASIwDQYJKoZIhvcNAQEBBQADggEP
ADCCAQoCggEBANf/KrKgD3ZxWGihLpYN5Aq9Ytj2zWBmiOjbKmkUYghuSJKp2fw8
1kkQ1TWRwiGB99fNkAtv0sQ9aqSXHWzQvBjMsn3W9SHHG8LeHznNz4qaiYi4dVDG
KmSnElEsNOiaUOUsg0TYYbz/5R9GsCppi3TkkHKuTuLZWoOIEA2Iy4FfFHbOli4X
PtGhMMLcpg1SIJaY6S2mKmCWCZJ/UVyU97HXEzXek7GG6liLuTjUPAuICSSIVsoX
LSWnsT7LtB6Ll3Ew2WZjtI330g7AhACC5yWXJzYi7mBNPGfhH1cXgALes97+TpsV
isgYJ62lyzH5PcVxJkuqOFNNLDjABR+geO0CAwEAAaN2MHQwDwYDVR0TAQH/BAUw
AwEB/zAOBgNVHQ8BAf8EBAMCAQYwUQYDVR0RBEowSIcECgEAFIJAZnYtYXo1ODIt
NTEyLnZ5dzJkY3BsYmdiZWhlc3J2dDNqc2VhdWplLmN4LmludGVybmFsLmNsb3Vk
YXBwLm5ldDANBgkqhkiG9w0BAQsFAAOCAQEAdqc1QeP8UCbeKwpnIOtLWiN6b1Tl
wAfwVC8iT1EXQ7B4h9U1tmb4NWQlhS5OfzBshAbiSmg2pXlSkrl3ebKJFKff1y5Y
u1x2ugA8jn/S8CrK0ngeJhj7iPM23GOPh6co8zWoz0rQmXCHNTsNWg317C/OgaNw
vAbsBpQ6KNliuMXqZv3wxz+FDgjK7RbJL5V/b/7piEsPCpH20jkvazK7cf1iEJl5
3xJMU6PcCG9UWuBmeblNjulaooFKPhOIldjWOxtRaicWXc3YxkYse9bnmZt+/l+B
nJ7+h9G4ajB/YG+GmLiACibT1rMbhh8lXJEa/ppG7C+JG974jdLvba7eZA==
-----END CERTIFICATE-----

2023-08-24 06:05:17,316 [Time-limited test] INFO  utils.CertificateCodec (CertificateCodec.java:writeCertificate(299)) - Save certificate to /tmp/junit4414259945370304895/junit6948384849554629068/scm-meta/scm/sub-ca/certs/certificate.crt
2023-08-24 06:05:17,317 [Time-limited test] INFO  utils.CertificateCodec (CertificateCodec.java:writeCertificate(300)) - Certificate -----BEGIN CERTIFICATE-----
MIID/TCCAuWgAwIBAgIGAXDxGw3cMA0GCSqGSIb3DQEBCwUAMHsxGzAZBgNVBAMM
EnNjbS0xQGZ2LWF6NTgyLTUxMjEtMCsGA1UECwwkNzE3M2MyNWYtYTRiMC00Njkx
LTgzMjItZWI0MTI1OGNkOTMyMS0wKwYDVQQKDCRjZjM0NTA1Yi05ZjBkLTRhMmQt
OGIxYS03MDU2YjQ4NzI1NzUwHhcNMjMwODI0MDYwNTE3WhcNMjgxMDAxMDYwNTE3
WjCBizErMCkGA1UEAwwic2NtLXN1Yi0xNTg0NTg5NjExNTM2QGZ2LWF6NTgyLTUx
MjEtMCsGA1UECwwkNzE3M2MyNWYtYTRiMC00NjkxLTgzMjItZWI0MTI1OGNkOTMy
MS0wKwYDVQQKDCRjZjM0NTA1Yi05ZjBkLTRhMmQtOGIxYS03MDU2YjQ4NzI1NzUw
ggEiMA0GCSqGSIb3DQEBAQUAA4IBDwAwggEKAoIBAQDQJcn/1tG2tb3hiyT6TlEj
kdxiMUkCQmTy0jS6qxS8tagoO6SSd8S+msolpjwv53qmxcyurQiKa2UO1mf9gFQ7
p2wFoWQTS46r+LSdzSOtwws+A2VzxCCEINESnITtMqA5rI4hTERnf/CPF71HRSGu
HfpuB6yfcbCVkYzwfJiaHLdXjNsvXPFo0b7uLjA3mIiJb3Y/Rt9xobd0ef7gW6Xz
DeSX/DUGOj9TiS5XXCp/On9GRZiN6L4hhe51TDs8GuOR8eJ+0k+pF9L0cyOfm/eK
9jO5dfFpdaqyCnaaIA0ZbMY4fsMaKCnGhbX5cIZupIjYDzrUi4Yqn0F5SN1HES5H
AgMBAAGjdjB0MFEGA1UdEQRKMEiHBAoBABSCQGZ2LWF6NTgyLTUxMi52eXcyZGNw
bGJnYmVoZXNydnQzanNlYXVqZS5jeC5pbnRlcm5hbC5jbG91ZGFwcC5uZXQwDwYD
VR0TAQH/BAUwAwEB/zAOBgNVHQ8BAf8EBAMCAb4wDQYJKoZIhvcNAQELBQADggEB
AEniVAkC4+Oisscq6V5NLoXRsB6Mm6QtE3ir5v71XjIY+9OaiXkd7pBjFDdaJDCw
3S7Yro5IoIfSM+CtzLoeta5r0X9jhuNgRjJwR1AaTEXHKi459PDgeXttouadGaND
qNb3uBW+VwQCDSWOpC0nTJ2h8K31xOyj+rHJtTecyySTHZCoovRPqZ5O1XtNDHMD
dyhel+hPUMqwuRtpdsTOQROG6N0xI/sVD2ophs8FoiZqx0Ydt3K5pH/CRl9NyXUY
yR69n9buGN1VuWadlQgMnVFJPCacumo2i+dCDr2fBe+9oCtBIjgavQZkoBAy+w65
e47cZW7MTY6ynkIW+LNlVLs=
-----END CERTIFICATE-----

-----BEGIN CERTIFICATE-----
MIID5zCCAs+gAwIBAgIBATANBgkqhkiG9w0BAQsFADB7MRswGQYDVQQDDBJzY20t
MUBmdi1hejU4Mi01MTIxLTArBgNVBAsMJDcxNzNjMjVmLWE0YjAtNDY5MS04MzIy
LWViNDEyNThjZDkzMjEtMCsGA1UECgwkY2YzNDUwNWItOWYwZC00YTJkLThiMWEt
NzA1NmI0ODcyNTc1MB4XDTIzMDgyNDA2MDUxN1oXDTI4MTAwMTA2MDUxN1owezEb
MBkGA1UEAwwSc2NtLTFAZnYtYXo1ODItNTEyMS0wKwYDVQQLDCQ3MTczYzI1Zi1h
NGIwLTQ2OTEtODMyMi1lYjQxMjU4Y2Q5MzIxLTArBgNVBAoMJGNmMzQ1MDViLTlm
MGQtNGEyZC04YjFhLTcwNTZiNDg3MjU3NTCCASIwDQYJKoZIhvcNAQEBBQADggEP
ADCCAQoCggEBANf/KrKgD3ZxWGihLpYN5Aq9Ytj2zWBmiOjbKmkUYghuSJKp2fw8
1kkQ1TWRwiGB99fNkAtv0sQ9aqSXHWzQvBjMsn3W9SHHG8LeHznNz4qaiYi4dVDG
KmSnElEsNOiaUOUsg0TYYbz/5R9GsCppi3TkkHKuTuLZWoOIEA2Iy4FfFHbOli4X
PtGhMMLcpg1SIJaY6S2mKmCWCZJ/UVyU97HXEzXek7GG6liLuTjUPAuICSSIVsoX
LSWnsT7LtB6Ll3Ew2WZjtI330g7AhACC5yWXJzYi7mBNPGfhH1cXgALes97+TpsV
isgYJ62lyzH5PcVxJkuqOFNNLDjABR+geO0CAwEAAaN2MHQwDwYDVR0TAQH/BAUw
AwEB/zAOBgNVHQ8BAf8EBAMCAQYwUQYDVR0RBEowSIcECgEAFIJAZnYtYXo1ODIt
NTEyLnZ5dzJkY3BsYmdiZWhlc3J2dDNqc2VhdWplLmN4LmludGVybmFsLmNsb3Vk
YXBwLm5ldDANBgkqhkiG9w0BAQsFAAOCAQEAdqc1QeP8UCbeKwpnIOtLWiN6b1Tl
wAfwVC8iT1EXQ7B4h9U1tmb4NWQlhS5OfzBshAbiSmg2pXlSkrl3ebKJFKff1y5Y
u1x2ugA8jn/S8CrK0ngeJhj7iPM23GOPh6co8zWoz0rQmXCHNTsNWg317C/OgaNw
vAbsBpQ6KNliuMXqZv3wxz+FDgjK7RbJL5V/b/7piEsPCpH20jkvazK7cf1iEJl5
3xJMU6PcCG9UWuBmeblNjulaooFKPhOIldjWOxtRaicWXc3YxkYse9bnmZt+/l+B
nJ7+h9G4ajB/YG+GmLiACibT1rMbhh8lXJEa/ppG7C+JG974jdLvba7eZA==
-----END CERTIFICATE-----

2023-08-24 06:05:17,317 [Time-limited test] INFO  ha.HASecurityUtils (HASecurityUtils.java:initializeSecurity(121)) - Successfully stored SCM signed certificate.
2023-08-24 06:05:17,320 [Time-limited test] WARN  server.ServerUtils (ServerUtils.java:getScmDbDir(155)) - ozone.scm.db.dirs is not configured. We recommend adding this setting. Falling back to ozone.metadata.dirs instead.
2023-08-24 06:05:17,321 [Time-limited test] INFO  ha.SCMHANodeDetails (SCMHANodeDetails.java:loadSCMHAConfig(210)) - ServiceID for StorageContainerManager is null
2023-08-24 06:05:17,321 [Time-limited test] INFO  ha.SCMHANodeDetails (SCMHANodeDetails.java:loadSCMHAConfig(215)) - ozone.scm.default.service.id is not defined, falling back to ozone.scm.service.ids to find serviceID for StorageContainerManager if it is HA enabled cluster
2023-08-24 06:05:17,326 [pool-328-thread-1] INFO  request.KdcRequest (KdcRequest.java:preauth(651)) - The preauth data is empty.
2023-08-24 06:05:17,328 [pool-328-thread-1] INFO  server.KdcHandler (KdcHandler.java:handleRecoverableException(177)) - KRB error occurred while processing request:Additional pre-authentication required
2023-08-24 06:05:17,336 [pool-328-thread-2] INFO  request.AsRequest (AsRequest.java:issueTicket(112)) - AS_REQ ISSUE: authtime 1692857117336,scm/fv-az582-512.vyw2dcplbgbehesrvt3jseauje.cx.internal.cloudapp.net@EXAMPLE.COM for krbtgt/EXAMPLE.COM@EXAMPLE.COM
2023-08-24 06:05:17,338 [Time-limited test] INFO  security.UserGroupInformation (UserGroupInformation.java:loginUserFromKeytab(1132)) - Login successful for user scm/fv-az582-512.vyw2dcplbgbehesrvt3jseauje.cx.internal.cloudapp.net@EXAMPLE.COM using keytab file scm.keytab. Keytab auto renewal enabled : false
2023-08-24 06:05:17,338 [Time-limited test] INFO  server.StorageContainerManager (StorageContainerManager.java:loginAsSCMUserIfSecurityEnabled(1042)) - SCM login successful.
2023-08-24 06:05:17,339 [Time-limited test] INFO  client.SCMCertificateClient (DefaultCertificateClient.java:updateCertSerialId(1244)) - Certificate serial ID set to 1584593047004
2023-08-24 06:05:17,340 [Time-limited test] INFO  client.SCMCertificateClient (DefaultCertificateClient.java:readCertificateFile(237)) - Added certificate   [0]         Version: 3
         SerialNumber: 1
             IssuerDN: CN=scm-1@fv-az582-512,OU=7173c25f-a4b0-4691-8322-eb41258cd932,O=cf34505b-9f0d-4a2d-8b1a-7056b4872575
           Start Date: Thu Aug 24 06:05:17 UTC 2023
           Final Date: Sun Oct 01 06:05:17 UTC 2028
            SubjectDN: CN=scm-1@fv-az582-512,OU=7173c25f-a4b0-4691-8322-eb41258cd932,O=cf34505b-9f0d-4a2d-8b1a-7056b4872575
           Public Key: RSA Public Key [73:fe:35:c9:a1:38:fd:bc:a9:a7:76:27:f4:c1:01:4c:b0:6e:f6:dc],[56:66:d1:a4]
        modulus: d7ff2ab2a00f76715868a12e960de40abd62d8f6cd606688e8db2a691462086e4892a9d9fc3cd64910d53591c22181f7d7cd900b6fd2c43d6aa4971d6cd0bc18ccb27dd6f521c71bc2de1f39cdcf8a9a8988b87550c62a64a712512c34e89a50e52c8344d861bcffe51f46b02a698b74e49072ae4ee2d95a8388100d88cb815f1476ce962e173ed1a130c2dca60d52209698e92da62a609609927f515c94f7b1d71335de93b186ea588bb938d43c0b8809248856ca172d25a7b13ecbb41e8b977130d96663b48df7d20ec0840082e72597273622ee604d3c67e11f57178002deb3defe4e9b158ac81827ada5cb31f93dc571264baa38534d2c38c0051fa078ed
public exponent: 10001

  Signature Algorithm: SHA256WITHRSA
            Signature: 76a73541e3fc5026de2b0a6720eb4b5a237a6f54
                       e5c007f0542f224f511743b07887d535b666f835
                       6425852e4e7f306c8406e24a6836a5795292b977
                       79b28914a7dfd72e58bb5c76ba003c8e7fd2f02a
                       cad2781e2618fb88f336dc638f87a728f335a8cf
                       4ad0997087353b0d5a0df5ec2fce81a370bc06ec
                       06943a28d962b8c5ea66fdf0c73f850e08caed16
                       c92f957f6ffee9884b0f0a91f6d2392f6b32bb71
                       fd62109979df124c53a3dc086f545ae06679b94d
                       8ee95aa2814a3e138895d8d63b1b516a27165dcd
                       d8c6462c7bd6e7999b7efe5f819c9efe87d1b86a
                       307f606f8698b8800a26d3d6b31b861f255c911a
                       fe9a46ec2f891bdef88dd2ef6daede64
       Extensions: 
                       critical(true) BasicConstraints: isCa(true)
                       critical(true) KeyUsage: 0x6
                       critical(false) 2.5.29.17 value = Sequence
    Tagged [7] IMPLICIT 
        DER Octet String[4] 
    Tagged [2] IMPLICIT 
        DER Octet String[64] 

 from file: /tmp/junit4414259945370304895/junit6948384849554629068/scm-meta/scm/sub-ca/certs/CA-1.crt.
2023-08-24 06:05:17,344 [Time-limited test] INFO  client.SCMCertificateClient (DefaultCertificateClient.java:readCertificateFile(237)) - Added certificate   [0]         Version: 3
         SerialNumber: 1584593047004
             IssuerDN: CN=scm-1@fv-az582-512,OU=7173c25f-a4b0-4691-8322-eb41258cd932,O=cf34505b-9f0d-4a2d-8b1a-7056b4872575
           Start Date: Thu Aug 24 06:05:17 UTC 2023
           Final Date: Sun Oct 01 06:05:17 UTC 2028
            SubjectDN: CN=scm-sub-1584589611536@fv-az582-512,OU=7173c25f-a4b0-4691-8322-eb41258cd932,O=cf34505b-9f0d-4a2d-8b1a-7056b4872575
           Public Key: RSA Public Key [c2:33:4e:d9:0c:61:26:2d:90:1a:28:99:00:0c:cf:97:71:26:94:be],[56:66:d1:a4]
        modulus: d025c9ffd6d1b6b5bde18b24fa4e512391dc623149024264f2d234baab14bcb5a8283ba49277c4be9aca25a63c2fe77aa6c5ccaead088a6b650ed667fd80543ba76c05a164134b8eabf8b49dcd23adc30b3e036573c4208420d1129c84ed32a039ac8e214c44677ff08f17bd474521ae1dfa6e07ac9f71b095918cf07c989a1cb7578cdb2f5cf168d1beee2e30379888896f763f46df71a1b77479fee05ba5f30de497fc35063a3f53892e575c2a7f3a7f4645988de8be2185ee754c3b3c1ae391f1e27ed24fa917d2f473239f9bf78af633b975f16975aab20a769a200d196cc6387ec31a2829c685b5f970866ea488d80f3ad48b862a9f417948dd47112e47
public exponent: 10001

  Signature Algorithm: SHA256WITHRSA
            Signature: 49e2540902e3e3a2b2c72ae95e4d2e85d1b01e8c
                       9ba42d1378abe6fef55e3218fbd39a89791dee90
                       6314375a2430b0dd2ed8ae8e48a087d233e0adcc
                       ba1eb5ae6bd17f6386e36046327047501a4c45c7
                       2a2e39f4f0e0797b6da2e69d19a343a8d6f7b815
                       be5704020d258ea42d274c9da1f0adf5c4eca3fa
                       b1c9b5379ccb24931d90a8a2f44fa99e4ed57b4d
                       0c730377285e97e84f50cab0b91b6976c4ce4113
                       86e8dd3123fb150f6a2986cf05a2266ac7461db7
                       72b9a47fc2465f4dc97518c91ebd9fd6ee18dd55
                       b9669d95080c9d51493c269cba6a368be7420ebd
                       9f05efbda02b4122381abd0664a01032fb0eb97b
                       8edc656ecc4d8eb29e4216f8b36554bb
       Extensions: 
                       critical(false) 2.5.29.17 value = Sequence
    Tagged [7] IMPLICIT 
        DER Octet String[4] 
    Tagged [2] IMPLICIT 
        DER Octet String[64] 

                       critical(true) BasicConstraints: isCa(true)
                       critical(true) KeyUsage: 0xbe
 from file: /tmp/junit4414259945370304895/junit6948384849554629068/scm-meta/scm/sub-ca/certs/1584593047004.crt.
2023-08-24 06:05:17,345 [Time-limited test] INFO  client.SCMCertificateClient (DefaultCertificateClient.java:readCertificateFile(237)) - Added certificate   [0]         Version: 3
         SerialNumber: 1584593047004
             IssuerDN: CN=scm-1@fv-az582-512,OU=7173c25f-a4b0-4691-8322-eb41258cd932,O=cf34505b-9f0d-4a2d-8b1a-7056b4872575
           Start Date: Thu Aug 24 06:05:17 UTC 2023
           Final Date: Sun Oct 01 06:05:17 UTC 2028
            SubjectDN: CN=scm-sub-1584589611536@fv-az582-512,OU=7173c25f-a4b0-4691-8322-eb41258cd932,O=cf34505b-9f0d-4a2d-8b1a-7056b4872575
           Public Key: RSA Public Key [c2:33:4e:d9:0c:61:26:2d:90:1a:28:99:00:0c:cf:97:71:26:94:be],[56:66:d1:a4]
        modulus: d025c9ffd6d1b6b5bde18b24fa4e512391dc623149024264f2d234baab14bcb5a8283ba49277c4be9aca25a63c2fe77aa6c5ccaead088a6b650ed667fd80543ba76c05a164134b8eabf8b49dcd23adc30b3e036573c4208420d1129c84ed32a039ac8e214c44677ff08f17bd474521ae1dfa6e07ac9f71b095918cf07c989a1cb7578cdb2f5cf168d1beee2e30379888896f763f46df71a1b77479fee05ba5f30de497fc35063a3f53892e575c2a7f3a7f4645988de8be2185ee754c3b3c1ae391f1e27ed24fa917d2f473239f9bf78af633b975f16975aab20a769a200d196cc6387ec31a2829c685b5f970866ea488d80f3ad48b862a9f417948dd47112e47
public exponent: 10001

  Signature Algorithm: SHA256WITHRSA
            Signature: 49e2540902e3e3a2b2c72ae95e4d2e85d1b01e8c
                       9ba42d1378abe6fef55e3218fbd39a89791dee90
                       6314375a2430b0dd2ed8ae8e48a087d233e0adcc
                       ba1eb5ae6bd17f6386e36046327047501a4c45c7
                       2a2e39f4f0e0797b6da2e69d19a343a8d6f7b815
                       be5704020d258ea42d274c9da1f0adf5c4eca3fa
                       b1c9b5379ccb24931d90a8a2f44fa99e4ed57b4d
                       0c730377285e97e84f50cab0b91b6976c4ce4113
                       86e8dd3123fb150f6a2986cf05a2266ac7461db7
                       72b9a47fc2465f4dc97518c91ebd9fd6ee18dd55
                       b9669d95080c9d51493c269cba6a368be7420ebd
                       9f05efbda02b4122381abd0664a01032fb0eb97b
                       8edc656ecc4d8eb29e4216f8b36554bb
       Extensions: 
                       critical(false) 2.5.29.17 value = Sequence
    Tagged [7] IMPLICIT 
        DER Octet String[4] 
    Tagged [2] IMPLICIT 
        DER Octet String[64] 

                       critical(true) BasicConstraints: isCa(true)
                       critical(true) KeyUsage: 0xbe
 from file: /tmp/junit4414259945370304895/junit6948384849554629068/scm-meta/scm/sub-ca/certs/certificate.crt.
2023-08-24 06:05:17,345 [Time-limited test] INFO  client.SCMCertificateClient (DefaultCertificateClient.java:loadAllCertificates(191)) - CertificateRenewerService and root ca rotation polling is disabled for scm/sub-ca
2023-08-24 06:05:17,345 [Time-limited test] WARN  utils.HAUtils (HAUtils.java:getMetaDir(339)) - ozone.scm.db.dirs is not configured. We recommend adding this setting. Falling back to ozone.metadata.dirs instead.
2023-08-24 06:05:17,345 [Time-limited test] WARN  db.DBStoreBuilder (DBStoreBuilder.java:applyDBDefinition(166)) - ozone.scm.db.dirs is not configured. We recommend adding this setting. Falling back to ozone.metadata.dirs instead.
2023-08-24 06:05:17,444 [Time-limited test] INFO  net.NodeSchemaLoader (NodeSchemaLoader.java:loadSchemaFromFile(129)) - Loading schema from [jar:file:/home/runner/.m2/repository/org/apache/ozone/hdds-common/1.4.0-SNAPSHOT/hdds-common-1.4.0-SNAPSHOT.jar!/network-topology-default.xml]
2023-08-24 06:05:17,444 [Time-limited test] INFO  net.NodeSchemaLoader (NodeSchemaLoader.java:loadSchema(176)) - Loading network topology layer schema file
2023-08-24 06:05:17,447 [Time-limited test] INFO  upgrade.AbstractLayoutVersionManager (AbstractLayoutVersionManager.java:init(83)) - Initializing Layout version manager with metadata layout = HADOOP_PRC_PORTS_IN_DATANODEDETAILS (version = 7), software layout = HADOOP_PRC_PORTS_IN_DATANODEDETAILS (version = 7)
2023-08-24 06:05:17,451 [Time-limited test] INFO  ha.SequenceIdGenerator (SequenceIdGenerator.java:upgradeToSequenceId(365)) - upgrade localId to 111677748019200000
2023-08-24 06:05:17,454 [Time-limited test] INFO  ha.SequenceIdGenerator (SequenceIdGenerator.java:upgradeToSequenceId(375)) - upgrade delTxnId to 0
2023-08-24 06:05:17,455 [Time-limited test] INFO  ha.SequenceIdGenerator (SequenceIdGenerator.java:upgradeToSequenceId(392)) - upgrade containerId to 0
2023-08-24 06:05:17,458 [Time-limited test] INFO  ha.SequenceIdGenerator (SequenceIdGenerator.java:upgradeToSequenceId(428)) - upgrade rootCertificateId to 1
2023-08-24 06:05:17,458 [Time-limited test] INFO  ha.SequenceIdGenerator (SequenceIdGenerator.java:<init>(236)) - Init the HA SequenceIdGenerator.
2023-08-24 06:05:17,462 [Time-limited test] INFO  node.SCMNodeManager (SCMNodeManager.java:<init>(157)) - Entering startup safe mode.
2023-08-24 06:05:17,463 [Time-limited test] INFO  algorithms.ContainerPlacementPolicyFactory (ContainerPlacementPolicyFactory.java:getPolicyInternal(86)) - Create container placement policy of type org.apache.hadoop.hdds.scm.container.placement.algorithms.SCMContainerPlacementRackAware
2023-08-24 06:05:17,463 [Time-limited test] INFO  algorithms.ContainerPlacementPolicyFactory (ContainerPlacementPolicyFactory.java:getPolicyInternal(86)) - Create container placement policy of type org.apache.hadoop.hdds.scm.container.placement.algorithms.SCMContainerPlacementRackScatter
2023-08-24 06:05:17,464 [Time-limited test] INFO  pipeline.PipelineStateManagerImpl (PipelineStateManagerImpl.java:initialize(78)) - No pipeline exists in current db
2023-08-24 06:05:17,464 [Time-limited test] INFO  algorithms.LeaderChoosePolicyFactory (LeaderChoosePolicyFactory.java:getPolicy(57)) - Create leader choose policy of type org.apache.hadoop.hdds.scm.pipeline.leader.choose.algorithms.MinLeaderCountChoosePolicy
2023-08-24 06:05:17,464 [Time-limited test] INFO  algorithms.ContainerPlacementPolicyFactory (ContainerPlacementPolicyFactory.java:getPolicyInternal(86)) - Create container placement policy of type org.apache.hadoop.hdds.scm.container.placement.algorithms.SCMContainerPlacementRackScatter
2023-08-24 06:05:17,464 [Time-limited test] INFO  ha.SCMServiceManager (SCMServiceManager.java:register(42)) - Registering service BackgroundPipelineCreator.
2023-08-24 06:05:17,464 [Time-limited test] INFO  pipeline.BackgroundPipelineCreator (BackgroundPipelineCreator.java:start(124)) - Starting RatisPipelineUtilsThread.
2023-08-24 06:05:17,471 [Time-limited test] INFO  BackgroundPipelineScrubber (BackgroundSCMService.java:start(68)) - Starting BackgroundPipelineScrubber Service.
2023-08-24 06:05:17,473 [Time-limited test] INFO  ha.SCMServiceManager (SCMServiceManager.java:register(42)) - Registering service BackgroundPipelineScrubber.
2023-08-24 06:05:17,473 [Time-limited test] INFO  ExpiredContainerReplicaOpScrubber (BackgroundSCMService.java:start(68)) - Starting ExpiredContainerReplicaOpScrubber Service.
2023-08-24 06:05:17,474 [Time-limited test] INFO  ha.SCMServiceManager (SCMServiceManager.java:register(42)) - Registering service ExpiredContainerReplicaOpScrubber.
2023-08-24 06:05:17,475 [Time-limited test] INFO  algorithms.PipelineChoosePolicyFactory (PipelineChoosePolicyFactory.java:createPipelineChoosePolicyFromClass(78)) - Create pipeline choose policy of type org.apache.hadoop.hdds.scm.pipeline.choose.algorithms.RandomPipelineChoosePolicy
2023-08-24 06:05:17,475 [Time-limited test] INFO  algorithms.PipelineChoosePolicyFactory (PipelineChoosePolicyFactory.java:createPipelineChoosePolicyFromClass(78)) - Create pipeline choose policy of type org.apache.hadoop.hdds.scm.pipeline.choose.algorithms.RandomPipelineChoosePolicy
2023-08-24 06:05:17,475 [Time-limited test] INFO  ha.SCMServiceManager (SCMServiceManager.java:register(42)) - Registering service SCMBlockDeletingService.
2023-08-24 06:05:17,476 [Time-limited test] INFO  replication.ReplicationManager (ReplicationManager.java:start(287)) - Starting Replication Monitor Thread.
2023-08-24 06:05:17,478 [Time-limited test] INFO  ha.SCMServiceManager (SCMServiceManager.java:register(42)) - Registering service ReplicationManager.
2023-08-24 06:05:17,479 [Time-limited test] INFO  safemode.ContainerSafeModeRule (ContainerSafeModeRule.java:<init>(90)) - containers with one replica threshold count 0
2023-08-24 06:05:17,479 [Time-limited test] INFO  safemode.HealthyPipelineSafeModeRule (HealthyPipelineSafeModeRule.java:initializeRule(169)) - Total pipeline count is 0, healthy pipeline threshold count is 0
2023-08-24 06:05:17,479 [Time-limited test] INFO  safemode.OneReplicaPipelineSafeModeRule (OneReplicaPipelineSafeModeRule.java:initializeRule(180)) - Total pipeline count is 0, pipeline's with at least one datanode reported threshold count is 0
2023-08-24 06:05:17,480 [Time-limited test] INFO  authority.DefaultCAServer (DefaultCAServer.java:lambda$processVerificationStatus$0(472)) - CertificateServer validation is successful
2023-08-24 06:05:17,481 [Time-limited test] INFO  authority.DefaultCAServer (DefaultCAServer.java:lambda$processVerificationStatus$0(472)) - CertificateServer validation is successful
2023-08-24 06:05:17,481 [Time-limited test] INFO  server.StorageContainerManager (StorageContainerManager.java:persistPrimarySCMCerts(932)) - Storing sub-ca certificate serialId 1584593047004 on primary SCM
2023-08-24 06:05:17,485 [ReplicationMonitor] INFO  replication.ReplicationManager (ReplicationManager.java:processAll(361)) - Replication Manager is not ready to run until 300000ms after safemode exit
2023-08-24 06:05:17,486 [Time-limited test] INFO  server.SCMCertStore (SCMCertStore.java:storeValidScmCertificate(122)) - Scm certificate 1584593047004 for CN=scm-sub-1584589611536@fv-az582-512,OU=7173c25f-a4b0-4691-8322-eb41258cd932,O=cf34505b-9f0d-4a2d-8b1a-7056b4872575 is stored
2023-08-24 06:05:17,486 [Time-limited test] INFO  server.StorageContainerManager (StorageContainerManager.java:persistPrimarySCMCerts(940)) - Storing root certificate serialId 1
2023-08-24 06:05:17,487 [Time-limited test] INFO  server.SCMCertStore (SCMCertStore.java:storeValidScmCertificate(122)) - Scm certificate 1 for CN=scm-1@fv-az582-512,OU=7173c25f-a4b0-4691-8322-eb41258cd932,O=cf34505b-9f0d-4a2d-8b1a-7056b4872575 is stored
2023-08-24 06:05:17,487 [Time-limited test] INFO  ipc.CallQueueManager (CallQueueManager.java:<init>(90)) - Using callQueue: class java.util.concurrent.LinkedBlockingQueue, queueCapacity: 200, scheduler: class org.apache.hadoop.ipc.DefaultRpcScheduler, ipcBackoff: false.
2023-08-24 06:05:17,487 [Time-limited test] INFO  ipc.Server (Server.java:<init>(1287)) - Listener at 0.0.0.0:9961
2023-08-24 06:05:17,488 [Socket Reader #1 for port 9961] INFO  ipc.Server (Server.java:run(1323)) - Starting Socket Reader #1 for port 9961
2023-08-24 06:05:17,493 [Time-limited test] INFO  server.StorageContainerManager (StorageContainerManager.java:<init>(425)) - SCM start with adminUsers: [om/fv-az582-512.vyw2dcplbgbehesrvt3jseauje.cx.internal.cloudapp.net@EXAMPLE.COM, scm]
2023-08-24 06:05:17,493 [Time-limited test] INFO  ipc.CallQueueManager (CallQueueManager.java:<init>(90)) - Using callQueue: class java.util.concurrent.LinkedBlockingQueue, queueCapacity: 10000, scheduler: class org.apache.hadoop.ipc.DefaultRpcScheduler, ipcBackoff: false.
2023-08-24 06:05:17,494 [Time-limited test] INFO  ipc.Server (Server.java:<init>(1287)) - Listener at 0.0.0.0:9861
2023-08-24 06:05:17,495 [Socket Reader #1 for port 9861] INFO  ipc.Server (Server.java:run(1323)) - Starting Socket Reader #1 for port 9861
2023-08-24 06:05:17,497 [Time-limited test] INFO  ipc.CallQueueManager (CallQueueManager.java:<init>(90)) - Using callQueue: class java.util.concurrent.LinkedBlockingQueue, queueCapacity: 10000, scheduler: class org.apache.hadoop.ipc.DefaultRpcScheduler, ipcBackoff: false.
2023-08-24 06:05:17,497 [Time-limited test] INFO  ipc.Server (Server.java:<init>(1287)) - Listener at 0.0.0.0:9863
2023-08-24 06:05:17,502 [Socket Reader #1 for port 9863] INFO  ipc.Server (Server.java:run(1323)) - Starting Socket Reader #1 for port 9863
2023-08-24 06:05:17,503 [Time-limited test] INFO  ipc.CallQueueManager (CallQueueManager.java:<init>(90)) - Using callQueue: class java.util.concurrent.LinkedBlockingQueue, queueCapacity: 10000, scheduler: class org.apache.hadoop.ipc.DefaultRpcScheduler, ipcBackoff: false.
2023-08-24 06:05:17,503 [Time-limited test] INFO  ipc.Server (Server.java:<init>(1287)) - Listener at 0.0.0.0:9860
2023-08-24 06:05:17,503 [Socket Reader #1 for port 9860] INFO  ipc.Server (Server.java:run(1323)) - Starting Socket Reader #1 for port 9860
2023-08-24 06:05:17,515 [Time-limited test] INFO  ha.SCMServiceManager (SCMServiceManager.java:register(42)) - Registering service ContainerBalancer.
2023-08-24 06:05:17,516 [Time-limited test] INFO  server.StorageContainerManager (StorageContainerManager.java:<init>(438)) - 
Container Balancer status:
Key                            Value
Running                        false
Container Balancer Configuration values:
Key                                                Value
Threshold                                          10
Max Datanodes to Involve per Iteration(percent)    20
Max Size to Move per Iteration                     500GB
Max Size Entering Target per Iteration             26GB
Max Size Leaving Source per Iteration              26GB

2023-08-24 06:05:17,516 [Time-limited test] INFO  ha.SCMContext (SCMContext.java:updateSafeModeStatus(228)) - Update SafeModeStatus from SafeModeStatus{safeModeStatus=true, preCheckPassed=false} to SafeModeStatus{safeModeStatus=true, preCheckPassed=false}.
2023-08-24 06:05:17,516 [Time-limited test] WARN  server.ServerUtils (ServerUtils.java:getDBPath(311)) - ozone.om.db.dirs is not configured. We recommend adding this setting. Falling back to ozone.metadata.dirs instead.
2023-08-24 06:05:17,517 [Time-limited test] INFO  ha.OMHANodeDetails (OMHANodeDetails.java:loadOMHAConfig(115)) - ozone.om.internal.service.id is not defined, falling back to ozone.om.service.ids to find serviceID for OzoneManager if it is HA enabled cluster
2023-08-24 06:05:17,518 [Time-limited test] INFO  ha.OMHANodeDetails (OMHANodeDetails.java:loadOMHAConfig(226)) - Configuration does not have ozone.om.address set. Falling back to the default OM address fv-az582-512.vyw2dcplbgbehesrvt3jseauje.cx.internal.cloudapp.net/10.1.0.20:1202
2023-08-24 06:05:17,518 [Time-limited test] INFO  ha.OMHANodeDetails (OMHANodeDetails.java:getOMNodeDetailsForNonHA(254)) - OM Service ID is not set. Setting it to the default ID: omServiceIdDefault
2023-08-24 06:05:17,518 [Time-limited test] INFO  ha.OMHANodeDetails (OMHANodeDetails.java:getOMNodeDetailsForNonHA(261)) - OM Node ID is not set. Setting it to the default ID: om1
2023-08-24 06:05:17,518 [Time-limited test] WARN  server.ServerUtils (ServerUtils.java:getDBPath(311)) - ozone.om.db.dirs is not configured. We recommend adding this setting. Falling back to ozone.metadata.dirs instead.
2023-08-24 06:05:17,522 [Time-limited test] INFO  upgrade.AbstractLayoutVersionManager (AbstractLayoutVersionManager.java:init(83)) - Initializing Layout version manager with metadata layout = QUOTA (version = 6), software layout = QUOTA (version = 6)
2023-08-24 06:05:17,599 [Time-limited test] INFO  reflections.Reflections (Reflections.java:scan(232)) - Reflections took 73 ms to scan 2 urls, producing 188 keys and 512 values [using 2 cores]
2023-08-24 06:05:17,599 [Time-limited test] INFO  upgrade.OMLayoutVersionManager (OMLayoutVersionManager.java:lambda$0(115)) - Skipping Upgrade Action QuotaRepairUpgradeAction since it has been finalized.
2023-08-24 06:05:17,599 [Time-limited test] INFO  upgrade.OMLayoutVersionManager (OMLayoutVersionManager.java:lambda$0(115)) - Skipping Upgrade Action MockOmUpgradeAction since it has been finalized.
2023-08-24 06:05:17,602 [pool-328-thread-2] INFO  request.KdcRequest (KdcRequest.java:preauth(651)) - The preauth data is empty.
2023-08-24 06:05:17,604 [pool-328-thread-2] INFO  server.KdcHandler (KdcHandler.java:handleRecoverableException(177)) - KRB error occurred while processing request:Additional pre-authentication required
2023-08-24 06:05:17,608 [pool-328-thread-2] INFO  request.AsRequest (AsRequest.java:issueTicket(112)) - AS_REQ ISSUE: authtime 1692857117607,om/fv-az582-512.vyw2dcplbgbehesrvt3jseauje.cx.internal.cloudapp.net@EXAMPLE.COM for krbtgt/EXAMPLE.COM@EXAMPLE.COM
2023-08-24 06:05:17,610 [Time-limited test] INFO  security.UserGroupInformation (UserGroupInformation.java:loginUserFromKeytab(1132)) - Login successful for user om/fv-az582-512.vyw2dcplbgbehesrvt3jseauje.cx.internal.cloudapp.net@EXAMPLE.COM using keytab file om.keytab. Keytab auto renewal enabled : false
2023-08-24 06:05:17,611 [Time-limited test] INFO  om.OzoneManager (OzoneManager.java:loginOMUser(1161)) - Ozone Manager login successful.
2023-08-24 06:05:17,611 [Time-limited test] WARN  server.ServerUtils (ServerUtils.java:getDBPath(311)) - ozone.om.db.dirs is not configured. We recommend adding this setting. Falling back to ozone.metadata.dirs instead.
2023-08-24 06:05:17,613 [Time-limited test] INFO  proxy.SCMBlockLocationFailoverProxyProvider (SCMBlockLocationFailoverProxyProvider.java:<init>(114)) - Created block location fail-over proxy with 1 nodes: [nodeId=scmNodeId,nodeAddress=/0.0.0.0:9863]
2023-08-24 06:05:17,615 [Time-limited test] INFO  om.OzoneManager (OzoneManager.java:getOmDetailsProto(4552)) - OzoneManager ports added:[name: "RPC"
value: 1202
]
2023-08-24 06:05:17,617 [Time-limited test] INFO  security.OMCertificateClient (DefaultCertificateClient.java:updateCertSerialId(1244)) - Certificate serial ID set to 9879877970576
2023-08-24 06:05:17,617 [Time-limited test] WARN  security.OMCertificateClient (DefaultCertificateClient.java:loadAllCertificates(173)) - Certificates could not be loaded.
java.nio.file.NoSuchFileException: /tmp/junit4414259945370304895/junit6948384849554629068/scm-meta/om/certs
	at sun.nio.fs.UnixException.translateToIOException(UnixException.java:86)
	at sun.nio.fs.UnixException.rethrowAsIOException(UnixException.java:102)
	at sun.nio.fs.UnixException.rethrowAsIOException(UnixException.java:107)
	at sun.nio.fs.UnixFileSystemProvider.newDirectoryStream(UnixFileSystemProvider.java:427)
	at java.nio.file.Files.newDirectoryStream(Files.java:457)
	at java.nio.file.Files.list(Files.java:3451)
	at org.apache.hadoop.hdds.security.x509.certificate.client.DefaultCertificateClient.loadAllCertificates(DefaultCertificateClient.java:168)
	at org.apache.hadoop.hdds.security.x509.certificate.client.DefaultCertificateClient.updateCertSerialId(DefaultCertificateClient.java:1245)
	at org.apache.hadoop.hdds.security.x509.certificate.client.DefaultCertificateClient.<init>(DefaultCertificateClient.java:157)
	at org.apache.hadoop.hdds.security.x509.certificate.client.CommonCertificateClient.<init>(CommonCertificateClient.java:49)
	at org.apache.hadoop.ozone.security.OMCertificateClient.<init>(OMCertificateClient.java:68)
	at org.apache.hadoop.ozone.om.OzoneManager.<init>(OzoneManager.java:640)
	at org.apache.hadoop.ozone.om.OzoneManager.createOm(OzoneManager.java:754)
	at org.apache.hadoop.ozone.TestSecureOzoneCluster.setupOm(TestSecureOzoneCluster.java:701)
	at org.apache.hadoop.ozone.TestSecureOzoneCluster.testAccessControlExceptionOnClient(TestSecureOzoneCluster.java:561)
	at sun.reflect.NativeMethodAccessorImpl.invoke0(Native Method)
	at sun.reflect.NativeMethodAccessorImpl.invoke(NativeMethodAccessorImpl.java:62)
	at sun.reflect.DelegatingMethodAccessorImpl.invoke(DelegatingMethodAccessorImpl.java:43)
	at java.lang.reflect.Method.invoke(Method.java:498)
	at org.junit.runners.model.FrameworkMethod$1.runReflectiveCall(FrameworkMethod.java:59)
	at org.junit.internal.runners.model.ReflectiveCallable.run(ReflectiveCallable.java:12)
	at org.junit.runners.model.FrameworkMethod.invokeExplosively(FrameworkMethod.java:56)
	at org.junit.internal.runners.statements.InvokeMethod.evaluate(InvokeMethod.java:17)
	at org.junit.internal.runners.statements.RunBefores.evaluate(RunBefores.java:26)
	at org.junit.internal.runners.statements.RunAfters.evaluate(RunAfters.java:27)
	at org.junit.rules.ExternalResource$1.evaluate(ExternalResource.java:54)
	at org.junit.internal.runners.statements.FailOnTimeout$CallableStatement.call(FailOnTimeout.java:288)
	at org.junit.internal.runners.statements.FailOnTimeout$CallableStatement.call(FailOnTimeout.java:282)
	at java.util.concurrent.FutureTask.run(FutureTask.java:266)
	at java.lang.Thread.run(Thread.java:750)
2023-08-24 06:05:17,621 [Time-limited test] INFO  om.OzoneManager (OzoneManager.java:<init>(662)) - OM start with adminUsers: [om/fv-az582-512.vyw2dcplbgbehesrvt3jseauje.cx.internal.cloudapp.net@EXAMPLE.COM, om]
2023-08-24 06:05:17,622 [Time-limited test] WARN  server.ServerUtils (ServerUtils.java:getDBPath(311)) - ozone.om.db.dirs is not configured. We recommend adding this setting. Falling back to ozone.metadata.dirs instead.
2023-08-24 06:05:17,623 [Time-limited test] INFO  helpers.OmKeyInfo (OmKeyInfo.java:getCodec(71)) - OmKeyInfo.getCodec ignorePipeline = true
2023-08-24 06:05:17,781 [Time-limited test] INFO  om.OzoneManager (OzoneManager.java:instantiateServices(791)) - S3 Multi-Tenancy is disabled
2023-08-24 06:05:17,781 [Time-limited test] INFO  security.OzoneSecretStore (OzoneSecretStore.java:loadState(69)) - Loaded 0 tokens
2023-08-24 06:05:17,781 [Time-limited test] INFO  security.OzoneDelegationTokenSecretManager (OzoneDelegationTokenSecretManager.java:loadTokenSecretState(530)) - Loading token state into token manager.
2023-08-24 06:05:17,781 [Time-limited test] INFO  om.OmSnapshotManager (OmSnapshotManager.java:<init>(175)) - Ozone filesystem snapshot feature is enabled.
2023-08-24 06:05:17,781 [Time-limited test] WARN  server.ServerUtils (ServerUtils.java:getDBPath(311)) - ozone.om.snapshot.diff.db.dir is not configured. We recommend adding this setting. Falling back to ozone.metadata.dirs instead.
2023-08-24 06:05:17,801 [Time-limited test] INFO  snapshot.SnapshotDiffManager (SnapshotDiffManager.java:closeExecutorService(1720)) - Shutting down executorService: 'SstDumpToolExecutor'
2023-08-24 06:05:17,803 [Time-limited test] INFO  om.OzoneManager (OzoneManager.java:addS3GVolumeToDB(4284)) - Created Volume s3v With Owner om required for S3Gateway operations.
2023-08-24 06:05:17,803 [Time-limited test] WARN  server.ServerUtils (ServerUtils.java:getDefaultRatisDirectory(323)) - Storage directory for Ratis is not configured. It is a good idea to map this to an SSD disk. Falling back to ozone.metadata.dirs
2023-08-24 06:05:17,803 [Time-limited test] WARN  utils.OzoneManagerRatisUtils (OzoneManagerRatisUtils.java:getOMRatisSnapshotDirectory(461)) - ozone.om.ratis.snapshot.dir is not configured. Falling back to ozone.metadata.dirs config
2023-08-24 06:05:17,803 [Time-limited test] WARN  server.ServerUtils (ServerUtils.java:getDefaultRatisDirectory(323)) - Storage directory for Ratis is not configured. It is a good idea to map this to an SSD disk. Falling back to ozone.metadata.dirs
2023-08-24 06:05:17,805 [Time-limited test] INFO  ratis.OzoneManagerRatisServer (OzoneManagerRatisServer.java:<init>(163)) - Instantiating OM Ratis server with groupID: omServiceIdDefault and peers: fv-az582-512.vyw2dcplbgbehesrvt3jseauje.cx.internal.cloudapp.net:9872
2023-08-24 06:05:17,805 [Time-limited test] INFO  ratis.OzoneManagerStateMachine (OzoneManagerStateMachine.java:loadSnapshotInfoFromDB(687)) - LastAppliedIndex is set from TransactionInfo from OM DB as (t:0, i:~)
2023-08-24 06:05:17,805 [Time-limited test] INFO  server.RaftServer (ConfUtils.java:logGet(46)) - raft.rpc.type = GRPC (default)
2023-08-24 06:05:17,805 [Time-limited test] INFO  grpc.GrpcConfigKeys (ConfUtils.java:logFallback(53)) - raft.grpc.admin.host = null (fallback to raft.grpc.server.host)
2023-08-24 06:05:17,805 [Time-limited test] INFO  grpc.GrpcConfigKeys (ConfUtils.java:logFallback(53)) - raft.grpc.admin.port = 9872 (fallback to raft.grpc.server.port)
2023-08-24 06:05:17,806 [Time-limited test] INFO  grpc.GrpcConfigKeys (ConfUtils.java:logFallback(53)) - raft.grpc.client.host = null (fallback to raft.grpc.server.host)
2023-08-24 06:05:17,806 [Time-limited test] INFO  grpc.GrpcConfigKeys (ConfUtils.java:logFallback(53)) - raft.grpc.client.port = 9872 (fallback to raft.grpc.server.port)
2023-08-24 06:05:17,806 [Time-limited test] INFO  grpc.GrpcConfigKeys (ConfUtils.java:logGet(46)) - raft.grpc.server.host = null (default)
2023-08-24 06:05:17,806 [Time-limited test] INFO  grpc.GrpcConfigKeys (ConfUtils.java:logGet(46)) - raft.grpc.server.port = 9872 (custom)
2023-08-24 06:05:17,806 [Time-limited test] INFO  server.GrpcService (ConfUtils.java:logGet(46)) - raft.grpc.message.size.max = 33554432 (custom)
2023-08-24 06:05:17,806 [Time-limited test] INFO  server.RaftServerConfigKeys (ConfUtils.java:logGet(46)) - raft.server.log.appender.buffer.byte-limit = 33554432 (custom)
2023-08-24 06:05:17,806 [Time-limited test] INFO  server.GrpcService (ConfUtils.java:logGet(46)) - raft.grpc.flow.control.window = 1MB (=1048576) (default)
2023-08-24 06:05:17,806 [Time-limited test] INFO  server.RaftServerConfigKeys (ConfUtils.java:logGet(46)) - raft.server.rpc.request.timeout = 3000ms (default)
2023-08-24 06:05:17,806 [Time-limited test] INFO  grpc.GrpcConfigKeys (ConfUtils.java:logGet(46)) - raft.grpc.server.heartbeat.channel = true (default)
2023-08-24 06:05:17,806 [Time-limited test] INFO  grpc.GrpcConfigKeys (ConfUtils.java:logGet(46)) - raft.grpc.server.async.request.thread.pool.cached = true (default)
2023-08-24 06:05:17,806 [Time-limited test] INFO  grpc.GrpcConfigKeys (ConfUtils.java:logGet(46)) - raft.grpc.server.async.request.thread.pool.size = 32 (default)
2023-08-24 06:05:17,807 [Time-limited test] INFO  impl.DataStreamServerImpl (ConfUtils.java:logGet(46)) - raft.datastream.type = DISABLED (default)
2023-08-24 06:05:17,807 [Time-limited test] INFO  server.RaftServerConfigKeys (ConfUtils.java:logGet(46)) - raft.server.threadpool.proxy.cached = true (default)
2023-08-24 06:05:17,808 [Time-limited test] INFO  server.RaftServerConfigKeys (ConfUtils.java:logGet(46)) - raft.server.threadpool.proxy.size = 0 (default)
2023-08-24 06:05:17,808 [Time-limited test] INFO  server.RaftServerConfigKeys (ConfUtils.java:logGet(46)) - raft.server.rpc.slowness.timeout = 120s (custom)
2023-08-24 06:05:17,808 [Time-limited test] INFO  server.RaftServerConfigKeys (ConfUtils.java:logGet(46)) - raft.server.leaderelection.leader.step-down.wait-time = 10s (default)
2023-08-24 06:05:17,809 [Time-limited test] INFO  server.RaftServerConfigKeys (ConfUtils.java:logGet(46)) - raft.server.storage.dir = [/tmp/junit4414259945370304895/junit6948384849554629068/scm-meta/ratis] (custom)
2023-08-24 06:05:17,811 [Time-limited test] INFO  server.RaftServer (RaftServerProxy.java:addNew(98)) - om1: addNew group-C5BA1605619E:[om1|rpc:fv-az582-512.vyw2dcplbgbehesrvt3jseauje.cx.internal.cloudapp.net:9872|priority:0|startupRole:FOLLOWER] returns group-C5BA1605619E:java.util.concurrent.CompletableFuture@773ac702[Not completed]
2023-08-24 06:05:17,811 [Time-limited test] INFO  om.OzoneManager (OzoneManager.java:initializeRatisServer(2128)) - OzoneManager Ratis server initialized at port 9872
RaftServerImpl.java:<init>(198)) - om1: new RaftServerImpl for group-C5BA1605619E:[om1|rpc:fv-az582-512.vyw2dcplbgbehesrvt3jseauje.cx.internal.cloudapp.net:9872|priority:0|startupRole:FOLLOWER] with OzoneManagerStateMachine:uninitialized
2023-08-24 06:05:17,811 [Time-limited test] INFO  om.OzoneManager (OzoneManager.java:initializeRatisServer(2128)) - OzoneManager Ratis server initialized at port 9872
2023-08-24 06:05:17,811 [Time-limited test] INFO  om.OzoneManager (ConfUtils.java:logGet(46)) - raft.server.rpc.timeout.min = 5s (custom)
2023-08-24 06:05:17,811 [Time-limited test] INFO  om.OzoneManager (OzoneManager.java:getRpcServer(1193)) - Creating RPC Server
2023-08-24 06:05:17,811 [om1-groupManagement] INFO  server.RaftServerConfigKeys (ConfUtils.java:logGet(46)) - raft.server.rpc.timeout.max = 5200ms (custom)
2023-08-24 06:05:17,811 [om1-groupManagement] INFO  server.RaftServerConfigKeys (ConfUtils.java:logGet(46)) - raft.server.rpc.sleep.time = 25ms (default)
2023-08-24 06:05:17,811 [om1-groupManagement] INFO  server.RaftServerConfigKeys (ConfUtils.java:logGet(46)) - raft.server.rpc.slowness.timeout = 120s (custom)
2023-08-24 06:05:17,816 [om1-groupManagement] INFO  server.RaftServerConfigKeys (ConfUtils.java:logGet(46)) - raft.server.leaderelection.leader.step-down.wait-time = 10s (default)
2023-08-24 06:05:17,816 [om1-groupManagement] INFO  server.RaftServerConfigKeys (ConfUtils.java:logGet(46)) - raft.server.sleep.deviation.threshold = 300ms (default)
2023-08-24 06:05:17,817 [om1-groupManagement] INFO  server.RaftServer$Division (ServerState.java:<init>(120)) - om1@group-C5BA1605619E: ConfigurationManager, init=-1: peers:[om1|rpc:fv-az582-512.vyw2dcplbgbehesrvt3jseauje.cx.internal.cloudapp.net:9872|priority:0|startupRole:FOLLOWER]|listeners:[], old=null, confs=<EMPTY_MAP>
2023-08-24 06:05:17,817 [om1-groupManagement] INFO  server.RaftServerConfigKeys (ConfUtils.java:logGet(46)) - raft.server.storage.dir = [/tmp/junit4414259945370304895/junit6948384849554629068/scm-meta/ratis] (custom)
2023-08-24 06:05:17,817 [om1-groupManagement] INFO  server.RaftServerConfigKeys (ConfUtils.java:logGet(46)) - raft.server.log.corruption.policy = EXCEPTION (default)
2023-08-24 06:05:17,817 [om1-groupManagement] INFO  server.RaftServerConfigKeys (ConfUtils.java:logGet(46)) - raft.server.storage.free-space.min = 0MB (=0) (default)
2023-08-24 06:05:17,817 [om1-groupManagement] INFO  server.RaftServerConfigKeys (ConfUtils.java:logGet(46)) - raft.server.notification.no-leader.timeout = 120s (custom)
2023-08-24 06:05:17,817 [om1-groupManagement] INFO  server.RaftServerConfigKeys (ConfUtils.java:logGet(46)) - raft.server.read.timeout = 10s (default)
2023-08-24 06:05:17,817 [om1-groupManagement] INFO  server.RaftServerConfigKeys (ConfUtils.java:logGet(46)) - raft.server.retrycache.expirytime = 300s (custom)
2023-08-24 06:05:17,817 [om1-groupManagement] INFO  server.RaftServerConfigKeys (ConfUtils.java:logGet(46)) - raft.server.retrycache.statistics.expirytime = 100μs (default)
2023-08-24 06:05:17,817 [om1-groupManagement] INFO  server.RaftServerConfigKeys (ConfUtils.java:logGet(46)) - raft.server.read.option = DEFAULT (default)
2023-08-24 06:05:17,822 [om1-groupManagement] INFO  server.RaftServerConfigKeys (ConfUtils.java:logGet(46)) - raft.server.rpc.request.timeout = 3000ms (default)
2023-08-24 06:05:17,822 [om1-groupManagement] INFO  server.RaftServerConfigKeys (ConfUtils.java:logGet(46)) - raft.server.log.appender.install.snapshot.enabled = false (custom)
2023-08-24 06:05:17,822 [om1-groupManagement] INFO  server.RaftServerConfigKeys (ConfUtils.java:logGet(46)) - raft.server.threadpool.server.cached = true (default)
2023-08-24 06:05:17,822 [om1-groupManagement] INFO  server.RaftServerConfigKeys (ConfUtils.java:logGet(46)) - raft.server.threadpool.server.size = 0 (default)
2023-08-24 06:05:17,822 [om1-groupManagement] INFO  server.RaftServerConfigKeys (ConfUtils.java:logGet(46)) - raft.server.threadpool.client.cached = true (default)
2023-08-24 06:05:17,822 [om1-groupManagement] INFO  server.RaftServerConfigKeys (ConfUtils.java:logGet(46)) - raft.server.threadpool.client.size = 0 (default)
2023-08-24 06:05:18,243 [Time-limited test] INFO  reflections.Reflections (Reflections.java:scan(232)) - Reflections took 428 ms to scan 19 urls, producing 70 keys and 5648 values [using 2 cores]
2023-08-24 06:05:18,245 [Time-limited test] INFO  ipc.CallQueueManager (CallQueueManager.java:<init>(90)) - Using callQueue: class java.util.concurrent.LinkedBlockingQueue, queueCapacity: 10000, scheduler: class org.apache.hadoop.ipc.DefaultRpcScheduler, ipcBackoff: false.
2023-08-24 06:05:18,245 [Time-limited test] INFO  ipc.Server (Server.java:<init>(1287)) - Listener at fv-az582-512.vyw2dcplbgbehesrvt3jseauje.cx.internal.cloudapp.net:1202
2023-08-24 06:05:18,246 [Socket Reader #1 for port 1202] INFO  ipc.Server (Server.java:run(1323)) - Starting Socket Reader #1 for port 1202
2023-08-24 06:05:18,574 [Time-limited test] INFO  utils.SelfSignedCertificate (SelfSignedCertificate.java:generateCertificate(157)) - Certificate 1 is issued by CN=rootCA@localhost,OU=scm1,O=cluster1 to CN=rootCA@localhost,OU=scm1,O=cluster1, valid from Thu Aug 24 06:05:18 UTC 2023 to Sun Oct 01 06:05:18 UTC 2028
2023-08-24 06:05:18,577 [Time-limited test] INFO  authority.DefaultApprover (DefaultApprover.java:sign(154)) - Extensions in CSR: 2.5.29.15
2023-08-24 06:05:18,577 [Time-limited test] INFO  authority.DefaultApprover (DefaultApprover.java:sign(158)) - Extensions to add to the certificate if they present in CSR: 2.5.29.17, 2.5.29.19, 1.3.6.1.5.5.7.1.12, 2.5.29.35, 2.5.29.37, 2.5.29.15
2023-08-24 06:05:18,580 [Time-limited test] INFO  ssl.ReloadingX509KeyManager (ReloadingX509KeyManager.java:loadKeyManager(222)) - Key manager is loaded with certificate chain
2023-08-24 06:05:18,581 [Time-limited test] INFO  ssl.ReloadingX509KeyManager (ReloadingX509KeyManager.java:loadKeyManager(224)) - [
[
  Version: V3
  Subject: O=cluster1, OU=scm1, CN=localhost
  Signature Algorithm: SHA256withRSA, OID = 1.2.840.113549.1.1.11

  Key:  Sun RSA public key, 2048 bits
  params: null
  modulus: 20821800724100458305956181031566274800236224843628636085182651144790771154355499127320534193983490128394002115814748999851727577919805485649742886044026156282327858700269945685676125639717275003620211498897410748049337072293772338959132886860107711008039989029908610824743137788401596936348291209114602716705449691974943184121763176673900832296417736805609735614481917701740024130190808270014623693658738459098489669193034268131837366704341951437439545478333216040426135454977488688863767949678493787712892703835092098392017338938935534970666289814841577048770791997764803294843269315103844010781170912867599997850101
  public exponent: 65537
  Validity: [From: Thu Aug 24 06:05:18 UTC 2023,
               To: Fri Aug 23 06:05:18 UTC 2024]
  Issuer: O=cluster1, OU=scm1, CN=rootCA@localhost
  SerialNumber: [    01713c80 875e]

Certificate Extensions: 1
[1]: ObjectId: 2.5.29.15 Criticality=true
KeyUsage [
  DigitalSignature
  Key_Encipherment
  Data_Encipherment
  Key_Agreement
]

]
  Algorithm: [SHA256withRSA]
  Signature:
0000: 31 A8 31 76 7C 66 B0 07   9E E4 04 C6 73 83 37 6F  1.1v.f......s.7o
0010: 35 D4 B3 CE 64 B0 7B C5   3B 6C A3 89 5F E7 48 D3  5...d...;l.._.H.
0020: E6 BC 2B C3 C9 6C 14 64   2E F5 86 A0 CC AB 6F A8  ..+..l.d......o.
0030: 76 C8 07 E5 B1 92 12 27   C6 E5 F7 BF 45 4F BE 33  v......'....EO.3
0040: 8E 0D 8B 7E F7 65 CC E3   2D 73 47 D7 58 EA D4 F7  .....e..-sG.X...
0050: B5 C5 C6 09 0A 59 08 C5   6A 6C 1D CD A3 1D DB 87  .....Y..jl......
0060: 9E 28 65 8B 67 C1 3C D6   AC BA C8 4A 2C A8 F9 41  .(e.g.<....J,..A
0070: 10 1F B4 CB 08 AA 50 94   16 D8 77 1D AA 10 31 D0  ......P...w...1.
0080: 34 F1 04 AD 21 67 CC 2B   DA 57 6E 27 05 50 C3 30  4...!g.+.Wn'.P.0
0090: 1F 7D F3 D9 A4 E2 59 41   B4 E2 7A D1 C3 07 B9 8C  ......YA..z.....
00A0: C8 CA 62 FC 9A 17 79 C9   DF A0 CD 83 6B B8 1B 1F  ..b...y.....k...
00B0: 41 63 65 E4 44 74 9A 58   AF 19 AD A2 7F C4 FF 9C  Ace.Dt.X........
00C0: 9B 48 C2 F6 06 D0 EB 52   4A 31 B5 8B 53 1C 88 D1  .H.....RJ1..S...
00D0: A9 98 6A 72 B8 90 02 5D   6A 71 A2 84 EB 2C 78 B6  ..jr...]jq...,x.
00E0: 6C C9 97 E2 80 87 69 78   6D 95 19 8F F9 6D D4 81  l.....ixm....m..
00F0: 88 A5 21 E6 11 9C 4C 51   65 DD C9 11 17 F3 B5 DD  ..!...LQe.......

]
2023-08-24 06:05:18,582 [Time-limited test] INFO  ssl.ReloadingX509KeyManager (ReloadingX509KeyManager.java:loadKeyManager(224)) - [
[
  Version: V3
  Subject: O=cluster1, OU=scm1, CN=rootCA@localhost
  Signature Algorithm: SHA256withRSA, OID = 1.2.840.113549.1.1.11

  Key:  Sun RSA public key, 2048 bits
  params: null
  modulus: 21462891371865198816422203842735812687609535978983645064563894432324288596606176540839096380380121778457034140084914228157628469975897371891744969413664307202207450841331282645827784574657195993767737488766421160302638035043326849090317560770321019774090598310219088214013746136362372235494365223110098781633216834161037477934335613769522368584795367239979802803374547475212540202444575814394256257106280792520953755060154690275175090596094050273314479503586139861585225197991508812392115539124028913285656712270837239944682595878491268918744298020972847355858853725261405521802845927569953302376531335750289353635831
  public exponent: 65537
  Validity: [From: Thu Aug 24 06:05:18 UTC 2023,
               To: Sun Oct 01 06:05:18 UTC 2028]
  Issuer: O=cluster1, OU=scm1, CN=rootCA@localhost
  SerialNumber: [    01]

Certificate Extensions: 2
[1]: ObjectId: 2.5.29.19 Criticality=true
BasicConstraints:[
  CA:true
  PathLen:2147483647
]

[2]: ObjectId: 2.5.29.15 Criticality=true
KeyUsage [
  Key_CertSign
  Crl_Sign
]

]
  Algorithm: [SHA256withRSA]
  Signature:
0000: 2A 77 E8 A3 19 98 39 B4   63 0E 8C 29 AB DB 53 5A  *w....9.c..)..SZ
0010: F4 9B 90 29 76 4D FA 45   02 00 13 19 50 26 76 86  ...)vM.E....P&v.
0020: D0 5F 36 6E F7 D3 D3 04   BF 8D 4B 9A 41 BB 90 18  ._6n......K.A...
0030: FB F3 BD C3 A9 6C 6D 86   BE 50 30 CF EF 7C 61 F6  .....lm..P0...a.
0040: 64 BA 77 3F A5 47 0D 02   4D E2 C5 FF 52 1B 3A 9D  d.w?.G..M...R.:.
0050: C5 EA CE FF 32 66 5E 30   2D D2 7E 63 CD 02 E3 97  ....2f^0-..c....
0060: 33 40 3A 4E 1A 84 A5 6E   04 BA 25 7B 7E AD D0 E3  3@:N...n..%.....
0070: 31 E8 1C 0D 8B A3 F3 03   88 AB 07 E2 2D 19 64 B6  1...........-.d.
0080: 9B F4 20 E2 81 8C 76 B9   12 37 5E 46 07 B0 5E 27  .. ...v..7^F..^'
0090: 45 84 E3 93 AE 0F 62 30   C6 19 5F 5D 08 1C 5F C5  E.....b0.._].._.
00A0: 00 73 FB B0 40 7D 14 70   E6 34 30 D3 01 F6 40 3C  .s..@..p.40...@<
00B0: 55 3A F4 67 3A F5 2C BB   F2 99 71 16 37 6D 4A 17  U:.g:.,...q.7mJ.
00C0: B5 09 5C 73 59 20 6B 6E   F6 B1 6A 1E C4 EB 7B C3  ..\sY kn..j.....
00D0: 93 54 25 7E 8E 12 B7 95   8A F3 80 49 1D 53 4D 97  .T%........I.SM.
00E0: 3F 4D 58 60 18 FA 96 41   FF 80 D5 95 8E 99 31 7E  ?MX`...A......1.
00F0: 43 22 59 53 F1 8D E8 61   8E D7 32 91 62 BB 7F 36  C"YS...a..2.b..6

]
2023-08-24 06:05:18,583 [Time-limited test] INFO  ssl.ReloadingX509TrustManager (ReloadingX509TrustManager.java:insertCertsToKeystore(188)) - Trust manager is loaded with certificates
2023-08-24 06:05:18,584 [Time-limited test] INFO  ssl.ReloadingX509TrustManager (ReloadingX509TrustManager.java:insertCertsToKeystore(192)) - [
[
  Version: V3
  Subject: O=cluster1, OU=scm1, CN=rootCA@localhost
  Signature Algorithm: SHA256withRSA, OID = 1.2.840.113549.1.1.11

  Key:  Sun RSA public key, 2048 bits
  params: null
  modulus: 21462891371865198816422203842735812687609535978983645064563894432324288596606176540839096380380121778457034140084914228157628469975897371891744969413664307202207450841331282645827784574657195993767737488766421160302638035043326849090317560770321019774090598310219088214013746136362372235494365223110098781633216834161037477934335613769522368584795367239979802803374547475212540202444575814394256257106280792520953755060154690275175090596094050273314479503586139861585225197991508812392115539124028913285656712270837239944682595878491268918744298020972847355858853725261405521802845927569953302376531335750289353635831
  public exponent: 65537
  Validity: [From: Thu Aug 24 06:05:18 UTC 2023,
               To: Sun Oct 01 06:05:18 UTC 2028]
  Issuer: O=cluster1, OU=scm1, CN=rootCA@localhost
  SerialNumber: [    01]

Certificate Extensions: 2
[1]: ObjectId: 2.5.29.19 Criticality=true
BasicConstraints:[
  CA:true
  PathLen:2147483647
]

[2]: ObjectId: 2.5.29.15 Criticality=true
KeyUsage [
  Key_CertSign
  Crl_Sign
]

]
  Algorithm: [SHA256withRSA]
  Signature:
0000: 2A 77 E8 A3 19 98 39 B4   63 0E 8C 29 AB DB 53 5A  *w....9.c..)..SZ
0010: F4 9B 90 29 76 4D FA 45   02 00 13 19 50 26 76 86  ...)vM.E....P&v.
0020: D0 5F 36 6E F7 D3 D3 04   BF 8D 4B 9A 41 BB 90 18  ._6n......K.A...
0030: FB F3 BD C3 A9 6C 6D 86   BE 50 30 CF EF 7C 61 F6  .....lm..P0...a.
0040: 64 BA 77 3F A5 47 0D 02   4D E2 C5 FF 52 1B 3A 9D  d.w?.G..M...R.:.
0050: C5 EA CE FF 32 66 5E 30   2D D2 7E 63 CD 02 E3 97  ....2f^0-..c....
0060: 33 40 3A 4E 1A 84 A5 6E   04 BA 25 7B 7E AD D0 E3  3@:N...n..%.....
0070: 31 E8 1C 0D 8B A3 F3 03   88 AB 07 E2 2D 19 64 B6  1...........-.d.
0080: 9B F4 20 E2 81 8C 76 B9   12 37 5E 46 07 B0 5E 27  .. ...v..7^F..^'
0090: 45 84 E3 93 AE 0F 62 30   C6 19 5F 5D 08 1C 5F C5  E.....b0.._].._.
00A0: 00 73 FB B0 40 7D 14 70   E6 34 30 D3 01 F6 40 3C  .s..@..p.40...@<
00B0: 55 3A F4 67 3A F5 2C BB   F2 99 71 16 37 6D 4A 17  U:.g:.,...q.7mJ.
00C0: B5 09 5C 73 59 20 6B 6E   F6 B1 6A 1E C4 EB 7B C3  ..\sY kn..j.....
00D0: 93 54 25 7E 8E 12 B7 95   8A F3 80 49 1D 53 4D 97  .T%........I.SM.
00E0: 3F 4D 58 60 18 FA 96 41   FF 80 D5 95 8E 99 31 7E  ?MX`...A......1.
00F0: 43 22 59 53 F1 8D E8 61   8E D7 32 91 62 BB 7F 36  C"YS...a..2.b..6

]
2023-08-24 06:05:18,584 [Time-limited test] INFO  ssl.ReloadingX509KeyManager (ReloadingX509KeyManager.java:loadKeyManager(222)) - Key manager is loaded with certificate chain
2023-08-24 06:05:18,585 [Time-limited test] INFO  ssl.ReloadingX509KeyManager (ReloadingX509KeyManager.java:loadKeyManager(224)) - [
[
  Version: V3
  Subject: O=cluster1, OU=scm1, CN=localhost
  Signature Algorithm: SHA256withRSA, OID = 1.2.840.113549.1.1.11

  Key:  Sun RSA public key, 2048 bits
  params: null
  modulus: 20821800724100458305956181031566274800236224843628636085182651144790771154355499127320534193983490128394002115814748999851727577919805485649742886044026156282327858700269945685676125639717275003620211498897410748049337072293772338959132886860107711008039989029908610824743137788401596936348291209114602716705449691974943184121763176673900832296417736805609735614481917701740024130190808270014623693658738459098489669193034268131837366704341951437439545478333216040426135454977488688863767949678493787712892703835092098392017338938935534970666289814841577048770791997764803294843269315103844010781170912867599997850101
  public exponent: 65537
  Validity: [From: Thu Aug 24 06:05:18 UTC 2023,
               To: Fri Aug 23 06:05:18 UTC 2024]
  Issuer: O=cluster1, OU=scm1, CN=rootCA@localhost
  SerialNumber: [    01713c80 875e]

Certificate Extensions: 1
[1]: ObjectId: 2.5.29.15 Criticality=true
KeyUsage [
  DigitalSignature
  Key_Encipherment
  Data_Encipherment
  Key_Agreement
]

]
  Algorithm: [SHA256withRSA]
  Signature:
0000: 31 A8 31 76 7C 66 B0 07   9E E4 04 C6 73 83 37 6F  1.1v.f......s.7o
0010: 35 D4 B3 CE 64 B0 7B C5   3B 6C A3 89 5F E7 48 D3  5...d...;l.._.H.
0020: E6 BC 2B C3 C9 6C 14 64   2E F5 86 A0 CC AB 6F A8  ..+..l.d......o.
0030: 76 C8 07 E5 B1 92 12 27   C6 E5 F7 BF 45 4F BE 33  v......'....EO.3
0040: 8E 0D 8B 7E F7 65 CC E3   2D 73 47 D7 58 EA D4 F7  .....e..-sG.X...
0050: B5 C5 C6 09 0A 59 08 C5   6A 6C 1D CD A3 1D DB 87  .....Y..jl......
0060: 9E 28 65 8B 67 C1 3C D6   AC BA C8 4A 2C A8 F9 41  .(e.g.<....J,..A
0070: 10 1F B4 CB 08 AA 50 94   16 D8 77 1D AA 10 31 D0  ......P...w...1.
0080: 34 F1 04 AD 21 67 CC 2B   DA 57 6E 27 05 50 C3 30  4...!g.+.Wn'.P.0
0090: 1F 7D F3 D9 A4 E2 59 41   B4 E2 7A D1 C3 07 B9 8C  ......YA..z.....
00A0: C8 CA 62 FC 9A 17 79 C9   DF A0 CD 83 6B B8 1B 1F  ..b...y.....k...
00B0: 41 63 65 E4 44 74 9A 58   AF 19 AD A2 7F C4 FF 9C  Ace.Dt.X........
00C0: 9B 48 C2 F6 06 D0 EB 52   4A 31 B5 8B 53 1C 88 D1  .H.....RJ1..S...
00D0: A9 98 6A 72 B8 90 02 5D   6A 71 A2 84 EB 2C 78 B6  ..jr...]jq...,x.
00E0: 6C C9 97 E2 80 87 69 78   6D 95 19 8F F9 6D D4 81  l.....ixm....m..
00F0: 88 A5 21 E6 11 9C 4C 51   65 DD C9 11 17 F3 B5 DD  ..!...LQe.......

]
2023-08-24 06:05:18,586 [Time-limited test] INFO  ssl.ReloadingX509KeyManager (ReloadingX509KeyManager.java:loadKeyManager(224)) - [
[
  Version: V3
  Subject: O=cluster1, OU=scm1, CN=rootCA@localhost
  Signature Algorithm: SHA256withRSA, OID = 1.2.840.113549.1.1.11

  Key:  Sun RSA public key, 2048 bits
  params: null
  modulus: 21462891371865198816422203842735812687609535978983645064563894432324288596606176540839096380380121778457034140084914228157628469975897371891744969413664307202207450841331282645827784574657195993767737488766421160302638035043326849090317560770321019774090598310219088214013746136362372235494365223110098781633216834161037477934335613769522368584795367239979802803374547475212540202444575814394256257106280792520953755060154690275175090596094050273314479503586139861585225197991508812392115539124028913285656712270837239944682595878491268918744298020972847355858853725261405521802845927569953302376531335750289353635831
  public exponent: 65537
  Validity: [From: Thu Aug 24 06:05:18 UTC 2023,
               To: Sun Oct 01 06:05:18 UTC 2028]
  Issuer: O=cluster1, OU=scm1, CN=rootCA@localhost
  SerialNumber: [    01]

Certificate Extensions: 2
[1]: ObjectId: 2.5.29.19 Criticality=true
BasicConstraints:[
  CA:true
  PathLen:2147483647
]

[2]: ObjectId: 2.5.29.15 Criticality=true
KeyUsage [
  Key_CertSign
  Crl_Sign
]

]
  Algorithm: [SHA256withRSA]
  Signature:
0000: 2A 77 E8 A3 19 98 39 B4   63 0E 8C 29 AB DB 53 5A  *w....9.c..)..SZ
0010: F4 9B 90 29 76 4D FA 45   02 00 13 19 50 26 76 86  ...)vM.E....P&v.
0020: D0 5F 36 6E F7 D3 D3 04   BF 8D 4B 9A 41 BB 90 18  ._6n......K.A...
0030: FB F3 BD C3 A9 6C 6D 86   BE 50 30 CF EF 7C 61 F6  .....lm..P0...a.
0040: 64 BA 77 3F A5 47 0D 02   4D E2 C5 FF 52 1B 3A 9D  d.w?.G..M...R.:.
0050: C5 EA CE FF 32 66 5E 30   2D D2 7E 63 CD 02 E3 97  ....2f^0-..c....
0060: 33 40 3A 4E 1A 84 A5 6E   04 BA 25 7B 7E AD D0 E3  3@:N...n..%.....
0070: 31 E8 1C 0D 8B A3 F3 03   88 AB 07 E2 2D 19 64 B6  1...........-.d.
0080: 9B F4 20 E2 81 8C 76 B9   12 37 5E 46 07 B0 5E 27  .. ...v..7^F..^'
0090: 45 84 E3 93 AE 0F 62 30   C6 19 5F 5D 08 1C 5F C5  E.....b0.._].._.
00A0: 00 73 FB B0 40 7D 14 70   E6 34 30 D3 01 F6 40 3C  .s..@..p.40...@<
00B0: 55 3A F4 67 3A F5 2C BB   F2 99 71 16 37 6D 4A 17  U:.g:.,...q.7mJ.
00C0: B5 09 5C 73 59 20 6B 6E   F6 B1 6A 1E C4 EB 7B C3  ..\sY kn..j.....
00D0: 93 54 25 7E 8E 12 B7 95   8A F3 80 49 1D 53 4D 97  .T%........I.SM.
00E0: 3F 4D 58 60 18 FA 96 41   FF 80 D5 95 8E 99 31 7E  ?MX`...A......1.
00F0: 43 22 59 53 F1 8D E8 61   8E D7 32 91 62 BB 7F 36  C"YS...a..2.b..6

]
2023-08-24 06:05:18,586 [Time-limited test] INFO  ssl.ReloadingX509TrustManager (ReloadingX509TrustManager.java:insertCertsToKeystore(188)) - Trust manager is loaded with certificates
2023-08-24 06:05:18,587 [Time-limited test] INFO  ssl.ReloadingX509TrustManager (ReloadingX509TrustManager.java:insertCertsToKeystore(192)) - [
[
  Version: V3
  Subject: O=cluster1, OU=scm1, CN=rootCA@localhost
  Signature Algorithm: SHA256withRSA, OID = 1.2.840.113549.1.1.11

  Key:  Sun RSA public key, 2048 bits
  params: null
  modulus: 21462891371865198816422203842735812687609535978983645064563894432324288596606176540839096380380121778457034140084914228157628469975897371891744969413664307202207450841331282645827784574657195993767737488766421160302638035043326849090317560770321019774090598310219088214013746136362372235494365223110098781633216834161037477934335613769522368584795367239979802803374547475212540202444575814394256257106280792520953755060154690275175090596094050273314479503586139861585225197991508812392115539124028913285656712270837239944682595878491268918744298020972847355858853725261405521802845927569953302376531335750289353635831
  public exponent: 65537
  Validity: [From: Thu Aug 24 06:05:18 UTC 2023,
               To: Sun Oct 01 06:05:18 UTC 2028]
  Issuer: O=cluster1, OU=scm1, CN=rootCA@localhost
  SerialNumber: [    01]

Certificate Extensions: 2
[1]: ObjectId: 2.5.29.19 Criticality=true
BasicConstraints:[
  CA:true
  PathLen:2147483647
]

[2]: ObjectId: 2.5.29.15 Criticality=true
KeyUsage [
  Key_CertSign
  Crl_Sign
]

]
  Algorithm: [SHA256withRSA]
  Signature:
0000: 2A 77 E8 A3 19 98 39 B4   63 0E 8C 29 AB DB 53 5A  *w....9.c..)..SZ
0010: F4 9B 90 29 76 4D FA 45   02 00 13 19 50 26 76 86  ...)vM.E....P&v.
0020: D0 5F 36 6E F7 D3 D3 04   BF 8D 4B 9A 41 BB 90 18  ._6n......K.A...
0030: FB F3 BD C3 A9 6C 6D 86   BE 50 30 CF EF 7C 61 F6  .....lm..P0...a.
0040: 64 BA 77 3F A5 47 0D 02   4D E2 C5 FF 52 1B 3A 9D  d.w?.G..M...R.:.
0050: C5 EA CE FF 32 66 5E 30   2D D2 7E 63 CD 02 E3 97  ....2f^0-..c....
0060: 33 40 3A 4E 1A 84 A5 6E   04 BA 25 7B 7E AD D0 E3  3@:N...n..%.....
0070: 31 E8 1C 0D 8B A3 F3 03   88 AB 07 E2 2D 19 64 B6  1...........-.d.
0080: 9B F4 20 E2 81 8C 76 B9   12 37 5E 46 07 B0 5E 27  .. ...v..7^F..^'
0090: 45 84 E3 93 AE 0F 62 30   C6 19 5F 5D 08 1C 5F C5  E.....b0.._].._.
00A0: 00 73 FB B0 40 7D 14 70   E6 34 30 D3 01 F6 40 3C  .s..@..p.40...@<
00B0: 55 3A F4 67 3A F5 2C BB   F2 99 71 16 37 6D 4A 17  U:.g:.,...q.7mJ.
00C0: B5 09 5C 73 59 20 6B 6E   F6 B1 6A 1E C4 EB 7B C3  ..\sY kn..j.....
00D0: 93 54 25 7E 8E 12 B7 95   8A F3 80 49 1D 53 4D 97  .T%........I.SM.
00E0: 3F 4D 58 60 18 FA 96 41   FF 80 D5 95 8E 99 31 7E  ?MX`...A......1.
00F0: 43 22 59 53 F1 8D E8 61   8E D7 32 91 62 BB 7F 36  C"YS...a..2.b..6

]
2023-08-24 06:05:18,588 [Time-limited test] INFO  impl.MetricsSystemImpl (MetricsSystemImpl.java:init(158)) - OzoneManager metrics system started (again)
2023-08-24 06:05:18,600 [Time-limited test] INFO  om.OzoneManager (OzoneManager.java:start(1613)) - OzoneManager RPC server is listening at fv-az582-512.vyw2dcplbgbehesrvt3jseauje.cx.internal.cloudapp.net/10.1.0.20:1202
2023-08-24 06:05:18,600 [Time-limited test] INFO  ratis.OzoneManagerRatisServer (OzoneManagerRatisServer.java:start(558)) - Starting OzoneManagerRatisServer om1 at port 9872
2023-08-24 06:05:18,600 [om1-impl-thread1] INFO  storage.RaftStorageDirectory (RaftStorageDirectoryImpl.java:analyzeStorage(137)) - The storage directory /tmp/junit4414259945370304895/junit6948384849554629068/scm-meta/ratis/bf265839-605b-3f16-9796-c5ba1605619e does not exist. Creating ...
2023-08-24 06:05:18,601 [om1-impl-thread1] INFO  storage.RaftStorageDirectory (RaftStorageDirectoryImpl.java:tryLock(231)) - Lock on /tmp/junit4414259945370304895/junit6948384849554629068/scm-meta/ratis/bf265839-605b-3f16-9796-c5ba1605619e/in_use.lock acquired by nodename 9411@fv-az582-512
2023-08-24 06:05:18,602 [om1-impl-thread1] INFO  storage.RaftStorage (RaftStorageImpl.java:format(96)) - Storage directory /tmp/junit4414259945370304895/junit6948384849554629068/scm-meta/ratis/bf265839-605b-3f16-9796-c5ba1605619e has been successfully formatted.
2023-08-24 06:05:18,603 [om1-impl-thread1] INFO  server.RaftServerConfigKeys (ConfUtils.java:logGet(46)) - raft.server.log.use.memory = false (default)
2023-08-24 06:05:18,603 [om1-impl-thread1] INFO  server.RaftServerConfigKeys (ConfUtils.java:logGet(46)) - raft.server.log.purge.gap = 1000000 (custom)
2023-08-24 06:05:18,603 [om1-impl-thread1] INFO  server.RaftServerConfigKeys (ConfUtils.java:logGet(46)) - raft.server.log.appender.buffer.byte-limit = 33554432 (custom)
2023-08-24 06:05:18,603 [om1-impl-thread1] INFO  server.RaftServerConfigKeys (ConfUtils.java:logGet(46)) - raft.server.log.statemachine.data.read.timeout = 1000ms (default)
2023-08-24 06:05:18,603 [om1-impl-thread1] INFO  server.RaftServerConfigKeys (ConfUtils.java:logGet(46)) - raft.server.log.purge.preservation.log.num = 0 (default)
2023-08-24 06:05:18,603 [om1-impl-thread1] INFO  server.RaftServerConfigKeys (ConfUtils.java:logGet(46)) - raft.server.log.segment.size.max = 4194304 (custom)
2023-08-24 06:05:18,603 [om1-impl-thread1] INFO  server.RaftServerConfigKeys (ConfUtils.java:logGet(46)) - raft.server.log.segment.cache.num.max = 2 (custom)
2023-08-24 06:05:18,603 [om1-impl-thread1] INFO  server.RaftServerConfigKeys (ConfUtils.java:logGet(46)) - raft.server.log.segment.cache.size.max = 200MB (=209715200) (default)
2023-08-24 06:05:18,604 [om1-impl-thread1] INFO  server.RaftServerConfigKeys (ConfUtils.java:logGet(46)) - raft.server.log.appender.buffer.byte-limit = 33554432 (custom)
2023-08-24 06:05:18,604 [om1-impl-thread1] INFO  segmented.SegmentedRaftLogWorker (SegmentedRaftLogWorker.java:<init>(188)) - new om1@group-C5BA1605619E-SegmentedRaftLogWorker for RaftStorageImpl:Storage Directory /tmp/junit4414259945370304895/junit6948384849554629068/scm-meta/ratis/bf265839-605b-3f16-9796-c5ba1605619e
2023-08-24 06:05:18,604 [om1-impl-thread1] INFO  server.RaftServerConfigKeys (ConfUtils.java:logGet(46)) - raft.server.log.queue.byte-limit = 64MB (=67108864) (default)
2023-08-24 06:05:18,604 [om1-impl-thread1] INFO  server.RaftServerConfigKeys (ConfUtils.java:logGet(46)) - raft.server.log.queue.element-limit = 4096 (default)
2023-08-24 06:05:18,604 [om1-impl-thread1] INFO  server.RaftServerConfigKeys (ConfUtils.java:logGet(46)) - raft.server.log.segment.size.max = 4194304 (custom)
2023-08-24 06:05:18,604 [om1-impl-thread1] INFO  server.RaftServerConfigKeys (ConfUtils.java:logGet(46)) - raft.server.log.preallocated.size = 4194304 (custom)
2023-08-24 06:05:18,604 [om1-impl-thread1] INFO  server.RaftServerConfigKeys (ConfUtils.java:logGet(46)) - raft.server.log.force.sync.num = 128 (default)
2023-08-24 06:05:18,604 [om1-impl-thread1] INFO  server.RaftServerConfigKeys (ConfUtils.java:logGet(46)) - raft.server.log.statemachine.data.sync = true (default)
2023-08-24 06:05:18,604 [om1-impl-thread1] INFO  server.RaftServerConfigKeys (ConfUtils.java:logGet(46)) - raft.server.log.statemachine.data.sync.timeout = 10s (default)
2023-08-24 06:05:18,604 [om1-impl-thread1] INFO  server.RaftServerConfigKeys (ConfUtils.java:logGet(46)) - raft.server.log.statemachine.data.sync.timeout.retry = -1 (default)
2023-08-24 06:05:18,604 [om1-impl-thread1] INFO  server.RaftServerConfigKeys (ConfUtils.java:logGet(46)) - raft.server.log.write.buffer.size = 64KB (=65536) (default)
2023-08-24 06:05:18,604 [om1-impl-thread1] INFO  server.RaftServerConfigKeys (ConfUtils.java:logGet(46)) - raft.server.log.appender.buffer.byte-limit = 33554432 (custom)
2023-08-24 06:05:18,608 [om1-impl-thread1] INFO  server.RaftServerConfigKeys (ConfUtils.java:logGet(46)) - raft.server.log.unsafe-flush.enabled = false (default)
2023-08-24 06:05:18,608 [om1-impl-thread1] INFO  server.RaftServerConfigKeys (ConfUtils.java:logGet(46)) - raft.server.log.async-flush.enabled = false (default)
2023-08-24 06:05:18,608 [om1-impl-thread1] INFO  server.RaftServerConfigKeys (ConfUtils.java:logGet(46)) - raft.server.log.statemachine.data.caching.enabled = false (default)
2023-08-24 06:05:18,608 [om1-impl-thread1] INFO  segmented.SegmentedRaftLogWorker (SegmentedRaftLogWorker.java:lambda$new$0(135)) - om1@group-C5BA1605619E-SegmentedRaftLogWorker: flushIndex: setUnconditionally 0 -> -1
2023-08-24 06:05:18,608 [om1-impl-thread1] INFO  segmented.SegmentedRaftLogWorker (SegmentedRaftLogWorker.java:lambda$new$0(135)) - om1@group-C5BA1605619E-SegmentedRaftLogWorker: safeCacheEvictIndex: setUnconditionally 0 -> -1
2023-08-24 06:05:18,608 [om1-impl-thread1] INFO  server.RaftServer$Division (RaftServerImpl.java:start(342)) - om1@group-C5BA1605619E: start as a follower, conf=-1: peers:[om1|rpc:fv-az582-512.vyw2dcplbgbehesrvt3jseauje.cx.internal.cloudapp.net:9872|priority:0|startupRole:FOLLOWER]|listeners:[], old=null
2023-08-24 06:05:18,608 [om1-impl-thread1] INFO  server.RaftServer$Division (RaftServerImpl.java:setRole(329)) - om1@group-C5BA1605619E: changes role from      null to FOLLOWER at term 0 for startAsFollower
2023-08-24 06:05:18,611 [om1-impl-thread1] INFO  impl.RoleInfo (RoleInfo.java:updateAndGet(139)) - om1: start om1@group-C5BA1605619E-FollowerState
2023-08-24 06:05:18,611 [om1-impl-thread1] INFO  util.JmxRegister (JmxRegister.java:tryRegister(44)) - Successfully registered JMX Bean with object name Ratis:service=RaftServer,group=group-C5BA1605619E,id=om1
2023-08-24 06:05:18,611 [om1@group-C5BA1605619E-FollowerState] INFO  server.RaftServerConfigKeys (ConfUtils.java:logFallback(53)) - raft.server.rpc.first-election.timeout.min = 5s (fallback to raft.server.rpc.timeout.min)
2023-08-24 06:05:18,611 [om1-impl-thread1] INFO  server.RaftServerConfigKeys (ConfUtils.java:logGet(46)) - raft.server.snapshot.auto.trigger.enabled = true (custom)
2023-08-24 06:05:18,611 [om1@group-C5BA1605619E-FollowerState] INFO  server.RaftServerConfigKeys (ConfUtils.java:logFallback(53)) - raft.server.rpc.first-election.timeout.max = 5200ms (fallback to raft.server.rpc.timeout.max)
2023-08-24 06:05:18,611 [om1-impl-thread1] INFO  server.RaftServerConfigKeys (ConfUtils.java:logGet(46)) - raft.server.snapshot.auto.trigger.threshold = 400000 (default)
2023-08-24 06:05:18,611 [om1-impl-thread1] INFO  server.RaftServerConfigKeys (ConfUtils.java:logGet(46)) - raft.server.snapshot.retention.file.num = -1 (default)
2023-08-24 06:05:18,611 [om1-impl-thread1] INFO  server.RaftServerConfigKeys (ConfUtils.java:logGet(46)) - raft.server.log.purge.upto.snapshot.index = true (custom)
2023-08-24 06:05:18,612 [Time-limited test] INFO  server.RaftServer (RaftServerProxy.java:startImpl(400)) - om1: start RPC server
2023-08-24 06:05:18,613 [Time-limited test] INFO  server.GrpcService (GrpcService.java:startImpl(302)) - om1: GrpcService started, listening on 9872
2023-08-24 06:05:18,614 [Time-limited test] INFO  om.OzoneManager (OzoneManager.java:startSecretManager(1103)) - Starting OM delegation token secret manager
2023-08-24 06:05:18,614 [Time-limited test] INFO  security.OzoneDelegationTokenSecretManager (OzoneSecretManager.java:updateCurrentKey(175)) - Updating current master key for generating tokens. Cert id 1585857988446
2023-08-24 06:05:18,614 [JvmPauseMonitor5] INFO  util.JvmPauseMonitor (JvmPauseMonitor.java:run(103)) - JvmPauseMonitor-om1: Started
2023-08-24 06:05:18,614 [Thread[Thread-1295,5,FailOnTimeoutGroup]] INFO  security.OzoneDelegationTokenSecretManager (OzoneDelegationTokenSecretManager.java:run(636)) - Starting expired delegation token remover thread, tokenRemoverScanInterval=60 min(s)
2023-08-24 06:05:18,615 [Time-limited test] INFO  om.OzoneManager (OzoneManager.java:start(1629)) - Version File has different layout version (6) than OM DB (null). That is expected if this OM has never been finalized to a newer layout version.
2023-08-24 06:05:18,623 [Time-limited test] INFO  http.BaseHttpServer (BaseHttpServer.java:newHttpServer2BuilderForOzone(224)) - Starting Web-server for ozoneManager at: http://0.0.0.0:9874
2023-08-24 06:05:18,623 [Time-limited test] INFO  http.BaseHttpServer (BaseHttpServer.java:<init>(111)) - Hadoop Security Enabled: true Ozone Security Enabled: true Ozone HTTP Security Enabled: false 
2023-08-24 06:05:18,625 [Time-limited test] WARN  server.AuthenticationFilter (AuthenticationFilter.java:constructSecretProvider(240)) - Unable to initialize FileSignerSecretProvider, falling back to use random secrets. Reason: Could not read signature secret file: /home/runner/hadoop-http-auth-signature-secret
2023-08-24 06:05:18,625 [Time-limited test] INFO  http.HttpRequestLog (HttpRequestLog.java:getRequestLog(86)) - Http request log for http.requests.ozoneManager is not defined
2023-08-24 06:05:18,627 [Time-limited test] INFO  http.HttpServer2 (HttpServer2.java:addGlobalFilter(1031)) - Added global filter 'safety' (class=org.apache.hadoop.hdds.server.http.HttpServer2$QuotingInputFilter)
2023-08-24 06:05:18,628 [Time-limited test] INFO  http.HttpServer2 (HttpServer2.java:addFilter(1007)) - Added filter static_user_filter (class=org.apache.hadoop.http.lib.StaticUserWebFilter$StaticUserFilter) to context ozoneManager
2023-08-24 06:05:18,628 [Time-limited test] INFO  http.HttpServer2 (HttpServer2.java:addFilter(1015)) - Added filter static_user_filter (class=org.apache.hadoop.http.lib.StaticUserWebFilter$StaticUserFilter) to context static
2023-08-24 06:05:18,628 [Time-limited test] INFO  http.HttpServer2 (HttpServer2.java:addFilter(1015)) - Added filter static_user_filter (class=org.apache.hadoop.http.lib.StaticUserWebFilter$StaticUserFilter) to context logs
2023-08-24 06:05:18,632 [Time-limited test] INFO  http.BaseHttpServer (BaseHttpServer.java:<init>(190)) - HTTP server of ozoneManager uses base directory /tmp/junit4414259945370304895/junit6948384849554629068/scm-meta/webserver
2023-08-24 06:05:18,632 [Time-limited test] INFO  http.HttpServer2 (HttpServer2.java:bindListener(1250)) - Jetty bound to port 9874
2023-08-24 06:05:18,632 [Time-limited test] INFO  server.Server (Server.java:doStart(375)) - jetty-9.4.51.v20230217; built: 2023-02-17T08:19:37.309Z; git: b45c405e4544384de066f814ed42ae3dceacdd49; jvm 1.8.0_382-b05
2023-08-24 06:05:18,637 [Time-limited test] INFO  server.session (DefaultSessionIdManager.java:doStart(334)) - DefaultSessionIdManager workerName=node0
2023-08-24 06:05:18,637 [Time-limited test] INFO  server.session (DefaultSessionIdManager.java:doStart(339)) - No SessionScavenger set, using defaults
2023-08-24 06:05:18,638 [Time-limited test] INFO  server.session (HouseKeeper.java:startScavenging(132)) - node0 Scavenging every 660000ms
2023-08-24 06:05:18,640 [Time-limited test] INFO  handler.ContextHandler (ContextHandler.java:doStart(921)) - Started o.e.j.s.ServletContextHandler@168c81e2{logs,/logs,file:///home/runner/work/ozone/ozone/hadoop-ozone/integration-test/target/log,AVAILABLE}
2023-08-24 06:05:18,640 [Time-limited test] INFO  handler.ContextHandler (ContextHandler.java:doStart(921)) - Started o.e.j.s.ServletContextHandler@75bc97da{static,/static,file:///home/runner/work/ozone/ozone/hadoop-ozone/integration-test/target/test-classes/webapps/static,AVAILABLE}
2023-08-24 06:05:18,643 [Time-limited test] INFO  handler.ContextHandler (ContextHandler.java:doStart(921)) - Started o.e.j.w.WebAppContext@1bae57d7{ozoneManager,/,file:///home/runner/work/ozone/ozone/hadoop-ozone/integration-test/target/test-classes/webapps/ozoneManager/,AVAILABLE}{file:/home/runner/work/ozone/ozone/hadoop-ozone/integration-test/target/test-classes/webapps/ozoneManager}
2023-08-24 06:05:18,644 [Time-limited test] INFO  server.AbstractConnector (AbstractConnector.java:doStart(333)) - Started ServerConnector@3d86ff9c{HTTP/1.1, (http/1.1)}{0.0.0.0:9874}
2023-08-24 06:05:18,644 [Time-limited test] INFO  server.Server (Server.java:doStart(415)) - Started @65641ms
2023-08-24 06:05:18,650 [Time-limited test] WARN  impl.MetricsSystemImpl (MetricsSystemImpl.java:register(279)) - Sink prometheus already exists!
2023-08-24 06:05:18,650 [Time-limited test] INFO  http.BaseHttpServer (BaseHttpServer.java:updateConnectorAddress(344)) - HTTP server of ozoneManager listening at http://0.0.0.0:9874
2023-08-24 06:05:18,650 [IPC Server Responder] INFO  ipc.Server (Server.java:run(1562)) - IPC Server Responder: starting
2023-08-24 06:05:18,651 [IPC Server listener on 1202] INFO  ipc.Server (Server.java:run(1402)) - IPC Server listener on 1202: starting
2023-08-24 06:05:18,658 [Time-limited test] INFO  om.OzoneManager (OzoneManager.java:startTrashEmptier(2081)) - Trash Interval set to 0. Files deleted won't move to trash
2023-08-24 06:05:18,662 [pool-328-thread-2] INFO  request.KdcRequest (KdcRequest.java:preauth(651)) - The preauth data is empty.
2023-08-24 06:05:18,662 [pool-328-thread-2] INFO  server.KdcHandler (KdcHandler.java:handleRecoverableException(177)) - KRB error occurred while processing request:Additional pre-authentication required
2023-08-24 06:05:18,665 [pool-328-thread-2] INFO  request.AsRequest (AsRequest.java:issueTicket(112)) - AS_REQ ISSUE: authtime 1692857118665,test@EXAMPLE.COM for krbtgt/EXAMPLE.COM@EXAMPLE.COM
2023-08-24 06:05:18,678 [pool-328-thread-2] INFO  request.TgsRequest (TgsRequest.java:issueTicket(115)) - TGS_REQ ISSUE: authtime 1692857118678,test for om/fv-az582-512.vyw2dcplbgbehesrvt3jseauje.cx.internal.cloudapp.net@EXAMPLE.COM
2023-08-24 06:05:18,689 [Socket Reader #1 for port 1202] INFO  ipc.Server (Server.java:saslProcess(2139)) - Auth successful for test@EXAMPLE.COM (auth:KERBEROS) from fv-az582-512.vyw2dcplbgbehesrvt3jseauje.cx.internal.cloudapp.net:41352 / 10.1.0.20:41352
2023-08-24 06:05:20,704 [Time-limited test] INFO  retry.RetryInvocationHandler (RetryInvocationHandler.java:log(422)) - com.google.protobuf.ServiceException: org.apache.hadoop.ipc.RemoteException(org.apache.hadoop.ozone.om.exceptions.OMNotLeaderException): OM:om1 is not the leader. Could not determine the leader node.
	at org.apache.hadoop.ozone.om.OzoneManager.checkLeaderStatus(OzoneManager.java:3996)
	at org.apache.hadoop.ozone.om.ratis.utils.OzoneManagerRatisUtils.checkLeaderStatus(OzoneManagerRatisUtils.java:473)
	at org.apache.hadoop.ozone.protocolPB.OzoneManagerProtocolServerSideTranslatorPB.processRequest(OzoneManagerProtocolServerSideTranslatorPB.java:185)
	at org.apache.hadoop.hdds.server.OzoneProtocolMessageDispatcher.processRequest(OzoneProtocolMessageDispatcher.java:87)
	at org.apache.hadoop.ozone.protocolPB.OzoneManagerProtocolServerSideTranslatorPB.submitRequest(OzoneManagerProtocolServerSideTranslatorPB.java:148)
	at org.apache.hadoop.ozone.protocol.proto.OzoneManagerProtocolProtos$OzoneManagerService$2.callBlockingMethod(OzoneManagerProtocolProtos.java)
	at org.apache.hadoop.ipc.ProtobufRpcEngine$Server.processCall(ProtobufRpcEngine.java:484)
	at org.apache.hadoop.ipc.ProtobufRpcEngine2$Server$ProtoBufRpcInvoker.call(ProtobufRpcEngine2.java:595)
	at org.apache.hadoop.ipc.ProtobufRpcEngine2$Server$ProtoBufRpcInvoker.call(ProtobufRpcEngine2.java:573)
	at org.apache.hadoop.ipc.RPC$Server.call(RPC.java:1227)
	at org.apache.hadoop.ipc.Server$RpcCall.run(Server.java:1094)
	at org.apache.hadoop.ipc.Server$RpcCall.run(Server.java:1017)
	at java.security.AccessController.doPrivileged(Native Method)
	at javax.security.auth.Subject.doAs(Subject.java:422)
	at org.apache.hadoop.security.UserGroupInformation.doAs(UserGroupInformation.java:1899)
	at org.apache.hadoop.ipc.Server$Handler.run(Server.java:3048)
, while invoking $Proxy53.submitRequest over nodeId=null,nodeAddress=fv-az582-512.vyw2dcplbgbehesrvt3jseauje.cx.internal.cloudapp.net:1202 after 1 failover attempts. Trying to failover after sleeping for 4000ms. Current retry count: 1.
2023-08-24 06:05:23,656 [om1@group-C5BA1605619E-FollowerState] INFO  impl.FollowerState (FollowerState.java:run(143)) - om1@group-C5BA1605619E-FollowerState: change to CANDIDATE, lastRpcElapsedTime:5045627459ns, electionTimeout:5045ms
2023-08-24 06:05:23,657 [om1@group-C5BA1605619E-FollowerState] INFO  impl.RoleInfo (RoleInfo.java:shutdownFollowerState(110)) - om1: shutdown om1@group-C5BA1605619E-FollowerState
2023-08-24 06:05:23,657 [om1@group-C5BA1605619E-FollowerState] INFO  server.RaftServer$Division (RaftServerImpl.java:setRole(329)) - om1@group-C5BA1605619E: changes role from  FOLLOWER to CANDIDATE at term 0 for changeToCandidate
2023-08-24 06:05:23,657 [om1@group-C5BA1605619E-FollowerState] INFO  server.RaftServerConfigKeys (ConfUtils.java:logGet(46)) - raft.server.leaderelection.pre-vote = true (default)
2023-08-24 06:05:23,657 [om1@group-C5BA1605619E-FollowerState] INFO  impl.RoleInfo (RoleInfo.java:updateAndGet(139)) - om1: start om1@group-C5BA1605619E-LeaderElection2
2023-08-24 06:05:23,662 [om1@group-C5BA1605619E-LeaderElection2] INFO  impl.LeaderElection (LeaderElection.java:askForVotes(321)) - om1@group-C5BA1605619E-LeaderElection2 PRE_VOTE round 0: submit vote requests at term 0 for -1: peers:[om1|rpc:fv-az582-512.vyw2dcplbgbehesrvt3jseauje.cx.internal.cloudapp.net:9872|priority:0|startupRole:FOLLOWER]|listeners:[], old=null
2023-08-24 06:05:23,662 [om1@group-C5BA1605619E-LeaderElection2] INFO  impl.LeaderElection (LeaderElection.java:askForVotes(323)) - om1@group-C5BA1605619E-LeaderElection2 PRE_VOTE round 0: result PASSED (term=0)
2023-08-24 06:05:23,664 [om1@group-C5BA1605619E-LeaderElection2] INFO  impl.LeaderElection (LeaderElection.java:askForVotes(321)) - om1@group-C5BA1605619E-LeaderElection2 ELECTION round 0: submit vote requests at term 1 for -1: peers:[om1|rpc:fv-az582-512.vyw2dcplbgbehesrvt3jseauje.cx.internal.cloudapp.net:9872|priority:0|startupRole:FOLLOWER]|listeners:[], old=null
2023-08-24 06:05:23,664 [om1@group-C5BA1605619E-LeaderElection2] INFO  impl.LeaderElection (LeaderElection.java:askForVotes(323)) - om1@group-C5BA1605619E-LeaderElection2 ELECTION round 0: result PASSED (term=1)
2023-08-24 06:05:23,664 [om1@group-C5BA1605619E-LeaderElection2] INFO  impl.RoleInfo (RoleInfo.java:shutdownLeaderElection(130)) - om1: shutdown om1@group-C5BA1605619E-LeaderElection2
2023-08-24 06:05:23,664 [om1@group-C5BA1605619E-LeaderElection2] INFO  server.RaftServer$Division (RaftServerImpl.java:setRole(329)) - om1@group-C5BA1605619E: changes role from CANDIDATE to LEADER at term 1 for changeToLeader
2023-08-24 06:05:23,664 [om1@group-C5BA1605619E-LeaderElection2] INFO  server.RaftServer$Division (ServerState.java:setLeader(317)) - om1@group-C5BA1605619E: change Leader from null to om1 at term 1 for becomeLeader, leader elected after 5847ms
2023-08-24 06:05:23,664 [om1@group-C5BA1605619E-LeaderElection2] INFO  server.RaftServerConfigKeys (ConfUtils.java:logGet(46)) - raft.server.staging.catchup.gap = 1000 (default)
2023-08-24 06:05:23,665 [om1@group-C5BA1605619E-LeaderElection2] INFO  server.RaftServerConfigKeys (ConfUtils.java:logGet(46)) - raft.server.write.element-limit = 4096 (default)
2023-08-24 06:05:23,665 [om1@group-C5BA1605619E-LeaderElection2] INFO  server.RaftServerConfigKeys (ConfUtils.java:logGet(46)) - raft.server.write.byte-limit = 64MB (=67108864) (default)
2023-08-24 06:05:23,665 [om1@group-C5BA1605619E-LeaderElection2] INFO  server.RaftServerConfigKeys (ConfUtils.java:logGet(46)) - raft.server.watch.timeout = 10s (default)
2023-08-24 06:05:23,665 [om1@group-C5BA1605619E-LeaderElection2] INFO  server.RaftServerConfigKeys (ConfUtils.java:logGet(46)) - raft.server.watch.timeout.denomination = 1s (default)
2023-08-24 06:05:23,665 [om1@group-C5BA1605619E-LeaderElection2] INFO  server.RaftServerConfigKeys (ConfUtils.java:logGet(46)) - raft.server.watch.element-limit = 65536 (default)
2023-08-24 06:05:23,665 [om1@group-C5BA1605619E-LeaderElection2] INFO  server.RaftServerConfigKeys (ConfUtils.java:logGet(46)) - raft.server.write.element-limit = 4096 (default)
2023-08-24 06:05:23,665 [om1@group-C5BA1605619E-LeaderElection2] INFO  server.RaftServerConfigKeys (ConfUtils.java:logGet(46)) - raft.server.write.follower.gap.ratio.max = -1.0 (default)
2023-08-24 06:05:23,666 [om1@group-C5BA1605619E-LeaderElection2] INFO  impl.RoleInfo (RoleInfo.java:updateAndGet(139)) - om1: start om1@group-C5BA1605619E-LeaderStateImpl
2023-08-24 06:05:23,666 [om1@group-C5BA1605619E-LeaderElection2] INFO  segmented.SegmentedRaftLogWorker (SegmentedRaftLogWorker.java:startLogSegment(447)) - om1@group-C5BA1605619E-SegmentedRaftLogWorker: Starting segment from index:0
2023-08-24 06:05:23,675 [om1@group-C5BA1605619E-SegmentedRaftLogWorker] INFO  segmented.SegmentedRaftLogWorker (SegmentedRaftLogWorker.java:execute(651)) - om1@group-C5BA1605619E-SegmentedRaftLogWorker: created new log segment /tmp/junit4414259945370304895/junit6948384849554629068/scm-meta/ratis/bf265839-605b-3f16-9796-c5ba1605619e/current/log_inprogress_0
2023-08-24 06:05:23,677 [om1@group-C5BA1605619E-LeaderElection2] INFO  server.RaftServer$Division (ServerState.java:setRaftConf(434)) - om1@group-C5BA1605619E: set configuration 0: peers:[om1|rpc:fv-az582-512.vyw2dcplbgbehesrvt3jseauje.cx.internal.cloudapp.net:9872|admin:|client:|dataStream:|priority:0|startupRole:FOLLOWER]|listeners:[], old=null
2023-08-24 06:05:23,679 [om1@group-C5BA1605619E-StateMachineUpdater] INFO  ratis.OzoneManagerStateMachine (OzoneManagerStateMachine.java:notifyConfigurationChanged(202)) - Received Configuration change notification from Ratis. New Peer list:
[id: "om1"
address: "fv-az582-512.vyw2dcplbgbehesrvt3jseauje.cx.internal.cloudapp.net:9872"
startupRole: FOLLOWER
]
2023-08-24 06:05:24,726 [OM StateMachine ApplyTransaction Thread - 0] INFO  volume.OMVolumeCreateRequest (OMVolumeCreateRequest.java:validateAndUpdateCache(196)) - created volume:vol1 for user:owner1
2023-08-24 06:05:24,765 [Time-limited test] WARN  ipc.Client (Client.java:run(733)) - Exception encountered while connecting to the server fv-az582-512.vyw2dcplbgbehesrvt3jseauje.cx.internal.cloudapp.net/10.1.0.20:1202
org.apache.hadoop.security.AccessControlException: Client cannot authenticate via:[TOKEN, KERBEROS]
	at org.apache.hadoop.security.SaslRpcClient.selectSaslClient(SaslRpcClient.java:179)
	at org.apache.hadoop.security.SaslRpcClient.saslConnect(SaslRpcClient.java:392)
	at org.apache.hadoop.ipc.Client$Connection.setupSaslConnection(Client.java:561)
	at org.apache.hadoop.ipc.Client$Connection.access$2100(Client.java:347)
	at org.apache.hadoop.ipc.Client$Connection$2.run(Client.java:783)
	at org.apache.hadoop.ipc.Client$Connection$2.run(Client.java:779)
	at java.security.AccessController.doPrivileged(Native Method)
	at javax.security.auth.Subject.doAs(Subject.java:422)
	at org.apache.hadoop.security.UserGroupInformation.doAs(UserGroupInformation.java:1899)
	at org.apache.hadoop.ipc.Client$Connection.setupIOstreams(Client.java:779)
	at org.apache.hadoop.ipc.Client$Connection.access$3800(Client.java:347)
	at org.apache.hadoop.ipc.Client.getConnection(Client.java:1632)
	at org.apache.hadoop.ipc.Client.call(Client.java:1457)
	at org.apache.hadoop.ipc.Client.call(Client.java:1410)
	at org.apache.hadoop.ipc.ProtobufRpcEngine$Invoker.invoke(ProtobufRpcEngine.java:250)
	at org.apache.hadoop.ipc.ProtobufRpcEngine$Invoker.invoke(ProtobufRpcEngine.java:132)
	at com.sun.proxy.$Proxy53.submitRequest(Unknown Source)
	at sun.reflect.GeneratedMethodAccessor22.invoke(Unknown Source)
	at sun.reflect.DelegatingMethodAccessorImpl.invoke(DelegatingMethodAccessorImpl.java:43)
	at java.lang.reflect.Method.invoke(Method.java:498)
	at org.apache.hadoop.io.retry.RetryInvocationHandler.invokeMethod(RetryInvocationHandler.java:433)
	at org.apache.hadoop.io.retry.RetryInvocationHandler$Call.invokeMethod(RetryInvocationHandler.java:166)
	at org.apache.hadoop.io.retry.RetryInvocationHandler$Call.invoke(RetryInvocationHandler.java:158)
	at org.apache.hadoop.io.retry.RetryInvocationHandler$Call.invokeOnce(RetryInvocationHandler.java:96)
	at org.apache.hadoop.io.retry.RetryInvocationHandler.invoke(RetryInvocationHandler.java:362)
	at com.sun.proxy.$Proxy53.submitRequest(Unknown Source)
	at org.apache.hadoop.ozone.om.protocolPB.Hadoop3OmTransport.submitRequest(Hadoop3OmTransport.java:80)
	at org.apache.hadoop.ozone.om.protocolPB.OzoneManagerProtocolClientSideTranslatorPB.submitRequest(OzoneManagerProtocolClientSideTranslatorPB.java:321)
	at org.apache.hadoop.ozone.om.protocolPB.OzoneManagerProtocolClientSideTranslatorPB.listVolume(OzoneManagerProtocolClientSideTranslatorPB.java:527)
	at org.apache.hadoop.ozone.om.protocolPB.OzoneManagerProtocolClientSideTranslatorPB.listAllVolumes(OzoneManagerProtocolClientSideTranslatorPB.java:516)
	at org.apache.hadoop.ozone.TestSecureOzoneCluster.lambda$testAccessControlExceptionOnClient$5(TestSecureOzoneCluster.java:599)
	at org.junit.Assert.assertThrows(Assert.java:1001)
	at org.junit.Assert.assertThrows(Assert.java:981)
	at org.apache.hadoop.ozone.TestSecureOzoneCluster.testAccessControlExceptionOnClient(TestSecureOzoneCluster.java:598)
	at sun.reflect.NativeMethodAccessorImpl.invoke0(Native Method)
	at sun.reflect.NativeMethodAccessorImpl.invoke(NativeMethodAccessorImpl.java:62)
	at sun.reflect.DelegatingMethodAccessorImpl.invoke(DelegatingMethodAccessorImpl.java:43)
	at java.lang.reflect.Method.invoke(Method.java:498)
	at org.junit.runners.model.FrameworkMethod$1.runReflectiveCall(FrameworkMethod.java:59)
	at org.junit.internal.runners.model.ReflectiveCallable.run(ReflectiveCallable.java:12)
	at org.junit.runners.model.FrameworkMethod.invokeExplosively(FrameworkMethod.java:56)
	at org.junit.internal.runners.statements.InvokeMethod.evaluate(InvokeMethod.java:17)
	at org.junit.internal.runners.statements.RunBefores.evaluate(RunBefores.java:26)
	at org.junit.internal.runners.statements.RunAfters.evaluate(RunAfters.java:27)
	at org.junit.rules.ExternalResource$1.evaluate(ExternalResource.java:54)
	at org.junit.internal.runners.statements.FailOnTimeout$CallableStatement.call(FailOnTimeout.java:288)
	at org.junit.internal.runners.statements.FailOnTimeout$CallableStatement.call(FailOnTimeout.java:282)
	at java.util.concurrent.FutureTask.run(FutureTask.java:266)
	at java.lang.Thread.run(Thread.java:750)
2023-08-24 06:05:24,768 [Time-limited test] INFO  impl.DefaultInternalKdcServerImpl (DefaultInternalKdcServerImpl.java:doStop(102)) - Default Internal kdc server stopped.
2023-08-24 06:05:25,769 [Time-limited test] INFO  minikdc.MiniKdc (MiniKdc.java:stop(359)) - MiniKdc stopped.
2023-08-24 06:05:25,769 [Time-limited test] INFO  server.StorageContainerManager (StorageContainerManager.java:stop(1591)) - Container Balancer is not running.
2023-08-24 06:05:25,769 [Time-limited test] INFO  server.StorageContainerManager (StorageContainerManager.java:stopReplicationManager(1724)) - Stopping Replication Manager Service.
2023-08-24 06:05:25,769 [Time-limited test] INFO  replication.ReplicationManager (ReplicationManager.java:stop(319)) - Stopping Replication Monitor Thread.
2023-08-24 06:05:25,769 [Time-limited test] INFO  server.StorageContainerManager (StorageContainerManager.java:stop(1600)) - Stopping the Datanode Admin Monitor.
2023-08-24 06:05:25,769 [Under Replicated Processor] WARN  replication.UnhealthyReplicationProcessor (UnhealthyReplicationProcessor.java:run(180)) - Under Replicated Processor interrupted. Exiting...
2023-08-24 06:05:25,770 [Time-limited test] INFO  server.StorageContainerManager (StorageContainerManager.java:stop(1607)) - Stopping datanode service RPC server
2023-08-24 06:05:25,770 [ReplicationMonitor] INFO  replication.ReplicationManager (ReplicationManager.java:run(917)) - Replication Monitor Thread is stopped
2023-08-24 06:05:25,770 [Time-limited test] INFO  server.SCMDatanodeProtocolServer (SCMDatanodeProtocolServer.java:stop(424)) - Stopping the RPC server for DataNodes
2023-08-24 06:05:25,770 [Time-limited test] INFO  ipc.Server (Server.java:stop(3523)) - Stopping server on 9861
2023-08-24 06:05:25,770 [Over Replicated Processor] WARN  replication.UnhealthyReplicationProcessor (UnhealthyReplicationProcessor.java:run(180)) - Over Replicated Processor interrupted. Exiting...
2023-08-24 06:05:26,458 [SCM Heartbeat Processing Thread - 0] WARN  node.NodeStateManager (NodeStateManager.java:scheduleNextHealthCheck(874)) - Current Thread is interrupted, shutting down HB processing thread for Node Manager.
2023-08-24 06:05:26,459 [Time-limited test] INFO  server.StorageContainerManager (StorageContainerManager.java:stop(1615)) - Stopping block service RPC server
2023-08-24 06:05:26,459 [Time-limited test] INFO  server.SCMBlockProtocolServer (SCMBlockProtocolServer.java:stop(161)) - Stopping the RPC server for Block Protocol
2023-08-24 06:05:26,459 [Time-limited test] INFO  ipc.Server (Server.java:stop(3523)) - Stopping server on 9863
2023-08-24 06:05:26,459 [Time-limited test] INFO  server.StorageContainerManager (StorageContainerManager.java:stop(1622)) - Stopping the StorageContainerLocationProtocol RPC server
2023-08-24 06:05:26,459 [Time-limited test] INFO  server.SCMClientProtocolServer (SCMClientProtocolServer.java:stop(210)) - Stopping the RPC server for Client Protocol
2023-08-24 06:05:26,459 [Time-limited test] INFO  ipc.Server (Server.java:stop(3523)) - Stopping server on 9860
2023-08-24 06:05:26,460 [Time-limited test] INFO  server.StorageContainerManager (StorageContainerManager.java:stop(1629)) - Stopping Storage Container Manager HTTP server.
2023-08-24 06:05:26,460 [Time-limited test] INFO  server.StorageContainerManager (StorageContainerManager.java:stop(1637)) - Stopping SCM LayoutVersionManager Service.
2023-08-24 06:05:26,460 [Time-limited test] INFO  server.SCMSecurityProtocolServer (SCMSecurityProtocolServer.java:stop(550)) - Stopping the SCMSecurityProtocolServer.
2023-08-24 06:05:26,460 [Time-limited test] INFO  ipc.Server (Server.java:stop(3523)) - Stopping server on 9961
2023-08-24 06:05:26,460 [Time-limited test] INFO  server.SCMUpdateServiceGrpcServer (SCMUpdateServiceGrpcServer.java:stop(73)) - SCMUpdateService stopping
2023-08-24 06:05:26,460 [Time-limited test] INFO  server.StorageContainerManager (StorageContainerManager.java:stop(1649)) - Stopping Block Manager Service.
2023-08-24 06:05:26,460 [Time-limited test] INFO  utils.BackgroundService (BackgroundService.java:shutdown(141)) - Shutting down service SCMBlockDeletingService
2023-08-24 06:05:26,460 [Time-limited test] INFO  utils.BackgroundService (BackgroundService.java:shutdown(141)) - Shutting down service SCMBlockDeletingService
2023-08-24 06:05:26,460 [Time-limited test] INFO  server.StorageContainerManager (StorageContainerManager.java:stop(1669)) - Stopping SCM Event Queue.
2023-08-24 06:05:26,460 [Time-limited test] INFO  server.StorageContainerManager (StorageContainerManager.java:stop(1680)) - Stopping SCM HA services.
2023-08-24 06:05:26,461 [Time-limited test] INFO  pipeline.BackgroundPipelineCreator (BackgroundPipelineCreator.java:stop(149)) - Stopping RatisPipelineUtilsThread.
2023-08-24 06:05:26,461 [RatisPipelineUtilsThread - 0] WARN  pipeline.BackgroundPipelineCreator (BackgroundPipelineCreator.java:run(180)) - RatisPipelineUtilsThread is interrupted.
2023-08-24 06:05:26,461 [Time-limited test] INFO  BackgroundPipelineScrubber (BackgroundSCMService.java:stop(131)) - Stopping BackgroundPipelineScrubber Service.
2023-08-24 06:05:26,461 [BackgroundPipelineScrubberThread] WARN  BackgroundPipelineScrubber (BackgroundSCMService.java:run(115)) - BackgroundPipelineScrubber is interrupted, exit
2023-08-24 06:05:26,461 [Time-limited test] WARN  pipeline.BackgroundPipelineCreator (BackgroundPipelineCreator.java:stop(145)) - RatisPipelineUtilsThread is not running, just ignore.
2023-08-24 06:05:26,461 [Time-limited test] INFO  BackgroundPipelineScrubber (BackgroundSCMService.java:stop(126)) - BackgroundPipelineScrubber Service is not running, skip stop.
2023-08-24 06:05:26,461 [Time-limited test] INFO  ExpiredContainerReplicaOpScrubber (BackgroundSCMService.java:stop(131)) - Stopping ExpiredContainerReplicaOpScrubber Service.
2023-08-24 06:05:26,461 [ExpiredContainerReplicaOpScrubberThread] WARN  ExpiredContainerReplicaOpScrubber (BackgroundSCMService.java:run(115)) - ExpiredContainerReplicaOpScrubber is interrupted, exit
2023-08-24 06:05:26,461 [Time-limited test] INFO  utils.BackgroundService (BackgroundService.java:shutdown(141)) - Shutting down service SCMBlockDeletingService
2023-08-24 06:05:26,461 [Time-limited test] INFO  replication.ReplicationManager (ReplicationManager.java:stop(329)) - Replication Monitor Thread is not running.
2023-08-24 06:05:26,461 [Time-limited test] WARN  balancer.ContainerBalancer (ContainerBalancer.java:stop(326)) - Cannot stop Container Balancer because it's not running or stopping
2023-08-24 06:05:26,461 [Time-limited test] INFO  server.StorageContainerManager (StorageContainerManager.java:stop(1715)) - Stopping SCM MetadataStore.
2023-08-24 06:05:26,462 [Time-limited test] INFO  server.SCMSecurityProtocolServer (SCMSecurityProtocolServer.java:join(560)) - Join RPC server for SCMSecurityProtocolServer.
2023-08-24 06:05:26,462 [Time-limited test] INFO  server.SCMSecurityProtocolServer (SCMSecurityProtocolServer.java:join(562)) - Join gRPC server for SCMSecurityProtocolServer.
2023-08-24 06:05:26,462 [Time-limited test] INFO  om.OzoneManager (OzoneManager.java:stop(2187)) - om1[fv-az582-512.vyw2dcplbgbehesrvt3jseauje.cx.internal.cloudapp.net:1202]: Stopping Ozone Manager
2023-08-24 06:05:26,462 [Time-limited test] INFO  ipc.Server (Server.java:stop(3523)) - Stopping server on 1202
2023-08-24 06:05:26,465 [IPC Server Responder] INFO  ipc.Server (Server.java:run(1567)) - Stopping IPC Server Responder
2023-08-24 06:05:26,465 [IPC Server listener on 1202] INFO  ipc.Server (Server.java:run(1434)) - Stopping IPC Server listener on 1202
2023-08-24 06:05:26,466 [Time-limited test] INFO  server.RaftServer (RaftServerProxy.java:lambda$close$6(416)) - om1: close
2023-08-24 06:05:26,466 [Time-limited test] INFO  server.GrpcService (GrpcService.java:closeImpl(311)) - om1: shutdown server GrpcServerProtocolService now
2023-08-24 06:05:26,466 [om1-impl-thread1] INFO  server.RaftServer$Division (RaftServerImpl.java:lambda$close$4(466)) - om1@group-C5BA1605619E: shutdown
2023-08-24 06:05:26,466 [om1-impl-thread1] INFO  util.JmxRegister (JmxRegister.java:unregister(73)) - Successfully un-registered JMX Bean with object name Ratis:service=RaftServer,group=group-C5BA1605619E,id=om1
2023-08-24 06:05:26,466 [om1-impl-thread1] INFO  impl.RoleInfo (RoleInfo.java:shutdownLeaderState(93)) - om1: shutdown om1@group-C5BA1605619E-LeaderStateImpl
2023-08-24 06:05:26,466 [om1-impl-thread1] INFO  impl.PendingRequests (PendingRequests.java:sendNotLeaderResponses(289)) - om1@group-C5BA1605619E-PendingRequests: sendNotLeaderResponses
2023-08-24 06:05:26,472 [om1-impl-thread1] INFO  impl.StateMachineUpdater (StateMachineUpdater.java:stopAndJoin(155)) - om1@group-C5BA1605619E-StateMachineUpdater: set stopIndex = 2
2023-08-24 06:05:26,472 [om1@group-C5BA1605619E-StateMachineUpdater] INFO  ratis.OzoneManagerStateMachine (OzoneManagerStateMachine.java:takeSnapshot(480)) - Current Snapshot Index (t:1, i:2)
2023-08-24 06:05:26,473 [Time-limited test] INFO  server.GrpcService (GrpcService.java:closeImpl(320)) - om1: shutdown server GrpcServerProtocolService successfully
2023-08-24 06:05:26,480 [om1@group-C5BA1605619E-StateMachineUpdater] INFO  impl.StateMachineUpdater (StateMachineUpdater.java:takeSnapshot(291)) - om1@group-C5BA1605619E-StateMachineUpdater: Took a snapshot at index 2
2023-08-24 06:05:26,480 [om1@group-C5BA1605619E-StateMachineUpdater] INFO  impl.StateMachineUpdater (StateMachineUpdater.java:lambda$new$0(97)) - om1@group-C5BA1605619E-StateMachineUpdater: snapshotIndex: updateIncreasingly -1 -> 2
2023-08-24 06:05:26,480 [om1@group-C5BA1605619E-StateMachineUpdater] INFO  ratis.OzoneManagerStateMachine (OzoneManagerStateMachine.java:close(534)) - StateMachine has shutdown. Shutdown OzoneManager if not already shutdown.
2023-08-24 06:05:26,480 [om1@group-C5BA1605619E-StateMachineUpdater] INFO  ratis.OzoneManagerDoubleBuffer (OzoneManagerDoubleBuffer.java:stopDaemon(551)) - Stopping OMDoubleBuffer flush thread
2023-08-24 06:05:26,481 [OMDoubleBufferFlushThread] INFO  ratis.OzoneManagerDoubleBuffer (OzoneManagerDoubleBuffer.java:canFlush(638)) - OMDoubleBuffer flush thread OMDoubleBufferFlushThread is interrupted and will exit.
2023-08-24 06:05:26,481 [om1-impl-thread1] INFO  server.RaftServer$Division (ServerState.java:close(472)) - om1@group-C5BA1605619E: closes. applyIndex: 2
2023-08-24 06:05:26,719 [om1-impl-thread1] INFO  segmented.SegmentedRaftLogWorker (SegmentedRaftLogWorker.java:close(252)) - om1@group-C5BA1605619E-SegmentedRaftLogWorker close()
2023-08-24 06:05:26,719 [JvmPauseMonitor5] INFO  util.JvmPauseMonitor (JvmPauseMonitor.java:run(109)) - JvmPauseMonitor-om1: Stopped
2023-08-24 06:05:26,720 [Time-limited test] INFO  ratis.OzoneManagerStateMachine (OzoneManagerStateMachine.java:close(534)) - StateMachine has shutdown. Shutdown OzoneManager if not already shutdown.
2023-08-24 06:05:26,720 [Time-limited test] INFO  ratis.OzoneManagerDoubleBuffer (OzoneManagerDoubleBuffer.java:stopDaemon(560)) - OMDoubleBuffer flush thread is not running.
2023-08-24 06:05:26,720 [Time-limited test] INFO  utils.BackgroundService (BackgroundService.java:shutdown(141)) - Shutting down service KeyDeletingService
2023-08-24 06:05:26,720 [Time-limited test] INFO  utils.BackgroundService (BackgroundService.java:shutdown(141)) - Shutting down service KeyDeletingService
2023-08-24 06:05:26,720 [Time-limited test] INFO  utils.BackgroundService (BackgroundService.java:shutdown(141)) - Shutting down service OpenKeyCleanupService
2023-08-24 06:05:26,721 [Time-limited test] INFO  utils.BackgroundService (BackgroundService.java:shutdown(141)) - Shutting down service SstFilteringService
2023-08-24 06:05:26,721 [Time-limited test] INFO  utils.BackgroundService (BackgroundService.java:shutdown(141)) - Shutting down service SnapshotDeletingService
2023-08-24 06:05:26,721 [Time-limited test] INFO  om.OzoneManager (OzoneManager.java:stopSecretManager(1063)) - Stopping secret key client.
2023-08-24 06:05:26,721 [Time-limited test] INFO  om.OzoneManager (OzoneManager.java:stopSecretManager(1068)) - Stopping OM delegation token secret manager.
2023-08-24 06:05:26,721 [Thread[Thread-1295,5,FailOnTimeoutGroup]] INFO  security.OzoneDelegationTokenSecretManager (OzoneDelegationTokenSecretManager.java:run(653)) - ExpiredTokenRemover was interrupted.
java.lang.InterruptedException: sleep interrupted
	at java.lang.Thread.sleep(Native Method)
	at org.apache.hadoop.ozone.security.OzoneDelegationTokenSecretManager$ExpiredTokenRemover.run(OzoneDelegationTokenSecretManager.java:649)
	at java.lang.Thread.run(Thread.java:750)
2023-08-24 06:05:26,722 [Time-limited test] INFO  handler.ContextHandler (ContextHandler.java:doStop(1159)) - Stopped o.e.j.w.WebAppContext@1bae57d7{ozoneManager,/,null,STOPPED}{file:/home/runner/work/ozone/ozone/hadoop-ozone/integration-test/target/test-classes/webapps/ozoneManager}
2023-08-24 06:05:26,722 [Time-limited test] INFO  server.AbstractConnector (AbstractConnector.java:doStop(383)) - Stopped ServerConnector@3d86ff9c{HTTP/1.1, (http/1.1)}{0.0.0.0:9874}
2023-08-24 06:05:26,723 [Time-limited test] INFO  server.session (HouseKeeper.java:stopScavenging(149)) - node0 Stopped scavenging
2023-08-24 06:05:26,723 [Time-limited test] INFO  handler.ContextHandler (ContextHandler.java:doStop(1159)) - Stopped o.e.j.s.ServletContextHandler@75bc97da{static,/static,file:///home/runner/work/ozone/ozone/hadoop-ozone/integration-test/target/test-classes/webapps/static,STOPPED}
2023-08-24 06:05:26,723 [Time-limited test] INFO  handler.ContextHandler (ContextHandler.java:doStop(1159)) - Stopped o.e.j.s.ServletContextHandler@168c81e2{logs,/logs,file:///home/runner/work/ozone/ozone/hadoop-ozone/integration-test/target/log,STOPPED}
2023-08-24 06:05:26,723 [Time-limited test] INFO  rocksdiff.RocksDBCheckpointDiffer (RocksDBCheckpointDiffer.java:close(340)) - Shutting down CompactionDagPruningService.
2023-08-24 06:05:26,725 [Time-limited test] INFO  snapshot.SnapshotDiffManager (SnapshotDiffManager.java:closeExecutorService(1720)) - Shutting down executorService: 'SnapDiffExecutor'
2023-08-24 06:05:26,725 [Time-limited test] INFO  snapshot.SnapshotDiffManager (SnapshotDiffManager.java:closeExecutorService(1720)) - Shutting down executorService: 'SstDumpToolExecutor'
2023-08-24 06:05:26,725 [Time-limited test] INFO  utils.BackgroundService (BackgroundService.java:shutdown(141)) - Shutting down service SnapshotDiffCleanupService
]]></system-out>
  </testcase>
  <testcase name="testDelegationTokenRenewCrossCertificateRenew" classname="org.apache.hadoop.ozone.TestSecureOzoneCluster" time="18.474">
    <failure type="org.junit.ComparisonFailure"><![CDATA[org.junit.ComparisonFailure: expected:<1[610445753770]> but was:<1[595433877227]>
	at org.junit.Assert.assertEquals(Assert.java:117)
	at org.junit.Assert.assertEquals(Assert.java:146)
	at org.apache.hadoop.ozone.TestSecureOzoneCluster.testDelegationTokenRenewCrossCertificateRenew(TestSecureOzoneCluster.java:1210)
	at sun.reflect.NativeMethodAccessorImpl.invoke0(Native Method)
	at sun.reflect.NativeMethodAccessorImpl.invoke(NativeMethodAccessorImpl.java:62)
	at sun.reflect.DelegatingMethodAccessorImpl.invoke(DelegatingMethodAccessorImpl.java:43)
	at java.lang.reflect.Method.invoke(Method.java:498)
	at org.junit.runners.model.FrameworkMethod$1.runReflectiveCall(FrameworkMethod.java:59)
	at org.junit.internal.runners.model.ReflectiveCallable.run(ReflectiveCallable.java:12)
	at org.junit.runners.model.FrameworkMethod.invokeExplosively(FrameworkMethod.java:56)
	at org.junit.internal.runners.statements.InvokeMethod.evaluate(InvokeMethod.java:17)
	at org.junit.internal.runners.statements.RunBefores.evaluate(RunBefores.java:26)
	at org.junit.internal.runners.statements.RunAfters.evaluate(RunAfters.java:27)
	at org.junit.rules.ExternalResource$1.evaluate(ExternalResource.java:54)
	at org.junit.internal.runners.statements.FailOnTimeout$CallableStatement.call(FailOnTimeout.java:288)
	at org.junit.internal.runners.statements.FailOnTimeout$CallableStatement.call(FailOnTimeout.java:282)
	at java.util.concurrent.FutureTask.run(FutureTask.java:266)
	at java.lang.Thread.run(Thread.java:750)
]]></failure>
    <system-out><![CDATA[2023-08-24 06:05:26,751 [Time-limited test] INFO  net.ServerSocketUtil (ServerSocketUtil.java:getPort(55)) - Using port 9860
2023-08-24 06:05:26,751 [Time-limited test] INFO  net.ServerSocketUtil (ServerSocketUtil.java:getPort(55)) - Using port 9861
2023-08-24 06:05:26,751 [Time-limited test] INFO  net.ServerSocketUtil (ServerSocketUtil.java:getPort(55)) - Using port 9863
2023-08-24 06:05:26,751 [Time-limited test] INFO  net.ServerSocketUtil (ServerSocketUtil.java:getPort(55)) - Using port 9961
2023-08-24 06:05:26,751 [Time-limited test] INFO  net.ServerSocketUtil (ServerSocketUtil.java:getPort(55)) - Using port 1200
2023-08-24 06:05:26,751 [Time-limited test] INFO  net.ServerSocketUtil (ServerSocketUtil.java:getPort(55)) - Using port 1201
2023-08-24 06:05:26,751 [Time-limited test] INFO  minikdc.MiniKdc (MiniKdc.java:<init>(225)) - Configuration:
2023-08-24 06:05:26,751 [Time-limited test] INFO  minikdc.MiniKdc (MiniKdc.java:<init>(226)) - ---------------------------------------------------------------
2023-08-24 06:05:26,751 [Time-limited test] INFO  minikdc.MiniKdc (MiniKdc.java:<init>(228)) -   debug: false
2023-08-24 06:05:26,751 [Time-limited test] INFO  minikdc.MiniKdc (MiniKdc.java:<init>(228)) -   transport: TCP
2023-08-24 06:05:26,751 [Time-limited test] INFO  minikdc.MiniKdc (MiniKdc.java:<init>(228)) -   max.ticket.lifetime: 86400000
2023-08-24 06:05:26,752 [Time-limited test] INFO  minikdc.MiniKdc (MiniKdc.java:<init>(228)) -   org.name: EXAMPLE
2023-08-24 06:05:26,752 [Time-limited test] INFO  minikdc.MiniKdc (MiniKdc.java:<init>(228)) -   kdc.port: 0
2023-08-24 06:05:26,752 [Time-limited test] INFO  minikdc.MiniKdc (MiniKdc.java:<init>(228)) -   org.domain: COM
2023-08-24 06:05:26,752 [Time-limited test] INFO  minikdc.MiniKdc (MiniKdc.java:<init>(228)) -   max.renewable.lifetime: 604800000
2023-08-24 06:05:26,752 [Time-limited test] INFO  minikdc.MiniKdc (MiniKdc.java:<init>(228)) -   instance: DefaultKrbServer
2023-08-24 06:05:26,752 [Time-limited test] INFO  minikdc.MiniKdc (MiniKdc.java:<init>(228)) -   kdc.bind.address: localhost
2023-08-24 06:05:26,752 [Time-limited test] INFO  minikdc.MiniKdc (MiniKdc.java:<init>(230)) - ---------------------------------------------------------------
2023-08-24 06:05:26,753 [Time-limited test] INFO  minikdc.MiniKdc (MiniKdc.java:start(285)) - MiniKdc started.
2023-08-24 06:05:26,997 [Time-limited test] INFO  om.OzoneManager (OzoneManager.java:getOmDetailsProto(4552)) - OzoneManager ports added:[name: "RPC"
value: 1202
]
2023-08-24 06:05:26,997 [Time-limited test] WARN  server.ServerUtils (ServerUtils.java:getDBPath(311)) - ozone.om.db.dirs is not configured. We recommend adding this setting. Falling back to ozone.metadata.dirs instead.
2023-08-24 06:05:26,999 [Time-limited test] INFO  ha.OMHANodeDetails (OMHANodeDetails.java:loadOMHAConfig(115)) - ozone.om.internal.service.id is not defined, falling back to ozone.om.service.ids to find serviceID for OzoneManager if it is HA enabled cluster
2023-08-24 06:05:27,000 [Time-limited test] INFO  ha.OMHANodeDetails (OMHANodeDetails.java:loadOMHAConfig(226)) - Configuration does not have ozone.om.address set. Falling back to the default OM address fv-az582-512.vyw2dcplbgbehesrvt3jseauje.cx.internal.cloudapp.net/10.1.0.20:1202
2023-08-24 06:05:27,000 [Time-limited test] INFO  ha.OMHANodeDetails (OMHANodeDetails.java:getOMNodeDetailsForNonHA(254)) - OM Service ID is not set. Setting it to the default ID: omServiceIdDefault
2023-08-24 06:05:27,000 [Time-limited test] INFO  ha.OMHANodeDetails (OMHANodeDetails.java:getOMNodeDetailsForNonHA(261)) - OM Node ID is not set. Setting it to the default ID: om1
2023-08-24 06:05:27,000 [Time-limited test] WARN  server.ServerUtils (ServerUtils.java:getDBPath(311)) - ozone.om.db.dirs is not configured. We recommend adding this setting. Falling back to ozone.metadata.dirs instead.
2023-08-24 06:05:27,001 [Time-limited test] INFO  upgrade.AbstractLayoutVersionManager (AbstractLayoutVersionManager.java:init(83)) - Initializing Layout version manager with metadata layout = QUOTA (version = 6), software layout = QUOTA (version = 6)
2023-08-24 06:05:27,071 [Time-limited test] INFO  reflections.Reflections (Reflections.java:scan(232)) - Reflections took 69 ms to scan 2 urls, producing 188 keys and 512 values [using 2 cores]
2023-08-24 06:05:27,071 [Time-limited test] INFO  upgrade.OMLayoutVersionManager (OMLayoutVersionManager.java:lambda$0(115)) - Skipping Upgrade Action QuotaRepairUpgradeAction since it has been finalized.
2023-08-24 06:05:27,071 [Time-limited test] INFO  upgrade.OMLayoutVersionManager (OMLayoutVersionManager.java:lambda$0(115)) - Skipping Upgrade Action MockOmUpgradeAction since it has been finalized.
2023-08-24 06:05:27,079 [pool-390-thread-1] INFO  request.KdcRequest (KdcRequest.java:preauth(651)) - The preauth data is empty.
2023-08-24 06:05:27,080 [pool-390-thread-1] INFO  server.KdcHandler (KdcHandler.java:handleRecoverableException(177)) - KRB error occurred while processing request:Additional pre-authentication required
2023-08-24 06:05:27,084 [pool-390-thread-1] INFO  request.AsRequest (AsRequest.java:issueTicket(112)) - AS_REQ ISSUE: authtime 1692857127084,om/fv-az582-512.vyw2dcplbgbehesrvt3jseauje.cx.internal.cloudapp.net@EXAMPLE.COM for krbtgt/EXAMPLE.COM@EXAMPLE.COM
2023-08-24 06:05:27,085 [Time-limited test] INFO  security.UserGroupInformation (UserGroupInformation.java:loginUserFromKeytab(1132)) - Login successful for user om/fv-az582-512.vyw2dcplbgbehesrvt3jseauje.cx.internal.cloudapp.net@EXAMPLE.COM using keytab file om.keytab. Keytab auto renewal enabled : false
2023-08-24 06:05:27,086 [Time-limited test] INFO  om.OzoneManager (OzoneManager.java:loginOMUser(1161)) - Ozone Manager login successful.
2023-08-24 06:05:27,086 [Time-limited test] WARN  server.ServerUtils (ServerUtils.java:getDBPath(311)) - ozone.om.db.dirs is not configured. We recommend adding this setting. Falling back to ozone.metadata.dirs instead.
2023-08-24 06:05:27,087 [Time-limited test] INFO  proxy.SCMBlockLocationFailoverProxyProvider (SCMBlockLocationFailoverProxyProvider.java:<init>(114)) - Created block location fail-over proxy with 1 nodes: [nodeId=scmNodeId,nodeAddress=localhost/127.0.0.1:9863]
2023-08-24 06:05:27,088 [Time-limited test] INFO  om.OzoneManager (OzoneManager.java:getOmDetailsProto(4552)) - OzoneManager ports added:[name: "RPC"
value: 1202
]
2023-08-24 06:05:27,089 [Time-limited test] INFO  security.OMCertificateClient (DefaultCertificateClient.java:updateCertSerialId(1244)) - Certificate serial ID set to 9879877970576
2023-08-24 06:05:27,089 [Time-limited test] WARN  security.OMCertificateClient (DefaultCertificateClient.java:loadAllCertificates(173)) - Certificates could not be loaded.
java.nio.file.NoSuchFileException: /tmp/junit4001029696116438677/junit3941604556434916311/om-meta/om/certs
	at sun.nio.fs.UnixException.translateToIOException(UnixException.java:86)
	at sun.nio.fs.UnixException.rethrowAsIOException(UnixException.java:102)
	at sun.nio.fs.UnixException.rethrowAsIOException(UnixException.java:107)
	at sun.nio.fs.UnixFileSystemProvider.newDirectoryStream(UnixFileSystemProvider.java:427)
	at java.nio.file.Files.newDirectoryStream(Files.java:457)
	at java.nio.file.Files.list(Files.java:3451)
	at org.apache.hadoop.hdds.security.x509.certificate.client.DefaultCertificateClient.loadAllCertificates(DefaultCertificateClient.java:168)
	at org.apache.hadoop.hdds.security.x509.certificate.client.DefaultCertificateClient.updateCertSerialId(DefaultCertificateClient.java:1245)
	at org.apache.hadoop.hdds.security.x509.certificate.client.DefaultCertificateClient.<init>(DefaultCertificateClient.java:157)
	at org.apache.hadoop.hdds.security.x509.certificate.client.CommonCertificateClient.<init>(CommonCertificateClient.java:49)
	at org.apache.hadoop.ozone.security.OMCertificateClient.<init>(OMCertificateClient.java:68)
	at org.apache.hadoop.ozone.om.OzoneManager.<init>(OzoneManager.java:640)
	at org.apache.hadoop.ozone.om.OzoneManager.createOm(OzoneManager.java:754)
	at org.apache.hadoop.ozone.TestSecureOzoneCluster.setupOm(TestSecureOzoneCluster.java:701)
	at org.apache.hadoop.ozone.TestSecureOzoneCluster.testDelegationTokenRenewCrossCertificateRenew(TestSecureOzoneCluster.java:1158)
	at sun.reflect.NativeMethodAccessorImpl.invoke0(Native Method)
	at sun.reflect.NativeMethodAccessorImpl.invoke(NativeMethodAccessorImpl.java:62)
	at sun.reflect.DelegatingMethodAccessorImpl.invoke(DelegatingMethodAccessorImpl.java:43)
	at java.lang.reflect.Method.invoke(Method.java:498)
	at org.junit.runners.model.FrameworkMethod$1.runReflectiveCall(FrameworkMethod.java:59)
	at org.junit.internal.runners.model.ReflectiveCallable.run(ReflectiveCallable.java:12)
	at org.junit.runners.model.FrameworkMethod.invokeExplosively(FrameworkMethod.java:56)
	at org.junit.internal.runners.statements.InvokeMethod.evaluate(InvokeMethod.java:17)
	at org.junit.internal.runners.statements.RunBefores.evaluate(RunBefores.java:26)
	at org.junit.internal.runners.statements.RunAfters.evaluate(RunAfters.java:27)
	at org.junit.rules.ExternalResource$1.evaluate(ExternalResource.java:54)
	at org.junit.internal.runners.statements.FailOnTimeout$CallableStatement.call(FailOnTimeout.java:288)
	at org.junit.internal.runners.statements.FailOnTimeout$CallableStatement.call(FailOnTimeout.java:282)
	at java.util.concurrent.FutureTask.run(FutureTask.java:266)
	at java.lang.Thread.run(Thread.java:750)
2023-08-24 06:05:27,091 [Time-limited test] INFO  om.OzoneManager (OzoneManager.java:<init>(662)) - OM start with adminUsers: [om/fv-az582-512.vyw2dcplbgbehesrvt3jseauje.cx.internal.cloudapp.net@EXAMPLE.COM, om]
2023-08-24 06:05:27,092 [Time-limited test] WARN  server.ServerUtils (ServerUtils.java:getDBPath(311)) - ozone.om.db.dirs is not configured. We recommend adding this setting. Falling back to ozone.metadata.dirs instead.
2023-08-24 06:05:27,092 [Time-limited test] INFO  helpers.OmKeyInfo (OmKeyInfo.java:getCodec(71)) - OmKeyInfo.getCodec ignorePipeline = true
2023-08-24 06:05:27,248 [Time-limited test] INFO  om.OzoneManager (OzoneManager.java:instantiateServices(791)) - S3 Multi-Tenancy is disabled
2023-08-24 06:05:27,248 [Time-limited test] INFO  security.OzoneSecretStore (OzoneSecretStore.java:loadState(69)) - Loaded 0 tokens
2023-08-24 06:05:27,249 [Time-limited test] INFO  security.OzoneDelegationTokenSecretManager (OzoneDelegationTokenSecretManager.java:loadTokenSecretState(530)) - Loading token state into token manager.
2023-08-24 06:05:27,249 [Time-limited test] INFO  om.OmSnapshotManager (OmSnapshotManager.java:<init>(175)) - Ozone filesystem snapshot feature is enabled.
2023-08-24 06:05:27,249 [Time-limited test] WARN  server.ServerUtils (ServerUtils.java:getDBPath(311)) - ozone.om.snapshot.diff.db.dir is not configured. We recommend adding this setting. Falling back to ozone.metadata.dirs instead.
2023-08-24 06:05:27,271 [Time-limited test] INFO  snapshot.SnapshotDiffManager (SnapshotDiffManager.java:closeExecutorService(1720)) - Shutting down executorService: 'SstDumpToolExecutor'
2023-08-24 06:05:27,273 [Time-limited test] INFO  om.OzoneManager (OzoneManager.java:addS3GVolumeToDB(4284)) - Created Volume s3v With Owner om required for S3Gateway operations.
2023-08-24 06:05:27,273 [Time-limited test] WARN  server.ServerUtils (ServerUtils.java:getDefaultRatisDirectory(323)) - Storage directory for Ratis is not configured. It is a good idea to map this to an SSD disk. Falling back to ozone.metadata.dirs
2023-08-24 06:05:27,273 [Time-limited test] WARN  utils.OzoneManagerRatisUtils (OzoneManagerRatisUtils.java:getOMRatisSnapshotDirectory(461)) - ozone.om.ratis.snapshot.dir is not configured. Falling back to ozone.metadata.dirs config
2023-08-24 06:05:27,273 [Time-limited test] WARN  server.ServerUtils (ServerUtils.java:getDefaultRatisDirectory(323)) - Storage directory for Ratis is not configured. It is a good idea to map this to an SSD disk. Falling back to ozone.metadata.dirs
2023-08-24 06:05:27,275 [Time-limited test] INFO  ratis.OzoneManagerRatisServer (OzoneManagerRatisServer.java:<init>(163)) - Instantiating OM Ratis server with groupID: omServiceIdDefault and peers: fv-az582-512.vyw2dcplbgbehesrvt3jseauje.cx.internal.cloudapp.net:9872
2023-08-24 06:05:27,275 [Time-limited test] INFO  ratis.OzoneManagerStateMachine (OzoneManagerStateMachine.java:loadSnapshotInfoFromDB(687)) - LastAppliedIndex is set from TransactionInfo from OM DB as (t:0, i:~)
2023-08-24 06:05:27,275 [Time-limited test] INFO  server.RaftServer (ConfUtils.java:logGet(46)) - raft.rpc.type = GRPC (default)
2023-08-24 06:05:27,275 [Time-limited test] INFO  grpc.GrpcConfigKeys (ConfUtils.java:logFallback(53)) - raft.grpc.admin.host = null (fallback to raft.grpc.server.host)
2023-08-24 06:05:27,275 [Time-limited test] INFO  grpc.GrpcConfigKeys (ConfUtils.java:logFallback(53)) - raft.grpc.admin.port = 9872 (fallback to raft.grpc.server.port)
2023-08-24 06:05:27,275 [Time-limited test] INFO  grpc.GrpcConfigKeys (ConfUtils.java:logFallback(53)) - raft.grpc.client.host = null (fallback to raft.grpc.server.host)
2023-08-24 06:05:27,276 [Time-limited test] INFO  grpc.GrpcConfigKeys (ConfUtils.java:logFallback(53)) - raft.grpc.client.port = 9872 (fallback to raft.grpc.server.port)
2023-08-24 06:05:27,276 [Time-limited test] INFO  grpc.GrpcConfigKeys (ConfUtils.java:logGet(46)) - raft.grpc.server.host = null (default)
2023-08-24 06:05:27,276 [Time-limited test] INFO  grpc.GrpcConfigKeys (ConfUtils.java:logGet(46)) - raft.grpc.server.port = 9872 (custom)
2023-08-24 06:05:27,276 [Time-limited test] INFO  server.GrpcService (ConfUtils.java:logGet(46)) - raft.grpc.message.size.max = 33554432 (custom)
2023-08-24 06:05:27,276 [Time-limited test] INFO  server.RaftServerConfigKeys (ConfUtils.java:logGet(46)) - raft.server.log.appender.buffer.byte-limit = 33554432 (custom)
2023-08-24 06:05:27,276 [Time-limited test] INFO  server.GrpcService (ConfUtils.java:logGet(46)) - raft.grpc.flow.control.window = 1MB (=1048576) (default)
2023-08-24 06:05:27,276 [Time-limited test] INFO  server.RaftServerConfigKeys (ConfUtils.java:logGet(46)) - raft.server.rpc.request.timeout = 3000ms (default)
2023-08-24 06:05:27,276 [Time-limited test] INFO  grpc.GrpcConfigKeys (ConfUtils.java:logGet(46)) - raft.grpc.server.heartbeat.channel = true (default)
2023-08-24 06:05:27,276 [Time-limited test] INFO  grpc.GrpcConfigKeys (ConfUtils.java:logGet(46)) - raft.grpc.server.async.request.thread.pool.cached = true (default)
2023-08-24 06:05:27,276 [Time-limited test] INFO  grpc.GrpcConfigKeys (ConfUtils.java:logGet(46)) - raft.grpc.server.async.request.thread.pool.size = 32 (default)
2023-08-24 06:05:27,277 [Time-limited test] INFO  impl.DataStreamServerImpl (ConfUtils.java:logGet(46)) - raft.datastream.type = DISABLED (default)
2023-08-24 06:05:27,277 [Time-limited test] INFO  server.RaftServerConfigKeys (ConfUtils.java:logGet(46)) - raft.server.threadpool.proxy.cached = true (default)
2023-08-24 06:05:27,277 [Time-limited test] INFO  server.RaftServerConfigKeys (ConfUtils.java:logGet(46)) - raft.server.threadpool.proxy.size = 0 (default)
2023-08-24 06:05:27,277 [Time-limited test] INFO  server.RaftServerConfigKeys (ConfUtils.java:logGet(46)) - raft.server.rpc.slowness.timeout = 120s (custom)
2023-08-24 06:05:27,277 [Time-limited test] INFO  server.RaftServerConfigKeys (ConfUtils.java:logGet(46)) - raft.server.leaderelection.leader.step-down.wait-time = 10s (default)
2023-08-24 06:05:27,278 [Time-limited test] INFO  server.RaftServerConfigKeys (ConfUtils.java:logGet(46)) - raft.server.storage.dir = [/tmp/junit4001029696116438677/junit3941604556434916311/om-meta/ratis] (custom)
2023-08-24 06:05:27,282 [Time-limited test] INFO  server.RaftServer (RaftServerProxy.java:addNew(98)) - om1: addNew group-C5BA1605619E:[om1|rpc:fv-az582-512.vyw2dcplbgbehesrvt3jseauje.cx.internal.cloudapp.net:9872|priority:0|startupRole:FOLLOWER] returns group-C5BA1605619E:java.util.concurrent.CompletableFuture@3cb95cd8[Not completed]
2023-08-24 06:05:27,282 [Time-limited test] INFO  om.OzoneManager (OzoneManager.java:initializeRatisServer(2128)) - OzoneManager Ratis server initialized at port 9872
RaftServerImpl.java:<init>(198)) - om1: new RaftServerImpl for group-C5BA1605619E:[om1|rpc:fv-az582-512.vyw2dcplbgbehesrvt3jseauje.cx.internal.cloudapp.net:9872|priority:0|startupRole:FOLLOWER] with OzoneManagerStateMachine:uninitialized
2023-08-24 06:05:27,282 [Time-limited test] INFO  om.OzoneManager (OzoneManager.java:initializeRatisServer(2128)) - OzoneManager Ratis server initialized at port 9872
2023-08-24 06:05:27,282 [Time-limited test] INFO  om.OzoneManager (ConfUtils.java:logGet(46)) - raft.server.rpc.timeout.min = 5s (custom)
2023-08-24 06:05:27,282 [Time-limited test] INFO  om.OzoneManager (OzoneManager.java:getRpcServer(1193)) - Creating RPC Server
2023-08-24 06:05:27,282 [om1-groupManagement] INFO  server.RaftServerConfigKeys (ConfUtils.java:logGet(46)) - raft.server.rpc.timeout.max = 5200ms (custom)
2023-08-24 06:05:27,282 [om1-groupManagement] INFO  server.RaftServerConfigKeys (ConfUtils.java:logGet(46)) - raft.server.rpc.sleep.time = 25ms (default)
2023-08-24 06:05:27,282 [om1-groupManagement] INFO  server.RaftServerConfigKeys (ConfUtils.java:logGet(46)) - raft.server.rpc.slowness.timeout = 120s (custom)
2023-08-24 06:05:27,282 [om1-groupManagement] INFO  server.RaftServerConfigKeys (ConfUtils.java:logGet(46)) - raft.server.leaderelection.leader.step-down.wait-time = 10s (default)
2023-08-24 06:05:27,282 [om1-groupManagement] INFO  server.RaftServerConfigKeys (ConfUtils.java:logGet(46)) - raft.server.sleep.deviation.threshold = 300ms (default)
2023-08-24 06:05:27,282 [om1-groupManagement] INFO  server.RaftServer$Division (ServerState.java:<init>(120)) - om1@group-C5BA1605619E: ConfigurationManager, init=-1: peers:[om1|rpc:fv-az582-512.vyw2dcplbgbehesrvt3jseauje.cx.internal.cloudapp.net:9872|priority:0|startupRole:FOLLOWER]|listeners:[], old=null, confs=<EMPTY_MAP>
2023-08-24 06:05:27,282 [om1-groupManagement] INFO  server.RaftServerConfigKeys (ConfUtils.java:logGet(46)) - raft.server.storage.dir = [/tmp/junit4001029696116438677/junit3941604556434916311/om-meta/ratis] (custom)
2023-08-24 06:05:27,282 [om1-groupManagement] INFO  server.RaftServerConfigKeys (ConfUtils.java:logGet(46)) - raft.server.log.corruption.policy = EXCEPTION (default)
2023-08-24 06:05:27,283 [om1-groupManagement] INFO  server.RaftServerConfigKeys (ConfUtils.java:logGet(46)) - raft.server.storage.free-space.min = 0MB (=0) (default)
2023-08-24 06:05:27,283 [om1-groupManagement] INFO  server.RaftServerConfigKeys (ConfUtils.java:logGet(46)) - raft.server.notification.no-leader.timeout = 120s (custom)
2023-08-24 06:05:27,283 [om1-groupManagement] INFO  server.RaftServerConfigKeys (ConfUtils.java:logGet(46)) - raft.server.read.timeout = 10s (default)
2023-08-24 06:05:27,283 [om1-groupManagement] INFO  server.RaftServerConfigKeys (ConfUtils.java:logGet(46)) - raft.server.retrycache.expirytime = 300s (custom)
2023-08-24 06:05:27,283 [om1-groupManagement] INFO  server.RaftServerConfigKeys (ConfUtils.java:logGet(46)) - raft.server.retrycache.statistics.expirytime = 100μs (default)
2023-08-24 06:05:27,283 [om1-groupManagement] INFO  server.RaftServerConfigKeys (ConfUtils.java:logGet(46)) - raft.server.read.option = DEFAULT (default)
2023-08-24 06:05:27,284 [om1-groupManagement] INFO  server.RaftServerConfigKeys (ConfUtils.java:logGet(46)) - raft.server.rpc.request.timeout = 3000ms (default)
2023-08-24 06:05:27,284 [om1-groupManagement] INFO  server.RaftServerConfigKeys (ConfUtils.java:logGet(46)) - raft.server.log.appender.install.snapshot.enabled = false (custom)
2023-08-24 06:05:27,285 [om1-groupManagement] INFO  server.RaftServerConfigKeys (ConfUtils.java:logGet(46)) - raft.server.threadpool.server.cached = true (default)
2023-08-24 06:05:27,285 [om1-groupManagement] INFO  server.RaftServerConfigKeys (ConfUtils.java:logGet(46)) - raft.server.threadpool.server.size = 0 (default)
2023-08-24 06:05:27,285 [om1-groupManagement] INFO  server.RaftServerConfigKeys (ConfUtils.java:logGet(46)) - raft.server.threadpool.client.cached = true (default)
2023-08-24 06:05:27,285 [om1-groupManagement] INFO  server.RaftServerConfigKeys (ConfUtils.java:logGet(46)) - raft.server.threadpool.client.size = 0 (default)
2023-08-24 06:05:27,592 [Time-limited test] INFO  reflections.Reflections (Reflections.java:scan(232)) - Reflections took 308 ms to scan 19 urls, producing 70 keys and 5648 values [using 2 cores]
2023-08-24 06:05:27,593 [Time-limited test] INFO  ipc.CallQueueManager (CallQueueManager.java:<init>(90)) - Using callQueue: class java.util.concurrent.LinkedBlockingQueue, queueCapacity: 10000, scheduler: class org.apache.hadoop.ipc.DefaultRpcScheduler, ipcBackoff: false.
2023-08-24 06:05:27,593 [Time-limited test] INFO  ipc.Server (Server.java:<init>(1287)) - Listener at fv-az582-512.vyw2dcplbgbehesrvt3jseauje.cx.internal.cloudapp.net:1202
2023-08-24 06:05:27,598 [Socket Reader #1 for port 1202] INFO  ipc.Server (Server.java:run(1323)) - Starting Socket Reader #1 for port 1202
2023-08-24 06:05:28,150 [Time-limited test] INFO  utils.SelfSignedCertificate (SelfSignedCertificate.java:generateCertificate(157)) - Certificate 1 is issued by CN=rootCA@localhost,OU=scm1,O=cluster1 to CN=rootCA@localhost,OU=scm1,O=cluster1, valid from Thu Aug 24 06:05:28 UTC 2023 to Sun Oct 01 06:05:28 UTC 2028
2023-08-24 06:05:28,153 [Time-limited test] INFO  authority.DefaultApprover (DefaultApprover.java:sign(154)) - Extensions in CSR: 2.5.29.15
2023-08-24 06:05:28,153 [Time-limited test] INFO  authority.DefaultApprover (DefaultApprover.java:sign(158)) - Extensions to add to the certificate if they present in CSR: 2.5.29.17, 2.5.29.19, 1.3.6.1.5.5.7.1.12, 2.5.29.35, 2.5.29.37, 2.5.29.15
2023-08-24 06:05:28,155 [Time-limited test] INFO  ssl.ReloadingX509KeyManager (ReloadingX509KeyManager.java:loadKeyManager(222)) - Key manager is loaded with certificate chain
2023-08-24 06:05:28,156 [Time-limited test] INFO  ssl.ReloadingX509KeyManager (ReloadingX509KeyManager.java:loadKeyManager(224)) - [
[
  Version: V3
  Subject: O=cluster1, OU=scm1, CN=localhost
  Signature Algorithm: SHA256withRSA, OID = 1.2.840.113549.1.1.11

  Key:  Sun RSA public key, 2048 bits
  params: null
  modulus: 23374819694688904424976763444101517403817906682802109025818952280865061711795515532197818010464950563265619464637225484073203904147469526847251334202005706464411567218818247451257870097071585638219039069813047166869260669109914036393932360790694589219721623175540407651862402746671005208519000712396955886589558699481675764116726899587597353306845135780459735088925184386760089740133915418130505052349685507682373303312835289628398793485810897774572666896343278214509744940616191498567834008867976634217328424000357314481616548065885194357716814537296601014540309396013280781483708173933114664261544548346033519372691
  public exponent: 65537
  Validity: [From: Thu Aug 24 06:05:28 UTC 2023,
               To: Thu Aug 24 06:06:08 UTC 2023]
  Issuer: O=cluster1, OU=scm1, CN=rootCA@localhost
  SerialNumber: [    01737744 feeb]

Certificate Extensions: 1
[1]: ObjectId: 2.5.29.15 Criticality=true
KeyUsage [
  DigitalSignature
  Key_Encipherment
  Data_Encipherment
  Key_Agreement
]

]
  Algorithm: [SHA256withRSA]
  Signature:
0000: A0 B6 32 37 6D 27 20 21   4C 4E 75 6A 84 F6 9D 31  ..27m' !LNuj...1
0010: 1F 93 A4 45 0E 59 75 34   2A 68 5B 00 84 6F A1 B0  ...E.Yu4*h[..o..
0020: D8 21 A5 56 56 AB 1A D3   8E 51 56 0C CF 2E 8C 01  .!.VV....QV.....
0030: A6 18 5E D2 36 09 20 F7   90 CF AD 38 3A 7E 4D 5E  ..^.6. ....8:.M^
0040: BE 4E EB E0 6C 88 50 3F   DD F6 75 4F 26 C1 5E 98  .N..l.P?..uO&.^.
0050: E1 99 06 1F 94 3D A8 32   04 E3 D3 86 E5 B6 BC C1  .....=.2........
0060: 84 A7 D2 CA 0E A3 79 E9   7F C8 E3 A4 35 B3 63 E6  ......y.....5.c.
0070: 0C 04 07 CD 5D AB 7B 5B   93 48 D1 2A C9 C0 D1 7A  ....]..[.H.*...z
0080: 2C F9 7E 05 B2 D7 5C 3B   10 F6 7F 16 27 20 3C CD  ,.....\;....' <.
0090: CD 09 78 7B 97 69 42 29   62 08 E1 F0 F5 56 88 90  ..x..iB)b....V..
00A0: 8F A6 81 21 27 FD 1B 72   13 76 C7 94 F4 9E 00 0C  ...!'..r.v......
00B0: ED A6 4E 9B 85 5E 43 F0   F6 F0 8B 52 67 AE CF 4D  ..N..^C....Rg..M
00C0: AC 22 DE 68 BC 74 34 A9   30 1D 6C D6 5D A1 F8 86  .".h.t4.0.l.]...
00D0: 44 C2 9E CD 25 36 35 92   75 EC F3 35 19 23 3D 18  D...%65.u..5.#=.
00E0: 4E 73 AA DD 9A 0A 1C F7   06 22 96 88 29 33 6E DC  Ns......."..)3n.
00F0: 47 5A 8C DB AC 8F 41 E7   88 07 B2 08 2B 0D 3C 36  GZ....A.....+.<6

]
2023-08-24 06:05:28,156 [Time-limited test] INFO  ssl.ReloadingX509KeyManager (ReloadingX509KeyManager.java:loadKeyManager(224)) - [
[
  Version: V3
  Subject: O=cluster1, OU=scm1, CN=rootCA@localhost
  Signature Algorithm: SHA256withRSA, OID = 1.2.840.113549.1.1.11

  Key:  Sun RSA public key, 2048 bits
  params: null
  modulus: 23563993774946605070308520859323686498479990324021652881409393998706966776114430315566580272291287618868055157329176419604997282477542926248362504693281736613356483180364567991552671403128385146330970925303222447340375103756208314282692049026904016214011943183913448646818715720768104461416173200945111408576428782292906928879947976219444637034653655865066451527791704420165389700087173938463637656397459794898804058310860085264365373135173774034958979494246512213040893661657439264814394321015193811212243778020270085012497191684682275048649828107338167114176858003268522296501358848734604060563322547230842269629847
  public exponent: 65537
  Validity: [From: Thu Aug 24 06:05:28 UTC 2023,
               To: Sun Oct 01 06:05:28 UTC 2028]
  Issuer: O=cluster1, OU=scm1, CN=rootCA@localhost
  SerialNumber: [    01]

Certificate Extensions: 2
[1]: ObjectId: 2.5.29.19 Criticality=true
BasicConstraints:[
  CA:true
  PathLen:2147483647
]

[2]: ObjectId: 2.5.29.15 Criticality=true
KeyUsage [
  Key_CertSign
  Crl_Sign
]

]
  Algorithm: [SHA256withRSA]
  Signature:
0000: 25 D5 A7 31 1D 45 23 38   5F 72 73 2E B9 D8 E5 7C  %..1.E#8_rs.....
0010: 4D 09 DA 2A A7 DE 9D 79   39 D0 E8 2A 8B 53 52 A1  M..*...y9..*.SR.
0020: 22 F8 3A C1 92 06 3C 8D   BB C6 D2 D2 91 81 9A 03  ".:...<.........
0030: 7E 62 DA E3 3F B2 F0 5B   EB 37 12 78 D3 DD 96 88  .b..?..[.7.x....
0040: BA 7C FE 29 01 7C 85 08   E5 7F 4E 71 3E 42 97 45  ...)......Nq>B.E
0050: 00 DA 54 2A 45 F4 2B 58   3C B3 2B 2E 70 CA 82 37  ..T*E.+X<.+.p..7
0060: A9 AC 2F CD 0B B1 7C 60   0D D2 0B 0B F1 54 D4 9C  ../....`.....T..
0070: AE 1E 31 04 50 8F 4D 51   6E 3F E3 14 E4 2D CC C5  ..1.P.MQn?...-..
0080: 5C 5A F6 E1 0A 9B 0F AB   7D 52 43 5D 93 59 B1 3C  \Z.......RC].Y.<
0090: 35 0D 7C 57 C6 89 5C FB   6C 5B 90 DE 69 4F 28 84  5..W..\.l[..iO(.
00A0: 4E A7 8C 85 EB 4A F9 2A   BB B3 43 9F 41 1B BA 45  N....J.*..C.A..E
00B0: 46 DC 6C 37 25 48 C6 9B   E8 32 E6 E7 7E 92 FB C5  F.l7%H...2......
00C0: 2F 88 9F 2E E7 D5 BE 83   59 15 D9 E8 ED E5 E3 34  /.......Y......4
00D0: 54 79 68 9A 77 36 C6 A1   5B 07 9B FD 2D 38 E0 0C  Tyh.w6..[...-8..
00E0: 10 06 25 87 00 C5 29 24   A4 6D 5A 62 60 03 43 33  ..%...)$.mZb`.C3
00F0: 07 9D C2 AE 47 EA 7D B3   96 90 31 1D B2 4A 20 7C  ....G.....1..J .

]
2023-08-24 06:05:28,157 [Time-limited test] INFO  ssl.ReloadingX509TrustManager (ReloadingX509TrustManager.java:insertCertsToKeystore(188)) - Trust manager is loaded with certificates
2023-08-24 06:05:28,157 [Time-limited test] INFO  ssl.ReloadingX509TrustManager (ReloadingX509TrustManager.java:insertCertsToKeystore(192)) - [
[
  Version: V3
  Subject: O=cluster1, OU=scm1, CN=rootCA@localhost
  Signature Algorithm: SHA256withRSA, OID = 1.2.840.113549.1.1.11

  Key:  Sun RSA public key, 2048 bits
  params: null
  modulus: 23563993774946605070308520859323686498479990324021652881409393998706966776114430315566580272291287618868055157329176419604997282477542926248362504693281736613356483180364567991552671403128385146330970925303222447340375103756208314282692049026904016214011943183913448646818715720768104461416173200945111408576428782292906928879947976219444637034653655865066451527791704420165389700087173938463637656397459794898804058310860085264365373135173774034958979494246512213040893661657439264814394321015193811212243778020270085012497191684682275048649828107338167114176858003268522296501358848734604060563322547230842269629847
  public exponent: 65537
  Validity: [From: Thu Aug 24 06:05:28 UTC 2023,
               To: Sun Oct 01 06:05:28 UTC 2028]
  Issuer: O=cluster1, OU=scm1, CN=rootCA@localhost
  SerialNumber: [    01]

Certificate Extensions: 2
[1]: ObjectId: 2.5.29.19 Criticality=true
BasicConstraints:[
  CA:true
  PathLen:2147483647
]

[2]: ObjectId: 2.5.29.15 Criticality=true
KeyUsage [
  Key_CertSign
  Crl_Sign
]

]
  Algorithm: [SHA256withRSA]
  Signature:
0000: 25 D5 A7 31 1D 45 23 38   5F 72 73 2E B9 D8 E5 7C  %..1.E#8_rs.....
0010: 4D 09 DA 2A A7 DE 9D 79   39 D0 E8 2A 8B 53 52 A1  M..*...y9..*.SR.
0020: 22 F8 3A C1 92 06 3C 8D   BB C6 D2 D2 91 81 9A 03  ".:...<.........
0030: 7E 62 DA E3 3F B2 F0 5B   EB 37 12 78 D3 DD 96 88  .b..?..[.7.x....
0040: BA 7C FE 29 01 7C 85 08   E5 7F 4E 71 3E 42 97 45  ...)......Nq>B.E
0050: 00 DA 54 2A 45 F4 2B 58   3C B3 2B 2E 70 CA 82 37  ..T*E.+X<.+.p..7
0060: A9 AC 2F CD 0B B1 7C 60   0D D2 0B 0B F1 54 D4 9C  ../....`.....T..
0070: AE 1E 31 04 50 8F 4D 51   6E 3F E3 14 E4 2D CC C5  ..1.P.MQn?...-..
0080: 5C 5A F6 E1 0A 9B 0F AB   7D 52 43 5D 93 59 B1 3C  \Z.......RC].Y.<
0090: 35 0D 7C 57 C6 89 5C FB   6C 5B 90 DE 69 4F 28 84  5..W..\.l[..iO(.
00A0: 4E A7 8C 85 EB 4A F9 2A   BB B3 43 9F 41 1B BA 45  N....J.*..C.A..E
00B0: 46 DC 6C 37 25 48 C6 9B   E8 32 E6 E7 7E 92 FB C5  F.l7%H...2......
00C0: 2F 88 9F 2E E7 D5 BE 83   59 15 D9 E8 ED E5 E3 34  /.......Y......4
00D0: 54 79 68 9A 77 36 C6 A1   5B 07 9B FD 2D 38 E0 0C  Tyh.w6..[...-8..
00E0: 10 06 25 87 00 C5 29 24   A4 6D 5A 62 60 03 43 33  ..%...)$.mZb`.C3
00F0: 07 9D C2 AE 47 EA 7D B3   96 90 31 1D B2 4A 20 7C  ....G.....1..J .

]
2023-08-24 06:05:28,157 [Time-limited test] INFO  ssl.ReloadingX509KeyManager (ReloadingX509KeyManager.java:loadKeyManager(222)) - Key manager is loaded with certificate chain
2023-08-24 06:05:28,158 [Time-limited test] INFO  ssl.ReloadingX509KeyManager (ReloadingX509KeyManager.java:loadKeyManager(224)) - [
[
  Version: V3
  Subject: O=cluster1, OU=scm1, CN=localhost
  Signature Algorithm: SHA256withRSA, OID = 1.2.840.113549.1.1.11

  Key:  Sun RSA public key, 2048 bits
  params: null
  modulus: 23374819694688904424976763444101517403817906682802109025818952280865061711795515532197818010464950563265619464637225484073203904147469526847251334202005706464411567218818247451257870097071585638219039069813047166869260669109914036393932360790694589219721623175540407651862402746671005208519000712396955886589558699481675764116726899587597353306845135780459735088925184386760089740133915418130505052349685507682373303312835289628398793485810897774572666896343278214509744940616191498567834008867976634217328424000357314481616548065885194357716814537296601014540309396013280781483708173933114664261544548346033519372691
  public exponent: 65537
  Validity: [From: Thu Aug 24 06:05:28 UTC 2023,
               To: Thu Aug 24 06:06:08 UTC 2023]
  Issuer: O=cluster1, OU=scm1, CN=rootCA@localhost
  SerialNumber: [    01737744 feeb]

Certificate Extensions: 1
[1]: ObjectId: 2.5.29.15 Criticality=true
KeyUsage [
  DigitalSignature
  Key_Encipherment
  Data_Encipherment
  Key_Agreement
]

]
  Algorithm: [SHA256withRSA]
  Signature:
0000: A0 B6 32 37 6D 27 20 21   4C 4E 75 6A 84 F6 9D 31  ..27m' !LNuj...1
0010: 1F 93 A4 45 0E 59 75 34   2A 68 5B 00 84 6F A1 B0  ...E.Yu4*h[..o..
0020: D8 21 A5 56 56 AB 1A D3   8E 51 56 0C CF 2E 8C 01  .!.VV....QV.....
0030: A6 18 5E D2 36 09 20 F7   90 CF AD 38 3A 7E 4D 5E  ..^.6. ....8:.M^
0040: BE 4E EB E0 6C 88 50 3F   DD F6 75 4F 26 C1 5E 98  .N..l.P?..uO&.^.
0050: E1 99 06 1F 94 3D A8 32   04 E3 D3 86 E5 B6 BC C1  .....=.2........
0060: 84 A7 D2 CA 0E A3 79 E9   7F C8 E3 A4 35 B3 63 E6  ......y.....5.c.
0070: 0C 04 07 CD 5D AB 7B 5B   93 48 D1 2A C9 C0 D1 7A  ....]..[.H.*...z
0080: 2C F9 7E 05 B2 D7 5C 3B   10 F6 7F 16 27 20 3C CD  ,.....\;....' <.
0090: CD 09 78 7B 97 69 42 29   62 08 E1 F0 F5 56 88 90  ..x..iB)b....V..
00A0: 8F A6 81 21 27 FD 1B 72   13 76 C7 94 F4 9E 00 0C  ...!'..r.v......
00B0: ED A6 4E 9B 85 5E 43 F0   F6 F0 8B 52 67 AE CF 4D  ..N..^C....Rg..M
00C0: AC 22 DE 68 BC 74 34 A9   30 1D 6C D6 5D A1 F8 86  .".h.t4.0.l.]...
00D0: 44 C2 9E CD 25 36 35 92   75 EC F3 35 19 23 3D 18  D...%65.u..5.#=.
00E0: 4E 73 AA DD 9A 0A 1C F7   06 22 96 88 29 33 6E DC  Ns......."..)3n.
00F0: 47 5A 8C DB AC 8F 41 E7   88 07 B2 08 2B 0D 3C 36  GZ....A.....+.<6

]
2023-08-24 06:05:28,158 [Time-limited test] INFO  ssl.ReloadingX509KeyManager (ReloadingX509KeyManager.java:loadKeyManager(224)) - [
[
  Version: V3
  Subject: O=cluster1, OU=scm1, CN=rootCA@localhost
  Signature Algorithm: SHA256withRSA, OID = 1.2.840.113549.1.1.11

  Key:  Sun RSA public key, 2048 bits
  params: null
  modulus: 23563993774946605070308520859323686498479990324021652881409393998706966776114430315566580272291287618868055157329176419604997282477542926248362504693281736613356483180364567991552671403128385146330970925303222447340375103756208314282692049026904016214011943183913448646818715720768104461416173200945111408576428782292906928879947976219444637034653655865066451527791704420165389700087173938463637656397459794898804058310860085264365373135173774034958979494246512213040893661657439264814394321015193811212243778020270085012497191684682275048649828107338167114176858003268522296501358848734604060563322547230842269629847
  public exponent: 65537
  Validity: [From: Thu Aug 24 06:05:28 UTC 2023,
               To: Sun Oct 01 06:05:28 UTC 2028]
  Issuer: O=cluster1, OU=scm1, CN=rootCA@localhost
  SerialNumber: [    01]

Certificate Extensions: 2
[1]: ObjectId: 2.5.29.19 Criticality=true
BasicConstraints:[
  CA:true
  PathLen:2147483647
]

[2]: ObjectId: 2.5.29.15 Criticality=true
KeyUsage [
  Key_CertSign
  Crl_Sign
]

]
  Algorithm: [SHA256withRSA]
  Signature:
0000: 25 D5 A7 31 1D 45 23 38   5F 72 73 2E B9 D8 E5 7C  %..1.E#8_rs.....
0010: 4D 09 DA 2A A7 DE 9D 79   39 D0 E8 2A 8B 53 52 A1  M..*...y9..*.SR.
0020: 22 F8 3A C1 92 06 3C 8D   BB C6 D2 D2 91 81 9A 03  ".:...<.........
0030: 7E 62 DA E3 3F B2 F0 5B   EB 37 12 78 D3 DD 96 88  .b..?..[.7.x....
0040: BA 7C FE 29 01 7C 85 08   E5 7F 4E 71 3E 42 97 45  ...)......Nq>B.E
0050: 00 DA 54 2A 45 F4 2B 58   3C B3 2B 2E 70 CA 82 37  ..T*E.+X<.+.p..7
0060: A9 AC 2F CD 0B B1 7C 60   0D D2 0B 0B F1 54 D4 9C  ../....`.....T..
0070: AE 1E 31 04 50 8F 4D 51   6E 3F E3 14 E4 2D CC C5  ..1.P.MQn?...-..
0080: 5C 5A F6 E1 0A 9B 0F AB   7D 52 43 5D 93 59 B1 3C  \Z.......RC].Y.<
0090: 35 0D 7C 57 C6 89 5C FB   6C 5B 90 DE 69 4F 28 84  5..W..\.l[..iO(.
00A0: 4E A7 8C 85 EB 4A F9 2A   BB B3 43 9F 41 1B BA 45  N....J.*..C.A..E
00B0: 46 DC 6C 37 25 48 C6 9B   E8 32 E6 E7 7E 92 FB C5  F.l7%H...2......
00C0: 2F 88 9F 2E E7 D5 BE 83   59 15 D9 E8 ED E5 E3 34  /.......Y......4
00D0: 54 79 68 9A 77 36 C6 A1   5B 07 9B FD 2D 38 E0 0C  Tyh.w6..[...-8..
00E0: 10 06 25 87 00 C5 29 24   A4 6D 5A 62 60 03 43 33  ..%...)$.mZb`.C3
00F0: 07 9D C2 AE 47 EA 7D B3   96 90 31 1D B2 4A 20 7C  ....G.....1..J .

]
2023-08-24 06:05:28,158 [Time-limited test] INFO  ssl.ReloadingX509TrustManager (ReloadingX509TrustManager.java:insertCertsToKeystore(188)) - Trust manager is loaded with certificates
2023-08-24 06:05:28,159 [Time-limited test] INFO  ssl.ReloadingX509TrustManager (ReloadingX509TrustManager.java:insertCertsToKeystore(192)) - [
[
  Version: V3
  Subject: O=cluster1, OU=scm1, CN=rootCA@localhost
  Signature Algorithm: SHA256withRSA, OID = 1.2.840.113549.1.1.11

  Key:  Sun RSA public key, 2048 bits
  params: null
  modulus: 23563993774946605070308520859323686498479990324021652881409393998706966776114430315566580272291287618868055157329176419604997282477542926248362504693281736613356483180364567991552671403128385146330970925303222447340375103756208314282692049026904016214011943183913448646818715720768104461416173200945111408576428782292906928879947976219444637034653655865066451527791704420165389700087173938463637656397459794898804058310860085264365373135173774034958979494246512213040893661657439264814394321015193811212243778020270085012497191684682275048649828107338167114176858003268522296501358848734604060563322547230842269629847
  public exponent: 65537
  Validity: [From: Thu Aug 24 06:05:28 UTC 2023,
               To: Sun Oct 01 06:05:28 UTC 2028]
  Issuer: O=cluster1, OU=scm1, CN=rootCA@localhost
  SerialNumber: [    01]

Certificate Extensions: 2
[1]: ObjectId: 2.5.29.19 Criticality=true
BasicConstraints:[
  CA:true
  PathLen:2147483647
]

[2]: ObjectId: 2.5.29.15 Criticality=true
KeyUsage [
  Key_CertSign
  Crl_Sign
]

]
  Algorithm: [SHA256withRSA]
  Signature:
0000: 25 D5 A7 31 1D 45 23 38   5F 72 73 2E B9 D8 E5 7C  %..1.E#8_rs.....
0010: 4D 09 DA 2A A7 DE 9D 79   39 D0 E8 2A 8B 53 52 A1  M..*...y9..*.SR.
0020: 22 F8 3A C1 92 06 3C 8D   BB C6 D2 D2 91 81 9A 03  ".:...<.........
0030: 7E 62 DA E3 3F B2 F0 5B   EB 37 12 78 D3 DD 96 88  .b..?..[.7.x....
0040: BA 7C FE 29 01 7C 85 08   E5 7F 4E 71 3E 42 97 45  ...)......Nq>B.E
0050: 00 DA 54 2A 45 F4 2B 58   3C B3 2B 2E 70 CA 82 37  ..T*E.+X<.+.p..7
0060: A9 AC 2F CD 0B B1 7C 60   0D D2 0B 0B F1 54 D4 9C  ../....`.....T..
0070: AE 1E 31 04 50 8F 4D 51   6E 3F E3 14 E4 2D CC C5  ..1.P.MQn?...-..
0080: 5C 5A F6 E1 0A 9B 0F AB   7D 52 43 5D 93 59 B1 3C  \Z.......RC].Y.<
0090: 35 0D 7C 57 C6 89 5C FB   6C 5B 90 DE 69 4F 28 84  5..W..\.l[..iO(.
00A0: 4E A7 8C 85 EB 4A F9 2A   BB B3 43 9F 41 1B BA 45  N....J.*..C.A..E
00B0: 46 DC 6C 37 25 48 C6 9B   E8 32 E6 E7 7E 92 FB C5  F.l7%H...2......
00C0: 2F 88 9F 2E E7 D5 BE 83   59 15 D9 E8 ED E5 E3 34  /.......Y......4
00D0: 54 79 68 9A 77 36 C6 A1   5B 07 9B FD 2D 38 E0 0C  Tyh.w6..[...-8..
00E0: 10 06 25 87 00 C5 29 24   A4 6D 5A 62 60 03 43 33  ..%...)$.mZb`.C3
00F0: 07 9D C2 AE 47 EA 7D B3   96 90 31 1D B2 4A 20 7C  ....G.....1..J .

]
2023-08-24 06:05:28,164 [Time-limited test] INFO  impl.MetricsSystemImpl (MetricsSystemImpl.java:init(158)) - OzoneManager metrics system started (again)
2023-08-24 06:05:28,175 [Time-limited test] INFO  om.OzoneManager (OzoneManager.java:start(1613)) - OzoneManager RPC server is listening at fv-az582-512.vyw2dcplbgbehesrvt3jseauje.cx.internal.cloudapp.net/10.1.0.20:1202
2023-08-24 06:05:28,176 [Time-limited test] INFO  ratis.OzoneManagerRatisServer (OzoneManagerRatisServer.java:start(558)) - Starting OzoneManagerRatisServer om1 at port 9872
2023-08-24 06:05:28,176 [om1-impl-thread1] INFO  storage.RaftStorageDirectory (RaftStorageDirectoryImpl.java:analyzeStorage(137)) - The storage directory /tmp/junit4001029696116438677/junit3941604556434916311/om-meta/ratis/bf265839-605b-3f16-9796-c5ba1605619e does not exist. Creating ...
2023-08-24 06:05:28,177 [om1-impl-thread1] INFO  storage.RaftStorageDirectory (RaftStorageDirectoryImpl.java:tryLock(231)) - Lock on /tmp/junit4001029696116438677/junit3941604556434916311/om-meta/ratis/bf265839-605b-3f16-9796-c5ba1605619e/in_use.lock acquired by nodename 9411@fv-az582-512
2023-08-24 06:05:28,178 [om1-impl-thread1] INFO  storage.RaftStorage (RaftStorageImpl.java:format(96)) - Storage directory /tmp/junit4001029696116438677/junit3941604556434916311/om-meta/ratis/bf265839-605b-3f16-9796-c5ba1605619e has been successfully formatted.
2023-08-24 06:05:28,179 [om1-impl-thread1] INFO  server.RaftServerConfigKeys (ConfUtils.java:logGet(46)) - raft.server.log.use.memory = false (default)
2023-08-24 06:05:28,179 [om1-impl-thread1] INFO  server.RaftServerConfigKeys (ConfUtils.java:logGet(46)) - raft.server.log.purge.gap = 1000000 (custom)
2023-08-24 06:05:28,179 [om1-impl-thread1] INFO  server.RaftServerConfigKeys (ConfUtils.java:logGet(46)) - raft.server.log.appender.buffer.byte-limit = 33554432 (custom)
2023-08-24 06:05:28,179 [om1-impl-thread1] INFO  server.RaftServerConfigKeys (ConfUtils.java:logGet(46)) - raft.server.log.statemachine.data.read.timeout = 1000ms (default)
2023-08-24 06:05:28,179 [om1-impl-thread1] INFO  server.RaftServerConfigKeys (ConfUtils.java:logGet(46)) - raft.server.log.purge.preservation.log.num = 0 (default)
2023-08-24 06:05:28,179 [om1-impl-thread1] INFO  server.RaftServerConfigKeys (ConfUtils.java:logGet(46)) - raft.server.log.segment.size.max = 4194304 (custom)
2023-08-24 06:05:28,179 [om1-impl-thread1] INFO  server.RaftServerConfigKeys (ConfUtils.java:logGet(46)) - raft.server.log.segment.cache.num.max = 2 (custom)
2023-08-24 06:05:28,179 [om1-impl-thread1] INFO  server.RaftServerConfigKeys (ConfUtils.java:logGet(46)) - raft.server.log.segment.cache.size.max = 200MB (=209715200) (default)
2023-08-24 06:05:28,179 [om1-impl-thread1] INFO  server.RaftServerConfigKeys (ConfUtils.java:logGet(46)) - raft.server.log.appender.buffer.byte-limit = 33554432 (custom)
2023-08-24 06:05:28,179 [om1-impl-thread1] INFO  segmented.SegmentedRaftLogWorker (SegmentedRaftLogWorker.java:<init>(188)) - new om1@group-C5BA1605619E-SegmentedRaftLogWorker for RaftStorageImpl:Storage Directory /tmp/junit4001029696116438677/junit3941604556434916311/om-meta/ratis/bf265839-605b-3f16-9796-c5ba1605619e
2023-08-24 06:05:28,179 [om1-impl-thread1] INFO  server.RaftServerConfigKeys (ConfUtils.java:logGet(46)) - raft.server.log.queue.byte-limit = 64MB (=67108864) (default)
2023-08-24 06:05:28,179 [om1-impl-thread1] INFO  server.RaftServerConfigKeys (ConfUtils.java:logGet(46)) - raft.server.log.queue.element-limit = 4096 (default)
2023-08-24 06:05:28,179 [om1-impl-thread1] INFO  server.RaftServerConfigKeys (ConfUtils.java:logGet(46)) - raft.server.log.segment.size.max = 4194304 (custom)
2023-08-24 06:05:28,179 [om1-impl-thread1] INFO  server.RaftServerConfigKeys (ConfUtils.java:logGet(46)) - raft.server.log.preallocated.size = 4194304 (custom)
2023-08-24 06:05:28,179 [om1-impl-thread1] INFO  server.RaftServerConfigKeys (ConfUtils.java:logGet(46)) - raft.server.log.force.sync.num = 128 (default)
2023-08-24 06:05:28,180 [om1-impl-thread1] INFO  server.RaftServerConfigKeys (ConfUtils.java:logGet(46)) - raft.server.log.statemachine.data.sync = true (default)
2023-08-24 06:05:28,180 [om1-impl-thread1] INFO  server.RaftServerConfigKeys (ConfUtils.java:logGet(46)) - raft.server.log.statemachine.data.sync.timeout = 10s (default)
2023-08-24 06:05:28,180 [om1-impl-thread1] INFO  server.RaftServerConfigKeys (ConfUtils.java:logGet(46)) - raft.server.log.statemachine.data.sync.timeout.retry = -1 (default)
2023-08-24 06:05:28,180 [om1-impl-thread1] INFO  server.RaftServerConfigKeys (ConfUtils.java:logGet(46)) - raft.server.log.write.buffer.size = 64KB (=65536) (default)
2023-08-24 06:05:28,180 [om1-impl-thread1] INFO  server.RaftServerConfigKeys (ConfUtils.java:logGet(46)) - raft.server.log.appender.buffer.byte-limit = 33554432 (custom)
2023-08-24 06:05:28,183 [om1-impl-thread1] INFO  server.RaftServerConfigKeys (ConfUtils.java:logGet(46)) - raft.server.log.unsafe-flush.enabled = false (default)
2023-08-24 06:05:28,184 [om1-impl-thread1] INFO  server.RaftServerConfigKeys (ConfUtils.java:logGet(46)) - raft.server.log.async-flush.enabled = false (default)
2023-08-24 06:05:28,184 [om1-impl-thread1] INFO  server.RaftServerConfigKeys (ConfUtils.java:logGet(46)) - raft.server.log.statemachine.data.caching.enabled = false (default)
2023-08-24 06:05:28,185 [om1-impl-thread1] INFO  segmented.SegmentedRaftLogWorker (SegmentedRaftLogWorker.java:lambda$new$0(135)) - om1@group-C5BA1605619E-SegmentedRaftLogWorker: flushIndex: setUnconditionally 0 -> -1
2023-08-24 06:05:28,185 [om1-impl-thread1] INFO  segmented.SegmentedRaftLogWorker (SegmentedRaftLogWorker.java:lambda$new$0(135)) - om1@group-C5BA1605619E-SegmentedRaftLogWorker: safeCacheEvictIndex: setUnconditionally 0 -> -1
2023-08-24 06:05:28,185 [om1-impl-thread1] INFO  server.RaftServer$Division (RaftServerImpl.java:start(342)) - om1@group-C5BA1605619E: start as a follower, conf=-1: peers:[om1|rpc:fv-az582-512.vyw2dcplbgbehesrvt3jseauje.cx.internal.cloudapp.net:9872|priority:0|startupRole:FOLLOWER]|listeners:[], old=null
2023-08-24 06:05:28,185 [om1-impl-thread1] INFO  server.RaftServer$Division (RaftServerImpl.java:setRole(329)) - om1@group-C5BA1605619E: changes role from      null to FOLLOWER at term 0 for startAsFollower
2023-08-24 06:05:28,185 [om1-impl-thread1] INFO  impl.RoleInfo (RoleInfo.java:updateAndGet(139)) - om1: start om1@group-C5BA1605619E-FollowerState
2023-08-24 06:05:28,186 [om1-impl-thread1] INFO  util.JmxRegister (JmxRegister.java:tryRegister(44)) - Successfully registered JMX Bean with object name Ratis:service=RaftServer,group=group-C5BA1605619E,id=om1
2023-08-24 06:05:28,186 [om1-impl-thread1] INFO  server.RaftServerConfigKeys (ConfUtils.java:logGet(46)) - raft.server.snapshot.auto.trigger.enabled = true (custom)
2023-08-24 06:05:28,186 [om1-impl-thread1] INFO  server.RaftServerConfigKeys (ConfUtils.java:logGet(46)) - raft.server.snapshot.auto.trigger.threshold = 400000 (default)
2023-08-24 06:05:28,186 [om1-impl-thread1] INFO  server.RaftServerConfigKeys (ConfUtils.java:logGet(46)) - raft.server.snapshot.retention.file.num = -1 (default)
2023-08-24 06:05:28,186 [om1-impl-thread1] INFO  server.RaftServerConfigKeys (ConfUtils.java:logGet(46)) - raft.server.log.purge.upto.snapshot.index = true (custom)
2023-08-24 06:05:28,186 [Time-limited test] INFO  server.RaftServer (RaftServerProxy.java:startImpl(400)) - om1: start RPC server
2023-08-24 06:05:28,187 [om1@group-C5BA1605619E-FollowerState] INFO  server.RaftServerConfigKeys (ConfUtils.java:logFallback(53)) - raft.server.rpc.first-election.timeout.min = 5s (fallback to raft.server.rpc.timeout.min)
2023-08-24 06:05:28,187 [om1@group-C5BA1605619E-FollowerState] INFO  server.RaftServerConfigKeys (ConfUtils.java:logFallback(53)) - raft.server.rpc.first-election.timeout.max = 5200ms (fallback to raft.server.rpc.timeout.max)
2023-08-24 06:05:28,188 [Time-limited test] INFO  server.GrpcService (GrpcService.java:startImpl(302)) - om1: GrpcService started, listening on 9872
2023-08-24 06:05:28,189 [Time-limited test] INFO  om.OzoneManager (OzoneManager.java:startSecretManager(1103)) - Starting OM delegation token secret manager
2023-08-24 06:05:28,189 [JvmPauseMonitor6] INFO  util.JvmPauseMonitor (JvmPauseMonitor.java:run(103)) - JvmPauseMonitor-om1: Started
2023-08-24 06:05:28,189 [Time-limited test] INFO  security.OzoneDelegationTokenSecretManager (OzoneSecretManager.java:updateCurrentKey(175)) - Updating current master key for generating tokens. Cert id 1595433877227
2023-08-24 06:05:28,191 [Time-limited test] INFO  om.OzoneManager (2023-08-24 06:05:28,191 [Thread[Thread-1466,5,FailOnTimeoutGroup]] INFO  security.OzoneDelegationTokenSecretManager (OzoneDelegationTokenSecretManager.java:run(OzoneManager.java636)) - Starting expired delegation token remover thread, tokenRemoverScanInterval=60 min(s)
2023-08-24 06:05:28,191 [Time-limited test] INFO  om.OzoneManager (OzoneManager.java:start(1629)) - Version File has different layout version (6) than OM DB (null). That is expected if this OM has never been finalized to a newer layout version.
2023-08-24 06:05:28,199 [Time-limited test] INFO  http.BaseHttpServer (BaseHttpServer.java:newHttpServer2BuilderForOzone(224)) - Starting Web-server for ozoneManager at: http://0.0.0.0:9874
2023-08-24 06:05:28,199 [Time-limited test] INFO  http.BaseHttpServer (BaseHttpServer.java:<init>(111)) - Hadoop Security Enabled: true Ozone Security Enabled: true Ozone HTTP Security Enabled: false 
2023-08-24 06:05:28,200 [Time-limited test] WARN  server.AuthenticationFilter (AuthenticationFilter.java:constructSecretProvider(240)) - Unable to initialize FileSignerSecretProvider, falling back to use random secrets. Reason: Could not read signature secret file: /home/runner/hadoop-http-auth-signature-secret
2023-08-24 06:05:28,202 [Time-limited test] INFO  http.HttpRequestLog (HttpRequestLog.java:getRequestLog(86)) - Http request log for http.requests.ozoneManager is not defined
2023-08-24 06:05:28,204 [Time-limited test] INFO  http.HttpServer2 (HttpServer2.java:addGlobalFilter(1031)) - Added global filter 'safety' (class=org.apache.hadoop.hdds.server.http.HttpServer2$QuotingInputFilter)
2023-08-24 06:05:28,205 [Time-limited test] INFO  http.HttpServer2 (HttpServer2.java:addFilter(1007)) - Added filter static_user_filter (class=org.apache.hadoop.http.lib.StaticUserWebFilter$StaticUserFilter) to context ozoneManager
2023-08-24 06:05:28,205 [Time-limited test] INFO  http.HttpServer2 (HttpServer2.java:addFilter(1015)) - Added filter static_user_filter (class=org.apache.hadoop.http.lib.StaticUserWebFilter$StaticUserFilter) to context logs
2023-08-24 06:05:28,205 [Time-limited test] INFO  http.HttpServer2 (HttpServer2.java:addFilter(1015)) - Added filter static_user_filter (class=org.apache.hadoop.http.lib.StaticUserWebFilter$StaticUserFilter) to context static
2023-08-24 06:05:28,206 [Time-limited test] INFO  http.BaseHttpServer (BaseHttpServer.java:<init>(190)) - HTTP server of ozoneManager uses base directory /tmp/junit4001029696116438677/junit3941604556434916311/om-meta/webserver
2023-08-24 06:05:28,206 [Time-limited test] INFO  http.HttpServer2 (HttpServer2.java:bindListener(1250)) - Jetty bound to port 9874
2023-08-24 06:05:28,206 [Time-limited test] INFO  server.Server (Server.java:doStart(375)) - jetty-9.4.51.v20230217; built: 2023-02-17T08:19:37.309Z; git: b45c405e4544384de066f814ed42ae3dceacdd49; jvm 1.8.0_382-b05
2023-08-24 06:05:28,207 [Time-limited test] INFO  server.session (DefaultSessionIdManager.java:doStart(334)) - DefaultSessionIdManager workerName=node0
2023-08-24 06:05:28,207 [Time-limited test] INFO  server.session (DefaultSessionIdManager.java:doStart(339)) - No SessionScavenger set, using defaults
2023-08-24 06:05:28,207 [Time-limited test] INFO  server.session (HouseKeeper.java:startScavenging(132)) - node0 Scavenging every 600000ms
2023-08-24 06:05:28,208 [Time-limited test] INFO  handler.ContextHandler (ContextHandler.java:doStart(921)) - Started o.e.j.s.ServletContextHandler@1a7f35a{logs,/logs,file:///home/runner/work/ozone/ozone/hadoop-ozone/integration-test/target/log,AVAILABLE}
2023-08-24 06:05:28,208 [Time-limited test] INFO  handler.ContextHandler (ContextHandler.java:doStart(921)) - Started o.e.j.s.ServletContextHandler@26bed311{static,/static,file:///home/runner/work/ozone/ozone/hadoop-ozone/integration-test/target/test-classes/webapps/static,AVAILABLE}
2023-08-24 06:05:28,211 [Time-limited test] INFO  handler.ContextHandler (ContextHandler.java:doStart(921)) - Started o.e.j.w.WebAppContext@60cc6f91{ozoneManager,/,file:///home/runner/work/ozone/ozone/hadoop-ozone/integration-test/target/test-classes/webapps/ozoneManager/,AVAILABLE}{file:/home/runner/work/ozone/ozone/hadoop-ozone/integration-test/target/test-classes/webapps/ozoneManager}
2023-08-24 06:05:28,212 [Time-limited test] INFO  server.AbstractConnector (AbstractConnector.java:doStart(333)) - Started ServerConnector@167e7bd8{HTTP/1.1, (http/1.1)}{0.0.0.0:9874}
2023-08-24 06:05:28,212 [Time-limited test] INFO  server.Server (Server.java:doStart(415)) - Started @75209ms
2023-08-24 06:05:28,212 [Time-limited test] WARN  impl.MetricsSystemImpl (MetricsSystemImpl.java:register(279)) - Sink prometheus already exists!
2023-08-24 06:05:28,214 [Time-limited test] INFO  http.BaseHttpServer (BaseHttpServer.java:updateConnectorAddress(344)) - HTTP server of ozoneManager listening at http://0.0.0.0:9874
2023-08-24 06:05:28,214 [IPC Server Responder] INFO  ipc.Server (Server.java:run(1562)) - IPC Server Responder: starting
2023-08-24 06:05:28,214 [IPC Server listener on 1202] INFO  ipc.Server (Server.java:run(1402)) - IPC Server listener on 1202: starting
2023-08-24 06:05:28,234 [Time-limited test] INFO  om.OzoneManager (OzoneManager.java:startTrashEmptier(2081)) - Trash Interval set to 0. Files deleted won't move to trash
2023-08-24 06:05:33,376 [om1@group-C5BA1605619E-FollowerState] INFO  impl.FollowerState (FollowerState.java:run(143)) - om1@group-C5BA1605619E-FollowerState: change to CANDIDATE, lastRpcElapsedTime:5190952970ns, electionTimeout:5189ms
2023-08-24 06:05:33,376 [om1@group-C5BA1605619E-FollowerState] INFO  impl.RoleInfo (RoleInfo.java:shutdownFollowerState(110)) - om1: shutdown om1@group-C5BA1605619E-FollowerState
2023-08-24 06:05:33,377 [om1@group-C5BA1605619E-FollowerState] INFO  server.RaftServer$Division (RaftServerImpl.java:setRole(329)) - om1@group-C5BA1605619E: changes role from  FOLLOWER to CANDIDATE at term 0 for changeToCandidate
2023-08-24 06:05:33,377 [om1@group-C5BA1605619E-FollowerState] INFO  server.RaftServerConfigKeys (ConfUtils.java:logGet(46)) - raft.server.leaderelection.pre-vote = true (default)
2023-08-24 06:05:33,377 [om1@group-C5BA1605619E-FollowerState] INFO  impl.RoleInfo (RoleInfo.java:updateAndGet(139)) - om1: start om1@group-C5BA1605619E-LeaderElection3
2023-08-24 06:05:33,378 [om1@group-C5BA1605619E-LeaderElection3] INFO  impl.LeaderElection (LeaderElection.java:askForVotes(321)) - om1@group-C5BA1605619E-LeaderElection3 PRE_VOTE round 0: submit vote requests at term 0 for -1: peers:[om1|rpc:fv-az582-512.vyw2dcplbgbehesrvt3jseauje.cx.internal.cloudapp.net:9872|priority:0|startupRole:FOLLOWER]|listeners:[], old=null
2023-08-24 06:05:33,378 [om1@group-C5BA1605619E-LeaderElection3] INFO  impl.LeaderElection (LeaderElection.java:askForVotes(323)) - om1@group-C5BA1605619E-LeaderElection3 PRE_VOTE round 0: result PASSED (term=0)
2023-08-24 06:05:33,379 [om1@group-C5BA1605619E-LeaderElection3] INFO  impl.LeaderElection (LeaderElection.java:askForVotes(321)) - om1@group-C5BA1605619E-LeaderElection3 ELECTION round 0: submit vote requests at term 1 for -1: peers:[om1|rpc:fv-az582-512.vyw2dcplbgbehesrvt3jseauje.cx.internal.cloudapp.net:9872|priority:0|startupRole:FOLLOWER]|listeners:[], old=null
2023-08-24 06:05:33,379 [om1@group-C5BA1605619E-LeaderElection3] INFO  impl.LeaderElection (LeaderElection.java:askForVotes(323)) - om1@group-C5BA1605619E-LeaderElection3 ELECTION round 0: result PASSED (term=1)
2023-08-24 06:05:33,380 [om1@group-C5BA1605619E-LeaderElection3] INFO  impl.RoleInfo (RoleInfo.java:shutdownLeaderElection(130)) - om1: shutdown om1@group-C5BA1605619E-LeaderElection3
2023-08-24 06:05:33,380 [om1@group-C5BA1605619E-LeaderElection3] INFO  server.RaftServer$Division (RaftServerImpl.java:setRole(329)) - om1@group-C5BA1605619E: changes role from CANDIDATE to LEADER at term 1 for changeToLeader
2023-08-24 06:05:33,380 [om1@group-C5BA1605619E-LeaderElection3] INFO  server.RaftServer$Division (ServerState.java:setLeader(317)) - om1@group-C5BA1605619E: change Leader from null to om1 at term 1 for becomeLeader, leader elected after 6097ms
2023-08-24 06:05:33,380 [om1@group-C5BA1605619E-LeaderElection3] INFO  server.RaftServerConfigKeys (ConfUtils.java:logGet(46)) - raft.server.staging.catchup.gap = 1000 (default)
2023-08-24 06:05:33,380 [om1@group-C5BA1605619E-LeaderElection3] INFO  server.RaftServerConfigKeys (ConfUtils.java:logGet(46)) - raft.server.write.element-limit = 4096 (default)
2023-08-24 06:05:33,380 [om1@group-C5BA1605619E-LeaderElection3] INFO  server.RaftServerConfigKeys (ConfUtils.java:logGet(46)) - raft.server.write.byte-limit = 64MB (=67108864) (default)
2023-08-24 06:05:33,380 [om1@group-C5BA1605619E-LeaderElection3] INFO  server.RaftServerConfigKeys (ConfUtils.java:logGet(46)) - raft.server.watch.timeout = 10s (default)
2023-08-24 06:05:33,380 [om1@group-C5BA1605619E-LeaderElection3] INFO  server.RaftServerConfigKeys (ConfUtils.java:logGet(46)) - raft.server.watch.timeout.denomination = 1s (default)
2023-08-24 06:05:33,380 [om1@group-C5BA1605619E-LeaderElection3] INFO  server.RaftServerConfigKeys (ConfUtils.java:logGet(46)) - raft.server.watch.element-limit = 65536 (default)
2023-08-24 06:05:33,380 [om1@group-C5BA1605619E-LeaderElection3] INFO  server.RaftServerConfigKeys (ConfUtils.java:logGet(46)) - raft.server.write.element-limit = 4096 (default)
2023-08-24 06:05:33,381 [om1@group-C5BA1605619E-LeaderElection3] INFO  server.RaftServerConfigKeys (ConfUtils.java:logGet(46)) - raft.server.write.follower.gap.ratio.max = -1.0 (default)
2023-08-24 06:05:33,381 [om1@group-C5BA1605619E-LeaderElection3] INFO  impl.RoleInfo (RoleInfo.java:updateAndGet(139)) - om1: start om1@group-C5BA1605619E-LeaderStateImpl
2023-08-24 06:05:33,381 [om1@group-C5BA1605619E-LeaderElection3] INFO  segmented.SegmentedRaftLogWorker (SegmentedRaftLogWorker.java:startLogSegment(447)) - om1@group-C5BA1605619E-SegmentedRaftLogWorker: Starting segment from index:0
2023-08-24 06:05:33,383 [om1@group-C5BA1605619E-LeaderElection3] INFO  server.RaftServer$Division (ServerState.java:setRaftConf(434)) - om1@group-C5BA1605619E: set configuration 0: peers:[om1|rpc:fv-az582-512.vyw2dcplbgbehesrvt3jseauje.cx.internal.cloudapp.net:9872|admin:|client:|dataStream:|priority:0|startupRole:FOLLOWER]|listeners:[], old=null
2023-08-24 06:05:33,391 [om1@group-C5BA1605619E-SegmentedRaftLogWorker] INFO  segmented.SegmentedRaftLogWorker (SegmentedRaftLogWorker.java:execute(651)) - om1@group-C5BA1605619E-SegmentedRaftLogWorker: created new log segment /tmp/junit4001029696116438677/junit3941604556434916311/om-meta/ratis/bf265839-605b-3f16-9796-c5ba1605619e/current/log_inprogress_0
2023-08-24 06:05:33,392 [om1@group-C5BA1605619E-StateMachineUpdater] INFO  ratis.OzoneManagerStateMachine (OzoneManagerStateMachine.java:notifyConfigurationChanged(202)) - Received Configuration change notification from Ratis. New Peer list:
[id: "om1"
address: "fv-az582-512.vyw2dcplbgbehesrvt3jseauje.cx.internal.cloudapp.net:9872"
startupRole: FOLLOWER
]
2023-08-24 06:05:33,450 [pool-390-thread-1] INFO  request.TgsRequest (TgsRequest.java:issueTicket(115)) - TGS_REQ ISSUE: authtime 1692857133450,om/fv-az582-512.vyw2dcplbgbehesrvt3jseauje.cx.internal.cloudapp.net for om/fv-az582-512.vyw2dcplbgbehesrvt3jseauje.cx.internal.cloudapp.net@EXAMPLE.COM
2023-08-24 06:05:33,460 [Socket Reader #1 for port 1202] INFO  ipc.Server (Server.java:saslProcess(2139)) - Auth successful for om/fv-az582-512.vyw2dcplbgbehesrvt3jseauje.cx.internal.cloudapp.net@EXAMPLE.COM (auth:KERBEROS) from fv-az582-512.vyw2dcplbgbehesrvt3jseauje.cx.internal.cloudapp.net:42187 / 10.1.0.20:42187
2023-08-24 06:05:43,071 [CertificateRenewerService] INFO  utils.SelfSignedCertificate (SelfSignedCertificate.java:generateCertificate(157)) - Certificate 2 is issued by CN=rootCA-new@localhost,OU=scm1,O=cluster1 to CN=rootCA-new@localhost,OU=scm1,O=cluster1, valid from Thu Aug 24 06:05:43 UTC 2023 to Sun Oct 01 06:05:43 UTC 2028
2023-08-24 06:05:43,165 [CertificateRenewerService] INFO  authority.DefaultApprover (DefaultApprover.java:sign(154)) - Extensions in CSR: 2.5.29.15
2023-08-24 06:05:43,165 [CertificateRenewerService] INFO  authority.DefaultApprover (DefaultApprover.java:sign(158)) - Extensions to add to the certificate if they present in CSR: 2.5.29.17, 2.5.29.19, 1.3.6.1.5.5.7.1.12, 2.5.29.35, 2.5.29.37, 2.5.29.15
Thu Aug 24 06:05:43 UTC 2023 certificated is renewed
2023-08-24 06:05:43,168 [CertificateRenewerService] INFO  ssl.PemFileBasedKeyStoresFactory (PemFileBasedKeyStoresFactory.java:notifyCertificateRenewed(157)) - CertificateClientTestImpl notify certificate renewed
2023-08-24 06:05:43,169 [CertificateRenewerService] INFO  ssl.ReloadingX509KeyManager (ReloadingX509KeyManager.java:loadKeyManager(222)) - Key manager is loaded with certificate chain
2023-08-24 06:05:43,169 [CertificateRenewerService] INFO  ssl.ReloadingX509KeyManager (ReloadingX509KeyManager.java:loadKeyManager(224)) - [
[
  Version: V3
  Subject: O=cluster1, OU=scm1, CN=localhost
  Signature Algorithm: SHA256withRSA, OID = 1.2.840.113549.1.1.11

  Key:  Sun RSA public key, 2048 bits
  params: null
  modulus: 19330673941179028489426929065350847790764896694026064749664732313244953298981460678774063904628928081856043282465010868599444175028597990223983946390135702170317322743632677432672346149031752299487382686939398020251110401172115787593969936608075097971203992361405853641016212127563707180503177747791826063809409785902243264887627117344506804153368788140669860356687638642710324448791317069757748674775096101065236473611867810228306017900563481605191099318443606222256180845080019682901747006801318478361649027580363995541773631454198407942958758471967836356573877608128977656506081932643300132490513631892735883822247
  public exponent: 65537
  Validity: [From: Thu Aug 24 06:05:43 UTC 2023,
               To: Thu Aug 24 06:06:23 UTC 2023]
  Issuer: O=cluster1, OU=scm1, CN=rootCA-new@localhost
  SerialNumber: [    0176f60c 0daa]

Certificate Extensions: 1
[1]: ObjectId: 2.5.29.15 Criticality=true
KeyUsage [
  DigitalSignature
  Key_Agreement
]

]
  Algorithm: [SHA256withRSA]
  Signature:
0000: 2B 20 6F C7 19 AE ED 33   99 22 C1 3B 0A 27 D3 2B  + o....3.".;.'.+
0010: 25 54 7E 67 F8 7B 82 52   A2 B4 78 79 79 AE 9C D2  %T.g...R..xyy...
0020: 1C F9 99 24 85 DA E7 44   E8 7D D8 8B BF 44 CF 6D  ...$...D.....D.m
0030: 11 10 D8 31 1E 34 4C 86   E0 EE 72 4F 98 40 D2 D3  ...1.4L...rO.@..
0040: 15 A9 4E A0 01 1B AE C3   22 71 19 D1 0C 11 F9 FA  ..N....."q......
0050: 62 D1 F7 9C E1 F3 86 8D   B7 D9 5B AB CF FE 91 4E  b.........[....N
0060: 62 23 32 8B DE D5 6F 7C   15 41 99 0A 9C 00 3C 8A  b#2...o..A....<.
0070: B2 31 1E D6 F6 08 D8 B6   9A 7E FC 18 10 83 BD 16  .1..............
0080: 14 DD 0F F3 B5 6E F2 CA   62 90 AC 1C 05 F5 E0 75  .....n..b......u
0090: 7C 7E D8 70 D6 99 DC 7E   16 3C 2B 2F 51 A1 3E 12  ...p.....<+/Q.>.
00A0: 9F 1F 69 88 AF C2 F8 1A   0C E9 F7 2A DF 8E 5B 01  ..i........*..[.
00B0: A2 1D 19 F5 98 E3 F8 0F   BF E7 8C 21 25 42 B8 5D  ...........!%B.]
00C0: 23 0E 8F CB 40 85 D1 D5   D3 46 90 4B CA 56 8D 69  #...@....F.K.V.i
00D0: 5F 2F 5C 97 D9 EA A8 C1   71 E0 DA 01 82 79 BF EC  _/\.....q....y..
00E0: 4D 89 6C 83 C1 20 FF DC   87 5A 7E FA F0 B9 10 8F  M.l.. ...Z......
00F0: 3C AC E5 D8 D4 0B D5 C0   EC B4 AB 05 76 31 8F 53  <...........v1.S

]
2023-08-24 06:05:43,170 [CertificateRenewerService] INFO  ssl.ReloadingX509KeyManager (ReloadingX509KeyManager.java:loadKeyManager(224)) - [
[
  Version: V3
  Subject: O=cluster1, OU=scm1, CN=rootCA-new@localhost
  Signature Algorithm: SHA256withRSA, OID = 1.2.840.113549.1.1.11

  Key:  Sun RSA public key, 2048 bits
  params: null
  modulus: 22736264356215389429441365175620699195243655071901443195815877444363855258876984400102095583646789997305321892919559792827088497983755938044251489753770677337713288072186986458757305413355846443920977415889575811321228191277106138903523421949532928061933426297934072100160066841149296802122687901366290554101523039226546326846038477707861512398919802892478648792950352260422797375779937029455775614607600284783612056255901806239181217900807021356951221987499013232803172659814585730607739055249687696080692727066281441024513610221809026586789379594352410561334309112419897825716560842258010712204639687663146619659857
  public exponent: 65537
  Validity: [From: Thu Aug 24 06:05:43 UTC 2023,
               To: Sun Oct 01 06:05:43 UTC 2028]
  Issuer: O=cluster1, OU=scm1, CN=rootCA-new@localhost
  SerialNumber: [    02]

Certificate Extensions: 2
[1]: ObjectId: 2.5.29.19 Criticality=true
BasicConstraints:[
  CA:true
  PathLen:2147483647
]

[2]: ObjectId: 2.5.29.15 Criticality=true
KeyUsage [
  Key_CertSign
  Crl_Sign
]

]
  Algorithm: [SHA256withRSA]
  Signature:
0000: 4E 27 E4 1B 2F DF 0E F4   E1 2C 11 90 25 9A 17 73  N'../....,..%..s
0010: EC D0 89 0A 92 E8 A5 5F   F5 CE 4D 39 A3 86 98 AC  ......._..M9....
0020: E3 E9 43 83 78 DD F8 18   8C F1 5C EF CA 0F 5D 88  ..C.x.....\...].
0030: 00 AE C1 02 2A C2 D9 1B   BA 78 E5 C0 B6 75 12 BA  ....*....x...u..
0040: 8C 7B A8 95 7F 73 88 79   4D 19 49 D0 CA DE 62 9E  .....s.yM.I...b.
0050: 9C 8F 21 22 E6 8F BD B8   A2 1D 5A 03 0A 7A 9F C1  ..!"......Z..z..
0060: 8A DE E6 79 C1 2C 10 CA   A8 A1 F8 57 EF 4A 41 7F  ...y.,.....W.JA.
0070: BC D9 89 05 C3 F8 20 87   A5 E1 10 20 C2 FC FE 9E  ...... .... ....
0080: BA 27 5F D1 B6 C8 A5 A6   12 1A DC 4F F3 2F 9B D0  .'_........O./..
0090: C3 44 C4 C5 3D 07 34 3E   B7 EF A1 15 38 BF 1C 72  .D..=.4>....8..r
00A0: 4C A2 B4 CF 0D 85 DB 4F   F7 FF 97 30 F5 9A E5 6E  L......O...0...n
00B0: CF 8F C0 46 10 82 EA 37   11 03 9A 4F 6B E8 B6 5B  ...F...7...Ok..[
00C0: CA 0C E3 74 F0 36 D2 5B   74 5B A7 71 52 63 82 E0  ...t.6.[t[.qRc..
00D0: E9 6A BC DD 34 7E D6 6F   B6 56 73 20 BB 77 F8 D9  .j..4..o.Vs .w..
00E0: B6 B9 9C 8E 19 07 0C 5B   63 7E D1 06 27 87 09 E2  .......[c...'...
00F0: A4 E6 C5 08 C8 11 CB 45   0F 2E D9 8B 21 C8 64 40  .......E....!.d@

]
2023-08-24 06:05:43,170 [CertificateRenewerService] INFO  ssl.ReloadingX509KeyManager (ReloadingX509KeyManager.java:loadFrom(192)) - ReloadingX509KeyManager is reloaded
2023-08-24 06:05:43,170 [CertificateRenewerService] INFO  ssl.ReloadingX509TrustManager (ReloadingX509TrustManager.java:insertCertsToKeystore(188)) - Trust manager is loaded with certificates
2023-08-24 06:05:43,170 [CertificateRenewerService] INFO  ssl.ReloadingX509TrustManager (ReloadingX509TrustManager.java:insertCertsToKeystore(192)) - [
[
  Version: V3
  Subject: O=cluster1, OU=scm1, CN=rootCA-new@localhost
  Signature Algorithm: SHA256withRSA, OID = 1.2.840.113549.1.1.11

  Key:  Sun RSA public key, 2048 bits
  params: null
  modulus: 22736264356215389429441365175620699195243655071901443195815877444363855258876984400102095583646789997305321892919559792827088497983755938044251489753770677337713288072186986458757305413355846443920977415889575811321228191277106138903523421949532928061933426297934072100160066841149296802122687901366290554101523039226546326846038477707861512398919802892478648792950352260422797375779937029455775614607600284783612056255901806239181217900807021356951221987499013232803172659814585730607739055249687696080692727066281441024513610221809026586789379594352410561334309112419897825716560842258010712204639687663146619659857
  public exponent: 65537
  Validity: [From: Thu Aug 24 06:05:43 UTC 2023,
               To: Sun Oct 01 06:05:43 UTC 2028]
  Issuer: O=cluster1, OU=scm1, CN=rootCA-new@localhost
  SerialNumber: [    02]

Certificate Extensions: 2
[1]: ObjectId: 2.5.29.19 Criticality=true
BasicConstraints:[
  CA:true
  PathLen:2147483647
]

[2]: ObjectId: 2.5.29.15 Criticality=true
KeyUsage [
  Key_CertSign
  Crl_Sign
]

]
  Algorithm: [SHA256withRSA]
  Signature:
0000: 4E 27 E4 1B 2F DF 0E F4   E1 2C 11 90 25 9A 17 73  N'../....,..%..s
0010: EC D0 89 0A 92 E8 A5 5F   F5 CE 4D 39 A3 86 98 AC  ......._..M9....
0020: E3 E9 43 83 78 DD F8 18   8C F1 5C EF CA 0F 5D 88  ..C.x.....\...].
0030: 00 AE C1 02 2A C2 D9 1B   BA 78 E5 C0 B6 75 12 BA  ....*....x...u..
0040: 8C 7B A8 95 7F 73 88 79   4D 19 49 D0 CA DE 62 9E  .....s.yM.I...b.
0050: 9C 8F 21 22 E6 8F BD B8   A2 1D 5A 03 0A 7A 9F C1  ..!"......Z..z..
0060: 8A DE E6 79 C1 2C 10 CA   A8 A1 F8 57 EF 4A 41 7F  ...y.,.....W.JA.
0070: BC D9 89 05 C3 F8 20 87   A5 E1 10 20 C2 FC FE 9E  ...... .... ....
0080: BA 27 5F D1 B6 C8 A5 A6   12 1A DC 4F F3 2F 9B D0  .'_........O./..
0090: C3 44 C4 C5 3D 07 34 3E   B7 EF A1 15 38 BF 1C 72  .D..=.4>....8..r
00A0: 4C A2 B4 CF 0D 85 DB 4F   F7 FF 97 30 F5 9A E5 6E  L......O...0...n
00B0: CF 8F C0 46 10 82 EA 37   11 03 9A 4F 6B E8 B6 5B  ...F...7...Ok..[
00C0: CA 0C E3 74 F0 36 D2 5B   74 5B A7 71 52 63 82 E0  ...t.6.[t[.qRc..
00D0: E9 6A BC DD 34 7E D6 6F   B6 56 73 20 BB 77 F8 D9  .j..4..o.Vs .w..
00E0: B6 B9 9C 8E 19 07 0C 5B   63 7E D1 06 27 87 09 E2  .......[c...'...
00F0: A4 E6 C5 08 C8 11 CB 45   0F 2E D9 8B 21 C8 64 40  .......E....!.d@

]
2023-08-24 06:05:43,171 [CertificateRenewerService] INFO  ssl.ReloadingX509TrustManager (ReloadingX509TrustManager.java:insertCertsToKeystore(192)) - [
[
  Version: V3
  Subject: O=cluster1, OU=scm1, CN=rootCA@localhost
  Signature Algorithm: SHA256withRSA, OID = 1.2.840.113549.1.1.11

  Key:  Sun RSA public key, 2048 bits
  params: null
  modulus: 23563993774946605070308520859323686498479990324021652881409393998706966776114430315566580272291287618868055157329176419604997282477542926248362504693281736613356483180364567991552671403128385146330970925303222447340375103756208314282692049026904016214011943183913448646818715720768104461416173200945111408576428782292906928879947976219444637034653655865066451527791704420165389700087173938463637656397459794898804058310860085264365373135173774034958979494246512213040893661657439264814394321015193811212243778020270085012497191684682275048649828107338167114176858003268522296501358848734604060563322547230842269629847
  public exponent: 65537
  Validity: [From: Thu Aug 24 06:05:28 UTC 2023,
               To: Sun Oct 01 06:05:28 UTC 2028]
  Issuer: O=cluster1, OU=scm1, CN=rootCA@localhost
  SerialNumber: [    01]

Certificate Extensions: 2
[1]: ObjectId: 2.5.29.19 Criticality=true
BasicConstraints:[
  CA:true
  PathLen:2147483647
]

[2]: ObjectId: 2.5.29.15 Criticality=true
KeyUsage [
  Key_CertSign
  Crl_Sign
]

]
  Algorithm: [SHA256withRSA]
  Signature:
0000: 25 D5 A7 31 1D 45 23 38   5F 72 73 2E B9 D8 E5 7C  %..1.E#8_rs.....
0010: 4D 09 DA 2A A7 DE 9D 79   39 D0 E8 2A 8B 53 52 A1  M..*...y9..*.SR.
0020: 22 F8 3A C1 92 06 3C 8D   BB C6 D2 D2 91 81 9A 03  ".:...<.........
0030: 7E 62 DA E3 3F B2 F0 5B   EB 37 12 78 D3 DD 96 88  .b..?..[.7.x....
0040: BA 7C FE 29 01 7C 85 08   E5 7F 4E 71 3E 42 97 45  ...)......Nq>B.E
0050: 00 DA 54 2A 45 F4 2B 58   3C B3 2B 2E 70 CA 82 37  ..T*E.+X<.+.p..7
0060: A9 AC 2F CD 0B B1 7C 60   0D D2 0B 0B F1 54 D4 9C  ../....`.....T..
0070: AE 1E 31 04 50 8F 4D 51   6E 3F E3 14 E4 2D CC C5  ..1.P.MQn?...-..
0080: 5C 5A F6 E1 0A 9B 0F AB   7D 52 43 5D 93 59 B1 3C  \Z.......RC].Y.<
0090: 35 0D 7C 57 C6 89 5C FB   6C 5B 90 DE 69 4F 28 84  5..W..\.l[..iO(.
00A0: 4E A7 8C 85 EB 4A F9 2A   BB B3 43 9F 41 1B BA 45  N....J.*..C.A..E
00B0: 46 DC 6C 37 25 48 C6 9B   E8 32 E6 E7 7E 92 FB C5  F.l7%H...2......
00C0: 2F 88 9F 2E E7 D5 BE 83   59 15 D9 E8 ED E5 E3 34  /.......Y......4
00D0: 54 79 68 9A 77 36 C6 A1   5B 07 9B FD 2D 38 E0 0C  Tyh.w6..[...-8..
00E0: 10 06 25 87 00 C5 29 24   A4 6D 5A 62 60 03 43 33  ..%...)$.mZb`.C3
00F0: 07 9D C2 AE 47 EA 7D B3   96 90 31 1D B2 4A 20 7C  ....G.....1..J .

]
2023-08-24 06:05:43,171 [CertificateRenewerService] INFO  ssl.ReloadingX509TrustManager (ReloadingX509TrustManager.java:loadFrom(141)) - ReloadingX509TrustManager is reloaded.
2023-08-24 06:05:43,171 [CertificateRenewerService] INFO  ssl.PemFileBasedKeyStoresFactory (PemFileBasedKeyStoresFactory.java:notifyCertificateRenewed(157)) - CertificateClientTestImpl notify certificate renewed
2023-08-24 06:05:43,171 [CertificateRenewerService] INFO  ssl.ReloadingX509KeyManager (ReloadingX509KeyManager.java:loadKeyManager(222)) - Key manager is loaded with certificate chain
2023-08-24 06:05:43,172 [CertificateRenewerService] INFO  ssl.ReloadingX509KeyManager (ReloadingX509KeyManager.java:loadKeyManager(224)) - [
[
  Version: V3
  Subject: O=cluster1, OU=scm1, CN=localhost
  Signature Algorithm: SHA256withRSA, OID = 1.2.840.113549.1.1.11

  Key:  Sun RSA public key, 2048 bits
  params: null
  modulus: 19330673941179028489426929065350847790764896694026064749664732313244953298981460678774063904628928081856043282465010868599444175028597990223983946390135702170317322743632677432672346149031752299487382686939398020251110401172115787593969936608075097971203992361405853641016212127563707180503177747791826063809409785902243264887627117344506804153368788140669860356687638642710324448791317069757748674775096101065236473611867810228306017900563481605191099318443606222256180845080019682901747006801318478361649027580363995541773631454198407942958758471967836356573877608128977656506081932643300132490513631892735883822247
  public exponent: 65537
  Validity: [From: Thu Aug 24 06:05:43 UTC 2023,
               To: Thu Aug 24 06:06:23 UTC 2023]
  Issuer: O=cluster1, OU=scm1, CN=rootCA-new@localhost
  SerialNumber: [    0176f60c 0daa]

Certificate Extensions: 1
[1]: ObjectId: 2.5.29.15 Criticality=true
KeyUsage [
  DigitalSignature
  Key_Agreement
]

]
  Algorithm: [SHA256withRSA]
  Signature:
0000: 2B 20 6F C7 19 AE ED 33   99 22 C1 3B 0A 27 D3 2B  + o....3.".;.'.+
0010: 25 54 7E 67 F8 7B 82 52   A2 B4 78 79 79 AE 9C D2  %T.g...R..xyy...
0020: 1C F9 99 24 85 DA E7 44   E8 7D D8 8B BF 44 CF 6D  ...$...D.....D.m
0030: 11 10 D8 31 1E 34 4C 86   E0 EE 72 4F 98 40 D2 D3  ...1.4L...rO.@..
0040: 15 A9 4E A0 01 1B AE C3   22 71 19 D1 0C 11 F9 FA  ..N....."q......
0050: 62 D1 F7 9C E1 F3 86 8D   B7 D9 5B AB CF FE 91 4E  b.........[....N
0060: 62 23 32 8B DE D5 6F 7C   15 41 99 0A 9C 00 3C 8A  b#2...o..A....<.
0070: B2 31 1E D6 F6 08 D8 B6   9A 7E FC 18 10 83 BD 16  .1..............
0080: 14 DD 0F F3 B5 6E F2 CA   62 90 AC 1C 05 F5 E0 75  .....n..b......u
0090: 7C 7E D8 70 D6 99 DC 7E   16 3C 2B 2F 51 A1 3E 12  ...p.....<+/Q.>.
00A0: 9F 1F 69 88 AF C2 F8 1A   0C E9 F7 2A DF 8E 5B 01  ..i........*..[.
00B0: A2 1D 19 F5 98 E3 F8 0F   BF E7 8C 21 25 42 B8 5D  ...........!%B.]
00C0: 23 0E 8F CB 40 85 D1 D5   D3 46 90 4B CA 56 8D 69  #...@....F.K.V.i
00D0: 5F 2F 5C 97 D9 EA A8 C1   71 E0 DA 01 82 79 BF EC  _/\.....q....y..
00E0: 4D 89 6C 83 C1 20 FF DC   87 5A 7E FA F0 B9 10 8F  M.l.. ...Z......
00F0: 3C AC E5 D8 D4 0B D5 C0   EC B4 AB 05 76 31 8F 53  <...........v1.S

]
2023-08-24 06:05:43,172 [CertificateRenewerService] INFO  ssl.ReloadingX509KeyManager (ReloadingX509KeyManager.java:loadKeyManager(224)) - [
[
  Version: V3
  Subject: O=cluster1, OU=scm1, CN=rootCA-new@localhost
  Signature Algorithm: SHA256withRSA, OID = 1.2.840.113549.1.1.11

  Key:  Sun RSA public key, 2048 bits
  params: null
  modulus: 22736264356215389429441365175620699195243655071901443195815877444363855258876984400102095583646789997305321892919559792827088497983755938044251489753770677337713288072186986458757305413355846443920977415889575811321228191277106138903523421949532928061933426297934072100160066841149296802122687901366290554101523039226546326846038477707861512398919802892478648792950352260422797375779937029455775614607600284783612056255901806239181217900807021356951221987499013232803172659814585730607739055249687696080692727066281441024513610221809026586789379594352410561334309112419897825716560842258010712204639687663146619659857
  public exponent: 65537
  Validity: [From: Thu Aug 24 06:05:43 UTC 2023,
               To: Sun Oct 01 06:05:43 UTC 2028]
  Issuer: O=cluster1, OU=scm1, CN=rootCA-new@localhost
  SerialNumber: [    02]

Certificate Extensions: 2
[1]: ObjectId: 2.5.29.19 Criticality=true
BasicConstraints:[
  CA:true
  PathLen:2147483647
]

[2]: ObjectId: 2.5.29.15 Criticality=true
KeyUsage [
  Key_CertSign
  Crl_Sign
]

]
  Algorithm: [SHA256withRSA]
  Signature:
0000: 4E 27 E4 1B 2F DF 0E F4   E1 2C 11 90 25 9A 17 73  N'../....,..%..s
0010: EC D0 89 0A 92 E8 A5 5F   F5 CE 4D 39 A3 86 98 AC  ......._..M9....
0020: E3 E9 43 83 78 DD F8 18   8C F1 5C EF CA 0F 5D 88  ..C.x.....\...].
0030: 00 AE C1 02 2A C2 D9 1B   BA 78 E5 C0 B6 75 12 BA  ....*....x...u..
0040: 8C 7B A8 95 7F 73 88 79   4D 19 49 D0 CA DE 62 9E  .....s.yM.I...b.
0050: 9C 8F 21 22 E6 8F BD B8   A2 1D 5A 03 0A 7A 9F C1  ..!"......Z..z..
0060: 8A DE E6 79 C1 2C 10 CA   A8 A1 F8 57 EF 4A 41 7F  ...y.,.....W.JA.
0070: BC D9 89 05 C3 F8 20 87   A5 E1 10 20 C2 FC FE 9E  ...... .... ....
0080: BA 27 5F D1 B6 C8 A5 A6   12 1A DC 4F F3 2F 9B D0  .'_........O./..
0090: C3 44 C4 C5 3D 07 34 3E   B7 EF A1 15 38 BF 1C 72  .D..=.4>....8..r
00A0: 4C A2 B4 CF 0D 85 DB 4F   F7 FF 97 30 F5 9A E5 6E  L......O...0...n
00B0: CF 8F C0 46 10 82 EA 37   11 03 9A 4F 6B E8 B6 5B  ...F...7...Ok..[
00C0: CA 0C E3 74 F0 36 D2 5B   74 5B A7 71 52 63 82 E0  ...t.6.[t[.qRc..
00D0: E9 6A BC DD 34 7E D6 6F   B6 56 73 20 BB 77 F8 D9  .j..4..o.Vs .w..
00E0: B6 B9 9C 8E 19 07 0C 5B   63 7E D1 06 27 87 09 E2  .......[c...'...
00F0: A4 E6 C5 08 C8 11 CB 45   0F 2E D9 8B 21 C8 64 40  .......E....!.d@

]
2023-08-24 06:05:43,172 [CertificateRenewerService] INFO  ssl.ReloadingX509KeyManager (ReloadingX509KeyManager.java:loadFrom(192)) - ReloadingX509KeyManager is reloaded
2023-08-24 06:05:43,177 [CertificateRenewerService] INFO  ssl.ReloadingX509TrustManager (ReloadingX509TrustManager.java:insertCertsToKeystore(188)) - Trust manager is loaded with certificates
2023-08-24 06:05:43,177 [CertificateRenewerService] INFO  ssl.ReloadingX509TrustManager (ReloadingX509TrustManager.java:insertCertsToKeystore(192)) - [
[
  Version: V3
  Subject: O=cluster1, OU=scm1, CN=rootCA-new@localhost
  Signature Algorithm: SHA256withRSA, OID = 1.2.840.113549.1.1.11

  Key:  Sun RSA public key, 2048 bits
  params: null
  modulus: 22736264356215389429441365175620699195243655071901443195815877444363855258876984400102095583646789997305321892919559792827088497983755938044251489753770677337713288072186986458757305413355846443920977415889575811321228191277106138903523421949532928061933426297934072100160066841149296802122687901366290554101523039226546326846038477707861512398919802892478648792950352260422797375779937029455775614607600284783612056255901806239181217900807021356951221987499013232803172659814585730607739055249687696080692727066281441024513610221809026586789379594352410561334309112419897825716560842258010712204639687663146619659857
  public exponent: 65537
  Validity: [From: Thu Aug 24 06:05:43 UTC 2023,
               To: Sun Oct 01 06:05:43 UTC 2028]
  Issuer: O=cluster1, OU=scm1, CN=rootCA-new@localhost
  SerialNumber: [    02]

Certificate Extensions: 2
[1]: ObjectId: 2.5.29.19 Criticality=true
BasicConstraints:[
  CA:true
  PathLen:2147483647
]

[2]: ObjectId: 2.5.29.15 Criticality=true
KeyUsage [
  Key_CertSign
  Crl_Sign
]

]
  Algorithm: [SHA256withRSA]
  Signature:
0000: 4E 27 E4 1B 2F DF 0E F4   E1 2C 11 90 25 9A 17 73  N'../....,..%..s
0010: EC D0 89 0A 92 E8 A5 5F   F5 CE 4D 39 A3 86 98 AC  ......._..M9....
0020: E3 E9 43 83 78 DD F8 18   8C F1 5C EF CA 0F 5D 88  ..C.x.....\...].
0030: 00 AE C1 02 2A C2 D9 1B   BA 78 E5 C0 B6 75 12 BA  ....*....x...u..
0040: 8C 7B A8 95 7F 73 88 79   4D 19 49 D0 CA DE 62 9E  .....s.yM.I...b.
0050: 9C 8F 21 22 E6 8F BD B8   A2 1D 5A 03 0A 7A 9F C1  ..!"......Z..z..
0060: 8A DE E6 79 C1 2C 10 CA   A8 A1 F8 57 EF 4A 41 7F  ...y.,.....W.JA.
0070: BC D9 89 05 C3 F8 20 87   A5 E1 10 20 C2 FC FE 9E  ...... .... ....
0080: BA 27 5F D1 B6 C8 A5 A6   12 1A DC 4F F3 2F 9B D0  .'_........O./..
0090: C3 44 C4 C5 3D 07 34 3E   B7 EF A1 15 38 BF 1C 72  .D..=.4>....8..r
00A0: 4C A2 B4 CF 0D 85 DB 4F   F7 FF 97 30 F5 9A E5 6E  L......O...0...n
00B0: CF 8F C0 46 10 82 EA 37   11 03 9A 4F 6B E8 B6 5B  ...F...7...Ok..[
00C0: CA 0C E3 74 F0 36 D2 5B   74 5B A7 71 52 63 82 E0  ...t.6.[t[.qRc..
00D0: E9 6A BC DD 34 7E D6 6F   B6 56 73 20 BB 77 F8 D9  .j..4..o.Vs .w..
00E0: B6 B9 9C 8E 19 07 0C 5B   63 7E D1 06 27 87 09 E2  .......[c...'...
00F0: A4 E6 C5 08 C8 11 CB 45   0F 2E D9 8B 21 C8 64 40  .......E....!.d@

]
2023-08-24 06:05:43,177 [CertificateRenewerService] INFO  ssl.ReloadingX509TrustManager (ReloadingX509TrustManager.java:insertCertsToKeystore(192)) - [
[
  Version: V3
  Subject: O=cluster1, OU=scm1, CN=rootCA@localhost
  Signature Algorithm: SHA256withRSA, OID = 1.2.840.113549.1.1.11

  Key:  Sun RSA public key, 2048 bits
  params: null
  modulus: 23563993774946605070308520859323686498479990324021652881409393998706966776114430315566580272291287618868055157329176419604997282477542926248362504693281736613356483180364567991552671403128385146330970925303222447340375103756208314282692049026904016214011943183913448646818715720768104461416173200945111408576428782292906928879947976219444637034653655865066451527791704420165389700087173938463637656397459794898804058310860085264365373135173774034958979494246512213040893661657439264814394321015193811212243778020270085012497191684682275048649828107338167114176858003268522296501358848734604060563322547230842269629847
  public exponent: 65537
  Validity: [From: Thu Aug 24 06:05:28 UTC 2023,
               To: Sun Oct 01 06:05:28 UTC 2028]
  Issuer: O=cluster1, OU=scm1, CN=rootCA@localhost
  SerialNumber: [    01]

Certificate Extensions: 2
[1]: ObjectId: 2.5.29.19 Criticality=true
BasicConstraints:[
  CA:true
  PathLen:2147483647
]

[2]: ObjectId: 2.5.29.15 Criticality=true
KeyUsage [
  Key_CertSign
  Crl_Sign
]

]
  Algorithm: [SHA256withRSA]
  Signature:
0000: 25 D5 A7 31 1D 45 23 38   5F 72 73 2E B9 D8 E5 7C  %..1.E#8_rs.....
0010: 4D 09 DA 2A A7 DE 9D 79   39 D0 E8 2A 8B 53 52 A1  M..*...y9..*.SR.
0020: 22 F8 3A C1 92 06 3C 8D   BB C6 D2 D2 91 81 9A 03  ".:...<.........
0030: 7E 62 DA E3 3F B2 F0 5B   EB 37 12 78 D3 DD 96 88  .b..?..[.7.x....
0040: BA 7C FE 29 01 7C 85 08   E5 7F 4E 71 3E 42 97 45  ...)......Nq>B.E
0050: 00 DA 54 2A 45 F4 2B 58   3C B3 2B 2E 70 CA 82 37  ..T*E.+X<.+.p..7
0060: A9 AC 2F CD 0B B1 7C 60   0D D2 0B 0B F1 54 D4 9C  ../....`.....T..
0070: AE 1E 31 04 50 8F 4D 51   6E 3F E3 14 E4 2D CC C5  ..1.P.MQn?...-..
0080: 5C 5A F6 E1 0A 9B 0F AB   7D 52 43 5D 93 59 B1 3C  \Z.......RC].Y.<
0090: 35 0D 7C 57 C6 89 5C FB   6C 5B 90 DE 69 4F 28 84  5..W..\.l[..iO(.
00A0: 4E A7 8C 85 EB 4A F9 2A   BB B3 43 9F 41 1B BA 45  N....J.*..C.A..E
00B0: 46 DC 6C 37 25 48 C6 9B   E8 32 E6 E7 7E 92 FB C5  F.l7%H...2......
00C0: 2F 88 9F 2E E7 D5 BE 83   59 15 D9 E8 ED E5 E3 34  /.......Y......4
00D0: 54 79 68 9A 77 36 C6 A1   5B 07 9B FD 2D 38 E0 0C  Tyh.w6..[...-8..
00E0: 10 06 25 87 00 C5 29 24   A4 6D 5A 62 60 03 43 33  ..%...)$.mZb`.C3
00F0: 07 9D C2 AE 47 EA 7D B3   96 90 31 1D B2 4A 20 7C  ....G.....1..J .

]
2023-08-24 06:05:43,177 [CertificateRenewerService] INFO  ssl.ReloadingX509TrustManager (ReloadingX509TrustManager.java:loadFrom(141)) - ReloadingX509TrustManager is reloaded.
2023-08-24 06:05:43,177 [CertificateRenewerService] INFO  security.OzoneDelegationTokenSecretManager (OzoneSecretManager.java:notifyCertificateRenewed(198)) - Certificate is changed from 1595433877227 to 1610445753770
2023-08-24 06:05:43,178 [CertificateRenewerService] INFO  security.OzoneDelegationTokenSecretManager (OzoneSecretManager.java:updateCurrentKey(175)) - Updating current master key for generating tokens. Cert id 1610445753770
2023-08-24 06:05:43,180 [Time-limited test] INFO  om.OzoneManager (OzoneManager.java:stop(2187)) - om1[fv-az582-512.vyw2dcplbgbehesrvt3jseauje.cx.internal.cloudapp.net:1202]: Stopping Ozone Manager
2023-08-24 06:05:43,180 [Time-limited test] INFO  ipc.Server (Server.java:stop(3523)) - Stopping server on 1202
2023-08-24 06:05:43,183 [IPC Server Responder] INFO  ipc.Server (Server.java:run(1567)) - Stopping IPC Server Responder
2023-08-24 06:05:43,183 [IPC Server listener on 1202] INFO  ipc.Server (Server.java:run(1434)) - Stopping IPC Server listener on 1202
2023-08-24 06:05:43,187 [Time-limited test] INFO  server.RaftServer (RaftServerProxy.java:lambda$close$6(416)) - om1: close
2023-08-24 06:05:43,187 [Time-limited test] INFO  server.GrpcService (GrpcService.java:closeImpl(311)) - om1: shutdown server GrpcServerProtocolService now
2023-08-24 06:05:43,188 [om1-impl-thread1] INFO  server.RaftServer$Division (RaftServerImpl.java:lambda$close$4(466)) - om1@group-C5BA1605619E: shutdown
2023-08-24 06:05:43,189 [om1-impl-thread1] INFO  util.JmxRegister (JmxRegister.java:unregister(73)) - Successfully un-registered JMX Bean with object name Ratis:service=RaftServer,group=group-C5BA1605619E,id=om1
2023-08-24 06:05:43,189 [om1-impl-thread1] INFO  impl.RoleInfo (RoleInfo.java:shutdownLeaderState(93)) - om1: shutdown om1@group-C5BA1605619E-LeaderStateImpl
2023-08-24 06:05:43,189 [om1-impl-thread1] INFO  impl.PendingRequests (PendingRequests.java:sendNotLeaderResponses(289)) - om1@group-C5BA1605619E-PendingRequests: sendNotLeaderResponses
2023-08-24 06:05:43,195 [om1-impl-thread1] INFO  impl.StateMachineUpdater (StateMachineUpdater.java:stopAndJoin(155)) - om1@group-C5BA1605619E-StateMachineUpdater: set stopIndex = 6
2023-08-24 06:05:43,195 [om1@group-C5BA1605619E-StateMachineUpdater] INFO  ratis.OzoneManagerStateMachine (OzoneManagerStateMachine.java:takeSnapshot(480)) - Current Snapshot Index (t:1, i:6)
2023-08-24 06:05:43,196 [Time-limited test] INFO  server.GrpcService (GrpcService.java:closeImpl(320)) - om1: shutdown server GrpcServerProtocolService successfully
2023-08-24 06:05:43,208 [om1@group-C5BA1605619E-StateMachineUpdater] INFO  impl.StateMachineUpdater (StateMachineUpdater.java:takeSnapshot(291)) - om1@group-C5BA1605619E-StateMachineUpdater: Took a snapshot at index 6
2023-08-24 06:05:43,208 [om1@group-C5BA1605619E-StateMachineUpdater] INFO  impl.StateMachineUpdater (StateMachineUpdater.java:lambda$new$0(97)) - om1@group-C5BA1605619E-StateMachineUpdater: snapshotIndex: updateIncreasingly -1 -> 6
2023-08-24 06:05:43,208 [om1@group-C5BA1605619E-StateMachineUpdater] INFO  ratis.OzoneManagerStateMachine (OzoneManagerStateMachine.java:close(534)) - StateMachine has shutdown. Shutdown OzoneManager if not already shutdown.
2023-08-24 06:05:43,208 [om1@group-C5BA1605619E-StateMachineUpdater] INFO  ratis.OzoneManagerDoubleBuffer (OzoneManagerDoubleBuffer.java:stopDaemon(551)) - Stopping OMDoubleBuffer flush thread
2023-08-24 06:05:43,208 [OMDoubleBufferFlushThread] INFO  ratis.OzoneManagerDoubleBuffer (OzoneManagerDoubleBuffer.java:canFlush(638)) - OMDoubleBuffer flush thread OMDoubleBufferFlushThread is interrupted and will exit.
2023-08-24 06:05:43,209 [om1-impl-thread1] INFO  server.RaftServer$Division (ServerState.java:close(472)) - om1@group-C5BA1605619E: closes. applyIndex: 6
2023-08-24 06:05:44,180 [om1-impl-thread1] INFO  segmented.SegmentedRaftLogWorker (SegmentedRaftLogWorker.java:close(252)) - om1@group-C5BA1605619E-SegmentedRaftLogWorker close()
2023-08-24 06:05:44,180 [JvmPauseMonitor6] INFO  util.JvmPauseMonitor (JvmPauseMonitor.java:run(109)) - JvmPauseMonitor-om1: Stopped
2023-08-24 06:05:44,180 [Time-limited test] INFO  ratis.OzoneManagerStateMachine (OzoneManagerStateMachine.java:close(534)) - StateMachine has shutdown. Shutdown OzoneManager if not already shutdown.
2023-08-24 06:05:44,180 [Time-limited test] INFO  ratis.OzoneManagerDoubleBuffer (OzoneManagerDoubleBuffer.java:stopDaemon(560)) - OMDoubleBuffer flush thread is not running.
2023-08-24 06:05:44,181 [Time-limited test] INFO  utils.BackgroundService (BackgroundService.java:shutdown(141)) - Shutting down service KeyDeletingService
2023-08-24 06:05:44,181 [Time-limited test] INFO  utils.BackgroundService (BackgroundService.java:shutdown(141)) - Shutting down service KeyDeletingService
2023-08-24 06:05:44,181 [Time-limited test] INFO  utils.BackgroundService (BackgroundService.java:shutdown(141)) - Shutting down service OpenKeyCleanupService
2023-08-24 06:05:44,181 [Time-limited test] INFO  utils.BackgroundService (BackgroundService.java:shutdown(141)) - Shutting down service SstFilteringService
2023-08-24 06:05:44,181 [Time-limited test] INFO  utils.BackgroundService (BackgroundService.java:shutdown(141)) - Shutting down service SnapshotDeletingService
2023-08-24 06:05:44,182 [Time-limited test] INFO  om.OzoneManager (OzoneManager.java:stopSecretManager(1063)) - Stopping secret key client.
2023-08-24 06:05:44,182 [Time-limited test] INFO  om.OzoneManager (OzoneManager.java:stopSecretManager(1068)) - Stopping OM delegation token secret manager.
2023-08-24 06:05:44,182 [Thread[Thread-1466,5,FailOnTimeoutGroup]] INFO  security.OzoneDelegationTokenSecretManager (OzoneDelegationTokenSecretManager.java:run(653)) - ExpiredTokenRemover was interrupted.
java.lang.InterruptedException: sleep interrupted
	at java.lang.Thread.sleep(Native Method)
	at org.apache.hadoop.ozone.security.OzoneDelegationTokenSecretManager$ExpiredTokenRemover.run(OzoneDelegationTokenSecretManager.java:649)
	at java.lang.Thread.run(Thread.java:750)
2023-08-24 06:05:44,182 [Time-limited test] INFO  handler.ContextHandler (ContextHandler.java:doStop(1159)) - Stopped o.e.j.w.WebAppContext@60cc6f91{ozoneManager,/,null,STOPPED}{file:/home/runner/work/ozone/ozone/hadoop-ozone/integration-test/target/test-classes/webapps/ozoneManager}
2023-08-24 06:05:44,187 [Time-limited test] INFO  server.AbstractConnector (AbstractConnector.java:doStop(383)) - Stopped ServerConnector@167e7bd8{HTTP/1.1, (http/1.1)}{0.0.0.0:9874}
2023-08-24 06:05:44,187 [Time-limited test] INFO  server.session (HouseKeeper.java:stopScavenging(149)) - node0 Stopped scavenging
2023-08-24 06:05:44,188 [Time-limited test] INFO  handler.ContextHandler (ContextHandler.java:doStop(1159)) - Stopped o.e.j.s.ServletContextHandler@26bed311{static,/static,file:///home/runner/work/ozone/ozone/hadoop-ozone/integration-test/target/test-classes/webapps/static,STOPPED}
2023-08-24 06:05:44,188 [Time-limited test] INFO  handler.ContextHandler (ContextHandler.java:doStop(1159)) - Stopped o.e.j.s.ServletContextHandler@1a7f35a{logs,/logs,file:///home/runner/work/ozone/ozone/hadoop-ozone/integration-test/target/log,STOPPED}
2023-08-24 06:05:44,195 [Time-limited test] INFO  rocksdiff.RocksDBCheckpointDiffer (RocksDBCheckpointDiffer.java:close(340)) - Shutting down CompactionDagPruningService.
2023-08-24 06:05:44,196 [Time-limited test] INFO  snapshot.SnapshotDiffManager (SnapshotDiffManager.java:closeExecutorService(1720)) - Shutting down executorService: 'SnapDiffExecutor'
2023-08-24 06:05:44,196 [Time-limited test] INFO  snapshot.SnapshotDiffManager (SnapshotDiffManager.java:closeExecutorService(1720)) - Shutting down executorService: 'SstDumpToolExecutor'
2023-08-24 06:05:44,196 [Time-limited test] INFO  utils.BackgroundService (BackgroundService.java:shutdown(141)) - Shutting down service SnapshotDiffCleanupService
2023-08-24 06:05:44,198 [Time-limited test] INFO  impl.DefaultInternalKdcServerImpl (DefaultInternalKdcServerImpl.java:doStop(102)) - Default Internal kdc server stopped.
2023-08-24 06:05:45,199 [Time-limited test] INFO  minikdc.MiniKdc (MiniKdc.java:stop(359)) - MiniKdc stopped.
2023-08-24 06:05:45,199 [Time-limited test] INFO  om.OzoneManager (OzoneManager.java:stop(2187)) - om1[fv-az582-512.vyw2dcplbgbehesrvt3jseauje.cx.internal.cloudapp.net:1202]: Stopping Ozone Manager
]]></system-out>
  </testcase>
  <testcase name="testSecureScmStartupSuccess" classname="org.apache.hadoop.ozone.TestSecureOzoneCluster" time="3.656">
    <system-out><![CDATA[2023-08-24 06:05:45,225 [Time-limited test] INFO  net.ServerSocketUtil (ServerSocketUtil.java:getPort(55)) - Using port 9860
2023-08-24 06:05:45,226 [Time-limited test] INFO  net.ServerSocketUtil (ServerSocketUtil.java:getPort(55)) - Using port 9861
2023-08-24 06:05:45,226 [Time-limited test] INFO  net.ServerSocketUtil (ServerSocketUtil.java:getPort(55)) - Using port 9863
2023-08-24 06:05:45,226 [Time-limited test] INFO  net.ServerSocketUtil (ServerSocketUtil.java:getPort(55)) - Using port 9961
2023-08-24 06:05:45,226 [Time-limited test] INFO  net.ServerSocketUtil (ServerSocketUtil.java:getPort(55)) - Using port 1200
2023-08-24 06:05:45,226 [Time-limited test] INFO  net.ServerSocketUtil (ServerSocketUtil.java:getPort(55)) - Using port 1201
2023-08-24 06:05:45,226 [Time-limited test] INFO  minikdc.MiniKdc (MiniKdc.java:<init>(225)) - Configuration:
2023-08-24 06:05:45,226 [Time-limited test] INFO  minikdc.MiniKdc (MiniKdc.java:<init>(226)) - ---------------------------------------------------------------
2023-08-24 06:05:45,226 [Time-limited test] INFO  minikdc.MiniKdc (MiniKdc.java:<init>(228)) -   debug: false
2023-08-24 06:05:45,226 [Time-limited test] INFO  minikdc.MiniKdc (MiniKdc.java:<init>(228)) -   transport: TCP
2023-08-24 06:05:45,226 [Time-limited test] INFO  minikdc.MiniKdc (MiniKdc.java:<init>(228)) -   max.ticket.lifetime: 86400000
2023-08-24 06:05:45,226 [Time-limited test] INFO  minikdc.MiniKdc (MiniKdc.java:<init>(228)) -   org.name: EXAMPLE
2023-08-24 06:05:45,226 [Time-limited test] INFO  minikdc.MiniKdc (MiniKdc.java:<init>(228)) -   kdc.port: 0
2023-08-24 06:05:45,226 [Time-limited test] INFO  minikdc.MiniKdc (MiniKdc.java:<init>(228)) -   org.domain: COM
2023-08-24 06:05:45,226 [Time-limited test] INFO  minikdc.MiniKdc (MiniKdc.java:<init>(228)) -   max.renewable.lifetime: 604800000
2023-08-24 06:05:45,227 [Time-limited test] INFO  minikdc.MiniKdc (MiniKdc.java:<init>(228)) -   instance: DefaultKrbServer
2023-08-24 06:05:45,227 [Time-limited test] INFO  minikdc.MiniKdc (MiniKdc.java:<init>(228)) -   kdc.bind.address: localhost
2023-08-24 06:05:45,227 [Time-limited test] INFO  minikdc.MiniKdc (MiniKdc.java:<init>(230)) - ---------------------------------------------------------------
2023-08-24 06:05:45,229 [Time-limited test] INFO  minikdc.MiniKdc (MiniKdc.java:start(285)) - MiniKdc started.
2023-08-24 06:05:45,502 [Time-limited test] INFO  om.OzoneManager (OzoneManager.java:getOmDetailsProto(4552)) - OzoneManager ports added:[name: "RPC"
value: 1202
]
2023-08-24 06:05:45,503 [Time-limited test] WARN  server.ServerUtils (ServerUtils.java:getScmDbDir(155)) - ozone.scm.db.dirs is not configured. We recommend adding this setting. Falling back to ozone.metadata.dirs instead.
2023-08-24 06:05:45,503 [Time-limited test] INFO  ha.HASecurityUtils (HASecurityUtils.java:initializeSecurity(98)) - Initializing secure StorageContainerManager.
2023-08-24 06:05:45,505 [Time-limited test] INFO  client.SCMCertificateClient (DefaultCertificateClient.java:updateCertSerialId(1244)) - Certificate serial ID set to null
2023-08-24 06:05:45,505 [Time-limited test] ERROR client.SCMCertificateClient (DefaultCertificateClient.java:getCertPath(362)) - Default certificate serial id is not set. Can't locate the default certificate for this client.
2023-08-24 06:05:45,505 [Time-limited test] INFO  client.SCMCertificateClient (DefaultCertificateClient.java:init(715)) - Certificate client init case: 0
2023-08-24 06:05:45,505 [Time-limited test] INFO  client.SCMCertificateClient (SCMCertificateClient.java:handleCase(103)) - Creating keypair for client as keypair and certificate not found.
2023-08-24 06:05:45,602 [Time-limited test] INFO  ha.HASecurityUtils (HASecurityUtils.java:initializeSecurity(108)) - Init response: GETCERT
2023-08-24 06:05:45,696 [Time-limited test] INFO  ozone.OzoneSecurityUtil (OzoneSecurityUtil.java:getValidInetsForCurrentHost(119)) - ip:fe80:0:0:0:6245:bdff:fe7e:9bc0%eth0 not returned.
2023-08-24 06:05:45,696 [Time-limited test] INFO  ozone.OzoneSecurityUtil (OzoneSecurityUtil.java:getValidInetsForCurrentHost(116)) - Adding ip:10.1.0.20,host:fv-az582-512.vyw2dcplbgbehesrvt3jseauje.cx.internal.cloudapp.net
2023-08-24 06:05:45,697 [Time-limited test] INFO  ozone.OzoneSecurityUtil (OzoneSecurityUtil.java:getValidInetsForCurrentHost(119)) - ip:0:0:0:0:0:0:0:1%lo not returned.
2023-08-24 06:05:45,697 [Time-limited test] INFO  ozone.OzoneSecurityUtil (OzoneSecurityUtil.java:getValidInetsForCurrentHost(119)) - ip:127.0.0.1 not returned.
2023-08-24 06:05:45,699 [Time-limited test] INFO  utils.SelfSignedCertificate (SelfSignedCertificate.java:generateCertificate(157)) - Certificate 1 is issued by CN=scm-1@fv-az582-512,OU=6823e055-952f-4d11-8ef2-522a37d0f5eb,O=dc660eb9-91db-425b-bdc0-246633529e16 to CN=scm-1@fv-az582-512,OU=6823e055-952f-4d11-8ef2-522a37d0f5eb,O=dc660eb9-91db-425b-bdc0-246633529e16, valid from Thu Aug 24 06:05:45 UTC 2023 to Sun Oct 01 06:05:45 UTC 2028
2023-08-24 06:05:45,700 [Time-limited test] INFO  utils.CertificateCodec (CertificateCodec.java:writeCertificate(299)) - Save certificate to /tmp/junit2665078052168013031/junit7068439040768065376/scm-meta/scm/ca/certs/certificate.crt
2023-08-24 06:05:45,700 [Time-limited test] INFO  utils.CertificateCodec (CertificateCodec.java:writeCertificate(300)) - Certificate -----BEGIN CERTIFICATE-----
MIID5zCCAs+gAwIBAgIBATANBgkqhkiG9w0BAQsFADB7MRswGQYDVQQDDBJzY20t
MUBmdi1hejU4Mi01MTIxLTArBgNVBAsMJDY4MjNlMDU1LTk1MmYtNGQxMS04ZWYy
LTUyMmEzN2QwZjVlYjEtMCsGA1UECgwkZGM2NjBlYjktOTFkYi00MjViLWJkYzAt
MjQ2NjMzNTI5ZTE2MB4XDTIzMDgyNDA2MDU0NVoXDTI4MTAwMTA2MDU0NVowezEb
MBkGA1UEAwwSc2NtLTFAZnYtYXo1ODItNTEyMS0wKwYDVQQLDCQ2ODIzZTA1NS05
NTJmLTRkMTEtOGVmMi01MjJhMzdkMGY1ZWIxLTArBgNVBAoMJGRjNjYwZWI5LTkx
ZGItNDI1Yi1iZGMwLTI0NjYzMzUyOWUxNjCCASIwDQYJKoZIhvcNAQEBBQADggEP
ADCCAQoCggEBAL+Dzi8rRww0Bxe4rL9gatAADmbP8ofTyiNfC0Q59U60+TJHJlj5
1m8RkF+Yp/L5LRttDkIVb4Vs8c3KIgz9cZKqhrn/L0Ch7f1QcH3wI5gWeIvB7zu1
5eKG1Zoe1+WdqvQ7KdlS6MmNGUoBJMyW0FgodWTskUcR3ek5DAFFJZw9I7n43xt7
9H3T+6OGeeGeqIc9CxCO6oCOQ+ds82PQjleNXIRZxCf34VT7HiEmWo9dGW6/Hz4P
GwKMgWeAS0lY9qQHgmb65fVRvdNDsccZd84f0If7ky05AL4d6driAfnoC1Rctczj
whuSldRDOFrc/YSydDr6CXFJaAUbvBTniE8CAwEAAaN2MHQwDwYDVR0TAQH/BAUw
AwEB/zAOBgNVHQ8BAf8EBAMCAQYwUQYDVR0RBEowSIcECgEAFIJAZnYtYXo1ODIt
NTEyLnZ5dzJkY3BsYmdiZWhlc3J2dDNqc2VhdWplLmN4LmludGVybmFsLmNsb3Vk
YXBwLm5ldDANBgkqhkiG9w0BAQsFAAOCAQEANbAvh1q3KvyxJ2M5/XchISzhjh3+
dIUbfVHSUFhVnmSFkdw96wmXOqCP5nUv+QpxLAC9dc4JVSMfb+aaY1fFD0ed37Uw
9KhRzUHwXq6v69QeCbZeNwY887b6D+jTnTZfm1m14ZdiJjFpdbU+VY9IXNIklPex
XC1tdeayUiAxiwtcpKDpV2me2mbBo757tnS9+V0cdCqCFNteh2A7jEk4DWtKa+Rh
Bu07foHR0rnUDcVTIlODbnNGdoQw9aLhHO2+i7cRzkgeSn0mlPl4dEo3fhaqG9cW
4zIFSmvbYVRcIi7jwOyS8bZtaNuFeRCiDWcTQfvCEJk3mpUGiVY/cpDxJA==
-----END CERTIFICATE-----

2023-08-24 06:05:45,700 [Time-limited test] INFO  client.SCMCertificateClient (SCMCertificateClient.java:getCSRBuilder(165)) - Creating csr for SCM->hostName:fv-az582-512,scmId:6823e055-952f-4d11-8ef2-522a37d0f5eb,clusterId:dc660eb9-91db-425b-bdc0-246633529e16,subject:scm-sub-1612981406693@fv-az582-512
2023-08-24 06:05:45,701 [Time-limited test] INFO  ozone.OzoneSecurityUtil (OzoneSecurityUtil.java:getValidInetsForCurrentHost(119)) - ip:fe80:0:0:0:6245:bdff:fe7e:9bc0%eth0 not returned.
2023-08-24 06:05:45,701 [Time-limited test] INFO  ozone.OzoneSecurityUtil (OzoneSecurityUtil.java:getValidInetsForCurrentHost(116)) - Adding ip:10.1.0.20,host:fv-az582-512.vyw2dcplbgbehesrvt3jseauje.cx.internal.cloudapp.net
2023-08-24 06:05:45,701 [Time-limited test] INFO  ozone.OzoneSecurityUtil (OzoneSecurityUtil.java:getValidInetsForCurrentHost(119)) - ip:0:0:0:0:0:0:0:1%lo not returned.
2023-08-24 06:05:45,701 [Time-limited test] INFO  ozone.OzoneSecurityUtil (OzoneSecurityUtil.java:getValidInetsForCurrentHost(119)) - ip:127.0.0.1 not returned.
2023-08-24 06:05:45,701 [Time-limited test] INFO  ha.HASecurityUtils (HASecurityUtils.java:generateCSR(308)) - Creating csr for SCM->hostName:fv-az582-512,scmId:6823e055-952f-4d11-8ef2-522a37d0f5eb,clusterId:dc660eb9-91db-425b-bdc0-246633529e16,subject:scm-sub-1612981961887@fv-az582-512
2023-08-24 06:05:45,705 [Time-limited test] INFO  authority.DefaultApprover (DefaultApprover.java:sign(154)) - Extensions in CSR: 2.5.29.19, 2.5.29.15, 2.5.29.17
2023-08-24 06:05:45,705 [Time-limited test] INFO  authority.DefaultApprover (DefaultApprover.java:sign(158)) - Extensions to add to the certificate if they present in CSR: 2.5.29.17, 2.5.29.19, 1.3.6.1.5.5.7.1.12, 2.5.29.35, 2.5.29.37, 2.5.29.15
2023-08-24 06:05:45,708 [Time-limited test] INFO  utils.CertificateCodec (CertificateCodec.java:writeCertificate(299)) - Save certificate to /tmp/junit2665078052168013031/junit7068439040768065376/scm-meta/scm/sub-ca/certs/CA-1.crt
2023-08-24 06:05:45,708 [Time-limited test] INFO  utils.CertificateCodec (CertificateCodec.java:writeCertificate(300)) - Certificate -----BEGIN CERTIFICATE-----
MIID5zCCAs+gAwIBAgIBATANBgkqhkiG9w0BAQsFADB7MRswGQYDVQQDDBJzY20t
MUBmdi1hejU4Mi01MTIxLTArBgNVBAsMJDY4MjNlMDU1LTk1MmYtNGQxMS04ZWYy
LTUyMmEzN2QwZjVlYjEtMCsGA1UECgwkZGM2NjBlYjktOTFkYi00MjViLWJkYzAt
MjQ2NjMzNTI5ZTE2MB4XDTIzMDgyNDA2MDU0NVoXDTI4MTAwMTA2MDU0NVowezEb
MBkGA1UEAwwSc2NtLTFAZnYtYXo1ODItNTEyMS0wKwYDVQQLDCQ2ODIzZTA1NS05
NTJmLTRkMTEtOGVmMi01MjJhMzdkMGY1ZWIxLTArBgNVBAoMJGRjNjYwZWI5LTkx
ZGItNDI1Yi1iZGMwLTI0NjYzMzUyOWUxNjCCASIwDQYJKoZIhvcNAQEBBQADggEP
ADCCAQoCggEBAL+Dzi8rRww0Bxe4rL9gatAADmbP8ofTyiNfC0Q59U60+TJHJlj5
1m8RkF+Yp/L5LRttDkIVb4Vs8c3KIgz9cZKqhrn/L0Ch7f1QcH3wI5gWeIvB7zu1
5eKG1Zoe1+WdqvQ7KdlS6MmNGUoBJMyW0FgodWTskUcR3ek5DAFFJZw9I7n43xt7
9H3T+6OGeeGeqIc9CxCO6oCOQ+ds82PQjleNXIRZxCf34VT7HiEmWo9dGW6/Hz4P
GwKMgWeAS0lY9qQHgmb65fVRvdNDsccZd84f0If7ky05AL4d6driAfnoC1Rctczj
whuSldRDOFrc/YSydDr6CXFJaAUbvBTniE8CAwEAAaN2MHQwDwYDVR0TAQH/BAUw
AwEB/zAOBgNVHQ8BAf8EBAMCAQYwUQYDVR0RBEowSIcECgEAFIJAZnYtYXo1ODIt
NTEyLnZ5dzJkY3BsYmdiZWhlc3J2dDNqc2VhdWplLmN4LmludGVybmFsLmNsb3Vk
YXBwLm5ldDANBgkqhkiG9w0BAQsFAAOCAQEANbAvh1q3KvyxJ2M5/XchISzhjh3+
dIUbfVHSUFhVnmSFkdw96wmXOqCP5nUv+QpxLAC9dc4JVSMfb+aaY1fFD0ed37Uw
9KhRzUHwXq6v69QeCbZeNwY887b6D+jTnTZfm1m14ZdiJjFpdbU+VY9IXNIklPex
XC1tdeayUiAxiwtcpKDpV2me2mbBo757tnS9+V0cdCqCFNteh2A7jEk4DWtKa+Rh
Bu07foHR0rnUDcVTIlODbnNGdoQw9aLhHO2+i7cRzkgeSn0mlPl4dEo3fhaqG9cW
4zIFSmvbYVRcIi7jwOyS8bZtaNuFeRCiDWcTQfvCEJk3mpUGiVY/cpDxJA==
-----END CERTIFICATE-----

2023-08-24 06:05:45,708 [Time-limited test] INFO  utils.CertificateCodec (CertificateCodec.java:writeCertificate(299)) - Save certificate to /tmp/junit2665078052168013031/junit7068439040768065376/scm-meta/scm/sub-ca/certs/1612985411555.crt
2023-08-24 06:05:45,708 [Time-limited test] INFO  utils.CertificateCodec (CertificateCodec.java:writeCertificate(300)) - Certificate -----BEGIN CERTIFICATE-----
MIID/TCCAuWgAwIBAgIGAXeNbCfjMA0GCSqGSIb3DQEBCwUAMHsxGzAZBgNVBAMM
EnNjbS0xQGZ2LWF6NTgyLTUxMjEtMCsGA1UECwwkNjgyM2UwNTUtOTUyZi00ZDEx
LThlZjItNTIyYTM3ZDBmNWViMS0wKwYDVQQKDCRkYzY2MGViOS05MWRiLTQyNWIt
YmRjMC0yNDY2MzM1MjllMTYwHhcNMjMwODI0MDYwNTQ1WhcNMjgxMDAxMDYwNTQ1
WjCBizErMCkGA1UEAwwic2NtLXN1Yi0xNjEyOTgxOTYxODg3QGZ2LWF6NTgyLTUx
MjEtMCsGA1UECwwkNjgyM2UwNTUtOTUyZi00ZDExLThlZjItNTIyYTM3ZDBmNWVi
MS0wKwYDVQQKDCRkYzY2MGViOS05MWRiLTQyNWItYmRjMC0yNDY2MzM1MjllMTYw
ggEiMA0GCSqGSIb3DQEBAQUAA4IBDwAwggEKAoIBAQDZ1aFAW+gFyDC+rQPk9w8+
gLTp8DfCGHqlrwTBLQUTVHKZOwtV5GSIaQLQPR9oXup2hZ1TCYDzThn/RPIrNuai
9cCbC0WAYeHkUn+7kyD84xoVuZU0mWMx/kcTeKGagLpEv+cZfcmDdQEDqq7PAmFm
fmDYhOoa5j2pnHzHHcI3f48YFLLwPb6rXsa31jZpcMkBlDVxJHIeIe12oocH6LQS
k+Ikm8ZMvqag0a3rL0dsgtNB2Dbdx6W/3EIcXfSfIAm5dK6mtLTVYXnCi9Hh7sB+
dWU18QSak7xYmQtsCXjCGnkyLaQvjUY356RKRcWerbCtzaNFsRH9e9183gxhBvYf
AgMBAAGjdjB0MFEGA1UdEQRKMEiHBAoBABSCQGZ2LWF6NTgyLTUxMi52eXcyZGNw
bGJnYmVoZXNydnQzanNlYXVqZS5jeC5pbnRlcm5hbC5jbG91ZGFwcC5uZXQwDwYD
VR0TAQH/BAUwAwEB/zAOBgNVHQ8BAf8EBAMCAb4wDQYJKoZIhvcNAQELBQADggEB
ABTLsC+q/Xo1irJeIpL7U2m4TYGpl6dAr8Fp3p6eQ3RErSlD2dZ18UmhLmVYnIdF
k1h9maXp6E2+7B8qnS9mxVqSDvtzqkrMCuxGCt4qAUKANSJAqgkzJYlWHKPFFRu6
d3qRHZKfF4TqBY9O8HbM0JFA0jsUgVul3DUX8PwSjDWKke3A+AwJDrXIXGjkvWj3
zAMMi6whSlxawujKkeTQw47Y+fKPFBxeKGrUrHLzwA+EccgAwunp6FlxypfjZSPk
Ehi7lbGtliRwMkpFIkJAit7/zYsqx32++Dsm5gQ9eDQySMjgBUlWd35W4eZAIGdt
nBNZ+caHGGfNaAPTSwtw9fM=
-----END CERTIFICATE-----

-----BEGIN CERTIFICATE-----
MIID5zCCAs+gAwIBAgIBATANBgkqhkiG9w0BAQsFADB7MRswGQYDVQQDDBJzY20t
MUBmdi1hejU4Mi01MTIxLTArBgNVBAsMJDY4MjNlMDU1LTk1MmYtNGQxMS04ZWYy
LTUyMmEzN2QwZjVlYjEtMCsGA1UECgwkZGM2NjBlYjktOTFkYi00MjViLWJkYzAt
MjQ2NjMzNTI5ZTE2MB4XDTIzMDgyNDA2MDU0NVoXDTI4MTAwMTA2MDU0NVowezEb
MBkGA1UEAwwSc2NtLTFAZnYtYXo1ODItNTEyMS0wKwYDVQQLDCQ2ODIzZTA1NS05
NTJmLTRkMTEtOGVmMi01MjJhMzdkMGY1ZWIxLTArBgNVBAoMJGRjNjYwZWI5LTkx
ZGItNDI1Yi1iZGMwLTI0NjYzMzUyOWUxNjCCASIwDQYJKoZIhvcNAQEBBQADggEP
ADCCAQoCggEBAL+Dzi8rRww0Bxe4rL9gatAADmbP8ofTyiNfC0Q59U60+TJHJlj5
1m8RkF+Yp/L5LRttDkIVb4Vs8c3KIgz9cZKqhrn/L0Ch7f1QcH3wI5gWeIvB7zu1
5eKG1Zoe1+WdqvQ7KdlS6MmNGUoBJMyW0FgodWTskUcR3ek5DAFFJZw9I7n43xt7
9H3T+6OGeeGeqIc9CxCO6oCOQ+ds82PQjleNXIRZxCf34VT7HiEmWo9dGW6/Hz4P
GwKMgWeAS0lY9qQHgmb65fVRvdNDsccZd84f0If7ky05AL4d6driAfnoC1Rctczj
whuSldRDOFrc/YSydDr6CXFJaAUbvBTniE8CAwEAAaN2MHQwDwYDVR0TAQH/BAUw
AwEB/zAOBgNVHQ8BAf8EBAMCAQYwUQYDVR0RBEowSIcECgEAFIJAZnYtYXo1ODIt
NTEyLnZ5dzJkY3BsYmdiZWhlc3J2dDNqc2VhdWplLmN4LmludGVybmFsLmNsb3Vk
YXBwLm5ldDANBgkqhkiG9w0BAQsFAAOCAQEANbAvh1q3KvyxJ2M5/XchISzhjh3+
dIUbfVHSUFhVnmSFkdw96wmXOqCP5nUv+QpxLAC9dc4JVSMfb+aaY1fFD0ed37Uw
9KhRzUHwXq6v69QeCbZeNwY887b6D+jTnTZfm1m14ZdiJjFpdbU+VY9IXNIklPex
XC1tdeayUiAxiwtcpKDpV2me2mbBo757tnS9+V0cdCqCFNteh2A7jEk4DWtKa+Rh
Bu07foHR0rnUDcVTIlODbnNGdoQw9aLhHO2+i7cRzkgeSn0mlPl4dEo3fhaqG9cW
4zIFSmvbYVRcIi7jwOyS8bZtaNuFeRCiDWcTQfvCEJk3mpUGiVY/cpDxJA==
-----END CERTIFICATE-----

2023-08-24 06:05:45,709 [Time-limited test] INFO  utils.CertificateCodec (CertificateCodec.java:writeCertificate(299)) - Save certificate to /tmp/junit2665078052168013031/junit7068439040768065376/scm-meta/scm/sub-ca/certs/certificate.crt
2023-08-24 06:05:45,709 [Time-limited test] INFO  utils.CertificateCodec (CertificateCodec.java:writeCertificate(300)) - Certificate -----BEGIN CERTIFICATE-----
MIID/TCCAuWgAwIBAgIGAXeNbCfjMA0GCSqGSIb3DQEBCwUAMHsxGzAZBgNVBAMM
EnNjbS0xQGZ2LWF6NTgyLTUxMjEtMCsGA1UECwwkNjgyM2UwNTUtOTUyZi00ZDEx
LThlZjItNTIyYTM3ZDBmNWViMS0wKwYDVQQKDCRkYzY2MGViOS05MWRiLTQyNWIt
YmRjMC0yNDY2MzM1MjllMTYwHhcNMjMwODI0MDYwNTQ1WhcNMjgxMDAxMDYwNTQ1
WjCBizErMCkGA1UEAwwic2NtLXN1Yi0xNjEyOTgxOTYxODg3QGZ2LWF6NTgyLTUx
MjEtMCsGA1UECwwkNjgyM2UwNTUtOTUyZi00ZDExLThlZjItNTIyYTM3ZDBmNWVi
MS0wKwYDVQQKDCRkYzY2MGViOS05MWRiLTQyNWItYmRjMC0yNDY2MzM1MjllMTYw
ggEiMA0GCSqGSIb3DQEBAQUAA4IBDwAwggEKAoIBAQDZ1aFAW+gFyDC+rQPk9w8+
gLTp8DfCGHqlrwTBLQUTVHKZOwtV5GSIaQLQPR9oXup2hZ1TCYDzThn/RPIrNuai
9cCbC0WAYeHkUn+7kyD84xoVuZU0mWMx/kcTeKGagLpEv+cZfcmDdQEDqq7PAmFm
fmDYhOoa5j2pnHzHHcI3f48YFLLwPb6rXsa31jZpcMkBlDVxJHIeIe12oocH6LQS
k+Ikm8ZMvqag0a3rL0dsgtNB2Dbdx6W/3EIcXfSfIAm5dK6mtLTVYXnCi9Hh7sB+
dWU18QSak7xYmQtsCXjCGnkyLaQvjUY356RKRcWerbCtzaNFsRH9e9183gxhBvYf
AgMBAAGjdjB0MFEGA1UdEQRKMEiHBAoBABSCQGZ2LWF6NTgyLTUxMi52eXcyZGNw
bGJnYmVoZXNydnQzanNlYXVqZS5jeC5pbnRlcm5hbC5jbG91ZGFwcC5uZXQwDwYD
VR0TAQH/BAUwAwEB/zAOBgNVHQ8BAf8EBAMCAb4wDQYJKoZIhvcNAQELBQADggEB
ABTLsC+q/Xo1irJeIpL7U2m4TYGpl6dAr8Fp3p6eQ3RErSlD2dZ18UmhLmVYnIdF
k1h9maXp6E2+7B8qnS9mxVqSDvtzqkrMCuxGCt4qAUKANSJAqgkzJYlWHKPFFRu6
d3qRHZKfF4TqBY9O8HbM0JFA0jsUgVul3DUX8PwSjDWKke3A+AwJDrXIXGjkvWj3
zAMMi6whSlxawujKkeTQw47Y+fKPFBxeKGrUrHLzwA+EccgAwunp6FlxypfjZSPk
Ehi7lbGtliRwMkpFIkJAit7/zYsqx32++Dsm5gQ9eDQySMjgBUlWd35W4eZAIGdt
nBNZ+caHGGfNaAPTSwtw9fM=
-----END CERTIFICATE-----

-----BEGIN CERTIFICATE-----
MIID5zCCAs+gAwIBAgIBATANBgkqhkiG9w0BAQsFADB7MRswGQYDVQQDDBJzY20t
MUBmdi1hejU4Mi01MTIxLTArBgNVBAsMJDY4MjNlMDU1LTk1MmYtNGQxMS04ZWYy
LTUyMmEzN2QwZjVlYjEtMCsGA1UECgwkZGM2NjBlYjktOTFkYi00MjViLWJkYzAt
MjQ2NjMzNTI5ZTE2MB4XDTIzMDgyNDA2MDU0NVoXDTI4MTAwMTA2MDU0NVowezEb
MBkGA1UEAwwSc2NtLTFAZnYtYXo1ODItNTEyMS0wKwYDVQQLDCQ2ODIzZTA1NS05
NTJmLTRkMTEtOGVmMi01MjJhMzdkMGY1ZWIxLTArBgNVBAoMJGRjNjYwZWI5LTkx
ZGItNDI1Yi1iZGMwLTI0NjYzMzUyOWUxNjCCASIwDQYJKoZIhvcNAQEBBQADggEP
ADCCAQoCggEBAL+Dzi8rRww0Bxe4rL9gatAADmbP8ofTyiNfC0Q59U60+TJHJlj5
1m8RkF+Yp/L5LRttDkIVb4Vs8c3KIgz9cZKqhrn/L0Ch7f1QcH3wI5gWeIvB7zu1
5eKG1Zoe1+WdqvQ7KdlS6MmNGUoBJMyW0FgodWTskUcR3ek5DAFFJZw9I7n43xt7
9H3T+6OGeeGeqIc9CxCO6oCOQ+ds82PQjleNXIRZxCf34VT7HiEmWo9dGW6/Hz4P
GwKMgWeAS0lY9qQHgmb65fVRvdNDsccZd84f0If7ky05AL4d6driAfnoC1Rctczj
whuSldRDOFrc/YSydDr6CXFJaAUbvBTniE8CAwEAAaN2MHQwDwYDVR0TAQH/BAUw
AwEB/zAOBgNVHQ8BAf8EBAMCAQYwUQYDVR0RBEowSIcECgEAFIJAZnYtYXo1ODIt
NTEyLnZ5dzJkY3BsYmdiZWhlc3J2dDNqc2VhdWplLmN4LmludGVybmFsLmNsb3Vk
YXBwLm5ldDANBgkqhkiG9w0BAQsFAAOCAQEANbAvh1q3KvyxJ2M5/XchISzhjh3+
dIUbfVHSUFhVnmSFkdw96wmXOqCP5nUv+QpxLAC9dc4JVSMfb+aaY1fFD0ed37Uw
9KhRzUHwXq6v69QeCbZeNwY887b6D+jTnTZfm1m14ZdiJjFpdbU+VY9IXNIklPex
XC1tdeayUiAxiwtcpKDpV2me2mbBo757tnS9+V0cdCqCFNteh2A7jEk4DWtKa+Rh
Bu07foHR0rnUDcVTIlODbnNGdoQw9aLhHO2+i7cRzkgeSn0mlPl4dEo3fhaqG9cW
4zIFSmvbYVRcIi7jwOyS8bZtaNuFeRCiDWcTQfvCEJk3mpUGiVY/cpDxJA==
-----END CERTIFICATE-----

2023-08-24 06:05:45,709 [Time-limited test] INFO  ha.HASecurityUtils (HASecurityUtils.java:initializeSecurity(121)) - Successfully stored SCM signed certificate.
2023-08-24 06:05:45,710 [Time-limited test] WARN  server.ServerUtils (ServerUtils.java:getScmDbDir(155)) - ozone.scm.db.dirs is not configured. We recommend adding this setting. Falling back to ozone.metadata.dirs instead.
2023-08-24 06:05:45,710 [Time-limited test] INFO  ha.SCMHANodeDetails (SCMHANodeDetails.java:loadSCMHAConfig(210)) - ServiceID for StorageContainerManager is null
2023-08-24 06:05:45,710 [Time-limited test] INFO  ha.SCMHANodeDetails (SCMHANodeDetails.java:loadSCMHAConfig(215)) - ozone.scm.default.service.id is not defined, falling back to ozone.scm.service.ids to find serviceID for StorageContainerManager if it is HA enabled cluster
2023-08-24 06:05:45,713 [pool-422-thread-1] INFO  request.KdcRequest (KdcRequest.java:preauth(651)) - The preauth data is empty.
2023-08-24 06:05:45,713 [pool-422-thread-1] INFO  server.KdcHandler (KdcHandler.java:handleRecoverableException(177)) - KRB error occurred while processing request:Additional pre-authentication required
2023-08-24 06:05:45,756 [pool-422-thread-1] INFO  request.AsRequest (AsRequest.java:issueTicket(112)) - AS_REQ ISSUE: authtime 1692857145755,scm/fv-az582-512.vyw2dcplbgbehesrvt3jseauje.cx.internal.cloudapp.net@EXAMPLE.COM for krbtgt/EXAMPLE.COM@EXAMPLE.COM
2023-08-24 06:05:45,757 [Time-limited test] INFO  security.UserGroupInformation (UserGroupInformation.java:loginUserFromKeytab(1132)) - Login successful for user scm/fv-az582-512.vyw2dcplbgbehesrvt3jseauje.cx.internal.cloudapp.net@EXAMPLE.COM using keytab file scm.keytab. Keytab auto renewal enabled : false
2023-08-24 06:05:45,757 [Time-limited test] INFO  server.StorageContainerManager (StorageContainerManager.java:loginAsSCMUserIfSecurityEnabled(1042)) - SCM login successful.
2023-08-24 06:05:45,762 [Time-limited test] INFO  client.SCMCertificateClient (DefaultCertificateClient.java:updateCertSerialId(1244)) - Certificate serial ID set to 1612985411555
2023-08-24 06:05:45,763 [Time-limited test] INFO  client.SCMCertificateClient (DefaultCertificateClient.java:readCertificateFile(237)) - Added certificate   [0]         Version: 3
         SerialNumber: 1
             IssuerDN: CN=scm-1@fv-az582-512,OU=6823e055-952f-4d11-8ef2-522a37d0f5eb,O=dc660eb9-91db-425b-bdc0-246633529e16
           Start Date: Thu Aug 24 06:05:45 UTC 2023
           Final Date: Sun Oct 01 06:05:45 UTC 2028
            SubjectDN: CN=scm-1@fv-az582-512,OU=6823e055-952f-4d11-8ef2-522a37d0f5eb,O=dc660eb9-91db-425b-bdc0-246633529e16
           Public Key: RSA Public Key [00:4e:31:a2:b0:44:1a:1d:28:d0:42:5a:3d:34:8b:72:73:ed:bc:1e],[56:66:d1:a4]
        modulus: bf83ce2f2b470c340717b8acbf606ad0000e66cff287d3ca235f0b4439f54eb4f932472658f9d66f11905f98a7f2f92d1b6d0e42156f856cf1cdca220cfd7192aa86b9ff2f40a1edfd50707df0239816788bc1ef3bb5e5e286d59a1ed7e59daaf43b29d952e8c98d194a0124cc96d058287564ec914711dde9390c0145259c3d23b9f8df1b7bf47dd3fba38679e19ea8873d0b108eea808e43e76cf363d08e578d5c8459c427f7e154fb1e21265a8f5d196ebf1f3e0f1b028c8167804b4958f6a4078266fae5f551bdd343b1c71977ce1fd087fb932d3900be1de9dae201f9e80b545cb5cce3c21b9295d443385adcfd84b2743afa09714968051bbc14e7884f
public exponent: 10001

  Signature Algorithm: SHA256WITHRSA
            Signature: 35b02f875ab72afcb1276339fd7721212ce18e1d
                       fe74851b7d51d25058559e648591dc3deb09973a
                       a08fe6752ff90a712c00bd75ce0955231f6fe69a
                       6357c50f479ddfb530f4a851cd41f05eaeafebd4
                       1e09b65e37063cf3b6fa0fe8d39d365f9b59b5e1
                       976226316975b53e558f485cd22494f7b15c2d6d
                       75e6b25220318b0b5ca4a0e957699eda66c1a3be
                       7bb674bdf95d1c742a8214db5e87603b8c49380d
                       6b4a6be46106ed3b7e81d1d2b9d40dc553225383
                       6e7346768430f5a2e11cedbe8bb711ce481e4a7d
                       2694f978744a377e16aa1bd716e332054a6bdb61
                       545c222ee3c0ec92f1b66d68db857910a20d6713
                       41fbc21099379a950689563f7290f124
       Extensions: 
                       critical(true) BasicConstraints: isCa(true)
                       critical(true) KeyUsage: 0x6
                       critical(false) 2.5.29.17 value = Sequence
    Tagged [7] IMPLICIT 
        DER Octet String[4] 
    Tagged [2] IMPLICIT 
        DER Octet String[64] 

 from file: /tmp/junit2665078052168013031/junit7068439040768065376/scm-meta/scm/sub-ca/certs/CA-1.crt.
2023-08-24 06:05:45,764 [Time-limited test] INFO  client.SCMCertificateClient (DefaultCertificateClient.java:readCertificateFile(237)) - Added certificate   [0]         Version: 3
         SerialNumber: 1612985411555
             IssuerDN: CN=scm-1@fv-az582-512,OU=6823e055-952f-4d11-8ef2-522a37d0f5eb,O=dc660eb9-91db-425b-bdc0-246633529e16
           Start Date: Thu Aug 24 06:05:45 UTC 2023
           Final Date: Sun Oct 01 06:05:45 UTC 2028
            SubjectDN: CN=scm-sub-1612981961887@fv-az582-512,OU=6823e055-952f-4d11-8ef2-522a37d0f5eb,O=dc660eb9-91db-425b-bdc0-246633529e16
           Public Key: RSA Public Key [a6:ae:08:b3:9e:6c:56:2e:46:55:9d:83:aa:36:88:05:8d:6a:86:a8],[56:66:d1:a4]
        modulus: d9d5a1405be805c830bead03e4f70f3e80b4e9f037c2187aa5af04c12d05135472993b0b55e464886902d03d1f685eea76859d530980f34e19ff44f22b36e6a2f5c09b0b458061e1e4527fbb9320fce31a15b99534996331fe471378a19a80ba44bfe7197dc983750103aaaecf0261667e60d884ea1ae63da99c7cc71dc2377f8f1814b2f03dbeab5ec6b7d6366970c90194357124721e21ed76a28707e8b41293e2249bc64cbea6a0d1adeb2f476c82d341d836ddc7a5bfdc421c5df49f2009b974aea6b4b4d56179c28bd1e1eec07e756535f1049a93bc58990b6c0978c21a79322da42f8d4637e7a44a45c59eadb0adcda345b111fd7bdd7cde0c6106f61f
public exponent: 10001

  Signature Algorithm: SHA256WITHRSA
            Signature: 14cbb02faafd7a358ab25e2292fb5369b84d81a9
                       97a740afc169de9e9e437444ad2943d9d675f149
                       a12e65589c874593587d99a5e9e84dbeec1f2a9d
                       2f66c55a920efb73aa4acc0aec460ade2a014280
                       352240aa09332589561ca3c5151bba777a911d92
                       9f1784ea058f4ef076ccd09140d23b14815ba5dc
                       3517f0fc128c358a91edc0f80c090eb5c85c68e4
                       bd68f7cc030c8bac214a5c5ac2e8ca91e4d0c38e
                       d8f9f28f141c5e286ad4ac72f3c00f8471c800c2
                       e9e9e85971ca97e36523e41218bb95b1ad962470
                       324a452242408adeffcd8b2ac77dbef83b26e604
                       3d78343248c8e0054956777e56e1e64020676d9c
                       1359f9c6871867cd6803d34b0b70f5f3
       Extensions: 
                       critical(false) 2.5.29.17 value = Sequence
    Tagged [7] IMPLICIT 
        DER Octet String[4] 
    Tagged [2] IMPLICIT 
        DER Octet String[64] 

                       critical(true) BasicConstraints: isCa(true)
                       critical(true) KeyUsage: 0xbe
 from file: /tmp/junit2665078052168013031/junit7068439040768065376/scm-meta/scm/sub-ca/certs/1612985411555.crt.
2023-08-24 06:05:45,765 [Time-limited test] INFO  client.SCMCertificateClient (DefaultCertificateClient.java:readCertificateFile(237)) - Added certificate   [0]         Version: 3
         SerialNumber: 1612985411555
             IssuerDN: CN=scm-1@fv-az582-512,OU=6823e055-952f-4d11-8ef2-522a37d0f5eb,O=dc660eb9-91db-425b-bdc0-246633529e16
           Start Date: Thu Aug 24 06:05:45 UTC 2023
           Final Date: Sun Oct 01 06:05:45 UTC 2028
            SubjectDN: CN=scm-sub-1612981961887@fv-az582-512,OU=6823e055-952f-4d11-8ef2-522a37d0f5eb,O=dc660eb9-91db-425b-bdc0-246633529e16
           Public Key: RSA Public Key [a6:ae:08:b3:9e:6c:56:2e:46:55:9d:83:aa:36:88:05:8d:6a:86:a8],[56:66:d1:a4]
        modulus: d9d5a1405be805c830bead03e4f70f3e80b4e9f037c2187aa5af04c12d05135472993b0b55e464886902d03d1f685eea76859d530980f34e19ff44f22b36e6a2f5c09b0b458061e1e4527fbb9320fce31a15b99534996331fe471378a19a80ba44bfe7197dc983750103aaaecf0261667e60d884ea1ae63da99c7cc71dc2377f8f1814b2f03dbeab5ec6b7d6366970c90194357124721e21ed76a28707e8b41293e2249bc64cbea6a0d1adeb2f476c82d341d836ddc7a5bfdc421c5df49f2009b974aea6b4b4d56179c28bd1e1eec07e756535f1049a93bc58990b6c0978c21a79322da42f8d4637e7a44a45c59eadb0adcda345b111fd7bdd7cde0c6106f61f
public exponent: 10001

  Signature Algorithm: SHA256WITHRSA
            Signature: 14cbb02faafd7a358ab25e2292fb5369b84d81a9
                       97a740afc169de9e9e437444ad2943d9d675f149
                       a12e65589c874593587d99a5e9e84dbeec1f2a9d
                       2f66c55a920efb73aa4acc0aec460ade2a014280
                       352240aa09332589561ca3c5151bba777a911d92
                       9f1784ea058f4ef076ccd09140d23b14815ba5dc
                       3517f0fc128c358a91edc0f80c090eb5c85c68e4
                       bd68f7cc030c8bac214a5c5ac2e8ca91e4d0c38e
                       d8f9f28f141c5e286ad4ac72f3c00f8471c800c2
                       e9e9e85971ca97e36523e41218bb95b1ad962470
                       324a452242408adeffcd8b2ac77dbef83b26e604
                       3d78343248c8e0054956777e56e1e64020676d9c
                       1359f9c6871867cd6803d34b0b70f5f3
       Extensions: 
                       critical(false) 2.5.29.17 value = Sequence
    Tagged [7] IMPLICIT 
        DER Octet String[4] 
    Tagged [2] IMPLICIT 
        DER Octet String[64] 

                       critical(true) BasicConstraints: isCa(true)
                       critical(true) KeyUsage: 0xbe
 from file: /tmp/junit2665078052168013031/junit7068439040768065376/scm-meta/scm/sub-ca/certs/certificate.crt.
2023-08-24 06:05:45,765 [Time-limited test] INFO  client.SCMCertificateClient (DefaultCertificateClient.java:loadAllCertificates(191)) - CertificateRenewerService and root ca rotation polling is disabled for scm/sub-ca
2023-08-24 06:05:45,765 [Time-limited test] WARN  utils.HAUtils (HAUtils.java:getMetaDir(339)) - ozone.scm.db.dirs is not configured. We recommend adding this setting. Falling back to ozone.metadata.dirs instead.
2023-08-24 06:05:45,766 [Time-limited test] WARN  db.DBStoreBuilder (DBStoreBuilder.java:applyDBDefinition(166)) - ozone.scm.db.dirs is not configured. We recommend adding this setting. Falling back to ozone.metadata.dirs instead.
2023-08-24 06:05:45,849 [Time-limited test] INFO  net.NodeSchemaLoader (NodeSchemaLoader.java:loadSchemaFromFile(129)) - Loading schema from [jar:file:/home/runner/.m2/repository/org/apache/ozone/hdds-common/1.4.0-SNAPSHOT/hdds-common-1.4.0-SNAPSHOT.jar!/network-topology-default.xml]
2023-08-24 06:05:45,850 [Time-limited test] INFO  net.NodeSchemaLoader (NodeSchemaLoader.java:loadSchema(176)) - Loading network topology layer schema file
2023-08-24 06:05:45,852 [Time-limited test] INFO  upgrade.AbstractLayoutVersionManager (AbstractLayoutVersionManager.java:init(83)) - Initializing Layout version manager with metadata layout = HADOOP_PRC_PORTS_IN_DATANODEDETAILS (version = 7), software layout = HADOOP_PRC_PORTS_IN_DATANODEDETAILS (version = 7)
2023-08-24 06:05:45,853 [Time-limited test] INFO  ha.SequenceIdGenerator (SequenceIdGenerator.java:upgradeToSequenceId(365)) - upgrade localId to 111677748019200000
2023-08-24 06:05:45,854 [Time-limited test] INFO  ha.SequenceIdGenerator (SequenceIdGenerator.java:upgradeToSequenceId(375)) - upgrade delTxnId to 0
2023-08-24 06:05:45,854 [Time-limited test] INFO  ha.SequenceIdGenerator (SequenceIdGenerator.java:upgradeToSequenceId(392)) - upgrade containerId to 0
2023-08-24 06:05:45,855 [Time-limited test] INFO  ha.SequenceIdGenerator (SequenceIdGenerator.java:upgradeToSequenceId(428)) - upgrade rootCertificateId to 1
2023-08-24 06:05:45,855 [Time-limited test] INFO  ha.SequenceIdGenerator (SequenceIdGenerator.java:<init>(236)) - Init the HA SequenceIdGenerator.
2023-08-24 06:05:45,858 [Time-limited test] INFO  node.SCMNodeManager (SCMNodeManager.java:<init>(157)) - Entering startup safe mode.
2023-08-24 06:05:45,859 [Time-limited test] INFO  algorithms.ContainerPlacementPolicyFactory (ContainerPlacementPolicyFactory.java:getPolicyInternal(86)) - Create container placement policy of type org.apache.hadoop.hdds.scm.container.placement.algorithms.SCMContainerPlacementRackAware
2023-08-24 06:05:45,859 [Time-limited test] INFO  algorithms.ContainerPlacementPolicyFactory (ContainerPlacementPolicyFactory.java:getPolicyInternal(86)) - Create container placement policy of type org.apache.hadoop.hdds.scm.container.placement.algorithms.SCMContainerPlacementRackScatter
2023-08-24 06:05:45,859 [Time-limited test] INFO  pipeline.PipelineStateManagerImpl (PipelineStateManagerImpl.java:initialize(78)) - No pipeline exists in current db
2023-08-24 06:05:45,862 [Time-limited test] INFO  algorithms.LeaderChoosePolicyFactory (LeaderChoosePolicyFactory.java:getPolicy(57)) - Create leader choose policy of type org.apache.hadoop.hdds.scm.pipeline.leader.choose.algorithms.MinLeaderCountChoosePolicy
2023-08-24 06:05:45,862 [Time-limited test] INFO  algorithms.ContainerPlacementPolicyFactory (ContainerPlacementPolicyFactory.java:getPolicyInternal(86)) - Create container placement policy of type org.apache.hadoop.hdds.scm.container.placement.algorithms.SCMContainerPlacementRackScatter
2023-08-24 06:05:45,863 [Time-limited test] INFO  ha.SCMServiceManager (SCMServiceManager.java:register(42)) - Registering service BackgroundPipelineCreator.
2023-08-24 06:05:45,863 [Time-limited test] INFO  pipeline.BackgroundPipelineCreator (BackgroundPipelineCreator.java:start(124)) - Starting RatisPipelineUtilsThread.
2023-08-24 06:05:45,863 [Time-limited test] INFO  BackgroundPipelineScrubber (BackgroundSCMService.java:start(68)) - Starting BackgroundPipelineScrubber Service.
2023-08-24 06:05:45,863 [Time-limited test] INFO  ha.SCMServiceManager (SCMServiceManager.java:register(42)) - Registering service BackgroundPipelineScrubber.
2023-08-24 06:05:45,863 [Time-limited test] INFO  ExpiredContainerReplicaOpScrubber (BackgroundSCMService.java:start(68)) - Starting ExpiredContainerReplicaOpScrubber Service.
2023-08-24 06:05:45,863 [Time-limited test] INFO  ha.SCMServiceManager (SCMServiceManager.java:register(42)) - Registering service ExpiredContainerReplicaOpScrubber.
2023-08-24 06:05:45,864 [Time-limited test] INFO  algorithms.PipelineChoosePolicyFactory (PipelineChoosePolicyFactory.java:createPipelineChoosePolicyFromClass(78)) - Create pipeline choose policy of type org.apache.hadoop.hdds.scm.pipeline.choose.algorithms.RandomPipelineChoosePolicy
2023-08-24 06:05:45,864 [Time-limited test] INFO  algorithms.PipelineChoosePolicyFactory (PipelineChoosePolicyFactory.java:createPipelineChoosePolicyFromClass(78)) - Create pipeline choose policy of type org.apache.hadoop.hdds.scm.pipeline.choose.algorithms.RandomPipelineChoosePolicy
2023-08-24 06:05:45,865 [Time-limited test] INFO  ha.SCMServiceManager (SCMServiceManager.java:register(42)) - Registering service SCMBlockDeletingService.
2023-08-24 06:05:45,866 [Time-limited test] INFO  replication.ReplicationManager (ReplicationManager.java:start(287)) - Starting Replication Monitor Thread.
2023-08-24 06:05:45,867 [Time-limited test] INFO  ha.SCMServiceManager (SCMServiceManager.java:register(42)) - Registering service ReplicationManager.
2023-08-24 06:05:45,867 [Time-limited test] INFO  safemode.ContainerSafeModeRule (ContainerSafeModeRule.java:<init>(90)) - containers with one replica threshold count 0
2023-08-24 06:05:45,868 [Time-limited test] INFO  safemode.HealthyPipelineSafeModeRule (HealthyPipelineSafeModeRule.java:initializeRule(169)) - Total pipeline count is 0, healthy pipeline threshold count is 0
2023-08-24 06:05:45,868 [Time-limited test] INFO  safemode.OneReplicaPipelineSafeModeRule (OneReplicaPipelineSafeModeRule.java:initializeRule(180)) - Total pipeline count is 0, pipeline's with at least one datanode reported threshold count is 0
2023-08-24 06:05:45,868 [ReplicationMonitor] INFO  replication.ReplicationManager (ReplicationManager.java:processAll(361)) - Replication Manager is not ready to run until 300000ms after safemode exit
2023-08-24 06:05:45,869 [Time-limited test] INFO  authority.DefaultCAServer (DefaultCAServer.java:lambda$processVerificationStatus$0(472)) - CertificateServer validation is successful
2023-08-24 06:05:45,873 [Time-limited test] INFO  authority.DefaultCAServer (DefaultCAServer.java:lambda$processVerificationStatus$0(472)) - CertificateServer validation is successful
2023-08-24 06:05:45,874 [Time-limited test] INFO  server.StorageContainerManager (StorageContainerManager.java:persistPrimarySCMCerts(932)) - Storing sub-ca certificate serialId 1612985411555 on primary SCM
2023-08-24 06:05:45,875 [Time-limited test] INFO  server.SCMCertStore (SCMCertStore.java:storeValidScmCertificate(122)) - Scm certificate 1612985411555 for CN=scm-sub-1612981961887@fv-az582-512,OU=6823e055-952f-4d11-8ef2-522a37d0f5eb,O=dc660eb9-91db-425b-bdc0-246633529e16 is stored
2023-08-24 06:05:45,875 [Time-limited test] INFO  server.StorageContainerManager (StorageContainerManager.java:persistPrimarySCMCerts(940)) - Storing root certificate serialId 1
2023-08-24 06:05:45,875 [Time-limited test] INFO  server.SCMCertStore (SCMCertStore.java:storeValidScmCertificate(122)) - Scm certificate 1 for CN=scm-1@fv-az582-512,OU=6823e055-952f-4d11-8ef2-522a37d0f5eb,O=dc660eb9-91db-425b-bdc0-246633529e16 is stored
2023-08-24 06:05:45,876 [Time-limited test] INFO  ipc.CallQueueManager (CallQueueManager.java:<init>(90)) - Using callQueue: class java.util.concurrent.LinkedBlockingQueue, queueCapacity: 200, scheduler: class org.apache.hadoop.ipc.DefaultRpcScheduler, ipcBackoff: false.
2023-08-24 06:05:45,876 [Time-limited test] INFO  ipc.Server (Server.java:<init>(1287)) - Listener at 0.0.0.0:9961
2023-08-24 06:05:45,879 [Socket Reader #1 for port 9961] INFO  ipc.Server (Server.java:run(1323)) - Starting Socket Reader #1 for port 9961
2023-08-24 06:05:45,880 [Time-limited test] INFO  server.StorageContainerManager (StorageContainerManager.java:<init>(425)) - SCM start with adminUsers: [om/fv-az582-512.vyw2dcplbgbehesrvt3jseauje.cx.internal.cloudapp.net@EXAMPLE.COM, scm]
2023-08-24 06:05:45,880 [Time-limited test] INFO  ipc.CallQueueManager (CallQueueManager.java:<init>(90)) - Using callQueue: class java.util.concurrent.LinkedBlockingQueue, queueCapacity: 10000, scheduler: class org.apache.hadoop.ipc.DefaultRpcScheduler, ipcBackoff: false.
2023-08-24 06:05:45,880 [Time-limited test] INFO  ipc.Server (Server.java:<init>(1287)) - Listener at 0.0.0.0:9861
2023-08-24 06:05:45,881 [Socket Reader #1 for port 9861] INFO  ipc.Server (Server.java:run(1323)) - Starting Socket Reader #1 for port 9861
2023-08-24 06:05:45,883 [Time-limited test] INFO  ipc.CallQueueManager (CallQueueManager.java:<init>(90)) - Using callQueue: class java.util.concurrent.LinkedBlockingQueue, queueCapacity: 10000, scheduler: class org.apache.hadoop.ipc.DefaultRpcScheduler, ipcBackoff: false.
2023-08-24 06:05:45,883 [Time-limited test] INFO  ipc.Server (Server.java:<init>(1287)) - Listener at 0.0.0.0:9863
2023-08-24 06:05:45,883 [Socket Reader #1 for port 9863] INFO  ipc.Server (Server.java:run(1323)) - Starting Socket Reader #1 for port 9863
2023-08-24 06:05:45,885 [Time-limited test] INFO  ipc.CallQueueManager (CallQueueManager.java:<init>(90)) - Using callQueue: class java.util.concurrent.LinkedBlockingQueue, queueCapacity: 10000, scheduler: class org.apache.hadoop.ipc.DefaultRpcScheduler, ipcBackoff: false.
2023-08-24 06:05:45,885 [Time-limited test] INFO  ipc.Server (Server.java:<init>(1287)) - Listener at 0.0.0.0:9860
2023-08-24 06:05:45,886 [Socket Reader #1 for port 9860] INFO  ipc.Server (Server.java:run(1323)) - Starting Socket Reader #1 for port 9860
2023-08-24 06:05:45,897 [Time-limited test] INFO  ha.SCMServiceManager (SCMServiceManager.java:register(42)) - Registering service ContainerBalancer.
2023-08-24 06:05:45,899 [Time-limited test] INFO  server.StorageContainerManager (StorageContainerManager.java:<init>(438)) - 
Container Balancer status:
Key                            Value
Running                        false
Container Balancer Configuration values:
Key                                                Value
Threshold                                          10
Max Datanodes to Involve per Iteration(percent)    20
Max Size to Move per Iteration                     500GB
Max Size Entering Target per Iteration             26GB
Max Size Leaving Source per Iteration              26GB

2023-08-24 06:05:45,899 [Time-limited test] INFO  ha.SCMContext (SCMContext.java:updateSafeModeStatus(228)) - Update SafeModeStatus from SafeModeStatus{safeModeStatus=true, preCheckPassed=false} to SafeModeStatus{safeModeStatus=true, preCheckPassed=false}.
2023-08-24 06:05:45,900 [Time-limited test] INFO  impl.DefaultInternalKdcServerImpl (DefaultInternalKdcServerImpl.java:doStop(102)) - Default Internal kdc server stopped.
2023-08-24 06:05:46,900 [Time-limited test] INFO  minikdc.MiniKdc (MiniKdc.java:stop(359)) - MiniKdc stopped.
2023-08-24 06:05:46,900 [Time-limited test] INFO  server.StorageContainerManager (StorageContainerManager.java:stop(1591)) - Container Balancer is not running.
2023-08-24 06:05:46,900 [Time-limited test] INFO  server.StorageContainerManager (StorageContainerManager.java:stopReplicationManager(1724)) - Stopping Replication Manager Service.
2023-08-24 06:05:46,900 [Time-limited test] INFO  replication.ReplicationManager (ReplicationManager.java:stop(319)) - Stopping Replication Monitor Thread.
2023-08-24 06:05:46,900 [Time-limited test] INFO  server.StorageContainerManager (StorageContainerManager.java:stop(1600)) - Stopping the Datanode Admin Monitor.
2023-08-24 06:05:46,900 [Time-limited test] INFO  server.StorageContainerManager (StorageContainerManager.java:stop(1607)) - Stopping datanode service RPC server
2023-08-24 06:05:46,900 [Time-limited test] INFO  server.SCMDatanodeProtocolServer (SCMDatanodeProtocolServer.java:stop(424)) - Stopping the RPC server for DataNodes
2023-08-24 06:05:46,900 [Time-limited test] INFO  ipc.Server (Server.java:stop(3523)) - Stopping server on 9861
2023-08-24 06:05:46,901 [Under Replicated Processor] WARN  replication.UnhealthyReplicationProcessor (UnhealthyReplicationProcessor.java:run(180)) - Under Replicated Processor interrupted. Exiting...
2023-08-24 06:05:46,901 [ReplicationMonitor] INFO  replication.ReplicationManager (ReplicationManager.java:run(917)) - Replication Monitor Thread is stopped
2023-08-24 06:05:46,901 [Over Replicated Processor] WARN  replication.UnhealthyReplicationProcessor (UnhealthyReplicationProcessor.java:run(180)) - Over Replicated Processor interrupted. Exiting...
2023-08-24 06:05:48,855 [SCM Heartbeat Processing Thread - 0] WARN  node.NodeStateManager (NodeStateManager.java:scheduleNextHealthCheck(874)) - Current Thread is interrupted, shutting down HB processing thread for Node Manager.
2023-08-24 06:05:48,856 [Time-limited test] INFO  server.StorageContainerManager (StorageContainerManager.java:stop(1615)) - Stopping block service RPC server
2023-08-24 06:05:48,856 [Time-limited test] INFO  server.SCMBlockProtocolServer (SCMBlockProtocolServer.java:stop(161)) - Stopping the RPC server for Block Protocol
2023-08-24 06:05:48,856 [Time-limited test] INFO  ipc.Server (Server.java:stop(3523)) - Stopping server on 9863
2023-08-24 06:05:48,856 [Time-limited test] INFO  server.StorageContainerManager (StorageContainerManager.java:stop(1622)) - Stopping the StorageContainerLocationProtocol RPC server
2023-08-24 06:05:48,857 [Time-limited test] INFO  server.SCMClientProtocolServer (SCMClientProtocolServer.java:stop(210)) - Stopping the RPC server for Client Protocol
2023-08-24 06:05:48,857 [Time-limited test] INFO  ipc.Server (Server.java:stop(3523)) - Stopping server on 9860
2023-08-24 06:05:48,857 [Time-limited test] INFO  server.StorageContainerManager (StorageContainerManager.java:stop(1629)) - Stopping Storage Container Manager HTTP server.
2023-08-24 06:05:48,857 [Time-limited test] INFO  server.StorageContainerManager (StorageContainerManager.java:stop(1637)) - Stopping SCM LayoutVersionManager Service.
2023-08-24 06:05:48,857 [Time-limited test] INFO  server.SCMSecurityProtocolServer (SCMSecurityProtocolServer.java:stop(550)) - Stopping the SCMSecurityProtocolServer.
2023-08-24 06:05:48,857 [Time-limited test] INFO  ipc.Server (Server.java:stop(3523)) - Stopping server on 9961
2023-08-24 06:05:48,858 [Time-limited test] INFO  server.SCMUpdateServiceGrpcServer (SCMUpdateServiceGrpcServer.java:stop(73)) - SCMUpdateService stopping
2023-08-24 06:05:48,858 [Time-limited test] INFO  server.StorageContainerManager (StorageContainerManager.java:stop(1649)) - Stopping Block Manager Service.
2023-08-24 06:05:48,858 [Time-limited test] INFO  utils.BackgroundService (BackgroundService.java:shutdown(141)) - Shutting down service SCMBlockDeletingService
2023-08-24 06:05:48,858 [Time-limited test] INFO  utils.BackgroundService (BackgroundService.java:shutdown(141)) - Shutting down service SCMBlockDeletingService
2023-08-24 06:05:48,858 [Time-limited test] INFO  server.StorageContainerManager (StorageContainerManager.java:stop(1669)) - Stopping SCM Event Queue.
2023-08-24 06:05:48,858 [Time-limited test] INFO  server.StorageContainerManager (StorageContainerManager.java:stop(1680)) - Stopping SCM HA services.
2023-08-24 06:05:48,858 [Time-limited test] INFO  pipeline.BackgroundPipelineCreator (BackgroundPipelineCreator.java:stop(149)) - Stopping RatisPipelineUtilsThread.
2023-08-24 06:05:48,858 [RatisPipelineUtilsThread - 0] WARN  pipeline.BackgroundPipelineCreator (BackgroundPipelineCreator.java:run(180)) - RatisPipelineUtilsThread is interrupted.
2023-08-24 06:05:48,859 [Time-limited test] INFO  BackgroundPipelineScrubber (BackgroundSCMService.java:stop(131)) - Stopping BackgroundPipelineScrubber Service.
2023-08-24 06:05:48,859 [Time-limited test] WARN  pipeline.BackgroundPipelineCreator (BackgroundPipelineCreator.java:stop(145)) - RatisPipelineUtilsThread is not running, just ignore.
2023-08-24 06:05:48,859 [Time-limited test] INFO  BackgroundPipelineScrubber (BackgroundSCMService.java:stop(126)) - BackgroundPipelineScrubber Service is not running, skip stop.
2023-08-24 06:05:48,859 [BackgroundPipelineScrubberThread] WARN  BackgroundPipelineScrubber (BackgroundSCMService.java:run(115)) - BackgroundPipelineScrubber is interrupted, exit
2023-08-24 06:05:48,861 [ExpiredContainerReplicaOpScrubberThread] WARN  ExpiredContainerReplicaOpScrubber (BackgroundSCMService.java:run(115)) - ExpiredContainerReplicaOpScrubber is interrupted, exit
2023-08-24 06:05:48,862 [Time-limited test] INFO  ExpiredContainerReplicaOpScrubber (BackgroundSCMService.java:stop(131)) - Stopping ExpiredContainerReplicaOpScrubber Service.
2023-08-24 06:05:48,862 [Time-limited test] INFO  utils.BackgroundService (BackgroundService.java:shutdown(141)) - Shutting down service SCMBlockDeletingService
2023-08-24 06:05:48,862 [Time-limited test] INFO  replication.ReplicationManager (ReplicationManager.java:stop(329)) - Replication Monitor Thread is not running.
2023-08-24 06:05:48,862 [Time-limited test] WARN  balancer.ContainerBalancer (ContainerBalancer.java:stop(326)) - Cannot stop Container Balancer because it's not running or stopping
2023-08-24 06:05:48,862 [Time-limited test] INFO  server.StorageContainerManager (StorageContainerManager.java:stop(1715)) - Stopping SCM MetadataStore.
2023-08-24 06:05:48,864 [Time-limited test] INFO  server.SCMSecurityProtocolServer (SCMSecurityProtocolServer.java:join(560)) - Join RPC server for SCMSecurityProtocolServer.
2023-08-24 06:05:48,864 [Time-limited test] INFO  server.SCMSecurityProtocolServer (SCMSecurityProtocolServer.java:join(562)) - Join gRPC server for SCMSecurityProtocolServer.
]]></system-out>
  </testcase>
  <testcase name="testCertificateRotationRecoverableFailure" classname="org.apache.hadoop.ozone.TestSecureOzoneCluster" time="22.249">
    <system-out><![CDATA[2023-08-24 06:05:48,884 [Time-limited test] INFO  net.ServerSocketUtil (ServerSocketUtil.java:getPort(55)) - Using port 9860
2023-08-24 06:05:48,884 [Time-limited test] INFO  net.ServerSocketUtil (ServerSocketUtil.java:getPort(55)) - Using port 9861
2023-08-24 06:05:48,884 [Time-limited test] INFO  net.ServerSocketUtil (ServerSocketUtil.java:getPort(55)) - Using port 9863
2023-08-24 06:05:48,884 [Time-limited test] INFO  net.ServerSocketUtil (ServerSocketUtil.java:getPort(55)) - Using port 9961
2023-08-24 06:05:48,884 [Time-limited test] INFO  net.ServerSocketUtil (ServerSocketUtil.java:getPort(55)) - Using port 1200
2023-08-24 06:05:48,884 [Time-limited test] INFO  net.ServerSocketUtil (ServerSocketUtil.java:getPort(55)) - Using port 1201
2023-08-24 06:05:48,887 [Time-limited test] INFO  minikdc.MiniKdc (MiniKdc.java:<init>(225)) - Configuration:
2023-08-24 06:05:48,887 [Time-limited test] INFO  minikdc.MiniKdc (MiniKdc.java:<init>(226)) - ---------------------------------------------------------------
2023-08-24 06:05:48,887 [Time-limited test] INFO  minikdc.MiniKdc (MiniKdc.java:<init>(228)) -   debug: false
2023-08-24 06:05:48,887 [Time-limited test] INFO  minikdc.MiniKdc (MiniKdc.java:<init>(228)) -   transport: TCP
2023-08-24 06:05:48,887 [Time-limited test] INFO  minikdc.MiniKdc (MiniKdc.java:<init>(228)) -   max.ticket.lifetime: 86400000
2023-08-24 06:05:48,887 [Time-limited test] INFO  minikdc.MiniKdc (MiniKdc.java:<init>(228)) -   org.name: EXAMPLE
2023-08-24 06:05:48,887 [Time-limited test] INFO  minikdc.MiniKdc (MiniKdc.java:<init>(228)) -   kdc.port: 0
2023-08-24 06:05:48,887 [Time-limited test] INFO  minikdc.MiniKdc (MiniKdc.java:<init>(228)) -   org.domain: COM
2023-08-24 06:05:48,887 [Time-limited test] INFO  minikdc.MiniKdc (MiniKdc.java:<init>(228)) -   max.renewable.lifetime: 604800000
2023-08-24 06:05:48,887 [Time-limited test] INFO  minikdc.MiniKdc (MiniKdc.java:<init>(228)) -   instance: DefaultKrbServer
2023-08-24 06:05:48,887 [Time-limited test] INFO  minikdc.MiniKdc (MiniKdc.java:<init>(228)) -   kdc.bind.address: localhost
2023-08-24 06:05:48,887 [Time-limited test] INFO  minikdc.MiniKdc (MiniKdc.java:<init>(230)) - ---------------------------------------------------------------
2023-08-24 06:05:48,891 [Time-limited test] INFO  minikdc.MiniKdc (MiniKdc.java:start(285)) - MiniKdc started.
2023-08-24 06:05:49,054 [Time-limited test] INFO  om.OzoneManager (OzoneManager.java:getOmDetailsProto(4552)) - OzoneManager ports added:[name: "RPC"
value: 1202
]
2023-08-24 06:05:49,055 [Time-limited test] WARN  server.ServerUtils (ServerUtils.java:getDBPath(311)) - ozone.om.db.dirs is not configured. We recommend adding this setting. Falling back to ozone.metadata.dirs instead.
2023-08-24 06:05:49,058 [Time-limited test] INFO  utils.SelfSignedCertificate (SelfSignedCertificate.java:generateCertificate(157)) - Certificate 1616336 is issued by CN=localhost,OU=test,O=cluster to CN=localhost,OU=test,O=cluster, valid from Thu Aug 24 06:05:49 UTC 2023 to Thu Aug 24 06:06:09 UTC 2023
2023-08-24 06:05:49,058 [Time-limited test] INFO  utils.CertificateCodec (CertificateCodec.java:writeCertificate(299)) - Save certificate to /tmp/junit3112147396068780738/junit1072714593535816810/om-meta/om/certs/certificate.crt
2023-08-24 06:05:49,059 [Time-limited test] INFO  utils.CertificateCodec (CertificateCodec.java:writeCertificate(300)) - Certificate -----BEGIN CERTIFICATE-----
MIIC5TCCAc2gAwIBAgIDGKnQMA0GCSqGSIb3DQEBCwUAMDUxEjAQBgNVBAMMCWxv
Y2FsaG9zdDENMAsGA1UECwwEdGVzdDEQMA4GA1UECgwHY2x1c3RlcjAeFw0yMzA4
MjQwNjA1NDlaFw0yMzA4MjQwNjA2MDlaMDUxEjAQBgNVBAMMCWxvY2FsaG9zdDEN
MAsGA1UECwwEdGVzdDEQMA4GA1UECgwHY2x1c3RlcjCCASIwDQYJKoZIhvcNAQEB
BQADggEPADCCAQoCggEBAL8YOdX1UzOtBazgQHmY5asK6s1ryu6qsJciv0zLoqCL
EvzCrIXk0BqcNNKa2emIlAFSCCp1mrrmMBWSDf/k9PswxIx5TBS5dSnocSjIJUQH
+6mMA5S1Xf0Z3T2F9e+t6mBxAyuWGPxaHztWyLdPneSg0sG3ED6XCatC9udf/ESu
xWi48opiDTq8ZbFZzvJBGnEq4uYO4Vg6dPVQuE+XLDOH3GVfxulYhQmbolwgJj0+
BwzMrKTDSuoXM9t0OnXlYsU6gY69dV5Tf7+IwvVtMx7xOZdrGO4XO/MHYmO7deJi
O8sOPGvVnhCoVdICRfN+ZhC+CLqEo36cgq84mt02kDUCAwEAATANBgkqhkiG9w0B
AQsFAAOCAQEASVudEmUKTHVtq80oYI3pLPj/lwws5s0CmPPZQQiVJcOHl0/gyE4I
p8f6Yev5e1r3qS5Y9zjfxJkYugivpE8tIU3HrpMMEfbPnWwWqNKHMoKmGnZ/ADJA
S13jzGh9lUV1X+Ap4X8F2XJdYr19JqhHIpQdsiVIu1zVJfV+zOQqoMHpfqFwzwpG
q4oOb+VIIzP9kGMCwJsVuAFEMWxxNAC+OT+UneTk7zlBfGFS4QUj/f2c1/NlXnte
dFparFumvH37rx/nSSUoKcgYx7myNB3wVMZNdNvKqX3BTi/Ifnge3l2KfvdDlUiI
7md1zohp3lLmxBem4EF7CkiPjzhO5sNK5Q==
-----END CERTIFICATE-----

2023-08-24 06:05:49,073 [Time-limited test] INFO  utils.SelfSignedCertificate (SelfSignedCertificate.java:generateCertificate(157)) - Certificate 1616353 is issued by CN=localhost,OU=test,O=cluster to CN=localhost,OU=test,O=cluster, valid from Thu Aug 24 06:05:59 UTC 2023 to Thu Aug 24 06:06:19 UTC 2023
2023-08-24 06:05:49,074 [Time-limited test] INFO  security.OMCertificateClient (DefaultCertificateClient.java:updateCertSerialId(1244)) - Certificate serial ID set to 1616336
2023-08-24 06:05:49,075 [Time-limited test] INFO  security.OMCertificateClient (DefaultCertificateClient.java:readCertificateFile(237)) - Added certificate   [0]         Version: 3
         SerialNumber: 1616336
             IssuerDN: CN=localhost,OU=test,O=cluster
           Start Date: Thu Aug 24 06:05:49 UTC 2023
           Final Date: Thu Aug 24 06:06:09 UTC 2023
            SubjectDN: CN=localhost,OU=test,O=cluster
           Public Key: RSA Public Key [ee:c1:2b:d7:95:f3:2d:57:a8:09:74:cb:ab:0a:9b:a6:d5:ec:9c:b0],[56:66:d1:a4]
        modulus: bf1839d5f55333ad05ace0407998e5ab0aeacd6bcaeeaab09722bf4ccba2a08b12fcc2ac85e4d01a9c34d29ad9e988940152082a759abae63015920dffe4f4fb30c48c794c14b97529e87128c8254407fba98c0394b55dfd19dd3d85f5efadea6071032b9618fc5a1f3b56c8b74f9de4a0d2c1b7103e9709ab42f6e75ffc44aec568b8f28a620d3abc65b159cef2411a712ae2e60ee1583a74f550b84f972c3387dc655fc6e95885099ba25c20263d3e070cccaca4c34aea1733db743a75e562c53a818ebd755e537fbf88c2f56d331ef139976b18ee173bf3076263bb75e2623bcb0e3c6bd59e10a855d20245f37e6610be08ba84a37e9c82af389add369035
public exponent: 10001

  Signature Algorithm: SHA256WITHRSA
            Signature: 495b9d12650a4c756dabcd28608de92cf8ff970c
                       2ce6cd0298f3d941089525c387974fe0c84e08a7
                       c7fa61ebf97b5af7a92e58f738dfc49918ba08af
                       a44f2d214dc7ae930c11f6cf9d6c16a8d2873282
                       a61a767f0032404b5de3cc687d9545755fe029e1
                       7f05d9725d62bd7d26a84722941db22548bb5cd5
                       25f57ecce42aa0c1e97ea170cf0a46ab8a0e6fe5
                       482333fd906302c09b15b80144316c713400be39
                       3f949de4e4ef39417c6152e10523fdfd9cd7f365
                       5e7b5e745a5aac5ba6bc7dfbaf1fe749252829c8
                       18c7b9b2341df054c64d74dbcaa97dc14e2fc87e
                       781ede5d8a7ef743954888ee6775ce8869de52e6
                       c417a6e0417b0a488f8f384ee6c34ae5
 from file: /tmp/junit3112147396068780738/junit1072714593535816810/om-meta/om/certs/certificate.crt.
2023-08-24 06:05:49,075 [Time-limited test] INFO  security.OMCertificateClient (DefaultCertificateClient.java:startCertificateRenewerService(1347)) - CertificateRenewerService for om is started with first delay 9925 ms and interval 3333 ms.
2023-08-24 06:05:49,076 [Time-limited test] INFO  security.OMCertificateClient (DefaultCertificateClient.java:init(715)) - Certificate client init case: 7
2023-08-24 06:05:49,076 [Time-limited test] INFO  security.OMCertificateClient (CommonCertificateClient.java:handleCase(110)) - Found certificate file along with KeyPair.
2023-08-24 06:05:49,080 [Time-limited test] INFO  security.OMCertificateClient (DefaultCertificateClient.java:validateKeyPairAndCertificate(794)) - Keypair validated.
2023-08-24 06:05:49,084 [Time-limited test] INFO  security.OMCertificateClient (DefaultCertificateClient.java:validateKeyPairAndCertificate(797)) - Keypair validated with certificate.
2023-08-24 06:05:59,001 [om-CertificateRenewerService] INFO  security.OMCertificateClient (DefaultCertificateClient.java:run(1383)) - Current certificate 1616336 needs to be renewed remaining grace period PT0S. Forced renewal due to root ca rotation: false.
2023-08-24 06:05:59,401 [om-CertificateRenewerService] INFO  ozone.OzoneSecurityUtil (OzoneSecurityUtil.java:getValidInetsForCurrentHost(119)) - ip:fe80:0:0:0:6245:bdff:fe7e:9bc0%eth0 not returned.
2023-08-24 06:05:59,401 [om-CertificateRenewerService] INFO  ozone.OzoneSecurityUtil (OzoneSecurityUtil.java:getValidInetsForCurrentHost(116)) - Adding ip:10.1.0.20,host:fv-az582-512.vyw2dcplbgbehesrvt3jseauje.cx.internal.cloudapp.net
2023-08-24 06:05:59,401 [om-CertificateRenewerService] INFO  ozone.OzoneSecurityUtil (OzoneSecurityUtil.java:getValidInetsForCurrentHost(119)) - ip:0:0:0:0:0:0:0:1%lo not returned.
2023-08-24 06:05:59,401 [om-CertificateRenewerService] INFO  ozone.OzoneSecurityUtil (OzoneSecurityUtil.java:getValidInetsForCurrentHost(119)) - ip:127.0.0.1 not returned.
2023-08-24 06:05:59,401 [om-CertificateRenewerService] INFO  security.OMCertificateClient (OMCertificateClient.java:getCSRBuilder(114)) - Creating csr for OM->dns:fv-az582-512.vyw2dcplbgbehesrvt3jseauje.cx.internal.cloudapp.net,ip:10.1.0.20,scmId:46dcbce5-72b8-4761-806b-418e43f7046c,clusterId:dfd86203-2ac3-4729-af7d-a95f76b8967a,subject:scm@fv-az582-512.vyw2dcplbgbehesrvt3jseauje.cx.internal.cloudapp.net
2023-08-24 06:05:59,405 [om-CertificateRenewerService] ERROR security.OMCertificateClient (DefaultCertificateClient.java:signAndStoreCertificate(1284)) - Error while signing and storing SCM signed certificate.
org.apache.hadoop.hdds.security.x509.exception.CertificateException: Unable to retrieve certificate chain.
	at org.apache.hadoop.hdds.security.x509.certificate.client.DefaultCertificateClient.signAndStoreCertificate(DefaultCertificateClient.java:1280)
	at org.apache.hadoop.hdds.security.x509.certificate.client.DefaultCertificateClient.renewAndStoreKeyAndCertificate(DefaultCertificateClient.java:1083)
	at org.apache.hadoop.hdds.security.x509.certificate.client.DefaultCertificateClient$CertificateRenewerService.run(DefaultCertificateClient.java:1388)
	at java.util.concurrent.Executors$RunnableAdapter.call(Executors.java:511)
	at java.util.concurrent.FutureTask.runAndReset(FutureTask.java:308)
	at java.util.concurrent.ScheduledThreadPoolExecutor$ScheduledFutureTask.access$301(ScheduledThreadPoolExecutor.java:180)
	at java.util.concurrent.ScheduledThreadPoolExecutor$ScheduledFutureTask.run(ScheduledThreadPoolExecutor.java:294)
	at java.util.concurrent.ThreadPoolExecutor.runWorker(ThreadPoolExecutor.java:1149)
	at java.util.concurrent.ThreadPoolExecutor$Worker.run(ThreadPoolExecutor.java:624)
	at java.lang.Thread.run(Thread.java:750)
2023-08-24 06:05:59,406 [om-CertificateRenewerService] ERROR security.OMCertificateClient (DefaultCertificateClient.java:run(1399)) - Failed to renew and store key and cert. Keep using existing certificates.
org.apache.hadoop.hdds.security.x509.exception.CertificateException: Error while signing and storing new certificates.
	at org.apache.hadoop.hdds.security.x509.certificate.client.DefaultCertificateClient.renewAndStoreKeyAndCertificate(DefaultCertificateClient.java:1086)
	at org.apache.hadoop.hdds.security.x509.certificate.client.DefaultCertificateClient$CertificateRenewerService.run(DefaultCertificateClient.java:1388)
	at java.util.concurrent.Executors$RunnableAdapter.call(Executors.java:511)
	at java.util.concurrent.FutureTask.runAndReset(FutureTask.java:308)
	at java.util.concurrent.ScheduledThreadPoolExecutor$ScheduledFutureTask.access$301(ScheduledThreadPoolExecutor.java:180)
	at java.util.concurrent.ScheduledThreadPoolExecutor$ScheduledFutureTask.run(ScheduledThreadPoolExecutor.java:294)
	at java.util.concurrent.ThreadPoolExecutor.runWorker(ThreadPoolExecutor.java:1149)
	at java.util.concurrent.ThreadPoolExecutor$Worker.run(ThreadPoolExecutor.java:624)
	at java.lang.Thread.run(Thread.java:750)
Caused by: org.apache.hadoop.hdds.security.x509.exception.CertificateException: Error while signing and storing SCM signed certificate.
	at org.apache.hadoop.hdds.security.x509.certificate.client.DefaultCertificateClient.signAndStoreCertificate(DefaultCertificateClient.java:1286)
	at org.apache.hadoop.hdds.security.x509.certificate.client.DefaultCertificateClient.renewAndStoreKeyAndCertificate(DefaultCertificateClient.java:1083)
	... 8 more
Caused by: org.apache.hadoop.hdds.security.x509.exception.CertificateException: Unable to retrieve certificate chain.
	at org.apache.hadoop.hdds.security.x509.certificate.client.DefaultCertificateClient.signAndStoreCertificate(DefaultCertificateClient.java:1280)
	... 9 more
2023-08-24 06:06:02,334 [om-CertificateRenewerService] INFO  security.OMCertificateClient (DefaultCertificateClient.java:run(1383)) - Current certificate 1616336 needs to be renewed remaining grace period PT0S. Forced renewal due to root ca rotation: false.
2023-08-24 06:06:02,460 [om-CertificateRenewerService] INFO  ozone.OzoneSecurityUtil (OzoneSecurityUtil.java:getValidInetsForCurrentHost(119)) - ip:fe80:0:0:0:6245:bdff:fe7e:9bc0%eth0 not returned.
2023-08-24 06:06:02,461 [om-CertificateRenewerService] INFO  ozone.OzoneSecurityUtil (OzoneSecurityUtil.java:getValidInetsForCurrentHost(116)) - Adding ip:10.1.0.20,host:fv-az582-512.vyw2dcplbgbehesrvt3jseauje.cx.internal.cloudapp.net
2023-08-24 06:06:02,461 [om-CertificateRenewerService] INFO  ozone.OzoneSecurityUtil (OzoneSecurityUtil.java:getValidInetsForCurrentHost(119)) - ip:0:0:0:0:0:0:0:1%lo not returned.
2023-08-24 06:06:02,461 [om-CertificateRenewerService] INFO  ozone.OzoneSecurityUtil (OzoneSecurityUtil.java:getValidInetsForCurrentHost(119)) - ip:127.0.0.1 not returned.
2023-08-24 06:06:02,461 [om-CertificateRenewerService] INFO  security.OMCertificateClient (OMCertificateClient.java:getCSRBuilder(114)) - Creating csr for OM->dns:fv-az582-512.vyw2dcplbgbehesrvt3jseauje.cx.internal.cloudapp.net,ip:10.1.0.20,scmId:46dcbce5-72b8-4761-806b-418e43f7046c,clusterId:dfd86203-2ac3-4729-af7d-a95f76b8967a,subject:scm@fv-az582-512.vyw2dcplbgbehesrvt3jseauje.cx.internal.cloudapp.net
2023-08-24 06:06:02,463 [om-CertificateRenewerService] ERROR security.OMCertificateClient (DefaultCertificateClient.java:signAndStoreCertificate(1284)) - Error while signing and storing SCM signed certificate.
org.apache.hadoop.hdds.security.x509.exception.CertificateException: Unable to retrieve certificate chain.
	at org.apache.hadoop.hdds.security.x509.certificate.client.DefaultCertificateClient.signAndStoreCertificate(DefaultCertificateClient.java:1280)
	at org.apache.hadoop.hdds.security.x509.certificate.client.DefaultCertificateClient.renewAndStoreKeyAndCertificate(DefaultCertificateClient.java:1083)
	at org.apache.hadoop.hdds.security.x509.certificate.client.DefaultCertificateClient$CertificateRenewerService.run(DefaultCertificateClient.java:1388)
	at java.util.concurrent.Executors$RunnableAdapter.call(Executors.java:511)
	at java.util.concurrent.FutureTask.runAndReset(FutureTask.java:308)
	at java.util.concurrent.ScheduledThreadPoolExecutor$ScheduledFutureTask.access$301(ScheduledThreadPoolExecutor.java:180)
	at java.util.concurrent.ScheduledThreadPoolExecutor$ScheduledFutureTask.run(ScheduledThreadPoolExecutor.java:294)
	at java.util.concurrent.ThreadPoolExecutor.runWorker(ThreadPoolExecutor.java:1149)
	at java.util.concurrent.ThreadPoolExecutor$Worker.run(ThreadPoolExecutor.java:624)
	at java.lang.Thread.run(Thread.java:750)
2023-08-24 06:06:02,463 [om-CertificateRenewerService] ERROR security.OMCertificateClient (DefaultCertificateClient.java:run(1399)) - Failed to renew and store key and cert. Keep using existing certificates.
org.apache.hadoop.hdds.security.x509.exception.CertificateException: Error while signing and storing new certificates.
	at org.apache.hadoop.hdds.security.x509.certificate.client.DefaultCertificateClient.renewAndStoreKeyAndCertificate(DefaultCertificateClient.java:1086)
	at org.apache.hadoop.hdds.security.x509.certificate.client.DefaultCertificateClient$CertificateRenewerService.run(DefaultCertificateClient.java:1388)
	at java.util.concurrent.Executors$RunnableAdapter.call(Executors.java:511)
	at java.util.concurrent.FutureTask.runAndReset(FutureTask.java:308)
	at java.util.concurrent.ScheduledThreadPoolExecutor$ScheduledFutureTask.access$301(ScheduledThreadPoolExecutor.java:180)
	at java.util.concurrent.ScheduledThreadPoolExecutor$ScheduledFutureTask.run(ScheduledThreadPoolExecutor.java:294)
	at java.util.concurrent.ThreadPoolExecutor.runWorker(ThreadPoolExecutor.java:1149)
	at java.util.concurrent.ThreadPoolExecutor$Worker.run(ThreadPoolExecutor.java:624)
	at java.lang.Thread.run(Thread.java:750)
Caused by: org.apache.hadoop.hdds.security.x509.exception.CertificateException: Error while signing and storing SCM signed certificate.
	at org.apache.hadoop.hdds.security.x509.certificate.client.DefaultCertificateClient.signAndStoreCertificate(DefaultCertificateClient.java:1286)
	at org.apache.hadoop.hdds.security.x509.certificate.client.DefaultCertificateClient.renewAndStoreKeyAndCertificate(DefaultCertificateClient.java:1083)
	... 8 more
Caused by: org.apache.hadoop.hdds.security.x509.exception.CertificateException: Unable to retrieve certificate chain.
	at org.apache.hadoop.hdds.security.x509.certificate.client.DefaultCertificateClient.signAndStoreCertificate(DefaultCertificateClient.java:1280)
	... 9 more
2023-08-24 06:06:05,667 [om-CertificateRenewerService] INFO  security.OMCertificateClient (DefaultCertificateClient.java:run(1383)) - Current certificate 1616336 needs to be renewed remaining grace period PT0S. Forced renewal due to root ca rotation: false.
2023-08-24 06:06:05,766 [om-CertificateRenewerService] INFO  ozone.OzoneSecurityUtil (OzoneSecurityUtil.java:getValidInetsForCurrentHost(119)) - ip:fe80:0:0:0:6245:bdff:fe7e:9bc0%eth0 not returned.
2023-08-24 06:06:05,766 [om-CertificateRenewerService] INFO  ozone.OzoneSecurityUtil (OzoneSecurityUtil.java:getValidInetsForCurrentHost(116)) - Adding ip:10.1.0.20,host:fv-az582-512.vyw2dcplbgbehesrvt3jseauje.cx.internal.cloudapp.net
2023-08-24 06:06:05,766 [om-CertificateRenewerService] INFO  ozone.OzoneSecurityUtil (OzoneSecurityUtil.java:getValidInetsForCurrentHost(119)) - ip:0:0:0:0:0:0:0:1%lo not returned.
2023-08-24 06:06:05,766 [om-CertificateRenewerService] INFO  ozone.OzoneSecurityUtil (OzoneSecurityUtil.java:getValidInetsForCurrentHost(119)) - ip:127.0.0.1 not returned.
2023-08-24 06:06:05,767 [om-CertificateRenewerService] INFO  security.OMCertificateClient (OMCertificateClient.java:getCSRBuilder(114)) - Creating csr for OM->dns:fv-az582-512.vyw2dcplbgbehesrvt3jseauje.cx.internal.cloudapp.net,ip:10.1.0.20,scmId:46dcbce5-72b8-4761-806b-418e43f7046c,clusterId:dfd86203-2ac3-4729-af7d-a95f76b8967a,subject:scm@fv-az582-512.vyw2dcplbgbehesrvt3jseauje.cx.internal.cloudapp.net
2023-08-24 06:06:05,769 [om-CertificateRenewerService] ERROR security.OMCertificateClient (DefaultCertificateClient.java:signAndStoreCertificate(1284)) - Error while signing and storing SCM signed certificate.
org.apache.hadoop.hdds.security.x509.exception.CertificateException: Unable to retrieve certificate chain.
	at org.apache.hadoop.hdds.security.x509.certificate.client.DefaultCertificateClient.signAndStoreCertificate(DefaultCertificateClient.java:1280)
	at org.apache.hadoop.hdds.security.x509.certificate.client.DefaultCertificateClient.renewAndStoreKeyAndCertificate(DefaultCertificateClient.java:1083)
	at org.apache.hadoop.hdds.security.x509.certificate.client.DefaultCertificateClient$CertificateRenewerService.run(DefaultCertificateClient.java:1388)
	at java.util.concurrent.Executors$RunnableAdapter.call(Executors.java:511)
	at java.util.concurrent.FutureTask.runAndReset(FutureTask.java:308)
	at java.util.concurrent.ScheduledThreadPoolExecutor$ScheduledFutureTask.access$301(ScheduledThreadPoolExecutor.java:180)
	at java.util.concurrent.ScheduledThreadPoolExecutor$ScheduledFutureTask.run(ScheduledThreadPoolExecutor.java:294)
	at java.util.concurrent.ThreadPoolExecutor.runWorker(ThreadPoolExecutor.java:1149)
	at java.util.concurrent.ThreadPoolExecutor$Worker.run(ThreadPoolExecutor.java:624)
	at java.lang.Thread.run(Thread.java:750)
2023-08-24 06:06:05,769 [om-CertificateRenewerService] ERROR security.OMCertificateClient (DefaultCertificateClient.java:run(1399)) - Failed to renew and store key and cert. Keep using existing certificates.
org.apache.hadoop.hdds.security.x509.exception.CertificateException: Error while signing and storing new certificates.
	at org.apache.hadoop.hdds.security.x509.certificate.client.DefaultCertificateClient.renewAndStoreKeyAndCertificate(DefaultCertificateClient.java:1086)
	at org.apache.hadoop.hdds.security.x509.certificate.client.DefaultCertificateClient$CertificateRenewerService.run(DefaultCertificateClient.java:1388)
	at java.util.concurrent.Executors$RunnableAdapter.call(Executors.java:511)
	at java.util.concurrent.FutureTask.runAndReset(FutureTask.java:308)
	at java.util.concurrent.ScheduledThreadPoolExecutor$ScheduledFutureTask.access$301(ScheduledThreadPoolExecutor.java:180)
	at java.util.concurrent.ScheduledThreadPoolExecutor$ScheduledFutureTask.run(ScheduledThreadPoolExecutor.java:294)
	at java.util.concurrent.ThreadPoolExecutor.runWorker(ThreadPoolExecutor.java:1149)
	at java.util.concurrent.ThreadPoolExecutor$Worker.run(ThreadPoolExecutor.java:624)
	at java.lang.Thread.run(Thread.java:750)
Caused by: org.apache.hadoop.hdds.security.x509.exception.CertificateException: Error while signing and storing SCM signed certificate.
	at org.apache.hadoop.hdds.security.x509.certificate.client.DefaultCertificateClient.signAndStoreCertificate(DefaultCertificateClient.java:1286)
	at org.apache.hadoop.hdds.security.x509.certificate.client.DefaultCertificateClient.renewAndStoreKeyAndCertificate(DefaultCertificateClient.java:1083)
	... 8 more
Caused by: org.apache.hadoop.hdds.security.x509.exception.CertificateException: Unable to retrieve certificate chain.
	at org.apache.hadoop.hdds.security.x509.certificate.client.DefaultCertificateClient.signAndStoreCertificate(DefaultCertificateClient.java:1280)
	... 9 more
2023-08-24 06:06:09,000 [om-CertificateRenewerService] INFO  security.OMCertificateClient (DefaultCertificateClient.java:run(1383)) - Current certificate 1616336 needs to be renewed remaining grace period PT0S. Forced renewal due to root ca rotation: false.
2023-08-24 06:06:09,102 [Time-limited test] INFO  utils.SelfSignedCertificate (SelfSignedCertificate.java:generateCertificate(157)) - Certificate 1636381 is issued by CN=localhost,OU=test,O=cluster to CN=localhost,OU=test,O=cluster, valid from Thu Aug 24 06:06:09 UTC 2023 to Thu Aug 24 06:06:29 UTC 2023
2023-08-24 06:06:09,109 [om-CertificateRenewerService] INFO  ozone.OzoneSecurityUtil (OzoneSecurityUtil.java:getValidInetsForCurrentHost(119)) - ip:fe80:0:0:0:6245:bdff:fe7e:9bc0%eth0 not returned.
2023-08-24 06:06:09,109 [om-CertificateRenewerService] INFO  ozone.OzoneSecurityUtil (OzoneSecurityUtil.java:getValidInetsForCurrentHost(116)) - Adding ip:10.1.0.20,host:fv-az582-512.vyw2dcplbgbehesrvt3jseauje.cx.internal.cloudapp.net
2023-08-24 06:06:09,109 [om-CertificateRenewerService] INFO  ozone.OzoneSecurityUtil (OzoneSecurityUtil.java:getValidInetsForCurrentHost(119)) - ip:0:0:0:0:0:0:0:1%lo not returned.
2023-08-24 06:06:09,109 [om-CertificateRenewerService] INFO  ozone.OzoneSecurityUtil (OzoneSecurityUtil.java:getValidInetsForCurrentHost(119)) - ip:127.0.0.1 not returned.
2023-08-24 06:06:09,109 [om-CertificateRenewerService] INFO  security.OMCertificateClient (OMCertificateClient.java:getCSRBuilder(114)) - Creating csr for OM->dns:fv-az582-512.vyw2dcplbgbehesrvt3jseauje.cx.internal.cloudapp.net,ip:10.1.0.20,scmId:46dcbce5-72b8-4761-806b-418e43f7046c,clusterId:dfd86203-2ac3-4729-af7d-a95f76b8967a,subject:scm@fv-az582-512.vyw2dcplbgbehesrvt3jseauje.cx.internal.cloudapp.net
2023-08-24 06:06:09,112 [om-CertificateRenewerService] INFO  utils.CertificateCodec (CertificateCodec.java:writeCertificate(299)) - Save certificate to /tmp/junit3112147396068780738/junit1072714593535816810/om-meta/om/certs-next/1636381.crt
2023-08-24 06:06:09,112 [om-CertificateRenewerService] INFO  utils.CertificateCodec (CertificateCodec.java:writeCertificate(300)) - Certificate -----BEGIN CERTIFICATE-----
MIIB4DCCAUmgAwIBAgIDGPgdMA0GCSqGSIb3DQEBCwUAMDUxEjAQBgNVBAMMCWxv
Y2FsaG9zdDENMAsGA1UECwwEdGVzdDEQMA4GA1UECgwHY2x1c3RlcjAeFw0yMzA4
MjQwNjA2MDlaFw0yMzA4MjQwNjA2MjlaMDUxEjAQBgNVBAMMCWxvY2FsaG9zdDEN
MAsGA1UECwwEdGVzdDEQMA4GA1UECgwHY2x1c3RlcjCBnzANBgkqhkiG9w0BAQEF
AAOBjQAwgYkCgYEApyzOZQzLYi75YsG616dcJ3F+ZjV4H+bhjXYqp/06eh/H9nYs
QjOhbliQer7KYft4J/kWP0XIJJqnr3QgnxWuN/EjaktXJNhFdFhRxZNj5t1Ngxtl
QG6ddPLOqAs0HP1EwkI//yK5Ru8MxBPARm5ZtLvZikgx9xho8iUPGCatGLkCAwEA
ATANBgkqhkiG9w0BAQsFAAOBgQCKlcjhVaJj+kXs9tu4L9h5PiS2CXRhto3rb9qQ
J4LOg9OdX03YL2xEyTXh0O/d1DlcDGbGhumCNaxjpy8nCq88H81XepSNIAh/gViv
v1GRivmcjEucMtrqf+ltdLpAxEg0nzJBEnfK4jsLuTwKQGZwhN7kZa5s3zfF1xIm
dNzAcw==
-----END CERTIFICATE-----

2023-08-24 06:06:09,112 [om-CertificateRenewerService] INFO  utils.CertificateCodec (CertificateCodec.java:writeCertificate(299)) - Save certificate to /tmp/junit3112147396068780738/junit1072714593535816810/om-meta/om/certs-next/CA-1636381.crt
2023-08-24 06:06:09,112 [om-CertificateRenewerService] INFO  utils.CertificateCodec (CertificateCodec.java:writeCertificate(300)) - Certificate -----BEGIN CERTIFICATE-----
MIIB4DCCAUmgAwIBAgIDGPgdMA0GCSqGSIb3DQEBCwUAMDUxEjAQBgNVBAMMCWxv
Y2FsaG9zdDENMAsGA1UECwwEdGVzdDEQMA4GA1UECgwHY2x1c3RlcjAeFw0yMzA4
MjQwNjA2MDlaFw0yMzA4MjQwNjA2MjlaMDUxEjAQBgNVBAMMCWxvY2FsaG9zdDEN
MAsGA1UECwwEdGVzdDEQMA4GA1UECgwHY2x1c3RlcjCBnzANBgkqhkiG9w0BAQEF
AAOBjQAwgYkCgYEApyzOZQzLYi75YsG616dcJ3F+ZjV4H+bhjXYqp/06eh/H9nYs
QjOhbliQer7KYft4J/kWP0XIJJqnr3QgnxWuN/EjaktXJNhFdFhRxZNj5t1Ngxtl
QG6ddPLOqAs0HP1EwkI//yK5Ru8MxBPARm5ZtLvZikgx9xho8iUPGCatGLkCAwEA
ATANBgkqhkiG9w0BAQsFAAOBgQCKlcjhVaJj+kXs9tu4L9h5PiS2CXRhto3rb9qQ
J4LOg9OdX03YL2xEyTXh0O/d1DlcDGbGhumCNaxjpy8nCq88H81XepSNIAh/gViv
v1GRivmcjEucMtrqf+ltdLpAxEg0nzJBEnfK4jsLuTwKQGZwhN7kZa5s3zfF1xIm
dNzAcw==
-----END CERTIFICATE-----

2023-08-24 06:06:09,113 [om-CertificateRenewerService] INFO  security.OMCertificateClient (DefaultCertificateClient.java:updateCertSerialId(1244)) - Certificate serial ID set to 1636381
2023-08-24 06:06:09,113 [om-CertificateRenewerService] INFO  security.OMCertificateClient (DefaultCertificateClient.java:readCertificateFile(237)) - Added certificate   [0]         Version: 3
         SerialNumber: 1616336
             IssuerDN: CN=localhost,OU=test,O=cluster
           Start Date: Thu Aug 24 06:05:49 UTC 2023
           Final Date: Thu Aug 24 06:06:09 UTC 2023
            SubjectDN: CN=localhost,OU=test,O=cluster
           Public Key: RSA Public Key [ee:c1:2b:d7:95:f3:2d:57:a8:09:74:cb:ab:0a:9b:a6:d5:ec:9c:b0],[56:66:d1:a4]
        modulus: bf1839d5f55333ad05ace0407998e5ab0aeacd6bcaeeaab09722bf4ccba2a08b12fcc2ac85e4d01a9c34d29ad9e988940152082a759abae63015920dffe4f4fb30c48c794c14b97529e87128c8254407fba98c0394b55dfd19dd3d85f5efadea6071032b9618fc5a1f3b56c8b74f9de4a0d2c1b7103e9709ab42f6e75ffc44aec568b8f28a620d3abc65b159cef2411a712ae2e60ee1583a74f550b84f972c3387dc655fc6e95885099ba25c20263d3e070cccaca4c34aea1733db743a75e562c53a818ebd755e537fbf88c2f56d331ef139976b18ee173bf3076263bb75e2623bcb0e3c6bd59e10a855d20245f37e6610be08ba84a37e9c82af389add369035
public exponent: 10001

  Signature Algorithm: SHA256WITHRSA
            Signature: 495b9d12650a4c756dabcd28608de92cf8ff970c
                       2ce6cd0298f3d941089525c387974fe0c84e08a7
                       c7fa61ebf97b5af7a92e58f738dfc49918ba08af
                       a44f2d214dc7ae930c11f6cf9d6c16a8d2873282
                       a61a767f0032404b5de3cc687d9545755fe029e1
                       7f05d9725d62bd7d26a84722941db22548bb5cd5
                       25f57ecce42aa0c1e97ea170cf0a46ab8a0e6fe5
                       482333fd906302c09b15b80144316c713400be39
                       3f949de4e4ef39417c6152e10523fdfd9cd7f365
                       5e7b5e745a5aac5ba6bc7dfbaf1fe749252829c8
                       18c7b9b2341df054c64d74dbcaa97dc14e2fc87e
                       781ede5d8a7ef743954888ee6775ce8869de52e6
                       c417a6e0417b0a488f8f384ee6c34ae5
 from file: /tmp/junit3112147396068780738/junit1072714593535816810/om-meta/om/certs/certificate.crt.
2023-08-24 06:06:09,114 [om-CertificateRenewerService] INFO  security.OMCertificateClient (DefaultCertificateClient.java:renewAndStoreKeyAndCertificate(1162)) - Successful renew key and certificate. New certificate 1636381.
2023-08-24 06:06:09,114 [om-CertificateRenewerService] INFO  security.OMCertificateClient (DefaultCertificateClient.java:updateCertSerialId(1244)) - Certificate serial ID set to 1636381
2023-08-24 06:06:09,114 [om-CertificateRenewerService] INFO  security.OMCertificateClient (DefaultCertificateClient.java:readCertificateFile(237)) - Added certificate   [0]         Version: 3
         SerialNumber: 1636381
             IssuerDN: CN=localhost,OU=test,O=cluster
           Start Date: Thu Aug 24 06:06:09 UTC 2023
           Final Date: Thu Aug 24 06:06:29 UTC 2023
            SubjectDN: CN=localhost,OU=test,O=cluster
           Public Key: RSA Public Key [99:be:35:2c:77:45:5b:5e:3a:cd:28:79:96:cc:39:da:29:a2:38:3f],[56:66:d1:a4]
        modulus: a72cce650ccb622ef962c1bad7a75c27717e6635781fe6e18d762aa7fd3a7a1fc7f6762c4233a16e58907abeca61fb7827f9163f45c8249aa7af74209f15ae37f1236a4b5724d845745851c59363e6dd4d831b65406e9d74f2cea80b341cfd44c2423fff22b946ef0cc413c0466e59b4bbd98a4831f71868f2250f1826ad18b9
public exponent: 10001

  Signature Algorithm: SHA256WITHRSA
            Signature: 8a95c8e155a263fa45ecf6dbb82fd8793e24b609
                       7461b68deb6fda902782ce83d39d5f4dd82f6c44
                       c935e1d0efddd4395c0c66c686e98235ac63a72f
                       270aaf3c1fcd577a948d20087f8158afbf51918a
                       f99c8c4b9c32daea7fe96d74ba40c448349f3241
                       1277cae23b0bb93c0a40667084dee465ae6cdf37
                       c5d7122674dcc073
 from file: /tmp/junit3112147396068780738/junit1072714593535816810/om-meta/om/certs/CA-1636381.crt.
2023-08-24 06:06:09,115 [om-CertificateRenewerService] INFO  security.OMCertificateClient (DefaultCertificateClient.java:readCertificateFile(237)) - Added certificate   [0]         Version: 3
         SerialNumber: 1636381
             IssuerDN: CN=localhost,OU=test,O=cluster
           Start Date: Thu Aug 24 06:06:09 UTC 2023
           Final Date: Thu Aug 24 06:06:29 UTC 2023
            SubjectDN: CN=localhost,OU=test,O=cluster
           Public Key: RSA Public Key [99:be:35:2c:77:45:5b:5e:3a:cd:28:79:96:cc:39:da:29:a2:38:3f],[56:66:d1:a4]
        modulus: a72cce650ccb622ef962c1bad7a75c27717e6635781fe6e18d762aa7fd3a7a1fc7f6762c4233a16e58907abeca61fb7827f9163f45c8249aa7af74209f15ae37f1236a4b5724d845745851c59363e6dd4d831b65406e9d74f2cea80b341cfd44c2423fff22b946ef0cc413c0466e59b4bbd98a4831f71868f2250f1826ad18b9
public exponent: 10001

  Signature Algorithm: SHA256WITHRSA
            Signature: 8a95c8e155a263fa45ecf6dbb82fd8793e24b609
                       7461b68deb6fda902782ce83d39d5f4dd82f6c44
                       c935e1d0efddd4395c0c66c686e98235ac63a72f
                       270aaf3c1fcd577a948d20087f8158afbf51918a
                       f99c8c4b9c32daea7fe96d74ba40c448349f3241
                       1277cae23b0bb93c0a40667084dee465ae6cdf37
                       c5d7122674dcc073
 from file: /tmp/junit3112147396068780738/junit1072714593535816810/om-meta/om/certs/1636381.crt.
2023-08-24 06:06:09,115 [om-CertificateRenewerService] INFO  security.OMCertificateClient (DefaultCertificateClient.java:reloadKeyAndCertificate(1232)) - Reset and reloaded key and all certificates for new certificate 1636381.
2023-08-24 06:06:10,111 [Time-limited test] INFO  impl.DefaultInternalKdcServerImpl (DefaultInternalKdcServerImpl.java:doStop(102)) - Default Internal kdc server stopped.
2023-08-24 06:06:11,114 [Time-limited test] INFO  minikdc.MiniKdc (MiniKdc.java:stop(359)) - MiniKdc stopped.
]]></system-out>
  </testcase>
  <testcase name="testSecureOMInitializationFailure" classname="org.apache.hadoop.ozone.TestSecureOzoneCluster" time="3.509">
    <system-out><![CDATA[2023-08-24 06:06:11,134 [Time-limited test] INFO  net.ServerSocketUtil (ServerSocketUtil.java:getPort(55)) - Using port 9860
2023-08-24 06:06:11,134 [Time-limited test] INFO  net.ServerSocketUtil (ServerSocketUtil.java:getPort(55)) - Using port 9861
2023-08-24 06:06:11,134 [Time-limited test] INFO  net.ServerSocketUtil (ServerSocketUtil.java:getPort(55)) - Using port 9863
2023-08-24 06:06:11,134 [Time-limited test] INFO  net.ServerSocketUtil (ServerSocketUtil.java:getPort(55)) - Using port 9961
2023-08-24 06:06:11,134 [Time-limited test] INFO  net.ServerSocketUtil (ServerSocketUtil.java:getPort(55)) - Using port 1200
2023-08-24 06:06:11,135 [Time-limited test] INFO  net.ServerSocketUtil (ServerSocketUtil.java:getPort(55)) - Using port 1201
2023-08-24 06:06:11,135 [Time-limited test] INFO  minikdc.MiniKdc (MiniKdc.java:<init>(225)) - Configuration:
2023-08-24 06:06:11,135 [Time-limited test] INFO  minikdc.MiniKdc (MiniKdc.java:<init>(226)) - ---------------------------------------------------------------
2023-08-24 06:06:11,135 [Time-limited test] INFO  minikdc.MiniKdc (MiniKdc.java:<init>(228)) -   debug: false
2023-08-24 06:06:11,135 [Time-limited test] INFO  minikdc.MiniKdc (MiniKdc.java:<init>(228)) -   transport: TCP
2023-08-24 06:06:11,135 [Time-limited test] INFO  minikdc.MiniKdc (MiniKdc.java:<init>(228)) -   max.ticket.lifetime: 86400000
2023-08-24 06:06:11,135 [Time-limited test] INFO  minikdc.MiniKdc (MiniKdc.java:<init>(228)) -   org.name: EXAMPLE
2023-08-24 06:06:11,135 [Time-limited test] INFO  minikdc.MiniKdc (MiniKdc.java:<init>(228)) -   kdc.port: 0
2023-08-24 06:06:11,135 [Time-limited test] INFO  minikdc.MiniKdc (MiniKdc.java:<init>(228)) -   org.domain: COM
2023-08-24 06:06:11,135 [Time-limited test] INFO  minikdc.MiniKdc (MiniKdc.java:<init>(228)) -   max.renewable.lifetime: 604800000
2023-08-24 06:06:11,135 [Time-limited test] INFO  minikdc.MiniKdc (MiniKdc.java:<init>(228)) -   instance: DefaultKrbServer
2023-08-24 06:06:11,135 [Time-limited test] INFO  minikdc.MiniKdc (MiniKdc.java:<init>(228)) -   kdc.bind.address: localhost
2023-08-24 06:06:11,135 [Time-limited test] INFO  minikdc.MiniKdc (MiniKdc.java:<init>(230)) - ---------------------------------------------------------------
2023-08-24 06:06:11,137 [Time-limited test] INFO  minikdc.MiniKdc (MiniKdc.java:start(285)) - MiniKdc started.
2023-08-24 06:06:11,283 [Time-limited test] INFO  om.OzoneManager (OzoneManager.java:getOmDetailsProto(4552)) - OzoneManager ports added:[name: "RPC"
value: 1202
]
2023-08-24 06:06:11,284 [Time-limited test] WARN  server.ServerUtils (ServerUtils.java:getScmDbDir(155)) - ozone.scm.db.dirs is not configured. We recommend adding this setting. Falling back to ozone.metadata.dirs instead.
2023-08-24 06:06:11,284 [Time-limited test] INFO  ha.HASecurityUtils (HASecurityUtils.java:initializeSecurity(98)) - Initializing secure StorageContainerManager.
2023-08-24 06:06:11,285 [Time-limited test] INFO  client.SCMCertificateClient (DefaultCertificateClient.java:updateCertSerialId(1244)) - Certificate serial ID set to null
2023-08-24 06:06:11,285 [Time-limited test] ERROR client.SCMCertificateClient (DefaultCertificateClient.java:getCertPath(362)) - Default certificate serial id is not set. Can't locate the default certificate for this client.
2023-08-24 06:06:11,285 [Time-limited test] INFO  client.SCMCertificateClient (DefaultCertificateClient.java:init(715)) - Certificate client init case: 0
2023-08-24 06:06:11,285 [Time-limited test] INFO  client.SCMCertificateClient (SCMCertificateClient.java:handleCase(103)) - Creating keypair for client as keypair and certificate not found.
2023-08-24 06:06:11,406 [Time-limited test] INFO  ha.HASecurityUtils (HASecurityUtils.java:initializeSecurity(108)) - Init response: GETCERT
2023-08-24 06:06:11,488 [Time-limited test] INFO  ozone.OzoneSecurityUtil (OzoneSecurityUtil.java:getValidInetsForCurrentHost(119)) - ip:fe80:0:0:0:6245:bdff:fe7e:9bc0%eth0 not returned.
2023-08-24 06:06:11,488 [Time-limited test] INFO  ozone.OzoneSecurityUtil (OzoneSecurityUtil.java:getValidInetsForCurrentHost(116)) - Adding ip:10.1.0.20,host:fv-az582-512.vyw2dcplbgbehesrvt3jseauje.cx.internal.cloudapp.net
2023-08-24 06:06:11,488 [Time-limited test] INFO  ozone.OzoneSecurityUtil (OzoneSecurityUtil.java:getValidInetsForCurrentHost(119)) - ip:0:0:0:0:0:0:0:1%lo not returned.
2023-08-24 06:06:11,488 [Time-limited test] INFO  ozone.OzoneSecurityUtil (OzoneSecurityUtil.java:getValidInetsForCurrentHost(119)) - ip:127.0.0.1 not returned.
2023-08-24 06:06:11,491 [Time-limited test] INFO  utils.SelfSignedCertificate (SelfSignedCertificate.java:generateCertificate(157)) - Certificate 1 is issued by CN=scm-1@fv-az582-512,OU=b38d9364-c755-4aa2-b802-b4e3ca7366f2,O=3503e7c6-4d35-46d4-a228-a5f71abd264c to CN=scm-1@fv-az582-512,OU=b38d9364-c755-4aa2-b802-b4e3ca7366f2,O=3503e7c6-4d35-46d4-a228-a5f71abd264c, valid from Thu Aug 24 06:06:11 UTC 2023 to Sun Oct 01 06:06:11 UTC 2028
2023-08-24 06:06:11,492 [Time-limited test] INFO  utils.CertificateCodec (CertificateCodec.java:writeCertificate(299)) - Save certificate to /tmp/junit1148931963609734067/junit8775161167867531401/scm-meta/scm/ca/certs/certificate.crt
2023-08-24 06:06:11,492 [Time-limited test] INFO  utils.CertificateCodec (CertificateCodec.java:writeCertificate(300)) - Certificate -----BEGIN CERTIFICATE-----
MIID5zCCAs+gAwIBAgIBATANBgkqhkiG9w0BAQsFADB7MRswGQYDVQQDDBJzY20t
MUBmdi1hejU4Mi01MTIxLTArBgNVBAsMJGIzOGQ5MzY0LWM3NTUtNGFhMi1iODAy
LWI0ZTNjYTczNjZmMjEtMCsGA1UECgwkMzUwM2U3YzYtNGQzNS00NmQ0LWEyMjgt
YTVmNzFhYmQyNjRjMB4XDTIzMDgyNDA2MDYxMVoXDTI4MTAwMTA2MDYxMVowezEb
MBkGA1UEAwwSc2NtLTFAZnYtYXo1ODItNTEyMS0wKwYDVQQLDCRiMzhkOTM2NC1j
NzU1LTRhYTItYjgwMi1iNGUzY2E3MzY2ZjIxLTArBgNVBAoMJDM1MDNlN2M2LTRk
MzUtNDZkNC1hMjI4LWE1ZjcxYWJkMjY0YzCCASIwDQYJKoZIhvcNAQEBBQADggEP
ADCCAQoCggEBALUoEDKO8zb3L+BpzKmAyf1sIiH4E53YTO7T1+9prL73lw9x3Sd6
K9JdB3vuDYxHRC9mfeNYJWrBsZTD34L8GYaSEszg+qcq8PCpIXlfgH9IT6TuCqoy
mC6aQktx/PISmWURPftLrdYEg2rMw8GVezjUU/lad68c3enmfinYJwRTpSKZ/uP0
hyZtBlBdfQIQD2G0suTsrpOC/joXveJSye3oEDD0tgjMBag40z2JlHrYIwo3ehde
TdHS0bDPMn8JEvTB5xu7B9q0UiUb4fSBMRbXwxCpJWowwX9Mfj8QT+CmEif55wW5
04HLdfiI1y2WdcTQ8SnALzc1st3Iz1JZ/isCAwEAAaN2MHQwDwYDVR0TAQH/BAUw
AwEB/zAOBgNVHQ8BAf8EBAMCAQYwUQYDVR0RBEowSIcECgEAFIJAZnYtYXo1ODIt
NTEyLnZ5dzJkY3BsYmdiZWhlc3J2dDNqc2VhdWplLmN4LmludGVybmFsLmNsb3Vk
YXBwLm5ldDANBgkqhkiG9w0BAQsFAAOCAQEAmvcm8GJE/vlOzJVMKLms1mLewefb
ue66qdzFglmM0z0RbrfYOBD0uTXmSML/y3DhllJAflhjvVmt4csBRiG4Jk7C0pN1
729DK7qJ/heUOvlBW29+83kfyvUvri9eJh8RiIIhqAFJtQ5Ozu++l2PMn7a0t1dH
g4OZDugI3k8vw/pKzm0vv3X9s0N4+LDqWZhX3cE+K8V1orDjHNmkQNwwVOY4XJup
pb2Cxd8eJD5uTSmdO2sksTUR1PcU/IP+thepCA1bZPI+ZR/Xz4LfGS9lWJyoZumC
augvPw82cGyQwTGC/Z/3k52rEubqDtoeTy+KY9Z84qpRkxFyw6TjbeeBGA==
-----END CERTIFICATE-----

2023-08-24 06:06:11,492 [Time-limited test] INFO  client.SCMCertificateClient (SCMCertificateClient.java:getCSRBuilder(165)) - Creating csr for SCM->hostName:fv-az582-512,scmId:b38d9364-c755-4aa2-b802-b4e3ca7366f2,clusterId:3503e7c6-4d35-46d4-a228-a5f71abd264c,subject:scm-sub-1638773494413@fv-az582-512
2023-08-24 06:06:11,493 [Time-limited test] INFO  ozone.OzoneSecurityUtil (OzoneSecurityUtil.java:getValidInetsForCurrentHost(119)) - ip:fe80:0:0:0:6245:bdff:fe7e:9bc0%eth0 not returned.
2023-08-24 06:06:11,493 [Time-limited test] INFO  ozone.OzoneSecurityUtil (OzoneSecurityUtil.java:getValidInetsForCurrentHost(116)) - Adding ip:10.1.0.20,host:fv-az582-512.vyw2dcplbgbehesrvt3jseauje.cx.internal.cloudapp.net
2023-08-24 06:06:11,493 [Time-limited test] INFO  ozone.OzoneSecurityUtil (OzoneSecurityUtil.java:getValidInetsForCurrentHost(119)) - ip:0:0:0:0:0:0:0:1%lo not returned.
2023-08-24 06:06:11,493 [Time-limited test] INFO  ozone.OzoneSecurityUtil (OzoneSecurityUtil.java:getValidInetsForCurrentHost(119)) - ip:127.0.0.1 not returned.
2023-08-24 06:06:11,493 [Time-limited test] INFO  ha.HASecurityUtils (HASecurityUtils.java:generateCSR(308)) - Creating csr for SCM->hostName:fv-az582-512,scmId:b38d9364-c755-4aa2-b802-b4e3ca7366f2,clusterId:3503e7c6-4d35-46d4-a228-a5f71abd264c,subject:scm-sub-1638774022708@fv-az582-512
2023-08-24 06:06:11,496 [Time-limited test] INFO  authority.DefaultApprover (DefaultApprover.java:sign(154)) - Extensions in CSR: 2.5.29.19, 2.5.29.15, 2.5.29.17
2023-08-24 06:06:11,496 [Time-limited test] INFO  authority.DefaultApprover (DefaultApprover.java:sign(158)) - Extensions to add to the certificate if they present in CSR: 2.5.29.17, 2.5.29.19, 1.3.6.1.5.5.7.1.12, 2.5.29.35, 2.5.29.37, 2.5.29.15
2023-08-24 06:06:11,500 [Time-limited test] INFO  utils.CertificateCodec (CertificateCodec.java:writeCertificate(299)) - Save certificate to /tmp/junit1148931963609734067/junit8775161167867531401/scm-meta/scm/sub-ca/certs/CA-1.crt
2023-08-24 06:06:11,500 [Time-limited test] INFO  utils.CertificateCodec (CertificateCodec.java:writeCertificate(300)) - Certificate -----BEGIN CERTIFICATE-----
MIID5zCCAs+gAwIBAgIBATANBgkqhkiG9w0BAQsFADB7MRswGQYDVQQDDBJzY20t
MUBmdi1hejU4Mi01MTIxLTArBgNVBAsMJGIzOGQ5MzY0LWM3NTUtNGFhMi1iODAy
LWI0ZTNjYTczNjZmMjEtMCsGA1UECgwkMzUwM2U3YzYtNGQzNS00NmQ0LWEyMjgt
YTVmNzFhYmQyNjRjMB4XDTIzMDgyNDA2MDYxMVoXDTI4MTAwMTA2MDYxMVowezEb
MBkGA1UEAwwSc2NtLTFAZnYtYXo1ODItNTEyMS0wKwYDVQQLDCRiMzhkOTM2NC1j
NzU1LTRhYTItYjgwMi1iNGUzY2E3MzY2ZjIxLTArBgNVBAoMJDM1MDNlN2M2LTRk
MzUtNDZkNC1hMjI4LWE1ZjcxYWJkMjY0YzCCASIwDQYJKoZIhvcNAQEBBQADggEP
ADCCAQoCggEBALUoEDKO8zb3L+BpzKmAyf1sIiH4E53YTO7T1+9prL73lw9x3Sd6
K9JdB3vuDYxHRC9mfeNYJWrBsZTD34L8GYaSEszg+qcq8PCpIXlfgH9IT6TuCqoy
mC6aQktx/PISmWURPftLrdYEg2rMw8GVezjUU/lad68c3enmfinYJwRTpSKZ/uP0
hyZtBlBdfQIQD2G0suTsrpOC/joXveJSye3oEDD0tgjMBag40z2JlHrYIwo3ehde
TdHS0bDPMn8JEvTB5xu7B9q0UiUb4fSBMRbXwxCpJWowwX9Mfj8QT+CmEif55wW5
04HLdfiI1y2WdcTQ8SnALzc1st3Iz1JZ/isCAwEAAaN2MHQwDwYDVR0TAQH/BAUw
AwEB/zAOBgNVHQ8BAf8EBAMCAQYwUQYDVR0RBEowSIcECgEAFIJAZnYtYXo1ODIt
NTEyLnZ5dzJkY3BsYmdiZWhlc3J2dDNqc2VhdWplLmN4LmludGVybmFsLmNsb3Vk
YXBwLm5ldDANBgkqhkiG9w0BAQsFAAOCAQEAmvcm8GJE/vlOzJVMKLms1mLewefb
ue66qdzFglmM0z0RbrfYOBD0uTXmSML/y3DhllJAflhjvVmt4csBRiG4Jk7C0pN1
729DK7qJ/heUOvlBW29+83kfyvUvri9eJh8RiIIhqAFJtQ5Ozu++l2PMn7a0t1dH
g4OZDugI3k8vw/pKzm0vv3X9s0N4+LDqWZhX3cE+K8V1orDjHNmkQNwwVOY4XJup
pb2Cxd8eJD5uTSmdO2sksTUR1PcU/IP+thepCA1bZPI+ZR/Xz4LfGS9lWJyoZumC
augvPw82cGyQwTGC/Z/3k52rEubqDtoeTy+KY9Z84qpRkxFyw6TjbeeBGA==
-----END CERTIFICATE-----

2023-08-24 06:06:11,500 [Time-limited test] INFO  utils.CertificateCodec (CertificateCodec.java:writeCertificate(299)) - Save certificate to /tmp/junit1148931963609734067/junit8775161167867531401/scm-meta/scm/sub-ca/certs/1638777295777.crt
2023-08-24 06:06:11,500 [Time-limited test] INFO  utils.CertificateCodec (CertificateCodec.java:writeCertificate(300)) - Certificate -----BEGIN CERTIFICATE-----
MIID/TCCAuWgAwIBAgIGAX2OvROhMA0GCSqGSIb3DQEBCwUAMHsxGzAZBgNVBAMM
EnNjbS0xQGZ2LWF6NTgyLTUxMjEtMCsGA1UECwwkYjM4ZDkzNjQtYzc1NS00YWEy
LWI4MDItYjRlM2NhNzM2NmYyMS0wKwYDVQQKDCQzNTAzZTdjNi00ZDM1LTQ2ZDQt
YTIyOC1hNWY3MWFiZDI2NGMwHhcNMjMwODI0MDYwNjExWhcNMjgxMDAxMDYwNjEx
WjCBizErMCkGA1UEAwwic2NtLXN1Yi0xNjM4Nzc0MDIyNzA4QGZ2LWF6NTgyLTUx
MjEtMCsGA1UECwwkYjM4ZDkzNjQtYzc1NS00YWEyLWI4MDItYjRlM2NhNzM2NmYy
MS0wKwYDVQQKDCQzNTAzZTdjNi00ZDM1LTQ2ZDQtYTIyOC1hNWY3MWFiZDI2NGMw
ggEiMA0GCSqGSIb3DQEBAQUAA4IBDwAwggEKAoIBAQC58+XA39PZQPqwsU3cHEFr
Bk77i/rDhnPegzJjAH5cJkvncO4LTmQYlGyclvutkV5Oy7PT4Q39Tzm+iwJFYMVP
c+NshxIyqg+CszO9w/+NHkRaLV70zosSDc6mOZLH/9csBYTlA8BTOVDN+G4IV7Vv
C16OuNgKlghXuqo3TB9Nv/etX8b7XtWfHeHyQeqAcC1HTCz4gol5yH2/0X1wzT0s
CNZAbLOSIfpRgcH2XZyqGsuZ5pEfIw5o8i97gPW963YL+piLq0Q70aKSFoSJHJ5G
BCFBZNd20YQTC1IoLm2k0mBOrcOQ/vCxAtxFke0MCmqHKvwpjcptiL3txHpAIScn
AgMBAAGjdjB0MFEGA1UdEQRKMEiHBAoBABSCQGZ2LWF6NTgyLTUxMi52eXcyZGNw
bGJnYmVoZXNydnQzanNlYXVqZS5jeC5pbnRlcm5hbC5jbG91ZGFwcC5uZXQwDwYD
VR0TAQH/BAUwAwEB/zAOBgNVHQ8BAf8EBAMCAb4wDQYJKoZIhvcNAQELBQADggEB
AKVuZS89dXsrPtsQc3Gdcj7G+NwYg+50KvOOI1vhmvIlp2n62FvRtPpxQe7e5iQf
NrJ3p9yDhnzzCpGQd3NOspB3tgZE8JkE7MZ7290mRMnzJGIIRuh0ErS+o16CY+CC
un9WqqZiE0JdpCZvDPd76MhqZLtBWJPD6mmv/e+C/4SiHFAwAexfEH7wcKp/1r8X
gfSyqMRd5zVc629Qi6Tyt0rXEYmZnTd448yIFwYdtxv133xPCsY6aDxZCzfzH/tc
+6MuTn8iC4QN5AC1DhEEMmK2Q0QoDcXiUaaUIrKSdHvOvVRcElAbDTgG6yCTodKk
9HJf2ljfPQnI05y+DfFLK34=
-----END CERTIFICATE-----

-----BEGIN CERTIFICATE-----
MIID5zCCAs+gAwIBAgIBATANBgkqhkiG9w0BAQsFADB7MRswGQYDVQQDDBJzY20t
MUBmdi1hejU4Mi01MTIxLTArBgNVBAsMJGIzOGQ5MzY0LWM3NTUtNGFhMi1iODAy
LWI0ZTNjYTczNjZmMjEtMCsGA1UECgwkMzUwM2U3YzYtNGQzNS00NmQ0LWEyMjgt
YTVmNzFhYmQyNjRjMB4XDTIzMDgyNDA2MDYxMVoXDTI4MTAwMTA2MDYxMVowezEb
MBkGA1UEAwwSc2NtLTFAZnYtYXo1ODItNTEyMS0wKwYDVQQLDCRiMzhkOTM2NC1j
NzU1LTRhYTItYjgwMi1iNGUzY2E3MzY2ZjIxLTArBgNVBAoMJDM1MDNlN2M2LTRk
MzUtNDZkNC1hMjI4LWE1ZjcxYWJkMjY0YzCCASIwDQYJKoZIhvcNAQEBBQADggEP
ADCCAQoCggEBALUoEDKO8zb3L+BpzKmAyf1sIiH4E53YTO7T1+9prL73lw9x3Sd6
K9JdB3vuDYxHRC9mfeNYJWrBsZTD34L8GYaSEszg+qcq8PCpIXlfgH9IT6TuCqoy
mC6aQktx/PISmWURPftLrdYEg2rMw8GVezjUU/lad68c3enmfinYJwRTpSKZ/uP0
hyZtBlBdfQIQD2G0suTsrpOC/joXveJSye3oEDD0tgjMBag40z2JlHrYIwo3ehde
TdHS0bDPMn8JEvTB5xu7B9q0UiUb4fSBMRbXwxCpJWowwX9Mfj8QT+CmEif55wW5
04HLdfiI1y2WdcTQ8SnALzc1st3Iz1JZ/isCAwEAAaN2MHQwDwYDVR0TAQH/BAUw
AwEB/zAOBgNVHQ8BAf8EBAMCAQYwUQYDVR0RBEowSIcECgEAFIJAZnYtYXo1ODIt
NTEyLnZ5dzJkY3BsYmdiZWhlc3J2dDNqc2VhdWplLmN4LmludGVybmFsLmNsb3Vk
YXBwLm5ldDANBgkqhkiG9w0BAQsFAAOCAQEAmvcm8GJE/vlOzJVMKLms1mLewefb
ue66qdzFglmM0z0RbrfYOBD0uTXmSML/y3DhllJAflhjvVmt4csBRiG4Jk7C0pN1
729DK7qJ/heUOvlBW29+83kfyvUvri9eJh8RiIIhqAFJtQ5Ozu++l2PMn7a0t1dH
g4OZDugI3k8vw/pKzm0vv3X9s0N4+LDqWZhX3cE+K8V1orDjHNmkQNwwVOY4XJup
pb2Cxd8eJD5uTSmdO2sksTUR1PcU/IP+thepCA1bZPI+ZR/Xz4LfGS9lWJyoZumC
augvPw82cGyQwTGC/Z/3k52rEubqDtoeTy+KY9Z84qpRkxFyw6TjbeeBGA==
-----END CERTIFICATE-----

2023-08-24 06:06:11,501 [Time-limited test] INFO  utils.CertificateCodec (CertificateCodec.java:writeCertificate(299)) - Save certificate to /tmp/junit1148931963609734067/junit8775161167867531401/scm-meta/scm/sub-ca/certs/certificate.crt
2023-08-24 06:06:11,501 [Time-limited test] INFO  utils.CertificateCodec (CertificateCodec.java:writeCertificate(300)) - Certificate -----BEGIN CERTIFICATE-----
MIID/TCCAuWgAwIBAgIGAX2OvROhMA0GCSqGSIb3DQEBCwUAMHsxGzAZBgNVBAMM
EnNjbS0xQGZ2LWF6NTgyLTUxMjEtMCsGA1UECwwkYjM4ZDkzNjQtYzc1NS00YWEy
LWI4MDItYjRlM2NhNzM2NmYyMS0wKwYDVQQKDCQzNTAzZTdjNi00ZDM1LTQ2ZDQt
YTIyOC1hNWY3MWFiZDI2NGMwHhcNMjMwODI0MDYwNjExWhcNMjgxMDAxMDYwNjEx
WjCBizErMCkGA1UEAwwic2NtLXN1Yi0xNjM4Nzc0MDIyNzA4QGZ2LWF6NTgyLTUx
MjEtMCsGA1UECwwkYjM4ZDkzNjQtYzc1NS00YWEyLWI4MDItYjRlM2NhNzM2NmYy
MS0wKwYDVQQKDCQzNTAzZTdjNi00ZDM1LTQ2ZDQtYTIyOC1hNWY3MWFiZDI2NGMw
ggEiMA0GCSqGSIb3DQEBAQUAA4IBDwAwggEKAoIBAQC58+XA39PZQPqwsU3cHEFr
Bk77i/rDhnPegzJjAH5cJkvncO4LTmQYlGyclvutkV5Oy7PT4Q39Tzm+iwJFYMVP
c+NshxIyqg+CszO9w/+NHkRaLV70zosSDc6mOZLH/9csBYTlA8BTOVDN+G4IV7Vv
C16OuNgKlghXuqo3TB9Nv/etX8b7XtWfHeHyQeqAcC1HTCz4gol5yH2/0X1wzT0s
CNZAbLOSIfpRgcH2XZyqGsuZ5pEfIw5o8i97gPW963YL+piLq0Q70aKSFoSJHJ5G
BCFBZNd20YQTC1IoLm2k0mBOrcOQ/vCxAtxFke0MCmqHKvwpjcptiL3txHpAIScn
AgMBAAGjdjB0MFEGA1UdEQRKMEiHBAoBABSCQGZ2LWF6NTgyLTUxMi52eXcyZGNw
bGJnYmVoZXNydnQzanNlYXVqZS5jeC5pbnRlcm5hbC5jbG91ZGFwcC5uZXQwDwYD
VR0TAQH/BAUwAwEB/zAOBgNVHQ8BAf8EBAMCAb4wDQYJKoZIhvcNAQELBQADggEB
AKVuZS89dXsrPtsQc3Gdcj7G+NwYg+50KvOOI1vhmvIlp2n62FvRtPpxQe7e5iQf
NrJ3p9yDhnzzCpGQd3NOspB3tgZE8JkE7MZ7290mRMnzJGIIRuh0ErS+o16CY+CC
un9WqqZiE0JdpCZvDPd76MhqZLtBWJPD6mmv/e+C/4SiHFAwAexfEH7wcKp/1r8X
gfSyqMRd5zVc629Qi6Tyt0rXEYmZnTd448yIFwYdtxv133xPCsY6aDxZCzfzH/tc
+6MuTn8iC4QN5AC1DhEEMmK2Q0QoDcXiUaaUIrKSdHvOvVRcElAbDTgG6yCTodKk
9HJf2ljfPQnI05y+DfFLK34=
-----END CERTIFICATE-----

-----BEGIN CERTIFICATE-----
MIID5zCCAs+gAwIBAgIBATANBgkqhkiG9w0BAQsFADB7MRswGQYDVQQDDBJzY20t
MUBmdi1hejU4Mi01MTIxLTArBgNVBAsMJGIzOGQ5MzY0LWM3NTUtNGFhMi1iODAy
LWI0ZTNjYTczNjZmMjEtMCsGA1UECgwkMzUwM2U3YzYtNGQzNS00NmQ0LWEyMjgt
YTVmNzFhYmQyNjRjMB4XDTIzMDgyNDA2MDYxMVoXDTI4MTAwMTA2MDYxMVowezEb
MBkGA1UEAwwSc2NtLTFAZnYtYXo1ODItNTEyMS0wKwYDVQQLDCRiMzhkOTM2NC1j
NzU1LTRhYTItYjgwMi1iNGUzY2E3MzY2ZjIxLTArBgNVBAoMJDM1MDNlN2M2LTRk
MzUtNDZkNC1hMjI4LWE1ZjcxYWJkMjY0YzCCASIwDQYJKoZIhvcNAQEBBQADggEP
ADCCAQoCggEBALUoEDKO8zb3L+BpzKmAyf1sIiH4E53YTO7T1+9prL73lw9x3Sd6
K9JdB3vuDYxHRC9mfeNYJWrBsZTD34L8GYaSEszg+qcq8PCpIXlfgH9IT6TuCqoy
mC6aQktx/PISmWURPftLrdYEg2rMw8GVezjUU/lad68c3enmfinYJwRTpSKZ/uP0
hyZtBlBdfQIQD2G0suTsrpOC/joXveJSye3oEDD0tgjMBag40z2JlHrYIwo3ehde
TdHS0bDPMn8JEvTB5xu7B9q0UiUb4fSBMRbXwxCpJWowwX9Mfj8QT+CmEif55wW5
04HLdfiI1y2WdcTQ8SnALzc1st3Iz1JZ/isCAwEAAaN2MHQwDwYDVR0TAQH/BAUw
AwEB/zAOBgNVHQ8BAf8EBAMCAQYwUQYDVR0RBEowSIcECgEAFIJAZnYtYXo1ODIt
NTEyLnZ5dzJkY3BsYmdiZWhlc3J2dDNqc2VhdWplLmN4LmludGVybmFsLmNsb3Vk
YXBwLm5ldDANBgkqhkiG9w0BAQsFAAOCAQEAmvcm8GJE/vlOzJVMKLms1mLewefb
ue66qdzFglmM0z0RbrfYOBD0uTXmSML/y3DhllJAflhjvVmt4csBRiG4Jk7C0pN1
729DK7qJ/heUOvlBW29+83kfyvUvri9eJh8RiIIhqAFJtQ5Ozu++l2PMn7a0t1dH
g4OZDugI3k8vw/pKzm0vv3X9s0N4+LDqWZhX3cE+K8V1orDjHNmkQNwwVOY4XJup
pb2Cxd8eJD5uTSmdO2sksTUR1PcU/IP+thepCA1bZPI+ZR/Xz4LfGS9lWJyoZumC
augvPw82cGyQwTGC/Z/3k52rEubqDtoeTy+KY9Z84qpRkxFyw6TjbeeBGA==
-----END CERTIFICATE-----

2023-08-24 06:06:11,501 [Time-limited test] INFO  ha.HASecurityUtils (HASecurityUtils.java:initializeSecurity(121)) - Successfully stored SCM signed certificate.
2023-08-24 06:06:11,505 [Time-limited test] WARN  server.ServerUtils (ServerUtils.java:getScmDbDir(155)) - ozone.scm.db.dirs is not configured. We recommend adding this setting. Falling back to ozone.metadata.dirs instead.
2023-08-24 06:06:11,506 [Time-limited test] INFO  ha.SCMHANodeDetails (SCMHANodeDetails.java:loadSCMHAConfig(210)) - ServiceID for StorageContainerManager is null
2023-08-24 06:06:11,506 [Time-limited test] INFO  ha.SCMHANodeDetails (SCMHANodeDetails.java:loadSCMHAConfig(215)) - ozone.scm.default.service.id is not defined, falling back to ozone.scm.service.ids to find serviceID for StorageContainerManager if it is HA enabled cluster
2023-08-24 06:06:11,508 [pool-456-thread-1] INFO  request.KdcRequest (KdcRequest.java:preauth(651)) - The preauth data is empty.
2023-08-24 06:06:11,509 [pool-456-thread-1] INFO  server.KdcHandler (KdcHandler.java:handleRecoverableException(177)) - KRB error occurred while processing request:Additional pre-authentication required
2023-08-24 06:06:11,516 [pool-456-thread-2] INFO  request.AsRequest (AsRequest.java:issueTicket(112)) - AS_REQ ISSUE: authtime 1692857171516,scm/fv-az582-512.vyw2dcplbgbehesrvt3jseauje.cx.internal.cloudapp.net@EXAMPLE.COM for krbtgt/EXAMPLE.COM@EXAMPLE.COM
2023-08-24 06:06:11,517 [Time-limited test] INFO  security.UserGroupInformation (UserGroupInformation.java:loginUserFromKeytab(1132)) - Login successful for user scm/fv-az582-512.vyw2dcplbgbehesrvt3jseauje.cx.internal.cloudapp.net@EXAMPLE.COM using keytab file scm.keytab. Keytab auto renewal enabled : false
2023-08-24 06:06:11,517 [Time-limited test] INFO  server.StorageContainerManager (StorageContainerManager.java:loginAsSCMUserIfSecurityEnabled(1042)) - SCM login successful.
2023-08-24 06:06:11,518 [Time-limited test] INFO  client.SCMCertificateClient (DefaultCertificateClient.java:updateCertSerialId(1244)) - Certificate serial ID set to 1638777295777
2023-08-24 06:06:11,519 [Time-limited test] INFO  client.SCMCertificateClient (DefaultCertificateClient.java:readCertificateFile(237)) - Added certificate   [0]         Version: 3
         SerialNumber: 1
             IssuerDN: CN=scm-1@fv-az582-512,OU=b38d9364-c755-4aa2-b802-b4e3ca7366f2,O=3503e7c6-4d35-46d4-a228-a5f71abd264c
           Start Date: Thu Aug 24 06:06:11 UTC 2023
           Final Date: Sun Oct 01 06:06:11 UTC 2028
            SubjectDN: CN=scm-1@fv-az582-512,OU=b38d9364-c755-4aa2-b802-b4e3ca7366f2,O=3503e7c6-4d35-46d4-a228-a5f71abd264c
           Public Key: RSA Public Key [a1:4a:be:b2:de:af:6b:f2:f3:05:9c:a7:cf:29:a9:e9:7d:f2:bb:06],[56:66:d1:a4]
        modulus: b52810328ef336f72fe069cca980c9fd6c2221f8139dd84ceed3d7ef69acbef7970f71dd277a2bd25d077bee0d8c47442f667de358256ac1b194c3df82fc19869212cce0faa72af0f0a921795f807f484fa4ee0aaa32982e9a424b71fcf2129965113dfb4badd604836accc3c1957b38d453f95a77af1cdde9e67e29d8270453a52299fee3f487266d06505d7d02100f61b4b2e4ecae9382fe3a17bde252c9ede81030f4b608cc05a838d33d89947ad8230a377a175e4dd1d2d1b0cf327f0912f4c1e71bbb07dab452251be1f4813116d7c310a9256a30c17f4c7e3f104fe0a61227f9e705b9d381cb75f888d72d9675c4d0f129c02f3735b2ddc8cf5259fe2b
public exponent: 10001

  Signature Algorithm: SHA256WITHRSA
            Signature: 9af726f06244fef94ecc954c28b9acd662dec1e7
                       dbb9eebaa9dcc582598cd33d116eb7d83810f4b9
                       35e648c2ffcb70e19652407e5863bd59ade1cb01
                       4621b8264ec2d29375ef6f432bba89fe17943af9
                       415b6f7ef3791fcaf52fae2f5e261f11888221a8
                       0149b50e4eceefbe9763cc9fb6b4b75747838399
                       0ee808de4f2fc3fa4ace6d2fbf75fdb34378f8b0
                       ea599857ddc13e2bc575a2b0e31cd9a440dc3054
                       e6385c9ba9a5bd82c5df1e243e6e4d299d3b6b24
                       b13511d4f714fc83feb617a9080d5b64f23e651f
                       d7cf82df192f65589ca866e9826ae82f3f0f3670
                       6c90c13182fd9ff7939dab12e6ea0eda1e4f2f8a
                       63d67ce2aa51931172c3a4e36de78118
       Extensions: 
                       critical(true) BasicConstraints: isCa(true)
                       critical(true) KeyUsage: 0x6
                       critical(false) 2.5.29.17 value = Sequence
    Tagged [7] IMPLICIT 
        DER Octet String[4] 
    Tagged [2] IMPLICIT 
        DER Octet String[64] 

 from file: /tmp/junit1148931963609734067/junit8775161167867531401/scm-meta/scm/sub-ca/certs/CA-1.crt.
2023-08-24 06:06:11,520 [Time-limited test] INFO  client.SCMCertificateClient (DefaultCertificateClient.java:readCertificateFile(237)) - Added certificate   [0]         Version: 3
         SerialNumber: 1638777295777
             IssuerDN: CN=scm-1@fv-az582-512,OU=b38d9364-c755-4aa2-b802-b4e3ca7366f2,O=3503e7c6-4d35-46d4-a228-a5f71abd264c
           Start Date: Thu Aug 24 06:06:11 UTC 2023
           Final Date: Sun Oct 01 06:06:11 UTC 2028
            SubjectDN: CN=scm-sub-1638774022708@fv-az582-512,OU=b38d9364-c755-4aa2-b802-b4e3ca7366f2,O=3503e7c6-4d35-46d4-a228-a5f71abd264c
           Public Key: RSA Public Key [29:00:03:36:e2:6e:cb:34:3e:77:92:85:93:9f:12:f1:13:a0:b2:82],[56:66:d1:a4]
        modulus: b9f3e5c0dfd3d940fab0b14ddc1c416b064efb8bfac38673de833263007e5c264be770ee0b4e6418946c9c96fbad915e4ecbb3d3e10dfd4f39be8b024560c54f73e36c871232aa0f82b333bdc3ff8d1e445a2d5ef4ce8b120dcea63992c7ffd72c0584e503c0533950cdf86e0857b56f0b5e8eb8d80a960857baaa374c1f4dbff7ad5fc6fb5ed59f1de1f241ea80702d474c2cf8828979c87dbfd17d70cd3d2c08d6406cb39221fa5181c1f65d9caa1acb99e6911f230e68f22f7b80f5bdeb760bfa988bab443bd1a2921684891c9e4604214164d776d184130b52282e6da4d2604eadc390fef0b102dc4591ed0c0a6a872afc298dca6d88bdedc47a40212727
public exponent: 10001

  Signature Algorithm: SHA256WITHRSA
            Signature: a56e652f3d757b2b3edb1073719d723ec6f8dc18
                       83ee742af38e235be19af225a769fad85bd1b4fa
                       7141eedee6241f36b277a7dc83867cf30a919077
                       734eb29077b60644f09904ecc67bdbdd2644c9f3
                       24620846e87412b4bea35e8263e082ba7f56aaa6
                       6213425da4266f0cf77be8c86a64bb415893c3ea
                       69affdef82ff84a21c503001ec5f107ef070aa7f
                       d6bf1781f4b2a8c45de7355ceb6f508ba4f2b74a
                       d71189999d3778e3cc8817061db71bf5df7c4f0a
                       c63a683c590b37f31ffb5cfba32e4e7f220b840d
                       e400b50e11043262b64344280dc5e251a69422b2
                       92747bcebd545c12501b0d3806eb2093a1d2a4f4
                       725fda58df3d09c8d39cbe0df14b2b7e
       Extensions: 
                       critical(false) 2.5.29.17 value = Sequence
    Tagged [7] IMPLICIT 
        DER Octet String[4] 
    Tagged [2] IMPLICIT 
        DER Octet String[64] 

                       critical(true) BasicConstraints: isCa(true)
                       critical(true) KeyUsage: 0xbe
 from file: /tmp/junit1148931963609734067/junit8775161167867531401/scm-meta/scm/sub-ca/certs/1638777295777.crt.
2023-08-24 06:06:11,521 [Time-limited test] INFO  client.SCMCertificateClient (DefaultCertificateClient.java:readCertificateFile(237)) - Added certificate   [0]         Version: 3
         SerialNumber: 1638777295777
             IssuerDN: CN=scm-1@fv-az582-512,OU=b38d9364-c755-4aa2-b802-b4e3ca7366f2,O=3503e7c6-4d35-46d4-a228-a5f71abd264c
           Start Date: Thu Aug 24 06:06:11 UTC 2023
           Final Date: Sun Oct 01 06:06:11 UTC 2028
            SubjectDN: CN=scm-sub-1638774022708@fv-az582-512,OU=b38d9364-c755-4aa2-b802-b4e3ca7366f2,O=3503e7c6-4d35-46d4-a228-a5f71abd264c
           Public Key: RSA Public Key [29:00:03:36:e2:6e:cb:34:3e:77:92:85:93:9f:12:f1:13:a0:b2:82],[56:66:d1:a4]
        modulus: b9f3e5c0dfd3d940fab0b14ddc1c416b064efb8bfac38673de833263007e5c264be770ee0b4e6418946c9c96fbad915e4ecbb3d3e10dfd4f39be8b024560c54f73e36c871232aa0f82b333bdc3ff8d1e445a2d5ef4ce8b120dcea63992c7ffd72c0584e503c0533950cdf86e0857b56f0b5e8eb8d80a960857baaa374c1f4dbff7ad5fc6fb5ed59f1de1f241ea80702d474c2cf8828979c87dbfd17d70cd3d2c08d6406cb39221fa5181c1f65d9caa1acb99e6911f230e68f22f7b80f5bdeb760bfa988bab443bd1a2921684891c9e4604214164d776d184130b52282e6da4d2604eadc390fef0b102dc4591ed0c0a6a872afc298dca6d88bdedc47a40212727
public exponent: 10001

  Signature Algorithm: SHA256WITHRSA
            Signature: a56e652f3d757b2b3edb1073719d723ec6f8dc18
                       83ee742af38e235be19af225a769fad85bd1b4fa
                       7141eedee6241f36b277a7dc83867cf30a919077
                       734eb29077b60644f09904ecc67bdbdd2644c9f3
                       24620846e87412b4bea35e8263e082ba7f56aaa6
                       6213425da4266f0cf77be8c86a64bb415893c3ea
                       69affdef82ff84a21c503001ec5f107ef070aa7f
                       d6bf1781f4b2a8c45de7355ceb6f508ba4f2b74a
                       d71189999d3778e3cc8817061db71bf5df7c4f0a
                       c63a683c590b37f31ffb5cfba32e4e7f220b840d
                       e400b50e11043262b64344280dc5e251a69422b2
                       92747bcebd545c12501b0d3806eb2093a1d2a4f4
                       725fda58df3d09c8d39cbe0df14b2b7e
       Extensions: 
                       critical(false) 2.5.29.17 value = Sequence
    Tagged [7] IMPLICIT 
        DER Octet String[4] 
    Tagged [2] IMPLICIT 
        DER Octet String[64] 

                       critical(true) BasicConstraints: isCa(true)
                       critical(true) KeyUsage: 0xbe
 from file: /tmp/junit1148931963609734067/junit8775161167867531401/scm-meta/scm/sub-ca/certs/certificate.crt.
2023-08-24 06:06:11,521 [Time-limited test] INFO  client.SCMCertificateClient (DefaultCertificateClient.java:loadAllCertificates(191)) - CertificateRenewerService and root ca rotation polling is disabled for scm/sub-ca
2023-08-24 06:06:11,521 [Time-limited test] WARN  utils.HAUtils (HAUtils.java:getMetaDir(339)) - ozone.scm.db.dirs is not configured. We recommend adding this setting. Falling back to ozone.metadata.dirs instead.
2023-08-24 06:06:11,521 [Time-limited test] WARN  db.DBStoreBuilder (DBStoreBuilder.java:applyDBDefinition(166)) - ozone.scm.db.dirs is not configured. We recommend adding this setting. Falling back to ozone.metadata.dirs instead.
2023-08-24 06:06:11,610 [Time-limited test] INFO  net.NodeSchemaLoader (NodeSchemaLoader.java:loadSchemaFromFile(129)) - Loading schema from [jar:file:/home/runner/.m2/repository/org/apache/ozone/hdds-common/1.4.0-SNAPSHOT/hdds-common-1.4.0-SNAPSHOT.jar!/network-topology-default.xml]
2023-08-24 06:06:11,611 [Time-limited test] INFO  net.NodeSchemaLoader (NodeSchemaLoader.java:loadSchema(176)) - Loading network topology layer schema file
2023-08-24 06:06:11,613 [Time-limited test] INFO  upgrade.AbstractLayoutVersionManager (AbstractLayoutVersionManager.java:init(83)) - Initializing Layout version manager with metadata layout = HADOOP_PRC_PORTS_IN_DATANODEDETAILS (version = 7), software layout = HADOOP_PRC_PORTS_IN_DATANODEDETAILS (version = 7)
2023-08-24 06:06:11,614 [Time-limited test] INFO  ha.SequenceIdGenerator (SequenceIdGenerator.java:upgradeToSequenceId(365)) - upgrade localId to 111677748019200000
2023-08-24 06:06:11,615 [Time-limited test] INFO  ha.SequenceIdGenerator (SequenceIdGenerator.java:upgradeToSequenceId(375)) - upgrade delTxnId to 0
2023-08-24 06:06:11,615 [Time-limited test] INFO  ha.SequenceIdGenerator (SequenceIdGenerator.java:upgradeToSequenceId(392)) - upgrade containerId to 0
2023-08-24 06:06:11,616 [Time-limited test] INFO  ha.SequenceIdGenerator (SequenceIdGenerator.java:upgradeToSequenceId(428)) - upgrade rootCertificateId to 1
2023-08-24 06:06:11,616 [Time-limited test] INFO  ha.SequenceIdGenerator (SequenceIdGenerator.java:<init>(236)) - Init the HA SequenceIdGenerator.
2023-08-24 06:06:11,616 [Time-limited test] INFO  node.SCMNodeManager (SCMNodeManager.java:<init>(157)) - Entering startup safe mode.
2023-08-24 06:06:11,617 [Time-limited test] INFO  algorithms.ContainerPlacementPolicyFactory (ContainerPlacementPolicyFactory.java:getPolicyInternal(86)) - Create container placement policy of type org.apache.hadoop.hdds.scm.container.placement.algorithms.SCMContainerPlacementRackAware
2023-08-24 06:06:11,617 [Time-limited test] INFO  algorithms.ContainerPlacementPolicyFactory (ContainerPlacementPolicyFactory.java:getPolicyInternal(86)) - Create container placement policy of type org.apache.hadoop.hdds.scm.container.placement.algorithms.SCMContainerPlacementRackScatter
2023-08-24 06:06:11,617 [Time-limited test] INFO  pipeline.PipelineStateManagerImpl (PipelineStateManagerImpl.java:initialize(78)) - No pipeline exists in current db
2023-08-24 06:06:11,617 [Time-limited test] INFO  algorithms.LeaderChoosePolicyFactory (LeaderChoosePolicyFactory.java:getPolicy(57)) - Create leader choose policy of type org.apache.hadoop.hdds.scm.pipeline.leader.choose.algorithms.MinLeaderCountChoosePolicy
2023-08-24 06:06:11,617 [Time-limited test] INFO  algorithms.ContainerPlacementPolicyFactory (ContainerPlacementPolicyFactory.java:getPolicyInternal(86)) - Create container placement policy of type org.apache.hadoop.hdds.scm.container.placement.algorithms.SCMContainerPlacementRackScatter
2023-08-24 06:06:11,617 [Time-limited test] INFO  ha.SCMServiceManager (SCMServiceManager.java:register(42)) - Registering service BackgroundPipelineCreator.
2023-08-24 06:06:11,617 [Time-limited test] INFO  pipeline.BackgroundPipelineCreator (BackgroundPipelineCreator.java:start(124)) - Starting RatisPipelineUtilsThread.
2023-08-24 06:06:11,618 [Time-limited test] INFO  BackgroundPipelineScrubber (BackgroundSCMService.java:start(68)) - Starting BackgroundPipelineScrubber Service.
2023-08-24 06:06:11,618 [Time-limited test] INFO  ha.SCMServiceManager (SCMServiceManager.java:register(42)) - Registering service BackgroundPipelineScrubber.
2023-08-24 06:06:11,618 [Time-limited test] INFO  ExpiredContainerReplicaOpScrubber (BackgroundSCMService.java:start(68)) - Starting ExpiredContainerReplicaOpScrubber Service.
2023-08-24 06:06:11,618 [Time-limited test] INFO  ha.SCMServiceManager (SCMServiceManager.java:register(42)) - Registering service ExpiredContainerReplicaOpScrubber.
2023-08-24 06:06:11,619 [Time-limited test] INFO  algorithms.PipelineChoosePolicyFactory (PipelineChoosePolicyFactory.java:createPipelineChoosePolicyFromClass(78)) - Create pipeline choose policy of type org.apache.hadoop.hdds.scm.pipeline.choose.algorithms.RandomPipelineChoosePolicy
2023-08-24 06:06:11,619 [Time-limited test] INFO  algorithms.PipelineChoosePolicyFactory (PipelineChoosePolicyFactory.java:createPipelineChoosePolicyFromClass(78)) - Create pipeline choose policy of type org.apache.hadoop.hdds.scm.pipeline.choose.algorithms.RandomPipelineChoosePolicy
2023-08-24 06:06:11,619 [Time-limited test] INFO  ha.SCMServiceManager (SCMServiceManager.java:register(42)) - Registering service SCMBlockDeletingService.
2023-08-24 06:06:11,620 [Time-limited test] INFO  replication.ReplicationManager (ReplicationManager.java:start(287)) - Starting Replication Monitor Thread.
2023-08-24 06:06:11,625 [Time-limited test] INFO  ha.SCMServiceManager (SCMServiceManager.java:register(42)) - Registering service ReplicationManager.
2023-08-24 06:06:11,625 [Time-limited test] INFO  safemode.ContainerSafeModeRule (ContainerSafeModeRule.java:<init>(90)) - containers with one replica threshold count 0
2023-08-24 06:06:11,626 [Time-limited test] INFO  safemode.HealthyPipelineSafeModeRule (HealthyPipelineSafeModeRule.java:initializeRule(169)) - Total pipeline count is 0, healthy pipeline threshold count is 0
2023-08-24 06:06:11,626 [Time-limited test] INFO  safemode.OneReplicaPipelineSafeModeRule (OneReplicaPipelineSafeModeRule.java:initializeRule(180)) - Total pipeline count is 0, pipeline's with at least one datanode reported threshold count is 0
2023-08-24 06:06:11,627 [Time-limited test] INFO  authority.DefaultCAServer (DefaultCAServer.java:lambda$processVerificationStatus$0(472)) - CertificateServer validation is successful
2023-08-24 06:06:11,628 [Time-limited test] INFO  authority.DefaultCAServer (DefaultCAServer.java:lambda$processVerificationStatus$0(472)) - CertificateServer validation is successful
2023-08-24 06:06:11,628 [Time-limited test] INFO  server.StorageContainerManager (StorageContainerManager.java:persistPrimarySCMCerts(932)) - Storing sub-ca certificate serialId 1638777295777 on primary SCM
2023-08-24 06:06:11,629 [Time-limited test] INFO  server.SCMCertStore (SCMCertStore.java:storeValidScmCertificate(122)) - Scm certificate 1638777295777 for CN=scm-sub-1638774022708@fv-az582-512,OU=b38d9364-c755-4aa2-b802-b4e3ca7366f2,O=3503e7c6-4d35-46d4-a228-a5f71abd264c is stored
2023-08-24 06:06:11,629 [Time-limited test] INFO  server.StorageContainerManager (StorageContainerManager.java:persistPrimarySCMCerts(940)) - Storing root certificate serialId 1
2023-08-24 06:06:11,629 [Time-limited test] INFO  server.SCMCertStore (SCMCertStore.java:storeValidScmCertificate(122)) - Scm certificate 1 for CN=scm-1@fv-az582-512,OU=b38d9364-c755-4aa2-b802-b4e3ca7366f2,O=3503e7c6-4d35-46d4-a228-a5f71abd264c is stored
2023-08-24 06:06:11,629 [Time-limited test] INFO  ipc.CallQueueManager (CallQueueManager.java:<init>(90)) - Using callQueue: class java.util.concurrent.LinkedBlockingQueue, queueCapacity: 200, scheduler: class org.apache.hadoop.ipc.DefaultRpcScheduler, ipcBackoff: false.
2023-08-24 06:06:11,630 [Time-limited test] INFO  ipc.Server (Server.java:<init>(1287)) - Listener at 0.0.0.0:9961
2023-08-24 06:06:11,632 [Socket Reader #1 for port 9961] INFO  ipc.Server (Server.java:run(1323)) - Starting Socket Reader #1 for port 9961
2023-08-24 06:06:11,635 [ReplicationMonitor] INFO  replication.ReplicationManager (ReplicationManager.java:processAll(361)) - Replication Manager is not ready to run until 300000ms after safemode exit
2023-08-24 06:06:11,634 [Time-limited test] INFO  server.StorageContainerManager (StorageContainerManager.java:<init>(425)) - SCM start with adminUsers: [scm/fv-az582-512.vyw2dcplbgbehesrvt3jseauje.cx.internal.cloudapp.net@EXAMPLE.COM, scm]
2023-08-24 06:06:11,639 [Time-limited test] INFO  ipc.CallQueueManager (CallQueueManager.java:<init>(90)) - Using callQueue: class java.util.concurrent.LinkedBlockingQueue, queueCapacity: 10000, scheduler: class org.apache.hadoop.ipc.DefaultRpcScheduler, ipcBackoff: false.
2023-08-24 06:06:11,639 [Time-limited test] INFO  ipc.Server (Server.java:<init>(1287)) - Listener at 0.0.0.0:9861
2023-08-24 06:06:11,639 [Socket Reader #1 for port 9861] INFO  ipc.Server (Server.java:run(1323)) - Starting Socket Reader #1 for port 9861
2023-08-24 06:06:11,641 [Time-limited test] INFO  ipc.CallQueueManager (CallQueueManager.java:<init>(90)) - Using callQueue: class java.util.concurrent.LinkedBlockingQueue, queueCapacity: 10000, scheduler: class org.apache.hadoop.ipc.DefaultRpcScheduler, ipcBackoff: false.
2023-08-24 06:06:11,641 [Time-limited test] INFO  ipc.Server (Server.java:<init>(1287)) - Listener at 0.0.0.0:9863
2023-08-24 06:06:11,641 [Socket Reader #1 for port 9863] INFO  ipc.Server (Server.java:run(1323)) - Starting Socket Reader #1 for port 9863
2023-08-24 06:06:11,647 [Time-limited test] INFO  ipc.CallQueueManager (CallQueueManager.java:<init>(90)) - Using callQueue: class java.util.concurrent.LinkedBlockingQueue, queueCapacity: 10000, scheduler: class org.apache.hadoop.ipc.DefaultRpcScheduler, ipcBackoff: false.
2023-08-24 06:06:11,647 [Time-limited test] INFO  ipc.Server (Server.java:<init>(1287)) - Listener at 0.0.0.0:9860
2023-08-24 06:06:11,647 [Socket Reader #1 for port 9860] INFO  ipc.Server (Server.java:run(1323)) - Starting Socket Reader #1 for port 9860
2023-08-24 06:06:11,662 [Time-limited test] INFO  ha.SCMServiceManager (SCMServiceManager.java:register(42)) - Registering service ContainerBalancer.
2023-08-24 06:06:11,662 [Time-limited test] INFO  server.StorageContainerManager (StorageContainerManager.java:<init>(438)) - 
Container Balancer status:
Key                            Value
Running                        false
Container Balancer Configuration values:
Key                                                Value
Threshold                                          10
Max Datanodes to Involve per Iteration(percent)    20
Max Size to Move per Iteration                     500GB
Max Size Entering Target per Iteration             26GB
Max Size Leaving Source per Iteration              26GB

2023-08-24 06:06:11,662 [Time-limited test] INFO  ha.SCMContext (SCMContext.java:updateSafeModeStatus(228)) - Update SafeModeStatus from SafeModeStatus{safeModeStatus=true, preCheckPassed=false} to SafeModeStatus{safeModeStatus=true, preCheckPassed=false}.
2023-08-24 06:06:11,662 [Time-limited test] WARN  server.ServerUtils (ServerUtils.java:getDBPath(311)) - ozone.om.db.dirs is not configured. We recommend adding this setting. Falling back to ozone.metadata.dirs instead.
2023-08-24 06:06:11,667 [Time-limited test] INFO  ha.OMHANodeDetails (OMHANodeDetails.java:loadOMHAConfig(115)) - ozone.om.internal.service.id is not defined, falling back to ozone.om.service.ids to find serviceID for OzoneManager if it is HA enabled cluster
2023-08-24 06:06:11,667 [Time-limited test] INFO  ha.OMHANodeDetails (OMHANodeDetails.java:loadOMHAConfig(226)) - Configuration does not have ozone.om.address set. Falling back to the default OM address fv-az582-512.vyw2dcplbgbehesrvt3jseauje.cx.internal.cloudapp.net/10.1.0.20:1202
2023-08-24 06:06:11,668 [Time-limited test] INFO  ha.OMHANodeDetails (OMHANodeDetails.java:getOMNodeDetailsForNonHA(254)) - OM Service ID is not set. Setting it to the default ID: omServiceIdDefault
2023-08-24 06:06:11,668 [Time-limited test] INFO  ha.OMHANodeDetails (OMHANodeDetails.java:getOMNodeDetailsForNonHA(261)) - OM Node ID is not set. Setting it to the default ID: om1
2023-08-24 06:06:11,668 [Time-limited test] WARN  server.ServerUtils (ServerUtils.java:getDBPath(311)) - ozone.om.db.dirs is not configured. We recommend adding this setting. Falling back to ozone.metadata.dirs instead.
2023-08-24 06:06:11,669 [Time-limited test] INFO  upgrade.AbstractLayoutVersionManager (AbstractLayoutVersionManager.java:init(83)) - Initializing Layout version manager with metadata layout = QUOTA (version = 6), software layout = QUOTA (version = 6)
2023-08-24 06:06:11,742 [Time-limited test] INFO  reflections.Reflections (Reflections.java:scan(232)) - Reflections took 72 ms to scan 2 urls, producing 188 keys and 512 values [using 2 cores]
2023-08-24 06:06:11,743 [Time-limited test] INFO  upgrade.OMLayoutVersionManager (OMLayoutVersionManager.java:lambda$0(115)) - Skipping Upgrade Action QuotaRepairUpgradeAction since it has been finalized.
2023-08-24 06:06:11,743 [Time-limited test] INFO  upgrade.OMLayoutVersionManager (OMLayoutVersionManager.java:lambda$0(115)) - Skipping Upgrade Action MockOmUpgradeAction since it has been finalized.
2023-08-24 06:06:11,745 [pool-456-thread-2] INFO  request.KdcRequest (KdcRequest.java:preauth(651)) - The preauth data is empty.
2023-08-24 06:06:11,745 [pool-456-thread-2] INFO  server.KdcHandler (KdcHandler.java:handleRecoverableException(177)) - KRB error occurred while processing request:Additional pre-authentication required
2023-08-24 06:06:11,749 [pool-456-thread-2] INFO  request.AsRequest (AsRequest.java:issueTicket(112)) - AS_REQ ISSUE: authtime 1692857171749,om/fv-az582-512.vyw2dcplbgbehesrvt3jseauje.cx.internal.cloudapp.net@EXAMPLE.COM for krbtgt/EXAMPLE.COM@EXAMPLE.COM
2023-08-24 06:06:11,750 [Time-limited test] INFO  security.UserGroupInformation (UserGroupInformation.java:loginUserFromKeytab(1132)) - Login successful for user om/fv-az582-512.vyw2dcplbgbehesrvt3jseauje.cx.internal.cloudapp.net@EXAMPLE.COM using keytab file om.keytab. Keytab auto renewal enabled : false
2023-08-24 06:06:11,750 [Time-limited test] INFO  om.OzoneManager (OzoneManager.java:loginOMUser(1161)) - Ozone Manager login successful.
2023-08-24 06:06:11,750 [Time-limited test] WARN  server.ServerUtils (ServerUtils.java:getDBPath(311)) - ozone.om.db.dirs is not configured. We recommend adding this setting. Falling back to ozone.metadata.dirs instead.
2023-08-24 06:06:11,751 [Time-limited test] INFO  proxy.SCMBlockLocationFailoverProxyProvider (SCMBlockLocationFailoverProxyProvider.java:<init>(114)) - Created block location fail-over proxy with 1 nodes: [nodeId=scmNodeId,nodeAddress=/0.0.0.0:9863]
2023-08-24 06:06:11,753 [Time-limited test] INFO  om.OzoneManager (OzoneManager.java:getOmDetailsProto(4552)) - OzoneManager ports added:[name: "RPC"
value: 1202
]
2023-08-24 06:06:11,754 [Time-limited test] INFO  security.OMCertificateClient (DefaultCertificateClient.java:updateCertSerialId(1244)) - Certificate serial ID set to 9879877970576
2023-08-24 06:06:11,754 [Time-limited test] WARN  security.OMCertificateClient (DefaultCertificateClient.java:loadAllCertificates(173)) - Certificates could not be loaded.
java.nio.file.NoSuchFileException: /tmp/junit1148931963609734067/junit8775161167867531401/scm-meta/om/certs
	at sun.nio.fs.UnixException.translateToIOException(UnixException.java:86)
	at sun.nio.fs.UnixException.rethrowAsIOException(UnixException.java:102)
	at sun.nio.fs.UnixException.rethrowAsIOException(UnixException.java:107)
	at sun.nio.fs.UnixFileSystemProvider.newDirectoryStream(UnixFileSystemProvider.java:427)
	at java.nio.file.Files.newDirectoryStream(Files.java:457)
	at java.nio.file.Files.list(Files.java:3451)
	at org.apache.hadoop.hdds.security.x509.certificate.client.DefaultCertificateClient.loadAllCertificates(DefaultCertificateClient.java:168)
	at org.apache.hadoop.hdds.security.x509.certificate.client.DefaultCertificateClient.updateCertSerialId(DefaultCertificateClient.java:1245)
	at org.apache.hadoop.hdds.security.x509.certificate.client.DefaultCertificateClient.<init>(DefaultCertificateClient.java:157)
	at org.apache.hadoop.hdds.security.x509.certificate.client.CommonCertificateClient.<init>(CommonCertificateClient.java:49)
	at org.apache.hadoop.ozone.security.OMCertificateClient.<init>(OMCertificateClient.java:68)
	at org.apache.hadoop.ozone.om.OzoneManager.<init>(OzoneManager.java:640)
	at org.apache.hadoop.ozone.om.OzoneManager.createOm(OzoneManager.java:754)
	at org.apache.hadoop.ozone.TestSecureOzoneCluster.setupOm(TestSecureOzoneCluster.java:701)
	at org.apache.hadoop.ozone.TestSecureOzoneCluster.testSecureOMInitializationFailure(TestSecureOzoneCluster.java:527)
	at sun.reflect.NativeMethodAccessorImpl.invoke0(Native Method)
	at sun.reflect.NativeMethodAccessorImpl.invoke(NativeMethodAccessorImpl.java:62)
	at sun.reflect.DelegatingMethodAccessorImpl.invoke(DelegatingMethodAccessorImpl.java:43)
	at java.lang.reflect.Method.invoke(Method.java:498)
	at org.junit.runners.model.FrameworkMethod$1.runReflectiveCall(FrameworkMethod.java:59)
	at org.junit.internal.runners.model.ReflectiveCallable.run(ReflectiveCallable.java:12)
	at org.junit.runners.model.FrameworkMethod.invokeExplosively(FrameworkMethod.java:56)
	at org.junit.internal.runners.statements.InvokeMethod.evaluate(InvokeMethod.java:17)
	at org.junit.internal.runners.statements.RunBefores.evaluate(RunBefores.java:26)
	at org.junit.internal.runners.statements.RunAfters.evaluate(RunAfters.java:27)
	at org.junit.rules.ExternalResource$1.evaluate(ExternalResource.java:54)
	at org.junit.internal.runners.statements.FailOnTimeout$CallableStatement.call(FailOnTimeout.java:288)
	at org.junit.internal.runners.statements.FailOnTimeout$CallableStatement.call(FailOnTimeout.java:282)
	at java.util.concurrent.FutureTask.run(FutureTask.java:266)
	at java.lang.Thread.run(Thread.java:750)
2023-08-24 06:06:11,756 [Time-limited test] INFO  om.OzoneManager (OzoneManager.java:<init>(662)) - OM start with adminUsers: [scm/fv-az582-512.vyw2dcplbgbehesrvt3jseauje.cx.internal.cloudapp.net@EXAMPLE.COM, om]
2023-08-24 06:06:11,756 [Time-limited test] WARN  server.ServerUtils (ServerUtils.java:getDBPath(311)) - ozone.om.db.dirs is not configured. We recommend adding this setting. Falling back to ozone.metadata.dirs instead.
2023-08-24 06:06:11,757 [Time-limited test] INFO  helpers.OmKeyInfo (OmKeyInfo.java:getCodec(71)) - OmKeyInfo.getCodec ignorePipeline = true
2023-08-24 06:06:11,921 [Time-limited test] INFO  om.OzoneManager (OzoneManager.java:instantiateServices(791)) - S3 Multi-Tenancy is disabled
2023-08-24 06:06:11,921 [Time-limited test] INFO  security.OzoneSecretStore (OzoneSecretStore.java:loadState(69)) - Loaded 0 tokens
2023-08-24 06:06:11,921 [Time-limited test] INFO  security.OzoneDelegationTokenSecretManager (OzoneDelegationTokenSecretManager.java:loadTokenSecretState(530)) - Loading token state into token manager.
2023-08-24 06:06:11,922 [Time-limited test] INFO  om.OmSnapshotManager (OmSnapshotManager.java:<init>(175)) - Ozone filesystem snapshot feature is enabled.
2023-08-24 06:06:11,922 [Time-limited test] WARN  server.ServerUtils (ServerUtils.java:getDBPath(311)) - ozone.om.snapshot.diff.db.dir is not configured. We recommend adding this setting. Falling back to ozone.metadata.dirs instead.
2023-08-24 06:06:11,939 [Time-limited test] INFO  snapshot.SnapshotDiffManager (SnapshotDiffManager.java:closeExecutorService(1720)) - Shutting down executorService: 'SstDumpToolExecutor'
2023-08-24 06:06:11,950 [Time-limited test] INFO  om.OzoneManager (OzoneManager.java:addS3GVolumeToDB(4284)) - Created Volume s3v With Owner om required for S3Gateway operations.
2023-08-24 06:06:11,950 [Time-limited test] WARN  server.ServerUtils (ServerUtils.java:getDefaultRatisDirectory(323)) - Storage directory for Ratis is not configured. It is a good idea to map this to an SSD disk. Falling back to ozone.metadata.dirs
2023-08-24 06:06:11,950 [Time-limited test] WARN  utils.OzoneManagerRatisUtils (OzoneManagerRatisUtils.java:getOMRatisSnapshotDirectory(461)) - ozone.om.ratis.snapshot.dir is not configured. Falling back to ozone.metadata.dirs config
2023-08-24 06:06:11,951 [Time-limited test] WARN  server.ServerUtils (ServerUtils.java:getDefaultRatisDirectory(323)) - Storage directory for Ratis is not configured. It is a good idea to map this to an SSD disk. Falling back to ozone.metadata.dirs
2023-08-24 06:06:11,952 [Time-limited test] INFO  ratis.OzoneManagerRatisServer (OzoneManagerRatisServer.java:<init>(163)) - Instantiating OM Ratis server with groupID: omServiceIdDefault and peers: fv-az582-512.vyw2dcplbgbehesrvt3jseauje.cx.internal.cloudapp.net:9872
2023-08-24 06:06:11,952 [Time-limited test] INFO  ratis.OzoneManagerStateMachine (OzoneManagerStateMachine.java:loadSnapshotInfoFromDB(687)) - LastAppliedIndex is set from TransactionInfo from OM DB as (t:0, i:~)
2023-08-24 06:06:11,953 [Time-limited test] INFO  server.RaftServer (ConfUtils.java:logGet(46)) - raft.rpc.type = GRPC (default)
2023-08-24 06:06:11,953 [Time-limited test] INFO  grpc.GrpcConfigKeys (ConfUtils.java:logFallback(53)) - raft.grpc.admin.host = null (fallback to raft.grpc.server.host)
2023-08-24 06:06:11,953 [Time-limited test] INFO  grpc.GrpcConfigKeys (ConfUtils.java:logFallback(53)) - raft.grpc.admin.port = 9872 (fallback to raft.grpc.server.port)
2023-08-24 06:06:11,953 [Time-limited test] INFO  grpc.GrpcConfigKeys (ConfUtils.java:logFallback(53)) - raft.grpc.client.host = null (fallback to raft.grpc.server.host)
2023-08-24 06:06:11,953 [Time-limited test] INFO  grpc.GrpcConfigKeys (ConfUtils.java:logFallback(53)) - raft.grpc.client.port = 9872 (fallback to raft.grpc.server.port)
2023-08-24 06:06:11,953 [Time-limited test] INFO  grpc.GrpcConfigKeys (ConfUtils.java:logGet(46)) - raft.grpc.server.host = null (default)
2023-08-24 06:06:11,953 [Time-limited test] INFO  grpc.GrpcConfigKeys (ConfUtils.java:logGet(46)) - raft.grpc.server.port = 9872 (custom)
2023-08-24 06:06:11,953 [Time-limited test] INFO  server.GrpcService (ConfUtils.java:logGet(46)) - raft.grpc.message.size.max = 33554432 (custom)
2023-08-24 06:06:11,953 [Time-limited test] INFO  server.RaftServerConfigKeys (ConfUtils.java:logGet(46)) - raft.server.log.appender.buffer.byte-limit = 33554432 (custom)
2023-08-24 06:06:11,953 [Time-limited test] INFO  server.GrpcService (ConfUtils.java:logGet(46)) - raft.grpc.flow.control.window = 1MB (=1048576) (default)
2023-08-24 06:06:11,953 [Time-limited test] INFO  server.RaftServerConfigKeys (ConfUtils.java:logGet(46)) - raft.server.rpc.request.timeout = 3000ms (default)
2023-08-24 06:06:11,953 [Time-limited test] INFO  grpc.GrpcConfigKeys (ConfUtils.java:logGet(46)) - raft.grpc.server.heartbeat.channel = true (default)
2023-08-24 06:06:11,953 [Time-limited test] INFO  grpc.GrpcConfigKeys (ConfUtils.java:logGet(46)) - raft.grpc.server.async.request.thread.pool.cached = true (default)
2023-08-24 06:06:11,953 [Time-limited test] INFO  grpc.GrpcConfigKeys (ConfUtils.java:logGet(46)) - raft.grpc.server.async.request.thread.pool.size = 32 (default)
2023-08-24 06:06:11,955 [Time-limited test] INFO  impl.DataStreamServerImpl (ConfUtils.java:logGet(46)) - raft.datastream.type = DISABLED (default)
2023-08-24 06:06:11,955 [Time-limited test] INFO  server.RaftServerConfigKeys (ConfUtils.java:logGet(46)) - raft.server.threadpool.proxy.cached = true (default)
2023-08-24 06:06:11,955 [Time-limited test] INFO  server.RaftServerConfigKeys (ConfUtils.java:logGet(46)) - raft.server.threadpool.proxy.size = 0 (default)
2023-08-24 06:06:11,955 [Time-limited test] INFO  server.RaftServerConfigKeys (ConfUtils.java:logGet(46)) - raft.server.rpc.slowness.timeout = 120s (custom)
2023-08-24 06:06:11,955 [Time-limited test] INFO  server.RaftServerConfigKeys (ConfUtils.java:logGet(46)) - raft.server.leaderelection.leader.step-down.wait-time = 10s (default)
2023-08-24 06:06:11,955 [Time-limited test] INFO  server.RaftServerConfigKeys (ConfUtils.java:logGet(46)) - raft.server.storage.dir = [/tmp/junit1148931963609734067/junit8775161167867531401/scm-meta/ratis] (custom)
2023-08-24 06:06:11,956 [Time-limited test] INFO  server.RaftServer (RaftServerProxy.java:addNew(98)) - om1: addNew group-C5BA1605619E:[om1|rpc:fv-az582-512.vyw2dcplbgbehesrvt3jseauje.cx.internal.cloudapp.net:9872|priority:0|startupRole:FOLLOWER] returns group-C5BA1605619E:java.util.concurrent.CompletableFuture@50838979[Not completed]
2023-08-24 06:06:11,956 [Time-limited test] INFO  om.OzoneManager (OzoneManager.java:initializeRatisServer(2128)) - OzoneManager Ratis server initialized at port 9872
2023-08-24 06:06:11,956 [Time-limited test] INFO  om.OzoneManager (OzoneManager.java:getRpcServer(1193)) - Creating RPC Server
RaftServerImpl.java:<init>(198)) - om1: new RaftServerImpl for group-C5BA1605619E:[om1|rpc:fv-az582-512.vyw2dcplbgbehesrvt3jseauje.cx.internal.cloudapp.net:9872|priority:0|startupRole:FOLLOWER] with OzoneManagerStateMachine:uninitialized
2023-08-24 06:06:11,956 [Time-limited test] INFO  om.OzoneManager (OzoneManager.java:getRpcServer(1193)) - Creating RPC Server
2023-08-24 06:06:11,956 [om1-groupManagement] INFO  server.RaftServerConfigKeys (ConfUtils.java:logGet(46)) - raft.server.rpc.timeout.min = 5s (custom)
2023-08-24 06:06:11,956 [om1-groupManagement] INFO  server.RaftServerConfigKeys (ConfUtils.java:logGet(46)) - raft.server.rpc.timeout.max = 5200ms (custom)
2023-08-24 06:06:11,956 [om1-groupManagement] INFO  server.RaftServerConfigKeys (ConfUtils.java:logGet(46)) - raft.server.rpc.sleep.time = 25ms (default)
2023-08-24 06:06:11,956 [om1-groupManagement] INFO  server.RaftServerConfigKeys (ConfUtils.java:logGet(46)) - raft.server.rpc.slowness.timeout = 120s (custom)
2023-08-24 06:06:11,956 [om1-groupManagement] INFO  server.RaftServerConfigKeys (ConfUtils.java:logGet(46)) - raft.server.leaderelection.leader.step-down.wait-time = 10s (default)
2023-08-24 06:06:11,957 [om1-groupManagement] INFO  server.RaftServerConfigKeys (ConfUtils.java:logGet(46)) - raft.server.sleep.deviation.threshold = 300ms (default)
2023-08-24 06:06:11,957 [om1-groupManagement] INFO  server.RaftServer$Division (ServerState.java:<init>(120)) - om1@group-C5BA1605619E: ConfigurationManager, init=-1: peers:[om1|rpc:fv-az582-512.vyw2dcplbgbehesrvt3jseauje.cx.internal.cloudapp.net:9872|priority:0|startupRole:FOLLOWER]|listeners:[], old=null, confs=<EMPTY_MAP>
2023-08-24 06:06:11,957 [om1-groupManagement] INFO  server.RaftServerConfigKeys (ConfUtils.java:logGet(46)) - raft.server.storage.dir = [/tmp/junit1148931963609734067/junit8775161167867531401/scm-meta/ratis] (custom)
2023-08-24 06:06:11,957 [om1-groupManagement] INFO  server.RaftServerConfigKeys (ConfUtils.java:logGet(46)) - raft.server.log.corruption.policy = EXCEPTION (default)
2023-08-24 06:06:11,957 [om1-groupManagement] INFO  server.RaftServerConfigKeys (ConfUtils.java:logGet(46)) - raft.server.storage.free-space.min = 0MB (=0) (default)
2023-08-24 06:06:11,957 [om1-groupManagement] INFO  server.RaftServerConfigKeys (ConfUtils.java:logGet(46)) - raft.server.notification.no-leader.timeout = 120s (custom)
2023-08-24 06:06:11,957 [om1-groupManagement] INFO  server.RaftServerConfigKeys (ConfUtils.java:logGet(46)) - raft.server.read.timeout = 10s (default)
2023-08-24 06:06:11,957 [om1-groupManagement] INFO  server.RaftServerConfigKeys (ConfUtils.java:logGet(46)) - raft.server.retrycache.expirytime = 300s (custom)
2023-08-24 06:06:11,957 [om1-groupManagement] INFO  server.RaftServerConfigKeys (ConfUtils.java:logGet(46)) - raft.server.retrycache.statistics.expirytime = 100μs (default)
2023-08-24 06:06:11,957 [om1-groupManagement] INFO  server.RaftServerConfigKeys (ConfUtils.java:logGet(46)) - raft.server.read.option = DEFAULT (default)
2023-08-24 06:06:11,958 [om1-groupManagement] INFO  server.RaftServerConfigKeys (ConfUtils.java:logGet(46)) - raft.server.rpc.request.timeout = 3000ms (default)
2023-08-24 06:06:11,958 [om1-groupManagement] INFO  server.RaftServerConfigKeys (ConfUtils.java:logGet(46)) - raft.server.log.appender.install.snapshot.enabled = false (custom)
2023-08-24 06:06:11,958 [om1-groupManagement] INFO  server.RaftServerConfigKeys (ConfUtils.java:logGet(46)) - raft.server.threadpool.server.cached = true (default)
2023-08-24 06:06:11,958 [om1-groupManagement] INFO  server.RaftServerConfigKeys (ConfUtils.java:logGet(46)) - raft.server.threadpool.server.size = 0 (default)
2023-08-24 06:06:11,958 [om1-groupManagement] INFO  server.RaftServerConfigKeys (ConfUtils.java:logGet(46)) - raft.server.threadpool.client.cached = true (default)
2023-08-24 06:06:11,958 [om1-groupManagement] INFO  server.RaftServerConfigKeys (ConfUtils.java:logGet(46)) - raft.server.threadpool.client.size = 0 (default)
2023-08-24 06:06:12,342 [Time-limited test] INFO  reflections.Reflections (Reflections.java:scan(232)) - Reflections took 385 ms to scan 19 urls, producing 70 keys and 5648 values [using 2 cores]
2023-08-24 06:06:12,343 [Time-limited test] INFO  ipc.CallQueueManager (CallQueueManager.java:<init>(90)) - Using callQueue: class java.util.concurrent.LinkedBlockingQueue, queueCapacity: 10000, scheduler: class org.apache.hadoop.ipc.DefaultRpcScheduler, ipcBackoff: false.
2023-08-24 06:06:12,344 [Time-limited test] INFO  ipc.Server (Server.java:<init>(1287)) - Listener at fv-az582-512.vyw2dcplbgbehesrvt3jseauje.cx.internal.cloudapp.net:1202
2023-08-24 06:06:12,344 [Socket Reader #1 for port 1202] INFO  ipc.Server (Server.java:run(1323)) - Starting Socket Reader #1 for port 1202
2023-08-24 06:06:12,368 [Time-limited test] INFO  ha.OMHANodeDetails (OMHANodeDetails.java:loadOMHAConfig(115)) - ozone.om.internal.service.id is not defined, falling back to ozone.om.service.ids to find serviceID for OzoneManager if it is HA enabled cluster
2023-08-24 06:06:12,368 [Time-limited test] INFO  ha.OMHANodeDetails (OMHANodeDetails.java:loadOMHAConfig(226)) - Configuration does not have ozone.om.address set. Falling back to the default OM address fv-az582-512.vyw2dcplbgbehesrvt3jseauje.cx.internal.cloudapp.net/10.1.0.20:1202
2023-08-24 06:06:12,368 [Time-limited test] INFO  ha.OMHANodeDetails (OMHANodeDetails.java:getOMNodeDetailsForNonHA(254)) - OM Service ID is not set. Setting it to the default ID: omServiceIdDefault
2023-08-24 06:06:12,368 [Time-limited test] INFO  ha.OMHANodeDetails (OMHANodeDetails.java:getOMNodeDetailsForNonHA(261)) - OM Node ID is not set. Setting it to the default ID: om1
2023-08-24 06:06:12,368 [Time-limited test] WARN  server.ServerUtils (ServerUtils.java:getDBPath(311)) - ozone.om.db.dirs is not configured. We recommend adding this setting. Falling back to ozone.metadata.dirs instead.
2023-08-24 06:06:12,370 [Time-limited test] INFO  upgrade.AbstractLayoutVersionManager (AbstractLayoutVersionManager.java:init(83)) - Initializing Layout version manager with metadata layout = QUOTA (version = 6), software layout = QUOTA (version = 6)
2023-08-24 06:06:12,434 [Time-limited test] INFO  reflections.Reflections (Reflections.java:scan(232)) - Reflections took 63 ms to scan 2 urls, producing 188 keys and 512 values [using 2 cores]
2023-08-24 06:06:12,434 [Time-limited test] INFO  upgrade.OMLayoutVersionManager (OMLayoutVersionManager.java:lambda$0(115)) - Skipping Upgrade Action QuotaRepairUpgradeAction since it has been finalized.
2023-08-24 06:06:12,434 [Time-limited test] INFO  upgrade.OMLayoutVersionManager (OMLayoutVersionManager.java:lambda$0(115)) - Skipping Upgrade Action MockOmUpgradeAction since it has been finalized.
2023-08-24 06:06:12,436 [Time-limited test] INFO  ha.OMHANodeDetails (OMHANodeDetails.java:loadOMHAConfig(115)) - ozone.om.internal.service.id is not defined, falling back to ozone.om.service.ids to find serviceID for OzoneManager if it is HA enabled cluster
2023-08-24 06:06:12,436 [Time-limited test] INFO  ha.OMHANodeDetails (OMHANodeDetails.java:loadOMHAConfig(226)) - Configuration does not have ozone.om.address set. Falling back to the default OM address fv-az582-512.vyw2dcplbgbehesrvt3jseauje.cx.internal.cloudapp.net/10.1.0.20:1202
2023-08-24 06:06:12,436 [Time-limited test] INFO  ha.OMHANodeDetails (OMHANodeDetails.java:getOMNodeDetailsForNonHA(254)) - OM Service ID is not set. Setting it to the default ID: omServiceIdDefault
2023-08-24 06:06:12,436 [Time-limited test] INFO  ha.OMHANodeDetails (OMHANodeDetails.java:getOMNodeDetailsForNonHA(261)) - OM Node ID is not set. Setting it to the default ID: om1
2023-08-24 06:06:12,436 [Time-limited test] WARN  server.ServerUtils (ServerUtils.java:getDBPath(311)) - ozone.om.db.dirs is not configured. We recommend adding this setting. Falling back to ozone.metadata.dirs instead.
2023-08-24 06:06:12,439 [Time-limited test] INFO  upgrade.AbstractLayoutVersionManager (AbstractLayoutVersionManager.java:init(83)) - Initializing Layout version manager with metadata layout = QUOTA (version = 6), software layout = QUOTA (version = 6)
2023-08-24 06:06:12,502 [Time-limited test] INFO  reflections.Reflections (Reflections.java:scan(232)) - Reflections took 62 ms to scan 2 urls, producing 188 keys and 512 values [using 2 cores]
2023-08-24 06:06:12,503 [Time-limited test] INFO  upgrade.OMLayoutVersionManager (OMLayoutVersionManager.java:lambda$0(115)) - Skipping Upgrade Action QuotaRepairUpgradeAction since it has been finalized.
2023-08-24 06:06:12,503 [Time-limited test] INFO  upgrade.OMLayoutVersionManager (OMLayoutVersionManager.java:lambda$0(115)) - Skipping Upgrade Action MockOmUpgradeAction since it has been finalized.
2023-08-24 06:06:12,504 [Time-limited test] INFO  ha.OMHANodeDetails (OMHANodeDetails.java:loadOMHAConfig(115)) - ozone.om.internal.service.id is not defined, falling back to ozone.om.service.ids to find serviceID for OzoneManager if it is HA enabled cluster
2023-08-24 06:06:12,504 [Time-limited test] INFO  ha.OMHANodeDetails (OMHANodeDetails.java:loadOMHAConfig(226)) - Configuration does not have ozone.om.address set. Falling back to the default OM address fv-az582-512.vyw2dcplbgbehesrvt3jseauje.cx.internal.cloudapp.net/10.1.0.20:1202
2023-08-24 06:06:12,504 [Time-limited test] INFO  ha.OMHANodeDetails (OMHANodeDetails.java:getOMNodeDetailsForNonHA(254)) - OM Service ID is not set. Setting it to the default ID: omServiceIdDefault
2023-08-24 06:06:12,504 [Time-limited test] INFO  ha.OMHANodeDetails (OMHANodeDetails.java:getOMNodeDetailsForNonHA(261)) - OM Node ID is not set. Setting it to the default ID: om1
2023-08-24 06:06:12,504 [Time-limited test] WARN  server.ServerUtils (ServerUtils.java:getDBPath(311)) - ozone.om.db.dirs is not configured. We recommend adding this setting. Falling back to ozone.metadata.dirs instead.
2023-08-24 06:06:12,507 [Time-limited test] INFO  upgrade.AbstractLayoutVersionManager (AbstractLayoutVersionManager.java:init(83)) - Initializing Layout version manager with metadata layout = QUOTA (version = 6), software layout = QUOTA (version = 6)
2023-08-24 06:06:12,643 [Time-limited test] INFO  reflections.Reflections (Reflections.java:scan(232)) - Reflections took 136 ms to scan 2 urls, producing 188 keys and 512 values [using 2 cores]
2023-08-24 06:06:12,644 [Time-limited test] INFO  upgrade.OMLayoutVersionManager (OMLayoutVersionManager.java:lambda$0(115)) - Skipping Upgrade Action QuotaRepairUpgradeAction since it has been finalized.
2023-08-24 06:06:12,644 [Time-limited test] INFO  upgrade.OMLayoutVersionManager (OMLayoutVersionManager.java:lambda$0(115)) - Skipping Upgrade Action MockOmUpgradeAction since it has been finalized.
2023-08-24 06:06:12,645 [Time-limited test] INFO  impl.DefaultInternalKdcServerImpl (DefaultInternalKdcServerImpl.java:doStop(102)) - Default Internal kdc server stopped.
2023-08-24 06:06:13,646 [Time-limited test] INFO  minikdc.MiniKdc (MiniKdc.java:stop(359)) - MiniKdc stopped.
2023-08-24 06:06:13,646 [Time-limited test] INFO  server.StorageContainerManager (StorageContainerManager.java:stop(1591)) - Container Balancer is not running.
2023-08-24 06:06:13,646 [Time-limited test] INFO  server.StorageContainerManager (StorageContainerManager.java:stopReplicationManager(1724)) - Stopping Replication Manager Service.
2023-08-24 06:06:13,646 [Time-limited test] INFO  replication.ReplicationManager (ReplicationManager.java:stop(319)) - Stopping Replication Monitor Thread.
2023-08-24 06:06:13,646 [Time-limited test] INFO  server.StorageContainerManager (StorageContainerManager.java:stop(1600)) - Stopping the Datanode Admin Monitor.
2023-08-24 06:06:13,646 [Under Replicated Processor] WARN  replication.UnhealthyReplicationProcessor (UnhealthyReplicationProcessor.java:run(180)) - Under Replicated Processor interrupted. Exiting...
2023-08-24 06:06:13,646 [Time-limited test] INFO  server.StorageContainerManager (StorageContainerManager.java:stop(1607)) - Stopping datanode service RPC server
2023-08-24 06:06:13,646 [Time-limited test] INFO  server.SCMDatanodeProtocolServer (SCMDatanodeProtocolServer.java:stop(424)) - Stopping the RPC server for DataNodes
2023-08-24 06:06:13,646 [Time-limited test] INFO  ipc.Server (Server.java:stop(3523)) - Stopping server on 9861
2023-08-24 06:06:13,646 [ReplicationMonitor] INFO  replication.ReplicationManager (ReplicationManager.java:run(917)) - Replication Monitor Thread is stopped
2023-08-24 06:06:13,646 [Over Replicated Processor] WARN  replication.UnhealthyReplicationProcessor (UnhealthyReplicationProcessor.java:run(180)) - Over Replicated Processor interrupted. Exiting...
2023-08-24 06:06:14,616 [SCM Heartbeat Processing Thread - 0] WARN  node.NodeStateManager (NodeStateManager.java:scheduleNextHealthCheck(874)) - Current Thread is interrupted, shutting down HB processing thread for Node Manager.
2023-08-24 06:06:14,616 [Time-limited test] INFO  server.StorageContainerManager (StorageContainerManager.java:stop(1615)) - Stopping block service RPC server
2023-08-24 06:06:14,616 [Time-limited test] INFO  server.SCMBlockProtocolServer (SCMBlockProtocolServer.java:stop(161)) - Stopping the RPC server for Block Protocol
2023-08-24 06:06:14,616 [Time-limited test] INFO  ipc.Server (Server.java:stop(3523)) - Stopping server on 9863
2023-08-24 06:06:14,617 [Time-limited test] INFO  server.StorageContainerManager (StorageContainerManager.java:stop(1622)) - Stopping the StorageContainerLocationProtocol RPC server
2023-08-24 06:06:14,617 [Time-limited test] INFO  server.SCMClientProtocolServer (SCMClientProtocolServer.java:stop(210)) - Stopping the RPC server for Client Protocol
2023-08-24 06:06:14,617 [Time-limited test] INFO  ipc.Server (Server.java:stop(3523)) - Stopping server on 9860
2023-08-24 06:06:14,617 [Time-limited test] INFO  server.StorageContainerManager (StorageContainerManager.java:stop(1629)) - Stopping Storage Container Manager HTTP server.
2023-08-24 06:06:14,617 [Time-limited test] INFO  server.StorageContainerManager (StorageContainerManager.java:stop(1637)) - Stopping SCM LayoutVersionManager Service.
2023-08-24 06:06:14,617 [Time-limited test] INFO  server.SCMSecurityProtocolServer (SCMSecurityProtocolServer.java:stop(550)) - Stopping the SCMSecurityProtocolServer.
2023-08-24 06:06:14,617 [Time-limited test] INFO  ipc.Server (Server.java:stop(3523)) - Stopping server on 9961
2023-08-24 06:06:14,617 [Time-limited test] INFO  server.SCMUpdateServiceGrpcServer (SCMUpdateServiceGrpcServer.java:stop(73)) - SCMUpdateService stopping
2023-08-24 06:06:14,618 [Time-limited test] INFO  server.StorageContainerManager (StorageContainerManager.java:stop(1649)) - Stopping Block Manager Service.
2023-08-24 06:06:14,618 [Time-limited test] INFO  utils.BackgroundService (BackgroundService.java:shutdown(141)) - Shutting down service SCMBlockDeletingService
2023-08-24 06:06:14,618 [Time-limited test] INFO  utils.BackgroundService (BackgroundService.java:shutdown(141)) - Shutting down service SCMBlockDeletingService
2023-08-24 06:06:14,618 [Time-limited test] INFO  server.StorageContainerManager (StorageContainerManager.java:stop(1669)) - Stopping SCM Event Queue.
2023-08-24 06:06:14,618 [Time-limited test] INFO  server.StorageContainerManager (StorageContainerManager.java:stop(1680)) - Stopping SCM HA services.
2023-08-24 06:06:14,618 [Time-limited test] INFO  pipeline.BackgroundPipelineCreator (BackgroundPipelineCreator.java:stop(149)) - Stopping RatisPipelineUtilsThread.
2023-08-24 06:06:14,618 [RatisPipelineUtilsThread - 0] WARN  pipeline.BackgroundPipelineCreator (BackgroundPipelineCreator.java:run(180)) - RatisPipelineUtilsThread is interrupted.
2023-08-24 06:06:14,619 [Time-limited test] INFO  BackgroundPipelineScrubber (BackgroundSCMService.java:stop(131)) - Stopping BackgroundPipelineScrubber Service.
2023-08-24 06:06:14,619 [Time-limited test] WARN  pipeline.BackgroundPipelineCreator (BackgroundPipelineCreator.java:stop(145)) - RatisPipelineUtilsThread is not running, just ignore.
2023-08-24 06:06:14,619 [Time-limited test] INFO  BackgroundPipelineScrubber (BackgroundSCMService.java:stop(126)) - BackgroundPipelineScrubber Service is not running, skip stop.
2023-08-24 06:06:14,619 [Time-limited test] INFO  ExpiredContainerReplicaOpScrubber (BackgroundSCMService.java:stop(131)) - Stopping ExpiredContainerReplicaOpScrubber Service.
2023-08-24 06:06:14,619 [Time-limited test] INFO  utils.BackgroundService (BackgroundService.java:shutdown(141)) - Shutting down service SCMBlockDeletingService
2023-08-24 06:06:14,619 [Time-limited test] INFO  replication.ReplicationManager (ReplicationManager.java:stop(329)) - Replication Monitor Thread is not running.
2023-08-24 06:06:14,619 [Time-limited test] WARN  balancer.ContainerBalancer (ContainerBalancer.java:stop(326)) - Cannot stop Container Balancer because it's not running or stopping
2023-08-24 06:06:14,619 [Time-limited test] INFO  server.StorageContainerManager (StorageContainerManager.java:stop(1715)) - Stopping SCM MetadataStore.
2023-08-24 06:06:14,619 [BackgroundPipelineScrubberThread] WARN  BackgroundPipelineScrubber (BackgroundSCMService.java:run(115)) - BackgroundPipelineScrubber is interrupted, exit
2023-08-24 06:06:14,619 [ExpiredContainerReplicaOpScrubberThread] WARN  ExpiredContainerReplicaOpScrubber (BackgroundSCMService.java:run(115)) - ExpiredContainerReplicaOpScrubber is interrupted, exit
2023-08-24 06:06:14,620 [Time-limited test] INFO  server.SCMSecurityProtocolServer (SCMSecurityProtocolServer.java:join(560)) - Join RPC server for SCMSecurityProtocolServer.
2023-08-24 06:06:14,620 [Time-limited test] INFO  server.SCMSecurityProtocolServer (SCMSecurityProtocolServer.java:join(562)) - Join gRPC server for SCMSecurityProtocolServer.
2023-08-24 06:06:14,620 [Time-limited test] INFO  om.OzoneManager (OzoneManager.java:stop(2187)) - om1[fv-az582-512.vyw2dcplbgbehesrvt3jseauje.cx.internal.cloudapp.net:1202]: Stopping Ozone Manager
2023-08-24 06:06:14,620 [Time-limited test] INFO  ipc.Server (Server.java:stop(3523)) - Stopping server on 1202
2023-08-24 06:06:14,621 [Time-limited test] INFO  ratis.OzoneManagerStateMachine (OzoneManagerStateMachine.java:close(534)) - StateMachine has shutdown. Shutdown OzoneManager if not already shutdown.
2023-08-24 06:06:14,621 [Time-limited test] INFO  ratis.OzoneManagerDoubleBuffer (OzoneManagerDoubleBuffer.java:stopDaemon(551)) - Stopping OMDoubleBuffer flush thread
2023-08-24 06:06:14,621 [OMDoubleBufferFlushThread] INFO  ratis.OzoneManagerDoubleBuffer (OzoneManagerDoubleBuffer.java:canFlush(638)) - OMDoubleBuffer flush thread OMDoubleBufferFlushThread is interrupted and will exit.
2023-08-24 06:06:14,621 [Time-limited test] INFO  om.OzoneManager (OzoneManager.java:stopSecretManager(1063)) - Stopping secret key client.
2023-08-24 06:06:14,621 [Time-limited test] INFO  om.OzoneManager (OzoneManager.java:stopSecretManager(1068)) - Stopping OM delegation token secret manager.
2023-08-24 06:06:14,621 [Time-limited test] INFO  rocksdiff.RocksDBCheckpointDiffer (RocksDBCheckpointDiffer.java:close(340)) - Shutting down CompactionDagPruningService.
2023-08-24 06:06:14,622 [Time-limited test] INFO  snapshot.SnapshotDiffManager (SnapshotDiffManager.java:closeExecutorService(1720)) - Shutting down executorService: 'SnapDiffExecutor'
2023-08-24 06:06:14,622 [Time-limited test] INFO  snapshot.SnapshotDiffManager (SnapshotDiffManager.java:closeExecutorService(1720)) - Shutting down executorService: 'SstDumpToolExecutor'
2023-08-24 06:06:14,622 [Time-limited test] INFO  utils.BackgroundService (BackgroundService.java:shutdown(141)) - Shutting down service SnapshotDiffCleanupService
]]></system-out>
  </testcase>
  <testcase name="testDelegationTokenRenewal" classname="org.apache.hadoop.ozone.TestSecureOzoneCluster" time="10.274">
    <system-out><![CDATA[2023-08-24 06:06:14,644 [Time-limited test] INFO  net.ServerSocketUtil (ServerSocketUtil.java:getPort(55)) - Using port 9860
2023-08-24 06:06:14,644 [Time-limited test] INFO  net.ServerSocketUtil (ServerSocketUtil.java:getPort(55)) - Using port 9861
2023-08-24 06:06:14,644 [Time-limited test] INFO  net.ServerSocketUtil (ServerSocketUtil.java:getPort(55)) - Using port 9863
2023-08-24 06:06:14,644 [Time-limited test] INFO  net.ServerSocketUtil (ServerSocketUtil.java:getPort(55)) - Using port 9961
2023-08-24 06:06:14,644 [Time-limited test] INFO  net.ServerSocketUtil (ServerSocketUtil.java:getPort(55)) - Using port 1200
2023-08-24 06:06:14,644 [Time-limited test] INFO  net.ServerSocketUtil (ServerSocketUtil.java:getPort(55)) - Using port 1201
2023-08-24 06:06:14,645 [Time-limited test] INFO  minikdc.MiniKdc (MiniKdc.java:<init>(225)) - Configuration:
2023-08-24 06:06:14,645 [Time-limited test] INFO  minikdc.MiniKdc (MiniKdc.java:<init>(226)) - ---------------------------------------------------------------
2023-08-24 06:06:14,645 [Time-limited test] INFO  minikdc.MiniKdc (MiniKdc.java:<init>(228)) -   debug: false
2023-08-24 06:06:14,645 [Time-limited test] INFO  minikdc.MiniKdc (MiniKdc.java:<init>(228)) -   transport: TCP
2023-08-24 06:06:14,645 [Time-limited test] INFO  minikdc.MiniKdc (MiniKdc.java:<init>(228)) -   max.ticket.lifetime: 86400000
2023-08-24 06:06:14,645 [Time-limited test] INFO  minikdc.MiniKdc (MiniKdc.java:<init>(228)) -   org.name: EXAMPLE
2023-08-24 06:06:14,645 [Time-limited test] INFO  minikdc.MiniKdc (MiniKdc.java:<init>(228)) -   kdc.port: 0
2023-08-24 06:06:14,645 [Time-limited test] INFO  minikdc.MiniKdc (MiniKdc.java:<init>(228)) -   org.domain: COM
2023-08-24 06:06:14,645 [Time-limited test] INFO  minikdc.MiniKdc (MiniKdc.java:<init>(228)) -   max.renewable.lifetime: 604800000
2023-08-24 06:06:14,645 [Time-limited test] INFO  minikdc.MiniKdc (MiniKdc.java:<init>(228)) -   instance: DefaultKrbServer
2023-08-24 06:06:14,645 [Time-limited test] INFO  minikdc.MiniKdc (MiniKdc.java:<init>(228)) -   kdc.bind.address: localhost
2023-08-24 06:06:14,645 [Time-limited test] INFO  minikdc.MiniKdc (MiniKdc.java:<init>(230)) - ---------------------------------------------------------------
2023-08-24 06:06:14,646 [Time-limited test] INFO  minikdc.MiniKdc (MiniKdc.java:start(285)) - MiniKdc started.
2023-08-24 06:06:14,878 [Time-limited test] INFO  om.OzoneManager (OzoneManager.java:getOmDetailsProto(4552)) - OzoneManager ports added:[name: "RPC"
value: 1202
]
2023-08-24 06:06:14,879 [Time-limited test] WARN  server.ServerUtils (ServerUtils.java:getDBPath(311)) - ozone.om.db.dirs is not configured. We recommend adding this setting. Falling back to ozone.metadata.dirs instead.
2023-08-24 06:06:14,881 [Time-limited test] INFO  ha.OMHANodeDetails (OMHANodeDetails.java:loadOMHAConfig(115)) - ozone.om.internal.service.id is not defined, falling back to ozone.om.service.ids to find serviceID for OzoneManager if it is HA enabled cluster
2023-08-24 06:06:14,881 [Time-limited test] INFO  ha.OMHANodeDetails (OMHANodeDetails.java:loadOMHAConfig(226)) - Configuration does not have ozone.om.address set. Falling back to the default OM address fv-az582-512.vyw2dcplbgbehesrvt3jseauje.cx.internal.cloudapp.net/10.1.0.20:1202
2023-08-24 06:06:14,881 [Time-limited test] INFO  ha.OMHANodeDetails (OMHANodeDetails.java:getOMNodeDetailsForNonHA(254)) - OM Service ID is not set. Setting it to the default ID: omServiceIdDefault
2023-08-24 06:06:14,881 [Time-limited test] INFO  ha.OMHANodeDetails (OMHANodeDetails.java:getOMNodeDetailsForNonHA(261)) - OM Node ID is not set. Setting it to the default ID: om1
2023-08-24 06:06:14,881 [Time-limited test] WARN  server.ServerUtils (ServerUtils.java:getDBPath(311)) - ozone.om.db.dirs is not configured. We recommend adding this setting. Falling back to ozone.metadata.dirs instead.
2023-08-24 06:06:14,882 [Time-limited test] INFO  upgrade.AbstractLayoutVersionManager (AbstractLayoutVersionManager.java:init(83)) - Initializing Layout version manager with metadata layout = QUOTA (version = 6), software layout = QUOTA (version = 6)
2023-08-24 06:06:14,945 [Time-limited test] INFO  reflections.Reflections (Reflections.java:scan(232)) - Reflections took 62 ms to scan 2 urls, producing 188 keys and 512 values [using 2 cores]
2023-08-24 06:06:14,946 [Time-limited test] INFO  upgrade.OMLayoutVersionManager (OMLayoutVersionManager.java:lambda$0(115)) - Skipping Upgrade Action QuotaRepairUpgradeAction since it has been finalized.
2023-08-24 06:06:14,946 [Time-limited test] INFO  upgrade.OMLayoutVersionManager (OMLayoutVersionManager.java:lambda$0(115)) - Skipping Upgrade Action MockOmUpgradeAction since it has been finalized.
2023-08-24 06:06:14,949 [pool-519-thread-1] INFO  request.KdcRequest (KdcRequest.java:preauth(651)) - The preauth data is empty.
2023-08-24 06:06:14,949 [pool-519-thread-1] INFO  server.KdcHandler (KdcHandler.java:handleRecoverableException(177)) - KRB error occurred while processing request:Additional pre-authentication required
2023-08-24 06:06:14,951 [pool-519-thread-1] INFO  request.AsRequest (AsRequest.java:issueTicket(112)) - AS_REQ ISSUE: authtime 1692857174951,om/fv-az582-512.vyw2dcplbgbehesrvt3jseauje.cx.internal.cloudapp.net@EXAMPLE.COM for krbtgt/EXAMPLE.COM@EXAMPLE.COM
2023-08-24 06:06:14,952 [Time-limited test] INFO  security.UserGroupInformation (UserGroupInformation.java:loginUserFromKeytab(1132)) - Login successful for user om/fv-az582-512.vyw2dcplbgbehesrvt3jseauje.cx.internal.cloudapp.net@EXAMPLE.COM using keytab file om.keytab. Keytab auto renewal enabled : false
2023-08-24 06:06:14,953 [Time-limited test] INFO  om.OzoneManager (OzoneManager.java:loginOMUser(1161)) - Ozone Manager login successful.
2023-08-24 06:06:14,953 [Time-limited test] WARN  server.ServerUtils (ServerUtils.java:getDBPath(311)) - ozone.om.db.dirs is not configured. We recommend adding this setting. Falling back to ozone.metadata.dirs instead.
2023-08-24 06:06:14,953 [Time-limited test] INFO  proxy.SCMBlockLocationFailoverProxyProvider (SCMBlockLocationFailoverProxyProvider.java:<init>(114)) - Created block location fail-over proxy with 1 nodes: [nodeId=scmNodeId,nodeAddress=localhost/127.0.0.1:9863]
2023-08-24 06:06:14,954 [Time-limited test] INFO  om.OzoneManager (OzoneManager.java:getOmDetailsProto(4552)) - OzoneManager ports added:[name: "RPC"
value: 1202
]
2023-08-24 06:06:14,955 [Time-limited test] INFO  security.OMCertificateClient (DefaultCertificateClient.java:updateCertSerialId(1244)) - Certificate serial ID set to 9879877970576
2023-08-24 06:06:14,955 [Time-limited test] WARN  security.OMCertificateClient (DefaultCertificateClient.java:loadAllCertificates(173)) - Certificates could not be loaded.
java.nio.file.NoSuchFileException: /tmp/junit9159337916014580584/junit2327682088837766132/om-meta/om/certs
	at sun.nio.fs.UnixException.translateToIOException(UnixException.java:86)
	at sun.nio.fs.UnixException.rethrowAsIOException(UnixException.java:102)
	at sun.nio.fs.UnixException.rethrowAsIOException(UnixException.java:107)
	at sun.nio.fs.UnixFileSystemProvider.newDirectoryStream(UnixFileSystemProvider.java:427)
	at java.nio.file.Files.newDirectoryStream(Files.java:457)
	at java.nio.file.Files.list(Files.java:3451)
	at org.apache.hadoop.hdds.security.x509.certificate.client.DefaultCertificateClient.loadAllCertificates(DefaultCertificateClient.java:168)
	at org.apache.hadoop.hdds.security.x509.certificate.client.DefaultCertificateClient.updateCertSerialId(DefaultCertificateClient.java:1245)
	at org.apache.hadoop.hdds.security.x509.certificate.client.DefaultCertificateClient.<init>(DefaultCertificateClient.java:157)
	at org.apache.hadoop.hdds.security.x509.certificate.client.CommonCertificateClient.<init>(CommonCertificateClient.java:49)
	at org.apache.hadoop.ozone.security.OMCertificateClient.<init>(OMCertificateClient.java:68)
	at org.apache.hadoop.ozone.om.OzoneManager.<init>(OzoneManager.java:640)
	at org.apache.hadoop.ozone.om.OzoneManager.createOm(OzoneManager.java:754)
	at org.apache.hadoop.ozone.TestSecureOzoneCluster.setupOm(TestSecureOzoneCluster.java:701)
	at org.apache.hadoop.ozone.TestSecureOzoneCluster.testDelegationTokenRenewal(TestSecureOzoneCluster.java:626)
	at sun.reflect.NativeMethodAccessorImpl.invoke0(Native Method)
	at sun.reflect.NativeMethodAccessorImpl.invoke(NativeMethodAccessorImpl.java:62)
	at sun.reflect.DelegatingMethodAccessorImpl.invoke(DelegatingMethodAccessorImpl.java:43)
	at java.lang.reflect.Method.invoke(Method.java:498)
	at org.junit.runners.model.FrameworkMethod$1.runReflectiveCall(FrameworkMethod.java:59)
	at org.junit.internal.runners.model.ReflectiveCallable.run(ReflectiveCallable.java:12)
	at org.junit.runners.model.FrameworkMethod.invokeExplosively(FrameworkMethod.java:56)
	at org.junit.internal.runners.statements.InvokeMethod.evaluate(InvokeMethod.java:17)
	at org.junit.internal.runners.statements.RunBefores.evaluate(RunBefores.java:26)
	at org.junit.internal.runners.statements.RunAfters.evaluate(RunAfters.java:27)
	at org.junit.rules.ExternalResource$1.evaluate(ExternalResource.java:54)
	at org.junit.internal.runners.statements.FailOnTimeout$CallableStatement.call(FailOnTimeout.java:288)
	at org.junit.internal.runners.statements.FailOnTimeout$CallableStatement.call(FailOnTimeout.java:282)
	at java.util.concurrent.FutureTask.run(FutureTask.java:266)
	at java.lang.Thread.run(Thread.java:750)
2023-08-24 06:06:14,959 [Time-limited test] INFO  om.OzoneManager (OzoneManager.java:<init>(662)) - OM start with adminUsers: [om/fv-az582-512.vyw2dcplbgbehesrvt3jseauje.cx.internal.cloudapp.net@EXAMPLE.COM, om]
2023-08-24 06:06:14,960 [Time-limited test] WARN  server.ServerUtils (ServerUtils.java:getDBPath(311)) - ozone.om.db.dirs is not configured. We recommend adding this setting. Falling back to ozone.metadata.dirs instead.
2023-08-24 06:06:14,961 [Time-limited test] INFO  helpers.OmKeyInfo (OmKeyInfo.java:getCodec(71)) - OmKeyInfo.getCodec ignorePipeline = true
2023-08-24 06:06:15,122 [Time-limited test] INFO  om.OzoneManager (OzoneManager.java:instantiateServices(791)) - S3 Multi-Tenancy is disabled
2023-08-24 06:06:15,123 [Time-limited test] INFO  security.OzoneSecretStore (OzoneSecretStore.java:loadState(69)) - Loaded 0 tokens
2023-08-24 06:06:15,123 [Time-limited test] INFO  security.OzoneDelegationTokenSecretManager (OzoneDelegationTokenSecretManager.java:loadTokenSecretState(530)) - Loading token state into token manager.
2023-08-24 06:06:15,123 [Time-limited test] INFO  om.OmSnapshotManager (OmSnapshotManager.java:<init>(175)) - Ozone filesystem snapshot feature is enabled.
2023-08-24 06:06:15,123 [Time-limited test] WARN  server.ServerUtils (ServerUtils.java:getDBPath(311)) - ozone.om.snapshot.diff.db.dir is not configured. We recommend adding this setting. Falling back to ozone.metadata.dirs instead.
2023-08-24 06:06:15,141 [Time-limited test] INFO  snapshot.SnapshotDiffManager (SnapshotDiffManager.java:closeExecutorService(1720)) - Shutting down executorService: 'SstDumpToolExecutor'
2023-08-24 06:06:15,143 [Time-limited test] INFO  om.OzoneManager (OzoneManager.java:addS3GVolumeToDB(4284)) - Created Volume s3v With Owner om required for S3Gateway operations.
2023-08-24 06:06:15,143 [Time-limited test] WARN  server.ServerUtils (ServerUtils.java:getDefaultRatisDirectory(323)) - Storage directory for Ratis is not configured. It is a good idea to map this to an SSD disk. Falling back to ozone.metadata.dirs
2023-08-24 06:06:15,143 [Time-limited test] WARN  utils.OzoneManagerRatisUtils (OzoneManagerRatisUtils.java:getOMRatisSnapshotDirectory(461)) - ozone.om.ratis.snapshot.dir is not configured. Falling back to ozone.metadata.dirs config
2023-08-24 06:06:15,143 [Time-limited test] WARN  server.ServerUtils (ServerUtils.java:getDefaultRatisDirectory(323)) - Storage directory for Ratis is not configured. It is a good idea to map this to an SSD disk. Falling back to ozone.metadata.dirs
2023-08-24 06:06:15,144 [Time-limited test] INFO  ratis.OzoneManagerRatisServer (OzoneManagerRatisServer.java:<init>(163)) - Instantiating OM Ratis server with groupID: omServiceIdDefault and peers: fv-az582-512.vyw2dcplbgbehesrvt3jseauje.cx.internal.cloudapp.net:9872
2023-08-24 06:06:15,145 [Time-limited test] INFO  ratis.OzoneManagerStateMachine (OzoneManagerStateMachine.java:loadSnapshotInfoFromDB(687)) - LastAppliedIndex is set from TransactionInfo from OM DB as (t:0, i:~)
2023-08-24 06:06:15,147 [Time-limited test] INFO  server.RaftServer (ConfUtils.java:logGet(46)) - raft.rpc.type = GRPC (default)
2023-08-24 06:06:15,147 [Time-limited test] INFO  grpc.GrpcConfigKeys (ConfUtils.java:logFallback(53)) - raft.grpc.admin.host = null (fallback to raft.grpc.server.host)
2023-08-24 06:06:15,147 [Time-limited test] INFO  grpc.GrpcConfigKeys (ConfUtils.java:logFallback(53)) - raft.grpc.admin.port = 9872 (fallback to raft.grpc.server.port)
2023-08-24 06:06:15,147 [Time-limited test] INFO  grpc.GrpcConfigKeys (ConfUtils.java:logFallback(53)) - raft.grpc.client.host = null (fallback to raft.grpc.server.host)
2023-08-24 06:06:15,147 [Time-limited test] INFO  grpc.GrpcConfigKeys (ConfUtils.java:logFallback(53)) - raft.grpc.client.port = 9872 (fallback to raft.grpc.server.port)
2023-08-24 06:06:15,147 [Time-limited test] INFO  grpc.GrpcConfigKeys (ConfUtils.java:logGet(46)) - raft.grpc.server.host = null (default)
2023-08-24 06:06:15,147 [Time-limited test] INFO  grpc.GrpcConfigKeys (ConfUtils.java:logGet(46)) - raft.grpc.server.port = 9872 (custom)
2023-08-24 06:06:15,147 [Time-limited test] INFO  server.GrpcService (ConfUtils.java:logGet(46)) - raft.grpc.message.size.max = 33554432 (custom)
2023-08-24 06:06:15,147 [Time-limited test] INFO  server.RaftServerConfigKeys (ConfUtils.java:logGet(46)) - raft.server.log.appender.buffer.byte-limit = 33554432 (custom)
2023-08-24 06:06:15,147 [Time-limited test] INFO  server.GrpcService (ConfUtils.java:logGet(46)) - raft.grpc.flow.control.window = 1MB (=1048576) (default)
2023-08-24 06:06:15,147 [Time-limited test] INFO  server.RaftServerConfigKeys (ConfUtils.java:logGet(46)) - raft.server.rpc.request.timeout = 3000ms (default)
2023-08-24 06:06:15,147 [Time-limited test] INFO  grpc.GrpcConfigKeys (ConfUtils.java:logGet(46)) - raft.grpc.server.heartbeat.channel = true (default)
2023-08-24 06:06:15,147 [Time-limited test] INFO  grpc.GrpcConfigKeys (ConfUtils.java:logGet(46)) - raft.grpc.server.async.request.thread.pool.cached = true (default)
2023-08-24 06:06:15,147 [Time-limited test] INFO  grpc.GrpcConfigKeys (ConfUtils.java:logGet(46)) - raft.grpc.server.async.request.thread.pool.size = 32 (default)
2023-08-24 06:06:15,148 [Time-limited test] INFO  impl.DataStreamServerImpl (ConfUtils.java:logGet(46)) - raft.datastream.type = DISABLED (default)
2023-08-24 06:06:15,149 [Time-limited test] INFO  server.RaftServerConfigKeys (ConfUtils.java:logGet(46)) - raft.server.threadpool.proxy.cached = true (default)
2023-08-24 06:06:15,149 [Time-limited test] INFO  server.RaftServerConfigKeys (ConfUtils.java:logGet(46)) - raft.server.threadpool.proxy.size = 0 (default)
2023-08-24 06:06:15,149 [Time-limited test] INFO  server.RaftServerConfigKeys (ConfUtils.java:logGet(46)) - raft.server.rpc.slowness.timeout = 120s (custom)
2023-08-24 06:06:15,149 [Time-limited test] INFO  server.RaftServerConfigKeys (ConfUtils.java:logGet(46)) - raft.server.leaderelection.leader.step-down.wait-time = 10s (default)
2023-08-24 06:06:15,149 [Time-limited test] INFO  server.RaftServerConfigKeys (ConfUtils.java:logGet(46)) - raft.server.storage.dir = [/tmp/junit9159337916014580584/junit2327682088837766132/om-meta/ratis] (custom)
2023-08-24 06:06:15,151 [Time-limited test] INFO  server.RaftServer (RaftServerProxy.java:addNew(98)) - om1: addNew group-C5BA1605619E:[om1|rpc:fv-az582-512.vyw2dcplbgbehesrvt3jseauje.cx.internal.cloudapp.net:9872|priority:0|startupRole:FOLLOWER] returns group-C5BA1605619E:java.util.concurrent.CompletableFuture@3bfca6d[Not completed]
2023-08-24 06:06:15,151 [Time-limited test] INFO  om.OzoneManager (OzoneManager.java:initializeRatisServer(2128)) - OzoneManager Ratis server initialized at port 9872
RaftServerImpl.java:<init>(198)) - om1: new RaftServerImpl for group-C5BA1605619E:[om1|rpc:fv-az582-512.vyw2dcplbgbehesrvt3jseauje.cx.internal.cloudapp.net:9872|priority:0|startupRole:FOLLOWER] with OzoneManagerStateMachine:uninitialized
2023-08-24 06:06:15,151 [Time-limited test] INFO  om.OzoneManager (OzoneManager.java:initializeRatisServer(2128)) - OzoneManager Ratis server initialized at port 9872
2023-08-24 06:06:15,151 [Time-limited test] INFO  om.OzoneManager (OzoneManager.java:getRpcServer(1193)) - Creating RPC Server
ConfUtils.java:logGet(46)) - raft.server.rpc.timeout.min = 5s (custom)
2023-08-24 06:06:15,151 [Time-limited test] INFO  om.OzoneManager (OzoneManager.java:getRpcServer(1193)) - Creating RPC Server
2023-08-24 06:06:15,152 [om1-groupManagement] INFO  server.RaftServerConfigKeys (ConfUtils.java:logGet(46)) - raft.server.rpc.timeout.max = 5200ms (custom)
2023-08-24 06:06:15,152 [om1-groupManagement] INFO  server.RaftServerConfigKeys (ConfUtils.java:logGet(46)) - raft.server.rpc.sleep.time = 25ms (default)
2023-08-24 06:06:15,152 [om1-groupManagement] INFO  server.RaftServerConfigKeys (ConfUtils.java:logGet(46)) - raft.server.rpc.slowness.timeout = 120s (custom)
2023-08-24 06:06:15,152 [om1-groupManagement] INFO  server.RaftServerConfigKeys (ConfUtils.java:logGet(46)) - raft.server.leaderelection.leader.step-down.wait-time = 10s (default)
2023-08-24 06:06:15,152 [om1-groupManagement] INFO  server.RaftServerConfigKeys (ConfUtils.java:logGet(46)) - raft.server.sleep.deviation.threshold = 300ms (default)
2023-08-24 06:06:15,152 [om1-groupManagement] INFO  server.RaftServer$Division (ServerState.java:<init>(120)) - om1@group-C5BA1605619E: ConfigurationManager, init=-1: peers:[om1|rpc:fv-az582-512.vyw2dcplbgbehesrvt3jseauje.cx.internal.cloudapp.net:9872|priority:0|startupRole:FOLLOWER]|listeners:[], old=null, confs=<EMPTY_MAP>
2023-08-24 06:06:15,152 [om1-groupManagement] INFO  server.RaftServerConfigKeys (ConfUtils.java:logGet(46)) - raft.server.storage.dir = [/tmp/junit9159337916014580584/junit2327682088837766132/om-meta/ratis] (custom)
2023-08-24 06:06:15,152 [om1-groupManagement] INFO  server.RaftServerConfigKeys (ConfUtils.java:logGet(46)) - raft.server.log.corruption.policy = EXCEPTION (default)
2023-08-24 06:06:15,152 [om1-groupManagement] INFO  server.RaftServerConfigKeys (ConfUtils.java:logGet(46)) - raft.server.storage.free-space.min = 0MB (=0) (default)
2023-08-24 06:06:15,152 [om1-groupManagement] INFO  server.RaftServerConfigKeys (ConfUtils.java:logGet(46)) - raft.server.notification.no-leader.timeout = 120s (custom)
2023-08-24 06:06:15,152 [om1-groupManagement] INFO  server.RaftServerConfigKeys (ConfUtils.java:logGet(46)) - raft.server.read.timeout = 10s (default)
2023-08-24 06:06:15,153 [om1-groupManagement] INFO  server.RaftServerConfigKeys (ConfUtils.java:logGet(46)) - raft.server.retrycache.expirytime = 300s (custom)
2023-08-24 06:06:15,153 [om1-groupManagement] INFO  server.RaftServerConfigKeys (ConfUtils.java:logGet(46)) - raft.server.retrycache.statistics.expirytime = 100μs (default)
2023-08-24 06:06:15,153 [om1-groupManagement] INFO  server.RaftServerConfigKeys (ConfUtils.java:logGet(46)) - raft.server.read.option = DEFAULT (default)
2023-08-24 06:06:15,154 [om1-groupManagement] INFO  server.RaftServerConfigKeys (ConfUtils.java:logGet(46)) - raft.server.rpc.request.timeout = 3000ms (default)
2023-08-24 06:06:15,154 [om1-groupManagement] INFO  server.RaftServerConfigKeys (ConfUtils.java:logGet(46)) - raft.server.log.appender.install.snapshot.enabled = false (custom)
2023-08-24 06:06:15,154 [om1-groupManagement] INFO  server.RaftServerConfigKeys (ConfUtils.java:logGet(46)) - raft.server.threadpool.server.cached = true (default)
2023-08-24 06:06:15,154 [om1-groupManagement] INFO  server.RaftServerConfigKeys (ConfUtils.java:logGet(46)) - raft.server.threadpool.server.size = 0 (default)
2023-08-24 06:06:15,154 [om1-groupManagement] INFO  server.RaftServerConfigKeys (ConfUtils.java:logGet(46)) - raft.server.threadpool.client.cached = true (default)
2023-08-24 06:06:15,154 [om1-groupManagement] INFO  server.RaftServerConfigKeys (ConfUtils.java:logGet(46)) - raft.server.threadpool.client.size = 0 (default)
2023-08-24 06:06:15,452 [Time-limited test] INFO  reflections.Reflections (Reflections.java:scan(232)) - Reflections took 299 ms to scan 19 urls, producing 70 keys and 5648 values [using 2 cores]
2023-08-24 06:06:15,453 [Time-limited test] INFO  ipc.CallQueueManager (CallQueueManager.java:<init>(90)) - Using callQueue: class java.util.concurrent.LinkedBlockingQueue, queueCapacity: 10000, scheduler: class org.apache.hadoop.ipc.DefaultRpcScheduler, ipcBackoff: false.
2023-08-24 06:06:15,454 [Time-limited test] INFO  ipc.Server (Server.java:<init>(1287)) - Listener at fv-az582-512.vyw2dcplbgbehesrvt3jseauje.cx.internal.cloudapp.net:1202
2023-08-24 06:06:15,454 [Socket Reader #1 for port 1202] INFO  ipc.Server (Server.java:run(1323)) - Starting Socket Reader #1 for port 1202
2023-08-24 06:06:15,727 [Time-limited test] INFO  utils.SelfSignedCertificate (SelfSignedCertificate.java:generateCertificate(157)) - Certificate 1 is issued by CN=rootCA@localhost,OU=scm1,O=cluster1 to CN=rootCA@localhost,OU=scm1,O=cluster1, valid from Thu Aug 24 06:06:15 UTC 2023 to Sun Oct 01 06:06:15 UTC 2028
2023-08-24 06:06:15,730 [Time-limited test] INFO  authority.DefaultApprover (DefaultApprover.java:sign(154)) - Extensions in CSR: 2.5.29.15
2023-08-24 06:06:15,730 [Time-limited test] INFO  authority.DefaultApprover (DefaultApprover.java:sign(158)) - Extensions to add to the certificate if they present in CSR: 2.5.29.17, 2.5.29.19, 1.3.6.1.5.5.7.1.12, 2.5.29.35, 2.5.29.37, 2.5.29.15
2023-08-24 06:06:15,732 [Time-limited test] INFO  ssl.ReloadingX509KeyManager (ReloadingX509KeyManager.java:loadKeyManager(222)) - Key manager is loaded with certificate chain
2023-08-24 06:06:15,733 [Time-limited test] INFO  ssl.ReloadingX509KeyManager (ReloadingX509KeyManager.java:loadKeyManager(224)) - [
[
  Version: V3
  Subject: O=cluster1, OU=scm1, CN=localhost
  Signature Algorithm: SHA256withRSA, OID = 1.2.840.113549.1.1.11

  Key:  Sun RSA public key, 2048 bits
  params: null
  modulus: 20540676391854383198965640861958898920196932287435006411823363827284232536370705608328949216717896141130358660945328224519857231923838820253645615112492426191153927295551087772525627426045925295604089658223208400157163170410007525570080282029650923418777702495459453812808422921323216026858905628216074699530224781926071625533755999222776723020645062487648836768684043528890758385443013865775077084158688128016241847852380059342099114282805594981231454379628675872933629121666515643840780212061550558388877563151317309796826173539424017945401291276036553633800391072086366027762389636998378134578168972159541668303749
  public exponent: 65537
  Validity: [From: Thu Aug 24 06:06:15 UTC 2023,
               To: Fri Aug 23 06:06:15 UTC 2024]
  Issuer: O=cluster1, OU=scm1, CN=rootCA@localhost
  SerialNumber: [    017e8b0e 0c69]

Certificate Extensions: 1
[1]: ObjectId: 2.5.29.15 Criticality=true
KeyUsage [
  DigitalSignature
  Key_Encipherment
  Data_Encipherment
  Key_Agreement
]

]
  Algorithm: [SHA256withRSA]
  Signature:
0000: 3A A9 95 74 FC 22 61 D7   2F AF FC 22 13 06 EE C5  :..t."a./.."....
0010: 3D 6F E7 83 83 ED 17 21   17 22 5F 6C F8 FB AE 32  =o.....!."_l...2
0020: 08 A7 10 6E E6 7D EA 26   99 68 E5 5C 01 66 DD 73  ...n...&.h.\.f.s
0030: 99 1D 13 72 91 07 8F 79   87 68 AD 0B C6 FF 1F 5E  ...r...y.h.....^
0040: 19 B5 36 F7 AF EA 0F 6A   67 E3 1C B1 BA BD 51 61  ..6....jg.....Qa
0050: ED 04 D4 1D A6 79 89 51   F9 A5 4A EC 8D 2B 48 31  .....y.Q..J..+H1
0060: E6 9E 61 A7 00 75 68 3E   DD E1 DE FD 02 FF 63 B3  ..a..uh>......c.
0070: C2 99 07 80 ED AA 44 99   AF 9C AC 97 80 A3 EC F4  ......D.........
0080: 4D D8 82 44 68 F6 F1 F9   8F 92 F3 28 B4 AC 33 70  M..Dh......(..3p
0090: EB B8 66 3E 04 0B EB FD   69 A3 E3 CF 72 43 9B FD  ..f>....i...rC..
00A0: 5D 3C BF 74 4F 9A A7 8E   BA D1 3C 6E 64 E6 A9 9E  ]<.tO.....<nd...
00B0: 47 A4 65 0A 99 A4 1D D5   BA 39 F8 62 E7 85 1E 48  G.e......9.b...H
00C0: AD 9E 13 84 3C 21 1E 1D   1F DB E2 FF C3 68 93 ED  ....<!.......h..
00D0: 48 42 55 79 FF 83 EC 58   80 07 51 3B E7 15 3B 0D  HBUy...X..Q;..;.
00E0: 3D 0D D2 88 92 F0 1F B9   E2 65 10 D6 C8 6E B1 E1  =........e...n..
00F0: 02 4D 1E 84 85 9C 66 10   89 C9 94 D8 61 00 D5 C2  .M....f.....a...

]
2023-08-24 06:06:15,733 [Time-limited test] INFO  ssl.ReloadingX509KeyManager (ReloadingX509KeyManager.java:loadKeyManager(224)) - [
[
  Version: V3
  Subject: O=cluster1, OU=scm1, CN=rootCA@localhost
  Signature Algorithm: SHA256withRSA, OID = 1.2.840.113549.1.1.11

  Key:  Sun RSA public key, 2048 bits
  params: null
  modulus: 20049468877514332432513768345884663393411178769160672036658561491817824209509569137948364138262423357800767596294415436438718206118873397789552264293115780194460918938639230551574741253932533574241270361803524250796029847472276614884619812048878941552804414350149453778997386034418771770822560477355056573226486475613872887125849941049209235228437238720029598135312680132983999092722735510706443159361270832814233686196771700958559981521543649744006682757688962246719945240099904498278938937348316620171900760684146646630096237833301550191500800431601974144378332551851425669388690478614928668644407337984084196679161
  public exponent: 65537
  Validity: [From: Thu Aug 24 06:06:15 UTC 2023,
               To: Sun Oct 01 06:06:15 UTC 2028]
  Issuer: O=cluster1, OU=scm1, CN=rootCA@localhost
  SerialNumber: [    01]

Certificate Extensions: 2
[1]: ObjectId: 2.5.29.19 Criticality=true
BasicConstraints:[
  CA:true
  PathLen:2147483647
]

[2]: ObjectId: 2.5.29.15 Criticality=true
KeyUsage [
  Key_CertSign
  Crl_Sign
]

]
  Algorithm: [SHA256withRSA]
  Signature:
0000: 46 75 F8 D6 57 45 02 3D   CB C1 A5 E9 6E F0 AC 4E  Fu..WE.=....n..N
0010: DF DA 02 11 D7 F1 4F 62   50 DB 5D A6 79 47 29 2F  ......ObP.].yG)/
0020: 59 DC A4 36 0B 8D FF 67   74 B6 C6 A6 5C CA 61 DA  Y..6...gt...\.a.
0030: 68 A3 6D 37 3E 07 BE 88   3D 85 21 C9 20 3F 00 7F  h.m7>...=.!. ?..
0040: 54 1E 4B 94 2C 6B 45 7F   A4 F7 28 43 81 E4 7F B0  T.K.,kE...(C....
0050: DE F7 4B 02 D3 05 11 B5   DB F8 ED 11 F1 43 0D BA  ..K..........C..
0060: 48 14 99 2F 3F 01 26 85   71 13 35 0E 2E 9D 64 CD  H../?.&.q.5...d.
0070: 8C 7B AD B2 81 63 C8 4C   09 83 19 FB 2C 5A E3 D7  .....c.L....,Z..
0080: 5A FD A3 3D B6 7F 2F 30   C3 B6 A8 F7 FF F6 3E 33  Z..=../0......>3
0090: C3 99 8F E4 01 46 B7 A1   43 B6 19 31 14 13 A0 D2  .....F..C..1....
00A0: 76 98 6C 6E 30 F2 7A E6   C7 5D 3A D5 A0 40 DC 5A  v.ln0.z..]:..@.Z
00B0: FF 68 27 E5 93 50 84 1E   53 88 AB D9 9F 91 3A B7  .h'..P..S.....:.
00C0: FC B4 AD 1F 74 CB E9 28   F0 00 78 D6 FA A0 C1 93  ....t..(..x.....
00D0: 28 D0 F3 6F 7B 9B 1F 3E   A0 82 98 F9 6F 4E 80 52  (..o...>....oN.R
00E0: 5F 88 90 61 60 B9 84 F5   85 2D 4D CC 9E A2 7C F1  _..a`....-M.....
00F0: 57 1B 54 74 FB D9 FF DD   A9 14 B6 54 33 68 02 F2  W.Tt.......T3h..

]
2023-08-24 06:06:15,733 [Time-limited test] INFO  ssl.ReloadingX509TrustManager (ReloadingX509TrustManager.java:insertCertsToKeystore(188)) - Trust manager is loaded with certificates
2023-08-24 06:06:15,734 [Time-limited test] INFO  ssl.ReloadingX509TrustManager (ReloadingX509TrustManager.java:insertCertsToKeystore(192)) - [
[
  Version: V3
  Subject: O=cluster1, OU=scm1, CN=rootCA@localhost
  Signature Algorithm: SHA256withRSA, OID = 1.2.840.113549.1.1.11

  Key:  Sun RSA public key, 2048 bits
  params: null
  modulus: 20049468877514332432513768345884663393411178769160672036658561491817824209509569137948364138262423357800767596294415436438718206118873397789552264293115780194460918938639230551574741253932533574241270361803524250796029847472276614884619812048878941552804414350149453778997386034418771770822560477355056573226486475613872887125849941049209235228437238720029598135312680132983999092722735510706443159361270832814233686196771700958559981521543649744006682757688962246719945240099904498278938937348316620171900760684146646630096237833301550191500800431601974144378332551851425669388690478614928668644407337984084196679161
  public exponent: 65537
  Validity: [From: Thu Aug 24 06:06:15 UTC 2023,
               To: Sun Oct 01 06:06:15 UTC 2028]
  Issuer: O=cluster1, OU=scm1, CN=rootCA@localhost
  SerialNumber: [    01]

Certificate Extensions: 2
[1]: ObjectId: 2.5.29.19 Criticality=true
BasicConstraints:[
  CA:true
  PathLen:2147483647
]

[2]: ObjectId: 2.5.29.15 Criticality=true
KeyUsage [
  Key_CertSign
  Crl_Sign
]

]
  Algorithm: [SHA256withRSA]
  Signature:
0000: 46 75 F8 D6 57 45 02 3D   CB C1 A5 E9 6E F0 AC 4E  Fu..WE.=....n..N
0010: DF DA 02 11 D7 F1 4F 62   50 DB 5D A6 79 47 29 2F  ......ObP.].yG)/
0020: 59 DC A4 36 0B 8D FF 67   74 B6 C6 A6 5C CA 61 DA  Y..6...gt...\.a.
0030: 68 A3 6D 37 3E 07 BE 88   3D 85 21 C9 20 3F 00 7F  h.m7>...=.!. ?..
0040: 54 1E 4B 94 2C 6B 45 7F   A4 F7 28 43 81 E4 7F B0  T.K.,kE...(C....
0050: DE F7 4B 02 D3 05 11 B5   DB F8 ED 11 F1 43 0D BA  ..K..........C..
0060: 48 14 99 2F 3F 01 26 85   71 13 35 0E 2E 9D 64 CD  H../?.&.q.5...d.
0070: 8C 7B AD B2 81 63 C8 4C   09 83 19 FB 2C 5A E3 D7  .....c.L....,Z..
0080: 5A FD A3 3D B6 7F 2F 30   C3 B6 A8 F7 FF F6 3E 33  Z..=../0......>3
0090: C3 99 8F E4 01 46 B7 A1   43 B6 19 31 14 13 A0 D2  .....F..C..1....
00A0: 76 98 6C 6E 30 F2 7A E6   C7 5D 3A D5 A0 40 DC 5A  v.ln0.z..]:..@.Z
00B0: FF 68 27 E5 93 50 84 1E   53 88 AB D9 9F 91 3A B7  .h'..P..S.....:.
00C0: FC B4 AD 1F 74 CB E9 28   F0 00 78 D6 FA A0 C1 93  ....t..(..x.....
00D0: 28 D0 F3 6F 7B 9B 1F 3E   A0 82 98 F9 6F 4E 80 52  (..o...>....oN.R
00E0: 5F 88 90 61 60 B9 84 F5   85 2D 4D CC 9E A2 7C F1  _..a`....-M.....
00F0: 57 1B 54 74 FB D9 FF DD   A9 14 B6 54 33 68 02 F2  W.Tt.......T3h..

]
2023-08-24 06:06:15,734 [Time-limited test] INFO  ssl.ReloadingX509KeyManager (ReloadingX509KeyManager.java:loadKeyManager(222)) - Key manager is loaded with certificate chain
2023-08-24 06:06:15,734 [Time-limited test] INFO  ssl.ReloadingX509KeyManager (ReloadingX509KeyManager.java:loadKeyManager(224)) - [
[
  Version: V3
  Subject: O=cluster1, OU=scm1, CN=localhost
  Signature Algorithm: SHA256withRSA, OID = 1.2.840.113549.1.1.11

  Key:  Sun RSA public key, 2048 bits
  params: null
  modulus: 20540676391854383198965640861958898920196932287435006411823363827284232536370705608328949216717896141130358660945328224519857231923838820253645615112492426191153927295551087772525627426045925295604089658223208400157163170410007525570080282029650923418777702495459453812808422921323216026858905628216074699530224781926071625533755999222776723020645062487648836768684043528890758385443013865775077084158688128016241847852380059342099114282805594981231454379628675872933629121666515643840780212061550558388877563151317309796826173539424017945401291276036553633800391072086366027762389636998378134578168972159541668303749
  public exponent: 65537
  Validity: [From: Thu Aug 24 06:06:15 UTC 2023,
               To: Fri Aug 23 06:06:15 UTC 2024]
  Issuer: O=cluster1, OU=scm1, CN=rootCA@localhost
  SerialNumber: [    017e8b0e 0c69]

Certificate Extensions: 1
[1]: ObjectId: 2.5.29.15 Criticality=true
KeyUsage [
  DigitalSignature
  Key_Encipherment
  Data_Encipherment
  Key_Agreement
]

]
  Algorithm: [SHA256withRSA]
  Signature:
0000: 3A A9 95 74 FC 22 61 D7   2F AF FC 22 13 06 EE C5  :..t."a./.."....
0010: 3D 6F E7 83 83 ED 17 21   17 22 5F 6C F8 FB AE 32  =o.....!."_l...2
0020: 08 A7 10 6E E6 7D EA 26   99 68 E5 5C 01 66 DD 73  ...n...&.h.\.f.s
0030: 99 1D 13 72 91 07 8F 79   87 68 AD 0B C6 FF 1F 5E  ...r...y.h.....^
0040: 19 B5 36 F7 AF EA 0F 6A   67 E3 1C B1 BA BD 51 61  ..6....jg.....Qa
0050: ED 04 D4 1D A6 79 89 51   F9 A5 4A EC 8D 2B 48 31  .....y.Q..J..+H1
0060: E6 9E 61 A7 00 75 68 3E   DD E1 DE FD 02 FF 63 B3  ..a..uh>......c.
0070: C2 99 07 80 ED AA 44 99   AF 9C AC 97 80 A3 EC F4  ......D.........
0080: 4D D8 82 44 68 F6 F1 F9   8F 92 F3 28 B4 AC 33 70  M..Dh......(..3p
0090: EB B8 66 3E 04 0B EB FD   69 A3 E3 CF 72 43 9B FD  ..f>....i...rC..
00A0: 5D 3C BF 74 4F 9A A7 8E   BA D1 3C 6E 64 E6 A9 9E  ]<.tO.....<nd...
00B0: 47 A4 65 0A 99 A4 1D D5   BA 39 F8 62 E7 85 1E 48  G.e......9.b...H
00C0: AD 9E 13 84 3C 21 1E 1D   1F DB E2 FF C3 68 93 ED  ....<!.......h..
00D0: 48 42 55 79 FF 83 EC 58   80 07 51 3B E7 15 3B 0D  HBUy...X..Q;..;.
00E0: 3D 0D D2 88 92 F0 1F B9   E2 65 10 D6 C8 6E B1 E1  =........e...n..
00F0: 02 4D 1E 84 85 9C 66 10   89 C9 94 D8 61 00 D5 C2  .M....f.....a...

]
2023-08-24 06:06:15,734 [Time-limited test] INFO  ssl.ReloadingX509KeyManager (ReloadingX509KeyManager.java:loadKeyManager(224)) - [
[
  Version: V3
  Subject: O=cluster1, OU=scm1, CN=rootCA@localhost
  Signature Algorithm: SHA256withRSA, OID = 1.2.840.113549.1.1.11

  Key:  Sun RSA public key, 2048 bits
  params: null
  modulus: 20049468877514332432513768345884663393411178769160672036658561491817824209509569137948364138262423357800767596294415436438718206118873397789552264293115780194460918938639230551574741253932533574241270361803524250796029847472276614884619812048878941552804414350149453778997386034418771770822560477355056573226486475613872887125849941049209235228437238720029598135312680132983999092722735510706443159361270832814233686196771700958559981521543649744006682757688962246719945240099904498278938937348316620171900760684146646630096237833301550191500800431601974144378332551851425669388690478614928668644407337984084196679161
  public exponent: 65537
  Validity: [From: Thu Aug 24 06:06:15 UTC 2023,
               To: Sun Oct 01 06:06:15 UTC 2028]
  Issuer: O=cluster1, OU=scm1, CN=rootCA@localhost
  SerialNumber: [    01]

Certificate Extensions: 2
[1]: ObjectId: 2.5.29.19 Criticality=true
BasicConstraints:[
  CA:true
  PathLen:2147483647
]

[2]: ObjectId: 2.5.29.15 Criticality=true
KeyUsage [
  Key_CertSign
  Crl_Sign
]

]
  Algorithm: [SHA256withRSA]
  Signature:
0000: 46 75 F8 D6 57 45 02 3D   CB C1 A5 E9 6E F0 AC 4E  Fu..WE.=....n..N
0010: DF DA 02 11 D7 F1 4F 62   50 DB 5D A6 79 47 29 2F  ......ObP.].yG)/
0020: 59 DC A4 36 0B 8D FF 67   74 B6 C6 A6 5C CA 61 DA  Y..6...gt...\.a.
0030: 68 A3 6D 37 3E 07 BE 88   3D 85 21 C9 20 3F 00 7F  h.m7>...=.!. ?..
0040: 54 1E 4B 94 2C 6B 45 7F   A4 F7 28 43 81 E4 7F B0  T.K.,kE...(C....
0050: DE F7 4B 02 D3 05 11 B5   DB F8 ED 11 F1 43 0D BA  ..K..........C..
0060: 48 14 99 2F 3F 01 26 85   71 13 35 0E 2E 9D 64 CD  H../?.&.q.5...d.
0070: 8C 7B AD B2 81 63 C8 4C   09 83 19 FB 2C 5A E3 D7  .....c.L....,Z..
0080: 5A FD A3 3D B6 7F 2F 30   C3 B6 A8 F7 FF F6 3E 33  Z..=../0......>3
0090: C3 99 8F E4 01 46 B7 A1   43 B6 19 31 14 13 A0 D2  .....F..C..1....
00A0: 76 98 6C 6E 30 F2 7A E6   C7 5D 3A D5 A0 40 DC 5A  v.ln0.z..]:..@.Z
00B0: FF 68 27 E5 93 50 84 1E   53 88 AB D9 9F 91 3A B7  .h'..P..S.....:.
00C0: FC B4 AD 1F 74 CB E9 28   F0 00 78 D6 FA A0 C1 93  ....t..(..x.....
00D0: 28 D0 F3 6F 7B 9B 1F 3E   A0 82 98 F9 6F 4E 80 52  (..o...>....oN.R
00E0: 5F 88 90 61 60 B9 84 F5   85 2D 4D CC 9E A2 7C F1  _..a`....-M.....
00F0: 57 1B 54 74 FB D9 FF DD   A9 14 B6 54 33 68 02 F2  W.Tt.......T3h..

]
2023-08-24 06:06:15,735 [Time-limited test] INFO  ssl.ReloadingX509TrustManager (ReloadingX509TrustManager.java:insertCertsToKeystore(188)) - Trust manager is loaded with certificates
2023-08-24 06:06:15,735 [Time-limited test] INFO  ssl.ReloadingX509TrustManager (ReloadingX509TrustManager.java:insertCertsToKeystore(192)) - [
[
  Version: V3
  Subject: O=cluster1, OU=scm1, CN=rootCA@localhost
  Signature Algorithm: SHA256withRSA, OID = 1.2.840.113549.1.1.11

  Key:  Sun RSA public key, 2048 bits
  params: null
  modulus: 20049468877514332432513768345884663393411178769160672036658561491817824209509569137948364138262423357800767596294415436438718206118873397789552264293115780194460918938639230551574741253932533574241270361803524250796029847472276614884619812048878941552804414350149453778997386034418771770822560477355056573226486475613872887125849941049209235228437238720029598135312680132983999092722735510706443159361270832814233686196771700958559981521543649744006682757688962246719945240099904498278938937348316620171900760684146646630096237833301550191500800431601974144378332551851425669388690478614928668644407337984084196679161
  public exponent: 65537
  Validity: [From: Thu Aug 24 06:06:15 UTC 2023,
               To: Sun Oct 01 06:06:15 UTC 2028]
  Issuer: O=cluster1, OU=scm1, CN=rootCA@localhost
  SerialNumber: [    01]

Certificate Extensions: 2
[1]: ObjectId: 2.5.29.19 Criticality=true
BasicConstraints:[
  CA:true
  PathLen:2147483647
]

[2]: ObjectId: 2.5.29.15 Criticality=true
KeyUsage [
  Key_CertSign
  Crl_Sign
]

]
  Algorithm: [SHA256withRSA]
  Signature:
0000: 46 75 F8 D6 57 45 02 3D   CB C1 A5 E9 6E F0 AC 4E  Fu..WE.=....n..N
0010: DF DA 02 11 D7 F1 4F 62   50 DB 5D A6 79 47 29 2F  ......ObP.].yG)/
0020: 59 DC A4 36 0B 8D FF 67   74 B6 C6 A6 5C CA 61 DA  Y..6...gt...\.a.
0030: 68 A3 6D 37 3E 07 BE 88   3D 85 21 C9 20 3F 00 7F  h.m7>...=.!. ?..
0040: 54 1E 4B 94 2C 6B 45 7F   A4 F7 28 43 81 E4 7F B0  T.K.,kE...(C....
0050: DE F7 4B 02 D3 05 11 B5   DB F8 ED 11 F1 43 0D BA  ..K..........C..
0060: 48 14 99 2F 3F 01 26 85   71 13 35 0E 2E 9D 64 CD  H../?.&.q.5...d.
0070: 8C 7B AD B2 81 63 C8 4C   09 83 19 FB 2C 5A E3 D7  .....c.L....,Z..
0080: 5A FD A3 3D B6 7F 2F 30   C3 B6 A8 F7 FF F6 3E 33  Z..=../0......>3
0090: C3 99 8F E4 01 46 B7 A1   43 B6 19 31 14 13 A0 D2  .....F..C..1....
00A0: 76 98 6C 6E 30 F2 7A E6   C7 5D 3A D5 A0 40 DC 5A  v.ln0.z..]:..@.Z
00B0: FF 68 27 E5 93 50 84 1E   53 88 AB D9 9F 91 3A B7  .h'..P..S.....:.
00C0: FC B4 AD 1F 74 CB E9 28   F0 00 78 D6 FA A0 C1 93  ....t..(..x.....
00D0: 28 D0 F3 6F 7B 9B 1F 3E   A0 82 98 F9 6F 4E 80 52  (..o...>....oN.R
00E0: 5F 88 90 61 60 B9 84 F5   85 2D 4D CC 9E A2 7C F1  _..a`....-M.....
00F0: 57 1B 54 74 FB D9 FF DD   A9 14 B6 54 33 68 02 F2  W.Tt.......T3h..

]
2023-08-24 06:06:15,736 [Time-limited test] INFO  impl.MetricsSystemImpl (MetricsSystemImpl.java:init(158)) - OzoneManager metrics system started (again)
2023-08-24 06:06:15,747 [Time-limited test] INFO  om.OzoneManager (OzoneManager.java:start(1613)) - OzoneManager RPC server is listening at fv-az582-512.vyw2dcplbgbehesrvt3jseauje.cx.internal.cloudapp.net/10.1.0.20:1202
2023-08-24 06:06:15,747 [Time-limited test] INFO  ratis.OzoneManagerRatisServer (OzoneManagerRatisServer.java:start(558)) - Starting OzoneManagerRatisServer om1 at port 9872
2023-08-24 06:06:15,747 [om1-impl-thread1] INFO  storage.RaftStorageDirectory (RaftStorageDirectoryImpl.java:analyzeStorage(137)) - The storage directory /tmp/junit9159337916014580584/junit2327682088837766132/om-meta/ratis/bf265839-605b-3f16-9796-c5ba1605619e does not exist. Creating ...
2023-08-24 06:06:15,748 [om1-impl-thread1] INFO  storage.RaftStorageDirectory (RaftStorageDirectoryImpl.java:tryLock(231)) - Lock on /tmp/junit9159337916014580584/junit2327682088837766132/om-meta/ratis/bf265839-605b-3f16-9796-c5ba1605619e/in_use.lock acquired by nodename 9411@fv-az582-512
2023-08-24 06:06:15,749 [om1-impl-thread1] INFO  storage.RaftStorage (RaftStorageImpl.java:format(96)) - Storage directory /tmp/junit9159337916014580584/junit2327682088837766132/om-meta/ratis/bf265839-605b-3f16-9796-c5ba1605619e has been successfully formatted.
2023-08-24 06:06:15,749 [om1-impl-thread1] INFO  server.RaftServerConfigKeys (ConfUtils.java:logGet(46)) - raft.server.log.use.memory = false (default)
2023-08-24 06:06:15,749 [om1-impl-thread1] INFO  server.RaftServerConfigKeys (ConfUtils.java:logGet(46)) - raft.server.log.purge.gap = 1000000 (custom)
2023-08-24 06:06:15,749 [om1-impl-thread1] INFO  server.RaftServerConfigKeys (ConfUtils.java:logGet(46)) - raft.server.log.appender.buffer.byte-limit = 33554432 (custom)
2023-08-24 06:06:15,750 [om1-impl-thread1] INFO  server.RaftServerConfigKeys (ConfUtils.java:logGet(46)) - raft.server.log.statemachine.data.read.timeout = 1000ms (default)
2023-08-24 06:06:15,750 [om1-impl-thread1] INFO  server.RaftServerConfigKeys (ConfUtils.java:logGet(46)) - raft.server.log.purge.preservation.log.num = 0 (default)
2023-08-24 06:06:15,750 [om1-impl-thread1] INFO  server.RaftServerConfigKeys (ConfUtils.java:logGet(46)) - raft.server.log.segment.size.max = 4194304 (custom)
2023-08-24 06:06:15,750 [om1-impl-thread1] INFO  server.RaftServerConfigKeys (ConfUtils.java:logGet(46)) - raft.server.log.segment.cache.num.max = 2 (custom)
2023-08-24 06:06:15,750 [om1-impl-thread1] INFO  server.RaftServerConfigKeys (ConfUtils.java:logGet(46)) - raft.server.log.segment.cache.size.max = 200MB (=209715200) (default)
2023-08-24 06:06:15,750 [om1-impl-thread1] INFO  server.RaftServerConfigKeys (ConfUtils.java:logGet(46)) - raft.server.log.appender.buffer.byte-limit = 33554432 (custom)
2023-08-24 06:06:15,750 [om1-impl-thread1] INFO  segmented.SegmentedRaftLogWorker (SegmentedRaftLogWorker.java:<init>(188)) - new om1@group-C5BA1605619E-SegmentedRaftLogWorker for RaftStorageImpl:Storage Directory /tmp/junit9159337916014580584/junit2327682088837766132/om-meta/ratis/bf265839-605b-3f16-9796-c5ba1605619e
2023-08-24 06:06:15,750 [om1-impl-thread1] INFO  server.RaftServerConfigKeys (ConfUtils.java:logGet(46)) - raft.server.log.queue.byte-limit = 64MB (=67108864) (default)
2023-08-24 06:06:15,750 [om1-impl-thread1] INFO  server.RaftServerConfigKeys (ConfUtils.java:logGet(46)) - raft.server.log.queue.element-limit = 4096 (default)
2023-08-24 06:06:15,750 [om1-impl-thread1] INFO  server.RaftServerConfigKeys (ConfUtils.java:logGet(46)) - raft.server.log.segment.size.max = 4194304 (custom)
2023-08-24 06:06:15,750 [om1-impl-thread1] INFO  server.RaftServerConfigKeys (ConfUtils.java:logGet(46)) - raft.server.log.preallocated.size = 4194304 (custom)
2023-08-24 06:06:15,750 [om1-impl-thread1] INFO  server.RaftServerConfigKeys (ConfUtils.java:logGet(46)) - raft.server.log.force.sync.num = 128 (default)
2023-08-24 06:06:15,750 [om1-impl-thread1] INFO  server.RaftServerConfigKeys (ConfUtils.java:logGet(46)) - raft.server.log.statemachine.data.sync = true (default)
2023-08-24 06:06:15,750 [om1-impl-thread1] INFO  server.RaftServerConfigKeys (ConfUtils.java:logGet(46)) - raft.server.log.statemachine.data.sync.timeout = 10s (default)
2023-08-24 06:06:15,750 [om1-impl-thread1] INFO  server.RaftServerConfigKeys (ConfUtils.java:logGet(46)) - raft.server.log.statemachine.data.sync.timeout.retry = -1 (default)
2023-08-24 06:06:15,751 [om1-impl-thread1] INFO  server.RaftServerConfigKeys (ConfUtils.java:logGet(46)) - raft.server.log.write.buffer.size = 64KB (=65536) (default)
2023-08-24 06:06:15,751 [om1-impl-thread1] INFO  server.RaftServerConfigKeys (ConfUtils.java:logGet(46)) - raft.server.log.appender.buffer.byte-limit = 33554432 (custom)
2023-08-24 06:06:15,754 [om1-impl-thread1] INFO  server.RaftServerConfigKeys (ConfUtils.java:logGet(46)) - raft.server.log.unsafe-flush.enabled = false (default)
2023-08-24 06:06:15,756 [om1-impl-thread1] INFO  server.RaftServerConfigKeys (ConfUtils.java:logGet(46)) - raft.server.log.async-flush.enabled = false (default)
2023-08-24 06:06:15,756 [om1-impl-thread1] INFO  server.RaftServerConfigKeys (ConfUtils.java:logGet(46)) - raft.server.log.statemachine.data.caching.enabled = false (default)
2023-08-24 06:06:15,756 [om1-impl-thread1] INFO  segmented.SegmentedRaftLogWorker (SegmentedRaftLogWorker.java:lambda$new$0(135)) - om1@group-C5BA1605619E-SegmentedRaftLogWorker: flushIndex: setUnconditionally 0 -> -1
2023-08-24 06:06:15,756 [om1-impl-thread1] INFO  segmented.SegmentedRaftLogWorker (SegmentedRaftLogWorker.java:lambda$new$0(135)) - om1@group-C5BA1605619E-SegmentedRaftLogWorker: safeCacheEvictIndex: setUnconditionally 0 -> -1
2023-08-24 06:06:15,758 [om1-impl-thread1] INFO  server.RaftServer$Division (RaftServerImpl.java:start(342)) - om1@group-C5BA1605619E: start as a follower, conf=-1: peers:[om1|rpc:fv-az582-512.vyw2dcplbgbehesrvt3jseauje.cx.internal.cloudapp.net:9872|priority:0|startupRole:FOLLOWER]|listeners:[], old=null
2023-08-24 06:06:15,759 [om1-impl-thread1] INFO  server.RaftServer$Division (RaftServerImpl.java:setRole(329)) - om1@group-C5BA1605619E: changes role from      null to FOLLOWER at term 0 for startAsFollower
2023-08-24 06:06:15,763 [om1-impl-thread1] INFO  impl.RoleInfo (RoleInfo.java:updateAndGet(139)) - om1: start om1@group-C5BA1605619E-FollowerState
2023-08-24 06:06:15,763 [om1-impl-thread1] INFO  util.JmxRegister (JmxRegister.java:tryRegister(44)) - Successfully registered JMX Bean with object name Ratis:service=RaftServer,group=group-C5BA1605619E,id=om1
2023-08-24 06:06:15,763 [om1-impl-thread1] INFO  server.RaftServerConfigKeys (ConfUtils.java:logGet(46)) - raft.server.snapshot.auto.trigger.enabled = true (custom)
2023-08-24 06:06:15,764 [om1-impl-thread1] INFO  server.RaftServerConfigKeys (ConfUtils.java:logGet(46)) - raft.server.snapshot.auto.trigger.threshold = 400000 (default)
2023-08-24 06:06:15,764 [om1-impl-thread1] INFO  server.RaftServerConfigKeys (ConfUtils.java:logGet(46)) - raft.server.snapshot.retention.file.num = -1 (default)
2023-08-24 06:06:15,764 [om1-impl-thread1] INFO  server.RaftServerConfigKeys (ConfUtils.java:logGet(46)) - raft.server.log.purge.upto.snapshot.index = true (custom)
2023-08-24 06:06:15,764 [om1@group-C5BA1605619E-FollowerState] INFO  server.RaftServerConfigKeys (ConfUtils.java:logFallback(53)) - raft.server.rpc.first-election.timeout.min = 5s (fallback to raft.server.rpc.timeout.min)
2023-08-24 06:06:15,764 [om1@group-C5BA1605619E-FollowerState] INFO  server.RaftServerConfigKeys (ConfUtils.java:logFallback(53)) - raft.server.rpc.first-election.timeout.max = 5200ms (fallback to raft.server.rpc.timeout.max)
2023-08-24 06:06:15,764 [Time-limited test] INFO  server.RaftServer (RaftServerProxy.java:startImpl(400)) - om1: start RPC server
2023-08-24 06:06:15,766 [Time-limited test] INFO  server.GrpcService (GrpcService.java:startImpl(302)) - om1: GrpcService started, listening on 9872
2023-08-24 06:06:15,767 [Time-limited test] INFO  om.OzoneManager (OzoneManager.java:startSecretManager(1103)) - Starting OM delegation token secret manager
2023-08-24 06:06:15,767 [Time-limited test] INFO  security.OzoneDelegationTokenSecretManager (OzoneSecretManager.java:updateCurrentKey(175)) - Updating current master key for generating tokens. Cert id 1643010460777
2023-08-24 06:06:15,767 [JvmPauseMonitor7] INFO  util.JvmPauseMonitor (JvmPauseMonitor.java:run(103)) - JvmPauseMonitor-om1: Started
2023-08-24 06:06:15,767 [Time-limited test] INFO  om.OzoneManager (OzoneManager.java:start(1629)) - Version File has different layout version (6) than OM DB (null). That is expected if this OM has never been finalized to a newer layout version.
2023-08-24 06:06:15,768 [Thread[Thread-1694,5,FailOnTimeoutGroup]] INFO  security.OzoneDelegationTokenSecretManager (OzoneDelegationTokenSecretManager.java:run(636)) - Starting expired delegation token remover thread, tokenRemoverScanInterval=60 min(s)
2023-08-24 06:06:15,773 [Time-limited test] INFO  http.BaseHttpServer (BaseHttpServer.java:newHttpServer2BuilderForOzone(224)) - Starting Web-server for ozoneManager at: http://0.0.0.0:9874
2023-08-24 06:06:15,773 [Time-limited test] INFO  http.BaseHttpServer (BaseHttpServer.java:<init>(111)) - Hadoop Security Enabled: true Ozone Security Enabled: true Ozone HTTP Security Enabled: false 
2023-08-24 06:06:15,774 [Time-limited test] WARN  server.AuthenticationFilter (AuthenticationFilter.java:constructSecretProvider(240)) - Unable to initialize FileSignerSecretProvider, falling back to use random secrets. Reason: Could not read signature secret file: /home/runner/hadoop-http-auth-signature-secret
2023-08-24 06:06:15,779 [Time-limited test] INFO  http.HttpRequestLog (HttpRequestLog.java:getRequestLog(86)) - Http request log for http.requests.ozoneManager is not defined
2023-08-24 06:06:15,780 [Time-limited test] INFO  http.HttpServer2 (HttpServer2.java:addGlobalFilter(1031)) - Added global filter 'safety' (class=org.apache.hadoop.hdds.server.http.HttpServer2$QuotingInputFilter)
2023-08-24 06:06:15,781 [Time-limited test] INFO  http.HttpServer2 (HttpServer2.java:addFilter(1007)) - Added filter static_user_filter (class=org.apache.hadoop.http.lib.StaticUserWebFilter$StaticUserFilter) to context ozoneManager
2023-08-24 06:06:15,781 [Time-limited test] INFO  http.HttpServer2 (HttpServer2.java:addFilter(1015)) - Added filter static_user_filter (class=org.apache.hadoop.http.lib.StaticUserWebFilter$StaticUserFilter) to context static
2023-08-24 06:06:15,781 [Time-limited test] INFO  http.HttpServer2 (HttpServer2.java:addFilter(1015)) - Added filter static_user_filter (class=org.apache.hadoop.http.lib.StaticUserWebFilter$StaticUserFilter) to context logs
2023-08-24 06:06:15,781 [Time-limited test] INFO  http.BaseHttpServer (BaseHttpServer.java:<init>(190)) - HTTP server of ozoneManager uses base directory /tmp/junit9159337916014580584/junit2327682088837766132/om-meta/webserver
2023-08-24 06:06:15,782 [Time-limited test] INFO  http.HttpServer2 (HttpServer2.java:bindListener(1250)) - Jetty bound to port 9874
2023-08-24 06:06:15,782 [Time-limited test] INFO  server.Server (Server.java:doStart(375)) - jetty-9.4.51.v20230217; built: 2023-02-17T08:19:37.309Z; git: b45c405e4544384de066f814ed42ae3dceacdd49; jvm 1.8.0_382-b05
2023-08-24 06:06:15,787 [Time-limited test] INFO  server.session (DefaultSessionIdManager.java:doStart(334)) - DefaultSessionIdManager workerName=node0
2023-08-24 06:06:15,787 [Time-limited test] INFO  server.session (DefaultSessionIdManager.java:doStart(339)) - No SessionScavenger set, using defaults
2023-08-24 06:06:15,787 [Time-limited test] INFO  server.session (HouseKeeper.java:startScavenging(132)) - node0 Scavenging every 600000ms
2023-08-24 06:06:15,788 [Time-limited test] INFO  handler.ContextHandler (ContextHandler.java:doStart(921)) - Started o.e.j.s.ServletContextHandler@496a5680{logs,/logs,file:///home/runner/work/ozone/ozone/hadoop-ozone/integration-test/target/log,AVAILABLE}
2023-08-24 06:06:15,789 [Time-limited test] INFO  handler.ContextHandler (ContextHandler.java:doStart(921)) - Started o.e.j.s.ServletContextHandler@4dc38712{static,/static,file:///home/runner/work/ozone/ozone/hadoop-ozone/integration-test/target/test-classes/webapps/static,AVAILABLE}
2023-08-24 06:06:15,792 [Time-limited test] INFO  handler.ContextHandler (ContextHandler.java:doStart(921)) - Started o.e.j.w.WebAppContext@3228b94a{ozoneManager,/,file:///home/runner/work/ozone/ozone/hadoop-ozone/integration-test/target/test-classes/webapps/ozoneManager/,AVAILABLE}{file:/home/runner/work/ozone/ozone/hadoop-ozone/integration-test/target/test-classes/webapps/ozoneManager}
2023-08-24 06:06:15,795 [Time-limited test] INFO  server.AbstractConnector (AbstractConnector.java:doStart(333)) - Started ServerConnector@3a6e5181{HTTP/1.1, (http/1.1)}{0.0.0.0:9874}
2023-08-24 06:06:15,795 [Time-limited test] INFO  server.Server (Server.java:doStart(415)) - Started @122792ms
2023-08-24 06:06:15,795 [Time-limited test] WARN  impl.MetricsSystemImpl (MetricsSystemImpl.java:register(279)) - Sink prometheus already exists!
2023-08-24 06:06:15,796 [Time-limited test] INFO  http.BaseHttpServer (BaseHttpServer.java:updateConnectorAddress(344)) - HTTP server of ozoneManager listening at http://0.0.0.0:9874
2023-08-24 06:06:15,799 [IPC Server Responder] INFO  ipc.Server (Server.java:run(1562)) - IPC Server Responder: starting
2023-08-24 06:06:15,799 [IPC Server listener on 1202] INFO  ipc.Server (Server.java:run(1402)) - IPC Server listener on 1202: starting
2023-08-24 06:06:15,805 [Time-limited test] INFO  om.OzoneManager (OzoneManager.java:startTrashEmptier(2081)) - Trash Interval set to 0. Files deleted won't move to trash
2023-08-24 06:06:15,817 [pool-519-thread-1] INFO  request.TgsRequest (TgsRequest.java:issueTicket(115)) - TGS_REQ ISSUE: authtime 1692857175816,om/fv-az582-512.vyw2dcplbgbehesrvt3jseauje.cx.internal.cloudapp.net for om/fv-az582-512.vyw2dcplbgbehesrvt3jseauje.cx.internal.cloudapp.net@EXAMPLE.COM
2023-08-24 06:06:15,823 [Socket Reader #1 for port 1202] INFO  ipc.Server (Server.java:saslProcess(2139)) - Auth successful for om/fv-az582-512.vyw2dcplbgbehesrvt3jseauje.cx.internal.cloudapp.net@EXAMPLE.COM (auth:KERBEROS) from fv-az582-512.vyw2dcplbgbehesrvt3jseauje.cx.internal.cloudapp.net:38511 / 10.1.0.20:38511
2023-08-24 06:06:17,842 [Time-limited test] INFO  retry.RetryInvocationHandler (RetryInvocationHandler.java:log(422)) - com.google.protobuf.ServiceException: org.apache.hadoop.ipc.RemoteException(org.apache.hadoop.ozone.om.exceptions.OMNotLeaderException): OM:om1 is not the leader. Could not determine the leader node.
	at org.apache.hadoop.ozone.om.OzoneManager.checkLeaderStatus(OzoneManager.java:3996)
	at org.apache.hadoop.ozone.om.ratis.utils.OzoneManagerRatisUtils.checkLeaderStatus(OzoneManagerRatisUtils.java:473)
	at org.apache.hadoop.ozone.protocolPB.OzoneManagerProtocolServerSideTranslatorPB.processRequest(OzoneManagerProtocolServerSideTranslatorPB.java:185)
	at org.apache.hadoop.hdds.server.OzoneProtocolMessageDispatcher.processRequest(OzoneProtocolMessageDispatcher.java:87)
	at org.apache.hadoop.ozone.protocolPB.OzoneManagerProtocolServerSideTranslatorPB.submitRequest(OzoneManagerProtocolServerSideTranslatorPB.java:148)
	at org.apache.hadoop.ozone.protocol.proto.OzoneManagerProtocolProtos$OzoneManagerService$2.callBlockingMethod(OzoneManagerProtocolProtos.java)
	at org.apache.hadoop.ipc.ProtobufRpcEngine$Server.processCall(ProtobufRpcEngine.java:484)
	at org.apache.hadoop.ipc.ProtobufRpcEngine2$Server$ProtoBufRpcInvoker.call(ProtobufRpcEngine2.java:595)
	at org.apache.hadoop.ipc.ProtobufRpcEngine2$Server$ProtoBufRpcInvoker.call(ProtobufRpcEngine2.java:573)
	at org.apache.hadoop.ipc.RPC$Server.call(RPC.java:1227)
	at org.apache.hadoop.ipc.Server$RpcCall.run(Server.java:1094)
	at org.apache.hadoop.ipc.Server$RpcCall.run(Server.java:1017)
	at java.security.AccessController.doPrivileged(Native Method)
	at javax.security.auth.Subject.doAs(Subject.java:422)
	at org.apache.hadoop.security.UserGroupInformation.doAs(UserGroupInformation.java:1899)
	at org.apache.hadoop.ipc.Server$Handler.run(Server.java:3048)
, while invoking $Proxy53.submitRequest over nodeId=null,nodeAddress=fv-az582-512.vyw2dcplbgbehesrvt3jseauje.cx.internal.cloudapp.net:1202 after 1 failover attempts. Trying to failover after sleeping for 4000ms. Current retry count: 1.
2023-08-24 06:06:20,857 [om1@group-C5BA1605619E-FollowerState] INFO  impl.FollowerState (FollowerState.java:run(143)) - om1@group-C5BA1605619E-FollowerState: change to CANDIDATE, lastRpcElapsedTime:5094482164ns, electionTimeout:5093ms
2023-08-24 06:06:20,857 [om1@group-C5BA1605619E-FollowerState] INFO  impl.RoleInfo (RoleInfo.java:shutdownFollowerState(110)) - om1: shutdown om1@group-C5BA1605619E-FollowerState
2023-08-24 06:06:20,858 [om1@group-C5BA1605619E-FollowerState] INFO  server.RaftServer$Division (RaftServerImpl.java:setRole(329)) - om1@group-C5BA1605619E: changes role from  FOLLOWER to CANDIDATE at term 0 for changeToCandidate
2023-08-24 06:06:20,858 [om1@group-C5BA1605619E-FollowerState] INFO  server.RaftServerConfigKeys (ConfUtils.java:logGet(46)) - raft.server.leaderelection.pre-vote = true (default)
2023-08-24 06:06:20,858 [om1@group-C5BA1605619E-FollowerState] INFO  impl.RoleInfo (RoleInfo.java:updateAndGet(139)) - om1: start om1@group-C5BA1605619E-LeaderElection4
2023-08-24 06:06:20,859 [om1@group-C5BA1605619E-LeaderElection4] INFO  impl.LeaderElection (LeaderElection.java:askForVotes(321)) - om1@group-C5BA1605619E-LeaderElection4 PRE_VOTE round 0: submit vote requests at term 0 for -1: peers:[om1|rpc:fv-az582-512.vyw2dcplbgbehesrvt3jseauje.cx.internal.cloudapp.net:9872|priority:0|startupRole:FOLLOWER]|listeners:[], old=null
2023-08-24 06:06:20,859 [om1@group-C5BA1605619E-LeaderElection4] INFO  impl.LeaderElection (LeaderElection.java:askForVotes(323)) - om1@group-C5BA1605619E-LeaderElection4 PRE_VOTE round 0: result PASSED (term=0)
2023-08-24 06:06:20,860 [om1@group-C5BA1605619E-LeaderElection4] INFO  impl.LeaderElection (LeaderElection.java:askForVotes(321)) - om1@group-C5BA1605619E-LeaderElection4 ELECTION round 0: submit vote requests at term 1 for -1: peers:[om1|rpc:fv-az582-512.vyw2dcplbgbehesrvt3jseauje.cx.internal.cloudapp.net:9872|priority:0|startupRole:FOLLOWER]|listeners:[], old=null
2023-08-24 06:06:20,860 [om1@group-C5BA1605619E-LeaderElection4] INFO  impl.LeaderElection (LeaderElection.java:askForVotes(323)) - om1@group-C5BA1605619E-LeaderElection4 ELECTION round 0: result PASSED (term=1)
2023-08-24 06:06:20,860 [om1@group-C5BA1605619E-LeaderElection4] INFO  impl.RoleInfo (RoleInfo.java:shutdownLeaderElection(130)) - om1: shutdown om1@group-C5BA1605619E-LeaderElection4
2023-08-24 06:06:20,860 [om1@group-C5BA1605619E-LeaderElection4] INFO  server.RaftServer$Division (RaftServerImpl.java:setRole(329)) - om1@group-C5BA1605619E: changes role from CANDIDATE to LEADER at term 1 for changeToLeader
2023-08-24 06:06:20,860 [om1@group-C5BA1605619E-LeaderElection4] INFO  server.RaftServer$Division (ServerState.java:setLeader(317)) - om1@group-C5BA1605619E: change Leader from null to om1 at term 1 for becomeLeader, leader elected after 5707ms
2023-08-24 06:06:20,860 [om1@group-C5BA1605619E-LeaderElection4] INFO  server.RaftServerConfigKeys (ConfUtils.java:logGet(46)) - raft.server.staging.catchup.gap = 1000 (default)
2023-08-24 06:06:20,860 [om1@group-C5BA1605619E-LeaderElection4] INFO  server.RaftServerConfigKeys (ConfUtils.java:logGet(46)) - raft.server.write.element-limit = 4096 (default)
2023-08-24 06:06:20,860 [om1@group-C5BA1605619E-LeaderElection4] INFO  server.RaftServerConfigKeys (ConfUtils.java:logGet(46)) - raft.server.write.byte-limit = 64MB (=67108864) (default)
2023-08-24 06:06:20,861 [om1@group-C5BA1605619E-LeaderElection4] INFO  server.RaftServerConfigKeys (ConfUtils.java:logGet(46)) - raft.server.watch.timeout = 10s (default)
2023-08-24 06:06:20,861 [om1@group-C5BA1605619E-LeaderElection4] INFO  server.RaftServerConfigKeys (ConfUtils.java:logGet(46)) - raft.server.watch.timeout.denomination = 1s (default)
2023-08-24 06:06:20,861 [om1@group-C5BA1605619E-LeaderElection4] INFO  server.RaftServerConfigKeys (ConfUtils.java:logGet(46)) - raft.server.watch.element-limit = 65536 (default)
2023-08-24 06:06:20,861 [om1@group-C5BA1605619E-LeaderElection4] INFO  server.RaftServerConfigKeys (ConfUtils.java:logGet(46)) - raft.server.write.element-limit = 4096 (default)
2023-08-24 06:06:20,861 [om1@group-C5BA1605619E-LeaderElection4] INFO  server.RaftServerConfigKeys (ConfUtils.java:logGet(46)) - raft.server.write.follower.gap.ratio.max = -1.0 (default)
2023-08-24 06:06:20,861 [om1@group-C5BA1605619E-LeaderElection4] INFO  impl.RoleInfo (RoleInfo.java:updateAndGet(139)) - om1: start om1@group-C5BA1605619E-LeaderStateImpl
2023-08-24 06:06:20,861 [om1@group-C5BA1605619E-LeaderElection4] INFO  segmented.SegmentedRaftLogWorker (SegmentedRaftLogWorker.java:startLogSegment(447)) - om1@group-C5BA1605619E-SegmentedRaftLogWorker: Starting segment from index:0
2023-08-24 06:06:20,863 [om1@group-C5BA1605619E-LeaderElection4] INFO  server.RaftServer$Division (ServerState.java:setRaftConf(434)) - om1@group-C5BA1605619E: set configuration 0: peers:[om1|rpc:fv-az582-512.vyw2dcplbgbehesrvt3jseauje.cx.internal.cloudapp.net:9872|admin:|client:|dataStream:|priority:0|startupRole:FOLLOWER]|listeners:[], old=null
2023-08-24 06:06:20,869 [om1@group-C5BA1605619E-SegmentedRaftLogWorker] INFO  segmented.SegmentedRaftLogWorker (SegmentedRaftLogWorker.java:execute(651)) - om1@group-C5BA1605619E-SegmentedRaftLogWorker: created new log segment /tmp/junit9159337916014580584/junit2327682088837766132/om-meta/ratis/bf265839-605b-3f16-9796-c5ba1605619e/current/log_inprogress_0
2023-08-24 06:06:20,873 [om1@group-C5BA1605619E-StateMachineUpdater] INFO  ratis.OzoneManagerStateMachine (OzoneManagerStateMachine.java:notifyConfigurationChanged(202)) - Received Configuration change notification from Ratis. New Peer list:
[id: "om1"
address: "fv-az582-512.vyw2dcplbgbehesrvt3jseauje.cx.internal.cloudapp.net:9872"
startupRole: FOLLOWER
]
06:06:22.869 [IPC Server handler 5 on default port 1202] ERROR OMAudit - user=om/fv-az582-512.vyw2dcplbgbehesrvt3jseauje.cx.internal.cloudapp.net@EXAMPLE.COM | ip=10.1.0.20 | op=RENEW_DELEGATION_TOKEN {kind=OzoneToken, service=fv-az582-512.vyw2dcplbgbehesrvt3jseauje.cx.internal.cloudapp.net:1202, renewer=om} | ret=FAILURE
org.apache.hadoop.ozone.om.exceptions.OMException: om tried to renew an expired token (OzoneToken owner=om/fv-az582-512.vyw2dcplbgbehesrvt3jseauje.cx.internal.cloudapp.net@EXAMPLE.COM, renewer=om, realUser=, issueDate=2023-08-24T06:06:21.844Z, maxDate=2023-08-24T06:06:22.844Z, sequenceNumber=1, masterKeyId=1, strToSign=null, signature=null, awsAccessKeyId=null, omServiceId=omServiceIdDefault, omCertSerialId=1643010460777) max expiration date: 2023-08-24 06:06:22,844+0000 currentTime: 2023-08-24 06:06:22,866+0000
	at org.apache.hadoop.ozone.security.OzoneDelegationTokenSecretManager.renewToken(OzoneDelegationTokenSecretManager.java:296) ~[ozone-manager-1.4.0-SNAPSHOT.jar:?]
	at org.apache.hadoop.ozone.om.OzoneManager.renewDelegationToken(OzoneManager.java:2367) ~[ozone-manager-1.4.0-SNAPSHOT.jar:?]
	at org.apache.hadoop.ozone.om.request.security.OMRenewDelegationTokenRequest.preExecute(OMRenewDelegationTokenRequest.java:85) ~[ozone-manager-1.4.0-SNAPSHOT.jar:?]
	at org.apache.hadoop.ozone.protocolPB.OzoneManagerProtocolServerSideTranslatorPB.processRequest(OzoneManagerProtocolServerSideTranslatorPB.java:193) ~[ozone-manager-1.4.0-SNAPSHOT.jar:?]
	at org.apache.hadoop.hdds.server.OzoneProtocolMessageDispatcher.processRequest(OzoneProtocolMessageDispatcher.java:87) [hdds-server-framework-1.4.0-SNAPSHOT.jar:?]
	at org.apache.hadoop.ozone.protocolPB.OzoneManagerProtocolServerSideTranslatorPB.submitRequest(OzoneManagerProtocolServerSideTranslatorPB.java:148) [ozone-manager-1.4.0-SNAPSHOT.jar:?]
	at org.apache.hadoop.ozone.protocol.proto.OzoneManagerProtocolProtos$OzoneManagerService$2.callBlockingMethod(OzoneManagerProtocolProtos.java) [ozone-interface-client-1.4.0-SNAPSHOT.jar:?]
	at org.apache.hadoop.ipc.ProtobufRpcEngine$Server.processCall(ProtobufRpcEngine.java:484) [hadoop-common-3.3.6.jar:?]
	at org.apache.hadoop.ipc.ProtobufRpcEngine2$Server$ProtoBufRpcInvoker.call(ProtobufRpcEngine2.java:595) [hadoop-common-3.3.6.jar:?]
	at org.apache.hadoop.ipc.ProtobufRpcEngine2$Server$ProtoBufRpcInvoker.call(ProtobufRpcEngine2.java:573) [hadoop-common-3.3.6.jar:?]
	at org.apache.hadoop.ipc.RPC$Server.call(RPC.java:1227) [hadoop-common-3.3.6.jar:?]
	at org.apache.hadoop.ipc.Server$RpcCall.run(Server.java:1094) [hadoop-common-3.3.6.jar:?]
	at org.apache.hadoop.ipc.Server$RpcCall.run(Server.java:1017) [hadoop-common-3.3.6.jar:?]
	at java.security.AccessController.doPrivileged(Native Method) ~[?:1.8.0_382]
	at javax.security.auth.Subject.doAs(Subject.java:422) [?:1.8.0_382]
	at org.apache.hadoop.security.UserGroupInformation.doAs(UserGroupInformation.java:1899) [hadoop-common-3.3.6.jar:?]
	at org.apache.hadoop.ipc.Server$Handler.run(Server.java:3048) [hadoop-common-3.3.6.jar:?]
2023-08-24 06:06:22,890 [IPC Server handler 6 on default port 1202] ERROR om.OzoneManager (OzoneManager.java:renewDelegationToken(2377)) - Delegation token renewal failed for dt id: OzoneToken owner=om/fv-az582-512.vyw2dcplbgbehesrvt3jseauje.cx.internal.cloudapp.net@EXAMPLE.COM, renewer=randomService, realUser=, issueDate=2023-08-24T06:06:22.882Z, maxDate=2023-08-24T06:06:23.882Z, sequenceNumber=2, masterKeyId=1, strToSign=null, signature=null, awsAccessKeyId=null, omServiceId=omServiceIdDefault, omCertSerialId=1643010460777, cause: om tries to renew a token (OzoneToken owner=om/fv-az582-512.vyw2dcplbgbehesrvt3jseauje.cx.internal.cloudapp.net@EXAMPLE.COM, renewer=randomService, realUser=, issueDate=2023-08-24T06:06:22.882Z, maxDate=2023-08-24T06:06:23.882Z, sequenceNumber=2, masterKeyId=1, strToSign=null, signature=null, awsAccessKeyId=null, omServiceId=omServiceIdDefault, omCertSerialId=1643010460777) with non-matching renewer randomService
06:06:22.936 [IPC Server handler 6 on default port 1202] ERROR OMAudit - user=om/fv-az582-512.vyw2dcplbgbehesrvt3jseauje.cx.internal.cloudapp.net@EXAMPLE.COM | ip=10.1.0.20 | op=RENEW_DELEGATION_TOKEN {kind=OzoneToken, service=fv-az582-512.vyw2dcplbgbehesrvt3jseauje.cx.internal.cloudapp.net:1202, renewer=randomService} | ret=FAILURE
org.apache.hadoop.ozone.om.exceptions.OMException: Delegation token renewal failed for dt: Kind: OzoneToken, Service: fv-az582-512.vyw2dcplbgbehesrvt3jseauje.cx.internal.cloudapp.net:1202, Ident: (OzoneToken owner=om/fv-az582-512.vyw2dcplbgbehesrvt3jseauje.cx.internal.cloudapp.net@EXAMPLE.COM, renewer=randomService, realUser=, issueDate=2023-08-24T06:06:22.882Z, maxDate=2023-08-24T06:06:23.882Z, sequenceNumber=2, masterKeyId=1, strToSign=null, signature=null, awsAccessKeyId=null, omServiceId=omServiceIdDefault, omCertSerialId=1643010460777)
	at org.apache.hadoop.ozone.om.OzoneManager.renewDelegationToken(OzoneManager.java:2379) ~[ozone-manager-1.4.0-SNAPSHOT.jar:?]
	at org.apache.hadoop.ozone.om.request.security.OMRenewDelegationTokenRequest.preExecute(OMRenewDelegationTokenRequest.java:85) ~[ozone-manager-1.4.0-SNAPSHOT.jar:?]
	at org.apache.hadoop.ozone.protocolPB.OzoneManagerProtocolServerSideTranslatorPB.processRequest(OzoneManagerProtocolServerSideTranslatorPB.java:193) ~[ozone-manager-1.4.0-SNAPSHOT.jar:?]
	at org.apache.hadoop.hdds.server.OzoneProtocolMessageDispatcher.processRequest(OzoneProtocolMessageDispatcher.java:87) [hdds-server-framework-1.4.0-SNAPSHOT.jar:?]
	at org.apache.hadoop.ozone.protocolPB.OzoneManagerProtocolServerSideTranslatorPB.submitRequest(OzoneManagerProtocolServerSideTranslatorPB.java:148) [ozone-manager-1.4.0-SNAPSHOT.jar:?]
	at org.apache.hadoop.ozone.protocol.proto.OzoneManagerProtocolProtos$OzoneManagerService$2.callBlockingMethod(OzoneManagerProtocolProtos.java) [ozone-interface-client-1.4.0-SNAPSHOT.jar:?]
	at org.apache.hadoop.ipc.ProtobufRpcEngine$Server.processCall(ProtobufRpcEngine.java:484) [hadoop-common-3.3.6.jar:?]
	at org.apache.hadoop.ipc.ProtobufRpcEngine2$Server$ProtoBufRpcInvoker.call(ProtobufRpcEngine2.java:595) [hadoop-common-3.3.6.jar:?]
	at org.apache.hadoop.ipc.ProtobufRpcEngine2$Server$ProtoBufRpcInvoker.call(ProtobufRpcEngine2.java:573) [hadoop-common-3.3.6.jar:?]
	at org.apache.hadoop.ipc.RPC$Server.call(RPC.java:1227) [hadoop-common-3.3.6.jar:?]
	at org.apache.hadoop.ipc.Server$RpcCall.run(Server.java:1094) [hadoop-common-3.3.6.jar:?]
	at org.apache.hadoop.ipc.Server$RpcCall.run(Server.java:1017) [hadoop-common-3.3.6.jar:?]
	at java.security.AccessController.doPrivileged(Native Method) ~[?:1.8.0_382]
	at javax.security.auth.Subject.doAs(Subject.java:422) [?:1.8.0_382]
	at org.apache.hadoop.security.UserGroupInformation.doAs(UserGroupInformation.java:1899) [hadoop-common-3.3.6.jar:?]
	at org.apache.hadoop.ipc.Server$Handler.run(Server.java:3048) [hadoop-common-3.3.6.jar:?]
Caused by: org.apache.hadoop.security.AccessControlException: om tries to renew a token (OzoneToken owner=om/fv-az582-512.vyw2dcplbgbehesrvt3jseauje.cx.internal.cloudapp.net@EXAMPLE.COM, renewer=randomService, realUser=, issueDate=2023-08-24T06:06:22.882Z, maxDate=2023-08-24T06:06:23.882Z, sequenceNumber=2, masterKeyId=1, strToSign=null, signature=null, awsAccessKeyId=null, omServiceId=omServiceIdDefault, omCertSerialId=1643010460777) with non-matching renewer randomService
	at org.apache.hadoop.ozone.security.OzoneDelegationTokenSecretManager.renewToken(OzoneDelegationTokenSecretManager.java:308) ~[ozone-manager-1.4.0-SNAPSHOT.jar:?]
	at org.apache.hadoop.ozone.om.OzoneManager.renewDelegationToken(OzoneManager.java:2367) ~[ozone-manager-1.4.0-SNAPSHOT.jar:?]
	... 15 more
2023-08-24 06:06:22,940 [IPC Server handler 7 on default port 1202] ERROR om.OzoneManager (OzoneManager.java:renewDelegationToken(2377)) - Delegation token renewal failed for dt id: OzoneToken owner=om/fv-az582-512.vyw2dcplbgbehesrvt3jseauje.cx.internal.cloudapp.net@EXAMPLE.COM, renewer=om, realUser=, issueDate=2023-08-24T06:06:21.844Z, maxDate=2077-04-15T12:12:45.874Z, sequenceNumber=1, masterKeyId=1, strToSign=null, signature=null, awsAccessKeyId=null, omServiceId=omServiceIdDefault, omCertSerialId=1643010460777, cause: token (OzoneToken owner=om/fv-az582-512.vyw2dcplbgbehesrvt3jseauje.cx.internal.cloudapp.net@EXAMPLE.COM, renewer=om, realUser=, issueDate=2023-08-24T06:06:21.844Z, maxDate=2077-04-15T12:12:45.874Z, sequenceNumber=1, masterKeyId=1, strToSign=null, signature=null, awsAccessKeyId=null, omServiceId=omServiceIdDefault, omCertSerialId=1643010460777) can't be found in cache
06:06:22.941 [IPC Server handler 7 on default port 1202] ERROR OMAudit - user=om/fv-az582-512.vyw2dcplbgbehesrvt3jseauje.cx.internal.cloudapp.net@EXAMPLE.COM | ip=10.1.0.20 | op=RENEW_DELEGATION_TOKEN {kind=OzoneToken, service=fv-az582-512.vyw2dcplbgbehesrvt3jseauje.cx.internal.cloudapp.net:1202, renewer=om} | ret=FAILURE
org.apache.hadoop.ozone.om.exceptions.OMException: Delegation token renewal failed for dt: Kind: OzoneToken, Service: fv-az582-512.vyw2dcplbgbehesrvt3jseauje.cx.internal.cloudapp.net:1202, Ident: (OzoneToken owner=om/fv-az582-512.vyw2dcplbgbehesrvt3jseauje.cx.internal.cloudapp.net@EXAMPLE.COM, renewer=om, realUser=, issueDate=2023-08-24T06:06:21.844Z, maxDate=2077-04-15T12:12:45.874Z, sequenceNumber=1, masterKeyId=1, strToSign=null, signature=null, awsAccessKeyId=null, omServiceId=omServiceIdDefault, omCertSerialId=1643010460777)
	at org.apache.hadoop.ozone.om.OzoneManager.renewDelegationToken(OzoneManager.java:2379) ~[ozone-manager-1.4.0-SNAPSHOT.jar:?]
	at org.apache.hadoop.ozone.om.request.security.OMRenewDelegationTokenRequest.preExecute(OMRenewDelegationTokenRequest.java:85) ~[ozone-manager-1.4.0-SNAPSHOT.jar:?]
	at org.apache.hadoop.ozone.protocolPB.OzoneManagerProtocolServerSideTranslatorPB.processRequest(OzoneManagerProtocolServerSideTranslatorPB.java:193) ~[ozone-manager-1.4.0-SNAPSHOT.jar:?]
	at org.apache.hadoop.hdds.server.OzoneProtocolMessageDispatcher.processRequest(OzoneProtocolMessageDispatcher.java:87) [hdds-server-framework-1.4.0-SNAPSHOT.jar:?]
	at org.apache.hadoop.ozone.protocolPB.OzoneManagerProtocolServerSideTranslatorPB.submitRequest(OzoneManagerProtocolServerSideTranslatorPB.java:148) [ozone-manager-1.4.0-SNAPSHOT.jar:?]
	at org.apache.hadoop.ozone.protocol.proto.OzoneManagerProtocolProtos$OzoneManagerService$2.callBlockingMethod(OzoneManagerProtocolProtos.java) [ozone-interface-client-1.4.0-SNAPSHOT.jar:?]
	at org.apache.hadoop.ipc.ProtobufRpcEngine$Server.processCall(ProtobufRpcEngine.java:484) [hadoop-common-3.3.6.jar:?]
	at org.apache.hadoop.ipc.ProtobufRpcEngine2$Server$ProtoBufRpcInvoker.call(ProtobufRpcEngine2.java:595) [hadoop-common-3.3.6.jar:?]
	at org.apache.hadoop.ipc.ProtobufRpcEngine2$Server$ProtoBufRpcInvoker.call(ProtobufRpcEngine2.java:573) [hadoop-common-3.3.6.jar:?]
	at org.apache.hadoop.ipc.RPC$Server.call(RPC.java:1227) [hadoop-common-3.3.6.jar:?]
	at org.apache.hadoop.ipc.Server$RpcCall.run(Server.java:1094) [hadoop-common-3.3.6.jar:?]
	at org.apache.hadoop.ipc.Server$RpcCall.run(Server.java:1017) [hadoop-common-3.3.6.jar:?]
	at java.security.AccessController.doPrivileged(Native Method) ~[?:1.8.0_382]
	at javax.security.auth.Subject.doAs(Subject.java:422) [?:1.8.0_382]
	at org.apache.hadoop.security.UserGroupInformation.doAs(UserGroupInformation.java:1899) [hadoop-common-3.3.6.jar:?]
	at org.apache.hadoop.ipc.Server$Handler.run(Server.java:3048) [hadoop-common-3.3.6.jar:?]
Caused by: org.apache.hadoop.security.token.SecretManager$InvalidToken: token (OzoneToken owner=om/fv-az582-512.vyw2dcplbgbehesrvt3jseauje.cx.internal.cloudapp.net@EXAMPLE.COM, renewer=om, realUser=, issueDate=2023-08-24T06:06:21.844Z, maxDate=2077-04-15T12:12:45.874Z, sequenceNumber=1, masterKeyId=1, strToSign=null, signature=null, awsAccessKeyId=null, omServiceId=omServiceIdDefault, omCertSerialId=1643010460777) can't be found in cache
	at org.apache.hadoop.ozone.security.OzoneDelegationTokenSecretManager.validateToken(OzoneDelegationTokenSecretManager.java:432) ~[ozone-manager-1.4.0-SNAPSHOT.jar:?]
	at org.apache.hadoop.ozone.security.OzoneDelegationTokenSecretManager.renewToken(OzoneDelegationTokenSecretManager.java:301) ~[ozone-manager-1.4.0-SNAPSHOT.jar:?]
	at org.apache.hadoop.ozone.om.OzoneManager.renewDelegationToken(OzoneManager.java:2367) ~[ozone-manager-1.4.0-SNAPSHOT.jar:?]
	... 15 more
2023-08-24 06:06:22,942 [Time-limited test] INFO  om.OzoneManager (OzoneManager.java:stop(2187)) - om1[fv-az582-512.vyw2dcplbgbehesrvt3jseauje.cx.internal.cloudapp.net:1202]: Stopping Ozone Manager
2023-08-24 06:06:22,942 [Time-limited test] INFO  ipc.Server (Server.java:stop(3523)) - Stopping server on 1202
2023-08-24 06:06:22,947 [IPC Server Responder] INFO  ipc.Server (Server.java:run(1567)) - Stopping IPC Server Responder
2023-08-24 06:06:22,947 [IPC Server listener on 1202] INFO  ipc.Server (Server.java:run(1434)) - Stopping IPC Server listener on 1202
2023-08-24 06:06:22,948 [Time-limited test] INFO  server.RaftServer (RaftServerProxy.java:lambda$close$6(416)) - om1: close
2023-08-24 06:06:22,948 [om1-impl-thread1] INFO  server.RaftServer$Division (RaftServerImpl.java:lambda$close$4(466)) - om1@group-C5BA1605619E: shutdown
2023-08-24 06:06:22,949 [om1-impl-thread1] INFO  util.JmxRegister (JmxRegister.java:unregister(73)) - Successfully un-registered JMX Bean with object name Ratis:service=RaftServer,group=group-C5BA1605619E,id=om1
2023-08-24 06:06:22,949 [om1-impl-thread1] INFO  impl.RoleInfo (RoleInfo.java:shutdownLeaderState(93)) - om1: shutdown om1@group-C5BA1605619E-LeaderStateImpl
2023-08-24 06:06:22,949 [om1-impl-thread1] INFO  impl.PendingRequests (PendingRequests.java:sendNotLeaderResponses(289)) - om1@group-C5BA1605619E-PendingRequests: sendNotLeaderResponses
2023-08-24 06:06:22,950 [om1-impl-thread1] INFO  impl.StateMachineUpdater (StateMachineUpdater.java:stopAndJoin(155)) - om1@group-C5BA1605619E-StateMachineUpdater: set stopIndex = 6
2023-08-24 06:06:22,951 [om1@group-C5BA1605619E-StateMachineUpdater] INFO  ratis.OzoneManagerStateMachine (OzoneManagerStateMachine.java:takeSnapshot(480)) - Current Snapshot Index (t:1, i:6)
2023-08-24 06:06:22,952 [Time-limited test] INFO  server.GrpcService (GrpcService.java:closeImpl(311)) - om1: shutdown server GrpcServerProtocolService now
2023-08-24 06:06:22,953 [Time-limited test] INFO  server.GrpcService (GrpcService.java:closeImpl(320)) - om1: shutdown server GrpcServerProtocolService successfully
2023-08-24 06:06:22,961 [om1@group-C5BA1605619E-StateMachineUpdater] INFO  impl.StateMachineUpdater (StateMachineUpdater.java:takeSnapshot(291)) - om1@group-C5BA1605619E-StateMachineUpdater: Took a snapshot at index 6
2023-08-24 06:06:22,961 [om1@group-C5BA1605619E-StateMachineUpdater] INFO  impl.StateMachineUpdater (StateMachineUpdater.java:lambda$new$0(97)) - om1@group-C5BA1605619E-StateMachineUpdater: snapshotIndex: updateIncreasingly -1 -> 6
2023-08-24 06:06:22,961 [om1@group-C5BA1605619E-StateMachineUpdater] INFO  ratis.OzoneManagerStateMachine (OzoneManagerStateMachine.java:close(534)) - StateMachine has shutdown. Shutdown OzoneManager if not already shutdown.
2023-08-24 06:06:22,961 [om1@group-C5BA1605619E-StateMachineUpdater] INFO  ratis.OzoneManagerDoubleBuffer (OzoneManagerDoubleBuffer.java:stopDaemon(551)) - Stopping OMDoubleBuffer flush thread
2023-08-24 06:06:22,961 [OMDoubleBufferFlushThread] INFO  ratis.OzoneManagerDoubleBuffer (OzoneManagerDoubleBuffer.java:canFlush(638)) - OMDoubleBuffer flush thread OMDoubleBufferFlushThread is interrupted and will exit.
2023-08-24 06:06:22,962 [om1-impl-thread1] INFO  server.RaftServer$Division (ServerState.java:close(472)) - om1@group-C5BA1605619E: closes. applyIndex: 6
2023-08-24 06:06:23,888 [om1-impl-thread1] INFO  segmented.SegmentedRaftLogWorker (SegmentedRaftLogWorker.java:close(252)) - om1@group-C5BA1605619E-SegmentedRaftLogWorker close()
2023-08-24 06:06:23,888 [JvmPauseMonitor7] INFO  util.JvmPauseMonitor (JvmPauseMonitor.java:run(109)) - JvmPauseMonitor-om1: Stopped
2023-08-24 06:06:23,888 [Time-limited test] INFO  ratis.OzoneManagerStateMachine (OzoneManagerStateMachine.java:close(534)) - StateMachine has shutdown. Shutdown OzoneManager if not already shutdown.
2023-08-24 06:06:23,889 [Time-limited test] INFO  ratis.OzoneManagerDoubleBuffer (OzoneManagerDoubleBuffer.java:stopDaemon(560)) - OMDoubleBuffer flush thread is not running.
2023-08-24 06:06:23,889 [Time-limited test] INFO  utils.BackgroundService (BackgroundService.java:shutdown(141)) - Shutting down service KeyDeletingService
2023-08-24 06:06:23,889 [Time-limited test] INFO  utils.BackgroundService (BackgroundService.java:shutdown(141)) - Shutting down service KeyDeletingService
2023-08-24 06:06:23,889 [Time-limited test] INFO  utils.BackgroundService (BackgroundService.java:shutdown(141)) - Shutting down service OpenKeyCleanupService
2023-08-24 06:06:23,889 [Time-limited test] INFO  utils.BackgroundService (BackgroundService.java:shutdown(141)) - Shutting down service SstFilteringService
2023-08-24 06:06:23,890 [Time-limited test] INFO  utils.BackgroundService (BackgroundService.java:shutdown(141)) - Shutting down service SnapshotDeletingService
2023-08-24 06:06:23,890 [Time-limited test] INFO  om.OzoneManager (OzoneManager.java:stopSecretManager(1063)) - Stopping secret key client.
2023-08-24 06:06:23,890 [Time-limited test] INFO  om.OzoneManager (OzoneManager.java:stopSecretManager(1068)) - Stopping OM delegation token secret manager.
2023-08-24 06:06:23,890 [Thread[Thread-1694,5,FailOnTimeoutGroup]] INFO  security.OzoneDelegationTokenSecretManager (OzoneDelegationTokenSecretManager.java:run(653)) - ExpiredTokenRemover was interrupted.
java.lang.InterruptedException: sleep interrupted
	at java.lang.Thread.sleep(Native Method)
	at org.apache.hadoop.ozone.security.OzoneDelegationTokenSecretManager$ExpiredTokenRemover.run(OzoneDelegationTokenSecretManager.java:649)
	at java.lang.Thread.run(Thread.java:750)
2023-08-24 06:06:23,891 [Time-limited test] INFO  handler.ContextHandler (ContextHandler.java:doStop(1159)) - Stopped o.e.j.w.WebAppContext@3228b94a{ozoneManager,/,null,STOPPED}{file:/home/runner/work/ozone/ozone/hadoop-ozone/integration-test/target/test-classes/webapps/ozoneManager}
2023-08-24 06:06:23,893 [Time-limited test] INFO  server.AbstractConnector (AbstractConnector.java:doStop(383)) - Stopped ServerConnector@3a6e5181{HTTP/1.1, (http/1.1)}{0.0.0.0:9874}
2023-08-24 06:06:23,893 [Time-limited test] INFO  server.session (HouseKeeper.java:stopScavenging(149)) - node0 Stopped scavenging
2023-08-24 06:06:23,893 [Time-limited test] INFO  handler.ContextHandler (ContextHandler.java:doStop(1159)) - Stopped o.e.j.s.ServletContextHandler@4dc38712{static,/static,file:///home/runner/work/ozone/ozone/hadoop-ozone/integration-test/target/test-classes/webapps/static,STOPPED}
2023-08-24 06:06:23,894 [Time-limited test] INFO  handler.ContextHandler (ContextHandler.java:doStop(1159)) - Stopped o.e.j.s.ServletContextHandler@496a5680{logs,/logs,file:///home/runner/work/ozone/ozone/hadoop-ozone/integration-test/target/log,STOPPED}
2023-08-24 06:06:23,894 [Time-limited test] INFO  rocksdiff.RocksDBCheckpointDiffer (RocksDBCheckpointDiffer.java:close(340)) - Shutting down CompactionDagPruningService.
2023-08-24 06:06:23,896 [Time-limited test] INFO  snapshot.SnapshotDiffManager (SnapshotDiffManager.java:closeExecutorService(1720)) - Shutting down executorService: 'SnapDiffExecutor'
2023-08-24 06:06:23,896 [Time-limited test] INFO  snapshot.SnapshotDiffManager (SnapshotDiffManager.java:closeExecutorService(1720)) - Shutting down executorService: 'SstDumpToolExecutor'
2023-08-24 06:06:23,896 [Time-limited test] INFO  utils.BackgroundService (BackgroundService.java:shutdown(141)) - Shutting down service SnapshotDiffCleanupService
2023-08-24 06:06:23,897 [Time-limited test] INFO  impl.DefaultInternalKdcServerImpl (DefaultInternalKdcServerImpl.java:doStop(102)) - Default Internal kdc server stopped.
2023-08-24 06:06:24,897 [Time-limited test] INFO  minikdc.MiniKdc (MiniKdc.java:stop(359)) - MiniKdc stopped.
2023-08-24 06:06:24,897 [Time-limited test] INFO  om.OzoneManager (OzoneManager.java:stop(2187)) - om1[fv-az582-512.vyw2dcplbgbehesrvt3jseauje.cx.internal.cloudapp.net:1202]: Stopping Ozone Manager
]]></system-out>
  </testcase>
  <testcase name="testSecureScmStartupFailure" classname="org.apache.hadoop.ozone.TestSecureOzoneCluster" time="2.709">
    <system-out><![CDATA[2023-08-24 06:06:24,916 [Time-limited test] INFO  net.ServerSocketUtil (ServerSocketUtil.java:getPort(55)) - Using port 9860
2023-08-24 06:06:24,916 [Time-limited test] INFO  net.ServerSocketUtil (ServerSocketUtil.java:getPort(55)) - Using port 9861
2023-08-24 06:06:24,916 [Time-limited test] INFO  net.ServerSocketUtil (ServerSocketUtil.java:getPort(55)) - Using port 9863
2023-08-24 06:06:24,916 [Time-limited test] INFO  net.ServerSocketUtil (ServerSocketUtil.java:getPort(55)) - Using port 9961
2023-08-24 06:06:24,916 [Time-limited test] INFO  net.ServerSocketUtil (ServerSocketUtil.java:getPort(55)) - Using port 1200
2023-08-24 06:06:24,916 [Time-limited test] INFO  net.ServerSocketUtil (ServerSocketUtil.java:getPort(55)) - Using port 1201
2023-08-24 06:06:24,917 [Time-limited test] INFO  minikdc.MiniKdc (MiniKdc.java:<init>(225)) - Configuration:
2023-08-24 06:06:24,917 [Time-limited test] INFO  minikdc.MiniKdc (MiniKdc.java:<init>(226)) - ---------------------------------------------------------------
2023-08-24 06:06:24,917 [Time-limited test] INFO  minikdc.MiniKdc (MiniKdc.java:<init>(228)) -   debug: false
2023-08-24 06:06:24,917 [Time-limited test] INFO  minikdc.MiniKdc (MiniKdc.java:<init>(228)) -   transport: TCP
2023-08-24 06:06:24,917 [Time-limited test] INFO  minikdc.MiniKdc (MiniKdc.java:<init>(228)) -   max.ticket.lifetime: 86400000
2023-08-24 06:06:24,917 [Time-limited test] INFO  minikdc.MiniKdc (MiniKdc.java:<init>(228)) -   org.name: EXAMPLE
2023-08-24 06:06:24,917 [Time-limited test] INFO  minikdc.MiniKdc (MiniKdc.java:<init>(228)) -   kdc.port: 0
2023-08-24 06:06:24,917 [Time-limited test] INFO  minikdc.MiniKdc (MiniKdc.java:<init>(228)) -   org.domain: COM
2023-08-24 06:06:24,917 [Time-limited test] INFO  minikdc.MiniKdc (MiniKdc.java:<init>(228)) -   max.renewable.lifetime: 604800000
2023-08-24 06:06:24,917 [Time-limited test] INFO  minikdc.MiniKdc (MiniKdc.java:<init>(228)) -   instance: DefaultKrbServer
2023-08-24 06:06:24,917 [Time-limited test] INFO  minikdc.MiniKdc (MiniKdc.java:<init>(228)) -   kdc.bind.address: localhost
2023-08-24 06:06:24,917 [Time-limited test] INFO  minikdc.MiniKdc (MiniKdc.java:<init>(230)) - ---------------------------------------------------------------
2023-08-24 06:06:24,919 [Time-limited test] INFO  minikdc.MiniKdc (MiniKdc.java:start(285)) - MiniKdc started.
2023-08-24 06:06:25,604 [Time-limited test] INFO  om.OzoneManager (OzoneManager.java:getOmDetailsProto(4552)) - OzoneManager ports added:[name: "RPC"
value: 1202
]
2023-08-24 06:06:25,604 [Time-limited test] WARN  server.ServerUtils (ServerUtils.java:getScmDbDir(155)) - ozone.scm.db.dirs is not configured. We recommend adding this setting. Falling back to ozone.metadata.dirs instead.
2023-08-24 06:06:25,605 [Time-limited test] INFO  ha.HASecurityUtils (HASecurityUtils.java:initializeSecurity(98)) - Initializing secure StorageContainerManager.
2023-08-24 06:06:25,605 [Time-limited test] INFO  client.SCMCertificateClient (DefaultCertificateClient.java:updateCertSerialId(1244)) - Certificate serial ID set to null
2023-08-24 06:06:25,606 [Time-limited test] ERROR client.SCMCertificateClient (DefaultCertificateClient.java:getCertPath(362)) - Default certificate serial id is not set. Can't locate the default certificate for this client.
2023-08-24 06:06:25,606 [Time-limited test] INFO  client.SCMCertificateClient (DefaultCertificateClient.java:init(715)) - Certificate client init case: 0
2023-08-24 06:06:25,606 [Time-limited test] INFO  client.SCMCertificateClient (SCMCertificateClient.java:handleCase(103)) - Creating keypair for client as keypair and certificate not found.
2023-08-24 06:06:26,095 [Time-limited test] INFO  ha.HASecurityUtils (HASecurityUtils.java:initializeSecurity(108)) - Init response: GETCERT
2023-08-24 06:06:26,587 [Time-limited test] INFO  ozone.OzoneSecurityUtil (OzoneSecurityUtil.java:getValidInetsForCurrentHost(119)) - ip:fe80:0:0:0:6245:bdff:fe7e:9bc0%eth0 not returned.
2023-08-24 06:06:26,588 [Time-limited test] INFO  ozone.OzoneSecurityUtil (OzoneSecurityUtil.java:getValidInetsForCurrentHost(116)) - Adding ip:10.1.0.20,host:fv-az582-512.vyw2dcplbgbehesrvt3jseauje.cx.internal.cloudapp.net
2023-08-24 06:06:26,588 [Time-limited test] INFO  ozone.OzoneSecurityUtil (OzoneSecurityUtil.java:getValidInetsForCurrentHost(119)) - ip:0:0:0:0:0:0:0:1%lo not returned.
2023-08-24 06:06:26,588 [Time-limited test] INFO  ozone.OzoneSecurityUtil (OzoneSecurityUtil.java:getValidInetsForCurrentHost(119)) - ip:127.0.0.1 not returned.
2023-08-24 06:06:26,591 [Time-limited test] INFO  utils.SelfSignedCertificate (SelfSignedCertificate.java:generateCertificate(157)) - Certificate 1 is issued by CN=scm-1@fv-az582-512,OU=25c9165b-affb-40cf-9ebc-d6824034828a,O=e3378db7-4d1f-4d10-a82d-d90c821b1e33 to CN=scm-1@fv-az582-512,OU=25c9165b-affb-40cf-9ebc-d6824034828a,O=e3378db7-4d1f-4d10-a82d-d90c821b1e33, valid from Thu Aug 24 06:06:26 UTC 2023 to Sun Oct 01 06:06:26 UTC 2028
2023-08-24 06:06:26,591 [Time-limited test] INFO  utils.CertificateCodec (CertificateCodec.java:writeCertificate(299)) - Save certificate to /tmp/junit1836224322368588505/junit7701621436234040023/scm-meta/scm/ca/certs/certificate.crt
2023-08-24 06:06:26,591 [Time-limited test] INFO  utils.CertificateCodec (CertificateCodec.java:writeCertificate(300)) - Certificate -----BEGIN CERTIFICATE-----
MIID5zCCAs+gAwIBAgIBATANBgkqhkiG9w0BAQsFADB7MRswGQYDVQQDDBJzY20t
MUBmdi1hejU4Mi01MTIxLTArBgNVBAsMJDI1YzkxNjViLWFmZmItNDBjZi05ZWJj
LWQ2ODI0MDM0ODI4YTEtMCsGA1UECgwkZTMzNzhkYjctNGQxZi00ZDEwLWE4MmQt
ZDkwYzgyMWIxZTMzMB4XDTIzMDgyNDA2MDYyNloXDTI4MTAwMTA2MDYyNlowezEb
MBkGA1UEAwwSc2NtLTFAZnYtYXo1ODItNTEyMS0wKwYDVQQLDCQyNWM5MTY1Yi1h
ZmZiLTQwY2YtOWViYy1kNjgyNDAzNDgyOGExLTArBgNVBAoMJGUzMzc4ZGI3LTRk
MWYtNGQxMC1hODJkLWQ5MGM4MjFiMWUzMzCCASIwDQYJKoZIhvcNAQEBBQADggEP
ADCCAQoCggEBAMUSAcBLK3NnWJfPutmetwpvtNXtJiBuClw7sS8ycjgHeVjI8vyL
6iG4bUgJbECoxQJ9M3K2oT5c5xAOmkw4rY2YhD4y/oXyiVavezIu2HS93RFm+PfN
HGM2VXaI8J0FkC44ZG10FJ3o1133W9Ftzv5UM8OJ+lSeGUURoYs2vC4HzX4oLCC4
JsYpCILJrQgYzSo1UYArAIZ5ZWkPlU+AHyzLbL9H0lG/m6rM8jtxu09T7oWF5jQ2
6AgVcIa4m1p7sPJj4TXc8h0SQoQTRcZbzKKyLQ0Ane/5j6BkfRcLyfMF4oXtKmwh
cbmbBZtu1lUnrI9ysMqQBzMk67LlmFdY92ECAwEAAaN2MHQwDwYDVR0TAQH/BAUw
AwEB/zAOBgNVHQ8BAf8EBAMCAQYwUQYDVR0RBEowSIcECgEAFIJAZnYtYXo1ODIt
NTEyLnZ5dzJkY3BsYmdiZWhlc3J2dDNqc2VhdWplLmN4LmludGVybmFsLmNsb3Vk
YXBwLm5ldDANBgkqhkiG9w0BAQsFAAOCAQEAHoWy0k1XIHNEmb+H9eWZ4BHUyJh3
2XOc/oQBkUjefW0i+ah66rdyBnUEJlVZ1iBdAu4oldbRu+8uhOPo07bQTyRGl6pl
smUYza1TgELSbx4H3kmkl/euRVDEWt1RndPCy5SKENfYuv8D/JhwDNOkNOxvkJCC
emw2yL7QMI5Y0OErjdeb6Gu58M31MgIxCSOM3RG89iXysNy8zkpmB1o4/skPk+ew
0qCjPuDs53y+BmL8Ou/yu/QmMYUwvFt6DTKzlYZF3x7xYp8yMAt75WvUNAZQsIMF
K8CxOmjxZGROkkZwvHJUtHWOxC5ynYhXEsmhXQcYrI/pM7QiIN2OmqBSKw==
-----END CERTIFICATE-----

2023-08-24 06:06:26,592 [Time-limited test] INFO  client.SCMCertificateClient (SCMCertificateClient.java:getCSRBuilder(165)) - Creating csr for SCM->hostName:fv-az582-512,scmId:25c9165b-affb-40cf-9ebc-d6824034828a,clusterId:e3378db7-4d1f-4d10-a82d-d90c821b1e33,subject:scm-sub-1653872770824@fv-az582-512
2023-08-24 06:06:26,592 [Time-limited test] INFO  ozone.OzoneSecurityUtil (OzoneSecurityUtil.java:getValidInetsForCurrentHost(119)) - ip:fe80:0:0:0:6245:bdff:fe7e:9bc0%eth0 not returned.
2023-08-24 06:06:26,592 [Time-limited test] INFO  ozone.OzoneSecurityUtil (OzoneSecurityUtil.java:getValidInetsForCurrentHost(116)) - Adding ip:10.1.0.20,host:fv-az582-512.vyw2dcplbgbehesrvt3jseauje.cx.internal.cloudapp.net
2023-08-24 06:06:26,592 [Time-limited test] INFO  ozone.OzoneSecurityUtil (OzoneSecurityUtil.java:getValidInetsForCurrentHost(119)) - ip:0:0:0:0:0:0:0:1%lo not returned.
2023-08-24 06:06:26,592 [Time-limited test] INFO  ozone.OzoneSecurityUtil (OzoneSecurityUtil.java:getValidInetsForCurrentHost(119)) - ip:127.0.0.1 not returned.
2023-08-24 06:06:26,592 [Time-limited test] INFO  ha.HASecurityUtils (HASecurityUtils.java:generateCSR(308)) - Creating csr for SCM->hostName:fv-az582-512,scmId:25c9165b-affb-40cf-9ebc-d6824034828a,clusterId:e3378db7-4d1f-4d10-a82d-d90c821b1e33,subject:scm-sub-1653873306319@fv-az582-512
2023-08-24 06:06:26,596 [Time-limited test] INFO  authority.DefaultApprover (DefaultApprover.java:sign(154)) - Extensions in CSR: 2.5.29.19, 2.5.29.15, 2.5.29.17
2023-08-24 06:06:26,596 [Time-limited test] INFO  authority.DefaultApprover (DefaultApprover.java:sign(158)) - Extensions to add to the certificate if they present in CSR: 2.5.29.17, 2.5.29.19, 1.3.6.1.5.5.7.1.12, 2.5.29.35, 2.5.29.37, 2.5.29.15
2023-08-24 06:06:26,599 [Time-limited test] INFO  utils.CertificateCodec (CertificateCodec.java:writeCertificate(299)) - Save certificate to /tmp/junit1836224322368588505/junit7701621436234040023/scm-meta/scm/sub-ca/certs/CA-1.crt
2023-08-24 06:06:26,599 [Time-limited test] INFO  utils.CertificateCodec (CertificateCodec.java:writeCertificate(300)) - Certificate -----BEGIN CERTIFICATE-----
MIID5zCCAs+gAwIBAgIBATANBgkqhkiG9w0BAQsFADB7MRswGQYDVQQDDBJzY20t
MUBmdi1hejU4Mi01MTIxLTArBgNVBAsMJDI1YzkxNjViLWFmZmItNDBjZi05ZWJj
LWQ2ODI0MDM0ODI4YTEtMCsGA1UECgwkZTMzNzhkYjctNGQxZi00ZDEwLWE4MmQt
ZDkwYzgyMWIxZTMzMB4XDTIzMDgyNDA2MDYyNloXDTI4MTAwMTA2MDYyNlowezEb
MBkGA1UEAwwSc2NtLTFAZnYtYXo1ODItNTEyMS0wKwYDVQQLDCQyNWM5MTY1Yi1h
ZmZiLTQwY2YtOWViYy1kNjgyNDAzNDgyOGExLTArBgNVBAoMJGUzMzc4ZGI3LTRk
MWYtNGQxMC1hODJkLWQ5MGM4MjFiMWUzMzCCASIwDQYJKoZIhvcNAQEBBQADggEP
ADCCAQoCggEBAMUSAcBLK3NnWJfPutmetwpvtNXtJiBuClw7sS8ycjgHeVjI8vyL
6iG4bUgJbECoxQJ9M3K2oT5c5xAOmkw4rY2YhD4y/oXyiVavezIu2HS93RFm+PfN
HGM2VXaI8J0FkC44ZG10FJ3o1133W9Ftzv5UM8OJ+lSeGUURoYs2vC4HzX4oLCC4
JsYpCILJrQgYzSo1UYArAIZ5ZWkPlU+AHyzLbL9H0lG/m6rM8jtxu09T7oWF5jQ2
6AgVcIa4m1p7sPJj4TXc8h0SQoQTRcZbzKKyLQ0Ane/5j6BkfRcLyfMF4oXtKmwh
cbmbBZtu1lUnrI9ysMqQBzMk67LlmFdY92ECAwEAAaN2MHQwDwYDVR0TAQH/BAUw
AwEB/zAOBgNVHQ8BAf8EBAMCAQYwUQYDVR0RBEowSIcECgEAFIJAZnYtYXo1ODIt
NTEyLnZ5dzJkY3BsYmdiZWhlc3J2dDNqc2VhdWplLmN4LmludGVybmFsLmNsb3Vk
YXBwLm5ldDANBgkqhkiG9w0BAQsFAAOCAQEAHoWy0k1XIHNEmb+H9eWZ4BHUyJh3
2XOc/oQBkUjefW0i+ah66rdyBnUEJlVZ1iBdAu4oldbRu+8uhOPo07bQTyRGl6pl
smUYza1TgELSbx4H3kmkl/euRVDEWt1RndPCy5SKENfYuv8D/JhwDNOkNOxvkJCC
emw2yL7QMI5Y0OErjdeb6Gu58M31MgIxCSOM3RG89iXysNy8zkpmB1o4/skPk+ew
0qCjPuDs53y+BmL8Ou/yu/QmMYUwvFt6DTKzlYZF3x7xYp8yMAt75WvUNAZQsIMF
K8CxOmjxZGROkkZwvHJUtHWOxC5ynYhXEsmhXQcYrI/pM7QiIN2OmqBSKw==
-----END CERTIFICATE-----

2023-08-24 06:06:26,600 [Time-limited test] INFO  utils.CertificateCodec (CertificateCodec.java:writeCertificate(299)) - Save certificate to /tmp/junit1836224322368588505/junit7701621436234040023/scm-meta/scm/sub-ca/certs/1653876621888.crt
2023-08-24 06:06:26,600 [Time-limited test] INFO  utils.CertificateCodec (CertificateCodec.java:writeCertificate(300)) - Certificate -----BEGIN CERTIFICATE-----
MIID/TCCAuWgAwIBAgIGAYESuoJAMA0GCSqGSIb3DQEBCwUAMHsxGzAZBgNVBAMM
EnNjbS0xQGZ2LWF6NTgyLTUxMjEtMCsGA1UECwwkMjVjOTE2NWItYWZmYi00MGNm
LTllYmMtZDY4MjQwMzQ4MjhhMS0wKwYDVQQKDCRlMzM3OGRiNy00ZDFmLTRkMTAt
YTgyZC1kOTBjODIxYjFlMzMwHhcNMjMwODI0MDYwNjI2WhcNMjgxMDAxMDYwNjI2
WjCBizErMCkGA1UEAwwic2NtLXN1Yi0xNjUzODczMzA2MzE5QGZ2LWF6NTgyLTUx
MjEtMCsGA1UECwwkMjVjOTE2NWItYWZmYi00MGNmLTllYmMtZDY4MjQwMzQ4Mjhh
MS0wKwYDVQQKDCRlMzM3OGRiNy00ZDFmLTRkMTAtYTgyZC1kOTBjODIxYjFlMzMw
ggEiMA0GCSqGSIb3DQEBAQUAA4IBDwAwggEKAoIBAQCrHRnAFVeghqbwcBCqGjb5
F7ecvU1LX3YEPDjT69yp/eEwbId/obPOrPJEVrcfnnAqcsBa1L2+g9mPG9ZyfsBT
XVkqR35+BfwUR2ya35PkXubMEzFH+2pURgdUuRArQUK7LqSXhtVJo3w5QenbObHs
pRDalqwD+hTkDpkRLwoW83K451FqSW1ExJHNkSg/mU4J9hvibGol+RYUjRqm6XDu
JXTP9bKnaiz3vyuXA4mRsJeQctNI/B2bjVwwE+9igw4OcZv7Zo8sV9nXXgOfv30b
jhrpPN1slmIocpzWoki6Ij9kw5fW1/UvSILSzoL11y2vkBBl2rTkSFIZbCmoIBrf
AgMBAAGjdjB0MFEGA1UdEQRKMEiHBAoBABSCQGZ2LWF6NTgyLTUxMi52eXcyZGNw
bGJnYmVoZXNydnQzanNlYXVqZS5jeC5pbnRlcm5hbC5jbG91ZGFwcC5uZXQwDwYD
VR0TAQH/BAUwAwEB/zAOBgNVHQ8BAf8EBAMCAb4wDQYJKoZIhvcNAQELBQADggEB
ABYSyBCb+uwmnM673ERC/pRmAcpVEBaiUXqz98iwUfSE7kD0pF6Oip66QkNp+KUX
+eAxhqKqnIW9t2OzuB9yv9Y/q+QON+BlzkqwAAXO+hNqy7uY7TlSVPqGI4Z3B2RT
nZGDN56/sCWzILtzBjZUn8f8Eb3U4gh9XueMeHUxSpqyh5SAkDxwujIZM4nwrllV
BqtzQZz0BICQLhMYp5dbmrxr3C6qE0zMS24ZXthm+/Igo2KhlZGL/XYLuM7UfKEG
lrIH/NtbQW3DFkK+UyLZuEuMfGICY7IUqcEY7tVO3JSKHHBgRqT8Ho0KfWS/4B3e
8kZavRp1dpc7YL0E5V8YPPI=
-----END CERTIFICATE-----

-----BEGIN CERTIFICATE-----
MIID5zCCAs+gAwIBAgIBATANBgkqhkiG9w0BAQsFADB7MRswGQYDVQQDDBJzY20t
MUBmdi1hejU4Mi01MTIxLTArBgNVBAsMJDI1YzkxNjViLWFmZmItNDBjZi05ZWJj
LWQ2ODI0MDM0ODI4YTEtMCsGA1UECgwkZTMzNzhkYjctNGQxZi00ZDEwLWE4MmQt
ZDkwYzgyMWIxZTMzMB4XDTIzMDgyNDA2MDYyNloXDTI4MTAwMTA2MDYyNlowezEb
MBkGA1UEAwwSc2NtLTFAZnYtYXo1ODItNTEyMS0wKwYDVQQLDCQyNWM5MTY1Yi1h
ZmZiLTQwY2YtOWViYy1kNjgyNDAzNDgyOGExLTArBgNVBAoMJGUzMzc4ZGI3LTRk
MWYtNGQxMC1hODJkLWQ5MGM4MjFiMWUzMzCCASIwDQYJKoZIhvcNAQEBBQADggEP
ADCCAQoCggEBAMUSAcBLK3NnWJfPutmetwpvtNXtJiBuClw7sS8ycjgHeVjI8vyL
6iG4bUgJbECoxQJ9M3K2oT5c5xAOmkw4rY2YhD4y/oXyiVavezIu2HS93RFm+PfN
HGM2VXaI8J0FkC44ZG10FJ3o1133W9Ftzv5UM8OJ+lSeGUURoYs2vC4HzX4oLCC4
JsYpCILJrQgYzSo1UYArAIZ5ZWkPlU+AHyzLbL9H0lG/m6rM8jtxu09T7oWF5jQ2
6AgVcIa4m1p7sPJj4TXc8h0SQoQTRcZbzKKyLQ0Ane/5j6BkfRcLyfMF4oXtKmwh
cbmbBZtu1lUnrI9ysMqQBzMk67LlmFdY92ECAwEAAaN2MHQwDwYDVR0TAQH/BAUw
AwEB/zAOBgNVHQ8BAf8EBAMCAQYwUQYDVR0RBEowSIcECgEAFIJAZnYtYXo1ODIt
NTEyLnZ5dzJkY3BsYmdiZWhlc3J2dDNqc2VhdWplLmN4LmludGVybmFsLmNsb3Vk
YXBwLm5ldDANBgkqhkiG9w0BAQsFAAOCAQEAHoWy0k1XIHNEmb+H9eWZ4BHUyJh3
2XOc/oQBkUjefW0i+ah66rdyBnUEJlVZ1iBdAu4oldbRu+8uhOPo07bQTyRGl6pl
smUYza1TgELSbx4H3kmkl/euRVDEWt1RndPCy5SKENfYuv8D/JhwDNOkNOxvkJCC
emw2yL7QMI5Y0OErjdeb6Gu58M31MgIxCSOM3RG89iXysNy8zkpmB1o4/skPk+ew
0qCjPuDs53y+BmL8Ou/yu/QmMYUwvFt6DTKzlYZF3x7xYp8yMAt75WvUNAZQsIMF
K8CxOmjxZGROkkZwvHJUtHWOxC5ynYhXEsmhXQcYrI/pM7QiIN2OmqBSKw==
-----END CERTIFICATE-----

2023-08-24 06:06:26,600 [Time-limited test] INFO  utils.CertificateCodec (CertificateCodec.java:writeCertificate(299)) - Save certificate to /tmp/junit1836224322368588505/junit7701621436234040023/scm-meta/scm/sub-ca/certs/certificate.crt
2023-08-24 06:06:26,600 [Time-limited test] INFO  utils.CertificateCodec (CertificateCodec.java:writeCertificate(300)) - Certificate -----BEGIN CERTIFICATE-----
MIID/TCCAuWgAwIBAgIGAYESuoJAMA0GCSqGSIb3DQEBCwUAMHsxGzAZBgNVBAMM
EnNjbS0xQGZ2LWF6NTgyLTUxMjEtMCsGA1UECwwkMjVjOTE2NWItYWZmYi00MGNm
LTllYmMtZDY4MjQwMzQ4MjhhMS0wKwYDVQQKDCRlMzM3OGRiNy00ZDFmLTRkMTAt
YTgyZC1kOTBjODIxYjFlMzMwHhcNMjMwODI0MDYwNjI2WhcNMjgxMDAxMDYwNjI2
WjCBizErMCkGA1UEAwwic2NtLXN1Yi0xNjUzODczMzA2MzE5QGZ2LWF6NTgyLTUx
MjEtMCsGA1UECwwkMjVjOTE2NWItYWZmYi00MGNmLTllYmMtZDY4MjQwMzQ4Mjhh
MS0wKwYDVQQKDCRlMzM3OGRiNy00ZDFmLTRkMTAtYTgyZC1kOTBjODIxYjFlMzMw
ggEiMA0GCSqGSIb3DQEBAQUAA4IBDwAwggEKAoIBAQCrHRnAFVeghqbwcBCqGjb5
F7ecvU1LX3YEPDjT69yp/eEwbId/obPOrPJEVrcfnnAqcsBa1L2+g9mPG9ZyfsBT
XVkqR35+BfwUR2ya35PkXubMEzFH+2pURgdUuRArQUK7LqSXhtVJo3w5QenbObHs
pRDalqwD+hTkDpkRLwoW83K451FqSW1ExJHNkSg/mU4J9hvibGol+RYUjRqm6XDu
JXTP9bKnaiz3vyuXA4mRsJeQctNI/B2bjVwwE+9igw4OcZv7Zo8sV9nXXgOfv30b
jhrpPN1slmIocpzWoki6Ij9kw5fW1/UvSILSzoL11y2vkBBl2rTkSFIZbCmoIBrf
AgMBAAGjdjB0MFEGA1UdEQRKMEiHBAoBABSCQGZ2LWF6NTgyLTUxMi52eXcyZGNw
bGJnYmVoZXNydnQzanNlYXVqZS5jeC5pbnRlcm5hbC5jbG91ZGFwcC5uZXQwDwYD
VR0TAQH/BAUwAwEB/zAOBgNVHQ8BAf8EBAMCAb4wDQYJKoZIhvcNAQELBQADggEB
ABYSyBCb+uwmnM673ERC/pRmAcpVEBaiUXqz98iwUfSE7kD0pF6Oip66QkNp+KUX
+eAxhqKqnIW9t2OzuB9yv9Y/q+QON+BlzkqwAAXO+hNqy7uY7TlSVPqGI4Z3B2RT
nZGDN56/sCWzILtzBjZUn8f8Eb3U4gh9XueMeHUxSpqyh5SAkDxwujIZM4nwrllV
BqtzQZz0BICQLhMYp5dbmrxr3C6qE0zMS24ZXthm+/Igo2KhlZGL/XYLuM7UfKEG
lrIH/NtbQW3DFkK+UyLZuEuMfGICY7IUqcEY7tVO3JSKHHBgRqT8Ho0KfWS/4B3e
8kZavRp1dpc7YL0E5V8YPPI=
-----END CERTIFICATE-----

-----BEGIN CERTIFICATE-----
MIID5zCCAs+gAwIBAgIBATANBgkqhkiG9w0BAQsFADB7MRswGQYDVQQDDBJzY20t
MUBmdi1hejU4Mi01MTIxLTArBgNVBAsMJDI1YzkxNjViLWFmZmItNDBjZi05ZWJj
LWQ2ODI0MDM0ODI4YTEtMCsGA1UECgwkZTMzNzhkYjctNGQxZi00ZDEwLWE4MmQt
ZDkwYzgyMWIxZTMzMB4XDTIzMDgyNDA2MDYyNloXDTI4MTAwMTA2MDYyNlowezEb
MBkGA1UEAwwSc2NtLTFAZnYtYXo1ODItNTEyMS0wKwYDVQQLDCQyNWM5MTY1Yi1h
ZmZiLTQwY2YtOWViYy1kNjgyNDAzNDgyOGExLTArBgNVBAoMJGUzMzc4ZGI3LTRk
MWYtNGQxMC1hODJkLWQ5MGM4MjFiMWUzMzCCASIwDQYJKoZIhvcNAQEBBQADggEP
ADCCAQoCggEBAMUSAcBLK3NnWJfPutmetwpvtNXtJiBuClw7sS8ycjgHeVjI8vyL
6iG4bUgJbECoxQJ9M3K2oT5c5xAOmkw4rY2YhD4y/oXyiVavezIu2HS93RFm+PfN
HGM2VXaI8J0FkC44ZG10FJ3o1133W9Ftzv5UM8OJ+lSeGUURoYs2vC4HzX4oLCC4
JsYpCILJrQgYzSo1UYArAIZ5ZWkPlU+AHyzLbL9H0lG/m6rM8jtxu09T7oWF5jQ2
6AgVcIa4m1p7sPJj4TXc8h0SQoQTRcZbzKKyLQ0Ane/5j6BkfRcLyfMF4oXtKmwh
cbmbBZtu1lUnrI9ysMqQBzMk67LlmFdY92ECAwEAAaN2MHQwDwYDVR0TAQH/BAUw
AwEB/zAOBgNVHQ8BAf8EBAMCAQYwUQYDVR0RBEowSIcECgEAFIJAZnYtYXo1ODIt
NTEyLnZ5dzJkY3BsYmdiZWhlc3J2dDNqc2VhdWplLmN4LmludGVybmFsLmNsb3Vk
YXBwLm5ldDANBgkqhkiG9w0BAQsFAAOCAQEAHoWy0k1XIHNEmb+H9eWZ4BHUyJh3
2XOc/oQBkUjefW0i+ah66rdyBnUEJlVZ1iBdAu4oldbRu+8uhOPo07bQTyRGl6pl
smUYza1TgELSbx4H3kmkl/euRVDEWt1RndPCy5SKENfYuv8D/JhwDNOkNOxvkJCC
emw2yL7QMI5Y0OErjdeb6Gu58M31MgIxCSOM3RG89iXysNy8zkpmB1o4/skPk+ew
0qCjPuDs53y+BmL8Ou/yu/QmMYUwvFt6DTKzlYZF3x7xYp8yMAt75WvUNAZQsIMF
K8CxOmjxZGROkkZwvHJUtHWOxC5ynYhXEsmhXQcYrI/pM7QiIN2OmqBSKw==
-----END CERTIFICATE-----

2023-08-24 06:06:26,600 [Time-limited test] INFO  ha.HASecurityUtils (HASecurityUtils.java:initializeSecurity(121)) - Successfully stored SCM signed certificate.
2023-08-24 06:06:26,602 [Time-limited test] WARN  server.ServerUtils (ServerUtils.java:getScmDbDir(155)) - ozone.scm.db.dirs is not configured. We recommend adding this setting. Falling back to ozone.metadata.dirs instead.
2023-08-24 06:06:26,602 [Time-limited test] INFO  ha.SCMHANodeDetails (SCMHANodeDetails.java:loadSCMHAConfig(210)) - ServiceID for StorageContainerManager is null
2023-08-24 06:06:26,602 [Time-limited test] INFO  ha.SCMHANodeDetails (SCMHANodeDetails.java:loadSCMHAConfig(215)) - ozone.scm.default.service.id is not defined, falling back to ozone.scm.service.ids to find serviceID for StorageContainerManager if it is HA enabled cluster
2023-08-24 06:06:26,603 [Time-limited test] WARN  server.ServerUtils (ServerUtils.java:getScmDbDir(155)) - ozone.scm.db.dirs is not configured. We recommend adding this setting. Falling back to ozone.metadata.dirs instead.
2023-08-24 06:06:26,604 [Time-limited test] INFO  ha.SCMHANodeDetails (SCMHANodeDetails.java:loadSCMHAConfig(210)) - ServiceID for StorageContainerManager is null
2023-08-24 06:06:26,604 [Time-limited test] INFO  ha.SCMHANodeDetails (SCMHANodeDetails.java:loadSCMHAConfig(215)) - ozone.scm.default.service.id is not defined, falling back to ozone.scm.service.ids to find serviceID for StorageContainerManager if it is HA enabled cluster
2023-08-24 06:06:26,604 [Time-limited test] WARN  server.ServerUtils (ServerUtils.java:getScmDbDir(155)) - ozone.scm.db.dirs is not configured. We recommend adding this setting. Falling back to ozone.metadata.dirs instead.
2023-08-24 06:06:26,605 [Time-limited test] INFO  ha.SCMHANodeDetails (SCMHANodeDetails.java:loadSCMHAConfig(210)) - ServiceID for StorageContainerManager is null
2023-08-24 06:06:26,605 [Time-limited test] INFO  ha.SCMHANodeDetails (SCMHANodeDetails.java:loadSCMHAConfig(215)) - ozone.scm.default.service.id is not defined, falling back to ozone.scm.service.ids to find serviceID for StorageContainerManager if it is HA enabled cluster
2023-08-24 06:06:26,605 [Time-limited test] WARN  server.ServerUtils (ServerUtils.java:getScmDbDir(155)) - ozone.scm.db.dirs is not configured. We recommend adding this setting. Falling back to ozone.metadata.dirs instead.
2023-08-24 06:06:26,605 [Time-limited test] INFO  ha.SCMHANodeDetails (SCMHANodeDetails.java:loadSCMHAConfig(210)) - ServiceID for StorageContainerManager is null
2023-08-24 06:06:26,605 [Time-limited test] INFO  ha.SCMHANodeDetails (SCMHANodeDetails.java:loadSCMHAConfig(215)) - ozone.scm.default.service.id is not defined, falling back to ozone.scm.service.ids to find serviceID for StorageContainerManager if it is HA enabled cluster
2023-08-24 06:06:26,606 [Time-limited test] INFO  impl.DefaultInternalKdcServerImpl (DefaultInternalKdcServerImpl.java:doStop(102)) - Default Internal kdc server stopped.
2023-08-24 06:06:27,607 [Time-limited test] INFO  minikdc.MiniKdc (MiniKdc.java:stop(359)) - MiniKdc stopped.
]]></system-out>
  </testcase>
  <testcase name="testAdminAccessControlException" classname="org.apache.hadoop.ozone.TestSecureOzoneCluster" time="5.298">
    <system-out><![CDATA[2023-08-24 06:06:27,667 [Time-limited test] INFO  net.ServerSocketUtil (ServerSocketUtil.java:getPort(55)) - Using port 9860
2023-08-24 06:06:27,667 [Time-limited test] INFO  net.ServerSocketUtil (ServerSocketUtil.java:getPort(55)) - Using port 9861
2023-08-24 06:06:27,667 [Time-limited test] INFO  net.ServerSocketUtil (ServerSocketUtil.java:getPort(55)) - Using port 9863
2023-08-24 06:06:27,667 [Time-limited test] INFO  net.ServerSocketUtil (ServerSocketUtil.java:getPort(55)) - Using port 9961
2023-08-24 06:06:27,667 [Time-limited test] INFO  net.ServerSocketUtil (ServerSocketUtil.java:getPort(55)) - Using port 1200
2023-08-24 06:06:27,667 [Time-limited test] INFO  net.ServerSocketUtil (ServerSocketUtil.java:getPort(55)) - Using port 1201
2023-08-24 06:06:27,668 [Time-limited test] INFO  minikdc.MiniKdc (MiniKdc.java:<init>(225)) - Configuration:
2023-08-24 06:06:27,668 [Time-limited test] INFO  minikdc.MiniKdc (MiniKdc.java:<init>(226)) - ---------------------------------------------------------------
2023-08-24 06:06:27,668 [Time-limited test] INFO  minikdc.MiniKdc (MiniKdc.java:<init>(228)) -   debug: false
2023-08-24 06:06:27,668 [Time-limited test] INFO  minikdc.MiniKdc (MiniKdc.java:<init>(228)) -   transport: TCP
2023-08-24 06:06:27,668 [Time-limited test] INFO  minikdc.MiniKdc (MiniKdc.java:<init>(228)) -   max.ticket.lifetime: 86400000
2023-08-24 06:06:27,668 [Time-limited test] INFO  minikdc.MiniKdc (MiniKdc.java:<init>(228)) -   org.name: EXAMPLE
2023-08-24 06:06:27,668 [Time-limited test] INFO  minikdc.MiniKdc (MiniKdc.java:<init>(228)) -   kdc.port: 0
2023-08-24 06:06:27,668 [Time-limited test] INFO  minikdc.MiniKdc (MiniKdc.java:<init>(228)) -   org.domain: COM
2023-08-24 06:06:27,668 [Time-limited test] INFO  minikdc.MiniKdc (MiniKdc.java:<init>(228)) -   max.renewable.lifetime: 604800000
2023-08-24 06:06:27,668 [Time-limited test] INFO  minikdc.MiniKdc (MiniKdc.java:<init>(228)) -   instance: DefaultKrbServer
2023-08-24 06:06:27,668 [Time-limited test] INFO  minikdc.MiniKdc (MiniKdc.java:<init>(228)) -   kdc.bind.address: localhost
2023-08-24 06:06:27,668 [Time-limited test] INFO  minikdc.MiniKdc (MiniKdc.java:<init>(230)) - ---------------------------------------------------------------
2023-08-24 06:06:27,670 [Time-limited test] INFO  minikdc.MiniKdc (MiniKdc.java:start(285)) - MiniKdc started.
2023-08-24 06:06:28,111 [Time-limited test] INFO  om.OzoneManager (OzoneManager.java:getOmDetailsProto(4552)) - OzoneManager ports added:[name: "RPC"
value: 1202
]
2023-08-24 06:06:28,111 [Time-limited test] WARN  server.ServerUtils (ServerUtils.java:getScmDbDir(155)) - ozone.scm.db.dirs is not configured. We recommend adding this setting. Falling back to ozone.metadata.dirs instead.
2023-08-24 06:06:28,112 [Time-limited test] INFO  ha.HASecurityUtils (HASecurityUtils.java:initializeSecurity(98)) - Initializing secure StorageContainerManager.
2023-08-24 06:06:28,112 [Time-limited test] INFO  client.SCMCertificateClient (DefaultCertificateClient.java:updateCertSerialId(1244)) - Certificate serial ID set to null
2023-08-24 06:06:28,113 [Time-limited test] ERROR client.SCMCertificateClient (DefaultCertificateClient.java:getCertPath(362)) - Default certificate serial id is not set. Can't locate the default certificate for this client.
2023-08-24 06:06:28,113 [Time-limited test] INFO  client.SCMCertificateClient (DefaultCertificateClient.java:init(715)) - Certificate client init case: 0
2023-08-24 06:06:28,113 [Time-limited test] INFO  client.SCMCertificateClient (SCMCertificateClient.java:handleCase(103)) - Creating keypair for client as keypair and certificate not found.
2023-08-24 06:06:28,326 [Time-limited test] INFO  ha.HASecurityUtils (HASecurityUtils.java:initializeSecurity(108)) - Init response: GETCERT
2023-08-24 06:06:28,758 [Time-limited test] INFO  ozone.OzoneSecurityUtil (OzoneSecurityUtil.java:getValidInetsForCurrentHost(119)) - ip:fe80:0:0:0:6245:bdff:fe7e:9bc0%eth0 not returned.
2023-08-24 06:06:28,758 [Time-limited test] INFO  ozone.OzoneSecurityUtil (OzoneSecurityUtil.java:getValidInetsForCurrentHost(116)) - Adding ip:10.1.0.20,host:fv-az582-512.vyw2dcplbgbehesrvt3jseauje.cx.internal.cloudapp.net
2023-08-24 06:06:28,759 [Time-limited test] INFO  ozone.OzoneSecurityUtil (OzoneSecurityUtil.java:getValidInetsForCurrentHost(119)) - ip:0:0:0:0:0:0:0:1%lo not returned.
2023-08-24 06:06:28,759 [Time-limited test] INFO  ozone.OzoneSecurityUtil (OzoneSecurityUtil.java:getValidInetsForCurrentHost(119)) - ip:127.0.0.1 not returned.
2023-08-24 06:06:28,761 [Time-limited test] INFO  utils.SelfSignedCertificate (SelfSignedCertificate.java:generateCertificate(157)) - Certificate 1 is issued by CN=scm-1@fv-az582-512,OU=a73c78bd-465b-4a2c-ac00-a4c038f57675,O=57701e51-a6ad-4a56-bb0f-cd796f7e1fcc to CN=scm-1@fv-az582-512,OU=a73c78bd-465b-4a2c-ac00-a4c038f57675,O=57701e51-a6ad-4a56-bb0f-cd796f7e1fcc, valid from Thu Aug 24 06:06:28 UTC 2023 to Sun Oct 01 06:06:28 UTC 2028
2023-08-24 06:06:28,762 [Time-limited test] INFO  utils.CertificateCodec (CertificateCodec.java:writeCertificate(299)) - Save certificate to /tmp/junit2932738370039078909/junit7886068434179176832/scm-meta/scm/ca/certs/certificate.crt
2023-08-24 06:06:28,762 [Time-limited test] INFO  utils.CertificateCodec (CertificateCodec.java:writeCertificate(300)) - Certificate -----BEGIN CERTIFICATE-----
MIID5zCCAs+gAwIBAgIBATANBgkqhkiG9w0BAQsFADB7MRswGQYDVQQDDBJzY20t
MUBmdi1hejU4Mi01MTIxLTArBgNVBAsMJGE3M2M3OGJkLTQ2NWItNGEyYy1hYzAw
LWE0YzAzOGY1NzY3NTEtMCsGA1UECgwkNTc3MDFlNTEtYTZhZC00YTU2LWJiMGYt
Y2Q3OTZmN2UxZmNjMB4XDTIzMDgyNDA2MDYyOFoXDTI4MTAwMTA2MDYyOFowezEb
MBkGA1UEAwwSc2NtLTFAZnYtYXo1ODItNTEyMS0wKwYDVQQLDCRhNzNjNzhiZC00
NjViLTRhMmMtYWMwMC1hNGMwMzhmNTc2NzUxLTArBgNVBAoMJDU3NzAxZTUxLWE2
YWQtNGE1Ni1iYjBmLWNkNzk2ZjdlMWZjYzCCASIwDQYJKoZIhvcNAQEBBQADggEP
ADCCAQoCggEBAMyfHL0fZzWj5FuQi5p3c4V5MWc/y+jOw+YifKckpH8dmmSMG0KW
iM5SxleFodYC95za+YuAeKstzA/2tawdfL1oZOjDdCoEb8Du+X44hW7oZs/dbfH5
25NFhE+ZgD67ZH+9gzy1PHfnxI6Y540vgAToZXIr51LjKE2ZSoFlDjKqHefcodUz
QquA1q1/Dcrzi3qeDpUf+fV2t0ny8riT8cKOB9/UostFtd2c2zGYEybjhawDFkRz
wu6FiDBQ3qfQFfNdcdHH1dk1DIcAtHB+eMkw2Hw/c/keU44LM8nu6iwb4Bd8lpD8
NDvqBvR21S5adHHwKQ9SrlrtDOwtYr0L7gkCAwEAAaN2MHQwDwYDVR0TAQH/BAUw
AwEB/zAOBgNVHQ8BAf8EBAMCAQYwUQYDVR0RBEowSIcECgEAFIJAZnYtYXo1ODIt
NTEyLnZ5dzJkY3BsYmdiZWhlc3J2dDNqc2VhdWplLmN4LmludGVybmFsLmNsb3Vk
YXBwLm5ldDANBgkqhkiG9w0BAQsFAAOCAQEAwOLGqYexMvOeQPNdMoJhCAeoIwhZ
DZA3xedmxC197BN1v0jS3c1b/grA5qv9WrJ7I1kYrRUqMTxPzxforbY8U/mI4NDz
2Yv2z6toNcDnKbErq5GEIOy0ubtkQ79GJYa8XyigEei4jE0HzFYwbTH1atQz8v9t
A5Sc4Ke4E7OXTw1zs/k5W1GJfh2r1TeeUEEK1K5xcTypHbChANSDCROkNhkYopow
BwhNWaRw0y6LSbBK3JHzGutN+oNYS4qXSI58mPyVM81Jgwdk5KqgS7XPfRb9EwOR
M7ME3OGb1rxbDypAdy0XNJufZ/HapigQuB3ctmUXc6LOGw3ScoBWzCHScw==
-----END CERTIFICATE-----

2023-08-24 06:06:28,763 [Time-limited test] INFO  client.SCMCertificateClient (SCMCertificateClient.java:getCSRBuilder(165)) - Creating csr for SCM->hostName:fv-az582-512,scmId:a73c78bd-465b-4a2c-ac00-a4c038f57675,clusterId:57701e51-a6ad-4a56-bb0f-cd796f7e1fcc,subject:scm-sub-1656043555948@fv-az582-512
2023-08-24 06:06:28,763 [Time-limited test] INFO  ozone.OzoneSecurityUtil (OzoneSecurityUtil.java:getValidInetsForCurrentHost(119)) - ip:fe80:0:0:0:6245:bdff:fe7e:9bc0%eth0 not returned.
2023-08-24 06:06:28,763 [Time-limited test] INFO  ozone.OzoneSecurityUtil (OzoneSecurityUtil.java:getValidInetsForCurrentHost(116)) - Adding ip:10.1.0.20,host:fv-az582-512.vyw2dcplbgbehesrvt3jseauje.cx.internal.cloudapp.net
2023-08-24 06:06:28,763 [Time-limited test] INFO  ozone.OzoneSecurityUtil (OzoneSecurityUtil.java:getValidInetsForCurrentHost(119)) - ip:0:0:0:0:0:0:0:1%lo not returned.
2023-08-24 06:06:28,763 [Time-limited test] INFO  ozone.OzoneSecurityUtil (OzoneSecurityUtil.java:getValidInetsForCurrentHost(119)) - ip:127.0.0.1 not returned.
2023-08-24 06:06:28,763 [Time-limited test] INFO  ha.HASecurityUtils (HASecurityUtils.java:generateCSR(308)) - Creating csr for SCM->hostName:fv-az582-512,scmId:a73c78bd-465b-4a2c-ac00-a4c038f57675,clusterId:57701e51-a6ad-4a56-bb0f-cd796f7e1fcc,subject:scm-sub-1656044127843@fv-az582-512
2023-08-24 06:06:28,767 [Time-limited test] INFO  authority.DefaultApprover (DefaultApprover.java:sign(154)) - Extensions in CSR: 2.5.29.19, 2.5.29.15, 2.5.29.17
2023-08-24 06:06:28,767 [Time-limited test] INFO  authority.DefaultApprover (DefaultApprover.java:sign(158)) - Extensions to add to the certificate if they present in CSR: 2.5.29.17, 2.5.29.19, 1.3.6.1.5.5.7.1.12, 2.5.29.35, 2.5.29.37, 2.5.29.15
2023-08-24 06:06:28,770 [Time-limited test] INFO  utils.CertificateCodec (CertificateCodec.java:writeCertificate(299)) - Save certificate to /tmp/junit2932738370039078909/junit7886068434179176832/scm-meta/scm/sub-ca/certs/CA-1.crt
2023-08-24 06:06:28,770 [Time-limited test] INFO  utils.CertificateCodec (CertificateCodec.java:writeCertificate(300)) - Certificate -----BEGIN CERTIFICATE-----
MIID5zCCAs+gAwIBAgIBATANBgkqhkiG9w0BAQsFADB7MRswGQYDVQQDDBJzY20t
MUBmdi1hejU4Mi01MTIxLTArBgNVBAsMJGE3M2M3OGJkLTQ2NWItNGEyYy1hYzAw
LWE0YzAzOGY1NzY3NTEtMCsGA1UECgwkNTc3MDFlNTEtYTZhZC00YTU2LWJiMGYt
Y2Q3OTZmN2UxZmNjMB4XDTIzMDgyNDA2MDYyOFoXDTI4MTAwMTA2MDYyOFowezEb
MBkGA1UEAwwSc2NtLTFAZnYtYXo1ODItNTEyMS0wKwYDVQQLDCRhNzNjNzhiZC00
NjViLTRhMmMtYWMwMC1hNGMwMzhmNTc2NzUxLTArBgNVBAoMJDU3NzAxZTUxLWE2
YWQtNGE1Ni1iYjBmLWNkNzk2ZjdlMWZjYzCCASIwDQYJKoZIhvcNAQEBBQADggEP
ADCCAQoCggEBAMyfHL0fZzWj5FuQi5p3c4V5MWc/y+jOw+YifKckpH8dmmSMG0KW
iM5SxleFodYC95za+YuAeKstzA/2tawdfL1oZOjDdCoEb8Du+X44hW7oZs/dbfH5
25NFhE+ZgD67ZH+9gzy1PHfnxI6Y540vgAToZXIr51LjKE2ZSoFlDjKqHefcodUz
QquA1q1/Dcrzi3qeDpUf+fV2t0ny8riT8cKOB9/UostFtd2c2zGYEybjhawDFkRz
wu6FiDBQ3qfQFfNdcdHH1dk1DIcAtHB+eMkw2Hw/c/keU44LM8nu6iwb4Bd8lpD8
NDvqBvR21S5adHHwKQ9SrlrtDOwtYr0L7gkCAwEAAaN2MHQwDwYDVR0TAQH/BAUw
AwEB/zAOBgNVHQ8BAf8EBAMCAQYwUQYDVR0RBEowSIcECgEAFIJAZnYtYXo1ODIt
NTEyLnZ5dzJkY3BsYmdiZWhlc3J2dDNqc2VhdWplLmN4LmludGVybmFsLmNsb3Vk
YXBwLm5ldDANBgkqhkiG9w0BAQsFAAOCAQEAwOLGqYexMvOeQPNdMoJhCAeoIwhZ
DZA3xedmxC197BN1v0jS3c1b/grA5qv9WrJ7I1kYrRUqMTxPzxforbY8U/mI4NDz
2Yv2z6toNcDnKbErq5GEIOy0ubtkQ79GJYa8XyigEei4jE0HzFYwbTH1atQz8v9t
A5Sc4Ke4E7OXTw1zs/k5W1GJfh2r1TeeUEEK1K5xcTypHbChANSDCROkNhkYopow
BwhNWaRw0y6LSbBK3JHzGutN+oNYS4qXSI58mPyVM81Jgwdk5KqgS7XPfRb9EwOR
M7ME3OGb1rxbDypAdy0XNJufZ/HapigQuB3ctmUXc6LOGw3ScoBWzCHScw==
-----END CERTIFICATE-----

2023-08-24 06:06:28,770 [Time-limited test] INFO  utils.CertificateCodec (CertificateCodec.java:writeCertificate(299)) - Save certificate to /tmp/junit2932738370039078909/junit7886068434179176832/scm-meta/scm/sub-ca/certs/1656047527211.crt
2023-08-24 06:06:28,770 [Time-limited test] INFO  utils.CertificateCodec (CertificateCodec.java:writeCertificate(300)) - Certificate -----BEGIN CERTIFICATE-----
MIID/TCCAuWgAwIBAgIGAYGUH+UrMA0GCSqGSIb3DQEBCwUAMHsxGzAZBgNVBAMM
EnNjbS0xQGZ2LWF6NTgyLTUxMjEtMCsGA1UECwwkYTczYzc4YmQtNDY1Yi00YTJj
LWFjMDAtYTRjMDM4ZjU3Njc1MS0wKwYDVQQKDCQ1NzcwMWU1MS1hNmFkLTRhNTYt
YmIwZi1jZDc5NmY3ZTFmY2MwHhcNMjMwODI0MDYwNjI4WhcNMjgxMDAxMDYwNjI4
WjCBizErMCkGA1UEAwwic2NtLXN1Yi0xNjU2MDQ0MTI3ODQzQGZ2LWF6NTgyLTUx
MjEtMCsGA1UECwwkYTczYzc4YmQtNDY1Yi00YTJjLWFjMDAtYTRjMDM4ZjU3Njc1
MS0wKwYDVQQKDCQ1NzcwMWU1MS1hNmFkLTRhNTYtYmIwZi1jZDc5NmY3ZTFmY2Mw
ggEiMA0GCSqGSIb3DQEBAQUAA4IBDwAwggEKAoIBAQCmYztYspudHsfATSp/UAy1
KheJlN36hj5gA660LKTxRGb2+xxhpNwCykYW4zLG4bpVtWTMTmh5E/EeotHS0nmd
5v0+DiXXohPPDQ5im6QOs+OU4KtsgFY03IIRruB4mBl2FJAWw+T6FNa3mt+EzVFb
4rNWG4jOwmfMG9uK5mX/8kN4/YC9CO+qsrUP7x/NnqLsd7JjFRZlqCqLFDkf3Nts
VhCH8MmtHS6PvjL0hGcRx8PZBSz5ijdYzxixy/8iRvCs9UIY7JorsqAKI8SLplQR
R5lbb7xktb4c4tpHVbLYFJ1XvxvKiHDBTbCnRrV2/4NJPdYIxPU0ioXokAu0atTz
AgMBAAGjdjB0MFEGA1UdEQRKMEiHBAoBABSCQGZ2LWF6NTgyLTUxMi52eXcyZGNw
bGJnYmVoZXNydnQzanNlYXVqZS5jeC5pbnRlcm5hbC5jbG91ZGFwcC5uZXQwDwYD
VR0TAQH/BAUwAwEB/zAOBgNVHQ8BAf8EBAMCAb4wDQYJKoZIhvcNAQELBQADggEB
ABqVFPOU9l9m3pcymN769MuOdJYZesSd31+2/aZ/Y3rA9IUeKumfv0DKSCBE29Qd
gM4gdMbrA66XCdeXb5kjLLWN2NN5ZxiKf3ngzjhqnZIu8ThcJ1PxVmkPl7V8KO54
+efcME9Gz6uHdJakWSdSAC5qliMbdfJpn+92ysT3Rnz9VPsLTCsDJ9QLfXcI40pt
jPMtreQpimUrnWKfQr3M5y/aM1rU4Ci0YCTSQj9nmC9y78oiiXgBRNYmo0lIUI1g
+7/xVcuBVssMPsnQP+wwYYa4MJ6wb1/vsD0r+SsKGHz/+oUa5xSxjmlKA8qS1xfl
DujpFLnpln2jiTnuzOryrbs=
-----END CERTIFICATE-----

-----BEGIN CERTIFICATE-----
MIID5zCCAs+gAwIBAgIBATANBgkqhkiG9w0BAQsFADB7MRswGQYDVQQDDBJzY20t
MUBmdi1hejU4Mi01MTIxLTArBgNVBAsMJGE3M2M3OGJkLTQ2NWItNGEyYy1hYzAw
LWE0YzAzOGY1NzY3NTEtMCsGA1UECgwkNTc3MDFlNTEtYTZhZC00YTU2LWJiMGYt
Y2Q3OTZmN2UxZmNjMB4XDTIzMDgyNDA2MDYyOFoXDTI4MTAwMTA2MDYyOFowezEb
MBkGA1UEAwwSc2NtLTFAZnYtYXo1ODItNTEyMS0wKwYDVQQLDCRhNzNjNzhiZC00
NjViLTRhMmMtYWMwMC1hNGMwMzhmNTc2NzUxLTArBgNVBAoMJDU3NzAxZTUxLWE2
YWQtNGE1Ni1iYjBmLWNkNzk2ZjdlMWZjYzCCASIwDQYJKoZIhvcNAQEBBQADggEP
ADCCAQoCggEBAMyfHL0fZzWj5FuQi5p3c4V5MWc/y+jOw+YifKckpH8dmmSMG0KW
iM5SxleFodYC95za+YuAeKstzA/2tawdfL1oZOjDdCoEb8Du+X44hW7oZs/dbfH5
25NFhE+ZgD67ZH+9gzy1PHfnxI6Y540vgAToZXIr51LjKE2ZSoFlDjKqHefcodUz
QquA1q1/Dcrzi3qeDpUf+fV2t0ny8riT8cKOB9/UostFtd2c2zGYEybjhawDFkRz
wu6FiDBQ3qfQFfNdcdHH1dk1DIcAtHB+eMkw2Hw/c/keU44LM8nu6iwb4Bd8lpD8
NDvqBvR21S5adHHwKQ9SrlrtDOwtYr0L7gkCAwEAAaN2MHQwDwYDVR0TAQH/BAUw
AwEB/zAOBgNVHQ8BAf8EBAMCAQYwUQYDVR0RBEowSIcECgEAFIJAZnYtYXo1ODIt
NTEyLnZ5dzJkY3BsYmdiZWhlc3J2dDNqc2VhdWplLmN4LmludGVybmFsLmNsb3Vk
YXBwLm5ldDANBgkqhkiG9w0BAQsFAAOCAQEAwOLGqYexMvOeQPNdMoJhCAeoIwhZ
DZA3xedmxC197BN1v0jS3c1b/grA5qv9WrJ7I1kYrRUqMTxPzxforbY8U/mI4NDz
2Yv2z6toNcDnKbErq5GEIOy0ubtkQ79GJYa8XyigEei4jE0HzFYwbTH1atQz8v9t
A5Sc4Ke4E7OXTw1zs/k5W1GJfh2r1TeeUEEK1K5xcTypHbChANSDCROkNhkYopow
BwhNWaRw0y6LSbBK3JHzGutN+oNYS4qXSI58mPyVM81Jgwdk5KqgS7XPfRb9EwOR
M7ME3OGb1rxbDypAdy0XNJufZ/HapigQuB3ctmUXc6LOGw3ScoBWzCHScw==
-----END CERTIFICATE-----

2023-08-24 06:06:28,771 [Time-limited test] INFO  utils.CertificateCodec (CertificateCodec.java:writeCertificate(299)) - Save certificate to /tmp/junit2932738370039078909/junit7886068434179176832/scm-meta/scm/sub-ca/certs/certificate.crt
2023-08-24 06:06:28,771 [Time-limited test] INFO  utils.CertificateCodec (CertificateCodec.java:writeCertificate(300)) - Certificate -----BEGIN CERTIFICATE-----
MIID/TCCAuWgAwIBAgIGAYGUH+UrMA0GCSqGSIb3DQEBCwUAMHsxGzAZBgNVBAMM
EnNjbS0xQGZ2LWF6NTgyLTUxMjEtMCsGA1UECwwkYTczYzc4YmQtNDY1Yi00YTJj
LWFjMDAtYTRjMDM4ZjU3Njc1MS0wKwYDVQQKDCQ1NzcwMWU1MS1hNmFkLTRhNTYt
YmIwZi1jZDc5NmY3ZTFmY2MwHhcNMjMwODI0MDYwNjI4WhcNMjgxMDAxMDYwNjI4
WjCBizErMCkGA1UEAwwic2NtLXN1Yi0xNjU2MDQ0MTI3ODQzQGZ2LWF6NTgyLTUx
MjEtMCsGA1UECwwkYTczYzc4YmQtNDY1Yi00YTJjLWFjMDAtYTRjMDM4ZjU3Njc1
MS0wKwYDVQQKDCQ1NzcwMWU1MS1hNmFkLTRhNTYtYmIwZi1jZDc5NmY3ZTFmY2Mw
ggEiMA0GCSqGSIb3DQEBAQUAA4IBDwAwggEKAoIBAQCmYztYspudHsfATSp/UAy1
KheJlN36hj5gA660LKTxRGb2+xxhpNwCykYW4zLG4bpVtWTMTmh5E/EeotHS0nmd
5v0+DiXXohPPDQ5im6QOs+OU4KtsgFY03IIRruB4mBl2FJAWw+T6FNa3mt+EzVFb
4rNWG4jOwmfMG9uK5mX/8kN4/YC9CO+qsrUP7x/NnqLsd7JjFRZlqCqLFDkf3Nts
VhCH8MmtHS6PvjL0hGcRx8PZBSz5ijdYzxixy/8iRvCs9UIY7JorsqAKI8SLplQR
R5lbb7xktb4c4tpHVbLYFJ1XvxvKiHDBTbCnRrV2/4NJPdYIxPU0ioXokAu0atTz
AgMBAAGjdjB0MFEGA1UdEQRKMEiHBAoBABSCQGZ2LWF6NTgyLTUxMi52eXcyZGNw
bGJnYmVoZXNydnQzanNlYXVqZS5jeC5pbnRlcm5hbC5jbG91ZGFwcC5uZXQwDwYD
VR0TAQH/BAUwAwEB/zAOBgNVHQ8BAf8EBAMCAb4wDQYJKoZIhvcNAQELBQADggEB
ABqVFPOU9l9m3pcymN769MuOdJYZesSd31+2/aZ/Y3rA9IUeKumfv0DKSCBE29Qd
gM4gdMbrA66XCdeXb5kjLLWN2NN5ZxiKf3ngzjhqnZIu8ThcJ1PxVmkPl7V8KO54
+efcME9Gz6uHdJakWSdSAC5qliMbdfJpn+92ysT3Rnz9VPsLTCsDJ9QLfXcI40pt
jPMtreQpimUrnWKfQr3M5y/aM1rU4Ci0YCTSQj9nmC9y78oiiXgBRNYmo0lIUI1g
+7/xVcuBVssMPsnQP+wwYYa4MJ6wb1/vsD0r+SsKGHz/+oUa5xSxjmlKA8qS1xfl
DujpFLnpln2jiTnuzOryrbs=
-----END CERTIFICATE-----

-----BEGIN CERTIFICATE-----
MIID5zCCAs+gAwIBAgIBATANBgkqhkiG9w0BAQsFADB7MRswGQYDVQQDDBJzY20t
MUBmdi1hejU4Mi01MTIxLTArBgNVBAsMJGE3M2M3OGJkLTQ2NWItNGEyYy1hYzAw
LWE0YzAzOGY1NzY3NTEtMCsGA1UECgwkNTc3MDFlNTEtYTZhZC00YTU2LWJiMGYt
Y2Q3OTZmN2UxZmNjMB4XDTIzMDgyNDA2MDYyOFoXDTI4MTAwMTA2MDYyOFowezEb
MBkGA1UEAwwSc2NtLTFAZnYtYXo1ODItNTEyMS0wKwYDVQQLDCRhNzNjNzhiZC00
NjViLTRhMmMtYWMwMC1hNGMwMzhmNTc2NzUxLTArBgNVBAoMJDU3NzAxZTUxLWE2
YWQtNGE1Ni1iYjBmLWNkNzk2ZjdlMWZjYzCCASIwDQYJKoZIhvcNAQEBBQADggEP
ADCCAQoCggEBAMyfHL0fZzWj5FuQi5p3c4V5MWc/y+jOw+YifKckpH8dmmSMG0KW
iM5SxleFodYC95za+YuAeKstzA/2tawdfL1oZOjDdCoEb8Du+X44hW7oZs/dbfH5
25NFhE+ZgD67ZH+9gzy1PHfnxI6Y540vgAToZXIr51LjKE2ZSoFlDjKqHefcodUz
QquA1q1/Dcrzi3qeDpUf+fV2t0ny8riT8cKOB9/UostFtd2c2zGYEybjhawDFkRz
wu6FiDBQ3qfQFfNdcdHH1dk1DIcAtHB+eMkw2Hw/c/keU44LM8nu6iwb4Bd8lpD8
NDvqBvR21S5adHHwKQ9SrlrtDOwtYr0L7gkCAwEAAaN2MHQwDwYDVR0TAQH/BAUw
AwEB/zAOBgNVHQ8BAf8EBAMCAQYwUQYDVR0RBEowSIcECgEAFIJAZnYtYXo1ODIt
NTEyLnZ5dzJkY3BsYmdiZWhlc3J2dDNqc2VhdWplLmN4LmludGVybmFsLmNsb3Vk
YXBwLm5ldDANBgkqhkiG9w0BAQsFAAOCAQEAwOLGqYexMvOeQPNdMoJhCAeoIwhZ
DZA3xedmxC197BN1v0jS3c1b/grA5qv9WrJ7I1kYrRUqMTxPzxforbY8U/mI4NDz
2Yv2z6toNcDnKbErq5GEIOy0ubtkQ79GJYa8XyigEei4jE0HzFYwbTH1atQz8v9t
A5Sc4Ke4E7OXTw1zs/k5W1GJfh2r1TeeUEEK1K5xcTypHbChANSDCROkNhkYopow
BwhNWaRw0y6LSbBK3JHzGutN+oNYS4qXSI58mPyVM81Jgwdk5KqgS7XPfRb9EwOR
M7ME3OGb1rxbDypAdy0XNJufZ/HapigQuB3ctmUXc6LOGw3ScoBWzCHScw==
-----END CERTIFICATE-----

2023-08-24 06:06:28,771 [Time-limited test] INFO  ha.HASecurityUtils (HASecurityUtils.java:initializeSecurity(121)) - Successfully stored SCM signed certificate.
2023-08-24 06:06:28,773 [Time-limited test] WARN  server.ServerUtils (ServerUtils.java:getScmDbDir(155)) - ozone.scm.db.dirs is not configured. We recommend adding this setting. Falling back to ozone.metadata.dirs instead.
2023-08-24 06:06:28,773 [Time-limited test] INFO  ha.SCMHANodeDetails (SCMHANodeDetails.java:loadSCMHAConfig(210)) - ServiceID for StorageContainerManager is null
2023-08-24 06:06:28,774 [Time-limited test] INFO  ha.SCMHANodeDetails (SCMHANodeDetails.java:loadSCMHAConfig(215)) - ozone.scm.default.service.id is not defined, falling back to ozone.scm.service.ids to find serviceID for StorageContainerManager if it is HA enabled cluster
2023-08-24 06:06:28,780 [pool-551-thread-1] INFO  request.KdcRequest (KdcRequest.java:preauth(651)) - The preauth data is empty.
2023-08-24 06:06:28,781 [pool-551-thread-1] INFO  server.KdcHandler (KdcHandler.java:handleRecoverableException(177)) - KRB error occurred while processing request:Additional pre-authentication required
2023-08-24 06:06:28,785 [pool-551-thread-1] INFO  request.AsRequest (AsRequest.java:issueTicket(112)) - AS_REQ ISSUE: authtime 1692857188785,scm/fv-az582-512.vyw2dcplbgbehesrvt3jseauje.cx.internal.cloudapp.net@EXAMPLE.COM for krbtgt/EXAMPLE.COM@EXAMPLE.COM
2023-08-24 06:06:28,786 [Time-limited test] INFO  security.UserGroupInformation (UserGroupInformation.java:loginUserFromKeytab(1132)) - Login successful for user scm/fv-az582-512.vyw2dcplbgbehesrvt3jseauje.cx.internal.cloudapp.net@EXAMPLE.COM using keytab file scm.keytab. Keytab auto renewal enabled : false
2023-08-24 06:06:28,787 [Time-limited test] INFO  server.StorageContainerManager (StorageContainerManager.java:loginAsSCMUserIfSecurityEnabled(1042)) - SCM login successful.
2023-08-24 06:06:28,787 [Time-limited test] INFO  client.SCMCertificateClient (DefaultCertificateClient.java:updateCertSerialId(1244)) - Certificate serial ID set to 1656047527211
2023-08-24 06:06:28,789 [Time-limited test] INFO  client.SCMCertificateClient (DefaultCertificateClient.java:readCertificateFile(237)) - Added certificate   [0]         Version: 3
         SerialNumber: 1
             IssuerDN: CN=scm-1@fv-az582-512,OU=a73c78bd-465b-4a2c-ac00-a4c038f57675,O=57701e51-a6ad-4a56-bb0f-cd796f7e1fcc
           Start Date: Thu Aug 24 06:06:28 UTC 2023
           Final Date: Sun Oct 01 06:06:28 UTC 2028
            SubjectDN: CN=scm-1@fv-az582-512,OU=a73c78bd-465b-4a2c-ac00-a4c038f57675,O=57701e51-a6ad-4a56-bb0f-cd796f7e1fcc
           Public Key: RSA Public Key [61:23:0b:fb:52:97:b7:9a:49:64:2a:0c:63:85:af:10:59:19:8c:a4],[56:66:d1:a4]
        modulus: cc9f1cbd1f6735a3e45b908b9a7773857931673fcbe8cec3e6227ca724a47f1d9a648c1b429688ce52c65785a1d602f79cdaf98b8078ab2dcc0ff6b5ac1d7cbd6864e8c3742a046fc0eef97e38856ee866cfdd6df1f9db9345844f99803ebb647fbd833cb53c77e7c48e98e78d2f8004e865722be752e3284d994a81650e32aa1de7dca1d53342ab80d6ad7f0dcaf38b7a9e0e951ff9f576b749f2f2b893f1c28e07dfd4a2cb45b5dd9cdb31981326e385ac03164473c2ee85883050dea7d015f35d71d1c7d5d9350c8700b4707e78c930d87c3f73f91e538e0b33c9eeea2c1be0177c9690fc343bea06f476d52e5a7471f0290f52ae5aed0cec2d62bd0bee09
public exponent: 10001

  Signature Algorithm: SHA256WITHRSA
            Signature: c0e2c6a987b132f39e40f35d3282610807a82308
                       590d9037c5e766c42d7dec1375bf48d2ddcd5bfe
                       0ac0e6abfd5ab27b235918ad152a313c4fcf17e8
                       adb63c53f988e0d0f3d98bf6cfab6835c0e729b1
                       2bab918420ecb4b9bb6443bf462586bc5f28a011
                       e8b88c4d07cc56306d31f56ad433f2ff6d03949c
                       e0a7b813b3974f0d73b3f9395b51897e1dabd537
                       9e50410ad4ae71713ca91db0a100d4830913a436
                       1918a29a3007084d59a470d32e8b49b04adc91f3
                       1aeb4dfa83584b8a97488e7c98fc9533cd498307
                       64e4aaa04bb5cf7d16fd13039133b304dce19bd6
                       bc5b0f2a40772d17349b9f67f1daa62810b81ddc
                       b6651773a2ce1b0dd2728056cc21d273
       Extensions: 
                       critical(true) BasicConstraints: isCa(true)
                       critical(true) KeyUsage: 0x6
                       critical(false) 2.5.29.17 value = Sequence
    Tagged [7] IMPLICIT 
        DER Octet String[4] 
    Tagged [2] IMPLICIT 
        DER Octet String[64] 

 from file: /tmp/junit2932738370039078909/junit7886068434179176832/scm-meta/scm/sub-ca/certs/CA-1.crt.
2023-08-24 06:06:28,790 [Time-limited test] INFO  client.SCMCertificateClient (DefaultCertificateClient.java:readCertificateFile(237)) - Added certificate   [0]         Version: 3
         SerialNumber: 1656047527211
             IssuerDN: CN=scm-1@fv-az582-512,OU=a73c78bd-465b-4a2c-ac00-a4c038f57675,O=57701e51-a6ad-4a56-bb0f-cd796f7e1fcc
           Start Date: Thu Aug 24 06:06:28 UTC 2023
           Final Date: Sun Oct 01 06:06:28 UTC 2028
            SubjectDN: CN=scm-sub-1656044127843@fv-az582-512,OU=a73c78bd-465b-4a2c-ac00-a4c038f57675,O=57701e51-a6ad-4a56-bb0f-cd796f7e1fcc
           Public Key: RSA Public Key [5f:2d:41:03:a7:ec:b2:03:19:1c:cd:fd:06:1e:a0:69:5f:33:89:58],[56:66:d1:a4]
        modulus: a6633b58b29b9d1ec7c04d2a7f500cb52a178994ddfa863e6003aeb42ca4f14466f6fb1c61a4dc02ca4616e332c6e1ba55b564cc4e687913f11ea2d1d2d2799de6fd3e0e25d7a213cf0d0e629ba40eb3e394e0ab6c805634dc8211aee078981976149016c3e4fa14d6b79adf84cd515be2b3561b88cec267cc1bdb8ae665fff24378fd80bd08efaab2b50fef1fcd9ea2ec77b263151665a82a8b14391fdcdb6c561087f0c9ad1d2e8fbe32f4846711c7c3d9052cf98a3758cf18b1cbff2246f0acf54218ec9a2bb2a00a23c48ba6541147995b6fbc64b5be1ce2da4755b2d8149d57bf1bca8870c14db0a746b576ff83493dd608c4f5348a85e8900bb46ad4f3
public exponent: 10001

  Signature Algorithm: SHA256WITHRSA
            Signature: 1a9514f394f65f66de973298defaf4cb8e749619
                       7ac49ddf5fb6fda67f637ac0f4851e2ae99fbf40
                       ca482044dbd41d80ce2074c6eb03ae9709d7976f
                       99232cb58dd8d37967188a7f79e0ce386a9d922e
                       f1385c2753f156690f97b57c28ee78f9e7dc304f
                       46cfab877496a4592752002e6a96231b75f2699f
                       ef76cac4f7467cfd54fb0b4c2b0327d40b7d7708
                       e34a6d8cf32dade4298a652b9d629f42bdcce72f
                       da335ad4e028b46024d2423f67982f72efca2289
                       780144d626a34948508d60fbbff155cb8156cb0c
                       3ec9d03fec306186b8309eb06f5fefb03d2bf92b
                       0a187cfffa851ae714b18e694a03ca92d717e50e
                       e8e914b9e9967da38939eecceaf2adbb
       Extensions: 
                       critical(false) 2.5.29.17 value = Sequence
    Tagged [7] IMPLICIT 
        DER Octet String[4] 
    Tagged [2] IMPLICIT 
        DER Octet String[64] 

                       critical(true) BasicConstraints: isCa(true)
                       critical(true) KeyUsage: 0xbe
 from file: /tmp/junit2932738370039078909/junit7886068434179176832/scm-meta/scm/sub-ca/certs/1656047527211.crt.
2023-08-24 06:06:28,791 [Time-limited test] INFO  client.SCMCertificateClient (DefaultCertificateClient.java:readCertificateFile(237)) - Added certificate   [0]         Version: 3
         SerialNumber: 1656047527211
             IssuerDN: CN=scm-1@fv-az582-512,OU=a73c78bd-465b-4a2c-ac00-a4c038f57675,O=57701e51-a6ad-4a56-bb0f-cd796f7e1fcc
           Start Date: Thu Aug 24 06:06:28 UTC 2023
           Final Date: Sun Oct 01 06:06:28 UTC 2028
            SubjectDN: CN=scm-sub-1656044127843@fv-az582-512,OU=a73c78bd-465b-4a2c-ac00-a4c038f57675,O=57701e51-a6ad-4a56-bb0f-cd796f7e1fcc
           Public Key: RSA Public Key [5f:2d:41:03:a7:ec:b2:03:19:1c:cd:fd:06:1e:a0:69:5f:33:89:58],[56:66:d1:a4]
        modulus: a6633b58b29b9d1ec7c04d2a7f500cb52a178994ddfa863e6003aeb42ca4f14466f6fb1c61a4dc02ca4616e332c6e1ba55b564cc4e687913f11ea2d1d2d2799de6fd3e0e25d7a213cf0d0e629ba40eb3e394e0ab6c805634dc8211aee078981976149016c3e4fa14d6b79adf84cd515be2b3561b88cec267cc1bdb8ae665fff24378fd80bd08efaab2b50fef1fcd9ea2ec77b263151665a82a8b14391fdcdb6c561087f0c9ad1d2e8fbe32f4846711c7c3d9052cf98a3758cf18b1cbff2246f0acf54218ec9a2bb2a00a23c48ba6541147995b6fbc64b5be1ce2da4755b2d8149d57bf1bca8870c14db0a746b576ff83493dd608c4f5348a85e8900bb46ad4f3
public exponent: 10001

  Signature Algorithm: SHA256WITHRSA
            Signature: 1a9514f394f65f66de973298defaf4cb8e749619
                       7ac49ddf5fb6fda67f637ac0f4851e2ae99fbf40
                       ca482044dbd41d80ce2074c6eb03ae9709d7976f
                       99232cb58dd8d37967188a7f79e0ce386a9d922e
                       f1385c2753f156690f97b57c28ee78f9e7dc304f
                       46cfab877496a4592752002e6a96231b75f2699f
                       ef76cac4f7467cfd54fb0b4c2b0327d40b7d7708
                       e34a6d8cf32dade4298a652b9d629f42bdcce72f
                       da335ad4e028b46024d2423f67982f72efca2289
                       780144d626a34948508d60fbbff155cb8156cb0c
                       3ec9d03fec306186b8309eb06f5fefb03d2bf92b
                       0a187cfffa851ae714b18e694a03ca92d717e50e
                       e8e914b9e9967da38939eecceaf2adbb
       Extensions: 
                       critical(false) 2.5.29.17 value = Sequence
    Tagged [7] IMPLICIT 
        DER Octet String[4] 
    Tagged [2] IMPLICIT 
        DER Octet String[64] 

                       critical(true) BasicConstraints: isCa(true)
                       critical(true) KeyUsage: 0xbe
 from file: /tmp/junit2932738370039078909/junit7886068434179176832/scm-meta/scm/sub-ca/certs/certificate.crt.
2023-08-24 06:06:28,791 [Time-limited test] INFO  client.SCMCertificateClient (DefaultCertificateClient.java:loadAllCertificates(191)) - CertificateRenewerService and root ca rotation polling is disabled for scm/sub-ca
2023-08-24 06:06:28,791 [Time-limited test] WARN  utils.HAUtils (HAUtils.java:getMetaDir(339)) - ozone.scm.db.dirs is not configured. We recommend adding this setting. Falling back to ozone.metadata.dirs instead.
2023-08-24 06:06:28,791 [Time-limited test] WARN  db.DBStoreBuilder (DBStoreBuilder.java:applyDBDefinition(166)) - ozone.scm.db.dirs is not configured. We recommend adding this setting. Falling back to ozone.metadata.dirs instead.
2023-08-24 06:06:28,878 [Time-limited test] INFO  net.NodeSchemaLoader (NodeSchemaLoader.java:loadSchemaFromFile(129)) - Loading schema from [jar:file:/home/runner/.m2/repository/org/apache/ozone/hdds-common/1.4.0-SNAPSHOT/hdds-common-1.4.0-SNAPSHOT.jar!/network-topology-default.xml]
2023-08-24 06:06:28,878 [Time-limited test] INFO  net.NodeSchemaLoader (NodeSchemaLoader.java:loadSchema(176)) - Loading network topology layer schema file
2023-08-24 06:06:28,880 [Time-limited test] INFO  upgrade.AbstractLayoutVersionManager (AbstractLayoutVersionManager.java:init(83)) - Initializing Layout version manager with metadata layout = HADOOP_PRC_PORTS_IN_DATANODEDETAILS (version = 7), software layout = HADOOP_PRC_PORTS_IN_DATANODEDETAILS (version = 7)
2023-08-24 06:06:28,881 [Time-limited test] INFO  ha.SequenceIdGenerator (SequenceIdGenerator.java:upgradeToSequenceId(365)) - upgrade localId to 111677748019200000
2023-08-24 06:06:28,882 [Time-limited test] INFO  ha.SequenceIdGenerator (SequenceIdGenerator.java:upgradeToSequenceId(375)) - upgrade delTxnId to 0
2023-08-24 06:06:28,882 [Time-limited test] INFO  ha.SequenceIdGenerator (SequenceIdGenerator.java:upgradeToSequenceId(392)) - upgrade containerId to 0
2023-08-24 06:06:28,882 [Time-limited test] INFO  ha.SequenceIdGenerator (SequenceIdGenerator.java:upgradeToSequenceId(428)) - upgrade rootCertificateId to 1
2023-08-24 06:06:28,883 [Time-limited test] INFO  ha.SequenceIdGenerator (SequenceIdGenerator.java:<init>(236)) - Init the HA SequenceIdGenerator.
2023-08-24 06:06:28,883 [Time-limited test] INFO  node.SCMNodeManager (SCMNodeManager.java:<init>(157)) - Entering startup safe mode.
2023-08-24 06:06:28,884 [Time-limited test] INFO  algorithms.ContainerPlacementPolicyFactory (ContainerPlacementPolicyFactory.java:getPolicyInternal(86)) - Create container placement policy of type org.apache.hadoop.hdds.scm.container.placement.algorithms.SCMContainerPlacementRackAware
2023-08-24 06:06:28,884 [Time-limited test] INFO  algorithms.ContainerPlacementPolicyFactory (ContainerPlacementPolicyFactory.java:getPolicyInternal(86)) - Create container placement policy of type org.apache.hadoop.hdds.scm.container.placement.algorithms.SCMContainerPlacementRackScatter
2023-08-24 06:06:28,884 [Time-limited test] INFO  pipeline.PipelineStateManagerImpl (PipelineStateManagerImpl.java:initialize(78)) - No pipeline exists in current db
2023-08-24 06:06:28,884 [Time-limited test] INFO  algorithms.LeaderChoosePolicyFactory (LeaderChoosePolicyFactory.java:getPolicy(57)) - Create leader choose policy of type org.apache.hadoop.hdds.scm.pipeline.leader.choose.algorithms.MinLeaderCountChoosePolicy
2023-08-24 06:06:28,884 [Time-limited test] INFO  algorithms.ContainerPlacementPolicyFactory (ContainerPlacementPolicyFactory.java:getPolicyInternal(86)) - Create container placement policy of type org.apache.hadoop.hdds.scm.container.placement.algorithms.SCMContainerPlacementRackScatter
2023-08-24 06:06:28,884 [Time-limited test] INFO  ha.SCMServiceManager (SCMServiceManager.java:register(42)) - Registering service BackgroundPipelineCreator.
2023-08-24 06:06:28,884 [Time-limited test] INFO  pipeline.BackgroundPipelineCreator (BackgroundPipelineCreator.java:start(124)) - Starting RatisPipelineUtilsThread.
2023-08-24 06:06:28,885 [Time-limited test] INFO  BackgroundPipelineScrubber (BackgroundSCMService.java:start(68)) - Starting BackgroundPipelineScrubber Service.
2023-08-24 06:06:28,885 [Time-limited test] INFO  ha.SCMServiceManager (SCMServiceManager.java:register(42)) - Registering service BackgroundPipelineScrubber.
2023-08-24 06:06:28,885 [Time-limited test] INFO  ExpiredContainerReplicaOpScrubber (BackgroundSCMService.java:start(68)) - Starting ExpiredContainerReplicaOpScrubber Service.
2023-08-24 06:06:28,885 [Time-limited test] INFO  ha.SCMServiceManager (SCMServiceManager.java:register(42)) - Registering service ExpiredContainerReplicaOpScrubber.
2023-08-24 06:06:28,886 [Time-limited test] INFO  algorithms.PipelineChoosePolicyFactory (PipelineChoosePolicyFactory.java:createPipelineChoosePolicyFromClass(78)) - Create pipeline choose policy of type org.apache.hadoop.hdds.scm.pipeline.choose.algorithms.RandomPipelineChoosePolicy
2023-08-24 06:06:28,886 [Time-limited test] INFO  algorithms.PipelineChoosePolicyFactory (PipelineChoosePolicyFactory.java:createPipelineChoosePolicyFromClass(78)) - Create pipeline choose policy of type org.apache.hadoop.hdds.scm.pipeline.choose.algorithms.RandomPipelineChoosePolicy
2023-08-24 06:06:28,886 [Time-limited test] INFO  ha.SCMServiceManager (SCMServiceManager.java:register(42)) - Registering service SCMBlockDeletingService.
2023-08-24 06:06:28,887 [Time-limited test] INFO  replication.ReplicationManager (ReplicationManager.java:start(287)) - Starting Replication Monitor Thread.
2023-08-24 06:06:28,891 [Time-limited test] INFO  ha.SCMServiceManager (SCMServiceManager.java:register(42)) - Registering service ReplicationManager.
2023-08-24 06:06:28,891 [ReplicationMonitor] INFO  replication.ReplicationManager (ReplicationManager.java:processAll(361)) - Replication Manager is not ready to run until 300000ms after safemode exit
2023-08-24 06:06:28,891 [Time-limited test] INFO  safemode.ContainerSafeModeRule (ContainerSafeModeRule.java:<init>(90)) - containers with one replica threshold count 0
2023-08-24 06:06:28,891 [Time-limited test] INFO  safemode.HealthyPipelineSafeModeRule (HealthyPipelineSafeModeRule.java:initializeRule(169)) - Total pipeline count is 0, healthy pipeline threshold count is 0
2023-08-24 06:06:28,892 [Time-limited test] INFO  safemode.OneReplicaPipelineSafeModeRule (OneReplicaPipelineSafeModeRule.java:initializeRule(180)) - Total pipeline count is 0, pipeline's with at least one datanode reported threshold count is 0
2023-08-24 06:06:28,893 [Time-limited test] INFO  authority.DefaultCAServer (DefaultCAServer.java:lambda$processVerificationStatus$0(472)) - CertificateServer validation is successful
2023-08-24 06:06:28,894 [Time-limited test] INFO  authority.DefaultCAServer (DefaultCAServer.java:lambda$processVerificationStatus$0(472)) - CertificateServer validation is successful
2023-08-24 06:06:28,894 [Time-limited test] INFO  server.StorageContainerManager (StorageContainerManager.java:persistPrimarySCMCerts(932)) - Storing sub-ca certificate serialId 1656047527211 on primary SCM
2023-08-24 06:06:28,895 [Time-limited test] INFO  server.SCMCertStore (SCMCertStore.java:storeValidScmCertificate(122)) - Scm certificate 1656047527211 for CN=scm-sub-1656044127843@fv-az582-512,OU=a73c78bd-465b-4a2c-ac00-a4c038f57675,O=57701e51-a6ad-4a56-bb0f-cd796f7e1fcc is stored
2023-08-24 06:06:28,895 [Time-limited test] INFO  server.StorageContainerManager (StorageContainerManager.java:persistPrimarySCMCerts(940)) - Storing root certificate serialId 1
2023-08-24 06:06:28,896 [Time-limited test] INFO  server.SCMCertStore (SCMCertStore.java:storeValidScmCertificate(122)) - Scm certificate 1 for CN=scm-1@fv-az582-512,OU=a73c78bd-465b-4a2c-ac00-a4c038f57675,O=57701e51-a6ad-4a56-bb0f-cd796f7e1fcc is stored
2023-08-24 06:06:28,896 [Time-limited test] INFO  ipc.CallQueueManager (CallQueueManager.java:<init>(90)) - Using callQueue: class java.util.concurrent.LinkedBlockingQueue, queueCapacity: 200, scheduler: class org.apache.hadoop.ipc.DefaultRpcScheduler, ipcBackoff: false.
2023-08-24 06:06:28,897 [Time-limited test] INFO  ipc.Server (Server.java:<init>(1287)) - Listener at 0.0.0.0:9961
2023-08-24 06:06:28,897 [Socket Reader #1 for port 9961] INFO  ipc.Server (Server.java:run(1323)) - Starting Socket Reader #1 for port 9961
2023-08-24 06:06:28,900 [Time-limited test] INFO  server.StorageContainerManager (StorageContainerManager.java:<init>(425)) - SCM start with adminUsers: [om/fv-az582-512.vyw2dcplbgbehesrvt3jseauje.cx.internal.cloudapp.net@EXAMPLE.COM, scm]
2023-08-24 06:06:28,900 [Time-limited test] INFO  ipc.CallQueueManager (CallQueueManager.java:<init>(90)) - Using callQueue: class java.util.concurrent.LinkedBlockingQueue, queueCapacity: 10000, scheduler: class org.apache.hadoop.ipc.DefaultRpcScheduler, ipcBackoff: false.
2023-08-24 06:06:28,901 [Time-limited test] INFO  ipc.Server (Server.java:<init>(1287)) - Listener at 0.0.0.0:9861
2023-08-24 06:06:28,901 [Socket Reader #1 for port 9861] INFO  ipc.Server (Server.java:run(1323)) - Starting Socket Reader #1 for port 9861
2023-08-24 06:06:28,902 [Time-limited test] INFO  ipc.CallQueueManager (CallQueueManager.java:<init>(90)) - Using callQueue: class java.util.concurrent.LinkedBlockingQueue, queueCapacity: 10000, scheduler: class org.apache.hadoop.ipc.DefaultRpcScheduler, ipcBackoff: false.
2023-08-24 06:06:28,902 [Time-limited test] INFO  ipc.Server (Server.java:<init>(1287)) - Listener at 0.0.0.0:9863
2023-08-24 06:06:28,903 [Socket Reader #1 for port 9863] INFO  ipc.Server (Server.java:run(1323)) - Starting Socket Reader #1 for port 9863
2023-08-24 06:06:28,904 [Time-limited test] INFO  ipc.CallQueueManager (CallQueueManager.java:<init>(90)) - Using callQueue: class java.util.concurrent.LinkedBlockingQueue, queueCapacity: 10000, scheduler: class org.apache.hadoop.ipc.DefaultRpcScheduler, ipcBackoff: false.
2023-08-24 06:06:28,904 [Time-limited test] INFO  ipc.Server (Server.java:<init>(1287)) - Listener at 0.0.0.0:9860
2023-08-24 06:06:28,905 [Socket Reader #1 for port 9860] INFO  ipc.Server (Server.java:run(1323)) - Starting Socket Reader #1 for port 9860
2023-08-24 06:06:28,911 [Time-limited test] INFO  ha.SCMServiceManager (SCMServiceManager.java:register(42)) - Registering service ContainerBalancer.
2023-08-24 06:06:28,911 [Time-limited test] INFO  server.StorageContainerManager (StorageContainerManager.java:<init>(438)) - 
Container Balancer status:
Key                            Value
Running                        false
Container Balancer Configuration values:
Key                                                Value
Threshold                                          10
Max Datanodes to Involve per Iteration(percent)    20
Max Size to Move per Iteration                     500GB
Max Size Entering Target per Iteration             26GB
Max Size Leaving Source per Iteration              26GB

2023-08-24 06:06:28,911 [Time-limited test] INFO  ha.SCMContext (SCMContext.java:updateSafeModeStatus(228)) - Update SafeModeStatus from SafeModeStatus{safeModeStatus=true, preCheckPassed=false} to SafeModeStatus{safeModeStatus=true, preCheckPassed=false}.
2023-08-24 06:06:28,911 [Time-limited test] INFO  server.StorageContainerManager (StorageContainerManager.java:start(1483)) - StorageContainerLocationProtocol RPC server is listening at /0.0.0.0:9860
2023-08-24 06:06:28,911 [Time-limited test] INFO  impl.MetricsSystemImpl (MetricsSystemImpl.java:init(158)) - StorageContainerManager metrics system started (again)
2023-08-24 06:06:28,938 [Time-limited test] INFO  server.SCMClientProtocolServer (SCMClientProtocolServer.java:start(201)) - RPC server for Client  is listening at /0.0.0.0:9860
2023-08-24 06:06:28,939 [IPC Server Responder] INFO  ipc.Server (Server.java:run(1562)) - IPC Server Responder: starting
2023-08-24 06:06:28,943 [IPC Server listener on 9860] INFO  ipc.Server (Server.java:run(1402)) - IPC Server listener on 9860: starting
2023-08-24 06:06:28,962 [Time-limited test] INFO  server.StorageContainerManager (StorageContainerManager.java:start(1496)) - ScmBlockLocationProtocol RPC server is listening at /0.0.0.0:9863
2023-08-24 06:06:28,962 [Time-limited test] INFO  server.SCMBlockProtocolServer (SCMBlockProtocolServer.java:start(152)) - RPC server for Block Protocol is listening at /0.0.0.0:9863
2023-08-24 06:06:28,963 [IPC Server Responder] INFO  ipc.Server (Server.java:run(1562)) - IPC Server Responder: starting
2023-08-24 06:06:28,963 [IPC Server listener on 9863] INFO  ipc.Server (Server.java:run(1402)) - IPC Server listener on 9863: starting
2023-08-24 06:06:28,974 [Time-limited test] INFO  server.SCMDatanodeProtocolServer (SCMDatanodeProtocolServer.java:start(193)) - ScmDatanodeProtocol RPC server for DataNodes is listening at /0.0.0.0:9861
2023-08-24 06:06:28,974 [IPC Server Responder] INFO  ipc.Server (Server.java:run(1562)) - IPC Server Responder: starting
2023-08-24 06:06:28,979 [IPC Server listener on 9861] INFO  ipc.Server (Server.java:run(1402)) - IPC Server listener on 9861: starting
2023-08-24 06:06:28,986 [Time-limited test] INFO  server.SCMSecurityProtocolServer (SCMSecurityProtocolServer.java:start(542)) - Starting RPC server for SCMSecurityProtocolServer. is listening at /0.0.0.0:9961
2023-08-24 06:06:28,987 [IPC Server Responder] INFO  ipc.Server (Server.java:run(1562)) - IPC Server Responder: starting
2023-08-24 06:06:28,987 [IPC Server listener on 9961] INFO  ipc.Server (Server.java:run(1402)) - IPC Server listener on 9961: starting
2023-08-24 06:06:28,988 [Time-limited test] INFO  server.SCMUpdateServiceGrpcServer (SCMUpdateServiceGrpcServer.java:start(58)) - SCMUpdateService starting
2023-08-24 06:06:28,999 [JvmPauseMonitor8] INFO  util.JvmPauseMonitor (JvmPauseMonitor.java:run(103)) - JvmPauseMonitor-a73c78bd-465b-4a2c-ac00-a4c038f57675: Started
2023-08-24 06:06:28,999 [Time-limited test] INFO  http.BaseHttpServer (BaseHttpServer.java:newHttpServer2BuilderForOzone(224)) - Starting Web-server for scm at: http://0.0.0.0:9876
2023-08-24 06:06:29,000 [Time-limited test] INFO  http.BaseHttpServer (BaseHttpServer.java:<init>(111)) - Hadoop Security Enabled: true Ozone Security Enabled: true Ozone HTTP Security Enabled: false 
2023-08-24 06:06:29,001 [Time-limited test] WARN  server.AuthenticationFilter (AuthenticationFilter.java:constructSecretProvider(240)) - Unable to initialize FileSignerSecretProvider, falling back to use random secrets. Reason: Could not read signature secret file: /home/runner/hadoop-http-auth-signature-secret
2023-08-24 06:06:29,003 [Time-limited test] INFO  http.HttpRequestLog (HttpRequestLog.java:getRequestLog(86)) - Http request log for http.requests.scm is not defined
2023-08-24 06:06:29,005 [Time-limited test] INFO  http.HttpServer2 (HttpServer2.java:addGlobalFilter(1031)) - Added global filter 'safety' (class=org.apache.hadoop.hdds.server.http.HttpServer2$QuotingInputFilter)
2023-08-24 06:06:29,005 [Time-limited test] INFO  http.HttpServer2 (HttpServer2.java:addFilter(1007)) - Added filter static_user_filter (class=org.apache.hadoop.http.lib.StaticUserWebFilter$StaticUserFilter) to context scm
2023-08-24 06:06:29,005 [Time-limited test] INFO  http.HttpServer2 (HttpServer2.java:addFilter(1015)) - Added filter static_user_filter (class=org.apache.hadoop.http.lib.StaticUserWebFilter$StaticUserFilter) to context static
2023-08-24 06:06:29,005 [Time-limited test] INFO  http.HttpServer2 (HttpServer2.java:addFilter(1015)) - Added filter static_user_filter (class=org.apache.hadoop.http.lib.StaticUserWebFilter$StaticUserFilter) to context logs
2023-08-24 06:06:29,006 [Time-limited test] INFO  http.BaseHttpServer (BaseHttpServer.java:<init>(190)) - HTTP server of scm uses base directory /tmp/junit2932738370039078909/junit7886068434179176832/scm-meta/webserver
2023-08-24 06:06:29,006 [Time-limited test] INFO  http.HttpServer2 (HttpServer2.java:bindListener(1250)) - Jetty bound to port 9876
2023-08-24 06:06:29,006 [Time-limited test] INFO  server.Server (Server.java:doStart(375)) - jetty-9.4.51.v20230217; built: 2023-02-17T08:19:37.309Z; git: b45c405e4544384de066f814ed42ae3dceacdd49; jvm 1.8.0_382-b05
2023-08-24 06:06:29,011 [Time-limited test] INFO  server.session (DefaultSessionIdManager.java:doStart(334)) - DefaultSessionIdManager workerName=node0
2023-08-24 06:06:29,011 [Time-limited test] INFO  server.session (DefaultSessionIdManager.java:doStart(339)) - No SessionScavenger set, using defaults
2023-08-24 06:06:29,011 [Time-limited test] INFO  server.session (HouseKeeper.java:startScavenging(132)) - node0 Scavenging every 600000ms
2023-08-24 06:06:29,019 [Time-limited test] INFO  handler.ContextHandler (ContextHandler.java:doStart(921)) - Started o.e.j.s.ServletContextHandler@58d8fde3{logs,/logs,file:///home/runner/work/ozone/ozone/hadoop-ozone/integration-test/target/log,AVAILABLE}
2023-08-24 06:06:29,020 [Time-limited test] INFO  handler.ContextHandler (ContextHandler.java:doStart(921)) - Started o.e.j.s.ServletContextHandler@3f54bee2{static,/static,file:///home/runner/work/ozone/ozone/hadoop-ozone/integration-test/target/test-classes/webapps/static,AVAILABLE}
2023-08-24 06:06:29,022 [Time-limited test] INFO  handler.ContextHandler (ContextHandler.java:doStart(921)) - Started o.e.j.w.WebAppContext@6965a2a{scm,/,file:///home/runner/work/ozone/ozone/hadoop-ozone/integration-test/target/test-classes/webapps/scm/,AVAILABLE}{file:/home/runner/work/ozone/ozone/hadoop-ozone/integration-test/target/test-classes/webapps/scm}
2023-08-24 06:06:29,027 [Time-limited test] INFO  server.AbstractConnector (AbstractConnector.java:doStart(333)) - Started ServerConnector@61ed3673{HTTP/1.1, (http/1.1)}{0.0.0.0:9876}
2023-08-24 06:06:29,028 [Time-limited test] INFO  server.Server (Server.java:doStart(415)) - Started @136024ms
2023-08-24 06:06:29,028 [Time-limited test] WARN  impl.MetricsSystemImpl (MetricsSystemImpl.java:register(279)) - Sink prometheus already exists!
2023-08-24 06:06:29,028 [Time-limited test] INFO  http.BaseHttpServer (BaseHttpServer.java:updateConnectorAddress(344)) - HTTP server of scm listening at http://0.0.0.0:9876
2023-08-24 06:06:29,034 [pool-551-thread-1] INFO  request.KdcRequest (KdcRequest.java:preauth(651)) - The preauth data is empty.
2023-08-24 06:06:29,034 [pool-551-thread-1] INFO  server.KdcHandler (KdcHandler.java:handleRecoverableException(177)) - KRB error occurred while processing request:Additional pre-authentication required
2023-08-24 06:06:29,053 [pool-551-thread-2] INFO  request.AsRequest (AsRequest.java:issueTicket(112)) - AS_REQ ISSUE: authtime 1692857189050,test@EXAMPLE.COM for krbtgt/EXAMPLE.COM@EXAMPLE.COM
2023-08-24 06:06:29,054 [pool-551-thread-1] INFO  request.TgsRequest (TgsRequest.java:issueTicket(115)) - TGS_REQ ISSUE: authtime 1692857189054,scm/fv-az582-512.vyw2dcplbgbehesrvt3jseauje.cx.internal.cloudapp.net for scm/fv-az582-512.vyw2dcplbgbehesrvt3jseauje.cx.internal.cloudapp.net@EXAMPLE.COM
2023-08-24 06:06:29,066 [Socket Reader #1 for port 9961] INFO  ipc.Server (Server.java:saslProcess(2139)) - Auth successful for scm/fv-az582-512.vyw2dcplbgbehesrvt3jseauje.cx.internal.cloudapp.net@EXAMPLE.COM (auth:KERBEROS) from fv-az582-512.vyw2dcplbgbehesrvt3jseauje.cx.internal.cloudapp.net:46771 / 10.1.0.20:46771
2023-08-24 06:06:29,093 [pool-551-thread-2] INFO  request.TgsRequest (TgsRequest.java:issueTicket(115)) - TGS_REQ ISSUE: authtime 1692857189093,test for scm/fv-az582-512.vyw2dcplbgbehesrvt3jseauje.cx.internal.cloudapp.net@EXAMPLE.COM
2023-08-24 06:06:29,094 [IPC Server handler 1 on default port 9961] INFO  client.SCMCertificateClient (DefaultCertificateClient.java:getAllRootCaCerts(901)) - scm/sub-ca has 0 Root CA certificates
2023-08-24 06:06:29,095 [IPC Server handler 1 on default port 9961] INFO  client.SCMCertificateClient (DefaultCertificateClient.java:getAllCaCerts(909)) - scm/sub-ca has 1 CA certificates
2023-08-24 06:06:29,101 [scm/sub-ca-refreshCACertificates] INFO  client.SCMCertificateClient (DefaultCertificateClient.java:getAllRootCaCerts(901)) - scm/sub-ca has 0 Root CA certificates
2023-08-24 06:06:29,101 [scm/sub-ca-refreshCACertificates] INFO  client.SCMCertificateClient (DefaultCertificateClient.java:getAllCaCerts(909)) - scm/sub-ca has 1 CA certificates
2023-08-24 06:06:29,101 [scm/sub-ca-refreshCACertificates] INFO  client.SCMCertificateClient (SCMCertificateClient.java:run(277)) - CA certificates are not changed.
2023-08-24 06:06:29,102 [Socket Reader #1 for port 9860] INFO  ipc.Server (Server.java:saslProcess(2139)) - Auth successful for test@EXAMPLE.COM (auth:KERBEROS) from fv-az582-512.vyw2dcplbgbehesrvt3jseauje.cx.internal.cloudapp.net:44816 / 10.1.0.20:44816
2023-08-24 06:06:29,304 [IPC Server handler 0 on default port 9860] INFO  ipc.Server (Server.java:logException(3109)) - IPC Server handler 0 on default port 9860, call Call#36 Retry#0 org.apache.hadoop.hdds.scm.protocol.StorageContainerLocationProtocol.submitRequest from fv-az582-512.vyw2dcplbgbehesrvt3jseauje.cx.internal.cloudapp.net:44816 / 10.1.0.20:44816
org.apache.hadoop.security.AccessControlException: Access denied for user test@EXAMPLE.COM. SCM superuser privilege is required.
	at org.apache.hadoop.hdds.scm.server.StorageContainerManager.checkAdminAccess(StorageContainerManager.java:1895)
	at org.apache.hadoop.hdds.scm.server.SCMClientProtocolServer.forceExitSafeMode(SCMClientProtocolServer.java:935)
	at org.apache.hadoop.hdds.scm.protocol.StorageContainerLocationProtocolServerSideTranslatorPB.forceExitSafeMode(StorageContainerLocationProtocolServerSideTranslatorPB.java:1013)
	at org.apache.hadoop.hdds.scm.protocol.StorageContainerLocationProtocolServerSideTranslatorPB.processRequest(StorageContainerLocationProtocolServerSideTranslatorPB.java:533)
	at org.apache.hadoop.hdds.server.OzoneProtocolMessageDispatcher.processRequest(OzoneProtocolMessageDispatcher.java:87)
	at org.apache.hadoop.hdds.scm.protocol.StorageContainerLocationProtocolServerSideTranslatorPB.submitRequest(StorageContainerLocationProtocolServerSideTranslatorPB.java:221)
	at org.apache.hadoop.hdds.protocol.proto.StorageContainerLocationProtocolProtos$StorageContainerLocationProtocolService$2.callBlockingMethod(StorageContainerLocationProtocolProtos.java)
	at org.apache.hadoop.ipc.ProtobufRpcEngine$Server.processCall(ProtobufRpcEngine.java:484)
	at org.apache.hadoop.ipc.ProtobufRpcEngine2$Server$ProtoBufRpcInvoker.call(ProtobufRpcEngine2.java:595)
	at org.apache.hadoop.ipc.ProtobufRpcEngine2$Server$ProtoBufRpcInvoker.call(ProtobufRpcEngine2.java:573)
	at org.apache.hadoop.ipc.RPC$Server.call(RPC.java:1227)
	at org.apache.hadoop.ipc.Server$RpcCall.run(Server.java:1094)
	at org.apache.hadoop.ipc.Server$RpcCall.run(Server.java:1017)
	at java.security.AccessController.doPrivileged(Native Method)
	at javax.security.auth.Subject.doAs(Subject.java:422)
	at org.apache.hadoop.security.UserGroupInformation.doAs(UserGroupInformation.java:1899)
	at org.apache.hadoop.ipc.Server$Handler.run(Server.java:3048)
2023-08-24 06:06:29,311 [Time-limited test] WARN  ipc.Client (Client.java:run(733)) - Exception encountered while connecting to the server 0.0.0.0/0.0.0.0:9860
org.apache.hadoop.security.AccessControlException: Client cannot authenticate via:[KERBEROS]
	at org.apache.hadoop.security.SaslRpcClient.selectSaslClient(SaslRpcClient.java:179)
	at org.apache.hadoop.security.SaslRpcClient.saslConnect(SaslRpcClient.java:392)
	at org.apache.hadoop.ipc.Client$Connection.setupSaslConnection(Client.java:561)
	at org.apache.hadoop.ipc.Client$Connection.access$2100(Client.java:347)
	at org.apache.hadoop.ipc.Client$Connection$2.run(Client.java:783)
	at org.apache.hadoop.ipc.Client$Connection$2.run(Client.java:779)
	at java.security.AccessController.doPrivileged(Native Method)
	at javax.security.auth.Subject.doAs(Subject.java:422)
	at org.apache.hadoop.security.UserGroupInformation.doAs(UserGroupInformation.java:1899)
	at org.apache.hadoop.ipc.Client$Connection.setupIOstreams(Client.java:779)
	at org.apache.hadoop.ipc.Client$Connection.access$3800(Client.java:347)
	at org.apache.hadoop.ipc.Client.getConnection(Client.java:1632)
	at org.apache.hadoop.ipc.Client.call(Client.java:1457)
	at org.apache.hadoop.ipc.Client.call(Client.java:1410)
	at org.apache.hadoop.ipc.ProtobufRpcEngine$Invoker.invoke(ProtobufRpcEngine.java:250)
	at org.apache.hadoop.ipc.ProtobufRpcEngine$Invoker.invoke(ProtobufRpcEngine.java:132)
	at com.sun.proxy.$Proxy48.submitRequest(Unknown Source)
	at org.apache.hadoop.hdds.scm.protocolPB.StorageContainerLocationProtocolClientSideTranslatorPB.submitRpcRequest(StorageContainerLocationProtocolClientSideTranslatorPB.java:191)
	at org.apache.hadoop.hdds.scm.protocolPB.StorageContainerLocationProtocolClientSideTranslatorPB.submitRequest(StorageContainerLocationProtocolClientSideTranslatorPB.java:175)
	at org.apache.hadoop.hdds.scm.protocolPB.StorageContainerLocationProtocolClientSideTranslatorPB.forceExitSafeMode(StorageContainerLocationProtocolClientSideTranslatorPB.java:792)
	at org.junit.Assert.assertThrows(Assert.java:1001)
	at org.junit.Assert.assertThrows(Assert.java:981)
	at org.apache.hadoop.ozone.TestSecureOzoneCluster.testAdminAccessControlException(TestSecureOzoneCluster.java:444)
	at sun.reflect.NativeMethodAccessorImpl.invoke0(Native Method)
	at sun.reflect.NativeMethodAccessorImpl.invoke(NativeMethodAccessorImpl.java:62)
	at sun.reflect.DelegatingMethodAccessorImpl.invoke(DelegatingMethodAccessorImpl.java:43)
	at java.lang.reflect.Method.invoke(Method.java:498)
	at org.junit.runners.model.FrameworkMethod$1.runReflectiveCall(FrameworkMethod.java:59)
	at org.junit.internal.runners.model.ReflectiveCallable.run(ReflectiveCallable.java:12)
	at org.junit.runners.model.FrameworkMethod.invokeExplosively(FrameworkMethod.java:56)
	at org.junit.internal.runners.statements.InvokeMethod.evaluate(InvokeMethod.java:17)
	at org.junit.internal.runners.statements.RunBefores.evaluate(RunBefores.java:26)
	at org.junit.internal.runners.statements.RunAfters.evaluate(RunAfters.java:27)
	at org.junit.rules.ExternalResource$1.evaluate(ExternalResource.java:54)
	at org.junit.internal.runners.statements.FailOnTimeout$CallableStatement.call(FailOnTimeout.java:288)
	at org.junit.internal.runners.statements.FailOnTimeout$CallableStatement.call(FailOnTimeout.java:282)
	at java.util.concurrent.FutureTask.run(FutureTask.java:266)
	at java.lang.Thread.run(Thread.java:750)
2023-08-24 06:06:29,311 [Time-limited test] INFO  server.StorageContainerManager (StorageContainerManager.java:stop(1591)) - Container Balancer is not running.
2023-08-24 06:06:29,311 [Time-limited test] INFO  server.StorageContainerManager (StorageContainerManager.java:stopReplicationManager(1724)) - Stopping Replication Manager Service.
2023-08-24 06:06:29,311 [Time-limited test] INFO  replication.ReplicationManager (ReplicationManager.java:stop(319)) - Stopping Replication Monitor Thread.
2023-08-24 06:06:29,312 [Under Replicated Processor] WARN  replication.UnhealthyReplicationProcessor (UnhealthyReplicationProcessor.java:run(180)) - Under Replicated Processor interrupted. Exiting...
2023-08-24 06:06:29,312 [Over Replicated Processor] WARN  replication.UnhealthyReplicationProcessor (UnhealthyReplicationProcessor.java:run(180)) - Over Replicated Processor interrupted. Exiting...
2023-08-24 06:06:29,312 [Time-limited test] INFO  server.StorageContainerManager (StorageContainerManager.java:stop(1600)) - Stopping the Datanode Admin Monitor.
2023-08-24 06:06:29,312 [ReplicationMonitor] INFO  replication.ReplicationManager (ReplicationManager.java:run(917)) - Replication Monitor Thread is stopped
2023-08-24 06:06:29,312 [Time-limited test] INFO  server.StorageContainerManager (StorageContainerManager.java:stop(1607)) - Stopping datanode service RPC server
2023-08-24 06:06:29,312 [Time-limited test] INFO  server.SCMDatanodeProtocolServer (SCMDatanodeProtocolServer.java:stop(424)) - Stopping the RPC server for DataNodes
2023-08-24 06:06:29,312 [Time-limited test] INFO  ipc.Server (Server.java:stop(3523)) - Stopping server on 9861
2023-08-24 06:06:29,315 [IPC Server listener on 9861] INFO  ipc.Server (Server.java:run(1434)) - Stopping IPC Server listener on 9861
2023-08-24 06:06:29,318 [IPC Server Responder] INFO  ipc.Server (Server.java:run(1567)) - Stopping IPC Server Responder
2023-08-24 06:06:31,883 [SCM Heartbeat Processing Thread - 0] WARN  node.NodeStateManager (NodeStateManager.java:scheduleNextHealthCheck(874)) - Current Thread is interrupted, shutting down HB processing thread for Node Manager.
2023-08-24 06:06:31,883 [Time-limited test] INFO  server.StorageContainerManager (StorageContainerManager.java:stop(1615)) - Stopping block service RPC server
2023-08-24 06:06:31,883 [Time-limited test] INFO  server.SCMBlockProtocolServer (SCMBlockProtocolServer.java:stop(161)) - Stopping the RPC server for Block Protocol
2023-08-24 06:06:31,884 [Time-limited test] INFO  ipc.Server (Server.java:stop(3523)) - Stopping server on 9863
2023-08-24 06:06:31,885 [IPC Server listener on 9863] INFO  ipc.Server (Server.java:run(1434)) - Stopping IPC Server listener on 9863
2023-08-24 06:06:31,885 [IPC Server Responder] INFO  ipc.Server (Server.java:run(1567)) - Stopping IPC Server Responder
2023-08-24 06:06:31,886 [Time-limited test] INFO  server.StorageContainerManager (StorageContainerManager.java:stop(1622)) - Stopping the StorageContainerLocationProtocol RPC server
2023-08-24 06:06:31,886 [Time-limited test] INFO  server.SCMClientProtocolServer (SCMClientProtocolServer.java:stop(210)) - Stopping the RPC server for Client Protocol
2023-08-24 06:06:31,886 [Time-limited test] INFO  ipc.Server (Server.java:stop(3523)) - Stopping server on 9860
2023-08-24 06:06:31,889 [IPC Server Responder] INFO  ipc.Server (Server.java:run(1567)) - Stopping IPC Server Responder
2023-08-24 06:06:31,889 [IPC Server listener on 9860] INFO  ipc.Server (Server.java:run(1434)) - Stopping IPC Server listener on 9860
2023-08-24 06:06:31,890 [Time-limited test] INFO  server.StorageContainerManager (StorageContainerManager.java:stop(1629)) - Stopping Storage Container Manager HTTP server.
2023-08-24 06:06:31,890 [Time-limited test] INFO  handler.ContextHandler (ContextHandler.java:doStop(1159)) - Stopped o.e.j.w.WebAppContext@6965a2a{scm,/,null,STOPPED}{file:/home/runner/work/ozone/ozone/hadoop-ozone/integration-test/target/test-classes/webapps/scm}
2023-08-24 06:06:31,892 [Time-limited test] INFO  server.AbstractConnector (AbstractConnector.java:doStop(383)) - Stopped ServerConnector@61ed3673{HTTP/1.1, (http/1.1)}{0.0.0.0:9876}
2023-08-24 06:06:31,892 [Time-limited test] INFO  server.session (HouseKeeper.java:stopScavenging(149)) - node0 Stopped scavenging
2023-08-24 06:06:31,893 [Time-limited test] INFO  handler.ContextHandler (ContextHandler.java:doStop(1159)) - Stopped o.e.j.s.ServletContextHandler@3f54bee2{static,/static,file:///home/runner/work/ozone/ozone/hadoop-ozone/integration-test/target/test-classes/webapps/static,STOPPED}
2023-08-24 06:06:31,893 [Time-limited test] INFO  handler.ContextHandler (ContextHandler.java:doStop(1159)) - Stopped o.e.j.s.ServletContextHandler@58d8fde3{logs,/logs,file:///home/runner/work/ozone/ozone/hadoop-ozone/integration-test/target/log,STOPPED}
2023-08-24 06:06:31,895 [Time-limited test] INFO  server.StorageContainerManager (StorageContainerManager.java:stop(1637)) - Stopping SCM LayoutVersionManager Service.
2023-08-24 06:06:31,896 [Time-limited test] INFO  server.SCMSecurityProtocolServer (SCMSecurityProtocolServer.java:stop(550)) - Stopping the SCMSecurityProtocolServer.
2023-08-24 06:06:31,896 [Time-limited test] INFO  ipc.Server (Server.java:stop(3523)) - Stopping server on 9961
2023-08-24 06:06:31,897 [IPC Server Responder] INFO  ipc.Server (Server.java:run(1567)) - Stopping IPC Server Responder
2023-08-24 06:06:31,897 [Time-limited test] INFO  server.SCMUpdateServiceGrpcServer (SCMUpdateServiceGrpcServer.java:stop(73)) - SCMUpdateService stopping
2023-08-24 06:06:31,898 [Time-limited test] INFO  server.SCMUpdateServiceGrpcServer (SCMUpdateServiceGrpcServer.java:stop(85)) - SCMUpdateService stopped!
2023-08-24 06:06:31,899 [Time-limited test] INFO  server.StorageContainerManager (StorageContainerManager.java:stop(1649)) - Stopping Block Manager Service.
2023-08-24 06:06:31,899 [Time-limited test] INFO  utils.BackgroundService (BackgroundService.java:shutdown(141)) - Shutting down service SCMBlockDeletingService
2023-08-24 06:06:31,899 [IPC Server listener on 9961] INFO  ipc.Server (Server.java:run(1434)) - Stopping IPC Server listener on 9961
2023-08-24 06:06:31,899 [Time-limited test] INFO  utils.BackgroundService (BackgroundService.java:shutdown(141)) - Shutting down service SCMBlockDeletingService
2023-08-24 06:06:31,900 [Time-limited test] INFO  server.StorageContainerManager (StorageContainerManager.java:stop(1669)) - Stopping SCM Event Queue.
2023-08-24 06:06:31,900 [JvmPauseMonitor8] INFO  util.JvmPauseMonitor (JvmPauseMonitor.java:run(109)) - JvmPauseMonitor-a73c78bd-465b-4a2c-ac00-a4c038f57675: Stopped
2023-08-24 06:06:31,900 [Time-limited test] INFO  server.StorageContainerManager (StorageContainerManager.java:stop(1680)) - Stopping SCM HA services.
2023-08-24 06:06:31,900 [Time-limited test] INFO  pipeline.BackgroundPipelineCreator (BackgroundPipelineCreator.java:stop(149)) - Stopping RatisPipelineUtilsThread.
2023-08-24 06:06:31,900 [RatisPipelineUtilsThread - 0] WARN  pipeline.BackgroundPipelineCreator (BackgroundPipelineCreator.java:run(180)) - RatisPipelineUtilsThread is interrupted.
2023-08-24 06:06:31,900 [Time-limited test] INFO  BackgroundPipelineScrubber (BackgroundSCMService.java:stop(131)) - Stopping BackgroundPipelineScrubber Service.
2023-08-24 06:06:31,900 [BackgroundPipelineScrubberThread] WARN  BackgroundPipelineScrubber (BackgroundSCMService.java:run(115)) - BackgroundPipelineScrubber is interrupted, exit
2023-08-24 06:06:31,900 [Time-limited test] INFO  impl.MetricsSystemImpl (MetricsSystemImpl.java:stop(210)) - Stopping StorageContainerManager metrics system...
2023-08-24 06:06:31,901 [prometheus] INFO  impl.MetricsSinkAdapter (MetricsSinkAdapter.java:publishMetricsFromQueue(141)) - prometheus thread interrupted.
2023-08-24 06:06:31,902 [Time-limited test] INFO  impl.MetricsSystemImpl (MetricsSystemImpl.java:stop(216)) - StorageContainerManager metrics system stopped.
2023-08-24 06:06:31,902 [Time-limited test] WARN  pipeline.BackgroundPipelineCreator (BackgroundPipelineCreator.java:stop(145)) - RatisPipelineUtilsThread is not running, just ignore.
2023-08-24 06:06:31,902 [Time-limited test] INFO  BackgroundPipelineScrubber (BackgroundSCMService.java:stop(126)) - BackgroundPipelineScrubber Service is not running, skip stop.
2023-08-24 06:06:31,902 [ExpiredContainerReplicaOpScrubberThread] WARN  ExpiredContainerReplicaOpScrubber (BackgroundSCMService.java:run(115)) - ExpiredContainerReplicaOpScrubber is interrupted, exit
2023-08-24 06:06:31,902 [Time-limited test] INFO  ExpiredContainerReplicaOpScrubber (BackgroundSCMService.java:stop(131)) - Stopping ExpiredContainerReplicaOpScrubber Service.
2023-08-24 06:06:31,902 [Time-limited test] INFO  utils.BackgroundService (BackgroundService.java:shutdown(141)) - Shutting down service SCMBlockDeletingService
2023-08-24 06:06:31,902 [Time-limited test] INFO  replication.ReplicationManager (ReplicationManager.java:stop(329)) - Replication Monitor Thread is not running.
2023-08-24 06:06:31,902 [Time-limited test] WARN  balancer.ContainerBalancer (ContainerBalancer.java:stop(326)) - Cannot stop Container Balancer because it's not running or stopping
2023-08-24 06:06:31,902 [Lease Manager-LeaseManager#LeaseMonitor] WARN  lease.LeaseManager (LeaseManager.java:run(272)) - Lease manager is interrupted. Shutting down...
java.lang.InterruptedException
	at java.util.concurrent.locks.AbstractQueuedSynchronizer.doAcquireSharedNanos(AbstractQueuedSynchronizer.java:1039)
	at java.util.concurrent.locks.AbstractQueuedSynchronizer.tryAcquireSharedNanos(AbstractQueuedSynchronizer.java:1328)
	at java.util.concurrent.Semaphore.tryAcquire(Semaphore.java:409)
	at org.apache.hadoop.ozone.lease.LeaseManager$LeaseMonitor.run(LeaseManager.java:270)
	at java.lang.Thread.run(Thread.java:750)
2023-08-24 06:06:31,902 [Time-limited test] INFO  server.StorageContainerManager (StorageContainerManager.java:stop(1715)) - Stopping SCM MetadataStore.
2023-08-24 06:06:31,904 [Time-limited test] INFO  impl.DefaultInternalKdcServerImpl (DefaultInternalKdcServerImpl.java:doStop(102)) - Default Internal kdc server stopped.
2023-08-24 06:06:32,904 [Time-limited test] INFO  minikdc.MiniKdc (MiniKdc.java:stop(359)) - MiniKdc stopped.
2023-08-24 06:06:32,904 [Time-limited test] INFO  server.StorageContainerManager (StorageContainerManager.java:stop(1580)) - Storage Container Manager is not running.
2023-08-24 06:06:32,904 [Time-limited test] INFO  server.StorageContainerManager (StorageContainerManager.java:stopReplicationManager(1724)) - Stopping Replication Manager Service.
2023-08-24 06:06:32,904 [Time-limited test] INFO  replication.ReplicationManager (ReplicationManager.java:stop(329)) - Replication Monitor Thread is not running.
2023-08-24 06:06:32,904 [Time-limited test] INFO  server.SCMSecurityProtocolServer (SCMSecurityProtocolServer.java:join(560)) - Join RPC server for SCMSecurityProtocolServer.
2023-08-24 06:06:32,904 [Time-limited test] INFO  server.SCMSecurityProtocolServer (SCMSecurityProtocolServer.java:join(562)) - Join gRPC server for SCMSecurityProtocolServer.
]]></system-out>
  </testcase>
</testsuite>