<?xml version="1.0" encoding="UTF-8"?>
<testsuite xmlns:xsi="http://www.w3.org/2001/XMLSchema-instance" xsi:noNamespaceSchemaLocation="https://maven.apache.org/surefire/maven-surefire-plugin/xsd/surefire-test-report.xsd" name="org.apache.hadoop.ozone.client.rpc.TestDeleteWithSlowFollower" time="27.798" tests="1" errors="0" skipped="0" failures="1">
  <properties>
    <property name="awt.toolkit" value="sun.awt.X11.XToolkit"/>
    <property name="file.encoding.pkg" value="sun.io"/>
    <property name="java.specification.version" value="1.8"/>
    <property name="sun.cpu.isalist" value=""/>
    <property name="sun.jnu.encoding" value="ANSI_X3.4-1968"/>
    <property name="java.class.path" value="/github/workspace/mnt/ozone/hadoop-ozone/integration-test/target/test-classes:/github/workspace/mnt/ozone/hadoop-ozone/integration-test/target/classes:/home/user/.m2/repository/org/apache/hadoop/hadoop-ozone-common/0.6.0-SNAPSHOT/hadoop-ozone-common-0.6.0-SNAPSHOT.jar:/home/user/.m2/repository/org/apache/commons/commons-compress/1.4.1/commons-compress-1.4.1.jar:/home/user/.m2/repository/org/tukaani/xz/1.0/xz-1.0.jar:/home/user/.m2/repository/org/apache/hadoop/hadoop-hdds-common/0.6.0-SNAPSHOT/hadoop-hdds-common-0.6.0-SNAPSHOT.jar:/home/user/.m2/repository/org/apache/hadoop/hadoop-hdds-hadoop-dependency-client/0.6.0-SNAPSHOT/hadoop-hdds-hadoop-dependency-client-0.6.0-SNAPSHOT.jar:/home/user/.m2/repository/info/picocli/picocli/3.9.6/picocli-3.9.6.jar:/home/user/.m2/repository/com/fasterxml/jackson/core/jackson-annotations/2.10.3/jackson-annotations-2.10.3.jar:/home/user/.m2/repository/javax/annotation/javax.annotation-api/1.2/javax.annotation-api-1.2.jar:/home/user/.m2/repository/org/apache/ratis/ratis-server/0.6.0-6ab75ae-SNAPSHOT/ratis-server-0.6.0-6ab75ae-SNAPSHOT.jar:/home/user/.m2/repository/org/apache/ratis/ratis-client/0.6.0-6ab75ae-SNAPSHOT/ratis-client-0.6.0-6ab75ae-SNAPSHOT.jar:/home/user/.m2/repository/org/apache/ratis/ratis-metrics/0.6.0-6ab75ae-SNAPSHOT/ratis-metrics-0.6.0-6ab75ae-SNAPSHOT.jar:/home/user/.m2/repository/org/apache/ratis/ratis-netty/0.6.0-6ab75ae-SNAPSHOT/ratis-netty-0.6.0-6ab75ae-SNAPSHOT.jar:/home/user/.m2/repository/org/apache/ratis/ratis-grpc/0.6.0-6ab75ae-SNAPSHOT/ratis-grpc-0.6.0-6ab75ae-SNAPSHOT.jar:/home/user/.m2/repository/org/apache/logging/log4j/log4j-api/2.11.0/log4j-api-2.11.0.jar:/home/user/.m2/repository/org/apache/logging/log4j/log4j-core/2.11.0/log4j-core-2.11.0.jar:/home/user/.m2/repository/com/lmax/disruptor/3.4.2/disruptor-3.4.2.jar:/home/user/.m2/repository/org/apache/commons/commons-pool2/2.6.0/commons-pool2-2.6.0.jar:/home/user/.m2/repository/org/bouncycastle/bcpkix-jdk15on/1.60/bcpkix-jdk15on-1.60.jar:/home/user/.m2/repository/commons-validator/commons-validator/1.6/commons-validator-1.6.jar:/home/user/.m2/repository/commons-digester/commons-digester/1.8.1/commons-digester-1.8.1.jar:/home/user/.m2/repository/io/jaegertracing/jaeger-client/1.2.0/jaeger-client-1.2.0.jar:/home/user/.m2/repository/io/jaegertracing/jaeger-thrift/1.2.0/jaeger-thrift-1.2.0.jar:/home/user/.m2/repository/org/apache/thrift/libthrift/0.13.0/libthrift-0.13.0.jar:/home/user/.m2/repository/com/squareup/okhttp3/okhttp/4.2.2/okhttp-4.2.2.jar:/home/user/.m2/repository/com/squareup/okio/okio/2.2.2/okio-2.2.2.jar:/home/user/.m2/repository/org/jetbrains/kotlin/kotlin-stdlib/1.3.50/kotlin-stdlib-1.3.50.jar:/home/user/.m2/repository/org/jetbrains/kotlin/kotlin-stdlib-common/1.3.50/kotlin-stdlib-common-1.3.50.jar:/home/user/.m2/repository/org/jetbrains/annotations/13.0/annotations-13.0.jar:/home/user/.m2/repository/io/jaegertracing/jaeger-core/1.2.0/jaeger-core-1.2.0.jar:/home/user/.m2/repository/io/jaegertracing/jaeger-tracerresolver/1.2.0/jaeger-tracerresolver-1.2.0.jar:/home/user/.m2/repository/io/opentracing/contrib/opentracing-tracerresolver/0.1.8/opentracing-tracerresolver-0.1.8.jar:/home/user/.m2/repository/io/opentracing/opentracing-util/0.33.0/opentracing-util-0.33.0.jar:/home/user/.m2/repository/io/opentracing/opentracing-api/0.33.0/opentracing-api-0.33.0.jar:/home/user/.m2/repository/io/opentracing/opentracing-noop/0.33.0/opentracing-noop-0.33.0.jar:/home/user/.m2/repository/org/apache/hadoop/hadoop-hdds-client/0.6.0-SNAPSHOT/hadoop-hdds-client-0.6.0-SNAPSHOT.jar:/home/user/.m2/repository/org/apache/hadoop/hadoop-ozone-interface-client/0.6.0-SNAPSHOT/hadoop-ozone-interface-client-0.6.0-SNAPSHOT.jar:/home/user/.m2/repository/org/apache/hadoop/hadoop-hdds-test-utils/0.6.0-SNAPSHOT/hadoop-hdds-test-utils-0.6.0-SNAPSHOT.jar:/home/user/.m2/repository/com/google/guava/guava/28.2-jre/guava-28.2-jre.jar:/home/user/.m2/repository/com/google/guava/failureaccess/1.0.1/failureaccess-1.0.1.jar:/home/user/.m2/repository/com/google/guava/listenablefuture/9999.0-empty-to-avoid-conflict-with-guava/listenablefuture-9999.0-empty-to-avoid-conflict-with-guava.jar:/home/user/.m2/repository/com/google/code/findbugs/jsr305/3.0.0/jsr305-3.0.0.jar:/home/user/.m2/repository/org/checkerframework/checker-qual/2.10.0/checker-qual-2.10.0.jar:/home/user/.m2/repository/com/google/errorprone/error_prone_annotations/2.2.0/error_prone_annotations-2.2.0.jar:/home/user/.m2/repository/com/google/j2objc/j2objc-annotations/1.3/j2objc-annotations-1.3.jar:/home/user/.m2/repository/commons-io/commons-io/2.5/commons-io-2.5.jar:/home/user/.m2/repository/commons-logging/commons-logging/1.2/commons-logging-1.2.jar:/home/user/.m2/repository/log4j/log4j/1.2.17/log4j-1.2.17.jar:/home/user/.m2/repository/org/slf4j/slf4j-api/1.7.25/slf4j-api-1.7.25.jar:/home/user/.m2/repository/org/apache/hadoop/hadoop-hdds-server-scm/0.6.0-SNAPSHOT/hadoop-hdds-server-scm-0.6.0-SNAPSHOT.jar:/home/user/.m2/repository/org/apache/hadoop/hadoop-hdds-container-service/0.6.0-SNAPSHOT/hadoop-hdds-container-service-0.6.0-SNAPSHOT.jar:/home/user/.m2/repository/org/apache/hadoop/hadoop-hdds-hadoop-dependency-server/0.6.0-SNAPSHOT/hadoop-hdds-hadoop-dependency-server-0.6.0-SNAPSHOT.jar:/home/user/.m2/repository/org/apache/hadoop/hadoop-hdds-server-framework/0.6.0-SNAPSHOT/hadoop-hdds-server-framework-0.6.0-SNAPSHOT.jar:/home/user/.m2/repository/org/apache/hadoop/hadoop-hdds-interface-server/0.6.0-SNAPSHOT/hadoop-hdds-interface-server-0.6.0-SNAPSHOT.jar:/home/user/.m2/repository/org/apache/hadoop/hadoop-hdds-interface-admin/0.6.0-SNAPSHOT/hadoop-hdds-interface-admin-0.6.0-SNAPSHOT.jar:/home/user/.m2/repository/org/rocksdb/rocksdbjni/6.8.1/rocksdbjni-6.8.1.jar:/home/user/.m2/repository/io/prometheus/simpleclient_dropwizard/0.7.0/simpleclient_dropwizard-0.7.0.jar:/home/user/.m2/repository/io/prometheus/simpleclient/0.7.0/simpleclient-0.7.0.jar:/home/user/.m2/repository/io/prometheus/simpleclient_common/0.7.0/simpleclient_common-0.7.0.jar:/home/user/.m2/repository/com/fasterxml/jackson/datatype/jackson-datatype-jsr310/2.10.3/jackson-datatype-jsr310-2.10.3.jar:/home/user/.m2/repository/org/apache/hadoop/hadoop-hdds-docs/0.6.0-SNAPSHOT/hadoop-hdds-docs-0.6.0-SNAPSHOT.jar:/home/user/.m2/repository/io/dropwizard/metrics/metrics-core/3.2.4/metrics-core-3.2.4.jar:/home/user/.m2/repository/org/apache/hadoop/hadoop-hdfs-client/3.2.1/hadoop-hdfs-client-3.2.1.jar:/home/user/.m2/repository/org/bouncycastle/bcprov-jdk15on/1.60/bcprov-jdk15on-1.60.jar:/home/user/.m2/repository/org/apache/hadoop/hadoop-ozone-ozone-manager/0.6.0-SNAPSHOT/hadoop-ozone-ozone-manager-0.6.0-SNAPSHOT.jar:/home/user/.m2/repository/org/apache/hadoop/hadoop-hdds-interface-client/0.6.0-SNAPSHOT/hadoop-hdds-interface-client-0.6.0-SNAPSHOT.jar:/home/user/.m2/repository/org/apache/ratis/ratis-thirdparty-misc/0.4.0/ratis-thirdparty-misc-0.4.0.jar:/home/user/.m2/repository/org/apache/hadoop/hadoop-minikdc/3.2.1/hadoop-minikdc-3.2.1.jar:/home/user/.m2/repository/org/apache/kerby/kerb-simplekdc/1.0.1/kerb-simplekdc-1.0.1.jar:/home/user/.m2/repository/org/apache/kerby/kerb-client/1.0.1/kerb-client-1.0.1.jar:/home/user/.m2/repository/org/apache/kerby/kerby-config/1.0.1/kerby-config-1.0.1.jar:/home/user/.m2/repository/org/apache/kerby/kerb-core/1.0.1/kerb-core-1.0.1.jar:/home/user/.m2/repository/org/apache/kerby/kerby-pkix/1.0.1/kerby-pkix-1.0.1.jar:/home/user/.m2/repository/org/apache/kerby/kerby-asn1/1.0.1/kerby-asn1-1.0.1.jar:/home/user/.m2/repository/org/apache/kerby/kerby-util/1.0.1/kerby-util-1.0.1.jar:/home/user/.m2/repository/org/apache/kerby/kerb-common/1.0.1/kerb-common-1.0.1.jar:/home/user/.m2/repository/org/apache/kerby/kerb-crypto/1.0.1/kerb-crypto-1.0.1.jar:/home/user/.m2/repository/org/apache/kerby/kerb-util/1.0.1/kerb-util-1.0.1.jar:/home/user/.m2/repository/org/apache/kerby/token-provider/1.0.1/token-provider-1.0.1.jar:/home/user/.m2/repository/org/apache/kerby/kerb-admin/1.0.1/kerb-admin-1.0.1.jar:/home/user/.m2/repository/org/apache/kerby/kerb-server/1.0.1/kerb-server-1.0.1.jar:/home/user/.m2/repository/org/apache/kerby/kerb-identity/1.0.1/kerb-identity-1.0.1.jar:/home/user/.m2/repository/org/apache/kerby/kerby-xdr/1.0.1/kerby-xdr-1.0.1.jar:/home/user/.m2/repository/org/slf4j/slf4j-log4j12/1.7.25/slf4j-log4j12-1.7.25.jar:/home/user/.m2/repository/org/apache/hadoop/hadoop-ozone-s3gateway/0.6.0-SNAPSHOT/hadoop-ozone-s3gateway-0.6.0-SNAPSHOT.jar:/home/user/.m2/repository/org/jboss/weld/servlet/weld-servlet/2.4.7.Final/weld-servlet-2.4.7.Final.jar:/home/user/.m2/repository/org/glassfish/jersey/containers/jersey-container-servlet-core/2.27/jersey-container-servlet-core-2.27.jar:/home/user/.m2/repository/org/glassfish/hk2/external/javax.inject/2.5.0-b42/javax.inject-2.5.0-b42.jar:/home/user/.m2/repository/org/glassfish/jersey/core/jersey-common/2.27/jersey-common-2.27.jar:/home/user/.m2/repository/org/glassfish/hk2/osgi-resource-locator/1.0.1/osgi-resource-locator-1.0.1.jar:/home/user/.m2/repository/javax/ws/rs/javax.ws.rs-api/2.1/javax.ws.rs-api-2.1.jar:/home/user/.m2/repository/org/glassfish/jersey/ext/cdi/jersey-cdi1x/2.27/jersey-cdi1x-2.27.jar:/home/user/.m2/repository/org/glassfish/jersey/inject/jersey-hk2/2.27/jersey-hk2-2.27.jar:/home/user/.m2/repository/org/glassfish/hk2/hk2-locator/2.5.0-b42/hk2-locator-2.5.0-b42.jar:/home/user/.m2/repository/org/javassist/javassist/3.22.0-CR2/javassist-3.22.0-CR2.jar:/home/user/.m2/repository/org/glassfish/hk2/hk2-api/2.5.0/hk2-api-2.5.0.jar:/home/user/.m2/repository/org/glassfish/hk2/external/jakarta.inject/2.5.0/jakarta.inject-2.5.0.jar:/home/user/.m2/repository/org/glassfish/hk2/hk2-utils/2.5.0/hk2-utils-2.5.0.jar:/home/user/.m2/repository/jakarta/annotation/jakarta.annotation-api/1.3.4/jakarta.annotation-api-1.3.4.jar:/home/user/.m2/repository/org/glassfish/hk2/external/aopalliance-repackaged/2.5.0/aopalliance-repackaged-2.5.0.jar:/home/user/.m2/repository/com/fasterxml/jackson/dataformat/jackson-dataformat-xml/2.10.3/jackson-dataformat-xml-2.10.3.jar:/home/user/.m2/repository/com/fasterxml/jackson/core/jackson-core/2.10.3/jackson-core-2.10.3.jar:/home/user/.m2/repository/com/fasterxml/jackson/module/jackson-module-jaxb-annotations/2.10.3/jackson-module-jaxb-annotations-2.10.3.jar:/home/user/.m2/repository/jakarta/xml/bind/jakarta.xml.bind-api/2.3.2/jakarta.xml.bind-api-2.3.2.jar:/home/user/.m2/repository/jakarta/activation/jakarta.activation-api/1.2.1/jakarta.activation-api-1.2.1.jar:/home/user/.m2/repository/org/codehaus/woodstox/stax2-api/3.1.4/stax2-api-3.1.4.jar:/home/user/.m2/repository/com/fasterxml/woodstox/woodstox-core/5.0.3/woodstox-core-5.0.3.jar:/home/user/.m2/repository/javax/enterprise/cdi-api/1.2/cdi-api-1.2.jar:/home/user/.m2/repository/javax/el/javax.el-api/3.0.0/javax.el-api-3.0.0.jar:/home/user/.m2/repository/javax/interceptor/javax.interceptor-api/1.2/javax.interceptor-api-1.2.jar:/home/user/.m2/repository/javax/inject/javax.inject/1/javax.inject-1.jar:/home/user/.m2/repository/com/sun/xml/bind/jaxb-impl/2.3.0.1/jaxb-impl-2.3.0.1.jar:/home/user/.m2/repository/com/sun/xml/bind/jaxb-core/2.3.0.1/jaxb-core-2.3.0.1.jar:/home/user/.m2/repository/javax/xml/bind/jaxb-api/2.3.0/jaxb-api-2.3.0.jar:/home/user/.m2/repository/javax/activation/activation/1.1.1/activation-1.1.1.jar:/home/user/.m2/repository/org/apache/hadoop/hadoop-ozone-csi/0.6.0-SNAPSHOT/hadoop-ozone-csi-0.6.0-SNAPSHOT.jar:/home/user/.m2/repository/com/google/protobuf/protobuf-java-util/3.11.0/protobuf-java-util-3.11.0.jar:/home/user/.m2/repository/com/google/code/gson/gson/2.2.4/gson-2.2.4.jar:/home/user/.m2/repository/org/apache/hadoop/hadoop-hdds-config/0.6.0-SNAPSHOT/hadoop-hdds-config-0.6.0-SNAPSHOT.jar:/home/user/.m2/repository/com/google/protobuf/protobuf-java/2.5.0/protobuf-java-2.5.0.jar:/home/user/.m2/repository/io/grpc/grpc-netty/1.29.0/grpc-netty-1.29.0.jar:/home/user/.m2/repository/io/grpc/grpc-core/1.29.0/grpc-core-1.29.0.jar:/home/user/.m2/repository/com/google/android/annotations/4.1.1.4/annotations-4.1.1.4.jar:/home/user/.m2/repository/io/perfmark/perfmark-api/0.19.0/perfmark-api-0.19.0.jar:/home/user/.m2/repository/io/netty/netty-codec-http2/4.1.48.Final/netty-codec-http2-4.1.48.Final.jar:/home/user/.m2/repository/io/netty/netty-codec/4.1.48.Final/netty-codec-4.1.48.Final.jar:/home/user/.m2/repository/io/netty/netty-handler/4.1.48.Final/netty-handler-4.1.48.Final.jar:/home/user/.m2/repository/io/netty/netty-codec-http/4.1.48.Final/netty-codec-http-4.1.48.Final.jar:/home/user/.m2/repository/io/netty/netty-handler-proxy/4.1.48.Final/netty-handler-proxy-4.1.48.Final.jar:/home/user/.m2/repository/io/netty/netty-codec-socks/4.1.48.Final/netty-codec-socks-4.1.48.Final.jar:/home/user/.m2/repository/io/netty/netty-transport-native-epoll/4.1.48.Final/netty-transport-native-epoll-4.1.48.Final.jar:/home/user/.m2/repository/io/netty/netty-common/4.1.48.Final/netty-common-4.1.48.Final.jar:/home/user/.m2/repository/io/netty/netty-buffer/4.1.48.Final/netty-buffer-4.1.48.Final.jar:/home/user/.m2/repository/io/netty/netty-transport/4.1.48.Final/netty-transport-4.1.48.Final.jar:/home/user/.m2/repository/io/netty/netty-resolver/4.1.48.Final/netty-resolver-4.1.48.Final.jar:/home/user/.m2/repository/io/netty/netty-transport-native-unix-common/4.1.48.Final/netty-transport-native-unix-common-4.1.48.Final.jar:/home/user/.m2/repository/io/grpc/grpc-protobuf/1.29.0/grpc-protobuf-1.29.0.jar:/home/user/.m2/repository/io/grpc/grpc-api/1.29.0/grpc-api-1.29.0.jar:/home/user/.m2/repository/io/grpc/grpc-context/1.29.0/grpc-context-1.29.0.jar:/home/user/.m2/repository/org/codehaus/mojo/animal-sniffer-annotations/1.18/animal-sniffer-annotations-1.18.jar:/home/user/.m2/repository/com/google/api/grpc/proto-google-common-protos/1.17.0/proto-google-common-protos-1.17.0.jar:/home/user/.m2/repository/io/grpc/grpc-protobuf-lite/1.29.0/grpc-protobuf-lite-1.29.0.jar:/home/user/.m2/repository/io/grpc/grpc-stub/1.29.0/grpc-stub-1.29.0.jar:/home/user/.m2/repository/org/apache/hadoop/hadoop-ozone-recon/0.6.0-SNAPSHOT/hadoop-ozone-recon-0.6.0-SNAPSHOT.jar:/home/user/.m2/repository/org/apache/hadoop/hadoop-ozone-reconcodegen/0.6.0-SNAPSHOT/hadoop-ozone-reconcodegen-0.6.0-SNAPSHOT.jar:/home/user/.m2/repository/com/google/inject/extensions/guice-multibindings/4.0/guice-multibindings-4.0.jar:/home/user/.m2/repository/com/google/inject/guice/4.0/guice-4.0.jar:/home/user/.m2/repository/aopalliance/aopalliance/1.0/aopalliance-1.0.jar:/home/user/.m2/repository/com/google/inject/extensions/guice-assistedinject/4.0/guice-assistedinject-4.0.jar:/home/user/.m2/repository/com/google/inject/extensions/guice-servlet/4.0/guice-servlet-4.0.jar:/home/user/.m2/repository/org/glassfish/jersey/containers/jersey-container-servlet/2.27/jersey-container-servlet-2.27.jar:/home/user/.m2/repository/org/glassfish/hk2/guice-bridge/2.5.0/guice-bridge-2.5.0.jar:/home/user/.m2/repository/org/glassfish/jersey/core/jersey-server/2.27/jersey-server-2.27.jar:/home/user/.m2/repository/org/glassfish/jersey/core/jersey-client/2.27/jersey-client-2.27.jar:/home/user/.m2/repository/org/glassfish/jersey/media/jersey-media-jaxb/2.27/jersey-media-jaxb-2.27.jar:/home/user/.m2/repository/javax/validation/validation-api/1.1.0.Final/validation-api-1.1.0.Final.jar:/home/user/.m2/repository/org/glassfish/jersey/media/jersey-media-json-jackson/2.27/jersey-media-json-jackson-2.27.jar:/home/user/.m2/repository/org/glassfish/jersey/ext/jersey-entity-filtering/2.27/jersey-entity-filtering-2.27.jar:/home/user/.m2/repository/org/jooq/jooq/3.11.10/jooq-3.11.10.jar:/home/user/.m2/repository/org/jooq/jooq-meta/3.11.10/jooq-meta-3.11.10.jar:/home/user/.m2/repository/org/jooq/jooq-codegen/3.11.10/jooq-codegen-3.11.10.jar:/home/user/.m2/repository/com/jolbox/bonecp/0.8.0.RELEASE/bonecp-0.8.0.RELEASE.jar:/home/user/.m2/repository/org/apache/derby/derby/10.14.2.0/derby-10.14.2.0.jar:/home/user/.m2/repository/org/xerial/sqlite-jdbc/3.25.2/sqlite-jdbc-3.25.2.jar:/home/user/.m2/repository/org/springframework/spring-jdbc/5.2.5.RELEASE/spring-jdbc-5.2.5.RELEASE.jar:/home/user/.m2/repository/org/springframework/spring-beans/5.2.5.RELEASE/spring-beans-5.2.5.RELEASE.jar:/home/user/.m2/repository/org/springframework/spring-core/5.2.5.RELEASE/spring-core-5.2.5.RELEASE.jar:/home/user/.m2/repository/org/springframework/spring-jcl/5.2.5.RELEASE/spring-jcl-5.2.5.RELEASE.jar:/home/user/.m2/repository/org/springframework/spring-tx/5.2.5.RELEASE/spring-tx-5.2.5.RELEASE.jar:/home/user/.m2/repository/org/apache/hadoop/hadoop-ozone-client/0.6.0-SNAPSHOT/hadoop-ozone-client-0.6.0-SNAPSHOT.jar:/home/user/.m2/repository/org/apache/hadoop/hadoop-ozone-filesystem/0.6.0-SNAPSHOT/hadoop-ozone-filesystem-0.6.0-SNAPSHOT.jar:/home/user/.m2/repository/org/apache/hadoop/hadoop-ozone-filesystem-common/0.6.0-SNAPSHOT/hadoop-ozone-filesystem-common-0.6.0-SNAPSHOT.jar:/home/user/.m2/repository/org/apache/hadoop/hadoop-ozone-tools/0.6.0-SNAPSHOT/hadoop-ozone-tools-0.6.0-SNAPSHOT.jar:/home/user/.m2/repository/org/apache/hadoop/hadoop-hdfs/3.2.1/hadoop-hdfs-3.2.1.jar:/home/user/.m2/repository/org/apache/ratis/ratis-tools/0.6.0-6ab75ae-SNAPSHOT/ratis-tools-0.6.0-6ab75ae-SNAPSHOT.jar:/home/user/.m2/repository/org/apache/ratis/ratis-proto/0.6.0-6ab75ae-SNAPSHOT/ratis-proto-0.6.0-6ab75ae-SNAPSHOT.jar:/home/user/.m2/repository/org/apache/ratis/ratis-common/0.6.0-6ab75ae-SNAPSHOT/ratis-common-0.6.0-6ab75ae-SNAPSHOT.jar:/home/user/.m2/repository/com/amazonaws/aws-java-sdk-core/1.11.615/aws-java-sdk-core-1.11.615.jar:/home/user/.m2/repository/org/apache/httpcomponents/httpclient/4.5.2/httpclient-4.5.2.jar:/home/user/.m2/repository/org/apache/httpcomponents/httpcore/4.4.4/httpcore-4.4.4.jar:/home/user/.m2/repository/software/amazon/ion/ion-java/1.0.2/ion-java-1.0.2.jar:/home/user/.m2/repository/com/fasterxml/jackson/dataformat/jackson-dataformat-cbor/2.10.3/jackson-dataformat-cbor-2.10.3.jar:/home/user/.m2/repository/joda-time/joda-time/2.8.1/joda-time-2.8.1.jar:/home/user/.m2/repository/com/amazonaws/aws-java-sdk-s3/1.11.615/aws-java-sdk-s3-1.11.615.jar:/home/user/.m2/repository/com/amazonaws/aws-java-sdk-kms/1.11.615/aws-java-sdk-kms-1.11.615.jar:/home/user/.m2/repository/com/amazonaws/jmespath-java/1.11.615/jmespath-java-1.11.615.jar:/home/user/.m2/repository/org/apache/hadoop/hadoop-hdds-tools/0.6.0-SNAPSHOT/hadoop-hdds-tools-0.6.0-SNAPSHOT.jar:/home/user/.m2/repository/commons-cli/commons-cli/1.2/commons-cli-1.2.jar:/home/user/.m2/repository/org/apache/commons/commons-lang3/3.7/commons-lang3-3.7.jar:/home/user/.m2/repository/org/apache/hadoop/hadoop-ozone-ozone-manager/0.6.0-SNAPSHOT/hadoop-ozone-ozone-manager-0.6.0-SNAPSHOT-tests.jar:/home/user/.m2/repository/junit/junit/4.11/junit-4.11.jar:/home/user/.m2/repository/org/hamcrest/hamcrest-core/1.3/hamcrest-core-1.3.jar:/home/user/.m2/repository/org/openjdk/jmh/jmh-core/1.19/jmh-core-1.19.jar:/home/user/.m2/repository/net/sf/jopt-simple/jopt-simple/4.6/jopt-simple-4.6.jar:/home/user/.m2/repository/org/apache/commons/commons-math3/3.1.1/commons-math3-3.1.1.jar:/home/user/.m2/repository/org/openjdk/jmh/jmh-generator-annprocess/1.19/jmh-generator-annprocess-1.19.jar:/home/user/.m2/repository/org/mockito/mockito-all/1.8.5/mockito-all-1.8.5.jar:/home/user/.m2/repository/org/apache/hadoop/hadoop-kms/3.2.1/hadoop-kms-3.2.1.jar:/home/user/.m2/repository/org/apache/hadoop/hadoop-auth/3.2.1/hadoop-auth-3.2.1.jar:/home/user/.m2/repository/com/nimbusds/nimbus-jose-jwt/7.9/nimbus-jose-jwt-7.9.jar:/home/user/.m2/repository/com/github/stephenc/jcip/jcip-annotations/1.0-1/jcip-annotations-1.0-1.jar:/home/user/.m2/repository/net/minidev/json-smart/2.3/json-smart-2.3.jar:/home/user/.m2/repository/net/minidev/accessors-smart/1.2/accessors-smart-1.2.jar:/home/user/.m2/repository/org/ow2/asm/asm/5.0.4/asm-5.0.4.jar:/home/user/.m2/repository/org/apache/zookeeper/zookeeper/3.4.13/zookeeper-3.4.13.jar:/home/user/.m2/repository/org/apache/yetus/audience-annotations/0.5.0/audience-annotations-0.5.0.jar:/home/user/.m2/repository/org/apache/curator/curator-framework/2.13.0/curator-framework-2.13.0.jar:/home/user/.m2/repository/com/sun/jersey/jersey-core/1.19/jersey-core-1.19.jar:/home/user/.m2/repository/javax/ws/rs/jsr311-api/1.1.1/jsr311-api-1.1.1.jar:/home/user/.m2/repository/com/sun/jersey/jersey-server/1.19/jersey-server-1.19.jar:/home/user/.m2/repository/javax/servlet/javax.servlet-api/3.1.0/javax.servlet-api-3.1.0.jar:/home/user/.m2/repository/org/eclipse/jetty/jetty-server/9.4.26.v20200117/jetty-server-9.4.26.v20200117.jar:/home/user/.m2/repository/org/eclipse/jetty/jetty-http/9.4.26.v20200117/jetty-http-9.4.26.v20200117.jar:/home/user/.m2/repository/org/eclipse/jetty/jetty-io/9.4.26.v20200117/jetty-io-9.4.26.v20200117.jar:/home/user/.m2/repository/org/eclipse/jetty/jetty-webapp/9.4.26.v20200117/jetty-webapp-9.4.26.v20200117.jar:/home/user/.m2/repository/org/eclipse/jetty/jetty-xml/9.4.26.v20200117/jetty-xml-9.4.26.v20200117.jar:/home/user/.m2/repository/org/eclipse/jetty/jetty-servlet/9.4.26.v20200117/jetty-servlet-9.4.26.v20200117.jar:/home/user/.m2/repository/org/eclipse/jetty/jetty-security/9.4.26.v20200117/jetty-security-9.4.26.v20200117.jar:/home/user/.m2/repository/org/apache/hadoop/hadoop-common/3.2.1/hadoop-common-3.2.1.jar:/home/user/.m2/repository/commons-net/commons-net/3.6/commons-net-3.6.jar:/home/user/.m2/repository/commons-collections/commons-collections/3.2.2/commons-collections-3.2.2.jar:/home/user/.m2/repository/com/sun/jersey/jersey-servlet/1.19/jersey-servlet-1.19.jar:/home/user/.m2/repository/com/sun/jersey/jersey-json/1.19/jersey-json-1.19.jar:/home/user/.m2/repository/org/codehaus/jettison/jettison/1.1/jettison-1.1.jar:/home/user/.m2/repository/org/codehaus/jackson/jackson-jaxrs/1.9.2/jackson-jaxrs-1.9.2.jar:/home/user/.m2/repository/org/codehaus/jackson/jackson-xc/1.9.2/jackson-xc-1.9.2.jar:/home/user/.m2/repository/commons-beanutils/commons-beanutils/1.9.4/commons-beanutils-1.9.4.jar:/home/user/.m2/repository/org/apache/commons/commons-configuration2/2.1.1/commons-configuration2-2.1.1.jar:/home/user/.m2/repository/org/apache/commons/commons-text/1.4/commons-text-1.4.jar:/home/user/.m2/repository/com/google/re2j/re2j/1.1/re2j-1.1.jar:/home/user/.m2/repository/com/jcraft/jsch/0.1.54/jsch-0.1.54.jar:/home/user/.m2/repository/org/apache/curator/curator-client/2.13.0/curator-client-2.13.0.jar:/home/user/.m2/repository/org/apache/curator/curator-recipes/2.13.0/curator-recipes-2.13.0.jar:/home/user/.m2/repository/dnsjava/dnsjava/2.1.7/dnsjava-2.1.7.jar:/home/user/.m2/repository/org/slf4j/jul-to-slf4j/1.7.25/jul-to-slf4j-1.7.25.jar:/home/user/.m2/repository/org/eclipse/jetty/jetty-util/9.4.26.v20200117/jetty-util-9.4.26.v20200117.jar:/home/user/.m2/repository/com/fasterxml/jackson/core/jackson-databind/2.10.3/jackson-databind-2.10.3.jar:/home/user/.m2/repository/org/apache/hadoop/hadoop-kms/3.2.1/hadoop-kms-3.2.1-tests.jar:/home/user/.m2/repository/org/apache/hadoop/hadoop-hdds-server-scm/0.6.0-SNAPSHOT/hadoop-hdds-server-scm-0.6.0-SNAPSHOT-tests.jar:/home/user/.m2/repository/org/apache/hadoop/hadoop-hdds-container-service/0.6.0-SNAPSHOT/hadoop-hdds-container-service-0.6.0-SNAPSHOT-tests.jar:/home/user/.m2/repository/org/apache/hadoop/hadoop-hdds-common/0.6.0-SNAPSHOT/hadoop-hdds-common-0.6.0-SNAPSHOT-tests.jar:/home/user/.m2/repository/org/yaml/snakeyaml/1.16/snakeyaml-1.16.jar:/home/user/.m2/repository/org/apache/hadoop/hadoop-hdds-hadoop-dependency-test/0.6.0-SNAPSHOT/hadoop-hdds-hadoop-dependency-test-0.6.0-SNAPSHOT.jar:/home/user/.m2/repository/org/apache/hadoop/hadoop-common/3.2.1/hadoop-common-3.2.1-tests.jar:/home/user/.m2/repository/javax/servlet/jsp/jsp-api/2.1/jsp-api-2.1.jar:/home/user/.m2/repository/org/apache/hadoop/hadoop-hdfs/3.2.1/hadoop-hdfs-3.2.1-tests.jar:/home/user/.m2/repository/org/eclipse/jetty/jetty-util-ajax/9.4.26.v20200117/jetty-util-ajax-9.4.26.v20200117.jar:/home/user/.m2/repository/commons-codec/commons-codec/1.11/commons-codec-1.11.jar:/home/user/.m2/repository/commons-daemon/commons-daemon/1.0.13/commons-daemon-1.0.13.jar:/home/user/.m2/repository/io/netty/netty/3.10.5.Final/netty-3.10.5.Final.jar:/home/user/.m2/repository/io/netty/netty-all/4.1.48.Final/netty-all-4.1.48.Final.jar:/home/user/.m2/repository/org/apache/htrace/htrace-core4/4.1.0-incubating/htrace-core4-4.1.0-incubating.jar:/home/user/.m2/repository/org/fusesource/leveldbjni/leveldbjni-all/1.8/leveldbjni-all-1.8.jar:/home/user/.m2/repository/org/apache/hadoop/hadoop-distcp/3.2.1/hadoop-distcp-3.2.1.jar:/home/user/.m2/repository/org/apache/hadoop/hadoop-mapreduce-client-jobclient/3.2.1/hadoop-mapreduce-client-jobclient-3.2.1.jar:/home/user/.m2/repository/org/apache/hadoop/hadoop-mapreduce-client-common/3.2.1/hadoop-mapreduce-client-common-3.2.1.jar:/home/user/.m2/repository/org/apache/hadoop/hadoop-yarn-common/3.2.1/hadoop-yarn-common-3.2.1.jar:/home/user/.m2/repository/org/apache/hadoop/hadoop-yarn-api/3.2.1/hadoop-yarn-api-3.2.1.jar:/home/user/.m2/repository/com/sun/jersey/jersey-client/1.19/jersey-client-1.19.jar:/home/user/.m2/repository/com/sun/jersey/contribs/jersey-guice/1.19/jersey-guice-1.19.jar:/home/user/.m2/repository/com/fasterxml/jackson/jaxrs/jackson-jaxrs-json-provider/2.10.3/jackson-jaxrs-json-provider-2.10.3.jar:/home/user/.m2/repository/com/fasterxml/jackson/jaxrs/jackson-jaxrs-base/2.10.3/jackson-jaxrs-base-2.10.3.jar:/home/user/.m2/repository/org/apache/hadoop/hadoop-yarn-client/3.2.1/hadoop-yarn-client-3.2.1.jar:/home/user/.m2/repository/org/apache/hadoop/hadoop-mapreduce-client-core/3.2.1/hadoop-mapreduce-client-core-3.2.1.jar:/home/user/.m2/repository/org/apache/avro/avro/1.7.7/avro-1.7.7.jar:/home/user/.m2/repository/org/codehaus/jackson/jackson-core-asl/1.9.13/jackson-core-asl-1.9.13.jar:/home/user/.m2/repository/org/codehaus/jackson/jackson-mapper-asl/1.9.13/jackson-mapper-asl-1.9.13.jar:/home/user/.m2/repository/com/thoughtworks/paranamer/paranamer/2.3/paranamer-2.3.jar:/home/user/.m2/repository/org/xerial/snappy/snappy-java/1.0.5/snappy-java-1.0.5.jar:/home/user/.m2/repository/org/apache/hadoop/hadoop-annotations/3.2.1/hadoop-annotations-3.2.1.jar:/usr/lib/jvm/java-1.8.0-openjdk-1.8.0.232.b09-0.el7_7.x86_64/jre/../lib/tools.jar:/home/user/.m2/repository/org/apache/hadoop/hadoop-distcp/3.2.1/hadoop-distcp-3.2.1-tests.jar:"/>
    <property name="java.vm.vendor" value="Oracle Corporation"/>
    <property name="sun.arch.data.model" value="64"/>
    <property name="test.build.dir" value="/github/workspace/mnt/ozone/hadoop-ozone/integration-test/target/test-dir"/>
    <property name="test.cache.data" value=""/>
    <property name="java.vendor.url" value="http://java.oracle.com/"/>
    <property name="user.timezone" value=""/>
    <property name="java.vm.specification.version" value="1.8"/>
    <property name="os.name" value="Linux"/>
    <property name="test.build.data" value="/github/workspace/mnt/ozone/hadoop-ozone/integration-test/target/test-dir"/>
    <property name="user.country" value="US"/>
    <property name="sun.java.launcher" value="SUN_STANDARD"/>
    <property name="sun.boot.library.path" value="/usr/lib/jvm/java-1.8.0-openjdk-1.8.0.232.b09-0.el7_7.x86_64/jre/lib/amd64"/>
    <property name="sun.java.command" value="/github/workspace/mnt/ozone/hadoop-ozone/integration-test/target/surefire/surefirebooter4644169012712175372.jar /github/workspace/mnt/ozone/hadoop-ozone/integration-test/target/surefire 2020-07-02T10-59-20_684-jvmRun1 surefire2626238707936377806tmp surefire_21100810985715778833tmp"/>
    <property name="surefire.test.class.path" value="/github/workspace/mnt/ozone/hadoop-ozone/integration-test/target/test-classes:/github/workspace/mnt/ozone/hadoop-ozone/integration-test/target/classes:/home/user/.m2/repository/org/apache/hadoop/hadoop-ozone-common/0.6.0-SNAPSHOT/hadoop-ozone-common-0.6.0-SNAPSHOT.jar:/home/user/.m2/repository/org/apache/commons/commons-compress/1.4.1/commons-compress-1.4.1.jar:/home/user/.m2/repository/org/tukaani/xz/1.0/xz-1.0.jar:/home/user/.m2/repository/org/apache/hadoop/hadoop-hdds-common/0.6.0-SNAPSHOT/hadoop-hdds-common-0.6.0-SNAPSHOT.jar:/home/user/.m2/repository/org/apache/hadoop/hadoop-hdds-hadoop-dependency-client/0.6.0-SNAPSHOT/hadoop-hdds-hadoop-dependency-client-0.6.0-SNAPSHOT.jar:/home/user/.m2/repository/info/picocli/picocli/3.9.6/picocli-3.9.6.jar:/home/user/.m2/repository/com/fasterxml/jackson/core/jackson-annotations/2.10.3/jackson-annotations-2.10.3.jar:/home/user/.m2/repository/javax/annotation/javax.annotation-api/1.2/javax.annotation-api-1.2.jar:/home/user/.m2/repository/org/apache/ratis/ratis-server/0.6.0-6ab75ae-SNAPSHOT/ratis-server-0.6.0-6ab75ae-SNAPSHOT.jar:/home/user/.m2/repository/org/apache/ratis/ratis-client/0.6.0-6ab75ae-SNAPSHOT/ratis-client-0.6.0-6ab75ae-SNAPSHOT.jar:/home/user/.m2/repository/org/apache/ratis/ratis-metrics/0.6.0-6ab75ae-SNAPSHOT/ratis-metrics-0.6.0-6ab75ae-SNAPSHOT.jar:/home/user/.m2/repository/org/apache/ratis/ratis-netty/0.6.0-6ab75ae-SNAPSHOT/ratis-netty-0.6.0-6ab75ae-SNAPSHOT.jar:/home/user/.m2/repository/org/apache/ratis/ratis-grpc/0.6.0-6ab75ae-SNAPSHOT/ratis-grpc-0.6.0-6ab75ae-SNAPSHOT.jar:/home/user/.m2/repository/org/apache/logging/log4j/log4j-api/2.11.0/log4j-api-2.11.0.jar:/home/user/.m2/repository/org/apache/logging/log4j/log4j-core/2.11.0/log4j-core-2.11.0.jar:/home/user/.m2/repository/com/lmax/disruptor/3.4.2/disruptor-3.4.2.jar:/home/user/.m2/repository/org/apache/commons/commons-pool2/2.6.0/commons-pool2-2.6.0.jar:/home/user/.m2/repository/org/bouncycastle/bcpkix-jdk15on/1.60/bcpkix-jdk15on-1.60.jar:/home/user/.m2/repository/commons-validator/commons-validator/1.6/commons-validator-1.6.jar:/home/user/.m2/repository/commons-digester/commons-digester/1.8.1/commons-digester-1.8.1.jar:/home/user/.m2/repository/io/jaegertracing/jaeger-client/1.2.0/jaeger-client-1.2.0.jar:/home/user/.m2/repository/io/jaegertracing/jaeger-thrift/1.2.0/jaeger-thrift-1.2.0.jar:/home/user/.m2/repository/org/apache/thrift/libthrift/0.13.0/libthrift-0.13.0.jar:/home/user/.m2/repository/com/squareup/okhttp3/okhttp/4.2.2/okhttp-4.2.2.jar:/home/user/.m2/repository/com/squareup/okio/okio/2.2.2/okio-2.2.2.jar:/home/user/.m2/repository/org/jetbrains/kotlin/kotlin-stdlib/1.3.50/kotlin-stdlib-1.3.50.jar:/home/user/.m2/repository/org/jetbrains/kotlin/kotlin-stdlib-common/1.3.50/kotlin-stdlib-common-1.3.50.jar:/home/user/.m2/repository/org/jetbrains/annotations/13.0/annotations-13.0.jar:/home/user/.m2/repository/io/jaegertracing/jaeger-core/1.2.0/jaeger-core-1.2.0.jar:/home/user/.m2/repository/io/jaegertracing/jaeger-tracerresolver/1.2.0/jaeger-tracerresolver-1.2.0.jar:/home/user/.m2/repository/io/opentracing/contrib/opentracing-tracerresolver/0.1.8/opentracing-tracerresolver-0.1.8.jar:/home/user/.m2/repository/io/opentracing/opentracing-util/0.33.0/opentracing-util-0.33.0.jar:/home/user/.m2/repository/io/opentracing/opentracing-api/0.33.0/opentracing-api-0.33.0.jar:/home/user/.m2/repository/io/opentracing/opentracing-noop/0.33.0/opentracing-noop-0.33.0.jar:/home/user/.m2/repository/org/apache/hadoop/hadoop-hdds-client/0.6.0-SNAPSHOT/hadoop-hdds-client-0.6.0-SNAPSHOT.jar:/home/user/.m2/repository/org/apache/hadoop/hadoop-ozone-interface-client/0.6.0-SNAPSHOT/hadoop-ozone-interface-client-0.6.0-SNAPSHOT.jar:/home/user/.m2/repository/org/apache/hadoop/hadoop-hdds-test-utils/0.6.0-SNAPSHOT/hadoop-hdds-test-utils-0.6.0-SNAPSHOT.jar:/home/user/.m2/repository/com/google/guava/guava/28.2-jre/guava-28.2-jre.jar:/home/user/.m2/repository/com/google/guava/failureaccess/1.0.1/failureaccess-1.0.1.jar:/home/user/.m2/repository/com/google/guava/listenablefuture/9999.0-empty-to-avoid-conflict-with-guava/listenablefuture-9999.0-empty-to-avoid-conflict-with-guava.jar:/home/user/.m2/repository/com/google/code/findbugs/jsr305/3.0.0/jsr305-3.0.0.jar:/home/user/.m2/repository/org/checkerframework/checker-qual/2.10.0/checker-qual-2.10.0.jar:/home/user/.m2/repository/com/google/errorprone/error_prone_annotations/2.2.0/error_prone_annotations-2.2.0.jar:/home/user/.m2/repository/com/google/j2objc/j2objc-annotations/1.3/j2objc-annotations-1.3.jar:/home/user/.m2/repository/commons-io/commons-io/2.5/commons-io-2.5.jar:/home/user/.m2/repository/commons-logging/commons-logging/1.2/commons-logging-1.2.jar:/home/user/.m2/repository/log4j/log4j/1.2.17/log4j-1.2.17.jar:/home/user/.m2/repository/org/slf4j/slf4j-api/1.7.25/slf4j-api-1.7.25.jar:/home/user/.m2/repository/org/apache/hadoop/hadoop-hdds-server-scm/0.6.0-SNAPSHOT/hadoop-hdds-server-scm-0.6.0-SNAPSHOT.jar:/home/user/.m2/repository/org/apache/hadoop/hadoop-hdds-container-service/0.6.0-SNAPSHOT/hadoop-hdds-container-service-0.6.0-SNAPSHOT.jar:/home/user/.m2/repository/org/apache/hadoop/hadoop-hdds-hadoop-dependency-server/0.6.0-SNAPSHOT/hadoop-hdds-hadoop-dependency-server-0.6.0-SNAPSHOT.jar:/home/user/.m2/repository/org/apache/hadoop/hadoop-hdds-server-framework/0.6.0-SNAPSHOT/hadoop-hdds-server-framework-0.6.0-SNAPSHOT.jar:/home/user/.m2/repository/org/apache/hadoop/hadoop-hdds-interface-server/0.6.0-SNAPSHOT/hadoop-hdds-interface-server-0.6.0-SNAPSHOT.jar:/home/user/.m2/repository/org/apache/hadoop/hadoop-hdds-interface-admin/0.6.0-SNAPSHOT/hadoop-hdds-interface-admin-0.6.0-SNAPSHOT.jar:/home/user/.m2/repository/org/rocksdb/rocksdbjni/6.8.1/rocksdbjni-6.8.1.jar:/home/user/.m2/repository/io/prometheus/simpleclient_dropwizard/0.7.0/simpleclient_dropwizard-0.7.0.jar:/home/user/.m2/repository/io/prometheus/simpleclient/0.7.0/simpleclient-0.7.0.jar:/home/user/.m2/repository/io/prometheus/simpleclient_common/0.7.0/simpleclient_common-0.7.0.jar:/home/user/.m2/repository/com/fasterxml/jackson/datatype/jackson-datatype-jsr310/2.10.3/jackson-datatype-jsr310-2.10.3.jar:/home/user/.m2/repository/org/apache/hadoop/hadoop-hdds-docs/0.6.0-SNAPSHOT/hadoop-hdds-docs-0.6.0-SNAPSHOT.jar:/home/user/.m2/repository/io/dropwizard/metrics/metrics-core/3.2.4/metrics-core-3.2.4.jar:/home/user/.m2/repository/org/apache/hadoop/hadoop-hdfs-client/3.2.1/hadoop-hdfs-client-3.2.1.jar:/home/user/.m2/repository/org/bouncycastle/bcprov-jdk15on/1.60/bcprov-jdk15on-1.60.jar:/home/user/.m2/repository/org/apache/hadoop/hadoop-ozone-ozone-manager/0.6.0-SNAPSHOT/hadoop-ozone-ozone-manager-0.6.0-SNAPSHOT.jar:/home/user/.m2/repository/org/apache/hadoop/hadoop-hdds-interface-client/0.6.0-SNAPSHOT/hadoop-hdds-interface-client-0.6.0-SNAPSHOT.jar:/home/user/.m2/repository/org/apache/ratis/ratis-thirdparty-misc/0.4.0/ratis-thirdparty-misc-0.4.0.jar:/home/user/.m2/repository/org/apache/hadoop/hadoop-minikdc/3.2.1/hadoop-minikdc-3.2.1.jar:/home/user/.m2/repository/org/apache/kerby/kerb-simplekdc/1.0.1/kerb-simplekdc-1.0.1.jar:/home/user/.m2/repository/org/apache/kerby/kerb-client/1.0.1/kerb-client-1.0.1.jar:/home/user/.m2/repository/org/apache/kerby/kerby-config/1.0.1/kerby-config-1.0.1.jar:/home/user/.m2/repository/org/apache/kerby/kerb-core/1.0.1/kerb-core-1.0.1.jar:/home/user/.m2/repository/org/apache/kerby/kerby-pkix/1.0.1/kerby-pkix-1.0.1.jar:/home/user/.m2/repository/org/apache/kerby/kerby-asn1/1.0.1/kerby-asn1-1.0.1.jar:/home/user/.m2/repository/org/apache/kerby/kerby-util/1.0.1/kerby-util-1.0.1.jar:/home/user/.m2/repository/org/apache/kerby/kerb-common/1.0.1/kerb-common-1.0.1.jar:/home/user/.m2/repository/org/apache/kerby/kerb-crypto/1.0.1/kerb-crypto-1.0.1.jar:/home/user/.m2/repository/org/apache/kerby/kerb-util/1.0.1/kerb-util-1.0.1.jar:/home/user/.m2/repository/org/apache/kerby/token-provider/1.0.1/token-provider-1.0.1.jar:/home/user/.m2/repository/org/apache/kerby/kerb-admin/1.0.1/kerb-admin-1.0.1.jar:/home/user/.m2/repository/org/apache/kerby/kerb-server/1.0.1/kerb-server-1.0.1.jar:/home/user/.m2/repository/org/apache/kerby/kerb-identity/1.0.1/kerb-identity-1.0.1.jar:/home/user/.m2/repository/org/apache/kerby/kerby-xdr/1.0.1/kerby-xdr-1.0.1.jar:/home/user/.m2/repository/org/slf4j/slf4j-log4j12/1.7.25/slf4j-log4j12-1.7.25.jar:/home/user/.m2/repository/org/apache/hadoop/hadoop-ozone-s3gateway/0.6.0-SNAPSHOT/hadoop-ozone-s3gateway-0.6.0-SNAPSHOT.jar:/home/user/.m2/repository/org/jboss/weld/servlet/weld-servlet/2.4.7.Final/weld-servlet-2.4.7.Final.jar:/home/user/.m2/repository/org/glassfish/jersey/containers/jersey-container-servlet-core/2.27/jersey-container-servlet-core-2.27.jar:/home/user/.m2/repository/org/glassfish/hk2/external/javax.inject/2.5.0-b42/javax.inject-2.5.0-b42.jar:/home/user/.m2/repository/org/glassfish/jersey/core/jersey-common/2.27/jersey-common-2.27.jar:/home/user/.m2/repository/org/glassfish/hk2/osgi-resource-locator/1.0.1/osgi-resource-locator-1.0.1.jar:/home/user/.m2/repository/javax/ws/rs/javax.ws.rs-api/2.1/javax.ws.rs-api-2.1.jar:/home/user/.m2/repository/org/glassfish/jersey/ext/cdi/jersey-cdi1x/2.27/jersey-cdi1x-2.27.jar:/home/user/.m2/repository/org/glassfish/jersey/inject/jersey-hk2/2.27/jersey-hk2-2.27.jar:/home/user/.m2/repository/org/glassfish/hk2/hk2-locator/2.5.0-b42/hk2-locator-2.5.0-b42.jar:/home/user/.m2/repository/org/javassist/javassist/3.22.0-CR2/javassist-3.22.0-CR2.jar:/home/user/.m2/repository/org/glassfish/hk2/hk2-api/2.5.0/hk2-api-2.5.0.jar:/home/user/.m2/repository/org/glassfish/hk2/external/jakarta.inject/2.5.0/jakarta.inject-2.5.0.jar:/home/user/.m2/repository/org/glassfish/hk2/hk2-utils/2.5.0/hk2-utils-2.5.0.jar:/home/user/.m2/repository/jakarta/annotation/jakarta.annotation-api/1.3.4/jakarta.annotation-api-1.3.4.jar:/home/user/.m2/repository/org/glassfish/hk2/external/aopalliance-repackaged/2.5.0/aopalliance-repackaged-2.5.0.jar:/home/user/.m2/repository/com/fasterxml/jackson/dataformat/jackson-dataformat-xml/2.10.3/jackson-dataformat-xml-2.10.3.jar:/home/user/.m2/repository/com/fasterxml/jackson/core/jackson-core/2.10.3/jackson-core-2.10.3.jar:/home/user/.m2/repository/com/fasterxml/jackson/module/jackson-module-jaxb-annotations/2.10.3/jackson-module-jaxb-annotations-2.10.3.jar:/home/user/.m2/repository/jakarta/xml/bind/jakarta.xml.bind-api/2.3.2/jakarta.xml.bind-api-2.3.2.jar:/home/user/.m2/repository/jakarta/activation/jakarta.activation-api/1.2.1/jakarta.activation-api-1.2.1.jar:/home/user/.m2/repository/org/codehaus/woodstox/stax2-api/3.1.4/stax2-api-3.1.4.jar:/home/user/.m2/repository/com/fasterxml/woodstox/woodstox-core/5.0.3/woodstox-core-5.0.3.jar:/home/user/.m2/repository/javax/enterprise/cdi-api/1.2/cdi-api-1.2.jar:/home/user/.m2/repository/javax/el/javax.el-api/3.0.0/javax.el-api-3.0.0.jar:/home/user/.m2/repository/javax/interceptor/javax.interceptor-api/1.2/javax.interceptor-api-1.2.jar:/home/user/.m2/repository/javax/inject/javax.inject/1/javax.inject-1.jar:/home/user/.m2/repository/com/sun/xml/bind/jaxb-impl/2.3.0.1/jaxb-impl-2.3.0.1.jar:/home/user/.m2/repository/com/sun/xml/bind/jaxb-core/2.3.0.1/jaxb-core-2.3.0.1.jar:/home/user/.m2/repository/javax/xml/bind/jaxb-api/2.3.0/jaxb-api-2.3.0.jar:/home/user/.m2/repository/javax/activation/activation/1.1.1/activation-1.1.1.jar:/home/user/.m2/repository/org/apache/hadoop/hadoop-ozone-csi/0.6.0-SNAPSHOT/hadoop-ozone-csi-0.6.0-SNAPSHOT.jar:/home/user/.m2/repository/com/google/protobuf/protobuf-java-util/3.11.0/protobuf-java-util-3.11.0.jar:/home/user/.m2/repository/com/google/code/gson/gson/2.2.4/gson-2.2.4.jar:/home/user/.m2/repository/org/apache/hadoop/hadoop-hdds-config/0.6.0-SNAPSHOT/hadoop-hdds-config-0.6.0-SNAPSHOT.jar:/home/user/.m2/repository/com/google/protobuf/protobuf-java/2.5.0/protobuf-java-2.5.0.jar:/home/user/.m2/repository/io/grpc/grpc-netty/1.29.0/grpc-netty-1.29.0.jar:/home/user/.m2/repository/io/grpc/grpc-core/1.29.0/grpc-core-1.29.0.jar:/home/user/.m2/repository/com/google/android/annotations/4.1.1.4/annotations-4.1.1.4.jar:/home/user/.m2/repository/io/perfmark/perfmark-api/0.19.0/perfmark-api-0.19.0.jar:/home/user/.m2/repository/io/netty/netty-codec-http2/4.1.48.Final/netty-codec-http2-4.1.48.Final.jar:/home/user/.m2/repository/io/netty/netty-codec/4.1.48.Final/netty-codec-4.1.48.Final.jar:/home/user/.m2/repository/io/netty/netty-handler/4.1.48.Final/netty-handler-4.1.48.Final.jar:/home/user/.m2/repository/io/netty/netty-codec-http/4.1.48.Final/netty-codec-http-4.1.48.Final.jar:/home/user/.m2/repository/io/netty/netty-handler-proxy/4.1.48.Final/netty-handler-proxy-4.1.48.Final.jar:/home/user/.m2/repository/io/netty/netty-codec-socks/4.1.48.Final/netty-codec-socks-4.1.48.Final.jar:/home/user/.m2/repository/io/netty/netty-transport-native-epoll/4.1.48.Final/netty-transport-native-epoll-4.1.48.Final.jar:/home/user/.m2/repository/io/netty/netty-common/4.1.48.Final/netty-common-4.1.48.Final.jar:/home/user/.m2/repository/io/netty/netty-buffer/4.1.48.Final/netty-buffer-4.1.48.Final.jar:/home/user/.m2/repository/io/netty/netty-transport/4.1.48.Final/netty-transport-4.1.48.Final.jar:/home/user/.m2/repository/io/netty/netty-resolver/4.1.48.Final/netty-resolver-4.1.48.Final.jar:/home/user/.m2/repository/io/netty/netty-transport-native-unix-common/4.1.48.Final/netty-transport-native-unix-common-4.1.48.Final.jar:/home/user/.m2/repository/io/grpc/grpc-protobuf/1.29.0/grpc-protobuf-1.29.0.jar:/home/user/.m2/repository/io/grpc/grpc-api/1.29.0/grpc-api-1.29.0.jar:/home/user/.m2/repository/io/grpc/grpc-context/1.29.0/grpc-context-1.29.0.jar:/home/user/.m2/repository/org/codehaus/mojo/animal-sniffer-annotations/1.18/animal-sniffer-annotations-1.18.jar:/home/user/.m2/repository/com/google/api/grpc/proto-google-common-protos/1.17.0/proto-google-common-protos-1.17.0.jar:/home/user/.m2/repository/io/grpc/grpc-protobuf-lite/1.29.0/grpc-protobuf-lite-1.29.0.jar:/home/user/.m2/repository/io/grpc/grpc-stub/1.29.0/grpc-stub-1.29.0.jar:/home/user/.m2/repository/org/apache/hadoop/hadoop-ozone-recon/0.6.0-SNAPSHOT/hadoop-ozone-recon-0.6.0-SNAPSHOT.jar:/home/user/.m2/repository/org/apache/hadoop/hadoop-ozone-reconcodegen/0.6.0-SNAPSHOT/hadoop-ozone-reconcodegen-0.6.0-SNAPSHOT.jar:/home/user/.m2/repository/com/google/inject/extensions/guice-multibindings/4.0/guice-multibindings-4.0.jar:/home/user/.m2/repository/com/google/inject/guice/4.0/guice-4.0.jar:/home/user/.m2/repository/aopalliance/aopalliance/1.0/aopalliance-1.0.jar:/home/user/.m2/repository/com/google/inject/extensions/guice-assistedinject/4.0/guice-assistedinject-4.0.jar:/home/user/.m2/repository/com/google/inject/extensions/guice-servlet/4.0/guice-servlet-4.0.jar:/home/user/.m2/repository/org/glassfish/jersey/containers/jersey-container-servlet/2.27/jersey-container-servlet-2.27.jar:/home/user/.m2/repository/org/glassfish/hk2/guice-bridge/2.5.0/guice-bridge-2.5.0.jar:/home/user/.m2/repository/org/glassfish/jersey/core/jersey-server/2.27/jersey-server-2.27.jar:/home/user/.m2/repository/org/glassfish/jersey/core/jersey-client/2.27/jersey-client-2.27.jar:/home/user/.m2/repository/org/glassfish/jersey/media/jersey-media-jaxb/2.27/jersey-media-jaxb-2.27.jar:/home/user/.m2/repository/javax/validation/validation-api/1.1.0.Final/validation-api-1.1.0.Final.jar:/home/user/.m2/repository/org/glassfish/jersey/media/jersey-media-json-jackson/2.27/jersey-media-json-jackson-2.27.jar:/home/user/.m2/repository/org/glassfish/jersey/ext/jersey-entity-filtering/2.27/jersey-entity-filtering-2.27.jar:/home/user/.m2/repository/org/jooq/jooq/3.11.10/jooq-3.11.10.jar:/home/user/.m2/repository/org/jooq/jooq-meta/3.11.10/jooq-meta-3.11.10.jar:/home/user/.m2/repository/org/jooq/jooq-codegen/3.11.10/jooq-codegen-3.11.10.jar:/home/user/.m2/repository/com/jolbox/bonecp/0.8.0.RELEASE/bonecp-0.8.0.RELEASE.jar:/home/user/.m2/repository/org/apache/derby/derby/10.14.2.0/derby-10.14.2.0.jar:/home/user/.m2/repository/org/xerial/sqlite-jdbc/3.25.2/sqlite-jdbc-3.25.2.jar:/home/user/.m2/repository/org/springframework/spring-jdbc/5.2.5.RELEASE/spring-jdbc-5.2.5.RELEASE.jar:/home/user/.m2/repository/org/springframework/spring-beans/5.2.5.RELEASE/spring-beans-5.2.5.RELEASE.jar:/home/user/.m2/repository/org/springframework/spring-core/5.2.5.RELEASE/spring-core-5.2.5.RELEASE.jar:/home/user/.m2/repository/org/springframework/spring-jcl/5.2.5.RELEASE/spring-jcl-5.2.5.RELEASE.jar:/home/user/.m2/repository/org/springframework/spring-tx/5.2.5.RELEASE/spring-tx-5.2.5.RELEASE.jar:/home/user/.m2/repository/org/apache/hadoop/hadoop-ozone-client/0.6.0-SNAPSHOT/hadoop-ozone-client-0.6.0-SNAPSHOT.jar:/home/user/.m2/repository/org/apache/hadoop/hadoop-ozone-filesystem/0.6.0-SNAPSHOT/hadoop-ozone-filesystem-0.6.0-SNAPSHOT.jar:/home/user/.m2/repository/org/apache/hadoop/hadoop-ozone-filesystem-common/0.6.0-SNAPSHOT/hadoop-ozone-filesystem-common-0.6.0-SNAPSHOT.jar:/home/user/.m2/repository/org/apache/hadoop/hadoop-ozone-tools/0.6.0-SNAPSHOT/hadoop-ozone-tools-0.6.0-SNAPSHOT.jar:/home/user/.m2/repository/org/apache/hadoop/hadoop-hdfs/3.2.1/hadoop-hdfs-3.2.1.jar:/home/user/.m2/repository/org/apache/ratis/ratis-tools/0.6.0-6ab75ae-SNAPSHOT/ratis-tools-0.6.0-6ab75ae-SNAPSHOT.jar:/home/user/.m2/repository/org/apache/ratis/ratis-proto/0.6.0-6ab75ae-SNAPSHOT/ratis-proto-0.6.0-6ab75ae-SNAPSHOT.jar:/home/user/.m2/repository/org/apache/ratis/ratis-common/0.6.0-6ab75ae-SNAPSHOT/ratis-common-0.6.0-6ab75ae-SNAPSHOT.jar:/home/user/.m2/repository/com/amazonaws/aws-java-sdk-core/1.11.615/aws-java-sdk-core-1.11.615.jar:/home/user/.m2/repository/org/apache/httpcomponents/httpclient/4.5.2/httpclient-4.5.2.jar:/home/user/.m2/repository/org/apache/httpcomponents/httpcore/4.4.4/httpcore-4.4.4.jar:/home/user/.m2/repository/software/amazon/ion/ion-java/1.0.2/ion-java-1.0.2.jar:/home/user/.m2/repository/com/fasterxml/jackson/dataformat/jackson-dataformat-cbor/2.10.3/jackson-dataformat-cbor-2.10.3.jar:/home/user/.m2/repository/joda-time/joda-time/2.8.1/joda-time-2.8.1.jar:/home/user/.m2/repository/com/amazonaws/aws-java-sdk-s3/1.11.615/aws-java-sdk-s3-1.11.615.jar:/home/user/.m2/repository/com/amazonaws/aws-java-sdk-kms/1.11.615/aws-java-sdk-kms-1.11.615.jar:/home/user/.m2/repository/com/amazonaws/jmespath-java/1.11.615/jmespath-java-1.11.615.jar:/home/user/.m2/repository/org/apache/hadoop/hadoop-hdds-tools/0.6.0-SNAPSHOT/hadoop-hdds-tools-0.6.0-SNAPSHOT.jar:/home/user/.m2/repository/commons-cli/commons-cli/1.2/commons-cli-1.2.jar:/home/user/.m2/repository/org/apache/commons/commons-lang3/3.7/commons-lang3-3.7.jar:/home/user/.m2/repository/org/apache/hadoop/hadoop-ozone-ozone-manager/0.6.0-SNAPSHOT/hadoop-ozone-ozone-manager-0.6.0-SNAPSHOT-tests.jar:/home/user/.m2/repository/junit/junit/4.11/junit-4.11.jar:/home/user/.m2/repository/org/hamcrest/hamcrest-core/1.3/hamcrest-core-1.3.jar:/home/user/.m2/repository/org/openjdk/jmh/jmh-core/1.19/jmh-core-1.19.jar:/home/user/.m2/repository/net/sf/jopt-simple/jopt-simple/4.6/jopt-simple-4.6.jar:/home/user/.m2/repository/org/apache/commons/commons-math3/3.1.1/commons-math3-3.1.1.jar:/home/user/.m2/repository/org/openjdk/jmh/jmh-generator-annprocess/1.19/jmh-generator-annprocess-1.19.jar:/home/user/.m2/repository/org/mockito/mockito-all/1.8.5/mockito-all-1.8.5.jar:/home/user/.m2/repository/org/apache/hadoop/hadoop-kms/3.2.1/hadoop-kms-3.2.1.jar:/home/user/.m2/repository/org/apache/hadoop/hadoop-auth/3.2.1/hadoop-auth-3.2.1.jar:/home/user/.m2/repository/com/nimbusds/nimbus-jose-jwt/7.9/nimbus-jose-jwt-7.9.jar:/home/user/.m2/repository/com/github/stephenc/jcip/jcip-annotations/1.0-1/jcip-annotations-1.0-1.jar:/home/user/.m2/repository/net/minidev/json-smart/2.3/json-smart-2.3.jar:/home/user/.m2/repository/net/minidev/accessors-smart/1.2/accessors-smart-1.2.jar:/home/user/.m2/repository/org/ow2/asm/asm/5.0.4/asm-5.0.4.jar:/home/user/.m2/repository/org/apache/zookeeper/zookeeper/3.4.13/zookeeper-3.4.13.jar:/home/user/.m2/repository/org/apache/yetus/audience-annotations/0.5.0/audience-annotations-0.5.0.jar:/home/user/.m2/repository/org/apache/curator/curator-framework/2.13.0/curator-framework-2.13.0.jar:/home/user/.m2/repository/com/sun/jersey/jersey-core/1.19/jersey-core-1.19.jar:/home/user/.m2/repository/javax/ws/rs/jsr311-api/1.1.1/jsr311-api-1.1.1.jar:/home/user/.m2/repository/com/sun/jersey/jersey-server/1.19/jersey-server-1.19.jar:/home/user/.m2/repository/javax/servlet/javax.servlet-api/3.1.0/javax.servlet-api-3.1.0.jar:/home/user/.m2/repository/org/eclipse/jetty/jetty-server/9.4.26.v20200117/jetty-server-9.4.26.v20200117.jar:/home/user/.m2/repository/org/eclipse/jetty/jetty-http/9.4.26.v20200117/jetty-http-9.4.26.v20200117.jar:/home/user/.m2/repository/org/eclipse/jetty/jetty-io/9.4.26.v20200117/jetty-io-9.4.26.v20200117.jar:/home/user/.m2/repository/org/eclipse/jetty/jetty-webapp/9.4.26.v20200117/jetty-webapp-9.4.26.v20200117.jar:/home/user/.m2/repository/org/eclipse/jetty/jetty-xml/9.4.26.v20200117/jetty-xml-9.4.26.v20200117.jar:/home/user/.m2/repository/org/eclipse/jetty/jetty-servlet/9.4.26.v20200117/jetty-servlet-9.4.26.v20200117.jar:/home/user/.m2/repository/org/eclipse/jetty/jetty-security/9.4.26.v20200117/jetty-security-9.4.26.v20200117.jar:/home/user/.m2/repository/org/apache/hadoop/hadoop-common/3.2.1/hadoop-common-3.2.1.jar:/home/user/.m2/repository/commons-net/commons-net/3.6/commons-net-3.6.jar:/home/user/.m2/repository/commons-collections/commons-collections/3.2.2/commons-collections-3.2.2.jar:/home/user/.m2/repository/com/sun/jersey/jersey-servlet/1.19/jersey-servlet-1.19.jar:/home/user/.m2/repository/com/sun/jersey/jersey-json/1.19/jersey-json-1.19.jar:/home/user/.m2/repository/org/codehaus/jettison/jettison/1.1/jettison-1.1.jar:/home/user/.m2/repository/org/codehaus/jackson/jackson-jaxrs/1.9.2/jackson-jaxrs-1.9.2.jar:/home/user/.m2/repository/org/codehaus/jackson/jackson-xc/1.9.2/jackson-xc-1.9.2.jar:/home/user/.m2/repository/commons-beanutils/commons-beanutils/1.9.4/commons-beanutils-1.9.4.jar:/home/user/.m2/repository/org/apache/commons/commons-configuration2/2.1.1/commons-configuration2-2.1.1.jar:/home/user/.m2/repository/org/apache/commons/commons-text/1.4/commons-text-1.4.jar:/home/user/.m2/repository/com/google/re2j/re2j/1.1/re2j-1.1.jar:/home/user/.m2/repository/com/jcraft/jsch/0.1.54/jsch-0.1.54.jar:/home/user/.m2/repository/org/apache/curator/curator-client/2.13.0/curator-client-2.13.0.jar:/home/user/.m2/repository/org/apache/curator/curator-recipes/2.13.0/curator-recipes-2.13.0.jar:/home/user/.m2/repository/dnsjava/dnsjava/2.1.7/dnsjava-2.1.7.jar:/home/user/.m2/repository/org/slf4j/jul-to-slf4j/1.7.25/jul-to-slf4j-1.7.25.jar:/home/user/.m2/repository/org/eclipse/jetty/jetty-util/9.4.26.v20200117/jetty-util-9.4.26.v20200117.jar:/home/user/.m2/repository/com/fasterxml/jackson/core/jackson-databind/2.10.3/jackson-databind-2.10.3.jar:/home/user/.m2/repository/org/apache/hadoop/hadoop-kms/3.2.1/hadoop-kms-3.2.1-tests.jar:/home/user/.m2/repository/org/apache/hadoop/hadoop-hdds-server-scm/0.6.0-SNAPSHOT/hadoop-hdds-server-scm-0.6.0-SNAPSHOT-tests.jar:/home/user/.m2/repository/org/apache/hadoop/hadoop-hdds-container-service/0.6.0-SNAPSHOT/hadoop-hdds-container-service-0.6.0-SNAPSHOT-tests.jar:/home/user/.m2/repository/org/apache/hadoop/hadoop-hdds-common/0.6.0-SNAPSHOT/hadoop-hdds-common-0.6.0-SNAPSHOT-tests.jar:/home/user/.m2/repository/org/yaml/snakeyaml/1.16/snakeyaml-1.16.jar:/home/user/.m2/repository/org/apache/hadoop/hadoop-hdds-hadoop-dependency-test/0.6.0-SNAPSHOT/hadoop-hdds-hadoop-dependency-test-0.6.0-SNAPSHOT.jar:/home/user/.m2/repository/org/apache/hadoop/hadoop-common/3.2.1/hadoop-common-3.2.1-tests.jar:/home/user/.m2/repository/javax/servlet/jsp/jsp-api/2.1/jsp-api-2.1.jar:/home/user/.m2/repository/org/apache/hadoop/hadoop-hdfs/3.2.1/hadoop-hdfs-3.2.1-tests.jar:/home/user/.m2/repository/org/eclipse/jetty/jetty-util-ajax/9.4.26.v20200117/jetty-util-ajax-9.4.26.v20200117.jar:/home/user/.m2/repository/commons-codec/commons-codec/1.11/commons-codec-1.11.jar:/home/user/.m2/repository/commons-daemon/commons-daemon/1.0.13/commons-daemon-1.0.13.jar:/home/user/.m2/repository/io/netty/netty/3.10.5.Final/netty-3.10.5.Final.jar:/home/user/.m2/repository/io/netty/netty-all/4.1.48.Final/netty-all-4.1.48.Final.jar:/home/user/.m2/repository/org/apache/htrace/htrace-core4/4.1.0-incubating/htrace-core4-4.1.0-incubating.jar:/home/user/.m2/repository/org/fusesource/leveldbjni/leveldbjni-all/1.8/leveldbjni-all-1.8.jar:/home/user/.m2/repository/org/apache/hadoop/hadoop-distcp/3.2.1/hadoop-distcp-3.2.1.jar:/home/user/.m2/repository/org/apache/hadoop/hadoop-mapreduce-client-jobclient/3.2.1/hadoop-mapreduce-client-jobclient-3.2.1.jar:/home/user/.m2/repository/org/apache/hadoop/hadoop-mapreduce-client-common/3.2.1/hadoop-mapreduce-client-common-3.2.1.jar:/home/user/.m2/repository/org/apache/hadoop/hadoop-yarn-common/3.2.1/hadoop-yarn-common-3.2.1.jar:/home/user/.m2/repository/org/apache/hadoop/hadoop-yarn-api/3.2.1/hadoop-yarn-api-3.2.1.jar:/home/user/.m2/repository/com/sun/jersey/jersey-client/1.19/jersey-client-1.19.jar:/home/user/.m2/repository/com/sun/jersey/contribs/jersey-guice/1.19/jersey-guice-1.19.jar:/home/user/.m2/repository/com/fasterxml/jackson/jaxrs/jackson-jaxrs-json-provider/2.10.3/jackson-jaxrs-json-provider-2.10.3.jar:/home/user/.m2/repository/com/fasterxml/jackson/jaxrs/jackson-jaxrs-base/2.10.3/jackson-jaxrs-base-2.10.3.jar:/home/user/.m2/repository/org/apache/hadoop/hadoop-yarn-client/3.2.1/hadoop-yarn-client-3.2.1.jar:/home/user/.m2/repository/org/apache/hadoop/hadoop-mapreduce-client-core/3.2.1/hadoop-mapreduce-client-core-3.2.1.jar:/home/user/.m2/repository/org/apache/avro/avro/1.7.7/avro-1.7.7.jar:/home/user/.m2/repository/org/codehaus/jackson/jackson-core-asl/1.9.13/jackson-core-asl-1.9.13.jar:/home/user/.m2/repository/org/codehaus/jackson/jackson-mapper-asl/1.9.13/jackson-mapper-asl-1.9.13.jar:/home/user/.m2/repository/com/thoughtworks/paranamer/paranamer/2.3/paranamer-2.3.jar:/home/user/.m2/repository/org/xerial/snappy/snappy-java/1.0.5/snappy-java-1.0.5.jar:/home/user/.m2/repository/org/apache/hadoop/hadoop-annotations/3.2.1/hadoop-annotations-3.2.1.jar:/usr/lib/jvm/java-1.8.0-openjdk-1.8.0.232.b09-0.el7_7.x86_64/jre/../lib/tools.jar:/home/user/.m2/repository/org/apache/hadoop/hadoop-distcp/3.2.1/hadoop-distcp-3.2.1-tests.jar:"/>
    <property name="sun.cpu.endian" value="little"/>
    <property name="user.home" value="/home/user"/>
    <property name="user.language" value="en"/>
    <property name="java.specification.vendor" value="Oracle Corporation"/>
    <property name="java.home" value="/usr/lib/jvm/java-1.8.0-openjdk-1.8.0.232.b09-0.el7_7.x86_64/jre"/>
    <property name="java.security.krb5.conf" value="/github/workspace/mnt/ozone/hadoop-ozone/integration-test/target/test-classes/krb5.conf"/>
    <property name="basedir" value="/github/workspace/mnt/ozone/hadoop-ozone/integration-test"/>
    <property name="file.separator" value="/"/>
    <property name="line.separator" value="&#10;"/>
    <property name="java.vm.specification.vendor" value="Oracle Corporation"/>
    <property name="java.specification.name" value="Java Platform API Specification"/>
    <property name="java.awt.graphicsenv" value="sun.awt.X11GraphicsEnvironment"/>
    <property name="skip.installnpx" value="true"/>
    <property name="surefire.real.class.path" value="/github/workspace/mnt/ozone/hadoop-ozone/integration-test/target/surefire/surefirebooter4644169012712175372.jar:/home/user/.m2/repository/org/jacoco/org.jacoco.agent/0.8.5/org.jacoco.agent-0.8.5-runtime.jar"/>
    <property name="hadoop.log.dir" value="/github/workspace/mnt/ozone/hadoop-ozone/integration-test/target/log"/>
    <property name="sun.boot.class.path" value="/usr/lib/jvm/java-1.8.0-openjdk-1.8.0.232.b09-0.el7_7.x86_64/jre/lib/resources.jar:/usr/lib/jvm/java-1.8.0-openjdk-1.8.0.232.b09-0.el7_7.x86_64/jre/lib/rt.jar:/usr/lib/jvm/java-1.8.0-openjdk-1.8.0.232.b09-0.el7_7.x86_64/jre/lib/sunrsasign.jar:/usr/lib/jvm/java-1.8.0-openjdk-1.8.0.232.b09-0.el7_7.x86_64/jre/lib/jsse.jar:/usr/lib/jvm/java-1.8.0-openjdk-1.8.0.232.b09-0.el7_7.x86_64/jre/lib/jce.jar:/usr/lib/jvm/java-1.8.0-openjdk-1.8.0.232.b09-0.el7_7.x86_64/jre/lib/charsets.jar:/usr/lib/jvm/java-1.8.0-openjdk-1.8.0.232.b09-0.el7_7.x86_64/jre/lib/jfr.jar:/usr/lib/jvm/java-1.8.0-openjdk-1.8.0.232.b09-0.el7_7.x86_64/jre/classes"/>
    <property name="sun.management.compiler" value="HotSpot 64-Bit Tiered Compilers"/>
    <property name="skip.npx" value="true"/>
    <property name="java.runtime.version" value="1.8.0_232-b09"/>
    <property name="java.net.preferIPv4Stack" value="true"/>
    <property name="user.name" value="jenkins1001"/>
    <property name="path.separator" value=":"/>
    <property name="java.security.egd" value="file:///dev/urandom"/>
    <property name="os.version" value="5.3.0-1031-azure"/>
    <property name="java.endorsed.dirs" value="/usr/lib/jvm/java-1.8.0-openjdk-1.8.0.232.b09-0.el7_7.x86_64/jre/lib/endorsed"/>
    <property name="java.runtime.name" value="OpenJDK Runtime Environment"/>
    <property name="file.encoding" value="ANSI_X3.4-1968"/>
    <property name="java.vm.name" value="OpenJDK 64-Bit Server VM"/>
    <property name="test.build.webapps" value=""/>
    <property name="localRepository" value="/home/user/.m2/repository"/>
    <property name="java.vendor.url.bug" value="http://bugreport.sun.com/bugreport/"/>
    <property name="java.io.tmpdir" value="/tmp"/>
    <property name="require.test.libhadoop" value=""/>
    <property name="java.version" value="1.8.0_232"/>
    <property name="user.dir" value="/github/workspace/mnt/ozone/hadoop-ozone/integration-test"/>
    <property name="os.arch" value="amd64"/>
    <property name="java.vm.specification.name" value="Java Virtual Machine Specification"/>
    <property name="test.build.classes" value="/github/workspace/mnt/ozone/hadoop-ozone/integration-test/target/test-classes"/>
    <property name="java.awt.printerjob" value="sun.print.PSPrinterJob"/>
    <property name="sun.os.patch.level" value="unknown"/>
    <property name="hadoop.tmp.dir" value="/github/workspace/mnt/ozone/hadoop-ozone/integration-test/target/tmp"/>
    <property name="java.library.path" value="/usr/lib:/usr/java/packages/lib/amd64:/usr/lib64:/lib64:/lib:/usr/lib"/>
    <property name="java.vm.info" value="mixed mode"/>
    <property name="java.vendor" value="Oracle Corporation"/>
    <property name="java.vm.version" value="25.232-b09"/>
    <property name="java.ext.dirs" value="/usr/lib/jvm/java-1.8.0-openjdk-1.8.0.232.b09-0.el7_7.x86_64/jre/lib/ext:/usr/java/packages/lib/ext"/>
    <property name="sun.io.unicode.encoding" value="UnicodeLittle"/>
    <property name="java.class.version" value="52.0"/>
  </properties>
  <testcase name="testDeleteKeyWithSlowFollower" classname="org.apache.hadoop.ozone.client.rpc.TestDeleteWithSlowFollower" time="0.13">
    <failure type="java.lang.AssertionError">java.lang.AssertionError
	at org.junit.Assert.fail(Assert.java:86)
	at org.junit.Assert.assertTrue(Assert.java:41)
	at org.junit.Assert.assertNotNull(Assert.java:621)
	at org.junit.Assert.assertNotNull(Assert.java:631)
	at org.apache.hadoop.ozone.client.rpc.TestDeleteWithSlowFollower.testDeleteKeyWithSlowFollower(TestDeleteWithSlowFollower.java:216)
	at sun.reflect.NativeMethodAccessorImpl.invoke0(Native Method)
	at sun.reflect.NativeMethodAccessorImpl.invoke(NativeMethodAccessorImpl.java:62)
	at sun.reflect.DelegatingMethodAccessorImpl.invoke(DelegatingMethodAccessorImpl.java:43)
	at java.lang.reflect.Method.invoke(Method.java:498)
	at org.junit.runners.model.FrameworkMethod$1.runReflectiveCall(FrameworkMethod.java:47)
	at org.junit.internal.runners.model.ReflectiveCallable.run(ReflectiveCallable.java:12)
	at org.junit.runners.model.FrameworkMethod.invokeExplosively(FrameworkMethod.java:44)
	at org.junit.internal.runners.statements.InvokeMethod.evaluate(InvokeMethod.java:17)
	at org.junit.runners.ParentRunner.runLeaf(ParentRunner.java:271)
	at org.junit.runners.BlockJUnit4ClassRunner.runChild(BlockJUnit4ClassRunner.java:70)
	at org.junit.runners.BlockJUnit4ClassRunner.runChild(BlockJUnit4ClassRunner.java:50)
	at org.junit.runners.ParentRunner$3.run(ParentRunner.java:238)
	at org.junit.runners.ParentRunner$1.schedule(ParentRunner.java:63)
	at org.junit.runners.ParentRunner.runChildren(ParentRunner.java:236)
	at org.junit.runners.ParentRunner.access$000(ParentRunner.java:53)
	at org.junit.runners.ParentRunner$2.evaluate(ParentRunner.java:229)
	at org.junit.internal.runners.statements.RunBefores.evaluate(RunBefores.java:26)
	at org.junit.internal.runners.statements.RunAfters.evaluate(RunAfters.java:27)
	at org.junit.runners.ParentRunner.run(ParentRunner.java:309)
	at org.apache.maven.surefire.junit4.JUnit4Provider.execute(JUnit4Provider.java:365)
	at org.apache.maven.surefire.junit4.JUnit4Provider.executeWithRerun(JUnit4Provider.java:273)
	at org.apache.maven.surefire.junit4.JUnit4Provider.executeTestSet(JUnit4Provider.java:238)
	at org.apache.maven.surefire.junit4.JUnit4Provider.invoke(JUnit4Provider.java:159)
	at org.apache.maven.surefire.booter.ForkedBooter.invokeProviderInSameClassLoader(ForkedBooter.java:384)
	at org.apache.maven.surefire.booter.ForkedBooter.runSuitesInProcess(ForkedBooter.java:345)
	at org.apache.maven.surefire.booter.ForkedBooter.execute(ForkedBooter.java:126)
	at org.apache.maven.surefire.booter.ForkedBooter.main(ForkedBooter.java:418)
</failure>
    <system-out><![CDATA[2020-07-02 11:36:25,165 [main] WARN  server.ServerUtils (ServerUtils.java:getScmDbDir(148)) - ozone.scm.db.dirs is not configured. We recommend adding this setting. Falling back to ozone.metadata.dirs instead.
2020-07-02 11:36:25,246 [main] WARN  server.ServerUtils (ServerUtils.java:getScmDbDir(148)) - ozone.scm.db.dirs is not configured. We recommend adding this setting. Falling back to ozone.metadata.dirs instead.
2020-07-02 11:36:25,365 [main] WARN  db.DBStoreBuilder (DBStoreBuilder.java:createDBStoreBuilder(277)) - ozone.scm.db.dirs is not configured. We recommend adding this setting. Falling back to ozone.metadata.dirs instead.
2020-07-02 11:36:25,503 [main] INFO  net.NodeSchemaLoader (NodeSchemaLoader.java:loadSchemaFromFile(126)) - Loading file from sun.misc.CompoundEnumeration@35fe2125
2020-07-02 11:36:25,505 [main] INFO  net.NodeSchemaLoader (NodeSchemaLoader.java:loadSchema(172)) - Loading network topology layer schema file
2020-07-02 11:36:25,594 [main] WARN  server.ServerUtils (ServerUtils.java:sanitizeUserArgs(73)) - ozone.scm.stale.node.interval value = 1000000 is larger than max = 100000 based on the key value of ozone.scm.heartbeat.thread.interval, reset to the max value 100000.
2020-07-02 11:36:25,594 [main] WARN  server.ServerUtils (ServerUtils.java:sanitizeUserArgs(73)) - ozone.scm.stale.node.interval value = 1000000 is larger than max = 100000 based on the key value of ozone.scm.heartbeat.thread.interval, reset to the max value 100000.
2020-07-02 11:36:25,597 [main] INFO  node.SCMNodeManager (SCMNodeManager.java:<init>(116)) - Entering startup safe mode.
2020-07-02 11:36:25,692 [main] INFO  algorithms.ContainerPlacementPolicyFactory (ContainerPlacementPolicyFactory.java:getPolicy(60)) - Create container placement policy of type org.apache.hadoop.hdds.scm.container.placement.algorithms.SCMContainerPlacementRandom
2020-07-02 11:36:25,715 [main] INFO  pipeline.SCMPipelineManager (SCMPipelineManager.java:initializePipelineState(158)) - No pipeline exists in current db
2020-07-02 11:36:25,796 [main] INFO  safemode.HealthyPipelineSafeModeRule (HealthyPipelineSafeModeRule.java:<init>(89)) - Total pipeline count is 0, healthy pipeline threshold count is 0
2020-07-02 11:36:25,798 [main] INFO  safemode.OneReplicaPipelineSafeModeRule (OneReplicaPipelineSafeModeRule.java:<init>(79)) - Total pipeline count is 0, pipeline's with at least one datanode reported threshold count is 0
2020-07-02 11:36:25,848 [RatisPipelineUtilsThread] ERROR pipeline.SCMPipelineManager (SCMPipelineManager.java:createPipeline(222)) - Failed to create pipeline of type RATIS and factor ONE. Exception: Cannot create pipeline of factor 1 using 0 nodes. Used 0 nodes. Healthy nodes 0
2020-07-02 11:36:26,143 [main] INFO  ipc.CallQueueManager (CallQueueManager.java:<init>(84)) - Using callQueue: class java.util.concurrent.LinkedBlockingQueue, queueCapacity: 2000, scheduler: class org.apache.hadoop.ipc.DefaultRpcScheduler, ipcBackoff: false.
2020-07-02 11:36:26,163 [Socket Reader #1 for port 0] INFO  ipc.Server (Server.java:run(1219)) - Starting Socket Reader #1 for port 0
2020-07-02 11:36:26,192 [Listener at 0.0.0.0/46387] INFO  ipc.CallQueueManager (CallQueueManager.java:<init>(84)) - Using callQueue: class java.util.concurrent.LinkedBlockingQueue, queueCapacity: 2000, scheduler: class org.apache.hadoop.ipc.DefaultRpcScheduler, ipcBackoff: false.
2020-07-02 11:36:26,194 [Socket Reader #1 for port 0] INFO  ipc.Server (Server.java:run(1219)) - Starting Socket Reader #1 for port 0
2020-07-02 11:36:26,208 [Listener at 0.0.0.0/39387] INFO  ipc.CallQueueManager (CallQueueManager.java:<init>(84)) - Using callQueue: class java.util.concurrent.LinkedBlockingQueue, queueCapacity: 2000, scheduler: class org.apache.hadoop.ipc.DefaultRpcScheduler, ipcBackoff: false.
2020-07-02 11:36:26,208 [Socket Reader #1 for port 0] INFO  ipc.Server (Server.java:run(1219)) - Starting Socket Reader #1 for port 0
2020-07-02 11:36:26,228 [Listener at 0.0.0.0/42399] INFO  http.BaseHttpServer (BaseHttpServer.java:newHttpServer2BuilderForOzone(207)) - Starting Web-server for scm at: http://0.0.0.0:0
2020-07-02 11:36:26,228 [Listener at 0.0.0.0/42399] INFO  http.BaseHttpServer (BaseHttpServer.java:<init>(106)) - Hadoop Security Enabled: false Ozone Security Enabled: false Ozone HTTP Security Enabled: false 
2020-07-02 11:36:26,252 [Listener at 0.0.0.0/42399] INFO  util.log (Log.java:initialized(169)) - Logging initialized @2027ms to org.eclipse.jetty.util.log.Slf4jLog
2020-07-02 11:36:26,357 [Listener at 0.0.0.0/42399] INFO  server.AuthenticationFilter (AuthenticationFilter.java:constructSecretProvider(240)) - Unable to initialize FileSignerSecretProvider, falling back to use random secrets.
2020-07-02 11:36:26,372 [Listener at 0.0.0.0/42399] WARN  http.HttpRequestLog (HttpRequestLog.java:getRequestLog(103)) - Jetty request log can only be enabled using Log4j
2020-07-02 11:36:26,376 [Listener at 0.0.0.0/42399] INFO  http.HttpServer2 (HttpServer2.java:addGlobalFilter(998)) - Added global filter 'safety' (class=org.apache.hadoop.hdds.server.http.HttpServer2$QuotingInputFilter)
2020-07-02 11:36:26,378 [Listener at 0.0.0.0/42399] INFO  http.HttpServer2 (HttpServer2.java:addFilter(974)) - Added filter static_user_filter (class=org.apache.hadoop.http.lib.StaticUserWebFilter$StaticUserFilter) to context scm
2020-07-02 11:36:26,378 [Listener at 0.0.0.0/42399] INFO  http.HttpServer2 (HttpServer2.java:addFilter(982)) - Added filter static_user_filter (class=org.apache.hadoop.http.lib.StaticUserWebFilter$StaticUserFilter) to context logs
2020-07-02 11:36:26,379 [Listener at 0.0.0.0/42399] INFO  http.HttpServer2 (HttpServer2.java:addFilter(982)) - Added filter static_user_filter (class=org.apache.hadoop.http.lib.StaticUserWebFilter$StaticUserFilter) to context static
2020-07-02 11:36:26,425 [Listener at 0.0.0.0/42399] INFO  server.StorageContainerManager (StorageContainerManager.java:start(782)) - StorageContainerLocationProtocol RPC server is listening at /0.0.0.0:42399
2020-07-02 11:36:26,470 [Listener at 0.0.0.0/42399] WARN  impl.MetricsConfig (MetricsConfig.java:loadFirst(134)) - Cannot locate configuration: tried hadoop-metrics2-storagecontainermanager.properties,hadoop-metrics2.properties
2020-07-02 11:36:26,481 [Listener at 0.0.0.0/42399] INFO  impl.MetricsSystemImpl (MetricsSystemImpl.java:startTimer(374)) - Scheduled Metric snapshot period at 10 second(s).
2020-07-02 11:36:26,482 [Listener at 0.0.0.0/42399] INFO  impl.MetricsSystemImpl (MetricsSystemImpl.java:start(191)) - StorageContainerManager metrics system started
2020-07-02 11:36:26,671 [Listener at 0.0.0.0/42399] INFO  server.SCMClientProtocolServer (SCMClientProtocolServer.java:start(156)) - RPC server for Client  is listening at /0.0.0.0:42399
2020-07-02 11:36:26,671 [IPC Server Responder] INFO  ipc.Server (Server.java:run(1460)) - IPC Server Responder: starting
2020-07-02 11:36:26,672 [IPC Server listener on 0] INFO  ipc.Server (Server.java:run(1298)) - IPC Server listener on 0: starting
2020-07-02 11:36:26,682 [Listener at 0.0.0.0/42399] INFO  server.StorageContainerManager (StorageContainerManager.java:start(794)) - ScmBlockLocationProtocol RPC server is listening at /0.0.0.0:39387
2020-07-02 11:36:26,683 [Listener at 0.0.0.0/42399] INFO  server.SCMBlockProtocolServer (SCMBlockProtocolServer.java:start(149)) - RPC server for Block Protocol is listening at /0.0.0.0:39387
2020-07-02 11:36:26,683 [IPC Server Responder] INFO  ipc.Server (Server.java:run(1460)) - IPC Server Responder: starting
2020-07-02 11:36:26,683 [IPC Server listener on 0] INFO  ipc.Server (Server.java:run(1298)) - IPC Server listener on 0: starting
2020-07-02 11:36:26,687 [Listener at 0.0.0.0/42399] INFO  server.StorageContainerManager (StorageContainerManager.java:start(800)) - ScmDatanodeProtocl RPC server is listening at /0.0.0.0:46387
2020-07-02 11:36:26,687 [Listener at 0.0.0.0/42399] INFO  server.SCMDatanodeProtocolServer (SCMDatanodeProtocolServer.java:start(172)) - RPC server for DataNodes is listening at /0.0.0.0:46387
2020-07-02 11:36:26,687 [IPC Server Responder] INFO  ipc.Server (Server.java:run(1460)) - IPC Server Responder: starting
2020-07-02 11:36:26,688 [IPC Server listener on 0] INFO  ipc.Server (Server.java:run(1298)) - IPC Server listener on 0: starting
2020-07-02 11:36:26,692 [Listener at 0.0.0.0/42399] INFO  http.HttpServer2 (HttpServer2.java:bindListener(1216)) - Jetty bound to port 46049
2020-07-02 11:36:26,693 [Listener at 0.0.0.0/42399] INFO  server.Server (Server.java:doStart(359)) - jetty-9.4.26.v20200117; built: 2020-01-17T12:35:33.676Z; git: 7b38981d25d14afb4a12ff1f2596756144edf695; jvm 1.8.0_232-b09
2020-07-02 11:36:26,720 [Listener at 0.0.0.0/42399] INFO  server.session (DefaultSessionIdManager.java:doStart(333)) - DefaultSessionIdManager workerName=node0
2020-07-02 11:36:26,721 [Listener at 0.0.0.0/42399] INFO  server.session (DefaultSessionIdManager.java:doStart(338)) - No SessionScavenger set, using defaults
2020-07-02 11:36:26,722 [Listener at 0.0.0.0/42399] INFO  server.session (HouseKeeper.java:startScavenging(140)) - node0 Scavenging every 600000ms
2020-07-02 11:36:26,734 [Listener at 0.0.0.0/42399] INFO  handler.ContextHandler (ContextHandler.java:doStart(825)) - Started o.e.j.s.ServletContextHandler@5d152bcd{logs,/logs,file:///github/workspace/mnt/ozone/hadoop-ozone/integration-test/target/log,AVAILABLE}
2020-07-02 11:36:26,734 [Listener at 0.0.0.0/42399] INFO  handler.ContextHandler (ContextHandler.java:doStart(825)) - Started o.e.j.s.ServletContextHandler@5f7eee96{static,/static,file:///github/workspace/mnt/ozone/hadoop-ozone/integration-test/target/test-classes/webapps/static,AVAILABLE}
2020-07-02 11:36:26,774 [Listener at 0.0.0.0/42399] INFO  handler.ContextHandler (ContextHandler.java:doStart(825)) - Started o.e.j.w.WebAppContext@7b14c61{scm,/,file:///github/workspace/mnt/ozone/hadoop-ozone/integration-test/target/test-classes/webapps/scm/,AVAILABLE}{file:/github/workspace/mnt/ozone/hadoop-ozone/integration-test/target/test-classes/webapps/scm}
2020-07-02 11:36:26,781 [Listener at 0.0.0.0/42399] INFO  server.AbstractConnector (AbstractConnector.java:doStart(330)) - Started ServerConnector@7412a438{HTTP/1.1,[http/1.1]}{0.0.0.0:46049}
2020-07-02 11:36:26,781 [Listener at 0.0.0.0/42399] INFO  server.Server (Server.java:doStart(399)) - Started @2556ms
2020-07-02 11:36:26,782 [Listener at 0.0.0.0/42399] INFO  impl.MetricsSinkAdapter (MetricsSinkAdapter.java:start(204)) - Sink prometheus started
2020-07-02 11:36:26,783 [Listener at 0.0.0.0/42399] INFO  impl.MetricsSystemImpl (MetricsSystemImpl.java:registerSink(301)) - Registered sink prometheus
2020-07-02 11:36:26,786 [Listener at 0.0.0.0/42399] INFO  http.BaseHttpServer (BaseHttpServer.java:updateConnectorAddress(327)) - HTTP server of scm listening at http://0.0.0.0:46049
2020-07-02 11:36:26,793 [Listener at 0.0.0.0/42399] WARN  server.ServerUtils (ServerUtils.java:getDBPath(225)) - ozone.om.db.dirs is not configured. We recommend adding this setting. Falling back to ozone.metadata.dirs instead.
2020-07-02 11:36:26,795 [org.apache.hadoop.util.JvmPauseMonitor$Monitor@3c7279a5] INFO  util.JvmPauseMonitor (JvmPauseMonitor.java:run(188)) - Starting JVM pause monitor
2020-07-02 11:36:26,874 [Listener at 0.0.0.0/42399] INFO  ha.OMHANodeDetails (OMHANodeDetails.java:loadOMHAConfig(104)) - ozone.om.internal.service.id is not defined, falling back to ozone.om.service.ids to find serviceID for OzoneManager if it is HA enabled cluster
2020-07-02 11:36:26,876 [Listener at 0.0.0.0/42399] INFO  ha.OMHANodeDetails (OMHANodeDetails.java:loadOMHAConfig(213)) - Configuration either no ozone.om.address set. Falling back to the default OM address /127.0.0.1:0
2020-07-02 11:36:26,876 [Listener at 0.0.0.0/42399] INFO  ha.OMHANodeDetails (OMHANodeDetails.java:getOMNodeDetails(241)) - OM Service ID is not set. Setting it to the default ID: omServiceIdDefault
2020-07-02 11:36:26,878 [Listener at 0.0.0.0/42399] WARN  server.ServerUtils (ServerUtils.java:getDBPath(225)) - ozone.om.db.dirs is not configured. We recommend adding this setting. Falling back to ozone.metadata.dirs instead.
2020-07-02 11:36:26,879 [Listener at 0.0.0.0/42399] WARN  server.ServerUtils (ServerUtils.java:getDBPath(225)) - ozone.om.db.dirs is not configured. We recommend adding this setting. Falling back to ozone.metadata.dirs instead.
2020-07-02 11:36:27,529 [Listener at 0.0.0.0/42399] WARN  server.ServerUtils (ServerUtils.java:getDBPath(225)) - ozone.om.db.dirs is not configured. We recommend adding this setting. Falling back to ozone.metadata.dirs instead.
2020-07-02 11:36:27,650 [Listener at 0.0.0.0/42399] INFO  ipc.CallQueueManager (CallQueueManager.java:<init>(84)) - Using callQueue: class java.util.concurrent.LinkedBlockingQueue, queueCapacity: 2000, scheduler: class org.apache.hadoop.ipc.DefaultRpcScheduler, ipcBackoff: false.
2020-07-02 11:36:27,653 [Socket Reader #1 for port 0] INFO  ipc.Server (Server.java:run(1219)) - Starting Socket Reader #1 for port 0
2020-07-02 11:36:27,671 [Listener at 127.0.0.1/42581] INFO  impl.MetricsSystemImpl (MetricsSystemImpl.java:init(158)) - OzoneManager metrics system started (again)
2020-07-02 11:36:27,672 [Listener at 127.0.0.1/42581] INFO  om.OzoneManager (OzoneManager.java:start(1083)) - OzoneManager RPC server is listening at localhost/127.0.0.1:42581
2020-07-02 11:36:27,686 [IPC Server Responder] INFO  ipc.Server (Server.java:run(1460)) - IPC Server Responder: starting
2020-07-02 11:36:27,686 [IPC Server listener on 0] INFO  ipc.Server (Server.java:run(1298)) - IPC Server listener on 0: starting
2020-07-02 11:36:27,694 [Listener at 127.0.0.1/42581] INFO  http.BaseHttpServer (BaseHttpServer.java:newHttpServer2BuilderForOzone(207)) - Starting Web-server for ozoneManager at: http://0.0.0.0:0
2020-07-02 11:36:27,694 [Listener at 127.0.0.1/42581] INFO  http.BaseHttpServer (BaseHttpServer.java:<init>(106)) - Hadoop Security Enabled: false Ozone Security Enabled: false Ozone HTTP Security Enabled: false 
2020-07-02 11:36:27,696 [Listener at 127.0.0.1/42581] INFO  server.AuthenticationFilter (AuthenticationFilter.java:constructSecretProvider(240)) - Unable to initialize FileSignerSecretProvider, falling back to use random secrets.
2020-07-02 11:36:27,698 [Listener at 127.0.0.1/42581] WARN  http.HttpRequestLog (HttpRequestLog.java:getRequestLog(103)) - Jetty request log can only be enabled using Log4j
2020-07-02 11:36:27,698 [Listener at 127.0.0.1/42581] INFO  http.HttpServer2 (HttpServer2.java:addGlobalFilter(998)) - Added global filter 'safety' (class=org.apache.hadoop.hdds.server.http.HttpServer2$QuotingInputFilter)
2020-07-02 11:36:27,699 [Listener at 127.0.0.1/42581] INFO  http.HttpServer2 (HttpServer2.java:addFilter(974)) - Added filter static_user_filter (class=org.apache.hadoop.http.lib.StaticUserWebFilter$StaticUserFilter) to context ozoneManager
2020-07-02 11:36:27,699 [Listener at 127.0.0.1/42581] INFO  http.HttpServer2 (HttpServer2.java:addFilter(982)) - Added filter static_user_filter (class=org.apache.hadoop.http.lib.StaticUserWebFilter$StaticUserFilter) to context logs
2020-07-02 11:36:27,700 [Listener at 127.0.0.1/42581] INFO  http.HttpServer2 (HttpServer2.java:addFilter(982)) - Added filter static_user_filter (class=org.apache.hadoop.http.lib.StaticUserWebFilter$StaticUserFilter) to context static
2020-07-02 11:36:27,703 [Listener at 127.0.0.1/42581] INFO  http.HttpServer2 (HttpServer2.java:bindListener(1216)) - Jetty bound to port 44767
2020-07-02 11:36:27,703 [Listener at 127.0.0.1/42581] INFO  server.Server (Server.java:doStart(359)) - jetty-9.4.26.v20200117; built: 2020-01-17T12:35:33.676Z; git: 7b38981d25d14afb4a12ff1f2596756144edf695; jvm 1.8.0_232-b09
2020-07-02 11:36:27,706 [Listener at 127.0.0.1/42581] INFO  server.session (DefaultSessionIdManager.java:doStart(333)) - DefaultSessionIdManager workerName=node0
2020-07-02 11:36:27,706 [Listener at 127.0.0.1/42581] INFO  server.session (DefaultSessionIdManager.java:doStart(338)) - No SessionScavenger set, using defaults
2020-07-02 11:36:27,706 [Listener at 127.0.0.1/42581] INFO  server.session (HouseKeeper.java:startScavenging(140)) - node0 Scavenging every 660000ms
2020-07-02 11:36:27,707 [Listener at 127.0.0.1/42581] INFO  handler.ContextHandler (ContextHandler.java:doStart(825)) - Started o.e.j.s.ServletContextHandler@6787bd41{logs,/logs,file:///github/workspace/mnt/ozone/hadoop-ozone/integration-test/target/log,AVAILABLE}
2020-07-02 11:36:27,708 [Listener at 127.0.0.1/42581] INFO  handler.ContextHandler (ContextHandler.java:doStart(825)) - Started o.e.j.s.ServletContextHandler@3340ff7c{static,/static,file:///github/workspace/mnt/ozone/hadoop-ozone/integration-test/target/test-classes/webapps/static,AVAILABLE}
2020-07-02 11:36:27,711 [Listener at 127.0.0.1/42581] INFO  handler.ContextHandler (ContextHandler.java:doStart(825)) - Started o.e.j.w.WebAppContext@276aa33f{ozoneManager,/,file:///github/workspace/mnt/ozone/hadoop-ozone/integration-test/target/test-classes/webapps/ozoneManager/,AVAILABLE}{file:/github/workspace/mnt/ozone/hadoop-ozone/integration-test/target/test-classes/webapps/ozoneManager}
2020-07-02 11:36:27,713 [Listener at 127.0.0.1/42581] INFO  server.AbstractConnector (AbstractConnector.java:doStart(330)) - Started ServerConnector@5dd227b7{HTTP/1.1,[http/1.1]}{0.0.0.0:44767}
2020-07-02 11:36:27,713 [Listener at 127.0.0.1/42581] INFO  server.Server (Server.java:doStart(399)) - Started @3488ms
2020-07-02 11:36:27,713 [Listener at 127.0.0.1/42581] WARN  impl.MetricsSystemImpl (MetricsSystemImpl.java:register(276)) - Sink prometheus already exists!
2020-07-02 11:36:27,716 [Listener at 127.0.0.1/42581] INFO  http.BaseHttpServer (BaseHttpServer.java:updateConnectorAddress(327)) - HTTP server of ozoneManager listening at http://0.0.0.0:44767
2020-07-02 11:36:27,726 [org.apache.hadoop.util.JvmPauseMonitor$Monitor@677c2820] INFO  util.JvmPauseMonitor (JvmPauseMonitor.java:run(188)) - Starting JVM pause monitor
2020-07-02 11:36:27,840 [Listener at 127.0.0.1/42581] INFO  metrics.MetricRegistries (MetricRegistriesLoader.java:load(64)) - Loaded MetricRegistries class org.apache.ratis.metrics.impl.MetricRegistriesImpl
2020-07-02 11:36:27,845 [Listener at 127.0.0.1/42581] INFO  impl.MetricsSystemImpl (MetricsSystemImpl.java:init(158)) - HddsDatanode metrics system started (again)
2020-07-02 11:36:27,850 [Listener at 127.0.0.1/42581] INFO  ozone.HddsDatanodeService (HddsDatanodeService.java:start(197)) - HddsDatanodeService host:3270734acc2f ip:172.17.0.2
2020-07-02 11:36:27,913 [Listener at 127.0.0.1/42581] INFO  volume.HddsVolume (HddsVolume.java:<init>(176)) - Creating Volume: /github/workspace/mnt/ozone/hadoop-ozone/integration-test/target/test-dir/MiniOzoneClusterImpl-75337ffa-e5ae-4444-aee7-feba439eee52/datanode-0/data-0/containers/hdds of storage type : DISK and capacity : 9223372036854775807
2020-07-02 11:36:27,915 [Listener at 127.0.0.1/42581] INFO  volume.MutableVolumeSet (MutableVolumeSet.java:initializeVolumeSet(181)) - Added Volume : /github/workspace/mnt/ozone/hadoop-ozone/integration-test/target/test-dir/MiniOzoneClusterImpl-75337ffa-e5ae-4444-aee7-feba439eee52/datanode-0/data-0/containers/hdds to VolumeSet
2020-07-02 11:36:27,916 [Listener at 127.0.0.1/42581] INFO  volume.ThrottledAsyncChecker (ThrottledAsyncChecker.java:schedule(141)) - Scheduling a check for /github/workspace/mnt/ozone/hadoop-ozone/integration-test/target/test-dir/MiniOzoneClusterImpl-75337ffa-e5ae-4444-aee7-feba439eee52/datanode-0/data-0/containers/hdds
2020-07-02 11:36:27,941 [Listener at 127.0.0.1/42581] INFO  volume.HddsVolumeChecker (HddsVolumeChecker.java:checkAllVolumes(200)) - Scheduled health check for volume /github/workspace/mnt/ozone/hadoop-ozone/integration-test/target/test-dir/MiniOzoneClusterImpl-75337ffa-e5ae-4444-aee7-feba439eee52/datanode-0/data-0/containers/hdds
2020-07-02 11:36:28,049 [Listener at 127.0.0.1/42581] INFO  impl.RaftServerProxy (ConfUtils.java:logGet(44)) - raft.rpc.type = GRPC (default)
2020-07-02 11:36:28,105 [Listener at 127.0.0.1/42581] INFO  grpc.GrpcFactory (GrpcFactory.java:checkPooledByteBufAllocatorUseCacheForAllThreads(45)) - PERFORMANCE WARNING: useCacheForAllThreads is true that may cause Netty to create a lot garbage objects and, as a result, trigger GC.
	It is recommended to disable useCacheForAllThreads by setting -Dorg.apache.ratis.thirdparty.io.netty.allocator.useCacheForAllThreads=false in command line.
2020-07-02 11:36:28,108 [Listener at 127.0.0.1/42581] INFO  grpc.GrpcConfigKeys (ConfUtils.java:logGet(44)) - raft.grpc.server.port = 0 (default)
2020-07-02 11:36:28,109 [Listener at 127.0.0.1/42581] INFO  server.GrpcService (ConfUtils.java:logGet(44)) - raft.grpc.message.size.max = 32MB (=33554432) (custom)
2020-07-02 11:36:28,110 [Listener at 127.0.0.1/42581] INFO  server.RaftServerConfigKeys (ConfUtils.java:logGet(44)) - raft.server.log.appender.buffer.byte-limit = 33554432 (custom)
2020-07-02 11:36:28,110 [Listener at 127.0.0.1/42581] INFO  server.GrpcService (ConfUtils.java:logGet(44)) - raft.grpc.flow.control.window = 5MB (=5242880) (custom)
2020-07-02 11:36:28,111 [Listener at 127.0.0.1/42581] INFO  server.RaftServerConfigKeys (ConfUtils.java:logGet(44)) - raft.server.rpc.request.timeout = 3000ms (default)
2020-07-02 11:36:28,277 [Listener at 127.0.0.1/42581] INFO  server.RaftServerConfigKeys (ConfUtils.java:logGet(44)) - raft.server.storage.dir = [/github/workspace/mnt/ozone/hadoop-ozone/integration-test/target/test-dir/MiniOzoneClusterImpl-75337ffa-e5ae-4444-aee7-feba439eee52/datanode-0/data/ratis] (custom)
2020-07-02 11:36:28,361 [Listener at 127.0.0.1/42581] INFO  http.BaseHttpServer (BaseHttpServer.java:newHttpServer2BuilderForOzone(207)) - Starting Web-server for hddsDatanode at: http://0.0.0.0:0
2020-07-02 11:36:28,361 [Listener at 127.0.0.1/42581] INFO  http.BaseHttpServer (BaseHttpServer.java:<init>(106)) - Hadoop Security Enabled: false Ozone Security Enabled: false Ozone HTTP Security Enabled: false 
2020-07-02 11:36:28,363 [Listener at 127.0.0.1/42581] INFO  server.AuthenticationFilter (AuthenticationFilter.java:constructSecretProvider(240)) - Unable to initialize FileSignerSecretProvider, falling back to use random secrets.
2020-07-02 11:36:28,363 [Listener at 127.0.0.1/42581] WARN  http.HttpRequestLog (HttpRequestLog.java:getRequestLog(103)) - Jetty request log can only be enabled using Log4j
2020-07-02 11:36:28,364 [Listener at 127.0.0.1/42581] INFO  http.HttpServer2 (HttpServer2.java:addGlobalFilter(998)) - Added global filter 'safety' (class=org.apache.hadoop.hdds.server.http.HttpServer2$QuotingInputFilter)
2020-07-02 11:36:28,365 [Listener at 127.0.0.1/42581] INFO  http.HttpServer2 (HttpServer2.java:addFilter(974)) - Added filter static_user_filter (class=org.apache.hadoop.http.lib.StaticUserWebFilter$StaticUserFilter) to context hddsDatanode
2020-07-02 11:36:28,365 [Listener at 127.0.0.1/42581] INFO  http.HttpServer2 (HttpServer2.java:addFilter(982)) - Added filter static_user_filter (class=org.apache.hadoop.http.lib.StaticUserWebFilter$StaticUserFilter) to context static
2020-07-02 11:36:28,365 [Listener at 127.0.0.1/42581] INFO  http.HttpServer2 (HttpServer2.java:addFilter(982)) - Added filter static_user_filter (class=org.apache.hadoop.http.lib.StaticUserWebFilter$StaticUserFilter) to context logs
2020-07-02 11:36:28,366 [Listener at 127.0.0.1/42581] INFO  http.HttpServer2 (HttpServer2.java:bindListener(1216)) - Jetty bound to port 41157
2020-07-02 11:36:28,366 [Listener at 127.0.0.1/42581] INFO  server.Server (Server.java:doStart(359)) - jetty-9.4.26.v20200117; built: 2020-01-17T12:35:33.676Z; git: 7b38981d25d14afb4a12ff1f2596756144edf695; jvm 1.8.0_232-b09
2020-07-02 11:36:28,374 [Listener at 127.0.0.1/42581] INFO  server.session (DefaultSessionIdManager.java:doStart(333)) - DefaultSessionIdManager workerName=node0
2020-07-02 11:36:28,374 [Listener at 127.0.0.1/42581] INFO  server.session (DefaultSessionIdManager.java:doStart(338)) - No SessionScavenger set, using defaults
2020-07-02 11:36:28,374 [Listener at 127.0.0.1/42581] INFO  server.session (HouseKeeper.java:startScavenging(140)) - node0 Scavenging every 660000ms
2020-07-02 11:36:28,377 [Listener at 127.0.0.1/42581] INFO  handler.ContextHandler (ContextHandler.java:doStart(825)) - Started o.e.j.s.ServletContextHandler@4ecc4b43{logs,/logs,file:///github/workspace/mnt/ozone/hadoop-ozone/integration-test/target/log,AVAILABLE}
2020-07-02 11:36:28,377 [Listener at 127.0.0.1/42581] INFO  handler.ContextHandler (ContextHandler.java:doStart(825)) - Started o.e.j.s.ServletContextHandler@1d12eff1{static,/static,jar:file:/home/user/.m2/repository/org/apache/hadoop/hadoop-hdds-container-service/0.6.0-SNAPSHOT/hadoop-hdds-container-service-0.6.0-SNAPSHOT.jar!/webapps/static,AVAILABLE}
2020-07-02 11:36:28,393 [Listener at 127.0.0.1/42581] INFO  handler.ContextHandler (ContextHandler.java:doStart(825)) - Started o.e.j.w.WebAppContext@7b6e196e{hddsDatanode,/,file:///tmp/jetty-0_0_0_0-41157-hadoop-hdds-container-service-0_6_0-SNAPSHOT_jar-_-any-6686643444957285846.dir/webapp/,AVAILABLE}{jar:file:/home/user/.m2/repository/org/apache/hadoop/hadoop-hdds-container-service/0.6.0-SNAPSHOT/hadoop-hdds-container-service-0.6.0-SNAPSHOT.jar!/webapps/hddsDatanode}
2020-07-02 11:36:28,394 [Listener at 127.0.0.1/42581] INFO  server.AbstractConnector (AbstractConnector.java:doStart(330)) - Started ServerConnector@7893b8c{HTTP/1.1,[http/1.1]}{0.0.0.0:41157}
2020-07-02 11:36:28,394 [Listener at 127.0.0.1/42581] INFO  server.Server (Server.java:doStart(399)) - Started @4169ms
2020-07-02 11:36:28,394 [Listener at 127.0.0.1/42581] WARN  impl.MetricsSystemImpl (MetricsSystemImpl.java:register(276)) - Sink prometheus already exists!
2020-07-02 11:36:28,397 [Listener at 127.0.0.1/42581] INFO  http.BaseHttpServer (BaseHttpServer.java:updateConnectorAddress(327)) - HTTP server of hddsDatanode listening at http://0.0.0.0:41157
2020-07-02 11:36:28,397 [Listener at 127.0.0.1/42581] INFO  impl.MetricsSystemImpl (MetricsSystemImpl.java:init(158)) - HddsDatanode metrics system started (again)
2020-07-02 11:36:28,398 [Listener at 127.0.0.1/42581] INFO  ozone.HddsDatanodeService (HddsDatanodeService.java:start(197)) - HddsDatanodeService host:3270734acc2f ip:172.17.0.2
2020-07-02 11:36:28,400 [Listener at 127.0.0.1/42581] INFO  volume.HddsVolume (HddsVolume.java:<init>(176)) - Creating Volume: /github/workspace/mnt/ozone/hadoop-ozone/integration-test/target/test-dir/MiniOzoneClusterImpl-75337ffa-e5ae-4444-aee7-feba439eee52/datanode-1/data-0/containers/hdds of storage type : DISK and capacity : 9223372036854775807
2020-07-02 11:36:28,400 [Listener at 127.0.0.1/42581] INFO  volume.MutableVolumeSet (MutableVolumeSet.java:initializeVolumeSet(181)) - Added Volume : /github/workspace/mnt/ozone/hadoop-ozone/integration-test/target/test-dir/MiniOzoneClusterImpl-75337ffa-e5ae-4444-aee7-feba439eee52/datanode-1/data-0/containers/hdds to VolumeSet
2020-07-02 11:36:28,400 [Listener at 127.0.0.1/42581] INFO  volume.ThrottledAsyncChecker (ThrottledAsyncChecker.java:schedule(141)) - Scheduling a check for /github/workspace/mnt/ozone/hadoop-ozone/integration-test/target/test-dir/MiniOzoneClusterImpl-75337ffa-e5ae-4444-aee7-feba439eee52/datanode-1/data-0/containers/hdds
2020-07-02 11:36:28,401 [Listener at 127.0.0.1/42581] INFO  volume.HddsVolumeChecker (HddsVolumeChecker.java:checkAllVolumes(200)) - Scheduled health check for volume /github/workspace/mnt/ozone/hadoop-ozone/integration-test/target/test-dir/MiniOzoneClusterImpl-75337ffa-e5ae-4444-aee7-feba439eee52/datanode-1/data-0/containers/hdds
2020-07-02 11:36:28,413 [org.apache.hadoop.util.JvmPauseMonitor$Monitor@3a7d8bd6] INFO  util.JvmPauseMonitor (JvmPauseMonitor.java:run(188)) - Starting JVM pause monitor
2020-07-02 11:36:28,421 [Listener at 127.0.0.1/42581] INFO  impl.RaftServerProxy (ConfUtils.java:logGet(44)) - raft.rpc.type = GRPC (default)
2020-07-02 11:36:28,422 [Listener at 127.0.0.1/42581] INFO  grpc.GrpcFactory (GrpcFactory.java:checkPooledByteBufAllocatorUseCacheForAllThreads(45)) - PERFORMANCE WARNING: useCacheForAllThreads is true that may cause Netty to create a lot garbage objects and, as a result, trigger GC.
	It is recommended to disable useCacheForAllThreads by setting -Dorg.apache.ratis.thirdparty.io.netty.allocator.useCacheForAllThreads=false in command line.
2020-07-02 11:36:28,422 [Listener at 127.0.0.1/42581] INFO  grpc.GrpcConfigKeys (ConfUtils.java:logGet(44)) - raft.grpc.server.port = 0 (default)
2020-07-02 11:36:28,422 [Listener at 127.0.0.1/42581] INFO  server.GrpcService (ConfUtils.java:logGet(44)) - raft.grpc.message.size.max = 32MB (=33554432) (custom)
2020-07-02 11:36:28,424 [Listener at 127.0.0.1/42581] INFO  server.RaftServerConfigKeys (ConfUtils.java:logGet(44)) - raft.server.log.appender.buffer.byte-limit = 33554432 (custom)
2020-07-02 11:36:28,424 [Listener at 127.0.0.1/42581] INFO  server.GrpcService (ConfUtils.java:logGet(44)) - raft.grpc.flow.control.window = 5MB (=5242880) (custom)
2020-07-02 11:36:28,424 [Listener at 127.0.0.1/42581] INFO  server.RaftServerConfigKeys (ConfUtils.java:logGet(44)) - raft.server.rpc.request.timeout = 3000ms (default)
2020-07-02 11:36:28,425 [Listener at 127.0.0.1/42581] INFO  server.RaftServerConfigKeys (ConfUtils.java:logGet(44)) - raft.server.storage.dir = [/github/workspace/mnt/ozone/hadoop-ozone/integration-test/target/test-dir/MiniOzoneClusterImpl-75337ffa-e5ae-4444-aee7-feba439eee52/datanode-1/data/ratis] (custom)
2020-07-02 11:36:28,432 [Listener at 127.0.0.1/42581] INFO  http.BaseHttpServer (BaseHttpServer.java:newHttpServer2BuilderForOzone(207)) - Starting Web-server for hddsDatanode at: http://0.0.0.0:0
2020-07-02 11:36:28,432 [Listener at 127.0.0.1/42581] INFO  http.BaseHttpServer (BaseHttpServer.java:<init>(106)) - Hadoop Security Enabled: false Ozone Security Enabled: false Ozone HTTP Security Enabled: false 
2020-07-02 11:36:28,433 [Listener at 127.0.0.1/42581] INFO  server.AuthenticationFilter (AuthenticationFilter.java:constructSecretProvider(240)) - Unable to initialize FileSignerSecretProvider, falling back to use random secrets.
2020-07-02 11:36:28,438 [Listener at 127.0.0.1/42581] WARN  http.HttpRequestLog (HttpRequestLog.java:getRequestLog(103)) - Jetty request log can only be enabled using Log4j
2020-07-02 11:36:28,439 [Listener at 127.0.0.1/42581] INFO  http.HttpServer2 (HttpServer2.java:addGlobalFilter(998)) - Added global filter 'safety' (class=org.apache.hadoop.hdds.server.http.HttpServer2$QuotingInputFilter)
2020-07-02 11:36:28,440 [Listener at 127.0.0.1/42581] INFO  http.HttpServer2 (HttpServer2.java:addFilter(974)) - Added filter static_user_filter (class=org.apache.hadoop.http.lib.StaticUserWebFilter$StaticUserFilter) to context hddsDatanode
2020-07-02 11:36:28,440 [Listener at 127.0.0.1/42581] INFO  http.HttpServer2 (HttpServer2.java:addFilter(982)) - Added filter static_user_filter (class=org.apache.hadoop.http.lib.StaticUserWebFilter$StaticUserFilter) to context logs
2020-07-02 11:36:28,440 [Listener at 127.0.0.1/42581] INFO  http.HttpServer2 (HttpServer2.java:addFilter(982)) - Added filter static_user_filter (class=org.apache.hadoop.http.lib.StaticUserWebFilter$StaticUserFilter) to context static
2020-07-02 11:36:28,440 [Listener at 127.0.0.1/42581] INFO  http.HttpServer2 (HttpServer2.java:bindListener(1216)) - Jetty bound to port 37279
2020-07-02 11:36:28,440 [Listener at 127.0.0.1/42581] INFO  server.Server (Server.java:doStart(359)) - jetty-9.4.26.v20200117; built: 2020-01-17T12:35:33.676Z; git: 7b38981d25d14afb4a12ff1f2596756144edf695; jvm 1.8.0_232-b09
2020-07-02 11:36:28,486 [Listener at 127.0.0.1/42581] INFO  server.session (DefaultSessionIdManager.java:doStart(333)) - DefaultSessionIdManager workerName=node0
2020-07-02 11:36:28,486 [Listener at 127.0.0.1/42581] INFO  server.session (DefaultSessionIdManager.java:doStart(338)) - No SessionScavenger set, using defaults
2020-07-02 11:36:28,486 [Listener at 127.0.0.1/42581] INFO  server.session (HouseKeeper.java:startScavenging(140)) - node0 Scavenging every 660000ms
2020-07-02 11:36:28,494 [Listener at 127.0.0.1/42581] INFO  handler.ContextHandler (ContextHandler.java:doStart(825)) - Started o.e.j.s.ServletContextHandler@46ee9cfd{logs,/logs,file:///github/workspace/mnt/ozone/hadoop-ozone/integration-test/target/log,AVAILABLE}
2020-07-02 11:36:28,494 [Listener at 127.0.0.1/42581] INFO  handler.ContextHandler (ContextHandler.java:doStart(825)) - Started o.e.j.s.ServletContextHandler@7b6c3b37{static,/static,jar:file:/home/user/.m2/repository/org/apache/hadoop/hadoop-hdds-container-service/0.6.0-SNAPSHOT/hadoop-hdds-container-service-0.6.0-SNAPSHOT.jar!/webapps/static,AVAILABLE}
2020-07-02 11:36:28,526 [Listener at 127.0.0.1/42581] INFO  handler.ContextHandler (ContextHandler.java:doStart(825)) - Started o.e.j.w.WebAppContext@36b2b6e6{hddsDatanode,/,file:///tmp/jetty-0_0_0_0-37279-hadoop-hdds-container-service-0_6_0-SNAPSHOT_jar-_-any-6628188514029935919.dir/webapp/,AVAILABLE}{jar:file:/home/user/.m2/repository/org/apache/hadoop/hadoop-hdds-container-service/0.6.0-SNAPSHOT/hadoop-hdds-container-service-0.6.0-SNAPSHOT.jar!/webapps/hddsDatanode}
2020-07-02 11:36:28,528 [Datanode State Machine Thread - 0] INFO  datanode.InitDatanodeState (InitDatanodeState.java:persistContainerDatanodeDetails(145)) - DatanodeDetails is persisted to /github/workspace/mnt/ozone/hadoop-ozone/integration-test/target/test-dir/MiniOzoneClusterImpl-75337ffa-e5ae-4444-aee7-feba439eee52/datanode-0/meta/datanode.id
2020-07-02 11:36:28,530 [Listener at 127.0.0.1/42581] INFO  server.AbstractConnector (AbstractConnector.java:doStart(330)) - Started ServerConnector@655875bb{HTTP/1.1,[http/1.1]}{0.0.0.0:37279}
2020-07-02 11:36:28,530 [Listener at 127.0.0.1/42581] INFO  server.Server (Server.java:doStart(399)) - Started @4305ms
2020-07-02 11:36:28,530 [Listener at 127.0.0.1/42581] WARN  impl.MetricsSystemImpl (MetricsSystemImpl.java:register(276)) - Sink prometheus already exists!
2020-07-02 11:36:28,533 [Listener at 127.0.0.1/42581] INFO  http.BaseHttpServer (BaseHttpServer.java:updateConnectorAddress(327)) - HTTP server of hddsDatanode listening at http://0.0.0.0:37279
2020-07-02 11:36:28,533 [Listener at 127.0.0.1/42581] INFO  impl.MetricsSystemImpl (MetricsSystemImpl.java:init(158)) - HddsDatanode metrics system started (again)
2020-07-02 11:36:28,535 [Listener at 127.0.0.1/42581] INFO  ozone.HddsDatanodeService (HddsDatanodeService.java:start(197)) - HddsDatanodeService host:3270734acc2f ip:172.17.0.2
2020-07-02 11:36:28,536 [Listener at 127.0.0.1/42581] INFO  volume.HddsVolume (HddsVolume.java:<init>(176)) - Creating Volume: /github/workspace/mnt/ozone/hadoop-ozone/integration-test/target/test-dir/MiniOzoneClusterImpl-75337ffa-e5ae-4444-aee7-feba439eee52/datanode-2/data-0/containers/hdds of storage type : DISK and capacity : 9223372036854775807
2020-07-02 11:36:28,536 [Listener at 127.0.0.1/42581] INFO  volume.MutableVolumeSet (MutableVolumeSet.java:initializeVolumeSet(181)) - Added Volume : /github/workspace/mnt/ozone/hadoop-ozone/integration-test/target/test-dir/MiniOzoneClusterImpl-75337ffa-e5ae-4444-aee7-feba439eee52/datanode-2/data-0/containers/hdds to VolumeSet
2020-07-02 11:36:28,536 [Listener at 127.0.0.1/42581] INFO  volume.ThrottledAsyncChecker (ThrottledAsyncChecker.java:schedule(141)) - Scheduling a check for /github/workspace/mnt/ozone/hadoop-ozone/integration-test/target/test-dir/MiniOzoneClusterImpl-75337ffa-e5ae-4444-aee7-feba439eee52/datanode-2/data-0/containers/hdds
2020-07-02 11:36:28,539 [Listener at 127.0.0.1/42581] INFO  volume.HddsVolumeChecker (HddsVolumeChecker.java:checkAllVolumes(200)) - Scheduled health check for volume /github/workspace/mnt/ozone/hadoop-ozone/integration-test/target/test-dir/MiniOzoneClusterImpl-75337ffa-e5ae-4444-aee7-feba439eee52/datanode-2/data-0/containers/hdds
2020-07-02 11:36:28,557 [org.apache.hadoop.util.JvmPauseMonitor$Monitor@1449d8ff] INFO  util.JvmPauseMonitor (JvmPauseMonitor.java:run(188)) - Starting JVM pause monitor
2020-07-02 11:36:28,561 [Datanode State Machine Thread - 0] INFO  datanode.InitDatanodeState (InitDatanodeState.java:persistContainerDatanodeDetails(145)) - DatanodeDetails is persisted to /github/workspace/mnt/ozone/hadoop-ozone/integration-test/target/test-dir/MiniOzoneClusterImpl-75337ffa-e5ae-4444-aee7-feba439eee52/datanode-1/meta/datanode.id
2020-07-02 11:36:28,564 [Listener at 127.0.0.1/42581] INFO  impl.RaftServerProxy (ConfUtils.java:logGet(44)) - raft.rpc.type = GRPC (default)
2020-07-02 11:36:28,564 [Listener at 127.0.0.1/42581] INFO  grpc.GrpcFactory (GrpcFactory.java:checkPooledByteBufAllocatorUseCacheForAllThreads(45)) - PERFORMANCE WARNING: useCacheForAllThreads is true that may cause Netty to create a lot garbage objects and, as a result, trigger GC.
	It is recommended to disable useCacheForAllThreads by setting -Dorg.apache.ratis.thirdparty.io.netty.allocator.useCacheForAllThreads=false in command line.
2020-07-02 11:36:28,564 [Listener at 127.0.0.1/42581] INFO  grpc.GrpcConfigKeys (ConfUtils.java:logGet(44)) - raft.grpc.server.port = 0 (default)
2020-07-02 11:36:28,564 [Listener at 127.0.0.1/42581] INFO  server.GrpcService (ConfUtils.java:logGet(44)) - raft.grpc.message.size.max = 32MB (=33554432) (custom)
2020-07-02 11:36:28,565 [Listener at 127.0.0.1/42581] INFO  server.RaftServerConfigKeys (ConfUtils.java:logGet(44)) - raft.server.log.appender.buffer.byte-limit = 33554432 (custom)
2020-07-02 11:36:28,565 [Listener at 127.0.0.1/42581] INFO  server.GrpcService (ConfUtils.java:logGet(44)) - raft.grpc.flow.control.window = 5MB (=5242880) (custom)
2020-07-02 11:36:28,565 [Listener at 127.0.0.1/42581] INFO  server.RaftServerConfigKeys (ConfUtils.java:logGet(44)) - raft.server.rpc.request.timeout = 3000ms (default)
2020-07-02 11:36:28,566 [Listener at 127.0.0.1/42581] INFO  server.RaftServerConfigKeys (ConfUtils.java:logGet(44)) - raft.server.storage.dir = [/github/workspace/mnt/ozone/hadoop-ozone/integration-test/target/test-dir/MiniOzoneClusterImpl-75337ffa-e5ae-4444-aee7-feba439eee52/datanode-2/data/ratis] (custom)
2020-07-02 11:36:28,570 [Listener at 127.0.0.1/42581] INFO  http.BaseHttpServer (BaseHttpServer.java:newHttpServer2BuilderForOzone(207)) - Starting Web-server for hddsDatanode at: http://0.0.0.0:0
2020-07-02 11:36:28,571 [Listener at 127.0.0.1/42581] INFO  http.BaseHttpServer (BaseHttpServer.java:<init>(106)) - Hadoop Security Enabled: false Ozone Security Enabled: false Ozone HTTP Security Enabled: false 
2020-07-02 11:36:28,572 [Listener at 127.0.0.1/42581] INFO  server.AuthenticationFilter (AuthenticationFilter.java:constructSecretProvider(240)) - Unable to initialize FileSignerSecretProvider, falling back to use random secrets.
2020-07-02 11:36:28,573 [Listener at 127.0.0.1/42581] WARN  http.HttpRequestLog (HttpRequestLog.java:getRequestLog(103)) - Jetty request log can only be enabled using Log4j
2020-07-02 11:36:28,573 [Listener at 127.0.0.1/42581] INFO  http.HttpServer2 (HttpServer2.java:addGlobalFilter(998)) - Added global filter 'safety' (class=org.apache.hadoop.hdds.server.http.HttpServer2$QuotingInputFilter)
2020-07-02 11:36:28,575 [Listener at 127.0.0.1/42581] INFO  http.HttpServer2 (HttpServer2.java:addFilter(974)) - Added filter static_user_filter (class=org.apache.hadoop.http.lib.StaticUserWebFilter$StaticUserFilter) to context hddsDatanode
2020-07-02 11:36:28,575 [Listener at 127.0.0.1/42581] INFO  http.HttpServer2 (HttpServer2.java:addFilter(982)) - Added filter static_user_filter (class=org.apache.hadoop.http.lib.StaticUserWebFilter$StaticUserFilter) to context logs
2020-07-02 11:36:28,575 [Listener at 127.0.0.1/42581] INFO  http.HttpServer2 (HttpServer2.java:addFilter(982)) - Added filter static_user_filter (class=org.apache.hadoop.http.lib.StaticUserWebFilter$StaticUserFilter) to context static
2020-07-02 11:36:28,576 [Listener at 127.0.0.1/42581] INFO  http.HttpServer2 (HttpServer2.java:bindListener(1216)) - Jetty bound to port 35541
2020-07-02 11:36:28,576 [Listener at 127.0.0.1/42581] INFO  server.Server (Server.java:doStart(359)) - jetty-9.4.26.v20200117; built: 2020-01-17T12:35:33.676Z; git: 7b38981d25d14afb4a12ff1f2596756144edf695; jvm 1.8.0_232-b09
2020-07-02 11:36:28,579 [Listener at 127.0.0.1/42581] INFO  server.session (DefaultSessionIdManager.java:doStart(333)) - DefaultSessionIdManager workerName=node0
2020-07-02 11:36:28,579 [Listener at 127.0.0.1/42581] INFO  server.session (DefaultSessionIdManager.java:doStart(338)) - No SessionScavenger set, using defaults
2020-07-02 11:36:28,579 [Listener at 127.0.0.1/42581] INFO  server.session (HouseKeeper.java:startScavenging(140)) - node0 Scavenging every 600000ms
2020-07-02 11:36:28,580 [Listener at 127.0.0.1/42581] INFO  handler.ContextHandler (ContextHandler.java:doStart(825)) - Started o.e.j.s.ServletContextHandler@7fec6c2f{logs,/logs,file:///github/workspace/mnt/ozone/hadoop-ozone/integration-test/target/log,AVAILABLE}
2020-07-02 11:36:28,581 [Listener at 127.0.0.1/42581] INFO  handler.ContextHandler (ContextHandler.java:doStart(825)) - Started o.e.j.s.ServletContextHandler@36109a76{static,/static,jar:file:/home/user/.m2/repository/org/apache/hadoop/hadoop-hdds-container-service/0.6.0-SNAPSHOT/hadoop-hdds-container-service-0.6.0-SNAPSHOT.jar!/webapps/static,AVAILABLE}
2020-07-02 11:36:28,598 [Listener at 127.0.0.1/42581] INFO  handler.ContextHandler (ContextHandler.java:doStart(825)) - Started o.e.j.w.WebAppContext@1c00a9f0{hddsDatanode,/,file:///tmp/jetty-0_0_0_0-35541-hadoop-hdds-container-service-0_6_0-SNAPSHOT_jar-_-any-2689317101261595336.dir/webapp/,AVAILABLE}{jar:file:/home/user/.m2/repository/org/apache/hadoop/hadoop-hdds-container-service/0.6.0-SNAPSHOT/hadoop-hdds-container-service-0.6.0-SNAPSHOT.jar!/webapps/hddsDatanode}
2020-07-02 11:36:28,600 [Listener at 127.0.0.1/42581] INFO  server.AbstractConnector (AbstractConnector.java:doStart(330)) - Started ServerConnector@593d0173{HTTP/1.1,[http/1.1]}{0.0.0.0:35541}
2020-07-02 11:36:28,600 [Listener at 127.0.0.1/42581] INFO  server.Server (Server.java:doStart(399)) - Started @4375ms
2020-07-02 11:36:28,600 [Listener at 127.0.0.1/42581] WARN  impl.MetricsSystemImpl (MetricsSystemImpl.java:register(276)) - Sink prometheus already exists!
2020-07-02 11:36:28,608 [Listener at 127.0.0.1/42581] INFO  http.BaseHttpServer (BaseHttpServer.java:updateConnectorAddress(327)) - HTTP server of hddsDatanode listening at http://0.0.0.0:35541
2020-07-02 11:36:28,609 [Listener at 127.0.0.1/42581] INFO  ozone.MiniOzoneClusterImpl (MiniOzoneClusterImpl.java:lambda$waitForClusterToBeReady$0(177)) - Waiting for nodes to be ready. Got 0 of 3 DN Heartbeats.
2020-07-02 11:36:28,609 [Listener at 127.0.0.1/42581] INFO  ozone.MiniOzoneClusterImpl (MiniOzoneClusterImpl.java:lambda$waitForClusterToBeReady$0(180)) - Waiting for cluster to exit safe mode
2020-07-02 11:36:28,618 [org.apache.hadoop.util.JvmPauseMonitor$Monitor@7a8e60ac] INFO  util.JvmPauseMonitor (JvmPauseMonitor.java:run(188)) - Starting JVM pause monitor
2020-07-02 11:36:28,620 [Datanode State Machine Thread - 0] INFO  datanode.InitDatanodeState (InitDatanodeState.java:persistContainerDatanodeDetails(145)) - DatanodeDetails is persisted to /github/workspace/mnt/ozone/hadoop-ozone/integration-test/target/test-dir/MiniOzoneClusterImpl-75337ffa-e5ae-4444-aee7-feba439eee52/datanode-2/meta/datanode.id
2020-07-02 11:36:29,609 [Listener at 127.0.0.1/42581] INFO  ozone.MiniOzoneClusterImpl (MiniOzoneClusterImpl.java:lambda$waitForClusterToBeReady$0(177)) - Waiting for nodes to be ready. Got 0 of 3 DN Heartbeats.
2020-07-02 11:36:29,610 [Listener at 127.0.0.1/42581] INFO  ozone.MiniOzoneClusterImpl (MiniOzoneClusterImpl.java:lambda$waitForClusterToBeReady$0(180)) - Waiting for cluster to exit safe mode
2020-07-02 11:36:30,476 [Datanode State Machine Thread - 0] INFO  ozoneimpl.OzoneContainer (OzoneContainer.java:start(232)) - Attempting to start container services.
2020-07-02 11:36:30,477 [Datanode State Machine Thread - 0] INFO  ozoneimpl.OzoneContainer (OzoneContainer.java:startContainerScrub(196)) - Background container scanner has been disabled.
2020-07-02 11:36:30,477 [Datanode State Machine Thread - 0] INFO  ratis.XceiverServerRatis (XceiverServerRatis.java:start(425)) - Starting XceiverServerRatis 465ce252-5e74-4490-a1ab-d191d59bd013 at port 0
2020-07-02 11:36:30,486 [Datanode State Machine Thread - 0] INFO  impl.RaftServerProxy (RaftServerProxy.java:lambda$start$3(304)) - 465ce252-5e74-4490-a1ab-d191d59bd013: start RPC server
2020-07-02 11:36:30,531 [Datanode State Machine Thread - 0] INFO  server.GrpcService (GrpcService.java:startImpl(160)) - 465ce252-5e74-4490-a1ab-d191d59bd013: GrpcService started, listening on 0.0.0.0/0.0.0.0:41139
2020-07-02 11:36:30,531 [Datanode State Machine Thread - 0] INFO  ratis.XceiverServerRatis (XceiverServerRatis.java:start(437)) - XceiverServerRatis 465ce252-5e74-4490-a1ab-d191d59bd013 is started using port 41139
2020-07-02 11:36:30,535 [Datanode State Machine Thread - 0] INFO  server.XceiverServerGrpc (XceiverServerGrpc.java:start(145)) - XceiverServerGrpc 465ce252-5e74-4490-a1ab-d191d59bd013 is started using port 36069
2020-07-02 11:36:30,559 [Datanode State Machine Thread - 0] INFO  ozoneimpl.OzoneContainer (OzoneContainer.java:start(232)) - Attempting to start container services.
2020-07-02 11:36:30,561 [Datanode State Machine Thread - 0] INFO  ozoneimpl.OzoneContainer (OzoneContainer.java:startContainerScrub(196)) - Background container scanner has been disabled.
2020-07-02 11:36:30,562 [Datanode State Machine Thread - 0] INFO  ratis.XceiverServerRatis (XceiverServerRatis.java:start(425)) - Starting XceiverServerRatis a92ba2f7-30fd-4550-80b5-20afa3a51854 at port 0
2020-07-02 11:36:30,563 [Datanode State Machine Thread - 0] INFO  impl.RaftServerProxy (RaftServerProxy.java:lambda$start$3(304)) - a92ba2f7-30fd-4550-80b5-20afa3a51854: start RPC server
2020-07-02 11:36:30,566 [Datanode State Machine Thread - 0] INFO  server.GrpcService (GrpcService.java:startImpl(160)) - a92ba2f7-30fd-4550-80b5-20afa3a51854: GrpcService started, listening on 0.0.0.0/0.0.0.0:36819
2020-07-02 11:36:30,566 [Datanode State Machine Thread - 0] INFO  ratis.XceiverServerRatis (XceiverServerRatis.java:start(437)) - XceiverServerRatis a92ba2f7-30fd-4550-80b5-20afa3a51854 is started using port 36819
2020-07-02 11:36:30,567 [Datanode State Machine Thread - 0] INFO  server.XceiverServerGrpc (XceiverServerGrpc.java:start(145)) - XceiverServerGrpc a92ba2f7-30fd-4550-80b5-20afa3a51854 is started using port 34867
2020-07-02 11:36:30,610 [Listener at 127.0.0.1/42581] INFO  ozone.MiniOzoneClusterImpl (MiniOzoneClusterImpl.java:lambda$waitForClusterToBeReady$0(177)) - Waiting for nodes to be ready. Got 0 of 3 DN Heartbeats.
2020-07-02 11:36:30,610 [Listener at 127.0.0.1/42581] INFO  ozone.MiniOzoneClusterImpl (MiniOzoneClusterImpl.java:lambda$waitForClusterToBeReady$0(180)) - Waiting for cluster to exit safe mode
2020-07-02 11:36:30,621 [Datanode State Machine Thread - 0] INFO  ozoneimpl.OzoneContainer (OzoneContainer.java:start(232)) - Attempting to start container services.
2020-07-02 11:36:30,621 [Datanode State Machine Thread - 0] INFO  ozoneimpl.OzoneContainer (OzoneContainer.java:startContainerScrub(196)) - Background container scanner has been disabled.
2020-07-02 11:36:30,621 [Datanode State Machine Thread - 0] INFO  ratis.XceiverServerRatis (XceiverServerRatis.java:start(425)) - Starting XceiverServerRatis e13728cf-3c64-4852-8495-4d0cb3079bb1 at port 0
2020-07-02 11:36:30,623 [Datanode State Machine Thread - 0] INFO  impl.RaftServerProxy (RaftServerProxy.java:lambda$start$3(304)) - e13728cf-3c64-4852-8495-4d0cb3079bb1: start RPC server
2020-07-02 11:36:30,629 [Datanode State Machine Thread - 0] INFO  server.GrpcService (GrpcService.java:startImpl(160)) - e13728cf-3c64-4852-8495-4d0cb3079bb1: GrpcService started, listening on 0.0.0.0/0.0.0.0:33779
2020-07-02 11:36:30,629 [Datanode State Machine Thread - 0] INFO  ratis.XceiverServerRatis (XceiverServerRatis.java:start(437)) - XceiverServerRatis e13728cf-3c64-4852-8495-4d0cb3079bb1 is started using port 33779
2020-07-02 11:36:30,630 [Datanode State Machine Thread - 0] INFO  server.XceiverServerGrpc (XceiverServerGrpc.java:start(145)) - XceiverServerGrpc e13728cf-3c64-4852-8495-4d0cb3079bb1 is started using port 36487
2020-07-02 11:36:31,610 [Listener at 127.0.0.1/42581] INFO  ozone.MiniOzoneClusterImpl (MiniOzoneClusterImpl.java:lambda$waitForClusterToBeReady$0(177)) - Waiting for nodes to be ready. Got 0 of 3 DN Heartbeats.
2020-07-02 11:36:31,611 [Listener at 127.0.0.1/42581] INFO  ozone.MiniOzoneClusterImpl (MiniOzoneClusterImpl.java:lambda$waitForClusterToBeReady$0(180)) - Waiting for cluster to exit safe mode
2020-07-02 11:36:32,433 [IPC Server handler 0 on default port 46387] INFO  net.NetworkTopology (NetworkTopologyImpl.java:add(111)) - Added a new node: /default-rack/465ce252-5e74-4490-a1ab-d191d59bd013
2020-07-02 11:36:32,433 [IPC Server handler 0 on default port 46387] INFO  node.SCMNodeManager (SCMNodeManager.java:register(268)) - Registered Data node : 465ce252-5e74-4490-a1ab-d191d59bd013{ip: 172.17.0.2, host: 3270734acc2f, networkLocation: /default-rack, certSerialId: null}
2020-07-02 11:36:32,438 [EventQueue-NodeRegistrationContainerReportForContainerSafeModeRule] INFO  safemode.SCMSafeModeManager (SCMSafeModeManager.java:validateSafeModeExitRules(214)) - ContainerSafeModeRule rule is successfully validated
2020-07-02 11:36:32,438 [EventQueue-NodeRegistrationContainerReportForDataNodeSafeModeRule] INFO  safemode.SCMSafeModeManager (DataNodeSafeModeRule.java:process(71)) - SCM in safe mode. 1 DataNodes registered, 1 required.
2020-07-02 11:36:32,438 [EventQueue-NodeRegistrationContainerReportForDataNodeSafeModeRule] INFO  safemode.SCMSafeModeManager (SCMSafeModeManager.java:validateSafeModeExitRules(214)) - DataNodeSafeModeRule rule is successfully validated
2020-07-02 11:36:32,438 [EventQueue-NodeRegistrationContainerReportForDataNodeSafeModeRule] INFO  safemode.SCMSafeModeManager (SCMSafeModeManager.java:completePreCheck(242)) - All SCM safe mode pre check rules have passed
2020-07-02 11:36:32,449 [RatisPipelineUtilsThread] INFO  pipeline.RatisPipelineProvider (RatisPipelineProvider.java:lambda$create$0(138)) - Sending CreatePipelineCommand for pipeline:PipelineID=02d0d0fb-5860-42a2-b6b6-4bbd7b5f44ad to datanode:465ce252-5e74-4490-a1ab-d191d59bd013
2020-07-02 11:36:32,458 [RatisPipelineUtilsThread] INFO  pipeline.PipelineStateManager (PipelineStateManager.java:addPipeline(54)) - Created pipeline Pipeline[ Id: 02d0d0fb-5860-42a2-b6b6-4bbd7b5f44ad, Nodes: 465ce252-5e74-4490-a1ab-d191d59bd013{ip: 172.17.0.2, host: 3270734acc2f, networkLocation: /default-rack, certSerialId: null}, Type:RATIS, Factor:ONE, State:ALLOCATED, leaderId:, CreationTimestamp2020-07-02T11:36:32.446Z]
2020-07-02 11:36:32,460 [RatisPipelineUtilsThread] ERROR pipeline.SCMPipelineManager (SCMPipelineManager.java:createPipeline(222)) - Failed to create pipeline of type RATIS and factor ONE. Exception: Cannot create pipeline of factor 1 using 0 nodes. Used 1 nodes. Healthy nodes 1
2020-07-02 11:36:32,461 [RatisPipelineUtilsThread] WARN  pipeline.PipelinePlacementPolicy (PipelinePlacementPolicy.java:filterViableNodes(133)) - Pipeline creation failed due to no sufficient healthy datanodes. Required 3. Found 1.
2020-07-02 11:36:32,461 [RatisPipelineUtilsThread] ERROR pipeline.SCMPipelineManager (SCMPipelineManager.java:createPipeline(222)) - Failed to create pipeline of type RATIS and factor THREE. Exception: Pipeline creation failed due to no sufficient healthy datanodes. Required 3. Found 1.
2020-07-02 11:36:32,558 [IPC Server handler 1 on default port 46387] INFO  net.NetworkTopology (NetworkTopologyImpl.java:add(111)) - Added a new node: /default-rack/a92ba2f7-30fd-4550-80b5-20afa3a51854
2020-07-02 11:36:32,558 [IPC Server handler 1 on default port 46387] INFO  node.SCMNodeManager (SCMNodeManager.java:register(268)) - Registered Data node : a92ba2f7-30fd-4550-80b5-20afa3a51854{ip: 172.17.0.2, host: 3270734acc2f, networkLocation: /default-rack, certSerialId: null}
2020-07-02 11:36:32,558 [EventQueue-NodeRegistrationContainerReportForContainerSafeModeRule] INFO  safemode.SCMSafeModeManager (SCMSafeModeManager.java:validateSafeModeExitRules(214)) - ContainerSafeModeRule rule is successfully validated
2020-07-02 11:36:32,559 [EventQueue-NodeRegistrationContainerReportForDataNodeSafeModeRule] INFO  safemode.SCMSafeModeManager (SCMSafeModeManager.java:validateSafeModeExitRules(214)) - DataNodeSafeModeRule rule is successfully validated
2020-07-02 11:36:32,559 [RatisPipelineUtilsThread] INFO  pipeline.RatisPipelineProvider (RatisPipelineProvider.java:lambda$create$0(138)) - Sending CreatePipelineCommand for pipeline:PipelineID=37037ad9-3efd-438f-93f8-d6349ec58c61 to datanode:a92ba2f7-30fd-4550-80b5-20afa3a51854
2020-07-02 11:36:32,560 [RatisPipelineUtilsThread] INFO  pipeline.PipelineStateManager (PipelineStateManager.java:addPipeline(54)) - Created pipeline Pipeline[ Id: 37037ad9-3efd-438f-93f8-d6349ec58c61, Nodes: a92ba2f7-30fd-4550-80b5-20afa3a51854{ip: 172.17.0.2, host: 3270734acc2f, networkLocation: /default-rack, certSerialId: null}, Type:RATIS, Factor:ONE, State:ALLOCATED, leaderId:, CreationTimestamp2020-07-02T11:36:32.559Z]
2020-07-02 11:36:32,560 [RatisPipelineUtilsThread] ERROR pipeline.SCMPipelineManager (SCMPipelineManager.java:createPipeline(222)) - Failed to create pipeline of type RATIS and factor ONE. Exception: Cannot create pipeline of factor 1 using 0 nodes. Used 2 nodes. Healthy nodes 2
2020-07-02 11:36:32,561 [RatisPipelineUtilsThread] WARN  pipeline.PipelinePlacementPolicy (PipelinePlacementPolicy.java:filterViableNodes(133)) - Pipeline creation failed due to no sufficient healthy datanodes. Required 3. Found 2.
2020-07-02 11:36:32,561 [RatisPipelineUtilsThread] ERROR pipeline.SCMPipelineManager (SCMPipelineManager.java:createPipeline(222)) - Failed to create pipeline of type RATIS and factor THREE. Exception: Pipeline creation failed due to no sufficient healthy datanodes. Required 3. Found 2.
2020-07-02 11:36:32,611 [Listener at 127.0.0.1/42581] INFO  ozone.MiniOzoneClusterImpl (MiniOzoneClusterImpl.java:lambda$waitForClusterToBeReady$0(177)) - Waiting for nodes to be ready. Got 2 of 3 DN Heartbeats.
2020-07-02 11:36:32,611 [Listener at 127.0.0.1/42581] INFO  ozone.MiniOzoneClusterImpl (MiniOzoneClusterImpl.java:lambda$waitForClusterToBeReady$0(180)) - Waiting for cluster to exit safe mode
2020-07-02 11:36:32,620 [IPC Server handler 2 on default port 46387] INFO  net.NetworkTopology (NetworkTopologyImpl.java:add(111)) - Added a new node: /default-rack/e13728cf-3c64-4852-8495-4d0cb3079bb1
2020-07-02 11:36:32,620 [IPC Server handler 2 on default port 46387] INFO  node.SCMNodeManager (SCMNodeManager.java:register(268)) - Registered Data node : e13728cf-3c64-4852-8495-4d0cb3079bb1{ip: 172.17.0.2, host: 3270734acc2f, networkLocation: /default-rack, certSerialId: null}
2020-07-02 11:36:32,620 [EventQueue-NodeRegistrationContainerReportForContainerSafeModeRule] INFO  safemode.SCMSafeModeManager (SCMSafeModeManager.java:validateSafeModeExitRules(214)) - ContainerSafeModeRule rule is successfully validated
2020-07-02 11:36:32,620 [EventQueue-NodeRegistrationContainerReportForDataNodeSafeModeRule] INFO  safemode.SCMSafeModeManager (SCMSafeModeManager.java:validateSafeModeExitRules(214)) - DataNodeSafeModeRule rule is successfully validated
2020-07-02 11:36:32,620 [RatisPipelineUtilsThread] INFO  pipeline.RatisPipelineProvider (RatisPipelineProvider.java:lambda$create$0(138)) - Sending CreatePipelineCommand for pipeline:PipelineID=844fa6f1-e8cb-4878-9dad-e91674390f0d to datanode:e13728cf-3c64-4852-8495-4d0cb3079bb1
2020-07-02 11:36:32,621 [RatisPipelineUtilsThread] INFO  pipeline.PipelineStateManager (PipelineStateManager.java:addPipeline(54)) - Created pipeline Pipeline[ Id: 844fa6f1-e8cb-4878-9dad-e91674390f0d, Nodes: e13728cf-3c64-4852-8495-4d0cb3079bb1{ip: 172.17.0.2, host: 3270734acc2f, networkLocation: /default-rack, certSerialId: null}, Type:RATIS, Factor:ONE, State:ALLOCATED, leaderId:, CreationTimestamp2020-07-02T11:36:32.620Z]
2020-07-02 11:36:32,621 [RatisPipelineUtilsThread] ERROR pipeline.SCMPipelineManager (SCMPipelineManager.java:createPipeline(222)) - Failed to create pipeline of type RATIS and factor ONE. Exception: Cannot create pipeline of factor 1 using 0 nodes. Used 3 nodes. Healthy nodes 3
2020-07-02 11:36:32,624 [RatisPipelineUtilsThread] INFO  pipeline.RatisPipelineProvider (RatisPipelineProvider.java:lambda$create$0(138)) - Sending CreatePipelineCommand for pipeline:PipelineID=686dbde0-1258-4abc-8882-7f7869dc5146 to datanode:e13728cf-3c64-4852-8495-4d0cb3079bb1
2020-07-02 11:36:32,624 [RatisPipelineUtilsThread] INFO  pipeline.RatisPipelineProvider (RatisPipelineProvider.java:lambda$create$0(138)) - Sending CreatePipelineCommand for pipeline:PipelineID=686dbde0-1258-4abc-8882-7f7869dc5146 to datanode:465ce252-5e74-4490-a1ab-d191d59bd013
2020-07-02 11:36:32,624 [RatisPipelineUtilsThread] INFO  pipeline.RatisPipelineProvider (RatisPipelineProvider.java:lambda$create$0(138)) - Sending CreatePipelineCommand for pipeline:PipelineID=686dbde0-1258-4abc-8882-7f7869dc5146 to datanode:a92ba2f7-30fd-4550-80b5-20afa3a51854
2020-07-02 11:36:32,625 [RatisPipelineUtilsThread] INFO  pipeline.PipelineStateManager (PipelineStateManager.java:addPipeline(54)) - Created pipeline Pipeline[ Id: 686dbde0-1258-4abc-8882-7f7869dc5146, Nodes: e13728cf-3c64-4852-8495-4d0cb3079bb1{ip: 172.17.0.2, host: 3270734acc2f, networkLocation: /default-rack, certSerialId: null}465ce252-5e74-4490-a1ab-d191d59bd013{ip: 172.17.0.2, host: 3270734acc2f, networkLocation: /default-rack, certSerialId: null}a92ba2f7-30fd-4550-80b5-20afa3a51854{ip: 172.17.0.2, host: 3270734acc2f, networkLocation: /default-rack, certSerialId: null}, Type:RATIS, Factor:THREE, State:ALLOCATED, leaderId:, CreationTimestamp2020-07-02T11:36:32.624Z]
2020-07-02 11:36:32,625 [RatisPipelineUtilsThread] ERROR pipeline.SCMPipelineManager (SCMPipelineManager.java:createPipeline(222)) - Failed to create pipeline of type RATIS and factor THREE. Exception: Pipeline creation failed because nodes are engaged in other pipelines and every node can only be engaged in max 2 pipelines. Required 3. Found 0
2020-07-02 11:36:33,611 [Listener at 127.0.0.1/42581] INFO  ozone.MiniOzoneClusterImpl (MiniOzoneClusterImpl.java:lambda$waitForClusterToBeReady$0(177)) - Nodes are ready. Got 3 of 3 DN Heartbeats.
2020-07-02 11:36:33,612 [Listener at 127.0.0.1/42581] INFO  ozone.MiniOzoneClusterImpl (MiniOzoneClusterImpl.java:lambda$waitForClusterToBeReady$0(180)) - Waiting for cluster to exit safe mode
2020-07-02 11:36:34,612 [Listener at 127.0.0.1/42581] INFO  ozone.MiniOzoneClusterImpl (MiniOzoneClusterImpl.java:lambda$waitForClusterToBeReady$0(177)) - Nodes are ready. Got 3 of 3 DN Heartbeats.
2020-07-02 11:36:34,612 [Listener at 127.0.0.1/42581] INFO  ozone.MiniOzoneClusterImpl (MiniOzoneClusterImpl.java:lambda$waitForClusterToBeReady$0(180)) - Waiting for cluster to exit safe mode
2020-07-02 11:36:35,430 [Command processor thread] INFO  impl.RaftServerProxy (RaftServerProxy.java:addNew(89)) - 465ce252-5e74-4490-a1ab-d191d59bd013: addNew group-4BBD7B5F44AD:[465ce252-5e74-4490-a1ab-d191d59bd013:172.17.0.2:41139] returns group-4BBD7B5F44AD:java.util.concurrent.CompletableFuture@278fe51e[Not completed]
2020-07-02 11:36:35,449 [pool-33-thread-1] INFO  impl.RaftServerImpl (RaftServerImpl.java:<init>(99)) - 465ce252-5e74-4490-a1ab-d191d59bd013: new RaftServerImpl for group-4BBD7B5F44AD:[465ce252-5e74-4490-a1ab-d191d59bd013:172.17.0.2:41139] with ContainerStateMachine:uninitialized
2020-07-02 11:36:35,450 [pool-33-thread-1] INFO  server.RaftServerConfigKeys (ConfUtils.java:logGet(44)) - raft.server.rpc.timeout.min = 5s (custom)
2020-07-02 11:36:35,450 [pool-33-thread-1] INFO  server.RaftServerConfigKeys (ConfUtils.java:logGet(44)) - raft.server.rpc.timeout.max = 5200ms (custom)
2020-07-02 11:36:35,451 [pool-33-thread-1] INFO  server.RaftServerConfigKeys (ConfUtils.java:logGet(44)) - raft.server.rpcslowness.timeout = 1000000ms (custom)
2020-07-02 11:36:35,451 [pool-33-thread-1] INFO  server.RaftServerConfigKeys (ConfUtils.java:logGet(44)) - raft.server.sleep.deviation.threshold = 300 (default)
2020-07-02 11:36:35,452 [pool-33-thread-1] INFO  server.RaftServerConfigKeys (ConfUtils.java:logGet(44)) - raft.server.log.appender.install.snapshot.enabled = false (custom)
2020-07-02 11:36:35,456 [pool-33-thread-1] INFO  impl.RaftServerImpl (ServerState.java:<init>(103)) - 465ce252-5e74-4490-a1ab-d191d59bd013@group-4BBD7B5F44AD: ConfigurationManager, init=-1: [465ce252-5e74-4490-a1ab-d191d59bd013:172.17.0.2:41139], old=null, confs=<EMPTY_MAP>
2020-07-02 11:36:35,457 [pool-33-thread-1] INFO  server.RaftServerConfigKeys (ConfUtils.java:logGet(44)) - raft.server.storage.dir = [/github/workspace/mnt/ozone/hadoop-ozone/integration-test/target/test-dir/MiniOzoneClusterImpl-75337ffa-e5ae-4444-aee7-feba439eee52/datanode-0/data/ratis] (custom)
2020-07-02 11:36:35,461 [pool-33-thread-1] INFO  server.RaftServerConfigKeys (ConfUtils.java:logGet(44)) - raft.server.log.corruption.policy = EXCEPTION (default)
2020-07-02 11:36:35,462 [pool-33-thread-1] INFO  storage.RaftStorageDirectory (RaftStorageDirectory.java:analyzeStorage(261)) - The storage directory /github/workspace/mnt/ozone/hadoop-ozone/integration-test/target/test-dir/MiniOzoneClusterImpl-75337ffa-e5ae-4444-aee7-feba439eee52/datanode-0/data/ratis/02d0d0fb-5860-42a2-b6b6-4bbd7b5f44ad does not exist. Creating ...
2020-07-02 11:36:35,466 [pool-33-thread-1] INFO  storage.RaftStorageDirectory (RaftStorageDirectory.java:tryLock(343)) - Lock on /github/workspace/mnt/ozone/hadoop-ozone/integration-test/target/test-dir/MiniOzoneClusterImpl-75337ffa-e5ae-4444-aee7-feba439eee52/datanode-0/data/ratis/02d0d0fb-5860-42a2-b6b6-4bbd7b5f44ad/in_use.lock acquired by nodename 37875@3270734acc2f
2020-07-02 11:36:35,469 [pool-33-thread-1] INFO  storage.RaftStorage (RaftStorage.java:format(84)) - Storage directory /github/workspace/mnt/ozone/hadoop-ozone/integration-test/target/test-dir/MiniOzoneClusterImpl-75337ffa-e5ae-4444-aee7-feba439eee52/datanode-0/data/ratis/02d0d0fb-5860-42a2-b6b6-4bbd7b5f44ad has been successfully formatted.
2020-07-02 11:36:35,472 [pool-33-thread-1] INFO  ratis.ContainerStateMachine (ContainerStateMachine.java:loadSnapshot(225)) - group-4BBD7B5F44AD: The snapshot info is null. Setting the last applied indexto:(t:0, i:~)
2020-07-02 11:36:35,473 [pool-33-thread-1] INFO  server.RaftServerConfigKeys (ConfUtils.java:logGet(44)) - raft.server.notification.no-leader.timeout = 60s (default)
2020-07-02 11:36:35,474 [EventQueue-PipelineReportForPipelineReportHandler] INFO  pipeline.PipelineStateManager (PipelineStateManager.java:openPipeline(131)) - Pipeline Pipeline[ Id: 02d0d0fb-5860-42a2-b6b6-4bbd7b5f44ad, Nodes: 465ce252-5e74-4490-a1ab-d191d59bd013{ip: 172.17.0.2, host: 3270734acc2f, networkLocation: /default-rack, certSerialId: null}, Type:RATIS, Factor:ONE, State:ALLOCATED, leaderId:465ce252-5e74-4490-a1ab-d191d59bd013, CreationTimestamp2020-07-02T11:36:32.446Z] moved to OPEN state
2020-07-02 11:36:35,477 [EventQueue-OpenPipelineForOneReplicaPipelineSafeModeRule] INFO  safemode.SCMSafeModeManager (SCMSafeModeManager.java:validateSafeModeExitRules(214)) - AtleastOneDatanodeReportedRule rule is successfully validated
2020-07-02 11:36:35,478 [pool-33-thread-1] INFO  server.RaftServerConfigKeys (ConfUtils.java:logGet(44)) - raft.server.log.use.memory = false (default)
2020-07-02 11:36:35,479 [EventQueue-OpenPipelineForHealthyPipelineSafeModeRule] INFO  safemode.SCMSafeModeManager (HealthyPipelineSafeModeRule.java:process(129)) - SCM in safe mode. Healthy pipelines reported count is 0, required healthy pipeline reported count is 1
2020-07-02 11:36:35,487 [pool-33-thread-1] INFO  server.RaftServerConfigKeys (ConfUtils.java:logGet(44)) - raft.server.log.purge.gap = 1000000 (custom)
2020-07-02 11:36:35,487 [pool-33-thread-1] INFO  server.RaftServerConfigKeys (ConfUtils.java:logGet(44)) - raft.server.log.appender.buffer.byte-limit = 33554432 (custom)
2020-07-02 11:36:35,489 [pool-33-thread-1] INFO  server.RaftServerConfigKeys (ConfUtils.java:logGet(44)) - raft.server.log.segment.size.max = 1048576 (custom)
2020-07-02 11:36:35,492 [pool-33-thread-1] INFO  metrics.RatisMetrics (RatisMetrics.java:lambda$create$0(36)) - Creating Metrics Registry : ratis.log_worker.465ce252-5e74-4490-a1ab-d191d59bd013@group-4BBD7B5F44AD
2020-07-02 11:36:35,506 [pool-33-thread-1] INFO  server.RaftServerConfigKeys (ConfUtils.java:logGet(44)) - raft.server.log.segment.cache.num.max = 2 (custom)
2020-07-02 11:36:35,512 [pool-33-thread-1] INFO  segmented.SegmentedRaftLogWorker (SegmentedRaftLogWorker.java:<init>(180)) - new 465ce252-5e74-4490-a1ab-d191d59bd013@group-4BBD7B5F44AD-SegmentedRaftLogWorker for RaftStorage:Storage Directory /github/workspace/mnt/ozone/hadoop-ozone/integration-test/target/test-dir/MiniOzoneClusterImpl-75337ffa-e5ae-4444-aee7-feba439eee52/datanode-0/data/ratis/02d0d0fb-5860-42a2-b6b6-4bbd7b5f44ad
2020-07-02 11:36:35,512 [pool-33-thread-1] INFO  server.RaftServerConfigKeys (ConfUtils.java:logGet(44)) - raft.server.log.queue.byte-limit = 2147483647 (custom)
2020-07-02 11:36:35,512 [pool-33-thread-1] INFO  server.RaftServerConfigKeys (ConfUtils.java:logGet(44)) - raft.server.log.queue.element-limit = 1024 (custom)
2020-07-02 11:36:35,513 [pool-33-thread-1] INFO  server.RaftServerConfigKeys (ConfUtils.java:logGet(44)) - raft.server.log.segment.size.max = 1048576 (custom)
2020-07-02 11:36:35,514 [pool-33-thread-1] INFO  server.RaftServerConfigKeys (ConfUtils.java:logGet(44)) - raft.server.log.preallocated.size = 16384 (custom)
2020-07-02 11:36:35,514 [pool-33-thread-1] INFO  server.RaftServerConfigKeys (ConfUtils.java:logGet(44)) - raft.server.log.write.buffer.size = 1048576 (custom)
2020-07-02 11:36:35,515 [pool-33-thread-1] INFO  server.RaftServerConfigKeys (ConfUtils.java:logGet(44)) - raft.server.log.force.sync.num = 128 (default)
2020-07-02 11:36:35,517 [pool-33-thread-1] INFO  server.RaftServerConfigKeys (ConfUtils.java:logGet(44)) - raft.server.log.statemachine.data.sync = true (default)
2020-07-02 11:36:35,519 [pool-33-thread-1] INFO  server.RaftServerConfigKeys (ConfUtils.java:logGet(44)) - raft.server.log.statemachine.data.sync.timeout = 10s (default)
2020-07-02 11:36:35,519 [pool-33-thread-1] INFO  server.RaftServerConfigKeys (ConfUtils.java:logGet(44)) - raft.server.log.statemachine.data.sync.timeout.retry = -1 (default)
2020-07-02 11:36:35,534 [pool-33-thread-1] INFO  server.RaftServerConfigKeys (ConfUtils.java:logGet(44)) - raft.server.log.statemachine.data.caching.enabled = true (custom)
2020-07-02 11:36:35,539 [pool-33-thread-1] INFO  segmented.SegmentedRaftLogWorker (SegmentedRaftLogWorker.java:lambda$new$0(129)) - 465ce252-5e74-4490-a1ab-d191d59bd013@group-4BBD7B5F44AD-SegmentedRaftLogWorker: flushIndex: setUnconditionally 0 -> -1
2020-07-02 11:36:35,539 [pool-33-thread-1] INFO  segmented.SegmentedRaftLogWorker (SegmentedRaftLogWorker.java:lambda$new$0(129)) - 465ce252-5e74-4490-a1ab-d191d59bd013@group-4BBD7B5F44AD-SegmentedRaftLogWorker: safeCacheEvictIndex: setUnconditionally 0 -> -1
2020-07-02 11:36:35,544 [pool-33-thread-1] INFO  server.RaftServerConfigKeys (ConfUtils.java:logGet(44)) - raft.server.snapshot.auto.trigger.enabled = true (custom)
2020-07-02 11:36:35,548 [pool-33-thread-1] INFO  server.RaftServerConfigKeys (ConfUtils.java:logGet(44)) - raft.server.snapshot.auto.trigger.threshold = 10000 (custom)
2020-07-02 11:36:35,548 [pool-33-thread-1] INFO  server.RaftServerConfigKeys (ConfUtils.java:logGet(44)) - raft.server.snapshot.retention.file.num = 5 (custom)
2020-07-02 11:36:35,549 [pool-33-thread-1] INFO  server.RaftServerConfigKeys (ConfUtils.java:logGet(44)) - raft.server.log.purge.upto.snapshot.index = false (default)
2020-07-02 11:36:35,550 [pool-33-thread-1] INFO  server.RaftServerConfigKeys (ConfUtils.java:logGet(44)) - raft.server.retrycache.expirytime = 600000ms (custom)
2020-07-02 11:36:35,569 [Command processor thread] INFO  impl.RaftServerProxy (RaftServerProxy.java:addNew(89)) - a92ba2f7-30fd-4550-80b5-20afa3a51854: addNew group-D6349EC58C61:[a92ba2f7-30fd-4550-80b5-20afa3a51854:172.17.0.2:36819] returns group-D6349EC58C61:java.util.concurrent.CompletableFuture@41a0c9e5[Not completed]
2020-07-02 11:36:35,589 [pool-48-thread-1] INFO  impl.RaftServerImpl (RaftServerImpl.java:<init>(99)) - a92ba2f7-30fd-4550-80b5-20afa3a51854: new RaftServerImpl for group-D6349EC58C61:[a92ba2f7-30fd-4550-80b5-20afa3a51854:172.17.0.2:36819] with ContainerStateMachine:uninitialized
2020-07-02 11:36:35,589 [pool-48-thread-1] INFO  server.RaftServerConfigKeys (ConfUtils.java:logGet(44)) - raft.server.rpc.timeout.min = 5s (custom)
2020-07-02 11:36:35,589 [pool-48-thread-1] INFO  server.RaftServerConfigKeys (ConfUtils.java:logGet(44)) - raft.server.rpc.timeout.max = 5200ms (custom)
2020-07-02 11:36:35,589 [pool-48-thread-1] INFO  server.RaftServerConfigKeys (ConfUtils.java:logGet(44)) - raft.server.rpcslowness.timeout = 1000000ms (custom)
2020-07-02 11:36:35,589 [pool-48-thread-1] INFO  server.RaftServerConfigKeys (ConfUtils.java:logGet(44)) - raft.server.sleep.deviation.threshold = 300 (default)
2020-07-02 11:36:35,589 [pool-48-thread-1] INFO  server.RaftServerConfigKeys (ConfUtils.java:logGet(44)) - raft.server.log.appender.install.snapshot.enabled = false (custom)
2020-07-02 11:36:35,589 [pool-48-thread-1] INFO  impl.RaftServerImpl (ServerState.java:<init>(103)) - a92ba2f7-30fd-4550-80b5-20afa3a51854@group-D6349EC58C61: ConfigurationManager, init=-1: [a92ba2f7-30fd-4550-80b5-20afa3a51854:172.17.0.2:36819], old=null, confs=<EMPTY_MAP>
2020-07-02 11:36:35,589 [pool-48-thread-1] INFO  server.RaftServerConfigKeys (ConfUtils.java:logGet(44)) - raft.server.storage.dir = [/github/workspace/mnt/ozone/hadoop-ozone/integration-test/target/test-dir/MiniOzoneClusterImpl-75337ffa-e5ae-4444-aee7-feba439eee52/datanode-1/data/ratis] (custom)
2020-07-02 11:36:35,590 [pool-48-thread-1] INFO  server.RaftServerConfigKeys (ConfUtils.java:logGet(44)) - raft.server.log.corruption.policy = EXCEPTION (default)
2020-07-02 11:36:35,590 [pool-48-thread-1] INFO  storage.RaftStorageDirectory (RaftStorageDirectory.java:analyzeStorage(261)) - The storage directory /github/workspace/mnt/ozone/hadoop-ozone/integration-test/target/test-dir/MiniOzoneClusterImpl-75337ffa-e5ae-4444-aee7-feba439eee52/datanode-1/data/ratis/37037ad9-3efd-438f-93f8-d6349ec58c61 does not exist. Creating ...
2020-07-02 11:36:35,598 [pool-48-thread-1] INFO  storage.RaftStorageDirectory (RaftStorageDirectory.java:tryLock(343)) - Lock on /github/workspace/mnt/ozone/hadoop-ozone/integration-test/target/test-dir/MiniOzoneClusterImpl-75337ffa-e5ae-4444-aee7-feba439eee52/datanode-1/data/ratis/37037ad9-3efd-438f-93f8-d6349ec58c61/in_use.lock acquired by nodename 37875@3270734acc2f
2020-07-02 11:36:35,599 [pool-33-thread-1] INFO  metrics.RatisMetrics (RatisMetrics.java:lambda$create$0(36)) - Creating Metrics Registry : ratis.leader_election.465ce252-5e74-4490-a1ab-d191d59bd013@group-4BBD7B5F44AD
2020-07-02 11:36:35,599 [pool-48-thread-1] INFO  storage.RaftStorage (RaftStorage.java:format(84)) - Storage directory /github/workspace/mnt/ozone/hadoop-ozone/integration-test/target/test-dir/MiniOzoneClusterImpl-75337ffa-e5ae-4444-aee7-feba439eee52/datanode-1/data/ratis/37037ad9-3efd-438f-93f8-d6349ec58c61 has been successfully formatted.
2020-07-02 11:36:35,600 [pool-48-thread-1] INFO  ratis.ContainerStateMachine (ContainerStateMachine.java:loadSnapshot(225)) - group-D6349EC58C61: The snapshot info is null. Setting the last applied indexto:(t:0, i:~)
2020-07-02 11:36:35,600 [pool-48-thread-1] INFO  server.RaftServerConfigKeys (ConfUtils.java:logGet(44)) - raft.server.notification.no-leader.timeout = 60s (default)
2020-07-02 11:36:35,600 [pool-48-thread-1] INFO  server.RaftServerConfigKeys (ConfUtils.java:logGet(44)) - raft.server.log.use.memory = false (default)
2020-07-02 11:36:35,600 [pool-48-thread-1] INFO  server.RaftServerConfigKeys (ConfUtils.java:logGet(44)) - raft.server.log.purge.gap = 1000000 (custom)
2020-07-02 11:36:35,600 [pool-48-thread-1] INFO  server.RaftServerConfigKeys (ConfUtils.java:logGet(44)) - raft.server.log.appender.buffer.byte-limit = 33554432 (custom)
2020-07-02 11:36:35,601 [pool-48-thread-1] INFO  server.RaftServerConfigKeys (ConfUtils.java:logGet(44)) - raft.server.log.segment.size.max = 1048576 (custom)
2020-07-02 11:36:35,601 [pool-48-thread-1] INFO  metrics.RatisMetrics (RatisMetrics.java:lambda$create$0(36)) - Creating Metrics Registry : ratis.log_worker.a92ba2f7-30fd-4550-80b5-20afa3a51854@group-D6349EC58C61
2020-07-02 11:36:35,601 [pool-48-thread-1] INFO  server.RaftServerConfigKeys (ConfUtils.java:logGet(44)) - raft.server.log.segment.cache.num.max = 2 (custom)
2020-07-02 11:36:35,601 [pool-48-thread-1] INFO  segmented.SegmentedRaftLogWorker (SegmentedRaftLogWorker.java:<init>(180)) - new a92ba2f7-30fd-4550-80b5-20afa3a51854@group-D6349EC58C61-SegmentedRaftLogWorker for RaftStorage:Storage Directory /github/workspace/mnt/ozone/hadoop-ozone/integration-test/target/test-dir/MiniOzoneClusterImpl-75337ffa-e5ae-4444-aee7-feba439eee52/datanode-1/data/ratis/37037ad9-3efd-438f-93f8-d6349ec58c61
2020-07-02 11:36:35,602 [pool-48-thread-1] INFO  server.RaftServerConfigKeys (ConfUtils.java:logGet(44)) - raft.server.log.queue.byte-limit = 2147483647 (custom)
2020-07-02 11:36:35,602 [pool-48-thread-1] INFO  server.RaftServerConfigKeys (ConfUtils.java:logGet(44)) - raft.server.log.queue.element-limit = 1024 (custom)
2020-07-02 11:36:35,602 [pool-48-thread-1] INFO  server.RaftServerConfigKeys (ConfUtils.java:logGet(44)) - raft.server.log.segment.size.max = 1048576 (custom)
2020-07-02 11:36:35,602 [pool-48-thread-1] INFO  server.RaftServerConfigKeys (ConfUtils.java:logGet(44)) - raft.server.log.preallocated.size = 16384 (custom)
2020-07-02 11:36:35,602 [pool-48-thread-1] INFO  server.RaftServerConfigKeys (ConfUtils.java:logGet(44)) - raft.server.log.write.buffer.size = 1048576 (custom)
2020-07-02 11:36:35,602 [pool-48-thread-1] INFO  server.RaftServerConfigKeys (ConfUtils.java:logGet(44)) - raft.server.log.force.sync.num = 128 (default)
2020-07-02 11:36:35,602 [pool-48-thread-1] INFO  server.RaftServerConfigKeys (ConfUtils.java:logGet(44)) - raft.server.log.statemachine.data.sync = true (default)
2020-07-02 11:36:35,602 [pool-48-thread-1] INFO  server.RaftServerConfigKeys (ConfUtils.java:logGet(44)) - raft.server.log.statemachine.data.sync.timeout = 10s (default)
2020-07-02 11:36:35,602 [pool-48-thread-1] INFO  server.RaftServerConfigKeys (ConfUtils.java:logGet(44)) - raft.server.log.statemachine.data.sync.timeout.retry = -1 (default)
2020-07-02 11:36:35,603 [pool-48-thread-1] INFO  server.RaftServerConfigKeys (ConfUtils.java:logGet(44)) - raft.server.log.statemachine.data.caching.enabled = true (custom)
2020-07-02 11:36:35,604 [pool-48-thread-1] INFO  segmented.SegmentedRaftLogWorker (SegmentedRaftLogWorker.java:lambda$new$0(129)) - a92ba2f7-30fd-4550-80b5-20afa3a51854@group-D6349EC58C61-SegmentedRaftLogWorker: flushIndex: setUnconditionally 0 -> -1
2020-07-02 11:36:35,604 [pool-48-thread-1] INFO  segmented.SegmentedRaftLogWorker (SegmentedRaftLogWorker.java:lambda$new$0(129)) - a92ba2f7-30fd-4550-80b5-20afa3a51854@group-D6349EC58C61-SegmentedRaftLogWorker: safeCacheEvictIndex: setUnconditionally 0 -> -1
2020-07-02 11:36:35,604 [pool-48-thread-1] INFO  server.RaftServerConfigKeys (ConfUtils.java:logGet(44)) - raft.server.snapshot.auto.trigger.enabled = true (custom)
2020-07-02 11:36:35,604 [pool-48-thread-1] INFO  server.RaftServerConfigKeys (ConfUtils.java:logGet(44)) - raft.server.snapshot.auto.trigger.threshold = 10000 (custom)
2020-07-02 11:36:35,604 [pool-48-thread-1] INFO  server.RaftServerConfigKeys (ConfUtils.java:logGet(44)) - raft.server.snapshot.retention.file.num = 5 (custom)
2020-07-02 11:36:35,604 [pool-48-thread-1] INFO  server.RaftServerConfigKeys (ConfUtils.java:logGet(44)) - raft.server.log.purge.upto.snapshot.index = false (default)
2020-07-02 11:36:35,605 [pool-48-thread-1] INFO  server.RaftServerConfigKeys (ConfUtils.java:logGet(44)) - raft.server.retrycache.expirytime = 600000ms (custom)
2020-07-02 11:36:35,605 [pool-48-thread-1] INFO  metrics.RatisMetrics (RatisMetrics.java:lambda$create$0(36)) - Creating Metrics Registry : ratis.leader_election.a92ba2f7-30fd-4550-80b5-20afa3a51854@group-D6349EC58C61
2020-07-02 11:36:35,606 [EventQueue-PipelineReportForPipelineReportHandler] INFO  pipeline.PipelineStateManager (PipelineStateManager.java:openPipeline(131)) - Pipeline Pipeline[ Id: 37037ad9-3efd-438f-93f8-d6349ec58c61, Nodes: a92ba2f7-30fd-4550-80b5-20afa3a51854{ip: 172.17.0.2, host: 3270734acc2f, networkLocation: /default-rack, certSerialId: null}, Type:RATIS, Factor:ONE, State:ALLOCATED, leaderId:a92ba2f7-30fd-4550-80b5-20afa3a51854, CreationTimestamp2020-07-02T11:36:32.559Z] moved to OPEN state
2020-07-02 11:36:35,606 [EventQueue-OpenPipelineForOneReplicaPipelineSafeModeRule] INFO  safemode.SCMSafeModeManager (SCMSafeModeManager.java:validateSafeModeExitRules(214)) - AtleastOneDatanodeReportedRule rule is successfully validated
2020-07-02 11:36:35,606 [EventQueue-OpenPipelineForHealthyPipelineSafeModeRule] INFO  safemode.SCMSafeModeManager (HealthyPipelineSafeModeRule.java:process(129)) - SCM in safe mode. Healthy pipelines reported count is 0, required healthy pipeline reported count is 1
2020-07-02 11:36:35,607 [pool-48-thread-1] INFO  metrics.RatisMetrics (RatisMetrics.java:lambda$create$0(36)) - Creating Metrics Registry : ratis.server.a92ba2f7-30fd-4550-80b5-20afa3a51854@group-D6349EC58C61
2020-07-02 11:36:35,607 [pool-33-thread-1] INFO  metrics.RatisMetrics (RatisMetrics.java:lambda$create$0(36)) - Creating Metrics Registry : ratis.server.465ce252-5e74-4490-a1ab-d191d59bd013@group-4BBD7B5F44AD
2020-07-02 11:36:35,610 [pool-33-thread-1] INFO  impl.RaftServerImpl (RaftServerImpl.java:start(186)) - 465ce252-5e74-4490-a1ab-d191d59bd013@group-4BBD7B5F44AD: start as a follower, conf=-1: [465ce252-5e74-4490-a1ab-d191d59bd013:172.17.0.2:41139], old=null
2020-07-02 11:36:35,610 [pool-48-thread-1] INFO  impl.RaftServerImpl (RaftServerImpl.java:start(186)) - a92ba2f7-30fd-4550-80b5-20afa3a51854@group-D6349EC58C61: start as a follower, conf=-1: [a92ba2f7-30fd-4550-80b5-20afa3a51854:172.17.0.2:36819], old=null
2020-07-02 11:36:35,611 [pool-33-thread-1] INFO  impl.RaftServerImpl (RaftServerImpl.java:setRole(175)) - 465ce252-5e74-4490-a1ab-d191d59bd013@group-4BBD7B5F44AD: changes role from      null to FOLLOWER at term 0 for startAsFollower
2020-07-02 11:36:35,611 [pool-48-thread-1] INFO  impl.RaftServerImpl (RaftServerImpl.java:setRole(175)) - a92ba2f7-30fd-4550-80b5-20afa3a51854@group-D6349EC58C61: changes role from      null to FOLLOWER at term 0 for startAsFollower
2020-07-02 11:36:35,612 [pool-48-thread-1] INFO  impl.RoleInfo (RoleInfo.java:updateAndGet(143)) - a92ba2f7-30fd-4550-80b5-20afa3a51854: start FollowerState
2020-07-02 11:36:35,613 [Listener at 127.0.0.1/42581] INFO  ozone.MiniOzoneClusterImpl (MiniOzoneClusterImpl.java:lambda$waitForClusterToBeReady$0(177)) - Nodes are ready. Got 3 of 3 DN Heartbeats.
2020-07-02 11:36:35,613 [Listener at 127.0.0.1/42581] INFO  ozone.MiniOzoneClusterImpl (MiniOzoneClusterImpl.java:lambda$waitForClusterToBeReady$0(180)) - Waiting for cluster to exit safe mode
2020-07-02 11:36:35,613 [pool-48-thread-1] INFO  util.JmxRegister (JmxRegister.java:tryRegister(44)) - Successfully registered JMX Bean with object name Ratis:service=RaftServer,group=group-D6349EC58C61,id=a92ba2f7-30fd-4550-80b5-20afa3a51854
2020-07-02 11:36:35,622 [pool-48-thread-1] INFO  metrics.RatisMetrics (RatisMetrics.java:lambda$create$0(36)) - Creating Metrics Registry : ratis.state_machine.a92ba2f7-30fd-4550-80b5-20afa3a51854@group-D6349EC58C61
2020-07-02 11:36:35,626 [Command processor thread] INFO  impl.RaftServerProxy (RaftServerProxy.java:addNew(89)) - e13728cf-3c64-4852-8495-4d0cb3079bb1: addNew group-E91674390F0D:[e13728cf-3c64-4852-8495-4d0cb3079bb1:172.17.0.2:33779] returns group-E91674390F0D:java.util.concurrent.CompletableFuture@5de230fb[Not completed]
2020-07-02 11:36:35,621 [pool-33-thread-1] INFO  impl.RoleInfo (RoleInfo.java:updateAndGet(143)) - 465ce252-5e74-4490-a1ab-d191d59bd013: start FollowerState
2020-07-02 11:36:35,630 [pool-33-thread-1] INFO  util.JmxRegister (JmxRegister.java:tryRegister(44)) - Successfully registered JMX Bean with object name Ratis:service=RaftServer,group=group-4BBD7B5F44AD,id=465ce252-5e74-4490-a1ab-d191d59bd013
2020-07-02 11:36:35,632 [pool-33-thread-1] INFO  metrics.RatisMetrics (RatisMetrics.java:lambda$create$0(36)) - Creating Metrics Registry : ratis.state_machine.465ce252-5e74-4490-a1ab-d191d59bd013@group-4BBD7B5F44AD
2020-07-02 11:36:35,642 [Command processor thread] INFO  commandhandler.CreatePipelineCommandHandler (CreatePipelineCommandHandler.java:handle(109)) - Created Pipeline RATIS ONE #id: "37037ad9-3efd-438f-93f8-d6349ec58c61"
.
2020-07-02 11:36:35,643 [Command processor thread] INFO  commandhandler.CreatePipelineCommandHandler (CreatePipelineCommandHandler.java:handle(109)) - Created Pipeline RATIS ONE #id: "02d0d0fb-5860-42a2-b6b6-4bbd7b5f44ad"
.
2020-07-02 11:36:35,646 [Command processor thread] INFO  impl.RaftServerProxy (RaftServerProxy.java:addNew(89)) - 465ce252-5e74-4490-a1ab-d191d59bd013: addNew group-7F7869DC5146:[465ce252-5e74-4490-a1ab-d191d59bd013:172.17.0.2:41139, e13728cf-3c64-4852-8495-4d0cb3079bb1:172.17.0.2:33779, a92ba2f7-30fd-4550-80b5-20afa3a51854:172.17.0.2:36819] returns group-7F7869DC5146:java.util.concurrent.CompletableFuture@bc8115d[Not completed]
2020-07-02 11:36:35,646 [Command processor thread] INFO  impl.RaftServerProxy (RaftServerProxy.java:addNew(89)) - a92ba2f7-30fd-4550-80b5-20afa3a51854: addNew group-7F7869DC5146:[465ce252-5e74-4490-a1ab-d191d59bd013:172.17.0.2:41139, e13728cf-3c64-4852-8495-4d0cb3079bb1:172.17.0.2:33779, a92ba2f7-30fd-4550-80b5-20afa3a51854:172.17.0.2:36819] returns group-7F7869DC5146:java.util.concurrent.CompletableFuture@9dc3de[Not completed]
2020-07-02 11:36:35,649 [pool-63-thread-1] INFO  impl.RaftServerImpl (RaftServerImpl.java:<init>(99)) - e13728cf-3c64-4852-8495-4d0cb3079bb1: new RaftServerImpl for group-E91674390F0D:[e13728cf-3c64-4852-8495-4d0cb3079bb1:172.17.0.2:33779] with ContainerStateMachine:uninitialized
2020-07-02 11:36:35,649 [pool-63-thread-1] INFO  server.RaftServerConfigKeys (ConfUtils.java:logGet(44)) - raft.server.rpc.timeout.min = 5s (custom)
2020-07-02 11:36:35,649 [pool-63-thread-1] INFO  server.RaftServerConfigKeys (ConfUtils.java:logGet(44)) - raft.server.rpc.timeout.max = 5200ms (custom)
2020-07-02 11:36:35,649 [pool-63-thread-1] INFO  server.RaftServerConfigKeys (ConfUtils.java:logGet(44)) - raft.server.rpcslowness.timeout = 1000000ms (custom)
2020-07-02 11:36:35,649 [pool-63-thread-1] INFO  server.RaftServerConfigKeys (ConfUtils.java:logGet(44)) - raft.server.sleep.deviation.threshold = 300 (default)
2020-07-02 11:36:35,649 [pool-63-thread-1] INFO  server.RaftServerConfigKeys (ConfUtils.java:logGet(44)) - raft.server.log.appender.install.snapshot.enabled = false (custom)
2020-07-02 11:36:35,649 [pool-63-thread-1] INFO  impl.RaftServerImpl (ServerState.java:<init>(103)) - e13728cf-3c64-4852-8495-4d0cb3079bb1@group-E91674390F0D: ConfigurationManager, init=-1: [e13728cf-3c64-4852-8495-4d0cb3079bb1:172.17.0.2:33779], old=null, confs=<EMPTY_MAP>
2020-07-02 11:36:35,649 [pool-63-thread-1] INFO  server.RaftServerConfigKeys (ConfUtils.java:logGet(44)) - raft.server.storage.dir = [/github/workspace/mnt/ozone/hadoop-ozone/integration-test/target/test-dir/MiniOzoneClusterImpl-75337ffa-e5ae-4444-aee7-feba439eee52/datanode-2/data/ratis] (custom)
2020-07-02 11:36:35,649 [pool-63-thread-1] INFO  server.RaftServerConfigKeys (ConfUtils.java:logGet(44)) - raft.server.log.corruption.policy = EXCEPTION (default)
2020-07-02 11:36:35,649 [pool-48-thread-1] INFO  impl.RaftServerImpl (RaftServerImpl.java:<init>(99)) - a92ba2f7-30fd-4550-80b5-20afa3a51854: new RaftServerImpl for group-7F7869DC5146:[465ce252-5e74-4490-a1ab-d191d59bd013:172.17.0.2:41139, e13728cf-3c64-4852-8495-4d0cb3079bb1:172.17.0.2:33779, a92ba2f7-30fd-4550-80b5-20afa3a51854:172.17.0.2:36819] with ContainerStateMachine:uninitialized
2020-07-02 11:36:35,650 [pool-63-thread-1] INFO  storage.RaftStorageDirectory (RaftStorageDirectory.java:analyzeStorage(261)) - The storage directory /github/workspace/mnt/ozone/hadoop-ozone/integration-test/target/test-dir/MiniOzoneClusterImpl-75337ffa-e5ae-4444-aee7-feba439eee52/datanode-2/data/ratis/844fa6f1-e8cb-4878-9dad-e91674390f0d does not exist. Creating ...
2020-07-02 11:36:35,650 [pool-48-thread-1] INFO  server.RaftServerConfigKeys (ConfUtils.java:logGet(44)) - raft.server.rpc.timeout.min = 5s (custom)
2020-07-02 11:36:35,650 [pool-48-thread-1] INFO  server.RaftServerConfigKeys (ConfUtils.java:logGet(44)) - raft.server.rpc.timeout.max = 5200ms (custom)
2020-07-02 11:36:35,650 [pool-48-thread-1] INFO  server.RaftServerConfigKeys (ConfUtils.java:logGet(44)) - raft.server.rpcslowness.timeout = 1000000ms (custom)
2020-07-02 11:36:35,650 [pool-48-thread-1] INFO  server.RaftServerConfigKeys (ConfUtils.java:logGet(44)) - raft.server.sleep.deviation.threshold = 300 (default)
2020-07-02 11:36:35,650 [pool-48-thread-1] INFO  server.RaftServerConfigKeys (ConfUtils.java:logGet(44)) - raft.server.log.appender.install.snapshot.enabled = false (custom)
2020-07-02 11:36:35,650 [pool-48-thread-1] INFO  impl.RaftServerImpl (ServerState.java:<init>(103)) - a92ba2f7-30fd-4550-80b5-20afa3a51854@group-7F7869DC5146: ConfigurationManager, init=-1: [465ce252-5e74-4490-a1ab-d191d59bd013:172.17.0.2:41139, e13728cf-3c64-4852-8495-4d0cb3079bb1:172.17.0.2:33779, a92ba2f7-30fd-4550-80b5-20afa3a51854:172.17.0.2:36819], old=null, confs=<EMPTY_MAP>
2020-07-02 11:36:35,650 [pool-48-thread-1] INFO  server.RaftServerConfigKeys (ConfUtils.java:logGet(44)) - raft.server.storage.dir = [/github/workspace/mnt/ozone/hadoop-ozone/integration-test/target/test-dir/MiniOzoneClusterImpl-75337ffa-e5ae-4444-aee7-feba439eee52/datanode-1/data/ratis] (custom)
2020-07-02 11:36:35,650 [pool-48-thread-1] INFO  server.RaftServerConfigKeys (ConfUtils.java:logGet(44)) - raft.server.log.corruption.policy = EXCEPTION (default)
2020-07-02 11:36:35,651 [pool-48-thread-1] INFO  storage.RaftStorageDirectory (RaftStorageDirectory.java:analyzeStorage(261)) - The storage directory /github/workspace/mnt/ozone/hadoop-ozone/integration-test/target/test-dir/MiniOzoneClusterImpl-75337ffa-e5ae-4444-aee7-feba439eee52/datanode-1/data/ratis/686dbde0-1258-4abc-8882-7f7869dc5146 does not exist. Creating ...
2020-07-02 11:36:35,651 [pool-33-thread-1] INFO  impl.RaftServerImpl (RaftServerImpl.java:<init>(99)) - 465ce252-5e74-4490-a1ab-d191d59bd013: new RaftServerImpl for group-7F7869DC5146:[465ce252-5e74-4490-a1ab-d191d59bd013:172.17.0.2:41139, e13728cf-3c64-4852-8495-4d0cb3079bb1:172.17.0.2:33779, a92ba2f7-30fd-4550-80b5-20afa3a51854:172.17.0.2:36819] with ContainerStateMachine:uninitialized
2020-07-02 11:36:35,651 [pool-33-thread-1] INFO  server.RaftServerConfigKeys (ConfUtils.java:logGet(44)) - raft.server.rpc.timeout.min = 5s (custom)
2020-07-02 11:36:35,651 [pool-33-thread-1] INFO  server.RaftServerConfigKeys (ConfUtils.java:logGet(44)) - raft.server.rpc.timeout.max = 5200ms (custom)
2020-07-02 11:36:35,651 [pool-33-thread-1] INFO  server.RaftServerConfigKeys (ConfUtils.java:logGet(44)) - raft.server.rpcslowness.timeout = 1000000ms (custom)
2020-07-02 11:36:35,651 [pool-33-thread-1] INFO  server.RaftServerConfigKeys (ConfUtils.java:logGet(44)) - raft.server.sleep.deviation.threshold = 300 (default)
2020-07-02 11:36:35,652 [pool-33-thread-1] INFO  server.RaftServerConfigKeys (ConfUtils.java:logGet(44)) - raft.server.log.appender.install.snapshot.enabled = false (custom)
2020-07-02 11:36:35,652 [pool-33-thread-1] INFO  impl.RaftServerImpl (ServerState.java:<init>(103)) - 465ce252-5e74-4490-a1ab-d191d59bd013@group-7F7869DC5146: ConfigurationManager, init=-1: [465ce252-5e74-4490-a1ab-d191d59bd013:172.17.0.2:41139, e13728cf-3c64-4852-8495-4d0cb3079bb1:172.17.0.2:33779, a92ba2f7-30fd-4550-80b5-20afa3a51854:172.17.0.2:36819], old=null, confs=<EMPTY_MAP>
2020-07-02 11:36:35,652 [pool-33-thread-1] INFO  server.RaftServerConfigKeys (ConfUtils.java:logGet(44)) - raft.server.storage.dir = [/github/workspace/mnt/ozone/hadoop-ozone/integration-test/target/test-dir/MiniOzoneClusterImpl-75337ffa-e5ae-4444-aee7-feba439eee52/datanode-0/data/ratis] (custom)
2020-07-02 11:36:35,652 [pool-33-thread-1] INFO  server.RaftServerConfigKeys (ConfUtils.java:logGet(44)) - raft.server.log.corruption.policy = EXCEPTION (default)
2020-07-02 11:36:35,652 [pool-33-thread-1] INFO  storage.RaftStorageDirectory (RaftStorageDirectory.java:analyzeStorage(261)) - The storage directory /github/workspace/mnt/ozone/hadoop-ozone/integration-test/target/test-dir/MiniOzoneClusterImpl-75337ffa-e5ae-4444-aee7-feba439eee52/datanode-0/data/ratis/686dbde0-1258-4abc-8882-7f7869dc5146 does not exist. Creating ...
2020-07-02 11:36:35,654 [pool-48-thread-1] INFO  storage.RaftStorageDirectory (RaftStorageDirectory.java:tryLock(343)) - Lock on /github/workspace/mnt/ozone/hadoop-ozone/integration-test/target/test-dir/MiniOzoneClusterImpl-75337ffa-e5ae-4444-aee7-feba439eee52/datanode-1/data/ratis/686dbde0-1258-4abc-8882-7f7869dc5146/in_use.lock acquired by nodename 37875@3270734acc2f
2020-07-02 11:36:35,654 [pool-63-thread-1] INFO  storage.RaftStorageDirectory (RaftStorageDirectory.java:tryLock(343)) - Lock on /github/workspace/mnt/ozone/hadoop-ozone/integration-test/target/test-dir/MiniOzoneClusterImpl-75337ffa-e5ae-4444-aee7-feba439eee52/datanode-2/data/ratis/844fa6f1-e8cb-4878-9dad-e91674390f0d/in_use.lock acquired by nodename 37875@3270734acc2f
2020-07-02 11:36:35,654 [pool-33-thread-1] INFO  storage.RaftStorageDirectory (RaftStorageDirectory.java:tryLock(343)) - Lock on /github/workspace/mnt/ozone/hadoop-ozone/integration-test/target/test-dir/MiniOzoneClusterImpl-75337ffa-e5ae-4444-aee7-feba439eee52/datanode-0/data/ratis/686dbde0-1258-4abc-8882-7f7869dc5146/in_use.lock acquired by nodename 37875@3270734acc2f
2020-07-02 11:36:35,655 [pool-48-thread-1] INFO  storage.RaftStorage (RaftStorage.java:format(84)) - Storage directory /github/workspace/mnt/ozone/hadoop-ozone/integration-test/target/test-dir/MiniOzoneClusterImpl-75337ffa-e5ae-4444-aee7-feba439eee52/datanode-1/data/ratis/686dbde0-1258-4abc-8882-7f7869dc5146 has been successfully formatted.
2020-07-02 11:36:35,657 [pool-48-thread-1] INFO  ratis.ContainerStateMachine (ContainerStateMachine.java:loadSnapshot(225)) - group-7F7869DC5146: The snapshot info is null. Setting the last applied indexto:(t:0, i:~)
2020-07-02 11:36:35,657 [pool-48-thread-1] INFO  server.RaftServerConfigKeys (ConfUtils.java:logGet(44)) - raft.server.notification.no-leader.timeout = 60s (default)
2020-07-02 11:36:35,657 [pool-48-thread-1] INFO  server.RaftServerConfigKeys (ConfUtils.java:logGet(44)) - raft.server.log.use.memory = false (default)
2020-07-02 11:36:35,657 [pool-48-thread-1] INFO  server.RaftServerConfigKeys (ConfUtils.java:logGet(44)) - raft.server.log.purge.gap = 1000000 (custom)
2020-07-02 11:36:35,657 [pool-48-thread-1] INFO  server.RaftServerConfigKeys (ConfUtils.java:logGet(44)) - raft.server.log.appender.buffer.byte-limit = 33554432 (custom)
2020-07-02 11:36:35,657 [pool-48-thread-1] INFO  server.RaftServerConfigKeys (ConfUtils.java:logGet(44)) - raft.server.log.segment.size.max = 1048576 (custom)
2020-07-02 11:36:35,657 [pool-48-thread-1] INFO  metrics.RatisMetrics (RatisMetrics.java:lambda$create$0(36)) - Creating Metrics Registry : ratis.log_worker.a92ba2f7-30fd-4550-80b5-20afa3a51854@group-7F7869DC5146
2020-07-02 11:36:35,657 [pool-48-thread-1] INFO  server.RaftServerConfigKeys (ConfUtils.java:logGet(44)) - raft.server.log.segment.cache.num.max = 2 (custom)
2020-07-02 11:36:35,658 [pool-48-thread-1] INFO  segmented.SegmentedRaftLogWorker (SegmentedRaftLogWorker.java:<init>(180)) - new a92ba2f7-30fd-4550-80b5-20afa3a51854@group-7F7869DC5146-SegmentedRaftLogWorker for RaftStorage:Storage Directory /github/workspace/mnt/ozone/hadoop-ozone/integration-test/target/test-dir/MiniOzoneClusterImpl-75337ffa-e5ae-4444-aee7-feba439eee52/datanode-1/data/ratis/686dbde0-1258-4abc-8882-7f7869dc5146
2020-07-02 11:36:35,658 [pool-48-thread-1] INFO  server.RaftServerConfigKeys (ConfUtils.java:logGet(44)) - raft.server.log.queue.byte-limit = 2147483647 (custom)
2020-07-02 11:36:35,658 [pool-48-thread-1] INFO  server.RaftServerConfigKeys (ConfUtils.java:logGet(44)) - raft.server.log.queue.element-limit = 1024 (custom)
2020-07-02 11:36:35,658 [pool-48-thread-1] INFO  server.RaftServerConfigKeys (ConfUtils.java:logGet(44)) - raft.server.log.segment.size.max = 1048576 (custom)
2020-07-02 11:36:35,658 [pool-48-thread-1] INFO  server.RaftServerConfigKeys (ConfUtils.java:logGet(44)) - raft.server.log.preallocated.size = 16384 (custom)
2020-07-02 11:36:35,658 [pool-48-thread-1] INFO  server.RaftServerConfigKeys (ConfUtils.java:logGet(44)) - raft.server.log.write.buffer.size = 1048576 (custom)
2020-07-02 11:36:35,658 [pool-48-thread-1] INFO  server.RaftServerConfigKeys (ConfUtils.java:logGet(44)) - raft.server.log.force.sync.num = 128 (default)
2020-07-02 11:36:35,658 [pool-48-thread-1] INFO  server.RaftServerConfigKeys (ConfUtils.java:logGet(44)) - raft.server.log.statemachine.data.sync = true (default)
2020-07-02 11:36:35,658 [pool-48-thread-1] INFO  server.RaftServerConfigKeys (ConfUtils.java:logGet(44)) - raft.server.log.statemachine.data.sync.timeout = 10s (default)
2020-07-02 11:36:35,658 [pool-48-thread-1] INFO  server.RaftServerConfigKeys (ConfUtils.java:logGet(44)) - raft.server.log.statemachine.data.sync.timeout.retry = -1 (default)
2020-07-02 11:36:35,659 [pool-48-thread-1] INFO  server.RaftServerConfigKeys (ConfUtils.java:logGet(44)) - raft.server.log.statemachine.data.caching.enabled = true (custom)
2020-07-02 11:36:35,657 [pool-63-thread-1] INFO  storage.RaftStorage (RaftStorage.java:format(84)) - Storage directory /github/workspace/mnt/ozone/hadoop-ozone/integration-test/target/test-dir/MiniOzoneClusterImpl-75337ffa-e5ae-4444-aee7-feba439eee52/datanode-2/data/ratis/844fa6f1-e8cb-4878-9dad-e91674390f0d has been successfully formatted.
2020-07-02 11:36:35,662 [EventQueue-PipelineReportForPipelineReportHandler] INFO  pipeline.PipelineStateManager (PipelineStateManager.java:openPipeline(131)) - Pipeline Pipeline[ Id: 844fa6f1-e8cb-4878-9dad-e91674390f0d, Nodes: e13728cf-3c64-4852-8495-4d0cb3079bb1{ip: 172.17.0.2, host: 3270734acc2f, networkLocation: /default-rack, certSerialId: null}, Type:RATIS, Factor:ONE, State:ALLOCATED, leaderId:e13728cf-3c64-4852-8495-4d0cb3079bb1, CreationTimestamp2020-07-02T11:36:32.620Z] moved to OPEN state
2020-07-02 11:36:35,662 [EventQueue-OpenPipelineForOneReplicaPipelineSafeModeRule] INFO  safemode.SCMSafeModeManager (SCMSafeModeManager.java:validateSafeModeExitRules(214)) - AtleastOneDatanodeReportedRule rule is successfully validated
2020-07-02 11:36:35,662 [EventQueue-OpenPipelineForHealthyPipelineSafeModeRule] INFO  safemode.SCMSafeModeManager (HealthyPipelineSafeModeRule.java:process(129)) - SCM in safe mode. Healthy pipelines reported count is 0, required healthy pipeline reported count is 1
2020-07-02 11:36:35,662 [pool-63-thread-1] INFO  ratis.ContainerStateMachine (ContainerStateMachine.java:loadSnapshot(225)) - group-E91674390F0D: The snapshot info is null. Setting the last applied indexto:(t:0, i:~)
2020-07-02 11:36:35,662 [pool-63-thread-1] INFO  server.RaftServerConfigKeys (ConfUtils.java:logGet(44)) - raft.server.notification.no-leader.timeout = 60s (default)
2020-07-02 11:36:35,662 [pool-63-thread-1] INFO  server.RaftServerConfigKeys (ConfUtils.java:logGet(44)) - raft.server.log.use.memory = false (default)
2020-07-02 11:36:35,663 [pool-63-thread-1] INFO  server.RaftServerConfigKeys (ConfUtils.java:logGet(44)) - raft.server.log.purge.gap = 1000000 (custom)
2020-07-02 11:36:35,663 [pool-63-thread-1] INFO  server.RaftServerConfigKeys (ConfUtils.java:logGet(44)) - raft.server.log.appender.buffer.byte-limit = 33554432 (custom)
2020-07-02 11:36:35,663 [pool-63-thread-1] INFO  server.RaftServerConfigKeys (ConfUtils.java:logGet(44)) - raft.server.log.segment.size.max = 1048576 (custom)
2020-07-02 11:36:35,663 [pool-63-thread-1] INFO  metrics.RatisMetrics (RatisMetrics.java:lambda$create$0(36)) - Creating Metrics Registry : ratis.log_worker.e13728cf-3c64-4852-8495-4d0cb3079bb1@group-E91674390F0D
2020-07-02 11:36:35,663 [pool-63-thread-1] INFO  server.RaftServerConfigKeys (ConfUtils.java:logGet(44)) - raft.server.log.segment.cache.num.max = 2 (custom)
2020-07-02 11:36:35,663 [pool-63-thread-1] INFO  segmented.SegmentedRaftLogWorker (SegmentedRaftLogWorker.java:<init>(180)) - new e13728cf-3c64-4852-8495-4d0cb3079bb1@group-E91674390F0D-SegmentedRaftLogWorker for RaftStorage:Storage Directory /github/workspace/mnt/ozone/hadoop-ozone/integration-test/target/test-dir/MiniOzoneClusterImpl-75337ffa-e5ae-4444-aee7-feba439eee52/datanode-2/data/ratis/844fa6f1-e8cb-4878-9dad-e91674390f0d
2020-07-02 11:36:35,663 [pool-63-thread-1] INFO  server.RaftServerConfigKeys (ConfUtils.java:logGet(44)) - raft.server.log.queue.byte-limit = 2147483647 (custom)
2020-07-02 11:36:35,663 [pool-63-thread-1] INFO  server.RaftServerConfigKeys (ConfUtils.java:logGet(44)) - raft.server.log.queue.element-limit = 1024 (custom)
2020-07-02 11:36:35,663 [pool-63-thread-1] INFO  server.RaftServerConfigKeys (ConfUtils.java:logGet(44)) - raft.server.log.segment.size.max = 1048576 (custom)
2020-07-02 11:36:35,664 [pool-63-thread-1] INFO  server.RaftServerConfigKeys (ConfUtils.java:logGet(44)) - raft.server.log.preallocated.size = 16384 (custom)
2020-07-02 11:36:35,664 [pool-63-thread-1] INFO  server.RaftServerConfigKeys (ConfUtils.java:logGet(44)) - raft.server.log.write.buffer.size = 1048576 (custom)
2020-07-02 11:36:35,664 [pool-63-thread-1] INFO  server.RaftServerConfigKeys (ConfUtils.java:logGet(44)) - raft.server.log.force.sync.num = 128 (default)
2020-07-02 11:36:35,664 [pool-63-thread-1] INFO  server.RaftServerConfigKeys (ConfUtils.java:logGet(44)) - raft.server.log.statemachine.data.sync = true (default)
2020-07-02 11:36:35,664 [pool-63-thread-1] INFO  server.RaftServerConfigKeys (ConfUtils.java:logGet(44)) - raft.server.log.statemachine.data.sync.timeout = 10s (default)
2020-07-02 11:36:35,664 [pool-63-thread-1] INFO  server.RaftServerConfigKeys (ConfUtils.java:logGet(44)) - raft.server.log.statemachine.data.sync.timeout.retry = -1 (default)
2020-07-02 11:36:35,665 [pool-63-thread-1] INFO  server.RaftServerConfigKeys (ConfUtils.java:logGet(44)) - raft.server.log.statemachine.data.caching.enabled = true (custom)
2020-07-02 11:36:35,667 [pool-63-thread-1] INFO  segmented.SegmentedRaftLogWorker (SegmentedRaftLogWorker.java:lambda$new$0(129)) - e13728cf-3c64-4852-8495-4d0cb3079bb1@group-E91674390F0D-SegmentedRaftLogWorker: flushIndex: setUnconditionally 0 -> -1
2020-07-02 11:36:35,667 [pool-63-thread-1] INFO  segmented.SegmentedRaftLogWorker (SegmentedRaftLogWorker.java:lambda$new$0(129)) - e13728cf-3c64-4852-8495-4d0cb3079bb1@group-E91674390F0D-SegmentedRaftLogWorker: safeCacheEvictIndex: setUnconditionally 0 -> -1
2020-07-02 11:36:35,661 [pool-33-thread-1] INFO  storage.RaftStorage (RaftStorage.java:format(84)) - Storage directory /github/workspace/mnt/ozone/hadoop-ozone/integration-test/target/test-dir/MiniOzoneClusterImpl-75337ffa-e5ae-4444-aee7-feba439eee52/datanode-0/data/ratis/686dbde0-1258-4abc-8882-7f7869dc5146 has been successfully formatted.
2020-07-02 11:36:35,666 [pool-48-thread-1] INFO  segmented.SegmentedRaftLogWorker (SegmentedRaftLogWorker.java:lambda$new$0(129)) - a92ba2f7-30fd-4550-80b5-20afa3a51854@group-7F7869DC5146-SegmentedRaftLogWorker: flushIndex: setUnconditionally 0 -> -1
2020-07-02 11:36:35,667 [pool-48-thread-1] INFO  segmented.SegmentedRaftLogWorker (SegmentedRaftLogWorker.java:lambda$new$0(129)) - a92ba2f7-30fd-4550-80b5-20afa3a51854@group-7F7869DC5146-SegmentedRaftLogWorker: safeCacheEvictIndex: setUnconditionally 0 -> -1
2020-07-02 11:36:35,669 [pool-63-thread-1] INFO  server.RaftServerConfigKeys (ConfUtils.java:logGet(44)) - raft.server.snapshot.auto.trigger.enabled = true (custom)
2020-07-02 11:36:35,670 [pool-63-thread-1] INFO  server.RaftServerConfigKeys (ConfUtils.java:logGet(44)) - raft.server.snapshot.auto.trigger.threshold = 10000 (custom)
2020-07-02 11:36:35,670 [pool-63-thread-1] INFO  server.RaftServerConfigKeys (ConfUtils.java:logGet(44)) - raft.server.snapshot.retention.file.num = 5 (custom)
2020-07-02 11:36:35,670 [pool-63-thread-1] INFO  server.RaftServerConfigKeys (ConfUtils.java:logGet(44)) - raft.server.log.purge.upto.snapshot.index = false (default)
2020-07-02 11:36:35,672 [pool-48-thread-1] INFO  server.RaftServerConfigKeys (ConfUtils.java:logGet(44)) - raft.server.snapshot.auto.trigger.enabled = true (custom)
2020-07-02 11:36:35,673 [pool-48-thread-1] INFO  server.RaftServerConfigKeys (ConfUtils.java:logGet(44)) - raft.server.snapshot.auto.trigger.threshold = 10000 (custom)
2020-07-02 11:36:35,673 [pool-48-thread-1] INFO  server.RaftServerConfigKeys (ConfUtils.java:logGet(44)) - raft.server.snapshot.retention.file.num = 5 (custom)
2020-07-02 11:36:35,673 [pool-48-thread-1] INFO  server.RaftServerConfigKeys (ConfUtils.java:logGet(44)) - raft.server.log.purge.upto.snapshot.index = false (default)
2020-07-02 11:36:35,673 [pool-33-thread-1] INFO  ratis.ContainerStateMachine (ContainerStateMachine.java:loadSnapshot(225)) - group-7F7869DC5146: The snapshot info is null. Setting the last applied indexto:(t:0, i:~)
2020-07-02 11:36:35,673 [pool-33-thread-1] INFO  server.RaftServerConfigKeys (ConfUtils.java:logGet(44)) - raft.server.notification.no-leader.timeout = 60s (default)
2020-07-02 11:36:35,673 [pool-33-thread-1] INFO  server.RaftServerConfigKeys (ConfUtils.java:logGet(44)) - raft.server.log.use.memory = false (default)
2020-07-02 11:36:35,673 [pool-33-thread-1] INFO  server.RaftServerConfigKeys (ConfUtils.java:logGet(44)) - raft.server.log.purge.gap = 1000000 (custom)
2020-07-02 11:36:35,673 [pool-33-thread-1] INFO  server.RaftServerConfigKeys (ConfUtils.java:logGet(44)) - raft.server.log.appender.buffer.byte-limit = 33554432 (custom)
2020-07-02 11:36:35,673 [pool-33-thread-1] INFO  server.RaftServerConfigKeys (ConfUtils.java:logGet(44)) - raft.server.log.segment.size.max = 1048576 (custom)
2020-07-02 11:36:35,674 [pool-33-thread-1] INFO  metrics.RatisMetrics (RatisMetrics.java:lambda$create$0(36)) - Creating Metrics Registry : ratis.log_worker.465ce252-5e74-4490-a1ab-d191d59bd013@group-7F7869DC5146
2020-07-02 11:36:35,674 [pool-33-thread-1] INFO  server.RaftServerConfigKeys (ConfUtils.java:logGet(44)) - raft.server.log.segment.cache.num.max = 2 (custom)
2020-07-02 11:36:35,674 [pool-33-thread-1] INFO  segmented.SegmentedRaftLogWorker (SegmentedRaftLogWorker.java:<init>(180)) - new 465ce252-5e74-4490-a1ab-d191d59bd013@group-7F7869DC5146-SegmentedRaftLogWorker for RaftStorage:Storage Directory /github/workspace/mnt/ozone/hadoop-ozone/integration-test/target/test-dir/MiniOzoneClusterImpl-75337ffa-e5ae-4444-aee7-feba439eee52/datanode-0/data/ratis/686dbde0-1258-4abc-8882-7f7869dc5146
2020-07-02 11:36:35,674 [pool-33-thread-1] INFO  server.RaftServerConfigKeys (ConfUtils.java:logGet(44)) - raft.server.log.queue.byte-limit = 2147483647 (custom)
2020-07-02 11:36:35,674 [pool-33-thread-1] INFO  server.RaftServerConfigKeys (ConfUtils.java:logGet(44)) - raft.server.log.queue.element-limit = 1024 (custom)
2020-07-02 11:36:35,674 [pool-33-thread-1] INFO  server.RaftServerConfigKeys (ConfUtils.java:logGet(44)) - raft.server.log.segment.size.max = 1048576 (custom)
2020-07-02 11:36:35,674 [pool-33-thread-1] INFO  server.RaftServerConfigKeys (ConfUtils.java:logGet(44)) - raft.server.log.preallocated.size = 16384 (custom)
2020-07-02 11:36:35,674 [pool-33-thread-1] INFO  server.RaftServerConfigKeys (ConfUtils.java:logGet(44)) - raft.server.log.write.buffer.size = 1048576 (custom)
2020-07-02 11:36:35,674 [pool-33-thread-1] INFO  server.RaftServerConfigKeys (ConfUtils.java:logGet(44)) - raft.server.log.force.sync.num = 128 (default)
2020-07-02 11:36:35,675 [pool-33-thread-1] INFO  server.RaftServerConfigKeys (ConfUtils.java:logGet(44)) - raft.server.log.statemachine.data.sync = true (default)
2020-07-02 11:36:35,675 [pool-33-thread-1] INFO  server.RaftServerConfigKeys (ConfUtils.java:logGet(44)) - raft.server.log.statemachine.data.sync.timeout = 10s (default)
2020-07-02 11:36:35,675 [pool-33-thread-1] INFO  server.RaftServerConfigKeys (ConfUtils.java:logGet(44)) - raft.server.log.statemachine.data.sync.timeout.retry = -1 (default)
2020-07-02 11:36:35,675 [pool-48-thread-1] INFO  server.RaftServerConfigKeys (ConfUtils.java:logGet(44)) - raft.server.retrycache.expirytime = 600000ms (custom)
2020-07-02 11:36:35,678 [pool-48-thread-1] INFO  metrics.RatisMetrics (RatisMetrics.java:lambda$create$0(36)) - Creating Metrics Registry : ratis.leader_election.a92ba2f7-30fd-4550-80b5-20afa3a51854@group-7F7869DC5146
2020-07-02 11:36:35,678 [pool-48-thread-1] INFO  metrics.RatisMetrics (RatisMetrics.java:lambda$create$0(36)) - Creating Metrics Registry : ratis.server.a92ba2f7-30fd-4550-80b5-20afa3a51854@group-7F7869DC5146
2020-07-02 11:36:35,675 [pool-63-thread-1] INFO  server.RaftServerConfigKeys (ConfUtils.java:logGet(44)) - raft.server.retrycache.expirytime = 600000ms (custom)
2020-07-02 11:36:35,679 [pool-63-thread-1] INFO  metrics.RatisMetrics (RatisMetrics.java:lambda$create$0(36)) - Creating Metrics Registry : ratis.leader_election.e13728cf-3c64-4852-8495-4d0cb3079bb1@group-E91674390F0D
2020-07-02 11:36:35,685 [pool-48-thread-1] INFO  impl.RaftServerImpl (RaftServerImpl.java:start(186)) - a92ba2f7-30fd-4550-80b5-20afa3a51854@group-7F7869DC5146: start as a follower, conf=-1: [465ce252-5e74-4490-a1ab-d191d59bd013:172.17.0.2:41139, e13728cf-3c64-4852-8495-4d0cb3079bb1:172.17.0.2:33779, a92ba2f7-30fd-4550-80b5-20afa3a51854:172.17.0.2:36819], old=null
2020-07-02 11:36:35,686 [pool-48-thread-1] INFO  impl.RaftServerImpl (RaftServerImpl.java:setRole(175)) - a92ba2f7-30fd-4550-80b5-20afa3a51854@group-7F7869DC5146: changes role from      null to FOLLOWER at term 0 for startAsFollower
2020-07-02 11:36:35,686 [pool-48-thread-1] INFO  impl.RoleInfo (RoleInfo.java:updateAndGet(143)) - a92ba2f7-30fd-4550-80b5-20afa3a51854: start FollowerState
2020-07-02 11:36:35,686 [pool-63-thread-1] INFO  metrics.RatisMetrics (RatisMetrics.java:lambda$create$0(36)) - Creating Metrics Registry : ratis.server.e13728cf-3c64-4852-8495-4d0cb3079bb1@group-E91674390F0D
2020-07-02 11:36:35,690 [pool-48-thread-1] INFO  util.JmxRegister (JmxRegister.java:tryRegister(44)) - Successfully registered JMX Bean with object name Ratis:service=RaftServer,group=group-7F7869DC5146,id=a92ba2f7-30fd-4550-80b5-20afa3a51854
2020-07-02 11:36:35,690 [pool-48-thread-1] INFO  metrics.RatisMetrics (RatisMetrics.java:lambda$create$0(36)) - Creating Metrics Registry : ratis.state_machine.a92ba2f7-30fd-4550-80b5-20afa3a51854@group-7F7869DC5146
2020-07-02 11:36:35,694 [pool-33-thread-1] INFO  server.RaftServerConfigKeys (ConfUtils.java:logGet(44)) - raft.server.log.statemachine.data.caching.enabled = true (custom)
2020-07-02 11:36:35,694 [pool-33-thread-1] INFO  segmented.SegmentedRaftLogWorker (SegmentedRaftLogWorker.java:lambda$new$0(129)) - 465ce252-5e74-4490-a1ab-d191d59bd013@group-7F7869DC5146-SegmentedRaftLogWorker: flushIndex: setUnconditionally 0 -> -1
2020-07-02 11:36:35,694 [pool-33-thread-1] INFO  segmented.SegmentedRaftLogWorker (SegmentedRaftLogWorker.java:lambda$new$0(129)) - 465ce252-5e74-4490-a1ab-d191d59bd013@group-7F7869DC5146-SegmentedRaftLogWorker: safeCacheEvictIndex: setUnconditionally 0 -> -1
2020-07-02 11:36:35,697 [pool-33-thread-1] INFO  server.RaftServerConfigKeys (ConfUtils.java:logGet(44)) - raft.server.snapshot.auto.trigger.enabled = true (custom)
2020-07-02 11:36:35,697 [pool-33-thread-1] INFO  server.RaftServerConfigKeys (ConfUtils.java:logGet(44)) - raft.server.snapshot.auto.trigger.threshold = 10000 (custom)
2020-07-02 11:36:35,697 [pool-33-thread-1] INFO  server.RaftServerConfigKeys (ConfUtils.java:logGet(44)) - raft.server.snapshot.retention.file.num = 5 (custom)
2020-07-02 11:36:35,700 [pool-33-thread-1] INFO  server.RaftServerConfigKeys (ConfUtils.java:logGet(44)) - raft.server.log.purge.upto.snapshot.index = false (default)
2020-07-02 11:36:35,700 [pool-33-thread-1] INFO  server.RaftServerConfigKeys (ConfUtils.java:logGet(44)) - raft.server.retrycache.expirytime = 600000ms (custom)
2020-07-02 11:36:35,700 [pool-33-thread-1] INFO  metrics.RatisMetrics (RatisMetrics.java:lambda$create$0(36)) - Creating Metrics Registry : ratis.leader_election.465ce252-5e74-4490-a1ab-d191d59bd013@group-7F7869DC5146
2020-07-02 11:36:35,700 [pool-63-thread-1] INFO  impl.RaftServerImpl (RaftServerImpl.java:start(186)) - e13728cf-3c64-4852-8495-4d0cb3079bb1@group-E91674390F0D: start as a follower, conf=-1: [e13728cf-3c64-4852-8495-4d0cb3079bb1:172.17.0.2:33779], old=null
2020-07-02 11:36:35,701 [pool-63-thread-1] INFO  impl.RaftServerImpl (RaftServerImpl.java:setRole(175)) - e13728cf-3c64-4852-8495-4d0cb3079bb1@group-E91674390F0D: changes role from      null to FOLLOWER at term 0 for startAsFollower
2020-07-02 11:36:35,701 [pool-63-thread-1] INFO  impl.RoleInfo (RoleInfo.java:updateAndGet(143)) - e13728cf-3c64-4852-8495-4d0cb3079bb1: start FollowerState
2020-07-02 11:36:35,704 [pool-63-thread-1] INFO  util.JmxRegister (JmxRegister.java:tryRegister(44)) - Successfully registered JMX Bean with object name Ratis:service=RaftServer,group=group-E91674390F0D,id=e13728cf-3c64-4852-8495-4d0cb3079bb1
2020-07-02 11:36:35,704 [pool-63-thread-1] INFO  metrics.RatisMetrics (RatisMetrics.java:lambda$create$0(36)) - Creating Metrics Registry : ratis.state_machine.e13728cf-3c64-4852-8495-4d0cb3079bb1@group-E91674390F0D
2020-07-02 11:36:35,716 [Command processor thread] INFO  commandhandler.CreatePipelineCommandHandler (CreatePipelineCommandHandler.java:handle(109)) - Created Pipeline RATIS ONE #id: "844fa6f1-e8cb-4878-9dad-e91674390f0d"
.
2020-07-02 11:36:35,716 [Command processor thread] INFO  impl.RaftServerProxy (RaftServerProxy.java:addNew(89)) - e13728cf-3c64-4852-8495-4d0cb3079bb1: addNew group-7F7869DC5146:[465ce252-5e74-4490-a1ab-d191d59bd013:172.17.0.2:41139, e13728cf-3c64-4852-8495-4d0cb3079bb1:172.17.0.2:33779, a92ba2f7-30fd-4550-80b5-20afa3a51854:172.17.0.2:36819] returns group-7F7869DC5146:java.util.concurrent.CompletableFuture@59ddbf9f[Not completed]
2020-07-02 11:36:35,717 [pool-63-thread-1] INFO  impl.RaftServerImpl (RaftServerImpl.java:<init>(99)) - e13728cf-3c64-4852-8495-4d0cb3079bb1: new RaftServerImpl for group-7F7869DC5146:[465ce252-5e74-4490-a1ab-d191d59bd013:172.17.0.2:41139, e13728cf-3c64-4852-8495-4d0cb3079bb1:172.17.0.2:33779, a92ba2f7-30fd-4550-80b5-20afa3a51854:172.17.0.2:36819] with ContainerStateMachine:uninitialized
2020-07-02 11:36:35,717 [pool-63-thread-1] INFO  server.RaftServerConfigKeys (ConfUtils.java:logGet(44)) - raft.server.rpc.timeout.min = 5s (custom)
2020-07-02 11:36:35,717 [pool-63-thread-1] INFO  server.RaftServerConfigKeys (ConfUtils.java:logGet(44)) - raft.server.rpc.timeout.max = 5200ms (custom)
2020-07-02 11:36:35,717 [pool-63-thread-1] INFO  server.RaftServerConfigKeys (ConfUtils.java:logGet(44)) - raft.server.rpcslowness.timeout = 1000000ms (custom)
2020-07-02 11:36:35,717 [pool-63-thread-1] INFO  server.RaftServerConfigKeys (ConfUtils.java:logGet(44)) - raft.server.sleep.deviation.threshold = 300 (default)
2020-07-02 11:36:35,718 [pool-63-thread-1] INFO  server.RaftServerConfigKeys (ConfUtils.java:logGet(44)) - raft.server.log.appender.install.snapshot.enabled = false (custom)
2020-07-02 11:36:35,718 [pool-63-thread-1] INFO  impl.RaftServerImpl (ServerState.java:<init>(103)) - e13728cf-3c64-4852-8495-4d0cb3079bb1@group-7F7869DC5146: ConfigurationManager, init=-1: [465ce252-5e74-4490-a1ab-d191d59bd013:172.17.0.2:41139, e13728cf-3c64-4852-8495-4d0cb3079bb1:172.17.0.2:33779, a92ba2f7-30fd-4550-80b5-20afa3a51854:172.17.0.2:36819], old=null, confs=<EMPTY_MAP>
2020-07-02 11:36:35,718 [pool-63-thread-1] INFO  server.RaftServerConfigKeys (ConfUtils.java:logGet(44)) - raft.server.storage.dir = [/github/workspace/mnt/ozone/hadoop-ozone/integration-test/target/test-dir/MiniOzoneClusterImpl-75337ffa-e5ae-4444-aee7-feba439eee52/datanode-2/data/ratis] (custom)
2020-07-02 11:36:35,718 [pool-63-thread-1] INFO  server.RaftServerConfigKeys (ConfUtils.java:logGet(44)) - raft.server.log.corruption.policy = EXCEPTION (default)
2020-07-02 11:36:35,718 [pool-63-thread-1] INFO  storage.RaftStorageDirectory (RaftStorageDirectory.java:analyzeStorage(261)) - The storage directory /github/workspace/mnt/ozone/hadoop-ozone/integration-test/target/test-dir/MiniOzoneClusterImpl-75337ffa-e5ae-4444-aee7-feba439eee52/datanode-2/data/ratis/686dbde0-1258-4abc-8882-7f7869dc5146 does not exist. Creating ...
2020-07-02 11:36:35,720 [pool-63-thread-1] INFO  storage.RaftStorageDirectory (RaftStorageDirectory.java:tryLock(343)) - Lock on /github/workspace/mnt/ozone/hadoop-ozone/integration-test/target/test-dir/MiniOzoneClusterImpl-75337ffa-e5ae-4444-aee7-feba439eee52/datanode-2/data/ratis/686dbde0-1258-4abc-8882-7f7869dc5146/in_use.lock acquired by nodename 37875@3270734acc2f
2020-07-02 11:36:35,720 [pool-33-thread-1] INFO  metrics.RatisMetrics (RatisMetrics.java:lambda$create$0(36)) - Creating Metrics Registry : ratis.server.465ce252-5e74-4490-a1ab-d191d59bd013@group-7F7869DC5146
2020-07-02 11:36:35,721 [pool-63-thread-1] INFO  storage.RaftStorage (RaftStorage.java:format(84)) - Storage directory /github/workspace/mnt/ozone/hadoop-ozone/integration-test/target/test-dir/MiniOzoneClusterImpl-75337ffa-e5ae-4444-aee7-feba439eee52/datanode-2/data/ratis/686dbde0-1258-4abc-8882-7f7869dc5146 has been successfully formatted.
2020-07-02 11:36:35,722 [pool-63-thread-1] INFO  ratis.ContainerStateMachine (ContainerStateMachine.java:loadSnapshot(225)) - group-7F7869DC5146: The snapshot info is null. Setting the last applied indexto:(t:0, i:~)
2020-07-02 11:36:35,722 [pool-33-thread-1] INFO  impl.RaftServerImpl (RaftServerImpl.java:start(186)) - 465ce252-5e74-4490-a1ab-d191d59bd013@group-7F7869DC5146: start as a follower, conf=-1: [465ce252-5e74-4490-a1ab-d191d59bd013:172.17.0.2:41139, e13728cf-3c64-4852-8495-4d0cb3079bb1:172.17.0.2:33779, a92ba2f7-30fd-4550-80b5-20afa3a51854:172.17.0.2:36819], old=null
2020-07-02 11:36:35,722 [pool-63-thread-1] INFO  server.RaftServerConfigKeys (ConfUtils.java:logGet(44)) - raft.server.notification.no-leader.timeout = 60s (default)
2020-07-02 11:36:35,722 [pool-63-thread-1] INFO  server.RaftServerConfigKeys (ConfUtils.java:logGet(44)) - raft.server.log.use.memory = false (default)
2020-07-02 11:36:35,722 [pool-63-thread-1] INFO  server.RaftServerConfigKeys (ConfUtils.java:logGet(44)) - raft.server.log.purge.gap = 1000000 (custom)
2020-07-02 11:36:35,722 [pool-63-thread-1] INFO  server.RaftServerConfigKeys (ConfUtils.java:logGet(44)) - raft.server.log.appender.buffer.byte-limit = 33554432 (custom)
2020-07-02 11:36:35,722 [pool-33-thread-1] INFO  impl.RaftServerImpl (RaftServerImpl.java:setRole(175)) - 465ce252-5e74-4490-a1ab-d191d59bd013@group-7F7869DC5146: changes role from      null to FOLLOWER at term 0 for startAsFollower
2020-07-02 11:36:35,722 [pool-33-thread-1] INFO  impl.RoleInfo (RoleInfo.java:updateAndGet(143)) - 465ce252-5e74-4490-a1ab-d191d59bd013: start FollowerState
2020-07-02 11:36:35,722 [pool-63-thread-1] INFO  server.RaftServerConfigKeys (ConfUtils.java:logGet(44)) - raft.server.log.segment.size.max = 1048576 (custom)
2020-07-02 11:36:35,722 [pool-63-thread-1] INFO  metrics.RatisMetrics (RatisMetrics.java:lambda$create$0(36)) - Creating Metrics Registry : ratis.log_worker.e13728cf-3c64-4852-8495-4d0cb3079bb1@group-7F7869DC5146
2020-07-02 11:36:35,723 [pool-63-thread-1] INFO  server.RaftServerConfigKeys (ConfUtils.java:logGet(44)) - raft.server.log.segment.cache.num.max = 2 (custom)
2020-07-02 11:36:35,723 [pool-63-thread-1] INFO  segmented.SegmentedRaftLogWorker (SegmentedRaftLogWorker.java:<init>(180)) - new e13728cf-3c64-4852-8495-4d0cb3079bb1@group-7F7869DC5146-SegmentedRaftLogWorker for RaftStorage:Storage Directory /github/workspace/mnt/ozone/hadoop-ozone/integration-test/target/test-dir/MiniOzoneClusterImpl-75337ffa-e5ae-4444-aee7-feba439eee52/datanode-2/data/ratis/686dbde0-1258-4abc-8882-7f7869dc5146
2020-07-02 11:36:35,723 [pool-63-thread-1] INFO  server.RaftServerConfigKeys (ConfUtils.java:logGet(44)) - raft.server.log.queue.byte-limit = 2147483647 (custom)
2020-07-02 11:36:35,723 [pool-63-thread-1] INFO  server.RaftServerConfigKeys (ConfUtils.java:logGet(44)) - raft.server.log.queue.element-limit = 1024 (custom)
2020-07-02 11:36:35,723 [pool-63-thread-1] INFO  server.RaftServerConfigKeys (ConfUtils.java:logGet(44)) - raft.server.log.segment.size.max = 1048576 (custom)
2020-07-02 11:36:35,723 [pool-63-thread-1] INFO  server.RaftServerConfigKeys (ConfUtils.java:logGet(44)) - raft.server.log.preallocated.size = 16384 (custom)
2020-07-02 11:36:35,723 [pool-63-thread-1] INFO  server.RaftServerConfigKeys (ConfUtils.java:logGet(44)) - raft.server.log.write.buffer.size = 1048576 (custom)
2020-07-02 11:36:35,723 [pool-63-thread-1] INFO  server.RaftServerConfigKeys (ConfUtils.java:logGet(44)) - raft.server.log.force.sync.num = 128 (default)
2020-07-02 11:36:35,723 [pool-63-thread-1] INFO  server.RaftServerConfigKeys (ConfUtils.java:logGet(44)) - raft.server.log.statemachine.data.sync = true (default)
2020-07-02 11:36:35,723 [pool-63-thread-1] INFO  server.RaftServerConfigKeys (ConfUtils.java:logGet(44)) - raft.server.log.statemachine.data.sync.timeout = 10s (default)
2020-07-02 11:36:35,723 [pool-63-thread-1] INFO  server.RaftServerConfigKeys (ConfUtils.java:logGet(44)) - raft.server.log.statemachine.data.sync.timeout.retry = -1 (default)
2020-07-02 11:36:35,726 [pool-33-thread-1] INFO  util.JmxRegister (JmxRegister.java:tryRegister(44)) - Successfully registered JMX Bean with object name Ratis:service=RaftServer,group=group-7F7869DC5146,id=465ce252-5e74-4490-a1ab-d191d59bd013
2020-07-02 11:36:35,726 [pool-33-thread-1] INFO  metrics.RatisMetrics (RatisMetrics.java:lambda$create$0(36)) - Creating Metrics Registry : ratis.state_machine.465ce252-5e74-4490-a1ab-d191d59bd013@group-7F7869DC5146
2020-07-02 11:36:35,737 [pool-63-thread-1] INFO  server.RaftServerConfigKeys (ConfUtils.java:logGet(44)) - raft.server.log.statemachine.data.caching.enabled = true (custom)
2020-07-02 11:36:35,737 [pool-63-thread-1] INFO  segmented.SegmentedRaftLogWorker (SegmentedRaftLogWorker.java:lambda$new$0(129)) - e13728cf-3c64-4852-8495-4d0cb3079bb1@group-7F7869DC5146-SegmentedRaftLogWorker: flushIndex: setUnconditionally 0 -> -1
2020-07-02 11:36:35,737 [pool-63-thread-1] INFO  segmented.SegmentedRaftLogWorker (SegmentedRaftLogWorker.java:lambda$new$0(129)) - e13728cf-3c64-4852-8495-4d0cb3079bb1@group-7F7869DC5146-SegmentedRaftLogWorker: safeCacheEvictIndex: setUnconditionally 0 -> -1
2020-07-02 11:36:35,744 [pool-63-thread-1] INFO  server.RaftServerConfigKeys (ConfUtils.java:logGet(44)) - raft.server.snapshot.auto.trigger.enabled = true (custom)
2020-07-02 11:36:35,744 [pool-63-thread-1] INFO  server.RaftServerConfigKeys (ConfUtils.java:logGet(44)) - raft.server.snapshot.auto.trigger.threshold = 10000 (custom)
2020-07-02 11:36:35,744 [pool-63-thread-1] INFO  server.RaftServerConfigKeys (ConfUtils.java:logGet(44)) - raft.server.snapshot.retention.file.num = 5 (custom)
2020-07-02 11:36:35,744 [pool-63-thread-1] INFO  server.RaftServerConfigKeys (ConfUtils.java:logGet(44)) - raft.server.log.purge.upto.snapshot.index = false (default)
2020-07-02 11:36:35,744 [pool-63-thread-1] INFO  server.RaftServerConfigKeys (ConfUtils.java:logGet(44)) - raft.server.retrycache.expirytime = 600000ms (custom)
2020-07-02 11:36:35,744 [pool-63-thread-1] INFO  metrics.RatisMetrics (RatisMetrics.java:lambda$create$0(36)) - Creating Metrics Registry : ratis.leader_election.e13728cf-3c64-4852-8495-4d0cb3079bb1@group-7F7869DC5146
2020-07-02 11:36:35,745 [pool-63-thread-1] INFO  metrics.RatisMetrics (RatisMetrics.java:lambda$create$0(36)) - Creating Metrics Registry : ratis.server.e13728cf-3c64-4852-8495-4d0cb3079bb1@group-7F7869DC5146
2020-07-02 11:36:35,748 [pool-63-thread-1] INFO  impl.RaftServerImpl (RaftServerImpl.java:start(186)) - e13728cf-3c64-4852-8495-4d0cb3079bb1@group-7F7869DC5146: start as a follower, conf=-1: [465ce252-5e74-4490-a1ab-d191d59bd013:172.17.0.2:41139, e13728cf-3c64-4852-8495-4d0cb3079bb1:172.17.0.2:33779, a92ba2f7-30fd-4550-80b5-20afa3a51854:172.17.0.2:36819], old=null
2020-07-02 11:36:35,748 [pool-63-thread-1] INFO  impl.RaftServerImpl (RaftServerImpl.java:setRole(175)) - e13728cf-3c64-4852-8495-4d0cb3079bb1@group-7F7869DC5146: changes role from      null to FOLLOWER at term 0 for startAsFollower
2020-07-02 11:36:35,748 [pool-63-thread-1] INFO  impl.RoleInfo (RoleInfo.java:updateAndGet(143)) - e13728cf-3c64-4852-8495-4d0cb3079bb1: start FollowerState
2020-07-02 11:36:35,754 [pool-63-thread-1] INFO  util.JmxRegister (JmxRegister.java:tryRegister(44)) - Successfully registered JMX Bean with object name Ratis:service=RaftServer,group=group-7F7869DC5146,id=e13728cf-3c64-4852-8495-4d0cb3079bb1
2020-07-02 11:36:35,754 [pool-63-thread-1] INFO  metrics.RatisMetrics (RatisMetrics.java:lambda$create$0(36)) - Creating Metrics Registry : ratis.state_machine.e13728cf-3c64-4852-8495-4d0cb3079bb1@group-7F7869DC5146
2020-07-02 11:36:36,258 [Command processor thread] INFO  commandhandler.CreatePipelineCommandHandler (CreatePipelineCommandHandler.java:handle(109)) - Created Pipeline RATIS THREE #id: "686dbde0-1258-4abc-8882-7f7869dc5146"
.
2020-07-02 11:36:36,259 [Command processor thread] INFO  commandhandler.CreatePipelineCommandHandler (CreatePipelineCommandHandler.java:handle(109)) - Created Pipeline RATIS THREE #id: "686dbde0-1258-4abc-8882-7f7869dc5146"
.
2020-07-02 11:36:36,266 [Command processor thread] INFO  commandhandler.CreatePipelineCommandHandler (CreatePipelineCommandHandler.java:handle(109)) - Created Pipeline RATIS THREE #id: "686dbde0-1258-4abc-8882-7f7869dc5146"
.
2020-07-02 11:36:36,613 [Listener at 127.0.0.1/42581] INFO  ozone.MiniOzoneClusterImpl (MiniOzoneClusterImpl.java:lambda$waitForClusterToBeReady$0(177)) - Nodes are ready. Got 3 of 3 DN Heartbeats.
2020-07-02 11:36:36,613 [Listener at 127.0.0.1/42581] INFO  ozone.MiniOzoneClusterImpl (MiniOzoneClusterImpl.java:lambda$waitForClusterToBeReady$0(180)) - Waiting for cluster to exit safe mode
2020-07-02 11:36:37,613 [Listener at 127.0.0.1/42581] INFO  ozone.MiniOzoneClusterImpl (MiniOzoneClusterImpl.java:lambda$waitForClusterToBeReady$0(177)) - Nodes are ready. Got 3 of 3 DN Heartbeats.
2020-07-02 11:36:37,614 [Listener at 127.0.0.1/42581] INFO  ozone.MiniOzoneClusterImpl (MiniOzoneClusterImpl.java:lambda$waitForClusterToBeReady$0(180)) - Waiting for cluster to exit safe mode
2020-07-02 11:36:38,614 [Listener at 127.0.0.1/42581] INFO  ozone.MiniOzoneClusterImpl (MiniOzoneClusterImpl.java:lambda$waitForClusterToBeReady$0(177)) - Nodes are ready. Got 3 of 3 DN Heartbeats.
2020-07-02 11:36:38,614 [Listener at 127.0.0.1/42581] INFO  ozone.MiniOzoneClusterImpl (MiniOzoneClusterImpl.java:lambda$waitForClusterToBeReady$0(180)) - Waiting for cluster to exit safe mode
2020-07-02 11:36:39,614 [Listener at 127.0.0.1/42581] INFO  ozone.MiniOzoneClusterImpl (MiniOzoneClusterImpl.java:lambda$waitForClusterToBeReady$0(177)) - Nodes are ready. Got 3 of 3 DN Heartbeats.
2020-07-02 11:36:39,615 [Listener at 127.0.0.1/42581] INFO  ozone.MiniOzoneClusterImpl (MiniOzoneClusterImpl.java:lambda$waitForClusterToBeReady$0(180)) - Waiting for cluster to exit safe mode
2020-07-02 11:36:40,615 [Listener at 127.0.0.1/42581] INFO  ozone.MiniOzoneClusterImpl (MiniOzoneClusterImpl.java:lambda$waitForClusterToBeReady$0(177)) - Nodes are ready. Got 3 of 3 DN Heartbeats.
2020-07-02 11:36:40,615 [Listener at 127.0.0.1/42581] INFO  ozone.MiniOzoneClusterImpl (MiniOzoneClusterImpl.java:lambda$waitForClusterToBeReady$0(180)) - Waiting for cluster to exit safe mode
2020-07-02 11:36:40,655 [Thread-194] INFO  impl.FollowerState (FollowerState.java:run(108)) - 465ce252-5e74-4490-a1ab-d191d59bd013@group-4BBD7B5F44AD-FollowerState: change to CANDIDATE, lastRpcTime:5034ms, electionTimeout:5012ms
2020-07-02 11:36:40,656 [Thread-194] INFO  impl.RoleInfo (RoleInfo.java:shutdownFollowerState(121)) - 465ce252-5e74-4490-a1ab-d191d59bd013: shutdown FollowerState
2020-07-02 11:36:40,656 [Thread-194] INFO  impl.RaftServerImpl (RaftServerImpl.java:setRole(175)) - 465ce252-5e74-4490-a1ab-d191d59bd013@group-4BBD7B5F44AD: changes role from  FOLLOWER to CANDIDATE at term 0 for changeToCandidate
2020-07-02 11:36:40,658 [Thread-194] INFO  impl.RoleInfo (RoleInfo.java:updateAndGet(143)) - 465ce252-5e74-4490-a1ab-d191d59bd013: start LeaderElection
2020-07-02 11:36:40,660 [465ce252-5e74-4490-a1ab-d191d59bd013@group-4BBD7B5F44AD-LeaderElection1] INFO  impl.LeaderElection (LeaderElection.java:askForVotes(206)) - 465ce252-5e74-4490-a1ab-d191d59bd013@group-4BBD7B5F44AD-LeaderElection1: begin an election at term 1 for -1: [465ce252-5e74-4490-a1ab-d191d59bd013:172.17.0.2:41139], old=null
2020-07-02 11:36:40,661 [465ce252-5e74-4490-a1ab-d191d59bd013@group-4BBD7B5F44AD-LeaderElection1] INFO  impl.RoleInfo (RoleInfo.java:shutdownLeaderElection(134)) - 465ce252-5e74-4490-a1ab-d191d59bd013: shutdown LeaderElection
2020-07-02 11:36:40,662 [465ce252-5e74-4490-a1ab-d191d59bd013@group-4BBD7B5F44AD-LeaderElection1] INFO  impl.RaftServerImpl (RaftServerImpl.java:setRole(175)) - 465ce252-5e74-4490-a1ab-d191d59bd013@group-4BBD7B5F44AD: changes role from CANDIDATE to LEADER at term 1 for changeToLeader
2020-07-02 11:36:40,662 [465ce252-5e74-4490-a1ab-d191d59bd013@group-4BBD7B5F44AD-LeaderElection1] INFO  ratis.XceiverServerRatis (XceiverServerRatis.java:handleLeaderChangedNotification(762)) - Leader change notification received for group: group-4BBD7B5F44AD with new leaderId: 465ce252-5e74-4490-a1ab-d191d59bd013
2020-07-02 11:36:40,662 [465ce252-5e74-4490-a1ab-d191d59bd013@group-4BBD7B5F44AD-LeaderElection1] INFO  impl.RaftServerImpl (ServerState.java:setLeader(255)) - 465ce252-5e74-4490-a1ab-d191d59bd013@group-4BBD7B5F44AD: change Leader from null to 465ce252-5e74-4490-a1ab-d191d59bd013 at term 1 for becomeLeader, leader elected after 5189ms
2020-07-02 11:36:40,665 [465ce252-5e74-4490-a1ab-d191d59bd013@group-4BBD7B5F44AD-LeaderElection1] INFO  server.RaftServerConfigKeys (ConfUtils.java:logGet(44)) - raft.server.staging.catchup.gap = 1000 (default)
2020-07-02 11:36:40,665 [465ce252-5e74-4490-a1ab-d191d59bd013@group-4BBD7B5F44AD-LeaderElection1] INFO  server.RaftServerConfigKeys (ConfUtils.java:logGet(44)) - raft.server.rpc.sleep.time = 25ms (default)
2020-07-02 11:36:40,667 [465ce252-5e74-4490-a1ab-d191d59bd013@group-4BBD7B5F44AD-LeaderElection1] INFO  metrics.RatisMetrics (RatisMetrics.java:lambda$create$0(36)) - Creating Metrics Registry : ratis.log_appender.465ce252-5e74-4490-a1ab-d191d59bd013@group-4BBD7B5F44AD
2020-07-02 11:36:40,668 [465ce252-5e74-4490-a1ab-d191d59bd013@group-4BBD7B5F44AD-LeaderElection1] INFO  server.RaftServerConfigKeys (ConfUtils.java:logGet(44)) - raft.server.write.element-limit = 1024 (custom)
2020-07-02 11:36:40,668 [465ce252-5e74-4490-a1ab-d191d59bd013@group-4BBD7B5F44AD-LeaderElection1] INFO  server.RaftServerConfigKeys (ConfUtils.java:logGet(44)) - raft.server.write.byte-limit = 1073741824 (custom)
2020-07-02 11:36:40,679 [465ce252-5e74-4490-a1ab-d191d59bd013@group-4BBD7B5F44AD-LeaderElection1] INFO  server.RaftServerConfigKeys (ConfUtils.java:logGet(44)) - raft.server.watch.timeout = 3000ms (custom)
2020-07-02 11:36:40,679 [465ce252-5e74-4490-a1ab-d191d59bd013@group-4BBD7B5F44AD-LeaderElection1] INFO  server.RaftServerConfigKeys (ConfUtils.java:logGet(44)) - raft.server.watch.timeout.denomination = 1s (default)
2020-07-02 11:36:40,680 [465ce252-5e74-4490-a1ab-d191d59bd013@group-4BBD7B5F44AD-LeaderElection1] INFO  server.RaftServerConfigKeys (ConfUtils.java:logGet(44)) - raft.server.watch.element-limit = 65536 (default)
2020-07-02 11:36:40,685 [465ce252-5e74-4490-a1ab-d191d59bd013@group-4BBD7B5F44AD-LeaderElection1] INFO  impl.RoleInfo (RoleInfo.java:updateAndGet(143)) - 465ce252-5e74-4490-a1ab-d191d59bd013: start LeaderState
2020-07-02 11:36:40,697 [465ce252-5e74-4490-a1ab-d191d59bd013@group-4BBD7B5F44AD-LeaderElection1] INFO  segmented.SegmentedRaftLogWorker (SegmentedRaftLogWorker.java:startLogSegment(397)) - 465ce252-5e74-4490-a1ab-d191d59bd013@group-4BBD7B5F44AD-SegmentedRaftLogWorker: Starting segment from index:0
2020-07-02 11:36:40,722 [465ce252-5e74-4490-a1ab-d191d59bd013@group-4BBD7B5F44AD-LeaderElection1] INFO  impl.RaftServerImpl (ServerState.java:setRaftConf(356)) - 465ce252-5e74-4490-a1ab-d191d59bd013@group-4BBD7B5F44AD: set configuration 0: [465ce252-5e74-4490-a1ab-d191d59bd013:172.17.0.2:41139], old=null at 0
2020-07-02 11:36:40,771 [465ce252-5e74-4490-a1ab-d191d59bd013@group-4BBD7B5F44AD-SegmentedRaftLogWorker] INFO  segmented.SegmentedRaftLogWorker (SegmentedRaftLogWorker.java:execute(596)) - 465ce252-5e74-4490-a1ab-d191d59bd013@group-4BBD7B5F44AD-SegmentedRaftLogWorker: created new log segment /github/workspace/mnt/ozone/hadoop-ozone/integration-test/target/test-dir/MiniOzoneClusterImpl-75337ffa-e5ae-4444-aee7-feba439eee52/datanode-0/data/ratis/02d0d0fb-5860-42a2-b6b6-4bbd7b5f44ad/current/log_inprogress_0
2020-07-02 11:36:40,778 [Thread-193] INFO  impl.FollowerState (FollowerState.java:run(108)) - a92ba2f7-30fd-4550-80b5-20afa3a51854@group-D6349EC58C61-FollowerState: change to CANDIDATE, lastRpcTime:5166ms, electionTimeout:5157ms
2020-07-02 11:36:40,779 [Thread-193] INFO  impl.RoleInfo (RoleInfo.java:shutdownFollowerState(121)) - a92ba2f7-30fd-4550-80b5-20afa3a51854: shutdown FollowerState
2020-07-02 11:36:40,779 [Thread-193] INFO  impl.RaftServerImpl (RaftServerImpl.java:setRole(175)) - a92ba2f7-30fd-4550-80b5-20afa3a51854@group-D6349EC58C61: changes role from  FOLLOWER to CANDIDATE at term 0 for changeToCandidate
2020-07-02 11:36:40,779 [Thread-193] INFO  impl.RoleInfo (RoleInfo.java:updateAndGet(143)) - a92ba2f7-30fd-4550-80b5-20afa3a51854: start LeaderElection
2020-07-02 11:36:40,781 [a92ba2f7-30fd-4550-80b5-20afa3a51854@group-D6349EC58C61-LeaderElection2] INFO  impl.LeaderElection (LeaderElection.java:askForVotes(206)) - a92ba2f7-30fd-4550-80b5-20afa3a51854@group-D6349EC58C61-LeaderElection2: begin an election at term 1 for -1: [a92ba2f7-30fd-4550-80b5-20afa3a51854:172.17.0.2:36819], old=null
2020-07-02 11:36:40,785 [a92ba2f7-30fd-4550-80b5-20afa3a51854@group-D6349EC58C61-LeaderElection2] INFO  impl.RoleInfo (RoleInfo.java:shutdownLeaderElection(134)) - a92ba2f7-30fd-4550-80b5-20afa3a51854: shutdown LeaderElection
2020-07-02 11:36:40,786 [a92ba2f7-30fd-4550-80b5-20afa3a51854@group-D6349EC58C61-LeaderElection2] INFO  impl.RaftServerImpl (RaftServerImpl.java:setRole(175)) - a92ba2f7-30fd-4550-80b5-20afa3a51854@group-D6349EC58C61: changes role from CANDIDATE to LEADER at term 1 for changeToLeader
2020-07-02 11:36:40,786 [a92ba2f7-30fd-4550-80b5-20afa3a51854@group-D6349EC58C61-LeaderElection2] INFO  ratis.XceiverServerRatis (XceiverServerRatis.java:handleLeaderChangedNotification(762)) - Leader change notification received for group: group-D6349EC58C61 with new leaderId: a92ba2f7-30fd-4550-80b5-20afa3a51854
2020-07-02 11:36:40,786 [a92ba2f7-30fd-4550-80b5-20afa3a51854@group-D6349EC58C61-LeaderElection2] INFO  impl.RaftServerImpl (ServerState.java:setLeader(255)) - a92ba2f7-30fd-4550-80b5-20afa3a51854@group-D6349EC58C61: change Leader from null to a92ba2f7-30fd-4550-80b5-20afa3a51854 at term 1 for becomeLeader, leader elected after 5185ms
2020-07-02 11:36:40,786 [a92ba2f7-30fd-4550-80b5-20afa3a51854@group-D6349EC58C61-LeaderElection2] INFO  server.RaftServerConfigKeys (ConfUtils.java:logGet(44)) - raft.server.staging.catchup.gap = 1000 (default)
2020-07-02 11:36:40,786 [a92ba2f7-30fd-4550-80b5-20afa3a51854@group-D6349EC58C61-LeaderElection2] INFO  server.RaftServerConfigKeys (ConfUtils.java:logGet(44)) - raft.server.rpc.sleep.time = 25ms (default)
2020-07-02 11:36:40,786 [a92ba2f7-30fd-4550-80b5-20afa3a51854@group-D6349EC58C61-LeaderElection2] INFO  metrics.RatisMetrics (RatisMetrics.java:lambda$create$0(36)) - Creating Metrics Registry : ratis.log_appender.a92ba2f7-30fd-4550-80b5-20afa3a51854@group-D6349EC58C61
2020-07-02 11:36:40,786 [a92ba2f7-30fd-4550-80b5-20afa3a51854@group-D6349EC58C61-LeaderElection2] INFO  server.RaftServerConfigKeys (ConfUtils.java:logGet(44)) - raft.server.write.element-limit = 1024 (custom)
2020-07-02 11:36:40,787 [a92ba2f7-30fd-4550-80b5-20afa3a51854@group-D6349EC58C61-LeaderElection2] INFO  server.RaftServerConfigKeys (ConfUtils.java:logGet(44)) - raft.server.write.byte-limit = 1073741824 (custom)
2020-07-02 11:36:40,790 [a92ba2f7-30fd-4550-80b5-20afa3a51854@group-D6349EC58C61-LeaderElection2] INFO  server.RaftServerConfigKeys (ConfUtils.java:logGet(44)) - raft.server.watch.timeout = 3000ms (custom)
2020-07-02 11:36:40,790 [a92ba2f7-30fd-4550-80b5-20afa3a51854@group-D6349EC58C61-LeaderElection2] INFO  server.RaftServerConfigKeys (ConfUtils.java:logGet(44)) - raft.server.watch.timeout.denomination = 1s (default)
2020-07-02 11:36:40,790 [a92ba2f7-30fd-4550-80b5-20afa3a51854@group-D6349EC58C61-LeaderElection2] INFO  server.RaftServerConfigKeys (ConfUtils.java:logGet(44)) - raft.server.watch.element-limit = 65536 (default)
2020-07-02 11:36:40,790 [a92ba2f7-30fd-4550-80b5-20afa3a51854@group-D6349EC58C61-LeaderElection2] INFO  impl.RoleInfo (RoleInfo.java:updateAndGet(143)) - a92ba2f7-30fd-4550-80b5-20afa3a51854: start LeaderState
2020-07-02 11:36:40,791 [Thread-203] INFO  impl.FollowerState (FollowerState.java:run(108)) - e13728cf-3c64-4852-8495-4d0cb3079bb1@group-7F7869DC5146-FollowerState: change to CANDIDATE, lastRpcTime:5042ms, electionTimeout:5035ms
2020-07-02 11:36:40,791 [Thread-203] INFO  impl.RoleInfo (RoleInfo.java:shutdownFollowerState(121)) - e13728cf-3c64-4852-8495-4d0cb3079bb1: shutdown FollowerState
2020-07-02 11:36:40,791 [Thread-203] INFO  impl.RaftServerImpl (RaftServerImpl.java:setRole(175)) - e13728cf-3c64-4852-8495-4d0cb3079bb1@group-7F7869DC5146: changes role from  FOLLOWER to CANDIDATE at term 0 for changeToCandidate
2020-07-02 11:36:40,791 [Thread-203] INFO  impl.RoleInfo (RoleInfo.java:updateAndGet(143)) - e13728cf-3c64-4852-8495-4d0cb3079bb1: start LeaderElection
2020-07-02 11:36:40,792 [a92ba2f7-30fd-4550-80b5-20afa3a51854@group-D6349EC58C61-LeaderElection2] INFO  segmented.SegmentedRaftLogWorker (SegmentedRaftLogWorker.java:startLogSegment(397)) - a92ba2f7-30fd-4550-80b5-20afa3a51854@group-D6349EC58C61-SegmentedRaftLogWorker: Starting segment from index:0
2020-07-02 11:36:40,794 [a92ba2f7-30fd-4550-80b5-20afa3a51854@group-D6349EC58C61-LeaderElection2] INFO  impl.RaftServerImpl (ServerState.java:setRaftConf(356)) - a92ba2f7-30fd-4550-80b5-20afa3a51854@group-D6349EC58C61: set configuration 0: [a92ba2f7-30fd-4550-80b5-20afa3a51854:172.17.0.2:36819], old=null at 0
2020-07-02 11:36:40,795 [a92ba2f7-30fd-4550-80b5-20afa3a51854@group-D6349EC58C61-SegmentedRaftLogWorker] INFO  segmented.SegmentedRaftLogWorker (SegmentedRaftLogWorker.java:execute(596)) - a92ba2f7-30fd-4550-80b5-20afa3a51854@group-D6349EC58C61-SegmentedRaftLogWorker: created new log segment /github/workspace/mnt/ozone/hadoop-ozone/integration-test/target/test-dir/MiniOzoneClusterImpl-75337ffa-e5ae-4444-aee7-feba439eee52/datanode-1/data/ratis/37037ad9-3efd-438f-93f8-d6349ec58c61/current/log_inprogress_0
2020-07-02 11:36:40,798 [e13728cf-3c64-4852-8495-4d0cb3079bb1@group-7F7869DC5146-LeaderElection3] INFO  impl.LeaderElection (LeaderElection.java:askForVotes(206)) - e13728cf-3c64-4852-8495-4d0cb3079bb1@group-7F7869DC5146-LeaderElection3: begin an election at term 1 for -1: [465ce252-5e74-4490-a1ab-d191d59bd013:172.17.0.2:41139, e13728cf-3c64-4852-8495-4d0cb3079bb1:172.17.0.2:33779, a92ba2f7-30fd-4550-80b5-20afa3a51854:172.17.0.2:36819], old=null
2020-07-02 11:36:40,826 [Thread-201] INFO  impl.FollowerState (FollowerState.java:run(108)) - 465ce252-5e74-4490-a1ab-d191d59bd013@group-7F7869DC5146-FollowerState: change to CANDIDATE, lastRpcTime:5104ms, electionTimeout:5097ms
2020-07-02 11:36:40,827 [Thread-201] INFO  impl.RoleInfo (RoleInfo.java:shutdownFollowerState(121)) - 465ce252-5e74-4490-a1ab-d191d59bd013: shutdown FollowerState
2020-07-02 11:36:40,827 [Thread-201] INFO  impl.RaftServerImpl (RaftServerImpl.java:setRole(175)) - 465ce252-5e74-4490-a1ab-d191d59bd013@group-7F7869DC5146: changes role from  FOLLOWER to CANDIDATE at term 0 for changeToCandidate
2020-07-02 11:36:40,827 [Thread-201] INFO  impl.RoleInfo (RoleInfo.java:updateAndGet(143)) - 465ce252-5e74-4490-a1ab-d191d59bd013: start LeaderElection
2020-07-02 11:36:40,827 [grpc-default-executor-2] DEBUG impl.RaftServerImpl (RaftServerImpl.java:requestVote(821)) - 465ce252-5e74-4490-a1ab-d191d59bd013@group-7F7869DC5146: receive requestVote(e13728cf-3c64-4852-8495-4d0cb3079bb1, group-7F7869DC5146, 1, (t:0, i:0))
2020-07-02 11:36:40,837 [Thread-200] INFO  impl.FollowerState (FollowerState.java:run(108)) - e13728cf-3c64-4852-8495-4d0cb3079bb1@group-E91674390F0D-FollowerState: change to CANDIDATE, lastRpcTime:5136ms, electionTimeout:5126ms
2020-07-02 11:36:40,837 [Thread-200] INFO  impl.RoleInfo (RoleInfo.java:shutdownFollowerState(121)) - e13728cf-3c64-4852-8495-4d0cb3079bb1: shutdown FollowerState
2020-07-02 11:36:40,838 [Thread-200] INFO  impl.RaftServerImpl (RaftServerImpl.java:setRole(175)) - e13728cf-3c64-4852-8495-4d0cb3079bb1@group-E91674390F0D: changes role from  FOLLOWER to CANDIDATE at term 0 for changeToCandidate
2020-07-02 11:36:40,838 [grpc-default-executor-2] INFO  impl.RaftServerImpl (RaftServerImpl.java:setRole(175)) - 465ce252-5e74-4490-a1ab-d191d59bd013@group-7F7869DC5146: changes role from CANDIDATE to FOLLOWER at term 1 for recognizeCandidate:e13728cf-3c64-4852-8495-4d0cb3079bb1
2020-07-02 11:36:40,838 [grpc-default-executor-2] INFO  impl.RoleInfo (RoleInfo.java:shutdownLeaderElection(134)) - 465ce252-5e74-4490-a1ab-d191d59bd013: shutdown LeaderElection
2020-07-02 11:36:40,838 [grpc-default-executor-2] INFO  impl.RoleInfo (RoleInfo.java:updateAndGet(143)) - 465ce252-5e74-4490-a1ab-d191d59bd013: start FollowerState
2020-07-02 11:36:40,838 [Thread-200] INFO  impl.RoleInfo (RoleInfo.java:updateAndGet(143)) - e13728cf-3c64-4852-8495-4d0cb3079bb1: start LeaderElection
2020-07-02 11:36:40,847 [grpc-default-executor-1] DEBUG impl.RaftServerImpl (RaftServerImpl.java:requestVote(821)) - a92ba2f7-30fd-4550-80b5-20afa3a51854@group-7F7869DC5146: receive requestVote(e13728cf-3c64-4852-8495-4d0cb3079bb1, group-7F7869DC5146, 1, (t:0, i:0))
2020-07-02 11:36:40,848 [grpc-default-executor-1] INFO  impl.RaftServerImpl (RaftServerImpl.java:setRole(175)) - a92ba2f7-30fd-4550-80b5-20afa3a51854@group-7F7869DC5146: changes role from  FOLLOWER to FOLLOWER at term 1 for recognizeCandidate:e13728cf-3c64-4852-8495-4d0cb3079bb1
2020-07-02 11:36:40,848 [grpc-default-executor-1] INFO  impl.RoleInfo (RoleInfo.java:shutdownFollowerState(121)) - a92ba2f7-30fd-4550-80b5-20afa3a51854: shutdown FollowerState
2020-07-02 11:36:40,848 [grpc-default-executor-1] INFO  impl.RoleInfo (RoleInfo.java:updateAndGet(143)) - a92ba2f7-30fd-4550-80b5-20afa3a51854: start FollowerState
2020-07-02 11:36:40,848 [Thread-198] INFO  impl.FollowerState (FollowerState.java:run(117)) - a92ba2f7-30fd-4550-80b5-20afa3a51854@group-7F7869DC5146-FollowerState was interrupted: java.lang.InterruptedException: sleep interrupted
2020-07-02 11:36:40,854 [grpc-default-executor-2] DEBUG impl.RaftServerImpl (RaftServerImpl.java:requestVote(853)) - 465ce252-5e74-4490-a1ab-d191d59bd013@group-7F7869DC5146 replies to vote request: e13728cf-3c64-4852-8495-4d0cb3079bb1<-465ce252-5e74-4490-a1ab-d191d59bd013#0:FAIL-t1. Peer's state: 465ce252-5e74-4490-a1ab-d191d59bd013@group-7F7869DC5146:t1, leader=null, voted=null, raftlog=465ce252-5e74-4490-a1ab-d191d59bd013@group-7F7869DC5146-SegmentedRaftLog:OPENED:c-1,f-1,i0, conf=-1: [465ce252-5e74-4490-a1ab-d191d59bd013:172.17.0.2:41139, e13728cf-3c64-4852-8495-4d0cb3079bb1:172.17.0.2:33779, a92ba2f7-30fd-4550-80b5-20afa3a51854:172.17.0.2:36819], old=null
2020-07-02 11:36:40,854 [grpc-default-executor-1] DEBUG impl.RaftServerImpl (RaftServerImpl.java:requestVote(853)) - a92ba2f7-30fd-4550-80b5-20afa3a51854@group-7F7869DC5146 replies to vote request: e13728cf-3c64-4852-8495-4d0cb3079bb1<-a92ba2f7-30fd-4550-80b5-20afa3a51854#0:OK-t1. Peer's state: a92ba2f7-30fd-4550-80b5-20afa3a51854@group-7F7869DC5146:t1, leader=null, voted=e13728cf-3c64-4852-8495-4d0cb3079bb1, raftlog=a92ba2f7-30fd-4550-80b5-20afa3a51854@group-7F7869DC5146-SegmentedRaftLog:OPENED:c-1,f-1,i0, conf=-1: [465ce252-5e74-4490-a1ab-d191d59bd013:172.17.0.2:41139, e13728cf-3c64-4852-8495-4d0cb3079bb1:172.17.0.2:33779, a92ba2f7-30fd-4550-80b5-20afa3a51854:172.17.0.2:36819], old=null
2020-07-02 11:36:40,862 [e13728cf-3c64-4852-8495-4d0cb3079bb1@group-E91674390F0D-LeaderElection5] INFO  impl.LeaderElection (LeaderElection.java:askForVotes(206)) - e13728cf-3c64-4852-8495-4d0cb3079bb1@group-E91674390F0D-LeaderElection5: begin an election at term 1 for -1: [e13728cf-3c64-4852-8495-4d0cb3079bb1:172.17.0.2:33779], old=null
2020-07-02 11:36:40,863 [e13728cf-3c64-4852-8495-4d0cb3079bb1@group-E91674390F0D-LeaderElection5] INFO  impl.RoleInfo (RoleInfo.java:shutdownLeaderElection(134)) - e13728cf-3c64-4852-8495-4d0cb3079bb1: shutdown LeaderElection
2020-07-02 11:36:40,863 [e13728cf-3c64-4852-8495-4d0cb3079bb1@group-E91674390F0D-LeaderElection5] INFO  impl.RaftServerImpl (RaftServerImpl.java:setRole(175)) - e13728cf-3c64-4852-8495-4d0cb3079bb1@group-E91674390F0D: changes role from CANDIDATE to LEADER at term 1 for changeToLeader
2020-07-02 11:36:40,863 [e13728cf-3c64-4852-8495-4d0cb3079bb1@group-E91674390F0D-LeaderElection5] INFO  ratis.XceiverServerRatis (XceiverServerRatis.java:handleLeaderChangedNotification(762)) - Leader change notification received for group: group-E91674390F0D with new leaderId: e13728cf-3c64-4852-8495-4d0cb3079bb1
2020-07-02 11:36:40,864 [e13728cf-3c64-4852-8495-4d0cb3079bb1@group-E91674390F0D-LeaderElection5] INFO  impl.RaftServerImpl (ServerState.java:setLeader(255)) - e13728cf-3c64-4852-8495-4d0cb3079bb1@group-E91674390F0D: change Leader from null to e13728cf-3c64-4852-8495-4d0cb3079bb1 at term 1 for becomeLeader, leader elected after 5200ms
2020-07-02 11:36:40,865 [465ce252-5e74-4490-a1ab-d191d59bd013@group-7F7869DC5146-LeaderElection4] INFO  impl.LeaderElection (LeaderElection.java:askForVotes(206)) - 465ce252-5e74-4490-a1ab-d191d59bd013@group-7F7869DC5146-LeaderElection4: begin an election at term 2 for -1: [465ce252-5e74-4490-a1ab-d191d59bd013:172.17.0.2:41139, e13728cf-3c64-4852-8495-4d0cb3079bb1:172.17.0.2:33779, a92ba2f7-30fd-4550-80b5-20afa3a51854:172.17.0.2:36819], old=null
2020-07-02 11:36:40,866 [e13728cf-3c64-4852-8495-4d0cb3079bb1@group-E91674390F0D-LeaderElection5] INFO  server.RaftServerConfigKeys (ConfUtils.java:logGet(44)) - raft.server.staging.catchup.gap = 1000 (default)
2020-07-02 11:36:40,866 [e13728cf-3c64-4852-8495-4d0cb3079bb1@group-E91674390F0D-LeaderElection5] INFO  server.RaftServerConfigKeys (ConfUtils.java:logGet(44)) - raft.server.rpc.sleep.time = 25ms (default)
2020-07-02 11:36:40,868 [465ce252-5e74-4490-a1ab-d191d59bd013@group-7F7869DC5146-LeaderElection4] INFO  impl.LeaderElection (LeaderElection.java:logAndReturn(61)) - 465ce252-5e74-4490-a1ab-d191d59bd013@group-7F7869DC5146-LeaderElection4: Election REJECTED; received 0 response(s) [] and 0 exception(s); 465ce252-5e74-4490-a1ab-d191d59bd013@group-7F7869DC5146:t2, leader=null, voted=465ce252-5e74-4490-a1ab-d191d59bd013, raftlog=465ce252-5e74-4490-a1ab-d191d59bd013@group-7F7869DC5146-SegmentedRaftLog:OPENED:c-1,f-1,i0, conf=-1: [465ce252-5e74-4490-a1ab-d191d59bd013:172.17.0.2:41139, e13728cf-3c64-4852-8495-4d0cb3079bb1:172.17.0.2:33779, a92ba2f7-30fd-4550-80b5-20afa3a51854:172.17.0.2:36819], old=null
2020-07-02 11:36:40,868 [e13728cf-3c64-4852-8495-4d0cb3079bb1@group-E91674390F0D-LeaderElection5] INFO  metrics.RatisMetrics (RatisMetrics.java:lambda$create$0(36)) - Creating Metrics Registry : ratis.log_appender.e13728cf-3c64-4852-8495-4d0cb3079bb1@group-E91674390F0D
2020-07-02 11:36:40,868 [e13728cf-3c64-4852-8495-4d0cb3079bb1@group-E91674390F0D-LeaderElection5] INFO  server.RaftServerConfigKeys (ConfUtils.java:logGet(44)) - raft.server.write.element-limit = 1024 (custom)
2020-07-02 11:36:40,870 [e13728cf-3c64-4852-8495-4d0cb3079bb1@group-E91674390F0D-LeaderElection5] INFO  server.RaftServerConfigKeys (ConfUtils.java:logGet(44)) - raft.server.write.byte-limit = 1073741824 (custom)
2020-07-02 11:36:40,871 [e13728cf-3c64-4852-8495-4d0cb3079bb1@group-E91674390F0D-LeaderElection5] INFO  server.RaftServerConfigKeys (ConfUtils.java:logGet(44)) - raft.server.watch.timeout = 3000ms (custom)
2020-07-02 11:36:40,871 [e13728cf-3c64-4852-8495-4d0cb3079bb1@group-E91674390F0D-LeaderElection5] INFO  server.RaftServerConfigKeys (ConfUtils.java:logGet(44)) - raft.server.watch.timeout.denomination = 1s (default)
2020-07-02 11:36:40,871 [e13728cf-3c64-4852-8495-4d0cb3079bb1@group-E91674390F0D-LeaderElection5] INFO  server.RaftServerConfigKeys (ConfUtils.java:logGet(44)) - raft.server.watch.element-limit = 65536 (default)
2020-07-02 11:36:40,871 [e13728cf-3c64-4852-8495-4d0cb3079bb1@group-E91674390F0D-LeaderElection5] INFO  impl.RoleInfo (RoleInfo.java:updateAndGet(143)) - e13728cf-3c64-4852-8495-4d0cb3079bb1: start LeaderState
2020-07-02 11:36:40,872 [e13728cf-3c64-4852-8495-4d0cb3079bb1@group-E91674390F0D-LeaderElection5] INFO  segmented.SegmentedRaftLogWorker (SegmentedRaftLogWorker.java:startLogSegment(397)) - e13728cf-3c64-4852-8495-4d0cb3079bb1@group-E91674390F0D-SegmentedRaftLogWorker: Starting segment from index:0
2020-07-02 11:36:40,873 [e13728cf-3c64-4852-8495-4d0cb3079bb1@group-E91674390F0D-LeaderElection5] INFO  impl.RaftServerImpl (ServerState.java:setRaftConf(356)) - e13728cf-3c64-4852-8495-4d0cb3079bb1@group-E91674390F0D: set configuration 0: [e13728cf-3c64-4852-8495-4d0cb3079bb1:172.17.0.2:33779], old=null at 0
2020-07-02 11:36:40,874 [e13728cf-3c64-4852-8495-4d0cb3079bb1@group-E91674390F0D-SegmentedRaftLogWorker] INFO  segmented.SegmentedRaftLogWorker (SegmentedRaftLogWorker.java:execute(596)) - e13728cf-3c64-4852-8495-4d0cb3079bb1@group-E91674390F0D-SegmentedRaftLogWorker: created new log segment /github/workspace/mnt/ozone/hadoop-ozone/integration-test/target/test-dir/MiniOzoneClusterImpl-75337ffa-e5ae-4444-aee7-feba439eee52/datanode-2/data/ratis/844fa6f1-e8cb-4878-9dad-e91674390f0d/current/log_inprogress_0
2020-07-02 11:36:40,888 [e13728cf-3c64-4852-8495-4d0cb3079bb1@group-7F7869DC5146-LeaderElection3] INFO  impl.LeaderElection (LeaderElection.java:logAndReturn(61)) - e13728cf-3c64-4852-8495-4d0cb3079bb1@group-7F7869DC5146-LeaderElection3: Election PASSED; received 1 response(s) [e13728cf-3c64-4852-8495-4d0cb3079bb1<-a92ba2f7-30fd-4550-80b5-20afa3a51854#0:OK-t1] and 0 exception(s); e13728cf-3c64-4852-8495-4d0cb3079bb1@group-7F7869DC5146:t1, leader=null, voted=e13728cf-3c64-4852-8495-4d0cb3079bb1, raftlog=e13728cf-3c64-4852-8495-4d0cb3079bb1@group-7F7869DC5146-SegmentedRaftLog:OPENED:c-1,f-1,i0, conf=-1: [465ce252-5e74-4490-a1ab-d191d59bd013:172.17.0.2:41139, e13728cf-3c64-4852-8495-4d0cb3079bb1:172.17.0.2:33779, a92ba2f7-30fd-4550-80b5-20afa3a51854:172.17.0.2:36819], old=null
2020-07-02 11:36:40,891 [e13728cf-3c64-4852-8495-4d0cb3079bb1@group-7F7869DC5146-LeaderElection3] INFO  impl.RoleInfo (RoleInfo.java:shutdownLeaderElection(134)) - e13728cf-3c64-4852-8495-4d0cb3079bb1: shutdown LeaderElection
2020-07-02 11:36:40,891 [e13728cf-3c64-4852-8495-4d0cb3079bb1@group-7F7869DC5146-LeaderElection3] INFO  impl.RaftServerImpl (RaftServerImpl.java:setRole(175)) - e13728cf-3c64-4852-8495-4d0cb3079bb1@group-7F7869DC5146: changes role from CANDIDATE to LEADER at term 1 for changeToLeader
2020-07-02 11:36:40,891 [e13728cf-3c64-4852-8495-4d0cb3079bb1@group-7F7869DC5146-LeaderElection3] INFO  ratis.XceiverServerRatis (XceiverServerRatis.java:handleLeaderChangedNotification(762)) - Leader change notification received for group: group-7F7869DC5146 with new leaderId: e13728cf-3c64-4852-8495-4d0cb3079bb1
2020-07-02 11:36:40,891 [e13728cf-3c64-4852-8495-4d0cb3079bb1@group-7F7869DC5146-LeaderElection3] INFO  impl.RaftServerImpl (ServerState.java:setLeader(255)) - e13728cf-3c64-4852-8495-4d0cb3079bb1@group-7F7869DC5146: change Leader from null to e13728cf-3c64-4852-8495-4d0cb3079bb1 at term 1 for becomeLeader, leader elected after 5169ms
2020-07-02 11:36:40,892 [EventQueue-PipelineReportForPipelineReportHandler] INFO  pipeline.PipelineStateManager (PipelineStateManager.java:openPipeline(131)) - Pipeline Pipeline[ Id: 686dbde0-1258-4abc-8882-7f7869dc5146, Nodes: e13728cf-3c64-4852-8495-4d0cb3079bb1{ip: 172.17.0.2, host: 3270734acc2f, networkLocation: /default-rack, certSerialId: null}465ce252-5e74-4490-a1ab-d191d59bd013{ip: 172.17.0.2, host: 3270734acc2f, networkLocation: /default-rack, certSerialId: null}a92ba2f7-30fd-4550-80b5-20afa3a51854{ip: 172.17.0.2, host: 3270734acc2f, networkLocation: /default-rack, certSerialId: null}, Type:RATIS, Factor:THREE, State:ALLOCATED, leaderId:e13728cf-3c64-4852-8495-4d0cb3079bb1, CreationTimestamp2020-07-02T11:36:32.624Z] moved to OPEN state
2020-07-02 11:36:40,894 [EventQueue-OpenPipelineForOneReplicaPipelineSafeModeRule] INFO  safemode.SCMSafeModeManager (SCMSafeModeManager.java:validateSafeModeExitRules(214)) - AtleastOneDatanodeReportedRule rule is successfully validated
2020-07-02 11:36:40,894 [EventQueue-OpenPipelineForHealthyPipelineSafeModeRule] INFO  safemode.SCMSafeModeManager (HealthyPipelineSafeModeRule.java:process(129)) - SCM in safe mode. Healthy pipelines reported count is 1, required healthy pipeline reported count is 1
2020-07-02 11:36:40,896 [EventQueue-OpenPipelineForHealthyPipelineSafeModeRule] INFO  safemode.SCMSafeModeManager (SCMSafeModeManager.java:validateSafeModeExitRules(214)) - HealthyPipelineSafeModeRule rule is successfully validated
2020-07-02 11:36:40,896 [EventQueue-OpenPipelineForHealthyPipelineSafeModeRule] INFO  safemode.SCMSafeModeManager (SCMSafeModeManager.java:validateSafeModeExitRules(228)) - ScmSafeModeManager, all rules are successfully validated
2020-07-02 11:36:40,896 [EventQueue-OpenPipelineForHealthyPipelineSafeModeRule] INFO  safemode.SCMSafeModeManager (SCMSafeModeManager.java:exitSafeMode(257)) - SCM exiting safe mode.
2020-07-02 11:36:40,893 [e13728cf-3c64-4852-8495-4d0cb3079bb1@group-7F7869DC5146-LeaderElection3] INFO  server.RaftServerConfigKeys (ConfUtils.java:logGet(44)) - raft.server.staging.catchup.gap = 1000 (default)
2020-07-02 11:36:40,896 [e13728cf-3c64-4852-8495-4d0cb3079bb1@group-7F7869DC5146-LeaderElection3] INFO  server.RaftServerConfigKeys (ConfUtils.java:logGet(44)) - raft.server.rpc.sleep.time = 25ms (default)
2020-07-02 11:36:40,897 [e13728cf-3c64-4852-8495-4d0cb3079bb1@group-7F7869DC5146-LeaderElection3] INFO  metrics.RatisMetrics (RatisMetrics.java:lambda$create$0(36)) - Creating Metrics Registry : ratis.log_appender.e13728cf-3c64-4852-8495-4d0cb3079bb1@group-7F7869DC5146
2020-07-02 11:36:40,898 [e13728cf-3c64-4852-8495-4d0cb3079bb1@group-7F7869DC5146-LeaderElection3] INFO  server.RaftServerConfigKeys (ConfUtils.java:logGet(44)) - raft.server.write.element-limit = 1024 (custom)
2020-07-02 11:36:40,898 [e13728cf-3c64-4852-8495-4d0cb3079bb1@group-7F7869DC5146-LeaderElection3] INFO  server.RaftServerConfigKeys (ConfUtils.java:logGet(44)) - raft.server.write.byte-limit = 1073741824 (custom)
2020-07-02 11:36:40,898 [e13728cf-3c64-4852-8495-4d0cb3079bb1@group-7F7869DC5146-LeaderElection3] INFO  server.RaftServerConfigKeys (ConfUtils.java:logGet(44)) - raft.server.watch.timeout = 3000ms (custom)
2020-07-02 11:36:40,898 [e13728cf-3c64-4852-8495-4d0cb3079bb1@group-7F7869DC5146-LeaderElection3] INFO  server.RaftServerConfigKeys (ConfUtils.java:logGet(44)) - raft.server.watch.timeout.denomination = 1s (default)
2020-07-02 11:36:40,898 [e13728cf-3c64-4852-8495-4d0cb3079bb1@group-7F7869DC5146-LeaderElection3] INFO  server.RaftServerConfigKeys (ConfUtils.java:logGet(44)) - raft.server.watch.element-limit = 65536 (default)
2020-07-02 11:36:40,899 [e13728cf-3c64-4852-8495-4d0cb3079bb1@group-7F7869DC5146-LeaderElection3] INFO  server.RaftServerConfigKeys (ConfUtils.java:logGet(44)) - raft.server.log.appender.snapshot.chunk.size.max = 16MB (=16777216) (default)
2020-07-02 11:36:40,899 [e13728cf-3c64-4852-8495-4d0cb3079bb1@group-7F7869DC5146-LeaderElection3] INFO  server.RaftServerConfigKeys (ConfUtils.java:logGet(44)) - raft.server.log.appender.buffer.byte-limit = 33554432 (custom)
2020-07-02 11:36:40,903 [grpc-default-executor-2] DEBUG impl.RaftServerImpl (RaftServerImpl.java:requestVote(821)) - e13728cf-3c64-4852-8495-4d0cb3079bb1@group-7F7869DC5146: receive requestVote(465ce252-5e74-4490-a1ab-d191d59bd013, group-7F7869DC5146, 2, (t:0, i:0))
2020-07-02 11:36:40,903 [e13728cf-3c64-4852-8495-4d0cb3079bb1@group-7F7869DC5146-LeaderElection3] INFO  server.RaftServerConfigKeys (ConfUtils.java:logGet(44)) - raft.server.log.appender.buffer.element-limit = 1 (custom)
2020-07-02 11:36:40,903 [grpc-default-executor-1] DEBUG impl.RaftServerImpl (RaftServerImpl.java:requestVote(821)) - a92ba2f7-30fd-4550-80b5-20afa3a51854@group-7F7869DC5146: receive requestVote(465ce252-5e74-4490-a1ab-d191d59bd013, group-7F7869DC5146, 2, (t:0, i:0))
2020-07-02 11:36:40,903 [grpc-default-executor-1] INFO  impl.RaftServerImpl (RaftServerImpl.java:setRole(175)) - a92ba2f7-30fd-4550-80b5-20afa3a51854@group-7F7869DC5146: changes role from  FOLLOWER to FOLLOWER at term 2 for recognizeCandidate:465ce252-5e74-4490-a1ab-d191d59bd013
2020-07-02 11:36:40,903 [grpc-default-executor-1] INFO  impl.RoleInfo (RoleInfo.java:shutdownFollowerState(121)) - a92ba2f7-30fd-4550-80b5-20afa3a51854: shutdown FollowerState
2020-07-02 11:36:40,904 [grpc-default-executor-1] INFO  impl.RoleInfo (RoleInfo.java:updateAndGet(143)) - a92ba2f7-30fd-4550-80b5-20afa3a51854: start FollowerState
2020-07-02 11:36:40,904 [Thread-229] INFO  impl.FollowerState (FollowerState.java:run(117)) - a92ba2f7-30fd-4550-80b5-20afa3a51854@group-7F7869DC5146-FollowerState was interrupted: java.lang.InterruptedException: sleep interrupted
2020-07-02 11:36:40,910 [grpc-default-executor-1] DEBUG impl.RaftServerImpl (RaftServerImpl.java:requestVote(853)) - a92ba2f7-30fd-4550-80b5-20afa3a51854@group-7F7869DC5146 replies to vote request: 465ce252-5e74-4490-a1ab-d191d59bd013<-a92ba2f7-30fd-4550-80b5-20afa3a51854#0:OK-t2. Peer's state: a92ba2f7-30fd-4550-80b5-20afa3a51854@group-7F7869DC5146:t2, leader=null, voted=465ce252-5e74-4490-a1ab-d191d59bd013, raftlog=a92ba2f7-30fd-4550-80b5-20afa3a51854@group-7F7869DC5146-SegmentedRaftLog:OPENED:c-1,f-1,i0, conf=-1: [465ce252-5e74-4490-a1ab-d191d59bd013:172.17.0.2:41139, e13728cf-3c64-4852-8495-4d0cb3079bb1:172.17.0.2:33779, a92ba2f7-30fd-4550-80b5-20afa3a51854:172.17.0.2:36819], old=null
2020-07-02 11:36:40,910 [e13728cf-3c64-4852-8495-4d0cb3079bb1@group-7F7869DC5146-LeaderElection3] INFO  grpc.GrpcConfigKeys (ConfUtils.java:logGet(44)) - raft.grpc.server.leader.outstanding.appends.max = 128 (default)
2020-07-02 11:36:40,910 [e13728cf-3c64-4852-8495-4d0cb3079bb1@group-7F7869DC5146-LeaderElection3] INFO  server.RaftServerConfigKeys (ConfUtils.java:logGet(44)) - raft.server.rpc.request.timeout = 3000ms (default)
2020-07-02 11:36:40,910 [e13728cf-3c64-4852-8495-4d0cb3079bb1@group-7F7869DC5146-LeaderElection3] INFO  server.RaftServerConfigKeys (ConfUtils.java:logGet(44)) - raft.server.log.appender.install.snapshot.enabled = false (custom)
2020-07-02 11:36:40,913 [e13728cf-3c64-4852-8495-4d0cb3079bb1@group-7F7869DC5146-LeaderElection3] INFO  metrics.RatisMetrics (RatisMetrics.java:lambda$create$0(36)) - Creating Metrics Registry : ratis_grpc.log_appender.e13728cf-3c64-4852-8495-4d0cb3079bb1@group-7F7869DC5146
2020-07-02 11:36:40,917 [e13728cf-3c64-4852-8495-4d0cb3079bb1@group-7F7869DC5146-LeaderElection3] INFO  server.RaftServerConfigKeys (ConfUtils.java:logGet(44)) - raft.server.log.appender.snapshot.chunk.size.max = 16MB (=16777216) (default)
2020-07-02 11:36:40,917 [e13728cf-3c64-4852-8495-4d0cb3079bb1@group-7F7869DC5146-LeaderElection3] INFO  server.RaftServerConfigKeys (ConfUtils.java:logGet(44)) - raft.server.log.appender.buffer.byte-limit = 33554432 (custom)
2020-07-02 11:36:40,922 [e13728cf-3c64-4852-8495-4d0cb3079bb1@group-7F7869DC5146-LeaderElection3] INFO  server.RaftServerConfigKeys (ConfUtils.java:logGet(44)) - raft.server.log.appender.buffer.element-limit = 1 (custom)
2020-07-02 11:36:40,922 [e13728cf-3c64-4852-8495-4d0cb3079bb1@group-7F7869DC5146-LeaderElection3] INFO  grpc.GrpcConfigKeys (ConfUtils.java:logGet(44)) - raft.grpc.server.leader.outstanding.appends.max = 128 (default)
2020-07-02 11:36:40,922 [e13728cf-3c64-4852-8495-4d0cb3079bb1@group-7F7869DC5146-LeaderElection3] INFO  server.RaftServerConfigKeys (ConfUtils.java:logGet(44)) - raft.server.rpc.request.timeout = 3000ms (default)
2020-07-02 11:36:40,922 [e13728cf-3c64-4852-8495-4d0cb3079bb1@group-7F7869DC5146-LeaderElection3] INFO  server.RaftServerConfigKeys (ConfUtils.java:logGet(44)) - raft.server.log.appender.install.snapshot.enabled = false (custom)
2020-07-02 11:36:40,923 [e13728cf-3c64-4852-8495-4d0cb3079bb1@group-7F7869DC5146-LeaderElection3] INFO  impl.RoleInfo (RoleInfo.java:updateAndGet(143)) - e13728cf-3c64-4852-8495-4d0cb3079bb1: start LeaderState
2020-07-02 11:36:40,927 [e13728cf-3c64-4852-8495-4d0cb3079bb1@group-7F7869DC5146-LeaderElection3] INFO  segmented.SegmentedRaftLogWorker (SegmentedRaftLogWorker.java:startLogSegment(397)) - e13728cf-3c64-4852-8495-4d0cb3079bb1@group-7F7869DC5146-SegmentedRaftLogWorker: Starting segment from index:0
2020-07-02 11:36:40,929 [e13728cf-3c64-4852-8495-4d0cb3079bb1@group-7F7869DC5146-SegmentedRaftLogWorker] INFO  segmented.SegmentedRaftLogWorker (SegmentedRaftLogWorker.java:execute(596)) - e13728cf-3c64-4852-8495-4d0cb3079bb1@group-7F7869DC5146-SegmentedRaftLogWorker: created new log segment /github/workspace/mnt/ozone/hadoop-ozone/integration-test/target/test-dir/MiniOzoneClusterImpl-75337ffa-e5ae-4444-aee7-feba439eee52/datanode-2/data/ratis/686dbde0-1258-4abc-8882-7f7869dc5146/current/log_inprogress_0
2020-07-02 11:36:40,935 [e13728cf-3c64-4852-8495-4d0cb3079bb1@group-7F7869DC5146-LeaderElection3] INFO  impl.RaftServerImpl (ServerState.java:setRaftConf(356)) - e13728cf-3c64-4852-8495-4d0cb3079bb1@group-7F7869DC5146: set configuration 0: [465ce252-5e74-4490-a1ab-d191d59bd013:172.17.0.2:41139, e13728cf-3c64-4852-8495-4d0cb3079bb1:172.17.0.2:33779, a92ba2f7-30fd-4550-80b5-20afa3a51854:172.17.0.2:36819], old=null at 0
2020-07-02 11:36:40,938 [grpc-default-executor-2] INFO  impl.RaftServerImpl (ServerState.java:setLeader(255)) - e13728cf-3c64-4852-8495-4d0cb3079bb1@group-7F7869DC5146: change Leader from e13728cf-3c64-4852-8495-4d0cb3079bb1 to null at term 2 for updateCurrentTerm
2020-07-02 11:36:40,938 [grpc-default-executor-2] INFO  impl.RaftServerImpl (RaftServerImpl.java:setRole(175)) - e13728cf-3c64-4852-8495-4d0cb3079bb1@group-7F7869DC5146: changes role from    LEADER to FOLLOWER at term 2 for recognizeCandidate:465ce252-5e74-4490-a1ab-d191d59bd013
2020-07-02 11:36:40,938 [grpc-default-executor-2] INFO  impl.RoleInfo (RoleInfo.java:shutdownLeaderState(104)) - e13728cf-3c64-4852-8495-4d0cb3079bb1: shutdown LeaderState
2020-07-02 11:36:40,938 [grpc-default-executor-2] INFO  metrics.RatisMetrics (RatisMetrics.java:unregister(43)) - Unregistering Metrics Registry : ratis_grpc.log_appender.e13728cf-3c64-4852-8495-4d0cb3079bb1@group-7F7869DC5146
2020-07-02 11:36:40,947 [grpc-default-executor-2] INFO  metrics.RatisMetrics (RatisMetrics.java:unregister(43)) - Unregistering Metrics Registry : ratis_grpc.log_appender.e13728cf-3c64-4852-8495-4d0cb3079bb1@group-7F7869DC5146
2020-07-02 11:36:40,948 [grpc-default-executor-2] INFO  impl.PendingRequests (PendingRequests.java:sendNotLeaderResponses(249)) - e13728cf-3c64-4852-8495-4d0cb3079bb1@group-7F7869DC5146-PendingRequests: sendNotLeaderResponses
2020-07-02 11:36:40,953 [grpc-default-executor-2] INFO  metrics.RatisMetrics (RatisMetrics.java:unregister(43)) - Unregistering Metrics Registry : ratis.log_appender.e13728cf-3c64-4852-8495-4d0cb3079bb1@group-7F7869DC5146
2020-07-02 11:36:40,953 [grpc-default-executor-2] INFO  metrics.RatisMetrics (RatisMetrics.java:unregister(43)) - Unregistering Metrics Registry : ratis.server.e13728cf-3c64-4852-8495-4d0cb3079bb1@group-7F7869DC5146
2020-07-02 11:36:40,954 [grpc-default-executor-2] INFO  impl.RoleInfo (RoleInfo.java:updateAndGet(143)) - e13728cf-3c64-4852-8495-4d0cb3079bb1: start FollowerState
2020-07-02 11:36:40,958 [grpc-default-executor-2] DEBUG impl.RaftServerImpl (RaftServerImpl.java:requestVote(853)) - e13728cf-3c64-4852-8495-4d0cb3079bb1@group-7F7869DC5146 replies to vote request: 465ce252-5e74-4490-a1ab-d191d59bd013<-e13728cf-3c64-4852-8495-4d0cb3079bb1#0:FAIL-t2. Peer's state: e13728cf-3c64-4852-8495-4d0cb3079bb1@group-7F7869DC5146:t2, leader=null, voted=null, raftlog=e13728cf-3c64-4852-8495-4d0cb3079bb1@group-7F7869DC5146-SegmentedRaftLog:OPENED:c-1,f0,i0, conf=0: [465ce252-5e74-4490-a1ab-d191d59bd013:172.17.0.2:41139, e13728cf-3c64-4852-8495-4d0cb3079bb1:172.17.0.2:33779, a92ba2f7-30fd-4550-80b5-20afa3a51854:172.17.0.2:36819], old=null
2020-07-02 11:36:40,966 [grpc-default-executor-3] DEBUG impl.RaftServerImpl (RaftServerImpl.java:appendEntriesAsync(990)) - 465ce252-5e74-4490-a1ab-d191d59bd013@group-7F7869DC5146: Not recognize e13728cf-3c64-4852-8495-4d0cb3079bb1 (term=1) as leader, state: 465ce252-5e74-4490-a1ab-d191d59bd013@group-7F7869DC5146:t2, leader=null, voted=465ce252-5e74-4490-a1ab-d191d59bd013, raftlog=465ce252-5e74-4490-a1ab-d191d59bd013@group-7F7869DC5146-SegmentedRaftLog:OPENED:c-1,f-1,i0, conf=-1: [465ce252-5e74-4490-a1ab-d191d59bd013:172.17.0.2:41139, e13728cf-3c64-4852-8495-4d0cb3079bb1:172.17.0.2:33779, a92ba2f7-30fd-4550-80b5-20afa3a51854:172.17.0.2:36819], old=null reply: e13728cf-3c64-4852-8495-4d0cb3079bb1<-465ce252-5e74-4490-a1ab-d191d59bd013#0:FAIL,NOT_LEADER,nextIndex:1,term:2,followerCommit:-1
2020-07-02 11:36:40,968 [grpc-default-executor-3] INFO  server.GrpcServerProtocolService (GrpcServerProtocolService.java:onCompleted(138)) - 465ce252-5e74-4490-a1ab-d191d59bd013: Completed APPEND_ENTRIES, lastRequest: null
2020-07-02 11:36:40,969 [grpc-default-executor-2] DEBUG server.GrpcLogAppender (GrpcLogAppender.java:onNext(257)) - e13728cf-3c64-4852-8495-4d0cb3079bb1@group-7F7869DC5146->465ce252-5e74-4490-a1ab-d191d59bd013-AppendLogResponseHandler: received the first reply e13728cf-3c64-4852-8495-4d0cb3079bb1<-465ce252-5e74-4490-a1ab-d191d59bd013#0:FAIL,NOT_LEADER,nextIndex:1,term:2,followerCommit:-1, request=AppendEntriesRequest:cid=0,entriesCount=0,lastEntry=null
2020-07-02 11:36:40,969 [grpc-default-executor-0] DEBUG impl.RaftServerImpl (RaftServerImpl.java:appendEntriesAsync(990)) - a92ba2f7-30fd-4550-80b5-20afa3a51854@group-7F7869DC5146: Not recognize e13728cf-3c64-4852-8495-4d0cb3079bb1 (term=1) as leader, state: a92ba2f7-30fd-4550-80b5-20afa3a51854@group-7F7869DC5146:t2, leader=null, voted=465ce252-5e74-4490-a1ab-d191d59bd013, raftlog=a92ba2f7-30fd-4550-80b5-20afa3a51854@group-7F7869DC5146-SegmentedRaftLog:OPENED:c-1,f-1,i0, conf=-1: [465ce252-5e74-4490-a1ab-d191d59bd013:172.17.0.2:41139, e13728cf-3c64-4852-8495-4d0cb3079bb1:172.17.0.2:33779, a92ba2f7-30fd-4550-80b5-20afa3a51854:172.17.0.2:36819], old=null reply: e13728cf-3c64-4852-8495-4d0cb3079bb1<-a92ba2f7-30fd-4550-80b5-20afa3a51854#0:FAIL,NOT_LEADER,nextIndex:1,term:2,followerCommit:-1
2020-07-02 11:36:40,975 [grpc-default-executor-2] INFO  server.GrpcLogAppender (GrpcLogAppender.java:onCompleted(319)) - e13728cf-3c64-4852-8495-4d0cb3079bb1@group-7F7869DC5146->465ce252-5e74-4490-a1ab-d191d59bd013-AppendLogResponseHandler: follower responses appendEntries COMPLETED
2020-07-02 11:36:40,977 [grpc-default-executor-3] DEBUG server.GrpcLogAppender (GrpcLogAppender.java:onNext(257)) - e13728cf-3c64-4852-8495-4d0cb3079bb1@group-7F7869DC5146->a92ba2f7-30fd-4550-80b5-20afa3a51854-AppendLogResponseHandler: received the first reply e13728cf-3c64-4852-8495-4d0cb3079bb1<-a92ba2f7-30fd-4550-80b5-20afa3a51854#0:FAIL,NOT_LEADER,nextIndex:1,term:2,followerCommit:-1, request=AppendEntriesRequest:cid=0,entriesCount=0,lastEntry=null
2020-07-02 11:36:40,977 [grpc-default-executor-0] INFO  server.GrpcServerProtocolService (GrpcServerProtocolService.java:onCompleted(138)) - a92ba2f7-30fd-4550-80b5-20afa3a51854: Completed APPEND_ENTRIES, lastRequest: null
2020-07-02 11:36:40,979 [grpc-default-executor-2] INFO  impl.FollowerInfo (FollowerInfo.java:lambda$new$0(51)) - e13728cf-3c64-4852-8495-4d0cb3079bb1@group-7F7869DC5146->465ce252-5e74-4490-a1ab-d191d59bd013: nextIndex: updateUnconditionally 0 -> 0
2020-07-02 11:36:40,979 [grpc-default-executor-3] INFO  server.GrpcLogAppender (GrpcLogAppender.java:onCompleted(319)) - e13728cf-3c64-4852-8495-4d0cb3079bb1@group-7F7869DC5146->a92ba2f7-30fd-4550-80b5-20afa3a51854-AppendLogResponseHandler: follower responses appendEntries COMPLETED
2020-07-02 11:36:40,981 [grpc-default-executor-3] INFO  impl.FollowerInfo (FollowerInfo.java:lambda$new$0(51)) - e13728cf-3c64-4852-8495-4d0cb3079bb1@group-7F7869DC5146->a92ba2f7-30fd-4550-80b5-20afa3a51854: nextIndex: updateUnconditionally 0 -> 0
2020-07-02 11:36:41,615 [Listener at 127.0.0.1/42581] INFO  ozone.MiniOzoneClusterImpl (MiniOzoneClusterImpl.java:lambda$waitForClusterToBeReady$0(177)) - Nodes are ready. Got 3 of 3 DN Heartbeats.
2020-07-02 11:36:41,616 [Listener at 127.0.0.1/42581] INFO  ozone.MiniOzoneClusterImpl (MiniOzoneClusterImpl.java:lambda$waitForClusterToBeReady$0(180)) - Cluster exits safe mode
2020-07-02 11:36:42,121 [Listener at 127.0.0.1/42581] INFO  rpc.RpcClient (RpcClient.java:createVolume(313)) - Creating Volume: testcontainerstatemachinefailures, with jenkins1001 as owner.
2020-07-02 11:36:42,178 [IPC Server handler 18 on default port 42581] INFO  volume.OMVolumeCreateRequest (OMVolumeCreateRequest.java:validateAndUpdateCache(208)) - created volume:testcontainerstatemachinefailures for user:jenkins1001
2020-07-02 11:36:42,191 [Listener at 127.0.0.1/42581] INFO  rpc.RpcClient (RpcClient.java:createBucket(456)) - Creating Bucket: testcontainerstatemachinefailures/testcontainerstatemachinefailures, with Versioning false and Storage Type set to DISK and Encryption set to false 
2020-07-02 11:36:42,317 [Listener at 127.0.0.1/42581] INFO  impl.MetricsSystemImpl (MetricsSystemImpl.java:init(158)) - XceiverClientMetrics metrics system started (again)
]]></system-out>
    <system-err><![CDATA[ERROR StatusLogger No Log4j 2 configuration file found. Using default configuration (logging only errors to the console), or user programmatically provided configurations. Set system property 'log4j2.debug' to show Log4j 2 internal initialization logging. See https://logging.apache.org/log4j/2.x/manual/configuration.html for instructions on how to configure Log4j 2
]]></system-err>
  </testcase>
</testsuite>