<?xml version="1.0" encoding="UTF-8"?>
<testsuite xmlns:xsi="http://www.w3.org/2001/XMLSchema-instance" xsi:noNamespaceSchemaLocation="https://maven.apache.org/surefire/maven-surefire-plugin/xsd/surefire-test-report.xsd" version="3.0.2" name="org.apache.hadoop.ozone.om.service.TestKeyDeletingService$Metrics" time="13.693" tests="2" errors="0" skipped="0" failures="1">
  <properties>
    <property name="java.specification.version" value="21"/>
    <property name="sun.jnu.encoding" value="UTF-8"/>
    <property name="java.class.path" value="/home/runner/work/ozone/ozone/hadoop-ozone/ozone-manager/target/test-classes:/home/runner/work/ozone/ozone/hadoop-ozone/ozone-manager/target/classes:/home/runner/.m2/repository/com/fasterxml/jackson/core/jackson-annotations/2.16.2/jackson-annotations-2.16.2.jar:/home/runner/.m2/repository/com/fasterxml/jackson/core/jackson-databind/2.16.2/jackson-databind-2.16.2.jar:/home/runner/.m2/repository/com/fasterxml/jackson/core/jackson-core/2.16.2/jackson-core-2.16.2.jar:/home/runner/.m2/repository/com/google/guava/guava/33.5.0-jre/guava-33.5.0-jre.jar:/home/runner/.m2/repository/com/google/guava/failureaccess/1.0.3/failureaccess-1.0.3.jar:/home/runner/.m2/repository/com/google/guava/listenablefuture/9999.0-empty-to-avoid-conflict-with-guava/listenablefuture-9999.0-empty-to-avoid-conflict-with-guava.jar:/home/runner/.m2/repository/org/jspecify/jspecify/1.0.0/jspecify-1.0.0.jar:/home/runner/.m2/repository/com/google/errorprone/error_prone_annotations/2.29.2/error_prone_annotations-2.29.2.jar:/home/runner/.m2/repository/com/google/j2objc/j2objc-annotations/3.1/j2objc-annotations-3.1.jar:/home/runner/.m2/repository/com/google/protobuf/protobuf-java/2.5.0/protobuf-java-2.5.0.jar:/home/runner/.m2/repository/commons-codec/commons-codec/1.18.0/commons-codec-1.18.0.jar:/home/runner/.m2/repository/commons-io/commons-io/2.18.0/commons-io-2.18.0.jar:/home/runner/.m2/repository/info/picocli/picocli/4.7.7/picocli-4.7.7.jar:/home/runner/.m2/repository/io/grpc/grpc-api/1.71.0/grpc-api-1.71.0.jar:/home/runner/.m2/repository/io/grpc/grpc-netty/1.71.0/grpc-netty-1.71.0.jar:/home/runner/.m2/repository/org/codehaus/mojo/animal-sniffer-annotations/1.24/animal-sniffer-annotations-1.24.jar:/home/runner/.m2/repository/io/netty/netty-codec-http2/4.1.119.Final/netty-codec-http2-4.1.119.Final.jar:/home/runner/.m2/repository/io/netty/netty-codec-http/4.1.119.Final/netty-codec-http-4.1.119.Final.jar:/home/runner/.m2/repository/io/grpc/grpc-core/1.71.0/grpc-core-1.71.0.jar:/home/runner/.m2/repository/com/google/android/annotations/4.1.1.4/annotations-4.1.1.4.jar:/home/runner/.m2/repository/io/grpc/grpc-context/1.71.0/grpc-context-1.71.0.jar:/home/runner/.m2/repository/io/netty/netty-handler-proxy/4.1.119.Final/netty-handler-proxy-4.1.119.Final.jar:/home/runner/.m2/repository/io/netty/netty-codec-socks/4.1.119.Final/netty-codec-socks-4.1.119.Final.jar:/home/runner/.m2/repository/io/perfmark/perfmark-api/0.27.0/perfmark-api-0.27.0.jar:/home/runner/.m2/repository/io/netty/netty-transport-native-unix-common/4.1.119.Final/netty-transport-native-unix-common-4.1.119.Final.jar:/home/runner/.m2/repository/io/grpc/grpc-util/1.71.0/grpc-util-1.71.0.jar:/home/runner/.m2/repository/io/grpc/grpc-stub/1.71.0/grpc-stub-1.71.0.jar:/home/runner/.m2/repository/io/netty/netty-common/4.1.119.Final/netty-common-4.1.119.Final.jar:/home/runner/.m2/repository/io/netty/netty-handler/4.1.119.Final/netty-handler-4.1.119.Final.jar:/home/runner/.m2/repository/io/netty/netty-resolver/4.1.119.Final/netty-resolver-4.1.119.Final.jar:/home/runner/.m2/repository/io/netty/netty-buffer/4.1.119.Final/netty-buffer-4.1.119.Final.jar:/home/runner/.m2/repository/io/netty/netty-codec/4.1.119.Final/netty-codec-4.1.119.Final.jar:/home/runner/.m2/repository/io/netty/netty-transport/4.1.119.Final/netty-transport-4.1.119.Final.jar:/home/runner/.m2/repository/jakarta/annotation/jakarta.annotation-api/2.1.1/jakarta.annotation-api-2.1.1.jar:/home/runner/.m2/repository/javax/servlet/javax.servlet-api/3.1.0/javax.servlet-api-3.1.0.jar:/home/runner/.m2/repository/org/apache/commons/commons-compress/1.27.1/commons-compress-1.27.1.jar:/home/runner/.m2/repository/org/apache/commons/commons-lang3/3.18.0/commons-lang3-3.18.0.jar:/home/runner/.m2/repository/org/apache/commons/commons-pool2/2.12.1/commons-pool2-2.12.1.jar:/home/runner/.m2/repository/org/apache/hadoop/hadoop-auth/3.4.1/hadoop-auth-3.4.1.jar:/home/runner/.m2/repository/org/apache/httpcomponents/httpclient/4.5.14/httpclient-4.5.14.jar:/home/runner/.m2/repository/com/nimbusds/nimbus-jose-jwt/10.4/nimbus-jose-jwt-10.4.jar:/home/runner/.m2/repository/io/dropwizard/metrics/metrics-core/3.2.6/metrics-core-3.2.6.jar:/home/runner/.m2/repository/org/apache/kerby/kerb-core/1.0.1/kerb-core-1.0.1.jar:/home/runner/.m2/repository/org/apache/kerby/kerby-pkix/1.0.1/kerby-pkix-1.0.1.jar:/home/runner/.m2/repository/org/apache/kerby/kerby-asn1/1.0.1/kerby-asn1-1.0.1.jar:/home/runner/.m2/repository/org/apache/kerby/kerb-util/1.0.1/kerb-util-1.0.1.jar:/home/runner/.m2/repository/org/apache/kerby/kerby-config/1.0.1/kerby-config-1.0.1.jar:/home/runner/.m2/repository/org/apache/kerby/kerb-crypto/1.0.1/kerb-crypto-1.0.1.jar:/home/runner/.m2/repository/org/apache/hadoop/thirdparty/hadoop-shaded-guava/1.3.0/hadoop-shaded-guava-1.3.0.jar:/home/runner/.m2/repository/org/apache/hadoop/hadoop-common/3.4.1/hadoop-common-3.4.1.jar:/home/runner/.m2/repository/org/apache/hadoop/thirdparty/hadoop-shaded-protobuf_3_25/1.4.0/hadoop-shaded-protobuf_3_25-1.4.0.jar:/home/runner/.m2/repository/org/apache/hadoop/hadoop-annotations/3.4.1/hadoop-annotations-3.4.1.jar:/home/runner/.m2/repository/commons-cli/commons-cli/1.8.0/commons-cli-1.8.0.jar:/home/runner/.m2/repository/commons-net/commons-net/3.11.1/commons-net-3.11.1.jar:/home/runner/.m2/repository/commons-collections/commons-collections/3.2.2/commons-collections-3.2.2.jar:/home/runner/.m2/repository/jakarta/activation/jakarta.activation-api/1.2.2/jakarta.activation-api-1.2.2.jar:/home/runner/.m2/repository/org/eclipse/jetty/jetty-server/9.4.58.v20250814/jetty-server-9.4.58.v20250814.jar:/home/runner/.m2/repository/org/eclipse/jetty/jetty-io/9.4.58.v20250814/jetty-io-9.4.58.v20250814.jar:/home/runner/.m2/repository/org/eclipse/jetty/jetty-util/9.4.58.v20250814/jetty-util-9.4.58.v20250814.jar:/home/runner/.m2/repository/org/eclipse/jetty/jetty-servlet/9.4.58.v20250814/jetty-servlet-9.4.58.v20250814.jar:/home/runner/.m2/repository/org/eclipse/jetty/jetty-security/9.4.58.v20250814/jetty-security-9.4.58.v20250814.jar:/home/runner/.m2/repository/org/eclipse/jetty/jetty-util-ajax/9.4.58.v20250814/jetty-util-ajax-9.4.58.v20250814.jar:/home/runner/.m2/repository/javax/servlet/jsp/jsp-api/2.1/jsp-api-2.1.jar:/home/runner/.m2/repository/org/codehaus/jettison/jettison/1.5.4/jettison-1.5.4.jar:/home/runner/.m2/repository/commons-beanutils/commons-beanutils/1.11.0/commons-beanutils-1.11.0.jar:/home/runner/.m2/repository/org/apache/commons/commons-configuration2/2.12.0/commons-configuration2-2.12.0.jar:/home/runner/.m2/repository/org/apache/commons/commons-text/1.13.1/commons-text-1.13.1.jar:/home/runner/.m2/repository/com/google/re2j/re2j/1.7/re2j-1.7.jar:/home/runner/.m2/repository/com/google/code/gson/gson/2.13.1/gson-2.13.1.jar:/home/runner/.m2/repository/com/jcraft/jsch/0.1.55/jsch-0.1.55.jar:/home/runner/.m2/repository/io/netty/netty-transport-native-epoll/4.1.119.Final/netty-transport-native-epoll-4.1.119.Final.jar:/home/runner/.m2/repository/io/netty/netty-transport-classes-epoll/4.1.119.Final/netty-transport-classes-epoll-4.1.119.Final.jar:/home/runner/.m2/repository/org/bouncycastle/bcprov-jdk18on/1.81/bcprov-jdk18on-1.81.jar:/home/runner/.m2/repository/org/codehaus/woodstox/stax2-api/4.2.1/stax2-api-4.2.1.jar:/home/runner/.m2/repository/com/fasterxml/woodstox/woodstox-core/5.4.0/woodstox-core-5.4.0.jar:/home/runner/.m2/repository/dnsjava/dnsjava/3.6.1/dnsjava-3.6.1.jar:/home/runner/.m2/repository/org/apache/hadoop/hadoop-hdfs-client/3.4.1/hadoop-hdfs-client-3.4.1.jar:/home/runner/.m2/repository/org/apache/httpcomponents/httpcore/4.4.16/httpcore-4.4.16.jar:/home/runner/.m2/repository/org/apache/kerby/kerby-util/1.0.1/kerby-util-1.0.1.jar:/home/runner/.m2/repository/org/apache/logging/log4j/log4j-api/2.25.0/log4j-api-2.25.0.jar:/home/runner/work/ozone/ozone/hadoop-hdds/client/target/hdds-client-2.1.0-SNAPSHOT.jar:/home/runner/work/ozone/ozone/hadoop-hdds/erasurecode/target/hdds-erasurecode-2.1.0-SNAPSHOT.jar:/home/runner/.m2/repository/org/apache/ratis/ratis-client/3.2.0/ratis-client-3.2.0.jar:/home/runner/work/ozone/ozone/hadoop-hdds/common/target/hdds-common-2.1.0-SNAPSHOT.jar:/home/runner/.m2/repository/com/fasterxml/jackson/datatype/jackson-datatype-jsr310/2.16.2/jackson-datatype-jsr310-2.16.2.jar:/home/runner/.m2/repository/com/github/stephenc/jcip/jcip-annotations/1.0-1/jcip-annotations-1.0-1.jar:/home/runner/.m2/repository/commons-validator/commons-validator/1.10.0/commons-validator-1.10.0.jar:/home/runner/.m2/repository/commons-digester/commons-digester/2.1/commons-digester-2.1.jar:/home/runner/.m2/repository/io/opentelemetry/opentelemetry-api/1.54.0/opentelemetry-api-1.54.0.jar:/home/runner/.m2/repository/io/opentelemetry/opentelemetry-context/1.54.0/opentelemetry-context-1.54.0.jar:/home/runner/.m2/repository/io/opentelemetry/opentelemetry-common/1.54.0/opentelemetry-common-1.54.0.jar:/home/runner/.m2/repository/io/opentelemetry/opentelemetry-exporter-otlp/1.54.0/opentelemetry-exporter-otlp-1.54.0.jar:/home/runner/.m2/repository/io/opentelemetry/opentelemetry-sdk-metrics/1.54.0/opentelemetry-sdk-metrics-1.54.0.jar:/home/runner/.m2/repository/io/opentelemetry/opentelemetry-sdk-logs/1.54.0/opentelemetry-sdk-logs-1.54.0.jar:/home/runner/.m2/repository/io/opentelemetry/opentelemetry-exporter-otlp-common/1.54.0/opentelemetry-exporter-otlp-common-1.54.0.jar:/home/runner/.m2/repository/io/opentelemetry/opentelemetry-exporter-common/1.54.0/opentelemetry-exporter-common-1.54.0.jar:/home/runner/.m2/repository/io/opentelemetry/opentelemetry-exporter-sender-okhttp/1.54.0/opentelemetry-exporter-sender-okhttp-1.54.0.jar:/home/runner/.m2/repository/com/squareup/okhttp3/okhttp-jvm/5.1.0/okhttp-jvm-5.1.0.jar:/home/runner/.m2/repository/com/squareup/okio/okio-jvm/3.15.0/okio-jvm-3.15.0.jar:/home/runner/.m2/repository/org/jetbrains/kotlin/kotlin-stdlib/1.9.25/kotlin-stdlib-1.9.25.jar:/home/runner/.m2/repository/org/jetbrains/annotations/13.0/annotations-13.0.jar:/home/runner/.m2/repository/io/opentelemetry/opentelemetry-sdk-extension-autoconfigure-spi/1.54.0/opentelemetry-sdk-extension-autoconfigure-spi-1.54.0.jar:/home/runner/.m2/repository/io/opentelemetry/opentelemetry-sdk/1.54.0/opentelemetry-sdk-1.54.0.jar:/home/runner/.m2/repository/io/opentelemetry/opentelemetry-sdk-common/1.54.0/opentelemetry-sdk-common-1.54.0.jar:/home/runner/.m2/repository/io/opentelemetry/opentelemetry-sdk-trace/1.54.0/opentelemetry-sdk-trace-1.54.0.jar:/home/runner/.m2/repository/org/apache/commons/commons-collections4/4.4/commons-collections4-4.4.jar:/home/runner/work/ozone/ozone/hadoop-hdds/interface-admin/target/hdds-interface-admin-2.1.0-SNAPSHOT.jar:/home/runner/.m2/repository/org/bouncycastle/bcpkix-jdk18on/1.81/bcpkix-jdk18on-1.81.jar:/home/runner/.m2/repository/org/bouncycastle/bcutil-jdk18on/1.81/bcutil-jdk18on-1.81.jar:/home/runner/.m2/repository/org/apache/ratis/ratis-metrics-dropwizard3/3.2.0/ratis-metrics-dropwizard3-3.2.0.jar:/home/runner/.m2/repository/org/slf4j/jcl-over-slf4j/2.0.17/jcl-over-slf4j-2.0.17.jar:/home/runner/.m2/repository/org/slf4j/slf4j-reload4j/2.0.17/slf4j-reload4j-2.0.17.jar:/home/runner/work/ozone/ozone/hadoop-hdds/config/target/hdds-config-2.1.0-SNAPSHOT.jar:/home/runner/work/ozone/ozone/hadoop-hdds/interface-client/target/hdds-interface-client-2.1.0-SNAPSHOT.jar:/home/runner/work/ozone/ozone/hadoop-hdds/interface-server/target/hdds-interface-server-2.1.0-SNAPSHOT.jar:/home/runner/work/ozone/ozone/hadoop-hdds/managed-rocksdb/target/hdds-managed-rocksdb-2.1.0-SNAPSHOT.jar:/home/runner/work/ozone/ozone/hadoop-hdds/rocks-native/target/hdds-rocks-native-2.1.0-SNAPSHOT.jar:/home/runner/work/ozone/ozone/hadoop-hdds/framework/target/hdds-server-framework-2.1.0-SNAPSHOT.jar:/home/runner/.m2/repository/ch/qos/reload4j/reload4j/1.2.26/reload4j-1.2.26.jar:/home/runner/.m2/repository/com/github/jnr/jnr-constants/0.10.4/jnr-constants-0.10.4.jar:/home/runner/.m2/repository/com/github/jnr/jnr-posix/3.1.20/jnr-posix-3.1.20.jar:/home/runner/.m2/repository/com/github/jnr/jnr-ffi/2.2.17/jnr-ffi-2.2.17.jar:/home/runner/.m2/repository/com/github/jnr/jffi/1.3.13/jffi-1.3.13.jar:/home/runner/.m2/repository/com/github/jnr/jffi/1.3.13/jffi-1.3.13-native.jar:/home/runner/.m2/repository/org/ow2/asm/asm-commons/9.7.1/asm-commons-9.7.1.jar:/home/runner/.m2/repository/org/ow2/asm/asm-analysis/9.7.1/asm-analysis-9.7.1.jar:/home/runner/.m2/repository/org/ow2/asm/asm-tree/9.7.1/asm-tree-9.7.1.jar:/home/runner/.m2/repository/org/ow2/asm/asm-util/9.7.1/asm-util-9.7.1.jar:/home/runner/.m2/repository/com/github/jnr/jnr-a64asm/1.0.0/jnr-a64asm-1.0.0.jar:/home/runner/.m2/repository/com/github/jnr/jnr-x86asm/1.0.2/jnr-x86asm-1.0.2.jar:/home/runner/.m2/repository/commons-fileupload/commons-fileupload/1.6.0/commons-fileupload-1.6.0.jar:/home/runner/.m2/repository/io/prometheus/simpleclient/0.16.0/simpleclient-0.16.0.jar:/home/runner/.m2/repository/io/prometheus/simpleclient_common/0.16.0/simpleclient_common-0.16.0.jar:/home/runner/.m2/repository/io/prometheus/simpleclient_dropwizard/0.16.0/simpleclient_dropwizard-0.16.0.jar:/home/runner/.m2/repository/jakarta/ws/rs/jakarta.ws.rs-api/2.1.6/jakarta.ws.rs-api-2.1.6.jar:/home/runner/.m2/repository/org/apache/ratis/ratis-metrics-api/3.2.0/ratis-metrics-api-3.2.0.jar:/home/runner/.m2/repository/org/eclipse/jetty/jetty-http/9.4.58.v20250814/jetty-http-9.4.58.v20250814.jar:/home/runner/.m2/repository/org/glassfish/jersey/containers/jersey-container-servlet-core/2.47/jersey-container-servlet-core-2.47.jar:/home/runner/.m2/repository/org/glassfish/hk2/external/jakarta.inject/2.6.1/jakarta.inject-2.6.1.jar:/home/runner/.m2/repository/org/glassfish/jersey/core/jersey-common/2.47/jersey-common-2.47.jar:/home/runner/.m2/repository/org/glassfish/hk2/osgi-resource-locator/1.0.3/osgi-resource-locator-1.0.3.jar:/home/runner/.m2/repository/org/glassfish/jersey/core/jersey-server/2.47/jersey-server-2.47.jar:/home/runner/.m2/repository/org/glassfish/jersey/core/jersey-client/2.47/jersey-client-2.47.jar:/home/runner/.m2/repository/jakarta/validation/jakarta.validation-api/2.0.2/jakarta.validation-api-2.0.2.jar:/home/runner/.m2/repository/com/lmax/disruptor/3.4.4/disruptor-3.4.4.jar:/home/runner/.m2/repository/log4j/apache-log4j-extras/1.2.17/apache-log4j-extras-1.2.17.jar:/home/runner/.m2/repository/org/apache/logging/log4j/log4j-core/2.25.0/log4j-core-2.25.0.jar:/home/runner/.m2/repository/org/xerial/snappy/snappy-java/1.1.10.8/snappy-java-1.1.10.8.jar:/home/runner/work/ozone/ozone/hadoop-ozone/common/target/ozone-common-2.1.0-SNAPSHOT.jar:/home/runner/work/ozone/ozone/hadoop-ozone/interface-client/target/ozone-interface-client-2.1.0-SNAPSHOT.jar:/home/runner/.m2/repository/io/grpc/grpc-protobuf/1.71.0/grpc-protobuf-1.71.0.jar:/home/runner/.m2/repository/com/google/api/grpc/proto-google-common-protos/2.51.0/proto-google-common-protos-2.51.0.jar:/home/runner/.m2/repository/io/grpc/grpc-protobuf-lite/1.71.0/grpc-protobuf-lite-1.71.0.jar:/home/runner/work/ozone/ozone/hadoop-ozone/interface-storage/target/ozone-interface-storage-2.1.0-SNAPSHOT.jar:/home/runner/work/ozone/ozone/hadoop-hdds/rocksdb-checkpoint-differ/target/rocksdb-checkpoint-differ-2.1.0-SNAPSHOT.jar:/home/runner/.m2/repository/org/apache/ratis/ratis-common/3.2.0/ratis-common-3.2.0.jar:/home/runner/.m2/repository/org/apache/ratis/ratis-grpc/3.2.0/ratis-grpc-3.2.0.jar:/home/runner/.m2/repository/org/apache/ratis/ratis-netty/3.2.0/ratis-netty-3.2.0.jar:/home/runner/.m2/repository/org/apache/ratis/ratis-proto/3.2.0/ratis-proto-3.2.0.jar:/home/runner/.m2/repository/org/apache/ratis/ratis-server/3.2.0/ratis-server-3.2.0.jar:/home/runner/.m2/repository/org/apache/ratis/ratis-server-api/3.2.0/ratis-server-api-3.2.0.jar:/home/runner/.m2/repository/org/apache/ratis/ratis-thirdparty-misc/1.0.9/ratis-thirdparty-misc-1.0.9.jar:/home/runner/.m2/repository/org/aspectj/aspectjrt/1.9.24/aspectjrt-1.9.24.jar:/home/runner/.m2/repository/org/eclipse/jetty/jetty-webapp/9.4.58.v20250814/jetty-webapp-9.4.58.v20250814.jar:/home/runner/.m2/repository/org/eclipse/jetty/jetty-xml/9.4.58.v20250814/jetty-xml-9.4.58.v20250814.jar:/home/runner/.m2/repository/org/reflections/reflections/0.10.2/reflections-0.10.2.jar:/home/runner/.m2/repository/org/javassist/javassist/3.30.2-GA/javassist-3.30.2-GA.jar:/home/runner/.m2/repository/org/rocksdb/rocksdbjni/7.7.3/rocksdbjni-7.7.3.jar:/home/runner/.m2/repository/org/slf4j/slf4j-api/2.0.17/slf4j-api-2.0.17.jar:/home/runner/.m2/repository/org/yaml/snakeyaml/2.0/snakeyaml-2.0.jar:/home/runner/work/ozone/ozone/hadoop-hdds/docs/target/hdds-docs-2.1.0-SNAPSHOT.jar:/home/runner/.m2/repository/io/netty/netty-tcnative-boringssl-static/2.0.70.Final/netty-tcnative-boringssl-static-2.0.70.Final.jar:/home/runner/.m2/repository/io/netty/netty-tcnative-classes/2.0.70.Final/netty-tcnative-classes-2.0.70.Final.jar:/home/runner/.m2/repository/io/netty/netty-tcnative-boringssl-static/2.0.70.Final/netty-tcnative-boringssl-static-2.0.70.Final-linux-x86_64.jar:/home/runner/.m2/repository/io/netty/netty-tcnative-boringssl-static/2.0.70.Final/netty-tcnative-boringssl-static-2.0.70.Final-linux-aarch_64.jar:/home/runner/.m2/repository/io/netty/netty-tcnative-boringssl-static/2.0.70.Final/netty-tcnative-boringssl-static-2.0.70.Final-osx-x86_64.jar:/home/runner/.m2/repository/io/netty/netty-tcnative-boringssl-static/2.0.70.Final/netty-tcnative-boringssl-static-2.0.70.Final-osx-aarch_64.jar:/home/runner/.m2/repository/io/netty/netty-tcnative-boringssl-static/2.0.70.Final/netty-tcnative-boringssl-static-2.0.70.Final-windows-x86_64.jar:/home/runner/.m2/repository/com/google/testing/compile/compile-testing/0.23.0/compile-testing-0.23.0.jar:/home/runner/.m2/repository/junit/junit/4.13.2/junit-4.13.2.jar:/home/runner/.m2/repository/org/hamcrest/hamcrest-core/1.3/hamcrest-core-1.3.jar:/home/runner/.m2/repository/com/google/truth/truth/1.4.5/truth-1.4.5.jar:/home/runner/.m2/repository/org/ow2/asm/asm/9.8/asm-9.8.jar:/home/runner/.m2/repository/com/google/auto/value/auto-value-annotations/1.11.0/auto-value-annotations-1.11.0.jar:/home/runner/.m2/repository/com/google/auto/auto-common/1.2.2/auto-common-1.2.2.jar:/home/runner/.m2/repository/jakarta/xml/bind/jakarta.xml.bind-api/2.3.3/jakarta.xml.bind-api-2.3.3.jar:/home/runner/.m2/repository/org/apache/hadoop/hadoop-common/3.4.1/hadoop-common-3.4.1-tests.jar:/home/runner/.m2/repository/org/apache/commons/commons-math3/3.6.1/commons-math3-3.6.1.jar:/home/runner/.m2/repository/com/sun/jersey/jersey-core/1.19.4/jersey-core-1.19.4.jar:/home/runner/.m2/repository/javax/ws/rs/jsr311-api/1.1.1/jsr311-api-1.1.1.jar:/home/runner/.m2/repository/com/sun/jersey/jersey-servlet/1.19.4/jersey-servlet-1.19.4.jar:/home/runner/.m2/repository/com/github/pjfanning/jersey-json/1.22.0/jersey-json-1.22.0.jar:/home/runner/.m2/repository/com/sun/xml/bind/jaxb-impl/2.2.3-1/jaxb-impl-2.2.3-1.jar:/home/runner/.m2/repository/javax/xml/bind/jaxb-api/2.2.2/jaxb-api-2.2.2.jar:/home/runner/.m2/repository/javax/xml/stream/stax-api/1.0-2/stax-api-1.0-2.jar:/home/runner/.m2/repository/javax/activation/activation/1.1/activation-1.1.jar:/home/runner/.m2/repository/com/sun/jersey/jersey-server/1.19.4/jersey-server-1.19.4.jar:/home/runner/.m2/repository/org/apache/avro/avro/1.9.2/avro-1.9.2.jar:/home/runner/.m2/repository/org/apache/curator/curator-client/4.2.0/curator-client-4.2.0.jar:/home/runner/.m2/repository/org/apache/curator/curator-recipes/5.2.0/curator-recipes-5.2.0.jar:/home/runner/.m2/repository/org/apache/curator/curator-framework/4.2.0/curator-framework-4.2.0.jar:/home/runner/.m2/repository/com/google/code/findbugs/jsr305/3.0.2/jsr305-3.0.2.jar:/home/runner/.m2/repository/org/apache/zookeeper/zookeeper/3.8.4/zookeeper-3.8.4.jar:/home/runner/.m2/repository/org/apache/zookeeper/zookeeper-jute/3.8.4/zookeeper-jute-3.8.4.jar:/home/runner/.m2/repository/org/apache/yetus/audience-annotations/0.12.0/audience-annotations-0.12.0.jar:/home/runner/work/ozone/ozone/hadoop-hdds/annotations/target/hdds-annotation-processing-2.1.0-SNAPSHOT.jar:/home/runner/work/ozone/ozone/hadoop-hdds/common/target/hdds-common-2.1.0-SNAPSHOT-tests.jar:/home/runner/work/ozone/ozone/hadoop-hdds/framework/target/hdds-server-framework-2.1.0-SNAPSHOT-tests.jar:/home/runner/work/ozone/ozone/hadoop-hdds/server-scm/target/hdds-server-scm-2.1.0-SNAPSHOT-tests.jar:/home/runner/work/ozone/ozone/hadoop-hdds/container-service/target/hdds-container-service-2.1.0-SNAPSHOT.jar:/home/runner/.m2/repository/org/apache/hadoop/hadoop-hdfs/3.4.1/hadoop-hdfs-3.4.1.jar:/home/runner/.m2/repository/commons-daemon/commons-daemon/1.4.0/commons-daemon-1.4.0.jar:/home/runner/.m2/repository/com/github/luben/zstd-jni/1.5.7-4/zstd-jni-1.5.7-4.jar:/home/runner/.m2/repository/org/glassfish/jaxb/jaxb-runtime/2.3.9/jaxb-runtime-2.3.9.jar:/home/runner/.m2/repository/org/glassfish/jaxb/txw2/2.3.9/txw2-2.3.9.jar:/home/runner/.m2/repository/com/sun/istack/istack-commons-runtime/3.0.12/istack-commons-runtime-3.0.12.jar:/home/runner/.m2/repository/com/sun/activation/jakarta.activation/1.2.2/jakarta.activation-1.2.2.jar:/home/runner/work/ozone/ozone/hadoop-hdds/test-utils/target/hdds-test-utils-2.1.0-SNAPSHOT-tests.jar:/home/runner/work/ozone/ozone/hadoop-ozone/client/target/ozone-client-2.1.0-SNAPSHOT.jar:/home/runner/.m2/repository/org/assertj/assertj-core/3.27.5/assertj-core-3.27.5.jar:/home/runner/.m2/repository/net/bytebuddy/byte-buddy/1.17.7/byte-buddy-1.17.7.jar:/home/runner/.m2/repository/org/junit/jupiter/junit-jupiter-api/5.13.4/junit-jupiter-api-5.13.4.jar:/home/runner/.m2/repository/org/opentest4j/opentest4j/1.3.0/opentest4j-1.3.0.jar:/home/runner/.m2/repository/org/junit/platform/junit-platform-commons/1.13.4/junit-platform-commons-1.13.4.jar:/home/runner/.m2/repository/org/apiguardian/apiguardian-api/1.1.2/apiguardian-api-1.1.2.jar:/home/runner/.m2/repository/org/junit/jupiter/junit-jupiter-params/5.13.4/junit-jupiter-params-5.13.4.jar:/home/runner/.m2/repository/org/mockito/mockito-core/4.11.0/mockito-core-4.11.0.jar:/home/runner/.m2/repository/net/bytebuddy/byte-buddy-agent/1.12.19/byte-buddy-agent-1.12.19.jar:/home/runner/.m2/repository/org/objenesis/objenesis/3.3/objenesis-3.3.jar:/home/runner/.m2/repository/org/mockito/mockito-inline/4.11.0/mockito-inline-4.11.0.jar:/home/runner/.m2/repository/org/mockito/mockito-junit-jupiter/4.11.0/mockito-junit-jupiter-4.11.0.jar:/home/runner/work/ozone/ozone/hadoop-ozone/ozone-manager/target/gradle-enterprise/test-listeners.jar:"/>
    <property name="java.vm.vendor" value="Eclipse Adoptium"/>
    <property name="sun.arch.data.model" value="64"/>
    <property name="test.build.dir" value="/home/runner/work/ozone/ozone/hadoop-ozone/ozone-manager/target/test-dir"/>
    <property name="test.cache.data" value=""/>
    <property name="java.vendor.url" value="https://adoptium.net/"/>
    <property name="user.timezone" value="Etc/UTC"/>
    <property name="maven-surefire-plugin.argLineAccessArgs" value=" --add-opens java.management/com.sun.jmx.mbeanserver=ALL-UNNAMED --add-exports java.management/com.sun.jmx.mbeanserver=ALL-UNNAMED --add-opens java.base/java.nio=ALL-UNNAMED --add-opens java.base/java.lang=ALL-UNNAMED --add-opens java.base/java.lang.reflect=ALL-UNNAMED"/>
    <property name="java.vm.specification.version" value="21"/>
    <property name="os.name" value="Linux"/>
    <property name="test.build.data" value="/home/runner/work/ozone/ozone/hadoop-ozone/ozone-manager/target/test-dir"/>
    <property name="sun.java.launcher" value="SUN_STANDARD"/>
    <property name="sun.boot.library.path" value="/usr/lib/jvm/temurin-21-jdk-amd64/lib"/>
    <property name="sun.java.command" value="/home/runner/work/ozone/ozone/hadoop-ozone/ozone-manager/target/surefire/surefirebooter-20250925121646565_391.jar /home/runner/work/ozone/ozone/hadoop-ozone/ozone-manager/target/surefire 2025-09-25T12-12-44_208-jvmRun1 surefire-20250925121646565_389tmp surefire_75-20250925121646565_390tmp"/>
    <property name="jdk.debug" value="release"/>
    <property name="native.lib.tmp.dir" value="/tmp"/>
    <property name="surefire.test.class.path" value="/home/runner/work/ozone/ozone/hadoop-ozone/ozone-manager/target/test-classes:/home/runner/work/ozone/ozone/hadoop-ozone/ozone-manager/target/classes:/home/runner/.m2/repository/com/fasterxml/jackson/core/jackson-annotations/2.16.2/jackson-annotations-2.16.2.jar:/home/runner/.m2/repository/com/fasterxml/jackson/core/jackson-databind/2.16.2/jackson-databind-2.16.2.jar:/home/runner/.m2/repository/com/fasterxml/jackson/core/jackson-core/2.16.2/jackson-core-2.16.2.jar:/home/runner/.m2/repository/com/google/guava/guava/33.5.0-jre/guava-33.5.0-jre.jar:/home/runner/.m2/repository/com/google/guava/failureaccess/1.0.3/failureaccess-1.0.3.jar:/home/runner/.m2/repository/com/google/guava/listenablefuture/9999.0-empty-to-avoid-conflict-with-guava/listenablefuture-9999.0-empty-to-avoid-conflict-with-guava.jar:/home/runner/.m2/repository/org/jspecify/jspecify/1.0.0/jspecify-1.0.0.jar:/home/runner/.m2/repository/com/google/errorprone/error_prone_annotations/2.29.2/error_prone_annotations-2.29.2.jar:/home/runner/.m2/repository/com/google/j2objc/j2objc-annotations/3.1/j2objc-annotations-3.1.jar:/home/runner/.m2/repository/com/google/protobuf/protobuf-java/2.5.0/protobuf-java-2.5.0.jar:/home/runner/.m2/repository/commons-codec/commons-codec/1.18.0/commons-codec-1.18.0.jar:/home/runner/.m2/repository/commons-io/commons-io/2.18.0/commons-io-2.18.0.jar:/home/runner/.m2/repository/info/picocli/picocli/4.7.7/picocli-4.7.7.jar:/home/runner/.m2/repository/io/grpc/grpc-api/1.71.0/grpc-api-1.71.0.jar:/home/runner/.m2/repository/io/grpc/grpc-netty/1.71.0/grpc-netty-1.71.0.jar:/home/runner/.m2/repository/org/codehaus/mojo/animal-sniffer-annotations/1.24/animal-sniffer-annotations-1.24.jar:/home/runner/.m2/repository/io/netty/netty-codec-http2/4.1.119.Final/netty-codec-http2-4.1.119.Final.jar:/home/runner/.m2/repository/io/netty/netty-codec-http/4.1.119.Final/netty-codec-http-4.1.119.Final.jar:/home/runner/.m2/repository/io/grpc/grpc-core/1.71.0/grpc-core-1.71.0.jar:/home/runner/.m2/repository/com/google/android/annotations/4.1.1.4/annotations-4.1.1.4.jar:/home/runner/.m2/repository/io/grpc/grpc-context/1.71.0/grpc-context-1.71.0.jar:/home/runner/.m2/repository/io/netty/netty-handler-proxy/4.1.119.Final/netty-handler-proxy-4.1.119.Final.jar:/home/runner/.m2/repository/io/netty/netty-codec-socks/4.1.119.Final/netty-codec-socks-4.1.119.Final.jar:/home/runner/.m2/repository/io/perfmark/perfmark-api/0.27.0/perfmark-api-0.27.0.jar:/home/runner/.m2/repository/io/netty/netty-transport-native-unix-common/4.1.119.Final/netty-transport-native-unix-common-4.1.119.Final.jar:/home/runner/.m2/repository/io/grpc/grpc-util/1.71.0/grpc-util-1.71.0.jar:/home/runner/.m2/repository/io/grpc/grpc-stub/1.71.0/grpc-stub-1.71.0.jar:/home/runner/.m2/repository/io/netty/netty-common/4.1.119.Final/netty-common-4.1.119.Final.jar:/home/runner/.m2/repository/io/netty/netty-handler/4.1.119.Final/netty-handler-4.1.119.Final.jar:/home/runner/.m2/repository/io/netty/netty-resolver/4.1.119.Final/netty-resolver-4.1.119.Final.jar:/home/runner/.m2/repository/io/netty/netty-buffer/4.1.119.Final/netty-buffer-4.1.119.Final.jar:/home/runner/.m2/repository/io/netty/netty-codec/4.1.119.Final/netty-codec-4.1.119.Final.jar:/home/runner/.m2/repository/io/netty/netty-transport/4.1.119.Final/netty-transport-4.1.119.Final.jar:/home/runner/.m2/repository/jakarta/annotation/jakarta.annotation-api/2.1.1/jakarta.annotation-api-2.1.1.jar:/home/runner/.m2/repository/javax/servlet/javax.servlet-api/3.1.0/javax.servlet-api-3.1.0.jar:/home/runner/.m2/repository/org/apache/commons/commons-compress/1.27.1/commons-compress-1.27.1.jar:/home/runner/.m2/repository/org/apache/commons/commons-lang3/3.18.0/commons-lang3-3.18.0.jar:/home/runner/.m2/repository/org/apache/commons/commons-pool2/2.12.1/commons-pool2-2.12.1.jar:/home/runner/.m2/repository/org/apache/hadoop/hadoop-auth/3.4.1/hadoop-auth-3.4.1.jar:/home/runner/.m2/repository/org/apache/httpcomponents/httpclient/4.5.14/httpclient-4.5.14.jar:/home/runner/.m2/repository/com/nimbusds/nimbus-jose-jwt/10.4/nimbus-jose-jwt-10.4.jar:/home/runner/.m2/repository/io/dropwizard/metrics/metrics-core/3.2.6/metrics-core-3.2.6.jar:/home/runner/.m2/repository/org/apache/kerby/kerb-core/1.0.1/kerb-core-1.0.1.jar:/home/runner/.m2/repository/org/apache/kerby/kerby-pkix/1.0.1/kerby-pkix-1.0.1.jar:/home/runner/.m2/repository/org/apache/kerby/kerby-asn1/1.0.1/kerby-asn1-1.0.1.jar:/home/runner/.m2/repository/org/apache/kerby/kerb-util/1.0.1/kerb-util-1.0.1.jar:/home/runner/.m2/repository/org/apache/kerby/kerby-config/1.0.1/kerby-config-1.0.1.jar:/home/runner/.m2/repository/org/apache/kerby/kerb-crypto/1.0.1/kerb-crypto-1.0.1.jar:/home/runner/.m2/repository/org/apache/hadoop/thirdparty/hadoop-shaded-guava/1.3.0/hadoop-shaded-guava-1.3.0.jar:/home/runner/.m2/repository/org/apache/hadoop/hadoop-common/3.4.1/hadoop-common-3.4.1.jar:/home/runner/.m2/repository/org/apache/hadoop/thirdparty/hadoop-shaded-protobuf_3_25/1.4.0/hadoop-shaded-protobuf_3_25-1.4.0.jar:/home/runner/.m2/repository/org/apache/hadoop/hadoop-annotations/3.4.1/hadoop-annotations-3.4.1.jar:/home/runner/.m2/repository/commons-cli/commons-cli/1.8.0/commons-cli-1.8.0.jar:/home/runner/.m2/repository/commons-net/commons-net/3.11.1/commons-net-3.11.1.jar:/home/runner/.m2/repository/commons-collections/commons-collections/3.2.2/commons-collections-3.2.2.jar:/home/runner/.m2/repository/jakarta/activation/jakarta.activation-api/1.2.2/jakarta.activation-api-1.2.2.jar:/home/runner/.m2/repository/org/eclipse/jetty/jetty-server/9.4.58.v20250814/jetty-server-9.4.58.v20250814.jar:/home/runner/.m2/repository/org/eclipse/jetty/jetty-io/9.4.58.v20250814/jetty-io-9.4.58.v20250814.jar:/home/runner/.m2/repository/org/eclipse/jetty/jetty-util/9.4.58.v20250814/jetty-util-9.4.58.v20250814.jar:/home/runner/.m2/repository/org/eclipse/jetty/jetty-servlet/9.4.58.v20250814/jetty-servlet-9.4.58.v20250814.jar:/home/runner/.m2/repository/org/eclipse/jetty/jetty-security/9.4.58.v20250814/jetty-security-9.4.58.v20250814.jar:/home/runner/.m2/repository/org/eclipse/jetty/jetty-util-ajax/9.4.58.v20250814/jetty-util-ajax-9.4.58.v20250814.jar:/home/runner/.m2/repository/javax/servlet/jsp/jsp-api/2.1/jsp-api-2.1.jar:/home/runner/.m2/repository/org/codehaus/jettison/jettison/1.5.4/jettison-1.5.4.jar:/home/runner/.m2/repository/commons-beanutils/commons-beanutils/1.11.0/commons-beanutils-1.11.0.jar:/home/runner/.m2/repository/org/apache/commons/commons-configuration2/2.12.0/commons-configuration2-2.12.0.jar:/home/runner/.m2/repository/org/apache/commons/commons-text/1.13.1/commons-text-1.13.1.jar:/home/runner/.m2/repository/com/google/re2j/re2j/1.7/re2j-1.7.jar:/home/runner/.m2/repository/com/google/code/gson/gson/2.13.1/gson-2.13.1.jar:/home/runner/.m2/repository/com/jcraft/jsch/0.1.55/jsch-0.1.55.jar:/home/runner/.m2/repository/io/netty/netty-transport-native-epoll/4.1.119.Final/netty-transport-native-epoll-4.1.119.Final.jar:/home/runner/.m2/repository/io/netty/netty-transport-classes-epoll/4.1.119.Final/netty-transport-classes-epoll-4.1.119.Final.jar:/home/runner/.m2/repository/org/bouncycastle/bcprov-jdk18on/1.81/bcprov-jdk18on-1.81.jar:/home/runner/.m2/repository/org/codehaus/woodstox/stax2-api/4.2.1/stax2-api-4.2.1.jar:/home/runner/.m2/repository/com/fasterxml/woodstox/woodstox-core/5.4.0/woodstox-core-5.4.0.jar:/home/runner/.m2/repository/dnsjava/dnsjava/3.6.1/dnsjava-3.6.1.jar:/home/runner/.m2/repository/org/apache/hadoop/hadoop-hdfs-client/3.4.1/hadoop-hdfs-client-3.4.1.jar:/home/runner/.m2/repository/org/apache/httpcomponents/httpcore/4.4.16/httpcore-4.4.16.jar:/home/runner/.m2/repository/org/apache/kerby/kerby-util/1.0.1/kerby-util-1.0.1.jar:/home/runner/.m2/repository/org/apache/logging/log4j/log4j-api/2.25.0/log4j-api-2.25.0.jar:/home/runner/work/ozone/ozone/hadoop-hdds/client/target/hdds-client-2.1.0-SNAPSHOT.jar:/home/runner/work/ozone/ozone/hadoop-hdds/erasurecode/target/hdds-erasurecode-2.1.0-SNAPSHOT.jar:/home/runner/.m2/repository/org/apache/ratis/ratis-client/3.2.0/ratis-client-3.2.0.jar:/home/runner/work/ozone/ozone/hadoop-hdds/common/target/hdds-common-2.1.0-SNAPSHOT.jar:/home/runner/.m2/repository/com/fasterxml/jackson/datatype/jackson-datatype-jsr310/2.16.2/jackson-datatype-jsr310-2.16.2.jar:/home/runner/.m2/repository/com/github/stephenc/jcip/jcip-annotations/1.0-1/jcip-annotations-1.0-1.jar:/home/runner/.m2/repository/commons-validator/commons-validator/1.10.0/commons-validator-1.10.0.jar:/home/runner/.m2/repository/commons-digester/commons-digester/2.1/commons-digester-2.1.jar:/home/runner/.m2/repository/io/opentelemetry/opentelemetry-api/1.54.0/opentelemetry-api-1.54.0.jar:/home/runner/.m2/repository/io/opentelemetry/opentelemetry-context/1.54.0/opentelemetry-context-1.54.0.jar:/home/runner/.m2/repository/io/opentelemetry/opentelemetry-common/1.54.0/opentelemetry-common-1.54.0.jar:/home/runner/.m2/repository/io/opentelemetry/opentelemetry-exporter-otlp/1.54.0/opentelemetry-exporter-otlp-1.54.0.jar:/home/runner/.m2/repository/io/opentelemetry/opentelemetry-sdk-metrics/1.54.0/opentelemetry-sdk-metrics-1.54.0.jar:/home/runner/.m2/repository/io/opentelemetry/opentelemetry-sdk-logs/1.54.0/opentelemetry-sdk-logs-1.54.0.jar:/home/runner/.m2/repository/io/opentelemetry/opentelemetry-exporter-otlp-common/1.54.0/opentelemetry-exporter-otlp-common-1.54.0.jar:/home/runner/.m2/repository/io/opentelemetry/opentelemetry-exporter-common/1.54.0/opentelemetry-exporter-common-1.54.0.jar:/home/runner/.m2/repository/io/opentelemetry/opentelemetry-exporter-sender-okhttp/1.54.0/opentelemetry-exporter-sender-okhttp-1.54.0.jar:/home/runner/.m2/repository/com/squareup/okhttp3/okhttp-jvm/5.1.0/okhttp-jvm-5.1.0.jar:/home/runner/.m2/repository/com/squareup/okio/okio-jvm/3.15.0/okio-jvm-3.15.0.jar:/home/runner/.m2/repository/org/jetbrains/kotlin/kotlin-stdlib/1.9.25/kotlin-stdlib-1.9.25.jar:/home/runner/.m2/repository/org/jetbrains/annotations/13.0/annotations-13.0.jar:/home/runner/.m2/repository/io/opentelemetry/opentelemetry-sdk-extension-autoconfigure-spi/1.54.0/opentelemetry-sdk-extension-autoconfigure-spi-1.54.0.jar:/home/runner/.m2/repository/io/opentelemetry/opentelemetry-sdk/1.54.0/opentelemetry-sdk-1.54.0.jar:/home/runner/.m2/repository/io/opentelemetry/opentelemetry-sdk-common/1.54.0/opentelemetry-sdk-common-1.54.0.jar:/home/runner/.m2/repository/io/opentelemetry/opentelemetry-sdk-trace/1.54.0/opentelemetry-sdk-trace-1.54.0.jar:/home/runner/.m2/repository/org/apache/commons/commons-collections4/4.4/commons-collections4-4.4.jar:/home/runner/work/ozone/ozone/hadoop-hdds/interface-admin/target/hdds-interface-admin-2.1.0-SNAPSHOT.jar:/home/runner/.m2/repository/org/bouncycastle/bcpkix-jdk18on/1.81/bcpkix-jdk18on-1.81.jar:/home/runner/.m2/repository/org/bouncycastle/bcutil-jdk18on/1.81/bcutil-jdk18on-1.81.jar:/home/runner/.m2/repository/org/apache/ratis/ratis-metrics-dropwizard3/3.2.0/ratis-metrics-dropwizard3-3.2.0.jar:/home/runner/.m2/repository/org/slf4j/jcl-over-slf4j/2.0.17/jcl-over-slf4j-2.0.17.jar:/home/runner/.m2/repository/org/slf4j/slf4j-reload4j/2.0.17/slf4j-reload4j-2.0.17.jar:/home/runner/work/ozone/ozone/hadoop-hdds/config/target/hdds-config-2.1.0-SNAPSHOT.jar:/home/runner/work/ozone/ozone/hadoop-hdds/interface-client/target/hdds-interface-client-2.1.0-SNAPSHOT.jar:/home/runner/work/ozone/ozone/hadoop-hdds/interface-server/target/hdds-interface-server-2.1.0-SNAPSHOT.jar:/home/runner/work/ozone/ozone/hadoop-hdds/managed-rocksdb/target/hdds-managed-rocksdb-2.1.0-SNAPSHOT.jar:/home/runner/work/ozone/ozone/hadoop-hdds/rocks-native/target/hdds-rocks-native-2.1.0-SNAPSHOT.jar:/home/runner/work/ozone/ozone/hadoop-hdds/framework/target/hdds-server-framework-2.1.0-SNAPSHOT.jar:/home/runner/.m2/repository/ch/qos/reload4j/reload4j/1.2.26/reload4j-1.2.26.jar:/home/runner/.m2/repository/com/github/jnr/jnr-constants/0.10.4/jnr-constants-0.10.4.jar:/home/runner/.m2/repository/com/github/jnr/jnr-posix/3.1.20/jnr-posix-3.1.20.jar:/home/runner/.m2/repository/com/github/jnr/jnr-ffi/2.2.17/jnr-ffi-2.2.17.jar:/home/runner/.m2/repository/com/github/jnr/jffi/1.3.13/jffi-1.3.13.jar:/home/runner/.m2/repository/com/github/jnr/jffi/1.3.13/jffi-1.3.13-native.jar:/home/runner/.m2/repository/org/ow2/asm/asm-commons/9.7.1/asm-commons-9.7.1.jar:/home/runner/.m2/repository/org/ow2/asm/asm-analysis/9.7.1/asm-analysis-9.7.1.jar:/home/runner/.m2/repository/org/ow2/asm/asm-tree/9.7.1/asm-tree-9.7.1.jar:/home/runner/.m2/repository/org/ow2/asm/asm-util/9.7.1/asm-util-9.7.1.jar:/home/runner/.m2/repository/com/github/jnr/jnr-a64asm/1.0.0/jnr-a64asm-1.0.0.jar:/home/runner/.m2/repository/com/github/jnr/jnr-x86asm/1.0.2/jnr-x86asm-1.0.2.jar:/home/runner/.m2/repository/commons-fileupload/commons-fileupload/1.6.0/commons-fileupload-1.6.0.jar:/home/runner/.m2/repository/io/prometheus/simpleclient/0.16.0/simpleclient-0.16.0.jar:/home/runner/.m2/repository/io/prometheus/simpleclient_common/0.16.0/simpleclient_common-0.16.0.jar:/home/runner/.m2/repository/io/prometheus/simpleclient_dropwizard/0.16.0/simpleclient_dropwizard-0.16.0.jar:/home/runner/.m2/repository/jakarta/ws/rs/jakarta.ws.rs-api/2.1.6/jakarta.ws.rs-api-2.1.6.jar:/home/runner/.m2/repository/org/apache/ratis/ratis-metrics-api/3.2.0/ratis-metrics-api-3.2.0.jar:/home/runner/.m2/repository/org/eclipse/jetty/jetty-http/9.4.58.v20250814/jetty-http-9.4.58.v20250814.jar:/home/runner/.m2/repository/org/glassfish/jersey/containers/jersey-container-servlet-core/2.47/jersey-container-servlet-core-2.47.jar:/home/runner/.m2/repository/org/glassfish/hk2/external/jakarta.inject/2.6.1/jakarta.inject-2.6.1.jar:/home/runner/.m2/repository/org/glassfish/jersey/core/jersey-common/2.47/jersey-common-2.47.jar:/home/runner/.m2/repository/org/glassfish/hk2/osgi-resource-locator/1.0.3/osgi-resource-locator-1.0.3.jar:/home/runner/.m2/repository/org/glassfish/jersey/core/jersey-server/2.47/jersey-server-2.47.jar:/home/runner/.m2/repository/org/glassfish/jersey/core/jersey-client/2.47/jersey-client-2.47.jar:/home/runner/.m2/repository/jakarta/validation/jakarta.validation-api/2.0.2/jakarta.validation-api-2.0.2.jar:/home/runner/.m2/repository/com/lmax/disruptor/3.4.4/disruptor-3.4.4.jar:/home/runner/.m2/repository/log4j/apache-log4j-extras/1.2.17/apache-log4j-extras-1.2.17.jar:/home/runner/.m2/repository/org/apache/logging/log4j/log4j-core/2.25.0/log4j-core-2.25.0.jar:/home/runner/.m2/repository/org/xerial/snappy/snappy-java/1.1.10.8/snappy-java-1.1.10.8.jar:/home/runner/work/ozone/ozone/hadoop-ozone/common/target/ozone-common-2.1.0-SNAPSHOT.jar:/home/runner/work/ozone/ozone/hadoop-ozone/interface-client/target/ozone-interface-client-2.1.0-SNAPSHOT.jar:/home/runner/.m2/repository/io/grpc/grpc-protobuf/1.71.0/grpc-protobuf-1.71.0.jar:/home/runner/.m2/repository/com/google/api/grpc/proto-google-common-protos/2.51.0/proto-google-common-protos-2.51.0.jar:/home/runner/.m2/repository/io/grpc/grpc-protobuf-lite/1.71.0/grpc-protobuf-lite-1.71.0.jar:/home/runner/work/ozone/ozone/hadoop-ozone/interface-storage/target/ozone-interface-storage-2.1.0-SNAPSHOT.jar:/home/runner/work/ozone/ozone/hadoop-hdds/rocksdb-checkpoint-differ/target/rocksdb-checkpoint-differ-2.1.0-SNAPSHOT.jar:/home/runner/.m2/repository/org/apache/ratis/ratis-common/3.2.0/ratis-common-3.2.0.jar:/home/runner/.m2/repository/org/apache/ratis/ratis-grpc/3.2.0/ratis-grpc-3.2.0.jar:/home/runner/.m2/repository/org/apache/ratis/ratis-netty/3.2.0/ratis-netty-3.2.0.jar:/home/runner/.m2/repository/org/apache/ratis/ratis-proto/3.2.0/ratis-proto-3.2.0.jar:/home/runner/.m2/repository/org/apache/ratis/ratis-server/3.2.0/ratis-server-3.2.0.jar:/home/runner/.m2/repository/org/apache/ratis/ratis-server-api/3.2.0/ratis-server-api-3.2.0.jar:/home/runner/.m2/repository/org/apache/ratis/ratis-thirdparty-misc/1.0.9/ratis-thirdparty-misc-1.0.9.jar:/home/runner/.m2/repository/org/aspectj/aspectjrt/1.9.24/aspectjrt-1.9.24.jar:/home/runner/.m2/repository/org/eclipse/jetty/jetty-webapp/9.4.58.v20250814/jetty-webapp-9.4.58.v20250814.jar:/home/runner/.m2/repository/org/eclipse/jetty/jetty-xml/9.4.58.v20250814/jetty-xml-9.4.58.v20250814.jar:/home/runner/.m2/repository/org/reflections/reflections/0.10.2/reflections-0.10.2.jar:/home/runner/.m2/repository/org/javassist/javassist/3.30.2-GA/javassist-3.30.2-GA.jar:/home/runner/.m2/repository/org/rocksdb/rocksdbjni/7.7.3/rocksdbjni-7.7.3.jar:/home/runner/.m2/repository/org/slf4j/slf4j-api/2.0.17/slf4j-api-2.0.17.jar:/home/runner/.m2/repository/org/yaml/snakeyaml/2.0/snakeyaml-2.0.jar:/home/runner/work/ozone/ozone/hadoop-hdds/docs/target/hdds-docs-2.1.0-SNAPSHOT.jar:/home/runner/.m2/repository/io/netty/netty-tcnative-boringssl-static/2.0.70.Final/netty-tcnative-boringssl-static-2.0.70.Final.jar:/home/runner/.m2/repository/io/netty/netty-tcnative-classes/2.0.70.Final/netty-tcnative-classes-2.0.70.Final.jar:/home/runner/.m2/repository/io/netty/netty-tcnative-boringssl-static/2.0.70.Final/netty-tcnative-boringssl-static-2.0.70.Final-linux-x86_64.jar:/home/runner/.m2/repository/io/netty/netty-tcnative-boringssl-static/2.0.70.Final/netty-tcnative-boringssl-static-2.0.70.Final-linux-aarch_64.jar:/home/runner/.m2/repository/io/netty/netty-tcnative-boringssl-static/2.0.70.Final/netty-tcnative-boringssl-static-2.0.70.Final-osx-x86_64.jar:/home/runner/.m2/repository/io/netty/netty-tcnative-boringssl-static/2.0.70.Final/netty-tcnative-boringssl-static-2.0.70.Final-osx-aarch_64.jar:/home/runner/.m2/repository/io/netty/netty-tcnative-boringssl-static/2.0.70.Final/netty-tcnative-boringssl-static-2.0.70.Final-windows-x86_64.jar:/home/runner/.m2/repository/com/google/testing/compile/compile-testing/0.23.0/compile-testing-0.23.0.jar:/home/runner/.m2/repository/junit/junit/4.13.2/junit-4.13.2.jar:/home/runner/.m2/repository/org/hamcrest/hamcrest-core/1.3/hamcrest-core-1.3.jar:/home/runner/.m2/repository/com/google/truth/truth/1.4.5/truth-1.4.5.jar:/home/runner/.m2/repository/org/ow2/asm/asm/9.8/asm-9.8.jar:/home/runner/.m2/repository/com/google/auto/value/auto-value-annotations/1.11.0/auto-value-annotations-1.11.0.jar:/home/runner/.m2/repository/com/google/auto/auto-common/1.2.2/auto-common-1.2.2.jar:/home/runner/.m2/repository/jakarta/xml/bind/jakarta.xml.bind-api/2.3.3/jakarta.xml.bind-api-2.3.3.jar:/home/runner/.m2/repository/org/apache/hadoop/hadoop-common/3.4.1/hadoop-common-3.4.1-tests.jar:/home/runner/.m2/repository/org/apache/commons/commons-math3/3.6.1/commons-math3-3.6.1.jar:/home/runner/.m2/repository/com/sun/jersey/jersey-core/1.19.4/jersey-core-1.19.4.jar:/home/runner/.m2/repository/javax/ws/rs/jsr311-api/1.1.1/jsr311-api-1.1.1.jar:/home/runner/.m2/repository/com/sun/jersey/jersey-servlet/1.19.4/jersey-servlet-1.19.4.jar:/home/runner/.m2/repository/com/github/pjfanning/jersey-json/1.22.0/jersey-json-1.22.0.jar:/home/runner/.m2/repository/com/sun/xml/bind/jaxb-impl/2.2.3-1/jaxb-impl-2.2.3-1.jar:/home/runner/.m2/repository/javax/xml/bind/jaxb-api/2.2.2/jaxb-api-2.2.2.jar:/home/runner/.m2/repository/javax/xml/stream/stax-api/1.0-2/stax-api-1.0-2.jar:/home/runner/.m2/repository/javax/activation/activation/1.1/activation-1.1.jar:/home/runner/.m2/repository/com/sun/jersey/jersey-server/1.19.4/jersey-server-1.19.4.jar:/home/runner/.m2/repository/org/apache/avro/avro/1.9.2/avro-1.9.2.jar:/home/runner/.m2/repository/org/apache/curator/curator-client/4.2.0/curator-client-4.2.0.jar:/home/runner/.m2/repository/org/apache/curator/curator-recipes/5.2.0/curator-recipes-5.2.0.jar:/home/runner/.m2/repository/org/apache/curator/curator-framework/4.2.0/curator-framework-4.2.0.jar:/home/runner/.m2/repository/com/google/code/findbugs/jsr305/3.0.2/jsr305-3.0.2.jar:/home/runner/.m2/repository/org/apache/zookeeper/zookeeper/3.8.4/zookeeper-3.8.4.jar:/home/runner/.m2/repository/org/apache/zookeeper/zookeeper-jute/3.8.4/zookeeper-jute-3.8.4.jar:/home/runner/.m2/repository/org/apache/yetus/audience-annotations/0.12.0/audience-annotations-0.12.0.jar:/home/runner/work/ozone/ozone/hadoop-hdds/annotations/target/hdds-annotation-processing-2.1.0-SNAPSHOT.jar:/home/runner/work/ozone/ozone/hadoop-hdds/common/target/hdds-common-2.1.0-SNAPSHOT-tests.jar:/home/runner/work/ozone/ozone/hadoop-hdds/framework/target/hdds-server-framework-2.1.0-SNAPSHOT-tests.jar:/home/runner/work/ozone/ozone/hadoop-hdds/server-scm/target/hdds-server-scm-2.1.0-SNAPSHOT-tests.jar:/home/runner/work/ozone/ozone/hadoop-hdds/container-service/target/hdds-container-service-2.1.0-SNAPSHOT.jar:/home/runner/.m2/repository/org/apache/hadoop/hadoop-hdfs/3.4.1/hadoop-hdfs-3.4.1.jar:/home/runner/.m2/repository/commons-daemon/commons-daemon/1.4.0/commons-daemon-1.4.0.jar:/home/runner/.m2/repository/com/github/luben/zstd-jni/1.5.7-4/zstd-jni-1.5.7-4.jar:/home/runner/.m2/repository/org/glassfish/jaxb/jaxb-runtime/2.3.9/jaxb-runtime-2.3.9.jar:/home/runner/.m2/repository/org/glassfish/jaxb/txw2/2.3.9/txw2-2.3.9.jar:/home/runner/.m2/repository/com/sun/istack/istack-commons-runtime/3.0.12/istack-commons-runtime-3.0.12.jar:/home/runner/.m2/repository/com/sun/activation/jakarta.activation/1.2.2/jakarta.activation-1.2.2.jar:/home/runner/work/ozone/ozone/hadoop-hdds/test-utils/target/hdds-test-utils-2.1.0-SNAPSHOT-tests.jar:/home/runner/work/ozone/ozone/hadoop-ozone/client/target/ozone-client-2.1.0-SNAPSHOT.jar:/home/runner/.m2/repository/org/assertj/assertj-core/3.27.5/assertj-core-3.27.5.jar:/home/runner/.m2/repository/net/bytebuddy/byte-buddy/1.17.7/byte-buddy-1.17.7.jar:/home/runner/.m2/repository/org/junit/jupiter/junit-jupiter-api/5.13.4/junit-jupiter-api-5.13.4.jar:/home/runner/.m2/repository/org/opentest4j/opentest4j/1.3.0/opentest4j-1.3.0.jar:/home/runner/.m2/repository/org/junit/platform/junit-platform-commons/1.13.4/junit-platform-commons-1.13.4.jar:/home/runner/.m2/repository/org/apiguardian/apiguardian-api/1.1.2/apiguardian-api-1.1.2.jar:/home/runner/.m2/repository/org/junit/jupiter/junit-jupiter-params/5.13.4/junit-jupiter-params-5.13.4.jar:/home/runner/.m2/repository/org/mockito/mockito-core/4.11.0/mockito-core-4.11.0.jar:/home/runner/.m2/repository/net/bytebuddy/byte-buddy-agent/1.12.19/byte-buddy-agent-1.12.19.jar:/home/runner/.m2/repository/org/objenesis/objenesis/3.3/objenesis-3.3.jar:/home/runner/.m2/repository/org/mockito/mockito-inline/4.11.0/mockito-inline-4.11.0.jar:/home/runner/.m2/repository/org/mockito/mockito-junit-jupiter/4.11.0/mockito-junit-jupiter-4.11.0.jar:/home/runner/work/ozone/ozone/hadoop-ozone/ozone-manager/target/gradle-enterprise/test-listeners.jar:"/>
    <property name="sun.cpu.endian" value="little"/>
    <property name="user.home" value="/home/runner"/>
    <property name="user.language" value="en"/>
    <property name="java.specification.vendor" value="Oracle Corporation"/>
    <property name="skipRecon" value="true"/>
    <property name="java.version.date" value="2025-07-15"/>
    <property name="java.home" value="/usr/lib/jvm/temurin-21-jdk-amd64"/>
    <property name="java.security.krb5.conf" value="/home/runner/work/ozone/ozone/hadoop-ozone/ozone-manager/target/test-classes/krb5.conf"/>
    <property name="file.separator" value="/"/>
    <property name="basedir" value="/home/runner/work/ozone/ozone/hadoop-ozone/ozone-manager"/>
    <property name="java.vm.compressedOopsMode" value="Zero based"/>
    <property name="line.separator" value="&#10;"/>
    <property name="java.vm.specification.vendor" value="Oracle Corporation"/>
    <property name="java.specification.name" value="Java Platform API Specification"/>
    <property name="surefire.real.class.path" value="/home/runner/work/ozone/ozone/hadoop-ozone/ozone-manager/target/surefire/surefirebooter-20250925121646565_391.jar"/>
    <property name="hadoop.log.dir" value="/home/runner/work/ozone/ozone/hadoop-ozone/ozone-manager/target/log"/>
    <property name="sun.management.compiler" value="HotSpot 64-Bit Tiered Compilers"/>
    <property name="skipShade" value="true"/>
    <property name="java.runtime.version" value="21.0.8+9-LTS"/>
    <property name="user.name" value="runner"/>
    <property name="java.net.preferIPv4Stack" value="true"/>
    <property name="stdout.encoding" value="UTF-8"/>
    <property name="path.separator" value=":"/>
    <property name="java.security.egd" value="file:///dev/urandom"/>
    <property name="os.version" value="6.11.0-1018-azure"/>
    <property name="java.runtime.name" value="OpenJDK Runtime Environment"/>
    <property name="com.gradle.maven.scan.extension.test.listener.junitplatform.NestedExecutionSafeDelegatingTestExecutionListener" value="10c626be"/>
    <property name="file.encoding" value="UTF-8"/>
    <property name="OZONE_CONF_DIR" value="/"/>
    <property name="java.vm.name" value="OpenJDK 64-Bit Server VM"/>
    <property name="rocks_tools_native" value="true"/>
    <property name="java.vendor.version" value="Temurin-21.0.8+9"/>
    <property name="test.build.webapps" value=""/>
    <property name="develocity.listener.surefire.forkId" value="1"/>
    <property name="localRepository" value="/home/runner/.m2/repository"/>
    <property name="java.vendor.url.bug" value="https://github.com/adoptium/adoptium-support/issues"/>
    <property name="jetty.git.hash" value="8f1440587e9e4ae7db3d74cf205643f3d707148d"/>
    <property name="java.io.tmpdir" value="/tmp"/>
    <property name="require.test.libhadoop" value=""/>
    <property name="java.version" value="21.0.8"/>
    <property name="user.dir" value="/home/runner/work/ozone/ozone/hadoop-ozone/ozone-manager"/>
    <property name="os.arch" value="amd64"/>
    <property name="java.vm.specification.name" value="Java Virtual Machine Specification"/>
    <property name="test.build.classes" value="/home/runner/work/ozone/ozone/hadoop-ozone/ozone-manager/target/test-classes"/>
    <property name="org.apache.ratis.thirdparty.io.netty.allocator.useCacheForAllThreads" value="false"/>
    <property name="native.encoding" value="UTF-8"/>
    <property name="hadoop.tmp.dir" value="/home/runner/work/ozone/ozone/hadoop-ozone/ozone-manager/target/tmp"/>
    <property name="java.library.path" value="/usr/java/packages/lib:/usr/lib64:/lib64:/lib:/usr/lib"/>
    <property name="java.vm.info" value="mixed mode, sharing"/>
    <property name="stderr.encoding" value="UTF-8"/>
    <property name="java.vendor" value="Eclipse Adoptium"/>
    <property name="java.vm.version" value="21.0.8+9-LTS"/>
    <property name="sun.io.unicode.encoding" value="UnicodeLittle"/>
    <property name="develocity.listener.port" value="34961"/>
    <property name="java.class.version" value="65.0"/>
  </properties>
  <testcase name="testPurgeKeysRequestBatching" classname="org.apache.hadoop.ozone.om.service.TestKeyDeletingService" time="17.317">
    <failure message="Total keys purged across all batches should match initial keys deleted. ==&gt; expected: &lt;50&gt; but was: &lt;49&gt;" type="org.opentest4j.AssertionFailedError"><![CDATA[org.opentest4j.AssertionFailedError: Total keys purged across all batches should match initial keys deleted. ==> expected: <50> but was: <49>
	at org.junit.jupiter.api.AssertionFailureBuilder.build(AssertionFailureBuilder.java:151)
	at org.junit.jupiter.api.AssertionFailureBuilder.buildAndThrow(AssertionFailureBuilder.java:132)
	at org.junit.jupiter.api.AssertEquals.failNotEqual(AssertEquals.java:197)
	at org.junit.jupiter.api.AssertEquals.assertEquals(AssertEquals.java:150)
	at org.junit.jupiter.api.Assertions.assertEquals(Assertions.java:563)
	at org.apache.hadoop.ozone.om.service.TestKeyDeletingService.testPurgeKeysRequestBatching(TestKeyDeletingService.java:1137)
	at java.base/java.lang.reflect.Method.invoke(Method.java:580)
	at java.base/java.util.concurrent.ForkJoinTask.doExec(ForkJoinTask.java:387)
	at java.base/java.util.concurrent.ForkJoinPool$WorkQueue.topLevelExec(ForkJoinPool.java:1312)
	at java.base/java.util.concurrent.ForkJoinPool.scan(ForkJoinPool.java:1843)
	at java.base/java.util.concurrent.ForkJoinPool.runWorker(ForkJoinPool.java:1808)
	at java.base/java.util.concurrent.ForkJoinWorkerThread.run(ForkJoinWorkerThread.java:188)
]]></failure>
    <system-out><![CDATA[2025-09-25 12:20:56,550 [ForkJoinPool-1-worker-1] WARN  server.ServerUtils (ServerUtils.java:getDBPath(292)) - ozone.om.db.dirs is not configured. We recommend adding this setting. Falling back to ozone.metadata.dirs instead.
2025-09-25 12:20:56,961 [ForkJoinPool-1-worker-1] INFO  audit.AuditLogger (AuditLogger.java:refreshDebugCmdSet(133)) - Refresh DebugCmdSet for OMAudit to [].
2025-09-25 12:20:56,987 [ForkJoinPool-1-worker-1] INFO  audit.AuditLogger (AuditLogger.java:refreshDebugCmdSet(133)) - Refresh DebugCmdSet for OMSystemAudit to [].
2025-09-25 12:20:57,187 [ForkJoinPool-1-worker-1] INFO  ha.OMHANodeDetails (OMHANodeDetails.java:loadOMHAConfig(114)) - ozone.om.internal.service.id is not defined, falling back to ozone.om.service.ids to find serviceID for OzoneManager if it is HA enabled cluster
2025-09-25 12:20:57,254 [ForkJoinPool-1-worker-1] INFO  ha.OMHANodeDetails (OMHANodeDetails.java:loadOMHAConfig(228)) - Configuration does not have ozone.om.address set. Falling back to the default OM address /0.0.0.0:9862
2025-09-25 12:20:57,255 [ForkJoinPool-1-worker-1] INFO  ha.OMHANodeDetails (OMHANodeDetails.java:getOMNodeDetailsForNonHA(262)) - OM Service ID is not set. Setting it to the default ID: omServiceIdDefault
2025-09-25 12:20:57,255 [ForkJoinPool-1-worker-1] INFO  ha.OMHANodeDetails (OMHANodeDetails.java:getOMNodeDetailsForNonHA(269)) - OM Node ID is not set. Setting it to the default ID: om1
2025-09-25 12:20:57,649 [ForkJoinPool-1-worker-1] WARN  server.ServerUtils (ServerUtils.java:getDBPath(292)) - ozone.om.db.dirs is not configured. We recommend adding this setting. Falling back to ozone.metadata.dirs instead.
2025-09-25 12:20:57,663 [ForkJoinPool-1-worker-1] INFO  upgrade.AbstractLayoutVersionManager (AbstractLayoutVersionManager.java:init(80)) - Initializing Layout version manager with metadata layout = DELEGATION_TOKEN_SYMMETRIC_SIGN (version = 8), software layout = DELEGATION_TOKEN_SYMMETRIC_SIGN (version = 8)
2025-09-25 12:20:58,011 [ForkJoinPool-1-worker-1] INFO  reflections.Reflections (Reflections.java:scan(219)) - Reflections took 198 ms to scan 2 urls, producing 217 keys and 636 values
2025-09-25 12:20:58,020 [ForkJoinPool-1-worker-1] INFO  upgrade.OMLayoutVersionManager (OMLayoutVersionManager.java:lambda$0(110)) - Skipping Upgrade Action QuotaRepairUpgradeAction since it has been finalized.
2025-09-25 12:20:58,022 [ForkJoinPool-1-worker-1] INFO  upgrade.OMLayoutVersionManager (OMLayoutVersionManager.java:lambda$0(110)) - Skipping Upgrade Action MockOmUpgradeAction since it has been finalized.
2025-09-25 12:20:58,029 [ForkJoinPool-1-worker-1] WARN  server.ServerUtils (ServerUtils.java:getDBPath(292)) - ozone.om.db.dirs is not configured. We recommend adding this setting. Falling back to ozone.metadata.dirs instead.
2025-09-25 12:20:58,047 [ForkJoinPool-1-worker-1] INFO  om.OzoneManager (OzoneManager.java:setReplicationFromConfig(4650)) - Set default replication in OM: RATIS/3 -> RATIS/THREE
2025-09-25 12:20:58,096 [ForkJoinPool-1-worker-1] WARN  util.NativeCodeLoader (NativeCodeLoader.java:<clinit>(60)) - Unable to load native-hadoop library for your platform... using builtin-java classes where applicable
2025-09-25 12:20:58,123 [ForkJoinPool-1-worker-1] INFO  proxy.SCMContainerLocationFailoverProxyProvider (SCMFailoverProxyProviderBase.java:<init>(120)) - Created fail-over proxy for protocol StorageContainerLocationProtocolPB with 1 nodes: [nodeId=scmNodeId,nodeAddress=/127.0.0.1:0]
2025-09-25 12:20:58,182 [ForkJoinPool-1-worker-1] INFO  proxy.SCMBlockLocationFailoverProxyProvider (SCMFailoverProxyProviderBase.java:<init>(120)) - Created fail-over proxy for protocol ScmBlockLocationProtocolPB with 1 nodes: [nodeId=scmNodeId,nodeAddress=/127.0.0.1:9863]
2025-09-25 12:20:58,249 [ForkJoinPool-1-worker-1] INFO  om.OzoneManager (OzoneManager.java:<init>(683)) - OM start with adminUsers: [runner]
2025-09-25 12:20:58,282 [ForkJoinPool-1-worker-1] WARN  server.ServerUtils (ServerUtils.java:getDBPath(292)) - ozone.om.db.dirs is not configured. We recommend adding this setting. Falling back to ozone.metadata.dirs instead.
2025-09-25 12:20:58,570 [ForkJoinPool-1-worker-1] INFO  utils.NativeLibraryLoader (NativeLibraryLoader.java:loadLibrary(120)) - Loading Library: ozone_rocksdb_tools
2025-09-25 12:20:58,903 [ForkJoinPool-1-worker-1] INFO  om.OzoneManager (OzoneManager.java:instantiateServices(927)) - S3 Multi-Tenancy is disabled
2025-09-25 12:20:58,924 [ForkJoinPool-1-worker-1] INFO  security.OzoneSecretStore (OzoneSecretStore.java:loadState(58)) - Loaded 0 tokens
2025-09-25 12:20:58,924 [ForkJoinPool-1-worker-1] INFO  security.OzoneDelegationTokenSecretManager (OzoneDelegationTokenSecretManager.java:loadTokenSecretState(517)) - Loading token state into token manager.
2025-09-25 12:20:58,942 [ForkJoinPool-1-worker-1] INFO  acl.OzoneAuthorizerFactory (OzoneAuthorizerFactory.java:create(69)) - om1: Authorizer for OM is class org.apache.hadoop.ozone.security.acl.OzoneAccessAuthorizer
2025-09-25 12:20:58,960 [ForkJoinPool-1-worker-1] INFO  om.OmSnapshotManager (OmSnapshotManager.java:<init>(203)) - Ozone filesystem snapshot feature is enabled.
2025-09-25 12:20:58,971 [ForkJoinPool-1-worker-1] WARN  server.ServerUtils (ServerUtils.java:getDBPath(292)) - ozone.om.snapshot.diff.db.dir is not configured. We recommend adding this setting. Falling back to ozone.metadata.dirs instead.
2025-09-25 12:20:59,012 [ForkJoinPool-1-worker-1] INFO  utils.BackgroundService (BackgroundService.java:start(119)) - Starting service SnapshotDiffCleanupService with interval 60000 milliseconds
2025-09-25 12:20:59,176 [ForkJoinPool-1-worker-1] INFO  om.OzoneManager (OzoneManager.java:addS3GVolumeToDB(4708)) - Created Volume s3v With Owner runner required for S3Gateway operations.
2025-09-25 12:20:59,228 [ForkJoinPool-1-worker-1] WARN  server.ServerUtils (ServerUtils.java:getDefaultRatisDirectory(304)) - Storage directory for Ratis is not configured. It is a good idea to map this to an SSD disk. Falling back to ozone.metadata.dirs
2025-09-25 12:20:59,232 [ForkJoinPool-1-worker-1] WARN  utils.OzoneManagerRatisUtils (OzoneManagerRatisUtils.java:getOMRatisSnapshotDirectory(488)) - ozone.om.ratis.snapshot.dir is not configured. Falling back to ozone.metadata.dirs config
2025-09-25 12:20:59,249 [ForkJoinPool-1-worker-1] WARN  server.ServerUtils (ServerUtils.java:getDefaultRatisDirectory(304)) - Storage directory for Ratis is not configured. It is a good idea to map this to an SSD disk. Falling back to ozone.metadata.dirs
2025-09-25 12:20:59,266 [ForkJoinPool-1-worker-1] INFO  server.RaftServerConfigKeys (ConfUtils.java:logGet(62)) - raft.server.log.appender.buffer.byte-limit = 1024 (custom)
2025-09-25 12:20:59,274 [ForkJoinPool-1-worker-1] INFO  ratis.OzoneManagerRatisServer (OzoneManagerRatisServer.java:<init>(169)) - Instantiating OM Ratis server with groupID: omServiceIdDefault and peers: 0.0.0.0:9872
2025-09-25 12:20:59,282 [ForkJoinPool-1-worker-1] INFO  ratis.OzoneManagerStateMachine (OzoneManagerStateMachine.java:loadSnapshotInfoFromDB(628)) - TransactionInfo not found in OM DB.
2025-09-25 12:20:59,327 [ForkJoinPool-1-worker-1] INFO  server.RaftServer (ConfUtils.java:logGet(62)) - raft.rpc.type = GRPC (default)
2025-09-25 12:20:59,334 [ForkJoinPool-1-worker-1] INFO  grpc.GrpcConfigKeys (ConfUtils.java:logFallback(69)) - raft.grpc.admin.host = null (fallback to raft.grpc.server.host)
2025-09-25 12:20:59,335 [ForkJoinPool-1-worker-1] INFO  grpc.GrpcConfigKeys (ConfUtils.java:logFallback(69)) - raft.grpc.admin.port = 9872 (fallback to raft.grpc.server.port)
2025-09-25 12:20:59,335 [ForkJoinPool-1-worker-1] INFO  grpc.GrpcConfigKeys (ConfUtils.java:logFallback(69)) - raft.grpc.client.host = null (fallback to raft.grpc.server.host)
2025-09-25 12:20:59,336 [ForkJoinPool-1-worker-1] INFO  grpc.GrpcConfigKeys (ConfUtils.java:logFallback(69)) - raft.grpc.client.port = 9872 (fallback to raft.grpc.server.port)
2025-09-25 12:20:59,336 [ForkJoinPool-1-worker-1] INFO  grpc.GrpcConfigKeys (ConfUtils.java:logGet(62)) - raft.grpc.server.port = 9872 (custom)
2025-09-25 12:20:59,337 [ForkJoinPool-1-worker-1] INFO  server.GrpcServicesImpl (ConfUtils.java:logGet(62)) - raft.grpc.message.size.max = 1049600 (custom)
2025-09-25 12:20:59,337 [ForkJoinPool-1-worker-1] INFO  server.GrpcServicesImpl (ConfUtils.java:logGet(62)) - raft.grpc.flow.control.window = 1MB (=1048576) (default)
2025-09-25 12:20:59,338 [ForkJoinPool-1-worker-1] INFO  server.RaftServerConfigKeys (ConfUtils.java:logGet(62)) - raft.server.rpc.request.timeout = 3000ms (default)
2025-09-25 12:20:59,342 [ForkJoinPool-1-worker-1] INFO  grpc.GrpcConfigKeys (ConfUtils.java:logGet(62)) - raft.grpc.server.heartbeat.channel = true (default)
2025-09-25 12:20:59,342 [ForkJoinPool-1-worker-1] INFO  server.RaftServerConfigKeys (ConfUtils.java:logGet(62)) - raft.server.log.appender.buffer.byte-limit = 1024 (custom)
2025-09-25 12:20:59,344 [ForkJoinPool-1-worker-1] INFO  grpc.GrpcConfigKeys (ConfUtils.java:logGet(62)) - raft.grpc.server.async.request.thread.pool.cached = true (default)
2025-09-25 12:20:59,345 [ForkJoinPool-1-worker-1] INFO  grpc.GrpcConfigKeys (ConfUtils.java:logGet(62)) - raft.grpc.server.async.request.thread.pool.size = 32 (default)
2025-09-25 12:20:59,480 [ForkJoinPool-1-worker-1] INFO  impl.DataStreamServerImpl (ConfUtils.java:logGet(62)) - raft.datastream.type = DISABLED (default)
2025-09-25 12:20:59,482 [ForkJoinPool-1-worker-1] INFO  server.RaftServerConfigKeys (ConfUtils.java:logGet(62)) - raft.server.sleep.deviation.threshold = 300ms (default)
2025-09-25 12:20:59,482 [ForkJoinPool-1-worker-1] INFO  server.RaftServerConfigKeys (ConfUtils.java:logGet(62)) - raft.server.close.threshold = 60s (default)
2025-09-25 12:20:59,482 [ForkJoinPool-1-worker-1] INFO  server.RaftServerConfigKeys (ConfUtils.java:logGet(62)) - raft.server.leaderelection.leader.step-down.wait-time = 10s (default)
2025-09-25 12:20:59,486 [ForkJoinPool-1-worker-1] INFO  server.RaftServerConfigKeys (ConfUtils.java:logGet(62)) - raft.server.storage.dir = [/tmp/TestKDS17826918679376335665/ratis] (custom)
2025-09-25 12:20:59,487 [ForkJoinPool-1-worker-1] INFO  server.RaftServerConfigKeys (ConfUtils.java:logGet(62)) - raft.server.threadpool.proxy.cached = true (default)
2025-09-25 12:20:59,487 [ForkJoinPool-1-worker-1] INFO  server.RaftServerConfigKeys (ConfUtils.java:logGet(62)) - raft.server.threadpool.proxy.size = 0 (default)
2025-09-25 12:20:59,492 [ForkJoinPool-1-worker-1] INFO  server.RaftServer (RaftServerProxy.java:addNew(105)) - om1: addNew group-C5BA1605619E:[om1|0.0.0.0:9872] returns group-C5BA1605619E:java.util.concurrent.CompletableFuture@16c0af32[Not completed]
2025-09-25 12:20:59,493 [ForkJoinPool-1-worker-1] INFO  om.OzoneManager (OzoneManager.java:initializeRatisServer(2338)) - OzoneManager Ratis server initialized at port 9872
2025-09-25 12:20:59,498 [ForkJoinPool-1-worker-1] INFO  om.OzoneManager (OzoneManager.java:getRpcServer(1390)) - Creating RPC Server
2025-09-25 12:20:59,501 [om1-groupManagement] INFO  server.RaftServer$Division (RaftServerImpl.java:<init>(268)) - om1: new RaftServerImpl for group-C5BA1605619E:[om1|0.0.0.0:9872] with OzoneManagerStateMachine:uninitialized
2025-09-25 12:20:59,503 [om1-groupManagement] INFO  server.RaftServerConfigKeys (ConfUtils.java:logGet(62)) - raft.server.rpc.timeout.min = 5s (custom)
2025-09-25 12:20:59,503 [om1-groupManagement] INFO  server.RaftServerConfigKeys (ConfUtils.java:logGet(62)) - raft.server.rpc.timeout.max = 5200ms (custom)
2025-09-25 12:20:59,504 [om1-groupManagement] INFO  server.RaftServerConfigKeys (ConfUtils.java:logGet(62)) - raft.server.rpc.sleep.time = 25ms (default)
2025-09-25 12:20:59,504 [om1-groupManagement] INFO  server.RaftServerConfigKeys (ConfUtils.java:logGet(62)) - raft.server.rpc.slowness.timeout = 120s (custom)
2025-09-25 12:20:59,505 [om1-groupManagement] INFO  server.RaftServerConfigKeys (ConfUtils.java:logGet(62)) - raft.server.leaderelection.member.majority-add = false (default)
2025-09-25 12:20:59,510 [om1-groupManagement] INFO  server.RaftServer$Division (ServerState.java:<init>(114)) - om1@group-C5BA1605619E: ConfigurationManager, init=conf: {index: -1, cur=peers:[om1|0.0.0.0:9872]|listeners:[], old=null}, confs=<EMPTY_MAP>
2025-09-25 12:20:59,515 [om1-groupManagement] INFO  server.RaftServerConfigKeys (ConfUtils.java:logGet(62)) - raft.server.notification.no-leader.timeout = 120s (custom)
2025-09-25 12:20:59,518 [om1-groupManagement] INFO  server.RaftServerConfigKeys (ConfUtils.java:logGet(62)) - raft.server.read.timeout = 10s (default)
2025-09-25 12:20:59,522 [om1-groupManagement] INFO  server.RaftServerConfigKeys (ConfUtils.java:logGet(62)) - raft.server.retrycache.expirytime = 300s (custom)
2025-09-25 12:20:59,522 [om1-groupManagement] INFO  server.RaftServerConfigKeys (ConfUtils.java:logGet(62)) - raft.server.retrycache.statistics.expirytime = 100ms (default)
2025-09-25 12:20:59,539 [om1-groupManagement] INFO  server.RaftServerConfigKeys (ConfUtils.java:logGet(62)) - raft.server.read.option = DEFAULT (default)
2025-09-25 12:20:59,541 [om1-groupManagement] INFO  server.RaftServerConfigKeys (ConfUtils.java:logGet(62)) - raft.server.read.read-after-write-consistent.write-index-cache.expiry-time = 60s (default)
2025-09-25 12:20:59,621 [om1-groupManagement] INFO  server.RaftServerConfigKeys (ConfUtils.java:logGet(62)) - raft.server.log.appender.install.snapshot.enabled = false (custom)
2025-09-25 12:20:59,624 [om1-groupManagement] INFO  server.RaftServerConfigKeys (ConfUtils.java:logGet(62)) - raft.server.threadpool.server.cached = true (default)
2025-09-25 12:20:59,625 [om1-groupManagement] INFO  server.RaftServerConfigKeys (ConfUtils.java:logGet(62)) - raft.server.threadpool.server.size = 0 (default)
2025-09-25 12:20:59,625 [om1-groupManagement] INFO  server.RaftServerConfigKeys (ConfUtils.java:logGet(62)) - raft.server.threadpool.client.cached = true (default)
2025-09-25 12:20:59,625 [om1-groupManagement] INFO  server.RaftServerConfigKeys (ConfUtils.java:logGet(62)) - raft.server.threadpool.client.size = 0 (default)
2025-09-25 12:21:00,230 [ForkJoinPool-1-worker-1] INFO  reflections.Reflections (Reflections.java:scan(219)) - Reflections took 679 ms to scan 13 urls, producing 41 keys and 4550 values
2025-09-25 12:21:00,384 [ForkJoinPool-1-worker-1] INFO  ipc.CallQueueManager (CallQueueManager.java:<init>(93)) - Using callQueue: class java.util.concurrent.LinkedBlockingQueue, queueCapacity: 10000, scheduler: class org.apache.hadoop.ipc.DefaultRpcScheduler, ipcBackoff: false, ipcFailOver: false.
2025-09-25 12:21:00,408 [ForkJoinPool-1-worker-1] INFO  ipc.Server (Server.java:<init>(1438)) - Listener at 0.0.0.0:9862
2025-09-25 12:21:00,409 [Socket Reader #1 for port 9862] INFO  ipc.Server (Server.java:run(1474)) - Starting Socket Reader #1 for port 9862
2025-09-25 12:21:00,409 [Socket Reader #2 for port 9862] INFO  ipc.Server (Server.java:run(1474)) - Starting Socket Reader #2 for port 9862
2025-09-25 12:21:00,410 [Socket Reader #3 for port 9862] INFO  ipc.Server (Server.java:run(1474)) - Starting Socket Reader #3 for port 9862
2025-09-25 12:21:00,410 [Socket Reader #4 for port 9862] INFO  ipc.Server (Server.java:run(1474)) - Starting Socket Reader #4 for port 9862
2025-09-25 12:21:00,411 [Socket Reader #5 for port 9862] INFO  ipc.Server (Server.java:run(1474)) - Starting Socket Reader #5 for port 9862
2025-09-25 12:21:00,411 [Socket Reader #6 for port 9862] INFO  ipc.Server (Server.java:run(1474)) - Starting Socket Reader #6 for port 9862
2025-09-25 12:21:00,412 [Socket Reader #7 for port 9862] INFO  ipc.Server (Server.java:run(1474)) - Starting Socket Reader #7 for port 9862
2025-09-25 12:21:00,413 [Socket Reader #8 for port 9862] INFO  ipc.Server (Server.java:run(1474)) - Starting Socket Reader #8 for port 9862
2025-09-25 12:21:00,414 [Socket Reader #9 for port 9862] INFO  ipc.Server (Server.java:run(1474)) - Starting Socket Reader #9 for port 9862
2025-09-25 12:21:00,415 [Socket Reader #10 for port 9862] INFO  ipc.Server (Server.java:run(1474)) - Starting Socket Reader #10 for port 9862
2025-09-25 12:21:00,994 [ForkJoinPool-1-worker-1] WARN  impl.MetricsConfig (MetricsConfig.java:loadFirst(138)) - Cannot locate configuration: tried hadoop-metrics2-ozonemanager.properties,hadoop-metrics2.properties
2025-09-25 12:21:01,006 [ForkJoinPool-1-worker-1] INFO  impl.MetricsSystemImpl (MetricsSystemImpl.java:startTimer(378)) - Scheduled Metric snapshot period at 10 second(s).
2025-09-25 12:21:01,006 [ForkJoinPool-1-worker-1] INFO  impl.MetricsSystemImpl (MetricsSystemImpl.java:start(191)) - OzoneManager metrics system started
2025-09-25 12:21:01,084 [ForkJoinPool-1-worker-1] INFO  om.OzoneManager (OzoneManager.java:start(1822)) - OzoneManager RPC server is listening at /0.0.0.0:9862
2025-09-25 12:21:01,084 [ForkJoinPool-1-worker-1] INFO  ratis.OzoneManagerRatisServer (OzoneManagerRatisServer.java:start(673)) - Starting OzoneManagerRatisServer om1 at port 9872
2025-09-25 12:21:01,088 [om1-impl-thread1] INFO  server.RaftServerConfigKeys (ConfUtils.java:logGet(62)) - raft.server.storage.free-space.min = 0MB (=0) (default)
2025-09-25 12:21:01,089 [om1-impl-thread1] INFO  server.RaftServerConfigKeys (ConfUtils.java:logGet(62)) - raft.server.log.corruption.policy = EXCEPTION (default)
2025-09-25 12:21:01,096 [om1-impl-thread1] INFO  storage.RaftStorageDirectory (RaftStorageDirectoryImpl.java:analyzeStorage(138)) - The storage directory /tmp/TestKDS17826918679376335665/ratis/bf265839-605b-3f16-9796-c5ba1605619e does not exist. Creating ...
2025-09-25 12:21:01,099 [om1-impl-thread1] INFO  storage.RaftStorageDirectory (RaftStorageDirectoryImpl.java:tryLock(229)) - Lock on /tmp/TestKDS17826918679376335665/ratis/bf265839-605b-3f16-9796-c5ba1605619e/in_use.lock acquired by nodename 19948@localhost
2025-09-25 12:21:01,102 [om1-impl-thread1] INFO  storage.RaftStorage (RaftStorageImpl.java:format(98)) - Storage directory /tmp/TestKDS17826918679376335665/ratis/bf265839-605b-3f16-9796-c5ba1605619e has been successfully formatted.
2025-09-25 12:21:01,104 [om1-impl-thread1] INFO  ratis.OzoneManagerStateMachine (OzoneManagerStateMachine.java:lambda$0(138)) - om1: initialize group-C5BA1605619E with <INITIAL_VALUE>
2025-09-25 12:21:01,106 [om1-impl-thread1] INFO  server.RaftServerConfigKeys (ConfUtils.java:logGet(62)) - raft.server.log.use.memory = false (default)
2025-09-25 12:21:01,115 [om1-impl-thread1] INFO  server.RaftServerConfigKeys (ConfUtils.java:logGet(62)) - raft.server.log.purge.gap = 1000000 (custom)
2025-09-25 12:21:01,115 [om1-impl-thread1] INFO  server.RaftServerConfigKeys (ConfUtils.java:logGet(62)) - raft.server.log.appender.buffer.byte-limit = 1024 (custom)
2025-09-25 12:21:01,117 [om1-impl-thread1] INFO  server.RaftServerConfigKeys (ConfUtils.java:logGet(62)) - raft.server.log.statemachine.data.read.timeout = 1000ms (default)
2025-09-25 12:21:01,118 [om1-impl-thread1] INFO  server.RaftServerConfigKeys (ConfUtils.java:logGet(62)) - raft.server.log.purge.preservation.log.num = 0 (default)
2025-09-25 12:21:01,121 [om1-impl-thread1] INFO  server.RaftServerConfigKeys (ConfUtils.java:logGet(62)) - raft.server.log.segment.size.max = 67108864 (custom)
2025-09-25 12:21:01,126 [om1-impl-thread1] INFO  server.RaftServerConfigKeys (ConfUtils.java:logGet(62)) - raft.server.log.segment.cache.num.max = 2 (custom)
2025-09-25 12:21:01,126 [om1-impl-thread1] INFO  server.RaftServerConfigKeys (ConfUtils.java:logGet(62)) - raft.server.log.segment.cache.size.max = 200MB (=209715200) (default)
2025-09-25 12:21:01,127 [om1-impl-thread1] INFO  server.RaftServerConfigKeys (ConfUtils.java:logGet(62)) - raft.server.log.appender.buffer.byte-limit = 1024 (custom)
2025-09-25 12:21:01,129 [om1-impl-thread1] INFO  util.AwaitToRun (AwaitToRun.java:start(81)) - Thread[#67,om1@group-C5BA1605619E-cacheEviction-AwaitToRun,5,main] started
2025-09-25 12:21:01,133 [om1-impl-thread1] INFO  segmented.SegmentedRaftLogWorker (SegmentedRaftLogWorker.java:<init>(190)) - new om1@group-C5BA1605619E-SegmentedRaftLogWorker for RaftStorageImpl:Storage Directory /tmp/TestKDS17826918679376335665/ratis/bf265839-605b-3f16-9796-c5ba1605619e
2025-09-25 12:21:01,134 [om1-impl-thread1] INFO  server.RaftServerConfigKeys (ConfUtils.java:logGet(62)) - raft.server.log.queue.byte-limit = 64MB (=67108864) (default)
2025-09-25 12:21:01,134 [om1-impl-thread1] INFO  server.RaftServerConfigKeys (ConfUtils.java:logGet(62)) - raft.server.log.queue.element-limit = 4096 (default)
2025-09-25 12:21:01,136 [om1-impl-thread1] INFO  server.RaftServerConfigKeys (ConfUtils.java:logGet(62)) - raft.server.log.segment.size.max = 67108864 (custom)
2025-09-25 12:21:01,136 [om1-impl-thread1] INFO  server.RaftServerConfigKeys (ConfUtils.java:logGet(62)) - raft.server.log.preallocated.size = 4194304 (custom)
2025-09-25 12:21:01,137 [om1-impl-thread1] INFO  server.RaftServerConfigKeys (ConfUtils.java:logGet(62)) - raft.server.log.force.sync.num = 128 (default)
2025-09-25 12:21:01,137 [om1-impl-thread1] INFO  server.RaftServerConfigKeys (ConfUtils.java:logGet(62)) - raft.server.log.statemachine.data.sync = true (default)
2025-09-25 12:21:01,138 [om1-impl-thread1] INFO  server.RaftServerConfigKeys (ConfUtils.java:logGet(62)) - raft.server.log.statemachine.data.sync.timeout = 10s (default)
2025-09-25 12:21:01,138 [om1-impl-thread1] INFO  server.RaftServerConfigKeys (ConfUtils.java:logGet(62)) - raft.server.log.statemachine.data.sync.timeout.retry = -1 (default)
2025-09-25 12:21:01,140 [om1-impl-thread1] INFO  server.RaftServerConfigKeys (ConfUtils.java:logGet(62)) - raft.server.log.write.buffer.size = 1032 (custom)
2025-09-25 12:21:01,140 [om1-impl-thread1] INFO  server.RaftServerConfigKeys (ConfUtils.java:logGet(62)) - raft.server.log.appender.buffer.byte-limit = 1024 (custom)
2025-09-25 12:21:01,140 [om1-impl-thread1] INFO  server.RaftServerConfigKeys (ConfUtils.java:logGet(62)) - raft.server.log.unsafe-flush.enabled = false (default)
2025-09-25 12:21:01,141 [om1-impl-thread1] INFO  server.RaftServerConfigKeys (ConfUtils.java:logGet(62)) - raft.server.log.async-flush.enabled = false (default)
2025-09-25 12:21:01,141 [om1-impl-thread1] INFO  server.RaftServerConfigKeys (ConfUtils.java:logGet(62)) - raft.server.log.statemachine.data.caching.enabled = false (default)
2025-09-25 12:21:01,147 [om1-impl-thread1] INFO  segmented.SegmentedRaftLogWorker (SegmentedRaftLogWorker.java:lambda$new$0(141)) - om1@group-C5BA1605619E-SegmentedRaftLogWorker: flushIndex: setUnconditionally 0 -> -1
2025-09-25 12:21:01,147 [om1-impl-thread1] INFO  segmented.SegmentedRaftLogWorker (SegmentedRaftLogWorker.java:lambda$new$0(141)) - om1@group-C5BA1605619E-SegmentedRaftLogWorker: safeCacheEvictIndex: setUnconditionally 0 -> -1
2025-09-25 12:21:01,149 [om1-impl-thread1] INFO  server.RaftServer$Division (RaftServerImpl.java:start(405)) - om1@group-C5BA1605619E: start as a follower, conf=conf: {index: -1, cur=peers:[om1|0.0.0.0:9872]|listeners:[], old=null}
2025-09-25 12:21:01,149 [om1-impl-thread1] INFO  server.RaftServer$Division (RaftServerImpl.java:setRole(392)) - om1@group-C5BA1605619E: changes role from      null to FOLLOWER at term 0 for startAsFollower
2025-09-25 12:21:01,152 [om1-impl-thread1] INFO  impl.RoleInfo (RoleInfo.java:updateAndGet(148)) - om1: start om1@group-C5BA1605619E-FollowerState
2025-09-25 12:21:01,153 [om1@group-C5BA1605619E-FollowerState] INFO  server.RaftServerConfigKeys (ConfUtils.java:logFallback(69)) - raft.server.rpc.first-election.timeout.min = 5s (fallback to raft.server.rpc.timeout.min)
2025-09-25 12:21:01,154 [om1@group-C5BA1605619E-FollowerState] INFO  server.RaftServerConfigKeys (ConfUtils.java:logFallback(69)) - raft.server.rpc.first-election.timeout.max = 5200ms (fallback to raft.server.rpc.timeout.max)
2025-09-25 12:21:01,154 [om1-impl-thread1] INFO  util.JmxRegister (JmxRegister.java:tryRegister(44)) - Successfully registered JMX Bean with object name Ratis:service=RaftServer,group=group-C5BA1605619E,id=om1
2025-09-25 12:21:01,154 [om1-impl-thread1] INFO  util.JmxRegister (JmxRegister.java:register(58)) - register mxBean class org.apache.ratis.server.impl.RaftServerJmxAdapter as Ratis:service=RaftServer,group=group-C5BA1605619E,id=om1
2025-09-25 12:21:01,157 [om1-impl-thread1] INFO  server.RaftServerConfigKeys (ConfUtils.java:logGet(62)) - raft.server.snapshot.trigger-when-stop.enabled = true (default)
2025-09-25 12:21:01,158 [om1-impl-thread1] INFO  server.RaftServerConfigKeys (ConfUtils.java:logGet(62)) - raft.server.snapshot.trigger-when-remove.enabled = true (default)
2025-09-25 12:21:01,158 [om1-impl-thread1] INFO  server.RaftServerConfigKeys (ConfUtils.java:logGet(62)) - raft.server.snapshot.auto.trigger.enabled = true (custom)
2025-09-25 12:21:01,158 [om1-impl-thread1] INFO  server.RaftServerConfigKeys (ConfUtils.java:logGet(62)) - raft.server.snapshot.auto.trigger.threshold = 400000 (default)
2025-09-25 12:21:01,160 [om1-impl-thread1] INFO  server.RaftServerConfigKeys (ConfUtils.java:logGet(62)) - raft.server.snapshot.retention.file.num = -1 (default)
2025-09-25 12:21:01,160 [om1-impl-thread1] INFO  server.RaftServerConfigKeys (ConfUtils.java:logGet(62)) - raft.server.log.purge.upto.snapshot.index = true (custom)
2025-09-25 12:21:01,166 [om1-impl-thread1] INFO  server.RaftServer$Division (RaftServerImpl.java:start(419)) - om1@group-C5BA1605619E: Successfully started.
2025-09-25 12:21:01,166 [ForkJoinPool-1-worker-1] INFO  server.RaftServer (RaftServerProxy.java:startImpl(412)) - om1: start RPC server
2025-09-25 12:21:01,209 [ForkJoinPool-1-worker-1] INFO  server.GrpcServicesImpl (GrpcServicesImpl.java:startImpl(346)) - om1: GrpcServicesImpl started, listening on 9872
2025-09-25 12:21:01,211 [JvmPauseMonitor0] INFO  util.JvmPauseMonitor (JvmPauseMonitor.java:run(146)) - JvmPauseMonitor-om1: Started
2025-09-25 12:21:01,212 [ForkJoinPool-1-worker-1] INFO  om.OzoneManager (OzoneManager.java:start(1837)) - Version File has different layout version (8) than OM DB (null). That is expected if this OM has never been finalized to a newer layout version.
2025-09-25 12:21:01,231 [ForkJoinPool-1-worker-1] INFO  client.ScmTopologyClient (ScmTopologyClient.java:start(70)) - Initial network topology fetched from SCM: /.
2025-09-25 12:21:01,254 [ForkJoinPool-1-worker-1] INFO  net.NodeSchemaLoader (NodeSchemaLoader.java:loadSchemaFromFile(128)) - Loading schema from [jar:file:/home/runner/work/ozone/ozone/hadoop-hdds/common/target/hdds-common-2.1.0-SNAPSHOT.jar!/network-topology-default.xml]
2025-09-25 12:21:01,256 [ForkJoinPool-1-worker-1] INFO  net.NodeSchemaLoader (NodeSchemaLoader.java:loadSchema(175)) - Loading network topology layer schema file
2025-09-25 12:21:01,299 [ForkJoinPool-1-worker-1] INFO  utils.BackgroundService (BackgroundService.java:start(119)) - Starting service KeyDeletingService with interval 100 milliseconds
2025-09-25 12:21:01,303 [ForkJoinPool-1-worker-1] INFO  utils.BackgroundService (BackgroundService.java:start(119)) - Starting service DirectoryDeletingService with interval 60000 milliseconds
2025-09-25 12:21:01,305 [ForkJoinPool-1-worker-1] INFO  utils.BackgroundService (BackgroundService.java:start(119)) - Starting service OpenKeyCleanupService with interval 86400000 milliseconds
2025-09-25 12:21:01,310 [ForkJoinPool-1-worker-1] INFO  utils.BackgroundService (BackgroundService.java:start(119)) - Starting service SstFilteringService with interval 60000 milliseconds
2025-09-25 12:21:01,313 [ForkJoinPool-1-worker-1] INFO  utils.BackgroundService (BackgroundService.java:start(119)) - Starting service SnapshotDeletingService with interval 30000 milliseconds
2025-09-25 12:21:01,315 [ForkJoinPool-1-worker-1] INFO  utils.BackgroundService (BackgroundService.java:start(119)) - Starting service MultipartUploadCleanupService with interval 86400000 milliseconds
2025-09-25 12:21:01,327 [ForkJoinPool-1-worker-1] INFO  http.BaseHttpServer (BaseHttpServer.java:newHttpServer2BuilderForOzone(227)) - Starting Web-server for ozoneManager at: http://0.0.0.0:9874
2025-09-25 12:21:01,328 [ForkJoinPool-1-worker-1] INFO  http.BaseHttpServer (BaseHttpServer.java:<init>(105)) - Hadoop Security Enabled: false Ozone Security Enabled: false Ozone HTTP Security Enabled: false 
2025-09-25 12:21:01,347 [ForkJoinPool-1-worker-1] INFO  util.log (Log.java:initialized(170)) - Logging initialized @7025ms to org.eclipse.jetty.util.log.Slf4jLog
2025-09-25 12:21:01,412 [ForkJoinPool-1-worker-1] WARN  server.AuthenticationFilter (AuthenticationFilter.java:constructSecretProvider(240)) - Unable to initialize FileSignerSecretProvider, falling back to use random secrets. Reason: Could not read signature secret file: /home/runner/hadoop-http-auth-signature-secret
2025-09-25 12:21:01,445 [ForkJoinPool-1-worker-1] INFO  http.HttpServer2 (HttpServer2.java:addGlobalFilter(1041)) - Added global filter 'safety' (class=org.apache.hadoop.hdds.server.http.HttpServer2$QuotingInputFilter)
2025-09-25 12:21:01,449 [ForkJoinPool-1-worker-1] INFO  http.HttpServer2 (HttpServer2.java:addFilter(1017)) - Added filter static_user_filter (class=org.apache.hadoop.http.lib.StaticUserWebFilter$StaticUserFilter) to context ozoneManager
2025-09-25 12:21:01,450 [ForkJoinPool-1-worker-1] INFO  http.HttpServer2 (HttpServer2.java:addFilter(1025)) - Added filter static_user_filter (class=org.apache.hadoop.http.lib.StaticUserWebFilter$StaticUserFilter) to context static
2025-09-25 12:21:01,450 [ForkJoinPool-1-worker-1] INFO  http.HttpServer2 (HttpServer2.java:addFilter(1025)) - Added filter static_user_filter (class=org.apache.hadoop.http.lib.StaticUserWebFilter$StaticUserFilter) to context logs
2025-09-25 12:21:01,475 [ForkJoinPool-1-worker-1] INFO  http.BaseHttpServer (BaseHttpServer.java:<init>(193)) - HTTP server of ozoneManager uses base directory /tmp/TestKDS17826918679376335665/webserver
2025-09-25 12:21:01,482 [ForkJoinPool-1-worker-1] INFO  http.HttpServer2 (HttpServer2.java:bindListener(1241)) - Jetty bound to port 9874
2025-09-25 12:21:01,483 [ForkJoinPool-1-worker-1] INFO  server.Server (Server.java:doStart(375)) - jetty-9.4.58.v20250814; built: 2025-08-14T02:28:49.637Z; git: 8f1440587e9e4ae7db3d74cf205643f3d707148d; jvm 21.0.8+9-LTS
2025-09-25 12:21:01,502 [ForkJoinPool-1-worker-1] INFO  server.session (DefaultSessionIdManager.java:doStart(334)) - DefaultSessionIdManager workerName=node0
2025-09-25 12:21:01,502 [ForkJoinPool-1-worker-1] INFO  server.session (DefaultSessionIdManager.java:doStart(339)) - No SessionScavenger set, using defaults
2025-09-25 12:21:01,504 [ForkJoinPool-1-worker-1] INFO  server.session (HouseKeeper.java:startScavenging(132)) - node0 Scavenging every 600000ms
2025-09-25 12:21:01,512 [ForkJoinPool-1-worker-1] INFO  handler.ContextHandler (ContextHandler.java:doStart(921)) - Started o.e.j.s.ServletContextHandler@1ff78372{logs,/logs,file:///home/runner/work/ozone/ozone/hadoop-ozone/ozone-manager/target/log,AVAILABLE}
2025-09-25 12:21:01,513 [ForkJoinPool-1-worker-1] INFO  handler.ContextHandler (ContextHandler.java:doStart(921)) - Started o.e.j.s.ServletContextHandler@4b713c71{static,/static,file:///home/runner/work/ozone/ozone/hadoop-ozone/ozone-manager/target/classes/webapps/static,AVAILABLE}
2025-09-25 12:21:01,547 [ForkJoinPool-1-worker-1] INFO  handler.ContextHandler (ContextHandler.java:doStart(921)) - Started o.e.j.w.WebAppContext@8b552e8{ozoneManager,/,file:///home/runner/work/ozone/ozone/hadoop-ozone/ozone-manager/target/classes/webapps/ozoneManager/,AVAILABLE}{file:/home/runner/work/ozone/ozone/hadoop-ozone/ozone-manager/target/classes/webapps/ozoneManager}
2025-09-25 12:21:01,552 [ForkJoinPool-1-worker-1] INFO  server.AbstractConnector (AbstractConnector.java:doStart(333)) - Started ServerConnector@77273821{HTTP/1.1, (http/1.1)}{0.0.0.0:9874}
2025-09-25 12:21:01,552 [ForkJoinPool-1-worker-1] INFO  server.Server (Server.java:doStart(415)) - Started @7230ms
2025-09-25 12:21:01,554 [ForkJoinPool-1-worker-1] INFO  impl.MetricsSinkAdapter (MetricsSinkAdapter.java:start(204)) - Sink prometheus started
2025-09-25 12:21:01,555 [ForkJoinPool-1-worker-1] INFO  impl.MetricsSystemImpl (MetricsSystemImpl.java:registerSink(305)) - Registered sink prometheus
2025-09-25 12:21:01,555 [ForkJoinPool-1-worker-1] INFO  http.BaseHttpServer (BaseHttpServer.java:updateConnectorAddress(357)) - HTTP server of ozoneManager listening at http://localhost:9874
2025-09-25 12:21:01,556 [IPC Server Responder] INFO  ipc.Server (Server.java:run(1713)) - IPC Server Responder: starting
2025-09-25 12:21:01,556 [IPC Server listener on 9862] INFO  ipc.Server (Server.java:run(1553)) - IPC Server listener on 9862: starting
2025-09-25 12:21:01,572 [ForkJoinPool-1-worker-1] INFO  om.OzoneManager (OzoneManager.java:startTrashEmptier(2292)) - Trash Interval set to 0. Files deleted won't move to trash
2025-09-25 12:21:01,617 [ForkJoinPool-1-worker-1] INFO  om.GrpcOzoneManagerServer (GrpcOzoneManagerServer.java:start(178)) - GrpcOzoneManagerServer is started using port 8981
2025-09-25 12:21:06,289 [om1@group-C5BA1605619E-FollowerState] INFO  impl.FollowerState (FollowerState.java:runImpl(161)) - om1@group-C5BA1605619E-FollowerState: change to CANDIDATE, lastRpcElapsedTime:5137639740ns, electionTimeout:5134ms
2025-09-25 12:21:06,290 [om1@group-C5BA1605619E-FollowerState] INFO  impl.RoleInfo (RoleInfo.java:shutdownFollowerState(121)) - om1: shutdown om1@group-C5BA1605619E-FollowerState
2025-09-25 12:21:06,290 [om1@group-C5BA1605619E-FollowerState] INFO  server.RaftServer$Division (RaftServerImpl.java:setRole(392)) - om1@group-C5BA1605619E: changes role from  FOLLOWER to CANDIDATE at term 0 for changeToCandidate
2025-09-25 12:21:06,292 [om1@group-C5BA1605619E-FollowerState] INFO  server.RaftServerConfigKeys (ConfUtils.java:logGet(62)) - raft.server.leaderelection.pre-vote = true (default)
2025-09-25 12:21:06,293 [om1@group-C5BA1605619E-FollowerState] INFO  impl.RoleInfo (RoleInfo.java:updateAndGet(148)) - om1: start om1@group-C5BA1605619E-LeaderElection1
2025-09-25 12:21:06,296 [om1@group-C5BA1605619E-LeaderElection1] INFO  impl.LeaderElection (LeaderElection.java:askForVotes(448)) - om1@group-C5BA1605619E-LeaderElection1 PRE_VOTE round 0: submit vote requests at term 0 for conf: {index: -1, cur=peers:[om1|0.0.0.0:9872]|listeners:[], old=null}
2025-09-25 12:21:06,296 [om1@group-C5BA1605619E-LeaderElection1] INFO  impl.LeaderElection (LeaderElection.java:askForVotes(450)) - om1@group-C5BA1605619E-LeaderElection1 PRE_VOTE round 0: result PASSED (term=0)
2025-09-25 12:21:06,298 [om1@group-C5BA1605619E-LeaderElection1] INFO  impl.LeaderElection (LeaderElection.java:askForVotes(448)) - om1@group-C5BA1605619E-LeaderElection1 ELECTION round 0: submit vote requests at term 1 for conf: {index: -1, cur=peers:[om1|0.0.0.0:9872]|listeners:[], old=null}
2025-09-25 12:21:06,298 [om1@group-C5BA1605619E-LeaderElection1] INFO  impl.LeaderElection (LeaderElection.java:askForVotes(450)) - om1@group-C5BA1605619E-LeaderElection1 ELECTION round 0: result PASSED (term=1)
2025-09-25 12:21:06,299 [om1@group-C5BA1605619E-LeaderElection1] INFO  impl.RoleInfo (RoleInfo.java:shutdownLeaderElection(141)) - om1: shutdown om1@group-C5BA1605619E-LeaderElection1
2025-09-25 12:21:06,299 [om1@group-C5BA1605619E-LeaderElection1] INFO  server.RaftServer$Division (RaftServerImpl.java:setRole(392)) - om1@group-C5BA1605619E: changes role from CANDIDATE to LEADER at term 1 for changeToLeader
2025-09-25 12:21:06,303 [om1@group-C5BA1605619E-LeaderElection1] INFO  server.RaftServerConfigKeys (ConfUtils.java:logGet(62)) - raft.server.staging.catchup.gap = 1000 (default)
2025-09-25 12:21:06,303 [om1@group-C5BA1605619E-LeaderElection1] INFO  server.RaftServerConfigKeys (ConfUtils.java:logFallback(69)) - raft.server.staging.timeout = 15600ms (fallback to raft.server.rpc.timeout.max)
2025-09-25 12:21:06,305 [om1@group-C5BA1605619E-LeaderElection1] INFO  server.RaftServerConfigKeys (ConfUtils.java:logGet(62)) - raft.server.write.element-limit = 4096 (default)
2025-09-25 12:21:06,306 [om1@group-C5BA1605619E-LeaderElection1] INFO  server.RaftServerConfigKeys (ConfUtils.java:logGet(62)) - raft.server.write.byte-limit = 67108864 (custom)
2025-09-25 12:21:06,308 [om1@group-C5BA1605619E-LeaderElection1] INFO  server.RaftServerConfigKeys (ConfUtils.java:logGet(62)) - raft.server.watch.timeout = 10s (default)
2025-09-25 12:21:06,309 [om1@group-C5BA1605619E-LeaderElection1] INFO  server.RaftServerConfigKeys (ConfUtils.java:logGet(62)) - raft.server.watch.timeout.denomination = 1s (default)
2025-09-25 12:21:06,309 [om1@group-C5BA1605619E-LeaderElection1] INFO  server.RaftServerConfigKeys (ConfUtils.java:logGet(62)) - raft.server.watch.element-limit = 65536 (default)
2025-09-25 12:21:06,314 [om1@group-C5BA1605619E-LeaderElection1] INFO  server.RaftServerConfigKeys (ConfUtils.java:logGet(62)) - raft.server.read.leader.lease.enabled = false (default)
2025-09-25 12:21:06,316 [om1@group-C5BA1605619E-LeaderElection1] INFO  server.RaftServerConfigKeys (ConfUtils.java:logGet(62)) - raft.server.read.leader.lease.timeout.ratio = 0.9 (default)
2025-09-25 12:21:06,316 [om1@group-C5BA1605619E-LeaderElection1] INFO  server.RaftServerConfigKeys (ConfUtils.java:logGet(62)) - raft.server.log.log-metadata.enabled = false (custom)
2025-09-25 12:21:06,316 [om1@group-C5BA1605619E-LeaderElection1] INFO  server.RaftServerConfigKeys (ConfUtils.java:logGet(62)) - raft.server.write.follower.gap.ratio.max = -1.0 (default)
2025-09-25 12:21:06,318 [om1@group-C5BA1605619E-LeaderElection1] INFO  impl.RoleInfo (RoleInfo.java:updateAndGet(148)) - om1: start om1@group-C5BA1605619E-LeaderStateImpl
2025-09-25 12:21:06,318 [om1@group-C5BA1605619E-LeaderElection1] INFO  server.RaftServer$Division (RaftServerImpl.java:setFirstElection(576)) - om1@group-C5BA1605619E: set firstElectionSinceStartup to false for becomeLeader
2025-09-25 12:21:06,321 [om1@group-C5BA1605619E-LeaderElection1] INFO  ratis.OzoneManagerStateMachine (OzoneManagerStateMachine.java:notifyLeaderChanged(174)) - om1@group-C5BA1605619E: leader changed to om1
2025-09-25 12:21:06,321 [om1@group-C5BA1605619E-LeaderElection1] INFO  server.RaftServer$Division (ServerState.java:setLeader(272)) - om1@group-C5BA1605619E: change Leader from null to om1 at term 1 for becomeLeader, leader elected after 6803ms
2025-09-25 12:21:06,335 [om1@group-C5BA1605619E-LeaderElection1] INFO  segmented.SegmentedRaftLogWorker (SegmentedRaftLogWorker.java:startLogSegment(440)) - om1@group-C5BA1605619E-SegmentedRaftLogWorker: Starting segment from index:0
2025-09-25 12:21:06,351 [om1@group-C5BA1605619E-LeaderElection1] INFO  server.RaftServer$Division (ServerState.java:setRaftConf(386)) - om1@group-C5BA1605619E: set configuration conf: {index: 0, cur=peers:[om1|0.0.0.0:9872]|listeners:[], old=null}
2025-09-25 12:21:06,359 [om1@group-C5BA1605619E-SegmentedRaftLogWorker] INFO  segmented.BufferedWriteChannel (BufferedWriteChannel.java:open(61)) - open log_inprogress_0 at position 0
2025-09-25 12:21:06,365 [om1@group-C5BA1605619E-SegmentedRaftLogWorker] INFO  segmented.SegmentedRaftLogWorker (SegmentedRaftLogWorker.java:execute(647)) - om1@group-C5BA1605619E-SegmentedRaftLogWorker: created new log segment /tmp/TestKDS17826918679376335665/ratis/bf265839-605b-3f16-9796-c5ba1605619e/current/log_inprogress_0
2025-09-25 12:21:06,372 [om1@group-C5BA1605619E-StateMachineUpdater] INFO  ratis.OzoneManagerStateMachine (OzoneManagerStateMachine.java:notifyConfigurationChanged(243)) - notifyConfigurationChanged from Ratis: term=1, index=0, New Peer list: om1(0.0.0.0:9872), New Listener list
2025-09-25 12:21:06,373 [om1@group-C5BA1605619E-StateMachineUpdater] INFO  server.RaftServer$Division (LeaderStateImpl.java:checkStartIndex(309)) - Leader om1@group-C5BA1605619E-LeaderStateImpl is ready since appliedIndex == startIndex == 0
2025-09-25 12:21:07,636 [ForkJoinPool-1-worker-1] INFO  service.KeyDeletingService (KeyDeletingService.java:processKeyDeletes(148)) - Send 49 key(s) to SCM, first 10 keys: [BlockGroup[groupID='/testPurgeKeysRequestBatching/bucket0/key1/-9223372036854775552', blockIDs=[conID: 563695 locID: 563695 bcsId: 0 replicaIndex: null]], BlockGroup[groupID='/testPurgeKeysRequestBatching/bucket10/key11/-9223372036854771712', blockIDs=[conID: 563936 locID: 563936 bcsId: 0 replicaIndex: null]], BlockGroup[groupID='/testPurgeKeysRequestBatching/bucket12/key13/-9223372036854770944', blockIDs=[conID: 563951 locID: 563951 bcsId: 0 replicaIndex: null]], BlockGroup[groupID='/testPurgeKeysRequestBatching/bucket14/key15/-9223372036854770176', blockIDs=[conID: 563966 locID: 563966 bcsId: 0 replicaIndex: null]], BlockGroup[groupID='/testPurgeKeysRequestBatching/bucket16/key17/-9223372036854769408', blockIDs=[conID: 563984 locID: 563984 bcsId: 0 replicaIndex: null]], BlockGroup[groupID='/testPurgeKeysRequestBatching/bucket18/key19/-9223372036854768640', blockIDs=[conID: 564001 locID: 564001 bcsId: 0 replicaIndex: null]], BlockGroup[groupID='/testPurgeKeysRequestBatching/bucket2/key3/-9223372036854774784', blockIDs=[conID: 563841 locID: 563841 bcsId: 0 replicaIndex: null]], BlockGroup[groupID='/testPurgeKeysRequestBatching/bucket20/key21/-9223372036854767872', blockIDs=[conID: 564017 locID: 564017 bcsId: 0 replicaIndex: null]], BlockGroup[groupID='/testPurgeKeysRequestBatching/bucket22/key23/-9223372036854767104', blockIDs=[conID: 564033 locID: 564033 bcsId: 0 replicaIndex: null]], BlockGroup[groupID='/testPurgeKeysRequestBatching/bucket24/key25/-9223372036854766336', blockIDs=[conID: 564046 locID: 564046 bcsId: 0 replicaIndex: null]]]
2025-09-25 12:21:07,642 [ForkJoinPool-1-worker-1] INFO  service.KeyDeletingService (KeyDeletingService.java:processKeyDeletes(153)) - 49 BlockGroup deletion are acked by SCM in 6 ms
2025-09-25 12:21:07,642 [om1-KeyDeletingService#7] INFO  service.KeyDeletingService (KeyDeletingService.java:processKeyDeletes(148)) - Send 50 key(s) to SCM, first 10 keys: [BlockGroup[groupID='/testPurgeKeysRequestBatching/bucket0/key1/-9223372036854775552', blockIDs=[conID: 563695 locID: 563695 bcsId: 0 replicaIndex: null]], BlockGroup[groupID='/testPurgeKeysRequestBatching/bucket10/key11/-9223372036854771712', blockIDs=[conID: 563936 locID: 563936 bcsId: 0 replicaIndex: null]], BlockGroup[groupID='/testPurgeKeysRequestBatching/bucket12/key13/-9223372036854770944', blockIDs=[conID: 563951 locID: 563951 bcsId: 0 replicaIndex: null]], BlockGroup[groupID='/testPurgeKeysRequestBatching/bucket14/key15/-9223372036854770176', blockIDs=[conID: 563966 locID: 563966 bcsId: 0 replicaIndex: null]], BlockGroup[groupID='/testPurgeKeysRequestBatching/bucket16/key17/-9223372036854769408', blockIDs=[conID: 563984 locID: 563984 bcsId: 0 replicaIndex: null]], BlockGroup[groupID='/testPurgeKeysRequestBatching/bucket18/key19/-9223372036854768640', blockIDs=[conID: 564001 locID: 564001 bcsId: 0 replicaIndex: null]], BlockGroup[groupID='/testPurgeKeysRequestBatching/bucket2/key3/-9223372036854774784', blockIDs=[conID: 563841 locID: 563841 bcsId: 0 replicaIndex: null]], BlockGroup[groupID='/testPurgeKeysRequestBatching/bucket20/key21/-9223372036854767872', blockIDs=[conID: 564017 locID: 564017 bcsId: 0 replicaIndex: null]], BlockGroup[groupID='/testPurgeKeysRequestBatching/bucket22/key23/-9223372036854767104', blockIDs=[conID: 564033 locID: 564033 bcsId: 0 replicaIndex: null]], BlockGroup[groupID='/testPurgeKeysRequestBatching/bucket24/key25/-9223372036854766336', blockIDs=[conID: 564046 locID: 564046 bcsId: 0 replicaIndex: null]]]
2025-09-25 12:21:07,646 [om1-KeyDeletingService#7] INFO  service.KeyDeletingService (KeyDeletingService.java:processKeyDeletes(153)) - 50 BlockGroup deletion are acked by SCM in 3 ms
2025-09-25 12:21:07,657 [om1-KeyDeletingService#7] ERROR ratis.OzoneManagerRatisServer (OzoneManagerRatisServer.java:exceptionToResponseStatus(636)) - Unknown error occurs
org.apache.ratis.server.raftlog.RaftLogIOException: Log entry size 1078 exceeds the max buffer limit of 1024
	at org.apache.ratis.server.raftlog.RaftLogBase.appendImpl(RaftLogBase.java:192)
	at org.apache.ratis.server.raftlog.RaftLogBase.lambda$append$2(RaftLogBase.java:169)
	at org.apache.ratis.server.raftlog.RaftLogSequentialOps$Runner.runSequentially(RaftLogSequentialOps.java:69)
	at org.apache.ratis.server.raftlog.RaftLogBase.append(RaftLogBase.java:169)
	at org.apache.ratis.server.impl.ServerState.appendLog(ServerState.java:323)
	at org.apache.ratis.server.impl.RaftServerImpl.appendTransaction(RaftServerImpl.java:840)
	at org.apache.ratis.server.impl.RaftServerImpl.writeAsyncImpl(RaftServerImpl.java:996)
	at org.apache.ratis.server.impl.RaftServerImpl.writeAsync(RaftServerImpl.java:960)
	at org.apache.ratis.server.impl.RaftServerImpl.replyFuture(RaftServerImpl.java:953)
	at org.apache.ratis.server.impl.RaftServerImpl.submitClientRequestAsync(RaftServerImpl.java:930)
	at org.apache.ratis.server.impl.RaftServerImpl.lambda$null$11(RaftServerImpl.java:919)
	at org.apache.ratis.util.JavaUtils.callAsUnchecked(JavaUtils.java:118)
	at org.apache.ratis.server.impl.RaftServerImpl.lambda$executeSubmitClientRequestAsync$12(RaftServerImpl.java:919)
	at java.base/java.util.concurrent.CompletableFuture$AsyncSupply.run(CompletableFuture.java:1768)
	at java.base/java.util.concurrent.ThreadPoolExecutor.runWorker(ThreadPoolExecutor.java:1144)
	at java.base/java.util.concurrent.ThreadPoolExecutor$Worker.run(ThreadPoolExecutor.java:642)
	at java.base/java.lang.Thread.run(Thread.java:1583)
2025-09-25 12:21:07,658 [ForkJoinPool-1-worker-1] INFO  service.KeyDeletingService (KeyDeletingService.java:processKeyDeletes(161)) - Blocks for 49 (out of 49) keys are deleted from DB in 14 ms. Limit per task is 50000.
2025-09-25 12:21:07,657 [om1@group-C5BA1605619E-LeaderStateImpl] INFO  server.RaftServer$Division (RaftServerImpl.java:setRole(392)) - om1@group-C5BA1605619E: changes role from    LEADER to FOLLOWER at term 1 for StepDownReason:STATE_MACHINE_EXCEPTION
2025-09-25 12:21:07,661 [om1@group-C5BA1605619E-LeaderStateImpl] INFO  impl.RoleInfo (RoleInfo.java:shutdownLeaderState(103)) - om1: shutdown om1@group-C5BA1605619E-LeaderStateImpl
2025-09-25 12:21:07,662 [om1@group-C5BA1605619E-LeaderStateImpl] INFO  impl.PendingRequests (PendingRequests.java:sendNotLeaderResponses(287)) - om1@group-C5BA1605619E-PendingRequests: sendNotLeaderResponses
2025-09-25 12:21:07,666 [om1@group-C5BA1605619E-LeaderStateImpl] INFO  server.RaftServer$Division (ServerState.java:setLeader(272)) - om1@group-C5BA1605619E: change Leader from om1 to null at term 1 for StepDownReason:STATE_MACHINE_EXCEPTION
2025-09-25 12:21:07,666 [om1@group-C5BA1605619E-LeaderStateImpl] INFO  impl.RoleInfo (RoleInfo.java:updateAndGet(148)) - om1: start om1@group-C5BA1605619E-FollowerState
2025-09-25 12:21:07,668 [om1-KeyDeletingService#7] ERROR service.KeyDeletingService (KeyDeletingService.java:submitPurgeRequest(335)) - PurgeKey request failed in batch. Will retry at next run.
com.google.protobuf.ServiceException: org.apache.hadoop.ozone.om.exceptions.OMNotLeaderException: OM:om1 is not the leader. Could not determine the leader node.
	at org.apache.hadoop.ozone.om.ratis.OzoneManagerRatisServer.createOmResponseImpl(OzoneManagerRatisServer.java:565)
	at org.apache.hadoop.ozone.om.ratis.OzoneManagerRatisServer.lambda$2(OzoneManagerRatisServer.java:270)
	at org.apache.hadoop.ozone.util.MetricUtil.captureLatencyNs(MetricUtil.java:45)
	at org.apache.hadoop.ozone.om.ratis.OzoneManagerRatisServer.createOmResponse(OzoneManagerRatisServer.java:268)
	at org.apache.hadoop.ozone.om.ratis.OzoneManagerRatisServer.submitRequest(OzoneManagerRatisServer.java:306)
	at org.apache.hadoop.ozone.om.ratis.utils.OzoneManagerRatisUtils.submitRequest(OzoneManagerRatisUtils.java:518)
	at org.apache.hadoop.ozone.om.service.AbstractKeyDeletingService.submitRequest(AbstractKeyDeletingService.java:69)
	at org.apache.hadoop.ozone.om.service.KeyDeletingService.submitPurgeRequest(KeyDeletingService.java:330)
	at org.apache.hadoop.ozone.om.service.KeyDeletingService.submitPurgeKeysRequest(KeyDeletingService.java:291)
	at org.apache.hadoop.ozone.om.service.KeyDeletingService.processKeyDeletes(KeyDeletingService.java:157)
	at org.apache.hadoop.ozone.om.service.KeyDeletingService$KeyDeletingTask.processDeletedKeysForStore(KeyDeletingService.java:482)
	at org.apache.hadoop.ozone.om.service.KeyDeletingService$KeyDeletingTask.call(KeyDeletingService.java:574)
	at org.apache.hadoop.hdds.utils.BackgroundService$PeriodicalTask.lambda$run$0(BackgroundService.java:171)
	at java.base/java.util.concurrent.CompletableFuture$AsyncRun.run(CompletableFuture.java:1804)
	at java.base/java.util.concurrent.Executors$RunnableAdapter.call(Executors.java:572)
	at java.base/java.util.concurrent.FutureTask.run(FutureTask.java:317)
	at java.base/java.util.concurrent.ScheduledThreadPoolExecutor$ScheduledFutureTask.run(ScheduledThreadPoolExecutor.java:304)
	at java.base/java.util.concurrent.ThreadPoolExecutor.runWorker(ThreadPoolExecutor.java:1144)
	at java.base/java.util.concurrent.ThreadPoolExecutor$Worker.run(ThreadPoolExecutor.java:642)
	at java.base/java.lang.Thread.run(Thread.java:1583)
Caused by: org.apache.hadoop.ozone.om.exceptions.OMNotLeaderException: OM:om1 is not the leader. Could not determine the leader node.
	at org.apache.hadoop.ozone.om.exceptions.OMNotLeaderException.convertToOMNotLeaderException(OMNotLeaderException.java:87)
	at org.apache.hadoop.ozone.om.ratis.OzoneManagerRatisServer.createOmResponseImpl(OzoneManagerRatisServer.java:566)
	... 19 more
2025-09-25 12:21:07,672 [om1-KeyDeletingService#7] ERROR service.KeyDeletingService (KeyDeletingService.java:submitPurgeRequest(335)) - PurgeKey request failed in batch. Will retry at next run.
com.google.protobuf.ServiceException: org.apache.hadoop.ozone.om.exceptions.OMNotLeaderException: OM:om1 is not the leader. Could not determine the leader node.
	at org.apache.hadoop.ozone.om.ratis.OzoneManagerRatisServer.createOmResponseImpl(OzoneManagerRatisServer.java:565)
	at org.apache.hadoop.ozone.om.ratis.OzoneManagerRatisServer.lambda$2(OzoneManagerRatisServer.java:270)
	at org.apache.hadoop.ozone.util.MetricUtil.captureLatencyNs(MetricUtil.java:45)
	at org.apache.hadoop.ozone.om.ratis.OzoneManagerRatisServer.createOmResponse(OzoneManagerRatisServer.java:268)
	at org.apache.hadoop.ozone.om.ratis.OzoneManagerRatisServer.submitRequest(OzoneManagerRatisServer.java:306)
	at org.apache.hadoop.ozone.om.ratis.utils.OzoneManagerRatisUtils.submitRequest(OzoneManagerRatisUtils.java:518)
	at org.apache.hadoop.ozone.om.service.AbstractKeyDeletingService.submitRequest(AbstractKeyDeletingService.java:69)
	at org.apache.hadoop.ozone.om.service.KeyDeletingService.submitPurgeRequest(KeyDeletingService.java:330)
	at org.apache.hadoop.ozone.om.service.KeyDeletingService.submitPurgeKeysRequest(KeyDeletingService.java:291)
	at org.apache.hadoop.ozone.om.service.KeyDeletingService.processKeyDeletes(KeyDeletingService.java:157)
	at org.apache.hadoop.ozone.om.service.KeyDeletingService$KeyDeletingTask.processDeletedKeysForStore(KeyDeletingService.java:482)
	at org.apache.hadoop.ozone.om.service.KeyDeletingService$KeyDeletingTask.call(KeyDeletingService.java:574)
	at org.apache.hadoop.hdds.utils.BackgroundService$PeriodicalTask.lambda$run$0(BackgroundService.java:171)
	at java.base/java.util.concurrent.CompletableFuture$AsyncRun.run(CompletableFuture.java:1804)
	at java.base/java.util.concurrent.Executors$RunnableAdapter.call(Executors.java:572)
	at java.base/java.util.concurrent.FutureTask.run(FutureTask.java:317)
	at java.base/java.util.concurrent.ScheduledThreadPoolExecutor$ScheduledFutureTask.run(ScheduledThreadPoolExecutor.java:304)
	at java.base/java.util.concurrent.ThreadPoolExecutor.runWorker(ThreadPoolExecutor.java:1144)
	at java.base/java.util.concurrent.ThreadPoolExecutor$Worker.run(ThreadPoolExecutor.java:642)
	at java.base/java.lang.Thread.run(Thread.java:1583)
Caused by: org.apache.hadoop.ozone.om.exceptions.OMNotLeaderException: OM:om1 is not the leader. Could not determine the leader node.
	at org.apache.hadoop.ozone.om.exceptions.OMNotLeaderException.convertToOMNotLeaderException(OMNotLeaderException.java:87)
	at org.apache.hadoop.ozone.om.ratis.OzoneManagerRatisServer.createOmResponseImpl(OzoneManagerRatisServer.java:566)
	... 19 more
2025-09-25 12:21:07,673 [om1-KeyDeletingService#7] ERROR service.KeyDeletingService (KeyDeletingService.java:submitPurgeRequest(335)) - PurgeKey request failed in batch. Will retry at next run.
com.google.protobuf.ServiceException: org.apache.hadoop.ozone.om.exceptions.OMNotLeaderException: OM:om1 is not the leader. Could not determine the leader node.
	at org.apache.hadoop.ozone.om.ratis.OzoneManagerRatisServer.createOmResponseImpl(OzoneManagerRatisServer.java:565)
	at org.apache.hadoop.ozone.om.ratis.OzoneManagerRatisServer.lambda$2(OzoneManagerRatisServer.java:270)
	at org.apache.hadoop.ozone.util.MetricUtil.captureLatencyNs(MetricUtil.java:45)
	at org.apache.hadoop.ozone.om.ratis.OzoneManagerRatisServer.createOmResponse(OzoneManagerRatisServer.java:268)
	at org.apache.hadoop.ozone.om.ratis.OzoneManagerRatisServer.submitRequest(OzoneManagerRatisServer.java:306)
	at org.apache.hadoop.ozone.om.ratis.utils.OzoneManagerRatisUtils.submitRequest(OzoneManagerRatisUtils.java:518)
	at org.apache.hadoop.ozone.om.service.AbstractKeyDeletingService.submitRequest(AbstractKeyDeletingService.java:69)
	at org.apache.hadoop.ozone.om.service.KeyDeletingService.submitPurgeRequest(KeyDeletingService.java:330)
	at org.apache.hadoop.ozone.om.service.KeyDeletingService.submitPurgeKeysRequest(KeyDeletingService.java:291)
	at org.apache.hadoop.ozone.om.service.KeyDeletingService.processKeyDeletes(KeyDeletingService.java:157)
	at org.apache.hadoop.ozone.om.service.KeyDeletingService$KeyDeletingTask.processDeletedKeysForStore(KeyDeletingService.java:482)
	at org.apache.hadoop.ozone.om.service.KeyDeletingService$KeyDeletingTask.call(KeyDeletingService.java:574)
	at org.apache.hadoop.hdds.utils.BackgroundService$PeriodicalTask.lambda$run$0(BackgroundService.java:171)
	at java.base/java.util.concurrent.CompletableFuture$AsyncRun.run(CompletableFuture.java:1804)
	at java.base/java.util.concurrent.Executors$RunnableAdapter.call(Executors.java:572)
	at java.base/java.util.concurrent.FutureTask.run(FutureTask.java:317)
	at java.base/java.util.concurrent.ScheduledThreadPoolExecutor$ScheduledFutureTask.run(ScheduledThreadPoolExecutor.java:304)
	at java.base/java.util.concurrent.ThreadPoolExecutor.runWorker(ThreadPoolExecutor.java:1144)
	at java.base/java.util.concurrent.ThreadPoolExecutor$Worker.run(ThreadPoolExecutor.java:642)
	at java.base/java.lang.Thread.run(Thread.java:1583)
Caused by: org.apache.hadoop.ozone.om.exceptions.OMNotLeaderException: OM:om1 is not the leader. Could not determine the leader node.
	at org.apache.hadoop.ozone.om.exceptions.OMNotLeaderException.convertToOMNotLeaderException(OMNotLeaderException.java:87)
	at org.apache.hadoop.ozone.om.ratis.OzoneManagerRatisServer.createOmResponseImpl(OzoneManagerRatisServer.java:566)
	... 19 more
2025-09-25 12:21:07,675 [om1-KeyDeletingService#7] INFO  service.KeyDeletingService (KeyDeletingService.java:processKeyDeletes(161)) - Blocks for 50 (out of 50) keys are deleted from DB in 29 ms. Limit per task is 50000.
2025-09-25 12:21:07,726 [ForkJoinPool-1-worker-1] INFO  om.OzoneManager (OzoneManager.java:stop(2382)) - om1[0.0.0.0:9862]: Stopping Ozone Manager
2025-09-25 12:21:07,726 [ForkJoinPool-1-worker-1] INFO  ipc.Server (Server.java:stop(3697)) - Stopping server on 9862
2025-09-25 12:21:07,732 [IPC Server listener on 9862] INFO  ipc.Server (Server.java:run(1585)) - Stopping IPC Server listener on 9862
2025-09-25 12:21:07,732 [IPC Server Responder] INFO  ipc.Server (Server.java:run(1718)) - Stopping IPC Server Responder
2025-09-25 12:21:11,749 [ForkJoinPool-1-worker-1] INFO  om.GrpcOzoneManagerServer (GrpcOzoneManagerServer.java:stop(190)) - Server GrpcOzoneManagerServer is shutdown
2025-09-25 12:21:11,749 [ForkJoinPool-1-worker-1] INFO  ratis.OzoneManagerRatisServer (OzoneManagerRatisServer.java:stop(679)) - Stopping org.apache.hadoop.ozone.om.ratis.OzoneManagerRatisServer@5ac98d51 at port 9872
2025-09-25 12:21:11,750 [ForkJoinPool-1-worker-1] INFO  server.RaftServer (RaftServerProxy.java:lambda$close$9(422)) - om1: close
2025-09-25 12:21:11,751 [ForkJoinPool-1-worker-1] INFO  server.GrpcServicesImpl (GrpcServicesImpl.java:closeImpl(355)) - om1: shutdown server GrpcServerProtocolService now
2025-09-25 12:21:11,752 [om1-impl-thread1] INFO  server.RaftServer$Division (RaftServerImpl.java:lambda$close$1(527)) - om1@group-C5BA1605619E: shutdown
2025-09-25 12:21:11,752 [om1-impl-thread1] INFO  util.JmxRegister (JmxRegister.java:unregister(74)) - Successfully un-registered JMX Bean with object name Ratis:service=RaftServer,group=group-C5BA1605619E,id=om1
2025-09-25 12:21:11,752 [om1-impl-thread1] INFO  impl.RoleInfo (RoleInfo.java:shutdownFollowerState(121)) - om1: shutdown om1@group-C5BA1605619E-FollowerState
2025-09-25 12:21:11,752 [om1-impl-thread1] INFO  impl.StateMachineUpdater (StateMachineUpdater.java:stopAndJoin(163)) - om1@group-C5BA1605619E-StateMachineUpdater: set stopIndex = 150
2025-09-25 12:21:11,754 [om1@group-C5BA1605619E-FollowerState] INFO  impl.FollowerState (FollowerState.java:runImpl(170)) - om1@group-C5BA1605619E-FollowerState was interrupted
2025-09-25 12:21:11,762 [ForkJoinPool-1-worker-1] INFO  server.GrpcServicesImpl (GrpcServicesImpl.java:closeImpl(364)) - om1: shutdown server GrpcServerProtocolService successfully
2025-09-25 12:21:11,778 [om1@group-C5BA1605619E-StateMachineUpdater] INFO  ratis.OzoneManagerStateMachine (OzoneManagerStateMachine.java:takeSnapshotImpl(525)) - om1: taking snapshot. applied = (t:1, i:150), skipped = -1, notified = (t:1, i:0), current snapshot index = (t:1, i:150), took 23 ms
2025-09-25 12:21:11,778 [om1@group-C5BA1605619E-StateMachineUpdater] INFO  impl.StateMachineUpdater (StateMachineUpdater.java:takeSnapshot(307)) - om1@group-C5BA1605619E-StateMachineUpdater: Took a snapshot at index 150
2025-09-25 12:21:11,778 [om1@group-C5BA1605619E-StateMachineUpdater] INFO  impl.StateMachineUpdater (StateMachineUpdater.java:lambda$new$0(101)) - om1@group-C5BA1605619E-StateMachineUpdater: snapshotIndex: updateIncreasingly -1 -> 150
2025-09-25 12:21:11,779 [om1@group-C5BA1605619E-StateMachineUpdater] INFO  impl.StateMachineUpdater (StateMachineUpdater.java:stop(140)) - om1@group-C5BA1605619E-StateMachineUpdater: closing OzoneManagerStateMachine, lastApplied=(t:1, i:150)
2025-09-25 12:21:11,779 [om1@group-C5BA1605619E-StateMachineUpdater] INFO  ratis.OzoneManagerStateMachine (OzoneManagerStateMachine.java:close(565)) - Stopping OzoneManagerStateMachine:om1:group-C5BA1605619E.
2025-09-25 12:21:11,779 [om1@group-C5BA1605619E-StateMachineUpdater] INFO  ratis.OzoneManagerDoubleBuffer (OzoneManagerDoubleBuffer.java:stopDaemon(499)) - Stopping OMDoubleBuffer flush thread
2025-09-25 12:21:11,779 [om1-OMDoubleBufferFlushThread] INFO  ratis.OzoneManagerDoubleBuffer (OzoneManagerDoubleBuffer.java:canFlush(558)) - OMDoubleBuffer flush thread om1-OMDoubleBufferFlushThread is interrupted and will exit.
2025-09-25 12:21:11,780 [om1@group-C5BA1605619E-cacheEviction-AwaitToRun] INFO  util.AwaitToRun (AwaitToRun.java:run(49)) - om1@group-C5BA1605619E-cacheEviction-AwaitToRun-AwaitForSignal is interrupted
2025-09-25 12:21:12,619 [om1-impl-thread1] INFO  segmented.SegmentedRaftLogWorker (SegmentedRaftLogWorker.java:close(254)) - om1@group-C5BA1605619E-SegmentedRaftLogWorker close()
2025-09-25 12:21:12,627 [JvmPauseMonitor0] INFO  util.JvmPauseMonitor (JvmPauseMonitor.java:run(152)) - JvmPauseMonitor-om1: Stopped
2025-09-25 12:21:12,627 [ForkJoinPool-1-worker-1] INFO  utils.BackgroundService (BackgroundService.java:shutdown(195)) - Shutting down service KeyDeletingService
2025-09-25 12:21:12,628 [ForkJoinPool-1-worker-1] INFO  utils.BackgroundService (BackgroundService.java:shutdown(195)) - Shutting down service DirectoryDeletingService
2025-09-25 12:21:12,629 [ForkJoinPool-1-worker-1] INFO  utils.BackgroundService (BackgroundService.java:shutdown(195)) - Shutting down service OpenKeyCleanupService
2025-09-25 12:21:12,629 [ForkJoinPool-1-worker-1] INFO  utils.BackgroundService (BackgroundService.java:shutdown(195)) - Shutting down service SstFilteringService
2025-09-25 12:21:12,630 [ForkJoinPool-1-worker-1] INFO  utils.BackgroundService (BackgroundService.java:shutdown(195)) - Shutting down service SnapshotDeletingService
2025-09-25 12:21:12,630 [ForkJoinPool-1-worker-1] INFO  utils.BackgroundService (BackgroundService.java:shutdown(195)) - Shutting down service MultipartUploadCleanupService
2025-09-25 12:21:12,631 [ForkJoinPool-1-worker-1] INFO  om.OzoneManager (OzoneManager.java:stopSecretManager(1246)) - Stopping OM delegation token secret manager.
2025-09-25 12:21:12,633 [ForkJoinPool-1-worker-1] INFO  handler.ContextHandler (ContextHandler.java:doStop(1159)) - Stopped o.e.j.w.WebAppContext@8b552e8{ozoneManager,/,null,STOPPED}{file:/home/runner/work/ozone/ozone/hadoop-ozone/ozone-manager/target/classes/webapps/ozoneManager}
2025-09-25 12:21:12,635 [ForkJoinPool-1-worker-1] INFO  server.AbstractConnector (AbstractConnector.java:doStop(383)) - Stopped ServerConnector@77273821{HTTP/1.1, (http/1.1)}{0.0.0.0:9874}
2025-09-25 12:21:12,635 [ForkJoinPool-1-worker-1] INFO  server.session (HouseKeeper.java:stopScavenging(149)) - node0 Stopped scavenging
2025-09-25 12:21:12,636 [ForkJoinPool-1-worker-1] INFO  handler.ContextHandler (ContextHandler.java:doStop(1159)) - Stopped o.e.j.s.ServletContextHandler@4b713c71{static,/static,file:///home/runner/work/ozone/ozone/hadoop-ozone/ozone-manager/target/classes/webapps/static,STOPPED}
2025-09-25 12:21:12,636 [ForkJoinPool-1-worker-1] INFO  handler.ContextHandler (ContextHandler.java:doStop(1159)) - Stopped o.e.j.s.ServletContextHandler@1ff78372{logs,/logs,file:///home/runner/work/ozone/ozone/hadoop-ozone/ozone-manager/target/log,STOPPED}
2025-09-25 12:21:12,638 [ForkJoinPool-1-worker-1] INFO  rocksdiff.RocksDBCheckpointDiffer (RocksDBCheckpointDiffer.java:close(340)) - Shutting down CompactionDagPruningService.
2025-09-25 12:21:12,642 [ForkJoinPool-1-worker-1] INFO  snapshot.SnapshotDiffManager (SnapshotDiffManager.java:closeExecutorService(1734)) - Shutting down executorService: 'SnapDiffExecutor'
2025-09-25 12:21:12,643 [ForkJoinPool-1-worker-1] INFO  utils.BackgroundService (BackgroundService.java:shutdown(195)) - Shutting down service SnapshotDiffCleanupService
]]></system-out>
    <system-err><![CDATA[WARNING: A Java agent has been loaded dynamically (/home/runner/.m2/repository/net/bytebuddy/byte-buddy-agent/1.12.19/byte-buddy-agent-1.12.19.jar)
WARNING: If a serviceability tool is in use, please run with -XX:+EnableDynamicAgentLoading to hide this warning
WARNING: If a serviceability tool is not in use, please run with -Djdk.instrument.traceUsage for more information
WARNING: Dynamic loading of agents will be disallowed by default in a future release
]]></system-err>
  </testcase>
  <testcase name="testLastRunAnd24hMetrics" classname="org.apache.hadoop.ozone.om.service.TestKeyDeletingService$Metrics" time="2.425">
    <system-out><![CDATA[2025-09-25 12:21:12,713 [ForkJoinPool-1-worker-1] WARN  server.ServerUtils (ServerUtils.java:getDBPath(292)) - ozone.om.db.dirs is not configured. We recommend adding this setting. Falling back to ozone.metadata.dirs instead.
2025-09-25 12:21:12,721 [ForkJoinPool-1-worker-1] INFO  ha.OMHANodeDetails (OMHANodeDetails.java:loadOMHAConfig(114)) - ozone.om.internal.service.id is not defined, falling back to ozone.om.service.ids to find serviceID for OzoneManager if it is HA enabled cluster
2025-09-25 12:21:12,722 [ForkJoinPool-1-worker-1] INFO  ha.OMHANodeDetails (OMHANodeDetails.java:loadOMHAConfig(228)) - Configuration does not have ozone.om.address set. Falling back to the default OM address /0.0.0.0:9862
2025-09-25 12:21:12,722 [ForkJoinPool-1-worker-1] INFO  ha.OMHANodeDetails (OMHANodeDetails.java:getOMNodeDetailsForNonHA(262)) - OM Service ID is not set. Setting it to the default ID: omServiceIdDefault
2025-09-25 12:21:12,722 [ForkJoinPool-1-worker-1] INFO  ha.OMHANodeDetails (OMHANodeDetails.java:getOMNodeDetailsForNonHA(269)) - OM Node ID is not set. Setting it to the default ID: om1
2025-09-25 12:21:12,723 [ForkJoinPool-1-worker-1] WARN  server.ServerUtils (ServerUtils.java:getDBPath(292)) - ozone.om.db.dirs is not configured. We recommend adding this setting. Falling back to ozone.metadata.dirs instead.
2025-09-25 12:21:12,725 [ForkJoinPool-1-worker-1] INFO  upgrade.AbstractLayoutVersionManager (AbstractLayoutVersionManager.java:init(80)) - Initializing Layout version manager with metadata layout = DELEGATION_TOKEN_SYMMETRIC_SIGN (version = 8), software layout = DELEGATION_TOKEN_SYMMETRIC_SIGN (version = 8)
2025-09-25 12:21:12,896 [ForkJoinPool-1-worker-1] INFO  reflections.Reflections (Reflections.java:scan(219)) - Reflections took 170 ms to scan 2 urls, producing 217 keys and 636 values
2025-09-25 12:21:12,897 [ForkJoinPool-1-worker-1] INFO  upgrade.OMLayoutVersionManager (OMLayoutVersionManager.java:lambda$0(110)) - Skipping Upgrade Action QuotaRepairUpgradeAction since it has been finalized.
2025-09-25 12:21:12,897 [ForkJoinPool-1-worker-1] INFO  upgrade.OMLayoutVersionManager (OMLayoutVersionManager.java:lambda$0(110)) - Skipping Upgrade Action MockOmUpgradeAction since it has been finalized.
2025-09-25 12:21:12,898 [ForkJoinPool-1-worker-1] WARN  server.ServerUtils (ServerUtils.java:getDBPath(292)) - ozone.om.db.dirs is not configured. We recommend adding this setting. Falling back to ozone.metadata.dirs instead.
2025-09-25 12:21:12,898 [ForkJoinPool-1-worker-1] INFO  om.OzoneManager (OzoneManager.java:setReplicationFromConfig(4650)) - Set default replication in OM: RATIS/3 -> RATIS/THREE
2025-09-25 12:21:12,903 [ForkJoinPool-1-worker-1] INFO  proxy.SCMContainerLocationFailoverProxyProvider (SCMFailoverProxyProviderBase.java:<init>(120)) - Created fail-over proxy for protocol StorageContainerLocationProtocolPB with 1 nodes: [nodeId=scmNodeId,nodeAddress=/127.0.0.1:0]
2025-09-25 12:21:12,903 [ForkJoinPool-1-worker-1] INFO  proxy.SCMBlockLocationFailoverProxyProvider (SCMFailoverProxyProviderBase.java:<init>(120)) - Created fail-over proxy for protocol ScmBlockLocationProtocolPB with 1 nodes: [nodeId=scmNodeId,nodeAddress=/127.0.0.1:9863]
2025-09-25 12:21:12,923 [ForkJoinPool-1-worker-1] INFO  om.OzoneManager (OzoneManager.java:<init>(683)) - OM start with adminUsers: [runner]
2025-09-25 12:21:12,925 [ForkJoinPool-1-worker-1] WARN  server.ServerUtils (ServerUtils.java:getDBPath(292)) - ozone.om.db.dirs is not configured. We recommend adding this setting. Falling back to ozone.metadata.dirs instead.
2025-09-25 12:21:13,124 [ForkJoinPool-1-worker-1] INFO  om.OzoneManager (OzoneManager.java:instantiateServices(927)) - S3 Multi-Tenancy is disabled
2025-09-25 12:21:13,125 [ForkJoinPool-1-worker-1] INFO  security.OzoneSecretStore (OzoneSecretStore.java:loadState(58)) - Loaded 0 tokens
2025-09-25 12:21:13,126 [ForkJoinPool-1-worker-1] INFO  security.OzoneDelegationTokenSecretManager (OzoneDelegationTokenSecretManager.java:loadTokenSecretState(517)) - Loading token state into token manager.
2025-09-25 12:21:13,126 [ForkJoinPool-1-worker-1] INFO  acl.OzoneAuthorizerFactory (OzoneAuthorizerFactory.java:create(69)) - om1: Authorizer for OM is class org.apache.hadoop.ozone.security.acl.OzoneAccessAuthorizer
2025-09-25 12:21:13,127 [ForkJoinPool-1-worker-1] INFO  om.OmSnapshotManager (OmSnapshotManager.java:<init>(203)) - Ozone filesystem snapshot feature is enabled.
2025-09-25 12:21:13,127 [ForkJoinPool-1-worker-1] WARN  server.ServerUtils (ServerUtils.java:getDBPath(292)) - ozone.om.snapshot.diff.db.dir is not configured. We recommend adding this setting. Falling back to ozone.metadata.dirs instead.
2025-09-25 12:21:13,147 [ForkJoinPool-1-worker-1] INFO  utils.BackgroundService (BackgroundService.java:start(119)) - Starting service SnapshotDiffCleanupService with interval 60000 milliseconds
2025-09-25 12:21:13,149 [ForkJoinPool-1-worker-1] INFO  om.OzoneManager (OzoneManager.java:addS3GVolumeToDB(4708)) - Created Volume s3v With Owner runner required for S3Gateway operations.
2025-09-25 12:21:13,149 [ForkJoinPool-1-worker-1] WARN  server.ServerUtils (ServerUtils.java:getDefaultRatisDirectory(304)) - Storage directory for Ratis is not configured. It is a good idea to map this to an SSD disk. Falling back to ozone.metadata.dirs
2025-09-25 12:21:13,149 [ForkJoinPool-1-worker-1] WARN  utils.OzoneManagerRatisUtils (OzoneManagerRatisUtils.java:getOMRatisSnapshotDirectory(488)) - ozone.om.ratis.snapshot.dir is not configured. Falling back to ozone.metadata.dirs config
2025-09-25 12:21:13,150 [ForkJoinPool-1-worker-1] WARN  server.ServerUtils (ServerUtils.java:getDefaultRatisDirectory(304)) - Storage directory for Ratis is not configured. It is a good idea to map this to an SSD disk. Falling back to ozone.metadata.dirs
2025-09-25 12:21:13,151 [ForkJoinPool-1-worker-1] INFO  server.RaftServerConfigKeys (ConfUtils.java:logGet(62)) - raft.server.log.appender.buffer.byte-limit = 33554432 (custom)
2025-09-25 12:21:13,152 [ForkJoinPool-1-worker-1] INFO  ratis.OzoneManagerRatisServer (OzoneManagerRatisServer.java:<init>(169)) - Instantiating OM Ratis server with groupID: omServiceIdDefault and peers: 0.0.0.0:9872
2025-09-25 12:21:13,152 [ForkJoinPool-1-worker-1] INFO  ratis.OzoneManagerStateMachine (OzoneManagerStateMachine.java:loadSnapshotInfoFromDB(628)) - TransactionInfo not found in OM DB.
2025-09-25 12:21:13,153 [ForkJoinPool-1-worker-1] INFO  grpc.GrpcConfigKeys (ConfUtils.java:logFallback(69)) - raft.grpc.admin.host = null (fallback to raft.grpc.server.host)
2025-09-25 12:21:13,153 [ForkJoinPool-1-worker-1] INFO  grpc.GrpcConfigKeys (ConfUtils.java:logFallback(69)) - raft.grpc.admin.port = 9872 (fallback to raft.grpc.server.port)
2025-09-25 12:21:13,154 [ForkJoinPool-1-worker-1] INFO  grpc.GrpcConfigKeys (ConfUtils.java:logFallback(69)) - raft.grpc.client.host = null (fallback to raft.grpc.server.host)
2025-09-25 12:21:13,154 [ForkJoinPool-1-worker-1] INFO  grpc.GrpcConfigKeys (ConfUtils.java:logFallback(69)) - raft.grpc.client.port = 9872 (fallback to raft.grpc.server.port)
2025-09-25 12:21:13,154 [ForkJoinPool-1-worker-1] INFO  server.GrpcServicesImpl (ConfUtils.java:logGet(62)) - raft.grpc.message.size.max = 34603008 (custom)
2025-09-25 12:21:13,154 [ForkJoinPool-1-worker-1] INFO  server.RaftServerConfigKeys (ConfUtils.java:logGet(62)) - raft.server.log.appender.buffer.byte-limit = 33554432 (custom)
2025-09-25 12:21:13,156 [ForkJoinPool-1-worker-1] INFO  server.RaftServerConfigKeys (ConfUtils.java:logGet(62)) - raft.server.storage.dir = [/tmp/junit-6765384971327563607/ratis] (custom)
2025-09-25 12:21:13,157 [ForkJoinPool-1-worker-1] INFO  server.RaftServer (RaftServerProxy.java:addNew(105)) - om1: addNew group-C5BA1605619E:[om1|0.0.0.0:9872] returns group-C5BA1605619E:java.util.concurrent.CompletableFuture@6b24574a[Not completed]
2025-09-25 12:21:13,157 [ForkJoinPool-1-worker-1] INFO  om.OzoneManager (OzoneManager.java:initializeRatisServer(2338)) - OzoneManager Ratis server initialized at port 9872
2025-09-25 12:21:13,157 [ForkJoinPool-1-worker-1] INFO  om.OzoneManager (OzoneManager.java:getRpcServer(1390)) - Creating RPC Server
2025-09-25 12:21:13,157 [om1-groupManagement] INFO  server.RaftServer$Division (RaftServerImpl.java:<init>(268)) - om1: new RaftServerImpl for group-C5BA1605619E:[om1|0.0.0.0:9872] with OzoneManagerStateMachine:uninitialized
2025-09-25 12:21:13,158 [om1-groupManagement] INFO  server.RaftServer$Division (ServerState.java:<init>(114)) - om1@group-C5BA1605619E: ConfigurationManager, init=conf: {index: -1, cur=peers:[om1|0.0.0.0:9872]|listeners:[], old=null}, confs=<EMPTY_MAP>
2025-09-25 12:21:13,456 [LeakDetector-OzoneClientObject1] WARN  client.OzoneClientFactory (HddsUtils.java:reportLeak(879)) - OzoneClient is not closed properly
2025-09-25 12:21:13,681 [ForkJoinPool-1-worker-1] INFO  reflections.Reflections (Reflections.java:scan(219)) - Reflections took 523 ms to scan 13 urls, producing 41 keys and 4550 values
2025-09-25 12:21:13,688 [ForkJoinPool-1-worker-1] INFO  ipc.CallQueueManager (CallQueueManager.java:<init>(93)) - Using callQueue: class java.util.concurrent.LinkedBlockingQueue, queueCapacity: 10000, scheduler: class org.apache.hadoop.ipc.DefaultRpcScheduler, ipcBackoff: false, ipcFailOver: false.
2025-09-25 12:21:13,688 [ForkJoinPool-1-worker-1] INFO  ipc.Server (Server.java:<init>(1438)) - Listener at 0.0.0.0:9862
2025-09-25 12:21:13,689 [Socket Reader #1 for port 9862] INFO  ipc.Server (Server.java:run(1474)) - Starting Socket Reader #1 for port 9862
2025-09-25 12:21:13,690 [Socket Reader #2 for port 9862] INFO  ipc.Server (Server.java:run(1474)) - Starting Socket Reader #2 for port 9862
2025-09-25 12:21:13,691 [Socket Reader #3 for port 9862] INFO  ipc.Server (Server.java:run(1474)) - Starting Socket Reader #3 for port 9862
2025-09-25 12:21:13,691 [Socket Reader #4 for port 9862] INFO  ipc.Server (Server.java:run(1474)) - Starting Socket Reader #4 for port 9862
2025-09-25 12:21:13,691 [Socket Reader #5 for port 9862] INFO  ipc.Server (Server.java:run(1474)) - Starting Socket Reader #5 for port 9862
2025-09-25 12:21:13,692 [Socket Reader #6 for port 9862] INFO  ipc.Server (Server.java:run(1474)) - Starting Socket Reader #6 for port 9862
2025-09-25 12:21:13,692 [Socket Reader #7 for port 9862] INFO  ipc.Server (Server.java:run(1474)) - Starting Socket Reader #7 for port 9862
2025-09-25 12:21:13,692 [Socket Reader #8 for port 9862] INFO  ipc.Server (Server.java:run(1474)) - Starting Socket Reader #8 for port 9862
2025-09-25 12:21:13,692 [Socket Reader #9 for port 9862] INFO  ipc.Server (Server.java:run(1474)) - Starting Socket Reader #9 for port 9862
2025-09-25 12:21:13,693 [Socket Reader #10 for port 9862] INFO  ipc.Server (Server.java:run(1474)) - Starting Socket Reader #10 for port 9862
2025-09-25 12:21:13,718 [ForkJoinPool-1-worker-1] INFO  impl.MetricsSystemImpl (MetricsSystemImpl.java:init(158)) - OzoneManager metrics system started (again)
2025-09-25 12:21:13,729 [ForkJoinPool-1-worker-1] INFO  om.OzoneManager (OzoneManager.java:start(1822)) - OzoneManager RPC server is listening at /0.0.0.0:9862
2025-09-25 12:21:13,730 [ForkJoinPool-1-worker-1] INFO  ratis.OzoneManagerRatisServer (OzoneManagerRatisServer.java:start(673)) - Starting OzoneManagerRatisServer om1 at port 9872
2025-09-25 12:21:13,731 [om1-impl-thread1] INFO  storage.RaftStorageDirectory (RaftStorageDirectoryImpl.java:analyzeStorage(138)) - The storage directory /tmp/junit-6765384971327563607/ratis/bf265839-605b-3f16-9796-c5ba1605619e does not exist. Creating ...
2025-09-25 12:21:13,732 [om1-impl-thread1] INFO  storage.RaftStorageDirectory (RaftStorageDirectoryImpl.java:tryLock(229)) - Lock on /tmp/junit-6765384971327563607/ratis/bf265839-605b-3f16-9796-c5ba1605619e/in_use.lock acquired by nodename 19948@localhost
2025-09-25 12:21:13,733 [om1-impl-thread1] INFO  storage.RaftStorage (RaftStorageImpl.java:format(98)) - Storage directory /tmp/junit-6765384971327563607/ratis/bf265839-605b-3f16-9796-c5ba1605619e has been successfully formatted.
2025-09-25 12:21:13,733 [om1-impl-thread1] INFO  ratis.OzoneManagerStateMachine (OzoneManagerStateMachine.java:lambda$0(138)) - om1: initialize group-C5BA1605619E with <INITIAL_VALUE>
2025-09-25 12:21:13,734 [om1-impl-thread1] INFO  server.RaftServerConfigKeys (ConfUtils.java:logGet(62)) - raft.server.log.appender.buffer.byte-limit = 33554432 (custom)
2025-09-25 12:21:13,735 [om1-impl-thread1] INFO  server.RaftServerConfigKeys (ConfUtils.java:logGet(62)) - raft.server.log.segment.size.max = 67108864 (custom)
2025-09-25 12:21:13,735 [om1-impl-thread1] INFO  server.RaftServerConfigKeys (ConfUtils.java:logGet(62)) - raft.server.log.appender.buffer.byte-limit = 33554432 (custom)
2025-09-25 12:21:13,738 [om1-impl-thread1] INFO  util.AwaitToRun (AwaitToRun.java:start(81)) - Thread[#372,om1@group-C5BA1605619E-cacheEviction-AwaitToRun,5,main] started
2025-09-25 12:21:13,739 [om1-impl-thread1] INFO  segmented.SegmentedRaftLogWorker (SegmentedRaftLogWorker.java:<init>(190)) - new om1@group-C5BA1605619E-SegmentedRaftLogWorker for RaftStorageImpl:Storage Directory /tmp/junit-6765384971327563607/ratis/bf265839-605b-3f16-9796-c5ba1605619e
2025-09-25 12:21:13,739 [om1-impl-thread1] INFO  server.RaftServerConfigKeys (ConfUtils.java:logGet(62)) - raft.server.log.segment.size.max = 67108864 (custom)
2025-09-25 12:21:13,739 [om1-impl-thread1] INFO  server.RaftServerConfigKeys (ConfUtils.java:logGet(62)) - raft.server.log.preallocated.size = 4194304 (custom)
2025-09-25 12:21:13,739 [om1-impl-thread1] INFO  server.RaftServerConfigKeys (ConfUtils.java:logGet(62)) - raft.server.log.write.buffer.size = 33554440 (custom)
2025-09-25 12:21:13,745 [om1-impl-thread1] INFO  server.RaftServerConfigKeys (ConfUtils.java:logGet(62)) - raft.server.log.appender.buffer.byte-limit = 33554432 (custom)
2025-09-25 12:21:13,747 [om1-impl-thread1] INFO  segmented.SegmentedRaftLogWorker (SegmentedRaftLogWorker.java:lambda$new$0(141)) - om1@group-C5BA1605619E-SegmentedRaftLogWorker: flushIndex: setUnconditionally 0 -> -1
2025-09-25 12:21:13,747 [om1-impl-thread1] INFO  segmented.SegmentedRaftLogWorker (SegmentedRaftLogWorker.java:lambda$new$0(141)) - om1@group-C5BA1605619E-SegmentedRaftLogWorker: safeCacheEvictIndex: setUnconditionally 0 -> -1
2025-09-25 12:21:13,748 [om1-impl-thread1] INFO  server.RaftServer$Division (RaftServerImpl.java:start(405)) - om1@group-C5BA1605619E: start as a follower, conf=conf: {index: -1, cur=peers:[om1|0.0.0.0:9872]|listeners:[], old=null}
2025-09-25 12:21:13,749 [om1-impl-thread1] INFO  server.RaftServer$Division (RaftServerImpl.java:setRole(392)) - om1@group-C5BA1605619E: changes role from      null to FOLLOWER at term 0 for startAsFollower
2025-09-25 12:21:13,749 [om1-impl-thread1] INFO  impl.RoleInfo (RoleInfo.java:updateAndGet(148)) - om1: start om1@group-C5BA1605619E-FollowerState
2025-09-25 12:21:13,753 [om1@group-C5BA1605619E-FollowerState] INFO  server.RaftServerConfigKeys (ConfUtils.java:logFallback(69)) - raft.server.rpc.first-election.timeout.min = 5s (fallback to raft.server.rpc.timeout.min)
2025-09-25 12:21:13,753 [om1@group-C5BA1605619E-FollowerState] INFO  server.RaftServerConfigKeys (ConfUtils.java:logFallback(69)) - raft.server.rpc.first-election.timeout.max = 5200ms (fallback to raft.server.rpc.timeout.max)
2025-09-25 12:21:13,754 [om1-impl-thread1] INFO  util.JmxRegister (JmxRegister.java:tryRegister(44)) - Successfully registered JMX Bean with object name Ratis:service=RaftServer,group=group-C5BA1605619E,id=om1
2025-09-25 12:21:13,754 [om1-impl-thread1] INFO  util.JmxRegister (JmxRegister.java:register(58)) - register mxBean class org.apache.ratis.server.impl.RaftServerJmxAdapter as Ratis:service=RaftServer,group=group-C5BA1605619E,id=om1
2025-09-25 12:21:13,759 [om1-impl-thread1] INFO  server.RaftServer$Division (RaftServerImpl.java:start(419)) - om1@group-C5BA1605619E: Successfully started.
2025-09-25 12:21:13,760 [ForkJoinPool-1-worker-1] INFO  server.RaftServer (RaftServerProxy.java:startImpl(412)) - om1: start RPC server
2025-09-25 12:21:13,762 [ForkJoinPool-1-worker-1] INFO  server.GrpcServicesImpl (GrpcServicesImpl.java:startImpl(346)) - om1: GrpcServicesImpl started, listening on 9872
2025-09-25 12:21:13,765 [JvmPauseMonitor1] INFO  util.JvmPauseMonitor (JvmPauseMonitor.java:run(146)) - JvmPauseMonitor-om1: Started
2025-09-25 12:21:13,766 [ForkJoinPool-1-worker-1] INFO  om.OzoneManager (OzoneManager.java:start(1837)) - Version File has different layout version (8) than OM DB (null). That is expected if this OM has never been finalized to a newer layout version.
2025-09-25 12:21:13,766 [ForkJoinPool-1-worker-1] INFO  client.ScmTopologyClient (ScmTopologyClient.java:start(70)) - Initial network topology fetched from SCM: /.
2025-09-25 12:21:13,767 [ForkJoinPool-1-worker-1] INFO  net.NodeSchemaLoader (NodeSchemaLoader.java:loadSchemaFromFile(128)) - Loading schema from [jar:file:/home/runner/work/ozone/ozone/hadoop-hdds/common/target/hdds-common-2.1.0-SNAPSHOT.jar!/network-topology-default.xml]
2025-09-25 12:21:13,767 [ForkJoinPool-1-worker-1] INFO  net.NodeSchemaLoader (NodeSchemaLoader.java:loadSchema(175)) - Loading network topology layer schema file
2025-09-25 12:21:13,772 [ForkJoinPool-1-worker-1] INFO  utils.BackgroundService (BackgroundService.java:start(119)) - Starting service KeyDeletingService with interval 3600000 milliseconds
2025-09-25 12:21:13,773 [ForkJoinPool-1-worker-1] INFO  utils.BackgroundService (BackgroundService.java:start(119)) - Starting service DirectoryDeletingService with interval 3600000 milliseconds
2025-09-25 12:21:13,774 [ForkJoinPool-1-worker-1] INFO  utils.BackgroundService (BackgroundService.java:start(119)) - Starting service OpenKeyCleanupService with interval 86400000 milliseconds
2025-09-25 12:21:13,775 [ForkJoinPool-1-worker-1] INFO  utils.BackgroundService (BackgroundService.java:start(119)) - Starting service SstFilteringService with interval 1000 milliseconds
2025-09-25 12:21:13,776 [ForkJoinPool-1-worker-1] INFO  utils.BackgroundService (BackgroundService.java:start(119)) - Starting service SnapshotDeletingService with interval 3600000 milliseconds
2025-09-25 12:21:13,778 [ForkJoinPool-1-worker-1] INFO  utils.BackgroundService (BackgroundService.java:start(119)) - Starting service MultipartUploadCleanupService with interval 86400000 milliseconds
2025-09-25 12:21:13,779 [ForkJoinPool-1-worker-1] INFO  http.BaseHttpServer (BaseHttpServer.java:newHttpServer2BuilderForOzone(227)) - Starting Web-server for ozoneManager at: http://0.0.0.0:9874
2025-09-25 12:21:13,779 [ForkJoinPool-1-worker-1] INFO  http.BaseHttpServer (BaseHttpServer.java:<init>(105)) - Hadoop Security Enabled: false Ozone Security Enabled: false Ozone HTTP Security Enabled: false 
2025-09-25 12:21:13,781 [ForkJoinPool-1-worker-1] WARN  server.AuthenticationFilter (AuthenticationFilter.java:constructSecretProvider(240)) - Unable to initialize FileSignerSecretProvider, falling back to use random secrets. Reason: Could not read signature secret file: /home/runner/hadoop-http-auth-signature-secret
2025-09-25 12:21:13,783 [ForkJoinPool-1-worker-1] INFO  http.HttpServer2 (HttpServer2.java:addGlobalFilter(1041)) - Added global filter 'safety' (class=org.apache.hadoop.hdds.server.http.HttpServer2$QuotingInputFilter)
2025-09-25 12:21:13,784 [ForkJoinPool-1-worker-1] INFO  http.HttpServer2 (HttpServer2.java:addFilter(1017)) - Added filter static_user_filter (class=org.apache.hadoop.http.lib.StaticUserWebFilter$StaticUserFilter) to context ozoneManager
2025-09-25 12:21:13,785 [ForkJoinPool-1-worker-1] INFO  http.HttpServer2 (HttpServer2.java:addFilter(1025)) - Added filter static_user_filter (class=org.apache.hadoop.http.lib.StaticUserWebFilter$StaticUserFilter) to context logs
2025-09-25 12:21:13,785 [ForkJoinPool-1-worker-1] INFO  http.HttpServer2 (HttpServer2.java:addFilter(1025)) - Added filter static_user_filter (class=org.apache.hadoop.http.lib.StaticUserWebFilter$StaticUserFilter) to context static
2025-09-25 12:21:13,786 [ForkJoinPool-1-worker-1] INFO  http.BaseHttpServer (BaseHttpServer.java:<init>(193)) - HTTP server of ozoneManager uses base directory /tmp/junit-6765384971327563607/webserver
2025-09-25 12:21:13,786 [ForkJoinPool-1-worker-1] INFO  http.HttpServer2 (HttpServer2.java:bindListener(1241)) - Jetty bound to port 9874
2025-09-25 12:21:13,786 [ForkJoinPool-1-worker-1] INFO  server.Server (Server.java:doStart(375)) - jetty-9.4.58.v20250814; built: 2025-08-14T02:28:49.637Z; git: 8f1440587e9e4ae7db3d74cf205643f3d707148d; jvm 21.0.8+9-LTS
2025-09-25 12:21:13,789 [ForkJoinPool-1-worker-1] INFO  server.session (DefaultSessionIdManager.java:doStart(334)) - DefaultSessionIdManager workerName=node0
2025-09-25 12:21:13,789 [ForkJoinPool-1-worker-1] INFO  server.session (DefaultSessionIdManager.java:doStart(339)) - No SessionScavenger set, using defaults
2025-09-25 12:21:13,789 [ForkJoinPool-1-worker-1] INFO  server.session (HouseKeeper.java:startScavenging(132)) - node0 Scavenging every 600000ms
2025-09-25 12:21:13,790 [ForkJoinPool-1-worker-1] INFO  handler.ContextHandler (ContextHandler.java:doStart(921)) - Started o.e.j.s.ServletContextHandler@1839d6c7{logs,/logs,file:///home/runner/work/ozone/ozone/hadoop-ozone/ozone-manager/target/log,AVAILABLE}
2025-09-25 12:21:13,791 [ForkJoinPool-1-worker-1] INFO  handler.ContextHandler (ContextHandler.java:doStart(921)) - Started o.e.j.s.ServletContextHandler@23cb3444{static,/static,file:///home/runner/work/ozone/ozone/hadoop-ozone/ozone-manager/target/classes/webapps/static,AVAILABLE}
2025-09-25 12:21:13,798 [ForkJoinPool-1-worker-1] INFO  handler.ContextHandler (ContextHandler.java:doStart(921)) - Started o.e.j.w.WebAppContext@7f5f1f5e{ozoneManager,/,file:///home/runner/work/ozone/ozone/hadoop-ozone/ozone-manager/target/classes/webapps/ozoneManager/,AVAILABLE}{file:/home/runner/work/ozone/ozone/hadoop-ozone/ozone-manager/target/classes/webapps/ozoneManager}
2025-09-25 12:21:13,798 [ForkJoinPool-1-worker-1] INFO  server.AbstractConnector (AbstractConnector.java:doStart(333)) - Started ServerConnector@7f3628e3{HTTP/1.1, (http/1.1)}{0.0.0.0:9874}
2025-09-25 12:21:13,799 [ForkJoinPool-1-worker-1] INFO  server.Server (Server.java:doStart(415)) - Started @19476ms
2025-09-25 12:21:13,799 [ForkJoinPool-1-worker-1] WARN  impl.MetricsSystemImpl (MetricsSystemImpl.java:register(279)) - Sink prometheus already exists!
2025-09-25 12:21:13,799 [ForkJoinPool-1-worker-1] INFO  http.BaseHttpServer (BaseHttpServer.java:updateConnectorAddress(357)) - HTTP server of ozoneManager listening at http://localhost:9874
2025-09-25 12:21:13,800 [IPC Server Responder] INFO  ipc.Server (Server.java:run(1713)) - IPC Server Responder: starting
2025-09-25 12:21:13,801 [IPC Server listener on 9862] INFO  ipc.Server (Server.java:run(1553)) - IPC Server listener on 9862: starting
2025-09-25 12:21:13,821 [ForkJoinPool-1-worker-1] INFO  om.OzoneManager (OzoneManager.java:startTrashEmptier(2292)) - Trash Interval set to 0. Files deleted won't move to trash
2025-09-25 12:21:13,823 [ForkJoinPool-1-worker-1] INFO  om.GrpcOzoneManagerServer (GrpcOzoneManagerServer.java:start(178)) - GrpcOzoneManagerServer is started using port 8981
2025-09-25 12:21:18,907 [om1@group-C5BA1605619E-FollowerState] INFO  impl.FollowerState (FollowerState.java:runImpl(161)) - om1@group-C5BA1605619E-FollowerState: change to CANDIDATE, lastRpcElapsedTime:5157878180ns, electionTimeout:5153ms
2025-09-25 12:21:18,907 [om1@group-C5BA1605619E-FollowerState] INFO  impl.RoleInfo (RoleInfo.java:shutdownFollowerState(121)) - om1: shutdown om1@group-C5BA1605619E-FollowerState
2025-09-25 12:21:18,907 [om1@group-C5BA1605619E-FollowerState] INFO  server.RaftServer$Division (RaftServerImpl.java:setRole(392)) - om1@group-C5BA1605619E: changes role from  FOLLOWER to CANDIDATE at term 0 for changeToCandidate
2025-09-25 12:21:18,908 [om1@group-C5BA1605619E-FollowerState] INFO  impl.RoleInfo (RoleInfo.java:updateAndGet(148)) - om1: start om1@group-C5BA1605619E-LeaderElection2
2025-09-25 12:21:18,908 [om1@group-C5BA1605619E-LeaderElection2] INFO  impl.LeaderElection (LeaderElection.java:askForVotes(448)) - om1@group-C5BA1605619E-LeaderElection2 PRE_VOTE round 0: submit vote requests at term 0 for conf: {index: -1, cur=peers:[om1|0.0.0.0:9872]|listeners:[], old=null}
2025-09-25 12:21:18,908 [om1@group-C5BA1605619E-LeaderElection2] INFO  impl.LeaderElection (LeaderElection.java:askForVotes(450)) - om1@group-C5BA1605619E-LeaderElection2 PRE_VOTE round 0: result PASSED (term=0)
2025-09-25 12:21:18,910 [om1@group-C5BA1605619E-LeaderElection2] INFO  impl.LeaderElection (LeaderElection.java:askForVotes(448)) - om1@group-C5BA1605619E-LeaderElection2 ELECTION round 0: submit vote requests at term 1 for conf: {index: -1, cur=peers:[om1|0.0.0.0:9872]|listeners:[], old=null}
2025-09-25 12:21:18,910 [om1@group-C5BA1605619E-LeaderElection2] INFO  impl.LeaderElection (LeaderElection.java:askForVotes(450)) - om1@group-C5BA1605619E-LeaderElection2 ELECTION round 0: result PASSED (term=1)
2025-09-25 12:21:18,910 [om1@group-C5BA1605619E-LeaderElection2] INFO  impl.RoleInfo (RoleInfo.java:shutdownLeaderElection(141)) - om1: shutdown om1@group-C5BA1605619E-LeaderElection2
2025-09-25 12:21:18,910 [om1@group-C5BA1605619E-LeaderElection2] INFO  server.RaftServer$Division (RaftServerImpl.java:setRole(392)) - om1@group-C5BA1605619E: changes role from CANDIDATE to LEADER at term 1 for changeToLeader
2025-09-25 12:21:18,910 [om1@group-C5BA1605619E-LeaderElection2] INFO  server.RaftServerConfigKeys (ConfUtils.java:logFallback(69)) - raft.server.staging.timeout = 15600ms (fallback to raft.server.rpc.timeout.max)
2025-09-25 12:21:18,910 [om1@group-C5BA1605619E-LeaderElection2] INFO  server.RaftServerConfigKeys (ConfUtils.java:logGet(62)) - raft.server.write.byte-limit = 67108864 (custom)
2025-09-25 12:21:18,911 [om1@group-C5BA1605619E-LeaderElection2] INFO  impl.RoleInfo (RoleInfo.java:updateAndGet(148)) - om1: start om1@group-C5BA1605619E-LeaderStateImpl
2025-09-25 12:21:18,911 [om1@group-C5BA1605619E-LeaderElection2] INFO  server.RaftServer$Division (RaftServerImpl.java:setFirstElection(576)) - om1@group-C5BA1605619E: set firstElectionSinceStartup to false for becomeLeader
2025-09-25 12:21:18,911 [om1@group-C5BA1605619E-LeaderElection2] INFO  ratis.OzoneManagerStateMachine (OzoneManagerStateMachine.java:notifyLeaderChanged(174)) - om1@group-C5BA1605619E: leader changed to om1
2025-09-25 12:21:18,911 [om1@group-C5BA1605619E-LeaderElection2] INFO  server.RaftServer$Division (ServerState.java:setLeader(272)) - om1@group-C5BA1605619E: change Leader from null to om1 at term 1 for becomeLeader, leader elected after 5752ms
2025-09-25 12:21:18,912 [om1@group-C5BA1605619E-LeaderElection2] INFO  segmented.SegmentedRaftLogWorker (SegmentedRaftLogWorker.java:startLogSegment(440)) - om1@group-C5BA1605619E-SegmentedRaftLogWorker: Starting segment from index:0
2025-09-25 12:21:18,912 [om1@group-C5BA1605619E-SegmentedRaftLogWorker] INFO  segmented.BufferedWriteChannel (BufferedWriteChannel.java:open(61)) - open log_inprogress_0 at position 0
2025-09-25 12:21:18,912 [om1@group-C5BA1605619E-LeaderElection2] INFO  server.RaftServer$Division (ServerState.java:setRaftConf(386)) - om1@group-C5BA1605619E: set configuration conf: {index: 0, cur=peers:[om1|0.0.0.0:9872]|listeners:[], old=null}
2025-09-25 12:21:18,918 [om1@group-C5BA1605619E-SegmentedRaftLogWorker] INFO  segmented.SegmentedRaftLogWorker (SegmentedRaftLogWorker.java:execute(647)) - om1@group-C5BA1605619E-SegmentedRaftLogWorker: created new log segment /tmp/junit-6765384971327563607/ratis/bf265839-605b-3f16-9796-c5ba1605619e/current/log_inprogress_0
2025-09-25 12:21:18,919 [om1@group-C5BA1605619E-StateMachineUpdater] INFO  ratis.OzoneManagerStateMachine (OzoneManagerStateMachine.java:notifyConfigurationChanged(243)) - notifyConfigurationChanged from Ratis: term=1, index=0, New Peer list: om1(0.0.0.0:9872), New Listener list
2025-09-25 12:21:18,920 [om1@group-C5BA1605619E-StateMachineUpdater] INFO  server.RaftServer$Division (LeaderStateImpl.java:checkStartIndex(309)) - Leader om1@group-C5BA1605619E-LeaderStateImpl is ready since appliedIndex == startIndex == 0
2025-09-25 12:21:18,949 [LeakDetector-OzoneClientObject1] WARN  client.OzoneClientFactory (HddsUtils.java:reportLeak(879)) - OzoneClient is not closed properly
2025-09-25 12:21:19,051 [om1-OMStateMachineApplyTransactionThread - 0] INFO  snapshot.OMSnapshotCreateRequest (OMSnapshotCreateRequest.java:validateAndUpdateCache(228)) - Created snapshot: 'snap111' with snapshotId: '7f718a3f-932d-46fd-9d88-55e56805f59c' under path 'testLastRunAnd24hMetrics/bucket100'
2025-09-25 12:21:19,086 [om1-OMDoubleBufferFlushThread] INFO  db.RDBCheckpointManager (RDBCheckpointManager.java:createCheckpoint(87)) - Created checkpoint in rocksDB at /tmp/junit-6765384971327563607/db.snapshots/checkpointState/om.db-7f718a3f-932d-46fd-9d88-55e56805f59c in 32 milliseconds
2025-09-25 12:21:19,162 [om1-OMStateMachineApplyTransactionThread - 0] INFO  snapshot.OMSnapshotCreateRequest (OMSnapshotCreateRequest.java:validateAndUpdateCache(228)) - Created snapshot: 'snap117' with snapshotId: 'e0cda75e-a9b9-4e9d-85cd-4e9bd5e695a1' under path 'testLastRunAnd24hMetrics/bucket100'
2025-09-25 12:21:19,231 [om1-OMDoubleBufferFlushThread] INFO  om.OmSnapshotManager (OmSnapshotManager.java:createOmSnapshotCheckpoint(545)) - Created checkpoint: /tmp/junit-6765384971327563607/db.snapshots/checkpointState/om.db-7f718a3f-932d-46fd-9d88-55e56805f59c for snapshot /testLastRunAnd24hMetrics/bucket100/snap111
2025-09-25 12:21:19,273 [om1-OMDoubleBufferFlushThread] INFO  db.RDBCheckpointManager (RDBCheckpointManager.java:createCheckpoint(87)) - Created checkpoint in rocksDB at /tmp/junit-6765384971327563607/db.snapshots/checkpointState/om.db-e0cda75e-a9b9-4e9d-85cd-4e9bd5e695a1 in 25 milliseconds
2025-09-25 12:21:19,307 [om1-OMDoubleBufferFlushThread] INFO  om.OmSnapshotManager (OmSnapshotManager.java:createOmSnapshotCheckpoint(545)) - Created checkpoint: /tmp/junit-6765384971327563607/db.snapshots/checkpointState/om.db-e0cda75e-a9b9-4e9d-85cd-4e9bd5e695a1 for snapshot /testLastRunAnd24hMetrics/bucket100/snap117
2025-09-25 12:21:19,778 [om1-SstFilteringService#0] WARN  server.ServerUtils (ServerUtils.java:getDBPath(292)) - ozone.om.db.dirs is not configured. We recommend adding this setting. Falling back to ozone.metadata.dirs instead.
2025-09-25 12:21:19,780 [om1-SstFilteringService#0] INFO  snapshot.SnapshotCache (SnapshotCache.java:lambda$3(220)) - Loading SnapshotId: '7f718a3f-932d-46fd-9d88-55e56805f59c'
2025-09-25 12:21:19,781 [om1-SstFilteringService#0] WARN  server.ServerUtils (ServerUtils.java:getDBPath(292)) - ozone.om.db.dirs is not configured. We recommend adding this setting. Falling back to ozone.metadata.dirs instead.
2025-09-25 12:21:19,822 [om1-SstFilteringService#0] INFO  audit.AuditLogger (AuditLogger.java:refreshDebugCmdSet(133)) - Refresh DebugCmdSet for OMAudit to [].
2025-09-25 12:21:19,822 [om1-SstFilteringService#0] INFO  acl.OzoneAuthorizerFactory (OzoneAuthorizerFactory.java:create(69)) - om1: Authorizer for Snapshot is class org.apache.hadoop.ozone.security.acl.OzoneAccessAuthorizer
2025-09-25 12:21:19,825 [om1-SstFilteringService#0] WARN  server.ServerUtils (ServerUtils.java:getDBPath(292)) - ozone.om.db.dirs is not configured. We recommend adding this setting. Falling back to ozone.metadata.dirs instead.
2025-09-25 12:21:19,826 [om1-SstFilteringService#0] WARN  server.ServerUtils (ServerUtils.java:getDBPath(292)) - ozone.om.db.dirs is not configured. We recommend adding this setting. Falling back to ozone.metadata.dirs instead.
2025-09-25 12:21:19,827 [om1-SstFilteringService#0] INFO  snapshot.SnapshotCache (SnapshotCache.java:lambda$3(220)) - Loading SnapshotId: 'e0cda75e-a9b9-4e9d-85cd-4e9bd5e695a1'
2025-09-25 12:21:19,827 [om1-SstFilteringService#0] WARN  server.ServerUtils (ServerUtils.java:getDBPath(292)) - ozone.om.db.dirs is not configured. We recommend adding this setting. Falling back to ozone.metadata.dirs instead.
2025-09-25 12:21:19,866 [om1-SstFilteringService#0] INFO  acl.OzoneAuthorizerFactory (OzoneAuthorizerFactory.java:create(69)) - om1: Authorizer for Snapshot is class org.apache.hadoop.ozone.security.acl.OzoneAccessAuthorizer
2025-09-25 12:21:19,867 [om1-SstFilteringService#0] WARN  server.ServerUtils (ServerUtils.java:getDBPath(292)) - ozone.om.db.dirs is not configured. We recommend adding this setting. Falling back to ozone.metadata.dirs instead.
2025-09-25 12:21:20,260 [om1-OMStateMachineApplyTransactionThread - 0] INFO  snapshot.OMSnapshotSetPropertyRequest (OMSnapshotSetPropertyRequest.java:validateAndUpdateCache(140)) - Successfully executed snapshotSetPropertyRequest: {[snapshotKey: "/testLastRunAnd24hMetrics/bucket100/snap111"
deepCleanedDeletedDir: true
]}.
2025-09-25 12:21:20,262 [om1-OMStateMachineApplyTransactionThread - 0] INFO  snapshot.OMSnapshotSetPropertyRequest (OMSnapshotSetPropertyRequest.java:validateAndUpdateCache(140)) - Successfully executed snapshotSetPropertyRequest: {[snapshotKey: "/testLastRunAnd24hMetrics/bucket100/snap117"
deepCleanedDeletedDir: true
]}.
2025-09-25 12:21:20,270 [ForkJoinPool-1-worker-1] INFO  service.KeyDeletingService (KeyDeletingService.java:processKeyDeletes(148)) - Send 5 key(s) to SCM, first 5 keys: [BlockGroup[groupID='/testLastRunAnd24hMetrics/bucket100/key118/-9223372036854763520', blockIDs=[conID: 576059 locID: 576059 bcsId: 0 replicaIndex: null]], BlockGroup[groupID='/testLastRunAnd24hMetrics/bucket100/key119/-9223372036854763008', blockIDs=[conID: 576069 locID: 576069 bcsId: 0 replicaIndex: null]], BlockGroup[groupID='/testLastRunAnd24hMetrics/bucket100/key120/-9223372036854762496', blockIDs=[conID: 576081 locID: 576081 bcsId: 0 replicaIndex: null]], BlockGroup[groupID='/testLastRunAnd24hMetrics/bucket100/key121/-9223372036854761984', blockIDs=[conID: 576094 locID: 576094 bcsId: 0 replicaIndex: null]], BlockGroup[groupID='/testLastRunAnd24hMetrics/bucket100/key122/-9223372036854761472', blockIDs=[conID: 576104 locID: 576104 bcsId: 0 replicaIndex: null]]]
2025-09-25 12:21:20,270 [ForkJoinPool-1-worker-1] INFO  service.KeyDeletingService (KeyDeletingService.java:processKeyDeletes(153)) - 5 BlockGroup deletion are acked by SCM in 1 ms
2025-09-25 12:21:20,290 [om1-OMStateMachineApplyTransactionThread - 0] INFO  audit.AuditLogger (AuditLogger.java:refreshDebugCmdSet(133)) - Refresh DebugCmdSet for OMSystemAudit to [].
2025-09-25 12:21:20,291 [ForkJoinPool-1-worker-1] INFO  service.KeyDeletingService (KeyDeletingService.java:processKeyDeletes(161)) - Blocks for 5 (out of 5) keys are deleted from DB in 21 ms. Limit per task is 50000.
2025-09-25 12:21:20,294 [om1-OMStateMachineApplyTransactionThread - 0] INFO  snapshot.OMSnapshotSetPropertyRequest (OMSnapshotSetPropertyRequest.java:validateAndUpdateCache(140)) - Successfully executed snapshotSetPropertyRequest: {[snapshotKey: "/testLastRunAnd24hMetrics/bucket100/snap111"
deepCleanedDeletedKey: true
]}.
2025-09-25 12:21:20,305 [ForkJoinPool-1-worker-1] INFO  service.KeyDeletingService (KeyDeletingService.java:processKeyDeletes(148)) - Send 5 key(s) to SCM, first 5 keys: [BlockGroup[groupID='/testLastRunAnd24hMetrics/bucket100/key112/-9223372036854770176', blockIDs=[conID: 575951 locID: 575951 bcsId: 0 replicaIndex: null]], BlockGroup[groupID='/testLastRunAnd24hMetrics/bucket100/key113/-9223372036854769664', blockIDs=[conID: 575961 locID: 575961 bcsId: 0 replicaIndex: null]], BlockGroup[groupID='/testLastRunAnd24hMetrics/bucket100/key114/-9223372036854769152', blockIDs=[conID: 575969 locID: 575969 bcsId: 0 replicaIndex: null]], BlockGroup[groupID='/testLastRunAnd24hMetrics/bucket100/key115/-9223372036854768640', blockIDs=[conID: 575977 locID: 575977 bcsId: 0 replicaIndex: null]], BlockGroup[groupID='/testLastRunAnd24hMetrics/bucket100/key116/-9223372036854768128', blockIDs=[conID: 575989 locID: 575989 bcsId: 0 replicaIndex: null]]]
2025-09-25 12:21:20,305 [ForkJoinPool-1-worker-1] INFO  service.KeyDeletingService (KeyDeletingService.java:processKeyDeletes(153)) - 5 BlockGroup deletion are acked by SCM in 0 ms
2025-09-25 12:21:20,307 [ForkJoinPool-1-worker-1] INFO  service.KeyDeletingService (KeyDeletingService.java:processKeyDeletes(161)) - Blocks for 5 (out of 5) keys are deleted from DB in 2 ms. Limit per task is 50000.
2025-09-25 12:21:20,309 [om1-OMStateMachineApplyTransactionThread - 0] INFO  snapshot.OMSnapshotSetPropertyRequest (OMSnapshotSetPropertyRequest.java:validateAndUpdateCache(140)) - Successfully executed snapshotSetPropertyRequest: {[snapshotKey: "/testLastRunAnd24hMetrics/bucket100/snap111"
snapshotSize {
  exclusiveSize: 10000
  exclusiveReplicatedSize: 30000
}
, snapshotKey: "/testLastRunAnd24hMetrics/bucket100/snap117"
deepCleanedDeletedKey: true
]}.
2025-09-25 12:21:20,316 [om1-OMStateMachineApplyTransactionThread - 0] INFO  snapshot.OMSnapshotDeleteRequest (OMSnapshotDeleteRequest.java:validateAndUpdateCache(229)) - Deleted snapshot 'snap111' under path 'testLastRunAnd24hMetrics/bucket100'
2025-09-25 12:21:20,317 [ForkJoinPool-1-worker-1] INFO  service.SnapshotDeletingService (SnapshotDeletingService.java:call(147)) - Started Snapshot Deletion Processing for snapshot : /testLastRunAnd24hMetrics/bucket100/snap111
2025-09-25 12:21:20,318 [ForkJoinPool-1-worker-1] INFO  service.SnapshotDeletingService (SnapshotDeletingService.java:call(161)) - Snapshot: /testLastRunAnd24hMetrics/bucket100/snap111 entries will be moved to next active snapshot: /testLastRunAnd24hMetrics/bucket100/snap117
2025-09-25 12:21:20,336 [om1-OMStateMachineApplyTransactionThread - 0] INFO  audit.AuditLogger (AuditLogger.java:refreshDebugCmdSet(133)) - Refresh DebugCmdSet for OMSystemAudit to [].
2025-09-25 12:21:20,337 [om1-OMStateMachineApplyTransactionThread - 0] INFO  snapshot.OMSnapshotPurgeRequest (OMSnapshotPurgeRequest.java:validateAndUpdateCache(136)) - Successfully executed snapshotPurgeRequest: {snapshotDBKeys: "/testLastRunAnd24hMetrics/bucket100/snap111"
} along with updating snapshots:{/testLastRunAnd24hMetrics/bucket100/snap117=SnapshotInfo{snapshotId: 'e0cda75e-a9b9-4e9d-85cd-4e9bd5e695a1', name: 'snap117', volumeName: 'testLastRunAnd24hMetrics', bucketName: 'bucket100', snapshotStatus: 'SNAPSHOT_ACTIVE', creationTime: '1758802879160', deletionTime: '-1', pathPreviousSnapshotId: 'null', globalPreviousSnapshotId: 'null', snapshotPath: 'testLastRunAnd24hMetrics/bucket100', checkpointDir: '-e0cda75e-a9b9-4e9d-85cd-4e9bd5e695a1', dbTxSequenceNumber: '64', deepClean: 'false', sstFiltered: 'false', referencedSize: '-4026516840', referencedReplicatedSize: '-12079550520', exclusiveSize: '0', exclusiveReplicatedSize: '0', exclusiveSizeDeltaFromDirDeepCleaning: '0', exclusiveReplicatedSizeDeltaFromDirDeepCleaning: '0', deepCleanedDeletedDir: 'false', lastTransactionInfo: '<ByteString@797e643f size=4>', createTransactionInfo: '<ByteString@5f6926f1 size=4>'}}.
2025-09-25 12:21:20,778 [om1-SstFilteringService#0] WARN  server.ServerUtils (ServerUtils.java:getDBPath(292)) - ozone.om.db.dirs is not configured. We recommend adding this setting. Falling back to ozone.metadata.dirs instead.
2025-09-25 12:21:21,346 [om1-OMStateMachineApplyTransactionThread - 0] INFO  snapshot.OMSnapshotSetPropertyRequest (OMSnapshotSetPropertyRequest.java:validateAndUpdateCache(140)) - Successfully executed snapshotSetPropertyRequest: {[snapshotKey: "/testLastRunAnd24hMetrics/bucket100/snap117"
deepCleanedDeletedDir: true
]}.
2025-09-25 12:21:21,349 [ForkJoinPool-1-worker-1] INFO  service.KeyDeletingService (KeyDeletingService.java:processKeyDeletes(148)) - Send 10 key(s) to SCM, first 10 keys: [BlockGroup[groupID='/testLastRunAnd24hMetrics/bucket100/key101/-9223372036854775552', blockIDs=[conID: 575829 locID: 575829 bcsId: 0 replicaIndex: null]], BlockGroup[groupID='/testLastRunAnd24hMetrics/bucket100/key102/-9223372036854775040', blockIDs=[conID: 575849 locID: 575849 bcsId: 0 replicaIndex: null]], BlockGroup[groupID='/testLastRunAnd24hMetrics/bucket100/key103/-9223372036854774528', blockIDs=[conID: 575860 locID: 575860 bcsId: 0 replicaIndex: null]], BlockGroup[groupID='/testLastRunAnd24hMetrics/bucket100/key104/-9223372036854774016', blockIDs=[conID: 575868 locID: 575868 bcsId: 0 replicaIndex: null]], BlockGroup[groupID='/testLastRunAnd24hMetrics/bucket100/key105/-9223372036854773504', blockIDs=[conID: 575876 locID: 575876 bcsId: 0 replicaIndex: null]], BlockGroup[groupID='/testLastRunAnd24hMetrics/bucket100/key106/-9223372036854772992', blockIDs=[conID: 575885 locID: 575885 bcsId: 0 replicaIndex: null]], BlockGroup[groupID='/testLastRunAnd24hMetrics/bucket100/key107/-9223372036854772480', blockIDs=[conID: 575892 locID: 575892 bcsId: 0 replicaIndex: null]], BlockGroup[groupID='/testLastRunAnd24hMetrics/bucket100/key108/-9223372036854771968', blockIDs=[conID: 575899 locID: 575899 bcsId: 0 replicaIndex: null]], BlockGroup[groupID='/testLastRunAnd24hMetrics/bucket100/key109/-9223372036854771456', blockIDs=[conID: 575906 locID: 575906 bcsId: 0 replicaIndex: null]], BlockGroup[groupID='/testLastRunAnd24hMetrics/bucket100/key110/-9223372036854770944', blockIDs=[conID: 575914 locID: 575914 bcsId: 0 replicaIndex: null]]]
2025-09-25 12:21:21,350 [ForkJoinPool-1-worker-1] INFO  service.KeyDeletingService (KeyDeletingService.java:processKeyDeletes(153)) - 10 BlockGroup deletion are acked by SCM in 0 ms
2025-09-25 12:21:21,351 [ForkJoinPool-1-worker-1] INFO  service.KeyDeletingService (KeyDeletingService.java:processKeyDeletes(161)) - Blocks for 10 (out of 10) keys are deleted from DB in 2 ms. Limit per task is 50000.
2025-09-25 12:21:21,353 [om1-OMStateMachineApplyTransactionThread - 0] INFO  snapshot.OMSnapshotSetPropertyRequest (OMSnapshotSetPropertyRequest.java:validateAndUpdateCache(140)) - Successfully executed snapshotSetPropertyRequest: {[snapshotKey: "/testLastRunAnd24hMetrics/bucket100/snap117"
deepCleanedDeletedKey: true
]}.
]]></system-out>
  </testcase>
</testsuite>