<?xml version="1.0" encoding="UTF-8"?>
<testsuite xmlns:xsi="http://www.w3.org/2001/XMLSchema-instance" xsi:noNamespaceSchemaLocation="https://maven.apache.org/surefire/maven-surefire-plugin/xsd/surefire-test-report-3.0.xsd" version="3.0" name="org.apache.hadoop.ozone.client.rpc.TestBlockOutputStreamFlushDelay" time="32.214" tests="6" errors="0" skipped="0" failures="1">
  <properties>
    <property name="awt.toolkit" value="sun.awt.X11.XToolkit"/>
    <property name="file.encoding.pkg" value="sun.io"/>
    <property name="java.specification.version" value="1.8"/>
    <property name="sun.cpu.isalist" value=""/>
    <property name="sun.jnu.encoding" value="UTF-8"/>
    <property name="java.class.path" value="/home/runner/work/ozone/ozone/hadoop-ozone/integration-test/target/test-classes:/home/runner/work/ozone/ozone/hadoop-ozone/integration-test/target/classes:/home/runner/.m2/repository/org/apache/ozone/ozone-common/1.4.0-SNAPSHOT/ozone-common-1.4.0-SNAPSHOT.jar:/home/runner/.m2/repository/io/grpc/grpc-netty/1.51.1/grpc-netty-1.51.1.jar:/home/runner/.m2/repository/io/grpc/grpc-core/1.51.1/grpc-core-1.51.1.jar:/home/runner/.m2/repository/com/google/android/annotations/4.1.1.4/annotations-4.1.1.4.jar:/home/runner/.m2/repository/org/codehaus/mojo/animal-sniffer-annotations/1.21/animal-sniffer-annotations-1.21.jar:/home/runner/.m2/repository/com/google/errorprone/error_prone_annotations/2.2.0/error_prone_annotations-2.2.0.jar:/home/runner/.m2/repository/io/perfmark/perfmark-api/0.25.0/perfmark-api-0.25.0.jar:/home/runner/.m2/repository/io/netty/netty-codec-http2/4.1.86.Final/netty-codec-http2-4.1.86.Final.jar:/home/runner/.m2/repository/io/netty/netty-common/4.1.86.Final/netty-common-4.1.86.Final.jar:/home/runner/.m2/repository/io/netty/netty-buffer/4.1.86.Final/netty-buffer-4.1.86.Final.jar:/home/runner/.m2/repository/io/netty/netty-codec-http/4.1.86.Final/netty-codec-http-4.1.86.Final.jar:/home/runner/.m2/repository/io/netty/netty-handler-proxy/4.1.86.Final/netty-handler-proxy-4.1.86.Final.jar:/home/runner/.m2/repository/io/netty/netty-codec-socks/4.1.86.Final/netty-codec-socks-4.1.86.Final.jar:/home/runner/.m2/repository/io/netty/netty-tcnative-boringssl-static/2.0.54.Final/netty-tcnative-boringssl-static-2.0.54.Final.jar:/home/runner/.m2/repository/io/netty/netty-tcnative-classes/2.0.54.Final/netty-tcnative-classes-2.0.54.Final.jar:/home/runner/.m2/repository/io/netty/netty-tcnative-boringssl-static/2.0.54.Final/netty-tcnative-boringssl-static-2.0.54.Final-linux-x86_64.jar:/home/runner/.m2/repository/io/netty/netty-tcnative-boringssl-static/2.0.54.Final/netty-tcnative-boringssl-static-2.0.54.Final-linux-aarch_64.jar:/home/runner/.m2/repository/io/netty/netty-tcnative-boringssl-static/2.0.54.Final/netty-tcnative-boringssl-static-2.0.54.Final-osx-x86_64.jar:/home/runner/.m2/repository/io/netty/netty-tcnative-boringssl-static/2.0.54.Final/netty-tcnative-boringssl-static-2.0.54.Final-osx-aarch_64.jar:/home/runner/.m2/repository/io/netty/netty-tcnative-boringssl-static/2.0.54.Final/netty-tcnative-boringssl-static-2.0.54.Final-windows-x86_64.jar:/home/runner/.m2/repository/org/apache/commons/commons-compress/1.21/commons-compress-1.21.jar:/home/runner/.m2/repository/org/apache/ozone/hdds-common/1.4.0-SNAPSHOT/hdds-common-1.4.0-SNAPSHOT.jar:/home/runner/.m2/repository/org/apache/ozone/hdds-client/1.4.0-SNAPSHOT/hdds-client-1.4.0-SNAPSHOT.jar:/home/runner/.m2/repository/org/apache/ozone/ozone-interface-client/1.4.0-SNAPSHOT/ozone-interface-client-1.4.0-SNAPSHOT.jar:/home/runner/.m2/repository/org/apache/ozone/hdds-test-utils/1.4.0-SNAPSHOT/hdds-test-utils-1.4.0-SNAPSHOT.jar:/home/runner/.m2/repository/com/google/guava/guava/31.1-jre/guava-31.1-jre.jar:/home/runner/.m2/repository/com/google/guava/failureaccess/1.0.1/failureaccess-1.0.1.jar:/home/runner/.m2/repository/com/google/guava/listenablefuture/9999.0-empty-to-avoid-conflict-with-guava/listenablefuture-9999.0-empty-to-avoid-conflict-with-guava.jar:/home/runner/.m2/repository/com/google/code/findbugs/jsr305/3.0.0/jsr305-3.0.0.jar:/home/runner/.m2/repository/org/checkerframework/checker-qual/3.12.0/checker-qual-3.12.0.jar:/home/runner/.m2/repository/com/google/j2objc/j2objc-annotations/1.3/j2objc-annotations-1.3.jar:/home/runner/.m2/repository/commons-io/commons-io/2.11.0/commons-io-2.11.0.jar:/home/runner/.m2/repository/commons-logging/commons-logging/1.2/commons-logging-1.2.jar:/home/runner/.m2/repository/ch/qos/reload4j/reload4j/1.2.22/reload4j-1.2.22.jar:/home/runner/.m2/repository/org/slf4j/slf4j-api/1.7.36/slf4j-api-1.7.36.jar:/home/runner/.m2/repository/org/apache/ozone/hdds-server-scm/1.4.0-SNAPSHOT/hdds-server-scm-1.4.0-SNAPSHOT.jar:/home/runner/.m2/repository/org/apache/ozone/hdds-container-service/1.4.0-SNAPSHOT/hdds-container-service-1.4.0-SNAPSHOT.jar:/home/runner/.m2/repository/org/apache/ozone/hdds-hadoop-dependency-server/1.4.0-SNAPSHOT/hdds-hadoop-dependency-server-1.4.0-SNAPSHOT.jar:/home/runner/.m2/repository/org/apache/hadoop/hadoop-hdfs/3.3.4/hadoop-hdfs-3.3.4.jar:/home/runner/.m2/repository/org/eclipse/jetty/jetty-util-ajax/9.4.49.v20220914/jetty-util-ajax-9.4.49.v20220914.jar:/home/runner/.m2/repository/commons-daemon/commons-daemon/1.0.13/commons-daemon-1.0.13.jar:/home/runner/.m2/repository/org/apache/ozone/hdds-server-framework/1.4.0-SNAPSHOT/hdds-server-framework-1.4.0-SNAPSHOT.jar:/home/runner/.m2/repository/org/apache/ozone/hdds-interface-server/1.4.0-SNAPSHOT/hdds-interface-server-1.4.0-SNAPSHOT.jar:/home/runner/.m2/repository/org/apache/commons/commons-configuration2/2.1.1/commons-configuration2-2.1.1.jar:/home/runner/.m2/repository/org/apache/logging/log4j/log4j-core/2.17.1/log4j-core-2.17.1.jar:/home/runner/.m2/repository/com/lmax/disruptor/3.4.2/disruptor-3.4.2.jar:/home/runner/.m2/repository/org/eclipse/jetty/jetty-servlet/9.4.49.v20220914/jetty-servlet-9.4.49.v20220914.jar:/home/runner/.m2/repository/org/eclipse/jetty/jetty-security/9.4.49.v20220914/jetty-security-9.4.49.v20220914.jar:/home/runner/.m2/repository/org/rocksdb/rocksdbjni/7.7.3/rocksdbjni-7.7.3.jar:/home/runner/.m2/repository/io/prometheus/simpleclient_dropwizard/0.7.0/simpleclient_dropwizard-0.7.0.jar:/home/runner/.m2/repository/io/prometheus/simpleclient/0.7.0/simpleclient-0.7.0.jar:/home/runner/.m2/repository/io/prometheus/simpleclient_common/0.7.0/simpleclient_common-0.7.0.jar:/home/runner/.m2/repository/com/github/spotbugs/spotbugs-annotations/3.1.12/spotbugs-annotations-3.1.12.jar:/home/runner/.m2/repository/io/dropwizard/metrics/metrics-core/3.2.4/metrics-core-3.2.4.jar:/home/runner/.m2/repository/org/apache/commons/commons-text/1.4/commons-text-1.4.jar:/home/runner/.m2/repository/org/apache/hadoop/hadoop-hdfs-client/3.3.4/hadoop-hdfs-client-3.3.4.jar:/home/runner/.m2/repository/com/squareup/okhttp3/okhttp/4.9.3/okhttp-4.9.3.jar:/home/runner/.m2/repository/com/squareup/okio/okio/2.8.0/okio-2.8.0.jar:/home/runner/.m2/repository/org/jetbrains/kotlin/kotlin-stdlib-common/1.4.10/kotlin-stdlib-common-1.4.10.jar:/home/runner/.m2/repository/org/bouncycastle/bcprov-jdk15on/1.67/bcprov-jdk15on-1.67.jar:/home/runner/.m2/repository/com/google/protobuf/protobuf-java/2.5.0/protobuf-java-2.5.0.jar:/home/runner/.m2/repository/org/apache/ozone/ozone-manager/1.4.0-SNAPSHOT/ozone-manager-1.4.0-SNAPSHOT.jar:/home/runner/.m2/repository/org/aspectj/aspectjrt/1.9.7/aspectjrt-1.9.7.jar:/home/runner/.m2/repository/org/aspectj/aspectjweaver/1.9.7/aspectjweaver-1.9.7.jar:/home/runner/.m2/repository/org/apache/ozone/hdds-interface-client/1.4.0-SNAPSHOT/hdds-interface-client-1.4.0-SNAPSHOT.jar:/home/runner/.m2/repository/org/apache/hadoop/thirdparty/hadoop-shaded-protobuf_3_7/1.1.1/hadoop-shaded-protobuf_3_7-1.1.1.jar:/home/runner/.m2/repository/org/apache/ozone/ozone-interface-storage/1.4.0-SNAPSHOT/ozone-interface-storage-1.4.0-SNAPSHOT.jar:/home/runner/.m2/repository/org/reflections/reflections/0.9.11/reflections-0.9.11.jar:/home/runner/.m2/repository/com/sun/jersey/jersey-client/1.19/jersey-client-1.19.jar:/home/runner/.m2/repository/org/apache/ranger/ranger-intg/2.3.0/ranger-intg-2.3.0.jar:/home/runner/.m2/repository/org/apache/ranger/ranger-plugins-common/2.3.0/ranger-plugins-common-2.3.0.jar:/home/runner/.m2/repository/commons-lang/commons-lang/2.6/commons-lang-2.6.jar:/home/runner/.m2/repository/org/codehaus/jackson/jackson-jaxrs/1.9.13/jackson-jaxrs-1.9.13.jar:/home/runner/.m2/repository/org/apache/ranger/ranger-plugins-cred/2.3.0/ranger-plugins-cred-2.3.0.jar:/home/runner/.m2/repository/org/apache/ranger/ranger-plugins-audit/2.3.0/ranger-plugins-audit-2.3.0.jar:/home/runner/.m2/repository/org/eclipse/jetty/jetty-client/9.4.31.v20200723/jetty-client-9.4.31.v20200723.jar:/home/runner/.m2/repository/org/apache/httpcomponents/httpmime/4.5.6/httpmime-4.5.6.jar:/home/runner/.m2/repository/org/apache/httpcomponents/httpcore-nio/4.4.6/httpcore-nio-4.4.6.jar:/home/runner/.m2/repository/org/apache/httpcomponents/httpasyncclient/4.1.3/httpasyncclient-4.1.3.jar:/home/runner/.m2/repository/com/carrotsearch/hppc/0.8.0/hppc-0.8.0.jar:/home/runner/.m2/repository/org/apache/orc/orc-core/1.5.8/orc-core-1.5.8.jar:/home/runner/.m2/repository/net/java/dev/jna/jna/5.2.0/jna-5.2.0.jar:/home/runner/.m2/repository/net/java/dev/jna/jna-platform/5.2.0/jna-platform-5.2.0.jar:/home/runner/.m2/repository/com/kstruct/gethostname4j/0.0.2/gethostname4j-0.0.2.jar:/home/runner/.m2/repository/org/apache/ranger/ranger-plugin-classloader/2.3.0/ranger-plugin-classloader-2.3.0.jar:/home/runner/.m2/repository/org/apache/hadoop/hadoop-minikdc/3.3.4/hadoop-minikdc-3.3.4.jar:/home/runner/.m2/repository/org/apache/kerby/kerb-simplekdc/1.0.1/kerb-simplekdc-1.0.1.jar:/home/runner/.m2/repository/org/apache/kerby/kerb-client/1.0.1/kerb-client-1.0.1.jar:/home/runner/.m2/repository/org/apache/kerby/kerby-config/1.0.1/kerby-config-1.0.1.jar:/home/runner/.m2/repository/org/apache/kerby/kerb-common/1.0.1/kerb-common-1.0.1.jar:/home/runner/.m2/repository/org/apache/kerby/kerb-crypto/1.0.1/kerb-crypto-1.0.1.jar:/home/runner/.m2/repository/org/apache/kerby/kerb-util/1.0.1/kerb-util-1.0.1.jar:/home/runner/.m2/repository/org/apache/kerby/token-provider/1.0.1/token-provider-1.0.1.jar:/home/runner/.m2/repository/org/apache/kerby/kerb-admin/1.0.1/kerb-admin-1.0.1.jar:/home/runner/.m2/repository/org/apache/kerby/kerb-server/1.0.1/kerb-server-1.0.1.jar:/home/runner/.m2/repository/org/apache/kerby/kerb-identity/1.0.1/kerb-identity-1.0.1.jar:/home/runner/.m2/repository/org/apache/kerby/kerby-xdr/1.0.1/kerby-xdr-1.0.1.jar:/home/runner/.m2/repository/org/apache/ozone/ozone-s3gateway/1.4.0-SNAPSHOT/ozone-s3gateway-1.4.0-SNAPSHOT.jar:/home/runner/.m2/repository/org/javassist/javassist/3.21.0-GA/javassist-3.21.0-GA.jar:/home/runner/.m2/repository/org/jboss/weld/servlet/weld-servlet/2.4.7.Final/weld-servlet-2.4.7.Final.jar:/home/runner/.m2/repository/org/glassfish/jersey/containers/jersey-container-servlet-core/2.34/jersey-container-servlet-core-2.34.jar:/home/runner/.m2/repository/org/glassfish/hk2/external/jakarta.inject/2.6.1/jakarta.inject-2.6.1.jar:/home/runner/.m2/repository/org/glassfish/jersey/core/jersey-common/2.34/jersey-common-2.34.jar:/home/runner/.m2/repository/jakarta/ws/rs/jakarta.ws.rs-api/2.1.6/jakarta.ws.rs-api-2.1.6.jar:/home/runner/.m2/repository/org/glassfish/jersey/ext/cdi/jersey-cdi1x/2.34/jersey-cdi1x-2.34.jar:/home/runner/.m2/repository/org/glassfish/jersey/inject/jersey-hk2/2.34/jersey-hk2-2.34.jar:/home/runner/.m2/repository/org/glassfish/hk2/hk2-locator/2.6.1/hk2-locator-2.6.1.jar:/home/runner/.m2/repository/org/glassfish/jersey/media/jersey-media-jaxb/2.34/jersey-media-jaxb-2.34.jar:/home/runner/.m2/repository/org/glassfish/hk2/osgi-resource-locator/1.0.3/osgi-resource-locator-1.0.3.jar:/home/runner/.m2/repository/org/glassfish/hk2/hk2-api/2.5.0/hk2-api-2.5.0.jar:/home/runner/.m2/repository/org/glassfish/hk2/hk2-utils/2.5.0/hk2-utils-2.5.0.jar:/home/runner/.m2/repository/org/glassfish/hk2/external/aopalliance-repackaged/2.5.0/aopalliance-repackaged-2.5.0.jar:/home/runner/.m2/repository/com/fasterxml/jackson/dataformat/jackson-dataformat-xml/2.13.4/jackson-dataformat-xml-2.13.4.jar:/home/runner/.m2/repository/com/fasterxml/jackson/core/jackson-core/2.13.4/jackson-core-2.13.4.jar:/home/runner/.m2/repository/org/codehaus/woodstox/stax2-api/4.2.1/stax2-api-4.2.1.jar:/home/runner/.m2/repository/com/fasterxml/woodstox/woodstox-core/5.4.0/woodstox-core-5.4.0.jar:/home/runner/.m2/repository/com/fasterxml/jackson/module/jackson-module-jaxb-annotations/2.13.4/jackson-module-jaxb-annotations-2.13.4.jar:/home/runner/.m2/repository/jakarta/xml/bind/jakarta.xml.bind-api/2.3.3/jakarta.xml.bind-api-2.3.3.jar:/home/runner/.m2/repository/jakarta/activation/jakarta.activation-api/1.2.1/jakarta.activation-api-1.2.1.jar:/home/runner/.m2/repository/javax/enterprise/cdi-api/1.2/cdi-api-1.2.jar:/home/runner/.m2/repository/javax/el/javax.el-api/3.0.0/javax.el-api-3.0.0.jar:/home/runner/.m2/repository/javax/interceptor/javax.interceptor-api/1.2/javax.interceptor-api-1.2.jar:/home/runner/.m2/repository/javax/inject/javax.inject/1/javax.inject-1.jar:/home/runner/.m2/repository/javax/xml/bind/jaxb-api/2.3.0/jaxb-api-2.3.0.jar:/home/runner/.m2/repository/org/glassfish/jaxb/jaxb-runtime/2.3.0.1/jaxb-runtime-2.3.0.1.jar:/home/runner/.m2/repository/org/glassfish/jaxb/jaxb-core/2.3.0.1/jaxb-core-2.3.0.1.jar:/home/runner/.m2/repository/org/glassfish/jaxb/txw2/2.3.0.1/txw2-2.3.0.1.jar:/home/runner/.m2/repository/com/sun/istack/istack-commons-runtime/3.0.5/istack-commons-runtime-3.0.5.jar:/home/runner/.m2/repository/org/jvnet/staxex/stax-ex/1.7.8/stax-ex-1.7.8.jar:/home/runner/.m2/repository/com/sun/xml/fastinfoset/FastInfoset/1.2.13/FastInfoset-1.2.13.jar:/home/runner/.m2/repository/javax/activation/activation/1.1.1/activation-1.1.1.jar:/home/runner/.m2/repository/io/grpc/grpc-protobuf/1.51.1/grpc-protobuf-1.51.1.jar:/home/runner/.m2/repository/io/grpc/grpc-api/1.51.1/grpc-api-1.51.1.jar:/home/runner/.m2/repository/io/grpc/grpc-context/1.51.1/grpc-context-1.51.1.jar:/home/runner/.m2/repository/com/google/api/grpc/proto-google-common-protos/2.9.0/proto-google-common-protos-2.9.0.jar:/home/runner/.m2/repository/io/grpc/grpc-protobuf-lite/1.51.1/grpc-protobuf-lite-1.51.1.jar:/home/runner/.m2/repository/io/grpc/grpc-stub/1.51.1/grpc-stub-1.51.1.jar:/home/runner/.m2/repository/io/netty/netty-transport/4.1.86.Final/netty-transport-4.1.86.Final.jar:/home/runner/.m2/repository/io/netty/netty-resolver/4.1.86.Final/netty-resolver-4.1.86.Final.jar:/home/runner/.m2/repository/org/apache/ozone/ozone-csi/1.4.0-SNAPSHOT/ozone-csi-1.4.0-SNAPSHOT.jar:/home/runner/.m2/repository/com/google/protobuf/protobuf-java-util/3.19.6/protobuf-java-util-3.19.6.jar:/home/runner/.m2/repository/com/google/code/gson/gson/2.9.0/gson-2.9.0.jar:/home/runner/.m2/repository/org/apache/ozone/hdds-config/1.4.0-SNAPSHOT/hdds-config-1.4.0-SNAPSHOT.jar:/home/runner/.m2/repository/io/netty/netty-transport-native-epoll/4.1.86.Final/netty-transport-native-epoll-4.1.86.Final-linux-x86_64.jar:/home/runner/.m2/repository/io/netty/netty-transport-classes-epoll/4.1.86.Final/netty-transport-classes-epoll-4.1.86.Final.jar:/home/runner/.m2/repository/io/netty/netty-transport-native-unix-common/4.1.86.Final/netty-transport-native-unix-common-4.1.86.Final.jar:/home/runner/.m2/repository/org/slf4j/slf4j-reload4j/1.7.36/slf4j-reload4j-1.7.36.jar:/home/runner/.m2/repository/org/apache/ozone/ozone-recon/1.4.0-SNAPSHOT/ozone-recon-1.4.0-SNAPSHOT.jar:/home/runner/.m2/repository/org/apache/ozone/ozone-reconcodegen/1.4.0-SNAPSHOT/ozone-reconcodegen-1.4.0-SNAPSHOT.jar:/home/runner/.m2/repository/com/google/inject/extensions/guice-multibindings/4.0/guice-multibindings-4.0.jar:/home/runner/.m2/repository/com/google/inject/guice/4.0/guice-4.0.jar:/home/runner/.m2/repository/aopalliance/aopalliance/1.0/aopalliance-1.0.jar:/home/runner/.m2/repository/com/google/inject/extensions/guice-assistedinject/4.0/guice-assistedinject-4.0.jar:/home/runner/.m2/repository/com/google/inject/extensions/guice-servlet/4.0/guice-servlet-4.0.jar:/home/runner/.m2/repository/org/glassfish/jersey/containers/jersey-container-servlet/2.34/jersey-container-servlet-2.34.jar:/home/runner/.m2/repository/org/glassfish/hk2/guice-bridge/2.5.0/guice-bridge-2.5.0.jar:/home/runner/.m2/repository/org/glassfish/jersey/core/jersey-server/2.34/jersey-server-2.34.jar:/home/runner/.m2/repository/org/glassfish/jersey/core/jersey-client/2.34/jersey-client-2.34.jar:/home/runner/.m2/repository/jakarta/annotation/jakarta.annotation-api/1.3.5/jakarta.annotation-api-1.3.5.jar:/home/runner/.m2/repository/jakarta/validation/jakarta.validation-api/2.0.2/jakarta.validation-api-2.0.2.jar:/home/runner/.m2/repository/org/glassfish/jersey/media/jersey-media-json-jackson/2.34/jersey-media-json-jackson-2.34.jar:/home/runner/.m2/repository/org/glassfish/jersey/ext/jersey-entity-filtering/2.34/jersey-entity-filtering-2.34.jar:/home/runner/.m2/repository/org/jooq/jooq/3.11.10/jooq-3.11.10.jar:/home/runner/.m2/repository/org/jooq/jooq-meta/3.11.10/jooq-meta-3.11.10.jar:/home/runner/.m2/repository/org/jooq/jooq-codegen/3.11.10/jooq-codegen-3.11.10.jar:/home/runner/.m2/repository/com/jolbox/bonecp/0.8.0.RELEASE/bonecp-0.8.0.RELEASE.jar:/home/runner/.m2/repository/org/apache/derby/derby/10.14.2.0/derby-10.14.2.0.jar:/home/runner/.m2/repository/org/xerial/sqlite-jdbc/3.25.2/sqlite-jdbc-3.25.2.jar:/home/runner/.m2/repository/org/springframework/spring-jdbc/5.3.23/spring-jdbc-5.3.23.jar:/home/runner/.m2/repository/org/springframework/spring-beans/5.3.23/spring-beans-5.3.23.jar:/home/runner/.m2/repository/org/springframework/spring-core/5.3.23/spring-core-5.3.23.jar:/home/runner/.m2/repository/org/springframework/spring-jcl/5.3.23/spring-jcl-5.3.23.jar:/home/runner/.m2/repository/org/springframework/spring-tx/5.3.23/spring-tx-5.3.23.jar:/home/runner/.m2/repository/org/apache/ozone/ozone-client/1.4.0-SNAPSHOT/ozone-client-1.4.0-SNAPSHOT.jar:/home/runner/.m2/repository/org/apache/ozone/hdds-erasurecode/1.4.0-SNAPSHOT/hdds-erasurecode-1.4.0-SNAPSHOT.jar:/home/runner/.m2/repository/org/apache/ozone/ozone-filesystem/1.4.0-SNAPSHOT/ozone-filesystem-1.4.0-SNAPSHOT.jar:/home/runner/.m2/repository/org/apache/ozone/ozone-filesystem-common/1.4.0-SNAPSHOT/ozone-filesystem-common-1.4.0-SNAPSHOT.jar:/home/runner/.m2/repository/org/apache/ozone/ozone-tools/1.4.0-SNAPSHOT/ozone-tools-1.4.0-SNAPSHOT.jar:/home/runner/.m2/repository/org/apache/ratis/ratis-tools/2.4.2-8b8bdda-SNAPSHOT/ratis-tools-2.4.2-8b8bdda-SNAPSHOT.jar:/home/runner/.m2/repository/com/amazonaws/aws-java-sdk-core/1.12.261/aws-java-sdk-core-1.12.261.jar:/home/runner/.m2/repository/org/apache/httpcomponents/httpclient/4.5.13/httpclient-4.5.13.jar:/home/runner/.m2/repository/org/apache/httpcomponents/httpcore/4.4.13/httpcore-4.4.13.jar:/home/runner/.m2/repository/software/amazon/ion/ion-java/1.0.2/ion-java-1.0.2.jar:/home/runner/.m2/repository/com/fasterxml/jackson/dataformat/jackson-dataformat-cbor/2.13.4/jackson-dataformat-cbor-2.13.4.jar:/home/runner/.m2/repository/joda-time/joda-time/2.8.1/joda-time-2.8.1.jar:/home/runner/.m2/repository/com/amazonaws/aws-java-sdk-s3/1.12.261/aws-java-sdk-s3-1.12.261.jar:/home/runner/.m2/repository/com/amazonaws/aws-java-sdk-kms/1.12.261/aws-java-sdk-kms-1.12.261.jar:/home/runner/.m2/repository/com/amazonaws/jmespath-java/1.12.261/jmespath-java-1.12.261.jar:/home/runner/.m2/repository/org/kohsuke/metainf-services/metainf-services/1.8/metainf-services-1.8.jar:/home/runner/.m2/repository/org/apache/ozone/hdds-tools/1.4.0-SNAPSHOT/hdds-tools-1.4.0-SNAPSHOT.jar:/home/runner/.m2/repository/commons-cli/commons-cli/1.2/commons-cli-1.2.jar:/home/runner/.m2/repository/org/apache/commons/commons-lang3/3.7/commons-lang3-3.7.jar:/home/runner/.m2/repository/org/apache/ozone/ozone-manager/1.4.0-SNAPSHOT/ozone-manager-1.4.0-SNAPSHOT-tests.jar:/home/runner/.m2/repository/org/apache/ozone/hdds-common/1.4.0-SNAPSHOT/hdds-common-1.4.0-SNAPSHOT-tests.jar:/home/runner/.m2/repository/org/apache/ozone/hdds-hadoop-dependency-client/1.4.0-SNAPSHOT/hdds-hadoop-dependency-client-1.4.0-SNAPSHOT.jar:/home/runner/.m2/repository/info/picocli/picocli/4.6.1/picocli-4.6.1.jar:/home/runner/.m2/repository/com/fasterxml/jackson/core/jackson-annotations/2.13.4/jackson-annotations-2.13.4.jar:/home/runner/.m2/repository/com/fasterxml/jackson/datatype/jackson-datatype-jsr310/2.13.4/jackson-datatype-jsr310-2.13.4.jar:/home/runner/.m2/repository/org/apache/ozone/hdds-annotation-processing/1.4.0-SNAPSHOT/hdds-annotation-processing-1.4.0-SNAPSHOT.jar:/home/runner/.m2/repository/javax/annotation/javax.annotation-api/1.2/javax.annotation-api-1.2.jar:/home/runner/.m2/repository/org/apache/ratis/ratis-server/2.4.2-8b8bdda-SNAPSHOT/ratis-server-2.4.2-8b8bdda-SNAPSHOT.jar:/home/runner/.m2/repository/org/apache/ratis/ratis-client/2.4.2-8b8bdda-SNAPSHOT/ratis-client-2.4.2-8b8bdda-SNAPSHOT.jar:/home/runner/.m2/repository/org/apache/ratis/ratis-server-api/2.4.2-8b8bdda-SNAPSHOT/ratis-server-api-2.4.2-8b8bdda-SNAPSHOT.jar:/home/runner/.m2/repository/org/apache/ratis/ratis-metrics/2.4.2-8b8bdda-SNAPSHOT/ratis-metrics-2.4.2-8b8bdda-SNAPSHOT.jar:/home/runner/.m2/repository/org/apache/ratis/ratis-netty/2.4.2-8b8bdda-SNAPSHOT/ratis-netty-2.4.2-8b8bdda-SNAPSHOT.jar:/home/runner/.m2/repository/org/apache/ratis/ratis-grpc/2.4.2-8b8bdda-SNAPSHOT/ratis-grpc-2.4.2-8b8bdda-SNAPSHOT.jar:/home/runner/.m2/repository/org/apache/logging/log4j/log4j-api/2.17.1/log4j-api-2.17.1.jar:/home/runner/.m2/repository/org/apache/commons/commons-pool2/2.6.0/commons-pool2-2.6.0.jar:/home/runner/.m2/repository/org/bouncycastle/bcpkix-jdk15on/1.67/bcpkix-jdk15on-1.67.jar:/home/runner/.m2/repository/commons-validator/commons-validator/1.6/commons-validator-1.6.jar:/home/runner/.m2/repository/commons-beanutils/commons-beanutils/1.9.4/commons-beanutils-1.9.4.jar:/home/runner/.m2/repository/commons-digester/commons-digester/1.8.1/commons-digester-1.8.1.jar:/home/runner/.m2/repository/commons-collections/commons-collections/3.2.2/commons-collections-3.2.2.jar:/home/runner/.m2/repository/io/jaegertracing/jaeger-client/1.6.0/jaeger-client-1.6.0.jar:/home/runner/.m2/repository/io/jaegertracing/jaeger-thrift/1.6.0/jaeger-thrift-1.6.0.jar:/home/runner/.m2/repository/org/apache/thrift/libthrift/0.14.1/libthrift-0.14.1.jar:/home/runner/.m2/repository/io/jaegertracing/jaeger-core/1.6.0/jaeger-core-1.6.0.jar:/home/runner/.m2/repository/io/jaegertracing/jaeger-tracerresolver/1.6.0/jaeger-tracerresolver-1.6.0.jar:/home/runner/.m2/repository/io/opentracing/contrib/opentracing-tracerresolver/0.1.8/opentracing-tracerresolver-0.1.8.jar:/home/runner/.m2/repository/org/jetbrains/kotlin/kotlin-stdlib/1.6.21/kotlin-stdlib-1.6.21.jar:/home/runner/.m2/repository/org/jetbrains/annotations/13.0/annotations-13.0.jar:/home/runner/.m2/repository/io/opentracing/opentracing-util/0.33.0/opentracing-util-0.33.0.jar:/home/runner/.m2/repository/io/opentracing/opentracing-api/0.33.0/opentracing-api-0.33.0.jar:/home/runner/.m2/repository/io/opentracing/opentracing-noop/0.33.0/opentracing-noop-0.33.0.jar:/home/runner/.m2/repository/org/yaml/snakeyaml/1.33/snakeyaml-1.33.jar:/home/runner/.m2/repository/org/apache/ozone/hdds-interface-admin/1.4.0-SNAPSHOT/hdds-interface-admin-1.4.0-SNAPSHOT.jar:/home/runner/.m2/repository/junit/junit/4.13.1/junit-4.13.1.jar:/home/runner/.m2/repository/org/hamcrest/hamcrest-core/1.3/hamcrest-core-1.3.jar:/home/runner/.m2/repository/org/junit/jupiter/junit-jupiter-api/5.8.2/junit-jupiter-api-5.8.2.jar:/home/runner/.m2/repository/org/opentest4j/opentest4j/1.2.0/opentest4j-1.2.0.jar:/home/runner/.m2/repository/org/junit/platform/junit-platform-commons/1.8.2/junit-platform-commons-1.8.2.jar:/home/runner/.m2/repository/org/apiguardian/apiguardian-api/1.1.2/apiguardian-api-1.1.2.jar:/home/runner/.m2/repository/org/junit/jupiter/junit-jupiter-params/5.8.2/junit-jupiter-params-5.8.2.jar:/home/runner/.m2/repository/org/junit/jupiter/junit-jupiter-migrationsupport/5.8.2/junit-jupiter-migrationsupport-5.8.2.jar:/home/runner/.m2/repository/org/junit/jupiter/junit-jupiter-engine/5.8.2/junit-jupiter-engine-5.8.2.jar:/home/runner/.m2/repository/org/junit/platform/junit-platform-engine/1.8.2/junit-platform-engine-1.8.2.jar:/home/runner/.m2/repository/org/junit/vintage/junit-vintage-engine/5.8.2/junit-vintage-engine-5.8.2.jar:/home/runner/.m2/repository/org/junit/platform/junit-platform-launcher/1.8.2/junit-platform-launcher-1.8.2.jar:/home/runner/.m2/repository/org/mockito/mockito-core/2.28.2/mockito-core-2.28.2.jar:/home/runner/.m2/repository/net/bytebuddy/byte-buddy/1.9.10/byte-buddy-1.9.10.jar:/home/runner/.m2/repository/net/bytebuddy/byte-buddy-agent/1.9.10/byte-buddy-agent-1.9.10.jar:/home/runner/.m2/repository/org/objenesis/objenesis/1.0/objenesis-1.0.jar:/home/runner/.m2/repository/org/apache/hadoop/hadoop-kms/3.3.4/hadoop-kms-3.3.4.jar:/home/runner/.m2/repository/org/apache/hadoop/hadoop-auth/3.3.4/hadoop-auth-3.3.4.jar:/home/runner/.m2/repository/com/nimbusds/nimbus-jose-jwt/9.8.1/nimbus-jose-jwt-9.8.1.jar:/home/runner/.m2/repository/com/github/stephenc/jcip/jcip-annotations/1.0-1/jcip-annotations-1.0-1.jar:/home/runner/.m2/repository/net/minidev/json-smart/2.4.7/json-smart-2.4.7.jar:/home/runner/.m2/repository/net/minidev/accessors-smart/2.4.7/accessors-smart-2.4.7.jar:/home/runner/.m2/repository/org/ow2/asm/asm/5.0.4/asm-5.0.4.jar:/home/runner/.m2/repository/org/apache/zookeeper/zookeeper/3.5.6/zookeeper-3.5.6.jar:/home/runner/.m2/repository/org/apache/zookeeper/zookeeper-jute/3.5.6/zookeeper-jute-3.5.6.jar:/home/runner/.m2/repository/org/apache/yetus/audience-annotations/0.5.0/audience-annotations-0.5.0.jar:/home/runner/.m2/repository/org/apache/curator/curator-framework/4.2.0/curator-framework-4.2.0.jar:/home/runner/.m2/repository/org/apache/hadoop/thirdparty/hadoop-shaded-guava/1.1.1/hadoop-shaded-guava-1.1.1.jar:/home/runner/.m2/repository/com/sun/jersey/jersey-core/1.19/jersey-core-1.19.jar:/home/runner/.m2/repository/javax/ws/rs/jsr311-api/1.1.1/jsr311-api-1.1.1.jar:/home/runner/.m2/repository/com/sun/jersey/jersey-server/1.19/jersey-server-1.19.jar:/home/runner/.m2/repository/javax/servlet/javax.servlet-api/3.1.0/javax.servlet-api-3.1.0.jar:/home/runner/.m2/repository/org/eclipse/jetty/jetty-server/9.4.49.v20220914/jetty-server-9.4.49.v20220914.jar:/home/runner/.m2/repository/org/eclipse/jetty/jetty-http/9.4.49.v20220914/jetty-http-9.4.49.v20220914.jar:/home/runner/.m2/repository/org/eclipse/jetty/jetty-io/9.4.49.v20220914/jetty-io-9.4.49.v20220914.jar:/home/runner/.m2/repository/org/eclipse/jetty/jetty-webapp/9.4.49.v20220914/jetty-webapp-9.4.49.v20220914.jar:/home/runner/.m2/repository/org/eclipse/jetty/jetty-xml/9.4.49.v20220914/jetty-xml-9.4.49.v20220914.jar:/home/runner/.m2/repository/org/apache/hadoop/hadoop-common/3.3.4/hadoop-common-3.3.4.jar:/home/runner/.m2/repository/org/apache/commons/commons-math3/3.1.1/commons-math3-3.1.1.jar:/home/runner/.m2/repository/commons-net/commons-net/3.9.0/commons-net-3.9.0.jar:/home/runner/.m2/repository/com/sun/jersey/jersey-servlet/1.19/jersey-servlet-1.19.jar:/home/runner/.m2/repository/com/sun/jersey/jersey-json/1.19/jersey-json-1.19.jar:/home/runner/.m2/repository/org/codehaus/jettison/jettison/1.1/jettison-1.1.jar:/home/runner/.m2/repository/com/sun/xml/bind/jaxb-impl/2.2.3-1/jaxb-impl-2.2.3-1.jar:/home/runner/.m2/repository/org/codehaus/jackson/jackson-xc/1.9.2/jackson-xc-1.9.2.jar:/home/runner/.m2/repository/com/google/re2j/re2j/1.1/re2j-1.1.jar:/home/runner/.m2/repository/com/jcraft/jsch/0.1.54/jsch-0.1.54.jar:/home/runner/.m2/repository/org/apache/curator/curator-client/4.2.0/curator-client-4.2.0.jar:/home/runner/.m2/repository/org/apache/curator/curator-recipes/4.2.0/curator-recipes-4.2.0.jar:/home/runner/.m2/repository/org/apache/kerby/kerb-core/1.0.1/kerb-core-1.0.1.jar:/home/runner/.m2/repository/org/apache/kerby/kerby-pkix/1.0.1/kerby-pkix-1.0.1.jar:/home/runner/.m2/repository/org/apache/kerby/kerby-asn1/1.0.1/kerby-asn1-1.0.1.jar:/home/runner/.m2/repository/org/apache/kerby/kerby-util/1.0.1/kerby-util-1.0.1.jar:/home/runner/.m2/repository/dnsjava/dnsjava/2.1.7/dnsjava-2.1.7.jar:/home/runner/.m2/repository/org/xerial/snappy/snappy-java/1.1.8.2/snappy-java-1.1.8.2.jar:/home/runner/.m2/repository/org/eclipse/jetty/jetty-util/9.4.49.v20220914/jetty-util-9.4.49.v20220914.jar:/home/runner/.m2/repository/com/fasterxml/jackson/core/jackson-databind/2.13.4.2/jackson-databind-2.13.4.2.jar:/home/runner/.m2/repository/org/apache/hadoop/hadoop-kms/3.3.4/hadoop-kms-3.3.4-tests.jar:/home/runner/.m2/repository/org/apache/ozone/hdds-server-scm/1.4.0-SNAPSHOT/hdds-server-scm-1.4.0-SNAPSHOT-tests.jar:/home/runner/.m2/repository/org/apache/ozone/hdds-container-service/1.4.0-SNAPSHOT/hdds-container-service-1.4.0-SNAPSHOT-tests.jar:/home/runner/.m2/repository/com/github/luben/zstd-jni/1.5.2-5/zstd-jni-1.5.2-5.jar:/home/runner/.m2/repository/commons-codec/commons-codec/1.15/commons-codec-1.15.jar:/home/runner/.m2/repository/io/netty/netty-codec/4.1.86.Final/netty-codec-4.1.86.Final.jar:/home/runner/.m2/repository/io/netty/netty-handler/4.1.86.Final/netty-handler-4.1.86.Final.jar:/home/runner/.m2/repository/org/apache/ozone/hdds-hadoop-dependency-test/1.4.0-SNAPSHOT/hdds-hadoop-dependency-test-1.4.0-SNAPSHOT.jar:/home/runner/.m2/repository/org/apache/hadoop/hadoop-common/3.3.4/hadoop-common-3.3.4-tests.jar:/home/runner/.m2/repository/org/apache/hadoop/hadoop-hdfs/3.3.4/hadoop-hdfs-3.3.4-tests.jar:/home/runner/.m2/repository/org/assertj/assertj-core/3.12.2/assertj-core-3.12.2.jar:/home/runner/.m2/repository/org/apache/hadoop/hadoop-distcp/3.3.4/hadoop-distcp-3.3.4.jar:/home/runner/.m2/repository/org/apache/hadoop/hadoop-mapreduce-client-jobclient/3.3.4/hadoop-mapreduce-client-jobclient-3.3.4.jar:/home/runner/.m2/repository/org/apache/hadoop/hadoop-mapreduce-client-common/3.3.4/hadoop-mapreduce-client-common-3.3.4.jar:/home/runner/.m2/repository/org/apache/hadoop/hadoop-yarn-common/3.3.4/hadoop-yarn-common-3.3.4.jar:/home/runner/.m2/repository/org/apache/hadoop/hadoop-yarn-api/3.3.4/hadoop-yarn-api-3.3.4.jar:/home/runner/.m2/repository/com/sun/jersey/contribs/jersey-guice/1.19/jersey-guice-1.19.jar:/home/runner/.m2/repository/com/fasterxml/jackson/jaxrs/jackson-jaxrs-json-provider/2.13.4/jackson-jaxrs-json-provider-2.13.4.jar:/home/runner/.m2/repository/com/fasterxml/jackson/jaxrs/jackson-jaxrs-base/2.13.4/jackson-jaxrs-base-2.13.4.jar:/home/runner/.m2/repository/org/apache/hadoop/hadoop-yarn-client/3.3.4/hadoop-yarn-client-3.3.4.jar:/home/runner/.m2/repository/org/eclipse/jetty/websocket/websocket-client/9.4.43.v20210629/websocket-client-9.4.43.v20210629.jar:/home/runner/.m2/repository/org/eclipse/jetty/websocket/websocket-common/9.4.43.v20210629/websocket-common-9.4.43.v20210629.jar:/home/runner/.m2/repository/org/eclipse/jetty/websocket/websocket-api/9.4.43.v20210629/websocket-api-9.4.43.v20210629.jar:/home/runner/.m2/repository/org/jline/jline/3.9.0/jline-3.9.0.jar:/home/runner/.m2/repository/org/apache/hadoop/hadoop-mapreduce-client-core/3.3.4/hadoop-mapreduce-client-core-3.3.4.jar:/home/runner/.m2/repository/org/apache/avro/avro/1.7.7/avro-1.7.7.jar:/home/runner/.m2/repository/org/codehaus/jackson/jackson-core-asl/1.9.13/jackson-core-asl-1.9.13.jar:/home/runner/.m2/repository/org/codehaus/jackson/jackson-mapper-asl/1.9.13/jackson-mapper-asl-1.9.13.jar:/home/runner/.m2/repository/com/thoughtworks/paranamer/paranamer/2.3/paranamer-2.3.jar:/home/runner/.m2/repository/org/apache/hadoop/hadoop-annotations/3.3.4/hadoop-annotations-3.3.4.jar:/usr/lib/jvm/temurin-8-jdk-amd64/jre/../lib/tools.jar:/home/runner/.m2/repository/io/netty/netty/3.10.6.Final/netty-3.10.6.Final.jar:/home/runner/.m2/repository/org/apache/hadoop/hadoop-distcp/3.3.4/hadoop-distcp-3.3.4-tests.jar:/home/runner/.m2/repository/org/slf4j/jul-to-slf4j/1.7.36/jul-to-slf4j-1.7.36.jar:/home/runner/.m2/repository/org/apache/ratis/ratis-common/2.4.2-8b8bdda-SNAPSHOT/ratis-common-2.4.2-8b8bdda-SNAPSHOT.jar:/home/runner/.m2/repository/org/apache/ratis/ratis-thirdparty-misc/1.0.3/ratis-thirdparty-misc-1.0.3.jar:/home/runner/.m2/repository/org/apache/ratis/ratis-proto/2.4.2-8b8bdda-SNAPSHOT/ratis-proto-2.4.2-8b8bdda-SNAPSHOT.jar:"/>
    <property name="java.vm.vendor" value="Temurin"/>
    <property name="sun.arch.data.model" value="64"/>
    <property name="test.build.dir" value="/home/runner/work/ozone/ozone/hadoop-ozone/integration-test/target/test-dir"/>
    <property name="test.cache.data" value=""/>
    <property name="java.vendor.url" value="https://adoptium.net/"/>
    <property name="user.timezone" value="Etc/UTC"/>
    <property name="java.vm.specification.version" value="1.8"/>
    <property name="os.name" value="Linux"/>
    <property name="test.build.data" value="/home/runner/work/ozone/ozone/hadoop-ozone/integration-test/target/test-dir"/>
    <property name="sun.java.launcher" value="SUN_STANDARD"/>
    <property name="sun.boot.library.path" value="/usr/lib/jvm/temurin-8-jdk-amd64/jre/lib/amd64"/>
    <property name="sun.java.command" value="/home/runner/work/ozone/ozone/hadoop-ozone/integration-test/target/surefire/surefirebooter3247710303999956493.jar /home/runner/work/ozone/ozone/hadoop-ozone/integration-test/target/surefire 2023-01-25T09-27-57_294-jvmRun1 surefire2134427079379806478tmp surefire_271877181849085618253tmp"/>
    <property name="surefire.test.class.path" value="/home/runner/work/ozone/ozone/hadoop-ozone/integration-test/target/test-classes:/home/runner/work/ozone/ozone/hadoop-ozone/integration-test/target/classes:/home/runner/.m2/repository/org/apache/ozone/ozone-common/1.4.0-SNAPSHOT/ozone-common-1.4.0-SNAPSHOT.jar:/home/runner/.m2/repository/io/grpc/grpc-netty/1.51.1/grpc-netty-1.51.1.jar:/home/runner/.m2/repository/io/grpc/grpc-core/1.51.1/grpc-core-1.51.1.jar:/home/runner/.m2/repository/com/google/android/annotations/4.1.1.4/annotations-4.1.1.4.jar:/home/runner/.m2/repository/org/codehaus/mojo/animal-sniffer-annotations/1.21/animal-sniffer-annotations-1.21.jar:/home/runner/.m2/repository/com/google/errorprone/error_prone_annotations/2.2.0/error_prone_annotations-2.2.0.jar:/home/runner/.m2/repository/io/perfmark/perfmark-api/0.25.0/perfmark-api-0.25.0.jar:/home/runner/.m2/repository/io/netty/netty-codec-http2/4.1.86.Final/netty-codec-http2-4.1.86.Final.jar:/home/runner/.m2/repository/io/netty/netty-common/4.1.86.Final/netty-common-4.1.86.Final.jar:/home/runner/.m2/repository/io/netty/netty-buffer/4.1.86.Final/netty-buffer-4.1.86.Final.jar:/home/runner/.m2/repository/io/netty/netty-codec-http/4.1.86.Final/netty-codec-http-4.1.86.Final.jar:/home/runner/.m2/repository/io/netty/netty-handler-proxy/4.1.86.Final/netty-handler-proxy-4.1.86.Final.jar:/home/runner/.m2/repository/io/netty/netty-codec-socks/4.1.86.Final/netty-codec-socks-4.1.86.Final.jar:/home/runner/.m2/repository/io/netty/netty-tcnative-boringssl-static/2.0.54.Final/netty-tcnative-boringssl-static-2.0.54.Final.jar:/home/runner/.m2/repository/io/netty/netty-tcnative-classes/2.0.54.Final/netty-tcnative-classes-2.0.54.Final.jar:/home/runner/.m2/repository/io/netty/netty-tcnative-boringssl-static/2.0.54.Final/netty-tcnative-boringssl-static-2.0.54.Final-linux-x86_64.jar:/home/runner/.m2/repository/io/netty/netty-tcnative-boringssl-static/2.0.54.Final/netty-tcnative-boringssl-static-2.0.54.Final-linux-aarch_64.jar:/home/runner/.m2/repository/io/netty/netty-tcnative-boringssl-static/2.0.54.Final/netty-tcnative-boringssl-static-2.0.54.Final-osx-x86_64.jar:/home/runner/.m2/repository/io/netty/netty-tcnative-boringssl-static/2.0.54.Final/netty-tcnative-boringssl-static-2.0.54.Final-osx-aarch_64.jar:/home/runner/.m2/repository/io/netty/netty-tcnative-boringssl-static/2.0.54.Final/netty-tcnative-boringssl-static-2.0.54.Final-windows-x86_64.jar:/home/runner/.m2/repository/org/apache/commons/commons-compress/1.21/commons-compress-1.21.jar:/home/runner/.m2/repository/org/apache/ozone/hdds-common/1.4.0-SNAPSHOT/hdds-common-1.4.0-SNAPSHOT.jar:/home/runner/.m2/repository/org/apache/ozone/hdds-client/1.4.0-SNAPSHOT/hdds-client-1.4.0-SNAPSHOT.jar:/home/runner/.m2/repository/org/apache/ozone/ozone-interface-client/1.4.0-SNAPSHOT/ozone-interface-client-1.4.0-SNAPSHOT.jar:/home/runner/.m2/repository/org/apache/ozone/hdds-test-utils/1.4.0-SNAPSHOT/hdds-test-utils-1.4.0-SNAPSHOT.jar:/home/runner/.m2/repository/com/google/guava/guava/31.1-jre/guava-31.1-jre.jar:/home/runner/.m2/repository/com/google/guava/failureaccess/1.0.1/failureaccess-1.0.1.jar:/home/runner/.m2/repository/com/google/guava/listenablefuture/9999.0-empty-to-avoid-conflict-with-guava/listenablefuture-9999.0-empty-to-avoid-conflict-with-guava.jar:/home/runner/.m2/repository/com/google/code/findbugs/jsr305/3.0.0/jsr305-3.0.0.jar:/home/runner/.m2/repository/org/checkerframework/checker-qual/3.12.0/checker-qual-3.12.0.jar:/home/runner/.m2/repository/com/google/j2objc/j2objc-annotations/1.3/j2objc-annotations-1.3.jar:/home/runner/.m2/repository/commons-io/commons-io/2.11.0/commons-io-2.11.0.jar:/home/runner/.m2/repository/commons-logging/commons-logging/1.2/commons-logging-1.2.jar:/home/runner/.m2/repository/ch/qos/reload4j/reload4j/1.2.22/reload4j-1.2.22.jar:/home/runner/.m2/repository/org/slf4j/slf4j-api/1.7.36/slf4j-api-1.7.36.jar:/home/runner/.m2/repository/org/apache/ozone/hdds-server-scm/1.4.0-SNAPSHOT/hdds-server-scm-1.4.0-SNAPSHOT.jar:/home/runner/.m2/repository/org/apache/ozone/hdds-container-service/1.4.0-SNAPSHOT/hdds-container-service-1.4.0-SNAPSHOT.jar:/home/runner/.m2/repository/org/apache/ozone/hdds-hadoop-dependency-server/1.4.0-SNAPSHOT/hdds-hadoop-dependency-server-1.4.0-SNAPSHOT.jar:/home/runner/.m2/repository/org/apache/hadoop/hadoop-hdfs/3.3.4/hadoop-hdfs-3.3.4.jar:/home/runner/.m2/repository/org/eclipse/jetty/jetty-util-ajax/9.4.49.v20220914/jetty-util-ajax-9.4.49.v20220914.jar:/home/runner/.m2/repository/commons-daemon/commons-daemon/1.0.13/commons-daemon-1.0.13.jar:/home/runner/.m2/repository/org/apache/ozone/hdds-server-framework/1.4.0-SNAPSHOT/hdds-server-framework-1.4.0-SNAPSHOT.jar:/home/runner/.m2/repository/org/apache/ozone/hdds-interface-server/1.4.0-SNAPSHOT/hdds-interface-server-1.4.0-SNAPSHOT.jar:/home/runner/.m2/repository/org/apache/commons/commons-configuration2/2.1.1/commons-configuration2-2.1.1.jar:/home/runner/.m2/repository/org/apache/logging/log4j/log4j-core/2.17.1/log4j-core-2.17.1.jar:/home/runner/.m2/repository/com/lmax/disruptor/3.4.2/disruptor-3.4.2.jar:/home/runner/.m2/repository/org/eclipse/jetty/jetty-servlet/9.4.49.v20220914/jetty-servlet-9.4.49.v20220914.jar:/home/runner/.m2/repository/org/eclipse/jetty/jetty-security/9.4.49.v20220914/jetty-security-9.4.49.v20220914.jar:/home/runner/.m2/repository/org/rocksdb/rocksdbjni/7.7.3/rocksdbjni-7.7.3.jar:/home/runner/.m2/repository/io/prometheus/simpleclient_dropwizard/0.7.0/simpleclient_dropwizard-0.7.0.jar:/home/runner/.m2/repository/io/prometheus/simpleclient/0.7.0/simpleclient-0.7.0.jar:/home/runner/.m2/repository/io/prometheus/simpleclient_common/0.7.0/simpleclient_common-0.7.0.jar:/home/runner/.m2/repository/com/github/spotbugs/spotbugs-annotations/3.1.12/spotbugs-annotations-3.1.12.jar:/home/runner/.m2/repository/io/dropwizard/metrics/metrics-core/3.2.4/metrics-core-3.2.4.jar:/home/runner/.m2/repository/org/apache/commons/commons-text/1.4/commons-text-1.4.jar:/home/runner/.m2/repository/org/apache/hadoop/hadoop-hdfs-client/3.3.4/hadoop-hdfs-client-3.3.4.jar:/home/runner/.m2/repository/com/squareup/okhttp3/okhttp/4.9.3/okhttp-4.9.3.jar:/home/runner/.m2/repository/com/squareup/okio/okio/2.8.0/okio-2.8.0.jar:/home/runner/.m2/repository/org/jetbrains/kotlin/kotlin-stdlib-common/1.4.10/kotlin-stdlib-common-1.4.10.jar:/home/runner/.m2/repository/org/bouncycastle/bcprov-jdk15on/1.67/bcprov-jdk15on-1.67.jar:/home/runner/.m2/repository/com/google/protobuf/protobuf-java/2.5.0/protobuf-java-2.5.0.jar:/home/runner/.m2/repository/org/apache/ozone/ozone-manager/1.4.0-SNAPSHOT/ozone-manager-1.4.0-SNAPSHOT.jar:/home/runner/.m2/repository/org/aspectj/aspectjrt/1.9.7/aspectjrt-1.9.7.jar:/home/runner/.m2/repository/org/aspectj/aspectjweaver/1.9.7/aspectjweaver-1.9.7.jar:/home/runner/.m2/repository/org/apache/ozone/hdds-interface-client/1.4.0-SNAPSHOT/hdds-interface-client-1.4.0-SNAPSHOT.jar:/home/runner/.m2/repository/org/apache/hadoop/thirdparty/hadoop-shaded-protobuf_3_7/1.1.1/hadoop-shaded-protobuf_3_7-1.1.1.jar:/home/runner/.m2/repository/org/apache/ozone/ozone-interface-storage/1.4.0-SNAPSHOT/ozone-interface-storage-1.4.0-SNAPSHOT.jar:/home/runner/.m2/repository/org/reflections/reflections/0.9.11/reflections-0.9.11.jar:/home/runner/.m2/repository/com/sun/jersey/jersey-client/1.19/jersey-client-1.19.jar:/home/runner/.m2/repository/org/apache/ranger/ranger-intg/2.3.0/ranger-intg-2.3.0.jar:/home/runner/.m2/repository/org/apache/ranger/ranger-plugins-common/2.3.0/ranger-plugins-common-2.3.0.jar:/home/runner/.m2/repository/commons-lang/commons-lang/2.6/commons-lang-2.6.jar:/home/runner/.m2/repository/org/codehaus/jackson/jackson-jaxrs/1.9.13/jackson-jaxrs-1.9.13.jar:/home/runner/.m2/repository/org/apache/ranger/ranger-plugins-cred/2.3.0/ranger-plugins-cred-2.3.0.jar:/home/runner/.m2/repository/org/apache/ranger/ranger-plugins-audit/2.3.0/ranger-plugins-audit-2.3.0.jar:/home/runner/.m2/repository/org/eclipse/jetty/jetty-client/9.4.31.v20200723/jetty-client-9.4.31.v20200723.jar:/home/runner/.m2/repository/org/apache/httpcomponents/httpmime/4.5.6/httpmime-4.5.6.jar:/home/runner/.m2/repository/org/apache/httpcomponents/httpcore-nio/4.4.6/httpcore-nio-4.4.6.jar:/home/runner/.m2/repository/org/apache/httpcomponents/httpasyncclient/4.1.3/httpasyncclient-4.1.3.jar:/home/runner/.m2/repository/com/carrotsearch/hppc/0.8.0/hppc-0.8.0.jar:/home/runner/.m2/repository/org/apache/orc/orc-core/1.5.8/orc-core-1.5.8.jar:/home/runner/.m2/repository/net/java/dev/jna/jna/5.2.0/jna-5.2.0.jar:/home/runner/.m2/repository/net/java/dev/jna/jna-platform/5.2.0/jna-platform-5.2.0.jar:/home/runner/.m2/repository/com/kstruct/gethostname4j/0.0.2/gethostname4j-0.0.2.jar:/home/runner/.m2/repository/org/apache/ranger/ranger-plugin-classloader/2.3.0/ranger-plugin-classloader-2.3.0.jar:/home/runner/.m2/repository/org/apache/hadoop/hadoop-minikdc/3.3.4/hadoop-minikdc-3.3.4.jar:/home/runner/.m2/repository/org/apache/kerby/kerb-simplekdc/1.0.1/kerb-simplekdc-1.0.1.jar:/home/runner/.m2/repository/org/apache/kerby/kerb-client/1.0.1/kerb-client-1.0.1.jar:/home/runner/.m2/repository/org/apache/kerby/kerby-config/1.0.1/kerby-config-1.0.1.jar:/home/runner/.m2/repository/org/apache/kerby/kerb-common/1.0.1/kerb-common-1.0.1.jar:/home/runner/.m2/repository/org/apache/kerby/kerb-crypto/1.0.1/kerb-crypto-1.0.1.jar:/home/runner/.m2/repository/org/apache/kerby/kerb-util/1.0.1/kerb-util-1.0.1.jar:/home/runner/.m2/repository/org/apache/kerby/token-provider/1.0.1/token-provider-1.0.1.jar:/home/runner/.m2/repository/org/apache/kerby/kerb-admin/1.0.1/kerb-admin-1.0.1.jar:/home/runner/.m2/repository/org/apache/kerby/kerb-server/1.0.1/kerb-server-1.0.1.jar:/home/runner/.m2/repository/org/apache/kerby/kerb-identity/1.0.1/kerb-identity-1.0.1.jar:/home/runner/.m2/repository/org/apache/kerby/kerby-xdr/1.0.1/kerby-xdr-1.0.1.jar:/home/runner/.m2/repository/org/apache/ozone/ozone-s3gateway/1.4.0-SNAPSHOT/ozone-s3gateway-1.4.0-SNAPSHOT.jar:/home/runner/.m2/repository/org/javassist/javassist/3.21.0-GA/javassist-3.21.0-GA.jar:/home/runner/.m2/repository/org/jboss/weld/servlet/weld-servlet/2.4.7.Final/weld-servlet-2.4.7.Final.jar:/home/runner/.m2/repository/org/glassfish/jersey/containers/jersey-container-servlet-core/2.34/jersey-container-servlet-core-2.34.jar:/home/runner/.m2/repository/org/glassfish/hk2/external/jakarta.inject/2.6.1/jakarta.inject-2.6.1.jar:/home/runner/.m2/repository/org/glassfish/jersey/core/jersey-common/2.34/jersey-common-2.34.jar:/home/runner/.m2/repository/jakarta/ws/rs/jakarta.ws.rs-api/2.1.6/jakarta.ws.rs-api-2.1.6.jar:/home/runner/.m2/repository/org/glassfish/jersey/ext/cdi/jersey-cdi1x/2.34/jersey-cdi1x-2.34.jar:/home/runner/.m2/repository/org/glassfish/jersey/inject/jersey-hk2/2.34/jersey-hk2-2.34.jar:/home/runner/.m2/repository/org/glassfish/hk2/hk2-locator/2.6.1/hk2-locator-2.6.1.jar:/home/runner/.m2/repository/org/glassfish/jersey/media/jersey-media-jaxb/2.34/jersey-media-jaxb-2.34.jar:/home/runner/.m2/repository/org/glassfish/hk2/osgi-resource-locator/1.0.3/osgi-resource-locator-1.0.3.jar:/home/runner/.m2/repository/org/glassfish/hk2/hk2-api/2.5.0/hk2-api-2.5.0.jar:/home/runner/.m2/repository/org/glassfish/hk2/hk2-utils/2.5.0/hk2-utils-2.5.0.jar:/home/runner/.m2/repository/org/glassfish/hk2/external/aopalliance-repackaged/2.5.0/aopalliance-repackaged-2.5.0.jar:/home/runner/.m2/repository/com/fasterxml/jackson/dataformat/jackson-dataformat-xml/2.13.4/jackson-dataformat-xml-2.13.4.jar:/home/runner/.m2/repository/com/fasterxml/jackson/core/jackson-core/2.13.4/jackson-core-2.13.4.jar:/home/runner/.m2/repository/org/codehaus/woodstox/stax2-api/4.2.1/stax2-api-4.2.1.jar:/home/runner/.m2/repository/com/fasterxml/woodstox/woodstox-core/5.4.0/woodstox-core-5.4.0.jar:/home/runner/.m2/repository/com/fasterxml/jackson/module/jackson-module-jaxb-annotations/2.13.4/jackson-module-jaxb-annotations-2.13.4.jar:/home/runner/.m2/repository/jakarta/xml/bind/jakarta.xml.bind-api/2.3.3/jakarta.xml.bind-api-2.3.3.jar:/home/runner/.m2/repository/jakarta/activation/jakarta.activation-api/1.2.1/jakarta.activation-api-1.2.1.jar:/home/runner/.m2/repository/javax/enterprise/cdi-api/1.2/cdi-api-1.2.jar:/home/runner/.m2/repository/javax/el/javax.el-api/3.0.0/javax.el-api-3.0.0.jar:/home/runner/.m2/repository/javax/interceptor/javax.interceptor-api/1.2/javax.interceptor-api-1.2.jar:/home/runner/.m2/repository/javax/inject/javax.inject/1/javax.inject-1.jar:/home/runner/.m2/repository/javax/xml/bind/jaxb-api/2.3.0/jaxb-api-2.3.0.jar:/home/runner/.m2/repository/org/glassfish/jaxb/jaxb-runtime/2.3.0.1/jaxb-runtime-2.3.0.1.jar:/home/runner/.m2/repository/org/glassfish/jaxb/jaxb-core/2.3.0.1/jaxb-core-2.3.0.1.jar:/home/runner/.m2/repository/org/glassfish/jaxb/txw2/2.3.0.1/txw2-2.3.0.1.jar:/home/runner/.m2/repository/com/sun/istack/istack-commons-runtime/3.0.5/istack-commons-runtime-3.0.5.jar:/home/runner/.m2/repository/org/jvnet/staxex/stax-ex/1.7.8/stax-ex-1.7.8.jar:/home/runner/.m2/repository/com/sun/xml/fastinfoset/FastInfoset/1.2.13/FastInfoset-1.2.13.jar:/home/runner/.m2/repository/javax/activation/activation/1.1.1/activation-1.1.1.jar:/home/runner/.m2/repository/io/grpc/grpc-protobuf/1.51.1/grpc-protobuf-1.51.1.jar:/home/runner/.m2/repository/io/grpc/grpc-api/1.51.1/grpc-api-1.51.1.jar:/home/runner/.m2/repository/io/grpc/grpc-context/1.51.1/grpc-context-1.51.1.jar:/home/runner/.m2/repository/com/google/api/grpc/proto-google-common-protos/2.9.0/proto-google-common-protos-2.9.0.jar:/home/runner/.m2/repository/io/grpc/grpc-protobuf-lite/1.51.1/grpc-protobuf-lite-1.51.1.jar:/home/runner/.m2/repository/io/grpc/grpc-stub/1.51.1/grpc-stub-1.51.1.jar:/home/runner/.m2/repository/io/netty/netty-transport/4.1.86.Final/netty-transport-4.1.86.Final.jar:/home/runner/.m2/repository/io/netty/netty-resolver/4.1.86.Final/netty-resolver-4.1.86.Final.jar:/home/runner/.m2/repository/org/apache/ozone/ozone-csi/1.4.0-SNAPSHOT/ozone-csi-1.4.0-SNAPSHOT.jar:/home/runner/.m2/repository/com/google/protobuf/protobuf-java-util/3.19.6/protobuf-java-util-3.19.6.jar:/home/runner/.m2/repository/com/google/code/gson/gson/2.9.0/gson-2.9.0.jar:/home/runner/.m2/repository/org/apache/ozone/hdds-config/1.4.0-SNAPSHOT/hdds-config-1.4.0-SNAPSHOT.jar:/home/runner/.m2/repository/io/netty/netty-transport-native-epoll/4.1.86.Final/netty-transport-native-epoll-4.1.86.Final-linux-x86_64.jar:/home/runner/.m2/repository/io/netty/netty-transport-classes-epoll/4.1.86.Final/netty-transport-classes-epoll-4.1.86.Final.jar:/home/runner/.m2/repository/io/netty/netty-transport-native-unix-common/4.1.86.Final/netty-transport-native-unix-common-4.1.86.Final.jar:/home/runner/.m2/repository/org/slf4j/slf4j-reload4j/1.7.36/slf4j-reload4j-1.7.36.jar:/home/runner/.m2/repository/org/apache/ozone/ozone-recon/1.4.0-SNAPSHOT/ozone-recon-1.4.0-SNAPSHOT.jar:/home/runner/.m2/repository/org/apache/ozone/ozone-reconcodegen/1.4.0-SNAPSHOT/ozone-reconcodegen-1.4.0-SNAPSHOT.jar:/home/runner/.m2/repository/com/google/inject/extensions/guice-multibindings/4.0/guice-multibindings-4.0.jar:/home/runner/.m2/repository/com/google/inject/guice/4.0/guice-4.0.jar:/home/runner/.m2/repository/aopalliance/aopalliance/1.0/aopalliance-1.0.jar:/home/runner/.m2/repository/com/google/inject/extensions/guice-assistedinject/4.0/guice-assistedinject-4.0.jar:/home/runner/.m2/repository/com/google/inject/extensions/guice-servlet/4.0/guice-servlet-4.0.jar:/home/runner/.m2/repository/org/glassfish/jersey/containers/jersey-container-servlet/2.34/jersey-container-servlet-2.34.jar:/home/runner/.m2/repository/org/glassfish/hk2/guice-bridge/2.5.0/guice-bridge-2.5.0.jar:/home/runner/.m2/repository/org/glassfish/jersey/core/jersey-server/2.34/jersey-server-2.34.jar:/home/runner/.m2/repository/org/glassfish/jersey/core/jersey-client/2.34/jersey-client-2.34.jar:/home/runner/.m2/repository/jakarta/annotation/jakarta.annotation-api/1.3.5/jakarta.annotation-api-1.3.5.jar:/home/runner/.m2/repository/jakarta/validation/jakarta.validation-api/2.0.2/jakarta.validation-api-2.0.2.jar:/home/runner/.m2/repository/org/glassfish/jersey/media/jersey-media-json-jackson/2.34/jersey-media-json-jackson-2.34.jar:/home/runner/.m2/repository/org/glassfish/jersey/ext/jersey-entity-filtering/2.34/jersey-entity-filtering-2.34.jar:/home/runner/.m2/repository/org/jooq/jooq/3.11.10/jooq-3.11.10.jar:/home/runner/.m2/repository/org/jooq/jooq-meta/3.11.10/jooq-meta-3.11.10.jar:/home/runner/.m2/repository/org/jooq/jooq-codegen/3.11.10/jooq-codegen-3.11.10.jar:/home/runner/.m2/repository/com/jolbox/bonecp/0.8.0.RELEASE/bonecp-0.8.0.RELEASE.jar:/home/runner/.m2/repository/org/apache/derby/derby/10.14.2.0/derby-10.14.2.0.jar:/home/runner/.m2/repository/org/xerial/sqlite-jdbc/3.25.2/sqlite-jdbc-3.25.2.jar:/home/runner/.m2/repository/org/springframework/spring-jdbc/5.3.23/spring-jdbc-5.3.23.jar:/home/runner/.m2/repository/org/springframework/spring-beans/5.3.23/spring-beans-5.3.23.jar:/home/runner/.m2/repository/org/springframework/spring-core/5.3.23/spring-core-5.3.23.jar:/home/runner/.m2/repository/org/springframework/spring-jcl/5.3.23/spring-jcl-5.3.23.jar:/home/runner/.m2/repository/org/springframework/spring-tx/5.3.23/spring-tx-5.3.23.jar:/home/runner/.m2/repository/org/apache/ozone/ozone-client/1.4.0-SNAPSHOT/ozone-client-1.4.0-SNAPSHOT.jar:/home/runner/.m2/repository/org/apache/ozone/hdds-erasurecode/1.4.0-SNAPSHOT/hdds-erasurecode-1.4.0-SNAPSHOT.jar:/home/runner/.m2/repository/org/apache/ozone/ozone-filesystem/1.4.0-SNAPSHOT/ozone-filesystem-1.4.0-SNAPSHOT.jar:/home/runner/.m2/repository/org/apache/ozone/ozone-filesystem-common/1.4.0-SNAPSHOT/ozone-filesystem-common-1.4.0-SNAPSHOT.jar:/home/runner/.m2/repository/org/apache/ozone/ozone-tools/1.4.0-SNAPSHOT/ozone-tools-1.4.0-SNAPSHOT.jar:/home/runner/.m2/repository/org/apache/ratis/ratis-tools/2.4.2-8b8bdda-SNAPSHOT/ratis-tools-2.4.2-8b8bdda-SNAPSHOT.jar:/home/runner/.m2/repository/com/amazonaws/aws-java-sdk-core/1.12.261/aws-java-sdk-core-1.12.261.jar:/home/runner/.m2/repository/org/apache/httpcomponents/httpclient/4.5.13/httpclient-4.5.13.jar:/home/runner/.m2/repository/org/apache/httpcomponents/httpcore/4.4.13/httpcore-4.4.13.jar:/home/runner/.m2/repository/software/amazon/ion/ion-java/1.0.2/ion-java-1.0.2.jar:/home/runner/.m2/repository/com/fasterxml/jackson/dataformat/jackson-dataformat-cbor/2.13.4/jackson-dataformat-cbor-2.13.4.jar:/home/runner/.m2/repository/joda-time/joda-time/2.8.1/joda-time-2.8.1.jar:/home/runner/.m2/repository/com/amazonaws/aws-java-sdk-s3/1.12.261/aws-java-sdk-s3-1.12.261.jar:/home/runner/.m2/repository/com/amazonaws/aws-java-sdk-kms/1.12.261/aws-java-sdk-kms-1.12.261.jar:/home/runner/.m2/repository/com/amazonaws/jmespath-java/1.12.261/jmespath-java-1.12.261.jar:/home/runner/.m2/repository/org/kohsuke/metainf-services/metainf-services/1.8/metainf-services-1.8.jar:/home/runner/.m2/repository/org/apache/ozone/hdds-tools/1.4.0-SNAPSHOT/hdds-tools-1.4.0-SNAPSHOT.jar:/home/runner/.m2/repository/commons-cli/commons-cli/1.2/commons-cli-1.2.jar:/home/runner/.m2/repository/org/apache/commons/commons-lang3/3.7/commons-lang3-3.7.jar:/home/runner/.m2/repository/org/apache/ozone/ozone-manager/1.4.0-SNAPSHOT/ozone-manager-1.4.0-SNAPSHOT-tests.jar:/home/runner/.m2/repository/org/apache/ozone/hdds-common/1.4.0-SNAPSHOT/hdds-common-1.4.0-SNAPSHOT-tests.jar:/home/runner/.m2/repository/org/apache/ozone/hdds-hadoop-dependency-client/1.4.0-SNAPSHOT/hdds-hadoop-dependency-client-1.4.0-SNAPSHOT.jar:/home/runner/.m2/repository/info/picocli/picocli/4.6.1/picocli-4.6.1.jar:/home/runner/.m2/repository/com/fasterxml/jackson/core/jackson-annotations/2.13.4/jackson-annotations-2.13.4.jar:/home/runner/.m2/repository/com/fasterxml/jackson/datatype/jackson-datatype-jsr310/2.13.4/jackson-datatype-jsr310-2.13.4.jar:/home/runner/.m2/repository/org/apache/ozone/hdds-annotation-processing/1.4.0-SNAPSHOT/hdds-annotation-processing-1.4.0-SNAPSHOT.jar:/home/runner/.m2/repository/javax/annotation/javax.annotation-api/1.2/javax.annotation-api-1.2.jar:/home/runner/.m2/repository/org/apache/ratis/ratis-server/2.4.2-8b8bdda-SNAPSHOT/ratis-server-2.4.2-8b8bdda-SNAPSHOT.jar:/home/runner/.m2/repository/org/apache/ratis/ratis-client/2.4.2-8b8bdda-SNAPSHOT/ratis-client-2.4.2-8b8bdda-SNAPSHOT.jar:/home/runner/.m2/repository/org/apache/ratis/ratis-server-api/2.4.2-8b8bdda-SNAPSHOT/ratis-server-api-2.4.2-8b8bdda-SNAPSHOT.jar:/home/runner/.m2/repository/org/apache/ratis/ratis-metrics/2.4.2-8b8bdda-SNAPSHOT/ratis-metrics-2.4.2-8b8bdda-SNAPSHOT.jar:/home/runner/.m2/repository/org/apache/ratis/ratis-netty/2.4.2-8b8bdda-SNAPSHOT/ratis-netty-2.4.2-8b8bdda-SNAPSHOT.jar:/home/runner/.m2/repository/org/apache/ratis/ratis-grpc/2.4.2-8b8bdda-SNAPSHOT/ratis-grpc-2.4.2-8b8bdda-SNAPSHOT.jar:/home/runner/.m2/repository/org/apache/logging/log4j/log4j-api/2.17.1/log4j-api-2.17.1.jar:/home/runner/.m2/repository/org/apache/commons/commons-pool2/2.6.0/commons-pool2-2.6.0.jar:/home/runner/.m2/repository/org/bouncycastle/bcpkix-jdk15on/1.67/bcpkix-jdk15on-1.67.jar:/home/runner/.m2/repository/commons-validator/commons-validator/1.6/commons-validator-1.6.jar:/home/runner/.m2/repository/commons-beanutils/commons-beanutils/1.9.4/commons-beanutils-1.9.4.jar:/home/runner/.m2/repository/commons-digester/commons-digester/1.8.1/commons-digester-1.8.1.jar:/home/runner/.m2/repository/commons-collections/commons-collections/3.2.2/commons-collections-3.2.2.jar:/home/runner/.m2/repository/io/jaegertracing/jaeger-client/1.6.0/jaeger-client-1.6.0.jar:/home/runner/.m2/repository/io/jaegertracing/jaeger-thrift/1.6.0/jaeger-thrift-1.6.0.jar:/home/runner/.m2/repository/org/apache/thrift/libthrift/0.14.1/libthrift-0.14.1.jar:/home/runner/.m2/repository/io/jaegertracing/jaeger-core/1.6.0/jaeger-core-1.6.0.jar:/home/runner/.m2/repository/io/jaegertracing/jaeger-tracerresolver/1.6.0/jaeger-tracerresolver-1.6.0.jar:/home/runner/.m2/repository/io/opentracing/contrib/opentracing-tracerresolver/0.1.8/opentracing-tracerresolver-0.1.8.jar:/home/runner/.m2/repository/org/jetbrains/kotlin/kotlin-stdlib/1.6.21/kotlin-stdlib-1.6.21.jar:/home/runner/.m2/repository/org/jetbrains/annotations/13.0/annotations-13.0.jar:/home/runner/.m2/repository/io/opentracing/opentracing-util/0.33.0/opentracing-util-0.33.0.jar:/home/runner/.m2/repository/io/opentracing/opentracing-api/0.33.0/opentracing-api-0.33.0.jar:/home/runner/.m2/repository/io/opentracing/opentracing-noop/0.33.0/opentracing-noop-0.33.0.jar:/home/runner/.m2/repository/org/yaml/snakeyaml/1.33/snakeyaml-1.33.jar:/home/runner/.m2/repository/org/apache/ozone/hdds-interface-admin/1.4.0-SNAPSHOT/hdds-interface-admin-1.4.0-SNAPSHOT.jar:/home/runner/.m2/repository/junit/junit/4.13.1/junit-4.13.1.jar:/home/runner/.m2/repository/org/hamcrest/hamcrest-core/1.3/hamcrest-core-1.3.jar:/home/runner/.m2/repository/org/junit/jupiter/junit-jupiter-api/5.8.2/junit-jupiter-api-5.8.2.jar:/home/runner/.m2/repository/org/opentest4j/opentest4j/1.2.0/opentest4j-1.2.0.jar:/home/runner/.m2/repository/org/junit/platform/junit-platform-commons/1.8.2/junit-platform-commons-1.8.2.jar:/home/runner/.m2/repository/org/apiguardian/apiguardian-api/1.1.2/apiguardian-api-1.1.2.jar:/home/runner/.m2/repository/org/junit/jupiter/junit-jupiter-params/5.8.2/junit-jupiter-params-5.8.2.jar:/home/runner/.m2/repository/org/junit/jupiter/junit-jupiter-migrationsupport/5.8.2/junit-jupiter-migrationsupport-5.8.2.jar:/home/runner/.m2/repository/org/junit/jupiter/junit-jupiter-engine/5.8.2/junit-jupiter-engine-5.8.2.jar:/home/runner/.m2/repository/org/junit/platform/junit-platform-engine/1.8.2/junit-platform-engine-1.8.2.jar:/home/runner/.m2/repository/org/junit/vintage/junit-vintage-engine/5.8.2/junit-vintage-engine-5.8.2.jar:/home/runner/.m2/repository/org/junit/platform/junit-platform-launcher/1.8.2/junit-platform-launcher-1.8.2.jar:/home/runner/.m2/repository/org/mockito/mockito-core/2.28.2/mockito-core-2.28.2.jar:/home/runner/.m2/repository/net/bytebuddy/byte-buddy/1.9.10/byte-buddy-1.9.10.jar:/home/runner/.m2/repository/net/bytebuddy/byte-buddy-agent/1.9.10/byte-buddy-agent-1.9.10.jar:/home/runner/.m2/repository/org/objenesis/objenesis/1.0/objenesis-1.0.jar:/home/runner/.m2/repository/org/apache/hadoop/hadoop-kms/3.3.4/hadoop-kms-3.3.4.jar:/home/runner/.m2/repository/org/apache/hadoop/hadoop-auth/3.3.4/hadoop-auth-3.3.4.jar:/home/runner/.m2/repository/com/nimbusds/nimbus-jose-jwt/9.8.1/nimbus-jose-jwt-9.8.1.jar:/home/runner/.m2/repository/com/github/stephenc/jcip/jcip-annotations/1.0-1/jcip-annotations-1.0-1.jar:/home/runner/.m2/repository/net/minidev/json-smart/2.4.7/json-smart-2.4.7.jar:/home/runner/.m2/repository/net/minidev/accessors-smart/2.4.7/accessors-smart-2.4.7.jar:/home/runner/.m2/repository/org/ow2/asm/asm/5.0.4/asm-5.0.4.jar:/home/runner/.m2/repository/org/apache/zookeeper/zookeeper/3.5.6/zookeeper-3.5.6.jar:/home/runner/.m2/repository/org/apache/zookeeper/zookeeper-jute/3.5.6/zookeeper-jute-3.5.6.jar:/home/runner/.m2/repository/org/apache/yetus/audience-annotations/0.5.0/audience-annotations-0.5.0.jar:/home/runner/.m2/repository/org/apache/curator/curator-framework/4.2.0/curator-framework-4.2.0.jar:/home/runner/.m2/repository/org/apache/hadoop/thirdparty/hadoop-shaded-guava/1.1.1/hadoop-shaded-guava-1.1.1.jar:/home/runner/.m2/repository/com/sun/jersey/jersey-core/1.19/jersey-core-1.19.jar:/home/runner/.m2/repository/javax/ws/rs/jsr311-api/1.1.1/jsr311-api-1.1.1.jar:/home/runner/.m2/repository/com/sun/jersey/jersey-server/1.19/jersey-server-1.19.jar:/home/runner/.m2/repository/javax/servlet/javax.servlet-api/3.1.0/javax.servlet-api-3.1.0.jar:/home/runner/.m2/repository/org/eclipse/jetty/jetty-server/9.4.49.v20220914/jetty-server-9.4.49.v20220914.jar:/home/runner/.m2/repository/org/eclipse/jetty/jetty-http/9.4.49.v20220914/jetty-http-9.4.49.v20220914.jar:/home/runner/.m2/repository/org/eclipse/jetty/jetty-io/9.4.49.v20220914/jetty-io-9.4.49.v20220914.jar:/home/runner/.m2/repository/org/eclipse/jetty/jetty-webapp/9.4.49.v20220914/jetty-webapp-9.4.49.v20220914.jar:/home/runner/.m2/repository/org/eclipse/jetty/jetty-xml/9.4.49.v20220914/jetty-xml-9.4.49.v20220914.jar:/home/runner/.m2/repository/org/apache/hadoop/hadoop-common/3.3.4/hadoop-common-3.3.4.jar:/home/runner/.m2/repository/org/apache/commons/commons-math3/3.1.1/commons-math3-3.1.1.jar:/home/runner/.m2/repository/commons-net/commons-net/3.9.0/commons-net-3.9.0.jar:/home/runner/.m2/repository/com/sun/jersey/jersey-servlet/1.19/jersey-servlet-1.19.jar:/home/runner/.m2/repository/com/sun/jersey/jersey-json/1.19/jersey-json-1.19.jar:/home/runner/.m2/repository/org/codehaus/jettison/jettison/1.1/jettison-1.1.jar:/home/runner/.m2/repository/com/sun/xml/bind/jaxb-impl/2.2.3-1/jaxb-impl-2.2.3-1.jar:/home/runner/.m2/repository/org/codehaus/jackson/jackson-xc/1.9.2/jackson-xc-1.9.2.jar:/home/runner/.m2/repository/com/google/re2j/re2j/1.1/re2j-1.1.jar:/home/runner/.m2/repository/com/jcraft/jsch/0.1.54/jsch-0.1.54.jar:/home/runner/.m2/repository/org/apache/curator/curator-client/4.2.0/curator-client-4.2.0.jar:/home/runner/.m2/repository/org/apache/curator/curator-recipes/4.2.0/curator-recipes-4.2.0.jar:/home/runner/.m2/repository/org/apache/kerby/kerb-core/1.0.1/kerb-core-1.0.1.jar:/home/runner/.m2/repository/org/apache/kerby/kerby-pkix/1.0.1/kerby-pkix-1.0.1.jar:/home/runner/.m2/repository/org/apache/kerby/kerby-asn1/1.0.1/kerby-asn1-1.0.1.jar:/home/runner/.m2/repository/org/apache/kerby/kerby-util/1.0.1/kerby-util-1.0.1.jar:/home/runner/.m2/repository/dnsjava/dnsjava/2.1.7/dnsjava-2.1.7.jar:/home/runner/.m2/repository/org/xerial/snappy/snappy-java/1.1.8.2/snappy-java-1.1.8.2.jar:/home/runner/.m2/repository/org/eclipse/jetty/jetty-util/9.4.49.v20220914/jetty-util-9.4.49.v20220914.jar:/home/runner/.m2/repository/com/fasterxml/jackson/core/jackson-databind/2.13.4.2/jackson-databind-2.13.4.2.jar:/home/runner/.m2/repository/org/apache/hadoop/hadoop-kms/3.3.4/hadoop-kms-3.3.4-tests.jar:/home/runner/.m2/repository/org/apache/ozone/hdds-server-scm/1.4.0-SNAPSHOT/hdds-server-scm-1.4.0-SNAPSHOT-tests.jar:/home/runner/.m2/repository/org/apache/ozone/hdds-container-service/1.4.0-SNAPSHOT/hdds-container-service-1.4.0-SNAPSHOT-tests.jar:/home/runner/.m2/repository/com/github/luben/zstd-jni/1.5.2-5/zstd-jni-1.5.2-5.jar:/home/runner/.m2/repository/commons-codec/commons-codec/1.15/commons-codec-1.15.jar:/home/runner/.m2/repository/io/netty/netty-codec/4.1.86.Final/netty-codec-4.1.86.Final.jar:/home/runner/.m2/repository/io/netty/netty-handler/4.1.86.Final/netty-handler-4.1.86.Final.jar:/home/runner/.m2/repository/org/apache/ozone/hdds-hadoop-dependency-test/1.4.0-SNAPSHOT/hdds-hadoop-dependency-test-1.4.0-SNAPSHOT.jar:/home/runner/.m2/repository/org/apache/hadoop/hadoop-common/3.3.4/hadoop-common-3.3.4-tests.jar:/home/runner/.m2/repository/org/apache/hadoop/hadoop-hdfs/3.3.4/hadoop-hdfs-3.3.4-tests.jar:/home/runner/.m2/repository/org/assertj/assertj-core/3.12.2/assertj-core-3.12.2.jar:/home/runner/.m2/repository/org/apache/hadoop/hadoop-distcp/3.3.4/hadoop-distcp-3.3.4.jar:/home/runner/.m2/repository/org/apache/hadoop/hadoop-mapreduce-client-jobclient/3.3.4/hadoop-mapreduce-client-jobclient-3.3.4.jar:/home/runner/.m2/repository/org/apache/hadoop/hadoop-mapreduce-client-common/3.3.4/hadoop-mapreduce-client-common-3.3.4.jar:/home/runner/.m2/repository/org/apache/hadoop/hadoop-yarn-common/3.3.4/hadoop-yarn-common-3.3.4.jar:/home/runner/.m2/repository/org/apache/hadoop/hadoop-yarn-api/3.3.4/hadoop-yarn-api-3.3.4.jar:/home/runner/.m2/repository/com/sun/jersey/contribs/jersey-guice/1.19/jersey-guice-1.19.jar:/home/runner/.m2/repository/com/fasterxml/jackson/jaxrs/jackson-jaxrs-json-provider/2.13.4/jackson-jaxrs-json-provider-2.13.4.jar:/home/runner/.m2/repository/com/fasterxml/jackson/jaxrs/jackson-jaxrs-base/2.13.4/jackson-jaxrs-base-2.13.4.jar:/home/runner/.m2/repository/org/apache/hadoop/hadoop-yarn-client/3.3.4/hadoop-yarn-client-3.3.4.jar:/home/runner/.m2/repository/org/eclipse/jetty/websocket/websocket-client/9.4.43.v20210629/websocket-client-9.4.43.v20210629.jar:/home/runner/.m2/repository/org/eclipse/jetty/websocket/websocket-common/9.4.43.v20210629/websocket-common-9.4.43.v20210629.jar:/home/runner/.m2/repository/org/eclipse/jetty/websocket/websocket-api/9.4.43.v20210629/websocket-api-9.4.43.v20210629.jar:/home/runner/.m2/repository/org/jline/jline/3.9.0/jline-3.9.0.jar:/home/runner/.m2/repository/org/apache/hadoop/hadoop-mapreduce-client-core/3.3.4/hadoop-mapreduce-client-core-3.3.4.jar:/home/runner/.m2/repository/org/apache/avro/avro/1.7.7/avro-1.7.7.jar:/home/runner/.m2/repository/org/codehaus/jackson/jackson-core-asl/1.9.13/jackson-core-asl-1.9.13.jar:/home/runner/.m2/repository/org/codehaus/jackson/jackson-mapper-asl/1.9.13/jackson-mapper-asl-1.9.13.jar:/home/runner/.m2/repository/com/thoughtworks/paranamer/paranamer/2.3/paranamer-2.3.jar:/home/runner/.m2/repository/org/apache/hadoop/hadoop-annotations/3.3.4/hadoop-annotations-3.3.4.jar:/usr/lib/jvm/temurin-8-jdk-amd64/jre/../lib/tools.jar:/home/runner/.m2/repository/io/netty/netty/3.10.6.Final/netty-3.10.6.Final.jar:/home/runner/.m2/repository/org/apache/hadoop/hadoop-distcp/3.3.4/hadoop-distcp-3.3.4-tests.jar:/home/runner/.m2/repository/org/slf4j/jul-to-slf4j/1.7.36/jul-to-slf4j-1.7.36.jar:/home/runner/.m2/repository/org/apache/ratis/ratis-common/2.4.2-8b8bdda-SNAPSHOT/ratis-common-2.4.2-8b8bdda-SNAPSHOT.jar:/home/runner/.m2/repository/org/apache/ratis/ratis-thirdparty-misc/1.0.3/ratis-thirdparty-misc-1.0.3.jar:/home/runner/.m2/repository/org/apache/ratis/ratis-proto/2.4.2-8b8bdda-SNAPSHOT/ratis-proto-2.4.2-8b8bdda-SNAPSHOT.jar:"/>
    <property name="sun.cpu.endian" value="little"/>
    <property name="user.home" value="/home/runner"/>
    <property name="user.language" value="en"/>
    <property name="java.specification.vendor" value="Oracle Corporation"/>
    <property name="java.home" value="/usr/lib/jvm/temurin-8-jdk-amd64/jre"/>
    <property name="java.security.krb5.conf" value="/home/runner/work/ozone/ozone/hadoop-ozone/integration-test/target/test-classes/krb5.conf"/>
    <property name="basedir" value="/home/runner/work/ozone/ozone/hadoop-ozone/integration-test"/>
    <property name="file.separator" value="/"/>
    <property name="line.separator" value="&#10;"/>
    <property name="java.vm.specification.vendor" value="Oracle Corporation"/>
    <property name="java.specification.name" value="Java Platform API Specification"/>
    <property name="java.awt.graphicsenv" value="sun.awt.X11GraphicsEnvironment"/>
    <property name="skip.installnpx" value="true"/>
    <property name="surefire.real.class.path" value="/home/runner/work/ozone/ozone/hadoop-ozone/integration-test/target/surefire/surefirebooter3247710303999956493.jar:/home/runner/.m2/repository/org/jacoco/org.jacoco.agent/0.8.5/org.jacoco.agent-0.8.5-runtime.jar"/>
    <property name="hadoop.log.dir" value="/home/runner/work/ozone/ozone/hadoop-ozone/integration-test/target/log"/>
    <property name="sun.boot.class.path" value="/usr/lib/jvm/temurin-8-jdk-amd64/jre/lib/resources.jar:/usr/lib/jvm/temurin-8-jdk-amd64/jre/lib/rt.jar:/usr/lib/jvm/temurin-8-jdk-amd64/jre/lib/sunrsasign.jar:/usr/lib/jvm/temurin-8-jdk-amd64/jre/lib/jsse.jar:/usr/lib/jvm/temurin-8-jdk-amd64/jre/lib/jce.jar:/usr/lib/jvm/temurin-8-jdk-amd64/jre/lib/charsets.jar:/usr/lib/jvm/temurin-8-jdk-amd64/jre/lib/jfr.jar:/usr/lib/jvm/temurin-8-jdk-amd64/jre/classes"/>
    <property name="sun.management.compiler" value="HotSpot 64-Bit Tiered Compilers"/>
    <property name="skip.npx" value="true"/>
    <property name="java.runtime.version" value="1.8.0_352-b08"/>
    <property name="java.net.preferIPv4Stack" value="true"/>
    <property name="user.name" value="runner"/>
    <property name="path.separator" value=":"/>
    <property name="java.security.egd" value="file:///dev/urandom"/>
    <property name="os.version" value="5.15.0-1031-azure"/>
    <property name="java.endorsed.dirs" value="/usr/lib/jvm/temurin-8-jdk-amd64/jre/lib/endorsed"/>
    <property name="java.runtime.name" value="OpenJDK Runtime Environment"/>
    <property name="file.encoding" value="UTF-8"/>
    <property name="java.vm.name" value="OpenJDK 64-Bit Server VM"/>
    <property name="test.build.webapps" value=""/>
    <property name="localRepository" value="/home/runner/.m2/repository"/>
    <property name="jetty.git.hash" value="4231a3b2e4cb8548a412a789936d640a97b1aa0a"/>
    <property name="java.vendor.url.bug" value="https://github.com/adoptium/adoptium-support/issues"/>
    <property name="java.io.tmpdir" value="/tmp"/>
    <property name="require.test.libhadoop" value=""/>
    <property name="java.version" value="1.8.0_352"/>
    <property name="user.dir" value="/home/runner/work/ozone/ozone/hadoop-ozone/integration-test"/>
    <property name="os.arch" value="amd64"/>
    <property name="java.vm.specification.name" value="Java Virtual Machine Specification"/>
    <property name="test.build.classes" value="/home/runner/work/ozone/ozone/hadoop-ozone/integration-test/target/test-classes"/>
    <property name="java.awt.printerjob" value="sun.print.PSPrinterJob"/>
    <property name="sun.os.patch.level" value="unknown"/>
    <property name="org.apache.ratis.thirdparty.io.netty.allocator.useCacheForAllThreads" value="false"/>
    <property name="hadoop.tmp.dir" value="/home/runner/work/ozone/ozone/hadoop-ozone/integration-test/target/tmp"/>
    <property name="java.library.path" value="/usr/java/packages/lib/amd64:/usr/lib64:/lib64:/lib:/usr/lib"/>
    <property name="java.vm.info" value="mixed mode"/>
    <property name="java.vendor" value="Temurin"/>
    <property name="java.vm.version" value="25.352-b08"/>
    <property name="java.specification.maintenance.version" value="4"/>
    <property name="java.ext.dirs" value="/usr/lib/jvm/temurin-8-jdk-amd64/jre/lib/ext:/usr/java/packages/lib/ext"/>
    <property name="sun.io.unicode.encoding" value="UnicodeLittle"/>
    <property name="java.class.version" value="52.0"/>
  </properties>
  <testcase name="testFlushChunk" classname="org.apache.hadoop.ozone.client.rpc.TestBlockOutputStreamFlushDelay" time="0.834">
    <system-out><![CDATA[2023-01-25 10:22:39,455 [main] WARN  server.ServerUtils (ServerUtils.java:getScmDbDir(148)) - ozone.scm.db.dirs is not configured. We recommend adding this setting. Falling back to ozone.metadata.dirs instead.
2023-01-25 10:22:39,548 [main] WARN  server.ServerUtils (ServerUtils.java:getScmDbDir(148)) - ozone.scm.db.dirs is not configured. We recommend adding this setting. Falling back to ozone.metadata.dirs instead.
2023-01-25 10:22:39,554 [main] INFO  ha.SCMHANodeDetails (SCMHANodeDetails.java:loadSCMHAConfig(209)) - ServiceID for StorageContainerManager is null
2023-01-25 10:22:39,569 [main] WARN  ha.SCMHANodeDetails (SCMHANodeDetails.java:validateSCMHAConfig(182)) - Invalid config ozone.scm.ratis.enable. The config was not specified, but the default value true conflicts with the expected config value false. Falling back to the expected value. Current State of SCM: SCM is running in Non-HA without Ratis Ratis SCM -> Non Ratis SCM or Non HA SCM -> HA SCM is not supported
2023-01-25 10:22:39,569 [main] INFO  ha.SCMHANodeDetails (SCMHANodeDetails.java:loadSCMHAConfig(214)) - ozone.scm.default.service.id is not defined, falling back to ozone.scm.service.ids to find serviceID for StorageContainerManager if it is HA enabled cluster
2023-01-25 10:22:39,998 [main] WARN  utils.HAUtils (HAUtils.java:getMetaDir(342)) - ozone.scm.db.dirs is not configured. We recommend adding this setting. Falling back to ozone.metadata.dirs instead.
2023-01-25 10:22:40,128 [main] WARN  db.DBStoreBuilder (DBStoreBuilder.java:applyDBDefinition(144)) - ozone.scm.db.dirs is not configured. We recommend adding this setting. Falling back to ozone.metadata.dirs instead.
2023-01-25 10:22:40,430 [main] INFO  net.NodeSchemaLoader (NodeSchemaLoader.java:loadSchemaFromFile(129)) - Loading schema from [jar:file:/home/runner/.m2/repository/org/apache/ozone/hdds-common/1.4.0-SNAPSHOT/hdds-common-1.4.0-SNAPSHOT.jar!/network-topology-default.xml]
2023-01-25 10:22:40,431 [main] INFO  net.NodeSchemaLoader (NodeSchemaLoader.java:loadSchema(176)) - Loading network topology layer schema file
2023-01-25 10:22:40,473 [main] INFO  metrics.MetricRegistries (MetricRegistriesLoader.java:load(64)) - Loaded MetricRegistries class org.apache.ratis.metrics.impl.MetricRegistriesImpl
2023-01-25 10:22:40,477 [main] INFO  upgrade.AbstractLayoutVersionManager (AbstractLayoutVersionManager.java:init(83)) - Initializing Layout version manager with metadata layout = DATANODE_SCHEMA_V3 (version = 4), software layout = DATANODE_SCHEMA_V3 (version = 4)
2023-01-25 10:22:40,705 [main] INFO  reflections.Reflections (Reflections.java:scan(232)) - Reflections took 149 ms to scan 7 urls, producing 150 keys and 359 values 
2023-01-25 10:22:40,811 [main] INFO  ha.SequenceIdGenerator (SequenceIdGenerator.java:upgradeToSequenceId(349)) - upgrade localId to 111677748019200000
2023-01-25 10:22:40,811 [main] INFO  ha.SequenceIdGenerator (SequenceIdGenerator.java:upgradeToSequenceId(359)) - upgrade delTxnId to 0
2023-01-25 10:22:40,821 [main] INFO  ha.SequenceIdGenerator (SequenceIdGenerator.java:upgradeToSequenceId(376)) - upgrade containerId to 0
2023-01-25 10:22:40,823 [main] INFO  ha.SequenceIdGenerator (SequenceIdGenerator.java:<init>(220)) - Init the HA SequenceIdGenerator.
2023-01-25 10:22:40,878 [main] INFO  node.SCMNodeManager (SCMNodeManager.java:<init>(149)) - Entering startup safe mode.
2023-01-25 10:22:40,941 [main] INFO  algorithms.ContainerPlacementPolicyFactory (ContainerPlacementPolicyFactory.java:getPolicyInternal(86)) - Create container placement policy of type org.apache.hadoop.hdds.scm.container.placement.algorithms.SCMContainerPlacementRandom
2023-01-25 10:22:40,952 [main] INFO  algorithms.ContainerPlacementPolicyFactory (ContainerPlacementPolicyFactory.java:getPolicyInternal(86)) - Create container placement policy of type org.apache.hadoop.hdds.scm.container.placement.algorithms.SCMContainerPlacementRackScatter
2023-01-25 10:22:40,961 [main] INFO  pipeline.PipelineStateManagerImpl (PipelineStateManagerImpl.java:initialize(78)) - No pipeline exists in current db
2023-01-25 10:22:40,997 [main] INFO  algorithms.LeaderChoosePolicyFactory (LeaderChoosePolicyFactory.java:getPolicy(57)) - Create leader choose policy of type org.apache.hadoop.hdds.scm.pipeline.leader.choose.algorithms.MinLeaderCountChoosePolicy
2023-01-25 10:22:40,998 [main] INFO  algorithms.ContainerPlacementPolicyFactory (ContainerPlacementPolicyFactory.java:getPolicyInternal(86)) - Create container placement policy of type org.apache.hadoop.hdds.scm.container.placement.algorithms.SCMContainerPlacementRackScatter
2023-01-25 10:22:41,005 [main] INFO  ha.SCMServiceManager (SCMServiceManager.java:register(42)) - Registering service BackgroundPipelineCreator.
2023-01-25 10:22:41,005 [main] INFO  pipeline.BackgroundPipelineCreator (BackgroundPipelineCreator.java:start(124)) - Starting RatisPipelineUtilsThread.
2023-01-25 10:22:41,009 [main] INFO  BackgroundPipelineScrubber (BackgroundSCMService.java:start(68)) - Starting BackgroundPipelineScrubber Service.
2023-01-25 10:22:41,009 [main] INFO  ha.SCMServiceManager (SCMServiceManager.java:register(42)) - Registering service BackgroundPipelineScrubber.
2023-01-25 10:22:41,019 [main] INFO  ExpiredContainerReplicaOpScrubber (BackgroundSCMService.java:start(68)) - Starting ExpiredContainerReplicaOpScrubber Service.
2023-01-25 10:22:41,019 [main] INFO  ha.SCMServiceManager (SCMServiceManager.java:register(42)) - Registering service ExpiredContainerReplicaOpScrubber.
2023-01-25 10:22:41,065 [main] INFO  algorithms.PipelineChoosePolicyFactory (PipelineChoosePolicyFactory.java:createPipelineChoosePolicyFromClass(73)) - Create pipeline choose policy of type org.apache.hadoop.hdds.scm.pipeline.choose.algorithms.RandomPipelineChoosePolicy
2023-01-25 10:22:41,083 [main] INFO  ha.SCMServiceManager (SCMServiceManager.java:register(42)) - Registering service SCMBlockDeletingService.
2023-01-25 10:22:41,145 [main] INFO  replication.ReplicationManager (ReplicationManager.java:start(263)) - Starting Replication Monitor Thread.
2023-01-25 10:22:41,153 [main] INFO  ha.SCMServiceManager (SCMServiceManager.java:register(42)) - Registering service ReplicationManager.
2023-01-25 10:22:41,158 [ReplicationMonitor] INFO  replication.ReplicationManager (ReplicationManager.java:processAll(332)) - Replication Manager is not ready to run until 3000ms after safemode exit
2023-01-25 10:22:41,164 [main] INFO  safemode.ContainerSafeModeRule (ContainerSafeModeRule.java:<init>(89)) - containers with one replica threshold count 0
2023-01-25 10:22:41,168 [main] INFO  safemode.HealthyPipelineSafeModeRule (HealthyPipelineSafeModeRule.java:initializeRule(169)) - Total pipeline count is 0, healthy pipeline threshold count is 1
2023-01-25 10:22:41,170 [main] INFO  safemode.OneReplicaPipelineSafeModeRule (OneReplicaPipelineSafeModeRule.java:initializeRule(180)) - Total pipeline count is 0, pipeline's with at least one datanode reported threshold count is 0
2023-01-25 10:22:41,464 [main] INFO  audit.AuditLogger (AuditLogger.java:refreshDebugCmdSet(126)) - Refresh DebugCmdSet for SCMAudit to [].
2023-01-25 10:22:41,492 [main] INFO  ipc.CallQueueManager (CallQueueManager.java:<init>(90)) - Using callQueue: class java.util.concurrent.LinkedBlockingQueue, queueCapacity: 2000, scheduler: class org.apache.hadoop.ipc.DefaultRpcScheduler, ipcBackoff: false.
2023-01-25 10:22:41,525 [Socket Reader #1 for port 0] INFO  ipc.Server (Server.java:run(1273)) - Starting Socket Reader #1 for port 0
2023-01-25 10:22:41,575 [Listener at 0.0.0.0/34593] INFO  audit.AuditLogger (AuditLogger.java:refreshDebugCmdSet(126)) - Refresh DebugCmdSet for SCMAudit to [].
2023-01-25 10:22:41,580 [Listener at 0.0.0.0/34593] INFO  ipc.CallQueueManager (CallQueueManager.java:<init>(90)) - Using callQueue: class java.util.concurrent.LinkedBlockingQueue, queueCapacity: 2000, scheduler: class org.apache.hadoop.ipc.DefaultRpcScheduler, ipcBackoff: false.
2023-01-25 10:22:41,581 [Socket Reader #1 for port 0] INFO  ipc.Server (Server.java:run(1273)) - Starting Socket Reader #1 for port 0
2023-01-25 10:22:41,607 [Listener at 0.0.0.0/35187] INFO  audit.AuditLogger (AuditLogger.java:refreshDebugCmdSet(126)) - Refresh DebugCmdSet for SCMAudit to [].
2023-01-25 10:22:41,617 [Listener at 0.0.0.0/35187] INFO  ipc.CallQueueManager (CallQueueManager.java:<init>(90)) - Using callQueue: class java.util.concurrent.LinkedBlockingQueue, queueCapacity: 2000, scheduler: class org.apache.hadoop.ipc.DefaultRpcScheduler, ipcBackoff: false.
2023-01-25 10:22:41,617 [Socket Reader #1 for port 0] INFO  ipc.Server (Server.java:run(1273)) - Starting Socket Reader #1 for port 0
2023-01-25 10:22:41,662 [Listener at 0.0.0.0/43491] INFO  ha.SCMServiceManager (SCMServiceManager.java:register(42)) - Registering service ContainerBalancer.
2023-01-25 10:22:41,664 [Listener at 0.0.0.0/43491] INFO  server.StorageContainerManager (StorageContainerManager.java:<init>(401)) - 
Container Balancer status:
Key                            Value
Running                        true
Container Balancer Configuration values:
Key                                                Value
Threshold                                          10
Max Datanodes to Involve per Iteration(percent)    20
Max Size to Move per Iteration                     500GB
Max Size Entering Target per Iteration             26GB
Max Size Leaving Source per Iteration              26GB

2023-01-25 10:22:41,665 [Listener at 0.0.0.0/43491] INFO  ha.SCMContext (SCMContext.java:updateSafeModeStatus(228)) - Update SafeModeStatus from SafeModeStatus{safeModeStatus=true, preCheckPassed=false} to SafeModeStatus{safeModeStatus=true, preCheckPassed=false}.
2023-01-25 10:22:41,668 [Listener at 0.0.0.0/43491] INFO  server.StorageContainerManager (StorageContainerManager.java:start(1440)) - StorageContainerLocationProtocol RPC server is listening at /0.0.0.0:43491
2023-01-25 10:22:41,729 [Listener at 0.0.0.0/43491] WARN  impl.MetricsConfig (MetricsConfig.java:loadFirst(136)) - Cannot locate configuration: tried hadoop-metrics2-storagecontainermanager.properties,hadoop-metrics2.properties
2023-01-25 10:22:41,741 [Listener at 0.0.0.0/43491] INFO  impl.MetricsSystemImpl (MetricsSystemImpl.java:startTimer(378)) - Scheduled Metric snapshot period at 10 second(s).
2023-01-25 10:22:41,741 [Listener at 0.0.0.0/43491] INFO  impl.MetricsSystemImpl (MetricsSystemImpl.java:start(191)) - StorageContainerManager metrics system started
2023-01-25 10:22:42,038 [Listener at 0.0.0.0/43491] INFO  server.SCMClientProtocolServer (SCMClientProtocolServer.java:start(170)) - RPC server for Client  is listening at /0.0.0.0:43491
2023-01-25 10:22:42,038 [IPC Server Responder] INFO  ipc.Server (Server.java:run(1512)) - IPC Server Responder: starting
2023-01-25 10:22:42,039 [IPC Server listener on 0] INFO  ipc.Server (Server.java:run(1352)) - IPC Server listener on 0: starting
2023-01-25 10:22:42,046 [Listener at 0.0.0.0/43491] INFO  server.StorageContainerManager (StorageContainerManager.java:start(1454)) - ScmBlockLocationProtocol RPC server is listening at /0.0.0.0:35187
2023-01-25 10:22:42,047 [Listener at 0.0.0.0/43491] INFO  server.SCMBlockProtocolServer (SCMBlockProtocolServer.java:start(152)) - RPC server for Block Protocol is listening at /0.0.0.0:35187
2023-01-25 10:22:42,047 [IPC Server Responder] INFO  ipc.Server (Server.java:run(1512)) - IPC Server Responder: starting
2023-01-25 10:22:42,047 [IPC Server listener on 0] INFO  ipc.Server (Server.java:run(1352)) - IPC Server listener on 0: starting
2023-01-25 10:22:42,050 [Listener at 0.0.0.0/43491] INFO  server.SCMDatanodeProtocolServer (SCMDatanodeProtocolServer.java:start(194)) - ScmDatanodeProtocol RPC server for DataNodes is listening at /0.0.0.0:34593
2023-01-25 10:22:42,050 [IPC Server Responder] INFO  ipc.Server (Server.java:run(1512)) - IPC Server Responder: starting
2023-01-25 10:22:42,051 [IPC Server listener on 0] INFO  ipc.Server (Server.java:run(1352)) - IPC Server listener on 0: starting
2023-01-25 10:22:42,061 [org.apache.hadoop.util.JvmPauseMonitor$Monitor@3986b9e9] INFO  util.JvmPauseMonitor (JvmPauseMonitor.java:run(188)) - Starting JVM pause monitor
2023-01-25 10:22:42,079 [Listener at 0.0.0.0/43491] INFO  http.BaseHttpServer (BaseHttpServer.java:newHttpServer2BuilderForOzone(213)) - Starting Web-server for scm at: http://0.0.0.0:0
2023-01-25 10:22:42,079 [Listener at 0.0.0.0/43491] INFO  http.BaseHttpServer (BaseHttpServer.java:<init>(108)) - Hadoop Security Enabled: false Ozone Security Enabled: false Ozone HTTP Security Enabled: false 
2023-01-25 10:22:42,104 [Listener at 0.0.0.0/43491] INFO  util.log (Log.java:initialized(170)) - Logging initialized @3963ms to org.eclipse.jetty.util.log.Slf4jLog
2023-01-25 10:22:42,206 [Listener at 0.0.0.0/43491] WARN  server.AuthenticationFilter (AuthenticationFilter.java:constructSecretProvider(240)) - Unable to initialize FileSignerSecretProvider, falling back to use random secrets. Reason: Could not read signature secret file: /home/runner/hadoop-http-auth-signature-secret
2023-01-25 10:22:42,212 [Listener at 0.0.0.0/43491] WARN  http.HttpRequestLog (HttpRequestLog.java:getRequestLog(103)) - Jetty request log can only be enabled using Log4j
2023-01-25 10:22:42,217 [Listener at 0.0.0.0/43491] INFO  http.HttpServer2 (HttpServer2.java:addGlobalFilter(1031)) - Added global filter 'safety' (class=org.apache.hadoop.hdds.server.http.HttpServer2$QuotingInputFilter)
2023-01-25 10:22:42,219 [Listener at 0.0.0.0/43491] INFO  http.HttpServer2 (HttpServer2.java:addFilter(1007)) - Added filter static_user_filter (class=org.apache.hadoop.http.lib.StaticUserWebFilter$StaticUserFilter) to context scm
2023-01-25 10:22:42,220 [Listener at 0.0.0.0/43491] INFO  http.HttpServer2 (HttpServer2.java:addFilter(1015)) - Added filter static_user_filter (class=org.apache.hadoop.http.lib.StaticUserWebFilter$StaticUserFilter) to context logs
2023-01-25 10:22:42,220 [Listener at 0.0.0.0/43491] INFO  http.HttpServer2 (HttpServer2.java:addFilter(1015)) - Added filter static_user_filter (class=org.apache.hadoop.http.lib.StaticUserWebFilter$StaticUserFilter) to context static
2023-01-25 10:22:42,256 [Listener at 0.0.0.0/43491] INFO  http.HttpServer2 (HttpServer2.java:bindListener(1250)) - Jetty bound to port 33575
2023-01-25 10:22:42,257 [Listener at 0.0.0.0/43491] INFO  server.Server (Server.java:doStart(375)) - jetty-9.4.49.v20220914; built: 2022-09-14T01:07:36.601Z; git: 4231a3b2e4cb8548a412a789936d640a97b1aa0a; jvm 1.8.0_352-b08
2023-01-25 10:22:42,290 [Listener at 0.0.0.0/43491] INFO  server.session (DefaultSessionIdManager.java:doStart(334)) - DefaultSessionIdManager workerName=node0
2023-01-25 10:22:42,290 [Listener at 0.0.0.0/43491] INFO  server.session (DefaultSessionIdManager.java:doStart(339)) - No SessionScavenger set, using defaults
2023-01-25 10:22:42,292 [Listener at 0.0.0.0/43491] INFO  server.session (HouseKeeper.java:startScavenging(132)) - node0 Scavenging every 600000ms
2023-01-25 10:22:42,306 [Listener at 0.0.0.0/43491] INFO  handler.ContextHandler (ContextHandler.java:doStart(921)) - Started o.e.j.s.ServletContextHandler@4936fbc6{logs,/logs,file:///home/runner/work/ozone/ozone/hadoop-ozone/integration-test/target/log,AVAILABLE}
2023-01-25 10:22:42,307 [Listener at 0.0.0.0/43491] INFO  handler.ContextHandler (ContextHandler.java:doStart(921)) - Started o.e.j.s.ServletContextHandler@fd5c7f6{static,/static,file:///home/runner/work/ozone/ozone/hadoop-ozone/integration-test/target/test-classes/webapps/static,AVAILABLE}
2023-01-25 10:22:42,350 [Listener at 0.0.0.0/43491] INFO  handler.ContextHandler (ContextHandler.java:doStart(921)) - Started o.e.j.w.WebAppContext@212be8c{scm,/,file:///home/runner/work/ozone/ozone/hadoop-ozone/integration-test/target/test-classes/webapps/scm/,AVAILABLE}{file:/home/runner/work/ozone/ozone/hadoop-ozone/integration-test/target/test-classes/webapps/scm}
2023-01-25 10:22:42,358 [Listener at 0.0.0.0/43491] INFO  server.AbstractConnector (AbstractConnector.java:doStart(333)) - Started ServerConnector@18ab513d{HTTP/1.1, (http/1.1)}{0.0.0.0:33575}
2023-01-25 10:22:42,358 [Listener at 0.0.0.0/43491] INFO  server.Server (Server.java:doStart(415)) - Started @4217ms
2023-01-25 10:22:42,360 [Listener at 0.0.0.0/43491] INFO  impl.MetricsSinkAdapter (MetricsSinkAdapter.java:start(204)) - Sink prometheus started
2023-01-25 10:22:42,360 [Listener at 0.0.0.0/43491] INFO  impl.MetricsSystemImpl (MetricsSystemImpl.java:registerSink(305)) - Registered sink prometheus
2023-01-25 10:22:42,361 [Listener at 0.0.0.0/43491] INFO  http.BaseHttpServer (BaseHttpServer.java:updateConnectorAddress(333)) - HTTP server of scm listening at http://0.0.0.0:33575
2023-01-25 10:22:42,363 [Listener at 0.0.0.0/43491] WARN  server.ServerUtils (ServerUtils.java:getDBPath(225)) - ozone.om.db.dirs is not configured. We recommend adding this setting. Falling back to ozone.metadata.dirs instead.
2023-01-25 10:22:42,415 [Listener at 0.0.0.0/43491] INFO  audit.AuditLogger (AuditLogger.java:refreshDebugCmdSet(126)) - Refresh DebugCmdSet for OMAudit to [].
2023-01-25 10:22:42,490 [Listener at 0.0.0.0/43491] INFO  ha.OMHANodeDetails (OMHANodeDetails.java:loadOMHAConfig(115)) - ozone.om.internal.service.id is not defined, falling back to ozone.om.service.ids to find serviceID for OzoneManager if it is HA enabled cluster
2023-01-25 10:22:42,493 [Listener at 0.0.0.0/43491] INFO  ha.OMHANodeDetails (OMHANodeDetails.java:loadOMHAConfig(226)) - Configuration does not have ozone.om.address set. Falling back to the default OM address /127.0.0.1:0
2023-01-25 10:22:42,493 [Listener at 0.0.0.0/43491] INFO  ha.OMHANodeDetails (OMHANodeDetails.java:getOMNodeDetailsForNonHA(254)) - OM Service ID is not set. Setting it to the default ID: omServiceIdDefault
2023-01-25 10:22:42,493 [Listener at 0.0.0.0/43491] INFO  ha.OMHANodeDetails (OMHANodeDetails.java:getOMNodeDetailsForNonHA(261)) - OM Node ID is not set. Setting it to the default ID: om1
2023-01-25 10:22:42,497 [Listener at 0.0.0.0/43491] WARN  server.ServerUtils (ServerUtils.java:getDBPath(225)) - ozone.om.db.dirs is not configured. We recommend adding this setting. Falling back to ozone.metadata.dirs instead.
2023-01-25 10:22:42,500 [Listener at 0.0.0.0/43491] INFO  upgrade.AbstractLayoutVersionManager (AbstractLayoutVersionManager.java:init(83)) - Initializing Layout version manager with metadata layout = MULTITENANCY_SCHEMA (version = 3), software layout = MULTITENANCY_SCHEMA (version = 3)
2023-01-25 10:22:42,596 [Listener at 0.0.0.0/43491] INFO  reflections.Reflections (Reflections.java:scan(232)) - Reflections took 92 ms to scan 2 urls, producing 155 keys and 428 values [using 2 cores]
2023-01-25 10:22:42,600 [Listener at 0.0.0.0/43491] INFO  upgrade.OMLayoutVersionManager (OMLayoutVersionManager.java:lambda$0(115)) - Skipping Upgrade Action MockOmUpgradeAction since it has been finalized.
2023-01-25 10:22:42,601 [Listener at 0.0.0.0/43491] WARN  server.ServerUtils (ServerUtils.java:getDBPath(225)) - ozone.om.db.dirs is not configured. We recommend adding this setting. Falling back to ozone.metadata.dirs instead.
2023-01-25 10:22:42,743 [Listener at 0.0.0.0/43491] INFO  proxy.SCMBlockLocationFailoverProxyProvider (SCMBlockLocationFailoverProxyProvider.java:<init>(114)) - Created block location fail-over proxy with 1 nodes: [nodeId=scmNodeId,nodeAddress=/0.0.0.0:35187]
2023-01-25 10:22:42,773 [Listener at 0.0.0.0/43491] INFO  proxy.SCMBlockLocationFailoverProxyProvider (SCMBlockLocationFailoverProxyProvider.java:<init>(114)) - Created block location fail-over proxy with 1 nodes: [nodeId=scmNodeId,nodeAddress=/0.0.0.0:35187]
2023-01-25 10:22:42,965 [Listener at 0.0.0.0/43491] WARN  server.ServerUtils (ServerUtils.java:getDBPath(225)) - ozone.om.db.dirs is not configured. We recommend adding this setting. Falling back to ozone.metadata.dirs instead.
2023-01-25 10:22:42,972 [Listener at 0.0.0.0/43491] INFO  codec.OmKeyInfoCodec (OmKeyInfoCodec.java:<init>(49)) - OmKeyInfoCodec ignorePipeline = true
2023-01-25 10:22:42,974 [Listener at 0.0.0.0/43491] INFO  codec.RepeatedOmKeyInfoCodec (RepeatedOmKeyInfoCodec.java:<init>(41)) - RepeatedOmKeyInfoCodec ignorePipeline = true
2023-01-25 10:22:43,165 [Listener at 0.0.0.0/43491] INFO  om.OzoneManager (OzoneManager.java:instantiateServices(718)) - S3 Multi-Tenancy is disabled
2023-01-25 10:22:43,264 [Listener at 0.0.0.0/43491] INFO  om.OzoneManager (OzoneManager.java:addS3GVolumeToDB(4310)) - Created Volume s3v With Owner runner required for S3Gateway operations.
2023-01-25 10:22:43,311 [Listener at 0.0.0.0/43491] WARN  server.ServerUtils (ServerUtils.java:getDefaultRatisDirectory(237)) - Storage directory for Ratis is not configured. It is a good idea to map this to an SSD disk. Falling back to ozone.metadata.dirs
2023-01-25 10:22:43,312 [Listener at 0.0.0.0/43491] WARN  utils.OzoneManagerRatisUtils (OzoneManagerRatisUtils.java:getOMRatisSnapshotDirectory(431)) - ozone.om.ratis.snapshot.dir is not configured. Falling back to ozone.metadata.dirs config
2023-01-25 10:22:43,329 [Listener at 0.0.0.0/43491] WARN  server.ServerUtils (ServerUtils.java:getDefaultRatisDirectory(237)) - Storage directory for Ratis is not configured. It is a good idea to map this to an SSD disk. Falling back to ozone.metadata.dirs
2023-01-25 10:22:43,357 [Listener at 0.0.0.0/43491] INFO  ratis.OzoneManagerRatisServer (OzoneManagerRatisServer.java:<init>(160)) - Instantiating OM Ratis server with groupID: omServiceIdDefault and peers: localhost:9872
2023-01-25 10:22:43,364 [Listener at 0.0.0.0/43491] INFO  ratis.OzoneManagerStateMachine (OzoneManagerStateMachine.java:loadSnapshotInfoFromDB(636)) - LastAppliedIndex is set from TransactionInfo from OM DB as (t:0, i:~)
2023-01-25 10:22:43,406 [Listener at 0.0.0.0/43491] INFO  server.RaftServer (ConfUtils.java:logGet(46)) - raft.rpc.type = GRPC (default)
2023-01-25 10:22:43,482 [Listener at 0.0.0.0/43491] INFO  grpc.GrpcConfigKeys (ConfUtils.java:logFallback(53)) - raft.grpc.admin.host = null (fallback to raft.grpc.server.host)
2023-01-25 10:22:43,483 [Listener at 0.0.0.0/43491] INFO  grpc.GrpcConfigKeys (ConfUtils.java:logFallback(53)) - raft.grpc.admin.port = 9872 (fallback to raft.grpc.server.port)
2023-01-25 10:22:43,484 [Listener at 0.0.0.0/43491] INFO  grpc.GrpcConfigKeys (ConfUtils.java:logFallback(53)) - raft.grpc.client.host = null (fallback to raft.grpc.server.host)
2023-01-25 10:22:43,484 [Listener at 0.0.0.0/43491] INFO  grpc.GrpcConfigKeys (ConfUtils.java:logFallback(53)) - raft.grpc.client.port = 9872 (fallback to raft.grpc.server.port)
2023-01-25 10:22:43,484 [Listener at 0.0.0.0/43491] INFO  grpc.GrpcConfigKeys (ConfUtils.java:logGet(46)) - raft.grpc.server.host = null (default)
2023-01-25 10:22:43,484 [Listener at 0.0.0.0/43491] INFO  grpc.GrpcConfigKeys (ConfUtils.java:logGet(46)) - raft.grpc.server.port = 9872 (custom)
2023-01-25 10:22:43,485 [Listener at 0.0.0.0/43491] INFO  server.GrpcService (ConfUtils.java:logGet(46)) - raft.grpc.message.size.max = 33554432 (custom)
2023-01-25 10:22:43,486 [Listener at 0.0.0.0/43491] INFO  server.RaftServerConfigKeys (ConfUtils.java:logGet(46)) - raft.server.log.appender.buffer.byte-limit = 33554432 (custom)
2023-01-25 10:22:43,486 [Listener at 0.0.0.0/43491] INFO  server.GrpcService (ConfUtils.java:logGet(46)) - raft.grpc.flow.control.window = 1MB (=1048576) (default)
2023-01-25 10:22:43,487 [Listener at 0.0.0.0/43491] INFO  server.RaftServerConfigKeys (ConfUtils.java:logGet(46)) - raft.server.rpc.request.timeout = 3000ms (default)
2023-01-25 10:22:43,501 [Listener at 0.0.0.0/43491] INFO  grpc.GrpcConfigKeys (ConfUtils.java:logGet(46)) - raft.grpc.server.heartbeat.channel = true (default)
2023-01-25 10:22:43,504 [Listener at 0.0.0.0/43491] INFO  grpc.GrpcConfigKeys (ConfUtils.java:logGet(46)) - raft.grpc.server.async.request.thread.pool.cached = true (default)
2023-01-25 10:22:43,504 [Listener at 0.0.0.0/43491] INFO  grpc.GrpcConfigKeys (ConfUtils.java:logGet(46)) - raft.grpc.server.async.request.thread.pool.size = 32 (default)
2023-01-25 10:22:43,757 [Listener at 0.0.0.0/43491] INFO  impl.DataStreamServerImpl (ConfUtils.java:logGet(46)) - raft.datastream.type = NETTY (custom)
2023-01-25 10:22:43,777 [Listener at 0.0.0.0/43491] INFO  server.RaftServerConfigKeys (ConfUtils.java:logGet(46)) - raft.server.data-stream.async.request.thread.pool.cached = false (default)
2023-01-25 10:22:43,778 [Listener at 0.0.0.0/43491] INFO  server.RaftServerConfigKeys (ConfUtils.java:logGet(46)) - raft.server.data-stream.async.request.thread.pool.size = 32 (default)
2023-01-25 10:22:43,779 [Listener at 0.0.0.0/43491] INFO  server.RaftServerConfigKeys (ConfUtils.java:logGet(46)) - raft.server.data-stream.async.write.thread.pool.size = 16 (default)
2023-01-25 10:22:43,781 [Listener at 0.0.0.0/43491] INFO  server.RaftServerConfigKeys (ConfUtils.java:logGet(46)) - raft.server.data-stream.client.pool.size = 10 (default)
2023-01-25 10:22:43,787 [Listener at 0.0.0.0/43491] INFO  netty.NettyConfigKeys$DataStream (ConfUtils.java:logGet(46)) - raft.netty.dataStream.server.use-epoll = false (default)
2023-01-25 10:22:43,787 [Listener at 0.0.0.0/43491] INFO  netty.NettyConfigKeys$DataStream (ConfUtils.java:logGet(46)) - raft.netty.dataStream.server.boss-group.size = 0 (default)
2023-01-25 10:22:43,794 [Listener at 0.0.0.0/43491] INFO  netty.NettyConfigKeys$DataStream (ConfUtils.java:logGet(46)) - raft.netty.dataStream.server.worker-group.size = 0 (default)
2023-01-25 10:22:43,795 [Listener at 0.0.0.0/43491] INFO  netty.NettyConfigKeys$DataStream (ConfUtils.java:logGet(46)) - raft.netty.dataStream.server.tls.conf = null (default)
2023-01-25 10:22:43,796 [Listener at 0.0.0.0/43491] INFO  netty.NettyConfigKeys$DataStream (ConfUtils.java:logGet(46)) - raft.netty.dataStream.host = null (default)
2023-01-25 10:22:43,797 [Listener at 0.0.0.0/43491] INFO  netty.NettyConfigKeys$DataStream (ConfUtils.java:logGet(46)) - raft.netty.dataStream.port = 0 (default)
2023-01-25 10:22:43,841 [Listener at 0.0.0.0/43491] INFO  server.RaftServerConfigKeys (ConfUtils.java:logGet(46)) - raft.server.threadpool.proxy.cached = true (default)
2023-01-25 10:22:43,842 [Listener at 0.0.0.0/43491] INFO  server.RaftServerConfigKeys (ConfUtils.java:logGet(46)) - raft.server.threadpool.proxy.size = 0 (default)
2023-01-25 10:22:43,843 [Listener at 0.0.0.0/43491] INFO  server.RaftServerConfigKeys (ConfUtils.java:logGet(46)) - raft.server.rpc.slowness.timeout = 120s (custom)
2023-01-25 10:22:43,843 [Listener at 0.0.0.0/43491] INFO  server.RaftServerConfigKeys (ConfUtils.java:logGet(46)) - raft.server.leaderelection.leader.step-down.wait-time = 10s (default)
2023-01-25 10:22:43,847 [Listener at 0.0.0.0/43491] INFO  server.RaftServerConfigKeys (ConfUtils.java:logGet(46)) - raft.server.storage.dir = [/home/runner/work/ozone/ozone/hadoop-ozone/integration-test/target/test-dir/MiniOzoneClusterImpl-1247b3fc-8c88-4cf7-b93f-ad2be507f780/ozone-meta/ratis] (custom)
2023-01-25 10:22:43,855 [Listener at 0.0.0.0/43491] INFO  server.RaftServer (RaftServerProxy.java:addNew(96)) - om1: addNew group-C5BA1605619E:[om1|rpc:localhost:9872|priority:0|startupRole:FOLLOWER] returns group-C5BA1605619E:java.util.concurrent.CompletableFuture@31e5554e[Not completed]
2023-01-25 10:22:43,855 [Listener at 0.0.0.0/43491] INFO  om.OzoneManager (OzoneManager.java:initializeRatisServer(2002)) - OzoneManager Ratis server initialized at port 9872
2023-01-25 10:22:43,877 [Listener at 0.0.0.0/43491] INFO  om.OzoneManager (OzoneManager.java:getRpcServer(1125)) - Creating RPC Server
2023-01-25 10:22:43,882 [om1-NettyServerStreamRpc-bossGroup--thread1] INFO  logging.LoggingHandler (AbstractInternalLogger.java:log(148)) - [id: 0xddcaa8c1] REGISTERED
2023-01-25 10:22:43,899 [om1-NettyServerStreamRpc-bossGroup--thread1] INFO  logging.LoggingHandler (AbstractInternalLogger.java:log(148)) - [id: 0xddcaa8c1] BIND: 0.0.0.0/0.0.0.0:0
2023-01-25 10:22:43,909 [om1-NettyServerStreamRpc-bossGroup--thread1] INFO  logging.LoggingHandler (AbstractInternalLogger.java:log(148)) - [id: 0xddcaa8c1, L:/0:0:0:0:0:0:0:0:37959] ACTIVE
2023-01-25 10:22:43,910 [pool-54-thread-1] INFO  server.RaftServer$Division (RaftServerImpl.java:<init>(195)) - om1: new RaftServerImpl for group-C5BA1605619E:[om1|rpc:localhost:9872|priority:0|startupRole:FOLLOWER] with OzoneManagerStateMachine:uninitialized
2023-01-25 10:22:43,912 [pool-54-thread-1] INFO  server.RaftServerConfigKeys (ConfUtils.java:logGet(46)) - raft.server.rpc.timeout.min = 1s (custom)
2023-01-25 10:22:43,913 [pool-54-thread-1] INFO  server.RaftServerConfigKeys (ConfUtils.java:logGet(46)) - raft.server.rpc.timeout.max = 1200ms (custom)
2023-01-25 10:22:43,913 [pool-54-thread-1] INFO  server.RaftServerConfigKeys (ConfUtils.java:logGet(46)) - raft.server.rpc.sleep.time = 25ms (default)
2023-01-25 10:22:43,913 [pool-54-thread-1] INFO  server.RaftServerConfigKeys (ConfUtils.java:logGet(46)) - raft.server.rpc.slowness.timeout = 120s (custom)
2023-01-25 10:22:43,913 [pool-54-thread-1] INFO  server.RaftServerConfigKeys (ConfUtils.java:logGet(46)) - raft.server.leaderelection.leader.step-down.wait-time = 10s (default)
2023-01-25 10:22:43,913 [pool-54-thread-1] INFO  server.RaftServerConfigKeys (ConfUtils.java:logGet(46)) - raft.server.sleep.deviation.threshold = 300ms (default)
2023-01-25 10:22:43,934 [pool-54-thread-1] INFO  server.RaftServer$Division (ServerState.java:<init>(118)) - om1@group-C5BA1605619E: ConfigurationManager, init=-1: peers:[om1|rpc:localhost:9872|priority:0|startupRole:FOLLOWER]|listeners:[], old=null, confs=<EMPTY_MAP>
2023-01-25 10:22:43,934 [pool-54-thread-1] INFO  server.RaftServerConfigKeys (ConfUtils.java:logGet(46)) - raft.server.storage.dir = [/home/runner/work/ozone/ozone/hadoop-ozone/integration-test/target/test-dir/MiniOzoneClusterImpl-1247b3fc-8c88-4cf7-b93f-ad2be507f780/ozone-meta/ratis] (custom)
2023-01-25 10:22:43,939 [pool-54-thread-1] INFO  server.RaftServerConfigKeys (ConfUtils.java:logGet(46)) - raft.server.log.corruption.policy = EXCEPTION (default)
2023-01-25 10:22:43,939 [pool-54-thread-1] INFO  server.RaftServerConfigKeys (ConfUtils.java:logGet(46)) - raft.server.storage.free-space.min = 0MB (=0) (default)
2023-01-25 10:22:43,959 [pool-54-thread-1] INFO  server.RaftServerConfigKeys (ConfUtils.java:logGet(46)) - raft.server.notification.no-leader.timeout = 120s (custom)
2023-01-25 10:22:43,961 [pool-54-thread-1] INFO  server.RaftServerConfigKeys (ConfUtils.java:logGet(46)) - raft.server.retrycache.expirytime = 300s (custom)
2023-01-25 10:22:43,961 [pool-54-thread-1] INFO  server.RaftServerConfigKeys (ConfUtils.java:logGet(46)) - raft.server.retrycache.statistics.expirytime = 100μs (default)
2023-01-25 10:22:44,075 [pool-54-thread-1] INFO  server.RaftServerConfigKeys (ConfUtils.java:logGet(46)) - raft.server.log.appender.install.snapshot.enabled = false (custom)
2023-01-25 10:22:44,076 [pool-54-thread-1] INFO  server.RaftServerConfigKeys (ConfUtils.java:logGet(46)) - raft.server.threadpool.server.cached = true (default)
2023-01-25 10:22:44,077 [pool-54-thread-1] INFO  server.RaftServerConfigKeys (ConfUtils.java:logGet(46)) - raft.server.threadpool.server.size = 0 (default)
2023-01-25 10:22:44,077 [pool-54-thread-1] INFO  server.RaftServerConfigKeys (ConfUtils.java:logGet(46)) - raft.server.threadpool.client.cached = true (default)
2023-01-25 10:22:44,079 [pool-54-thread-1] INFO  server.RaftServerConfigKeys (ConfUtils.java:logGet(46)) - raft.server.threadpool.client.size = 0 (default)
2023-01-25 10:22:44,599 [Listener at 0.0.0.0/43491] INFO  reflections.Reflections (Reflections.java:scan(232)) - Reflections took 619 ms to scan 19 urls, producing 67 keys and 4585 values [using 2 cores]
2023-01-25 10:22:44,873 [Listener at 0.0.0.0/43491] INFO  ipc.CallQueueManager (CallQueueManager.java:<init>(90)) - Using callQueue: class java.util.concurrent.LinkedBlockingQueue, queueCapacity: 2000, scheduler: class org.apache.hadoop.ipc.DefaultRpcScheduler, ipcBackoff: false.
2023-01-25 10:22:44,874 [Socket Reader #1 for port 0] INFO  ipc.Server (Server.java:run(1273)) - Starting Socket Reader #1 for port 0
2023-01-25 10:22:44,898 [Listener at 127.0.0.1/33329] INFO  impl.MetricsSystemImpl (MetricsSystemImpl.java:init(158)) - OzoneManager metrics system started (again)
2023-01-25 10:22:44,910 [Listener at 127.0.0.1/33329] INFO  om.OzoneManager (OzoneManager.java:start(1509)) - OzoneManager RPC server is listening at localhost/127.0.0.1:33329
2023-01-25 10:22:44,910 [Listener at 127.0.0.1/33329] INFO  ratis.OzoneManagerRatisServer (OzoneManagerRatisServer.java:start(555)) - Starting OzoneManagerRatisServer om1 at port 9872
2023-01-25 10:22:44,913 [om1-impl-thread1] INFO  storage.RaftStorageDirectory (RaftStorageDirectoryImpl.java:analyzeStorage(137)) - The storage directory /home/runner/work/ozone/ozone/hadoop-ozone/integration-test/target/test-dir/MiniOzoneClusterImpl-1247b3fc-8c88-4cf7-b93f-ad2be507f780/ozone-meta/ratis/bf265839-605b-3f16-9796-c5ba1605619e does not exist. Creating ...
2023-01-25 10:22:44,918 [om1-impl-thread1] INFO  storage.RaftStorageDirectory (RaftStorageDirectoryImpl.java:tryLock(231)) - Lock on /home/runner/work/ozone/ozone/hadoop-ozone/integration-test/target/test-dir/MiniOzoneClusterImpl-1247b3fc-8c88-4cf7-b93f-ad2be507f780/ozone-meta/ratis/bf265839-605b-3f16-9796-c5ba1605619e/in_use.lock acquired by nodename 69329@fv-az462-827
2023-01-25 10:22:44,925 [om1-impl-thread1] INFO  storage.RaftStorage (RaftStorageImpl.java:format(96)) - Storage directory /home/runner/work/ozone/ozone/hadoop-ozone/integration-test/target/test-dir/MiniOzoneClusterImpl-1247b3fc-8c88-4cf7-b93f-ad2be507f780/ozone-meta/ratis/bf265839-605b-3f16-9796-c5ba1605619e has been successfully formatted.
2023-01-25 10:22:44,927 [om1-impl-thread1] INFO  server.RaftServerConfigKeys (ConfUtils.java:logGet(46)) - raft.server.log.use.memory = false (default)
2023-01-25 10:22:44,933 [om1-impl-thread1] INFO  server.RaftServerConfigKeys (ConfUtils.java:logGet(46)) - raft.server.log.purge.gap = 1000000 (custom)
2023-01-25 10:22:44,933 [om1-impl-thread1] INFO  server.RaftServerConfigKeys (ConfUtils.java:logGet(46)) - raft.server.log.appender.buffer.byte-limit = 33554432 (custom)
2023-01-25 10:22:44,935 [om1-impl-thread1] INFO  server.RaftServerConfigKeys (ConfUtils.java:logGet(46)) - raft.server.log.statemachine.data.read.timeout = 1000ms (default)
2023-01-25 10:22:44,936 [om1-impl-thread1] INFO  server.RaftServerConfigKeys (ConfUtils.java:logGet(46)) - raft.server.log.purge.preservation.log.num = 0 (default)
2023-01-25 10:22:44,938 [om1-impl-thread1] INFO  server.RaftServerConfigKeys (ConfUtils.java:logGet(46)) - raft.server.log.segment.size.max = 4194304 (custom)
2023-01-25 10:22:44,943 [om1-impl-thread1] INFO  server.RaftServerConfigKeys (ConfUtils.java:logGet(46)) - raft.server.log.segment.cache.num.max = 2 (custom)
2023-01-25 10:22:44,944 [om1-impl-thread1] INFO  server.RaftServerConfigKeys (ConfUtils.java:logGet(46)) - raft.server.log.segment.cache.size.max = 200MB (=209715200) (default)
2023-01-25 10:22:44,949 [om1-impl-thread1] INFO  segmented.SegmentedRaftLogWorker (SegmentedRaftLogWorker.java:<init>(189)) - new om1@group-C5BA1605619E-SegmentedRaftLogWorker for RaftStorageImpl:Storage Directory /home/runner/work/ozone/ozone/hadoop-ozone/integration-test/target/test-dir/MiniOzoneClusterImpl-1247b3fc-8c88-4cf7-b93f-ad2be507f780/ozone-meta/ratis/bf265839-605b-3f16-9796-c5ba1605619e
2023-01-25 10:22:44,949 [om1-impl-thread1] INFO  server.RaftServerConfigKeys (ConfUtils.java:logGet(46)) - raft.server.log.queue.byte-limit = 64MB (=67108864) (default)
2023-01-25 10:22:44,949 [om1-impl-thread1] INFO  server.RaftServerConfigKeys (ConfUtils.java:logGet(46)) - raft.server.log.queue.element-limit = 4096 (default)
2023-01-25 10:22:44,950 [om1-impl-thread1] INFO  server.RaftServerConfigKeys (ConfUtils.java:logGet(46)) - raft.server.log.segment.size.max = 4194304 (custom)
2023-01-25 10:22:44,951 [om1-impl-thread1] INFO  server.RaftServerConfigKeys (ConfUtils.java:logGet(46)) - raft.server.log.preallocated.size = 4194304 (custom)
2023-01-25 10:22:44,951 [om1-impl-thread1] INFO  server.RaftServerConfigKeys (ConfUtils.java:logGet(46)) - raft.server.log.force.sync.num = 128 (default)
2023-01-25 10:22:44,952 [om1-impl-thread1] INFO  server.RaftServerConfigKeys (ConfUtils.java:logGet(46)) - raft.server.log.statemachine.data.sync = true (default)
2023-01-25 10:22:44,952 [om1-impl-thread1] INFO  server.RaftServerConfigKeys (ConfUtils.java:logGet(46)) - raft.server.log.statemachine.data.sync.timeout = 10s (default)
2023-01-25 10:22:44,952 [om1-impl-thread1] INFO  server.RaftServerConfigKeys (ConfUtils.java:logGet(46)) - raft.server.log.statemachine.data.sync.timeout.retry = -1 (default)
2023-01-25 10:22:44,959 [om1-impl-thread1] INFO  server.RaftServerConfigKeys (ConfUtils.java:logGet(46)) - raft.server.log.write.buffer.size = 64KB (=65536) (default)
2023-01-25 10:22:44,960 [om1-impl-thread1] INFO  server.RaftServerConfigKeys (ConfUtils.java:logGet(46)) - raft.server.log.appender.buffer.byte-limit = 33554432 (custom)
2023-01-25 10:22:44,963 [om1-impl-thread1] INFO  server.RaftServerConfigKeys (ConfUtils.java:logGet(46)) - raft.server.log.unsafe-flush.enabled = false (default)
2023-01-25 10:22:44,963 [om1-impl-thread1] INFO  server.RaftServerConfigKeys (ConfUtils.java:logGet(46)) - raft.server.log.async-flush.enabled = false (default)
2023-01-25 10:22:44,964 [om1-impl-thread1] INFO  server.RaftServerConfigKeys (ConfUtils.java:logGet(46)) - raft.server.log.statemachine.data.caching.enabled = false (default)
2023-01-25 10:22:44,970 [om1-impl-thread1] INFO  segmented.SegmentedRaftLogWorker (SegmentedRaftLogWorker.java:lambda$new$0(135)) - om1@group-C5BA1605619E-SegmentedRaftLogWorker: flushIndex: setUnconditionally 0 -> -1
2023-01-25 10:22:44,970 [om1-impl-thread1] INFO  segmented.SegmentedRaftLogWorker (SegmentedRaftLogWorker.java:lambda$new$0(135)) - om1@group-C5BA1605619E-SegmentedRaftLogWorker: safeCacheEvictIndex: setUnconditionally 0 -> -1
2023-01-25 10:22:44,971 [om1-impl-thread1] INFO  server.RaftServer$Division (RaftServerImpl.java:start(334)) - om1@group-C5BA1605619E: start as a follower, conf=-1: peers:[om1|rpc:localhost:9872|priority:0|startupRole:FOLLOWER]|listeners:[], old=null
2023-01-25 10:22:44,976 [om1-impl-thread1] INFO  server.RaftServer$Division (RaftServerImpl.java:setRole(321)) - om1@group-C5BA1605619E: changes role from      null to FOLLOWER at term 0 for startAsFollower
2023-01-25 10:22:44,978 [om1-impl-thread1] INFO  impl.RoleInfo (RoleInfo.java:updateAndGet(139)) - om1: start om1@group-C5BA1605619E-FollowerState
2023-01-25 10:22:44,984 [om1-impl-thread1] INFO  util.JmxRegister (JmxRegister.java:tryRegister(44)) - Successfully registered JMX Bean with object name Ratis:service=RaftServer,group=group-C5BA1605619E,id=om1
2023-01-25 10:22:44,985 [om1-impl-thread1] INFO  server.RaftServerConfigKeys (ConfUtils.java:logGet(46)) - raft.server.snapshot.auto.trigger.enabled = true (custom)
2023-01-25 10:22:44,986 [om1-impl-thread1] INFO  server.RaftServerConfigKeys (ConfUtils.java:logGet(46)) - raft.server.snapshot.auto.trigger.threshold = 400000 (default)
2023-01-25 10:22:44,986 [om1-impl-thread1] INFO  server.RaftServerConfigKeys (ConfUtils.java:logGet(46)) - raft.server.snapshot.retention.file.num = -1 (default)
2023-01-25 10:22:44,987 [om1@group-C5BA1605619E-FollowerState] INFO  server.RaftServerConfigKeys (ConfUtils.java:logFallback(53)) - raft.server.rpc.first-election.timeout.min = 1s (fallback to raft.server.rpc.timeout.min)
2023-01-25 10:22:44,987 [om1@group-C5BA1605619E-FollowerState] INFO  server.RaftServerConfigKeys (ConfUtils.java:logFallback(53)) - raft.server.rpc.first-election.timeout.max = 1200ms (fallback to raft.server.rpc.timeout.max)
2023-01-25 10:22:44,987 [om1-impl-thread1] INFO  server.RaftServerConfigKeys (ConfUtils.java:logGet(46)) - raft.server.log.purge.upto.snapshot.index = true (custom)
2023-01-25 10:22:44,990 [Listener at 127.0.0.1/33329] INFO  server.RaftServer (RaftServerProxy.java:startImpl(393)) - om1: start RPC server
2023-01-25 10:22:45,004 [Listener at 127.0.0.1/33329] INFO  server.GrpcService (GrpcService.java:startImpl(262)) - om1: GrpcService started, listening on 9872
2023-01-25 10:22:45,011 [Listener at 127.0.0.1/33329] INFO  om.OzoneManager (OzoneManager.java:start(1525)) - Version File has different layout version (3) than OM DB (null). That is expected if this OM has never been finalized to a newer layout version.
2023-01-25 10:22:45,013 [JvmPauseMonitor0] INFO  util.JvmPauseMonitor (JvmPauseMonitor.java:run(105)) - JvmPauseMonitor-om1: Started
2023-01-25 10:22:45,032 [Listener at 127.0.0.1/33329] INFO  http.BaseHttpServer (BaseHttpServer.java:newHttpServer2BuilderForOzone(213)) - Starting Web-server for ozoneManager at: http://0.0.0.0:0
2023-01-25 10:22:45,032 [Listener at 127.0.0.1/33329] INFO  http.BaseHttpServer (BaseHttpServer.java:<init>(108)) - Hadoop Security Enabled: false Ozone Security Enabled: false Ozone HTTP Security Enabled: false 
2023-01-25 10:22:45,033 [Listener at 127.0.0.1/33329] WARN  server.AuthenticationFilter (AuthenticationFilter.java:constructSecretProvider(240)) - Unable to initialize FileSignerSecretProvider, falling back to use random secrets. Reason: Could not read signature secret file: /home/runner/hadoop-http-auth-signature-secret
2023-01-25 10:22:45,036 [Listener at 127.0.0.1/33329] WARN  http.HttpRequestLog (HttpRequestLog.java:getRequestLog(103)) - Jetty request log can only be enabled using Log4j
2023-01-25 10:22:45,038 [Listener at 127.0.0.1/33329] INFO  http.HttpServer2 (HttpServer2.java:addGlobalFilter(1031)) - Added global filter 'safety' (class=org.apache.hadoop.hdds.server.http.HttpServer2$QuotingInputFilter)
2023-01-25 10:22:45,040 [Listener at 127.0.0.1/33329] INFO  http.HttpServer2 (HttpServer2.java:addFilter(1007)) - Added filter static_user_filter (class=org.apache.hadoop.http.lib.StaticUserWebFilter$StaticUserFilter) to context ozoneManager
2023-01-25 10:22:45,040 [Listener at 127.0.0.1/33329] INFO  http.HttpServer2 (HttpServer2.java:addFilter(1015)) - Added filter static_user_filter (class=org.apache.hadoop.http.lib.StaticUserWebFilter$StaticUserFilter) to context logs
2023-01-25 10:22:45,040 [Listener at 127.0.0.1/33329] INFO  http.HttpServer2 (HttpServer2.java:addFilter(1015)) - Added filter static_user_filter (class=org.apache.hadoop.http.lib.StaticUserWebFilter$StaticUserFilter) to context static
2023-01-25 10:22:45,043 [Listener at 127.0.0.1/33329] INFO  http.HttpServer2 (HttpServer2.java:bindListener(1250)) - Jetty bound to port 43335
2023-01-25 10:22:45,044 [Listener at 127.0.0.1/33329] INFO  server.Server (Server.java:doStart(375)) - jetty-9.4.49.v20220914; built: 2022-09-14T01:07:36.601Z; git: 4231a3b2e4cb8548a412a789936d640a97b1aa0a; jvm 1.8.0_352-b08
2023-01-25 10:22:45,051 [Listener at 127.0.0.1/33329] INFO  server.session (DefaultSessionIdManager.java:doStart(334)) - DefaultSessionIdManager workerName=node0
2023-01-25 10:22:45,051 [Listener at 127.0.0.1/33329] INFO  server.session (DefaultSessionIdManager.java:doStart(339)) - No SessionScavenger set, using defaults
2023-01-25 10:22:45,051 [Listener at 127.0.0.1/33329] INFO  server.session (HouseKeeper.java:startScavenging(132)) - node0 Scavenging every 600000ms
2023-01-25 10:22:45,052 [Listener at 127.0.0.1/33329] INFO  handler.ContextHandler (ContextHandler.java:doStart(921)) - Started o.e.j.s.ServletContextHandler@2659add8{logs,/logs,file:///home/runner/work/ozone/ozone/hadoop-ozone/integration-test/target/log,AVAILABLE}
2023-01-25 10:22:45,052 [Listener at 127.0.0.1/33329] INFO  handler.ContextHandler (ContextHandler.java:doStart(921)) - Started o.e.j.s.ServletContextHandler@ec0678{static,/static,file:///home/runner/work/ozone/ozone/hadoop-ozone/integration-test/target/test-classes/webapps/static,AVAILABLE}
2023-01-25 10:22:45,056 [Listener at 127.0.0.1/33329] INFO  handler.ContextHandler (ContextHandler.java:doStart(921)) - Started o.e.j.w.WebAppContext@4d763525{ozoneManager,/,file:///home/runner/work/ozone/ozone/hadoop-ozone/integration-test/target/test-classes/webapps/ozoneManager/,AVAILABLE}{file:/home/runner/work/ozone/ozone/hadoop-ozone/integration-test/target/test-classes/webapps/ozoneManager}
2023-01-25 10:22:45,057 [Listener at 127.0.0.1/33329] INFO  server.AbstractConnector (AbstractConnector.java:doStart(333)) - Started ServerConnector@25dc4d01{HTTP/1.1, (http/1.1)}{0.0.0.0:43335}
2023-01-25 10:22:45,057 [Listener at 127.0.0.1/33329] INFO  server.Server (Server.java:doStart(415)) - Started @6916ms
2023-01-25 10:22:45,057 [Listener at 127.0.0.1/33329] WARN  impl.MetricsSystemImpl (MetricsSystemImpl.java:register(279)) - Sink prometheus already exists!
2023-01-25 10:22:45,058 [Listener at 127.0.0.1/33329] INFO  http.BaseHttpServer (BaseHttpServer.java:updateConnectorAddress(333)) - HTTP server of ozoneManager listening at http://0.0.0.0:43335
2023-01-25 10:22:45,058 [IPC Server Responder] INFO  ipc.Server (Server.java:run(1512)) - IPC Server Responder: starting
2023-01-25 10:22:45,059 [IPC Server listener on 0] INFO  ipc.Server (Server.java:run(1352)) - IPC Server listener on 0: starting
2023-01-25 10:22:45,061 [Listener at 127.0.0.1/33329] INFO  om.OzoneManager (OzoneManager.java:startTrashEmptier(1946)) - Trash Interval set to 0. Files deleted won't move to trash
2023-01-25 10:22:45,071 [org.apache.hadoop.util.JvmPauseMonitor$Monitor@6160714c] INFO  util.JvmPauseMonitor (JvmPauseMonitor.java:run(188)) - Starting JVM pause monitor
2023-01-25 10:22:45,189 [Listener at 127.0.0.1/33329] WARN  impl.MetricRegistriesImpl (MetricRegistriesImpl.java:addReporterRegistration(111)) - New reporters are added after registries were created. Some metrics will be missing from the reporter. Please add reporter before adding any new registry.
2023-01-25 10:22:45,189 [Listener at 127.0.0.1/33329] WARN  impl.MetricRegistriesImpl (MetricRegistriesImpl.java:addReporterRegistration(111)) - New reporters are added after registries were created. Some metrics will be missing from the reporter. Please add reporter before adding any new registry.
2023-01-25 10:22:45,189 [Listener at 127.0.0.1/33329] INFO  impl.MetricsSystemImpl (MetricsSystemImpl.java:init(158)) - HddsDatanode metrics system started (again)
2023-01-25 10:22:45,208 [Listener at 127.0.0.1/33329] INFO  ozone.HddsDatanodeService (HddsDatanodeService.java:start(228)) - HddsDatanodeService host:fv-az462-827.5dk1zbeb1hiuljg1e1zidnqquc.phxx.internal.cloudapp.net ip:10.1.0.14
2023-01-25 10:22:45,249 [Listener at 127.0.0.1/33329] INFO  upgrade.AbstractLayoutVersionManager (AbstractLayoutVersionManager.java:init(83)) - Initializing Layout version manager with metadata layout = DATANODE_SCHEMA_V3 (version = 4), software layout = DATANODE_SCHEMA_V3 (version = 4)
2023-01-25 10:22:45,301 [Listener at 127.0.0.1/33329] INFO  reflections.Reflections (Reflections.java:scan(232)) - Reflections took 49 ms to scan 7 urls, producing 150 keys and 359 values 
2023-01-25 10:22:45,307 [Listener at 127.0.0.1/33329] INFO  statemachine.DatanodeStateMachine (DatanodeStateMachine.java:getEndPointTaskThreadPoolSize(259)) - Datanode State Machine Task Thread Pool size 2
2023-01-25 10:22:45,370 [Listener at 127.0.0.1/33329] INFO  volume.HddsVolume (HddsVolume.java:<init>(117)) - Creating HddsVolume: /home/runner/work/ozone/ozone/hadoop-ozone/integration-test/target/test-dir/MiniOzoneClusterImpl-1247b3fc-8c88-4cf7-b93f-ad2be507f780/datanode-0/data-0/containers/hdds of storage type : DISK capacity : 9223372036854775807
2023-01-25 10:22:45,372 [Listener at 127.0.0.1/33329] INFO  volume.MutableVolumeSet (MutableVolumeSet.java:initializeVolumeSet(174)) - Added Volume : /home/runner/work/ozone/ozone/hadoop-ozone/integration-test/target/test-dir/MiniOzoneClusterImpl-1247b3fc-8c88-4cf7-b93f-ad2be507f780/datanode-0/data-0/containers/hdds to VolumeSet
2023-01-25 10:22:45,373 [Listener at 127.0.0.1/33329] INFO  volume.ThrottledAsyncChecker (ThrottledAsyncChecker.java:schedule(141)) - Scheduling a check for /home/runner/work/ozone/ozone/hadoop-ozone/integration-test/target/test-dir/MiniOzoneClusterImpl-1247b3fc-8c88-4cf7-b93f-ad2be507f780/datanode-0/data-0/containers/hdds
2023-01-25 10:22:45,388 [Listener at 127.0.0.1/33329] INFO  volume.StorageVolumeChecker (StorageVolumeChecker.java:checkAllVolumes(202)) - Scheduled health check for volume /home/runner/work/ozone/ozone/hadoop-ozone/integration-test/target/test-dir/MiniOzoneClusterImpl-1247b3fc-8c88-4cf7-b93f-ad2be507f780/datanode-0/data-0/containers/hdds
2023-01-25 10:22:45,409 [Listener at 127.0.0.1/33329] INFO  volume.MutableVolumeSet (MutableVolumeSet.java:initializeVolumeSet(174)) - Added Volume : /home/runner/work/ozone/ozone/hadoop-ozone/integration-test/target/test-dir/MiniOzoneClusterImpl-1247b3fc-8c88-4cf7-b93f-ad2be507f780/datanode-0/data/ratis to VolumeSet
2023-01-25 10:22:45,409 [Listener at 127.0.0.1/33329] INFO  volume.ThrottledAsyncChecker (ThrottledAsyncChecker.java:schedule(141)) - Scheduling a check for /home/runner/work/ozone/ozone/hadoop-ozone/integration-test/target/test-dir/MiniOzoneClusterImpl-1247b3fc-8c88-4cf7-b93f-ad2be507f780/datanode-0/data/ratis
2023-01-25 10:22:45,410 [Listener at 127.0.0.1/33329] INFO  volume.StorageVolumeChecker (StorageVolumeChecker.java:checkAllVolumes(202)) - Scheduled health check for volume /home/runner/work/ozone/ozone/hadoop-ozone/integration-test/target/test-dir/MiniOzoneClusterImpl-1247b3fc-8c88-4cf7-b93f-ad2be507f780/datanode-0/data/ratis
2023-01-25 10:22:45,435 [Thread-136] INFO  ozoneimpl.ContainerReader (ContainerReader.java:readVolume(175)) - Finish verifying containers on volume /home/runner/work/ozone/ozone/hadoop-ozone/integration-test/target/test-dir/MiniOzoneClusterImpl-1247b3fc-8c88-4cf7-b93f-ad2be507f780/datanode-0/data-0/containers/hdds
2023-01-25 10:22:45,435 [Listener at 127.0.0.1/33329] INFO  ozoneimpl.OzoneContainer (OzoneContainer.java:buildContainerSet(305)) - Build ContainerSet costs 0s
2023-01-25 10:22:45,483 [Listener at 127.0.0.1/33329] INFO  audit.AuditLogger (AuditLogger.java:refreshDebugCmdSet(126)) - Refresh DebugCmdSet for DNAudit to [].
2023-01-25 10:22:45,509 [Listener at 127.0.0.1/33329] INFO  server.RaftServer (ConfUtils.java:logGet(46)) - raft.rpc.type = GRPC (default)
2023-01-25 10:22:45,510 [Listener at 127.0.0.1/33329] INFO  grpc.GrpcConfigKeys (ConfUtils.java:logFallback(53)) - raft.grpc.admin.host = null (fallback to raft.grpc.server.host)
2023-01-25 10:22:45,510 [Listener at 127.0.0.1/33329] INFO  grpc.GrpcConfigKeys (ConfUtils.java:logGet(46)) - raft.grpc.admin.port = 0 (custom)
2023-01-25 10:22:45,510 [Listener at 127.0.0.1/33329] INFO  grpc.GrpcConfigKeys (ConfUtils.java:logFallback(53)) - raft.grpc.client.host = null (fallback to raft.grpc.server.host)
2023-01-25 10:22:45,514 [Listener at 127.0.0.1/33329] INFO  grpc.GrpcConfigKeys (ConfUtils.java:logGet(46)) - raft.grpc.client.port = 0 (custom)
2023-01-25 10:22:45,519 [Listener at 127.0.0.1/33329] INFO  grpc.GrpcConfigKeys (ConfUtils.java:logGet(46)) - raft.grpc.server.host = null (default)
2023-01-25 10:22:45,519 [Listener at 127.0.0.1/33329] INFO  grpc.GrpcConfigKeys (ConfUtils.java:logGet(46)) - raft.grpc.server.port = 0 (default)
2023-01-25 10:22:45,519 [Listener at 127.0.0.1/33329] INFO  server.GrpcService (ConfUtils.java:logGet(46)) - raft.grpc.message.size.max = 32MB (=33554432) (custom)
2023-01-25 10:22:45,519 [Listener at 127.0.0.1/33329] INFO  server.RaftServerConfigKeys (ConfUtils.java:logGet(46)) - raft.server.log.appender.buffer.byte-limit = 33554432 (custom)
2023-01-25 10:22:45,519 [Listener at 127.0.0.1/33329] INFO  server.GrpcService (ConfUtils.java:logGet(46)) - raft.grpc.flow.control.window = 5MB (=5242880) (custom)
2023-01-25 10:22:45,520 [Listener at 127.0.0.1/33329] INFO  server.RaftServerConfigKeys (ConfUtils.java:logGet(46)) - raft.server.rpc.request.timeout = 60s (custom)
2023-01-25 10:22:45,520 [Listener at 127.0.0.1/33329] INFO  grpc.GrpcConfigKeys (ConfUtils.java:logGet(46)) - raft.grpc.server.heartbeat.channel = true (default)
2023-01-25 10:22:45,521 [Listener at 127.0.0.1/33329] INFO  grpc.GrpcConfigKeys (ConfUtils.java:logGet(46)) - raft.grpc.server.async.request.thread.pool.cached = true (default)
2023-01-25 10:22:45,521 [Listener at 127.0.0.1/33329] INFO  grpc.GrpcConfigKeys (ConfUtils.java:logGet(46)) - raft.grpc.server.async.request.thread.pool.size = 32 (default)
2023-01-25 10:22:45,523 [Listener at 127.0.0.1/33329] INFO  impl.DataStreamServerImpl (ConfUtils.java:logGet(46)) - raft.datastream.type = NETTY (custom)
2023-01-25 10:22:45,523 [Listener at 127.0.0.1/33329] INFO  server.RaftServerConfigKeys (ConfUtils.java:logGet(46)) - raft.server.data-stream.async.request.thread.pool.cached = false (default)
2023-01-25 10:22:45,524 [Listener at 127.0.0.1/33329] INFO  server.RaftServerConfigKeys (ConfUtils.java:logGet(46)) - raft.server.data-stream.async.request.thread.pool.size = 20 (custom)
2023-01-25 10:22:45,524 [Listener at 127.0.0.1/33329] INFO  server.RaftServerConfigKeys (ConfUtils.java:logGet(46)) - raft.server.data-stream.async.write.thread.pool.size = 16 (default)
2023-01-25 10:22:45,524 [Listener at 127.0.0.1/33329] INFO  server.RaftServerConfigKeys (ConfUtils.java:logGet(46)) - raft.server.data-stream.client.pool.size = 10 (default)
2023-01-25 10:22:45,524 [Listener at 127.0.0.1/33329] INFO  netty.NettyConfigKeys$DataStream (ConfUtils.java:logGet(46)) - raft.netty.dataStream.server.use-epoll = false (default)
2023-01-25 10:22:45,524 [Listener at 127.0.0.1/33329] INFO  netty.NettyConfigKeys$DataStream (ConfUtils.java:logGet(46)) - raft.netty.dataStream.server.boss-group.size = 0 (default)
2023-01-25 10:22:45,525 [Listener at 127.0.0.1/33329] INFO  netty.NettyConfigKeys$DataStream (ConfUtils.java:logGet(46)) - raft.netty.dataStream.server.worker-group.size = 0 (default)
2023-01-25 10:22:45,538 [Listener at 127.0.0.1/33329] INFO  netty.NettyConfigKeys$DataStream (ConfUtils.java:logGet(46)) - raft.netty.dataStream.server.tls.conf = null (default)
2023-01-25 10:22:45,539 [Listener at 127.0.0.1/33329] INFO  netty.NettyConfigKeys$DataStream (ConfUtils.java:logGet(46)) - raft.netty.dataStream.host = null (default)
2023-01-25 10:22:45,539 [Listener at 127.0.0.1/33329] INFO  netty.NettyConfigKeys$DataStream (ConfUtils.java:logGet(46)) - raft.netty.dataStream.port = 0 (default)
2023-01-25 10:22:45,539 [Listener at 127.0.0.1/33329] INFO  server.RaftServerConfigKeys (ConfUtils.java:logGet(46)) - raft.server.threadpool.proxy.cached = true (default)
2023-01-25 10:22:45,539 [Listener at 127.0.0.1/33329] INFO  server.RaftServerConfigKeys (ConfUtils.java:logGet(46)) - raft.server.threadpool.proxy.size = 0 (default)
2023-01-25 10:22:45,539 [Listener at 127.0.0.1/33329] INFO  server.RaftServerConfigKeys (ConfUtils.java:logGet(46)) - raft.server.rpc.slowness.timeout = 300s (custom)
2023-01-25 10:22:45,539 [Listener at 127.0.0.1/33329] INFO  server.RaftServerConfigKeys (ConfUtils.java:logGet(46)) - raft.server.leaderelection.leader.step-down.wait-time = 10s (default)
2023-01-25 10:22:45,540 [Listener at 127.0.0.1/33329] INFO  server.RaftServerConfigKeys (ConfUtils.java:logGet(46)) - raft.server.storage.dir = [/home/runner/work/ozone/ozone/hadoop-ozone/integration-test/target/test-dir/MiniOzoneClusterImpl-1247b3fc-8c88-4cf7-b93f-ad2be507f780/datanode-0/data/ratis] (custom)
2023-01-25 10:22:45,542 [247f50ea-8ddf-4819-a598-e87ef509e8f6-NettyServerStreamRpc-bossGroup--thread1] INFO  logging.LoggingHandler (AbstractInternalLogger.java:log(148)) - [id: 0x1d24c8bd] REGISTERED
2023-01-25 10:22:45,542 [247f50ea-8ddf-4819-a598-e87ef509e8f6-NettyServerStreamRpc-bossGroup--thread1] INFO  logging.LoggingHandler (AbstractInternalLogger.java:log(148)) - [id: 0x1d24c8bd] BIND: 0.0.0.0/0.0.0.0:0
2023-01-25 10:22:45,542 [247f50ea-8ddf-4819-a598-e87ef509e8f6-NettyServerStreamRpc-bossGroup--thread1] INFO  logging.LoggingHandler (AbstractInternalLogger.java:log(148)) - [id: 0x1d24c8bd, L:/0:0:0:0:0:0:0:0:34525] ACTIVE
2023-01-25 10:22:45,566 [Listener at 127.0.0.1/33329] INFO  server.XceiverServerGrpc (XceiverServerGrpc.java:<init>(132)) - GrpcServer channel type EpollServerSocketChannel
2023-01-25 10:22:45,631 [Listener at 127.0.0.1/33329] INFO  http.BaseHttpServer (BaseHttpServer.java:newHttpServer2BuilderForOzone(213)) - Starting Web-server for hddsDatanode at: http://0.0.0.0:0
2023-01-25 10:22:45,632 [Listener at 127.0.0.1/33329] INFO  http.BaseHttpServer (BaseHttpServer.java:<init>(108)) - Hadoop Security Enabled: false Ozone Security Enabled: false Ozone HTTP Security Enabled: false 
2023-01-25 10:22:45,633 [Listener at 127.0.0.1/33329] WARN  server.AuthenticationFilter (AuthenticationFilter.java:constructSecretProvider(240)) - Unable to initialize FileSignerSecretProvider, falling back to use random secrets. Reason: Could not read signature secret file: /home/runner/hadoop-http-auth-signature-secret
2023-01-25 10:22:45,635 [Listener at 127.0.0.1/33329] WARN  http.HttpRequestLog (HttpRequestLog.java:getRequestLog(103)) - Jetty request log can only be enabled using Log4j
2023-01-25 10:22:45,636 [Listener at 127.0.0.1/33329] INFO  http.HttpServer2 (HttpServer2.java:addGlobalFilter(1031)) - Added global filter 'safety' (class=org.apache.hadoop.hdds.server.http.HttpServer2$QuotingInputFilter)
2023-01-25 10:22:45,637 [Listener at 127.0.0.1/33329] INFO  http.HttpServer2 (HttpServer2.java:addFilter(1007)) - Added filter static_user_filter (class=org.apache.hadoop.http.lib.StaticUserWebFilter$StaticUserFilter) to context hddsDatanode
2023-01-25 10:22:45,637 [Listener at 127.0.0.1/33329] INFO  http.HttpServer2 (HttpServer2.java:addFilter(1015)) - Added filter static_user_filter (class=org.apache.hadoop.http.lib.StaticUserWebFilter$StaticUserFilter) to context logs
2023-01-25 10:22:45,637 [Listener at 127.0.0.1/33329] INFO  http.HttpServer2 (HttpServer2.java:addFilter(1015)) - Added filter static_user_filter (class=org.apache.hadoop.http.lib.StaticUserWebFilter$StaticUserFilter) to context static
2023-01-25 10:22:45,638 [Listener at 127.0.0.1/33329] INFO  http.HttpServer2 (HttpServer2.java:bindListener(1250)) - Jetty bound to port 45623
2023-01-25 10:22:45,638 [Listener at 127.0.0.1/33329] INFO  server.Server (Server.java:doStart(375)) - jetty-9.4.49.v20220914; built: 2022-09-14T01:07:36.601Z; git: 4231a3b2e4cb8548a412a789936d640a97b1aa0a; jvm 1.8.0_352-b08
2023-01-25 10:22:45,645 [Listener at 127.0.0.1/33329] INFO  server.session (DefaultSessionIdManager.java:doStart(334)) - DefaultSessionIdManager workerName=node0
2023-01-25 10:22:45,646 [Listener at 127.0.0.1/33329] INFO  server.session (DefaultSessionIdManager.java:doStart(339)) - No SessionScavenger set, using defaults
2023-01-25 10:22:45,646 [Listener at 127.0.0.1/33329] INFO  server.session (HouseKeeper.java:startScavenging(132)) - node0 Scavenging every 660000ms
2023-01-25 10:22:45,647 [Listener at 127.0.0.1/33329] INFO  handler.ContextHandler (ContextHandler.java:doStart(921)) - Started o.e.j.s.ServletContextHandler@46c491c{logs,/logs,file:///home/runner/work/ozone/ozone/hadoop-ozone/integration-test/target/log,AVAILABLE}
2023-01-25 10:22:45,647 [Listener at 127.0.0.1/33329] INFO  handler.ContextHandler (ContextHandler.java:doStart(921)) - Started o.e.j.s.ServletContextHandler@54b70c50{static,/static,jar:file:/home/runner/.m2/repository/org/apache/ozone/hdds-container-service/1.4.0-SNAPSHOT/hdds-container-service-1.4.0-SNAPSHOT.jar!/webapps/static,AVAILABLE}
2023-01-25 10:22:45,870 [Listener at 127.0.0.1/33329] INFO  handler.ContextHandler (ContextHandler.java:doStart(921)) - Started o.e.j.w.WebAppContext@2d11d5e7{hddsDatanode,/,file:///tmp/jetty-0_0_0_0-45623-hdds-container-service-1_4_0-SNAPSHOT_jar-_-any-281415073136909148/webapp/,AVAILABLE}{jar:file:/home/runner/.m2/repository/org/apache/ozone/hdds-container-service/1.4.0-SNAPSHOT/hdds-container-service-1.4.0-SNAPSHOT.jar!/webapps/hddsDatanode}
2023-01-25 10:22:45,872 [Listener at 127.0.0.1/33329] INFO  server.AbstractConnector (AbstractConnector.java:doStart(333)) - Started ServerConnector@10eaa515{HTTP/1.1, (http/1.1)}{0.0.0.0:45623}
2023-01-25 10:22:45,872 [Listener at 127.0.0.1/33329] INFO  server.Server (Server.java:doStart(415)) - Started @7731ms
2023-01-25 10:22:45,872 [Listener at 127.0.0.1/33329] WARN  impl.MetricsSystemImpl (MetricsSystemImpl.java:register(279)) - Sink prometheus already exists!
2023-01-25 10:22:45,872 [Listener at 127.0.0.1/33329] INFO  http.BaseHttpServer (BaseHttpServer.java:updateConnectorAddress(333)) - HTTP server of hddsDatanode listening at http://0.0.0.0:45623
2023-01-25 10:22:45,875 [Listener at 127.0.0.1/33329] WARN  impl.MetricRegistriesImpl (MetricRegistriesImpl.java:addReporterRegistration(111)) - New reporters are added after registries were created. Some metrics will be missing from the reporter. Please add reporter before adding any new registry.
2023-01-25 10:22:45,875 [Listener at 127.0.0.1/33329] WARN  impl.MetricRegistriesImpl (MetricRegistriesImpl.java:addReporterRegistration(111)) - New reporters are added after registries were created. Some metrics will be missing from the reporter. Please add reporter before adding any new registry.
2023-01-25 10:22:45,875 [Listener at 127.0.0.1/33329] INFO  impl.MetricsSystemImpl (MetricsSystemImpl.java:init(158)) - HddsDatanode metrics system started (again)
2023-01-25 10:22:45,880 [Datanode State Machine Daemon Thread] INFO  statemachine.DatanodeStateMachine (DatanodeStateMachine.java:lambda$startDaemon$0(519)) - Ozone container server started.
2023-01-25 10:22:45,896 [org.apache.hadoop.util.JvmPauseMonitor$Monitor@43eb5551] INFO  util.JvmPauseMonitor (JvmPauseMonitor.java:run(188)) - Starting JVM pause monitor
2023-01-25 10:22:45,902 [Listener at 127.0.0.1/33329] INFO  ozone.HddsDatanodeService (HddsDatanodeService.java:start(228)) - HddsDatanodeService host:fv-az462-827.5dk1zbeb1hiuljg1e1zidnqquc.phxx.internal.cloudapp.net ip:10.1.0.14
2023-01-25 10:22:45,935 [Listener at 127.0.0.1/33329] INFO  upgrade.AbstractLayoutVersionManager (AbstractLayoutVersionManager.java:init(83)) - Initializing Layout version manager with metadata layout = DATANODE_SCHEMA_V3 (version = 4), software layout = DATANODE_SCHEMA_V3 (version = 4)
2023-01-25 10:22:45,975 [Datanode State Machine Task Thread - 0] INFO  datanode.InitDatanodeState (InitDatanodeState.java:persistContainerDatanodeDetails(138)) - DatanodeDetails is persisted to /home/runner/work/ozone/ozone/hadoop-ozone/integration-test/target/test-dir/MiniOzoneClusterImpl-1247b3fc-8c88-4cf7-b93f-ad2be507f780/datanode-0/meta/datanode.id
2023-01-25 10:22:46,034 [Listener at 127.0.0.1/33329] INFO  reflections.Reflections (Reflections.java:scan(232)) - Reflections took 95 ms to scan 7 urls, producing 150 keys and 359 values 
2023-01-25 10:22:46,037 [Listener at 127.0.0.1/33329] INFO  statemachine.DatanodeStateMachine (DatanodeStateMachine.java:getEndPointTaskThreadPoolSize(259)) - Datanode State Machine Task Thread Pool size 2
2023-01-25 10:22:46,041 [Listener at 127.0.0.1/33329] INFO  volume.HddsVolume (HddsVolume.java:<init>(117)) - Creating HddsVolume: /home/runner/work/ozone/ozone/hadoop-ozone/integration-test/target/test-dir/MiniOzoneClusterImpl-1247b3fc-8c88-4cf7-b93f-ad2be507f780/datanode-1/data-0/containers/hdds of storage type : DISK capacity : 9223372036854775807
2023-01-25 10:22:46,041 [Listener at 127.0.0.1/33329] INFO  volume.MutableVolumeSet (MutableVolumeSet.java:initializeVolumeSet(174)) - Added Volume : /home/runner/work/ozone/ozone/hadoop-ozone/integration-test/target/test-dir/MiniOzoneClusterImpl-1247b3fc-8c88-4cf7-b93f-ad2be507f780/datanode-1/data-0/containers/hdds to VolumeSet
2023-01-25 10:22:46,042 [Listener at 127.0.0.1/33329] INFO  volume.ThrottledAsyncChecker (ThrottledAsyncChecker.java:schedule(141)) - Scheduling a check for /home/runner/work/ozone/ozone/hadoop-ozone/integration-test/target/test-dir/MiniOzoneClusterImpl-1247b3fc-8c88-4cf7-b93f-ad2be507f780/datanode-1/data-0/containers/hdds
2023-01-25 10:22:46,043 [Listener at 127.0.0.1/33329] INFO  volume.StorageVolumeChecker (StorageVolumeChecker.java:checkAllVolumes(202)) - Scheduled health check for volume /home/runner/work/ozone/ozone/hadoop-ozone/integration-test/target/test-dir/MiniOzoneClusterImpl-1247b3fc-8c88-4cf7-b93f-ad2be507f780/datanode-1/data-0/containers/hdds
2023-01-25 10:22:46,064 [Listener at 127.0.0.1/33329] INFO  volume.MutableVolumeSet (MutableVolumeSet.java:initializeVolumeSet(174)) - Added Volume : /home/runner/work/ozone/ozone/hadoop-ozone/integration-test/target/test-dir/MiniOzoneClusterImpl-1247b3fc-8c88-4cf7-b93f-ad2be507f780/datanode-1/data/ratis to VolumeSet
2023-01-25 10:22:46,064 [Listener at 127.0.0.1/33329] INFO  volume.ThrottledAsyncChecker (ThrottledAsyncChecker.java:schedule(141)) - Scheduling a check for /home/runner/work/ozone/ozone/hadoop-ozone/integration-test/target/test-dir/MiniOzoneClusterImpl-1247b3fc-8c88-4cf7-b93f-ad2be507f780/datanode-1/data/ratis
2023-01-25 10:22:46,065 [Listener at 127.0.0.1/33329] INFO  volume.StorageVolumeChecker (StorageVolumeChecker.java:checkAllVolumes(202)) - Scheduled health check for volume /home/runner/work/ozone/ozone/hadoop-ozone/integration-test/target/test-dir/MiniOzoneClusterImpl-1247b3fc-8c88-4cf7-b93f-ad2be507f780/datanode-1/data/ratis
2023-01-25 10:22:46,076 [Thread-150] INFO  ozoneimpl.ContainerReader (ContainerReader.java:readVolume(175)) - Finish verifying containers on volume /home/runner/work/ozone/ozone/hadoop-ozone/integration-test/target/test-dir/MiniOzoneClusterImpl-1247b3fc-8c88-4cf7-b93f-ad2be507f780/datanode-1/data-0/containers/hdds
2023-01-25 10:22:46,077 [Listener at 127.0.0.1/33329] INFO  ozoneimpl.OzoneContainer (OzoneContainer.java:buildContainerSet(305)) - Build ContainerSet costs 0s
2023-01-25 10:22:46,082 [Listener at 127.0.0.1/33329] INFO  server.RaftServer (ConfUtils.java:logGet(46)) - raft.rpc.type = GRPC (default)
2023-01-25 10:22:46,083 [Listener at 127.0.0.1/33329] INFO  grpc.GrpcConfigKeys (ConfUtils.java:logFallback(53)) - raft.grpc.admin.host = null (fallback to raft.grpc.server.host)
2023-01-25 10:22:46,083 [Listener at 127.0.0.1/33329] INFO  grpc.GrpcConfigKeys (ConfUtils.java:logGet(46)) - raft.grpc.admin.port = 0 (custom)
2023-01-25 10:22:46,083 [Listener at 127.0.0.1/33329] INFO  grpc.GrpcConfigKeys (ConfUtils.java:logFallback(53)) - raft.grpc.client.host = null (fallback to raft.grpc.server.host)
2023-01-25 10:22:46,083 [Listener at 127.0.0.1/33329] INFO  grpc.GrpcConfigKeys (ConfUtils.java:logGet(46)) - raft.grpc.client.port = 0 (custom)
2023-01-25 10:22:46,083 [Listener at 127.0.0.1/33329] INFO  grpc.GrpcConfigKeys (ConfUtils.java:logGet(46)) - raft.grpc.server.host = null (default)
2023-01-25 10:22:46,083 [Listener at 127.0.0.1/33329] INFO  grpc.GrpcConfigKeys (ConfUtils.java:logGet(46)) - raft.grpc.server.port = 0 (default)
2023-01-25 10:22:46,083 [Listener at 127.0.0.1/33329] INFO  server.GrpcService (ConfUtils.java:logGet(46)) - raft.grpc.message.size.max = 32MB (=33554432) (custom)
2023-01-25 10:22:46,083 [Listener at 127.0.0.1/33329] INFO  server.RaftServerConfigKeys (ConfUtils.java:logGet(46)) - raft.server.log.appender.buffer.byte-limit = 33554432 (custom)
2023-01-25 10:22:46,084 [Listener at 127.0.0.1/33329] INFO  server.GrpcService (ConfUtils.java:logGet(46)) - raft.grpc.flow.control.window = 5MB (=5242880) (custom)
2023-01-25 10:22:46,084 [Listener at 127.0.0.1/33329] INFO  server.RaftServerConfigKeys (ConfUtils.java:logGet(46)) - raft.server.rpc.request.timeout = 60s (custom)
2023-01-25 10:22:46,084 [Listener at 127.0.0.1/33329] INFO  grpc.GrpcConfigKeys (ConfUtils.java:logGet(46)) - raft.grpc.server.heartbeat.channel = true (default)
2023-01-25 10:22:46,084 [Listener at 127.0.0.1/33329] INFO  grpc.GrpcConfigKeys (ConfUtils.java:logGet(46)) - raft.grpc.server.async.request.thread.pool.cached = true (default)
2023-01-25 10:22:46,085 [Listener at 127.0.0.1/33329] INFO  grpc.GrpcConfigKeys (ConfUtils.java:logGet(46)) - raft.grpc.server.async.request.thread.pool.size = 32 (default)
2023-01-25 10:22:46,085 [Listener at 127.0.0.1/33329] INFO  impl.DataStreamServerImpl (ConfUtils.java:logGet(46)) - raft.datastream.type = NETTY (custom)
2023-01-25 10:22:46,086 [Listener at 127.0.0.1/33329] INFO  server.RaftServerConfigKeys (ConfUtils.java:logGet(46)) - raft.server.data-stream.async.request.thread.pool.cached = false (default)
2023-01-25 10:22:46,086 [Listener at 127.0.0.1/33329] INFO  server.RaftServerConfigKeys (ConfUtils.java:logGet(46)) - raft.server.data-stream.async.request.thread.pool.size = 20 (custom)
2023-01-25 10:22:46,087 [Listener at 127.0.0.1/33329] INFO  server.RaftServerConfigKeys (ConfUtils.java:logGet(46)) - raft.server.data-stream.async.write.thread.pool.size = 16 (default)
2023-01-25 10:22:46,087 [Listener at 127.0.0.1/33329] INFO  server.RaftServerConfigKeys (ConfUtils.java:logGet(46)) - raft.server.data-stream.client.pool.size = 10 (default)
2023-01-25 10:22:46,087 [Listener at 127.0.0.1/33329] INFO  netty.NettyConfigKeys$DataStream (ConfUtils.java:logGet(46)) - raft.netty.dataStream.server.use-epoll = false (default)
2023-01-25 10:22:46,087 [Listener at 127.0.0.1/33329] INFO  netty.NettyConfigKeys$DataStream (ConfUtils.java:logGet(46)) - raft.netty.dataStream.server.boss-group.size = 0 (default)
2023-01-25 10:22:46,088 [Listener at 127.0.0.1/33329] INFO  netty.NettyConfigKeys$DataStream (ConfUtils.java:logGet(46)) - raft.netty.dataStream.server.worker-group.size = 0 (default)
2023-01-25 10:22:46,088 [Listener at 127.0.0.1/33329] INFO  netty.NettyConfigKeys$DataStream (ConfUtils.java:logGet(46)) - raft.netty.dataStream.server.tls.conf = null (default)
2023-01-25 10:22:46,088 [Listener at 127.0.0.1/33329] INFO  netty.NettyConfigKeys$DataStream (ConfUtils.java:logGet(46)) - raft.netty.dataStream.host = null (default)
2023-01-25 10:22:46,089 [Listener at 127.0.0.1/33329] INFO  netty.NettyConfigKeys$DataStream (ConfUtils.java:logGet(46)) - raft.netty.dataStream.port = 0 (default)
2023-01-25 10:22:46,093 [Listener at 127.0.0.1/33329] INFO  server.RaftServerConfigKeys (ConfUtils.java:logGet(46)) - raft.server.threadpool.proxy.cached = true (default)
2023-01-25 10:22:46,093 [Listener at 127.0.0.1/33329] INFO  server.RaftServerConfigKeys (ConfUtils.java:logGet(46)) - raft.server.threadpool.proxy.size = 0 (default)
2023-01-25 10:22:46,093 [Listener at 127.0.0.1/33329] INFO  server.RaftServerConfigKeys (ConfUtils.java:logGet(46)) - raft.server.rpc.slowness.timeout = 300s (custom)
2023-01-25 10:22:46,093 [Listener at 127.0.0.1/33329] INFO  server.RaftServerConfigKeys (ConfUtils.java:logGet(46)) - raft.server.leaderelection.leader.step-down.wait-time = 10s (default)
2023-01-25 10:22:46,093 [Listener at 127.0.0.1/33329] INFO  server.RaftServerConfigKeys (ConfUtils.java:logGet(46)) - raft.server.storage.dir = [/home/runner/work/ozone/ozone/hadoop-ozone/integration-test/target/test-dir/MiniOzoneClusterImpl-1247b3fc-8c88-4cf7-b93f-ad2be507f780/datanode-1/data/ratis] (custom)
2023-01-25 10:22:46,094 [44d8c728-f44d-4f6f-a402-703b24b0e7ae-NettyServerStreamRpc-bossGroup--thread1] INFO  logging.LoggingHandler (AbstractInternalLogger.java:log(148)) - [id: 0x8cbe6afa] REGISTERED
2023-01-25 10:22:46,094 [44d8c728-f44d-4f6f-a402-703b24b0e7ae-NettyServerStreamRpc-bossGroup--thread1] INFO  logging.LoggingHandler (AbstractInternalLogger.java:log(148)) - [id: 0x8cbe6afa] BIND: 0.0.0.0/0.0.0.0:0
2023-01-25 10:22:46,095 [44d8c728-f44d-4f6f-a402-703b24b0e7ae-NettyServerStreamRpc-bossGroup--thread1] INFO  logging.LoggingHandler (AbstractInternalLogger.java:log(148)) - [id: 0x8cbe6afa, L:/0:0:0:0:0:0:0:0:39589] ACTIVE
2023-01-25 10:22:46,096 [Listener at 127.0.0.1/33329] INFO  server.XceiverServerGrpc (XceiverServerGrpc.java:<init>(132)) - GrpcServer channel type EpollServerSocketChannel
2023-01-25 10:22:46,104 [Listener at 127.0.0.1/33329] INFO  http.BaseHttpServer (BaseHttpServer.java:newHttpServer2BuilderForOzone(213)) - Starting Web-server for hddsDatanode at: http://0.0.0.0:0
2023-01-25 10:22:46,104 [Listener at 127.0.0.1/33329] INFO  http.BaseHttpServer (BaseHttpServer.java:<init>(108)) - Hadoop Security Enabled: false Ozone Security Enabled: false Ozone HTTP Security Enabled: false 
2023-01-25 10:22:46,105 [Listener at 127.0.0.1/33329] WARN  server.AuthenticationFilter (AuthenticationFilter.java:constructSecretProvider(240)) - Unable to initialize FileSignerSecretProvider, falling back to use random secrets. Reason: Could not read signature secret file: /home/runner/hadoop-http-auth-signature-secret
2023-01-25 10:22:46,107 [Listener at 127.0.0.1/33329] WARN  http.HttpRequestLog (HttpRequestLog.java:getRequestLog(103)) - Jetty request log can only be enabled using Log4j
2023-01-25 10:22:46,108 [Listener at 127.0.0.1/33329] INFO  http.HttpServer2 (HttpServer2.java:addGlobalFilter(1031)) - Added global filter 'safety' (class=org.apache.hadoop.hdds.server.http.HttpServer2$QuotingInputFilter)
2023-01-25 10:22:46,109 [Listener at 127.0.0.1/33329] INFO  http.HttpServer2 (HttpServer2.java:addFilter(1007)) - Added filter static_user_filter (class=org.apache.hadoop.http.lib.StaticUserWebFilter$StaticUserFilter) to context hddsDatanode
2023-01-25 10:22:46,109 [Listener at 127.0.0.1/33329] INFO  http.HttpServer2 (HttpServer2.java:addFilter(1015)) - Added filter static_user_filter (class=org.apache.hadoop.http.lib.StaticUserWebFilter$StaticUserFilter) to context static
2023-01-25 10:22:46,109 [Listener at 127.0.0.1/33329] INFO  http.HttpServer2 (HttpServer2.java:addFilter(1015)) - Added filter static_user_filter (class=org.apache.hadoop.http.lib.StaticUserWebFilter$StaticUserFilter) to context logs
2023-01-25 10:22:46,109 [Listener at 127.0.0.1/33329] INFO  http.HttpServer2 (HttpServer2.java:bindListener(1250)) - Jetty bound to port 45695
2023-01-25 10:22:46,109 [Listener at 127.0.0.1/33329] INFO  server.Server (Server.java:doStart(375)) - jetty-9.4.49.v20220914; built: 2022-09-14T01:07:36.601Z; git: 4231a3b2e4cb8548a412a789936d640a97b1aa0a; jvm 1.8.0_352-b08
2023-01-25 10:22:46,119 [Listener at 127.0.0.1/33329] INFO  server.session (DefaultSessionIdManager.java:doStart(334)) - DefaultSessionIdManager workerName=node0
2023-01-25 10:22:46,119 [Listener at 127.0.0.1/33329] INFO  server.session (DefaultSessionIdManager.java:doStart(339)) - No SessionScavenger set, using defaults
2023-01-25 10:22:46,119 [Listener at 127.0.0.1/33329] INFO  server.session (HouseKeeper.java:startScavenging(132)) - node0 Scavenging every 600000ms
2023-01-25 10:22:46,119 [Listener at 127.0.0.1/33329] INFO  handler.ContextHandler (ContextHandler.java:doStart(921)) - Started o.e.j.s.ServletContextHandler@6e97885c{logs,/logs,file:///home/runner/work/ozone/ozone/hadoop-ozone/integration-test/target/log,AVAILABLE}
2023-01-25 10:22:46,120 [Listener at 127.0.0.1/33329] INFO  handler.ContextHandler (ContextHandler.java:doStart(921)) - Started o.e.j.s.ServletContextHandler@6e96db22{static,/static,jar:file:/home/runner/.m2/repository/org/apache/ozone/hdds-container-service/1.4.0-SNAPSHOT/hdds-container-service-1.4.0-SNAPSHOT.jar!/webapps/static,AVAILABLE}
2023-01-25 10:22:46,155 [om1@group-C5BA1605619E-FollowerState] INFO  impl.FollowerState (FollowerState.java:run(143)) - om1@group-C5BA1605619E-FollowerState: change to CANDIDATE, lastRpcElapsedTime:1177745624ns, electionTimeout:1165ms
2023-01-25 10:22:46,156 [om1@group-C5BA1605619E-FollowerState] INFO  impl.RoleInfo (RoleInfo.java:shutdownFollowerState(110)) - om1: shutdown om1@group-C5BA1605619E-FollowerState
2023-01-25 10:22:46,157 [om1@group-C5BA1605619E-FollowerState] INFO  server.RaftServer$Division (RaftServerImpl.java:setRole(321)) - om1@group-C5BA1605619E: changes role from  FOLLOWER to CANDIDATE at term 0 for changeToCandidate
2023-01-25 10:22:46,160 [om1@group-C5BA1605619E-FollowerState] INFO  server.RaftServerConfigKeys (ConfUtils.java:logGet(46)) - raft.server.leaderelection.pre-vote = false (custom)
2023-01-25 10:22:46,161 [om1@group-C5BA1605619E-FollowerState] INFO  impl.RoleInfo (RoleInfo.java:updateAndGet(139)) - om1: start om1@group-C5BA1605619E-LeaderElection1
2023-01-25 10:22:46,167 [om1@group-C5BA1605619E-LeaderElection1] INFO  impl.LeaderElection (LeaderElection.java:askForVotes(312)) - om1@group-C5BA1605619E-LeaderElection1 ELECTION round 0: submit vote requests at term 1 for -1: peers:[om1|rpc:localhost:9872|priority:0|startupRole:FOLLOWER]|listeners:[], old=null
2023-01-25 10:22:46,168 [om1@group-C5BA1605619E-LeaderElection1] INFO  impl.LeaderElection (LeaderElection.java:askForVotes(314)) - om1@group-C5BA1605619E-LeaderElection1 ELECTION round 0: result PASSED (term=1)
2023-01-25 10:22:46,169 [om1@group-C5BA1605619E-LeaderElection1] INFO  impl.RoleInfo (RoleInfo.java:shutdownLeaderElection(130)) - om1: shutdown om1@group-C5BA1605619E-LeaderElection1
2023-01-25 10:22:46,169 [om1@group-C5BA1605619E-LeaderElection1] INFO  server.RaftServer$Division (RaftServerImpl.java:setRole(321)) - om1@group-C5BA1605619E: changes role from CANDIDATE to LEADER at term 1 for changeToLeader
2023-01-25 10:22:46,169 [om1@group-C5BA1605619E-LeaderElection1] INFO  server.RaftServer$Division (ServerState.java:setLeader(313)) - om1@group-C5BA1605619E: change Leader from null to om1 at term 1 for becomeLeader, leader elected after 2210ms
2023-01-25 10:22:46,174 [om1@group-C5BA1605619E-LeaderElection1] INFO  server.RaftServerConfigKeys (ConfUtils.java:logGet(46)) - raft.server.staging.catchup.gap = 1000 (default)
2023-01-25 10:22:46,179 [om1@group-C5BA1605619E-LeaderElection1] INFO  server.RaftServerConfigKeys (ConfUtils.java:logGet(46)) - raft.server.write.element-limit = 4096 (default)
2023-01-25 10:22:46,179 [om1@group-C5BA1605619E-LeaderElection1] INFO  server.RaftServerConfigKeys (ConfUtils.java:logGet(46)) - raft.server.write.byte-limit = 64MB (=67108864) (default)
2023-01-25 10:22:46,186 [om1@group-C5BA1605619E-LeaderElection1] INFO  server.RaftServerConfigKeys (ConfUtils.java:logGet(46)) - raft.server.watch.timeout = 10s (default)
2023-01-25 10:22:46,186 [om1@group-C5BA1605619E-LeaderElection1] INFO  server.RaftServerConfigKeys (ConfUtils.java:logGet(46)) - raft.server.watch.timeout.denomination = 1s (default)
2023-01-25 10:22:46,186 [om1@group-C5BA1605619E-LeaderElection1] INFO  server.RaftServerConfigKeys (ConfUtils.java:logGet(46)) - raft.server.watch.element-limit = 65536 (default)
2023-01-25 10:22:46,190 [om1@group-C5BA1605619E-LeaderElection1] INFO  server.RaftServerConfigKeys (ConfUtils.java:logGet(46)) - raft.server.write.element-limit = 4096 (default)
2023-01-25 10:22:46,198 [om1@group-C5BA1605619E-LeaderElection1] INFO  server.RaftServerConfigKeys (ConfUtils.java:logGet(46)) - raft.server.write.follower.gap.ratio.max = -1.0 (default)
2023-01-25 10:22:46,201 [om1@group-C5BA1605619E-LeaderElection1] INFO  impl.RoleInfo (RoleInfo.java:updateAndGet(139)) - om1: start om1@group-C5BA1605619E-LeaderStateImpl
2023-01-25 10:22:46,244 [om1@group-C5BA1605619E-LeaderElection1] INFO  segmented.SegmentedRaftLogWorker (SegmentedRaftLogWorker.java:startLogSegment(452)) - om1@group-C5BA1605619E-SegmentedRaftLogWorker: Starting segment from index:0
2023-01-25 10:22:46,293 [om1@group-C5BA1605619E-LeaderElection1] INFO  server.RaftServer$Division (ServerState.java:setRaftConf(430)) - om1@group-C5BA1605619E: set configuration 0: peers:[om1|rpc:localhost:9872|admin:|client:|dataStream:|priority:0|startupRole:FOLLOWER]|listeners:[], old=null
2023-01-25 10:22:46,358 [om1@group-C5BA1605619E-SegmentedRaftLogWorker] INFO  segmented.SegmentedRaftLogWorker (SegmentedRaftLogWorker.java:execute(656)) - om1@group-C5BA1605619E-SegmentedRaftLogWorker: created new log segment /home/runner/work/ozone/ozone/hadoop-ozone/integration-test/target/test-dir/MiniOzoneClusterImpl-1247b3fc-8c88-4cf7-b93f-ad2be507f780/ozone-meta/ratis/bf265839-605b-3f16-9796-c5ba1605619e/current/log_inprogress_0
2023-01-25 10:22:46,359 [Listener at 127.0.0.1/33329] INFO  handler.ContextHandler (ContextHandler.java:doStart(921)) - Started o.e.j.w.WebAppContext@443a9e24{hddsDatanode,/,file:///tmp/jetty-0_0_0_0-45695-hdds-container-service-1_4_0-SNAPSHOT_jar-_-any-1868082936704697905/webapp/,AVAILABLE}{jar:file:/home/runner/.m2/repository/org/apache/ozone/hdds-container-service/1.4.0-SNAPSHOT/hdds-container-service-1.4.0-SNAPSHOT.jar!/webapps/hddsDatanode}
2023-01-25 10:22:46,360 [Listener at 127.0.0.1/33329] INFO  server.AbstractConnector (AbstractConnector.java:doStart(333)) - Started ServerConnector@7248b33c{HTTP/1.1, (http/1.1)}{0.0.0.0:45695}
2023-01-25 10:22:46,361 [Listener at 127.0.0.1/33329] INFO  server.Server (Server.java:doStart(415)) - Started @8219ms
2023-01-25 10:22:46,361 [Listener at 127.0.0.1/33329] WARN  impl.MetricsSystemImpl (MetricsSystemImpl.java:register(279)) - Sink prometheus already exists!
2023-01-25 10:22:46,361 [Listener at 127.0.0.1/33329] INFO  http.BaseHttpServer (BaseHttpServer.java:updateConnectorAddress(333)) - HTTP server of hddsDatanode listening at http://0.0.0.0:45695
2023-01-25 10:22:46,362 [Listener at 127.0.0.1/33329] WARN  impl.MetricRegistriesImpl (MetricRegistriesImpl.java:addReporterRegistration(111)) - New reporters are added after registries were created. Some metrics will be missing from the reporter. Please add reporter before adding any new registry.
2023-01-25 10:22:46,362 [Listener at 127.0.0.1/33329] WARN  impl.MetricRegistriesImpl (MetricRegistriesImpl.java:addReporterRegistration(111)) - New reporters are added after registries were created. Some metrics will be missing from the reporter. Please add reporter before adding any new registry.
2023-01-25 10:22:46,362 [Listener at 127.0.0.1/33329] INFO  impl.MetricsSystemImpl (MetricsSystemImpl.java:init(158)) - HddsDatanode metrics system started (again)
2023-01-25 10:22:46,369 [Datanode State Machine Daemon Thread] INFO  statemachine.DatanodeStateMachine (DatanodeStateMachine.java:lambda$startDaemon$0(519)) - Ozone container server started.
2023-01-25 10:22:46,376 [Listener at 127.0.0.1/33329] INFO  ozone.HddsDatanodeService (HddsDatanodeService.java:start(228)) - HddsDatanodeService host:fv-az462-827.5dk1zbeb1hiuljg1e1zidnqquc.phxx.internal.cloudapp.net ip:10.1.0.14
2023-01-25 10:22:46,391 [org.apache.hadoop.util.JvmPauseMonitor$Monitor@729a9622] INFO  util.JvmPauseMonitor (JvmPauseMonitor.java:run(188)) - Starting JVM pause monitor
2023-01-25 10:22:46,412 [Datanode State Machine Task Thread - 0] INFO  datanode.InitDatanodeState (InitDatanodeState.java:persistContainerDatanodeDetails(138)) - DatanodeDetails is persisted to /home/runner/work/ozone/ozone/hadoop-ozone/integration-test/target/test-dir/MiniOzoneClusterImpl-1247b3fc-8c88-4cf7-b93f-ad2be507f780/datanode-1/meta/datanode.id
2023-01-25 10:22:46,417 [Listener at 127.0.0.1/33329] INFO  upgrade.AbstractLayoutVersionManager (AbstractLayoutVersionManager.java:init(83)) - Initializing Layout version manager with metadata layout = DATANODE_SCHEMA_V3 (version = 4), software layout = DATANODE_SCHEMA_V3 (version = 4)
2023-01-25 10:22:46,472 [Listener at 127.0.0.1/33329] INFO  reflections.Reflections (Reflections.java:scan(232)) - Reflections took 54 ms to scan 7 urls, producing 150 keys and 359 values 
2023-01-25 10:22:46,477 [Listener at 127.0.0.1/33329] INFO  statemachine.DatanodeStateMachine (DatanodeStateMachine.java:getEndPointTaskThreadPoolSize(259)) - Datanode State Machine Task Thread Pool size 2
2023-01-25 10:22:46,479 [Listener at 127.0.0.1/33329] INFO  volume.HddsVolume (HddsVolume.java:<init>(117)) - Creating HddsVolume: /home/runner/work/ozone/ozone/hadoop-ozone/integration-test/target/test-dir/MiniOzoneClusterImpl-1247b3fc-8c88-4cf7-b93f-ad2be507f780/datanode-2/data-0/containers/hdds of storage type : DISK capacity : 9223372036854775807
2023-01-25 10:22:46,479 [Listener at 127.0.0.1/33329] INFO  volume.MutableVolumeSet (MutableVolumeSet.java:initializeVolumeSet(174)) - Added Volume : /home/runner/work/ozone/ozone/hadoop-ozone/integration-test/target/test-dir/MiniOzoneClusterImpl-1247b3fc-8c88-4cf7-b93f-ad2be507f780/datanode-2/data-0/containers/hdds to VolumeSet
2023-01-25 10:22:46,479 [Listener at 127.0.0.1/33329] INFO  volume.ThrottledAsyncChecker (ThrottledAsyncChecker.java:schedule(141)) - Scheduling a check for /home/runner/work/ozone/ozone/hadoop-ozone/integration-test/target/test-dir/MiniOzoneClusterImpl-1247b3fc-8c88-4cf7-b93f-ad2be507f780/datanode-2/data-0/containers/hdds
2023-01-25 10:22:46,485 [Listener at 127.0.0.1/33329] INFO  volume.StorageVolumeChecker (StorageVolumeChecker.java:checkAllVolumes(202)) - Scheduled health check for volume /home/runner/work/ozone/ozone/hadoop-ozone/integration-test/target/test-dir/MiniOzoneClusterImpl-1247b3fc-8c88-4cf7-b93f-ad2be507f780/datanode-2/data-0/containers/hdds
2023-01-25 10:22:46,500 [Listener at 127.0.0.1/33329] INFO  volume.MutableVolumeSet (MutableVolumeSet.java:initializeVolumeSet(174)) - Added Volume : /home/runner/work/ozone/ozone/hadoop-ozone/integration-test/target/test-dir/MiniOzoneClusterImpl-1247b3fc-8c88-4cf7-b93f-ad2be507f780/datanode-2/data/ratis to VolumeSet
2023-01-25 10:22:46,500 [Listener at 127.0.0.1/33329] INFO  volume.ThrottledAsyncChecker (ThrottledAsyncChecker.java:schedule(141)) - Scheduling a check for /home/runner/work/ozone/ozone/hadoop-ozone/integration-test/target/test-dir/MiniOzoneClusterImpl-1247b3fc-8c88-4cf7-b93f-ad2be507f780/datanode-2/data/ratis
2023-01-25 10:22:46,500 [Listener at 127.0.0.1/33329] INFO  volume.StorageVolumeChecker (StorageVolumeChecker.java:checkAllVolumes(202)) - Scheduled health check for volume /home/runner/work/ozone/ozone/hadoop-ozone/integration-test/target/test-dir/MiniOzoneClusterImpl-1247b3fc-8c88-4cf7-b93f-ad2be507f780/datanode-2/data/ratis
2023-01-25 10:22:46,528 [Thread-166] INFO  ozoneimpl.ContainerReader (ContainerReader.java:readVolume(175)) - Finish verifying containers on volume /home/runner/work/ozone/ozone/hadoop-ozone/integration-test/target/test-dir/MiniOzoneClusterImpl-1247b3fc-8c88-4cf7-b93f-ad2be507f780/datanode-2/data-0/containers/hdds
2023-01-25 10:22:46,528 [Listener at 127.0.0.1/33329] INFO  ozoneimpl.OzoneContainer (OzoneContainer.java:buildContainerSet(305)) - Build ContainerSet costs 0s
2023-01-25 10:22:46,532 [Listener at 127.0.0.1/33329] INFO  server.RaftServer (ConfUtils.java:logGet(46)) - raft.rpc.type = GRPC (default)
2023-01-25 10:22:46,532 [Listener at 127.0.0.1/33329] INFO  grpc.GrpcConfigKeys (ConfUtils.java:logFallback(53)) - raft.grpc.admin.host = null (fallback to raft.grpc.server.host)
2023-01-25 10:22:46,532 [Listener at 127.0.0.1/33329] INFO  grpc.GrpcConfigKeys (ConfUtils.java:logGet(46)) - raft.grpc.admin.port = 0 (custom)
2023-01-25 10:22:46,532 [Listener at 127.0.0.1/33329] INFO  grpc.GrpcConfigKeys (ConfUtils.java:logFallback(53)) - raft.grpc.client.host = null (fallback to raft.grpc.server.host)
2023-01-25 10:22:46,532 [Listener at 127.0.0.1/33329] INFO  grpc.GrpcConfigKeys (ConfUtils.java:logGet(46)) - raft.grpc.client.port = 0 (custom)
2023-01-25 10:22:46,532 [Listener at 127.0.0.1/33329] INFO  grpc.GrpcConfigKeys (ConfUtils.java:logGet(46)) - raft.grpc.server.host = null (default)
2023-01-25 10:22:46,532 [Listener at 127.0.0.1/33329] INFO  grpc.GrpcConfigKeys (ConfUtils.java:logGet(46)) - raft.grpc.server.port = 0 (default)
2023-01-25 10:22:46,532 [Listener at 127.0.0.1/33329] INFO  server.GrpcService (ConfUtils.java:logGet(46)) - raft.grpc.message.size.max = 32MB (=33554432) (custom)
2023-01-25 10:22:46,533 [Listener at 127.0.0.1/33329] INFO  server.RaftServerConfigKeys (ConfUtils.java:logGet(46)) - raft.server.log.appender.buffer.byte-limit = 33554432 (custom)
2023-01-25 10:22:46,533 [Listener at 127.0.0.1/33329] INFO  server.GrpcService (ConfUtils.java:logGet(46)) - raft.grpc.flow.control.window = 5MB (=5242880) (custom)
2023-01-25 10:22:46,533 [Listener at 127.0.0.1/33329] INFO  server.RaftServerConfigKeys (ConfUtils.java:logGet(46)) - raft.server.rpc.request.timeout = 60s (custom)
2023-01-25 10:22:46,533 [Listener at 127.0.0.1/33329] INFO  grpc.GrpcConfigKeys (ConfUtils.java:logGet(46)) - raft.grpc.server.heartbeat.channel = true (default)
2023-01-25 10:22:46,533 [Listener at 127.0.0.1/33329] INFO  grpc.GrpcConfigKeys (ConfUtils.java:logGet(46)) - raft.grpc.server.async.request.thread.pool.cached = true (default)
2023-01-25 10:22:46,533 [Listener at 127.0.0.1/33329] INFO  grpc.GrpcConfigKeys (ConfUtils.java:logGet(46)) - raft.grpc.server.async.request.thread.pool.size = 32 (default)
2023-01-25 10:22:46,534 [Listener at 127.0.0.1/33329] INFO  impl.DataStreamServerImpl (ConfUtils.java:logGet(46)) - raft.datastream.type = NETTY (custom)
2023-01-25 10:22:46,535 [Listener at 127.0.0.1/33329] INFO  server.RaftServerConfigKeys (ConfUtils.java:logGet(46)) - raft.server.data-stream.async.request.thread.pool.cached = false (default)
2023-01-25 10:22:46,535 [Listener at 127.0.0.1/33329] INFO  server.RaftServerConfigKeys (ConfUtils.java:logGet(46)) - raft.server.data-stream.async.request.thread.pool.size = 20 (custom)
2023-01-25 10:22:46,535 [Listener at 127.0.0.1/33329] INFO  server.RaftServerConfigKeys (ConfUtils.java:logGet(46)) - raft.server.data-stream.async.write.thread.pool.size = 16 (default)
2023-01-25 10:22:46,535 [Listener at 127.0.0.1/33329] INFO  server.RaftServerConfigKeys (ConfUtils.java:logGet(46)) - raft.server.data-stream.client.pool.size = 10 (default)
2023-01-25 10:22:46,535 [Listener at 127.0.0.1/33329] INFO  netty.NettyConfigKeys$DataStream (ConfUtils.java:logGet(46)) - raft.netty.dataStream.server.use-epoll = false (default)
2023-01-25 10:22:46,535 [Listener at 127.0.0.1/33329] INFO  netty.NettyConfigKeys$DataStream (ConfUtils.java:logGet(46)) - raft.netty.dataStream.server.boss-group.size = 0 (default)
2023-01-25 10:22:46,535 [Listener at 127.0.0.1/33329] INFO  netty.NettyConfigKeys$DataStream (ConfUtils.java:logGet(46)) - raft.netty.dataStream.server.worker-group.size = 0 (default)
2023-01-25 10:22:46,537 [Listener at 127.0.0.1/33329] INFO  netty.NettyConfigKeys$DataStream (ConfUtils.java:logGet(46)) - raft.netty.dataStream.server.tls.conf = null (default)
2023-01-25 10:22:46,537 [Listener at 127.0.0.1/33329] INFO  netty.NettyConfigKeys$DataStream (ConfUtils.java:logGet(46)) - raft.netty.dataStream.host = null (default)
2023-01-25 10:22:46,537 [Listener at 127.0.0.1/33329] INFO  netty.NettyConfigKeys$DataStream (ConfUtils.java:logGet(46)) - raft.netty.dataStream.port = 0 (default)
2023-01-25 10:22:46,544 [Listener at 127.0.0.1/33329] INFO  server.RaftServerConfigKeys (ConfUtils.java:logGet(46)) - raft.server.threadpool.proxy.cached = true (default)
2023-01-25 10:22:46,545 [Listener at 127.0.0.1/33329] INFO  server.RaftServerConfigKeys (ConfUtils.java:logGet(46)) - raft.server.threadpool.proxy.size = 0 (default)
2023-01-25 10:22:46,545 [Listener at 127.0.0.1/33329] INFO  server.RaftServerConfigKeys (ConfUtils.java:logGet(46)) - raft.server.rpc.slowness.timeout = 300s (custom)
2023-01-25 10:22:46,545 [Listener at 127.0.0.1/33329] INFO  server.RaftServerConfigKeys (ConfUtils.java:logGet(46)) - raft.server.leaderelection.leader.step-down.wait-time = 10s (default)
2023-01-25 10:22:46,545 [Listener at 127.0.0.1/33329] INFO  server.RaftServerConfigKeys (ConfUtils.java:logGet(46)) - raft.server.storage.dir = [/home/runner/work/ozone/ozone/hadoop-ozone/integration-test/target/test-dir/MiniOzoneClusterImpl-1247b3fc-8c88-4cf7-b93f-ad2be507f780/datanode-2/data/ratis] (custom)
2023-01-25 10:22:46,550 [de34da07-4135-4fa8-beba-e4d852545ac0-NettyServerStreamRpc-bossGroup--thread1] INFO  logging.LoggingHandler (AbstractInternalLogger.java:log(148)) - [id: 0xdc720cbc] REGISTERED
2023-01-25 10:22:46,551 [de34da07-4135-4fa8-beba-e4d852545ac0-NettyServerStreamRpc-bossGroup--thread1] INFO  logging.LoggingHandler (AbstractInternalLogger.java:log(148)) - [id: 0xdc720cbc] BIND: 0.0.0.0/0.0.0.0:0
2023-01-25 10:22:46,551 [de34da07-4135-4fa8-beba-e4d852545ac0-NettyServerStreamRpc-bossGroup--thread1] INFO  logging.LoggingHandler (AbstractInternalLogger.java:log(148)) - [id: 0xdc720cbc, L:/0:0:0:0:0:0:0:0:38123] ACTIVE
2023-01-25 10:22:46,552 [Listener at 127.0.0.1/33329] INFO  server.XceiverServerGrpc (XceiverServerGrpc.java:<init>(132)) - GrpcServer channel type EpollServerSocketChannel
2023-01-25 10:22:46,556 [om1@group-C5BA1605619E-StateMachineUpdater] INFO  ratis.OzoneManagerStateMachine (OzoneManagerStateMachine.java:notifyConfigurationChanged(192)) - Received Configuration change notification from Ratis. New Peer list:
[id: "om1"
address: "localhost:9872"
startupRole: FOLLOWER
]
2023-01-25 10:22:46,561 [Listener at 127.0.0.1/33329] INFO  http.BaseHttpServer (BaseHttpServer.java:newHttpServer2BuilderForOzone(213)) - Starting Web-server for hddsDatanode at: http://0.0.0.0:0
2023-01-25 10:22:46,561 [Listener at 127.0.0.1/33329] INFO  http.BaseHttpServer (BaseHttpServer.java:<init>(108)) - Hadoop Security Enabled: false Ozone Security Enabled: false Ozone HTTP Security Enabled: false 
2023-01-25 10:22:46,562 [Listener at 127.0.0.1/33329] WARN  server.AuthenticationFilter (AuthenticationFilter.java:constructSecretProvider(240)) - Unable to initialize FileSignerSecretProvider, falling back to use random secrets. Reason: Could not read signature secret file: /home/runner/hadoop-http-auth-signature-secret
2023-01-25 10:22:46,563 [Listener at 127.0.0.1/33329] WARN  http.HttpRequestLog (HttpRequestLog.java:getRequestLog(103)) - Jetty request log can only be enabled using Log4j
2023-01-25 10:22:46,564 [Listener at 127.0.0.1/33329] INFO  http.HttpServer2 (HttpServer2.java:addGlobalFilter(1031)) - Added global filter 'safety' (class=org.apache.hadoop.hdds.server.http.HttpServer2$QuotingInputFilter)
2023-01-25 10:22:46,565 [Listener at 127.0.0.1/33329] INFO  http.HttpServer2 (HttpServer2.java:addFilter(1007)) - Added filter static_user_filter (class=org.apache.hadoop.http.lib.StaticUserWebFilter$StaticUserFilter) to context hddsDatanode
2023-01-25 10:22:46,565 [Listener at 127.0.0.1/33329] INFO  http.HttpServer2 (HttpServer2.java:addFilter(1015)) - Added filter static_user_filter (class=org.apache.hadoop.http.lib.StaticUserWebFilter$StaticUserFilter) to context logs
2023-01-25 10:22:46,565 [Listener at 127.0.0.1/33329] INFO  http.HttpServer2 (HttpServer2.java:addFilter(1015)) - Added filter static_user_filter (class=org.apache.hadoop.http.lib.StaticUserWebFilter$StaticUserFilter) to context static
2023-01-25 10:22:46,566 [Listener at 127.0.0.1/33329] INFO  http.HttpServer2 (HttpServer2.java:bindListener(1250)) - Jetty bound to port 43623
2023-01-25 10:22:46,566 [Listener at 127.0.0.1/33329] INFO  server.Server (Server.java:doStart(375)) - jetty-9.4.49.v20220914; built: 2022-09-14T01:07:36.601Z; git: 4231a3b2e4cb8548a412a789936d640a97b1aa0a; jvm 1.8.0_352-b08
2023-01-25 10:22:46,575 [Listener at 127.0.0.1/33329] INFO  server.session (DefaultSessionIdManager.java:doStart(334)) - DefaultSessionIdManager workerName=node0
2023-01-25 10:22:46,576 [Listener at 127.0.0.1/33329] INFO  server.session (DefaultSessionIdManager.java:doStart(339)) - No SessionScavenger set, using defaults
2023-01-25 10:22:46,576 [Listener at 127.0.0.1/33329] INFO  server.session (HouseKeeper.java:startScavenging(132)) - node0 Scavenging every 660000ms
2023-01-25 10:22:46,576 [Listener at 127.0.0.1/33329] INFO  handler.ContextHandler (ContextHandler.java:doStart(921)) - Started o.e.j.s.ServletContextHandler@5eb2e851{logs,/logs,file:///home/runner/work/ozone/ozone/hadoop-ozone/integration-test/target/log,AVAILABLE}
2023-01-25 10:22:46,577 [Listener at 127.0.0.1/33329] INFO  handler.ContextHandler (ContextHandler.java:doStart(921)) - Started o.e.j.s.ServletContextHandler@602ff1d9{static,/static,jar:file:/home/runner/.m2/repository/org/apache/ozone/hdds-container-service/1.4.0-SNAPSHOT/hdds-container-service-1.4.0-SNAPSHOT.jar!/webapps/static,AVAILABLE}
2023-01-25 10:22:46,761 [Listener at 127.0.0.1/33329] INFO  handler.ContextHandler (ContextHandler.java:doStart(921)) - Started o.e.j.w.WebAppContext@66102db6{hddsDatanode,/,file:///tmp/jetty-0_0_0_0-43623-hdds-container-service-1_4_0-SNAPSHOT_jar-_-any-3650350070757952931/webapp/,AVAILABLE}{jar:file:/home/runner/.m2/repository/org/apache/ozone/hdds-container-service/1.4.0-SNAPSHOT/hdds-container-service-1.4.0-SNAPSHOT.jar!/webapps/hddsDatanode}
2023-01-25 10:22:46,762 [Listener at 127.0.0.1/33329] INFO  server.AbstractConnector (AbstractConnector.java:doStart(333)) - Started ServerConnector@27b3077d{HTTP/1.1, (http/1.1)}{0.0.0.0:43623}
2023-01-25 10:22:46,762 [Listener at 127.0.0.1/33329] INFO  server.Server (Server.java:doStart(415)) - Started @8621ms
2023-01-25 10:22:46,762 [Listener at 127.0.0.1/33329] WARN  impl.MetricsSystemImpl (MetricsSystemImpl.java:register(279)) - Sink prometheus already exists!
2023-01-25 10:22:46,762 [Listener at 127.0.0.1/33329] INFO  http.BaseHttpServer (BaseHttpServer.java:updateConnectorAddress(333)) - HTTP server of hddsDatanode listening at http://0.0.0.0:43623
2023-01-25 10:22:46,764 [Listener at 127.0.0.1/33329] WARN  impl.MetricRegistriesImpl (MetricRegistriesImpl.java:addReporterRegistration(111)) - New reporters are added after registries were created. Some metrics will be missing from the reporter. Please add reporter before adding any new registry.
2023-01-25 10:22:46,764 [Listener at 127.0.0.1/33329] WARN  impl.MetricRegistriesImpl (MetricRegistriesImpl.java:addReporterRegistration(111)) - New reporters are added after registries were created. Some metrics will be missing from the reporter. Please add reporter before adding any new registry.
2023-01-25 10:22:46,764 [Listener at 127.0.0.1/33329] INFO  impl.MetricsSystemImpl (MetricsSystemImpl.java:init(158)) - HddsDatanode metrics system started (again)
2023-01-25 10:22:46,766 [Datanode State Machine Daemon Thread] INFO  statemachine.DatanodeStateMachine (DatanodeStateMachine.java:lambda$startDaemon$0(519)) - Ozone container server started.
2023-01-25 10:22:46,776 [Listener at 127.0.0.1/33329] INFO  ozone.HddsDatanodeService (HddsDatanodeService.java:start(228)) - HddsDatanodeService host:fv-az462-827.5dk1zbeb1hiuljg1e1zidnqquc.phxx.internal.cloudapp.net ip:10.1.0.14
2023-01-25 10:22:46,777 [org.apache.hadoop.util.JvmPauseMonitor$Monitor@6b898a84] INFO  util.JvmPauseMonitor (JvmPauseMonitor.java:run(188)) - Starting JVM pause monitor
2023-01-25 10:22:46,784 [Datanode State Machine Task Thread - 0] INFO  datanode.InitDatanodeState (InitDatanodeState.java:persistContainerDatanodeDetails(138)) - DatanodeDetails is persisted to /home/runner/work/ozone/ozone/hadoop-ozone/integration-test/target/test-dir/MiniOzoneClusterImpl-1247b3fc-8c88-4cf7-b93f-ad2be507f780/datanode-2/meta/datanode.id
2023-01-25 10:22:46,798 [Listener at 127.0.0.1/33329] INFO  upgrade.AbstractLayoutVersionManager (AbstractLayoutVersionManager.java:init(83)) - Initializing Layout version manager with metadata layout = DATANODE_SCHEMA_V3 (version = 4), software layout = DATANODE_SCHEMA_V3 (version = 4)
2023-01-25 10:22:46,845 [Listener at 127.0.0.1/33329] INFO  reflections.Reflections (Reflections.java:scan(232)) - Reflections took 45 ms to scan 7 urls, producing 150 keys and 359 values 
2023-01-25 10:22:46,846 [Listener at 127.0.0.1/33329] INFO  statemachine.DatanodeStateMachine (DatanodeStateMachine.java:getEndPointTaskThreadPoolSize(259)) - Datanode State Machine Task Thread Pool size 2
2023-01-25 10:22:46,853 [Listener at 127.0.0.1/33329] INFO  volume.HddsVolume (HddsVolume.java:<init>(117)) - Creating HddsVolume: /home/runner/work/ozone/ozone/hadoop-ozone/integration-test/target/test-dir/MiniOzoneClusterImpl-1247b3fc-8c88-4cf7-b93f-ad2be507f780/datanode-3/data-0/containers/hdds of storage type : DISK capacity : 9223372036854775807
2023-01-25 10:22:46,853 [Listener at 127.0.0.1/33329] INFO  volume.MutableVolumeSet (MutableVolumeSet.java:initializeVolumeSet(174)) - Added Volume : /home/runner/work/ozone/ozone/hadoop-ozone/integration-test/target/test-dir/MiniOzoneClusterImpl-1247b3fc-8c88-4cf7-b93f-ad2be507f780/datanode-3/data-0/containers/hdds to VolumeSet
2023-01-25 10:22:46,853 [Listener at 127.0.0.1/33329] INFO  volume.ThrottledAsyncChecker (ThrottledAsyncChecker.java:schedule(141)) - Scheduling a check for /home/runner/work/ozone/ozone/hadoop-ozone/integration-test/target/test-dir/MiniOzoneClusterImpl-1247b3fc-8c88-4cf7-b93f-ad2be507f780/datanode-3/data-0/containers/hdds
2023-01-25 10:22:46,854 [Listener at 127.0.0.1/33329] INFO  volume.StorageVolumeChecker (StorageVolumeChecker.java:checkAllVolumes(202)) - Scheduled health check for volume /home/runner/work/ozone/ozone/hadoop-ozone/integration-test/target/test-dir/MiniOzoneClusterImpl-1247b3fc-8c88-4cf7-b93f-ad2be507f780/datanode-3/data-0/containers/hdds
2023-01-25 10:22:46,865 [Listener at 127.0.0.1/33329] INFO  volume.MutableVolumeSet (MutableVolumeSet.java:initializeVolumeSet(174)) - Added Volume : /home/runner/work/ozone/ozone/hadoop-ozone/integration-test/target/test-dir/MiniOzoneClusterImpl-1247b3fc-8c88-4cf7-b93f-ad2be507f780/datanode-3/data/ratis to VolumeSet
2023-01-25 10:22:46,865 [Listener at 127.0.0.1/33329] INFO  volume.ThrottledAsyncChecker (ThrottledAsyncChecker.java:schedule(141)) - Scheduling a check for /home/runner/work/ozone/ozone/hadoop-ozone/integration-test/target/test-dir/MiniOzoneClusterImpl-1247b3fc-8c88-4cf7-b93f-ad2be507f780/datanode-3/data/ratis
2023-01-25 10:22:46,865 [Listener at 127.0.0.1/33329] INFO  volume.StorageVolumeChecker (StorageVolumeChecker.java:checkAllVolumes(202)) - Scheduled health check for volume /home/runner/work/ozone/ozone/hadoop-ozone/integration-test/target/test-dir/MiniOzoneClusterImpl-1247b3fc-8c88-4cf7-b93f-ad2be507f780/datanode-3/data/ratis
2023-01-25 10:22:46,876 [Thread-180] INFO  ozoneimpl.ContainerReader (ContainerReader.java:readVolume(175)) - Finish verifying containers on volume /home/runner/work/ozone/ozone/hadoop-ozone/integration-test/target/test-dir/MiniOzoneClusterImpl-1247b3fc-8c88-4cf7-b93f-ad2be507f780/datanode-3/data-0/containers/hdds
2023-01-25 10:22:46,876 [Listener at 127.0.0.1/33329] INFO  ozoneimpl.OzoneContainer (OzoneContainer.java:buildContainerSet(305)) - Build ContainerSet costs 0s
2023-01-25 10:22:46,879 [Listener at 127.0.0.1/33329] INFO  server.RaftServer (ConfUtils.java:logGet(46)) - raft.rpc.type = GRPC (default)
2023-01-25 10:22:46,879 [Listener at 127.0.0.1/33329] INFO  grpc.GrpcConfigKeys (ConfUtils.java:logFallback(53)) - raft.grpc.admin.host = null (fallback to raft.grpc.server.host)
2023-01-25 10:22:46,880 [Listener at 127.0.0.1/33329] INFO  grpc.GrpcConfigKeys (ConfUtils.java:logGet(46)) - raft.grpc.admin.port = 0 (custom)
2023-01-25 10:22:46,880 [Listener at 127.0.0.1/33329] INFO  grpc.GrpcConfigKeys (ConfUtils.java:logFallback(53)) - raft.grpc.client.host = null (fallback to raft.grpc.server.host)
2023-01-25 10:22:46,880 [Listener at 127.0.0.1/33329] INFO  grpc.GrpcConfigKeys (ConfUtils.java:logGet(46)) - raft.grpc.client.port = 0 (custom)
2023-01-25 10:22:46,880 [Listener at 127.0.0.1/33329] INFO  grpc.GrpcConfigKeys (ConfUtils.java:logGet(46)) - raft.grpc.server.host = null (default)
2023-01-25 10:22:46,880 [Listener at 127.0.0.1/33329] INFO  grpc.GrpcConfigKeys (ConfUtils.java:logGet(46)) - raft.grpc.server.port = 0 (default)
2023-01-25 10:22:46,880 [Listener at 127.0.0.1/33329] INFO  server.GrpcService (ConfUtils.java:logGet(46)) - raft.grpc.message.size.max = 32MB (=33554432) (custom)
2023-01-25 10:22:46,880 [Listener at 127.0.0.1/33329] INFO  server.RaftServerConfigKeys (ConfUtils.java:logGet(46)) - raft.server.log.appender.buffer.byte-limit = 33554432 (custom)
2023-01-25 10:22:46,880 [Listener at 127.0.0.1/33329] INFO  server.GrpcService (ConfUtils.java:logGet(46)) - raft.grpc.flow.control.window = 5MB (=5242880) (custom)
2023-01-25 10:22:46,880 [Listener at 127.0.0.1/33329] INFO  server.RaftServerConfigKeys (ConfUtils.java:logGet(46)) - raft.server.rpc.request.timeout = 60s (custom)
2023-01-25 10:22:46,880 [Listener at 127.0.0.1/33329] INFO  grpc.GrpcConfigKeys (ConfUtils.java:logGet(46)) - raft.grpc.server.heartbeat.channel = true (default)
2023-01-25 10:22:46,880 [Listener at 127.0.0.1/33329] INFO  grpc.GrpcConfigKeys (ConfUtils.java:logGet(46)) - raft.grpc.server.async.request.thread.pool.cached = true (default)
2023-01-25 10:22:46,881 [Listener at 127.0.0.1/33329] INFO  grpc.GrpcConfigKeys (ConfUtils.java:logGet(46)) - raft.grpc.server.async.request.thread.pool.size = 32 (default)
2023-01-25 10:22:46,881 [Listener at 127.0.0.1/33329] INFO  impl.DataStreamServerImpl (ConfUtils.java:logGet(46)) - raft.datastream.type = NETTY (custom)
2023-01-25 10:22:46,882 [Listener at 127.0.0.1/33329] INFO  server.RaftServerConfigKeys (ConfUtils.java:logGet(46)) - raft.server.data-stream.async.request.thread.pool.cached = false (default)
2023-01-25 10:22:46,882 [Listener at 127.0.0.1/33329] INFO  server.RaftServerConfigKeys (ConfUtils.java:logGet(46)) - raft.server.data-stream.async.request.thread.pool.size = 20 (custom)
2023-01-25 10:22:46,882 [Listener at 127.0.0.1/33329] INFO  server.RaftServerConfigKeys (ConfUtils.java:logGet(46)) - raft.server.data-stream.async.write.thread.pool.size = 16 (default)
2023-01-25 10:22:46,882 [Listener at 127.0.0.1/33329] INFO  server.RaftServerConfigKeys (ConfUtils.java:logGet(46)) - raft.server.data-stream.client.pool.size = 10 (default)
2023-01-25 10:22:46,882 [Listener at 127.0.0.1/33329] INFO  netty.NettyConfigKeys$DataStream (ConfUtils.java:logGet(46)) - raft.netty.dataStream.server.use-epoll = false (default)
2023-01-25 10:22:46,882 [Listener at 127.0.0.1/33329] INFO  netty.NettyConfigKeys$DataStream (ConfUtils.java:logGet(46)) - raft.netty.dataStream.server.boss-group.size = 0 (default)
2023-01-25 10:22:46,883 [Listener at 127.0.0.1/33329] INFO  netty.NettyConfigKeys$DataStream (ConfUtils.java:logGet(46)) - raft.netty.dataStream.server.worker-group.size = 0 (default)
2023-01-25 10:22:46,883 [Listener at 127.0.0.1/33329] INFO  netty.NettyConfigKeys$DataStream (ConfUtils.java:logGet(46)) - raft.netty.dataStream.server.tls.conf = null (default)
2023-01-25 10:22:46,883 [Listener at 127.0.0.1/33329] INFO  netty.NettyConfigKeys$DataStream (ConfUtils.java:logGet(46)) - raft.netty.dataStream.host = null (default)
2023-01-25 10:22:46,883 [Listener at 127.0.0.1/33329] INFO  netty.NettyConfigKeys$DataStream (ConfUtils.java:logGet(46)) - raft.netty.dataStream.port = 0 (default)
2023-01-25 10:22:46,883 [Listener at 127.0.0.1/33329] INFO  server.RaftServerConfigKeys (ConfUtils.java:logGet(46)) - raft.server.threadpool.proxy.cached = true (default)
2023-01-25 10:22:46,884 [Listener at 127.0.0.1/33329] INFO  server.RaftServerConfigKeys (ConfUtils.java:logGet(46)) - raft.server.threadpool.proxy.size = 0 (default)
2023-01-25 10:22:46,884 [Listener at 127.0.0.1/33329] INFO  server.RaftServerConfigKeys (ConfUtils.java:logGet(46)) - raft.server.rpc.slowness.timeout = 300s (custom)
2023-01-25 10:22:46,884 [Listener at 127.0.0.1/33329] INFO  server.RaftServerConfigKeys (ConfUtils.java:logGet(46)) - raft.server.leaderelection.leader.step-down.wait-time = 10s (default)
2023-01-25 10:22:46,884 [Listener at 127.0.0.1/33329] INFO  server.RaftServerConfigKeys (ConfUtils.java:logGet(46)) - raft.server.storage.dir = [/home/runner/work/ozone/ozone/hadoop-ozone/integration-test/target/test-dir/MiniOzoneClusterImpl-1247b3fc-8c88-4cf7-b93f-ad2be507f780/datanode-3/data/ratis] (custom)
2023-01-25 10:22:46,885 [d93446b7-35bc-4b37-88f9-4794ab5c6ae8-NettyServerStreamRpc-bossGroup--thread1] INFO  logging.LoggingHandler (AbstractInternalLogger.java:log(148)) - [id: 0x478991fe] REGISTERED
2023-01-25 10:22:46,885 [d93446b7-35bc-4b37-88f9-4794ab5c6ae8-NettyServerStreamRpc-bossGroup--thread1] INFO  logging.LoggingHandler (AbstractInternalLogger.java:log(148)) - [id: 0x478991fe] BIND: 0.0.0.0/0.0.0.0:0
2023-01-25 10:22:46,886 [d93446b7-35bc-4b37-88f9-4794ab5c6ae8-NettyServerStreamRpc-bossGroup--thread1] INFO  logging.LoggingHandler (AbstractInternalLogger.java:log(148)) - [id: 0x478991fe, L:/0:0:0:0:0:0:0:0:34805] ACTIVE
2023-01-25 10:22:46,887 [Listener at 127.0.0.1/33329] INFO  server.XceiverServerGrpc (XceiverServerGrpc.java:<init>(132)) - GrpcServer channel type EpollServerSocketChannel
2023-01-25 10:22:46,891 [Listener at 127.0.0.1/33329] INFO  http.BaseHttpServer (BaseHttpServer.java:newHttpServer2BuilderForOzone(213)) - Starting Web-server for hddsDatanode at: http://0.0.0.0:0
2023-01-25 10:22:46,891 [Listener at 127.0.0.1/33329] INFO  http.BaseHttpServer (BaseHttpServer.java:<init>(108)) - Hadoop Security Enabled: false Ozone Security Enabled: false Ozone HTTP Security Enabled: false 
2023-01-25 10:22:46,892 [Listener at 127.0.0.1/33329] WARN  server.AuthenticationFilter (AuthenticationFilter.java:constructSecretProvider(240)) - Unable to initialize FileSignerSecretProvider, falling back to use random secrets. Reason: Could not read signature secret file: /home/runner/hadoop-http-auth-signature-secret
2023-01-25 10:22:46,899 [Listener at 127.0.0.1/33329] WARN  http.HttpRequestLog (HttpRequestLog.java:getRequestLog(103)) - Jetty request log can only be enabled using Log4j
2023-01-25 10:22:46,900 [Listener at 127.0.0.1/33329] INFO  http.HttpServer2 (HttpServer2.java:addGlobalFilter(1031)) - Added global filter 'safety' (class=org.apache.hadoop.hdds.server.http.HttpServer2$QuotingInputFilter)
2023-01-25 10:22:46,901 [Listener at 127.0.0.1/33329] INFO  http.HttpServer2 (HttpServer2.java:addFilter(1007)) - Added filter static_user_filter (class=org.apache.hadoop.http.lib.StaticUserWebFilter$StaticUserFilter) to context hddsDatanode
2023-01-25 10:22:46,901 [Listener at 127.0.0.1/33329] INFO  http.HttpServer2 (HttpServer2.java:addFilter(1015)) - Added filter static_user_filter (class=org.apache.hadoop.http.lib.StaticUserWebFilter$StaticUserFilter) to context static
2023-01-25 10:22:46,901 [Listener at 127.0.0.1/33329] INFO  http.HttpServer2 (HttpServer2.java:addFilter(1015)) - Added filter static_user_filter (class=org.apache.hadoop.http.lib.StaticUserWebFilter$StaticUserFilter) to context logs
2023-01-25 10:22:46,902 [Listener at 127.0.0.1/33329] INFO  http.HttpServer2 (HttpServer2.java:bindListener(1250)) - Jetty bound to port 40843
2023-01-25 10:22:46,902 [Listener at 127.0.0.1/33329] INFO  server.Server (Server.java:doStart(375)) - jetty-9.4.49.v20220914; built: 2022-09-14T01:07:36.601Z; git: 4231a3b2e4cb8548a412a789936d640a97b1aa0a; jvm 1.8.0_352-b08
2023-01-25 10:22:46,906 [Listener at 127.0.0.1/33329] INFO  server.session (DefaultSessionIdManager.java:doStart(334)) - DefaultSessionIdManager workerName=node0
2023-01-25 10:22:46,906 [Listener at 127.0.0.1/33329] INFO  server.session (DefaultSessionIdManager.java:doStart(339)) - No SessionScavenger set, using defaults
2023-01-25 10:22:46,906 [Listener at 127.0.0.1/33329] INFO  server.session (HouseKeeper.java:startScavenging(132)) - node0 Scavenging every 660000ms
2023-01-25 10:22:46,907 [Listener at 127.0.0.1/33329] INFO  handler.ContextHandler (ContextHandler.java:doStart(921)) - Started o.e.j.s.ServletContextHandler@3e8b14e1{logs,/logs,file:///home/runner/work/ozone/ozone/hadoop-ozone/integration-test/target/log,AVAILABLE}
2023-01-25 10:22:46,908 [Listener at 127.0.0.1/33329] INFO  handler.ContextHandler (ContextHandler.java:doStart(921)) - Started o.e.j.s.ServletContextHandler@2c2cf63d{static,/static,jar:file:/home/runner/.m2/repository/org/apache/ozone/hdds-container-service/1.4.0-SNAPSHOT/hdds-container-service-1.4.0-SNAPSHOT.jar!/webapps/static,AVAILABLE}
2023-01-25 10:22:47,078 [Listener at 127.0.0.1/33329] INFO  handler.ContextHandler (ContextHandler.java:doStart(921)) - Started o.e.j.w.WebAppContext@a1cd5c0{hddsDatanode,/,file:///tmp/jetty-0_0_0_0-40843-hdds-container-service-1_4_0-SNAPSHOT_jar-_-any-3901094240590868249/webapp/,AVAILABLE}{jar:file:/home/runner/.m2/repository/org/apache/ozone/hdds-container-service/1.4.0-SNAPSHOT/hdds-container-service-1.4.0-SNAPSHOT.jar!/webapps/hddsDatanode}
2023-01-25 10:22:47,079 [Listener at 127.0.0.1/33329] INFO  server.AbstractConnector (AbstractConnector.java:doStart(333)) - Started ServerConnector@7f71d07f{HTTP/1.1, (http/1.1)}{0.0.0.0:40843}
2023-01-25 10:22:47,079 [Listener at 127.0.0.1/33329] INFO  server.Server (Server.java:doStart(415)) - Started @8938ms
2023-01-25 10:22:47,079 [Listener at 127.0.0.1/33329] WARN  impl.MetricsSystemImpl (MetricsSystemImpl.java:register(279)) - Sink prometheus already exists!
2023-01-25 10:22:47,080 [Listener at 127.0.0.1/33329] INFO  http.BaseHttpServer (BaseHttpServer.java:updateConnectorAddress(333)) - HTTP server of hddsDatanode listening at http://0.0.0.0:40843
2023-01-25 10:22:47,080 [Datanode State Machine Daemon Thread] INFO  statemachine.DatanodeStateMachine (DatanodeStateMachine.java:lambda$startDaemon$0(519)) - Ozone container server started.
2023-01-25 10:22:47,084 [Listener at 127.0.0.1/33329] WARN  impl.MetricRegistriesImpl (MetricRegistriesImpl.java:addReporterRegistration(111)) - New reporters are added after registries were created. Some metrics will be missing from the reporter. Please add reporter before adding any new registry.
2023-01-25 10:22:47,089 [Listener at 127.0.0.1/33329] WARN  impl.MetricRegistriesImpl (MetricRegistriesImpl.java:addReporterRegistration(111)) - New reporters are added after registries were created. Some metrics will be missing from the reporter. Please add reporter before adding any new registry.
2023-01-25 10:22:47,089 [Listener at 127.0.0.1/33329] INFO  impl.MetricsSystemImpl (MetricsSystemImpl.java:init(158)) - HddsDatanode metrics system started (again)
2023-01-25 10:22:47,103 [Listener at 127.0.0.1/33329] INFO  ozone.HddsDatanodeService (HddsDatanodeService.java:start(228)) - HddsDatanodeService host:fv-az462-827.5dk1zbeb1hiuljg1e1zidnqquc.phxx.internal.cloudapp.net ip:10.1.0.14
2023-01-25 10:22:47,104 [org.apache.hadoop.util.JvmPauseMonitor$Monitor@404cca43] INFO  util.JvmPauseMonitor (JvmPauseMonitor.java:run(188)) - Starting JVM pause monitor
2023-01-25 10:22:47,116 [Datanode State Machine Task Thread - 0] INFO  datanode.InitDatanodeState (InitDatanodeState.java:persistContainerDatanodeDetails(138)) - DatanodeDetails is persisted to /home/runner/work/ozone/ozone/hadoop-ozone/integration-test/target/test-dir/MiniOzoneClusterImpl-1247b3fc-8c88-4cf7-b93f-ad2be507f780/datanode-3/meta/datanode.id
2023-01-25 10:22:47,126 [Listener at 127.0.0.1/33329] INFO  upgrade.AbstractLayoutVersionManager (AbstractLayoutVersionManager.java:init(83)) - Initializing Layout version manager with metadata layout = DATANODE_SCHEMA_V3 (version = 4), software layout = DATANODE_SCHEMA_V3 (version = 4)
2023-01-25 10:22:47,176 [Listener at 127.0.0.1/33329] INFO  reflections.Reflections (Reflections.java:scan(232)) - Reflections took 48 ms to scan 7 urls, producing 150 keys and 359 values 
2023-01-25 10:22:47,177 [Listener at 127.0.0.1/33329] INFO  statemachine.DatanodeStateMachine (DatanodeStateMachine.java:getEndPointTaskThreadPoolSize(259)) - Datanode State Machine Task Thread Pool size 2
2023-01-25 10:22:47,186 [Listener at 127.0.0.1/33329] INFO  volume.HddsVolume (HddsVolume.java:<init>(117)) - Creating HddsVolume: /home/runner/work/ozone/ozone/hadoop-ozone/integration-test/target/test-dir/MiniOzoneClusterImpl-1247b3fc-8c88-4cf7-b93f-ad2be507f780/datanode-4/data-0/containers/hdds of storage type : DISK capacity : 9223372036854775807
2023-01-25 10:22:47,186 [Listener at 127.0.0.1/33329] INFO  volume.MutableVolumeSet (MutableVolumeSet.java:initializeVolumeSet(174)) - Added Volume : /home/runner/work/ozone/ozone/hadoop-ozone/integration-test/target/test-dir/MiniOzoneClusterImpl-1247b3fc-8c88-4cf7-b93f-ad2be507f780/datanode-4/data-0/containers/hdds to VolumeSet
2023-01-25 10:22:47,187 [Listener at 127.0.0.1/33329] INFO  volume.ThrottledAsyncChecker (ThrottledAsyncChecker.java:schedule(141)) - Scheduling a check for /home/runner/work/ozone/ozone/hadoop-ozone/integration-test/target/test-dir/MiniOzoneClusterImpl-1247b3fc-8c88-4cf7-b93f-ad2be507f780/datanode-4/data-0/containers/hdds
2023-01-25 10:22:47,187 [Listener at 127.0.0.1/33329] INFO  volume.StorageVolumeChecker (StorageVolumeChecker.java:checkAllVolumes(202)) - Scheduled health check for volume /home/runner/work/ozone/ozone/hadoop-ozone/integration-test/target/test-dir/MiniOzoneClusterImpl-1247b3fc-8c88-4cf7-b93f-ad2be507f780/datanode-4/data-0/containers/hdds
2023-01-25 10:22:47,199 [Listener at 127.0.0.1/33329] INFO  volume.MutableVolumeSet (MutableVolumeSet.java:initializeVolumeSet(174)) - Added Volume : /home/runner/work/ozone/ozone/hadoop-ozone/integration-test/target/test-dir/MiniOzoneClusterImpl-1247b3fc-8c88-4cf7-b93f-ad2be507f780/datanode-4/data/ratis to VolumeSet
2023-01-25 10:22:47,199 [Listener at 127.0.0.1/33329] INFO  volume.ThrottledAsyncChecker (ThrottledAsyncChecker.java:schedule(141)) - Scheduling a check for /home/runner/work/ozone/ozone/hadoop-ozone/integration-test/target/test-dir/MiniOzoneClusterImpl-1247b3fc-8c88-4cf7-b93f-ad2be507f780/datanode-4/data/ratis
2023-01-25 10:22:47,199 [Listener at 127.0.0.1/33329] INFO  volume.StorageVolumeChecker (StorageVolumeChecker.java:checkAllVolumes(202)) - Scheduled health check for volume /home/runner/work/ozone/ozone/hadoop-ozone/integration-test/target/test-dir/MiniOzoneClusterImpl-1247b3fc-8c88-4cf7-b93f-ad2be507f780/datanode-4/data/ratis
2023-01-25 10:22:47,210 [Thread-194] INFO  ozoneimpl.ContainerReader (ContainerReader.java:readVolume(175)) - Finish verifying containers on volume /home/runner/work/ozone/ozone/hadoop-ozone/integration-test/target/test-dir/MiniOzoneClusterImpl-1247b3fc-8c88-4cf7-b93f-ad2be507f780/datanode-4/data-0/containers/hdds
2023-01-25 10:22:47,211 [Listener at 127.0.0.1/33329] INFO  ozoneimpl.OzoneContainer (OzoneContainer.java:buildContainerSet(305)) - Build ContainerSet costs 0s
2023-01-25 10:22:47,213 [Listener at 127.0.0.1/33329] INFO  server.RaftServer (ConfUtils.java:logGet(46)) - raft.rpc.type = GRPC (default)
2023-01-25 10:22:47,213 [Listener at 127.0.0.1/33329] INFO  grpc.GrpcConfigKeys (ConfUtils.java:logFallback(53)) - raft.grpc.admin.host = null (fallback to raft.grpc.server.host)
2023-01-25 10:22:47,213 [Listener at 127.0.0.1/33329] INFO  grpc.GrpcConfigKeys (ConfUtils.java:logGet(46)) - raft.grpc.admin.port = 0 (custom)
2023-01-25 10:22:47,214 [Listener at 127.0.0.1/33329] INFO  grpc.GrpcConfigKeys (ConfUtils.java:logFallback(53)) - raft.grpc.client.host = null (fallback to raft.grpc.server.host)
2023-01-25 10:22:47,214 [Listener at 127.0.0.1/33329] INFO  grpc.GrpcConfigKeys (ConfUtils.java:logGet(46)) - raft.grpc.client.port = 0 (custom)
2023-01-25 10:22:47,214 [Listener at 127.0.0.1/33329] INFO  grpc.GrpcConfigKeys (ConfUtils.java:logGet(46)) - raft.grpc.server.host = null (default)
2023-01-25 10:22:47,214 [Listener at 127.0.0.1/33329] INFO  grpc.GrpcConfigKeys (ConfUtils.java:logGet(46)) - raft.grpc.server.port = 0 (default)
2023-01-25 10:22:47,214 [Listener at 127.0.0.1/33329] INFO  server.GrpcService (ConfUtils.java:logGet(46)) - raft.grpc.message.size.max = 32MB (=33554432) (custom)
2023-01-25 10:22:47,214 [Listener at 127.0.0.1/33329] INFO  server.RaftServerConfigKeys (ConfUtils.java:logGet(46)) - raft.server.log.appender.buffer.byte-limit = 33554432 (custom)
2023-01-25 10:22:47,214 [Listener at 127.0.0.1/33329] INFO  server.GrpcService (ConfUtils.java:logGet(46)) - raft.grpc.flow.control.window = 5MB (=5242880) (custom)
2023-01-25 10:22:47,214 [Listener at 127.0.0.1/33329] INFO  server.RaftServerConfigKeys (ConfUtils.java:logGet(46)) - raft.server.rpc.request.timeout = 60s (custom)
2023-01-25 10:22:47,214 [Listener at 127.0.0.1/33329] INFO  grpc.GrpcConfigKeys (ConfUtils.java:logGet(46)) - raft.grpc.server.heartbeat.channel = true (default)
2023-01-25 10:22:47,214 [Listener at 127.0.0.1/33329] INFO  grpc.GrpcConfigKeys (ConfUtils.java:logGet(46)) - raft.grpc.server.async.request.thread.pool.cached = true (default)
2023-01-25 10:22:47,214 [Listener at 127.0.0.1/33329] INFO  grpc.GrpcConfigKeys (ConfUtils.java:logGet(46)) - raft.grpc.server.async.request.thread.pool.size = 32 (default)
2023-01-25 10:22:47,215 [Listener at 127.0.0.1/33329] INFO  impl.DataStreamServerImpl (ConfUtils.java:logGet(46)) - raft.datastream.type = NETTY (custom)
2023-01-25 10:22:47,216 [Listener at 127.0.0.1/33329] INFO  server.RaftServerConfigKeys (ConfUtils.java:logGet(46)) - raft.server.data-stream.async.request.thread.pool.cached = false (default)
2023-01-25 10:22:47,216 [Listener at 127.0.0.1/33329] INFO  server.RaftServerConfigKeys (ConfUtils.java:logGet(46)) - raft.server.data-stream.async.request.thread.pool.size = 20 (custom)
2023-01-25 10:22:47,216 [Listener at 127.0.0.1/33329] INFO  server.RaftServerConfigKeys (ConfUtils.java:logGet(46)) - raft.server.data-stream.async.write.thread.pool.size = 16 (default)
2023-01-25 10:22:47,216 [Listener at 127.0.0.1/33329] INFO  server.RaftServerConfigKeys (ConfUtils.java:logGet(46)) - raft.server.data-stream.client.pool.size = 10 (default)
2023-01-25 10:22:47,216 [Listener at 127.0.0.1/33329] INFO  netty.NettyConfigKeys$DataStream (ConfUtils.java:logGet(46)) - raft.netty.dataStream.server.use-epoll = false (default)
2023-01-25 10:22:47,216 [Listener at 127.0.0.1/33329] INFO  netty.NettyConfigKeys$DataStream (ConfUtils.java:logGet(46)) - raft.netty.dataStream.server.boss-group.size = 0 (default)
2023-01-25 10:22:47,216 [Listener at 127.0.0.1/33329] INFO  netty.NettyConfigKeys$DataStream (ConfUtils.java:logGet(46)) - raft.netty.dataStream.server.worker-group.size = 0 (default)
2023-01-25 10:22:47,217 [Listener at 127.0.0.1/33329] INFO  netty.NettyConfigKeys$DataStream (ConfUtils.java:logGet(46)) - raft.netty.dataStream.server.tls.conf = null (default)
2023-01-25 10:22:47,217 [Listener at 127.0.0.1/33329] INFO  netty.NettyConfigKeys$DataStream (ConfUtils.java:logGet(46)) - raft.netty.dataStream.host = null (default)
2023-01-25 10:22:47,217 [Listener at 127.0.0.1/33329] INFO  netty.NettyConfigKeys$DataStream (ConfUtils.java:logGet(46)) - raft.netty.dataStream.port = 0 (default)
2023-01-25 10:22:47,222 [Listener at 127.0.0.1/33329] INFO  server.RaftServerConfigKeys (ConfUtils.java:logGet(46)) - raft.server.threadpool.proxy.cached = true (default)
2023-01-25 10:22:47,223 [Listener at 127.0.0.1/33329] INFO  server.RaftServerConfigKeys (ConfUtils.java:logGet(46)) - raft.server.threadpool.proxy.size = 0 (default)
2023-01-25 10:22:47,224 [Listener at 127.0.0.1/33329] INFO  server.RaftServerConfigKeys (ConfUtils.java:logGet(46)) - raft.server.rpc.slowness.timeout = 300s (custom)
2023-01-25 10:22:47,225 [Listener at 127.0.0.1/33329] INFO  server.RaftServerConfigKeys (ConfUtils.java:logGet(46)) - raft.server.leaderelection.leader.step-down.wait-time = 10s (default)
2023-01-25 10:22:47,225 [Listener at 127.0.0.1/33329] INFO  server.RaftServerConfigKeys (ConfUtils.java:logGet(46)) - raft.server.storage.dir = [/home/runner/work/ozone/ozone/hadoop-ozone/integration-test/target/test-dir/MiniOzoneClusterImpl-1247b3fc-8c88-4cf7-b93f-ad2be507f780/datanode-4/data/ratis] (custom)
2023-01-25 10:22:47,237 [Listener at 127.0.0.1/33329] INFO  server.XceiverServerGrpc (XceiverServerGrpc.java:<init>(132)) - GrpcServer channel type EpollServerSocketChannel
2023-01-25 10:22:47,244 [330431a7-276c-471f-aefe-b311ee71fd61-NettyServerStreamRpc-bossGroup--thread1] INFO  logging.LoggingHandler (AbstractInternalLogger.java:log(148)) - [id: 0x7cda55e0] REGISTERED
2023-01-25 10:22:47,245 [330431a7-276c-471f-aefe-b311ee71fd61-NettyServerStreamRpc-bossGroup--thread1] INFO  logging.LoggingHandler (AbstractInternalLogger.java:log(148)) - [id: 0x7cda55e0] BIND: 0.0.0.0/0.0.0.0:0
2023-01-25 10:22:47,245 [330431a7-276c-471f-aefe-b311ee71fd61-NettyServerStreamRpc-bossGroup--thread1] INFO  logging.LoggingHandler (AbstractInternalLogger.java:log(148)) - [id: 0x7cda55e0, L:/0:0:0:0:0:0:0:0:35499] ACTIVE
2023-01-25 10:22:47,245 [Listener at 127.0.0.1/33329] INFO  http.BaseHttpServer (BaseHttpServer.java:newHttpServer2BuilderForOzone(213)) - Starting Web-server for hddsDatanode at: http://0.0.0.0:0
2023-01-25 10:22:47,245 [Listener at 127.0.0.1/33329] INFO  http.BaseHttpServer (BaseHttpServer.java:<init>(108)) - Hadoop Security Enabled: false Ozone Security Enabled: false Ozone HTTP Security Enabled: false 
2023-01-25 10:22:47,247 [Listener at 127.0.0.1/33329] WARN  server.AuthenticationFilter (AuthenticationFilter.java:constructSecretProvider(240)) - Unable to initialize FileSignerSecretProvider, falling back to use random secrets. Reason: Could not read signature secret file: /home/runner/hadoop-http-auth-signature-secret
2023-01-25 10:22:47,250 [Listener at 127.0.0.1/33329] WARN  http.HttpRequestLog (HttpRequestLog.java:getRequestLog(103)) - Jetty request log can only be enabled using Log4j
2023-01-25 10:22:47,252 [Listener at 127.0.0.1/33329] INFO  http.HttpServer2 (HttpServer2.java:addGlobalFilter(1031)) - Added global filter 'safety' (class=org.apache.hadoop.hdds.server.http.HttpServer2$QuotingInputFilter)
2023-01-25 10:22:47,253 [Listener at 127.0.0.1/33329] INFO  http.HttpServer2 (HttpServer2.java:addFilter(1007)) - Added filter static_user_filter (class=org.apache.hadoop.http.lib.StaticUserWebFilter$StaticUserFilter) to context hddsDatanode
2023-01-25 10:22:47,253 [Listener at 127.0.0.1/33329] INFO  http.HttpServer2 (HttpServer2.java:addFilter(1015)) - Added filter static_user_filter (class=org.apache.hadoop.http.lib.StaticUserWebFilter$StaticUserFilter) to context logs
2023-01-25 10:22:47,255 [Listener at 127.0.0.1/33329] INFO  http.HttpServer2 (HttpServer2.java:addFilter(1015)) - Added filter static_user_filter (class=org.apache.hadoop.http.lib.StaticUserWebFilter$StaticUserFilter) to context static
2023-01-25 10:22:47,256 [Listener at 127.0.0.1/33329] INFO  http.HttpServer2 (HttpServer2.java:bindListener(1250)) - Jetty bound to port 40481
2023-01-25 10:22:47,256 [Listener at 127.0.0.1/33329] INFO  server.Server (Server.java:doStart(375)) - jetty-9.4.49.v20220914; built: 2022-09-14T01:07:36.601Z; git: 4231a3b2e4cb8548a412a789936d640a97b1aa0a; jvm 1.8.0_352-b08
2023-01-25 10:22:47,259 [Listener at 127.0.0.1/33329] INFO  server.session (DefaultSessionIdManager.java:doStart(334)) - DefaultSessionIdManager workerName=node0
2023-01-25 10:22:47,259 [Listener at 127.0.0.1/33329] INFO  server.session (DefaultSessionIdManager.java:doStart(339)) - No SessionScavenger set, using defaults
2023-01-25 10:22:47,259 [Listener at 127.0.0.1/33329] INFO  server.session (HouseKeeper.java:startScavenging(132)) - node0 Scavenging every 600000ms
2023-01-25 10:22:47,262 [Listener at 127.0.0.1/33329] INFO  handler.ContextHandler (ContextHandler.java:doStart(921)) - Started o.e.j.s.ServletContextHandler@41148b01{logs,/logs,file:///home/runner/work/ozone/ozone/hadoop-ozone/integration-test/target/log,AVAILABLE}
2023-01-25 10:22:47,263 [Listener at 127.0.0.1/33329] INFO  handler.ContextHandler (ContextHandler.java:doStart(921)) - Started o.e.j.s.ServletContextHandler@711babc7{static,/static,jar:file:/home/runner/.m2/repository/org/apache/ozone/hdds-container-service/1.4.0-SNAPSHOT/hdds-container-service-1.4.0-SNAPSHOT.jar!/webapps/static,AVAILABLE}
2023-01-25 10:22:47,440 [Listener at 127.0.0.1/33329] INFO  handler.ContextHandler (ContextHandler.java:doStart(921)) - Started o.e.j.w.WebAppContext@7049e176{hddsDatanode,/,file:///tmp/jetty-0_0_0_0-40481-hdds-container-service-1_4_0-SNAPSHOT_jar-_-any-699033090582219788/webapp/,AVAILABLE}{jar:file:/home/runner/.m2/repository/org/apache/ozone/hdds-container-service/1.4.0-SNAPSHOT/hdds-container-service-1.4.0-SNAPSHOT.jar!/webapps/hddsDatanode}
2023-01-25 10:22:47,441 [Listener at 127.0.0.1/33329] INFO  server.AbstractConnector (AbstractConnector.java:doStart(333)) - Started ServerConnector@7a3a7f99{HTTP/1.1, (http/1.1)}{0.0.0.0:40481}
2023-01-25 10:22:47,441 [Listener at 127.0.0.1/33329] INFO  server.Server (Server.java:doStart(415)) - Started @9300ms
2023-01-25 10:22:47,441 [Listener at 127.0.0.1/33329] WARN  impl.MetricsSystemImpl (MetricsSystemImpl.java:register(279)) - Sink prometheus already exists!
2023-01-25 10:22:47,442 [Listener at 127.0.0.1/33329] INFO  http.BaseHttpServer (BaseHttpServer.java:updateConnectorAddress(333)) - HTTP server of hddsDatanode listening at http://0.0.0.0:40481
2023-01-25 10:22:47,442 [Listener at 127.0.0.1/33329] WARN  impl.MetricRegistriesImpl (MetricRegistriesImpl.java:addReporterRegistration(111)) - New reporters are added after registries were created. Some metrics will be missing from the reporter. Please add reporter before adding any new registry.
2023-01-25 10:22:47,442 [Listener at 127.0.0.1/33329] WARN  impl.MetricRegistriesImpl (MetricRegistriesImpl.java:addReporterRegistration(111)) - New reporters are added after registries were created. Some metrics will be missing from the reporter. Please add reporter before adding any new registry.
2023-01-25 10:22:47,442 [Listener at 127.0.0.1/33329] INFO  impl.MetricsSystemImpl (MetricsSystemImpl.java:init(158)) - HddsDatanode metrics system started (again)
2023-01-25 10:22:47,443 [Datanode State Machine Daemon Thread] INFO  statemachine.DatanodeStateMachine (DatanodeStateMachine.java:lambda$startDaemon$0(519)) - Ozone container server started.
2023-01-25 10:22:47,454 [Listener at 127.0.0.1/33329] INFO  ozone.HddsDatanodeService (HddsDatanodeService.java:start(228)) - HddsDatanodeService host:fv-az462-827.5dk1zbeb1hiuljg1e1zidnqquc.phxx.internal.cloudapp.net ip:10.1.0.14
2023-01-25 10:22:47,454 [org.apache.hadoop.util.JvmPauseMonitor$Monitor@7db52498] INFO  util.JvmPauseMonitor (JvmPauseMonitor.java:run(188)) - Starting JVM pause monitor
2023-01-25 10:22:47,458 [Datanode State Machine Task Thread - 0] INFO  datanode.InitDatanodeState (InitDatanodeState.java:persistContainerDatanodeDetails(138)) - DatanodeDetails is persisted to /home/runner/work/ozone/ozone/hadoop-ozone/integration-test/target/test-dir/MiniOzoneClusterImpl-1247b3fc-8c88-4cf7-b93f-ad2be507f780/datanode-4/meta/datanode.id
2023-01-25 10:22:47,485 [Listener at 127.0.0.1/33329] INFO  upgrade.AbstractLayoutVersionManager (AbstractLayoutVersionManager.java:init(83)) - Initializing Layout version manager with metadata layout = DATANODE_SCHEMA_V3 (version = 4), software layout = DATANODE_SCHEMA_V3 (version = 4)
2023-01-25 10:22:47,529 [Listener at 127.0.0.1/33329] INFO  reflections.Reflections (Reflections.java:scan(232)) - Reflections took 42 ms to scan 7 urls, producing 150 keys and 359 values 
2023-01-25 10:22:47,530 [Listener at 127.0.0.1/33329] INFO  statemachine.DatanodeStateMachine (DatanodeStateMachine.java:getEndPointTaskThreadPoolSize(259)) - Datanode State Machine Task Thread Pool size 2
2023-01-25 10:22:47,532 [Listener at 127.0.0.1/33329] INFO  volume.HddsVolume (HddsVolume.java:<init>(117)) - Creating HddsVolume: /home/runner/work/ozone/ozone/hadoop-ozone/integration-test/target/test-dir/MiniOzoneClusterImpl-1247b3fc-8c88-4cf7-b93f-ad2be507f780/datanode-5/data-0/containers/hdds of storage type : DISK capacity : 9223372036854775807
2023-01-25 10:22:47,532 [Listener at 127.0.0.1/33329] INFO  volume.MutableVolumeSet (MutableVolumeSet.java:initializeVolumeSet(174)) - Added Volume : /home/runner/work/ozone/ozone/hadoop-ozone/integration-test/target/test-dir/MiniOzoneClusterImpl-1247b3fc-8c88-4cf7-b93f-ad2be507f780/datanode-5/data-0/containers/hdds to VolumeSet
2023-01-25 10:22:47,533 [Listener at 127.0.0.1/33329] INFO  volume.ThrottledAsyncChecker (ThrottledAsyncChecker.java:schedule(141)) - Scheduling a check for /home/runner/work/ozone/ozone/hadoop-ozone/integration-test/target/test-dir/MiniOzoneClusterImpl-1247b3fc-8c88-4cf7-b93f-ad2be507f780/datanode-5/data-0/containers/hdds
2023-01-25 10:22:47,533 [Listener at 127.0.0.1/33329] INFO  volume.StorageVolumeChecker (StorageVolumeChecker.java:checkAllVolumes(202)) - Scheduled health check for volume /home/runner/work/ozone/ozone/hadoop-ozone/integration-test/target/test-dir/MiniOzoneClusterImpl-1247b3fc-8c88-4cf7-b93f-ad2be507f780/datanode-5/data-0/containers/hdds
2023-01-25 10:22:47,544 [Listener at 127.0.0.1/33329] INFO  volume.MutableVolumeSet (MutableVolumeSet.java:initializeVolumeSet(174)) - Added Volume : /home/runner/work/ozone/ozone/hadoop-ozone/integration-test/target/test-dir/MiniOzoneClusterImpl-1247b3fc-8c88-4cf7-b93f-ad2be507f780/datanode-5/data/ratis to VolumeSet
2023-01-25 10:22:47,544 [Listener at 127.0.0.1/33329] INFO  volume.ThrottledAsyncChecker (ThrottledAsyncChecker.java:schedule(141)) - Scheduling a check for /home/runner/work/ozone/ozone/hadoop-ozone/integration-test/target/test-dir/MiniOzoneClusterImpl-1247b3fc-8c88-4cf7-b93f-ad2be507f780/datanode-5/data/ratis
2023-01-25 10:22:47,544 [Listener at 127.0.0.1/33329] INFO  volume.StorageVolumeChecker (StorageVolumeChecker.java:checkAllVolumes(202)) - Scheduled health check for volume /home/runner/work/ozone/ozone/hadoop-ozone/integration-test/target/test-dir/MiniOzoneClusterImpl-1247b3fc-8c88-4cf7-b93f-ad2be507f780/datanode-5/data/ratis
2023-01-25 10:22:47,554 [Thread-208] INFO  ozoneimpl.ContainerReader (ContainerReader.java:readVolume(175)) - Finish verifying containers on volume /home/runner/work/ozone/ozone/hadoop-ozone/integration-test/target/test-dir/MiniOzoneClusterImpl-1247b3fc-8c88-4cf7-b93f-ad2be507f780/datanode-5/data-0/containers/hdds
2023-01-25 10:22:47,554 [Listener at 127.0.0.1/33329] INFO  ozoneimpl.OzoneContainer (OzoneContainer.java:buildContainerSet(305)) - Build ContainerSet costs 0s
2023-01-25 10:22:47,557 [Listener at 127.0.0.1/33329] INFO  server.RaftServer (ConfUtils.java:logGet(46)) - raft.rpc.type = GRPC (default)
2023-01-25 10:22:47,557 [Listener at 127.0.0.1/33329] INFO  grpc.GrpcConfigKeys (ConfUtils.java:logFallback(53)) - raft.grpc.admin.host = null (fallback to raft.grpc.server.host)
2023-01-25 10:22:47,557 [Listener at 127.0.0.1/33329] INFO  grpc.GrpcConfigKeys (ConfUtils.java:logGet(46)) - raft.grpc.admin.port = 0 (custom)
2023-01-25 10:22:47,557 [Listener at 127.0.0.1/33329] INFO  grpc.GrpcConfigKeys (ConfUtils.java:logFallback(53)) - raft.grpc.client.host = null (fallback to raft.grpc.server.host)
2023-01-25 10:22:47,558 [Listener at 127.0.0.1/33329] INFO  grpc.GrpcConfigKeys (ConfUtils.java:logGet(46)) - raft.grpc.client.port = 0 (custom)
2023-01-25 10:22:47,558 [Listener at 127.0.0.1/33329] INFO  grpc.GrpcConfigKeys (ConfUtils.java:logGet(46)) - raft.grpc.server.host = null (default)
2023-01-25 10:22:47,558 [Listener at 127.0.0.1/33329] INFO  grpc.GrpcConfigKeys (ConfUtils.java:logGet(46)) - raft.grpc.server.port = 0 (default)
2023-01-25 10:22:47,558 [Listener at 127.0.0.1/33329] INFO  server.GrpcService (ConfUtils.java:logGet(46)) - raft.grpc.message.size.max = 32MB (=33554432) (custom)
2023-01-25 10:22:47,558 [Listener at 127.0.0.1/33329] INFO  server.RaftServerConfigKeys (ConfUtils.java:logGet(46)) - raft.server.log.appender.buffer.byte-limit = 33554432 (custom)
2023-01-25 10:22:47,558 [Listener at 127.0.0.1/33329] INFO  server.GrpcService (ConfUtils.java:logGet(46)) - raft.grpc.flow.control.window = 5MB (=5242880) (custom)
2023-01-25 10:22:47,558 [Listener at 127.0.0.1/33329] INFO  server.RaftServerConfigKeys (ConfUtils.java:logGet(46)) - raft.server.rpc.request.timeout = 60s (custom)
2023-01-25 10:22:47,558 [Listener at 127.0.0.1/33329] INFO  grpc.GrpcConfigKeys (ConfUtils.java:logGet(46)) - raft.grpc.server.heartbeat.channel = true (default)
2023-01-25 10:22:47,558 [Listener at 127.0.0.1/33329] INFO  grpc.GrpcConfigKeys (ConfUtils.java:logGet(46)) - raft.grpc.server.async.request.thread.pool.cached = true (default)
2023-01-25 10:22:47,558 [Listener at 127.0.0.1/33329] INFO  grpc.GrpcConfigKeys (ConfUtils.java:logGet(46)) - raft.grpc.server.async.request.thread.pool.size = 32 (default)
2023-01-25 10:22:47,559 [Listener at 127.0.0.1/33329] INFO  impl.DataStreamServerImpl (ConfUtils.java:logGet(46)) - raft.datastream.type = NETTY (custom)
2023-01-25 10:22:47,559 [Listener at 127.0.0.1/33329] INFO  server.RaftServerConfigKeys (ConfUtils.java:logGet(46)) - raft.server.data-stream.async.request.thread.pool.cached = false (default)
2023-01-25 10:22:47,560 [Listener at 127.0.0.1/33329] INFO  server.RaftServerConfigKeys (ConfUtils.java:logGet(46)) - raft.server.data-stream.async.request.thread.pool.size = 20 (custom)
2023-01-25 10:22:47,560 [Listener at 127.0.0.1/33329] INFO  server.RaftServerConfigKeys (ConfUtils.java:logGet(46)) - raft.server.data-stream.async.write.thread.pool.size = 16 (default)
2023-01-25 10:22:47,560 [Listener at 127.0.0.1/33329] INFO  server.RaftServerConfigKeys (ConfUtils.java:logGet(46)) - raft.server.data-stream.client.pool.size = 10 (default)
2023-01-25 10:22:47,560 [Listener at 127.0.0.1/33329] INFO  netty.NettyConfigKeys$DataStream (ConfUtils.java:logGet(46)) - raft.netty.dataStream.server.use-epoll = false (default)
2023-01-25 10:22:47,560 [Listener at 127.0.0.1/33329] INFO  netty.NettyConfigKeys$DataStream (ConfUtils.java:logGet(46)) - raft.netty.dataStream.server.boss-group.size = 0 (default)
2023-01-25 10:22:47,560 [Listener at 127.0.0.1/33329] INFO  netty.NettyConfigKeys$DataStream (ConfUtils.java:logGet(46)) - raft.netty.dataStream.server.worker-group.size = 0 (default)
2023-01-25 10:22:47,560 [Listener at 127.0.0.1/33329] INFO  netty.NettyConfigKeys$DataStream (ConfUtils.java:logGet(46)) - raft.netty.dataStream.server.tls.conf = null (default)
2023-01-25 10:22:47,561 [Listener at 127.0.0.1/33329] INFO  netty.NettyConfigKeys$DataStream (ConfUtils.java:logGet(46)) - raft.netty.dataStream.host = null (default)
2023-01-25 10:22:47,561 [Listener at 127.0.0.1/33329] INFO  netty.NettyConfigKeys$DataStream (ConfUtils.java:logGet(46)) - raft.netty.dataStream.port = 0 (default)
2023-01-25 10:22:47,562 [Listener at 127.0.0.1/33329] INFO  server.RaftServerConfigKeys (ConfUtils.java:logGet(46)) - raft.server.threadpool.proxy.cached = true (default)
2023-01-25 10:22:47,562 [Listener at 127.0.0.1/33329] INFO  server.RaftServerConfigKeys (ConfUtils.java:logGet(46)) - raft.server.threadpool.proxy.size = 0 (default)
2023-01-25 10:22:47,563 [Listener at 127.0.0.1/33329] INFO  server.RaftServerConfigKeys (ConfUtils.java:logGet(46)) - raft.server.rpc.slowness.timeout = 300s (custom)
2023-01-25 10:22:47,563 [Listener at 127.0.0.1/33329] INFO  server.RaftServerConfigKeys (ConfUtils.java:logGet(46)) - raft.server.leaderelection.leader.step-down.wait-time = 10s (default)
2023-01-25 10:22:47,563 [Listener at 127.0.0.1/33329] INFO  server.RaftServerConfigKeys (ConfUtils.java:logGet(46)) - raft.server.storage.dir = [/home/runner/work/ozone/ozone/hadoop-ozone/integration-test/target/test-dir/MiniOzoneClusterImpl-1247b3fc-8c88-4cf7-b93f-ad2be507f780/datanode-5/data/ratis] (custom)
2023-01-25 10:22:47,574 [Listener at 127.0.0.1/33329] INFO  server.XceiverServerGrpc (XceiverServerGrpc.java:<init>(132)) - GrpcServer channel type EpollServerSocketChannel
2023-01-25 10:22:47,576 [d3187004-3c5d-4262-9ff7-104fb060a734-NettyServerStreamRpc-bossGroup--thread1] INFO  logging.LoggingHandler (AbstractInternalLogger.java:log(148)) - [id: 0xa269aab8] REGISTERED
2023-01-25 10:22:47,576 [d3187004-3c5d-4262-9ff7-104fb060a734-NettyServerStreamRpc-bossGroup--thread1] INFO  logging.LoggingHandler (AbstractInternalLogger.java:log(148)) - [id: 0xa269aab8] BIND: 0.0.0.0/0.0.0.0:0
2023-01-25 10:22:47,576 [d3187004-3c5d-4262-9ff7-104fb060a734-NettyServerStreamRpc-bossGroup--thread1] INFO  logging.LoggingHandler (AbstractInternalLogger.java:log(148)) - [id: 0xa269aab8, L:/0:0:0:0:0:0:0:0:38809] ACTIVE
2023-01-25 10:22:47,577 [Listener at 127.0.0.1/33329] INFO  http.BaseHttpServer (BaseHttpServer.java:newHttpServer2BuilderForOzone(213)) - Starting Web-server for hddsDatanode at: http://0.0.0.0:0
2023-01-25 10:22:47,577 [Listener at 127.0.0.1/33329] INFO  http.BaseHttpServer (BaseHttpServer.java:<init>(108)) - Hadoop Security Enabled: false Ozone Security Enabled: false Ozone HTTP Security Enabled: false 
2023-01-25 10:22:47,578 [Listener at 127.0.0.1/33329] WARN  server.AuthenticationFilter (AuthenticationFilter.java:constructSecretProvider(240)) - Unable to initialize FileSignerSecretProvider, falling back to use random secrets. Reason: Could not read signature secret file: /home/runner/hadoop-http-auth-signature-secret
2023-01-25 10:22:47,580 [Listener at 127.0.0.1/33329] WARN  http.HttpRequestLog (HttpRequestLog.java:getRequestLog(103)) - Jetty request log can only be enabled using Log4j
2023-01-25 10:22:47,581 [Listener at 127.0.0.1/33329] INFO  http.HttpServer2 (HttpServer2.java:addGlobalFilter(1031)) - Added global filter 'safety' (class=org.apache.hadoop.hdds.server.http.HttpServer2$QuotingInputFilter)
2023-01-25 10:22:47,582 [Listener at 127.0.0.1/33329] INFO  http.HttpServer2 (HttpServer2.java:addFilter(1007)) - Added filter static_user_filter (class=org.apache.hadoop.http.lib.StaticUserWebFilter$StaticUserFilter) to context hddsDatanode
2023-01-25 10:22:47,582 [Listener at 127.0.0.1/33329] INFO  http.HttpServer2 (HttpServer2.java:addFilter(1015)) - Added filter static_user_filter (class=org.apache.hadoop.http.lib.StaticUserWebFilter$StaticUserFilter) to context logs
2023-01-25 10:22:47,582 [Listener at 127.0.0.1/33329] INFO  http.HttpServer2 (HttpServer2.java:addFilter(1015)) - Added filter static_user_filter (class=org.apache.hadoop.http.lib.StaticUserWebFilter$StaticUserFilter) to context static
2023-01-25 10:22:47,583 [Listener at 127.0.0.1/33329] INFO  http.HttpServer2 (HttpServer2.java:bindListener(1250)) - Jetty bound to port 46537
2023-01-25 10:22:47,583 [Listener at 127.0.0.1/33329] INFO  server.Server (Server.java:doStart(375)) - jetty-9.4.49.v20220914; built: 2022-09-14T01:07:36.601Z; git: 4231a3b2e4cb8548a412a789936d640a97b1aa0a; jvm 1.8.0_352-b08
2023-01-25 10:22:47,587 [Listener at 127.0.0.1/33329] INFO  server.session (DefaultSessionIdManager.java:doStart(334)) - DefaultSessionIdManager workerName=node0
2023-01-25 10:22:47,587 [Listener at 127.0.0.1/33329] INFO  server.session (DefaultSessionIdManager.java:doStart(339)) - No SessionScavenger set, using defaults
2023-01-25 10:22:47,588 [Listener at 127.0.0.1/33329] INFO  server.session (HouseKeeper.java:startScavenging(132)) - node0 Scavenging every 660000ms
2023-01-25 10:22:47,589 [Listener at 127.0.0.1/33329] INFO  handler.ContextHandler (ContextHandler.java:doStart(921)) - Started o.e.j.s.ServletContextHandler@167046f2{logs,/logs,file:///home/runner/work/ozone/ozone/hadoop-ozone/integration-test/target/log,AVAILABLE}
2023-01-25 10:22:47,589 [Listener at 127.0.0.1/33329] INFO  handler.ContextHandler (ContextHandler.java:doStart(921)) - Started o.e.j.s.ServletContextHandler@2f506649{static,/static,jar:file:/home/runner/.m2/repository/org/apache/ozone/hdds-container-service/1.4.0-SNAPSHOT/hdds-container-service-1.4.0-SNAPSHOT.jar!/webapps/static,AVAILABLE}
2023-01-25 10:22:47,775 [Listener at 127.0.0.1/33329] INFO  handler.ContextHandler (ContextHandler.java:doStart(921)) - Started o.e.j.w.WebAppContext@4af6e801{hddsDatanode,/,file:///tmp/jetty-0_0_0_0-46537-hdds-container-service-1_4_0-SNAPSHOT_jar-_-any-7294235186991138820/webapp/,AVAILABLE}{jar:file:/home/runner/.m2/repository/org/apache/ozone/hdds-container-service/1.4.0-SNAPSHOT/hdds-container-service-1.4.0-SNAPSHOT.jar!/webapps/hddsDatanode}
2023-01-25 10:22:47,776 [Listener at 127.0.0.1/33329] INFO  server.AbstractConnector (AbstractConnector.java:doStart(333)) - Started ServerConnector@1cebff9f{HTTP/1.1, (http/1.1)}{0.0.0.0:46537}
2023-01-25 10:22:47,776 [Listener at 127.0.0.1/33329] INFO  server.Server (Server.java:doStart(415)) - Started @9635ms
2023-01-25 10:22:47,776 [Listener at 127.0.0.1/33329] WARN  impl.MetricsSystemImpl (MetricsSystemImpl.java:register(279)) - Sink prometheus already exists!
2023-01-25 10:22:47,777 [Listener at 127.0.0.1/33329] INFO  http.BaseHttpServer (BaseHttpServer.java:updateConnectorAddress(333)) - HTTP server of hddsDatanode listening at http://0.0.0.0:46537
2023-01-25 10:22:47,783 [Listener at 127.0.0.1/33329] WARN  impl.MetricRegistriesImpl (MetricRegistriesImpl.java:addReporterRegistration(111)) - New reporters are added after registries were created. Some metrics will be missing from the reporter. Please add reporter before adding any new registry.
2023-01-25 10:22:47,783 [Listener at 127.0.0.1/33329] WARN  impl.MetricRegistriesImpl (MetricRegistriesImpl.java:addReporterRegistration(111)) - New reporters are added after registries were created. Some metrics will be missing from the reporter. Please add reporter before adding any new registry.
2023-01-25 10:22:47,783 [Listener at 127.0.0.1/33329] INFO  impl.MetricsSystemImpl (MetricsSystemImpl.java:init(158)) - HddsDatanode metrics system started (again)
2023-01-25 10:22:47,783 [Datanode State Machine Daemon Thread] INFO  statemachine.DatanodeStateMachine (DatanodeStateMachine.java:lambda$startDaemon$0(519)) - Ozone container server started.
2023-01-25 10:22:47,807 [Listener at 127.0.0.1/33329] INFO  ozone.HddsDatanodeService (HddsDatanodeService.java:start(228)) - HddsDatanodeService host:fv-az462-827.5dk1zbeb1hiuljg1e1zidnqquc.phxx.internal.cloudapp.net ip:10.1.0.14
2023-01-25 10:22:47,821 [org.apache.hadoop.util.JvmPauseMonitor$Monitor@64fe178e] INFO  util.JvmPauseMonitor (JvmPauseMonitor.java:run(188)) - Starting JVM pause monitor
2023-01-25 10:22:47,824 [Datanode State Machine Task Thread - 0] INFO  datanode.InitDatanodeState (InitDatanodeState.java:persistContainerDatanodeDetails(138)) - DatanodeDetails is persisted to /home/runner/work/ozone/ozone/hadoop-ozone/integration-test/target/test-dir/MiniOzoneClusterImpl-1247b3fc-8c88-4cf7-b93f-ad2be507f780/datanode-5/meta/datanode.id
2023-01-25 10:22:47,834 [Listener at 127.0.0.1/33329] INFO  upgrade.AbstractLayoutVersionManager (AbstractLayoutVersionManager.java:init(83)) - Initializing Layout version manager with metadata layout = DATANODE_SCHEMA_V3 (version = 4), software layout = DATANODE_SCHEMA_V3 (version = 4)
2023-01-25 10:22:47,943 [Listener at 127.0.0.1/33329] INFO  reflections.Reflections (Reflections.java:scan(232)) - Reflections took 107 ms to scan 7 urls, producing 150 keys and 359 values 
2023-01-25 10:22:47,945 [Listener at 127.0.0.1/33329] INFO  statemachine.DatanodeStateMachine (DatanodeStateMachine.java:getEndPointTaskThreadPoolSize(259)) - Datanode State Machine Task Thread Pool size 2
2023-01-25 10:22:47,953 [Listener at 127.0.0.1/33329] INFO  volume.HddsVolume (HddsVolume.java:<init>(117)) - Creating HddsVolume: /home/runner/work/ozone/ozone/hadoop-ozone/integration-test/target/test-dir/MiniOzoneClusterImpl-1247b3fc-8c88-4cf7-b93f-ad2be507f780/datanode-6/data-0/containers/hdds of storage type : DISK capacity : 9223372036854775807
2023-01-25 10:22:47,953 [Listener at 127.0.0.1/33329] INFO  volume.MutableVolumeSet (MutableVolumeSet.java:initializeVolumeSet(174)) - Added Volume : /home/runner/work/ozone/ozone/hadoop-ozone/integration-test/target/test-dir/MiniOzoneClusterImpl-1247b3fc-8c88-4cf7-b93f-ad2be507f780/datanode-6/data-0/containers/hdds to VolumeSet
2023-01-25 10:22:47,953 [Listener at 127.0.0.1/33329] INFO  volume.ThrottledAsyncChecker (ThrottledAsyncChecker.java:schedule(141)) - Scheduling a check for /home/runner/work/ozone/ozone/hadoop-ozone/integration-test/target/test-dir/MiniOzoneClusterImpl-1247b3fc-8c88-4cf7-b93f-ad2be507f780/datanode-6/data-0/containers/hdds
2023-01-25 10:22:47,962 [Listener at 127.0.0.1/33329] INFO  volume.StorageVolumeChecker (StorageVolumeChecker.java:checkAllVolumes(202)) - Scheduled health check for volume /home/runner/work/ozone/ozone/hadoop-ozone/integration-test/target/test-dir/MiniOzoneClusterImpl-1247b3fc-8c88-4cf7-b93f-ad2be507f780/datanode-6/data-0/containers/hdds
2023-01-25 10:22:47,974 [Listener at 127.0.0.1/33329] INFO  volume.MutableVolumeSet (MutableVolumeSet.java:initializeVolumeSet(174)) - Added Volume : /home/runner/work/ozone/ozone/hadoop-ozone/integration-test/target/test-dir/MiniOzoneClusterImpl-1247b3fc-8c88-4cf7-b93f-ad2be507f780/datanode-6/data/ratis to VolumeSet
2023-01-25 10:22:47,974 [Listener at 127.0.0.1/33329] INFO  volume.ThrottledAsyncChecker (ThrottledAsyncChecker.java:schedule(141)) - Scheduling a check for /home/runner/work/ozone/ozone/hadoop-ozone/integration-test/target/test-dir/MiniOzoneClusterImpl-1247b3fc-8c88-4cf7-b93f-ad2be507f780/datanode-6/data/ratis
2023-01-25 10:22:47,975 [Listener at 127.0.0.1/33329] INFO  volume.StorageVolumeChecker (StorageVolumeChecker.java:checkAllVolumes(202)) - Scheduled health check for volume /home/runner/work/ozone/ozone/hadoop-ozone/integration-test/target/test-dir/MiniOzoneClusterImpl-1247b3fc-8c88-4cf7-b93f-ad2be507f780/datanode-6/data/ratis
2023-01-25 10:22:48,005 [Thread-223] INFO  ozoneimpl.ContainerReader (ContainerReader.java:readVolume(175)) - Finish verifying containers on volume /home/runner/work/ozone/ozone/hadoop-ozone/integration-test/target/test-dir/MiniOzoneClusterImpl-1247b3fc-8c88-4cf7-b93f-ad2be507f780/datanode-6/data-0/containers/hdds
2023-01-25 10:22:48,005 [Listener at 127.0.0.1/33329] INFO  ozoneimpl.OzoneContainer (OzoneContainer.java:buildContainerSet(305)) - Build ContainerSet costs 0s
2023-01-25 10:22:48,015 [Listener at 127.0.0.1/33329] INFO  server.RaftServer (ConfUtils.java:logGet(46)) - raft.rpc.type = GRPC (default)
2023-01-25 10:22:48,015 [Listener at 127.0.0.1/33329] INFO  grpc.GrpcConfigKeys (ConfUtils.java:logFallback(53)) - raft.grpc.admin.host = null (fallback to raft.grpc.server.host)
2023-01-25 10:22:48,015 [Listener at 127.0.0.1/33329] INFO  grpc.GrpcConfigKeys (ConfUtils.java:logGet(46)) - raft.grpc.admin.port = 0 (custom)
2023-01-25 10:22:48,015 [Listener at 127.0.0.1/33329] INFO  grpc.GrpcConfigKeys (ConfUtils.java:logFallback(53)) - raft.grpc.client.host = null (fallback to raft.grpc.server.host)
2023-01-25 10:22:48,015 [Listener at 127.0.0.1/33329] INFO  grpc.GrpcConfigKeys (ConfUtils.java:logGet(46)) - raft.grpc.client.port = 0 (custom)
2023-01-25 10:22:48,015 [Listener at 127.0.0.1/33329] INFO  grpc.GrpcConfigKeys (ConfUtils.java:logGet(46)) - raft.grpc.server.host = null (default)
2023-01-25 10:22:48,015 [Listener at 127.0.0.1/33329] INFO  grpc.GrpcConfigKeys (ConfUtils.java:logGet(46)) - raft.grpc.server.port = 0 (default)
2023-01-25 10:22:48,015 [Listener at 127.0.0.1/33329] INFO  server.GrpcService (ConfUtils.java:logGet(46)) - raft.grpc.message.size.max = 32MB (=33554432) (custom)
2023-01-25 10:22:48,015 [Listener at 127.0.0.1/33329] INFO  server.RaftServerConfigKeys (ConfUtils.java:logGet(46)) - raft.server.log.appender.buffer.byte-limit = 33554432 (custom)
2023-01-25 10:22:48,015 [Listener at 127.0.0.1/33329] INFO  server.GrpcService (ConfUtils.java:logGet(46)) - raft.grpc.flow.control.window = 5MB (=5242880) (custom)
2023-01-25 10:22:48,016 [Listener at 127.0.0.1/33329] INFO  server.RaftServerConfigKeys (ConfUtils.java:logGet(46)) - raft.server.rpc.request.timeout = 60s (custom)
2023-01-25 10:22:48,016 [Listener at 127.0.0.1/33329] INFO  grpc.GrpcConfigKeys (ConfUtils.java:logGet(46)) - raft.grpc.server.heartbeat.channel = true (default)
2023-01-25 10:22:48,016 [Listener at 127.0.0.1/33329] INFO  grpc.GrpcConfigKeys (ConfUtils.java:logGet(46)) - raft.grpc.server.async.request.thread.pool.cached = true (default)
2023-01-25 10:22:48,016 [Listener at 127.0.0.1/33329] INFO  grpc.GrpcConfigKeys (ConfUtils.java:logGet(46)) - raft.grpc.server.async.request.thread.pool.size = 32 (default)
2023-01-25 10:22:48,017 [Listener at 127.0.0.1/33329] INFO  impl.DataStreamServerImpl (ConfUtils.java:logGet(46)) - raft.datastream.type = NETTY (custom)
2023-01-25 10:22:48,017 [Listener at 127.0.0.1/33329] INFO  server.RaftServerConfigKeys (ConfUtils.java:logGet(46)) - raft.server.data-stream.async.request.thread.pool.cached = false (default)
2023-01-25 10:22:48,017 [Listener at 127.0.0.1/33329] INFO  server.RaftServerConfigKeys (ConfUtils.java:logGet(46)) - raft.server.data-stream.async.request.thread.pool.size = 20 (custom)
2023-01-25 10:22:48,017 [Listener at 127.0.0.1/33329] INFO  server.RaftServerConfigKeys (ConfUtils.java:logGet(46)) - raft.server.data-stream.async.write.thread.pool.size = 16 (default)
2023-01-25 10:22:48,017 [Listener at 127.0.0.1/33329] INFO  server.RaftServerConfigKeys (ConfUtils.java:logGet(46)) - raft.server.data-stream.client.pool.size = 10 (default)
2023-01-25 10:22:48,017 [Listener at 127.0.0.1/33329] INFO  netty.NettyConfigKeys$DataStream (ConfUtils.java:logGet(46)) - raft.netty.dataStream.server.use-epoll = false (default)
2023-01-25 10:22:48,017 [Listener at 127.0.0.1/33329] INFO  netty.NettyConfigKeys$DataStream (ConfUtils.java:logGet(46)) - raft.netty.dataStream.server.boss-group.size = 0 (default)
2023-01-25 10:22:48,018 [Listener at 127.0.0.1/33329] INFO  netty.NettyConfigKeys$DataStream (ConfUtils.java:logGet(46)) - raft.netty.dataStream.server.worker-group.size = 0 (default)
2023-01-25 10:22:48,018 [Listener at 127.0.0.1/33329] INFO  netty.NettyConfigKeys$DataStream (ConfUtils.java:logGet(46)) - raft.netty.dataStream.server.tls.conf = null (default)
2023-01-25 10:22:48,018 [Listener at 127.0.0.1/33329] INFO  netty.NettyConfigKeys$DataStream (ConfUtils.java:logGet(46)) - raft.netty.dataStream.host = null (default)
2023-01-25 10:22:48,018 [Listener at 127.0.0.1/33329] INFO  netty.NettyConfigKeys$DataStream (ConfUtils.java:logGet(46)) - raft.netty.dataStream.port = 0 (default)
2023-01-25 10:22:48,019 [Listener at 127.0.0.1/33329] INFO  server.RaftServerConfigKeys (ConfUtils.java:logGet(46)) - raft.server.threadpool.proxy.cached = true (default)
2023-01-25 10:22:48,019 [Listener at 127.0.0.1/33329] INFO  server.RaftServerConfigKeys (ConfUtils.java:logGet(46)) - raft.server.threadpool.proxy.size = 0 (default)
2023-01-25 10:22:48,019 [Listener at 127.0.0.1/33329] INFO  server.RaftServerConfigKeys (ConfUtils.java:logGet(46)) - raft.server.rpc.slowness.timeout = 300s (custom)
2023-01-25 10:22:48,019 [Listener at 127.0.0.1/33329] INFO  server.RaftServerConfigKeys (ConfUtils.java:logGet(46)) - raft.server.leaderelection.leader.step-down.wait-time = 10s (default)
2023-01-25 10:22:48,019 [Listener at 127.0.0.1/33329] INFO  server.RaftServerConfigKeys (ConfUtils.java:logGet(46)) - raft.server.storage.dir = [/home/runner/work/ozone/ozone/hadoop-ozone/integration-test/target/test-dir/MiniOzoneClusterImpl-1247b3fc-8c88-4cf7-b93f-ad2be507f780/datanode-6/data/ratis] (custom)
2023-01-25 10:22:48,021 [7abbc2c7-b56f-4fd7-a4a9-203189c4b8f1-NettyServerStreamRpc-bossGroup--thread1] INFO  logging.LoggingHandler (AbstractInternalLogger.java:log(148)) - [id: 0xa26b0e12] REGISTERED
2023-01-25 10:22:48,021 [7abbc2c7-b56f-4fd7-a4a9-203189c4b8f1-NettyServerStreamRpc-bossGroup--thread1] INFO  logging.LoggingHandler (AbstractInternalLogger.java:log(148)) - [id: 0xa26b0e12] BIND: 0.0.0.0/0.0.0.0:0
2023-01-25 10:22:48,021 [7abbc2c7-b56f-4fd7-a4a9-203189c4b8f1-NettyServerStreamRpc-bossGroup--thread1] INFO  logging.LoggingHandler (AbstractInternalLogger.java:log(148)) - [id: 0xa26b0e12, L:/0:0:0:0:0:0:0:0:41363] ACTIVE
2023-01-25 10:22:48,022 [Listener at 127.0.0.1/33329] INFO  server.XceiverServerGrpc (XceiverServerGrpc.java:<init>(132)) - GrpcServer channel type EpollServerSocketChannel
2023-01-25 10:22:48,026 [Listener at 127.0.0.1/33329] INFO  http.BaseHttpServer (BaseHttpServer.java:newHttpServer2BuilderForOzone(213)) - Starting Web-server for hddsDatanode at: http://0.0.0.0:0
2023-01-25 10:22:48,026 [Listener at 127.0.0.1/33329] INFO  http.BaseHttpServer (BaseHttpServer.java:<init>(108)) - Hadoop Security Enabled: false Ozone Security Enabled: false Ozone HTTP Security Enabled: false 
2023-01-25 10:22:48,028 [Listener at 127.0.0.1/33329] WARN  server.AuthenticationFilter (AuthenticationFilter.java:constructSecretProvider(240)) - Unable to initialize FileSignerSecretProvider, falling back to use random secrets. Reason: Could not read signature secret file: /home/runner/hadoop-http-auth-signature-secret
2023-01-25 10:22:48,031 [Listener at 127.0.0.1/33329] WARN  http.HttpRequestLog (HttpRequestLog.java:getRequestLog(103)) - Jetty request log can only be enabled using Log4j
2023-01-25 10:22:48,032 [Listener at 127.0.0.1/33329] INFO  http.HttpServer2 (HttpServer2.java:addGlobalFilter(1031)) - Added global filter 'safety' (class=org.apache.hadoop.hdds.server.http.HttpServer2$QuotingInputFilter)
2023-01-25 10:22:48,033 [Listener at 127.0.0.1/33329] INFO  http.HttpServer2 (HttpServer2.java:addFilter(1007)) - Added filter static_user_filter (class=org.apache.hadoop.http.lib.StaticUserWebFilter$StaticUserFilter) to context hddsDatanode
2023-01-25 10:22:48,033 [Listener at 127.0.0.1/33329] INFO  http.HttpServer2 (HttpServer2.java:addFilter(1015)) - Added filter static_user_filter (class=org.apache.hadoop.http.lib.StaticUserWebFilter$StaticUserFilter) to context logs
2023-01-25 10:22:48,033 [Listener at 127.0.0.1/33329] INFO  http.HttpServer2 (HttpServer2.java:addFilter(1015)) - Added filter static_user_filter (class=org.apache.hadoop.http.lib.StaticUserWebFilter$StaticUserFilter) to context static
2023-01-25 10:22:48,034 [Listener at 127.0.0.1/33329] INFO  http.HttpServer2 (HttpServer2.java:bindListener(1250)) - Jetty bound to port 36479
2023-01-25 10:22:48,034 [Listener at 127.0.0.1/33329] INFO  server.Server (Server.java:doStart(375)) - jetty-9.4.49.v20220914; built: 2022-09-14T01:07:36.601Z; git: 4231a3b2e4cb8548a412a789936d640a97b1aa0a; jvm 1.8.0_352-b08
2023-01-25 10:22:48,037 [Listener at 127.0.0.1/33329] INFO  server.session (DefaultSessionIdManager.java:doStart(334)) - DefaultSessionIdManager workerName=node0
2023-01-25 10:22:48,037 [Listener at 127.0.0.1/33329] INFO  server.session (DefaultSessionIdManager.java:doStart(339)) - No SessionScavenger set, using defaults
2023-01-25 10:22:48,037 [Listener at 127.0.0.1/33329] INFO  server.session (HouseKeeper.java:startScavenging(132)) - node0 Scavenging every 600000ms
2023-01-25 10:22:48,038 [Listener at 127.0.0.1/33329] INFO  handler.ContextHandler (ContextHandler.java:doStart(921)) - Started o.e.j.s.ServletContextHandler@66d9a929{logs,/logs,file:///home/runner/work/ozone/ozone/hadoop-ozone/integration-test/target/log,AVAILABLE}
2023-01-25 10:22:48,038 [Listener at 127.0.0.1/33329] INFO  handler.ContextHandler (ContextHandler.java:doStart(921)) - Started o.e.j.s.ServletContextHandler@478fdd4e{static,/static,jar:file:/home/runner/.m2/repository/org/apache/ozone/hdds-container-service/1.4.0-SNAPSHOT/hdds-container-service-1.4.0-SNAPSHOT.jar!/webapps/static,AVAILABLE}
2023-01-25 10:22:48,040 [EndpointStateMachine task thread for /0.0.0.0:34593 - 0 ] INFO  utils.DatanodeStoreCache (DatanodeStoreCache.java:addDB(58)) - Added db /home/runner/work/ozone/ozone/hadoop-ozone/integration-test/target/test-dir/MiniOzoneClusterImpl-1247b3fc-8c88-4cf7-b93f-ad2be507f780/datanode-0/data-0/containers/hdds/1247b3fc-8c88-4cf7-b93f-ad2be507f780/DS-b950eddf-8cb9-4bfc-a0b4-c9c2782159e4/container.db to cache
2023-01-25 10:22:48,040 [EndpointStateMachine task thread for /0.0.0.0:34593 - 0 ] INFO  volume.HddsVolume (HddsVolume.java:createDbStore(307)) - SchemaV3 db is created and loaded at /home/runner/work/ozone/ozone/hadoop-ozone/integration-test/target/test-dir/MiniOzoneClusterImpl-1247b3fc-8c88-4cf7-b93f-ad2be507f780/datanode-0/data-0/containers/hdds/1247b3fc-8c88-4cf7-b93f-ad2be507f780/DS-b950eddf-8cb9-4bfc-a0b4-c9c2782159e4/container.db for volume DS-b950eddf-8cb9-4bfc-a0b4-c9c2782159e4
2023-01-25 10:22:48,043 [EndpointStateMachine task thread for /0.0.0.0:34593 - 0 ] INFO  ozoneimpl.OzoneContainer (OzoneContainer.java:start(399)) - Attempting to start container services.
2023-01-25 10:22:48,050 [EndpointStateMachine task thread for /0.0.0.0:34593 - 0 ] INFO  ozoneimpl.OzoneContainer (OzoneContainer.java:startContainerScrub(316)) - Scheduled background container scanners and the on-demand container scanner have been disabled.
2023-01-25 10:22:48,051 [EndpointStateMachine task thread for /0.0.0.0:34593 - 0 ] INFO  replication.ReplicationServer (ReplicationServer.java:start(109)) - ReplicationServer is started using port 38955
2023-01-25 10:22:48,054 [EndpointStateMachine task thread for /0.0.0.0:34593 - 0 ] INFO  ratis.XceiverServerRatis (XceiverServerRatis.java:start(517)) - Starting XceiverServerRatis 247f50ea-8ddf-4819-a598-e87ef509e8f6
2023-01-25 10:22:48,058 [EndpointStateMachine task thread for /0.0.0.0:34593 - 0 ] INFO  server.RaftServer (RaftServerProxy.java:startImpl(393)) - 247f50ea-8ddf-4819-a598-e87ef509e8f6: start RPC server
2023-01-25 10:22:48,064 [EndpointStateMachine task thread for /0.0.0.0:34593 - 0 ] INFO  server.GrpcService (GrpcService.java:startImpl(262)) - 247f50ea-8ddf-4819-a598-e87ef509e8f6: GrpcService started, listening on 33111
2023-01-25 10:22:48,064 [EndpointStateMachine task thread for /0.0.0.0:34593 - 0 ] INFO  ratis.XceiverServerRatis (XceiverServerRatis.java:getRealPort(543)) - XceiverServerRatis 247f50ea-8ddf-4819-a598-e87ef509e8f6 is started using port 33111 for RATIS
2023-01-25 10:22:48,064 [EndpointStateMachine task thread for /0.0.0.0:34593 - 0 ] INFO  ratis.XceiverServerRatis (XceiverServerRatis.java:getRealPort(543)) - XceiverServerRatis 247f50ea-8ddf-4819-a598-e87ef509e8f6 is started using port 33111 for RATIS_ADMIN
2023-01-25 10:22:48,064 [EndpointStateMachine task thread for /0.0.0.0:34593 - 0 ] INFO  ratis.XceiverServerRatis (XceiverServerRatis.java:getRealPort(543)) - XceiverServerRatis 247f50ea-8ddf-4819-a598-e87ef509e8f6 is started using port 33111 for RATIS_SERVER
2023-01-25 10:22:48,065 [EndpointStateMachine task thread for /0.0.0.0:34593 - 0 ] INFO  ratis.XceiverServerRatis (XceiverServerRatis.java:getRealPort(543)) - XceiverServerRatis 247f50ea-8ddf-4819-a598-e87ef509e8f6 is started using port 34525 for RATIS_DATASTREAM
2023-01-25 10:22:48,068 [JvmPauseMonitor1] INFO  util.JvmPauseMonitor (JvmPauseMonitor.java:run(105)) - JvmPauseMonitor-247f50ea-8ddf-4819-a598-e87ef509e8f6: Started
2023-01-25 10:22:48,068 [EndpointStateMachine task thread for /0.0.0.0:34593 - 0 ] INFO  server.XceiverServerGrpc (XceiverServerGrpc.java:start(180)) - XceiverServerGrpc 247f50ea-8ddf-4819-a598-e87ef509e8f6 is started using port 36123
2023-01-25 10:22:48,243 [Listener at 127.0.0.1/33329] INFO  handler.ContextHandler (ContextHandler.java:doStart(921)) - Started o.e.j.w.WebAppContext@30c338c8{hddsDatanode,/,file:///tmp/jetty-0_0_0_0-36479-hdds-container-service-1_4_0-SNAPSHOT_jar-_-any-2671252060318260295/webapp/,AVAILABLE}{jar:file:/home/runner/.m2/repository/org/apache/ozone/hdds-container-service/1.4.0-SNAPSHOT/hdds-container-service-1.4.0-SNAPSHOT.jar!/webapps/hddsDatanode}
2023-01-25 10:22:48,244 [Listener at 127.0.0.1/33329] INFO  server.AbstractConnector (AbstractConnector.java:doStart(333)) - Started ServerConnector@1e414c99{HTTP/1.1, (http/1.1)}{0.0.0.0:36479}
2023-01-25 10:22:48,244 [Listener at 127.0.0.1/33329] INFO  server.Server (Server.java:doStart(415)) - Started @10103ms
2023-01-25 10:22:48,246 [Listener at 127.0.0.1/33329] WARN  impl.MetricsSystemImpl (MetricsSystemImpl.java:register(279)) - Sink prometheus already exists!
2023-01-25 10:22:48,246 [Listener at 127.0.0.1/33329] INFO  http.BaseHttpServer (BaseHttpServer.java:updateConnectorAddress(333)) - HTTP server of hddsDatanode listening at http://0.0.0.0:36479
2023-01-25 10:22:48,252 [Listener at 127.0.0.1/33329] INFO  ozone.MiniOzoneClusterImpl (MiniOzoneClusterImpl.java:lambda$waitForClusterToBeReady$0(218)) - Waiting for nodes to be ready. Got 0 of 7 DN Heartbeats.
2023-01-25 10:22:48,252 [Listener at 127.0.0.1/33329] INFO  ozone.MiniOzoneClusterImpl (MiniOzoneClusterImpl.java:lambda$waitForClusterToBeReady$0(221)) - Waiting for cluster to exit safe mode
2023-01-25 10:22:48,252 [Listener at 127.0.0.1/33329] INFO  ozone.MiniOzoneClusterImpl (MiniOzoneClusterImpl.java:lambda$waitForClusterToBeReady$0(223)) - SCM became leader
2023-01-25 10:22:48,252 [Datanode State Machine Daemon Thread] INFO  statemachine.DatanodeStateMachine (DatanodeStateMachine.java:lambda$startDaemon$0(519)) - Ozone container server started.
2023-01-25 10:22:48,258 [org.apache.hadoop.util.JvmPauseMonitor$Monitor@271fd0e1] INFO  util.JvmPauseMonitor (JvmPauseMonitor.java:run(188)) - Starting JVM pause monitor
2023-01-25 10:22:48,264 [Datanode State Machine Task Thread - 0] INFO  datanode.InitDatanodeState (InitDatanodeState.java:persistContainerDatanodeDetails(138)) - DatanodeDetails is persisted to /home/runner/work/ozone/ozone/hadoop-ozone/integration-test/target/test-dir/MiniOzoneClusterImpl-1247b3fc-8c88-4cf7-b93f-ad2be507f780/datanode-6/meta/datanode.id
2023-01-25 10:22:48,427 [EndpointStateMachine task thread for /0.0.0.0:34593 - 0 ] INFO  utils.DatanodeStoreCache (DatanodeStoreCache.java:addDB(58)) - Added db /home/runner/work/ozone/ozone/hadoop-ozone/integration-test/target/test-dir/MiniOzoneClusterImpl-1247b3fc-8c88-4cf7-b93f-ad2be507f780/datanode-1/data-0/containers/hdds/1247b3fc-8c88-4cf7-b93f-ad2be507f780/DS-7d459a6d-bc25-41b5-b7c4-b88dc62c4106/container.db to cache
2023-01-25 10:22:48,428 [EndpointStateMachine task thread for /0.0.0.0:34593 - 0 ] INFO  volume.HddsVolume (HddsVolume.java:createDbStore(307)) - SchemaV3 db is created and loaded at /home/runner/work/ozone/ozone/hadoop-ozone/integration-test/target/test-dir/MiniOzoneClusterImpl-1247b3fc-8c88-4cf7-b93f-ad2be507f780/datanode-1/data-0/containers/hdds/1247b3fc-8c88-4cf7-b93f-ad2be507f780/DS-7d459a6d-bc25-41b5-b7c4-b88dc62c4106/container.db for volume DS-7d459a6d-bc25-41b5-b7c4-b88dc62c4106
2023-01-25 10:22:48,428 [EndpointStateMachine task thread for /0.0.0.0:34593 - 0 ] INFO  ozoneimpl.OzoneContainer (OzoneContainer.java:start(399)) - Attempting to start container services.
2023-01-25 10:22:48,428 [EndpointStateMachine task thread for /0.0.0.0:34593 - 0 ] INFO  ozoneimpl.OzoneContainer (OzoneContainer.java:startContainerScrub(316)) - Scheduled background container scanners and the on-demand container scanner have been disabled.
2023-01-25 10:22:48,429 [EndpointStateMachine task thread for /0.0.0.0:34593 - 0 ] INFO  replication.ReplicationServer (ReplicationServer.java:start(109)) - ReplicationServer is started using port 41205
2023-01-25 10:22:48,430 [EndpointStateMachine task thread for /0.0.0.0:34593 - 0 ] INFO  ratis.XceiverServerRatis (XceiverServerRatis.java:start(517)) - Starting XceiverServerRatis 44d8c728-f44d-4f6f-a402-703b24b0e7ae
2023-01-25 10:22:48,431 [EndpointStateMachine task thread for /0.0.0.0:34593 - 0 ] INFO  server.RaftServer (RaftServerProxy.java:startImpl(393)) - 44d8c728-f44d-4f6f-a402-703b24b0e7ae: start RPC server
2023-01-25 10:22:48,432 [EndpointStateMachine task thread for /0.0.0.0:34593 - 0 ] INFO  server.GrpcService (GrpcService.java:startImpl(262)) - 44d8c728-f44d-4f6f-a402-703b24b0e7ae: GrpcService started, listening on 40767
2023-01-25 10:22:48,432 [EndpointStateMachine task thread for /0.0.0.0:34593 - 0 ] INFO  ratis.XceiverServerRatis (XceiverServerRatis.java:getRealPort(543)) - XceiverServerRatis 44d8c728-f44d-4f6f-a402-703b24b0e7ae is started using port 40767 for RATIS
2023-01-25 10:22:48,432 [EndpointStateMachine task thread for /0.0.0.0:34593 - 0 ] INFO  ratis.XceiverServerRatis (XceiverServerRatis.java:getRealPort(543)) - XceiverServerRatis 44d8c728-f44d-4f6f-a402-703b24b0e7ae is started using port 40767 for RATIS_ADMIN
2023-01-25 10:22:48,432 [JvmPauseMonitor2] INFO  util.JvmPauseMonitor (JvmPauseMonitor.java:run(105)) - JvmPauseMonitor-44d8c728-f44d-4f6f-a402-703b24b0e7ae: Started
2023-01-25 10:22:48,432 [EndpointStateMachine task thread for /0.0.0.0:34593 - 0 ] INFO  ratis.XceiverServerRatis (XceiverServerRatis.java:getRealPort(543)) - XceiverServerRatis 44d8c728-f44d-4f6f-a402-703b24b0e7ae is started using port 40767 for RATIS_SERVER
2023-01-25 10:22:48,433 [EndpointStateMachine task thread for /0.0.0.0:34593 - 0 ] INFO  ratis.XceiverServerRatis (XceiverServerRatis.java:getRealPort(543)) - XceiverServerRatis 44d8c728-f44d-4f6f-a402-703b24b0e7ae is started using port 39589 for RATIS_DATASTREAM
2023-01-25 10:22:48,435 [EndpointStateMachine task thread for /0.0.0.0:34593 - 0 ] INFO  server.XceiverServerGrpc (XceiverServerGrpc.java:start(180)) - XceiverServerGrpc 44d8c728-f44d-4f6f-a402-703b24b0e7ae is started using port 38149
2023-01-25 10:22:48,813 [EndpointStateMachine task thread for /0.0.0.0:34593 - 0 ] INFO  utils.DatanodeStoreCache (DatanodeStoreCache.java:addDB(58)) - Added db /home/runner/work/ozone/ozone/hadoop-ozone/integration-test/target/test-dir/MiniOzoneClusterImpl-1247b3fc-8c88-4cf7-b93f-ad2be507f780/datanode-2/data-0/containers/hdds/1247b3fc-8c88-4cf7-b93f-ad2be507f780/DS-824d126e-b77d-4494-bf58-121798a1eca0/container.db to cache
2023-01-25 10:22:48,813 [EndpointStateMachine task thread for /0.0.0.0:34593 - 0 ] INFO  volume.HddsVolume (HddsVolume.java:createDbStore(307)) - SchemaV3 db is created and loaded at /home/runner/work/ozone/ozone/hadoop-ozone/integration-test/target/test-dir/MiniOzoneClusterImpl-1247b3fc-8c88-4cf7-b93f-ad2be507f780/datanode-2/data-0/containers/hdds/1247b3fc-8c88-4cf7-b93f-ad2be507f780/DS-824d126e-b77d-4494-bf58-121798a1eca0/container.db for volume DS-824d126e-b77d-4494-bf58-121798a1eca0
2023-01-25 10:22:48,813 [EndpointStateMachine task thread for /0.0.0.0:34593 - 0 ] INFO  ozoneimpl.OzoneContainer (OzoneContainer.java:start(399)) - Attempting to start container services.
2023-01-25 10:22:48,813 [EndpointStateMachine task thread for /0.0.0.0:34593 - 0 ] INFO  ozoneimpl.OzoneContainer (OzoneContainer.java:startContainerScrub(316)) - Scheduled background container scanners and the on-demand container scanner have been disabled.
2023-01-25 10:22:48,815 [EndpointStateMachine task thread for /0.0.0.0:34593 - 0 ] INFO  replication.ReplicationServer (ReplicationServer.java:start(109)) - ReplicationServer is started using port 36127
2023-01-25 10:22:48,815 [EndpointStateMachine task thread for /0.0.0.0:34593 - 0 ] INFO  ratis.XceiverServerRatis (XceiverServerRatis.java:start(517)) - Starting XceiverServerRatis de34da07-4135-4fa8-beba-e4d852545ac0
2023-01-25 10:22:48,816 [EndpointStateMachine task thread for /0.0.0.0:34593 - 0 ] INFO  server.RaftServer (RaftServerProxy.java:startImpl(393)) - de34da07-4135-4fa8-beba-e4d852545ac0: start RPC server
2023-01-25 10:22:48,818 [EndpointStateMachine task thread for /0.0.0.0:34593 - 0 ] INFO  server.GrpcService (GrpcService.java:startImpl(262)) - de34da07-4135-4fa8-beba-e4d852545ac0: GrpcService started, listening on 33181
2023-01-25 10:22:48,818 [EndpointStateMachine task thread for /0.0.0.0:34593 - 0 ] INFO  ratis.XceiverServerRatis (XceiverServerRatis.java:getRealPort(543)) - XceiverServerRatis de34da07-4135-4fa8-beba-e4d852545ac0 is started using port 33181 for RATIS
2023-01-25 10:22:48,818 [EndpointStateMachine task thread for /0.0.0.0:34593 - 0 ] INFO  ratis.XceiverServerRatis (XceiverServerRatis.java:getRealPort(543)) - XceiverServerRatis de34da07-4135-4fa8-beba-e4d852545ac0 is started using port 33181 for RATIS_ADMIN
2023-01-25 10:22:48,818 [EndpointStateMachine task thread for /0.0.0.0:34593 - 0 ] INFO  ratis.XceiverServerRatis (XceiverServerRatis.java:getRealPort(543)) - XceiverServerRatis de34da07-4135-4fa8-beba-e4d852545ac0 is started using port 33181 for RATIS_SERVER
2023-01-25 10:22:48,818 [EndpointStateMachine task thread for /0.0.0.0:34593 - 0 ] INFO  ratis.XceiverServerRatis (XceiverServerRatis.java:getRealPort(543)) - XceiverServerRatis de34da07-4135-4fa8-beba-e4d852545ac0 is started using port 38123 for RATIS_DATASTREAM
2023-01-25 10:22:48,818 [JvmPauseMonitor3] INFO  util.JvmPauseMonitor (JvmPauseMonitor.java:run(105)) - JvmPauseMonitor-de34da07-4135-4fa8-beba-e4d852545ac0: Started
2023-01-25 10:22:48,824 [EndpointStateMachine task thread for /0.0.0.0:34593 - 0 ] INFO  server.XceiverServerGrpc (XceiverServerGrpc.java:start(180)) - XceiverServerGrpc de34da07-4135-4fa8-beba-e4d852545ac0 is started using port 42003
2023-01-25 10:22:49,137 [EndpointStateMachine task thread for /0.0.0.0:34593 - 0 ] INFO  utils.DatanodeStoreCache (DatanodeStoreCache.java:addDB(58)) - Added db /home/runner/work/ozone/ozone/hadoop-ozone/integration-test/target/test-dir/MiniOzoneClusterImpl-1247b3fc-8c88-4cf7-b93f-ad2be507f780/datanode-3/data-0/containers/hdds/1247b3fc-8c88-4cf7-b93f-ad2be507f780/DS-4c351528-6f61-4bcb-a39c-ae60ea921d29/container.db to cache
2023-01-25 10:22:49,137 [EndpointStateMachine task thread for /0.0.0.0:34593 - 0 ] INFO  volume.HddsVolume (HddsVolume.java:createDbStore(307)) - SchemaV3 db is created and loaded at /home/runner/work/ozone/ozone/hadoop-ozone/integration-test/target/test-dir/MiniOzoneClusterImpl-1247b3fc-8c88-4cf7-b93f-ad2be507f780/datanode-3/data-0/containers/hdds/1247b3fc-8c88-4cf7-b93f-ad2be507f780/DS-4c351528-6f61-4bcb-a39c-ae60ea921d29/container.db for volume DS-4c351528-6f61-4bcb-a39c-ae60ea921d29
2023-01-25 10:22:49,138 [EndpointStateMachine task thread for /0.0.0.0:34593 - 0 ] INFO  ozoneimpl.OzoneContainer (OzoneContainer.java:start(399)) - Attempting to start container services.
2023-01-25 10:22:49,138 [EndpointStateMachine task thread for /0.0.0.0:34593 - 0 ] INFO  ozoneimpl.OzoneContainer (OzoneContainer.java:startContainerScrub(316)) - Scheduled background container scanners and the on-demand container scanner have been disabled.
2023-01-25 10:22:49,140 [EndpointStateMachine task thread for /0.0.0.0:34593 - 0 ] INFO  replication.ReplicationServer (ReplicationServer.java:start(109)) - ReplicationServer is started using port 44161
2023-01-25 10:22:49,140 [EndpointStateMachine task thread for /0.0.0.0:34593 - 0 ] INFO  ratis.XceiverServerRatis (XceiverServerRatis.java:start(517)) - Starting XceiverServerRatis d93446b7-35bc-4b37-88f9-4794ab5c6ae8
2023-01-25 10:22:49,141 [EndpointStateMachine task thread for /0.0.0.0:34593 - 0 ] INFO  server.RaftServer (RaftServerProxy.java:startImpl(393)) - d93446b7-35bc-4b37-88f9-4794ab5c6ae8: start RPC server
2023-01-25 10:22:49,142 [EndpointStateMachine task thread for /0.0.0.0:34593 - 0 ] INFO  server.GrpcService (GrpcService.java:startImpl(262)) - d93446b7-35bc-4b37-88f9-4794ab5c6ae8: GrpcService started, listening on 39081
2023-01-25 10:22:49,146 [EndpointStateMachine task thread for /0.0.0.0:34593 - 0 ] INFO  ratis.XceiverServerRatis (XceiverServerRatis.java:getRealPort(543)) - XceiverServerRatis d93446b7-35bc-4b37-88f9-4794ab5c6ae8 is started using port 39081 for RATIS
2023-01-25 10:22:49,146 [EndpointStateMachine task thread for /0.0.0.0:34593 - 0 ] INFO  ratis.XceiverServerRatis (XceiverServerRatis.java:getRealPort(543)) - XceiverServerRatis d93446b7-35bc-4b37-88f9-4794ab5c6ae8 is started using port 39081 for RATIS_ADMIN
2023-01-25 10:22:49,146 [EndpointStateMachine task thread for /0.0.0.0:34593 - 0 ] INFO  ratis.XceiverServerRatis (XceiverServerRatis.java:getRealPort(543)) - XceiverServerRatis d93446b7-35bc-4b37-88f9-4794ab5c6ae8 is started using port 39081 for RATIS_SERVER
2023-01-25 10:22:49,146 [EndpointStateMachine task thread for /0.0.0.0:34593 - 0 ] INFO  ratis.XceiverServerRatis (XceiverServerRatis.java:getRealPort(543)) - XceiverServerRatis d93446b7-35bc-4b37-88f9-4794ab5c6ae8 is started using port 34805 for RATIS_DATASTREAM
2023-01-25 10:22:49,147 [JvmPauseMonitor4] INFO  util.JvmPauseMonitor (JvmPauseMonitor.java:run(105)) - JvmPauseMonitor-d93446b7-35bc-4b37-88f9-4794ab5c6ae8: Started
2023-01-25 10:22:49,156 [EndpointStateMachine task thread for /0.0.0.0:34593 - 0 ] INFO  server.XceiverServerGrpc (XceiverServerGrpc.java:start(180)) - XceiverServerGrpc d93446b7-35bc-4b37-88f9-4794ab5c6ae8 is started using port 32793
2023-01-25 10:22:49,252 [Listener at 127.0.0.1/33329] INFO  ozone.MiniOzoneClusterImpl (MiniOzoneClusterImpl.java:lambda$waitForClusterToBeReady$0(218)) - Waiting for nodes to be ready. Got 0 of 7 DN Heartbeats.
2023-01-25 10:22:49,252 [Listener at 127.0.0.1/33329] INFO  ozone.MiniOzoneClusterImpl (MiniOzoneClusterImpl.java:lambda$waitForClusterToBeReady$0(221)) - Waiting for cluster to exit safe mode
2023-01-25 10:22:49,252 [Listener at 127.0.0.1/33329] INFO  ozone.MiniOzoneClusterImpl (MiniOzoneClusterImpl.java:lambda$waitForClusterToBeReady$0(223)) - SCM became leader
2023-01-25 10:22:49,493 [EndpointStateMachine task thread for /0.0.0.0:34593 - 0 ] INFO  utils.DatanodeStoreCache (DatanodeStoreCache.java:addDB(58)) - Added db /home/runner/work/ozone/ozone/hadoop-ozone/integration-test/target/test-dir/MiniOzoneClusterImpl-1247b3fc-8c88-4cf7-b93f-ad2be507f780/datanode-4/data-0/containers/hdds/1247b3fc-8c88-4cf7-b93f-ad2be507f780/DS-0441d880-ee74-4350-836c-56b1314845a5/container.db to cache
2023-01-25 10:22:49,493 [EndpointStateMachine task thread for /0.0.0.0:34593 - 0 ] INFO  volume.HddsVolume (HddsVolume.java:createDbStore(307)) - SchemaV3 db is created and loaded at /home/runner/work/ozone/ozone/hadoop-ozone/integration-test/target/test-dir/MiniOzoneClusterImpl-1247b3fc-8c88-4cf7-b93f-ad2be507f780/datanode-4/data-0/containers/hdds/1247b3fc-8c88-4cf7-b93f-ad2be507f780/DS-0441d880-ee74-4350-836c-56b1314845a5/container.db for volume DS-0441d880-ee74-4350-836c-56b1314845a5
2023-01-25 10:22:49,494 [EndpointStateMachine task thread for /0.0.0.0:34593 - 0 ] INFO  ozoneimpl.OzoneContainer (OzoneContainer.java:start(399)) - Attempting to start container services.
2023-01-25 10:22:49,494 [EndpointStateMachine task thread for /0.0.0.0:34593 - 0 ] INFO  ozoneimpl.OzoneContainer (OzoneContainer.java:startContainerScrub(316)) - Scheduled background container scanners and the on-demand container scanner have been disabled.
2023-01-25 10:22:49,496 [EndpointStateMachine task thread for /0.0.0.0:34593 - 0 ] INFO  replication.ReplicationServer (ReplicationServer.java:start(109)) - ReplicationServer is started using port 46509
2023-01-25 10:22:49,496 [EndpointStateMachine task thread for /0.0.0.0:34593 - 0 ] INFO  ratis.XceiverServerRatis (XceiverServerRatis.java:start(517)) - Starting XceiverServerRatis 330431a7-276c-471f-aefe-b311ee71fd61
2023-01-25 10:22:49,497 [EndpointStateMachine task thread for /0.0.0.0:34593 - 0 ] INFO  server.RaftServer (RaftServerProxy.java:startImpl(393)) - 330431a7-276c-471f-aefe-b311ee71fd61: start RPC server
2023-01-25 10:22:49,499 [EndpointStateMachine task thread for /0.0.0.0:34593 - 0 ] INFO  server.GrpcService (GrpcService.java:startImpl(262)) - 330431a7-276c-471f-aefe-b311ee71fd61: GrpcService started, listening on 44241
2023-01-25 10:22:49,499 [EndpointStateMachine task thread for /0.0.0.0:34593 - 0 ] INFO  ratis.XceiverServerRatis (XceiverServerRatis.java:getRealPort(543)) - XceiverServerRatis 330431a7-276c-471f-aefe-b311ee71fd61 is started using port 44241 for RATIS
2023-01-25 10:22:49,499 [JvmPauseMonitor5] INFO  util.JvmPauseMonitor (JvmPauseMonitor.java:run(105)) - JvmPauseMonitor-330431a7-276c-471f-aefe-b311ee71fd61: Started
2023-01-25 10:22:49,499 [EndpointStateMachine task thread for /0.0.0.0:34593 - 0 ] INFO  ratis.XceiverServerRatis (XceiverServerRatis.java:getRealPort(543)) - XceiverServerRatis 330431a7-276c-471f-aefe-b311ee71fd61 is started using port 44241 for RATIS_ADMIN
2023-01-25 10:22:49,499 [EndpointStateMachine task thread for /0.0.0.0:34593 - 0 ] INFO  ratis.XceiverServerRatis (XceiverServerRatis.java:getRealPort(543)) - XceiverServerRatis 330431a7-276c-471f-aefe-b311ee71fd61 is started using port 44241 for RATIS_SERVER
2023-01-25 10:22:49,499 [EndpointStateMachine task thread for /0.0.0.0:34593 - 0 ] INFO  ratis.XceiverServerRatis (XceiverServerRatis.java:getRealPort(543)) - XceiverServerRatis 330431a7-276c-471f-aefe-b311ee71fd61 is started using port 35499 for RATIS_DATASTREAM
2023-01-25 10:22:49,502 [EndpointStateMachine task thread for /0.0.0.0:34593 - 0 ] INFO  server.XceiverServerGrpc (XceiverServerGrpc.java:start(180)) - XceiverServerGrpc 330431a7-276c-471f-aefe-b311ee71fd61 is started using port 43717
2023-01-25 10:22:49,859 [EndpointStateMachine task thread for /0.0.0.0:34593 - 0 ] INFO  utils.DatanodeStoreCache (DatanodeStoreCache.java:addDB(58)) - Added db /home/runner/work/ozone/ozone/hadoop-ozone/integration-test/target/test-dir/MiniOzoneClusterImpl-1247b3fc-8c88-4cf7-b93f-ad2be507f780/datanode-5/data-0/containers/hdds/1247b3fc-8c88-4cf7-b93f-ad2be507f780/DS-29dcbcc3-b3f6-4c73-8dcd-5221d8a9186c/container.db to cache
2023-01-25 10:22:49,859 [EndpointStateMachine task thread for /0.0.0.0:34593 - 0 ] INFO  volume.HddsVolume (HddsVolume.java:createDbStore(307)) - SchemaV3 db is created and loaded at /home/runner/work/ozone/ozone/hadoop-ozone/integration-test/target/test-dir/MiniOzoneClusterImpl-1247b3fc-8c88-4cf7-b93f-ad2be507f780/datanode-5/data-0/containers/hdds/1247b3fc-8c88-4cf7-b93f-ad2be507f780/DS-29dcbcc3-b3f6-4c73-8dcd-5221d8a9186c/container.db for volume DS-29dcbcc3-b3f6-4c73-8dcd-5221d8a9186c
2023-01-25 10:22:49,859 [EndpointStateMachine task thread for /0.0.0.0:34593 - 0 ] INFO  ozoneimpl.OzoneContainer (OzoneContainer.java:start(399)) - Attempting to start container services.
2023-01-25 10:22:49,860 [EndpointStateMachine task thread for /0.0.0.0:34593 - 0 ] INFO  ozoneimpl.OzoneContainer (OzoneContainer.java:startContainerScrub(316)) - Scheduled background container scanners and the on-demand container scanner have been disabled.
2023-01-25 10:22:49,861 [EndpointStateMachine task thread for /0.0.0.0:34593 - 0 ] INFO  replication.ReplicationServer (ReplicationServer.java:start(109)) - ReplicationServer is started using port 46665
2023-01-25 10:22:49,862 [EndpointStateMachine task thread for /0.0.0.0:34593 - 0 ] INFO  ratis.XceiverServerRatis (XceiverServerRatis.java:start(517)) - Starting XceiverServerRatis d3187004-3c5d-4262-9ff7-104fb060a734
2023-01-25 10:22:49,862 [EndpointStateMachine task thread for /0.0.0.0:34593 - 0 ] INFO  server.RaftServer (RaftServerProxy.java:startImpl(393)) - d3187004-3c5d-4262-9ff7-104fb060a734: start RPC server
2023-01-25 10:22:49,864 [EndpointStateMachine task thread for /0.0.0.0:34593 - 0 ] INFO  server.GrpcService (GrpcService.java:startImpl(262)) - d3187004-3c5d-4262-9ff7-104fb060a734: GrpcService started, listening on 40329
2023-01-25 10:22:49,864 [EndpointStateMachine task thread for /0.0.0.0:34593 - 0 ] INFO  ratis.XceiverServerRatis (XceiverServerRatis.java:getRealPort(543)) - XceiverServerRatis d3187004-3c5d-4262-9ff7-104fb060a734 is started using port 40329 for RATIS
2023-01-25 10:22:49,864 [EndpointStateMachine task thread for /0.0.0.0:34593 - 0 ] INFO  ratis.XceiverServerRatis (XceiverServerRatis.java:getRealPort(543)) - XceiverServerRatis d3187004-3c5d-4262-9ff7-104fb060a734 is started using port 40329 for RATIS_ADMIN
2023-01-25 10:22:49,864 [EndpointStateMachine task thread for /0.0.0.0:34593 - 0 ] INFO  ratis.XceiverServerRatis (XceiverServerRatis.java:getRealPort(543)) - XceiverServerRatis d3187004-3c5d-4262-9ff7-104fb060a734 is started using port 40329 for RATIS_SERVER
2023-01-25 10:22:49,864 [EndpointStateMachine task thread for /0.0.0.0:34593 - 0 ] INFO  ratis.XceiverServerRatis (XceiverServerRatis.java:getRealPort(543)) - XceiverServerRatis d3187004-3c5d-4262-9ff7-104fb060a734 is started using port 38809 for RATIS_DATASTREAM
2023-01-25 10:22:49,864 [JvmPauseMonitor6] INFO  util.JvmPauseMonitor (JvmPauseMonitor.java:run(105)) - JvmPauseMonitor-d3187004-3c5d-4262-9ff7-104fb060a734: Started
2023-01-25 10:22:49,866 [EndpointStateMachine task thread for /0.0.0.0:34593 - 0 ] INFO  server.XceiverServerGrpc (XceiverServerGrpc.java:start(180)) - XceiverServerGrpc d3187004-3c5d-4262-9ff7-104fb060a734 is started using port 39689
2023-01-25 10:22:49,922 [IPC Server handler 3 on default port 34593] INFO  net.NetworkTopologyImpl (NetworkTopologyImpl.java:add(112)) - Added a new node: /default-rack/247f50ea-8ddf-4819-a598-e87ef509e8f6
2023-01-25 10:22:49,924 [IPC Server handler 3 on default port 34593] INFO  node.SCMNodeManager (SCMNodeManager.java:register(397)) - Registered Data node : 247f50ea-8ddf-4819-a598-e87ef509e8f6{ip: 10.1.0.14, host: fv-az462-827.5dk1zbeb1hiuljg1e1zidnqquc.phxx.internal.cloudapp.net, ports: [REPLICATION=38955, RATIS=33111, RATIS_ADMIN=33111, RATIS_SERVER=33111, RATIS_DATASTREAM=34525, STANDALONE=36123], networkLocation: /default-rack, certSerialId: null, persistedOpState: null, persistedOpStateExpiryEpochSec: 0}
2023-01-25 10:22:49,927 [EventQueue-NewNodeForNewNodeHandler] INFO  pipeline.BackgroundPipelineCreator (BackgroundPipelineCreator.java:notifyEventTriggered(276)) - trigger a one-shot run on RatisPipelineUtilsThread.
2023-01-25 10:22:49,929 [EventQueue-NodeRegistrationContainerReportForDataNodeSafeModeRule] INFO  safemode.SCMSafeModeManager (DataNodeSafeModeRule.java:process(71)) - SCM in safe mode. 1 DataNodes registered, 3 required.
2023-01-25 10:22:49,929 [EventQueue-NodeRegistrationContainerReportForContainerSafeModeRule] INFO  safemode.SCMSafeModeManager (SCMSafeModeManager.java:validateSafeModeExitRules(200)) - ContainerSafeModeRule rule is successfully validated
2023-01-25 10:22:49,934 [RatisPipelineUtilsThread - 0] INFO  pipeline.RatisPipelineProvider (RatisPipelineProvider.java:lambda$create$0(206)) - Sending CreatePipelineCommand for pipeline:PipelineID=0c39c105-7cfd-4a22-a0cd-3fa470b5b8b5 to datanode:247f50ea-8ddf-4819-a598-e87ef509e8f6
2023-01-25 10:22:49,935 [EventQueue-PipelineReportForOneReplicaPipelineSafeModeRule] INFO  safemode.SCMSafeModeManager (SCMSafeModeManager.java:validateSafeModeExitRules(200)) - AtleastOneDatanodeReportedRule rule is successfully validated
2023-01-25 10:22:49,947 [RatisPipelineUtilsThread - 0] INFO  pipeline.PipelineStateManagerImpl (PipelineStateManagerImpl.java:addPipeline(103)) - Created pipeline Pipeline[ Id: 0c39c105-7cfd-4a22-a0cd-3fa470b5b8b5, Nodes: 247f50ea-8ddf-4819-a598-e87ef509e8f6(fv-az462-827.5dk1zbeb1hiuljg1e1zidnqquc.phxx.internal.cloudapp.net/10.1.0.14), ReplicationConfig: RATIS/ONE, State:ALLOCATED, leaderId:, CreationTimestamp2023-01-25T10:22:49.932Z[Etc/UTC]].
2023-01-25 10:22:50,253 [Listener at 127.0.0.1/33329] INFO  ozone.MiniOzoneClusterImpl (MiniOzoneClusterImpl.java:lambda$waitForClusterToBeReady$0(218)) - Waiting for nodes to be ready. Got 1 of 7 DN Heartbeats.
2023-01-25 10:22:50,253 [Listener at 127.0.0.1/33329] INFO  ozone.MiniOzoneClusterImpl (MiniOzoneClusterImpl.java:lambda$waitForClusterToBeReady$0(221)) - Waiting for cluster to exit safe mode
2023-01-25 10:22:50,253 [Listener at 127.0.0.1/33329] INFO  ozone.MiniOzoneClusterImpl (MiniOzoneClusterImpl.java:lambda$waitForClusterToBeReady$0(223)) - SCM became leader
2023-01-25 10:22:50,294 [EndpointStateMachine task thread for /0.0.0.0:34593 - 0 ] INFO  utils.DatanodeStoreCache (DatanodeStoreCache.java:addDB(58)) - Added db /home/runner/work/ozone/ozone/hadoop-ozone/integration-test/target/test-dir/MiniOzoneClusterImpl-1247b3fc-8c88-4cf7-b93f-ad2be507f780/datanode-6/data-0/containers/hdds/1247b3fc-8c88-4cf7-b93f-ad2be507f780/DS-302516fd-7f03-4973-8215-79d13ac397b4/container.db to cache
2023-01-25 10:22:50,294 [EndpointStateMachine task thread for /0.0.0.0:34593 - 0 ] INFO  volume.HddsVolume (HddsVolume.java:createDbStore(307)) - SchemaV3 db is created and loaded at /home/runner/work/ozone/ozone/hadoop-ozone/integration-test/target/test-dir/MiniOzoneClusterImpl-1247b3fc-8c88-4cf7-b93f-ad2be507f780/datanode-6/data-0/containers/hdds/1247b3fc-8c88-4cf7-b93f-ad2be507f780/DS-302516fd-7f03-4973-8215-79d13ac397b4/container.db for volume DS-302516fd-7f03-4973-8215-79d13ac397b4
2023-01-25 10:22:50,295 [EndpointStateMachine task thread for /0.0.0.0:34593 - 0 ] INFO  ozoneimpl.OzoneContainer (OzoneContainer.java:start(399)) - Attempting to start container services.
2023-01-25 10:22:50,295 [EndpointStateMachine task thread for /0.0.0.0:34593 - 0 ] INFO  ozoneimpl.OzoneContainer (OzoneContainer.java:startContainerScrub(316)) - Scheduled background container scanners and the on-demand container scanner have been disabled.
2023-01-25 10:22:50,300 [EndpointStateMachine task thread for /0.0.0.0:34593 - 0 ] INFO  replication.ReplicationServer (ReplicationServer.java:start(109)) - ReplicationServer is started using port 46389
2023-01-25 10:22:50,300 [EndpointStateMachine task thread for /0.0.0.0:34593 - 0 ] INFO  ratis.XceiverServerRatis (XceiverServerRatis.java:start(517)) - Starting XceiverServerRatis 7abbc2c7-b56f-4fd7-a4a9-203189c4b8f1
2023-01-25 10:22:50,301 [EndpointStateMachine task thread for /0.0.0.0:34593 - 0 ] INFO  server.RaftServer (RaftServerProxy.java:startImpl(393)) - 7abbc2c7-b56f-4fd7-a4a9-203189c4b8f1: start RPC server
2023-01-25 10:22:50,303 [EndpointStateMachine task thread for /0.0.0.0:34593 - 0 ] INFO  server.GrpcService (GrpcService.java:startImpl(262)) - 7abbc2c7-b56f-4fd7-a4a9-203189c4b8f1: GrpcService started, listening on 34617
2023-01-25 10:22:50,303 [EndpointStateMachine task thread for /0.0.0.0:34593 - 0 ] INFO  ratis.XceiverServerRatis (XceiverServerRatis.java:getRealPort(543)) - XceiverServerRatis 7abbc2c7-b56f-4fd7-a4a9-203189c4b8f1 is started using port 34617 for RATIS
2023-01-25 10:22:50,303 [JvmPauseMonitor7] INFO  util.JvmPauseMonitor (JvmPauseMonitor.java:run(105)) - JvmPauseMonitor-7abbc2c7-b56f-4fd7-a4a9-203189c4b8f1: Started
2023-01-25 10:22:50,303 [EndpointStateMachine task thread for /0.0.0.0:34593 - 0 ] INFO  ratis.XceiverServerRatis (XceiverServerRatis.java:getRealPort(543)) - XceiverServerRatis 7abbc2c7-b56f-4fd7-a4a9-203189c4b8f1 is started using port 34617 for RATIS_ADMIN
2023-01-25 10:22:50,303 [EndpointStateMachine task thread for /0.0.0.0:34593 - 0 ] INFO  ratis.XceiverServerRatis (XceiverServerRatis.java:getRealPort(543)) - XceiverServerRatis 7abbc2c7-b56f-4fd7-a4a9-203189c4b8f1 is started using port 34617 for RATIS_SERVER
2023-01-25 10:22:50,303 [EndpointStateMachine task thread for /0.0.0.0:34593 - 0 ] INFO  ratis.XceiverServerRatis (XceiverServerRatis.java:getRealPort(543)) - XceiverServerRatis 7abbc2c7-b56f-4fd7-a4a9-203189c4b8f1 is started using port 41363 for RATIS_DATASTREAM
2023-01-25 10:22:50,305 [EndpointStateMachine task thread for /0.0.0.0:34593 - 0 ] INFO  server.XceiverServerGrpc (XceiverServerGrpc.java:start(180)) - XceiverServerGrpc 7abbc2c7-b56f-4fd7-a4a9-203189c4b8f1 is started using port 41603
2023-01-25 10:22:50,392 [IPC Server handler 2 on default port 34593] INFO  net.NetworkTopologyImpl (NetworkTopologyImpl.java:add(112)) - Added a new node: /default-rack/44d8c728-f44d-4f6f-a402-703b24b0e7ae
2023-01-25 10:22:50,393 [IPC Server handler 2 on default port 34593] INFO  node.SCMNodeManager (SCMNodeManager.java:register(397)) - Registered Data node : 44d8c728-f44d-4f6f-a402-703b24b0e7ae{ip: 10.1.0.14, host: fv-az462-827.5dk1zbeb1hiuljg1e1zidnqquc.phxx.internal.cloudapp.net, ports: [REPLICATION=41205, RATIS=40767, RATIS_ADMIN=40767, RATIS_SERVER=40767, RATIS_DATASTREAM=39589, STANDALONE=38149], networkLocation: /default-rack, certSerialId: null, persistedOpState: null, persistedOpStateExpiryEpochSec: 0}
2023-01-25 10:22:50,393 [EventQueue-NewNodeForNewNodeHandler] INFO  pipeline.BackgroundPipelineCreator (BackgroundPipelineCreator.java:notifyEventTriggered(276)) - trigger a one-shot run on RatisPipelineUtilsThread.
2023-01-25 10:22:50,394 [EventQueue-NodeRegistrationContainerReportForDataNodeSafeModeRule] INFO  safemode.SCMSafeModeManager (DataNodeSafeModeRule.java:process(71)) - SCM in safe mode. 2 DataNodes registered, 3 required.
2023-01-25 10:22:50,395 [RatisPipelineUtilsThread - 0] INFO  pipeline.RatisPipelineProvider (RatisPipelineProvider.java:lambda$create$0(206)) - Sending CreatePipelineCommand for pipeline:PipelineID=a4f1f827-db20-4052-b345-8f12acf61adf to datanode:44d8c728-f44d-4f6f-a402-703b24b0e7ae
2023-01-25 10:22:50,396 [RatisPipelineUtilsThread - 0] INFO  pipeline.PipelineStateManagerImpl (PipelineStateManagerImpl.java:addPipeline(103)) - Created pipeline Pipeline[ Id: a4f1f827-db20-4052-b345-8f12acf61adf, Nodes: 44d8c728-f44d-4f6f-a402-703b24b0e7ae(fv-az462-827.5dk1zbeb1hiuljg1e1zidnqquc.phxx.internal.cloudapp.net/10.1.0.14), ReplicationConfig: RATIS/ONE, State:ALLOCATED, leaderId:, CreationTimestamp2023-01-25T10:22:50.395Z[Etc/UTC]].
2023-01-25 10:22:50,779 [IPC Server handler 3 on default port 34593] INFO  net.NetworkTopologyImpl (NetworkTopologyImpl.java:add(112)) - Added a new node: /default-rack/de34da07-4135-4fa8-beba-e4d852545ac0
2023-01-25 10:22:50,779 [IPC Server handler 3 on default port 34593] INFO  node.SCMNodeManager (SCMNodeManager.java:register(397)) - Registered Data node : de34da07-4135-4fa8-beba-e4d852545ac0{ip: 10.1.0.14, host: fv-az462-827.5dk1zbeb1hiuljg1e1zidnqquc.phxx.internal.cloudapp.net, ports: [REPLICATION=36127, RATIS=33181, RATIS_ADMIN=33181, RATIS_SERVER=33181, RATIS_DATASTREAM=38123, STANDALONE=42003], networkLocation: /default-rack, certSerialId: null, persistedOpState: null, persistedOpStateExpiryEpochSec: 0}
2023-01-25 10:22:50,780 [EventQueue-NodeRegistrationContainerReportForDataNodeSafeModeRule] INFO  safemode.SCMSafeModeManager (DataNodeSafeModeRule.java:process(71)) - SCM in safe mode. 3 DataNodes registered, 3 required.
2023-01-25 10:22:50,780 [EventQueue-NodeRegistrationContainerReportForDataNodeSafeModeRule] INFO  safemode.SCMSafeModeManager (SCMSafeModeManager.java:validateSafeModeExitRules(200)) - DataNodeSafeModeRule rule is successfully validated
2023-01-25 10:22:50,780 [EventQueue-NodeRegistrationContainerReportForDataNodeSafeModeRule] INFO  safemode.SCMSafeModeManager (SCMSafeModeManager.java:completePreCheck(229)) - All SCM safe mode pre check rules have passed
2023-01-25 10:22:50,780 [EventQueue-NodeRegistrationContainerReportForDataNodeSafeModeRule] INFO  ha.SCMContext (SCMContext.java:updateSafeModeStatus(228)) - Update SafeModeStatus from SafeModeStatus{safeModeStatus=true, preCheckPassed=false} to SafeModeStatus{safeModeStatus=true, preCheckPassed=true}.
2023-01-25 10:22:50,780 [EventQueue-NewNodeForNewNodeHandler] INFO  pipeline.BackgroundPipelineCreator (BackgroundPipelineCreator.java:notifyEventTriggered(276)) - trigger a one-shot run on RatisPipelineUtilsThread.
2023-01-25 10:22:50,780 [EventQueue-NodeRegistrationContainerReportForDataNodeSafeModeRule] INFO  pipeline.BackgroundPipelineCreator (BackgroundPipelineCreator.java:notifyEventTriggered(276)) - trigger a one-shot run on RatisPipelineUtilsThread.
2023-01-25 10:22:50,781 [RatisPipelineUtilsThread - 0] INFO  pipeline.RatisPipelineProvider (RatisPipelineProvider.java:lambda$create$0(206)) - Sending CreatePipelineCommand for pipeline:PipelineID=c5902ef8-c35e-4176-b4f5-7c6b0ae14d03 to datanode:de34da07-4135-4fa8-beba-e4d852545ac0
2023-01-25 10:22:50,781 [RatisPipelineUtilsThread - 0] INFO  pipeline.PipelineStateManagerImpl (PipelineStateManagerImpl.java:addPipeline(103)) - Created pipeline Pipeline[ Id: c5902ef8-c35e-4176-b4f5-7c6b0ae14d03, Nodes: de34da07-4135-4fa8-beba-e4d852545ac0(fv-az462-827.5dk1zbeb1hiuljg1e1zidnqquc.phxx.internal.cloudapp.net/10.1.0.14), ReplicationConfig: RATIS/ONE, State:ALLOCATED, leaderId:, CreationTimestamp2023-01-25T10:22:50.781Z[Etc/UTC]].
2023-01-25 10:22:50,785 [RatisPipelineUtilsThread - 0] INFO  pipeline.RatisPipelineProvider (RatisPipelineProvider.java:lambda$create$0(206)) - Sending CreatePipelineCommand for pipeline:PipelineID=6a941a41-8cd8-4129-b93f-2ee647c74649 to datanode:44d8c728-f44d-4f6f-a402-703b24b0e7ae
2023-01-25 10:22:50,785 [RatisPipelineUtilsThread - 0] INFO  pipeline.RatisPipelineProvider (RatisPipelineProvider.java:lambda$create$0(206)) - Sending CreatePipelineCommand for pipeline:PipelineID=6a941a41-8cd8-4129-b93f-2ee647c74649 to datanode:247f50ea-8ddf-4819-a598-e87ef509e8f6
2023-01-25 10:22:50,785 [RatisPipelineUtilsThread - 0] INFO  pipeline.RatisPipelineProvider (RatisPipelineProvider.java:lambda$create$0(206)) - Sending CreatePipelineCommand for pipeline:PipelineID=6a941a41-8cd8-4129-b93f-2ee647c74649 to datanode:de34da07-4135-4fa8-beba-e4d852545ac0
2023-01-25 10:22:50,786 [RatisPipelineUtilsThread - 0] INFO  pipeline.PipelineStateManagerImpl (PipelineStateManagerImpl.java:addPipeline(103)) - Created pipeline Pipeline[ Id: 6a941a41-8cd8-4129-b93f-2ee647c74649, Nodes: 44d8c728-f44d-4f6f-a402-703b24b0e7ae(fv-az462-827.5dk1zbeb1hiuljg1e1zidnqquc.phxx.internal.cloudapp.net/10.1.0.14)247f50ea-8ddf-4819-a598-e87ef509e8f6(fv-az462-827.5dk1zbeb1hiuljg1e1zidnqquc.phxx.internal.cloudapp.net/10.1.0.14)de34da07-4135-4fa8-beba-e4d852545ac0(fv-az462-827.5dk1zbeb1hiuljg1e1zidnqquc.phxx.internal.cloudapp.net/10.1.0.14), ReplicationConfig: RATIS/THREE, State:ALLOCATED, leaderId:, CreationTimestamp2023-01-25T10:22:50.785Z[Etc/UTC]].
2023-01-25 10:22:50,787 [RatisPipelineUtilsThread - 0] INFO  pipeline.RatisPipelineProvider (RatisPipelineProvider.java:lambda$create$0(206)) - Sending CreatePipelineCommand for pipeline:PipelineID=3ba45bac-2600-4b44-b2de-6ce5116d121f to datanode:de34da07-4135-4fa8-beba-e4d852545ac0
2023-01-25 10:22:50,787 [RatisPipelineUtilsThread - 0] INFO  pipeline.RatisPipelineProvider (RatisPipelineProvider.java:lambda$create$0(206)) - Sending CreatePipelineCommand for pipeline:PipelineID=3ba45bac-2600-4b44-b2de-6ce5116d121f to datanode:247f50ea-8ddf-4819-a598-e87ef509e8f6
2023-01-25 10:22:50,787 [RatisPipelineUtilsThread - 0] INFO  pipeline.RatisPipelineProvider (RatisPipelineProvider.java:lambda$create$0(206)) - Sending CreatePipelineCommand for pipeline:PipelineID=3ba45bac-2600-4b44-b2de-6ce5116d121f to datanode:44d8c728-f44d-4f6f-a402-703b24b0e7ae
2023-01-25 10:22:50,788 [RatisPipelineUtilsThread - 0] INFO  pipeline.PipelineStateManagerImpl (PipelineStateManagerImpl.java:addPipeline(103)) - Created pipeline Pipeline[ Id: 3ba45bac-2600-4b44-b2de-6ce5116d121f, Nodes: de34da07-4135-4fa8-beba-e4d852545ac0(fv-az462-827.5dk1zbeb1hiuljg1e1zidnqquc.phxx.internal.cloudapp.net/10.1.0.14)247f50ea-8ddf-4819-a598-e87ef509e8f6(fv-az462-827.5dk1zbeb1hiuljg1e1zidnqquc.phxx.internal.cloudapp.net/10.1.0.14)44d8c728-f44d-4f6f-a402-703b24b0e7ae(fv-az462-827.5dk1zbeb1hiuljg1e1zidnqquc.phxx.internal.cloudapp.net/10.1.0.14), ReplicationConfig: RATIS/THREE, State:ALLOCATED, leaderId:, CreationTimestamp2023-01-25T10:22:50.787Z[Etc/UTC]].
2023-01-25 10:22:50,788 [RatisPipelineUtilsThread - 0] INFO  pipeline.PipelineManagerImpl (PipelineManagerImpl.java:recordMetricsForPipeline(826)) - Pipeline: PipelineID=3ba45bac-2600-4b44-b2de-6ce5116d121f contains same datanodes as previous pipelines: PipelineID=6a941a41-8cd8-4129-b93f-2ee647c74649 nodeIds: de34da07-4135-4fa8-beba-e4d852545ac0, 247f50ea-8ddf-4819-a598-e87ef509e8f6, 44d8c728-f44d-4f6f-a402-703b24b0e7ae
2023-01-25 10:22:50,788 [RatisPipelineUtilsThread - 0] WARN  pipeline.PipelinePlacementPolicy (PipelinePlacementPolicy.java:filterViableNodes(158)) - Pipeline creation failed due to no sufficient healthy datanodes. Required 3. Found 0.
2023-01-25 10:22:51,107 [IPC Server handler 0 on default port 34593] INFO  net.NetworkTopologyImpl (NetworkTopologyImpl.java:add(112)) - Added a new node: /default-rack/d93446b7-35bc-4b37-88f9-4794ab5c6ae8
2023-01-25 10:22:51,108 [IPC Server handler 0 on default port 34593] INFO  node.SCMNodeManager (SCMNodeManager.java:register(397)) - Registered Data node : d93446b7-35bc-4b37-88f9-4794ab5c6ae8{ip: 10.1.0.14, host: fv-az462-827.5dk1zbeb1hiuljg1e1zidnqquc.phxx.internal.cloudapp.net, ports: [REPLICATION=44161, RATIS=39081, RATIS_ADMIN=39081, RATIS_SERVER=39081, RATIS_DATASTREAM=34805, STANDALONE=32793], networkLocation: /default-rack, certSerialId: null, persistedOpState: null, persistedOpStateExpiryEpochSec: 0}
2023-01-25 10:22:51,108 [EventQueue-NewNodeForNewNodeHandler] INFO  pipeline.BackgroundPipelineCreator (BackgroundPipelineCreator.java:notifyEventTriggered(276)) - trigger a one-shot run on RatisPipelineUtilsThread.
2023-01-25 10:22:51,110 [RatisPipelineUtilsThread - 0] INFO  pipeline.RatisPipelineProvider (RatisPipelineProvider.java:lambda$create$0(206)) - Sending CreatePipelineCommand for pipeline:PipelineID=454e8822-bd6b-4890-9ecf-c1e5a8144160 to datanode:d93446b7-35bc-4b37-88f9-4794ab5c6ae8
2023-01-25 10:22:51,111 [RatisPipelineUtilsThread - 0] INFO  pipeline.PipelineStateManagerImpl (PipelineStateManagerImpl.java:addPipeline(103)) - Created pipeline Pipeline[ Id: 454e8822-bd6b-4890-9ecf-c1e5a8144160, Nodes: d93446b7-35bc-4b37-88f9-4794ab5c6ae8(fv-az462-827.5dk1zbeb1hiuljg1e1zidnqquc.phxx.internal.cloudapp.net/10.1.0.14), ReplicationConfig: RATIS/ONE, State:ALLOCATED, leaderId:, CreationTimestamp2023-01-25T10:22:51.110Z[Etc/UTC]].
2023-01-25 10:22:51,111 [RatisPipelineUtilsThread - 0] WARN  pipeline.PipelinePlacementPolicy (PipelinePlacementPolicy.java:filterViableNodes(158)) - Pipeline creation failed due to no sufficient healthy datanodes. Required 3. Found 1.
2023-01-25 10:22:51,253 [Listener at 127.0.0.1/33329] INFO  ozone.MiniOzoneClusterImpl (MiniOzoneClusterImpl.java:lambda$waitForClusterToBeReady$0(218)) - Waiting for nodes to be ready. Got 4 of 7 DN Heartbeats.
2023-01-25 10:22:51,253 [Listener at 127.0.0.1/33329] INFO  ozone.MiniOzoneClusterImpl (MiniOzoneClusterImpl.java:lambda$waitForClusterToBeReady$0(221)) - Waiting for cluster to exit safe mode
2023-01-25 10:22:51,253 [Listener at 127.0.0.1/33329] INFO  ozone.MiniOzoneClusterImpl (MiniOzoneClusterImpl.java:lambda$waitForClusterToBeReady$0(223)) - SCM became leader
2023-01-25 10:22:51,458 [IPC Server handler 3 on default port 34593] INFO  net.NetworkTopologyImpl (NetworkTopologyImpl.java:add(112)) - Added a new node: /default-rack/330431a7-276c-471f-aefe-b311ee71fd61
2023-01-25 10:22:51,458 [IPC Server handler 3 on default port 34593] INFO  node.SCMNodeManager (SCMNodeManager.java:register(397)) - Registered Data node : 330431a7-276c-471f-aefe-b311ee71fd61{ip: 10.1.0.14, host: fv-az462-827.5dk1zbeb1hiuljg1e1zidnqquc.phxx.internal.cloudapp.net, ports: [REPLICATION=46509, RATIS=44241, RATIS_ADMIN=44241, RATIS_SERVER=44241, RATIS_DATASTREAM=35499, STANDALONE=43717], networkLocation: /default-rack, certSerialId: null, persistedOpState: null, persistedOpStateExpiryEpochSec: 0}
2023-01-25 10:22:51,458 [EventQueue-NewNodeForNewNodeHandler] INFO  pipeline.BackgroundPipelineCreator (BackgroundPipelineCreator.java:notifyEventTriggered(276)) - trigger a one-shot run on RatisPipelineUtilsThread.
2023-01-25 10:22:51,462 [RatisPipelineUtilsThread - 0] INFO  pipeline.RatisPipelineProvider (RatisPipelineProvider.java:lambda$create$0(206)) - Sending CreatePipelineCommand for pipeline:PipelineID=2ab11bce-abde-4a03-a71c-857149b1be16 to datanode:330431a7-276c-471f-aefe-b311ee71fd61
2023-01-25 10:22:51,463 [RatisPipelineUtilsThread - 0] INFO  pipeline.PipelineStateManagerImpl (PipelineStateManagerImpl.java:addPipeline(103)) - Created pipeline Pipeline[ Id: 2ab11bce-abde-4a03-a71c-857149b1be16, Nodes: 330431a7-276c-471f-aefe-b311ee71fd61(fv-az462-827.5dk1zbeb1hiuljg1e1zidnqquc.phxx.internal.cloudapp.net/10.1.0.14), ReplicationConfig: RATIS/ONE, State:ALLOCATED, leaderId:, CreationTimestamp2023-01-25T10:22:51.462Z[Etc/UTC]].
2023-01-25 10:22:51,464 [RatisPipelineUtilsThread - 0] WARN  pipeline.PipelinePlacementPolicy (PipelinePlacementPolicy.java:filterViableNodes(158)) - Pipeline creation failed due to no sufficient healthy datanodes. Required 3. Found 2.
2023-01-25 10:22:51,824 [IPC Server handler 4 on default port 34593] INFO  net.NetworkTopologyImpl (NetworkTopologyImpl.java:add(112)) - Added a new node: /default-rack/d3187004-3c5d-4262-9ff7-104fb060a734
2023-01-25 10:22:51,824 [IPC Server handler 4 on default port 34593] INFO  node.SCMNodeManager (SCMNodeManager.java:register(397)) - Registered Data node : d3187004-3c5d-4262-9ff7-104fb060a734{ip: 10.1.0.14, host: fv-az462-827.5dk1zbeb1hiuljg1e1zidnqquc.phxx.internal.cloudapp.net, ports: [REPLICATION=46665, RATIS=40329, RATIS_ADMIN=40329, RATIS_SERVER=40329, RATIS_DATASTREAM=38809, STANDALONE=39689], networkLocation: /default-rack, certSerialId: null, persistedOpState: null, persistedOpStateExpiryEpochSec: 0}
2023-01-25 10:22:51,824 [EventQueue-NewNodeForNewNodeHandler] INFO  pipeline.BackgroundPipelineCreator (BackgroundPipelineCreator.java:notifyEventTriggered(276)) - trigger a one-shot run on RatisPipelineUtilsThread.
2023-01-25 10:22:51,825 [RatisPipelineUtilsThread - 0] INFO  pipeline.RatisPipelineProvider (RatisPipelineProvider.java:lambda$create$0(206)) - Sending CreatePipelineCommand for pipeline:PipelineID=562c47c9-7954-420d-8489-ef9bbcf9b009 to datanode:d3187004-3c5d-4262-9ff7-104fb060a734
2023-01-25 10:22:51,826 [RatisPipelineUtilsThread - 0] INFO  pipeline.PipelineStateManagerImpl (PipelineStateManagerImpl.java:addPipeline(103)) - Created pipeline Pipeline[ Id: 562c47c9-7954-420d-8489-ef9bbcf9b009, Nodes: d3187004-3c5d-4262-9ff7-104fb060a734(fv-az462-827.5dk1zbeb1hiuljg1e1zidnqquc.phxx.internal.cloudapp.net/10.1.0.14), ReplicationConfig: RATIS/ONE, State:ALLOCATED, leaderId:, CreationTimestamp2023-01-25T10:22:51.825Z[Etc/UTC]].
2023-01-25 10:22:51,827 [RatisPipelineUtilsThread - 0] INFO  pipeline.RatisPipelineProvider (RatisPipelineProvider.java:lambda$create$0(206)) - Sending CreatePipelineCommand for pipeline:PipelineID=7e2fb23a-ba64-429f-9977-80f44550e9db to datanode:d3187004-3c5d-4262-9ff7-104fb060a734
2023-01-25 10:22:51,827 [RatisPipelineUtilsThread - 0] INFO  pipeline.RatisPipelineProvider (RatisPipelineProvider.java:lambda$create$0(206)) - Sending CreatePipelineCommand for pipeline:PipelineID=7e2fb23a-ba64-429f-9977-80f44550e9db to datanode:330431a7-276c-471f-aefe-b311ee71fd61
2023-01-25 10:22:51,827 [RatisPipelineUtilsThread - 0] INFO  pipeline.RatisPipelineProvider (RatisPipelineProvider.java:lambda$create$0(206)) - Sending CreatePipelineCommand for pipeline:PipelineID=7e2fb23a-ba64-429f-9977-80f44550e9db to datanode:d93446b7-35bc-4b37-88f9-4794ab5c6ae8
2023-01-25 10:22:51,828 [RatisPipelineUtilsThread - 0] INFO  pipeline.PipelineStateManagerImpl (PipelineStateManagerImpl.java:addPipeline(103)) - Created pipeline Pipeline[ Id: 7e2fb23a-ba64-429f-9977-80f44550e9db, Nodes: d3187004-3c5d-4262-9ff7-104fb060a734(fv-az462-827.5dk1zbeb1hiuljg1e1zidnqquc.phxx.internal.cloudapp.net/10.1.0.14)330431a7-276c-471f-aefe-b311ee71fd61(fv-az462-827.5dk1zbeb1hiuljg1e1zidnqquc.phxx.internal.cloudapp.net/10.1.0.14)d93446b7-35bc-4b37-88f9-4794ab5c6ae8(fv-az462-827.5dk1zbeb1hiuljg1e1zidnqquc.phxx.internal.cloudapp.net/10.1.0.14), ReplicationConfig: RATIS/THREE, State:ALLOCATED, leaderId:, CreationTimestamp2023-01-25T10:22:51.827Z[Etc/UTC]].
2023-01-25 10:22:51,829 [RatisPipelineUtilsThread - 0] INFO  pipeline.RatisPipelineProvider (RatisPipelineProvider.java:lambda$create$0(206)) - Sending CreatePipelineCommand for pipeline:PipelineID=69ab94f3-f15e-4245-9e29-84c3b82a181d to datanode:330431a7-276c-471f-aefe-b311ee71fd61
2023-01-25 10:22:51,829 [RatisPipelineUtilsThread - 0] INFO  pipeline.RatisPipelineProvider (RatisPipelineProvider.java:lambda$create$0(206)) - Sending CreatePipelineCommand for pipeline:PipelineID=69ab94f3-f15e-4245-9e29-84c3b82a181d to datanode:d3187004-3c5d-4262-9ff7-104fb060a734
2023-01-25 10:22:51,829 [RatisPipelineUtilsThread - 0] INFO  pipeline.RatisPipelineProvider (RatisPipelineProvider.java:lambda$create$0(206)) - Sending CreatePipelineCommand for pipeline:PipelineID=69ab94f3-f15e-4245-9e29-84c3b82a181d to datanode:d93446b7-35bc-4b37-88f9-4794ab5c6ae8
2023-01-25 10:22:51,830 [RatisPipelineUtilsThread - 0] INFO  pipeline.PipelineStateManagerImpl (PipelineStateManagerImpl.java:addPipeline(103)) - Created pipeline Pipeline[ Id: 69ab94f3-f15e-4245-9e29-84c3b82a181d, Nodes: 330431a7-276c-471f-aefe-b311ee71fd61(fv-az462-827.5dk1zbeb1hiuljg1e1zidnqquc.phxx.internal.cloudapp.net/10.1.0.14)d3187004-3c5d-4262-9ff7-104fb060a734(fv-az462-827.5dk1zbeb1hiuljg1e1zidnqquc.phxx.internal.cloudapp.net/10.1.0.14)d93446b7-35bc-4b37-88f9-4794ab5c6ae8(fv-az462-827.5dk1zbeb1hiuljg1e1zidnqquc.phxx.internal.cloudapp.net/10.1.0.14), ReplicationConfig: RATIS/THREE, State:ALLOCATED, leaderId:, CreationTimestamp2023-01-25T10:22:51.829Z[Etc/UTC]].
2023-01-25 10:22:51,831 [RatisPipelineUtilsThread - 0] INFO  pipeline.PipelineManagerImpl (PipelineManagerImpl.java:recordMetricsForPipeline(826)) - Pipeline: PipelineID=69ab94f3-f15e-4245-9e29-84c3b82a181d contains same datanodes as previous pipelines: PipelineID=7e2fb23a-ba64-429f-9977-80f44550e9db nodeIds: 330431a7-276c-471f-aefe-b311ee71fd61, d3187004-3c5d-4262-9ff7-104fb060a734, d93446b7-35bc-4b37-88f9-4794ab5c6ae8
2023-01-25 10:22:51,831 [RatisPipelineUtilsThread - 0] WARN  pipeline.PipelinePlacementPolicy (PipelinePlacementPolicy.java:filterViableNodes(158)) - Pipeline creation failed due to no sufficient healthy datanodes. Required 3. Found 0.
2023-01-25 10:22:52,253 [Listener at 127.0.0.1/33329] INFO  ozone.MiniOzoneClusterImpl (MiniOzoneClusterImpl.java:lambda$waitForClusterToBeReady$0(218)) - Waiting for nodes to be ready. Got 6 of 7 DN Heartbeats.
2023-01-25 10:22:52,254 [Listener at 127.0.0.1/33329] INFO  ozone.MiniOzoneClusterImpl (MiniOzoneClusterImpl.java:lambda$waitForClusterToBeReady$0(221)) - Waiting for cluster to exit safe mode
2023-01-25 10:22:52,254 [Listener at 127.0.0.1/33329] INFO  ozone.MiniOzoneClusterImpl (MiniOzoneClusterImpl.java:lambda$waitForClusterToBeReady$0(223)) - SCM became leader
2023-01-25 10:22:52,261 [IPC Server handler 1 on default port 34593] INFO  net.NetworkTopologyImpl (NetworkTopologyImpl.java:add(112)) - Added a new node: /default-rack/7abbc2c7-b56f-4fd7-a4a9-203189c4b8f1
2023-01-25 10:22:52,261 [IPC Server handler 1 on default port 34593] INFO  node.SCMNodeManager (SCMNodeManager.java:register(397)) - Registered Data node : 7abbc2c7-b56f-4fd7-a4a9-203189c4b8f1{ip: 10.1.0.14, host: fv-az462-827.5dk1zbeb1hiuljg1e1zidnqquc.phxx.internal.cloudapp.net, ports: [REPLICATION=46389, RATIS=34617, RATIS_ADMIN=34617, RATIS_SERVER=34617, RATIS_DATASTREAM=41363, STANDALONE=41603], networkLocation: /default-rack, certSerialId: null, persistedOpState: null, persistedOpStateExpiryEpochSec: 0}
2023-01-25 10:22:52,262 [EventQueue-NewNodeForNewNodeHandler] INFO  pipeline.BackgroundPipelineCreator (BackgroundPipelineCreator.java:notifyEventTriggered(276)) - trigger a one-shot run on RatisPipelineUtilsThread.
2023-01-25 10:22:52,262 [RatisPipelineUtilsThread - 0] INFO  pipeline.RatisPipelineProvider (RatisPipelineProvider.java:lambda$create$0(206)) - Sending CreatePipelineCommand for pipeline:PipelineID=9fd23e76-584f-4286-b2fe-9e3031c7d0db to datanode:7abbc2c7-b56f-4fd7-a4a9-203189c4b8f1
2023-01-25 10:22:52,263 [RatisPipelineUtilsThread - 0] INFO  pipeline.PipelineStateManagerImpl (PipelineStateManagerImpl.java:addPipeline(103)) - Created pipeline Pipeline[ Id: 9fd23e76-584f-4286-b2fe-9e3031c7d0db, Nodes: 7abbc2c7-b56f-4fd7-a4a9-203189c4b8f1(fv-az462-827.5dk1zbeb1hiuljg1e1zidnqquc.phxx.internal.cloudapp.net/10.1.0.14), ReplicationConfig: RATIS/ONE, State:ALLOCATED, leaderId:, CreationTimestamp2023-01-25T10:22:52.262Z[Etc/UTC]].
2023-01-25 10:22:52,264 [RatisPipelineUtilsThread - 0] WARN  pipeline.PipelinePlacementPolicy (PipelinePlacementPolicy.java:filterViableNodes(158)) - Pipeline creation failed due to no sufficient healthy datanodes. Required 3. Found 1.
2023-01-25 10:22:52,922 [Command processor thread] INFO  server.RaftServer (RaftServerProxy.java:addNew(96)) - 247f50ea-8ddf-4819-a598-e87ef509e8f6: addNew group-3FA470B5B8B5:[247f50ea-8ddf-4819-a598-e87ef509e8f6|rpc:10.1.0.14:33111|dataStream:10.1.0.14:34525|priority:1|startupRole:FOLLOWER] returns group-3FA470B5B8B5:java.util.concurrent.CompletableFuture@c4b892b[Not completed]
2023-01-25 10:22:52,929 [pool-71-thread-1] INFO  server.RaftServer$Division (RaftServerImpl.java:<init>(195)) - 247f50ea-8ddf-4819-a598-e87ef509e8f6: new RaftServerImpl for group-3FA470B5B8B5:[247f50ea-8ddf-4819-a598-e87ef509e8f6|rpc:10.1.0.14:33111|dataStream:10.1.0.14:34525|priority:1|startupRole:FOLLOWER] with ContainerStateMachine:uninitialized
2023-01-25 10:22:52,930 [pool-71-thread-1] INFO  server.RaftServerConfigKeys (ConfUtils.java:logGet(46)) - raft.server.rpc.timeout.min = 5s (custom)
2023-01-25 10:22:52,930 [pool-71-thread-1] INFO  server.RaftServerConfigKeys (ConfUtils.java:logGet(46)) - raft.server.rpc.timeout.max = 5200ms (custom)
2023-01-25 10:22:52,930 [pool-71-thread-1] INFO  server.RaftServerConfigKeys (ConfUtils.java:logGet(46)) - raft.server.rpc.sleep.time = 25ms (default)
2023-01-25 10:22:52,930 [pool-71-thread-1] INFO  server.RaftServerConfigKeys (ConfUtils.java:logGet(46)) - raft.server.rpc.slowness.timeout = 300s (custom)
2023-01-25 10:22:52,930 [pool-71-thread-1] INFO  server.RaftServerConfigKeys (ConfUtils.java:logGet(46)) - raft.server.leaderelection.leader.step-down.wait-time = 10s (default)
2023-01-25 10:22:52,930 [pool-71-thread-1] INFO  server.RaftServerConfigKeys (ConfUtils.java:logGet(46)) - raft.server.sleep.deviation.threshold = 300ms (default)
2023-01-25 10:22:52,930 [pool-71-thread-1] INFO  server.RaftServer$Division (ServerState.java:<init>(118)) - 247f50ea-8ddf-4819-a598-e87ef509e8f6@group-3FA470B5B8B5: ConfigurationManager, init=-1: peers:[247f50ea-8ddf-4819-a598-e87ef509e8f6|rpc:10.1.0.14:33111|dataStream:10.1.0.14:34525|priority:1|startupRole:FOLLOWER]|listeners:[], old=null, confs=<EMPTY_MAP>
2023-01-25 10:22:52,930 [pool-71-thread-1] INFO  server.RaftServerConfigKeys (ConfUtils.java:logGet(46)) - raft.server.storage.dir = [/home/runner/work/ozone/ozone/hadoop-ozone/integration-test/target/test-dir/MiniOzoneClusterImpl-1247b3fc-8c88-4cf7-b93f-ad2be507f780/datanode-0/data/ratis] (custom)
2023-01-25 10:22:52,930 [pool-71-thread-1] INFO  server.RaftServerConfigKeys (ConfUtils.java:logGet(46)) - raft.server.log.corruption.policy = EXCEPTION (default)
2023-01-25 10:22:52,930 [pool-71-thread-1] INFO  server.RaftServerConfigKeys (ConfUtils.java:logGet(46)) - raft.server.storage.free-space.min = 0MB (=0) (default)
2023-01-25 10:22:52,930 [pool-71-thread-1] INFO  server.RaftServerConfigKeys (ConfUtils.java:logGet(46)) - raft.server.notification.no-leader.timeout = 300s (custom)
2023-01-25 10:22:52,930 [pool-71-thread-1] INFO  server.RaftServerConfigKeys (ConfUtils.java:logGet(46)) - raft.server.retrycache.expirytime = 600000ms (custom)
2023-01-25 10:22:52,930 [pool-71-thread-1] INFO  server.RaftServerConfigKeys (ConfUtils.java:logGet(46)) - raft.server.retrycache.statistics.expirytime = 100μs (default)
2023-01-25 10:22:52,937 [pool-71-thread-1] INFO  server.RaftServerConfigKeys (ConfUtils.java:logGet(46)) - raft.server.log.appender.install.snapshot.enabled = false (custom)
2023-01-25 10:22:52,937 [pool-71-thread-1] INFO  server.RaftServerConfigKeys (ConfUtils.java:logGet(46)) - raft.server.threadpool.server.cached = true (default)
2023-01-25 10:22:52,937 [pool-71-thread-1] INFO  server.RaftServerConfigKeys (ConfUtils.java:logGet(46)) - raft.server.threadpool.server.size = 0 (default)
2023-01-25 10:22:52,937 [pool-71-thread-1] INFO  server.RaftServerConfigKeys (ConfUtils.java:logGet(46)) - raft.server.threadpool.client.cached = true (default)
2023-01-25 10:22:52,939 [pool-71-thread-1] INFO  server.RaftServerConfigKeys (ConfUtils.java:logGet(46)) - raft.server.threadpool.client.size = 0 (default)
2023-01-25 10:22:52,939 [pool-71-thread-1] INFO  storage.RaftStorageDirectory (RaftStorageDirectoryImpl.java:analyzeStorage(137)) - The storage directory /home/runner/work/ozone/ozone/hadoop-ozone/integration-test/target/test-dir/MiniOzoneClusterImpl-1247b3fc-8c88-4cf7-b93f-ad2be507f780/datanode-0/data/ratis/0c39c105-7cfd-4a22-a0cd-3fa470b5b8b5 does not exist. Creating ...
2023-01-25 10:22:52,941 [pool-71-thread-1] INFO  storage.RaftStorageDirectory (RaftStorageDirectoryImpl.java:tryLock(231)) - Lock on /home/runner/work/ozone/ozone/hadoop-ozone/integration-test/target/test-dir/MiniOzoneClusterImpl-1247b3fc-8c88-4cf7-b93f-ad2be507f780/datanode-0/data/ratis/0c39c105-7cfd-4a22-a0cd-3fa470b5b8b5/in_use.lock acquired by nodename 69329@fv-az462-827
2023-01-25 10:22:52,942 [pool-71-thread-1] INFO  storage.RaftStorage (RaftStorageImpl.java:format(96)) - Storage directory /home/runner/work/ozone/ozone/hadoop-ozone/integration-test/target/test-dir/MiniOzoneClusterImpl-1247b3fc-8c88-4cf7-b93f-ad2be507f780/datanode-0/data/ratis/0c39c105-7cfd-4a22-a0cd-3fa470b5b8b5 has been successfully formatted.
2023-01-25 10:22:52,947 [pool-71-thread-1] INFO  ratis.ContainerStateMachine (ContainerStateMachine.java:loadSnapshot(240)) - group-3FA470B5B8B5: The snapshot info is null. Setting the last applied indexto:(t:0, i:~)
2023-01-25 10:22:52,947 [pool-71-thread-1] INFO  server.RaftServerConfigKeys (ConfUtils.java:logGet(46)) - raft.server.log.use.memory = false (default)
2023-01-25 10:22:52,947 [pool-71-thread-1] INFO  server.RaftServerConfigKeys (ConfUtils.java:logGet(46)) - raft.server.log.purge.gap = 1000000 (custom)
2023-01-25 10:22:52,947 [pool-71-thread-1] INFO  server.RaftServerConfigKeys (ConfUtils.java:logGet(46)) - raft.server.log.appender.buffer.byte-limit = 33554432 (custom)
2023-01-25 10:22:52,947 [pool-71-thread-1] INFO  server.RaftServerConfigKeys (ConfUtils.java:logGet(46)) - raft.server.log.statemachine.data.read.timeout = 1000ms (default)
2023-01-25 10:22:52,947 [pool-71-thread-1] INFO  server.RaftServerConfigKeys (ConfUtils.java:logGet(46)) - raft.server.log.purge.preservation.log.num = 0 (default)
2023-01-25 10:22:52,948 [pool-71-thread-1] INFO  server.RaftServerConfigKeys (ConfUtils.java:logGet(46)) - raft.server.log.segment.size.max = 1048576 (custom)
2023-01-25 10:22:52,948 [pool-71-thread-1] INFO  server.RaftServerConfigKeys (ConfUtils.java:logGet(46)) - raft.server.log.segment.cache.num.max = 2 (custom)
2023-01-25 10:22:52,949 [pool-71-thread-1] INFO  server.RaftServerConfigKeys (ConfUtils.java:logGet(46)) - raft.server.log.segment.cache.size.max = 200MB (=209715200) (default)
2023-01-25 10:22:52,949 [pool-71-thread-1] INFO  segmented.SegmentedRaftLogWorker (SegmentedRaftLogWorker.java:<init>(189)) - new 247f50ea-8ddf-4819-a598-e87ef509e8f6@group-3FA470B5B8B5-SegmentedRaftLogWorker for RaftStorageImpl:Storage Directory /home/runner/work/ozone/ozone/hadoop-ozone/integration-test/target/test-dir/MiniOzoneClusterImpl-1247b3fc-8c88-4cf7-b93f-ad2be507f780/datanode-0/data/ratis/0c39c105-7cfd-4a22-a0cd-3fa470b5b8b5
2023-01-25 10:22:52,949 [pool-71-thread-1] INFO  server.RaftServerConfigKeys (ConfUtils.java:logGet(46)) - raft.server.log.queue.byte-limit = 4294967296 (custom)
2023-01-25 10:22:52,949 [pool-71-thread-1] INFO  server.RaftServerConfigKeys (ConfUtils.java:logGet(46)) - raft.server.log.queue.element-limit = 1024 (custom)
2023-01-25 10:22:52,949 [pool-71-thread-1] INFO  server.RaftServerConfigKeys (ConfUtils.java:logGet(46)) - raft.server.log.segment.size.max = 1048576 (custom)
2023-01-25 10:22:52,949 [pool-71-thread-1] INFO  server.RaftServerConfigKeys (ConfUtils.java:logGet(46)) - raft.server.log.preallocated.size = 16384 (custom)
2023-01-25 10:22:52,949 [pool-71-thread-1] INFO  server.RaftServerConfigKeys (ConfUtils.java:logGet(46)) - raft.server.log.force.sync.num = 128 (default)
2023-01-25 10:22:52,949 [pool-71-thread-1] INFO  server.RaftServerConfigKeys (ConfUtils.java:logGet(46)) - raft.server.log.statemachine.data.sync = true (default)
2023-01-25 10:22:52,949 [pool-71-thread-1] INFO  server.RaftServerConfigKeys (ConfUtils.java:logGet(46)) - raft.server.log.statemachine.data.sync.timeout = 10s (default)
2023-01-25 10:22:52,949 [pool-71-thread-1] INFO  server.RaftServerConfigKeys (ConfUtils.java:logGet(46)) - raft.server.log.statemachine.data.sync.timeout.retry = -1 (default)
2023-01-25 10:22:52,956 [pool-71-thread-1] INFO  server.RaftServerConfigKeys (ConfUtils.java:logGet(46)) - raft.server.log.write.buffer.size = 1048576 (custom)
2023-01-25 10:22:52,956 [pool-71-thread-1] INFO  server.RaftServerConfigKeys (ConfUtils.java:logGet(46)) - raft.server.log.appender.buffer.byte-limit = 33554432 (custom)
2023-01-25 10:22:52,959 [pool-71-thread-1] INFO  server.RaftServerConfigKeys (ConfUtils.java:logGet(46)) - raft.server.log.unsafe-flush.enabled = false (default)
2023-01-25 10:22:52,959 [pool-71-thread-1] INFO  server.RaftServerConfigKeys (ConfUtils.java:logGet(46)) - raft.server.log.async-flush.enabled = false (default)
2023-01-25 10:22:52,959 [pool-71-thread-1] INFO  server.RaftServerConfigKeys (ConfUtils.java:logGet(46)) - raft.server.log.statemachine.data.caching.enabled = true (custom)
2023-01-25 10:22:52,959 [pool-71-thread-1] INFO  segmented.SegmentedRaftLogWorker (SegmentedRaftLogWorker.java:lambda$new$0(135)) - 247f50ea-8ddf-4819-a598-e87ef509e8f6@group-3FA470B5B8B5-SegmentedRaftLogWorker: flushIndex: setUnconditionally 0 -> -1
2023-01-25 10:22:52,959 [pool-71-thread-1] INFO  segmented.SegmentedRaftLogWorker (SegmentedRaftLogWorker.java:lambda$new$0(135)) - 247f50ea-8ddf-4819-a598-e87ef509e8f6@group-3FA470B5B8B5-SegmentedRaftLogWorker: safeCacheEvictIndex: setUnconditionally 0 -> -1
2023-01-25 10:22:52,960 [pool-71-thread-1] INFO  server.RaftServer$Division (RaftServerImpl.java:start(334)) - 247f50ea-8ddf-4819-a598-e87ef509e8f6@group-3FA470B5B8B5: start as a follower, conf=-1: peers:[247f50ea-8ddf-4819-a598-e87ef509e8f6|rpc:10.1.0.14:33111|dataStream:10.1.0.14:34525|priority:1|startupRole:FOLLOWER]|listeners:[], old=null
2023-01-25 10:22:52,960 [pool-71-thread-1] INFO  server.RaftServer$Division (RaftServerImpl.java:setRole(321)) - 247f50ea-8ddf-4819-a598-e87ef509e8f6@group-3FA470B5B8B5: changes role from      null to FOLLOWER at term 0 for startAsFollower
2023-01-25 10:22:52,960 [pool-71-thread-1] INFO  impl.RoleInfo (RoleInfo.java:updateAndGet(139)) - 247f50ea-8ddf-4819-a598-e87ef509e8f6: start 247f50ea-8ddf-4819-a598-e87ef509e8f6@group-3FA470B5B8B5-FollowerState
2023-01-25 10:22:52,962 [pool-71-thread-1] INFO  util.JmxRegister (JmxRegister.java:tryRegister(44)) - Successfully registered JMX Bean with object name Ratis:service=RaftServer,group=group-3FA470B5B8B5,id=247f50ea-8ddf-4819-a598-e87ef509e8f6
2023-01-25 10:22:52,963 [pool-71-thread-1] INFO  server.RaftServerConfigKeys (ConfUtils.java:logGet(46)) - raft.server.snapshot.auto.trigger.enabled = true (custom)
2023-01-25 10:22:52,963 [pool-71-thread-1] INFO  server.RaftServerConfigKeys (ConfUtils.java:logGet(46)) - raft.server.snapshot.auto.trigger.threshold = 10000 (custom)
2023-01-25 10:22:52,963 [pool-71-thread-1] INFO  server.RaftServerConfigKeys (ConfUtils.java:logGet(46)) - raft.server.snapshot.retention.file.num = 5 (custom)
2023-01-25 10:22:52,963 [pool-71-thread-1] INFO  server.RaftServerConfigKeys (ConfUtils.java:logGet(46)) - raft.server.log.purge.upto.snapshot.index = false (default)
2023-01-25 10:22:52,964 [247f50ea-8ddf-4819-a598-e87ef509e8f6@group-3FA470B5B8B5-FollowerState] INFO  server.RaftServerConfigKeys (ConfUtils.java:logFallback(53)) - raft.server.rpc.first-election.timeout.min = 5s (fallback to raft.server.rpc.timeout.min)
2023-01-25 10:22:52,964 [247f50ea-8ddf-4819-a598-e87ef509e8f6@group-3FA470B5B8B5-FollowerState] INFO  server.RaftServerConfigKeys (ConfUtils.java:logFallback(53)) - raft.server.rpc.first-election.timeout.max = 5200ms (fallback to raft.server.rpc.timeout.max)
2023-01-25 10:22:52,974 [Command processor thread] INFO  ratis.XceiverServerRatis (XceiverServerRatis.java:addGroup(806)) - Created group PipelineID=0c39c105-7cfd-4a22-a0cd-3fa470b5b8b5
2023-01-25 10:22:52,975 [Command processor thread] INFO  commandhandler.CreatePipelineCommandHandler (CreatePipelineCommandHandler.java:handle(113)) - Created Pipeline RATIS ONE PipelineID=0c39c105-7cfd-4a22-a0cd-3fa470b5b8b5.
2023-01-25 10:22:52,975 [EventQueue-PipelineReportForPipelineReportHandler] INFO  pipeline.PipelineManagerImpl (PipelineManagerImpl.java:openPipeline(367)) - Pipeline Pipeline[ Id: 0c39c105-7cfd-4a22-a0cd-3fa470b5b8b5, Nodes: 247f50ea-8ddf-4819-a598-e87ef509e8f6(fv-az462-827.5dk1zbeb1hiuljg1e1zidnqquc.phxx.internal.cloudapp.net/10.1.0.14), ReplicationConfig: RATIS/ONE, State:ALLOCATED, leaderId:247f50ea-8ddf-4819-a598-e87ef509e8f6, CreationTimestamp2023-01-25T10:22:49.932Z[Etc/UTC]] moved to OPEN state
2023-01-25 10:22:52,975 [Command processor thread] INFO  server.RaftServer (RaftServerProxy.java:addNew(96)) - 247f50ea-8ddf-4819-a598-e87ef509e8f6: addNew group-2EE647C74649:[de34da07-4135-4fa8-beba-e4d852545ac0|rpc:10.1.0.14:33181|dataStream:10.1.0.14:38123|priority:0|startupRole:FOLLOWER, 44d8c728-f44d-4f6f-a402-703b24b0e7ae|rpc:10.1.0.14:40767|dataStream:10.1.0.14:39589|priority:1|startupRole:FOLLOWER, 247f50ea-8ddf-4819-a598-e87ef509e8f6|rpc:10.1.0.14:33111|dataStream:10.1.0.14:34525|priority:0|startupRole:FOLLOWER] returns group-2EE647C74649:java.util.concurrent.CompletableFuture@18bda199[Not completed]
2023-01-25 10:22:52,978 [EventQueue-OpenPipelineForHealthyPipelineSafeModeRule] INFO  safemode.SCMSafeModeManager (HealthyPipelineSafeModeRule.java:process(137)) - SCM in safe mode. Healthy pipelines reported count is 0, required healthy pipeline reported count is 1
2023-01-25 10:22:52,979 [pool-71-thread-1] INFO  server.RaftServer$Division (RaftServerImpl.java:<init>(195)) - 247f50ea-8ddf-4819-a598-e87ef509e8f6: new RaftServerImpl for group-2EE647C74649:[de34da07-4135-4fa8-beba-e4d852545ac0|rpc:10.1.0.14:33181|dataStream:10.1.0.14:38123|priority:0|startupRole:FOLLOWER, 44d8c728-f44d-4f6f-a402-703b24b0e7ae|rpc:10.1.0.14:40767|dataStream:10.1.0.14:39589|priority:1|startupRole:FOLLOWER, 247f50ea-8ddf-4819-a598-e87ef509e8f6|rpc:10.1.0.14:33111|dataStream:10.1.0.14:34525|priority:0|startupRole:FOLLOWER] with ContainerStateMachine:uninitialized
2023-01-25 10:22:52,980 [pool-71-thread-1] INFO  server.RaftServerConfigKeys (ConfUtils.java:logGet(46)) - raft.server.rpc.timeout.min = 5s (custom)
2023-01-25 10:22:52,980 [pool-71-thread-1] INFO  server.RaftServerConfigKeys (ConfUtils.java:logGet(46)) - raft.server.rpc.timeout.max = 5200ms (custom)
2023-01-25 10:22:52,980 [pool-71-thread-1] INFO  server.RaftServerConfigKeys (ConfUtils.java:logGet(46)) - raft.server.rpc.sleep.time = 25ms (default)
2023-01-25 10:22:52,980 [pool-71-thread-1] INFO  server.RaftServerConfigKeys (ConfUtils.java:logGet(46)) - raft.server.rpc.slowness.timeout = 300s (custom)
2023-01-25 10:22:52,980 [pool-71-thread-1] INFO  server.RaftServerConfigKeys (ConfUtils.java:logGet(46)) - raft.server.leaderelection.leader.step-down.wait-time = 10s (default)
2023-01-25 10:22:52,980 [pool-71-thread-1] INFO  server.RaftServerConfigKeys (ConfUtils.java:logGet(46)) - raft.server.sleep.deviation.threshold = 300ms (default)
2023-01-25 10:22:52,980 [pool-71-thread-1] INFO  server.RaftServer$Division (ServerState.java:<init>(118)) - 247f50ea-8ddf-4819-a598-e87ef509e8f6@group-2EE647C74649: ConfigurationManager, init=-1: peers:[de34da07-4135-4fa8-beba-e4d852545ac0|rpc:10.1.0.14:33181|dataStream:10.1.0.14:38123|priority:0|startupRole:FOLLOWER, 44d8c728-f44d-4f6f-a402-703b24b0e7ae|rpc:10.1.0.14:40767|dataStream:10.1.0.14:39589|priority:1|startupRole:FOLLOWER, 247f50ea-8ddf-4819-a598-e87ef509e8f6|rpc:10.1.0.14:33111|dataStream:10.1.0.14:34525|priority:0|startupRole:FOLLOWER]|listeners:[], old=null, confs=<EMPTY_MAP>
2023-01-25 10:22:52,980 [pool-71-thread-1] INFO  server.RaftServerConfigKeys (ConfUtils.java:logGet(46)) - raft.server.storage.dir = [/home/runner/work/ozone/ozone/hadoop-ozone/integration-test/target/test-dir/MiniOzoneClusterImpl-1247b3fc-8c88-4cf7-b93f-ad2be507f780/datanode-0/data/ratis] (custom)
2023-01-25 10:22:52,980 [pool-71-thread-1] INFO  server.RaftServerConfigKeys (ConfUtils.java:logGet(46)) - raft.server.log.corruption.policy = EXCEPTION (default)
2023-01-25 10:22:52,980 [pool-71-thread-1] INFO  server.RaftServerConfigKeys (ConfUtils.java:logGet(46)) - raft.server.storage.free-space.min = 0MB (=0) (default)
2023-01-25 10:22:52,980 [pool-71-thread-1] INFO  server.RaftServerConfigKeys (ConfUtils.java:logGet(46)) - raft.server.notification.no-leader.timeout = 300s (custom)
2023-01-25 10:22:52,980 [pool-71-thread-1] INFO  server.RaftServerConfigKeys (ConfUtils.java:logGet(46)) - raft.server.retrycache.expirytime = 600000ms (custom)
2023-01-25 10:22:52,980 [pool-71-thread-1] INFO  server.RaftServerConfigKeys (ConfUtils.java:logGet(46)) - raft.server.retrycache.statistics.expirytime = 100μs (default)
2023-01-25 10:22:52,983 [pool-71-thread-1] INFO  server.RaftServerConfigKeys (ConfUtils.java:logGet(46)) - raft.server.log.appender.install.snapshot.enabled = false (custom)
2023-01-25 10:22:52,983 [pool-71-thread-1] INFO  server.RaftServerConfigKeys (ConfUtils.java:logGet(46)) - raft.server.threadpool.server.cached = true (default)
2023-01-25 10:22:52,983 [pool-71-thread-1] INFO  server.RaftServerConfigKeys (ConfUtils.java:logGet(46)) - raft.server.threadpool.server.size = 0 (default)
2023-01-25 10:22:52,983 [pool-71-thread-1] INFO  server.RaftServerConfigKeys (ConfUtils.java:logGet(46)) - raft.server.threadpool.client.cached = true (default)
2023-01-25 10:22:52,983 [pool-71-thread-1] INFO  server.RaftServerConfigKeys (ConfUtils.java:logGet(46)) - raft.server.threadpool.client.size = 0 (default)
2023-01-25 10:22:52,983 [pool-71-thread-1] INFO  storage.RaftStorageDirectory (RaftStorageDirectoryImpl.java:analyzeStorage(137)) - The storage directory /home/runner/work/ozone/ozone/hadoop-ozone/integration-test/target/test-dir/MiniOzoneClusterImpl-1247b3fc-8c88-4cf7-b93f-ad2be507f780/datanode-0/data/ratis/6a941a41-8cd8-4129-b93f-2ee647c74649 does not exist. Creating ...
2023-01-25 10:22:52,991 [pool-71-thread-1] INFO  storage.RaftStorageDirectory (RaftStorageDirectoryImpl.java:tryLock(231)) - Lock on /home/runner/work/ozone/ozone/hadoop-ozone/integration-test/target/test-dir/MiniOzoneClusterImpl-1247b3fc-8c88-4cf7-b93f-ad2be507f780/datanode-0/data/ratis/6a941a41-8cd8-4129-b93f-2ee647c74649/in_use.lock acquired by nodename 69329@fv-az462-827
2023-01-25 10:22:52,992 [pool-71-thread-1] INFO  storage.RaftStorage (RaftStorageImpl.java:format(96)) - Storage directory /home/runner/work/ozone/ozone/hadoop-ozone/integration-test/target/test-dir/MiniOzoneClusterImpl-1247b3fc-8c88-4cf7-b93f-ad2be507f780/datanode-0/data/ratis/6a941a41-8cd8-4129-b93f-2ee647c74649 has been successfully formatted.
2023-01-25 10:22:52,999 [pool-71-thread-1] INFO  ratis.ContainerStateMachine (ContainerStateMachine.java:loadSnapshot(240)) - group-2EE647C74649: The snapshot info is null. Setting the last applied indexto:(t:0, i:~)
2023-01-25 10:22:52,999 [pool-71-thread-1] INFO  server.RaftServerConfigKeys (ConfUtils.java:logGet(46)) - raft.server.log.use.memory = false (default)
2023-01-25 10:22:52,999 [pool-71-thread-1] INFO  server.RaftServerConfigKeys (ConfUtils.java:logGet(46)) - raft.server.log.purge.gap = 1000000 (custom)
2023-01-25 10:22:52,999 [pool-71-thread-1] INFO  server.RaftServerConfigKeys (ConfUtils.java:logGet(46)) - raft.server.log.appender.buffer.byte-limit = 33554432 (custom)
2023-01-25 10:22:52,999 [pool-71-thread-1] INFO  server.RaftServerConfigKeys (ConfUtils.java:logGet(46)) - raft.server.log.statemachine.data.read.timeout = 1000ms (default)
2023-01-25 10:22:52,999 [pool-71-thread-1] INFO  server.RaftServerConfigKeys (ConfUtils.java:logGet(46)) - raft.server.log.purge.preservation.log.num = 0 (default)
2023-01-25 10:22:52,999 [pool-71-thread-1] INFO  server.RaftServerConfigKeys (ConfUtils.java:logGet(46)) - raft.server.log.segment.size.max = 1048576 (custom)
2023-01-25 10:22:53,001 [EventQueue-OpenPipelineForHealthyPipelineSafeModeRule] INFO  safemode.SCMSafeModeManager (HealthyPipelineSafeModeRule.java:process(137)) - SCM in safe mode. Healthy pipelines reported count is 0, required healthy pipeline reported count is 1
2023-01-25 10:22:53,002 [pool-71-thread-1] INFO  server.RaftServerConfigKeys (ConfUtils.java:logGet(46)) - raft.server.log.segment.cache.num.max = 2 (custom)
2023-01-25 10:22:53,003 [pool-71-thread-1] INFO  server.RaftServerConfigKeys (ConfUtils.java:logGet(46)) - raft.server.log.segment.cache.size.max = 200MB (=209715200) (default)
2023-01-25 10:22:53,003 [pool-71-thread-1] INFO  segmented.SegmentedRaftLogWorker (SegmentedRaftLogWorker.java:<init>(189)) - new 247f50ea-8ddf-4819-a598-e87ef509e8f6@group-2EE647C74649-SegmentedRaftLogWorker for RaftStorageImpl:Storage Directory /home/runner/work/ozone/ozone/hadoop-ozone/integration-test/target/test-dir/MiniOzoneClusterImpl-1247b3fc-8c88-4cf7-b93f-ad2be507f780/datanode-0/data/ratis/6a941a41-8cd8-4129-b93f-2ee647c74649
2023-01-25 10:22:53,003 [pool-71-thread-1] INFO  server.RaftServerConfigKeys (ConfUtils.java:logGet(46)) - raft.server.log.queue.byte-limit = 4294967296 (custom)
2023-01-25 10:22:53,003 [pool-71-thread-1] INFO  server.RaftServerConfigKeys (ConfUtils.java:logGet(46)) - raft.server.log.queue.element-limit = 1024 (custom)
2023-01-25 10:22:53,003 [pool-71-thread-1] INFO  server.RaftServerConfigKeys (ConfUtils.java:logGet(46)) - raft.server.log.segment.size.max = 1048576 (custom)
2023-01-25 10:22:53,003 [pool-71-thread-1] INFO  server.RaftServerConfigKeys (ConfUtils.java:logGet(46)) - raft.server.log.preallocated.size = 16384 (custom)
2023-01-25 10:22:53,003 [pool-71-thread-1] INFO  server.RaftServerConfigKeys (ConfUtils.java:logGet(46)) - raft.server.log.force.sync.num = 128 (default)
2023-01-25 10:22:53,003 [pool-71-thread-1] INFO  server.RaftServerConfigKeys (ConfUtils.java:logGet(46)) - raft.server.log.statemachine.data.sync = true (default)
2023-01-25 10:22:53,003 [pool-71-thread-1] INFO  server.RaftServerConfigKeys (ConfUtils.java:logGet(46)) - raft.server.log.statemachine.data.sync.timeout = 10s (default)
2023-01-25 10:22:53,003 [pool-71-thread-1] INFO  server.RaftServerConfigKeys (ConfUtils.java:logGet(46)) - raft.server.log.statemachine.data.sync.timeout.retry = -1 (default)
2023-01-25 10:22:53,007 [pool-71-thread-1] INFO  server.RaftServerConfigKeys (ConfUtils.java:logGet(46)) - raft.server.log.write.buffer.size = 1048576 (custom)
2023-01-25 10:22:53,008 [pool-71-thread-1] INFO  server.RaftServerConfigKeys (ConfUtils.java:logGet(46)) - raft.server.log.appender.buffer.byte-limit = 33554432 (custom)
2023-01-25 10:22:53,011 [pool-71-thread-1] INFO  server.RaftServerConfigKeys (ConfUtils.java:logGet(46)) - raft.server.log.unsafe-flush.enabled = false (default)
2023-01-25 10:22:53,011 [pool-71-thread-1] INFO  server.RaftServerConfigKeys (ConfUtils.java:logGet(46)) - raft.server.log.async-flush.enabled = false (default)
2023-01-25 10:22:53,011 [pool-71-thread-1] INFO  server.RaftServerConfigKeys (ConfUtils.java:logGet(46)) - raft.server.log.statemachine.data.caching.enabled = true (custom)
2023-01-25 10:22:53,011 [pool-71-thread-1] INFO  segmented.SegmentedRaftLogWorker (SegmentedRaftLogWorker.java:lambda$new$0(135)) - 247f50ea-8ddf-4819-a598-e87ef509e8f6@group-2EE647C74649-SegmentedRaftLogWorker: flushIndex: setUnconditionally 0 -> -1
2023-01-25 10:22:53,011 [pool-71-thread-1] INFO  segmented.SegmentedRaftLogWorker (SegmentedRaftLogWorker.java:lambda$new$0(135)) - 247f50ea-8ddf-4819-a598-e87ef509e8f6@group-2EE647C74649-SegmentedRaftLogWorker: safeCacheEvictIndex: setUnconditionally 0 -> -1
2023-01-25 10:22:53,011 [pool-71-thread-1] INFO  server.RaftServer$Division (RaftServerImpl.java:start(334)) - 247f50ea-8ddf-4819-a598-e87ef509e8f6@group-2EE647C74649: start as a follower, conf=-1: peers:[de34da07-4135-4fa8-beba-e4d852545ac0|rpc:10.1.0.14:33181|dataStream:10.1.0.14:38123|priority:0|startupRole:FOLLOWER, 44d8c728-f44d-4f6f-a402-703b24b0e7ae|rpc:10.1.0.14:40767|dataStream:10.1.0.14:39589|priority:1|startupRole:FOLLOWER, 247f50ea-8ddf-4819-a598-e87ef509e8f6|rpc:10.1.0.14:33111|dataStream:10.1.0.14:34525|priority:0|startupRole:FOLLOWER]|listeners:[], old=null
2023-01-25 10:22:53,011 [pool-71-thread-1] INFO  server.RaftServer$Division (RaftServerImpl.java:setRole(321)) - 247f50ea-8ddf-4819-a598-e87ef509e8f6@group-2EE647C74649: changes role from      null to FOLLOWER at term 0 for startAsFollower
2023-01-25 10:22:53,011 [pool-71-thread-1] INFO  impl.RoleInfo (RoleInfo.java:updateAndGet(139)) - 247f50ea-8ddf-4819-a598-e87ef509e8f6: start 247f50ea-8ddf-4819-a598-e87ef509e8f6@group-2EE647C74649-FollowerState
2023-01-25 10:22:53,012 [247f50ea-8ddf-4819-a598-e87ef509e8f6@group-2EE647C74649-FollowerState] INFO  server.RaftServerConfigKeys (ConfUtils.java:logFallback(53)) - raft.server.rpc.first-election.timeout.min = 5s (fallback to raft.server.rpc.timeout.min)
2023-01-25 10:22:53,015 [247f50ea-8ddf-4819-a598-e87ef509e8f6@group-2EE647C74649-FollowerState] INFO  server.RaftServerConfigKeys (ConfUtils.java:logFallback(53)) - raft.server.rpc.first-election.timeout.max = 5200ms (fallback to raft.server.rpc.timeout.max)
2023-01-25 10:22:53,015 [pool-71-thread-1] INFO  util.JmxRegister (JmxRegister.java:tryRegister(44)) - Successfully registered JMX Bean with object name Ratis:service=RaftServer,group=group-2EE647C74649,id=247f50ea-8ddf-4819-a598-e87ef509e8f6
2023-01-25 10:22:53,015 [pool-71-thread-1] INFO  server.RaftServerConfigKeys (ConfUtils.java:logGet(46)) - raft.server.snapshot.auto.trigger.enabled = true (custom)
2023-01-25 10:22:53,015 [pool-71-thread-1] INFO  server.RaftServerConfigKeys (ConfUtils.java:logGet(46)) - raft.server.snapshot.auto.trigger.threshold = 10000 (custom)
2023-01-25 10:22:53,015 [pool-71-thread-1] INFO  server.RaftServerConfigKeys (ConfUtils.java:logGet(46)) - raft.server.snapshot.retention.file.num = 5 (custom)
2023-01-25 10:22:53,015 [pool-71-thread-1] INFO  server.RaftServerConfigKeys (ConfUtils.java:logGet(46)) - raft.server.log.purge.upto.snapshot.index = false (default)
2023-01-25 10:22:53,016 [Command processor thread] INFO  ratis.XceiverServerRatis (XceiverServerRatis.java:addGroup(806)) - Created group PipelineID=6a941a41-8cd8-4129-b93f-2ee647c74649
2023-01-25 10:22:53,255 [Listener at 127.0.0.1/33329] INFO  ozone.MiniOzoneClusterImpl (MiniOzoneClusterImpl.java:lambda$waitForClusterToBeReady$0(218)) - Nodes are ready. Got 7 of 7 DN Heartbeats.
2023-01-25 10:22:53,255 [Listener at 127.0.0.1/33329] INFO  ozone.MiniOzoneClusterImpl (MiniOzoneClusterImpl.java:lambda$waitForClusterToBeReady$0(221)) - Waiting for cluster to exit safe mode
2023-01-25 10:22:53,255 [Listener at 127.0.0.1/33329] INFO  ozone.MiniOzoneClusterImpl (MiniOzoneClusterImpl.java:lambda$waitForClusterToBeReady$0(223)) - SCM became leader
2023-01-25 10:22:53,407 [JvmPauseMonitor7] WARN  util.JvmPauseMonitor (JvmPauseMonitor.java:detectPause(126)) - JvmPauseMonitor-7abbc2c7-b56f-4fd7-a4a9-203189c4b8f1: Detected pause in JVM or host machine (eg GC): pause of approximately 102942555ns.
GC pool 'PS MarkSweep' had collection(s): count=1 time=101ms
GC pool 'PS Scavenge' had collection(s): count=1 time=36ms
2023-01-25 10:22:53,418 [Command processor thread] INFO  server.RaftServer (RaftServerProxy.java:addNew(96)) - 44d8c728-f44d-4f6f-a402-703b24b0e7ae: addNew group-8F12ACF61ADF:[44d8c728-f44d-4f6f-a402-703b24b0e7ae|rpc:10.1.0.14:40767|dataStream:10.1.0.14:39589|priority:1|startupRole:FOLLOWER] returns group-8F12ACF61ADF:java.util.concurrent.CompletableFuture@56625364[Not completed]
2023-01-25 10:22:53,421 [pool-94-thread-1] INFO  server.RaftServer$Division (RaftServerImpl.java:<init>(195)) - 44d8c728-f44d-4f6f-a402-703b24b0e7ae: new RaftServerImpl for group-8F12ACF61ADF:[44d8c728-f44d-4f6f-a402-703b24b0e7ae|rpc:10.1.0.14:40767|dataStream:10.1.0.14:39589|priority:1|startupRole:FOLLOWER] with ContainerStateMachine:uninitialized
2023-01-25 10:22:53,421 [pool-94-thread-1] INFO  server.RaftServerConfigKeys (ConfUtils.java:logGet(46)) - raft.server.rpc.timeout.min = 5s (custom)
2023-01-25 10:22:53,421 [pool-94-thread-1] INFO  server.RaftServerConfigKeys (ConfUtils.java:logGet(46)) - raft.server.rpc.timeout.max = 5200ms (custom)
2023-01-25 10:22:53,421 [pool-94-thread-1] INFO  server.RaftServerConfigKeys (ConfUtils.java:logGet(46)) - raft.server.rpc.sleep.time = 25ms (default)
2023-01-25 10:22:53,421 [pool-94-thread-1] INFO  server.RaftServerConfigKeys (ConfUtils.java:logGet(46)) - raft.server.rpc.slowness.timeout = 300s (custom)
2023-01-25 10:22:53,421 [pool-94-thread-1] INFO  server.RaftServerConfigKeys (ConfUtils.java:logGet(46)) - raft.server.leaderelection.leader.step-down.wait-time = 10s (default)
2023-01-25 10:22:53,423 [pool-94-thread-1] INFO  server.RaftServerConfigKeys (ConfUtils.java:logGet(46)) - raft.server.sleep.deviation.threshold = 300ms (default)
2023-01-25 10:22:53,423 [pool-94-thread-1] INFO  server.RaftServer$Division (ServerState.java:<init>(118)) - 44d8c728-f44d-4f6f-a402-703b24b0e7ae@group-8F12ACF61ADF: ConfigurationManager, init=-1: peers:[44d8c728-f44d-4f6f-a402-703b24b0e7ae|rpc:10.1.0.14:40767|dataStream:10.1.0.14:39589|priority:1|startupRole:FOLLOWER]|listeners:[], old=null, confs=<EMPTY_MAP>
2023-01-25 10:22:53,423 [pool-94-thread-1] INFO  server.RaftServerConfigKeys (ConfUtils.java:logGet(46)) - raft.server.storage.dir = [/home/runner/work/ozone/ozone/hadoop-ozone/integration-test/target/test-dir/MiniOzoneClusterImpl-1247b3fc-8c88-4cf7-b93f-ad2be507f780/datanode-1/data/ratis] (custom)
2023-01-25 10:22:53,423 [pool-94-thread-1] INFO  server.RaftServerConfigKeys (ConfUtils.java:logGet(46)) - raft.server.log.corruption.policy = EXCEPTION (default)
2023-01-25 10:22:53,423 [pool-94-thread-1] INFO  server.RaftServerConfigKeys (ConfUtils.java:logGet(46)) - raft.server.storage.free-space.min = 0MB (=0) (default)
2023-01-25 10:22:53,424 [pool-94-thread-1] INFO  server.RaftServerConfigKeys (ConfUtils.java:logGet(46)) - raft.server.notification.no-leader.timeout = 300s (custom)
2023-01-25 10:22:53,424 [pool-94-thread-1] INFO  server.RaftServerConfigKeys (ConfUtils.java:logGet(46)) - raft.server.retrycache.expirytime = 600000ms (custom)
2023-01-25 10:22:53,424 [pool-94-thread-1] INFO  server.RaftServerConfigKeys (ConfUtils.java:logGet(46)) - raft.server.retrycache.statistics.expirytime = 100μs (default)
2023-01-25 10:22:53,430 [pool-94-thread-1] INFO  server.RaftServerConfigKeys (ConfUtils.java:logGet(46)) - raft.server.log.appender.install.snapshot.enabled = false (custom)
2023-01-25 10:22:53,430 [pool-94-thread-1] INFO  server.RaftServerConfigKeys (ConfUtils.java:logGet(46)) - raft.server.threadpool.server.cached = true (default)
2023-01-25 10:22:53,430 [pool-94-thread-1] INFO  server.RaftServerConfigKeys (ConfUtils.java:logGet(46)) - raft.server.threadpool.server.size = 0 (default)
2023-01-25 10:22:53,430 [pool-94-thread-1] INFO  server.RaftServerConfigKeys (ConfUtils.java:logGet(46)) - raft.server.threadpool.client.cached = true (default)
2023-01-25 10:22:53,430 [pool-94-thread-1] INFO  server.RaftServerConfigKeys (ConfUtils.java:logGet(46)) - raft.server.threadpool.client.size = 0 (default)
2023-01-25 10:22:53,431 [pool-94-thread-1] INFO  storage.RaftStorageDirectory (RaftStorageDirectoryImpl.java:analyzeStorage(137)) - The storage directory /home/runner/work/ozone/ozone/hadoop-ozone/integration-test/target/test-dir/MiniOzoneClusterImpl-1247b3fc-8c88-4cf7-b93f-ad2be507f780/datanode-1/data/ratis/a4f1f827-db20-4052-b345-8f12acf61adf does not exist. Creating ...
2023-01-25 10:22:53,432 [pool-94-thread-1] INFO  storage.RaftStorageDirectory (RaftStorageDirectoryImpl.java:tryLock(231)) - Lock on /home/runner/work/ozone/ozone/hadoop-ozone/integration-test/target/test-dir/MiniOzoneClusterImpl-1247b3fc-8c88-4cf7-b93f-ad2be507f780/datanode-1/data/ratis/a4f1f827-db20-4052-b345-8f12acf61adf/in_use.lock acquired by nodename 69329@fv-az462-827
2023-01-25 10:22:53,434 [pool-94-thread-1] INFO  storage.RaftStorage (RaftStorageImpl.java:format(96)) - Storage directory /home/runner/work/ozone/ozone/hadoop-ozone/integration-test/target/test-dir/MiniOzoneClusterImpl-1247b3fc-8c88-4cf7-b93f-ad2be507f780/datanode-1/data/ratis/a4f1f827-db20-4052-b345-8f12acf61adf has been successfully formatted.
2023-01-25 10:22:53,440 [EventQueue-PipelineReportForPipelineReportHandler] INFO  pipeline.PipelineManagerImpl (PipelineManagerImpl.java:openPipeline(367)) - Pipeline Pipeline[ Id: a4f1f827-db20-4052-b345-8f12acf61adf, Nodes: 44d8c728-f44d-4f6f-a402-703b24b0e7ae(fv-az462-827.5dk1zbeb1hiuljg1e1zidnqquc.phxx.internal.cloudapp.net/10.1.0.14), ReplicationConfig: RATIS/ONE, State:ALLOCATED, leaderId:44d8c728-f44d-4f6f-a402-703b24b0e7ae, CreationTimestamp2023-01-25T10:22:50.395Z[Etc/UTC]] moved to OPEN state
2023-01-25 10:22:53,440 [EventQueue-OpenPipelineForHealthyPipelineSafeModeRule] INFO  safemode.SCMSafeModeManager (HealthyPipelineSafeModeRule.java:process(137)) - SCM in safe mode. Healthy pipelines reported count is 0, required healthy pipeline reported count is 1
2023-01-25 10:22:53,438 [pool-94-thread-1] INFO  ratis.ContainerStateMachine (ContainerStateMachine.java:loadSnapshot(240)) - group-8F12ACF61ADF: The snapshot info is null. Setting the last applied indexto:(t:0, i:~)
2023-01-25 10:22:53,441 [pool-94-thread-1] INFO  server.RaftServerConfigKeys (ConfUtils.java:logGet(46)) - raft.server.log.use.memory = false (default)
2023-01-25 10:22:53,442 [pool-94-thread-1] INFO  server.RaftServerConfigKeys (ConfUtils.java:logGet(46)) - raft.server.log.purge.gap = 1000000 (custom)
2023-01-25 10:22:53,442 [pool-94-thread-1] INFO  server.RaftServerConfigKeys (ConfUtils.java:logGet(46)) - raft.server.log.appender.buffer.byte-limit = 33554432 (custom)
2023-01-25 10:22:53,442 [pool-94-thread-1] INFO  server.RaftServerConfigKeys (ConfUtils.java:logGet(46)) - raft.server.log.statemachine.data.read.timeout = 1000ms (default)
2023-01-25 10:22:53,442 [pool-94-thread-1] INFO  server.RaftServerConfigKeys (ConfUtils.java:logGet(46)) - raft.server.log.purge.preservation.log.num = 0 (default)
2023-01-25 10:22:53,442 [pool-94-thread-1] INFO  server.RaftServerConfigKeys (ConfUtils.java:logGet(46)) - raft.server.log.segment.size.max = 1048576 (custom)
2023-01-25 10:22:53,443 [pool-94-thread-1] INFO  server.RaftServerConfigKeys (ConfUtils.java:logGet(46)) - raft.server.log.segment.cache.num.max = 2 (custom)
2023-01-25 10:22:53,443 [pool-94-thread-1] INFO  server.RaftServerConfigKeys (ConfUtils.java:logGet(46)) - raft.server.log.segment.cache.size.max = 200MB (=209715200) (default)
2023-01-25 10:22:53,443 [pool-94-thread-1] INFO  segmented.SegmentedRaftLogWorker (SegmentedRaftLogWorker.java:<init>(189)) - new 44d8c728-f44d-4f6f-a402-703b24b0e7ae@group-8F12ACF61ADF-SegmentedRaftLogWorker for RaftStorageImpl:Storage Directory /home/runner/work/ozone/ozone/hadoop-ozone/integration-test/target/test-dir/MiniOzoneClusterImpl-1247b3fc-8c88-4cf7-b93f-ad2be507f780/datanode-1/data/ratis/a4f1f827-db20-4052-b345-8f12acf61adf
2023-01-25 10:22:53,443 [pool-94-thread-1] INFO  server.RaftServerConfigKeys (ConfUtils.java:logGet(46)) - raft.server.log.queue.byte-limit = 4294967296 (custom)
2023-01-25 10:22:53,443 [pool-94-thread-1] INFO  server.RaftServerConfigKeys (ConfUtils.java:logGet(46)) - raft.server.log.queue.element-limit = 1024 (custom)
2023-01-25 10:22:53,443 [pool-94-thread-1] INFO  server.RaftServerConfigKeys (ConfUtils.java:logGet(46)) - raft.server.log.segment.size.max = 1048576 (custom)
2023-01-25 10:22:53,443 [pool-94-thread-1] INFO  server.RaftServerConfigKeys (ConfUtils.java:logGet(46)) - raft.server.log.preallocated.size = 16384 (custom)
2023-01-25 10:22:53,445 [pool-94-thread-1] INFO  server.RaftServerConfigKeys (ConfUtils.java:logGet(46)) - raft.server.log.force.sync.num = 128 (default)
2023-01-25 10:22:53,445 [pool-94-thread-1] INFO  server.RaftServerConfigKeys (ConfUtils.java:logGet(46)) - raft.server.log.statemachine.data.sync = true (default)
2023-01-25 10:22:53,445 [pool-94-thread-1] INFO  server.RaftServerConfigKeys (ConfUtils.java:logGet(46)) - raft.server.log.statemachine.data.sync.timeout = 10s (default)
2023-01-25 10:22:53,445 [pool-94-thread-1] INFO  server.RaftServerConfigKeys (ConfUtils.java:logGet(46)) - raft.server.log.statemachine.data.sync.timeout.retry = -1 (default)
2023-01-25 10:22:53,448 [pool-94-thread-1] INFO  server.RaftServerConfigKeys (ConfUtils.java:logGet(46)) - raft.server.log.write.buffer.size = 1048576 (custom)
2023-01-25 10:22:53,448 [pool-94-thread-1] INFO  server.RaftServerConfigKeys (ConfUtils.java:logGet(46)) - raft.server.log.appender.buffer.byte-limit = 33554432 (custom)
2023-01-25 10:22:53,454 [pool-94-thread-1] INFO  server.RaftServerConfigKeys (ConfUtils.java:logGet(46)) - raft.server.log.unsafe-flush.enabled = false (default)
2023-01-25 10:22:53,454 [pool-94-thread-1] INFO  server.RaftServerConfigKeys (ConfUtils.java:logGet(46)) - raft.server.log.async-flush.enabled = false (default)
2023-01-25 10:22:53,454 [pool-94-thread-1] INFO  server.RaftServerConfigKeys (ConfUtils.java:logGet(46)) - raft.server.log.statemachine.data.caching.enabled = true (custom)
2023-01-25 10:22:53,454 [pool-94-thread-1] INFO  segmented.SegmentedRaftLogWorker (SegmentedRaftLogWorker.java:lambda$new$0(135)) - 44d8c728-f44d-4f6f-a402-703b24b0e7ae@group-8F12ACF61ADF-SegmentedRaftLogWorker: flushIndex: setUnconditionally 0 -> -1
2023-01-25 10:22:53,454 [pool-94-thread-1] INFO  segmented.SegmentedRaftLogWorker (SegmentedRaftLogWorker.java:lambda$new$0(135)) - 44d8c728-f44d-4f6f-a402-703b24b0e7ae@group-8F12ACF61ADF-SegmentedRaftLogWorker: safeCacheEvictIndex: setUnconditionally 0 -> -1
2023-01-25 10:22:53,470 [pool-94-thread-1] INFO  server.RaftServer$Division (RaftServerImpl.java:start(334)) - 44d8c728-f44d-4f6f-a402-703b24b0e7ae@group-8F12ACF61ADF: start as a follower, conf=-1: peers:[44d8c728-f44d-4f6f-a402-703b24b0e7ae|rpc:10.1.0.14:40767|dataStream:10.1.0.14:39589|priority:1|startupRole:FOLLOWER]|listeners:[], old=null
2023-01-25 10:22:53,471 [pool-94-thread-1] INFO  server.RaftServer$Division (RaftServerImpl.java:setRole(321)) - 44d8c728-f44d-4f6f-a402-703b24b0e7ae@group-8F12ACF61ADF: changes role from      null to FOLLOWER at term 0 for startAsFollower
2023-01-25 10:22:53,471 [pool-94-thread-1] INFO  impl.RoleInfo (RoleInfo.java:updateAndGet(139)) - 44d8c728-f44d-4f6f-a402-703b24b0e7ae: start 44d8c728-f44d-4f6f-a402-703b24b0e7ae@group-8F12ACF61ADF-FollowerState
2023-01-25 10:22:53,478 [pool-94-thread-1] INFO  util.JmxRegister (JmxRegister.java:tryRegister(44)) - Successfully registered JMX Bean with object name Ratis:service=RaftServer,group=group-8F12ACF61ADF,id=44d8c728-f44d-4f6f-a402-703b24b0e7ae
2023-01-25 10:22:53,478 [pool-94-thread-1] INFO  server.RaftServerConfigKeys (ConfUtils.java:logGet(46)) - raft.server.snapshot.auto.trigger.enabled = true (custom)
2023-01-25 10:22:53,478 [pool-94-thread-1] INFO  server.RaftServerConfigKeys (ConfUtils.java:logGet(46)) - raft.server.snapshot.auto.trigger.threshold = 10000 (custom)
2023-01-25 10:22:53,478 [pool-94-thread-1] INFO  server.RaftServerConfigKeys (ConfUtils.java:logGet(46)) - raft.server.snapshot.retention.file.num = 5 (custom)
2023-01-25 10:22:53,479 [pool-94-thread-1] INFO  server.RaftServerConfigKeys (ConfUtils.java:logGet(46)) - raft.server.log.purge.upto.snapshot.index = false (default)
2023-01-25 10:22:53,479 [Command processor thread] INFO  ratis.XceiverServerRatis (XceiverServerRatis.java:addGroup(806)) - Created group PipelineID=a4f1f827-db20-4052-b345-8f12acf61adf
2023-01-25 10:22:53,479 [44d8c728-f44d-4f6f-a402-703b24b0e7ae@group-8F12ACF61ADF-FollowerState] INFO  server.RaftServerConfigKeys (ConfUtils.java:logFallback(53)) - raft.server.rpc.first-election.timeout.min = 5s (fallback to raft.server.rpc.timeout.min)
2023-01-25 10:22:53,479 [44d8c728-f44d-4f6f-a402-703b24b0e7ae@group-8F12ACF61ADF-FollowerState] INFO  server.RaftServerConfigKeys (ConfUtils.java:logFallback(53)) - raft.server.rpc.first-election.timeout.max = 5200ms (fallback to raft.server.rpc.timeout.max)
2023-01-25 10:22:53,479 [Command processor thread] INFO  commandhandler.CreatePipelineCommandHandler (CreatePipelineCommandHandler.java:handle(113)) - Created Pipeline RATIS ONE PipelineID=a4f1f827-db20-4052-b345-8f12acf61adf.
2023-01-25 10:22:53,481 [Command processor thread] INFO  server.RaftServer (RaftServerProxy.java:addNew(96)) - 44d8c728-f44d-4f6f-a402-703b24b0e7ae: addNew group-2EE647C74649:[de34da07-4135-4fa8-beba-e4d852545ac0|rpc:10.1.0.14:33181|dataStream:10.1.0.14:38123|priority:0|startupRole:FOLLOWER, 44d8c728-f44d-4f6f-a402-703b24b0e7ae|rpc:10.1.0.14:40767|dataStream:10.1.0.14:39589|priority:1|startupRole:FOLLOWER, 247f50ea-8ddf-4819-a598-e87ef509e8f6|rpc:10.1.0.14:33111|dataStream:10.1.0.14:34525|priority:0|startupRole:FOLLOWER] returns group-2EE647C74649:java.util.concurrent.CompletableFuture@525ddd70[Not completed]
2023-01-25 10:22:53,481 [pool-94-thread-1] INFO  server.RaftServer$Division (RaftServerImpl.java:<init>(195)) - 44d8c728-f44d-4f6f-a402-703b24b0e7ae: new RaftServerImpl for group-2EE647C74649:[de34da07-4135-4fa8-beba-e4d852545ac0|rpc:10.1.0.14:33181|dataStream:10.1.0.14:38123|priority:0|startupRole:FOLLOWER, 44d8c728-f44d-4f6f-a402-703b24b0e7ae|rpc:10.1.0.14:40767|dataStream:10.1.0.14:39589|priority:1|startupRole:FOLLOWER, 247f50ea-8ddf-4819-a598-e87ef509e8f6|rpc:10.1.0.14:33111|dataStream:10.1.0.14:34525|priority:0|startupRole:FOLLOWER] with ContainerStateMachine:uninitialized
2023-01-25 10:22:53,482 [pool-94-thread-1] INFO  server.RaftServerConfigKeys (ConfUtils.java:logGet(46)) - raft.server.rpc.timeout.min = 5s (custom)
2023-01-25 10:22:53,482 [pool-94-thread-1] INFO  server.RaftServerConfigKeys (ConfUtils.java:logGet(46)) - raft.server.rpc.timeout.max = 5200ms (custom)
2023-01-25 10:22:53,482 [pool-94-thread-1] INFO  server.RaftServerConfigKeys (ConfUtils.java:logGet(46)) - raft.server.rpc.sleep.time = 25ms (default)
2023-01-25 10:22:53,482 [pool-94-thread-1] INFO  server.RaftServerConfigKeys (ConfUtils.java:logGet(46)) - raft.server.rpc.slowness.timeout = 300s (custom)
2023-01-25 10:22:53,482 [pool-94-thread-1] INFO  server.RaftServerConfigKeys (ConfUtils.java:logGet(46)) - raft.server.leaderelection.leader.step-down.wait-time = 10s (default)
2023-01-25 10:22:53,482 [pool-94-thread-1] INFO  server.RaftServerConfigKeys (ConfUtils.java:logGet(46)) - raft.server.sleep.deviation.threshold = 300ms (default)
2023-01-25 10:22:53,482 [pool-94-thread-1] INFO  server.RaftServer$Division (ServerState.java:<init>(118)) - 44d8c728-f44d-4f6f-a402-703b24b0e7ae@group-2EE647C74649: ConfigurationManager, init=-1: peers:[de34da07-4135-4fa8-beba-e4d852545ac0|rpc:10.1.0.14:33181|dataStream:10.1.0.14:38123|priority:0|startupRole:FOLLOWER, 44d8c728-f44d-4f6f-a402-703b24b0e7ae|rpc:10.1.0.14:40767|dataStream:10.1.0.14:39589|priority:1|startupRole:FOLLOWER, 247f50ea-8ddf-4819-a598-e87ef509e8f6|rpc:10.1.0.14:33111|dataStream:10.1.0.14:34525|priority:0|startupRole:FOLLOWER]|listeners:[], old=null, confs=<EMPTY_MAP>
2023-01-25 10:22:53,482 [pool-94-thread-1] INFO  server.RaftServerConfigKeys (ConfUtils.java:logGet(46)) - raft.server.storage.dir = [/home/runner/work/ozone/ozone/hadoop-ozone/integration-test/target/test-dir/MiniOzoneClusterImpl-1247b3fc-8c88-4cf7-b93f-ad2be507f780/datanode-1/data/ratis] (custom)
2023-01-25 10:22:53,482 [pool-94-thread-1] INFO  server.RaftServerConfigKeys (ConfUtils.java:logGet(46)) - raft.server.log.corruption.policy = EXCEPTION (default)
2023-01-25 10:22:53,482 [pool-94-thread-1] INFO  server.RaftServerConfigKeys (ConfUtils.java:logGet(46)) - raft.server.storage.free-space.min = 0MB (=0) (default)
2023-01-25 10:22:53,482 [pool-94-thread-1] INFO  server.RaftServerConfigKeys (ConfUtils.java:logGet(46)) - raft.server.notification.no-leader.timeout = 300s (custom)
2023-01-25 10:22:53,482 [pool-94-thread-1] INFO  server.RaftServerConfigKeys (ConfUtils.java:logGet(46)) - raft.server.retrycache.expirytime = 600000ms (custom)
2023-01-25 10:22:53,482 [pool-94-thread-1] INFO  server.RaftServerConfigKeys (ConfUtils.java:logGet(46)) - raft.server.retrycache.statistics.expirytime = 100μs (default)
2023-01-25 10:22:53,484 [pool-94-thread-1] INFO  server.RaftServerConfigKeys (ConfUtils.java:logGet(46)) - raft.server.log.appender.install.snapshot.enabled = false (custom)
2023-01-25 10:22:53,484 [pool-94-thread-1] INFO  server.RaftServerConfigKeys (ConfUtils.java:logGet(46)) - raft.server.threadpool.server.cached = true (default)
2023-01-25 10:22:53,484 [pool-94-thread-1] INFO  server.RaftServerConfigKeys (ConfUtils.java:logGet(46)) - raft.server.threadpool.server.size = 0 (default)
2023-01-25 10:22:53,484 [pool-94-thread-1] INFO  server.RaftServerConfigKeys (ConfUtils.java:logGet(46)) - raft.server.threadpool.client.cached = true (default)
2023-01-25 10:22:53,484 [pool-94-thread-1] INFO  server.RaftServerConfigKeys (ConfUtils.java:logGet(46)) - raft.server.threadpool.client.size = 0 (default)
2023-01-25 10:22:53,484 [pool-94-thread-1] INFO  storage.RaftStorageDirectory (RaftStorageDirectoryImpl.java:analyzeStorage(137)) - The storage directory /home/runner/work/ozone/ozone/hadoop-ozone/integration-test/target/test-dir/MiniOzoneClusterImpl-1247b3fc-8c88-4cf7-b93f-ad2be507f780/datanode-1/data/ratis/6a941a41-8cd8-4129-b93f-2ee647c74649 does not exist. Creating ...
2023-01-25 10:22:53,485 [pool-94-thread-1] INFO  storage.RaftStorageDirectory (RaftStorageDirectoryImpl.java:tryLock(231)) - Lock on /home/runner/work/ozone/ozone/hadoop-ozone/integration-test/target/test-dir/MiniOzoneClusterImpl-1247b3fc-8c88-4cf7-b93f-ad2be507f780/datanode-1/data/ratis/6a941a41-8cd8-4129-b93f-2ee647c74649/in_use.lock acquired by nodename 69329@fv-az462-827
2023-01-25 10:22:53,487 [pool-94-thread-1] INFO  storage.RaftStorage (RaftStorageImpl.java:format(96)) - Storage directory /home/runner/work/ozone/ozone/hadoop-ozone/integration-test/target/test-dir/MiniOzoneClusterImpl-1247b3fc-8c88-4cf7-b93f-ad2be507f780/datanode-1/data/ratis/6a941a41-8cd8-4129-b93f-2ee647c74649 has been successfully formatted.
2023-01-25 10:22:53,487 [pool-94-thread-1] INFO  ratis.ContainerStateMachine (ContainerStateMachine.java:loadSnapshot(240)) - group-2EE647C74649: The snapshot info is null. Setting the last applied indexto:(t:0, i:~)
2023-01-25 10:22:53,487 [pool-94-thread-1] INFO  server.RaftServerConfigKeys (ConfUtils.java:logGet(46)) - raft.server.log.use.memory = false (default)
2023-01-25 10:22:53,487 [pool-94-thread-1] INFO  server.RaftServerConfigKeys (ConfUtils.java:logGet(46)) - raft.server.log.purge.gap = 1000000 (custom)
2023-01-25 10:22:53,487 [pool-94-thread-1] INFO  server.RaftServerConfigKeys (ConfUtils.java:logGet(46)) - raft.server.log.appender.buffer.byte-limit = 33554432 (custom)
2023-01-25 10:22:53,487 [pool-94-thread-1] INFO  server.RaftServerConfigKeys (ConfUtils.java:logGet(46)) - raft.server.log.statemachine.data.read.timeout = 1000ms (default)
2023-01-25 10:22:53,487 [pool-94-thread-1] INFO  server.RaftServerConfigKeys (ConfUtils.java:logGet(46)) - raft.server.log.purge.preservation.log.num = 0 (default)
2023-01-25 10:22:53,488 [pool-94-thread-1] INFO  server.RaftServerConfigKeys (ConfUtils.java:logGet(46)) - raft.server.log.segment.size.max = 1048576 (custom)
2023-01-25 10:22:53,490 [EventQueue-OpenPipelineForHealthyPipelineSafeModeRule] INFO  safemode.SCMSafeModeManager (HealthyPipelineSafeModeRule.java:process(137)) - SCM in safe mode. Healthy pipelines reported count is 0, required healthy pipeline reported count is 1
2023-01-25 10:22:53,491 [pool-94-thread-1] INFO  server.RaftServerConfigKeys (ConfUtils.java:logGet(46)) - raft.server.log.segment.cache.num.max = 2 (custom)
2023-01-25 10:22:53,491 [pool-94-thread-1] INFO  server.RaftServerConfigKeys (ConfUtils.java:logGet(46)) - raft.server.log.segment.cache.size.max = 200MB (=209715200) (default)
2023-01-25 10:22:53,491 [pool-94-thread-1] INFO  segmented.SegmentedRaftLogWorker (SegmentedRaftLogWorker.java:<init>(189)) - new 44d8c728-f44d-4f6f-a402-703b24b0e7ae@group-2EE647C74649-SegmentedRaftLogWorker for RaftStorageImpl:Storage Directory /home/runner/work/ozone/ozone/hadoop-ozone/integration-test/target/test-dir/MiniOzoneClusterImpl-1247b3fc-8c88-4cf7-b93f-ad2be507f780/datanode-1/data/ratis/6a941a41-8cd8-4129-b93f-2ee647c74649
2023-01-25 10:22:53,491 [pool-94-thread-1] INFO  server.RaftServerConfigKeys (ConfUtils.java:logGet(46)) - raft.server.log.queue.byte-limit = 4294967296 (custom)
2023-01-25 10:22:53,491 [pool-94-thread-1] INFO  server.RaftServerConfigKeys (ConfUtils.java:logGet(46)) - raft.server.log.queue.element-limit = 1024 (custom)
2023-01-25 10:22:53,491 [pool-94-thread-1] INFO  server.RaftServerConfigKeys (ConfUtils.java:logGet(46)) - raft.server.log.segment.size.max = 1048576 (custom)
2023-01-25 10:22:53,491 [pool-94-thread-1] INFO  server.RaftServerConfigKeys (ConfUtils.java:logGet(46)) - raft.server.log.preallocated.size = 16384 (custom)
2023-01-25 10:22:53,491 [pool-94-thread-1] INFO  server.RaftServerConfigKeys (ConfUtils.java:logGet(46)) - raft.server.log.force.sync.num = 128 (default)
2023-01-25 10:22:53,492 [pool-94-thread-1] INFO  server.RaftServerConfigKeys (ConfUtils.java:logGet(46)) - raft.server.log.statemachine.data.sync = true (default)
2023-01-25 10:22:53,492 [pool-94-thread-1] INFO  server.RaftServerConfigKeys (ConfUtils.java:logGet(46)) - raft.server.log.statemachine.data.sync.timeout = 10s (default)
2023-01-25 10:22:53,492 [pool-94-thread-1] INFO  server.RaftServerConfigKeys (ConfUtils.java:logGet(46)) - raft.server.log.statemachine.data.sync.timeout.retry = -1 (default)
2023-01-25 10:22:53,498 [pool-94-thread-1] INFO  server.RaftServerConfigKeys (ConfUtils.java:logGet(46)) - raft.server.log.write.buffer.size = 1048576 (custom)
2023-01-25 10:22:53,499 [pool-94-thread-1] INFO  server.RaftServerConfigKeys (ConfUtils.java:logGet(46)) - raft.server.log.appender.buffer.byte-limit = 33554432 (custom)
2023-01-25 10:22:53,504 [pool-94-thread-1] INFO  server.RaftServerConfigKeys (ConfUtils.java:logGet(46)) - raft.server.log.unsafe-flush.enabled = false (default)
2023-01-25 10:22:53,505 [pool-94-thread-1] INFO  server.RaftServerConfigKeys (ConfUtils.java:logGet(46)) - raft.server.log.async-flush.enabled = false (default)
2023-01-25 10:22:53,505 [pool-94-thread-1] INFO  server.RaftServerConfigKeys (ConfUtils.java:logGet(46)) - raft.server.log.statemachine.data.caching.enabled = true (custom)
2023-01-25 10:22:53,505 [pool-94-thread-1] INFO  segmented.SegmentedRaftLogWorker (SegmentedRaftLogWorker.java:lambda$new$0(135)) - 44d8c728-f44d-4f6f-a402-703b24b0e7ae@group-2EE647C74649-SegmentedRaftLogWorker: flushIndex: setUnconditionally 0 -> -1
2023-01-25 10:22:53,505 [pool-94-thread-1] INFO  segmented.SegmentedRaftLogWorker (SegmentedRaftLogWorker.java:lambda$new$0(135)) - 44d8c728-f44d-4f6f-a402-703b24b0e7ae@group-2EE647C74649-SegmentedRaftLogWorker: safeCacheEvictIndex: setUnconditionally 0 -> -1
2023-01-25 10:22:53,510 [pool-94-thread-1] INFO  server.RaftServer$Division (RaftServerImpl.java:start(334)) - 44d8c728-f44d-4f6f-a402-703b24b0e7ae@group-2EE647C74649: start as a follower, conf=-1: peers:[de34da07-4135-4fa8-beba-e4d852545ac0|rpc:10.1.0.14:33181|dataStream:10.1.0.14:38123|priority:0|startupRole:FOLLOWER, 44d8c728-f44d-4f6f-a402-703b24b0e7ae|rpc:10.1.0.14:40767|dataStream:10.1.0.14:39589|priority:1|startupRole:FOLLOWER, 247f50ea-8ddf-4819-a598-e87ef509e8f6|rpc:10.1.0.14:33111|dataStream:10.1.0.14:34525|priority:0|startupRole:FOLLOWER]|listeners:[], old=null
2023-01-25 10:22:53,510 [pool-94-thread-1] INFO  server.RaftServer$Division (RaftServerImpl.java:setRole(321)) - 44d8c728-f44d-4f6f-a402-703b24b0e7ae@group-2EE647C74649: changes role from      null to FOLLOWER at term 0 for startAsFollower
2023-01-25 10:22:53,511 [pool-94-thread-1] INFO  impl.RoleInfo (RoleInfo.java:updateAndGet(139)) - 44d8c728-f44d-4f6f-a402-703b24b0e7ae: start 44d8c728-f44d-4f6f-a402-703b24b0e7ae@group-2EE647C74649-FollowerState
2023-01-25 10:22:53,513 [pool-94-thread-1] INFO  util.JmxRegister (JmxRegister.java:tryRegister(44)) - Successfully registered JMX Bean with object name Ratis:service=RaftServer,group=group-2EE647C74649,id=44d8c728-f44d-4f6f-a402-703b24b0e7ae
2023-01-25 10:22:53,513 [pool-94-thread-1] INFO  server.RaftServerConfigKeys (ConfUtils.java:logGet(46)) - raft.server.snapshot.auto.trigger.enabled = true (custom)
2023-01-25 10:22:53,513 [pool-94-thread-1] INFO  server.RaftServerConfigKeys (ConfUtils.java:logGet(46)) - raft.server.snapshot.auto.trigger.threshold = 10000 (custom)
2023-01-25 10:22:53,513 [pool-94-thread-1] INFO  server.RaftServerConfigKeys (ConfUtils.java:logGet(46)) - raft.server.snapshot.retention.file.num = 5 (custom)
2023-01-25 10:22:53,513 [pool-94-thread-1] INFO  server.RaftServerConfigKeys (ConfUtils.java:logGet(46)) - raft.server.log.purge.upto.snapshot.index = false (default)
2023-01-25 10:22:53,514 [44d8c728-f44d-4f6f-a402-703b24b0e7ae@group-2EE647C74649-FollowerState] INFO  server.RaftServerConfigKeys (ConfUtils.java:logFallback(53)) - raft.server.rpc.first-election.timeout.min = 5s (fallback to raft.server.rpc.timeout.min)
2023-01-25 10:22:53,519 [44d8c728-f44d-4f6f-a402-703b24b0e7ae@group-2EE647C74649-FollowerState] INFO  server.RaftServerConfigKeys (ConfUtils.java:logFallback(53)) - raft.server.rpc.first-election.timeout.max = 5200ms (fallback to raft.server.rpc.timeout.max)
2023-01-25 10:22:53,521 [Command processor thread] INFO  ratis.XceiverServerRatis (XceiverServerRatis.java:addGroup(806)) - Created group PipelineID=6a941a41-8cd8-4129-b93f-2ee647c74649
2023-01-25 10:22:53,728 [grpc-default-executor-0] INFO  server.RaftServer (RaftServerProxy.java:addNew(96)) - de34da07-4135-4fa8-beba-e4d852545ac0: addNew group-2EE647C74649:[de34da07-4135-4fa8-beba-e4d852545ac0|rpc:10.1.0.14:33181|dataStream:10.1.0.14:38123|priority:0|startupRole:FOLLOWER, 44d8c728-f44d-4f6f-a402-703b24b0e7ae|rpc:10.1.0.14:40767|dataStream:10.1.0.14:39589|priority:1|startupRole:FOLLOWER, 247f50ea-8ddf-4819-a598-e87ef509e8f6|rpc:10.1.0.14:33111|dataStream:10.1.0.14:34525|priority:0|startupRole:FOLLOWER] returns group-2EE647C74649:java.util.concurrent.CompletableFuture@160a4699[Not completed]
2023-01-25 10:22:53,736 [Command processor thread] INFO  commandhandler.CreatePipelineCommandHandler (CreatePipelineCommandHandler.java:handle(113)) - Created Pipeline RATIS THREE PipelineID=6a941a41-8cd8-4129-b93f-2ee647c74649.
2023-01-25 10:22:53,737 [Command processor thread] INFO  server.RaftServer (RaftServerProxy.java:addNew(96)) - 44d8c728-f44d-4f6f-a402-703b24b0e7ae: addNew group-6CE5116D121F:[de34da07-4135-4fa8-beba-e4d852545ac0|rpc:10.1.0.14:33181|dataStream:10.1.0.14:38123|priority:1|startupRole:FOLLOWER, 44d8c728-f44d-4f6f-a402-703b24b0e7ae|rpc:10.1.0.14:40767|dataStream:10.1.0.14:39589|priority:0|startupRole:FOLLOWER, 247f50ea-8ddf-4819-a598-e87ef509e8f6|rpc:10.1.0.14:33111|dataStream:10.1.0.14:34525|priority:0|startupRole:FOLLOWER] returns group-6CE5116D121F:java.util.concurrent.CompletableFuture@23fe88ac[Not completed]
2023-01-25 10:22:53,738 [pool-117-thread-1] INFO  server.RaftServer$Division (RaftServerImpl.java:<init>(195)) - de34da07-4135-4fa8-beba-e4d852545ac0: new RaftServerImpl for group-2EE647C74649:[de34da07-4135-4fa8-beba-e4d852545ac0|rpc:10.1.0.14:33181|dataStream:10.1.0.14:38123|priority:0|startupRole:FOLLOWER, 44d8c728-f44d-4f6f-a402-703b24b0e7ae|rpc:10.1.0.14:40767|dataStream:10.1.0.14:39589|priority:1|startupRole:FOLLOWER, 247f50ea-8ddf-4819-a598-e87ef509e8f6|rpc:10.1.0.14:33111|dataStream:10.1.0.14:34525|priority:0|startupRole:FOLLOWER] with ContainerStateMachine:uninitialized
2023-01-25 10:22:53,738 [pool-94-thread-1] INFO  server.RaftServer$Division (RaftServerImpl.java:<init>(195)) - 44d8c728-f44d-4f6f-a402-703b24b0e7ae: new RaftServerImpl for group-6CE5116D121F:[de34da07-4135-4fa8-beba-e4d852545ac0|rpc:10.1.0.14:33181|dataStream:10.1.0.14:38123|priority:1|startupRole:FOLLOWER, 44d8c728-f44d-4f6f-a402-703b24b0e7ae|rpc:10.1.0.14:40767|dataStream:10.1.0.14:39589|priority:0|startupRole:FOLLOWER, 247f50ea-8ddf-4819-a598-e87ef509e8f6|rpc:10.1.0.14:33111|dataStream:10.1.0.14:34525|priority:0|startupRole:FOLLOWER] with ContainerStateMachine:uninitialized
2023-01-25 10:22:53,743 [pool-117-thread-1] INFO  server.RaftServerConfigKeys (ConfUtils.java:logGet(46)) - raft.server.rpc.timeout.min = 5s (custom)
2023-01-25 10:22:53,743 [pool-94-thread-1] INFO  server.RaftServerConfigKeys (ConfUtils.java:logGet(46)) - raft.server.rpc.timeout.min = 5s (custom)
2023-01-25 10:22:53,744 [pool-94-thread-1] INFO  server.RaftServerConfigKeys (ConfUtils.java:logGet(46)) - raft.server.rpc.timeout.max = 5200ms (custom)
2023-01-25 10:22:53,744 [pool-94-thread-1] INFO  server.RaftServerConfigKeys (ConfUtils.java:logGet(46)) - raft.server.rpc.sleep.time = 25ms (default)
2023-01-25 10:22:53,744 [pool-94-thread-1] INFO  server.RaftServerConfigKeys (ConfUtils.java:logGet(46)) - raft.server.rpc.slowness.timeout = 300s (custom)
2023-01-25 10:22:53,744 [pool-94-thread-1] INFO  server.RaftServerConfigKeys (ConfUtils.java:logGet(46)) - raft.server.leaderelection.leader.step-down.wait-time = 10s (default)
2023-01-25 10:22:53,744 [pool-94-thread-1] INFO  server.RaftServerConfigKeys (ConfUtils.java:logGet(46)) - raft.server.sleep.deviation.threshold = 300ms (default)
2023-01-25 10:22:53,744 [pool-94-thread-1] INFO  server.RaftServer$Division (ServerState.java:<init>(118)) - 44d8c728-f44d-4f6f-a402-703b24b0e7ae@group-6CE5116D121F: ConfigurationManager, init=-1: peers:[de34da07-4135-4fa8-beba-e4d852545ac0|rpc:10.1.0.14:33181|dataStream:10.1.0.14:38123|priority:1|startupRole:FOLLOWER, 44d8c728-f44d-4f6f-a402-703b24b0e7ae|rpc:10.1.0.14:40767|dataStream:10.1.0.14:39589|priority:0|startupRole:FOLLOWER, 247f50ea-8ddf-4819-a598-e87ef509e8f6|rpc:10.1.0.14:33111|dataStream:10.1.0.14:34525|priority:0|startupRole:FOLLOWER]|listeners:[], old=null, confs=<EMPTY_MAP>
2023-01-25 10:22:53,745 [pool-94-thread-1] INFO  server.RaftServerConfigKeys (ConfUtils.java:logGet(46)) - raft.server.storage.dir = [/home/runner/work/ozone/ozone/hadoop-ozone/integration-test/target/test-dir/MiniOzoneClusterImpl-1247b3fc-8c88-4cf7-b93f-ad2be507f780/datanode-1/data/ratis] (custom)
2023-01-25 10:22:53,745 [pool-94-thread-1] INFO  server.RaftServerConfigKeys (ConfUtils.java:logGet(46)) - raft.server.log.corruption.policy = EXCEPTION (default)
2023-01-25 10:22:53,745 [pool-94-thread-1] INFO  server.RaftServerConfigKeys (ConfUtils.java:logGet(46)) - raft.server.storage.free-space.min = 0MB (=0) (default)
2023-01-25 10:22:53,745 [pool-94-thread-1] INFO  server.RaftServerConfigKeys (ConfUtils.java:logGet(46)) - raft.server.notification.no-leader.timeout = 300s (custom)
2023-01-25 10:22:53,745 [pool-94-thread-1] INFO  server.RaftServerConfigKeys (ConfUtils.java:logGet(46)) - raft.server.retrycache.expirytime = 600000ms (custom)
2023-01-25 10:22:53,745 [pool-94-thread-1] INFO  server.RaftServerConfigKeys (ConfUtils.java:logGet(46)) - raft.server.retrycache.statistics.expirytime = 100μs (default)
2023-01-25 10:22:53,746 [pool-94-thread-1] INFO  server.RaftServerConfigKeys (ConfUtils.java:logGet(46)) - raft.server.log.appender.install.snapshot.enabled = false (custom)
2023-01-25 10:22:53,746 [pool-94-thread-1] INFO  server.RaftServerConfigKeys (ConfUtils.java:logGet(46)) - raft.server.threadpool.server.cached = true (default)
2023-01-25 10:22:53,746 [pool-94-thread-1] INFO  server.RaftServerConfigKeys (ConfUtils.java:logGet(46)) - raft.server.threadpool.server.size = 0 (default)
2023-01-25 10:22:53,746 [pool-94-thread-1] INFO  server.RaftServerConfigKeys (ConfUtils.java:logGet(46)) - raft.server.threadpool.client.cached = true (default)
2023-01-25 10:22:53,746 [pool-94-thread-1] INFO  server.RaftServerConfigKeys (ConfUtils.java:logGet(46)) - raft.server.threadpool.client.size = 0 (default)
2023-01-25 10:22:53,746 [pool-94-thread-1] INFO  storage.RaftStorageDirectory (RaftStorageDirectoryImpl.java:analyzeStorage(137)) - The storage directory /home/runner/work/ozone/ozone/hadoop-ozone/integration-test/target/test-dir/MiniOzoneClusterImpl-1247b3fc-8c88-4cf7-b93f-ad2be507f780/datanode-1/data/ratis/3ba45bac-2600-4b44-b2de-6ce5116d121f does not exist. Creating ...
2023-01-25 10:22:53,744 [pool-117-thread-1] INFO  server.RaftServerConfigKeys (ConfUtils.java:logGet(46)) - raft.server.rpc.timeout.max = 5200ms (custom)
2023-01-25 10:22:53,747 [pool-117-thread-1] INFO  server.RaftServerConfigKeys (ConfUtils.java:logGet(46)) - raft.server.rpc.sleep.time = 25ms (default)
2023-01-25 10:22:53,747 [pool-117-thread-1] INFO  server.RaftServerConfigKeys (ConfUtils.java:logGet(46)) - raft.server.rpc.slowness.timeout = 300s (custom)
2023-01-25 10:22:53,747 [pool-117-thread-1] INFO  server.RaftServerConfigKeys (ConfUtils.java:logGet(46)) - raft.server.leaderelection.leader.step-down.wait-time = 10s (default)
2023-01-25 10:22:53,747 [pool-117-thread-1] INFO  server.RaftServerConfigKeys (ConfUtils.java:logGet(46)) - raft.server.sleep.deviation.threshold = 300ms (default)
2023-01-25 10:22:53,748 [pool-94-thread-1] INFO  storage.RaftStorageDirectory (RaftStorageDirectoryImpl.java:tryLock(231)) - Lock on /home/runner/work/ozone/ozone/hadoop-ozone/integration-test/target/test-dir/MiniOzoneClusterImpl-1247b3fc-8c88-4cf7-b93f-ad2be507f780/datanode-1/data/ratis/3ba45bac-2600-4b44-b2de-6ce5116d121f/in_use.lock acquired by nodename 69329@fv-az462-827
2023-01-25 10:22:53,748 [pool-117-thread-1] INFO  server.RaftServer$Division (ServerState.java:<init>(118)) - de34da07-4135-4fa8-beba-e4d852545ac0@group-2EE647C74649: ConfigurationManager, init=-1: peers:[de34da07-4135-4fa8-beba-e4d852545ac0|rpc:10.1.0.14:33181|dataStream:10.1.0.14:38123|priority:0|startupRole:FOLLOWER, 44d8c728-f44d-4f6f-a402-703b24b0e7ae|rpc:10.1.0.14:40767|dataStream:10.1.0.14:39589|priority:1|startupRole:FOLLOWER, 247f50ea-8ddf-4819-a598-e87ef509e8f6|rpc:10.1.0.14:33111|dataStream:10.1.0.14:34525|priority:0|startupRole:FOLLOWER]|listeners:[], old=null, confs=<EMPTY_MAP>
2023-01-25 10:22:53,748 [pool-117-thread-1] INFO  server.RaftServerConfigKeys (ConfUtils.java:logGet(46)) - raft.server.storage.dir = [/home/runner/work/ozone/ozone/hadoop-ozone/integration-test/target/test-dir/MiniOzoneClusterImpl-1247b3fc-8c88-4cf7-b93f-ad2be507f780/datanode-2/data/ratis] (custom)
2023-01-25 10:22:53,749 [pool-117-thread-1] INFO  server.RaftServerConfigKeys (ConfUtils.java:logGet(46)) - raft.server.log.corruption.policy = EXCEPTION (default)
2023-01-25 10:22:53,749 [pool-117-thread-1] INFO  server.RaftServerConfigKeys (ConfUtils.java:logGet(46)) - raft.server.storage.free-space.min = 0MB (=0) (default)
2023-01-25 10:22:53,749 [pool-117-thread-1] INFO  server.RaftServerConfigKeys (ConfUtils.java:logGet(46)) - raft.server.notification.no-leader.timeout = 300s (custom)
2023-01-25 10:22:53,749 [pool-117-thread-1] INFO  server.RaftServerConfigKeys (ConfUtils.java:logGet(46)) - raft.server.retrycache.expirytime = 600000ms (custom)
2023-01-25 10:22:53,749 [pool-117-thread-1] INFO  server.RaftServerConfigKeys (ConfUtils.java:logGet(46)) - raft.server.retrycache.statistics.expirytime = 100μs (default)
2023-01-25 10:22:53,749 [pool-94-thread-1] INFO  storage.RaftStorage (RaftStorageImpl.java:format(96)) - Storage directory /home/runner/work/ozone/ozone/hadoop-ozone/integration-test/target/test-dir/MiniOzoneClusterImpl-1247b3fc-8c88-4cf7-b93f-ad2be507f780/datanode-1/data/ratis/3ba45bac-2600-4b44-b2de-6ce5116d121f has been successfully formatted.
2023-01-25 10:22:53,751 [pool-94-thread-1] INFO  ratis.ContainerStateMachine (ContainerStateMachine.java:loadSnapshot(240)) - group-6CE5116D121F: The snapshot info is null. Setting the last applied indexto:(t:0, i:~)
2023-01-25 10:22:53,751 [pool-94-thread-1] INFO  server.RaftServerConfigKeys (ConfUtils.java:logGet(46)) - raft.server.log.use.memory = false (default)
2023-01-25 10:22:53,751 [pool-94-thread-1] INFO  server.RaftServerConfigKeys (ConfUtils.java:logGet(46)) - raft.server.log.purge.gap = 1000000 (custom)
2023-01-25 10:22:53,751 [pool-94-thread-1] INFO  server.RaftServerConfigKeys (ConfUtils.java:logGet(46)) - raft.server.log.appender.buffer.byte-limit = 33554432 (custom)
2023-01-25 10:22:53,751 [pool-94-thread-1] INFO  server.RaftServerConfigKeys (ConfUtils.java:logGet(46)) - raft.server.log.statemachine.data.read.timeout = 1000ms (default)
2023-01-25 10:22:53,752 [pool-94-thread-1] INFO  server.RaftServerConfigKeys (ConfUtils.java:logGet(46)) - raft.server.log.purge.preservation.log.num = 0 (default)
2023-01-25 10:22:53,752 [pool-94-thread-1] INFO  server.RaftServerConfigKeys (ConfUtils.java:logGet(46)) - raft.server.log.segment.size.max = 1048576 (custom)
2023-01-25 10:22:53,752 [pool-94-thread-1] INFO  server.RaftServerConfigKeys (ConfUtils.java:logGet(46)) - raft.server.log.segment.cache.num.max = 2 (custom)
2023-01-25 10:22:53,752 [pool-94-thread-1] INFO  server.RaftServerConfigKeys (ConfUtils.java:logGet(46)) - raft.server.log.segment.cache.size.max = 200MB (=209715200) (default)
2023-01-25 10:22:53,752 [pool-94-thread-1] INFO  segmented.SegmentedRaftLogWorker (SegmentedRaftLogWorker.java:<init>(189)) - new 44d8c728-f44d-4f6f-a402-703b24b0e7ae@group-6CE5116D121F-SegmentedRaftLogWorker for RaftStorageImpl:Storage Directory /home/runner/work/ozone/ozone/hadoop-ozone/integration-test/target/test-dir/MiniOzoneClusterImpl-1247b3fc-8c88-4cf7-b93f-ad2be507f780/datanode-1/data/ratis/3ba45bac-2600-4b44-b2de-6ce5116d121f
2023-01-25 10:22:53,752 [pool-94-thread-1] INFO  server.RaftServerConfigKeys (ConfUtils.java:logGet(46)) - raft.server.log.queue.byte-limit = 4294967296 (custom)
2023-01-25 10:22:53,752 [pool-94-thread-1] INFO  server.RaftServerConfigKeys (ConfUtils.java:logGet(46)) - raft.server.log.queue.element-limit = 1024 (custom)
2023-01-25 10:22:53,752 [pool-94-thread-1] INFO  server.RaftServerConfigKeys (ConfUtils.java:logGet(46)) - raft.server.log.segment.size.max = 1048576 (custom)
2023-01-25 10:22:53,752 [pool-94-thread-1] INFO  server.RaftServerConfigKeys (ConfUtils.java:logGet(46)) - raft.server.log.preallocated.size = 16384 (custom)
2023-01-25 10:22:53,752 [pool-94-thread-1] INFO  server.RaftServerConfigKeys (ConfUtils.java:logGet(46)) - raft.server.log.force.sync.num = 128 (default)
2023-01-25 10:22:53,752 [pool-94-thread-1] INFO  server.RaftServerConfigKeys (ConfUtils.java:logGet(46)) - raft.server.log.statemachine.data.sync = true (default)
2023-01-25 10:22:53,752 [pool-94-thread-1] INFO  server.RaftServerConfigKeys (ConfUtils.java:logGet(46)) - raft.server.log.statemachine.data.sync.timeout = 10s (default)
2023-01-25 10:22:53,753 [pool-94-thread-1] INFO  server.RaftServerConfigKeys (ConfUtils.java:logGet(46)) - raft.server.log.statemachine.data.sync.timeout.retry = -1 (default)
2023-01-25 10:22:53,753 [pool-94-thread-1] INFO  server.RaftServerConfigKeys (ConfUtils.java:logGet(46)) - raft.server.log.write.buffer.size = 1048576 (custom)
2023-01-25 10:22:53,754 [pool-94-thread-1] INFO  server.RaftServerConfigKeys (ConfUtils.java:logGet(46)) - raft.server.log.appender.buffer.byte-limit = 33554432 (custom)
2023-01-25 10:22:53,758 [pool-117-thread-1] INFO  server.RaftServerConfigKeys (ConfUtils.java:logGet(46)) - raft.server.log.appender.install.snapshot.enabled = false (custom)
2023-01-25 10:22:53,758 [pool-117-thread-1] INFO  server.RaftServerConfigKeys (ConfUtils.java:logGet(46)) - raft.server.threadpool.server.cached = true (default)
2023-01-25 10:22:53,758 [pool-117-thread-1] INFO  server.RaftServerConfigKeys (ConfUtils.java:logGet(46)) - raft.server.threadpool.server.size = 0 (default)
2023-01-25 10:22:53,758 [pool-117-thread-1] INFO  server.RaftServerConfigKeys (ConfUtils.java:logGet(46)) - raft.server.threadpool.client.cached = true (default)
2023-01-25 10:22:53,758 [EventQueue-OpenPipelineForHealthyPipelineSafeModeRule] INFO  safemode.SCMSafeModeManager (HealthyPipelineSafeModeRule.java:process(137)) - SCM in safe mode. Healthy pipelines reported count is 0, required healthy pipeline reported count is 1
2023-01-25 10:22:53,758 [pool-117-thread-1] INFO  server.RaftServerConfigKeys (ConfUtils.java:logGet(46)) - raft.server.threadpool.client.size = 0 (default)
2023-01-25 10:22:53,759 [pool-117-thread-1] INFO  storage.RaftStorageDirectory (RaftStorageDirectoryImpl.java:analyzeStorage(137)) - The storage directory /home/runner/work/ozone/ozone/hadoop-ozone/integration-test/target/test-dir/MiniOzoneClusterImpl-1247b3fc-8c88-4cf7-b93f-ad2be507f780/datanode-2/data/ratis/6a941a41-8cd8-4129-b93f-2ee647c74649 does not exist. Creating ...
2023-01-25 10:22:53,760 [pool-117-thread-1] INFO  storage.RaftStorageDirectory (RaftStorageDirectoryImpl.java:tryLock(231)) - Lock on /home/runner/work/ozone/ozone/hadoop-ozone/integration-test/target/test-dir/MiniOzoneClusterImpl-1247b3fc-8c88-4cf7-b93f-ad2be507f780/datanode-2/data/ratis/6a941a41-8cd8-4129-b93f-2ee647c74649/in_use.lock acquired by nodename 69329@fv-az462-827
2023-01-25 10:22:53,760 [pool-94-thread-1] INFO  server.RaftServerConfigKeys (ConfUtils.java:logGet(46)) - raft.server.log.unsafe-flush.enabled = false (default)
2023-01-25 10:22:53,761 [pool-94-thread-1] INFO  server.RaftServerConfigKeys (ConfUtils.java:logGet(46)) - raft.server.log.async-flush.enabled = false (default)
2023-01-25 10:22:53,761 [pool-94-thread-1] INFO  server.RaftServerConfigKeys (ConfUtils.java:logGet(46)) - raft.server.log.statemachine.data.caching.enabled = true (custom)
2023-01-25 10:22:53,762 [pool-94-thread-1] INFO  segmented.SegmentedRaftLogWorker (SegmentedRaftLogWorker.java:lambda$new$0(135)) - 44d8c728-f44d-4f6f-a402-703b24b0e7ae@group-6CE5116D121F-SegmentedRaftLogWorker: flushIndex: setUnconditionally 0 -> -1
2023-01-25 10:22:53,762 [pool-94-thread-1] INFO  segmented.SegmentedRaftLogWorker (SegmentedRaftLogWorker.java:lambda$new$0(135)) - 44d8c728-f44d-4f6f-a402-703b24b0e7ae@group-6CE5116D121F-SegmentedRaftLogWorker: safeCacheEvictIndex: setUnconditionally 0 -> -1
2023-01-25 10:22:53,762 [pool-117-thread-1] INFO  storage.RaftStorage (RaftStorageImpl.java:format(96)) - Storage directory /home/runner/work/ozone/ozone/hadoop-ozone/integration-test/target/test-dir/MiniOzoneClusterImpl-1247b3fc-8c88-4cf7-b93f-ad2be507f780/datanode-2/data/ratis/6a941a41-8cd8-4129-b93f-2ee647c74649 has been successfully formatted.
2023-01-25 10:22:53,763 [pool-94-thread-1] INFO  server.RaftServer$Division (RaftServerImpl.java:start(334)) - 44d8c728-f44d-4f6f-a402-703b24b0e7ae@group-6CE5116D121F: start as a follower, conf=-1: peers:[de34da07-4135-4fa8-beba-e4d852545ac0|rpc:10.1.0.14:33181|dataStream:10.1.0.14:38123|priority:1|startupRole:FOLLOWER, 44d8c728-f44d-4f6f-a402-703b24b0e7ae|rpc:10.1.0.14:40767|dataStream:10.1.0.14:39589|priority:0|startupRole:FOLLOWER, 247f50ea-8ddf-4819-a598-e87ef509e8f6|rpc:10.1.0.14:33111|dataStream:10.1.0.14:34525|priority:0|startupRole:FOLLOWER]|listeners:[], old=null
2023-01-25 10:22:53,763 [pool-94-thread-1] INFO  server.RaftServer$Division (RaftServerImpl.java:setRole(321)) - 44d8c728-f44d-4f6f-a402-703b24b0e7ae@group-6CE5116D121F: changes role from      null to FOLLOWER at term 0 for startAsFollower
2023-01-25 10:22:53,763 [pool-94-thread-1] INFO  impl.RoleInfo (RoleInfo.java:updateAndGet(139)) - 44d8c728-f44d-4f6f-a402-703b24b0e7ae: start 44d8c728-f44d-4f6f-a402-703b24b0e7ae@group-6CE5116D121F-FollowerState
2023-01-25 10:22:53,766 [pool-94-thread-1] INFO  util.JmxRegister (JmxRegister.java:tryRegister(44)) - Successfully registered JMX Bean with object name Ratis:service=RaftServer,group=group-6CE5116D121F,id=44d8c728-f44d-4f6f-a402-703b24b0e7ae
2023-01-25 10:22:53,766 [pool-94-thread-1] INFO  server.RaftServerConfigKeys (ConfUtils.java:logGet(46)) - raft.server.snapshot.auto.trigger.enabled = true (custom)
2023-01-25 10:22:53,768 [pool-94-thread-1] INFO  server.RaftServerConfigKeys (ConfUtils.java:logGet(46)) - raft.server.snapshot.auto.trigger.threshold = 10000 (custom)
2023-01-25 10:22:53,768 [pool-94-thread-1] INFO  server.RaftServerConfigKeys (ConfUtils.java:logGet(46)) - raft.server.snapshot.retention.file.num = 5 (custom)
2023-01-25 10:22:53,768 [pool-94-thread-1] INFO  server.RaftServerConfigKeys (ConfUtils.java:logGet(46)) - raft.server.log.purge.upto.snapshot.index = false (default)
2023-01-25 10:22:53,767 [pool-117-thread-1] INFO  ratis.ContainerStateMachine (ContainerStateMachine.java:loadSnapshot(240)) - group-2EE647C74649: The snapshot info is null. Setting the last applied indexto:(t:0, i:~)
2023-01-25 10:22:53,777 [pool-117-thread-1] INFO  server.RaftServerConfigKeys (ConfUtils.java:logGet(46)) - raft.server.log.use.memory = false (default)
2023-01-25 10:22:53,777 [pool-117-thread-1] INFO  server.RaftServerConfigKeys (ConfUtils.java:logGet(46)) - raft.server.log.purge.gap = 1000000 (custom)
2023-01-25 10:22:53,777 [pool-117-thread-1] INFO  server.RaftServerConfigKeys (ConfUtils.java:logGet(46)) - raft.server.log.appender.buffer.byte-limit = 33554432 (custom)
2023-01-25 10:22:53,777 [Command processor thread] INFO  server.RaftServer (RaftServerProxy.java:addNew(96)) - de34da07-4135-4fa8-beba-e4d852545ac0: addNew group-7C6B0AE14D03:[de34da07-4135-4fa8-beba-e4d852545ac0|rpc:10.1.0.14:33181|dataStream:10.1.0.14:38123|priority:1|startupRole:FOLLOWER] returns group-7C6B0AE14D03:java.util.concurrent.CompletableFuture@36cb2601[Not completed]
2023-01-25 10:22:53,771 [44d8c728-f44d-4f6f-a402-703b24b0e7ae@group-6CE5116D121F-FollowerState] INFO  server.RaftServerConfigKeys (ConfUtils.java:logFallback(53)) - raft.server.rpc.first-election.timeout.min = 5s (fallback to raft.server.rpc.timeout.min)
2023-01-25 10:22:53,777 [44d8c728-f44d-4f6f-a402-703b24b0e7ae@group-6CE5116D121F-FollowerState] INFO  server.RaftServerConfigKeys (ConfUtils.java:logFallback(53)) - raft.server.rpc.first-election.timeout.max = 5200ms (fallback to raft.server.rpc.timeout.max)
2023-01-25 10:22:53,770 [Command processor thread] INFO  ratis.XceiverServerRatis (XceiverServerRatis.java:addGroup(806)) - Created group PipelineID=3ba45bac-2600-4b44-b2de-6ce5116d121f
2023-01-25 10:22:53,777 [pool-117-thread-1] INFO  server.RaftServerConfigKeys (ConfUtils.java:logGet(46)) - raft.server.log.statemachine.data.read.timeout = 1000ms (default)
2023-01-25 10:22:53,779 [pool-117-thread-1] INFO  server.RaftServerConfigKeys (ConfUtils.java:logGet(46)) - raft.server.log.purge.preservation.log.num = 0 (default)
2023-01-25 10:22:53,779 [pool-117-thread-1] INFO  server.RaftServerConfigKeys (ConfUtils.java:logGet(46)) - raft.server.log.segment.size.max = 1048576 (custom)
2023-01-25 10:22:53,779 [pool-117-thread-1] INFO  server.RaftServerConfigKeys (ConfUtils.java:logGet(46)) - raft.server.log.segment.cache.num.max = 2 (custom)
2023-01-25 10:22:53,779 [pool-117-thread-1] INFO  server.RaftServerConfigKeys (ConfUtils.java:logGet(46)) - raft.server.log.segment.cache.size.max = 200MB (=209715200) (default)
2023-01-25 10:22:53,779 [pool-117-thread-1] INFO  segmented.SegmentedRaftLogWorker (SegmentedRaftLogWorker.java:<init>(189)) - new de34da07-4135-4fa8-beba-e4d852545ac0@group-2EE647C74649-SegmentedRaftLogWorker for RaftStorageImpl:Storage Directory /home/runner/work/ozone/ozone/hadoop-ozone/integration-test/target/test-dir/MiniOzoneClusterImpl-1247b3fc-8c88-4cf7-b93f-ad2be507f780/datanode-2/data/ratis/6a941a41-8cd8-4129-b93f-2ee647c74649
2023-01-25 10:22:53,779 [pool-117-thread-1] INFO  server.RaftServerConfigKeys (ConfUtils.java:logGet(46)) - raft.server.log.queue.byte-limit = 4294967296 (custom)
2023-01-25 10:22:53,779 [pool-117-thread-1] INFO  server.RaftServerConfigKeys (ConfUtils.java:logGet(46)) - raft.server.log.queue.element-limit = 1024 (custom)
2023-01-25 10:22:53,779 [pool-117-thread-1] INFO  server.RaftServerConfigKeys (ConfUtils.java:logGet(46)) - raft.server.log.segment.size.max = 1048576 (custom)
2023-01-25 10:22:53,779 [pool-117-thread-1] INFO  server.RaftServerConfigKeys (ConfUtils.java:logGet(46)) - raft.server.log.preallocated.size = 16384 (custom)
2023-01-25 10:22:53,779 [pool-117-thread-1] INFO  server.RaftServerConfigKeys (ConfUtils.java:logGet(46)) - raft.server.log.force.sync.num = 128 (default)
2023-01-25 10:22:53,780 [pool-117-thread-1] INFO  server.RaftServerConfigKeys (ConfUtils.java:logGet(46)) - raft.server.log.statemachine.data.sync = true (default)
2023-01-25 10:22:53,780 [pool-117-thread-1] INFO  server.RaftServerConfigKeys (ConfUtils.java:logGet(46)) - raft.server.log.statemachine.data.sync.timeout = 10s (default)
2023-01-25 10:22:53,780 [pool-117-thread-1] INFO  server.RaftServerConfigKeys (ConfUtils.java:logGet(46)) - raft.server.log.statemachine.data.sync.timeout.retry = -1 (default)
2023-01-25 10:22:53,780 [pool-117-thread-1] INFO  server.RaftServerConfigKeys (ConfUtils.java:logGet(46)) - raft.server.log.write.buffer.size = 1048576 (custom)
2023-01-25 10:22:53,783 [pool-117-thread-1] INFO  server.RaftServerConfigKeys (ConfUtils.java:logGet(46)) - raft.server.log.appender.buffer.byte-limit = 33554432 (custom)
2023-01-25 10:22:53,786 [pool-117-thread-1] INFO  server.RaftServerConfigKeys (ConfUtils.java:logGet(46)) - raft.server.log.unsafe-flush.enabled = false (default)
2023-01-25 10:22:53,786 [pool-117-thread-1] INFO  server.RaftServerConfigKeys (ConfUtils.java:logGet(46)) - raft.server.log.async-flush.enabled = false (default)
2023-01-25 10:22:53,786 [pool-117-thread-1] INFO  server.RaftServerConfigKeys (ConfUtils.java:logGet(46)) - raft.server.log.statemachine.data.caching.enabled = true (custom)
2023-01-25 10:22:53,786 [pool-117-thread-1] INFO  segmented.SegmentedRaftLogWorker (SegmentedRaftLogWorker.java:lambda$new$0(135)) - de34da07-4135-4fa8-beba-e4d852545ac0@group-2EE647C74649-SegmentedRaftLogWorker: flushIndex: setUnconditionally 0 -> -1
2023-01-25 10:22:53,786 [pool-117-thread-1] INFO  segmented.SegmentedRaftLogWorker (SegmentedRaftLogWorker.java:lambda$new$0(135)) - de34da07-4135-4fa8-beba-e4d852545ac0@group-2EE647C74649-SegmentedRaftLogWorker: safeCacheEvictIndex: setUnconditionally 0 -> -1
2023-01-25 10:22:53,787 [pool-117-thread-1] INFO  server.RaftServer$Division (RaftServerImpl.java:start(334)) - de34da07-4135-4fa8-beba-e4d852545ac0@group-2EE647C74649: start as a follower, conf=-1: peers:[de34da07-4135-4fa8-beba-e4d852545ac0|rpc:10.1.0.14:33181|dataStream:10.1.0.14:38123|priority:0|startupRole:FOLLOWER, 44d8c728-f44d-4f6f-a402-703b24b0e7ae|rpc:10.1.0.14:40767|dataStream:10.1.0.14:39589|priority:1|startupRole:FOLLOWER, 247f50ea-8ddf-4819-a598-e87ef509e8f6|rpc:10.1.0.14:33111|dataStream:10.1.0.14:34525|priority:0|startupRole:FOLLOWER]|listeners:[], old=null
2023-01-25 10:22:53,787 [pool-117-thread-1] INFO  server.RaftServer$Division (RaftServerImpl.java:setRole(321)) - de34da07-4135-4fa8-beba-e4d852545ac0@group-2EE647C74649: changes role from      null to FOLLOWER at term 0 for startAsFollower
2023-01-25 10:22:53,787 [pool-117-thread-1] INFO  impl.RoleInfo (RoleInfo.java:updateAndGet(139)) - de34da07-4135-4fa8-beba-e4d852545ac0: start de34da07-4135-4fa8-beba-e4d852545ac0@group-2EE647C74649-FollowerState
2023-01-25 10:22:53,790 [pool-117-thread-1] INFO  util.JmxRegister (JmxRegister.java:tryRegister(44)) - Successfully registered JMX Bean with object name Ratis:service=RaftServer,group=group-2EE647C74649,id=de34da07-4135-4fa8-beba-e4d852545ac0
2023-01-25 10:22:53,790 [pool-117-thread-1] INFO  server.RaftServerConfigKeys (ConfUtils.java:logGet(46)) - raft.server.snapshot.auto.trigger.enabled = true (custom)
2023-01-25 10:22:53,790 [pool-117-thread-1] INFO  server.RaftServerConfigKeys (ConfUtils.java:logGet(46)) - raft.server.snapshot.auto.trigger.threshold = 10000 (custom)
2023-01-25 10:22:53,790 [pool-117-thread-1] INFO  server.RaftServerConfigKeys (ConfUtils.java:logGet(46)) - raft.server.snapshot.retention.file.num = 5 (custom)
2023-01-25 10:22:53,790 [pool-117-thread-1] INFO  server.RaftServerConfigKeys (ConfUtils.java:logGet(46)) - raft.server.log.purge.upto.snapshot.index = false (default)
2023-01-25 10:22:53,790 [de34da07-4135-4fa8-beba-e4d852545ac0@group-2EE647C74649-FollowerState] INFO  server.RaftServerConfigKeys (ConfUtils.java:logFallback(53)) - raft.server.rpc.first-election.timeout.min = 5s (fallback to raft.server.rpc.timeout.min)
2023-01-25 10:22:53,793 [de34da07-4135-4fa8-beba-e4d852545ac0@group-2EE647C74649-FollowerState] INFO  server.RaftServerConfigKeys (ConfUtils.java:logFallback(53)) - raft.server.rpc.first-election.timeout.max = 5200ms (fallback to raft.server.rpc.timeout.max)
2023-01-25 10:22:53,792 [pool-117-thread-1] INFO  server.RaftServer$Division (RaftServerImpl.java:<init>(195)) - de34da07-4135-4fa8-beba-e4d852545ac0: new RaftServerImpl for group-7C6B0AE14D03:[de34da07-4135-4fa8-beba-e4d852545ac0|rpc:10.1.0.14:33181|dataStream:10.1.0.14:38123|priority:1|startupRole:FOLLOWER] with ContainerStateMachine:uninitialized
2023-01-25 10:22:53,793 [pool-117-thread-1] INFO  server.RaftServerConfigKeys (ConfUtils.java:logGet(46)) - raft.server.rpc.timeout.min = 5s (custom)
2023-01-25 10:22:53,793 [pool-117-thread-1] INFO  server.RaftServerConfigKeys (ConfUtils.java:logGet(46)) - raft.server.rpc.timeout.max = 5200ms (custom)
2023-01-25 10:22:53,793 [pool-117-thread-1] INFO  server.RaftServerConfigKeys (ConfUtils.java:logGet(46)) - raft.server.rpc.sleep.time = 25ms (default)
2023-01-25 10:22:53,793 [pool-117-thread-1] INFO  server.RaftServerConfigKeys (ConfUtils.java:logGet(46)) - raft.server.rpc.slowness.timeout = 300s (custom)
2023-01-25 10:22:53,793 [pool-117-thread-1] INFO  server.RaftServerConfigKeys (ConfUtils.java:logGet(46)) - raft.server.leaderelection.leader.step-down.wait-time = 10s (default)
2023-01-25 10:22:53,793 [pool-117-thread-1] INFO  server.RaftServerConfigKeys (ConfUtils.java:logGet(46)) - raft.server.sleep.deviation.threshold = 300ms (default)
2023-01-25 10:22:53,793 [pool-117-thread-1] INFO  server.RaftServer$Division (ServerState.java:<init>(118)) - de34da07-4135-4fa8-beba-e4d852545ac0@group-7C6B0AE14D03: ConfigurationManager, init=-1: peers:[de34da07-4135-4fa8-beba-e4d852545ac0|rpc:10.1.0.14:33181|dataStream:10.1.0.14:38123|priority:1|startupRole:FOLLOWER]|listeners:[], old=null, confs=<EMPTY_MAP>
2023-01-25 10:22:53,793 [pool-117-thread-1] INFO  server.RaftServerConfigKeys (ConfUtils.java:logGet(46)) - raft.server.storage.dir = [/home/runner/work/ozone/ozone/hadoop-ozone/integration-test/target/test-dir/MiniOzoneClusterImpl-1247b3fc-8c88-4cf7-b93f-ad2be507f780/datanode-2/data/ratis] (custom)
2023-01-25 10:22:53,793 [pool-117-thread-1] INFO  server.RaftServerConfigKeys (ConfUtils.java:logGet(46)) - raft.server.log.corruption.policy = EXCEPTION (default)
2023-01-25 10:22:53,793 [pool-117-thread-1] INFO  server.RaftServerConfigKeys (ConfUtils.java:logGet(46)) - raft.server.storage.free-space.min = 0MB (=0) (default)
2023-01-25 10:22:53,793 [pool-117-thread-1] INFO  server.RaftServerConfigKeys (ConfUtils.java:logGet(46)) - raft.server.notification.no-leader.timeout = 300s (custom)
2023-01-25 10:22:53,793 [pool-117-thread-1] INFO  server.RaftServerConfigKeys (ConfUtils.java:logGet(46)) - raft.server.retrycache.expirytime = 600000ms (custom)
2023-01-25 10:22:53,793 [pool-117-thread-1] INFO  server.RaftServerConfigKeys (ConfUtils.java:logGet(46)) - raft.server.retrycache.statistics.expirytime = 100μs (default)
2023-01-25 10:22:53,796 [pool-117-thread-1] INFO  server.RaftServerConfigKeys (ConfUtils.java:logGet(46)) - raft.server.log.appender.install.snapshot.enabled = false (custom)
2023-01-25 10:22:53,796 [pool-117-thread-1] INFO  server.RaftServerConfigKeys (ConfUtils.java:logGet(46)) - raft.server.threadpool.server.cached = true (default)
2023-01-25 10:22:53,796 [pool-117-thread-1] INFO  server.RaftServerConfigKeys (ConfUtils.java:logGet(46)) - raft.server.threadpool.server.size = 0 (default)
2023-01-25 10:22:53,796 [pool-117-thread-1] INFO  server.RaftServerConfigKeys (ConfUtils.java:logGet(46)) - raft.server.threadpool.client.cached = true (default)
2023-01-25 10:22:53,796 [pool-117-thread-1] INFO  server.RaftServerConfigKeys (ConfUtils.java:logGet(46)) - raft.server.threadpool.client.size = 0 (default)
2023-01-25 10:22:53,796 [pool-117-thread-1] INFO  storage.RaftStorageDirectory (RaftStorageDirectoryImpl.java:analyzeStorage(137)) - The storage directory /home/runner/work/ozone/ozone/hadoop-ozone/integration-test/target/test-dir/MiniOzoneClusterImpl-1247b3fc-8c88-4cf7-b93f-ad2be507f780/datanode-2/data/ratis/c5902ef8-c35e-4176-b4f5-7c6b0ae14d03 does not exist. Creating ...
2023-01-25 10:22:53,798 [pool-117-thread-1] INFO  storage.RaftStorageDirectory (RaftStorageDirectoryImpl.java:tryLock(231)) - Lock on /home/runner/work/ozone/ozone/hadoop-ozone/integration-test/target/test-dir/MiniOzoneClusterImpl-1247b3fc-8c88-4cf7-b93f-ad2be507f780/datanode-2/data/ratis/c5902ef8-c35e-4176-b4f5-7c6b0ae14d03/in_use.lock acquired by nodename 69329@fv-az462-827
2023-01-25 10:22:53,799 [pool-117-thread-1] INFO  storage.RaftStorage (RaftStorageImpl.java:format(96)) - Storage directory /home/runner/work/ozone/ozone/hadoop-ozone/integration-test/target/test-dir/MiniOzoneClusterImpl-1247b3fc-8c88-4cf7-b93f-ad2be507f780/datanode-2/data/ratis/c5902ef8-c35e-4176-b4f5-7c6b0ae14d03 has been successfully formatted.
2023-01-25 10:22:53,800 [pool-117-thread-1] INFO  ratis.ContainerStateMachine (ContainerStateMachine.java:loadSnapshot(240)) - group-7C6B0AE14D03: The snapshot info is null. Setting the last applied indexto:(t:0, i:~)
2023-01-25 10:22:53,800 [pool-117-thread-1] INFO  server.RaftServerConfigKeys (ConfUtils.java:logGet(46)) - raft.server.log.use.memory = false (default)
2023-01-25 10:22:53,800 [pool-117-thread-1] INFO  server.RaftServerConfigKeys (ConfUtils.java:logGet(46)) - raft.server.log.purge.gap = 1000000 (custom)
2023-01-25 10:22:53,800 [pool-117-thread-1] INFO  server.RaftServerConfigKeys (ConfUtils.java:logGet(46)) - raft.server.log.appender.buffer.byte-limit = 33554432 (custom)
2023-01-25 10:22:53,800 [pool-117-thread-1] INFO  server.RaftServerConfigKeys (ConfUtils.java:logGet(46)) - raft.server.log.statemachine.data.read.timeout = 1000ms (default)
2023-01-25 10:22:53,802 [pool-117-thread-1] INFO  server.RaftServerConfigKeys (ConfUtils.java:logGet(46)) - raft.server.log.purge.preservation.log.num = 0 (default)
2023-01-25 10:22:53,802 [pool-117-thread-1] INFO  server.RaftServerConfigKeys (ConfUtils.java:logGet(46)) - raft.server.log.segment.size.max = 1048576 (custom)
2023-01-25 10:22:53,802 [pool-117-thread-1] INFO  server.RaftServerConfigKeys (ConfUtils.java:logGet(46)) - raft.server.log.segment.cache.num.max = 2 (custom)
2023-01-25 10:22:53,802 [pool-117-thread-1] INFO  server.RaftServerConfigKeys (ConfUtils.java:logGet(46)) - raft.server.log.segment.cache.size.max = 200MB (=209715200) (default)
2023-01-25 10:22:53,802 [grpc-default-executor-0] INFO  server.RaftServer (RaftServerProxy.java:addNew(96)) - de34da07-4135-4fa8-beba-e4d852545ac0: addNew group-6CE5116D121F:[de34da07-4135-4fa8-beba-e4d852545ac0|rpc:10.1.0.14:33181|dataStream:10.1.0.14:38123|priority:1|startupRole:FOLLOWER, 44d8c728-f44d-4f6f-a402-703b24b0e7ae|rpc:10.1.0.14:40767|dataStream:10.1.0.14:39589|priority:0|startupRole:FOLLOWER, 247f50ea-8ddf-4819-a598-e87ef509e8f6|rpc:10.1.0.14:33111|dataStream:10.1.0.14:34525|priority:0|startupRole:FOLLOWER] returns group-6CE5116D121F:java.util.concurrent.CompletableFuture@74713a4b[Not completed]
2023-01-25 10:22:53,803 [pool-117-thread-1] INFO  segmented.SegmentedRaftLogWorker (SegmentedRaftLogWorker.java:<init>(189)) - new de34da07-4135-4fa8-beba-e4d852545ac0@group-7C6B0AE14D03-SegmentedRaftLogWorker for RaftStorageImpl:Storage Directory /home/runner/work/ozone/ozone/hadoop-ozone/integration-test/target/test-dir/MiniOzoneClusterImpl-1247b3fc-8c88-4cf7-b93f-ad2be507f780/datanode-2/data/ratis/c5902ef8-c35e-4176-b4f5-7c6b0ae14d03
2023-01-25 10:22:53,803 [pool-117-thread-1] INFO  server.RaftServerConfigKeys (ConfUtils.java:logGet(46)) - raft.server.log.queue.byte-limit = 4294967296 (custom)
2023-01-25 10:22:53,803 [pool-117-thread-1] INFO  server.RaftServerConfigKeys (ConfUtils.java:logGet(46)) - raft.server.log.queue.element-limit = 1024 (custom)
2023-01-25 10:22:53,803 [pool-117-thread-1] INFO  server.RaftServerConfigKeys (ConfUtils.java:logGet(46)) - raft.server.log.segment.size.max = 1048576 (custom)
2023-01-25 10:22:53,803 [pool-117-thread-1] INFO  server.RaftServerConfigKeys (ConfUtils.java:logGet(46)) - raft.server.log.preallocated.size = 16384 (custom)
2023-01-25 10:22:53,803 [pool-117-thread-1] INFO  server.RaftServerConfigKeys (ConfUtils.java:logGet(46)) - raft.server.log.force.sync.num = 128 (default)
2023-01-25 10:22:53,803 [pool-117-thread-1] INFO  server.RaftServerConfigKeys (ConfUtils.java:logGet(46)) - raft.server.log.statemachine.data.sync = true (default)
2023-01-25 10:22:53,803 [pool-117-thread-1] INFO  server.RaftServerConfigKeys (ConfUtils.java:logGet(46)) - raft.server.log.statemachine.data.sync.timeout = 10s (default)
2023-01-25 10:22:53,803 [pool-117-thread-1] INFO  server.RaftServerConfigKeys (ConfUtils.java:logGet(46)) - raft.server.log.statemachine.data.sync.timeout.retry = -1 (default)
2023-01-25 10:22:53,804 [pool-117-thread-1] INFO  server.RaftServerConfigKeys (ConfUtils.java:logGet(46)) - raft.server.log.write.buffer.size = 1048576 (custom)
2023-01-25 10:22:53,805 [EventQueue-PipelineReportForPipelineReportHandler] INFO  pipeline.PipelineManagerImpl (PipelineManagerImpl.java:openPipeline(367)) - Pipeline Pipeline[ Id: c5902ef8-c35e-4176-b4f5-7c6b0ae14d03, Nodes: de34da07-4135-4fa8-beba-e4d852545ac0(fv-az462-827.5dk1zbeb1hiuljg1e1zidnqquc.phxx.internal.cloudapp.net/10.1.0.14), ReplicationConfig: RATIS/ONE, State:ALLOCATED, leaderId:de34da07-4135-4fa8-beba-e4d852545ac0, CreationTimestamp2023-01-25T10:22:50.781Z[Etc/UTC]] moved to OPEN state
2023-01-25 10:22:53,806 [EventQueue-OpenPipelineForHealthyPipelineSafeModeRule] INFO  safemode.SCMSafeModeManager (HealthyPipelineSafeModeRule.java:process(137)) - SCM in safe mode. Healthy pipelines reported count is 0, required healthy pipeline reported count is 1
2023-01-25 10:22:53,809 [pool-117-thread-1] INFO  server.RaftServerConfigKeys (ConfUtils.java:logGet(46)) - raft.server.log.appender.buffer.byte-limit = 33554432 (custom)
2023-01-25 10:22:53,811 [pool-117-thread-1] INFO  server.RaftServerConfigKeys (ConfUtils.java:logGet(46)) - raft.server.log.unsafe-flush.enabled = false (default)
2023-01-25 10:22:53,812 [pool-117-thread-1] INFO  server.RaftServerConfigKeys (ConfUtils.java:logGet(46)) - raft.server.log.async-flush.enabled = false (default)
2023-01-25 10:22:53,812 [pool-117-thread-1] INFO  server.RaftServerConfigKeys (ConfUtils.java:logGet(46)) - raft.server.log.statemachine.data.caching.enabled = true (custom)
2023-01-25 10:22:53,813 [pool-117-thread-1] INFO  segmented.SegmentedRaftLogWorker (SegmentedRaftLogWorker.java:lambda$new$0(135)) - de34da07-4135-4fa8-beba-e4d852545ac0@group-7C6B0AE14D03-SegmentedRaftLogWorker: flushIndex: setUnconditionally 0 -> -1
2023-01-25 10:22:53,813 [pool-117-thread-1] INFO  segmented.SegmentedRaftLogWorker (SegmentedRaftLogWorker.java:lambda$new$0(135)) - de34da07-4135-4fa8-beba-e4d852545ac0@group-7C6B0AE14D03-SegmentedRaftLogWorker: safeCacheEvictIndex: setUnconditionally 0 -> -1
2023-01-25 10:22:53,818 [pool-117-thread-1] INFO  server.RaftServer$Division (RaftServerImpl.java:start(334)) - de34da07-4135-4fa8-beba-e4d852545ac0@group-7C6B0AE14D03: start as a follower, conf=-1: peers:[de34da07-4135-4fa8-beba-e4d852545ac0|rpc:10.1.0.14:33181|dataStream:10.1.0.14:38123|priority:1|startupRole:FOLLOWER]|listeners:[], old=null
2023-01-25 10:22:53,818 [pool-117-thread-1] INFO  server.RaftServer$Division (RaftServerImpl.java:setRole(321)) - de34da07-4135-4fa8-beba-e4d852545ac0@group-7C6B0AE14D03: changes role from      null to FOLLOWER at term 0 for startAsFollower
2023-01-25 10:22:53,818 [pool-117-thread-1] INFO  impl.RoleInfo (RoleInfo.java:updateAndGet(139)) - de34da07-4135-4fa8-beba-e4d852545ac0: start de34da07-4135-4fa8-beba-e4d852545ac0@group-7C6B0AE14D03-FollowerState
2023-01-25 10:22:53,826 [pool-117-thread-1] INFO  util.JmxRegister (JmxRegister.java:tryRegister(44)) - Successfully registered JMX Bean with object name Ratis:service=RaftServer,group=group-7C6B0AE14D03,id=de34da07-4135-4fa8-beba-e4d852545ac0
2023-01-25 10:22:53,826 [pool-117-thread-1] INFO  server.RaftServerConfigKeys (ConfUtils.java:logGet(46)) - raft.server.snapshot.auto.trigger.enabled = true (custom)
2023-01-25 10:22:53,826 [pool-117-thread-1] INFO  server.RaftServerConfigKeys (ConfUtils.java:logGet(46)) - raft.server.snapshot.auto.trigger.threshold = 10000 (custom)
2023-01-25 10:22:53,827 [pool-117-thread-1] INFO  server.RaftServerConfigKeys (ConfUtils.java:logGet(46)) - raft.server.snapshot.retention.file.num = 5 (custom)
2023-01-25 10:22:53,827 [pool-117-thread-1] INFO  server.RaftServerConfigKeys (ConfUtils.java:logGet(46)) - raft.server.log.purge.upto.snapshot.index = false (default)
2023-01-25 10:22:53,828 [de34da07-4135-4fa8-beba-e4d852545ac0@group-7C6B0AE14D03-FollowerState] INFO  server.RaftServerConfigKeys (ConfUtils.java:logFallback(53)) - raft.server.rpc.first-election.timeout.min = 5s (fallback to raft.server.rpc.timeout.min)
2023-01-25 10:22:53,828 [de34da07-4135-4fa8-beba-e4d852545ac0@group-7C6B0AE14D03-FollowerState] INFO  server.RaftServerConfigKeys (ConfUtils.java:logFallback(53)) - raft.server.rpc.first-election.timeout.max = 5200ms (fallback to raft.server.rpc.timeout.max)
2023-01-25 10:22:53,829 [pool-117-thread-1] INFO  server.RaftServer$Division (RaftServerImpl.java:<init>(195)) - de34da07-4135-4fa8-beba-e4d852545ac0: new RaftServerImpl for group-6CE5116D121F:[de34da07-4135-4fa8-beba-e4d852545ac0|rpc:10.1.0.14:33181|dataStream:10.1.0.14:38123|priority:1|startupRole:FOLLOWER, 44d8c728-f44d-4f6f-a402-703b24b0e7ae|rpc:10.1.0.14:40767|dataStream:10.1.0.14:39589|priority:0|startupRole:FOLLOWER, 247f50ea-8ddf-4819-a598-e87ef509e8f6|rpc:10.1.0.14:33111|dataStream:10.1.0.14:34525|priority:0|startupRole:FOLLOWER] with ContainerStateMachine:uninitialized
2023-01-25 10:22:53,829 [pool-117-thread-1] INFO  server.RaftServerConfigKeys (ConfUtils.java:logGet(46)) - raft.server.rpc.timeout.min = 5s (custom)
2023-01-25 10:22:53,829 [pool-117-thread-1] INFO  server.RaftServerConfigKeys (ConfUtils.java:logGet(46)) - raft.server.rpc.timeout.max = 5200ms (custom)
2023-01-25 10:22:53,829 [pool-117-thread-1] INFO  server.RaftServerConfigKeys (ConfUtils.java:logGet(46)) - raft.server.rpc.sleep.time = 25ms (default)
2023-01-25 10:22:53,829 [pool-117-thread-1] INFO  server.RaftServerConfigKeys (ConfUtils.java:logGet(46)) - raft.server.rpc.slowness.timeout = 300s (custom)
2023-01-25 10:22:53,829 [pool-117-thread-1] INFO  server.RaftServerConfigKeys (ConfUtils.java:logGet(46)) - raft.server.leaderelection.leader.step-down.wait-time = 10s (default)
2023-01-25 10:22:53,829 [pool-117-thread-1] INFO  server.RaftServerConfigKeys (ConfUtils.java:logGet(46)) - raft.server.sleep.deviation.threshold = 300ms (default)
2023-01-25 10:22:53,830 [pool-117-thread-1] INFO  server.RaftServer$Division (ServerState.java:<init>(118)) - de34da07-4135-4fa8-beba-e4d852545ac0@group-6CE5116D121F: ConfigurationManager, init=-1: peers:[de34da07-4135-4fa8-beba-e4d852545ac0|rpc:10.1.0.14:33181|dataStream:10.1.0.14:38123|priority:1|startupRole:FOLLOWER, 44d8c728-f44d-4f6f-a402-703b24b0e7ae|rpc:10.1.0.14:40767|dataStream:10.1.0.14:39589|priority:0|startupRole:FOLLOWER, 247f50ea-8ddf-4819-a598-e87ef509e8f6|rpc:10.1.0.14:33111|dataStream:10.1.0.14:34525|priority:0|startupRole:FOLLOWER]|listeners:[], old=null, confs=<EMPTY_MAP>
2023-01-25 10:22:53,830 [pool-117-thread-1] INFO  server.RaftServerConfigKeys (ConfUtils.java:logGet(46)) - raft.server.storage.dir = [/home/runner/work/ozone/ozone/hadoop-ozone/integration-test/target/test-dir/MiniOzoneClusterImpl-1247b3fc-8c88-4cf7-b93f-ad2be507f780/datanode-2/data/ratis] (custom)
2023-01-25 10:22:53,830 [pool-117-thread-1] INFO  server.RaftServerConfigKeys (ConfUtils.java:logGet(46)) - raft.server.log.corruption.policy = EXCEPTION (default)
2023-01-25 10:22:53,830 [pool-117-thread-1] INFO  server.RaftServerConfigKeys (ConfUtils.java:logGet(46)) - raft.server.storage.free-space.min = 0MB (=0) (default)
2023-01-25 10:22:53,830 [pool-117-thread-1] INFO  server.RaftServerConfigKeys (ConfUtils.java:logGet(46)) - raft.server.notification.no-leader.timeout = 300s (custom)
2023-01-25 10:22:53,830 [pool-117-thread-1] INFO  server.RaftServerConfigKeys (ConfUtils.java:logGet(46)) - raft.server.retrycache.expirytime = 600000ms (custom)
2023-01-25 10:22:53,830 [pool-117-thread-1] INFO  server.RaftServerConfigKeys (ConfUtils.java:logGet(46)) - raft.server.retrycache.statistics.expirytime = 100μs (default)
2023-01-25 10:22:53,830 [Command processor thread] INFO  ratis.XceiverServerRatis (XceiverServerRatis.java:addGroup(806)) - Created group PipelineID=c5902ef8-c35e-4176-b4f5-7c6b0ae14d03
2023-01-25 10:22:53,835 [Command processor thread] INFO  commandhandler.CreatePipelineCommandHandler (CreatePipelineCommandHandler.java:handle(113)) - Created Pipeline RATIS ONE PipelineID=c5902ef8-c35e-4176-b4f5-7c6b0ae14d03.
2023-01-25 10:22:53,840 [pool-117-thread-1] INFO  server.RaftServerConfigKeys (ConfUtils.java:logGet(46)) - raft.server.log.appender.install.snapshot.enabled = false (custom)
2023-01-25 10:22:53,841 [pool-117-thread-1] INFO  server.RaftServerConfigKeys (ConfUtils.java:logGet(46)) - raft.server.threadpool.server.cached = true (default)
2023-01-25 10:22:53,841 [pool-117-thread-1] INFO  server.RaftServerConfigKeys (ConfUtils.java:logGet(46)) - raft.server.threadpool.server.size = 0 (default)
2023-01-25 10:22:53,841 [pool-117-thread-1] INFO  server.RaftServerConfigKeys (ConfUtils.java:logGet(46)) - raft.server.threadpool.client.cached = true (default)
2023-01-25 10:22:53,841 [pool-117-thread-1] INFO  server.RaftServerConfigKeys (ConfUtils.java:logGet(46)) - raft.server.threadpool.client.size = 0 (default)
2023-01-25 10:22:53,841 [pool-117-thread-1] INFO  storage.RaftStorageDirectory (RaftStorageDirectoryImpl.java:analyzeStorage(137)) - The storage directory /home/runner/work/ozone/ozone/hadoop-ozone/integration-test/target/test-dir/MiniOzoneClusterImpl-1247b3fc-8c88-4cf7-b93f-ad2be507f780/datanode-2/data/ratis/3ba45bac-2600-4b44-b2de-6ce5116d121f does not exist. Creating ...
2023-01-25 10:22:53,842 [pool-117-thread-1] INFO  storage.RaftStorageDirectory (RaftStorageDirectoryImpl.java:tryLock(231)) - Lock on /home/runner/work/ozone/ozone/hadoop-ozone/integration-test/target/test-dir/MiniOzoneClusterImpl-1247b3fc-8c88-4cf7-b93f-ad2be507f780/datanode-2/data/ratis/3ba45bac-2600-4b44-b2de-6ce5116d121f/in_use.lock acquired by nodename 69329@fv-az462-827
2023-01-25 10:22:53,846 [pool-117-thread-1] INFO  storage.RaftStorage (RaftStorageImpl.java:format(96)) - Storage directory /home/runner/work/ozone/ozone/hadoop-ozone/integration-test/target/test-dir/MiniOzoneClusterImpl-1247b3fc-8c88-4cf7-b93f-ad2be507f780/datanode-2/data/ratis/3ba45bac-2600-4b44-b2de-6ce5116d121f has been successfully formatted.
2023-01-25 10:22:53,846 [pool-117-thread-1] INFO  ratis.ContainerStateMachine (ContainerStateMachine.java:loadSnapshot(240)) - group-6CE5116D121F: The snapshot info is null. Setting the last applied indexto:(t:0, i:~)
2023-01-25 10:22:53,846 [pool-117-thread-1] INFO  server.RaftServerConfigKeys (ConfUtils.java:logGet(46)) - raft.server.log.use.memory = false (default)
2023-01-25 10:22:53,846 [pool-117-thread-1] INFO  server.RaftServerConfigKeys (ConfUtils.java:logGet(46)) - raft.server.log.purge.gap = 1000000 (custom)
2023-01-25 10:22:53,846 [pool-117-thread-1] INFO  server.RaftServerConfigKeys (ConfUtils.java:logGet(46)) - raft.server.log.appender.buffer.byte-limit = 33554432 (custom)
2023-01-25 10:22:53,846 [pool-117-thread-1] INFO  server.RaftServerConfigKeys (ConfUtils.java:logGet(46)) - raft.server.log.statemachine.data.read.timeout = 1000ms (default)
2023-01-25 10:22:53,846 [pool-117-thread-1] INFO  server.RaftServerConfigKeys (ConfUtils.java:logGet(46)) - raft.server.log.purge.preservation.log.num = 0 (default)
2023-01-25 10:22:53,847 [pool-117-thread-1] INFO  server.RaftServerConfigKeys (ConfUtils.java:logGet(46)) - raft.server.log.segment.size.max = 1048576 (custom)
2023-01-25 10:22:53,847 [pool-117-thread-1] INFO  server.RaftServerConfigKeys (ConfUtils.java:logGet(46)) - raft.server.log.segment.cache.num.max = 2 (custom)
2023-01-25 10:22:53,847 [pool-117-thread-1] INFO  server.RaftServerConfigKeys (ConfUtils.java:logGet(46)) - raft.server.log.segment.cache.size.max = 200MB (=209715200) (default)
2023-01-25 10:22:53,847 [pool-117-thread-1] INFO  segmented.SegmentedRaftLogWorker (SegmentedRaftLogWorker.java:<init>(189)) - new de34da07-4135-4fa8-beba-e4d852545ac0@group-6CE5116D121F-SegmentedRaftLogWorker for RaftStorageImpl:Storage Directory /home/runner/work/ozone/ozone/hadoop-ozone/integration-test/target/test-dir/MiniOzoneClusterImpl-1247b3fc-8c88-4cf7-b93f-ad2be507f780/datanode-2/data/ratis/3ba45bac-2600-4b44-b2de-6ce5116d121f
2023-01-25 10:22:53,847 [pool-117-thread-1] INFO  server.RaftServerConfigKeys (ConfUtils.java:logGet(46)) - raft.server.log.queue.byte-limit = 4294967296 (custom)
2023-01-25 10:22:53,847 [pool-117-thread-1] INFO  server.RaftServerConfigKeys (ConfUtils.java:logGet(46)) - raft.server.log.queue.element-limit = 1024 (custom)
2023-01-25 10:22:53,847 [pool-117-thread-1] INFO  server.RaftServerConfigKeys (ConfUtils.java:logGet(46)) - raft.server.log.segment.size.max = 1048576 (custom)
2023-01-25 10:22:53,847 [pool-117-thread-1] INFO  server.RaftServerConfigKeys (ConfUtils.java:logGet(46)) - raft.server.log.preallocated.size = 16384 (custom)
2023-01-25 10:22:53,847 [pool-117-thread-1] INFO  server.RaftServerConfigKeys (ConfUtils.java:logGet(46)) - raft.server.log.force.sync.num = 128 (default)
2023-01-25 10:22:53,847 [pool-117-thread-1] INFO  server.RaftServerConfigKeys (ConfUtils.java:logGet(46)) - raft.server.log.statemachine.data.sync = true (default)
2023-01-25 10:22:53,847 [pool-117-thread-1] INFO  server.RaftServerConfigKeys (ConfUtils.java:logGet(46)) - raft.server.log.statemachine.data.sync.timeout = 10s (default)
2023-01-25 10:22:53,847 [pool-117-thread-1] INFO  server.RaftServerConfigKeys (ConfUtils.java:logGet(46)) - raft.server.log.statemachine.data.sync.timeout.retry = -1 (default)
2023-01-25 10:22:53,849 [pool-117-thread-1] INFO  server.RaftServerConfigKeys (ConfUtils.java:logGet(46)) - raft.server.log.write.buffer.size = 1048576 (custom)
2023-01-25 10:22:53,850 [pool-117-thread-1] INFO  server.RaftServerConfigKeys (ConfUtils.java:logGet(46)) - raft.server.log.appender.buffer.byte-limit = 33554432 (custom)
2023-01-25 10:22:53,855 [pool-117-thread-1] INFO  server.RaftServerConfigKeys (ConfUtils.java:logGet(46)) - raft.server.log.unsafe-flush.enabled = false (default)
2023-01-25 10:22:53,856 [Command processor thread] INFO  commandhandler.CreatePipelineCommandHandler (CreatePipelineCommandHandler.java:handle(113)) - Created Pipeline RATIS THREE PipelineID=6a941a41-8cd8-4129-b93f-2ee647c74649.
2023-01-25 10:22:53,857 [pool-117-thread-1] INFO  server.RaftServerConfigKeys (ConfUtils.java:logGet(46)) - raft.server.log.async-flush.enabled = false (default)
2023-01-25 10:22:53,857 [pool-117-thread-1] INFO  server.RaftServerConfigKeys (ConfUtils.java:logGet(46)) - raft.server.log.statemachine.data.caching.enabled = true (custom)
2023-01-25 10:22:53,856 [EventQueue-OpenPipelineForHealthyPipelineSafeModeRule] INFO  safemode.SCMSafeModeManager (HealthyPipelineSafeModeRule.java:process(137)) - SCM in safe mode. Healthy pipelines reported count is 0, required healthy pipeline reported count is 1
2023-01-25 10:22:53,857 [pool-117-thread-1] INFO  segmented.SegmentedRaftLogWorker (SegmentedRaftLogWorker.java:lambda$new$0(135)) - de34da07-4135-4fa8-beba-e4d852545ac0@group-6CE5116D121F-SegmentedRaftLogWorker: flushIndex: setUnconditionally 0 -> -1
2023-01-25 10:22:53,857 [pool-117-thread-1] INFO  segmented.SegmentedRaftLogWorker (SegmentedRaftLogWorker.java:lambda$new$0(135)) - de34da07-4135-4fa8-beba-e4d852545ac0@group-6CE5116D121F-SegmentedRaftLogWorker: safeCacheEvictIndex: setUnconditionally 0 -> -1
2023-01-25 10:22:53,858 [pool-71-thread-1] INFO  server.RaftServer$Division (RaftServerImpl.java:<init>(195)) - 247f50ea-8ddf-4819-a598-e87ef509e8f6: new RaftServerImpl for group-6CE5116D121F:[de34da07-4135-4fa8-beba-e4d852545ac0|rpc:10.1.0.14:33181|dataStream:10.1.0.14:38123|priority:1|startupRole:FOLLOWER, 44d8c728-f44d-4f6f-a402-703b24b0e7ae|rpc:10.1.0.14:40767|dataStream:10.1.0.14:39589|priority:0|startupRole:FOLLOWER, 247f50ea-8ddf-4819-a598-e87ef509e8f6|rpc:10.1.0.14:33111|dataStream:10.1.0.14:34525|priority:0|startupRole:FOLLOWER] with ContainerStateMachine:uninitialized
2023-01-25 10:22:53,858 [pool-71-thread-1] INFO  server.RaftServerConfigKeys (ConfUtils.java:logGet(46)) - raft.server.rpc.timeout.min = 5s (custom)
2023-01-25 10:22:53,858 [pool-71-thread-1] INFO  server.RaftServerConfigKeys (ConfUtils.java:logGet(46)) - raft.server.rpc.timeout.max = 5200ms (custom)
2023-01-25 10:22:53,858 [pool-71-thread-1] INFO  server.RaftServerConfigKeys (ConfUtils.java:logGet(46)) - raft.server.rpc.sleep.time = 25ms (default)
2023-01-25 10:22:53,858 [pool-71-thread-1] INFO  server.RaftServerConfigKeys (ConfUtils.java:logGet(46)) - raft.server.rpc.slowness.timeout = 300s (custom)
2023-01-25 10:22:53,858 [pool-71-thread-1] INFO  server.RaftServerConfigKeys (ConfUtils.java:logGet(46)) - raft.server.leaderelection.leader.step-down.wait-time = 10s (default)
2023-01-25 10:22:53,858 [pool-71-thread-1] INFO  server.RaftServerConfigKeys (ConfUtils.java:logGet(46)) - raft.server.sleep.deviation.threshold = 300ms (default)
2023-01-25 10:22:53,859 [pool-71-thread-1] INFO  server.RaftServer$Division (ServerState.java:<init>(118)) - 247f50ea-8ddf-4819-a598-e87ef509e8f6@group-6CE5116D121F: ConfigurationManager, init=-1: peers:[de34da07-4135-4fa8-beba-e4d852545ac0|rpc:10.1.0.14:33181|dataStream:10.1.0.14:38123|priority:1|startupRole:FOLLOWER, 44d8c728-f44d-4f6f-a402-703b24b0e7ae|rpc:10.1.0.14:40767|dataStream:10.1.0.14:39589|priority:0|startupRole:FOLLOWER, 247f50ea-8ddf-4819-a598-e87ef509e8f6|rpc:10.1.0.14:33111|dataStream:10.1.0.14:34525|priority:0|startupRole:FOLLOWER]|listeners:[], old=null, confs=<EMPTY_MAP>
2023-01-25 10:22:53,859 [pool-71-thread-1] INFO  server.RaftServerConfigKeys (ConfUtils.java:logGet(46)) - raft.server.storage.dir = [/home/runner/work/ozone/ozone/hadoop-ozone/integration-test/target/test-dir/MiniOzoneClusterImpl-1247b3fc-8c88-4cf7-b93f-ad2be507f780/datanode-0/data/ratis] (custom)
2023-01-25 10:22:53,859 [pool-71-thread-1] INFO  server.RaftServerConfigKeys (ConfUtils.java:logGet(46)) - raft.server.log.corruption.policy = EXCEPTION (default)
2023-01-25 10:22:53,859 [pool-71-thread-1] INFO  server.RaftServerConfigKeys (ConfUtils.java:logGet(46)) - raft.server.storage.free-space.min = 0MB (=0) (default)
2023-01-25 10:22:53,859 [pool-71-thread-1] INFO  server.RaftServerConfigKeys (ConfUtils.java:logGet(46)) - raft.server.notification.no-leader.timeout = 300s (custom)
2023-01-25 10:22:53,859 [pool-71-thread-1] INFO  server.RaftServerConfigKeys (ConfUtils.java:logGet(46)) - raft.server.retrycache.expirytime = 600000ms (custom)
2023-01-25 10:22:53,859 [pool-71-thread-1] INFO  server.RaftServerConfigKeys (ConfUtils.java:logGet(46)) - raft.server.retrycache.statistics.expirytime = 100μs (default)
2023-01-25 10:22:53,860 [pool-71-thread-1] INFO  server.RaftServerConfigKeys (ConfUtils.java:logGet(46)) - raft.server.log.appender.install.snapshot.enabled = false (custom)
2023-01-25 10:22:53,860 [pool-71-thread-1] INFO  server.RaftServerConfigKeys (ConfUtils.java:logGet(46)) - raft.server.threadpool.server.cached = true (default)
2023-01-25 10:22:53,860 [pool-71-thread-1] INFO  server.RaftServerConfigKeys (ConfUtils.java:logGet(46)) - raft.server.threadpool.server.size = 0 (default)
2023-01-25 10:22:53,860 [pool-71-thread-1] INFO  server.RaftServerConfigKeys (ConfUtils.java:logGet(46)) - raft.server.threadpool.client.cached = true (default)
2023-01-25 10:22:53,860 [pool-71-thread-1] INFO  server.RaftServerConfigKeys (ConfUtils.java:logGet(46)) - raft.server.threadpool.client.size = 0 (default)
2023-01-25 10:22:53,860 [Command processor thread] INFO  server.RaftServer (RaftServerProxy.java:addNew(96)) - 247f50ea-8ddf-4819-a598-e87ef509e8f6: addNew group-6CE5116D121F:[de34da07-4135-4fa8-beba-e4d852545ac0|rpc:10.1.0.14:33181|dataStream:10.1.0.14:38123|priority:1|startupRole:FOLLOWER, 44d8c728-f44d-4f6f-a402-703b24b0e7ae|rpc:10.1.0.14:40767|dataStream:10.1.0.14:39589|priority:0|startupRole:FOLLOWER, 247f50ea-8ddf-4819-a598-e87ef509e8f6|rpc:10.1.0.14:33111|dataStream:10.1.0.14:34525|priority:0|startupRole:FOLLOWER] returns      null 247f50ea-8ddf-4819-a598-e87ef509e8f6@group-6CE5116D121F:t0, leader=null, voted=null, raftlog=UNINITIALIZED, conf=-1: peers:[de34da07-4135-4fa8-beba-e4d852545ac0|rpc:10.1.0.14:33181|dataStream:10.1.0.14:38123|priority:1|startupRole:FOLLOWER, 44d8c728-f44d-4f6f-a402-703b24b0e7ae|rpc:10.1.0.14:40767|dataStream:10.1.0.14:39589|priority:0|startupRole:FOLLOWER, 247f50ea-8ddf-4819-a598-e87ef509e8f6|rpc:10.1.0.14:33111|dataStream:10.1.0.14:34525|priority:0|startupRole:FOLLOWER]|listeners:[], old=null NEW
2023-01-25 10:22:53,864 [pool-71-thread-1] INFO  storage.RaftStorageDirectory (RaftStorageDirectoryImpl.java:analyzeStorage(137)) - The storage directory /home/runner/work/ozone/ozone/hadoop-ozone/integration-test/target/test-dir/MiniOzoneClusterImpl-1247b3fc-8c88-4cf7-b93f-ad2be507f780/datanode-0/data/ratis/3ba45bac-2600-4b44-b2de-6ce5116d121f does not exist. Creating ...
2023-01-25 10:22:53,865 [pool-117-thread-1] INFO  server.RaftServer$Division (RaftServerImpl.java:start(334)) - de34da07-4135-4fa8-beba-e4d852545ac0@group-6CE5116D121F: start as a follower, conf=-1: peers:[de34da07-4135-4fa8-beba-e4d852545ac0|rpc:10.1.0.14:33181|dataStream:10.1.0.14:38123|priority:1|startupRole:FOLLOWER, 44d8c728-f44d-4f6f-a402-703b24b0e7ae|rpc:10.1.0.14:40767|dataStream:10.1.0.14:39589|priority:0|startupRole:FOLLOWER, 247f50ea-8ddf-4819-a598-e87ef509e8f6|rpc:10.1.0.14:33111|dataStream:10.1.0.14:34525|priority:0|startupRole:FOLLOWER]|listeners:[], old=null
2023-01-25 10:22:53,865 [pool-117-thread-1] INFO  server.RaftServer$Division (RaftServerImpl.java:setRole(321)) - de34da07-4135-4fa8-beba-e4d852545ac0@group-6CE5116D121F: changes role from      null to FOLLOWER at term 0 for startAsFollower
2023-01-25 10:22:53,865 [pool-71-thread-1] INFO  storage.RaftStorageDirectory (RaftStorageDirectoryImpl.java:tryLock(231)) - Lock on /home/runner/work/ozone/ozone/hadoop-ozone/integration-test/target/test-dir/MiniOzoneClusterImpl-1247b3fc-8c88-4cf7-b93f-ad2be507f780/datanode-0/data/ratis/3ba45bac-2600-4b44-b2de-6ce5116d121f/in_use.lock acquired by nodename 69329@fv-az462-827
2023-01-25 10:22:53,865 [pool-117-thread-1] INFO  impl.RoleInfo (RoleInfo.java:updateAndGet(139)) - de34da07-4135-4fa8-beba-e4d852545ac0: start de34da07-4135-4fa8-beba-e4d852545ac0@group-6CE5116D121F-FollowerState
2023-01-25 10:22:53,867 [pool-71-thread-1] INFO  storage.RaftStorage (RaftStorageImpl.java:format(96)) - Storage directory /home/runner/work/ozone/ozone/hadoop-ozone/integration-test/target/test-dir/MiniOzoneClusterImpl-1247b3fc-8c88-4cf7-b93f-ad2be507f780/datanode-0/data/ratis/3ba45bac-2600-4b44-b2de-6ce5116d121f has been successfully formatted.
2023-01-25 10:22:53,873 [pool-117-thread-1] INFO  util.JmxRegister (JmxRegister.java:tryRegister(44)) - Successfully registered JMX Bean with object name Ratis:service=RaftServer,group=group-6CE5116D121F,id=de34da07-4135-4fa8-beba-e4d852545ac0
2023-01-25 10:22:53,873 [pool-117-thread-1] INFO  server.RaftServerConfigKeys (ConfUtils.java:logGet(46)) - raft.server.snapshot.auto.trigger.enabled = true (custom)
2023-01-25 10:22:53,873 [pool-117-thread-1] INFO  server.RaftServerConfigKeys (ConfUtils.java:logGet(46)) - raft.server.snapshot.auto.trigger.threshold = 10000 (custom)
2023-01-25 10:22:53,873 [pool-117-thread-1] INFO  server.RaftServerConfigKeys (ConfUtils.java:logGet(46)) - raft.server.snapshot.retention.file.num = 5 (custom)
2023-01-25 10:22:53,873 [pool-117-thread-1] INFO  server.RaftServerConfigKeys (ConfUtils.java:logGet(46)) - raft.server.log.purge.upto.snapshot.index = false (default)
2023-01-25 10:22:53,875 [de34da07-4135-4fa8-beba-e4d852545ac0@group-6CE5116D121F-FollowerState] INFO  server.RaftServerConfigKeys (ConfUtils.java:logFallback(53)) - raft.server.rpc.first-election.timeout.min = 5s (fallback to raft.server.rpc.timeout.min)
2023-01-25 10:22:53,875 [de34da07-4135-4fa8-beba-e4d852545ac0@group-6CE5116D121F-FollowerState] INFO  server.RaftServerConfigKeys (ConfUtils.java:logFallback(53)) - raft.server.rpc.first-election.timeout.max = 5200ms (fallback to raft.server.rpc.timeout.max)
2023-01-25 10:22:53,876 [pool-71-thread-1] INFO  ratis.ContainerStateMachine (ContainerStateMachine.java:loadSnapshot(240)) - group-6CE5116D121F: The snapshot info is null. Setting the last applied indexto:(t:0, i:~)
2023-01-25 10:22:53,876 [pool-71-thread-1] INFO  server.RaftServerConfigKeys (ConfUtils.java:logGet(46)) - raft.server.log.use.memory = false (default)
2023-01-25 10:22:53,876 [pool-71-thread-1] INFO  server.RaftServerConfigKeys (ConfUtils.java:logGet(46)) - raft.server.log.purge.gap = 1000000 (custom)
2023-01-25 10:22:53,876 [pool-71-thread-1] INFO  server.RaftServerConfigKeys (ConfUtils.java:logGet(46)) - raft.server.log.appender.buffer.byte-limit = 33554432 (custom)
2023-01-25 10:22:53,876 [pool-71-thread-1] INFO  server.RaftServerConfigKeys (ConfUtils.java:logGet(46)) - raft.server.log.statemachine.data.read.timeout = 1000ms (default)
2023-01-25 10:22:53,876 [pool-71-thread-1] INFO  server.RaftServerConfigKeys (ConfUtils.java:logGet(46)) - raft.server.log.purge.preservation.log.num = 0 (default)
2023-01-25 10:22:53,876 [pool-71-thread-1] INFO  server.RaftServerConfigKeys (ConfUtils.java:logGet(46)) - raft.server.log.segment.size.max = 1048576 (custom)
2023-01-25 10:22:53,876 [pool-71-thread-1] INFO  server.RaftServerConfigKeys (ConfUtils.java:logGet(46)) - raft.server.log.segment.cache.num.max = 2 (custom)
2023-01-25 10:22:53,876 [pool-71-thread-1] INFO  server.RaftServerConfigKeys (ConfUtils.java:logGet(46)) - raft.server.log.segment.cache.size.max = 200MB (=209715200) (default)
2023-01-25 10:22:53,877 [pool-71-thread-1] INFO  segmented.SegmentedRaftLogWorker (SegmentedRaftLogWorker.java:<init>(189)) - new 247f50ea-8ddf-4819-a598-e87ef509e8f6@group-6CE5116D121F-SegmentedRaftLogWorker for RaftStorageImpl:Storage Directory /home/runner/work/ozone/ozone/hadoop-ozone/integration-test/target/test-dir/MiniOzoneClusterImpl-1247b3fc-8c88-4cf7-b93f-ad2be507f780/datanode-0/data/ratis/3ba45bac-2600-4b44-b2de-6ce5116d121f
2023-01-25 10:22:53,877 [pool-71-thread-1] INFO  server.RaftServerConfigKeys (ConfUtils.java:logGet(46)) - raft.server.log.queue.byte-limit = 4294967296 (custom)
2023-01-25 10:22:53,877 [pool-71-thread-1] INFO  server.RaftServerConfigKeys (ConfUtils.java:logGet(46)) - raft.server.log.queue.element-limit = 1024 (custom)
2023-01-25 10:22:53,877 [pool-71-thread-1] INFO  server.RaftServerConfigKeys (ConfUtils.java:logGet(46)) - raft.server.log.segment.size.max = 1048576 (custom)
2023-01-25 10:22:53,877 [pool-71-thread-1] INFO  server.RaftServerConfigKeys (ConfUtils.java:logGet(46)) - raft.server.log.preallocated.size = 16384 (custom)
2023-01-25 10:22:53,877 [pool-71-thread-1] INFO  server.RaftServerConfigKeys (ConfUtils.java:logGet(46)) - raft.server.log.force.sync.num = 128 (default)
2023-01-25 10:22:53,877 [pool-71-thread-1] INFO  server.RaftServerConfigKeys (ConfUtils.java:logGet(46)) - raft.server.log.statemachine.data.sync = true (default)
2023-01-25 10:22:53,877 [pool-71-thread-1] INFO  server.RaftServerConfigKeys (ConfUtils.java:logGet(46)) - raft.server.log.statemachine.data.sync.timeout = 10s (default)
2023-01-25 10:22:53,877 [pool-71-thread-1] INFO  server.RaftServerConfigKeys (ConfUtils.java:logGet(46)) - raft.server.log.statemachine.data.sync.timeout.retry = -1 (default)
2023-01-25 10:22:53,878 [pool-71-thread-1] INFO  server.RaftServerConfigKeys (ConfUtils.java:logGet(46)) - raft.server.log.write.buffer.size = 1048576 (custom)
2023-01-25 10:22:53,878 [pool-71-thread-1] INFO  server.RaftServerConfigKeys (ConfUtils.java:logGet(46)) - raft.server.log.appender.buffer.byte-limit = 33554432 (custom)
2023-01-25 10:22:53,892 [pool-71-thread-1] INFO  server.RaftServerConfigKeys (ConfUtils.java:logGet(46)) - raft.server.log.unsafe-flush.enabled = false (default)
2023-01-25 10:22:53,892 [pool-71-thread-1] INFO  server.RaftServerConfigKeys (ConfUtils.java:logGet(46)) - raft.server.log.async-flush.enabled = false (default)
2023-01-25 10:22:53,892 [pool-71-thread-1] INFO  server.RaftServerConfigKeys (ConfUtils.java:logGet(46)) - raft.server.log.statemachine.data.caching.enabled = true (custom)
2023-01-25 10:22:53,892 [pool-71-thread-1] INFO  segmented.SegmentedRaftLogWorker (SegmentedRaftLogWorker.java:lambda$new$0(135)) - 247f50ea-8ddf-4819-a598-e87ef509e8f6@group-6CE5116D121F-SegmentedRaftLogWorker: flushIndex: setUnconditionally 0 -> -1
2023-01-25 10:22:53,892 [pool-71-thread-1] INFO  segmented.SegmentedRaftLogWorker (SegmentedRaftLogWorker.java:lambda$new$0(135)) - 247f50ea-8ddf-4819-a598-e87ef509e8f6@group-6CE5116D121F-SegmentedRaftLogWorker: safeCacheEvictIndex: setUnconditionally 0 -> -1
2023-01-25 10:22:53,892 [pool-71-thread-1] INFO  server.RaftServer$Division (RaftServerImpl.java:start(334)) - 247f50ea-8ddf-4819-a598-e87ef509e8f6@group-6CE5116D121F: start as a follower, conf=-1: peers:[de34da07-4135-4fa8-beba-e4d852545ac0|rpc:10.1.0.14:33181|dataStream:10.1.0.14:38123|priority:1|startupRole:FOLLOWER, 44d8c728-f44d-4f6f-a402-703b24b0e7ae|rpc:10.1.0.14:40767|dataStream:10.1.0.14:39589|priority:0|startupRole:FOLLOWER, 247f50ea-8ddf-4819-a598-e87ef509e8f6|rpc:10.1.0.14:33111|dataStream:10.1.0.14:34525|priority:0|startupRole:FOLLOWER]|listeners:[], old=null
2023-01-25 10:22:53,892 [pool-71-thread-1] INFO  server.RaftServer$Division (RaftServerImpl.java:setRole(321)) - 247f50ea-8ddf-4819-a598-e87ef509e8f6@group-6CE5116D121F: changes role from      null to FOLLOWER at term 0 for startAsFollower
2023-01-25 10:22:53,892 [pool-71-thread-1] INFO  impl.RoleInfo (RoleInfo.java:updateAndGet(139)) - 247f50ea-8ddf-4819-a598-e87ef509e8f6: start 247f50ea-8ddf-4819-a598-e87ef509e8f6@group-6CE5116D121F-FollowerState
2023-01-25 10:22:53,894 [pool-71-thread-1] INFO  util.JmxRegister (JmxRegister.java:tryRegister(44)) - Successfully registered JMX Bean with object name Ratis:service=RaftServer,group=group-6CE5116D121F,id=247f50ea-8ddf-4819-a598-e87ef509e8f6
2023-01-25 10:22:53,894 [pool-71-thread-1] INFO  server.RaftServerConfigKeys (ConfUtils.java:logGet(46)) - raft.server.snapshot.auto.trigger.enabled = true (custom)
2023-01-25 10:22:53,895 [pool-71-thread-1] INFO  server.RaftServerConfigKeys (ConfUtils.java:logGet(46)) - raft.server.snapshot.auto.trigger.threshold = 10000 (custom)
2023-01-25 10:22:53,895 [pool-71-thread-1] INFO  server.RaftServerConfigKeys (ConfUtils.java:logGet(46)) - raft.server.snapshot.retention.file.num = 5 (custom)
2023-01-25 10:22:53,895 [pool-71-thread-1] INFO  server.RaftServerConfigKeys (ConfUtils.java:logGet(46)) - raft.server.log.purge.upto.snapshot.index = false (default)
2023-01-25 10:22:53,895 [247f50ea-8ddf-4819-a598-e87ef509e8f6@group-6CE5116D121F-FollowerState] INFO  server.RaftServerConfigKeys (ConfUtils.java:logFallback(53)) - raft.server.rpc.first-election.timeout.min = 5s (fallback to raft.server.rpc.timeout.min)
2023-01-25 10:22:53,898 [EventQueue-OpenPipelineForHealthyPipelineSafeModeRule] INFO  safemode.SCMSafeModeManager (HealthyPipelineSafeModeRule.java:process(137)) - SCM in safe mode. Healthy pipelines reported count is 0, required healthy pipeline reported count is 1
2023-01-25 10:22:53,901 [247f50ea-8ddf-4819-a598-e87ef509e8f6@group-6CE5116D121F-FollowerState] INFO  server.RaftServerConfigKeys (ConfUtils.java:logFallback(53)) - raft.server.rpc.first-election.timeout.max = 5200ms (fallback to raft.server.rpc.timeout.max)
2023-01-25 10:22:53,896 [Command processor thread] INFO  ratis.XceiverServerRatis (XceiverServerRatis.java:addGroup(806)) - Created group PipelineID=3ba45bac-2600-4b44-b2de-6ce5116d121f
2023-01-25 10:22:53,943 [Command processor thread] INFO  commandhandler.CreatePipelineCommandHandler (CreatePipelineCommandHandler.java:handle(113)) - Created Pipeline RATIS THREE PipelineID=3ba45bac-2600-4b44-b2de-6ce5116d121f.
2023-01-25 10:22:53,960 [Command processor thread] INFO  commandhandler.CreatePipelineCommandHandler (CreatePipelineCommandHandler.java:handle(113)) - Created Pipeline RATIS THREE PipelineID=3ba45bac-2600-4b44-b2de-6ce5116d121f.
2023-01-25 10:22:54,106 [Command processor thread] INFO  server.RaftServer (RaftServerProxy.java:addNew(96)) - d93446b7-35bc-4b37-88f9-4794ab5c6ae8: addNew group-C1E5A8144160:[d93446b7-35bc-4b37-88f9-4794ab5c6ae8|rpc:10.1.0.14:39081|dataStream:10.1.0.14:34805|priority:1|startupRole:FOLLOWER] returns group-C1E5A8144160:java.util.concurrent.CompletableFuture@2ddd5d1a[Not completed]
2023-01-25 10:22:54,113 [pool-140-thread-1] INFO  server.RaftServer$Division (RaftServerImpl.java:<init>(195)) - d93446b7-35bc-4b37-88f9-4794ab5c6ae8: new RaftServerImpl for group-C1E5A8144160:[d93446b7-35bc-4b37-88f9-4794ab5c6ae8|rpc:10.1.0.14:39081|dataStream:10.1.0.14:34805|priority:1|startupRole:FOLLOWER] with ContainerStateMachine:uninitialized
2023-01-25 10:22:54,113 [pool-140-thread-1] INFO  server.RaftServerConfigKeys (ConfUtils.java:logGet(46)) - raft.server.rpc.timeout.min = 5s (custom)
2023-01-25 10:22:54,113 [pool-140-thread-1] INFO  server.RaftServerConfigKeys (ConfUtils.java:logGet(46)) - raft.server.rpc.timeout.max = 5200ms (custom)
2023-01-25 10:22:54,113 [pool-140-thread-1] INFO  server.RaftServerConfigKeys (ConfUtils.java:logGet(46)) - raft.server.rpc.sleep.time = 25ms (default)
2023-01-25 10:22:54,113 [pool-140-thread-1] INFO  server.RaftServerConfigKeys (ConfUtils.java:logGet(46)) - raft.server.rpc.slowness.timeout = 300s (custom)
2023-01-25 10:22:54,113 [pool-140-thread-1] INFO  server.RaftServerConfigKeys (ConfUtils.java:logGet(46)) - raft.server.leaderelection.leader.step-down.wait-time = 10s (default)
2023-01-25 10:22:54,113 [pool-140-thread-1] INFO  server.RaftServerConfigKeys (ConfUtils.java:logGet(46)) - raft.server.sleep.deviation.threshold = 300ms (default)
2023-01-25 10:22:54,113 [pool-140-thread-1] INFO  server.RaftServer$Division (ServerState.java:<init>(118)) - d93446b7-35bc-4b37-88f9-4794ab5c6ae8@group-C1E5A8144160: ConfigurationManager, init=-1: peers:[d93446b7-35bc-4b37-88f9-4794ab5c6ae8|rpc:10.1.0.14:39081|dataStream:10.1.0.14:34805|priority:1|startupRole:FOLLOWER]|listeners:[], old=null, confs=<EMPTY_MAP>
2023-01-25 10:22:54,113 [pool-140-thread-1] INFO  server.RaftServerConfigKeys (ConfUtils.java:logGet(46)) - raft.server.storage.dir = [/home/runner/work/ozone/ozone/hadoop-ozone/integration-test/target/test-dir/MiniOzoneClusterImpl-1247b3fc-8c88-4cf7-b93f-ad2be507f780/datanode-3/data/ratis] (custom)
2023-01-25 10:22:54,113 [pool-140-thread-1] INFO  server.RaftServerConfigKeys (ConfUtils.java:logGet(46)) - raft.server.log.corruption.policy = EXCEPTION (default)
2023-01-25 10:22:54,114 [pool-140-thread-1] INFO  server.RaftServerConfigKeys (ConfUtils.java:logGet(46)) - raft.server.storage.free-space.min = 0MB (=0) (default)
2023-01-25 10:22:54,114 [pool-140-thread-1] INFO  server.RaftServerConfigKeys (ConfUtils.java:logGet(46)) - raft.server.notification.no-leader.timeout = 300s (custom)
2023-01-25 10:22:54,114 [pool-140-thread-1] INFO  server.RaftServerConfigKeys (ConfUtils.java:logGet(46)) - raft.server.retrycache.expirytime = 600000ms (custom)
2023-01-25 10:22:54,114 [pool-140-thread-1] INFO  server.RaftServerConfigKeys (ConfUtils.java:logGet(46)) - raft.server.retrycache.statistics.expirytime = 100μs (default)
2023-01-25 10:22:54,120 [pool-140-thread-1] INFO  server.RaftServerConfigKeys (ConfUtils.java:logGet(46)) - raft.server.log.appender.install.snapshot.enabled = false (custom)
2023-01-25 10:22:54,121 [pool-140-thread-1] INFO  server.RaftServerConfigKeys (ConfUtils.java:logGet(46)) - raft.server.threadpool.server.cached = true (default)
2023-01-25 10:22:54,121 [pool-140-thread-1] INFO  server.RaftServerConfigKeys (ConfUtils.java:logGet(46)) - raft.server.threadpool.server.size = 0 (default)
2023-01-25 10:22:54,121 [pool-140-thread-1] INFO  server.RaftServerConfigKeys (ConfUtils.java:logGet(46)) - raft.server.threadpool.client.cached = true (default)
2023-01-25 10:22:54,121 [pool-140-thread-1] INFO  server.RaftServerConfigKeys (ConfUtils.java:logGet(46)) - raft.server.threadpool.client.size = 0 (default)
2023-01-25 10:22:54,121 [pool-140-thread-1] INFO  storage.RaftStorageDirectory (RaftStorageDirectoryImpl.java:analyzeStorage(137)) - The storage directory /home/runner/work/ozone/ozone/hadoop-ozone/integration-test/target/test-dir/MiniOzoneClusterImpl-1247b3fc-8c88-4cf7-b93f-ad2be507f780/datanode-3/data/ratis/454e8822-bd6b-4890-9ecf-c1e5a8144160 does not exist. Creating ...
2023-01-25 10:22:54,123 [pool-140-thread-1] INFO  storage.RaftStorageDirectory (RaftStorageDirectoryImpl.java:tryLock(231)) - Lock on /home/runner/work/ozone/ozone/hadoop-ozone/integration-test/target/test-dir/MiniOzoneClusterImpl-1247b3fc-8c88-4cf7-b93f-ad2be507f780/datanode-3/data/ratis/454e8822-bd6b-4890-9ecf-c1e5a8144160/in_use.lock acquired by nodename 69329@fv-az462-827
2023-01-25 10:22:54,125 [pool-140-thread-1] INFO  storage.RaftStorage (RaftStorageImpl.java:format(96)) - Storage directory /home/runner/work/ozone/ozone/hadoop-ozone/integration-test/target/test-dir/MiniOzoneClusterImpl-1247b3fc-8c88-4cf7-b93f-ad2be507f780/datanode-3/data/ratis/454e8822-bd6b-4890-9ecf-c1e5a8144160 has been successfully formatted.
2023-01-25 10:22:54,126 [pool-140-thread-1] INFO  ratis.ContainerStateMachine (ContainerStateMachine.java:loadSnapshot(240)) - group-C1E5A8144160: The snapshot info is null. Setting the last applied indexto:(t:0, i:~)
2023-01-25 10:22:54,126 [pool-140-thread-1] INFO  server.RaftServerConfigKeys (ConfUtils.java:logGet(46)) - raft.server.log.use.memory = false (default)
2023-01-25 10:22:54,126 [pool-140-thread-1] INFO  server.RaftServerConfigKeys (ConfUtils.java:logGet(46)) - raft.server.log.purge.gap = 1000000 (custom)
2023-01-25 10:22:54,126 [pool-140-thread-1] INFO  server.RaftServerConfigKeys (ConfUtils.java:logGet(46)) - raft.server.log.appender.buffer.byte-limit = 33554432 (custom)
2023-01-25 10:22:54,127 [pool-140-thread-1] INFO  server.RaftServerConfigKeys (ConfUtils.java:logGet(46)) - raft.server.log.statemachine.data.read.timeout = 1000ms (default)
2023-01-25 10:22:54,127 [pool-140-thread-1] INFO  server.RaftServerConfigKeys (ConfUtils.java:logGet(46)) - raft.server.log.purge.preservation.log.num = 0 (default)
2023-01-25 10:22:54,127 [pool-140-thread-1] INFO  server.RaftServerConfigKeys (ConfUtils.java:logGet(46)) - raft.server.log.segment.size.max = 1048576 (custom)
2023-01-25 10:22:54,128 [EventQueue-PipelineReportForPipelineReportHandler] INFO  pipeline.PipelineManagerImpl (PipelineManagerImpl.java:openPipeline(367)) - Pipeline Pipeline[ Id: 454e8822-bd6b-4890-9ecf-c1e5a8144160, Nodes: d93446b7-35bc-4b37-88f9-4794ab5c6ae8(fv-az462-827.5dk1zbeb1hiuljg1e1zidnqquc.phxx.internal.cloudapp.net/10.1.0.14), ReplicationConfig: RATIS/ONE, State:ALLOCATED, leaderId:d93446b7-35bc-4b37-88f9-4794ab5c6ae8, CreationTimestamp2023-01-25T10:22:51.110Z[Etc/UTC]] moved to OPEN state
2023-01-25 10:22:54,128 [pool-140-thread-1] INFO  server.RaftServerConfigKeys (ConfUtils.java:logGet(46)) - raft.server.log.segment.cache.num.max = 2 (custom)
2023-01-25 10:22:54,128 [pool-140-thread-1] INFO  server.RaftServerConfigKeys (ConfUtils.java:logGet(46)) - raft.server.log.segment.cache.size.max = 200MB (=209715200) (default)
2023-01-25 10:22:54,128 [pool-140-thread-1] INFO  segmented.SegmentedRaftLogWorker (SegmentedRaftLogWorker.java:<init>(189)) - new d93446b7-35bc-4b37-88f9-4794ab5c6ae8@group-C1E5A8144160-SegmentedRaftLogWorker for RaftStorageImpl:Storage Directory /home/runner/work/ozone/ozone/hadoop-ozone/integration-test/target/test-dir/MiniOzoneClusterImpl-1247b3fc-8c88-4cf7-b93f-ad2be507f780/datanode-3/data/ratis/454e8822-bd6b-4890-9ecf-c1e5a8144160
2023-01-25 10:22:54,128 [pool-140-thread-1] INFO  server.RaftServerConfigKeys (ConfUtils.java:logGet(46)) - raft.server.log.queue.byte-limit = 4294967296 (custom)
2023-01-25 10:22:54,128 [EventQueue-OpenPipelineForHealthyPipelineSafeModeRule] INFO  safemode.SCMSafeModeManager (HealthyPipelineSafeModeRule.java:process(137)) - SCM in safe mode. Healthy pipelines reported count is 0, required healthy pipeline reported count is 1
2023-01-25 10:22:54,128 [pool-140-thread-1] INFO  server.RaftServerConfigKeys (ConfUtils.java:logGet(46)) - raft.server.log.queue.element-limit = 1024 (custom)
2023-01-25 10:22:54,128 [pool-140-thread-1] INFO  server.RaftServerConfigKeys (ConfUtils.java:logGet(46)) - raft.server.log.segment.size.max = 1048576 (custom)
2023-01-25 10:22:54,128 [pool-140-thread-1] INFO  server.RaftServerConfigKeys (ConfUtils.java:logGet(46)) - raft.server.log.preallocated.size = 16384 (custom)
2023-01-25 10:22:54,128 [pool-140-thread-1] INFO  server.RaftServerConfigKeys (ConfUtils.java:logGet(46)) - raft.server.log.force.sync.num = 128 (default)
2023-01-25 10:22:54,128 [pool-140-thread-1] INFO  server.RaftServerConfigKeys (ConfUtils.java:logGet(46)) - raft.server.log.statemachine.data.sync = true (default)
2023-01-25 10:22:54,128 [pool-140-thread-1] INFO  server.RaftServerConfigKeys (ConfUtils.java:logGet(46)) - raft.server.log.statemachine.data.sync.timeout = 10s (default)
2023-01-25 10:22:54,129 [pool-140-thread-1] INFO  server.RaftServerConfigKeys (ConfUtils.java:logGet(46)) - raft.server.log.statemachine.data.sync.timeout.retry = -1 (default)
2023-01-25 10:22:54,129 [pool-140-thread-1] INFO  server.RaftServerConfigKeys (ConfUtils.java:logGet(46)) - raft.server.log.write.buffer.size = 1048576 (custom)
2023-01-25 10:22:54,130 [pool-140-thread-1] INFO  server.RaftServerConfigKeys (ConfUtils.java:logGet(46)) - raft.server.log.appender.buffer.byte-limit = 33554432 (custom)
2023-01-25 10:22:54,133 [pool-140-thread-1] INFO  server.RaftServerConfigKeys (ConfUtils.java:logGet(46)) - raft.server.log.unsafe-flush.enabled = false (default)
2023-01-25 10:22:54,133 [pool-140-thread-1] INFO  server.RaftServerConfigKeys (ConfUtils.java:logGet(46)) - raft.server.log.async-flush.enabled = false (default)
2023-01-25 10:22:54,133 [pool-140-thread-1] INFO  server.RaftServerConfigKeys (ConfUtils.java:logGet(46)) - raft.server.log.statemachine.data.caching.enabled = true (custom)
2023-01-25 10:22:54,133 [pool-140-thread-1] INFO  segmented.SegmentedRaftLogWorker (SegmentedRaftLogWorker.java:lambda$new$0(135)) - d93446b7-35bc-4b37-88f9-4794ab5c6ae8@group-C1E5A8144160-SegmentedRaftLogWorker: flushIndex: setUnconditionally 0 -> -1
2023-01-25 10:22:54,133 [pool-140-thread-1] INFO  segmented.SegmentedRaftLogWorker (SegmentedRaftLogWorker.java:lambda$new$0(135)) - d93446b7-35bc-4b37-88f9-4794ab5c6ae8@group-C1E5A8144160-SegmentedRaftLogWorker: safeCacheEvictIndex: setUnconditionally 0 -> -1
2023-01-25 10:22:54,133 [pool-140-thread-1] INFO  server.RaftServer$Division (RaftServerImpl.java:start(334)) - d93446b7-35bc-4b37-88f9-4794ab5c6ae8@group-C1E5A8144160: start as a follower, conf=-1: peers:[d93446b7-35bc-4b37-88f9-4794ab5c6ae8|rpc:10.1.0.14:39081|dataStream:10.1.0.14:34805|priority:1|startupRole:FOLLOWER]|listeners:[], old=null
2023-01-25 10:22:54,133 [pool-140-thread-1] INFO  server.RaftServer$Division (RaftServerImpl.java:setRole(321)) - d93446b7-35bc-4b37-88f9-4794ab5c6ae8@group-C1E5A8144160: changes role from      null to FOLLOWER at term 0 for startAsFollower
2023-01-25 10:22:54,134 [pool-140-thread-1] INFO  impl.RoleInfo (RoleInfo.java:updateAndGet(139)) - d93446b7-35bc-4b37-88f9-4794ab5c6ae8: start d93446b7-35bc-4b37-88f9-4794ab5c6ae8@group-C1E5A8144160-FollowerState
2023-01-25 10:22:54,134 [pool-140-thread-1] INFO  util.JmxRegister (JmxRegister.java:tryRegister(44)) - Successfully registered JMX Bean with object name Ratis:service=RaftServer,group=group-C1E5A8144160,id=d93446b7-35bc-4b37-88f9-4794ab5c6ae8
2023-01-25 10:22:54,134 [pool-140-thread-1] INFO  server.RaftServerConfigKeys (ConfUtils.java:logGet(46)) - raft.server.snapshot.auto.trigger.enabled = true (custom)
2023-01-25 10:22:54,134 [pool-140-thread-1] INFO  server.RaftServerConfigKeys (ConfUtils.java:logGet(46)) - raft.server.snapshot.auto.trigger.threshold = 10000 (custom)
2023-01-25 10:22:54,134 [pool-140-thread-1] INFO  server.RaftServerConfigKeys (ConfUtils.java:logGet(46)) - raft.server.snapshot.retention.file.num = 5 (custom)
2023-01-25 10:22:54,134 [pool-140-thread-1] INFO  server.RaftServerConfigKeys (ConfUtils.java:logGet(46)) - raft.server.log.purge.upto.snapshot.index = false (default)
2023-01-25 10:22:54,135 [d93446b7-35bc-4b37-88f9-4794ab5c6ae8@group-C1E5A8144160-FollowerState] INFO  server.RaftServerConfigKeys (ConfUtils.java:logFallback(53)) - raft.server.rpc.first-election.timeout.min = 5s (fallback to raft.server.rpc.timeout.min)
2023-01-25 10:22:54,135 [d93446b7-35bc-4b37-88f9-4794ab5c6ae8@group-C1E5A8144160-FollowerState] INFO  server.RaftServerConfigKeys (ConfUtils.java:logFallback(53)) - raft.server.rpc.first-election.timeout.max = 5200ms (fallback to raft.server.rpc.timeout.max)
2023-01-25 10:22:54,139 [Command processor thread] INFO  ratis.XceiverServerRatis (XceiverServerRatis.java:addGroup(806)) - Created group PipelineID=454e8822-bd6b-4890-9ecf-c1e5a8144160
2023-01-25 10:22:54,140 [Command processor thread] INFO  commandhandler.CreatePipelineCommandHandler (CreatePipelineCommandHandler.java:handle(113)) - Created Pipeline RATIS ONE PipelineID=454e8822-bd6b-4890-9ecf-c1e5a8144160.
2023-01-25 10:22:54,140 [Command processor thread] INFO  server.RaftServer (RaftServerProxy.java:addNew(96)) - d93446b7-35bc-4b37-88f9-4794ab5c6ae8: addNew group-80F44550E9DB:[330431a7-276c-471f-aefe-b311ee71fd61|rpc:10.1.0.14:44241|dataStream:10.1.0.14:35499|priority:0|startupRole:FOLLOWER, d3187004-3c5d-4262-9ff7-104fb060a734|rpc:10.1.0.14:40329|dataStream:10.1.0.14:38809|priority:0|startupRole:FOLLOWER, d93446b7-35bc-4b37-88f9-4794ab5c6ae8|rpc:10.1.0.14:39081|dataStream:10.1.0.14:34805|priority:1|startupRole:FOLLOWER] returns group-80F44550E9DB:java.util.concurrent.CompletableFuture@29e2dc79[Not completed]
2023-01-25 10:22:54,141 [pool-140-thread-1] INFO  server.RaftServer$Division (RaftServerImpl.java:<init>(195)) - d93446b7-35bc-4b37-88f9-4794ab5c6ae8: new RaftServerImpl for group-80F44550E9DB:[330431a7-276c-471f-aefe-b311ee71fd61|rpc:10.1.0.14:44241|dataStream:10.1.0.14:35499|priority:0|startupRole:FOLLOWER, d3187004-3c5d-4262-9ff7-104fb060a734|rpc:10.1.0.14:40329|dataStream:10.1.0.14:38809|priority:0|startupRole:FOLLOWER, d93446b7-35bc-4b37-88f9-4794ab5c6ae8|rpc:10.1.0.14:39081|dataStream:10.1.0.14:34805|priority:1|startupRole:FOLLOWER] with ContainerStateMachine:uninitialized
2023-01-25 10:22:54,141 [pool-140-thread-1] INFO  server.RaftServerConfigKeys (ConfUtils.java:logGet(46)) - raft.server.rpc.timeout.min = 5s (custom)
2023-01-25 10:22:54,141 [pool-140-thread-1] INFO  server.RaftServerConfigKeys (ConfUtils.java:logGet(46)) - raft.server.rpc.timeout.max = 5200ms (custom)
2023-01-25 10:22:54,141 [pool-140-thread-1] INFO  server.RaftServerConfigKeys (ConfUtils.java:logGet(46)) - raft.server.rpc.sleep.time = 25ms (default)
2023-01-25 10:22:54,141 [pool-140-thread-1] INFO  server.RaftServerConfigKeys (ConfUtils.java:logGet(46)) - raft.server.rpc.slowness.timeout = 300s (custom)
2023-01-25 10:22:54,141 [pool-140-thread-1] INFO  server.RaftServerConfigKeys (ConfUtils.java:logGet(46)) - raft.server.leaderelection.leader.step-down.wait-time = 10s (default)
2023-01-25 10:22:54,141 [pool-140-thread-1] INFO  server.RaftServerConfigKeys (ConfUtils.java:logGet(46)) - raft.server.sleep.deviation.threshold = 300ms (default)
2023-01-25 10:22:54,141 [pool-140-thread-1] INFO  server.RaftServer$Division (ServerState.java:<init>(118)) - d93446b7-35bc-4b37-88f9-4794ab5c6ae8@group-80F44550E9DB: ConfigurationManager, init=-1: peers:[330431a7-276c-471f-aefe-b311ee71fd61|rpc:10.1.0.14:44241|dataStream:10.1.0.14:35499|priority:0|startupRole:FOLLOWER, d3187004-3c5d-4262-9ff7-104fb060a734|rpc:10.1.0.14:40329|dataStream:10.1.0.14:38809|priority:0|startupRole:FOLLOWER, d93446b7-35bc-4b37-88f9-4794ab5c6ae8|rpc:10.1.0.14:39081|dataStream:10.1.0.14:34805|priority:1|startupRole:FOLLOWER]|listeners:[], old=null, confs=<EMPTY_MAP>
2023-01-25 10:22:54,141 [pool-140-thread-1] INFO  server.RaftServerConfigKeys (ConfUtils.java:logGet(46)) - raft.server.storage.dir = [/home/runner/work/ozone/ozone/hadoop-ozone/integration-test/target/test-dir/MiniOzoneClusterImpl-1247b3fc-8c88-4cf7-b93f-ad2be507f780/datanode-3/data/ratis] (custom)
2023-01-25 10:22:54,141 [pool-140-thread-1] INFO  server.RaftServerConfigKeys (ConfUtils.java:logGet(46)) - raft.server.log.corruption.policy = EXCEPTION (default)
2023-01-25 10:22:54,141 [pool-140-thread-1] INFO  server.RaftServerConfigKeys (ConfUtils.java:logGet(46)) - raft.server.storage.free-space.min = 0MB (=0) (default)
2023-01-25 10:22:54,141 [pool-140-thread-1] INFO  server.RaftServerConfigKeys (ConfUtils.java:logGet(46)) - raft.server.notification.no-leader.timeout = 300s (custom)
2023-01-25 10:22:54,141 [pool-140-thread-1] INFO  server.RaftServerConfigKeys (ConfUtils.java:logGet(46)) - raft.server.retrycache.expirytime = 600000ms (custom)
2023-01-25 10:22:54,142 [pool-140-thread-1] INFO  server.RaftServerConfigKeys (ConfUtils.java:logGet(46)) - raft.server.retrycache.statistics.expirytime = 100μs (default)
2023-01-25 10:22:54,143 [pool-140-thread-1] INFO  server.RaftServerConfigKeys (ConfUtils.java:logGet(46)) - raft.server.log.appender.install.snapshot.enabled = false (custom)
2023-01-25 10:22:54,143 [pool-140-thread-1] INFO  server.RaftServerConfigKeys (ConfUtils.java:logGet(46)) - raft.server.threadpool.server.cached = true (default)
2023-01-25 10:22:54,143 [pool-140-thread-1] INFO  server.RaftServerConfigKeys (ConfUtils.java:logGet(46)) - raft.server.threadpool.server.size = 0 (default)
2023-01-25 10:22:54,143 [pool-140-thread-1] INFO  server.RaftServerConfigKeys (ConfUtils.java:logGet(46)) - raft.server.threadpool.client.cached = true (default)
2023-01-25 10:22:54,143 [pool-140-thread-1] INFO  server.RaftServerConfigKeys (ConfUtils.java:logGet(46)) - raft.server.threadpool.client.size = 0 (default)
2023-01-25 10:22:54,143 [pool-140-thread-1] INFO  storage.RaftStorageDirectory (RaftStorageDirectoryImpl.java:analyzeStorage(137)) - The storage directory /home/runner/work/ozone/ozone/hadoop-ozone/integration-test/target/test-dir/MiniOzoneClusterImpl-1247b3fc-8c88-4cf7-b93f-ad2be507f780/datanode-3/data/ratis/7e2fb23a-ba64-429f-9977-80f44550e9db does not exist. Creating ...
2023-01-25 10:22:54,144 [pool-140-thread-1] INFO  storage.RaftStorageDirectory (RaftStorageDirectoryImpl.java:tryLock(231)) - Lock on /home/runner/work/ozone/ozone/hadoop-ozone/integration-test/target/test-dir/MiniOzoneClusterImpl-1247b3fc-8c88-4cf7-b93f-ad2be507f780/datanode-3/data/ratis/7e2fb23a-ba64-429f-9977-80f44550e9db/in_use.lock acquired by nodename 69329@fv-az462-827
2023-01-25 10:22:54,145 [pool-140-thread-1] INFO  storage.RaftStorage (RaftStorageImpl.java:format(96)) - Storage directory /home/runner/work/ozone/ozone/hadoop-ozone/integration-test/target/test-dir/MiniOzoneClusterImpl-1247b3fc-8c88-4cf7-b93f-ad2be507f780/datanode-3/data/ratis/7e2fb23a-ba64-429f-9977-80f44550e9db has been successfully formatted.
2023-01-25 10:22:54,146 [pool-140-thread-1] INFO  ratis.ContainerStateMachine (ContainerStateMachine.java:loadSnapshot(240)) - group-80F44550E9DB: The snapshot info is null. Setting the last applied indexto:(t:0, i:~)
2023-01-25 10:22:54,146 [pool-140-thread-1] INFO  server.RaftServerConfigKeys (ConfUtils.java:logGet(46)) - raft.server.log.use.memory = false (default)
2023-01-25 10:22:54,146 [pool-140-thread-1] INFO  server.RaftServerConfigKeys (ConfUtils.java:logGet(46)) - raft.server.log.purge.gap = 1000000 (custom)
2023-01-25 10:22:54,146 [pool-140-thread-1] INFO  server.RaftServerConfigKeys (ConfUtils.java:logGet(46)) - raft.server.log.appender.buffer.byte-limit = 33554432 (custom)
2023-01-25 10:22:54,146 [pool-140-thread-1] INFO  server.RaftServerConfigKeys (ConfUtils.java:logGet(46)) - raft.server.log.statemachine.data.read.timeout = 1000ms (default)
2023-01-25 10:22:54,146 [pool-140-thread-1] INFO  server.RaftServerConfigKeys (ConfUtils.java:logGet(46)) - raft.server.log.purge.preservation.log.num = 0 (default)
2023-01-25 10:22:54,147 [pool-140-thread-1] INFO  server.RaftServerConfigKeys (ConfUtils.java:logGet(46)) - raft.server.log.segment.size.max = 1048576 (custom)
2023-01-25 10:22:54,147 [EventQueue-OpenPipelineForHealthyPipelineSafeModeRule] INFO  safemode.SCMSafeModeManager (HealthyPipelineSafeModeRule.java:process(137)) - SCM in safe mode. Healthy pipelines reported count is 0, required healthy pipeline reported count is 1
2023-01-25 10:22:54,148 [pool-140-thread-1] INFO  server.RaftServerConfigKeys (ConfUtils.java:logGet(46)) - raft.server.log.segment.cache.num.max = 2 (custom)
2023-01-25 10:22:54,148 [pool-140-thread-1] INFO  server.RaftServerConfigKeys (ConfUtils.java:logGet(46)) - raft.server.log.segment.cache.size.max = 200MB (=209715200) (default)
2023-01-25 10:22:54,148 [pool-140-thread-1] INFO  segmented.SegmentedRaftLogWorker (SegmentedRaftLogWorker.java:<init>(189)) - new d93446b7-35bc-4b37-88f9-4794ab5c6ae8@group-80F44550E9DB-SegmentedRaftLogWorker for RaftStorageImpl:Storage Directory /home/runner/work/ozone/ozone/hadoop-ozone/integration-test/target/test-dir/MiniOzoneClusterImpl-1247b3fc-8c88-4cf7-b93f-ad2be507f780/datanode-3/data/ratis/7e2fb23a-ba64-429f-9977-80f44550e9db
2023-01-25 10:22:54,148 [pool-140-thread-1] INFO  server.RaftServerConfigKeys (ConfUtils.java:logGet(46)) - raft.server.log.queue.byte-limit = 4294967296 (custom)
2023-01-25 10:22:54,148 [pool-140-thread-1] INFO  server.RaftServerConfigKeys (ConfUtils.java:logGet(46)) - raft.server.log.queue.element-limit = 1024 (custom)
2023-01-25 10:22:54,148 [pool-140-thread-1] INFO  server.RaftServerConfigKeys (ConfUtils.java:logGet(46)) - raft.server.log.segment.size.max = 1048576 (custom)
2023-01-25 10:22:54,148 [pool-140-thread-1] INFO  server.RaftServerConfigKeys (ConfUtils.java:logGet(46)) - raft.server.log.preallocated.size = 16384 (custom)
2023-01-25 10:22:54,148 [pool-140-thread-1] INFO  server.RaftServerConfigKeys (ConfUtils.java:logGet(46)) - raft.server.log.force.sync.num = 128 (default)
2023-01-25 10:22:54,148 [pool-140-thread-1] INFO  server.RaftServerConfigKeys (ConfUtils.java:logGet(46)) - raft.server.log.statemachine.data.sync = true (default)
2023-01-25 10:22:54,149 [pool-140-thread-1] INFO  server.RaftServerConfigKeys (ConfUtils.java:logGet(46)) - raft.server.log.statemachine.data.sync.timeout = 10s (default)
2023-01-25 10:22:54,149 [pool-140-thread-1] INFO  server.RaftServerConfigKeys (ConfUtils.java:logGet(46)) - raft.server.log.statemachine.data.sync.timeout.retry = -1 (default)
2023-01-25 10:22:54,149 [pool-140-thread-1] INFO  server.RaftServerConfigKeys (ConfUtils.java:logGet(46)) - raft.server.log.write.buffer.size = 1048576 (custom)
2023-01-25 10:22:54,150 [pool-140-thread-1] INFO  server.RaftServerConfigKeys (ConfUtils.java:logGet(46)) - raft.server.log.appender.buffer.byte-limit = 33554432 (custom)
2023-01-25 10:22:54,447 [Listener at 127.0.0.1/33329] INFO  ozone.MiniOzoneClusterImpl (MiniOzoneClusterImpl.java:lambda$waitForClusterToBeReady$0(218)) - Nodes are ready. Got 7 of 7 DN Heartbeats.
2023-01-25 10:22:54,449 [Listener at 127.0.0.1/33329] INFO  ozone.MiniOzoneClusterImpl (MiniOzoneClusterImpl.java:lambda$waitForClusterToBeReady$0(221)) - Waiting for cluster to exit safe mode
2023-01-25 10:22:54,449 [Listener at 127.0.0.1/33329] INFO  ozone.MiniOzoneClusterImpl (MiniOzoneClusterImpl.java:lambda$waitForClusterToBeReady$0(223)) - SCM became leader
2023-01-25 10:22:54,448 [pool-140-thread-1] INFO  server.RaftServerConfigKeys (ConfUtils.java:logGet(46)) - raft.server.log.unsafe-flush.enabled = false (default)
2023-01-25 10:22:54,449 [pool-140-thread-1] INFO  server.RaftServerConfigKeys (ConfUtils.java:logGet(46)) - raft.server.log.async-flush.enabled = false (default)
2023-01-25 10:22:54,449 [pool-140-thread-1] INFO  server.RaftServerConfigKeys (ConfUtils.java:logGet(46)) - raft.server.log.statemachine.data.caching.enabled = true (custom)
2023-01-25 10:22:54,449 [pool-140-thread-1] INFO  segmented.SegmentedRaftLogWorker (SegmentedRaftLogWorker.java:lambda$new$0(135)) - d93446b7-35bc-4b37-88f9-4794ab5c6ae8@group-80F44550E9DB-SegmentedRaftLogWorker: flushIndex: setUnconditionally 0 -> -1
2023-01-25 10:22:54,449 [pool-140-thread-1] INFO  segmented.SegmentedRaftLogWorker (SegmentedRaftLogWorker.java:lambda$new$0(135)) - d93446b7-35bc-4b37-88f9-4794ab5c6ae8@group-80F44550E9DB-SegmentedRaftLogWorker: safeCacheEvictIndex: setUnconditionally 0 -> -1
2023-01-25 10:22:54,459 [pool-140-thread-1] INFO  server.RaftServer$Division (RaftServerImpl.java:start(334)) - d93446b7-35bc-4b37-88f9-4794ab5c6ae8@group-80F44550E9DB: start as a follower, conf=-1: peers:[330431a7-276c-471f-aefe-b311ee71fd61|rpc:10.1.0.14:44241|dataStream:10.1.0.14:35499|priority:0|startupRole:FOLLOWER, d3187004-3c5d-4262-9ff7-104fb060a734|rpc:10.1.0.14:40329|dataStream:10.1.0.14:38809|priority:0|startupRole:FOLLOWER, d93446b7-35bc-4b37-88f9-4794ab5c6ae8|rpc:10.1.0.14:39081|dataStream:10.1.0.14:34805|priority:1|startupRole:FOLLOWER]|listeners:[], old=null
2023-01-25 10:22:54,459 [pool-140-thread-1] INFO  server.RaftServer$Division (RaftServerImpl.java:setRole(321)) - d93446b7-35bc-4b37-88f9-4794ab5c6ae8@group-80F44550E9DB: changes role from      null to FOLLOWER at term 0 for startAsFollower
2023-01-25 10:22:54,459 [pool-140-thread-1] INFO  impl.RoleInfo (RoleInfo.java:updateAndGet(139)) - d93446b7-35bc-4b37-88f9-4794ab5c6ae8: start d93446b7-35bc-4b37-88f9-4794ab5c6ae8@group-80F44550E9DB-FollowerState
2023-01-25 10:22:54,459 [pool-140-thread-1] INFO  util.JmxRegister (JmxRegister.java:tryRegister(44)) - Successfully registered JMX Bean with object name Ratis:service=RaftServer,group=group-80F44550E9DB,id=d93446b7-35bc-4b37-88f9-4794ab5c6ae8
2023-01-25 10:22:54,459 [pool-140-thread-1] INFO  server.RaftServerConfigKeys (ConfUtils.java:logGet(46)) - raft.server.snapshot.auto.trigger.enabled = true (custom)
2023-01-25 10:22:54,459 [pool-140-thread-1] INFO  server.RaftServerConfigKeys (ConfUtils.java:logGet(46)) - raft.server.snapshot.auto.trigger.threshold = 10000 (custom)
2023-01-25 10:22:54,459 [pool-140-thread-1] INFO  server.RaftServerConfigKeys (ConfUtils.java:logGet(46)) - raft.server.snapshot.retention.file.num = 5 (custom)
2023-01-25 10:22:54,460 [pool-140-thread-1] INFO  server.RaftServerConfigKeys (ConfUtils.java:logGet(46)) - raft.server.log.purge.upto.snapshot.index = false (default)
2023-01-25 10:22:54,464 [Command processor thread] INFO  ratis.XceiverServerRatis (XceiverServerRatis.java:addGroup(806)) - Created group PipelineID=7e2fb23a-ba64-429f-9977-80f44550e9db
2023-01-25 10:22:54,464 [Command processor thread] INFO  server.RaftServer (RaftServerProxy.java:addNew(96)) - 330431a7-276c-471f-aefe-b311ee71fd61: addNew group-857149B1BE16:[330431a7-276c-471f-aefe-b311ee71fd61|rpc:10.1.0.14:44241|dataStream:10.1.0.14:35499|priority:1|startupRole:FOLLOWER] returns group-857149B1BE16:java.util.concurrent.CompletableFuture@6a07b734[Not completed]
2023-01-25 10:22:54,470 [d93446b7-35bc-4b37-88f9-4794ab5c6ae8@group-80F44550E9DB-FollowerState] INFO  server.RaftServerConfigKeys (ConfUtils.java:logFallback(53)) - raft.server.rpc.first-election.timeout.min = 5s (fallback to raft.server.rpc.timeout.min)
2023-01-25 10:22:54,470 [d93446b7-35bc-4b37-88f9-4794ab5c6ae8@group-80F44550E9DB-FollowerState] INFO  server.RaftServerConfigKeys (ConfUtils.java:logFallback(53)) - raft.server.rpc.first-election.timeout.max = 5200ms (fallback to raft.server.rpc.timeout.max)
2023-01-25 10:22:54,478 [pool-163-thread-1] INFO  server.RaftServer$Division (RaftServerImpl.java:<init>(195)) - 330431a7-276c-471f-aefe-b311ee71fd61: new RaftServerImpl for group-857149B1BE16:[330431a7-276c-471f-aefe-b311ee71fd61|rpc:10.1.0.14:44241|dataStream:10.1.0.14:35499|priority:1|startupRole:FOLLOWER] with ContainerStateMachine:uninitialized
2023-01-25 10:22:54,480 [pool-163-thread-1] INFO  server.RaftServerConfigKeys (ConfUtils.java:logGet(46)) - raft.server.rpc.timeout.min = 5s (custom)
2023-01-25 10:22:54,480 [pool-163-thread-1] INFO  server.RaftServerConfigKeys (ConfUtils.java:logGet(46)) - raft.server.rpc.timeout.max = 5200ms (custom)
2023-01-25 10:22:54,480 [pool-163-thread-1] INFO  server.RaftServerConfigKeys (ConfUtils.java:logGet(46)) - raft.server.rpc.sleep.time = 25ms (default)
2023-01-25 10:22:54,480 [pool-163-thread-1] INFO  server.RaftServerConfigKeys (ConfUtils.java:logGet(46)) - raft.server.rpc.slowness.timeout = 300s (custom)
2023-01-25 10:22:54,480 [pool-163-thread-1] INFO  server.RaftServerConfigKeys (ConfUtils.java:logGet(46)) - raft.server.leaderelection.leader.step-down.wait-time = 10s (default)
2023-01-25 10:22:54,480 [pool-163-thread-1] INFO  server.RaftServerConfigKeys (ConfUtils.java:logGet(46)) - raft.server.sleep.deviation.threshold = 300ms (default)
2023-01-25 10:22:54,480 [pool-163-thread-1] INFO  server.RaftServer$Division (ServerState.java:<init>(118)) - 330431a7-276c-471f-aefe-b311ee71fd61@group-857149B1BE16: ConfigurationManager, init=-1: peers:[330431a7-276c-471f-aefe-b311ee71fd61|rpc:10.1.0.14:44241|dataStream:10.1.0.14:35499|priority:1|startupRole:FOLLOWER]|listeners:[], old=null, confs=<EMPTY_MAP>
2023-01-25 10:22:54,480 [pool-163-thread-1] INFO  server.RaftServerConfigKeys (ConfUtils.java:logGet(46)) - raft.server.storage.dir = [/home/runner/work/ozone/ozone/hadoop-ozone/integration-test/target/test-dir/MiniOzoneClusterImpl-1247b3fc-8c88-4cf7-b93f-ad2be507f780/datanode-4/data/ratis] (custom)
2023-01-25 10:22:54,480 [pool-163-thread-1] INFO  server.RaftServerConfigKeys (ConfUtils.java:logGet(46)) - raft.server.log.corruption.policy = EXCEPTION (default)
2023-01-25 10:22:54,480 [pool-163-thread-1] INFO  server.RaftServerConfigKeys (ConfUtils.java:logGet(46)) - raft.server.storage.free-space.min = 0MB (=0) (default)
2023-01-25 10:22:54,481 [grpc-default-executor-0] INFO  server.RaftServer (RaftServerProxy.java:addNew(96)) - d3187004-3c5d-4262-9ff7-104fb060a734: addNew group-80F44550E9DB:[330431a7-276c-471f-aefe-b311ee71fd61|rpc:10.1.0.14:44241|dataStream:10.1.0.14:35499|priority:0|startupRole:FOLLOWER, d3187004-3c5d-4262-9ff7-104fb060a734|rpc:10.1.0.14:40329|dataStream:10.1.0.14:38809|priority:0|startupRole:FOLLOWER, d93446b7-35bc-4b37-88f9-4794ab5c6ae8|rpc:10.1.0.14:39081|dataStream:10.1.0.14:34805|priority:1|startupRole:FOLLOWER] returns group-80F44550E9DB:java.util.concurrent.CompletableFuture@42e881f1[Not completed]
2023-01-25 10:22:54,481 [pool-163-thread-1] INFO  server.RaftServerConfigKeys (ConfUtils.java:logGet(46)) - raft.server.notification.no-leader.timeout = 300s (custom)
2023-01-25 10:22:54,481 [pool-163-thread-1] INFO  server.RaftServerConfigKeys (ConfUtils.java:logGet(46)) - raft.server.retrycache.expirytime = 600000ms (custom)
2023-01-25 10:22:54,481 [pool-163-thread-1] INFO  server.RaftServerConfigKeys (ConfUtils.java:logGet(46)) - raft.server.retrycache.statistics.expirytime = 100μs (default)
2023-01-25 10:22:54,487 [pool-186-thread-1] INFO  server.RaftServer$Division (RaftServerImpl.java:<init>(195)) - d3187004-3c5d-4262-9ff7-104fb060a734: new RaftServerImpl for group-80F44550E9DB:[330431a7-276c-471f-aefe-b311ee71fd61|rpc:10.1.0.14:44241|dataStream:10.1.0.14:35499|priority:0|startupRole:FOLLOWER, d3187004-3c5d-4262-9ff7-104fb060a734|rpc:10.1.0.14:40329|dataStream:10.1.0.14:38809|priority:0|startupRole:FOLLOWER, d93446b7-35bc-4b37-88f9-4794ab5c6ae8|rpc:10.1.0.14:39081|dataStream:10.1.0.14:34805|priority:1|startupRole:FOLLOWER] with ContainerStateMachine:uninitialized
2023-01-25 10:22:54,490 [pool-163-thread-1] INFO  server.RaftServerConfigKeys (ConfUtils.java:logGet(46)) - raft.server.log.appender.install.snapshot.enabled = false (custom)
2023-01-25 10:22:54,490 [pool-163-thread-1] INFO  server.RaftServerConfigKeys (ConfUtils.java:logGet(46)) - raft.server.threadpool.server.cached = true (default)
2023-01-25 10:22:54,490 [pool-163-thread-1] INFO  server.RaftServerConfigKeys (ConfUtils.java:logGet(46)) - raft.server.threadpool.server.size = 0 (default)
2023-01-25 10:22:54,490 [pool-163-thread-1] INFO  server.RaftServerConfigKeys (ConfUtils.java:logGet(46)) - raft.server.threadpool.client.cached = true (default)
2023-01-25 10:22:54,490 [pool-163-thread-1] INFO  server.RaftServerConfigKeys (ConfUtils.java:logGet(46)) - raft.server.threadpool.client.size = 0 (default)
2023-01-25 10:22:54,490 [pool-163-thread-1] INFO  storage.RaftStorageDirectory (RaftStorageDirectoryImpl.java:analyzeStorage(137)) - The storage directory /home/runner/work/ozone/ozone/hadoop-ozone/integration-test/target/test-dir/MiniOzoneClusterImpl-1247b3fc-8c88-4cf7-b93f-ad2be507f780/datanode-4/data/ratis/2ab11bce-abde-4a03-a71c-857149b1be16 does not exist. Creating ...
2023-01-25 10:22:54,491 [pool-186-thread-1] INFO  server.RaftServerConfigKeys (ConfUtils.java:logGet(46)) - raft.server.rpc.timeout.min = 5s (custom)
2023-01-25 10:22:54,491 [pool-186-thread-1] INFO  server.RaftServerConfigKeys (ConfUtils.java:logGet(46)) - raft.server.rpc.timeout.max = 5200ms (custom)
2023-01-25 10:22:54,491 [pool-186-thread-1] INFO  server.RaftServerConfigKeys (ConfUtils.java:logGet(46)) - raft.server.rpc.sleep.time = 25ms (default)
2023-01-25 10:22:54,491 [pool-186-thread-1] INFO  server.RaftServerConfigKeys (ConfUtils.java:logGet(46)) - raft.server.rpc.slowness.timeout = 300s (custom)
2023-01-25 10:22:54,491 [pool-186-thread-1] INFO  server.RaftServerConfigKeys (ConfUtils.java:logGet(46)) - raft.server.leaderelection.leader.step-down.wait-time = 10s (default)
2023-01-25 10:22:54,491 [pool-186-thread-1] INFO  server.RaftServerConfigKeys (ConfUtils.java:logGet(46)) - raft.server.sleep.deviation.threshold = 300ms (default)
2023-01-25 10:22:54,491 [pool-186-thread-1] INFO  server.RaftServer$Division (ServerState.java:<init>(118)) - d3187004-3c5d-4262-9ff7-104fb060a734@group-80F44550E9DB: ConfigurationManager, init=-1: peers:[330431a7-276c-471f-aefe-b311ee71fd61|rpc:10.1.0.14:44241|dataStream:10.1.0.14:35499|priority:0|startupRole:FOLLOWER, d3187004-3c5d-4262-9ff7-104fb060a734|rpc:10.1.0.14:40329|dataStream:10.1.0.14:38809|priority:0|startupRole:FOLLOWER, d93446b7-35bc-4b37-88f9-4794ab5c6ae8|rpc:10.1.0.14:39081|dataStream:10.1.0.14:34805|priority:1|startupRole:FOLLOWER]|listeners:[], old=null, confs=<EMPTY_MAP>
2023-01-25 10:22:54,491 [pool-186-thread-1] INFO  server.RaftServerConfigKeys (ConfUtils.java:logGet(46)) - raft.server.storage.dir = [/home/runner/work/ozone/ozone/hadoop-ozone/integration-test/target/test-dir/MiniOzoneClusterImpl-1247b3fc-8c88-4cf7-b93f-ad2be507f780/datanode-5/data/ratis] (custom)
2023-01-25 10:22:54,492 [pool-186-thread-1] INFO  server.RaftServerConfigKeys (ConfUtils.java:logGet(46)) - raft.server.log.corruption.policy = EXCEPTION (default)
2023-01-25 10:22:54,492 [pool-186-thread-1] INFO  server.RaftServerConfigKeys (ConfUtils.java:logGet(46)) - raft.server.storage.free-space.min = 0MB (=0) (default)
2023-01-25 10:22:54,492 [pool-186-thread-1] INFO  server.RaftServerConfigKeys (ConfUtils.java:logGet(46)) - raft.server.notification.no-leader.timeout = 300s (custom)
2023-01-25 10:22:54,492 [pool-186-thread-1] INFO  server.RaftServerConfigKeys (ConfUtils.java:logGet(46)) - raft.server.retrycache.expirytime = 600000ms (custom)
2023-01-25 10:22:54,492 [pool-186-thread-1] INFO  server.RaftServerConfigKeys (ConfUtils.java:logGet(46)) - raft.server.retrycache.statistics.expirytime = 100μs (default)
2023-01-25 10:22:54,492 [pool-163-thread-1] INFO  storage.RaftStorageDirectory (RaftStorageDirectoryImpl.java:tryLock(231)) - Lock on /home/runner/work/ozone/ozone/hadoop-ozone/integration-test/target/test-dir/MiniOzoneClusterImpl-1247b3fc-8c88-4cf7-b93f-ad2be507f780/datanode-4/data/ratis/2ab11bce-abde-4a03-a71c-857149b1be16/in_use.lock acquired by nodename 69329@fv-az462-827
2023-01-25 10:22:54,496 [pool-163-thread-1] INFO  storage.RaftStorage (RaftStorageImpl.java:format(96)) - Storage directory /home/runner/work/ozone/ozone/hadoop-ozone/integration-test/target/test-dir/MiniOzoneClusterImpl-1247b3fc-8c88-4cf7-b93f-ad2be507f780/datanode-4/data/ratis/2ab11bce-abde-4a03-a71c-857149b1be16 has been successfully formatted.
2023-01-25 10:22:54,497 [pool-163-thread-1] INFO  ratis.ContainerStateMachine (ContainerStateMachine.java:loadSnapshot(240)) - group-857149B1BE16: The snapshot info is null. Setting the last applied indexto:(t:0, i:~)
2023-01-25 10:22:54,497 [pool-163-thread-1] INFO  server.RaftServerConfigKeys (ConfUtils.java:logGet(46)) - raft.server.log.use.memory = false (default)
2023-01-25 10:22:54,497 [pool-163-thread-1] INFO  server.RaftServerConfigKeys (ConfUtils.java:logGet(46)) - raft.server.log.purge.gap = 1000000 (custom)
2023-01-25 10:22:54,497 [pool-163-thread-1] INFO  server.RaftServerConfigKeys (ConfUtils.java:logGet(46)) - raft.server.log.appender.buffer.byte-limit = 33554432 (custom)
2023-01-25 10:22:54,497 [pool-163-thread-1] INFO  server.RaftServerConfigKeys (ConfUtils.java:logGet(46)) - raft.server.log.statemachine.data.read.timeout = 1000ms (default)
2023-01-25 10:22:54,497 [pool-163-thread-1] INFO  server.RaftServerConfigKeys (ConfUtils.java:logGet(46)) - raft.server.log.purge.preservation.log.num = 0 (default)
2023-01-25 10:22:54,497 [pool-163-thread-1] INFO  server.RaftServerConfigKeys (ConfUtils.java:logGet(46)) - raft.server.log.segment.size.max = 1048576 (custom)
2023-01-25 10:22:54,498 [pool-163-thread-1] INFO  server.RaftServerConfigKeys (ConfUtils.java:logGet(46)) - raft.server.log.segment.cache.num.max = 2 (custom)
2023-01-25 10:22:54,498 [pool-163-thread-1] INFO  server.RaftServerConfigKeys (ConfUtils.java:logGet(46)) - raft.server.log.segment.cache.size.max = 200MB (=209715200) (default)
2023-01-25 10:22:54,498 [pool-163-thread-1] INFO  segmented.SegmentedRaftLogWorker (SegmentedRaftLogWorker.java:<init>(189)) - new 330431a7-276c-471f-aefe-b311ee71fd61@group-857149B1BE16-SegmentedRaftLogWorker for RaftStorageImpl:Storage Directory /home/runner/work/ozone/ozone/hadoop-ozone/integration-test/target/test-dir/MiniOzoneClusterImpl-1247b3fc-8c88-4cf7-b93f-ad2be507f780/datanode-4/data/ratis/2ab11bce-abde-4a03-a71c-857149b1be16
2023-01-25 10:22:54,498 [pool-163-thread-1] INFO  server.RaftServerConfigKeys (ConfUtils.java:logGet(46)) - raft.server.log.queue.byte-limit = 4294967296 (custom)
2023-01-25 10:22:54,498 [pool-163-thread-1] INFO  server.RaftServerConfigKeys (ConfUtils.java:logGet(46)) - raft.server.log.queue.element-limit = 1024 (custom)
2023-01-25 10:22:54,498 [pool-163-thread-1] INFO  server.RaftServerConfigKeys (ConfUtils.java:logGet(46)) - raft.server.log.segment.size.max = 1048576 (custom)
2023-01-25 10:22:54,498 [pool-163-thread-1] INFO  server.RaftServerConfigKeys (ConfUtils.java:logGet(46)) - raft.server.log.preallocated.size = 16384 (custom)
2023-01-25 10:22:54,498 [pool-163-thread-1] INFO  server.RaftServerConfigKeys (ConfUtils.java:logGet(46)) - raft.server.log.force.sync.num = 128 (default)
2023-01-25 10:22:54,498 [pool-163-thread-1] INFO  server.RaftServerConfigKeys (ConfUtils.java:logGet(46)) - raft.server.log.statemachine.data.sync = true (default)
2023-01-25 10:22:54,498 [pool-163-thread-1] INFO  server.RaftServerConfigKeys (ConfUtils.java:logGet(46)) - raft.server.log.statemachine.data.sync.timeout = 10s (default)
2023-01-25 10:22:54,498 [pool-163-thread-1] INFO  server.RaftServerConfigKeys (ConfUtils.java:logGet(46)) - raft.server.log.statemachine.data.sync.timeout.retry = -1 (default)
2023-01-25 10:22:54,499 [pool-186-thread-1] INFO  server.RaftServerConfigKeys (ConfUtils.java:logGet(46)) - raft.server.log.appender.install.snapshot.enabled = false (custom)
2023-01-25 10:22:54,499 [pool-186-thread-1] INFO  server.RaftServerConfigKeys (ConfUtils.java:logGet(46)) - raft.server.threadpool.server.cached = true (default)
2023-01-25 10:22:54,499 [pool-186-thread-1] INFO  server.RaftServerConfigKeys (ConfUtils.java:logGet(46)) - raft.server.threadpool.server.size = 0 (default)
2023-01-25 10:22:54,499 [pool-186-thread-1] INFO  server.RaftServerConfigKeys (ConfUtils.java:logGet(46)) - raft.server.threadpool.client.cached = true (default)
2023-01-25 10:22:54,499 [pool-186-thread-1] INFO  server.RaftServerConfigKeys (ConfUtils.java:logGet(46)) - raft.server.threadpool.client.size = 0 (default)
2023-01-25 10:22:54,500 [pool-186-thread-1] INFO  storage.RaftStorageDirectory (RaftStorageDirectoryImpl.java:analyzeStorage(137)) - The storage directory /home/runner/work/ozone/ozone/hadoop-ozone/integration-test/target/test-dir/MiniOzoneClusterImpl-1247b3fc-8c88-4cf7-b93f-ad2be507f780/datanode-5/data/ratis/7e2fb23a-ba64-429f-9977-80f44550e9db does not exist. Creating ...
2023-01-25 10:22:54,500 [EventQueue-PipelineReportForPipelineReportHandler] INFO  pipeline.PipelineManagerImpl (PipelineManagerImpl.java:openPipeline(367)) - Pipeline Pipeline[ Id: 2ab11bce-abde-4a03-a71c-857149b1be16, Nodes: 330431a7-276c-471f-aefe-b311ee71fd61(fv-az462-827.5dk1zbeb1hiuljg1e1zidnqquc.phxx.internal.cloudapp.net/10.1.0.14), ReplicationConfig: RATIS/ONE, State:ALLOCATED, leaderId:330431a7-276c-471f-aefe-b311ee71fd61, CreationTimestamp2023-01-25T10:22:51.462Z[Etc/UTC]] moved to OPEN state
2023-01-25 10:22:54,500 [pool-163-thread-1] INFO  server.RaftServerConfigKeys (ConfUtils.java:logGet(46)) - raft.server.log.write.buffer.size = 1048576 (custom)
2023-01-25 10:22:54,502 [pool-163-thread-1] INFO  server.RaftServerConfigKeys (ConfUtils.java:logGet(46)) - raft.server.log.appender.buffer.byte-limit = 33554432 (custom)
2023-01-25 10:22:54,503 [EventQueue-OpenPipelineForHealthyPipelineSafeModeRule] INFO  safemode.SCMSafeModeManager (HealthyPipelineSafeModeRule.java:process(137)) - SCM in safe mode. Healthy pipelines reported count is 0, required healthy pipeline reported count is 1
2023-01-25 10:22:54,504 [pool-186-thread-1] INFO  storage.RaftStorageDirectory (RaftStorageDirectoryImpl.java:tryLock(231)) - Lock on /home/runner/work/ozone/ozone/hadoop-ozone/integration-test/target/test-dir/MiniOzoneClusterImpl-1247b3fc-8c88-4cf7-b93f-ad2be507f780/datanode-5/data/ratis/7e2fb23a-ba64-429f-9977-80f44550e9db/in_use.lock acquired by nodename 69329@fv-az462-827
2023-01-25 10:22:54,505 [pool-186-thread-1] INFO  storage.RaftStorage (RaftStorageImpl.java:format(96)) - Storage directory /home/runner/work/ozone/ozone/hadoop-ozone/integration-test/target/test-dir/MiniOzoneClusterImpl-1247b3fc-8c88-4cf7-b93f-ad2be507f780/datanode-5/data/ratis/7e2fb23a-ba64-429f-9977-80f44550e9db has been successfully formatted.
2023-01-25 10:22:54,506 [pool-163-thread-1] INFO  server.RaftServerConfigKeys (ConfUtils.java:logGet(46)) - raft.server.log.unsafe-flush.enabled = false (default)
2023-01-25 10:22:54,506 [pool-163-thread-1] INFO  server.RaftServerConfigKeys (ConfUtils.java:logGet(46)) - raft.server.log.async-flush.enabled = false (default)
2023-01-25 10:22:54,506 [pool-163-thread-1] INFO  server.RaftServerConfigKeys (ConfUtils.java:logGet(46)) - raft.server.log.statemachine.data.caching.enabled = true (custom)
2023-01-25 10:22:54,506 [pool-163-thread-1] INFO  segmented.SegmentedRaftLogWorker (SegmentedRaftLogWorker.java:lambda$new$0(135)) - 330431a7-276c-471f-aefe-b311ee71fd61@group-857149B1BE16-SegmentedRaftLogWorker: flushIndex: setUnconditionally 0 -> -1
2023-01-25 10:22:54,506 [pool-163-thread-1] INFO  segmented.SegmentedRaftLogWorker (SegmentedRaftLogWorker.java:lambda$new$0(135)) - 330431a7-276c-471f-aefe-b311ee71fd61@group-857149B1BE16-SegmentedRaftLogWorker: safeCacheEvictIndex: setUnconditionally 0 -> -1
2023-01-25 10:22:54,507 [pool-163-thread-1] INFO  server.RaftServer$Division (RaftServerImpl.java:start(334)) - 330431a7-276c-471f-aefe-b311ee71fd61@group-857149B1BE16: start as a follower, conf=-1: peers:[330431a7-276c-471f-aefe-b311ee71fd61|rpc:10.1.0.14:44241|dataStream:10.1.0.14:35499|priority:1|startupRole:FOLLOWER]|listeners:[], old=null
2023-01-25 10:22:54,507 [pool-163-thread-1] INFO  server.RaftServer$Division (RaftServerImpl.java:setRole(321)) - 330431a7-276c-471f-aefe-b311ee71fd61@group-857149B1BE16: changes role from      null to FOLLOWER at term 0 for startAsFollower
2023-01-25 10:22:54,507 [pool-163-thread-1] INFO  impl.RoleInfo (RoleInfo.java:updateAndGet(139)) - 330431a7-276c-471f-aefe-b311ee71fd61: start 330431a7-276c-471f-aefe-b311ee71fd61@group-857149B1BE16-FollowerState
2023-01-25 10:22:54,507 [pool-186-thread-1] INFO  ratis.ContainerStateMachine (ContainerStateMachine.java:loadSnapshot(240)) - group-80F44550E9DB: The snapshot info is null. Setting the last applied indexto:(t:0, i:~)
2023-01-25 10:22:54,507 [pool-186-thread-1] INFO  server.RaftServerConfigKeys (ConfUtils.java:logGet(46)) - raft.server.log.use.memory = false (default)
2023-01-25 10:22:54,507 [pool-186-thread-1] INFO  server.RaftServerConfigKeys (ConfUtils.java:logGet(46)) - raft.server.log.purge.gap = 1000000 (custom)
2023-01-25 10:22:54,507 [pool-186-thread-1] INFO  server.RaftServerConfigKeys (ConfUtils.java:logGet(46)) - raft.server.log.appender.buffer.byte-limit = 33554432 (custom)
2023-01-25 10:22:54,507 [pool-186-thread-1] INFO  server.RaftServerConfigKeys (ConfUtils.java:logGet(46)) - raft.server.log.statemachine.data.read.timeout = 1000ms (default)
2023-01-25 10:22:54,507 [pool-186-thread-1] INFO  server.RaftServerConfigKeys (ConfUtils.java:logGet(46)) - raft.server.log.purge.preservation.log.num = 0 (default)
2023-01-25 10:22:54,508 [pool-186-thread-1] INFO  server.RaftServerConfigKeys (ConfUtils.java:logGet(46)) - raft.server.log.segment.size.max = 1048576 (custom)
2023-01-25 10:22:54,508 [pool-186-thread-1] INFO  server.RaftServerConfigKeys (ConfUtils.java:logGet(46)) - raft.server.log.segment.cache.num.max = 2 (custom)
2023-01-25 10:22:54,508 [pool-186-thread-1] INFO  server.RaftServerConfigKeys (ConfUtils.java:logGet(46)) - raft.server.log.segment.cache.size.max = 200MB (=209715200) (default)
2023-01-25 10:22:54,508 [pool-186-thread-1] INFO  segmented.SegmentedRaftLogWorker (SegmentedRaftLogWorker.java:<init>(189)) - new d3187004-3c5d-4262-9ff7-104fb060a734@group-80F44550E9DB-SegmentedRaftLogWorker for RaftStorageImpl:Storage Directory /home/runner/work/ozone/ozone/hadoop-ozone/integration-test/target/test-dir/MiniOzoneClusterImpl-1247b3fc-8c88-4cf7-b93f-ad2be507f780/datanode-5/data/ratis/7e2fb23a-ba64-429f-9977-80f44550e9db
2023-01-25 10:22:54,508 [pool-186-thread-1] INFO  server.RaftServerConfigKeys (ConfUtils.java:logGet(46)) - raft.server.log.queue.byte-limit = 4294967296 (custom)
2023-01-25 10:22:54,508 [pool-186-thread-1] INFO  server.RaftServerConfigKeys (ConfUtils.java:logGet(46)) - raft.server.log.queue.element-limit = 1024 (custom)
2023-01-25 10:22:54,508 [pool-186-thread-1] INFO  server.RaftServerConfigKeys (ConfUtils.java:logGet(46)) - raft.server.log.segment.size.max = 1048576 (custom)
2023-01-25 10:22:54,508 [pool-186-thread-1] INFO  server.RaftServerConfigKeys (ConfUtils.java:logGet(46)) - raft.server.log.preallocated.size = 16384 (custom)
2023-01-25 10:22:54,508 [pool-186-thread-1] INFO  server.RaftServerConfigKeys (ConfUtils.java:logGet(46)) - raft.server.log.force.sync.num = 128 (default)
2023-01-25 10:22:54,508 [pool-186-thread-1] INFO  server.RaftServerConfigKeys (ConfUtils.java:logGet(46)) - raft.server.log.statemachine.data.sync = true (default)
2023-01-25 10:22:54,508 [pool-186-thread-1] INFO  server.RaftServerConfigKeys (ConfUtils.java:logGet(46)) - raft.server.log.statemachine.data.sync.timeout = 10s (default)
2023-01-25 10:22:54,508 [pool-186-thread-1] INFO  server.RaftServerConfigKeys (ConfUtils.java:logGet(46)) - raft.server.log.statemachine.data.sync.timeout.retry = -1 (default)
2023-01-25 10:22:54,510 [pool-163-thread-1] INFO  util.JmxRegister (JmxRegister.java:tryRegister(44)) - Successfully registered JMX Bean with object name Ratis:service=RaftServer,group=group-857149B1BE16,id=330431a7-276c-471f-aefe-b311ee71fd61
2023-01-25 10:22:54,511 [pool-163-thread-1] INFO  server.RaftServerConfigKeys (ConfUtils.java:logGet(46)) - raft.server.snapshot.auto.trigger.enabled = true (custom)
2023-01-25 10:22:54,511 [pool-163-thread-1] INFO  server.RaftServerConfigKeys (ConfUtils.java:logGet(46)) - raft.server.snapshot.auto.trigger.threshold = 10000 (custom)
2023-01-25 10:22:54,511 [pool-163-thread-1] INFO  server.RaftServerConfigKeys (ConfUtils.java:logGet(46)) - raft.server.snapshot.retention.file.num = 5 (custom)
2023-01-25 10:22:54,511 [pool-163-thread-1] INFO  server.RaftServerConfigKeys (ConfUtils.java:logGet(46)) - raft.server.log.purge.upto.snapshot.index = false (default)
2023-01-25 10:22:54,521 [Command processor thread] INFO  ratis.XceiverServerRatis (XceiverServerRatis.java:addGroup(806)) - Created group PipelineID=2ab11bce-abde-4a03-a71c-857149b1be16
2023-01-25 10:22:54,521 [Command processor thread] INFO  commandhandler.CreatePipelineCommandHandler (CreatePipelineCommandHandler.java:handle(113)) - Created Pipeline RATIS ONE PipelineID=2ab11bce-abde-4a03-a71c-857149b1be16.
2023-01-25 10:22:54,521 [Command processor thread] INFO  server.RaftServer (RaftServerProxy.java:addNew(96)) - 330431a7-276c-471f-aefe-b311ee71fd61: addNew group-80F44550E9DB:[330431a7-276c-471f-aefe-b311ee71fd61|rpc:10.1.0.14:44241|dataStream:10.1.0.14:35499|priority:0|startupRole:FOLLOWER, d3187004-3c5d-4262-9ff7-104fb060a734|rpc:10.1.0.14:40329|dataStream:10.1.0.14:38809|priority:0|startupRole:FOLLOWER, d93446b7-35bc-4b37-88f9-4794ab5c6ae8|rpc:10.1.0.14:39081|dataStream:10.1.0.14:34805|priority:1|startupRole:FOLLOWER] returns group-80F44550E9DB:java.util.concurrent.CompletableFuture@6e383eac[Not completed]
2023-01-25 10:22:54,522 [pool-163-thread-1] INFO  server.RaftServer$Division (RaftServerImpl.java:<init>(195)) - 330431a7-276c-471f-aefe-b311ee71fd61: new RaftServerImpl for group-80F44550E9DB:[330431a7-276c-471f-aefe-b311ee71fd61|rpc:10.1.0.14:44241|dataStream:10.1.0.14:35499|priority:0|startupRole:FOLLOWER, d3187004-3c5d-4262-9ff7-104fb060a734|rpc:10.1.0.14:40329|dataStream:10.1.0.14:38809|priority:0|startupRole:FOLLOWER, d93446b7-35bc-4b37-88f9-4794ab5c6ae8|rpc:10.1.0.14:39081|dataStream:10.1.0.14:34805|priority:1|startupRole:FOLLOWER] with ContainerStateMachine:uninitialized
2023-01-25 10:22:54,522 [pool-163-thread-1] INFO  server.RaftServerConfigKeys (ConfUtils.java:logGet(46)) - raft.server.rpc.timeout.min = 5s (custom)
2023-01-25 10:22:54,522 [pool-163-thread-1] INFO  server.RaftServerConfigKeys (ConfUtils.java:logGet(46)) - raft.server.rpc.timeout.max = 5200ms (custom)
2023-01-25 10:22:54,522 [pool-163-thread-1] INFO  server.RaftServerConfigKeys (ConfUtils.java:logGet(46)) - raft.server.rpc.sleep.time = 25ms (default)
2023-01-25 10:22:54,522 [pool-163-thread-1] INFO  server.RaftServerConfigKeys (ConfUtils.java:logGet(46)) - raft.server.rpc.slowness.timeout = 300s (custom)
2023-01-25 10:22:54,522 [pool-163-thread-1] INFO  server.RaftServerConfigKeys (ConfUtils.java:logGet(46)) - raft.server.leaderelection.leader.step-down.wait-time = 10s (default)
2023-01-25 10:22:54,522 [pool-163-thread-1] INFO  server.RaftServerConfigKeys (ConfUtils.java:logGet(46)) - raft.server.sleep.deviation.threshold = 300ms (default)
2023-01-25 10:22:54,522 [pool-163-thread-1] INFO  server.RaftServer$Division (ServerState.java:<init>(118)) - 330431a7-276c-471f-aefe-b311ee71fd61@group-80F44550E9DB: ConfigurationManager, init=-1: peers:[330431a7-276c-471f-aefe-b311ee71fd61|rpc:10.1.0.14:44241|dataStream:10.1.0.14:35499|priority:0|startupRole:FOLLOWER, d3187004-3c5d-4262-9ff7-104fb060a734|rpc:10.1.0.14:40329|dataStream:10.1.0.14:38809|priority:0|startupRole:FOLLOWER, d93446b7-35bc-4b37-88f9-4794ab5c6ae8|rpc:10.1.0.14:39081|dataStream:10.1.0.14:34805|priority:1|startupRole:FOLLOWER]|listeners:[], old=null, confs=<EMPTY_MAP>
2023-01-25 10:22:54,522 [pool-163-thread-1] INFO  server.RaftServerConfigKeys (ConfUtils.java:logGet(46)) - raft.server.storage.dir = [/home/runner/work/ozone/ozone/hadoop-ozone/integration-test/target/test-dir/MiniOzoneClusterImpl-1247b3fc-8c88-4cf7-b93f-ad2be507f780/datanode-4/data/ratis] (custom)
2023-01-25 10:22:54,523 [pool-163-thread-1] INFO  server.RaftServerConfigKeys (ConfUtils.java:logGet(46)) - raft.server.log.corruption.policy = EXCEPTION (default)
2023-01-25 10:22:54,523 [pool-163-thread-1] INFO  server.RaftServerConfigKeys (ConfUtils.java:logGet(46)) - raft.server.storage.free-space.min = 0MB (=0) (default)
2023-01-25 10:22:54,523 [pool-163-thread-1] INFO  server.RaftServerConfigKeys (ConfUtils.java:logGet(46)) - raft.server.notification.no-leader.timeout = 300s (custom)
2023-01-25 10:22:54,523 [pool-163-thread-1] INFO  server.RaftServerConfigKeys (ConfUtils.java:logGet(46)) - raft.server.retrycache.expirytime = 600000ms (custom)
2023-01-25 10:22:54,523 [pool-163-thread-1] INFO  server.RaftServerConfigKeys (ConfUtils.java:logGet(46)) - raft.server.retrycache.statistics.expirytime = 100μs (default)
2023-01-25 10:22:54,524 [pool-163-thread-1] INFO  server.RaftServerConfigKeys (ConfUtils.java:logGet(46)) - raft.server.log.appender.install.snapshot.enabled = false (custom)
2023-01-25 10:22:54,524 [pool-163-thread-1] INFO  server.RaftServerConfigKeys (ConfUtils.java:logGet(46)) - raft.server.threadpool.server.cached = true (default)
2023-01-25 10:22:54,524 [pool-163-thread-1] INFO  server.RaftServerConfigKeys (ConfUtils.java:logGet(46)) - raft.server.threadpool.server.size = 0 (default)
2023-01-25 10:22:54,524 [pool-163-thread-1] INFO  server.RaftServerConfigKeys (ConfUtils.java:logGet(46)) - raft.server.threadpool.client.cached = true (default)
2023-01-25 10:22:54,524 [pool-163-thread-1] INFO  server.RaftServerConfigKeys (ConfUtils.java:logGet(46)) - raft.server.threadpool.client.size = 0 (default)
2023-01-25 10:22:54,524 [pool-163-thread-1] INFO  storage.RaftStorageDirectory (RaftStorageDirectoryImpl.java:analyzeStorage(137)) - The storage directory /home/runner/work/ozone/ozone/hadoop-ozone/integration-test/target/test-dir/MiniOzoneClusterImpl-1247b3fc-8c88-4cf7-b93f-ad2be507f780/datanode-4/data/ratis/7e2fb23a-ba64-429f-9977-80f44550e9db does not exist. Creating ...
2023-01-25 10:22:54,525 [pool-163-thread-1] INFO  storage.RaftStorageDirectory (RaftStorageDirectoryImpl.java:tryLock(231)) - Lock on /home/runner/work/ozone/ozone/hadoop-ozone/integration-test/target/test-dir/MiniOzoneClusterImpl-1247b3fc-8c88-4cf7-b93f-ad2be507f780/datanode-4/data/ratis/7e2fb23a-ba64-429f-9977-80f44550e9db/in_use.lock acquired by nodename 69329@fv-az462-827
2023-01-25 10:22:54,525 [pool-186-thread-1] INFO  server.RaftServerConfigKeys (ConfUtils.java:logGet(46)) - raft.server.log.write.buffer.size = 1048576 (custom)
2023-01-25 10:22:54,527 [pool-186-thread-1] INFO  server.RaftServerConfigKeys (ConfUtils.java:logGet(46)) - raft.server.log.appender.buffer.byte-limit = 33554432 (custom)
2023-01-25 10:22:54,530 [pool-186-thread-1] INFO  server.RaftServerConfigKeys (ConfUtils.java:logGet(46)) - raft.server.log.unsafe-flush.enabled = false (default)
2023-01-25 10:22:54,530 [pool-186-thread-1] INFO  server.RaftServerConfigKeys (ConfUtils.java:logGet(46)) - raft.server.log.async-flush.enabled = false (default)
2023-01-25 10:22:54,530 [pool-186-thread-1] INFO  server.RaftServerConfigKeys (ConfUtils.java:logGet(46)) - raft.server.log.statemachine.data.caching.enabled = true (custom)
2023-01-25 10:22:54,530 [330431a7-276c-471f-aefe-b311ee71fd61@group-857149B1BE16-FollowerState] INFO  server.RaftServerConfigKeys (ConfUtils.java:logFallback(53)) - raft.server.rpc.first-election.timeout.min = 5s (fallback to raft.server.rpc.timeout.min)
2023-01-25 10:22:54,530 [330431a7-276c-471f-aefe-b311ee71fd61@group-857149B1BE16-FollowerState] INFO  server.RaftServerConfigKeys (ConfUtils.java:logFallback(53)) - raft.server.rpc.first-election.timeout.max = 5200ms (fallback to raft.server.rpc.timeout.max)
2023-01-25 10:22:54,531 [pool-186-thread-1] INFO  segmented.SegmentedRaftLogWorker (SegmentedRaftLogWorker.java:lambda$new$0(135)) - d3187004-3c5d-4262-9ff7-104fb060a734@group-80F44550E9DB-SegmentedRaftLogWorker: flushIndex: setUnconditionally 0 -> -1
2023-01-25 10:22:54,531 [pool-186-thread-1] INFO  segmented.SegmentedRaftLogWorker (SegmentedRaftLogWorker.java:lambda$new$0(135)) - d3187004-3c5d-4262-9ff7-104fb060a734@group-80F44550E9DB-SegmentedRaftLogWorker: safeCacheEvictIndex: setUnconditionally 0 -> -1
2023-01-25 10:22:54,531 [pool-163-thread-1] INFO  storage.RaftStorage (RaftStorageImpl.java:format(96)) - Storage directory /home/runner/work/ozone/ozone/hadoop-ozone/integration-test/target/test-dir/MiniOzoneClusterImpl-1247b3fc-8c88-4cf7-b93f-ad2be507f780/datanode-4/data/ratis/7e2fb23a-ba64-429f-9977-80f44550e9db has been successfully formatted.
2023-01-25 10:22:54,531 [pool-186-thread-1] INFO  server.RaftServer$Division (RaftServerImpl.java:start(334)) - d3187004-3c5d-4262-9ff7-104fb060a734@group-80F44550E9DB: start as a follower, conf=-1: peers:[330431a7-276c-471f-aefe-b311ee71fd61|rpc:10.1.0.14:44241|dataStream:10.1.0.14:35499|priority:0|startupRole:FOLLOWER, d3187004-3c5d-4262-9ff7-104fb060a734|rpc:10.1.0.14:40329|dataStream:10.1.0.14:38809|priority:0|startupRole:FOLLOWER, d93446b7-35bc-4b37-88f9-4794ab5c6ae8|rpc:10.1.0.14:39081|dataStream:10.1.0.14:34805|priority:1|startupRole:FOLLOWER]|listeners:[], old=null
2023-01-25 10:22:54,531 [pool-186-thread-1] INFO  server.RaftServer$Division (RaftServerImpl.java:setRole(321)) - d3187004-3c5d-4262-9ff7-104fb060a734@group-80F44550E9DB: changes role from      null to FOLLOWER at term 0 for startAsFollower
2023-01-25 10:22:54,531 [pool-186-thread-1] INFO  impl.RoleInfo (RoleInfo.java:updateAndGet(139)) - d3187004-3c5d-4262-9ff7-104fb060a734: start d3187004-3c5d-4262-9ff7-104fb060a734@group-80F44550E9DB-FollowerState
2023-01-25 10:22:54,533 [d3187004-3c5d-4262-9ff7-104fb060a734@group-80F44550E9DB-FollowerState] INFO  server.RaftServerConfigKeys (ConfUtils.java:logFallback(53)) - raft.server.rpc.first-election.timeout.min = 5s (fallback to raft.server.rpc.timeout.min)
2023-01-25 10:22:54,533 [d3187004-3c5d-4262-9ff7-104fb060a734@group-80F44550E9DB-FollowerState] INFO  server.RaftServerConfigKeys (ConfUtils.java:logFallback(53)) - raft.server.rpc.first-election.timeout.max = 5200ms (fallback to raft.server.rpc.timeout.max)
2023-01-25 10:22:54,533 [pool-186-thread-1] INFO  util.JmxRegister (JmxRegister.java:tryRegister(44)) - Successfully registered JMX Bean with object name Ratis:service=RaftServer,group=group-80F44550E9DB,id=d3187004-3c5d-4262-9ff7-104fb060a734
2023-01-25 10:22:54,534 [pool-186-thread-1] INFO  server.RaftServerConfigKeys (ConfUtils.java:logGet(46)) - raft.server.snapshot.auto.trigger.enabled = true (custom)
2023-01-25 10:22:54,534 [pool-186-thread-1] INFO  server.RaftServerConfigKeys (ConfUtils.java:logGet(46)) - raft.server.snapshot.auto.trigger.threshold = 10000 (custom)
2023-01-25 10:22:54,534 [pool-186-thread-1] INFO  server.RaftServerConfigKeys (ConfUtils.java:logGet(46)) - raft.server.snapshot.retention.file.num = 5 (custom)
2023-01-25 10:22:54,534 [pool-186-thread-1] INFO  server.RaftServerConfigKeys (ConfUtils.java:logGet(46)) - raft.server.log.purge.upto.snapshot.index = false (default)
2023-01-25 10:22:54,533 [pool-163-thread-1] INFO  ratis.ContainerStateMachine (ContainerStateMachine.java:loadSnapshot(240)) - group-80F44550E9DB: The snapshot info is null. Setting the last applied indexto:(t:0, i:~)
2023-01-25 10:22:54,534 [pool-163-thread-1] INFO  server.RaftServerConfigKeys (ConfUtils.java:logGet(46)) - raft.server.log.use.memory = false (default)
2023-01-25 10:22:54,534 [pool-163-thread-1] INFO  server.RaftServerConfigKeys (ConfUtils.java:logGet(46)) - raft.server.log.purge.gap = 1000000 (custom)
2023-01-25 10:22:54,534 [pool-163-thread-1] INFO  server.RaftServerConfigKeys (ConfUtils.java:logGet(46)) - raft.server.log.appender.buffer.byte-limit = 33554432 (custom)
2023-01-25 10:22:54,535 [pool-163-thread-1] INFO  server.RaftServerConfigKeys (ConfUtils.java:logGet(46)) - raft.server.log.statemachine.data.read.timeout = 1000ms (default)
2023-01-25 10:22:54,535 [pool-163-thread-1] INFO  server.RaftServerConfigKeys (ConfUtils.java:logGet(46)) - raft.server.log.purge.preservation.log.num = 0 (default)
2023-01-25 10:22:54,535 [pool-163-thread-1] INFO  server.RaftServerConfigKeys (ConfUtils.java:logGet(46)) - raft.server.log.segment.size.max = 1048576 (custom)
2023-01-25 10:22:54,535 [pool-163-thread-1] INFO  server.RaftServerConfigKeys (ConfUtils.java:logGet(46)) - raft.server.log.segment.cache.num.max = 2 (custom)
2023-01-25 10:22:54,535 [pool-163-thread-1] INFO  server.RaftServerConfigKeys (ConfUtils.java:logGet(46)) - raft.server.log.segment.cache.size.max = 200MB (=209715200) (default)
2023-01-25 10:22:54,535 [pool-163-thread-1] INFO  segmented.SegmentedRaftLogWorker (SegmentedRaftLogWorker.java:<init>(189)) - new 330431a7-276c-471f-aefe-b311ee71fd61@group-80F44550E9DB-SegmentedRaftLogWorker for RaftStorageImpl:Storage Directory /home/runner/work/ozone/ozone/hadoop-ozone/integration-test/target/test-dir/MiniOzoneClusterImpl-1247b3fc-8c88-4cf7-b93f-ad2be507f780/datanode-4/data/ratis/7e2fb23a-ba64-429f-9977-80f44550e9db
2023-01-25 10:22:54,535 [pool-163-thread-1] INFO  server.RaftServerConfigKeys (ConfUtils.java:logGet(46)) - raft.server.log.queue.byte-limit = 4294967296 (custom)
2023-01-25 10:22:54,535 [pool-163-thread-1] INFO  server.RaftServerConfigKeys (ConfUtils.java:logGet(46)) - raft.server.log.queue.element-limit = 1024 (custom)
2023-01-25 10:22:54,536 [pool-163-thread-1] INFO  server.RaftServerConfigKeys (ConfUtils.java:logGet(46)) - raft.server.log.segment.size.max = 1048576 (custom)
2023-01-25 10:22:54,537 [pool-163-thread-1] INFO  server.RaftServerConfigKeys (ConfUtils.java:logGet(46)) - raft.server.log.preallocated.size = 16384 (custom)
2023-01-25 10:22:54,537 [pool-163-thread-1] INFO  server.RaftServerConfigKeys (ConfUtils.java:logGet(46)) - raft.server.log.force.sync.num = 128 (default)
2023-01-25 10:22:54,537 [pool-163-thread-1] INFO  server.RaftServerConfigKeys (ConfUtils.java:logGet(46)) - raft.server.log.statemachine.data.sync = true (default)
2023-01-25 10:22:54,537 [pool-163-thread-1] INFO  server.RaftServerConfigKeys (ConfUtils.java:logGet(46)) - raft.server.log.statemachine.data.sync.timeout = 10s (default)
2023-01-25 10:22:54,537 [pool-163-thread-1] INFO  server.RaftServerConfigKeys (ConfUtils.java:logGet(46)) - raft.server.log.statemachine.data.sync.timeout.retry = -1 (default)
2023-01-25 10:22:54,538 [EventQueue-OpenPipelineForHealthyPipelineSafeModeRule] INFO  safemode.SCMSafeModeManager (HealthyPipelineSafeModeRule.java:process(137)) - SCM in safe mode. Healthy pipelines reported count is 0, required healthy pipeline reported count is 1
2023-01-25 10:22:54,538 [pool-163-thread-1] INFO  server.RaftServerConfigKeys (ConfUtils.java:logGet(46)) - raft.server.log.write.buffer.size = 1048576 (custom)
2023-01-25 10:22:54,539 [pool-163-thread-1] INFO  server.RaftServerConfigKeys (ConfUtils.java:logGet(46)) - raft.server.log.appender.buffer.byte-limit = 33554432 (custom)
2023-01-25 10:22:54,543 [pool-163-thread-1] INFO  server.RaftServerConfigKeys (ConfUtils.java:logGet(46)) - raft.server.log.unsafe-flush.enabled = false (default)
2023-01-25 10:22:54,543 [pool-163-thread-1] INFO  server.RaftServerConfigKeys (ConfUtils.java:logGet(46)) - raft.server.log.async-flush.enabled = false (default)
2023-01-25 10:22:54,543 [pool-163-thread-1] INFO  server.RaftServerConfigKeys (ConfUtils.java:logGet(46)) - raft.server.log.statemachine.data.caching.enabled = true (custom)
2023-01-25 10:22:54,543 [pool-163-thread-1] INFO  segmented.SegmentedRaftLogWorker (SegmentedRaftLogWorker.java:lambda$new$0(135)) - 330431a7-276c-471f-aefe-b311ee71fd61@group-80F44550E9DB-SegmentedRaftLogWorker: flushIndex: setUnconditionally 0 -> -1
2023-01-25 10:22:54,543 [pool-163-thread-1] INFO  segmented.SegmentedRaftLogWorker (SegmentedRaftLogWorker.java:lambda$new$0(135)) - 330431a7-276c-471f-aefe-b311ee71fd61@group-80F44550E9DB-SegmentedRaftLogWorker: safeCacheEvictIndex: setUnconditionally 0 -> -1
2023-01-25 10:22:54,543 [pool-163-thread-1] INFO  server.RaftServer$Division (RaftServerImpl.java:start(334)) - 330431a7-276c-471f-aefe-b311ee71fd61@group-80F44550E9DB: start as a follower, conf=-1: peers:[330431a7-276c-471f-aefe-b311ee71fd61|rpc:10.1.0.14:44241|dataStream:10.1.0.14:35499|priority:0|startupRole:FOLLOWER, d3187004-3c5d-4262-9ff7-104fb060a734|rpc:10.1.0.14:40329|dataStream:10.1.0.14:38809|priority:0|startupRole:FOLLOWER, d93446b7-35bc-4b37-88f9-4794ab5c6ae8|rpc:10.1.0.14:39081|dataStream:10.1.0.14:34805|priority:1|startupRole:FOLLOWER]|listeners:[], old=null
2023-01-25 10:22:54,543 [pool-163-thread-1] INFO  server.RaftServer$Division (RaftServerImpl.java:setRole(321)) - 330431a7-276c-471f-aefe-b311ee71fd61@group-80F44550E9DB: changes role from      null to FOLLOWER at term 0 for startAsFollower
2023-01-25 10:22:54,543 [pool-163-thread-1] INFO  impl.RoleInfo (RoleInfo.java:updateAndGet(139)) - 330431a7-276c-471f-aefe-b311ee71fd61: start 330431a7-276c-471f-aefe-b311ee71fd61@group-80F44550E9DB-FollowerState
2023-01-25 10:22:54,544 [pool-163-thread-1] INFO  util.JmxRegister (JmxRegister.java:tryRegister(44)) - Successfully registered JMX Bean with object name Ratis:service=RaftServer,group=group-80F44550E9DB,id=330431a7-276c-471f-aefe-b311ee71fd61
2023-01-25 10:22:54,544 [pool-163-thread-1] INFO  server.RaftServerConfigKeys (ConfUtils.java:logGet(46)) - raft.server.snapshot.auto.trigger.enabled = true (custom)
2023-01-25 10:22:54,544 [pool-163-thread-1] INFO  server.RaftServerConfigKeys (ConfUtils.java:logGet(46)) - raft.server.snapshot.auto.trigger.threshold = 10000 (custom)
2023-01-25 10:22:54,544 [pool-163-thread-1] INFO  server.RaftServerConfigKeys (ConfUtils.java:logGet(46)) - raft.server.snapshot.retention.file.num = 5 (custom)
2023-01-25 10:22:54,544 [pool-163-thread-1] INFO  server.RaftServerConfigKeys (ConfUtils.java:logGet(46)) - raft.server.log.purge.upto.snapshot.index = false (default)
2023-01-25 10:22:54,544 [330431a7-276c-471f-aefe-b311ee71fd61@group-80F44550E9DB-FollowerState] INFO  server.RaftServerConfigKeys (ConfUtils.java:logFallback(53)) - raft.server.rpc.first-election.timeout.min = 5s (fallback to raft.server.rpc.timeout.min)
2023-01-25 10:22:54,551 [330431a7-276c-471f-aefe-b311ee71fd61@group-80F44550E9DB-FollowerState] INFO  server.RaftServerConfigKeys (ConfUtils.java:logFallback(53)) - raft.server.rpc.first-election.timeout.max = 5200ms (fallback to raft.server.rpc.timeout.max)
2023-01-25 10:22:54,544 [Command processor thread] INFO  ratis.XceiverServerRatis (XceiverServerRatis.java:addGroup(806)) - Created group PipelineID=7e2fb23a-ba64-429f-9977-80f44550e9db
2023-01-25 10:22:54,603 [Command processor thread] INFO  commandhandler.CreatePipelineCommandHandler (CreatePipelineCommandHandler.java:handle(113)) - Created Pipeline RATIS THREE PipelineID=7e2fb23a-ba64-429f-9977-80f44550e9db.
2023-01-25 10:22:54,603 [Command processor thread] INFO  server.RaftServer (RaftServerProxy.java:addNew(96)) - d93446b7-35bc-4b37-88f9-4794ab5c6ae8: addNew group-84C3B82A181D:[330431a7-276c-471f-aefe-b311ee71fd61|rpc:10.1.0.14:44241|dataStream:10.1.0.14:35499|priority:1|startupRole:FOLLOWER, d3187004-3c5d-4262-9ff7-104fb060a734|rpc:10.1.0.14:40329|dataStream:10.1.0.14:38809|priority:0|startupRole:FOLLOWER, d93446b7-35bc-4b37-88f9-4794ab5c6ae8|rpc:10.1.0.14:39081|dataStream:10.1.0.14:34805|priority:0|startupRole:FOLLOWER] returns group-84C3B82A181D:java.util.concurrent.CompletableFuture@2142ac6d[Not completed]
2023-01-25 10:22:54,604 [pool-140-thread-1] INFO  server.RaftServer$Division (RaftServerImpl.java:<init>(195)) - d93446b7-35bc-4b37-88f9-4794ab5c6ae8: new RaftServerImpl for group-84C3B82A181D:[330431a7-276c-471f-aefe-b311ee71fd61|rpc:10.1.0.14:44241|dataStream:10.1.0.14:35499|priority:1|startupRole:FOLLOWER, d3187004-3c5d-4262-9ff7-104fb060a734|rpc:10.1.0.14:40329|dataStream:10.1.0.14:38809|priority:0|startupRole:FOLLOWER, d93446b7-35bc-4b37-88f9-4794ab5c6ae8|rpc:10.1.0.14:39081|dataStream:10.1.0.14:34805|priority:0|startupRole:FOLLOWER] with ContainerStateMachine:uninitialized
2023-01-25 10:22:54,604 [pool-140-thread-1] INFO  server.RaftServerConfigKeys (ConfUtils.java:logGet(46)) - raft.server.rpc.timeout.min = 5s (custom)
2023-01-25 10:22:54,604 [pool-140-thread-1] INFO  server.RaftServerConfigKeys (ConfUtils.java:logGet(46)) - raft.server.rpc.timeout.max = 5200ms (custom)
2023-01-25 10:22:54,604 [pool-140-thread-1] INFO  server.RaftServerConfigKeys (ConfUtils.java:logGet(46)) - raft.server.rpc.sleep.time = 25ms (default)
2023-01-25 10:22:54,604 [pool-140-thread-1] INFO  server.RaftServerConfigKeys (ConfUtils.java:logGet(46)) - raft.server.rpc.slowness.timeout = 300s (custom)
2023-01-25 10:22:54,604 [pool-140-thread-1] INFO  server.RaftServerConfigKeys (ConfUtils.java:logGet(46)) - raft.server.leaderelection.leader.step-down.wait-time = 10s (default)
2023-01-25 10:22:54,604 [pool-140-thread-1] INFO  server.RaftServerConfigKeys (ConfUtils.java:logGet(46)) - raft.server.sleep.deviation.threshold = 300ms (default)
2023-01-25 10:22:54,604 [pool-140-thread-1] INFO  server.RaftServer$Division (ServerState.java:<init>(118)) - d93446b7-35bc-4b37-88f9-4794ab5c6ae8@group-84C3B82A181D: ConfigurationManager, init=-1: peers:[330431a7-276c-471f-aefe-b311ee71fd61|rpc:10.1.0.14:44241|dataStream:10.1.0.14:35499|priority:1|startupRole:FOLLOWER, d3187004-3c5d-4262-9ff7-104fb060a734|rpc:10.1.0.14:40329|dataStream:10.1.0.14:38809|priority:0|startupRole:FOLLOWER, d93446b7-35bc-4b37-88f9-4794ab5c6ae8|rpc:10.1.0.14:39081|dataStream:10.1.0.14:34805|priority:0|startupRole:FOLLOWER]|listeners:[], old=null, confs=<EMPTY_MAP>
2023-01-25 10:22:54,604 [pool-140-thread-1] INFO  server.RaftServerConfigKeys (ConfUtils.java:logGet(46)) - raft.server.storage.dir = [/home/runner/work/ozone/ozone/hadoop-ozone/integration-test/target/test-dir/MiniOzoneClusterImpl-1247b3fc-8c88-4cf7-b93f-ad2be507f780/datanode-3/data/ratis] (custom)
2023-01-25 10:22:54,604 [pool-140-thread-1] INFO  server.RaftServerConfigKeys (ConfUtils.java:logGet(46)) - raft.server.log.corruption.policy = EXCEPTION (default)
2023-01-25 10:22:54,605 [pool-140-thread-1] INFO  server.RaftServerConfigKeys (ConfUtils.java:logGet(46)) - raft.server.storage.free-space.min = 0MB (=0) (default)
2023-01-25 10:22:54,605 [pool-140-thread-1] INFO  server.RaftServerConfigKeys (ConfUtils.java:logGet(46)) - raft.server.notification.no-leader.timeout = 300s (custom)
2023-01-25 10:22:54,605 [pool-140-thread-1] INFO  server.RaftServerConfigKeys (ConfUtils.java:logGet(46)) - raft.server.retrycache.expirytime = 600000ms (custom)
2023-01-25 10:22:54,605 [pool-140-thread-1] INFO  server.RaftServerConfigKeys (ConfUtils.java:logGet(46)) - raft.server.retrycache.statistics.expirytime = 100μs (default)
2023-01-25 10:22:54,606 [pool-140-thread-1] INFO  server.RaftServerConfigKeys (ConfUtils.java:logGet(46)) - raft.server.log.appender.install.snapshot.enabled = false (custom)
2023-01-25 10:22:54,606 [pool-140-thread-1] INFO  server.RaftServerConfigKeys (ConfUtils.java:logGet(46)) - raft.server.threadpool.server.cached = true (default)
2023-01-25 10:22:54,606 [pool-140-thread-1] INFO  server.RaftServerConfigKeys (ConfUtils.java:logGet(46)) - raft.server.threadpool.server.size = 0 (default)
2023-01-25 10:22:54,606 [pool-140-thread-1] INFO  server.RaftServerConfigKeys (ConfUtils.java:logGet(46)) - raft.server.threadpool.client.cached = true (default)
2023-01-25 10:22:54,606 [pool-140-thread-1] INFO  server.RaftServerConfigKeys (ConfUtils.java:logGet(46)) - raft.server.threadpool.client.size = 0 (default)
2023-01-25 10:22:54,606 [pool-140-thread-1] INFO  storage.RaftStorageDirectory (RaftStorageDirectoryImpl.java:analyzeStorage(137)) - The storage directory /home/runner/work/ozone/ozone/hadoop-ozone/integration-test/target/test-dir/MiniOzoneClusterImpl-1247b3fc-8c88-4cf7-b93f-ad2be507f780/datanode-3/data/ratis/69ab94f3-f15e-4245-9e29-84c3b82a181d does not exist. Creating ...
2023-01-25 10:22:54,608 [pool-140-thread-1] INFO  storage.RaftStorageDirectory (RaftStorageDirectoryImpl.java:tryLock(231)) - Lock on /home/runner/work/ozone/ozone/hadoop-ozone/integration-test/target/test-dir/MiniOzoneClusterImpl-1247b3fc-8c88-4cf7-b93f-ad2be507f780/datanode-3/data/ratis/69ab94f3-f15e-4245-9e29-84c3b82a181d/in_use.lock acquired by nodename 69329@fv-az462-827
2023-01-25 10:22:54,613 [pool-140-thread-1] INFO  storage.RaftStorage (RaftStorageImpl.java:format(96)) - Storage directory /home/runner/work/ozone/ozone/hadoop-ozone/integration-test/target/test-dir/MiniOzoneClusterImpl-1247b3fc-8c88-4cf7-b93f-ad2be507f780/datanode-3/data/ratis/69ab94f3-f15e-4245-9e29-84c3b82a181d has been successfully formatted.
2023-01-25 10:22:54,614 [EventQueue-OpenPipelineForHealthyPipelineSafeModeRule] INFO  safemode.SCMSafeModeManager (HealthyPipelineSafeModeRule.java:process(137)) - SCM in safe mode. Healthy pipelines reported count is 0, required healthy pipeline reported count is 1
2023-01-25 10:22:54,615 [Command processor thread] INFO  commandhandler.CreatePipelineCommandHandler (CreatePipelineCommandHandler.java:handle(113)) - Created Pipeline RATIS THREE PipelineID=7e2fb23a-ba64-429f-9977-80f44550e9db.
2023-01-25 10:22:54,615 [Command processor thread] INFO  server.RaftServer (RaftServerProxy.java:addNew(96)) - 330431a7-276c-471f-aefe-b311ee71fd61: addNew group-84C3B82A181D:[330431a7-276c-471f-aefe-b311ee71fd61|rpc:10.1.0.14:44241|dataStream:10.1.0.14:35499|priority:1|startupRole:FOLLOWER, d3187004-3c5d-4262-9ff7-104fb060a734|rpc:10.1.0.14:40329|dataStream:10.1.0.14:38809|priority:0|startupRole:FOLLOWER, d93446b7-35bc-4b37-88f9-4794ab5c6ae8|rpc:10.1.0.14:39081|dataStream:10.1.0.14:34805|priority:0|startupRole:FOLLOWER] returns group-84C3B82A181D:java.util.concurrent.CompletableFuture@21ecae1d[Not completed]
2023-01-25 10:22:54,615 [pool-140-thread-1] INFO  ratis.ContainerStateMachine (ContainerStateMachine.java:loadSnapshot(240)) - group-84C3B82A181D: The snapshot info is null. Setting the last applied indexto:(t:0, i:~)
2023-01-25 10:22:54,616 [pool-140-thread-1] INFO  server.RaftServerConfigKeys (ConfUtils.java:logGet(46)) - raft.server.log.use.memory = false (default)
2023-01-25 10:22:54,616 [pool-140-thread-1] INFO  server.RaftServerConfigKeys (ConfUtils.java:logGet(46)) - raft.server.log.purge.gap = 1000000 (custom)
2023-01-25 10:22:54,616 [pool-140-thread-1] INFO  server.RaftServerConfigKeys (ConfUtils.java:logGet(46)) - raft.server.log.appender.buffer.byte-limit = 33554432 (custom)
2023-01-25 10:22:54,616 [pool-140-thread-1] INFO  server.RaftServerConfigKeys (ConfUtils.java:logGet(46)) - raft.server.log.statemachine.data.read.timeout = 1000ms (default)
2023-01-25 10:22:54,616 [pool-140-thread-1] INFO  server.RaftServerConfigKeys (ConfUtils.java:logGet(46)) - raft.server.log.purge.preservation.log.num = 0 (default)
2023-01-25 10:22:54,616 [pool-140-thread-1] INFO  server.RaftServerConfigKeys (ConfUtils.java:logGet(46)) - raft.server.log.segment.size.max = 1048576 (custom)
2023-01-25 10:22:54,616 [pool-163-thread-1] INFO  server.RaftServer$Division (RaftServerImpl.java:<init>(195)) - 330431a7-276c-471f-aefe-b311ee71fd61: new RaftServerImpl for group-84C3B82A181D:[330431a7-276c-471f-aefe-b311ee71fd61|rpc:10.1.0.14:44241|dataStream:10.1.0.14:35499|priority:1|startupRole:FOLLOWER, d3187004-3c5d-4262-9ff7-104fb060a734|rpc:10.1.0.14:40329|dataStream:10.1.0.14:38809|priority:0|startupRole:FOLLOWER, d93446b7-35bc-4b37-88f9-4794ab5c6ae8|rpc:10.1.0.14:39081|dataStream:10.1.0.14:34805|priority:0|startupRole:FOLLOWER] with ContainerStateMachine:uninitialized
2023-01-25 10:22:54,617 [pool-163-thread-1] INFO  server.RaftServerConfigKeys (ConfUtils.java:logGet(46)) - raft.server.rpc.timeout.min = 5s (custom)
2023-01-25 10:22:54,617 [pool-163-thread-1] INFO  server.RaftServerConfigKeys (ConfUtils.java:logGet(46)) - raft.server.rpc.timeout.max = 5200ms (custom)
2023-01-25 10:22:54,617 [pool-163-thread-1] INFO  server.RaftServerConfigKeys (ConfUtils.java:logGet(46)) - raft.server.rpc.sleep.time = 25ms (default)
2023-01-25 10:22:54,617 [pool-163-thread-1] INFO  server.RaftServerConfigKeys (ConfUtils.java:logGet(46)) - raft.server.rpc.slowness.timeout = 300s (custom)
2023-01-25 10:22:54,617 [pool-163-thread-1] INFO  server.RaftServerConfigKeys (ConfUtils.java:logGet(46)) - raft.server.leaderelection.leader.step-down.wait-time = 10s (default)
2023-01-25 10:22:54,617 [pool-163-thread-1] INFO  server.RaftServerConfigKeys (ConfUtils.java:logGet(46)) - raft.server.sleep.deviation.threshold = 300ms (default)
2023-01-25 10:22:54,617 [pool-163-thread-1] INFO  server.RaftServer$Division (ServerState.java:<init>(118)) - 330431a7-276c-471f-aefe-b311ee71fd61@group-84C3B82A181D: ConfigurationManager, init=-1: peers:[330431a7-276c-471f-aefe-b311ee71fd61|rpc:10.1.0.14:44241|dataStream:10.1.0.14:35499|priority:1|startupRole:FOLLOWER, d3187004-3c5d-4262-9ff7-104fb060a734|rpc:10.1.0.14:40329|dataStream:10.1.0.14:38809|priority:0|startupRole:FOLLOWER, d93446b7-35bc-4b37-88f9-4794ab5c6ae8|rpc:10.1.0.14:39081|dataStream:10.1.0.14:34805|priority:0|startupRole:FOLLOWER]|listeners:[], old=null, confs=<EMPTY_MAP>
2023-01-25 10:22:54,617 [pool-163-thread-1] INFO  server.RaftServerConfigKeys (ConfUtils.java:logGet(46)) - raft.server.storage.dir = [/home/runner/work/ozone/ozone/hadoop-ozone/integration-test/target/test-dir/MiniOzoneClusterImpl-1247b3fc-8c88-4cf7-b93f-ad2be507f780/datanode-4/data/ratis] (custom)
2023-01-25 10:22:54,617 [pool-163-thread-1] INFO  server.RaftServerConfigKeys (ConfUtils.java:logGet(46)) - raft.server.log.corruption.policy = EXCEPTION (default)
2023-01-25 10:22:54,617 [pool-163-thread-1] INFO  server.RaftServerConfigKeys (ConfUtils.java:logGet(46)) - raft.server.storage.free-space.min = 0MB (=0) (default)
2023-01-25 10:22:54,618 [pool-163-thread-1] INFO  server.RaftServerConfigKeys (ConfUtils.java:logGet(46)) - raft.server.notification.no-leader.timeout = 300s (custom)
2023-01-25 10:22:54,618 [pool-163-thread-1] INFO  server.RaftServerConfigKeys (ConfUtils.java:logGet(46)) - raft.server.retrycache.expirytime = 600000ms (custom)
2023-01-25 10:22:54,618 [pool-163-thread-1] INFO  server.RaftServerConfigKeys (ConfUtils.java:logGet(46)) - raft.server.retrycache.statistics.expirytime = 100μs (default)
2023-01-25 10:22:54,619 [pool-163-thread-1] INFO  server.RaftServerConfigKeys (ConfUtils.java:logGet(46)) - raft.server.log.appender.install.snapshot.enabled = false (custom)
2023-01-25 10:22:54,619 [pool-163-thread-1] INFO  server.RaftServerConfigKeys (ConfUtils.java:logGet(46)) - raft.server.threadpool.server.cached = true (default)
2023-01-25 10:22:54,619 [pool-163-thread-1] INFO  server.RaftServerConfigKeys (ConfUtils.java:logGet(46)) - raft.server.threadpool.server.size = 0 (default)
2023-01-25 10:22:54,619 [pool-163-thread-1] INFO  server.RaftServerConfigKeys (ConfUtils.java:logGet(46)) - raft.server.threadpool.client.cached = true (default)
2023-01-25 10:22:54,619 [pool-163-thread-1] INFO  server.RaftServerConfigKeys (ConfUtils.java:logGet(46)) - raft.server.threadpool.client.size = 0 (default)
2023-01-25 10:22:54,619 [pool-163-thread-1] INFO  storage.RaftStorageDirectory (RaftStorageDirectoryImpl.java:analyzeStorage(137)) - The storage directory /home/runner/work/ozone/ozone/hadoop-ozone/integration-test/target/test-dir/MiniOzoneClusterImpl-1247b3fc-8c88-4cf7-b93f-ad2be507f780/datanode-4/data/ratis/69ab94f3-f15e-4245-9e29-84c3b82a181d does not exist. Creating ...
2023-01-25 10:22:54,616 [pool-140-thread-1] INFO  server.RaftServerConfigKeys (ConfUtils.java:logGet(46)) - raft.server.log.segment.cache.num.max = 2 (custom)
2023-01-25 10:22:54,622 [pool-140-thread-1] INFO  server.RaftServerConfigKeys (ConfUtils.java:logGet(46)) - raft.server.log.segment.cache.size.max = 200MB (=209715200) (default)
2023-01-25 10:22:54,622 [pool-140-thread-1] INFO  segmented.SegmentedRaftLogWorker (SegmentedRaftLogWorker.java:<init>(189)) - new d93446b7-35bc-4b37-88f9-4794ab5c6ae8@group-84C3B82A181D-SegmentedRaftLogWorker for RaftStorageImpl:Storage Directory /home/runner/work/ozone/ozone/hadoop-ozone/integration-test/target/test-dir/MiniOzoneClusterImpl-1247b3fc-8c88-4cf7-b93f-ad2be507f780/datanode-3/data/ratis/69ab94f3-f15e-4245-9e29-84c3b82a181d
2023-01-25 10:22:54,622 [pool-140-thread-1] INFO  server.RaftServerConfigKeys (ConfUtils.java:logGet(46)) - raft.server.log.queue.byte-limit = 4294967296 (custom)
2023-01-25 10:22:54,622 [pool-140-thread-1] INFO  server.RaftServerConfigKeys (ConfUtils.java:logGet(46)) - raft.server.log.queue.element-limit = 1024 (custom)
2023-01-25 10:22:54,622 [pool-140-thread-1] INFO  server.RaftServerConfigKeys (ConfUtils.java:logGet(46)) - raft.server.log.segment.size.max = 1048576 (custom)
2023-01-25 10:22:54,622 [pool-140-thread-1] INFO  server.RaftServerConfigKeys (ConfUtils.java:logGet(46)) - raft.server.log.preallocated.size = 16384 (custom)
2023-01-25 10:22:54,622 [pool-140-thread-1] INFO  server.RaftServerConfigKeys (ConfUtils.java:logGet(46)) - raft.server.log.force.sync.num = 128 (default)
2023-01-25 10:22:54,622 [pool-140-thread-1] INFO  server.RaftServerConfigKeys (ConfUtils.java:logGet(46)) - raft.server.log.statemachine.data.sync = true (default)
2023-01-25 10:22:54,622 [pool-140-thread-1] INFO  server.RaftServerConfigKeys (ConfUtils.java:logGet(46)) - raft.server.log.statemachine.data.sync.timeout = 10s (default)
2023-01-25 10:22:54,622 [pool-140-thread-1] INFO  server.RaftServerConfigKeys (ConfUtils.java:logGet(46)) - raft.server.log.statemachine.data.sync.timeout.retry = -1 (default)
2023-01-25 10:22:54,623 [pool-140-thread-1] INFO  server.RaftServerConfigKeys (ConfUtils.java:logGet(46)) - raft.server.log.write.buffer.size = 1048576 (custom)
2023-01-25 10:22:54,623 [pool-140-thread-1] INFO  server.RaftServerConfigKeys (ConfUtils.java:logGet(46)) - raft.server.log.appender.buffer.byte-limit = 33554432 (custom)
2023-01-25 10:22:54,626 [pool-140-thread-1] INFO  server.RaftServerConfigKeys (ConfUtils.java:logGet(46)) - raft.server.log.unsafe-flush.enabled = false (default)
2023-01-25 10:22:54,626 [pool-140-thread-1] INFO  server.RaftServerConfigKeys (ConfUtils.java:logGet(46)) - raft.server.log.async-flush.enabled = false (default)
2023-01-25 10:22:54,621 [pool-163-thread-1] INFO  storage.RaftStorageDirectory (RaftStorageDirectoryImpl.java:tryLock(231)) - Lock on /home/runner/work/ozone/ozone/hadoop-ozone/integration-test/target/test-dir/MiniOzoneClusterImpl-1247b3fc-8c88-4cf7-b93f-ad2be507f780/datanode-4/data/ratis/69ab94f3-f15e-4245-9e29-84c3b82a181d/in_use.lock acquired by nodename 69329@fv-az462-827
2023-01-25 10:22:54,627 [pool-140-thread-1] INFO  server.RaftServerConfigKeys (ConfUtils.java:logGet(46)) - raft.server.log.statemachine.data.caching.enabled = true (custom)
2023-01-25 10:22:54,627 [pool-140-thread-1] INFO  segmented.SegmentedRaftLogWorker (SegmentedRaftLogWorker.java:lambda$new$0(135)) - d93446b7-35bc-4b37-88f9-4794ab5c6ae8@group-84C3B82A181D-SegmentedRaftLogWorker: flushIndex: setUnconditionally 0 -> -1
2023-01-25 10:22:54,627 [pool-140-thread-1] INFO  segmented.SegmentedRaftLogWorker (SegmentedRaftLogWorker.java:lambda$new$0(135)) - d93446b7-35bc-4b37-88f9-4794ab5c6ae8@group-84C3B82A181D-SegmentedRaftLogWorker: safeCacheEvictIndex: setUnconditionally 0 -> -1
2023-01-25 10:22:54,627 [pool-140-thread-1] INFO  server.RaftServer$Division (RaftServerImpl.java:start(334)) - d93446b7-35bc-4b37-88f9-4794ab5c6ae8@group-84C3B82A181D: start as a follower, conf=-1: peers:[330431a7-276c-471f-aefe-b311ee71fd61|rpc:10.1.0.14:44241|dataStream:10.1.0.14:35499|priority:1|startupRole:FOLLOWER, d3187004-3c5d-4262-9ff7-104fb060a734|rpc:10.1.0.14:40329|dataStream:10.1.0.14:38809|priority:0|startupRole:FOLLOWER, d93446b7-35bc-4b37-88f9-4794ab5c6ae8|rpc:10.1.0.14:39081|dataStream:10.1.0.14:34805|priority:0|startupRole:FOLLOWER]|listeners:[], old=null
2023-01-25 10:22:54,627 [pool-140-thread-1] INFO  server.RaftServer$Division (RaftServerImpl.java:setRole(321)) - d93446b7-35bc-4b37-88f9-4794ab5c6ae8@group-84C3B82A181D: changes role from      null to FOLLOWER at term 0 for startAsFollower
2023-01-25 10:22:54,628 [pool-163-thread-1] INFO  storage.RaftStorage (RaftStorageImpl.java:format(96)) - Storage directory /home/runner/work/ozone/ozone/hadoop-ozone/integration-test/target/test-dir/MiniOzoneClusterImpl-1247b3fc-8c88-4cf7-b93f-ad2be507f780/datanode-4/data/ratis/69ab94f3-f15e-4245-9e29-84c3b82a181d has been successfully formatted.
2023-01-25 10:22:54,628 [pool-163-thread-1] INFO  ratis.ContainerStateMachine (ContainerStateMachine.java:loadSnapshot(240)) - group-84C3B82A181D: The snapshot info is null. Setting the last applied indexto:(t:0, i:~)
2023-01-25 10:22:54,628 [pool-163-thread-1] INFO  server.RaftServerConfigKeys (ConfUtils.java:logGet(46)) - raft.server.log.use.memory = false (default)
2023-01-25 10:22:54,628 [pool-163-thread-1] INFO  server.RaftServerConfigKeys (ConfUtils.java:logGet(46)) - raft.server.log.purge.gap = 1000000 (custom)
2023-01-25 10:22:54,628 [pool-163-thread-1] INFO  server.RaftServerConfigKeys (ConfUtils.java:logGet(46)) - raft.server.log.appender.buffer.byte-limit = 33554432 (custom)
2023-01-25 10:22:54,628 [pool-163-thread-1] INFO  server.RaftServerConfigKeys (ConfUtils.java:logGet(46)) - raft.server.log.statemachine.data.read.timeout = 1000ms (default)
2023-01-25 10:22:54,628 [pool-163-thread-1] INFO  server.RaftServerConfigKeys (ConfUtils.java:logGet(46)) - raft.server.log.purge.preservation.log.num = 0 (default)
2023-01-25 10:22:54,628 [pool-163-thread-1] INFO  server.RaftServerConfigKeys (ConfUtils.java:logGet(46)) - raft.server.log.segment.size.max = 1048576 (custom)
2023-01-25 10:22:54,629 [pool-163-thread-1] INFO  server.RaftServerConfigKeys (ConfUtils.java:logGet(46)) - raft.server.log.segment.cache.num.max = 2 (custom)
2023-01-25 10:22:54,629 [pool-163-thread-1] INFO  server.RaftServerConfigKeys (ConfUtils.java:logGet(46)) - raft.server.log.segment.cache.size.max = 200MB (=209715200) (default)
2023-01-25 10:22:54,629 [pool-163-thread-1] INFO  segmented.SegmentedRaftLogWorker (SegmentedRaftLogWorker.java:<init>(189)) - new 330431a7-276c-471f-aefe-b311ee71fd61@group-84C3B82A181D-SegmentedRaftLogWorker for RaftStorageImpl:Storage Directory /home/runner/work/ozone/ozone/hadoop-ozone/integration-test/target/test-dir/MiniOzoneClusterImpl-1247b3fc-8c88-4cf7-b93f-ad2be507f780/datanode-4/data/ratis/69ab94f3-f15e-4245-9e29-84c3b82a181d
2023-01-25 10:22:54,629 [pool-163-thread-1] INFO  server.RaftServerConfigKeys (ConfUtils.java:logGet(46)) - raft.server.log.queue.byte-limit = 4294967296 (custom)
2023-01-25 10:22:54,629 [pool-163-thread-1] INFO  server.RaftServerConfigKeys (ConfUtils.java:logGet(46)) - raft.server.log.queue.element-limit = 1024 (custom)
2023-01-25 10:22:54,629 [pool-163-thread-1] INFO  server.RaftServerConfigKeys (ConfUtils.java:logGet(46)) - raft.server.log.segment.size.max = 1048576 (custom)
2023-01-25 10:22:54,629 [pool-163-thread-1] INFO  server.RaftServerConfigKeys (ConfUtils.java:logGet(46)) - raft.server.log.preallocated.size = 16384 (custom)
2023-01-25 10:22:54,629 [pool-163-thread-1] INFO  server.RaftServerConfigKeys (ConfUtils.java:logGet(46)) - raft.server.log.force.sync.num = 128 (default)
2023-01-25 10:22:54,629 [pool-163-thread-1] INFO  server.RaftServerConfigKeys (ConfUtils.java:logGet(46)) - raft.server.log.statemachine.data.sync = true (default)
2023-01-25 10:22:54,629 [pool-163-thread-1] INFO  server.RaftServerConfigKeys (ConfUtils.java:logGet(46)) - raft.server.log.statemachine.data.sync.timeout = 10s (default)
2023-01-25 10:22:54,629 [pool-163-thread-1] INFO  server.RaftServerConfigKeys (ConfUtils.java:logGet(46)) - raft.server.log.statemachine.data.sync.timeout.retry = -1 (default)
2023-01-25 10:22:54,630 [pool-163-thread-1] INFO  server.RaftServerConfigKeys (ConfUtils.java:logGet(46)) - raft.server.log.write.buffer.size = 1048576 (custom)
2023-01-25 10:22:54,630 [pool-163-thread-1] INFO  server.RaftServerConfigKeys (ConfUtils.java:logGet(46)) - raft.server.log.appender.buffer.byte-limit = 33554432 (custom)
2023-01-25 10:22:54,631 [EventQueue-OpenPipelineForHealthyPipelineSafeModeRule] INFO  safemode.SCMSafeModeManager (HealthyPipelineSafeModeRule.java:process(137)) - SCM in safe mode. Healthy pipelines reported count is 0, required healthy pipeline reported count is 1
2023-01-25 10:22:54,631 [pool-140-thread-1] INFO  impl.RoleInfo (RoleInfo.java:updateAndGet(139)) - d93446b7-35bc-4b37-88f9-4794ab5c6ae8: start d93446b7-35bc-4b37-88f9-4794ab5c6ae8@group-84C3B82A181D-FollowerState
2023-01-25 10:22:54,634 [pool-163-thread-1] INFO  server.RaftServerConfigKeys (ConfUtils.java:logGet(46)) - raft.server.log.unsafe-flush.enabled = false (default)
2023-01-25 10:22:54,634 [pool-163-thread-1] INFO  server.RaftServerConfigKeys (ConfUtils.java:logGet(46)) - raft.server.log.async-flush.enabled = false (default)
2023-01-25 10:22:54,634 [pool-163-thread-1] INFO  server.RaftServerConfigKeys (ConfUtils.java:logGet(46)) - raft.server.log.statemachine.data.caching.enabled = true (custom)
2023-01-25 10:22:54,634 [pool-163-thread-1] INFO  segmented.SegmentedRaftLogWorker (SegmentedRaftLogWorker.java:lambda$new$0(135)) - 330431a7-276c-471f-aefe-b311ee71fd61@group-84C3B82A181D-SegmentedRaftLogWorker: flushIndex: setUnconditionally 0 -> -1
2023-01-25 10:22:54,634 [pool-163-thread-1] INFO  segmented.SegmentedRaftLogWorker (SegmentedRaftLogWorker.java:lambda$new$0(135)) - 330431a7-276c-471f-aefe-b311ee71fd61@group-84C3B82A181D-SegmentedRaftLogWorker: safeCacheEvictIndex: setUnconditionally 0 -> -1
2023-01-25 10:22:54,634 [pool-140-thread-1] INFO  util.JmxRegister (JmxRegister.java:tryRegister(44)) - Successfully registered JMX Bean with object name Ratis:service=RaftServer,group=group-84C3B82A181D,id=d93446b7-35bc-4b37-88f9-4794ab5c6ae8
2023-01-25 10:22:54,635 [pool-140-thread-1] INFO  server.RaftServerConfigKeys (ConfUtils.java:logGet(46)) - raft.server.snapshot.auto.trigger.enabled = true (custom)
2023-01-25 10:22:54,635 [pool-140-thread-1] INFO  server.RaftServerConfigKeys (ConfUtils.java:logGet(46)) - raft.server.snapshot.auto.trigger.threshold = 10000 (custom)
2023-01-25 10:22:54,635 [pool-140-thread-1] INFO  server.RaftServerConfigKeys (ConfUtils.java:logGet(46)) - raft.server.snapshot.retention.file.num = 5 (custom)
2023-01-25 10:22:54,635 [pool-140-thread-1] INFO  server.RaftServerConfigKeys (ConfUtils.java:logGet(46)) - raft.server.log.purge.upto.snapshot.index = false (default)
2023-01-25 10:22:54,635 [d93446b7-35bc-4b37-88f9-4794ab5c6ae8@group-84C3B82A181D-FollowerState] INFO  server.RaftServerConfigKeys (ConfUtils.java:logFallback(53)) - raft.server.rpc.first-election.timeout.min = 5s (fallback to raft.server.rpc.timeout.min)
2023-01-25 10:22:54,635 [d93446b7-35bc-4b37-88f9-4794ab5c6ae8@group-84C3B82A181D-FollowerState] INFO  server.RaftServerConfigKeys (ConfUtils.java:logFallback(53)) - raft.server.rpc.first-election.timeout.max = 5200ms (fallback to raft.server.rpc.timeout.max)
2023-01-25 10:22:54,638 [Command processor thread] INFO  ratis.XceiverServerRatis (XceiverServerRatis.java:addGroup(806)) - Created group PipelineID=69ab94f3-f15e-4245-9e29-84c3b82a181d
2023-01-25 10:22:54,642 [pool-163-thread-1] INFO  server.RaftServer$Division (RaftServerImpl.java:start(334)) - 330431a7-276c-471f-aefe-b311ee71fd61@group-84C3B82A181D: start as a follower, conf=-1: peers:[330431a7-276c-471f-aefe-b311ee71fd61|rpc:10.1.0.14:44241|dataStream:10.1.0.14:35499|priority:1|startupRole:FOLLOWER, d3187004-3c5d-4262-9ff7-104fb060a734|rpc:10.1.0.14:40329|dataStream:10.1.0.14:38809|priority:0|startupRole:FOLLOWER, d93446b7-35bc-4b37-88f9-4794ab5c6ae8|rpc:10.1.0.14:39081|dataStream:10.1.0.14:34805|priority:0|startupRole:FOLLOWER]|listeners:[], old=null
2023-01-25 10:22:54,642 [pool-163-thread-1] INFO  server.RaftServer$Division (RaftServerImpl.java:setRole(321)) - 330431a7-276c-471f-aefe-b311ee71fd61@group-84C3B82A181D: changes role from      null to FOLLOWER at term 0 for startAsFollower
2023-01-25 10:22:54,643 [pool-163-thread-1] INFO  impl.RoleInfo (RoleInfo.java:updateAndGet(139)) - 330431a7-276c-471f-aefe-b311ee71fd61: start 330431a7-276c-471f-aefe-b311ee71fd61@group-84C3B82A181D-FollowerState
2023-01-25 10:22:54,646 [pool-163-thread-1] INFO  util.JmxRegister (JmxRegister.java:tryRegister(44)) - Successfully registered JMX Bean with object name Ratis:service=RaftServer,group=group-84C3B82A181D,id=330431a7-276c-471f-aefe-b311ee71fd61
2023-01-25 10:22:54,646 [pool-163-thread-1] INFO  server.RaftServerConfigKeys (ConfUtils.java:logGet(46)) - raft.server.snapshot.auto.trigger.enabled = true (custom)
2023-01-25 10:22:54,647 [pool-163-thread-1] INFO  server.RaftServerConfigKeys (ConfUtils.java:logGet(46)) - raft.server.snapshot.auto.trigger.threshold = 10000 (custom)
2023-01-25 10:22:54,647 [pool-163-thread-1] INFO  server.RaftServerConfigKeys (ConfUtils.java:logGet(46)) - raft.server.snapshot.retention.file.num = 5 (custom)
2023-01-25 10:22:54,647 [pool-163-thread-1] INFO  server.RaftServerConfigKeys (ConfUtils.java:logGet(46)) - raft.server.log.purge.upto.snapshot.index = false (default)
2023-01-25 10:22:54,647 [330431a7-276c-471f-aefe-b311ee71fd61@group-84C3B82A181D-FollowerState] INFO  server.RaftServerConfigKeys (ConfUtils.java:logFallback(53)) - raft.server.rpc.first-election.timeout.min = 5s (fallback to raft.server.rpc.timeout.min)
2023-01-25 10:22:54,647 [330431a7-276c-471f-aefe-b311ee71fd61@group-84C3B82A181D-FollowerState] INFO  server.RaftServerConfigKeys (ConfUtils.java:logFallback(53)) - raft.server.rpc.first-election.timeout.max = 5200ms (fallback to raft.server.rpc.timeout.max)
2023-01-25 10:22:54,651 [Command processor thread] INFO  ratis.XceiverServerRatis (XceiverServerRatis.java:addGroup(806)) - Created group PipelineID=69ab94f3-f15e-4245-9e29-84c3b82a181d
2023-01-25 10:22:54,661 [grpc-default-executor-1] INFO  server.RaftServer (RaftServerProxy.java:addNew(96)) - d3187004-3c5d-4262-9ff7-104fb060a734: addNew group-84C3B82A181D:[330431a7-276c-471f-aefe-b311ee71fd61|rpc:10.1.0.14:44241|dataStream:10.1.0.14:35499|priority:1|startupRole:FOLLOWER, d3187004-3c5d-4262-9ff7-104fb060a734|rpc:10.1.0.14:40329|dataStream:10.1.0.14:38809|priority:0|startupRole:FOLLOWER, d93446b7-35bc-4b37-88f9-4794ab5c6ae8|rpc:10.1.0.14:39081|dataStream:10.1.0.14:34805|priority:0|startupRole:FOLLOWER] returns group-84C3B82A181D:java.util.concurrent.CompletableFuture@5a5a69e2[Not completed]
2023-01-25 10:22:54,662 [pool-186-thread-1] INFO  server.RaftServer$Division (RaftServerImpl.java:<init>(195)) - d3187004-3c5d-4262-9ff7-104fb060a734: new RaftServerImpl for group-84C3B82A181D:[330431a7-276c-471f-aefe-b311ee71fd61|rpc:10.1.0.14:44241|dataStream:10.1.0.14:35499|priority:1|startupRole:FOLLOWER, d3187004-3c5d-4262-9ff7-104fb060a734|rpc:10.1.0.14:40329|dataStream:10.1.0.14:38809|priority:0|startupRole:FOLLOWER, d93446b7-35bc-4b37-88f9-4794ab5c6ae8|rpc:10.1.0.14:39081|dataStream:10.1.0.14:34805|priority:0|startupRole:FOLLOWER] with ContainerStateMachine:uninitialized
2023-01-25 10:22:54,662 [pool-186-thread-1] INFO  server.RaftServerConfigKeys (ConfUtils.java:logGet(46)) - raft.server.rpc.timeout.min = 5s (custom)
2023-01-25 10:22:54,662 [pool-186-thread-1] INFO  server.RaftServerConfigKeys (ConfUtils.java:logGet(46)) - raft.server.rpc.timeout.max = 5200ms (custom)
2023-01-25 10:22:54,662 [pool-186-thread-1] INFO  server.RaftServerConfigKeys (ConfUtils.java:logGet(46)) - raft.server.rpc.sleep.time = 25ms (default)
2023-01-25 10:22:54,662 [pool-186-thread-1] INFO  server.RaftServerConfigKeys (ConfUtils.java:logGet(46)) - raft.server.rpc.slowness.timeout = 300s (custom)
2023-01-25 10:22:54,662 [pool-186-thread-1] INFO  server.RaftServerConfigKeys (ConfUtils.java:logGet(46)) - raft.server.leaderelection.leader.step-down.wait-time = 10s (default)
2023-01-25 10:22:54,662 [pool-186-thread-1] INFO  server.RaftServerConfigKeys (ConfUtils.java:logGet(46)) - raft.server.sleep.deviation.threshold = 300ms (default)
2023-01-25 10:22:54,663 [pool-186-thread-1] INFO  server.RaftServer$Division (ServerState.java:<init>(118)) - d3187004-3c5d-4262-9ff7-104fb060a734@group-84C3B82A181D: ConfigurationManager, init=-1: peers:[330431a7-276c-471f-aefe-b311ee71fd61|rpc:10.1.0.14:44241|dataStream:10.1.0.14:35499|priority:1|startupRole:FOLLOWER, d3187004-3c5d-4262-9ff7-104fb060a734|rpc:10.1.0.14:40329|dataStream:10.1.0.14:38809|priority:0|startupRole:FOLLOWER, d93446b7-35bc-4b37-88f9-4794ab5c6ae8|rpc:10.1.0.14:39081|dataStream:10.1.0.14:34805|priority:0|startupRole:FOLLOWER]|listeners:[], old=null, confs=<EMPTY_MAP>
2023-01-25 10:22:54,663 [pool-186-thread-1] INFO  server.RaftServerConfigKeys (ConfUtils.java:logGet(46)) - raft.server.storage.dir = [/home/runner/work/ozone/ozone/hadoop-ozone/integration-test/target/test-dir/MiniOzoneClusterImpl-1247b3fc-8c88-4cf7-b93f-ad2be507f780/datanode-5/data/ratis] (custom)
2023-01-25 10:22:54,663 [pool-186-thread-1] INFO  server.RaftServerConfigKeys (ConfUtils.java:logGet(46)) - raft.server.log.corruption.policy = EXCEPTION (default)
2023-01-25 10:22:54,663 [pool-186-thread-1] INFO  server.RaftServerConfigKeys (ConfUtils.java:logGet(46)) - raft.server.storage.free-space.min = 0MB (=0) (default)
2023-01-25 10:22:54,663 [pool-186-thread-1] INFO  server.RaftServerConfigKeys (ConfUtils.java:logGet(46)) - raft.server.notification.no-leader.timeout = 300s (custom)
2023-01-25 10:22:54,663 [pool-186-thread-1] INFO  server.RaftServerConfigKeys (ConfUtils.java:logGet(46)) - raft.server.retrycache.expirytime = 600000ms (custom)
2023-01-25 10:22:54,663 [pool-186-thread-1] INFO  server.RaftServerConfigKeys (ConfUtils.java:logGet(46)) - raft.server.retrycache.statistics.expirytime = 100μs (default)
2023-01-25 10:22:54,664 [pool-186-thread-1] INFO  server.RaftServerConfigKeys (ConfUtils.java:logGet(46)) - raft.server.log.appender.install.snapshot.enabled = false (custom)
2023-01-25 10:22:54,664 [pool-186-thread-1] INFO  server.RaftServerConfigKeys (ConfUtils.java:logGet(46)) - raft.server.threadpool.server.cached = true (default)
2023-01-25 10:22:54,664 [pool-186-thread-1] INFO  server.RaftServerConfigKeys (ConfUtils.java:logGet(46)) - raft.server.threadpool.server.size = 0 (default)
2023-01-25 10:22:54,664 [pool-186-thread-1] INFO  server.RaftServerConfigKeys (ConfUtils.java:logGet(46)) - raft.server.threadpool.client.cached = true (default)
2023-01-25 10:22:54,664 [pool-186-thread-1] INFO  server.RaftServerConfigKeys (ConfUtils.java:logGet(46)) - raft.server.threadpool.client.size = 0 (default)
2023-01-25 10:22:54,664 [pool-186-thread-1] INFO  storage.RaftStorageDirectory (RaftStorageDirectoryImpl.java:analyzeStorage(137)) - The storage directory /home/runner/work/ozone/ozone/hadoop-ozone/integration-test/target/test-dir/MiniOzoneClusterImpl-1247b3fc-8c88-4cf7-b93f-ad2be507f780/datanode-5/data/ratis/69ab94f3-f15e-4245-9e29-84c3b82a181d does not exist. Creating ...
2023-01-25 10:22:54,665 [pool-186-thread-1] INFO  storage.RaftStorageDirectory (RaftStorageDirectoryImpl.java:tryLock(231)) - Lock on /home/runner/work/ozone/ozone/hadoop-ozone/integration-test/target/test-dir/MiniOzoneClusterImpl-1247b3fc-8c88-4cf7-b93f-ad2be507f780/datanode-5/data/ratis/69ab94f3-f15e-4245-9e29-84c3b82a181d/in_use.lock acquired by nodename 69329@fv-az462-827
2023-01-25 10:22:54,666 [pool-186-thread-1] INFO  storage.RaftStorage (RaftStorageImpl.java:format(96)) - Storage directory /home/runner/work/ozone/ozone/hadoop-ozone/integration-test/target/test-dir/MiniOzoneClusterImpl-1247b3fc-8c88-4cf7-b93f-ad2be507f780/datanode-5/data/ratis/69ab94f3-f15e-4245-9e29-84c3b82a181d has been successfully formatted.
2023-01-25 10:22:54,667 [pool-186-thread-1] INFO  ratis.ContainerStateMachine (ContainerStateMachine.java:loadSnapshot(240)) - group-84C3B82A181D: The snapshot info is null. Setting the last applied indexto:(t:0, i:~)
2023-01-25 10:22:54,667 [pool-186-thread-1] INFO  server.RaftServerConfigKeys (ConfUtils.java:logGet(46)) - raft.server.log.use.memory = false (default)
2023-01-25 10:22:54,667 [pool-186-thread-1] INFO  server.RaftServerConfigKeys (ConfUtils.java:logGet(46)) - raft.server.log.purge.gap = 1000000 (custom)
2023-01-25 10:22:54,667 [pool-186-thread-1] INFO  server.RaftServerConfigKeys (ConfUtils.java:logGet(46)) - raft.server.log.appender.buffer.byte-limit = 33554432 (custom)
2023-01-25 10:22:54,667 [pool-186-thread-1] INFO  server.RaftServerConfigKeys (ConfUtils.java:logGet(46)) - raft.server.log.statemachine.data.read.timeout = 1000ms (default)
2023-01-25 10:22:54,667 [pool-186-thread-1] INFO  server.RaftServerConfigKeys (ConfUtils.java:logGet(46)) - raft.server.log.purge.preservation.log.num = 0 (default)
2023-01-25 10:22:54,667 [pool-186-thread-1] INFO  server.RaftServerConfigKeys (ConfUtils.java:logGet(46)) - raft.server.log.segment.size.max = 1048576 (custom)
2023-01-25 10:22:54,668 [pool-186-thread-1] INFO  server.RaftServerConfigKeys (ConfUtils.java:logGet(46)) - raft.server.log.segment.cache.num.max = 2 (custom)
2023-01-25 10:22:54,668 [pool-186-thread-1] INFO  server.RaftServerConfigKeys (ConfUtils.java:logGet(46)) - raft.server.log.segment.cache.size.max = 200MB (=209715200) (default)
2023-01-25 10:22:54,668 [pool-186-thread-1] INFO  segmented.SegmentedRaftLogWorker (SegmentedRaftLogWorker.java:<init>(189)) - new d3187004-3c5d-4262-9ff7-104fb060a734@group-84C3B82A181D-SegmentedRaftLogWorker for RaftStorageImpl:Storage Directory /home/runner/work/ozone/ozone/hadoop-ozone/integration-test/target/test-dir/MiniOzoneClusterImpl-1247b3fc-8c88-4cf7-b93f-ad2be507f780/datanode-5/data/ratis/69ab94f3-f15e-4245-9e29-84c3b82a181d
2023-01-25 10:22:54,668 [pool-186-thread-1] INFO  server.RaftServerConfigKeys (ConfUtils.java:logGet(46)) - raft.server.log.queue.byte-limit = 4294967296 (custom)
2023-01-25 10:22:54,668 [pool-186-thread-1] INFO  server.RaftServerConfigKeys (ConfUtils.java:logGet(46)) - raft.server.log.queue.element-limit = 1024 (custom)
2023-01-25 10:22:54,668 [pool-186-thread-1] INFO  server.RaftServerConfigKeys (ConfUtils.java:logGet(46)) - raft.server.log.segment.size.max = 1048576 (custom)
2023-01-25 10:22:54,668 [pool-186-thread-1] INFO  server.RaftServerConfigKeys (ConfUtils.java:logGet(46)) - raft.server.log.preallocated.size = 16384 (custom)
2023-01-25 10:22:54,668 [pool-186-thread-1] INFO  server.RaftServerConfigKeys (ConfUtils.java:logGet(46)) - raft.server.log.force.sync.num = 128 (default)
2023-01-25 10:22:54,668 [pool-186-thread-1] INFO  server.RaftServerConfigKeys (ConfUtils.java:logGet(46)) - raft.server.log.statemachine.data.sync = true (default)
2023-01-25 10:22:54,668 [pool-186-thread-1] INFO  server.RaftServerConfigKeys (ConfUtils.java:logGet(46)) - raft.server.log.statemachine.data.sync.timeout = 10s (default)
2023-01-25 10:22:54,668 [pool-186-thread-1] INFO  server.RaftServerConfigKeys (ConfUtils.java:logGet(46)) - raft.server.log.statemachine.data.sync.timeout.retry = -1 (default)
2023-01-25 10:22:54,670 [pool-186-thread-1] INFO  server.RaftServerConfigKeys (ConfUtils.java:logGet(46)) - raft.server.log.write.buffer.size = 1048576 (custom)
2023-01-25 10:22:54,671 [pool-186-thread-1] INFO  server.RaftServerConfigKeys (ConfUtils.java:logGet(46)) - raft.server.log.appender.buffer.byte-limit = 33554432 (custom)
2023-01-25 10:22:54,682 [pool-186-thread-1] INFO  server.RaftServerConfigKeys (ConfUtils.java:logGet(46)) - raft.server.log.unsafe-flush.enabled = false (default)
2023-01-25 10:22:54,682 [pool-186-thread-1] INFO  server.RaftServerConfigKeys (ConfUtils.java:logGet(46)) - raft.server.log.async-flush.enabled = false (default)
2023-01-25 10:22:54,683 [pool-186-thread-1] INFO  server.RaftServerConfigKeys (ConfUtils.java:logGet(46)) - raft.server.log.statemachine.data.caching.enabled = true (custom)
2023-01-25 10:22:54,683 [pool-186-thread-1] INFO  segmented.SegmentedRaftLogWorker (SegmentedRaftLogWorker.java:lambda$new$0(135)) - d3187004-3c5d-4262-9ff7-104fb060a734@group-84C3B82A181D-SegmentedRaftLogWorker: flushIndex: setUnconditionally 0 -> -1
2023-01-25 10:22:54,683 [pool-186-thread-1] INFO  segmented.SegmentedRaftLogWorker (SegmentedRaftLogWorker.java:lambda$new$0(135)) - d3187004-3c5d-4262-9ff7-104fb060a734@group-84C3B82A181D-SegmentedRaftLogWorker: safeCacheEvictIndex: setUnconditionally 0 -> -1
2023-01-25 10:22:54,695 [pool-186-thread-1] INFO  server.RaftServer$Division (RaftServerImpl.java:start(334)) - d3187004-3c5d-4262-9ff7-104fb060a734@group-84C3B82A181D: start as a follower, conf=-1: peers:[330431a7-276c-471f-aefe-b311ee71fd61|rpc:10.1.0.14:44241|dataStream:10.1.0.14:35499|priority:1|startupRole:FOLLOWER, d3187004-3c5d-4262-9ff7-104fb060a734|rpc:10.1.0.14:40329|dataStream:10.1.0.14:38809|priority:0|startupRole:FOLLOWER, d93446b7-35bc-4b37-88f9-4794ab5c6ae8|rpc:10.1.0.14:39081|dataStream:10.1.0.14:34805|priority:0|startupRole:FOLLOWER]|listeners:[], old=null
2023-01-25 10:22:54,695 [pool-186-thread-1] INFO  server.RaftServer$Division (RaftServerImpl.java:setRole(321)) - d3187004-3c5d-4262-9ff7-104fb060a734@group-84C3B82A181D: changes role from      null to FOLLOWER at term 0 for startAsFollower
2023-01-25 10:22:54,695 [pool-186-thread-1] INFO  impl.RoleInfo (RoleInfo.java:updateAndGet(139)) - d3187004-3c5d-4262-9ff7-104fb060a734: start d3187004-3c5d-4262-9ff7-104fb060a734@group-84C3B82A181D-FollowerState
2023-01-25 10:22:54,698 [pool-186-thread-1] INFO  util.JmxRegister (JmxRegister.java:tryRegister(44)) - Successfully registered JMX Bean with object name Ratis:service=RaftServer,group=group-84C3B82A181D,id=d3187004-3c5d-4262-9ff7-104fb060a734
2023-01-25 10:22:54,699 [pool-186-thread-1] INFO  server.RaftServerConfigKeys (ConfUtils.java:logGet(46)) - raft.server.snapshot.auto.trigger.enabled = true (custom)
2023-01-25 10:22:54,699 [pool-186-thread-1] INFO  server.RaftServerConfigKeys (ConfUtils.java:logGet(46)) - raft.server.snapshot.auto.trigger.threshold = 10000 (custom)
2023-01-25 10:22:54,699 [pool-186-thread-1] INFO  server.RaftServerConfigKeys (ConfUtils.java:logGet(46)) - raft.server.snapshot.retention.file.num = 5 (custom)
2023-01-25 10:22:54,699 [pool-186-thread-1] INFO  server.RaftServerConfigKeys (ConfUtils.java:logGet(46)) - raft.server.log.purge.upto.snapshot.index = false (default)
2023-01-25 10:22:54,707 [d3187004-3c5d-4262-9ff7-104fb060a734@group-84C3B82A181D-FollowerState] INFO  server.RaftServerConfigKeys (ConfUtils.java:logFallback(53)) - raft.server.rpc.first-election.timeout.min = 5s (fallback to raft.server.rpc.timeout.min)
2023-01-25 10:22:54,707 [d3187004-3c5d-4262-9ff7-104fb060a734@group-84C3B82A181D-FollowerState] INFO  server.RaftServerConfigKeys (ConfUtils.java:logFallback(53)) - raft.server.rpc.first-election.timeout.max = 5200ms (fallback to raft.server.rpc.timeout.max)
2023-01-25 10:22:54,737 [Command processor thread] INFO  commandhandler.CreatePipelineCommandHandler (CreatePipelineCommandHandler.java:handle(113)) - Created Pipeline RATIS THREE PipelineID=69ab94f3-f15e-4245-9e29-84c3b82a181d.
2023-01-25 10:22:54,747 [Command processor thread] INFO  commandhandler.CreatePipelineCommandHandler (CreatePipelineCommandHandler.java:handle(113)) - Created Pipeline RATIS THREE PipelineID=69ab94f3-f15e-4245-9e29-84c3b82a181d.
2023-01-25 10:22:54,821 [Command processor thread] INFO  server.RaftServer (RaftServerProxy.java:addNew(96)) - d3187004-3c5d-4262-9ff7-104fb060a734: addNew group-EF9BBCF9B009:[d3187004-3c5d-4262-9ff7-104fb060a734|rpc:10.1.0.14:40329|dataStream:10.1.0.14:38809|priority:1|startupRole:FOLLOWER] returns group-EF9BBCF9B009:java.util.concurrent.CompletableFuture@45830608[Not completed]
2023-01-25 10:22:54,822 [pool-186-thread-1] INFO  server.RaftServer$Division (RaftServerImpl.java:<init>(195)) - d3187004-3c5d-4262-9ff7-104fb060a734: new RaftServerImpl for group-EF9BBCF9B009:[d3187004-3c5d-4262-9ff7-104fb060a734|rpc:10.1.0.14:40329|dataStream:10.1.0.14:38809|priority:1|startupRole:FOLLOWER] with ContainerStateMachine:uninitialized
2023-01-25 10:22:54,822 [pool-186-thread-1] INFO  server.RaftServerConfigKeys (ConfUtils.java:logGet(46)) - raft.server.rpc.timeout.min = 5s (custom)
2023-01-25 10:22:54,822 [pool-186-thread-1] INFO  server.RaftServerConfigKeys (ConfUtils.java:logGet(46)) - raft.server.rpc.timeout.max = 5200ms (custom)
2023-01-25 10:22:54,822 [pool-186-thread-1] INFO  server.RaftServerConfigKeys (ConfUtils.java:logGet(46)) - raft.server.rpc.sleep.time = 25ms (default)
2023-01-25 10:22:54,822 [pool-186-thread-1] INFO  server.RaftServerConfigKeys (ConfUtils.java:logGet(46)) - raft.server.rpc.slowness.timeout = 300s (custom)
2023-01-25 10:22:54,822 [pool-186-thread-1] INFO  server.RaftServerConfigKeys (ConfUtils.java:logGet(46)) - raft.server.leaderelection.leader.step-down.wait-time = 10s (default)
2023-01-25 10:22:54,822 [pool-186-thread-1] INFO  server.RaftServerConfigKeys (ConfUtils.java:logGet(46)) - raft.server.sleep.deviation.threshold = 300ms (default)
2023-01-25 10:22:54,822 [pool-186-thread-1] INFO  server.RaftServer$Division (ServerState.java:<init>(118)) - d3187004-3c5d-4262-9ff7-104fb060a734@group-EF9BBCF9B009: ConfigurationManager, init=-1: peers:[d3187004-3c5d-4262-9ff7-104fb060a734|rpc:10.1.0.14:40329|dataStream:10.1.0.14:38809|priority:1|startupRole:FOLLOWER]|listeners:[], old=null, confs=<EMPTY_MAP>
2023-01-25 10:22:54,822 [pool-186-thread-1] INFO  server.RaftServerConfigKeys (ConfUtils.java:logGet(46)) - raft.server.storage.dir = [/home/runner/work/ozone/ozone/hadoop-ozone/integration-test/target/test-dir/MiniOzoneClusterImpl-1247b3fc-8c88-4cf7-b93f-ad2be507f780/datanode-5/data/ratis] (custom)
2023-01-25 10:22:54,822 [pool-186-thread-1] INFO  server.RaftServerConfigKeys (ConfUtils.java:logGet(46)) - raft.server.log.corruption.policy = EXCEPTION (default)
2023-01-25 10:22:54,822 [pool-186-thread-1] INFO  server.RaftServerConfigKeys (ConfUtils.java:logGet(46)) - raft.server.storage.free-space.min = 0MB (=0) (default)
2023-01-25 10:22:54,822 [pool-186-thread-1] INFO  server.RaftServerConfigKeys (ConfUtils.java:logGet(46)) - raft.server.notification.no-leader.timeout = 300s (custom)
2023-01-25 10:22:54,823 [pool-186-thread-1] INFO  server.RaftServerConfigKeys (ConfUtils.java:logGet(46)) - raft.server.retrycache.expirytime = 600000ms (custom)
2023-01-25 10:22:54,823 [pool-186-thread-1] INFO  server.RaftServerConfigKeys (ConfUtils.java:logGet(46)) - raft.server.retrycache.statistics.expirytime = 100μs (default)
2023-01-25 10:22:54,823 [pool-186-thread-1] INFO  server.RaftServerConfigKeys (ConfUtils.java:logGet(46)) - raft.server.log.appender.install.snapshot.enabled = false (custom)
2023-01-25 10:22:54,824 [pool-186-thread-1] INFO  server.RaftServerConfigKeys (ConfUtils.java:logGet(46)) - raft.server.threadpool.server.cached = true (default)
2023-01-25 10:22:54,824 [pool-186-thread-1] INFO  server.RaftServerConfigKeys (ConfUtils.java:logGet(46)) - raft.server.threadpool.server.size = 0 (default)
2023-01-25 10:22:54,824 [pool-186-thread-1] INFO  server.RaftServerConfigKeys (ConfUtils.java:logGet(46)) - raft.server.threadpool.client.cached = true (default)
2023-01-25 10:22:54,824 [pool-186-thread-1] INFO  server.RaftServerConfigKeys (ConfUtils.java:logGet(46)) - raft.server.threadpool.client.size = 0 (default)
2023-01-25 10:22:54,824 [pool-186-thread-1] INFO  storage.RaftStorageDirectory (RaftStorageDirectoryImpl.java:analyzeStorage(137)) - The storage directory /home/runner/work/ozone/ozone/hadoop-ozone/integration-test/target/test-dir/MiniOzoneClusterImpl-1247b3fc-8c88-4cf7-b93f-ad2be507f780/datanode-5/data/ratis/562c47c9-7954-420d-8489-ef9bbcf9b009 does not exist. Creating ...
2023-01-25 10:22:54,825 [pool-186-thread-1] INFO  storage.RaftStorageDirectory (RaftStorageDirectoryImpl.java:tryLock(231)) - Lock on /home/runner/work/ozone/ozone/hadoop-ozone/integration-test/target/test-dir/MiniOzoneClusterImpl-1247b3fc-8c88-4cf7-b93f-ad2be507f780/datanode-5/data/ratis/562c47c9-7954-420d-8489-ef9bbcf9b009/in_use.lock acquired by nodename 69329@fv-az462-827
2023-01-25 10:22:54,827 [pool-186-thread-1] INFO  storage.RaftStorage (RaftStorageImpl.java:format(96)) - Storage directory /home/runner/work/ozone/ozone/hadoop-ozone/integration-test/target/test-dir/MiniOzoneClusterImpl-1247b3fc-8c88-4cf7-b93f-ad2be507f780/datanode-5/data/ratis/562c47c9-7954-420d-8489-ef9bbcf9b009 has been successfully formatted.
2023-01-25 10:22:54,827 [pool-186-thread-1] INFO  ratis.ContainerStateMachine (ContainerStateMachine.java:loadSnapshot(240)) - group-EF9BBCF9B009: The snapshot info is null. Setting the last applied indexto:(t:0, i:~)
2023-01-25 10:22:54,827 [pool-186-thread-1] INFO  server.RaftServerConfigKeys (ConfUtils.java:logGet(46)) - raft.server.log.use.memory = false (default)
2023-01-25 10:22:54,827 [pool-186-thread-1] INFO  server.RaftServerConfigKeys (ConfUtils.java:logGet(46)) - raft.server.log.purge.gap = 1000000 (custom)
2023-01-25 10:22:54,827 [pool-186-thread-1] INFO  server.RaftServerConfigKeys (ConfUtils.java:logGet(46)) - raft.server.log.appender.buffer.byte-limit = 33554432 (custom)
2023-01-25 10:22:54,827 [pool-186-thread-1] INFO  server.RaftServerConfigKeys (ConfUtils.java:logGet(46)) - raft.server.log.statemachine.data.read.timeout = 1000ms (default)
2023-01-25 10:22:54,827 [pool-186-thread-1] INFO  server.RaftServerConfigKeys (ConfUtils.java:logGet(46)) - raft.server.log.purge.preservation.log.num = 0 (default)
2023-01-25 10:22:54,828 [pool-186-thread-1] INFO  server.RaftServerConfigKeys (ConfUtils.java:logGet(46)) - raft.server.log.segment.size.max = 1048576 (custom)
2023-01-25 10:22:54,829 [EventQueue-PipelineReportForPipelineReportHandler] INFO  pipeline.PipelineManagerImpl (PipelineManagerImpl.java:openPipeline(367)) - Pipeline Pipeline[ Id: 562c47c9-7954-420d-8489-ef9bbcf9b009, Nodes: d3187004-3c5d-4262-9ff7-104fb060a734(fv-az462-827.5dk1zbeb1hiuljg1e1zidnqquc.phxx.internal.cloudapp.net/10.1.0.14), ReplicationConfig: RATIS/ONE, State:ALLOCATED, leaderId:d3187004-3c5d-4262-9ff7-104fb060a734, CreationTimestamp2023-01-25T10:22:51.825Z[Etc/UTC]] moved to OPEN state
2023-01-25 10:22:54,830 [EventQueue-OpenPipelineForHealthyPipelineSafeModeRule] INFO  safemode.SCMSafeModeManager (HealthyPipelineSafeModeRule.java:process(137)) - SCM in safe mode. Healthy pipelines reported count is 0, required healthy pipeline reported count is 1
2023-01-25 10:22:54,830 [pool-186-thread-1] INFO  server.RaftServerConfigKeys (ConfUtils.java:logGet(46)) - raft.server.log.segment.cache.num.max = 2 (custom)
2023-01-25 10:22:54,830 [pool-186-thread-1] INFO  server.RaftServerConfigKeys (ConfUtils.java:logGet(46)) - raft.server.log.segment.cache.size.max = 200MB (=209715200) (default)
2023-01-25 10:22:54,830 [pool-186-thread-1] INFO  segmented.SegmentedRaftLogWorker (SegmentedRaftLogWorker.java:<init>(189)) - new d3187004-3c5d-4262-9ff7-104fb060a734@group-EF9BBCF9B009-SegmentedRaftLogWorker for RaftStorageImpl:Storage Directory /home/runner/work/ozone/ozone/hadoop-ozone/integration-test/target/test-dir/MiniOzoneClusterImpl-1247b3fc-8c88-4cf7-b93f-ad2be507f780/datanode-5/data/ratis/562c47c9-7954-420d-8489-ef9bbcf9b009
2023-01-25 10:22:54,830 [pool-186-thread-1] INFO  server.RaftServerConfigKeys (ConfUtils.java:logGet(46)) - raft.server.log.queue.byte-limit = 4294967296 (custom)
2023-01-25 10:22:54,830 [pool-186-thread-1] INFO  server.RaftServerConfigKeys (ConfUtils.java:logGet(46)) - raft.server.log.queue.element-limit = 1024 (custom)
2023-01-25 10:22:54,830 [pool-186-thread-1] INFO  server.RaftServerConfigKeys (ConfUtils.java:logGet(46)) - raft.server.log.segment.size.max = 1048576 (custom)
2023-01-25 10:22:54,830 [pool-186-thread-1] INFO  server.RaftServerConfigKeys (ConfUtils.java:logGet(46)) - raft.server.log.preallocated.size = 16384 (custom)
2023-01-25 10:22:54,831 [pool-186-thread-1] INFO  server.RaftServerConfigKeys (ConfUtils.java:logGet(46)) - raft.server.log.force.sync.num = 128 (default)
2023-01-25 10:22:54,831 [pool-186-thread-1] INFO  server.RaftServerConfigKeys (ConfUtils.java:logGet(46)) - raft.server.log.statemachine.data.sync = true (default)
2023-01-25 10:22:54,831 [pool-186-thread-1] INFO  server.RaftServerConfigKeys (ConfUtils.java:logGet(46)) - raft.server.log.statemachine.data.sync.timeout = 10s (default)
2023-01-25 10:22:54,831 [pool-186-thread-1] INFO  server.RaftServerConfigKeys (ConfUtils.java:logGet(46)) - raft.server.log.statemachine.data.sync.timeout.retry = -1 (default)
2023-01-25 10:22:54,832 [pool-186-thread-1] INFO  server.RaftServerConfigKeys (ConfUtils.java:logGet(46)) - raft.server.log.write.buffer.size = 1048576 (custom)
2023-01-25 10:22:54,832 [pool-186-thread-1] INFO  server.RaftServerConfigKeys (ConfUtils.java:logGet(46)) - raft.server.log.appender.buffer.byte-limit = 33554432 (custom)
2023-01-25 10:22:54,835 [pool-186-thread-1] INFO  server.RaftServerConfigKeys (ConfUtils.java:logGet(46)) - raft.server.log.unsafe-flush.enabled = false (default)
2023-01-25 10:22:54,835 [pool-186-thread-1] INFO  server.RaftServerConfigKeys (ConfUtils.java:logGet(46)) - raft.server.log.async-flush.enabled = false (default)
2023-01-25 10:22:54,835 [pool-186-thread-1] INFO  server.RaftServerConfigKeys (ConfUtils.java:logGet(46)) - raft.server.log.statemachine.data.caching.enabled = true (custom)
2023-01-25 10:22:54,836 [pool-186-thread-1] INFO  segmented.SegmentedRaftLogWorker (SegmentedRaftLogWorker.java:lambda$new$0(135)) - d3187004-3c5d-4262-9ff7-104fb060a734@group-EF9BBCF9B009-SegmentedRaftLogWorker: flushIndex: setUnconditionally 0 -> -1
2023-01-25 10:22:54,836 [pool-186-thread-1] INFO  segmented.SegmentedRaftLogWorker (SegmentedRaftLogWorker.java:lambda$new$0(135)) - d3187004-3c5d-4262-9ff7-104fb060a734@group-EF9BBCF9B009-SegmentedRaftLogWorker: safeCacheEvictIndex: setUnconditionally 0 -> -1
2023-01-25 10:22:54,838 [pool-186-thread-1] INFO  server.RaftServer$Division (RaftServerImpl.java:start(334)) - d3187004-3c5d-4262-9ff7-104fb060a734@group-EF9BBCF9B009: start as a follower, conf=-1: peers:[d3187004-3c5d-4262-9ff7-104fb060a734|rpc:10.1.0.14:40329|dataStream:10.1.0.14:38809|priority:1|startupRole:FOLLOWER]|listeners:[], old=null
2023-01-25 10:22:54,838 [pool-186-thread-1] INFO  server.RaftServer$Division (RaftServerImpl.java:setRole(321)) - d3187004-3c5d-4262-9ff7-104fb060a734@group-EF9BBCF9B009: changes role from      null to FOLLOWER at term 0 for startAsFollower
2023-01-25 10:22:54,838 [pool-186-thread-1] INFO  impl.RoleInfo (RoleInfo.java:updateAndGet(139)) - d3187004-3c5d-4262-9ff7-104fb060a734: start d3187004-3c5d-4262-9ff7-104fb060a734@group-EF9BBCF9B009-FollowerState
2023-01-25 10:22:54,843 [pool-186-thread-1] INFO  util.JmxRegister (JmxRegister.java:tryRegister(44)) - Successfully registered JMX Bean with object name Ratis:service=RaftServer,group=group-EF9BBCF9B009,id=d3187004-3c5d-4262-9ff7-104fb060a734
2023-01-25 10:22:54,843 [pool-186-thread-1] INFO  server.RaftServerConfigKeys (ConfUtils.java:logGet(46)) - raft.server.snapshot.auto.trigger.enabled = true (custom)
2023-01-25 10:22:54,843 [pool-186-thread-1] INFO  server.RaftServerConfigKeys (ConfUtils.java:logGet(46)) - raft.server.snapshot.auto.trigger.threshold = 10000 (custom)
2023-01-25 10:22:54,843 [pool-186-thread-1] INFO  server.RaftServerConfigKeys (ConfUtils.java:logGet(46)) - raft.server.snapshot.retention.file.num = 5 (custom)
2023-01-25 10:22:54,843 [pool-186-thread-1] INFO  server.RaftServerConfigKeys (ConfUtils.java:logGet(46)) - raft.server.log.purge.upto.snapshot.index = false (default)
2023-01-25 10:22:54,843 [d3187004-3c5d-4262-9ff7-104fb060a734@group-EF9BBCF9B009-FollowerState] INFO  server.RaftServerConfigKeys (ConfUtils.java:logFallback(53)) - raft.server.rpc.first-election.timeout.min = 5s (fallback to raft.server.rpc.timeout.min)
2023-01-25 10:22:54,843 [d3187004-3c5d-4262-9ff7-104fb060a734@group-EF9BBCF9B009-FollowerState] INFO  server.RaftServerConfigKeys (ConfUtils.java:logFallback(53)) - raft.server.rpc.first-election.timeout.max = 5200ms (fallback to raft.server.rpc.timeout.max)
2023-01-25 10:22:54,845 [Command processor thread] INFO  ratis.XceiverServerRatis (XceiverServerRatis.java:addGroup(806)) - Created group PipelineID=562c47c9-7954-420d-8489-ef9bbcf9b009
2023-01-25 10:22:54,845 [Command processor thread] INFO  commandhandler.CreatePipelineCommandHandler (CreatePipelineCommandHandler.java:handle(113)) - Created Pipeline RATIS ONE PipelineID=562c47c9-7954-420d-8489-ef9bbcf9b009.
2023-01-25 10:22:55,260 [Command processor thread] INFO  server.RaftServer (RaftServerProxy.java:addNew(96)) - 7abbc2c7-b56f-4fd7-a4a9-203189c4b8f1: addNew group-9E3031C7D0DB:[7abbc2c7-b56f-4fd7-a4a9-203189c4b8f1|rpc:10.1.0.14:34617|dataStream:10.1.0.14:41363|priority:1|startupRole:FOLLOWER] returns group-9E3031C7D0DB:java.util.concurrent.CompletableFuture@57a0bf63[Not completed]
2023-01-25 10:22:55,261 [pool-209-thread-1] INFO  server.RaftServer$Division (RaftServerImpl.java:<init>(195)) - 7abbc2c7-b56f-4fd7-a4a9-203189c4b8f1: new RaftServerImpl for group-9E3031C7D0DB:[7abbc2c7-b56f-4fd7-a4a9-203189c4b8f1|rpc:10.1.0.14:34617|dataStream:10.1.0.14:41363|priority:1|startupRole:FOLLOWER] with ContainerStateMachine:uninitialized
2023-01-25 10:22:55,261 [pool-209-thread-1] INFO  server.RaftServerConfigKeys (ConfUtils.java:logGet(46)) - raft.server.rpc.timeout.min = 5s (custom)
2023-01-25 10:22:55,261 [pool-209-thread-1] INFO  server.RaftServerConfigKeys (ConfUtils.java:logGet(46)) - raft.server.rpc.timeout.max = 5200ms (custom)
2023-01-25 10:22:55,261 [pool-209-thread-1] INFO  server.RaftServerConfigKeys (ConfUtils.java:logGet(46)) - raft.server.rpc.sleep.time = 25ms (default)
2023-01-25 10:22:55,261 [pool-209-thread-1] INFO  server.RaftServerConfigKeys (ConfUtils.java:logGet(46)) - raft.server.rpc.slowness.timeout = 300s (custom)
2023-01-25 10:22:55,261 [pool-209-thread-1] INFO  server.RaftServerConfigKeys (ConfUtils.java:logGet(46)) - raft.server.leaderelection.leader.step-down.wait-time = 10s (default)
2023-01-25 10:22:55,261 [pool-209-thread-1] INFO  server.RaftServerConfigKeys (ConfUtils.java:logGet(46)) - raft.server.sleep.deviation.threshold = 300ms (default)
2023-01-25 10:22:55,261 [pool-209-thread-1] INFO  server.RaftServer$Division (ServerState.java:<init>(118)) - 7abbc2c7-b56f-4fd7-a4a9-203189c4b8f1@group-9E3031C7D0DB: ConfigurationManager, init=-1: peers:[7abbc2c7-b56f-4fd7-a4a9-203189c4b8f1|rpc:10.1.0.14:34617|dataStream:10.1.0.14:41363|priority:1|startupRole:FOLLOWER]|listeners:[], old=null, confs=<EMPTY_MAP>
2023-01-25 10:22:55,262 [pool-209-thread-1] INFO  server.RaftServerConfigKeys (ConfUtils.java:logGet(46)) - raft.server.storage.dir = [/home/runner/work/ozone/ozone/hadoop-ozone/integration-test/target/test-dir/MiniOzoneClusterImpl-1247b3fc-8c88-4cf7-b93f-ad2be507f780/datanode-6/data/ratis] (custom)
2023-01-25 10:22:55,262 [pool-209-thread-1] INFO  server.RaftServerConfigKeys (ConfUtils.java:logGet(46)) - raft.server.log.corruption.policy = EXCEPTION (default)
2023-01-25 10:22:55,262 [pool-209-thread-1] INFO  server.RaftServerConfigKeys (ConfUtils.java:logGet(46)) - raft.server.storage.free-space.min = 0MB (=0) (default)
2023-01-25 10:22:55,262 [pool-209-thread-1] INFO  server.RaftServerConfigKeys (ConfUtils.java:logGet(46)) - raft.server.notification.no-leader.timeout = 300s (custom)
2023-01-25 10:22:55,262 [pool-209-thread-1] INFO  server.RaftServerConfigKeys (ConfUtils.java:logGet(46)) - raft.server.retrycache.expirytime = 600000ms (custom)
2023-01-25 10:22:55,262 [pool-209-thread-1] INFO  server.RaftServerConfigKeys (ConfUtils.java:logGet(46)) - raft.server.retrycache.statistics.expirytime = 100μs (default)
2023-01-25 10:22:55,263 [pool-209-thread-1] INFO  server.RaftServerConfigKeys (ConfUtils.java:logGet(46)) - raft.server.log.appender.install.snapshot.enabled = false (custom)
2023-01-25 10:22:55,264 [pool-209-thread-1] INFO  server.RaftServerConfigKeys (ConfUtils.java:logGet(46)) - raft.server.threadpool.server.cached = true (default)
2023-01-25 10:22:55,264 [pool-209-thread-1] INFO  server.RaftServerConfigKeys (ConfUtils.java:logGet(46)) - raft.server.threadpool.server.size = 0 (default)
2023-01-25 10:22:55,264 [pool-209-thread-1] INFO  server.RaftServerConfigKeys (ConfUtils.java:logGet(46)) - raft.server.threadpool.client.cached = true (default)
2023-01-25 10:22:55,264 [pool-209-thread-1] INFO  server.RaftServerConfigKeys (ConfUtils.java:logGet(46)) - raft.server.threadpool.client.size = 0 (default)
2023-01-25 10:22:55,264 [pool-209-thread-1] INFO  storage.RaftStorageDirectory (RaftStorageDirectoryImpl.java:analyzeStorage(137)) - The storage directory /home/runner/work/ozone/ozone/hadoop-ozone/integration-test/target/test-dir/MiniOzoneClusterImpl-1247b3fc-8c88-4cf7-b93f-ad2be507f780/datanode-6/data/ratis/9fd23e76-584f-4286-b2fe-9e3031c7d0db does not exist. Creating ...
2023-01-25 10:22:55,265 [pool-209-thread-1] INFO  storage.RaftStorageDirectory (RaftStorageDirectoryImpl.java:tryLock(231)) - Lock on /home/runner/work/ozone/ozone/hadoop-ozone/integration-test/target/test-dir/MiniOzoneClusterImpl-1247b3fc-8c88-4cf7-b93f-ad2be507f780/datanode-6/data/ratis/9fd23e76-584f-4286-b2fe-9e3031c7d0db/in_use.lock acquired by nodename 69329@fv-az462-827
2023-01-25 10:22:55,266 [pool-209-thread-1] INFO  storage.RaftStorage (RaftStorageImpl.java:format(96)) - Storage directory /home/runner/work/ozone/ozone/hadoop-ozone/integration-test/target/test-dir/MiniOzoneClusterImpl-1247b3fc-8c88-4cf7-b93f-ad2be507f780/datanode-6/data/ratis/9fd23e76-584f-4286-b2fe-9e3031c7d0db has been successfully formatted.
2023-01-25 10:22:55,267 [pool-209-thread-1] INFO  ratis.ContainerStateMachine (ContainerStateMachine.java:loadSnapshot(240)) - group-9E3031C7D0DB: The snapshot info is null. Setting the last applied indexto:(t:0, i:~)
2023-01-25 10:22:55,267 [pool-209-thread-1] INFO  server.RaftServerConfigKeys (ConfUtils.java:logGet(46)) - raft.server.log.use.memory = false (default)
2023-01-25 10:22:55,267 [pool-209-thread-1] INFO  server.RaftServerConfigKeys (ConfUtils.java:logGet(46)) - raft.server.log.purge.gap = 1000000 (custom)
2023-01-25 10:22:55,267 [pool-209-thread-1] INFO  server.RaftServerConfigKeys (ConfUtils.java:logGet(46)) - raft.server.log.appender.buffer.byte-limit = 33554432 (custom)
2023-01-25 10:22:55,267 [pool-209-thread-1] INFO  server.RaftServerConfigKeys (ConfUtils.java:logGet(46)) - raft.server.log.statemachine.data.read.timeout = 1000ms (default)
2023-01-25 10:22:55,267 [pool-209-thread-1] INFO  server.RaftServerConfigKeys (ConfUtils.java:logGet(46)) - raft.server.log.purge.preservation.log.num = 0 (default)
2023-01-25 10:22:55,267 [pool-209-thread-1] INFO  server.RaftServerConfigKeys (ConfUtils.java:logGet(46)) - raft.server.log.segment.size.max = 1048576 (custom)
2023-01-25 10:22:55,267 [pool-209-thread-1] INFO  server.RaftServerConfigKeys (ConfUtils.java:logGet(46)) - raft.server.log.segment.cache.num.max = 2 (custom)
2023-01-25 10:22:55,267 [pool-209-thread-1] INFO  server.RaftServerConfigKeys (ConfUtils.java:logGet(46)) - raft.server.log.segment.cache.size.max = 200MB (=209715200) (default)
2023-01-25 10:22:55,267 [pool-209-thread-1] INFO  segmented.SegmentedRaftLogWorker (SegmentedRaftLogWorker.java:<init>(189)) - new 7abbc2c7-b56f-4fd7-a4a9-203189c4b8f1@group-9E3031C7D0DB-SegmentedRaftLogWorker for RaftStorageImpl:Storage Directory /home/runner/work/ozone/ozone/hadoop-ozone/integration-test/target/test-dir/MiniOzoneClusterImpl-1247b3fc-8c88-4cf7-b93f-ad2be507f780/datanode-6/data/ratis/9fd23e76-584f-4286-b2fe-9e3031c7d0db
2023-01-25 10:22:55,267 [pool-209-thread-1] INFO  server.RaftServerConfigKeys (ConfUtils.java:logGet(46)) - raft.server.log.queue.byte-limit = 4294967296 (custom)
2023-01-25 10:22:55,268 [pool-209-thread-1] INFO  server.RaftServerConfigKeys (ConfUtils.java:logGet(46)) - raft.server.log.queue.element-limit = 1024 (custom)
2023-01-25 10:22:55,268 [pool-209-thread-1] INFO  server.RaftServerConfigKeys (ConfUtils.java:logGet(46)) - raft.server.log.segment.size.max = 1048576 (custom)
2023-01-25 10:22:55,268 [pool-209-thread-1] INFO  server.RaftServerConfigKeys (ConfUtils.java:logGet(46)) - raft.server.log.preallocated.size = 16384 (custom)
2023-01-25 10:22:55,268 [pool-209-thread-1] INFO  server.RaftServerConfigKeys (ConfUtils.java:logGet(46)) - raft.server.log.force.sync.num = 128 (default)
2023-01-25 10:22:55,268 [pool-209-thread-1] INFO  server.RaftServerConfigKeys (ConfUtils.java:logGet(46)) - raft.server.log.statemachine.data.sync = true (default)
2023-01-25 10:22:55,268 [pool-209-thread-1] INFO  server.RaftServerConfigKeys (ConfUtils.java:logGet(46)) - raft.server.log.statemachine.data.sync.timeout = 10s (default)
2023-01-25 10:22:55,268 [pool-209-thread-1] INFO  server.RaftServerConfigKeys (ConfUtils.java:logGet(46)) - raft.server.log.statemachine.data.sync.timeout.retry = -1 (default)
2023-01-25 10:22:55,269 [EventQueue-PipelineReportForPipelineReportHandler] INFO  pipeline.PipelineManagerImpl (PipelineManagerImpl.java:openPipeline(367)) - Pipeline Pipeline[ Id: 9fd23e76-584f-4286-b2fe-9e3031c7d0db, Nodes: 7abbc2c7-b56f-4fd7-a4a9-203189c4b8f1(fv-az462-827.5dk1zbeb1hiuljg1e1zidnqquc.phxx.internal.cloudapp.net/10.1.0.14), ReplicationConfig: RATIS/ONE, State:ALLOCATED, leaderId:7abbc2c7-b56f-4fd7-a4a9-203189c4b8f1, CreationTimestamp2023-01-25T10:22:52.262Z[Etc/UTC]] moved to OPEN state
2023-01-25 10:22:55,269 [EventQueue-OpenPipelineForHealthyPipelineSafeModeRule] INFO  safemode.SCMSafeModeManager (HealthyPipelineSafeModeRule.java:process(137)) - SCM in safe mode. Healthy pipelines reported count is 0, required healthy pipeline reported count is 1
2023-01-25 10:22:55,270 [pool-209-thread-1] INFO  server.RaftServerConfigKeys (ConfUtils.java:logGet(46)) - raft.server.log.write.buffer.size = 1048576 (custom)
2023-01-25 10:22:55,270 [pool-209-thread-1] INFO  server.RaftServerConfigKeys (ConfUtils.java:logGet(46)) - raft.server.log.appender.buffer.byte-limit = 33554432 (custom)
2023-01-25 10:22:55,273 [pool-209-thread-1] INFO  server.RaftServerConfigKeys (ConfUtils.java:logGet(46)) - raft.server.log.unsafe-flush.enabled = false (default)
2023-01-25 10:22:55,273 [pool-209-thread-1] INFO  server.RaftServerConfigKeys (ConfUtils.java:logGet(46)) - raft.server.log.async-flush.enabled = false (default)
2023-01-25 10:22:55,273 [pool-209-thread-1] INFO  server.RaftServerConfigKeys (ConfUtils.java:logGet(46)) - raft.server.log.statemachine.data.caching.enabled = true (custom)
2023-01-25 10:22:55,273 [pool-209-thread-1] INFO  segmented.SegmentedRaftLogWorker (SegmentedRaftLogWorker.java:lambda$new$0(135)) - 7abbc2c7-b56f-4fd7-a4a9-203189c4b8f1@group-9E3031C7D0DB-SegmentedRaftLogWorker: flushIndex: setUnconditionally 0 -> -1
2023-01-25 10:22:55,273 [pool-209-thread-1] INFO  segmented.SegmentedRaftLogWorker (SegmentedRaftLogWorker.java:lambda$new$0(135)) - 7abbc2c7-b56f-4fd7-a4a9-203189c4b8f1@group-9E3031C7D0DB-SegmentedRaftLogWorker: safeCacheEvictIndex: setUnconditionally 0 -> -1
2023-01-25 10:22:55,274 [pool-209-thread-1] INFO  server.RaftServer$Division (RaftServerImpl.java:start(334)) - 7abbc2c7-b56f-4fd7-a4a9-203189c4b8f1@group-9E3031C7D0DB: start as a follower, conf=-1: peers:[7abbc2c7-b56f-4fd7-a4a9-203189c4b8f1|rpc:10.1.0.14:34617|dataStream:10.1.0.14:41363|priority:1|startupRole:FOLLOWER]|listeners:[], old=null
2023-01-25 10:22:55,274 [pool-209-thread-1] INFO  server.RaftServer$Division (RaftServerImpl.java:setRole(321)) - 7abbc2c7-b56f-4fd7-a4a9-203189c4b8f1@group-9E3031C7D0DB: changes role from      null to FOLLOWER at term 0 for startAsFollower
2023-01-25 10:22:55,274 [pool-209-thread-1] INFO  impl.RoleInfo (RoleInfo.java:updateAndGet(139)) - 7abbc2c7-b56f-4fd7-a4a9-203189c4b8f1: start 7abbc2c7-b56f-4fd7-a4a9-203189c4b8f1@group-9E3031C7D0DB-FollowerState
2023-01-25 10:22:55,276 [pool-209-thread-1] INFO  util.JmxRegister (JmxRegister.java:tryRegister(44)) - Successfully registered JMX Bean with object name Ratis:service=RaftServer,group=group-9E3031C7D0DB,id=7abbc2c7-b56f-4fd7-a4a9-203189c4b8f1
2023-01-25 10:22:55,276 [7abbc2c7-b56f-4fd7-a4a9-203189c4b8f1@group-9E3031C7D0DB-FollowerState] INFO  server.RaftServerConfigKeys (ConfUtils.java:logFallback(53)) - raft.server.rpc.first-election.timeout.min = 5s (fallback to raft.server.rpc.timeout.min)
2023-01-25 10:22:55,276 [pool-209-thread-1] INFO  server.RaftServerConfigKeys (ConfUtils.java:logGet(46)) - raft.server.snapshot.auto.trigger.enabled = true (custom)
2023-01-25 10:22:55,276 [7abbc2c7-b56f-4fd7-a4a9-203189c4b8f1@group-9E3031C7D0DB-FollowerState] INFO  server.RaftServerConfigKeys (ConfUtils.java:logFallback(53)) - raft.server.rpc.first-election.timeout.max = 5200ms (fallback to raft.server.rpc.timeout.max)
2023-01-25 10:22:55,276 [pool-209-thread-1] INFO  server.RaftServerConfigKeys (ConfUtils.java:logGet(46)) - raft.server.snapshot.auto.trigger.threshold = 10000 (custom)
2023-01-25 10:22:55,276 [pool-209-thread-1] INFO  server.RaftServerConfigKeys (ConfUtils.java:logGet(46)) - raft.server.snapshot.retention.file.num = 5 (custom)
2023-01-25 10:22:55,276 [pool-209-thread-1] INFO  server.RaftServerConfigKeys (ConfUtils.java:logGet(46)) - raft.server.log.purge.upto.snapshot.index = false (default)
2023-01-25 10:22:55,277 [Command processor thread] INFO  ratis.XceiverServerRatis (XceiverServerRatis.java:addGroup(806)) - Created group PipelineID=9fd23e76-584f-4286-b2fe-9e3031c7d0db
2023-01-25 10:22:55,277 [Command processor thread] INFO  commandhandler.CreatePipelineCommandHandler (CreatePipelineCommandHandler.java:handle(113)) - Created Pipeline RATIS ONE PipelineID=9fd23e76-584f-4286-b2fe-9e3031c7d0db.
2023-01-25 10:22:55,449 [Listener at 127.0.0.1/33329] INFO  ozone.MiniOzoneClusterImpl (MiniOzoneClusterImpl.java:lambda$waitForClusterToBeReady$0(218)) - Nodes are ready. Got 7 of 7 DN Heartbeats.
2023-01-25 10:22:55,449 [Listener at 127.0.0.1/33329] INFO  ozone.MiniOzoneClusterImpl (MiniOzoneClusterImpl.java:lambda$waitForClusterToBeReady$0(221)) - Waiting for cluster to exit safe mode
2023-01-25 10:22:55,449 [Listener at 127.0.0.1/33329] INFO  ozone.MiniOzoneClusterImpl (MiniOzoneClusterImpl.java:lambda$waitForClusterToBeReady$0(223)) - SCM became leader
2023-01-25 10:22:56,449 [Listener at 127.0.0.1/33329] INFO  ozone.MiniOzoneClusterImpl (MiniOzoneClusterImpl.java:lambda$waitForClusterToBeReady$0(218)) - Nodes are ready. Got 7 of 7 DN Heartbeats.
2023-01-25 10:22:56,449 [Listener at 127.0.0.1/33329] INFO  ozone.MiniOzoneClusterImpl (MiniOzoneClusterImpl.java:lambda$waitForClusterToBeReady$0(221)) - Waiting for cluster to exit safe mode
2023-01-25 10:22:56,450 [Listener at 127.0.0.1/33329] INFO  ozone.MiniOzoneClusterImpl (MiniOzoneClusterImpl.java:lambda$waitForClusterToBeReady$0(223)) - SCM became leader
2023-01-25 10:22:57,450 [Listener at 127.0.0.1/33329] INFO  ozone.MiniOzoneClusterImpl (MiniOzoneClusterImpl.java:lambda$waitForClusterToBeReady$0(218)) - Nodes are ready. Got 7 of 7 DN Heartbeats.
2023-01-25 10:22:57,450 [Listener at 127.0.0.1/33329] INFO  ozone.MiniOzoneClusterImpl (MiniOzoneClusterImpl.java:lambda$waitForClusterToBeReady$0(221)) - Waiting for cluster to exit safe mode
2023-01-25 10:22:57,450 [Listener at 127.0.0.1/33329] INFO  ozone.MiniOzoneClusterImpl (MiniOzoneClusterImpl.java:lambda$waitForClusterToBeReady$0(223)) - SCM became leader
2023-01-25 10:22:58,143 [247f50ea-8ddf-4819-a598-e87ef509e8f6@group-3FA470B5B8B5-FollowerState] INFO  impl.FollowerState (FollowerState.java:run(143)) - 247f50ea-8ddf-4819-a598-e87ef509e8f6@group-3FA470B5B8B5-FollowerState: change to CANDIDATE, lastRpcElapsedTime:5183419477ns, electionTimeout:5179ms
2023-01-25 10:22:58,143 [247f50ea-8ddf-4819-a598-e87ef509e8f6@group-3FA470B5B8B5-FollowerState] INFO  impl.RoleInfo (RoleInfo.java:shutdownFollowerState(110)) - 247f50ea-8ddf-4819-a598-e87ef509e8f6: shutdown 247f50ea-8ddf-4819-a598-e87ef509e8f6@group-3FA470B5B8B5-FollowerState
2023-01-25 10:22:58,143 [247f50ea-8ddf-4819-a598-e87ef509e8f6@group-3FA470B5B8B5-FollowerState] INFO  server.RaftServer$Division (RaftServerImpl.java:setRole(321)) - 247f50ea-8ddf-4819-a598-e87ef509e8f6@group-3FA470B5B8B5: changes role from  FOLLOWER to CANDIDATE at term 0 for changeToCandidate
2023-01-25 10:22:58,144 [247f50ea-8ddf-4819-a598-e87ef509e8f6@group-3FA470B5B8B5-FollowerState] INFO  server.RaftServerConfigKeys (ConfUtils.java:logGet(46)) - raft.server.leaderelection.pre-vote = false (custom)
2023-01-25 10:22:58,144 [247f50ea-8ddf-4819-a598-e87ef509e8f6@group-3FA470B5B8B5-FollowerState] INFO  impl.RoleInfo (RoleInfo.java:updateAndGet(139)) - 247f50ea-8ddf-4819-a598-e87ef509e8f6: start 247f50ea-8ddf-4819-a598-e87ef509e8f6@group-3FA470B5B8B5-LeaderElection2
2023-01-25 10:22:58,148 [247f50ea-8ddf-4819-a598-e87ef509e8f6@group-3FA470B5B8B5-LeaderElection2] INFO  impl.LeaderElection (LeaderElection.java:askForVotes(312)) - 247f50ea-8ddf-4819-a598-e87ef509e8f6@group-3FA470B5B8B5-LeaderElection2 ELECTION round 0: submit vote requests at term 1 for -1: peers:[247f50ea-8ddf-4819-a598-e87ef509e8f6|rpc:10.1.0.14:33111|dataStream:10.1.0.14:34525|priority:1|startupRole:FOLLOWER]|listeners:[], old=null
2023-01-25 10:22:58,148 [247f50ea-8ddf-4819-a598-e87ef509e8f6@group-3FA470B5B8B5-LeaderElection2] INFO  impl.LeaderElection (LeaderElection.java:askForVotes(314)) - 247f50ea-8ddf-4819-a598-e87ef509e8f6@group-3FA470B5B8B5-LeaderElection2 ELECTION round 0: result PASSED (term=1)
2023-01-25 10:22:58,148 [247f50ea-8ddf-4819-a598-e87ef509e8f6@group-3FA470B5B8B5-LeaderElection2] INFO  impl.RoleInfo (RoleInfo.java:shutdownLeaderElection(130)) - 247f50ea-8ddf-4819-a598-e87ef509e8f6: shutdown 247f50ea-8ddf-4819-a598-e87ef509e8f6@group-3FA470B5B8B5-LeaderElection2
2023-01-25 10:22:58,148 [247f50ea-8ddf-4819-a598-e87ef509e8f6@group-3FA470B5B8B5-LeaderElection2] INFO  server.RaftServer$Division (RaftServerImpl.java:setRole(321)) - 247f50ea-8ddf-4819-a598-e87ef509e8f6@group-3FA470B5B8B5: changes role from CANDIDATE to LEADER at term 1 for changeToLeader
2023-01-25 10:22:58,148 [247f50ea-8ddf-4819-a598-e87ef509e8f6@group-3FA470B5B8B5-LeaderElection2] INFO  ratis.XceiverServerRatis (XceiverServerRatis.java:handleLeaderChangedNotification(904)) - Leader change notification received for group: group-3FA470B5B8B5 with new leaderId: 247f50ea-8ddf-4819-a598-e87ef509e8f6
2023-01-25 10:22:58,149 [247f50ea-8ddf-4819-a598-e87ef509e8f6@group-3FA470B5B8B5-LeaderElection2] INFO  server.RaftServer$Division (ServerState.java:setLeader(313)) - 247f50ea-8ddf-4819-a598-e87ef509e8f6@group-3FA470B5B8B5: change Leader from null to 247f50ea-8ddf-4819-a598-e87ef509e8f6 at term 1 for becomeLeader, leader elected after 5217ms
2023-01-25 10:22:58,149 [247f50ea-8ddf-4819-a598-e87ef509e8f6@group-3FA470B5B8B5-LeaderElection2] INFO  server.RaftServerConfigKeys (ConfUtils.java:logGet(46)) - raft.server.staging.catchup.gap = 1000 (default)
2023-01-25 10:22:58,149 [247f50ea-8ddf-4819-a598-e87ef509e8f6@group-3FA470B5B8B5-LeaderElection2] INFO  server.RaftServerConfigKeys (ConfUtils.java:logGet(46)) - raft.server.write.element-limit = 1024 (custom)
2023-01-25 10:22:58,149 [247f50ea-8ddf-4819-a598-e87ef509e8f6@group-3FA470B5B8B5-LeaderElection2] INFO  server.RaftServerConfigKeys (ConfUtils.java:logGet(46)) - raft.server.write.byte-limit = 1024 M (=1073741824) (custom)
2023-01-25 10:22:58,150 [247f50ea-8ddf-4819-a598-e87ef509e8f6@group-3FA470B5B8B5-LeaderElection2] INFO  server.RaftServerConfigKeys (ConfUtils.java:logGet(46)) - raft.server.watch.timeout = 180s (custom)
2023-01-25 10:22:58,150 [247f50ea-8ddf-4819-a598-e87ef509e8f6@group-3FA470B5B8B5-LeaderElection2] INFO  server.RaftServerConfigKeys (ConfUtils.java:logGet(46)) - raft.server.watch.timeout.denomination = 1s (default)
2023-01-25 10:22:58,150 [247f50ea-8ddf-4819-a598-e87ef509e8f6@group-3FA470B5B8B5-LeaderElection2] INFO  server.RaftServerConfigKeys (ConfUtils.java:logGet(46)) - raft.server.watch.element-limit = 65536 (default)
2023-01-25 10:22:58,150 [247f50ea-8ddf-4819-a598-e87ef509e8f6@group-3FA470B5B8B5-LeaderElection2] INFO  server.RaftServerConfigKeys (ConfUtils.java:logGet(46)) - raft.server.write.element-limit = 1024 (custom)
2023-01-25 10:22:58,150 [247f50ea-8ddf-4819-a598-e87ef509e8f6@group-3FA470B5B8B5-LeaderElection2] INFO  server.RaftServerConfigKeys (ConfUtils.java:logGet(46)) - raft.server.write.follower.gap.ratio.max = -1.0 (default)
2023-01-25 10:22:58,150 [EventQueue-OpenPipelineForHealthyPipelineSafeModeRule] INFO  safemode.SCMSafeModeManager (HealthyPipelineSafeModeRule.java:process(137)) - SCM in safe mode. Healthy pipelines reported count is 0, required healthy pipeline reported count is 1
2023-01-25 10:22:58,150 [247f50ea-8ddf-4819-a598-e87ef509e8f6@group-3FA470B5B8B5-LeaderElection2] INFO  impl.RoleInfo (RoleInfo.java:updateAndGet(139)) - 247f50ea-8ddf-4819-a598-e87ef509e8f6: start 247f50ea-8ddf-4819-a598-e87ef509e8f6@group-3FA470B5B8B5-LeaderStateImpl
2023-01-25 10:22:58,150 [247f50ea-8ddf-4819-a598-e87ef509e8f6@group-3FA470B5B8B5-LeaderElection2] INFO  segmented.SegmentedRaftLogWorker (SegmentedRaftLogWorker.java:startLogSegment(452)) - 247f50ea-8ddf-4819-a598-e87ef509e8f6@group-3FA470B5B8B5-SegmentedRaftLogWorker: Starting segment from index:0
2023-01-25 10:22:58,151 [247f50ea-8ddf-4819-a598-e87ef509e8f6@group-3FA470B5B8B5-SegmentedRaftLogWorker] INFO  segmented.SegmentedRaftLogWorker (SegmentedRaftLogWorker.java:execute(656)) - 247f50ea-8ddf-4819-a598-e87ef509e8f6@group-3FA470B5B8B5-SegmentedRaftLogWorker: created new log segment /home/runner/work/ozone/ozone/hadoop-ozone/integration-test/target/test-dir/MiniOzoneClusterImpl-1247b3fc-8c88-4cf7-b93f-ad2be507f780/datanode-0/data/ratis/0c39c105-7cfd-4a22-a0cd-3fa470b5b8b5/current/log_inprogress_0
2023-01-25 10:22:58,155 [247f50ea-8ddf-4819-a598-e87ef509e8f6@group-3FA470B5B8B5-LeaderElection2] INFO  server.RaftServer$Division (ServerState.java:setRaftConf(430)) - 247f50ea-8ddf-4819-a598-e87ef509e8f6@group-3FA470B5B8B5: set configuration 0: peers:[247f50ea-8ddf-4819-a598-e87ef509e8f6|rpc:10.1.0.14:33111|dataStream:10.1.0.14:34525|priority:1|startupRole:FOLLOWER]|listeners:[], old=null
2023-01-25 10:22:58,159 [247f50ea-8ddf-4819-a598-e87ef509e8f6@group-2EE647C74649-FollowerState] INFO  impl.FollowerState (FollowerState.java:run(143)) - 247f50ea-8ddf-4819-a598-e87ef509e8f6@group-2EE647C74649-FollowerState: change to CANDIDATE, lastRpcElapsedTime:5147713251ns, electionTimeout:5144ms
2023-01-25 10:22:58,160 [247f50ea-8ddf-4819-a598-e87ef509e8f6@group-2EE647C74649-FollowerState] INFO  impl.RoleInfo (RoleInfo.java:shutdownFollowerState(110)) - 247f50ea-8ddf-4819-a598-e87ef509e8f6: shutdown 247f50ea-8ddf-4819-a598-e87ef509e8f6@group-2EE647C74649-FollowerState
2023-01-25 10:22:58,160 [247f50ea-8ddf-4819-a598-e87ef509e8f6@group-2EE647C74649-FollowerState] INFO  server.RaftServer$Division (RaftServerImpl.java:setRole(321)) - 247f50ea-8ddf-4819-a598-e87ef509e8f6@group-2EE647C74649: changes role from  FOLLOWER to CANDIDATE at term 0 for changeToCandidate
2023-01-25 10:22:58,161 [247f50ea-8ddf-4819-a598-e87ef509e8f6@group-2EE647C74649-FollowerState] INFO  server.RaftServerConfigKeys (ConfUtils.java:logGet(46)) - raft.server.leaderelection.pre-vote = false (custom)
2023-01-25 10:22:58,161 [247f50ea-8ddf-4819-a598-e87ef509e8f6@group-2EE647C74649-FollowerState] INFO  impl.RoleInfo (RoleInfo.java:updateAndGet(139)) - 247f50ea-8ddf-4819-a598-e87ef509e8f6: start 247f50ea-8ddf-4819-a598-e87ef509e8f6@group-2EE647C74649-LeaderElection3
2023-01-25 10:22:58,165 [247f50ea-8ddf-4819-a598-e87ef509e8f6@group-2EE647C74649-LeaderElection3] INFO  impl.LeaderElection (LeaderElection.java:askForVotes(312)) - 247f50ea-8ddf-4819-a598-e87ef509e8f6@group-2EE647C74649-LeaderElection3 ELECTION round 0: submit vote requests at term 1 for -1: peers:[de34da07-4135-4fa8-beba-e4d852545ac0|rpc:10.1.0.14:33181|dataStream:10.1.0.14:38123|priority:0|startupRole:FOLLOWER, 44d8c728-f44d-4f6f-a402-703b24b0e7ae|rpc:10.1.0.14:40767|dataStream:10.1.0.14:39589|priority:1|startupRole:FOLLOWER, 247f50ea-8ddf-4819-a598-e87ef509e8f6|rpc:10.1.0.14:33111|dataStream:10.1.0.14:34525|priority:0|startupRole:FOLLOWER]|listeners:[], old=null
2023-01-25 10:22:58,169 [247f50ea-8ddf-4819-a598-e87ef509e8f6@group-2EE647C74649-LeaderElection3] INFO  server.RaftServerConfigKeys (ConfUtils.java:logFallback(53)) - raft.server.rpc.first-election.timeout.min = 5s (fallback to raft.server.rpc.timeout.min)
2023-01-25 10:22:58,169 [247f50ea-8ddf-4819-a598-e87ef509e8f6@group-2EE647C74649-LeaderElection3] INFO  server.RaftServerConfigKeys (ConfUtils.java:logFallback(53)) - raft.server.rpc.first-election.timeout.max = 5200ms (fallback to raft.server.rpc.timeout.max)
2023-01-25 10:22:58,170 [247f50ea-8ddf-4819-a598-e87ef509e8f6@group-2EE647C74649-LeaderElection3-1] INFO  server.GrpcServerProtocolClient (GrpcServerProtocolClient.java:<init>(63)) - Build channel for de34da07-4135-4fa8-beba-e4d852545ac0
2023-01-25 10:22:58,173 [247f50ea-8ddf-4819-a598-e87ef509e8f6@group-2EE647C74649-LeaderElection3-2] INFO  server.GrpcServerProtocolClient (GrpcServerProtocolClient.java:<init>(63)) - Build channel for 44d8c728-f44d-4f6f-a402-703b24b0e7ae
2023-01-25 10:22:58,181 [grpc-default-executor-1] INFO  server.RaftServer$Division (RaftServerImpl.java:requestVote(1218)) - de34da07-4135-4fa8-beba-e4d852545ac0@group-2EE647C74649: receive requestVote(ELECTION, 247f50ea-8ddf-4819-a598-e87ef509e8f6, group-2EE647C74649, 1, (t:0, i:0))
2023-01-25 10:22:58,183 [grpc-default-executor-1] INFO  impl.VoteContext (VoteContext.java:log(49)) - de34da07-4135-4fa8-beba-e4d852545ac0@group-2EE647C74649-FOLLOWER: accept ELECTION from 247f50ea-8ddf-4819-a598-e87ef509e8f6: our priority 0 <= candidate's priority 0
2023-01-25 10:22:58,183 [grpc-default-executor-1] INFO  server.RaftServer$Division (RaftServerImpl.java:setRole(321)) - de34da07-4135-4fa8-beba-e4d852545ac0@group-2EE647C74649: changes role from  FOLLOWER to FOLLOWER at term 1 for candidate:247f50ea-8ddf-4819-a598-e87ef509e8f6
2023-01-25 10:22:58,183 [grpc-default-executor-1] INFO  impl.RoleInfo (RoleInfo.java:shutdownFollowerState(110)) - de34da07-4135-4fa8-beba-e4d852545ac0: shutdown de34da07-4135-4fa8-beba-e4d852545ac0@group-2EE647C74649-FollowerState
2023-01-25 10:22:58,183 [de34da07-4135-4fa8-beba-e4d852545ac0@group-2EE647C74649-FollowerState] INFO  impl.FollowerState (FollowerState.java:run(152)) - de34da07-4135-4fa8-beba-e4d852545ac0@group-2EE647C74649-FollowerState was interrupted
2023-01-25 10:22:58,186 [grpc-default-executor-1] INFO  impl.RoleInfo (RoleInfo.java:updateAndGet(139)) - de34da07-4135-4fa8-beba-e4d852545ac0: start de34da07-4135-4fa8-beba-e4d852545ac0@group-2EE647C74649-FollowerState
2023-01-25 10:22:58,188 [grpc-default-executor-0] INFO  server.RaftServer$Division (RaftServerImpl.java:requestVote(1218)) - 44d8c728-f44d-4f6f-a402-703b24b0e7ae@group-2EE647C74649: receive requestVote(ELECTION, 247f50ea-8ddf-4819-a598-e87ef509e8f6, group-2EE647C74649, 1, (t:0, i:0))
2023-01-25 10:22:58,188 [grpc-default-executor-0] INFO  impl.VoteContext (VoteContext.java:log(49)) - 44d8c728-f44d-4f6f-a402-703b24b0e7ae@group-2EE647C74649-FOLLOWER: reject ELECTION from 247f50ea-8ddf-4819-a598-e87ef509e8f6: our priority 1 > candidate's priority 0
2023-01-25 10:22:58,189 [grpc-default-executor-0] INFO  server.RaftServer$Division (RaftServerImpl.java:setRole(321)) - 44d8c728-f44d-4f6f-a402-703b24b0e7ae@group-2EE647C74649: changes role from  FOLLOWER to FOLLOWER at term 1 for candidate:247f50ea-8ddf-4819-a598-e87ef509e8f6
2023-01-25 10:22:58,189 [grpc-default-executor-0] INFO  impl.RoleInfo (RoleInfo.java:shutdownFollowerState(110)) - 44d8c728-f44d-4f6f-a402-703b24b0e7ae: shutdown 44d8c728-f44d-4f6f-a402-703b24b0e7ae@group-2EE647C74649-FollowerState
2023-01-25 10:22:58,189 [44d8c728-f44d-4f6f-a402-703b24b0e7ae@group-2EE647C74649-FollowerState] INFO  impl.FollowerState (FollowerState.java:run(152)) - 44d8c728-f44d-4f6f-a402-703b24b0e7ae@group-2EE647C74649-FollowerState was interrupted
2023-01-25 10:22:58,192 [grpc-default-executor-1] INFO  server.RaftServer$Division (RaftServerImpl.java:requestVote(1251)) - de34da07-4135-4fa8-beba-e4d852545ac0@group-2EE647C74649 replies to ELECTION vote request: 247f50ea-8ddf-4819-a598-e87ef509e8f6<-de34da07-4135-4fa8-beba-e4d852545ac0#0:OK-t1. Peer's state: de34da07-4135-4fa8-beba-e4d852545ac0@group-2EE647C74649:t1, leader=null, voted=247f50ea-8ddf-4819-a598-e87ef509e8f6, raftlog=Memoized:de34da07-4135-4fa8-beba-e4d852545ac0@group-2EE647C74649-SegmentedRaftLog:OPENED:c-1, conf=-1: peers:[de34da07-4135-4fa8-beba-e4d852545ac0|rpc:10.1.0.14:33181|dataStream:10.1.0.14:38123|priority:0|startupRole:FOLLOWER, 44d8c728-f44d-4f6f-a402-703b24b0e7ae|rpc:10.1.0.14:40767|dataStream:10.1.0.14:39589|priority:1|startupRole:FOLLOWER, 247f50ea-8ddf-4819-a598-e87ef509e8f6|rpc:10.1.0.14:33111|dataStream:10.1.0.14:34525|priority:0|startupRole:FOLLOWER]|listeners:[], old=null
2023-01-25 10:22:58,189 [grpc-default-executor-0] INFO  impl.RoleInfo (RoleInfo.java:updateAndGet(139)) - 44d8c728-f44d-4f6f-a402-703b24b0e7ae: start 44d8c728-f44d-4f6f-a402-703b24b0e7ae@group-2EE647C74649-FollowerState
2023-01-25 10:22:58,194 [44d8c728-f44d-4f6f-a402-703b24b0e7ae@group-2EE647C74649-FollowerState] INFO  server.RaftServerConfigKeys (ConfUtils.java:logFallback(53)) - raft.server.rpc.first-election.timeout.min = 5s (fallback to raft.server.rpc.timeout.min)
2023-01-25 10:22:58,194 [44d8c728-f44d-4f6f-a402-703b24b0e7ae@group-2EE647C74649-FollowerState] INFO  server.RaftServerConfigKeys (ConfUtils.java:logFallback(53)) - raft.server.rpc.first-election.timeout.max = 5200ms (fallback to raft.server.rpc.timeout.max)
2023-01-25 10:22:58,195 [grpc-default-executor-0] INFO  server.RaftServer$Division (RaftServerImpl.java:requestVote(1251)) - 44d8c728-f44d-4f6f-a402-703b24b0e7ae@group-2EE647C74649 replies to ELECTION vote request: 247f50ea-8ddf-4819-a598-e87ef509e8f6<-44d8c728-f44d-4f6f-a402-703b24b0e7ae#0:FAIL-t1. Peer's state: 44d8c728-f44d-4f6f-a402-703b24b0e7ae@group-2EE647C74649:t1, leader=null, voted=null, raftlog=Memoized:44d8c728-f44d-4f6f-a402-703b24b0e7ae@group-2EE647C74649-SegmentedRaftLog:OPENED:c-1, conf=-1: peers:[de34da07-4135-4fa8-beba-e4d852545ac0|rpc:10.1.0.14:33181|dataStream:10.1.0.14:38123|priority:0|startupRole:FOLLOWER, 44d8c728-f44d-4f6f-a402-703b24b0e7ae|rpc:10.1.0.14:40767|dataStream:10.1.0.14:39589|priority:1|startupRole:FOLLOWER, 247f50ea-8ddf-4819-a598-e87ef509e8f6|rpc:10.1.0.14:33111|dataStream:10.1.0.14:34525|priority:0|startupRole:FOLLOWER]|listeners:[], old=null
2023-01-25 10:22:58,196 [247f50ea-8ddf-4819-a598-e87ef509e8f6@group-2EE647C74649-LeaderElection3] INFO  impl.LeaderElection (LeaderElection.java:logAndReturn(90)) - 247f50ea-8ddf-4819-a598-e87ef509e8f6@group-2EE647C74649-LeaderElection3: ELECTION REJECTED received 2 response(s) and 0 exception(s):
2023-01-25 10:22:58,197 [247f50ea-8ddf-4819-a598-e87ef509e8f6@group-2EE647C74649-LeaderElection3] INFO  impl.LeaderElection (LeaderElection.java:logAndReturn(94)) -   Response 0: 247f50ea-8ddf-4819-a598-e87ef509e8f6<-de34da07-4135-4fa8-beba-e4d852545ac0#0:OK-t1
2023-01-25 10:22:58,197 [247f50ea-8ddf-4819-a598-e87ef509e8f6@group-2EE647C74649-LeaderElection3] INFO  impl.LeaderElection (LeaderElection.java:logAndReturn(94)) -   Response 1: 247f50ea-8ddf-4819-a598-e87ef509e8f6<-44d8c728-f44d-4f6f-a402-703b24b0e7ae#0:FAIL-t1
2023-01-25 10:22:58,197 [247f50ea-8ddf-4819-a598-e87ef509e8f6@group-2EE647C74649-LeaderElection3] INFO  impl.LeaderElection (LeaderElection.java:askForVotes(314)) - 247f50ea-8ddf-4819-a598-e87ef509e8f6@group-2EE647C74649-LeaderElection3 ELECTION round 0: result REJECTED
2023-01-25 10:22:58,197 [247f50ea-8ddf-4819-a598-e87ef509e8f6@group-2EE647C74649-LeaderElection3] INFO  server.RaftServer$Division (RaftServerImpl.java:setRole(321)) - 247f50ea-8ddf-4819-a598-e87ef509e8f6@group-2EE647C74649: changes role from CANDIDATE to FOLLOWER at term 1 for REJECTED
2023-01-25 10:22:58,198 [247f50ea-8ddf-4819-a598-e87ef509e8f6@group-2EE647C74649-LeaderElection3] INFO  impl.RoleInfo (RoleInfo.java:shutdownLeaderElection(130)) - 247f50ea-8ddf-4819-a598-e87ef509e8f6: shutdown 247f50ea-8ddf-4819-a598-e87ef509e8f6@group-2EE647C74649-LeaderElection3
2023-01-25 10:22:58,198 [de34da07-4135-4fa8-beba-e4d852545ac0@group-2EE647C74649-FollowerState] INFO  server.RaftServerConfigKeys (ConfUtils.java:logFallback(53)) - raft.server.rpc.first-election.timeout.min = 5s (fallback to raft.server.rpc.timeout.min)
2023-01-25 10:22:58,198 [de34da07-4135-4fa8-beba-e4d852545ac0@group-2EE647C74649-FollowerState] INFO  server.RaftServerConfigKeys (ConfUtils.java:logFallback(53)) - raft.server.rpc.first-election.timeout.max = 5200ms (fallback to raft.server.rpc.timeout.max)
2023-01-25 10:22:58,198 [247f50ea-8ddf-4819-a598-e87ef509e8f6@group-2EE647C74649-LeaderElection3] INFO  impl.RoleInfo (RoleInfo.java:updateAndGet(139)) - 247f50ea-8ddf-4819-a598-e87ef509e8f6: start 247f50ea-8ddf-4819-a598-e87ef509e8f6@group-2EE647C74649-FollowerState
2023-01-25 10:22:58,201 [247f50ea-8ddf-4819-a598-e87ef509e8f6@group-2EE647C74649-FollowerState] INFO  server.RaftServerConfigKeys (ConfUtils.java:logFallback(53)) - raft.server.rpc.first-election.timeout.min = 5s (fallback to raft.server.rpc.timeout.min)
2023-01-25 10:22:58,201 [247f50ea-8ddf-4819-a598-e87ef509e8f6@group-2EE647C74649-FollowerState] INFO  server.RaftServerConfigKeys (ConfUtils.java:logFallback(53)) - raft.server.rpc.first-election.timeout.max = 5200ms (fallback to raft.server.rpc.timeout.max)
2023-01-25 10:22:58,450 [Listener at 127.0.0.1/33329] INFO  ozone.MiniOzoneClusterImpl (MiniOzoneClusterImpl.java:lambda$waitForClusterToBeReady$0(218)) - Nodes are ready. Got 7 of 7 DN Heartbeats.
2023-01-25 10:22:58,451 [Listener at 127.0.0.1/33329] INFO  ozone.MiniOzoneClusterImpl (MiniOzoneClusterImpl.java:lambda$waitForClusterToBeReady$0(221)) - Waiting for cluster to exit safe mode
2023-01-25 10:22:58,451 [Listener at 127.0.0.1/33329] INFO  ozone.MiniOzoneClusterImpl (MiniOzoneClusterImpl.java:lambda$waitForClusterToBeReady$0(223)) - SCM became leader
2023-01-25 10:22:58,651 [44d8c728-f44d-4f6f-a402-703b24b0e7ae@group-8F12ACF61ADF-FollowerState] INFO  impl.FollowerState (FollowerState.java:run(143)) - 44d8c728-f44d-4f6f-a402-703b24b0e7ae@group-8F12ACF61ADF-FollowerState: change to CANDIDATE, lastRpcElapsedTime:5179995335ns, electionTimeout:5171ms
2023-01-25 10:22:58,651 [44d8c728-f44d-4f6f-a402-703b24b0e7ae@group-8F12ACF61ADF-FollowerState] INFO  impl.RoleInfo (RoleInfo.java:shutdownFollowerState(110)) - 44d8c728-f44d-4f6f-a402-703b24b0e7ae: shutdown 44d8c728-f44d-4f6f-a402-703b24b0e7ae@group-8F12ACF61ADF-FollowerState
2023-01-25 10:22:58,651 [44d8c728-f44d-4f6f-a402-703b24b0e7ae@group-8F12ACF61ADF-FollowerState] INFO  server.RaftServer$Division (RaftServerImpl.java:setRole(321)) - 44d8c728-f44d-4f6f-a402-703b24b0e7ae@group-8F12ACF61ADF: changes role from  FOLLOWER to CANDIDATE at term 0 for changeToCandidate
2023-01-25 10:22:58,652 [44d8c728-f44d-4f6f-a402-703b24b0e7ae@group-8F12ACF61ADF-FollowerState] INFO  server.RaftServerConfigKeys (ConfUtils.java:logGet(46)) - raft.server.leaderelection.pre-vote = false (custom)
2023-01-25 10:22:58,652 [44d8c728-f44d-4f6f-a402-703b24b0e7ae@group-8F12ACF61ADF-FollowerState] INFO  impl.RoleInfo (RoleInfo.java:updateAndGet(139)) - 44d8c728-f44d-4f6f-a402-703b24b0e7ae: start 44d8c728-f44d-4f6f-a402-703b24b0e7ae@group-8F12ACF61ADF-LeaderElection4
2023-01-25 10:22:58,657 [44d8c728-f44d-4f6f-a402-703b24b0e7ae@group-8F12ACF61ADF-LeaderElection4] INFO  impl.LeaderElection (LeaderElection.java:askForVotes(312)) - 44d8c728-f44d-4f6f-a402-703b24b0e7ae@group-8F12ACF61ADF-LeaderElection4 ELECTION round 0: submit vote requests at term 1 for -1: peers:[44d8c728-f44d-4f6f-a402-703b24b0e7ae|rpc:10.1.0.14:40767|dataStream:10.1.0.14:39589|priority:1|startupRole:FOLLOWER]|listeners:[], old=null
2023-01-25 10:22:58,657 [44d8c728-f44d-4f6f-a402-703b24b0e7ae@group-8F12ACF61ADF-LeaderElection4] INFO  impl.LeaderElection (LeaderElection.java:askForVotes(314)) - 44d8c728-f44d-4f6f-a402-703b24b0e7ae@group-8F12ACF61ADF-LeaderElection4 ELECTION round 0: result PASSED (term=1)
2023-01-25 10:22:58,657 [44d8c728-f44d-4f6f-a402-703b24b0e7ae@group-8F12ACF61ADF-LeaderElection4] INFO  impl.RoleInfo (RoleInfo.java:shutdownLeaderElection(130)) - 44d8c728-f44d-4f6f-a402-703b24b0e7ae: shutdown 44d8c728-f44d-4f6f-a402-703b24b0e7ae@group-8F12ACF61ADF-LeaderElection4
2023-01-25 10:22:58,657 [44d8c728-f44d-4f6f-a402-703b24b0e7ae@group-8F12ACF61ADF-LeaderElection4] INFO  server.RaftServer$Division (RaftServerImpl.java:setRole(321)) - 44d8c728-f44d-4f6f-a402-703b24b0e7ae@group-8F12ACF61ADF: changes role from CANDIDATE to LEADER at term 1 for changeToLeader
2023-01-25 10:22:58,657 [44d8c728-f44d-4f6f-a402-703b24b0e7ae@group-8F12ACF61ADF-LeaderElection4] INFO  ratis.XceiverServerRatis (XceiverServerRatis.java:handleLeaderChangedNotification(904)) - Leader change notification received for group: group-8F12ACF61ADF with new leaderId: 44d8c728-f44d-4f6f-a402-703b24b0e7ae
2023-01-25 10:22:58,658 [44d8c728-f44d-4f6f-a402-703b24b0e7ae@group-8F12ACF61ADF-LeaderElection4] INFO  server.RaftServer$Division (ServerState.java:setLeader(313)) - 44d8c728-f44d-4f6f-a402-703b24b0e7ae@group-8F12ACF61ADF: change Leader from null to 44d8c728-f44d-4f6f-a402-703b24b0e7ae at term 1 for becomeLeader, leader elected after 5233ms
2023-01-25 10:22:58,658 [44d8c728-f44d-4f6f-a402-703b24b0e7ae@group-8F12ACF61ADF-LeaderElection4] INFO  server.RaftServerConfigKeys (ConfUtils.java:logGet(46)) - raft.server.staging.catchup.gap = 1000 (default)
2023-01-25 10:22:58,658 [44d8c728-f44d-4f6f-a402-703b24b0e7ae@group-8F12ACF61ADF-LeaderElection4] INFO  server.RaftServerConfigKeys (ConfUtils.java:logGet(46)) - raft.server.write.element-limit = 1024 (custom)
2023-01-25 10:22:58,658 [44d8c728-f44d-4f6f-a402-703b24b0e7ae@group-8F12ACF61ADF-LeaderElection4] INFO  server.RaftServerConfigKeys (ConfUtils.java:logGet(46)) - raft.server.write.byte-limit = 1024 M (=1073741824) (custom)
2023-01-25 10:22:58,658 [44d8c728-f44d-4f6f-a402-703b24b0e7ae@group-8F12ACF61ADF-LeaderElection4] INFO  server.RaftServerConfigKeys (ConfUtils.java:logGet(46)) - raft.server.watch.timeout = 180s (custom)
2023-01-25 10:22:58,658 [44d8c728-f44d-4f6f-a402-703b24b0e7ae@group-8F12ACF61ADF-LeaderElection4] INFO  server.RaftServerConfigKeys (ConfUtils.java:logGet(46)) - raft.server.watch.timeout.denomination = 1s (default)
2023-01-25 10:22:58,658 [44d8c728-f44d-4f6f-a402-703b24b0e7ae@group-8F12ACF61ADF-LeaderElection4] INFO  server.RaftServerConfigKeys (ConfUtils.java:logGet(46)) - raft.server.watch.element-limit = 65536 (default)
2023-01-25 10:22:58,658 [44d8c728-f44d-4f6f-a402-703b24b0e7ae@group-8F12ACF61ADF-LeaderElection4] INFO  server.RaftServerConfigKeys (ConfUtils.java:logGet(46)) - raft.server.write.element-limit = 1024 (custom)
2023-01-25 10:22:58,659 [44d8c728-f44d-4f6f-a402-703b24b0e7ae@group-8F12ACF61ADF-LeaderElection4] INFO  server.RaftServerConfigKeys (ConfUtils.java:logGet(46)) - raft.server.write.follower.gap.ratio.max = -1.0 (default)
2023-01-25 10:22:58,659 [44d8c728-f44d-4f6f-a402-703b24b0e7ae@group-8F12ACF61ADF-LeaderElection4] INFO  impl.RoleInfo (RoleInfo.java:updateAndGet(139)) - 44d8c728-f44d-4f6f-a402-703b24b0e7ae: start 44d8c728-f44d-4f6f-a402-703b24b0e7ae@group-8F12ACF61ADF-LeaderStateImpl
2023-01-25 10:22:58,659 [44d8c728-f44d-4f6f-a402-703b24b0e7ae@group-8F12ACF61ADF-LeaderElection4] INFO  segmented.SegmentedRaftLogWorker (SegmentedRaftLogWorker.java:startLogSegment(452)) - 44d8c728-f44d-4f6f-a402-703b24b0e7ae@group-8F12ACF61ADF-SegmentedRaftLogWorker: Starting segment from index:0
2023-01-25 10:22:58,659 [EventQueue-OpenPipelineForHealthyPipelineSafeModeRule] INFO  safemode.SCMSafeModeManager (HealthyPipelineSafeModeRule.java:process(137)) - SCM in safe mode. Healthy pipelines reported count is 0, required healthy pipeline reported count is 1
2023-01-25 10:22:58,660 [44d8c728-f44d-4f6f-a402-703b24b0e7ae@group-8F12ACF61ADF-SegmentedRaftLogWorker] INFO  segmented.SegmentedRaftLogWorker (SegmentedRaftLogWorker.java:execute(656)) - 44d8c728-f44d-4f6f-a402-703b24b0e7ae@group-8F12ACF61ADF-SegmentedRaftLogWorker: created new log segment /home/runner/work/ozone/ozone/hadoop-ozone/integration-test/target/test-dir/MiniOzoneClusterImpl-1247b3fc-8c88-4cf7-b93f-ad2be507f780/datanode-1/data/ratis/a4f1f827-db20-4052-b345-8f12acf61adf/current/log_inprogress_0
2023-01-25 10:22:58,661 [44d8c728-f44d-4f6f-a402-703b24b0e7ae@group-8F12ACF61ADF-LeaderElection4] INFO  server.RaftServer$Division (ServerState.java:setRaftConf(430)) - 44d8c728-f44d-4f6f-a402-703b24b0e7ae@group-8F12ACF61ADF: set configuration 0: peers:[44d8c728-f44d-4f6f-a402-703b24b0e7ae|rpc:10.1.0.14:40767|dataStream:10.1.0.14:39589|priority:1|startupRole:FOLLOWER]|listeners:[], old=null
2023-01-25 10:22:58,806 [44d8c728-f44d-4f6f-a402-703b24b0e7ae@group-6CE5116D121F-FollowerState] INFO  impl.FollowerState (FollowerState.java:run(143)) - 44d8c728-f44d-4f6f-a402-703b24b0e7ae@group-6CE5116D121F-FollowerState: change to CANDIDATE, lastRpcElapsedTime:5042689868ns, electionTimeout:5028ms
2023-01-25 10:22:58,806 [44d8c728-f44d-4f6f-a402-703b24b0e7ae@group-6CE5116D121F-FollowerState] INFO  impl.RoleInfo (RoleInfo.java:shutdownFollowerState(110)) - 44d8c728-f44d-4f6f-a402-703b24b0e7ae: shutdown 44d8c728-f44d-4f6f-a402-703b24b0e7ae@group-6CE5116D121F-FollowerState
2023-01-25 10:22:58,806 [44d8c728-f44d-4f6f-a402-703b24b0e7ae@group-6CE5116D121F-FollowerState] INFO  server.RaftServer$Division (RaftServerImpl.java:setRole(321)) - 44d8c728-f44d-4f6f-a402-703b24b0e7ae@group-6CE5116D121F: changes role from  FOLLOWER to CANDIDATE at term 0 for changeToCandidate
2023-01-25 10:22:58,807 [44d8c728-f44d-4f6f-a402-703b24b0e7ae@group-6CE5116D121F-FollowerState] INFO  server.RaftServerConfigKeys (ConfUtils.java:logGet(46)) - raft.server.leaderelection.pre-vote = false (custom)
2023-01-25 10:22:58,807 [44d8c728-f44d-4f6f-a402-703b24b0e7ae@group-6CE5116D121F-FollowerState] INFO  impl.RoleInfo (RoleInfo.java:updateAndGet(139)) - 44d8c728-f44d-4f6f-a402-703b24b0e7ae: start 44d8c728-f44d-4f6f-a402-703b24b0e7ae@group-6CE5116D121F-LeaderElection5
2023-01-25 10:22:58,810 [44d8c728-f44d-4f6f-a402-703b24b0e7ae@group-6CE5116D121F-LeaderElection5] INFO  impl.LeaderElection (LeaderElection.java:askForVotes(312)) - 44d8c728-f44d-4f6f-a402-703b24b0e7ae@group-6CE5116D121F-LeaderElection5 ELECTION round 0: submit vote requests at term 1 for -1: peers:[de34da07-4135-4fa8-beba-e4d852545ac0|rpc:10.1.0.14:33181|dataStream:10.1.0.14:38123|priority:1|startupRole:FOLLOWER, 44d8c728-f44d-4f6f-a402-703b24b0e7ae|rpc:10.1.0.14:40767|dataStream:10.1.0.14:39589|priority:0|startupRole:FOLLOWER, 247f50ea-8ddf-4819-a598-e87ef509e8f6|rpc:10.1.0.14:33111|dataStream:10.1.0.14:34525|priority:0|startupRole:FOLLOWER]|listeners:[], old=null
2023-01-25 10:22:58,810 [44d8c728-f44d-4f6f-a402-703b24b0e7ae@group-6CE5116D121F-LeaderElection5] INFO  server.RaftServerConfigKeys (ConfUtils.java:logFallback(53)) - raft.server.rpc.first-election.timeout.min = 5s (fallback to raft.server.rpc.timeout.min)
2023-01-25 10:22:58,810 [44d8c728-f44d-4f6f-a402-703b24b0e7ae@group-6CE5116D121F-LeaderElection5] INFO  server.RaftServerConfigKeys (ConfUtils.java:logFallback(53)) - raft.server.rpc.first-election.timeout.max = 5200ms (fallback to raft.server.rpc.timeout.max)
2023-01-25 10:22:58,810 [44d8c728-f44d-4f6f-a402-703b24b0e7ae@group-6CE5116D121F-LeaderElection5-1] INFO  server.GrpcServerProtocolClient (GrpcServerProtocolClient.java:<init>(63)) - Build channel for de34da07-4135-4fa8-beba-e4d852545ac0
2023-01-25 10:22:58,810 [44d8c728-f44d-4f6f-a402-703b24b0e7ae@group-6CE5116D121F-LeaderElection5-2] INFO  server.GrpcServerProtocolClient (GrpcServerProtocolClient.java:<init>(63)) - Build channel for 247f50ea-8ddf-4819-a598-e87ef509e8f6
2023-01-25 10:22:58,821 [grpc-default-executor-1] INFO  server.RaftServer$Division (RaftServerImpl.java:requestVote(1218)) - 247f50ea-8ddf-4819-a598-e87ef509e8f6@group-6CE5116D121F: receive requestVote(ELECTION, 44d8c728-f44d-4f6f-a402-703b24b0e7ae, group-6CE5116D121F, 1, (t:0, i:0))
2023-01-25 10:22:58,822 [grpc-default-executor-1] INFO  impl.VoteContext (VoteContext.java:log(49)) - 247f50ea-8ddf-4819-a598-e87ef509e8f6@group-6CE5116D121F-FOLLOWER: accept ELECTION from 44d8c728-f44d-4f6f-a402-703b24b0e7ae: our priority 0 <= candidate's priority 0
2023-01-25 10:22:58,822 [grpc-default-executor-1] INFO  server.RaftServer$Division (RaftServerImpl.java:setRole(321)) - 247f50ea-8ddf-4819-a598-e87ef509e8f6@group-6CE5116D121F: changes role from  FOLLOWER to FOLLOWER at term 1 for candidate:44d8c728-f44d-4f6f-a402-703b24b0e7ae
2023-01-25 10:22:58,822 [grpc-default-executor-1] INFO  impl.RoleInfo (RoleInfo.java:shutdownFollowerState(110)) - 247f50ea-8ddf-4819-a598-e87ef509e8f6: shutdown 247f50ea-8ddf-4819-a598-e87ef509e8f6@group-6CE5116D121F-FollowerState
2023-01-25 10:22:58,822 [247f50ea-8ddf-4819-a598-e87ef509e8f6@group-6CE5116D121F-FollowerState] INFO  impl.FollowerState (FollowerState.java:run(152)) - 247f50ea-8ddf-4819-a598-e87ef509e8f6@group-6CE5116D121F-FollowerState was interrupted
2023-01-25 10:22:58,823 [grpc-default-executor-1] INFO  impl.RoleInfo (RoleInfo.java:updateAndGet(139)) - 247f50ea-8ddf-4819-a598-e87ef509e8f6: start 247f50ea-8ddf-4819-a598-e87ef509e8f6@group-6CE5116D121F-FollowerState
2023-01-25 10:22:58,827 [247f50ea-8ddf-4819-a598-e87ef509e8f6@group-6CE5116D121F-FollowerState] INFO  server.RaftServerConfigKeys (ConfUtils.java:logFallback(53)) - raft.server.rpc.first-election.timeout.min = 5s (fallback to raft.server.rpc.timeout.min)
2023-01-25 10:22:58,827 [247f50ea-8ddf-4819-a598-e87ef509e8f6@group-6CE5116D121F-FollowerState] INFO  server.RaftServerConfigKeys (ConfUtils.java:logFallback(53)) - raft.server.rpc.first-election.timeout.max = 5200ms (fallback to raft.server.rpc.timeout.max)
2023-01-25 10:22:58,829 [grpc-default-executor-1] INFO  server.RaftServer$Division (RaftServerImpl.java:requestVote(1251)) - 247f50ea-8ddf-4819-a598-e87ef509e8f6@group-6CE5116D121F replies to ELECTION vote request: 44d8c728-f44d-4f6f-a402-703b24b0e7ae<-247f50ea-8ddf-4819-a598-e87ef509e8f6#0:OK-t1. Peer's state: 247f50ea-8ddf-4819-a598-e87ef509e8f6@group-6CE5116D121F:t1, leader=null, voted=44d8c728-f44d-4f6f-a402-703b24b0e7ae, raftlog=Memoized:247f50ea-8ddf-4819-a598-e87ef509e8f6@group-6CE5116D121F-SegmentedRaftLog:OPENED:c-1, conf=-1: peers:[de34da07-4135-4fa8-beba-e4d852545ac0|rpc:10.1.0.14:33181|dataStream:10.1.0.14:38123|priority:1|startupRole:FOLLOWER, 44d8c728-f44d-4f6f-a402-703b24b0e7ae|rpc:10.1.0.14:40767|dataStream:10.1.0.14:39589|priority:0|startupRole:FOLLOWER, 247f50ea-8ddf-4819-a598-e87ef509e8f6|rpc:10.1.0.14:33111|dataStream:10.1.0.14:34525|priority:0|startupRole:FOLLOWER]|listeners:[], old=null
2023-01-25 10:22:58,837 [grpc-default-executor-1] INFO  server.RaftServer$Division (RaftServerImpl.java:requestVote(1218)) - de34da07-4135-4fa8-beba-e4d852545ac0@group-6CE5116D121F: receive requestVote(ELECTION, 44d8c728-f44d-4f6f-a402-703b24b0e7ae, group-6CE5116D121F, 1, (t:0, i:0))
2023-01-25 10:22:58,838 [grpc-default-executor-1] INFO  impl.VoteContext (VoteContext.java:log(49)) - de34da07-4135-4fa8-beba-e4d852545ac0@group-6CE5116D121F-FOLLOWER: reject ELECTION from 44d8c728-f44d-4f6f-a402-703b24b0e7ae: our priority 1 > candidate's priority 0
2023-01-25 10:22:58,838 [grpc-default-executor-1] INFO  server.RaftServer$Division (RaftServerImpl.java:setRole(321)) - de34da07-4135-4fa8-beba-e4d852545ac0@group-6CE5116D121F: changes role from  FOLLOWER to FOLLOWER at term 1 for candidate:44d8c728-f44d-4f6f-a402-703b24b0e7ae
2023-01-25 10:22:58,838 [grpc-default-executor-1] INFO  impl.RoleInfo (RoleInfo.java:shutdownFollowerState(110)) - de34da07-4135-4fa8-beba-e4d852545ac0: shutdown de34da07-4135-4fa8-beba-e4d852545ac0@group-6CE5116D121F-FollowerState
2023-01-25 10:22:58,838 [de34da07-4135-4fa8-beba-e4d852545ac0@group-6CE5116D121F-FollowerState] INFO  impl.FollowerState (FollowerState.java:run(152)) - de34da07-4135-4fa8-beba-e4d852545ac0@group-6CE5116D121F-FollowerState was interrupted
2023-01-25 10:22:58,838 [grpc-default-executor-1] INFO  impl.RoleInfo (RoleInfo.java:updateAndGet(139)) - de34da07-4135-4fa8-beba-e4d852545ac0: start de34da07-4135-4fa8-beba-e4d852545ac0@group-6CE5116D121F-FollowerState
2023-01-25 10:22:58,841 [grpc-default-executor-1] INFO  server.RaftServer$Division (RaftServerImpl.java:requestVote(1251)) - de34da07-4135-4fa8-beba-e4d852545ac0@group-6CE5116D121F replies to ELECTION vote request: 44d8c728-f44d-4f6f-a402-703b24b0e7ae<-de34da07-4135-4fa8-beba-e4d852545ac0#0:FAIL-t1. Peer's state: de34da07-4135-4fa8-beba-e4d852545ac0@group-6CE5116D121F:t1, leader=null, voted=null, raftlog=Memoized:de34da07-4135-4fa8-beba-e4d852545ac0@group-6CE5116D121F-SegmentedRaftLog:OPENED:c-1, conf=-1: peers:[de34da07-4135-4fa8-beba-e4d852545ac0|rpc:10.1.0.14:33181|dataStream:10.1.0.14:38123|priority:1|startupRole:FOLLOWER, 44d8c728-f44d-4f6f-a402-703b24b0e7ae|rpc:10.1.0.14:40767|dataStream:10.1.0.14:39589|priority:0|startupRole:FOLLOWER, 247f50ea-8ddf-4819-a598-e87ef509e8f6|rpc:10.1.0.14:33111|dataStream:10.1.0.14:34525|priority:0|startupRole:FOLLOWER]|listeners:[], old=null
2023-01-25 10:22:58,844 [44d8c728-f44d-4f6f-a402-703b24b0e7ae@group-6CE5116D121F-LeaderElection5] INFO  impl.LeaderElection (LeaderElection.java:logAndReturn(90)) - 44d8c728-f44d-4f6f-a402-703b24b0e7ae@group-6CE5116D121F-LeaderElection5: ELECTION REJECTED received 2 response(s) and 0 exception(s):
2023-01-25 10:22:58,844 [44d8c728-f44d-4f6f-a402-703b24b0e7ae@group-6CE5116D121F-LeaderElection5] INFO  impl.LeaderElection (LeaderElection.java:logAndReturn(94)) -   Response 0: 44d8c728-f44d-4f6f-a402-703b24b0e7ae<-de34da07-4135-4fa8-beba-e4d852545ac0#0:FAIL-t1
2023-01-25 10:22:58,844 [44d8c728-f44d-4f6f-a402-703b24b0e7ae@group-6CE5116D121F-LeaderElection5] INFO  impl.LeaderElection (LeaderElection.java:logAndReturn(94)) -   Response 1: 44d8c728-f44d-4f6f-a402-703b24b0e7ae<-247f50ea-8ddf-4819-a598-e87ef509e8f6#0:OK-t1
2023-01-25 10:22:58,844 [44d8c728-f44d-4f6f-a402-703b24b0e7ae@group-6CE5116D121F-LeaderElection5] INFO  impl.LeaderElection (LeaderElection.java:askForVotes(314)) - 44d8c728-f44d-4f6f-a402-703b24b0e7ae@group-6CE5116D121F-LeaderElection5 ELECTION round 0: result REJECTED
2023-01-25 10:22:58,844 [44d8c728-f44d-4f6f-a402-703b24b0e7ae@group-6CE5116D121F-LeaderElection5] INFO  server.RaftServer$Division (RaftServerImpl.java:setRole(321)) - 44d8c728-f44d-4f6f-a402-703b24b0e7ae@group-6CE5116D121F: changes role from CANDIDATE to FOLLOWER at term 1 for REJECTED
2023-01-25 10:22:58,844 [44d8c728-f44d-4f6f-a402-703b24b0e7ae@group-6CE5116D121F-LeaderElection5] INFO  impl.RoleInfo (RoleInfo.java:shutdownLeaderElection(130)) - 44d8c728-f44d-4f6f-a402-703b24b0e7ae: shutdown 44d8c728-f44d-4f6f-a402-703b24b0e7ae@group-6CE5116D121F-LeaderElection5
2023-01-25 10:22:58,844 [44d8c728-f44d-4f6f-a402-703b24b0e7ae@group-6CE5116D121F-LeaderElection5] INFO  impl.RoleInfo (RoleInfo.java:updateAndGet(139)) - 44d8c728-f44d-4f6f-a402-703b24b0e7ae: start 44d8c728-f44d-4f6f-a402-703b24b0e7ae@group-6CE5116D121F-FollowerState
2023-01-25 10:22:58,844 [de34da07-4135-4fa8-beba-e4d852545ac0@group-6CE5116D121F-FollowerState] INFO  server.RaftServerConfigKeys (ConfUtils.java:logFallback(53)) - raft.server.rpc.first-election.timeout.min = 5s (fallback to raft.server.rpc.timeout.min)
2023-01-25 10:22:58,844 [de34da07-4135-4fa8-beba-e4d852545ac0@group-6CE5116D121F-FollowerState] INFO  server.RaftServerConfigKeys (ConfUtils.java:logFallback(53)) - raft.server.rpc.first-election.timeout.max = 5200ms (fallback to raft.server.rpc.timeout.max)
2023-01-25 10:22:58,846 [44d8c728-f44d-4f6f-a402-703b24b0e7ae@group-6CE5116D121F-FollowerState] INFO  server.RaftServerConfigKeys (ConfUtils.java:logFallback(53)) - raft.server.rpc.first-election.timeout.min = 5s (fallback to raft.server.rpc.timeout.min)
2023-01-25 10:22:58,847 [44d8c728-f44d-4f6f-a402-703b24b0e7ae@group-6CE5116D121F-FollowerState] INFO  server.RaftServerConfigKeys (ConfUtils.java:logFallback(53)) - raft.server.rpc.first-election.timeout.max = 5200ms (fallback to raft.server.rpc.timeout.max)
2023-01-25 10:22:58,858 [de34da07-4135-4fa8-beba-e4d852545ac0@group-7C6B0AE14D03-FollowerState] INFO  impl.FollowerState (FollowerState.java:run(143)) - de34da07-4135-4fa8-beba-e4d852545ac0@group-7C6B0AE14D03-FollowerState: change to CANDIDATE, lastRpcElapsedTime:5040158214ns, electionTimeout:5030ms
2023-01-25 10:22:58,858 [de34da07-4135-4fa8-beba-e4d852545ac0@group-7C6B0AE14D03-FollowerState] INFO  impl.RoleInfo (RoleInfo.java:shutdownFollowerState(110)) - de34da07-4135-4fa8-beba-e4d852545ac0: shutdown de34da07-4135-4fa8-beba-e4d852545ac0@group-7C6B0AE14D03-FollowerState
2023-01-25 10:22:58,858 [de34da07-4135-4fa8-beba-e4d852545ac0@group-7C6B0AE14D03-FollowerState] INFO  server.RaftServer$Division (RaftServerImpl.java:setRole(321)) - de34da07-4135-4fa8-beba-e4d852545ac0@group-7C6B0AE14D03: changes role from  FOLLOWER to CANDIDATE at term 0 for changeToCandidate
2023-01-25 10:22:58,859 [de34da07-4135-4fa8-beba-e4d852545ac0@group-7C6B0AE14D03-FollowerState] INFO  server.RaftServerConfigKeys (ConfUtils.java:logGet(46)) - raft.server.leaderelection.pre-vote = false (custom)
2023-01-25 10:22:58,859 [de34da07-4135-4fa8-beba-e4d852545ac0@group-7C6B0AE14D03-FollowerState] INFO  impl.RoleInfo (RoleInfo.java:updateAndGet(139)) - de34da07-4135-4fa8-beba-e4d852545ac0: start de34da07-4135-4fa8-beba-e4d852545ac0@group-7C6B0AE14D03-LeaderElection6
2023-01-25 10:22:58,865 [de34da07-4135-4fa8-beba-e4d852545ac0@group-7C6B0AE14D03-LeaderElection6] INFO  impl.LeaderElection (LeaderElection.java:askForVotes(312)) - de34da07-4135-4fa8-beba-e4d852545ac0@group-7C6B0AE14D03-LeaderElection6 ELECTION round 0: submit vote requests at term 1 for -1: peers:[de34da07-4135-4fa8-beba-e4d852545ac0|rpc:10.1.0.14:33181|dataStream:10.1.0.14:38123|priority:1|startupRole:FOLLOWER]|listeners:[], old=null
2023-01-25 10:22:58,865 [de34da07-4135-4fa8-beba-e4d852545ac0@group-7C6B0AE14D03-LeaderElection6] INFO  impl.LeaderElection (LeaderElection.java:askForVotes(314)) - de34da07-4135-4fa8-beba-e4d852545ac0@group-7C6B0AE14D03-LeaderElection6 ELECTION round 0: result PASSED (term=1)
2023-01-25 10:22:58,865 [de34da07-4135-4fa8-beba-e4d852545ac0@group-7C6B0AE14D03-LeaderElection6] INFO  impl.RoleInfo (RoleInfo.java:shutdownLeaderElection(130)) - de34da07-4135-4fa8-beba-e4d852545ac0: shutdown de34da07-4135-4fa8-beba-e4d852545ac0@group-7C6B0AE14D03-LeaderElection6
2023-01-25 10:22:58,865 [de34da07-4135-4fa8-beba-e4d852545ac0@group-7C6B0AE14D03-LeaderElection6] INFO  server.RaftServer$Division (RaftServerImpl.java:setRole(321)) - de34da07-4135-4fa8-beba-e4d852545ac0@group-7C6B0AE14D03: changes role from CANDIDATE to LEADER at term 1 for changeToLeader
2023-01-25 10:22:58,865 [de34da07-4135-4fa8-beba-e4d852545ac0@group-7C6B0AE14D03-LeaderElection6] INFO  ratis.XceiverServerRatis (XceiverServerRatis.java:handleLeaderChangedNotification(904)) - Leader change notification received for group: group-7C6B0AE14D03 with new leaderId: de34da07-4135-4fa8-beba-e4d852545ac0
2023-01-25 10:22:58,865 [de34da07-4135-4fa8-beba-e4d852545ac0@group-7C6B0AE14D03-LeaderElection6] INFO  server.RaftServer$Division (ServerState.java:setLeader(313)) - de34da07-4135-4fa8-beba-e4d852545ac0@group-7C6B0AE14D03: change Leader from null to de34da07-4135-4fa8-beba-e4d852545ac0 at term 1 for becomeLeader, leader elected after 5071ms
2023-01-25 10:22:58,865 [de34da07-4135-4fa8-beba-e4d852545ac0@group-7C6B0AE14D03-LeaderElection6] INFO  server.RaftServerConfigKeys (ConfUtils.java:logGet(46)) - raft.server.staging.catchup.gap = 1000 (default)
2023-01-25 10:22:58,865 [de34da07-4135-4fa8-beba-e4d852545ac0@group-7C6B0AE14D03-LeaderElection6] INFO  server.RaftServerConfigKeys (ConfUtils.java:logGet(46)) - raft.server.write.element-limit = 1024 (custom)
2023-01-25 10:22:58,865 [de34da07-4135-4fa8-beba-e4d852545ac0@group-7C6B0AE14D03-LeaderElection6] INFO  server.RaftServerConfigKeys (ConfUtils.java:logGet(46)) - raft.server.write.byte-limit = 1024 M (=1073741824) (custom)
2023-01-25 10:22:58,866 [de34da07-4135-4fa8-beba-e4d852545ac0@group-7C6B0AE14D03-LeaderElection6] INFO  server.RaftServerConfigKeys (ConfUtils.java:logGet(46)) - raft.server.watch.timeout = 180s (custom)
2023-01-25 10:22:58,866 [de34da07-4135-4fa8-beba-e4d852545ac0@group-7C6B0AE14D03-LeaderElection6] INFO  server.RaftServerConfigKeys (ConfUtils.java:logGet(46)) - raft.server.watch.timeout.denomination = 1s (default)
2023-01-25 10:22:58,866 [de34da07-4135-4fa8-beba-e4d852545ac0@group-7C6B0AE14D03-LeaderElection6] INFO  server.RaftServerConfigKeys (ConfUtils.java:logGet(46)) - raft.server.watch.element-limit = 65536 (default)
2023-01-25 10:22:58,866 [EventQueue-OpenPipelineForHealthyPipelineSafeModeRule] INFO  safemode.SCMSafeModeManager (HealthyPipelineSafeModeRule.java:process(137)) - SCM in safe mode. Healthy pipelines reported count is 0, required healthy pipeline reported count is 1
2023-01-25 10:22:58,867 [de34da07-4135-4fa8-beba-e4d852545ac0@group-7C6B0AE14D03-LeaderElection6] INFO  server.RaftServerConfigKeys (ConfUtils.java:logGet(46)) - raft.server.write.element-limit = 1024 (custom)
2023-01-25 10:22:58,867 [de34da07-4135-4fa8-beba-e4d852545ac0@group-7C6B0AE14D03-LeaderElection6] INFO  server.RaftServerConfigKeys (ConfUtils.java:logGet(46)) - raft.server.write.follower.gap.ratio.max = -1.0 (default)
2023-01-25 10:22:58,867 [de34da07-4135-4fa8-beba-e4d852545ac0@group-7C6B0AE14D03-LeaderElection6] INFO  impl.RoleInfo (RoleInfo.java:updateAndGet(139)) - de34da07-4135-4fa8-beba-e4d852545ac0: start de34da07-4135-4fa8-beba-e4d852545ac0@group-7C6B0AE14D03-LeaderStateImpl
2023-01-25 10:22:58,867 [de34da07-4135-4fa8-beba-e4d852545ac0@group-7C6B0AE14D03-LeaderElection6] INFO  segmented.SegmentedRaftLogWorker (SegmentedRaftLogWorker.java:startLogSegment(452)) - de34da07-4135-4fa8-beba-e4d852545ac0@group-7C6B0AE14D03-SegmentedRaftLogWorker: Starting segment from index:0
2023-01-25 10:22:58,871 [de34da07-4135-4fa8-beba-e4d852545ac0@group-7C6B0AE14D03-LeaderElection6] INFO  server.RaftServer$Division (ServerState.java:setRaftConf(430)) - de34da07-4135-4fa8-beba-e4d852545ac0@group-7C6B0AE14D03: set configuration 0: peers:[de34da07-4135-4fa8-beba-e4d852545ac0|rpc:10.1.0.14:33181|dataStream:10.1.0.14:38123|priority:1|startupRole:FOLLOWER]|listeners:[], old=null
2023-01-25 10:22:58,871 [de34da07-4135-4fa8-beba-e4d852545ac0@group-7C6B0AE14D03-SegmentedRaftLogWorker] INFO  segmented.SegmentedRaftLogWorker (SegmentedRaftLogWorker.java:execute(656)) - de34da07-4135-4fa8-beba-e4d852545ac0@group-7C6B0AE14D03-SegmentedRaftLogWorker: created new log segment /home/runner/work/ozone/ozone/hadoop-ozone/integration-test/target/test-dir/MiniOzoneClusterImpl-1247b3fc-8c88-4cf7-b93f-ad2be507f780/datanode-2/data/ratis/c5902ef8-c35e-4176-b4f5-7c6b0ae14d03/current/log_inprogress_0
2023-01-25 10:22:59,263 [d93446b7-35bc-4b37-88f9-4794ab5c6ae8@group-C1E5A8144160-FollowerState] INFO  impl.FollowerState (FollowerState.java:run(143)) - d93446b7-35bc-4b37-88f9-4794ab5c6ae8@group-C1E5A8144160-FollowerState: change to CANDIDATE, lastRpcElapsedTime:5129415097ns, electionTimeout:5128ms
2023-01-25 10:22:59,263 [d93446b7-35bc-4b37-88f9-4794ab5c6ae8@group-C1E5A8144160-FollowerState] INFO  impl.RoleInfo (RoleInfo.java:shutdownFollowerState(110)) - d93446b7-35bc-4b37-88f9-4794ab5c6ae8: shutdown d93446b7-35bc-4b37-88f9-4794ab5c6ae8@group-C1E5A8144160-FollowerState
2023-01-25 10:22:59,263 [d93446b7-35bc-4b37-88f9-4794ab5c6ae8@group-C1E5A8144160-FollowerState] INFO  server.RaftServer$Division (RaftServerImpl.java:setRole(321)) - d93446b7-35bc-4b37-88f9-4794ab5c6ae8@group-C1E5A8144160: changes role from  FOLLOWER to CANDIDATE at term 0 for changeToCandidate
2023-01-25 10:22:59,265 [d93446b7-35bc-4b37-88f9-4794ab5c6ae8@group-C1E5A8144160-FollowerState] INFO  server.RaftServerConfigKeys (ConfUtils.java:logGet(46)) - raft.server.leaderelection.pre-vote = false (custom)
2023-01-25 10:22:59,266 [d93446b7-35bc-4b37-88f9-4794ab5c6ae8@group-C1E5A8144160-FollowerState] INFO  impl.RoleInfo (RoleInfo.java:updateAndGet(139)) - d93446b7-35bc-4b37-88f9-4794ab5c6ae8: start d93446b7-35bc-4b37-88f9-4794ab5c6ae8@group-C1E5A8144160-LeaderElection7
2023-01-25 10:22:59,269 [d93446b7-35bc-4b37-88f9-4794ab5c6ae8@group-C1E5A8144160-LeaderElection7] INFO  impl.LeaderElection (LeaderElection.java:askForVotes(312)) - d93446b7-35bc-4b37-88f9-4794ab5c6ae8@group-C1E5A8144160-LeaderElection7 ELECTION round 0: submit vote requests at term 1 for -1: peers:[d93446b7-35bc-4b37-88f9-4794ab5c6ae8|rpc:10.1.0.14:39081|dataStream:10.1.0.14:34805|priority:1|startupRole:FOLLOWER]|listeners:[], old=null
2023-01-25 10:22:59,269 [d93446b7-35bc-4b37-88f9-4794ab5c6ae8@group-C1E5A8144160-LeaderElection7] INFO  impl.LeaderElection (LeaderElection.java:askForVotes(314)) - d93446b7-35bc-4b37-88f9-4794ab5c6ae8@group-C1E5A8144160-LeaderElection7 ELECTION round 0: result PASSED (term=1)
2023-01-25 10:22:59,269 [d93446b7-35bc-4b37-88f9-4794ab5c6ae8@group-C1E5A8144160-LeaderElection7] INFO  impl.RoleInfo (RoleInfo.java:shutdownLeaderElection(130)) - d93446b7-35bc-4b37-88f9-4794ab5c6ae8: shutdown d93446b7-35bc-4b37-88f9-4794ab5c6ae8@group-C1E5A8144160-LeaderElection7
2023-01-25 10:22:59,269 [d93446b7-35bc-4b37-88f9-4794ab5c6ae8@group-C1E5A8144160-LeaderElection7] INFO  server.RaftServer$Division (RaftServerImpl.java:setRole(321)) - d93446b7-35bc-4b37-88f9-4794ab5c6ae8@group-C1E5A8144160: changes role from CANDIDATE to LEADER at term 1 for changeToLeader
2023-01-25 10:22:59,269 [d93446b7-35bc-4b37-88f9-4794ab5c6ae8@group-C1E5A8144160-LeaderElection7] INFO  ratis.XceiverServerRatis (XceiverServerRatis.java:handleLeaderChangedNotification(904)) - Leader change notification received for group: group-C1E5A8144160 with new leaderId: d93446b7-35bc-4b37-88f9-4794ab5c6ae8
2023-01-25 10:22:59,269 [d93446b7-35bc-4b37-88f9-4794ab5c6ae8@group-C1E5A8144160-LeaderElection7] INFO  server.RaftServer$Division (ServerState.java:setLeader(313)) - d93446b7-35bc-4b37-88f9-4794ab5c6ae8@group-C1E5A8144160: change Leader from null to d93446b7-35bc-4b37-88f9-4794ab5c6ae8 at term 1 for becomeLeader, leader elected after 5155ms
2023-01-25 10:22:59,270 [d93446b7-35bc-4b37-88f9-4794ab5c6ae8@group-C1E5A8144160-LeaderElection7] INFO  server.RaftServerConfigKeys (ConfUtils.java:logGet(46)) - raft.server.staging.catchup.gap = 1000 (default)
2023-01-25 10:22:59,270 [d93446b7-35bc-4b37-88f9-4794ab5c6ae8@group-C1E5A8144160-LeaderElection7] INFO  server.RaftServerConfigKeys (ConfUtils.java:logGet(46)) - raft.server.write.element-limit = 1024 (custom)
2023-01-25 10:22:59,270 [d93446b7-35bc-4b37-88f9-4794ab5c6ae8@group-C1E5A8144160-LeaderElection7] INFO  server.RaftServerConfigKeys (ConfUtils.java:logGet(46)) - raft.server.write.byte-limit = 1024 M (=1073741824) (custom)
2023-01-25 10:22:59,271 [EventQueue-OpenPipelineForHealthyPipelineSafeModeRule] INFO  safemode.SCMSafeModeManager (HealthyPipelineSafeModeRule.java:process(137)) - SCM in safe mode. Healthy pipelines reported count is 0, required healthy pipeline reported count is 1
2023-01-25 10:22:59,271 [d93446b7-35bc-4b37-88f9-4794ab5c6ae8@group-C1E5A8144160-LeaderElection7] INFO  server.RaftServerConfigKeys (ConfUtils.java:logGet(46)) - raft.server.watch.timeout = 180s (custom)
2023-01-25 10:22:59,271 [d93446b7-35bc-4b37-88f9-4794ab5c6ae8@group-C1E5A8144160-LeaderElection7] INFO  server.RaftServerConfigKeys (ConfUtils.java:logGet(46)) - raft.server.watch.timeout.denomination = 1s (default)
2023-01-25 10:22:59,271 [d93446b7-35bc-4b37-88f9-4794ab5c6ae8@group-C1E5A8144160-LeaderElection7] INFO  server.RaftServerConfigKeys (ConfUtils.java:logGet(46)) - raft.server.watch.element-limit = 65536 (default)
2023-01-25 10:22:59,271 [d93446b7-35bc-4b37-88f9-4794ab5c6ae8@group-C1E5A8144160-LeaderElection7] INFO  server.RaftServerConfigKeys (ConfUtils.java:logGet(46)) - raft.server.write.element-limit = 1024 (custom)
2023-01-25 10:22:59,271 [d93446b7-35bc-4b37-88f9-4794ab5c6ae8@group-C1E5A8144160-LeaderElection7] INFO  server.RaftServerConfigKeys (ConfUtils.java:logGet(46)) - raft.server.write.follower.gap.ratio.max = -1.0 (default)
2023-01-25 10:22:59,271 [d93446b7-35bc-4b37-88f9-4794ab5c6ae8@group-C1E5A8144160-LeaderElection7] INFO  impl.RoleInfo (RoleInfo.java:updateAndGet(139)) - d93446b7-35bc-4b37-88f9-4794ab5c6ae8: start d93446b7-35bc-4b37-88f9-4794ab5c6ae8@group-C1E5A8144160-LeaderStateImpl
2023-01-25 10:22:59,272 [d93446b7-35bc-4b37-88f9-4794ab5c6ae8@group-C1E5A8144160-LeaderElection7] INFO  segmented.SegmentedRaftLogWorker (SegmentedRaftLogWorker.java:startLogSegment(452)) - d93446b7-35bc-4b37-88f9-4794ab5c6ae8@group-C1E5A8144160-SegmentedRaftLogWorker: Starting segment from index:0
2023-01-25 10:22:59,273 [d93446b7-35bc-4b37-88f9-4794ab5c6ae8@group-C1E5A8144160-SegmentedRaftLogWorker] INFO  segmented.SegmentedRaftLogWorker (SegmentedRaftLogWorker.java:execute(656)) - d93446b7-35bc-4b37-88f9-4794ab5c6ae8@group-C1E5A8144160-SegmentedRaftLogWorker: created new log segment /home/runner/work/ozone/ozone/hadoop-ozone/integration-test/target/test-dir/MiniOzoneClusterImpl-1247b3fc-8c88-4cf7-b93f-ad2be507f780/datanode-3/data/ratis/454e8822-bd6b-4890-9ecf-c1e5a8144160/current/log_inprogress_0
2023-01-25 10:22:59,275 [d93446b7-35bc-4b37-88f9-4794ab5c6ae8@group-C1E5A8144160-LeaderElection7] INFO  server.RaftServer$Division (ServerState.java:setRaftConf(430)) - d93446b7-35bc-4b37-88f9-4794ab5c6ae8@group-C1E5A8144160: set configuration 0: peers:[d93446b7-35bc-4b37-88f9-4794ab5c6ae8|rpc:10.1.0.14:39081|dataStream:10.1.0.14:34805|priority:1|startupRole:FOLLOWER]|listeners:[], old=null
2023-01-25 10:22:59,451 [Listener at 127.0.0.1/33329] INFO  ozone.MiniOzoneClusterImpl (MiniOzoneClusterImpl.java:lambda$waitForClusterToBeReady$0(218)) - Nodes are ready. Got 7 of 7 DN Heartbeats.
2023-01-25 10:22:59,451 [Listener at 127.0.0.1/33329] INFO  ozone.MiniOzoneClusterImpl (MiniOzoneClusterImpl.java:lambda$waitForClusterToBeReady$0(221)) - Waiting for cluster to exit safe mode
2023-01-25 10:22:59,452 [Listener at 127.0.0.1/33329] INFO  ozone.MiniOzoneClusterImpl (MiniOzoneClusterImpl.java:lambda$waitForClusterToBeReady$0(223)) - SCM became leader
2023-01-25 10:22:59,642 [d93446b7-35bc-4b37-88f9-4794ab5c6ae8@group-80F44550E9DB-FollowerState] INFO  impl.FollowerState (FollowerState.java:run(143)) - d93446b7-35bc-4b37-88f9-4794ab5c6ae8@group-80F44550E9DB-FollowerState: change to CANDIDATE, lastRpcElapsedTime:5183325149ns, electionTimeout:5172ms
2023-01-25 10:22:59,643 [d93446b7-35bc-4b37-88f9-4794ab5c6ae8@group-80F44550E9DB-FollowerState] INFO  impl.RoleInfo (RoleInfo.java:shutdownFollowerState(110)) - d93446b7-35bc-4b37-88f9-4794ab5c6ae8: shutdown d93446b7-35bc-4b37-88f9-4794ab5c6ae8@group-80F44550E9DB-FollowerState
2023-01-25 10:22:59,643 [d93446b7-35bc-4b37-88f9-4794ab5c6ae8@group-80F44550E9DB-FollowerState] INFO  server.RaftServer$Division (RaftServerImpl.java:setRole(321)) - d93446b7-35bc-4b37-88f9-4794ab5c6ae8@group-80F44550E9DB: changes role from  FOLLOWER to CANDIDATE at term 0 for changeToCandidate
2023-01-25 10:22:59,643 [d93446b7-35bc-4b37-88f9-4794ab5c6ae8@group-80F44550E9DB-FollowerState] INFO  server.RaftServerConfigKeys (ConfUtils.java:logGet(46)) - raft.server.leaderelection.pre-vote = false (custom)
2023-01-25 10:22:59,643 [d93446b7-35bc-4b37-88f9-4794ab5c6ae8@group-80F44550E9DB-FollowerState] INFO  impl.RoleInfo (RoleInfo.java:updateAndGet(139)) - d93446b7-35bc-4b37-88f9-4794ab5c6ae8: start d93446b7-35bc-4b37-88f9-4794ab5c6ae8@group-80F44550E9DB-LeaderElection8
2023-01-25 10:22:59,648 [d93446b7-35bc-4b37-88f9-4794ab5c6ae8@group-80F44550E9DB-LeaderElection8] INFO  impl.LeaderElection (LeaderElection.java:askForVotes(312)) - d93446b7-35bc-4b37-88f9-4794ab5c6ae8@group-80F44550E9DB-LeaderElection8 ELECTION round 0: submit vote requests at term 1 for -1: peers:[330431a7-276c-471f-aefe-b311ee71fd61|rpc:10.1.0.14:44241|dataStream:10.1.0.14:35499|priority:0|startupRole:FOLLOWER, d3187004-3c5d-4262-9ff7-104fb060a734|rpc:10.1.0.14:40329|dataStream:10.1.0.14:38809|priority:0|startupRole:FOLLOWER, d93446b7-35bc-4b37-88f9-4794ab5c6ae8|rpc:10.1.0.14:39081|dataStream:10.1.0.14:34805|priority:1|startupRole:FOLLOWER]|listeners:[], old=null
2023-01-25 10:22:59,649 [d93446b7-35bc-4b37-88f9-4794ab5c6ae8@group-80F44550E9DB-LeaderElection8-1] INFO  server.GrpcServerProtocolClient (GrpcServerProtocolClient.java:<init>(63)) - Build channel for 330431a7-276c-471f-aefe-b311ee71fd61
2023-01-25 10:22:59,651 [d93446b7-35bc-4b37-88f9-4794ab5c6ae8@group-80F44550E9DB-LeaderElection8] INFO  server.RaftServerConfigKeys (ConfUtils.java:logFallback(53)) - raft.server.rpc.first-election.timeout.min = 5s (fallback to raft.server.rpc.timeout.min)
2023-01-25 10:22:59,654 [d93446b7-35bc-4b37-88f9-4794ab5c6ae8@group-80F44550E9DB-LeaderElection8] INFO  server.RaftServerConfigKeys (ConfUtils.java:logFallback(53)) - raft.server.rpc.first-election.timeout.max = 5200ms (fallback to raft.server.rpc.timeout.max)
2023-01-25 10:22:59,656 [330431a7-276c-471f-aefe-b311ee71fd61@group-857149B1BE16-FollowerState] INFO  impl.FollowerState (FollowerState.java:run(143)) - 330431a7-276c-471f-aefe-b311ee71fd61@group-857149B1BE16-FollowerState: change to CANDIDATE, lastRpcElapsedTime:5148755146ns, electionTimeout:5125ms
2023-01-25 10:22:59,656 [330431a7-276c-471f-aefe-b311ee71fd61@group-857149B1BE16-FollowerState] INFO  impl.RoleInfo (RoleInfo.java:shutdownFollowerState(110)) - 330431a7-276c-471f-aefe-b311ee71fd61: shutdown 330431a7-276c-471f-aefe-b311ee71fd61@group-857149B1BE16-FollowerState
2023-01-25 10:22:59,656 [330431a7-276c-471f-aefe-b311ee71fd61@group-857149B1BE16-FollowerState] INFO  server.RaftServer$Division (RaftServerImpl.java:setRole(321)) - 330431a7-276c-471f-aefe-b311ee71fd61@group-857149B1BE16: changes role from  FOLLOWER to CANDIDATE at term 0 for changeToCandidate
2023-01-25 10:22:59,656 [330431a7-276c-471f-aefe-b311ee71fd61@group-857149B1BE16-FollowerState] INFO  server.RaftServerConfigKeys (ConfUtils.java:logGet(46)) - raft.server.leaderelection.pre-vote = false (custom)
2023-01-25 10:22:59,656 [330431a7-276c-471f-aefe-b311ee71fd61@group-857149B1BE16-FollowerState] INFO  impl.RoleInfo (RoleInfo.java:updateAndGet(139)) - 330431a7-276c-471f-aefe-b311ee71fd61: start 330431a7-276c-471f-aefe-b311ee71fd61@group-857149B1BE16-LeaderElection9
2023-01-25 10:22:59,659 [d93446b7-35bc-4b37-88f9-4794ab5c6ae8@group-80F44550E9DB-LeaderElection8-2] INFO  server.GrpcServerProtocolClient (GrpcServerProtocolClient.java:<init>(63)) - Build channel for d3187004-3c5d-4262-9ff7-104fb060a734
2023-01-25 10:22:59,667 [grpc-default-executor-1] INFO  server.RaftServer$Division (RaftServerImpl.java:requestVote(1218)) - 330431a7-276c-471f-aefe-b311ee71fd61@group-80F44550E9DB: receive requestVote(ELECTION, d93446b7-35bc-4b37-88f9-4794ab5c6ae8, group-80F44550E9DB, 1, (t:0, i:0))
2023-01-25 10:22:59,668 [grpc-default-executor-1] INFO  impl.VoteContext (VoteContext.java:log(49)) - 330431a7-276c-471f-aefe-b311ee71fd61@group-80F44550E9DB-FOLLOWER: accept ELECTION from d93446b7-35bc-4b37-88f9-4794ab5c6ae8: our priority 0 <= candidate's priority 1
2023-01-25 10:22:59,668 [grpc-default-executor-1] INFO  server.RaftServer$Division (RaftServerImpl.java:setRole(321)) - 330431a7-276c-471f-aefe-b311ee71fd61@group-80F44550E9DB: changes role from  FOLLOWER to FOLLOWER at term 1 for candidate:d93446b7-35bc-4b37-88f9-4794ab5c6ae8
2023-01-25 10:22:59,668 [grpc-default-executor-1] INFO  impl.RoleInfo (RoleInfo.java:shutdownFollowerState(110)) - 330431a7-276c-471f-aefe-b311ee71fd61: shutdown 330431a7-276c-471f-aefe-b311ee71fd61@group-80F44550E9DB-FollowerState
2023-01-25 10:22:59,668 [grpc-default-executor-1] INFO  impl.RoleInfo (RoleInfo.java:updateAndGet(139)) - 330431a7-276c-471f-aefe-b311ee71fd61: start 330431a7-276c-471f-aefe-b311ee71fd61@group-80F44550E9DB-FollowerState
2023-01-25 10:22:59,668 [330431a7-276c-471f-aefe-b311ee71fd61@group-80F44550E9DB-FollowerState] INFO  impl.FollowerState (FollowerState.java:run(152)) - 330431a7-276c-471f-aefe-b311ee71fd61@group-80F44550E9DB-FollowerState was interrupted
2023-01-25 10:22:59,674 [grpc-default-executor-1] INFO  server.RaftServer$Division (RaftServerImpl.java:requestVote(1251)) - 330431a7-276c-471f-aefe-b311ee71fd61@group-80F44550E9DB replies to ELECTION vote request: d93446b7-35bc-4b37-88f9-4794ab5c6ae8<-330431a7-276c-471f-aefe-b311ee71fd61#0:OK-t1. Peer's state: 330431a7-276c-471f-aefe-b311ee71fd61@group-80F44550E9DB:t1, leader=null, voted=d93446b7-35bc-4b37-88f9-4794ab5c6ae8, raftlog=Memoized:330431a7-276c-471f-aefe-b311ee71fd61@group-80F44550E9DB-SegmentedRaftLog:OPENED:c-1, conf=-1: peers:[330431a7-276c-471f-aefe-b311ee71fd61|rpc:10.1.0.14:44241|dataStream:10.1.0.14:35499|priority:0|startupRole:FOLLOWER, d3187004-3c5d-4262-9ff7-104fb060a734|rpc:10.1.0.14:40329|dataStream:10.1.0.14:38809|priority:0|startupRole:FOLLOWER, d93446b7-35bc-4b37-88f9-4794ab5c6ae8|rpc:10.1.0.14:39081|dataStream:10.1.0.14:34805|priority:1|startupRole:FOLLOWER]|listeners:[], old=null
2023-01-25 10:22:59,674 [330431a7-276c-471f-aefe-b311ee71fd61@group-80F44550E9DB-FollowerState] INFO  server.RaftServerConfigKeys (ConfUtils.java:logFallback(53)) - raft.server.rpc.first-election.timeout.min = 5s (fallback to raft.server.rpc.timeout.min)
2023-01-25 10:22:59,675 [d93446b7-35bc-4b37-88f9-4794ab5c6ae8@group-80F44550E9DB-LeaderElection8] INFO  impl.LeaderElection (LeaderElection.java:logAndReturn(90)) - d93446b7-35bc-4b37-88f9-4794ab5c6ae8@group-80F44550E9DB-LeaderElection8: ELECTION PASSED received 1 response(s) and 0 exception(s):
2023-01-25 10:22:59,676 [330431a7-276c-471f-aefe-b311ee71fd61@group-80F44550E9DB-FollowerState] INFO  server.RaftServerConfigKeys (ConfUtils.java:logFallback(53)) - raft.server.rpc.first-election.timeout.max = 5200ms (fallback to raft.server.rpc.timeout.max)
2023-01-25 10:22:59,676 [d93446b7-35bc-4b37-88f9-4794ab5c6ae8@group-80F44550E9DB-LeaderElection8] INFO  impl.LeaderElection (LeaderElection.java:logAndReturn(94)) -   Response 0: d93446b7-35bc-4b37-88f9-4794ab5c6ae8<-330431a7-276c-471f-aefe-b311ee71fd61#0:OK-t1
2023-01-25 10:22:59,676 [d93446b7-35bc-4b37-88f9-4794ab5c6ae8@group-80F44550E9DB-LeaderElection8] INFO  impl.LeaderElection (LeaderElection.java:askForVotes(314)) - d93446b7-35bc-4b37-88f9-4794ab5c6ae8@group-80F44550E9DB-LeaderElection8 ELECTION round 0: result PASSED
2023-01-25 10:22:59,676 [d93446b7-35bc-4b37-88f9-4794ab5c6ae8@group-80F44550E9DB-LeaderElection8] INFO  impl.RoleInfo (RoleInfo.java:shutdownLeaderElection(130)) - d93446b7-35bc-4b37-88f9-4794ab5c6ae8: shutdown d93446b7-35bc-4b37-88f9-4794ab5c6ae8@group-80F44550E9DB-LeaderElection8
2023-01-25 10:22:59,676 [d93446b7-35bc-4b37-88f9-4794ab5c6ae8@group-80F44550E9DB-LeaderElection8] INFO  server.RaftServer$Division (RaftServerImpl.java:setRole(321)) - d93446b7-35bc-4b37-88f9-4794ab5c6ae8@group-80F44550E9DB: changes role from CANDIDATE to LEADER at term 1 for changeToLeader
2023-01-25 10:22:59,676 [d93446b7-35bc-4b37-88f9-4794ab5c6ae8@group-80F44550E9DB-LeaderElection8] INFO  ratis.XceiverServerRatis (XceiverServerRatis.java:handleLeaderChangedNotification(904)) - Leader change notification received for group: group-80F44550E9DB with new leaderId: d93446b7-35bc-4b37-88f9-4794ab5c6ae8
2023-01-25 10:22:59,676 [d93446b7-35bc-4b37-88f9-4794ab5c6ae8@group-80F44550E9DB-LeaderElection8] INFO  server.RaftServer$Division (ServerState.java:setLeader(313)) - d93446b7-35bc-4b37-88f9-4794ab5c6ae8@group-80F44550E9DB: change Leader from null to d93446b7-35bc-4b37-88f9-4794ab5c6ae8 at term 1 for becomeLeader, leader elected after 5534ms
2023-01-25 10:22:59,676 [d93446b7-35bc-4b37-88f9-4794ab5c6ae8@group-80F44550E9DB-LeaderElection8] INFO  server.RaftServerConfigKeys (ConfUtils.java:logGet(46)) - raft.server.staging.catchup.gap = 1000 (default)
2023-01-25 10:22:59,676 [d93446b7-35bc-4b37-88f9-4794ab5c6ae8@group-80F44550E9DB-LeaderElection8] INFO  server.RaftServerConfigKeys (ConfUtils.java:logGet(46)) - raft.server.write.element-limit = 1024 (custom)
2023-01-25 10:22:59,676 [d93446b7-35bc-4b37-88f9-4794ab5c6ae8@group-80F44550E9DB-LeaderElection8] INFO  server.RaftServerConfigKeys (ConfUtils.java:logGet(46)) - raft.server.write.byte-limit = 1024 M (=1073741824) (custom)
2023-01-25 10:22:59,676 [d93446b7-35bc-4b37-88f9-4794ab5c6ae8@group-80F44550E9DB-LeaderElection8] INFO  server.RaftServerConfigKeys (ConfUtils.java:logGet(46)) - raft.server.watch.timeout = 180s (custom)
2023-01-25 10:22:59,676 [d93446b7-35bc-4b37-88f9-4794ab5c6ae8@group-80F44550E9DB-LeaderElection8] INFO  server.RaftServerConfigKeys (ConfUtils.java:logGet(46)) - raft.server.watch.timeout.denomination = 1s (default)
2023-01-25 10:22:59,676 [d93446b7-35bc-4b37-88f9-4794ab5c6ae8@group-80F44550E9DB-LeaderElection8] INFO  server.RaftServerConfigKeys (ConfUtils.java:logGet(46)) - raft.server.watch.element-limit = 65536 (default)
2023-01-25 10:22:59,677 [d93446b7-35bc-4b37-88f9-4794ab5c6ae8@group-80F44550E9DB-LeaderElection8] INFO  server.RaftServerConfigKeys (ConfUtils.java:logGet(46)) - raft.server.write.element-limit = 1024 (custom)
2023-01-25 10:22:59,677 [d93446b7-35bc-4b37-88f9-4794ab5c6ae8@group-80F44550E9DB-LeaderElection8] INFO  server.RaftServerConfigKeys (ConfUtils.java:logGet(46)) - raft.server.write.follower.gap.ratio.max = -1.0 (default)
2023-01-25 10:22:59,675 [grpc-default-executor-0] INFO  server.RaftServer$Division (RaftServerImpl.java:requestVote(1218)) - d3187004-3c5d-4262-9ff7-104fb060a734@group-80F44550E9DB: receive requestVote(ELECTION, d93446b7-35bc-4b37-88f9-4794ab5c6ae8, group-80F44550E9DB, 1, (t:0, i:0))
2023-01-25 10:22:59,679 [grpc-default-executor-0] INFO  impl.VoteContext (VoteContext.java:log(49)) - d3187004-3c5d-4262-9ff7-104fb060a734@group-80F44550E9DB-FOLLOWER: accept ELECTION from d93446b7-35bc-4b37-88f9-4794ab5c6ae8: our priority 0 <= candidate's priority 1
2023-01-25 10:22:59,679 [grpc-default-executor-0] INFO  server.RaftServer$Division (RaftServerImpl.java:setRole(321)) - d3187004-3c5d-4262-9ff7-104fb060a734@group-80F44550E9DB: changes role from  FOLLOWER to FOLLOWER at term 1 for candidate:d93446b7-35bc-4b37-88f9-4794ab5c6ae8
2023-01-25 10:22:59,679 [grpc-default-executor-0] INFO  impl.RoleInfo (RoleInfo.java:shutdownFollowerState(110)) - d3187004-3c5d-4262-9ff7-104fb060a734: shutdown d3187004-3c5d-4262-9ff7-104fb060a734@group-80F44550E9DB-FollowerState
2023-01-25 10:22:59,679 [grpc-default-executor-0] INFO  impl.RoleInfo (RoleInfo.java:updateAndGet(139)) - d3187004-3c5d-4262-9ff7-104fb060a734: start d3187004-3c5d-4262-9ff7-104fb060a734@group-80F44550E9DB-FollowerState
2023-01-25 10:22:59,679 [d3187004-3c5d-4262-9ff7-104fb060a734@group-80F44550E9DB-FollowerState] INFO  impl.FollowerState (FollowerState.java:run(152)) - d3187004-3c5d-4262-9ff7-104fb060a734@group-80F44550E9DB-FollowerState was interrupted
2023-01-25 10:22:59,680 [EventQueue-PipelineReportForPipelineReportHandler] INFO  pipeline.PipelineManagerImpl (PipelineManagerImpl.java:openPipeline(367)) - Pipeline Pipeline[ Id: 7e2fb23a-ba64-429f-9977-80f44550e9db, Nodes: d3187004-3c5d-4262-9ff7-104fb060a734(fv-az462-827.5dk1zbeb1hiuljg1e1zidnqquc.phxx.internal.cloudapp.net/10.1.0.14)330431a7-276c-471f-aefe-b311ee71fd61(fv-az462-827.5dk1zbeb1hiuljg1e1zidnqquc.phxx.internal.cloudapp.net/10.1.0.14)d93446b7-35bc-4b37-88f9-4794ab5c6ae8(fv-az462-827.5dk1zbeb1hiuljg1e1zidnqquc.phxx.internal.cloudapp.net/10.1.0.14), ReplicationConfig: RATIS/THREE, State:ALLOCATED, leaderId:d93446b7-35bc-4b37-88f9-4794ab5c6ae8, CreationTimestamp2023-01-25T10:22:51.827Z[Etc/UTC]] moved to OPEN state
2023-01-25 10:22:59,681 [EventQueue-OpenPipelineForHealthyPipelineSafeModeRule] INFO  safemode.SCMSafeModeManager (HealthyPipelineSafeModeRule.java:process(137)) - SCM in safe mode. Healthy pipelines reported count is 1, required healthy pipeline reported count is 1
2023-01-25 10:22:59,681 [EventQueue-OpenPipelineForHealthyPipelineSafeModeRule] INFO  safemode.SCMSafeModeManager (SCMSafeModeManager.java:validateSafeModeExitRules(200)) - HealthyPipelineSafeModeRule rule is successfully validated
2023-01-25 10:22:59,681 [EventQueue-OpenPipelineForHealthyPipelineSafeModeRule] INFO  safemode.SCMSafeModeManager (SCMSafeModeManager.java:validateSafeModeExitRules(215)) - ScmSafeModeManager, all rules are successfully validated
2023-01-25 10:22:59,681 [EventQueue-OpenPipelineForHealthyPipelineSafeModeRule] INFO  safemode.SCMSafeModeManager (SCMSafeModeManager.java:exitSafeMode(244)) - SCM exiting safe mode.
2023-01-25 10:22:59,681 [EventQueue-OpenPipelineForHealthyPipelineSafeModeRule] INFO  ha.SCMContext (SCMContext.java:updateSafeModeStatus(228)) - Update SafeModeStatus from SafeModeStatus{safeModeStatus=true, preCheckPassed=true} to SafeModeStatus{safeModeStatus=false, preCheckPassed=true}.
2023-01-25 10:22:59,681 [EventQueue-OpenPipelineForHealthyPipelineSafeModeRule] INFO  pipeline.BackgroundPipelineCreator (BackgroundPipelineCreator.java:notifyStatusChanged(254)) - Service BackgroundPipelineCreator transitions to RUNNING.
2023-01-25 10:22:59,681 [EventQueue-OpenPipelineForHealthyPipelineSafeModeRule] INFO  BackgroundPipelineScrubber (BackgroundSCMService.java:notifyStatusChanged(82)) - Service BackgroundPipelineScrubber transitions to RUNNING.
2023-01-25 10:22:59,681 [EventQueue-OpenPipelineForHealthyPipelineSafeModeRule] INFO  ExpiredContainerReplicaOpScrubber (BackgroundSCMService.java:notifyStatusChanged(82)) - Service ExpiredContainerReplicaOpScrubber transitions to RUNNING.
2023-01-25 10:22:59,681 [EventQueue-OpenPipelineForHealthyPipelineSafeModeRule] INFO  replication.ReplicationManager (ReplicationManager.java:notifyStatusChanged(935)) - Service ReplicationManager transitions to RUNNING.
2023-01-25 10:22:59,685 [EventQueue-OpenPipelineForHealthyPipelineSafeModeRule] WARN  balancer.ContainerBalancer (ContainerBalancer.java:shouldRun(131)) - Could not find persisted configuration for ContainerBalancer when checking if ContainerBalancer should run. ContainerBalancer should not run now.
2023-01-25 10:22:59,696 [d3187004-3c5d-4262-9ff7-104fb060a734@group-80F44550E9DB-FollowerState] INFO  server.RaftServerConfigKeys (ConfUtils.java:logFallback(53)) - raft.server.rpc.first-election.timeout.min = 5s (fallback to raft.server.rpc.timeout.min)
2023-01-25 10:22:59,696 [grpc-default-executor-0] INFO  server.RaftServer$Division (RaftServerImpl.java:requestVote(1251)) - d3187004-3c5d-4262-9ff7-104fb060a734@group-80F44550E9DB replies to ELECTION vote request: d93446b7-35bc-4b37-88f9-4794ab5c6ae8<-d3187004-3c5d-4262-9ff7-104fb060a734#0:OK-t1. Peer's state: d3187004-3c5d-4262-9ff7-104fb060a734@group-80F44550E9DB:t1, leader=null, voted=d93446b7-35bc-4b37-88f9-4794ab5c6ae8, raftlog=Memoized:d3187004-3c5d-4262-9ff7-104fb060a734@group-80F44550E9DB-SegmentedRaftLog:OPENED:c-1, conf=-1: peers:[330431a7-276c-471f-aefe-b311ee71fd61|rpc:10.1.0.14:44241|dataStream:10.1.0.14:35499|priority:0|startupRole:FOLLOWER, d3187004-3c5d-4262-9ff7-104fb060a734|rpc:10.1.0.14:40329|dataStream:10.1.0.14:38809|priority:0|startupRole:FOLLOWER, d93446b7-35bc-4b37-88f9-4794ab5c6ae8|rpc:10.1.0.14:39081|dataStream:10.1.0.14:34805|priority:1|startupRole:FOLLOWER]|listeners:[], old=null
2023-01-25 10:22:59,696 [330431a7-276c-471f-aefe-b311ee71fd61@group-857149B1BE16-LeaderElection9] INFO  impl.LeaderElection (LeaderElection.java:askForVotes(312)) - 330431a7-276c-471f-aefe-b311ee71fd61@group-857149B1BE16-LeaderElection9 ELECTION round 0: submit vote requests at term 1 for -1: peers:[330431a7-276c-471f-aefe-b311ee71fd61|rpc:10.1.0.14:44241|dataStream:10.1.0.14:35499|priority:1|startupRole:FOLLOWER]|listeners:[], old=null
2023-01-25 10:22:59,697 [330431a7-276c-471f-aefe-b311ee71fd61@group-857149B1BE16-LeaderElection9] INFO  impl.LeaderElection (LeaderElection.java:askForVotes(314)) - 330431a7-276c-471f-aefe-b311ee71fd61@group-857149B1BE16-LeaderElection9 ELECTION round 0: result PASSED (term=1)
2023-01-25 10:22:59,697 [330431a7-276c-471f-aefe-b311ee71fd61@group-857149B1BE16-LeaderElection9] INFO  impl.RoleInfo (RoleInfo.java:shutdownLeaderElection(130)) - 330431a7-276c-471f-aefe-b311ee71fd61: shutdown 330431a7-276c-471f-aefe-b311ee71fd61@group-857149B1BE16-LeaderElection9
2023-01-25 10:22:59,697 [330431a7-276c-471f-aefe-b311ee71fd61@group-857149B1BE16-LeaderElection9] INFO  server.RaftServer$Division (RaftServerImpl.java:setRole(321)) - 330431a7-276c-471f-aefe-b311ee71fd61@group-857149B1BE16: changes role from CANDIDATE to LEADER at term 1 for changeToLeader
2023-01-25 10:22:59,697 [330431a7-276c-471f-aefe-b311ee71fd61@group-857149B1BE16-LeaderElection9] INFO  ratis.XceiverServerRatis (XceiverServerRatis.java:handleLeaderChangedNotification(904)) - Leader change notification received for group: group-857149B1BE16 with new leaderId: 330431a7-276c-471f-aefe-b311ee71fd61
2023-01-25 10:22:59,697 [330431a7-276c-471f-aefe-b311ee71fd61@group-857149B1BE16-LeaderElection9] INFO  server.RaftServer$Division (ServerState.java:setLeader(313)) - 330431a7-276c-471f-aefe-b311ee71fd61@group-857149B1BE16: change Leader from null to 330431a7-276c-471f-aefe-b311ee71fd61 at term 1 for becomeLeader, leader elected after 5215ms
2023-01-25 10:22:59,697 [330431a7-276c-471f-aefe-b311ee71fd61@group-857149B1BE16-LeaderElection9] INFO  server.RaftServerConfigKeys (ConfUtils.java:logGet(46)) - raft.server.staging.catchup.gap = 1000 (default)
2023-01-25 10:22:59,696 [d3187004-3c5d-4262-9ff7-104fb060a734@group-80F44550E9DB-FollowerState] INFO  server.RaftServerConfigKeys (ConfUtils.java:logFallback(53)) - raft.server.rpc.first-election.timeout.max = 5200ms (fallback to raft.server.rpc.timeout.max)
2023-01-25 10:22:59,700 [330431a7-276c-471f-aefe-b311ee71fd61@group-857149B1BE16-LeaderElection9] INFO  server.RaftServerConfigKeys (ConfUtils.java:logGet(46)) - raft.server.write.element-limit = 1024 (custom)
2023-01-25 10:22:59,700 [330431a7-276c-471f-aefe-b311ee71fd61@group-857149B1BE16-LeaderElection9] INFO  server.RaftServerConfigKeys (ConfUtils.java:logGet(46)) - raft.server.write.byte-limit = 1024 M (=1073741824) (custom)
2023-01-25 10:22:59,700 [330431a7-276c-471f-aefe-b311ee71fd61@group-857149B1BE16-LeaderElection9] INFO  server.RaftServerConfigKeys (ConfUtils.java:logGet(46)) - raft.server.watch.timeout = 180s (custom)
2023-01-25 10:22:59,700 [330431a7-276c-471f-aefe-b311ee71fd61@group-857149B1BE16-LeaderElection9] INFO  server.RaftServerConfigKeys (ConfUtils.java:logGet(46)) - raft.server.watch.timeout.denomination = 1s (default)
2023-01-25 10:22:59,700 [330431a7-276c-471f-aefe-b311ee71fd61@group-857149B1BE16-LeaderElection9] INFO  server.RaftServerConfigKeys (ConfUtils.java:logGet(46)) - raft.server.watch.element-limit = 65536 (default)
2023-01-25 10:22:59,700 [330431a7-276c-471f-aefe-b311ee71fd61@group-857149B1BE16-LeaderElection9] INFO  server.RaftServerConfigKeys (ConfUtils.java:logGet(46)) - raft.server.write.element-limit = 1024 (custom)
2023-01-25 10:22:59,700 [330431a7-276c-471f-aefe-b311ee71fd61@group-857149B1BE16-LeaderElection9] INFO  server.RaftServerConfigKeys (ConfUtils.java:logGet(46)) - raft.server.write.follower.gap.ratio.max = -1.0 (default)
2023-01-25 10:22:59,701 [330431a7-276c-471f-aefe-b311ee71fd61@group-857149B1BE16-LeaderElection9] INFO  impl.RoleInfo (RoleInfo.java:updateAndGet(139)) - 330431a7-276c-471f-aefe-b311ee71fd61: start 330431a7-276c-471f-aefe-b311ee71fd61@group-857149B1BE16-LeaderStateImpl
2023-01-25 10:22:59,701 [330431a7-276c-471f-aefe-b311ee71fd61@group-857149B1BE16-LeaderElection9] INFO  segmented.SegmentedRaftLogWorker (SegmentedRaftLogWorker.java:startLogSegment(452)) - 330431a7-276c-471f-aefe-b311ee71fd61@group-857149B1BE16-SegmentedRaftLogWorker: Starting segment from index:0
2023-01-25 10:22:59,698 [d93446b7-35bc-4b37-88f9-4794ab5c6ae8@group-80F44550E9DB-LeaderElection8] INFO  server.RaftServerConfigKeys (ConfUtils.java:logGet(46)) - raft.server.log.appender.snapshot.chunk.size.max = 16MB (=16777216) (default)
2023-01-25 10:22:59,702 [d93446b7-35bc-4b37-88f9-4794ab5c6ae8@group-80F44550E9DB-LeaderElection8] INFO  server.RaftServerConfigKeys (ConfUtils.java:logGet(46)) - raft.server.log.appender.buffer.byte-limit = 33554432 (custom)
2023-01-25 10:22:59,702 [d93446b7-35bc-4b37-88f9-4794ab5c6ae8@group-80F44550E9DB-LeaderElection8] INFO  server.RaftServerConfigKeys (ConfUtils.java:logGet(46)) - raft.server.log.appender.buffer.element-limit = 1 (custom)
2023-01-25 10:22:59,703 [330431a7-276c-471f-aefe-b311ee71fd61@group-857149B1BE16-SegmentedRaftLogWorker] INFO  segmented.SegmentedRaftLogWorker (SegmentedRaftLogWorker.java:execute(656)) - 330431a7-276c-471f-aefe-b311ee71fd61@group-857149B1BE16-SegmentedRaftLogWorker: created new log segment /home/runner/work/ozone/ozone/hadoop-ozone/integration-test/target/test-dir/MiniOzoneClusterImpl-1247b3fc-8c88-4cf7-b93f-ad2be507f780/datanode-4/data/ratis/2ab11bce-abde-4a03-a71c-857149b1be16/current/log_inprogress_0
2023-01-25 10:22:59,707 [330431a7-276c-471f-aefe-b311ee71fd61@group-857149B1BE16-LeaderElection9] INFO  server.RaftServer$Division (ServerState.java:setRaftConf(430)) - 330431a7-276c-471f-aefe-b311ee71fd61@group-857149B1BE16: set configuration 0: peers:[330431a7-276c-471f-aefe-b311ee71fd61|rpc:10.1.0.14:44241|dataStream:10.1.0.14:35499|priority:1|startupRole:FOLLOWER]|listeners:[], old=null
2023-01-25 10:22:59,711 [d93446b7-35bc-4b37-88f9-4794ab5c6ae8@group-80F44550E9DB-LeaderElection8] INFO  grpc.GrpcConfigKeys (ConfUtils.java:logGet(46)) - raft.grpc.server.leader.outstanding.appends.max = 128 (default)
2023-01-25 10:22:59,711 [d93446b7-35bc-4b37-88f9-4794ab5c6ae8@group-80F44550E9DB-LeaderElection8] INFO  server.RaftServerConfigKeys (ConfUtils.java:logGet(46)) - raft.server.rpc.request.timeout = 60s (custom)
2023-01-25 10:22:59,711 [d93446b7-35bc-4b37-88f9-4794ab5c6ae8@group-80F44550E9DB-LeaderElection8] INFO  server.RaftServerConfigKeys (ConfUtils.java:logGet(46)) - raft.server.log.appender.install.snapshot.enabled = false (custom)
2023-01-25 10:22:59,711 [d93446b7-35bc-4b37-88f9-4794ab5c6ae8@group-80F44550E9DB-LeaderElection8] INFO  grpc.GrpcConfigKeys (ConfUtils.java:logGet(46)) - raft.grpc.server.heartbeat.channel = true (default)
2023-01-25 10:22:59,711 [d93446b7-35bc-4b37-88f9-4794ab5c6ae8@group-80F44550E9DB-LeaderElection8] INFO  server.RaftServerConfigKeys (ConfUtils.java:logGet(46)) - raft.server.log.appender.wait-time.min = 10ms (default)
2023-01-25 10:22:59,715 [d93446b7-35bc-4b37-88f9-4794ab5c6ae8@group-80F44550E9DB-LeaderElection8] INFO  server.RaftServerConfigKeys (ConfUtils.java:logGet(46)) - raft.server.log.appender.snapshot.chunk.size.max = 16MB (=16777216) (default)
2023-01-25 10:22:59,715 [d93446b7-35bc-4b37-88f9-4794ab5c6ae8@group-80F44550E9DB-LeaderElection8] INFO  server.RaftServerConfigKeys (ConfUtils.java:logGet(46)) - raft.server.log.appender.buffer.byte-limit = 33554432 (custom)
2023-01-25 10:22:59,715 [d93446b7-35bc-4b37-88f9-4794ab5c6ae8@group-80F44550E9DB-LeaderElection8] INFO  server.RaftServerConfigKeys (ConfUtils.java:logGet(46)) - raft.server.log.appender.buffer.element-limit = 1 (custom)
2023-01-25 10:22:59,715 [d93446b7-35bc-4b37-88f9-4794ab5c6ae8@group-80F44550E9DB-LeaderElection8] INFO  grpc.GrpcConfigKeys (ConfUtils.java:logGet(46)) - raft.grpc.server.leader.outstanding.appends.max = 128 (default)
2023-01-25 10:22:59,716 [d93446b7-35bc-4b37-88f9-4794ab5c6ae8@group-80F44550E9DB-LeaderElection8] INFO  server.RaftServerConfigKeys (ConfUtils.java:logGet(46)) - raft.server.rpc.request.timeout = 60s (custom)
2023-01-25 10:22:59,716 [d93446b7-35bc-4b37-88f9-4794ab5c6ae8@group-80F44550E9DB-LeaderElection8] INFO  server.RaftServerConfigKeys (ConfUtils.java:logGet(46)) - raft.server.log.appender.install.snapshot.enabled = false (custom)
2023-01-25 10:22:59,716 [d93446b7-35bc-4b37-88f9-4794ab5c6ae8@group-80F44550E9DB-LeaderElection8] INFO  grpc.GrpcConfigKeys (ConfUtils.java:logGet(46)) - raft.grpc.server.heartbeat.channel = true (default)
2023-01-25 10:22:59,717 [d93446b7-35bc-4b37-88f9-4794ab5c6ae8@group-80F44550E9DB-LeaderElection8] INFO  server.RaftServerConfigKeys (ConfUtils.java:logGet(46)) - raft.server.log.appender.wait-time.min = 10ms (default)
2023-01-25 10:22:59,719 [d93446b7-35bc-4b37-88f9-4794ab5c6ae8@group-80F44550E9DB-LeaderElection8] INFO  impl.RoleInfo (RoleInfo.java:updateAndGet(139)) - d93446b7-35bc-4b37-88f9-4794ab5c6ae8: start d93446b7-35bc-4b37-88f9-4794ab5c6ae8@group-80F44550E9DB-LeaderStateImpl
2023-01-25 10:22:59,720 [d93446b7-35bc-4b37-88f9-4794ab5c6ae8@group-80F44550E9DB-LeaderElection8] INFO  segmented.SegmentedRaftLogWorker (SegmentedRaftLogWorker.java:startLogSegment(452)) - d93446b7-35bc-4b37-88f9-4794ab5c6ae8@group-80F44550E9DB-SegmentedRaftLogWorker: Starting segment from index:0
2023-01-25 10:22:59,720 [d93446b7-35bc-4b37-88f9-4794ab5c6ae8@group-80F44550E9DB-SegmentedRaftLogWorker] INFO  segmented.SegmentedRaftLogWorker (SegmentedRaftLogWorker.java:execute(656)) - d93446b7-35bc-4b37-88f9-4794ab5c6ae8@group-80F44550E9DB-SegmentedRaftLogWorker: created new log segment /home/runner/work/ozone/ozone/hadoop-ozone/integration-test/target/test-dir/MiniOzoneClusterImpl-1247b3fc-8c88-4cf7-b93f-ad2be507f780/datanode-3/data/ratis/7e2fb23a-ba64-429f-9977-80f44550e9db/current/log_inprogress_0
2023-01-25 10:22:59,732 [d93446b7-35bc-4b37-88f9-4794ab5c6ae8@group-80F44550E9DB-LeaderElection8] INFO  server.RaftServer$Division (ServerState.java:setRaftConf(430)) - d93446b7-35bc-4b37-88f9-4794ab5c6ae8@group-80F44550E9DB: set configuration 0: peers:[330431a7-276c-471f-aefe-b311ee71fd61|rpc:10.1.0.14:44241|dataStream:10.1.0.14:35499|priority:0|startupRole:FOLLOWER, d3187004-3c5d-4262-9ff7-104fb060a734|rpc:10.1.0.14:40329|dataStream:10.1.0.14:38809|priority:0|startupRole:FOLLOWER, d93446b7-35bc-4b37-88f9-4794ab5c6ae8|rpc:10.1.0.14:39081|dataStream:10.1.0.14:34805|priority:1|startupRole:FOLLOWER]|listeners:[], old=null
2023-01-25 10:22:59,770 [d3187004-3c5d-4262-9ff7-104fb060a734-server-thread1] INFO  ratis.XceiverServerRatis (XceiverServerRatis.java:handleLeaderChangedNotification(904)) - Leader change notification received for group: group-80F44550E9DB with new leaderId: d93446b7-35bc-4b37-88f9-4794ab5c6ae8
2023-01-25 10:22:59,770 [d3187004-3c5d-4262-9ff7-104fb060a734-server-thread1] INFO  server.RaftServer$Division (ServerState.java:setLeader(313)) - d3187004-3c5d-4262-9ff7-104fb060a734@group-80F44550E9DB: change Leader from null to d93446b7-35bc-4b37-88f9-4794ab5c6ae8 at term 1 for appendEntries, leader elected after 5277ms
2023-01-25 10:22:59,780 [330431a7-276c-471f-aefe-b311ee71fd61-server-thread1] INFO  ratis.XceiverServerRatis (XceiverServerRatis.java:handleLeaderChangedNotification(904)) - Leader change notification received for group: group-80F44550E9DB with new leaderId: d93446b7-35bc-4b37-88f9-4794ab5c6ae8
2023-01-25 10:22:59,780 [330431a7-276c-471f-aefe-b311ee71fd61-server-thread1] INFO  server.RaftServer$Division (ServerState.java:setLeader(313)) - 330431a7-276c-471f-aefe-b311ee71fd61@group-80F44550E9DB: change Leader from null to d93446b7-35bc-4b37-88f9-4794ab5c6ae8 at term 1 for appendEntries, leader elected after 5256ms
2023-01-25 10:22:59,786 [d3187004-3c5d-4262-9ff7-104fb060a734-server-thread2] INFO  server.RaftServer$Division (ServerState.java:setRaftConf(430)) - d3187004-3c5d-4262-9ff7-104fb060a734@group-80F44550E9DB: set configuration 0: peers:[330431a7-276c-471f-aefe-b311ee71fd61|rpc:10.1.0.14:44241|dataStream:10.1.0.14:35499|priority:0|startupRole:FOLLOWER, d3187004-3c5d-4262-9ff7-104fb060a734|rpc:10.1.0.14:40329|dataStream:10.1.0.14:38809|priority:0|startupRole:FOLLOWER, d93446b7-35bc-4b37-88f9-4794ab5c6ae8|rpc:10.1.0.14:39081|dataStream:10.1.0.14:34805|priority:1|startupRole:FOLLOWER]|listeners:[], old=null
2023-01-25 10:22:59,786 [330431a7-276c-471f-aefe-b311ee71fd61-server-thread1] INFO  server.RaftServer$Division (ServerState.java:setRaftConf(430)) - 330431a7-276c-471f-aefe-b311ee71fd61@group-80F44550E9DB: set configuration 0: peers:[330431a7-276c-471f-aefe-b311ee71fd61|rpc:10.1.0.14:44241|dataStream:10.1.0.14:35499|priority:0|startupRole:FOLLOWER, d3187004-3c5d-4262-9ff7-104fb060a734|rpc:10.1.0.14:40329|dataStream:10.1.0.14:38809|priority:0|startupRole:FOLLOWER, d93446b7-35bc-4b37-88f9-4794ab5c6ae8|rpc:10.1.0.14:39081|dataStream:10.1.0.14:34805|priority:1|startupRole:FOLLOWER]|listeners:[], old=null
2023-01-25 10:22:59,786 [d3187004-3c5d-4262-9ff7-104fb060a734-server-thread2] INFO  segmented.SegmentedRaftLogWorker (SegmentedRaftLogWorker.java:startLogSegment(452)) - d3187004-3c5d-4262-9ff7-104fb060a734@group-80F44550E9DB-SegmentedRaftLogWorker: Starting segment from index:0
2023-01-25 10:22:59,786 [330431a7-276c-471f-aefe-b311ee71fd61-server-thread1] INFO  segmented.SegmentedRaftLogWorker (SegmentedRaftLogWorker.java:startLogSegment(452)) - 330431a7-276c-471f-aefe-b311ee71fd61@group-80F44550E9DB-SegmentedRaftLogWorker: Starting segment from index:0
2023-01-25 10:22:59,788 [330431a7-276c-471f-aefe-b311ee71fd61@group-80F44550E9DB-SegmentedRaftLogWorker] INFO  segmented.SegmentedRaftLogWorker (SegmentedRaftLogWorker.java:execute(656)) - 330431a7-276c-471f-aefe-b311ee71fd61@group-80F44550E9DB-SegmentedRaftLogWorker: created new log segment /home/runner/work/ozone/ozone/hadoop-ozone/integration-test/target/test-dir/MiniOzoneClusterImpl-1247b3fc-8c88-4cf7-b93f-ad2be507f780/datanode-4/data/ratis/7e2fb23a-ba64-429f-9977-80f44550e9db/current/log_inprogress_0
2023-01-25 10:22:59,788 [d3187004-3c5d-4262-9ff7-104fb060a734@group-80F44550E9DB-SegmentedRaftLogWorker] INFO  segmented.SegmentedRaftLogWorker (SegmentedRaftLogWorker.java:execute(656)) - d3187004-3c5d-4262-9ff7-104fb060a734@group-80F44550E9DB-SegmentedRaftLogWorker: created new log segment /home/runner/work/ozone/ozone/hadoop-ozone/integration-test/target/test-dir/MiniOzoneClusterImpl-1247b3fc-8c88-4cf7-b93f-ad2be507f780/datanode-5/data/ratis/7e2fb23a-ba64-429f-9977-80f44550e9db/current/log_inprogress_0
2023-01-25 10:22:59,798 [d93446b7-35bc-4b37-88f9-4794ab5c6ae8@group-84C3B82A181D-FollowerState] INFO  impl.FollowerState (FollowerState.java:run(143)) - d93446b7-35bc-4b37-88f9-4794ab5c6ae8@group-84C3B82A181D-FollowerState: change to CANDIDATE, lastRpcElapsedTime:5167026070ns, electionTimeout:5163ms
2023-01-25 10:22:59,799 [d93446b7-35bc-4b37-88f9-4794ab5c6ae8@group-84C3B82A181D-FollowerState] INFO  impl.RoleInfo (RoleInfo.java:shutdownFollowerState(110)) - d93446b7-35bc-4b37-88f9-4794ab5c6ae8: shutdown d93446b7-35bc-4b37-88f9-4794ab5c6ae8@group-84C3B82A181D-FollowerState
2023-01-25 10:22:59,799 [d93446b7-35bc-4b37-88f9-4794ab5c6ae8@group-84C3B82A181D-FollowerState] INFO  server.RaftServer$Division (RaftServerImpl.java:setRole(321)) - d93446b7-35bc-4b37-88f9-4794ab5c6ae8@group-84C3B82A181D: changes role from  FOLLOWER to CANDIDATE at term 0 for changeToCandidate
2023-01-25 10:22:59,804 [d93446b7-35bc-4b37-88f9-4794ab5c6ae8@group-84C3B82A181D-FollowerState] INFO  server.RaftServerConfigKeys (ConfUtils.java:logGet(46)) - raft.server.leaderelection.pre-vote = false (custom)
2023-01-25 10:22:59,804 [d93446b7-35bc-4b37-88f9-4794ab5c6ae8@group-84C3B82A181D-FollowerState] INFO  impl.RoleInfo (RoleInfo.java:updateAndGet(139)) - d93446b7-35bc-4b37-88f9-4794ab5c6ae8: start d93446b7-35bc-4b37-88f9-4794ab5c6ae8@group-84C3B82A181D-LeaderElection10
2023-01-25 10:22:59,812 [d93446b7-35bc-4b37-88f9-4794ab5c6ae8@group-84C3B82A181D-LeaderElection10] INFO  impl.LeaderElection (LeaderElection.java:askForVotes(312)) - d93446b7-35bc-4b37-88f9-4794ab5c6ae8@group-84C3B82A181D-LeaderElection10 ELECTION round 0: submit vote requests at term 1 for -1: peers:[330431a7-276c-471f-aefe-b311ee71fd61|rpc:10.1.0.14:44241|dataStream:10.1.0.14:35499|priority:1|startupRole:FOLLOWER, d3187004-3c5d-4262-9ff7-104fb060a734|rpc:10.1.0.14:40329|dataStream:10.1.0.14:38809|priority:0|startupRole:FOLLOWER, d93446b7-35bc-4b37-88f9-4794ab5c6ae8|rpc:10.1.0.14:39081|dataStream:10.1.0.14:34805|priority:0|startupRole:FOLLOWER]|listeners:[], old=null
2023-01-25 10:22:59,823 [330431a7-276c-471f-aefe-b311ee71fd61@group-84C3B82A181D-FollowerState] INFO  impl.FollowerState (FollowerState.java:run(143)) - 330431a7-276c-471f-aefe-b311ee71fd61@group-84C3B82A181D-FollowerState: change to CANDIDATE, lastRpcElapsedTime:5180246577ns, electionTimeout:5174ms
2023-01-25 10:22:59,823 [330431a7-276c-471f-aefe-b311ee71fd61@group-84C3B82A181D-FollowerState] INFO  impl.RoleInfo (RoleInfo.java:shutdownFollowerState(110)) - 330431a7-276c-471f-aefe-b311ee71fd61: shutdown 330431a7-276c-471f-aefe-b311ee71fd61@group-84C3B82A181D-FollowerState
2023-01-25 10:22:59,823 [330431a7-276c-471f-aefe-b311ee71fd61@group-84C3B82A181D-FollowerState] INFO  server.RaftServer$Division (RaftServerImpl.java:setRole(321)) - 330431a7-276c-471f-aefe-b311ee71fd61@group-84C3B82A181D: changes role from  FOLLOWER to CANDIDATE at term 0 for changeToCandidate
2023-01-25 10:22:59,823 [330431a7-276c-471f-aefe-b311ee71fd61@group-84C3B82A181D-FollowerState] INFO  server.RaftServerConfigKeys (ConfUtils.java:logGet(46)) - raft.server.leaderelection.pre-vote = false (custom)
2023-01-25 10:22:59,823 [330431a7-276c-471f-aefe-b311ee71fd61@group-84C3B82A181D-FollowerState] INFO  impl.RoleInfo (RoleInfo.java:updateAndGet(139)) - 330431a7-276c-471f-aefe-b311ee71fd61: start 330431a7-276c-471f-aefe-b311ee71fd61@group-84C3B82A181D-LeaderElection11
2023-01-25 10:22:59,824 [d93446b7-35bc-4b37-88f9-4794ab5c6ae8@group-84C3B82A181D-LeaderElection10] INFO  server.RaftServerConfigKeys (ConfUtils.java:logFallback(53)) - raft.server.rpc.first-election.timeout.min = 5s (fallback to raft.server.rpc.timeout.min)
2023-01-25 10:22:59,824 [d93446b7-35bc-4b37-88f9-4794ab5c6ae8@group-84C3B82A181D-LeaderElection10] INFO  server.RaftServerConfigKeys (ConfUtils.java:logFallback(53)) - raft.server.rpc.first-election.timeout.max = 5200ms (fallback to raft.server.rpc.timeout.max)
2023-01-25 10:22:59,827 [grpc-default-executor-4] INFO  server.RaftServer$Division (RaftServerImpl.java:requestVote(1218)) - 330431a7-276c-471f-aefe-b311ee71fd61@group-84C3B82A181D: receive requestVote(ELECTION, d93446b7-35bc-4b37-88f9-4794ab5c6ae8, group-84C3B82A181D, 1, (t:0, i:0))
2023-01-25 10:22:59,827 [grpc-default-executor-2] INFO  server.RaftServer$Division (RaftServerImpl.java:requestVote(1218)) - d3187004-3c5d-4262-9ff7-104fb060a734@group-84C3B82A181D: receive requestVote(ELECTION, d93446b7-35bc-4b37-88f9-4794ab5c6ae8, group-84C3B82A181D, 1, (t:0, i:0))
2023-01-25 10:22:59,827 [grpc-default-executor-2] INFO  impl.VoteContext (VoteContext.java:log(49)) - d3187004-3c5d-4262-9ff7-104fb060a734@group-84C3B82A181D-FOLLOWER: accept ELECTION from d93446b7-35bc-4b37-88f9-4794ab5c6ae8: our priority 0 <= candidate's priority 0
2023-01-25 10:22:59,827 [grpc-default-executor-2] INFO  server.RaftServer$Division (RaftServerImpl.java:setRole(321)) - d3187004-3c5d-4262-9ff7-104fb060a734@group-84C3B82A181D: changes role from  FOLLOWER to FOLLOWER at term 1 for candidate:d93446b7-35bc-4b37-88f9-4794ab5c6ae8
2023-01-25 10:22:59,827 [grpc-default-executor-2] INFO  impl.RoleInfo (RoleInfo.java:shutdownFollowerState(110)) - d3187004-3c5d-4262-9ff7-104fb060a734: shutdown d3187004-3c5d-4262-9ff7-104fb060a734@group-84C3B82A181D-FollowerState
2023-01-25 10:22:59,828 [grpc-default-executor-2] INFO  impl.RoleInfo (RoleInfo.java:updateAndGet(139)) - d3187004-3c5d-4262-9ff7-104fb060a734: start d3187004-3c5d-4262-9ff7-104fb060a734@group-84C3B82A181D-FollowerState
2023-01-25 10:22:59,828 [d3187004-3c5d-4262-9ff7-104fb060a734@group-84C3B82A181D-FollowerState] INFO  impl.FollowerState (FollowerState.java:run(152)) - d3187004-3c5d-4262-9ff7-104fb060a734@group-84C3B82A181D-FollowerState was interrupted
2023-01-25 10:22:59,830 [330431a7-276c-471f-aefe-b311ee71fd61@group-84C3B82A181D-LeaderElection11] INFO  impl.LeaderElection (LeaderElection.java:askForVotes(312)) - 330431a7-276c-471f-aefe-b311ee71fd61@group-84C3B82A181D-LeaderElection11 ELECTION round 0: submit vote requests at term 1 for -1: peers:[330431a7-276c-471f-aefe-b311ee71fd61|rpc:10.1.0.14:44241|dataStream:10.1.0.14:35499|priority:1|startupRole:FOLLOWER, d3187004-3c5d-4262-9ff7-104fb060a734|rpc:10.1.0.14:40329|dataStream:10.1.0.14:38809|priority:0|startupRole:FOLLOWER, d93446b7-35bc-4b37-88f9-4794ab5c6ae8|rpc:10.1.0.14:39081|dataStream:10.1.0.14:34805|priority:0|startupRole:FOLLOWER]|listeners:[], old=null
2023-01-25 10:22:59,830 [grpc-default-executor-4] INFO  impl.VoteContext (VoteContext.java:log(49)) - 330431a7-276c-471f-aefe-b311ee71fd61@group-84C3B82A181D-CANDIDATE: reject ELECTION from d93446b7-35bc-4b37-88f9-4794ab5c6ae8: already has voted for 330431a7-276c-471f-aefe-b311ee71fd61 at current term 1
2023-01-25 10:22:59,830 [grpc-default-executor-4] INFO  server.RaftServer$Division (RaftServerImpl.java:requestVote(1251)) - 330431a7-276c-471f-aefe-b311ee71fd61@group-84C3B82A181D replies to ELECTION vote request: d93446b7-35bc-4b37-88f9-4794ab5c6ae8<-330431a7-276c-471f-aefe-b311ee71fd61#0:FAIL-t1. Peer's state: 330431a7-276c-471f-aefe-b311ee71fd61@group-84C3B82A181D:t1, leader=null, voted=330431a7-276c-471f-aefe-b311ee71fd61, raftlog=Memoized:330431a7-276c-471f-aefe-b311ee71fd61@group-84C3B82A181D-SegmentedRaftLog:OPENED:c-1, conf=-1: peers:[330431a7-276c-471f-aefe-b311ee71fd61|rpc:10.1.0.14:44241|dataStream:10.1.0.14:35499|priority:1|startupRole:FOLLOWER, d3187004-3c5d-4262-9ff7-104fb060a734|rpc:10.1.0.14:40329|dataStream:10.1.0.14:38809|priority:0|startupRole:FOLLOWER, d93446b7-35bc-4b37-88f9-4794ab5c6ae8|rpc:10.1.0.14:39081|dataStream:10.1.0.14:34805|priority:0|startupRole:FOLLOWER]|listeners:[], old=null
2023-01-25 10:22:59,833 [d93446b7-35bc-4b37-88f9-4794ab5c6ae8@group-84C3B82A181D-LeaderElection10] INFO  impl.LeaderElection (LeaderElection.java:logAndReturn(90)) - d93446b7-35bc-4b37-88f9-4794ab5c6ae8@group-84C3B82A181D-LeaderElection10: ELECTION REJECTED received 1 response(s) and 0 exception(s):
2023-01-25 10:22:59,833 [d93446b7-35bc-4b37-88f9-4794ab5c6ae8@group-84C3B82A181D-LeaderElection10] INFO  impl.LeaderElection (LeaderElection.java:logAndReturn(94)) -   Response 0: d93446b7-35bc-4b37-88f9-4794ab5c6ae8<-330431a7-276c-471f-aefe-b311ee71fd61#0:FAIL-t1
2023-01-25 10:22:59,833 [d93446b7-35bc-4b37-88f9-4794ab5c6ae8@group-84C3B82A181D-LeaderElection10] INFO  impl.LeaderElection (LeaderElection.java:askForVotes(314)) - d93446b7-35bc-4b37-88f9-4794ab5c6ae8@group-84C3B82A181D-LeaderElection10 ELECTION round 0: result REJECTED
2023-01-25 10:22:59,833 [d93446b7-35bc-4b37-88f9-4794ab5c6ae8@group-84C3B82A181D-LeaderElection10] INFO  server.RaftServer$Division (RaftServerImpl.java:setRole(321)) - d93446b7-35bc-4b37-88f9-4794ab5c6ae8@group-84C3B82A181D: changes role from CANDIDATE to FOLLOWER at term 1 for REJECTED
2023-01-25 10:22:59,833 [d93446b7-35bc-4b37-88f9-4794ab5c6ae8@group-84C3B82A181D-LeaderElection10] INFO  impl.RoleInfo (RoleInfo.java:shutdownLeaderElection(130)) - d93446b7-35bc-4b37-88f9-4794ab5c6ae8: shutdown d93446b7-35bc-4b37-88f9-4794ab5c6ae8@group-84C3B82A181D-LeaderElection10
2023-01-25 10:22:59,833 [d93446b7-35bc-4b37-88f9-4794ab5c6ae8@group-84C3B82A181D-LeaderElection10] INFO  impl.RoleInfo (RoleInfo.java:updateAndGet(139)) - d93446b7-35bc-4b37-88f9-4794ab5c6ae8: start d93446b7-35bc-4b37-88f9-4794ab5c6ae8@group-84C3B82A181D-FollowerState
2023-01-25 10:22:59,835 [grpc-default-executor-2] INFO  server.RaftServer$Division (RaftServerImpl.java:requestVote(1251)) - d3187004-3c5d-4262-9ff7-104fb060a734@group-84C3B82A181D replies to ELECTION vote request: d93446b7-35bc-4b37-88f9-4794ab5c6ae8<-d3187004-3c5d-4262-9ff7-104fb060a734#0:OK-t1. Peer's state: d3187004-3c5d-4262-9ff7-104fb060a734@group-84C3B82A181D:t1, leader=null, voted=d93446b7-35bc-4b37-88f9-4794ab5c6ae8, raftlog=Memoized:d3187004-3c5d-4262-9ff7-104fb060a734@group-84C3B82A181D-SegmentedRaftLog:OPENED:c-1, conf=-1: peers:[330431a7-276c-471f-aefe-b311ee71fd61|rpc:10.1.0.14:44241|dataStream:10.1.0.14:35499|priority:1|startupRole:FOLLOWER, d3187004-3c5d-4262-9ff7-104fb060a734|rpc:10.1.0.14:40329|dataStream:10.1.0.14:38809|priority:0|startupRole:FOLLOWER, d93446b7-35bc-4b37-88f9-4794ab5c6ae8|rpc:10.1.0.14:39081|dataStream:10.1.0.14:34805|priority:0|startupRole:FOLLOWER]|listeners:[], old=null
2023-01-25 10:22:59,835 [d3187004-3c5d-4262-9ff7-104fb060a734@group-84C3B82A181D-FollowerState] INFO  server.RaftServerConfigKeys (ConfUtils.java:logFallback(53)) - raft.server.rpc.first-election.timeout.min = 5s (fallback to raft.server.rpc.timeout.min)
2023-01-25 10:22:59,835 [d3187004-3c5d-4262-9ff7-104fb060a734@group-84C3B82A181D-FollowerState] INFO  server.RaftServerConfigKeys (ConfUtils.java:logFallback(53)) - raft.server.rpc.first-election.timeout.max = 5200ms (fallback to raft.server.rpc.timeout.max)
2023-01-25 10:22:59,837 [d93446b7-35bc-4b37-88f9-4794ab5c6ae8@group-84C3B82A181D-FollowerState] INFO  server.RaftServerConfigKeys (ConfUtils.java:logFallback(53)) - raft.server.rpc.first-election.timeout.min = 5s (fallback to raft.server.rpc.timeout.min)
2023-01-25 10:22:59,837 [330431a7-276c-471f-aefe-b311ee71fd61@group-84C3B82A181D-LeaderElection11-1] INFO  server.GrpcServerProtocolClient (GrpcServerProtocolClient.java:<init>(63)) - Build channel for d3187004-3c5d-4262-9ff7-104fb060a734
2023-01-25 10:22:59,839 [330431a7-276c-471f-aefe-b311ee71fd61@group-84C3B82A181D-LeaderElection11-2] INFO  server.GrpcServerProtocolClient (GrpcServerProtocolClient.java:<init>(63)) - Build channel for d93446b7-35bc-4b37-88f9-4794ab5c6ae8
2023-01-25 10:22:59,838 [330431a7-276c-471f-aefe-b311ee71fd61@group-84C3B82A181D-LeaderElection11] INFO  server.RaftServerConfigKeys (ConfUtils.java:logFallback(53)) - raft.server.rpc.first-election.timeout.min = 5s (fallback to raft.server.rpc.timeout.min)
2023-01-25 10:22:59,844 [330431a7-276c-471f-aefe-b311ee71fd61@group-84C3B82A181D-LeaderElection11] INFO  server.RaftServerConfigKeys (ConfUtils.java:logFallback(53)) - raft.server.rpc.first-election.timeout.max = 5200ms (fallback to raft.server.rpc.timeout.max)
2023-01-25 10:22:59,837 [d93446b7-35bc-4b37-88f9-4794ab5c6ae8@group-84C3B82A181D-FollowerState] INFO  server.RaftServerConfigKeys (ConfUtils.java:logFallback(53)) - raft.server.rpc.first-election.timeout.max = 5200ms (fallback to raft.server.rpc.timeout.max)
2023-01-25 10:22:59,851 [grpc-default-executor-2] INFO  server.RaftServer$Division (RaftServerImpl.java:requestVote(1218)) - d93446b7-35bc-4b37-88f9-4794ab5c6ae8@group-84C3B82A181D: receive requestVote(ELECTION, 330431a7-276c-471f-aefe-b311ee71fd61, group-84C3B82A181D, 1, (t:0, i:0))
2023-01-25 10:22:59,851 [grpc-default-executor-2] INFO  impl.VoteContext (VoteContext.java:log(49)) - d93446b7-35bc-4b37-88f9-4794ab5c6ae8@group-84C3B82A181D-FOLLOWER: reject ELECTION from 330431a7-276c-471f-aefe-b311ee71fd61: already has voted for d93446b7-35bc-4b37-88f9-4794ab5c6ae8 at current term 1
2023-01-25 10:22:59,852 [grpc-default-executor-2] INFO  server.RaftServer$Division (RaftServerImpl.java:requestVote(1251)) - d93446b7-35bc-4b37-88f9-4794ab5c6ae8@group-84C3B82A181D replies to ELECTION vote request: 330431a7-276c-471f-aefe-b311ee71fd61<-d93446b7-35bc-4b37-88f9-4794ab5c6ae8#0:FAIL-t1. Peer's state: d93446b7-35bc-4b37-88f9-4794ab5c6ae8@group-84C3B82A181D:t1, leader=null, voted=d93446b7-35bc-4b37-88f9-4794ab5c6ae8, raftlog=Memoized:d93446b7-35bc-4b37-88f9-4794ab5c6ae8@group-84C3B82A181D-SegmentedRaftLog:OPENED:c-1, conf=-1: peers:[330431a7-276c-471f-aefe-b311ee71fd61|rpc:10.1.0.14:44241|dataStream:10.1.0.14:35499|priority:1|startupRole:FOLLOWER, d3187004-3c5d-4262-9ff7-104fb060a734|rpc:10.1.0.14:40329|dataStream:10.1.0.14:38809|priority:0|startupRole:FOLLOWER, d93446b7-35bc-4b37-88f9-4794ab5c6ae8|rpc:10.1.0.14:39081|dataStream:10.1.0.14:34805|priority:0|startupRole:FOLLOWER]|listeners:[], old=null
2023-01-25 10:22:59,862 [grpc-default-executor-2] INFO  server.RaftServer$Division (RaftServerImpl.java:requestVote(1218)) - d3187004-3c5d-4262-9ff7-104fb060a734@group-84C3B82A181D: receive requestVote(ELECTION, 330431a7-276c-471f-aefe-b311ee71fd61, group-84C3B82A181D, 1, (t:0, i:0))
2023-01-25 10:22:59,862 [grpc-default-executor-2] INFO  impl.VoteContext (VoteContext.java:log(49)) - d3187004-3c5d-4262-9ff7-104fb060a734@group-84C3B82A181D-FOLLOWER: reject ELECTION from 330431a7-276c-471f-aefe-b311ee71fd61: already has voted for d93446b7-35bc-4b37-88f9-4794ab5c6ae8 at current term 1
2023-01-25 10:22:59,862 [grpc-default-executor-2] INFO  server.RaftServer$Division (RaftServerImpl.java:requestVote(1251)) - d3187004-3c5d-4262-9ff7-104fb060a734@group-84C3B82A181D replies to ELECTION vote request: 330431a7-276c-471f-aefe-b311ee71fd61<-d3187004-3c5d-4262-9ff7-104fb060a734#0:FAIL-t1. Peer's state: d3187004-3c5d-4262-9ff7-104fb060a734@group-84C3B82A181D:t1, leader=null, voted=d93446b7-35bc-4b37-88f9-4794ab5c6ae8, raftlog=Memoized:d3187004-3c5d-4262-9ff7-104fb060a734@group-84C3B82A181D-SegmentedRaftLog:OPENED:c-1, conf=-1: peers:[330431a7-276c-471f-aefe-b311ee71fd61|rpc:10.1.0.14:44241|dataStream:10.1.0.14:35499|priority:1|startupRole:FOLLOWER, d3187004-3c5d-4262-9ff7-104fb060a734|rpc:10.1.0.14:40329|dataStream:10.1.0.14:38809|priority:0|startupRole:FOLLOWER, d93446b7-35bc-4b37-88f9-4794ab5c6ae8|rpc:10.1.0.14:39081|dataStream:10.1.0.14:34805|priority:0|startupRole:FOLLOWER]|listeners:[], old=null
2023-01-25 10:22:59,864 [330431a7-276c-471f-aefe-b311ee71fd61@group-84C3B82A181D-LeaderElection11] INFO  impl.LeaderElection (LeaderElection.java:logAndReturn(90)) - 330431a7-276c-471f-aefe-b311ee71fd61@group-84C3B82A181D-LeaderElection11: ELECTION REJECTED received 2 response(s) and 0 exception(s):
2023-01-25 10:22:59,864 [330431a7-276c-471f-aefe-b311ee71fd61@group-84C3B82A181D-LeaderElection11] INFO  impl.LeaderElection (LeaderElection.java:logAndReturn(94)) -   Response 0: 330431a7-276c-471f-aefe-b311ee71fd61<-d3187004-3c5d-4262-9ff7-104fb060a734#0:FAIL-t1
2023-01-25 10:22:59,864 [330431a7-276c-471f-aefe-b311ee71fd61@group-84C3B82A181D-LeaderElection11] INFO  impl.LeaderElection (LeaderElection.java:logAndReturn(94)) -   Response 1: 330431a7-276c-471f-aefe-b311ee71fd61<-d93446b7-35bc-4b37-88f9-4794ab5c6ae8#0:FAIL-t1
2023-01-25 10:22:59,864 [330431a7-276c-471f-aefe-b311ee71fd61@group-84C3B82A181D-LeaderElection11] INFO  impl.LeaderElection (LeaderElection.java:askForVotes(314)) - 330431a7-276c-471f-aefe-b311ee71fd61@group-84C3B82A181D-LeaderElection11 ELECTION round 0: result REJECTED
2023-01-25 10:22:59,864 [330431a7-276c-471f-aefe-b311ee71fd61@group-84C3B82A181D-LeaderElection11] INFO  server.RaftServer$Division (RaftServerImpl.java:setRole(321)) - 330431a7-276c-471f-aefe-b311ee71fd61@group-84C3B82A181D: changes role from CANDIDATE to FOLLOWER at term 1 for REJECTED
2023-01-25 10:22:59,864 [330431a7-276c-471f-aefe-b311ee71fd61@group-84C3B82A181D-LeaderElection11] INFO  impl.RoleInfo (RoleInfo.java:shutdownLeaderElection(130)) - 330431a7-276c-471f-aefe-b311ee71fd61: shutdown 330431a7-276c-471f-aefe-b311ee71fd61@group-84C3B82A181D-LeaderElection11
2023-01-25 10:22:59,864 [330431a7-276c-471f-aefe-b311ee71fd61@group-84C3B82A181D-LeaderElection11] INFO  impl.RoleInfo (RoleInfo.java:updateAndGet(139)) - 330431a7-276c-471f-aefe-b311ee71fd61: start 330431a7-276c-471f-aefe-b311ee71fd61@group-84C3B82A181D-FollowerState
2023-01-25 10:22:59,868 [330431a7-276c-471f-aefe-b311ee71fd61@group-84C3B82A181D-FollowerState] INFO  server.RaftServerConfigKeys (ConfUtils.java:logFallback(53)) - raft.server.rpc.first-election.timeout.min = 5s (fallback to raft.server.rpc.timeout.min)
2023-01-25 10:22:59,868 [330431a7-276c-471f-aefe-b311ee71fd61@group-84C3B82A181D-FollowerState] INFO  server.RaftServerConfigKeys (ConfUtils.java:logFallback(53)) - raft.server.rpc.first-election.timeout.max = 5200ms (fallback to raft.server.rpc.timeout.max)
2023-01-25 10:23:00,010 [d3187004-3c5d-4262-9ff7-104fb060a734@group-EF9BBCF9B009-FollowerState] INFO  impl.FollowerState (FollowerState.java:run(143)) - d3187004-3c5d-4262-9ff7-104fb060a734@group-EF9BBCF9B009-FollowerState: change to CANDIDATE, lastRpcElapsedTime:5171093165ns, electionTimeout:5166ms
2023-01-25 10:23:00,010 [d3187004-3c5d-4262-9ff7-104fb060a734@group-EF9BBCF9B009-FollowerState] INFO  impl.RoleInfo (RoleInfo.java:shutdownFollowerState(110)) - d3187004-3c5d-4262-9ff7-104fb060a734: shutdown d3187004-3c5d-4262-9ff7-104fb060a734@group-EF9BBCF9B009-FollowerState
2023-01-25 10:23:00,010 [d3187004-3c5d-4262-9ff7-104fb060a734@group-EF9BBCF9B009-FollowerState] INFO  server.RaftServer$Division (RaftServerImpl.java:setRole(321)) - d3187004-3c5d-4262-9ff7-104fb060a734@group-EF9BBCF9B009: changes role from  FOLLOWER to CANDIDATE at term 0 for changeToCandidate
2023-01-25 10:23:00,010 [d3187004-3c5d-4262-9ff7-104fb060a734@group-EF9BBCF9B009-FollowerState] INFO  server.RaftServerConfigKeys (ConfUtils.java:logGet(46)) - raft.server.leaderelection.pre-vote = false (custom)
2023-01-25 10:23:00,010 [d3187004-3c5d-4262-9ff7-104fb060a734@group-EF9BBCF9B009-FollowerState] INFO  impl.RoleInfo (RoleInfo.java:updateAndGet(139)) - d3187004-3c5d-4262-9ff7-104fb060a734: start d3187004-3c5d-4262-9ff7-104fb060a734@group-EF9BBCF9B009-LeaderElection12
2023-01-25 10:23:00,018 [d3187004-3c5d-4262-9ff7-104fb060a734@group-EF9BBCF9B009-LeaderElection12] INFO  impl.LeaderElection (LeaderElection.java:askForVotes(312)) - d3187004-3c5d-4262-9ff7-104fb060a734@group-EF9BBCF9B009-LeaderElection12 ELECTION round 0: submit vote requests at term 1 for -1: peers:[d3187004-3c5d-4262-9ff7-104fb060a734|rpc:10.1.0.14:40329|dataStream:10.1.0.14:38809|priority:1|startupRole:FOLLOWER]|listeners:[], old=null
2023-01-25 10:23:00,018 [d3187004-3c5d-4262-9ff7-104fb060a734@group-EF9BBCF9B009-LeaderElection12] INFO  impl.LeaderElection (LeaderElection.java:askForVotes(314)) - d3187004-3c5d-4262-9ff7-104fb060a734@group-EF9BBCF9B009-LeaderElection12 ELECTION round 0: result PASSED (term=1)
2023-01-25 10:23:00,018 [d3187004-3c5d-4262-9ff7-104fb060a734@group-EF9BBCF9B009-LeaderElection12] INFO  impl.RoleInfo (RoleInfo.java:shutdownLeaderElection(130)) - d3187004-3c5d-4262-9ff7-104fb060a734: shutdown d3187004-3c5d-4262-9ff7-104fb060a734@group-EF9BBCF9B009-LeaderElection12
2023-01-25 10:23:00,018 [d3187004-3c5d-4262-9ff7-104fb060a734@group-EF9BBCF9B009-LeaderElection12] INFO  server.RaftServer$Division (RaftServerImpl.java:setRole(321)) - d3187004-3c5d-4262-9ff7-104fb060a734@group-EF9BBCF9B009: changes role from CANDIDATE to LEADER at term 1 for changeToLeader
2023-01-25 10:23:00,018 [d3187004-3c5d-4262-9ff7-104fb060a734@group-EF9BBCF9B009-LeaderElection12] INFO  ratis.XceiverServerRatis (XceiverServerRatis.java:handleLeaderChangedNotification(904)) - Leader change notification received for group: group-EF9BBCF9B009 with new leaderId: d3187004-3c5d-4262-9ff7-104fb060a734
2023-01-25 10:23:00,018 [d3187004-3c5d-4262-9ff7-104fb060a734@group-EF9BBCF9B009-LeaderElection12] INFO  server.RaftServer$Division (ServerState.java:setLeader(313)) - d3187004-3c5d-4262-9ff7-104fb060a734@group-EF9BBCF9B009: change Leader from null to d3187004-3c5d-4262-9ff7-104fb060a734 at term 1 for becomeLeader, leader elected after 5195ms
2023-01-25 10:23:00,018 [d3187004-3c5d-4262-9ff7-104fb060a734@group-EF9BBCF9B009-LeaderElection12] INFO  server.RaftServerConfigKeys (ConfUtils.java:logGet(46)) - raft.server.staging.catchup.gap = 1000 (default)
2023-01-25 10:23:00,018 [d3187004-3c5d-4262-9ff7-104fb060a734@group-EF9BBCF9B009-LeaderElection12] INFO  server.RaftServerConfigKeys (ConfUtils.java:logGet(46)) - raft.server.write.element-limit = 1024 (custom)
2023-01-25 10:23:00,018 [d3187004-3c5d-4262-9ff7-104fb060a734@group-EF9BBCF9B009-LeaderElection12] INFO  server.RaftServerConfigKeys (ConfUtils.java:logGet(46)) - raft.server.write.byte-limit = 1024 M (=1073741824) (custom)
2023-01-25 10:23:00,020 [d3187004-3c5d-4262-9ff7-104fb060a734@group-EF9BBCF9B009-LeaderElection12] INFO  server.RaftServerConfigKeys (ConfUtils.java:logGet(46)) - raft.server.watch.timeout = 180s (custom)
2023-01-25 10:23:00,021 [d3187004-3c5d-4262-9ff7-104fb060a734@group-EF9BBCF9B009-LeaderElection12] INFO  server.RaftServerConfigKeys (ConfUtils.java:logGet(46)) - raft.server.watch.timeout.denomination = 1s (default)
2023-01-25 10:23:00,021 [d3187004-3c5d-4262-9ff7-104fb060a734@group-EF9BBCF9B009-LeaderElection12] INFO  server.RaftServerConfigKeys (ConfUtils.java:logGet(46)) - raft.server.watch.element-limit = 65536 (default)
2023-01-25 10:23:00,021 [d3187004-3c5d-4262-9ff7-104fb060a734@group-EF9BBCF9B009-LeaderElection12] INFO  server.RaftServerConfigKeys (ConfUtils.java:logGet(46)) - raft.server.write.element-limit = 1024 (custom)
2023-01-25 10:23:00,021 [d3187004-3c5d-4262-9ff7-104fb060a734@group-EF9BBCF9B009-LeaderElection12] INFO  server.RaftServerConfigKeys (ConfUtils.java:logGet(46)) - raft.server.write.follower.gap.ratio.max = -1.0 (default)
2023-01-25 10:23:00,021 [d3187004-3c5d-4262-9ff7-104fb060a734@group-EF9BBCF9B009-LeaderElection12] INFO  impl.RoleInfo (RoleInfo.java:updateAndGet(139)) - d3187004-3c5d-4262-9ff7-104fb060a734: start d3187004-3c5d-4262-9ff7-104fb060a734@group-EF9BBCF9B009-LeaderStateImpl
2023-01-25 10:23:00,021 [d3187004-3c5d-4262-9ff7-104fb060a734@group-EF9BBCF9B009-LeaderElection12] INFO  segmented.SegmentedRaftLogWorker (SegmentedRaftLogWorker.java:startLogSegment(452)) - d3187004-3c5d-4262-9ff7-104fb060a734@group-EF9BBCF9B009-SegmentedRaftLogWorker: Starting segment from index:0
2023-01-25 10:23:00,023 [d3187004-3c5d-4262-9ff7-104fb060a734@group-EF9BBCF9B009-SegmentedRaftLogWorker] INFO  segmented.SegmentedRaftLogWorker (SegmentedRaftLogWorker.java:execute(656)) - d3187004-3c5d-4262-9ff7-104fb060a734@group-EF9BBCF9B009-SegmentedRaftLogWorker: created new log segment /home/runner/work/ozone/ozone/hadoop-ozone/integration-test/target/test-dir/MiniOzoneClusterImpl-1247b3fc-8c88-4cf7-b93f-ad2be507f780/datanode-5/data/ratis/562c47c9-7954-420d-8489-ef9bbcf9b009/current/log_inprogress_0
2023-01-25 10:23:00,023 [d3187004-3c5d-4262-9ff7-104fb060a734@group-EF9BBCF9B009-LeaderElection12] INFO  server.RaftServer$Division (ServerState.java:setRaftConf(430)) - d3187004-3c5d-4262-9ff7-104fb060a734@group-EF9BBCF9B009: set configuration 0: peers:[d3187004-3c5d-4262-9ff7-104fb060a734|rpc:10.1.0.14:40329|dataStream:10.1.0.14:38809|priority:1|startupRole:FOLLOWER]|listeners:[], old=null
2023-01-25 10:23:00,313 [7abbc2c7-b56f-4fd7-a4a9-203189c4b8f1@group-9E3031C7D0DB-FollowerState] INFO  impl.FollowerState (FollowerState.java:run(143)) - 7abbc2c7-b56f-4fd7-a4a9-203189c4b8f1@group-9E3031C7D0DB-FollowerState: change to CANDIDATE, lastRpcElapsedTime:5039430108ns, electionTimeout:5037ms
2023-01-25 10:23:00,313 [7abbc2c7-b56f-4fd7-a4a9-203189c4b8f1@group-9E3031C7D0DB-FollowerState] INFO  impl.RoleInfo (RoleInfo.java:shutdownFollowerState(110)) - 7abbc2c7-b56f-4fd7-a4a9-203189c4b8f1: shutdown 7abbc2c7-b56f-4fd7-a4a9-203189c4b8f1@group-9E3031C7D0DB-FollowerState
2023-01-25 10:23:00,314 [7abbc2c7-b56f-4fd7-a4a9-203189c4b8f1@group-9E3031C7D0DB-FollowerState] INFO  server.RaftServer$Division (RaftServerImpl.java:setRole(321)) - 7abbc2c7-b56f-4fd7-a4a9-203189c4b8f1@group-9E3031C7D0DB: changes role from  FOLLOWER to CANDIDATE at term 0 for changeToCandidate
2023-01-25 10:23:00,314 [7abbc2c7-b56f-4fd7-a4a9-203189c4b8f1@group-9E3031C7D0DB-FollowerState] INFO  server.RaftServerConfigKeys (ConfUtils.java:logGet(46)) - raft.server.leaderelection.pre-vote = false (custom)
2023-01-25 10:23:00,314 [7abbc2c7-b56f-4fd7-a4a9-203189c4b8f1@group-9E3031C7D0DB-FollowerState] INFO  impl.RoleInfo (RoleInfo.java:updateAndGet(139)) - 7abbc2c7-b56f-4fd7-a4a9-203189c4b8f1: start 7abbc2c7-b56f-4fd7-a4a9-203189c4b8f1@group-9E3031C7D0DB-LeaderElection13
2023-01-25 10:23:00,327 [7abbc2c7-b56f-4fd7-a4a9-203189c4b8f1@group-9E3031C7D0DB-LeaderElection13] INFO  impl.LeaderElection (LeaderElection.java:askForVotes(312)) - 7abbc2c7-b56f-4fd7-a4a9-203189c4b8f1@group-9E3031C7D0DB-LeaderElection13 ELECTION round 0: submit vote requests at term 1 for -1: peers:[7abbc2c7-b56f-4fd7-a4a9-203189c4b8f1|rpc:10.1.0.14:34617|dataStream:10.1.0.14:41363|priority:1|startupRole:FOLLOWER]|listeners:[], old=null
2023-01-25 10:23:00,327 [7abbc2c7-b56f-4fd7-a4a9-203189c4b8f1@group-9E3031C7D0DB-LeaderElection13] INFO  impl.LeaderElection (LeaderElection.java:askForVotes(314)) - 7abbc2c7-b56f-4fd7-a4a9-203189c4b8f1@group-9E3031C7D0DB-LeaderElection13 ELECTION round 0: result PASSED (term=1)
2023-01-25 10:23:00,327 [7abbc2c7-b56f-4fd7-a4a9-203189c4b8f1@group-9E3031C7D0DB-LeaderElection13] INFO  impl.RoleInfo (RoleInfo.java:shutdownLeaderElection(130)) - 7abbc2c7-b56f-4fd7-a4a9-203189c4b8f1: shutdown 7abbc2c7-b56f-4fd7-a4a9-203189c4b8f1@group-9E3031C7D0DB-LeaderElection13
2023-01-25 10:23:00,327 [7abbc2c7-b56f-4fd7-a4a9-203189c4b8f1@group-9E3031C7D0DB-LeaderElection13] INFO  server.RaftServer$Division (RaftServerImpl.java:setRole(321)) - 7abbc2c7-b56f-4fd7-a4a9-203189c4b8f1@group-9E3031C7D0DB: changes role from CANDIDATE to LEADER at term 1 for changeToLeader
2023-01-25 10:23:00,327 [7abbc2c7-b56f-4fd7-a4a9-203189c4b8f1@group-9E3031C7D0DB-LeaderElection13] INFO  ratis.XceiverServerRatis (XceiverServerRatis.java:handleLeaderChangedNotification(904)) - Leader change notification received for group: group-9E3031C7D0DB with new leaderId: 7abbc2c7-b56f-4fd7-a4a9-203189c4b8f1
2023-01-25 10:23:00,327 [7abbc2c7-b56f-4fd7-a4a9-203189c4b8f1@group-9E3031C7D0DB-LeaderElection13] INFO  server.RaftServer$Division (ServerState.java:setLeader(313)) - 7abbc2c7-b56f-4fd7-a4a9-203189c4b8f1@group-9E3031C7D0DB: change Leader from null to 7abbc2c7-b56f-4fd7-a4a9-203189c4b8f1 at term 1 for becomeLeader, leader elected after 5065ms
2023-01-25 10:23:00,328 [7abbc2c7-b56f-4fd7-a4a9-203189c4b8f1@group-9E3031C7D0DB-LeaderElection13] INFO  server.RaftServerConfigKeys (ConfUtils.java:logGet(46)) - raft.server.staging.catchup.gap = 1000 (default)
2023-01-25 10:23:00,328 [7abbc2c7-b56f-4fd7-a4a9-203189c4b8f1@group-9E3031C7D0DB-LeaderElection13] INFO  server.RaftServerConfigKeys (ConfUtils.java:logGet(46)) - raft.server.write.element-limit = 1024 (custom)
2023-01-25 10:23:00,328 [7abbc2c7-b56f-4fd7-a4a9-203189c4b8f1@group-9E3031C7D0DB-LeaderElection13] INFO  server.RaftServerConfigKeys (ConfUtils.java:logGet(46)) - raft.server.write.byte-limit = 1024 M (=1073741824) (custom)
2023-01-25 10:23:00,328 [7abbc2c7-b56f-4fd7-a4a9-203189c4b8f1@group-9E3031C7D0DB-LeaderElection13] INFO  server.RaftServerConfigKeys (ConfUtils.java:logGet(46)) - raft.server.watch.timeout = 180s (custom)
2023-01-25 10:23:00,328 [7abbc2c7-b56f-4fd7-a4a9-203189c4b8f1@group-9E3031C7D0DB-LeaderElection13] INFO  server.RaftServerConfigKeys (ConfUtils.java:logGet(46)) - raft.server.watch.timeout.denomination = 1s (default)
2023-01-25 10:23:00,328 [7abbc2c7-b56f-4fd7-a4a9-203189c4b8f1@group-9E3031C7D0DB-LeaderElection13] INFO  server.RaftServerConfigKeys (ConfUtils.java:logGet(46)) - raft.server.watch.element-limit = 65536 (default)
2023-01-25 10:23:00,328 [7abbc2c7-b56f-4fd7-a4a9-203189c4b8f1@group-9E3031C7D0DB-LeaderElection13] INFO  server.RaftServerConfigKeys (ConfUtils.java:logGet(46)) - raft.server.write.element-limit = 1024 (custom)
2023-01-25 10:23:00,328 [7abbc2c7-b56f-4fd7-a4a9-203189c4b8f1@group-9E3031C7D0DB-LeaderElection13] INFO  server.RaftServerConfigKeys (ConfUtils.java:logGet(46)) - raft.server.write.follower.gap.ratio.max = -1.0 (default)
2023-01-25 10:23:00,329 [7abbc2c7-b56f-4fd7-a4a9-203189c4b8f1@group-9E3031C7D0DB-LeaderElection13] INFO  impl.RoleInfo (RoleInfo.java:updateAndGet(139)) - 7abbc2c7-b56f-4fd7-a4a9-203189c4b8f1: start 7abbc2c7-b56f-4fd7-a4a9-203189c4b8f1@group-9E3031C7D0DB-LeaderStateImpl
2023-01-25 10:23:00,329 [7abbc2c7-b56f-4fd7-a4a9-203189c4b8f1@group-9E3031C7D0DB-LeaderElection13] INFO  segmented.SegmentedRaftLogWorker (SegmentedRaftLogWorker.java:startLogSegment(452)) - 7abbc2c7-b56f-4fd7-a4a9-203189c4b8f1@group-9E3031C7D0DB-SegmentedRaftLogWorker: Starting segment from index:0
2023-01-25 10:23:00,330 [7abbc2c7-b56f-4fd7-a4a9-203189c4b8f1@group-9E3031C7D0DB-LeaderElection13] INFO  server.RaftServer$Division (ServerState.java:setRaftConf(430)) - 7abbc2c7-b56f-4fd7-a4a9-203189c4b8f1@group-9E3031C7D0DB: set configuration 0: peers:[7abbc2c7-b56f-4fd7-a4a9-203189c4b8f1|rpc:10.1.0.14:34617|dataStream:10.1.0.14:41363|priority:1|startupRole:FOLLOWER]|listeners:[], old=null
2023-01-25 10:23:00,331 [7abbc2c7-b56f-4fd7-a4a9-203189c4b8f1@group-9E3031C7D0DB-SegmentedRaftLogWorker] INFO  segmented.SegmentedRaftLogWorker (SegmentedRaftLogWorker.java:execute(656)) - 7abbc2c7-b56f-4fd7-a4a9-203189c4b8f1@group-9E3031C7D0DB-SegmentedRaftLogWorker: created new log segment /home/runner/work/ozone/ozone/hadoop-ozone/integration-test/target/test-dir/MiniOzoneClusterImpl-1247b3fc-8c88-4cf7-b93f-ad2be507f780/datanode-6/data/ratis/9fd23e76-584f-4286-b2fe-9e3031c7d0db/current/log_inprogress_0
2023-01-25 10:23:00,452 [Listener at 127.0.0.1/33329] INFO  ozone.MiniOzoneClusterImpl (MiniOzoneClusterImpl.java:lambda$waitForClusterToBeReady$0(218)) - Nodes are ready. Got 7 of 7 DN Heartbeats.
2023-01-25 10:23:00,452 [Listener at 127.0.0.1/33329] INFO  ozone.MiniOzoneClusterImpl (MiniOzoneClusterImpl.java:lambda$waitForClusterToBeReady$0(221)) - Cluster exits safe mode
2023-01-25 10:23:00,452 [Listener at 127.0.0.1/33329] INFO  ozone.MiniOzoneClusterImpl (MiniOzoneClusterImpl.java:lambda$waitForClusterToBeReady$0(223)) - SCM became leader
2023-01-25 10:23:00,853 [JvmPauseMonitor4] WARN  util.JvmPauseMonitor (JvmPauseMonitor.java:detectPause(126)) - JvmPauseMonitor-d93446b7-35bc-4b37-88f9-4794ab5c6ae8: Detected pause in JVM or host machine (eg GC): pause of approximately 200605967ns.
GC pool 'PS MarkSweep' had collection(s): count=1 time=218ms
GC pool 'PS Scavenge' had collection(s): count=1 time=79ms
2023-01-25 10:23:00,855 [JvmPauseMonitor1] WARN  util.JvmPauseMonitor (JvmPauseMonitor.java:detectPause(126)) - JvmPauseMonitor-247f50ea-8ddf-4819-a598-e87ef509e8f6: Detected pause in JVM or host machine (eg GC): pause of approximately 278466275ns.
GC pool 'PS MarkSweep' had collection(s): count=1 time=218ms
GC pool 'PS Scavenge' had collection(s): count=1 time=79ms
2023-01-25 10:23:01,177 [Listener at 127.0.0.1/33329] INFO  rpc.RpcClient (RpcClient.java:createVolume(474)) - Creating Volume: testblockoutputstream, with runner as owner and space quota set to -1 bytes, counts quota set to -1
2023-01-25 10:23:01,228 [OM StateMachine ApplyTransaction Thread - 0] INFO  volume.OMVolumeCreateRequest (OMVolumeCreateRequest.java:validateAndUpdateCache(195)) - created volume:testblockoutputstream for user:runner
2023-01-25 10:23:01,245 [Listener at 127.0.0.1/33329] INFO  rpc.RpcClient (RpcClient.java:createBucket(693)) - Creating Bucket: testblockoutputstream/testblockoutputstream, with server-side default bucket layout, runner as owner, Versioning false, Storage Type set to DISK and Encryption set to false 
2023-01-25 10:23:01,258 [OM StateMachine ApplyTransaction Thread - 0] INFO  bucket.OMBucketCreateRequest (OMBucketCreateRequest.java:validateAndUpdateCache(262)) - created bucket: testblockoutputstream of layout LEGACY in volume: testblockoutputstream
2023-01-25 10:23:01,272 [Time-limited test] INFO  impl.MetricsSystemImpl (MetricsSystemImpl.java:init(158)) - XceiverClientMetrics metrics system started (again)
2023-01-25 10:23:01,323 [IPC Server handler 0 on default port 35187] INFO  ha.SequenceIdGenerator (SequenceIdGenerator.java:getNextId(128)) - Allocate a batch for containerId, change lastId from 0 to 1000.
2023-01-25 10:23:01,333 [IPC Server handler 0 on default port 35187] WARN  ha.SequenceIdGenerator (SequenceIdGenerator.java:allocateBatch(237)) - Failed to allocate a batch for localId, expected lastId is 0, actual lastId is 111677748019200000.
2023-01-25 10:23:01,334 [IPC Server handler 0 on default port 35187] INFO  ha.SequenceIdGenerator (SequenceIdGenerator.java:getNextId(128)) - Allocate a batch for localId, change lastId from 111677748019200000 to 111677748019201000.
]]></system-out>
  </testcase>
  <testcase name="testMultiChunkWrite2" classname="org.apache.hadoop.ozone.client.rpc.TestBlockOutputStreamFlushDelay" time="0.142"/>
  <testcase name="testMultiChunkWrite" classname="org.apache.hadoop.ozone.client.rpc.TestBlockOutputStreamFlushDelay" time="0.032">
    <failure type="java.lang.AssertionError"><![CDATA[java.lang.AssertionError: expected:<1> but was:<0>
	at org.junit.Assert.fail(Assert.java:89)
	at org.junit.Assert.failNotEquals(Assert.java:835)
	at org.junit.Assert.assertEquals(Assert.java:647)
	at org.junit.Assert.assertEquals(Assert.java:633)
	at org.apache.hadoop.ozone.client.rpc.TestBlockOutputStreamFlushDelay.testMultiChunkWrite(TestBlockOutputStreamFlushDelay.java:347)
	at sun.reflect.NativeMethodAccessorImpl.invoke0(Native Method)
	at sun.reflect.NativeMethodAccessorImpl.invoke(NativeMethodAccessorImpl.java:62)
	at sun.reflect.DelegatingMethodAccessorImpl.invoke(DelegatingMethodAccessorImpl.java:43)
	at java.lang.reflect.Method.invoke(Method.java:498)
	at org.junit.runners.model.FrameworkMethod$1.runReflectiveCall(FrameworkMethod.java:59)
	at org.junit.internal.runners.model.ReflectiveCallable.run(ReflectiveCallable.java:12)
	at org.junit.runners.model.FrameworkMethod.invokeExplosively(FrameworkMethod.java:56)
	at org.junit.internal.runners.statements.InvokeMethod.evaluate(InvokeMethod.java:17)
	at org.junit.internal.runners.statements.FailOnTimeout$CallableStatement.call(FailOnTimeout.java:288)
	at org.junit.internal.runners.statements.FailOnTimeout$CallableStatement.call(FailOnTimeout.java:282)
	at java.util.concurrent.FutureTask.run(FutureTask.java:266)
	at java.lang.Thread.run(Thread.java:750)
]]></failure>
  </testcase>
  <testcase name="testFullBufferCondition" classname="org.apache.hadoop.ozone.client.rpc.TestBlockOutputStreamFlushDelay" time="0.146"/>
  <testcase name="testBufferCaching" classname="org.apache.hadoop.ozone.client.rpc.TestBlockOutputStreamFlushDelay" time="0.083"/>
  <testcase name="testWriteWithExceedingMaxBufferLimit" classname="org.apache.hadoop.ozone.client.rpc.TestBlockOutputStreamFlushDelay" time="0.119"/>
</testsuite>