<?xml version="1.0" encoding="UTF-8"?>
<testsuite xmlns:xsi="http://www.w3.org/2001/XMLSchema-instance" xsi:noNamespaceSchemaLocation="https://maven.apache.org/surefire/maven-surefire-plugin/xsd/surefire-test-report.xsd" name="org.apache.hadoop.ozone.scm.node.TestDecommissionAndMaintenance" time="671.621" tests="8" errors="6" skipped="0" failures="0">
  <properties>
    <property name="awt.toolkit" value="sun.awt.X11.XToolkit"/>
    <property name="file.encoding.pkg" value="sun.io"/>
    <property name="java.specification.version" value="1.8"/>
    <property name="sun.cpu.isalist" value=""/>
    <property name="sun.jnu.encoding" value="UTF-8"/>
    <property name="java.class.path" value="/home/runner/work/ozone/ozone/hadoop-ozone/integration-test/target/test-classes:/home/runner/work/ozone/ozone/hadoop-ozone/integration-test/target/classes:/home/runner/.m2/repository/org/apache/ozone/ozone-common/1.3.0-SNAPSHOT/ozone-common-1.3.0-SNAPSHOT.jar:/home/runner/.m2/repository/org/apache/commons/commons-compress/1.21/commons-compress-1.21.jar:/home/runner/.m2/repository/org/apache/ozone/hdds-common/1.3.0-SNAPSHOT/hdds-common-1.3.0-SNAPSHOT.jar:/home/runner/.m2/repository/org/apache/ozone/hdds-client/1.3.0-SNAPSHOT/hdds-client-1.3.0-SNAPSHOT.jar:/home/runner/.m2/repository/org/apache/ozone/ozone-interface-client/1.3.0-SNAPSHOT/ozone-interface-client-1.3.0-SNAPSHOT.jar:/home/runner/.m2/repository/org/apache/ozone/hdds-test-utils/1.3.0-SNAPSHOT/hdds-test-utils-1.3.0-SNAPSHOT.jar:/home/runner/.m2/repository/com/google/guava/guava/30.1.1-jre/guava-30.1.1-jre.jar:/home/runner/.m2/repository/com/google/guava/failureaccess/1.0.1/failureaccess-1.0.1.jar:/home/runner/.m2/repository/com/google/guava/listenablefuture/9999.0-empty-to-avoid-conflict-with-guava/listenablefuture-9999.0-empty-to-avoid-conflict-with-guava.jar:/home/runner/.m2/repository/com/google/code/findbugs/jsr305/3.0.0/jsr305-3.0.0.jar:/home/runner/.m2/repository/org/checkerframework/checker-qual/3.8.0/checker-qual-3.8.0.jar:/home/runner/.m2/repository/com/google/errorprone/error_prone_annotations/2.2.0/error_prone_annotations-2.2.0.jar:/home/runner/.m2/repository/com/google/j2objc/j2objc-annotations/1.3/j2objc-annotations-1.3.jar:/home/runner/.m2/repository/commons-io/commons-io/2.11.0/commons-io-2.11.0.jar:/home/runner/.m2/repository/commons-logging/commons-logging/1.2/commons-logging-1.2.jar:/home/runner/.m2/repository/log4j/log4j/1.2.17/log4j-1.2.17.jar:/home/runner/.m2/repository/org/slf4j/slf4j-api/1.7.30/slf4j-api-1.7.30.jar:/home/runner/.m2/repository/org/apache/ozone/hdds-server-scm/1.3.0-SNAPSHOT/hdds-server-scm-1.3.0-SNAPSHOT.jar:/home/runner/.m2/repository/org/apache/ozone/hdds-container-service/1.3.0-SNAPSHOT/hdds-container-service-1.3.0-SNAPSHOT.jar:/home/runner/.m2/repository/org/apache/ozone/hdds-hadoop-dependency-server/1.3.0-SNAPSHOT/hdds-hadoop-dependency-server-1.3.0-SNAPSHOT.jar:/home/runner/.m2/repository/org/apache/hadoop/hadoop-hdfs/3.3.1/hadoop-hdfs-3.3.1.jar:/home/runner/.m2/repository/org/apache/ozone/hdds-server-framework/1.3.0-SNAPSHOT/hdds-server-framework-1.3.0-SNAPSHOT.jar:/home/runner/.m2/repository/org/apache/ozone/hdds-interface-server/1.3.0-SNAPSHOT/hdds-interface-server-1.3.0-SNAPSHOT.jar:/home/runner/.m2/repository/org/eclipse/jetty/jetty-servlet/9.4.43.v20210629/jetty-servlet-9.4.43.v20210629.jar:/home/runner/.m2/repository/org/eclipse/jetty/jetty-security/9.4.43.v20210629/jetty-security-9.4.43.v20210629.jar:/home/runner/.m2/repository/org/rocksdb/rocksdbjni/6.25.3/rocksdbjni-6.25.3.jar:/home/runner/.m2/repository/io/prometheus/simpleclient_dropwizard/0.7.0/simpleclient_dropwizard-0.7.0.jar:/home/runner/.m2/repository/io/prometheus/simpleclient/0.7.0/simpleclient-0.7.0.jar:/home/runner/.m2/repository/io/prometheus/simpleclient_common/0.7.0/simpleclient_common-0.7.0.jar:/home/runner/.m2/repository/com/fasterxml/jackson/datatype/jackson-datatype-jsr310/2.12.1/jackson-datatype-jsr310-2.12.1.jar:/home/runner/.m2/repository/io/dropwizard/metrics/metrics-core/3.2.4/metrics-core-3.2.4.jar:/home/runner/.m2/repository/org/apache/hadoop/hadoop-hdfs-client/3.3.1/hadoop-hdfs-client-3.3.1.jar:/home/runner/.m2/repository/org/bouncycastle/bcprov-jdk15on/1.67/bcprov-jdk15on-1.67.jar:/home/runner/.m2/repository/com/google/protobuf/protobuf-java/2.5.0/protobuf-java-2.5.0.jar:/home/runner/.m2/repository/org/apache/ozone/ozone-manager/1.3.0-SNAPSHOT/ozone-manager-1.3.0-SNAPSHOT.jar:/home/runner/.m2/repository/org/aspectj/aspectjrt/1.9.7/aspectjrt-1.9.7.jar:/home/runner/.m2/repository/org/aspectj/aspectjweaver/1.9.7/aspectjweaver-1.9.7.jar:/home/runner/.m2/repository/org/apache/ozone/hdds-interface-client/1.3.0-SNAPSHOT/hdds-interface-client-1.3.0-SNAPSHOT.jar:/home/runner/.m2/repository/org/apache/hadoop/thirdparty/hadoop-shaded-protobuf_3_7/1.1.1/hadoop-shaded-protobuf_3_7-1.1.1.jar:/home/runner/.m2/repository/org/apache/ozone/ozone-interface-storage/1.3.0-SNAPSHOT/ozone-interface-storage-1.3.0-SNAPSHOT.jar:/home/runner/.m2/repository/org/reflections/reflections/0.9.11/reflections-0.9.11.jar:/home/runner/.m2/repository/org/apache/hadoop/hadoop-minikdc/3.3.1/hadoop-minikdc-3.3.1.jar:/home/runner/.m2/repository/org/apache/kerby/kerb-simplekdc/1.0.1/kerb-simplekdc-1.0.1.jar:/home/runner/.m2/repository/org/apache/kerby/kerb-client/1.0.1/kerb-client-1.0.1.jar:/home/runner/.m2/repository/org/apache/kerby/kerby-config/1.0.1/kerby-config-1.0.1.jar:/home/runner/.m2/repository/org/apache/kerby/kerb-common/1.0.1/kerb-common-1.0.1.jar:/home/runner/.m2/repository/org/apache/kerby/kerb-crypto/1.0.1/kerb-crypto-1.0.1.jar:/home/runner/.m2/repository/org/apache/kerby/kerb-util/1.0.1/kerb-util-1.0.1.jar:/home/runner/.m2/repository/org/apache/kerby/token-provider/1.0.1/token-provider-1.0.1.jar:/home/runner/.m2/repository/org/apache/kerby/kerb-admin/1.0.1/kerb-admin-1.0.1.jar:/home/runner/.m2/repository/org/apache/kerby/kerb-server/1.0.1/kerb-server-1.0.1.jar:/home/runner/.m2/repository/org/apache/kerby/kerb-identity/1.0.1/kerb-identity-1.0.1.jar:/home/runner/.m2/repository/org/apache/kerby/kerby-xdr/1.0.1/kerby-xdr-1.0.1.jar:/home/runner/.m2/repository/org/slf4j/slf4j-log4j12/1.7.30/slf4j-log4j12-1.7.30.jar:/home/runner/.m2/repository/org/apache/ozone/ozone-s3gateway/1.3.0-SNAPSHOT/ozone-s3gateway-1.3.0-SNAPSHOT.jar:/home/runner/.m2/repository/org/javassist/javassist/3.21.0-GA/javassist-3.21.0-GA.jar:/home/runner/.m2/repository/org/jboss/weld/servlet/weld-servlet/2.4.7.Final/weld-servlet-2.4.7.Final.jar:/home/runner/.m2/repository/org/glassfish/jersey/containers/jersey-container-servlet-core/2.33/jersey-container-servlet-core-2.33.jar:/home/runner/.m2/repository/org/glassfish/hk2/external/jakarta.inject/2.6.1/jakarta.inject-2.6.1.jar:/home/runner/.m2/repository/org/glassfish/jersey/core/jersey-common/2.33/jersey-common-2.33.jar:/home/runner/.m2/repository/jakarta/ws/rs/jakarta.ws.rs-api/2.1.6/jakarta.ws.rs-api-2.1.6.jar:/home/runner/.m2/repository/org/glassfish/jersey/ext/cdi/jersey-cdi1x/2.33/jersey-cdi1x-2.33.jar:/home/runner/.m2/repository/org/glassfish/jersey/inject/jersey-hk2/2.33/jersey-hk2-2.33.jar:/home/runner/.m2/repository/org/glassfish/hk2/hk2-locator/2.6.1/hk2-locator-2.6.1.jar:/home/runner/.m2/repository/org/glassfish/jersey/media/jersey-media-jaxb/2.33/jersey-media-jaxb-2.33.jar:/home/runner/.m2/repository/org/glassfish/hk2/osgi-resource-locator/1.0.3/osgi-resource-locator-1.0.3.jar:/home/runner/.m2/repository/org/glassfish/hk2/hk2-api/2.5.0/hk2-api-2.5.0.jar:/home/runner/.m2/repository/org/glassfish/hk2/hk2-utils/2.5.0/hk2-utils-2.5.0.jar:/home/runner/.m2/repository/org/glassfish/hk2/external/aopalliance-repackaged/2.5.0/aopalliance-repackaged-2.5.0.jar:/home/runner/.m2/repository/com/fasterxml/jackson/dataformat/jackson-dataformat-xml/2.12.1/jackson-dataformat-xml-2.12.1.jar:/home/runner/.m2/repository/com/fasterxml/jackson/core/jackson-core/2.12.1/jackson-core-2.12.1.jar:/home/runner/.m2/repository/com/fasterxml/jackson/module/jackson-module-jaxb-annotations/2.12.1/jackson-module-jaxb-annotations-2.12.1.jar:/home/runner/.m2/repository/jakarta/xml/bind/jakarta.xml.bind-api/2.3.2/jakarta.xml.bind-api-2.3.2.jar:/home/runner/.m2/repository/org/codehaus/woodstox/stax2-api/3.1.4/stax2-api-3.1.4.jar:/home/runner/.m2/repository/com/fasterxml/woodstox/woodstox-core/5.0.3/woodstox-core-5.0.3.jar:/home/runner/.m2/repository/javax/enterprise/cdi-api/1.2/cdi-api-1.2.jar:/home/runner/.m2/repository/javax/el/javax.el-api/3.0.0/javax.el-api-3.0.0.jar:/home/runner/.m2/repository/javax/interceptor/javax.interceptor-api/1.2/javax.interceptor-api-1.2.jar:/home/runner/.m2/repository/javax/inject/javax.inject/1/javax.inject-1.jar:/home/runner/.m2/repository/javax/xml/bind/jaxb-api/2.3.0/jaxb-api-2.3.0.jar:/home/runner/.m2/repository/org/glassfish/jaxb/jaxb-runtime/2.3.0.1/jaxb-runtime-2.3.0.1.jar:/home/runner/.m2/repository/org/glassfish/jaxb/jaxb-core/2.3.0.1/jaxb-core-2.3.0.1.jar:/home/runner/.m2/repository/org/glassfish/jaxb/txw2/2.3.0.1/txw2-2.3.0.1.jar:/home/runner/.m2/repository/com/sun/istack/istack-commons-runtime/3.0.5/istack-commons-runtime-3.0.5.jar:/home/runner/.m2/repository/org/jvnet/staxex/stax-ex/1.7.8/stax-ex-1.7.8.jar:/home/runner/.m2/repository/com/sun/xml/fastinfoset/FastInfoset/1.2.13/FastInfoset-1.2.13.jar:/home/runner/.m2/repository/javax/activation/activation/1.1.1/activation-1.1.1.jar:/home/runner/.m2/repository/org/apache/ozone/ozone-csi/1.3.0-SNAPSHOT/ozone-csi-1.3.0-SNAPSHOT.jar:/home/runner/.m2/repository/com/google/protobuf/protobuf-java-util/3.12.0/protobuf-java-util-3.12.0.jar:/home/runner/.m2/repository/com/google/code/gson/gson/2.2.4/gson-2.2.4.jar:/home/runner/.m2/repository/org/apache/ozone/hdds-config/1.3.0-SNAPSHOT/hdds-config-1.3.0-SNAPSHOT.jar:/home/runner/.m2/repository/io/grpc/grpc-netty/1.33.0/grpc-netty-1.33.0.jar:/home/runner/.m2/repository/io/grpc/grpc-core/1.33.0/grpc-core-1.33.0.jar:/home/runner/.m2/repository/com/google/android/annotations/4.1.1.4/annotations-4.1.1.4.jar:/home/runner/.m2/repository/io/netty/netty-codec-http2/4.1.63.Final/netty-codec-http2-4.1.63.Final.jar:/home/runner/.m2/repository/io/netty/netty-codec-http/4.1.63.Final/netty-codec-http-4.1.63.Final.jar:/home/runner/.m2/repository/io/netty/netty-handler-proxy/4.1.63.Final/netty-handler-proxy-4.1.63.Final.jar:/home/runner/.m2/repository/io/netty/netty-codec-socks/4.1.63.Final/netty-codec-socks-4.1.63.Final.jar:/home/runner/.m2/repository/io/perfmark/perfmark-api/0.19.0/perfmark-api-0.19.0.jar:/home/runner/.m2/repository/org/codehaus/mojo/animal-sniffer-annotations/1.18/animal-sniffer-annotations-1.18.jar:/home/runner/.m2/repository/io/netty/netty-transport-native-epoll/4.1.63.Final/netty-transport-native-epoll-4.1.63.Final.jar:/home/runner/.m2/repository/io/netty/netty-common/4.1.63.Final/netty-common-4.1.63.Final.jar:/home/runner/.m2/repository/io/netty/netty-buffer/4.1.63.Final/netty-buffer-4.1.63.Final.jar:/home/runner/.m2/repository/io/netty/netty-transport-native-unix-common/4.1.63.Final/netty-transport-native-unix-common-4.1.63.Final.jar:/home/runner/.m2/repository/io/grpc/grpc-protobuf/1.33.0/grpc-protobuf-1.33.0.jar:/home/runner/.m2/repository/io/grpc/grpc-api/1.33.0/grpc-api-1.33.0.jar:/home/runner/.m2/repository/io/grpc/grpc-context/1.33.0/grpc-context-1.33.0.jar:/home/runner/.m2/repository/com/google/api/grpc/proto-google-common-protos/1.17.0/proto-google-common-protos-1.17.0.jar:/home/runner/.m2/repository/io/grpc/grpc-protobuf-lite/1.33.0/grpc-protobuf-lite-1.33.0.jar:/home/runner/.m2/repository/io/grpc/grpc-stub/1.33.0/grpc-stub-1.33.0.jar:/home/runner/.m2/repository/org/apache/ozone/ozone-recon/1.3.0-SNAPSHOT/ozone-recon-1.3.0-SNAPSHOT.jar:/home/runner/.m2/repository/org/apache/ozone/ozone-reconcodegen/1.3.0-SNAPSHOT/ozone-reconcodegen-1.3.0-SNAPSHOT.jar:/home/runner/.m2/repository/com/google/inject/extensions/guice-multibindings/4.0/guice-multibindings-4.0.jar:/home/runner/.m2/repository/com/google/inject/guice/4.0/guice-4.0.jar:/home/runner/.m2/repository/aopalliance/aopalliance/1.0/aopalliance-1.0.jar:/home/runner/.m2/repository/com/google/inject/extensions/guice-assistedinject/4.0/guice-assistedinject-4.0.jar:/home/runner/.m2/repository/com/google/inject/extensions/guice-servlet/4.0/guice-servlet-4.0.jar:/home/runner/.m2/repository/org/glassfish/jersey/containers/jersey-container-servlet/2.33/jersey-container-servlet-2.33.jar:/home/runner/.m2/repository/org/glassfish/hk2/guice-bridge/2.5.0/guice-bridge-2.5.0.jar:/home/runner/.m2/repository/org/glassfish/jersey/core/jersey-server/2.33/jersey-server-2.33.jar:/home/runner/.m2/repository/org/glassfish/jersey/core/jersey-client/2.33/jersey-client-2.33.jar:/home/runner/.m2/repository/jakarta/annotation/jakarta.annotation-api/1.3.5/jakarta.annotation-api-1.3.5.jar:/home/runner/.m2/repository/jakarta/validation/jakarta.validation-api/2.0.2/jakarta.validation-api-2.0.2.jar:/home/runner/.m2/repository/org/glassfish/jersey/media/jersey-media-json-jackson/2.33/jersey-media-json-jackson-2.33.jar:/home/runner/.m2/repository/org/glassfish/jersey/ext/jersey-entity-filtering/2.33/jersey-entity-filtering-2.33.jar:/home/runner/.m2/repository/org/jooq/jooq/3.11.10/jooq-3.11.10.jar:/home/runner/.m2/repository/org/jooq/jooq-meta/3.11.10/jooq-meta-3.11.10.jar:/home/runner/.m2/repository/org/jooq/jooq-codegen/3.11.10/jooq-codegen-3.11.10.jar:/home/runner/.m2/repository/com/jolbox/bonecp/0.8.0.RELEASE/bonecp-0.8.0.RELEASE.jar:/home/runner/.m2/repository/org/apache/derby/derby/10.14.2.0/derby-10.14.2.0.jar:/home/runner/.m2/repository/org/xerial/sqlite-jdbc/3.25.2/sqlite-jdbc-3.25.2.jar:/home/runner/.m2/repository/org/springframework/spring-jdbc/5.2.18.RELEASE/spring-jdbc-5.2.18.RELEASE.jar:/home/runner/.m2/repository/org/springframework/spring-beans/5.2.18.RELEASE/spring-beans-5.2.18.RELEASE.jar:/home/runner/.m2/repository/org/springframework/spring-core/5.2.18.RELEASE/spring-core-5.2.18.RELEASE.jar:/home/runner/.m2/repository/org/springframework/spring-jcl/5.2.18.RELEASE/spring-jcl-5.2.18.RELEASE.jar:/home/runner/.m2/repository/org/springframework/spring-tx/5.2.18.RELEASE/spring-tx-5.2.18.RELEASE.jar:/home/runner/.m2/repository/org/apache/ozone/ozone-client/1.3.0-SNAPSHOT/ozone-client-1.3.0-SNAPSHOT.jar:/home/runner/.m2/repository/org/apache/ozone/ozone-filesystem/1.3.0-SNAPSHOT/ozone-filesystem-1.3.0-SNAPSHOT.jar:/home/runner/.m2/repository/org/apache/ozone/ozone-filesystem-common/1.3.0-SNAPSHOT/ozone-filesystem-common-1.3.0-SNAPSHOT.jar:/home/runner/.m2/repository/org/apache/ozone/ozone-tools/1.3.0-SNAPSHOT/ozone-tools-1.3.0-SNAPSHOT.jar:/home/runner/.m2/repository/org/apache/ratis/ratis-tools/2.2.0/ratis-tools-2.2.0.jar:/home/runner/.m2/repository/com/amazonaws/aws-java-sdk-core/1.12.124/aws-java-sdk-core-1.12.124.jar:/home/runner/.m2/repository/org/apache/httpcomponents/httpclient/4.5.13/httpclient-4.5.13.jar:/home/runner/.m2/repository/org/apache/httpcomponents/httpcore/4.4.13/httpcore-4.4.13.jar:/home/runner/.m2/repository/software/amazon/ion/ion-java/1.0.2/ion-java-1.0.2.jar:/home/runner/.m2/repository/com/fasterxml/jackson/dataformat/jackson-dataformat-cbor/2.12.1/jackson-dataformat-cbor-2.12.1.jar:/home/runner/.m2/repository/joda-time/joda-time/2.8.1/joda-time-2.8.1.jar:/home/runner/.m2/repository/com/amazonaws/aws-java-sdk-s3/1.12.124/aws-java-sdk-s3-1.12.124.jar:/home/runner/.m2/repository/com/amazonaws/aws-java-sdk-kms/1.12.124/aws-java-sdk-kms-1.12.124.jar:/home/runner/.m2/repository/com/amazonaws/jmespath-java/1.12.124/jmespath-java-1.12.124.jar:/home/runner/.m2/repository/org/kohsuke/metainf-services/metainf-services/1.8/metainf-services-1.8.jar:/home/runner/.m2/repository/org/apache/ozone/hdds-tools/1.3.0-SNAPSHOT/hdds-tools-1.3.0-SNAPSHOT.jar:/home/runner/.m2/repository/commons-cli/commons-cli/1.2/commons-cli-1.2.jar:/home/runner/.m2/repository/org/apache/commons/commons-lang3/3.7/commons-lang3-3.7.jar:/home/runner/.m2/repository/org/apache/ozone/ozone-manager/1.3.0-SNAPSHOT/ozone-manager-1.3.0-SNAPSHOT-tests.jar:/home/runner/.m2/repository/org/apache/ozone/hdds-common/1.3.0-SNAPSHOT/hdds-common-1.3.0-SNAPSHOT-tests.jar:/home/runner/.m2/repository/org/apache/ozone/hdds-hadoop-dependency-client/1.3.0-SNAPSHOT/hdds-hadoop-dependency-client-1.3.0-SNAPSHOT.jar:/home/runner/.m2/repository/info/picocli/picocli/4.6.1/picocli-4.6.1.jar:/home/runner/.m2/repository/com/fasterxml/jackson/core/jackson-annotations/2.12.1/jackson-annotations-2.12.1.jar:/home/runner/.m2/repository/javax/annotation/javax.annotation-api/1.2/javax.annotation-api-1.2.jar:/home/runner/.m2/repository/org/apache/ratis/ratis-server/2.2.0/ratis-server-2.2.0.jar:/home/runner/.m2/repository/org/apache/ratis/ratis-client/2.2.0/ratis-client-2.2.0.jar:/home/runner/.m2/repository/org/apache/ratis/ratis-server-api/2.2.0/ratis-server-api-2.2.0.jar:/home/runner/.m2/repository/org/apache/ratis/ratis-metrics/2.2.0/ratis-metrics-2.2.0.jar:/home/runner/.m2/repository/org/apache/ratis/ratis-netty/2.2.0/ratis-netty-2.2.0.jar:/home/runner/.m2/repository/org/apache/ratis/ratis-grpc/2.2.0/ratis-grpc-2.2.0.jar:/home/runner/.m2/repository/org/apache/logging/log4j/log4j-api/2.17.1/log4j-api-2.17.1.jar:/home/runner/.m2/repository/org/apache/logging/log4j/log4j-core/2.17.1/log4j-core-2.17.1.jar:/home/runner/.m2/repository/com/lmax/disruptor/3.4.2/disruptor-3.4.2.jar:/home/runner/.m2/repository/org/apache/commons/commons-pool2/2.6.0/commons-pool2-2.6.0.jar:/home/runner/.m2/repository/org/bouncycastle/bcpkix-jdk15on/1.67/bcpkix-jdk15on-1.67.jar:/home/runner/.m2/repository/commons-validator/commons-validator/1.6/commons-validator-1.6.jar:/home/runner/.m2/repository/commons-beanutils/commons-beanutils/1.9.4/commons-beanutils-1.9.4.jar:/home/runner/.m2/repository/commons-digester/commons-digester/1.8.1/commons-digester-1.8.1.jar:/home/runner/.m2/repository/commons-collections/commons-collections/3.2.2/commons-collections-3.2.2.jar:/home/runner/.m2/repository/io/jaegertracing/jaeger-client/1.6.0/jaeger-client-1.6.0.jar:/home/runner/.m2/repository/io/jaegertracing/jaeger-thrift/1.6.0/jaeger-thrift-1.6.0.jar:/home/runner/.m2/repository/org/apache/thrift/libthrift/0.14.1/libthrift-0.14.1.jar:/home/runner/.m2/repository/com/squareup/okhttp3/okhttp/4.9.0/okhttp-4.9.0.jar:/home/runner/.m2/repository/com/squareup/okio/okio/2.8.0/okio-2.8.0.jar:/home/runner/.m2/repository/io/jaegertracing/jaeger-core/1.6.0/jaeger-core-1.6.0.jar:/home/runner/.m2/repository/io/jaegertracing/jaeger-tracerresolver/1.6.0/jaeger-tracerresolver-1.6.0.jar:/home/runner/.m2/repository/io/opentracing/contrib/opentracing-tracerresolver/0.1.8/opentracing-tracerresolver-0.1.8.jar:/home/runner/.m2/repository/org/jetbrains/kotlin/kotlin-stdlib/1.4.31/kotlin-stdlib-1.4.31.jar:/home/runner/.m2/repository/org/jetbrains/kotlin/kotlin-stdlib-common/1.4.31/kotlin-stdlib-common-1.4.31.jar:/home/runner/.m2/repository/org/jetbrains/annotations/13.0/annotations-13.0.jar:/home/runner/.m2/repository/io/opentracing/opentracing-util/0.33.0/opentracing-util-0.33.0.jar:/home/runner/.m2/repository/io/opentracing/opentracing-api/0.33.0/opentracing-api-0.33.0.jar:/home/runner/.m2/repository/io/opentracing/opentracing-noop/0.33.0/opentracing-noop-0.33.0.jar:/home/runner/.m2/repository/org/yaml/snakeyaml/1.26/snakeyaml-1.26.jar:/home/runner/.m2/repository/org/apache/ozone/hdds-interface-admin/1.3.0-SNAPSHOT/hdds-interface-admin-1.3.0-SNAPSHOT.jar:/home/runner/.m2/repository/junit/junit/4.13.1/junit-4.13.1.jar:/home/runner/.m2/repository/org/hamcrest/hamcrest-core/1.3/hamcrest-core-1.3.jar:/home/runner/.m2/repository/org/junit/jupiter/junit-jupiter-api/5.7.0/junit-jupiter-api-5.7.0.jar:/home/runner/.m2/repository/org/apiguardian/apiguardian-api/1.1.0/apiguardian-api-1.1.0.jar:/home/runner/.m2/repository/org/opentest4j/opentest4j/1.2.0/opentest4j-1.2.0.jar:/home/runner/.m2/repository/org/junit/platform/junit-platform-commons/1.7.0/junit-platform-commons-1.7.0.jar:/home/runner/.m2/repository/org/junit/jupiter/junit-jupiter-engine/5.7.0/junit-jupiter-engine-5.7.0.jar:/home/runner/.m2/repository/org/junit/platform/junit-platform-engine/1.7.0/junit-platform-engine-1.7.0.jar:/home/runner/.m2/repository/org/junit/vintage/junit-vintage-engine/5.7.0/junit-vintage-engine-5.7.0.jar:/home/runner/.m2/repository/org/junit/platform/junit-platform-launcher/1.7.0/junit-platform-launcher-1.7.0.jar:/home/runner/.m2/repository/org/mockito/mockito-core/2.28.2/mockito-core-2.28.2.jar:/home/runner/.m2/repository/net/bytebuddy/byte-buddy/1.9.10/byte-buddy-1.9.10.jar:/home/runner/.m2/repository/net/bytebuddy/byte-buddy-agent/1.9.10/byte-buddy-agent-1.9.10.jar:/home/runner/.m2/repository/org/objenesis/objenesis/1.0/objenesis-1.0.jar:/home/runner/.m2/repository/org/apache/hadoop/hadoop-kms/3.3.1/hadoop-kms-3.3.1.jar:/home/runner/.m2/repository/org/apache/hadoop/hadoop-auth/3.3.1/hadoop-auth-3.3.1.jar:/home/runner/.m2/repository/com/nimbusds/nimbus-jose-jwt/7.9/nimbus-jose-jwt-7.9.jar:/home/runner/.m2/repository/com/github/stephenc/jcip/jcip-annotations/1.0-1/jcip-annotations-1.0-1.jar:/home/runner/.m2/repository/net/minidev/json-smart/2.4.7/json-smart-2.4.7.jar:/home/runner/.m2/repository/net/minidev/accessors-smart/2.4.7/accessors-smart-2.4.7.jar:/home/runner/.m2/repository/org/ow2/asm/asm/5.0.4/asm-5.0.4.jar:/home/runner/.m2/repository/org/apache/zookeeper/zookeeper/3.5.6/zookeeper-3.5.6.jar:/home/runner/.m2/repository/org/apache/zookeeper/zookeeper-jute/3.5.6/zookeeper-jute-3.5.6.jar:/home/runner/.m2/repository/org/apache/yetus/audience-annotations/0.5.0/audience-annotations-0.5.0.jar:/home/runner/.m2/repository/org/apache/curator/curator-framework/4.2.0/curator-framework-4.2.0.jar:/home/runner/.m2/repository/org/apache/hadoop/thirdparty/hadoop-shaded-guava/1.1.1/hadoop-shaded-guava-1.1.1.jar:/home/runner/.m2/repository/com/sun/jersey/jersey-core/1.19/jersey-core-1.19.jar:/home/runner/.m2/repository/javax/ws/rs/jsr311-api/1.1.1/jsr311-api-1.1.1.jar:/home/runner/.m2/repository/com/sun/jersey/jersey-server/1.19/jersey-server-1.19.jar:/home/runner/.m2/repository/javax/servlet/javax.servlet-api/3.1.0/javax.servlet-api-3.1.0.jar:/home/runner/.m2/repository/org/eclipse/jetty/jetty-server/9.4.43.v20210629/jetty-server-9.4.43.v20210629.jar:/home/runner/.m2/repository/org/eclipse/jetty/jetty-http/9.4.43.v20210629/jetty-http-9.4.43.v20210629.jar:/home/runner/.m2/repository/org/eclipse/jetty/jetty-io/9.4.43.v20210629/jetty-io-9.4.43.v20210629.jar:/home/runner/.m2/repository/org/eclipse/jetty/jetty-webapp/9.4.43.v20210629/jetty-webapp-9.4.43.v20210629.jar:/home/runner/.m2/repository/org/eclipse/jetty/jetty-xml/9.4.43.v20210629/jetty-xml-9.4.43.v20210629.jar:/home/runner/.m2/repository/org/apache/hadoop/hadoop-common/3.3.1/hadoop-common-3.3.1.jar:/home/runner/.m2/repository/org/apache/commons/commons-math3/3.1.1/commons-math3-3.1.1.jar:/home/runner/.m2/repository/commons-net/commons-net/3.6/commons-net-3.6.jar:/home/runner/.m2/repository/jakarta/activation/jakarta.activation-api/1.2.1/jakarta.activation-api-1.2.1.jar:/home/runner/.m2/repository/com/sun/jersey/jersey-servlet/1.19/jersey-servlet-1.19.jar:/home/runner/.m2/repository/com/sun/jersey/jersey-json/1.19/jersey-json-1.19.jar:/home/runner/.m2/repository/org/codehaus/jettison/jettison/1.1/jettison-1.1.jar:/home/runner/.m2/repository/com/sun/xml/bind/jaxb-impl/2.2.3-1/jaxb-impl-2.2.3-1.jar:/home/runner/.m2/repository/org/codehaus/jackson/jackson-jaxrs/1.9.2/jackson-jaxrs-1.9.2.jar:/home/runner/.m2/repository/org/codehaus/jackson/jackson-xc/1.9.2/jackson-xc-1.9.2.jar:/home/runner/.m2/repository/org/apache/commons/commons-configuration2/2.1.1/commons-configuration2-2.1.1.jar:/home/runner/.m2/repository/org/apache/commons/commons-text/1.4/commons-text-1.4.jar:/home/runner/.m2/repository/com/google/re2j/re2j/1.1/re2j-1.1.jar:/home/runner/.m2/repository/com/jcraft/jsch/0.1.54/jsch-0.1.54.jar:/home/runner/.m2/repository/org/apache/curator/curator-client/4.2.0/curator-client-4.2.0.jar:/home/runner/.m2/repository/org/apache/curator/curator-recipes/4.2.0/curator-recipes-4.2.0.jar:/home/runner/.m2/repository/org/apache/kerby/kerb-core/1.0.1/kerb-core-1.0.1.jar:/home/runner/.m2/repository/org/apache/kerby/kerby-pkix/1.0.1/kerby-pkix-1.0.1.jar:/home/runner/.m2/repository/org/apache/kerby/kerby-asn1/1.0.1/kerby-asn1-1.0.1.jar:/home/runner/.m2/repository/org/apache/kerby/kerby-util/1.0.1/kerby-util-1.0.1.jar:/home/runner/.m2/repository/dnsjava/dnsjava/2.1.7/dnsjava-2.1.7.jar:/home/runner/.m2/repository/org/xerial/snappy/snappy-java/1.1.8.2/snappy-java-1.1.8.2.jar:/home/runner/.m2/repository/org/slf4j/jul-to-slf4j/1.7.30/jul-to-slf4j-1.7.30.jar:/home/runner/.m2/repository/org/eclipse/jetty/jetty-util/9.4.43.v20210629/jetty-util-9.4.43.v20210629.jar:/home/runner/.m2/repository/com/fasterxml/jackson/core/jackson-databind/2.12.1/jackson-databind-2.12.1.jar:/home/runner/.m2/repository/org/apache/hadoop/hadoop-kms/3.3.1/hadoop-kms-3.3.1-tests.jar:/home/runner/.m2/repository/org/apache/ozone/hdds-server-scm/1.3.0-SNAPSHOT/hdds-server-scm-1.3.0-SNAPSHOT-tests.jar:/home/runner/.m2/repository/org/apache/ozone/hdds-container-service/1.3.0-SNAPSHOT/hdds-container-service-1.3.0-SNAPSHOT-tests.jar:/home/runner/.m2/repository/commons-codec/commons-codec/1.11/commons-codec-1.11.jar:/home/runner/.m2/repository/io/netty/netty-transport/4.1.63.Final/netty-transport-4.1.63.Final.jar:/home/runner/.m2/repository/io/netty/netty-resolver/4.1.63.Final/netty-resolver-4.1.63.Final.jar:/home/runner/.m2/repository/io/netty/netty-codec/4.1.63.Final/netty-codec-4.1.63.Final.jar:/home/runner/.m2/repository/io/netty/netty-handler/4.1.63.Final/netty-handler-4.1.63.Final.jar:/home/runner/.m2/repository/org/apache/ozone/hdds-hadoop-dependency-test/1.3.0-SNAPSHOT/hdds-hadoop-dependency-test-1.3.0-SNAPSHOT.jar:/home/runner/.m2/repository/org/apache/hadoop/hadoop-common/3.3.1/hadoop-common-3.3.1-tests.jar:/home/runner/.m2/repository/org/assertj/assertj-core/3.12.2/assertj-core-3.12.2.jar:/home/runner/.m2/repository/org/apache/hadoop/hadoop-hdfs/3.3.1/hadoop-hdfs-3.3.1-tests.jar:/home/runner/.m2/repository/org/eclipse/jetty/jetty-util-ajax/9.4.43.v20210629/jetty-util-ajax-9.4.43.v20210629.jar:/home/runner/.m2/repository/commons-daemon/commons-daemon/1.0.13/commons-daemon-1.0.13.jar:/home/runner/.m2/repository/io/netty/netty/3.10.6.Final/netty-3.10.6.Final.jar:/home/runner/.m2/repository/io/netty/netty-all/4.1.63.Final/netty-all-4.1.63.Final.jar:/home/runner/.m2/repository/org/apache/htrace/htrace-core4/4.1.0-incubating/htrace-core4-4.1.0-incubating.jar:/home/runner/.m2/repository/org/fusesource/leveldbjni/leveldbjni-all/1.8/leveldbjni-all-1.8.jar:/home/runner/.m2/repository/org/apache/hadoop/hadoop-distcp/3.3.1/hadoop-distcp-3.3.1.jar:/home/runner/.m2/repository/org/apache/hadoop/hadoop-mapreduce-client-jobclient/3.3.1/hadoop-mapreduce-client-jobclient-3.3.1.jar:/home/runner/.m2/repository/org/apache/hadoop/hadoop-mapreduce-client-common/3.3.1/hadoop-mapreduce-client-common-3.3.1.jar:/home/runner/.m2/repository/org/apache/hadoop/hadoop-yarn-common/3.3.1/hadoop-yarn-common-3.3.1.jar:/home/runner/.m2/repository/org/apache/hadoop/hadoop-yarn-api/3.3.1/hadoop-yarn-api-3.3.1.jar:/home/runner/.m2/repository/com/sun/jersey/jersey-client/1.19/jersey-client-1.19.jar:/home/runner/.m2/repository/com/sun/jersey/contribs/jersey-guice/1.19/jersey-guice-1.19.jar:/home/runner/.m2/repository/com/fasterxml/jackson/jaxrs/jackson-jaxrs-json-provider/2.12.1/jackson-jaxrs-json-provider-2.12.1.jar:/home/runner/.m2/repository/com/fasterxml/jackson/jaxrs/jackson-jaxrs-base/2.12.1/jackson-jaxrs-base-2.12.1.jar:/home/runner/.m2/repository/org/apache/hadoop/hadoop-yarn-client/3.3.1/hadoop-yarn-client-3.3.1.jar:/home/runner/.m2/repository/org/eclipse/jetty/websocket/websocket-client/9.4.40.v20210413/websocket-client-9.4.40.v20210413.jar:/home/runner/.m2/repository/org/eclipse/jetty/jetty-client/9.4.40.v20210413/jetty-client-9.4.40.v20210413.jar:/home/runner/.m2/repository/org/eclipse/jetty/websocket/websocket-common/9.4.40.v20210413/websocket-common-9.4.40.v20210413.jar:/home/runner/.m2/repository/org/eclipse/jetty/websocket/websocket-api/9.4.40.v20210413/websocket-api-9.4.40.v20210413.jar:/home/runner/.m2/repository/org/jline/jline/3.9.0/jline-3.9.0.jar:/home/runner/.m2/repository/org/apache/hadoop/hadoop-mapreduce-client-core/3.3.1/hadoop-mapreduce-client-core-3.3.1.jar:/home/runner/.m2/repository/org/apache/avro/avro/1.7.7/avro-1.7.7.jar:/home/runner/.m2/repository/org/codehaus/jackson/jackson-core-asl/1.9.13/jackson-core-asl-1.9.13.jar:/home/runner/.m2/repository/org/codehaus/jackson/jackson-mapper-asl/1.9.13/jackson-mapper-asl-1.9.13.jar:/home/runner/.m2/repository/com/thoughtworks/paranamer/paranamer/2.3/paranamer-2.3.jar:/home/runner/.m2/repository/org/apache/hadoop/hadoop-annotations/3.3.1/hadoop-annotations-3.3.1.jar:/usr/lib/jvm/temurin-8-jdk-amd64/jre/../lib/tools.jar:/home/runner/.m2/repository/org/apache/hadoop/hadoop-distcp/3.3.1/hadoop-distcp-3.3.1-tests.jar:/home/runner/.m2/repository/org/apache/ratis/ratis-common/2.2.0/ratis-common-2.2.0.jar:/home/runner/.m2/repository/org/apache/ratis/ratis-thirdparty-misc/0.7.0/ratis-thirdparty-misc-0.7.0.jar:/home/runner/.m2/repository/org/apache/ratis/ratis-proto/2.2.0/ratis-proto-2.2.0.jar:"/>
    <property name="java.vm.vendor" value="Temurin"/>
    <property name="sun.arch.data.model" value="64"/>
    <property name="test.build.dir" value="/home/runner/work/ozone/ozone/hadoop-ozone/integration-test/target/test-dir"/>
    <property name="test.cache.data" value=""/>
    <property name="java.vendor.url" value="https://adoptium.net/"/>
    <property name="user.timezone" value=""/>
    <property name="java.vm.specification.version" value="1.8"/>
    <property name="os.name" value="Linux"/>
    <property name="test.build.data" value="/home/runner/work/ozone/ozone/hadoop-ozone/integration-test/target/test-dir"/>
    <property name="sun.java.launcher" value="SUN_STANDARD"/>
    <property name="sun.boot.library.path" value="/usr/lib/jvm/temurin-8-jdk-amd64/jre/lib/amd64"/>
    <property name="sun.java.command" value="/home/runner/work/ozone/ozone/hadoop-ozone/integration-test/target/surefire/surefirebooter7339909799047478308.jar /home/runner/work/ozone/ozone/hadoop-ozone/integration-test/target/surefire 2022-03-04T12-51-50_504-jvmRun1 surefire8421278928441636460tmp surefire_603558311545846407700tmp"/>
    <property name="surefire.test.class.path" value="/home/runner/work/ozone/ozone/hadoop-ozone/integration-test/target/test-classes:/home/runner/work/ozone/ozone/hadoop-ozone/integration-test/target/classes:/home/runner/.m2/repository/org/apache/ozone/ozone-common/1.3.0-SNAPSHOT/ozone-common-1.3.0-SNAPSHOT.jar:/home/runner/.m2/repository/org/apache/commons/commons-compress/1.21/commons-compress-1.21.jar:/home/runner/.m2/repository/org/apache/ozone/hdds-common/1.3.0-SNAPSHOT/hdds-common-1.3.0-SNAPSHOT.jar:/home/runner/.m2/repository/org/apache/ozone/hdds-client/1.3.0-SNAPSHOT/hdds-client-1.3.0-SNAPSHOT.jar:/home/runner/.m2/repository/org/apache/ozone/ozone-interface-client/1.3.0-SNAPSHOT/ozone-interface-client-1.3.0-SNAPSHOT.jar:/home/runner/.m2/repository/org/apache/ozone/hdds-test-utils/1.3.0-SNAPSHOT/hdds-test-utils-1.3.0-SNAPSHOT.jar:/home/runner/.m2/repository/com/google/guava/guava/30.1.1-jre/guava-30.1.1-jre.jar:/home/runner/.m2/repository/com/google/guava/failureaccess/1.0.1/failureaccess-1.0.1.jar:/home/runner/.m2/repository/com/google/guava/listenablefuture/9999.0-empty-to-avoid-conflict-with-guava/listenablefuture-9999.0-empty-to-avoid-conflict-with-guava.jar:/home/runner/.m2/repository/com/google/code/findbugs/jsr305/3.0.0/jsr305-3.0.0.jar:/home/runner/.m2/repository/org/checkerframework/checker-qual/3.8.0/checker-qual-3.8.0.jar:/home/runner/.m2/repository/com/google/errorprone/error_prone_annotations/2.2.0/error_prone_annotations-2.2.0.jar:/home/runner/.m2/repository/com/google/j2objc/j2objc-annotations/1.3/j2objc-annotations-1.3.jar:/home/runner/.m2/repository/commons-io/commons-io/2.11.0/commons-io-2.11.0.jar:/home/runner/.m2/repository/commons-logging/commons-logging/1.2/commons-logging-1.2.jar:/home/runner/.m2/repository/log4j/log4j/1.2.17/log4j-1.2.17.jar:/home/runner/.m2/repository/org/slf4j/slf4j-api/1.7.30/slf4j-api-1.7.30.jar:/home/runner/.m2/repository/org/apache/ozone/hdds-server-scm/1.3.0-SNAPSHOT/hdds-server-scm-1.3.0-SNAPSHOT.jar:/home/runner/.m2/repository/org/apache/ozone/hdds-container-service/1.3.0-SNAPSHOT/hdds-container-service-1.3.0-SNAPSHOT.jar:/home/runner/.m2/repository/org/apache/ozone/hdds-hadoop-dependency-server/1.3.0-SNAPSHOT/hdds-hadoop-dependency-server-1.3.0-SNAPSHOT.jar:/home/runner/.m2/repository/org/apache/hadoop/hadoop-hdfs/3.3.1/hadoop-hdfs-3.3.1.jar:/home/runner/.m2/repository/org/apache/ozone/hdds-server-framework/1.3.0-SNAPSHOT/hdds-server-framework-1.3.0-SNAPSHOT.jar:/home/runner/.m2/repository/org/apache/ozone/hdds-interface-server/1.3.0-SNAPSHOT/hdds-interface-server-1.3.0-SNAPSHOT.jar:/home/runner/.m2/repository/org/eclipse/jetty/jetty-servlet/9.4.43.v20210629/jetty-servlet-9.4.43.v20210629.jar:/home/runner/.m2/repository/org/eclipse/jetty/jetty-security/9.4.43.v20210629/jetty-security-9.4.43.v20210629.jar:/home/runner/.m2/repository/org/rocksdb/rocksdbjni/6.25.3/rocksdbjni-6.25.3.jar:/home/runner/.m2/repository/io/prometheus/simpleclient_dropwizard/0.7.0/simpleclient_dropwizard-0.7.0.jar:/home/runner/.m2/repository/io/prometheus/simpleclient/0.7.0/simpleclient-0.7.0.jar:/home/runner/.m2/repository/io/prometheus/simpleclient_common/0.7.0/simpleclient_common-0.7.0.jar:/home/runner/.m2/repository/com/fasterxml/jackson/datatype/jackson-datatype-jsr310/2.12.1/jackson-datatype-jsr310-2.12.1.jar:/home/runner/.m2/repository/io/dropwizard/metrics/metrics-core/3.2.4/metrics-core-3.2.4.jar:/home/runner/.m2/repository/org/apache/hadoop/hadoop-hdfs-client/3.3.1/hadoop-hdfs-client-3.3.1.jar:/home/runner/.m2/repository/org/bouncycastle/bcprov-jdk15on/1.67/bcprov-jdk15on-1.67.jar:/home/runner/.m2/repository/com/google/protobuf/protobuf-java/2.5.0/protobuf-java-2.5.0.jar:/home/runner/.m2/repository/org/apache/ozone/ozone-manager/1.3.0-SNAPSHOT/ozone-manager-1.3.0-SNAPSHOT.jar:/home/runner/.m2/repository/org/aspectj/aspectjrt/1.9.7/aspectjrt-1.9.7.jar:/home/runner/.m2/repository/org/aspectj/aspectjweaver/1.9.7/aspectjweaver-1.9.7.jar:/home/runner/.m2/repository/org/apache/ozone/hdds-interface-client/1.3.0-SNAPSHOT/hdds-interface-client-1.3.0-SNAPSHOT.jar:/home/runner/.m2/repository/org/apache/hadoop/thirdparty/hadoop-shaded-protobuf_3_7/1.1.1/hadoop-shaded-protobuf_3_7-1.1.1.jar:/home/runner/.m2/repository/org/apache/ozone/ozone-interface-storage/1.3.0-SNAPSHOT/ozone-interface-storage-1.3.0-SNAPSHOT.jar:/home/runner/.m2/repository/org/reflections/reflections/0.9.11/reflections-0.9.11.jar:/home/runner/.m2/repository/org/apache/hadoop/hadoop-minikdc/3.3.1/hadoop-minikdc-3.3.1.jar:/home/runner/.m2/repository/org/apache/kerby/kerb-simplekdc/1.0.1/kerb-simplekdc-1.0.1.jar:/home/runner/.m2/repository/org/apache/kerby/kerb-client/1.0.1/kerb-client-1.0.1.jar:/home/runner/.m2/repository/org/apache/kerby/kerby-config/1.0.1/kerby-config-1.0.1.jar:/home/runner/.m2/repository/org/apache/kerby/kerb-common/1.0.1/kerb-common-1.0.1.jar:/home/runner/.m2/repository/org/apache/kerby/kerb-crypto/1.0.1/kerb-crypto-1.0.1.jar:/home/runner/.m2/repository/org/apache/kerby/kerb-util/1.0.1/kerb-util-1.0.1.jar:/home/runner/.m2/repository/org/apache/kerby/token-provider/1.0.1/token-provider-1.0.1.jar:/home/runner/.m2/repository/org/apache/kerby/kerb-admin/1.0.1/kerb-admin-1.0.1.jar:/home/runner/.m2/repository/org/apache/kerby/kerb-server/1.0.1/kerb-server-1.0.1.jar:/home/runner/.m2/repository/org/apache/kerby/kerb-identity/1.0.1/kerb-identity-1.0.1.jar:/home/runner/.m2/repository/org/apache/kerby/kerby-xdr/1.0.1/kerby-xdr-1.0.1.jar:/home/runner/.m2/repository/org/slf4j/slf4j-log4j12/1.7.30/slf4j-log4j12-1.7.30.jar:/home/runner/.m2/repository/org/apache/ozone/ozone-s3gateway/1.3.0-SNAPSHOT/ozone-s3gateway-1.3.0-SNAPSHOT.jar:/home/runner/.m2/repository/org/javassist/javassist/3.21.0-GA/javassist-3.21.0-GA.jar:/home/runner/.m2/repository/org/jboss/weld/servlet/weld-servlet/2.4.7.Final/weld-servlet-2.4.7.Final.jar:/home/runner/.m2/repository/org/glassfish/jersey/containers/jersey-container-servlet-core/2.33/jersey-container-servlet-core-2.33.jar:/home/runner/.m2/repository/org/glassfish/hk2/external/jakarta.inject/2.6.1/jakarta.inject-2.6.1.jar:/home/runner/.m2/repository/org/glassfish/jersey/core/jersey-common/2.33/jersey-common-2.33.jar:/home/runner/.m2/repository/jakarta/ws/rs/jakarta.ws.rs-api/2.1.6/jakarta.ws.rs-api-2.1.6.jar:/home/runner/.m2/repository/org/glassfish/jersey/ext/cdi/jersey-cdi1x/2.33/jersey-cdi1x-2.33.jar:/home/runner/.m2/repository/org/glassfish/jersey/inject/jersey-hk2/2.33/jersey-hk2-2.33.jar:/home/runner/.m2/repository/org/glassfish/hk2/hk2-locator/2.6.1/hk2-locator-2.6.1.jar:/home/runner/.m2/repository/org/glassfish/jersey/media/jersey-media-jaxb/2.33/jersey-media-jaxb-2.33.jar:/home/runner/.m2/repository/org/glassfish/hk2/osgi-resource-locator/1.0.3/osgi-resource-locator-1.0.3.jar:/home/runner/.m2/repository/org/glassfish/hk2/hk2-api/2.5.0/hk2-api-2.5.0.jar:/home/runner/.m2/repository/org/glassfish/hk2/hk2-utils/2.5.0/hk2-utils-2.5.0.jar:/home/runner/.m2/repository/org/glassfish/hk2/external/aopalliance-repackaged/2.5.0/aopalliance-repackaged-2.5.0.jar:/home/runner/.m2/repository/com/fasterxml/jackson/dataformat/jackson-dataformat-xml/2.12.1/jackson-dataformat-xml-2.12.1.jar:/home/runner/.m2/repository/com/fasterxml/jackson/core/jackson-core/2.12.1/jackson-core-2.12.1.jar:/home/runner/.m2/repository/com/fasterxml/jackson/module/jackson-module-jaxb-annotations/2.12.1/jackson-module-jaxb-annotations-2.12.1.jar:/home/runner/.m2/repository/jakarta/xml/bind/jakarta.xml.bind-api/2.3.2/jakarta.xml.bind-api-2.3.2.jar:/home/runner/.m2/repository/org/codehaus/woodstox/stax2-api/3.1.4/stax2-api-3.1.4.jar:/home/runner/.m2/repository/com/fasterxml/woodstox/woodstox-core/5.0.3/woodstox-core-5.0.3.jar:/home/runner/.m2/repository/javax/enterprise/cdi-api/1.2/cdi-api-1.2.jar:/home/runner/.m2/repository/javax/el/javax.el-api/3.0.0/javax.el-api-3.0.0.jar:/home/runner/.m2/repository/javax/interceptor/javax.interceptor-api/1.2/javax.interceptor-api-1.2.jar:/home/runner/.m2/repository/javax/inject/javax.inject/1/javax.inject-1.jar:/home/runner/.m2/repository/javax/xml/bind/jaxb-api/2.3.0/jaxb-api-2.3.0.jar:/home/runner/.m2/repository/org/glassfish/jaxb/jaxb-runtime/2.3.0.1/jaxb-runtime-2.3.0.1.jar:/home/runner/.m2/repository/org/glassfish/jaxb/jaxb-core/2.3.0.1/jaxb-core-2.3.0.1.jar:/home/runner/.m2/repository/org/glassfish/jaxb/txw2/2.3.0.1/txw2-2.3.0.1.jar:/home/runner/.m2/repository/com/sun/istack/istack-commons-runtime/3.0.5/istack-commons-runtime-3.0.5.jar:/home/runner/.m2/repository/org/jvnet/staxex/stax-ex/1.7.8/stax-ex-1.7.8.jar:/home/runner/.m2/repository/com/sun/xml/fastinfoset/FastInfoset/1.2.13/FastInfoset-1.2.13.jar:/home/runner/.m2/repository/javax/activation/activation/1.1.1/activation-1.1.1.jar:/home/runner/.m2/repository/org/apache/ozone/ozone-csi/1.3.0-SNAPSHOT/ozone-csi-1.3.0-SNAPSHOT.jar:/home/runner/.m2/repository/com/google/protobuf/protobuf-java-util/3.12.0/protobuf-java-util-3.12.0.jar:/home/runner/.m2/repository/com/google/code/gson/gson/2.2.4/gson-2.2.4.jar:/home/runner/.m2/repository/org/apache/ozone/hdds-config/1.3.0-SNAPSHOT/hdds-config-1.3.0-SNAPSHOT.jar:/home/runner/.m2/repository/io/grpc/grpc-netty/1.33.0/grpc-netty-1.33.0.jar:/home/runner/.m2/repository/io/grpc/grpc-core/1.33.0/grpc-core-1.33.0.jar:/home/runner/.m2/repository/com/google/android/annotations/4.1.1.4/annotations-4.1.1.4.jar:/home/runner/.m2/repository/io/netty/netty-codec-http2/4.1.63.Final/netty-codec-http2-4.1.63.Final.jar:/home/runner/.m2/repository/io/netty/netty-codec-http/4.1.63.Final/netty-codec-http-4.1.63.Final.jar:/home/runner/.m2/repository/io/netty/netty-handler-proxy/4.1.63.Final/netty-handler-proxy-4.1.63.Final.jar:/home/runner/.m2/repository/io/netty/netty-codec-socks/4.1.63.Final/netty-codec-socks-4.1.63.Final.jar:/home/runner/.m2/repository/io/perfmark/perfmark-api/0.19.0/perfmark-api-0.19.0.jar:/home/runner/.m2/repository/org/codehaus/mojo/animal-sniffer-annotations/1.18/animal-sniffer-annotations-1.18.jar:/home/runner/.m2/repository/io/netty/netty-transport-native-epoll/4.1.63.Final/netty-transport-native-epoll-4.1.63.Final.jar:/home/runner/.m2/repository/io/netty/netty-common/4.1.63.Final/netty-common-4.1.63.Final.jar:/home/runner/.m2/repository/io/netty/netty-buffer/4.1.63.Final/netty-buffer-4.1.63.Final.jar:/home/runner/.m2/repository/io/netty/netty-transport-native-unix-common/4.1.63.Final/netty-transport-native-unix-common-4.1.63.Final.jar:/home/runner/.m2/repository/io/grpc/grpc-protobuf/1.33.0/grpc-protobuf-1.33.0.jar:/home/runner/.m2/repository/io/grpc/grpc-api/1.33.0/grpc-api-1.33.0.jar:/home/runner/.m2/repository/io/grpc/grpc-context/1.33.0/grpc-context-1.33.0.jar:/home/runner/.m2/repository/com/google/api/grpc/proto-google-common-protos/1.17.0/proto-google-common-protos-1.17.0.jar:/home/runner/.m2/repository/io/grpc/grpc-protobuf-lite/1.33.0/grpc-protobuf-lite-1.33.0.jar:/home/runner/.m2/repository/io/grpc/grpc-stub/1.33.0/grpc-stub-1.33.0.jar:/home/runner/.m2/repository/org/apache/ozone/ozone-recon/1.3.0-SNAPSHOT/ozone-recon-1.3.0-SNAPSHOT.jar:/home/runner/.m2/repository/org/apache/ozone/ozone-reconcodegen/1.3.0-SNAPSHOT/ozone-reconcodegen-1.3.0-SNAPSHOT.jar:/home/runner/.m2/repository/com/google/inject/extensions/guice-multibindings/4.0/guice-multibindings-4.0.jar:/home/runner/.m2/repository/com/google/inject/guice/4.0/guice-4.0.jar:/home/runner/.m2/repository/aopalliance/aopalliance/1.0/aopalliance-1.0.jar:/home/runner/.m2/repository/com/google/inject/extensions/guice-assistedinject/4.0/guice-assistedinject-4.0.jar:/home/runner/.m2/repository/com/google/inject/extensions/guice-servlet/4.0/guice-servlet-4.0.jar:/home/runner/.m2/repository/org/glassfish/jersey/containers/jersey-container-servlet/2.33/jersey-container-servlet-2.33.jar:/home/runner/.m2/repository/org/glassfish/hk2/guice-bridge/2.5.0/guice-bridge-2.5.0.jar:/home/runner/.m2/repository/org/glassfish/jersey/core/jersey-server/2.33/jersey-server-2.33.jar:/home/runner/.m2/repository/org/glassfish/jersey/core/jersey-client/2.33/jersey-client-2.33.jar:/home/runner/.m2/repository/jakarta/annotation/jakarta.annotation-api/1.3.5/jakarta.annotation-api-1.3.5.jar:/home/runner/.m2/repository/jakarta/validation/jakarta.validation-api/2.0.2/jakarta.validation-api-2.0.2.jar:/home/runner/.m2/repository/org/glassfish/jersey/media/jersey-media-json-jackson/2.33/jersey-media-json-jackson-2.33.jar:/home/runner/.m2/repository/org/glassfish/jersey/ext/jersey-entity-filtering/2.33/jersey-entity-filtering-2.33.jar:/home/runner/.m2/repository/org/jooq/jooq/3.11.10/jooq-3.11.10.jar:/home/runner/.m2/repository/org/jooq/jooq-meta/3.11.10/jooq-meta-3.11.10.jar:/home/runner/.m2/repository/org/jooq/jooq-codegen/3.11.10/jooq-codegen-3.11.10.jar:/home/runner/.m2/repository/com/jolbox/bonecp/0.8.0.RELEASE/bonecp-0.8.0.RELEASE.jar:/home/runner/.m2/repository/org/apache/derby/derby/10.14.2.0/derby-10.14.2.0.jar:/home/runner/.m2/repository/org/xerial/sqlite-jdbc/3.25.2/sqlite-jdbc-3.25.2.jar:/home/runner/.m2/repository/org/springframework/spring-jdbc/5.2.18.RELEASE/spring-jdbc-5.2.18.RELEASE.jar:/home/runner/.m2/repository/org/springframework/spring-beans/5.2.18.RELEASE/spring-beans-5.2.18.RELEASE.jar:/home/runner/.m2/repository/org/springframework/spring-core/5.2.18.RELEASE/spring-core-5.2.18.RELEASE.jar:/home/runner/.m2/repository/org/springframework/spring-jcl/5.2.18.RELEASE/spring-jcl-5.2.18.RELEASE.jar:/home/runner/.m2/repository/org/springframework/spring-tx/5.2.18.RELEASE/spring-tx-5.2.18.RELEASE.jar:/home/runner/.m2/repository/org/apache/ozone/ozone-client/1.3.0-SNAPSHOT/ozone-client-1.3.0-SNAPSHOT.jar:/home/runner/.m2/repository/org/apache/ozone/ozone-filesystem/1.3.0-SNAPSHOT/ozone-filesystem-1.3.0-SNAPSHOT.jar:/home/runner/.m2/repository/org/apache/ozone/ozone-filesystem-common/1.3.0-SNAPSHOT/ozone-filesystem-common-1.3.0-SNAPSHOT.jar:/home/runner/.m2/repository/org/apache/ozone/ozone-tools/1.3.0-SNAPSHOT/ozone-tools-1.3.0-SNAPSHOT.jar:/home/runner/.m2/repository/org/apache/ratis/ratis-tools/2.2.0/ratis-tools-2.2.0.jar:/home/runner/.m2/repository/com/amazonaws/aws-java-sdk-core/1.12.124/aws-java-sdk-core-1.12.124.jar:/home/runner/.m2/repository/org/apache/httpcomponents/httpclient/4.5.13/httpclient-4.5.13.jar:/home/runner/.m2/repository/org/apache/httpcomponents/httpcore/4.4.13/httpcore-4.4.13.jar:/home/runner/.m2/repository/software/amazon/ion/ion-java/1.0.2/ion-java-1.0.2.jar:/home/runner/.m2/repository/com/fasterxml/jackson/dataformat/jackson-dataformat-cbor/2.12.1/jackson-dataformat-cbor-2.12.1.jar:/home/runner/.m2/repository/joda-time/joda-time/2.8.1/joda-time-2.8.1.jar:/home/runner/.m2/repository/com/amazonaws/aws-java-sdk-s3/1.12.124/aws-java-sdk-s3-1.12.124.jar:/home/runner/.m2/repository/com/amazonaws/aws-java-sdk-kms/1.12.124/aws-java-sdk-kms-1.12.124.jar:/home/runner/.m2/repository/com/amazonaws/jmespath-java/1.12.124/jmespath-java-1.12.124.jar:/home/runner/.m2/repository/org/kohsuke/metainf-services/metainf-services/1.8/metainf-services-1.8.jar:/home/runner/.m2/repository/org/apache/ozone/hdds-tools/1.3.0-SNAPSHOT/hdds-tools-1.3.0-SNAPSHOT.jar:/home/runner/.m2/repository/commons-cli/commons-cli/1.2/commons-cli-1.2.jar:/home/runner/.m2/repository/org/apache/commons/commons-lang3/3.7/commons-lang3-3.7.jar:/home/runner/.m2/repository/org/apache/ozone/ozone-manager/1.3.0-SNAPSHOT/ozone-manager-1.3.0-SNAPSHOT-tests.jar:/home/runner/.m2/repository/org/apache/ozone/hdds-common/1.3.0-SNAPSHOT/hdds-common-1.3.0-SNAPSHOT-tests.jar:/home/runner/.m2/repository/org/apache/ozone/hdds-hadoop-dependency-client/1.3.0-SNAPSHOT/hdds-hadoop-dependency-client-1.3.0-SNAPSHOT.jar:/home/runner/.m2/repository/info/picocli/picocli/4.6.1/picocli-4.6.1.jar:/home/runner/.m2/repository/com/fasterxml/jackson/core/jackson-annotations/2.12.1/jackson-annotations-2.12.1.jar:/home/runner/.m2/repository/javax/annotation/javax.annotation-api/1.2/javax.annotation-api-1.2.jar:/home/runner/.m2/repository/org/apache/ratis/ratis-server/2.2.0/ratis-server-2.2.0.jar:/home/runner/.m2/repository/org/apache/ratis/ratis-client/2.2.0/ratis-client-2.2.0.jar:/home/runner/.m2/repository/org/apache/ratis/ratis-server-api/2.2.0/ratis-server-api-2.2.0.jar:/home/runner/.m2/repository/org/apache/ratis/ratis-metrics/2.2.0/ratis-metrics-2.2.0.jar:/home/runner/.m2/repository/org/apache/ratis/ratis-netty/2.2.0/ratis-netty-2.2.0.jar:/home/runner/.m2/repository/org/apache/ratis/ratis-grpc/2.2.0/ratis-grpc-2.2.0.jar:/home/runner/.m2/repository/org/apache/logging/log4j/log4j-api/2.17.1/log4j-api-2.17.1.jar:/home/runner/.m2/repository/org/apache/logging/log4j/log4j-core/2.17.1/log4j-core-2.17.1.jar:/home/runner/.m2/repository/com/lmax/disruptor/3.4.2/disruptor-3.4.2.jar:/home/runner/.m2/repository/org/apache/commons/commons-pool2/2.6.0/commons-pool2-2.6.0.jar:/home/runner/.m2/repository/org/bouncycastle/bcpkix-jdk15on/1.67/bcpkix-jdk15on-1.67.jar:/home/runner/.m2/repository/commons-validator/commons-validator/1.6/commons-validator-1.6.jar:/home/runner/.m2/repository/commons-beanutils/commons-beanutils/1.9.4/commons-beanutils-1.9.4.jar:/home/runner/.m2/repository/commons-digester/commons-digester/1.8.1/commons-digester-1.8.1.jar:/home/runner/.m2/repository/commons-collections/commons-collections/3.2.2/commons-collections-3.2.2.jar:/home/runner/.m2/repository/io/jaegertracing/jaeger-client/1.6.0/jaeger-client-1.6.0.jar:/home/runner/.m2/repository/io/jaegertracing/jaeger-thrift/1.6.0/jaeger-thrift-1.6.0.jar:/home/runner/.m2/repository/org/apache/thrift/libthrift/0.14.1/libthrift-0.14.1.jar:/home/runner/.m2/repository/com/squareup/okhttp3/okhttp/4.9.0/okhttp-4.9.0.jar:/home/runner/.m2/repository/com/squareup/okio/okio/2.8.0/okio-2.8.0.jar:/home/runner/.m2/repository/io/jaegertracing/jaeger-core/1.6.0/jaeger-core-1.6.0.jar:/home/runner/.m2/repository/io/jaegertracing/jaeger-tracerresolver/1.6.0/jaeger-tracerresolver-1.6.0.jar:/home/runner/.m2/repository/io/opentracing/contrib/opentracing-tracerresolver/0.1.8/opentracing-tracerresolver-0.1.8.jar:/home/runner/.m2/repository/org/jetbrains/kotlin/kotlin-stdlib/1.4.31/kotlin-stdlib-1.4.31.jar:/home/runner/.m2/repository/org/jetbrains/kotlin/kotlin-stdlib-common/1.4.31/kotlin-stdlib-common-1.4.31.jar:/home/runner/.m2/repository/org/jetbrains/annotations/13.0/annotations-13.0.jar:/home/runner/.m2/repository/io/opentracing/opentracing-util/0.33.0/opentracing-util-0.33.0.jar:/home/runner/.m2/repository/io/opentracing/opentracing-api/0.33.0/opentracing-api-0.33.0.jar:/home/runner/.m2/repository/io/opentracing/opentracing-noop/0.33.0/opentracing-noop-0.33.0.jar:/home/runner/.m2/repository/org/yaml/snakeyaml/1.26/snakeyaml-1.26.jar:/home/runner/.m2/repository/org/apache/ozone/hdds-interface-admin/1.3.0-SNAPSHOT/hdds-interface-admin-1.3.0-SNAPSHOT.jar:/home/runner/.m2/repository/junit/junit/4.13.1/junit-4.13.1.jar:/home/runner/.m2/repository/org/hamcrest/hamcrest-core/1.3/hamcrest-core-1.3.jar:/home/runner/.m2/repository/org/junit/jupiter/junit-jupiter-api/5.7.0/junit-jupiter-api-5.7.0.jar:/home/runner/.m2/repository/org/apiguardian/apiguardian-api/1.1.0/apiguardian-api-1.1.0.jar:/home/runner/.m2/repository/org/opentest4j/opentest4j/1.2.0/opentest4j-1.2.0.jar:/home/runner/.m2/repository/org/junit/platform/junit-platform-commons/1.7.0/junit-platform-commons-1.7.0.jar:/home/runner/.m2/repository/org/junit/jupiter/junit-jupiter-engine/5.7.0/junit-jupiter-engine-5.7.0.jar:/home/runner/.m2/repository/org/junit/platform/junit-platform-engine/1.7.0/junit-platform-engine-1.7.0.jar:/home/runner/.m2/repository/org/junit/vintage/junit-vintage-engine/5.7.0/junit-vintage-engine-5.7.0.jar:/home/runner/.m2/repository/org/junit/platform/junit-platform-launcher/1.7.0/junit-platform-launcher-1.7.0.jar:/home/runner/.m2/repository/org/mockito/mockito-core/2.28.2/mockito-core-2.28.2.jar:/home/runner/.m2/repository/net/bytebuddy/byte-buddy/1.9.10/byte-buddy-1.9.10.jar:/home/runner/.m2/repository/net/bytebuddy/byte-buddy-agent/1.9.10/byte-buddy-agent-1.9.10.jar:/home/runner/.m2/repository/org/objenesis/objenesis/1.0/objenesis-1.0.jar:/home/runner/.m2/repository/org/apache/hadoop/hadoop-kms/3.3.1/hadoop-kms-3.3.1.jar:/home/runner/.m2/repository/org/apache/hadoop/hadoop-auth/3.3.1/hadoop-auth-3.3.1.jar:/home/runner/.m2/repository/com/nimbusds/nimbus-jose-jwt/7.9/nimbus-jose-jwt-7.9.jar:/home/runner/.m2/repository/com/github/stephenc/jcip/jcip-annotations/1.0-1/jcip-annotations-1.0-1.jar:/home/runner/.m2/repository/net/minidev/json-smart/2.4.7/json-smart-2.4.7.jar:/home/runner/.m2/repository/net/minidev/accessors-smart/2.4.7/accessors-smart-2.4.7.jar:/home/runner/.m2/repository/org/ow2/asm/asm/5.0.4/asm-5.0.4.jar:/home/runner/.m2/repository/org/apache/zookeeper/zookeeper/3.5.6/zookeeper-3.5.6.jar:/home/runner/.m2/repository/org/apache/zookeeper/zookeeper-jute/3.5.6/zookeeper-jute-3.5.6.jar:/home/runner/.m2/repository/org/apache/yetus/audience-annotations/0.5.0/audience-annotations-0.5.0.jar:/home/runner/.m2/repository/org/apache/curator/curator-framework/4.2.0/curator-framework-4.2.0.jar:/home/runner/.m2/repository/org/apache/hadoop/thirdparty/hadoop-shaded-guava/1.1.1/hadoop-shaded-guava-1.1.1.jar:/home/runner/.m2/repository/com/sun/jersey/jersey-core/1.19/jersey-core-1.19.jar:/home/runner/.m2/repository/javax/ws/rs/jsr311-api/1.1.1/jsr311-api-1.1.1.jar:/home/runner/.m2/repository/com/sun/jersey/jersey-server/1.19/jersey-server-1.19.jar:/home/runner/.m2/repository/javax/servlet/javax.servlet-api/3.1.0/javax.servlet-api-3.1.0.jar:/home/runner/.m2/repository/org/eclipse/jetty/jetty-server/9.4.43.v20210629/jetty-server-9.4.43.v20210629.jar:/home/runner/.m2/repository/org/eclipse/jetty/jetty-http/9.4.43.v20210629/jetty-http-9.4.43.v20210629.jar:/home/runner/.m2/repository/org/eclipse/jetty/jetty-io/9.4.43.v20210629/jetty-io-9.4.43.v20210629.jar:/home/runner/.m2/repository/org/eclipse/jetty/jetty-webapp/9.4.43.v20210629/jetty-webapp-9.4.43.v20210629.jar:/home/runner/.m2/repository/org/eclipse/jetty/jetty-xml/9.4.43.v20210629/jetty-xml-9.4.43.v20210629.jar:/home/runner/.m2/repository/org/apache/hadoop/hadoop-common/3.3.1/hadoop-common-3.3.1.jar:/home/runner/.m2/repository/org/apache/commons/commons-math3/3.1.1/commons-math3-3.1.1.jar:/home/runner/.m2/repository/commons-net/commons-net/3.6/commons-net-3.6.jar:/home/runner/.m2/repository/jakarta/activation/jakarta.activation-api/1.2.1/jakarta.activation-api-1.2.1.jar:/home/runner/.m2/repository/com/sun/jersey/jersey-servlet/1.19/jersey-servlet-1.19.jar:/home/runner/.m2/repository/com/sun/jersey/jersey-json/1.19/jersey-json-1.19.jar:/home/runner/.m2/repository/org/codehaus/jettison/jettison/1.1/jettison-1.1.jar:/home/runner/.m2/repository/com/sun/xml/bind/jaxb-impl/2.2.3-1/jaxb-impl-2.2.3-1.jar:/home/runner/.m2/repository/org/codehaus/jackson/jackson-jaxrs/1.9.2/jackson-jaxrs-1.9.2.jar:/home/runner/.m2/repository/org/codehaus/jackson/jackson-xc/1.9.2/jackson-xc-1.9.2.jar:/home/runner/.m2/repository/org/apache/commons/commons-configuration2/2.1.1/commons-configuration2-2.1.1.jar:/home/runner/.m2/repository/org/apache/commons/commons-text/1.4/commons-text-1.4.jar:/home/runner/.m2/repository/com/google/re2j/re2j/1.1/re2j-1.1.jar:/home/runner/.m2/repository/com/jcraft/jsch/0.1.54/jsch-0.1.54.jar:/home/runner/.m2/repository/org/apache/curator/curator-client/4.2.0/curator-client-4.2.0.jar:/home/runner/.m2/repository/org/apache/curator/curator-recipes/4.2.0/curator-recipes-4.2.0.jar:/home/runner/.m2/repository/org/apache/kerby/kerb-core/1.0.1/kerb-core-1.0.1.jar:/home/runner/.m2/repository/org/apache/kerby/kerby-pkix/1.0.1/kerby-pkix-1.0.1.jar:/home/runner/.m2/repository/org/apache/kerby/kerby-asn1/1.0.1/kerby-asn1-1.0.1.jar:/home/runner/.m2/repository/org/apache/kerby/kerby-util/1.0.1/kerby-util-1.0.1.jar:/home/runner/.m2/repository/dnsjava/dnsjava/2.1.7/dnsjava-2.1.7.jar:/home/runner/.m2/repository/org/xerial/snappy/snappy-java/1.1.8.2/snappy-java-1.1.8.2.jar:/home/runner/.m2/repository/org/slf4j/jul-to-slf4j/1.7.30/jul-to-slf4j-1.7.30.jar:/home/runner/.m2/repository/org/eclipse/jetty/jetty-util/9.4.43.v20210629/jetty-util-9.4.43.v20210629.jar:/home/runner/.m2/repository/com/fasterxml/jackson/core/jackson-databind/2.12.1/jackson-databind-2.12.1.jar:/home/runner/.m2/repository/org/apache/hadoop/hadoop-kms/3.3.1/hadoop-kms-3.3.1-tests.jar:/home/runner/.m2/repository/org/apache/ozone/hdds-server-scm/1.3.0-SNAPSHOT/hdds-server-scm-1.3.0-SNAPSHOT-tests.jar:/home/runner/.m2/repository/org/apache/ozone/hdds-container-service/1.3.0-SNAPSHOT/hdds-container-service-1.3.0-SNAPSHOT-tests.jar:/home/runner/.m2/repository/commons-codec/commons-codec/1.11/commons-codec-1.11.jar:/home/runner/.m2/repository/io/netty/netty-transport/4.1.63.Final/netty-transport-4.1.63.Final.jar:/home/runner/.m2/repository/io/netty/netty-resolver/4.1.63.Final/netty-resolver-4.1.63.Final.jar:/home/runner/.m2/repository/io/netty/netty-codec/4.1.63.Final/netty-codec-4.1.63.Final.jar:/home/runner/.m2/repository/io/netty/netty-handler/4.1.63.Final/netty-handler-4.1.63.Final.jar:/home/runner/.m2/repository/org/apache/ozone/hdds-hadoop-dependency-test/1.3.0-SNAPSHOT/hdds-hadoop-dependency-test-1.3.0-SNAPSHOT.jar:/home/runner/.m2/repository/org/apache/hadoop/hadoop-common/3.3.1/hadoop-common-3.3.1-tests.jar:/home/runner/.m2/repository/org/assertj/assertj-core/3.12.2/assertj-core-3.12.2.jar:/home/runner/.m2/repository/org/apache/hadoop/hadoop-hdfs/3.3.1/hadoop-hdfs-3.3.1-tests.jar:/home/runner/.m2/repository/org/eclipse/jetty/jetty-util-ajax/9.4.43.v20210629/jetty-util-ajax-9.4.43.v20210629.jar:/home/runner/.m2/repository/commons-daemon/commons-daemon/1.0.13/commons-daemon-1.0.13.jar:/home/runner/.m2/repository/io/netty/netty/3.10.6.Final/netty-3.10.6.Final.jar:/home/runner/.m2/repository/io/netty/netty-all/4.1.63.Final/netty-all-4.1.63.Final.jar:/home/runner/.m2/repository/org/apache/htrace/htrace-core4/4.1.0-incubating/htrace-core4-4.1.0-incubating.jar:/home/runner/.m2/repository/org/fusesource/leveldbjni/leveldbjni-all/1.8/leveldbjni-all-1.8.jar:/home/runner/.m2/repository/org/apache/hadoop/hadoop-distcp/3.3.1/hadoop-distcp-3.3.1.jar:/home/runner/.m2/repository/org/apache/hadoop/hadoop-mapreduce-client-jobclient/3.3.1/hadoop-mapreduce-client-jobclient-3.3.1.jar:/home/runner/.m2/repository/org/apache/hadoop/hadoop-mapreduce-client-common/3.3.1/hadoop-mapreduce-client-common-3.3.1.jar:/home/runner/.m2/repository/org/apache/hadoop/hadoop-yarn-common/3.3.1/hadoop-yarn-common-3.3.1.jar:/home/runner/.m2/repository/org/apache/hadoop/hadoop-yarn-api/3.3.1/hadoop-yarn-api-3.3.1.jar:/home/runner/.m2/repository/com/sun/jersey/jersey-client/1.19/jersey-client-1.19.jar:/home/runner/.m2/repository/com/sun/jersey/contribs/jersey-guice/1.19/jersey-guice-1.19.jar:/home/runner/.m2/repository/com/fasterxml/jackson/jaxrs/jackson-jaxrs-json-provider/2.12.1/jackson-jaxrs-json-provider-2.12.1.jar:/home/runner/.m2/repository/com/fasterxml/jackson/jaxrs/jackson-jaxrs-base/2.12.1/jackson-jaxrs-base-2.12.1.jar:/home/runner/.m2/repository/org/apache/hadoop/hadoop-yarn-client/3.3.1/hadoop-yarn-client-3.3.1.jar:/home/runner/.m2/repository/org/eclipse/jetty/websocket/websocket-client/9.4.40.v20210413/websocket-client-9.4.40.v20210413.jar:/home/runner/.m2/repository/org/eclipse/jetty/jetty-client/9.4.40.v20210413/jetty-client-9.4.40.v20210413.jar:/home/runner/.m2/repository/org/eclipse/jetty/websocket/websocket-common/9.4.40.v20210413/websocket-common-9.4.40.v20210413.jar:/home/runner/.m2/repository/org/eclipse/jetty/websocket/websocket-api/9.4.40.v20210413/websocket-api-9.4.40.v20210413.jar:/home/runner/.m2/repository/org/jline/jline/3.9.0/jline-3.9.0.jar:/home/runner/.m2/repository/org/apache/hadoop/hadoop-mapreduce-client-core/3.3.1/hadoop-mapreduce-client-core-3.3.1.jar:/home/runner/.m2/repository/org/apache/avro/avro/1.7.7/avro-1.7.7.jar:/home/runner/.m2/repository/org/codehaus/jackson/jackson-core-asl/1.9.13/jackson-core-asl-1.9.13.jar:/home/runner/.m2/repository/org/codehaus/jackson/jackson-mapper-asl/1.9.13/jackson-mapper-asl-1.9.13.jar:/home/runner/.m2/repository/com/thoughtworks/paranamer/paranamer/2.3/paranamer-2.3.jar:/home/runner/.m2/repository/org/apache/hadoop/hadoop-annotations/3.3.1/hadoop-annotations-3.3.1.jar:/usr/lib/jvm/temurin-8-jdk-amd64/jre/../lib/tools.jar:/home/runner/.m2/repository/org/apache/hadoop/hadoop-distcp/3.3.1/hadoop-distcp-3.3.1-tests.jar:/home/runner/.m2/repository/org/apache/ratis/ratis-common/2.2.0/ratis-common-2.2.0.jar:/home/runner/.m2/repository/org/apache/ratis/ratis-thirdparty-misc/0.7.0/ratis-thirdparty-misc-0.7.0.jar:/home/runner/.m2/repository/org/apache/ratis/ratis-proto/2.2.0/ratis-proto-2.2.0.jar:"/>
    <property name="sun.cpu.endian" value="little"/>
    <property name="user.home" value="/home/runner"/>
    <property name="user.language" value="en"/>
    <property name="java.specification.vendor" value="Oracle Corporation"/>
    <property name="java.home" value="/usr/lib/jvm/temurin-8-jdk-amd64/jre"/>
    <property name="java.security.krb5.conf" value="/home/runner/work/ozone/ozone/hadoop-ozone/integration-test/target/test-classes/krb5.conf"/>
    <property name="basedir" value="/home/runner/work/ozone/ozone/hadoop-ozone/integration-test"/>
    <property name="file.separator" value="/"/>
    <property name="line.separator" value="&#10;"/>
    <property name="java.vm.specification.vendor" value="Oracle Corporation"/>
    <property name="java.specification.name" value="Java Platform API Specification"/>
    <property name="java.awt.graphicsenv" value="sun.awt.X11GraphicsEnvironment"/>
    <property name="skip.installnpx" value="true"/>
    <property name="surefire.real.class.path" value="/home/runner/work/ozone/ozone/hadoop-ozone/integration-test/target/surefire/surefirebooter7339909799047478308.jar:/home/runner/.m2/repository/org/jacoco/org.jacoco.agent/0.8.5/org.jacoco.agent-0.8.5-runtime.jar"/>
    <property name="hadoop.log.dir" value="/home/runner/work/ozone/ozone/hadoop-ozone/integration-test/target/log"/>
    <property name="sun.boot.class.path" value="/usr/lib/jvm/temurin-8-jdk-amd64/jre/lib/resources.jar:/usr/lib/jvm/temurin-8-jdk-amd64/jre/lib/rt.jar:/usr/lib/jvm/temurin-8-jdk-amd64/jre/lib/sunrsasign.jar:/usr/lib/jvm/temurin-8-jdk-amd64/jre/lib/jsse.jar:/usr/lib/jvm/temurin-8-jdk-amd64/jre/lib/jce.jar:/usr/lib/jvm/temurin-8-jdk-amd64/jre/lib/charsets.jar:/usr/lib/jvm/temurin-8-jdk-amd64/jre/lib/jfr.jar:/usr/lib/jvm/temurin-8-jdk-amd64/jre/classes"/>
    <property name="sun.management.compiler" value="HotSpot 64-Bit Tiered Compilers"/>
    <property name="skip.npx" value="true"/>
    <property name="java.runtime.version" value="1.8.0_322-b06"/>
    <property name="java.net.preferIPv4Stack" value="true"/>
    <property name="user.name" value="runner"/>
    <property name="path.separator" value=":"/>
    <property name="java.security.egd" value="file:///dev/urandom"/>
    <property name="os.version" value="5.4.0-1070-azure"/>
    <property name="java.endorsed.dirs" value="/usr/lib/jvm/temurin-8-jdk-amd64/jre/lib/endorsed"/>
    <property name="java.runtime.name" value="OpenJDK Runtime Environment"/>
    <property name="file.encoding" value="UTF-8"/>
    <property name="java.vm.name" value="OpenJDK 64-Bit Server VM"/>
    <property name="test.build.webapps" value=""/>
    <property name="localRepository" value="/home/runner/.m2/repository"/>
    <property name="java.vendor.url.bug" value="https://github.com/adoptium/adoptium-support/issues"/>
    <property name="java.io.tmpdir" value="/tmp"/>
    <property name="require.test.libhadoop" value=""/>
    <property name="java.version" value="1.8.0_322"/>
    <property name="user.dir" value="/home/runner/work/ozone/ozone/hadoop-ozone/integration-test"/>
    <property name="os.arch" value="amd64"/>
    <property name="java.vm.specification.name" value="Java Virtual Machine Specification"/>
    <property name="test.build.classes" value="/home/runner/work/ozone/ozone/hadoop-ozone/integration-test/target/test-classes"/>
    <property name="java.awt.printerjob" value="sun.print.PSPrinterJob"/>
    <property name="sun.os.patch.level" value="unknown"/>
    <property name="hadoop.tmp.dir" value="/home/runner/work/ozone/ozone/hadoop-ozone/integration-test/target/tmp"/>
    <property name="java.library.path" value="/usr/java/packages/lib/amd64:/usr/lib64:/lib64:/lib:/usr/lib"/>
    <property name="java.vm.info" value="mixed mode"/>
    <property name="java.vendor" value="Temurin"/>
    <property name="java.vm.version" value="25.322-b06"/>
    <property name="java.ext.dirs" value="/usr/lib/jvm/temurin-8-jdk-amd64/jre/lib/ext:/usr/java/packages/lib/ext"/>
    <property name="sun.io.unicode.encoding" value="UnicodeLittle"/>
    <property name="java.class.version" value="52.0"/>
  </properties>
  <testcase name="testNodeWithOpenPipelineCanBeDecommissionedAndRecommissioned" classname="org.apache.hadoop.ozone.scm.node.TestDecommissionAndMaintenance" time="48.464"/>
  <testcase name="testContainerIsReplicatedWhenAllNodesGotoMaintenance" classname="org.apache.hadoop.ozone.scm.node.TestDecommissionAndMaintenance" time="22.731"/>
  <testcase name="testMaintenanceEndsAutomaticallyAtTimeout" classname="org.apache.hadoop.ozone.scm.node.TestDecommissionAndMaintenance" time="100.027">
    <error message="Failed to obtain available cluster in time" type="java.io.IOException">java.io.IOException: Failed to obtain available cluster in time
	at org.apache.hadoop.ozone.MiniOzoneClusterProvider.provide(MiniOzoneClusterProvider.java:162)
	at org.apache.hadoop.ozone.scm.node.TestDecommissionAndMaintenance.setUp(TestDecommissionAndMaintenance.java:146)
	at sun.reflect.NativeMethodAccessorImpl.invoke0(Native Method)
	at sun.reflect.NativeMethodAccessorImpl.invoke(NativeMethodAccessorImpl.java:62)
	at sun.reflect.DelegatingMethodAccessorImpl.invoke(DelegatingMethodAccessorImpl.java:43)
	at java.lang.reflect.Method.invoke(Method.java:498)
	at org.junit.runners.model.FrameworkMethod$1.runReflectiveCall(FrameworkMethod.java:59)
	at org.junit.internal.runners.model.ReflectiveCallable.run(ReflectiveCallable.java:12)
	at org.junit.runners.model.FrameworkMethod.invokeExplosively(FrameworkMethod.java:56)
	at org.junit.internal.runners.statements.RunBefores.invokeMethod(RunBefores.java:33)
	at org.junit.internal.runners.statements.RunBefores.evaluate(RunBefores.java:24)
	at org.junit.internal.runners.statements.RunAfters.evaluate(RunAfters.java:27)
	at org.junit.runners.ParentRunner$3.evaluate(ParentRunner.java:306)
	at org.junit.runners.BlockJUnit4ClassRunner$1.evaluate(BlockJUnit4ClassRunner.java:100)
	at org.junit.runners.ParentRunner.runLeaf(ParentRunner.java:366)
	at org.junit.runners.BlockJUnit4ClassRunner.runChild(BlockJUnit4ClassRunner.java:103)
	at org.junit.runners.BlockJUnit4ClassRunner.runChild(BlockJUnit4ClassRunner.java:63)
	at org.junit.runners.ParentRunner$4.run(ParentRunner.java:331)
	at org.junit.runners.ParentRunner$1.schedule(ParentRunner.java:79)
	at org.junit.runners.ParentRunner.runChildren(ParentRunner.java:329)
	at org.junit.runners.ParentRunner.access$100(ParentRunner.java:66)
	at org.junit.runners.ParentRunner$2.evaluate(ParentRunner.java:293)
	at org.junit.internal.runners.statements.RunBefores.evaluate(RunBefores.java:26)
	at org.junit.internal.runners.statements.RunAfters.evaluate(RunAfters.java:27)
	at org.junit.runners.ParentRunner$3.evaluate(ParentRunner.java:306)
	at org.junit.runners.ParentRunner.run(ParentRunner.java:413)
	at org.junit.runner.JUnitCore.run(JUnitCore.java:137)
	at org.junit.runner.JUnitCore.run(JUnitCore.java:115)
	at org.junit.vintage.engine.execution.RunnerExecutor.execute(RunnerExecutor.java:43)
	at java.util.stream.ForEachOps$ForEachOp$OfRef.accept(ForEachOps.java:183)
	at java.util.stream.ReferencePipeline$3$1.accept(ReferencePipeline.java:193)
	at java.util.Iterator.forEachRemaining(Iterator.java:116)
	at java.util.Spliterators$IteratorSpliterator.forEachRemaining(Spliterators.java:1801)
	at java.util.stream.AbstractPipeline.copyInto(AbstractPipeline.java:482)
	at java.util.stream.AbstractPipeline.wrapAndCopyInto(AbstractPipeline.java:472)
	at java.util.stream.ForEachOps$ForEachOp.evaluateSequential(ForEachOps.java:150)
	at java.util.stream.ForEachOps$ForEachOp$OfRef.evaluateSequential(ForEachOps.java:173)
	at java.util.stream.AbstractPipeline.evaluate(AbstractPipeline.java:234)
	at java.util.stream.ReferencePipeline.forEach(ReferencePipeline.java:485)
	at org.junit.vintage.engine.VintageTestEngine.executeAllChildren(VintageTestEngine.java:82)
	at org.junit.vintage.engine.VintageTestEngine.execute(VintageTestEngine.java:73)
	at org.junit.platform.launcher.core.EngineExecutionOrchestrator.execute(EngineExecutionOrchestrator.java:108)
	at org.junit.platform.launcher.core.EngineExecutionOrchestrator.execute(EngineExecutionOrchestrator.java:88)
	at org.junit.platform.launcher.core.EngineExecutionOrchestrator.lambda$execute$0(EngineExecutionOrchestrator.java:54)
	at org.junit.platform.launcher.core.EngineExecutionOrchestrator.withInterceptedStreams(EngineExecutionOrchestrator.java:67)
	at org.junit.platform.launcher.core.EngineExecutionOrchestrator.execute(EngineExecutionOrchestrator.java:52)
	at org.junit.platform.launcher.core.DefaultLauncher.execute(DefaultLauncher.java:96)
	at org.junit.platform.launcher.core.DefaultLauncher.execute(DefaultLauncher.java:75)
	at org.apache.maven.surefire.junitplatform.JUnitPlatformProvider.invokeAllTests(JUnitPlatformProvider.java:142)
	at org.apache.maven.surefire.junitplatform.JUnitPlatformProvider.invoke(JUnitPlatformProvider.java:113)
	at org.apache.maven.surefire.booter.ForkedBooter.invokeProviderInSameClassLoader(ForkedBooter.java:384)
	at org.apache.maven.surefire.booter.ForkedBooter.runSuitesInProcess(ForkedBooter.java:345)
	at org.apache.maven.surefire.booter.ForkedBooter.execute(ForkedBooter.java:126)
	at org.apache.maven.surefire.booter.ForkedBooter.main(ForkedBooter.java:418)
</error>
    <system-out><![CDATA[2022-03-04 14:00:54,244 [ReplicationMonitor] ERROR scm.SCMCommonPlacementPolicy (SCMCommonPlacementPolicy.java:chooseDatanodes(140)) - No healthy node found to allocate container.
2022-03-04 14:00:54,244 [ReplicationMonitor] WARN  container.ReplicationManager (ReplicationManager.java:handleUnderReplicatedContainer(1257)) - Exception while replicating container 1.
org.apache.hadoop.hdds.scm.exceptions.SCMException: No healthy node found to allocate container.
	at org.apache.hadoop.hdds.scm.SCMCommonPlacementPolicy.chooseDatanodes(SCMCommonPlacementPolicy.java:141)
	at org.apache.hadoop.hdds.scm.container.placement.algorithms.SCMContainerPlacementRandom.chooseDatanodes(SCMContainerPlacementRandom.java:78)
	at org.apache.hadoop.hdds.scm.container.ReplicationManager.handleUnderReplicatedContainer(ReplicationManager.java:1221)
	at org.apache.hadoop.hdds.scm.container.ReplicationManager.processContainer(ReplicationManager.java:559)
	at org.apache.hadoop.hdds.scm.container.ReplicationManager.processAll(ReplicationManager.java:383)
	at org.apache.hadoop.hdds.scm.container.ReplicationManager.run(ReplicationManager.java:403)
	at java.lang.Thread.run(Thread.java:750)
2022-03-04 14:00:54,245 [ReplicationMonitor] ERROR scm.SCMCommonPlacementPolicy (SCMCommonPlacementPolicy.java:chooseDatanodes(140)) - No healthy node found to allocate container.
2022-03-04 14:00:54,245 [ReplicationMonitor] WARN  container.ReplicationManager (ReplicationManager.java:handleUnderReplicatedContainer(1257)) - Exception while replicating container 2.
org.apache.hadoop.hdds.scm.exceptions.SCMException: No healthy node found to allocate container.
	at org.apache.hadoop.hdds.scm.SCMCommonPlacementPolicy.chooseDatanodes(SCMCommonPlacementPolicy.java:141)
	at org.apache.hadoop.hdds.scm.container.placement.algorithms.SCMContainerPlacementRandom.chooseDatanodes(SCMContainerPlacementRandom.java:78)
	at org.apache.hadoop.hdds.scm.container.ReplicationManager.handleUnderReplicatedContainer(ReplicationManager.java:1221)
	at org.apache.hadoop.hdds.scm.container.ReplicationManager.processContainer(ReplicationManager.java:559)
	at org.apache.hadoop.hdds.scm.container.ReplicationManager.processAll(ReplicationManager.java:383)
	at org.apache.hadoop.hdds.scm.container.ReplicationManager.run(ReplicationManager.java:403)
	at java.lang.Thread.run(Thread.java:750)
2022-03-04 14:00:54,250 [ReplicationMonitor] ERROR scm.SCMCommonPlacementPolicy (SCMCommonPlacementPolicy.java:chooseDatanodes(140)) - No healthy node found to allocate container.
2022-03-04 14:00:54,250 [ReplicationMonitor] WARN  container.ReplicationManager (ReplicationManager.java:handleUnderReplicatedContainer(1257)) - Exception while replicating container 3.
org.apache.hadoop.hdds.scm.exceptions.SCMException: No healthy node found to allocate container.
	at org.apache.hadoop.hdds.scm.SCMCommonPlacementPolicy.chooseDatanodes(SCMCommonPlacementPolicy.java:141)
	at org.apache.hadoop.hdds.scm.container.placement.algorithms.SCMContainerPlacementRandom.chooseDatanodes(SCMContainerPlacementRandom.java:78)
	at org.apache.hadoop.hdds.scm.container.ReplicationManager.handleUnderReplicatedContainer(ReplicationManager.java:1221)
	at org.apache.hadoop.hdds.scm.container.ReplicationManager.processContainer(ReplicationManager.java:559)
	at org.apache.hadoop.hdds.scm.container.ReplicationManager.processAll(ReplicationManager.java:383)
	at org.apache.hadoop.hdds.scm.container.ReplicationManager.run(ReplicationManager.java:403)
	at java.lang.Thread.run(Thread.java:750)
2022-03-04 14:00:54,250 [ReplicationMonitor] INFO  container.ReplicationManager (ReplicationManager.java:processAll(387)) - Replication Monitor Thread took 6 milliseconds for processing 3 containers.
2022-03-04 14:00:54,309 [EventQueue-StaleNodeForStaleNodeHandler] INFO  node.StaleNodeHandler (StaleNodeHandler.java:onMessage(58)) - Datanode 615efdbb-9acd-4bc2-a23b-1653daf4a1bb{ip: 10.1.0.50, host: fv-az294-754.eaanfquahm5ulb5tj050gcxych.jx.internal.cloudapp.net, ports: [REPLICATION=41983, RATIS=41065, RATIS_ADMIN=41065, RATIS_SERVER=41065, STANDALONE=36651], networkLocation: /default-rack, certSerialId: null, persistedOpState: IN_SERVICE, persistedOpStateExpiryEpochSec: 0} moved to stale state. Finalizing its pipelines [PipelineID=570b43eb-0bda-4f8e-911f-a2f4056c0ce5]
2022-03-04 14:00:54,309 [EventQueue-StaleNodeForStaleNodeHandler] INFO  pipeline.PipelineManagerImpl (PipelineManagerImpl.java:closePipeline(365)) - Pipeline Pipeline[ Id: 570b43eb-0bda-4f8e-911f-a2f4056c0ce5, Nodes: 615efdbb-9acd-4bc2-a23b-1653daf4a1bb{ip: 10.1.0.50, host: fv-az294-754.eaanfquahm5ulb5tj050gcxych.jx.internal.cloudapp.net, ports: [REPLICATION=41983, RATIS=41065, RATIS_ADMIN=41065, RATIS_SERVER=41065, STANDALONE=36651], networkLocation: /default-rack, certSerialId: null, persistedOpState: IN_SERVICE, persistedOpStateExpiryEpochSec: 0}, ReplicationConfig: RATIS/ONE, State:OPEN, leaderId:615efdbb-9acd-4bc2-a23b-1653daf4a1bb, CreationTimestamp2022-03-04T13:59:52.913Z[Etc/UTC]] moved to CLOSED state
2022-03-04 14:00:54,412 [ReplicationMonitor] INFO  container.ReplicationManager (ReplicationManager.java:processAll(387)) - Replication Monitor Thread took 1 milliseconds for processing 6 containers.
2022-03-04 14:00:55,250 [ReplicationMonitor] WARN  container.ReplicationManager (ReplicationManager.java:handleUnderReplicatedContainer(1253)) - Cannot replicate container #1, no healthy replica found.
2022-03-04 14:00:55,251 [ReplicationMonitor] WARN  container.ReplicationManager (ReplicationManager.java:handleUnderReplicatedContainer(1253)) - Cannot replicate container #2, no healthy replica found.
2022-03-04 14:00:55,251 [ReplicationMonitor] WARN  container.ReplicationManager (ReplicationManager.java:handleUnderReplicatedContainer(1253)) - Cannot replicate container #3, no healthy replica found.
2022-03-04 14:00:55,251 [ReplicationMonitor] INFO  container.ReplicationManager (ReplicationManager.java:processAll(387)) - Replication Monitor Thread took 1 milliseconds for processing 3 containers.
2022-03-04 14:00:55,412 [ReplicationMonitor] INFO  container.ReplicationManager (ReplicationManager.java:processAll(387)) - Replication Monitor Thread took 0 milliseconds for processing 6 containers.
2022-03-04 14:00:56,251 [ReplicationMonitor] WARN  container.ReplicationManager (ReplicationManager.java:handleUnderReplicatedContainer(1253)) - Cannot replicate container #1, no healthy replica found.
2022-03-04 14:00:56,251 [ReplicationMonitor] WARN  container.ReplicationManager (ReplicationManager.java:handleUnderReplicatedContainer(1253)) - Cannot replicate container #2, no healthy replica found.
2022-03-04 14:00:56,251 [ReplicationMonitor] WARN  container.ReplicationManager (ReplicationManager.java:handleUnderReplicatedContainer(1253)) - Cannot replicate container #3, no healthy replica found.
2022-03-04 14:00:56,251 [ReplicationMonitor] INFO  container.ReplicationManager (ReplicationManager.java:processAll(387)) - Replication Monitor Thread took 0 milliseconds for processing 3 containers.
2022-03-04 14:00:56,413 [ReplicationMonitor] INFO  container.ReplicationManager (ReplicationManager.java:processAll(387)) - Replication Monitor Thread took 0 milliseconds for processing 6 containers.
2022-03-04 14:00:56,437 [ForkJoinPool.commonPool-worker-1] INFO  ozoneimpl.OzoneContainer (OzoneContainer.java:stop(356)) - Attempting to stop container services.
2022-03-04 14:00:56,438 [ForkJoinPool.commonPool-worker-1] INFO  server.RaftServer (RaftServerProxy.java:lambda$close$6(391)) - 01f703ab-a7a8-41cf-955f-67c72132c898: close
2022-03-04 14:00:56,438 [ForkJoinPool.commonPool-worker-1] INFO  server.RaftServer$Division (RaftServerImpl.java:lambda$close$4(412)) - 01f703ab-a7a8-41cf-955f-67c72132c898@group-BE205AD37194: shutdown
2022-03-04 14:00:56,438 [ForkJoinPool.commonPool-worker-1] INFO  util.JmxRegister (JmxRegister.java:unregister(73)) - Successfully un-registered JMX Bean with object name Ratis:service=RaftServer,group=group-BE205AD37194,id=01f703ab-a7a8-41cf-955f-67c72132c898
2022-03-04 14:00:56,438 [ForkJoinPool.commonPool-worker-1] INFO  impl.RoleInfo (RoleInfo.java:shutdownLeaderState(91)) - 01f703ab-a7a8-41cf-955f-67c72132c898: shutdown 01f703ab-a7a8-41cf-955f-67c72132c898@group-BE205AD37194-LeaderStateImpl
2022-03-04 14:00:56,439 [ForkJoinPool.commonPool-worker-1] INFO  impl.PendingRequests (PendingRequests.java:sendNotLeaderResponses(282)) - 01f703ab-a7a8-41cf-955f-67c72132c898@group-BE205AD37194-PendingRequests: sendNotLeaderResponses
2022-03-04 14:00:56,439 [ForkJoinPool.commonPool-worker-1] INFO  impl.StateMachineUpdater (StateMachineUpdater.java:stopAndJoin(149)) - 01f703ab-a7a8-41cf-955f-67c72132c898@group-BE205AD37194-StateMachineUpdater: set stopIndex = 0
2022-03-04 14:00:56,440 [01f703ab-a7a8-41cf-955f-67c72132c898@group-BE205AD37194-StateMachineUpdater] INFO  ratis.ContainerStateMachine (ContainerStateMachine.java:takeSnapshot(304)) - group-BE205AD37194: Taking a snapshot at:(t:1, i:0) file /home/runner/work/ozone/ozone/hadoop-ozone/integration-test/target/test-dir/MiniOzoneClusterImpl-a322c22c-ba9f-40fd-b265-a08e797f72d9/datanode-0/data/ratis/7d172c2c-8764-439b-a952-be205ad37194/sm/snapshot.1_0
2022-03-04 14:00:56,441 [Mini-Cluster-Provider-Reap] INFO  ozoneimpl.OzoneContainer (OzoneContainer.java:stop(356)) - Attempting to stop container services.
2022-03-04 14:00:56,441 [Mini-Cluster-Provider-Reap] INFO  server.RaftServer (RaftServerProxy.java:lambda$close$6(391)) - 615efdbb-9acd-4bc2-a23b-1653daf4a1bb: close
2022-03-04 14:00:56,441 [Mini-Cluster-Provider-Reap] INFO  server.RaftServer$Division (RaftServerImpl.java:lambda$close$4(412)) - 615efdbb-9acd-4bc2-a23b-1653daf4a1bb@group-A2F4056C0CE5: shutdown
2022-03-04 14:00:56,441 [Mini-Cluster-Provider-Reap] INFO  util.JmxRegister (JmxRegister.java:unregister(73)) - Successfully un-registered JMX Bean with object name Ratis:service=RaftServer,group=group-A2F4056C0CE5,id=615efdbb-9acd-4bc2-a23b-1653daf4a1bb
2022-03-04 14:00:56,442 [Mini-Cluster-Provider-Reap] INFO  impl.RoleInfo (RoleInfo.java:shutdownLeaderState(91)) - 615efdbb-9acd-4bc2-a23b-1653daf4a1bb: shutdown 615efdbb-9acd-4bc2-a23b-1653daf4a1bb@group-A2F4056C0CE5-LeaderStateImpl
2022-03-04 14:00:56,442 [Mini-Cluster-Provider-Reap] INFO  impl.PendingRequests (PendingRequests.java:sendNotLeaderResponses(282)) - 615efdbb-9acd-4bc2-a23b-1653daf4a1bb@group-A2F4056C0CE5-PendingRequests: sendNotLeaderResponses
2022-03-04 14:00:56,442 [Mini-Cluster-Provider-Reap] INFO  impl.StateMachineUpdater (StateMachineUpdater.java:stopAndJoin(149)) - 615efdbb-9acd-4bc2-a23b-1653daf4a1bb@group-A2F4056C0CE5-StateMachineUpdater: set stopIndex = 0
2022-03-04 14:00:56,442 [615efdbb-9acd-4bc2-a23b-1653daf4a1bb@group-A2F4056C0CE5-StateMachineUpdater] INFO  ratis.ContainerStateMachine (ContainerStateMachine.java:takeSnapshot(304)) - group-A2F4056C0CE5: Taking a snapshot at:(t:1, i:0) file /home/runner/work/ozone/ozone/hadoop-ozone/integration-test/target/test-dir/MiniOzoneClusterImpl-a322c22c-ba9f-40fd-b265-a08e797f72d9/datanode-4/data/ratis/570b43eb-0bda-4f8e-911f-a2f4056c0ce5/sm/snapshot.1_0
2022-03-04 14:00:56,442 [01f703ab-a7a8-41cf-955f-67c72132c898@group-BE205AD37194-StateMachineUpdater] INFO  ratis.ContainerStateMachine (ContainerStateMachine.java:takeSnapshot(315)) - group-BE205AD37194: Finished taking a snapshot at:(t:1, i:0) file:/home/runner/work/ozone/ozone/hadoop-ozone/integration-test/target/test-dir/MiniOzoneClusterImpl-a322c22c-ba9f-40fd-b265-a08e797f72d9/datanode-0/data/ratis/7d172c2c-8764-439b-a952-be205ad37194/sm/snapshot.1_0 took: 3 ms
2022-03-04 14:00:56,443 [01f703ab-a7a8-41cf-955f-67c72132c898@group-BE205AD37194-StateMachineUpdater] INFO  impl.StateMachineUpdater (StateMachineUpdater.java:takeSnapshot(281)) - 01f703ab-a7a8-41cf-955f-67c72132c898@group-BE205AD37194-StateMachineUpdater: Took a snapshot at index 0
2022-03-04 14:00:56,443 [01f703ab-a7a8-41cf-955f-67c72132c898@group-BE205AD37194-StateMachineUpdater] INFO  impl.StateMachineUpdater (StateMachineUpdater.java:lambda$new$0(89)) - 01f703ab-a7a8-41cf-955f-67c72132c898@group-BE205AD37194-StateMachineUpdater: snapshotIndex: updateIncreasingly -1 -> 0
2022-03-04 14:00:56,443 [615efdbb-9acd-4bc2-a23b-1653daf4a1bb@group-A2F4056C0CE5-StateMachineUpdater] INFO  ratis.ContainerStateMachine (ContainerStateMachine.java:takeSnapshot(315)) - group-A2F4056C0CE5: Finished taking a snapshot at:(t:1, i:0) file:/home/runner/work/ozone/ozone/hadoop-ozone/integration-test/target/test-dir/MiniOzoneClusterImpl-a322c22c-ba9f-40fd-b265-a08e797f72d9/datanode-4/data/ratis/570b43eb-0bda-4f8e-911f-a2f4056c0ce5/sm/snapshot.1_0 took: 1 ms
2022-03-04 14:00:56,443 [615efdbb-9acd-4bc2-a23b-1653daf4a1bb@group-A2F4056C0CE5-StateMachineUpdater] INFO  impl.StateMachineUpdater (StateMachineUpdater.java:takeSnapshot(281)) - 615efdbb-9acd-4bc2-a23b-1653daf4a1bb@group-A2F4056C0CE5-StateMachineUpdater: Took a snapshot at index 0
2022-03-04 14:00:56,443 [615efdbb-9acd-4bc2-a23b-1653daf4a1bb@group-A2F4056C0CE5-StateMachineUpdater] INFO  impl.StateMachineUpdater (StateMachineUpdater.java:lambda$new$0(89)) - 615efdbb-9acd-4bc2-a23b-1653daf4a1bb@group-A2F4056C0CE5-StateMachineUpdater: snapshotIndex: updateIncreasingly -1 -> 0
2022-03-04 14:00:56,445 [Mini-Cluster-Provider-Reap] INFO  server.RaftServer$Division (ServerState.java:close(419)) - 615efdbb-9acd-4bc2-a23b-1653daf4a1bb@group-A2F4056C0CE5: closes. applyIndex: 0
2022-03-04 14:00:56,445 [615efdbb-9acd-4bc2-a23b-1653daf4a1bb@group-A2F4056C0CE5-SegmentedRaftLogWorker] INFO  segmented.SegmentedRaftLogWorker (SegmentedRaftLogWorker.java:run(327)) - 615efdbb-9acd-4bc2-a23b-1653daf4a1bb@group-A2F4056C0CE5-SegmentedRaftLogWorker was interrupted, exiting. There are 0 tasks remaining in the queue.
2022-03-04 14:00:56,445 [Mini-Cluster-Provider-Reap] INFO  segmented.SegmentedRaftLogWorker (SegmentedRaftLogWorker.java:close(237)) - 615efdbb-9acd-4bc2-a23b-1653daf4a1bb@group-A2F4056C0CE5-SegmentedRaftLogWorker close()
2022-03-04 14:00:56,446 [Mini-Cluster-Provider-Reap] INFO  server.GrpcService (GrpcService.java:closeImpl(262)) - 615efdbb-9acd-4bc2-a23b-1653daf4a1bb: shutdown server with port 41065 now
2022-03-04 14:00:56,445 [ForkJoinPool.commonPool-worker-1] INFO  server.RaftServer$Division (ServerState.java:close(419)) - 01f703ab-a7a8-41cf-955f-67c72132c898@group-BE205AD37194: closes. applyIndex: 0
2022-03-04 14:00:56,446 [01f703ab-a7a8-41cf-955f-67c72132c898@group-BE205AD37194-SegmentedRaftLogWorker] INFO  segmented.SegmentedRaftLogWorker (SegmentedRaftLogWorker.java:run(327)) - 01f703ab-a7a8-41cf-955f-67c72132c898@group-BE205AD37194-SegmentedRaftLogWorker was interrupted, exiting. There are 0 tasks remaining in the queue.
2022-03-04 14:00:56,446 [ForkJoinPool.commonPool-worker-1] INFO  segmented.SegmentedRaftLogWorker (SegmentedRaftLogWorker.java:close(237)) - 01f703ab-a7a8-41cf-955f-67c72132c898@group-BE205AD37194-SegmentedRaftLogWorker close()
2022-03-04 14:00:56,446 [ForkJoinPool.commonPool-worker-1] INFO  server.GrpcService (GrpcService.java:closeImpl(262)) - 01f703ab-a7a8-41cf-955f-67c72132c898: shutdown server with port 36901 now
2022-03-04 14:00:56,466 [ForkJoinPool.commonPool-worker-1] INFO  server.GrpcService (GrpcService.java:closeImpl(271)) - 01f703ab-a7a8-41cf-955f-67c72132c898: shutdown server with port 36901 successfully
2022-03-04 14:00:56,466 [org.apache.ratis.util.JvmPauseMonitor$$Lambda$538/576839739@1371d471] INFO  util.JvmPauseMonitor (JvmPauseMonitor.java:run(109)) - JvmPauseMonitor-01f703ab-a7a8-41cf-955f-67c72132c898: Stopped
2022-03-04 14:00:56,488 [Mini-Cluster-Provider-Reap] INFO  server.GrpcService (GrpcService.java:closeImpl(271)) - 615efdbb-9acd-4bc2-a23b-1653daf4a1bb: shutdown server with port 41065 successfully
2022-03-04 14:00:56,488 [org.apache.ratis.util.JvmPauseMonitor$$Lambda$538/576839739@6c399834] INFO  util.JvmPauseMonitor (JvmPauseMonitor.java:run(109)) - JvmPauseMonitor-615efdbb-9acd-4bc2-a23b-1653daf4a1bb: Stopped
2022-03-04 14:00:56,513 [EventQueue-DeadNodeForDeadNodeHandler] INFO  node.DeadNodeHandler (DeadNodeHandler.java:onMessage(80)) - A dead datanode is detected. 01f703ab-a7a8-41cf-955f-67c72132c898{ip: 10.1.0.50, host: fv-az294-754.eaanfquahm5ulb5tj050gcxych.jx.internal.cloudapp.net, ports: [REPLICATION=37851, RATIS=36901, RATIS_ADMIN=36901, RATIS_SERVER=36901, STANDALONE=44339], networkLocation: /default-rack, certSerialId: null, persistedOpState: IN_SERVICE, persistedOpStateExpiryEpochSec: 0}
2022-03-04 14:00:56,513 [EventQueue-DeadNodeForDeadNodeHandler] INFO  pipeline.RatisPipelineProvider (RatisPipelineProvider.java:lambda$close$1(222)) - Send pipeline:PipelineID=7d172c2c-8764-439b-a952-be205ad37194 close command to datanode 01f703ab-a7a8-41cf-955f-67c72132c898
2022-03-04 14:00:56,514 [EventQueue-DeadNodeForDeadNodeHandler] INFO  pipeline.PipelineStateManagerImpl (PipelineStateManagerImpl.java:removePipeline(223)) - Pipeline Pipeline[ Id: 7d172c2c-8764-439b-a952-be205ad37194, Nodes: 01f703ab-a7a8-41cf-955f-67c72132c898{ip: 10.1.0.50, host: fv-az294-754.eaanfquahm5ulb5tj050gcxych.jx.internal.cloudapp.net, ports: [REPLICATION=37851, RATIS=36901, RATIS_ADMIN=36901, RATIS_SERVER=36901, STANDALONE=44339], networkLocation: /default-rack, certSerialId: null, persistedOpState: DECOMMISSIONING, persistedOpStateExpiryEpochSec: 0}, ReplicationConfig: RATIS/ONE, State:CLOSED, leaderId:01f703ab-a7a8-41cf-955f-67c72132c898, CreationTimestamp2022-03-04T14:00:28.141Z[Etc/UTC]] removed.
2022-03-04 14:00:56,514 [EventQueue-DeadNodeForDeadNodeHandler] INFO  net.NetworkTopologyImpl (NetworkTopologyImpl.java:remove(137)) - Removed a node: /default-rack/01f703ab-a7a8-41cf-955f-67c72132c898
2022-03-04 14:00:56,884 [c3676fd2-aa1d-4bad-a43e-86e50d6cf352@group-11231ED04B9B-FollowerState] INFO  impl.FollowerState (FollowerState.java:run(134)) - c3676fd2-aa1d-4bad-a43e-86e50d6cf352@group-11231ED04B9B-FollowerState: change to CANDIDATE, lastRpcElapsedTime:5033509164ns, electionTimeout:5030ms
2022-03-04 14:00:56,884 [c3676fd2-aa1d-4bad-a43e-86e50d6cf352@group-11231ED04B9B-FollowerState] INFO  impl.RoleInfo (RoleInfo.java:shutdownFollowerState(108)) - c3676fd2-aa1d-4bad-a43e-86e50d6cf352: shutdown c3676fd2-aa1d-4bad-a43e-86e50d6cf352@group-11231ED04B9B-FollowerState
2022-03-04 14:00:56,884 [c3676fd2-aa1d-4bad-a43e-86e50d6cf352@group-11231ED04B9B-FollowerState] INFO  server.RaftServer$Division (RaftServerImpl.java:setRole(290)) - c3676fd2-aa1d-4bad-a43e-86e50d6cf352@group-11231ED04B9B: changes role from  FOLLOWER to CANDIDATE at term 1 for changeToCandidate
2022-03-04 14:00:56,884 [c3676fd2-aa1d-4bad-a43e-86e50d6cf352@group-11231ED04B9B-FollowerState] INFO  server.RaftServerConfigKeys (ConfUtils.java:logGet(44)) - raft.server.leaderelection.pre-vote = false (custom)
2022-03-04 14:00:56,885 [c3676fd2-aa1d-4bad-a43e-86e50d6cf352@group-11231ED04B9B-FollowerState] INFO  impl.RoleInfo (RoleInfo.java:updateAndGet(130)) - c3676fd2-aa1d-4bad-a43e-86e50d6cf352: start c3676fd2-aa1d-4bad-a43e-86e50d6cf352@group-11231ED04B9B-LeaderElection33
2022-03-04 14:00:56,894 [c3676fd2-aa1d-4bad-a43e-86e50d6cf352@group-11231ED04B9B-LeaderElection33] INFO  impl.LeaderElection (LeaderElection.java:askForVotes(306)) - c3676fd2-aa1d-4bad-a43e-86e50d6cf352@group-11231ED04B9B-LeaderElection33 ELECTION round 0: submit vote requests at term 2 for -1: [c3676fd2-aa1d-4bad-a43e-86e50d6cf352|rpc:10.1.0.50:39689|dataStream:|priority:0, c2ce8477-23c6-43df-953a-8ac050b841b2|rpc:10.1.0.50:39661|dataStream:|priority:1, 8584c99c-b1f6-49cb-b2cc-ee99e5d5bcfa|rpc:10.1.0.50:38771|dataStream:|priority:0], old=null
2022-03-04 14:00:56,901 [grpc-default-executor-0] INFO  server.RaftServer$Division (RaftServerImpl.java:requestVote(1046)) - c2ce8477-23c6-43df-953a-8ac050b841b2@group-11231ED04B9B: receive requestVote(ELECTION, c3676fd2-aa1d-4bad-a43e-86e50d6cf352, group-11231ED04B9B, 2, (t:0, i:0))
2022-03-04 14:00:56,901 [grpc-default-executor-0] INFO  impl.VoteContext (VoteContext.java:log(48)) - c2ce8477-23c6-43df-953a-8ac050b841b2@group-11231ED04B9B-FOLLOWER: reject ELECTION from c3676fd2-aa1d-4bad-a43e-86e50d6cf352: our priority 1 > candidate's priority 0
2022-03-04 14:00:56,901 [grpc-default-executor-0] INFO  server.RaftServer$Division (RaftServerImpl.java:setRole(290)) - c2ce8477-23c6-43df-953a-8ac050b841b2@group-11231ED04B9B: changes role from  FOLLOWER to FOLLOWER at term 2 for candidate:c3676fd2-aa1d-4bad-a43e-86e50d6cf352
2022-03-04 14:00:56,901 [grpc-default-executor-0] INFO  impl.RoleInfo (RoleInfo.java:shutdownFollowerState(108)) - c2ce8477-23c6-43df-953a-8ac050b841b2: shutdown c2ce8477-23c6-43df-953a-8ac050b841b2@group-11231ED04B9B-FollowerState
2022-03-04 14:00:56,903 [grpc-default-executor-0] INFO  impl.RoleInfo (RoleInfo.java:updateAndGet(130)) - c2ce8477-23c6-43df-953a-8ac050b841b2: start c2ce8477-23c6-43df-953a-8ac050b841b2@group-11231ED04B9B-FollowerState
2022-03-04 14:00:56,903 [c2ce8477-23c6-43df-953a-8ac050b841b2@group-11231ED04B9B-FollowerState] INFO  impl.FollowerState (FollowerState.java:run(143)) - c2ce8477-23c6-43df-953a-8ac050b841b2@group-11231ED04B9B-FollowerState was interrupted: {}
java.lang.InterruptedException: sleep interrupted
	at java.lang.Thread.sleep(Native Method)
	at java.lang.Thread.sleep(Thread.java:342)
	at java.util.concurrent.TimeUnit.sleep(TimeUnit.java:386)
	at org.apache.ratis.util.TimeDuration.sleep(TimeDuration.java:324)
	at org.apache.ratis.util.TimeDuration.sleep(TimeDuration.java:309)
	at org.apache.ratis.server.impl.FollowerState.run(FollowerState.java:118)
2022-03-04 14:00:56,909 [grpc-default-executor-4] INFO  server.RaftServer$Division (RaftServerImpl.java:requestVote(1046)) - 8584c99c-b1f6-49cb-b2cc-ee99e5d5bcfa@group-11231ED04B9B: receive requestVote(ELECTION, c3676fd2-aa1d-4bad-a43e-86e50d6cf352, group-11231ED04B9B, 2, (t:0, i:0))
2022-03-04 14:00:56,909 [grpc-default-executor-4] INFO  impl.VoteContext (VoteContext.java:log(48)) - 8584c99c-b1f6-49cb-b2cc-ee99e5d5bcfa@group-11231ED04B9B-FOLLOWER: accept ELECTION from c3676fd2-aa1d-4bad-a43e-86e50d6cf352: our priority 0 <= candidate's priority 0
2022-03-04 14:00:56,909 [grpc-default-executor-4] INFO  server.RaftServer$Division (RaftServerImpl.java:setRole(290)) - 8584c99c-b1f6-49cb-b2cc-ee99e5d5bcfa@group-11231ED04B9B: changes role from  FOLLOWER to FOLLOWER at term 2 for candidate:c3676fd2-aa1d-4bad-a43e-86e50d6cf352
2022-03-04 14:00:56,909 [grpc-default-executor-4] INFO  impl.RoleInfo (RoleInfo.java:shutdownFollowerState(108)) - 8584c99c-b1f6-49cb-b2cc-ee99e5d5bcfa: shutdown 8584c99c-b1f6-49cb-b2cc-ee99e5d5bcfa@group-11231ED04B9B-FollowerState
2022-03-04 14:00:56,909 [grpc-default-executor-4] INFO  impl.RoleInfo (RoleInfo.java:updateAndGet(130)) - 8584c99c-b1f6-49cb-b2cc-ee99e5d5bcfa: start 8584c99c-b1f6-49cb-b2cc-ee99e5d5bcfa@group-11231ED04B9B-FollowerState
2022-03-04 14:00:56,910 [8584c99c-b1f6-49cb-b2cc-ee99e5d5bcfa@group-11231ED04B9B-FollowerState] INFO  impl.FollowerState (FollowerState.java:run(143)) - 8584c99c-b1f6-49cb-b2cc-ee99e5d5bcfa@group-11231ED04B9B-FollowerState was interrupted: {}
java.lang.InterruptedException: sleep interrupted
	at java.lang.Thread.sleep(Native Method)
	at java.lang.Thread.sleep(Thread.java:342)
	at java.util.concurrent.TimeUnit.sleep(TimeUnit.java:386)
	at org.apache.ratis.util.TimeDuration.sleep(TimeDuration.java:324)
	at org.apache.ratis.util.TimeDuration.sleep(TimeDuration.java:309)
	at org.apache.ratis.server.impl.FollowerState.run(FollowerState.java:118)
2022-03-04 14:00:56,911 [grpc-default-executor-0] INFO  server.RaftServer$Division (RaftServerImpl.java:requestVote(1078)) - c2ce8477-23c6-43df-953a-8ac050b841b2@group-11231ED04B9B replies to ELECTION vote request: c3676fd2-aa1d-4bad-a43e-86e50d6cf352<-c2ce8477-23c6-43df-953a-8ac050b841b2#0:FAIL-t2. Peer's state: c2ce8477-23c6-43df-953a-8ac050b841b2@group-11231ED04B9B:t2, leader=null, voted=null, raftlog=c2ce8477-23c6-43df-953a-8ac050b841b2@group-11231ED04B9B-SegmentedRaftLog:OPENED:c-1, conf=-1: [c3676fd2-aa1d-4bad-a43e-86e50d6cf352|rpc:10.1.0.50:39689|priority:0, c2ce8477-23c6-43df-953a-8ac050b841b2|rpc:10.1.0.50:39661|priority:1, 8584c99c-b1f6-49cb-b2cc-ee99e5d5bcfa|rpc:10.1.0.50:38771|priority:0], old=null
2022-03-04 14:00:56,913 [grpc-default-executor-4] INFO  server.RaftServer$Division (RaftServerImpl.java:requestVote(1078)) - 8584c99c-b1f6-49cb-b2cc-ee99e5d5bcfa@group-11231ED04B9B replies to ELECTION vote request: c3676fd2-aa1d-4bad-a43e-86e50d6cf352<-8584c99c-b1f6-49cb-b2cc-ee99e5d5bcfa#0:OK-t2. Peer's state: 8584c99c-b1f6-49cb-b2cc-ee99e5d5bcfa@group-11231ED04B9B:t2, leader=null, voted=c3676fd2-aa1d-4bad-a43e-86e50d6cf352, raftlog=8584c99c-b1f6-49cb-b2cc-ee99e5d5bcfa@group-11231ED04B9B-SegmentedRaftLog:OPENED:c-1, conf=-1: [c3676fd2-aa1d-4bad-a43e-86e50d6cf352|rpc:10.1.0.50:39689|priority:0, c2ce8477-23c6-43df-953a-8ac050b841b2|rpc:10.1.0.50:39661|priority:1, 8584c99c-b1f6-49cb-b2cc-ee99e5d5bcfa|rpc:10.1.0.50:38771|priority:0], old=null
2022-03-04 14:00:56,914 [c3676fd2-aa1d-4bad-a43e-86e50d6cf352@group-11231ED04B9B-LeaderElection33] INFO  impl.LeaderElection (LeaderElection.java:logAndReturn(89)) - c3676fd2-aa1d-4bad-a43e-86e50d6cf352@group-11231ED04B9B-LeaderElection33: ELECTION REJECTED received 1 response(s) and 0 exception(s):
2022-03-04 14:00:56,914 [c3676fd2-aa1d-4bad-a43e-86e50d6cf352@group-11231ED04B9B-LeaderElection33] INFO  impl.LeaderElection (LeaderElection.java:logAndReturn(93)) -   Response 0: c3676fd2-aa1d-4bad-a43e-86e50d6cf352<-c2ce8477-23c6-43df-953a-8ac050b841b2#0:FAIL-t2
2022-03-04 14:00:56,914 [c3676fd2-aa1d-4bad-a43e-86e50d6cf352@group-11231ED04B9B-LeaderElection33] INFO  impl.LeaderElection (LeaderElection.java:askForVotes(308)) - c3676fd2-aa1d-4bad-a43e-86e50d6cf352@group-11231ED04B9B-LeaderElection33 ELECTION round 0: result REJECTED
2022-03-04 14:00:56,914 [c3676fd2-aa1d-4bad-a43e-86e50d6cf352@group-11231ED04B9B-LeaderElection33] INFO  server.RaftServer$Division (RaftServerImpl.java:setRole(290)) - c3676fd2-aa1d-4bad-a43e-86e50d6cf352@group-11231ED04B9B: changes role from CANDIDATE to FOLLOWER at term 2 for REJECTED
2022-03-04 14:00:56,914 [c3676fd2-aa1d-4bad-a43e-86e50d6cf352@group-11231ED04B9B-LeaderElection33] INFO  impl.RoleInfo (RoleInfo.java:shutdownLeaderElection(121)) - c3676fd2-aa1d-4bad-a43e-86e50d6cf352: shutdown c3676fd2-aa1d-4bad-a43e-86e50d6cf352@group-11231ED04B9B-LeaderElection33
2022-03-04 14:00:56,914 [c3676fd2-aa1d-4bad-a43e-86e50d6cf352@group-11231ED04B9B-LeaderElection33] INFO  impl.RoleInfo (RoleInfo.java:updateAndGet(130)) - c3676fd2-aa1d-4bad-a43e-86e50d6cf352: start c3676fd2-aa1d-4bad-a43e-86e50d6cf352@group-11231ED04B9B-FollowerState
2022-03-04 14:00:57,252 [ReplicationMonitor] WARN  container.ReplicationManager (ReplicationManager.java:handleUnderReplicatedContainer(1253)) - Cannot replicate container #1, no healthy replica found.
2022-03-04 14:00:57,252 [ReplicationMonitor] WARN  container.ReplicationManager (ReplicationManager.java:handleUnderReplicatedContainer(1253)) - Cannot replicate container #2, no healthy replica found.
2022-03-04 14:00:57,252 [ReplicationMonitor] WARN  container.ReplicationManager (ReplicationManager.java:handleUnderReplicatedContainer(1253)) - Cannot replicate container #3, no healthy replica found.
2022-03-04 14:00:57,252 [ReplicationMonitor] INFO  container.ReplicationManager (ReplicationManager.java:processAll(387)) - Replication Monitor Thread took 1 milliseconds for processing 3 containers.
2022-03-04 14:00:57,316 [EventQueue-DeadNodeForDeadNodeHandler] INFO  node.DeadNodeHandler (DeadNodeHandler.java:onMessage(80)) - A dead datanode is detected. 615efdbb-9acd-4bc2-a23b-1653daf4a1bb{ip: 10.1.0.50, host: fv-az294-754.eaanfquahm5ulb5tj050gcxych.jx.internal.cloudapp.net, ports: [REPLICATION=41983, RATIS=41065, RATIS_ADMIN=41065, RATIS_SERVER=41065, STANDALONE=36651], networkLocation: /default-rack, certSerialId: null, persistedOpState: IN_SERVICE, persistedOpStateExpiryEpochSec: 0}
2022-03-04 14:00:57,316 [EventQueue-DeadNodeForDeadNodeHandler] INFO  pipeline.RatisPipelineProvider (RatisPipelineProvider.java:lambda$close$1(222)) - Send pipeline:PipelineID=570b43eb-0bda-4f8e-911f-a2f4056c0ce5 close command to datanode 615efdbb-9acd-4bc2-a23b-1653daf4a1bb
2022-03-04 14:00:57,316 [EventQueue-DeadNodeForDeadNodeHandler] INFO  pipeline.PipelineStateManagerImpl (PipelineStateManagerImpl.java:removePipeline(223)) - Pipeline Pipeline[ Id: 570b43eb-0bda-4f8e-911f-a2f4056c0ce5, Nodes: 615efdbb-9acd-4bc2-a23b-1653daf4a1bb{ip: 10.1.0.50, host: fv-az294-754.eaanfquahm5ulb5tj050gcxych.jx.internal.cloudapp.net, ports: [REPLICATION=41983, RATIS=41065, RATIS_ADMIN=41065, RATIS_SERVER=41065, STANDALONE=36651], networkLocation: /default-rack, certSerialId: null, persistedOpState: IN_SERVICE, persistedOpStateExpiryEpochSec: 0}, ReplicationConfig: RATIS/ONE, State:CLOSED, leaderId:615efdbb-9acd-4bc2-a23b-1653daf4a1bb, CreationTimestamp2022-03-04T13:59:52.913Z[Etc/UTC]] removed.
2022-03-04 14:00:57,317 [EventQueue-DeadNodeForDeadNodeHandler] INFO  net.NetworkTopologyImpl (NetworkTopologyImpl.java:remove(137)) - Removed a node: /default-rack/615efdbb-9acd-4bc2-a23b-1653daf4a1bb
2022-03-04 14:00:57,413 [ReplicationMonitor] INFO  container.ReplicationManager (ReplicationManager.java:processAll(387)) - Replication Monitor Thread took 0 milliseconds for processing 6 containers.
2022-03-04 14:00:58,252 [ReplicationMonitor] WARN  container.ReplicationManager (ReplicationManager.java:handleUnderReplicatedContainer(1253)) - Cannot replicate container #1, no healthy replica found.
2022-03-04 14:00:58,252 [ReplicationMonitor] WARN  container.ReplicationManager (ReplicationManager.java:handleUnderReplicatedContainer(1253)) - Cannot replicate container #2, no healthy replica found.
2022-03-04 14:00:58,252 [ReplicationMonitor] WARN  container.ReplicationManager (ReplicationManager.java:handleUnderReplicatedContainer(1253)) - Cannot replicate container #3, no healthy replica found.
2022-03-04 14:00:58,252 [ReplicationMonitor] INFO  container.ReplicationManager (ReplicationManager.java:processAll(387)) - Replication Monitor Thread took 0 milliseconds for processing 3 containers.
2022-03-04 14:00:58,415 [ReplicationMonitor] INFO  container.ReplicationManager (ReplicationManager.java:processAll(387)) - Replication Monitor Thread took 0 milliseconds for processing 6 containers.
2022-03-04 14:00:58,484 [ForkJoinPool.commonPool-worker-1] INFO  utils.BackgroundService (BackgroundService.java:shutdown(132)) - Shutting down service BlockDeletingService
2022-03-04 14:00:58,543 [Mini-Cluster-Provider-Reap] INFO  utils.BackgroundService (BackgroundService.java:shutdown(132)) - Shutting down service BlockDeletingService
2022-03-04 14:00:59,253 [ReplicationMonitor] WARN  container.ReplicationManager (ReplicationManager.java:handleUnderReplicatedContainer(1253)) - Cannot replicate container #1, no healthy replica found.
2022-03-04 14:00:59,253 [ReplicationMonitor] WARN  container.ReplicationManager (ReplicationManager.java:handleUnderReplicatedContainer(1253)) - Cannot replicate container #2, no healthy replica found.
2022-03-04 14:00:59,253 [ReplicationMonitor] WARN  container.ReplicationManager (ReplicationManager.java:handleUnderReplicatedContainer(1253)) - Cannot replicate container #3, no healthy replica found.
2022-03-04 14:00:59,253 [ReplicationMonitor] INFO  container.ReplicationManager (ReplicationManager.java:processAll(387)) - Replication Monitor Thread took 1 milliseconds for processing 3 containers.
2022-03-04 14:00:59,416 [ReplicationMonitor] INFO  container.ReplicationManager (ReplicationManager.java:processAll(387)) - Replication Monitor Thread took 1 milliseconds for processing 6 containers.
2022-03-04 14:01:00,253 [ReplicationMonitor] WARN  container.ReplicationManager (ReplicationManager.java:handleUnderReplicatedContainer(1253)) - Cannot replicate container #1, no healthy replica found.
2022-03-04 14:01:00,254 [ReplicationMonitor] WARN  container.ReplicationManager (ReplicationManager.java:handleUnderReplicatedContainer(1253)) - Cannot replicate container #2, no healthy replica found.
2022-03-04 14:01:00,254 [ReplicationMonitor] WARN  container.ReplicationManager (ReplicationManager.java:handleUnderReplicatedContainer(1253)) - Cannot replicate container #3, no healthy replica found.
2022-03-04 14:01:00,254 [ReplicationMonitor] INFO  container.ReplicationManager (ReplicationManager.java:processAll(387)) - Replication Monitor Thread took 1 milliseconds for processing 3 containers.
2022-03-04 14:01:00,417 [ReplicationMonitor] INFO  container.ReplicationManager (ReplicationManager.java:processAll(387)) - Replication Monitor Thread took 0 milliseconds for processing 6 containers.
2022-03-04 14:01:01,254 [ReplicationMonitor] WARN  container.ReplicationManager (ReplicationManager.java:handleUnderReplicatedContainer(1253)) - Cannot replicate container #1, no healthy replica found.
2022-03-04 14:01:01,254 [ReplicationMonitor] WARN  container.ReplicationManager (ReplicationManager.java:handleUnderReplicatedContainer(1253)) - Cannot replicate container #2, no healthy replica found.
2022-03-04 14:01:01,254 [ReplicationMonitor] WARN  container.ReplicationManager (ReplicationManager.java:handleUnderReplicatedContainer(1253)) - Cannot replicate container #3, no healthy replica found.
2022-03-04 14:01:01,254 [ReplicationMonitor] INFO  container.ReplicationManager (ReplicationManager.java:processAll(387)) - Replication Monitor Thread took 0 milliseconds for processing 3 containers.
2022-03-04 14:01:01,418 [ReplicationMonitor] INFO  container.ReplicationManager (ReplicationManager.java:processAll(387)) - Replication Monitor Thread took 1 milliseconds for processing 6 containers.
2022-03-04 14:01:01,486 [ForkJoinPool.commonPool-worker-1] INFO  statemachine.DatanodeStateMachine (DatanodeStateMachine.java:stopDaemon(529)) - Ozone container server stopped.
2022-03-04 14:01:01,490 [ForkJoinPool.commonPool-worker-1] INFO  handler.ContextHandler (ContextHandler.java:doStop(1153)) - Stopped o.e.j.w.WebAppContext@66863941{hddsDatanode,/,null,STOPPED}{jar:file:/home/runner/.m2/repository/org/apache/ozone/hdds-container-service/1.3.0-SNAPSHOT/hdds-container-service-1.3.0-SNAPSHOT.jar!/webapps/hddsDatanode}
2022-03-04 14:01:01,502 [ForkJoinPool.commonPool-worker-1] INFO  server.AbstractConnector (AbstractConnector.java:doStop(381)) - Stopped ServerConnector@a6dffdb{HTTP/1.1, (http/1.1)}{0.0.0.0:36101}
2022-03-04 14:01:01,502 [ForkJoinPool.commonPool-worker-1] INFO  server.session (HouseKeeper.java:stopScavenging(149)) - node0 Stopped scavenging
2022-03-04 14:01:01,502 [ForkJoinPool.commonPool-worker-1] INFO  handler.ContextHandler (ContextHandler.java:doStop(1153)) - Stopped o.e.j.s.ServletContextHandler@3ee258{static,/static,jar:file:/home/runner/.m2/repository/org/apache/ozone/hdds-container-service/1.3.0-SNAPSHOT/hdds-container-service-1.3.0-SNAPSHOT.jar!/webapps/static,STOPPED}
2022-03-04 14:01:01,502 [ForkJoinPool.commonPool-worker-1] INFO  handler.ContextHandler (ContextHandler.java:doStop(1153)) - Stopped o.e.j.s.ServletContextHandler@58ec8271{logs,/logs,file:///home/runner/work/ozone/ozone/hadoop-ozone/integration-test/target/log,STOPPED}
2022-03-04 14:01:01,560 [Mini-Cluster-Provider-Reap] INFO  statemachine.DatanodeStateMachine (DatanodeStateMachine.java:stopDaemon(529)) - Ozone container server stopped.
2022-03-04 14:01:01,564 [Mini-Cluster-Provider-Reap] INFO  handler.ContextHandler (ContextHandler.java:doStop(1153)) - Stopped o.e.j.w.WebAppContext@26f9f85b{hddsDatanode,/,null,STOPPED}{jar:file:/home/runner/.m2/repository/org/apache/ozone/hdds-container-service/1.3.0-SNAPSHOT/hdds-container-service-1.3.0-SNAPSHOT.jar!/webapps/hddsDatanode}
2022-03-04 14:01:01,568 [Mini-Cluster-Provider-Reap] INFO  server.AbstractConnector (AbstractConnector.java:doStop(381)) - Stopped ServerConnector@12b3222f{HTTP/1.1, (http/1.1)}{0.0.0.0:0}
2022-03-04 14:01:01,568 [Mini-Cluster-Provider-Reap] INFO  server.session (HouseKeeper.java:stopScavenging(149)) - node0 Stopped scavenging
2022-03-04 14:01:01,568 [Mini-Cluster-Provider-Reap] INFO  handler.ContextHandler (ContextHandler.java:doStop(1153)) - Stopped o.e.j.s.ServletContextHandler@1432a479{static,/static,jar:file:/home/runner/.m2/repository/org/apache/ozone/hdds-container-service/1.3.0-SNAPSHOT/hdds-container-service-1.3.0-SNAPSHOT.jar!/webapps/static,STOPPED}
2022-03-04 14:01:01,568 [Mini-Cluster-Provider-Reap] INFO  handler.ContextHandler (ContextHandler.java:doStop(1153)) - Stopped o.e.j.s.ServletContextHandler@61950fcf{logs,/logs,file:///home/runner/work/ozone/ozone/hadoop-ozone/integration-test/target/log,STOPPED}
2022-03-04 14:01:01,570 [Mini-Cluster-Provider-Reap] INFO  ozone.MiniOzoneClusterImpl (MiniOzoneClusterImpl.java:stopSCM(538)) - Stopping the StorageContainerManager
2022-03-04 14:01:01,570 [Mini-Cluster-Provider-Reap] INFO  server.StorageContainerManager (StorageContainerManager.java:stop(1414)) - Stopping Container Balancer service.
2022-03-04 14:01:01,570 [Mini-Cluster-Provider-Reap] INFO  balancer.ContainerBalancer (ContainerBalancer.java:stop(788)) - Container Balancer is not running.
2022-03-04 14:01:01,570 [Mini-Cluster-Provider-Reap] INFO  server.StorageContainerManager (StorageContainerManager.java:stop(1421)) - Stopping Replication Manager Service.
2022-03-04 14:01:01,570 [Mini-Cluster-Provider-Reap] INFO  container.ReplicationManager (ReplicationManager.java:stop(357)) - Stopping Replication Monitor Thread.
2022-03-04 14:01:01,570 [Mini-Cluster-Provider-Reap] INFO  server.StorageContainerManager (StorageContainerManager.java:stop(1428)) - Stopping the Datanode Admin Monitor.
2022-03-04 14:01:01,570 [Mini-Cluster-Provider-Reap] INFO  server.StorageContainerManager (StorageContainerManager.java:stop(1435)) - Stopping Lease Manager of the command watchers
2022-03-04 14:01:01,570 [Mini-Cluster-Provider-Reap] INFO  server.StorageContainerManager (StorageContainerManager.java:stop(1442)) - Stopping datanode service RPC server
2022-03-04 14:01:01,570 [Mini-Cluster-Provider-Reap] INFO  server.SCMDatanodeProtocolServer (SCMDatanodeProtocolServer.java:stop(400)) - Stopping the RPC server for DataNodes
2022-03-04 14:01:01,570 [Mini-Cluster-Provider-Reap] INFO  ipc.Server (Server.java:stop(3414)) - Stopping server on 36917
2022-03-04 14:01:01,580 [IPC Server listener on 0] INFO  ipc.Server (Server.java:run(1376)) - Stopping IPC Server listener on 0
2022-03-04 14:01:01,580 [IPC Server Responder] INFO  ipc.Server (Server.java:run(1512)) - Stopping IPC Server Responder
2022-03-04 14:01:01,631 [SCM Heartbeat Processing Thread - 0] WARN  node.NodeStateManager (NodeStateManager.java:scheduleNextHealthCheck(815)) - Current Thread is interrupted, shutting down HB processing thread for Node Manager.
2022-03-04 14:01:01,631 [Mini-Cluster-Provider-Reap] INFO  server.StorageContainerManager (StorageContainerManager.java:stop(1450)) - Stopping block service RPC server
2022-03-04 14:01:01,631 [Mini-Cluster-Provider-Reap] INFO  server.SCMBlockProtocolServer (SCMBlockProtocolServer.java:stop(160)) - Stopping the RPC server for Block Protocol
2022-03-04 14:01:01,631 [Mini-Cluster-Provider-Reap] INFO  ipc.Server (Server.java:stop(3414)) - Stopping server on 37461
2022-03-04 14:01:01,633 [IPC Server listener on 0] INFO  ipc.Server (Server.java:run(1376)) - Stopping IPC Server listener on 0
2022-03-04 14:01:01,634 [IPC Server Responder] INFO  ipc.Server (Server.java:run(1512)) - Stopping IPC Server Responder
2022-03-04 14:01:01,634 [Mini-Cluster-Provider-Reap] INFO  server.StorageContainerManager (StorageContainerManager.java:stop(1457)) - Stopping the StorageContainerLocationProtocol RPC server
2022-03-04 14:01:01,634 [Mini-Cluster-Provider-Reap] INFO  server.SCMClientProtocolServer (SCMClientProtocolServer.java:stop(174)) - Stopping the RPC server for Client Protocol
2022-03-04 14:01:01,634 [Mini-Cluster-Provider-Reap] INFO  ipc.Server (Server.java:stop(3414)) - Stopping server on 34135
2022-03-04 14:01:01,636 [Mini-Cluster-Provider-Reap] INFO  server.StorageContainerManager (StorageContainerManager.java:stop(1464)) - Stopping Storage Container Manager HTTP server.
2022-03-04 14:01:01,636 [IPC Server Responder] INFO  ipc.Server (Server.java:run(1512)) - Stopping IPC Server Responder
2022-03-04 14:01:01,636 [Mini-Cluster-Provider-Reap] INFO  handler.ContextHandler (ContextHandler.java:doStop(1153)) - Stopped o.e.j.w.WebAppContext@40691346{scm,/,null,STOPPED}{file:/home/runner/work/ozone/ozone/hadoop-ozone/integration-test/target/test-classes/webapps/scm}
2022-03-04 14:01:01,636 [IPC Server listener on 0] INFO  ipc.Server (Server.java:run(1376)) - Stopping IPC Server listener on 0
2022-03-04 14:01:01,637 [Mini-Cluster-Provider-Reap] INFO  server.AbstractConnector (AbstractConnector.java:doStop(381)) - Stopped ServerConnector@1ee3e351{HTTP/1.1, (http/1.1)}{0.0.0.0:0}
2022-03-04 14:01:01,637 [Mini-Cluster-Provider-Reap] INFO  server.session (HouseKeeper.java:stopScavenging(149)) - node0 Stopped scavenging
2022-03-04 14:01:01,637 [Mini-Cluster-Provider-Reap] INFO  handler.ContextHandler (ContextHandler.java:doStop(1153)) - Stopped o.e.j.s.ServletContextHandler@7fc46e4a{static,/static,file:///home/runner/work/ozone/ozone/hadoop-ozone/integration-test/target/test-classes/webapps/static,STOPPED}
2022-03-04 14:01:01,637 [Mini-Cluster-Provider-Reap] INFO  handler.ContextHandler (ContextHandler.java:doStop(1153)) - Stopped o.e.j.s.ServletContextHandler@7530d3c5{logs,/logs,file:///home/runner/work/ozone/ozone/hadoop-ozone/integration-test/target/log,STOPPED}
2022-03-04 14:01:01,638 [Mini-Cluster-Provider-Reap] INFO  server.StorageContainerManager (StorageContainerManager.java:stop(1475)) - Stopping Block Manager Service.
2022-03-04 14:01:01,638 [Mini-Cluster-Provider-Reap] INFO  utils.BackgroundService (BackgroundService.java:shutdown(132)) - Shutting down service SCMBlockDeletingService
2022-03-04 14:01:01,638 [Mini-Cluster-Provider-Reap] INFO  utils.BackgroundService (BackgroundService.java:shutdown(132)) - Shutting down service SCMBlockDeletingService
2022-03-04 14:01:01,638 [Mini-Cluster-Provider-Reap] INFO  server.StorageContainerManager (StorageContainerManager.java:stop(1502)) - Stopping SCM Event Queue.
2022-03-04 14:01:01,643 [Mini-Cluster-Provider-Reap] INFO  server.StorageContainerManager (StorageContainerManager.java:stop(1513)) - Stopping SCM HA services.
2022-03-04 14:01:01,643 [Mini-Cluster-Provider-Reap] INFO  pipeline.BackgroundPipelineCreator (BackgroundPipelineCreator.java:stop(158)) - Stopping RatisPipelineUtilsThread.
2022-03-04 14:01:01,644 [Mini-Cluster-Provider-Reap] INFO  server.StorageContainerManager (StorageContainerManager.java:stop(1523)) - Stopping SCM MetadataStore.
2022-03-04 14:01:01,645 [Mini-Cluster-Provider-Reap] INFO  impl.MetricsSystemImpl (MetricsSystemImpl.java:stop(205)) - HddsDatanode metrics system stopped (again)
2022-03-04 14:01:01,854 [Mini-Cluster-Provider-Reap] INFO  ozone.MiniOzoneClusterImpl (MiniOzoneClusterImpl.java:shutdown(449)) - Shutting down the Mini Ozone Cluster
2022-03-04 14:01:01,854 [Mini-Cluster-Provider-Reap] INFO  ozone.MiniOzoneClusterImpl (MiniOzoneClusterImpl.java:stop(464)) - Stopping the Mini Ozone Cluster
2022-03-04 14:01:01,855 [Mini-Cluster-Provider-Reap] INFO  ozone.MiniOzoneClusterImpl (MiniOzoneClusterImpl.java:stopOM(546)) - Stopping the OzoneManager
2022-03-04 14:01:01,855 [Mini-Cluster-Provider-Reap] INFO  om.OzoneManager (OzoneManager.java:stop(1893)) - om1[localhost:0]: Stopping Ozone Manager
2022-03-04 14:01:01,871 [Mini-Cluster-Provider-Reap] INFO  ipc.Server (Server.java:stop(3414)) - Stopping server on 46835
2022-03-04 14:01:01,873 [IPC Server listener on 0] INFO  ipc.Server (Server.java:run(1376)) - Stopping IPC Server listener on 0
2022-03-04 14:01:01,880 [IPC Server Responder] INFO  ipc.Server (Server.java:run(1512)) - Stopping IPC Server Responder
2022-03-04 14:01:01,880 [Mini-Cluster-Provider-Reap] INFO  server.RaftServer (RaftServerProxy.java:lambda$close$6(391)) - om1: close
2022-03-04 14:01:01,881 [Mini-Cluster-Provider-Reap] INFO  server.RaftServer$Division (RaftServerImpl.java:lambda$close$4(412)) - om1@group-C5BA1605619E: shutdown
2022-03-04 14:01:01,881 [Mini-Cluster-Provider-Reap] INFO  util.JmxRegister (JmxRegister.java:unregister(73)) - Successfully un-registered JMX Bean with object name Ratis:service=RaftServer,group=group-C5BA1605619E,id="om1"
2022-03-04 14:01:01,882 [Mini-Cluster-Provider-Reap] INFO  impl.RoleInfo (RoleInfo.java:shutdownLeaderState(91)) - om1: shutdown om1@group-C5BA1605619E-LeaderStateImpl
2022-03-04 14:01:01,882 [Mini-Cluster-Provider-Reap] INFO  impl.PendingRequests (PendingRequests.java:sendNotLeaderResponses(282)) - om1@group-C5BA1605619E-PendingRequests: sendNotLeaderResponses
2022-03-04 14:01:01,884 [om1@group-C5BA1605619E-StateMachineUpdater] INFO  ratis.OzoneManagerStateMachine (OzoneManagerStateMachine.java:takeSnapshot(417)) - Current Snapshot Index (t:1, i:84)
2022-03-04 14:01:01,884 [om1@group-C5BA1605619E-StateMachineUpdater] INFO  impl.StateMachineUpdater (StateMachineUpdater.java:takeSnapshot(281)) - om1@group-C5BA1605619E-StateMachineUpdater: Took a snapshot at index 84
2022-03-04 14:01:01,884 [om1@group-C5BA1605619E-StateMachineUpdater] INFO  impl.StateMachineUpdater (StateMachineUpdater.java:lambda$new$0(89)) - om1@group-C5BA1605619E-StateMachineUpdater: snapshotIndex: updateIncreasingly -1 -> 84
2022-03-04 14:01:01,884 [om1@group-C5BA1605619E-StateMachineUpdater] INFO  ratis.OzoneManagerStateMachine (OzoneManagerStateMachine.java:close(471)) - StateMachine has shutdown. Shutdown OzoneManager if not already shutdown.
2022-03-04 14:01:01,886 [Mini-Cluster-Provider-Reap] INFO  impl.StateMachineUpdater (StateMachineUpdater.java:stopAndJoin(149)) - om1@group-C5BA1605619E-StateMachineUpdater: set stopIndex = 84
2022-03-04 14:01:01,886 [Mini-Cluster-Provider-Reap] INFO  server.RaftServer$Division (ServerState.java:close(419)) - om1@group-C5BA1605619E: closes. applyIndex: 84
2022-03-04 14:01:01,886 [om1@group-C5BA1605619E-SegmentedRaftLogWorker] INFO  segmented.SegmentedRaftLogWorker (SegmentedRaftLogWorker.java:run(327)) - om1@group-C5BA1605619E-SegmentedRaftLogWorker was interrupted, exiting. There are 0 tasks remaining in the queue.
2022-03-04 14:01:01,887 [Mini-Cluster-Provider-Reap] INFO  segmented.SegmentedRaftLogWorker (SegmentedRaftLogWorker.java:close(237)) - om1@group-C5BA1605619E-SegmentedRaftLogWorker close()
2022-03-04 14:01:01,887 [Mini-Cluster-Provider-Reap] INFO  server.GrpcService (GrpcService.java:closeImpl(262)) - om1: shutdown server with port 36645 now
2022-03-04 14:01:01,888 [Mini-Cluster-Provider-Reap] INFO  server.GrpcService (GrpcService.java:closeImpl(271)) - om1: shutdown server with port 36645 successfully
2022-03-04 14:01:01,888 [org.apache.ratis.util.JvmPauseMonitor$$Lambda$538/576839739@43200f78] INFO  util.JvmPauseMonitor (JvmPauseMonitor.java:run(109)) - JvmPauseMonitor-om1: Stopped
2022-03-04 14:01:01,888 [Mini-Cluster-Provider-Reap] INFO  ratis.OzoneManagerDoubleBuffer (OzoneManagerDoubleBuffer.java:stop(437)) - Stopping OMDoubleBuffer flush thread
2022-03-04 14:01:01,888 [OMDoubleBufferFlushThread] INFO  ratis.OzoneManagerDoubleBuffer (OzoneManagerDoubleBuffer.java:flushTransactions(356)) - OMDoubleBuffer flush thread OMDoubleBufferFlushThread is interrupted and will exit. OMDoubleBufferFlushThread
2022-03-04 14:01:01,888 [Mini-Cluster-Provider-Reap] INFO  utils.BackgroundService (BackgroundService.java:shutdown(132)) - Shutting down service KeyDeletingService
2022-03-04 14:01:01,888 [Mini-Cluster-Provider-Reap] INFO  utils.BackgroundService (BackgroundService.java:shutdown(132)) - Shutting down service DirectoryDeletingService
2022-03-04 14:01:01,899 [Mini-Cluster-Provider-Reap] INFO  handler.ContextHandler (ContextHandler.java:doStop(1153)) - Stopped o.e.j.w.WebAppContext@6209ff23{ozoneManager,/,null,STOPPED}{file:/home/runner/work/ozone/ozone/hadoop-ozone/integration-test/target/test-classes/webapps/ozoneManager}
2022-03-04 14:01:01,910 [Mini-Cluster-Provider-Reap] INFO  server.AbstractConnector (AbstractConnector.java:doStop(381)) - Stopped ServerConnector@2dd57703{HTTP/1.1, (http/1.1)}{0.0.0.0:0}
2022-03-04 14:01:01,910 [Mini-Cluster-Provider-Reap] INFO  server.session (HouseKeeper.java:stopScavenging(149)) - node0 Stopped scavenging
2022-03-04 14:01:01,911 [Mini-Cluster-Provider-Reap] INFO  handler.ContextHandler (ContextHandler.java:doStop(1153)) - Stopped o.e.j.s.ServletContextHandler@f99e0b6{static,/static,file:///home/runner/work/ozone/ozone/hadoop-ozone/integration-test/target/test-classes/webapps/static,STOPPED}
2022-03-04 14:01:01,911 [Mini-Cluster-Provider-Reap] INFO  handler.ContextHandler (ContextHandler.java:doStop(1153)) - Stopped o.e.j.s.ServletContextHandler@718fadc8{logs,/logs,file:///home/runner/work/ozone/ozone/hadoop-ozone/integration-test/target/log,STOPPED}
2022-03-04 14:01:01,917 [Mini-Cluster-Provider-Reap] INFO  ozone.MiniOzoneClusterImpl (MiniOzoneClusterImpl.java:stopDatanodes(523)) - Stopping the HddsDatanodes
2022-03-04 14:01:01,943 [c3676fd2-aa1d-4bad-a43e-86e50d6cf352@group-11231ED04B9B-FollowerState] INFO  impl.FollowerState (FollowerState.java:run(134)) - c3676fd2-aa1d-4bad-a43e-86e50d6cf352@group-11231ED04B9B-FollowerState: change to CANDIDATE, lastRpcElapsedTime:5029202555ns, electionTimeout:5024ms
2022-03-04 14:01:01,943 [c3676fd2-aa1d-4bad-a43e-86e50d6cf352@group-11231ED04B9B-FollowerState] INFO  impl.RoleInfo (RoleInfo.java:shutdownFollowerState(108)) - c3676fd2-aa1d-4bad-a43e-86e50d6cf352: shutdown c3676fd2-aa1d-4bad-a43e-86e50d6cf352@group-11231ED04B9B-FollowerState
2022-03-04 14:01:01,943 [c3676fd2-aa1d-4bad-a43e-86e50d6cf352@group-11231ED04B9B-FollowerState] INFO  server.RaftServer$Division (RaftServerImpl.java:setRole(290)) - c3676fd2-aa1d-4bad-a43e-86e50d6cf352@group-11231ED04B9B: changes role from  FOLLOWER to CANDIDATE at term 2 for changeToCandidate
2022-03-04 14:01:01,944 [c3676fd2-aa1d-4bad-a43e-86e50d6cf352@group-11231ED04B9B-FollowerState] INFO  server.RaftServerConfigKeys (ConfUtils.java:logGet(44)) - raft.server.leaderelection.pre-vote = false (custom)
2022-03-04 14:01:01,944 [c3676fd2-aa1d-4bad-a43e-86e50d6cf352@group-11231ED04B9B-FollowerState] INFO  impl.RoleInfo (RoleInfo.java:updateAndGet(130)) - c3676fd2-aa1d-4bad-a43e-86e50d6cf352: start c3676fd2-aa1d-4bad-a43e-86e50d6cf352@group-11231ED04B9B-LeaderElection34
2022-03-04 14:01:01,957 [c3676fd2-aa1d-4bad-a43e-86e50d6cf352@group-11231ED04B9B-LeaderElection34] INFO  impl.LeaderElection (LeaderElection.java:askForVotes(306)) - c3676fd2-aa1d-4bad-a43e-86e50d6cf352@group-11231ED04B9B-LeaderElection34 ELECTION round 0: submit vote requests at term 3 for -1: [c3676fd2-aa1d-4bad-a43e-86e50d6cf352|rpc:10.1.0.50:39689|dataStream:|priority:0, c2ce8477-23c6-43df-953a-8ac050b841b2|rpc:10.1.0.50:39661|dataStream:|priority:1, 8584c99c-b1f6-49cb-b2cc-ee99e5d5bcfa|rpc:10.1.0.50:38771|dataStream:|priority:0], old=null
2022-03-04 14:01:01,960 [grpc-default-executor-0] INFO  server.RaftServer$Division (RaftServerImpl.java:requestVote(1046)) - c2ce8477-23c6-43df-953a-8ac050b841b2@group-11231ED04B9B: receive requestVote(ELECTION, c3676fd2-aa1d-4bad-a43e-86e50d6cf352, group-11231ED04B9B, 3, (t:0, i:0))
2022-03-04 14:01:01,960 [grpc-default-executor-0] INFO  impl.VoteContext (VoteContext.java:log(48)) - c2ce8477-23c6-43df-953a-8ac050b841b2@group-11231ED04B9B-FOLLOWER: reject ELECTION from c3676fd2-aa1d-4bad-a43e-86e50d6cf352: our priority 1 > candidate's priority 0
2022-03-04 14:01:01,960 [grpc-default-executor-0] INFO  server.RaftServer$Division (RaftServerImpl.java:setRole(290)) - c2ce8477-23c6-43df-953a-8ac050b841b2@group-11231ED04B9B: changes role from  FOLLOWER to FOLLOWER at term 3 for candidate:c3676fd2-aa1d-4bad-a43e-86e50d6cf352
2022-03-04 14:01:01,960 [grpc-default-executor-0] INFO  impl.RoleInfo (RoleInfo.java:shutdownFollowerState(108)) - c2ce8477-23c6-43df-953a-8ac050b841b2: shutdown c2ce8477-23c6-43df-953a-8ac050b841b2@group-11231ED04B9B-FollowerState
2022-03-04 14:01:01,963 [grpc-default-executor-0] INFO  impl.RoleInfo (RoleInfo.java:updateAndGet(130)) - c2ce8477-23c6-43df-953a-8ac050b841b2: start c2ce8477-23c6-43df-953a-8ac050b841b2@group-11231ED04B9B-FollowerState
2022-03-04 14:01:01,964 [grpc-default-executor-4] INFO  server.RaftServer$Division (RaftServerImpl.java:requestVote(1046)) - 8584c99c-b1f6-49cb-b2cc-ee99e5d5bcfa@group-11231ED04B9B: receive requestVote(ELECTION, c3676fd2-aa1d-4bad-a43e-86e50d6cf352, group-11231ED04B9B, 3, (t:0, i:0))
2022-03-04 14:01:01,964 [grpc-default-executor-4] INFO  impl.VoteContext (VoteContext.java:log(48)) - 8584c99c-b1f6-49cb-b2cc-ee99e5d5bcfa@group-11231ED04B9B-FOLLOWER: accept ELECTION from c3676fd2-aa1d-4bad-a43e-86e50d6cf352: our priority 0 <= candidate's priority 0
2022-03-04 14:01:01,965 [grpc-default-executor-4] INFO  server.RaftServer$Division (RaftServerImpl.java:setRole(290)) - 8584c99c-b1f6-49cb-b2cc-ee99e5d5bcfa@group-11231ED04B9B: changes role from  FOLLOWER to FOLLOWER at term 3 for candidate:c3676fd2-aa1d-4bad-a43e-86e50d6cf352
2022-03-04 14:01:01,965 [grpc-default-executor-4] INFO  impl.RoleInfo (RoleInfo.java:shutdownFollowerState(108)) - 8584c99c-b1f6-49cb-b2cc-ee99e5d5bcfa: shutdown 8584c99c-b1f6-49cb-b2cc-ee99e5d5bcfa@group-11231ED04B9B-FollowerState
2022-03-04 14:01:01,966 [grpc-default-executor-4] INFO  impl.RoleInfo (RoleInfo.java:updateAndGet(130)) - 8584c99c-b1f6-49cb-b2cc-ee99e5d5bcfa: start 8584c99c-b1f6-49cb-b2cc-ee99e5d5bcfa@group-11231ED04B9B-FollowerState
2022-03-04 14:01:01,966 [8584c99c-b1f6-49cb-b2cc-ee99e5d5bcfa@group-11231ED04B9B-FollowerState] INFO  impl.FollowerState (FollowerState.java:run(143)) - 8584c99c-b1f6-49cb-b2cc-ee99e5d5bcfa@group-11231ED04B9B-FollowerState was interrupted: {}
java.lang.InterruptedException: sleep interrupted
	at java.lang.Thread.sleep(Native Method)
	at java.lang.Thread.sleep(Thread.java:342)
	at java.util.concurrent.TimeUnit.sleep(TimeUnit.java:386)
	at org.apache.ratis.util.TimeDuration.sleep(TimeDuration.java:324)
	at org.apache.ratis.util.TimeDuration.sleep(TimeDuration.java:309)
	at org.apache.ratis.server.impl.FollowerState.run(FollowerState.java:118)
2022-03-04 14:01:01,969 [grpc-default-executor-0] INFO  server.RaftServer$Division (RaftServerImpl.java:requestVote(1078)) - c2ce8477-23c6-43df-953a-8ac050b841b2@group-11231ED04B9B replies to ELECTION vote request: c3676fd2-aa1d-4bad-a43e-86e50d6cf352<-c2ce8477-23c6-43df-953a-8ac050b841b2#0:FAIL-t3. Peer's state: c2ce8477-23c6-43df-953a-8ac050b841b2@group-11231ED04B9B:t3, leader=null, voted=null, raftlog=c2ce8477-23c6-43df-953a-8ac050b841b2@group-11231ED04B9B-SegmentedRaftLog:OPENED:c-1, conf=-1: [c3676fd2-aa1d-4bad-a43e-86e50d6cf352|rpc:10.1.0.50:39689|priority:0, c2ce8477-23c6-43df-953a-8ac050b841b2|rpc:10.1.0.50:39661|priority:1, 8584c99c-b1f6-49cb-b2cc-ee99e5d5bcfa|rpc:10.1.0.50:38771|priority:0], old=null
2022-03-04 14:01:01,971 [c2ce8477-23c6-43df-953a-8ac050b841b2@group-11231ED04B9B-FollowerState] INFO  impl.FollowerState (FollowerState.java:run(143)) - c2ce8477-23c6-43df-953a-8ac050b841b2@group-11231ED04B9B-FollowerState was interrupted: {}
java.lang.InterruptedException: sleep interrupted
	at java.lang.Thread.sleep(Native Method)
	at java.lang.Thread.sleep(Thread.java:342)
	at java.util.concurrent.TimeUnit.sleep(TimeUnit.java:386)
	at org.apache.ratis.util.TimeDuration.sleep(TimeDuration.java:324)
	at org.apache.ratis.util.TimeDuration.sleep(TimeDuration.java:309)
	at org.apache.ratis.server.impl.FollowerState.run(FollowerState.java:118)
2022-03-04 14:01:01,972 [grpc-default-executor-4] INFO  server.RaftServer$Division (RaftServerImpl.java:requestVote(1078)) - 8584c99c-b1f6-49cb-b2cc-ee99e5d5bcfa@group-11231ED04B9B replies to ELECTION vote request: c3676fd2-aa1d-4bad-a43e-86e50d6cf352<-8584c99c-b1f6-49cb-b2cc-ee99e5d5bcfa#0:OK-t3. Peer's state: 8584c99c-b1f6-49cb-b2cc-ee99e5d5bcfa@group-11231ED04B9B:t3, leader=null, voted=c3676fd2-aa1d-4bad-a43e-86e50d6cf352, raftlog=8584c99c-b1f6-49cb-b2cc-ee99e5d5bcfa@group-11231ED04B9B-SegmentedRaftLog:OPENED:c-1, conf=-1: [c3676fd2-aa1d-4bad-a43e-86e50d6cf352|rpc:10.1.0.50:39689|priority:0, c2ce8477-23c6-43df-953a-8ac050b841b2|rpc:10.1.0.50:39661|priority:1, 8584c99c-b1f6-49cb-b2cc-ee99e5d5bcfa|rpc:10.1.0.50:38771|priority:0], old=null
2022-03-04 14:01:01,978 [c3676fd2-aa1d-4bad-a43e-86e50d6cf352@group-11231ED04B9B-LeaderElection34] INFO  impl.LeaderElection (LeaderElection.java:logAndReturn(89)) - c3676fd2-aa1d-4bad-a43e-86e50d6cf352@group-11231ED04B9B-LeaderElection34: ELECTION REJECTED received 1 response(s) and 0 exception(s):
2022-03-04 14:01:01,978 [c3676fd2-aa1d-4bad-a43e-86e50d6cf352@group-11231ED04B9B-LeaderElection34] INFO  impl.LeaderElection (LeaderElection.java:logAndReturn(93)) -   Response 0: c3676fd2-aa1d-4bad-a43e-86e50d6cf352<-c2ce8477-23c6-43df-953a-8ac050b841b2#0:FAIL-t3
2022-03-04 14:01:01,978 [c3676fd2-aa1d-4bad-a43e-86e50d6cf352@group-11231ED04B9B-LeaderElection34] INFO  impl.LeaderElection (LeaderElection.java:askForVotes(308)) - c3676fd2-aa1d-4bad-a43e-86e50d6cf352@group-11231ED04B9B-LeaderElection34 ELECTION round 0: result REJECTED
2022-03-04 14:01:01,978 [c3676fd2-aa1d-4bad-a43e-86e50d6cf352@group-11231ED04B9B-LeaderElection34] INFO  server.RaftServer$Division (RaftServerImpl.java:setRole(290)) - c3676fd2-aa1d-4bad-a43e-86e50d6cf352@group-11231ED04B9B: changes role from CANDIDATE to FOLLOWER at term 3 for REJECTED
2022-03-04 14:01:01,978 [c3676fd2-aa1d-4bad-a43e-86e50d6cf352@group-11231ED04B9B-LeaderElection34] INFO  impl.RoleInfo (RoleInfo.java:shutdownLeaderElection(121)) - c3676fd2-aa1d-4bad-a43e-86e50d6cf352: shutdown c3676fd2-aa1d-4bad-a43e-86e50d6cf352@group-11231ED04B9B-LeaderElection34
2022-03-04 14:01:01,978 [c3676fd2-aa1d-4bad-a43e-86e50d6cf352@group-11231ED04B9B-LeaderElection34] INFO  impl.RoleInfo (RoleInfo.java:updateAndGet(130)) - c3676fd2-aa1d-4bad-a43e-86e50d6cf352: start c3676fd2-aa1d-4bad-a43e-86e50d6cf352@group-11231ED04B9B-FollowerState
2022-03-04 14:01:02,418 [ReplicationMonitor] INFO  container.ReplicationManager (ReplicationManager.java:processAll(387)) - Replication Monitor Thread took 0 milliseconds for processing 6 containers.
2022-03-04 14:01:03,419 [ReplicationMonitor] INFO  container.ReplicationManager (ReplicationManager.java:processAll(387)) - Replication Monitor Thread took 0 milliseconds for processing 6 containers.
2022-03-04 14:01:03,444 [Mini-Cluster-Provider-Reap] INFO  ozoneimpl.OzoneContainer (OzoneContainer.java:stop(356)) - Attempting to stop container services.
2022-03-04 14:01:03,445 [Mini-Cluster-Provider-Reap] INFO  server.RaftServer (RaftServerProxy.java:lambda$close$6(391)) - 76b7efd9-abe0-4dc6-ba7e-a9f3d34fee65: close
2022-03-04 14:01:03,445 [Mini-Cluster-Provider-Reap] INFO  server.RaftServer$Division (RaftServerImpl.java:lambda$close$4(412)) - 76b7efd9-abe0-4dc6-ba7e-a9f3d34fee65@group-07627FA5A2A1: shutdown
2022-03-04 14:01:03,445 [Mini-Cluster-Provider-Reap] INFO  util.JmxRegister (JmxRegister.java:unregister(73)) - Successfully un-registered JMX Bean with object name Ratis:service=RaftServer,group=group-07627FA5A2A1,id=76b7efd9-abe0-4dc6-ba7e-a9f3d34fee65
2022-03-04 14:01:03,445 [Mini-Cluster-Provider-Reap] INFO  impl.RoleInfo (RoleInfo.java:shutdownLeaderState(91)) - 76b7efd9-abe0-4dc6-ba7e-a9f3d34fee65: shutdown 76b7efd9-abe0-4dc6-ba7e-a9f3d34fee65@group-07627FA5A2A1-LeaderStateImpl
2022-03-04 14:01:03,446 [Mini-Cluster-Provider-Reap] INFO  impl.PendingRequests (PendingRequests.java:sendNotLeaderResponses(282)) - 76b7efd9-abe0-4dc6-ba7e-a9f3d34fee65@group-07627FA5A2A1-PendingRequests: sendNotLeaderResponses
2022-03-04 14:01:03,446 [Mini-Cluster-Provider-Reap] INFO  impl.StateMachineUpdater (StateMachineUpdater.java:stopAndJoin(149)) - 76b7efd9-abe0-4dc6-ba7e-a9f3d34fee65@group-07627FA5A2A1-StateMachineUpdater: set stopIndex = 0
2022-03-04 14:01:03,446 [76b7efd9-abe0-4dc6-ba7e-a9f3d34fee65@group-07627FA5A2A1-StateMachineUpdater] INFO  ratis.ContainerStateMachine (ContainerStateMachine.java:takeSnapshot(304)) - group-07627FA5A2A1: Taking a snapshot at:(t:1, i:0) file /home/runner/work/ozone/ozone/hadoop-ozone/integration-test/target/test-dir/MiniOzoneClusterImpl-10321a66-a57b-4da4-a5d8-14fb1947f354/datanode-3/data/ratis/94635bfd-4060-451f-8bd6-07627fa5a2a1/sm/snapshot.1_0
2022-03-04 14:01:03,450 [76b7efd9-abe0-4dc6-ba7e-a9f3d34fee65@group-07627FA5A2A1-StateMachineUpdater] INFO  ratis.ContainerStateMachine (ContainerStateMachine.java:takeSnapshot(315)) - group-07627FA5A2A1: Finished taking a snapshot at:(t:1, i:0) file:/home/runner/work/ozone/ozone/hadoop-ozone/integration-test/target/test-dir/MiniOzoneClusterImpl-10321a66-a57b-4da4-a5d8-14fb1947f354/datanode-3/data/ratis/94635bfd-4060-451f-8bd6-07627fa5a2a1/sm/snapshot.1_0 took: 4 ms
2022-03-04 14:01:03,450 [76b7efd9-abe0-4dc6-ba7e-a9f3d34fee65@group-07627FA5A2A1-StateMachineUpdater] INFO  impl.StateMachineUpdater (StateMachineUpdater.java:takeSnapshot(281)) - 76b7efd9-abe0-4dc6-ba7e-a9f3d34fee65@group-07627FA5A2A1-StateMachineUpdater: Took a snapshot at index 0
2022-03-04 14:01:03,450 [76b7efd9-abe0-4dc6-ba7e-a9f3d34fee65@group-07627FA5A2A1-StateMachineUpdater] INFO  impl.StateMachineUpdater (StateMachineUpdater.java:lambda$new$0(89)) - 76b7efd9-abe0-4dc6-ba7e-a9f3d34fee65@group-07627FA5A2A1-StateMachineUpdater: snapshotIndex: updateIncreasingly -1 -> 0
2022-03-04 14:01:03,450 [Mini-Cluster-Provider-Reap] INFO  server.RaftServer$Division (ServerState.java:close(419)) - 76b7efd9-abe0-4dc6-ba7e-a9f3d34fee65@group-07627FA5A2A1: closes. applyIndex: 0
2022-03-04 14:01:03,451 [76b7efd9-abe0-4dc6-ba7e-a9f3d34fee65@group-07627FA5A2A1-SegmentedRaftLogWorker] INFO  segmented.SegmentedRaftLogWorker (SegmentedRaftLogWorker.java:run(327)) - 76b7efd9-abe0-4dc6-ba7e-a9f3d34fee65@group-07627FA5A2A1-SegmentedRaftLogWorker was interrupted, exiting. There are 0 tasks remaining in the queue.
2022-03-04 14:01:03,451 [Mini-Cluster-Provider-Reap] INFO  segmented.SegmentedRaftLogWorker (SegmentedRaftLogWorker.java:close(237)) - 76b7efd9-abe0-4dc6-ba7e-a9f3d34fee65@group-07627FA5A2A1-SegmentedRaftLogWorker close()
2022-03-04 14:01:03,451 [Mini-Cluster-Provider-Reap] INFO  server.RaftServer$Division (RaftServerImpl.java:lambda$close$4(412)) - 76b7efd9-abe0-4dc6-ba7e-a9f3d34fee65@group-A142077A8439: shutdown
2022-03-04 14:01:03,451 [Mini-Cluster-Provider-Reap] INFO  util.JmxRegister (JmxRegister.java:unregister(73)) - Successfully un-registered JMX Bean with object name Ratis:service=RaftServer,group=group-A142077A8439,id=76b7efd9-abe0-4dc6-ba7e-a9f3d34fee65
2022-03-04 14:01:03,451 [Mini-Cluster-Provider-Reap] INFO  impl.RoleInfo (RoleInfo.java:shutdownFollowerState(108)) - 76b7efd9-abe0-4dc6-ba7e-a9f3d34fee65: shutdown 76b7efd9-abe0-4dc6-ba7e-a9f3d34fee65@group-A142077A8439-FollowerState
2022-03-04 14:01:03,452 [76b7efd9-abe0-4dc6-ba7e-a9f3d34fee65@group-A142077A8439-FollowerState] INFO  impl.FollowerState (FollowerState.java:run(143)) - 76b7efd9-abe0-4dc6-ba7e-a9f3d34fee65@group-A142077A8439-FollowerState was interrupted: {}
java.lang.InterruptedException: sleep interrupted
	at java.lang.Thread.sleep(Native Method)
	at java.lang.Thread.sleep(Thread.java:342)
	at java.util.concurrent.TimeUnit.sleep(TimeUnit.java:386)
	at org.apache.ratis.util.TimeDuration.sleep(TimeDuration.java:324)
	at org.apache.ratis.util.TimeDuration.sleep(TimeDuration.java:309)
	at org.apache.ratis.server.impl.FollowerState.run(FollowerState.java:118)
2022-03-04 14:01:03,453 [76b7efd9-abe0-4dc6-ba7e-a9f3d34fee65@group-A142077A8439-StateMachineUpdater] INFO  ratis.ContainerStateMachine (ContainerStateMachine.java:takeSnapshot(304)) - group-A142077A8439: Taking a snapshot at:(t:2, i:28) file /home/runner/work/ozone/ozone/hadoop-ozone/integration-test/target/test-dir/MiniOzoneClusterImpl-10321a66-a57b-4da4-a5d8-14fb1947f354/datanode-3/data/ratis/b636ce0a-b811-495b-814d-a142077a8439/sm/snapshot.2_28
2022-03-04 14:01:03,453 [Mini-Cluster-Provider-Reap] INFO  impl.StateMachineUpdater (StateMachineUpdater.java:stopAndJoin(149)) - 76b7efd9-abe0-4dc6-ba7e-a9f3d34fee65@group-A142077A8439-StateMachineUpdater: set stopIndex = 28
2022-03-04 14:01:03,454 [76b7efd9-abe0-4dc6-ba7e-a9f3d34fee65@group-A142077A8439-StateMachineUpdater] INFO  ratis.ContainerStateMachine (ContainerStateMachine.java:takeSnapshot(315)) - group-A142077A8439: Finished taking a snapshot at:(t:2, i:28) file:/home/runner/work/ozone/ozone/hadoop-ozone/integration-test/target/test-dir/MiniOzoneClusterImpl-10321a66-a57b-4da4-a5d8-14fb1947f354/datanode-3/data/ratis/b636ce0a-b811-495b-814d-a142077a8439/sm/snapshot.2_28 took: 1 ms
2022-03-04 14:01:03,454 [76b7efd9-abe0-4dc6-ba7e-a9f3d34fee65@group-A142077A8439-StateMachineUpdater] INFO  impl.StateMachineUpdater (StateMachineUpdater.java:takeSnapshot(281)) - 76b7efd9-abe0-4dc6-ba7e-a9f3d34fee65@group-A142077A8439-StateMachineUpdater: Took a snapshot at index 28
2022-03-04 14:01:03,454 [76b7efd9-abe0-4dc6-ba7e-a9f3d34fee65@group-A142077A8439-StateMachineUpdater] INFO  impl.StateMachineUpdater (StateMachineUpdater.java:lambda$new$0(89)) - 76b7efd9-abe0-4dc6-ba7e-a9f3d34fee65@group-A142077A8439-StateMachineUpdater: snapshotIndex: updateIncreasingly -1 -> 28
2022-03-04 14:01:03,455 [Mini-Cluster-Provider-Reap] INFO  server.RaftServer$Division (ServerState.java:close(419)) - 76b7efd9-abe0-4dc6-ba7e-a9f3d34fee65@group-A142077A8439: closes. applyIndex: 28
2022-03-04 14:01:03,456 [76b7efd9-abe0-4dc6-ba7e-a9f3d34fee65@group-A142077A8439-SegmentedRaftLogWorker] INFO  segmented.SegmentedRaftLogWorker (SegmentedRaftLogWorker.java:run(327)) - 76b7efd9-abe0-4dc6-ba7e-a9f3d34fee65@group-A142077A8439-SegmentedRaftLogWorker was interrupted, exiting. There are 0 tasks remaining in the queue.
2022-03-04 14:01:03,456 [Mini-Cluster-Provider-Reap] INFO  segmented.SegmentedRaftLogWorker (SegmentedRaftLogWorker.java:close(237)) - 76b7efd9-abe0-4dc6-ba7e-a9f3d34fee65@group-A142077A8439-SegmentedRaftLogWorker close()
2022-03-04 14:01:03,457 [Mini-Cluster-Provider-Reap] INFO  server.GrpcService (GrpcService.java:closeImpl(262)) - 76b7efd9-abe0-4dc6-ba7e-a9f3d34fee65: shutdown server with port 39139 now
2022-03-04 14:01:03,467 [grpc-default-executor-4] WARN  server.GrpcLogAppender (LogUtils.java:warn(122)) - 9c2a821a-d00f-4116-a8fa-c740af3038b6@group-A142077A8439->76b7efd9-abe0-4dc6-ba7e-a9f3d34fee65-AppendLogResponseHandler: Failed appendEntries: org.apache.ratis.thirdparty.io.grpc.StatusRuntimeException: CANCELLED: HTTP/2 error code: CANCEL
Received Rst Stream
2022-03-04 14:01:03,467 [grpc-default-executor-0] WARN  server.GrpcServerProtocolService (LogUtils.java:warn(122)) - 76b7efd9-abe0-4dc6-ba7e-a9f3d34fee65: installSnapshot onError, lastRequest: 9c2a821a-d00f-4116-a8fa-c740af3038b6->76b7efd9-abe0-4dc6-ba7e-a9f3d34fee65#171-t2,previous=(t:2, i:27),leaderCommit=26,initializing? true,entries: size=1, first=(t:2, i:28), METADATAENTRY(c:26): org.apache.ratis.thirdparty.io.grpc.StatusRuntimeException: CANCELLED: client cancelled
2022-03-04 14:01:03,467 [grpc-default-executor-4] INFO  leader.FollowerInfo (FollowerInfoImpl.java:lambda$new$0(47)) - 9c2a821a-d00f-4116-a8fa-c740af3038b6@group-A142077A8439->76b7efd9-abe0-4dc6-ba7e-a9f3d34fee65: nextIndex: updateUnconditionally 29 -> 28
2022-03-04 14:01:03,480 [Mini-Cluster-Provider-Reap] INFO  server.GrpcService (GrpcService.java:closeImpl(271)) - 76b7efd9-abe0-4dc6-ba7e-a9f3d34fee65: shutdown server with port 39139 successfully
2022-03-04 14:01:03,480 [org.apache.ratis.util.JvmPauseMonitor$$Lambda$538/576839739@55401ef8] INFO  util.JvmPauseMonitor (JvmPauseMonitor.java:run(109)) - JvmPauseMonitor-76b7efd9-abe0-4dc6-ba7e-a9f3d34fee65: Stopped
2022-03-04 14:01:03,481 [grpc-default-executor-0] WARN  server.GrpcLogAppender (LogUtils.java:warn(122)) - 9c2a821a-d00f-4116-a8fa-c740af3038b6@group-A142077A8439->76b7efd9-abe0-4dc6-ba7e-a9f3d34fee65-AppendLogResponseHandler: Failed appendEntries: org.apache.ratis.thirdparty.io.grpc.StatusRuntimeException: UNAVAILABLE: io exception
2022-03-04 14:01:03,481 [grpc-default-executor-0] INFO  leader.FollowerInfo (FollowerInfoImpl.java:lambda$new$0(47)) - 9c2a821a-d00f-4116-a8fa-c740af3038b6@group-A142077A8439->76b7efd9-abe0-4dc6-ba7e-a9f3d34fee65: nextIndex: updateUnconditionally 29 -> 28
2022-03-04 14:01:03,895 [ForkJoinPool.commonPool-worker-1] INFO  ozoneimpl.OzoneContainer (OzoneContainer.java:stop(356)) - Attempting to stop container services.
2022-03-04 14:01:03,896 [ForkJoinPool.commonPool-worker-1] INFO  server.RaftServer (RaftServerProxy.java:lambda$close$6(391)) - c3676fd2-aa1d-4bad-a43e-86e50d6cf352: close
2022-03-04 14:01:03,896 [ForkJoinPool.commonPool-worker-1] INFO  server.RaftServer$Division (RaftServerImpl.java:lambda$close$4(412)) - c3676fd2-aa1d-4bad-a43e-86e50d6cf352@group-11231ED04B9B: shutdown
2022-03-04 14:01:03,896 [ForkJoinPool.commonPool-worker-1] INFO  util.JmxRegister (JmxRegister.java:unregister(73)) - Successfully un-registered JMX Bean with object name Ratis:service=RaftServer,group=group-11231ED04B9B,id=c3676fd2-aa1d-4bad-a43e-86e50d6cf352
2022-03-04 14:01:03,896 [ForkJoinPool.commonPool-worker-1] INFO  impl.RoleInfo (RoleInfo.java:shutdownFollowerState(108)) - c3676fd2-aa1d-4bad-a43e-86e50d6cf352: shutdown c3676fd2-aa1d-4bad-a43e-86e50d6cf352@group-11231ED04B9B-FollowerState
2022-03-04 14:01:03,896 [ForkJoinPool.commonPool-worker-1] INFO  impl.StateMachineUpdater (StateMachineUpdater.java:stopAndJoin(149)) - c3676fd2-aa1d-4bad-a43e-86e50d6cf352@group-11231ED04B9B-StateMachineUpdater: set stopIndex = -1
2022-03-04 14:01:03,896 [c3676fd2-aa1d-4bad-a43e-86e50d6cf352@group-11231ED04B9B-FollowerState] INFO  impl.FollowerState (FollowerState.java:run(143)) - c3676fd2-aa1d-4bad-a43e-86e50d6cf352@group-11231ED04B9B-FollowerState was interrupted: {}
java.lang.InterruptedException: sleep interrupted
	at java.lang.Thread.sleep(Native Method)
	at java.lang.Thread.sleep(Thread.java:342)
	at java.util.concurrent.TimeUnit.sleep(TimeUnit.java:386)
	at org.apache.ratis.util.TimeDuration.sleep(TimeDuration.java:324)
	at org.apache.ratis.util.TimeDuration.sleep(TimeDuration.java:309)
	at org.apache.ratis.server.impl.FollowerState.run(FollowerState.java:118)
2022-03-04 14:01:03,897 [ForkJoinPool.commonPool-worker-1] INFO  server.RaftServer$Division (ServerState.java:close(419)) - c3676fd2-aa1d-4bad-a43e-86e50d6cf352@group-11231ED04B9B: closes. applyIndex: -1
2022-03-04 14:01:03,897 [c3676fd2-aa1d-4bad-a43e-86e50d6cf352@group-11231ED04B9B-SegmentedRaftLogWorker] INFO  segmented.SegmentedRaftLogWorker (SegmentedRaftLogWorker.java:run(327)) - c3676fd2-aa1d-4bad-a43e-86e50d6cf352@group-11231ED04B9B-SegmentedRaftLogWorker was interrupted, exiting. There are 0 tasks remaining in the queue.
2022-03-04 14:01:03,897 [ForkJoinPool.commonPool-worker-1] INFO  segmented.SegmentedRaftLogWorker (SegmentedRaftLogWorker.java:close(237)) - c3676fd2-aa1d-4bad-a43e-86e50d6cf352@group-11231ED04B9B-SegmentedRaftLogWorker close()
2022-03-04 14:01:03,898 [ForkJoinPool.commonPool-worker-1] INFO  server.RaftServer$Division (RaftServerImpl.java:lambda$close$4(412)) - c3676fd2-aa1d-4bad-a43e-86e50d6cf352@group-696E569392EC: shutdown
2022-03-04 14:01:03,898 [ForkJoinPool.commonPool-worker-1] INFO  util.JmxRegister (JmxRegister.java:unregister(73)) - Successfully un-registered JMX Bean with object name Ratis:service=RaftServer,group=group-696E569392EC,id=c3676fd2-aa1d-4bad-a43e-86e50d6cf352
2022-03-04 14:01:03,898 [ForkJoinPool.commonPool-worker-1] INFO  impl.RoleInfo (RoleInfo.java:shutdownLeaderState(91)) - c3676fd2-aa1d-4bad-a43e-86e50d6cf352: shutdown c3676fd2-aa1d-4bad-a43e-86e50d6cf352@group-696E569392EC-LeaderStateImpl
2022-03-04 14:01:03,899 [ForkJoinPool.commonPool-worker-1] INFO  impl.PendingRequests (PendingRequests.java:sendNotLeaderResponses(282)) - c3676fd2-aa1d-4bad-a43e-86e50d6cf352@group-696E569392EC-PendingRequests: sendNotLeaderResponses
2022-03-04 14:01:03,902 [c3676fd2-aa1d-4bad-a43e-86e50d6cf352@group-696E569392EC-StateMachineUpdater] INFO  ratis.ContainerStateMachine (ContainerStateMachine.java:takeSnapshot(304)) - group-696E569392EC: Taking a snapshot at:(t:1, i:0) file /home/runner/work/ozone/ozone/hadoop-ozone/integration-test/target/test-dir/MiniOzoneClusterImpl-10321a66-a57b-4da4-a5d8-14fb1947f354/datanode-1/data/ratis/a4f516b1-88f4-4395-b2ba-696e569392ec/sm/snapshot.1_0
2022-03-04 14:01:03,902 [ForkJoinPool.commonPool-worker-1] INFO  impl.StateMachineUpdater (StateMachineUpdater.java:stopAndJoin(149)) - c3676fd2-aa1d-4bad-a43e-86e50d6cf352@group-696E569392EC-StateMachineUpdater: set stopIndex = 0
2022-03-04 14:01:03,903 [c3676fd2-aa1d-4bad-a43e-86e50d6cf352@group-696E569392EC-StateMachineUpdater] INFO  ratis.ContainerStateMachine (ContainerStateMachine.java:takeSnapshot(315)) - group-696E569392EC: Finished taking a snapshot at:(t:1, i:0) file:/home/runner/work/ozone/ozone/hadoop-ozone/integration-test/target/test-dir/MiniOzoneClusterImpl-10321a66-a57b-4da4-a5d8-14fb1947f354/datanode-1/data/ratis/a4f516b1-88f4-4395-b2ba-696e569392ec/sm/snapshot.1_0 took: 1 ms
2022-03-04 14:01:03,903 [c3676fd2-aa1d-4bad-a43e-86e50d6cf352@group-696E569392EC-StateMachineUpdater] INFO  impl.StateMachineUpdater (StateMachineUpdater.java:takeSnapshot(281)) - c3676fd2-aa1d-4bad-a43e-86e50d6cf352@group-696E569392EC-StateMachineUpdater: Took a snapshot at index 0
2022-03-04 14:01:03,903 [c3676fd2-aa1d-4bad-a43e-86e50d6cf352@group-696E569392EC-StateMachineUpdater] INFO  impl.StateMachineUpdater (StateMachineUpdater.java:lambda$new$0(89)) - c3676fd2-aa1d-4bad-a43e-86e50d6cf352@group-696E569392EC-StateMachineUpdater: snapshotIndex: updateIncreasingly -1 -> 0
2022-03-04 14:01:03,904 [ForkJoinPool.commonPool-worker-1] INFO  server.RaftServer$Division (ServerState.java:close(419)) - c3676fd2-aa1d-4bad-a43e-86e50d6cf352@group-696E569392EC: closes. applyIndex: 0
2022-03-04 14:01:03,904 [c3676fd2-aa1d-4bad-a43e-86e50d6cf352@group-696E569392EC-SegmentedRaftLogWorker] INFO  segmented.SegmentedRaftLogWorker (SegmentedRaftLogWorker.java:run(327)) - c3676fd2-aa1d-4bad-a43e-86e50d6cf352@group-696E569392EC-SegmentedRaftLogWorker was interrupted, exiting. There are 0 tasks remaining in the queue.
2022-03-04 14:01:03,904 [ForkJoinPool.commonPool-worker-1] INFO  segmented.SegmentedRaftLogWorker (SegmentedRaftLogWorker.java:close(237)) - c3676fd2-aa1d-4bad-a43e-86e50d6cf352@group-696E569392EC-SegmentedRaftLogWorker close()
2022-03-04 14:01:03,905 [ForkJoinPool.commonPool-worker-1] INFO  server.GrpcService (GrpcService.java:closeImpl(262)) - c3676fd2-aa1d-4bad-a43e-86e50d6cf352: shutdown server with port 39689 now
2022-03-04 14:01:03,907 [grpc-default-executor-4] WARN  client.GrpcClientProtocolService (LogUtils.java:warn(122)) - 1-UnorderedRequestStreamObserver1: onError: org.apache.ratis.thirdparty.io.grpc.StatusRuntimeException: CANCELLED: client cancelled
2022-03-04 14:01:03,936 [ForkJoinPool.commonPool-worker-1] INFO  server.GrpcService (GrpcService.java:closeImpl(271)) - c3676fd2-aa1d-4bad-a43e-86e50d6cf352: shutdown server with port 39689 successfully
2022-03-04 14:01:03,938 [org.apache.ratis.util.JvmPauseMonitor$$Lambda$538/576839739@329c29ae] INFO  util.JvmPauseMonitor (JvmPauseMonitor.java:run(109)) - JvmPauseMonitor-c3676fd2-aa1d-4bad-a43e-86e50d6cf352: Stopped
2022-03-04 14:01:04,040 [EventQueue-StaleNodeForStaleNodeHandler] INFO  node.StaleNodeHandler (StaleNodeHandler.java:onMessage(58)) - Datanode 76b7efd9-abe0-4dc6-ba7e-a9f3d34fee65{ip: 10.1.0.50, host: fv-az294-754.eaanfquahm5ulb5tj050gcxych.jx.internal.cloudapp.net, ports: [REPLICATION=40833, RATIS=39139, RATIS_ADMIN=39139, RATIS_SERVER=39139, STANDALONE=43719], networkLocation: /default-rack, certSerialId: null, persistedOpState: IN_SERVICE, persistedOpStateExpiryEpochSec: 0} moved to stale state. Finalizing its pipelines [PipelineID=94635bfd-4060-451f-8bd6-07627fa5a2a1, PipelineID=b636ce0a-b811-495b-814d-a142077a8439]
2022-03-04 14:01:04,041 [EventQueue-StaleNodeForStaleNodeHandler] INFO  pipeline.PipelineManagerImpl (PipelineManagerImpl.java:closePipeline(365)) - Pipeline Pipeline[ Id: 94635bfd-4060-451f-8bd6-07627fa5a2a1, Nodes: 76b7efd9-abe0-4dc6-ba7e-a9f3d34fee65{ip: 10.1.0.50, host: fv-az294-754.eaanfquahm5ulb5tj050gcxych.jx.internal.cloudapp.net, ports: [REPLICATION=40833, RATIS=39139, RATIS_ADMIN=39139, RATIS_SERVER=39139, STANDALONE=43719], networkLocation: /default-rack, certSerialId: null, persistedOpState: IN_SERVICE, persistedOpStateExpiryEpochSec: 0}, ReplicationConfig: RATIS/ONE, State:OPEN, leaderId:76b7efd9-abe0-4dc6-ba7e-a9f3d34fee65, CreationTimestamp2022-03-04T14:00:06.697Z[Etc/UTC]] moved to CLOSED state
2022-03-04 14:01:04,042 [EventQueue-CloseContainerForCloseContainerEventHandler] INFO  container.CloseContainerEventHandler (CloseContainerEventHandler.java:onMessage(69)) - Close container Event triggered for container : #4
2022-03-04 14:01:04,042 [EventQueue-StaleNodeForStaleNodeHandler] INFO  pipeline.PipelineManagerImpl (PipelineManagerImpl.java:closeContainersForPipeline(344)) - Container #4 closed for pipeline=PipelineID=b636ce0a-b811-495b-814d-a142077a8439
2022-03-04 14:01:04,042 [EventQueue-CloseContainerForCloseContainerEventHandler] INFO  container.CloseContainerEventHandler (CloseContainerEventHandler.java:onMessage(69)) - Close container Event triggered for container : #5
2022-03-04 14:01:04,042 [EventQueue-StaleNodeForStaleNodeHandler] INFO  pipeline.PipelineManagerImpl (PipelineManagerImpl.java:closeContainersForPipeline(344)) - Container #5 closed for pipeline=PipelineID=b636ce0a-b811-495b-814d-a142077a8439
2022-03-04 14:01:04,042 [EventQueue-CloseContainerForCloseContainerEventHandler] INFO  container.CloseContainerEventHandler (CloseContainerEventHandler.java:onMessage(69)) - Close container Event triggered for container : #6
2022-03-04 14:01:04,042 [EventQueue-StaleNodeForStaleNodeHandler] INFO  pipeline.PipelineManagerImpl (PipelineManagerImpl.java:closeContainersForPipeline(344)) - Container #6 closed for pipeline=PipelineID=b636ce0a-b811-495b-814d-a142077a8439
2022-03-04 14:01:04,043 [EventQueue-StaleNodeForStaleNodeHandler] INFO  pipeline.PipelineManagerImpl (PipelineManagerImpl.java:closePipeline(365)) - Pipeline Pipeline[ Id: b636ce0a-b811-495b-814d-a142077a8439, Nodes: 9c2a821a-d00f-4116-a8fa-c740af3038b6{ip: 10.1.0.50, host: fv-az294-754.eaanfquahm5ulb5tj050gcxych.jx.internal.cloudapp.net, ports: [REPLICATION=38289, RATIS=44521, RATIS_ADMIN=44521, RATIS_SERVER=44521, STANDALONE=41355], networkLocation: /default-rack, certSerialId: null, persistedOpState: IN_SERVICE, persistedOpStateExpiryEpochSec: 0}f167d004-0a2a-461f-8684-7214b8d7ee2a{ip: 10.1.0.50, host: fv-az294-754.eaanfquahm5ulb5tj050gcxych.jx.internal.cloudapp.net, ports: [REPLICATION=33741, RATIS=37457, RATIS_ADMIN=37457, RATIS_SERVER=37457, STANDALONE=39283], networkLocation: /default-rack, certSerialId: null, persistedOpState: IN_SERVICE, persistedOpStateExpiryEpochSec: 0}76b7efd9-abe0-4dc6-ba7e-a9f3d34fee65{ip: 10.1.0.50, host: fv-az294-754.eaanfquahm5ulb5tj050gcxych.jx.internal.cloudapp.net, ports: [REPLICATION=40833, RATIS=39139, RATIS_ADMIN=39139, RATIS_SERVER=39139, STANDALONE=43719], networkLocation: /default-rack, certSerialId: null, persistedOpState: IN_SERVICE, persistedOpStateExpiryEpochSec: 0}, ReplicationConfig: RATIS/THREE, State:OPEN, leaderId:9c2a821a-d00f-4116-a8fa-c740af3038b6, CreationTimestamp2022-03-04T14:00:07.459Z[Etc/UTC]] moved to CLOSED state
2022-03-04 14:01:04,419 [ReplicationMonitor] INFO  container.ReplicationManager (ReplicationManager.java:sendCloseCommand(1540)) - Sending close container command for container #4 to datanode 9c2a821a-d00f-4116-a8fa-c740af3038b6{ip: 10.1.0.50, host: fv-az294-754.eaanfquahm5ulb5tj050gcxych.jx.internal.cloudapp.net, ports: [REPLICATION=38289, RATIS=44521, RATIS_ADMIN=44521, RATIS_SERVER=44521, STANDALONE=41355], networkLocation: /default-rack, certSerialId: null, persistedOpState: IN_SERVICE, persistedOpStateExpiryEpochSec: 0}.
2022-03-04 14:01:04,419 [ReplicationMonitor] INFO  container.ReplicationManager (ReplicationManager.java:sendCloseCommand(1540)) - Sending close container command for container #4 to datanode f167d004-0a2a-461f-8684-7214b8d7ee2a{ip: 10.1.0.50, host: fv-az294-754.eaanfquahm5ulb5tj050gcxych.jx.internal.cloudapp.net, ports: [REPLICATION=33741, RATIS=37457, RATIS_ADMIN=37457, RATIS_SERVER=37457, STANDALONE=39283], networkLocation: /default-rack, certSerialId: null, persistedOpState: IN_SERVICE, persistedOpStateExpiryEpochSec: 0}.
2022-03-04 14:01:04,419 [ReplicationMonitor] INFO  container.ReplicationManager (ReplicationManager.java:sendCloseCommand(1540)) - Sending close container command for container #4 to datanode 76b7efd9-abe0-4dc6-ba7e-a9f3d34fee65{ip: 10.1.0.50, host: fv-az294-754.eaanfquahm5ulb5tj050gcxych.jx.internal.cloudapp.net, ports: [REPLICATION=40833, RATIS=39139, RATIS_ADMIN=39139, RATIS_SERVER=39139, STANDALONE=43719], networkLocation: /default-rack, certSerialId: null, persistedOpState: IN_SERVICE, persistedOpStateExpiryEpochSec: 0}.
2022-03-04 14:01:04,419 [ReplicationMonitor] INFO  container.ReplicationManager (ReplicationManager.java:sendCloseCommand(1540)) - Sending close container command for container #5 to datanode f167d004-0a2a-461f-8684-7214b8d7ee2a{ip: 10.1.0.50, host: fv-az294-754.eaanfquahm5ulb5tj050gcxych.jx.internal.cloudapp.net, ports: [REPLICATION=33741, RATIS=37457, RATIS_ADMIN=37457, RATIS_SERVER=37457, STANDALONE=39283], networkLocation: /default-rack, certSerialId: null, persistedOpState: IN_SERVICE, persistedOpStateExpiryEpochSec: 0}.
2022-03-04 14:01:04,419 [ReplicationMonitor] INFO  container.ReplicationManager (ReplicationManager.java:sendCloseCommand(1540)) - Sending close container command for container #5 to datanode 76b7efd9-abe0-4dc6-ba7e-a9f3d34fee65{ip: 10.1.0.50, host: fv-az294-754.eaanfquahm5ulb5tj050gcxych.jx.internal.cloudapp.net, ports: [REPLICATION=40833, RATIS=39139, RATIS_ADMIN=39139, RATIS_SERVER=39139, STANDALONE=43719], networkLocation: /default-rack, certSerialId: null, persistedOpState: IN_SERVICE, persistedOpStateExpiryEpochSec: 0}.
2022-03-04 14:01:04,419 [ReplicationMonitor] INFO  container.ReplicationManager (ReplicationManager.java:sendCloseCommand(1540)) - Sending close container command for container #5 to datanode 9c2a821a-d00f-4116-a8fa-c740af3038b6{ip: 10.1.0.50, host: fv-az294-754.eaanfquahm5ulb5tj050gcxych.jx.internal.cloudapp.net, ports: [REPLICATION=38289, RATIS=44521, RATIS_ADMIN=44521, RATIS_SERVER=44521, STANDALONE=41355], networkLocation: /default-rack, certSerialId: null, persistedOpState: IN_SERVICE, persistedOpStateExpiryEpochSec: 0}.
2022-03-04 14:01:04,419 [ReplicationMonitor] INFO  container.ReplicationManager (ReplicationManager.java:sendCloseCommand(1540)) - Sending close container command for container #6 to datanode 9c2a821a-d00f-4116-a8fa-c740af3038b6{ip: 10.1.0.50, host: fv-az294-754.eaanfquahm5ulb5tj050gcxych.jx.internal.cloudapp.net, ports: [REPLICATION=38289, RATIS=44521, RATIS_ADMIN=44521, RATIS_SERVER=44521, STANDALONE=41355], networkLocation: /default-rack, certSerialId: null, persistedOpState: IN_SERVICE, persistedOpStateExpiryEpochSec: 0}.
2022-03-04 14:01:04,420 [ReplicationMonitor] INFO  container.ReplicationManager (ReplicationManager.java:sendCloseCommand(1540)) - Sending close container command for container #6 to datanode 76b7efd9-abe0-4dc6-ba7e-a9f3d34fee65{ip: 10.1.0.50, host: fv-az294-754.eaanfquahm5ulb5tj050gcxych.jx.internal.cloudapp.net, ports: [REPLICATION=40833, RATIS=39139, RATIS_ADMIN=39139, RATIS_SERVER=39139, STANDALONE=43719], networkLocation: /default-rack, certSerialId: null, persistedOpState: IN_SERVICE, persistedOpStateExpiryEpochSec: 0}.
2022-03-04 14:01:04,420 [ReplicationMonitor] INFO  container.ReplicationManager (ReplicationManager.java:sendCloseCommand(1540)) - Sending close container command for container #6 to datanode f167d004-0a2a-461f-8684-7214b8d7ee2a{ip: 10.1.0.50, host: fv-az294-754.eaanfquahm5ulb5tj050gcxych.jx.internal.cloudapp.net, ports: [REPLICATION=33741, RATIS=37457, RATIS_ADMIN=37457, RATIS_SERVER=37457, STANDALONE=39283], networkLocation: /default-rack, certSerialId: null, persistedOpState: IN_SERVICE, persistedOpStateExpiryEpochSec: 0}.
2022-03-04 14:01:04,420 [ReplicationMonitor] INFO  container.ReplicationManager (ReplicationManager.java:processAll(387)) - Replication Monitor Thread took 1 milliseconds for processing 6 containers.
2022-03-04 14:01:04,841 [EventQueue-StaleNodeForStaleNodeHandler] INFO  node.StaleNodeHandler (StaleNodeHandler.java:onMessage(58)) - Datanode c3676fd2-aa1d-4bad-a43e-86e50d6cf352{ip: 10.1.0.50, host: fv-az294-754.eaanfquahm5ulb5tj050gcxych.jx.internal.cloudapp.net, ports: [REPLICATION=46363, RATIS=39689, RATIS_ADMIN=39689, RATIS_SERVER=39689, STANDALONE=42507], networkLocation: /default-rack, certSerialId: null, persistedOpState: IN_SERVICE, persistedOpStateExpiryEpochSec: 0} moved to stale state. Finalizing its pipelines [PipelineID=647e4461-843f-4649-a645-11231ed04b9b, PipelineID=a4f516b1-88f4-4395-b2ba-696e569392ec]
2022-03-04 14:01:04,842 [EventQueue-StaleNodeForStaleNodeHandler] INFO  pipeline.PipelineManagerImpl (PipelineManagerImpl.java:closePipeline(365)) - Pipeline Pipeline[ Id: 647e4461-843f-4649-a645-11231ed04b9b, Nodes: c3676fd2-aa1d-4bad-a43e-86e50d6cf352{ip: 10.1.0.50, host: fv-az294-754.eaanfquahm5ulb5tj050gcxych.jx.internal.cloudapp.net, ports: [REPLICATION=46363, RATIS=39689, RATIS_ADMIN=39689, RATIS_SERVER=39689, STANDALONE=42507], networkLocation: /default-rack, certSerialId: null, persistedOpState: IN_MAINTENANCE, persistedOpStateExpiryEpochSec: 0}c2ce8477-23c6-43df-953a-8ac050b841b2{ip: 10.1.0.50, host: fv-az294-754.eaanfquahm5ulb5tj050gcxych.jx.internal.cloudapp.net, ports: [REPLICATION=38453, RATIS=39661, RATIS_ADMIN=39661, RATIS_SERVER=39661, STANDALONE=37185], networkLocation: /default-rack, certSerialId: null, persistedOpState: IN_MAINTENANCE, persistedOpStateExpiryEpochSec: 0}8584c99c-b1f6-49cb-b2cc-ee99e5d5bcfa{ip: 10.1.0.50, host: fv-az294-754.eaanfquahm5ulb5tj050gcxych.jx.internal.cloudapp.net, ports: [REPLICATION=44081, RATIS=38771, RATIS_ADMIN=38771, RATIS_SERVER=38771, STANDALONE=39225], networkLocation: /default-rack, certSerialId: null, persistedOpState: IN_MAINTENANCE, persistedOpStateExpiryEpochSec: 0}, ReplicationConfig: RATIS/THREE, State:ALLOCATED, leaderId:, CreationTimestamp2022-03-04T14:00:45.367Z[Etc/UTC]] moved to CLOSED state
2022-03-04 14:01:04,842 [EventQueue-StaleNodeForStaleNodeHandler] INFO  pipeline.PipelineManagerImpl (PipelineManagerImpl.java:closePipeline(365)) - Pipeline Pipeline[ Id: a4f516b1-88f4-4395-b2ba-696e569392ec, Nodes: c3676fd2-aa1d-4bad-a43e-86e50d6cf352{ip: 10.1.0.50, host: fv-az294-754.eaanfquahm5ulb5tj050gcxych.jx.internal.cloudapp.net, ports: [REPLICATION=46363, RATIS=39689, RATIS_ADMIN=39689, RATIS_SERVER=39689, STANDALONE=42507], networkLocation: /default-rack, certSerialId: null, persistedOpState: IN_MAINTENANCE, persistedOpStateExpiryEpochSec: 0}, ReplicationConfig: RATIS/ONE, State:OPEN, leaderId:c3676fd2-aa1d-4bad-a43e-86e50d6cf352, CreationTimestamp2022-03-04T14:00:45.366Z[Etc/UTC]] moved to CLOSED state
2022-03-04 14:01:05,420 [ReplicationMonitor] INFO  container.ReplicationManager (ReplicationManager.java:sendCloseCommand(1540)) - Sending close container command for container #4 to datanode 9c2a821a-d00f-4116-a8fa-c740af3038b6{ip: 10.1.0.50, host: fv-az294-754.eaanfquahm5ulb5tj050gcxych.jx.internal.cloudapp.net, ports: [REPLICATION=38289, RATIS=44521, RATIS_ADMIN=44521, RATIS_SERVER=44521, STANDALONE=41355], networkLocation: /default-rack, certSerialId: null, persistedOpState: IN_SERVICE, persistedOpStateExpiryEpochSec: 0}.
2022-03-04 14:01:05,420 [ReplicationMonitor] INFO  container.ReplicationManager (ReplicationManager.java:sendCloseCommand(1540)) - Sending close container command for container #4 to datanode f167d004-0a2a-461f-8684-7214b8d7ee2a{ip: 10.1.0.50, host: fv-az294-754.eaanfquahm5ulb5tj050gcxych.jx.internal.cloudapp.net, ports: [REPLICATION=33741, RATIS=37457, RATIS_ADMIN=37457, RATIS_SERVER=37457, STANDALONE=39283], networkLocation: /default-rack, certSerialId: null, persistedOpState: IN_SERVICE, persistedOpStateExpiryEpochSec: 0}.
2022-03-04 14:01:05,420 [ReplicationMonitor] INFO  container.ReplicationManager (ReplicationManager.java:sendCloseCommand(1540)) - Sending close container command for container #4 to datanode 76b7efd9-abe0-4dc6-ba7e-a9f3d34fee65{ip: 10.1.0.50, host: fv-az294-754.eaanfquahm5ulb5tj050gcxych.jx.internal.cloudapp.net, ports: [REPLICATION=40833, RATIS=39139, RATIS_ADMIN=39139, RATIS_SERVER=39139, STANDALONE=43719], networkLocation: /default-rack, certSerialId: null, persistedOpState: IN_SERVICE, persistedOpStateExpiryEpochSec: 0}.
2022-03-04 14:01:05,420 [ReplicationMonitor] INFO  container.ReplicationManager (ReplicationManager.java:sendCloseCommand(1540)) - Sending close container command for container #5 to datanode f167d004-0a2a-461f-8684-7214b8d7ee2a{ip: 10.1.0.50, host: fv-az294-754.eaanfquahm5ulb5tj050gcxych.jx.internal.cloudapp.net, ports: [REPLICATION=33741, RATIS=37457, RATIS_ADMIN=37457, RATIS_SERVER=37457, STANDALONE=39283], networkLocation: /default-rack, certSerialId: null, persistedOpState: IN_SERVICE, persistedOpStateExpiryEpochSec: 0}.
2022-03-04 14:01:05,420 [ReplicationMonitor] INFO  container.ReplicationManager (ReplicationManager.java:sendCloseCommand(1540)) - Sending close container command for container #5 to datanode 76b7efd9-abe0-4dc6-ba7e-a9f3d34fee65{ip: 10.1.0.50, host: fv-az294-754.eaanfquahm5ulb5tj050gcxych.jx.internal.cloudapp.net, ports: [REPLICATION=40833, RATIS=39139, RATIS_ADMIN=39139, RATIS_SERVER=39139, STANDALONE=43719], networkLocation: /default-rack, certSerialId: null, persistedOpState: IN_SERVICE, persistedOpStateExpiryEpochSec: 0}.
2022-03-04 14:01:05,420 [ReplicationMonitor] INFO  container.ReplicationManager (ReplicationManager.java:sendCloseCommand(1540)) - Sending close container command for container #5 to datanode 9c2a821a-d00f-4116-a8fa-c740af3038b6{ip: 10.1.0.50, host: fv-az294-754.eaanfquahm5ulb5tj050gcxych.jx.internal.cloudapp.net, ports: [REPLICATION=38289, RATIS=44521, RATIS_ADMIN=44521, RATIS_SERVER=44521, STANDALONE=41355], networkLocation: /default-rack, certSerialId: null, persistedOpState: IN_SERVICE, persistedOpStateExpiryEpochSec: 0}.
2022-03-04 14:01:05,420 [ReplicationMonitor] INFO  container.ReplicationManager (ReplicationManager.java:sendCloseCommand(1540)) - Sending close container command for container #6 to datanode 9c2a821a-d00f-4116-a8fa-c740af3038b6{ip: 10.1.0.50, host: fv-az294-754.eaanfquahm5ulb5tj050gcxych.jx.internal.cloudapp.net, ports: [REPLICATION=38289, RATIS=44521, RATIS_ADMIN=44521, RATIS_SERVER=44521, STANDALONE=41355], networkLocation: /default-rack, certSerialId: null, persistedOpState: IN_SERVICE, persistedOpStateExpiryEpochSec: 0}.
2022-03-04 14:01:05,420 [ReplicationMonitor] INFO  container.ReplicationManager (ReplicationManager.java:sendCloseCommand(1540)) - Sending close container command for container #6 to datanode 76b7efd9-abe0-4dc6-ba7e-a9f3d34fee65{ip: 10.1.0.50, host: fv-az294-754.eaanfquahm5ulb5tj050gcxych.jx.internal.cloudapp.net, ports: [REPLICATION=40833, RATIS=39139, RATIS_ADMIN=39139, RATIS_SERVER=39139, STANDALONE=43719], networkLocation: /default-rack, certSerialId: null, persistedOpState: IN_SERVICE, persistedOpStateExpiryEpochSec: 0}.
2022-03-04 14:01:05,420 [ReplicationMonitor] INFO  container.ReplicationManager (ReplicationManager.java:sendCloseCommand(1540)) - Sending close container command for container #6 to datanode f167d004-0a2a-461f-8684-7214b8d7ee2a{ip: 10.1.0.50, host: fv-az294-754.eaanfquahm5ulb5tj050gcxych.jx.internal.cloudapp.net, ports: [REPLICATION=33741, RATIS=37457, RATIS_ADMIN=37457, RATIS_SERVER=37457, STANDALONE=39283], networkLocation: /default-rack, certSerialId: null, persistedOpState: IN_SERVICE, persistedOpStateExpiryEpochSec: 0}.
2022-03-04 14:01:05,420 [ReplicationMonitor] INFO  container.ReplicationManager (ReplicationManager.java:processAll(387)) - Replication Monitor Thread took 0 milliseconds for processing 6 containers.
2022-03-04 14:01:05,511 [Mini-Cluster-Provider-Reap] INFO  utils.BackgroundService (BackgroundService.java:shutdown(132)) - Shutting down service BlockDeletingService
2022-03-04 14:01:05,951 [ForkJoinPool.commonPool-worker-1] INFO  utils.BackgroundService (BackgroundService.java:shutdown(132)) - Shutting down service BlockDeletingService
2022-03-04 14:01:05,980 [grpc-default-executor-4] WARN  server.GrpcLogAppender (LogUtils.java:warn(122)) - 9c2a821a-d00f-4116-a8fa-c740af3038b6@group-A142077A8439->76b7efd9-abe0-4dc6-ba7e-a9f3d34fee65-AppendLogResponseHandler: Failed appendEntries: org.apache.ratis.thirdparty.io.grpc.StatusRuntimeException: UNAVAILABLE: io exception
2022-03-04 14:01:05,981 [grpc-default-executor-4] INFO  leader.FollowerInfo (FollowerInfoImpl.java:lambda$new$0(47)) - 9c2a821a-d00f-4116-a8fa-c740af3038b6@group-A142077A8439->76b7efd9-abe0-4dc6-ba7e-a9f3d34fee65: nextIndex: updateUnconditionally 29 -> 28
2022-03-04 14:01:06,421 [ReplicationMonitor] INFO  container.ReplicationManager (ReplicationManager.java:sendCloseCommand(1540)) - Sending close container command for container #4 to datanode 9c2a821a-d00f-4116-a8fa-c740af3038b6{ip: 10.1.0.50, host: fv-az294-754.eaanfquahm5ulb5tj050gcxych.jx.internal.cloudapp.net, ports: [REPLICATION=38289, RATIS=44521, RATIS_ADMIN=44521, RATIS_SERVER=44521, STANDALONE=41355], networkLocation: /default-rack, certSerialId: null, persistedOpState: IN_SERVICE, persistedOpStateExpiryEpochSec: 0}.
2022-03-04 14:01:06,421 [ReplicationMonitor] INFO  container.ReplicationManager (ReplicationManager.java:sendCloseCommand(1540)) - Sending close container command for container #4 to datanode f167d004-0a2a-461f-8684-7214b8d7ee2a{ip: 10.1.0.50, host: fv-az294-754.eaanfquahm5ulb5tj050gcxych.jx.internal.cloudapp.net, ports: [REPLICATION=33741, RATIS=37457, RATIS_ADMIN=37457, RATIS_SERVER=37457, STANDALONE=39283], networkLocation: /default-rack, certSerialId: null, persistedOpState: IN_SERVICE, persistedOpStateExpiryEpochSec: 0}.
2022-03-04 14:01:06,421 [ReplicationMonitor] INFO  container.ReplicationManager (ReplicationManager.java:sendCloseCommand(1540)) - Sending close container command for container #4 to datanode 76b7efd9-abe0-4dc6-ba7e-a9f3d34fee65{ip: 10.1.0.50, host: fv-az294-754.eaanfquahm5ulb5tj050gcxych.jx.internal.cloudapp.net, ports: [REPLICATION=40833, RATIS=39139, RATIS_ADMIN=39139, RATIS_SERVER=39139, STANDALONE=43719], networkLocation: /default-rack, certSerialId: null, persistedOpState: IN_SERVICE, persistedOpStateExpiryEpochSec: 0}.
2022-03-04 14:01:06,421 [ReplicationMonitor] INFO  container.ReplicationManager (ReplicationManager.java:sendCloseCommand(1540)) - Sending close container command for container #5 to datanode f167d004-0a2a-461f-8684-7214b8d7ee2a{ip: 10.1.0.50, host: fv-az294-754.eaanfquahm5ulb5tj050gcxych.jx.internal.cloudapp.net, ports: [REPLICATION=33741, RATIS=37457, RATIS_ADMIN=37457, RATIS_SERVER=37457, STANDALONE=39283], networkLocation: /default-rack, certSerialId: null, persistedOpState: IN_SERVICE, persistedOpStateExpiryEpochSec: 0}.
2022-03-04 14:01:06,421 [ReplicationMonitor] INFO  container.ReplicationManager (ReplicationManager.java:sendCloseCommand(1540)) - Sending close container command for container #5 to datanode 76b7efd9-abe0-4dc6-ba7e-a9f3d34fee65{ip: 10.1.0.50, host: fv-az294-754.eaanfquahm5ulb5tj050gcxych.jx.internal.cloudapp.net, ports: [REPLICATION=40833, RATIS=39139, RATIS_ADMIN=39139, RATIS_SERVER=39139, STANDALONE=43719], networkLocation: /default-rack, certSerialId: null, persistedOpState: IN_SERVICE, persistedOpStateExpiryEpochSec: 0}.
2022-03-04 14:01:06,421 [ReplicationMonitor] INFO  container.ReplicationManager (ReplicationManager.java:sendCloseCommand(1540)) - Sending close container command for container #5 to datanode 9c2a821a-d00f-4116-a8fa-c740af3038b6{ip: 10.1.0.50, host: fv-az294-754.eaanfquahm5ulb5tj050gcxych.jx.internal.cloudapp.net, ports: [REPLICATION=38289, RATIS=44521, RATIS_ADMIN=44521, RATIS_SERVER=44521, STANDALONE=41355], networkLocation: /default-rack, certSerialId: null, persistedOpState: IN_SERVICE, persistedOpStateExpiryEpochSec: 0}.
2022-03-04 14:01:06,421 [ReplicationMonitor] INFO  container.ReplicationManager (ReplicationManager.java:sendCloseCommand(1540)) - Sending close container command for container #6 to datanode 9c2a821a-d00f-4116-a8fa-c740af3038b6{ip: 10.1.0.50, host: fv-az294-754.eaanfquahm5ulb5tj050gcxych.jx.internal.cloudapp.net, ports: [REPLICATION=38289, RATIS=44521, RATIS_ADMIN=44521, RATIS_SERVER=44521, STANDALONE=41355], networkLocation: /default-rack, certSerialId: null, persistedOpState: IN_SERVICE, persistedOpStateExpiryEpochSec: 0}.
2022-03-04 14:01:06,421 [ReplicationMonitor] INFO  container.ReplicationManager (ReplicationManager.java:sendCloseCommand(1540)) - Sending close container command for container #6 to datanode 76b7efd9-abe0-4dc6-ba7e-a9f3d34fee65{ip: 10.1.0.50, host: fv-az294-754.eaanfquahm5ulb5tj050gcxych.jx.internal.cloudapp.net, ports: [REPLICATION=40833, RATIS=39139, RATIS_ADMIN=39139, RATIS_SERVER=39139, STANDALONE=43719], networkLocation: /default-rack, certSerialId: null, persistedOpState: IN_SERVICE, persistedOpStateExpiryEpochSec: 0}.
2022-03-04 14:01:06,421 [ReplicationMonitor] INFO  container.ReplicationManager (ReplicationManager.java:sendCloseCommand(1540)) - Sending close container command for container #6 to datanode f167d004-0a2a-461f-8684-7214b8d7ee2a{ip: 10.1.0.50, host: fv-az294-754.eaanfquahm5ulb5tj050gcxych.jx.internal.cloudapp.net, ports: [REPLICATION=33741, RATIS=37457, RATIS_ADMIN=37457, RATIS_SERVER=37457, STANDALONE=39283], networkLocation: /default-rack, certSerialId: null, persistedOpState: IN_SERVICE, persistedOpStateExpiryEpochSec: 0}.
2022-03-04 14:01:06,421 [ReplicationMonitor] INFO  container.ReplicationManager (ReplicationManager.java:processAll(387)) - Replication Monitor Thread took 1 milliseconds for processing 6 containers.
2022-03-04 14:01:06,926 [grpc-default-executor-4] WARN  server.GrpcLogAppender (LogUtils.java:warn(122)) - 9c2a821a-d00f-4116-a8fa-c740af3038b6@group-A142077A8439->76b7efd9-abe0-4dc6-ba7e-a9f3d34fee65-AppendLogResponseHandler: Failed appendEntries: org.apache.ratis.thirdparty.io.grpc.StatusRuntimeException: UNAVAILABLE: io exception
2022-03-04 14:01:06,927 [grpc-default-executor-4] INFO  leader.FollowerInfo (FollowerInfoImpl.java:lambda$new$0(47)) - 9c2a821a-d00f-4116-a8fa-c740af3038b6@group-A142077A8439->76b7efd9-abe0-4dc6-ba7e-a9f3d34fee65: nextIndex: updateUnconditionally 29 -> 28
2022-03-04 14:01:06,940 [grpc-default-executor-4] WARN  server.GrpcLogAppender (LogUtils.java:warn(122)) - 9c2a821a-d00f-4116-a8fa-c740af3038b6@group-A142077A8439->76b7efd9-abe0-4dc6-ba7e-a9f3d34fee65-AppendLogResponseHandler: Failed appendEntries: org.apache.ratis.thirdparty.io.grpc.StatusRuntimeException: UNAVAILABLE: io exception
2022-03-04 14:01:06,940 [grpc-default-executor-4] INFO  leader.FollowerInfo (FollowerInfoImpl.java:lambda$new$0(47)) - 9c2a821a-d00f-4116-a8fa-c740af3038b6@group-A142077A8439->76b7efd9-abe0-4dc6-ba7e-a9f3d34fee65: nextIndex: updateUnconditionally 29 -> 28
2022-03-04 14:01:06,951 [grpc-default-executor-4] WARN  server.GrpcLogAppender (LogUtils.java:warn(122)) - 9c2a821a-d00f-4116-a8fa-c740af3038b6@group-A142077A8439->76b7efd9-abe0-4dc6-ba7e-a9f3d34fee65-AppendLogResponseHandler: Failed appendEntries: org.apache.ratis.thirdparty.io.grpc.StatusRuntimeException: UNAVAILABLE: io exception
2022-03-04 14:01:06,952 [grpc-default-executor-4] INFO  leader.FollowerInfo (FollowerInfoImpl.java:lambda$new$0(47)) - 9c2a821a-d00f-4116-a8fa-c740af3038b6@group-A142077A8439->76b7efd9-abe0-4dc6-ba7e-a9f3d34fee65: nextIndex: updateUnconditionally 29 -> 28
2022-03-04 14:01:06,953 [grpc-default-executor-4] WARN  server.GrpcLogAppender (LogUtils.java:warn(122)) - 9c2a821a-d00f-4116-a8fa-c740af3038b6@group-A142077A8439->76b7efd9-abe0-4dc6-ba7e-a9f3d34fee65-AppendLogResponseHandler: Failed appendEntries: org.apache.ratis.thirdparty.io.grpc.StatusRuntimeException: UNAVAILABLE: io exception
2022-03-04 14:01:06,953 [grpc-default-executor-4] INFO  leader.FollowerInfo (FollowerInfoImpl.java:lambda$new$0(47)) - 9c2a821a-d00f-4116-a8fa-c740af3038b6@group-A142077A8439->76b7efd9-abe0-4dc6-ba7e-a9f3d34fee65: nextIndex: updateUnconditionally 29 -> 28
2022-03-04 14:01:07,000 [ContainerOp-b636ce0a-b811-495b-814d-a142077a8439-4] INFO  keyvalue.KeyValueContainer (KeyValueContainer.java:flushAndSyncDB(427)) - Container 4 is synced with bcsId 26.
2022-03-04 14:01:07,000 [ContainerOp-b636ce0a-b811-495b-814d-a142077a8439-4] INFO  keyvalue.KeyValueContainer (KeyValueContainer.java:flushAndSyncDB(427)) - Container 4 is synced with bcsId 26.
2022-03-04 14:01:07,012 [ContainerOp-b636ce0a-b811-495b-814d-a142077a8439-4] INFO  keyvalue.KeyValueContainer (KeyValueContainer.java:close(364)) - Container 4 is closed with bcsId 26.
2022-03-04 14:01:07,016 [grpc-default-executor-4] WARN  server.GrpcLogAppender (LogUtils.java:warn(122)) - 9c2a821a-d00f-4116-a8fa-c740af3038b6@group-A142077A8439->76b7efd9-abe0-4dc6-ba7e-a9f3d34fee65-AppendLogResponseHandler: Failed appendEntries: org.apache.ratis.thirdparty.io.grpc.StatusRuntimeException: UNAVAILABLE: io exception
2022-03-04 14:01:07,016 [grpc-default-executor-4] INFO  leader.FollowerInfo (FollowerInfoImpl.java:lambda$new$0(47)) - 9c2a821a-d00f-4116-a8fa-c740af3038b6@group-A142077A8439->76b7efd9-abe0-4dc6-ba7e-a9f3d34fee65: nextIndex: updateUnconditionally 29 -> 28
2022-03-04 14:01:07,018 [ContainerOp-b636ce0a-b811-495b-814d-a142077a8439-4] INFO  keyvalue.KeyValueContainer (KeyValueContainer.java:flushAndSyncDB(427)) - Container 4 is synced with bcsId 26.
2022-03-04 14:01:07,018 [ContainerOp-b636ce0a-b811-495b-814d-a142077a8439-4] INFO  keyvalue.KeyValueContainer (KeyValueContainer.java:flushAndSyncDB(427)) - Container 4 is synced with bcsId 26.
2022-03-04 14:01:07,027 [ContainerOp-b636ce0a-b811-495b-814d-a142077a8439-4] INFO  keyvalue.KeyValueContainer (KeyValueContainer.java:close(364)) - Container 4 is closed with bcsId 26.
2022-03-04 14:01:07,028 [FixedThreadPoolWithAffinityExecutor-1-0] INFO  container.IncrementalContainerReportHandler (AbstractContainerReportHandler.java:updateContainerState(241)) - Moving container #4 to CLOSED state, datanode 9c2a821a-d00f-4116-a8fa-c740af3038b6{ip: 10.1.0.50, host: fv-az294-754.eaanfquahm5ulb5tj050gcxych.jx.internal.cloudapp.net, ports: [REPLICATION=38289, RATIS=44521, RATIS_ADMIN=44521, RATIS_SERVER=44521, STANDALONE=41355], networkLocation: /default-rack, certSerialId: null, persistedOpState: IN_SERVICE, persistedOpStateExpiryEpochSec: 0} reported CLOSED replica.
2022-03-04 14:01:07,034 [grpc-default-executor-4] WARN  server.GrpcLogAppender (LogUtils.java:warn(122)) - 9c2a821a-d00f-4116-a8fa-c740af3038b6@group-A142077A8439->76b7efd9-abe0-4dc6-ba7e-a9f3d34fee65-AppendLogResponseHandler: Failed appendEntries: org.apache.ratis.thirdparty.io.grpc.StatusRuntimeException: UNAVAILABLE: io exception
2022-03-04 14:01:07,043 [grpc-default-executor-4] INFO  leader.FollowerInfo (FollowerInfoImpl.java:lambda$new$0(47)) - 9c2a821a-d00f-4116-a8fa-c740af3038b6@group-A142077A8439->76b7efd9-abe0-4dc6-ba7e-a9f3d34fee65: nextIndex: updateUnconditionally 29 -> 28
2022-03-04 14:01:07,044 [grpc-default-executor-4] WARN  server.GrpcLogAppender (LogUtils.java:warn(122)) - 9c2a821a-d00f-4116-a8fa-c740af3038b6@group-A142077A8439->76b7efd9-abe0-4dc6-ba7e-a9f3d34fee65-AppendLogResponseHandler: Failed appendEntries: org.apache.ratis.thirdparty.io.grpc.StatusRuntimeException: UNAVAILABLE: io exception
2022-03-04 14:01:07,044 [grpc-default-executor-4] INFO  leader.FollowerInfo (FollowerInfoImpl.java:lambda$new$0(47)) - 9c2a821a-d00f-4116-a8fa-c740af3038b6@group-A142077A8439->76b7efd9-abe0-4dc6-ba7e-a9f3d34fee65: nextIndex: updateUnconditionally 29 -> 28
2022-03-04 14:01:07,052 [grpc-default-executor-4] WARN  server.GrpcLogAppender (LogUtils.java:warn(122)) - 9c2a821a-d00f-4116-a8fa-c740af3038b6@group-A142077A8439->76b7efd9-abe0-4dc6-ba7e-a9f3d34fee65-AppendLogResponseHandler: Failed appendEntries: org.apache.ratis.thirdparty.io.grpc.StatusRuntimeException: UNAVAILABLE: io exception
2022-03-04 14:01:07,052 [grpc-default-executor-4] INFO  leader.FollowerInfo (FollowerInfoImpl.java:lambda$new$0(47)) - 9c2a821a-d00f-4116-a8fa-c740af3038b6@group-A142077A8439->76b7efd9-abe0-4dc6-ba7e-a9f3d34fee65: nextIndex: updateUnconditionally 29 -> 28
2022-03-04 14:01:07,072 [ContainerOp-b636ce0a-b811-495b-814d-a142077a8439-5] INFO  keyvalue.KeyValueContainer (KeyValueContainer.java:flushAndSyncDB(427)) - Container 5 is synced with bcsId 18.
2022-03-04 14:01:07,072 [ContainerOp-b636ce0a-b811-495b-814d-a142077a8439-5] INFO  keyvalue.KeyValueContainer (KeyValueContainer.java:flushAndSyncDB(427)) - Container 5 is synced with bcsId 18.
2022-03-04 14:01:07,074 [EventQueue-DeadNodeForDeadNodeHandler] INFO  node.DeadNodeHandler (DeadNodeHandler.java:onMessage(80)) - A dead datanode is detected. 76b7efd9-abe0-4dc6-ba7e-a9f3d34fee65{ip: 10.1.0.50, host: fv-az294-754.eaanfquahm5ulb5tj050gcxych.jx.internal.cloudapp.net, ports: [REPLICATION=40833, RATIS=39139, RATIS_ADMIN=39139, RATIS_SERVER=39139, STANDALONE=43719], networkLocation: /default-rack, certSerialId: null, persistedOpState: IN_SERVICE, persistedOpStateExpiryEpochSec: 0}
2022-03-04 14:01:07,074 [EventQueue-DeadNodeForDeadNodeHandler] INFO  pipeline.RatisPipelineProvider (RatisPipelineProvider.java:lambda$close$1(222)) - Send pipeline:PipelineID=94635bfd-4060-451f-8bd6-07627fa5a2a1 close command to datanode 76b7efd9-abe0-4dc6-ba7e-a9f3d34fee65
2022-03-04 14:01:07,075 [EventQueue-DeadNodeForDeadNodeHandler] INFO  pipeline.PipelineStateManagerImpl (PipelineStateManagerImpl.java:removePipeline(223)) - Pipeline Pipeline[ Id: 94635bfd-4060-451f-8bd6-07627fa5a2a1, Nodes: 76b7efd9-abe0-4dc6-ba7e-a9f3d34fee65{ip: 10.1.0.50, host: fv-az294-754.eaanfquahm5ulb5tj050gcxych.jx.internal.cloudapp.net, ports: [REPLICATION=40833, RATIS=39139, RATIS_ADMIN=39139, RATIS_SERVER=39139, STANDALONE=43719], networkLocation: /default-rack, certSerialId: null, persistedOpState: IN_SERVICE, persistedOpStateExpiryEpochSec: 0}, ReplicationConfig: RATIS/ONE, State:CLOSED, leaderId:76b7efd9-abe0-4dc6-ba7e-a9f3d34fee65, CreationTimestamp2022-03-04T14:00:06.697Z[Etc/UTC]] removed.
2022-03-04 14:01:07,075 [EventQueue-DeadNodeForDeadNodeHandler] INFO  pipeline.RatisPipelineProvider (RatisPipelineProvider.java:lambda$close$1(222)) - Send pipeline:PipelineID=b636ce0a-b811-495b-814d-a142077a8439 close command to datanode 9c2a821a-d00f-4116-a8fa-c740af3038b6
2022-03-04 14:01:07,075 [EventQueue-DeadNodeForDeadNodeHandler] INFO  pipeline.RatisPipelineProvider (RatisPipelineProvider.java:lambda$close$1(222)) - Send pipeline:PipelineID=b636ce0a-b811-495b-814d-a142077a8439 close command to datanode f167d004-0a2a-461f-8684-7214b8d7ee2a
2022-03-04 14:01:07,075 [EventQueue-DeadNodeForDeadNodeHandler] INFO  pipeline.RatisPipelineProvider (RatisPipelineProvider.java:lambda$close$1(222)) - Send pipeline:PipelineID=b636ce0a-b811-495b-814d-a142077a8439 close command to datanode 76b7efd9-abe0-4dc6-ba7e-a9f3d34fee65
2022-03-04 14:01:07,075 [EventQueue-DeadNodeForDeadNodeHandler] INFO  pipeline.PipelineStateManagerImpl (PipelineStateManagerImpl.java:removePipeline(223)) - Pipeline Pipeline[ Id: b636ce0a-b811-495b-814d-a142077a8439, Nodes: 9c2a821a-d00f-4116-a8fa-c740af3038b6{ip: 10.1.0.50, host: fv-az294-754.eaanfquahm5ulb5tj050gcxych.jx.internal.cloudapp.net, ports: [REPLICATION=38289, RATIS=44521, RATIS_ADMIN=44521, RATIS_SERVER=44521, STANDALONE=41355], networkLocation: /default-rack, certSerialId: null, persistedOpState: IN_SERVICE, persistedOpStateExpiryEpochSec: 0}f167d004-0a2a-461f-8684-7214b8d7ee2a{ip: 10.1.0.50, host: fv-az294-754.eaanfquahm5ulb5tj050gcxych.jx.internal.cloudapp.net, ports: [REPLICATION=33741, RATIS=37457, RATIS_ADMIN=37457, RATIS_SERVER=37457, STANDALONE=39283], networkLocation: /default-rack, certSerialId: null, persistedOpState: IN_SERVICE, persistedOpStateExpiryEpochSec: 0}76b7efd9-abe0-4dc6-ba7e-a9f3d34fee65{ip: 10.1.0.50, host: fv-az294-754.eaanfquahm5ulb5tj050gcxych.jx.internal.cloudapp.net, ports: [REPLICATION=40833, RATIS=39139, RATIS_ADMIN=39139, RATIS_SERVER=39139, STANDALONE=43719], networkLocation: /default-rack, certSerialId: null, persistedOpState: IN_SERVICE, persistedOpStateExpiryEpochSec: 0}, ReplicationConfig: RATIS/THREE, State:CLOSED, leaderId:9c2a821a-d00f-4116-a8fa-c740af3038b6, CreationTimestamp2022-03-04T14:00:07.459Z[Etc/UTC]] removed.
2022-03-04 14:01:07,076 [EventQueue-DeadNodeForDeadNodeHandler] INFO  net.NetworkTopologyImpl (NetworkTopologyImpl.java:remove(137)) - Removed a node: /default-rack/76b7efd9-abe0-4dc6-ba7e-a9f3d34fee65
2022-03-04 14:01:07,081 [ContainerOp-b636ce0a-b811-495b-814d-a142077a8439-5] INFO  keyvalue.KeyValueContainer (KeyValueContainer.java:close(364)) - Container 5 is closed with bcsId 18.
2022-03-04 14:01:07,082 [FixedThreadPoolWithAffinityExecutor-1-0] INFO  container.IncrementalContainerReportHandler (AbstractContainerReportHandler.java:updateContainerState(241)) - Moving container #5 to CLOSED state, datanode 9c2a821a-d00f-4116-a8fa-c740af3038b6{ip: 10.1.0.50, host: fv-az294-754.eaanfquahm5ulb5tj050gcxych.jx.internal.cloudapp.net, ports: [REPLICATION=38289, RATIS=44521, RATIS_ADMIN=44521, RATIS_SERVER=44521, STANDALONE=41355], networkLocation: /default-rack, certSerialId: null, persistedOpState: IN_SERVICE, persistedOpStateExpiryEpochSec: 0} reported CLOSED replica.
2022-03-04 14:01:07,083 [ContainerOp-b636ce0a-b811-495b-814d-a142077a8439-5] INFO  keyvalue.KeyValueContainer (KeyValueContainer.java:flushAndSyncDB(427)) - Container 5 is synced with bcsId 18.
2022-03-04 14:01:07,083 [ContainerOp-b636ce0a-b811-495b-814d-a142077a8439-5] INFO  keyvalue.KeyValueContainer (KeyValueContainer.java:flushAndSyncDB(427)) - Container 5 is synced with bcsId 18.
2022-03-04 14:01:07,095 [grpc-default-executor-2] WARN  server.GrpcLogAppender (LogUtils.java:warn(122)) - 9c2a821a-d00f-4116-a8fa-c740af3038b6@group-A142077A8439->76b7efd9-abe0-4dc6-ba7e-a9f3d34fee65-AppendLogResponseHandler: Failed appendEntries: org.apache.ratis.thirdparty.io.grpc.StatusRuntimeException: UNAVAILABLE: io exception
2022-03-04 14:01:07,095 [grpc-default-executor-2] INFO  leader.FollowerInfo (FollowerInfoImpl.java:lambda$new$0(47)) - 9c2a821a-d00f-4116-a8fa-c740af3038b6@group-A142077A8439->76b7efd9-abe0-4dc6-ba7e-a9f3d34fee65: nextIndex: updateUnconditionally 29 -> 28
2022-03-04 14:01:07,102 [ContainerOp-b636ce0a-b811-495b-814d-a142077a8439-5] INFO  keyvalue.KeyValueContainer (KeyValueContainer.java:close(364)) - Container 5 is closed with bcsId 18.
2022-03-04 14:01:07,105 [grpc-default-executor-2] WARN  server.GrpcLogAppender (LogUtils.java:warn(122)) - 9c2a821a-d00f-4116-a8fa-c740af3038b6@group-A142077A8439->76b7efd9-abe0-4dc6-ba7e-a9f3d34fee65-AppendLogResponseHandler: Failed appendEntries: org.apache.ratis.thirdparty.io.grpc.StatusRuntimeException: UNAVAILABLE: io exception
2022-03-04 14:01:07,116 [grpc-default-executor-2] INFO  leader.FollowerInfo (FollowerInfoImpl.java:lambda$new$0(47)) - 9c2a821a-d00f-4116-a8fa-c740af3038b6@group-A142077A8439->76b7efd9-abe0-4dc6-ba7e-a9f3d34fee65: nextIndex: updateUnconditionally 29 -> 28
2022-03-04 14:01:07,122 [grpc-default-executor-2] WARN  server.GrpcLogAppender (LogUtils.java:warn(122)) - 9c2a821a-d00f-4116-a8fa-c740af3038b6@group-A142077A8439->76b7efd9-abe0-4dc6-ba7e-a9f3d34fee65-AppendLogResponseHandler: Failed appendEntries: org.apache.ratis.thirdparty.io.grpc.StatusRuntimeException: UNAVAILABLE: io exception
2022-03-04 14:01:07,122 [grpc-default-executor-2] INFO  leader.FollowerInfo (FollowerInfoImpl.java:lambda$new$0(47)) - 9c2a821a-d00f-4116-a8fa-c740af3038b6@group-A142077A8439->76b7efd9-abe0-4dc6-ba7e-a9f3d34fee65: nextIndex: updateUnconditionally 29 -> 28
2022-03-04 14:01:07,151 [c2ce8477-23c6-43df-953a-8ac050b841b2@group-11231ED04B9B-FollowerState] INFO  impl.FollowerState (FollowerState.java:run(134)) - c2ce8477-23c6-43df-953a-8ac050b841b2@group-11231ED04B9B-FollowerState: change to CANDIDATE, lastRpcElapsedTime:5188282646ns, electionTimeout:5179ms
2022-03-04 14:01:07,152 [c2ce8477-23c6-43df-953a-8ac050b841b2@group-11231ED04B9B-FollowerState] INFO  impl.RoleInfo (RoleInfo.java:shutdownFollowerState(108)) - c2ce8477-23c6-43df-953a-8ac050b841b2: shutdown c2ce8477-23c6-43df-953a-8ac050b841b2@group-11231ED04B9B-FollowerState
2022-03-04 14:01:07,152 [c2ce8477-23c6-43df-953a-8ac050b841b2@group-11231ED04B9B-FollowerState] INFO  server.RaftServer$Division (RaftServerImpl.java:setRole(290)) - c2ce8477-23c6-43df-953a-8ac050b841b2@group-11231ED04B9B: changes role from  FOLLOWER to CANDIDATE at term 3 for changeToCandidate
2022-03-04 14:01:07,152 [c2ce8477-23c6-43df-953a-8ac050b841b2@group-11231ED04B9B-FollowerState] INFO  server.RaftServerConfigKeys (ConfUtils.java:logGet(44)) - raft.server.leaderelection.pre-vote = false (custom)
2022-03-04 14:01:07,152 [c2ce8477-23c6-43df-953a-8ac050b841b2@group-11231ED04B9B-FollowerState] INFO  impl.RoleInfo (RoleInfo.java:updateAndGet(130)) - c2ce8477-23c6-43df-953a-8ac050b841b2: start c2ce8477-23c6-43df-953a-8ac050b841b2@group-11231ED04B9B-LeaderElection35
2022-03-04 14:01:07,161 [c2ce8477-23c6-43df-953a-8ac050b841b2@group-11231ED04B9B-LeaderElection35] INFO  impl.LeaderElection (LeaderElection.java:askForVotes(306)) - c2ce8477-23c6-43df-953a-8ac050b841b2@group-11231ED04B9B-LeaderElection35 ELECTION round 0: submit vote requests at term 4 for -1: [c3676fd2-aa1d-4bad-a43e-86e50d6cf352|rpc:10.1.0.50:39689|priority:0, c2ce8477-23c6-43df-953a-8ac050b841b2|rpc:10.1.0.50:39661|priority:1, 8584c99c-b1f6-49cb-b2cc-ee99e5d5bcfa|rpc:10.1.0.50:38771|priority:0], old=null
2022-03-04 14:01:07,189 [ContainerOp-b636ce0a-b811-495b-814d-a142077a8439-6] INFO  keyvalue.KeyValueContainer (KeyValueContainer.java:flushAndSyncDB(427)) - Container 6 is synced with bcsId 22.
2022-03-04 14:01:07,189 [ContainerOp-b636ce0a-b811-495b-814d-a142077a8439-6] INFO  keyvalue.KeyValueContainer (KeyValueContainer.java:flushAndSyncDB(427)) - Container 6 is synced with bcsId 22.
2022-03-04 14:01:07,189 [ContainerOp-b636ce0a-b811-495b-814d-a142077a8439-6] INFO  keyvalue.KeyValueContainer (KeyValueContainer.java:flushAndSyncDB(427)) - Container 6 is synced with bcsId 22.
2022-03-04 14:01:07,190 [ContainerOp-b636ce0a-b811-495b-814d-a142077a8439-6] INFO  keyvalue.KeyValueContainer (KeyValueContainer.java:flushAndSyncDB(427)) - Container 6 is synced with bcsId 22.
2022-03-04 14:01:07,202 [grpc-default-executor-2] INFO  server.RaftServer$Division (RaftServerImpl.java:requestVote(1046)) - 8584c99c-b1f6-49cb-b2cc-ee99e5d5bcfa@group-11231ED04B9B: receive requestVote(ELECTION, c2ce8477-23c6-43df-953a-8ac050b841b2, group-11231ED04B9B, 4, (t:0, i:0))
2022-03-04 14:01:07,202 [grpc-default-executor-2] INFO  impl.VoteContext (VoteContext.java:log(48)) - 8584c99c-b1f6-49cb-b2cc-ee99e5d5bcfa@group-11231ED04B9B-FOLLOWER: accept ELECTION from c2ce8477-23c6-43df-953a-8ac050b841b2: our priority 0 <= candidate's priority 1
2022-03-04 14:01:07,202 [grpc-default-executor-2] INFO  server.RaftServer$Division (RaftServerImpl.java:setRole(290)) - 8584c99c-b1f6-49cb-b2cc-ee99e5d5bcfa@group-11231ED04B9B: changes role from  FOLLOWER to FOLLOWER at term 4 for candidate:c2ce8477-23c6-43df-953a-8ac050b841b2
2022-03-04 14:01:07,202 [grpc-default-executor-2] INFO  impl.RoleInfo (RoleInfo.java:shutdownFollowerState(108)) - 8584c99c-b1f6-49cb-b2cc-ee99e5d5bcfa: shutdown 8584c99c-b1f6-49cb-b2cc-ee99e5d5bcfa@group-11231ED04B9B-FollowerState
2022-03-04 14:01:07,202 [grpc-default-executor-2] INFO  impl.RoleInfo (RoleInfo.java:updateAndGet(130)) - 8584c99c-b1f6-49cb-b2cc-ee99e5d5bcfa: start 8584c99c-b1f6-49cb-b2cc-ee99e5d5bcfa@group-11231ED04B9B-FollowerState
2022-03-04 14:01:07,202 [8584c99c-b1f6-49cb-b2cc-ee99e5d5bcfa@group-11231ED04B9B-FollowerState] INFO  impl.FollowerState (FollowerState.java:run(143)) - 8584c99c-b1f6-49cb-b2cc-ee99e5d5bcfa@group-11231ED04B9B-FollowerState was interrupted: {}
java.lang.InterruptedException: sleep interrupted
	at java.lang.Thread.sleep(Native Method)
	at java.lang.Thread.sleep(Thread.java:342)
	at java.util.concurrent.TimeUnit.sleep(TimeUnit.java:386)
	at org.apache.ratis.util.TimeDuration.sleep(TimeDuration.java:324)
	at org.apache.ratis.util.TimeDuration.sleep(TimeDuration.java:309)
	at org.apache.ratis.server.impl.FollowerState.run(FollowerState.java:118)
2022-03-04 14:01:07,204 [grpc-default-executor-2] INFO  server.RaftServer$Division (RaftServerImpl.java:requestVote(1078)) - 8584c99c-b1f6-49cb-b2cc-ee99e5d5bcfa@group-11231ED04B9B replies to ELECTION vote request: c2ce8477-23c6-43df-953a-8ac050b841b2<-8584c99c-b1f6-49cb-b2cc-ee99e5d5bcfa#0:OK-t4. Peer's state: 8584c99c-b1f6-49cb-b2cc-ee99e5d5bcfa@group-11231ED04B9B:t4, leader=null, voted=c2ce8477-23c6-43df-953a-8ac050b841b2, raftlog=8584c99c-b1f6-49cb-b2cc-ee99e5d5bcfa@group-11231ED04B9B-SegmentedRaftLog:OPENED:c-1, conf=-1: [c3676fd2-aa1d-4bad-a43e-86e50d6cf352|rpc:10.1.0.50:39689|priority:0, c2ce8477-23c6-43df-953a-8ac050b841b2|rpc:10.1.0.50:39661|priority:1, 8584c99c-b1f6-49cb-b2cc-ee99e5d5bcfa|rpc:10.1.0.50:38771|priority:0], old=null
2022-03-04 14:01:07,205 [c2ce8477-23c6-43df-953a-8ac050b841b2@group-11231ED04B9B-LeaderElection35] INFO  impl.LeaderElection (LeaderElection.java:logAndReturn(89)) - c2ce8477-23c6-43df-953a-8ac050b841b2@group-11231ED04B9B-LeaderElection35: ELECTION PASSED received 1 response(s) and 0 exception(s):
2022-03-04 14:01:07,205 [c2ce8477-23c6-43df-953a-8ac050b841b2@group-11231ED04B9B-LeaderElection35] INFO  impl.LeaderElection (LeaderElection.java:logAndReturn(93)) -   Response 0: c2ce8477-23c6-43df-953a-8ac050b841b2<-8584c99c-b1f6-49cb-b2cc-ee99e5d5bcfa#0:OK-t4
2022-03-04 14:01:07,205 [c2ce8477-23c6-43df-953a-8ac050b841b2@group-11231ED04B9B-LeaderElection35] INFO  impl.LeaderElection (LeaderElection.java:askForVotes(308)) - c2ce8477-23c6-43df-953a-8ac050b841b2@group-11231ED04B9B-LeaderElection35 ELECTION round 0: result PASSED
2022-03-04 14:01:07,205 [c2ce8477-23c6-43df-953a-8ac050b841b2@group-11231ED04B9B-LeaderElection35] INFO  impl.RoleInfo (RoleInfo.java:shutdownLeaderElection(121)) - c2ce8477-23c6-43df-953a-8ac050b841b2: shutdown c2ce8477-23c6-43df-953a-8ac050b841b2@group-11231ED04B9B-LeaderElection35
2022-03-04 14:01:07,205 [c2ce8477-23c6-43df-953a-8ac050b841b2@group-11231ED04B9B-LeaderElection35] INFO  server.RaftServer$Division (RaftServerImpl.java:setRole(290)) - c2ce8477-23c6-43df-953a-8ac050b841b2@group-11231ED04B9B: changes role from CANDIDATE to LEADER at term 4 for changeToLeader
2022-03-04 14:01:07,205 [c2ce8477-23c6-43df-953a-8ac050b841b2@group-11231ED04B9B-LeaderElection35] INFO  ratis.XceiverServerRatis (XceiverServerRatis.java:handleLeaderChangedNotification(867)) - Leader change notification received for group: group-11231ED04B9B with new leaderId: c2ce8477-23c6-43df-953a-8ac050b841b2
2022-03-04 14:01:07,205 [c2ce8477-23c6-43df-953a-8ac050b841b2@group-11231ED04B9B-LeaderElection35] INFO  server.RaftServer$Division (ServerState.java:setLeader(285)) - c2ce8477-23c6-43df-953a-8ac050b841b2@group-11231ED04B9B: change Leader from null to c2ce8477-23c6-43df-953a-8ac050b841b2 at term 4 for becomeLeader, leader elected after 20398ms
2022-03-04 14:01:07,205 [c2ce8477-23c6-43df-953a-8ac050b841b2@group-11231ED04B9B-LeaderElection35] INFO  server.RaftServerConfigKeys (ConfUtils.java:logGet(44)) - raft.server.staging.catchup.gap = 1000 (default)
2022-03-04 14:01:07,205 [c2ce8477-23c6-43df-953a-8ac050b841b2@group-11231ED04B9B-LeaderElection35] INFO  server.RaftServerConfigKeys (ConfUtils.java:logGet(44)) - raft.server.write.element-limit = 1024 (custom)
2022-03-04 14:01:07,205 [c2ce8477-23c6-43df-953a-8ac050b841b2@group-11231ED04B9B-LeaderElection35] INFO  server.RaftServerConfigKeys (ConfUtils.java:logGet(44)) - raft.server.write.byte-limit = 1024 M (=1073741824) (custom)
2022-03-04 14:01:07,205 [c2ce8477-23c6-43df-953a-8ac050b841b2@group-11231ED04B9B-LeaderElection35] INFO  server.RaftServerConfigKeys (ConfUtils.java:logGet(44)) - raft.server.watch.timeout = 180s (custom)
2022-03-04 14:01:07,205 [c2ce8477-23c6-43df-953a-8ac050b841b2@group-11231ED04B9B-LeaderElection35] INFO  server.RaftServerConfigKeys (ConfUtils.java:logGet(44)) - raft.server.watch.timeout.denomination = 1s (default)
2022-03-04 14:01:07,205 [c2ce8477-23c6-43df-953a-8ac050b841b2@group-11231ED04B9B-LeaderElection35] INFO  server.RaftServerConfigKeys (ConfUtils.java:logGet(44)) - raft.server.watch.element-limit = 65536 (default)
2022-03-04 14:01:07,206 [c2ce8477-23c6-43df-953a-8ac050b841b2@group-11231ED04B9B-LeaderElection35] INFO  server.RaftServerConfigKeys (ConfUtils.java:logGet(44)) - raft.server.write.element-limit = 1024 (custom)
2022-03-04 14:01:07,206 [c2ce8477-23c6-43df-953a-8ac050b841b2@group-11231ED04B9B-LeaderElection35] INFO  server.RaftServerConfigKeys (ConfUtils.java:logGet(44)) - raft.server.write.follower.gap.ratio.max = -1.0 (default)
2022-03-04 14:01:07,206 [c2ce8477-23c6-43df-953a-8ac050b841b2@group-11231ED04B9B-LeaderElection35] INFO  server.RaftServerConfigKeys (ConfUtils.java:logGet(44)) - raft.server.log.appender.snapshot.chunk.size.max = 16MB (=16777216) (default)
2022-03-04 14:01:07,206 [c2ce8477-23c6-43df-953a-8ac050b841b2@group-11231ED04B9B-LeaderElection35] INFO  server.RaftServerConfigKeys (ConfUtils.java:logGet(44)) - raft.server.log.appender.buffer.byte-limit = 33554432 (custom)
2022-03-04 14:01:07,206 [c2ce8477-23c6-43df-953a-8ac050b841b2@group-11231ED04B9B-LeaderElection35] INFO  server.RaftServerConfigKeys (ConfUtils.java:logGet(44)) - raft.server.log.appender.buffer.element-limit = 1 (custom)
2022-03-04 14:01:07,206 [c2ce8477-23c6-43df-953a-8ac050b841b2@group-11231ED04B9B-LeaderElection35] INFO  grpc.GrpcConfigKeys (ConfUtils.java:logGet(44)) - raft.grpc.server.leader.outstanding.appends.max = 128 (default)
2022-03-04 14:01:07,206 [c2ce8477-23c6-43df-953a-8ac050b841b2@group-11231ED04B9B-LeaderElection35] INFO  server.RaftServerConfigKeys (ConfUtils.java:logGet(44)) - raft.server.rpc.request.timeout = 60s (custom)
2022-03-04 14:01:07,206 [c2ce8477-23c6-43df-953a-8ac050b841b2@group-11231ED04B9B-LeaderElection35] INFO  server.RaftServerConfigKeys (ConfUtils.java:logGet(44)) - raft.server.log.appender.install.snapshot.enabled = false (custom)
2022-03-04 14:01:07,207 [c2ce8477-23c6-43df-953a-8ac050b841b2@group-11231ED04B9B-LeaderElection35] INFO  server.RaftServerConfigKeys (ConfUtils.java:logGet(44)) - raft.server.log.appender.snapshot.chunk.size.max = 16MB (=16777216) (default)
2022-03-04 14:01:07,207 [c2ce8477-23c6-43df-953a-8ac050b841b2@group-11231ED04B9B-LeaderElection35] INFO  server.RaftServerConfigKeys (ConfUtils.java:logGet(44)) - raft.server.log.appender.buffer.byte-limit = 33554432 (custom)
2022-03-04 14:01:07,207 [c2ce8477-23c6-43df-953a-8ac050b841b2@group-11231ED04B9B-LeaderElection35] INFO  server.RaftServerConfigKeys (ConfUtils.java:logGet(44)) - raft.server.log.appender.buffer.element-limit = 1 (custom)
2022-03-04 14:01:07,207 [c2ce8477-23c6-43df-953a-8ac050b841b2@group-11231ED04B9B-LeaderElection35] INFO  grpc.GrpcConfigKeys (ConfUtils.java:logGet(44)) - raft.grpc.server.leader.outstanding.appends.max = 128 (default)
2022-03-04 14:01:07,207 [c2ce8477-23c6-43df-953a-8ac050b841b2@group-11231ED04B9B-LeaderElection35] INFO  server.RaftServerConfigKeys (ConfUtils.java:logGet(44)) - raft.server.rpc.request.timeout = 60s (custom)
2022-03-04 14:01:07,207 [c2ce8477-23c6-43df-953a-8ac050b841b2@group-11231ED04B9B-LeaderElection35] INFO  server.RaftServerConfigKeys (ConfUtils.java:logGet(44)) - raft.server.log.appender.install.snapshot.enabled = false (custom)
2022-03-04 14:01:07,208 [c2ce8477-23c6-43df-953a-8ac050b841b2@group-11231ED04B9B-LeaderElection35] INFO  impl.RoleInfo (RoleInfo.java:updateAndGet(130)) - c2ce8477-23c6-43df-953a-8ac050b841b2: start c2ce8477-23c6-43df-953a-8ac050b841b2@group-11231ED04B9B-LeaderStateImpl
2022-03-04 14:01:07,208 [c2ce8477-23c6-43df-953a-8ac050b841b2@group-11231ED04B9B-LeaderElection35] INFO  segmented.SegmentedRaftLogWorker (SegmentedRaftLogWorker.java:startLogSegment(394)) - c2ce8477-23c6-43df-953a-8ac050b841b2@group-11231ED04B9B-SegmentedRaftLogWorker: Starting segment from index:0
2022-03-04 14:01:07,210 [c2ce8477-23c6-43df-953a-8ac050b841b2@group-11231ED04B9B-SegmentedRaftLogWorker] INFO  segmented.SegmentedRaftLogWorker (SegmentedRaftLogWorker.java:execute(601)) - c2ce8477-23c6-43df-953a-8ac050b841b2@group-11231ED04B9B-SegmentedRaftLogWorker: created new log segment /home/runner/work/ozone/ozone/hadoop-ozone/integration-test/target/test-dir/MiniOzoneClusterImpl-10321a66-a57b-4da4-a5d8-14fb1947f354/datanode-2/data/ratis/647e4461-843f-4649-a645-11231ed04b9b/current/log_inprogress_0
2022-03-04 14:01:07,214 [ContainerOp-b636ce0a-b811-495b-814d-a142077a8439-6] INFO  keyvalue.KeyValueContainer (KeyValueContainer.java:close(364)) - Container 6 is closed with bcsId 22.
2022-03-04 14:01:07,215 [ContainerOp-b636ce0a-b811-495b-814d-a142077a8439-6] INFO  keyvalue.KeyValueContainer (KeyValueContainer.java:close(364)) - Container 6 is closed with bcsId 22.
2022-03-04 14:01:07,228 [grpc-default-executor-0] INFO  ratis.XceiverServerRatis (XceiverServerRatis.java:handleLeaderChangedNotification(867)) - Leader change notification received for group: group-11231ED04B9B with new leaderId: c2ce8477-23c6-43df-953a-8ac050b841b2
2022-03-04 14:01:07,228 [grpc-default-executor-0] INFO  server.RaftServer$Division (ServerState.java:setLeader(285)) - 8584c99c-b1f6-49cb-b2cc-ee99e5d5bcfa@group-11231ED04B9B: change Leader from null to c2ce8477-23c6-43df-953a-8ac050b841b2 at term 4 for appendEntries, leader elected after 20447ms
2022-03-04 14:01:07,231 [Command processor thread] INFO  server.RaftServer (RaftServerProxy.java:remove(106)) - 9c2a821a-d00f-4116-a8fa-c740af3038b6: remove    LEADER 9c2a821a-d00f-4116-a8fa-c740af3038b6@group-A142077A8439:t2, leader=9c2a821a-d00f-4116-a8fa-c740af3038b6, voted=9c2a821a-d00f-4116-a8fa-c740af3038b6, raftlog=9c2a821a-d00f-4116-a8fa-c740af3038b6@group-A142077A8439-SegmentedRaftLog:OPENED:c34, conf=0: [76b7efd9-abe0-4dc6-ba7e-a9f3d34fee65|rpc:10.1.0.50:39139|dataStream:|priority:0, 9c2a821a-d00f-4116-a8fa-c740af3038b6|rpc:10.1.0.50:44521|dataStream:|priority:1, f167d004-0a2a-461f-8684-7214b8d7ee2a|rpc:10.1.0.50:37457|dataStream:|priority:0], old=null RUNNING
2022-03-04 14:01:07,231 [Command processor thread] INFO  server.RaftServer$Division (RaftServerImpl.java:lambda$close$4(412)) - 9c2a821a-d00f-4116-a8fa-c740af3038b6@group-A142077A8439: shutdown
2022-03-04 14:01:07,231 [Command processor thread] INFO  util.JmxRegister (JmxRegister.java:unregister(73)) - Successfully un-registered JMX Bean with object name Ratis:service=RaftServer,group=group-A142077A8439,id=9c2a821a-d00f-4116-a8fa-c740af3038b6
2022-03-04 14:01:07,231 [Command processor thread] INFO  impl.RoleInfo (RoleInfo.java:shutdownLeaderState(91)) - 9c2a821a-d00f-4116-a8fa-c740af3038b6: shutdown 9c2a821a-d00f-4116-a8fa-c740af3038b6@group-A142077A8439-LeaderStateImpl
2022-03-04 14:01:07,231 [Command processor thread] INFO  impl.PendingRequests (PendingRequests.java:sendNotLeaderResponses(282)) - 9c2a821a-d00f-4116-a8fa-c740af3038b6@group-A142077A8439-PendingRequests: sendNotLeaderResponses
2022-03-04 14:01:07,232 [9c2a821a-d00f-4116-a8fa-c740af3038b6@group-A142077A8439->f167d004-0a2a-461f-8684-7214b8d7ee2a-GrpcLogAppender-LogAppenderDaemon] WARN  server.GrpcLogAppender (GrpcLogAppender.java:mayWait(177)) - 9c2a821a-d00f-4116-a8fa-c740af3038b6@group-A142077A8439->f167d004-0a2a-461f-8684-7214b8d7ee2a-GrpcLogAppender: Wait interrupted by java.lang.InterruptedException
2022-03-04 14:01:07,232 [9c2a821a-d00f-4116-a8fa-c740af3038b6@group-A142077A8439->76b7efd9-abe0-4dc6-ba7e-a9f3d34fee65-GrpcLogAppender-LogAppenderDaemon] WARN  server.GrpcLogAppender (GrpcLogAppender.java:mayWait(177)) - 9c2a821a-d00f-4116-a8fa-c740af3038b6@group-A142077A8439->76b7efd9-abe0-4dc6-ba7e-a9f3d34fee65-GrpcLogAppender: Wait interrupted by java.lang.InterruptedException
2022-03-04 14:01:07,233 [grpc-default-executor-2] INFO  server.GrpcServerProtocolService (GrpcServerProtocolService.java:onCompleted(140)) - f167d004-0a2a-461f-8684-7214b8d7ee2a: Completed APPEND_ENTRIES, lastRequest: 9c2a821a-d00f-4116-a8fa-c740af3038b6->f167d004-0a2a-461f-8684-7214b8d7ee2a#460-t2,previous=(t:2, i:33),leaderCommit=33,initializing? true,entries: size=1, first=(t:2, i:34), METADATAENTRY(c:33)
2022-03-04 14:01:07,233 [FixedThreadPoolWithAffinityExecutor-0-0] INFO  container.IncrementalContainerReportHandler (AbstractContainerReportHandler.java:updateContainerState(241)) - Moving container #6 to CLOSED state, datanode 9c2a821a-d00f-4116-a8fa-c740af3038b6{ip: 10.1.0.50, host: fv-az294-754.eaanfquahm5ulb5tj050gcxych.jx.internal.cloudapp.net, ports: [REPLICATION=38289, RATIS=44521, RATIS_ADMIN=44521, RATIS_SERVER=44521, STANDALONE=41355], networkLocation: /default-rack, certSerialId: null, persistedOpState: IN_SERVICE, persistedOpStateExpiryEpochSec: 0} reported CLOSED replica.
2022-03-04 14:01:07,234 [grpc-default-executor-4] INFO  server.GrpcLogAppender (GrpcLogAppender.java:onCompleted(346)) - 9c2a821a-d00f-4116-a8fa-c740af3038b6@group-A142077A8439->f167d004-0a2a-461f-8684-7214b8d7ee2a-AppendLogResponseHandler: follower responses appendEntries COMPLETED
2022-03-04 14:01:07,234 [grpc-default-executor-4] INFO  leader.FollowerInfo (FollowerInfoImpl.java:lambda$new$0(47)) - 9c2a821a-d00f-4116-a8fa-c740af3038b6@group-A142077A8439->f167d004-0a2a-461f-8684-7214b8d7ee2a: nextIndex: updateUnconditionally 35 -> 34
2022-03-04 14:01:07,235 [grpc-default-executor-2] WARN  server.GrpcLogAppender (LogUtils.java:warn(122)) - c2ce8477-23c6-43df-953a-8ac050b841b2@group-11231ED04B9B->c3676fd2-aa1d-4bad-a43e-86e50d6cf352-AppendLogResponseHandler: Failed appendEntries: org.apache.ratis.thirdparty.io.grpc.StatusRuntimeException: UNAVAILABLE: io exception
2022-03-04 14:01:07,236 [grpc-default-executor-2] WARN  server.GrpcLogAppender (GrpcLogAppender.java:resetClient(110)) - c2ce8477-23c6-43df-953a-8ac050b841b2@group-11231ED04B9B->c3676fd2-aa1d-4bad-a43e-86e50d6cf352-GrpcLogAppender: Leader has not got in touch with Follower c2ce8477-23c6-43df-953a-8ac050b841b2@group-11231ED04B9B->c3676fd2-aa1d-4bad-a43e-86e50d6cf352(c-1,m0,n0, attendVote=true, lastRpcSendTime=5230, lastRpcResponseTime=5230) yet, just keep nextIndex unchanged and retry.
2022-03-04 14:01:07,237 [grpc-default-executor-2] WARN  server.GrpcLogAppender (LogUtils.java:warn(122)) - c2ce8477-23c6-43df-953a-8ac050b841b2@group-11231ED04B9B->c3676fd2-aa1d-4bad-a43e-86e50d6cf352-AppendLogResponseHandler: Failed appendEntries: org.apache.ratis.thirdparty.io.grpc.StatusRuntimeException: UNAVAILABLE: io exception
2022-03-04 14:01:07,237 [grpc-default-executor-2] WARN  server.GrpcLogAppender (GrpcLogAppender.java:resetClient(110)) - c2ce8477-23c6-43df-953a-8ac050b841b2@group-11231ED04B9B->c3676fd2-aa1d-4bad-a43e-86e50d6cf352-GrpcLogAppender: Leader has not got in touch with Follower c2ce8477-23c6-43df-953a-8ac050b841b2@group-11231ED04B9B->c3676fd2-aa1d-4bad-a43e-86e50d6cf352(c-1,m0,n1, attendVote=true, lastRpcSendTime=0, lastRpcResponseTime=5231) yet, just keep nextIndex unchanged and retry.
2022-03-04 14:01:07,247 [c2ce8477-23c6-43df-953a-8ac050b841b2@group-11231ED04B9B-LeaderElection35] INFO  server.RaftServer$Division (ServerState.java:setRaftConf(387)) - c2ce8477-23c6-43df-953a-8ac050b841b2@group-11231ED04B9B: set configuration 0: [c3676fd2-aa1d-4bad-a43e-86e50d6cf352|rpc:10.1.0.50:39689|dataStream:|priority:0, c2ce8477-23c6-43df-953a-8ac050b841b2|rpc:10.1.0.50:39661|dataStream:|priority:1, 8584c99c-b1f6-49cb-b2cc-ee99e5d5bcfa|rpc:10.1.0.50:38771|dataStream:|priority:0], old=null
2022-03-04 14:01:07,248 [Command processor thread] INFO  impl.StateMachineUpdater (StateMachineUpdater.java:stopAndJoin(149)) - 9c2a821a-d00f-4116-a8fa-c740af3038b6@group-A142077A8439-StateMachineUpdater: set stopIndex = 34
2022-03-04 14:01:07,248 [9c2a821a-d00f-4116-a8fa-c740af3038b6@group-A142077A8439-StateMachineUpdater] INFO  ratis.ContainerStateMachine (ContainerStateMachine.java:takeSnapshot(304)) - group-A142077A8439: Taking a snapshot at:(t:2, i:34) file /home/runner/work/ozone/ozone/hadoop-ozone/integration-test/target/test-dir/MiniOzoneClusterImpl-10321a66-a57b-4da4-a5d8-14fb1947f354/datanode-4/data/ratis/b636ce0a-b811-495b-814d-a142077a8439/sm/snapshot.2_34
2022-03-04 14:01:07,249 [grpc-default-executor-0] INFO  server.RaftServer$Division (ServerState.java:setRaftConf(387)) - 8584c99c-b1f6-49cb-b2cc-ee99e5d5bcfa@group-11231ED04B9B: set configuration 0: [c3676fd2-aa1d-4bad-a43e-86e50d6cf352|rpc:10.1.0.50:39689|dataStream:|priority:0, c2ce8477-23c6-43df-953a-8ac050b841b2|rpc:10.1.0.50:39661|dataStream:|priority:1, 8584c99c-b1f6-49cb-b2cc-ee99e5d5bcfa|rpc:10.1.0.50:38771|dataStream:|priority:0], old=null
2022-03-04 14:01:07,249 [grpc-default-executor-0] INFO  segmented.SegmentedRaftLogWorker (SegmentedRaftLogWorker.java:startLogSegment(394)) - 8584c99c-b1f6-49cb-b2cc-ee99e5d5bcfa@group-11231ED04B9B-SegmentedRaftLogWorker: Starting segment from index:0
2022-03-04 14:01:07,251 [9c2a821a-d00f-4116-a8fa-c740af3038b6@group-A142077A8439-StateMachineUpdater] INFO  ratis.ContainerStateMachine (ContainerStateMachine.java:takeSnapshot(315)) - group-A142077A8439: Finished taking a snapshot at:(t:2, i:34) file:/home/runner/work/ozone/ozone/hadoop-ozone/integration-test/target/test-dir/MiniOzoneClusterImpl-10321a66-a57b-4da4-a5d8-14fb1947f354/datanode-4/data/ratis/b636ce0a-b811-495b-814d-a142077a8439/sm/snapshot.2_34 took: 3 ms
2022-03-04 14:01:07,251 [9c2a821a-d00f-4116-a8fa-c740af3038b6@group-A142077A8439-StateMachineUpdater] INFO  impl.StateMachineUpdater (StateMachineUpdater.java:takeSnapshot(281)) - 9c2a821a-d00f-4116-a8fa-c740af3038b6@group-A142077A8439-StateMachineUpdater: Took a snapshot at index 34
2022-03-04 14:01:07,251 [9c2a821a-d00f-4116-a8fa-c740af3038b6@group-A142077A8439-StateMachineUpdater] INFO  impl.StateMachineUpdater (StateMachineUpdater.java:lambda$new$0(89)) - 9c2a821a-d00f-4116-a8fa-c740af3038b6@group-A142077A8439-StateMachineUpdater: snapshotIndex: updateIncreasingly -1 -> 34
2022-03-04 14:01:07,251 [8584c99c-b1f6-49cb-b2cc-ee99e5d5bcfa@group-11231ED04B9B-SegmentedRaftLogWorker] INFO  segmented.SegmentedRaftLogWorker (SegmentedRaftLogWorker.java:execute(601)) - 8584c99c-b1f6-49cb-b2cc-ee99e5d5bcfa@group-11231ED04B9B-SegmentedRaftLogWorker: created new log segment /home/runner/work/ozone/ozone/hadoop-ozone/integration-test/target/test-dir/MiniOzoneClusterImpl-10321a66-a57b-4da4-a5d8-14fb1947f354/datanode-0/data/ratis/647e4461-843f-4649-a645-11231ed04b9b/current/log_inprogress_0
2022-03-04 14:01:07,252 [Command processor thread] INFO  server.RaftServer$Division (ServerState.java:close(419)) - 9c2a821a-d00f-4116-a8fa-c740af3038b6@group-A142077A8439: closes. applyIndex: 34
2022-03-04 14:01:07,275 [9c2a821a-d00f-4116-a8fa-c740af3038b6@group-A142077A8439-SegmentedRaftLogWorker] INFO  segmented.SegmentedRaftLogWorker (SegmentedRaftLogWorker.java:run(327)) - 9c2a821a-d00f-4116-a8fa-c740af3038b6@group-A142077A8439-SegmentedRaftLogWorker was interrupted, exiting. There are 0 tasks remaining in the queue.
2022-03-04 14:01:07,275 [Command processor thread] INFO  segmented.SegmentedRaftLogWorker (SegmentedRaftLogWorker.java:close(237)) - 9c2a821a-d00f-4116-a8fa-c740af3038b6@group-A142077A8439-SegmentedRaftLogWorker close()
2022-03-04 14:01:07,276 [Command processor thread] INFO  server.RaftServer$Division (RaftServerImpl.java:groupRemove(382)) - 9c2a821a-d00f-4116-a8fa-c740af3038b6@group-A142077A8439: Succeed to remove RaftStorageDirectory Storage Directory /home/runner/work/ozone/ozone/hadoop-ozone/integration-test/target/test-dir/MiniOzoneClusterImpl-10321a66-a57b-4da4-a5d8-14fb1947f354/datanode-4/data/ratis/b636ce0a-b811-495b-814d-a142077a8439
2022-03-04 14:01:07,276 [Command processor thread] INFO  commandhandler.ClosePipelineCommandHandler (ClosePipelineCommandHandler.java:handle(78)) - Close Pipeline PipelineID=b636ce0a-b811-495b-814d-a142077a8439 command on datanode 9c2a821a-d00f-4116-a8fa-c740af3038b6.
2022-03-04 14:01:07,422 [ReplicationMonitor] INFO  container.ReplicationManager (ReplicationManager.java:handleUnderReplicatedContainer(1224)) - Container #4 is under replicated. Expected replica count is 3, but found 2.
2022-03-04 14:01:07,422 [ReplicationMonitor] INFO  container.ReplicationManager (ReplicationManager.java:sendReplicateCommand(1578)) - Sending replicate container command for container #4 to datanode c2ce8477-23c6-43df-953a-8ac050b841b2{ip: 10.1.0.50, host: fv-az294-754.eaanfquahm5ulb5tj050gcxych.jx.internal.cloudapp.net, ports: [REPLICATION=38453, RATIS=39661, RATIS_ADMIN=39661, RATIS_SERVER=39661, STANDALONE=37185], networkLocation: /default-rack, certSerialId: null, persistedOpState: IN_SERVICE, persistedOpStateExpiryEpochSec: 0} from datanodes [9c2a821a-d00f-4116-a8fa-c740af3038b6{ip: 10.1.0.50, host: fv-az294-754.eaanfquahm5ulb5tj050gcxych.jx.internal.cloudapp.net, ports: [REPLICATION=38289, RATIS=44521, RATIS_ADMIN=44521, RATIS_SERVER=44521, STANDALONE=41355], networkLocation: /default-rack, certSerialId: null, persistedOpState: IN_SERVICE, persistedOpStateExpiryEpochSec: 0}, f167d004-0a2a-461f-8684-7214b8d7ee2a{ip: 10.1.0.50, host: fv-az294-754.eaanfquahm5ulb5tj050gcxych.jx.internal.cloudapp.net, ports: [REPLICATION=33741, RATIS=37457, RATIS_ADMIN=37457, RATIS_SERVER=37457, STANDALONE=39283], networkLocation: /default-rack, certSerialId: null, persistedOpState: IN_SERVICE, persistedOpStateExpiryEpochSec: 0}]
2022-03-04 14:01:07,422 [ReplicationMonitor] INFO  container.ReplicationManager (ReplicationManager.java:handleUnderReplicatedContainer(1224)) - Container #5 is under replicated. Expected replica count is 3, but found 2.
2022-03-04 14:01:07,422 [ReplicationMonitor] INFO  container.ReplicationManager (ReplicationManager.java:sendReplicateCommand(1578)) - Sending replicate container command for container #5 to datanode 8584c99c-b1f6-49cb-b2cc-ee99e5d5bcfa{ip: 10.1.0.50, host: fv-az294-754.eaanfquahm5ulb5tj050gcxych.jx.internal.cloudapp.net, ports: [REPLICATION=44081, RATIS=38771, RATIS_ADMIN=38771, RATIS_SERVER=38771, STANDALONE=39225], networkLocation: /default-rack, certSerialId: null, persistedOpState: IN_SERVICE, persistedOpStateExpiryEpochSec: 0} from datanodes [f167d004-0a2a-461f-8684-7214b8d7ee2a{ip: 10.1.0.50, host: fv-az294-754.eaanfquahm5ulb5tj050gcxych.jx.internal.cloudapp.net, ports: [REPLICATION=33741, RATIS=37457, RATIS_ADMIN=37457, RATIS_SERVER=37457, STANDALONE=39283], networkLocation: /default-rack, certSerialId: null, persistedOpState: IN_SERVICE, persistedOpStateExpiryEpochSec: 0}, 9c2a821a-d00f-4116-a8fa-c740af3038b6{ip: 10.1.0.50, host: fv-az294-754.eaanfquahm5ulb5tj050gcxych.jx.internal.cloudapp.net, ports: [REPLICATION=38289, RATIS=44521, RATIS_ADMIN=44521, RATIS_SERVER=44521, STANDALONE=41355], networkLocation: /default-rack, certSerialId: null, persistedOpState: IN_SERVICE, persistedOpStateExpiryEpochSec: 0}]
2022-03-04 14:01:07,422 [ReplicationMonitor] INFO  container.ReplicationManager (ReplicationManager.java:handleUnderReplicatedContainer(1224)) - Container #6 is under replicated. Expected replica count is 3, but found 2.
2022-03-04 14:01:07,422 [ReplicationMonitor] INFO  container.ReplicationManager (ReplicationManager.java:sendReplicateCommand(1578)) - Sending replicate container command for container #6 to datanode 8584c99c-b1f6-49cb-b2cc-ee99e5d5bcfa{ip: 10.1.0.50, host: fv-az294-754.eaanfquahm5ulb5tj050gcxych.jx.internal.cloudapp.net, ports: [REPLICATION=44081, RATIS=38771, RATIS_ADMIN=38771, RATIS_SERVER=38771, STANDALONE=39225], networkLocation: /default-rack, certSerialId: null, persistedOpState: IN_SERVICE, persistedOpStateExpiryEpochSec: 0} from datanodes [9c2a821a-d00f-4116-a8fa-c740af3038b6{ip: 10.1.0.50, host: fv-az294-754.eaanfquahm5ulb5tj050gcxych.jx.internal.cloudapp.net, ports: [REPLICATION=38289, RATIS=44521, RATIS_ADMIN=44521, RATIS_SERVER=44521, STANDALONE=41355], networkLocation: /default-rack, certSerialId: null, persistedOpState: IN_SERVICE, persistedOpStateExpiryEpochSec: 0}, f167d004-0a2a-461f-8684-7214b8d7ee2a{ip: 10.1.0.50, host: fv-az294-754.eaanfquahm5ulb5tj050gcxych.jx.internal.cloudapp.net, ports: [REPLICATION=33741, RATIS=37457, RATIS_ADMIN=37457, RATIS_SERVER=37457, STANDALONE=39283], networkLocation: /default-rack, certSerialId: null, persistedOpState: IN_SERVICE, persistedOpStateExpiryEpochSec: 0}]
2022-03-04 14:01:07,422 [ReplicationMonitor] INFO  container.ReplicationManager (ReplicationManager.java:processAll(387)) - Replication Monitor Thread took 1 milliseconds for processing 6 containers.
2022-03-04 14:01:07,866 [EventQueue-DeadNodeForDeadNodeHandler] INFO  node.DeadNodeHandler (DeadNodeHandler.java:onMessage(80)) - A dead datanode is detected. c3676fd2-aa1d-4bad-a43e-86e50d6cf352{ip: 10.1.0.50, host: fv-az294-754.eaanfquahm5ulb5tj050gcxych.jx.internal.cloudapp.net, ports: [REPLICATION=46363, RATIS=39689, RATIS_ADMIN=39689, RATIS_SERVER=39689, STANDALONE=42507], networkLocation: /default-rack, certSerialId: null, persistedOpState: IN_SERVICE, persistedOpStateExpiryEpochSec: 0}
2022-03-04 14:01:07,866 [EventQueue-DeadNodeForDeadNodeHandler] INFO  pipeline.RatisPipelineProvider (RatisPipelineProvider.java:lambda$close$1(222)) - Send pipeline:PipelineID=647e4461-843f-4649-a645-11231ed04b9b close command to datanode c3676fd2-aa1d-4bad-a43e-86e50d6cf352
2022-03-04 14:01:07,867 [EventQueue-DeadNodeForDeadNodeHandler] INFO  pipeline.RatisPipelineProvider (RatisPipelineProvider.java:lambda$close$1(222)) - Send pipeline:PipelineID=647e4461-843f-4649-a645-11231ed04b9b close command to datanode c2ce8477-23c6-43df-953a-8ac050b841b2
2022-03-04 14:01:07,867 [EventQueue-DeadNodeForDeadNodeHandler] INFO  pipeline.RatisPipelineProvider (RatisPipelineProvider.java:lambda$close$1(222)) - Send pipeline:PipelineID=647e4461-843f-4649-a645-11231ed04b9b close command to datanode 8584c99c-b1f6-49cb-b2cc-ee99e5d5bcfa
2022-03-04 14:01:07,867 [EventQueue-DeadNodeForDeadNodeHandler] INFO  pipeline.PipelineStateManagerImpl (PipelineStateManagerImpl.java:removePipeline(223)) - Pipeline Pipeline[ Id: 647e4461-843f-4649-a645-11231ed04b9b, Nodes: c3676fd2-aa1d-4bad-a43e-86e50d6cf352{ip: 10.1.0.50, host: fv-az294-754.eaanfquahm5ulb5tj050gcxych.jx.internal.cloudapp.net, ports: [REPLICATION=46363, RATIS=39689, RATIS_ADMIN=39689, RATIS_SERVER=39689, STANDALONE=42507], networkLocation: /default-rack, certSerialId: null, persistedOpState: IN_MAINTENANCE, persistedOpStateExpiryEpochSec: 0}c2ce8477-23c6-43df-953a-8ac050b841b2{ip: 10.1.0.50, host: fv-az294-754.eaanfquahm5ulb5tj050gcxych.jx.internal.cloudapp.net, ports: [REPLICATION=38453, RATIS=39661, RATIS_ADMIN=39661, RATIS_SERVER=39661, STANDALONE=37185], networkLocation: /default-rack, certSerialId: null, persistedOpState: IN_MAINTENANCE, persistedOpStateExpiryEpochSec: 0}8584c99c-b1f6-49cb-b2cc-ee99e5d5bcfa{ip: 10.1.0.50, host: fv-az294-754.eaanfquahm5ulb5tj050gcxych.jx.internal.cloudapp.net, ports: [REPLICATION=44081, RATIS=38771, RATIS_ADMIN=38771, RATIS_SERVER=38771, STANDALONE=39225], networkLocation: /default-rack, certSerialId: null, persistedOpState: IN_MAINTENANCE, persistedOpStateExpiryEpochSec: 0}, ReplicationConfig: RATIS/THREE, State:CLOSED, leaderId:c2ce8477-23c6-43df-953a-8ac050b841b2, CreationTimestamp2022-03-04T14:00:45.367Z[Etc/UTC]] removed.
2022-03-04 14:01:07,867 [EventQueue-DeadNodeForDeadNodeHandler] INFO  pipeline.RatisPipelineProvider (RatisPipelineProvider.java:lambda$close$1(222)) - Send pipeline:PipelineID=a4f516b1-88f4-4395-b2ba-696e569392ec close command to datanode c3676fd2-aa1d-4bad-a43e-86e50d6cf352
2022-03-04 14:01:07,867 [EventQueue-DeadNodeForDeadNodeHandler] INFO  pipeline.PipelineStateManagerImpl (PipelineStateManagerImpl.java:removePipeline(223)) - Pipeline Pipeline[ Id: a4f516b1-88f4-4395-b2ba-696e569392ec, Nodes: c3676fd2-aa1d-4bad-a43e-86e50d6cf352{ip: 10.1.0.50, host: fv-az294-754.eaanfquahm5ulb5tj050gcxych.jx.internal.cloudapp.net, ports: [REPLICATION=46363, RATIS=39689, RATIS_ADMIN=39689, RATIS_SERVER=39689, STANDALONE=42507], networkLocation: /default-rack, certSerialId: null, persistedOpState: IN_MAINTENANCE, persistedOpStateExpiryEpochSec: 0}, ReplicationConfig: RATIS/ONE, State:CLOSED, leaderId:c3676fd2-aa1d-4bad-a43e-86e50d6cf352, CreationTimestamp2022-03-04T14:00:45.366Z[Etc/UTC]] removed.
2022-03-04 14:01:07,867 [EventQueue-DeadNodeForDeadNodeHandler] INFO  net.NetworkTopologyImpl (NetworkTopologyImpl.java:remove(137)) - Removed a node: /default-rack/c3676fd2-aa1d-4bad-a43e-86e50d6cf352
2022-03-04 14:01:08,210 [EventQueue-PipelineReportForPipelineReportHandler] INFO  pipeline.PipelineReportHandler (PipelineReportHandler.java:processPipelineReport(113)) - Reported pipeline PipelineID=647e4461-843f-4649-a645-11231ed04b9b is not found
2022-03-04 14:01:08,235 [EventQueue-PipelineReportForPipelineReportHandler] INFO  pipeline.PipelineReportHandler (PipelineReportHandler.java:processPipelineReport(113)) - Reported pipeline PipelineID=b636ce0a-b811-495b-814d-a142077a8439 is not found
2022-03-04 14:01:08,423 [ReplicationMonitor] INFO  container.ReplicationManager (ReplicationManager.java:processAll(387)) - Replication Monitor Thread took 1 milliseconds for processing 6 containers.
2022-03-04 14:01:08,514 [Mini-Cluster-Provider-Reap] INFO  statemachine.DatanodeStateMachine (DatanodeStateMachine.java:stopDaemon(529)) - Ozone container server stopped.
2022-03-04 14:01:08,517 [Mini-Cluster-Provider-Reap] INFO  handler.ContextHandler (ContextHandler.java:doStop(1153)) - Stopped o.e.j.w.WebAppContext@ecef425{hddsDatanode,/,null,STOPPED}{jar:file:/home/runner/.m2/repository/org/apache/ozone/hdds-container-service/1.3.0-SNAPSHOT/hdds-container-service-1.3.0-SNAPSHOT.jar!/webapps/hddsDatanode}
2022-03-04 14:01:08,546 [Mini-Cluster-Provider-Reap] INFO  server.AbstractConnector (AbstractConnector.java:doStop(381)) - Stopped ServerConnector@4fd96987{HTTP/1.1, (http/1.1)}{0.0.0.0:0}
2022-03-04 14:01:08,547 [Mini-Cluster-Provider-Reap] INFO  server.session (HouseKeeper.java:stopScavenging(149)) - node0 Stopped scavenging
2022-03-04 14:01:08,547 [Mini-Cluster-Provider-Reap] INFO  handler.ContextHandler (ContextHandler.java:doStop(1153)) - Stopped o.e.j.s.ServletContextHandler@1b2865b6{static,/static,jar:file:/home/runner/.m2/repository/org/apache/ozone/hdds-container-service/1.3.0-SNAPSHOT/hdds-container-service-1.3.0-SNAPSHOT.jar!/webapps/static,STOPPED}
2022-03-04 14:01:08,547 [Mini-Cluster-Provider-Reap] INFO  handler.ContextHandler (ContextHandler.java:doStop(1153)) - Stopped o.e.j.s.ServletContextHandler@6a75ff36{logs,/logs,file:///home/runner/work/ozone/ozone/hadoop-ozone/integration-test/target/log,STOPPED}
2022-03-04 14:01:08,972 [ForkJoinPool.commonPool-worker-1] INFO  statemachine.DatanodeStateMachine (DatanodeStateMachine.java:stopDaemon(529)) - Ozone container server stopped.
2022-03-04 14:01:08,978 [ForkJoinPool.commonPool-worker-1] INFO  handler.ContextHandler (ContextHandler.java:doStop(1153)) - Stopped o.e.j.w.WebAppContext@679de9{hddsDatanode,/,null,STOPPED}{jar:file:/home/runner/.m2/repository/org/apache/ozone/hdds-container-service/1.3.0-SNAPSHOT/hdds-container-service-1.3.0-SNAPSHOT.jar!/webapps/hddsDatanode}
2022-03-04 14:01:08,995 [ForkJoinPool.commonPool-worker-1] INFO  server.AbstractConnector (AbstractConnector.java:doStop(381)) - Stopped ServerConnector@1b17bfef{HTTP/1.1, (http/1.1)}{0.0.0.0:0}
2022-03-04 14:01:08,995 [ForkJoinPool.commonPool-worker-1] INFO  server.session (HouseKeeper.java:stopScavenging(149)) - node0 Stopped scavenging
2022-03-04 14:01:08,995 [ForkJoinPool.commonPool-worker-1] INFO  handler.ContextHandler (ContextHandler.java:doStop(1153)) - Stopped o.e.j.s.ServletContextHandler@30a63e1{static,/static,jar:file:/home/runner/.m2/repository/org/apache/ozone/hdds-container-service/1.3.0-SNAPSHOT/hdds-container-service-1.3.0-SNAPSHOT.jar!/webapps/static,STOPPED}
2022-03-04 14:01:08,996 [ForkJoinPool.commonPool-worker-1] INFO  handler.ContextHandler (ContextHandler.java:doStop(1153)) - Stopped o.e.j.s.ServletContextHandler@6498b250{logs,/logs,file:///home/runner/work/ozone/ozone/hadoop-ozone/integration-test/target/log,STOPPED}
2022-03-04 14:01:09,077 [EventQueue-PipelineReportForPipelineReportHandler] INFO  pipeline.PipelineReportHandler (PipelineReportHandler.java:processPipelineReport(113)) - Reported pipeline PipelineID=647e4461-843f-4649-a645-11231ed04b9b is not found
2022-03-04 14:01:09,084 [ContainerReplicationThread-0] INFO  replication.DownloadAndImportReplicator (DownloadAndImportReplicator.java:replicate(105)) - Starting replication of container 5 from [f167d004-0a2a-461f-8684-7214b8d7ee2a{ip: 10.1.0.50, host: fv-az294-754.eaanfquahm5ulb5tj050gcxych.jx.internal.cloudapp.net, ports: [REPLICATION=33741, RATIS=37457, RATIS_ADMIN=37457, RATIS_SERVER=37457, STANDALONE=39283], networkLocation: /default-rack, certSerialId: null, persistedOpState: IN_SERVICE, persistedOpStateExpiryEpochSec: 0}, 9c2a821a-d00f-4116-a8fa-c740af3038b6{ip: 10.1.0.50, host: fv-az294-754.eaanfquahm5ulb5tj050gcxych.jx.internal.cloudapp.net, ports: [REPLICATION=38289, RATIS=44521, RATIS_ADMIN=44521, RATIS_SERVER=44521, STANDALONE=41355], networkLocation: /default-rack, certSerialId: null, persistedOpState: IN_SERVICE, persistedOpStateExpiryEpochSec: 0}]
2022-03-04 14:01:09,090 [Command processor thread] INFO  server.RaftServer (RaftServerProxy.java:remove(106)) - 8584c99c-b1f6-49cb-b2cc-ee99e5d5bcfa: remove  FOLLOWER 8584c99c-b1f6-49cb-b2cc-ee99e5d5bcfa@group-11231ED04B9B:t4, leader=c2ce8477-23c6-43df-953a-8ac050b841b2, voted=c2ce8477-23c6-43df-953a-8ac050b841b2, raftlog=8584c99c-b1f6-49cb-b2cc-ee99e5d5bcfa@group-11231ED04B9B-SegmentedRaftLog:OPENED:c-1, conf=0: [c3676fd2-aa1d-4bad-a43e-86e50d6cf352|rpc:10.1.0.50:39689|dataStream:|priority:0, c2ce8477-23c6-43df-953a-8ac050b841b2|rpc:10.1.0.50:39661|dataStream:|priority:1, 8584c99c-b1f6-49cb-b2cc-ee99e5d5bcfa|rpc:10.1.0.50:38771|dataStream:|priority:0], old=null RUNNING
2022-03-04 14:01:09,090 [Command processor thread] INFO  server.RaftServer$Division (RaftServerImpl.java:lambda$close$4(412)) - 8584c99c-b1f6-49cb-b2cc-ee99e5d5bcfa@group-11231ED04B9B: shutdown
2022-03-04 14:01:09,090 [Command processor thread] INFO  util.JmxRegister (JmxRegister.java:unregister(73)) - Successfully un-registered JMX Bean with object name Ratis:service=RaftServer,group=group-11231ED04B9B,id=8584c99c-b1f6-49cb-b2cc-ee99e5d5bcfa
2022-03-04 14:01:09,090 [Command processor thread] INFO  impl.RoleInfo (RoleInfo.java:shutdownFollowerState(108)) - 8584c99c-b1f6-49cb-b2cc-ee99e5d5bcfa: shutdown 8584c99c-b1f6-49cb-b2cc-ee99e5d5bcfa@group-11231ED04B9B-FollowerState
2022-03-04 14:01:09,090 [Command processor thread] INFO  impl.StateMachineUpdater (StateMachineUpdater.java:stopAndJoin(149)) - 8584c99c-b1f6-49cb-b2cc-ee99e5d5bcfa@group-11231ED04B9B-StateMachineUpdater: set stopIndex = -1
2022-03-04 14:01:09,090 [ContainerReplicationThread-1] INFO  replication.DownloadAndImportReplicator (DownloadAndImportReplicator.java:replicate(105)) - Starting replication of container 6 from [9c2a821a-d00f-4116-a8fa-c740af3038b6{ip: 10.1.0.50, host: fv-az294-754.eaanfquahm5ulb5tj050gcxych.jx.internal.cloudapp.net, ports: [REPLICATION=38289, RATIS=44521, RATIS_ADMIN=44521, RATIS_SERVER=44521, STANDALONE=41355], networkLocation: /default-rack, certSerialId: null, persistedOpState: IN_SERVICE, persistedOpStateExpiryEpochSec: 0}, f167d004-0a2a-461f-8684-7214b8d7ee2a{ip: 10.1.0.50, host: fv-az294-754.eaanfquahm5ulb5tj050gcxych.jx.internal.cloudapp.net, ports: [REPLICATION=33741, RATIS=37457, RATIS_ADMIN=37457, RATIS_SERVER=37457, STANDALONE=39283], networkLocation: /default-rack, certSerialId: null, persistedOpState: IN_SERVICE, persistedOpStateExpiryEpochSec: 0}]
2022-03-04 14:01:09,091 [8584c99c-b1f6-49cb-b2cc-ee99e5d5bcfa@group-11231ED04B9B-FollowerState] INFO  impl.FollowerState (FollowerState.java:run(143)) - 8584c99c-b1f6-49cb-b2cc-ee99e5d5bcfa@group-11231ED04B9B-FollowerState was interrupted: {}
java.lang.InterruptedException: sleep interrupted
	at java.lang.Thread.sleep(Native Method)
	at java.lang.Thread.sleep(Thread.java:342)
	at java.util.concurrent.TimeUnit.sleep(TimeUnit.java:386)
	at org.apache.ratis.util.TimeDuration.sleep(TimeDuration.java:324)
	at org.apache.ratis.util.TimeDuration.sleep(TimeDuration.java:309)
	at org.apache.ratis.server.impl.FollowerState.run(FollowerState.java:118)
2022-03-04 14:01:09,091 [Command processor thread] INFO  server.RaftServer$Division (ServerState.java:close(419)) - 8584c99c-b1f6-49cb-b2cc-ee99e5d5bcfa@group-11231ED04B9B: closes. applyIndex: -1
2022-03-04 14:01:09,091 [8584c99c-b1f6-49cb-b2cc-ee99e5d5bcfa@group-11231ED04B9B-SegmentedRaftLogWorker] INFO  segmented.SegmentedRaftLogWorker (SegmentedRaftLogWorker.java:run(327)) - 8584c99c-b1f6-49cb-b2cc-ee99e5d5bcfa@group-11231ED04B9B-SegmentedRaftLogWorker was interrupted, exiting. There are 0 tasks remaining in the queue.
2022-03-04 14:01:09,091 [grpc-default-executor-0] INFO  replication.GrpcReplicationService (GrpcReplicationService.java:download(52)) - Streaming container data (5) to other datanode
2022-03-04 14:01:09,091 [Command processor thread] INFO  segmented.SegmentedRaftLogWorker (SegmentedRaftLogWorker.java:close(237)) - 8584c99c-b1f6-49cb-b2cc-ee99e5d5bcfa@group-11231ED04B9B-SegmentedRaftLogWorker close()
2022-03-04 14:01:09,100 [Command processor thread] INFO  server.RaftServer$Division (RaftServerImpl.java:groupRemove(382)) - 8584c99c-b1f6-49cb-b2cc-ee99e5d5bcfa@group-11231ED04B9B: Succeed to remove RaftStorageDirectory Storage Directory /home/runner/work/ozone/ozone/hadoop-ozone/integration-test/target/test-dir/MiniOzoneClusterImpl-10321a66-a57b-4da4-a5d8-14fb1947f354/datanode-0/data/ratis/647e4461-843f-4649-a645-11231ed04b9b
2022-03-04 14:01:09,100 [Command processor thread] INFO  commandhandler.ClosePipelineCommandHandler (ClosePipelineCommandHandler.java:handle(78)) - Close Pipeline PipelineID=647e4461-843f-4649-a645-11231ed04b9b command on datanode 8584c99c-b1f6-49cb-b2cc-ee99e5d5bcfa.
2022-03-04 14:01:09,139 [grpc-default-executor-4] INFO  replication.GrpcReplicationService (GrpcReplicationService.java:download(52)) - Streaming container data (6) to other datanode
2022-03-04 14:01:09,152 [grpc-default-executor-0] INFO  replication.GrpcOutputStream (GrpcOutputStream.java:close(104)) - Sent 19706 bytes for container 5
2022-03-04 14:01:09,159 [grpc-default-executor-2] INFO  replication.GrpcReplicationClient (GrpcReplicationClient.java:onCompleted(197)) - Container 5 is downloaded to /home/runner/work/ozone/ozone/hadoop-ozone/integration-test/target/test-dir/MiniOzoneClusterImpl-10321a66-a57b-4da4-a5d8-14fb1947f354/datanode-0/data/replication/work/container-5.tar.gz
2022-03-04 14:01:09,167 [ContainerReplicationThread-0] INFO  replication.DownloadAndImportReplicator (DownloadAndImportReplicator.java:replicate(117)) - Container 5 is downloaded with size 19706, starting to import.
2022-03-04 14:01:09,259 [grpc-default-executor-4] INFO  replication.GrpcOutputStream (GrpcOutputStream.java:close(104)) - Sent 19071 bytes for container 6
2022-03-04 14:01:09,269 [grpc-default-executor-0] INFO  replication.GrpcReplicationClient (GrpcReplicationClient.java:onCompleted(197)) - Container 6 is downloaded to /home/runner/work/ozone/ozone/hadoop-ozone/integration-test/target/test-dir/MiniOzoneClusterImpl-10321a66-a57b-4da4-a5d8-14fb1947f354/datanode-0/data/replication/work/container-6.tar.gz
2022-03-04 14:01:09,291 [ContainerReplicationThread-1] INFO  replication.DownloadAndImportReplicator (DownloadAndImportReplicator.java:replicate(117)) - Container 6 is downloaded with size 19071, starting to import.
2022-03-04 14:01:09,314 [ContainerReplicationThread-0] INFO  replication.DownloadAndImportReplicator (DownloadAndImportReplicator.java:replicate(122)) - Container 5 is replicated successfully
2022-03-04 14:01:09,314 [ContainerReplicationThread-0] INFO  replication.ReplicationSupervisor (ReplicationSupervisor.java:run(176)) - Container 5 is replicated.
2022-03-04 14:01:09,395 [ContainerReplicationThread-1] INFO  replication.DownloadAndImportReplicator (DownloadAndImportReplicator.java:replicate(122)) - Container 6 is replicated successfully
2022-03-04 14:01:09,395 [ContainerReplicationThread-1] INFO  replication.ReplicationSupervisor (ReplicationSupervisor.java:run(176)) - Container 6 is replicated.
2022-03-04 14:01:09,424 [ReplicationMonitor] INFO  container.ReplicationManager (ReplicationManager.java:processAll(387)) - Replication Monitor Thread took 0 milliseconds for processing 6 containers.
2022-03-04 14:01:09,768 [grpc-default-executor-4] WARN  server.GrpcLogAppender (LogUtils.java:warn(122)) - c2ce8477-23c6-43df-953a-8ac050b841b2@group-11231ED04B9B->c3676fd2-aa1d-4bad-a43e-86e50d6cf352-AppendLogResponseHandler: Failed appendEntries: org.apache.ratis.thirdparty.io.grpc.StatusRuntimeException: UNAVAILABLE: io exception
2022-03-04 14:01:09,769 [grpc-default-executor-4] WARN  server.GrpcLogAppender (GrpcLogAppender.java:resetClient(110)) - c2ce8477-23c6-43df-953a-8ac050b841b2@group-11231ED04B9B->c3676fd2-aa1d-4bad-a43e-86e50d6cf352-GrpcLogAppender: Leader has not got in touch with Follower c2ce8477-23c6-43df-953a-8ac050b841b2@group-11231ED04B9B->c3676fd2-aa1d-4bad-a43e-86e50d6cf352(c-1,m0,n1, attendVote=true, lastRpcSendTime=2510, lastRpcResponseTime=7763) yet, just keep nextIndex unchanged and retry.
2022-03-04 14:01:10,430 [ReplicationMonitor] INFO  container.ReplicationManager (ReplicationManager.java:processAll(387)) - Replication Monitor Thread took 0 milliseconds for processing 6 containers.
2022-03-04 14:01:11,287 [EventQueue-StaleNodeForStaleNodeHandler] INFO  node.StaleNodeHandler (StaleNodeHandler.java:onMessage(58)) - Datanode c2ce8477-23c6-43df-953a-8ac050b841b2{ip: 10.1.0.50, host: fv-az294-754.eaanfquahm5ulb5tj050gcxych.jx.internal.cloudapp.net, ports: [REPLICATION=38453, RATIS=39661, RATIS_ADMIN=39661, RATIS_SERVER=39661, STANDALONE=37185], networkLocation: /default-rack, certSerialId: null, persistedOpState: IN_SERVICE, persistedOpStateExpiryEpochSec: 0} moved to stale state. Finalizing its pipelines [PipelineID=17766b20-d2fa-4b37-a712-0739a52914dc]
2022-03-04 14:01:11,287 [EventQueue-StaleNodeForStaleNodeHandler] INFO  pipeline.PipelineManagerImpl (PipelineManagerImpl.java:closePipeline(365)) - Pipeline Pipeline[ Id: 17766b20-d2fa-4b37-a712-0739a52914dc, Nodes: c2ce8477-23c6-43df-953a-8ac050b841b2{ip: 10.1.0.50, host: fv-az294-754.eaanfquahm5ulb5tj050gcxych.jx.internal.cloudapp.net, ports: [REPLICATION=38453, RATIS=39661, RATIS_ADMIN=39661, RATIS_SERVER=39661, STANDALONE=37185], networkLocation: /default-rack, certSerialId: null, persistedOpState: IN_MAINTENANCE, persistedOpStateExpiryEpochSec: 0}, ReplicationConfig: RATIS/ONE, State:OPEN, leaderId:c2ce8477-23c6-43df-953a-8ac050b841b2, CreationTimestamp2022-03-04T14:00:45.369Z[Etc/UTC]] moved to CLOSED state
2022-03-04 14:01:11,287 [EventQueue-StaleNodeForStaleNodeHandler] INFO  node.StaleNodeHandler (StaleNodeHandler.java:onMessage(58)) - Datanode f167d004-0a2a-461f-8684-7214b8d7ee2a{ip: 10.1.0.50, host: fv-az294-754.eaanfquahm5ulb5tj050gcxych.jx.internal.cloudapp.net, ports: [REPLICATION=33741, RATIS=37457, RATIS_ADMIN=37457, RATIS_SERVER=37457, STANDALONE=39283], networkLocation: /default-rack, certSerialId: null, persistedOpState: IN_SERVICE, persistedOpStateExpiryEpochSec: 0} moved to stale state. Finalizing its pipelines [PipelineID=027a7e64-9268-4ed7-a344-afbd0e2a363a]
2022-03-04 14:01:11,288 [EventQueue-StaleNodeForStaleNodeHandler] INFO  pipeline.PipelineManagerImpl (PipelineManagerImpl.java:closePipeline(365)) - Pipeline Pipeline[ Id: 027a7e64-9268-4ed7-a344-afbd0e2a363a, Nodes: f167d004-0a2a-461f-8684-7214b8d7ee2a{ip: 10.1.0.50, host: fv-az294-754.eaanfquahm5ulb5tj050gcxych.jx.internal.cloudapp.net, ports: [REPLICATION=33741, RATIS=37457, RATIS_ADMIN=37457, RATIS_SERVER=37457, STANDALONE=39283], networkLocation: /default-rack, certSerialId: null, persistedOpState: IN_SERVICE, persistedOpStateExpiryEpochSec: 0}, ReplicationConfig: RATIS/ONE, State:OPEN, leaderId:f167d004-0a2a-461f-8684-7214b8d7ee2a, CreationTimestamp2022-03-04T14:00:07.458Z[Etc/UTC]] moved to CLOSED state
2022-03-04 14:01:11,432 [ReplicationMonitor] INFO  container.ReplicationManager (ReplicationManager.java:handleUnderReplicatedContainer(1224)) - Container #4 is under replicated. Expected replica count is 3, but found 2.
2022-03-04 14:01:11,432 [ReplicationMonitor] INFO  container.ReplicationManager (ReplicationManager.java:sendReplicateCommand(1578)) - Sending replicate container command for container #4 to datanode 8584c99c-b1f6-49cb-b2cc-ee99e5d5bcfa{ip: 10.1.0.50, host: fv-az294-754.eaanfquahm5ulb5tj050gcxych.jx.internal.cloudapp.net, ports: [REPLICATION=44081, RATIS=38771, RATIS_ADMIN=38771, RATIS_SERVER=38771, STANDALONE=39225], networkLocation: /default-rack, certSerialId: null, persistedOpState: IN_SERVICE, persistedOpStateExpiryEpochSec: 0} from datanodes [9c2a821a-d00f-4116-a8fa-c740af3038b6{ip: 10.1.0.50, host: fv-az294-754.eaanfquahm5ulb5tj050gcxych.jx.internal.cloudapp.net, ports: [REPLICATION=38289, RATIS=44521, RATIS_ADMIN=44521, RATIS_SERVER=44521, STANDALONE=41355], networkLocation: /default-rack, certSerialId: null, persistedOpState: IN_SERVICE, persistedOpStateExpiryEpochSec: 0}]
2022-03-04 14:01:11,433 [ReplicationMonitor] INFO  container.ReplicationManager (ReplicationManager.java:processAll(387)) - Replication Monitor Thread took 1 milliseconds for processing 6 containers.
2022-03-04 14:01:12,273 [grpc-default-executor-4] WARN  server.GrpcLogAppender (LogUtils.java:warn(122)) - c2ce8477-23c6-43df-953a-8ac050b841b2@group-11231ED04B9B->c3676fd2-aa1d-4bad-a43e-86e50d6cf352-AppendLogResponseHandler: Failed appendEntries: org.apache.ratis.thirdparty.io.grpc.StatusRuntimeException: UNAVAILABLE: io exception
2022-03-04 14:01:12,273 [grpc-default-executor-4] WARN  server.GrpcLogAppender (GrpcLogAppender.java:resetClient(110)) - c2ce8477-23c6-43df-953a-8ac050b841b2@group-11231ED04B9B->c3676fd2-aa1d-4bad-a43e-86e50d6cf352-GrpcLogAppender: Leader has not got in touch with Follower c2ce8477-23c6-43df-953a-8ac050b841b2@group-11231ED04B9B->c3676fd2-aa1d-4bad-a43e-86e50d6cf352(c-1,m0,n1, attendVote=true, lastRpcSendTime=0, lastRpcResponseTime=10267) yet, just keep nextIndex unchanged and retry.
2022-03-04 14:01:12,433 [ReplicationMonitor] INFO  container.ReplicationManager (ReplicationManager.java:processAll(387)) - Replication Monitor Thread took 0 milliseconds for processing 6 containers.
2022-03-04 14:01:13,434 [ReplicationMonitor] INFO  container.ReplicationManager (ReplicationManager.java:processAll(387)) - Replication Monitor Thread took 0 milliseconds for processing 6 containers.
2022-03-04 14:01:13,549 [Mini-Cluster-Provider-Reap] INFO  ozoneimpl.OzoneContainer (OzoneContainer.java:stop(356)) - Attempting to stop container services.
2022-03-04 14:01:13,549 [Mini-Cluster-Provider-Reap] INFO  server.RaftServer (RaftServerProxy.java:lambda$close$6(391)) - f167d004-0a2a-461f-8684-7214b8d7ee2a: close
2022-03-04 14:01:13,549 [Mini-Cluster-Provider-Reap] INFO  server.RaftServer$Division (RaftServerImpl.java:lambda$close$4(412)) - f167d004-0a2a-461f-8684-7214b8d7ee2a@group-AFBD0E2A363A: shutdown
2022-03-04 14:01:13,550 [Mini-Cluster-Provider-Reap] INFO  util.JmxRegister (JmxRegister.java:unregister(73)) - Successfully un-registered JMX Bean with object name Ratis:service=RaftServer,group=group-AFBD0E2A363A,id=f167d004-0a2a-461f-8684-7214b8d7ee2a
2022-03-04 14:01:13,550 [Mini-Cluster-Provider-Reap] INFO  impl.RoleInfo (RoleInfo.java:shutdownLeaderState(91)) - f167d004-0a2a-461f-8684-7214b8d7ee2a: shutdown f167d004-0a2a-461f-8684-7214b8d7ee2a@group-AFBD0E2A363A-LeaderStateImpl
2022-03-04 14:01:13,550 [Mini-Cluster-Provider-Reap] INFO  impl.PendingRequests (PendingRequests.java:sendNotLeaderResponses(282)) - f167d004-0a2a-461f-8684-7214b8d7ee2a@group-AFBD0E2A363A-PendingRequests: sendNotLeaderResponses
2022-03-04 14:01:13,550 [Mini-Cluster-Provider-Reap] INFO  impl.StateMachineUpdater (StateMachineUpdater.java:stopAndJoin(149)) - f167d004-0a2a-461f-8684-7214b8d7ee2a@group-AFBD0E2A363A-StateMachineUpdater: set stopIndex = 0
2022-03-04 14:01:13,551 [f167d004-0a2a-461f-8684-7214b8d7ee2a@group-AFBD0E2A363A-StateMachineUpdater] INFO  ratis.ContainerStateMachine (ContainerStateMachine.java:takeSnapshot(304)) - group-AFBD0E2A363A: Taking a snapshot at:(t:1, i:0) file /home/runner/work/ozone/ozone/hadoop-ozone/integration-test/target/test-dir/MiniOzoneClusterImpl-10321a66-a57b-4da4-a5d8-14fb1947f354/datanode-5/data/ratis/027a7e64-9268-4ed7-a344-afbd0e2a363a/sm/snapshot.1_0
2022-03-04 14:01:13,552 [f167d004-0a2a-461f-8684-7214b8d7ee2a@group-AFBD0E2A363A-StateMachineUpdater] INFO  ratis.ContainerStateMachine (ContainerStateMachine.java:takeSnapshot(315)) - group-AFBD0E2A363A: Finished taking a snapshot at:(t:1, i:0) file:/home/runner/work/ozone/ozone/hadoop-ozone/integration-test/target/test-dir/MiniOzoneClusterImpl-10321a66-a57b-4da4-a5d8-14fb1947f354/datanode-5/data/ratis/027a7e64-9268-4ed7-a344-afbd0e2a363a/sm/snapshot.1_0 took: 1 ms
2022-03-04 14:01:13,553 [f167d004-0a2a-461f-8684-7214b8d7ee2a@group-AFBD0E2A363A-StateMachineUpdater] INFO  impl.StateMachineUpdater (StateMachineUpdater.java:takeSnapshot(281)) - f167d004-0a2a-461f-8684-7214b8d7ee2a@group-AFBD0E2A363A-StateMachineUpdater: Took a snapshot at index 0
2022-03-04 14:01:13,553 [f167d004-0a2a-461f-8684-7214b8d7ee2a@group-AFBD0E2A363A-StateMachineUpdater] INFO  impl.StateMachineUpdater (StateMachineUpdater.java:lambda$new$0(89)) - f167d004-0a2a-461f-8684-7214b8d7ee2a@group-AFBD0E2A363A-StateMachineUpdater: snapshotIndex: updateIncreasingly -1 -> 0
2022-03-04 14:01:13,553 [Mini-Cluster-Provider-Reap] INFO  server.RaftServer$Division (ServerState.java:close(419)) - f167d004-0a2a-461f-8684-7214b8d7ee2a@group-AFBD0E2A363A: closes. applyIndex: 0
2022-03-04 14:01:13,553 [f167d004-0a2a-461f-8684-7214b8d7ee2a@group-AFBD0E2A363A-SegmentedRaftLogWorker] INFO  segmented.SegmentedRaftLogWorker (SegmentedRaftLogWorker.java:run(327)) - f167d004-0a2a-461f-8684-7214b8d7ee2a@group-AFBD0E2A363A-SegmentedRaftLogWorker was interrupted, exiting. There are 0 tasks remaining in the queue.
2022-03-04 14:01:13,553 [Mini-Cluster-Provider-Reap] INFO  segmented.SegmentedRaftLogWorker (SegmentedRaftLogWorker.java:close(237)) - f167d004-0a2a-461f-8684-7214b8d7ee2a@group-AFBD0E2A363A-SegmentedRaftLogWorker close()
2022-03-04 14:01:13,553 [Mini-Cluster-Provider-Reap] INFO  server.RaftServer$Division (RaftServerImpl.java:lambda$close$4(412)) - f167d004-0a2a-461f-8684-7214b8d7ee2a@group-A142077A8439: shutdown
2022-03-04 14:01:13,554 [Mini-Cluster-Provider-Reap] INFO  util.JmxRegister (JmxRegister.java:unregister(73)) - Successfully un-registered JMX Bean with object name Ratis:service=RaftServer,group=group-A142077A8439,id=f167d004-0a2a-461f-8684-7214b8d7ee2a
2022-03-04 14:01:13,554 [Mini-Cluster-Provider-Reap] INFO  impl.RoleInfo (RoleInfo.java:shutdownFollowerState(108)) - f167d004-0a2a-461f-8684-7214b8d7ee2a: shutdown f167d004-0a2a-461f-8684-7214b8d7ee2a@group-A142077A8439-FollowerState
2022-03-04 14:01:13,554 [f167d004-0a2a-461f-8684-7214b8d7ee2a@group-A142077A8439-FollowerState] INFO  impl.FollowerState (FollowerState.java:run(143)) - f167d004-0a2a-461f-8684-7214b8d7ee2a@group-A142077A8439-FollowerState was interrupted: {}
java.lang.InterruptedException: sleep interrupted
	at java.lang.Thread.sleep(Native Method)
	at java.lang.Thread.sleep(Thread.java:342)
	at java.util.concurrent.TimeUnit.sleep(TimeUnit.java:386)
	at org.apache.ratis.util.TimeDuration.sleep(TimeDuration.java:324)
	at org.apache.ratis.util.TimeDuration.sleep(TimeDuration.java:309)
	at org.apache.ratis.server.impl.FollowerState.run(FollowerState.java:118)
2022-03-04 14:01:13,554 [Mini-Cluster-Provider-Reap] INFO  impl.StateMachineUpdater (StateMachineUpdater.java:stopAndJoin(149)) - f167d004-0a2a-461f-8684-7214b8d7ee2a@group-A142077A8439-StateMachineUpdater: set stopIndex = 33
2022-03-04 14:01:13,555 [f167d004-0a2a-461f-8684-7214b8d7ee2a@group-A142077A8439-StateMachineUpdater] INFO  ratis.ContainerStateMachine (ContainerStateMachine.java:takeSnapshot(304)) - group-A142077A8439: Taking a snapshot at:(t:2, i:33) file /home/runner/work/ozone/ozone/hadoop-ozone/integration-test/target/test-dir/MiniOzoneClusterImpl-10321a66-a57b-4da4-a5d8-14fb1947f354/datanode-5/data/ratis/b636ce0a-b811-495b-814d-a142077a8439/sm/snapshot.2_33
2022-03-04 14:01:13,556 [f167d004-0a2a-461f-8684-7214b8d7ee2a@group-A142077A8439-StateMachineUpdater] INFO  ratis.ContainerStateMachine (ContainerStateMachine.java:takeSnapshot(315)) - group-A142077A8439: Finished taking a snapshot at:(t:2, i:33) file:/home/runner/work/ozone/ozone/hadoop-ozone/integration-test/target/test-dir/MiniOzoneClusterImpl-10321a66-a57b-4da4-a5d8-14fb1947f354/datanode-5/data/ratis/b636ce0a-b811-495b-814d-a142077a8439/sm/snapshot.2_33 took: 1 ms
2022-03-04 14:01:13,556 [f167d004-0a2a-461f-8684-7214b8d7ee2a@group-A142077A8439-StateMachineUpdater] INFO  impl.StateMachineUpdater (StateMachineUpdater.java:takeSnapshot(281)) - f167d004-0a2a-461f-8684-7214b8d7ee2a@group-A142077A8439-StateMachineUpdater: Took a snapshot at index 33
2022-03-04 14:01:13,556 [f167d004-0a2a-461f-8684-7214b8d7ee2a@group-A142077A8439-StateMachineUpdater] INFO  impl.StateMachineUpdater (StateMachineUpdater.java:lambda$new$0(89)) - f167d004-0a2a-461f-8684-7214b8d7ee2a@group-A142077A8439-StateMachineUpdater: snapshotIndex: updateIncreasingly -1 -> 33
2022-03-04 14:01:13,557 [Mini-Cluster-Provider-Reap] INFO  server.RaftServer$Division (ServerState.java:close(419)) - f167d004-0a2a-461f-8684-7214b8d7ee2a@group-A142077A8439: closes. applyIndex: 33
2022-03-04 14:01:13,557 [f167d004-0a2a-461f-8684-7214b8d7ee2a@group-A142077A8439-SegmentedRaftLogWorker] INFO  segmented.SegmentedRaftLogWorker (SegmentedRaftLogWorker.java:run(327)) - f167d004-0a2a-461f-8684-7214b8d7ee2a@group-A142077A8439-SegmentedRaftLogWorker was interrupted, exiting. There are 0 tasks remaining in the queue.
2022-03-04 14:01:13,557 [Mini-Cluster-Provider-Reap] INFO  segmented.SegmentedRaftLogWorker (SegmentedRaftLogWorker.java:close(237)) - f167d004-0a2a-461f-8684-7214b8d7ee2a@group-A142077A8439-SegmentedRaftLogWorker close()
2022-03-04 14:01:13,558 [Mini-Cluster-Provider-Reap] INFO  server.GrpcService (GrpcService.java:closeImpl(262)) - f167d004-0a2a-461f-8684-7214b8d7ee2a: shutdown server with port 37457 now
2022-03-04 14:01:13,560 [Mini-Cluster-Provider-Reap] INFO  server.GrpcService (GrpcService.java:closeImpl(271)) - f167d004-0a2a-461f-8684-7214b8d7ee2a: shutdown server with port 37457 successfully
2022-03-04 14:01:13,560 [org.apache.ratis.util.JvmPauseMonitor$$Lambda$538/576839739@7346deaf] INFO  util.JvmPauseMonitor (JvmPauseMonitor.java:run(109)) - JvmPauseMonitor-f167d004-0a2a-461f-8684-7214b8d7ee2a: Stopped
2022-03-04 14:01:14,006 [ForkJoinPool.commonPool-worker-1] INFO  ozoneimpl.OzoneContainer (OzoneContainer.java:stop(356)) - Attempting to stop container services.
2022-03-04 14:01:14,007 [ForkJoinPool.commonPool-worker-1] INFO  server.RaftServer (RaftServerProxy.java:lambda$close$6(391)) - c2ce8477-23c6-43df-953a-8ac050b841b2: close
2022-03-04 14:01:14,007 [ForkJoinPool.commonPool-worker-1] INFO  server.RaftServer$Division (RaftServerImpl.java:lambda$close$4(412)) - c2ce8477-23c6-43df-953a-8ac050b841b2@group-11231ED04B9B: shutdown
2022-03-04 14:01:14,007 [ForkJoinPool.commonPool-worker-1] INFO  util.JmxRegister (JmxRegister.java:unregister(73)) - Successfully un-registered JMX Bean with object name Ratis:service=RaftServer,group=group-11231ED04B9B,id=c2ce8477-23c6-43df-953a-8ac050b841b2
2022-03-04 14:01:14,007 [ForkJoinPool.commonPool-worker-1] INFO  impl.RoleInfo (RoleInfo.java:shutdownLeaderState(91)) - c2ce8477-23c6-43df-953a-8ac050b841b2: shutdown c2ce8477-23c6-43df-953a-8ac050b841b2@group-11231ED04B9B-LeaderStateImpl
2022-03-04 14:01:14,008 [ForkJoinPool.commonPool-worker-1] INFO  impl.PendingRequests (PendingRequests.java:sendNotLeaderResponses(282)) - c2ce8477-23c6-43df-953a-8ac050b841b2@group-11231ED04B9B-PendingRequests: sendNotLeaderResponses
2022-03-04 14:01:14,008 [ForkJoinPool.commonPool-worker-1] INFO  impl.StateMachineUpdater (StateMachineUpdater.java:stopAndJoin(149)) - c2ce8477-23c6-43df-953a-8ac050b841b2@group-11231ED04B9B-StateMachineUpdater: set stopIndex = 0
2022-03-04 14:01:14,008 [c2ce8477-23c6-43df-953a-8ac050b841b2@group-11231ED04B9B->8584c99c-b1f6-49cb-b2cc-ee99e5d5bcfa-GrpcLogAppender-LogAppenderDaemon] WARN  server.GrpcLogAppender (GrpcLogAppender.java:mayWait(177)) - c2ce8477-23c6-43df-953a-8ac050b841b2@group-11231ED04B9B->8584c99c-b1f6-49cb-b2cc-ee99e5d5bcfa-GrpcLogAppender: Wait interrupted by java.lang.InterruptedException
2022-03-04 14:01:14,009 [c2ce8477-23c6-43df-953a-8ac050b841b2@group-11231ED04B9B-StateMachineUpdater] INFO  ratis.ContainerStateMachine (ContainerStateMachine.java:takeSnapshot(304)) - group-11231ED04B9B: Taking a snapshot at:(t:4, i:0) file /home/runner/work/ozone/ozone/hadoop-ozone/integration-test/target/test-dir/MiniOzoneClusterImpl-10321a66-a57b-4da4-a5d8-14fb1947f354/datanode-2/data/ratis/647e4461-843f-4649-a645-11231ed04b9b/sm/snapshot.4_0
2022-03-04 14:01:14,010 [grpc-default-executor-4] INFO  server.GrpcServerProtocolService (GrpcServerProtocolService.java:onCompleted(140)) - 8584c99c-b1f6-49cb-b2cc-ee99e5d5bcfa: Completed APPEND_ENTRIES, lastRequest: c2ce8477-23c6-43df-953a-8ac050b841b2->8584c99c-b1f6-49cb-b2cc-ee99e5d5bcfa#1-t4,previous=(t:0, i:0),leaderCommit=-1,initializing? true,entries: size=1, first=(t:4, i:0), CONFIGURATIONENTRY
2022-03-04 14:01:14,011 [grpc-default-executor-0] INFO  server.GrpcLogAppender (GrpcLogAppender.java:onCompleted(346)) - c2ce8477-23c6-43df-953a-8ac050b841b2@group-11231ED04B9B->8584c99c-b1f6-49cb-b2cc-ee99e5d5bcfa-AppendLogResponseHandler: follower responses appendEntries COMPLETED
2022-03-04 14:01:14,012 [grpc-default-executor-0] INFO  leader.FollowerInfo (FollowerInfoImpl.java:lambda$new$0(47)) - c2ce8477-23c6-43df-953a-8ac050b841b2@group-11231ED04B9B->8584c99c-b1f6-49cb-b2cc-ee99e5d5bcfa: nextIndex: updateUnconditionally 1 -> 0
2022-03-04 14:01:14,012 [c2ce8477-23c6-43df-953a-8ac050b841b2@group-11231ED04B9B-StateMachineUpdater] INFO  ratis.ContainerStateMachine (ContainerStateMachine.java:takeSnapshot(315)) - group-11231ED04B9B: Finished taking a snapshot at:(t:4, i:0) file:/home/runner/work/ozone/ozone/hadoop-ozone/integration-test/target/test-dir/MiniOzoneClusterImpl-10321a66-a57b-4da4-a5d8-14fb1947f354/datanode-2/data/ratis/647e4461-843f-4649-a645-11231ed04b9b/sm/snapshot.4_0 took: 3 ms
2022-03-04 14:01:14,012 [c2ce8477-23c6-43df-953a-8ac050b841b2@group-11231ED04B9B-StateMachineUpdater] INFO  impl.StateMachineUpdater (StateMachineUpdater.java:takeSnapshot(281)) - c2ce8477-23c6-43df-953a-8ac050b841b2@group-11231ED04B9B-StateMachineUpdater: Took a snapshot at index 0
2022-03-04 14:01:14,012 [c2ce8477-23c6-43df-953a-8ac050b841b2@group-11231ED04B9B-StateMachineUpdater] INFO  impl.StateMachineUpdater (StateMachineUpdater.java:lambda$new$0(89)) - c2ce8477-23c6-43df-953a-8ac050b841b2@group-11231ED04B9B-StateMachineUpdater: snapshotIndex: updateIncreasingly -1 -> 0
2022-03-04 14:01:14,012 [ForkJoinPool.commonPool-worker-1] INFO  server.RaftServer$Division (ServerState.java:close(419)) - c2ce8477-23c6-43df-953a-8ac050b841b2@group-11231ED04B9B: closes. applyIndex: 0
2022-03-04 14:01:14,012 [c2ce8477-23c6-43df-953a-8ac050b841b2@group-11231ED04B9B-SegmentedRaftLogWorker] INFO  segmented.SegmentedRaftLogWorker (SegmentedRaftLogWorker.java:run(327)) - c2ce8477-23c6-43df-953a-8ac050b841b2@group-11231ED04B9B-SegmentedRaftLogWorker was interrupted, exiting. There are 0 tasks remaining in the queue.
2022-03-04 14:01:14,013 [ForkJoinPool.commonPool-worker-1] INFO  segmented.SegmentedRaftLogWorker (SegmentedRaftLogWorker.java:close(237)) - c2ce8477-23c6-43df-953a-8ac050b841b2@group-11231ED04B9B-SegmentedRaftLogWorker close()
2022-03-04 14:01:14,021 [ForkJoinPool.commonPool-worker-1] INFO  server.RaftServer$Division (RaftServerImpl.java:lambda$close$4(412)) - c2ce8477-23c6-43df-953a-8ac050b841b2@group-0739A52914DC: shutdown
2022-03-04 14:01:14,021 [ForkJoinPool.commonPool-worker-1] INFO  util.JmxRegister (JmxRegister.java:unregister(73)) - Successfully un-registered JMX Bean with object name Ratis:service=RaftServer,group=group-0739A52914DC,id=c2ce8477-23c6-43df-953a-8ac050b841b2
2022-03-04 14:01:14,021 [ForkJoinPool.commonPool-worker-1] INFO  impl.RoleInfo (RoleInfo.java:shutdownLeaderState(91)) - c2ce8477-23c6-43df-953a-8ac050b841b2: shutdown c2ce8477-23c6-43df-953a-8ac050b841b2@group-0739A52914DC-LeaderStateImpl
2022-03-04 14:01:14,021 [ForkJoinPool.commonPool-worker-1] INFO  impl.PendingRequests (PendingRequests.java:sendNotLeaderResponses(282)) - c2ce8477-23c6-43df-953a-8ac050b841b2@group-0739A52914DC-PendingRequests: sendNotLeaderResponses
2022-03-04 14:01:14,022 [c2ce8477-23c6-43df-953a-8ac050b841b2@group-0739A52914DC-StateMachineUpdater] INFO  ratis.ContainerStateMachine (ContainerStateMachine.java:takeSnapshot(304)) - group-0739A52914DC: Taking a snapshot at:(t:1, i:0) file /home/runner/work/ozone/ozone/hadoop-ozone/integration-test/target/test-dir/MiniOzoneClusterImpl-10321a66-a57b-4da4-a5d8-14fb1947f354/datanode-2/data/ratis/17766b20-d2fa-4b37-a712-0739a52914dc/sm/snapshot.1_0
2022-03-04 14:01:14,022 [ForkJoinPool.commonPool-worker-1] INFO  impl.StateMachineUpdater (StateMachineUpdater.java:stopAndJoin(149)) - c2ce8477-23c6-43df-953a-8ac050b841b2@group-0739A52914DC-StateMachineUpdater: set stopIndex = 0
2022-03-04 14:01:14,024 [c2ce8477-23c6-43df-953a-8ac050b841b2@group-0739A52914DC-StateMachineUpdater] INFO  ratis.ContainerStateMachine (ContainerStateMachine.java:takeSnapshot(315)) - group-0739A52914DC: Finished taking a snapshot at:(t:1, i:0) file:/home/runner/work/ozone/ozone/hadoop-ozone/integration-test/target/test-dir/MiniOzoneClusterImpl-10321a66-a57b-4da4-a5d8-14fb1947f354/datanode-2/data/ratis/17766b20-d2fa-4b37-a712-0739a52914dc/sm/snapshot.1_0 took: 2 ms
2022-03-04 14:01:14,024 [c2ce8477-23c6-43df-953a-8ac050b841b2@group-0739A52914DC-StateMachineUpdater] INFO  impl.StateMachineUpdater (StateMachineUpdater.java:takeSnapshot(281)) - c2ce8477-23c6-43df-953a-8ac050b841b2@group-0739A52914DC-StateMachineUpdater: Took a snapshot at index 0
2022-03-04 14:01:14,024 [c2ce8477-23c6-43df-953a-8ac050b841b2@group-0739A52914DC-StateMachineUpdater] INFO  impl.StateMachineUpdater (StateMachineUpdater.java:lambda$new$0(89)) - c2ce8477-23c6-43df-953a-8ac050b841b2@group-0739A52914DC-StateMachineUpdater: snapshotIndex: updateIncreasingly -1 -> 0
2022-03-04 14:01:14,028 [ForkJoinPool.commonPool-worker-1] INFO  server.RaftServer$Division (ServerState.java:close(419)) - c2ce8477-23c6-43df-953a-8ac050b841b2@group-0739A52914DC: closes. applyIndex: 0
2022-03-04 14:01:14,029 [c2ce8477-23c6-43df-953a-8ac050b841b2@group-0739A52914DC-SegmentedRaftLogWorker] INFO  segmented.SegmentedRaftLogWorker (SegmentedRaftLogWorker.java:run(327)) - c2ce8477-23c6-43df-953a-8ac050b841b2@group-0739A52914DC-SegmentedRaftLogWorker was interrupted, exiting. There are 0 tasks remaining in the queue.
2022-03-04 14:01:14,029 [ForkJoinPool.commonPool-worker-1] INFO  segmented.SegmentedRaftLogWorker (SegmentedRaftLogWorker.java:close(237)) - c2ce8477-23c6-43df-953a-8ac050b841b2@group-0739A52914DC-SegmentedRaftLogWorker close()
2022-03-04 14:01:14,042 [ForkJoinPool.commonPool-worker-1] INFO  server.GrpcService (GrpcService.java:closeImpl(262)) - c2ce8477-23c6-43df-953a-8ac050b841b2: shutdown server with port 39661 now
2022-03-04 14:01:14,070 [ForkJoinPool.commonPool-worker-1] INFO  server.GrpcService (GrpcService.java:closeImpl(271)) - c2ce8477-23c6-43df-953a-8ac050b841b2: shutdown server with port 39661 successfully
2022-03-04 14:01:14,070 [org.apache.ratis.util.JvmPauseMonitor$$Lambda$538/576839739@357d3cc2] INFO  util.JvmPauseMonitor (JvmPauseMonitor.java:run(109)) - JvmPauseMonitor-c2ce8477-23c6-43df-953a-8ac050b841b2: Stopped
2022-03-04 14:01:14,212 [EventQueue-DeadNodeForDeadNodeHandler] INFO  node.DeadNodeHandler (DeadNodeHandler.java:onMessage(80)) - A dead datanode is detected. c2ce8477-23c6-43df-953a-8ac050b841b2{ip: 10.1.0.50, host: fv-az294-754.eaanfquahm5ulb5tj050gcxych.jx.internal.cloudapp.net, ports: [REPLICATION=38453, RATIS=39661, RATIS_ADMIN=39661, RATIS_SERVER=39661, STANDALONE=37185], networkLocation: /default-rack, certSerialId: null, persistedOpState: IN_SERVICE, persistedOpStateExpiryEpochSec: 0}
2022-03-04 14:01:14,212 [EventQueue-DeadNodeForDeadNodeHandler] INFO  pipeline.RatisPipelineProvider (RatisPipelineProvider.java:lambda$close$1(222)) - Send pipeline:PipelineID=17766b20-d2fa-4b37-a712-0739a52914dc close command to datanode c2ce8477-23c6-43df-953a-8ac050b841b2
2022-03-04 14:01:14,212 [EventQueue-DeadNodeForDeadNodeHandler] INFO  pipeline.PipelineStateManagerImpl (PipelineStateManagerImpl.java:removePipeline(223)) - Pipeline Pipeline[ Id: 17766b20-d2fa-4b37-a712-0739a52914dc, Nodes: c2ce8477-23c6-43df-953a-8ac050b841b2{ip: 10.1.0.50, host: fv-az294-754.eaanfquahm5ulb5tj050gcxych.jx.internal.cloudapp.net, ports: [REPLICATION=38453, RATIS=39661, RATIS_ADMIN=39661, RATIS_SERVER=39661, STANDALONE=37185], networkLocation: /default-rack, certSerialId: null, persistedOpState: IN_MAINTENANCE, persistedOpStateExpiryEpochSec: 0}, ReplicationConfig: RATIS/ONE, State:CLOSED, leaderId:c2ce8477-23c6-43df-953a-8ac050b841b2, CreationTimestamp2022-03-04T14:00:45.369Z[Etc/UTC]] removed.
2022-03-04 14:01:14,213 [EventQueue-DeadNodeForDeadNodeHandler] INFO  net.NetworkTopologyImpl (NetworkTopologyImpl.java:remove(137)) - Removed a node: /default-rack/c2ce8477-23c6-43df-953a-8ac050b841b2
2022-03-04 14:01:14,312 [EventQueue-DeadNodeForDeadNodeHandler] INFO  node.DeadNodeHandler (DeadNodeHandler.java:onMessage(80)) - A dead datanode is detected. f167d004-0a2a-461f-8684-7214b8d7ee2a{ip: 10.1.0.50, host: fv-az294-754.eaanfquahm5ulb5tj050gcxych.jx.internal.cloudapp.net, ports: [REPLICATION=33741, RATIS=37457, RATIS_ADMIN=37457, RATIS_SERVER=37457, STANDALONE=39283], networkLocation: /default-rack, certSerialId: null, persistedOpState: IN_SERVICE, persistedOpStateExpiryEpochSec: 0}
2022-03-04 14:01:14,312 [EventQueue-DeadNodeForDeadNodeHandler] INFO  pipeline.RatisPipelineProvider (RatisPipelineProvider.java:lambda$close$1(222)) - Send pipeline:PipelineID=027a7e64-9268-4ed7-a344-afbd0e2a363a close command to datanode f167d004-0a2a-461f-8684-7214b8d7ee2a
2022-03-04 14:01:14,313 [EventQueue-DeadNodeForDeadNodeHandler] INFO  pipeline.PipelineStateManagerImpl (PipelineStateManagerImpl.java:removePipeline(223)) - Pipeline Pipeline[ Id: 027a7e64-9268-4ed7-a344-afbd0e2a363a, Nodes: f167d004-0a2a-461f-8684-7214b8d7ee2a{ip: 10.1.0.50, host: fv-az294-754.eaanfquahm5ulb5tj050gcxych.jx.internal.cloudapp.net, ports: [REPLICATION=33741, RATIS=37457, RATIS_ADMIN=37457, RATIS_SERVER=37457, STANDALONE=39283], networkLocation: /default-rack, certSerialId: null, persistedOpState: IN_SERVICE, persistedOpStateExpiryEpochSec: 0}, ReplicationConfig: RATIS/ONE, State:CLOSED, leaderId:f167d004-0a2a-461f-8684-7214b8d7ee2a, CreationTimestamp2022-03-04T14:00:07.458Z[Etc/UTC]] removed.
2022-03-04 14:01:14,313 [EventQueue-DeadNodeForDeadNodeHandler] INFO  net.NetworkTopologyImpl (NetworkTopologyImpl.java:remove(137)) - Removed a node: /default-rack/f167d004-0a2a-461f-8684-7214b8d7ee2a
2022-03-04 14:01:14,406 [ContainerReplicationThread-2] INFO  replication.DownloadAndImportReplicator (DownloadAndImportReplicator.java:replicate(105)) - Starting replication of container 4 from [9c2a821a-d00f-4116-a8fa-c740af3038b6{ip: 10.1.0.50, host: fv-az294-754.eaanfquahm5ulb5tj050gcxych.jx.internal.cloudapp.net, ports: [REPLICATION=38289, RATIS=44521, RATIS_ADMIN=44521, RATIS_SERVER=44521, STANDALONE=41355], networkLocation: /default-rack, certSerialId: null, persistedOpState: IN_SERVICE, persistedOpStateExpiryEpochSec: 0}]
2022-03-04 14:01:14,418 [grpc-default-executor-0] INFO  replication.GrpcReplicationService (GrpcReplicationService.java:download(52)) - Streaming container data (4) to other datanode
2022-03-04 14:01:14,434 [ReplicationMonitor] ERROR scm.SCMCommonPlacementPolicy (SCMCommonPlacementPolicy.java:chooseDatanodes(140)) - No healthy node found to allocate container.
2022-03-04 14:01:14,434 [ReplicationMonitor] WARN  container.ReplicationManager (ReplicationManager.java:handleUnderReplicatedContainer(1257)) - Exception while replicating container 1.
org.apache.hadoop.hdds.scm.exceptions.SCMException: No healthy node found to allocate container.
	at org.apache.hadoop.hdds.scm.SCMCommonPlacementPolicy.chooseDatanodes(SCMCommonPlacementPolicy.java:141)
	at org.apache.hadoop.hdds.scm.container.placement.algorithms.SCMContainerPlacementRandom.chooseDatanodes(SCMContainerPlacementRandom.java:78)
	at org.apache.hadoop.hdds.scm.container.ReplicationManager.handleUnderReplicatedContainer(ReplicationManager.java:1221)
	at org.apache.hadoop.hdds.scm.container.ReplicationManager.processContainer(ReplicationManager.java:559)
	at org.apache.hadoop.hdds.scm.container.ReplicationManager.processAll(ReplicationManager.java:383)
	at org.apache.hadoop.hdds.scm.container.ReplicationManager.run(ReplicationManager.java:403)
	at java.lang.Thread.run(Thread.java:750)
2022-03-04 14:01:14,450 [ReplicationMonitor] ERROR scm.SCMCommonPlacementPolicy (SCMCommonPlacementPolicy.java:chooseDatanodes(140)) - No healthy node found to allocate container.
2022-03-04 14:01:14,450 [ReplicationMonitor] WARN  container.ReplicationManager (ReplicationManager.java:handleUnderReplicatedContainer(1257)) - Exception while replicating container 2.
org.apache.hadoop.hdds.scm.exceptions.SCMException: No healthy node found to allocate container.
	at org.apache.hadoop.hdds.scm.SCMCommonPlacementPolicy.chooseDatanodes(SCMCommonPlacementPolicy.java:141)
	at org.apache.hadoop.hdds.scm.container.placement.algorithms.SCMContainerPlacementRandom.chooseDatanodes(SCMContainerPlacementRandom.java:78)
	at org.apache.hadoop.hdds.scm.container.ReplicationManager.handleUnderReplicatedContainer(ReplicationManager.java:1221)
	at org.apache.hadoop.hdds.scm.container.ReplicationManager.processContainer(ReplicationManager.java:559)
	at org.apache.hadoop.hdds.scm.container.ReplicationManager.processAll(ReplicationManager.java:383)
	at org.apache.hadoop.hdds.scm.container.ReplicationManager.run(ReplicationManager.java:403)
	at java.lang.Thread.run(Thread.java:750)
2022-03-04 14:01:14,451 [ReplicationMonitor] ERROR scm.SCMCommonPlacementPolicy (SCMCommonPlacementPolicy.java:chooseDatanodes(149)) - Not enough healthy nodes to allocate container. 2  datanodes required. Found 1
2022-03-04 14:01:14,451 [ReplicationMonitor] WARN  container.ReplicationManager (ReplicationManager.java:handleUnderReplicatedContainer(1257)) - Exception while replicating container 3.
org.apache.hadoop.hdds.scm.exceptions.SCMException: Not enough healthy nodes to allocate container. 2  datanodes required. Found 1
	at org.apache.hadoop.hdds.scm.SCMCommonPlacementPolicy.chooseDatanodes(SCMCommonPlacementPolicy.java:150)
	at org.apache.hadoop.hdds.scm.container.placement.algorithms.SCMContainerPlacementRandom.chooseDatanodes(SCMContainerPlacementRandom.java:78)
	at org.apache.hadoop.hdds.scm.container.ReplicationManager.handleUnderReplicatedContainer(ReplicationManager.java:1221)
	at org.apache.hadoop.hdds.scm.container.ReplicationManager.processContainer(ReplicationManager.java:559)
	at org.apache.hadoop.hdds.scm.container.ReplicationManager.processAll(ReplicationManager.java:383)
	at org.apache.hadoop.hdds.scm.container.ReplicationManager.run(ReplicationManager.java:403)
	at java.lang.Thread.run(Thread.java:750)
2022-03-04 14:01:14,451 [ReplicationMonitor] ERROR scm.SCMCommonPlacementPolicy (SCMCommonPlacementPolicy.java:chooseDatanodes(140)) - No healthy node found to allocate container.
2022-03-04 14:01:14,451 [ReplicationMonitor] WARN  container.ReplicationManager (ReplicationManager.java:handleUnderReplicatedContainer(1257)) - Exception while replicating container 4.
org.apache.hadoop.hdds.scm.exceptions.SCMException: No healthy node found to allocate container.
	at org.apache.hadoop.hdds.scm.SCMCommonPlacementPolicy.chooseDatanodes(SCMCommonPlacementPolicy.java:141)
	at org.apache.hadoop.hdds.scm.container.placement.algorithms.SCMContainerPlacementRandom.chooseDatanodes(SCMContainerPlacementRandom.java:78)
	at org.apache.hadoop.hdds.scm.container.ReplicationManager.handleUnderReplicatedContainer(ReplicationManager.java:1221)
	at org.apache.hadoop.hdds.scm.container.ReplicationManager.processContainer(ReplicationManager.java:559)
	at org.apache.hadoop.hdds.scm.container.ReplicationManager.processAll(ReplicationManager.java:383)
	at org.apache.hadoop.hdds.scm.container.ReplicationManager.run(ReplicationManager.java:403)
	at java.lang.Thread.run(Thread.java:750)
2022-03-04 14:01:14,451 [ReplicationMonitor] ERROR scm.SCMCommonPlacementPolicy (SCMCommonPlacementPolicy.java:chooseDatanodes(140)) - No healthy node found to allocate container.
2022-03-04 14:01:14,451 [ReplicationMonitor] WARN  container.ReplicationManager (ReplicationManager.java:handleUnderReplicatedContainer(1257)) - Exception while replicating container 5.
org.apache.hadoop.hdds.scm.exceptions.SCMException: No healthy node found to allocate container.
	at org.apache.hadoop.hdds.scm.SCMCommonPlacementPolicy.chooseDatanodes(SCMCommonPlacementPolicy.java:141)
	at org.apache.hadoop.hdds.scm.container.placement.algorithms.SCMContainerPlacementRandom.chooseDatanodes(SCMContainerPlacementRandom.java:78)
	at org.apache.hadoop.hdds.scm.container.ReplicationManager.handleUnderReplicatedContainer(ReplicationManager.java:1221)
	at org.apache.hadoop.hdds.scm.container.ReplicationManager.processContainer(ReplicationManager.java:559)
	at org.apache.hadoop.hdds.scm.container.ReplicationManager.processAll(ReplicationManager.java:383)
	at org.apache.hadoop.hdds.scm.container.ReplicationManager.run(ReplicationManager.java:403)
	at java.lang.Thread.run(Thread.java:750)
2022-03-04 14:01:14,451 [ReplicationMonitor] ERROR scm.SCMCommonPlacementPolicy (SCMCommonPlacementPolicy.java:chooseDatanodes(140)) - No healthy node found to allocate container.
2022-03-04 14:01:14,451 [ReplicationMonitor] WARN  container.ReplicationManager (ReplicationManager.java:handleUnderReplicatedContainer(1257)) - Exception while replicating container 6.
org.apache.hadoop.hdds.scm.exceptions.SCMException: No healthy node found to allocate container.
	at org.apache.hadoop.hdds.scm.SCMCommonPlacementPolicy.chooseDatanodes(SCMCommonPlacementPolicy.java:141)
	at org.apache.hadoop.hdds.scm.container.placement.algorithms.SCMContainerPlacementRandom.chooseDatanodes(SCMContainerPlacementRandom.java:78)
	at org.apache.hadoop.hdds.scm.container.ReplicationManager.handleUnderReplicatedContainer(ReplicationManager.java:1221)
	at org.apache.hadoop.hdds.scm.container.ReplicationManager.processContainer(ReplicationManager.java:559)
	at org.apache.hadoop.hdds.scm.container.ReplicationManager.processAll(ReplicationManager.java:383)
	at org.apache.hadoop.hdds.scm.container.ReplicationManager.run(ReplicationManager.java:403)
	at java.lang.Thread.run(Thread.java:750)
2022-03-04 14:01:14,451 [ReplicationMonitor] INFO  container.ReplicationManager (ReplicationManager.java:processAll(387)) - Replication Monitor Thread took 17 milliseconds for processing 6 containers.
2022-03-04 14:01:14,466 [grpc-default-executor-0] INFO  replication.GrpcOutputStream (GrpcOutputStream.java:close(104)) - Sent 19343 bytes for container 4
2022-03-04 14:01:14,472 [grpc-default-executor-0] INFO  replication.GrpcReplicationClient (GrpcReplicationClient.java:onCompleted(197)) - Container 4 is downloaded to /home/runner/work/ozone/ozone/hadoop-ozone/integration-test/target/test-dir/MiniOzoneClusterImpl-10321a66-a57b-4da4-a5d8-14fb1947f354/datanode-0/data/replication/work/container-4.tar.gz
2022-03-04 14:01:14,474 [ContainerReplicationThread-2] INFO  replication.DownloadAndImportReplicator (DownloadAndImportReplicator.java:replicate(117)) - Container 4 is downloaded with size 19343, starting to import.
2022-03-04 14:01:14,544 [ContainerReplicationThread-2] INFO  replication.DownloadAndImportReplicator (DownloadAndImportReplicator.java:replicate(122)) - Container 4 is replicated successfully
2022-03-04 14:01:14,544 [ContainerReplicationThread-2] INFO  replication.ReplicationSupervisor (ReplicationSupervisor.java:run(176)) - Container 4 is replicated.
2022-03-04 14:01:15,452 [ReplicationMonitor] ERROR scm.SCMCommonPlacementPolicy (SCMCommonPlacementPolicy.java:chooseDatanodes(140)) - No healthy node found to allocate container.
2022-03-04 14:01:15,452 [ReplicationMonitor] WARN  container.ReplicationManager (ReplicationManager.java:handleUnderReplicatedContainer(1257)) - Exception while replicating container 1.
org.apache.hadoop.hdds.scm.exceptions.SCMException: No healthy node found to allocate container.
	at org.apache.hadoop.hdds.scm.SCMCommonPlacementPolicy.chooseDatanodes(SCMCommonPlacementPolicy.java:141)
	at org.apache.hadoop.hdds.scm.container.placement.algorithms.SCMContainerPlacementRandom.chooseDatanodes(SCMContainerPlacementRandom.java:78)
	at org.apache.hadoop.hdds.scm.container.ReplicationManager.handleUnderReplicatedContainer(ReplicationManager.java:1221)
	at org.apache.hadoop.hdds.scm.container.ReplicationManager.processContainer(ReplicationManager.java:559)
	at org.apache.hadoop.hdds.scm.container.ReplicationManager.processAll(ReplicationManager.java:383)
	at org.apache.hadoop.hdds.scm.container.ReplicationManager.run(ReplicationManager.java:403)
	at java.lang.Thread.run(Thread.java:750)
2022-03-04 14:01:15,452 [ReplicationMonitor] ERROR scm.SCMCommonPlacementPolicy (SCMCommonPlacementPolicy.java:chooseDatanodes(140)) - No healthy node found to allocate container.
2022-03-04 14:01:15,452 [ReplicationMonitor] WARN  container.ReplicationManager (ReplicationManager.java:handleUnderReplicatedContainer(1257)) - Exception while replicating container 2.
org.apache.hadoop.hdds.scm.exceptions.SCMException: No healthy node found to allocate container.
	at org.apache.hadoop.hdds.scm.SCMCommonPlacementPolicy.chooseDatanodes(SCMCommonPlacementPolicy.java:141)
	at org.apache.hadoop.hdds.scm.container.placement.algorithms.SCMContainerPlacementRandom.chooseDatanodes(SCMContainerPlacementRandom.java:78)
	at org.apache.hadoop.hdds.scm.container.ReplicationManager.handleUnderReplicatedContainer(ReplicationManager.java:1221)
	at org.apache.hadoop.hdds.scm.container.ReplicationManager.processContainer(ReplicationManager.java:559)
	at org.apache.hadoop.hdds.scm.container.ReplicationManager.processAll(ReplicationManager.java:383)
	at org.apache.hadoop.hdds.scm.container.ReplicationManager.run(ReplicationManager.java:403)
	at java.lang.Thread.run(Thread.java:750)
2022-03-04 14:01:15,452 [ReplicationMonitor] ERROR scm.SCMCommonPlacementPolicy (SCMCommonPlacementPolicy.java:chooseDatanodes(149)) - Not enough healthy nodes to allocate container. 2  datanodes required. Found 1
2022-03-04 14:01:15,453 [ReplicationMonitor] WARN  container.ReplicationManager (ReplicationManager.java:handleUnderReplicatedContainer(1257)) - Exception while replicating container 3.
org.apache.hadoop.hdds.scm.exceptions.SCMException: Not enough healthy nodes to allocate container. 2  datanodes required. Found 1
	at org.apache.hadoop.hdds.scm.SCMCommonPlacementPolicy.chooseDatanodes(SCMCommonPlacementPolicy.java:150)
	at org.apache.hadoop.hdds.scm.container.placement.algorithms.SCMContainerPlacementRandom.chooseDatanodes(SCMContainerPlacementRandom.java:78)
	at org.apache.hadoop.hdds.scm.container.ReplicationManager.handleUnderReplicatedContainer(ReplicationManager.java:1221)
	at org.apache.hadoop.hdds.scm.container.ReplicationManager.processContainer(ReplicationManager.java:559)
	at org.apache.hadoop.hdds.scm.container.ReplicationManager.processAll(ReplicationManager.java:383)
	at org.apache.hadoop.hdds.scm.container.ReplicationManager.run(ReplicationManager.java:403)
	at java.lang.Thread.run(Thread.java:750)
2022-03-04 14:01:15,453 [ReplicationMonitor] ERROR scm.SCMCommonPlacementPolicy (SCMCommonPlacementPolicy.java:chooseDatanodes(140)) - No healthy node found to allocate container.
2022-03-04 14:01:15,453 [ReplicationMonitor] WARN  container.ReplicationManager (ReplicationManager.java:handleUnderReplicatedContainer(1257)) - Exception while replicating container 4.
org.apache.hadoop.hdds.scm.exceptions.SCMException: No healthy node found to allocate container.
	at org.apache.hadoop.hdds.scm.SCMCommonPlacementPolicy.chooseDatanodes(SCMCommonPlacementPolicy.java:141)
	at org.apache.hadoop.hdds.scm.container.placement.algorithms.SCMContainerPlacementRandom.chooseDatanodes(SCMContainerPlacementRandom.java:78)
	at org.apache.hadoop.hdds.scm.container.ReplicationManager.handleUnderReplicatedContainer(ReplicationManager.java:1221)
	at org.apache.hadoop.hdds.scm.container.ReplicationManager.processContainer(ReplicationManager.java:559)
	at org.apache.hadoop.hdds.scm.container.ReplicationManager.processAll(ReplicationManager.java:383)
	at org.apache.hadoop.hdds.scm.container.ReplicationManager.run(ReplicationManager.java:403)
	at java.lang.Thread.run(Thread.java:750)
2022-03-04 14:01:15,453 [ReplicationMonitor] ERROR scm.SCMCommonPlacementPolicy (SCMCommonPlacementPolicy.java:chooseDatanodes(140)) - No healthy node found to allocate container.
2022-03-04 14:01:15,453 [ReplicationMonitor] WARN  container.ReplicationManager (ReplicationManager.java:handleUnderReplicatedContainer(1257)) - Exception while replicating container 5.
org.apache.hadoop.hdds.scm.exceptions.SCMException: No healthy node found to allocate container.
	at org.apache.hadoop.hdds.scm.SCMCommonPlacementPolicy.chooseDatanodes(SCMCommonPlacementPolicy.java:141)
	at org.apache.hadoop.hdds.scm.container.placement.algorithms.SCMContainerPlacementRandom.chooseDatanodes(SCMContainerPlacementRandom.java:78)
	at org.apache.hadoop.hdds.scm.container.ReplicationManager.handleUnderReplicatedContainer(ReplicationManager.java:1221)
	at org.apache.hadoop.hdds.scm.container.ReplicationManager.processContainer(ReplicationManager.java:559)
	at org.apache.hadoop.hdds.scm.container.ReplicationManager.processAll(ReplicationManager.java:383)
	at org.apache.hadoop.hdds.scm.container.ReplicationManager.run(ReplicationManager.java:403)
	at java.lang.Thread.run(Thread.java:750)
2022-03-04 14:01:15,453 [ReplicationMonitor] ERROR scm.SCMCommonPlacementPolicy (SCMCommonPlacementPolicy.java:chooseDatanodes(140)) - No healthy node found to allocate container.
2022-03-04 14:01:15,453 [ReplicationMonitor] WARN  container.ReplicationManager (ReplicationManager.java:handleUnderReplicatedContainer(1257)) - Exception while replicating container 6.
org.apache.hadoop.hdds.scm.exceptions.SCMException: No healthy node found to allocate container.
	at org.apache.hadoop.hdds.scm.SCMCommonPlacementPolicy.chooseDatanodes(SCMCommonPlacementPolicy.java:141)
	at org.apache.hadoop.hdds.scm.container.placement.algorithms.SCMContainerPlacementRandom.chooseDatanodes(SCMContainerPlacementRandom.java:78)
	at org.apache.hadoop.hdds.scm.container.ReplicationManager.handleUnderReplicatedContainer(ReplicationManager.java:1221)
	at org.apache.hadoop.hdds.scm.container.ReplicationManager.processContainer(ReplicationManager.java:559)
	at org.apache.hadoop.hdds.scm.container.ReplicationManager.processAll(ReplicationManager.java:383)
	at org.apache.hadoop.hdds.scm.container.ReplicationManager.run(ReplicationManager.java:403)
	at java.lang.Thread.run(Thread.java:750)
2022-03-04 14:01:15,453 [ReplicationMonitor] INFO  container.ReplicationManager (ReplicationManager.java:processAll(387)) - Replication Monitor Thread took 2 milliseconds for processing 6 containers.
2022-03-04 14:01:15,573 [Mini-Cluster-Provider-Reap] INFO  utils.BackgroundService (BackgroundService.java:shutdown(132)) - Shutting down service BlockDeletingService
2022-03-04 14:01:16,131 [ForkJoinPool.commonPool-worker-1] INFO  utils.BackgroundService (BackgroundService.java:shutdown(132)) - Shutting down service BlockDeletingService
2022-03-04 14:01:16,454 [ReplicationMonitor] ERROR scm.SCMCommonPlacementPolicy (SCMCommonPlacementPolicy.java:chooseDatanodes(140)) - No healthy node found to allocate container.
2022-03-04 14:01:16,454 [ReplicationMonitor] WARN  container.ReplicationManager (ReplicationManager.java:handleUnderReplicatedContainer(1257)) - Exception while replicating container 1.
org.apache.hadoop.hdds.scm.exceptions.SCMException: No healthy node found to allocate container.
	at org.apache.hadoop.hdds.scm.SCMCommonPlacementPolicy.chooseDatanodes(SCMCommonPlacementPolicy.java:141)
	at org.apache.hadoop.hdds.scm.container.placement.algorithms.SCMContainerPlacementRandom.chooseDatanodes(SCMContainerPlacementRandom.java:78)
	at org.apache.hadoop.hdds.scm.container.ReplicationManager.handleUnderReplicatedContainer(ReplicationManager.java:1221)
	at org.apache.hadoop.hdds.scm.container.ReplicationManager.processContainer(ReplicationManager.java:559)
	at org.apache.hadoop.hdds.scm.container.ReplicationManager.processAll(ReplicationManager.java:383)
	at org.apache.hadoop.hdds.scm.container.ReplicationManager.run(ReplicationManager.java:403)
	at java.lang.Thread.run(Thread.java:750)
2022-03-04 14:01:16,454 [ReplicationMonitor] ERROR scm.SCMCommonPlacementPolicy (SCMCommonPlacementPolicy.java:chooseDatanodes(140)) - No healthy node found to allocate container.
2022-03-04 14:01:16,454 [ReplicationMonitor] WARN  container.ReplicationManager (ReplicationManager.java:handleUnderReplicatedContainer(1257)) - Exception while replicating container 2.
org.apache.hadoop.hdds.scm.exceptions.SCMException: No healthy node found to allocate container.
	at org.apache.hadoop.hdds.scm.SCMCommonPlacementPolicy.chooseDatanodes(SCMCommonPlacementPolicy.java:141)
	at org.apache.hadoop.hdds.scm.container.placement.algorithms.SCMContainerPlacementRandom.chooseDatanodes(SCMContainerPlacementRandom.java:78)
	at org.apache.hadoop.hdds.scm.container.ReplicationManager.handleUnderReplicatedContainer(ReplicationManager.java:1221)
	at org.apache.hadoop.hdds.scm.container.ReplicationManager.processContainer(ReplicationManager.java:559)
	at org.apache.hadoop.hdds.scm.container.ReplicationManager.processAll(ReplicationManager.java:383)
	at org.apache.hadoop.hdds.scm.container.ReplicationManager.run(ReplicationManager.java:403)
	at java.lang.Thread.run(Thread.java:750)
2022-03-04 14:01:16,454 [ReplicationMonitor] ERROR scm.SCMCommonPlacementPolicy (SCMCommonPlacementPolicy.java:chooseDatanodes(149)) - Not enough healthy nodes to allocate container. 2  datanodes required. Found 1
2022-03-04 14:01:16,454 [ReplicationMonitor] WARN  container.ReplicationManager (ReplicationManager.java:handleUnderReplicatedContainer(1257)) - Exception while replicating container 3.
org.apache.hadoop.hdds.scm.exceptions.SCMException: Not enough healthy nodes to allocate container. 2  datanodes required. Found 1
	at org.apache.hadoop.hdds.scm.SCMCommonPlacementPolicy.chooseDatanodes(SCMCommonPlacementPolicy.java:150)
	at org.apache.hadoop.hdds.scm.container.placement.algorithms.SCMContainerPlacementRandom.chooseDatanodes(SCMContainerPlacementRandom.java:78)
	at org.apache.hadoop.hdds.scm.container.ReplicationManager.handleUnderReplicatedContainer(ReplicationManager.java:1221)
	at org.apache.hadoop.hdds.scm.container.ReplicationManager.processContainer(ReplicationManager.java:559)
	at org.apache.hadoop.hdds.scm.container.ReplicationManager.processAll(ReplicationManager.java:383)
	at org.apache.hadoop.hdds.scm.container.ReplicationManager.run(ReplicationManager.java:403)
	at java.lang.Thread.run(Thread.java:750)
2022-03-04 14:01:16,454 [ReplicationMonitor] ERROR scm.SCMCommonPlacementPolicy (SCMCommonPlacementPolicy.java:chooseDatanodes(140)) - No healthy node found to allocate container.
2022-03-04 14:01:16,454 [ReplicationMonitor] WARN  container.ReplicationManager (ReplicationManager.java:handleUnderReplicatedContainer(1257)) - Exception while replicating container 4.
org.apache.hadoop.hdds.scm.exceptions.SCMException: No healthy node found to allocate container.
	at org.apache.hadoop.hdds.scm.SCMCommonPlacementPolicy.chooseDatanodes(SCMCommonPlacementPolicy.java:141)
	at org.apache.hadoop.hdds.scm.container.placement.algorithms.SCMContainerPlacementRandom.chooseDatanodes(SCMContainerPlacementRandom.java:78)
	at org.apache.hadoop.hdds.scm.container.ReplicationManager.handleUnderReplicatedContainer(ReplicationManager.java:1221)
	at org.apache.hadoop.hdds.scm.container.ReplicationManager.processContainer(ReplicationManager.java:559)
	at org.apache.hadoop.hdds.scm.container.ReplicationManager.processAll(ReplicationManager.java:383)
	at org.apache.hadoop.hdds.scm.container.ReplicationManager.run(ReplicationManager.java:403)
	at java.lang.Thread.run(Thread.java:750)
2022-03-04 14:01:16,455 [ReplicationMonitor] ERROR scm.SCMCommonPlacementPolicy (SCMCommonPlacementPolicy.java:chooseDatanodes(140)) - No healthy node found to allocate container.
2022-03-04 14:01:16,455 [ReplicationMonitor] WARN  container.ReplicationManager (ReplicationManager.java:handleUnderReplicatedContainer(1257)) - Exception while replicating container 5.
org.apache.hadoop.hdds.scm.exceptions.SCMException: No healthy node found to allocate container.
	at org.apache.hadoop.hdds.scm.SCMCommonPlacementPolicy.chooseDatanodes(SCMCommonPlacementPolicy.java:141)
	at org.apache.hadoop.hdds.scm.container.placement.algorithms.SCMContainerPlacementRandom.chooseDatanodes(SCMContainerPlacementRandom.java:78)
	at org.apache.hadoop.hdds.scm.container.ReplicationManager.handleUnderReplicatedContainer(ReplicationManager.java:1221)
	at org.apache.hadoop.hdds.scm.container.ReplicationManager.processContainer(ReplicationManager.java:559)
	at org.apache.hadoop.hdds.scm.container.ReplicationManager.processAll(ReplicationManager.java:383)
	at org.apache.hadoop.hdds.scm.container.ReplicationManager.run(ReplicationManager.java:403)
	at java.lang.Thread.run(Thread.java:750)
2022-03-04 14:01:16,455 [ReplicationMonitor] ERROR scm.SCMCommonPlacementPolicy (SCMCommonPlacementPolicy.java:chooseDatanodes(140)) - No healthy node found to allocate container.
2022-03-04 14:01:16,455 [ReplicationMonitor] WARN  container.ReplicationManager (ReplicationManager.java:handleUnderReplicatedContainer(1257)) - Exception while replicating container 6.
org.apache.hadoop.hdds.scm.exceptions.SCMException: No healthy node found to allocate container.
	at org.apache.hadoop.hdds.scm.SCMCommonPlacementPolicy.chooseDatanodes(SCMCommonPlacementPolicy.java:141)
	at org.apache.hadoop.hdds.scm.container.placement.algorithms.SCMContainerPlacementRandom.chooseDatanodes(SCMContainerPlacementRandom.java:78)
	at org.apache.hadoop.hdds.scm.container.ReplicationManager.handleUnderReplicatedContainer(ReplicationManager.java:1221)
	at org.apache.hadoop.hdds.scm.container.ReplicationManager.processContainer(ReplicationManager.java:559)
	at org.apache.hadoop.hdds.scm.container.ReplicationManager.processAll(ReplicationManager.java:383)
	at org.apache.hadoop.hdds.scm.container.ReplicationManager.run(ReplicationManager.java:403)
	at java.lang.Thread.run(Thread.java:750)
2022-03-04 14:01:16,455 [ReplicationMonitor] INFO  container.ReplicationManager (ReplicationManager.java:processAll(387)) - Replication Monitor Thread took 2 milliseconds for processing 6 containers.
2022-03-04 14:01:17,456 [ReplicationMonitor] ERROR scm.SCMCommonPlacementPolicy (SCMCommonPlacementPolicy.java:chooseDatanodes(140)) - No healthy node found to allocate container.
2022-03-04 14:01:17,457 [ReplicationMonitor] WARN  container.ReplicationManager (ReplicationManager.java:handleUnderReplicatedContainer(1257)) - Exception while replicating container 1.
org.apache.hadoop.hdds.scm.exceptions.SCMException: No healthy node found to allocate container.
	at org.apache.hadoop.hdds.scm.SCMCommonPlacementPolicy.chooseDatanodes(SCMCommonPlacementPolicy.java:141)
	at org.apache.hadoop.hdds.scm.container.placement.algorithms.SCMContainerPlacementRandom.chooseDatanodes(SCMContainerPlacementRandom.java:78)
	at org.apache.hadoop.hdds.scm.container.ReplicationManager.handleUnderReplicatedContainer(ReplicationManager.java:1221)
	at org.apache.hadoop.hdds.scm.container.ReplicationManager.processContainer(ReplicationManager.java:559)
	at org.apache.hadoop.hdds.scm.container.ReplicationManager.processAll(ReplicationManager.java:383)
	at org.apache.hadoop.hdds.scm.container.ReplicationManager.run(ReplicationManager.java:403)
	at java.lang.Thread.run(Thread.java:750)
2022-03-04 14:01:17,459 [ReplicationMonitor] ERROR scm.SCMCommonPlacementPolicy (SCMCommonPlacementPolicy.java:chooseDatanodes(140)) - No healthy node found to allocate container.
2022-03-04 14:01:17,459 [ReplicationMonitor] WARN  container.ReplicationManager (ReplicationManager.java:handleUnderReplicatedContainer(1257)) - Exception while replicating container 2.
org.apache.hadoop.hdds.scm.exceptions.SCMException: No healthy node found to allocate container.
	at org.apache.hadoop.hdds.scm.SCMCommonPlacementPolicy.chooseDatanodes(SCMCommonPlacementPolicy.java:141)
	at org.apache.hadoop.hdds.scm.container.placement.algorithms.SCMContainerPlacementRandom.chooseDatanodes(SCMContainerPlacementRandom.java:78)
	at org.apache.hadoop.hdds.scm.container.ReplicationManager.handleUnderReplicatedContainer(ReplicationManager.java:1221)
	at org.apache.hadoop.hdds.scm.container.ReplicationManager.processContainer(ReplicationManager.java:559)
	at org.apache.hadoop.hdds.scm.container.ReplicationManager.processAll(ReplicationManager.java:383)
	at org.apache.hadoop.hdds.scm.container.ReplicationManager.run(ReplicationManager.java:403)
	at java.lang.Thread.run(Thread.java:750)
2022-03-04 14:01:17,460 [ReplicationMonitor] ERROR scm.SCMCommonPlacementPolicy (SCMCommonPlacementPolicy.java:chooseDatanodes(149)) - Not enough healthy nodes to allocate container. 2  datanodes required. Found 1
2022-03-04 14:01:17,460 [ReplicationMonitor] WARN  container.ReplicationManager (ReplicationManager.java:handleUnderReplicatedContainer(1257)) - Exception while replicating container 3.
org.apache.hadoop.hdds.scm.exceptions.SCMException: Not enough healthy nodes to allocate container. 2  datanodes required. Found 1
	at org.apache.hadoop.hdds.scm.SCMCommonPlacementPolicy.chooseDatanodes(SCMCommonPlacementPolicy.java:150)
	at org.apache.hadoop.hdds.scm.container.placement.algorithms.SCMContainerPlacementRandom.chooseDatanodes(SCMContainerPlacementRandom.java:78)
	at org.apache.hadoop.hdds.scm.container.ReplicationManager.handleUnderReplicatedContainer(ReplicationManager.java:1221)
	at org.apache.hadoop.hdds.scm.container.ReplicationManager.processContainer(ReplicationManager.java:559)
	at org.apache.hadoop.hdds.scm.container.ReplicationManager.processAll(ReplicationManager.java:383)
	at org.apache.hadoop.hdds.scm.container.ReplicationManager.run(ReplicationManager.java:403)
	at java.lang.Thread.run(Thread.java:750)
2022-03-04 14:01:17,460 [ReplicationMonitor] ERROR scm.SCMCommonPlacementPolicy (SCMCommonPlacementPolicy.java:chooseDatanodes(140)) - No healthy node found to allocate container.
2022-03-04 14:01:17,460 [ReplicationMonitor] WARN  container.ReplicationManager (ReplicationManager.java:handleUnderReplicatedContainer(1257)) - Exception while replicating container 4.
org.apache.hadoop.hdds.scm.exceptions.SCMException: No healthy node found to allocate container.
	at org.apache.hadoop.hdds.scm.SCMCommonPlacementPolicy.chooseDatanodes(SCMCommonPlacementPolicy.java:141)
	at org.apache.hadoop.hdds.scm.container.placement.algorithms.SCMContainerPlacementRandom.chooseDatanodes(SCMContainerPlacementRandom.java:78)
	at org.apache.hadoop.hdds.scm.container.ReplicationManager.handleUnderReplicatedContainer(ReplicationManager.java:1221)
	at org.apache.hadoop.hdds.scm.container.ReplicationManager.processContainer(ReplicationManager.java:559)
	at org.apache.hadoop.hdds.scm.container.ReplicationManager.processAll(ReplicationManager.java:383)
	at org.apache.hadoop.hdds.scm.container.ReplicationManager.run(ReplicationManager.java:403)
	at java.lang.Thread.run(Thread.java:750)
2022-03-04 14:01:17,460 [ReplicationMonitor] ERROR scm.SCMCommonPlacementPolicy (SCMCommonPlacementPolicy.java:chooseDatanodes(140)) - No healthy node found to allocate container.
2022-03-04 14:01:17,460 [ReplicationMonitor] WARN  container.ReplicationManager (ReplicationManager.java:handleUnderReplicatedContainer(1257)) - Exception while replicating container 5.
org.apache.hadoop.hdds.scm.exceptions.SCMException: No healthy node found to allocate container.
	at org.apache.hadoop.hdds.scm.SCMCommonPlacementPolicy.chooseDatanodes(SCMCommonPlacementPolicy.java:141)
	at org.apache.hadoop.hdds.scm.container.placement.algorithms.SCMContainerPlacementRandom.chooseDatanodes(SCMContainerPlacementRandom.java:78)
	at org.apache.hadoop.hdds.scm.container.ReplicationManager.handleUnderReplicatedContainer(ReplicationManager.java:1221)
	at org.apache.hadoop.hdds.scm.container.ReplicationManager.processContainer(ReplicationManager.java:559)
	at org.apache.hadoop.hdds.scm.container.ReplicationManager.processAll(ReplicationManager.java:383)
	at org.apache.hadoop.hdds.scm.container.ReplicationManager.run(ReplicationManager.java:403)
	at java.lang.Thread.run(Thread.java:750)
2022-03-04 14:01:17,460 [ReplicationMonitor] ERROR scm.SCMCommonPlacementPolicy (SCMCommonPlacementPolicy.java:chooseDatanodes(140)) - No healthy node found to allocate container.
2022-03-04 14:01:17,460 [ReplicationMonitor] WARN  container.ReplicationManager (ReplicationManager.java:handleUnderReplicatedContainer(1257)) - Exception while replicating container 6.
org.apache.hadoop.hdds.scm.exceptions.SCMException: No healthy node found to allocate container.
	at org.apache.hadoop.hdds.scm.SCMCommonPlacementPolicy.chooseDatanodes(SCMCommonPlacementPolicy.java:141)
	at org.apache.hadoop.hdds.scm.container.placement.algorithms.SCMContainerPlacementRandom.chooseDatanodes(SCMContainerPlacementRandom.java:78)
	at org.apache.hadoop.hdds.scm.container.ReplicationManager.handleUnderReplicatedContainer(ReplicationManager.java:1221)
	at org.apache.hadoop.hdds.scm.container.ReplicationManager.processContainer(ReplicationManager.java:559)
	at org.apache.hadoop.hdds.scm.container.ReplicationManager.processAll(ReplicationManager.java:383)
	at org.apache.hadoop.hdds.scm.container.ReplicationManager.run(ReplicationManager.java:403)
	at java.lang.Thread.run(Thread.java:750)
2022-03-04 14:01:17,460 [ReplicationMonitor] INFO  container.ReplicationManager (ReplicationManager.java:processAll(387)) - Replication Monitor Thread took 4 milliseconds for processing 6 containers.
2022-03-04 14:01:18,460 [ReplicationMonitor] ERROR scm.SCMCommonPlacementPolicy (SCMCommonPlacementPolicy.java:chooseDatanodes(140)) - No healthy node found to allocate container.
2022-03-04 14:01:18,461 [ReplicationMonitor] WARN  container.ReplicationManager (ReplicationManager.java:handleUnderReplicatedContainer(1257)) - Exception while replicating container 1.
org.apache.hadoop.hdds.scm.exceptions.SCMException: No healthy node found to allocate container.
	at org.apache.hadoop.hdds.scm.SCMCommonPlacementPolicy.chooseDatanodes(SCMCommonPlacementPolicy.java:141)
	at org.apache.hadoop.hdds.scm.container.placement.algorithms.SCMContainerPlacementRandom.chooseDatanodes(SCMContainerPlacementRandom.java:78)
	at org.apache.hadoop.hdds.scm.container.ReplicationManager.handleUnderReplicatedContainer(ReplicationManager.java:1221)
	at org.apache.hadoop.hdds.scm.container.ReplicationManager.processContainer(ReplicationManager.java:559)
	at org.apache.hadoop.hdds.scm.container.ReplicationManager.processAll(ReplicationManager.java:383)
	at org.apache.hadoop.hdds.scm.container.ReplicationManager.run(ReplicationManager.java:403)
	at java.lang.Thread.run(Thread.java:750)
2022-03-04 14:01:18,461 [ReplicationMonitor] ERROR scm.SCMCommonPlacementPolicy (SCMCommonPlacementPolicy.java:chooseDatanodes(140)) - No healthy node found to allocate container.
2022-03-04 14:01:18,461 [ReplicationMonitor] WARN  container.ReplicationManager (ReplicationManager.java:handleUnderReplicatedContainer(1257)) - Exception while replicating container 2.
org.apache.hadoop.hdds.scm.exceptions.SCMException: No healthy node found to allocate container.
	at org.apache.hadoop.hdds.scm.SCMCommonPlacementPolicy.chooseDatanodes(SCMCommonPlacementPolicy.java:141)
	at org.apache.hadoop.hdds.scm.container.placement.algorithms.SCMContainerPlacementRandom.chooseDatanodes(SCMContainerPlacementRandom.java:78)
	at org.apache.hadoop.hdds.scm.container.ReplicationManager.handleUnderReplicatedContainer(ReplicationManager.java:1221)
	at org.apache.hadoop.hdds.scm.container.ReplicationManager.processContainer(ReplicationManager.java:559)
	at org.apache.hadoop.hdds.scm.container.ReplicationManager.processAll(ReplicationManager.java:383)
	at org.apache.hadoop.hdds.scm.container.ReplicationManager.run(ReplicationManager.java:403)
	at java.lang.Thread.run(Thread.java:750)
2022-03-04 14:01:18,461 [ReplicationMonitor] ERROR scm.SCMCommonPlacementPolicy (SCMCommonPlacementPolicy.java:chooseDatanodes(149)) - Not enough healthy nodes to allocate container. 2  datanodes required. Found 1
2022-03-04 14:01:18,461 [ReplicationMonitor] WARN  container.ReplicationManager (ReplicationManager.java:handleUnderReplicatedContainer(1257)) - Exception while replicating container 3.
org.apache.hadoop.hdds.scm.exceptions.SCMException: Not enough healthy nodes to allocate container. 2  datanodes required. Found 1
	at org.apache.hadoop.hdds.scm.SCMCommonPlacementPolicy.chooseDatanodes(SCMCommonPlacementPolicy.java:150)
	at org.apache.hadoop.hdds.scm.container.placement.algorithms.SCMContainerPlacementRandom.chooseDatanodes(SCMContainerPlacementRandom.java:78)
	at org.apache.hadoop.hdds.scm.container.ReplicationManager.handleUnderReplicatedContainer(ReplicationManager.java:1221)
	at org.apache.hadoop.hdds.scm.container.ReplicationManager.processContainer(ReplicationManager.java:559)
	at org.apache.hadoop.hdds.scm.container.ReplicationManager.processAll(ReplicationManager.java:383)
	at org.apache.hadoop.hdds.scm.container.ReplicationManager.run(ReplicationManager.java:403)
	at java.lang.Thread.run(Thread.java:750)
2022-03-04 14:01:18,461 [ReplicationMonitor] ERROR scm.SCMCommonPlacementPolicy (SCMCommonPlacementPolicy.java:chooseDatanodes(140)) - No healthy node found to allocate container.
2022-03-04 14:01:18,461 [ReplicationMonitor] WARN  container.ReplicationManager (ReplicationManager.java:handleUnderReplicatedContainer(1257)) - Exception while replicating container 4.
org.apache.hadoop.hdds.scm.exceptions.SCMException: No healthy node found to allocate container.
	at org.apache.hadoop.hdds.scm.SCMCommonPlacementPolicy.chooseDatanodes(SCMCommonPlacementPolicy.java:141)
	at org.apache.hadoop.hdds.scm.container.placement.algorithms.SCMContainerPlacementRandom.chooseDatanodes(SCMContainerPlacementRandom.java:78)
	at org.apache.hadoop.hdds.scm.container.ReplicationManager.handleUnderReplicatedContainer(ReplicationManager.java:1221)
	at org.apache.hadoop.hdds.scm.container.ReplicationManager.processContainer(ReplicationManager.java:559)
	at org.apache.hadoop.hdds.scm.container.ReplicationManager.processAll(ReplicationManager.java:383)
	at org.apache.hadoop.hdds.scm.container.ReplicationManager.run(ReplicationManager.java:403)
	at java.lang.Thread.run(Thread.java:750)
2022-03-04 14:01:18,461 [ReplicationMonitor] ERROR scm.SCMCommonPlacementPolicy (SCMCommonPlacementPolicy.java:chooseDatanodes(140)) - No healthy node found to allocate container.
2022-03-04 14:01:18,461 [ReplicationMonitor] WARN  container.ReplicationManager (ReplicationManager.java:handleUnderReplicatedContainer(1257)) - Exception while replicating container 5.
org.apache.hadoop.hdds.scm.exceptions.SCMException: No healthy node found to allocate container.
	at org.apache.hadoop.hdds.scm.SCMCommonPlacementPolicy.chooseDatanodes(SCMCommonPlacementPolicy.java:141)
	at org.apache.hadoop.hdds.scm.container.placement.algorithms.SCMContainerPlacementRandom.chooseDatanodes(SCMContainerPlacementRandom.java:78)
	at org.apache.hadoop.hdds.scm.container.ReplicationManager.handleUnderReplicatedContainer(ReplicationManager.java:1221)
	at org.apache.hadoop.hdds.scm.container.ReplicationManager.processContainer(ReplicationManager.java:559)
	at org.apache.hadoop.hdds.scm.container.ReplicationManager.processAll(ReplicationManager.java:383)
	at org.apache.hadoop.hdds.scm.container.ReplicationManager.run(ReplicationManager.java:403)
	at java.lang.Thread.run(Thread.java:750)
2022-03-04 14:01:18,461 [ReplicationMonitor] ERROR scm.SCMCommonPlacementPolicy (SCMCommonPlacementPolicy.java:chooseDatanodes(140)) - No healthy node found to allocate container.
2022-03-04 14:01:18,461 [ReplicationMonitor] WARN  container.ReplicationManager (ReplicationManager.java:handleUnderReplicatedContainer(1257)) - Exception while replicating container 6.
org.apache.hadoop.hdds.scm.exceptions.SCMException: No healthy node found to allocate container.
	at org.apache.hadoop.hdds.scm.SCMCommonPlacementPolicy.chooseDatanodes(SCMCommonPlacementPolicy.java:141)
	at org.apache.hadoop.hdds.scm.container.placement.algorithms.SCMContainerPlacementRandom.chooseDatanodes(SCMContainerPlacementRandom.java:78)
	at org.apache.hadoop.hdds.scm.container.ReplicationManager.handleUnderReplicatedContainer(ReplicationManager.java:1221)
	at org.apache.hadoop.hdds.scm.container.ReplicationManager.processContainer(ReplicationManager.java:559)
	at org.apache.hadoop.hdds.scm.container.ReplicationManager.processAll(ReplicationManager.java:383)
	at org.apache.hadoop.hdds.scm.container.ReplicationManager.run(ReplicationManager.java:403)
	at java.lang.Thread.run(Thread.java:750)
2022-03-04 14:01:18,462 [ReplicationMonitor] INFO  container.ReplicationManager (ReplicationManager.java:processAll(387)) - Replication Monitor Thread took 1 milliseconds for processing 6 containers.
2022-03-04 14:01:18,583 [Mini-Cluster-Provider-Reap] INFO  statemachine.DatanodeStateMachine (DatanodeStateMachine.java:stopDaemon(529)) - Ozone container server stopped.
2022-03-04 14:01:18,587 [Mini-Cluster-Provider-Reap] INFO  handler.ContextHandler (ContextHandler.java:doStop(1153)) - Stopped o.e.j.w.WebAppContext@103a1bba{hddsDatanode,/,null,STOPPED}{jar:file:/home/runner/.m2/repository/org/apache/ozone/hdds-container-service/1.3.0-SNAPSHOT/hdds-container-service-1.3.0-SNAPSHOT.jar!/webapps/hddsDatanode}
2022-03-04 14:01:18,587 [Mini-Cluster-Provider-Reap] INFO  server.AbstractConnector (AbstractConnector.java:doStop(381)) - Stopped ServerConnector@31b2e641{HTTP/1.1, (http/1.1)}{0.0.0.0:0}
2022-03-04 14:01:18,587 [Mini-Cluster-Provider-Reap] INFO  server.session (HouseKeeper.java:stopScavenging(149)) - node0 Stopped scavenging
2022-03-04 14:01:18,588 [Mini-Cluster-Provider-Reap] INFO  handler.ContextHandler (ContextHandler.java:doStop(1153)) - Stopped o.e.j.s.ServletContextHandler@4bdee878{static,/static,jar:file:/home/runner/.m2/repository/org/apache/ozone/hdds-container-service/1.3.0-SNAPSHOT/hdds-container-service-1.3.0-SNAPSHOT.jar!/webapps/static,STOPPED}
2022-03-04 14:01:18,588 [Mini-Cluster-Provider-Reap] INFO  handler.ContextHandler (ContextHandler.java:doStop(1153)) - Stopped o.e.j.s.ServletContextHandler@47b819aa{logs,/logs,file:///home/runner/work/ozone/ozone/hadoop-ozone/integration-test/target/log,STOPPED}
2022-03-04 14:01:19,135 [ForkJoinPool.commonPool-worker-1] INFO  statemachine.DatanodeStateMachine (DatanodeStateMachine.java:stopDaemon(529)) - Ozone container server stopped.
2022-03-04 14:01:19,138 [ForkJoinPool.commonPool-worker-1] INFO  handler.ContextHandler (ContextHandler.java:doStop(1153)) - Stopped o.e.j.w.WebAppContext@193f91d{hddsDatanode,/,null,STOPPED}{jar:file:/home/runner/.m2/repository/org/apache/ozone/hdds-container-service/1.3.0-SNAPSHOT/hdds-container-service-1.3.0-SNAPSHOT.jar!/webapps/hddsDatanode}
2022-03-04 14:01:19,139 [ForkJoinPool.commonPool-worker-1] INFO  server.AbstractConnector (AbstractConnector.java:doStop(381)) - Stopped ServerConnector@4e8cb323{HTTP/1.1, (http/1.1)}{0.0.0.0:0}
2022-03-04 14:01:19,139 [ForkJoinPool.commonPool-worker-1] INFO  server.session (HouseKeeper.java:stopScavenging(149)) - node0 Stopped scavenging
2022-03-04 14:01:19,139 [ForkJoinPool.commonPool-worker-1] INFO  handler.ContextHandler (ContextHandler.java:doStop(1153)) - Stopped o.e.j.s.ServletContextHandler@5180971d{static,/static,jar:file:/home/runner/.m2/repository/org/apache/ozone/hdds-container-service/1.3.0-SNAPSHOT/hdds-container-service-1.3.0-SNAPSHOT.jar!/webapps/static,STOPPED}
2022-03-04 14:01:19,139 [ForkJoinPool.commonPool-worker-1] INFO  handler.ContextHandler (ContextHandler.java:doStop(1153)) - Stopped o.e.j.s.ServletContextHandler@5ad56906{logs,/logs,file:///home/runner/work/ozone/ozone/hadoop-ozone/integration-test/target/log,STOPPED}
2022-03-04 14:01:19,462 [ReplicationMonitor] ERROR scm.SCMCommonPlacementPolicy (SCMCommonPlacementPolicy.java:chooseDatanodes(140)) - No healthy node found to allocate container.
2022-03-04 14:01:19,462 [ReplicationMonitor] WARN  container.ReplicationManager (ReplicationManager.java:handleUnderReplicatedContainer(1257)) - Exception while replicating container 1.
org.apache.hadoop.hdds.scm.exceptions.SCMException: No healthy node found to allocate container.
	at org.apache.hadoop.hdds.scm.SCMCommonPlacementPolicy.chooseDatanodes(SCMCommonPlacementPolicy.java:141)
	at org.apache.hadoop.hdds.scm.container.placement.algorithms.SCMContainerPlacementRandom.chooseDatanodes(SCMContainerPlacementRandom.java:78)
	at org.apache.hadoop.hdds.scm.container.ReplicationManager.handleUnderReplicatedContainer(ReplicationManager.java:1221)
	at org.apache.hadoop.hdds.scm.container.ReplicationManager.processContainer(ReplicationManager.java:559)
	at org.apache.hadoop.hdds.scm.container.ReplicationManager.processAll(ReplicationManager.java:383)
	at org.apache.hadoop.hdds.scm.container.ReplicationManager.run(ReplicationManager.java:403)
	at java.lang.Thread.run(Thread.java:750)
2022-03-04 14:01:19,462 [ReplicationMonitor] ERROR scm.SCMCommonPlacementPolicy (SCMCommonPlacementPolicy.java:chooseDatanodes(140)) - No healthy node found to allocate container.
2022-03-04 14:01:19,462 [ReplicationMonitor] WARN  container.ReplicationManager (ReplicationManager.java:handleUnderReplicatedContainer(1257)) - Exception while replicating container 2.
org.apache.hadoop.hdds.scm.exceptions.SCMException: No healthy node found to allocate container.
	at org.apache.hadoop.hdds.scm.SCMCommonPlacementPolicy.chooseDatanodes(SCMCommonPlacementPolicy.java:141)
	at org.apache.hadoop.hdds.scm.container.placement.algorithms.SCMContainerPlacementRandom.chooseDatanodes(SCMContainerPlacementRandom.java:78)
	at org.apache.hadoop.hdds.scm.container.ReplicationManager.handleUnderReplicatedContainer(ReplicationManager.java:1221)
	at org.apache.hadoop.hdds.scm.container.ReplicationManager.processContainer(ReplicationManager.java:559)
	at org.apache.hadoop.hdds.scm.container.ReplicationManager.processAll(ReplicationManager.java:383)
	at org.apache.hadoop.hdds.scm.container.ReplicationManager.run(ReplicationManager.java:403)
	at java.lang.Thread.run(Thread.java:750)
2022-03-04 14:01:19,462 [ReplicationMonitor] ERROR scm.SCMCommonPlacementPolicy (SCMCommonPlacementPolicy.java:chooseDatanodes(149)) - Not enough healthy nodes to allocate container. 2  datanodes required. Found 1
2022-03-04 14:01:19,463 [ReplicationMonitor] WARN  container.ReplicationManager (ReplicationManager.java:handleUnderReplicatedContainer(1257)) - Exception while replicating container 3.
org.apache.hadoop.hdds.scm.exceptions.SCMException: Not enough healthy nodes to allocate container. 2  datanodes required. Found 1
	at org.apache.hadoop.hdds.scm.SCMCommonPlacementPolicy.chooseDatanodes(SCMCommonPlacementPolicy.java:150)
	at org.apache.hadoop.hdds.scm.container.placement.algorithms.SCMContainerPlacementRandom.chooseDatanodes(SCMContainerPlacementRandom.java:78)
	at org.apache.hadoop.hdds.scm.container.ReplicationManager.handleUnderReplicatedContainer(ReplicationManager.java:1221)
	at org.apache.hadoop.hdds.scm.container.ReplicationManager.processContainer(ReplicationManager.java:559)
	at org.apache.hadoop.hdds.scm.container.ReplicationManager.processAll(ReplicationManager.java:383)
	at org.apache.hadoop.hdds.scm.container.ReplicationManager.run(ReplicationManager.java:403)
	at java.lang.Thread.run(Thread.java:750)
2022-03-04 14:01:19,463 [ReplicationMonitor] ERROR scm.SCMCommonPlacementPolicy (SCMCommonPlacementPolicy.java:chooseDatanodes(140)) - No healthy node found to allocate container.
2022-03-04 14:01:19,463 [ReplicationMonitor] WARN  container.ReplicationManager (ReplicationManager.java:handleUnderReplicatedContainer(1257)) - Exception while replicating container 4.
org.apache.hadoop.hdds.scm.exceptions.SCMException: No healthy node found to allocate container.
	at org.apache.hadoop.hdds.scm.SCMCommonPlacementPolicy.chooseDatanodes(SCMCommonPlacementPolicy.java:141)
	at org.apache.hadoop.hdds.scm.container.placement.algorithms.SCMContainerPlacementRandom.chooseDatanodes(SCMContainerPlacementRandom.java:78)
	at org.apache.hadoop.hdds.scm.container.ReplicationManager.handleUnderReplicatedContainer(ReplicationManager.java:1221)
	at org.apache.hadoop.hdds.scm.container.ReplicationManager.processContainer(ReplicationManager.java:559)
	at org.apache.hadoop.hdds.scm.container.ReplicationManager.processAll(ReplicationManager.java:383)
	at org.apache.hadoop.hdds.scm.container.ReplicationManager.run(ReplicationManager.java:403)
	at java.lang.Thread.run(Thread.java:750)
2022-03-04 14:01:19,463 [ReplicationMonitor] ERROR scm.SCMCommonPlacementPolicy (SCMCommonPlacementPolicy.java:chooseDatanodes(140)) - No healthy node found to allocate container.
2022-03-04 14:01:19,463 [ReplicationMonitor] WARN  container.ReplicationManager (ReplicationManager.java:handleUnderReplicatedContainer(1257)) - Exception while replicating container 5.
org.apache.hadoop.hdds.scm.exceptions.SCMException: No healthy node found to allocate container.
	at org.apache.hadoop.hdds.scm.SCMCommonPlacementPolicy.chooseDatanodes(SCMCommonPlacementPolicy.java:141)
	at org.apache.hadoop.hdds.scm.container.placement.algorithms.SCMContainerPlacementRandom.chooseDatanodes(SCMContainerPlacementRandom.java:78)
	at org.apache.hadoop.hdds.scm.container.ReplicationManager.handleUnderReplicatedContainer(ReplicationManager.java:1221)
	at org.apache.hadoop.hdds.scm.container.ReplicationManager.processContainer(ReplicationManager.java:559)
	at org.apache.hadoop.hdds.scm.container.ReplicationManager.processAll(ReplicationManager.java:383)
	at org.apache.hadoop.hdds.scm.container.ReplicationManager.run(ReplicationManager.java:403)
	at java.lang.Thread.run(Thread.java:750)
2022-03-04 14:01:19,463 [ReplicationMonitor] ERROR scm.SCMCommonPlacementPolicy (SCMCommonPlacementPolicy.java:chooseDatanodes(140)) - No healthy node found to allocate container.
2022-03-04 14:01:19,463 [ReplicationMonitor] WARN  container.ReplicationManager (ReplicationManager.java:handleUnderReplicatedContainer(1257)) - Exception while replicating container 6.
org.apache.hadoop.hdds.scm.exceptions.SCMException: No healthy node found to allocate container.
	at org.apache.hadoop.hdds.scm.SCMCommonPlacementPolicy.chooseDatanodes(SCMCommonPlacementPolicy.java:141)
	at org.apache.hadoop.hdds.scm.container.placement.algorithms.SCMContainerPlacementRandom.chooseDatanodes(SCMContainerPlacementRandom.java:78)
	at org.apache.hadoop.hdds.scm.container.ReplicationManager.handleUnderReplicatedContainer(ReplicationManager.java:1221)
	at org.apache.hadoop.hdds.scm.container.ReplicationManager.processContainer(ReplicationManager.java:559)
	at org.apache.hadoop.hdds.scm.container.ReplicationManager.processAll(ReplicationManager.java:383)
	at org.apache.hadoop.hdds.scm.container.ReplicationManager.run(ReplicationManager.java:403)
	at java.lang.Thread.run(Thread.java:750)
2022-03-04 14:01:19,463 [ReplicationMonitor] INFO  container.ReplicationManager (ReplicationManager.java:processAll(387)) - Replication Monitor Thread took 1 milliseconds for processing 6 containers.
2022-03-04 14:01:20,463 [ReplicationMonitor] ERROR scm.SCMCommonPlacementPolicy (SCMCommonPlacementPolicy.java:chooseDatanodes(140)) - No healthy node found to allocate container.
2022-03-04 14:01:20,464 [ReplicationMonitor] WARN  container.ReplicationManager (ReplicationManager.java:handleUnderReplicatedContainer(1257)) - Exception while replicating container 1.
org.apache.hadoop.hdds.scm.exceptions.SCMException: No healthy node found to allocate container.
	at org.apache.hadoop.hdds.scm.SCMCommonPlacementPolicy.chooseDatanodes(SCMCommonPlacementPolicy.java:141)
	at org.apache.hadoop.hdds.scm.container.placement.algorithms.SCMContainerPlacementRandom.chooseDatanodes(SCMContainerPlacementRandom.java:78)
	at org.apache.hadoop.hdds.scm.container.ReplicationManager.handleUnderReplicatedContainer(ReplicationManager.java:1221)
	at org.apache.hadoop.hdds.scm.container.ReplicationManager.processContainer(ReplicationManager.java:559)
	at org.apache.hadoop.hdds.scm.container.ReplicationManager.processAll(ReplicationManager.java:383)
	at org.apache.hadoop.hdds.scm.container.ReplicationManager.run(ReplicationManager.java:403)
	at java.lang.Thread.run(Thread.java:750)
2022-03-04 14:01:20,464 [ReplicationMonitor] ERROR scm.SCMCommonPlacementPolicy (SCMCommonPlacementPolicy.java:chooseDatanodes(140)) - No healthy node found to allocate container.
2022-03-04 14:01:20,464 [ReplicationMonitor] WARN  container.ReplicationManager (ReplicationManager.java:handleUnderReplicatedContainer(1257)) - Exception while replicating container 2.
org.apache.hadoop.hdds.scm.exceptions.SCMException: No healthy node found to allocate container.
	at org.apache.hadoop.hdds.scm.SCMCommonPlacementPolicy.chooseDatanodes(SCMCommonPlacementPolicy.java:141)
	at org.apache.hadoop.hdds.scm.container.placement.algorithms.SCMContainerPlacementRandom.chooseDatanodes(SCMContainerPlacementRandom.java:78)
	at org.apache.hadoop.hdds.scm.container.ReplicationManager.handleUnderReplicatedContainer(ReplicationManager.java:1221)
	at org.apache.hadoop.hdds.scm.container.ReplicationManager.processContainer(ReplicationManager.java:559)
	at org.apache.hadoop.hdds.scm.container.ReplicationManager.processAll(ReplicationManager.java:383)
	at org.apache.hadoop.hdds.scm.container.ReplicationManager.run(ReplicationManager.java:403)
	at java.lang.Thread.run(Thread.java:750)
2022-03-04 14:01:20,464 [ReplicationMonitor] ERROR scm.SCMCommonPlacementPolicy (SCMCommonPlacementPolicy.java:chooseDatanodes(149)) - Not enough healthy nodes to allocate container. 2  datanodes required. Found 1
2022-03-04 14:01:20,464 [ReplicationMonitor] WARN  container.ReplicationManager (ReplicationManager.java:handleUnderReplicatedContainer(1257)) - Exception while replicating container 3.
org.apache.hadoop.hdds.scm.exceptions.SCMException: Not enough healthy nodes to allocate container. 2  datanodes required. Found 1
	at org.apache.hadoop.hdds.scm.SCMCommonPlacementPolicy.chooseDatanodes(SCMCommonPlacementPolicy.java:150)
	at org.apache.hadoop.hdds.scm.container.placement.algorithms.SCMContainerPlacementRandom.chooseDatanodes(SCMContainerPlacementRandom.java:78)
	at org.apache.hadoop.hdds.scm.container.ReplicationManager.handleUnderReplicatedContainer(ReplicationManager.java:1221)
	at org.apache.hadoop.hdds.scm.container.ReplicationManager.processContainer(ReplicationManager.java:559)
	at org.apache.hadoop.hdds.scm.container.ReplicationManager.processAll(ReplicationManager.java:383)
	at org.apache.hadoop.hdds.scm.container.ReplicationManager.run(ReplicationManager.java:403)
	at java.lang.Thread.run(Thread.java:750)
2022-03-04 14:01:20,464 [ReplicationMonitor] ERROR scm.SCMCommonPlacementPolicy (SCMCommonPlacementPolicy.java:chooseDatanodes(140)) - No healthy node found to allocate container.
2022-03-04 14:01:20,464 [ReplicationMonitor] WARN  container.ReplicationManager (ReplicationManager.java:handleUnderReplicatedContainer(1257)) - Exception while replicating container 4.
org.apache.hadoop.hdds.scm.exceptions.SCMException: No healthy node found to allocate container.
	at org.apache.hadoop.hdds.scm.SCMCommonPlacementPolicy.chooseDatanodes(SCMCommonPlacementPolicy.java:141)
	at org.apache.hadoop.hdds.scm.container.placement.algorithms.SCMContainerPlacementRandom.chooseDatanodes(SCMContainerPlacementRandom.java:78)
	at org.apache.hadoop.hdds.scm.container.ReplicationManager.handleUnderReplicatedContainer(ReplicationManager.java:1221)
	at org.apache.hadoop.hdds.scm.container.ReplicationManager.processContainer(ReplicationManager.java:559)
	at org.apache.hadoop.hdds.scm.container.ReplicationManager.processAll(ReplicationManager.java:383)
	at org.apache.hadoop.hdds.scm.container.ReplicationManager.run(ReplicationManager.java:403)
	at java.lang.Thread.run(Thread.java:750)
2022-03-04 14:01:20,464 [ReplicationMonitor] ERROR scm.SCMCommonPlacementPolicy (SCMCommonPlacementPolicy.java:chooseDatanodes(140)) - No healthy node found to allocate container.
2022-03-04 14:01:20,464 [ReplicationMonitor] WARN  container.ReplicationManager (ReplicationManager.java:handleUnderReplicatedContainer(1257)) - Exception while replicating container 5.
org.apache.hadoop.hdds.scm.exceptions.SCMException: No healthy node found to allocate container.
	at org.apache.hadoop.hdds.scm.SCMCommonPlacementPolicy.chooseDatanodes(SCMCommonPlacementPolicy.java:141)
	at org.apache.hadoop.hdds.scm.container.placement.algorithms.SCMContainerPlacementRandom.chooseDatanodes(SCMContainerPlacementRandom.java:78)
	at org.apache.hadoop.hdds.scm.container.ReplicationManager.handleUnderReplicatedContainer(ReplicationManager.java:1221)
	at org.apache.hadoop.hdds.scm.container.ReplicationManager.processContainer(ReplicationManager.java:559)
	at org.apache.hadoop.hdds.scm.container.ReplicationManager.processAll(ReplicationManager.java:383)
	at org.apache.hadoop.hdds.scm.container.ReplicationManager.run(ReplicationManager.java:403)
	at java.lang.Thread.run(Thread.java:750)
2022-03-04 14:01:20,464 [ReplicationMonitor] ERROR scm.SCMCommonPlacementPolicy (SCMCommonPlacementPolicy.java:chooseDatanodes(140)) - No healthy node found to allocate container.
2022-03-04 14:01:20,464 [ReplicationMonitor] WARN  container.ReplicationManager (ReplicationManager.java:handleUnderReplicatedContainer(1257)) - Exception while replicating container 6.
org.apache.hadoop.hdds.scm.exceptions.SCMException: No healthy node found to allocate container.
	at org.apache.hadoop.hdds.scm.SCMCommonPlacementPolicy.chooseDatanodes(SCMCommonPlacementPolicy.java:141)
	at org.apache.hadoop.hdds.scm.container.placement.algorithms.SCMContainerPlacementRandom.chooseDatanodes(SCMContainerPlacementRandom.java:78)
	at org.apache.hadoop.hdds.scm.container.ReplicationManager.handleUnderReplicatedContainer(ReplicationManager.java:1221)
	at org.apache.hadoop.hdds.scm.container.ReplicationManager.processContainer(ReplicationManager.java:559)
	at org.apache.hadoop.hdds.scm.container.ReplicationManager.processAll(ReplicationManager.java:383)
	at org.apache.hadoop.hdds.scm.container.ReplicationManager.run(ReplicationManager.java:403)
	at java.lang.Thread.run(Thread.java:750)
2022-03-04 14:01:20,464 [ReplicationMonitor] INFO  container.ReplicationManager (ReplicationManager.java:processAll(387)) - Replication Monitor Thread took 1 milliseconds for processing 6 containers.
2022-03-04 14:01:21,337 [EventQueue-StaleNodeForStaleNodeHandler] INFO  node.StaleNodeHandler (StaleNodeHandler.java:onMessage(58)) - Datanode 9c2a821a-d00f-4116-a8fa-c740af3038b6{ip: 10.1.0.50, host: fv-az294-754.eaanfquahm5ulb5tj050gcxych.jx.internal.cloudapp.net, ports: [REPLICATION=38289, RATIS=44521, RATIS_ADMIN=44521, RATIS_SERVER=44521, STANDALONE=41355], networkLocation: /default-rack, certSerialId: null, persistedOpState: IN_SERVICE, persistedOpStateExpiryEpochSec: 0} moved to stale state. Finalizing its pipelines [PipelineID=0e2b2cae-0f65-4565-b7a2-3ee42b5ca2a9]
2022-03-04 14:01:21,338 [EventQueue-StaleNodeForStaleNodeHandler] INFO  pipeline.PipelineManagerImpl (PipelineManagerImpl.java:closePipeline(365)) - Pipeline Pipeline[ Id: 0e2b2cae-0f65-4565-b7a2-3ee42b5ca2a9, Nodes: 9c2a821a-d00f-4116-a8fa-c740af3038b6{ip: 10.1.0.50, host: fv-az294-754.eaanfquahm5ulb5tj050gcxych.jx.internal.cloudapp.net, ports: [REPLICATION=38289, RATIS=44521, RATIS_ADMIN=44521, RATIS_SERVER=44521, STANDALONE=41355], networkLocation: /default-rack, certSerialId: null, persistedOpState: IN_SERVICE, persistedOpStateExpiryEpochSec: 0}, ReplicationConfig: RATIS/ONE, State:OPEN, leaderId:9c2a821a-d00f-4116-a8fa-c740af3038b6, CreationTimestamp2022-03-04T14:00:07.137Z[Etc/UTC]] moved to CLOSED state
2022-03-04 14:01:21,465 [ReplicationMonitor] ERROR scm.SCMCommonPlacementPolicy (SCMCommonPlacementPolicy.java:chooseDatanodes(140)) - No healthy node found to allocate container.
2022-03-04 14:01:21,465 [ReplicationMonitor] WARN  container.ReplicationManager (ReplicationManager.java:handleUnderReplicatedContainer(1257)) - Exception while replicating container 1.
org.apache.hadoop.hdds.scm.exceptions.SCMException: No healthy node found to allocate container.
	at org.apache.hadoop.hdds.scm.SCMCommonPlacementPolicy.chooseDatanodes(SCMCommonPlacementPolicy.java:141)
	at org.apache.hadoop.hdds.scm.container.placement.algorithms.SCMContainerPlacementRandom.chooseDatanodes(SCMContainerPlacementRandom.java:78)
	at org.apache.hadoop.hdds.scm.container.ReplicationManager.handleUnderReplicatedContainer(ReplicationManager.java:1221)
	at org.apache.hadoop.hdds.scm.container.ReplicationManager.processContainer(ReplicationManager.java:559)
	at org.apache.hadoop.hdds.scm.container.ReplicationManager.processAll(ReplicationManager.java:383)
	at org.apache.hadoop.hdds.scm.container.ReplicationManager.run(ReplicationManager.java:403)
	at java.lang.Thread.run(Thread.java:750)
2022-03-04 14:01:21,465 [ReplicationMonitor] ERROR scm.SCMCommonPlacementPolicy (SCMCommonPlacementPolicy.java:chooseDatanodes(140)) - No healthy node found to allocate container.
2022-03-04 14:01:21,465 [ReplicationMonitor] WARN  container.ReplicationManager (ReplicationManager.java:handleUnderReplicatedContainer(1257)) - Exception while replicating container 2.
org.apache.hadoop.hdds.scm.exceptions.SCMException: No healthy node found to allocate container.
	at org.apache.hadoop.hdds.scm.SCMCommonPlacementPolicy.chooseDatanodes(SCMCommonPlacementPolicy.java:141)
	at org.apache.hadoop.hdds.scm.container.placement.algorithms.SCMContainerPlacementRandom.chooseDatanodes(SCMContainerPlacementRandom.java:78)
	at org.apache.hadoop.hdds.scm.container.ReplicationManager.handleUnderReplicatedContainer(ReplicationManager.java:1221)
	at org.apache.hadoop.hdds.scm.container.ReplicationManager.processContainer(ReplicationManager.java:559)
	at org.apache.hadoop.hdds.scm.container.ReplicationManager.processAll(ReplicationManager.java:383)
	at org.apache.hadoop.hdds.scm.container.ReplicationManager.run(ReplicationManager.java:403)
	at java.lang.Thread.run(Thread.java:750)
2022-03-04 14:01:21,465 [ReplicationMonitor] ERROR scm.SCMCommonPlacementPolicy (SCMCommonPlacementPolicy.java:chooseDatanodes(140)) - No healthy node found to allocate container.
2022-03-04 14:01:21,465 [ReplicationMonitor] WARN  container.ReplicationManager (ReplicationManager.java:handleUnderReplicatedContainer(1257)) - Exception while replicating container 3.
org.apache.hadoop.hdds.scm.exceptions.SCMException: No healthy node found to allocate container.
	at org.apache.hadoop.hdds.scm.SCMCommonPlacementPolicy.chooseDatanodes(SCMCommonPlacementPolicy.java:141)
	at org.apache.hadoop.hdds.scm.container.placement.algorithms.SCMContainerPlacementRandom.chooseDatanodes(SCMContainerPlacementRandom.java:78)
	at org.apache.hadoop.hdds.scm.container.ReplicationManager.handleUnderReplicatedContainer(ReplicationManager.java:1221)
	at org.apache.hadoop.hdds.scm.container.ReplicationManager.processContainer(ReplicationManager.java:559)
	at org.apache.hadoop.hdds.scm.container.ReplicationManager.processAll(ReplicationManager.java:383)
	at org.apache.hadoop.hdds.scm.container.ReplicationManager.run(ReplicationManager.java:403)
	at java.lang.Thread.run(Thread.java:750)
2022-03-04 14:01:21,465 [ReplicationMonitor] ERROR scm.SCMCommonPlacementPolicy (SCMCommonPlacementPolicy.java:chooseDatanodes(140)) - No healthy node found to allocate container.
2022-03-04 14:01:21,465 [ReplicationMonitor] WARN  container.ReplicationManager (ReplicationManager.java:handleUnderReplicatedContainer(1257)) - Exception while replicating container 4.
org.apache.hadoop.hdds.scm.exceptions.SCMException: No healthy node found to allocate container.
	at org.apache.hadoop.hdds.scm.SCMCommonPlacementPolicy.chooseDatanodes(SCMCommonPlacementPolicy.java:141)
	at org.apache.hadoop.hdds.scm.container.placement.algorithms.SCMContainerPlacementRandom.chooseDatanodes(SCMContainerPlacementRandom.java:78)
	at org.apache.hadoop.hdds.scm.container.ReplicationManager.handleUnderReplicatedContainer(ReplicationManager.java:1221)
	at org.apache.hadoop.hdds.scm.container.ReplicationManager.processContainer(ReplicationManager.java:559)
	at org.apache.hadoop.hdds.scm.container.ReplicationManager.processAll(ReplicationManager.java:383)
	at org.apache.hadoop.hdds.scm.container.ReplicationManager.run(ReplicationManager.java:403)
	at java.lang.Thread.run(Thread.java:750)
2022-03-04 14:01:21,466 [ReplicationMonitor] ERROR scm.SCMCommonPlacementPolicy (SCMCommonPlacementPolicy.java:chooseDatanodes(140)) - No healthy node found to allocate container.
2022-03-04 14:01:21,466 [ReplicationMonitor] WARN  container.ReplicationManager (ReplicationManager.java:handleUnderReplicatedContainer(1257)) - Exception while replicating container 5.
org.apache.hadoop.hdds.scm.exceptions.SCMException: No healthy node found to allocate container.
	at org.apache.hadoop.hdds.scm.SCMCommonPlacementPolicy.chooseDatanodes(SCMCommonPlacementPolicy.java:141)
	at org.apache.hadoop.hdds.scm.container.placement.algorithms.SCMContainerPlacementRandom.chooseDatanodes(SCMContainerPlacementRandom.java:78)
	at org.apache.hadoop.hdds.scm.container.ReplicationManager.handleUnderReplicatedContainer(ReplicationManager.java:1221)
	at org.apache.hadoop.hdds.scm.container.ReplicationManager.processContainer(ReplicationManager.java:559)
	at org.apache.hadoop.hdds.scm.container.ReplicationManager.processAll(ReplicationManager.java:383)
	at org.apache.hadoop.hdds.scm.container.ReplicationManager.run(ReplicationManager.java:403)
	at java.lang.Thread.run(Thread.java:750)
2022-03-04 14:01:21,466 [ReplicationMonitor] ERROR scm.SCMCommonPlacementPolicy (SCMCommonPlacementPolicy.java:chooseDatanodes(140)) - No healthy node found to allocate container.
2022-03-04 14:01:21,466 [ReplicationMonitor] WARN  container.ReplicationManager (ReplicationManager.java:handleUnderReplicatedContainer(1257)) - Exception while replicating container 6.
org.apache.hadoop.hdds.scm.exceptions.SCMException: No healthy node found to allocate container.
	at org.apache.hadoop.hdds.scm.SCMCommonPlacementPolicy.chooseDatanodes(SCMCommonPlacementPolicy.java:141)
	at org.apache.hadoop.hdds.scm.container.placement.algorithms.SCMContainerPlacementRandom.chooseDatanodes(SCMContainerPlacementRandom.java:78)
	at org.apache.hadoop.hdds.scm.container.ReplicationManager.handleUnderReplicatedContainer(ReplicationManager.java:1221)
	at org.apache.hadoop.hdds.scm.container.ReplicationManager.processContainer(ReplicationManager.java:559)
	at org.apache.hadoop.hdds.scm.container.ReplicationManager.processAll(ReplicationManager.java:383)
	at org.apache.hadoop.hdds.scm.container.ReplicationManager.run(ReplicationManager.java:403)
	at java.lang.Thread.run(Thread.java:750)
2022-03-04 14:01:21,466 [ReplicationMonitor] INFO  container.ReplicationManager (ReplicationManager.java:processAll(387)) - Replication Monitor Thread took 1 milliseconds for processing 6 containers.
2022-03-04 14:01:21,638 [EventQueue-StaleNodeForStaleNodeHandler] INFO  node.StaleNodeHandler (StaleNodeHandler.java:onMessage(58)) - Datanode 8584c99c-b1f6-49cb-b2cc-ee99e5d5bcfa{ip: 10.1.0.50, host: fv-az294-754.eaanfquahm5ulb5tj050gcxych.jx.internal.cloudapp.net, ports: [REPLICATION=44081, RATIS=38771, RATIS_ADMIN=38771, RATIS_SERVER=38771, STANDALONE=39225], networkLocation: /default-rack, certSerialId: null, persistedOpState: IN_SERVICE, persistedOpStateExpiryEpochSec: 0} moved to stale state. Finalizing its pipelines [PipelineID=942e1923-e352-4969-af4d-882e41e23b7b]
2022-03-04 14:01:21,638 [EventQueue-StaleNodeForStaleNodeHandler] INFO  pipeline.PipelineManagerImpl (PipelineManagerImpl.java:closePipeline(365)) - Pipeline Pipeline[ Id: 942e1923-e352-4969-af4d-882e41e23b7b, Nodes: 8584c99c-b1f6-49cb-b2cc-ee99e5d5bcfa{ip: 10.1.0.50, host: fv-az294-754.eaanfquahm5ulb5tj050gcxych.jx.internal.cloudapp.net, ports: [REPLICATION=44081, RATIS=38771, RATIS_ADMIN=38771, RATIS_SERVER=38771, STANDALONE=39225], networkLocation: /default-rack, certSerialId: null, persistedOpState: IN_MAINTENANCE, persistedOpStateExpiryEpochSec: 0}, ReplicationConfig: RATIS/ONE, State:OPEN, leaderId:8584c99c-b1f6-49cb-b2cc-ee99e5d5bcfa, CreationTimestamp2022-03-04T14:00:45.371Z[Etc/UTC]] moved to CLOSED state
2022-03-04 14:01:22,466 [ReplicationMonitor] WARN  container.ReplicationManager (ReplicationManager.java:handleUnderReplicatedContainer(1253)) - Cannot replicate container #1, no healthy replica found.
2022-03-04 14:01:22,466 [ReplicationMonitor] WARN  container.ReplicationManager (ReplicationManager.java:handleUnderReplicatedContainer(1253)) - Cannot replicate container #2, no healthy replica found.
2022-03-04 14:01:22,466 [ReplicationMonitor] WARN  container.ReplicationManager (ReplicationManager.java:handleUnderReplicatedContainer(1253)) - Cannot replicate container #3, no healthy replica found.
2022-03-04 14:01:22,466 [ReplicationMonitor] WARN  container.ReplicationManager (ReplicationManager.java:handleUnderReplicatedContainer(1253)) - Cannot replicate container #4, no healthy replica found.
2022-03-04 14:01:22,466 [ReplicationMonitor] WARN  container.ReplicationManager (ReplicationManager.java:handleUnderReplicatedContainer(1253)) - Cannot replicate container #5, no healthy replica found.
2022-03-04 14:01:22,466 [ReplicationMonitor] WARN  container.ReplicationManager (ReplicationManager.java:handleUnderReplicatedContainer(1253)) - Cannot replicate container #6, no healthy replica found.
2022-03-04 14:01:22,466 [ReplicationMonitor] INFO  container.ReplicationManager (ReplicationManager.java:processAll(387)) - Replication Monitor Thread took 0 milliseconds for processing 6 containers.
2022-03-04 14:01:23,467 [ReplicationMonitor] WARN  container.ReplicationManager (ReplicationManager.java:handleUnderReplicatedContainer(1253)) - Cannot replicate container #1, no healthy replica found.
2022-03-04 14:01:23,467 [ReplicationMonitor] WARN  container.ReplicationManager (ReplicationManager.java:handleUnderReplicatedContainer(1253)) - Cannot replicate container #2, no healthy replica found.
2022-03-04 14:01:23,467 [ReplicationMonitor] WARN  container.ReplicationManager (ReplicationManager.java:handleUnderReplicatedContainer(1253)) - Cannot replicate container #3, no healthy replica found.
2022-03-04 14:01:23,467 [ReplicationMonitor] WARN  container.ReplicationManager (ReplicationManager.java:handleUnderReplicatedContainer(1253)) - Cannot replicate container #4, no healthy replica found.
2022-03-04 14:01:23,467 [ReplicationMonitor] WARN  container.ReplicationManager (ReplicationManager.java:handleUnderReplicatedContainer(1253)) - Cannot replicate container #5, no healthy replica found.
2022-03-04 14:01:23,467 [ReplicationMonitor] WARN  container.ReplicationManager (ReplicationManager.java:handleUnderReplicatedContainer(1253)) - Cannot replicate container #6, no healthy replica found.
2022-03-04 14:01:23,467 [ReplicationMonitor] INFO  container.ReplicationManager (ReplicationManager.java:processAll(387)) - Replication Monitor Thread took 0 milliseconds for processing 6 containers.
2022-03-04 14:01:23,592 [Mini-Cluster-Provider-Reap] INFO  ozoneimpl.OzoneContainer (OzoneContainer.java:stop(356)) - Attempting to stop container services.
2022-03-04 14:01:23,599 [Mini-Cluster-Provider-Reap] INFO  server.RaftServer (RaftServerProxy.java:lambda$close$6(391)) - 9c2a821a-d00f-4116-a8fa-c740af3038b6: close
2022-03-04 14:01:23,599 [Mini-Cluster-Provider-Reap] INFO  server.RaftServer$Division (RaftServerImpl.java:lambda$close$4(412)) - 9c2a821a-d00f-4116-a8fa-c740af3038b6@group-3EE42B5CA2A9: shutdown
2022-03-04 14:01:23,599 [Mini-Cluster-Provider-Reap] INFO  util.JmxRegister (JmxRegister.java:unregister(73)) - Successfully un-registered JMX Bean with object name Ratis:service=RaftServer,group=group-3EE42B5CA2A9,id=9c2a821a-d00f-4116-a8fa-c740af3038b6
2022-03-04 14:01:23,599 [Mini-Cluster-Provider-Reap] INFO  impl.RoleInfo (RoleInfo.java:shutdownLeaderState(91)) - 9c2a821a-d00f-4116-a8fa-c740af3038b6: shutdown 9c2a821a-d00f-4116-a8fa-c740af3038b6@group-3EE42B5CA2A9-LeaderStateImpl
2022-03-04 14:01:23,600 [Mini-Cluster-Provider-Reap] INFO  impl.PendingRequests (PendingRequests.java:sendNotLeaderResponses(282)) - 9c2a821a-d00f-4116-a8fa-c740af3038b6@group-3EE42B5CA2A9-PendingRequests: sendNotLeaderResponses
2022-03-04 14:01:23,600 [Mini-Cluster-Provider-Reap] INFO  impl.StateMachineUpdater (StateMachineUpdater.java:stopAndJoin(149)) - 9c2a821a-d00f-4116-a8fa-c740af3038b6@group-3EE42B5CA2A9-StateMachineUpdater: set stopIndex = 0
2022-03-04 14:01:23,600 [9c2a821a-d00f-4116-a8fa-c740af3038b6@group-3EE42B5CA2A9-StateMachineUpdater] INFO  ratis.ContainerStateMachine (ContainerStateMachine.java:takeSnapshot(304)) - group-3EE42B5CA2A9: Taking a snapshot at:(t:1, i:0) file /home/runner/work/ozone/ozone/hadoop-ozone/integration-test/target/test-dir/MiniOzoneClusterImpl-10321a66-a57b-4da4-a5d8-14fb1947f354/datanode-4/data/ratis/0e2b2cae-0f65-4565-b7a2-3ee42b5ca2a9/sm/snapshot.1_0
2022-03-04 14:01:23,601 [9c2a821a-d00f-4116-a8fa-c740af3038b6@group-3EE42B5CA2A9-StateMachineUpdater] INFO  ratis.ContainerStateMachine (ContainerStateMachine.java:takeSnapshot(315)) - group-3EE42B5CA2A9: Finished taking a snapshot at:(t:1, i:0) file:/home/runner/work/ozone/ozone/hadoop-ozone/integration-test/target/test-dir/MiniOzoneClusterImpl-10321a66-a57b-4da4-a5d8-14fb1947f354/datanode-4/data/ratis/0e2b2cae-0f65-4565-b7a2-3ee42b5ca2a9/sm/snapshot.1_0 took: 1 ms
2022-03-04 14:01:23,602 [9c2a821a-d00f-4116-a8fa-c740af3038b6@group-3EE42B5CA2A9-StateMachineUpdater] INFO  impl.StateMachineUpdater (StateMachineUpdater.java:takeSnapshot(281)) - 9c2a821a-d00f-4116-a8fa-c740af3038b6@group-3EE42B5CA2A9-StateMachineUpdater: Took a snapshot at index 0
2022-03-04 14:01:23,602 [9c2a821a-d00f-4116-a8fa-c740af3038b6@group-3EE42B5CA2A9-StateMachineUpdater] INFO  impl.StateMachineUpdater (StateMachineUpdater.java:lambda$new$0(89)) - 9c2a821a-d00f-4116-a8fa-c740af3038b6@group-3EE42B5CA2A9-StateMachineUpdater: snapshotIndex: updateIncreasingly -1 -> 0
2022-03-04 14:01:23,602 [Mini-Cluster-Provider-Reap] INFO  server.RaftServer$Division (ServerState.java:close(419)) - 9c2a821a-d00f-4116-a8fa-c740af3038b6@group-3EE42B5CA2A9: closes. applyIndex: 0
2022-03-04 14:01:23,605 [9c2a821a-d00f-4116-a8fa-c740af3038b6@group-3EE42B5CA2A9-SegmentedRaftLogWorker] INFO  segmented.SegmentedRaftLogWorker (SegmentedRaftLogWorker.java:run(327)) - 9c2a821a-d00f-4116-a8fa-c740af3038b6@group-3EE42B5CA2A9-SegmentedRaftLogWorker was interrupted, exiting. There are 0 tasks remaining in the queue.
2022-03-04 14:01:23,608 [Mini-Cluster-Provider-Reap] INFO  segmented.SegmentedRaftLogWorker (SegmentedRaftLogWorker.java:close(237)) - 9c2a821a-d00f-4116-a8fa-c740af3038b6@group-3EE42B5CA2A9-SegmentedRaftLogWorker close()
2022-03-04 14:01:23,608 [Mini-Cluster-Provider-Reap] INFO  server.GrpcService (GrpcService.java:closeImpl(262)) - 9c2a821a-d00f-4116-a8fa-c740af3038b6: shutdown server with port 44521 now
2022-03-04 14:01:23,609 [grpc-default-executor-4] WARN  client.GrpcClientProtocolService (LogUtils.java:warn(122)) - 1-UnorderedRequestStreamObserver1: onError: org.apache.ratis.thirdparty.io.grpc.StatusRuntimeException: CANCELLED: client cancelled
2022-03-04 14:01:23,613 [Mini-Cluster-Provider-Reap] INFO  server.GrpcService (GrpcService.java:closeImpl(271)) - 9c2a821a-d00f-4116-a8fa-c740af3038b6: shutdown server with port 44521 successfully
2022-03-04 14:01:23,613 [org.apache.ratis.util.JvmPauseMonitor$$Lambda$538/576839739@c2cebf0] INFO  util.JvmPauseMonitor (JvmPauseMonitor.java:run(109)) - JvmPauseMonitor-9c2a821a-d00f-4116-a8fa-c740af3038b6: Stopped
2022-03-04 14:01:24,154 [ForkJoinPool.commonPool-worker-1] INFO  ozoneimpl.OzoneContainer (OzoneContainer.java:stop(356)) - Attempting to stop container services.
2022-03-04 14:01:24,155 [ForkJoinPool.commonPool-worker-1] INFO  server.RaftServer (RaftServerProxy.java:lambda$close$6(391)) - 8584c99c-b1f6-49cb-b2cc-ee99e5d5bcfa: close
2022-03-04 14:01:24,155 [ForkJoinPool.commonPool-worker-1] INFO  server.RaftServer$Division (RaftServerImpl.java:lambda$close$4(412)) - 8584c99c-b1f6-49cb-b2cc-ee99e5d5bcfa@group-882E41E23B7B: shutdown
2022-03-04 14:01:24,155 [ForkJoinPool.commonPool-worker-1] INFO  util.JmxRegister (JmxRegister.java:unregister(73)) - Successfully un-registered JMX Bean with object name Ratis:service=RaftServer,group=group-882E41E23B7B,id=8584c99c-b1f6-49cb-b2cc-ee99e5d5bcfa
2022-03-04 14:01:24,155 [ForkJoinPool.commonPool-worker-1] INFO  impl.RoleInfo (RoleInfo.java:shutdownLeaderState(91)) - 8584c99c-b1f6-49cb-b2cc-ee99e5d5bcfa: shutdown 8584c99c-b1f6-49cb-b2cc-ee99e5d5bcfa@group-882E41E23B7B-LeaderStateImpl
2022-03-04 14:01:24,155 [ForkJoinPool.commonPool-worker-1] INFO  impl.PendingRequests (PendingRequests.java:sendNotLeaderResponses(282)) - 8584c99c-b1f6-49cb-b2cc-ee99e5d5bcfa@group-882E41E23B7B-PendingRequests: sendNotLeaderResponses
2022-03-04 14:01:24,156 [ForkJoinPool.commonPool-worker-1] INFO  impl.StateMachineUpdater (StateMachineUpdater.java:stopAndJoin(149)) - 8584c99c-b1f6-49cb-b2cc-ee99e5d5bcfa@group-882E41E23B7B-StateMachineUpdater: set stopIndex = 0
2022-03-04 14:01:24,156 [8584c99c-b1f6-49cb-b2cc-ee99e5d5bcfa@group-882E41E23B7B-StateMachineUpdater] INFO  ratis.ContainerStateMachine (ContainerStateMachine.java:takeSnapshot(304)) - group-882E41E23B7B: Taking a snapshot at:(t:1, i:0) file /home/runner/work/ozone/ozone/hadoop-ozone/integration-test/target/test-dir/MiniOzoneClusterImpl-10321a66-a57b-4da4-a5d8-14fb1947f354/datanode-0/data/ratis/942e1923-e352-4969-af4d-882e41e23b7b/sm/snapshot.1_0
2022-03-04 14:01:24,157 [8584c99c-b1f6-49cb-b2cc-ee99e5d5bcfa@group-882E41E23B7B-StateMachineUpdater] INFO  ratis.ContainerStateMachine (ContainerStateMachine.java:takeSnapshot(315)) - group-882E41E23B7B: Finished taking a snapshot at:(t:1, i:0) file:/home/runner/work/ozone/ozone/hadoop-ozone/integration-test/target/test-dir/MiniOzoneClusterImpl-10321a66-a57b-4da4-a5d8-14fb1947f354/datanode-0/data/ratis/942e1923-e352-4969-af4d-882e41e23b7b/sm/snapshot.1_0 took: 1 ms
2022-03-04 14:01:24,157 [8584c99c-b1f6-49cb-b2cc-ee99e5d5bcfa@group-882E41E23B7B-StateMachineUpdater] INFO  impl.StateMachineUpdater (StateMachineUpdater.java:takeSnapshot(281)) - 8584c99c-b1f6-49cb-b2cc-ee99e5d5bcfa@group-882E41E23B7B-StateMachineUpdater: Took a snapshot at index 0
2022-03-04 14:01:24,157 [8584c99c-b1f6-49cb-b2cc-ee99e5d5bcfa@group-882E41E23B7B-StateMachineUpdater] INFO  impl.StateMachineUpdater (StateMachineUpdater.java:lambda$new$0(89)) - 8584c99c-b1f6-49cb-b2cc-ee99e5d5bcfa@group-882E41E23B7B-StateMachineUpdater: snapshotIndex: updateIncreasingly -1 -> 0
2022-03-04 14:01:24,158 [ForkJoinPool.commonPool-worker-1] INFO  server.RaftServer$Division (ServerState.java:close(419)) - 8584c99c-b1f6-49cb-b2cc-ee99e5d5bcfa@group-882E41E23B7B: closes. applyIndex: 0
2022-03-04 14:01:24,158 [8584c99c-b1f6-49cb-b2cc-ee99e5d5bcfa@group-882E41E23B7B-SegmentedRaftLogWorker] INFO  segmented.SegmentedRaftLogWorker (SegmentedRaftLogWorker.java:run(327)) - 8584c99c-b1f6-49cb-b2cc-ee99e5d5bcfa@group-882E41E23B7B-SegmentedRaftLogWorker was interrupted, exiting. There are 0 tasks remaining in the queue.
2022-03-04 14:01:24,158 [ForkJoinPool.commonPool-worker-1] INFO  segmented.SegmentedRaftLogWorker (SegmentedRaftLogWorker.java:close(237)) - 8584c99c-b1f6-49cb-b2cc-ee99e5d5bcfa@group-882E41E23B7B-SegmentedRaftLogWorker close()
2022-03-04 14:01:24,171 [ForkJoinPool.commonPool-worker-1] INFO  server.GrpcService (GrpcService.java:closeImpl(262)) - 8584c99c-b1f6-49cb-b2cc-ee99e5d5bcfa: shutdown server with port 38771 now
2022-03-04 14:01:24,174 [ForkJoinPool.commonPool-worker-1] INFO  server.GrpcService (GrpcService.java:closeImpl(271)) - 8584c99c-b1f6-49cb-b2cc-ee99e5d5bcfa: shutdown server with port 38771 successfully
2022-03-04 14:01:24,174 [org.apache.ratis.util.JvmPauseMonitor$$Lambda$538/576839739@72cbac73] INFO  util.JvmPauseMonitor (JvmPauseMonitor.java:run(109)) - JvmPauseMonitor-8584c99c-b1f6-49cb-b2cc-ee99e5d5bcfa: Stopped
2022-03-04 14:01:24,251 [EventQueue-DeadNodeForDeadNodeHandler] INFO  node.DeadNodeHandler (DeadNodeHandler.java:onMessage(80)) - A dead datanode is detected. 9c2a821a-d00f-4116-a8fa-c740af3038b6{ip: 10.1.0.50, host: fv-az294-754.eaanfquahm5ulb5tj050gcxych.jx.internal.cloudapp.net, ports: [REPLICATION=38289, RATIS=44521, RATIS_ADMIN=44521, RATIS_SERVER=44521, STANDALONE=41355], networkLocation: /default-rack, certSerialId: null, persistedOpState: IN_SERVICE, persistedOpStateExpiryEpochSec: 0}
2022-03-04 14:01:24,251 [EventQueue-DeadNodeForDeadNodeHandler] INFO  pipeline.RatisPipelineProvider (RatisPipelineProvider.java:lambda$close$1(222)) - Send pipeline:PipelineID=0e2b2cae-0f65-4565-b7a2-3ee42b5ca2a9 close command to datanode 9c2a821a-d00f-4116-a8fa-c740af3038b6
2022-03-04 14:01:24,251 [EventQueue-DeadNodeForDeadNodeHandler] INFO  pipeline.PipelineStateManagerImpl (PipelineStateManagerImpl.java:removePipeline(223)) - Pipeline Pipeline[ Id: 0e2b2cae-0f65-4565-b7a2-3ee42b5ca2a9, Nodes: 9c2a821a-d00f-4116-a8fa-c740af3038b6{ip: 10.1.0.50, host: fv-az294-754.eaanfquahm5ulb5tj050gcxych.jx.internal.cloudapp.net, ports: [REPLICATION=38289, RATIS=44521, RATIS_ADMIN=44521, RATIS_SERVER=44521, STANDALONE=41355], networkLocation: /default-rack, certSerialId: null, persistedOpState: IN_SERVICE, persistedOpStateExpiryEpochSec: 0}, ReplicationConfig: RATIS/ONE, State:CLOSED, leaderId:9c2a821a-d00f-4116-a8fa-c740af3038b6, CreationTimestamp2022-03-04T14:00:07.137Z[Etc/UTC]] removed.
2022-03-04 14:01:24,251 [EventQueue-DeadNodeForDeadNodeHandler] INFO  net.NetworkTopologyImpl (NetworkTopologyImpl.java:remove(137)) - Removed a node: /default-rack/9c2a821a-d00f-4116-a8fa-c740af3038b6
2022-03-04 14:01:24,467 [ReplicationMonitor] WARN  container.ReplicationManager (ReplicationManager.java:handleUnderReplicatedContainer(1253)) - Cannot replicate container #1, no healthy replica found.
2022-03-04 14:01:24,468 [ReplicationMonitor] WARN  container.ReplicationManager (ReplicationManager.java:handleUnderReplicatedContainer(1253)) - Cannot replicate container #2, no healthy replica found.
2022-03-04 14:01:24,468 [ReplicationMonitor] WARN  container.ReplicationManager (ReplicationManager.java:handleUnderReplicatedContainer(1253)) - Cannot replicate container #3, no healthy replica found.
2022-03-04 14:01:24,468 [ReplicationMonitor] WARN  container.ReplicationManager (ReplicationManager.java:handleUnderReplicatedContainer(1253)) - Cannot replicate container #4, no healthy replica found.
2022-03-04 14:01:24,468 [ReplicationMonitor] WARN  container.ReplicationManager (ReplicationManager.java:handleUnderReplicatedContainer(1253)) - Cannot replicate container #5, no healthy replica found.
2022-03-04 14:01:24,468 [ReplicationMonitor] WARN  container.ReplicationManager (ReplicationManager.java:handleUnderReplicatedContainer(1253)) - Cannot replicate container #6, no healthy replica found.
2022-03-04 14:01:24,468 [ReplicationMonitor] INFO  container.ReplicationManager (ReplicationManager.java:processAll(387)) - Replication Monitor Thread took 1 milliseconds for processing 6 containers.
2022-03-04 14:01:24,551 [EventQueue-DeadNodeForDeadNodeHandler] INFO  node.DeadNodeHandler (DeadNodeHandler.java:onMessage(80)) - A dead datanode is detected. 8584c99c-b1f6-49cb-b2cc-ee99e5d5bcfa{ip: 10.1.0.50, host: fv-az294-754.eaanfquahm5ulb5tj050gcxych.jx.internal.cloudapp.net, ports: [REPLICATION=44081, RATIS=38771, RATIS_ADMIN=38771, RATIS_SERVER=38771, STANDALONE=39225], networkLocation: /default-rack, certSerialId: null, persistedOpState: IN_SERVICE, persistedOpStateExpiryEpochSec: 0}
2022-03-04 14:01:24,551 [EventQueue-DeadNodeForDeadNodeHandler] INFO  pipeline.RatisPipelineProvider (RatisPipelineProvider.java:lambda$close$1(222)) - Send pipeline:PipelineID=942e1923-e352-4969-af4d-882e41e23b7b close command to datanode 8584c99c-b1f6-49cb-b2cc-ee99e5d5bcfa
2022-03-04 14:01:24,552 [EventQueue-DeadNodeForDeadNodeHandler] INFO  pipeline.PipelineStateManagerImpl (PipelineStateManagerImpl.java:removePipeline(223)) - Pipeline Pipeline[ Id: 942e1923-e352-4969-af4d-882e41e23b7b, Nodes: 8584c99c-b1f6-49cb-b2cc-ee99e5d5bcfa{ip: 10.1.0.50, host: fv-az294-754.eaanfquahm5ulb5tj050gcxych.jx.internal.cloudapp.net, ports: [REPLICATION=44081, RATIS=38771, RATIS_ADMIN=38771, RATIS_SERVER=38771, STANDALONE=39225], networkLocation: /default-rack, certSerialId: null, persistedOpState: IN_MAINTENANCE, persistedOpStateExpiryEpochSec: 0}, ReplicationConfig: RATIS/ONE, State:CLOSED, leaderId:8584c99c-b1f6-49cb-b2cc-ee99e5d5bcfa, CreationTimestamp2022-03-04T14:00:45.371Z[Etc/UTC]] removed.
2022-03-04 14:01:24,552 [EventQueue-DeadNodeForDeadNodeHandler] INFO  net.NetworkTopologyImpl (NetworkTopologyImpl.java:remove(137)) - Removed a node: /default-rack/8584c99c-b1f6-49cb-b2cc-ee99e5d5bcfa
2022-03-04 14:01:25,468 [ReplicationMonitor] WARN  container.ReplicationManager (ReplicationManager.java:handleUnderReplicatedContainer(1253)) - Cannot replicate container #1, no healthy replica found.
2022-03-04 14:01:25,468 [ReplicationMonitor] WARN  container.ReplicationManager (ReplicationManager.java:handleUnderReplicatedContainer(1253)) - Cannot replicate container #2, no healthy replica found.
2022-03-04 14:01:25,468 [ReplicationMonitor] WARN  container.ReplicationManager (ReplicationManager.java:handleUnderReplicatedContainer(1253)) - Cannot replicate container #3, no healthy replica found.
2022-03-04 14:01:25,468 [ReplicationMonitor] WARN  container.ReplicationManager (ReplicationManager.java:handleUnderReplicatedContainer(1253)) - Cannot replicate container #4, no healthy replica found.
2022-03-04 14:01:25,468 [ReplicationMonitor] WARN  container.ReplicationManager (ReplicationManager.java:handleUnderReplicatedContainer(1253)) - Cannot replicate container #5, no healthy replica found.
2022-03-04 14:01:25,468 [ReplicationMonitor] WARN  container.ReplicationManager (ReplicationManager.java:handleUnderReplicatedContainer(1253)) - Cannot replicate container #6, no healthy replica found.
2022-03-04 14:01:25,469 [ReplicationMonitor] INFO  container.ReplicationManager (ReplicationManager.java:processAll(387)) - Replication Monitor Thread took 0 milliseconds for processing 6 containers.
2022-03-04 14:01:25,647 [Mini-Cluster-Provider-Reap] INFO  utils.BackgroundService (BackgroundService.java:shutdown(132)) - Shutting down service BlockDeletingService
2022-03-04 14:01:26,221 [ForkJoinPool.commonPool-worker-1] INFO  utils.BackgroundService (BackgroundService.java:shutdown(132)) - Shutting down service BlockDeletingService
2022-03-04 14:01:26,469 [ReplicationMonitor] WARN  container.ReplicationManager (ReplicationManager.java:handleUnderReplicatedContainer(1253)) - Cannot replicate container #1, no healthy replica found.
2022-03-04 14:01:26,469 [ReplicationMonitor] WARN  container.ReplicationManager (ReplicationManager.java:handleUnderReplicatedContainer(1253)) - Cannot replicate container #2, no healthy replica found.
2022-03-04 14:01:26,469 [ReplicationMonitor] WARN  container.ReplicationManager (ReplicationManager.java:handleUnderReplicatedContainer(1253)) - Cannot replicate container #3, no healthy replica found.
2022-03-04 14:01:26,469 [ReplicationMonitor] WARN  container.ReplicationManager (ReplicationManager.java:handleUnderReplicatedContainer(1253)) - Cannot replicate container #4, no healthy replica found.
2022-03-04 14:01:26,469 [ReplicationMonitor] WARN  container.ReplicationManager (ReplicationManager.java:handleUnderReplicatedContainer(1253)) - Cannot replicate container #5, no healthy replica found.
2022-03-04 14:01:26,469 [ReplicationMonitor] WARN  container.ReplicationManager (ReplicationManager.java:handleUnderReplicatedContainer(1253)) - Cannot replicate container #6, no healthy replica found.
2022-03-04 14:01:26,469 [ReplicationMonitor] INFO  container.ReplicationManager (ReplicationManager.java:processAll(387)) - Replication Monitor Thread took 0 milliseconds for processing 6 containers.
2022-03-04 14:01:27,471 [ReplicationMonitor] WARN  container.ReplicationManager (ReplicationManager.java:handleUnderReplicatedContainer(1253)) - Cannot replicate container #1, no healthy replica found.
2022-03-04 14:01:27,471 [ReplicationMonitor] WARN  container.ReplicationManager (ReplicationManager.java:handleUnderReplicatedContainer(1253)) - Cannot replicate container #2, no healthy replica found.
2022-03-04 14:01:27,471 [ReplicationMonitor] WARN  container.ReplicationManager (ReplicationManager.java:handleUnderReplicatedContainer(1253)) - Cannot replicate container #3, no healthy replica found.
2022-03-04 14:01:27,471 [ReplicationMonitor] WARN  container.ReplicationManager (ReplicationManager.java:handleUnderReplicatedContainer(1253)) - Cannot replicate container #4, no healthy replica found.
2022-03-04 14:01:27,471 [ReplicationMonitor] WARN  container.ReplicationManager (ReplicationManager.java:handleUnderReplicatedContainer(1253)) - Cannot replicate container #5, no healthy replica found.
2022-03-04 14:01:27,471 [ReplicationMonitor] WARN  container.ReplicationManager (ReplicationManager.java:handleUnderReplicatedContainer(1253)) - Cannot replicate container #6, no healthy replica found.
2022-03-04 14:01:27,471 [ReplicationMonitor] INFO  container.ReplicationManager (ReplicationManager.java:processAll(387)) - Replication Monitor Thread took 0 milliseconds for processing 6 containers.
2022-03-04 14:01:28,472 [ReplicationMonitor] WARN  container.ReplicationManager (ReplicationManager.java:handleUnderReplicatedContainer(1253)) - Cannot replicate container #1, no healthy replica found.
2022-03-04 14:01:28,472 [ReplicationMonitor] WARN  container.ReplicationManager (ReplicationManager.java:handleUnderReplicatedContainer(1253)) - Cannot replicate container #2, no healthy replica found.
2022-03-04 14:01:28,472 [ReplicationMonitor] WARN  container.ReplicationManager (ReplicationManager.java:handleUnderReplicatedContainer(1253)) - Cannot replicate container #3, no healthy replica found.
2022-03-04 14:01:28,472 [ReplicationMonitor] WARN  container.ReplicationManager (ReplicationManager.java:handleUnderReplicatedContainer(1253)) - Cannot replicate container #4, no healthy replica found.
2022-03-04 14:01:28,472 [ReplicationMonitor] WARN  container.ReplicationManager (ReplicationManager.java:handleUnderReplicatedContainer(1253)) - Cannot replicate container #5, no healthy replica found.
2022-03-04 14:01:28,472 [ReplicationMonitor] WARN  container.ReplicationManager (ReplicationManager.java:handleUnderReplicatedContainer(1253)) - Cannot replicate container #6, no healthy replica found.
2022-03-04 14:01:28,472 [ReplicationMonitor] INFO  container.ReplicationManager (ReplicationManager.java:processAll(387)) - Replication Monitor Thread took 0 milliseconds for processing 6 containers.
2022-03-04 14:01:28,649 [Mini-Cluster-Provider-Reap] INFO  statemachine.DatanodeStateMachine (DatanodeStateMachine.java:stopDaemon(529)) - Ozone container server stopped.
2022-03-04 14:01:28,652 [Mini-Cluster-Provider-Reap] INFO  handler.ContextHandler (ContextHandler.java:doStop(1153)) - Stopped o.e.j.w.WebAppContext@16e2880a{hddsDatanode,/,null,STOPPED}{jar:file:/home/runner/.m2/repository/org/apache/ozone/hdds-container-service/1.3.0-SNAPSHOT/hdds-container-service-1.3.0-SNAPSHOT.jar!/webapps/hddsDatanode}
2022-03-04 14:01:28,674 [Mini-Cluster-Provider-Reap] INFO  server.AbstractConnector (AbstractConnector.java:doStop(381)) - Stopped ServerConnector@112cb5b7{HTTP/1.1, (http/1.1)}{0.0.0.0:0}
2022-03-04 14:01:28,674 [Mini-Cluster-Provider-Reap] INFO  server.session (HouseKeeper.java:stopScavenging(149)) - node0 Stopped scavenging
2022-03-04 14:01:28,675 [Mini-Cluster-Provider-Reap] INFO  handler.ContextHandler (ContextHandler.java:doStop(1153)) - Stopped o.e.j.s.ServletContextHandler@778d226a{static,/static,jar:file:/home/runner/.m2/repository/org/apache/ozone/hdds-container-service/1.3.0-SNAPSHOT/hdds-container-service-1.3.0-SNAPSHOT.jar!/webapps/static,STOPPED}
2022-03-04 14:01:28,675 [Mini-Cluster-Provider-Reap] INFO  handler.ContextHandler (ContextHandler.java:doStop(1153)) - Stopped o.e.j.s.ServletContextHandler@363497c0{logs,/logs,file:///home/runner/work/ozone/ozone/hadoop-ozone/integration-test/target/log,STOPPED}
2022-03-04 14:01:29,230 [ForkJoinPool.commonPool-worker-1] INFO  statemachine.DatanodeStateMachine (DatanodeStateMachine.java:stopDaemon(529)) - Ozone container server stopped.
2022-03-04 14:01:29,233 [ForkJoinPool.commonPool-worker-1] INFO  handler.ContextHandler (ContextHandler.java:doStop(1153)) - Stopped o.e.j.w.WebAppContext@3f3389d5{hddsDatanode,/,null,STOPPED}{jar:file:/home/runner/.m2/repository/org/apache/ozone/hdds-container-service/1.3.0-SNAPSHOT/hdds-container-service-1.3.0-SNAPSHOT.jar!/webapps/hddsDatanode}
2022-03-04 14:01:29,250 [ForkJoinPool.commonPool-worker-1] INFO  server.AbstractConnector (AbstractConnector.java:doStop(381)) - Stopped ServerConnector@1b30b9b0{HTTP/1.1, (http/1.1)}{0.0.0.0:0}
2022-03-04 14:01:29,250 [ForkJoinPool.commonPool-worker-1] INFO  server.session (HouseKeeper.java:stopScavenging(149)) - node0 Stopped scavenging
2022-03-04 14:01:29,251 [ForkJoinPool.commonPool-worker-1] INFO  handler.ContextHandler (ContextHandler.java:doStop(1153)) - Stopped o.e.j.s.ServletContextHandler@72b9c8c4{static,/static,jar:file:/home/runner/.m2/repository/org/apache/ozone/hdds-container-service/1.3.0-SNAPSHOT/hdds-container-service-1.3.0-SNAPSHOT.jar!/webapps/static,STOPPED}
2022-03-04 14:01:29,251 [ForkJoinPool.commonPool-worker-1] INFO  handler.ContextHandler (ContextHandler.java:doStop(1153)) - Stopped o.e.j.s.ServletContextHandler@3f095422{logs,/logs,file:///home/runner/work/ozone/ozone/hadoop-ozone/integration-test/target/log,STOPPED}
2022-03-04 14:01:29,254 [Mini-Cluster-Provider-Reap] INFO  ozone.MiniOzoneClusterImpl (MiniOzoneClusterImpl.java:stopSCM(538)) - Stopping the StorageContainerManager
2022-03-04 14:01:29,255 [Mini-Cluster-Provider-Reap] INFO  server.StorageContainerManager (StorageContainerManager.java:stop(1414)) - Stopping Container Balancer service.
2022-03-04 14:01:29,255 [Mini-Cluster-Provider-Reap] INFO  balancer.ContainerBalancer (ContainerBalancer.java:stop(788)) - Container Balancer is not running.
2022-03-04 14:01:29,255 [Mini-Cluster-Provider-Reap] INFO  server.StorageContainerManager (StorageContainerManager.java:stop(1421)) - Stopping Replication Manager Service.
2022-03-04 14:01:29,255 [Mini-Cluster-Provider-Reap] INFO  container.ReplicationManager (ReplicationManager.java:stop(357)) - Stopping Replication Monitor Thread.
2022-03-04 14:01:29,255 [Mini-Cluster-Provider-Reap] INFO  server.StorageContainerManager (StorageContainerManager.java:stop(1428)) - Stopping the Datanode Admin Monitor.
2022-03-04 14:01:29,255 [Mini-Cluster-Provider-Reap] INFO  server.StorageContainerManager (StorageContainerManager.java:stop(1435)) - Stopping Lease Manager of the command watchers
2022-03-04 14:01:29,255 [Mini-Cluster-Provider-Reap] INFO  server.StorageContainerManager (StorageContainerManager.java:stop(1442)) - Stopping datanode service RPC server
2022-03-04 14:01:29,255 [Mini-Cluster-Provider-Reap] INFO  server.SCMDatanodeProtocolServer (SCMDatanodeProtocolServer.java:stop(400)) - Stopping the RPC server for DataNodes
2022-03-04 14:01:29,256 [Mini-Cluster-Provider-Reap] INFO  ipc.Server (Server.java:stop(3414)) - Stopping server on 45211
2022-03-04 14:01:29,259 [IPC Server Responder] INFO  ipc.Server (Server.java:run(1512)) - Stopping IPC Server Responder
2022-03-04 14:01:29,259 [IPC Server listener on 0] INFO  ipc.Server (Server.java:run(1376)) - Stopping IPC Server listener on 0
2022-03-04 14:01:29,272 [SCM Heartbeat Processing Thread - 0] WARN  node.NodeStateManager (NodeStateManager.java:scheduleNextHealthCheck(815)) - Current Thread is interrupted, shutting down HB processing thread for Node Manager.
2022-03-04 14:01:29,272 [Mini-Cluster-Provider-Reap] INFO  server.StorageContainerManager (StorageContainerManager.java:stop(1450)) - Stopping block service RPC server
2022-03-04 14:01:29,272 [Mini-Cluster-Provider-Reap] INFO  server.SCMBlockProtocolServer (SCMBlockProtocolServer.java:stop(160)) - Stopping the RPC server for Block Protocol
2022-03-04 14:01:29,281 [Mini-Cluster-Provider-Reap] INFO  ipc.Server (Server.java:stop(3414)) - Stopping server on 35197
2022-03-04 14:01:29,289 [Mini-Cluster-Provider-Reap] INFO  server.StorageContainerManager (StorageContainerManager.java:stop(1457)) - Stopping the StorageContainerLocationProtocol RPC server
2022-03-04 14:01:29,290 [Mini-Cluster-Provider-Reap] INFO  server.SCMClientProtocolServer (SCMClientProtocolServer.java:stop(174)) - Stopping the RPC server for Client Protocol
2022-03-04 14:01:29,290 [Mini-Cluster-Provider-Reap] INFO  ipc.Server (Server.java:stop(3414)) - Stopping server on 33125
2022-03-04 14:01:29,298 [IPC Server listener on 0] INFO  ipc.Server (Server.java:run(1376)) - Stopping IPC Server listener on 0
2022-03-04 14:01:29,298 [Mini-Cluster-Provider-Reap] INFO  server.StorageContainerManager (StorageContainerManager.java:stop(1464)) - Stopping Storage Container Manager HTTP server.
2022-03-04 14:01:29,298 [IPC Server Responder] INFO  ipc.Server (Server.java:run(1512)) - Stopping IPC Server Responder
2022-03-04 14:01:29,301 [Mini-Cluster-Provider-Reap] INFO  handler.ContextHandler (ContextHandler.java:doStop(1153)) - Stopped o.e.j.w.WebAppContext@76425275{scm,/,null,STOPPED}{file:/home/runner/work/ozone/ozone/hadoop-ozone/integration-test/target/test-classes/webapps/scm}
2022-03-04 14:01:29,315 [IPC Server listener on 0] INFO  ipc.Server (Server.java:run(1376)) - Stopping IPC Server listener on 0
2022-03-04 14:01:29,315 [IPC Server Responder] INFO  ipc.Server (Server.java:run(1512)) - Stopping IPC Server Responder
2022-03-04 14:01:29,319 [Mini-Cluster-Provider-Reap] INFO  server.AbstractConnector (AbstractConnector.java:doStop(381)) - Stopped ServerConnector@3b052466{HTTP/1.1, (http/1.1)}{0.0.0.0:0}
2022-03-04 14:01:29,319 [Mini-Cluster-Provider-Reap] INFO  server.session (HouseKeeper.java:stopScavenging(149)) - node0 Stopped scavenging
2022-03-04 14:01:29,319 [Mini-Cluster-Provider-Reap] INFO  handler.ContextHandler (ContextHandler.java:doStop(1153)) - Stopped o.e.j.s.ServletContextHandler@36e317e9{static,/static,file:///home/runner/work/ozone/ozone/hadoop-ozone/integration-test/target/test-classes/webapps/static,STOPPED}
2022-03-04 14:01:29,319 [Mini-Cluster-Provider-Reap] INFO  handler.ContextHandler (ContextHandler.java:doStop(1153)) - Stopped o.e.j.s.ServletContextHandler@198331e{logs,/logs,file:///home/runner/work/ozone/ozone/hadoop-ozone/integration-test/target/log,STOPPED}
2022-03-04 14:01:29,320 [Mini-Cluster-Provider-Reap] INFO  server.StorageContainerManager (StorageContainerManager.java:stop(1475)) - Stopping Block Manager Service.
2022-03-04 14:01:29,320 [Mini-Cluster-Provider-Reap] INFO  utils.BackgroundService (BackgroundService.java:shutdown(132)) - Shutting down service SCMBlockDeletingService
2022-03-04 14:01:29,320 [Mini-Cluster-Provider-Reap] INFO  utils.BackgroundService (BackgroundService.java:shutdown(132)) - Shutting down service SCMBlockDeletingService
2022-03-04 14:01:29,321 [Mini-Cluster-Provider-Reap] INFO  server.StorageContainerManager (StorageContainerManager.java:stop(1502)) - Stopping SCM Event Queue.
2022-03-04 14:01:29,329 [Mini-Cluster-Provider-Reap] INFO  server.StorageContainerManager (StorageContainerManager.java:stop(1513)) - Stopping SCM HA services.
2022-03-04 14:01:29,329 [Mini-Cluster-Provider-Reap] INFO  pipeline.BackgroundPipelineCreator (BackgroundPipelineCreator.java:stop(158)) - Stopping RatisPipelineUtilsThread.
2022-03-04 14:01:29,329 [Mini-Cluster-Provider-Reap] INFO  server.StorageContainerManager (StorageContainerManager.java:stop(1523)) - Stopping SCM MetadataStore.
2022-03-04 14:01:29,330 [Mini-Cluster-Provider-Reap] INFO  impl.MetricsSystemImpl (MetricsSystemImpl.java:stop(205)) - HddsDatanode metrics system stopped (again)
]]></system-out>
  </testcase>
  <testcase name="testSingleNodeWithOpenPipelineCanGotoMaintenance" classname="org.apache.hadoop.ozone.scm.node.TestDecommissionAndMaintenance" time="100.003">
    <error message="Failed to obtain available cluster in time" type="java.io.IOException">java.io.IOException: Failed to obtain available cluster in time
	at org.apache.hadoop.ozone.MiniOzoneClusterProvider.provide(MiniOzoneClusterProvider.java:162)
	at org.apache.hadoop.ozone.scm.node.TestDecommissionAndMaintenance.setUp(TestDecommissionAndMaintenance.java:146)
	at sun.reflect.NativeMethodAccessorImpl.invoke0(Native Method)
	at sun.reflect.NativeMethodAccessorImpl.invoke(NativeMethodAccessorImpl.java:62)
	at sun.reflect.DelegatingMethodAccessorImpl.invoke(DelegatingMethodAccessorImpl.java:43)
	at java.lang.reflect.Method.invoke(Method.java:498)
	at org.junit.runners.model.FrameworkMethod$1.runReflectiveCall(FrameworkMethod.java:59)
	at org.junit.internal.runners.model.ReflectiveCallable.run(ReflectiveCallable.java:12)
	at org.junit.runners.model.FrameworkMethod.invokeExplosively(FrameworkMethod.java:56)
	at org.junit.internal.runners.statements.RunBefores.invokeMethod(RunBefores.java:33)
	at org.junit.internal.runners.statements.RunBefores.evaluate(RunBefores.java:24)
	at org.junit.internal.runners.statements.RunAfters.evaluate(RunAfters.java:27)
	at org.junit.runners.ParentRunner$3.evaluate(ParentRunner.java:306)
	at org.junit.runners.BlockJUnit4ClassRunner$1.evaluate(BlockJUnit4ClassRunner.java:100)
	at org.junit.runners.ParentRunner.runLeaf(ParentRunner.java:366)
	at org.junit.runners.BlockJUnit4ClassRunner.runChild(BlockJUnit4ClassRunner.java:103)
	at org.junit.runners.BlockJUnit4ClassRunner.runChild(BlockJUnit4ClassRunner.java:63)
	at org.junit.runners.ParentRunner$4.run(ParentRunner.java:331)
	at org.junit.runners.ParentRunner$1.schedule(ParentRunner.java:79)
	at org.junit.runners.ParentRunner.runChildren(ParentRunner.java:329)
	at org.junit.runners.ParentRunner.access$100(ParentRunner.java:66)
	at org.junit.runners.ParentRunner$2.evaluate(ParentRunner.java:293)
	at org.junit.internal.runners.statements.RunBefores.evaluate(RunBefores.java:26)
	at org.junit.internal.runners.statements.RunAfters.evaluate(RunAfters.java:27)
	at org.junit.runners.ParentRunner$3.evaluate(ParentRunner.java:306)
	at org.junit.runners.ParentRunner.run(ParentRunner.java:413)
	at org.junit.runner.JUnitCore.run(JUnitCore.java:137)
	at org.junit.runner.JUnitCore.run(JUnitCore.java:115)
	at org.junit.vintage.engine.execution.RunnerExecutor.execute(RunnerExecutor.java:43)
	at java.util.stream.ForEachOps$ForEachOp$OfRef.accept(ForEachOps.java:183)
	at java.util.stream.ReferencePipeline$3$1.accept(ReferencePipeline.java:193)
	at java.util.Iterator.forEachRemaining(Iterator.java:116)
	at java.util.Spliterators$IteratorSpliterator.forEachRemaining(Spliterators.java:1801)
	at java.util.stream.AbstractPipeline.copyInto(AbstractPipeline.java:482)
	at java.util.stream.AbstractPipeline.wrapAndCopyInto(AbstractPipeline.java:472)
	at java.util.stream.ForEachOps$ForEachOp.evaluateSequential(ForEachOps.java:150)
	at java.util.stream.ForEachOps$ForEachOp$OfRef.evaluateSequential(ForEachOps.java:173)
	at java.util.stream.AbstractPipeline.evaluate(AbstractPipeline.java:234)
	at java.util.stream.ReferencePipeline.forEach(ReferencePipeline.java:485)
	at org.junit.vintage.engine.VintageTestEngine.executeAllChildren(VintageTestEngine.java:82)
	at org.junit.vintage.engine.VintageTestEngine.execute(VintageTestEngine.java:73)
	at org.junit.platform.launcher.core.EngineExecutionOrchestrator.execute(EngineExecutionOrchestrator.java:108)
	at org.junit.platform.launcher.core.EngineExecutionOrchestrator.execute(EngineExecutionOrchestrator.java:88)
	at org.junit.platform.launcher.core.EngineExecutionOrchestrator.lambda$execute$0(EngineExecutionOrchestrator.java:54)
	at org.junit.platform.launcher.core.EngineExecutionOrchestrator.withInterceptedStreams(EngineExecutionOrchestrator.java:67)
	at org.junit.platform.launcher.core.EngineExecutionOrchestrator.execute(EngineExecutionOrchestrator.java:52)
	at org.junit.platform.launcher.core.DefaultLauncher.execute(DefaultLauncher.java:96)
	at org.junit.platform.launcher.core.DefaultLauncher.execute(DefaultLauncher.java:75)
	at org.apache.maven.surefire.junitplatform.JUnitPlatformProvider.invokeAllTests(JUnitPlatformProvider.java:142)
	at org.apache.maven.surefire.junitplatform.JUnitPlatformProvider.invoke(JUnitPlatformProvider.java:113)
	at org.apache.maven.surefire.booter.ForkedBooter.invokeProviderInSameClassLoader(ForkedBooter.java:384)
	at org.apache.maven.surefire.booter.ForkedBooter.runSuitesInProcess(ForkedBooter.java:345)
	at org.apache.maven.surefire.booter.ForkedBooter.execute(ForkedBooter.java:126)
	at org.apache.maven.surefire.booter.ForkedBooter.main(ForkedBooter.java:418)
</error>
  </testcase>
  <testcase name="testSCMHandlesRestartForMaintenanceNode" classname="org.apache.hadoop.ozone.scm.node.TestDecommissionAndMaintenance" time="100.001">
    <error message="Failed to obtain available cluster in time" type="java.io.IOException">java.io.IOException: Failed to obtain available cluster in time
	at org.apache.hadoop.ozone.MiniOzoneClusterProvider.provide(MiniOzoneClusterProvider.java:162)
	at org.apache.hadoop.ozone.scm.node.TestDecommissionAndMaintenance.setUp(TestDecommissionAndMaintenance.java:146)
	at sun.reflect.NativeMethodAccessorImpl.invoke0(Native Method)
	at sun.reflect.NativeMethodAccessorImpl.invoke(NativeMethodAccessorImpl.java:62)
	at sun.reflect.DelegatingMethodAccessorImpl.invoke(DelegatingMethodAccessorImpl.java:43)
	at java.lang.reflect.Method.invoke(Method.java:498)
	at org.junit.runners.model.FrameworkMethod$1.runReflectiveCall(FrameworkMethod.java:59)
	at org.junit.internal.runners.model.ReflectiveCallable.run(ReflectiveCallable.java:12)
	at org.junit.runners.model.FrameworkMethod.invokeExplosively(FrameworkMethod.java:56)
	at org.junit.internal.runners.statements.RunBefores.invokeMethod(RunBefores.java:33)
	at org.junit.internal.runners.statements.RunBefores.evaluate(RunBefores.java:24)
	at org.junit.internal.runners.statements.RunAfters.evaluate(RunAfters.java:27)
	at org.junit.runners.ParentRunner$3.evaluate(ParentRunner.java:306)
	at org.junit.runners.BlockJUnit4ClassRunner$1.evaluate(BlockJUnit4ClassRunner.java:100)
	at org.junit.runners.ParentRunner.runLeaf(ParentRunner.java:366)
	at org.junit.runners.BlockJUnit4ClassRunner.runChild(BlockJUnit4ClassRunner.java:103)
	at org.junit.runners.BlockJUnit4ClassRunner.runChild(BlockJUnit4ClassRunner.java:63)
	at org.junit.runners.ParentRunner$4.run(ParentRunner.java:331)
	at org.junit.runners.ParentRunner$1.schedule(ParentRunner.java:79)
	at org.junit.runners.ParentRunner.runChildren(ParentRunner.java:329)
	at org.junit.runners.ParentRunner.access$100(ParentRunner.java:66)
	at org.junit.runners.ParentRunner$2.evaluate(ParentRunner.java:293)
	at org.junit.internal.runners.statements.RunBefores.evaluate(RunBefores.java:26)
	at org.junit.internal.runners.statements.RunAfters.evaluate(RunAfters.java:27)
	at org.junit.runners.ParentRunner$3.evaluate(ParentRunner.java:306)
	at org.junit.runners.ParentRunner.run(ParentRunner.java:413)
	at org.junit.runner.JUnitCore.run(JUnitCore.java:137)
	at org.junit.runner.JUnitCore.run(JUnitCore.java:115)
	at org.junit.vintage.engine.execution.RunnerExecutor.execute(RunnerExecutor.java:43)
	at java.util.stream.ForEachOps$ForEachOp$OfRef.accept(ForEachOps.java:183)
	at java.util.stream.ReferencePipeline$3$1.accept(ReferencePipeline.java:193)
	at java.util.Iterator.forEachRemaining(Iterator.java:116)
	at java.util.Spliterators$IteratorSpliterator.forEachRemaining(Spliterators.java:1801)
	at java.util.stream.AbstractPipeline.copyInto(AbstractPipeline.java:482)
	at java.util.stream.AbstractPipeline.wrapAndCopyInto(AbstractPipeline.java:472)
	at java.util.stream.ForEachOps$ForEachOp.evaluateSequential(ForEachOps.java:150)
	at java.util.stream.ForEachOps$ForEachOp$OfRef.evaluateSequential(ForEachOps.java:173)
	at java.util.stream.AbstractPipeline.evaluate(AbstractPipeline.java:234)
	at java.util.stream.ReferencePipeline.forEach(ReferencePipeline.java:485)
	at org.junit.vintage.engine.VintageTestEngine.executeAllChildren(VintageTestEngine.java:82)
	at org.junit.vintage.engine.VintageTestEngine.execute(VintageTestEngine.java:73)
	at org.junit.platform.launcher.core.EngineExecutionOrchestrator.execute(EngineExecutionOrchestrator.java:108)
	at org.junit.platform.launcher.core.EngineExecutionOrchestrator.execute(EngineExecutionOrchestrator.java:88)
	at org.junit.platform.launcher.core.EngineExecutionOrchestrator.lambda$execute$0(EngineExecutionOrchestrator.java:54)
	at org.junit.platform.launcher.core.EngineExecutionOrchestrator.withInterceptedStreams(EngineExecutionOrchestrator.java:67)
	at org.junit.platform.launcher.core.EngineExecutionOrchestrator.execute(EngineExecutionOrchestrator.java:52)
	at org.junit.platform.launcher.core.DefaultLauncher.execute(DefaultLauncher.java:96)
	at org.junit.platform.launcher.core.DefaultLauncher.execute(DefaultLauncher.java:75)
	at org.apache.maven.surefire.junitplatform.JUnitPlatformProvider.invokeAllTests(JUnitPlatformProvider.java:142)
	at org.apache.maven.surefire.junitplatform.JUnitPlatformProvider.invoke(JUnitPlatformProvider.java:113)
	at org.apache.maven.surefire.booter.ForkedBooter.invokeProviderInSameClassLoader(ForkedBooter.java:384)
	at org.apache.maven.surefire.booter.ForkedBooter.runSuitesInProcess(ForkedBooter.java:345)
	at org.apache.maven.surefire.booter.ForkedBooter.execute(ForkedBooter.java:126)
	at org.apache.maven.surefire.booter.ForkedBooter.main(ForkedBooter.java:418)
</error>
  </testcase>
  <testcase name="testStoppedDecommissionedNodeTakesSCMStateOnRestart" classname="org.apache.hadoop.ozone.scm.node.TestDecommissionAndMaintenance" time="100.001">
    <error message="Failed to obtain available cluster in time" type="java.io.IOException">java.io.IOException: Failed to obtain available cluster in time
	at org.apache.hadoop.ozone.MiniOzoneClusterProvider.provide(MiniOzoneClusterProvider.java:162)
	at org.apache.hadoop.ozone.scm.node.TestDecommissionAndMaintenance.setUp(TestDecommissionAndMaintenance.java:146)
	at sun.reflect.NativeMethodAccessorImpl.invoke0(Native Method)
	at sun.reflect.NativeMethodAccessorImpl.invoke(NativeMethodAccessorImpl.java:62)
	at sun.reflect.DelegatingMethodAccessorImpl.invoke(DelegatingMethodAccessorImpl.java:43)
	at java.lang.reflect.Method.invoke(Method.java:498)
	at org.junit.runners.model.FrameworkMethod$1.runReflectiveCall(FrameworkMethod.java:59)
	at org.junit.internal.runners.model.ReflectiveCallable.run(ReflectiveCallable.java:12)
	at org.junit.runners.model.FrameworkMethod.invokeExplosively(FrameworkMethod.java:56)
	at org.junit.internal.runners.statements.RunBefores.invokeMethod(RunBefores.java:33)
	at org.junit.internal.runners.statements.RunBefores.evaluate(RunBefores.java:24)
	at org.junit.internal.runners.statements.RunAfters.evaluate(RunAfters.java:27)
	at org.junit.runners.ParentRunner$3.evaluate(ParentRunner.java:306)
	at org.junit.runners.BlockJUnit4ClassRunner$1.evaluate(BlockJUnit4ClassRunner.java:100)
	at org.junit.runners.ParentRunner.runLeaf(ParentRunner.java:366)
	at org.junit.runners.BlockJUnit4ClassRunner.runChild(BlockJUnit4ClassRunner.java:103)
	at org.junit.runners.BlockJUnit4ClassRunner.runChild(BlockJUnit4ClassRunner.java:63)
	at org.junit.runners.ParentRunner$4.run(ParentRunner.java:331)
	at org.junit.runners.ParentRunner$1.schedule(ParentRunner.java:79)
	at org.junit.runners.ParentRunner.runChildren(ParentRunner.java:329)
	at org.junit.runners.ParentRunner.access$100(ParentRunner.java:66)
	at org.junit.runners.ParentRunner$2.evaluate(ParentRunner.java:293)
	at org.junit.internal.runners.statements.RunBefores.evaluate(RunBefores.java:26)
	at org.junit.internal.runners.statements.RunAfters.evaluate(RunAfters.java:27)
	at org.junit.runners.ParentRunner$3.evaluate(ParentRunner.java:306)
	at org.junit.runners.ParentRunner.run(ParentRunner.java:413)
	at org.junit.runner.JUnitCore.run(JUnitCore.java:137)
	at org.junit.runner.JUnitCore.run(JUnitCore.java:115)
	at org.junit.vintage.engine.execution.RunnerExecutor.execute(RunnerExecutor.java:43)
	at java.util.stream.ForEachOps$ForEachOp$OfRef.accept(ForEachOps.java:183)
	at java.util.stream.ReferencePipeline$3$1.accept(ReferencePipeline.java:193)
	at java.util.Iterator.forEachRemaining(Iterator.java:116)
	at java.util.Spliterators$IteratorSpliterator.forEachRemaining(Spliterators.java:1801)
	at java.util.stream.AbstractPipeline.copyInto(AbstractPipeline.java:482)
	at java.util.stream.AbstractPipeline.wrapAndCopyInto(AbstractPipeline.java:472)
	at java.util.stream.ForEachOps$ForEachOp.evaluateSequential(ForEachOps.java:150)
	at java.util.stream.ForEachOps$ForEachOp$OfRef.evaluateSequential(ForEachOps.java:173)
	at java.util.stream.AbstractPipeline.evaluate(AbstractPipeline.java:234)
	at java.util.stream.ReferencePipeline.forEach(ReferencePipeline.java:485)
	at org.junit.vintage.engine.VintageTestEngine.executeAllChildren(VintageTestEngine.java:82)
	at org.junit.vintage.engine.VintageTestEngine.execute(VintageTestEngine.java:73)
	at org.junit.platform.launcher.core.EngineExecutionOrchestrator.execute(EngineExecutionOrchestrator.java:108)
	at org.junit.platform.launcher.core.EngineExecutionOrchestrator.execute(EngineExecutionOrchestrator.java:88)
	at org.junit.platform.launcher.core.EngineExecutionOrchestrator.lambda$execute$0(EngineExecutionOrchestrator.java:54)
	at org.junit.platform.launcher.core.EngineExecutionOrchestrator.withInterceptedStreams(EngineExecutionOrchestrator.java:67)
	at org.junit.platform.launcher.core.EngineExecutionOrchestrator.execute(EngineExecutionOrchestrator.java:52)
	at org.junit.platform.launcher.core.DefaultLauncher.execute(DefaultLauncher.java:96)
	at org.junit.platform.launcher.core.DefaultLauncher.execute(DefaultLauncher.java:75)
	at org.apache.maven.surefire.junitplatform.JUnitPlatformProvider.invokeAllTests(JUnitPlatformProvider.java:142)
	at org.apache.maven.surefire.junitplatform.JUnitPlatformProvider.invoke(JUnitPlatformProvider.java:113)
	at org.apache.maven.surefire.booter.ForkedBooter.invokeProviderInSameClassLoader(ForkedBooter.java:384)
	at org.apache.maven.surefire.booter.ForkedBooter.runSuitesInProcess(ForkedBooter.java:345)
	at org.apache.maven.surefire.booter.ForkedBooter.execute(ForkedBooter.java:126)
	at org.apache.maven.surefire.booter.ForkedBooter.main(ForkedBooter.java:418)
</error>
  </testcase>
  <testcase name="testEnteringMaintenanceNodeCompletesAfterSCMRestart" classname="org.apache.hadoop.ozone.scm.node.TestDecommissionAndMaintenance" time="100.003">
    <error message="Failed to obtain available cluster in time" type="java.io.IOException">java.io.IOException: Failed to obtain available cluster in time
	at org.apache.hadoop.ozone.MiniOzoneClusterProvider.provide(MiniOzoneClusterProvider.java:162)
	at org.apache.hadoop.ozone.scm.node.TestDecommissionAndMaintenance.setUp(TestDecommissionAndMaintenance.java:146)
	at sun.reflect.NativeMethodAccessorImpl.invoke0(Native Method)
	at sun.reflect.NativeMethodAccessorImpl.invoke(NativeMethodAccessorImpl.java:62)
	at sun.reflect.DelegatingMethodAccessorImpl.invoke(DelegatingMethodAccessorImpl.java:43)
	at java.lang.reflect.Method.invoke(Method.java:498)
	at org.junit.runners.model.FrameworkMethod$1.runReflectiveCall(FrameworkMethod.java:59)
	at org.junit.internal.runners.model.ReflectiveCallable.run(ReflectiveCallable.java:12)
	at org.junit.runners.model.FrameworkMethod.invokeExplosively(FrameworkMethod.java:56)
	at org.junit.internal.runners.statements.RunBefores.invokeMethod(RunBefores.java:33)
	at org.junit.internal.runners.statements.RunBefores.evaluate(RunBefores.java:24)
	at org.junit.internal.runners.statements.RunAfters.evaluate(RunAfters.java:27)
	at org.junit.runners.ParentRunner$3.evaluate(ParentRunner.java:306)
	at org.junit.runners.BlockJUnit4ClassRunner$1.evaluate(BlockJUnit4ClassRunner.java:100)
	at org.junit.runners.ParentRunner.runLeaf(ParentRunner.java:366)
	at org.junit.runners.BlockJUnit4ClassRunner.runChild(BlockJUnit4ClassRunner.java:103)
	at org.junit.runners.BlockJUnit4ClassRunner.runChild(BlockJUnit4ClassRunner.java:63)
	at org.junit.runners.ParentRunner$4.run(ParentRunner.java:331)
	at org.junit.runners.ParentRunner$1.schedule(ParentRunner.java:79)
	at org.junit.runners.ParentRunner.runChildren(ParentRunner.java:329)
	at org.junit.runners.ParentRunner.access$100(ParentRunner.java:66)
	at org.junit.runners.ParentRunner$2.evaluate(ParentRunner.java:293)
	at org.junit.internal.runners.statements.RunBefores.evaluate(RunBefores.java:26)
	at org.junit.internal.runners.statements.RunAfters.evaluate(RunAfters.java:27)
	at org.junit.runners.ParentRunner$3.evaluate(ParentRunner.java:306)
	at org.junit.runners.ParentRunner.run(ParentRunner.java:413)
	at org.junit.runner.JUnitCore.run(JUnitCore.java:137)
	at org.junit.runner.JUnitCore.run(JUnitCore.java:115)
	at org.junit.vintage.engine.execution.RunnerExecutor.execute(RunnerExecutor.java:43)
	at java.util.stream.ForEachOps$ForEachOp$OfRef.accept(ForEachOps.java:183)
	at java.util.stream.ReferencePipeline$3$1.accept(ReferencePipeline.java:193)
	at java.util.Iterator.forEachRemaining(Iterator.java:116)
	at java.util.Spliterators$IteratorSpliterator.forEachRemaining(Spliterators.java:1801)
	at java.util.stream.AbstractPipeline.copyInto(AbstractPipeline.java:482)
	at java.util.stream.AbstractPipeline.wrapAndCopyInto(AbstractPipeline.java:472)
	at java.util.stream.ForEachOps$ForEachOp.evaluateSequential(ForEachOps.java:150)
	at java.util.stream.ForEachOps$ForEachOp$OfRef.evaluateSequential(ForEachOps.java:173)
	at java.util.stream.AbstractPipeline.evaluate(AbstractPipeline.java:234)
	at java.util.stream.ReferencePipeline.forEach(ReferencePipeline.java:485)
	at org.junit.vintage.engine.VintageTestEngine.executeAllChildren(VintageTestEngine.java:82)
	at org.junit.vintage.engine.VintageTestEngine.execute(VintageTestEngine.java:73)
	at org.junit.platform.launcher.core.EngineExecutionOrchestrator.execute(EngineExecutionOrchestrator.java:108)
	at org.junit.platform.launcher.core.EngineExecutionOrchestrator.execute(EngineExecutionOrchestrator.java:88)
	at org.junit.platform.launcher.core.EngineExecutionOrchestrator.lambda$execute$0(EngineExecutionOrchestrator.java:54)
	at org.junit.platform.launcher.core.EngineExecutionOrchestrator.withInterceptedStreams(EngineExecutionOrchestrator.java:67)
	at org.junit.platform.launcher.core.EngineExecutionOrchestrator.execute(EngineExecutionOrchestrator.java:52)
	at org.junit.platform.launcher.core.DefaultLauncher.execute(DefaultLauncher.java:96)
	at org.junit.platform.launcher.core.DefaultLauncher.execute(DefaultLauncher.java:75)
	at org.apache.maven.surefire.junitplatform.JUnitPlatformProvider.invokeAllTests(JUnitPlatformProvider.java:142)
	at org.apache.maven.surefire.junitplatform.JUnitPlatformProvider.invoke(JUnitPlatformProvider.java:113)
	at org.apache.maven.surefire.booter.ForkedBooter.invokeProviderInSameClassLoader(ForkedBooter.java:384)
	at org.apache.maven.surefire.booter.ForkedBooter.runSuitesInProcess(ForkedBooter.java:345)
	at org.apache.maven.surefire.booter.ForkedBooter.execute(ForkedBooter.java:126)
	at org.apache.maven.surefire.booter.ForkedBooter.main(ForkedBooter.java:418)
</error>
  </testcase>
  <testcase name="testDecommissioningNodesCompleteDecommissionOnSCMRestart" classname="org.apache.hadoop.ozone.scm.node.TestDecommissionAndMaintenance" time="99.999">
    <error message="Failed to obtain available cluster in time" type="java.io.IOException">java.io.IOException: Failed to obtain available cluster in time
	at org.apache.hadoop.ozone.MiniOzoneClusterProvider.provide(MiniOzoneClusterProvider.java:162)
	at org.apache.hadoop.ozone.scm.node.TestDecommissionAndMaintenance.setUp(TestDecommissionAndMaintenance.java:146)
	at sun.reflect.NativeMethodAccessorImpl.invoke0(Native Method)
	at sun.reflect.NativeMethodAccessorImpl.invoke(NativeMethodAccessorImpl.java:62)
	at sun.reflect.DelegatingMethodAccessorImpl.invoke(DelegatingMethodAccessorImpl.java:43)
	at java.lang.reflect.Method.invoke(Method.java:498)
	at org.junit.runners.model.FrameworkMethod$1.runReflectiveCall(FrameworkMethod.java:59)
	at org.junit.internal.runners.model.ReflectiveCallable.run(ReflectiveCallable.java:12)
	at org.junit.runners.model.FrameworkMethod.invokeExplosively(FrameworkMethod.java:56)
	at org.junit.internal.runners.statements.RunBefores.invokeMethod(RunBefores.java:33)
	at org.junit.internal.runners.statements.RunBefores.evaluate(RunBefores.java:24)
	at org.junit.internal.runners.statements.RunAfters.evaluate(RunAfters.java:27)
	at org.junit.runners.ParentRunner$3.evaluate(ParentRunner.java:306)
	at org.junit.runners.BlockJUnit4ClassRunner$1.evaluate(BlockJUnit4ClassRunner.java:100)
	at org.junit.runners.ParentRunner.runLeaf(ParentRunner.java:366)
	at org.junit.runners.BlockJUnit4ClassRunner.runChild(BlockJUnit4ClassRunner.java:103)
	at org.junit.runners.BlockJUnit4ClassRunner.runChild(BlockJUnit4ClassRunner.java:63)
	at org.junit.runners.ParentRunner$4.run(ParentRunner.java:331)
	at org.junit.runners.ParentRunner$1.schedule(ParentRunner.java:79)
	at org.junit.runners.ParentRunner.runChildren(ParentRunner.java:329)
	at org.junit.runners.ParentRunner.access$100(ParentRunner.java:66)
	at org.junit.runners.ParentRunner$2.evaluate(ParentRunner.java:293)
	at org.junit.internal.runners.statements.RunBefores.evaluate(RunBefores.java:26)
	at org.junit.internal.runners.statements.RunAfters.evaluate(RunAfters.java:27)
	at org.junit.runners.ParentRunner$3.evaluate(ParentRunner.java:306)
	at org.junit.runners.ParentRunner.run(ParentRunner.java:413)
	at org.junit.runner.JUnitCore.run(JUnitCore.java:137)
	at org.junit.runner.JUnitCore.run(JUnitCore.java:115)
	at org.junit.vintage.engine.execution.RunnerExecutor.execute(RunnerExecutor.java:43)
	at java.util.stream.ForEachOps$ForEachOp$OfRef.accept(ForEachOps.java:183)
	at java.util.stream.ReferencePipeline$3$1.accept(ReferencePipeline.java:193)
	at java.util.Iterator.forEachRemaining(Iterator.java:116)
	at java.util.Spliterators$IteratorSpliterator.forEachRemaining(Spliterators.java:1801)
	at java.util.stream.AbstractPipeline.copyInto(AbstractPipeline.java:482)
	at java.util.stream.AbstractPipeline.wrapAndCopyInto(AbstractPipeline.java:472)
	at java.util.stream.ForEachOps$ForEachOp.evaluateSequential(ForEachOps.java:150)
	at java.util.stream.ForEachOps$ForEachOp$OfRef.evaluateSequential(ForEachOps.java:173)
	at java.util.stream.AbstractPipeline.evaluate(AbstractPipeline.java:234)
	at java.util.stream.ReferencePipeline.forEach(ReferencePipeline.java:485)
	at org.junit.vintage.engine.VintageTestEngine.executeAllChildren(VintageTestEngine.java:82)
	at org.junit.vintage.engine.VintageTestEngine.execute(VintageTestEngine.java:73)
	at org.junit.platform.launcher.core.EngineExecutionOrchestrator.execute(EngineExecutionOrchestrator.java:108)
	at org.junit.platform.launcher.core.EngineExecutionOrchestrator.execute(EngineExecutionOrchestrator.java:88)
	at org.junit.platform.launcher.core.EngineExecutionOrchestrator.lambda$execute$0(EngineExecutionOrchestrator.java:54)
	at org.junit.platform.launcher.core.EngineExecutionOrchestrator.withInterceptedStreams(EngineExecutionOrchestrator.java:67)
	at org.junit.platform.launcher.core.EngineExecutionOrchestrator.execute(EngineExecutionOrchestrator.java:52)
	at org.junit.platform.launcher.core.DefaultLauncher.execute(DefaultLauncher.java:96)
	at org.junit.platform.launcher.core.DefaultLauncher.execute(DefaultLauncher.java:75)
	at org.apache.maven.surefire.junitplatform.JUnitPlatformProvider.invokeAllTests(JUnitPlatformProvider.java:142)
	at org.apache.maven.surefire.junitplatform.JUnitPlatformProvider.invoke(JUnitPlatformProvider.java:113)
	at org.apache.maven.surefire.booter.ForkedBooter.invokeProviderInSameClassLoader(ForkedBooter.java:384)
	at org.apache.maven.surefire.booter.ForkedBooter.runSuitesInProcess(ForkedBooter.java:345)
	at org.apache.maven.surefire.booter.ForkedBooter.execute(ForkedBooter.java:126)
	at org.apache.maven.surefire.booter.ForkedBooter.main(ForkedBooter.java:418)
</error>
  </testcase>
</testsuite>