<?xml version="1.0" encoding="UTF-8"?>
<testsuite xmlns:xsi="http://www.w3.org/2001/XMLSchema-instance" xsi:noNamespaceSchemaLocation="https://maven.apache.org/surefire/maven-surefire-plugin/xsd/surefire-test-report.xsd" name="org.apache.hadoop.ozone.scm.node.TestDecommissionAndMaintenance" time="288.274" tests="8" errors="1" skipped="0" failures="0">
  <properties>
    <property name="awt.toolkit" value="sun.awt.X11.XToolkit"/>
    <property name="file.encoding.pkg" value="sun.io"/>
    <property name="java.specification.version" value="1.8"/>
    <property name="sun.cpu.isalist" value=""/>
    <property name="sun.jnu.encoding" value="UTF-8"/>
    <property name="java.class.path" value="/home/runner/work/ozone/ozone/hadoop-ozone/integration-test/target/test-classes:/home/runner/work/ozone/ozone/hadoop-ozone/integration-test/target/classes:/home/runner/.m2/repository/org/apache/ozone/ozone-common/1.3.0-SNAPSHOT/ozone-common-1.3.0-SNAPSHOT.jar:/home/runner/.m2/repository/org/apache/commons/commons-compress/1.21/commons-compress-1.21.jar:/home/runner/.m2/repository/org/apache/ozone/hdds-common/1.3.0-SNAPSHOT/hdds-common-1.3.0-SNAPSHOT.jar:/home/runner/.m2/repository/org/apache/ozone/hdds-client/1.3.0-SNAPSHOT/hdds-client-1.3.0-SNAPSHOT.jar:/home/runner/.m2/repository/org/apache/ozone/ozone-interface-client/1.3.0-SNAPSHOT/ozone-interface-client-1.3.0-SNAPSHOT.jar:/home/runner/.m2/repository/org/apache/ozone/hdds-test-utils/1.3.0-SNAPSHOT/hdds-test-utils-1.3.0-SNAPSHOT.jar:/home/runner/.m2/repository/com/google/guava/guava/30.1.1-jre/guava-30.1.1-jre.jar:/home/runner/.m2/repository/com/google/guava/failureaccess/1.0.1/failureaccess-1.0.1.jar:/home/runner/.m2/repository/com/google/guava/listenablefuture/9999.0-empty-to-avoid-conflict-with-guava/listenablefuture-9999.0-empty-to-avoid-conflict-with-guava.jar:/home/runner/.m2/repository/com/google/code/findbugs/jsr305/3.0.0/jsr305-3.0.0.jar:/home/runner/.m2/repository/org/checkerframework/checker-qual/3.8.0/checker-qual-3.8.0.jar:/home/runner/.m2/repository/com/google/errorprone/error_prone_annotations/2.2.0/error_prone_annotations-2.2.0.jar:/home/runner/.m2/repository/com/google/j2objc/j2objc-annotations/1.3/j2objc-annotations-1.3.jar:/home/runner/.m2/repository/commons-io/commons-io/2.11.0/commons-io-2.11.0.jar:/home/runner/.m2/repository/commons-logging/commons-logging/1.2/commons-logging-1.2.jar:/home/runner/.m2/repository/log4j/log4j/1.2.17/log4j-1.2.17.jar:/home/runner/.m2/repository/org/slf4j/slf4j-api/1.7.30/slf4j-api-1.7.30.jar:/home/runner/.m2/repository/org/apache/ozone/hdds-server-scm/1.3.0-SNAPSHOT/hdds-server-scm-1.3.0-SNAPSHOT.jar:/home/runner/.m2/repository/org/apache/ozone/hdds-container-service/1.3.0-SNAPSHOT/hdds-container-service-1.3.0-SNAPSHOT.jar:/home/runner/.m2/repository/org/apache/ozone/hdds-hadoop-dependency-server/1.3.0-SNAPSHOT/hdds-hadoop-dependency-server-1.3.0-SNAPSHOT.jar:/home/runner/.m2/repository/org/apache/hadoop/hadoop-hdfs/3.3.1/hadoop-hdfs-3.3.1.jar:/home/runner/.m2/repository/org/apache/ozone/hdds-server-framework/1.3.0-SNAPSHOT/hdds-server-framework-1.3.0-SNAPSHOT.jar:/home/runner/.m2/repository/org/apache/ozone/hdds-interface-server/1.3.0-SNAPSHOT/hdds-interface-server-1.3.0-SNAPSHOT.jar:/home/runner/.m2/repository/org/eclipse/jetty/jetty-servlet/9.4.43.v20210629/jetty-servlet-9.4.43.v20210629.jar:/home/runner/.m2/repository/org/eclipse/jetty/jetty-security/9.4.43.v20210629/jetty-security-9.4.43.v20210629.jar:/home/runner/.m2/repository/org/rocksdb/rocksdbjni/6.25.3/rocksdbjni-6.25.3.jar:/home/runner/.m2/repository/io/prometheus/simpleclient_dropwizard/0.7.0/simpleclient_dropwizard-0.7.0.jar:/home/runner/.m2/repository/io/prometheus/simpleclient/0.7.0/simpleclient-0.7.0.jar:/home/runner/.m2/repository/io/prometheus/simpleclient_common/0.7.0/simpleclient_common-0.7.0.jar:/home/runner/.m2/repository/com/fasterxml/jackson/datatype/jackson-datatype-jsr310/2.12.1/jackson-datatype-jsr310-2.12.1.jar:/home/runner/.m2/repository/io/dropwizard/metrics/metrics-core/3.2.4/metrics-core-3.2.4.jar:/home/runner/.m2/repository/org/apache/hadoop/hadoop-hdfs-client/3.3.1/hadoop-hdfs-client-3.3.1.jar:/home/runner/.m2/repository/org/bouncycastle/bcprov-jdk15on/1.67/bcprov-jdk15on-1.67.jar:/home/runner/.m2/repository/com/google/protobuf/protobuf-java/2.5.0/protobuf-java-2.5.0.jar:/home/runner/.m2/repository/org/apache/ozone/ozone-manager/1.3.0-SNAPSHOT/ozone-manager-1.3.0-SNAPSHOT.jar:/home/runner/.m2/repository/org/aspectj/aspectjrt/1.9.7/aspectjrt-1.9.7.jar:/home/runner/.m2/repository/org/aspectj/aspectjweaver/1.9.7/aspectjweaver-1.9.7.jar:/home/runner/.m2/repository/org/apache/ozone/hdds-interface-client/1.3.0-SNAPSHOT/hdds-interface-client-1.3.0-SNAPSHOT.jar:/home/runner/.m2/repository/org/apache/hadoop/thirdparty/hadoop-shaded-protobuf_3_7/1.1.1/hadoop-shaded-protobuf_3_7-1.1.1.jar:/home/runner/.m2/repository/org/apache/ozone/ozone-interface-storage/1.3.0-SNAPSHOT/ozone-interface-storage-1.3.0-SNAPSHOT.jar:/home/runner/.m2/repository/org/reflections/reflections/0.9.11/reflections-0.9.11.jar:/home/runner/.m2/repository/org/apache/hadoop/hadoop-minikdc/3.3.1/hadoop-minikdc-3.3.1.jar:/home/runner/.m2/repository/org/apache/kerby/kerb-simplekdc/1.0.1/kerb-simplekdc-1.0.1.jar:/home/runner/.m2/repository/org/apache/kerby/kerb-client/1.0.1/kerb-client-1.0.1.jar:/home/runner/.m2/repository/org/apache/kerby/kerby-config/1.0.1/kerby-config-1.0.1.jar:/home/runner/.m2/repository/org/apache/kerby/kerb-common/1.0.1/kerb-common-1.0.1.jar:/home/runner/.m2/repository/org/apache/kerby/kerb-crypto/1.0.1/kerb-crypto-1.0.1.jar:/home/runner/.m2/repository/org/apache/kerby/kerb-util/1.0.1/kerb-util-1.0.1.jar:/home/runner/.m2/repository/org/apache/kerby/token-provider/1.0.1/token-provider-1.0.1.jar:/home/runner/.m2/repository/org/apache/kerby/kerb-admin/1.0.1/kerb-admin-1.0.1.jar:/home/runner/.m2/repository/org/apache/kerby/kerb-server/1.0.1/kerb-server-1.0.1.jar:/home/runner/.m2/repository/org/apache/kerby/kerb-identity/1.0.1/kerb-identity-1.0.1.jar:/home/runner/.m2/repository/org/apache/kerby/kerby-xdr/1.0.1/kerby-xdr-1.0.1.jar:/home/runner/.m2/repository/org/slf4j/slf4j-log4j12/1.7.30/slf4j-log4j12-1.7.30.jar:/home/runner/.m2/repository/org/apache/ozone/ozone-s3gateway/1.3.0-SNAPSHOT/ozone-s3gateway-1.3.0-SNAPSHOT.jar:/home/runner/.m2/repository/org/javassist/javassist/3.21.0-GA/javassist-3.21.0-GA.jar:/home/runner/.m2/repository/org/jboss/weld/servlet/weld-servlet/2.4.7.Final/weld-servlet-2.4.7.Final.jar:/home/runner/.m2/repository/org/glassfish/jersey/containers/jersey-container-servlet-core/2.33/jersey-container-servlet-core-2.33.jar:/home/runner/.m2/repository/org/glassfish/hk2/external/jakarta.inject/2.6.1/jakarta.inject-2.6.1.jar:/home/runner/.m2/repository/org/glassfish/jersey/core/jersey-common/2.33/jersey-common-2.33.jar:/home/runner/.m2/repository/jakarta/ws/rs/jakarta.ws.rs-api/2.1.6/jakarta.ws.rs-api-2.1.6.jar:/home/runner/.m2/repository/org/glassfish/jersey/ext/cdi/jersey-cdi1x/2.33/jersey-cdi1x-2.33.jar:/home/runner/.m2/repository/org/glassfish/jersey/inject/jersey-hk2/2.33/jersey-hk2-2.33.jar:/home/runner/.m2/repository/org/glassfish/hk2/hk2-locator/2.6.1/hk2-locator-2.6.1.jar:/home/runner/.m2/repository/org/glassfish/jersey/media/jersey-media-jaxb/2.33/jersey-media-jaxb-2.33.jar:/home/runner/.m2/repository/org/glassfish/hk2/osgi-resource-locator/1.0.3/osgi-resource-locator-1.0.3.jar:/home/runner/.m2/repository/org/glassfish/hk2/hk2-api/2.5.0/hk2-api-2.5.0.jar:/home/runner/.m2/repository/org/glassfish/hk2/hk2-utils/2.5.0/hk2-utils-2.5.0.jar:/home/runner/.m2/repository/org/glassfish/hk2/external/aopalliance-repackaged/2.5.0/aopalliance-repackaged-2.5.0.jar:/home/runner/.m2/repository/com/fasterxml/jackson/dataformat/jackson-dataformat-xml/2.12.1/jackson-dataformat-xml-2.12.1.jar:/home/runner/.m2/repository/com/fasterxml/jackson/core/jackson-core/2.12.1/jackson-core-2.12.1.jar:/home/runner/.m2/repository/com/fasterxml/jackson/module/jackson-module-jaxb-annotations/2.12.1/jackson-module-jaxb-annotations-2.12.1.jar:/home/runner/.m2/repository/jakarta/xml/bind/jakarta.xml.bind-api/2.3.2/jakarta.xml.bind-api-2.3.2.jar:/home/runner/.m2/repository/org/codehaus/woodstox/stax2-api/3.1.4/stax2-api-3.1.4.jar:/home/runner/.m2/repository/com/fasterxml/woodstox/woodstox-core/5.0.3/woodstox-core-5.0.3.jar:/home/runner/.m2/repository/javax/enterprise/cdi-api/1.2/cdi-api-1.2.jar:/home/runner/.m2/repository/javax/el/javax.el-api/3.0.0/javax.el-api-3.0.0.jar:/home/runner/.m2/repository/javax/interceptor/javax.interceptor-api/1.2/javax.interceptor-api-1.2.jar:/home/runner/.m2/repository/javax/inject/javax.inject/1/javax.inject-1.jar:/home/runner/.m2/repository/javax/xml/bind/jaxb-api/2.3.0/jaxb-api-2.3.0.jar:/home/runner/.m2/repository/org/glassfish/jaxb/jaxb-runtime/2.3.0.1/jaxb-runtime-2.3.0.1.jar:/home/runner/.m2/repository/org/glassfish/jaxb/jaxb-core/2.3.0.1/jaxb-core-2.3.0.1.jar:/home/runner/.m2/repository/org/glassfish/jaxb/txw2/2.3.0.1/txw2-2.3.0.1.jar:/home/runner/.m2/repository/com/sun/istack/istack-commons-runtime/3.0.5/istack-commons-runtime-3.0.5.jar:/home/runner/.m2/repository/org/jvnet/staxex/stax-ex/1.7.8/stax-ex-1.7.8.jar:/home/runner/.m2/repository/com/sun/xml/fastinfoset/FastInfoset/1.2.13/FastInfoset-1.2.13.jar:/home/runner/.m2/repository/javax/activation/activation/1.1.1/activation-1.1.1.jar:/home/runner/.m2/repository/org/apache/ozone/ozone-csi/1.3.0-SNAPSHOT/ozone-csi-1.3.0-SNAPSHOT.jar:/home/runner/.m2/repository/com/google/protobuf/protobuf-java-util/3.12.0/protobuf-java-util-3.12.0.jar:/home/runner/.m2/repository/com/google/code/gson/gson/2.2.4/gson-2.2.4.jar:/home/runner/.m2/repository/org/apache/ozone/hdds-config/1.3.0-SNAPSHOT/hdds-config-1.3.0-SNAPSHOT.jar:/home/runner/.m2/repository/io/grpc/grpc-netty/1.33.0/grpc-netty-1.33.0.jar:/home/runner/.m2/repository/io/grpc/grpc-core/1.33.0/grpc-core-1.33.0.jar:/home/runner/.m2/repository/com/google/android/annotations/4.1.1.4/annotations-4.1.1.4.jar:/home/runner/.m2/repository/io/netty/netty-codec-http2/4.1.63.Final/netty-codec-http2-4.1.63.Final.jar:/home/runner/.m2/repository/io/netty/netty-codec-http/4.1.63.Final/netty-codec-http-4.1.63.Final.jar:/home/runner/.m2/repository/io/netty/netty-handler-proxy/4.1.63.Final/netty-handler-proxy-4.1.63.Final.jar:/home/runner/.m2/repository/io/netty/netty-codec-socks/4.1.63.Final/netty-codec-socks-4.1.63.Final.jar:/home/runner/.m2/repository/io/perfmark/perfmark-api/0.19.0/perfmark-api-0.19.0.jar:/home/runner/.m2/repository/org/codehaus/mojo/animal-sniffer-annotations/1.18/animal-sniffer-annotations-1.18.jar:/home/runner/.m2/repository/io/netty/netty-transport-native-epoll/4.1.63.Final/netty-transport-native-epoll-4.1.63.Final.jar:/home/runner/.m2/repository/io/netty/netty-common/4.1.63.Final/netty-common-4.1.63.Final.jar:/home/runner/.m2/repository/io/netty/netty-buffer/4.1.63.Final/netty-buffer-4.1.63.Final.jar:/home/runner/.m2/repository/io/netty/netty-transport-native-unix-common/4.1.63.Final/netty-transport-native-unix-common-4.1.63.Final.jar:/home/runner/.m2/repository/io/grpc/grpc-protobuf/1.33.0/grpc-protobuf-1.33.0.jar:/home/runner/.m2/repository/io/grpc/grpc-api/1.33.0/grpc-api-1.33.0.jar:/home/runner/.m2/repository/io/grpc/grpc-context/1.33.0/grpc-context-1.33.0.jar:/home/runner/.m2/repository/com/google/api/grpc/proto-google-common-protos/1.17.0/proto-google-common-protos-1.17.0.jar:/home/runner/.m2/repository/io/grpc/grpc-protobuf-lite/1.33.0/grpc-protobuf-lite-1.33.0.jar:/home/runner/.m2/repository/io/grpc/grpc-stub/1.33.0/grpc-stub-1.33.0.jar:/home/runner/.m2/repository/org/apache/ozone/ozone-recon/1.3.0-SNAPSHOT/ozone-recon-1.3.0-SNAPSHOT.jar:/home/runner/.m2/repository/org/apache/ozone/ozone-reconcodegen/1.3.0-SNAPSHOT/ozone-reconcodegen-1.3.0-SNAPSHOT.jar:/home/runner/.m2/repository/com/google/inject/extensions/guice-multibindings/4.0/guice-multibindings-4.0.jar:/home/runner/.m2/repository/com/google/inject/guice/4.0/guice-4.0.jar:/home/runner/.m2/repository/aopalliance/aopalliance/1.0/aopalliance-1.0.jar:/home/runner/.m2/repository/com/google/inject/extensions/guice-assistedinject/4.0/guice-assistedinject-4.0.jar:/home/runner/.m2/repository/com/google/inject/extensions/guice-servlet/4.0/guice-servlet-4.0.jar:/home/runner/.m2/repository/org/glassfish/jersey/containers/jersey-container-servlet/2.33/jersey-container-servlet-2.33.jar:/home/runner/.m2/repository/org/glassfish/hk2/guice-bridge/2.5.0/guice-bridge-2.5.0.jar:/home/runner/.m2/repository/org/glassfish/jersey/core/jersey-server/2.33/jersey-server-2.33.jar:/home/runner/.m2/repository/org/glassfish/jersey/core/jersey-client/2.33/jersey-client-2.33.jar:/home/runner/.m2/repository/jakarta/annotation/jakarta.annotation-api/1.3.5/jakarta.annotation-api-1.3.5.jar:/home/runner/.m2/repository/jakarta/validation/jakarta.validation-api/2.0.2/jakarta.validation-api-2.0.2.jar:/home/runner/.m2/repository/org/glassfish/jersey/media/jersey-media-json-jackson/2.33/jersey-media-json-jackson-2.33.jar:/home/runner/.m2/repository/org/glassfish/jersey/ext/jersey-entity-filtering/2.33/jersey-entity-filtering-2.33.jar:/home/runner/.m2/repository/org/jooq/jooq/3.11.10/jooq-3.11.10.jar:/home/runner/.m2/repository/org/jooq/jooq-meta/3.11.10/jooq-meta-3.11.10.jar:/home/runner/.m2/repository/org/jooq/jooq-codegen/3.11.10/jooq-codegen-3.11.10.jar:/home/runner/.m2/repository/com/jolbox/bonecp/0.8.0.RELEASE/bonecp-0.8.0.RELEASE.jar:/home/runner/.m2/repository/org/apache/derby/derby/10.14.2.0/derby-10.14.2.0.jar:/home/runner/.m2/repository/org/xerial/sqlite-jdbc/3.25.2/sqlite-jdbc-3.25.2.jar:/home/runner/.m2/repository/org/springframework/spring-jdbc/5.2.18.RELEASE/spring-jdbc-5.2.18.RELEASE.jar:/home/runner/.m2/repository/org/springframework/spring-beans/5.2.18.RELEASE/spring-beans-5.2.18.RELEASE.jar:/home/runner/.m2/repository/org/springframework/spring-core/5.2.18.RELEASE/spring-core-5.2.18.RELEASE.jar:/home/runner/.m2/repository/org/springframework/spring-jcl/5.2.18.RELEASE/spring-jcl-5.2.18.RELEASE.jar:/home/runner/.m2/repository/org/springframework/spring-tx/5.2.18.RELEASE/spring-tx-5.2.18.RELEASE.jar:/home/runner/.m2/repository/org/apache/ozone/ozone-client/1.3.0-SNAPSHOT/ozone-client-1.3.0-SNAPSHOT.jar:/home/runner/.m2/repository/org/apache/ozone/ozone-filesystem/1.3.0-SNAPSHOT/ozone-filesystem-1.3.0-SNAPSHOT.jar:/home/runner/.m2/repository/org/apache/ozone/ozone-filesystem-common/1.3.0-SNAPSHOT/ozone-filesystem-common-1.3.0-SNAPSHOT.jar:/home/runner/.m2/repository/org/apache/ozone/ozone-tools/1.3.0-SNAPSHOT/ozone-tools-1.3.0-SNAPSHOT.jar:/home/runner/.m2/repository/org/apache/ratis/ratis-tools/2.2.0/ratis-tools-2.2.0.jar:/home/runner/.m2/repository/com/amazonaws/aws-java-sdk-core/1.11.1034/aws-java-sdk-core-1.11.1034.jar:/home/runner/.m2/repository/org/apache/httpcomponents/httpclient/4.5.13/httpclient-4.5.13.jar:/home/runner/.m2/repository/org/apache/httpcomponents/httpcore/4.4.13/httpcore-4.4.13.jar:/home/runner/.m2/repository/software/amazon/ion/ion-java/1.0.2/ion-java-1.0.2.jar:/home/runner/.m2/repository/com/fasterxml/jackson/dataformat/jackson-dataformat-cbor/2.12.1/jackson-dataformat-cbor-2.12.1.jar:/home/runner/.m2/repository/joda-time/joda-time/2.8.1/joda-time-2.8.1.jar:/home/runner/.m2/repository/com/amazonaws/aws-java-sdk-s3/1.11.1034/aws-java-sdk-s3-1.11.1034.jar:/home/runner/.m2/repository/com/amazonaws/aws-java-sdk-kms/1.11.1034/aws-java-sdk-kms-1.11.1034.jar:/home/runner/.m2/repository/com/amazonaws/jmespath-java/1.11.1034/jmespath-java-1.11.1034.jar:/home/runner/.m2/repository/org/kohsuke/metainf-services/metainf-services/1.8/metainf-services-1.8.jar:/home/runner/.m2/repository/org/apache/ozone/hdds-tools/1.3.0-SNAPSHOT/hdds-tools-1.3.0-SNAPSHOT.jar:/home/runner/.m2/repository/commons-cli/commons-cli/1.2/commons-cli-1.2.jar:/home/runner/.m2/repository/org/apache/commons/commons-lang3/3.7/commons-lang3-3.7.jar:/home/runner/.m2/repository/org/apache/ozone/ozone-manager/1.3.0-SNAPSHOT/ozone-manager-1.3.0-SNAPSHOT-tests.jar:/home/runner/.m2/repository/org/apache/ozone/hdds-common/1.3.0-SNAPSHOT/hdds-common-1.3.0-SNAPSHOT-tests.jar:/home/runner/.m2/repository/org/apache/ozone/hdds-hadoop-dependency-client/1.3.0-SNAPSHOT/hdds-hadoop-dependency-client-1.3.0-SNAPSHOT.jar:/home/runner/.m2/repository/info/picocli/picocli/4.6.1/picocli-4.6.1.jar:/home/runner/.m2/repository/com/fasterxml/jackson/core/jackson-annotations/2.12.1/jackson-annotations-2.12.1.jar:/home/runner/.m2/repository/javax/annotation/javax.annotation-api/1.2/javax.annotation-api-1.2.jar:/home/runner/.m2/repository/org/apache/ratis/ratis-server/2.2.0/ratis-server-2.2.0.jar:/home/runner/.m2/repository/org/apache/ratis/ratis-client/2.2.0/ratis-client-2.2.0.jar:/home/runner/.m2/repository/org/apache/ratis/ratis-server-api/2.2.0/ratis-server-api-2.2.0.jar:/home/runner/.m2/repository/org/apache/ratis/ratis-metrics/2.2.0/ratis-metrics-2.2.0.jar:/home/runner/.m2/repository/org/apache/ratis/ratis-netty/2.2.0/ratis-netty-2.2.0.jar:/home/runner/.m2/repository/org/apache/ratis/ratis-grpc/2.2.0/ratis-grpc-2.2.0.jar:/home/runner/.m2/repository/org/apache/logging/log4j/log4j-api/2.13.3/log4j-api-2.13.3.jar:/home/runner/.m2/repository/org/apache/logging/log4j/log4j-core/2.13.3/log4j-core-2.13.3.jar:/home/runner/.m2/repository/com/lmax/disruptor/3.4.2/disruptor-3.4.2.jar:/home/runner/.m2/repository/org/apache/commons/commons-pool2/2.6.0/commons-pool2-2.6.0.jar:/home/runner/.m2/repository/org/bouncycastle/bcpkix-jdk15on/1.67/bcpkix-jdk15on-1.67.jar:/home/runner/.m2/repository/commons-validator/commons-validator/1.6/commons-validator-1.6.jar:/home/runner/.m2/repository/commons-beanutils/commons-beanutils/1.9.4/commons-beanutils-1.9.4.jar:/home/runner/.m2/repository/commons-digester/commons-digester/1.8.1/commons-digester-1.8.1.jar:/home/runner/.m2/repository/commons-collections/commons-collections/3.2.2/commons-collections-3.2.2.jar:/home/runner/.m2/repository/io/jaegertracing/jaeger-client/1.6.0/jaeger-client-1.6.0.jar:/home/runner/.m2/repository/io/jaegertracing/jaeger-thrift/1.6.0/jaeger-thrift-1.6.0.jar:/home/runner/.m2/repository/org/apache/thrift/libthrift/0.14.1/libthrift-0.14.1.jar:/home/runner/.m2/repository/com/squareup/okhttp3/okhttp/4.9.0/okhttp-4.9.0.jar:/home/runner/.m2/repository/com/squareup/okio/okio/2.8.0/okio-2.8.0.jar:/home/runner/.m2/repository/io/jaegertracing/jaeger-core/1.6.0/jaeger-core-1.6.0.jar:/home/runner/.m2/repository/io/jaegertracing/jaeger-tracerresolver/1.6.0/jaeger-tracerresolver-1.6.0.jar:/home/runner/.m2/repository/io/opentracing/contrib/opentracing-tracerresolver/0.1.8/opentracing-tracerresolver-0.1.8.jar:/home/runner/.m2/repository/org/jetbrains/kotlin/kotlin-stdlib/1.4.31/kotlin-stdlib-1.4.31.jar:/home/runner/.m2/repository/org/jetbrains/kotlin/kotlin-stdlib-common/1.4.31/kotlin-stdlib-common-1.4.31.jar:/home/runner/.m2/repository/org/jetbrains/annotations/13.0/annotations-13.0.jar:/home/runner/.m2/repository/io/opentracing/opentracing-util/0.33.0/opentracing-util-0.33.0.jar:/home/runner/.m2/repository/io/opentracing/opentracing-api/0.33.0/opentracing-api-0.33.0.jar:/home/runner/.m2/repository/io/opentracing/opentracing-noop/0.33.0/opentracing-noop-0.33.0.jar:/home/runner/.m2/repository/org/yaml/snakeyaml/1.26/snakeyaml-1.26.jar:/home/runner/.m2/repository/org/apache/ozone/hdds-interface-admin/1.3.0-SNAPSHOT/hdds-interface-admin-1.3.0-SNAPSHOT.jar:/home/runner/.m2/repository/junit/junit/4.13.1/junit-4.13.1.jar:/home/runner/.m2/repository/org/hamcrest/hamcrest-core/1.3/hamcrest-core-1.3.jar:/home/runner/.m2/repository/org/junit/jupiter/junit-jupiter-api/5.7.0/junit-jupiter-api-5.7.0.jar:/home/runner/.m2/repository/org/apiguardian/apiguardian-api/1.1.0/apiguardian-api-1.1.0.jar:/home/runner/.m2/repository/org/opentest4j/opentest4j/1.2.0/opentest4j-1.2.0.jar:/home/runner/.m2/repository/org/junit/platform/junit-platform-commons/1.7.0/junit-platform-commons-1.7.0.jar:/home/runner/.m2/repository/org/junit/jupiter/junit-jupiter-engine/5.7.0/junit-jupiter-engine-5.7.0.jar:/home/runner/.m2/repository/org/junit/platform/junit-platform-engine/1.7.0/junit-platform-engine-1.7.0.jar:/home/runner/.m2/repository/org/junit/vintage/junit-vintage-engine/5.7.0/junit-vintage-engine-5.7.0.jar:/home/runner/.m2/repository/org/junit/platform/junit-platform-launcher/1.7.0/junit-platform-launcher-1.7.0.jar:/home/runner/.m2/repository/org/openjdk/jmh/jmh-core/1.19/jmh-core-1.19.jar:/home/runner/.m2/repository/net/sf/jopt-simple/jopt-simple/4.6/jopt-simple-4.6.jar:/home/runner/.m2/repository/org/apache/commons/commons-math3/3.1.1/commons-math3-3.1.1.jar:/home/runner/.m2/repository/org/openjdk/jmh/jmh-generator-annprocess/1.19/jmh-generator-annprocess-1.19.jar:/home/runner/.m2/repository/org/mockito/mockito-core/2.28.2/mockito-core-2.28.2.jar:/home/runner/.m2/repository/net/bytebuddy/byte-buddy/1.9.10/byte-buddy-1.9.10.jar:/home/runner/.m2/repository/net/bytebuddy/byte-buddy-agent/1.9.10/byte-buddy-agent-1.9.10.jar:/home/runner/.m2/repository/org/objenesis/objenesis/1.0/objenesis-1.0.jar:/home/runner/.m2/repository/org/apache/hadoop/hadoop-kms/3.3.1/hadoop-kms-3.3.1.jar:/home/runner/.m2/repository/org/apache/hadoop/hadoop-auth/3.3.1/hadoop-auth-3.3.1.jar:/home/runner/.m2/repository/com/nimbusds/nimbus-jose-jwt/7.9/nimbus-jose-jwt-7.9.jar:/home/runner/.m2/repository/com/github/stephenc/jcip/jcip-annotations/1.0-1/jcip-annotations-1.0-1.jar:/home/runner/.m2/repository/net/minidev/json-smart/2.3.1/json-smart-2.3.1.jar:/home/runner/.m2/repository/net/minidev/accessors-smart/2.3.1/accessors-smart-2.3.1.jar:/home/runner/.m2/repository/org/ow2/asm/asm/5.0.4/asm-5.0.4.jar:/home/runner/.m2/repository/org/apache/zookeeper/zookeeper/3.5.6/zookeeper-3.5.6.jar:/home/runner/.m2/repository/org/apache/zookeeper/zookeeper-jute/3.5.6/zookeeper-jute-3.5.6.jar:/home/runner/.m2/repository/org/apache/yetus/audience-annotations/0.5.0/audience-annotations-0.5.0.jar:/home/runner/.m2/repository/org/apache/curator/curator-framework/4.2.0/curator-framework-4.2.0.jar:/home/runner/.m2/repository/org/apache/hadoop/thirdparty/hadoop-shaded-guava/1.1.1/hadoop-shaded-guava-1.1.1.jar:/home/runner/.m2/repository/com/sun/jersey/jersey-core/1.19/jersey-core-1.19.jar:/home/runner/.m2/repository/javax/ws/rs/jsr311-api/1.1.1/jsr311-api-1.1.1.jar:/home/runner/.m2/repository/com/sun/jersey/jersey-server/1.19/jersey-server-1.19.jar:/home/runner/.m2/repository/javax/servlet/javax.servlet-api/3.1.0/javax.servlet-api-3.1.0.jar:/home/runner/.m2/repository/org/eclipse/jetty/jetty-server/9.4.43.v20210629/jetty-server-9.4.43.v20210629.jar:/home/runner/.m2/repository/org/eclipse/jetty/jetty-http/9.4.43.v20210629/jetty-http-9.4.43.v20210629.jar:/home/runner/.m2/repository/org/eclipse/jetty/jetty-io/9.4.43.v20210629/jetty-io-9.4.43.v20210629.jar:/home/runner/.m2/repository/org/eclipse/jetty/jetty-webapp/9.4.43.v20210629/jetty-webapp-9.4.43.v20210629.jar:/home/runner/.m2/repository/org/eclipse/jetty/jetty-xml/9.4.43.v20210629/jetty-xml-9.4.43.v20210629.jar:/home/runner/.m2/repository/org/apache/hadoop/hadoop-common/3.3.1/hadoop-common-3.3.1.jar:/home/runner/.m2/repository/commons-net/commons-net/3.6/commons-net-3.6.jar:/home/runner/.m2/repository/jakarta/activation/jakarta.activation-api/1.2.1/jakarta.activation-api-1.2.1.jar:/home/runner/.m2/repository/com/sun/jersey/jersey-servlet/1.19/jersey-servlet-1.19.jar:/home/runner/.m2/repository/com/sun/jersey/jersey-json/1.19/jersey-json-1.19.jar:/home/runner/.m2/repository/org/codehaus/jettison/jettison/1.1/jettison-1.1.jar:/home/runner/.m2/repository/com/sun/xml/bind/jaxb-impl/2.2.3-1/jaxb-impl-2.2.3-1.jar:/home/runner/.m2/repository/org/codehaus/jackson/jackson-jaxrs/1.9.2/jackson-jaxrs-1.9.2.jar:/home/runner/.m2/repository/org/codehaus/jackson/jackson-xc/1.9.2/jackson-xc-1.9.2.jar:/home/runner/.m2/repository/org/apache/commons/commons-configuration2/2.1.1/commons-configuration2-2.1.1.jar:/home/runner/.m2/repository/org/apache/commons/commons-text/1.4/commons-text-1.4.jar:/home/runner/.m2/repository/com/google/re2j/re2j/1.1/re2j-1.1.jar:/home/runner/.m2/repository/com/jcraft/jsch/0.1.54/jsch-0.1.54.jar:/home/runner/.m2/repository/org/apache/curator/curator-client/4.2.0/curator-client-4.2.0.jar:/home/runner/.m2/repository/org/apache/curator/curator-recipes/4.2.0/curator-recipes-4.2.0.jar:/home/runner/.m2/repository/org/apache/kerby/kerb-core/1.0.1/kerb-core-1.0.1.jar:/home/runner/.m2/repository/org/apache/kerby/kerby-pkix/1.0.1/kerby-pkix-1.0.1.jar:/home/runner/.m2/repository/org/apache/kerby/kerby-asn1/1.0.1/kerby-asn1-1.0.1.jar:/home/runner/.m2/repository/org/apache/kerby/kerby-util/1.0.1/kerby-util-1.0.1.jar:/home/runner/.m2/repository/dnsjava/dnsjava/2.1.7/dnsjava-2.1.7.jar:/home/runner/.m2/repository/org/xerial/snappy/snappy-java/1.1.8.2/snappy-java-1.1.8.2.jar:/home/runner/.m2/repository/org/slf4j/jul-to-slf4j/1.7.30/jul-to-slf4j-1.7.30.jar:/home/runner/.m2/repository/org/eclipse/jetty/jetty-util/9.4.43.v20210629/jetty-util-9.4.43.v20210629.jar:/home/runner/.m2/repository/com/fasterxml/jackson/core/jackson-databind/2.12.1/jackson-databind-2.12.1.jar:/home/runner/.m2/repository/org/apache/hadoop/hadoop-kms/3.3.1/hadoop-kms-3.3.1-tests.jar:/home/runner/.m2/repository/org/apache/ozone/hdds-server-scm/1.3.0-SNAPSHOT/hdds-server-scm-1.3.0-SNAPSHOT-tests.jar:/home/runner/.m2/repository/org/apache/ozone/hdds-container-service/1.3.0-SNAPSHOT/hdds-container-service-1.3.0-SNAPSHOT-tests.jar:/home/runner/.m2/repository/commons-codec/commons-codec/1.11/commons-codec-1.11.jar:/home/runner/.m2/repository/io/netty/netty-transport/4.1.63.Final/netty-transport-4.1.63.Final.jar:/home/runner/.m2/repository/io/netty/netty-resolver/4.1.63.Final/netty-resolver-4.1.63.Final.jar:/home/runner/.m2/repository/io/netty/netty-codec/4.1.63.Final/netty-codec-4.1.63.Final.jar:/home/runner/.m2/repository/io/netty/netty-handler/4.1.63.Final/netty-handler-4.1.63.Final.jar:/home/runner/.m2/repository/org/apache/ozone/hdds-hadoop-dependency-test/1.3.0-SNAPSHOT/hdds-hadoop-dependency-test-1.3.0-SNAPSHOT.jar:/home/runner/.m2/repository/org/apache/hadoop/hadoop-common/3.3.1/hadoop-common-3.3.1-tests.jar:/home/runner/.m2/repository/org/assertj/assertj-core/3.12.2/assertj-core-3.12.2.jar:/home/runner/.m2/repository/org/apache/hadoop/hadoop-hdfs/3.3.1/hadoop-hdfs-3.3.1-tests.jar:/home/runner/.m2/repository/org/eclipse/jetty/jetty-util-ajax/9.4.43.v20210629/jetty-util-ajax-9.4.43.v20210629.jar:/home/runner/.m2/repository/commons-daemon/commons-daemon/1.0.13/commons-daemon-1.0.13.jar:/home/runner/.m2/repository/io/netty/netty/3.10.6.Final/netty-3.10.6.Final.jar:/home/runner/.m2/repository/io/netty/netty-all/4.1.63.Final/netty-all-4.1.63.Final.jar:/home/runner/.m2/repository/org/apache/htrace/htrace-core4/4.1.0-incubating/htrace-core4-4.1.0-incubating.jar:/home/runner/.m2/repository/org/fusesource/leveldbjni/leveldbjni-all/1.8/leveldbjni-all-1.8.jar:/home/runner/.m2/repository/org/apache/hadoop/hadoop-distcp/3.3.1/hadoop-distcp-3.3.1.jar:/home/runner/.m2/repository/org/apache/hadoop/hadoop-mapreduce-client-jobclient/3.3.1/hadoop-mapreduce-client-jobclient-3.3.1.jar:/home/runner/.m2/repository/org/apache/hadoop/hadoop-mapreduce-client-common/3.3.1/hadoop-mapreduce-client-common-3.3.1.jar:/home/runner/.m2/repository/org/apache/hadoop/hadoop-yarn-common/3.3.1/hadoop-yarn-common-3.3.1.jar:/home/runner/.m2/repository/org/apache/hadoop/hadoop-yarn-api/3.3.1/hadoop-yarn-api-3.3.1.jar:/home/runner/.m2/repository/com/sun/jersey/jersey-client/1.19/jersey-client-1.19.jar:/home/runner/.m2/repository/com/sun/jersey/contribs/jersey-guice/1.19/jersey-guice-1.19.jar:/home/runner/.m2/repository/com/fasterxml/jackson/jaxrs/jackson-jaxrs-json-provider/2.12.1/jackson-jaxrs-json-provider-2.12.1.jar:/home/runner/.m2/repository/com/fasterxml/jackson/jaxrs/jackson-jaxrs-base/2.12.1/jackson-jaxrs-base-2.12.1.jar:/home/runner/.m2/repository/org/apache/hadoop/hadoop-yarn-client/3.3.1/hadoop-yarn-client-3.3.1.jar:/home/runner/.m2/repository/org/eclipse/jetty/websocket/websocket-client/9.4.40.v20210413/websocket-client-9.4.40.v20210413.jar:/home/runner/.m2/repository/org/eclipse/jetty/jetty-client/9.4.40.v20210413/jetty-client-9.4.40.v20210413.jar:/home/runner/.m2/repository/org/eclipse/jetty/websocket/websocket-common/9.4.40.v20210413/websocket-common-9.4.40.v20210413.jar:/home/runner/.m2/repository/org/eclipse/jetty/websocket/websocket-api/9.4.40.v20210413/websocket-api-9.4.40.v20210413.jar:/home/runner/.m2/repository/org/jline/jline/3.9.0/jline-3.9.0.jar:/home/runner/.m2/repository/org/apache/hadoop/hadoop-mapreduce-client-core/3.3.1/hadoop-mapreduce-client-core-3.3.1.jar:/home/runner/.m2/repository/org/apache/avro/avro/1.7.7/avro-1.7.7.jar:/home/runner/.m2/repository/org/codehaus/jackson/jackson-core-asl/1.9.13/jackson-core-asl-1.9.13.jar:/home/runner/.m2/repository/org/codehaus/jackson/jackson-mapper-asl/1.9.13/jackson-mapper-asl-1.9.13.jar:/home/runner/.m2/repository/com/thoughtworks/paranamer/paranamer/2.3/paranamer-2.3.jar:/home/runner/.m2/repository/org/apache/hadoop/hadoop-annotations/3.3.1/hadoop-annotations-3.3.1.jar:/usr/lib/jvm/adoptopenjdk-8-hotspot-amd64/jre/../lib/tools.jar:/home/runner/.m2/repository/org/apache/hadoop/hadoop-distcp/3.3.1/hadoop-distcp-3.3.1-tests.jar:/home/runner/.m2/repository/org/apache/ratis/ratis-common/2.2.0/ratis-common-2.2.0.jar:/home/runner/.m2/repository/org/apache/ratis/ratis-thirdparty-misc/0.7.0/ratis-thirdparty-misc-0.7.0.jar:/home/runner/.m2/repository/org/apache/ratis/ratis-proto/2.2.0/ratis-proto-2.2.0.jar:"/>
    <property name="java.vm.vendor" value="AdoptOpenJDK"/>
    <property name="sun.arch.data.model" value="64"/>
    <property name="test.build.dir" value="/home/runner/work/ozone/ozone/hadoop-ozone/integration-test/target/test-dir"/>
    <property name="test.cache.data" value=""/>
    <property name="java.vendor.url" value="https://adoptopenjdk.net/"/>
    <property name="user.timezone" value=""/>
    <property name="java.vm.specification.version" value="1.8"/>
    <property name="os.name" value="Linux"/>
    <property name="test.build.data" value="/home/runner/work/ozone/ozone/hadoop-ozone/integration-test/target/test-dir"/>
    <property name="sun.java.launcher" value="SUN_STANDARD"/>
    <property name="sun.boot.library.path" value="/usr/lib/jvm/adoptopenjdk-8-hotspot-amd64/jre/lib/amd64"/>
    <property name="sun.java.command" value="/home/runner/work/ozone/ozone/hadoop-ozone/integration-test/target/surefire/surefirebooter6349050751630099175.jar /home/runner/work/ozone/ozone/hadoop-ozone/integration-test/target/surefire 2021-11-29T08-13-03_278-jvmRun1 surefire6789602747462825684tmp surefire_304631153128868014374tmp"/>
    <property name="surefire.test.class.path" value="/home/runner/work/ozone/ozone/hadoop-ozone/integration-test/target/test-classes:/home/runner/work/ozone/ozone/hadoop-ozone/integration-test/target/classes:/home/runner/.m2/repository/org/apache/ozone/ozone-common/1.3.0-SNAPSHOT/ozone-common-1.3.0-SNAPSHOT.jar:/home/runner/.m2/repository/org/apache/commons/commons-compress/1.21/commons-compress-1.21.jar:/home/runner/.m2/repository/org/apache/ozone/hdds-common/1.3.0-SNAPSHOT/hdds-common-1.3.0-SNAPSHOT.jar:/home/runner/.m2/repository/org/apache/ozone/hdds-client/1.3.0-SNAPSHOT/hdds-client-1.3.0-SNAPSHOT.jar:/home/runner/.m2/repository/org/apache/ozone/ozone-interface-client/1.3.0-SNAPSHOT/ozone-interface-client-1.3.0-SNAPSHOT.jar:/home/runner/.m2/repository/org/apache/ozone/hdds-test-utils/1.3.0-SNAPSHOT/hdds-test-utils-1.3.0-SNAPSHOT.jar:/home/runner/.m2/repository/com/google/guava/guava/30.1.1-jre/guava-30.1.1-jre.jar:/home/runner/.m2/repository/com/google/guava/failureaccess/1.0.1/failureaccess-1.0.1.jar:/home/runner/.m2/repository/com/google/guava/listenablefuture/9999.0-empty-to-avoid-conflict-with-guava/listenablefuture-9999.0-empty-to-avoid-conflict-with-guava.jar:/home/runner/.m2/repository/com/google/code/findbugs/jsr305/3.0.0/jsr305-3.0.0.jar:/home/runner/.m2/repository/org/checkerframework/checker-qual/3.8.0/checker-qual-3.8.0.jar:/home/runner/.m2/repository/com/google/errorprone/error_prone_annotations/2.2.0/error_prone_annotations-2.2.0.jar:/home/runner/.m2/repository/com/google/j2objc/j2objc-annotations/1.3/j2objc-annotations-1.3.jar:/home/runner/.m2/repository/commons-io/commons-io/2.11.0/commons-io-2.11.0.jar:/home/runner/.m2/repository/commons-logging/commons-logging/1.2/commons-logging-1.2.jar:/home/runner/.m2/repository/log4j/log4j/1.2.17/log4j-1.2.17.jar:/home/runner/.m2/repository/org/slf4j/slf4j-api/1.7.30/slf4j-api-1.7.30.jar:/home/runner/.m2/repository/org/apache/ozone/hdds-server-scm/1.3.0-SNAPSHOT/hdds-server-scm-1.3.0-SNAPSHOT.jar:/home/runner/.m2/repository/org/apache/ozone/hdds-container-service/1.3.0-SNAPSHOT/hdds-container-service-1.3.0-SNAPSHOT.jar:/home/runner/.m2/repository/org/apache/ozone/hdds-hadoop-dependency-server/1.3.0-SNAPSHOT/hdds-hadoop-dependency-server-1.3.0-SNAPSHOT.jar:/home/runner/.m2/repository/org/apache/hadoop/hadoop-hdfs/3.3.1/hadoop-hdfs-3.3.1.jar:/home/runner/.m2/repository/org/apache/ozone/hdds-server-framework/1.3.0-SNAPSHOT/hdds-server-framework-1.3.0-SNAPSHOT.jar:/home/runner/.m2/repository/org/apache/ozone/hdds-interface-server/1.3.0-SNAPSHOT/hdds-interface-server-1.3.0-SNAPSHOT.jar:/home/runner/.m2/repository/org/eclipse/jetty/jetty-servlet/9.4.43.v20210629/jetty-servlet-9.4.43.v20210629.jar:/home/runner/.m2/repository/org/eclipse/jetty/jetty-security/9.4.43.v20210629/jetty-security-9.4.43.v20210629.jar:/home/runner/.m2/repository/org/rocksdb/rocksdbjni/6.25.3/rocksdbjni-6.25.3.jar:/home/runner/.m2/repository/io/prometheus/simpleclient_dropwizard/0.7.0/simpleclient_dropwizard-0.7.0.jar:/home/runner/.m2/repository/io/prometheus/simpleclient/0.7.0/simpleclient-0.7.0.jar:/home/runner/.m2/repository/io/prometheus/simpleclient_common/0.7.0/simpleclient_common-0.7.0.jar:/home/runner/.m2/repository/com/fasterxml/jackson/datatype/jackson-datatype-jsr310/2.12.1/jackson-datatype-jsr310-2.12.1.jar:/home/runner/.m2/repository/io/dropwizard/metrics/metrics-core/3.2.4/metrics-core-3.2.4.jar:/home/runner/.m2/repository/org/apache/hadoop/hadoop-hdfs-client/3.3.1/hadoop-hdfs-client-3.3.1.jar:/home/runner/.m2/repository/org/bouncycastle/bcprov-jdk15on/1.67/bcprov-jdk15on-1.67.jar:/home/runner/.m2/repository/com/google/protobuf/protobuf-java/2.5.0/protobuf-java-2.5.0.jar:/home/runner/.m2/repository/org/apache/ozone/ozone-manager/1.3.0-SNAPSHOT/ozone-manager-1.3.0-SNAPSHOT.jar:/home/runner/.m2/repository/org/aspectj/aspectjrt/1.9.7/aspectjrt-1.9.7.jar:/home/runner/.m2/repository/org/aspectj/aspectjweaver/1.9.7/aspectjweaver-1.9.7.jar:/home/runner/.m2/repository/org/apache/ozone/hdds-interface-client/1.3.0-SNAPSHOT/hdds-interface-client-1.3.0-SNAPSHOT.jar:/home/runner/.m2/repository/org/apache/hadoop/thirdparty/hadoop-shaded-protobuf_3_7/1.1.1/hadoop-shaded-protobuf_3_7-1.1.1.jar:/home/runner/.m2/repository/org/apache/ozone/ozone-interface-storage/1.3.0-SNAPSHOT/ozone-interface-storage-1.3.0-SNAPSHOT.jar:/home/runner/.m2/repository/org/reflections/reflections/0.9.11/reflections-0.9.11.jar:/home/runner/.m2/repository/org/apache/hadoop/hadoop-minikdc/3.3.1/hadoop-minikdc-3.3.1.jar:/home/runner/.m2/repository/org/apache/kerby/kerb-simplekdc/1.0.1/kerb-simplekdc-1.0.1.jar:/home/runner/.m2/repository/org/apache/kerby/kerb-client/1.0.1/kerb-client-1.0.1.jar:/home/runner/.m2/repository/org/apache/kerby/kerby-config/1.0.1/kerby-config-1.0.1.jar:/home/runner/.m2/repository/org/apache/kerby/kerb-common/1.0.1/kerb-common-1.0.1.jar:/home/runner/.m2/repository/org/apache/kerby/kerb-crypto/1.0.1/kerb-crypto-1.0.1.jar:/home/runner/.m2/repository/org/apache/kerby/kerb-util/1.0.1/kerb-util-1.0.1.jar:/home/runner/.m2/repository/org/apache/kerby/token-provider/1.0.1/token-provider-1.0.1.jar:/home/runner/.m2/repository/org/apache/kerby/kerb-admin/1.0.1/kerb-admin-1.0.1.jar:/home/runner/.m2/repository/org/apache/kerby/kerb-server/1.0.1/kerb-server-1.0.1.jar:/home/runner/.m2/repository/org/apache/kerby/kerb-identity/1.0.1/kerb-identity-1.0.1.jar:/home/runner/.m2/repository/org/apache/kerby/kerby-xdr/1.0.1/kerby-xdr-1.0.1.jar:/home/runner/.m2/repository/org/slf4j/slf4j-log4j12/1.7.30/slf4j-log4j12-1.7.30.jar:/home/runner/.m2/repository/org/apache/ozone/ozone-s3gateway/1.3.0-SNAPSHOT/ozone-s3gateway-1.3.0-SNAPSHOT.jar:/home/runner/.m2/repository/org/javassist/javassist/3.21.0-GA/javassist-3.21.0-GA.jar:/home/runner/.m2/repository/org/jboss/weld/servlet/weld-servlet/2.4.7.Final/weld-servlet-2.4.7.Final.jar:/home/runner/.m2/repository/org/glassfish/jersey/containers/jersey-container-servlet-core/2.33/jersey-container-servlet-core-2.33.jar:/home/runner/.m2/repository/org/glassfish/hk2/external/jakarta.inject/2.6.1/jakarta.inject-2.6.1.jar:/home/runner/.m2/repository/org/glassfish/jersey/core/jersey-common/2.33/jersey-common-2.33.jar:/home/runner/.m2/repository/jakarta/ws/rs/jakarta.ws.rs-api/2.1.6/jakarta.ws.rs-api-2.1.6.jar:/home/runner/.m2/repository/org/glassfish/jersey/ext/cdi/jersey-cdi1x/2.33/jersey-cdi1x-2.33.jar:/home/runner/.m2/repository/org/glassfish/jersey/inject/jersey-hk2/2.33/jersey-hk2-2.33.jar:/home/runner/.m2/repository/org/glassfish/hk2/hk2-locator/2.6.1/hk2-locator-2.6.1.jar:/home/runner/.m2/repository/org/glassfish/jersey/media/jersey-media-jaxb/2.33/jersey-media-jaxb-2.33.jar:/home/runner/.m2/repository/org/glassfish/hk2/osgi-resource-locator/1.0.3/osgi-resource-locator-1.0.3.jar:/home/runner/.m2/repository/org/glassfish/hk2/hk2-api/2.5.0/hk2-api-2.5.0.jar:/home/runner/.m2/repository/org/glassfish/hk2/hk2-utils/2.5.0/hk2-utils-2.5.0.jar:/home/runner/.m2/repository/org/glassfish/hk2/external/aopalliance-repackaged/2.5.0/aopalliance-repackaged-2.5.0.jar:/home/runner/.m2/repository/com/fasterxml/jackson/dataformat/jackson-dataformat-xml/2.12.1/jackson-dataformat-xml-2.12.1.jar:/home/runner/.m2/repository/com/fasterxml/jackson/core/jackson-core/2.12.1/jackson-core-2.12.1.jar:/home/runner/.m2/repository/com/fasterxml/jackson/module/jackson-module-jaxb-annotations/2.12.1/jackson-module-jaxb-annotations-2.12.1.jar:/home/runner/.m2/repository/jakarta/xml/bind/jakarta.xml.bind-api/2.3.2/jakarta.xml.bind-api-2.3.2.jar:/home/runner/.m2/repository/org/codehaus/woodstox/stax2-api/3.1.4/stax2-api-3.1.4.jar:/home/runner/.m2/repository/com/fasterxml/woodstox/woodstox-core/5.0.3/woodstox-core-5.0.3.jar:/home/runner/.m2/repository/javax/enterprise/cdi-api/1.2/cdi-api-1.2.jar:/home/runner/.m2/repository/javax/el/javax.el-api/3.0.0/javax.el-api-3.0.0.jar:/home/runner/.m2/repository/javax/interceptor/javax.interceptor-api/1.2/javax.interceptor-api-1.2.jar:/home/runner/.m2/repository/javax/inject/javax.inject/1/javax.inject-1.jar:/home/runner/.m2/repository/javax/xml/bind/jaxb-api/2.3.0/jaxb-api-2.3.0.jar:/home/runner/.m2/repository/org/glassfish/jaxb/jaxb-runtime/2.3.0.1/jaxb-runtime-2.3.0.1.jar:/home/runner/.m2/repository/org/glassfish/jaxb/jaxb-core/2.3.0.1/jaxb-core-2.3.0.1.jar:/home/runner/.m2/repository/org/glassfish/jaxb/txw2/2.3.0.1/txw2-2.3.0.1.jar:/home/runner/.m2/repository/com/sun/istack/istack-commons-runtime/3.0.5/istack-commons-runtime-3.0.5.jar:/home/runner/.m2/repository/org/jvnet/staxex/stax-ex/1.7.8/stax-ex-1.7.8.jar:/home/runner/.m2/repository/com/sun/xml/fastinfoset/FastInfoset/1.2.13/FastInfoset-1.2.13.jar:/home/runner/.m2/repository/javax/activation/activation/1.1.1/activation-1.1.1.jar:/home/runner/.m2/repository/org/apache/ozone/ozone-csi/1.3.0-SNAPSHOT/ozone-csi-1.3.0-SNAPSHOT.jar:/home/runner/.m2/repository/com/google/protobuf/protobuf-java-util/3.12.0/protobuf-java-util-3.12.0.jar:/home/runner/.m2/repository/com/google/code/gson/gson/2.2.4/gson-2.2.4.jar:/home/runner/.m2/repository/org/apache/ozone/hdds-config/1.3.0-SNAPSHOT/hdds-config-1.3.0-SNAPSHOT.jar:/home/runner/.m2/repository/io/grpc/grpc-netty/1.33.0/grpc-netty-1.33.0.jar:/home/runner/.m2/repository/io/grpc/grpc-core/1.33.0/grpc-core-1.33.0.jar:/home/runner/.m2/repository/com/google/android/annotations/4.1.1.4/annotations-4.1.1.4.jar:/home/runner/.m2/repository/io/netty/netty-codec-http2/4.1.63.Final/netty-codec-http2-4.1.63.Final.jar:/home/runner/.m2/repository/io/netty/netty-codec-http/4.1.63.Final/netty-codec-http-4.1.63.Final.jar:/home/runner/.m2/repository/io/netty/netty-handler-proxy/4.1.63.Final/netty-handler-proxy-4.1.63.Final.jar:/home/runner/.m2/repository/io/netty/netty-codec-socks/4.1.63.Final/netty-codec-socks-4.1.63.Final.jar:/home/runner/.m2/repository/io/perfmark/perfmark-api/0.19.0/perfmark-api-0.19.0.jar:/home/runner/.m2/repository/org/codehaus/mojo/animal-sniffer-annotations/1.18/animal-sniffer-annotations-1.18.jar:/home/runner/.m2/repository/io/netty/netty-transport-native-epoll/4.1.63.Final/netty-transport-native-epoll-4.1.63.Final.jar:/home/runner/.m2/repository/io/netty/netty-common/4.1.63.Final/netty-common-4.1.63.Final.jar:/home/runner/.m2/repository/io/netty/netty-buffer/4.1.63.Final/netty-buffer-4.1.63.Final.jar:/home/runner/.m2/repository/io/netty/netty-transport-native-unix-common/4.1.63.Final/netty-transport-native-unix-common-4.1.63.Final.jar:/home/runner/.m2/repository/io/grpc/grpc-protobuf/1.33.0/grpc-protobuf-1.33.0.jar:/home/runner/.m2/repository/io/grpc/grpc-api/1.33.0/grpc-api-1.33.0.jar:/home/runner/.m2/repository/io/grpc/grpc-context/1.33.0/grpc-context-1.33.0.jar:/home/runner/.m2/repository/com/google/api/grpc/proto-google-common-protos/1.17.0/proto-google-common-protos-1.17.0.jar:/home/runner/.m2/repository/io/grpc/grpc-protobuf-lite/1.33.0/grpc-protobuf-lite-1.33.0.jar:/home/runner/.m2/repository/io/grpc/grpc-stub/1.33.0/grpc-stub-1.33.0.jar:/home/runner/.m2/repository/org/apache/ozone/ozone-recon/1.3.0-SNAPSHOT/ozone-recon-1.3.0-SNAPSHOT.jar:/home/runner/.m2/repository/org/apache/ozone/ozone-reconcodegen/1.3.0-SNAPSHOT/ozone-reconcodegen-1.3.0-SNAPSHOT.jar:/home/runner/.m2/repository/com/google/inject/extensions/guice-multibindings/4.0/guice-multibindings-4.0.jar:/home/runner/.m2/repository/com/google/inject/guice/4.0/guice-4.0.jar:/home/runner/.m2/repository/aopalliance/aopalliance/1.0/aopalliance-1.0.jar:/home/runner/.m2/repository/com/google/inject/extensions/guice-assistedinject/4.0/guice-assistedinject-4.0.jar:/home/runner/.m2/repository/com/google/inject/extensions/guice-servlet/4.0/guice-servlet-4.0.jar:/home/runner/.m2/repository/org/glassfish/jersey/containers/jersey-container-servlet/2.33/jersey-container-servlet-2.33.jar:/home/runner/.m2/repository/org/glassfish/hk2/guice-bridge/2.5.0/guice-bridge-2.5.0.jar:/home/runner/.m2/repository/org/glassfish/jersey/core/jersey-server/2.33/jersey-server-2.33.jar:/home/runner/.m2/repository/org/glassfish/jersey/core/jersey-client/2.33/jersey-client-2.33.jar:/home/runner/.m2/repository/jakarta/annotation/jakarta.annotation-api/1.3.5/jakarta.annotation-api-1.3.5.jar:/home/runner/.m2/repository/jakarta/validation/jakarta.validation-api/2.0.2/jakarta.validation-api-2.0.2.jar:/home/runner/.m2/repository/org/glassfish/jersey/media/jersey-media-json-jackson/2.33/jersey-media-json-jackson-2.33.jar:/home/runner/.m2/repository/org/glassfish/jersey/ext/jersey-entity-filtering/2.33/jersey-entity-filtering-2.33.jar:/home/runner/.m2/repository/org/jooq/jooq/3.11.10/jooq-3.11.10.jar:/home/runner/.m2/repository/org/jooq/jooq-meta/3.11.10/jooq-meta-3.11.10.jar:/home/runner/.m2/repository/org/jooq/jooq-codegen/3.11.10/jooq-codegen-3.11.10.jar:/home/runner/.m2/repository/com/jolbox/bonecp/0.8.0.RELEASE/bonecp-0.8.0.RELEASE.jar:/home/runner/.m2/repository/org/apache/derby/derby/10.14.2.0/derby-10.14.2.0.jar:/home/runner/.m2/repository/org/xerial/sqlite-jdbc/3.25.2/sqlite-jdbc-3.25.2.jar:/home/runner/.m2/repository/org/springframework/spring-jdbc/5.2.18.RELEASE/spring-jdbc-5.2.18.RELEASE.jar:/home/runner/.m2/repository/org/springframework/spring-beans/5.2.18.RELEASE/spring-beans-5.2.18.RELEASE.jar:/home/runner/.m2/repository/org/springframework/spring-core/5.2.18.RELEASE/spring-core-5.2.18.RELEASE.jar:/home/runner/.m2/repository/org/springframework/spring-jcl/5.2.18.RELEASE/spring-jcl-5.2.18.RELEASE.jar:/home/runner/.m2/repository/org/springframework/spring-tx/5.2.18.RELEASE/spring-tx-5.2.18.RELEASE.jar:/home/runner/.m2/repository/org/apache/ozone/ozone-client/1.3.0-SNAPSHOT/ozone-client-1.3.0-SNAPSHOT.jar:/home/runner/.m2/repository/org/apache/ozone/ozone-filesystem/1.3.0-SNAPSHOT/ozone-filesystem-1.3.0-SNAPSHOT.jar:/home/runner/.m2/repository/org/apache/ozone/ozone-filesystem-common/1.3.0-SNAPSHOT/ozone-filesystem-common-1.3.0-SNAPSHOT.jar:/home/runner/.m2/repository/org/apache/ozone/ozone-tools/1.3.0-SNAPSHOT/ozone-tools-1.3.0-SNAPSHOT.jar:/home/runner/.m2/repository/org/apache/ratis/ratis-tools/2.2.0/ratis-tools-2.2.0.jar:/home/runner/.m2/repository/com/amazonaws/aws-java-sdk-core/1.11.1034/aws-java-sdk-core-1.11.1034.jar:/home/runner/.m2/repository/org/apache/httpcomponents/httpclient/4.5.13/httpclient-4.5.13.jar:/home/runner/.m2/repository/org/apache/httpcomponents/httpcore/4.4.13/httpcore-4.4.13.jar:/home/runner/.m2/repository/software/amazon/ion/ion-java/1.0.2/ion-java-1.0.2.jar:/home/runner/.m2/repository/com/fasterxml/jackson/dataformat/jackson-dataformat-cbor/2.12.1/jackson-dataformat-cbor-2.12.1.jar:/home/runner/.m2/repository/joda-time/joda-time/2.8.1/joda-time-2.8.1.jar:/home/runner/.m2/repository/com/amazonaws/aws-java-sdk-s3/1.11.1034/aws-java-sdk-s3-1.11.1034.jar:/home/runner/.m2/repository/com/amazonaws/aws-java-sdk-kms/1.11.1034/aws-java-sdk-kms-1.11.1034.jar:/home/runner/.m2/repository/com/amazonaws/jmespath-java/1.11.1034/jmespath-java-1.11.1034.jar:/home/runner/.m2/repository/org/kohsuke/metainf-services/metainf-services/1.8/metainf-services-1.8.jar:/home/runner/.m2/repository/org/apache/ozone/hdds-tools/1.3.0-SNAPSHOT/hdds-tools-1.3.0-SNAPSHOT.jar:/home/runner/.m2/repository/commons-cli/commons-cli/1.2/commons-cli-1.2.jar:/home/runner/.m2/repository/org/apache/commons/commons-lang3/3.7/commons-lang3-3.7.jar:/home/runner/.m2/repository/org/apache/ozone/ozone-manager/1.3.0-SNAPSHOT/ozone-manager-1.3.0-SNAPSHOT-tests.jar:/home/runner/.m2/repository/org/apache/ozone/hdds-common/1.3.0-SNAPSHOT/hdds-common-1.3.0-SNAPSHOT-tests.jar:/home/runner/.m2/repository/org/apache/ozone/hdds-hadoop-dependency-client/1.3.0-SNAPSHOT/hdds-hadoop-dependency-client-1.3.0-SNAPSHOT.jar:/home/runner/.m2/repository/info/picocli/picocli/4.6.1/picocli-4.6.1.jar:/home/runner/.m2/repository/com/fasterxml/jackson/core/jackson-annotations/2.12.1/jackson-annotations-2.12.1.jar:/home/runner/.m2/repository/javax/annotation/javax.annotation-api/1.2/javax.annotation-api-1.2.jar:/home/runner/.m2/repository/org/apache/ratis/ratis-server/2.2.0/ratis-server-2.2.0.jar:/home/runner/.m2/repository/org/apache/ratis/ratis-client/2.2.0/ratis-client-2.2.0.jar:/home/runner/.m2/repository/org/apache/ratis/ratis-server-api/2.2.0/ratis-server-api-2.2.0.jar:/home/runner/.m2/repository/org/apache/ratis/ratis-metrics/2.2.0/ratis-metrics-2.2.0.jar:/home/runner/.m2/repository/org/apache/ratis/ratis-netty/2.2.0/ratis-netty-2.2.0.jar:/home/runner/.m2/repository/org/apache/ratis/ratis-grpc/2.2.0/ratis-grpc-2.2.0.jar:/home/runner/.m2/repository/org/apache/logging/log4j/log4j-api/2.13.3/log4j-api-2.13.3.jar:/home/runner/.m2/repository/org/apache/logging/log4j/log4j-core/2.13.3/log4j-core-2.13.3.jar:/home/runner/.m2/repository/com/lmax/disruptor/3.4.2/disruptor-3.4.2.jar:/home/runner/.m2/repository/org/apache/commons/commons-pool2/2.6.0/commons-pool2-2.6.0.jar:/home/runner/.m2/repository/org/bouncycastle/bcpkix-jdk15on/1.67/bcpkix-jdk15on-1.67.jar:/home/runner/.m2/repository/commons-validator/commons-validator/1.6/commons-validator-1.6.jar:/home/runner/.m2/repository/commons-beanutils/commons-beanutils/1.9.4/commons-beanutils-1.9.4.jar:/home/runner/.m2/repository/commons-digester/commons-digester/1.8.1/commons-digester-1.8.1.jar:/home/runner/.m2/repository/commons-collections/commons-collections/3.2.2/commons-collections-3.2.2.jar:/home/runner/.m2/repository/io/jaegertracing/jaeger-client/1.6.0/jaeger-client-1.6.0.jar:/home/runner/.m2/repository/io/jaegertracing/jaeger-thrift/1.6.0/jaeger-thrift-1.6.0.jar:/home/runner/.m2/repository/org/apache/thrift/libthrift/0.14.1/libthrift-0.14.1.jar:/home/runner/.m2/repository/com/squareup/okhttp3/okhttp/4.9.0/okhttp-4.9.0.jar:/home/runner/.m2/repository/com/squareup/okio/okio/2.8.0/okio-2.8.0.jar:/home/runner/.m2/repository/io/jaegertracing/jaeger-core/1.6.0/jaeger-core-1.6.0.jar:/home/runner/.m2/repository/io/jaegertracing/jaeger-tracerresolver/1.6.0/jaeger-tracerresolver-1.6.0.jar:/home/runner/.m2/repository/io/opentracing/contrib/opentracing-tracerresolver/0.1.8/opentracing-tracerresolver-0.1.8.jar:/home/runner/.m2/repository/org/jetbrains/kotlin/kotlin-stdlib/1.4.31/kotlin-stdlib-1.4.31.jar:/home/runner/.m2/repository/org/jetbrains/kotlin/kotlin-stdlib-common/1.4.31/kotlin-stdlib-common-1.4.31.jar:/home/runner/.m2/repository/org/jetbrains/annotations/13.0/annotations-13.0.jar:/home/runner/.m2/repository/io/opentracing/opentracing-util/0.33.0/opentracing-util-0.33.0.jar:/home/runner/.m2/repository/io/opentracing/opentracing-api/0.33.0/opentracing-api-0.33.0.jar:/home/runner/.m2/repository/io/opentracing/opentracing-noop/0.33.0/opentracing-noop-0.33.0.jar:/home/runner/.m2/repository/org/yaml/snakeyaml/1.26/snakeyaml-1.26.jar:/home/runner/.m2/repository/org/apache/ozone/hdds-interface-admin/1.3.0-SNAPSHOT/hdds-interface-admin-1.3.0-SNAPSHOT.jar:/home/runner/.m2/repository/junit/junit/4.13.1/junit-4.13.1.jar:/home/runner/.m2/repository/org/hamcrest/hamcrest-core/1.3/hamcrest-core-1.3.jar:/home/runner/.m2/repository/org/junit/jupiter/junit-jupiter-api/5.7.0/junit-jupiter-api-5.7.0.jar:/home/runner/.m2/repository/org/apiguardian/apiguardian-api/1.1.0/apiguardian-api-1.1.0.jar:/home/runner/.m2/repository/org/opentest4j/opentest4j/1.2.0/opentest4j-1.2.0.jar:/home/runner/.m2/repository/org/junit/platform/junit-platform-commons/1.7.0/junit-platform-commons-1.7.0.jar:/home/runner/.m2/repository/org/junit/jupiter/junit-jupiter-engine/5.7.0/junit-jupiter-engine-5.7.0.jar:/home/runner/.m2/repository/org/junit/platform/junit-platform-engine/1.7.0/junit-platform-engine-1.7.0.jar:/home/runner/.m2/repository/org/junit/vintage/junit-vintage-engine/5.7.0/junit-vintage-engine-5.7.0.jar:/home/runner/.m2/repository/org/junit/platform/junit-platform-launcher/1.7.0/junit-platform-launcher-1.7.0.jar:/home/runner/.m2/repository/org/openjdk/jmh/jmh-core/1.19/jmh-core-1.19.jar:/home/runner/.m2/repository/net/sf/jopt-simple/jopt-simple/4.6/jopt-simple-4.6.jar:/home/runner/.m2/repository/org/apache/commons/commons-math3/3.1.1/commons-math3-3.1.1.jar:/home/runner/.m2/repository/org/openjdk/jmh/jmh-generator-annprocess/1.19/jmh-generator-annprocess-1.19.jar:/home/runner/.m2/repository/org/mockito/mockito-core/2.28.2/mockito-core-2.28.2.jar:/home/runner/.m2/repository/net/bytebuddy/byte-buddy/1.9.10/byte-buddy-1.9.10.jar:/home/runner/.m2/repository/net/bytebuddy/byte-buddy-agent/1.9.10/byte-buddy-agent-1.9.10.jar:/home/runner/.m2/repository/org/objenesis/objenesis/1.0/objenesis-1.0.jar:/home/runner/.m2/repository/org/apache/hadoop/hadoop-kms/3.3.1/hadoop-kms-3.3.1.jar:/home/runner/.m2/repository/org/apache/hadoop/hadoop-auth/3.3.1/hadoop-auth-3.3.1.jar:/home/runner/.m2/repository/com/nimbusds/nimbus-jose-jwt/7.9/nimbus-jose-jwt-7.9.jar:/home/runner/.m2/repository/com/github/stephenc/jcip/jcip-annotations/1.0-1/jcip-annotations-1.0-1.jar:/home/runner/.m2/repository/net/minidev/json-smart/2.3.1/json-smart-2.3.1.jar:/home/runner/.m2/repository/net/minidev/accessors-smart/2.3.1/accessors-smart-2.3.1.jar:/home/runner/.m2/repository/org/ow2/asm/asm/5.0.4/asm-5.0.4.jar:/home/runner/.m2/repository/org/apache/zookeeper/zookeeper/3.5.6/zookeeper-3.5.6.jar:/home/runner/.m2/repository/org/apache/zookeeper/zookeeper-jute/3.5.6/zookeeper-jute-3.5.6.jar:/home/runner/.m2/repository/org/apache/yetus/audience-annotations/0.5.0/audience-annotations-0.5.0.jar:/home/runner/.m2/repository/org/apache/curator/curator-framework/4.2.0/curator-framework-4.2.0.jar:/home/runner/.m2/repository/org/apache/hadoop/thirdparty/hadoop-shaded-guava/1.1.1/hadoop-shaded-guava-1.1.1.jar:/home/runner/.m2/repository/com/sun/jersey/jersey-core/1.19/jersey-core-1.19.jar:/home/runner/.m2/repository/javax/ws/rs/jsr311-api/1.1.1/jsr311-api-1.1.1.jar:/home/runner/.m2/repository/com/sun/jersey/jersey-server/1.19/jersey-server-1.19.jar:/home/runner/.m2/repository/javax/servlet/javax.servlet-api/3.1.0/javax.servlet-api-3.1.0.jar:/home/runner/.m2/repository/org/eclipse/jetty/jetty-server/9.4.43.v20210629/jetty-server-9.4.43.v20210629.jar:/home/runner/.m2/repository/org/eclipse/jetty/jetty-http/9.4.43.v20210629/jetty-http-9.4.43.v20210629.jar:/home/runner/.m2/repository/org/eclipse/jetty/jetty-io/9.4.43.v20210629/jetty-io-9.4.43.v20210629.jar:/home/runner/.m2/repository/org/eclipse/jetty/jetty-webapp/9.4.43.v20210629/jetty-webapp-9.4.43.v20210629.jar:/home/runner/.m2/repository/org/eclipse/jetty/jetty-xml/9.4.43.v20210629/jetty-xml-9.4.43.v20210629.jar:/home/runner/.m2/repository/org/apache/hadoop/hadoop-common/3.3.1/hadoop-common-3.3.1.jar:/home/runner/.m2/repository/commons-net/commons-net/3.6/commons-net-3.6.jar:/home/runner/.m2/repository/jakarta/activation/jakarta.activation-api/1.2.1/jakarta.activation-api-1.2.1.jar:/home/runner/.m2/repository/com/sun/jersey/jersey-servlet/1.19/jersey-servlet-1.19.jar:/home/runner/.m2/repository/com/sun/jersey/jersey-json/1.19/jersey-json-1.19.jar:/home/runner/.m2/repository/org/codehaus/jettison/jettison/1.1/jettison-1.1.jar:/home/runner/.m2/repository/com/sun/xml/bind/jaxb-impl/2.2.3-1/jaxb-impl-2.2.3-1.jar:/home/runner/.m2/repository/org/codehaus/jackson/jackson-jaxrs/1.9.2/jackson-jaxrs-1.9.2.jar:/home/runner/.m2/repository/org/codehaus/jackson/jackson-xc/1.9.2/jackson-xc-1.9.2.jar:/home/runner/.m2/repository/org/apache/commons/commons-configuration2/2.1.1/commons-configuration2-2.1.1.jar:/home/runner/.m2/repository/org/apache/commons/commons-text/1.4/commons-text-1.4.jar:/home/runner/.m2/repository/com/google/re2j/re2j/1.1/re2j-1.1.jar:/home/runner/.m2/repository/com/jcraft/jsch/0.1.54/jsch-0.1.54.jar:/home/runner/.m2/repository/org/apache/curator/curator-client/4.2.0/curator-client-4.2.0.jar:/home/runner/.m2/repository/org/apache/curator/curator-recipes/4.2.0/curator-recipes-4.2.0.jar:/home/runner/.m2/repository/org/apache/kerby/kerb-core/1.0.1/kerb-core-1.0.1.jar:/home/runner/.m2/repository/org/apache/kerby/kerby-pkix/1.0.1/kerby-pkix-1.0.1.jar:/home/runner/.m2/repository/org/apache/kerby/kerby-asn1/1.0.1/kerby-asn1-1.0.1.jar:/home/runner/.m2/repository/org/apache/kerby/kerby-util/1.0.1/kerby-util-1.0.1.jar:/home/runner/.m2/repository/dnsjava/dnsjava/2.1.7/dnsjava-2.1.7.jar:/home/runner/.m2/repository/org/xerial/snappy/snappy-java/1.1.8.2/snappy-java-1.1.8.2.jar:/home/runner/.m2/repository/org/slf4j/jul-to-slf4j/1.7.30/jul-to-slf4j-1.7.30.jar:/home/runner/.m2/repository/org/eclipse/jetty/jetty-util/9.4.43.v20210629/jetty-util-9.4.43.v20210629.jar:/home/runner/.m2/repository/com/fasterxml/jackson/core/jackson-databind/2.12.1/jackson-databind-2.12.1.jar:/home/runner/.m2/repository/org/apache/hadoop/hadoop-kms/3.3.1/hadoop-kms-3.3.1-tests.jar:/home/runner/.m2/repository/org/apache/ozone/hdds-server-scm/1.3.0-SNAPSHOT/hdds-server-scm-1.3.0-SNAPSHOT-tests.jar:/home/runner/.m2/repository/org/apache/ozone/hdds-container-service/1.3.0-SNAPSHOT/hdds-container-service-1.3.0-SNAPSHOT-tests.jar:/home/runner/.m2/repository/commons-codec/commons-codec/1.11/commons-codec-1.11.jar:/home/runner/.m2/repository/io/netty/netty-transport/4.1.63.Final/netty-transport-4.1.63.Final.jar:/home/runner/.m2/repository/io/netty/netty-resolver/4.1.63.Final/netty-resolver-4.1.63.Final.jar:/home/runner/.m2/repository/io/netty/netty-codec/4.1.63.Final/netty-codec-4.1.63.Final.jar:/home/runner/.m2/repository/io/netty/netty-handler/4.1.63.Final/netty-handler-4.1.63.Final.jar:/home/runner/.m2/repository/org/apache/ozone/hdds-hadoop-dependency-test/1.3.0-SNAPSHOT/hdds-hadoop-dependency-test-1.3.0-SNAPSHOT.jar:/home/runner/.m2/repository/org/apache/hadoop/hadoop-common/3.3.1/hadoop-common-3.3.1-tests.jar:/home/runner/.m2/repository/org/assertj/assertj-core/3.12.2/assertj-core-3.12.2.jar:/home/runner/.m2/repository/org/apache/hadoop/hadoop-hdfs/3.3.1/hadoop-hdfs-3.3.1-tests.jar:/home/runner/.m2/repository/org/eclipse/jetty/jetty-util-ajax/9.4.43.v20210629/jetty-util-ajax-9.4.43.v20210629.jar:/home/runner/.m2/repository/commons-daemon/commons-daemon/1.0.13/commons-daemon-1.0.13.jar:/home/runner/.m2/repository/io/netty/netty/3.10.6.Final/netty-3.10.6.Final.jar:/home/runner/.m2/repository/io/netty/netty-all/4.1.63.Final/netty-all-4.1.63.Final.jar:/home/runner/.m2/repository/org/apache/htrace/htrace-core4/4.1.0-incubating/htrace-core4-4.1.0-incubating.jar:/home/runner/.m2/repository/org/fusesource/leveldbjni/leveldbjni-all/1.8/leveldbjni-all-1.8.jar:/home/runner/.m2/repository/org/apache/hadoop/hadoop-distcp/3.3.1/hadoop-distcp-3.3.1.jar:/home/runner/.m2/repository/org/apache/hadoop/hadoop-mapreduce-client-jobclient/3.3.1/hadoop-mapreduce-client-jobclient-3.3.1.jar:/home/runner/.m2/repository/org/apache/hadoop/hadoop-mapreduce-client-common/3.3.1/hadoop-mapreduce-client-common-3.3.1.jar:/home/runner/.m2/repository/org/apache/hadoop/hadoop-yarn-common/3.3.1/hadoop-yarn-common-3.3.1.jar:/home/runner/.m2/repository/org/apache/hadoop/hadoop-yarn-api/3.3.1/hadoop-yarn-api-3.3.1.jar:/home/runner/.m2/repository/com/sun/jersey/jersey-client/1.19/jersey-client-1.19.jar:/home/runner/.m2/repository/com/sun/jersey/contribs/jersey-guice/1.19/jersey-guice-1.19.jar:/home/runner/.m2/repository/com/fasterxml/jackson/jaxrs/jackson-jaxrs-json-provider/2.12.1/jackson-jaxrs-json-provider-2.12.1.jar:/home/runner/.m2/repository/com/fasterxml/jackson/jaxrs/jackson-jaxrs-base/2.12.1/jackson-jaxrs-base-2.12.1.jar:/home/runner/.m2/repository/org/apache/hadoop/hadoop-yarn-client/3.3.1/hadoop-yarn-client-3.3.1.jar:/home/runner/.m2/repository/org/eclipse/jetty/websocket/websocket-client/9.4.40.v20210413/websocket-client-9.4.40.v20210413.jar:/home/runner/.m2/repository/org/eclipse/jetty/jetty-client/9.4.40.v20210413/jetty-client-9.4.40.v20210413.jar:/home/runner/.m2/repository/org/eclipse/jetty/websocket/websocket-common/9.4.40.v20210413/websocket-common-9.4.40.v20210413.jar:/home/runner/.m2/repository/org/eclipse/jetty/websocket/websocket-api/9.4.40.v20210413/websocket-api-9.4.40.v20210413.jar:/home/runner/.m2/repository/org/jline/jline/3.9.0/jline-3.9.0.jar:/home/runner/.m2/repository/org/apache/hadoop/hadoop-mapreduce-client-core/3.3.1/hadoop-mapreduce-client-core-3.3.1.jar:/home/runner/.m2/repository/org/apache/avro/avro/1.7.7/avro-1.7.7.jar:/home/runner/.m2/repository/org/codehaus/jackson/jackson-core-asl/1.9.13/jackson-core-asl-1.9.13.jar:/home/runner/.m2/repository/org/codehaus/jackson/jackson-mapper-asl/1.9.13/jackson-mapper-asl-1.9.13.jar:/home/runner/.m2/repository/com/thoughtworks/paranamer/paranamer/2.3/paranamer-2.3.jar:/home/runner/.m2/repository/org/apache/hadoop/hadoop-annotations/3.3.1/hadoop-annotations-3.3.1.jar:/usr/lib/jvm/adoptopenjdk-8-hotspot-amd64/jre/../lib/tools.jar:/home/runner/.m2/repository/org/apache/hadoop/hadoop-distcp/3.3.1/hadoop-distcp-3.3.1-tests.jar:/home/runner/.m2/repository/org/apache/ratis/ratis-common/2.2.0/ratis-common-2.2.0.jar:/home/runner/.m2/repository/org/apache/ratis/ratis-thirdparty-misc/0.7.0/ratis-thirdparty-misc-0.7.0.jar:/home/runner/.m2/repository/org/apache/ratis/ratis-proto/2.2.0/ratis-proto-2.2.0.jar:"/>
    <property name="sun.cpu.endian" value="little"/>
    <property name="user.home" value="/home/runner"/>
    <property name="user.language" value="en"/>
    <property name="java.specification.vendor" value="Oracle Corporation"/>
    <property name="java.home" value="/usr/lib/jvm/adoptopenjdk-8-hotspot-amd64/jre"/>
    <property name="java.security.krb5.conf" value="/home/runner/work/ozone/ozone/hadoop-ozone/integration-test/target/test-classes/krb5.conf"/>
    <property name="basedir" value="/home/runner/work/ozone/ozone/hadoop-ozone/integration-test"/>
    <property name="file.separator" value="/"/>
    <property name="line.separator" value="&#10;"/>
    <property name="java.vm.specification.vendor" value="Oracle Corporation"/>
    <property name="java.specification.name" value="Java Platform API Specification"/>
    <property name="java.awt.graphicsenv" value="sun.awt.X11GraphicsEnvironment"/>
    <property name="skip.installnpx" value="true"/>
    <property name="surefire.real.class.path" value="/home/runner/work/ozone/ozone/hadoop-ozone/integration-test/target/surefire/surefirebooter6349050751630099175.jar:/home/runner/.m2/repository/org/jacoco/org.jacoco.agent/0.8.5/org.jacoco.agent-0.8.5-runtime.jar"/>
    <property name="hadoop.log.dir" value="/home/runner/work/ozone/ozone/hadoop-ozone/integration-test/target/log"/>
    <property name="sun.boot.class.path" value="/usr/lib/jvm/adoptopenjdk-8-hotspot-amd64/jre/lib/resources.jar:/usr/lib/jvm/adoptopenjdk-8-hotspot-amd64/jre/lib/rt.jar:/usr/lib/jvm/adoptopenjdk-8-hotspot-amd64/jre/lib/sunrsasign.jar:/usr/lib/jvm/adoptopenjdk-8-hotspot-amd64/jre/lib/jsse.jar:/usr/lib/jvm/adoptopenjdk-8-hotspot-amd64/jre/lib/jce.jar:/usr/lib/jvm/adoptopenjdk-8-hotspot-amd64/jre/lib/charsets.jar:/usr/lib/jvm/adoptopenjdk-8-hotspot-amd64/jre/lib/jfr.jar:/usr/lib/jvm/adoptopenjdk-8-hotspot-amd64/jre/classes"/>
    <property name="sun.management.compiler" value="HotSpot 64-Bit Tiered Compilers"/>
    <property name="skip.npx" value="true"/>
    <property name="java.runtime.version" value="1.8.0_292-b10"/>
    <property name="java.net.preferIPv4Stack" value="true"/>
    <property name="user.name" value="runner"/>
    <property name="path.separator" value=":"/>
    <property name="java.security.egd" value="file:///dev/urandom"/>
    <property name="os.version" value="5.4.0-1063-azure"/>
    <property name="java.endorsed.dirs" value="/usr/lib/jvm/adoptopenjdk-8-hotspot-amd64/jre/lib/endorsed"/>
    <property name="java.runtime.name" value="OpenJDK Runtime Environment"/>
    <property name="file.encoding" value="UTF-8"/>
    <property name="java.vm.name" value="OpenJDK 64-Bit Server VM"/>
    <property name="test.build.webapps" value=""/>
    <property name="localRepository" value="/home/runner/.m2/repository"/>
    <property name="java.vendor.url.bug" value="https://github.com/AdoptOpenJDK/openjdk-support/issues"/>
    <property name="java.io.tmpdir" value="/tmp"/>
    <property name="require.test.libhadoop" value=""/>
    <property name="java.version" value="1.8.0_292"/>
    <property name="user.dir" value="/home/runner/work/ozone/ozone/hadoop-ozone/integration-test"/>
    <property name="os.arch" value="amd64"/>
    <property name="java.vm.specification.name" value="Java Virtual Machine Specification"/>
    <property name="test.build.classes" value="/home/runner/work/ozone/ozone/hadoop-ozone/integration-test/target/test-classes"/>
    <property name="java.awt.printerjob" value="sun.print.PSPrinterJob"/>
    <property name="sun.os.patch.level" value="unknown"/>
    <property name="hadoop.tmp.dir" value="/home/runner/work/ozone/ozone/hadoop-ozone/integration-test/target/tmp"/>
    <property name="java.library.path" value="/usr/java/packages/lib/amd64:/usr/lib64:/lib64:/lib:/usr/lib"/>
    <property name="java.vm.info" value="mixed mode"/>
    <property name="java.vendor" value="AdoptOpenJDK"/>
    <property name="java.vm.version" value="25.292-b10"/>
    <property name="java.ext.dirs" value="/usr/lib/jvm/adoptopenjdk-8-hotspot-amd64/jre/lib/ext:/usr/java/packages/lib/ext"/>
    <property name="sun.io.unicode.encoding" value="UnicodeLittle"/>
    <property name="java.class.version" value="52.0"/>
  </properties>
  <testcase name="testNodeWithOpenPipelineCanBeDecommissionedAndRecommissioned" classname="org.apache.hadoop.ozone.scm.node.TestDecommissionAndMaintenance" time="40.061">
    <error message="zip file closed" type="java.lang.IllegalStateException"><![CDATA[java.lang.IllegalStateException: zip file closed
	at java.util.zip.ZipFile.ensureOpen(ZipFile.java:686)
	at java.util.zip.ZipFile.access$200(ZipFile.java:60)
	at java.util.zip.ZipFile$ZipEntryIterator.hasNext(ZipFile.java:508)
	at java.util.zip.ZipFile$ZipEntryIterator.hasMoreElements(ZipFile.java:503)
	at java.util.jar.JarFile$JarEntryIterator.hasNext(JarFile.java:253)
	at java.util.jar.JarFile$JarEntryIterator.hasMoreElements(JarFile.java:262)
	at org.reflections.vfs.ZipDir$1$1.computeNext(ZipDir.java:30)
	at org.reflections.vfs.ZipDir$1$1.computeNext(ZipDir.java:26)
	at com.google.common.collect.AbstractIterator.tryToComputeNext(AbstractIterator.java:141)
	at com.google.common.collect.AbstractIterator.hasNext(AbstractIterator.java:136)
	at org.reflections.Reflections.scan(Reflections.java:243)
	at org.reflections.Reflections.scan(Reflections.java:202)
	at org.reflections.Reflections.<init>(Reflections.java:123)
	at org.reflections.Reflections.<init>(Reflections.java:168)
	at org.apache.hadoop.hdds.upgrade.HDDSLayoutVersionManager.registerUpgradeActions(HDDSLayoutVersionManager.java:64)
	at org.apache.hadoop.hdds.upgrade.HDDSLayoutVersionManager.<init>(HDDSLayoutVersionManager.java:51)
	at org.apache.hadoop.ozone.container.common.statemachine.DatanodeStateMachine.<init>(DatanodeStateMachine.java:137)
	at org.apache.hadoop.ozone.HddsDatanodeService.start(HddsDatanodeService.java:275)
	at org.apache.hadoop.ozone.HddsDatanodeService.start(HddsDatanodeService.java:207)
	at org.apache.hadoop.ozone.MiniOzoneClusterImpl.restartHddsDatanode(MiniOzoneClusterImpl.java:423)
	at org.apache.hadoop.ozone.scm.node.TestDecommissionAndMaintenance.testNodeWithOpenPipelineCanBeDecommissionedAndRecommissioned(TestDecommissionAndMaintenance.java:197)
	at sun.reflect.NativeMethodAccessorImpl.invoke0(Native Method)
	at sun.reflect.NativeMethodAccessorImpl.invoke(NativeMethodAccessorImpl.java:62)
	at sun.reflect.DelegatingMethodAccessorImpl.invoke(DelegatingMethodAccessorImpl.java:43)
	at java.lang.reflect.Method.invoke(Method.java:498)
	at org.junit.runners.model.FrameworkMethod$1.runReflectiveCall(FrameworkMethod.java:59)
	at org.junit.internal.runners.model.ReflectiveCallable.run(ReflectiveCallable.java:12)
	at org.junit.runners.model.FrameworkMethod.invokeExplosively(FrameworkMethod.java:56)
	at org.junit.internal.runners.statements.InvokeMethod.evaluate(InvokeMethod.java:17)
	at org.junit.internal.runners.statements.RunBefores.evaluate(RunBefores.java:26)
	at org.junit.internal.runners.statements.RunAfters.evaluate(RunAfters.java:27)
	at org.junit.runners.ParentRunner$3.evaluate(ParentRunner.java:306)
	at org.junit.runners.BlockJUnit4ClassRunner$1.evaluate(BlockJUnit4ClassRunner.java:100)
	at org.junit.runners.ParentRunner.runLeaf(ParentRunner.java:366)
	at org.junit.runners.BlockJUnit4ClassRunner.runChild(BlockJUnit4ClassRunner.java:103)
	at org.junit.runners.BlockJUnit4ClassRunner.runChild(BlockJUnit4ClassRunner.java:63)
	at org.junit.runners.ParentRunner$4.run(ParentRunner.java:331)
	at org.junit.runners.ParentRunner$1.schedule(ParentRunner.java:79)
	at org.junit.runners.ParentRunner.runChildren(ParentRunner.java:329)
	at org.junit.runners.ParentRunner.access$100(ParentRunner.java:66)
	at org.junit.runners.ParentRunner$2.evaluate(ParentRunner.java:293)
	at org.junit.internal.runners.statements.RunBefores.evaluate(RunBefores.java:26)
	at org.junit.internal.runners.statements.RunAfters.evaluate(RunAfters.java:27)
	at org.junit.runners.ParentRunner$3.evaluate(ParentRunner.java:306)
	at org.junit.runners.ParentRunner.run(ParentRunner.java:413)
	at org.junit.runner.JUnitCore.run(JUnitCore.java:137)
	at org.junit.runner.JUnitCore.run(JUnitCore.java:115)
	at org.junit.vintage.engine.execution.RunnerExecutor.execute(RunnerExecutor.java:43)
	at java.util.stream.ForEachOps$ForEachOp$OfRef.accept(ForEachOps.java:183)
	at java.util.stream.ReferencePipeline$3$1.accept(ReferencePipeline.java:193)
	at java.util.Iterator.forEachRemaining(Iterator.java:116)
	at java.util.Spliterators$IteratorSpliterator.forEachRemaining(Spliterators.java:1801)
	at java.util.stream.AbstractPipeline.copyInto(AbstractPipeline.java:482)
	at java.util.stream.AbstractPipeline.wrapAndCopyInto(AbstractPipeline.java:472)
	at java.util.stream.ForEachOps$ForEachOp.evaluateSequential(ForEachOps.java:150)
	at java.util.stream.ForEachOps$ForEachOp$OfRef.evaluateSequential(ForEachOps.java:173)
	at java.util.stream.AbstractPipeline.evaluate(AbstractPipeline.java:234)
	at java.util.stream.ReferencePipeline.forEach(ReferencePipeline.java:485)
	at org.junit.vintage.engine.VintageTestEngine.executeAllChildren(VintageTestEngine.java:82)
	at org.junit.vintage.engine.VintageTestEngine.execute(VintageTestEngine.java:73)
	at org.junit.platform.launcher.core.EngineExecutionOrchestrator.execute(EngineExecutionOrchestrator.java:108)
	at org.junit.platform.launcher.core.EngineExecutionOrchestrator.execute(EngineExecutionOrchestrator.java:88)
	at org.junit.platform.launcher.core.EngineExecutionOrchestrator.lambda$execute$0(EngineExecutionOrchestrator.java:54)
	at org.junit.platform.launcher.core.EngineExecutionOrchestrator.withInterceptedStreams(EngineExecutionOrchestrator.java:67)
	at org.junit.platform.launcher.core.EngineExecutionOrchestrator.execute(EngineExecutionOrchestrator.java:52)
	at org.junit.platform.launcher.core.DefaultLauncher.execute(DefaultLauncher.java:96)
	at org.junit.platform.launcher.core.DefaultLauncher.execute(DefaultLauncher.java:75)
	at org.apache.maven.surefire.junitplatform.JUnitPlatformProvider.invokeAllTests(JUnitPlatformProvider.java:142)
	at org.apache.maven.surefire.junitplatform.JUnitPlatformProvider.invoke(JUnitPlatformProvider.java:113)
	at org.apache.maven.surefire.booter.ForkedBooter.invokeProviderInSameClassLoader(ForkedBooter.java:384)
	at org.apache.maven.surefire.booter.ForkedBooter.runSuitesInProcess(ForkedBooter.java:345)
	at org.apache.maven.surefire.booter.ForkedBooter.execute(ForkedBooter.java:126)
	at org.apache.maven.surefire.booter.ForkedBooter.main(ForkedBooter.java:418)
]]></error>
    <system-out><![CDATA[2021-11-29 08:36:07,259 [Mini-Cluster-Provider-Create] WARN  server.ServerUtils (ServerUtils.java:getScmDbDir(148)) - ozone.scm.db.dirs is not configured. We recommend adding this setting. Falling back to ozone.metadata.dirs instead.
2021-11-29 08:36:07,347 [Mini-Cluster-Provider-Create] INFO  ha.SCMHANodeDetails (SCMHANodeDetails.java:loadSCMHAConfig(157)) - ServiceID for StorageContainerManager is null
2021-11-29 08:36:07,348 [Mini-Cluster-Provider-Create] INFO  ha.SCMHANodeDetails (SCMHANodeDetails.java:loadSCMHAConfig(162)) - ozone.scm.default.service.id is not defined, falling back to ozone.scm.service.ids to find serviceID for StorageContainerManager if it is HA enabled cluster
2021-11-29 08:36:07,441 [Mini-Cluster-Provider-Create] WARN  server.ServerUtils (ServerUtils.java:getScmDbDir(148)) - ozone.scm.db.dirs is not configured. We recommend adding this setting. Falling back to ozone.metadata.dirs instead.
2021-11-29 08:36:07,444 [Mini-Cluster-Provider-Create] INFO  upgrade.AbstractLayoutVersionManager (AbstractLayoutVersionManager.java:init(79)) - Initializing Layout version manager with metadata layout = SCM_HA (version = 2), software layout = SCM_HA (version = 2)
2021-11-29 08:36:07,671 [Mini-Cluster-Provider-Create] INFO  reflections.Reflections (Reflections.java:scan(232)) - Reflections took 133 ms to scan 7 urls, producing 119 keys and 279 values 
2021-11-29 08:36:08,186 [Mini-Cluster-Provider-Create] WARN  utils.HAUtils (HAUtils.java:getMetaDir(342)) - ozone.scm.db.dirs is not configured. We recommend adding this setting. Falling back to ozone.metadata.dirs instead.
2021-11-29 08:36:08,323 [Mini-Cluster-Provider-Create] WARN  db.DBStoreBuilder (DBStoreBuilder.java:applyDBDefinition(145)) - ozone.scm.db.dirs is not configured. We recommend adding this setting. Falling back to ozone.metadata.dirs instead.
2021-11-29 08:36:08,472 [Mini-Cluster-Provider-Create] INFO  net.NodeSchemaLoader (NodeSchemaLoader.java:loadSchemaFromFile(129)) - Loading schema from [jar:file:/home/runner/.m2/repository/org/apache/ozone/hdds-common/1.3.0-SNAPSHOT/hdds-common-1.3.0-SNAPSHOT.jar!/network-topology-default.xml]
2021-11-29 08:36:08,474 [Mini-Cluster-Provider-Create] INFO  net.NodeSchemaLoader (NodeSchemaLoader.java:loadSchema(176)) - Loading network topology layer schema file
2021-11-29 08:36:08,518 [Mini-Cluster-Provider-Create] INFO  metrics.MetricRegistries (MetricRegistriesLoader.java:load(64)) - Loaded MetricRegistries class org.apache.ratis.metrics.impl.MetricRegistriesImpl
2021-11-29 08:36:08,537 [Mini-Cluster-Provider-Create] INFO  ha.SequenceIdGenerator (SequenceIdGenerator.java:upgradeToSequenceId(347)) - upgrade localId to 107544261427200000
2021-11-29 08:36:08,538 [Mini-Cluster-Provider-Create] INFO  ha.SequenceIdGenerator (SequenceIdGenerator.java:upgradeToSequenceId(357)) - upgrade delTxnId to 0
2021-11-29 08:36:08,541 [Mini-Cluster-Provider-Create] INFO  ha.SequenceIdGenerator (SequenceIdGenerator.java:upgradeToSequenceId(371)) - upgrade containerId to 0
2021-11-29 08:36:08,543 [Mini-Cluster-Provider-Create] INFO  ha.SequenceIdGenerator (SequenceIdGenerator.java:<init>(218)) - Init the HA SequenceIdGenerator.
2021-11-29 08:36:08,586 [Mini-Cluster-Provider-Create] INFO  node.SCMNodeManager (SCMNodeManager.java:<init>(144)) - Entering startup safe mode.
2021-11-29 08:36:08,651 [Mini-Cluster-Provider-Create] INFO  algorithms.ContainerPlacementPolicyFactory (ContainerPlacementPolicyFactory.java:getPolicy(60)) - Create container placement policy of type org.apache.hadoop.hdds.scm.container.placement.algorithms.SCMContainerPlacementRandom
2021-11-29 08:36:08,660 [Mini-Cluster-Provider-Create] INFO  pipeline.PipelineStateManagerImpl (PipelineStateManagerImpl.java:initialize(78)) - No pipeline exists in current db
2021-11-29 08:36:08,696 [Mini-Cluster-Provider-Create] INFO  algorithms.LeaderChoosePolicyFactory (LeaderChoosePolicyFactory.java:getPolicy(57)) - Create leader choose policy of type org.apache.hadoop.hdds.scm.pipeline.leader.choose.algorithms.MinLeaderCountChoosePolicy
2021-11-29 08:36:08,702 [Mini-Cluster-Provider-Create] INFO  ha.SCMServiceManager (SCMServiceManager.java:register(43)) - Registering service BackgroundPipelineCreator.
2021-11-29 08:36:08,702 [Mini-Cluster-Provider-Create] INFO  pipeline.BackgroundPipelineCreator (BackgroundPipelineCreator.java:start(130)) - Starting RatisPipelineUtilsThread.
2021-11-29 08:36:08,738 [Mini-Cluster-Provider-Create] INFO  algorithms.PipelineChoosePolicyFactory (PipelineChoosePolicyFactory.java:createPipelineChoosePolicyFromClass(73)) - Create pipeline choose policy of type org.apache.hadoop.hdds.scm.pipeline.choose.algorithms.RandomPipelineChoosePolicy
2021-11-29 08:36:08,758 [Mini-Cluster-Provider-Create] INFO  ha.SCMServiceManager (SCMServiceManager.java:register(43)) - Registering service SCMBlockDeletingService.
2021-11-29 08:36:08,781 [Mini-Cluster-Provider-Create] INFO  ha.SCMServiceManager (SCMServiceManager.java:register(43)) - Registering service ReplicationManager.
2021-11-29 08:36:08,784 [Mini-Cluster-Provider-Create] INFO  container.ReplicationManager (ReplicationManager.java:start(319)) - Starting Replication Monitor Thread.
2021-11-29 08:36:08,797 [ReplicationMonitor] INFO  container.ReplicationManager (ReplicationManager.java:processAll(371)) - Replication Monitor Thread took 1 milliseconds for processing 0 containers.
2021-11-29 08:36:08,803 [Mini-Cluster-Provider-Create] INFO  safemode.ContainerSafeModeRule (ContainerSafeModeRule.java:<init>(89)) - containers with one replica threshold count 0
2021-11-29 08:36:08,811 [Mini-Cluster-Provider-Create] INFO  safemode.HealthyPipelineSafeModeRule (HealthyPipelineSafeModeRule.java:initializeRule(156)) - Total pipeline count is 0, healthy pipeline threshold count is 1
2021-11-29 08:36:08,815 [Mini-Cluster-Provider-Create] INFO  safemode.OneReplicaPipelineSafeModeRule (OneReplicaPipelineSafeModeRule.java:initializeRule(180)) - Total pipeline count is 0, pipeline's with at least one datanode reported threshold count is 0
2021-11-29 08:36:09,192 [Mini-Cluster-Provider-Create] INFO  ipc.CallQueueManager (CallQueueManager.java:<init>(90)) - Using callQueue: class java.util.concurrent.LinkedBlockingQueue, queueCapacity: 2000, scheduler: class org.apache.hadoop.ipc.DefaultRpcScheduler, ipcBackoff: false.
2021-11-29 08:36:09,228 [Socket Reader #1 for port 0] INFO  ipc.Server (Server.java:run(1265)) - Starting Socket Reader #1 for port 0
2021-11-29 08:36:09,275 [Listener at 0.0.0.0/37365] INFO  ipc.CallQueueManager (CallQueueManager.java:<init>(90)) - Using callQueue: class java.util.concurrent.LinkedBlockingQueue, queueCapacity: 2000, scheduler: class org.apache.hadoop.ipc.DefaultRpcScheduler, ipcBackoff: false.
2021-11-29 08:36:09,277 [Socket Reader #1 for port 0] INFO  ipc.Server (Server.java:run(1265)) - Starting Socket Reader #1 for port 0
2021-11-29 08:36:09,302 [Listener at 0.0.0.0/35215] INFO  ipc.CallQueueManager (CallQueueManager.java:<init>(90)) - Using callQueue: class java.util.concurrent.LinkedBlockingQueue, queueCapacity: 2000, scheduler: class org.apache.hadoop.ipc.DefaultRpcScheduler, ipcBackoff: false.
2021-11-29 08:36:09,302 [Socket Reader #1 for port 0] INFO  ipc.Server (Server.java:run(1265)) - Starting Socket Reader #1 for port 0
2021-11-29 08:36:09,359 [Listener at 0.0.0.0/37271] INFO  algorithms.ContainerPlacementPolicyFactory (ContainerPlacementPolicyFactory.java:getPolicy(60)) - Create container placement policy of type org.apache.hadoop.hdds.scm.container.placement.algorithms.SCMContainerPlacementRandom
2021-11-29 08:36:09,374 [Listener at 0.0.0.0/37271] INFO  server.StorageContainerManager (StorageContainerManager.java:<init>(388)) - 
Container Balancer status:
Key                            Value
Running                        false
Container Balancer Configuration values:
Key                                                Value
Threshold                                          0.1
Max Datanodes to Involve per Iteration(ratio)      0.2
Max Size to Move per Iteration                     30GB
Max Size Entering Target per Iteration             1GB
Max Size Leaving Source per Iteration              1GB

2021-11-29 08:36:09,376 [Listener at 0.0.0.0/37271] WARN  events.EventQueue (EventQueue.java:fireEvent(194)) - No event handler registered for event TypedEvent{payloadType=SafeModeStatus, name='Safe mode status'}
2021-11-29 08:36:09,376 [Listener at 0.0.0.0/37271] INFO  ha.SCMContext (SCMContext.java:updateSafeModeStatus(205)) - Update SafeModeStatus from SafeModeStatus{safeModeStatus=true, preCheckPassed=false} to SafeModeStatus{safeModeStatus=true, preCheckPassed=false}.
2021-11-29 08:36:09,379 [Listener at 0.0.0.0/37271] INFO  server.StorageContainerManager (StorageContainerManager.java:start(1303)) - StorageContainerLocationProtocol RPC server is listening at /0.0.0.0:37271
2021-11-29 08:36:09,443 [Listener at 0.0.0.0/37271] WARN  impl.MetricsConfig (MetricsConfig.java:loadFirst(136)) - Cannot locate configuration: tried hadoop-metrics2-storagecontainermanager.properties,hadoop-metrics2.properties
2021-11-29 08:36:09,460 [Listener at 0.0.0.0/37271] INFO  impl.MetricsSystemImpl (MetricsSystemImpl.java:startTimer(378)) - Scheduled Metric snapshot period at 10 second(s).
2021-11-29 08:36:09,460 [Listener at 0.0.0.0/37271] INFO  impl.MetricsSystemImpl (MetricsSystemImpl.java:start(191)) - StorageContainerManager metrics system started
2021-11-29 08:36:09,797 [ReplicationMonitor] INFO  container.ReplicationManager (ReplicationManager.java:processAll(371)) - Replication Monitor Thread took 0 milliseconds for processing 0 containers.
2021-11-29 08:36:09,802 [Listener at 0.0.0.0/37271] INFO  server.SCMClientProtocolServer (SCMClientProtocolServer.java:start(164)) - RPC server for Client  is listening at /0.0.0.0:37271
2021-11-29 08:36:09,803 [IPC Server Responder] INFO  ipc.Server (Server.java:run(1507)) - IPC Server Responder: starting
2021-11-29 08:36:09,806 [IPC Server listener on 0] INFO  ipc.Server (Server.java:run(1344)) - IPC Server listener on 0: starting
2021-11-29 08:36:09,821 [Listener at 0.0.0.0/37271] INFO  server.StorageContainerManager (StorageContainerManager.java:start(1318)) - ScmBlockLocationProtocol RPC server is listening at /0.0.0.0:35215
2021-11-29 08:36:09,822 [Listener at 0.0.0.0/37271] INFO  server.SCMBlockProtocolServer (SCMBlockProtocolServer.java:start(151)) - RPC server for Block Protocol is listening at /0.0.0.0:35215
2021-11-29 08:36:09,822 [IPC Server Responder] INFO  ipc.Server (Server.java:run(1507)) - IPC Server Responder: starting
2021-11-29 08:36:09,823 [IPC Server listener on 0] INFO  ipc.Server (Server.java:run(1344)) - IPC Server listener on 0: starting
2021-11-29 08:36:09,825 [Listener at 0.0.0.0/37271] INFO  server.StorageContainerManager (StorageContainerManager.java:start(1324)) - ScmDatanodeProtocl RPC server is listening at /0.0.0.0:37365
2021-11-29 08:36:09,826 [Listener at 0.0.0.0/37271] INFO  server.SCMDatanodeProtocolServer (SCMDatanodeProtocolServer.java:start(181)) - RPC server for DataNodes is listening at /0.0.0.0:37365
2021-11-29 08:36:09,826 [IPC Server Responder] INFO  ipc.Server (Server.java:run(1507)) - IPC Server Responder: starting
2021-11-29 08:36:09,827 [IPC Server listener on 0] INFO  ipc.Server (Server.java:run(1344)) - IPC Server listener on 0: starting
2021-11-29 08:36:09,842 [org.apache.hadoop.util.JvmPauseMonitor$Monitor@23fb8094] INFO  util.JvmPauseMonitor (JvmPauseMonitor.java:run(188)) - Starting JVM pause monitor
2021-11-29 08:36:09,856 [Listener at 0.0.0.0/37271] INFO  http.BaseHttpServer (BaseHttpServer.java:newHttpServer2BuilderForOzone(209)) - Starting Web-server for scm at: http://0.0.0.0:0
2021-11-29 08:36:09,856 [Listener at 0.0.0.0/37271] INFO  http.BaseHttpServer (BaseHttpServer.java:<init>(107)) - Hadoop Security Enabled: false Ozone Security Enabled: false Ozone HTTP Security Enabled: false 
2021-11-29 08:36:09,883 [Listener at 0.0.0.0/37271] INFO  util.log (Log.java:initialized(170)) - Logging initialized @3978ms to org.eclipse.jetty.util.log.Slf4jLog
2021-11-29 08:36:09,991 [Listener at 0.0.0.0/37271] INFO  server.AuthenticationFilter (AuthenticationFilter.java:constructSecretProvider(240)) - Unable to initialize FileSignerSecretProvider, falling back to use random secrets.
2021-11-29 08:36:09,997 [Listener at 0.0.0.0/37271] WARN  http.HttpRequestLog (HttpRequestLog.java:getRequestLog(103)) - Jetty request log can only be enabled using Log4j
2021-11-29 08:36:10,006 [Listener at 0.0.0.0/37271] INFO  http.HttpServer2 (HttpServer2.java:addGlobalFilter(1030)) - Added global filter 'safety' (class=org.apache.hadoop.hdds.server.http.HttpServer2$QuotingInputFilter)
2021-11-29 08:36:10,008 [Listener at 0.0.0.0/37271] INFO  http.HttpServer2 (HttpServer2.java:addFilter(1006)) - Added filter static_user_filter (class=org.apache.hadoop.http.lib.StaticUserWebFilter$StaticUserFilter) to context scm
2021-11-29 08:36:10,008 [Listener at 0.0.0.0/37271] INFO  http.HttpServer2 (HttpServer2.java:addFilter(1014)) - Added filter static_user_filter (class=org.apache.hadoop.http.lib.StaticUserWebFilter$StaticUserFilter) to context static
2021-11-29 08:36:10,008 [Listener at 0.0.0.0/37271] INFO  http.HttpServer2 (HttpServer2.java:addFilter(1014)) - Added filter static_user_filter (class=org.apache.hadoop.http.lib.StaticUserWebFilter$StaticUserFilter) to context logs
2021-11-29 08:36:10,049 [Listener at 0.0.0.0/37271] INFO  http.HttpServer2 (HttpServer2.java:bindListener(1249)) - Jetty bound to port 36259
2021-11-29 08:36:10,050 [Listener at 0.0.0.0/37271] INFO  server.Server (Server.java:doStart(375)) - jetty-9.4.43.v20210629; built: 2021-06-30T11:07:22.254Z; git: 526006ecfa3af7f1a27ef3a288e2bef7ea9dd7e8; jvm 1.8.0_292-b10
2021-11-29 08:36:10,083 [Listener at 0.0.0.0/37271] INFO  server.session (DefaultSessionIdManager.java:doStart(334)) - DefaultSessionIdManager workerName=node0
2021-11-29 08:36:10,083 [Listener at 0.0.0.0/37271] INFO  server.session (DefaultSessionIdManager.java:doStart(339)) - No SessionScavenger set, using defaults
2021-11-29 08:36:10,085 [Listener at 0.0.0.0/37271] INFO  server.session (HouseKeeper.java:startScavenging(132)) - node0 Scavenging every 660000ms
2021-11-29 08:36:10,098 [Listener at 0.0.0.0/37271] INFO  handler.ContextHandler (ContextHandler.java:doStart(915)) - Started o.e.j.s.ServletContextHandler@568ed465{logs,/logs,file:///home/runner/work/ozone/ozone/hadoop-ozone/integration-test/target/log,AVAILABLE}
2021-11-29 08:36:10,101 [Listener at 0.0.0.0/37271] INFO  handler.ContextHandler (ContextHandler.java:doStart(915)) - Started o.e.j.s.ServletContextHandler@1adef5ad{static,/static,file:///home/runner/work/ozone/ozone/hadoop-ozone/integration-test/target/test-classes/webapps/static,AVAILABLE}
2021-11-29 08:36:10,150 [Listener at 0.0.0.0/37271] INFO  handler.ContextHandler (ContextHandler.java:doStart(915)) - Started o.e.j.w.WebAppContext@fe76756{scm,/,file:///home/runner/work/ozone/ozone/hadoop-ozone/integration-test/target/test-classes/webapps/scm/,AVAILABLE}{file:/home/runner/work/ozone/ozone/hadoop-ozone/integration-test/target/test-classes/webapps/scm}
2021-11-29 08:36:10,159 [Listener at 0.0.0.0/37271] INFO  server.AbstractConnector (AbstractConnector.java:doStart(331)) - Started ServerConnector@6be6fe82{HTTP/1.1, (http/1.1)}{0.0.0.0:36259}
2021-11-29 08:36:10,159 [Listener at 0.0.0.0/37271] INFO  server.Server (Server.java:doStart(415)) - Started @4254ms
2021-11-29 08:36:10,165 [Listener at 0.0.0.0/37271] INFO  impl.MetricsSinkAdapter (MetricsSinkAdapter.java:start(204)) - Sink prometheus started
2021-11-29 08:36:10,165 [Listener at 0.0.0.0/37271] INFO  impl.MetricsSystemImpl (MetricsSystemImpl.java:registerSink(305)) - Registered sink prometheus
2021-11-29 08:36:10,166 [Listener at 0.0.0.0/37271] INFO  http.BaseHttpServer (BaseHttpServer.java:updateConnectorAddress(329)) - HTTP server of scm listening at http://0.0.0.0:36259
2021-11-29 08:36:10,168 [Listener at 0.0.0.0/37271] WARN  server.ServerUtils (ServerUtils.java:getDBPath(225)) - ozone.om.db.dirs is not configured. We recommend adding this setting. Falling back to ozone.metadata.dirs instead.
2021-11-29 08:36:10,286 [Listener at 0.0.0.0/37271] INFO  ha.OMHANodeDetails (OMHANodeDetails.java:loadOMHAConfig(112)) - ozone.om.internal.service.id is not defined, falling back to ozone.om.service.ids to find serviceID for OzoneManager if it is HA enabled cluster
2021-11-29 08:36:10,289 [Listener at 0.0.0.0/37271] INFO  ha.OMHANodeDetails (OMHANodeDetails.java:loadOMHAConfig(217)) - Configuration does not have ozone.om.address set. Falling back to the default OM address /127.0.0.1:0
2021-11-29 08:36:10,290 [Listener at 0.0.0.0/37271] INFO  ha.OMHANodeDetails (OMHANodeDetails.java:getOMNodeDetailsForNonHA(245)) - OM Service ID is not set. Setting it to the default ID: omServiceIdDefault
2021-11-29 08:36:10,290 [Listener at 0.0.0.0/37271] INFO  ha.OMHANodeDetails (OMHANodeDetails.java:getOMNodeDetailsForNonHA(252)) - OM Node ID is not set. Setting it to the default ID: om1
2021-11-29 08:36:10,294 [Listener at 0.0.0.0/37271] WARN  server.ServerUtils (ServerUtils.java:getDBPath(225)) - ozone.om.db.dirs is not configured. We recommend adding this setting. Falling back to ozone.metadata.dirs instead.
2021-11-29 08:36:10,296 [Listener at 0.0.0.0/37271] INFO  upgrade.AbstractLayoutVersionManager (AbstractLayoutVersionManager.java:init(79)) - Initializing Layout version manager with metadata layout = INITIAL_VERSION (version = 0), software layout = INITIAL_VERSION (version = 0)
2021-11-29 08:36:10,353 [Listener at 0.0.0.0/37271] INFO  reflections.Reflections (Reflections.java:scan(232)) - Reflections took 50 ms to scan 2 urls, producing 132 keys and 344 values [using 2 cores]
2021-11-29 08:36:10,358 [Listener at 0.0.0.0/37271] INFO  upgrade.OMLayoutVersionManager (OMLayoutVersionManager.java:lambda$0(115)) - Skipping Upgrade Action MockOmUpgradeAction since it has been finalized.
2021-11-29 08:36:10,359 [Listener at 0.0.0.0/37271] WARN  server.ServerUtils (ServerUtils.java:getDBPath(225)) - ozone.om.db.dirs is not configured. We recommend adding this setting. Falling back to ozone.metadata.dirs instead.
2021-11-29 08:36:10,782 [Listener at 0.0.0.0/37271] WARN  server.ServerUtils (ServerUtils.java:getDBPath(225)) - ozone.om.db.dirs is not configured. We recommend adding this setting. Falling back to ozone.metadata.dirs instead.
2021-11-29 08:36:10,788 [Listener at 0.0.0.0/37271] INFO  codec.OmKeyInfoCodec (OmKeyInfoCodec.java:<init>(50)) - OmKeyInfoCodec ignorePipeline = true
2021-11-29 08:36:10,789 [Listener at 0.0.0.0/37271] INFO  codec.RepeatedOmKeyInfoCodec (RepeatedOmKeyInfoCodec.java:<init>(42)) - RepeatedOmKeyInfoCodec ignorePipeline = true
2021-11-29 08:36:10,798 [ReplicationMonitor] INFO  container.ReplicationManager (ReplicationManager.java:processAll(371)) - Replication Monitor Thread took 0 milliseconds for processing 0 containers.
2021-11-29 08:36:11,017 [Listener at 0.0.0.0/37271] INFO  om.OzoneManager (OzoneManager.java:addS3GVolumeToDB(3609)) - Created Volume s3v With Owner runner required for S3Gateway operations.
2021-11-29 08:36:11,091 [Listener at 0.0.0.0/37271] WARN  server.ServerUtils (ServerUtils.java:getDefaultRatisDirectory(237)) - Storage directory for Ratis is not configured. It is a good idea to map this to an SSD disk. Falling back to ozone.metadata.dirs
2021-11-29 08:36:11,092 [Listener at 0.0.0.0/37271] WARN  utils.OzoneManagerRatisUtils (OzoneManagerRatisUtils.java:getOMRatisSnapshotDirectory(431)) - ozone.om.ratis.snapshot.dir is not configured. Falling back to ozone.metadata.dirs config
2021-11-29 08:36:11,123 [Listener at 0.0.0.0/37271] WARN  server.ServerUtils (ServerUtils.java:getDefaultRatisDirectory(237)) - Storage directory for Ratis is not configured. It is a good idea to map this to an SSD disk. Falling back to ozone.metadata.dirs
2021-11-29 08:36:11,151 [Listener at 0.0.0.0/37271] INFO  ratis.OzoneManagerRatisServer (OzoneManagerRatisServer.java:<init>(159)) - Instantiating OM Ratis server with groupID: omServiceIdDefault and peers: localhost:33833
2021-11-29 08:36:11,159 [Listener at 0.0.0.0/37271] INFO  ratis.OzoneManagerStateMachine (OzoneManagerStateMachine.java:loadSnapshotInfoFromDB(605)) - LastAppliedIndex is set from TransactionInfo from OM DB as (t:0, i:~)
2021-11-29 08:36:11,191 [Listener at 0.0.0.0/37271] INFO  server.RaftServer (ConfUtils.java:logGet(44)) - raft.rpc.type = GRPC (default)
2021-11-29 08:36:11,271 [Listener at 0.0.0.0/37271] INFO  grpc.GrpcFactory (GrpcFactory.java:checkPooledByteBufAllocatorUseCacheForAllThreads(48)) - PERFORMANCE WARNING: useCacheForAllThreads is true that may cause Netty to create a lot garbage objects and, as a result, trigger GC.
	It is recommended to disable useCacheForAllThreads by setting -Dorg.apache.ratis.thirdparty.io.netty.allocator.useCacheForAllThreads=false in command line.
2021-11-29 08:36:11,275 [Listener at 0.0.0.0/37271] INFO  grpc.GrpcConfigKeys (ConfUtils.java:logGet(44)) - raft.grpc.admin.port = -1 (default)
2021-11-29 08:36:11,275 [Listener at 0.0.0.0/37271] INFO  grpc.GrpcConfigKeys (ConfUtils.java:logGet(44)) - raft.grpc.server.port = 33833 (custom)
2021-11-29 08:36:11,276 [Listener at 0.0.0.0/37271] INFO  grpc.GrpcConfigKeys (ConfUtils.java:logGet(44)) - raft.grpc.client.port = -1 (default)
2021-11-29 08:36:11,276 [Listener at 0.0.0.0/37271] INFO  grpc.GrpcConfigKeys (ConfUtils.java:logGet(44)) - raft.grpc.server.port = 33833 (custom)
2021-11-29 08:36:11,276 [Listener at 0.0.0.0/37271] INFO  grpc.GrpcConfigKeys (ConfUtils.java:logGet(44)) - raft.grpc.server.port = 33833 (custom)
2021-11-29 08:36:11,277 [Listener at 0.0.0.0/37271] INFO  server.GrpcService (ConfUtils.java:logGet(44)) - raft.grpc.message.size.max = 33554432 (custom)
2021-11-29 08:36:11,278 [Listener at 0.0.0.0/37271] INFO  server.RaftServerConfigKeys (ConfUtils.java:logGet(44)) - raft.server.log.appender.buffer.byte-limit = 33554432 (custom)
2021-11-29 08:36:11,279 [Listener at 0.0.0.0/37271] INFO  server.GrpcService (ConfUtils.java:logGet(44)) - raft.grpc.flow.control.window = 1MB (=1048576) (default)
2021-11-29 08:36:11,280 [Listener at 0.0.0.0/37271] INFO  server.RaftServerConfigKeys (ConfUtils.java:logGet(44)) - raft.server.rpc.request.timeout = 3000ms (default)
2021-11-29 08:36:11,570 [Listener at 0.0.0.0/37271] INFO  impl.DataStreamServerImpl (ConfUtils.java:logGet(44)) - raft.datastream.type = DISABLED (default)
2021-11-29 08:36:11,572 [Listener at 0.0.0.0/37271] INFO  server.RaftServerConfigKeys (ConfUtils.java:logGet(44)) - raft.server.rpc.slowness.timeout = 120s (custom)
2021-11-29 08:36:11,572 [Listener at 0.0.0.0/37271] INFO  server.RaftServerConfigKeys (ConfUtils.java:logGet(44)) - raft.server.leaderelection.leader.step-down.wait-time = 10s (default)
2021-11-29 08:36:11,593 [Listener at 0.0.0.0/37271] INFO  server.RaftServerConfigKeys (ConfUtils.java:logGet(44)) - raft.server.storage.dir = [/home/runner/work/ozone/ozone/hadoop-ozone/integration-test/target/test-dir/MiniOzoneClusterImpl-3d114d2a-f85f-45ce-9fd0-840e2dc708c7/ozone-meta/ratis] (custom)
2021-11-29 08:36:11,602 [Listener at 0.0.0.0/37271] INFO  server.RaftServer (RaftServerProxy.java:addNew(95)) - om1: addNew group-C5BA1605619E:[om1|rpc:localhost:33833|priority:0] returns group-C5BA1605619E:java.util.concurrent.CompletableFuture@5dbf76b4[Not completed]
2021-11-29 08:36:11,605 [Listener at 0.0.0.0/37271] INFO  om.OzoneManager (OzoneManager.java:initializeRatisServer(1771)) - OzoneManager Ratis server initialized at port 33833
2021-11-29 08:36:11,622 [pool-39-thread-1] INFO  server.RaftServer$Division (RaftServerImpl.java:<init>(184)) - om1: new RaftServerImpl for group-C5BA1605619E:[om1|rpc:localhost:33833|priority:0] with OzoneManagerStateMachine:uninitialized
2021-11-29 08:36:11,631 [Listener at 0.0.0.0/37271] INFO  ipc.CallQueueManager (CallQueueManager.java:<init>(90)) - Using callQueue: class java.util.concurrent.LinkedBlockingQueue, queueCapacity: 2000, scheduler: class org.apache.hadoop.ipc.DefaultRpcScheduler, ipcBackoff: false.
2021-11-29 08:36:11,632 [pool-39-thread-1] INFO  server.RaftServerConfigKeys (ConfUtils.java:logGet(44)) - raft.server.rpc.timeout.min = 1s (custom)
2021-11-29 08:36:11,633 [pool-39-thread-1] INFO  server.RaftServerConfigKeys (ConfUtils.java:logGet(44)) - raft.server.rpc.timeout.max = 1200ms (custom)
2021-11-29 08:36:11,633 [pool-39-thread-1] INFO  server.RaftServerConfigKeys (ConfUtils.java:logGet(44)) - raft.server.rpc.sleep.time = 25ms (default)
2021-11-29 08:36:11,633 [pool-39-thread-1] INFO  server.RaftServerConfigKeys (ConfUtils.java:logGet(44)) - raft.server.rpc.slowness.timeout = 120s (custom)
2021-11-29 08:36:11,633 [pool-39-thread-1] INFO  server.RaftServerConfigKeys (ConfUtils.java:logGet(44)) - raft.server.leaderelection.leader.step-down.wait-time = 10s (default)
2021-11-29 08:36:11,633 [pool-39-thread-1] INFO  server.RaftServerConfigKeys (ConfUtils.java:logGet(44)) - raft.server.sleep.deviation.threshold = 300ms (default)
2021-11-29 08:36:11,634 [pool-39-thread-1] INFO  server.RaftServerConfigKeys (ConfUtils.java:logGet(44)) - raft.server.log.appender.install.snapshot.enabled = false (custom)
2021-11-29 08:36:11,639 [pool-39-thread-1] INFO  server.RaftServer$Division (ServerState.java:<init>(105)) - om1@group-C5BA1605619E: ConfigurationManager, init=-1: [om1|rpc:localhost:33833|priority:0], old=null, confs=<EMPTY_MAP>
2021-11-29 08:36:11,640 [pool-39-thread-1] INFO  server.RaftServerConfigKeys (ConfUtils.java:logGet(44)) - raft.server.storage.dir = [/home/runner/work/ozone/ozone/hadoop-ozone/integration-test/target/test-dir/MiniOzoneClusterImpl-3d114d2a-f85f-45ce-9fd0-840e2dc708c7/ozone-meta/ratis] (custom)
2021-11-29 08:36:11,644 [pool-39-thread-1] INFO  server.RaftServerConfigKeys (ConfUtils.java:logGet(44)) - raft.server.log.corruption.policy = EXCEPTION (default)
2021-11-29 08:36:11,644 [pool-39-thread-1] INFO  server.RaftServerConfigKeys (ConfUtils.java:logGet(44)) - raft.server.storage.free-space.min = 0MB (=0) (default)
2021-11-29 08:36:11,645 [Socket Reader #1 for port 0] INFO  ipc.Server (Server.java:run(1265)) - Starting Socket Reader #1 for port 0
2021-11-29 08:36:11,646 [pool-39-thread-1] INFO  storage.RaftStorageDirectory (RaftStorageDirectoryImpl.java:analyzeStorage(135)) - The storage directory /home/runner/work/ozone/ozone/hadoop-ozone/integration-test/target/test-dir/MiniOzoneClusterImpl-3d114d2a-f85f-45ce-9fd0-840e2dc708c7/ozone-meta/ratis/bf265839-605b-3f16-9796-c5ba1605619e does not exist. Creating ...
2021-11-29 08:36:11,657 [pool-39-thread-1] INFO  storage.RaftStorageDirectory (RaftStorageDirectoryImpl.java:tryLock(230)) - Lock on /home/runner/work/ozone/ozone/hadoop-ozone/integration-test/target/test-dir/MiniOzoneClusterImpl-3d114d2a-f85f-45ce-9fd0-840e2dc708c7/ozone-meta/ratis/bf265839-605b-3f16-9796-c5ba1605619e/in_use.lock acquired by nodename 398@fv-az294-535
2021-11-29 08:36:11,674 [pool-39-thread-1] INFO  storage.RaftStorage (RaftStorageImpl.java:format(89)) - Storage directory /home/runner/work/ozone/ozone/hadoop-ozone/integration-test/target/test-dir/MiniOzoneClusterImpl-3d114d2a-f85f-45ce-9fd0-840e2dc708c7/ozone-meta/ratis/bf265839-605b-3f16-9796-c5ba1605619e has been successfully formatted.
2021-11-29 08:36:11,676 [pool-39-thread-1] INFO  server.RaftServerConfigKeys (ConfUtils.java:logGet(44)) - raft.server.notification.no-leader.timeout = 120s (custom)
2021-11-29 08:36:11,678 [pool-39-thread-1] INFO  server.RaftServerConfigKeys (ConfUtils.java:logGet(44)) - raft.server.log.use.memory = false (default)
2021-11-29 08:36:11,688 [Listener at 127.0.0.1/45237] INFO  om.OzoneManager (OzoneManager.java:initFSOLayout(3786)) - Configured ozone.om.metadata.layout=SIMPLE and disabled optimized OM FS operations
2021-11-29 08:36:11,695 [pool-39-thread-1] INFO  server.RaftServerConfigKeys (ConfUtils.java:logGet(44)) - raft.server.log.purge.gap = 1000000 (custom)
2021-11-29 08:36:11,695 [pool-39-thread-1] INFO  server.RaftServerConfigKeys (ConfUtils.java:logGet(44)) - raft.server.log.appender.buffer.byte-limit = 33554432 (custom)
2021-11-29 08:36:11,698 [Listener at 127.0.0.1/45237] INFO  impl.MetricsSystemImpl (MetricsSystemImpl.java:init(158)) - OzoneManager metrics system started (again)
2021-11-29 08:36:11,717 [pool-39-thread-1] INFO  server.RaftServerConfigKeys (ConfUtils.java:logGet(44)) - raft.server.log.segment.size.max = 4194304 (custom)
2021-11-29 08:36:11,727 [Listener at 127.0.0.1/45237] INFO  om.OzoneManager (OzoneManager.java:start(1365)) - OzoneManager RPC server is listening at localhost/127.0.0.1:45237
2021-11-29 08:36:11,729 [Listener at 127.0.0.1/45237] INFO  ratis.OzoneManagerRatisServer (OzoneManagerRatisServer.java:start(516)) - Starting OzoneManagerRatisServer om1 at port 33833
2021-11-29 08:36:11,732 [pool-39-thread-1] INFO  server.RaftServerConfigKeys (ConfUtils.java:logGet(44)) - raft.server.log.segment.cache.num.max = 2 (custom)
2021-11-29 08:36:11,732 [pool-39-thread-1] INFO  server.RaftServerConfigKeys (ConfUtils.java:logGet(44)) - raft.server.log.segment.cache.size.max = 200MB (=209715200) (default)
2021-11-29 08:36:11,738 [pool-39-thread-1] INFO  segmented.SegmentedRaftLogWorker (SegmentedRaftLogWorker.java:<init>(182)) - new om1@group-C5BA1605619E-SegmentedRaftLogWorker for RaftStorageImpl:Storage Directory /home/runner/work/ozone/ozone/hadoop-ozone/integration-test/target/test-dir/MiniOzoneClusterImpl-3d114d2a-f85f-45ce-9fd0-840e2dc708c7/ozone-meta/ratis/bf265839-605b-3f16-9796-c5ba1605619e
2021-11-29 08:36:11,738 [pool-39-thread-1] INFO  server.RaftServerConfigKeys (ConfUtils.java:logGet(44)) - raft.server.log.queue.byte-limit = 64MB (=67108864) (default)
2021-11-29 08:36:11,739 [pool-39-thread-1] INFO  server.RaftServerConfigKeys (ConfUtils.java:logGet(44)) - raft.server.log.queue.element-limit = 4096 (default)
2021-11-29 08:36:11,740 [pool-39-thread-1] INFO  server.RaftServerConfigKeys (ConfUtils.java:logGet(44)) - raft.server.log.segment.size.max = 4194304 (custom)
2021-11-29 08:36:11,741 [pool-39-thread-1] INFO  server.RaftServerConfigKeys (ConfUtils.java:logGet(44)) - raft.server.log.preallocated.size = 4194304 (custom)
2021-11-29 08:36:11,741 [pool-39-thread-1] INFO  server.RaftServerConfigKeys (ConfUtils.java:logGet(44)) - raft.server.log.force.sync.num = 128 (default)
2021-11-29 08:36:11,742 [pool-39-thread-1] INFO  server.RaftServerConfigKeys (ConfUtils.java:logGet(44)) - raft.server.log.statemachine.data.sync = true (default)
2021-11-29 08:36:11,743 [pool-39-thread-1] INFO  server.RaftServerConfigKeys (ConfUtils.java:logGet(44)) - raft.server.log.statemachine.data.sync.timeout = 10s (default)
2021-11-29 08:36:11,743 [pool-39-thread-1] INFO  server.RaftServerConfigKeys (ConfUtils.java:logGet(44)) - raft.server.log.statemachine.data.sync.timeout.retry = -1 (default)
2021-11-29 08:36:11,751 [pool-39-thread-1] INFO  server.RaftServerConfigKeys (ConfUtils.java:logGet(44)) - raft.server.log.write.buffer.size = 64KB (=65536) (default)
2021-11-29 08:36:11,751 [pool-39-thread-1] INFO  server.RaftServerConfigKeys (ConfUtils.java:logGet(44)) - raft.server.log.statemachine.data.caching.enabled = false (default)
2021-11-29 08:36:11,757 [pool-39-thread-1] INFO  segmented.SegmentedRaftLogWorker (SegmentedRaftLogWorker.java:lambda$new$0(133)) - om1@group-C5BA1605619E-SegmentedRaftLogWorker: flushIndex: setUnconditionally 0 -> -1
2021-11-29 08:36:11,757 [pool-39-thread-1] INFO  segmented.SegmentedRaftLogWorker (SegmentedRaftLogWorker.java:lambda$new$0(133)) - om1@group-C5BA1605619E-SegmentedRaftLogWorker: safeCacheEvictIndex: setUnconditionally 0 -> -1
2021-11-29 08:36:11,765 [pool-39-thread-1] INFO  server.RaftServerConfigKeys (ConfUtils.java:logGet(44)) - raft.server.snapshot.auto.trigger.enabled = true (custom)
2021-11-29 08:36:11,766 [pool-39-thread-1] INFO  server.RaftServerConfigKeys (ConfUtils.java:logGet(44)) - raft.server.snapshot.auto.trigger.threshold = 400000 (default)
2021-11-29 08:36:11,766 [pool-39-thread-1] INFO  server.RaftServerConfigKeys (ConfUtils.java:logGet(44)) - raft.server.snapshot.retention.file.num = -1 (default)
2021-11-29 08:36:11,767 [pool-39-thread-1] INFO  server.RaftServerConfigKeys (ConfUtils.java:logGet(44)) - raft.server.log.purge.upto.snapshot.index = true (custom)
2021-11-29 08:36:11,768 [pool-39-thread-1] INFO  server.RaftServerConfigKeys (ConfUtils.java:logGet(44)) - raft.server.retrycache.expirytime = 300s (custom)
2021-11-29 08:36:11,768 [pool-39-thread-1] INFO  server.RaftServerConfigKeys (ConfUtils.java:logGet(44)) - raft.server.retrycache.statistics.expirytime = 100μs (default)
2021-11-29 08:36:11,798 [ReplicationMonitor] INFO  container.ReplicationManager (ReplicationManager.java:processAll(371)) - Replication Monitor Thread took 0 milliseconds for processing 0 containers.
2021-11-29 08:36:11,810 [Listener at 127.0.0.1/45237] INFO  server.RaftServer$Division (RaftServerImpl.java:start(301)) - om1@group-C5BA1605619E: start as a follower, conf=-1: [om1|rpc:localhost:33833|priority:0], old=null
2021-11-29 08:36:11,811 [Listener at 127.0.0.1/45237] INFO  server.RaftServer$Division (RaftServerImpl.java:setRole(290)) - om1@group-C5BA1605619E: changes role from      null to FOLLOWER at term 0 for startAsFollower
2021-11-29 08:36:11,812 [Listener at 127.0.0.1/45237] INFO  impl.RoleInfo (RoleInfo.java:updateAndGet(130)) - om1: start om1@group-C5BA1605619E-FollowerState
2021-11-29 08:36:11,814 [Listener at 127.0.0.1/45237] INFO  util.JmxRegister (JmxRegister.java:tryRegister(44)) - Successfully registered JMX Bean with object name Ratis:service=RaftServer,group=group-C5BA1605619E,id=om1
2021-11-29 08:36:11,818 [Listener at 127.0.0.1/45237] INFO  server.RaftServer (RaftServerProxy.java:lambda$start$5(374)) - om1: start RPC server
2021-11-29 08:36:11,886 [Listener at 127.0.0.1/45237] INFO  server.GrpcService (GrpcService.java:startImpl(253)) - om1: GrpcService started, listening on 33833
2021-11-29 08:36:11,890 [Listener at 127.0.0.1/45237] INFO  om.OzoneManager (OzoneManager.java:start(1381)) - Version File has different layout version (0) than OM DB (null). That is expected if this OM has never been finalized to a newer layout version.
2021-11-29 08:36:11,891 [org.apache.ratis.util.JvmPauseMonitor$$Lambda$536/2115437300@56815898] INFO  util.JvmPauseMonitor (JvmPauseMonitor.java:run(103)) - JvmPauseMonitor-om1: Started
2021-11-29 08:36:11,909 [Listener at 127.0.0.1/45237] INFO  http.BaseHttpServer (BaseHttpServer.java:newHttpServer2BuilderForOzone(209)) - Starting Web-server for ozoneManager at: http://0.0.0.0:0
2021-11-29 08:36:11,909 [Listener at 127.0.0.1/45237] INFO  http.BaseHttpServer (BaseHttpServer.java:<init>(107)) - Hadoop Security Enabled: false Ozone Security Enabled: false Ozone HTTP Security Enabled: false 
2021-11-29 08:36:11,911 [Listener at 127.0.0.1/45237] INFO  server.AuthenticationFilter (AuthenticationFilter.java:constructSecretProvider(240)) - Unable to initialize FileSignerSecretProvider, falling back to use random secrets.
2021-11-29 08:36:11,913 [Listener at 127.0.0.1/45237] WARN  http.HttpRequestLog (HttpRequestLog.java:getRequestLog(103)) - Jetty request log can only be enabled using Log4j
2021-11-29 08:36:11,914 [Listener at 127.0.0.1/45237] INFO  http.HttpServer2 (HttpServer2.java:addGlobalFilter(1030)) - Added global filter 'safety' (class=org.apache.hadoop.hdds.server.http.HttpServer2$QuotingInputFilter)
2021-11-29 08:36:11,915 [Listener at 127.0.0.1/45237] INFO  http.HttpServer2 (HttpServer2.java:addFilter(1006)) - Added filter static_user_filter (class=org.apache.hadoop.http.lib.StaticUserWebFilter$StaticUserFilter) to context ozoneManager
2021-11-29 08:36:11,915 [Listener at 127.0.0.1/45237] INFO  http.HttpServer2 (HttpServer2.java:addFilter(1014)) - Added filter static_user_filter (class=org.apache.hadoop.http.lib.StaticUserWebFilter$StaticUserFilter) to context logs
2021-11-29 08:36:11,915 [Listener at 127.0.0.1/45237] INFO  http.HttpServer2 (HttpServer2.java:addFilter(1014)) - Added filter static_user_filter (class=org.apache.hadoop.http.lib.StaticUserWebFilter$StaticUserFilter) to context static
2021-11-29 08:36:11,917 [Listener at 127.0.0.1/45237] INFO  http.HttpServer2 (HttpServer2.java:bindListener(1249)) - Jetty bound to port 33201
2021-11-29 08:36:11,917 [Listener at 127.0.0.1/45237] INFO  server.Server (Server.java:doStart(375)) - jetty-9.4.43.v20210629; built: 2021-06-30T11:07:22.254Z; git: 526006ecfa3af7f1a27ef3a288e2bef7ea9dd7e8; jvm 1.8.0_292-b10
2021-11-29 08:36:11,923 [Listener at 127.0.0.1/45237] INFO  server.session (DefaultSessionIdManager.java:doStart(334)) - DefaultSessionIdManager workerName=node0
2021-11-29 08:36:11,923 [Listener at 127.0.0.1/45237] INFO  server.session (DefaultSessionIdManager.java:doStart(339)) - No SessionScavenger set, using defaults
2021-11-29 08:36:11,924 [Listener at 127.0.0.1/45237] INFO  server.session (HouseKeeper.java:startScavenging(132)) - node0 Scavenging every 660000ms
2021-11-29 08:36:11,924 [Listener at 127.0.0.1/45237] INFO  handler.ContextHandler (ContextHandler.java:doStart(915)) - Started o.e.j.s.ServletContextHandler@1f415be{logs,/logs,file:///home/runner/work/ozone/ozone/hadoop-ozone/integration-test/target/log,AVAILABLE}
2021-11-29 08:36:11,925 [Listener at 127.0.0.1/45237] INFO  handler.ContextHandler (ContextHandler.java:doStart(915)) - Started o.e.j.s.ServletContextHandler@563c1af6{static,/static,file:///home/runner/work/ozone/ozone/hadoop-ozone/integration-test/target/test-classes/webapps/static,AVAILABLE}
2021-11-29 08:36:11,928 [Listener at 127.0.0.1/45237] INFO  handler.ContextHandler (ContextHandler.java:doStart(915)) - Started o.e.j.w.WebAppContext@4a8f4c6c{ozoneManager,/,file:///home/runner/work/ozone/ozone/hadoop-ozone/integration-test/target/test-classes/webapps/ozoneManager/,AVAILABLE}{file:/home/runner/work/ozone/ozone/hadoop-ozone/integration-test/target/test-classes/webapps/ozoneManager}
2021-11-29 08:36:11,930 [Listener at 127.0.0.1/45237] INFO  server.AbstractConnector (AbstractConnector.java:doStart(331)) - Started ServerConnector@56d6cf97{HTTP/1.1, (http/1.1)}{0.0.0.0:33201}
2021-11-29 08:36:11,930 [Listener at 127.0.0.1/45237] INFO  server.Server (Server.java:doStart(415)) - Started @6025ms
2021-11-29 08:36:11,930 [Listener at 127.0.0.1/45237] WARN  impl.MetricsSystemImpl (MetricsSystemImpl.java:register(279)) - Sink prometheus already exists!
2021-11-29 08:36:11,931 [Listener at 127.0.0.1/45237] INFO  http.BaseHttpServer (BaseHttpServer.java:updateConnectorAddress(329)) - HTTP server of ozoneManager listening at http://0.0.0.0:33201
2021-11-29 08:36:11,933 [IPC Server Responder] INFO  ipc.Server (Server.java:run(1507)) - IPC Server Responder: starting
2021-11-29 08:36:11,934 [IPC Server listener on 0] INFO  ipc.Server (Server.java:run(1344)) - IPC Server listener on 0: starting
2021-11-29 08:36:11,937 [Listener at 127.0.0.1/45237] INFO  om.OzoneManager (OzoneManager.java:startTrashEmptier(1729)) - Trash Interval set to 0. Files deleted will not move to trash
2021-11-29 08:36:11,946 [org.apache.hadoop.util.JvmPauseMonitor$Monitor@3626a6d4] INFO  util.JvmPauseMonitor (JvmPauseMonitor.java:run(188)) - Starting JVM pause monitor
2021-11-29 08:36:12,130 [Listener at 127.0.0.1/45237] WARN  impl.MetricRegistriesImpl (MetricRegistriesImpl.java:addReporterRegistration(111)) - New reporters are added after registries were created. Some metrics will be missing from the reporter. Please add reporter before adding any new registry.
2021-11-29 08:36:12,131 [Listener at 127.0.0.1/45237] WARN  impl.MetricRegistriesImpl (MetricRegistriesImpl.java:addReporterRegistration(111)) - New reporters are added after registries were created. Some metrics will be missing from the reporter. Please add reporter before adding any new registry.
2021-11-29 08:36:12,132 [Listener at 127.0.0.1/45237] INFO  impl.MetricsSystemImpl (MetricsSystemImpl.java:init(158)) - HddsDatanode metrics system started (again)
2021-11-29 08:36:12,156 [Listener at 127.0.0.1/45237] INFO  ozone.HddsDatanodeService (HddsDatanodeService.java:start(234)) - HddsDatanodeService host:fv-az294-535.eaanfquahm5ulb5tj050gcxych.jx.internal.cloudapp.net ip:10.1.0.67
2021-11-29 08:36:12,185 [Listener at 127.0.0.1/45237] INFO  upgrade.AbstractLayoutVersionManager (AbstractLayoutVersionManager.java:init(79)) - Initializing Layout version manager with metadata layout = SCM_HA (version = 2), software layout = SCM_HA (version = 2)
2021-11-29 08:36:12,236 [Listener at 127.0.0.1/45237] INFO  reflections.Reflections (Reflections.java:scan(232)) - Reflections took 45 ms to scan 7 urls, producing 119 keys and 279 values 
2021-11-29 08:36:12,243 [Listener at 127.0.0.1/45237] INFO  statemachine.DatanodeStateMachine (DatanodeStateMachine.java:getEndPointTaskThreadPoolSize(219)) - Datanode State Machine Task Thread Pool size 2
2021-11-29 08:36:12,319 [Listener at 127.0.0.1/45237] INFO  volume.HddsVolume (HddsVolume.java:<init>(120)) - Creating HddsVolume: /home/runner/work/ozone/ozone/hadoop-ozone/integration-test/target/test-dir/MiniOzoneClusterImpl-3d114d2a-f85f-45ce-9fd0-840e2dc708c7/datanode-0/data-0/containers/hdds of storage type : DISK capacity : 9223372036854775807
2021-11-29 08:36:12,322 [Listener at 127.0.0.1/45237] INFO  volume.MutableVolumeSet (MutableVolumeSet.java:initializeVolumeSet(168)) - Added Volume : /home/runner/work/ozone/ozone/hadoop-ozone/integration-test/target/test-dir/MiniOzoneClusterImpl-3d114d2a-f85f-45ce-9fd0-840e2dc708c7/datanode-0/data-0/containers/hdds to VolumeSet
2021-11-29 08:36:12,323 [Listener at 127.0.0.1/45237] INFO  volume.ThrottledAsyncChecker (ThrottledAsyncChecker.java:schedule(141)) - Scheduling a check for /home/runner/work/ozone/ozone/hadoop-ozone/integration-test/target/test-dir/MiniOzoneClusterImpl-3d114d2a-f85f-45ce-9fd0-840e2dc708c7/datanode-0/data-0/containers/hdds
2021-11-29 08:36:12,343 [Listener at 127.0.0.1/45237] INFO  volume.StorageVolumeChecker (StorageVolumeChecker.java:checkAllVolumes(202)) - Scheduled health check for volume /home/runner/work/ozone/ozone/hadoop-ozone/integration-test/target/test-dir/MiniOzoneClusterImpl-3d114d2a-f85f-45ce-9fd0-840e2dc708c7/datanode-0/data-0/containers/hdds
2021-11-29 08:36:12,367 [Listener at 127.0.0.1/45237] INFO  volume.MutableVolumeSet (MutableVolumeSet.java:initializeVolumeSet(168)) - Added Volume : /home/runner/work/ozone/ozone/hadoop-ozone/integration-test/target/test-dir/MiniOzoneClusterImpl-3d114d2a-f85f-45ce-9fd0-840e2dc708c7/datanode-0/data/ratis to VolumeSet
2021-11-29 08:36:12,367 [Listener at 127.0.0.1/45237] INFO  volume.ThrottledAsyncChecker (ThrottledAsyncChecker.java:schedule(141)) - Scheduling a check for /home/runner/work/ozone/ozone/hadoop-ozone/integration-test/target/test-dir/MiniOzoneClusterImpl-3d114d2a-f85f-45ce-9fd0-840e2dc708c7/datanode-0/data/ratis
2021-11-29 08:36:12,367 [Listener at 127.0.0.1/45237] INFO  volume.StorageVolumeChecker (StorageVolumeChecker.java:checkAllVolumes(202)) - Scheduled health check for volume /home/runner/work/ozone/ozone/hadoop-ozone/integration-test/target/test-dir/MiniOzoneClusterImpl-3d114d2a-f85f-45ce-9fd0-840e2dc708c7/datanode-0/data/ratis
2021-11-29 08:36:12,388 [Thread-131] INFO  ozoneimpl.ContainerReader (ContainerReader.java:readVolume(172)) - Finish verifying containers on volume /home/runner/work/ozone/ozone/hadoop-ozone/integration-test/target/test-dir/MiniOzoneClusterImpl-3d114d2a-f85f-45ce-9fd0-840e2dc708c7/datanode-0/data-0/containers/hdds
2021-11-29 08:36:12,388 [Listener at 127.0.0.1/45237] INFO  ozoneimpl.OzoneContainer (OzoneContainer.java:buildContainerSet(236)) - Build ContainerSet costs 0s
2021-11-29 08:36:12,473 [Listener at 127.0.0.1/45237] INFO  server.RaftServer (ConfUtils.java:logGet(44)) - raft.rpc.type = GRPC (default)
2021-11-29 08:36:12,479 [Listener at 127.0.0.1/45237] INFO  grpc.GrpcFactory (GrpcFactory.java:checkPooledByteBufAllocatorUseCacheForAllThreads(48)) - PERFORMANCE WARNING: useCacheForAllThreads is true that may cause Netty to create a lot garbage objects and, as a result, trigger GC.
	It is recommended to disable useCacheForAllThreads by setting -Dorg.apache.ratis.thirdparty.io.netty.allocator.useCacheForAllThreads=false in command line.
2021-11-29 08:36:12,479 [Listener at 127.0.0.1/45237] INFO  grpc.GrpcConfigKeys (ConfUtils.java:logGet(44)) - raft.grpc.admin.port = 0 (custom)
2021-11-29 08:36:12,479 [Listener at 127.0.0.1/45237] INFO  grpc.GrpcConfigKeys (ConfUtils.java:logGet(44)) - raft.grpc.client.port = 0 (custom)
2021-11-29 08:36:12,479 [Listener at 127.0.0.1/45237] INFO  grpc.GrpcConfigKeys (ConfUtils.java:logGet(44)) - raft.grpc.server.port = 0 (default)
2021-11-29 08:36:12,479 [Listener at 127.0.0.1/45237] INFO  server.GrpcService (ConfUtils.java:logGet(44)) - raft.grpc.message.size.max = 32MB (=33554432) (custom)
2021-11-29 08:36:12,480 [Listener at 127.0.0.1/45237] INFO  server.RaftServerConfigKeys (ConfUtils.java:logGet(44)) - raft.server.log.appender.buffer.byte-limit = 33554432 (custom)
2021-11-29 08:36:12,480 [Listener at 127.0.0.1/45237] INFO  server.GrpcService (ConfUtils.java:logGet(44)) - raft.grpc.flow.control.window = 5MB (=5242880) (custom)
2021-11-29 08:36:12,480 [Listener at 127.0.0.1/45237] INFO  server.RaftServerConfigKeys (ConfUtils.java:logGet(44)) - raft.server.rpc.request.timeout = 60s (custom)
2021-11-29 08:36:12,481 [Listener at 127.0.0.1/45237] INFO  impl.DataStreamServerImpl (ConfUtils.java:logGet(44)) - raft.datastream.type = DISABLED (default)
2021-11-29 08:36:12,484 [Listener at 127.0.0.1/45237] INFO  server.RaftServerConfigKeys (ConfUtils.java:logGet(44)) - raft.server.rpc.slowness.timeout = 300s (custom)
2021-11-29 08:36:12,484 [Listener at 127.0.0.1/45237] INFO  server.RaftServerConfigKeys (ConfUtils.java:logGet(44)) - raft.server.leaderelection.leader.step-down.wait-time = 10s (default)
2021-11-29 08:36:12,484 [Listener at 127.0.0.1/45237] INFO  server.RaftServerConfigKeys (ConfUtils.java:logGet(44)) - raft.server.storage.dir = [/home/runner/work/ozone/ozone/hadoop-ozone/integration-test/target/test-dir/MiniOzoneClusterImpl-3d114d2a-f85f-45ce-9fd0-840e2dc708c7/datanode-0/data/ratis] (custom)
2021-11-29 08:36:12,582 [Listener at 127.0.0.1/45237] INFO  http.BaseHttpServer (BaseHttpServer.java:newHttpServer2BuilderForOzone(209)) - Starting Web-server for hddsDatanode at: http://0.0.0.0:0
2021-11-29 08:36:12,582 [Listener at 127.0.0.1/45237] INFO  http.BaseHttpServer (BaseHttpServer.java:<init>(107)) - Hadoop Security Enabled: false Ozone Security Enabled: false Ozone HTTP Security Enabled: false 
2021-11-29 08:36:12,584 [Listener at 127.0.0.1/45237] INFO  server.AuthenticationFilter (AuthenticationFilter.java:constructSecretProvider(240)) - Unable to initialize FileSignerSecretProvider, falling back to use random secrets.
2021-11-29 08:36:12,585 [Listener at 127.0.0.1/45237] WARN  http.HttpRequestLog (HttpRequestLog.java:getRequestLog(103)) - Jetty request log can only be enabled using Log4j
2021-11-29 08:36:12,586 [Listener at 127.0.0.1/45237] INFO  http.HttpServer2 (HttpServer2.java:addGlobalFilter(1030)) - Added global filter 'safety' (class=org.apache.hadoop.hdds.server.http.HttpServer2$QuotingInputFilter)
2021-11-29 08:36:12,587 [Listener at 127.0.0.1/45237] INFO  http.HttpServer2 (HttpServer2.java:addFilter(1006)) - Added filter static_user_filter (class=org.apache.hadoop.http.lib.StaticUserWebFilter$StaticUserFilter) to context hddsDatanode
2021-11-29 08:36:12,587 [Listener at 127.0.0.1/45237] INFO  http.HttpServer2 (HttpServer2.java:addFilter(1014)) - Added filter static_user_filter (class=org.apache.hadoop.http.lib.StaticUserWebFilter$StaticUserFilter) to context static
2021-11-29 08:36:12,587 [Listener at 127.0.0.1/45237] INFO  http.HttpServer2 (HttpServer2.java:addFilter(1014)) - Added filter static_user_filter (class=org.apache.hadoop.http.lib.StaticUserWebFilter$StaticUserFilter) to context logs
2021-11-29 08:36:12,588 [Listener at 127.0.0.1/45237] INFO  http.HttpServer2 (HttpServer2.java:bindListener(1249)) - Jetty bound to port 39933
2021-11-29 08:36:12,588 [Listener at 127.0.0.1/45237] INFO  server.Server (Server.java:doStart(375)) - jetty-9.4.43.v20210629; built: 2021-06-30T11:07:22.254Z; git: 526006ecfa3af7f1a27ef3a288e2bef7ea9dd7e8; jvm 1.8.0_292-b10
2021-11-29 08:36:12,593 [Listener at 127.0.0.1/45237] INFO  server.session (DefaultSessionIdManager.java:doStart(334)) - DefaultSessionIdManager workerName=node0
2021-11-29 08:36:12,594 [Listener at 127.0.0.1/45237] INFO  server.session (DefaultSessionIdManager.java:doStart(339)) - No SessionScavenger set, using defaults
2021-11-29 08:36:12,594 [Listener at 127.0.0.1/45237] INFO  server.session (HouseKeeper.java:startScavenging(132)) - node0 Scavenging every 660000ms
2021-11-29 08:36:12,595 [Listener at 127.0.0.1/45237] INFO  handler.ContextHandler (ContextHandler.java:doStart(915)) - Started o.e.j.s.ServletContextHandler@68f575f2{logs,/logs,file:///home/runner/work/ozone/ozone/hadoop-ozone/integration-test/target/log,AVAILABLE}
2021-11-29 08:36:12,595 [Listener at 127.0.0.1/45237] INFO  handler.ContextHandler (ContextHandler.java:doStart(915)) - Started o.e.j.s.ServletContextHandler@2ca5ffd3{static,/static,jar:file:/home/runner/.m2/repository/org/apache/ozone/hdds-container-service/1.3.0-SNAPSHOT/hdds-container-service-1.3.0-SNAPSHOT.jar!/webapps/static,AVAILABLE}
2021-11-29 08:36:12,656 [Listener at 127.0.0.1/45237] INFO  handler.ContextHandler (ContextHandler.java:doStart(915)) - Started o.e.j.w.WebAppContext@1a5a8c2{hddsDatanode,/,file:///tmp/jetty-0_0_0_0-39933-hdds-container-service-1_3_0-SNAPSHOT_jar-_-any-7436795055141775997/webapp/,AVAILABLE}{jar:file:/home/runner/.m2/repository/org/apache/ozone/hdds-container-service/1.3.0-SNAPSHOT/hdds-container-service-1.3.0-SNAPSHOT.jar!/webapps/hddsDatanode}
2021-11-29 08:36:12,657 [Listener at 127.0.0.1/45237] INFO  server.AbstractConnector (AbstractConnector.java:doStart(331)) - Started ServerConnector@4a277ca2{HTTP/1.1, (http/1.1)}{0.0.0.0:39933}
2021-11-29 08:36:12,657 [Listener at 127.0.0.1/45237] INFO  server.Server (Server.java:doStart(415)) - Started @6752ms
2021-11-29 08:36:12,657 [Listener at 127.0.0.1/45237] WARN  impl.MetricsSystemImpl (MetricsSystemImpl.java:register(279)) - Sink prometheus already exists!
2021-11-29 08:36:12,658 [Listener at 127.0.0.1/45237] INFO  http.BaseHttpServer (BaseHttpServer.java:updateConnectorAddress(329)) - HTTP server of hddsDatanode listening at http://0.0.0.0:39933
2021-11-29 08:36:12,659 [Listener at 127.0.0.1/45237] WARN  impl.MetricRegistriesImpl (MetricRegistriesImpl.java:addReporterRegistration(111)) - New reporters are added after registries were created. Some metrics will be missing from the reporter. Please add reporter before adding any new registry.
2021-11-29 08:36:12,659 [Listener at 127.0.0.1/45237] WARN  impl.MetricRegistriesImpl (MetricRegistriesImpl.java:addReporterRegistration(111)) - New reporters are added after registries were created. Some metrics will be missing from the reporter. Please add reporter before adding any new registry.
2021-11-29 08:36:12,660 [Listener at 127.0.0.1/45237] INFO  impl.MetricsSystemImpl (MetricsSystemImpl.java:init(158)) - HddsDatanode metrics system started (again)
2021-11-29 08:36:12,669 [Datanode State Machine Daemon Thread] INFO  statemachine.DatanodeStateMachine (DatanodeStateMachine.java:lambda$startDaemon$0(467)) - Ozone container server started.
2021-11-29 08:36:12,680 [org.apache.hadoop.util.JvmPauseMonitor$Monitor@793ee369] INFO  util.JvmPauseMonitor (JvmPauseMonitor.java:run(188)) - Starting JVM pause monitor
2021-11-29 08:36:12,694 [Listener at 127.0.0.1/45237] INFO  ozone.HddsDatanodeService (HddsDatanodeService.java:start(234)) - HddsDatanodeService host:fv-az294-535.eaanfquahm5ulb5tj050gcxych.jx.internal.cloudapp.net ip:10.1.0.67
2021-11-29 08:36:12,716 [Listener at 127.0.0.1/45237] INFO  upgrade.AbstractLayoutVersionManager (AbstractLayoutVersionManager.java:init(79)) - Initializing Layout version manager with metadata layout = SCM_HA (version = 2), software layout = SCM_HA (version = 2)
2021-11-29 08:36:12,792 [Listener at 127.0.0.1/45237] INFO  reflections.Reflections (Reflections.java:scan(232)) - Reflections took 74 ms to scan 7 urls, producing 119 keys and 279 values 
2021-11-29 08:36:12,797 [Listener at 127.0.0.1/45237] INFO  statemachine.DatanodeStateMachine (DatanodeStateMachine.java:getEndPointTaskThreadPoolSize(219)) - Datanode State Machine Task Thread Pool size 2
2021-11-29 08:36:12,798 [ReplicationMonitor] INFO  container.ReplicationManager (ReplicationManager.java:processAll(371)) - Replication Monitor Thread took 0 milliseconds for processing 0 containers.
2021-11-29 08:36:12,806 [Listener at 127.0.0.1/45237] INFO  volume.HddsVolume (HddsVolume.java:<init>(120)) - Creating HddsVolume: /home/runner/work/ozone/ozone/hadoop-ozone/integration-test/target/test-dir/MiniOzoneClusterImpl-3d114d2a-f85f-45ce-9fd0-840e2dc708c7/datanode-1/data-0/containers/hdds of storage type : DISK capacity : 9223372036854775807
2021-11-29 08:36:12,806 [Listener at 127.0.0.1/45237] INFO  volume.MutableVolumeSet (MutableVolumeSet.java:initializeVolumeSet(168)) - Added Volume : /home/runner/work/ozone/ozone/hadoop-ozone/integration-test/target/test-dir/MiniOzoneClusterImpl-3d114d2a-f85f-45ce-9fd0-840e2dc708c7/datanode-1/data-0/containers/hdds to VolumeSet
2021-11-29 08:36:12,806 [Listener at 127.0.0.1/45237] INFO  volume.ThrottledAsyncChecker (ThrottledAsyncChecker.java:schedule(141)) - Scheduling a check for /home/runner/work/ozone/ozone/hadoop-ozone/integration-test/target/test-dir/MiniOzoneClusterImpl-3d114d2a-f85f-45ce-9fd0-840e2dc708c7/datanode-1/data-0/containers/hdds
2021-11-29 08:36:12,818 [Listener at 127.0.0.1/45237] INFO  volume.StorageVolumeChecker (StorageVolumeChecker.java:checkAllVolumes(202)) - Scheduled health check for volume /home/runner/work/ozone/ozone/hadoop-ozone/integration-test/target/test-dir/MiniOzoneClusterImpl-3d114d2a-f85f-45ce-9fd0-840e2dc708c7/datanode-1/data-0/containers/hdds
2021-11-29 08:36:12,822 [om1@group-C5BA1605619E-FollowerState] INFO  impl.FollowerState (FollowerState.java:run(134)) - om1@group-C5BA1605619E-FollowerState: change to CANDIDATE, lastRpcElapsedTime:1009865988ns, electionTimeout:1001ms
2021-11-29 08:36:12,823 [om1@group-C5BA1605619E-FollowerState] INFO  impl.RoleInfo (RoleInfo.java:shutdownFollowerState(108)) - om1: shutdown om1@group-C5BA1605619E-FollowerState
2021-11-29 08:36:12,826 [om1@group-C5BA1605619E-FollowerState] INFO  server.RaftServer$Division (RaftServerImpl.java:setRole(290)) - om1@group-C5BA1605619E: changes role from  FOLLOWER to CANDIDATE at term 0 for changeToCandidate
2021-11-29 08:36:12,829 [om1@group-C5BA1605619E-FollowerState] INFO  server.RaftServerConfigKeys (ConfUtils.java:logGet(44)) - raft.server.leaderelection.pre-vote = false (custom)
2021-11-29 08:36:12,829 [om1@group-C5BA1605619E-FollowerState] INFO  impl.RoleInfo (RoleInfo.java:updateAndGet(130)) - om1: start om1@group-C5BA1605619E-LeaderElection1
2021-11-29 08:36:12,845 [Listener at 127.0.0.1/45237] INFO  volume.MutableVolumeSet (MutableVolumeSet.java:initializeVolumeSet(168)) - Added Volume : /home/runner/work/ozone/ozone/hadoop-ozone/integration-test/target/test-dir/MiniOzoneClusterImpl-3d114d2a-f85f-45ce-9fd0-840e2dc708c7/datanode-1/data/ratis to VolumeSet
2021-11-29 08:36:12,846 [Listener at 127.0.0.1/45237] INFO  volume.ThrottledAsyncChecker (ThrottledAsyncChecker.java:schedule(141)) - Scheduling a check for /home/runner/work/ozone/ozone/hadoop-ozone/integration-test/target/test-dir/MiniOzoneClusterImpl-3d114d2a-f85f-45ce-9fd0-840e2dc708c7/datanode-1/data/ratis
2021-11-29 08:36:12,846 [Listener at 127.0.0.1/45237] INFO  volume.StorageVolumeChecker (StorageVolumeChecker.java:checkAllVolumes(202)) - Scheduled health check for volume /home/runner/work/ozone/ozone/hadoop-ozone/integration-test/target/test-dir/MiniOzoneClusterImpl-3d114d2a-f85f-45ce-9fd0-840e2dc708c7/datanode-1/data/ratis
2021-11-29 08:36:12,880 [Thread-144] INFO  ozoneimpl.ContainerReader (ContainerReader.java:readVolume(172)) - Finish verifying containers on volume /home/runner/work/ozone/ozone/hadoop-ozone/integration-test/target/test-dir/MiniOzoneClusterImpl-3d114d2a-f85f-45ce-9fd0-840e2dc708c7/datanode-1/data-0/containers/hdds
2021-11-29 08:36:12,884 [om1@group-C5BA1605619E-LeaderElection1] INFO  impl.LeaderElection (LeaderElection.java:askForVotes(306)) - om1@group-C5BA1605619E-LeaderElection1 ELECTION round 0: submit vote requests at term 1 for -1: [om1|rpc:localhost:33833|priority:0], old=null
2021-11-29 08:36:12,884 [om1@group-C5BA1605619E-LeaderElection1] INFO  impl.LeaderElection (LeaderElection.java:askForVotes(308)) - om1@group-C5BA1605619E-LeaderElection1 ELECTION round 0: result PASSED (term=1)
2021-11-29 08:36:12,885 [om1@group-C5BA1605619E-LeaderElection1] INFO  impl.RoleInfo (RoleInfo.java:shutdownLeaderElection(121)) - om1: shutdown om1@group-C5BA1605619E-LeaderElection1
2021-11-29 08:36:12,885 [Listener at 127.0.0.1/45237] INFO  ozoneimpl.OzoneContainer (OzoneContainer.java:buildContainerSet(236)) - Build ContainerSet costs 0s
2021-11-29 08:36:12,887 [om1@group-C5BA1605619E-LeaderElection1] INFO  server.RaftServer$Division (RaftServerImpl.java:setRole(290)) - om1@group-C5BA1605619E: changes role from CANDIDATE to LEADER at term 1 for changeToLeader
2021-11-29 08:36:12,889 [om1@group-C5BA1605619E-LeaderElection1] INFO  server.RaftServer$Division (ServerState.java:setLeader(285)) - om1@group-C5BA1605619E: change Leader from null to om1 at term 1 for becomeLeader, leader elected after 1212ms
2021-11-29 08:36:12,891 [Listener at 127.0.0.1/45237] INFO  server.RaftServer (ConfUtils.java:logGet(44)) - raft.rpc.type = GRPC (default)
2021-11-29 08:36:12,894 [Listener at 127.0.0.1/45237] INFO  grpc.GrpcFactory (GrpcFactory.java:checkPooledByteBufAllocatorUseCacheForAllThreads(48)) - PERFORMANCE WARNING: useCacheForAllThreads is true that may cause Netty to create a lot garbage objects and, as a result, trigger GC.
	It is recommended to disable useCacheForAllThreads by setting -Dorg.apache.ratis.thirdparty.io.netty.allocator.useCacheForAllThreads=false in command line.
2021-11-29 08:36:12,895 [Listener at 127.0.0.1/45237] INFO  grpc.GrpcConfigKeys (ConfUtils.java:logGet(44)) - raft.grpc.admin.port = 0 (custom)
2021-11-29 08:36:12,895 [Listener at 127.0.0.1/45237] INFO  grpc.GrpcConfigKeys (ConfUtils.java:logGet(44)) - raft.grpc.client.port = 0 (custom)
2021-11-29 08:36:12,895 [Listener at 127.0.0.1/45237] INFO  grpc.GrpcConfigKeys (ConfUtils.java:logGet(44)) - raft.grpc.server.port = 0 (default)
2021-11-29 08:36:12,895 [Listener at 127.0.0.1/45237] INFO  server.GrpcService (ConfUtils.java:logGet(44)) - raft.grpc.message.size.max = 32MB (=33554432) (custom)
2021-11-29 08:36:12,895 [Listener at 127.0.0.1/45237] INFO  server.RaftServerConfigKeys (ConfUtils.java:logGet(44)) - raft.server.log.appender.buffer.byte-limit = 33554432 (custom)
2021-11-29 08:36:12,895 [Listener at 127.0.0.1/45237] INFO  server.GrpcService (ConfUtils.java:logGet(44)) - raft.grpc.flow.control.window = 5MB (=5242880) (custom)
2021-11-29 08:36:12,895 [Listener at 127.0.0.1/45237] INFO  server.RaftServerConfigKeys (ConfUtils.java:logGet(44)) - raft.server.rpc.request.timeout = 60s (custom)
2021-11-29 08:36:12,896 [Listener at 127.0.0.1/45237] INFO  impl.DataStreamServerImpl (ConfUtils.java:logGet(44)) - raft.datastream.type = DISABLED (default)
2021-11-29 08:36:12,899 [Listener at 127.0.0.1/45237] INFO  server.RaftServerConfigKeys (ConfUtils.java:logGet(44)) - raft.server.rpc.slowness.timeout = 300s (custom)
2021-11-29 08:36:12,899 [Listener at 127.0.0.1/45237] INFO  server.RaftServerConfigKeys (ConfUtils.java:logGet(44)) - raft.server.leaderelection.leader.step-down.wait-time = 10s (default)
2021-11-29 08:36:12,900 [Listener at 127.0.0.1/45237] INFO  server.RaftServerConfigKeys (ConfUtils.java:logGet(44)) - raft.server.storage.dir = [/home/runner/work/ozone/ozone/hadoop-ozone/integration-test/target/test-dir/MiniOzoneClusterImpl-3d114d2a-f85f-45ce-9fd0-840e2dc708c7/datanode-1/data/ratis] (custom)
2021-11-29 08:36:12,899 [om1@group-C5BA1605619E-LeaderElection1] INFO  server.RaftServerConfigKeys (ConfUtils.java:logGet(44)) - raft.server.staging.catchup.gap = 1000 (default)
2021-11-29 08:36:12,897 [Datanode State Machine Task Thread - 0] INFO  datanode.InitDatanodeState (InitDatanodeState.java:persistContainerDatanodeDetails(145)) - DatanodeDetails is persisted to /home/runner/work/ozone/ozone/hadoop-ozone/integration-test/target/test-dir/MiniOzoneClusterImpl-3d114d2a-f85f-45ce-9fd0-840e2dc708c7/datanode-0/meta/datanode.id
2021-11-29 08:36:12,910 [Listener at 127.0.0.1/45237] INFO  http.BaseHttpServer (BaseHttpServer.java:newHttpServer2BuilderForOzone(209)) - Starting Web-server for hddsDatanode at: http://0.0.0.0:0
2021-11-29 08:36:12,912 [Listener at 127.0.0.1/45237] INFO  http.BaseHttpServer (BaseHttpServer.java:<init>(107)) - Hadoop Security Enabled: false Ozone Security Enabled: false Ozone HTTP Security Enabled: false 
2021-11-29 08:36:12,914 [Listener at 127.0.0.1/45237] INFO  server.AuthenticationFilter (AuthenticationFilter.java:constructSecretProvider(240)) - Unable to initialize FileSignerSecretProvider, falling back to use random secrets.
2021-11-29 08:36:12,915 [om1@group-C5BA1605619E-LeaderElection1] INFO  server.RaftServerConfigKeys (ConfUtils.java:logGet(44)) - raft.server.write.element-limit = 4096 (default)
2021-11-29 08:36:12,915 [om1@group-C5BA1605619E-LeaderElection1] INFO  server.RaftServerConfigKeys (ConfUtils.java:logGet(44)) - raft.server.write.byte-limit = 64MB (=67108864) (default)
2021-11-29 08:36:12,917 [Listener at 127.0.0.1/45237] WARN  http.HttpRequestLog (HttpRequestLog.java:getRequestLog(103)) - Jetty request log can only be enabled using Log4j
2021-11-29 08:36:12,920 [Listener at 127.0.0.1/45237] INFO  http.HttpServer2 (HttpServer2.java:addGlobalFilter(1030)) - Added global filter 'safety' (class=org.apache.hadoop.hdds.server.http.HttpServer2$QuotingInputFilter)
2021-11-29 08:36:12,922 [Listener at 127.0.0.1/45237] INFO  http.HttpServer2 (HttpServer2.java:addFilter(1006)) - Added filter static_user_filter (class=org.apache.hadoop.http.lib.StaticUserWebFilter$StaticUserFilter) to context hddsDatanode
2021-11-29 08:36:12,922 [Listener at 127.0.0.1/45237] INFO  http.HttpServer2 (HttpServer2.java:addFilter(1014)) - Added filter static_user_filter (class=org.apache.hadoop.http.lib.StaticUserWebFilter$StaticUserFilter) to context logs
2021-11-29 08:36:12,922 [Listener at 127.0.0.1/45237] INFO  http.HttpServer2 (HttpServer2.java:addFilter(1014)) - Added filter static_user_filter (class=org.apache.hadoop.http.lib.StaticUserWebFilter$StaticUserFilter) to context static
2021-11-29 08:36:12,923 [Listener at 127.0.0.1/45237] INFO  http.HttpServer2 (HttpServer2.java:bindListener(1249)) - Jetty bound to port 37681
2021-11-29 08:36:12,923 [om1@group-C5BA1605619E-LeaderElection1] INFO  server.RaftServerConfigKeys (ConfUtils.java:logGet(44)) - raft.server.watch.timeout = 10s (default)
2021-11-29 08:36:12,924 [Listener at 127.0.0.1/45237] INFO  server.Server (Server.java:doStart(375)) - jetty-9.4.43.v20210629; built: 2021-06-30T11:07:22.254Z; git: 526006ecfa3af7f1a27ef3a288e2bef7ea9dd7e8; jvm 1.8.0_292-b10
2021-11-29 08:36:12,924 [om1@group-C5BA1605619E-LeaderElection1] INFO  server.RaftServerConfigKeys (ConfUtils.java:logGet(44)) - raft.server.watch.timeout.denomination = 1s (default)
2021-11-29 08:36:12,925 [Listener at 127.0.0.1/45237] INFO  server.session (DefaultSessionIdManager.java:doStart(334)) - DefaultSessionIdManager workerName=node0
2021-11-29 08:36:12,925 [Listener at 127.0.0.1/45237] INFO  server.session (DefaultSessionIdManager.java:doStart(339)) - No SessionScavenger set, using defaults
2021-11-29 08:36:12,925 [Listener at 127.0.0.1/45237] INFO  server.session (HouseKeeper.java:startScavenging(132)) - node0 Scavenging every 600000ms
2021-11-29 08:36:12,929 [om1@group-C5BA1605619E-LeaderElection1] INFO  server.RaftServerConfigKeys (ConfUtils.java:logGet(44)) - raft.server.watch.element-limit = 65536 (default)
2021-11-29 08:36:12,933 [Listener at 127.0.0.1/45237] INFO  handler.ContextHandler (ContextHandler.java:doStart(915)) - Started o.e.j.s.ServletContextHandler@37351772{logs,/logs,file:///home/runner/work/ozone/ozone/hadoop-ozone/integration-test/target/log,AVAILABLE}
2021-11-29 08:36:12,933 [Listener at 127.0.0.1/45237] INFO  handler.ContextHandler (ContextHandler.java:doStart(915)) - Started o.e.j.s.ServletContextHandler@73ed3bc6{static,/static,jar:file:/home/runner/.m2/repository/org/apache/ozone/hdds-container-service/1.3.0-SNAPSHOT/hdds-container-service-1.3.0-SNAPSHOT.jar!/webapps/static,AVAILABLE}
2021-11-29 08:36:13,071 [om1@group-C5BA1605619E-LeaderElection1] INFO  server.RaftServerConfigKeys (ConfUtils.java:logGet(44)) - raft.server.write.element-limit = 4096 (default)
2021-11-29 08:36:13,079 [om1@group-C5BA1605619E-LeaderElection1] INFO  server.RaftServerConfigKeys (ConfUtils.java:logGet(44)) - raft.server.write.follower.gap.ratio.max = -1.0 (default)
2021-11-29 08:36:13,081 [om1@group-C5BA1605619E-LeaderElection1] INFO  impl.RoleInfo (RoleInfo.java:updateAndGet(130)) - om1: start om1@group-C5BA1605619E-LeaderStateImpl
2021-11-29 08:36:13,111 [om1@group-C5BA1605619E-LeaderElection1] INFO  segmented.SegmentedRaftLogWorker (SegmentedRaftLogWorker.java:startLogSegment(394)) - om1@group-C5BA1605619E-SegmentedRaftLogWorker: Starting segment from index:0
2021-11-29 08:36:13,157 [Listener at 127.0.0.1/45237] INFO  handler.ContextHandler (ContextHandler.java:doStart(915)) - Started o.e.j.w.WebAppContext@179eaa14{hddsDatanode,/,file:///tmp/jetty-0_0_0_0-37681-hdds-container-service-1_3_0-SNAPSHOT_jar-_-any-2965054845256054567/webapp/,AVAILABLE}{jar:file:/home/runner/.m2/repository/org/apache/ozone/hdds-container-service/1.3.0-SNAPSHOT/hdds-container-service-1.3.0-SNAPSHOT.jar!/webapps/hddsDatanode}
2021-11-29 08:36:13,164 [Listener at 127.0.0.1/45237] INFO  server.AbstractConnector (AbstractConnector.java:doStart(331)) - Started ServerConnector@50a79856{HTTP/1.1, (http/1.1)}{0.0.0.0:37681}
2021-11-29 08:36:13,164 [Listener at 127.0.0.1/45237] INFO  server.Server (Server.java:doStart(415)) - Started @7259ms
2021-11-29 08:36:13,164 [Listener at 127.0.0.1/45237] WARN  impl.MetricsSystemImpl (MetricsSystemImpl.java:register(279)) - Sink prometheus already exists!
2021-11-29 08:36:13,165 [Listener at 127.0.0.1/45237] INFO  http.BaseHttpServer (BaseHttpServer.java:updateConnectorAddress(329)) - HTTP server of hddsDatanode listening at http://0.0.0.0:37681
2021-11-29 08:36:13,169 [Listener at 127.0.0.1/45237] WARN  impl.MetricRegistriesImpl (MetricRegistriesImpl.java:addReporterRegistration(111)) - New reporters are added after registries were created. Some metrics will be missing from the reporter. Please add reporter before adding any new registry.
2021-11-29 08:36:13,169 [Listener at 127.0.0.1/45237] WARN  impl.MetricRegistriesImpl (MetricRegistriesImpl.java:addReporterRegistration(111)) - New reporters are added after registries were created. Some metrics will be missing from the reporter. Please add reporter before adding any new registry.
2021-11-29 08:36:13,169 [Listener at 127.0.0.1/45237] INFO  impl.MetricsSystemImpl (MetricsSystemImpl.java:init(158)) - HddsDatanode metrics system started (again)
2021-11-29 08:36:13,186 [Datanode State Machine Daemon Thread] INFO  statemachine.DatanodeStateMachine (DatanodeStateMachine.java:lambda$startDaemon$0(467)) - Ozone container server started.
2021-11-29 08:36:13,193 [Listener at 127.0.0.1/45237] INFO  ozone.HddsDatanodeService (HddsDatanodeService.java:start(234)) - HddsDatanodeService host:fv-az294-535.eaanfquahm5ulb5tj050gcxych.jx.internal.cloudapp.net ip:10.1.0.67
2021-11-29 08:36:13,205 [org.apache.hadoop.util.JvmPauseMonitor$Monitor@ab4272b] INFO  util.JvmPauseMonitor (JvmPauseMonitor.java:run(188)) - Starting JVM pause monitor
2021-11-29 08:36:13,231 [Listener at 127.0.0.1/45237] INFO  upgrade.AbstractLayoutVersionManager (AbstractLayoutVersionManager.java:init(79)) - Initializing Layout version manager with metadata layout = SCM_HA (version = 2), software layout = SCM_HA (version = 2)
2021-11-29 08:36:13,247 [Datanode State Machine Task Thread - 0] INFO  datanode.InitDatanodeState (InitDatanodeState.java:persistContainerDatanodeDetails(145)) - DatanodeDetails is persisted to /home/runner/work/ozone/ozone/hadoop-ozone/integration-test/target/test-dir/MiniOzoneClusterImpl-3d114d2a-f85f-45ce-9fd0-840e2dc708c7/datanode-1/meta/datanode.id
2021-11-29 08:36:13,248 [om1@group-C5BA1605619E-LeaderElection1] INFO  server.RaftServer$Division (ServerState.java:setRaftConf(387)) - om1@group-C5BA1605619E: set configuration 0: [om1|rpc:localhost:33833|admin:|client:|dataStream:|priority:0], old=null
2021-11-29 08:36:13,284 [Listener at 127.0.0.1/45237] INFO  reflections.Reflections (Reflections.java:scan(232)) - Reflections took 44 ms to scan 7 urls, producing 119 keys and 279 values 
2021-11-29 08:36:13,286 [Listener at 127.0.0.1/45237] INFO  statemachine.DatanodeStateMachine (DatanodeStateMachine.java:getEndPointTaskThreadPoolSize(219)) - Datanode State Machine Task Thread Pool size 2
2021-11-29 08:36:13,288 [Listener at 127.0.0.1/45237] INFO  volume.HddsVolume (HddsVolume.java:<init>(120)) - Creating HddsVolume: /home/runner/work/ozone/ozone/hadoop-ozone/integration-test/target/test-dir/MiniOzoneClusterImpl-3d114d2a-f85f-45ce-9fd0-840e2dc708c7/datanode-2/data-0/containers/hdds of storage type : DISK capacity : 9223372036854775807
2021-11-29 08:36:13,288 [Listener at 127.0.0.1/45237] INFO  volume.MutableVolumeSet (MutableVolumeSet.java:initializeVolumeSet(168)) - Added Volume : /home/runner/work/ozone/ozone/hadoop-ozone/integration-test/target/test-dir/MiniOzoneClusterImpl-3d114d2a-f85f-45ce-9fd0-840e2dc708c7/datanode-2/data-0/containers/hdds to VolumeSet
2021-11-29 08:36:13,288 [Listener at 127.0.0.1/45237] INFO  volume.ThrottledAsyncChecker (ThrottledAsyncChecker.java:schedule(141)) - Scheduling a check for /home/runner/work/ozone/ozone/hadoop-ozone/integration-test/target/test-dir/MiniOzoneClusterImpl-3d114d2a-f85f-45ce-9fd0-840e2dc708c7/datanode-2/data-0/containers/hdds
2021-11-29 08:36:13,289 [Listener at 127.0.0.1/45237] INFO  volume.StorageVolumeChecker (StorageVolumeChecker.java:checkAllVolumes(202)) - Scheduled health check for volume /home/runner/work/ozone/ozone/hadoop-ozone/integration-test/target/test-dir/MiniOzoneClusterImpl-3d114d2a-f85f-45ce-9fd0-840e2dc708c7/datanode-2/data-0/containers/hdds
2021-11-29 08:36:13,304 [Listener at 127.0.0.1/45237] INFO  volume.MutableVolumeSet (MutableVolumeSet.java:initializeVolumeSet(168)) - Added Volume : /home/runner/work/ozone/ozone/hadoop-ozone/integration-test/target/test-dir/MiniOzoneClusterImpl-3d114d2a-f85f-45ce-9fd0-840e2dc708c7/datanode-2/data/ratis to VolumeSet
2021-11-29 08:36:13,310 [Listener at 127.0.0.1/45237] INFO  volume.ThrottledAsyncChecker (ThrottledAsyncChecker.java:schedule(141)) - Scheduling a check for /home/runner/work/ozone/ozone/hadoop-ozone/integration-test/target/test-dir/MiniOzoneClusterImpl-3d114d2a-f85f-45ce-9fd0-840e2dc708c7/datanode-2/data/ratis
2021-11-29 08:36:13,311 [Listener at 127.0.0.1/45237] INFO  volume.StorageVolumeChecker (StorageVolumeChecker.java:checkAllVolumes(202)) - Scheduled health check for volume /home/runner/work/ozone/ozone/hadoop-ozone/integration-test/target/test-dir/MiniOzoneClusterImpl-3d114d2a-f85f-45ce-9fd0-840e2dc708c7/datanode-2/data/ratis
2021-11-29 08:36:13,321 [om1@group-C5BA1605619E-SegmentedRaftLogWorker] INFO  segmented.SegmentedRaftLogWorker (SegmentedRaftLogWorker.java:execute(601)) - om1@group-C5BA1605619E-SegmentedRaftLogWorker: created new log segment /home/runner/work/ozone/ozone/hadoop-ozone/integration-test/target/test-dir/MiniOzoneClusterImpl-3d114d2a-f85f-45ce-9fd0-840e2dc708c7/ozone-meta/ratis/bf265839-605b-3f16-9796-c5ba1605619e/current/log_inprogress_0
2021-11-29 08:36:13,337 [Thread-157] INFO  ozoneimpl.ContainerReader (ContainerReader.java:readVolume(172)) - Finish verifying containers on volume /home/runner/work/ozone/ozone/hadoop-ozone/integration-test/target/test-dir/MiniOzoneClusterImpl-3d114d2a-f85f-45ce-9fd0-840e2dc708c7/datanode-2/data-0/containers/hdds
2021-11-29 08:36:13,337 [Listener at 127.0.0.1/45237] INFO  ozoneimpl.OzoneContainer (OzoneContainer.java:buildContainerSet(236)) - Build ContainerSet costs 0s
2021-11-29 08:36:13,341 [Listener at 127.0.0.1/45237] INFO  server.RaftServer (ConfUtils.java:logGet(44)) - raft.rpc.type = GRPC (default)
2021-11-29 08:36:13,341 [Listener at 127.0.0.1/45237] INFO  grpc.GrpcFactory (GrpcFactory.java:checkPooledByteBufAllocatorUseCacheForAllThreads(48)) - PERFORMANCE WARNING: useCacheForAllThreads is true that may cause Netty to create a lot garbage objects and, as a result, trigger GC.
	It is recommended to disable useCacheForAllThreads by setting -Dorg.apache.ratis.thirdparty.io.netty.allocator.useCacheForAllThreads=false in command line.
2021-11-29 08:36:13,341 [Listener at 127.0.0.1/45237] INFO  grpc.GrpcConfigKeys (ConfUtils.java:logGet(44)) - raft.grpc.admin.port = 0 (custom)
2021-11-29 08:36:13,341 [Listener at 127.0.0.1/45237] INFO  grpc.GrpcConfigKeys (ConfUtils.java:logGet(44)) - raft.grpc.client.port = 0 (custom)
2021-11-29 08:36:13,341 [Listener at 127.0.0.1/45237] INFO  grpc.GrpcConfigKeys (ConfUtils.java:logGet(44)) - raft.grpc.server.port = 0 (default)
2021-11-29 08:36:13,341 [Listener at 127.0.0.1/45237] INFO  server.GrpcService (ConfUtils.java:logGet(44)) - raft.grpc.message.size.max = 32MB (=33554432) (custom)
2021-11-29 08:36:13,342 [Listener at 127.0.0.1/45237] INFO  server.RaftServerConfigKeys (ConfUtils.java:logGet(44)) - raft.server.log.appender.buffer.byte-limit = 33554432 (custom)
2021-11-29 08:36:13,342 [Listener at 127.0.0.1/45237] INFO  server.GrpcService (ConfUtils.java:logGet(44)) - raft.grpc.flow.control.window = 5MB (=5242880) (custom)
2021-11-29 08:36:13,342 [Listener at 127.0.0.1/45237] INFO  server.RaftServerConfigKeys (ConfUtils.java:logGet(44)) - raft.server.rpc.request.timeout = 60s (custom)
2021-11-29 08:36:13,343 [Listener at 127.0.0.1/45237] INFO  impl.DataStreamServerImpl (ConfUtils.java:logGet(44)) - raft.datastream.type = DISABLED (default)
2021-11-29 08:36:13,343 [Listener at 127.0.0.1/45237] INFO  server.RaftServerConfigKeys (ConfUtils.java:logGet(44)) - raft.server.rpc.slowness.timeout = 300s (custom)
2021-11-29 08:36:13,343 [Listener at 127.0.0.1/45237] INFO  server.RaftServerConfigKeys (ConfUtils.java:logGet(44)) - raft.server.leaderelection.leader.step-down.wait-time = 10s (default)
2021-11-29 08:36:13,343 [Listener at 127.0.0.1/45237] INFO  server.RaftServerConfigKeys (ConfUtils.java:logGet(44)) - raft.server.storage.dir = [/home/runner/work/ozone/ozone/hadoop-ozone/integration-test/target/test-dir/MiniOzoneClusterImpl-3d114d2a-f85f-45ce-9fd0-840e2dc708c7/datanode-2/data/ratis] (custom)
2021-11-29 08:36:13,354 [Listener at 127.0.0.1/45237] INFO  http.BaseHttpServer (BaseHttpServer.java:newHttpServer2BuilderForOzone(209)) - Starting Web-server for hddsDatanode at: http://0.0.0.0:0
2021-11-29 08:36:13,354 [Listener at 127.0.0.1/45237] INFO  http.BaseHttpServer (BaseHttpServer.java:<init>(107)) - Hadoop Security Enabled: false Ozone Security Enabled: false Ozone HTTP Security Enabled: false 
2021-11-29 08:36:13,356 [Listener at 127.0.0.1/45237] INFO  server.AuthenticationFilter (AuthenticationFilter.java:constructSecretProvider(240)) - Unable to initialize FileSignerSecretProvider, falling back to use random secrets.
2021-11-29 08:36:13,360 [Listener at 127.0.0.1/45237] WARN  http.HttpRequestLog (HttpRequestLog.java:getRequestLog(103)) - Jetty request log can only be enabled using Log4j
2021-11-29 08:36:13,361 [Listener at 127.0.0.1/45237] INFO  http.HttpServer2 (HttpServer2.java:addGlobalFilter(1030)) - Added global filter 'safety' (class=org.apache.hadoop.hdds.server.http.HttpServer2$QuotingInputFilter)
2021-11-29 08:36:13,361 [Listener at 127.0.0.1/45237] INFO  http.HttpServer2 (HttpServer2.java:addFilter(1006)) - Added filter static_user_filter (class=org.apache.hadoop.http.lib.StaticUserWebFilter$StaticUserFilter) to context hddsDatanode
2021-11-29 08:36:13,362 [Listener at 127.0.0.1/45237] INFO  http.HttpServer2 (HttpServer2.java:addFilter(1014)) - Added filter static_user_filter (class=org.apache.hadoop.http.lib.StaticUserWebFilter$StaticUserFilter) to context logs
2021-11-29 08:36:13,362 [Listener at 127.0.0.1/45237] INFO  http.HttpServer2 (HttpServer2.java:addFilter(1014)) - Added filter static_user_filter (class=org.apache.hadoop.http.lib.StaticUserWebFilter$StaticUserFilter) to context static
2021-11-29 08:36:13,362 [Listener at 127.0.0.1/45237] INFO  http.HttpServer2 (HttpServer2.java:bindListener(1249)) - Jetty bound to port 37643
2021-11-29 08:36:13,362 [Listener at 127.0.0.1/45237] INFO  server.Server (Server.java:doStart(375)) - jetty-9.4.43.v20210629; built: 2021-06-30T11:07:22.254Z; git: 526006ecfa3af7f1a27ef3a288e2bef7ea9dd7e8; jvm 1.8.0_292-b10
2021-11-29 08:36:13,366 [Listener at 127.0.0.1/45237] INFO  server.session (DefaultSessionIdManager.java:doStart(334)) - DefaultSessionIdManager workerName=node0
2021-11-29 08:36:13,367 [Listener at 127.0.0.1/45237] INFO  server.session (DefaultSessionIdManager.java:doStart(339)) - No SessionScavenger set, using defaults
2021-11-29 08:36:13,367 [Listener at 127.0.0.1/45237] INFO  server.session (HouseKeeper.java:startScavenging(132)) - node0 Scavenging every 600000ms
2021-11-29 08:36:13,367 [Listener at 127.0.0.1/45237] INFO  handler.ContextHandler (ContextHandler.java:doStart(915)) - Started o.e.j.s.ServletContextHandler@239561dd{logs,/logs,file:///home/runner/work/ozone/ozone/hadoop-ozone/integration-test/target/log,AVAILABLE}
2021-11-29 08:36:13,368 [Listener at 127.0.0.1/45237] INFO  handler.ContextHandler (ContextHandler.java:doStart(915)) - Started o.e.j.s.ServletContextHandler@1e44600f{static,/static,jar:file:/home/runner/.m2/repository/org/apache/ozone/hdds-container-service/1.3.0-SNAPSHOT/hdds-container-service-1.3.0-SNAPSHOT.jar!/webapps/static,AVAILABLE}
2021-11-29 08:36:13,411 [Listener at 127.0.0.1/45237] INFO  handler.ContextHandler (ContextHandler.java:doStart(915)) - Started o.e.j.w.WebAppContext@12b67c19{hddsDatanode,/,file:///tmp/jetty-0_0_0_0-37643-hdds-container-service-1_3_0-SNAPSHOT_jar-_-any-1050801361312828146/webapp/,AVAILABLE}{jar:file:/home/runner/.m2/repository/org/apache/ozone/hdds-container-service/1.3.0-SNAPSHOT/hdds-container-service-1.3.0-SNAPSHOT.jar!/webapps/hddsDatanode}
2021-11-29 08:36:13,417 [Listener at 127.0.0.1/45237] INFO  server.AbstractConnector (AbstractConnector.java:doStart(331)) - Started ServerConnector@77b31c00{HTTP/1.1, (http/1.1)}{0.0.0.0:37643}
2021-11-29 08:36:13,421 [Listener at 127.0.0.1/45237] INFO  server.Server (Server.java:doStart(415)) - Started @7516ms
2021-11-29 08:36:13,421 [Listener at 127.0.0.1/45237] WARN  impl.MetricsSystemImpl (MetricsSystemImpl.java:register(279)) - Sink prometheus already exists!
2021-11-29 08:36:13,424 [Listener at 127.0.0.1/45237] INFO  http.BaseHttpServer (BaseHttpServer.java:updateConnectorAddress(329)) - HTTP server of hddsDatanode listening at http://0.0.0.0:37643
2021-11-29 08:36:13,424 [Listener at 127.0.0.1/45237] WARN  impl.MetricRegistriesImpl (MetricRegistriesImpl.java:addReporterRegistration(111)) - New reporters are added after registries were created. Some metrics will be missing from the reporter. Please add reporter before adding any new registry.
2021-11-29 08:36:13,424 [Listener at 127.0.0.1/45237] WARN  impl.MetricRegistriesImpl (MetricRegistriesImpl.java:addReporterRegistration(111)) - New reporters are added after registries were created. Some metrics will be missing from the reporter. Please add reporter before adding any new registry.
2021-11-29 08:36:13,424 [Listener at 127.0.0.1/45237] INFO  impl.MetricsSystemImpl (MetricsSystemImpl.java:init(158)) - HddsDatanode metrics system started (again)
2021-11-29 08:36:13,446 [Datanode State Machine Daemon Thread] INFO  statemachine.DatanodeStateMachine (DatanodeStateMachine.java:lambda$startDaemon$0(467)) - Ozone container server started.
2021-11-29 08:36:13,457 [org.apache.hadoop.util.JvmPauseMonitor$Monitor@6aaf0829] INFO  util.JvmPauseMonitor (JvmPauseMonitor.java:run(188)) - Starting JVM pause monitor
2021-11-29 08:36:13,465 [Listener at 127.0.0.1/45237] INFO  ozone.HddsDatanodeService (HddsDatanodeService.java:start(234)) - HddsDatanodeService host:fv-az294-535.eaanfquahm5ulb5tj050gcxych.jx.internal.cloudapp.net ip:10.1.0.67
2021-11-29 08:36:13,463 [om1@group-C5BA1605619E-StateMachineUpdater] INFO  ratis.OzoneManagerStateMachine (OzoneManagerStateMachine.java:notifyConfigurationChanged(188)) - Received Configuration change notification from Ratis. New Peer list:
[id: "om1"
address: "localhost:33833"
]
2021-11-29 08:36:13,470 [Datanode State Machine Task Thread - 0] INFO  datanode.InitDatanodeState (InitDatanodeState.java:persistContainerDatanodeDetails(145)) - DatanodeDetails is persisted to /home/runner/work/ozone/ozone/hadoop-ozone/integration-test/target/test-dir/MiniOzoneClusterImpl-3d114d2a-f85f-45ce-9fd0-840e2dc708c7/datanode-2/meta/datanode.id
2021-11-29 08:36:13,491 [Listener at 127.0.0.1/45237] INFO  upgrade.AbstractLayoutVersionManager (AbstractLayoutVersionManager.java:init(79)) - Initializing Layout version manager with metadata layout = SCM_HA (version = 2), software layout = SCM_HA (version = 2)
2021-11-29 08:36:13,538 [Listener at 127.0.0.1/45237] INFO  reflections.Reflections (Reflections.java:scan(232)) - Reflections took 45 ms to scan 7 urls, producing 119 keys and 279 values 
2021-11-29 08:36:13,540 [Listener at 127.0.0.1/45237] INFO  statemachine.DatanodeStateMachine (DatanodeStateMachine.java:getEndPointTaskThreadPoolSize(219)) - Datanode State Machine Task Thread Pool size 2
2021-11-29 08:36:13,542 [Listener at 127.0.0.1/45237] INFO  volume.HddsVolume (HddsVolume.java:<init>(120)) - Creating HddsVolume: /home/runner/work/ozone/ozone/hadoop-ozone/integration-test/target/test-dir/MiniOzoneClusterImpl-3d114d2a-f85f-45ce-9fd0-840e2dc708c7/datanode-3/data-0/containers/hdds of storage type : DISK capacity : 9223372036854775807
2021-11-29 08:36:13,542 [Listener at 127.0.0.1/45237] INFO  volume.MutableVolumeSet (MutableVolumeSet.java:initializeVolumeSet(168)) - Added Volume : /home/runner/work/ozone/ozone/hadoop-ozone/integration-test/target/test-dir/MiniOzoneClusterImpl-3d114d2a-f85f-45ce-9fd0-840e2dc708c7/datanode-3/data-0/containers/hdds to VolumeSet
2021-11-29 08:36:13,542 [Listener at 127.0.0.1/45237] INFO  volume.ThrottledAsyncChecker (ThrottledAsyncChecker.java:schedule(141)) - Scheduling a check for /home/runner/work/ozone/ozone/hadoop-ozone/integration-test/target/test-dir/MiniOzoneClusterImpl-3d114d2a-f85f-45ce-9fd0-840e2dc708c7/datanode-3/data-0/containers/hdds
2021-11-29 08:36:13,546 [Listener at 127.0.0.1/45237] INFO  volume.StorageVolumeChecker (StorageVolumeChecker.java:checkAllVolumes(202)) - Scheduled health check for volume /home/runner/work/ozone/ozone/hadoop-ozone/integration-test/target/test-dir/MiniOzoneClusterImpl-3d114d2a-f85f-45ce-9fd0-840e2dc708c7/datanode-3/data-0/containers/hdds
2021-11-29 08:36:13,560 [Listener at 127.0.0.1/45237] INFO  volume.MutableVolumeSet (MutableVolumeSet.java:initializeVolumeSet(168)) - Added Volume : /home/runner/work/ozone/ozone/hadoop-ozone/integration-test/target/test-dir/MiniOzoneClusterImpl-3d114d2a-f85f-45ce-9fd0-840e2dc708c7/datanode-3/data/ratis to VolumeSet
2021-11-29 08:36:13,560 [Listener at 127.0.0.1/45237] INFO  volume.ThrottledAsyncChecker (ThrottledAsyncChecker.java:schedule(141)) - Scheduling a check for /home/runner/work/ozone/ozone/hadoop-ozone/integration-test/target/test-dir/MiniOzoneClusterImpl-3d114d2a-f85f-45ce-9fd0-840e2dc708c7/datanode-3/data/ratis
2021-11-29 08:36:13,560 [Listener at 127.0.0.1/45237] INFO  volume.StorageVolumeChecker (StorageVolumeChecker.java:checkAllVolumes(202)) - Scheduled health check for volume /home/runner/work/ozone/ozone/hadoop-ozone/integration-test/target/test-dir/MiniOzoneClusterImpl-3d114d2a-f85f-45ce-9fd0-840e2dc708c7/datanode-3/data/ratis
2021-11-29 08:36:13,573 [Thread-169] INFO  ozoneimpl.ContainerReader (ContainerReader.java:readVolume(172)) - Finish verifying containers on volume /home/runner/work/ozone/ozone/hadoop-ozone/integration-test/target/test-dir/MiniOzoneClusterImpl-3d114d2a-f85f-45ce-9fd0-840e2dc708c7/datanode-3/data-0/containers/hdds
2021-11-29 08:36:13,573 [Listener at 127.0.0.1/45237] INFO  ozoneimpl.OzoneContainer (OzoneContainer.java:buildContainerSet(236)) - Build ContainerSet costs 0s
2021-11-29 08:36:13,576 [Listener at 127.0.0.1/45237] INFO  server.RaftServer (ConfUtils.java:logGet(44)) - raft.rpc.type = GRPC (default)
2021-11-29 08:36:13,576 [Listener at 127.0.0.1/45237] INFO  grpc.GrpcFactory (GrpcFactory.java:checkPooledByteBufAllocatorUseCacheForAllThreads(48)) - PERFORMANCE WARNING: useCacheForAllThreads is true that may cause Netty to create a lot garbage objects and, as a result, trigger GC.
	It is recommended to disable useCacheForAllThreads by setting -Dorg.apache.ratis.thirdparty.io.netty.allocator.useCacheForAllThreads=false in command line.
2021-11-29 08:36:13,576 [Listener at 127.0.0.1/45237] INFO  grpc.GrpcConfigKeys (ConfUtils.java:logGet(44)) - raft.grpc.admin.port = 0 (custom)
2021-11-29 08:36:13,576 [Listener at 127.0.0.1/45237] INFO  grpc.GrpcConfigKeys (ConfUtils.java:logGet(44)) - raft.grpc.client.port = 0 (custom)
2021-11-29 08:36:13,576 [Listener at 127.0.0.1/45237] INFO  grpc.GrpcConfigKeys (ConfUtils.java:logGet(44)) - raft.grpc.server.port = 0 (default)
2021-11-29 08:36:13,576 [Listener at 127.0.0.1/45237] INFO  server.GrpcService (ConfUtils.java:logGet(44)) - raft.grpc.message.size.max = 32MB (=33554432) (custom)
2021-11-29 08:36:13,576 [Listener at 127.0.0.1/45237] INFO  server.RaftServerConfigKeys (ConfUtils.java:logGet(44)) - raft.server.log.appender.buffer.byte-limit = 33554432 (custom)
2021-11-29 08:36:13,577 [Listener at 127.0.0.1/45237] INFO  server.GrpcService (ConfUtils.java:logGet(44)) - raft.grpc.flow.control.window = 5MB (=5242880) (custom)
2021-11-29 08:36:13,577 [Listener at 127.0.0.1/45237] INFO  server.RaftServerConfigKeys (ConfUtils.java:logGet(44)) - raft.server.rpc.request.timeout = 60s (custom)
2021-11-29 08:36:13,578 [Listener at 127.0.0.1/45237] INFO  impl.DataStreamServerImpl (ConfUtils.java:logGet(44)) - raft.datastream.type = DISABLED (default)
2021-11-29 08:36:13,578 [Listener at 127.0.0.1/45237] INFO  server.RaftServerConfigKeys (ConfUtils.java:logGet(44)) - raft.server.rpc.slowness.timeout = 300s (custom)
2021-11-29 08:36:13,578 [Listener at 127.0.0.1/45237] INFO  server.RaftServerConfigKeys (ConfUtils.java:logGet(44)) - raft.server.leaderelection.leader.step-down.wait-time = 10s (default)
2021-11-29 08:36:13,578 [Listener at 127.0.0.1/45237] INFO  server.RaftServerConfigKeys (ConfUtils.java:logGet(44)) - raft.server.storage.dir = [/home/runner/work/ozone/ozone/hadoop-ozone/integration-test/target/test-dir/MiniOzoneClusterImpl-3d114d2a-f85f-45ce-9fd0-840e2dc708c7/datanode-3/data/ratis] (custom)
2021-11-29 08:36:13,582 [Listener at 127.0.0.1/45237] INFO  http.BaseHttpServer (BaseHttpServer.java:newHttpServer2BuilderForOzone(209)) - Starting Web-server for hddsDatanode at: http://0.0.0.0:0
2021-11-29 08:36:13,582 [Listener at 127.0.0.1/45237] INFO  http.BaseHttpServer (BaseHttpServer.java:<init>(107)) - Hadoop Security Enabled: false Ozone Security Enabled: false Ozone HTTP Security Enabled: false 
2021-11-29 08:36:13,583 [Listener at 127.0.0.1/45237] INFO  server.AuthenticationFilter (AuthenticationFilter.java:constructSecretProvider(240)) - Unable to initialize FileSignerSecretProvider, falling back to use random secrets.
2021-11-29 08:36:13,585 [Listener at 127.0.0.1/45237] WARN  http.HttpRequestLog (HttpRequestLog.java:getRequestLog(103)) - Jetty request log can only be enabled using Log4j
2021-11-29 08:36:13,586 [Listener at 127.0.0.1/45237] INFO  http.HttpServer2 (HttpServer2.java:addGlobalFilter(1030)) - Added global filter 'safety' (class=org.apache.hadoop.hdds.server.http.HttpServer2$QuotingInputFilter)
2021-11-29 08:36:13,587 [Listener at 127.0.0.1/45237] INFO  http.HttpServer2 (HttpServer2.java:addFilter(1006)) - Added filter static_user_filter (class=org.apache.hadoop.http.lib.StaticUserWebFilter$StaticUserFilter) to context hddsDatanode
2021-11-29 08:36:13,587 [Listener at 127.0.0.1/45237] INFO  http.HttpServer2 (HttpServer2.java:addFilter(1014)) - Added filter static_user_filter (class=org.apache.hadoop.http.lib.StaticUserWebFilter$StaticUserFilter) to context logs
2021-11-29 08:36:13,587 [Listener at 127.0.0.1/45237] INFO  http.HttpServer2 (HttpServer2.java:addFilter(1014)) - Added filter static_user_filter (class=org.apache.hadoop.http.lib.StaticUserWebFilter$StaticUserFilter) to context static
2021-11-29 08:36:13,587 [Listener at 127.0.0.1/45237] INFO  http.HttpServer2 (HttpServer2.java:bindListener(1249)) - Jetty bound to port 43335
2021-11-29 08:36:13,587 [Listener at 127.0.0.1/45237] INFO  server.Server (Server.java:doStart(375)) - jetty-9.4.43.v20210629; built: 2021-06-30T11:07:22.254Z; git: 526006ecfa3af7f1a27ef3a288e2bef7ea9dd7e8; jvm 1.8.0_292-b10
2021-11-29 08:36:13,589 [Listener at 127.0.0.1/45237] INFO  server.session (DefaultSessionIdManager.java:doStart(334)) - DefaultSessionIdManager workerName=node0
2021-11-29 08:36:13,589 [Listener at 127.0.0.1/45237] INFO  server.session (DefaultSessionIdManager.java:doStart(339)) - No SessionScavenger set, using defaults
2021-11-29 08:36:13,589 [Listener at 127.0.0.1/45237] INFO  server.session (HouseKeeper.java:startScavenging(132)) - node0 Scavenging every 600000ms
2021-11-29 08:36:13,590 [Listener at 127.0.0.1/45237] INFO  handler.ContextHandler (ContextHandler.java:doStart(915)) - Started o.e.j.s.ServletContextHandler@e827790{logs,/logs,file:///home/runner/work/ozone/ozone/hadoop-ozone/integration-test/target/log,AVAILABLE}
2021-11-29 08:36:13,590 [Listener at 127.0.0.1/45237] INFO  handler.ContextHandler (ContextHandler.java:doStart(915)) - Started o.e.j.s.ServletContextHandler@2c5c73e0{static,/static,jar:file:/home/runner/.m2/repository/org/apache/ozone/hdds-container-service/1.3.0-SNAPSHOT/hdds-container-service-1.3.0-SNAPSHOT.jar!/webapps/static,AVAILABLE}
2021-11-29 08:36:13,630 [Listener at 127.0.0.1/45237] INFO  handler.ContextHandler (ContextHandler.java:doStart(915)) - Started o.e.j.w.WebAppContext@e6f4b45{hddsDatanode,/,file:///tmp/jetty-0_0_0_0-43335-hdds-container-service-1_3_0-SNAPSHOT_jar-_-any-8308788593510713797/webapp/,AVAILABLE}{jar:file:/home/runner/.m2/repository/org/apache/ozone/hdds-container-service/1.3.0-SNAPSHOT/hdds-container-service-1.3.0-SNAPSHOT.jar!/webapps/hddsDatanode}
2021-11-29 08:36:13,631 [Listener at 127.0.0.1/45237] INFO  server.AbstractConnector (AbstractConnector.java:doStart(331)) - Started ServerConnector@1f07b725{HTTP/1.1, (http/1.1)}{0.0.0.0:43335}
2021-11-29 08:36:13,632 [Listener at 127.0.0.1/45237] INFO  server.Server (Server.java:doStart(415)) - Started @7727ms
2021-11-29 08:36:13,632 [Listener at 127.0.0.1/45237] WARN  impl.MetricsSystemImpl (MetricsSystemImpl.java:register(279)) - Sink prometheus already exists!
2021-11-29 08:36:13,632 [Listener at 127.0.0.1/45237] INFO  http.BaseHttpServer (BaseHttpServer.java:updateConnectorAddress(329)) - HTTP server of hddsDatanode listening at http://0.0.0.0:43335
2021-11-29 08:36:13,637 [Listener at 127.0.0.1/45237] WARN  impl.MetricRegistriesImpl (MetricRegistriesImpl.java:addReporterRegistration(111)) - New reporters are added after registries were created. Some metrics will be missing from the reporter. Please add reporter before adding any new registry.
2021-11-29 08:36:13,638 [Listener at 127.0.0.1/45237] WARN  impl.MetricRegistriesImpl (MetricRegistriesImpl.java:addReporterRegistration(111)) - New reporters are added after registries were created. Some metrics will be missing from the reporter. Please add reporter before adding any new registry.
2021-11-29 08:36:13,638 [Datanode State Machine Daemon Thread] INFO  statemachine.DatanodeStateMachine (DatanodeStateMachine.java:lambda$startDaemon$0(467)) - Ozone container server started.
2021-11-29 08:36:13,653 [org.apache.hadoop.util.JvmPauseMonitor$Monitor@5aaa17ca] INFO  util.JvmPauseMonitor (JvmPauseMonitor.java:run(188)) - Starting JVM pause monitor
2021-11-29 08:36:13,655 [Listener at 127.0.0.1/45237] INFO  impl.MetricsSystemImpl (MetricsSystemImpl.java:init(158)) - HddsDatanode metrics system started (again)
2021-11-29 08:36:13,677 [Datanode State Machine Task Thread - 0] INFO  datanode.InitDatanodeState (InitDatanodeState.java:persistContainerDatanodeDetails(145)) - DatanodeDetails is persisted to /home/runner/work/ozone/ozone/hadoop-ozone/integration-test/target/test-dir/MiniOzoneClusterImpl-3d114d2a-f85f-45ce-9fd0-840e2dc708c7/datanode-3/meta/datanode.id
2021-11-29 08:36:13,686 [Listener at 127.0.0.1/45237] INFO  ozone.HddsDatanodeService (HddsDatanodeService.java:start(234)) - HddsDatanodeService host:fv-az294-535.eaanfquahm5ulb5tj050gcxych.jx.internal.cloudapp.net ip:10.1.0.67
2021-11-29 08:36:13,718 [Listener at 127.0.0.1/45237] INFO  upgrade.AbstractLayoutVersionManager (AbstractLayoutVersionManager.java:init(79)) - Initializing Layout version manager with metadata layout = SCM_HA (version = 2), software layout = SCM_HA (version = 2)
2021-11-29 08:36:13,757 [Listener at 127.0.0.1/45237] INFO  reflections.Reflections (Reflections.java:scan(232)) - Reflections took 37 ms to scan 7 urls, producing 119 keys and 279 values 
2021-11-29 08:36:13,761 [Listener at 127.0.0.1/45237] INFO  statemachine.DatanodeStateMachine (DatanodeStateMachine.java:getEndPointTaskThreadPoolSize(219)) - Datanode State Machine Task Thread Pool size 2
2021-11-29 08:36:13,775 [Listener at 127.0.0.1/45237] INFO  volume.HddsVolume (HddsVolume.java:<init>(120)) - Creating HddsVolume: /home/runner/work/ozone/ozone/hadoop-ozone/integration-test/target/test-dir/MiniOzoneClusterImpl-3d114d2a-f85f-45ce-9fd0-840e2dc708c7/datanode-4/data-0/containers/hdds of storage type : DISK capacity : 9223372036854775807
2021-11-29 08:36:13,775 [Listener at 127.0.0.1/45237] INFO  volume.MutableVolumeSet (MutableVolumeSet.java:initializeVolumeSet(168)) - Added Volume : /home/runner/work/ozone/ozone/hadoop-ozone/integration-test/target/test-dir/MiniOzoneClusterImpl-3d114d2a-f85f-45ce-9fd0-840e2dc708c7/datanode-4/data-0/containers/hdds to VolumeSet
2021-11-29 08:36:13,776 [Listener at 127.0.0.1/45237] INFO  volume.ThrottledAsyncChecker (ThrottledAsyncChecker.java:schedule(141)) - Scheduling a check for /home/runner/work/ozone/ozone/hadoop-ozone/integration-test/target/test-dir/MiniOzoneClusterImpl-3d114d2a-f85f-45ce-9fd0-840e2dc708c7/datanode-4/data-0/containers/hdds
2021-11-29 08:36:13,776 [Listener at 127.0.0.1/45237] INFO  volume.StorageVolumeChecker (StorageVolumeChecker.java:checkAllVolumes(202)) - Scheduled health check for volume /home/runner/work/ozone/ozone/hadoop-ozone/integration-test/target/test-dir/MiniOzoneClusterImpl-3d114d2a-f85f-45ce-9fd0-840e2dc708c7/datanode-4/data-0/containers/hdds
2021-11-29 08:36:13,793 [Listener at 127.0.0.1/45237] INFO  volume.MutableVolumeSet (MutableVolumeSet.java:initializeVolumeSet(168)) - Added Volume : /home/runner/work/ozone/ozone/hadoop-ozone/integration-test/target/test-dir/MiniOzoneClusterImpl-3d114d2a-f85f-45ce-9fd0-840e2dc708c7/datanode-4/data/ratis to VolumeSet
2021-11-29 08:36:13,793 [Listener at 127.0.0.1/45237] INFO  volume.ThrottledAsyncChecker (ThrottledAsyncChecker.java:schedule(141)) - Scheduling a check for /home/runner/work/ozone/ozone/hadoop-ozone/integration-test/target/test-dir/MiniOzoneClusterImpl-3d114d2a-f85f-45ce-9fd0-840e2dc708c7/datanode-4/data/ratis
2021-11-29 08:36:13,794 [Listener at 127.0.0.1/45237] INFO  volume.StorageVolumeChecker (StorageVolumeChecker.java:checkAllVolumes(202)) - Scheduled health check for volume /home/runner/work/ozone/ozone/hadoop-ozone/integration-test/target/test-dir/MiniOzoneClusterImpl-3d114d2a-f85f-45ce-9fd0-840e2dc708c7/datanode-4/data/ratis
2021-11-29 08:36:13,799 [ReplicationMonitor] INFO  container.ReplicationManager (ReplicationManager.java:processAll(371)) - Replication Monitor Thread took 0 milliseconds for processing 0 containers.
2021-11-29 08:36:13,806 [Thread-181] INFO  ozoneimpl.ContainerReader (ContainerReader.java:readVolume(172)) - Finish verifying containers on volume /home/runner/work/ozone/ozone/hadoop-ozone/integration-test/target/test-dir/MiniOzoneClusterImpl-3d114d2a-f85f-45ce-9fd0-840e2dc708c7/datanode-4/data-0/containers/hdds
2021-11-29 08:36:13,806 [Listener at 127.0.0.1/45237] INFO  ozoneimpl.OzoneContainer (OzoneContainer.java:buildContainerSet(236)) - Build ContainerSet costs 0s
2021-11-29 08:36:13,809 [Listener at 127.0.0.1/45237] INFO  server.RaftServer (ConfUtils.java:logGet(44)) - raft.rpc.type = GRPC (default)
2021-11-29 08:36:13,809 [Listener at 127.0.0.1/45237] INFO  grpc.GrpcFactory (GrpcFactory.java:checkPooledByteBufAllocatorUseCacheForAllThreads(48)) - PERFORMANCE WARNING: useCacheForAllThreads is true that may cause Netty to create a lot garbage objects and, as a result, trigger GC.
	It is recommended to disable useCacheForAllThreads by setting -Dorg.apache.ratis.thirdparty.io.netty.allocator.useCacheForAllThreads=false in command line.
2021-11-29 08:36:13,810 [Listener at 127.0.0.1/45237] INFO  grpc.GrpcConfigKeys (ConfUtils.java:logGet(44)) - raft.grpc.admin.port = 0 (custom)
2021-11-29 08:36:13,810 [Listener at 127.0.0.1/45237] INFO  grpc.GrpcConfigKeys (ConfUtils.java:logGet(44)) - raft.grpc.client.port = 0 (custom)
2021-11-29 08:36:13,810 [Listener at 127.0.0.1/45237] INFO  grpc.GrpcConfigKeys (ConfUtils.java:logGet(44)) - raft.grpc.server.port = 0 (default)
2021-11-29 08:36:13,810 [Listener at 127.0.0.1/45237] INFO  server.GrpcService (ConfUtils.java:logGet(44)) - raft.grpc.message.size.max = 32MB (=33554432) (custom)
2021-11-29 08:36:13,810 [Listener at 127.0.0.1/45237] INFO  server.RaftServerConfigKeys (ConfUtils.java:logGet(44)) - raft.server.log.appender.buffer.byte-limit = 33554432 (custom)
2021-11-29 08:36:13,810 [Listener at 127.0.0.1/45237] INFO  server.GrpcService (ConfUtils.java:logGet(44)) - raft.grpc.flow.control.window = 5MB (=5242880) (custom)
2021-11-29 08:36:13,810 [Listener at 127.0.0.1/45237] INFO  server.RaftServerConfigKeys (ConfUtils.java:logGet(44)) - raft.server.rpc.request.timeout = 60s (custom)
2021-11-29 08:36:13,812 [Listener at 127.0.0.1/45237] INFO  impl.DataStreamServerImpl (ConfUtils.java:logGet(44)) - raft.datastream.type = DISABLED (default)
2021-11-29 08:36:13,812 [Listener at 127.0.0.1/45237] INFO  server.RaftServerConfigKeys (ConfUtils.java:logGet(44)) - raft.server.rpc.slowness.timeout = 300s (custom)
2021-11-29 08:36:13,812 [Listener at 127.0.0.1/45237] INFO  server.RaftServerConfigKeys (ConfUtils.java:logGet(44)) - raft.server.leaderelection.leader.step-down.wait-time = 10s (default)
2021-11-29 08:36:13,812 [Listener at 127.0.0.1/45237] INFO  server.RaftServerConfigKeys (ConfUtils.java:logGet(44)) - raft.server.storage.dir = [/home/runner/work/ozone/ozone/hadoop-ozone/integration-test/target/test-dir/MiniOzoneClusterImpl-3d114d2a-f85f-45ce-9fd0-840e2dc708c7/datanode-4/data/ratis] (custom)
2021-11-29 08:36:13,819 [Listener at 127.0.0.1/45237] INFO  http.BaseHttpServer (BaseHttpServer.java:newHttpServer2BuilderForOzone(209)) - Starting Web-server for hddsDatanode at: http://0.0.0.0:0
2021-11-29 08:36:13,819 [Listener at 127.0.0.1/45237] INFO  http.BaseHttpServer (BaseHttpServer.java:<init>(107)) - Hadoop Security Enabled: false Ozone Security Enabled: false Ozone HTTP Security Enabled: false 
2021-11-29 08:36:13,820 [Listener at 127.0.0.1/45237] INFO  server.AuthenticationFilter (AuthenticationFilter.java:constructSecretProvider(240)) - Unable to initialize FileSignerSecretProvider, falling back to use random secrets.
2021-11-29 08:36:13,821 [Listener at 127.0.0.1/45237] WARN  http.HttpRequestLog (HttpRequestLog.java:getRequestLog(103)) - Jetty request log can only be enabled using Log4j
2021-11-29 08:36:13,822 [Listener at 127.0.0.1/45237] INFO  http.HttpServer2 (HttpServer2.java:addGlobalFilter(1030)) - Added global filter 'safety' (class=org.apache.hadoop.hdds.server.http.HttpServer2$QuotingInputFilter)
2021-11-29 08:36:13,823 [Listener at 127.0.0.1/45237] INFO  http.HttpServer2 (HttpServer2.java:addFilter(1006)) - Added filter static_user_filter (class=org.apache.hadoop.http.lib.StaticUserWebFilter$StaticUserFilter) to context hddsDatanode
2021-11-29 08:36:13,823 [Listener at 127.0.0.1/45237] INFO  http.HttpServer2 (HttpServer2.java:addFilter(1014)) - Added filter static_user_filter (class=org.apache.hadoop.http.lib.StaticUserWebFilter$StaticUserFilter) to context logs
2021-11-29 08:36:13,823 [Listener at 127.0.0.1/45237] INFO  http.HttpServer2 (HttpServer2.java:addFilter(1014)) - Added filter static_user_filter (class=org.apache.hadoop.http.lib.StaticUserWebFilter$StaticUserFilter) to context static
2021-11-29 08:36:13,823 [Listener at 127.0.0.1/45237] INFO  http.HttpServer2 (HttpServer2.java:bindListener(1249)) - Jetty bound to port 34515
2021-11-29 08:36:13,823 [Listener at 127.0.0.1/45237] INFO  server.Server (Server.java:doStart(375)) - jetty-9.4.43.v20210629; built: 2021-06-30T11:07:22.254Z; git: 526006ecfa3af7f1a27ef3a288e2bef7ea9dd7e8; jvm 1.8.0_292-b10
2021-11-29 08:36:13,827 [Listener at 127.0.0.1/45237] INFO  server.session (DefaultSessionIdManager.java:doStart(334)) - DefaultSessionIdManager workerName=node0
2021-11-29 08:36:13,827 [Listener at 127.0.0.1/45237] INFO  server.session (DefaultSessionIdManager.java:doStart(339)) - No SessionScavenger set, using defaults
2021-11-29 08:36:13,827 [Listener at 127.0.0.1/45237] INFO  server.session (HouseKeeper.java:startScavenging(132)) - node0 Scavenging every 600000ms
2021-11-29 08:36:13,828 [Listener at 127.0.0.1/45237] INFO  handler.ContextHandler (ContextHandler.java:doStart(915)) - Started o.e.j.s.ServletContextHandler@4627d397{logs,/logs,file:///home/runner/work/ozone/ozone/hadoop-ozone/integration-test/target/log,AVAILABLE}
2021-11-29 08:36:13,829 [Listener at 127.0.0.1/45237] INFO  handler.ContextHandler (ContextHandler.java:doStart(915)) - Started o.e.j.s.ServletContextHandler@51320ce0{static,/static,jar:file:/home/runner/.m2/repository/org/apache/ozone/hdds-container-service/1.3.0-SNAPSHOT/hdds-container-service-1.3.0-SNAPSHOT.jar!/webapps/static,AVAILABLE}
2021-11-29 08:36:13,871 [Listener at 127.0.0.1/45237] INFO  handler.ContextHandler (ContextHandler.java:doStart(915)) - Started o.e.j.w.WebAppContext@7f8120b1{hddsDatanode,/,file:///tmp/jetty-0_0_0_0-34515-hdds-container-service-1_3_0-SNAPSHOT_jar-_-any-8064087613701850557/webapp/,AVAILABLE}{jar:file:/home/runner/.m2/repository/org/apache/ozone/hdds-container-service/1.3.0-SNAPSHOT/hdds-container-service-1.3.0-SNAPSHOT.jar!/webapps/hddsDatanode}
2021-11-29 08:36:13,872 [Listener at 127.0.0.1/45237] INFO  server.AbstractConnector (AbstractConnector.java:doStart(331)) - Started ServerConnector@23b1bc57{HTTP/1.1, (http/1.1)}{0.0.0.0:34515}
2021-11-29 08:36:13,872 [Listener at 127.0.0.1/45237] INFO  server.Server (Server.java:doStart(415)) - Started @7967ms
2021-11-29 08:36:13,872 [Listener at 127.0.0.1/45237] WARN  impl.MetricsSystemImpl (MetricsSystemImpl.java:register(279)) - Sink prometheus already exists!
2021-11-29 08:36:13,873 [Listener at 127.0.0.1/45237] INFO  http.BaseHttpServer (BaseHttpServer.java:updateConnectorAddress(329)) - HTTP server of hddsDatanode listening at http://0.0.0.0:34515
2021-11-29 08:36:13,873 [Listener at 127.0.0.1/45237] WARN  impl.MetricRegistriesImpl (MetricRegistriesImpl.java:addReporterRegistration(111)) - New reporters are added after registries were created. Some metrics will be missing from the reporter. Please add reporter before adding any new registry.
2021-11-29 08:36:13,873 [Listener at 127.0.0.1/45237] WARN  impl.MetricRegistriesImpl (MetricRegistriesImpl.java:addReporterRegistration(111)) - New reporters are added after registries were created. Some metrics will be missing from the reporter. Please add reporter before adding any new registry.
2021-11-29 08:36:13,873 [Listener at 127.0.0.1/45237] INFO  impl.MetricsSystemImpl (MetricsSystemImpl.java:init(158)) - HddsDatanode metrics system started (again)
2021-11-29 08:36:13,880 [Datanode State Machine Daemon Thread] INFO  statemachine.DatanodeStateMachine (DatanodeStateMachine.java:lambda$startDaemon$0(467)) - Ozone container server started.
2021-11-29 08:36:13,892 [Listener at 127.0.0.1/45237] INFO  ozone.HddsDatanodeService (HddsDatanodeService.java:start(234)) - HddsDatanodeService host:fv-az294-535.eaanfquahm5ulb5tj050gcxych.jx.internal.cloudapp.net ip:10.1.0.67
2021-11-29 08:36:13,913 [Listener at 127.0.0.1/45237] INFO  upgrade.AbstractLayoutVersionManager (AbstractLayoutVersionManager.java:init(79)) - Initializing Layout version manager with metadata layout = SCM_HA (version = 2), software layout = SCM_HA (version = 2)
2021-11-29 08:36:13,943 [org.apache.hadoop.util.JvmPauseMonitor$Monitor@75f212bf] INFO  util.JvmPauseMonitor (JvmPauseMonitor.java:run(188)) - Starting JVM pause monitor
2021-11-29 08:36:13,949 [Datanode State Machine Task Thread - 0] INFO  datanode.InitDatanodeState (InitDatanodeState.java:persistContainerDatanodeDetails(145)) - DatanodeDetails is persisted to /home/runner/work/ozone/ozone/hadoop-ozone/integration-test/target/test-dir/MiniOzoneClusterImpl-3d114d2a-f85f-45ce-9fd0-840e2dc708c7/datanode-4/meta/datanode.id
2021-11-29 08:36:13,956 [Listener at 127.0.0.1/45237] INFO  reflections.Reflections (Reflections.java:scan(232)) - Reflections took 42 ms to scan 7 urls, producing 119 keys and 279 values 
2021-11-29 08:36:13,959 [Listener at 127.0.0.1/45237] INFO  statemachine.DatanodeStateMachine (DatanodeStateMachine.java:getEndPointTaskThreadPoolSize(219)) - Datanode State Machine Task Thread Pool size 2
2021-11-29 08:36:13,962 [Listener at 127.0.0.1/45237] INFO  volume.HddsVolume (HddsVolume.java:<init>(120)) - Creating HddsVolume: /home/runner/work/ozone/ozone/hadoop-ozone/integration-test/target/test-dir/MiniOzoneClusterImpl-3d114d2a-f85f-45ce-9fd0-840e2dc708c7/datanode-5/data-0/containers/hdds of storage type : DISK capacity : 9223372036854775807
2021-11-29 08:36:13,962 [Listener at 127.0.0.1/45237] INFO  volume.MutableVolumeSet (MutableVolumeSet.java:initializeVolumeSet(168)) - Added Volume : /home/runner/work/ozone/ozone/hadoop-ozone/integration-test/target/test-dir/MiniOzoneClusterImpl-3d114d2a-f85f-45ce-9fd0-840e2dc708c7/datanode-5/data-0/containers/hdds to VolumeSet
2021-11-29 08:36:13,963 [Listener at 127.0.0.1/45237] INFO  volume.ThrottledAsyncChecker (ThrottledAsyncChecker.java:schedule(141)) - Scheduling a check for /home/runner/work/ozone/ozone/hadoop-ozone/integration-test/target/test-dir/MiniOzoneClusterImpl-3d114d2a-f85f-45ce-9fd0-840e2dc708c7/datanode-5/data-0/containers/hdds
2021-11-29 08:36:13,965 [Listener at 127.0.0.1/45237] INFO  volume.StorageVolumeChecker (StorageVolumeChecker.java:checkAllVolumes(202)) - Scheduled health check for volume /home/runner/work/ozone/ozone/hadoop-ozone/integration-test/target/test-dir/MiniOzoneClusterImpl-3d114d2a-f85f-45ce-9fd0-840e2dc708c7/datanode-5/data-0/containers/hdds
2021-11-29 08:36:13,981 [Listener at 127.0.0.1/45237] INFO  volume.MutableVolumeSet (MutableVolumeSet.java:initializeVolumeSet(168)) - Added Volume : /home/runner/work/ozone/ozone/hadoop-ozone/integration-test/target/test-dir/MiniOzoneClusterImpl-3d114d2a-f85f-45ce-9fd0-840e2dc708c7/datanode-5/data/ratis to VolumeSet
2021-11-29 08:36:13,981 [Listener at 127.0.0.1/45237] INFO  volume.ThrottledAsyncChecker (ThrottledAsyncChecker.java:schedule(141)) - Scheduling a check for /home/runner/work/ozone/ozone/hadoop-ozone/integration-test/target/test-dir/MiniOzoneClusterImpl-3d114d2a-f85f-45ce-9fd0-840e2dc708c7/datanode-5/data/ratis
2021-11-29 08:36:13,981 [Listener at 127.0.0.1/45237] INFO  volume.StorageVolumeChecker (StorageVolumeChecker.java:checkAllVolumes(202)) - Scheduled health check for volume /home/runner/work/ozone/ozone/hadoop-ozone/integration-test/target/test-dir/MiniOzoneClusterImpl-3d114d2a-f85f-45ce-9fd0-840e2dc708c7/datanode-5/data/ratis
2021-11-29 08:36:13,995 [Thread-193] INFO  ozoneimpl.ContainerReader (ContainerReader.java:readVolume(172)) - Finish verifying containers on volume /home/runner/work/ozone/ozone/hadoop-ozone/integration-test/target/test-dir/MiniOzoneClusterImpl-3d114d2a-f85f-45ce-9fd0-840e2dc708c7/datanode-5/data-0/containers/hdds
2021-11-29 08:36:13,995 [Listener at 127.0.0.1/45237] INFO  ozoneimpl.OzoneContainer (OzoneContainer.java:buildContainerSet(236)) - Build ContainerSet costs 0s
2021-11-29 08:36:13,999 [Listener at 127.0.0.1/45237] INFO  server.RaftServer (ConfUtils.java:logGet(44)) - raft.rpc.type = GRPC (default)
2021-11-29 08:36:13,999 [Listener at 127.0.0.1/45237] INFO  grpc.GrpcFactory (GrpcFactory.java:checkPooledByteBufAllocatorUseCacheForAllThreads(48)) - PERFORMANCE WARNING: useCacheForAllThreads is true that may cause Netty to create a lot garbage objects and, as a result, trigger GC.
	It is recommended to disable useCacheForAllThreads by setting -Dorg.apache.ratis.thirdparty.io.netty.allocator.useCacheForAllThreads=false in command line.
2021-11-29 08:36:13,999 [Listener at 127.0.0.1/45237] INFO  grpc.GrpcConfigKeys (ConfUtils.java:logGet(44)) - raft.grpc.admin.port = 0 (custom)
2021-11-29 08:36:13,999 [Listener at 127.0.0.1/45237] INFO  grpc.GrpcConfigKeys (ConfUtils.java:logGet(44)) - raft.grpc.client.port = 0 (custom)
2021-11-29 08:36:14,000 [Listener at 127.0.0.1/45237] INFO  grpc.GrpcConfigKeys (ConfUtils.java:logGet(44)) - raft.grpc.server.port = 0 (default)
2021-11-29 08:36:14,000 [Listener at 127.0.0.1/45237] INFO  server.GrpcService (ConfUtils.java:logGet(44)) - raft.grpc.message.size.max = 32MB (=33554432) (custom)
2021-11-29 08:36:14,000 [Listener at 127.0.0.1/45237] INFO  server.RaftServerConfigKeys (ConfUtils.java:logGet(44)) - raft.server.log.appender.buffer.byte-limit = 33554432 (custom)
2021-11-29 08:36:14,000 [Listener at 127.0.0.1/45237] INFO  server.GrpcService (ConfUtils.java:logGet(44)) - raft.grpc.flow.control.window = 5MB (=5242880) (custom)
2021-11-29 08:36:14,000 [Listener at 127.0.0.1/45237] INFO  server.RaftServerConfigKeys (ConfUtils.java:logGet(44)) - raft.server.rpc.request.timeout = 60s (custom)
2021-11-29 08:36:14,001 [Listener at 127.0.0.1/45237] INFO  impl.DataStreamServerImpl (ConfUtils.java:logGet(44)) - raft.datastream.type = DISABLED (default)
2021-11-29 08:36:14,001 [Listener at 127.0.0.1/45237] INFO  server.RaftServerConfigKeys (ConfUtils.java:logGet(44)) - raft.server.rpc.slowness.timeout = 300s (custom)
2021-11-29 08:36:14,001 [Listener at 127.0.0.1/45237] INFO  server.RaftServerConfigKeys (ConfUtils.java:logGet(44)) - raft.server.leaderelection.leader.step-down.wait-time = 10s (default)
2021-11-29 08:36:14,002 [Listener at 127.0.0.1/45237] INFO  server.RaftServerConfigKeys (ConfUtils.java:logGet(44)) - raft.server.storage.dir = [/home/runner/work/ozone/ozone/hadoop-ozone/integration-test/target/test-dir/MiniOzoneClusterImpl-3d114d2a-f85f-45ce-9fd0-840e2dc708c7/datanode-5/data/ratis] (custom)
2021-11-29 08:36:14,012 [Listener at 127.0.0.1/45237] INFO  http.BaseHttpServer (BaseHttpServer.java:newHttpServer2BuilderForOzone(209)) - Starting Web-server for hddsDatanode at: http://0.0.0.0:0
2021-11-29 08:36:14,013 [Listener at 127.0.0.1/45237] INFO  http.BaseHttpServer (BaseHttpServer.java:<init>(107)) - Hadoop Security Enabled: false Ozone Security Enabled: false Ozone HTTP Security Enabled: false 
2021-11-29 08:36:14,015 [Listener at 127.0.0.1/45237] INFO  server.AuthenticationFilter (AuthenticationFilter.java:constructSecretProvider(240)) - Unable to initialize FileSignerSecretProvider, falling back to use random secrets.
2021-11-29 08:36:14,021 [Listener at 127.0.0.1/45237] WARN  http.HttpRequestLog (HttpRequestLog.java:getRequestLog(103)) - Jetty request log can only be enabled using Log4j
2021-11-29 08:36:14,022 [Listener at 127.0.0.1/45237] INFO  http.HttpServer2 (HttpServer2.java:addGlobalFilter(1030)) - Added global filter 'safety' (class=org.apache.hadoop.hdds.server.http.HttpServer2$QuotingInputFilter)
2021-11-29 08:36:14,023 [Listener at 127.0.0.1/45237] INFO  http.HttpServer2 (HttpServer2.java:addFilter(1006)) - Added filter static_user_filter (class=org.apache.hadoop.http.lib.StaticUserWebFilter$StaticUserFilter) to context hddsDatanode
2021-11-29 08:36:14,023 [Listener at 127.0.0.1/45237] INFO  http.HttpServer2 (HttpServer2.java:addFilter(1014)) - Added filter static_user_filter (class=org.apache.hadoop.http.lib.StaticUserWebFilter$StaticUserFilter) to context static
2021-11-29 08:36:14,023 [Listener at 127.0.0.1/45237] INFO  http.HttpServer2 (HttpServer2.java:addFilter(1014)) - Added filter static_user_filter (class=org.apache.hadoop.http.lib.StaticUserWebFilter$StaticUserFilter) to context logs
2021-11-29 08:36:14,023 [Listener at 127.0.0.1/45237] INFO  http.HttpServer2 (HttpServer2.java:bindListener(1249)) - Jetty bound to port 42617
2021-11-29 08:36:14,024 [Listener at 127.0.0.1/45237] INFO  server.Server (Server.java:doStart(375)) - jetty-9.4.43.v20210629; built: 2021-06-30T11:07:22.254Z; git: 526006ecfa3af7f1a27ef3a288e2bef7ea9dd7e8; jvm 1.8.0_292-b10
2021-11-29 08:36:14,026 [Listener at 127.0.0.1/45237] INFO  server.session (DefaultSessionIdManager.java:doStart(334)) - DefaultSessionIdManager workerName=node0
2021-11-29 08:36:14,027 [Listener at 127.0.0.1/45237] INFO  server.session (DefaultSessionIdManager.java:doStart(339)) - No SessionScavenger set, using defaults
2021-11-29 08:36:14,027 [Listener at 127.0.0.1/45237] INFO  server.session (HouseKeeper.java:startScavenging(132)) - node0 Scavenging every 600000ms
2021-11-29 08:36:14,028 [Listener at 127.0.0.1/45237] INFO  handler.ContextHandler (ContextHandler.java:doStart(915)) - Started o.e.j.s.ServletContextHandler@281a2bb7{logs,/logs,file:///home/runner/work/ozone/ozone/hadoop-ozone/integration-test/target/log,AVAILABLE}
2021-11-29 08:36:14,028 [Listener at 127.0.0.1/45237] INFO  handler.ContextHandler (ContextHandler.java:doStart(915)) - Started o.e.j.s.ServletContextHandler@7b12b7e9{static,/static,jar:file:/home/runner/.m2/repository/org/apache/ozone/hdds-container-service/1.3.0-SNAPSHOT/hdds-container-service-1.3.0-SNAPSHOT.jar!/webapps/static,AVAILABLE}
2021-11-29 08:36:14,073 [Listener at 127.0.0.1/45237] INFO  handler.ContextHandler (ContextHandler.java:doStart(915)) - Started o.e.j.w.WebAppContext@36f228eb{hddsDatanode,/,file:///tmp/jetty-0_0_0_0-42617-hdds-container-service-1_3_0-SNAPSHOT_jar-_-any-5998953032271603587/webapp/,AVAILABLE}{jar:file:/home/runner/.m2/repository/org/apache/ozone/hdds-container-service/1.3.0-SNAPSHOT/hdds-container-service-1.3.0-SNAPSHOT.jar!/webapps/hddsDatanode}
2021-11-29 08:36:14,075 [Listener at 127.0.0.1/45237] INFO  server.AbstractConnector (AbstractConnector.java:doStart(331)) - Started ServerConnector@2030eaa1{HTTP/1.1, (http/1.1)}{0.0.0.0:42617}
2021-11-29 08:36:14,075 [Listener at 127.0.0.1/45237] INFO  server.Server (Server.java:doStart(415)) - Started @8170ms
2021-11-29 08:36:14,075 [Listener at 127.0.0.1/45237] WARN  impl.MetricsSystemImpl (MetricsSystemImpl.java:register(279)) - Sink prometheus already exists!
2021-11-29 08:36:14,077 [Listener at 127.0.0.1/45237] INFO  http.BaseHttpServer (BaseHttpServer.java:updateConnectorAddress(329)) - HTTP server of hddsDatanode listening at http://0.0.0.0:42617
2021-11-29 08:36:14,078 [Datanode State Machine Daemon Thread] INFO  statemachine.DatanodeStateMachine (DatanodeStateMachine.java:lambda$startDaemon$0(467)) - Ozone container server started.
2021-11-29 08:36:14,079 [Listener at 127.0.0.1/45237] INFO  ozone.MiniOzoneClusterImpl (MiniOzoneClusterImpl.java:lambda$waitForClusterToBeReady$0(235)) - Waiting for nodes to be ready. Got 0 of 6 DN Heartbeats.
2021-11-29 08:36:14,079 [Listener at 127.0.0.1/45237] INFO  ozone.MiniOzoneClusterImpl (MiniOzoneClusterImpl.java:lambda$waitForClusterToBeReady$0(238)) - Waiting for cluster to exit safe mode
2021-11-29 08:36:14,079 [Listener at 127.0.0.1/45237] INFO  ozone.MiniOzoneClusterImpl (MiniOzoneClusterImpl.java:lambda$waitForClusterToBeReady$0(240)) - SCM became leader
2021-11-29 08:36:14,087 [org.apache.hadoop.util.JvmPauseMonitor$Monitor@23290d49] INFO  util.JvmPauseMonitor (JvmPauseMonitor.java:run(188)) - Starting JVM pause monitor
2021-11-29 08:36:14,088 [Datanode State Machine Task Thread - 0] INFO  datanode.InitDatanodeState (InitDatanodeState.java:persistContainerDatanodeDetails(145)) - DatanodeDetails is persisted to /home/runner/work/ozone/ozone/hadoop-ozone/integration-test/target/test-dir/MiniOzoneClusterImpl-3d114d2a-f85f-45ce-9fd0-840e2dc708c7/datanode-5/meta/datanode.id
2021-11-29 08:36:14,729 [EndpointStateMachine task thread for /0.0.0.0:37365 - 0 ] INFO  ozoneimpl.OzoneContainer (OzoneContainer.java:start(304)) - Attempting to start container services.
2021-11-29 08:36:14,731 [EndpointStateMachine task thread for /0.0.0.0:37365 - 0 ] INFO  ozoneimpl.OzoneContainer (OzoneContainer.java:startContainerScrub(249)) - Background container scanner has been disabled.
2021-11-29 08:36:14,733 [EndpointStateMachine task thread for /0.0.0.0:37365 - 0 ] INFO  replication.ReplicationServer (ReplicationServer.java:start(107)) - ReplicationServer is started using port 37085
2021-11-29 08:36:14,735 [EndpointStateMachine task thread for /0.0.0.0:37365 - 0 ] INFO  ratis.XceiverServerRatis (XceiverServerRatis.java:start(484)) - Starting XceiverServerRatis f37cff1b-38c0-4a70-af4a-cd1c41c703b6
2021-11-29 08:36:14,742 [EndpointStateMachine task thread for /0.0.0.0:37365 - 0 ] INFO  server.RaftServer (RaftServerProxy.java:lambda$start$5(374)) - f37cff1b-38c0-4a70-af4a-cd1c41c703b6: start RPC server
2021-11-29 08:36:14,743 [EndpointStateMachine task thread for /0.0.0.0:37365 - 0 ] INFO  server.GrpcService (GrpcService.java:startImpl(253)) - f37cff1b-38c0-4a70-af4a-cd1c41c703b6: GrpcService started, listening on 40907
2021-11-29 08:36:14,744 [EndpointStateMachine task thread for /0.0.0.0:37365 - 0 ] INFO  ratis.XceiverServerRatis (XceiverServerRatis.java:getRealPort(505)) - XceiverServerRatis f37cff1b-38c0-4a70-af4a-cd1c41c703b6 is started using port 40907 for RATIS
2021-11-29 08:36:14,744 [EndpointStateMachine task thread for /0.0.0.0:37365 - 0 ] INFO  ratis.XceiverServerRatis (XceiverServerRatis.java:getRealPort(505)) - XceiverServerRatis f37cff1b-38c0-4a70-af4a-cd1c41c703b6 is started using port 40907 for RATIS_ADMIN
2021-11-29 08:36:14,744 [EndpointStateMachine task thread for /0.0.0.0:37365 - 0 ] INFO  ratis.XceiverServerRatis (XceiverServerRatis.java:getRealPort(505)) - XceiverServerRatis f37cff1b-38c0-4a70-af4a-cd1c41c703b6 is started using port 40907 for RATIS_SERVER
2021-11-29 08:36:14,749 [EndpointStateMachine task thread for /0.0.0.0:37365 - 0 ] INFO  server.XceiverServerGrpc (XceiverServerGrpc.java:start(135)) - XceiverServerGrpc f37cff1b-38c0-4a70-af4a-cd1c41c703b6 is started using port 46669
2021-11-29 08:36:14,750 [org.apache.ratis.util.JvmPauseMonitor$$Lambda$536/2115437300@1048dac3] INFO  util.JvmPauseMonitor (JvmPauseMonitor.java:run(103)) - JvmPauseMonitor-f37cff1b-38c0-4a70-af4a-cd1c41c703b6: Started
2021-11-29 08:36:14,799 [ReplicationMonitor] INFO  container.ReplicationManager (ReplicationManager.java:processAll(371)) - Replication Monitor Thread took 0 milliseconds for processing 0 containers.
2021-11-29 08:36:15,080 [Listener at 127.0.0.1/45237] INFO  ozone.MiniOzoneClusterImpl (MiniOzoneClusterImpl.java:lambda$waitForClusterToBeReady$0(235)) - Waiting for nodes to be ready. Got 0 of 6 DN Heartbeats.
2021-11-29 08:36:15,080 [Listener at 127.0.0.1/45237] INFO  ozone.MiniOzoneClusterImpl (MiniOzoneClusterImpl.java:lambda$waitForClusterToBeReady$0(238)) - Waiting for cluster to exit safe mode
2021-11-29 08:36:15,081 [Listener at 127.0.0.1/45237] INFO  ozone.MiniOzoneClusterImpl (MiniOzoneClusterImpl.java:lambda$waitForClusterToBeReady$0(240)) - SCM became leader
2021-11-29 08:36:15,210 [EndpointStateMachine task thread for /0.0.0.0:37365 - 0 ] INFO  ozoneimpl.OzoneContainer (OzoneContainer.java:start(304)) - Attempting to start container services.
2021-11-29 08:36:15,210 [EndpointStateMachine task thread for /0.0.0.0:37365 - 0 ] INFO  ozoneimpl.OzoneContainer (OzoneContainer.java:startContainerScrub(249)) - Background container scanner has been disabled.
2021-11-29 08:36:15,212 [EndpointStateMachine task thread for /0.0.0.0:37365 - 0 ] INFO  replication.ReplicationServer (ReplicationServer.java:start(107)) - ReplicationServer is started using port 46107
2021-11-29 08:36:15,213 [EndpointStateMachine task thread for /0.0.0.0:37365 - 0 ] INFO  ratis.XceiverServerRatis (XceiverServerRatis.java:start(484)) - Starting XceiverServerRatis 04f8ee08-a2ad-484b-9e4f-8959f0ebf609
2021-11-29 08:36:15,214 [EndpointStateMachine task thread for /0.0.0.0:37365 - 0 ] INFO  server.RaftServer (RaftServerProxy.java:lambda$start$5(374)) - 04f8ee08-a2ad-484b-9e4f-8959f0ebf609: start RPC server
2021-11-29 08:36:15,215 [EndpointStateMachine task thread for /0.0.0.0:37365 - 0 ] INFO  server.GrpcService (GrpcService.java:startImpl(253)) - 04f8ee08-a2ad-484b-9e4f-8959f0ebf609: GrpcService started, listening on 45751
2021-11-29 08:36:15,215 [EndpointStateMachine task thread for /0.0.0.0:37365 - 0 ] INFO  ratis.XceiverServerRatis (XceiverServerRatis.java:getRealPort(505)) - XceiverServerRatis 04f8ee08-a2ad-484b-9e4f-8959f0ebf609 is started using port 45751 for RATIS
2021-11-29 08:36:15,216 [EndpointStateMachine task thread for /0.0.0.0:37365 - 0 ] INFO  ratis.XceiverServerRatis (XceiverServerRatis.java:getRealPort(505)) - XceiverServerRatis 04f8ee08-a2ad-484b-9e4f-8959f0ebf609 is started using port 45751 for RATIS_ADMIN
2021-11-29 08:36:15,216 [EndpointStateMachine task thread for /0.0.0.0:37365 - 0 ] INFO  ratis.XceiverServerRatis (XceiverServerRatis.java:getRealPort(505)) - XceiverServerRatis 04f8ee08-a2ad-484b-9e4f-8959f0ebf609 is started using port 45751 for RATIS_SERVER
2021-11-29 08:36:15,217 [EndpointStateMachine task thread for /0.0.0.0:37365 - 0 ] INFO  server.XceiverServerGrpc (XceiverServerGrpc.java:start(135)) - XceiverServerGrpc 04f8ee08-a2ad-484b-9e4f-8959f0ebf609 is started using port 33203
2021-11-29 08:36:15,221 [org.apache.ratis.util.JvmPauseMonitor$$Lambda$536/2115437300@fc9ddd9] INFO  util.JvmPauseMonitor (JvmPauseMonitor.java:run(103)) - JvmPauseMonitor-04f8ee08-a2ad-484b-9e4f-8959f0ebf609: Started
2021-11-29 08:36:15,464 [EndpointStateMachine task thread for /0.0.0.0:37365 - 0 ] INFO  ozoneimpl.OzoneContainer (OzoneContainer.java:start(304)) - Attempting to start container services.
2021-11-29 08:36:15,464 [EndpointStateMachine task thread for /0.0.0.0:37365 - 0 ] INFO  ozoneimpl.OzoneContainer (OzoneContainer.java:startContainerScrub(249)) - Background container scanner has been disabled.
2021-11-29 08:36:15,466 [EndpointStateMachine task thread for /0.0.0.0:37365 - 0 ] INFO  replication.ReplicationServer (ReplicationServer.java:start(107)) - ReplicationServer is started using port 37283
2021-11-29 08:36:15,467 [EndpointStateMachine task thread for /0.0.0.0:37365 - 0 ] INFO  ratis.XceiverServerRatis (XceiverServerRatis.java:start(484)) - Starting XceiverServerRatis 83afdf48-275c-4aa7-9b86-71b323741a7e
2021-11-29 08:36:15,472 [EndpointStateMachine task thread for /0.0.0.0:37365 - 0 ] INFO  server.RaftServer (RaftServerProxy.java:lambda$start$5(374)) - 83afdf48-275c-4aa7-9b86-71b323741a7e: start RPC server
2021-11-29 08:36:15,473 [EndpointStateMachine task thread for /0.0.0.0:37365 - 0 ] INFO  server.GrpcService (GrpcService.java:startImpl(253)) - 83afdf48-275c-4aa7-9b86-71b323741a7e: GrpcService started, listening on 36653
2021-11-29 08:36:15,474 [EndpointStateMachine task thread for /0.0.0.0:37365 - 0 ] INFO  ratis.XceiverServerRatis (XceiverServerRatis.java:getRealPort(505)) - XceiverServerRatis 83afdf48-275c-4aa7-9b86-71b323741a7e is started using port 36653 for RATIS
2021-11-29 08:36:15,474 [EndpointStateMachine task thread for /0.0.0.0:37365 - 0 ] INFO  ratis.XceiverServerRatis (XceiverServerRatis.java:getRealPort(505)) - XceiverServerRatis 83afdf48-275c-4aa7-9b86-71b323741a7e is started using port 36653 for RATIS_ADMIN
2021-11-29 08:36:15,474 [EndpointStateMachine task thread for /0.0.0.0:37365 - 0 ] INFO  ratis.XceiverServerRatis (XceiverServerRatis.java:getRealPort(505)) - XceiverServerRatis 83afdf48-275c-4aa7-9b86-71b323741a7e is started using port 36653 for RATIS_SERVER
2021-11-29 08:36:15,474 [org.apache.ratis.util.JvmPauseMonitor$$Lambda$536/2115437300@36707173] INFO  util.JvmPauseMonitor (JvmPauseMonitor.java:run(103)) - JvmPauseMonitor-83afdf48-275c-4aa7-9b86-71b323741a7e: Started
2021-11-29 08:36:15,475 [EndpointStateMachine task thread for /0.0.0.0:37365 - 0 ] INFO  server.XceiverServerGrpc (XceiverServerGrpc.java:start(135)) - XceiverServerGrpc 83afdf48-275c-4aa7-9b86-71b323741a7e is started using port 36121
2021-11-29 08:36:15,658 [EndpointStateMachine task thread for /0.0.0.0:37365 - 0 ] INFO  ozoneimpl.OzoneContainer (OzoneContainer.java:start(304)) - Attempting to start container services.
2021-11-29 08:36:15,658 [EndpointStateMachine task thread for /0.0.0.0:37365 - 0 ] INFO  ozoneimpl.OzoneContainer (OzoneContainer.java:startContainerScrub(249)) - Background container scanner has been disabled.
2021-11-29 08:36:15,660 [EndpointStateMachine task thread for /0.0.0.0:37365 - 0 ] INFO  replication.ReplicationServer (ReplicationServer.java:start(107)) - ReplicationServer is started using port 46707
2021-11-29 08:36:15,661 [EndpointStateMachine task thread for /0.0.0.0:37365 - 0 ] INFO  ratis.XceiverServerRatis (XceiverServerRatis.java:start(484)) - Starting XceiverServerRatis e898274c-95f2-4b2f-8144-1886504886d7
2021-11-29 08:36:15,662 [EndpointStateMachine task thread for /0.0.0.0:37365 - 0 ] INFO  server.RaftServer (RaftServerProxy.java:lambda$start$5(374)) - e898274c-95f2-4b2f-8144-1886504886d7: start RPC server
2021-11-29 08:36:15,663 [EndpointStateMachine task thread for /0.0.0.0:37365 - 0 ] INFO  server.GrpcService (GrpcService.java:startImpl(253)) - e898274c-95f2-4b2f-8144-1886504886d7: GrpcService started, listening on 33347
2021-11-29 08:36:15,663 [EndpointStateMachine task thread for /0.0.0.0:37365 - 0 ] INFO  ratis.XceiverServerRatis (XceiverServerRatis.java:getRealPort(505)) - XceiverServerRatis e898274c-95f2-4b2f-8144-1886504886d7 is started using port 33347 for RATIS
2021-11-29 08:36:15,664 [EndpointStateMachine task thread for /0.0.0.0:37365 - 0 ] INFO  ratis.XceiverServerRatis (XceiverServerRatis.java:getRealPort(505)) - XceiverServerRatis e898274c-95f2-4b2f-8144-1886504886d7 is started using port 33347 for RATIS_ADMIN
2021-11-29 08:36:15,664 [org.apache.ratis.util.JvmPauseMonitor$$Lambda$536/2115437300@2a33af53] INFO  util.JvmPauseMonitor (JvmPauseMonitor.java:run(103)) - JvmPauseMonitor-e898274c-95f2-4b2f-8144-1886504886d7: Started
2021-11-29 08:36:15,664 [EndpointStateMachine task thread for /0.0.0.0:37365 - 0 ] INFO  ratis.XceiverServerRatis (XceiverServerRatis.java:getRealPort(505)) - XceiverServerRatis e898274c-95f2-4b2f-8144-1886504886d7 is started using port 33347 for RATIS_SERVER
2021-11-29 08:36:15,665 [EndpointStateMachine task thread for /0.0.0.0:37365 - 0 ] INFO  server.XceiverServerGrpc (XceiverServerGrpc.java:start(135)) - XceiverServerGrpc e898274c-95f2-4b2f-8144-1886504886d7 is started using port 44593
2021-11-29 08:36:15,800 [ReplicationMonitor] INFO  container.ReplicationManager (ReplicationManager.java:processAll(371)) - Replication Monitor Thread took 1 milliseconds for processing 0 containers.
2021-11-29 08:36:15,949 [EndpointStateMachine task thread for /0.0.0.0:37365 - 0 ] INFO  ozoneimpl.OzoneContainer (OzoneContainer.java:start(304)) - Attempting to start container services.
2021-11-29 08:36:15,950 [EndpointStateMachine task thread for /0.0.0.0:37365 - 0 ] INFO  ozoneimpl.OzoneContainer (OzoneContainer.java:startContainerScrub(249)) - Background container scanner has been disabled.
2021-11-29 08:36:15,951 [EndpointStateMachine task thread for /0.0.0.0:37365 - 0 ] INFO  replication.ReplicationServer (ReplicationServer.java:start(107)) - ReplicationServer is started using port 35525
2021-11-29 08:36:15,952 [EndpointStateMachine task thread for /0.0.0.0:37365 - 0 ] INFO  ratis.XceiverServerRatis (XceiverServerRatis.java:start(484)) - Starting XceiverServerRatis f4a04b10-217f-404d-90c0-0144621113a2
2021-11-29 08:36:15,957 [EndpointStateMachine task thread for /0.0.0.0:37365 - 0 ] INFO  server.RaftServer (RaftServerProxy.java:lambda$start$5(374)) - f4a04b10-217f-404d-90c0-0144621113a2: start RPC server
2021-11-29 08:36:15,959 [EndpointStateMachine task thread for /0.0.0.0:37365 - 0 ] INFO  server.GrpcService (GrpcService.java:startImpl(253)) - f4a04b10-217f-404d-90c0-0144621113a2: GrpcService started, listening on 40385
2021-11-29 08:36:15,960 [EndpointStateMachine task thread for /0.0.0.0:37365 - 0 ] INFO  ratis.XceiverServerRatis (XceiverServerRatis.java:getRealPort(505)) - XceiverServerRatis f4a04b10-217f-404d-90c0-0144621113a2 is started using port 40385 for RATIS
2021-11-29 08:36:15,960 [org.apache.ratis.util.JvmPauseMonitor$$Lambda$536/2115437300@7214b157] INFO  util.JvmPauseMonitor (JvmPauseMonitor.java:run(103)) - JvmPauseMonitor-f4a04b10-217f-404d-90c0-0144621113a2: Started
2021-11-29 08:36:15,960 [EndpointStateMachine task thread for /0.0.0.0:37365 - 0 ] INFO  ratis.XceiverServerRatis (XceiverServerRatis.java:getRealPort(505)) - XceiverServerRatis f4a04b10-217f-404d-90c0-0144621113a2 is started using port 40385 for RATIS_ADMIN
2021-11-29 08:36:15,961 [EndpointStateMachine task thread for /0.0.0.0:37365 - 0 ] INFO  ratis.XceiverServerRatis (XceiverServerRatis.java:getRealPort(505)) - XceiverServerRatis f4a04b10-217f-404d-90c0-0144621113a2 is started using port 40385 for RATIS_SERVER
2021-11-29 08:36:15,962 [EndpointStateMachine task thread for /0.0.0.0:37365 - 0 ] INFO  server.XceiverServerGrpc (XceiverServerGrpc.java:start(135)) - XceiverServerGrpc f4a04b10-217f-404d-90c0-0144621113a2 is started using port 36291
2021-11-29 08:36:16,081 [Listener at 127.0.0.1/45237] INFO  ozone.MiniOzoneClusterImpl (MiniOzoneClusterImpl.java:lambda$waitForClusterToBeReady$0(235)) - Waiting for nodes to be ready. Got 0 of 6 DN Heartbeats.
2021-11-29 08:36:16,081 [Listener at 127.0.0.1/45237] INFO  ozone.MiniOzoneClusterImpl (MiniOzoneClusterImpl.java:lambda$waitForClusterToBeReady$0(238)) - Waiting for cluster to exit safe mode
2021-11-29 08:36:16,081 [Listener at 127.0.0.1/45237] INFO  ozone.MiniOzoneClusterImpl (MiniOzoneClusterImpl.java:lambda$waitForClusterToBeReady$0(240)) - SCM became leader
2021-11-29 08:36:16,091 [EndpointStateMachine task thread for /0.0.0.0:37365 - 0 ] INFO  ozoneimpl.OzoneContainer (OzoneContainer.java:start(304)) - Attempting to start container services.
2021-11-29 08:36:16,091 [EndpointStateMachine task thread for /0.0.0.0:37365 - 0 ] INFO  ozoneimpl.OzoneContainer (OzoneContainer.java:startContainerScrub(249)) - Background container scanner has been disabled.
2021-11-29 08:36:16,093 [EndpointStateMachine task thread for /0.0.0.0:37365 - 0 ] INFO  replication.ReplicationServer (ReplicationServer.java:start(107)) - ReplicationServer is started using port 35605
2021-11-29 08:36:16,094 [EndpointStateMachine task thread for /0.0.0.0:37365 - 0 ] INFO  ratis.XceiverServerRatis (XceiverServerRatis.java:start(484)) - Starting XceiverServerRatis ab751306-1b7d-4a09-8e2d-d0e9ffa10842
2021-11-29 08:36:16,098 [EndpointStateMachine task thread for /0.0.0.0:37365 - 0 ] INFO  server.RaftServer (RaftServerProxy.java:lambda$start$5(374)) - ab751306-1b7d-4a09-8e2d-d0e9ffa10842: start RPC server
2021-11-29 08:36:16,099 [EndpointStateMachine task thread for /0.0.0.0:37365 - 0 ] INFO  server.GrpcService (GrpcService.java:startImpl(253)) - ab751306-1b7d-4a09-8e2d-d0e9ffa10842: GrpcService started, listening on 40499
2021-11-29 08:36:16,099 [EndpointStateMachine task thread for /0.0.0.0:37365 - 0 ] INFO  ratis.XceiverServerRatis (XceiverServerRatis.java:getRealPort(505)) - XceiverServerRatis ab751306-1b7d-4a09-8e2d-d0e9ffa10842 is started using port 40499 for RATIS
2021-11-29 08:36:16,099 [org.apache.ratis.util.JvmPauseMonitor$$Lambda$536/2115437300@f8a4fd6] INFO  util.JvmPauseMonitor (JvmPauseMonitor.java:run(103)) - JvmPauseMonitor-ab751306-1b7d-4a09-8e2d-d0e9ffa10842: Started
2021-11-29 08:36:16,099 [EndpointStateMachine task thread for /0.0.0.0:37365 - 0 ] INFO  ratis.XceiverServerRatis (XceiverServerRatis.java:getRealPort(505)) - XceiverServerRatis ab751306-1b7d-4a09-8e2d-d0e9ffa10842 is started using port 40499 for RATIS_ADMIN
2021-11-29 08:36:16,100 [EndpointStateMachine task thread for /0.0.0.0:37365 - 0 ] INFO  ratis.XceiverServerRatis (XceiverServerRatis.java:getRealPort(505)) - XceiverServerRatis ab751306-1b7d-4a09-8e2d-d0e9ffa10842 is started using port 40499 for RATIS_SERVER
2021-11-29 08:36:16,101 [EndpointStateMachine task thread for /0.0.0.0:37365 - 0 ] INFO  server.XceiverServerGrpc (XceiverServerGrpc.java:start(135)) - XceiverServerGrpc ab751306-1b7d-4a09-8e2d-d0e9ffa10842 is started using port 37519
2021-11-29 08:36:16,692 [IPC Server handler 4 on default port 37365] INFO  net.NetworkTopologyImpl (NetworkTopologyImpl.java:add(112)) - Added a new node: /default-rack/f37cff1b-38c0-4a70-af4a-cd1c41c703b6
2021-11-29 08:36:16,693 [IPC Server handler 4 on default port 37365] INFO  node.SCMNodeManager (SCMNodeManager.java:register(389)) - Registered Data node : f37cff1b-38c0-4a70-af4a-cd1c41c703b6{ip: 10.1.0.67, host: fv-az294-535.eaanfquahm5ulb5tj050gcxych.jx.internal.cloudapp.net, ports: [REPLICATION=37085, RATIS=40907, RATIS_ADMIN=40907, RATIS_SERVER=40907, STANDALONE=46669], networkLocation: /default-rack, certSerialId: null, persistedOpState: null, persistedOpStateExpiryEpochSec: 0}
2021-11-29 08:36:16,701 [EventQueue-NewNodeForNewNodeHandler] INFO  pipeline.BackgroundPipelineCreator (BackgroundPipelineCreator.java:notifyEventTriggered(285)) - trigger a one-shot run on RatisPipelineUtilsThread.
2021-11-29 08:36:16,710 [EventQueue-NodeRegistrationContainerReportForContainerSafeModeRule] INFO  safemode.SCMSafeModeManager (SCMSafeModeManager.java:validateSafeModeExitRules(204)) - ContainerSafeModeRule rule is successfully validated
2021-11-29 08:36:16,711 [EventQueue-NodeRegistrationContainerReportForDataNodeSafeModeRule] INFO  safemode.SCMSafeModeManager (DataNodeSafeModeRule.java:process(71)) - SCM in safe mode. 1 DataNodes registered, 3 required.
2021-11-29 08:36:16,712 [EventQueue-PipelineReportForOneReplicaPipelineSafeModeRule] INFO  safemode.SCMSafeModeManager (SCMSafeModeManager.java:validateSafeModeExitRules(204)) - AtleastOneDatanodeReportedRule rule is successfully validated
2021-11-29 08:36:16,714 [RatisPipelineUtilsThread - 0] INFO  pipeline.RatisPipelineProvider (RatisPipelineProvider.java:lambda$create$0(183)) - Sending CreatePipelineCommand for pipeline:PipelineID=f32656c2-cb13-49b6-b982-d42e3feaafc0 to datanode:f37cff1b-38c0-4a70-af4a-cd1c41c703b6
2021-11-29 08:36:16,729 [RatisPipelineUtilsThread - 0] INFO  pipeline.PipelineStateManagerImpl (PipelineStateManagerImpl.java:addPipeline(101)) - Created pipeline Pipeline[ Id: f32656c2-cb13-49b6-b982-d42e3feaafc0, Nodes: f37cff1b-38c0-4a70-af4a-cd1c41c703b6{ip: 10.1.0.67, host: fv-az294-535.eaanfquahm5ulb5tj050gcxych.jx.internal.cloudapp.net, ports: [REPLICATION=37085, RATIS=40907, RATIS_ADMIN=40907, RATIS_SERVER=40907, STANDALONE=46669], networkLocation: /default-rack, certSerialId: null, persistedOpState: IN_SERVICE, persistedOpStateExpiryEpochSec: 0}, ReplicationConfig: RATIS/ONE, State:ALLOCATED, leaderId:, CreationTimestamp2021-11-29T08:36:16.711Z[Etc/UTC]].
2021-11-29 08:36:16,800 [ReplicationMonitor] INFO  container.ReplicationManager (ReplicationManager.java:processAll(371)) - Replication Monitor Thread took 0 milliseconds for processing 0 containers.
2021-11-29 08:36:17,081 [Listener at 127.0.0.1/45237] INFO  ozone.MiniOzoneClusterImpl (MiniOzoneClusterImpl.java:lambda$waitForClusterToBeReady$0(235)) - Waiting for nodes to be ready. Got 1 of 6 DN Heartbeats.
2021-11-29 08:36:17,082 [Listener at 127.0.0.1/45237] INFO  ozone.MiniOzoneClusterImpl (MiniOzoneClusterImpl.java:lambda$waitForClusterToBeReady$0(238)) - Waiting for cluster to exit safe mode
2021-11-29 08:36:17,082 [Listener at 127.0.0.1/45237] INFO  ozone.MiniOzoneClusterImpl (MiniOzoneClusterImpl.java:lambda$waitForClusterToBeReady$0(240)) - SCM became leader
2021-11-29 08:36:17,208 [IPC Server handler 2 on default port 37365] INFO  net.NetworkTopologyImpl (NetworkTopologyImpl.java:add(112)) - Added a new node: /default-rack/04f8ee08-a2ad-484b-9e4f-8959f0ebf609
2021-11-29 08:36:17,208 [IPC Server handler 2 on default port 37365] INFO  node.SCMNodeManager (SCMNodeManager.java:register(389)) - Registered Data node : 04f8ee08-a2ad-484b-9e4f-8959f0ebf609{ip: 10.1.0.67, host: fv-az294-535.eaanfquahm5ulb5tj050gcxych.jx.internal.cloudapp.net, ports: [REPLICATION=46107, RATIS=45751, RATIS_ADMIN=45751, RATIS_SERVER=45751, STANDALONE=33203], networkLocation: /default-rack, certSerialId: null, persistedOpState: null, persistedOpStateExpiryEpochSec: 0}
2021-11-29 08:36:17,208 [EventQueue-NewNodeForNewNodeHandler] INFO  pipeline.BackgroundPipelineCreator (BackgroundPipelineCreator.java:notifyEventTriggered(285)) - trigger a one-shot run on RatisPipelineUtilsThread.
2021-11-29 08:36:17,209 [RatisPipelineUtilsThread - 0] INFO  pipeline.RatisPipelineProvider (RatisPipelineProvider.java:lambda$create$0(183)) - Sending CreatePipelineCommand for pipeline:PipelineID=8fa509ea-e364-4535-87f8-92a7be4cf438 to datanode:04f8ee08-a2ad-484b-9e4f-8959f0ebf609
2021-11-29 08:36:17,210 [EventQueue-NodeRegistrationContainerReportForDataNodeSafeModeRule] INFO  safemode.SCMSafeModeManager (DataNodeSafeModeRule.java:process(71)) - SCM in safe mode. 2 DataNodes registered, 3 required.
2021-11-29 08:36:17,211 [RatisPipelineUtilsThread - 0] INFO  pipeline.PipelineStateManagerImpl (PipelineStateManagerImpl.java:addPipeline(101)) - Created pipeline Pipeline[ Id: 8fa509ea-e364-4535-87f8-92a7be4cf438, Nodes: 04f8ee08-a2ad-484b-9e4f-8959f0ebf609{ip: 10.1.0.67, host: fv-az294-535.eaanfquahm5ulb5tj050gcxych.jx.internal.cloudapp.net, ports: [REPLICATION=46107, RATIS=45751, RATIS_ADMIN=45751, RATIS_SERVER=45751, STANDALONE=33203], networkLocation: /default-rack, certSerialId: null, persistedOpState: IN_SERVICE, persistedOpStateExpiryEpochSec: 0}, ReplicationConfig: RATIS/ONE, State:ALLOCATED, leaderId:, CreationTimestamp2021-11-29T08:36:17.209Z[Etc/UTC]].
2021-11-29 08:36:17,461 [IPC Server handler 4 on default port 37365] INFO  net.NetworkTopologyImpl (NetworkTopologyImpl.java:add(112)) - Added a new node: /default-rack/83afdf48-275c-4aa7-9b86-71b323741a7e
2021-11-29 08:36:17,462 [IPC Server handler 4 on default port 37365] INFO  node.SCMNodeManager (SCMNodeManager.java:register(389)) - Registered Data node : 83afdf48-275c-4aa7-9b86-71b323741a7e{ip: 10.1.0.67, host: fv-az294-535.eaanfquahm5ulb5tj050gcxych.jx.internal.cloudapp.net, ports: [REPLICATION=37283, RATIS=36653, RATIS_ADMIN=36653, RATIS_SERVER=36653, STANDALONE=36121], networkLocation: /default-rack, certSerialId: null, persistedOpState: null, persistedOpStateExpiryEpochSec: 0}
2021-11-29 08:36:17,462 [EventQueue-NewNodeForNewNodeHandler] INFO  pipeline.BackgroundPipelineCreator (BackgroundPipelineCreator.java:notifyEventTriggered(285)) - trigger a one-shot run on RatisPipelineUtilsThread.
2021-11-29 08:36:17,463 [EventQueue-NodeRegistrationContainerReportForDataNodeSafeModeRule] INFO  safemode.SCMSafeModeManager (DataNodeSafeModeRule.java:process(71)) - SCM in safe mode. 3 DataNodes registered, 3 required.
2021-11-29 08:36:17,463 [EventQueue-NodeRegistrationContainerReportForDataNodeSafeModeRule] INFO  safemode.SCMSafeModeManager (SCMSafeModeManager.java:validateSafeModeExitRules(204)) - DataNodeSafeModeRule rule is successfully validated
2021-11-29 08:36:17,464 [EventQueue-NodeRegistrationContainerReportForDataNodeSafeModeRule] INFO  safemode.SCMSafeModeManager (SCMSafeModeManager.java:completePreCheck(233)) - All SCM safe mode pre check rules have passed
2021-11-29 08:36:17,464 [EventQueue-NodeRegistrationContainerReportForDataNodeSafeModeRule] WARN  events.EventQueue (EventQueue.java:fireEvent(194)) - No event handler registered for event TypedEvent{payloadType=SafeModeStatus, name='Safe mode status'}
2021-11-29 08:36:17,464 [EventQueue-NodeRegistrationContainerReportForDataNodeSafeModeRule] INFO  ha.SCMContext (SCMContext.java:updateSafeModeStatus(205)) - Update SafeModeStatus from SafeModeStatus{safeModeStatus=true, preCheckPassed=false} to SafeModeStatus{safeModeStatus=true, preCheckPassed=true}.
2021-11-29 08:36:17,464 [EventQueue-NodeRegistrationContainerReportForDataNodeSafeModeRule] INFO  pipeline.BackgroundPipelineCreator (BackgroundPipelineCreator.java:notifyEventTriggered(285)) - trigger a one-shot run on RatisPipelineUtilsThread.
2021-11-29 08:36:17,464 [RatisPipelineUtilsThread - 0] INFO  pipeline.RatisPipelineProvider (RatisPipelineProvider.java:lambda$create$0(183)) - Sending CreatePipelineCommand for pipeline:PipelineID=1e5d1a8a-d9f1-4ebb-8cd9-3c530ffbeeb0 to datanode:83afdf48-275c-4aa7-9b86-71b323741a7e
2021-11-29 08:36:17,465 [RatisPipelineUtilsThread - 0] INFO  pipeline.PipelineStateManagerImpl (PipelineStateManagerImpl.java:addPipeline(101)) - Created pipeline Pipeline[ Id: 1e5d1a8a-d9f1-4ebb-8cd9-3c530ffbeeb0, Nodes: 83afdf48-275c-4aa7-9b86-71b323741a7e{ip: 10.1.0.67, host: fv-az294-535.eaanfquahm5ulb5tj050gcxych.jx.internal.cloudapp.net, ports: [REPLICATION=37283, RATIS=36653, RATIS_ADMIN=36653, RATIS_SERVER=36653, STANDALONE=36121], networkLocation: /default-rack, certSerialId: null, persistedOpState: IN_SERVICE, persistedOpStateExpiryEpochSec: 0}, ReplicationConfig: RATIS/ONE, State:ALLOCATED, leaderId:, CreationTimestamp2021-11-29T08:36:17.464Z[Etc/UTC]].
2021-11-29 08:36:17,467 [RatisPipelineUtilsThread - 0] INFO  pipeline.RatisPipelineProvider (RatisPipelineProvider.java:lambda$create$0(183)) - Sending CreatePipelineCommand for pipeline:PipelineID=7bfd396b-b013-48a3-9028-14e19cf515ad to datanode:04f8ee08-a2ad-484b-9e4f-8959f0ebf609
2021-11-29 08:36:17,468 [RatisPipelineUtilsThread - 0] INFO  pipeline.RatisPipelineProvider (RatisPipelineProvider.java:lambda$create$0(183)) - Sending CreatePipelineCommand for pipeline:PipelineID=7bfd396b-b013-48a3-9028-14e19cf515ad to datanode:83afdf48-275c-4aa7-9b86-71b323741a7e
2021-11-29 08:36:17,468 [RatisPipelineUtilsThread - 0] INFO  pipeline.RatisPipelineProvider (RatisPipelineProvider.java:lambda$create$0(183)) - Sending CreatePipelineCommand for pipeline:PipelineID=7bfd396b-b013-48a3-9028-14e19cf515ad to datanode:f37cff1b-38c0-4a70-af4a-cd1c41c703b6
2021-11-29 08:36:17,468 [RatisPipelineUtilsThread - 0] INFO  pipeline.PipelineStateManagerImpl (PipelineStateManagerImpl.java:addPipeline(101)) - Created pipeline Pipeline[ Id: 7bfd396b-b013-48a3-9028-14e19cf515ad, Nodes: 04f8ee08-a2ad-484b-9e4f-8959f0ebf609{ip: 10.1.0.67, host: fv-az294-535.eaanfquahm5ulb5tj050gcxych.jx.internal.cloudapp.net, ports: [REPLICATION=46107, RATIS=45751, RATIS_ADMIN=45751, RATIS_SERVER=45751, STANDALONE=33203], networkLocation: /default-rack, certSerialId: null, persistedOpState: IN_SERVICE, persistedOpStateExpiryEpochSec: 0}83afdf48-275c-4aa7-9b86-71b323741a7e{ip: 10.1.0.67, host: fv-az294-535.eaanfquahm5ulb5tj050gcxych.jx.internal.cloudapp.net, ports: [REPLICATION=37283, RATIS=36653, RATIS_ADMIN=36653, RATIS_SERVER=36653, STANDALONE=36121], networkLocation: /default-rack, certSerialId: null, persistedOpState: IN_SERVICE, persistedOpStateExpiryEpochSec: 0}f37cff1b-38c0-4a70-af4a-cd1c41c703b6{ip: 10.1.0.67, host: fv-az294-535.eaanfquahm5ulb5tj050gcxych.jx.internal.cloudapp.net, ports: [REPLICATION=37085, RATIS=40907, RATIS_ADMIN=40907, RATIS_SERVER=40907, STANDALONE=46669], networkLocation: /default-rack, certSerialId: null, persistedOpState: IN_SERVICE, persistedOpStateExpiryEpochSec: 0}, ReplicationConfig: RATIS/THREE, State:ALLOCATED, leaderId:, CreationTimestamp2021-11-29T08:36:17.467Z[Etc/UTC]].
2021-11-29 08:36:17,657 [IPC Server handler 3 on default port 37365] INFO  net.NetworkTopologyImpl (NetworkTopologyImpl.java:add(112)) - Added a new node: /default-rack/e898274c-95f2-4b2f-8144-1886504886d7
2021-11-29 08:36:17,658 [IPC Server handler 3 on default port 37365] INFO  node.SCMNodeManager (SCMNodeManager.java:register(389)) - Registered Data node : e898274c-95f2-4b2f-8144-1886504886d7{ip: 10.1.0.67, host: fv-az294-535.eaanfquahm5ulb5tj050gcxych.jx.internal.cloudapp.net, ports: [REPLICATION=46707, RATIS=33347, RATIS_ADMIN=33347, RATIS_SERVER=33347, STANDALONE=44593], networkLocation: /default-rack, certSerialId: null, persistedOpState: null, persistedOpStateExpiryEpochSec: 0}
2021-11-29 08:36:17,658 [EventQueue-NewNodeForNewNodeHandler] INFO  pipeline.BackgroundPipelineCreator (BackgroundPipelineCreator.java:notifyEventTriggered(285)) - trigger a one-shot run on RatisPipelineUtilsThread.
2021-11-29 08:36:17,659 [RatisPipelineUtilsThread - 0] INFO  pipeline.RatisPipelineProvider (RatisPipelineProvider.java:lambda$create$0(183)) - Sending CreatePipelineCommand for pipeline:PipelineID=339345d7-57f0-4b70-be45-246a682d5eb8 to datanode:e898274c-95f2-4b2f-8144-1886504886d7
2021-11-29 08:36:17,660 [RatisPipelineUtilsThread - 0] INFO  pipeline.PipelineStateManagerImpl (PipelineStateManagerImpl.java:addPipeline(101)) - Created pipeline Pipeline[ Id: 339345d7-57f0-4b70-be45-246a682d5eb8, Nodes: e898274c-95f2-4b2f-8144-1886504886d7{ip: 10.1.0.67, host: fv-az294-535.eaanfquahm5ulb5tj050gcxych.jx.internal.cloudapp.net, ports: [REPLICATION=46707, RATIS=33347, RATIS_ADMIN=33347, RATIS_SERVER=33347, STANDALONE=44593], networkLocation: /default-rack, certSerialId: null, persistedOpState: IN_SERVICE, persistedOpStateExpiryEpochSec: 0}, ReplicationConfig: RATIS/ONE, State:ALLOCATED, leaderId:, CreationTimestamp2021-11-29T08:36:17.659Z[Etc/UTC]].
2021-11-29 08:36:17,801 [ReplicationMonitor] INFO  container.ReplicationManager (ReplicationManager.java:processAll(371)) - Replication Monitor Thread took 1 milliseconds for processing 0 containers.
2021-11-29 08:36:17,946 [IPC Server handler 0 on default port 37365] INFO  net.NetworkTopologyImpl (NetworkTopologyImpl.java:add(112)) - Added a new node: /default-rack/f4a04b10-217f-404d-90c0-0144621113a2
2021-11-29 08:36:17,947 [IPC Server handler 0 on default port 37365] INFO  node.SCMNodeManager (SCMNodeManager.java:register(389)) - Registered Data node : f4a04b10-217f-404d-90c0-0144621113a2{ip: 10.1.0.67, host: fv-az294-535.eaanfquahm5ulb5tj050gcxych.jx.internal.cloudapp.net, ports: [REPLICATION=35525, RATIS=40385, RATIS_ADMIN=40385, RATIS_SERVER=40385, STANDALONE=36291], networkLocation: /default-rack, certSerialId: null, persistedOpState: null, persistedOpStateExpiryEpochSec: 0}
2021-11-29 08:36:17,947 [EventQueue-NewNodeForNewNodeHandler] INFO  pipeline.BackgroundPipelineCreator (BackgroundPipelineCreator.java:notifyEventTriggered(285)) - trigger a one-shot run on RatisPipelineUtilsThread.
2021-11-29 08:36:17,948 [RatisPipelineUtilsThread - 0] INFO  pipeline.RatisPipelineProvider (RatisPipelineProvider.java:lambda$create$0(183)) - Sending CreatePipelineCommand for pipeline:PipelineID=7f7ee3f5-0e13-44ac-94c9-f98c2d00a595 to datanode:f4a04b10-217f-404d-90c0-0144621113a2
2021-11-29 08:36:17,949 [RatisPipelineUtilsThread - 0] INFO  pipeline.PipelineStateManagerImpl (PipelineStateManagerImpl.java:addPipeline(101)) - Created pipeline Pipeline[ Id: 7f7ee3f5-0e13-44ac-94c9-f98c2d00a595, Nodes: f4a04b10-217f-404d-90c0-0144621113a2{ip: 10.1.0.67, host: fv-az294-535.eaanfquahm5ulb5tj050gcxych.jx.internal.cloudapp.net, ports: [REPLICATION=35525, RATIS=40385, RATIS_ADMIN=40385, RATIS_SERVER=40385, STANDALONE=36291], networkLocation: /default-rack, certSerialId: null, persistedOpState: IN_SERVICE, persistedOpStateExpiryEpochSec: 0}, ReplicationConfig: RATIS/ONE, State:ALLOCATED, leaderId:, CreationTimestamp2021-11-29T08:36:17.948Z[Etc/UTC]].
2021-11-29 08:36:18,083 [Listener at 127.0.0.1/45237] INFO  ozone.MiniOzoneClusterImpl (MiniOzoneClusterImpl.java:lambda$waitForClusterToBeReady$0(235)) - Waiting for nodes to be ready. Got 5 of 6 DN Heartbeats.
2021-11-29 08:36:18,083 [Listener at 127.0.0.1/45237] INFO  ozone.MiniOzoneClusterImpl (MiniOzoneClusterImpl.java:lambda$waitForClusterToBeReady$0(238)) - Waiting for cluster to exit safe mode
2021-11-29 08:36:18,083 [Listener at 127.0.0.1/45237] INFO  ozone.MiniOzoneClusterImpl (MiniOzoneClusterImpl.java:lambda$waitForClusterToBeReady$0(240)) - SCM became leader
2021-11-29 08:36:18,089 [IPC Server handler 1 on default port 37365] INFO  net.NetworkTopologyImpl (NetworkTopologyImpl.java:add(112)) - Added a new node: /default-rack/ab751306-1b7d-4a09-8e2d-d0e9ffa10842
2021-11-29 08:36:18,090 [IPC Server handler 1 on default port 37365] INFO  node.SCMNodeManager (SCMNodeManager.java:register(389)) - Registered Data node : ab751306-1b7d-4a09-8e2d-d0e9ffa10842{ip: 10.1.0.67, host: fv-az294-535.eaanfquahm5ulb5tj050gcxych.jx.internal.cloudapp.net, ports: [REPLICATION=35605, RATIS=40499, RATIS_ADMIN=40499, RATIS_SERVER=40499, STANDALONE=37519], networkLocation: /default-rack, certSerialId: null, persistedOpState: null, persistedOpStateExpiryEpochSec: 0}
2021-11-29 08:36:18,090 [EventQueue-NewNodeForNewNodeHandler] INFO  pipeline.BackgroundPipelineCreator (BackgroundPipelineCreator.java:notifyEventTriggered(285)) - trigger a one-shot run on RatisPipelineUtilsThread.
2021-11-29 08:36:18,091 [RatisPipelineUtilsThread - 0] INFO  pipeline.RatisPipelineProvider (RatisPipelineProvider.java:lambda$create$0(183)) - Sending CreatePipelineCommand for pipeline:PipelineID=a35257e7-7054-4803-b33b-99133ebf817f to datanode:ab751306-1b7d-4a09-8e2d-d0e9ffa10842
2021-11-29 08:36:18,092 [RatisPipelineUtilsThread - 0] INFO  pipeline.PipelineStateManagerImpl (PipelineStateManagerImpl.java:addPipeline(101)) - Created pipeline Pipeline[ Id: a35257e7-7054-4803-b33b-99133ebf817f, Nodes: ab751306-1b7d-4a09-8e2d-d0e9ffa10842{ip: 10.1.0.67, host: fv-az294-535.eaanfquahm5ulb5tj050gcxych.jx.internal.cloudapp.net, ports: [REPLICATION=35605, RATIS=40499, RATIS_ADMIN=40499, RATIS_SERVER=40499, STANDALONE=37519], networkLocation: /default-rack, certSerialId: null, persistedOpState: IN_SERVICE, persistedOpStateExpiryEpochSec: 0}, ReplicationConfig: RATIS/ONE, State:ALLOCATED, leaderId:, CreationTimestamp2021-11-29T08:36:18.091Z[Etc/UTC]].
2021-11-29 08:36:18,093 [RatisPipelineUtilsThread - 0] INFO  pipeline.RatisPipelineProvider (RatisPipelineProvider.java:lambda$create$0(183)) - Sending CreatePipelineCommand for pipeline:PipelineID=518896b8-3ec9-4215-9592-735fd42a34ff to datanode:e898274c-95f2-4b2f-8144-1886504886d7
2021-11-29 08:36:18,093 [RatisPipelineUtilsThread - 0] INFO  pipeline.RatisPipelineProvider (RatisPipelineProvider.java:lambda$create$0(183)) - Sending CreatePipelineCommand for pipeline:PipelineID=518896b8-3ec9-4215-9592-735fd42a34ff to datanode:f4a04b10-217f-404d-90c0-0144621113a2
2021-11-29 08:36:18,093 [RatisPipelineUtilsThread - 0] INFO  pipeline.RatisPipelineProvider (RatisPipelineProvider.java:lambda$create$0(183)) - Sending CreatePipelineCommand for pipeline:PipelineID=518896b8-3ec9-4215-9592-735fd42a34ff to datanode:ab751306-1b7d-4a09-8e2d-d0e9ffa10842
2021-11-29 08:36:18,094 [RatisPipelineUtilsThread - 0] INFO  pipeline.PipelineStateManagerImpl (PipelineStateManagerImpl.java:addPipeline(101)) - Created pipeline Pipeline[ Id: 518896b8-3ec9-4215-9592-735fd42a34ff, Nodes: e898274c-95f2-4b2f-8144-1886504886d7{ip: 10.1.0.67, host: fv-az294-535.eaanfquahm5ulb5tj050gcxych.jx.internal.cloudapp.net, ports: [REPLICATION=46707, RATIS=33347, RATIS_ADMIN=33347, RATIS_SERVER=33347, STANDALONE=44593], networkLocation: /default-rack, certSerialId: null, persistedOpState: IN_SERVICE, persistedOpStateExpiryEpochSec: 0}f4a04b10-217f-404d-90c0-0144621113a2{ip: 10.1.0.67, host: fv-az294-535.eaanfquahm5ulb5tj050gcxych.jx.internal.cloudapp.net, ports: [REPLICATION=35525, RATIS=40385, RATIS_ADMIN=40385, RATIS_SERVER=40385, STANDALONE=36291], networkLocation: /default-rack, certSerialId: null, persistedOpState: IN_SERVICE, persistedOpStateExpiryEpochSec: 0}ab751306-1b7d-4a09-8e2d-d0e9ffa10842{ip: 10.1.0.67, host: fv-az294-535.eaanfquahm5ulb5tj050gcxych.jx.internal.cloudapp.net, ports: [REPLICATION=35605, RATIS=40499, RATIS_ADMIN=40499, RATIS_SERVER=40499, STANDALONE=37519], networkLocation: /default-rack, certSerialId: null, persistedOpState: IN_SERVICE, persistedOpStateExpiryEpochSec: 0}, ReplicationConfig: RATIS/THREE, State:ALLOCATED, leaderId:, CreationTimestamp2021-11-29T08:36:18.093Z[Etc/UTC]].
2021-11-29 08:36:18,801 [ReplicationMonitor] INFO  container.ReplicationManager (ReplicationManager.java:processAll(371)) - Replication Monitor Thread took 0 milliseconds for processing 0 containers.
2021-11-29 08:36:19,083 [Listener at 127.0.0.1/45237] INFO  ozone.MiniOzoneClusterImpl (MiniOzoneClusterImpl.java:lambda$waitForClusterToBeReady$0(235)) - Nodes are ready. Got 6 of 6 DN Heartbeats.
2021-11-29 08:36:19,084 [Listener at 127.0.0.1/45237] INFO  ozone.MiniOzoneClusterImpl (MiniOzoneClusterImpl.java:lambda$waitForClusterToBeReady$0(238)) - Waiting for cluster to exit safe mode
2021-11-29 08:36:19,084 [Listener at 127.0.0.1/45237] INFO  ozone.MiniOzoneClusterImpl (MiniOzoneClusterImpl.java:lambda$waitForClusterToBeReady$0(240)) - SCM became leader
2021-11-29 08:36:19,697 [Command processor thread] INFO  server.RaftServer (RaftServerProxy.java:addNew(95)) - f37cff1b-38c0-4a70-af4a-cd1c41c703b6: addNew group-D42E3FEAAFC0:[f37cff1b-38c0-4a70-af4a-cd1c41c703b6|rpc:10.1.0.67:40907|priority:1] returns group-D42E3FEAAFC0:java.util.concurrent.CompletableFuture@4215b295[Not completed]
2021-11-29 08:36:19,708 [pool-55-thread-1] INFO  server.RaftServer$Division (RaftServerImpl.java:<init>(184)) - f37cff1b-38c0-4a70-af4a-cd1c41c703b6: new RaftServerImpl for group-D42E3FEAAFC0:[f37cff1b-38c0-4a70-af4a-cd1c41c703b6|rpc:10.1.0.67:40907|priority:1] with ContainerStateMachine:uninitialized
2021-11-29 08:36:19,709 [pool-55-thread-1] INFO  server.RaftServerConfigKeys (ConfUtils.java:logGet(44)) - raft.server.rpc.timeout.min = 5s (custom)
2021-11-29 08:36:19,709 [pool-55-thread-1] INFO  server.RaftServerConfigKeys (ConfUtils.java:logGet(44)) - raft.server.rpc.timeout.max = 5200ms (custom)
2021-11-29 08:36:19,709 [pool-55-thread-1] INFO  server.RaftServerConfigKeys (ConfUtils.java:logGet(44)) - raft.server.rpc.sleep.time = 25ms (default)
2021-11-29 08:36:19,709 [pool-55-thread-1] INFO  server.RaftServerConfigKeys (ConfUtils.java:logGet(44)) - raft.server.rpc.slowness.timeout = 300s (custom)
2021-11-29 08:36:19,710 [pool-55-thread-1] INFO  server.RaftServerConfigKeys (ConfUtils.java:logGet(44)) - raft.server.leaderelection.leader.step-down.wait-time = 10s (default)
2021-11-29 08:36:19,710 [pool-55-thread-1] INFO  server.RaftServerConfigKeys (ConfUtils.java:logGet(44)) - raft.server.sleep.deviation.threshold = 300ms (default)
2021-11-29 08:36:19,710 [pool-55-thread-1] INFO  server.RaftServerConfigKeys (ConfUtils.java:logGet(44)) - raft.server.log.appender.install.snapshot.enabled = false (custom)
2021-11-29 08:36:19,710 [pool-55-thread-1] INFO  server.RaftServer$Division (ServerState.java:<init>(105)) - f37cff1b-38c0-4a70-af4a-cd1c41c703b6@group-D42E3FEAAFC0: ConfigurationManager, init=-1: [f37cff1b-38c0-4a70-af4a-cd1c41c703b6|rpc:10.1.0.67:40907|priority:1], old=null, confs=<EMPTY_MAP>
2021-11-29 08:36:19,710 [pool-55-thread-1] INFO  server.RaftServerConfigKeys (ConfUtils.java:logGet(44)) - raft.server.storage.dir = [/home/runner/work/ozone/ozone/hadoop-ozone/integration-test/target/test-dir/MiniOzoneClusterImpl-3d114d2a-f85f-45ce-9fd0-840e2dc708c7/datanode-0/data/ratis] (custom)
2021-11-29 08:36:19,710 [pool-55-thread-1] INFO  server.RaftServerConfigKeys (ConfUtils.java:logGet(44)) - raft.server.log.corruption.policy = EXCEPTION (default)
2021-11-29 08:36:19,710 [pool-55-thread-1] INFO  server.RaftServerConfigKeys (ConfUtils.java:logGet(44)) - raft.server.storage.free-space.min = 0MB (=0) (default)
2021-11-29 08:36:19,711 [pool-55-thread-1] INFO  storage.RaftStorageDirectory (RaftStorageDirectoryImpl.java:analyzeStorage(135)) - The storage directory /home/runner/work/ozone/ozone/hadoop-ozone/integration-test/target/test-dir/MiniOzoneClusterImpl-3d114d2a-f85f-45ce-9fd0-840e2dc708c7/datanode-0/data/ratis/f32656c2-cb13-49b6-b982-d42e3feaafc0 does not exist. Creating ...
2021-11-29 08:36:19,713 [pool-55-thread-1] INFO  storage.RaftStorageDirectory (RaftStorageDirectoryImpl.java:tryLock(230)) - Lock on /home/runner/work/ozone/ozone/hadoop-ozone/integration-test/target/test-dir/MiniOzoneClusterImpl-3d114d2a-f85f-45ce-9fd0-840e2dc708c7/datanode-0/data/ratis/f32656c2-cb13-49b6-b982-d42e3feaafc0/in_use.lock acquired by nodename 398@fv-az294-535
2021-11-29 08:36:19,714 [pool-55-thread-1] INFO  storage.RaftStorage (RaftStorageImpl.java:format(89)) - Storage directory /home/runner/work/ozone/ozone/hadoop-ozone/integration-test/target/test-dir/MiniOzoneClusterImpl-3d114d2a-f85f-45ce-9fd0-840e2dc708c7/datanode-0/data/ratis/f32656c2-cb13-49b6-b982-d42e3feaafc0 has been successfully formatted.
2021-11-29 08:36:19,716 [pool-55-thread-1] INFO  ratis.ContainerStateMachine (ContainerStateMachine.java:loadSnapshot(224)) - group-D42E3FEAAFC0: The snapshot info is null. Setting the last applied indexto:(t:0, i:~)
2021-11-29 08:36:19,720 [pool-55-thread-1] INFO  server.RaftServerConfigKeys (ConfUtils.java:logGet(44)) - raft.server.notification.no-leader.timeout = 300s (custom)
2021-11-29 08:36:19,720 [pool-55-thread-1] INFO  server.RaftServerConfigKeys (ConfUtils.java:logGet(44)) - raft.server.log.use.memory = false (default)
2021-11-29 08:36:19,720 [pool-55-thread-1] INFO  server.RaftServerConfigKeys (ConfUtils.java:logGet(44)) - raft.server.log.purge.gap = 1000000 (custom)
2021-11-29 08:36:19,720 [pool-55-thread-1] INFO  server.RaftServerConfigKeys (ConfUtils.java:logGet(44)) - raft.server.log.appender.buffer.byte-limit = 33554432 (custom)
2021-11-29 08:36:19,720 [pool-55-thread-1] INFO  server.RaftServerConfigKeys (ConfUtils.java:logGet(44)) - raft.server.log.segment.size.max = 1048576 (custom)
2021-11-29 08:36:19,721 [pool-55-thread-1] INFO  server.RaftServerConfigKeys (ConfUtils.java:logGet(44)) - raft.server.log.segment.cache.num.max = 2 (custom)
2021-11-29 08:36:19,721 [pool-55-thread-1] INFO  server.RaftServerConfigKeys (ConfUtils.java:logGet(44)) - raft.server.log.segment.cache.size.max = 200MB (=209715200) (default)
2021-11-29 08:36:19,721 [pool-55-thread-1] INFO  segmented.SegmentedRaftLogWorker (SegmentedRaftLogWorker.java:<init>(182)) - new f37cff1b-38c0-4a70-af4a-cd1c41c703b6@group-D42E3FEAAFC0-SegmentedRaftLogWorker for RaftStorageImpl:Storage Directory /home/runner/work/ozone/ozone/hadoop-ozone/integration-test/target/test-dir/MiniOzoneClusterImpl-3d114d2a-f85f-45ce-9fd0-840e2dc708c7/datanode-0/data/ratis/f32656c2-cb13-49b6-b982-d42e3feaafc0
2021-11-29 08:36:19,721 [pool-55-thread-1] INFO  server.RaftServerConfigKeys (ConfUtils.java:logGet(44)) - raft.server.log.queue.byte-limit = 2147483647 (custom)
2021-11-29 08:36:19,721 [pool-55-thread-1] INFO  server.RaftServerConfigKeys (ConfUtils.java:logGet(44)) - raft.server.log.queue.element-limit = 1024 (custom)
2021-11-29 08:36:19,721 [pool-55-thread-1] INFO  server.RaftServerConfigKeys (ConfUtils.java:logGet(44)) - raft.server.log.segment.size.max = 1048576 (custom)
2021-11-29 08:36:19,721 [pool-55-thread-1] INFO  server.RaftServerConfigKeys (ConfUtils.java:logGet(44)) - raft.server.log.preallocated.size = 16384 (custom)
2021-11-29 08:36:19,721 [pool-55-thread-1] INFO  server.RaftServerConfigKeys (ConfUtils.java:logGet(44)) - raft.server.log.force.sync.num = 128 (default)
2021-11-29 08:36:19,721 [pool-55-thread-1] INFO  server.RaftServerConfigKeys (ConfUtils.java:logGet(44)) - raft.server.log.statemachine.data.sync = true (default)
2021-11-29 08:36:19,721 [pool-55-thread-1] INFO  server.RaftServerConfigKeys (ConfUtils.java:logGet(44)) - raft.server.log.statemachine.data.sync.timeout = 10s (default)
2021-11-29 08:36:19,721 [pool-55-thread-1] INFO  server.RaftServerConfigKeys (ConfUtils.java:logGet(44)) - raft.server.log.statemachine.data.sync.timeout.retry = -1 (default)
2021-11-29 08:36:19,722 [EventQueue-PipelineReportForPipelineReportHandler] INFO  pipeline.PipelineManagerImpl (PipelineManagerImpl.java:openPipeline(289)) - Pipeline Pipeline[ Id: f32656c2-cb13-49b6-b982-d42e3feaafc0, Nodes: f37cff1b-38c0-4a70-af4a-cd1c41c703b6{ip: 10.1.0.67, host: fv-az294-535.eaanfquahm5ulb5tj050gcxych.jx.internal.cloudapp.net, ports: [REPLICATION=37085, RATIS=40907, RATIS_ADMIN=40907, RATIS_SERVER=40907, STANDALONE=46669], networkLocation: /default-rack, certSerialId: null, persistedOpState: IN_SERVICE, persistedOpStateExpiryEpochSec: 0}, ReplicationConfig: RATIS/ONE, State:ALLOCATED, leaderId:f37cff1b-38c0-4a70-af4a-cd1c41c703b6, CreationTimestamp2021-11-29T08:36:16.711Z[Etc/UTC]] moved to OPEN state
2021-11-29 08:36:19,733 [pool-55-thread-1] INFO  server.RaftServerConfigKeys (ConfUtils.java:logGet(44)) - raft.server.log.write.buffer.size = 1048576 (custom)
2021-11-29 08:36:19,734 [pool-55-thread-1] INFO  server.RaftServerConfigKeys (ConfUtils.java:logGet(44)) - raft.server.log.statemachine.data.caching.enabled = true (custom)
2021-11-29 08:36:19,734 [pool-55-thread-1] INFO  segmented.SegmentedRaftLogWorker (SegmentedRaftLogWorker.java:lambda$new$0(133)) - f37cff1b-38c0-4a70-af4a-cd1c41c703b6@group-D42E3FEAAFC0-SegmentedRaftLogWorker: flushIndex: setUnconditionally 0 -> -1
2021-11-29 08:36:19,734 [pool-55-thread-1] INFO  segmented.SegmentedRaftLogWorker (SegmentedRaftLogWorker.java:lambda$new$0(133)) - f37cff1b-38c0-4a70-af4a-cd1c41c703b6@group-D42E3FEAAFC0-SegmentedRaftLogWorker: safeCacheEvictIndex: setUnconditionally 0 -> -1
2021-11-29 08:36:19,735 [pool-55-thread-1] INFO  server.RaftServerConfigKeys (ConfUtils.java:logGet(44)) - raft.server.snapshot.auto.trigger.enabled = true (custom)
2021-11-29 08:36:19,735 [pool-55-thread-1] INFO  server.RaftServerConfigKeys (ConfUtils.java:logGet(44)) - raft.server.snapshot.auto.trigger.threshold = 10000 (custom)
2021-11-29 08:36:19,735 [pool-55-thread-1] INFO  server.RaftServerConfigKeys (ConfUtils.java:logGet(44)) - raft.server.snapshot.retention.file.num = 5 (custom)
2021-11-29 08:36:19,735 [pool-55-thread-1] INFO  server.RaftServerConfigKeys (ConfUtils.java:logGet(44)) - raft.server.log.purge.upto.snapshot.index = false (default)
2021-11-29 08:36:19,735 [pool-55-thread-1] INFO  server.RaftServerConfigKeys (ConfUtils.java:logGet(44)) - raft.server.retrycache.expirytime = 600000ms (custom)
2021-11-29 08:36:19,735 [pool-55-thread-1] INFO  server.RaftServerConfigKeys (ConfUtils.java:logGet(44)) - raft.server.retrycache.statistics.expirytime = 100μs (default)
2021-11-29 08:36:19,737 [EventQueue-OpenPipelineForHealthyPipelineSafeModeRule] INFO  safemode.SCMSafeModeManager (HealthyPipelineSafeModeRule.java:process(124)) - SCM in safe mode. Healthy pipelines reported count is 0, required healthy pipeline reported count is 1
2021-11-29 08:36:19,739 [pool-55-thread-1] INFO  server.RaftServer$Division (RaftServerImpl.java:start(301)) - f37cff1b-38c0-4a70-af4a-cd1c41c703b6@group-D42E3FEAAFC0: start as a follower, conf=-1: [f37cff1b-38c0-4a70-af4a-cd1c41c703b6|rpc:10.1.0.67:40907|priority:1], old=null
2021-11-29 08:36:19,739 [pool-55-thread-1] INFO  server.RaftServer$Division (RaftServerImpl.java:setRole(290)) - f37cff1b-38c0-4a70-af4a-cd1c41c703b6@group-D42E3FEAAFC0: changes role from      null to FOLLOWER at term 0 for startAsFollower
2021-11-29 08:36:19,739 [pool-55-thread-1] INFO  impl.RoleInfo (RoleInfo.java:updateAndGet(130)) - f37cff1b-38c0-4a70-af4a-cd1c41c703b6: start f37cff1b-38c0-4a70-af4a-cd1c41c703b6@group-D42E3FEAAFC0-FollowerState
2021-11-29 08:36:19,745 [pool-55-thread-1] INFO  util.JmxRegister (JmxRegister.java:tryRegister(44)) - Successfully registered JMX Bean with object name Ratis:service=RaftServer,group=group-D42E3FEAAFC0,id=f37cff1b-38c0-4a70-af4a-cd1c41c703b6
2021-11-29 08:36:19,762 [Command processor thread] INFO  ratis.XceiverServerRatis (XceiverServerRatis.java:addGroup(768)) - Created group PipelineID=f32656c2-cb13-49b6-b982-d42e3feaafc0
2021-11-29 08:36:19,763 [Command processor thread] INFO  commandhandler.CreatePipelineCommandHandler (CreatePipelineCommandHandler.java:handle(106)) - Created Pipeline RATIS ONE PipelineID=f32656c2-cb13-49b6-b982-d42e3feaafc0.
2021-11-29 08:36:19,763 [Command processor thread] INFO  server.RaftServer (RaftServerProxy.java:addNew(95)) - f37cff1b-38c0-4a70-af4a-cd1c41c703b6: addNew group-14E19CF515AD:[83afdf48-275c-4aa7-9b86-71b323741a7e|rpc:10.1.0.67:36653|priority:0, f37cff1b-38c0-4a70-af4a-cd1c41c703b6|rpc:10.1.0.67:40907|priority:1, 04f8ee08-a2ad-484b-9e4f-8959f0ebf609|rpc:10.1.0.67:45751|priority:0] returns group-14E19CF515AD:java.util.concurrent.CompletableFuture@59db3b76[Not completed]
2021-11-29 08:36:19,764 [pool-55-thread-1] INFO  server.RaftServer$Division (RaftServerImpl.java:<init>(184)) - f37cff1b-38c0-4a70-af4a-cd1c41c703b6: new RaftServerImpl for group-14E19CF515AD:[83afdf48-275c-4aa7-9b86-71b323741a7e|rpc:10.1.0.67:36653|priority:0, f37cff1b-38c0-4a70-af4a-cd1c41c703b6|rpc:10.1.0.67:40907|priority:1, 04f8ee08-a2ad-484b-9e4f-8959f0ebf609|rpc:10.1.0.67:45751|priority:0] with ContainerStateMachine:uninitialized
2021-11-29 08:36:19,764 [pool-55-thread-1] INFO  server.RaftServerConfigKeys (ConfUtils.java:logGet(44)) - raft.server.rpc.timeout.min = 5s (custom)
2021-11-29 08:36:19,764 [pool-55-thread-1] INFO  server.RaftServerConfigKeys (ConfUtils.java:logGet(44)) - raft.server.rpc.timeout.max = 5200ms (custom)
2021-11-29 08:36:19,765 [pool-55-thread-1] INFO  server.RaftServerConfigKeys (ConfUtils.java:logGet(44)) - raft.server.rpc.sleep.time = 25ms (default)
2021-11-29 08:36:19,765 [pool-55-thread-1] INFO  server.RaftServerConfigKeys (ConfUtils.java:logGet(44)) - raft.server.rpc.slowness.timeout = 300s (custom)
2021-11-29 08:36:19,765 [pool-55-thread-1] INFO  server.RaftServerConfigKeys (ConfUtils.java:logGet(44)) - raft.server.leaderelection.leader.step-down.wait-time = 10s (default)
2021-11-29 08:36:19,765 [pool-55-thread-1] INFO  server.RaftServerConfigKeys (ConfUtils.java:logGet(44)) - raft.server.sleep.deviation.threshold = 300ms (default)
2021-11-29 08:36:19,765 [pool-55-thread-1] INFO  server.RaftServerConfigKeys (ConfUtils.java:logGet(44)) - raft.server.log.appender.install.snapshot.enabled = false (custom)
2021-11-29 08:36:19,765 [pool-55-thread-1] INFO  server.RaftServer$Division (ServerState.java:<init>(105)) - f37cff1b-38c0-4a70-af4a-cd1c41c703b6@group-14E19CF515AD: ConfigurationManager, init=-1: [83afdf48-275c-4aa7-9b86-71b323741a7e|rpc:10.1.0.67:36653|priority:0, f37cff1b-38c0-4a70-af4a-cd1c41c703b6|rpc:10.1.0.67:40907|priority:1, 04f8ee08-a2ad-484b-9e4f-8959f0ebf609|rpc:10.1.0.67:45751|priority:0], old=null, confs=<EMPTY_MAP>
2021-11-29 08:36:19,772 [pool-55-thread-1] INFO  server.RaftServerConfigKeys (ConfUtils.java:logGet(44)) - raft.server.storage.dir = [/home/runner/work/ozone/ozone/hadoop-ozone/integration-test/target/test-dir/MiniOzoneClusterImpl-3d114d2a-f85f-45ce-9fd0-840e2dc708c7/datanode-0/data/ratis] (custom)
2021-11-29 08:36:19,772 [pool-55-thread-1] INFO  server.RaftServerConfigKeys (ConfUtils.java:logGet(44)) - raft.server.log.corruption.policy = EXCEPTION (default)
2021-11-29 08:36:19,772 [pool-55-thread-1] INFO  server.RaftServerConfigKeys (ConfUtils.java:logGet(44)) - raft.server.storage.free-space.min = 0MB (=0) (default)
2021-11-29 08:36:19,772 [pool-55-thread-1] INFO  storage.RaftStorageDirectory (RaftStorageDirectoryImpl.java:analyzeStorage(135)) - The storage directory /home/runner/work/ozone/ozone/hadoop-ozone/integration-test/target/test-dir/MiniOzoneClusterImpl-3d114d2a-f85f-45ce-9fd0-840e2dc708c7/datanode-0/data/ratis/7bfd396b-b013-48a3-9028-14e19cf515ad does not exist. Creating ...
2021-11-29 08:36:19,773 [pool-55-thread-1] INFO  storage.RaftStorageDirectory (RaftStorageDirectoryImpl.java:tryLock(230)) - Lock on /home/runner/work/ozone/ozone/hadoop-ozone/integration-test/target/test-dir/MiniOzoneClusterImpl-3d114d2a-f85f-45ce-9fd0-840e2dc708c7/datanode-0/data/ratis/7bfd396b-b013-48a3-9028-14e19cf515ad/in_use.lock acquired by nodename 398@fv-az294-535
2021-11-29 08:36:19,774 [pool-55-thread-1] INFO  storage.RaftStorage (RaftStorageImpl.java:format(89)) - Storage directory /home/runner/work/ozone/ozone/hadoop-ozone/integration-test/target/test-dir/MiniOzoneClusterImpl-3d114d2a-f85f-45ce-9fd0-840e2dc708c7/datanode-0/data/ratis/7bfd396b-b013-48a3-9028-14e19cf515ad has been successfully formatted.
2021-11-29 08:36:19,775 [pool-55-thread-1] INFO  ratis.ContainerStateMachine (ContainerStateMachine.java:loadSnapshot(224)) - group-14E19CF515AD: The snapshot info is null. Setting the last applied indexto:(t:0, i:~)
2021-11-29 08:36:19,775 [pool-55-thread-1] INFO  server.RaftServerConfigKeys (ConfUtils.java:logGet(44)) - raft.server.notification.no-leader.timeout = 300s (custom)
2021-11-29 08:36:19,775 [pool-55-thread-1] INFO  server.RaftServerConfigKeys (ConfUtils.java:logGet(44)) - raft.server.log.use.memory = false (default)
2021-11-29 08:36:19,775 [pool-55-thread-1] INFO  server.RaftServerConfigKeys (ConfUtils.java:logGet(44)) - raft.server.log.purge.gap = 1000000 (custom)
2021-11-29 08:36:19,775 [pool-55-thread-1] INFO  server.RaftServerConfigKeys (ConfUtils.java:logGet(44)) - raft.server.log.appender.buffer.byte-limit = 33554432 (custom)
2021-11-29 08:36:19,776 [pool-55-thread-1] INFO  server.RaftServerConfigKeys (ConfUtils.java:logGet(44)) - raft.server.log.segment.size.max = 1048576 (custom)
2021-11-29 08:36:19,777 [EventQueue-OpenPipelineForHealthyPipelineSafeModeRule] INFO  safemode.SCMSafeModeManager (HealthyPipelineSafeModeRule.java:process(124)) - SCM in safe mode. Healthy pipelines reported count is 0, required healthy pipeline reported count is 1
2021-11-29 08:36:19,777 [pool-55-thread-1] INFO  server.RaftServerConfigKeys (ConfUtils.java:logGet(44)) - raft.server.log.segment.cache.num.max = 2 (custom)
2021-11-29 08:36:19,777 [pool-55-thread-1] INFO  server.RaftServerConfigKeys (ConfUtils.java:logGet(44)) - raft.server.log.segment.cache.size.max = 200MB (=209715200) (default)
2021-11-29 08:36:19,777 [pool-55-thread-1] INFO  segmented.SegmentedRaftLogWorker (SegmentedRaftLogWorker.java:<init>(182)) - new f37cff1b-38c0-4a70-af4a-cd1c41c703b6@group-14E19CF515AD-SegmentedRaftLogWorker for RaftStorageImpl:Storage Directory /home/runner/work/ozone/ozone/hadoop-ozone/integration-test/target/test-dir/MiniOzoneClusterImpl-3d114d2a-f85f-45ce-9fd0-840e2dc708c7/datanode-0/data/ratis/7bfd396b-b013-48a3-9028-14e19cf515ad
2021-11-29 08:36:19,777 [pool-55-thread-1] INFO  server.RaftServerConfigKeys (ConfUtils.java:logGet(44)) - raft.server.log.queue.byte-limit = 2147483647 (custom)
2021-11-29 08:36:19,778 [pool-55-thread-1] INFO  server.RaftServerConfigKeys (ConfUtils.java:logGet(44)) - raft.server.log.queue.element-limit = 1024 (custom)
2021-11-29 08:36:19,778 [pool-55-thread-1] INFO  server.RaftServerConfigKeys (ConfUtils.java:logGet(44)) - raft.server.log.segment.size.max = 1048576 (custom)
2021-11-29 08:36:19,778 [pool-55-thread-1] INFO  server.RaftServerConfigKeys (ConfUtils.java:logGet(44)) - raft.server.log.preallocated.size = 16384 (custom)
2021-11-29 08:36:19,778 [pool-55-thread-1] INFO  server.RaftServerConfigKeys (ConfUtils.java:logGet(44)) - raft.server.log.force.sync.num = 128 (default)
2021-11-29 08:36:19,778 [pool-55-thread-1] INFO  server.RaftServerConfigKeys (ConfUtils.java:logGet(44)) - raft.server.log.statemachine.data.sync = true (default)
2021-11-29 08:36:19,778 [pool-55-thread-1] INFO  server.RaftServerConfigKeys (ConfUtils.java:logGet(44)) - raft.server.log.statemachine.data.sync.timeout = 10s (default)
2021-11-29 08:36:19,778 [pool-55-thread-1] INFO  server.RaftServerConfigKeys (ConfUtils.java:logGet(44)) - raft.server.log.statemachine.data.sync.timeout.retry = -1 (default)
2021-11-29 08:36:19,786 [pool-55-thread-1] INFO  server.RaftServerConfigKeys (ConfUtils.java:logGet(44)) - raft.server.log.write.buffer.size = 1048576 (custom)
2021-11-29 08:36:19,787 [pool-55-thread-1] INFO  server.RaftServerConfigKeys (ConfUtils.java:logGet(44)) - raft.server.log.statemachine.data.caching.enabled = true (custom)
2021-11-29 08:36:19,787 [pool-55-thread-1] INFO  segmented.SegmentedRaftLogWorker (SegmentedRaftLogWorker.java:lambda$new$0(133)) - f37cff1b-38c0-4a70-af4a-cd1c41c703b6@group-14E19CF515AD-SegmentedRaftLogWorker: flushIndex: setUnconditionally 0 -> -1
2021-11-29 08:36:19,788 [pool-55-thread-1] INFO  segmented.SegmentedRaftLogWorker (SegmentedRaftLogWorker.java:lambda$new$0(133)) - f37cff1b-38c0-4a70-af4a-cd1c41c703b6@group-14E19CF515AD-SegmentedRaftLogWorker: safeCacheEvictIndex: setUnconditionally 0 -> -1
2021-11-29 08:36:19,788 [pool-55-thread-1] INFO  server.RaftServerConfigKeys (ConfUtils.java:logGet(44)) - raft.server.snapshot.auto.trigger.enabled = true (custom)
2021-11-29 08:36:19,788 [pool-55-thread-1] INFO  server.RaftServerConfigKeys (ConfUtils.java:logGet(44)) - raft.server.snapshot.auto.trigger.threshold = 10000 (custom)
2021-11-29 08:36:19,788 [pool-55-thread-1] INFO  server.RaftServerConfigKeys (ConfUtils.java:logGet(44)) - raft.server.snapshot.retention.file.num = 5 (custom)
2021-11-29 08:36:19,788 [pool-55-thread-1] INFO  server.RaftServerConfigKeys (ConfUtils.java:logGet(44)) - raft.server.log.purge.upto.snapshot.index = false (default)
2021-11-29 08:36:19,789 [pool-55-thread-1] INFO  server.RaftServerConfigKeys (ConfUtils.java:logGet(44)) - raft.server.retrycache.expirytime = 600000ms (custom)
2021-11-29 08:36:19,789 [pool-55-thread-1] INFO  server.RaftServerConfigKeys (ConfUtils.java:logGet(44)) - raft.server.retrycache.statistics.expirytime = 100μs (default)
2021-11-29 08:36:19,791 [pool-55-thread-1] INFO  server.RaftServer$Division (RaftServerImpl.java:start(301)) - f37cff1b-38c0-4a70-af4a-cd1c41c703b6@group-14E19CF515AD: start as a follower, conf=-1: [83afdf48-275c-4aa7-9b86-71b323741a7e|rpc:10.1.0.67:36653|priority:0, f37cff1b-38c0-4a70-af4a-cd1c41c703b6|rpc:10.1.0.67:40907|priority:1, 04f8ee08-a2ad-484b-9e4f-8959f0ebf609|rpc:10.1.0.67:45751|priority:0], old=null
2021-11-29 08:36:19,791 [pool-55-thread-1] INFO  server.RaftServer$Division (RaftServerImpl.java:setRole(290)) - f37cff1b-38c0-4a70-af4a-cd1c41c703b6@group-14E19CF515AD: changes role from      null to FOLLOWER at term 0 for startAsFollower
2021-11-29 08:36:19,791 [pool-55-thread-1] INFO  impl.RoleInfo (RoleInfo.java:updateAndGet(130)) - f37cff1b-38c0-4a70-af4a-cd1c41c703b6: start f37cff1b-38c0-4a70-af4a-cd1c41c703b6@group-14E19CF515AD-FollowerState
2021-11-29 08:36:19,791 [pool-55-thread-1] INFO  util.JmxRegister (JmxRegister.java:tryRegister(44)) - Successfully registered JMX Bean with object name Ratis:service=RaftServer,group=group-14E19CF515AD,id=f37cff1b-38c0-4a70-af4a-cd1c41c703b6
2021-11-29 08:36:19,793 [Command processor thread] INFO  ratis.XceiverServerRatis (XceiverServerRatis.java:addGroup(768)) - Created group PipelineID=7bfd396b-b013-48a3-9028-14e19cf515ad
2021-11-29 08:36:19,802 [ReplicationMonitor] INFO  container.ReplicationManager (ReplicationManager.java:processAll(371)) - Replication Monitor Thread took 0 milliseconds for processing 0 containers.
2021-11-29 08:36:20,084 [Listener at 127.0.0.1/45237] INFO  ozone.MiniOzoneClusterImpl (MiniOzoneClusterImpl.java:lambda$waitForClusterToBeReady$0(235)) - Nodes are ready. Got 6 of 6 DN Heartbeats.
2021-11-29 08:36:20,085 [Listener at 127.0.0.1/45237] INFO  ozone.MiniOzoneClusterImpl (MiniOzoneClusterImpl.java:lambda$waitForClusterToBeReady$0(238)) - Waiting for cluster to exit safe mode
2021-11-29 08:36:20,085 [Listener at 127.0.0.1/45237] INFO  ozone.MiniOzoneClusterImpl (MiniOzoneClusterImpl.java:lambda$waitForClusterToBeReady$0(240)) - SCM became leader
2021-11-29 08:36:20,218 [Command processor thread] INFO  server.RaftServer (RaftServerProxy.java:addNew(95)) - 04f8ee08-a2ad-484b-9e4f-8959f0ebf609: addNew group-92A7BE4CF438:[04f8ee08-a2ad-484b-9e4f-8959f0ebf609|rpc:10.1.0.67:45751|priority:1] returns group-92A7BE4CF438:java.util.concurrent.CompletableFuture@4e75ac79[Not completed]
2021-11-29 08:36:20,221 [pool-74-thread-1] INFO  server.RaftServer$Division (RaftServerImpl.java:<init>(184)) - 04f8ee08-a2ad-484b-9e4f-8959f0ebf609: new RaftServerImpl for group-92A7BE4CF438:[04f8ee08-a2ad-484b-9e4f-8959f0ebf609|rpc:10.1.0.67:45751|priority:1] with ContainerStateMachine:uninitialized
2021-11-29 08:36:20,225 [pool-74-thread-1] INFO  server.RaftServerConfigKeys (ConfUtils.java:logGet(44)) - raft.server.rpc.timeout.min = 5s (custom)
2021-11-29 08:36:20,225 [pool-74-thread-1] INFO  server.RaftServerConfigKeys (ConfUtils.java:logGet(44)) - raft.server.rpc.timeout.max = 5200ms (custom)
2021-11-29 08:36:20,225 [pool-74-thread-1] INFO  server.RaftServerConfigKeys (ConfUtils.java:logGet(44)) - raft.server.rpc.sleep.time = 25ms (default)
2021-11-29 08:36:20,226 [pool-74-thread-1] INFO  server.RaftServerConfigKeys (ConfUtils.java:logGet(44)) - raft.server.rpc.slowness.timeout = 300s (custom)
2021-11-29 08:36:20,226 [pool-74-thread-1] INFO  server.RaftServerConfigKeys (ConfUtils.java:logGet(44)) - raft.server.leaderelection.leader.step-down.wait-time = 10s (default)
2021-11-29 08:36:20,226 [pool-74-thread-1] INFO  server.RaftServerConfigKeys (ConfUtils.java:logGet(44)) - raft.server.sleep.deviation.threshold = 300ms (default)
2021-11-29 08:36:20,226 [pool-74-thread-1] INFO  server.RaftServerConfigKeys (ConfUtils.java:logGet(44)) - raft.server.log.appender.install.snapshot.enabled = false (custom)
2021-11-29 08:36:20,226 [pool-74-thread-1] INFO  server.RaftServer$Division (ServerState.java:<init>(105)) - 04f8ee08-a2ad-484b-9e4f-8959f0ebf609@group-92A7BE4CF438: ConfigurationManager, init=-1: [04f8ee08-a2ad-484b-9e4f-8959f0ebf609|rpc:10.1.0.67:45751|priority:1], old=null, confs=<EMPTY_MAP>
2021-11-29 08:36:20,226 [pool-74-thread-1] INFO  server.RaftServerConfigKeys (ConfUtils.java:logGet(44)) - raft.server.storage.dir = [/home/runner/work/ozone/ozone/hadoop-ozone/integration-test/target/test-dir/MiniOzoneClusterImpl-3d114d2a-f85f-45ce-9fd0-840e2dc708c7/datanode-1/data/ratis] (custom)
2021-11-29 08:36:20,226 [pool-74-thread-1] INFO  server.RaftServerConfigKeys (ConfUtils.java:logGet(44)) - raft.server.log.corruption.policy = EXCEPTION (default)
2021-11-29 08:36:20,226 [pool-74-thread-1] INFO  server.RaftServerConfigKeys (ConfUtils.java:logGet(44)) - raft.server.storage.free-space.min = 0MB (=0) (default)
2021-11-29 08:36:20,228 [pool-74-thread-1] INFO  storage.RaftStorageDirectory (RaftStorageDirectoryImpl.java:analyzeStorage(135)) - The storage directory /home/runner/work/ozone/ozone/hadoop-ozone/integration-test/target/test-dir/MiniOzoneClusterImpl-3d114d2a-f85f-45ce-9fd0-840e2dc708c7/datanode-1/data/ratis/8fa509ea-e364-4535-87f8-92a7be4cf438 does not exist. Creating ...
2021-11-29 08:36:20,229 [pool-74-thread-1] INFO  storage.RaftStorageDirectory (RaftStorageDirectoryImpl.java:tryLock(230)) - Lock on /home/runner/work/ozone/ozone/hadoop-ozone/integration-test/target/test-dir/MiniOzoneClusterImpl-3d114d2a-f85f-45ce-9fd0-840e2dc708c7/datanode-1/data/ratis/8fa509ea-e364-4535-87f8-92a7be4cf438/in_use.lock acquired by nodename 398@fv-az294-535
2021-11-29 08:36:20,230 [pool-74-thread-1] INFO  storage.RaftStorage (RaftStorageImpl.java:format(89)) - Storage directory /home/runner/work/ozone/ozone/hadoop-ozone/integration-test/target/test-dir/MiniOzoneClusterImpl-3d114d2a-f85f-45ce-9fd0-840e2dc708c7/datanode-1/data/ratis/8fa509ea-e364-4535-87f8-92a7be4cf438 has been successfully formatted.
2021-11-29 08:36:20,234 [pool-74-thread-1] INFO  ratis.ContainerStateMachine (ContainerStateMachine.java:loadSnapshot(224)) - group-92A7BE4CF438: The snapshot info is null. Setting the last applied indexto:(t:0, i:~)
2021-11-29 08:36:20,235 [pool-74-thread-1] INFO  server.RaftServerConfigKeys (ConfUtils.java:logGet(44)) - raft.server.notification.no-leader.timeout = 300s (custom)
2021-11-29 08:36:20,235 [pool-74-thread-1] INFO  server.RaftServerConfigKeys (ConfUtils.java:logGet(44)) - raft.server.log.use.memory = false (default)
2021-11-29 08:36:20,235 [pool-74-thread-1] INFO  server.RaftServerConfigKeys (ConfUtils.java:logGet(44)) - raft.server.log.purge.gap = 1000000 (custom)
2021-11-29 08:36:20,235 [pool-74-thread-1] INFO  server.RaftServerConfigKeys (ConfUtils.java:logGet(44)) - raft.server.log.appender.buffer.byte-limit = 33554432 (custom)
2021-11-29 08:36:20,235 [pool-74-thread-1] INFO  server.RaftServerConfigKeys (ConfUtils.java:logGet(44)) - raft.server.log.segment.size.max = 1048576 (custom)
2021-11-29 08:36:20,236 [pool-74-thread-1] INFO  server.RaftServerConfigKeys (ConfUtils.java:logGet(44)) - raft.server.log.segment.cache.num.max = 2 (custom)
2021-11-29 08:36:20,237 [pool-74-thread-1] INFO  server.RaftServerConfigKeys (ConfUtils.java:logGet(44)) - raft.server.log.segment.cache.size.max = 200MB (=209715200) (default)
2021-11-29 08:36:20,237 [pool-74-thread-1] INFO  segmented.SegmentedRaftLogWorker (SegmentedRaftLogWorker.java:<init>(182)) - new 04f8ee08-a2ad-484b-9e4f-8959f0ebf609@group-92A7BE4CF438-SegmentedRaftLogWorker for RaftStorageImpl:Storage Directory /home/runner/work/ozone/ozone/hadoop-ozone/integration-test/target/test-dir/MiniOzoneClusterImpl-3d114d2a-f85f-45ce-9fd0-840e2dc708c7/datanode-1/data/ratis/8fa509ea-e364-4535-87f8-92a7be4cf438
2021-11-29 08:36:20,237 [pool-74-thread-1] INFO  server.RaftServerConfigKeys (ConfUtils.java:logGet(44)) - raft.server.log.queue.byte-limit = 2147483647 (custom)
2021-11-29 08:36:20,237 [pool-74-thread-1] INFO  server.RaftServerConfigKeys (ConfUtils.java:logGet(44)) - raft.server.log.queue.element-limit = 1024 (custom)
2021-11-29 08:36:20,237 [pool-74-thread-1] INFO  server.RaftServerConfigKeys (ConfUtils.java:logGet(44)) - raft.server.log.segment.size.max = 1048576 (custom)
2021-11-29 08:36:20,237 [pool-74-thread-1] INFO  server.RaftServerConfigKeys (ConfUtils.java:logGet(44)) - raft.server.log.preallocated.size = 16384 (custom)
2021-11-29 08:36:20,237 [pool-74-thread-1] INFO  server.RaftServerConfigKeys (ConfUtils.java:logGet(44)) - raft.server.log.force.sync.num = 128 (default)
2021-11-29 08:36:20,237 [pool-74-thread-1] INFO  server.RaftServerConfigKeys (ConfUtils.java:logGet(44)) - raft.server.log.statemachine.data.sync = true (default)
2021-11-29 08:36:20,238 [EventQueue-PipelineReportForPipelineReportHandler] INFO  pipeline.PipelineManagerImpl (PipelineManagerImpl.java:openPipeline(289)) - Pipeline Pipeline[ Id: 8fa509ea-e364-4535-87f8-92a7be4cf438, Nodes: 04f8ee08-a2ad-484b-9e4f-8959f0ebf609{ip: 10.1.0.67, host: fv-az294-535.eaanfquahm5ulb5tj050gcxych.jx.internal.cloudapp.net, ports: [REPLICATION=46107, RATIS=45751, RATIS_ADMIN=45751, RATIS_SERVER=45751, STANDALONE=33203], networkLocation: /default-rack, certSerialId: null, persistedOpState: IN_SERVICE, persistedOpStateExpiryEpochSec: 0}, ReplicationConfig: RATIS/ONE, State:ALLOCATED, leaderId:04f8ee08-a2ad-484b-9e4f-8959f0ebf609, CreationTimestamp2021-11-29T08:36:17.209Z[Etc/UTC]] moved to OPEN state
2021-11-29 08:36:20,238 [EventQueue-OpenPipelineForHealthyPipelineSafeModeRule] INFO  safemode.SCMSafeModeManager (HealthyPipelineSafeModeRule.java:process(124)) - SCM in safe mode. Healthy pipelines reported count is 0, required healthy pipeline reported count is 1
2021-11-29 08:36:20,238 [pool-74-thread-1] INFO  server.RaftServerConfigKeys (ConfUtils.java:logGet(44)) - raft.server.log.statemachine.data.sync.timeout = 10s (default)
2021-11-29 08:36:20,239 [pool-74-thread-1] INFO  server.RaftServerConfigKeys (ConfUtils.java:logGet(44)) - raft.server.log.statemachine.data.sync.timeout.retry = -1 (default)
2021-11-29 08:36:20,242 [pool-74-thread-1] INFO  server.RaftServerConfigKeys (ConfUtils.java:logGet(44)) - raft.server.log.write.buffer.size = 1048576 (custom)
2021-11-29 08:36:20,242 [pool-74-thread-1] INFO  server.RaftServerConfigKeys (ConfUtils.java:logGet(44)) - raft.server.log.statemachine.data.caching.enabled = true (custom)
2021-11-29 08:36:20,242 [pool-74-thread-1] INFO  segmented.SegmentedRaftLogWorker (SegmentedRaftLogWorker.java:lambda$new$0(133)) - 04f8ee08-a2ad-484b-9e4f-8959f0ebf609@group-92A7BE4CF438-SegmentedRaftLogWorker: flushIndex: setUnconditionally 0 -> -1
2021-11-29 08:36:20,242 [pool-74-thread-1] INFO  segmented.SegmentedRaftLogWorker (SegmentedRaftLogWorker.java:lambda$new$0(133)) - 04f8ee08-a2ad-484b-9e4f-8959f0ebf609@group-92A7BE4CF438-SegmentedRaftLogWorker: safeCacheEvictIndex: setUnconditionally 0 -> -1
2021-11-29 08:36:20,243 [pool-74-thread-1] INFO  server.RaftServerConfigKeys (ConfUtils.java:logGet(44)) - raft.server.snapshot.auto.trigger.enabled = true (custom)
2021-11-29 08:36:20,243 [pool-74-thread-1] INFO  server.RaftServerConfigKeys (ConfUtils.java:logGet(44)) - raft.server.snapshot.auto.trigger.threshold = 10000 (custom)
2021-11-29 08:36:20,243 [pool-74-thread-1] INFO  server.RaftServerConfigKeys (ConfUtils.java:logGet(44)) - raft.server.snapshot.retention.file.num = 5 (custom)
2021-11-29 08:36:20,243 [pool-74-thread-1] INFO  server.RaftServerConfigKeys (ConfUtils.java:logGet(44)) - raft.server.log.purge.upto.snapshot.index = false (default)
2021-11-29 08:36:20,243 [pool-74-thread-1] INFO  server.RaftServerConfigKeys (ConfUtils.java:logGet(44)) - raft.server.retrycache.expirytime = 600000ms (custom)
2021-11-29 08:36:20,243 [pool-74-thread-1] INFO  server.RaftServerConfigKeys (ConfUtils.java:logGet(44)) - raft.server.retrycache.statistics.expirytime = 100μs (default)
2021-11-29 08:36:20,245 [pool-74-thread-1] INFO  server.RaftServer$Division (RaftServerImpl.java:start(301)) - 04f8ee08-a2ad-484b-9e4f-8959f0ebf609@group-92A7BE4CF438: start as a follower, conf=-1: [04f8ee08-a2ad-484b-9e4f-8959f0ebf609|rpc:10.1.0.67:45751|priority:1], old=null
2021-11-29 08:36:20,246 [pool-74-thread-1] INFO  server.RaftServer$Division (RaftServerImpl.java:setRole(290)) - 04f8ee08-a2ad-484b-9e4f-8959f0ebf609@group-92A7BE4CF438: changes role from      null to FOLLOWER at term 0 for startAsFollower
2021-11-29 08:36:20,246 [pool-74-thread-1] INFO  impl.RoleInfo (RoleInfo.java:updateAndGet(130)) - 04f8ee08-a2ad-484b-9e4f-8959f0ebf609: start 04f8ee08-a2ad-484b-9e4f-8959f0ebf609@group-92A7BE4CF438-FollowerState
2021-11-29 08:36:20,250 [pool-74-thread-1] INFO  util.JmxRegister (JmxRegister.java:tryRegister(44)) - Successfully registered JMX Bean with object name Ratis:service=RaftServer,group=group-92A7BE4CF438,id=04f8ee08-a2ad-484b-9e4f-8959f0ebf609
2021-11-29 08:36:20,252 [Command processor thread] INFO  ratis.XceiverServerRatis (XceiverServerRatis.java:addGroup(768)) - Created group PipelineID=8fa509ea-e364-4535-87f8-92a7be4cf438
2021-11-29 08:36:20,252 [Command processor thread] INFO  commandhandler.CreatePipelineCommandHandler (CreatePipelineCommandHandler.java:handle(106)) - Created Pipeline RATIS ONE PipelineID=8fa509ea-e364-4535-87f8-92a7be4cf438.
2021-11-29 08:36:20,254 [Command processor thread] INFO  server.RaftServer (RaftServerProxy.java:addNew(95)) - 04f8ee08-a2ad-484b-9e4f-8959f0ebf609: addNew group-14E19CF515AD:[83afdf48-275c-4aa7-9b86-71b323741a7e|rpc:10.1.0.67:36653|priority:0, f37cff1b-38c0-4a70-af4a-cd1c41c703b6|rpc:10.1.0.67:40907|priority:1, 04f8ee08-a2ad-484b-9e4f-8959f0ebf609|rpc:10.1.0.67:45751|priority:0] returns group-14E19CF515AD:java.util.concurrent.CompletableFuture@4a4a316f[Not completed]
2021-11-29 08:36:20,255 [pool-74-thread-1] INFO  server.RaftServer$Division (RaftServerImpl.java:<init>(184)) - 04f8ee08-a2ad-484b-9e4f-8959f0ebf609: new RaftServerImpl for group-14E19CF515AD:[83afdf48-275c-4aa7-9b86-71b323741a7e|rpc:10.1.0.67:36653|priority:0, f37cff1b-38c0-4a70-af4a-cd1c41c703b6|rpc:10.1.0.67:40907|priority:1, 04f8ee08-a2ad-484b-9e4f-8959f0ebf609|rpc:10.1.0.67:45751|priority:0] with ContainerStateMachine:uninitialized
2021-11-29 08:36:20,255 [pool-74-thread-1] INFO  server.RaftServerConfigKeys (ConfUtils.java:logGet(44)) - raft.server.rpc.timeout.min = 5s (custom)
2021-11-29 08:36:20,255 [pool-74-thread-1] INFO  server.RaftServerConfigKeys (ConfUtils.java:logGet(44)) - raft.server.rpc.timeout.max = 5200ms (custom)
2021-11-29 08:36:20,255 [pool-74-thread-1] INFO  server.RaftServerConfigKeys (ConfUtils.java:logGet(44)) - raft.server.rpc.sleep.time = 25ms (default)
2021-11-29 08:36:20,255 [pool-74-thread-1] INFO  server.RaftServerConfigKeys (ConfUtils.java:logGet(44)) - raft.server.rpc.slowness.timeout = 300s (custom)
2021-11-29 08:36:20,255 [pool-74-thread-1] INFO  server.RaftServerConfigKeys (ConfUtils.java:logGet(44)) - raft.server.leaderelection.leader.step-down.wait-time = 10s (default)
2021-11-29 08:36:20,255 [pool-74-thread-1] INFO  server.RaftServerConfigKeys (ConfUtils.java:logGet(44)) - raft.server.sleep.deviation.threshold = 300ms (default)
2021-11-29 08:36:20,255 [pool-74-thread-1] INFO  server.RaftServerConfigKeys (ConfUtils.java:logGet(44)) - raft.server.log.appender.install.snapshot.enabled = false (custom)
2021-11-29 08:36:20,255 [pool-74-thread-1] INFO  server.RaftServer$Division (ServerState.java:<init>(105)) - 04f8ee08-a2ad-484b-9e4f-8959f0ebf609@group-14E19CF515AD: ConfigurationManager, init=-1: [83afdf48-275c-4aa7-9b86-71b323741a7e|rpc:10.1.0.67:36653|priority:0, f37cff1b-38c0-4a70-af4a-cd1c41c703b6|rpc:10.1.0.67:40907|priority:1, 04f8ee08-a2ad-484b-9e4f-8959f0ebf609|rpc:10.1.0.67:45751|priority:0], old=null, confs=<EMPTY_MAP>
2021-11-29 08:36:20,256 [pool-74-thread-1] INFO  server.RaftServerConfigKeys (ConfUtils.java:logGet(44)) - raft.server.storage.dir = [/home/runner/work/ozone/ozone/hadoop-ozone/integration-test/target/test-dir/MiniOzoneClusterImpl-3d114d2a-f85f-45ce-9fd0-840e2dc708c7/datanode-1/data/ratis] (custom)
2021-11-29 08:36:20,256 [pool-74-thread-1] INFO  server.RaftServerConfigKeys (ConfUtils.java:logGet(44)) - raft.server.log.corruption.policy = EXCEPTION (default)
2021-11-29 08:36:20,256 [pool-74-thread-1] INFO  server.RaftServerConfigKeys (ConfUtils.java:logGet(44)) - raft.server.storage.free-space.min = 0MB (=0) (default)
2021-11-29 08:36:20,256 [pool-74-thread-1] INFO  storage.RaftStorageDirectory (RaftStorageDirectoryImpl.java:analyzeStorage(135)) - The storage directory /home/runner/work/ozone/ozone/hadoop-ozone/integration-test/target/test-dir/MiniOzoneClusterImpl-3d114d2a-f85f-45ce-9fd0-840e2dc708c7/datanode-1/data/ratis/7bfd396b-b013-48a3-9028-14e19cf515ad does not exist. Creating ...
2021-11-29 08:36:20,258 [pool-74-thread-1] INFO  storage.RaftStorageDirectory (RaftStorageDirectoryImpl.java:tryLock(230)) - Lock on /home/runner/work/ozone/ozone/hadoop-ozone/integration-test/target/test-dir/MiniOzoneClusterImpl-3d114d2a-f85f-45ce-9fd0-840e2dc708c7/datanode-1/data/ratis/7bfd396b-b013-48a3-9028-14e19cf515ad/in_use.lock acquired by nodename 398@fv-az294-535
2021-11-29 08:36:20,260 [pool-74-thread-1] INFO  storage.RaftStorage (RaftStorageImpl.java:format(89)) - Storage directory /home/runner/work/ozone/ozone/hadoop-ozone/integration-test/target/test-dir/MiniOzoneClusterImpl-3d114d2a-f85f-45ce-9fd0-840e2dc708c7/datanode-1/data/ratis/7bfd396b-b013-48a3-9028-14e19cf515ad has been successfully formatted.
2021-11-29 08:36:20,260 [pool-74-thread-1] INFO  ratis.ContainerStateMachine (ContainerStateMachine.java:loadSnapshot(224)) - group-14E19CF515AD: The snapshot info is null. Setting the last applied indexto:(t:0, i:~)
2021-11-29 08:36:20,261 [pool-74-thread-1] INFO  server.RaftServerConfigKeys (ConfUtils.java:logGet(44)) - raft.server.notification.no-leader.timeout = 300s (custom)
2021-11-29 08:36:20,261 [pool-74-thread-1] INFO  server.RaftServerConfigKeys (ConfUtils.java:logGet(44)) - raft.server.log.use.memory = false (default)
2021-11-29 08:36:20,261 [pool-74-thread-1] INFO  server.RaftServerConfigKeys (ConfUtils.java:logGet(44)) - raft.server.log.purge.gap = 1000000 (custom)
2021-11-29 08:36:20,261 [pool-74-thread-1] INFO  server.RaftServerConfigKeys (ConfUtils.java:logGet(44)) - raft.server.log.appender.buffer.byte-limit = 33554432 (custom)
2021-11-29 08:36:20,261 [pool-74-thread-1] INFO  server.RaftServerConfigKeys (ConfUtils.java:logGet(44)) - raft.server.log.segment.size.max = 1048576 (custom)
2021-11-29 08:36:20,263 [EventQueue-OpenPipelineForHealthyPipelineSafeModeRule] INFO  safemode.SCMSafeModeManager (HealthyPipelineSafeModeRule.java:process(124)) - SCM in safe mode. Healthy pipelines reported count is 0, required healthy pipeline reported count is 1
2021-11-29 08:36:20,270 [pool-74-thread-1] INFO  server.RaftServerConfigKeys (ConfUtils.java:logGet(44)) - raft.server.log.segment.cache.num.max = 2 (custom)
2021-11-29 08:36:20,270 [pool-74-thread-1] INFO  server.RaftServerConfigKeys (ConfUtils.java:logGet(44)) - raft.server.log.segment.cache.size.max = 200MB (=209715200) (default)
2021-11-29 08:36:20,270 [pool-74-thread-1] INFO  segmented.SegmentedRaftLogWorker (SegmentedRaftLogWorker.java:<init>(182)) - new 04f8ee08-a2ad-484b-9e4f-8959f0ebf609@group-14E19CF515AD-SegmentedRaftLogWorker for RaftStorageImpl:Storage Directory /home/runner/work/ozone/ozone/hadoop-ozone/integration-test/target/test-dir/MiniOzoneClusterImpl-3d114d2a-f85f-45ce-9fd0-840e2dc708c7/datanode-1/data/ratis/7bfd396b-b013-48a3-9028-14e19cf515ad
2021-11-29 08:36:20,270 [pool-74-thread-1] INFO  server.RaftServerConfigKeys (ConfUtils.java:logGet(44)) - raft.server.log.queue.byte-limit = 2147483647 (custom)
2021-11-29 08:36:20,270 [pool-74-thread-1] INFO  server.RaftServerConfigKeys (ConfUtils.java:logGet(44)) - raft.server.log.queue.element-limit = 1024 (custom)
2021-11-29 08:36:20,270 [pool-74-thread-1] INFO  server.RaftServerConfigKeys (ConfUtils.java:logGet(44)) - raft.server.log.segment.size.max = 1048576 (custom)
2021-11-29 08:36:20,270 [pool-74-thread-1] INFO  server.RaftServerConfigKeys (ConfUtils.java:logGet(44)) - raft.server.log.preallocated.size = 16384 (custom)
2021-11-29 08:36:20,270 [pool-74-thread-1] INFO  server.RaftServerConfigKeys (ConfUtils.java:logGet(44)) - raft.server.log.force.sync.num = 128 (default)
2021-11-29 08:36:20,270 [pool-74-thread-1] INFO  server.RaftServerConfigKeys (ConfUtils.java:logGet(44)) - raft.server.log.statemachine.data.sync = true (default)
2021-11-29 08:36:20,270 [pool-74-thread-1] INFO  server.RaftServerConfigKeys (ConfUtils.java:logGet(44)) - raft.server.log.statemachine.data.sync.timeout = 10s (default)
2021-11-29 08:36:20,270 [pool-74-thread-1] INFO  server.RaftServerConfigKeys (ConfUtils.java:logGet(44)) - raft.server.log.statemachine.data.sync.timeout.retry = -1 (default)
2021-11-29 08:36:20,271 [pool-74-thread-1] INFO  server.RaftServerConfigKeys (ConfUtils.java:logGet(44)) - raft.server.log.write.buffer.size = 1048576 (custom)
2021-11-29 08:36:20,272 [pool-74-thread-1] INFO  server.RaftServerConfigKeys (ConfUtils.java:logGet(44)) - raft.server.log.statemachine.data.caching.enabled = true (custom)
2021-11-29 08:36:20,272 [pool-74-thread-1] INFO  segmented.SegmentedRaftLogWorker (SegmentedRaftLogWorker.java:lambda$new$0(133)) - 04f8ee08-a2ad-484b-9e4f-8959f0ebf609@group-14E19CF515AD-SegmentedRaftLogWorker: flushIndex: setUnconditionally 0 -> -1
2021-11-29 08:36:20,272 [pool-74-thread-1] INFO  segmented.SegmentedRaftLogWorker (SegmentedRaftLogWorker.java:lambda$new$0(133)) - 04f8ee08-a2ad-484b-9e4f-8959f0ebf609@group-14E19CF515AD-SegmentedRaftLogWorker: safeCacheEvictIndex: setUnconditionally 0 -> -1
2021-11-29 08:36:20,272 [pool-74-thread-1] INFO  server.RaftServerConfigKeys (ConfUtils.java:logGet(44)) - raft.server.snapshot.auto.trigger.enabled = true (custom)
2021-11-29 08:36:20,272 [pool-74-thread-1] INFO  server.RaftServerConfigKeys (ConfUtils.java:logGet(44)) - raft.server.snapshot.auto.trigger.threshold = 10000 (custom)
2021-11-29 08:36:20,272 [pool-74-thread-1] INFO  server.RaftServerConfigKeys (ConfUtils.java:logGet(44)) - raft.server.snapshot.retention.file.num = 5 (custom)
2021-11-29 08:36:20,273 [pool-74-thread-1] INFO  server.RaftServerConfigKeys (ConfUtils.java:logGet(44)) - raft.server.log.purge.upto.snapshot.index = false (default)
2021-11-29 08:36:20,273 [pool-74-thread-1] INFO  server.RaftServerConfigKeys (ConfUtils.java:logGet(44)) - raft.server.retrycache.expirytime = 600000ms (custom)
2021-11-29 08:36:20,273 [pool-74-thread-1] INFO  server.RaftServerConfigKeys (ConfUtils.java:logGet(44)) - raft.server.retrycache.statistics.expirytime = 100μs (default)
2021-11-29 08:36:20,274 [pool-74-thread-1] INFO  server.RaftServer$Division (RaftServerImpl.java:start(301)) - 04f8ee08-a2ad-484b-9e4f-8959f0ebf609@group-14E19CF515AD: start as a follower, conf=-1: [83afdf48-275c-4aa7-9b86-71b323741a7e|rpc:10.1.0.67:36653|priority:0, f37cff1b-38c0-4a70-af4a-cd1c41c703b6|rpc:10.1.0.67:40907|priority:1, 04f8ee08-a2ad-484b-9e4f-8959f0ebf609|rpc:10.1.0.67:45751|priority:0], old=null
2021-11-29 08:36:20,274 [pool-74-thread-1] INFO  server.RaftServer$Division (RaftServerImpl.java:setRole(290)) - 04f8ee08-a2ad-484b-9e4f-8959f0ebf609@group-14E19CF515AD: changes role from      null to FOLLOWER at term 0 for startAsFollower
2021-11-29 08:36:20,274 [pool-74-thread-1] INFO  impl.RoleInfo (RoleInfo.java:updateAndGet(130)) - 04f8ee08-a2ad-484b-9e4f-8959f0ebf609: start 04f8ee08-a2ad-484b-9e4f-8959f0ebf609@group-14E19CF515AD-FollowerState
2021-11-29 08:36:20,293 [pool-74-thread-1] INFO  util.JmxRegister (JmxRegister.java:tryRegister(44)) - Successfully registered JMX Bean with object name Ratis:service=RaftServer,group=group-14E19CF515AD,id=04f8ee08-a2ad-484b-9e4f-8959f0ebf609
2021-11-29 08:36:20,301 [Command processor thread] INFO  ratis.XceiverServerRatis (XceiverServerRatis.java:addGroup(768)) - Created group PipelineID=7bfd396b-b013-48a3-9028-14e19cf515ad
2021-11-29 08:36:20,370 [grpc-default-executor-0] INFO  server.RaftServer (RaftServerProxy.java:addNew(95)) - 83afdf48-275c-4aa7-9b86-71b323741a7e: addNew group-14E19CF515AD:[83afdf48-275c-4aa7-9b86-71b323741a7e|rpc:10.1.0.67:36653|dataStream:|priority:0, f37cff1b-38c0-4a70-af4a-cd1c41c703b6|rpc:10.1.0.67:40907|dataStream:|priority:1, 04f8ee08-a2ad-484b-9e4f-8959f0ebf609|rpc:10.1.0.67:45751|dataStream:|priority:0] returns group-14E19CF515AD:java.util.concurrent.CompletableFuture@7c055c3b[Not completed]
2021-11-29 08:36:20,371 [pool-93-thread-1] INFO  server.RaftServer$Division (RaftServerImpl.java:<init>(184)) - 83afdf48-275c-4aa7-9b86-71b323741a7e: new RaftServerImpl for group-14E19CF515AD:[83afdf48-275c-4aa7-9b86-71b323741a7e|rpc:10.1.0.67:36653|dataStream:|priority:0, f37cff1b-38c0-4a70-af4a-cd1c41c703b6|rpc:10.1.0.67:40907|dataStream:|priority:1, 04f8ee08-a2ad-484b-9e4f-8959f0ebf609|rpc:10.1.0.67:45751|dataStream:|priority:0] with ContainerStateMachine:uninitialized
2021-11-29 08:36:20,372 [pool-93-thread-1] INFO  server.RaftServerConfigKeys (ConfUtils.java:logGet(44)) - raft.server.rpc.timeout.min = 5s (custom)
2021-11-29 08:36:20,372 [pool-93-thread-1] INFO  server.RaftServerConfigKeys (ConfUtils.java:logGet(44)) - raft.server.rpc.timeout.max = 5200ms (custom)
2021-11-29 08:36:20,373 [pool-93-thread-1] INFO  server.RaftServerConfigKeys (ConfUtils.java:logGet(44)) - raft.server.rpc.sleep.time = 25ms (default)
2021-11-29 08:36:20,373 [pool-93-thread-1] INFO  server.RaftServerConfigKeys (ConfUtils.java:logGet(44)) - raft.server.rpc.slowness.timeout = 300s (custom)
2021-11-29 08:36:20,373 [pool-93-thread-1] INFO  server.RaftServerConfigKeys (ConfUtils.java:logGet(44)) - raft.server.leaderelection.leader.step-down.wait-time = 10s (default)
2021-11-29 08:36:20,373 [pool-93-thread-1] INFO  server.RaftServerConfigKeys (ConfUtils.java:logGet(44)) - raft.server.sleep.deviation.threshold = 300ms (default)
2021-11-29 08:36:20,373 [pool-93-thread-1] INFO  server.RaftServerConfigKeys (ConfUtils.java:logGet(44)) - raft.server.log.appender.install.snapshot.enabled = false (custom)
2021-11-29 08:36:20,373 [pool-93-thread-1] INFO  server.RaftServer$Division (ServerState.java:<init>(105)) - 83afdf48-275c-4aa7-9b86-71b323741a7e@group-14E19CF515AD: ConfigurationManager, init=-1: [83afdf48-275c-4aa7-9b86-71b323741a7e|rpc:10.1.0.67:36653|dataStream:|priority:0, f37cff1b-38c0-4a70-af4a-cd1c41c703b6|rpc:10.1.0.67:40907|dataStream:|priority:1, 04f8ee08-a2ad-484b-9e4f-8959f0ebf609|rpc:10.1.0.67:45751|dataStream:|priority:0], old=null, confs=<EMPTY_MAP>
2021-11-29 08:36:20,373 [pool-93-thread-1] INFO  server.RaftServerConfigKeys (ConfUtils.java:logGet(44)) - raft.server.storage.dir = [/home/runner/work/ozone/ozone/hadoop-ozone/integration-test/target/test-dir/MiniOzoneClusterImpl-3d114d2a-f85f-45ce-9fd0-840e2dc708c7/datanode-2/data/ratis] (custom)
2021-11-29 08:36:20,373 [pool-93-thread-1] INFO  server.RaftServerConfigKeys (ConfUtils.java:logGet(44)) - raft.server.log.corruption.policy = EXCEPTION (default)
2021-11-29 08:36:20,373 [pool-93-thread-1] INFO  server.RaftServerConfigKeys (ConfUtils.java:logGet(44)) - raft.server.storage.free-space.min = 0MB (=0) (default)
2021-11-29 08:36:20,373 [pool-93-thread-1] INFO  storage.RaftStorageDirectory (RaftStorageDirectoryImpl.java:analyzeStorage(135)) - The storage directory /home/runner/work/ozone/ozone/hadoop-ozone/integration-test/target/test-dir/MiniOzoneClusterImpl-3d114d2a-f85f-45ce-9fd0-840e2dc708c7/datanode-2/data/ratis/7bfd396b-b013-48a3-9028-14e19cf515ad does not exist. Creating ...
2021-11-29 08:36:20,374 [pool-93-thread-1] INFO  storage.RaftStorageDirectory (RaftStorageDirectoryImpl.java:tryLock(230)) - Lock on /home/runner/work/ozone/ozone/hadoop-ozone/integration-test/target/test-dir/MiniOzoneClusterImpl-3d114d2a-f85f-45ce-9fd0-840e2dc708c7/datanode-2/data/ratis/7bfd396b-b013-48a3-9028-14e19cf515ad/in_use.lock acquired by nodename 398@fv-az294-535
2021-11-29 08:36:20,375 [pool-93-thread-1] INFO  storage.RaftStorage (RaftStorageImpl.java:format(89)) - Storage directory /home/runner/work/ozone/ozone/hadoop-ozone/integration-test/target/test-dir/MiniOzoneClusterImpl-3d114d2a-f85f-45ce-9fd0-840e2dc708c7/datanode-2/data/ratis/7bfd396b-b013-48a3-9028-14e19cf515ad has been successfully formatted.
2021-11-29 08:36:20,376 [pool-93-thread-1] INFO  ratis.ContainerStateMachine (ContainerStateMachine.java:loadSnapshot(224)) - group-14E19CF515AD: The snapshot info is null. Setting the last applied indexto:(t:0, i:~)
2021-11-29 08:36:20,376 [pool-93-thread-1] INFO  server.RaftServerConfigKeys (ConfUtils.java:logGet(44)) - raft.server.notification.no-leader.timeout = 300s (custom)
2021-11-29 08:36:20,376 [pool-93-thread-1] INFO  server.RaftServerConfigKeys (ConfUtils.java:logGet(44)) - raft.server.log.use.memory = false (default)
2021-11-29 08:36:20,376 [pool-93-thread-1] INFO  server.RaftServerConfigKeys (ConfUtils.java:logGet(44)) - raft.server.log.purge.gap = 1000000 (custom)
2021-11-29 08:36:20,376 [pool-93-thread-1] INFO  server.RaftServerConfigKeys (ConfUtils.java:logGet(44)) - raft.server.log.appender.buffer.byte-limit = 33554432 (custom)
2021-11-29 08:36:20,384 [pool-93-thread-1] INFO  server.RaftServerConfigKeys (ConfUtils.java:logGet(44)) - raft.server.log.segment.size.max = 1048576 (custom)
2021-11-29 08:36:20,385 [pool-93-thread-1] INFO  server.RaftServerConfigKeys (ConfUtils.java:logGet(44)) - raft.server.log.segment.cache.num.max = 2 (custom)
2021-11-29 08:36:20,385 [pool-93-thread-1] INFO  server.RaftServerConfigKeys (ConfUtils.java:logGet(44)) - raft.server.log.segment.cache.size.max = 200MB (=209715200) (default)
2021-11-29 08:36:20,385 [pool-93-thread-1] INFO  segmented.SegmentedRaftLogWorker (SegmentedRaftLogWorker.java:<init>(182)) - new 83afdf48-275c-4aa7-9b86-71b323741a7e@group-14E19CF515AD-SegmentedRaftLogWorker for RaftStorageImpl:Storage Directory /home/runner/work/ozone/ozone/hadoop-ozone/integration-test/target/test-dir/MiniOzoneClusterImpl-3d114d2a-f85f-45ce-9fd0-840e2dc708c7/datanode-2/data/ratis/7bfd396b-b013-48a3-9028-14e19cf515ad
2021-11-29 08:36:20,390 [pool-93-thread-1] INFO  server.RaftServerConfigKeys (ConfUtils.java:logGet(44)) - raft.server.log.queue.byte-limit = 2147483647 (custom)
2021-11-29 08:36:20,390 [pool-93-thread-1] INFO  server.RaftServerConfigKeys (ConfUtils.java:logGet(44)) - raft.server.log.queue.element-limit = 1024 (custom)
2021-11-29 08:36:20,390 [pool-93-thread-1] INFO  server.RaftServerConfigKeys (ConfUtils.java:logGet(44)) - raft.server.log.segment.size.max = 1048576 (custom)
2021-11-29 08:36:20,390 [pool-93-thread-1] INFO  server.RaftServerConfigKeys (ConfUtils.java:logGet(44)) - raft.server.log.preallocated.size = 16384 (custom)
2021-11-29 08:36:20,390 [pool-93-thread-1] INFO  server.RaftServerConfigKeys (ConfUtils.java:logGet(44)) - raft.server.log.force.sync.num = 128 (default)
2021-11-29 08:36:20,390 [pool-93-thread-1] INFO  server.RaftServerConfigKeys (ConfUtils.java:logGet(44)) - raft.server.log.statemachine.data.sync = true (default)
2021-11-29 08:36:20,390 [pool-93-thread-1] INFO  server.RaftServerConfigKeys (ConfUtils.java:logGet(44)) - raft.server.log.statemachine.data.sync.timeout = 10s (default)
2021-11-29 08:36:20,390 [pool-93-thread-1] INFO  server.RaftServerConfigKeys (ConfUtils.java:logGet(44)) - raft.server.log.statemachine.data.sync.timeout.retry = -1 (default)
2021-11-29 08:36:20,391 [pool-93-thread-1] INFO  server.RaftServerConfigKeys (ConfUtils.java:logGet(44)) - raft.server.log.write.buffer.size = 1048576 (custom)
2021-11-29 08:36:20,392 [pool-93-thread-1] INFO  server.RaftServerConfigKeys (ConfUtils.java:logGet(44)) - raft.server.log.statemachine.data.caching.enabled = true (custom)
2021-11-29 08:36:20,392 [pool-93-thread-1] INFO  segmented.SegmentedRaftLogWorker (SegmentedRaftLogWorker.java:lambda$new$0(133)) - 83afdf48-275c-4aa7-9b86-71b323741a7e@group-14E19CF515AD-SegmentedRaftLogWorker: flushIndex: setUnconditionally 0 -> -1
2021-11-29 08:36:20,392 [pool-93-thread-1] INFO  segmented.SegmentedRaftLogWorker (SegmentedRaftLogWorker.java:lambda$new$0(133)) - 83afdf48-275c-4aa7-9b86-71b323741a7e@group-14E19CF515AD-SegmentedRaftLogWorker: safeCacheEvictIndex: setUnconditionally 0 -> -1
2021-11-29 08:36:20,392 [pool-93-thread-1] INFO  server.RaftServerConfigKeys (ConfUtils.java:logGet(44)) - raft.server.snapshot.auto.trigger.enabled = true (custom)
2021-11-29 08:36:20,392 [pool-93-thread-1] INFO  server.RaftServerConfigKeys (ConfUtils.java:logGet(44)) - raft.server.snapshot.auto.trigger.threshold = 10000 (custom)
2021-11-29 08:36:20,393 [pool-93-thread-1] INFO  server.RaftServerConfigKeys (ConfUtils.java:logGet(44)) - raft.server.snapshot.retention.file.num = 5 (custom)
2021-11-29 08:36:20,393 [pool-93-thread-1] INFO  server.RaftServerConfigKeys (ConfUtils.java:logGet(44)) - raft.server.log.purge.upto.snapshot.index = false (default)
2021-11-29 08:36:20,393 [pool-93-thread-1] INFO  server.RaftServerConfigKeys (ConfUtils.java:logGet(44)) - raft.server.retrycache.expirytime = 600000ms (custom)
2021-11-29 08:36:20,393 [pool-93-thread-1] INFO  server.RaftServerConfigKeys (ConfUtils.java:logGet(44)) - raft.server.retrycache.statistics.expirytime = 100μs (default)
2021-11-29 08:36:20,394 [pool-93-thread-1] INFO  server.RaftServer$Division (RaftServerImpl.java:start(301)) - 83afdf48-275c-4aa7-9b86-71b323741a7e@group-14E19CF515AD: start as a follower, conf=-1: [83afdf48-275c-4aa7-9b86-71b323741a7e|rpc:10.1.0.67:36653|dataStream:|priority:0, f37cff1b-38c0-4a70-af4a-cd1c41c703b6|rpc:10.1.0.67:40907|dataStream:|priority:1, 04f8ee08-a2ad-484b-9e4f-8959f0ebf609|rpc:10.1.0.67:45751|dataStream:|priority:0], old=null
2021-11-29 08:36:20,394 [pool-93-thread-1] INFO  server.RaftServer$Division (RaftServerImpl.java:setRole(290)) - 83afdf48-275c-4aa7-9b86-71b323741a7e@group-14E19CF515AD: changes role from      null to FOLLOWER at term 0 for startAsFollower
2021-11-29 08:36:20,394 [pool-93-thread-1] INFO  impl.RoleInfo (RoleInfo.java:updateAndGet(130)) - 83afdf48-275c-4aa7-9b86-71b323741a7e: start 83afdf48-275c-4aa7-9b86-71b323741a7e@group-14E19CF515AD-FollowerState
2021-11-29 08:36:20,395 [pool-93-thread-1] INFO  util.JmxRegister (JmxRegister.java:tryRegister(44)) - Successfully registered JMX Bean with object name Ratis:service=RaftServer,group=group-14E19CF515AD,id=83afdf48-275c-4aa7-9b86-71b323741a7e
2021-11-29 08:36:20,458 [Command processor thread] INFO  server.RaftServer (RaftServerProxy.java:addNew(95)) - 83afdf48-275c-4aa7-9b86-71b323741a7e: addNew group-3C530FFBEEB0:[83afdf48-275c-4aa7-9b86-71b323741a7e|rpc:10.1.0.67:36653|priority:1] returns group-3C530FFBEEB0:java.util.concurrent.CompletableFuture@294d2a16[Not completed]
2021-11-29 08:36:20,459 [pool-93-thread-1] INFO  server.RaftServer$Division (RaftServerImpl.java:<init>(184)) - 83afdf48-275c-4aa7-9b86-71b323741a7e: new RaftServerImpl for group-3C530FFBEEB0:[83afdf48-275c-4aa7-9b86-71b323741a7e|rpc:10.1.0.67:36653|priority:1] with ContainerStateMachine:uninitialized
2021-11-29 08:36:20,459 [pool-93-thread-1] INFO  server.RaftServerConfigKeys (ConfUtils.java:logGet(44)) - raft.server.rpc.timeout.min = 5s (custom)
2021-11-29 08:36:20,459 [pool-93-thread-1] INFO  server.RaftServerConfigKeys (ConfUtils.java:logGet(44)) - raft.server.rpc.timeout.max = 5200ms (custom)
2021-11-29 08:36:20,459 [pool-93-thread-1] INFO  server.RaftServerConfigKeys (ConfUtils.java:logGet(44)) - raft.server.rpc.sleep.time = 25ms (default)
2021-11-29 08:36:20,459 [pool-93-thread-1] INFO  server.RaftServerConfigKeys (ConfUtils.java:logGet(44)) - raft.server.rpc.slowness.timeout = 300s (custom)
2021-11-29 08:36:20,460 [pool-93-thread-1] INFO  server.RaftServerConfigKeys (ConfUtils.java:logGet(44)) - raft.server.leaderelection.leader.step-down.wait-time = 10s (default)
2021-11-29 08:36:20,460 [pool-93-thread-1] INFO  server.RaftServerConfigKeys (ConfUtils.java:logGet(44)) - raft.server.sleep.deviation.threshold = 300ms (default)
2021-11-29 08:36:20,460 [pool-93-thread-1] INFO  server.RaftServerConfigKeys (ConfUtils.java:logGet(44)) - raft.server.log.appender.install.snapshot.enabled = false (custom)
2021-11-29 08:36:20,460 [pool-93-thread-1] INFO  server.RaftServer$Division (ServerState.java:<init>(105)) - 83afdf48-275c-4aa7-9b86-71b323741a7e@group-3C530FFBEEB0: ConfigurationManager, init=-1: [83afdf48-275c-4aa7-9b86-71b323741a7e|rpc:10.1.0.67:36653|priority:1], old=null, confs=<EMPTY_MAP>
2021-11-29 08:36:20,460 [pool-93-thread-1] INFO  server.RaftServerConfigKeys (ConfUtils.java:logGet(44)) - raft.server.storage.dir = [/home/runner/work/ozone/ozone/hadoop-ozone/integration-test/target/test-dir/MiniOzoneClusterImpl-3d114d2a-f85f-45ce-9fd0-840e2dc708c7/datanode-2/data/ratis] (custom)
2021-11-29 08:36:20,460 [pool-93-thread-1] INFO  server.RaftServerConfigKeys (ConfUtils.java:logGet(44)) - raft.server.log.corruption.policy = EXCEPTION (default)
2021-11-29 08:36:20,460 [pool-93-thread-1] INFO  server.RaftServerConfigKeys (ConfUtils.java:logGet(44)) - raft.server.storage.free-space.min = 0MB (=0) (default)
2021-11-29 08:36:20,460 [pool-93-thread-1] INFO  storage.RaftStorageDirectory (RaftStorageDirectoryImpl.java:analyzeStorage(135)) - The storage directory /home/runner/work/ozone/ozone/hadoop-ozone/integration-test/target/test-dir/MiniOzoneClusterImpl-3d114d2a-f85f-45ce-9fd0-840e2dc708c7/datanode-2/data/ratis/1e5d1a8a-d9f1-4ebb-8cd9-3c530ffbeeb0 does not exist. Creating ...
2021-11-29 08:36:20,461 [pool-93-thread-1] INFO  storage.RaftStorageDirectory (RaftStorageDirectoryImpl.java:tryLock(230)) - Lock on /home/runner/work/ozone/ozone/hadoop-ozone/integration-test/target/test-dir/MiniOzoneClusterImpl-3d114d2a-f85f-45ce-9fd0-840e2dc708c7/datanode-2/data/ratis/1e5d1a8a-d9f1-4ebb-8cd9-3c530ffbeeb0/in_use.lock acquired by nodename 398@fv-az294-535
2021-11-29 08:36:20,462 [pool-93-thread-1] INFO  storage.RaftStorage (RaftStorageImpl.java:format(89)) - Storage directory /home/runner/work/ozone/ozone/hadoop-ozone/integration-test/target/test-dir/MiniOzoneClusterImpl-3d114d2a-f85f-45ce-9fd0-840e2dc708c7/datanode-2/data/ratis/1e5d1a8a-d9f1-4ebb-8cd9-3c530ffbeeb0 has been successfully formatted.
2021-11-29 08:36:20,463 [pool-93-thread-1] INFO  ratis.ContainerStateMachine (ContainerStateMachine.java:loadSnapshot(224)) - group-3C530FFBEEB0: The snapshot info is null. Setting the last applied indexto:(t:0, i:~)
2021-11-29 08:36:20,463 [pool-93-thread-1] INFO  server.RaftServerConfigKeys (ConfUtils.java:logGet(44)) - raft.server.notification.no-leader.timeout = 300s (custom)
2021-11-29 08:36:20,463 [pool-93-thread-1] INFO  server.RaftServerConfigKeys (ConfUtils.java:logGet(44)) - raft.server.log.use.memory = false (default)
2021-11-29 08:36:20,463 [pool-93-thread-1] INFO  server.RaftServerConfigKeys (ConfUtils.java:logGet(44)) - raft.server.log.purge.gap = 1000000 (custom)
2021-11-29 08:36:20,463 [pool-93-thread-1] INFO  server.RaftServerConfigKeys (ConfUtils.java:logGet(44)) - raft.server.log.appender.buffer.byte-limit = 33554432 (custom)
2021-11-29 08:36:20,467 [EventQueue-PipelineReportForPipelineReportHandler] INFO  pipeline.PipelineManagerImpl (PipelineManagerImpl.java:openPipeline(289)) - Pipeline Pipeline[ Id: 1e5d1a8a-d9f1-4ebb-8cd9-3c530ffbeeb0, Nodes: 83afdf48-275c-4aa7-9b86-71b323741a7e{ip: 10.1.0.67, host: fv-az294-535.eaanfquahm5ulb5tj050gcxych.jx.internal.cloudapp.net, ports: [REPLICATION=37283, RATIS=36653, RATIS_ADMIN=36653, RATIS_SERVER=36653, STANDALONE=36121], networkLocation: /default-rack, certSerialId: null, persistedOpState: IN_SERVICE, persistedOpStateExpiryEpochSec: 0}, ReplicationConfig: RATIS/ONE, State:ALLOCATED, leaderId:83afdf48-275c-4aa7-9b86-71b323741a7e, CreationTimestamp2021-11-29T08:36:17.464Z[Etc/UTC]] moved to OPEN state
2021-11-29 08:36:20,468 [EventQueue-OpenPipelineForHealthyPipelineSafeModeRule] INFO  safemode.SCMSafeModeManager (HealthyPipelineSafeModeRule.java:process(124)) - SCM in safe mode. Healthy pipelines reported count is 0, required healthy pipeline reported count is 1
2021-11-29 08:36:20,468 [pool-93-thread-1] INFO  server.RaftServerConfigKeys (ConfUtils.java:logGet(44)) - raft.server.log.segment.size.max = 1048576 (custom)
2021-11-29 08:36:20,470 [pool-93-thread-1] INFO  server.RaftServerConfigKeys (ConfUtils.java:logGet(44)) - raft.server.log.segment.cache.num.max = 2 (custom)
2021-11-29 08:36:20,470 [pool-93-thread-1] INFO  server.RaftServerConfigKeys (ConfUtils.java:logGet(44)) - raft.server.log.segment.cache.size.max = 200MB (=209715200) (default)
2021-11-29 08:36:20,470 [pool-93-thread-1] INFO  segmented.SegmentedRaftLogWorker (SegmentedRaftLogWorker.java:<init>(182)) - new 83afdf48-275c-4aa7-9b86-71b323741a7e@group-3C530FFBEEB0-SegmentedRaftLogWorker for RaftStorageImpl:Storage Directory /home/runner/work/ozone/ozone/hadoop-ozone/integration-test/target/test-dir/MiniOzoneClusterImpl-3d114d2a-f85f-45ce-9fd0-840e2dc708c7/datanode-2/data/ratis/1e5d1a8a-d9f1-4ebb-8cd9-3c530ffbeeb0
2021-11-29 08:36:20,470 [pool-93-thread-1] INFO  server.RaftServerConfigKeys (ConfUtils.java:logGet(44)) - raft.server.log.queue.byte-limit = 2147483647 (custom)
2021-11-29 08:36:20,470 [pool-93-thread-1] INFO  server.RaftServerConfigKeys (ConfUtils.java:logGet(44)) - raft.server.log.queue.element-limit = 1024 (custom)
2021-11-29 08:36:20,470 [pool-93-thread-1] INFO  server.RaftServerConfigKeys (ConfUtils.java:logGet(44)) - raft.server.log.segment.size.max = 1048576 (custom)
2021-11-29 08:36:20,470 [pool-93-thread-1] INFO  server.RaftServerConfigKeys (ConfUtils.java:logGet(44)) - raft.server.log.preallocated.size = 16384 (custom)
2021-11-29 08:36:20,470 [pool-93-thread-1] INFO  server.RaftServerConfigKeys (ConfUtils.java:logGet(44)) - raft.server.log.force.sync.num = 128 (default)
2021-11-29 08:36:20,470 [pool-93-thread-1] INFO  server.RaftServerConfigKeys (ConfUtils.java:logGet(44)) - raft.server.log.statemachine.data.sync = true (default)
2021-11-29 08:36:20,470 [pool-93-thread-1] INFO  server.RaftServerConfigKeys (ConfUtils.java:logGet(44)) - raft.server.log.statemachine.data.sync.timeout = 10s (default)
2021-11-29 08:36:20,470 [pool-93-thread-1] INFO  server.RaftServerConfigKeys (ConfUtils.java:logGet(44)) - raft.server.log.statemachine.data.sync.timeout.retry = -1 (default)
2021-11-29 08:36:20,471 [pool-93-thread-1] INFO  server.RaftServerConfigKeys (ConfUtils.java:logGet(44)) - raft.server.log.write.buffer.size = 1048576 (custom)
2021-11-29 08:36:20,472 [pool-93-thread-1] INFO  server.RaftServerConfigKeys (ConfUtils.java:logGet(44)) - raft.server.log.statemachine.data.caching.enabled = true (custom)
2021-11-29 08:36:20,472 [pool-93-thread-1] INFO  segmented.SegmentedRaftLogWorker (SegmentedRaftLogWorker.java:lambda$new$0(133)) - 83afdf48-275c-4aa7-9b86-71b323741a7e@group-3C530FFBEEB0-SegmentedRaftLogWorker: flushIndex: setUnconditionally 0 -> -1
2021-11-29 08:36:20,472 [pool-93-thread-1] INFO  segmented.SegmentedRaftLogWorker (SegmentedRaftLogWorker.java:lambda$new$0(133)) - 83afdf48-275c-4aa7-9b86-71b323741a7e@group-3C530FFBEEB0-SegmentedRaftLogWorker: safeCacheEvictIndex: setUnconditionally 0 -> -1
2021-11-29 08:36:20,476 [pool-93-thread-1] INFO  server.RaftServerConfigKeys (ConfUtils.java:logGet(44)) - raft.server.snapshot.auto.trigger.enabled = true (custom)
2021-11-29 08:36:20,476 [pool-93-thread-1] INFO  server.RaftServerConfigKeys (ConfUtils.java:logGet(44)) - raft.server.snapshot.auto.trigger.threshold = 10000 (custom)
2021-11-29 08:36:20,476 [pool-93-thread-1] INFO  server.RaftServerConfigKeys (ConfUtils.java:logGet(44)) - raft.server.snapshot.retention.file.num = 5 (custom)
2021-11-29 08:36:20,476 [pool-93-thread-1] INFO  server.RaftServerConfigKeys (ConfUtils.java:logGet(44)) - raft.server.log.purge.upto.snapshot.index = false (default)
2021-11-29 08:36:20,476 [pool-93-thread-1] INFO  server.RaftServerConfigKeys (ConfUtils.java:logGet(44)) - raft.server.retrycache.expirytime = 600000ms (custom)
2021-11-29 08:36:20,476 [pool-93-thread-1] INFO  server.RaftServerConfigKeys (ConfUtils.java:logGet(44)) - raft.server.retrycache.statistics.expirytime = 100μs (default)
2021-11-29 08:36:20,484 [pool-93-thread-1] INFO  server.RaftServer$Division (RaftServerImpl.java:start(301)) - 83afdf48-275c-4aa7-9b86-71b323741a7e@group-3C530FFBEEB0: start as a follower, conf=-1: [83afdf48-275c-4aa7-9b86-71b323741a7e|rpc:10.1.0.67:36653|priority:1], old=null
2021-11-29 08:36:20,484 [pool-93-thread-1] INFO  server.RaftServer$Division (RaftServerImpl.java:setRole(290)) - 83afdf48-275c-4aa7-9b86-71b323741a7e@group-3C530FFBEEB0: changes role from      null to FOLLOWER at term 0 for startAsFollower
2021-11-29 08:36:20,484 [pool-93-thread-1] INFO  impl.RoleInfo (RoleInfo.java:updateAndGet(130)) - 83afdf48-275c-4aa7-9b86-71b323741a7e: start 83afdf48-275c-4aa7-9b86-71b323741a7e@group-3C530FFBEEB0-FollowerState
2021-11-29 08:36:20,484 [pool-93-thread-1] INFO  util.JmxRegister (JmxRegister.java:tryRegister(44)) - Successfully registered JMX Bean with object name Ratis:service=RaftServer,group=group-3C530FFBEEB0,id=83afdf48-275c-4aa7-9b86-71b323741a7e
2021-11-29 08:36:20,487 [Command processor thread] INFO  ratis.XceiverServerRatis (XceiverServerRatis.java:addGroup(768)) - Created group PipelineID=1e5d1a8a-d9f1-4ebb-8cd9-3c530ffbeeb0
2021-11-29 08:36:20,487 [Command processor thread] INFO  commandhandler.CreatePipelineCommandHandler (CreatePipelineCommandHandler.java:handle(106)) - Created Pipeline RATIS ONE PipelineID=1e5d1a8a-d9f1-4ebb-8cd9-3c530ffbeeb0.
2021-11-29 08:36:20,510 [Command processor thread] INFO  commandhandler.CreatePipelineCommandHandler (CreatePipelineCommandHandler.java:handle(106)) - Created Pipeline RATIS THREE PipelineID=7bfd396b-b013-48a3-9028-14e19cf515ad.
2021-11-29 08:36:20,516 [Command processor thread] INFO  commandhandler.CreatePipelineCommandHandler (CreatePipelineCommandHandler.java:handle(106)) - Created Pipeline RATIS THREE PipelineID=7bfd396b-b013-48a3-9028-14e19cf515ad.
2021-11-29 08:36:20,655 [Command processor thread] INFO  server.RaftServer (RaftServerProxy.java:addNew(95)) - e898274c-95f2-4b2f-8144-1886504886d7: addNew group-246A682D5EB8:[e898274c-95f2-4b2f-8144-1886504886d7|rpc:10.1.0.67:33347|priority:1] returns group-246A682D5EB8:java.util.concurrent.CompletableFuture@13ea260c[Not completed]
2021-11-29 08:36:20,658 [pool-112-thread-1] INFO  server.RaftServer$Division (RaftServerImpl.java:<init>(184)) - e898274c-95f2-4b2f-8144-1886504886d7: new RaftServerImpl for group-246A682D5EB8:[e898274c-95f2-4b2f-8144-1886504886d7|rpc:10.1.0.67:33347|priority:1] with ContainerStateMachine:uninitialized
2021-11-29 08:36:20,659 [pool-112-thread-1] INFO  server.RaftServerConfigKeys (ConfUtils.java:logGet(44)) - raft.server.rpc.timeout.min = 5s (custom)
2021-11-29 08:36:20,661 [pool-112-thread-1] INFO  server.RaftServerConfigKeys (ConfUtils.java:logGet(44)) - raft.server.rpc.timeout.max = 5200ms (custom)
2021-11-29 08:36:20,661 [pool-112-thread-1] INFO  server.RaftServerConfigKeys (ConfUtils.java:logGet(44)) - raft.server.rpc.sleep.time = 25ms (default)
2021-11-29 08:36:20,661 [pool-112-thread-1] INFO  server.RaftServerConfigKeys (ConfUtils.java:logGet(44)) - raft.server.rpc.slowness.timeout = 300s (custom)
2021-11-29 08:36:20,661 [pool-112-thread-1] INFO  server.RaftServerConfigKeys (ConfUtils.java:logGet(44)) - raft.server.leaderelection.leader.step-down.wait-time = 10s (default)
2021-11-29 08:36:20,661 [pool-112-thread-1] INFO  server.RaftServerConfigKeys (ConfUtils.java:logGet(44)) - raft.server.sleep.deviation.threshold = 300ms (default)
2021-11-29 08:36:20,661 [pool-112-thread-1] INFO  server.RaftServerConfigKeys (ConfUtils.java:logGet(44)) - raft.server.log.appender.install.snapshot.enabled = false (custom)
2021-11-29 08:36:20,661 [pool-112-thread-1] INFO  server.RaftServer$Division (ServerState.java:<init>(105)) - e898274c-95f2-4b2f-8144-1886504886d7@group-246A682D5EB8: ConfigurationManager, init=-1: [e898274c-95f2-4b2f-8144-1886504886d7|rpc:10.1.0.67:33347|priority:1], old=null, confs=<EMPTY_MAP>
2021-11-29 08:36:20,661 [pool-112-thread-1] INFO  server.RaftServerConfigKeys (ConfUtils.java:logGet(44)) - raft.server.storage.dir = [/home/runner/work/ozone/ozone/hadoop-ozone/integration-test/target/test-dir/MiniOzoneClusterImpl-3d114d2a-f85f-45ce-9fd0-840e2dc708c7/datanode-3/data/ratis] (custom)
2021-11-29 08:36:20,662 [pool-112-thread-1] INFO  server.RaftServerConfigKeys (ConfUtils.java:logGet(44)) - raft.server.log.corruption.policy = EXCEPTION (default)
2021-11-29 08:36:20,662 [pool-112-thread-1] INFO  server.RaftServerConfigKeys (ConfUtils.java:logGet(44)) - raft.server.storage.free-space.min = 0MB (=0) (default)
2021-11-29 08:36:20,662 [pool-112-thread-1] INFO  storage.RaftStorageDirectory (RaftStorageDirectoryImpl.java:analyzeStorage(135)) - The storage directory /home/runner/work/ozone/ozone/hadoop-ozone/integration-test/target/test-dir/MiniOzoneClusterImpl-3d114d2a-f85f-45ce-9fd0-840e2dc708c7/datanode-3/data/ratis/339345d7-57f0-4b70-be45-246a682d5eb8 does not exist. Creating ...
2021-11-29 08:36:20,663 [pool-112-thread-1] INFO  storage.RaftStorageDirectory (RaftStorageDirectoryImpl.java:tryLock(230)) - Lock on /home/runner/work/ozone/ozone/hadoop-ozone/integration-test/target/test-dir/MiniOzoneClusterImpl-3d114d2a-f85f-45ce-9fd0-840e2dc708c7/datanode-3/data/ratis/339345d7-57f0-4b70-be45-246a682d5eb8/in_use.lock acquired by nodename 398@fv-az294-535
2021-11-29 08:36:20,664 [pool-112-thread-1] INFO  storage.RaftStorage (RaftStorageImpl.java:format(89)) - Storage directory /home/runner/work/ozone/ozone/hadoop-ozone/integration-test/target/test-dir/MiniOzoneClusterImpl-3d114d2a-f85f-45ce-9fd0-840e2dc708c7/datanode-3/data/ratis/339345d7-57f0-4b70-be45-246a682d5eb8 has been successfully formatted.
2021-11-29 08:36:20,665 [pool-112-thread-1] INFO  ratis.ContainerStateMachine (ContainerStateMachine.java:loadSnapshot(224)) - group-246A682D5EB8: The snapshot info is null. Setting the last applied indexto:(t:0, i:~)
2021-11-29 08:36:20,665 [pool-112-thread-1] INFO  server.RaftServerConfigKeys (ConfUtils.java:logGet(44)) - raft.server.notification.no-leader.timeout = 300s (custom)
2021-11-29 08:36:20,665 [pool-112-thread-1] INFO  server.RaftServerConfigKeys (ConfUtils.java:logGet(44)) - raft.server.log.use.memory = false (default)
2021-11-29 08:36:20,666 [pool-112-thread-1] INFO  server.RaftServerConfigKeys (ConfUtils.java:logGet(44)) - raft.server.log.purge.gap = 1000000 (custom)
2021-11-29 08:36:20,666 [pool-112-thread-1] INFO  server.RaftServerConfigKeys (ConfUtils.java:logGet(44)) - raft.server.log.appender.buffer.byte-limit = 33554432 (custom)
2021-11-29 08:36:20,667 [pool-112-thread-1] INFO  server.RaftServerConfigKeys (ConfUtils.java:logGet(44)) - raft.server.log.segment.size.max = 1048576 (custom)
2021-11-29 08:36:20,667 [pool-112-thread-1] INFO  server.RaftServerConfigKeys (ConfUtils.java:logGet(44)) - raft.server.log.segment.cache.num.max = 2 (custom)
2021-11-29 08:36:20,668 [EventQueue-PipelineReportForPipelineReportHandler] INFO  pipeline.PipelineManagerImpl (PipelineManagerImpl.java:openPipeline(289)) - Pipeline Pipeline[ Id: 339345d7-57f0-4b70-be45-246a682d5eb8, Nodes: e898274c-95f2-4b2f-8144-1886504886d7{ip: 10.1.0.67, host: fv-az294-535.eaanfquahm5ulb5tj050gcxych.jx.internal.cloudapp.net, ports: [REPLICATION=46707, RATIS=33347, RATIS_ADMIN=33347, RATIS_SERVER=33347, STANDALONE=44593], networkLocation: /default-rack, certSerialId: null, persistedOpState: IN_SERVICE, persistedOpStateExpiryEpochSec: 0}, ReplicationConfig: RATIS/ONE, State:ALLOCATED, leaderId:e898274c-95f2-4b2f-8144-1886504886d7, CreationTimestamp2021-11-29T08:36:17.659Z[Etc/UTC]] moved to OPEN state
2021-11-29 08:36:20,668 [pool-112-thread-1] INFO  server.RaftServerConfigKeys (ConfUtils.java:logGet(44)) - raft.server.log.segment.cache.size.max = 200MB (=209715200) (default)
2021-11-29 08:36:20,668 [pool-112-thread-1] INFO  segmented.SegmentedRaftLogWorker (SegmentedRaftLogWorker.java:<init>(182)) - new e898274c-95f2-4b2f-8144-1886504886d7@group-246A682D5EB8-SegmentedRaftLogWorker for RaftStorageImpl:Storage Directory /home/runner/work/ozone/ozone/hadoop-ozone/integration-test/target/test-dir/MiniOzoneClusterImpl-3d114d2a-f85f-45ce-9fd0-840e2dc708c7/datanode-3/data/ratis/339345d7-57f0-4b70-be45-246a682d5eb8
2021-11-29 08:36:20,668 [pool-112-thread-1] INFO  server.RaftServerConfigKeys (ConfUtils.java:logGet(44)) - raft.server.log.queue.byte-limit = 2147483647 (custom)
2021-11-29 08:36:20,668 [pool-112-thread-1] INFO  server.RaftServerConfigKeys (ConfUtils.java:logGet(44)) - raft.server.log.queue.element-limit = 1024 (custom)
2021-11-29 08:36:20,669 [pool-112-thread-1] INFO  server.RaftServerConfigKeys (ConfUtils.java:logGet(44)) - raft.server.log.segment.size.max = 1048576 (custom)
2021-11-29 08:36:20,669 [pool-112-thread-1] INFO  server.RaftServerConfigKeys (ConfUtils.java:logGet(44)) - raft.server.log.preallocated.size = 16384 (custom)
2021-11-29 08:36:20,669 [pool-112-thread-1] INFO  server.RaftServerConfigKeys (ConfUtils.java:logGet(44)) - raft.server.log.force.sync.num = 128 (default)
2021-11-29 08:36:20,669 [pool-112-thread-1] INFO  server.RaftServerConfigKeys (ConfUtils.java:logGet(44)) - raft.server.log.statemachine.data.sync = true (default)
2021-11-29 08:36:20,669 [EventQueue-OpenPipelineForHealthyPipelineSafeModeRule] INFO  safemode.SCMSafeModeManager (HealthyPipelineSafeModeRule.java:process(124)) - SCM in safe mode. Healthy pipelines reported count is 0, required healthy pipeline reported count is 1
2021-11-29 08:36:20,677 [pool-112-thread-1] INFO  server.RaftServerConfigKeys (ConfUtils.java:logGet(44)) - raft.server.log.statemachine.data.sync.timeout = 10s (default)
2021-11-29 08:36:20,677 [pool-112-thread-1] INFO  server.RaftServerConfigKeys (ConfUtils.java:logGet(44)) - raft.server.log.statemachine.data.sync.timeout.retry = -1 (default)
2021-11-29 08:36:20,678 [pool-112-thread-1] INFO  server.RaftServerConfigKeys (ConfUtils.java:logGet(44)) - raft.server.log.write.buffer.size = 1048576 (custom)
2021-11-29 08:36:20,680 [pool-112-thread-1] INFO  server.RaftServerConfigKeys (ConfUtils.java:logGet(44)) - raft.server.log.statemachine.data.caching.enabled = true (custom)
2021-11-29 08:36:20,681 [pool-112-thread-1] INFO  segmented.SegmentedRaftLogWorker (SegmentedRaftLogWorker.java:lambda$new$0(133)) - e898274c-95f2-4b2f-8144-1886504886d7@group-246A682D5EB8-SegmentedRaftLogWorker: flushIndex: setUnconditionally 0 -> -1
2021-11-29 08:36:20,681 [pool-112-thread-1] INFO  segmented.SegmentedRaftLogWorker (SegmentedRaftLogWorker.java:lambda$new$0(133)) - e898274c-95f2-4b2f-8144-1886504886d7@group-246A682D5EB8-SegmentedRaftLogWorker: safeCacheEvictIndex: setUnconditionally 0 -> -1
2021-11-29 08:36:20,681 [pool-112-thread-1] INFO  server.RaftServerConfigKeys (ConfUtils.java:logGet(44)) - raft.server.snapshot.auto.trigger.enabled = true (custom)
2021-11-29 08:36:20,681 [pool-112-thread-1] INFO  server.RaftServerConfigKeys (ConfUtils.java:logGet(44)) - raft.server.snapshot.auto.trigger.threshold = 10000 (custom)
2021-11-29 08:36:20,681 [pool-112-thread-1] INFO  server.RaftServerConfigKeys (ConfUtils.java:logGet(44)) - raft.server.snapshot.retention.file.num = 5 (custom)
2021-11-29 08:36:20,681 [pool-112-thread-1] INFO  server.RaftServerConfigKeys (ConfUtils.java:logGet(44)) - raft.server.log.purge.upto.snapshot.index = false (default)
2021-11-29 08:36:20,681 [pool-112-thread-1] INFO  server.RaftServerConfigKeys (ConfUtils.java:logGet(44)) - raft.server.retrycache.expirytime = 600000ms (custom)
2021-11-29 08:36:20,681 [pool-112-thread-1] INFO  server.RaftServerConfigKeys (ConfUtils.java:logGet(44)) - raft.server.retrycache.statistics.expirytime = 100μs (default)
2021-11-29 08:36:20,682 [pool-112-thread-1] INFO  server.RaftServer$Division (RaftServerImpl.java:start(301)) - e898274c-95f2-4b2f-8144-1886504886d7@group-246A682D5EB8: start as a follower, conf=-1: [e898274c-95f2-4b2f-8144-1886504886d7|rpc:10.1.0.67:33347|priority:1], old=null
2021-11-29 08:36:20,682 [pool-112-thread-1] INFO  server.RaftServer$Division (RaftServerImpl.java:setRole(290)) - e898274c-95f2-4b2f-8144-1886504886d7@group-246A682D5EB8: changes role from      null to FOLLOWER at term 0 for startAsFollower
2021-11-29 08:36:20,682 [pool-112-thread-1] INFO  impl.RoleInfo (RoleInfo.java:updateAndGet(130)) - e898274c-95f2-4b2f-8144-1886504886d7: start e898274c-95f2-4b2f-8144-1886504886d7@group-246A682D5EB8-FollowerState
2021-11-29 08:36:20,684 [pool-112-thread-1] INFO  util.JmxRegister (JmxRegister.java:tryRegister(44)) - Successfully registered JMX Bean with object name Ratis:service=RaftServer,group=group-246A682D5EB8,id=e898274c-95f2-4b2f-8144-1886504886d7
2021-11-29 08:36:20,685 [Command processor thread] INFO  ratis.XceiverServerRatis (XceiverServerRatis.java:addGroup(768)) - Created group PipelineID=339345d7-57f0-4b70-be45-246a682d5eb8
2021-11-29 08:36:20,685 [Command processor thread] INFO  commandhandler.CreatePipelineCommandHandler (CreatePipelineCommandHandler.java:handle(106)) - Created Pipeline RATIS ONE PipelineID=339345d7-57f0-4b70-be45-246a682d5eb8.
2021-11-29 08:36:20,686 [Command processor thread] INFO  server.RaftServer (RaftServerProxy.java:addNew(95)) - e898274c-95f2-4b2f-8144-1886504886d7: addNew group-735FD42A34FF:[f4a04b10-217f-404d-90c0-0144621113a2|rpc:10.1.0.67:40385|priority:0, ab751306-1b7d-4a09-8e2d-d0e9ffa10842|rpc:10.1.0.67:40499|priority:1, e898274c-95f2-4b2f-8144-1886504886d7|rpc:10.1.0.67:33347|priority:0] returns group-735FD42A34FF:java.util.concurrent.CompletableFuture@17d5a0a9[Not completed]
2021-11-29 08:36:20,687 [pool-112-thread-1] INFO  server.RaftServer$Division (RaftServerImpl.java:<init>(184)) - e898274c-95f2-4b2f-8144-1886504886d7: new RaftServerImpl for group-735FD42A34FF:[f4a04b10-217f-404d-90c0-0144621113a2|rpc:10.1.0.67:40385|priority:0, ab751306-1b7d-4a09-8e2d-d0e9ffa10842|rpc:10.1.0.67:40499|priority:1, e898274c-95f2-4b2f-8144-1886504886d7|rpc:10.1.0.67:33347|priority:0] with ContainerStateMachine:uninitialized
2021-11-29 08:36:20,687 [pool-112-thread-1] INFO  server.RaftServerConfigKeys (ConfUtils.java:logGet(44)) - raft.server.rpc.timeout.min = 5s (custom)
2021-11-29 08:36:20,687 [pool-112-thread-1] INFO  server.RaftServerConfigKeys (ConfUtils.java:logGet(44)) - raft.server.rpc.timeout.max = 5200ms (custom)
2021-11-29 08:36:20,687 [pool-112-thread-1] INFO  server.RaftServerConfigKeys (ConfUtils.java:logGet(44)) - raft.server.rpc.sleep.time = 25ms (default)
2021-11-29 08:36:20,687 [pool-112-thread-1] INFO  server.RaftServerConfigKeys (ConfUtils.java:logGet(44)) - raft.server.rpc.slowness.timeout = 300s (custom)
2021-11-29 08:36:20,687 [pool-112-thread-1] INFO  server.RaftServerConfigKeys (ConfUtils.java:logGet(44)) - raft.server.leaderelection.leader.step-down.wait-time = 10s (default)
2021-11-29 08:36:20,687 [pool-112-thread-1] INFO  server.RaftServerConfigKeys (ConfUtils.java:logGet(44)) - raft.server.sleep.deviation.threshold = 300ms (default)
2021-11-29 08:36:20,688 [pool-112-thread-1] INFO  server.RaftServerConfigKeys (ConfUtils.java:logGet(44)) - raft.server.log.appender.install.snapshot.enabled = false (custom)
2021-11-29 08:36:20,688 [pool-112-thread-1] INFO  server.RaftServer$Division (ServerState.java:<init>(105)) - e898274c-95f2-4b2f-8144-1886504886d7@group-735FD42A34FF: ConfigurationManager, init=-1: [f4a04b10-217f-404d-90c0-0144621113a2|rpc:10.1.0.67:40385|priority:0, ab751306-1b7d-4a09-8e2d-d0e9ffa10842|rpc:10.1.0.67:40499|priority:1, e898274c-95f2-4b2f-8144-1886504886d7|rpc:10.1.0.67:33347|priority:0], old=null, confs=<EMPTY_MAP>
2021-11-29 08:36:20,688 [pool-112-thread-1] INFO  server.RaftServerConfigKeys (ConfUtils.java:logGet(44)) - raft.server.storage.dir = [/home/runner/work/ozone/ozone/hadoop-ozone/integration-test/target/test-dir/MiniOzoneClusterImpl-3d114d2a-f85f-45ce-9fd0-840e2dc708c7/datanode-3/data/ratis] (custom)
2021-11-29 08:36:20,688 [pool-112-thread-1] INFO  server.RaftServerConfigKeys (ConfUtils.java:logGet(44)) - raft.server.log.corruption.policy = EXCEPTION (default)
2021-11-29 08:36:20,688 [pool-112-thread-1] INFO  server.RaftServerConfigKeys (ConfUtils.java:logGet(44)) - raft.server.storage.free-space.min = 0MB (=0) (default)
2021-11-29 08:36:20,688 [pool-112-thread-1] INFO  storage.RaftStorageDirectory (RaftStorageDirectoryImpl.java:analyzeStorage(135)) - The storage directory /home/runner/work/ozone/ozone/hadoop-ozone/integration-test/target/test-dir/MiniOzoneClusterImpl-3d114d2a-f85f-45ce-9fd0-840e2dc708c7/datanode-3/data/ratis/518896b8-3ec9-4215-9592-735fd42a34ff does not exist. Creating ...
2021-11-29 08:36:20,689 [pool-112-thread-1] INFO  storage.RaftStorageDirectory (RaftStorageDirectoryImpl.java:tryLock(230)) - Lock on /home/runner/work/ozone/ozone/hadoop-ozone/integration-test/target/test-dir/MiniOzoneClusterImpl-3d114d2a-f85f-45ce-9fd0-840e2dc708c7/datanode-3/data/ratis/518896b8-3ec9-4215-9592-735fd42a34ff/in_use.lock acquired by nodename 398@fv-az294-535
2021-11-29 08:36:20,690 [pool-112-thread-1] INFO  storage.RaftStorage (RaftStorageImpl.java:format(89)) - Storage directory /home/runner/work/ozone/ozone/hadoop-ozone/integration-test/target/test-dir/MiniOzoneClusterImpl-3d114d2a-f85f-45ce-9fd0-840e2dc708c7/datanode-3/data/ratis/518896b8-3ec9-4215-9592-735fd42a34ff has been successfully formatted.
2021-11-29 08:36:20,691 [pool-112-thread-1] INFO  ratis.ContainerStateMachine (ContainerStateMachine.java:loadSnapshot(224)) - group-735FD42A34FF: The snapshot info is null. Setting the last applied indexto:(t:0, i:~)
2021-11-29 08:36:20,691 [pool-112-thread-1] INFO  server.RaftServerConfigKeys (ConfUtils.java:logGet(44)) - raft.server.notification.no-leader.timeout = 300s (custom)
2021-11-29 08:36:20,691 [pool-112-thread-1] INFO  server.RaftServerConfigKeys (ConfUtils.java:logGet(44)) - raft.server.log.use.memory = false (default)
2021-11-29 08:36:20,692 [pool-112-thread-1] INFO  server.RaftServerConfigKeys (ConfUtils.java:logGet(44)) - raft.server.log.purge.gap = 1000000 (custom)
2021-11-29 08:36:20,692 [pool-112-thread-1] INFO  server.RaftServerConfigKeys (ConfUtils.java:logGet(44)) - raft.server.log.appender.buffer.byte-limit = 33554432 (custom)
2021-11-29 08:36:20,692 [pool-112-thread-1] INFO  server.RaftServerConfigKeys (ConfUtils.java:logGet(44)) - raft.server.log.segment.size.max = 1048576 (custom)
2021-11-29 08:36:20,695 [EventQueue-OpenPipelineForHealthyPipelineSafeModeRule] INFO  safemode.SCMSafeModeManager (HealthyPipelineSafeModeRule.java:process(124)) - SCM in safe mode. Healthy pipelines reported count is 0, required healthy pipeline reported count is 1
2021-11-29 08:36:20,696 [pool-112-thread-1] INFO  server.RaftServerConfigKeys (ConfUtils.java:logGet(44)) - raft.server.log.segment.cache.num.max = 2 (custom)
2021-11-29 08:36:20,696 [pool-112-thread-1] INFO  server.RaftServerConfigKeys (ConfUtils.java:logGet(44)) - raft.server.log.segment.cache.size.max = 200MB (=209715200) (default)
2021-11-29 08:36:20,696 [pool-112-thread-1] INFO  segmented.SegmentedRaftLogWorker (SegmentedRaftLogWorker.java:<init>(182)) - new e898274c-95f2-4b2f-8144-1886504886d7@group-735FD42A34FF-SegmentedRaftLogWorker for RaftStorageImpl:Storage Directory /home/runner/work/ozone/ozone/hadoop-ozone/integration-test/target/test-dir/MiniOzoneClusterImpl-3d114d2a-f85f-45ce-9fd0-840e2dc708c7/datanode-3/data/ratis/518896b8-3ec9-4215-9592-735fd42a34ff
2021-11-29 08:36:20,696 [pool-112-thread-1] INFO  server.RaftServerConfigKeys (ConfUtils.java:logGet(44)) - raft.server.log.queue.byte-limit = 2147483647 (custom)
2021-11-29 08:36:20,696 [pool-112-thread-1] INFO  server.RaftServerConfigKeys (ConfUtils.java:logGet(44)) - raft.server.log.queue.element-limit = 1024 (custom)
2021-11-29 08:36:20,697 [pool-112-thread-1] INFO  server.RaftServerConfigKeys (ConfUtils.java:logGet(44)) - raft.server.log.segment.size.max = 1048576 (custom)
2021-11-29 08:36:20,697 [pool-112-thread-1] INFO  server.RaftServerConfigKeys (ConfUtils.java:logGet(44)) - raft.server.log.preallocated.size = 16384 (custom)
2021-11-29 08:36:20,698 [pool-112-thread-1] INFO  server.RaftServerConfigKeys (ConfUtils.java:logGet(44)) - raft.server.log.force.sync.num = 128 (default)
2021-11-29 08:36:20,698 [pool-112-thread-1] INFO  server.RaftServerConfigKeys (ConfUtils.java:logGet(44)) - raft.server.log.statemachine.data.sync = true (default)
2021-11-29 08:36:20,698 [pool-112-thread-1] INFO  server.RaftServerConfigKeys (ConfUtils.java:logGet(44)) - raft.server.log.statemachine.data.sync.timeout = 10s (default)
2021-11-29 08:36:20,698 [pool-112-thread-1] INFO  server.RaftServerConfigKeys (ConfUtils.java:logGet(44)) - raft.server.log.statemachine.data.sync.timeout.retry = -1 (default)
2021-11-29 08:36:20,699 [pool-112-thread-1] INFO  server.RaftServerConfigKeys (ConfUtils.java:logGet(44)) - raft.server.log.write.buffer.size = 1048576 (custom)
2021-11-29 08:36:20,700 [pool-112-thread-1] INFO  server.RaftServerConfigKeys (ConfUtils.java:logGet(44)) - raft.server.log.statemachine.data.caching.enabled = true (custom)
2021-11-29 08:36:20,702 [pool-112-thread-1] INFO  segmented.SegmentedRaftLogWorker (SegmentedRaftLogWorker.java:lambda$new$0(133)) - e898274c-95f2-4b2f-8144-1886504886d7@group-735FD42A34FF-SegmentedRaftLogWorker: flushIndex: setUnconditionally 0 -> -1
2021-11-29 08:36:20,702 [pool-112-thread-1] INFO  segmented.SegmentedRaftLogWorker (SegmentedRaftLogWorker.java:lambda$new$0(133)) - e898274c-95f2-4b2f-8144-1886504886d7@group-735FD42A34FF-SegmentedRaftLogWorker: safeCacheEvictIndex: setUnconditionally 0 -> -1
2021-11-29 08:36:20,703 [pool-112-thread-1] INFO  server.RaftServerConfigKeys (ConfUtils.java:logGet(44)) - raft.server.snapshot.auto.trigger.enabled = true (custom)
2021-11-29 08:36:20,703 [pool-112-thread-1] INFO  server.RaftServerConfigKeys (ConfUtils.java:logGet(44)) - raft.server.snapshot.auto.trigger.threshold = 10000 (custom)
2021-11-29 08:36:20,703 [pool-112-thread-1] INFO  server.RaftServerConfigKeys (ConfUtils.java:logGet(44)) - raft.server.snapshot.retention.file.num = 5 (custom)
2021-11-29 08:36:20,703 [pool-112-thread-1] INFO  server.RaftServerConfigKeys (ConfUtils.java:logGet(44)) - raft.server.log.purge.upto.snapshot.index = false (default)
2021-11-29 08:36:20,703 [pool-112-thread-1] INFO  server.RaftServerConfigKeys (ConfUtils.java:logGet(44)) - raft.server.retrycache.expirytime = 600000ms (custom)
2021-11-29 08:36:20,703 [pool-112-thread-1] INFO  server.RaftServerConfigKeys (ConfUtils.java:logGet(44)) - raft.server.retrycache.statistics.expirytime = 100μs (default)
2021-11-29 08:36:20,704 [pool-112-thread-1] INFO  server.RaftServer$Division (RaftServerImpl.java:start(301)) - e898274c-95f2-4b2f-8144-1886504886d7@group-735FD42A34FF: start as a follower, conf=-1: [f4a04b10-217f-404d-90c0-0144621113a2|rpc:10.1.0.67:40385|priority:0, ab751306-1b7d-4a09-8e2d-d0e9ffa10842|rpc:10.1.0.67:40499|priority:1, e898274c-95f2-4b2f-8144-1886504886d7|rpc:10.1.0.67:33347|priority:0], old=null
2021-11-29 08:36:20,704 [pool-112-thread-1] INFO  server.RaftServer$Division (RaftServerImpl.java:setRole(290)) - e898274c-95f2-4b2f-8144-1886504886d7@group-735FD42A34FF: changes role from      null to FOLLOWER at term 0 for startAsFollower
2021-11-29 08:36:20,704 [pool-112-thread-1] INFO  impl.RoleInfo (RoleInfo.java:updateAndGet(130)) - e898274c-95f2-4b2f-8144-1886504886d7: start e898274c-95f2-4b2f-8144-1886504886d7@group-735FD42A34FF-FollowerState
2021-11-29 08:36:20,705 [pool-112-thread-1] INFO  util.JmxRegister (JmxRegister.java:tryRegister(44)) - Successfully registered JMX Bean with object name Ratis:service=RaftServer,group=group-735FD42A34FF,id=e898274c-95f2-4b2f-8144-1886504886d7
2021-11-29 08:36:20,706 [Command processor thread] INFO  ratis.XceiverServerRatis (XceiverServerRatis.java:addGroup(768)) - Created group PipelineID=518896b8-3ec9-4215-9592-735fd42a34ff
2021-11-29 08:36:20,721 [grpc-default-executor-0] INFO  server.RaftServer (RaftServerProxy.java:addNew(95)) - f4a04b10-217f-404d-90c0-0144621113a2: addNew group-735FD42A34FF:[f4a04b10-217f-404d-90c0-0144621113a2|rpc:10.1.0.67:40385|dataStream:|priority:0, ab751306-1b7d-4a09-8e2d-d0e9ffa10842|rpc:10.1.0.67:40499|dataStream:|priority:1, e898274c-95f2-4b2f-8144-1886504886d7|rpc:10.1.0.67:33347|dataStream:|priority:0] returns group-735FD42A34FF:java.util.concurrent.CompletableFuture@70517fbc[Not completed]
2021-11-29 08:36:20,722 [pool-131-thread-1] INFO  server.RaftServer$Division (RaftServerImpl.java:<init>(184)) - f4a04b10-217f-404d-90c0-0144621113a2: new RaftServerImpl for group-735FD42A34FF:[f4a04b10-217f-404d-90c0-0144621113a2|rpc:10.1.0.67:40385|dataStream:|priority:0, ab751306-1b7d-4a09-8e2d-d0e9ffa10842|rpc:10.1.0.67:40499|dataStream:|priority:1, e898274c-95f2-4b2f-8144-1886504886d7|rpc:10.1.0.67:33347|dataStream:|priority:0] with ContainerStateMachine:uninitialized
2021-11-29 08:36:20,723 [pool-131-thread-1] INFO  server.RaftServerConfigKeys (ConfUtils.java:logGet(44)) - raft.server.rpc.timeout.min = 5s (custom)
2021-11-29 08:36:20,723 [pool-131-thread-1] INFO  server.RaftServerConfigKeys (ConfUtils.java:logGet(44)) - raft.server.rpc.timeout.max = 5200ms (custom)
2021-11-29 08:36:20,723 [pool-131-thread-1] INFO  server.RaftServerConfigKeys (ConfUtils.java:logGet(44)) - raft.server.rpc.sleep.time = 25ms (default)
2021-11-29 08:36:20,723 [pool-131-thread-1] INFO  server.RaftServerConfigKeys (ConfUtils.java:logGet(44)) - raft.server.rpc.slowness.timeout = 300s (custom)
2021-11-29 08:36:20,724 [pool-131-thread-1] INFO  server.RaftServerConfigKeys (ConfUtils.java:logGet(44)) - raft.server.leaderelection.leader.step-down.wait-time = 10s (default)
2021-11-29 08:36:20,724 [pool-131-thread-1] INFO  server.RaftServerConfigKeys (ConfUtils.java:logGet(44)) - raft.server.sleep.deviation.threshold = 300ms (default)
2021-11-29 08:36:20,724 [pool-131-thread-1] INFO  server.RaftServerConfigKeys (ConfUtils.java:logGet(44)) - raft.server.log.appender.install.snapshot.enabled = false (custom)
2021-11-29 08:36:20,724 [pool-131-thread-1] INFO  server.RaftServer$Division (ServerState.java:<init>(105)) - f4a04b10-217f-404d-90c0-0144621113a2@group-735FD42A34FF: ConfigurationManager, init=-1: [f4a04b10-217f-404d-90c0-0144621113a2|rpc:10.1.0.67:40385|dataStream:|priority:0, ab751306-1b7d-4a09-8e2d-d0e9ffa10842|rpc:10.1.0.67:40499|dataStream:|priority:1, e898274c-95f2-4b2f-8144-1886504886d7|rpc:10.1.0.67:33347|dataStream:|priority:0], old=null, confs=<EMPTY_MAP>
2021-11-29 08:36:20,724 [pool-131-thread-1] INFO  server.RaftServerConfigKeys (ConfUtils.java:logGet(44)) - raft.server.storage.dir = [/home/runner/work/ozone/ozone/hadoop-ozone/integration-test/target/test-dir/MiniOzoneClusterImpl-3d114d2a-f85f-45ce-9fd0-840e2dc708c7/datanode-4/data/ratis] (custom)
2021-11-29 08:36:20,725 [pool-131-thread-1] INFO  server.RaftServerConfigKeys (ConfUtils.java:logGet(44)) - raft.server.log.corruption.policy = EXCEPTION (default)
2021-11-29 08:36:20,725 [pool-131-thread-1] INFO  server.RaftServerConfigKeys (ConfUtils.java:logGet(44)) - raft.server.storage.free-space.min = 0MB (=0) (default)
2021-11-29 08:36:20,725 [pool-131-thread-1] INFO  storage.RaftStorageDirectory (RaftStorageDirectoryImpl.java:analyzeStorage(135)) - The storage directory /home/runner/work/ozone/ozone/hadoop-ozone/integration-test/target/test-dir/MiniOzoneClusterImpl-3d114d2a-f85f-45ce-9fd0-840e2dc708c7/datanode-4/data/ratis/518896b8-3ec9-4215-9592-735fd42a34ff does not exist. Creating ...
2021-11-29 08:36:20,726 [pool-131-thread-1] INFO  storage.RaftStorageDirectory (RaftStorageDirectoryImpl.java:tryLock(230)) - Lock on /home/runner/work/ozone/ozone/hadoop-ozone/integration-test/target/test-dir/MiniOzoneClusterImpl-3d114d2a-f85f-45ce-9fd0-840e2dc708c7/datanode-4/data/ratis/518896b8-3ec9-4215-9592-735fd42a34ff/in_use.lock acquired by nodename 398@fv-az294-535
2021-11-29 08:36:20,727 [pool-131-thread-1] INFO  storage.RaftStorage (RaftStorageImpl.java:format(89)) - Storage directory /home/runner/work/ozone/ozone/hadoop-ozone/integration-test/target/test-dir/MiniOzoneClusterImpl-3d114d2a-f85f-45ce-9fd0-840e2dc708c7/datanode-4/data/ratis/518896b8-3ec9-4215-9592-735fd42a34ff has been successfully formatted.
2021-11-29 08:36:20,733 [pool-131-thread-1] INFO  ratis.ContainerStateMachine (ContainerStateMachine.java:loadSnapshot(224)) - group-735FD42A34FF: The snapshot info is null. Setting the last applied indexto:(t:0, i:~)
2021-11-29 08:36:20,737 [pool-131-thread-1] INFO  server.RaftServerConfigKeys (ConfUtils.java:logGet(44)) - raft.server.notification.no-leader.timeout = 300s (custom)
2021-11-29 08:36:20,737 [pool-131-thread-1] INFO  server.RaftServerConfigKeys (ConfUtils.java:logGet(44)) - raft.server.log.use.memory = false (default)
2021-11-29 08:36:20,737 [pool-131-thread-1] INFO  server.RaftServerConfigKeys (ConfUtils.java:logGet(44)) - raft.server.log.purge.gap = 1000000 (custom)
2021-11-29 08:36:20,738 [pool-131-thread-1] INFO  server.RaftServerConfigKeys (ConfUtils.java:logGet(44)) - raft.server.log.appender.buffer.byte-limit = 33554432 (custom)
2021-11-29 08:36:20,741 [pool-131-thread-1] INFO  server.RaftServerConfigKeys (ConfUtils.java:logGet(44)) - raft.server.log.segment.size.max = 1048576 (custom)
2021-11-29 08:36:20,741 [pool-131-thread-1] INFO  server.RaftServerConfigKeys (ConfUtils.java:logGet(44)) - raft.server.log.segment.cache.num.max = 2 (custom)
2021-11-29 08:36:20,741 [pool-131-thread-1] INFO  server.RaftServerConfigKeys (ConfUtils.java:logGet(44)) - raft.server.log.segment.cache.size.max = 200MB (=209715200) (default)
2021-11-29 08:36:20,741 [pool-131-thread-1] INFO  segmented.SegmentedRaftLogWorker (SegmentedRaftLogWorker.java:<init>(182)) - new f4a04b10-217f-404d-90c0-0144621113a2@group-735FD42A34FF-SegmentedRaftLogWorker for RaftStorageImpl:Storage Directory /home/runner/work/ozone/ozone/hadoop-ozone/integration-test/target/test-dir/MiniOzoneClusterImpl-3d114d2a-f85f-45ce-9fd0-840e2dc708c7/datanode-4/data/ratis/518896b8-3ec9-4215-9592-735fd42a34ff
2021-11-29 08:36:20,741 [pool-131-thread-1] INFO  server.RaftServerConfigKeys (ConfUtils.java:logGet(44)) - raft.server.log.queue.byte-limit = 2147483647 (custom)
2021-11-29 08:36:20,741 [pool-131-thread-1] INFO  server.RaftServerConfigKeys (ConfUtils.java:logGet(44)) - raft.server.log.queue.element-limit = 1024 (custom)
2021-11-29 08:36:20,741 [pool-131-thread-1] INFO  server.RaftServerConfigKeys (ConfUtils.java:logGet(44)) - raft.server.log.segment.size.max = 1048576 (custom)
2021-11-29 08:36:20,741 [pool-131-thread-1] INFO  server.RaftServerConfigKeys (ConfUtils.java:logGet(44)) - raft.server.log.preallocated.size = 16384 (custom)
2021-11-29 08:36:20,741 [pool-131-thread-1] INFO  server.RaftServerConfigKeys (ConfUtils.java:logGet(44)) - raft.server.log.force.sync.num = 128 (default)
2021-11-29 08:36:20,741 [pool-131-thread-1] INFO  server.RaftServerConfigKeys (ConfUtils.java:logGet(44)) - raft.server.log.statemachine.data.sync = true (default)
2021-11-29 08:36:20,742 [pool-131-thread-1] INFO  server.RaftServerConfigKeys (ConfUtils.java:logGet(44)) - raft.server.log.statemachine.data.sync.timeout = 10s (default)
2021-11-29 08:36:20,742 [pool-131-thread-1] INFO  server.RaftServerConfigKeys (ConfUtils.java:logGet(44)) - raft.server.log.statemachine.data.sync.timeout.retry = -1 (default)
2021-11-29 08:36:20,742 [pool-131-thread-1] INFO  server.RaftServerConfigKeys (ConfUtils.java:logGet(44)) - raft.server.log.write.buffer.size = 1048576 (custom)
2021-11-29 08:36:20,743 [pool-131-thread-1] INFO  server.RaftServerConfigKeys (ConfUtils.java:logGet(44)) - raft.server.log.statemachine.data.caching.enabled = true (custom)
2021-11-29 08:36:20,743 [pool-131-thread-1] INFO  segmented.SegmentedRaftLogWorker (SegmentedRaftLogWorker.java:lambda$new$0(133)) - f4a04b10-217f-404d-90c0-0144621113a2@group-735FD42A34FF-SegmentedRaftLogWorker: flushIndex: setUnconditionally 0 -> -1
2021-11-29 08:36:20,743 [pool-131-thread-1] INFO  segmented.SegmentedRaftLogWorker (SegmentedRaftLogWorker.java:lambda$new$0(133)) - f4a04b10-217f-404d-90c0-0144621113a2@group-735FD42A34FF-SegmentedRaftLogWorker: safeCacheEvictIndex: setUnconditionally 0 -> -1
2021-11-29 08:36:20,743 [pool-131-thread-1] INFO  server.RaftServerConfigKeys (ConfUtils.java:logGet(44)) - raft.server.snapshot.auto.trigger.enabled = true (custom)
2021-11-29 08:36:20,743 [pool-131-thread-1] INFO  server.RaftServerConfigKeys (ConfUtils.java:logGet(44)) - raft.server.snapshot.auto.trigger.threshold = 10000 (custom)
2021-11-29 08:36:20,743 [pool-131-thread-1] INFO  server.RaftServerConfigKeys (ConfUtils.java:logGet(44)) - raft.server.snapshot.retention.file.num = 5 (custom)
2021-11-29 08:36:20,744 [pool-131-thread-1] INFO  server.RaftServerConfigKeys (ConfUtils.java:logGet(44)) - raft.server.log.purge.upto.snapshot.index = false (default)
2021-11-29 08:36:20,744 [pool-131-thread-1] INFO  server.RaftServerConfigKeys (ConfUtils.java:logGet(44)) - raft.server.retrycache.expirytime = 600000ms (custom)
2021-11-29 08:36:20,744 [pool-131-thread-1] INFO  server.RaftServerConfigKeys (ConfUtils.java:logGet(44)) - raft.server.retrycache.statistics.expirytime = 100μs (default)
2021-11-29 08:36:20,745 [pool-131-thread-1] INFO  server.RaftServer$Division (RaftServerImpl.java:start(301)) - f4a04b10-217f-404d-90c0-0144621113a2@group-735FD42A34FF: start as a follower, conf=-1: [f4a04b10-217f-404d-90c0-0144621113a2|rpc:10.1.0.67:40385|dataStream:|priority:0, ab751306-1b7d-4a09-8e2d-d0e9ffa10842|rpc:10.1.0.67:40499|dataStream:|priority:1, e898274c-95f2-4b2f-8144-1886504886d7|rpc:10.1.0.67:33347|dataStream:|priority:0], old=null
2021-11-29 08:36:20,745 [pool-131-thread-1] INFO  server.RaftServer$Division (RaftServerImpl.java:setRole(290)) - f4a04b10-217f-404d-90c0-0144621113a2@group-735FD42A34FF: changes role from      null to FOLLOWER at term 0 for startAsFollower
2021-11-29 08:36:20,745 [pool-131-thread-1] INFO  impl.RoleInfo (RoleInfo.java:updateAndGet(130)) - f4a04b10-217f-404d-90c0-0144621113a2: start f4a04b10-217f-404d-90c0-0144621113a2@group-735FD42A34FF-FollowerState
2021-11-29 08:36:20,749 [pool-131-thread-1] INFO  util.JmxRegister (JmxRegister.java:tryRegister(44)) - Successfully registered JMX Bean with object name Ratis:service=RaftServer,group=group-735FD42A34FF,id=f4a04b10-217f-404d-90c0-0144621113a2
2021-11-29 08:36:20,773 [grpc-default-executor-0] INFO  server.RaftServer (RaftServerProxy.java:addNew(95)) - ab751306-1b7d-4a09-8e2d-d0e9ffa10842: addNew group-735FD42A34FF:[f4a04b10-217f-404d-90c0-0144621113a2|rpc:10.1.0.67:40385|dataStream:|priority:0, ab751306-1b7d-4a09-8e2d-d0e9ffa10842|rpc:10.1.0.67:40499|dataStream:|priority:1, e898274c-95f2-4b2f-8144-1886504886d7|rpc:10.1.0.67:33347|dataStream:|priority:0] returns group-735FD42A34FF:java.util.concurrent.CompletableFuture@4b0cf2ed[Not completed]
2021-11-29 08:36:20,783 [EventQueue-OpenPipelineForHealthyPipelineSafeModeRule] INFO  safemode.SCMSafeModeManager (HealthyPipelineSafeModeRule.java:process(124)) - SCM in safe mode. Healthy pipelines reported count is 0, required healthy pipeline reported count is 1
2021-11-29 08:36:20,784 [pool-150-thread-1] INFO  server.RaftServer$Division (RaftServerImpl.java:<init>(184)) - ab751306-1b7d-4a09-8e2d-d0e9ffa10842: new RaftServerImpl for group-735FD42A34FF:[f4a04b10-217f-404d-90c0-0144621113a2|rpc:10.1.0.67:40385|dataStream:|priority:0, ab751306-1b7d-4a09-8e2d-d0e9ffa10842|rpc:10.1.0.67:40499|dataStream:|priority:1, e898274c-95f2-4b2f-8144-1886504886d7|rpc:10.1.0.67:33347|dataStream:|priority:0] with ContainerStateMachine:uninitialized
2021-11-29 08:36:20,786 [pool-150-thread-1] INFO  server.RaftServerConfigKeys (ConfUtils.java:logGet(44)) - raft.server.rpc.timeout.min = 5s (custom)
2021-11-29 08:36:20,786 [pool-150-thread-1] INFO  server.RaftServerConfigKeys (ConfUtils.java:logGet(44)) - raft.server.rpc.timeout.max = 5200ms (custom)
2021-11-29 08:36:20,786 [pool-150-thread-1] INFO  server.RaftServerConfigKeys (ConfUtils.java:logGet(44)) - raft.server.rpc.sleep.time = 25ms (default)
2021-11-29 08:36:20,786 [pool-150-thread-1] INFO  server.RaftServerConfigKeys (ConfUtils.java:logGet(44)) - raft.server.rpc.slowness.timeout = 300s (custom)
2021-11-29 08:36:20,786 [pool-150-thread-1] INFO  server.RaftServerConfigKeys (ConfUtils.java:logGet(44)) - raft.server.leaderelection.leader.step-down.wait-time = 10s (default)
2021-11-29 08:36:20,786 [pool-150-thread-1] INFO  server.RaftServerConfigKeys (ConfUtils.java:logGet(44)) - raft.server.sleep.deviation.threshold = 300ms (default)
2021-11-29 08:36:20,786 [pool-150-thread-1] INFO  server.RaftServerConfigKeys (ConfUtils.java:logGet(44)) - raft.server.log.appender.install.snapshot.enabled = false (custom)
2021-11-29 08:36:20,786 [pool-150-thread-1] INFO  server.RaftServer$Division (ServerState.java:<init>(105)) - ab751306-1b7d-4a09-8e2d-d0e9ffa10842@group-735FD42A34FF: ConfigurationManager, init=-1: [f4a04b10-217f-404d-90c0-0144621113a2|rpc:10.1.0.67:40385|dataStream:|priority:0, ab751306-1b7d-4a09-8e2d-d0e9ffa10842|rpc:10.1.0.67:40499|dataStream:|priority:1, e898274c-95f2-4b2f-8144-1886504886d7|rpc:10.1.0.67:33347|dataStream:|priority:0], old=null, confs=<EMPTY_MAP>
2021-11-29 08:36:20,786 [pool-150-thread-1] INFO  server.RaftServerConfigKeys (ConfUtils.java:logGet(44)) - raft.server.storage.dir = [/home/runner/work/ozone/ozone/hadoop-ozone/integration-test/target/test-dir/MiniOzoneClusterImpl-3d114d2a-f85f-45ce-9fd0-840e2dc708c7/datanode-5/data/ratis] (custom)
2021-11-29 08:36:20,787 [pool-150-thread-1] INFO  server.RaftServerConfigKeys (ConfUtils.java:logGet(44)) - raft.server.log.corruption.policy = EXCEPTION (default)
2021-11-29 08:36:20,788 [pool-150-thread-1] INFO  server.RaftServerConfigKeys (ConfUtils.java:logGet(44)) - raft.server.storage.free-space.min = 0MB (=0) (default)
2021-11-29 08:36:20,788 [pool-150-thread-1] INFO  storage.RaftStorageDirectory (RaftStorageDirectoryImpl.java:analyzeStorage(135)) - The storage directory /home/runner/work/ozone/ozone/hadoop-ozone/integration-test/target/test-dir/MiniOzoneClusterImpl-3d114d2a-f85f-45ce-9fd0-840e2dc708c7/datanode-5/data/ratis/518896b8-3ec9-4215-9592-735fd42a34ff does not exist. Creating ...
2021-11-29 08:36:20,791 [pool-150-thread-1] INFO  storage.RaftStorageDirectory (RaftStorageDirectoryImpl.java:tryLock(230)) - Lock on /home/runner/work/ozone/ozone/hadoop-ozone/integration-test/target/test-dir/MiniOzoneClusterImpl-3d114d2a-f85f-45ce-9fd0-840e2dc708c7/datanode-5/data/ratis/518896b8-3ec9-4215-9592-735fd42a34ff/in_use.lock acquired by nodename 398@fv-az294-535
2021-11-29 08:36:20,792 [pool-150-thread-1] INFO  storage.RaftStorage (RaftStorageImpl.java:format(89)) - Storage directory /home/runner/work/ozone/ozone/hadoop-ozone/integration-test/target/test-dir/MiniOzoneClusterImpl-3d114d2a-f85f-45ce-9fd0-840e2dc708c7/datanode-5/data/ratis/518896b8-3ec9-4215-9592-735fd42a34ff has been successfully formatted.
2021-11-29 08:36:20,793 [pool-150-thread-1] INFO  ratis.ContainerStateMachine (ContainerStateMachine.java:loadSnapshot(224)) - group-735FD42A34FF: The snapshot info is null. Setting the last applied indexto:(t:0, i:~)
2021-11-29 08:36:20,793 [pool-150-thread-1] INFO  server.RaftServerConfigKeys (ConfUtils.java:logGet(44)) - raft.server.notification.no-leader.timeout = 300s (custom)
2021-11-29 08:36:20,793 [pool-150-thread-1] INFO  server.RaftServerConfigKeys (ConfUtils.java:logGet(44)) - raft.server.log.use.memory = false (default)
2021-11-29 08:36:20,794 [pool-150-thread-1] INFO  server.RaftServerConfigKeys (ConfUtils.java:logGet(44)) - raft.server.log.purge.gap = 1000000 (custom)
2021-11-29 08:36:20,794 [pool-150-thread-1] INFO  server.RaftServerConfigKeys (ConfUtils.java:logGet(44)) - raft.server.log.appender.buffer.byte-limit = 33554432 (custom)
2021-11-29 08:36:20,794 [pool-150-thread-1] INFO  server.RaftServerConfigKeys (ConfUtils.java:logGet(44)) - raft.server.log.segment.size.max = 1048576 (custom)
2021-11-29 08:36:20,795 [pool-150-thread-1] INFO  server.RaftServerConfigKeys (ConfUtils.java:logGet(44)) - raft.server.log.segment.cache.num.max = 2 (custom)
2021-11-29 08:36:20,795 [pool-150-thread-1] INFO  server.RaftServerConfigKeys (ConfUtils.java:logGet(44)) - raft.server.log.segment.cache.size.max = 200MB (=209715200) (default)
2021-11-29 08:36:20,795 [pool-150-thread-1] INFO  segmented.SegmentedRaftLogWorker (SegmentedRaftLogWorker.java:<init>(182)) - new ab751306-1b7d-4a09-8e2d-d0e9ffa10842@group-735FD42A34FF-SegmentedRaftLogWorker for RaftStorageImpl:Storage Directory /home/runner/work/ozone/ozone/hadoop-ozone/integration-test/target/test-dir/MiniOzoneClusterImpl-3d114d2a-f85f-45ce-9fd0-840e2dc708c7/datanode-5/data/ratis/518896b8-3ec9-4215-9592-735fd42a34ff
2021-11-29 08:36:20,795 [pool-150-thread-1] INFO  server.RaftServerConfigKeys (ConfUtils.java:logGet(44)) - raft.server.log.queue.byte-limit = 2147483647 (custom)
2021-11-29 08:36:20,795 [pool-150-thread-1] INFO  server.RaftServerConfigKeys (ConfUtils.java:logGet(44)) - raft.server.log.queue.element-limit = 1024 (custom)
2021-11-29 08:36:20,795 [pool-150-thread-1] INFO  server.RaftServerConfigKeys (ConfUtils.java:logGet(44)) - raft.server.log.segment.size.max = 1048576 (custom)
2021-11-29 08:36:20,795 [pool-150-thread-1] INFO  server.RaftServerConfigKeys (ConfUtils.java:logGet(44)) - raft.server.log.preallocated.size = 16384 (custom)
2021-11-29 08:36:20,795 [pool-150-thread-1] INFO  server.RaftServerConfigKeys (ConfUtils.java:logGet(44)) - raft.server.log.force.sync.num = 128 (default)
2021-11-29 08:36:20,795 [pool-150-thread-1] INFO  server.RaftServerConfigKeys (ConfUtils.java:logGet(44)) - raft.server.log.statemachine.data.sync = true (default)
2021-11-29 08:36:20,795 [pool-150-thread-1] INFO  server.RaftServerConfigKeys (ConfUtils.java:logGet(44)) - raft.server.log.statemachine.data.sync.timeout = 10s (default)
2021-11-29 08:36:20,795 [pool-150-thread-1] INFO  server.RaftServerConfigKeys (ConfUtils.java:logGet(44)) - raft.server.log.statemachine.data.sync.timeout.retry = -1 (default)
2021-11-29 08:36:20,798 [pool-150-thread-1] INFO  server.RaftServerConfigKeys (ConfUtils.java:logGet(44)) - raft.server.log.write.buffer.size = 1048576 (custom)
2021-11-29 08:36:20,798 [pool-150-thread-1] INFO  server.RaftServerConfigKeys (ConfUtils.java:logGet(44)) - raft.server.log.statemachine.data.caching.enabled = true (custom)
2021-11-29 08:36:20,799 [pool-150-thread-1] INFO  segmented.SegmentedRaftLogWorker (SegmentedRaftLogWorker.java:lambda$new$0(133)) - ab751306-1b7d-4a09-8e2d-d0e9ffa10842@group-735FD42A34FF-SegmentedRaftLogWorker: flushIndex: setUnconditionally 0 -> -1
2021-11-29 08:36:20,799 [pool-150-thread-1] INFO  segmented.SegmentedRaftLogWorker (SegmentedRaftLogWorker.java:lambda$new$0(133)) - ab751306-1b7d-4a09-8e2d-d0e9ffa10842@group-735FD42A34FF-SegmentedRaftLogWorker: safeCacheEvictIndex: setUnconditionally 0 -> -1
2021-11-29 08:36:20,799 [pool-150-thread-1] INFO  server.RaftServerConfigKeys (ConfUtils.java:logGet(44)) - raft.server.snapshot.auto.trigger.enabled = true (custom)
2021-11-29 08:36:20,800 [pool-150-thread-1] INFO  server.RaftServerConfigKeys (ConfUtils.java:logGet(44)) - raft.server.snapshot.auto.trigger.threshold = 10000 (custom)
2021-11-29 08:36:20,800 [pool-150-thread-1] INFO  server.RaftServerConfigKeys (ConfUtils.java:logGet(44)) - raft.server.snapshot.retention.file.num = 5 (custom)
2021-11-29 08:36:20,800 [pool-150-thread-1] INFO  server.RaftServerConfigKeys (ConfUtils.java:logGet(44)) - raft.server.log.purge.upto.snapshot.index = false (default)
2021-11-29 08:36:20,800 [pool-150-thread-1] INFO  server.RaftServerConfigKeys (ConfUtils.java:logGet(44)) - raft.server.retrycache.expirytime = 600000ms (custom)
2021-11-29 08:36:20,800 [pool-150-thread-1] INFO  server.RaftServerConfigKeys (ConfUtils.java:logGet(44)) - raft.server.retrycache.statistics.expirytime = 100μs (default)
2021-11-29 08:36:20,801 [pool-150-thread-1] INFO  server.RaftServer$Division (RaftServerImpl.java:start(301)) - ab751306-1b7d-4a09-8e2d-d0e9ffa10842@group-735FD42A34FF: start as a follower, conf=-1: [f4a04b10-217f-404d-90c0-0144621113a2|rpc:10.1.0.67:40385|dataStream:|priority:0, ab751306-1b7d-4a09-8e2d-d0e9ffa10842|rpc:10.1.0.67:40499|dataStream:|priority:1, e898274c-95f2-4b2f-8144-1886504886d7|rpc:10.1.0.67:33347|dataStream:|priority:0], old=null
2021-11-29 08:36:20,801 [pool-150-thread-1] INFO  server.RaftServer$Division (RaftServerImpl.java:setRole(290)) - ab751306-1b7d-4a09-8e2d-d0e9ffa10842@group-735FD42A34FF: changes role from      null to FOLLOWER at term 0 for startAsFollower
2021-11-29 08:36:20,801 [pool-150-thread-1] INFO  impl.RoleInfo (RoleInfo.java:updateAndGet(130)) - ab751306-1b7d-4a09-8e2d-d0e9ffa10842: start ab751306-1b7d-4a09-8e2d-d0e9ffa10842@group-735FD42A34FF-FollowerState
2021-11-29 08:36:20,801 [pool-150-thread-1] INFO  util.JmxRegister (JmxRegister.java:tryRegister(44)) - Successfully registered JMX Bean with object name Ratis:service=RaftServer,group=group-735FD42A34FF,id=ab751306-1b7d-4a09-8e2d-d0e9ffa10842
2021-11-29 08:36:20,802 [ReplicationMonitor] INFO  container.ReplicationManager (ReplicationManager.java:processAll(371)) - Replication Monitor Thread took 0 milliseconds for processing 0 containers.
2021-11-29 08:36:20,808 [Command processor thread] INFO  commandhandler.CreatePipelineCommandHandler (CreatePipelineCommandHandler.java:handle(106)) - Created Pipeline RATIS THREE PipelineID=518896b8-3ec9-4215-9592-735fd42a34ff.
2021-11-29 08:36:20,944 [Command processor thread] INFO  server.RaftServer (RaftServerProxy.java:addNew(95)) - f4a04b10-217f-404d-90c0-0144621113a2: addNew group-F98C2D00A595:[f4a04b10-217f-404d-90c0-0144621113a2|rpc:10.1.0.67:40385|priority:1] returns group-F98C2D00A595:java.util.concurrent.CompletableFuture@643877ae[Not completed]
2021-11-29 08:36:20,945 [pool-131-thread-1] INFO  server.RaftServer$Division (RaftServerImpl.java:<init>(184)) - f4a04b10-217f-404d-90c0-0144621113a2: new RaftServerImpl for group-F98C2D00A595:[f4a04b10-217f-404d-90c0-0144621113a2|rpc:10.1.0.67:40385|priority:1] with ContainerStateMachine:uninitialized
2021-11-29 08:36:20,945 [pool-131-thread-1] INFO  server.RaftServerConfigKeys (ConfUtils.java:logGet(44)) - raft.server.rpc.timeout.min = 5s (custom)
2021-11-29 08:36:20,945 [pool-131-thread-1] INFO  server.RaftServerConfigKeys (ConfUtils.java:logGet(44)) - raft.server.rpc.timeout.max = 5200ms (custom)
2021-11-29 08:36:20,945 [pool-131-thread-1] INFO  server.RaftServerConfigKeys (ConfUtils.java:logGet(44)) - raft.server.rpc.sleep.time = 25ms (default)
2021-11-29 08:36:20,945 [pool-131-thread-1] INFO  server.RaftServerConfigKeys (ConfUtils.java:logGet(44)) - raft.server.rpc.slowness.timeout = 300s (custom)
2021-11-29 08:36:20,945 [pool-131-thread-1] INFO  server.RaftServerConfigKeys (ConfUtils.java:logGet(44)) - raft.server.leaderelection.leader.step-down.wait-time = 10s (default)
2021-11-29 08:36:20,945 [pool-131-thread-1] INFO  server.RaftServerConfigKeys (ConfUtils.java:logGet(44)) - raft.server.sleep.deviation.threshold = 300ms (default)
2021-11-29 08:36:20,945 [pool-131-thread-1] INFO  server.RaftServerConfigKeys (ConfUtils.java:logGet(44)) - raft.server.log.appender.install.snapshot.enabled = false (custom)
2021-11-29 08:36:20,945 [pool-131-thread-1] INFO  server.RaftServer$Division (ServerState.java:<init>(105)) - f4a04b10-217f-404d-90c0-0144621113a2@group-F98C2D00A595: ConfigurationManager, init=-1: [f4a04b10-217f-404d-90c0-0144621113a2|rpc:10.1.0.67:40385|priority:1], old=null, confs=<EMPTY_MAP>
2021-11-29 08:36:20,945 [pool-131-thread-1] INFO  server.RaftServerConfigKeys (ConfUtils.java:logGet(44)) - raft.server.storage.dir = [/home/runner/work/ozone/ozone/hadoop-ozone/integration-test/target/test-dir/MiniOzoneClusterImpl-3d114d2a-f85f-45ce-9fd0-840e2dc708c7/datanode-4/data/ratis] (custom)
2021-11-29 08:36:20,946 [pool-131-thread-1] INFO  server.RaftServerConfigKeys (ConfUtils.java:logGet(44)) - raft.server.log.corruption.policy = EXCEPTION (default)
2021-11-29 08:36:20,946 [pool-131-thread-1] INFO  server.RaftServerConfigKeys (ConfUtils.java:logGet(44)) - raft.server.storage.free-space.min = 0MB (=0) (default)
2021-11-29 08:36:20,946 [pool-131-thread-1] INFO  storage.RaftStorageDirectory (RaftStorageDirectoryImpl.java:analyzeStorage(135)) - The storage directory /home/runner/work/ozone/ozone/hadoop-ozone/integration-test/target/test-dir/MiniOzoneClusterImpl-3d114d2a-f85f-45ce-9fd0-840e2dc708c7/datanode-4/data/ratis/7f7ee3f5-0e13-44ac-94c9-f98c2d00a595 does not exist. Creating ...
2021-11-29 08:36:20,947 [pool-131-thread-1] INFO  storage.RaftStorageDirectory (RaftStorageDirectoryImpl.java:tryLock(230)) - Lock on /home/runner/work/ozone/ozone/hadoop-ozone/integration-test/target/test-dir/MiniOzoneClusterImpl-3d114d2a-f85f-45ce-9fd0-840e2dc708c7/datanode-4/data/ratis/7f7ee3f5-0e13-44ac-94c9-f98c2d00a595/in_use.lock acquired by nodename 398@fv-az294-535
2021-11-29 08:36:20,948 [pool-131-thread-1] INFO  storage.RaftStorage (RaftStorageImpl.java:format(89)) - Storage directory /home/runner/work/ozone/ozone/hadoop-ozone/integration-test/target/test-dir/MiniOzoneClusterImpl-3d114d2a-f85f-45ce-9fd0-840e2dc708c7/datanode-4/data/ratis/7f7ee3f5-0e13-44ac-94c9-f98c2d00a595 has been successfully formatted.
2021-11-29 08:36:20,948 [pool-131-thread-1] INFO  ratis.ContainerStateMachine (ContainerStateMachine.java:loadSnapshot(224)) - group-F98C2D00A595: The snapshot info is null. Setting the last applied indexto:(t:0, i:~)
2021-11-29 08:36:20,949 [pool-131-thread-1] INFO  server.RaftServerConfigKeys (ConfUtils.java:logGet(44)) - raft.server.notification.no-leader.timeout = 300s (custom)
2021-11-29 08:36:20,949 [pool-131-thread-1] INFO  server.RaftServerConfigKeys (ConfUtils.java:logGet(44)) - raft.server.log.use.memory = false (default)
2021-11-29 08:36:20,950 [pool-131-thread-1] INFO  server.RaftServerConfigKeys (ConfUtils.java:logGet(44)) - raft.server.log.purge.gap = 1000000 (custom)
2021-11-29 08:36:20,950 [pool-131-thread-1] INFO  server.RaftServerConfigKeys (ConfUtils.java:logGet(44)) - raft.server.log.appender.buffer.byte-limit = 33554432 (custom)
2021-11-29 08:36:20,951 [pool-131-thread-1] INFO  server.RaftServerConfigKeys (ConfUtils.java:logGet(44)) - raft.server.log.segment.size.max = 1048576 (custom)
2021-11-29 08:36:20,951 [pool-131-thread-1] INFO  server.RaftServerConfigKeys (ConfUtils.java:logGet(44)) - raft.server.log.segment.cache.num.max = 2 (custom)
2021-11-29 08:36:20,951 [pool-131-thread-1] INFO  server.RaftServerConfigKeys (ConfUtils.java:logGet(44)) - raft.server.log.segment.cache.size.max = 200MB (=209715200) (default)
2021-11-29 08:36:20,951 [pool-131-thread-1] INFO  segmented.SegmentedRaftLogWorker (SegmentedRaftLogWorker.java:<init>(182)) - new f4a04b10-217f-404d-90c0-0144621113a2@group-F98C2D00A595-SegmentedRaftLogWorker for RaftStorageImpl:Storage Directory /home/runner/work/ozone/ozone/hadoop-ozone/integration-test/target/test-dir/MiniOzoneClusterImpl-3d114d2a-f85f-45ce-9fd0-840e2dc708c7/datanode-4/data/ratis/7f7ee3f5-0e13-44ac-94c9-f98c2d00a595
2021-11-29 08:36:20,951 [pool-131-thread-1] INFO  server.RaftServerConfigKeys (ConfUtils.java:logGet(44)) - raft.server.log.queue.byte-limit = 2147483647 (custom)
2021-11-29 08:36:20,951 [pool-131-thread-1] INFO  server.RaftServerConfigKeys (ConfUtils.java:logGet(44)) - raft.server.log.queue.element-limit = 1024 (custom)
2021-11-29 08:36:20,951 [pool-131-thread-1] INFO  server.RaftServerConfigKeys (ConfUtils.java:logGet(44)) - raft.server.log.segment.size.max = 1048576 (custom)
2021-11-29 08:36:20,951 [pool-131-thread-1] INFO  server.RaftServerConfigKeys (ConfUtils.java:logGet(44)) - raft.server.log.preallocated.size = 16384 (custom)
2021-11-29 08:36:20,951 [pool-131-thread-1] INFO  server.RaftServerConfigKeys (ConfUtils.java:logGet(44)) - raft.server.log.force.sync.num = 128 (default)
2021-11-29 08:36:20,951 [pool-131-thread-1] INFO  server.RaftServerConfigKeys (ConfUtils.java:logGet(44)) - raft.server.log.statemachine.data.sync = true (default)
2021-11-29 08:36:20,951 [pool-131-thread-1] INFO  server.RaftServerConfigKeys (ConfUtils.java:logGet(44)) - raft.server.log.statemachine.data.sync.timeout = 10s (default)
2021-11-29 08:36:20,952 [EventQueue-PipelineReportForPipelineReportHandler] INFO  pipeline.PipelineManagerImpl (PipelineManagerImpl.java:openPipeline(289)) - Pipeline Pipeline[ Id: 7f7ee3f5-0e13-44ac-94c9-f98c2d00a595, Nodes: f4a04b10-217f-404d-90c0-0144621113a2{ip: 10.1.0.67, host: fv-az294-535.eaanfquahm5ulb5tj050gcxych.jx.internal.cloudapp.net, ports: [REPLICATION=35525, RATIS=40385, RATIS_ADMIN=40385, RATIS_SERVER=40385, STANDALONE=36291], networkLocation: /default-rack, certSerialId: null, persistedOpState: IN_SERVICE, persistedOpStateExpiryEpochSec: 0}, ReplicationConfig: RATIS/ONE, State:ALLOCATED, leaderId:f4a04b10-217f-404d-90c0-0144621113a2, CreationTimestamp2021-11-29T08:36:17.948Z[Etc/UTC]] moved to OPEN state
2021-11-29 08:36:20,952 [pool-131-thread-1] INFO  server.RaftServerConfigKeys (ConfUtils.java:logGet(44)) - raft.server.log.statemachine.data.sync.timeout.retry = -1 (default)
2021-11-29 08:36:20,954 [EventQueue-OpenPipelineForHealthyPipelineSafeModeRule] INFO  safemode.SCMSafeModeManager (HealthyPipelineSafeModeRule.java:process(124)) - SCM in safe mode. Healthy pipelines reported count is 0, required healthy pipeline reported count is 1
2021-11-29 08:36:20,956 [pool-131-thread-1] INFO  server.RaftServerConfigKeys (ConfUtils.java:logGet(44)) - raft.server.log.write.buffer.size = 1048576 (custom)
2021-11-29 08:36:20,956 [pool-131-thread-1] INFO  server.RaftServerConfigKeys (ConfUtils.java:logGet(44)) - raft.server.log.statemachine.data.caching.enabled = true (custom)
2021-11-29 08:36:20,956 [pool-131-thread-1] INFO  segmented.SegmentedRaftLogWorker (SegmentedRaftLogWorker.java:lambda$new$0(133)) - f4a04b10-217f-404d-90c0-0144621113a2@group-F98C2D00A595-SegmentedRaftLogWorker: flushIndex: setUnconditionally 0 -> -1
2021-11-29 08:36:20,956 [pool-131-thread-1] INFO  segmented.SegmentedRaftLogWorker (SegmentedRaftLogWorker.java:lambda$new$0(133)) - f4a04b10-217f-404d-90c0-0144621113a2@group-F98C2D00A595-SegmentedRaftLogWorker: safeCacheEvictIndex: setUnconditionally 0 -> -1
2021-11-29 08:36:20,956 [pool-131-thread-1] INFO  server.RaftServerConfigKeys (ConfUtils.java:logGet(44)) - raft.server.snapshot.auto.trigger.enabled = true (custom)
2021-11-29 08:36:20,957 [pool-131-thread-1] INFO  server.RaftServerConfigKeys (ConfUtils.java:logGet(44)) - raft.server.snapshot.auto.trigger.threshold = 10000 (custom)
2021-11-29 08:36:20,957 [pool-131-thread-1] INFO  server.RaftServerConfigKeys (ConfUtils.java:logGet(44)) - raft.server.snapshot.retention.file.num = 5 (custom)
2021-11-29 08:36:20,957 [pool-131-thread-1] INFO  server.RaftServerConfigKeys (ConfUtils.java:logGet(44)) - raft.server.log.purge.upto.snapshot.index = false (default)
2021-11-29 08:36:20,957 [pool-131-thread-1] INFO  server.RaftServerConfigKeys (ConfUtils.java:logGet(44)) - raft.server.retrycache.expirytime = 600000ms (custom)
2021-11-29 08:36:20,957 [pool-131-thread-1] INFO  server.RaftServerConfigKeys (ConfUtils.java:logGet(44)) - raft.server.retrycache.statistics.expirytime = 100μs (default)
2021-11-29 08:36:20,958 [pool-131-thread-1] INFO  server.RaftServer$Division (RaftServerImpl.java:start(301)) - f4a04b10-217f-404d-90c0-0144621113a2@group-F98C2D00A595: start as a follower, conf=-1: [f4a04b10-217f-404d-90c0-0144621113a2|rpc:10.1.0.67:40385|priority:1], old=null
2021-11-29 08:36:20,959 [pool-131-thread-1] INFO  server.RaftServer$Division (RaftServerImpl.java:setRole(290)) - f4a04b10-217f-404d-90c0-0144621113a2@group-F98C2D00A595: changes role from      null to FOLLOWER at term 0 for startAsFollower
2021-11-29 08:36:20,959 [pool-131-thread-1] INFO  impl.RoleInfo (RoleInfo.java:updateAndGet(130)) - f4a04b10-217f-404d-90c0-0144621113a2: start f4a04b10-217f-404d-90c0-0144621113a2@group-F98C2D00A595-FollowerState
2021-11-29 08:36:20,959 [pool-131-thread-1] INFO  util.JmxRegister (JmxRegister.java:tryRegister(44)) - Successfully registered JMX Bean with object name Ratis:service=RaftServer,group=group-F98C2D00A595,id=f4a04b10-217f-404d-90c0-0144621113a2
2021-11-29 08:36:20,960 [Command processor thread] INFO  ratis.XceiverServerRatis (XceiverServerRatis.java:addGroup(768)) - Created group PipelineID=7f7ee3f5-0e13-44ac-94c9-f98c2d00a595
2021-11-29 08:36:20,960 [Command processor thread] INFO  commandhandler.CreatePipelineCommandHandler (CreatePipelineCommandHandler.java:handle(106)) - Created Pipeline RATIS ONE PipelineID=7f7ee3f5-0e13-44ac-94c9-f98c2d00a595.
2021-11-29 08:36:21,085 [Listener at 127.0.0.1/45237] INFO  ozone.MiniOzoneClusterImpl (MiniOzoneClusterImpl.java:lambda$waitForClusterToBeReady$0(235)) - Nodes are ready. Got 6 of 6 DN Heartbeats.
2021-11-29 08:36:21,085 [Listener at 127.0.0.1/45237] INFO  ozone.MiniOzoneClusterImpl (MiniOzoneClusterImpl.java:lambda$waitForClusterToBeReady$0(238)) - Waiting for cluster to exit safe mode
2021-11-29 08:36:21,085 [Listener at 127.0.0.1/45237] INFO  ozone.MiniOzoneClusterImpl (MiniOzoneClusterImpl.java:lambda$waitForClusterToBeReady$0(240)) - SCM became leader
2021-11-29 08:36:21,086 [Command processor thread] INFO  server.RaftServer (RaftServerProxy.java:addNew(95)) - ab751306-1b7d-4a09-8e2d-d0e9ffa10842: addNew group-99133EBF817F:[ab751306-1b7d-4a09-8e2d-d0e9ffa10842|rpc:10.1.0.67:40499|priority:1] returns group-99133EBF817F:java.util.concurrent.CompletableFuture@1de400dc[Not completed]
2021-11-29 08:36:21,087 [pool-150-thread-1] INFO  server.RaftServer$Division (RaftServerImpl.java:<init>(184)) - ab751306-1b7d-4a09-8e2d-d0e9ffa10842: new RaftServerImpl for group-99133EBF817F:[ab751306-1b7d-4a09-8e2d-d0e9ffa10842|rpc:10.1.0.67:40499|priority:1] with ContainerStateMachine:uninitialized
2021-11-29 08:36:21,088 [pool-150-thread-1] INFO  server.RaftServerConfigKeys (ConfUtils.java:logGet(44)) - raft.server.rpc.timeout.min = 5s (custom)
2021-11-29 08:36:21,088 [pool-150-thread-1] INFO  server.RaftServerConfigKeys (ConfUtils.java:logGet(44)) - raft.server.rpc.timeout.max = 5200ms (custom)
2021-11-29 08:36:21,088 [pool-150-thread-1] INFO  server.RaftServerConfigKeys (ConfUtils.java:logGet(44)) - raft.server.rpc.sleep.time = 25ms (default)
2021-11-29 08:36:21,088 [pool-150-thread-1] INFO  server.RaftServerConfigKeys (ConfUtils.java:logGet(44)) - raft.server.rpc.slowness.timeout = 300s (custom)
2021-11-29 08:36:21,088 [pool-150-thread-1] INFO  server.RaftServerConfigKeys (ConfUtils.java:logGet(44)) - raft.server.leaderelection.leader.step-down.wait-time = 10s (default)
2021-11-29 08:36:21,088 [pool-150-thread-1] INFO  server.RaftServerConfigKeys (ConfUtils.java:logGet(44)) - raft.server.sleep.deviation.threshold = 300ms (default)
2021-11-29 08:36:21,088 [pool-150-thread-1] INFO  server.RaftServerConfigKeys (ConfUtils.java:logGet(44)) - raft.server.log.appender.install.snapshot.enabled = false (custom)
2021-11-29 08:36:21,088 [pool-150-thread-1] INFO  server.RaftServer$Division (ServerState.java:<init>(105)) - ab751306-1b7d-4a09-8e2d-d0e9ffa10842@group-99133EBF817F: ConfigurationManager, init=-1: [ab751306-1b7d-4a09-8e2d-d0e9ffa10842|rpc:10.1.0.67:40499|priority:1], old=null, confs=<EMPTY_MAP>
2021-11-29 08:36:21,088 [pool-150-thread-1] INFO  server.RaftServerConfigKeys (ConfUtils.java:logGet(44)) - raft.server.storage.dir = [/home/runner/work/ozone/ozone/hadoop-ozone/integration-test/target/test-dir/MiniOzoneClusterImpl-3d114d2a-f85f-45ce-9fd0-840e2dc708c7/datanode-5/data/ratis] (custom)
2021-11-29 08:36:21,088 [pool-150-thread-1] INFO  server.RaftServerConfigKeys (ConfUtils.java:logGet(44)) - raft.server.log.corruption.policy = EXCEPTION (default)
2021-11-29 08:36:21,088 [pool-150-thread-1] INFO  server.RaftServerConfigKeys (ConfUtils.java:logGet(44)) - raft.server.storage.free-space.min = 0MB (=0) (default)
2021-11-29 08:36:21,088 [pool-150-thread-1] INFO  storage.RaftStorageDirectory (RaftStorageDirectoryImpl.java:analyzeStorage(135)) - The storage directory /home/runner/work/ozone/ozone/hadoop-ozone/integration-test/target/test-dir/MiniOzoneClusterImpl-3d114d2a-f85f-45ce-9fd0-840e2dc708c7/datanode-5/data/ratis/a35257e7-7054-4803-b33b-99133ebf817f does not exist. Creating ...
2021-11-29 08:36:21,089 [pool-150-thread-1] INFO  storage.RaftStorageDirectory (RaftStorageDirectoryImpl.java:tryLock(230)) - Lock on /home/runner/work/ozone/ozone/hadoop-ozone/integration-test/target/test-dir/MiniOzoneClusterImpl-3d114d2a-f85f-45ce-9fd0-840e2dc708c7/datanode-5/data/ratis/a35257e7-7054-4803-b33b-99133ebf817f/in_use.lock acquired by nodename 398@fv-az294-535
2021-11-29 08:36:21,090 [pool-150-thread-1] INFO  storage.RaftStorage (RaftStorageImpl.java:format(89)) - Storage directory /home/runner/work/ozone/ozone/hadoop-ozone/integration-test/target/test-dir/MiniOzoneClusterImpl-3d114d2a-f85f-45ce-9fd0-840e2dc708c7/datanode-5/data/ratis/a35257e7-7054-4803-b33b-99133ebf817f has been successfully formatted.
2021-11-29 08:36:21,094 [pool-150-thread-1] INFO  ratis.ContainerStateMachine (ContainerStateMachine.java:loadSnapshot(224)) - group-99133EBF817F: The snapshot info is null. Setting the last applied indexto:(t:0, i:~)
2021-11-29 08:36:21,094 [pool-150-thread-1] INFO  server.RaftServerConfigKeys (ConfUtils.java:logGet(44)) - raft.server.notification.no-leader.timeout = 300s (custom)
2021-11-29 08:36:21,094 [pool-150-thread-1] INFO  server.RaftServerConfigKeys (ConfUtils.java:logGet(44)) - raft.server.log.use.memory = false (default)
2021-11-29 08:36:21,094 [pool-150-thread-1] INFO  server.RaftServerConfigKeys (ConfUtils.java:logGet(44)) - raft.server.log.purge.gap = 1000000 (custom)
2021-11-29 08:36:21,094 [pool-150-thread-1] INFO  server.RaftServerConfigKeys (ConfUtils.java:logGet(44)) - raft.server.log.appender.buffer.byte-limit = 33554432 (custom)
2021-11-29 08:36:21,095 [pool-150-thread-1] INFO  server.RaftServerConfigKeys (ConfUtils.java:logGet(44)) - raft.server.log.segment.size.max = 1048576 (custom)
2021-11-29 08:36:21,095 [pool-150-thread-1] INFO  server.RaftServerConfigKeys (ConfUtils.java:logGet(44)) - raft.server.log.segment.cache.num.max = 2 (custom)
2021-11-29 08:36:21,095 [EventQueue-PipelineReportForPipelineReportHandler] INFO  pipeline.PipelineManagerImpl (PipelineManagerImpl.java:openPipeline(289)) - Pipeline Pipeline[ Id: a35257e7-7054-4803-b33b-99133ebf817f, Nodes: ab751306-1b7d-4a09-8e2d-d0e9ffa10842{ip: 10.1.0.67, host: fv-az294-535.eaanfquahm5ulb5tj050gcxych.jx.internal.cloudapp.net, ports: [REPLICATION=35605, RATIS=40499, RATIS_ADMIN=40499, RATIS_SERVER=40499, STANDALONE=37519], networkLocation: /default-rack, certSerialId: null, persistedOpState: IN_SERVICE, persistedOpStateExpiryEpochSec: 0}, ReplicationConfig: RATIS/ONE, State:ALLOCATED, leaderId:ab751306-1b7d-4a09-8e2d-d0e9ffa10842, CreationTimestamp2021-11-29T08:36:18.091Z[Etc/UTC]] moved to OPEN state
2021-11-29 08:36:21,096 [EventQueue-OpenPipelineForHealthyPipelineSafeModeRule] INFO  safemode.SCMSafeModeManager (HealthyPipelineSafeModeRule.java:process(124)) - SCM in safe mode. Healthy pipelines reported count is 0, required healthy pipeline reported count is 1
2021-11-29 08:36:21,095 [pool-150-thread-1] INFO  server.RaftServerConfigKeys (ConfUtils.java:logGet(44)) - raft.server.log.segment.cache.size.max = 200MB (=209715200) (default)
2021-11-29 08:36:21,097 [pool-150-thread-1] INFO  segmented.SegmentedRaftLogWorker (SegmentedRaftLogWorker.java:<init>(182)) - new ab751306-1b7d-4a09-8e2d-d0e9ffa10842@group-99133EBF817F-SegmentedRaftLogWorker for RaftStorageImpl:Storage Directory /home/runner/work/ozone/ozone/hadoop-ozone/integration-test/target/test-dir/MiniOzoneClusterImpl-3d114d2a-f85f-45ce-9fd0-840e2dc708c7/datanode-5/data/ratis/a35257e7-7054-4803-b33b-99133ebf817f
2021-11-29 08:36:21,097 [pool-150-thread-1] INFO  server.RaftServerConfigKeys (ConfUtils.java:logGet(44)) - raft.server.log.queue.byte-limit = 2147483647 (custom)
2021-11-29 08:36:21,097 [pool-150-thread-1] INFO  server.RaftServerConfigKeys (ConfUtils.java:logGet(44)) - raft.server.log.queue.element-limit = 1024 (custom)
2021-11-29 08:36:21,097 [pool-150-thread-1] INFO  server.RaftServerConfigKeys (ConfUtils.java:logGet(44)) - raft.server.log.segment.size.max = 1048576 (custom)
2021-11-29 08:36:21,097 [pool-150-thread-1] INFO  server.RaftServerConfigKeys (ConfUtils.java:logGet(44)) - raft.server.log.preallocated.size = 16384 (custom)
2021-11-29 08:36:21,097 [pool-150-thread-1] INFO  server.RaftServerConfigKeys (ConfUtils.java:logGet(44)) - raft.server.log.force.sync.num = 128 (default)
2021-11-29 08:36:21,097 [pool-150-thread-1] INFO  server.RaftServerConfigKeys (ConfUtils.java:logGet(44)) - raft.server.log.statemachine.data.sync = true (default)
2021-11-29 08:36:21,097 [pool-150-thread-1] INFO  server.RaftServerConfigKeys (ConfUtils.java:logGet(44)) - raft.server.log.statemachine.data.sync.timeout = 10s (default)
2021-11-29 08:36:21,097 [pool-150-thread-1] INFO  server.RaftServerConfigKeys (ConfUtils.java:logGet(44)) - raft.server.log.statemachine.data.sync.timeout.retry = -1 (default)
2021-11-29 08:36:21,098 [pool-150-thread-1] INFO  server.RaftServerConfigKeys (ConfUtils.java:logGet(44)) - raft.server.log.write.buffer.size = 1048576 (custom)
2021-11-29 08:36:21,100 [pool-150-thread-1] INFO  server.RaftServerConfigKeys (ConfUtils.java:logGet(44)) - raft.server.log.statemachine.data.caching.enabled = true (custom)
2021-11-29 08:36:21,100 [pool-150-thread-1] INFO  segmented.SegmentedRaftLogWorker (SegmentedRaftLogWorker.java:lambda$new$0(133)) - ab751306-1b7d-4a09-8e2d-d0e9ffa10842@group-99133EBF817F-SegmentedRaftLogWorker: flushIndex: setUnconditionally 0 -> -1
2021-11-29 08:36:21,100 [pool-150-thread-1] INFO  segmented.SegmentedRaftLogWorker (SegmentedRaftLogWorker.java:lambda$new$0(133)) - ab751306-1b7d-4a09-8e2d-d0e9ffa10842@group-99133EBF817F-SegmentedRaftLogWorker: safeCacheEvictIndex: setUnconditionally 0 -> -1
2021-11-29 08:36:21,101 [pool-150-thread-1] INFO  server.RaftServerConfigKeys (ConfUtils.java:logGet(44)) - raft.server.snapshot.auto.trigger.enabled = true (custom)
2021-11-29 08:36:21,102 [pool-150-thread-1] INFO  server.RaftServerConfigKeys (ConfUtils.java:logGet(44)) - raft.server.snapshot.auto.trigger.threshold = 10000 (custom)
2021-11-29 08:36:21,102 [pool-150-thread-1] INFO  server.RaftServerConfigKeys (ConfUtils.java:logGet(44)) - raft.server.snapshot.retention.file.num = 5 (custom)
2021-11-29 08:36:21,102 [pool-150-thread-1] INFO  server.RaftServerConfigKeys (ConfUtils.java:logGet(44)) - raft.server.log.purge.upto.snapshot.index = false (default)
2021-11-29 08:36:21,102 [pool-150-thread-1] INFO  server.RaftServerConfigKeys (ConfUtils.java:logGet(44)) - raft.server.retrycache.expirytime = 600000ms (custom)
2021-11-29 08:36:21,102 [pool-150-thread-1] INFO  server.RaftServerConfigKeys (ConfUtils.java:logGet(44)) - raft.server.retrycache.statistics.expirytime = 100μs (default)
2021-11-29 08:36:21,103 [pool-150-thread-1] INFO  server.RaftServer$Division (RaftServerImpl.java:start(301)) - ab751306-1b7d-4a09-8e2d-d0e9ffa10842@group-99133EBF817F: start as a follower, conf=-1: [ab751306-1b7d-4a09-8e2d-d0e9ffa10842|rpc:10.1.0.67:40499|priority:1], old=null
2021-11-29 08:36:21,103 [pool-150-thread-1] INFO  server.RaftServer$Division (RaftServerImpl.java:setRole(290)) - ab751306-1b7d-4a09-8e2d-d0e9ffa10842@group-99133EBF817F: changes role from      null to FOLLOWER at term 0 for startAsFollower
2021-11-29 08:36:21,103 [pool-150-thread-1] INFO  impl.RoleInfo (RoleInfo.java:updateAndGet(130)) - ab751306-1b7d-4a09-8e2d-d0e9ffa10842: start ab751306-1b7d-4a09-8e2d-d0e9ffa10842@group-99133EBF817F-FollowerState
2021-11-29 08:36:21,104 [pool-150-thread-1] INFO  util.JmxRegister (JmxRegister.java:tryRegister(44)) - Successfully registered JMX Bean with object name Ratis:service=RaftServer,group=group-99133EBF817F,id=ab751306-1b7d-4a09-8e2d-d0e9ffa10842
2021-11-29 08:36:21,105 [Command processor thread] INFO  ratis.XceiverServerRatis (XceiverServerRatis.java:addGroup(768)) - Created group PipelineID=a35257e7-7054-4803-b33b-99133ebf817f
2021-11-29 08:36:21,105 [Command processor thread] INFO  commandhandler.CreatePipelineCommandHandler (CreatePipelineCommandHandler.java:handle(106)) - Created Pipeline RATIS ONE PipelineID=a35257e7-7054-4803-b33b-99133ebf817f.
2021-11-29 08:36:21,262 [EventQueue-OpenPipelineForHealthyPipelineSafeModeRule] INFO  safemode.SCMSafeModeManager (HealthyPipelineSafeModeRule.java:process(124)) - SCM in safe mode. Healthy pipelines reported count is 0, required healthy pipeline reported count is 1
2021-11-29 08:36:21,465 [EventQueue-OpenPipelineForHealthyPipelineSafeModeRule] INFO  safemode.SCMSafeModeManager (HealthyPipelineSafeModeRule.java:process(124)) - SCM in safe mode. Healthy pipelines reported count is 0, required healthy pipeline reported count is 1
2021-11-29 08:36:21,694 [EventQueue-OpenPipelineForHealthyPipelineSafeModeRule] INFO  safemode.SCMSafeModeManager (HealthyPipelineSafeModeRule.java:process(124)) - SCM in safe mode. Healthy pipelines reported count is 0, required healthy pipeline reported count is 1
2021-11-29 08:36:21,781 [EventQueue-OpenPipelineForHealthyPipelineSafeModeRule] INFO  safemode.SCMSafeModeManager (HealthyPipelineSafeModeRule.java:process(124)) - SCM in safe mode. Healthy pipelines reported count is 0, required healthy pipeline reported count is 1
2021-11-29 08:36:21,803 [ReplicationMonitor] INFO  container.ReplicationManager (ReplicationManager.java:processAll(371)) - Replication Monitor Thread took 1 milliseconds for processing 0 containers.
2021-11-29 08:36:21,951 [EventQueue-OpenPipelineForHealthyPipelineSafeModeRule] INFO  safemode.SCMSafeModeManager (HealthyPipelineSafeModeRule.java:process(124)) - SCM in safe mode. Healthy pipelines reported count is 0, required healthy pipeline reported count is 1
2021-11-29 08:36:22,085 [Listener at 127.0.0.1/45237] INFO  ozone.MiniOzoneClusterImpl (MiniOzoneClusterImpl.java:lambda$waitForClusterToBeReady$0(235)) - Nodes are ready. Got 6 of 6 DN Heartbeats.
2021-11-29 08:36:22,086 [Listener at 127.0.0.1/45237] INFO  ozone.MiniOzoneClusterImpl (MiniOzoneClusterImpl.java:lambda$waitForClusterToBeReady$0(238)) - Waiting for cluster to exit safe mode
2021-11-29 08:36:22,086 [Listener at 127.0.0.1/45237] INFO  ozone.MiniOzoneClusterImpl (MiniOzoneClusterImpl.java:lambda$waitForClusterToBeReady$0(240)) - SCM became leader
2021-11-29 08:36:22,093 [EventQueue-OpenPipelineForHealthyPipelineSafeModeRule] INFO  safemode.SCMSafeModeManager (HealthyPipelineSafeModeRule.java:process(124)) - SCM in safe mode. Healthy pipelines reported count is 0, required healthy pipeline reported count is 1
2021-11-29 08:36:22,262 [EventQueue-OpenPipelineForHealthyPipelineSafeModeRule] INFO  safemode.SCMSafeModeManager (HealthyPipelineSafeModeRule.java:process(124)) - SCM in safe mode. Healthy pipelines reported count is 0, required healthy pipeline reported count is 1
2021-11-29 08:36:22,699 [EventQueue-OpenPipelineForHealthyPipelineSafeModeRule] INFO  safemode.SCMSafeModeManager (HealthyPipelineSafeModeRule.java:process(124)) - SCM in safe mode. Healthy pipelines reported count is 0, required healthy pipeline reported count is 1
2021-11-29 08:36:22,781 [EventQueue-OpenPipelineForHealthyPipelineSafeModeRule] INFO  safemode.SCMSafeModeManager (HealthyPipelineSafeModeRule.java:process(124)) - SCM in safe mode. Healthy pipelines reported count is 0, required healthy pipeline reported count is 1
2021-11-29 08:36:22,803 [ReplicationMonitor] INFO  container.ReplicationManager (ReplicationManager.java:processAll(371)) - Replication Monitor Thread took 0 milliseconds for processing 0 containers.
2021-11-29 08:36:23,086 [Listener at 127.0.0.1/45237] INFO  ozone.MiniOzoneClusterImpl (MiniOzoneClusterImpl.java:lambda$waitForClusterToBeReady$0(235)) - Nodes are ready. Got 6 of 6 DN Heartbeats.
2021-11-29 08:36:23,086 [Listener at 127.0.0.1/45237] INFO  ozone.MiniOzoneClusterImpl (MiniOzoneClusterImpl.java:lambda$waitForClusterToBeReady$0(238)) - Waiting for cluster to exit safe mode
2021-11-29 08:36:23,086 [Listener at 127.0.0.1/45237] INFO  ozone.MiniOzoneClusterImpl (MiniOzoneClusterImpl.java:lambda$waitForClusterToBeReady$0(240)) - SCM became leader
2021-11-29 08:36:23,465 [EventQueue-OpenPipelineForHealthyPipelineSafeModeRule] INFO  safemode.SCMSafeModeManager (HealthyPipelineSafeModeRule.java:process(124)) - SCM in safe mode. Healthy pipelines reported count is 0, required healthy pipeline reported count is 1
2021-11-29 08:36:23,699 [EventQueue-OpenPipelineForHealthyPipelineSafeModeRule] INFO  safemode.SCMSafeModeManager (HealthyPipelineSafeModeRule.java:process(124)) - SCM in safe mode. Healthy pipelines reported count is 0, required healthy pipeline reported count is 1
2021-11-29 08:36:23,804 [ReplicationMonitor] INFO  container.ReplicationManager (ReplicationManager.java:processAll(371)) - Replication Monitor Thread took 0 milliseconds for processing 0 containers.
2021-11-29 08:36:23,952 [EventQueue-OpenPipelineForHealthyPipelineSafeModeRule] INFO  safemode.SCMSafeModeManager (HealthyPipelineSafeModeRule.java:process(124)) - SCM in safe mode. Healthy pipelines reported count is 0, required healthy pipeline reported count is 1
2021-11-29 08:36:24,087 [Listener at 127.0.0.1/45237] INFO  ozone.MiniOzoneClusterImpl (MiniOzoneClusterImpl.java:lambda$waitForClusterToBeReady$0(235)) - Nodes are ready. Got 6 of 6 DN Heartbeats.
2021-11-29 08:36:24,087 [Listener at 127.0.0.1/45237] INFO  ozone.MiniOzoneClusterImpl (MiniOzoneClusterImpl.java:lambda$waitForClusterToBeReady$0(238)) - Waiting for cluster to exit safe mode
2021-11-29 08:36:24,087 [Listener at 127.0.0.1/45237] INFO  ozone.MiniOzoneClusterImpl (MiniOzoneClusterImpl.java:lambda$waitForClusterToBeReady$0(240)) - SCM became leader
2021-11-29 08:36:24,094 [EventQueue-OpenPipelineForHealthyPipelineSafeModeRule] INFO  safemode.SCMSafeModeManager (HealthyPipelineSafeModeRule.java:process(124)) - SCM in safe mode. Healthy pipelines reported count is 0, required healthy pipeline reported count is 1
2021-11-29 08:36:24,262 [EventQueue-OpenPipelineForHealthyPipelineSafeModeRule] INFO  safemode.SCMSafeModeManager (HealthyPipelineSafeModeRule.java:process(124)) - SCM in safe mode. Healthy pipelines reported count is 0, required healthy pipeline reported count is 1
2021-11-29 08:36:24,466 [EventQueue-OpenPipelineForHealthyPipelineSafeModeRule] INFO  safemode.SCMSafeModeManager (HealthyPipelineSafeModeRule.java:process(124)) - SCM in safe mode. Healthy pipelines reported count is 0, required healthy pipeline reported count is 1
2021-11-29 08:36:24,781 [EventQueue-OpenPipelineForHealthyPipelineSafeModeRule] INFO  safemode.SCMSafeModeManager (HealthyPipelineSafeModeRule.java:process(124)) - SCM in safe mode. Healthy pipelines reported count is 0, required healthy pipeline reported count is 1
2021-11-29 08:36:24,804 [ReplicationMonitor] INFO  container.ReplicationManager (ReplicationManager.java:processAll(371)) - Replication Monitor Thread took 0 milliseconds for processing 0 containers.
2021-11-29 08:36:24,858 [f37cff1b-38c0-4a70-af4a-cd1c41c703b6@group-D42E3FEAAFC0-FollowerState] INFO  impl.FollowerState (FollowerState.java:run(134)) - f37cff1b-38c0-4a70-af4a-cd1c41c703b6@group-D42E3FEAAFC0-FollowerState: change to CANDIDATE, lastRpcElapsedTime:5118669836ns, electionTimeout:5108ms
2021-11-29 08:36:24,858 [f37cff1b-38c0-4a70-af4a-cd1c41c703b6@group-D42E3FEAAFC0-FollowerState] INFO  impl.RoleInfo (RoleInfo.java:shutdownFollowerState(108)) - f37cff1b-38c0-4a70-af4a-cd1c41c703b6: shutdown f37cff1b-38c0-4a70-af4a-cd1c41c703b6@group-D42E3FEAAFC0-FollowerState
2021-11-29 08:36:24,858 [f37cff1b-38c0-4a70-af4a-cd1c41c703b6@group-D42E3FEAAFC0-FollowerState] INFO  server.RaftServer$Division (RaftServerImpl.java:setRole(290)) - f37cff1b-38c0-4a70-af4a-cd1c41c703b6@group-D42E3FEAAFC0: changes role from  FOLLOWER to CANDIDATE at term 0 for changeToCandidate
2021-11-29 08:36:24,858 [f37cff1b-38c0-4a70-af4a-cd1c41c703b6@group-D42E3FEAAFC0-FollowerState] INFO  server.RaftServerConfigKeys (ConfUtils.java:logGet(44)) - raft.server.leaderelection.pre-vote = false (custom)
2021-11-29 08:36:24,859 [f37cff1b-38c0-4a70-af4a-cd1c41c703b6@group-D42E3FEAAFC0-FollowerState] INFO  impl.RoleInfo (RoleInfo.java:updateAndGet(130)) - f37cff1b-38c0-4a70-af4a-cd1c41c703b6: start f37cff1b-38c0-4a70-af4a-cd1c41c703b6@group-D42E3FEAAFC0-LeaderElection2
2021-11-29 08:36:24,862 [f37cff1b-38c0-4a70-af4a-cd1c41c703b6@group-D42E3FEAAFC0-LeaderElection2] INFO  impl.LeaderElection (LeaderElection.java:askForVotes(306)) - f37cff1b-38c0-4a70-af4a-cd1c41c703b6@group-D42E3FEAAFC0-LeaderElection2 ELECTION round 0: submit vote requests at term 1 for -1: [f37cff1b-38c0-4a70-af4a-cd1c41c703b6|rpc:10.1.0.67:40907|priority:1], old=null
2021-11-29 08:36:24,862 [f37cff1b-38c0-4a70-af4a-cd1c41c703b6@group-D42E3FEAAFC0-LeaderElection2] INFO  impl.LeaderElection (LeaderElection.java:askForVotes(308)) - f37cff1b-38c0-4a70-af4a-cd1c41c703b6@group-D42E3FEAAFC0-LeaderElection2 ELECTION round 0: result PASSED (term=1)
2021-11-29 08:36:24,862 [f37cff1b-38c0-4a70-af4a-cd1c41c703b6@group-D42E3FEAAFC0-LeaderElection2] INFO  impl.RoleInfo (RoleInfo.java:shutdownLeaderElection(121)) - f37cff1b-38c0-4a70-af4a-cd1c41c703b6: shutdown f37cff1b-38c0-4a70-af4a-cd1c41c703b6@group-D42E3FEAAFC0-LeaderElection2
2021-11-29 08:36:24,862 [f37cff1b-38c0-4a70-af4a-cd1c41c703b6@group-D42E3FEAAFC0-LeaderElection2] INFO  server.RaftServer$Division (RaftServerImpl.java:setRole(290)) - f37cff1b-38c0-4a70-af4a-cd1c41c703b6@group-D42E3FEAAFC0: changes role from CANDIDATE to LEADER at term 1 for changeToLeader
2021-11-29 08:36:24,862 [f37cff1b-38c0-4a70-af4a-cd1c41c703b6@group-D42E3FEAAFC0-LeaderElection2] INFO  ratis.XceiverServerRatis (XceiverServerRatis.java:handleLeaderChangedNotification(866)) - Leader change notification received for group: group-D42E3FEAAFC0 with new leaderId: f37cff1b-38c0-4a70-af4a-cd1c41c703b6
2021-11-29 08:36:24,863 [f37cff1b-38c0-4a70-af4a-cd1c41c703b6@group-D42E3FEAAFC0-LeaderElection2] INFO  server.RaftServer$Division (ServerState.java:setLeader(285)) - f37cff1b-38c0-4a70-af4a-cd1c41c703b6@group-D42E3FEAAFC0: change Leader from null to f37cff1b-38c0-4a70-af4a-cd1c41c703b6 at term 1 for becomeLeader, leader elected after 5142ms
2021-11-29 08:36:24,863 [f37cff1b-38c0-4a70-af4a-cd1c41c703b6@group-D42E3FEAAFC0-LeaderElection2] INFO  server.RaftServerConfigKeys (ConfUtils.java:logGet(44)) - raft.server.staging.catchup.gap = 1000 (default)
2021-11-29 08:36:24,863 [f37cff1b-38c0-4a70-af4a-cd1c41c703b6@group-D42E3FEAAFC0-LeaderElection2] INFO  server.RaftServerConfigKeys (ConfUtils.java:logGet(44)) - raft.server.write.element-limit = 1024 (custom)
2021-11-29 08:36:24,863 [f37cff1b-38c0-4a70-af4a-cd1c41c703b6@group-D42E3FEAAFC0-LeaderElection2] INFO  server.RaftServerConfigKeys (ConfUtils.java:logGet(44)) - raft.server.write.byte-limit = 1024 M (=1073741824) (custom)
2021-11-29 08:36:24,863 [f37cff1b-38c0-4a70-af4a-cd1c41c703b6@group-D42E3FEAAFC0-LeaderElection2] INFO  server.RaftServerConfigKeys (ConfUtils.java:logGet(44)) - raft.server.watch.timeout = 180s (custom)
2021-11-29 08:36:24,864 [f37cff1b-38c0-4a70-af4a-cd1c41c703b6@group-D42E3FEAAFC0-LeaderElection2] INFO  server.RaftServerConfigKeys (ConfUtils.java:logGet(44)) - raft.server.watch.timeout.denomination = 1s (default)
2021-11-29 08:36:24,864 [f37cff1b-38c0-4a70-af4a-cd1c41c703b6@group-D42E3FEAAFC0-LeaderElection2] INFO  server.RaftServerConfigKeys (ConfUtils.java:logGet(44)) - raft.server.watch.element-limit = 65536 (default)
2021-11-29 08:36:24,864 [EventQueue-OpenPipelineForHealthyPipelineSafeModeRule] INFO  safemode.SCMSafeModeManager (HealthyPipelineSafeModeRule.java:process(124)) - SCM in safe mode. Healthy pipelines reported count is 0, required healthy pipeline reported count is 1
2021-11-29 08:36:24,870 [f37cff1b-38c0-4a70-af4a-cd1c41c703b6@group-D42E3FEAAFC0-LeaderElection2] INFO  server.RaftServerConfigKeys (ConfUtils.java:logGet(44)) - raft.server.write.element-limit = 1024 (custom)
2021-11-29 08:36:24,870 [f37cff1b-38c0-4a70-af4a-cd1c41c703b6@group-D42E3FEAAFC0-LeaderElection2] INFO  server.RaftServerConfigKeys (ConfUtils.java:logGet(44)) - raft.server.write.follower.gap.ratio.max = -1.0 (default)
2021-11-29 08:36:24,870 [f37cff1b-38c0-4a70-af4a-cd1c41c703b6@group-D42E3FEAAFC0-LeaderElection2] INFO  impl.RoleInfo (RoleInfo.java:updateAndGet(130)) - f37cff1b-38c0-4a70-af4a-cd1c41c703b6: start f37cff1b-38c0-4a70-af4a-cd1c41c703b6@group-D42E3FEAAFC0-LeaderStateImpl
2021-11-29 08:36:24,870 [f37cff1b-38c0-4a70-af4a-cd1c41c703b6@group-D42E3FEAAFC0-LeaderElection2] INFO  segmented.SegmentedRaftLogWorker (SegmentedRaftLogWorker.java:startLogSegment(394)) - f37cff1b-38c0-4a70-af4a-cd1c41c703b6@group-D42E3FEAAFC0-SegmentedRaftLogWorker: Starting segment from index:0
2021-11-29 08:36:24,871 [f37cff1b-38c0-4a70-af4a-cd1c41c703b6@group-D42E3FEAAFC0-SegmentedRaftLogWorker] INFO  segmented.SegmentedRaftLogWorker (SegmentedRaftLogWorker.java:execute(601)) - f37cff1b-38c0-4a70-af4a-cd1c41c703b6@group-D42E3FEAAFC0-SegmentedRaftLogWorker: created new log segment /home/runner/work/ozone/ozone/hadoop-ozone/integration-test/target/test-dir/MiniOzoneClusterImpl-3d114d2a-f85f-45ce-9fd0-840e2dc708c7/datanode-0/data/ratis/f32656c2-cb13-49b6-b982-d42e3feaafc0/current/log_inprogress_0
2021-11-29 08:36:24,874 [f37cff1b-38c0-4a70-af4a-cd1c41c703b6@group-D42E3FEAAFC0-LeaderElection2] INFO  server.RaftServer$Division (ServerState.java:setRaftConf(387)) - f37cff1b-38c0-4a70-af4a-cd1c41c703b6@group-D42E3FEAAFC0: set configuration 0: [f37cff1b-38c0-4a70-af4a-cd1c41c703b6|rpc:10.1.0.67:40907|dataStream:|priority:1], old=null
2021-11-29 08:36:24,886 [f37cff1b-38c0-4a70-af4a-cd1c41c703b6@group-14E19CF515AD-FollowerState] INFO  impl.FollowerState (FollowerState.java:run(134)) - f37cff1b-38c0-4a70-af4a-cd1c41c703b6@group-14E19CF515AD-FollowerState: change to CANDIDATE, lastRpcElapsedTime:5095175237ns, electionTimeout:5094ms
2021-11-29 08:36:24,887 [f37cff1b-38c0-4a70-af4a-cd1c41c703b6@group-14E19CF515AD-FollowerState] INFO  impl.RoleInfo (RoleInfo.java:shutdownFollowerState(108)) - f37cff1b-38c0-4a70-af4a-cd1c41c703b6: shutdown f37cff1b-38c0-4a70-af4a-cd1c41c703b6@group-14E19CF515AD-FollowerState
2021-11-29 08:36:24,887 [f37cff1b-38c0-4a70-af4a-cd1c41c703b6@group-14E19CF515AD-FollowerState] INFO  server.RaftServer$Division (RaftServerImpl.java:setRole(290)) - f37cff1b-38c0-4a70-af4a-cd1c41c703b6@group-14E19CF515AD: changes role from  FOLLOWER to CANDIDATE at term 0 for changeToCandidate
2021-11-29 08:36:24,887 [f37cff1b-38c0-4a70-af4a-cd1c41c703b6@group-14E19CF515AD-FollowerState] INFO  server.RaftServerConfigKeys (ConfUtils.java:logGet(44)) - raft.server.leaderelection.pre-vote = false (custom)
2021-11-29 08:36:24,887 [f37cff1b-38c0-4a70-af4a-cd1c41c703b6@group-14E19CF515AD-FollowerState] INFO  impl.RoleInfo (RoleInfo.java:updateAndGet(130)) - f37cff1b-38c0-4a70-af4a-cd1c41c703b6: start f37cff1b-38c0-4a70-af4a-cd1c41c703b6@group-14E19CF515AD-LeaderElection3
2021-11-29 08:36:24,891 [f37cff1b-38c0-4a70-af4a-cd1c41c703b6@group-14E19CF515AD-LeaderElection3] INFO  impl.LeaderElection (LeaderElection.java:askForVotes(306)) - f37cff1b-38c0-4a70-af4a-cd1c41c703b6@group-14E19CF515AD-LeaderElection3 ELECTION round 0: submit vote requests at term 1 for -1: [83afdf48-275c-4aa7-9b86-71b323741a7e|rpc:10.1.0.67:36653|priority:0, f37cff1b-38c0-4a70-af4a-cd1c41c703b6|rpc:10.1.0.67:40907|priority:1, 04f8ee08-a2ad-484b-9e4f-8959f0ebf609|rpc:10.1.0.67:45751|priority:0], old=null
2021-11-29 08:36:24,918 [grpc-default-executor-1] INFO  server.RaftServer$Division (RaftServerImpl.java:requestVote(1046)) - 04f8ee08-a2ad-484b-9e4f-8959f0ebf609@group-14E19CF515AD: receive requestVote(ELECTION, f37cff1b-38c0-4a70-af4a-cd1c41c703b6, group-14E19CF515AD, 1, (t:0, i:0))
2021-11-29 08:36:24,920 [grpc-default-executor-1] INFO  impl.VoteContext (VoteContext.java:log(48)) - 04f8ee08-a2ad-484b-9e4f-8959f0ebf609@group-14E19CF515AD-FOLLOWER: accept ELECTION from f37cff1b-38c0-4a70-af4a-cd1c41c703b6: our priority 0 <= candidate's priority 1
2021-11-29 08:36:24,920 [grpc-default-executor-1] INFO  server.RaftServer$Division (RaftServerImpl.java:setRole(290)) - 04f8ee08-a2ad-484b-9e4f-8959f0ebf609@group-14E19CF515AD: changes role from  FOLLOWER to FOLLOWER at term 1 for candidate:f37cff1b-38c0-4a70-af4a-cd1c41c703b6
2021-11-29 08:36:24,920 [grpc-default-executor-1] INFO  impl.RoleInfo (RoleInfo.java:shutdownFollowerState(108)) - 04f8ee08-a2ad-484b-9e4f-8959f0ebf609: shutdown 04f8ee08-a2ad-484b-9e4f-8959f0ebf609@group-14E19CF515AD-FollowerState
2021-11-29 08:36:24,921 [04f8ee08-a2ad-484b-9e4f-8959f0ebf609@group-14E19CF515AD-FollowerState] INFO  impl.FollowerState (FollowerState.java:run(143)) - 04f8ee08-a2ad-484b-9e4f-8959f0ebf609@group-14E19CF515AD-FollowerState was interrupted: {}
java.lang.InterruptedException: sleep interrupted
	at java.lang.Thread.sleep(Native Method)
	at java.lang.Thread.sleep(Thread.java:340)
	at java.util.concurrent.TimeUnit.sleep(TimeUnit.java:386)
	at org.apache.ratis.util.TimeDuration.sleep(TimeDuration.java:324)
	at org.apache.ratis.util.TimeDuration.sleep(TimeDuration.java:309)
	at org.apache.ratis.server.impl.FollowerState.run(FollowerState.java:118)
2021-11-29 08:36:24,922 [grpc-default-executor-1] INFO  impl.RoleInfo (RoleInfo.java:updateAndGet(130)) - 04f8ee08-a2ad-484b-9e4f-8959f0ebf609: start 04f8ee08-a2ad-484b-9e4f-8959f0ebf609@group-14E19CF515AD-FollowerState
2021-11-29 08:36:24,929 [grpc-default-executor-0] INFO  server.RaftServer$Division (RaftServerImpl.java:requestVote(1046)) - 83afdf48-275c-4aa7-9b86-71b323741a7e@group-14E19CF515AD: receive requestVote(ELECTION, f37cff1b-38c0-4a70-af4a-cd1c41c703b6, group-14E19CF515AD, 1, (t:0, i:0))
2021-11-29 08:36:24,929 [grpc-default-executor-0] INFO  impl.VoteContext (VoteContext.java:log(48)) - 83afdf48-275c-4aa7-9b86-71b323741a7e@group-14E19CF515AD-FOLLOWER: accept ELECTION from f37cff1b-38c0-4a70-af4a-cd1c41c703b6: our priority 0 <= candidate's priority 1
2021-11-29 08:36:24,929 [grpc-default-executor-0] INFO  server.RaftServer$Division (RaftServerImpl.java:setRole(290)) - 83afdf48-275c-4aa7-9b86-71b323741a7e@group-14E19CF515AD: changes role from  FOLLOWER to FOLLOWER at term 1 for candidate:f37cff1b-38c0-4a70-af4a-cd1c41c703b6
2021-11-29 08:36:24,929 [grpc-default-executor-0] INFO  impl.RoleInfo (RoleInfo.java:shutdownFollowerState(108)) - 83afdf48-275c-4aa7-9b86-71b323741a7e: shutdown 83afdf48-275c-4aa7-9b86-71b323741a7e@group-14E19CF515AD-FollowerState
2021-11-29 08:36:24,929 [grpc-default-executor-0] INFO  impl.RoleInfo (RoleInfo.java:updateAndGet(130)) - 83afdf48-275c-4aa7-9b86-71b323741a7e: start 83afdf48-275c-4aa7-9b86-71b323741a7e@group-14E19CF515AD-FollowerState
2021-11-29 08:36:24,929 [83afdf48-275c-4aa7-9b86-71b323741a7e@group-14E19CF515AD-FollowerState] INFO  impl.FollowerState (FollowerState.java:run(143)) - 83afdf48-275c-4aa7-9b86-71b323741a7e@group-14E19CF515AD-FollowerState was interrupted: {}
java.lang.InterruptedException: sleep interrupted
	at java.lang.Thread.sleep(Native Method)
	at java.lang.Thread.sleep(Thread.java:340)
	at java.util.concurrent.TimeUnit.sleep(TimeUnit.java:386)
	at org.apache.ratis.util.TimeDuration.sleep(TimeDuration.java:324)
	at org.apache.ratis.util.TimeDuration.sleep(TimeDuration.java:309)
	at org.apache.ratis.server.impl.FollowerState.run(FollowerState.java:118)
2021-11-29 08:36:24,938 [grpc-default-executor-1] INFO  server.RaftServer$Division (RaftServerImpl.java:requestVote(1078)) - 04f8ee08-a2ad-484b-9e4f-8959f0ebf609@group-14E19CF515AD replies to ELECTION vote request: f37cff1b-38c0-4a70-af4a-cd1c41c703b6<-04f8ee08-a2ad-484b-9e4f-8959f0ebf609#0:OK-t1. Peer's state: 04f8ee08-a2ad-484b-9e4f-8959f0ebf609@group-14E19CF515AD:t1, leader=null, voted=f37cff1b-38c0-4a70-af4a-cd1c41c703b6, raftlog=04f8ee08-a2ad-484b-9e4f-8959f0ebf609@group-14E19CF515AD-SegmentedRaftLog:OPENED:c-1, conf=-1: [83afdf48-275c-4aa7-9b86-71b323741a7e|rpc:10.1.0.67:36653|priority:0, f37cff1b-38c0-4a70-af4a-cd1c41c703b6|rpc:10.1.0.67:40907|priority:1, 04f8ee08-a2ad-484b-9e4f-8959f0ebf609|rpc:10.1.0.67:45751|priority:0], old=null
2021-11-29 08:36:24,938 [grpc-default-executor-0] INFO  server.RaftServer$Division (RaftServerImpl.java:requestVote(1078)) - 83afdf48-275c-4aa7-9b86-71b323741a7e@group-14E19CF515AD replies to ELECTION vote request: f37cff1b-38c0-4a70-af4a-cd1c41c703b6<-83afdf48-275c-4aa7-9b86-71b323741a7e#0:OK-t1. Peer's state: 83afdf48-275c-4aa7-9b86-71b323741a7e@group-14E19CF515AD:t1, leader=null, voted=f37cff1b-38c0-4a70-af4a-cd1c41c703b6, raftlog=83afdf48-275c-4aa7-9b86-71b323741a7e@group-14E19CF515AD-SegmentedRaftLog:OPENED:c-1, conf=-1: [83afdf48-275c-4aa7-9b86-71b323741a7e|rpc:10.1.0.67:36653|dataStream:|priority:0, f37cff1b-38c0-4a70-af4a-cd1c41c703b6|rpc:10.1.0.67:40907|dataStream:|priority:1, 04f8ee08-a2ad-484b-9e4f-8959f0ebf609|rpc:10.1.0.67:45751|dataStream:|priority:0], old=null
2021-11-29 08:36:24,942 [f37cff1b-38c0-4a70-af4a-cd1c41c703b6@group-14E19CF515AD-LeaderElection3] INFO  impl.LeaderElection (LeaderElection.java:logAndReturn(89)) - f37cff1b-38c0-4a70-af4a-cd1c41c703b6@group-14E19CF515AD-LeaderElection3: ELECTION PASSED received 1 response(s) and 0 exception(s):
2021-11-29 08:36:24,943 [f37cff1b-38c0-4a70-af4a-cd1c41c703b6@group-14E19CF515AD-LeaderElection3] INFO  impl.LeaderElection (LeaderElection.java:logAndReturn(93)) -   Response 0: f37cff1b-38c0-4a70-af4a-cd1c41c703b6<-04f8ee08-a2ad-484b-9e4f-8959f0ebf609#0:OK-t1
2021-11-29 08:36:24,943 [f37cff1b-38c0-4a70-af4a-cd1c41c703b6@group-14E19CF515AD-LeaderElection3] INFO  impl.LeaderElection (LeaderElection.java:askForVotes(308)) - f37cff1b-38c0-4a70-af4a-cd1c41c703b6@group-14E19CF515AD-LeaderElection3 ELECTION round 0: result PASSED
2021-11-29 08:36:24,943 [f37cff1b-38c0-4a70-af4a-cd1c41c703b6@group-14E19CF515AD-LeaderElection3] INFO  impl.RoleInfo (RoleInfo.java:shutdownLeaderElection(121)) - f37cff1b-38c0-4a70-af4a-cd1c41c703b6: shutdown f37cff1b-38c0-4a70-af4a-cd1c41c703b6@group-14E19CF515AD-LeaderElection3
2021-11-29 08:36:24,944 [f37cff1b-38c0-4a70-af4a-cd1c41c703b6@group-14E19CF515AD-LeaderElection3] INFO  server.RaftServer$Division (RaftServerImpl.java:setRole(290)) - f37cff1b-38c0-4a70-af4a-cd1c41c703b6@group-14E19CF515AD: changes role from CANDIDATE to LEADER at term 1 for changeToLeader
2021-11-29 08:36:24,944 [f37cff1b-38c0-4a70-af4a-cd1c41c703b6@group-14E19CF515AD-LeaderElection3] INFO  ratis.XceiverServerRatis (XceiverServerRatis.java:handleLeaderChangedNotification(866)) - Leader change notification received for group: group-14E19CF515AD with new leaderId: f37cff1b-38c0-4a70-af4a-cd1c41c703b6
2021-11-29 08:36:24,944 [f37cff1b-38c0-4a70-af4a-cd1c41c703b6@group-14E19CF515AD-LeaderElection3] INFO  server.RaftServer$Division (ServerState.java:setLeader(285)) - f37cff1b-38c0-4a70-af4a-cd1c41c703b6@group-14E19CF515AD: change Leader from null to f37cff1b-38c0-4a70-af4a-cd1c41c703b6 at term 1 for becomeLeader, leader elected after 5168ms
2021-11-29 08:36:24,944 [f37cff1b-38c0-4a70-af4a-cd1c41c703b6@group-14E19CF515AD-LeaderElection3] INFO  server.RaftServerConfigKeys (ConfUtils.java:logGet(44)) - raft.server.staging.catchup.gap = 1000 (default)
2021-11-29 08:36:24,944 [f37cff1b-38c0-4a70-af4a-cd1c41c703b6@group-14E19CF515AD-LeaderElection3] INFO  server.RaftServerConfigKeys (ConfUtils.java:logGet(44)) - raft.server.write.element-limit = 1024 (custom)
2021-11-29 08:36:24,944 [f37cff1b-38c0-4a70-af4a-cd1c41c703b6@group-14E19CF515AD-LeaderElection3] INFO  server.RaftServerConfigKeys (ConfUtils.java:logGet(44)) - raft.server.write.byte-limit = 1024 M (=1073741824) (custom)
2021-11-29 08:36:24,945 [f37cff1b-38c0-4a70-af4a-cd1c41c703b6@group-14E19CF515AD-LeaderElection3] INFO  server.RaftServerConfigKeys (ConfUtils.java:logGet(44)) - raft.server.watch.timeout = 180s (custom)
2021-11-29 08:36:24,945 [f37cff1b-38c0-4a70-af4a-cd1c41c703b6@group-14E19CF515AD-LeaderElection3] INFO  server.RaftServerConfigKeys (ConfUtils.java:logGet(44)) - raft.server.watch.timeout.denomination = 1s (default)
2021-11-29 08:36:24,945 [f37cff1b-38c0-4a70-af4a-cd1c41c703b6@group-14E19CF515AD-LeaderElection3] INFO  server.RaftServerConfigKeys (ConfUtils.java:logGet(44)) - raft.server.watch.element-limit = 65536 (default)
2021-11-29 08:36:24,945 [f37cff1b-38c0-4a70-af4a-cd1c41c703b6@group-14E19CF515AD-LeaderElection3] INFO  server.RaftServerConfigKeys (ConfUtils.java:logGet(44)) - raft.server.write.element-limit = 1024 (custom)
2021-11-29 08:36:24,945 [f37cff1b-38c0-4a70-af4a-cd1c41c703b6@group-14E19CF515AD-LeaderElection3] INFO  server.RaftServerConfigKeys (ConfUtils.java:logGet(44)) - raft.server.write.follower.gap.ratio.max = -1.0 (default)
2021-11-29 08:36:24,946 [EventQueue-PipelineReportForPipelineReportHandler] INFO  pipeline.PipelineManagerImpl (PipelineManagerImpl.java:openPipeline(289)) - Pipeline Pipeline[ Id: 7bfd396b-b013-48a3-9028-14e19cf515ad, Nodes: 04f8ee08-a2ad-484b-9e4f-8959f0ebf609{ip: 10.1.0.67, host: fv-az294-535.eaanfquahm5ulb5tj050gcxych.jx.internal.cloudapp.net, ports: [REPLICATION=46107, RATIS=45751, RATIS_ADMIN=45751, RATIS_SERVER=45751, STANDALONE=33203], networkLocation: /default-rack, certSerialId: null, persistedOpState: IN_SERVICE, persistedOpStateExpiryEpochSec: 0}83afdf48-275c-4aa7-9b86-71b323741a7e{ip: 10.1.0.67, host: fv-az294-535.eaanfquahm5ulb5tj050gcxych.jx.internal.cloudapp.net, ports: [REPLICATION=37283, RATIS=36653, RATIS_ADMIN=36653, RATIS_SERVER=36653, STANDALONE=36121], networkLocation: /default-rack, certSerialId: null, persistedOpState: IN_SERVICE, persistedOpStateExpiryEpochSec: 0}f37cff1b-38c0-4a70-af4a-cd1c41c703b6{ip: 10.1.0.67, host: fv-az294-535.eaanfquahm5ulb5tj050gcxych.jx.internal.cloudapp.net, ports: [REPLICATION=37085, RATIS=40907, RATIS_ADMIN=40907, RATIS_SERVER=40907, STANDALONE=46669], networkLocation: /default-rack, certSerialId: null, persistedOpState: IN_SERVICE, persistedOpStateExpiryEpochSec: 0}, ReplicationConfig: RATIS/THREE, State:ALLOCATED, leaderId:f37cff1b-38c0-4a70-af4a-cd1c41c703b6, CreationTimestamp2021-11-29T08:36:17.467Z[Etc/UTC]] moved to OPEN state
2021-11-29 08:36:24,946 [EventQueue-OpenPipelineForHealthyPipelineSafeModeRule] INFO  safemode.SCMSafeModeManager (HealthyPipelineSafeModeRule.java:process(124)) - SCM in safe mode. Healthy pipelines reported count is 0, required healthy pipeline reported count is 1
2021-11-29 08:36:24,947 [EventQueue-OpenPipelineForHealthyPipelineSafeModeRule] INFO  safemode.SCMSafeModeManager (HealthyPipelineSafeModeRule.java:process(124)) - SCM in safe mode. Healthy pipelines reported count is 1, required healthy pipeline reported count is 1
2021-11-29 08:36:24,947 [EventQueue-OpenPipelineForHealthyPipelineSafeModeRule] INFO  safemode.SCMSafeModeManager (SCMSafeModeManager.java:validateSafeModeExitRules(204)) - HealthyPipelineSafeModeRule rule is successfully validated
2021-11-29 08:36:24,947 [EventQueue-OpenPipelineForHealthyPipelineSafeModeRule] INFO  safemode.SCMSafeModeManager (SCMSafeModeManager.java:validateSafeModeExitRules(219)) - ScmSafeModeManager, all rules are successfully validated
2021-11-29 08:36:24,947 [EventQueue-OpenPipelineForHealthyPipelineSafeModeRule] INFO  safemode.SCMSafeModeManager (SCMSafeModeManager.java:exitSafeMode(248)) - SCM exiting safe mode.
2021-11-29 08:36:24,947 [EventQueue-OpenPipelineForHealthyPipelineSafeModeRule] WARN  events.EventQueue (EventQueue.java:fireEvent(194)) - No event handler registered for event TypedEvent{payloadType=SafeModeStatus, name='Safe mode status'}
2021-11-29 08:36:24,947 [EventQueue-OpenPipelineForHealthyPipelineSafeModeRule] INFO  ha.SCMContext (SCMContext.java:updateSafeModeStatus(205)) - Update SafeModeStatus from SafeModeStatus{safeModeStatus=true, preCheckPassed=true} to SafeModeStatus{safeModeStatus=false, preCheckPassed=true}.
2021-11-29 08:36:24,948 [EventQueue-OpenPipelineForHealthyPipelineSafeModeRule] INFO  pipeline.BackgroundPipelineCreator (BackgroundPipelineCreator.java:notifyStatusChanged(264)) - Service BackgroundPipelineCreator transitions to RUNNING.
2021-11-29 08:36:24,948 [EventQueue-OpenPipelineForHealthyPipelineSafeModeRule] INFO  container.ReplicationManager (ReplicationManager.java:notifyStatusChanged(1756)) - Service ReplicationManager transitions to RUNNING.
2021-11-29 08:36:24,952 [f37cff1b-38c0-4a70-af4a-cd1c41c703b6@group-14E19CF515AD-LeaderElection3] INFO  server.RaftServerConfigKeys (ConfUtils.java:logGet(44)) - raft.server.log.appender.snapshot.chunk.size.max = 16MB (=16777216) (default)
2021-11-29 08:36:24,952 [f37cff1b-38c0-4a70-af4a-cd1c41c703b6@group-14E19CF515AD-LeaderElection3] INFO  server.RaftServerConfigKeys (ConfUtils.java:logGet(44)) - raft.server.log.appender.buffer.byte-limit = 33554432 (custom)
2021-11-29 08:36:24,953 [f37cff1b-38c0-4a70-af4a-cd1c41c703b6@group-14E19CF515AD-LeaderElection3] INFO  server.RaftServerConfigKeys (ConfUtils.java:logGet(44)) - raft.server.log.appender.buffer.element-limit = 1 (custom)
2021-11-29 08:36:24,955 [f37cff1b-38c0-4a70-af4a-cd1c41c703b6@group-14E19CF515AD-LeaderElection3] INFO  grpc.GrpcConfigKeys (ConfUtils.java:logGet(44)) - raft.grpc.server.leader.outstanding.appends.max = 128 (default)
2021-11-29 08:36:24,955 [f37cff1b-38c0-4a70-af4a-cd1c41c703b6@group-14E19CF515AD-LeaderElection3] INFO  server.RaftServerConfigKeys (ConfUtils.java:logGet(44)) - raft.server.rpc.request.timeout = 60s (custom)
2021-11-29 08:36:24,955 [f37cff1b-38c0-4a70-af4a-cd1c41c703b6@group-14E19CF515AD-LeaderElection3] INFO  server.RaftServerConfigKeys (ConfUtils.java:logGet(44)) - raft.server.log.appender.install.snapshot.enabled = false (custom)
2021-11-29 08:36:24,958 [f37cff1b-38c0-4a70-af4a-cd1c41c703b6@group-14E19CF515AD-LeaderElection3] INFO  server.RaftServerConfigKeys (ConfUtils.java:logGet(44)) - raft.server.log.appender.snapshot.chunk.size.max = 16MB (=16777216) (default)
2021-11-29 08:36:24,959 [f37cff1b-38c0-4a70-af4a-cd1c41c703b6@group-14E19CF515AD-LeaderElection3] INFO  server.RaftServerConfigKeys (ConfUtils.java:logGet(44)) - raft.server.log.appender.buffer.byte-limit = 33554432 (custom)
2021-11-29 08:36:24,959 [f37cff1b-38c0-4a70-af4a-cd1c41c703b6@group-14E19CF515AD-LeaderElection3] INFO  server.RaftServerConfigKeys (ConfUtils.java:logGet(44)) - raft.server.log.appender.buffer.element-limit = 1 (custom)
2021-11-29 08:36:24,959 [f37cff1b-38c0-4a70-af4a-cd1c41c703b6@group-14E19CF515AD-LeaderElection3] INFO  grpc.GrpcConfigKeys (ConfUtils.java:logGet(44)) - raft.grpc.server.leader.outstanding.appends.max = 128 (default)
2021-11-29 08:36:24,959 [f37cff1b-38c0-4a70-af4a-cd1c41c703b6@group-14E19CF515AD-LeaderElection3] INFO  server.RaftServerConfigKeys (ConfUtils.java:logGet(44)) - raft.server.rpc.request.timeout = 60s (custom)
2021-11-29 08:36:24,959 [f37cff1b-38c0-4a70-af4a-cd1c41c703b6@group-14E19CF515AD-LeaderElection3] INFO  server.RaftServerConfigKeys (ConfUtils.java:logGet(44)) - raft.server.log.appender.install.snapshot.enabled = false (custom)
2021-11-29 08:36:24,960 [f37cff1b-38c0-4a70-af4a-cd1c41c703b6@group-14E19CF515AD-LeaderElection3] INFO  impl.RoleInfo (RoleInfo.java:updateAndGet(130)) - f37cff1b-38c0-4a70-af4a-cd1c41c703b6: start f37cff1b-38c0-4a70-af4a-cd1c41c703b6@group-14E19CF515AD-LeaderStateImpl
2021-11-29 08:36:24,960 [f37cff1b-38c0-4a70-af4a-cd1c41c703b6@group-14E19CF515AD-LeaderElection3] INFO  segmented.SegmentedRaftLogWorker (SegmentedRaftLogWorker.java:startLogSegment(394)) - f37cff1b-38c0-4a70-af4a-cd1c41c703b6@group-14E19CF515AD-SegmentedRaftLogWorker: Starting segment from index:0
2021-11-29 08:36:24,962 [f37cff1b-38c0-4a70-af4a-cd1c41c703b6@group-14E19CF515AD-SegmentedRaftLogWorker] INFO  segmented.SegmentedRaftLogWorker (SegmentedRaftLogWorker.java:execute(601)) - f37cff1b-38c0-4a70-af4a-cd1c41c703b6@group-14E19CF515AD-SegmentedRaftLogWorker: created new log segment /home/runner/work/ozone/ozone/hadoop-ozone/integration-test/target/test-dir/MiniOzoneClusterImpl-3d114d2a-f85f-45ce-9fd0-840e2dc708c7/datanode-0/data/ratis/7bfd396b-b013-48a3-9028-14e19cf515ad/current/log_inprogress_0
2021-11-29 08:36:24,966 [f37cff1b-38c0-4a70-af4a-cd1c41c703b6@group-14E19CF515AD-LeaderElection3] INFO  server.RaftServer$Division (ServerState.java:setRaftConf(387)) - f37cff1b-38c0-4a70-af4a-cd1c41c703b6@group-14E19CF515AD: set configuration 0: [83afdf48-275c-4aa7-9b86-71b323741a7e|rpc:10.1.0.67:36653|dataStream:|priority:0, f37cff1b-38c0-4a70-af4a-cd1c41c703b6|rpc:10.1.0.67:40907|dataStream:|priority:1, 04f8ee08-a2ad-484b-9e4f-8959f0ebf609|rpc:10.1.0.67:45751|dataStream:|priority:0], old=null
2021-11-29 08:36:24,990 [grpc-default-executor-1] INFO  ratis.XceiverServerRatis (XceiverServerRatis.java:handleLeaderChangedNotification(866)) - Leader change notification received for group: group-14E19CF515AD with new leaderId: f37cff1b-38c0-4a70-af4a-cd1c41c703b6
2021-11-29 08:36:24,990 [grpc-default-executor-1] INFO  server.RaftServer$Division (ServerState.java:setLeader(285)) - 04f8ee08-a2ad-484b-9e4f-8959f0ebf609@group-14E19CF515AD: change Leader from null to f37cff1b-38c0-4a70-af4a-cd1c41c703b6 at term 1 for appendEntries, leader elected after 4729ms
2021-11-29 08:36:24,992 [grpc-default-executor-0] INFO  ratis.XceiverServerRatis (XceiverServerRatis.java:handleLeaderChangedNotification(866)) - Leader change notification received for group: group-14E19CF515AD with new leaderId: f37cff1b-38c0-4a70-af4a-cd1c41c703b6
2021-11-29 08:36:24,992 [grpc-default-executor-0] INFO  server.RaftServer$Division (ServerState.java:setLeader(285)) - 83afdf48-275c-4aa7-9b86-71b323741a7e@group-14E19CF515AD: change Leader from null to f37cff1b-38c0-4a70-af4a-cd1c41c703b6 at term 1 for appendEntries, leader elected after 4615ms
2021-11-29 08:36:25,013 [grpc-default-executor-1] INFO  server.RaftServer$Division (ServerState.java:setRaftConf(387)) - 83afdf48-275c-4aa7-9b86-71b323741a7e@group-14E19CF515AD: set configuration 0: [83afdf48-275c-4aa7-9b86-71b323741a7e|rpc:10.1.0.67:36653|dataStream:|priority:0, f37cff1b-38c0-4a70-af4a-cd1c41c703b6|rpc:10.1.0.67:40907|dataStream:|priority:1, 04f8ee08-a2ad-484b-9e4f-8959f0ebf609|rpc:10.1.0.67:45751|dataStream:|priority:0], old=null
2021-11-29 08:36:25,013 [grpc-default-executor-1] INFO  segmented.SegmentedRaftLogWorker (SegmentedRaftLogWorker.java:startLogSegment(394)) - 83afdf48-275c-4aa7-9b86-71b323741a7e@group-14E19CF515AD-SegmentedRaftLogWorker: Starting segment from index:0
2021-11-29 08:36:25,015 [83afdf48-275c-4aa7-9b86-71b323741a7e@group-14E19CF515AD-SegmentedRaftLogWorker] INFO  segmented.SegmentedRaftLogWorker (SegmentedRaftLogWorker.java:execute(601)) - 83afdf48-275c-4aa7-9b86-71b323741a7e@group-14E19CF515AD-SegmentedRaftLogWorker: created new log segment /home/runner/work/ozone/ozone/hadoop-ozone/integration-test/target/test-dir/MiniOzoneClusterImpl-3d114d2a-f85f-45ce-9fd0-840e2dc708c7/datanode-2/data/ratis/7bfd396b-b013-48a3-9028-14e19cf515ad/current/log_inprogress_0
2021-11-29 08:36:25,016 [grpc-default-executor-0] INFO  server.RaftServer$Division (ServerState.java:setRaftConf(387)) - 04f8ee08-a2ad-484b-9e4f-8959f0ebf609@group-14E19CF515AD: set configuration 0: [83afdf48-275c-4aa7-9b86-71b323741a7e|rpc:10.1.0.67:36653|dataStream:|priority:0, f37cff1b-38c0-4a70-af4a-cd1c41c703b6|rpc:10.1.0.67:40907|dataStream:|priority:1, 04f8ee08-a2ad-484b-9e4f-8959f0ebf609|rpc:10.1.0.67:45751|dataStream:|priority:0], old=null
2021-11-29 08:36:25,016 [grpc-default-executor-0] INFO  segmented.SegmentedRaftLogWorker (SegmentedRaftLogWorker.java:startLogSegment(394)) - 04f8ee08-a2ad-484b-9e4f-8959f0ebf609@group-14E19CF515AD-SegmentedRaftLogWorker: Starting segment from index:0
2021-11-29 08:36:25,018 [04f8ee08-a2ad-484b-9e4f-8959f0ebf609@group-14E19CF515AD-SegmentedRaftLogWorker] INFO  segmented.SegmentedRaftLogWorker (SegmentedRaftLogWorker.java:execute(601)) - 04f8ee08-a2ad-484b-9e4f-8959f0ebf609@group-14E19CF515AD-SegmentedRaftLogWorker: created new log segment /home/runner/work/ozone/ozone/hadoop-ozone/integration-test/target/test-dir/MiniOzoneClusterImpl-3d114d2a-f85f-45ce-9fd0-840e2dc708c7/datanode-1/data/ratis/7bfd396b-b013-48a3-9028-14e19cf515ad/current/log_inprogress_0
2021-11-29 08:36:25,087 [Listener at 127.0.0.1/45237] INFO  ozone.MiniOzoneClusterImpl (MiniOzoneClusterImpl.java:lambda$waitForClusterToBeReady$0(235)) - Nodes are ready. Got 6 of 6 DN Heartbeats.
2021-11-29 08:36:25,087 [Listener at 127.0.0.1/45237] INFO  ozone.MiniOzoneClusterImpl (MiniOzoneClusterImpl.java:lambda$waitForClusterToBeReady$0(238)) - Cluster exits safe mode
2021-11-29 08:36:25,087 [Listener at 127.0.0.1/45237] INFO  ozone.MiniOzoneClusterImpl (MiniOzoneClusterImpl.java:lambda$waitForClusterToBeReady$0(240)) - SCM became leader
2021-11-29 08:36:25,106 [Listener at 127.0.0.1/45237] WARN  server.ServerUtils (ServerUtils.java:getScmDbDir(148)) - ozone.scm.db.dirs is not configured. We recommend adding this setting. Falling back to ozone.metadata.dirs instead.
2021-11-29 08:36:25,108 [Listener at 127.0.0.1/45237] INFO  ha.SCMHANodeDetails (SCMHANodeDetails.java:loadSCMHAConfig(157)) - ServiceID for StorageContainerManager is null
2021-11-29 08:36:25,108 [Listener at 127.0.0.1/45237] INFO  ha.SCMHANodeDetails (SCMHANodeDetails.java:loadSCMHAConfig(162)) - ozone.scm.default.service.id is not defined, falling back to ozone.scm.service.ids to find serviceID for StorageContainerManager if it is HA enabled cluster
2021-11-29 08:36:25,109 [Listener at 127.0.0.1/45237] WARN  server.ServerUtils (ServerUtils.java:getScmDbDir(148)) - ozone.scm.db.dirs is not configured. We recommend adding this setting. Falling back to ozone.metadata.dirs instead.
2021-11-29 08:36:25,109 [Listener at 127.0.0.1/45237] INFO  upgrade.AbstractLayoutVersionManager (AbstractLayoutVersionManager.java:init(79)) - Initializing Layout version manager with metadata layout = SCM_HA (version = 2), software layout = SCM_HA (version = 2)
2021-11-29 08:36:25,147 [Listener at 127.0.0.1/45237] INFO  reflections.Reflections (Reflections.java:scan(232)) - Reflections took 37 ms to scan 7 urls, producing 119 keys and 279 values 
2021-11-29 08:36:25,148 [Listener at 127.0.0.1/45237] WARN  utils.HAUtils (HAUtils.java:getMetaDir(342)) - ozone.scm.db.dirs is not configured. We recommend adding this setting. Falling back to ozone.metadata.dirs instead.
2021-11-29 08:36:25,149 [Listener at 127.0.0.1/45237] WARN  db.DBStoreBuilder (DBStoreBuilder.java:applyDBDefinition(145)) - ozone.scm.db.dirs is not configured. We recommend adding this setting. Falling back to ozone.metadata.dirs instead.
2021-11-29 08:36:25,258 [Listener at 127.0.0.1/45237] INFO  net.NodeSchemaLoader (NodeSchemaLoader.java:loadSchemaFromFile(129)) - Loading schema from [jar:file:/home/runner/.m2/repository/org/apache/ozone/hdds-common/1.3.0-SNAPSHOT/hdds-common-1.3.0-SNAPSHOT.jar!/network-topology-default.xml]
2021-11-29 08:36:25,259 [Listener at 127.0.0.1/45237] INFO  net.NodeSchemaLoader (NodeSchemaLoader.java:loadSchema(176)) - Loading network topology layer schema file
2021-11-29 08:36:25,263 [Listener at 127.0.0.1/45237] WARN  impl.MetricRegistriesImpl (MetricRegistriesImpl.java:addReporterRegistration(111)) - New reporters are added after registries were created. Some metrics will be missing from the reporter. Please add reporter before adding any new registry.
2021-11-29 08:36:25,263 [Listener at 127.0.0.1/45237] WARN  impl.MetricRegistriesImpl (MetricRegistriesImpl.java:addReporterRegistration(111)) - New reporters are added after registries were created. Some metrics will be missing from the reporter. Please add reporter before adding any new registry.
2021-11-29 08:36:25,263 [Listener at 127.0.0.1/45237] INFO  ha.SequenceIdGenerator (SequenceIdGenerator.java:upgradeToSequenceId(347)) - upgrade localId to 107544261427200000
2021-11-29 08:36:25,264 [Listener at 127.0.0.1/45237] INFO  ha.SequenceIdGenerator (SequenceIdGenerator.java:upgradeToSequenceId(357)) - upgrade delTxnId to 0
2021-11-29 08:36:25,264 [Listener at 127.0.0.1/45237] INFO  ha.SequenceIdGenerator (SequenceIdGenerator.java:upgradeToSequenceId(371)) - upgrade containerId to 0
2021-11-29 08:36:25,264 [Listener at 127.0.0.1/45237] INFO  ha.SequenceIdGenerator (SequenceIdGenerator.java:<init>(218)) - Init the HA SequenceIdGenerator.
2021-11-29 08:36:25,265 [Listener at 127.0.0.1/45237] INFO  node.SCMNodeManager (SCMNodeManager.java:<init>(144)) - Entering startup safe mode.
2021-11-29 08:36:25,266 [Listener at 127.0.0.1/45237] INFO  algorithms.ContainerPlacementPolicyFactory (ContainerPlacementPolicyFactory.java:getPolicy(60)) - Create container placement policy of type org.apache.hadoop.hdds.scm.container.placement.algorithms.SCMContainerPlacementRandom
2021-11-29 08:36:25,266 [Listener at 127.0.0.1/45237] INFO  pipeline.PipelineStateManagerImpl (PipelineStateManagerImpl.java:initialize(78)) - No pipeline exists in current db
2021-11-29 08:36:25,267 [Listener at 127.0.0.1/45237] INFO  algorithms.LeaderChoosePolicyFactory (LeaderChoosePolicyFactory.java:getPolicy(57)) - Create leader choose policy of type org.apache.hadoop.hdds.scm.pipeline.leader.choose.algorithms.MinLeaderCountChoosePolicy
2021-11-29 08:36:25,267 [Listener at 127.0.0.1/45237] INFO  ha.SCMServiceManager (SCMServiceManager.java:register(43)) - Registering service BackgroundPipelineCreator.
2021-11-29 08:36:25,267 [Listener at 127.0.0.1/45237] INFO  pipeline.BackgroundPipelineCreator (BackgroundPipelineCreator.java:start(130)) - Starting RatisPipelineUtilsThread.
2021-11-29 08:36:25,270 [Listener at 127.0.0.1/45237] INFO  algorithms.PipelineChoosePolicyFactory (PipelineChoosePolicyFactory.java:createPipelineChoosePolicyFromClass(73)) - Create pipeline choose policy of type org.apache.hadoop.hdds.scm.pipeline.choose.algorithms.RandomPipelineChoosePolicy
2021-11-29 08:36:25,270 [Listener at 127.0.0.1/45237] INFO  ha.SCMServiceManager (SCMServiceManager.java:register(43)) - Registering service SCMBlockDeletingService.
2021-11-29 08:36:25,270 [Listener at 127.0.0.1/45237] INFO  ha.SCMServiceManager (SCMServiceManager.java:register(43)) - Registering service ReplicationManager.
2021-11-29 08:36:25,271 [Listener at 127.0.0.1/45237] INFO  container.ReplicationManager (ReplicationManager.java:start(319)) - Starting Replication Monitor Thread.
2021-11-29 08:36:25,277 [Listener at 127.0.0.1/45237] INFO  safemode.ContainerSafeModeRule (ContainerSafeModeRule.java:<init>(89)) - containers with one replica threshold count 0
2021-11-29 08:36:25,277 [Listener at 127.0.0.1/45237] INFO  safemode.HealthyPipelineSafeModeRule (HealthyPipelineSafeModeRule.java:initializeRule(156)) - Total pipeline count is 0, healthy pipeline threshold count is 1
2021-11-29 08:36:25,278 [Listener at 127.0.0.1/45237] INFO  safemode.OneReplicaPipelineSafeModeRule (OneReplicaPipelineSafeModeRule.java:initializeRule(180)) - Total pipeline count is 0, pipeline's with at least one datanode reported threshold count is 0
2021-11-29 08:36:25,285 [04f8ee08-a2ad-484b-9e4f-8959f0ebf609@group-92A7BE4CF438-FollowerState] INFO  impl.FollowerState (FollowerState.java:run(134)) - 04f8ee08-a2ad-484b-9e4f-8959f0ebf609@group-92A7BE4CF438-FollowerState: change to CANDIDATE, lastRpcElapsedTime:5038758454ns, electionTimeout:5033ms
2021-11-29 08:36:25,285 [04f8ee08-a2ad-484b-9e4f-8959f0ebf609@group-92A7BE4CF438-FollowerState] INFO  impl.RoleInfo (RoleInfo.java:shutdownFollowerState(108)) - 04f8ee08-a2ad-484b-9e4f-8959f0ebf609: shutdown 04f8ee08-a2ad-484b-9e4f-8959f0ebf609@group-92A7BE4CF438-FollowerState
2021-11-29 08:36:25,285 [04f8ee08-a2ad-484b-9e4f-8959f0ebf609@group-92A7BE4CF438-FollowerState] INFO  server.RaftServer$Division (RaftServerImpl.java:setRole(290)) - 04f8ee08-a2ad-484b-9e4f-8959f0ebf609@group-92A7BE4CF438: changes role from  FOLLOWER to CANDIDATE at term 0 for changeToCandidate
2021-11-29 08:36:25,285 [04f8ee08-a2ad-484b-9e4f-8959f0ebf609@group-92A7BE4CF438-FollowerState] INFO  server.RaftServerConfigKeys (ConfUtils.java:logGet(44)) - raft.server.leaderelection.pre-vote = false (custom)
2021-11-29 08:36:25,285 [04f8ee08-a2ad-484b-9e4f-8959f0ebf609@group-92A7BE4CF438-FollowerState] INFO  impl.RoleInfo (RoleInfo.java:updateAndGet(130)) - 04f8ee08-a2ad-484b-9e4f-8959f0ebf609: start 04f8ee08-a2ad-484b-9e4f-8959f0ebf609@group-92A7BE4CF438-LeaderElection4
2021-11-29 08:36:25,293 [ReplicationMonitor] INFO  container.ReplicationManager (ReplicationManager.java:processAll(371)) - Replication Monitor Thread took 0 milliseconds for processing 0 containers.
2021-11-29 08:36:25,293 [Listener at 127.0.0.1/45237] INFO  ipc.CallQueueManager (CallQueueManager.java:<init>(90)) - Using callQueue: class java.util.concurrent.LinkedBlockingQueue, queueCapacity: 2000, scheduler: class org.apache.hadoop.ipc.DefaultRpcScheduler, ipcBackoff: false.
2021-11-29 08:36:25,295 [Socket Reader #1 for port 0] INFO  ipc.Server (Server.java:run(1265)) - Starting Socket Reader #1 for port 0
2021-11-29 08:36:25,296 [Listener at 0.0.0.0/33383] INFO  ipc.CallQueueManager (CallQueueManager.java:<init>(90)) - Using callQueue: class java.util.concurrent.LinkedBlockingQueue, queueCapacity: 2000, scheduler: class org.apache.hadoop.ipc.DefaultRpcScheduler, ipcBackoff: false.
2021-11-29 08:36:25,297 [Socket Reader #1 for port 0] INFO  ipc.Server (Server.java:run(1265)) - Starting Socket Reader #1 for port 0
2021-11-29 08:36:25,306 [Listener at 0.0.0.0/44087] INFO  ipc.CallQueueManager (CallQueueManager.java:<init>(90)) - Using callQueue: class java.util.concurrent.LinkedBlockingQueue, queueCapacity: 2000, scheduler: class org.apache.hadoop.ipc.DefaultRpcScheduler, ipcBackoff: false.
2021-11-29 08:36:25,308 [Socket Reader #1 for port 0] INFO  ipc.Server (Server.java:run(1265)) - Starting Socket Reader #1 for port 0
2021-11-29 08:36:25,319 [04f8ee08-a2ad-484b-9e4f-8959f0ebf609@group-92A7BE4CF438-LeaderElection4] INFO  impl.LeaderElection (LeaderElection.java:askForVotes(306)) - 04f8ee08-a2ad-484b-9e4f-8959f0ebf609@group-92A7BE4CF438-LeaderElection4 ELECTION round 0: submit vote requests at term 1 for -1: [04f8ee08-a2ad-484b-9e4f-8959f0ebf609|rpc:10.1.0.67:45751|priority:1], old=null
2021-11-29 08:36:25,319 [04f8ee08-a2ad-484b-9e4f-8959f0ebf609@group-92A7BE4CF438-LeaderElection4] INFO  impl.LeaderElection (LeaderElection.java:askForVotes(308)) - 04f8ee08-a2ad-484b-9e4f-8959f0ebf609@group-92A7BE4CF438-LeaderElection4 ELECTION round 0: result PASSED (term=1)
2021-11-29 08:36:25,319 [04f8ee08-a2ad-484b-9e4f-8959f0ebf609@group-92A7BE4CF438-LeaderElection4] INFO  impl.RoleInfo (RoleInfo.java:shutdownLeaderElection(121)) - 04f8ee08-a2ad-484b-9e4f-8959f0ebf609: shutdown 04f8ee08-a2ad-484b-9e4f-8959f0ebf609@group-92A7BE4CF438-LeaderElection4
2021-11-29 08:36:25,319 [04f8ee08-a2ad-484b-9e4f-8959f0ebf609@group-92A7BE4CF438-LeaderElection4] INFO  server.RaftServer$Division (RaftServerImpl.java:setRole(290)) - 04f8ee08-a2ad-484b-9e4f-8959f0ebf609@group-92A7BE4CF438: changes role from CANDIDATE to LEADER at term 1 for changeToLeader
2021-11-29 08:36:25,319 [04f8ee08-a2ad-484b-9e4f-8959f0ebf609@group-92A7BE4CF438-LeaderElection4] INFO  ratis.XceiverServerRatis (XceiverServerRatis.java:handleLeaderChangedNotification(866)) - Leader change notification received for group: group-92A7BE4CF438 with new leaderId: 04f8ee08-a2ad-484b-9e4f-8959f0ebf609
2021-11-29 08:36:25,319 [04f8ee08-a2ad-484b-9e4f-8959f0ebf609@group-92A7BE4CF438-LeaderElection4] INFO  server.RaftServer$Division (ServerState.java:setLeader(285)) - 04f8ee08-a2ad-484b-9e4f-8959f0ebf609@group-92A7BE4CF438: change Leader from null to 04f8ee08-a2ad-484b-9e4f-8959f0ebf609 at term 1 for becomeLeader, leader elected after 5084ms
2021-11-29 08:36:25,319 [04f8ee08-a2ad-484b-9e4f-8959f0ebf609@group-92A7BE4CF438-LeaderElection4] INFO  server.RaftServerConfigKeys (ConfUtils.java:logGet(44)) - raft.server.staging.catchup.gap = 1000 (default)
2021-11-29 08:36:25,320 [04f8ee08-a2ad-484b-9e4f-8959f0ebf609@group-92A7BE4CF438-LeaderElection4] INFO  server.RaftServerConfigKeys (ConfUtils.java:logGet(44)) - raft.server.write.element-limit = 1024 (custom)
2021-11-29 08:36:25,320 [04f8ee08-a2ad-484b-9e4f-8959f0ebf609@group-92A7BE4CF438-LeaderElection4] INFO  server.RaftServerConfigKeys (ConfUtils.java:logGet(44)) - raft.server.write.byte-limit = 1024 M (=1073741824) (custom)
2021-11-29 08:36:25,320 [04f8ee08-a2ad-484b-9e4f-8959f0ebf609@group-92A7BE4CF438-LeaderElection4] INFO  server.RaftServerConfigKeys (ConfUtils.java:logGet(44)) - raft.server.watch.timeout = 180s (custom)
2021-11-29 08:36:25,320 [04f8ee08-a2ad-484b-9e4f-8959f0ebf609@group-92A7BE4CF438-LeaderElection4] INFO  server.RaftServerConfigKeys (ConfUtils.java:logGet(44)) - raft.server.watch.timeout.denomination = 1s (default)
2021-11-29 08:36:25,320 [04f8ee08-a2ad-484b-9e4f-8959f0ebf609@group-92A7BE4CF438-LeaderElection4] INFO  server.RaftServerConfigKeys (ConfUtils.java:logGet(44)) - raft.server.watch.element-limit = 65536 (default)
2021-11-29 08:36:25,320 [04f8ee08-a2ad-484b-9e4f-8959f0ebf609@group-92A7BE4CF438-LeaderElection4] INFO  server.RaftServerConfigKeys (ConfUtils.java:logGet(44)) - raft.server.write.element-limit = 1024 (custom)
2021-11-29 08:36:25,320 [04f8ee08-a2ad-484b-9e4f-8959f0ebf609@group-92A7BE4CF438-LeaderElection4] INFO  server.RaftServerConfigKeys (ConfUtils.java:logGet(44)) - raft.server.write.follower.gap.ratio.max = -1.0 (default)
2021-11-29 08:36:25,320 [04f8ee08-a2ad-484b-9e4f-8959f0ebf609@group-92A7BE4CF438-LeaderElection4] INFO  impl.RoleInfo (RoleInfo.java:updateAndGet(130)) - 04f8ee08-a2ad-484b-9e4f-8959f0ebf609: start 04f8ee08-a2ad-484b-9e4f-8959f0ebf609@group-92A7BE4CF438-LeaderStateImpl
2021-11-29 08:36:25,321 [04f8ee08-a2ad-484b-9e4f-8959f0ebf609@group-92A7BE4CF438-LeaderElection4] INFO  segmented.SegmentedRaftLogWorker (SegmentedRaftLogWorker.java:startLogSegment(394)) - 04f8ee08-a2ad-484b-9e4f-8959f0ebf609@group-92A7BE4CF438-SegmentedRaftLogWorker: Starting segment from index:0
2021-11-29 08:36:25,323 [04f8ee08-a2ad-484b-9e4f-8959f0ebf609@group-92A7BE4CF438-SegmentedRaftLogWorker] INFO  segmented.SegmentedRaftLogWorker (SegmentedRaftLogWorker.java:execute(601)) - 04f8ee08-a2ad-484b-9e4f-8959f0ebf609@group-92A7BE4CF438-SegmentedRaftLogWorker: created new log segment /home/runner/work/ozone/ozone/hadoop-ozone/integration-test/target/test-dir/MiniOzoneClusterImpl-3d114d2a-f85f-45ce-9fd0-840e2dc708c7/datanode-1/data/ratis/8fa509ea-e364-4535-87f8-92a7be4cf438/current/log_inprogress_0
2021-11-29 08:36:25,330 [04f8ee08-a2ad-484b-9e4f-8959f0ebf609@group-92A7BE4CF438-LeaderElection4] INFO  server.RaftServer$Division (ServerState.java:setRaftConf(387)) - 04f8ee08-a2ad-484b-9e4f-8959f0ebf609@group-92A7BE4CF438: set configuration 0: [04f8ee08-a2ad-484b-9e4f-8959f0ebf609|rpc:10.1.0.67:45751|dataStream:|priority:1], old=null
2021-11-29 08:36:25,355 [Listener at 0.0.0.0/41239] INFO  algorithms.ContainerPlacementPolicyFactory (ContainerPlacementPolicyFactory.java:getPolicy(60)) - Create container placement policy of type org.apache.hadoop.hdds.scm.container.placement.algorithms.SCMContainerPlacementRandom
2021-11-29 08:36:25,356 [Listener at 0.0.0.0/41239] INFO  server.StorageContainerManager (StorageContainerManager.java:<init>(388)) - 
Container Balancer status:
Key                            Value
Running                        false
Container Balancer Configuration values:
Key                                                Value
Threshold                                          0.1
Max Datanodes to Involve per Iteration(ratio)      0.2
Max Size to Move per Iteration                     30GB
Max Size Entering Target per Iteration             1GB
Max Size Leaving Source per Iteration              1GB

2021-11-29 08:36:25,357 [Listener at 0.0.0.0/41239] WARN  events.EventQueue (EventQueue.java:fireEvent(194)) - No event handler registered for event TypedEvent{payloadType=SafeModeStatus, name='Safe mode status'}
2021-11-29 08:36:25,357 [Listener at 0.0.0.0/41239] INFO  ha.SCMContext (SCMContext.java:updateSafeModeStatus(205)) - Update SafeModeStatus from SafeModeStatus{safeModeStatus=true, preCheckPassed=false} to SafeModeStatus{safeModeStatus=true, preCheckPassed=false}.
2021-11-29 08:36:25,357 [Listener at 0.0.0.0/41239] INFO  server.StorageContainerManager (StorageContainerManager.java:start(1303)) - StorageContainerLocationProtocol RPC server is listening at /0.0.0.0:41239
2021-11-29 08:36:25,357 [Listener at 0.0.0.0/41239] INFO  impl.MetricsSystemImpl (MetricsSystemImpl.java:init(158)) - StorageContainerManager metrics system started (again)
2021-11-29 08:36:25,374 [Listener at 0.0.0.0/41239] INFO  server.SCMClientProtocolServer (SCMClientProtocolServer.java:start(164)) - RPC server for Client  is listening at /0.0.0.0:41239
2021-11-29 08:36:25,375 [IPC Server Responder] INFO  ipc.Server (Server.java:run(1507)) - IPC Server Responder: starting
2021-11-29 08:36:25,383 [Listener at 0.0.0.0/41239] INFO  server.StorageContainerManager (StorageContainerManager.java:start(1318)) - ScmBlockLocationProtocol RPC server is listening at /0.0.0.0:44087
2021-11-29 08:36:25,375 [IPC Server listener on 0] INFO  ipc.Server (Server.java:run(1344)) - IPC Server listener on 0: starting
2021-11-29 08:36:25,386 [Listener at 0.0.0.0/41239] INFO  server.SCMBlockProtocolServer (SCMBlockProtocolServer.java:start(151)) - RPC server for Block Protocol is listening at /0.0.0.0:44087
2021-11-29 08:36:25,387 [IPC Server Responder] INFO  ipc.Server (Server.java:run(1507)) - IPC Server Responder: starting
2021-11-29 08:36:25,387 [IPC Server listener on 0] INFO  ipc.Server (Server.java:run(1344)) - IPC Server listener on 0: starting
2021-11-29 08:36:25,390 [Listener at 0.0.0.0/41239] INFO  server.StorageContainerManager (StorageContainerManager.java:start(1324)) - ScmDatanodeProtocl RPC server is listening at /0.0.0.0:33383
2021-11-29 08:36:25,390 [Listener at 0.0.0.0/41239] INFO  server.SCMDatanodeProtocolServer (SCMDatanodeProtocolServer.java:start(181)) - RPC server for DataNodes is listening at /0.0.0.0:33383
2021-11-29 08:36:25,391 [IPC Server Responder] INFO  ipc.Server (Server.java:run(1507)) - IPC Server Responder: starting
2021-11-29 08:36:25,391 [IPC Server listener on 0] INFO  ipc.Server (Server.java:run(1344)) - IPC Server listener on 0: starting
2021-11-29 08:36:25,413 [org.apache.hadoop.util.JvmPauseMonitor$Monitor@7a44274d] INFO  util.JvmPauseMonitor (JvmPauseMonitor.java:run(188)) - Starting JVM pause monitor
2021-11-29 08:36:25,414 [Listener at 0.0.0.0/41239] INFO  http.BaseHttpServer (BaseHttpServer.java:newHttpServer2BuilderForOzone(209)) - Starting Web-server for scm at: http://0.0.0.0:0
2021-11-29 08:36:25,414 [Listener at 0.0.0.0/41239] INFO  http.BaseHttpServer (BaseHttpServer.java:<init>(107)) - Hadoop Security Enabled: false Ozone Security Enabled: false Ozone HTTP Security Enabled: false 
2021-11-29 08:36:25,415 [Listener at 0.0.0.0/41239] INFO  server.AuthenticationFilter (AuthenticationFilter.java:constructSecretProvider(240)) - Unable to initialize FileSignerSecretProvider, falling back to use random secrets.
2021-11-29 08:36:25,416 [Listener at 0.0.0.0/41239] WARN  http.HttpRequestLog (HttpRequestLog.java:getRequestLog(103)) - Jetty request log can only be enabled using Log4j
2021-11-29 08:36:25,417 [Listener at 0.0.0.0/41239] INFO  http.HttpServer2 (HttpServer2.java:addGlobalFilter(1030)) - Added global filter 'safety' (class=org.apache.hadoop.hdds.server.http.HttpServer2$QuotingInputFilter)
2021-11-29 08:36:25,418 [Listener at 0.0.0.0/41239] INFO  http.HttpServer2 (HttpServer2.java:addFilter(1006)) - Added filter static_user_filter (class=org.apache.hadoop.http.lib.StaticUserWebFilter$StaticUserFilter) to context scm
2021-11-29 08:36:25,418 [Listener at 0.0.0.0/41239] INFO  http.HttpServer2 (HttpServer2.java:addFilter(1014)) - Added filter static_user_filter (class=org.apache.hadoop.http.lib.StaticUserWebFilter$StaticUserFilter) to context static
2021-11-29 08:36:25,418 [Listener at 0.0.0.0/41239] INFO  http.HttpServer2 (HttpServer2.java:addFilter(1014)) - Added filter static_user_filter (class=org.apache.hadoop.http.lib.StaticUserWebFilter$StaticUserFilter) to context logs
2021-11-29 08:36:25,419 [Listener at 0.0.0.0/41239] INFO  http.HttpServer2 (HttpServer2.java:bindListener(1249)) - Jetty bound to port 43075
2021-11-29 08:36:25,419 [Listener at 0.0.0.0/41239] INFO  server.Server (Server.java:doStart(375)) - jetty-9.4.43.v20210629; built: 2021-06-30T11:07:22.254Z; git: 526006ecfa3af7f1a27ef3a288e2bef7ea9dd7e8; jvm 1.8.0_292-b10
2021-11-29 08:36:25,435 [Listener at 0.0.0.0/41239] INFO  server.session (DefaultSessionIdManager.java:doStart(334)) - DefaultSessionIdManager workerName=node0
2021-11-29 08:36:25,435 [Listener at 0.0.0.0/41239] INFO  server.session (DefaultSessionIdManager.java:doStart(339)) - No SessionScavenger set, using defaults
2021-11-29 08:36:25,435 [Listener at 0.0.0.0/41239] INFO  server.session (HouseKeeper.java:startScavenging(132)) - node0 Scavenging every 600000ms
2021-11-29 08:36:25,436 [Listener at 0.0.0.0/41239] INFO  handler.ContextHandler (ContextHandler.java:doStart(915)) - Started o.e.j.s.ServletContextHandler@14c037ef{logs,/logs,file:///home/runner/work/ozone/ozone/hadoop-ozone/integration-test/target/log,AVAILABLE}
2021-11-29 08:36:25,436 [Listener at 0.0.0.0/41239] INFO  handler.ContextHandler (ContextHandler.java:doStart(915)) - Started o.e.j.s.ServletContextHandler@3cf68c{static,/static,file:///home/runner/work/ozone/ozone/hadoop-ozone/integration-test/target/test-classes/webapps/static,AVAILABLE}
2021-11-29 08:36:25,436 [main] INFO  rpc.RpcClient (RpcClient.java:createVolume(389)) - Creating Volume: vol1, with user81015 as owner and space quota set to -1 bytes, counts quota set to -1
2021-11-29 08:36:25,443 [Listener at 0.0.0.0/41239] INFO  handler.ContextHandler (ContextHandler.java:doStart(915)) - Started o.e.j.w.WebAppContext@19c85977{scm,/,file:///home/runner/work/ozone/ozone/hadoop-ozone/integration-test/target/test-classes/webapps/scm/,AVAILABLE}{file:/home/runner/work/ozone/ozone/hadoop-ozone/integration-test/target/test-classes/webapps/scm}
2021-11-29 08:36:25,446 [Listener at 0.0.0.0/41239] INFO  server.AbstractConnector (AbstractConnector.java:doStart(331)) - Started ServerConnector@1c16bbca{HTTP/1.1, (http/1.1)}{0.0.0.0:43075}
2021-11-29 08:36:25,446 [Listener at 0.0.0.0/41239] INFO  server.Server (Server.java:doStart(415)) - Started @19541ms
2021-11-29 08:36:25,446 [Listener at 0.0.0.0/41239] WARN  impl.MetricsSystemImpl (MetricsSystemImpl.java:register(279)) - Sink prometheus already exists!
2021-11-29 08:36:25,447 [Listener at 0.0.0.0/41239] INFO  http.BaseHttpServer (BaseHttpServer.java:updateConnectorAddress(329)) - HTTP server of scm listening at http://0.0.0.0:43075
2021-11-29 08:36:25,447 [Listener at 0.0.0.0/41239] WARN  server.ServerUtils (ServerUtils.java:getDBPath(225)) - ozone.om.db.dirs is not configured. We recommend adding this setting. Falling back to ozone.metadata.dirs instead.
2021-11-29 08:36:25,453 [Listener at 0.0.0.0/41239] INFO  ha.OMHANodeDetails (OMHANodeDetails.java:loadOMHAConfig(112)) - ozone.om.internal.service.id is not defined, falling back to ozone.om.service.ids to find serviceID for OzoneManager if it is HA enabled cluster
2021-11-29 08:36:25,453 [Listener at 0.0.0.0/41239] INFO  ha.OMHANodeDetails (OMHANodeDetails.java:loadOMHAConfig(217)) - Configuration does not have ozone.om.address set. Falling back to the default OM address /127.0.0.1:0
2021-11-29 08:36:25,453 [Listener at 0.0.0.0/41239] INFO  ha.OMHANodeDetails (OMHANodeDetails.java:getOMNodeDetailsForNonHA(245)) - OM Service ID is not set. Setting it to the default ID: omServiceIdDefault
2021-11-29 08:36:25,453 [Listener at 0.0.0.0/41239] INFO  ha.OMHANodeDetails (OMHANodeDetails.java:getOMNodeDetailsForNonHA(252)) - OM Node ID is not set. Setting it to the default ID: om1
2021-11-29 08:36:25,453 [Listener at 0.0.0.0/41239] WARN  server.ServerUtils (ServerUtils.java:getDBPath(225)) - ozone.om.db.dirs is not configured. We recommend adding this setting. Falling back to ozone.metadata.dirs instead.
2021-11-29 08:36:25,454 [Listener at 0.0.0.0/41239] INFO  upgrade.AbstractLayoutVersionManager (AbstractLayoutVersionManager.java:init(79)) - Initializing Layout version manager with metadata layout = INITIAL_VERSION (version = 0), software layout = INITIAL_VERSION (version = 0)
2021-11-29 08:36:25,532 [Listener at 0.0.0.0/41239] INFO  reflections.Reflections (Reflections.java:scan(232)) - Reflections took 77 ms to scan 2 urls, producing 132 keys and 344 values [using 2 cores]
2021-11-29 08:36:25,532 [Listener at 0.0.0.0/41239] INFO  upgrade.OMLayoutVersionManager (OMLayoutVersionManager.java:lambda$0(115)) - Skipping Upgrade Action MockOmUpgradeAction since it has been finalized.
2021-11-29 08:36:25,532 [Listener at 0.0.0.0/41239] WARN  server.ServerUtils (ServerUtils.java:getDBPath(225)) - ozone.om.db.dirs is not configured. We recommend adding this setting. Falling back to ozone.metadata.dirs instead.
2021-11-29 08:36:25,547 [Listener at 0.0.0.0/41239] WARN  server.ServerUtils (ServerUtils.java:getDBPath(225)) - ozone.om.db.dirs is not configured. We recommend adding this setting. Falling back to ozone.metadata.dirs instead.
2021-11-29 08:36:25,547 [Listener at 0.0.0.0/41239] INFO  codec.OmKeyInfoCodec (OmKeyInfoCodec.java:<init>(50)) - OmKeyInfoCodec ignorePipeline = true
2021-11-29 08:36:25,547 [Listener at 0.0.0.0/41239] INFO  codec.RepeatedOmKeyInfoCodec (RepeatedOmKeyInfoCodec.java:<init>(42)) - RepeatedOmKeyInfoCodec ignorePipeline = true
2021-11-29 08:36:25,626 [83afdf48-275c-4aa7-9b86-71b323741a7e@group-3C530FFBEEB0-FollowerState] INFO  impl.FollowerState (FollowerState.java:run(134)) - 83afdf48-275c-4aa7-9b86-71b323741a7e@group-3C530FFBEEB0-FollowerState: change to CANDIDATE, lastRpcElapsedTime:5141933427ns, electionTimeout:5139ms
2021-11-29 08:36:25,626 [83afdf48-275c-4aa7-9b86-71b323741a7e@group-3C530FFBEEB0-FollowerState] INFO  impl.RoleInfo (RoleInfo.java:shutdownFollowerState(108)) - 83afdf48-275c-4aa7-9b86-71b323741a7e: shutdown 83afdf48-275c-4aa7-9b86-71b323741a7e@group-3C530FFBEEB0-FollowerState
2021-11-29 08:36:25,626 [83afdf48-275c-4aa7-9b86-71b323741a7e@group-3C530FFBEEB0-FollowerState] INFO  server.RaftServer$Division (RaftServerImpl.java:setRole(290)) - 83afdf48-275c-4aa7-9b86-71b323741a7e@group-3C530FFBEEB0: changes role from  FOLLOWER to CANDIDATE at term 0 for changeToCandidate
2021-11-29 08:36:25,626 [83afdf48-275c-4aa7-9b86-71b323741a7e@group-3C530FFBEEB0-FollowerState] INFO  server.RaftServerConfigKeys (ConfUtils.java:logGet(44)) - raft.server.leaderelection.pre-vote = false (custom)
2021-11-29 08:36:25,626 [83afdf48-275c-4aa7-9b86-71b323741a7e@group-3C530FFBEEB0-FollowerState] INFO  impl.RoleInfo (RoleInfo.java:updateAndGet(130)) - 83afdf48-275c-4aa7-9b86-71b323741a7e: start 83afdf48-275c-4aa7-9b86-71b323741a7e@group-3C530FFBEEB0-LeaderElection5
2021-11-29 08:36:25,668 [83afdf48-275c-4aa7-9b86-71b323741a7e@group-3C530FFBEEB0-LeaderElection5] INFO  impl.LeaderElection (LeaderElection.java:askForVotes(306)) - 83afdf48-275c-4aa7-9b86-71b323741a7e@group-3C530FFBEEB0-LeaderElection5 ELECTION round 0: submit vote requests at term 1 for -1: [83afdf48-275c-4aa7-9b86-71b323741a7e|rpc:10.1.0.67:36653|priority:1], old=null
2021-11-29 08:36:25,668 [83afdf48-275c-4aa7-9b86-71b323741a7e@group-3C530FFBEEB0-LeaderElection5] INFO  impl.LeaderElection (LeaderElection.java:askForVotes(308)) - 83afdf48-275c-4aa7-9b86-71b323741a7e@group-3C530FFBEEB0-LeaderElection5 ELECTION round 0: result PASSED (term=1)
2021-11-29 08:36:25,669 [83afdf48-275c-4aa7-9b86-71b323741a7e@group-3C530FFBEEB0-LeaderElection5] INFO  impl.RoleInfo (RoleInfo.java:shutdownLeaderElection(121)) - 83afdf48-275c-4aa7-9b86-71b323741a7e: shutdown 83afdf48-275c-4aa7-9b86-71b323741a7e@group-3C530FFBEEB0-LeaderElection5
2021-11-29 08:36:25,669 [83afdf48-275c-4aa7-9b86-71b323741a7e@group-3C530FFBEEB0-LeaderElection5] INFO  server.RaftServer$Division (RaftServerImpl.java:setRole(290)) - 83afdf48-275c-4aa7-9b86-71b323741a7e@group-3C530FFBEEB0: changes role from CANDIDATE to LEADER at term 1 for changeToLeader
2021-11-29 08:36:25,669 [83afdf48-275c-4aa7-9b86-71b323741a7e@group-3C530FFBEEB0-LeaderElection5] INFO  ratis.XceiverServerRatis (XceiverServerRatis.java:handleLeaderChangedNotification(866)) - Leader change notification received for group: group-3C530FFBEEB0 with new leaderId: 83afdf48-275c-4aa7-9b86-71b323741a7e
2021-11-29 08:36:25,669 [83afdf48-275c-4aa7-9b86-71b323741a7e@group-3C530FFBEEB0-LeaderElection5] INFO  server.RaftServer$Division (ServerState.java:setLeader(285)) - 83afdf48-275c-4aa7-9b86-71b323741a7e@group-3C530FFBEEB0: change Leader from null to 83afdf48-275c-4aa7-9b86-71b323741a7e at term 1 for becomeLeader, leader elected after 5205ms
2021-11-29 08:36:25,669 [83afdf48-275c-4aa7-9b86-71b323741a7e@group-3C530FFBEEB0-LeaderElection5] INFO  server.RaftServerConfigKeys (ConfUtils.java:logGet(44)) - raft.server.staging.catchup.gap = 1000 (default)
2021-11-29 08:36:25,669 [83afdf48-275c-4aa7-9b86-71b323741a7e@group-3C530FFBEEB0-LeaderElection5] INFO  server.RaftServerConfigKeys (ConfUtils.java:logGet(44)) - raft.server.write.element-limit = 1024 (custom)
2021-11-29 08:36:25,669 [83afdf48-275c-4aa7-9b86-71b323741a7e@group-3C530FFBEEB0-LeaderElection5] INFO  server.RaftServerConfigKeys (ConfUtils.java:logGet(44)) - raft.server.write.byte-limit = 1024 M (=1073741824) (custom)
2021-11-29 08:36:25,670 [83afdf48-275c-4aa7-9b86-71b323741a7e@group-3C530FFBEEB0-LeaderElection5] INFO  server.RaftServerConfigKeys (ConfUtils.java:logGet(44)) - raft.server.watch.timeout = 180s (custom)
2021-11-29 08:36:25,670 [83afdf48-275c-4aa7-9b86-71b323741a7e@group-3C530FFBEEB0-LeaderElection5] INFO  server.RaftServerConfigKeys (ConfUtils.java:logGet(44)) - raft.server.watch.timeout.denomination = 1s (default)
2021-11-29 08:36:25,670 [83afdf48-275c-4aa7-9b86-71b323741a7e@group-3C530FFBEEB0-LeaderElection5] INFO  server.RaftServerConfigKeys (ConfUtils.java:logGet(44)) - raft.server.watch.element-limit = 65536 (default)
2021-11-29 08:36:25,670 [83afdf48-275c-4aa7-9b86-71b323741a7e@group-3C530FFBEEB0-LeaderElection5] INFO  server.RaftServerConfigKeys (ConfUtils.java:logGet(44)) - raft.server.write.element-limit = 1024 (custom)
2021-11-29 08:36:25,670 [83afdf48-275c-4aa7-9b86-71b323741a7e@group-3C530FFBEEB0-LeaderElection5] INFO  server.RaftServerConfigKeys (ConfUtils.java:logGet(44)) - raft.server.write.follower.gap.ratio.max = -1.0 (default)
2021-11-29 08:36:25,670 [83afdf48-275c-4aa7-9b86-71b323741a7e@group-3C530FFBEEB0-LeaderElection5] INFO  impl.RoleInfo (RoleInfo.java:updateAndGet(130)) - 83afdf48-275c-4aa7-9b86-71b323741a7e: start 83afdf48-275c-4aa7-9b86-71b323741a7e@group-3C530FFBEEB0-LeaderStateImpl
2021-11-29 08:36:25,670 [83afdf48-275c-4aa7-9b86-71b323741a7e@group-3C530FFBEEB0-LeaderElection5] INFO  segmented.SegmentedRaftLogWorker (SegmentedRaftLogWorker.java:startLogSegment(394)) - 83afdf48-275c-4aa7-9b86-71b323741a7e@group-3C530FFBEEB0-SegmentedRaftLogWorker: Starting segment from index:0
2021-11-29 08:36:25,679 [83afdf48-275c-4aa7-9b86-71b323741a7e@group-3C530FFBEEB0-SegmentedRaftLogWorker] INFO  segmented.SegmentedRaftLogWorker (SegmentedRaftLogWorker.java:execute(601)) - 83afdf48-275c-4aa7-9b86-71b323741a7e@group-3C530FFBEEB0-SegmentedRaftLogWorker: created new log segment /home/runner/work/ozone/ozone/hadoop-ozone/integration-test/target/test-dir/MiniOzoneClusterImpl-3d114d2a-f85f-45ce-9fd0-840e2dc708c7/datanode-2/data/ratis/1e5d1a8a-d9f1-4ebb-8cd9-3c530ffbeeb0/current/log_inprogress_0
2021-11-29 08:36:25,686 [83afdf48-275c-4aa7-9b86-71b323741a7e@group-3C530FFBEEB0-LeaderElection5] INFO  server.RaftServer$Division (ServerState.java:setRaftConf(387)) - 83afdf48-275c-4aa7-9b86-71b323741a7e@group-3C530FFBEEB0: set configuration 0: [83afdf48-275c-4aa7-9b86-71b323741a7e|rpc:10.1.0.67:36653|dataStream:|priority:1], old=null
2021-11-29 08:36:25,735 [e898274c-95f2-4b2f-8144-1886504886d7@group-735FD42A34FF-FollowerState] INFO  impl.FollowerState (FollowerState.java:run(134)) - e898274c-95f2-4b2f-8144-1886504886d7@group-735FD42A34FF-FollowerState: change to CANDIDATE, lastRpcElapsedTime:5031213886ns, electionTimeout:5029ms
2021-11-29 08:36:25,735 [e898274c-95f2-4b2f-8144-1886504886d7@group-735FD42A34FF-FollowerState] INFO  impl.RoleInfo (RoleInfo.java:shutdownFollowerState(108)) - e898274c-95f2-4b2f-8144-1886504886d7: shutdown e898274c-95f2-4b2f-8144-1886504886d7@group-735FD42A34FF-FollowerState
2021-11-29 08:36:25,736 [e898274c-95f2-4b2f-8144-1886504886d7@group-735FD42A34FF-FollowerState] INFO  server.RaftServer$Division (RaftServerImpl.java:setRole(290)) - e898274c-95f2-4b2f-8144-1886504886d7@group-735FD42A34FF: changes role from  FOLLOWER to CANDIDATE at term 0 for changeToCandidate
2021-11-29 08:36:25,736 [e898274c-95f2-4b2f-8144-1886504886d7@group-735FD42A34FF-FollowerState] INFO  server.RaftServerConfigKeys (ConfUtils.java:logGet(44)) - raft.server.leaderelection.pre-vote = false (custom)
2021-11-29 08:36:25,736 [e898274c-95f2-4b2f-8144-1886504886d7@group-735FD42A34FF-FollowerState] INFO  impl.RoleInfo (RoleInfo.java:updateAndGet(130)) - e898274c-95f2-4b2f-8144-1886504886d7: start e898274c-95f2-4b2f-8144-1886504886d7@group-735FD42A34FF-LeaderElection6
2021-11-29 08:36:25,748 [Listener at 0.0.0.0/41239] INFO  om.OzoneManager (OzoneManager.java:addS3GVolumeToDB(3609)) - Created Volume s3v With Owner runner required for S3Gateway operations.
2021-11-29 08:36:25,748 [Listener at 0.0.0.0/41239] WARN  server.ServerUtils (ServerUtils.java:getDefaultRatisDirectory(237)) - Storage directory for Ratis is not configured. It is a good idea to map this to an SSD disk. Falling back to ozone.metadata.dirs
2021-11-29 08:36:25,749 [Listener at 0.0.0.0/41239] WARN  utils.OzoneManagerRatisUtils (OzoneManagerRatisUtils.java:getOMRatisSnapshotDirectory(431)) - ozone.om.ratis.snapshot.dir is not configured. Falling back to ozone.metadata.dirs config
2021-11-29 08:36:25,749 [Listener at 0.0.0.0/41239] WARN  impl.MetricRegistriesImpl (MetricRegistriesImpl.java:addReporterRegistration(111)) - New reporters are added after registries were created. Some metrics will be missing from the reporter. Please add reporter before adding any new registry.
2021-11-29 08:36:25,749 [Listener at 0.0.0.0/41239] WARN  impl.MetricRegistriesImpl (MetricRegistriesImpl.java:addReporterRegistration(111)) - New reporters are added after registries were created. Some metrics will be missing from the reporter. Please add reporter before adding any new registry.
2021-11-29 08:36:25,749 [Listener at 0.0.0.0/41239] WARN  server.ServerUtils (ServerUtils.java:getDefaultRatisDirectory(237)) - Storage directory for Ratis is not configured. It is a good idea to map this to an SSD disk. Falling back to ozone.metadata.dirs
2021-11-29 08:36:25,750 [Listener at 0.0.0.0/41239] INFO  ratis.OzoneManagerRatisServer (OzoneManagerRatisServer.java:<init>(159)) - Instantiating OM Ratis server with groupID: omServiceIdDefault and peers: localhost:35123
2021-11-29 08:36:25,751 [e898274c-95f2-4b2f-8144-1886504886d7@group-735FD42A34FF-LeaderElection6] INFO  impl.LeaderElection (LeaderElection.java:askForVotes(306)) - e898274c-95f2-4b2f-8144-1886504886d7@group-735FD42A34FF-LeaderElection6 ELECTION round 0: submit vote requests at term 1 for -1: [f4a04b10-217f-404d-90c0-0144621113a2|rpc:10.1.0.67:40385|priority:0, ab751306-1b7d-4a09-8e2d-d0e9ffa10842|rpc:10.1.0.67:40499|priority:1, e898274c-95f2-4b2f-8144-1886504886d7|rpc:10.1.0.67:33347|priority:0], old=null
2021-11-29 08:36:25,751 [Listener at 0.0.0.0/41239] INFO  ratis.OzoneManagerStateMachine (OzoneManagerStateMachine.java:loadSnapshotInfoFromDB(605)) - LastAppliedIndex is set from TransactionInfo from OM DB as (t:0, i:~)
2021-11-29 08:36:25,756 [Listener at 0.0.0.0/41239] INFO  server.RaftServer (ConfUtils.java:logGet(44)) - raft.rpc.type = GRPC (default)
2021-11-29 08:36:25,756 [Listener at 0.0.0.0/41239] INFO  grpc.GrpcFactory (GrpcFactory.java:checkPooledByteBufAllocatorUseCacheForAllThreads(48)) - PERFORMANCE WARNING: useCacheForAllThreads is true that may cause Netty to create a lot garbage objects and, as a result, trigger GC.
	It is recommended to disable useCacheForAllThreads by setting -Dorg.apache.ratis.thirdparty.io.netty.allocator.useCacheForAllThreads=false in command line.
2021-11-29 08:36:25,758 [f4a04b10-217f-404d-90c0-0144621113a2@group-735FD42A34FF-FollowerState] INFO  impl.FollowerState (FollowerState.java:run(134)) - f4a04b10-217f-404d-90c0-0144621113a2@group-735FD42A34FF-FollowerState: change to CANDIDATE, lastRpcElapsedTime:5013214133ns, electionTimeout:5007ms
2021-11-29 08:36:25,761 [f4a04b10-217f-404d-90c0-0144621113a2@group-735FD42A34FF-FollowerState] INFO  impl.RoleInfo (RoleInfo.java:shutdownFollowerState(108)) - f4a04b10-217f-404d-90c0-0144621113a2: shutdown f4a04b10-217f-404d-90c0-0144621113a2@group-735FD42A34FF-FollowerState
2021-11-29 08:36:25,761 [f4a04b10-217f-404d-90c0-0144621113a2@group-735FD42A34FF-FollowerState] INFO  server.RaftServer$Division (RaftServerImpl.java:setRole(290)) - f4a04b10-217f-404d-90c0-0144621113a2@group-735FD42A34FF: changes role from  FOLLOWER to CANDIDATE at term 0 for changeToCandidate
2021-11-29 08:36:25,761 [f4a04b10-217f-404d-90c0-0144621113a2@group-735FD42A34FF-FollowerState] INFO  server.RaftServerConfigKeys (ConfUtils.java:logGet(44)) - raft.server.leaderelection.pre-vote = false (custom)
2021-11-29 08:36:25,761 [f4a04b10-217f-404d-90c0-0144621113a2@group-735FD42A34FF-FollowerState] INFO  impl.RoleInfo (RoleInfo.java:updateAndGet(130)) - f4a04b10-217f-404d-90c0-0144621113a2: start f4a04b10-217f-404d-90c0-0144621113a2@group-735FD42A34FF-LeaderElection7
2021-11-29 08:36:25,760 [Listener at 0.0.0.0/41239] INFO  grpc.GrpcConfigKeys (ConfUtils.java:logGet(44)) - raft.grpc.admin.port = -1 (default)
2021-11-29 08:36:25,761 [Listener at 0.0.0.0/41239] INFO  grpc.GrpcConfigKeys (ConfUtils.java:logGet(44)) - raft.grpc.server.port = 35123 (custom)
2021-11-29 08:36:25,761 [Listener at 0.0.0.0/41239] INFO  grpc.GrpcConfigKeys (ConfUtils.java:logGet(44)) - raft.grpc.client.port = -1 (default)
2021-11-29 08:36:25,761 [Listener at 0.0.0.0/41239] INFO  grpc.GrpcConfigKeys (ConfUtils.java:logGet(44)) - raft.grpc.server.port = 35123 (custom)
2021-11-29 08:36:25,761 [Listener at 0.0.0.0/41239] INFO  grpc.GrpcConfigKeys (ConfUtils.java:logGet(44)) - raft.grpc.server.port = 35123 (custom)
2021-11-29 08:36:25,761 [Listener at 0.0.0.0/41239] INFO  server.GrpcService (ConfUtils.java:logGet(44)) - raft.grpc.message.size.max = 33554432 (custom)
2021-11-29 08:36:25,761 [Listener at 0.0.0.0/41239] INFO  server.RaftServerConfigKeys (ConfUtils.java:logGet(44)) - raft.server.log.appender.buffer.byte-limit = 33554432 (custom)
2021-11-29 08:36:25,761 [Listener at 0.0.0.0/41239] INFO  server.GrpcService (ConfUtils.java:logGet(44)) - raft.grpc.flow.control.window = 1MB (=1048576) (default)
2021-11-29 08:36:25,762 [Listener at 0.0.0.0/41239] INFO  server.RaftServerConfigKeys (ConfUtils.java:logGet(44)) - raft.server.rpc.request.timeout = 3000ms (default)
2021-11-29 08:36:25,762 [Listener at 0.0.0.0/41239] INFO  impl.DataStreamServerImpl (ConfUtils.java:logGet(44)) - raft.datastream.type = DISABLED (default)
2021-11-29 08:36:25,762 [Listener at 0.0.0.0/41239] INFO  server.RaftServerConfigKeys (ConfUtils.java:logGet(44)) - raft.server.rpc.slowness.timeout = 120s (custom)
2021-11-29 08:36:25,763 [Listener at 0.0.0.0/41239] INFO  server.RaftServerConfigKeys (ConfUtils.java:logGet(44)) - raft.server.leaderelection.leader.step-down.wait-time = 10s (default)
2021-11-29 08:36:25,763 [Listener at 0.0.0.0/41239] INFO  server.RaftServerConfigKeys (ConfUtils.java:logGet(44)) - raft.server.storage.dir = [/home/runner/work/ozone/ozone/hadoop-ozone/integration-test/target/test-dir/MiniOzoneClusterImpl-c80c5e57-a00d-42e9-a5d1-a1f89d8b0246/ozone-meta/ratis] (custom)
2021-11-29 08:36:25,772 [Listener at 0.0.0.0/41239] INFO  server.RaftServer (RaftServerProxy.java:addNew(95)) - om1: addNew group-C5BA1605619E:[om1|rpc:localhost:35123|priority:0] returns group-C5BA1605619E:java.util.concurrent.CompletableFuture@52c0710e[Not completed]
2021-11-29 08:36:25,772 [Listener at 0.0.0.0/41239] INFO  om.OzoneManager (OzoneManager.java:initializeRatisServer(1771)) - OzoneManager Ratis server initialized at port 35123
2021-11-29 08:36:25,772 [pool-206-thread-1] INFO  server.RaftServer$Division (RaftServerImpl.java:<init>(184)) - om1: new RaftServerImpl for group-C5BA1605619E:[om1|rpc:localhost:35123|priority:0] with OzoneManagerStateMachine:uninitialized
2021-11-29 08:36:25,773 [Listener at 0.0.0.0/41239] INFO  ipc.CallQueueManager (CallQueueManager.java:<init>(90)) - Using callQueue: class java.util.concurrent.LinkedBlockingQueue, queueCapacity: 2000, scheduler: class org.apache.hadoop.ipc.DefaultRpcScheduler, ipcBackoff: false.
2021-11-29 08:36:25,774 [Socket Reader #1 for port 0] INFO  ipc.Server (Server.java:run(1265)) - Starting Socket Reader #1 for port 0
2021-11-29 08:36:25,775 [e898274c-95f2-4b2f-8144-1886504886d7@group-246A682D5EB8-FollowerState] INFO  impl.FollowerState (FollowerState.java:run(134)) - e898274c-95f2-4b2f-8144-1886504886d7@group-246A682D5EB8-FollowerState: change to CANDIDATE, lastRpcElapsedTime:5092548906ns, electionTimeout:5090ms
2021-11-29 08:36:25,775 [e898274c-95f2-4b2f-8144-1886504886d7@group-246A682D5EB8-FollowerState] INFO  impl.RoleInfo (RoleInfo.java:shutdownFollowerState(108)) - e898274c-95f2-4b2f-8144-1886504886d7: shutdown e898274c-95f2-4b2f-8144-1886504886d7@group-246A682D5EB8-FollowerState
2021-11-29 08:36:25,775 [e898274c-95f2-4b2f-8144-1886504886d7@group-246A682D5EB8-FollowerState] INFO  server.RaftServer$Division (RaftServerImpl.java:setRole(290)) - e898274c-95f2-4b2f-8144-1886504886d7@group-246A682D5EB8: changes role from  FOLLOWER to CANDIDATE at term 0 for changeToCandidate
2021-11-29 08:36:25,779 [e898274c-95f2-4b2f-8144-1886504886d7@group-246A682D5EB8-FollowerState] INFO  server.RaftServerConfigKeys (ConfUtils.java:logGet(44)) - raft.server.leaderelection.pre-vote = false (custom)
2021-11-29 08:36:25,779 [e898274c-95f2-4b2f-8144-1886504886d7@group-246A682D5EB8-FollowerState] INFO  impl.RoleInfo (RoleInfo.java:updateAndGet(130)) - e898274c-95f2-4b2f-8144-1886504886d7: start e898274c-95f2-4b2f-8144-1886504886d7@group-246A682D5EB8-LeaderElection8
2021-11-29 08:36:25,786 [grpc-default-executor-0] INFO  server.RaftServer$Division (RaftServerImpl.java:requestVote(1046)) - ab751306-1b7d-4a09-8e2d-d0e9ffa10842@group-735FD42A34FF: receive requestVote(ELECTION, e898274c-95f2-4b2f-8144-1886504886d7, group-735FD42A34FF, 1, (t:0, i:0))
2021-11-29 08:36:25,787 [grpc-default-executor-0] INFO  impl.VoteContext (VoteContext.java:log(48)) - ab751306-1b7d-4a09-8e2d-d0e9ffa10842@group-735FD42A34FF-FOLLOWER: reject ELECTION from e898274c-95f2-4b2f-8144-1886504886d7: our priority 1 > candidate's priority 0
2021-11-29 08:36:25,787 [grpc-default-executor-0] INFO  server.RaftServer$Division (RaftServerImpl.java:setRole(290)) - ab751306-1b7d-4a09-8e2d-d0e9ffa10842@group-735FD42A34FF: changes role from  FOLLOWER to FOLLOWER at term 1 for candidate:e898274c-95f2-4b2f-8144-1886504886d7
2021-11-29 08:36:25,787 [grpc-default-executor-0] INFO  impl.RoleInfo (RoleInfo.java:shutdownFollowerState(108)) - ab751306-1b7d-4a09-8e2d-d0e9ffa10842: shutdown ab751306-1b7d-4a09-8e2d-d0e9ffa10842@group-735FD42A34FF-FollowerState
2021-11-29 08:36:25,787 [grpc-default-executor-0] INFO  impl.RoleInfo (RoleInfo.java:updateAndGet(130)) - ab751306-1b7d-4a09-8e2d-d0e9ffa10842: start ab751306-1b7d-4a09-8e2d-d0e9ffa10842@group-735FD42A34FF-FollowerState
2021-11-29 08:36:25,787 [pool-206-thread-1] INFO  server.RaftServerConfigKeys (ConfUtils.java:logGet(44)) - raft.server.rpc.timeout.min = 1s (custom)
2021-11-29 08:36:25,787 [pool-206-thread-1] INFO  server.RaftServerConfigKeys (ConfUtils.java:logGet(44)) - raft.server.rpc.timeout.max = 1200ms (custom)
2021-11-29 08:36:25,787 [pool-206-thread-1] INFO  server.RaftServerConfigKeys (ConfUtils.java:logGet(44)) - raft.server.rpc.sleep.time = 25ms (default)
2021-11-29 08:36:25,787 [pool-206-thread-1] INFO  server.RaftServerConfigKeys (ConfUtils.java:logGet(44)) - raft.server.rpc.slowness.timeout = 120s (custom)
2021-11-29 08:36:25,787 [pool-206-thread-1] INFO  server.RaftServerConfigKeys (ConfUtils.java:logGet(44)) - raft.server.leaderelection.leader.step-down.wait-time = 10s (default)
2021-11-29 08:36:25,787 [pool-206-thread-1] INFO  server.RaftServerConfigKeys (ConfUtils.java:logGet(44)) - raft.server.sleep.deviation.threshold = 300ms (default)
2021-11-29 08:36:25,787 [pool-206-thread-1] INFO  server.RaftServerConfigKeys (ConfUtils.java:logGet(44)) - raft.server.log.appender.install.snapshot.enabled = false (custom)
2021-11-29 08:36:25,787 [pool-206-thread-1] INFO  server.RaftServer$Division (ServerState.java:<init>(105)) - om1@group-C5BA1605619E: ConfigurationManager, init=-1: [om1|rpc:localhost:35123|priority:0], old=null, confs=<EMPTY_MAP>
2021-11-29 08:36:25,787 [pool-206-thread-1] INFO  server.RaftServerConfigKeys (ConfUtils.java:logGet(44)) - raft.server.storage.dir = [/home/runner/work/ozone/ozone/hadoop-ozone/integration-test/target/test-dir/MiniOzoneClusterImpl-c80c5e57-a00d-42e9-a5d1-a1f89d8b0246/ozone-meta/ratis] (custom)
2021-11-29 08:36:25,788 [pool-206-thread-1] INFO  server.RaftServerConfigKeys (ConfUtils.java:logGet(44)) - raft.server.log.corruption.policy = EXCEPTION (default)
2021-11-29 08:36:25,788 [pool-206-thread-1] INFO  server.RaftServerConfigKeys (ConfUtils.java:logGet(44)) - raft.server.storage.free-space.min = 0MB (=0) (default)
2021-11-29 08:36:25,788 [pool-206-thread-1] INFO  storage.RaftStorageDirectory (RaftStorageDirectoryImpl.java:analyzeStorage(135)) - The storage directory /home/runner/work/ozone/ozone/hadoop-ozone/integration-test/target/test-dir/MiniOzoneClusterImpl-c80c5e57-a00d-42e9-a5d1-a1f89d8b0246/ozone-meta/ratis/bf265839-605b-3f16-9796-c5ba1605619e does not exist. Creating ...
2021-11-29 08:36:25,788 [ab751306-1b7d-4a09-8e2d-d0e9ffa10842@group-735FD42A34FF-FollowerState] INFO  impl.FollowerState (FollowerState.java:run(143)) - ab751306-1b7d-4a09-8e2d-d0e9ffa10842@group-735FD42A34FF-FollowerState was interrupted: {}
java.lang.InterruptedException: sleep interrupted
	at java.lang.Thread.sleep(Native Method)
	at java.lang.Thread.sleep(Thread.java:340)
	at java.util.concurrent.TimeUnit.sleep(TimeUnit.java:386)
	at org.apache.ratis.util.TimeDuration.sleep(TimeDuration.java:324)
	at org.apache.ratis.util.TimeDuration.sleep(TimeDuration.java:309)
	at org.apache.ratis.server.impl.FollowerState.run(FollowerState.java:118)
2021-11-29 08:36:25,786 [grpc-default-executor-2] INFO  server.RaftServer$Division (RaftServerImpl.java:requestVote(1046)) - f4a04b10-217f-404d-90c0-0144621113a2@group-735FD42A34FF: receive requestVote(ELECTION, e898274c-95f2-4b2f-8144-1886504886d7, group-735FD42A34FF, 1, (t:0, i:0))
2021-11-29 08:36:25,790 [f4a04b10-217f-404d-90c0-0144621113a2@group-735FD42A34FF-LeaderElection7] INFO  impl.LeaderElection (LeaderElection.java:askForVotes(306)) - f4a04b10-217f-404d-90c0-0144621113a2@group-735FD42A34FF-LeaderElection7 ELECTION round 0: submit vote requests at term 1 for -1: [f4a04b10-217f-404d-90c0-0144621113a2|rpc:10.1.0.67:40385|dataStream:|priority:0, ab751306-1b7d-4a09-8e2d-d0e9ffa10842|rpc:10.1.0.67:40499|dataStream:|priority:1, e898274c-95f2-4b2f-8144-1886504886d7|rpc:10.1.0.67:33347|dataStream:|priority:0], old=null
2021-11-29 08:36:25,790 [grpc-default-executor-2] INFO  impl.VoteContext (VoteContext.java:log(48)) - f4a04b10-217f-404d-90c0-0144621113a2@group-735FD42A34FF-CANDIDATE: reject ELECTION from e898274c-95f2-4b2f-8144-1886504886d7: already has voted for f4a04b10-217f-404d-90c0-0144621113a2 at current term 1
2021-11-29 08:36:25,790 [grpc-default-executor-2] INFO  server.RaftServer$Division (RaftServerImpl.java:requestVote(1078)) - f4a04b10-217f-404d-90c0-0144621113a2@group-735FD42A34FF replies to ELECTION vote request: e898274c-95f2-4b2f-8144-1886504886d7<-f4a04b10-217f-404d-90c0-0144621113a2#0:FAIL-t1. Peer's state: f4a04b10-217f-404d-90c0-0144621113a2@group-735FD42A34FF:t1, leader=null, voted=f4a04b10-217f-404d-90c0-0144621113a2, raftlog=f4a04b10-217f-404d-90c0-0144621113a2@group-735FD42A34FF-SegmentedRaftLog:OPENED:c-1, conf=-1: [f4a04b10-217f-404d-90c0-0144621113a2|rpc:10.1.0.67:40385|dataStream:|priority:0, ab751306-1b7d-4a09-8e2d-d0e9ffa10842|rpc:10.1.0.67:40499|dataStream:|priority:1, e898274c-95f2-4b2f-8144-1886504886d7|rpc:10.1.0.67:33347|dataStream:|priority:0], old=null
2021-11-29 08:36:25,792 [pool-206-thread-1] INFO  storage.RaftStorageDirectory (RaftStorageDirectoryImpl.java:tryLock(230)) - Lock on /home/runner/work/ozone/ozone/hadoop-ozone/integration-test/target/test-dir/MiniOzoneClusterImpl-c80c5e57-a00d-42e9-a5d1-a1f89d8b0246/ozone-meta/ratis/bf265839-605b-3f16-9796-c5ba1605619e/in_use.lock acquired by nodename 398@fv-az294-535
2021-11-29 08:36:25,806 [Listener at 127.0.0.1/38371] INFO  om.OzoneManager (OzoneManager.java:initFSOLayout(3786)) - Configured ozone.om.metadata.layout=SIMPLE and disabled optimized OM FS operations
2021-11-29 08:36:25,805 [ReplicationMonitor] INFO  container.ReplicationManager (ReplicationManager.java:processAll(371)) - Replication Monitor Thread took 1 milliseconds for processing 0 containers.
2021-11-29 08:36:25,798 [grpc-default-executor-0] INFO  server.RaftServer$Division (RaftServerImpl.java:requestVote(1078)) - ab751306-1b7d-4a09-8e2d-d0e9ffa10842@group-735FD42A34FF replies to ELECTION vote request: e898274c-95f2-4b2f-8144-1886504886d7<-ab751306-1b7d-4a09-8e2d-d0e9ffa10842#0:FAIL-t1. Peer's state: ab751306-1b7d-4a09-8e2d-d0e9ffa10842@group-735FD42A34FF:t1, leader=null, voted=null, raftlog=ab751306-1b7d-4a09-8e2d-d0e9ffa10842@group-735FD42A34FF-SegmentedRaftLog:OPENED:c-1, conf=-1: [f4a04b10-217f-404d-90c0-0144621113a2|rpc:10.1.0.67:40385|dataStream:|priority:0, ab751306-1b7d-4a09-8e2d-d0e9ffa10842|rpc:10.1.0.67:40499|dataStream:|priority:1, e898274c-95f2-4b2f-8144-1886504886d7|rpc:10.1.0.67:33347|dataStream:|priority:0], old=null
2021-11-29 08:36:25,818 [pool-206-thread-1] INFO  storage.RaftStorage (RaftStorageImpl.java:format(89)) - Storage directory /home/runner/work/ozone/ozone/hadoop-ozone/integration-test/target/test-dir/MiniOzoneClusterImpl-c80c5e57-a00d-42e9-a5d1-a1f89d8b0246/ozone-meta/ratis/bf265839-605b-3f16-9796-c5ba1605619e has been successfully formatted.
2021-11-29 08:36:25,819 [pool-206-thread-1] INFO  server.RaftServerConfigKeys (ConfUtils.java:logGet(44)) - raft.server.notification.no-leader.timeout = 120s (custom)
2021-11-29 08:36:25,819 [pool-206-thread-1] INFO  server.RaftServerConfigKeys (ConfUtils.java:logGet(44)) - raft.server.log.use.memory = false (default)
2021-11-29 08:36:25,820 [pool-206-thread-1] INFO  server.RaftServerConfigKeys (ConfUtils.java:logGet(44)) - raft.server.log.purge.gap = 1000000 (custom)
2021-11-29 08:36:25,820 [pool-206-thread-1] INFO  server.RaftServerConfigKeys (ConfUtils.java:logGet(44)) - raft.server.log.appender.buffer.byte-limit = 33554432 (custom)
2021-11-29 08:36:25,820 [pool-206-thread-1] INFO  server.RaftServerConfigKeys (ConfUtils.java:logGet(44)) - raft.server.log.segment.size.max = 4194304 (custom)
2021-11-29 08:36:25,820 [pool-206-thread-1] INFO  server.RaftServerConfigKeys (ConfUtils.java:logGet(44)) - raft.server.log.segment.cache.num.max = 2 (custom)
2021-11-29 08:36:25,820 [pool-206-thread-1] INFO  server.RaftServerConfigKeys (ConfUtils.java:logGet(44)) - raft.server.log.segment.cache.size.max = 200MB (=209715200) (default)
2021-11-29 08:36:25,820 [pool-206-thread-1] INFO  segmented.SegmentedRaftLogWorker (SegmentedRaftLogWorker.java:<init>(182)) - new om1@group-C5BA1605619E-SegmentedRaftLogWorker for RaftStorageImpl:Storage Directory /home/runner/work/ozone/ozone/hadoop-ozone/integration-test/target/test-dir/MiniOzoneClusterImpl-c80c5e57-a00d-42e9-a5d1-a1f89d8b0246/ozone-meta/ratis/bf265839-605b-3f16-9796-c5ba1605619e
2021-11-29 08:36:25,820 [pool-206-thread-1] INFO  server.RaftServerConfigKeys (ConfUtils.java:logGet(44)) - raft.server.log.queue.byte-limit = 64MB (=67108864) (default)
2021-11-29 08:36:25,820 [pool-206-thread-1] INFO  server.RaftServerConfigKeys (ConfUtils.java:logGet(44)) - raft.server.log.queue.element-limit = 4096 (default)
2021-11-29 08:36:25,820 [pool-206-thread-1] INFO  server.RaftServerConfigKeys (ConfUtils.java:logGet(44)) - raft.server.log.segment.size.max = 4194304 (custom)
2021-11-29 08:36:25,820 [pool-206-thread-1] INFO  server.RaftServerConfigKeys (ConfUtils.java:logGet(44)) - raft.server.log.preallocated.size = 4194304 (custom)
2021-11-29 08:36:25,820 [pool-206-thread-1] INFO  server.RaftServerConfigKeys (ConfUtils.java:logGet(44)) - raft.server.log.force.sync.num = 128 (default)
2021-11-29 08:36:25,820 [pool-206-thread-1] INFO  server.RaftServerConfigKeys (ConfUtils.java:logGet(44)) - raft.server.log.statemachine.data.sync = true (default)
2021-11-29 08:36:25,820 [pool-206-thread-1] INFO  server.RaftServerConfigKeys (ConfUtils.java:logGet(44)) - raft.server.log.statemachine.data.sync.timeout = 10s (default)
2021-11-29 08:36:25,820 [pool-206-thread-1] INFO  server.RaftServerConfigKeys (ConfUtils.java:logGet(44)) - raft.server.log.statemachine.data.sync.timeout.retry = -1 (default)
2021-11-29 08:36:25,820 [pool-206-thread-1] INFO  server.RaftServerConfigKeys (ConfUtils.java:logGet(44)) - raft.server.log.write.buffer.size = 64KB (=65536) (default)
2021-11-29 08:36:25,820 [pool-206-thread-1] INFO  server.RaftServerConfigKeys (ConfUtils.java:logGet(44)) - raft.server.log.statemachine.data.caching.enabled = false (default)
2021-11-29 08:36:25,820 [pool-206-thread-1] INFO  segmented.SegmentedRaftLogWorker (SegmentedRaftLogWorker.java:lambda$new$0(133)) - om1@group-C5BA1605619E-SegmentedRaftLogWorker: flushIndex: setUnconditionally 0 -> -1
2021-11-29 08:36:25,821 [pool-206-thread-1] INFO  segmented.SegmentedRaftLogWorker (SegmentedRaftLogWorker.java:lambda$new$0(133)) - om1@group-C5BA1605619E-SegmentedRaftLogWorker: safeCacheEvictIndex: setUnconditionally 0 -> -1
2021-11-29 08:36:25,817 [e898274c-95f2-4b2f-8144-1886504886d7@group-246A682D5EB8-LeaderElection8] INFO  impl.LeaderElection (LeaderElection.java:askForVotes(306)) - e898274c-95f2-4b2f-8144-1886504886d7@group-246A682D5EB8-LeaderElection8 ELECTION round 0: submit vote requests at term 1 for -1: [e898274c-95f2-4b2f-8144-1886504886d7|rpc:10.1.0.67:33347|priority:1], old=null
2021-11-29 08:36:25,835 [e898274c-95f2-4b2f-8144-1886504886d7@group-246A682D5EB8-LeaderElection8] INFO  impl.LeaderElection (LeaderElection.java:askForVotes(308)) - e898274c-95f2-4b2f-8144-1886504886d7@group-246A682D5EB8-LeaderElection8 ELECTION round 0: result PASSED (term=1)
2021-11-29 08:36:25,835 [e898274c-95f2-4b2f-8144-1886504886d7@group-246A682D5EB8-LeaderElection8] INFO  impl.RoleInfo (RoleInfo.java:shutdownLeaderElection(121)) - e898274c-95f2-4b2f-8144-1886504886d7: shutdown e898274c-95f2-4b2f-8144-1886504886d7@group-246A682D5EB8-LeaderElection8
2021-11-29 08:36:25,835 [e898274c-95f2-4b2f-8144-1886504886d7@group-246A682D5EB8-LeaderElection8] INFO  server.RaftServer$Division (RaftServerImpl.java:setRole(290)) - e898274c-95f2-4b2f-8144-1886504886d7@group-246A682D5EB8: changes role from CANDIDATE to LEADER at term 1 for changeToLeader
2021-11-29 08:36:25,835 [e898274c-95f2-4b2f-8144-1886504886d7@group-246A682D5EB8-LeaderElection8] INFO  ratis.XceiverServerRatis (XceiverServerRatis.java:handleLeaderChangedNotification(866)) - Leader change notification received for group: group-246A682D5EB8 with new leaderId: e898274c-95f2-4b2f-8144-1886504886d7
2021-11-29 08:36:25,836 [e898274c-95f2-4b2f-8144-1886504886d7@group-246A682D5EB8-LeaderElection8] INFO  server.RaftServer$Division (ServerState.java:setLeader(285)) - e898274c-95f2-4b2f-8144-1886504886d7@group-246A682D5EB8: change Leader from null to e898274c-95f2-4b2f-8144-1886504886d7 at term 1 for becomeLeader, leader elected after 5169ms
2021-11-29 08:36:25,836 [e898274c-95f2-4b2f-8144-1886504886d7@group-246A682D5EB8-LeaderElection8] INFO  server.RaftServerConfigKeys (ConfUtils.java:logGet(44)) - raft.server.staging.catchup.gap = 1000 (default)
2021-11-29 08:36:25,836 [e898274c-95f2-4b2f-8144-1886504886d7@group-246A682D5EB8-LeaderElection8] INFO  server.RaftServerConfigKeys (ConfUtils.java:logGet(44)) - raft.server.write.element-limit = 1024 (custom)
2021-11-29 08:36:25,836 [e898274c-95f2-4b2f-8144-1886504886d7@group-246A682D5EB8-LeaderElection8] INFO  server.RaftServerConfigKeys (ConfUtils.java:logGet(44)) - raft.server.write.byte-limit = 1024 M (=1073741824) (custom)
2021-11-29 08:36:25,836 [e898274c-95f2-4b2f-8144-1886504886d7@group-246A682D5EB8-LeaderElection8] INFO  server.RaftServerConfigKeys (ConfUtils.java:logGet(44)) - raft.server.watch.timeout = 180s (custom)
2021-11-29 08:36:25,836 [e898274c-95f2-4b2f-8144-1886504886d7@group-246A682D5EB8-LeaderElection8] INFO  server.RaftServerConfigKeys (ConfUtils.java:logGet(44)) - raft.server.watch.timeout.denomination = 1s (default)
2021-11-29 08:36:25,836 [e898274c-95f2-4b2f-8144-1886504886d7@group-246A682D5EB8-LeaderElection8] INFO  server.RaftServerConfigKeys (ConfUtils.java:logGet(44)) - raft.server.watch.element-limit = 65536 (default)
2021-11-29 08:36:25,836 [e898274c-95f2-4b2f-8144-1886504886d7@group-246A682D5EB8-LeaderElection8] INFO  server.RaftServerConfigKeys (ConfUtils.java:logGet(44)) - raft.server.write.element-limit = 1024 (custom)
2021-11-29 08:36:25,836 [e898274c-95f2-4b2f-8144-1886504886d7@group-246A682D5EB8-LeaderElection8] INFO  server.RaftServerConfigKeys (ConfUtils.java:logGet(44)) - raft.server.write.follower.gap.ratio.max = -1.0 (default)
2021-11-29 08:36:25,836 [e898274c-95f2-4b2f-8144-1886504886d7@group-246A682D5EB8-LeaderElection8] INFO  impl.RoleInfo (RoleInfo.java:updateAndGet(130)) - e898274c-95f2-4b2f-8144-1886504886d7: start e898274c-95f2-4b2f-8144-1886504886d7@group-246A682D5EB8-LeaderStateImpl
2021-11-29 08:36:25,837 [e898274c-95f2-4b2f-8144-1886504886d7@group-246A682D5EB8-LeaderElection8] INFO  segmented.SegmentedRaftLogWorker (SegmentedRaftLogWorker.java:startLogSegment(394)) - e898274c-95f2-4b2f-8144-1886504886d7@group-246A682D5EB8-SegmentedRaftLogWorker: Starting segment from index:0
2021-11-29 08:36:25,822 [Listener at 127.0.0.1/38371] INFO  impl.MetricsSystemImpl (MetricsSystemImpl.java:init(158)) - OzoneManager metrics system started (again)
2021-11-29 08:36:25,837 [e898274c-95f2-4b2f-8144-1886504886d7@group-735FD42A34FF-LeaderElection6] INFO  impl.LeaderElection (LeaderElection.java:logAndReturn(89)) - e898274c-95f2-4b2f-8144-1886504886d7@group-735FD42A34FF-LeaderElection6: ELECTION REJECTED received 2 response(s) and 0 exception(s):
2021-11-29 08:36:25,837 [e898274c-95f2-4b2f-8144-1886504886d7@group-735FD42A34FF-LeaderElection6] INFO  impl.LeaderElection (LeaderElection.java:logAndReturn(93)) -   Response 0: e898274c-95f2-4b2f-8144-1886504886d7<-f4a04b10-217f-404d-90c0-0144621113a2#0:FAIL-t1
2021-11-29 08:36:25,837 [e898274c-95f2-4b2f-8144-1886504886d7@group-735FD42A34FF-LeaderElection6] INFO  impl.LeaderElection (LeaderElection.java:logAndReturn(93)) -   Response 1: e898274c-95f2-4b2f-8144-1886504886d7<-ab751306-1b7d-4a09-8e2d-d0e9ffa10842#0:FAIL-t1
2021-11-29 08:36:25,822 [pool-206-thread-1] INFO  server.RaftServerConfigKeys (ConfUtils.java:logGet(44)) - raft.server.snapshot.auto.trigger.enabled = true (custom)
2021-11-29 08:36:25,842 [e898274c-95f2-4b2f-8144-1886504886d7@group-735FD42A34FF-LeaderElection6] INFO  impl.LeaderElection (LeaderElection.java:askForVotes(308)) - e898274c-95f2-4b2f-8144-1886504886d7@group-735FD42A34FF-LeaderElection6 ELECTION round 0: result REJECTED
2021-11-29 08:36:25,842 [e898274c-95f2-4b2f-8144-1886504886d7@group-735FD42A34FF-LeaderElection6] INFO  server.RaftServer$Division (RaftServerImpl.java:setRole(290)) - e898274c-95f2-4b2f-8144-1886504886d7@group-735FD42A34FF: changes role from CANDIDATE to FOLLOWER at term 1 for REJECTED
2021-11-29 08:36:25,842 [e898274c-95f2-4b2f-8144-1886504886d7@group-735FD42A34FF-LeaderElection6] INFO  impl.RoleInfo (RoleInfo.java:shutdownLeaderElection(121)) - e898274c-95f2-4b2f-8144-1886504886d7: shutdown e898274c-95f2-4b2f-8144-1886504886d7@group-735FD42A34FF-LeaderElection6
2021-11-29 08:36:25,842 [e898274c-95f2-4b2f-8144-1886504886d7@group-735FD42A34FF-LeaderElection6] INFO  impl.RoleInfo (RoleInfo.java:updateAndGet(130)) - e898274c-95f2-4b2f-8144-1886504886d7: start e898274c-95f2-4b2f-8144-1886504886d7@group-735FD42A34FF-FollowerState
2021-11-29 08:36:25,842 [pool-206-thread-1] INFO  server.RaftServerConfigKeys (ConfUtils.java:logGet(44)) - raft.server.snapshot.auto.trigger.threshold = 400000 (default)
2021-11-29 08:36:25,842 [pool-206-thread-1] INFO  server.RaftServerConfigKeys (ConfUtils.java:logGet(44)) - raft.server.snapshot.retention.file.num = -1 (default)
2021-11-29 08:36:25,842 [pool-206-thread-1] INFO  server.RaftServerConfigKeys (ConfUtils.java:logGet(44)) - raft.server.log.purge.upto.snapshot.index = true (custom)
2021-11-29 08:36:25,843 [e898274c-95f2-4b2f-8144-1886504886d7@group-246A682D5EB8-SegmentedRaftLogWorker] INFO  segmented.SegmentedRaftLogWorker (SegmentedRaftLogWorker.java:execute(601)) - e898274c-95f2-4b2f-8144-1886504886d7@group-246A682D5EB8-SegmentedRaftLogWorker: created new log segment /home/runner/work/ozone/ozone/hadoop-ozone/integration-test/target/test-dir/MiniOzoneClusterImpl-3d114d2a-f85f-45ce-9fd0-840e2dc708c7/datanode-3/data/ratis/339345d7-57f0-4b70-be45-246a682d5eb8/current/log_inprogress_0
2021-11-29 08:36:25,843 [pool-206-thread-1] INFO  server.RaftServerConfigKeys (ConfUtils.java:logGet(44)) - raft.server.retrycache.expirytime = 300s (custom)
2021-11-29 08:36:25,843 [pool-206-thread-1] INFO  server.RaftServerConfigKeys (ConfUtils.java:logGet(44)) - raft.server.retrycache.statistics.expirytime = 100μs (default)
2021-11-29 08:36:25,851 [grpc-default-executor-0] INFO  server.RaftServer$Division (RaftServerImpl.java:requestVote(1046)) - ab751306-1b7d-4a09-8e2d-d0e9ffa10842@group-735FD42A34FF: receive requestVote(ELECTION, f4a04b10-217f-404d-90c0-0144621113a2, group-735FD42A34FF, 1, (t:0, i:0))
2021-11-29 08:36:25,851 [grpc-default-executor-0] INFO  impl.VoteContext (VoteContext.java:log(48)) - ab751306-1b7d-4a09-8e2d-d0e9ffa10842@group-735FD42A34FF-FOLLOWER: reject ELECTION from f4a04b10-217f-404d-90c0-0144621113a2: our priority 1 > candidate's priority 0
2021-11-29 08:36:25,851 [grpc-default-executor-0] INFO  server.RaftServer$Division (RaftServerImpl.java:setRole(290)) - ab751306-1b7d-4a09-8e2d-d0e9ffa10842@group-735FD42A34FF: changes role from  FOLLOWER to FOLLOWER at term 1 for candidate:f4a04b10-217f-404d-90c0-0144621113a2
2021-11-29 08:36:25,851 [grpc-default-executor-0] INFO  impl.RoleInfo (RoleInfo.java:shutdownFollowerState(108)) - ab751306-1b7d-4a09-8e2d-d0e9ffa10842: shutdown ab751306-1b7d-4a09-8e2d-d0e9ffa10842@group-735FD42A34FF-FollowerState
2021-11-29 08:36:25,851 [grpc-default-executor-0] INFO  impl.RoleInfo (RoleInfo.java:updateAndGet(130)) - ab751306-1b7d-4a09-8e2d-d0e9ffa10842: start ab751306-1b7d-4a09-8e2d-d0e9ffa10842@group-735FD42A34FF-FollowerState
2021-11-29 08:36:25,851 [ab751306-1b7d-4a09-8e2d-d0e9ffa10842@group-735FD42A34FF-FollowerState] INFO  impl.FollowerState (FollowerState.java:run(143)) - ab751306-1b7d-4a09-8e2d-d0e9ffa10842@group-735FD42A34FF-FollowerState was interrupted: {}
java.lang.InterruptedException: sleep interrupted
	at java.lang.Thread.sleep(Native Method)
	at java.lang.Thread.sleep(Thread.java:340)
	at java.util.concurrent.TimeUnit.sleep(TimeUnit.java:386)
	at org.apache.ratis.util.TimeDuration.sleep(TimeDuration.java:324)
	at org.apache.ratis.util.TimeDuration.sleep(TimeDuration.java:309)
	at org.apache.ratis.server.impl.FollowerState.run(FollowerState.java:118)
2021-11-29 08:36:25,851 [grpc-default-executor-2] INFO  server.RaftServer$Division (RaftServerImpl.java:requestVote(1046)) - e898274c-95f2-4b2f-8144-1886504886d7@group-735FD42A34FF: receive requestVote(ELECTION, f4a04b10-217f-404d-90c0-0144621113a2, group-735FD42A34FF, 1, (t:0, i:0))
2021-11-29 08:36:25,851 [grpc-default-executor-2] INFO  impl.VoteContext (VoteContext.java:log(48)) - e898274c-95f2-4b2f-8144-1886504886d7@group-735FD42A34FF-FOLLOWER: reject ELECTION from f4a04b10-217f-404d-90c0-0144621113a2: already has voted for e898274c-95f2-4b2f-8144-1886504886d7 at current term 1
2021-11-29 08:36:25,852 [grpc-default-executor-2] INFO  server.RaftServer$Division (RaftServerImpl.java:requestVote(1078)) - e898274c-95f2-4b2f-8144-1886504886d7@group-735FD42A34FF replies to ELECTION vote request: f4a04b10-217f-404d-90c0-0144621113a2<-e898274c-95f2-4b2f-8144-1886504886d7#0:FAIL-t1. Peer's state: e898274c-95f2-4b2f-8144-1886504886d7@group-735FD42A34FF:t1, leader=null, voted=e898274c-95f2-4b2f-8144-1886504886d7, raftlog=e898274c-95f2-4b2f-8144-1886504886d7@group-735FD42A34FF-SegmentedRaftLog:OPENED:c-1, conf=-1: [f4a04b10-217f-404d-90c0-0144621113a2|rpc:10.1.0.67:40385|priority:0, ab751306-1b7d-4a09-8e2d-d0e9ffa10842|rpc:10.1.0.67:40499|priority:1, e898274c-95f2-4b2f-8144-1886504886d7|rpc:10.1.0.67:33347|priority:0], old=null
2021-11-29 08:36:25,854 [e898274c-95f2-4b2f-8144-1886504886d7@group-246A682D5EB8-LeaderElection8] INFO  server.RaftServer$Division (ServerState.java:setRaftConf(387)) - e898274c-95f2-4b2f-8144-1886504886d7@group-246A682D5EB8: set configuration 0: [e898274c-95f2-4b2f-8144-1886504886d7|rpc:10.1.0.67:33347|dataStream:|priority:1], old=null
2021-11-29 08:36:25,857 [grpc-default-executor-0] INFO  server.RaftServer$Division (RaftServerImpl.java:requestVote(1078)) - ab751306-1b7d-4a09-8e2d-d0e9ffa10842@group-735FD42A34FF replies to ELECTION vote request: f4a04b10-217f-404d-90c0-0144621113a2<-ab751306-1b7d-4a09-8e2d-d0e9ffa10842#0:FAIL-t1. Peer's state: ab751306-1b7d-4a09-8e2d-d0e9ffa10842@group-735FD42A34FF:t1, leader=null, voted=null, raftlog=ab751306-1b7d-4a09-8e2d-d0e9ffa10842@group-735FD42A34FF-SegmentedRaftLog:OPENED:c-1, conf=-1: [f4a04b10-217f-404d-90c0-0144621113a2|rpc:10.1.0.67:40385|dataStream:|priority:0, ab751306-1b7d-4a09-8e2d-d0e9ffa10842|rpc:10.1.0.67:40499|dataStream:|priority:1, e898274c-95f2-4b2f-8144-1886504886d7|rpc:10.1.0.67:33347|dataStream:|priority:0], old=null
2021-11-29 08:36:25,866 [Listener at 127.0.0.1/38371] INFO  om.OzoneManager (OzoneManager.java:start(1365)) - OzoneManager RPC server is listening at localhost/127.0.0.1:38371
2021-11-29 08:36:25,866 [Listener at 127.0.0.1/38371] INFO  ratis.OzoneManagerRatisServer (OzoneManagerRatisServer.java:start(516)) - Starting OzoneManagerRatisServer om1 at port 35123
2021-11-29 08:36:25,866 [Listener at 127.0.0.1/38371] INFO  server.RaftServer$Division (RaftServerImpl.java:start(301)) - om1@group-C5BA1605619E: start as a follower, conf=-1: [om1|rpc:localhost:35123|priority:0], old=null
2021-11-29 08:36:25,867 [Listener at 127.0.0.1/38371] INFO  server.RaftServer$Division (RaftServerImpl.java:setRole(290)) - om1@group-C5BA1605619E: changes role from      null to FOLLOWER at term 0 for startAsFollower
2021-11-29 08:36:25,867 [Listener at 127.0.0.1/38371] INFO  impl.RoleInfo (RoleInfo.java:updateAndGet(130)) - om1: start om1@group-C5BA1605619E-FollowerState
2021-11-29 08:36:25,867 [Listener at 127.0.0.1/38371] ERROR util.JmxRegister (JmxRegister.java:tryRegister(40)) - Failed to register JMX Bean with name Ratis:service=RaftServer,group=group-C5BA1605619E,id=om1
javax.management.InstanceAlreadyExistsException: Ratis:service=RaftServer,group=group-C5BA1605619E,id=om1
	at com.sun.jmx.mbeanserver.Repository.addMBean(Repository.java:437)
	at com.sun.jmx.interceptor.DefaultMBeanServerInterceptor.registerWithRepository(DefaultMBeanServerInterceptor.java:1898)
	at com.sun.jmx.interceptor.DefaultMBeanServerInterceptor.registerDynamicMBean(DefaultMBeanServerInterceptor.java:966)
	at com.sun.jmx.interceptor.DefaultMBeanServerInterceptor.registerObject(DefaultMBeanServerInterceptor.java:900)
	at com.sun.jmx.interceptor.DefaultMBeanServerInterceptor.registerMBean(DefaultMBeanServerInterceptor.java:324)
	at com.sun.jmx.mbeanserver.JmxMBeanServer.registerMBean(JmxMBeanServer.java:522)
	at org.apache.ratis.util.JmxRegister.tryRegister(JmxRegister.java:38)
	at org.apache.ratis.util.JmxRegister.register(JmxRegister.java:56)
	at org.apache.ratis.server.impl.RaftServerImpl.registerMBean(RaftServerImpl.java:317)
	at org.apache.ratis.server.impl.RaftServerImpl.start(RaftServerImpl.java:308)
	at java.util.stream.ForEachOps$ForEachOp$OfRef.accept(ForEachOps.java:183)
	at java.util.ArrayList$ArrayListSpliterator.forEachRemaining(ArrayList.java:1384)
	at java.util.stream.AbstractPipeline.copyInto(AbstractPipeline.java:482)
	at java.util.stream.ForEachOps$ForEachTask.compute(ForEachOps.java:290)
	at java.util.concurrent.CountedCompleter.exec(CountedCompleter.java:731)
	at java.util.concurrent.ForkJoinTask.doExec(ForkJoinTask.java:289)
	at java.util.concurrent.ForkJoinTask.doInvoke(ForkJoinTask.java:401)
	at java.util.concurrent.ForkJoinTask.invoke(ForkJoinTask.java:734)
	at java.util.stream.ForEachOps$ForEachOp.evaluateParallel(ForEachOps.java:159)
	at java.util.stream.ForEachOps$ForEachOp$OfRef.evaluateParallel(ForEachOps.java:173)
	at java.util.stream.AbstractPipeline.evaluate(AbstractPipeline.java:233)
	at java.util.stream.ReferencePipeline.forEach(ReferencePipeline.java:485)
	at java.util.stream.ReferencePipeline$Head.forEach(ReferencePipeline.java:650)
	at org.apache.ratis.server.impl.RaftServerProxy.start(RaftServerProxy.java:371)
	at org.apache.hadoop.ozone.om.ratis.OzoneManagerRatisServer.start(OzoneManagerRatisServer.java:518)
	at org.apache.hadoop.ozone.om.OzoneManager.start(OzoneManager.java:1372)
	at org.apache.hadoop.ozone.MiniOzoneClusterImpl$Builder.build(MiniOzoneClusterImpl.java:597)
	at org.apache.hadoop.ozone.MiniOzoneClusterProvider.lambda$createClusters$1(MiniOzoneClusterProvider.java:234)
	at java.lang.Thread.run(Thread.java:748)
2021-11-29 08:36:25,868 [Listener at 127.0.0.1/38371] INFO  util.JmxRegister (JmxRegister.java:tryRegister(44)) - Successfully registered JMX Bean with object name Ratis:service=RaftServer,group=group-C5BA1605619E,id="om1"
2021-11-29 08:36:25,872 [f4a04b10-217f-404d-90c0-0144621113a2@group-735FD42A34FF-LeaderElection7] INFO  impl.LeaderElection (LeaderElection.java:logAndReturn(89)) - f4a04b10-217f-404d-90c0-0144621113a2@group-735FD42A34FF-LeaderElection7: ELECTION REJECTED received 2 response(s) and 0 exception(s):
2021-11-29 08:36:25,885 [f4a04b10-217f-404d-90c0-0144621113a2@group-735FD42A34FF-LeaderElection7] INFO  impl.LeaderElection (LeaderElection.java:logAndReturn(93)) -   Response 0: f4a04b10-217f-404d-90c0-0144621113a2<-ab751306-1b7d-4a09-8e2d-d0e9ffa10842#0:FAIL-t1
2021-11-29 08:36:25,885 [f4a04b10-217f-404d-90c0-0144621113a2@group-735FD42A34FF-LeaderElection7] INFO  impl.LeaderElection (LeaderElection.java:logAndReturn(93)) -   Response 1: f4a04b10-217f-404d-90c0-0144621113a2<-e898274c-95f2-4b2f-8144-1886504886d7#0:FAIL-t1
2021-11-29 08:36:25,879 [Listener at 127.0.0.1/38371] INFO  server.RaftServer (RaftServerProxy.java:lambda$start$5(374)) - om1: start RPC server
2021-11-29 08:36:25,885 [f4a04b10-217f-404d-90c0-0144621113a2@group-735FD42A34FF-LeaderElection7] INFO  impl.LeaderElection (LeaderElection.java:askForVotes(308)) - f4a04b10-217f-404d-90c0-0144621113a2@group-735FD42A34FF-LeaderElection7 ELECTION round 0: result REJECTED
2021-11-29 08:36:25,887 [f4a04b10-217f-404d-90c0-0144621113a2@group-735FD42A34FF-LeaderElection7] INFO  server.RaftServer$Division (RaftServerImpl.java:setRole(290)) - f4a04b10-217f-404d-90c0-0144621113a2@group-735FD42A34FF: changes role from CANDIDATE to FOLLOWER at term 1 for REJECTED
2021-11-29 08:36:25,888 [f4a04b10-217f-404d-90c0-0144621113a2@group-735FD42A34FF-LeaderElection7] INFO  impl.RoleInfo (RoleInfo.java:shutdownLeaderElection(121)) - f4a04b10-217f-404d-90c0-0144621113a2: shutdown f4a04b10-217f-404d-90c0-0144621113a2@group-735FD42A34FF-LeaderElection7
2021-11-29 08:36:25,888 [f4a04b10-217f-404d-90c0-0144621113a2@group-735FD42A34FF-LeaderElection7] INFO  impl.RoleInfo (RoleInfo.java:updateAndGet(130)) - f4a04b10-217f-404d-90c0-0144621113a2: start f4a04b10-217f-404d-90c0-0144621113a2@group-735FD42A34FF-FollowerState
2021-11-29 08:36:25,933 [Listener at 127.0.0.1/38371] INFO  server.GrpcService (GrpcService.java:startImpl(253)) - om1: GrpcService started, listening on 35123
2021-11-29 08:36:25,936 [Listener at 127.0.0.1/38371] INFO  om.OzoneManager (OzoneManager.java:start(1381)) - Version File has different layout version (0) than OM DB (null). That is expected if this OM has never been finalized to a newer layout version.
2021-11-29 08:36:25,940 [org.apache.ratis.util.JvmPauseMonitor$$Lambda$536/2115437300@38ec0959] INFO  util.JvmPauseMonitor (JvmPauseMonitor.java:run(103)) - JvmPauseMonitor-om1: Started
2021-11-29 08:36:25,946 [Listener at 127.0.0.1/38371] INFO  http.BaseHttpServer (BaseHttpServer.java:newHttpServer2BuilderForOzone(209)) - Starting Web-server for ozoneManager at: http://0.0.0.0:0
2021-11-29 08:36:25,946 [Listener at 127.0.0.1/38371] INFO  http.BaseHttpServer (BaseHttpServer.java:<init>(107)) - Hadoop Security Enabled: false Ozone Security Enabled: false Ozone HTTP Security Enabled: false 
2021-11-29 08:36:25,948 [Listener at 127.0.0.1/38371] INFO  server.AuthenticationFilter (AuthenticationFilter.java:constructSecretProvider(240)) - Unable to initialize FileSignerSecretProvider, falling back to use random secrets.
2021-11-29 08:36:25,950 [Listener at 127.0.0.1/38371] WARN  http.HttpRequestLog (HttpRequestLog.java:getRequestLog(103)) - Jetty request log can only be enabled using Log4j
2021-11-29 08:36:25,951 [Listener at 127.0.0.1/38371] INFO  http.HttpServer2 (HttpServer2.java:addGlobalFilter(1030)) - Added global filter 'safety' (class=org.apache.hadoop.hdds.server.http.HttpServer2$QuotingInputFilter)
2021-11-29 08:36:25,952 [Listener at 127.0.0.1/38371] INFO  http.HttpServer2 (HttpServer2.java:addFilter(1006)) - Added filter static_user_filter (class=org.apache.hadoop.http.lib.StaticUserWebFilter$StaticUserFilter) to context ozoneManager
2021-11-29 08:36:25,952 [Listener at 127.0.0.1/38371] INFO  http.HttpServer2 (HttpServer2.java:addFilter(1014)) - Added filter static_user_filter (class=org.apache.hadoop.http.lib.StaticUserWebFilter$StaticUserFilter) to context static
2021-11-29 08:36:25,954 [Listener at 127.0.0.1/38371] INFO  http.HttpServer2 (HttpServer2.java:addFilter(1014)) - Added filter static_user_filter (class=org.apache.hadoop.http.lib.StaticUserWebFilter$StaticUserFilter) to context logs
2021-11-29 08:36:25,955 [Listener at 127.0.0.1/38371] INFO  http.HttpServer2 (HttpServer2.java:bindListener(1249)) - Jetty bound to port 40899
2021-11-29 08:36:25,955 [Listener at 127.0.0.1/38371] INFO  server.Server (Server.java:doStart(375)) - jetty-9.4.43.v20210629; built: 2021-06-30T11:07:22.254Z; git: 526006ecfa3af7f1a27ef3a288e2bef7ea9dd7e8; jvm 1.8.0_292-b10
2021-11-29 08:36:25,963 [OM StateMachine ApplyTransaction Thread - 0] INFO  volume.OMVolumeCreateRequest (OMVolumeCreateRequest.java:validateAndUpdateCache(195)) - created volume:vol1 for user:user81015
2021-11-29 08:36:25,985 [Listener at 127.0.0.1/38371] INFO  server.session (DefaultSessionIdManager.java:doStart(334)) - DefaultSessionIdManager workerName=node0
2021-11-29 08:36:25,985 [Listener at 127.0.0.1/38371] INFO  server.session (DefaultSessionIdManager.java:doStart(339)) - No SessionScavenger set, using defaults
2021-11-29 08:36:25,985 [Listener at 127.0.0.1/38371] INFO  server.session (HouseKeeper.java:startScavenging(132)) - node0 Scavenging every 600000ms
2021-11-29 08:36:25,986 [Listener at 127.0.0.1/38371] INFO  handler.ContextHandler (ContextHandler.java:doStart(915)) - Started o.e.j.s.ServletContextHandler@1b3a67b5{logs,/logs,file:///home/runner/work/ozone/ozone/hadoop-ozone/integration-test/target/log,AVAILABLE}
2021-11-29 08:36:25,987 [Listener at 127.0.0.1/38371] INFO  handler.ContextHandler (ContextHandler.java:doStart(915)) - Started o.e.j.s.ServletContextHandler@59bf0d11{static,/static,file:///home/runner/work/ozone/ozone/hadoop-ozone/integration-test/target/test-classes/webapps/static,AVAILABLE}
2021-11-29 08:36:26,005 [Listener at 127.0.0.1/38371] INFO  handler.ContextHandler (ContextHandler.java:doStart(915)) - Started o.e.j.w.WebAppContext@1bf14e5a{ozoneManager,/,file:///home/runner/work/ozone/ozone/hadoop-ozone/integration-test/target/test-classes/webapps/ozoneManager/,AVAILABLE}{file:/home/runner/work/ozone/ozone/hadoop-ozone/integration-test/target/test-classes/webapps/ozoneManager}
2021-11-29 08:36:26,007 [Listener at 127.0.0.1/38371] INFO  server.AbstractConnector (AbstractConnector.java:doStart(331)) - Started ServerConnector@5b27c53f{HTTP/1.1, (http/1.1)}{0.0.0.0:40899}
2021-11-29 08:36:26,007 [Listener at 127.0.0.1/38371] INFO  server.Server (Server.java:doStart(415)) - Started @20102ms
2021-11-29 08:36:26,007 [Listener at 127.0.0.1/38371] WARN  impl.MetricsSystemImpl (MetricsSystemImpl.java:register(279)) - Sink prometheus already exists!
2021-11-29 08:36:26,008 [Listener at 127.0.0.1/38371] INFO  http.BaseHttpServer (BaseHttpServer.java:updateConnectorAddress(329)) - HTTP server of ozoneManager listening at http://0.0.0.0:40899
2021-11-29 08:36:26,008 [IPC Server Responder] INFO  ipc.Server (Server.java:run(1507)) - IPC Server Responder: starting
2021-11-29 08:36:26,009 [IPC Server listener on 0] INFO  ipc.Server (Server.java:run(1344)) - IPC Server listener on 0: starting
2021-11-29 08:36:26,011 [Listener at 127.0.0.1/38371] INFO  om.OzoneManager (OzoneManager.java:startTrashEmptier(1729)) - Trash Interval set to 0. Files deleted will not move to trash
2021-11-29 08:36:26,018 [org.apache.hadoop.util.JvmPauseMonitor$Monitor@2385a303] INFO  util.JvmPauseMonitor (JvmPauseMonitor.java:run(188)) - Starting JVM pause monitor
2021-11-29 08:36:26,038 [main] INFO  rpc.RpcClient (RpcClient.java:createBucket(549)) - Creating Bucket: vol1/bucket1, with Versioning false and Storage Type set to DISK and Encryption set to false 
2021-11-29 08:36:26,045 [Listener at 127.0.0.1/38371] WARN  impl.MetricRegistriesImpl (MetricRegistriesImpl.java:addReporterRegistration(111)) - New reporters are added after registries were created. Some metrics will be missing from the reporter. Please add reporter before adding any new registry.
2021-11-29 08:36:26,045 [Listener at 127.0.0.1/38371] WARN  impl.MetricRegistriesImpl (MetricRegistriesImpl.java:addReporterRegistration(111)) - New reporters are added after registries were created. Some metrics will be missing from the reporter. Please add reporter before adding any new registry.
2021-11-29 08:36:26,049 [Listener at 127.0.0.1/38371] INFO  impl.MetricsSystemImpl (MetricsSystemImpl.java:init(158)) - HddsDatanode metrics system started (again)
2021-11-29 08:36:26,077 [Listener at 127.0.0.1/38371] INFO  ozone.HddsDatanodeService (HddsDatanodeService.java:start(234)) - HddsDatanodeService host:fv-az294-535.eaanfquahm5ulb5tj050gcxych.jx.internal.cloudapp.net ip:10.1.0.67
2021-11-29 08:36:26,120 [f4a04b10-217f-404d-90c0-0144621113a2@group-F98C2D00A595-FollowerState] INFO  impl.FollowerState (FollowerState.java:run(134)) - f4a04b10-217f-404d-90c0-0144621113a2@group-F98C2D00A595-FollowerState: change to CANDIDATE, lastRpcElapsedTime:5160903383ns, electionTimeout:5160ms
2021-11-29 08:36:26,120 [f4a04b10-217f-404d-90c0-0144621113a2@group-F98C2D00A595-FollowerState] INFO  impl.RoleInfo (RoleInfo.java:shutdownFollowerState(108)) - f4a04b10-217f-404d-90c0-0144621113a2: shutdown f4a04b10-217f-404d-90c0-0144621113a2@group-F98C2D00A595-FollowerState
2021-11-29 08:36:26,120 [f4a04b10-217f-404d-90c0-0144621113a2@group-F98C2D00A595-FollowerState] INFO  server.RaftServer$Division (RaftServerImpl.java:setRole(290)) - f4a04b10-217f-404d-90c0-0144621113a2@group-F98C2D00A595: changes role from  FOLLOWER to CANDIDATE at term 0 for changeToCandidate
2021-11-29 08:36:26,120 [f4a04b10-217f-404d-90c0-0144621113a2@group-F98C2D00A595-FollowerState] INFO  server.RaftServerConfigKeys (ConfUtils.java:logGet(44)) - raft.server.leaderelection.pre-vote = false (custom)
2021-11-29 08:36:26,120 [f4a04b10-217f-404d-90c0-0144621113a2@group-F98C2D00A595-FollowerState] INFO  impl.RoleInfo (RoleInfo.java:updateAndGet(130)) - f4a04b10-217f-404d-90c0-0144621113a2: start f4a04b10-217f-404d-90c0-0144621113a2@group-F98C2D00A595-LeaderElection9
2021-11-29 08:36:26,128 [Listener at 127.0.0.1/38371] INFO  upgrade.AbstractLayoutVersionManager (AbstractLayoutVersionManager.java:init(79)) - Initializing Layout version manager with metadata layout = SCM_HA (version = 2), software layout = SCM_HA (version = 2)
2021-11-29 08:36:26,149 [f4a04b10-217f-404d-90c0-0144621113a2@group-F98C2D00A595-LeaderElection9] INFO  impl.LeaderElection (LeaderElection.java:askForVotes(306)) - f4a04b10-217f-404d-90c0-0144621113a2@group-F98C2D00A595-LeaderElection9 ELECTION round 0: submit vote requests at term 1 for -1: [f4a04b10-217f-404d-90c0-0144621113a2|rpc:10.1.0.67:40385|priority:1], old=null
2021-11-29 08:36:26,149 [f4a04b10-217f-404d-90c0-0144621113a2@group-F98C2D00A595-LeaderElection9] INFO  impl.LeaderElection (LeaderElection.java:askForVotes(308)) - f4a04b10-217f-404d-90c0-0144621113a2@group-F98C2D00A595-LeaderElection9 ELECTION round 0: result PASSED (term=1)
2021-11-29 08:36:26,149 [f4a04b10-217f-404d-90c0-0144621113a2@group-F98C2D00A595-LeaderElection9] INFO  impl.RoleInfo (RoleInfo.java:shutdownLeaderElection(121)) - f4a04b10-217f-404d-90c0-0144621113a2: shutdown f4a04b10-217f-404d-90c0-0144621113a2@group-F98C2D00A595-LeaderElection9
2021-11-29 08:36:26,150 [f4a04b10-217f-404d-90c0-0144621113a2@group-F98C2D00A595-LeaderElection9] INFO  server.RaftServer$Division (RaftServerImpl.java:setRole(290)) - f4a04b10-217f-404d-90c0-0144621113a2@group-F98C2D00A595: changes role from CANDIDATE to LEADER at term 1 for changeToLeader
2021-11-29 08:36:26,150 [f4a04b10-217f-404d-90c0-0144621113a2@group-F98C2D00A595-LeaderElection9] INFO  ratis.XceiverServerRatis (XceiverServerRatis.java:handleLeaderChangedNotification(866)) - Leader change notification received for group: group-F98C2D00A595 with new leaderId: f4a04b10-217f-404d-90c0-0144621113a2
2021-11-29 08:36:26,150 [f4a04b10-217f-404d-90c0-0144621113a2@group-F98C2D00A595-LeaderElection9] INFO  server.RaftServer$Division (ServerState.java:setLeader(285)) - f4a04b10-217f-404d-90c0-0144621113a2@group-F98C2D00A595: change Leader from null to f4a04b10-217f-404d-90c0-0144621113a2 at term 1 for becomeLeader, leader elected after 5200ms
2021-11-29 08:36:26,150 [f4a04b10-217f-404d-90c0-0144621113a2@group-F98C2D00A595-LeaderElection9] INFO  server.RaftServerConfigKeys (ConfUtils.java:logGet(44)) - raft.server.staging.catchup.gap = 1000 (default)
2021-11-29 08:36:26,150 [f4a04b10-217f-404d-90c0-0144621113a2@group-F98C2D00A595-LeaderElection9] INFO  server.RaftServerConfigKeys (ConfUtils.java:logGet(44)) - raft.server.write.element-limit = 1024 (custom)
2021-11-29 08:36:26,150 [f4a04b10-217f-404d-90c0-0144621113a2@group-F98C2D00A595-LeaderElection9] INFO  server.RaftServerConfigKeys (ConfUtils.java:logGet(44)) - raft.server.write.byte-limit = 1024 M (=1073741824) (custom)
2021-11-29 08:36:26,150 [f4a04b10-217f-404d-90c0-0144621113a2@group-F98C2D00A595-LeaderElection9] INFO  server.RaftServerConfigKeys (ConfUtils.java:logGet(44)) - raft.server.watch.timeout = 180s (custom)
2021-11-29 08:36:26,150 [f4a04b10-217f-404d-90c0-0144621113a2@group-F98C2D00A595-LeaderElection9] INFO  server.RaftServerConfigKeys (ConfUtils.java:logGet(44)) - raft.server.watch.timeout.denomination = 1s (default)
2021-11-29 08:36:26,151 [f4a04b10-217f-404d-90c0-0144621113a2@group-F98C2D00A595-LeaderElection9] INFO  server.RaftServerConfigKeys (ConfUtils.java:logGet(44)) - raft.server.watch.element-limit = 65536 (default)
2021-11-29 08:36:26,151 [f4a04b10-217f-404d-90c0-0144621113a2@group-F98C2D00A595-LeaderElection9] INFO  server.RaftServerConfigKeys (ConfUtils.java:logGet(44)) - raft.server.write.element-limit = 1024 (custom)
2021-11-29 08:36:26,151 [f4a04b10-217f-404d-90c0-0144621113a2@group-F98C2D00A595-LeaderElection9] INFO  server.RaftServerConfigKeys (ConfUtils.java:logGet(44)) - raft.server.write.follower.gap.ratio.max = -1.0 (default)
2021-11-29 08:36:26,151 [f4a04b10-217f-404d-90c0-0144621113a2@group-F98C2D00A595-LeaderElection9] INFO  impl.RoleInfo (RoleInfo.java:updateAndGet(130)) - f4a04b10-217f-404d-90c0-0144621113a2: start f4a04b10-217f-404d-90c0-0144621113a2@group-F98C2D00A595-LeaderStateImpl
2021-11-29 08:36:26,151 [f4a04b10-217f-404d-90c0-0144621113a2@group-F98C2D00A595-LeaderElection9] INFO  segmented.SegmentedRaftLogWorker (SegmentedRaftLogWorker.java:startLogSegment(394)) - f4a04b10-217f-404d-90c0-0144621113a2@group-F98C2D00A595-SegmentedRaftLogWorker: Starting segment from index:0
2021-11-29 08:36:26,153 [f4a04b10-217f-404d-90c0-0144621113a2@group-F98C2D00A595-SegmentedRaftLogWorker] INFO  segmented.SegmentedRaftLogWorker (SegmentedRaftLogWorker.java:execute(601)) - f4a04b10-217f-404d-90c0-0144621113a2@group-F98C2D00A595-SegmentedRaftLogWorker: created new log segment /home/runner/work/ozone/ozone/hadoop-ozone/integration-test/target/test-dir/MiniOzoneClusterImpl-3d114d2a-f85f-45ce-9fd0-840e2dc708c7/datanode-4/data/ratis/7f7ee3f5-0e13-44ac-94c9-f98c2d00a595/current/log_inprogress_0
2021-11-29 08:36:26,154 [IPC Server handler 0 on default port 35215] INFO  ha.SequenceIdGenerator (SequenceIdGenerator.java:getNextId(127)) - Allocate a batch for containerId, change lastId from 0 to 1000.
2021-11-29 08:36:26,162 [f4a04b10-217f-404d-90c0-0144621113a2@group-F98C2D00A595-LeaderElection9] INFO  server.RaftServer$Division (ServerState.java:setRaftConf(387)) - f4a04b10-217f-404d-90c0-0144621113a2@group-F98C2D00A595: set configuration 0: [f4a04b10-217f-404d-90c0-0144621113a2|rpc:10.1.0.67:40385|dataStream:|priority:1], old=null
2021-11-29 08:36:26,172 [IPC Server handler 0 on default port 35215] WARN  ha.SequenceIdGenerator (SequenceIdGenerator.java:allocateBatch(235)) - Failed to allocate a batch for localId, expected lastId is 0, actual lastId is 107544261427200000.
2021-11-29 08:36:26,172 [IPC Server handler 0 on default port 35215] INFO  ha.SequenceIdGenerator (SequenceIdGenerator.java:getNextId(127)) - Allocate a batch for localId, change lastId from 107544261427200000 to 107544261427201000.
2021-11-29 08:36:26,237 [Listener at 127.0.0.1/38371] INFO  reflections.Reflections (Reflections.java:scan(232)) - Reflections took 108 ms to scan 7 urls, producing 119 keys and 279 values 
2021-11-29 08:36:26,239 [Listener at 127.0.0.1/38371] INFO  statemachine.DatanodeStateMachine (DatanodeStateMachine.java:getEndPointTaskThreadPoolSize(219)) - Datanode State Machine Task Thread Pool size 2
2021-11-29 08:36:26,254 [Listener at 127.0.0.1/38371] INFO  volume.HddsVolume (HddsVolume.java:<init>(120)) - Creating HddsVolume: /home/runner/work/ozone/ozone/hadoop-ozone/integration-test/target/test-dir/MiniOzoneClusterImpl-c80c5e57-a00d-42e9-a5d1-a1f89d8b0246/datanode-0/data-0/containers/hdds of storage type : DISK capacity : 9223372036854775807
2021-11-29 08:36:26,254 [Listener at 127.0.0.1/38371] INFO  volume.MutableVolumeSet (MutableVolumeSet.java:initializeVolumeSet(168)) - Added Volume : /home/runner/work/ozone/ozone/hadoop-ozone/integration-test/target/test-dir/MiniOzoneClusterImpl-c80c5e57-a00d-42e9-a5d1-a1f89d8b0246/datanode-0/data-0/containers/hdds to VolumeSet
2021-11-29 08:36:26,255 [Listener at 127.0.0.1/38371] INFO  volume.ThrottledAsyncChecker (ThrottledAsyncChecker.java:schedule(141)) - Scheduling a check for /home/runner/work/ozone/ozone/hadoop-ozone/integration-test/target/test-dir/MiniOzoneClusterImpl-c80c5e57-a00d-42e9-a5d1-a1f89d8b0246/datanode-0/data-0/containers/hdds
2021-11-29 08:36:26,255 [Listener at 127.0.0.1/38371] INFO  volume.StorageVolumeChecker (StorageVolumeChecker.java:checkAllVolumes(202)) - Scheduled health check for volume /home/runner/work/ozone/ozone/hadoop-ozone/integration-test/target/test-dir/MiniOzoneClusterImpl-c80c5e57-a00d-42e9-a5d1-a1f89d8b0246/datanode-0/data-0/containers/hdds
2021-11-29 08:36:26,269 [Listener at 127.0.0.1/38371] INFO  volume.MutableVolumeSet (MutableVolumeSet.java:initializeVolumeSet(168)) - Added Volume : /home/runner/work/ozone/ozone/hadoop-ozone/integration-test/target/test-dir/MiniOzoneClusterImpl-c80c5e57-a00d-42e9-a5d1-a1f89d8b0246/datanode-0/data/ratis to VolumeSet
2021-11-29 08:36:26,270 [Listener at 127.0.0.1/38371] INFO  volume.ThrottledAsyncChecker (ThrottledAsyncChecker.java:schedule(141)) - Scheduling a check for /home/runner/work/ozone/ozone/hadoop-ozone/integration-test/target/test-dir/MiniOzoneClusterImpl-c80c5e57-a00d-42e9-a5d1-a1f89d8b0246/datanode-0/data/ratis
2021-11-29 08:36:26,270 [Listener at 127.0.0.1/38371] INFO  volume.StorageVolumeChecker (StorageVolumeChecker.java:checkAllVolumes(202)) - Scheduled health check for volume /home/runner/work/ozone/ozone/hadoop-ozone/integration-test/target/test-dir/MiniOzoneClusterImpl-c80c5e57-a00d-42e9-a5d1-a1f89d8b0246/datanode-0/data/ratis
2021-11-29 08:36:26,284 [ab751306-1b7d-4a09-8e2d-d0e9ffa10842@group-99133EBF817F-FollowerState] INFO  impl.FollowerState (FollowerState.java:run(134)) - ab751306-1b7d-4a09-8e2d-d0e9ffa10842@group-99133EBF817F-FollowerState: change to CANDIDATE, lastRpcElapsedTime:5180634649ns, electionTimeout:5179ms
2021-11-29 08:36:26,284 [ab751306-1b7d-4a09-8e2d-d0e9ffa10842@group-99133EBF817F-FollowerState] INFO  impl.RoleInfo (RoleInfo.java:shutdownFollowerState(108)) - ab751306-1b7d-4a09-8e2d-d0e9ffa10842: shutdown ab751306-1b7d-4a09-8e2d-d0e9ffa10842@group-99133EBF817F-FollowerState
2021-11-29 08:36:26,284 [ab751306-1b7d-4a09-8e2d-d0e9ffa10842@group-99133EBF817F-FollowerState] INFO  server.RaftServer$Division (RaftServerImpl.java:setRole(290)) - ab751306-1b7d-4a09-8e2d-d0e9ffa10842@group-99133EBF817F: changes role from  FOLLOWER to CANDIDATE at term 0 for changeToCandidate
2021-11-29 08:36:26,285 [ab751306-1b7d-4a09-8e2d-d0e9ffa10842@group-99133EBF817F-FollowerState] INFO  server.RaftServerConfigKeys (ConfUtils.java:logGet(44)) - raft.server.leaderelection.pre-vote = false (custom)
2021-11-29 08:36:26,285 [ab751306-1b7d-4a09-8e2d-d0e9ffa10842@group-99133EBF817F-FollowerState] INFO  impl.RoleInfo (RoleInfo.java:updateAndGet(130)) - ab751306-1b7d-4a09-8e2d-d0e9ffa10842: start ab751306-1b7d-4a09-8e2d-d0e9ffa10842@group-99133EBF817F-LeaderElection10
2021-11-29 08:36:26,315 [ReplicationMonitor] INFO  container.ReplicationManager (ReplicationManager.java:processAll(371)) - Replication Monitor Thread took 0 milliseconds for processing 0 containers.
2021-11-29 08:36:26,315 [Thread-430] INFO  ozoneimpl.ContainerReader (ContainerReader.java:readVolume(172)) - Finish verifying containers on volume /home/runner/work/ozone/ozone/hadoop-ozone/integration-test/target/test-dir/MiniOzoneClusterImpl-c80c5e57-a00d-42e9-a5d1-a1f89d8b0246/datanode-0/data-0/containers/hdds
2021-11-29 08:36:26,315 [Listener at 127.0.0.1/38371] INFO  ozoneimpl.OzoneContainer (OzoneContainer.java:buildContainerSet(236)) - Build ContainerSet costs 0s
2021-11-29 08:36:26,318 [main] INFO  impl.MetricsSystemImpl (MetricsSystemImpl.java:init(158)) - XceiverClientMetrics metrics system started (again)
2021-11-29 08:36:26,326 [ab751306-1b7d-4a09-8e2d-d0e9ffa10842@group-99133EBF817F-LeaderElection10] INFO  impl.LeaderElection (LeaderElection.java:askForVotes(306)) - ab751306-1b7d-4a09-8e2d-d0e9ffa10842@group-99133EBF817F-LeaderElection10 ELECTION round 0: submit vote requests at term 1 for -1: [ab751306-1b7d-4a09-8e2d-d0e9ffa10842|rpc:10.1.0.67:40499|priority:1], old=null
2021-11-29 08:36:26,326 [ab751306-1b7d-4a09-8e2d-d0e9ffa10842@group-99133EBF817F-LeaderElection10] INFO  impl.LeaderElection (LeaderElection.java:askForVotes(308)) - ab751306-1b7d-4a09-8e2d-d0e9ffa10842@group-99133EBF817F-LeaderElection10 ELECTION round 0: result PASSED (term=1)
2021-11-29 08:36:26,326 [ab751306-1b7d-4a09-8e2d-d0e9ffa10842@group-99133EBF817F-LeaderElection10] INFO  impl.RoleInfo (RoleInfo.java:shutdownLeaderElection(121)) - ab751306-1b7d-4a09-8e2d-d0e9ffa10842: shutdown ab751306-1b7d-4a09-8e2d-d0e9ffa10842@group-99133EBF817F-LeaderElection10
2021-11-29 08:36:26,326 [ab751306-1b7d-4a09-8e2d-d0e9ffa10842@group-99133EBF817F-LeaderElection10] INFO  server.RaftServer$Division (RaftServerImpl.java:setRole(290)) - ab751306-1b7d-4a09-8e2d-d0e9ffa10842@group-99133EBF817F: changes role from CANDIDATE to LEADER at term 1 for changeToLeader
2021-11-29 08:36:26,326 [ab751306-1b7d-4a09-8e2d-d0e9ffa10842@group-99133EBF817F-LeaderElection10] INFO  ratis.XceiverServerRatis (XceiverServerRatis.java:handleLeaderChangedNotification(866)) - Leader change notification received for group: group-99133EBF817F with new leaderId: ab751306-1b7d-4a09-8e2d-d0e9ffa10842
2021-11-29 08:36:26,326 [ab751306-1b7d-4a09-8e2d-d0e9ffa10842@group-99133EBF817F-LeaderElection10] INFO  server.RaftServer$Division (ServerState.java:setLeader(285)) - ab751306-1b7d-4a09-8e2d-d0e9ffa10842@group-99133EBF817F: change Leader from null to ab751306-1b7d-4a09-8e2d-d0e9ffa10842 at term 1 for becomeLeader, leader elected after 5231ms
2021-11-29 08:36:26,326 [ab751306-1b7d-4a09-8e2d-d0e9ffa10842@group-99133EBF817F-LeaderElection10] INFO  server.RaftServerConfigKeys (ConfUtils.java:logGet(44)) - raft.server.staging.catchup.gap = 1000 (default)
2021-11-29 08:36:26,327 [ab751306-1b7d-4a09-8e2d-d0e9ffa10842@group-99133EBF817F-LeaderElection10] INFO  server.RaftServerConfigKeys (ConfUtils.java:logGet(44)) - raft.server.write.element-limit = 1024 (custom)
2021-11-29 08:36:26,327 [ab751306-1b7d-4a09-8e2d-d0e9ffa10842@group-99133EBF817F-LeaderElection10] INFO  server.RaftServerConfigKeys (ConfUtils.java:logGet(44)) - raft.server.write.byte-limit = 1024 M (=1073741824) (custom)
2021-11-29 08:36:26,327 [ab751306-1b7d-4a09-8e2d-d0e9ffa10842@group-99133EBF817F-LeaderElection10] INFO  server.RaftServerConfigKeys (ConfUtils.java:logGet(44)) - raft.server.watch.timeout = 180s (custom)
2021-11-29 08:36:26,327 [ab751306-1b7d-4a09-8e2d-d0e9ffa10842@group-99133EBF817F-LeaderElection10] INFO  server.RaftServerConfigKeys (ConfUtils.java:logGet(44)) - raft.server.watch.timeout.denomination = 1s (default)
2021-11-29 08:36:26,327 [ab751306-1b7d-4a09-8e2d-d0e9ffa10842@group-99133EBF817F-LeaderElection10] INFO  server.RaftServerConfigKeys (ConfUtils.java:logGet(44)) - raft.server.watch.element-limit = 65536 (default)
2021-11-29 08:36:26,327 [ab751306-1b7d-4a09-8e2d-d0e9ffa10842@group-99133EBF817F-LeaderElection10] INFO  server.RaftServerConfigKeys (ConfUtils.java:logGet(44)) - raft.server.write.element-limit = 1024 (custom)
2021-11-29 08:36:26,327 [ab751306-1b7d-4a09-8e2d-d0e9ffa10842@group-99133EBF817F-LeaderElection10] INFO  server.RaftServerConfigKeys (ConfUtils.java:logGet(44)) - raft.server.write.follower.gap.ratio.max = -1.0 (default)
2021-11-29 08:36:26,327 [ab751306-1b7d-4a09-8e2d-d0e9ffa10842@group-99133EBF817F-LeaderElection10] INFO  impl.RoleInfo (RoleInfo.java:updateAndGet(130)) - ab751306-1b7d-4a09-8e2d-d0e9ffa10842: start ab751306-1b7d-4a09-8e2d-d0e9ffa10842@group-99133EBF817F-LeaderStateImpl
2021-11-29 08:36:26,327 [ab751306-1b7d-4a09-8e2d-d0e9ffa10842@group-99133EBF817F-LeaderElection10] INFO  segmented.SegmentedRaftLogWorker (SegmentedRaftLogWorker.java:startLogSegment(394)) - ab751306-1b7d-4a09-8e2d-d0e9ffa10842@group-99133EBF817F-SegmentedRaftLogWorker: Starting segment from index:0
2021-11-29 08:36:26,329 [ab751306-1b7d-4a09-8e2d-d0e9ffa10842@group-99133EBF817F-SegmentedRaftLogWorker] INFO  segmented.SegmentedRaftLogWorker (SegmentedRaftLogWorker.java:execute(601)) - ab751306-1b7d-4a09-8e2d-d0e9ffa10842@group-99133EBF817F-SegmentedRaftLogWorker: created new log segment /home/runner/work/ozone/ozone/hadoop-ozone/integration-test/target/test-dir/MiniOzoneClusterImpl-3d114d2a-f85f-45ce-9fd0-840e2dc708c7/datanode-5/data/ratis/a35257e7-7054-4803-b33b-99133ebf817f/current/log_inprogress_0
2021-11-29 08:36:26,334 [ab751306-1b7d-4a09-8e2d-d0e9ffa10842@group-99133EBF817F-LeaderElection10] INFO  server.RaftServer$Division (ServerState.java:setRaftConf(387)) - ab751306-1b7d-4a09-8e2d-d0e9ffa10842@group-99133EBF817F: set configuration 0: [ab751306-1b7d-4a09-8e2d-d0e9ffa10842|rpc:10.1.0.67:40499|dataStream:|priority:1], old=null
2021-11-29 08:36:26,344 [Listener at 127.0.0.1/38371] INFO  server.RaftServer (ConfUtils.java:logGet(44)) - raft.rpc.type = GRPC (default)
2021-11-29 08:36:26,344 [Listener at 127.0.0.1/38371] INFO  grpc.GrpcFactory (GrpcFactory.java:checkPooledByteBufAllocatorUseCacheForAllThreads(48)) - PERFORMANCE WARNING: useCacheForAllThreads is true that may cause Netty to create a lot garbage objects and, as a result, trigger GC.
	It is recommended to disable useCacheForAllThreads by setting -Dorg.apache.ratis.thirdparty.io.netty.allocator.useCacheForAllThreads=false in command line.
2021-11-29 08:36:26,344 [Listener at 127.0.0.1/38371] INFO  grpc.GrpcConfigKeys (ConfUtils.java:logGet(44)) - raft.grpc.admin.port = 0 (custom)
2021-11-29 08:36:26,344 [Listener at 127.0.0.1/38371] INFO  grpc.GrpcConfigKeys (ConfUtils.java:logGet(44)) - raft.grpc.client.port = 0 (custom)
2021-11-29 08:36:26,344 [Listener at 127.0.0.1/38371] INFO  grpc.GrpcConfigKeys (ConfUtils.java:logGet(44)) - raft.grpc.server.port = 0 (default)
2021-11-29 08:36:26,345 [Listener at 127.0.0.1/38371] INFO  server.GrpcService (ConfUtils.java:logGet(44)) - raft.grpc.message.size.max = 32MB (=33554432) (custom)
2021-11-29 08:36:26,345 [Listener at 127.0.0.1/38371] INFO  server.RaftServerConfigKeys (ConfUtils.java:logGet(44)) - raft.server.log.appender.buffer.byte-limit = 33554432 (custom)
2021-11-29 08:36:26,345 [Listener at 127.0.0.1/38371] INFO  server.GrpcService (ConfUtils.java:logGet(44)) - raft.grpc.flow.control.window = 5MB (=5242880) (custom)
2021-11-29 08:36:26,345 [Listener at 127.0.0.1/38371] INFO  server.RaftServerConfigKeys (ConfUtils.java:logGet(44)) - raft.server.rpc.request.timeout = 60s (custom)
2021-11-29 08:36:26,346 [Listener at 127.0.0.1/38371] INFO  impl.DataStreamServerImpl (ConfUtils.java:logGet(44)) - raft.datastream.type = DISABLED (default)
2021-11-29 08:36:26,346 [Listener at 127.0.0.1/38371] INFO  server.RaftServerConfigKeys (ConfUtils.java:logGet(44)) - raft.server.rpc.slowness.timeout = 300s (custom)
2021-11-29 08:36:26,346 [Listener at 127.0.0.1/38371] INFO  server.RaftServerConfigKeys (ConfUtils.java:logGet(44)) - raft.server.leaderelection.leader.step-down.wait-time = 10s (default)
2021-11-29 08:36:26,346 [Listener at 127.0.0.1/38371] INFO  server.RaftServerConfigKeys (ConfUtils.java:logGet(44)) - raft.server.storage.dir = [/home/runner/work/ozone/ozone/hadoop-ozone/integration-test/target/test-dir/MiniOzoneClusterImpl-c80c5e57-a00d-42e9-a5d1-a1f89d8b0246/datanode-0/data/ratis] (custom)
2021-11-29 08:36:26,358 [Listener at 127.0.0.1/38371] INFO  http.BaseHttpServer (BaseHttpServer.java:newHttpServer2BuilderForOzone(209)) - Starting Web-server for hddsDatanode at: http://0.0.0.0:0
2021-11-29 08:36:26,358 [Listener at 127.0.0.1/38371] INFO  http.BaseHttpServer (BaseHttpServer.java:<init>(107)) - Hadoop Security Enabled: false Ozone Security Enabled: false Ozone HTTP Security Enabled: false 
2021-11-29 08:36:26,360 [Listener at 127.0.0.1/38371] INFO  server.AuthenticationFilter (AuthenticationFilter.java:constructSecretProvider(240)) - Unable to initialize FileSignerSecretProvider, falling back to use random secrets.
2021-11-29 08:36:26,363 [Listener at 127.0.0.1/38371] WARN  http.HttpRequestLog (HttpRequestLog.java:getRequestLog(103)) - Jetty request log can only be enabled using Log4j
2021-11-29 08:36:26,364 [Listener at 127.0.0.1/38371] INFO  http.HttpServer2 (HttpServer2.java:addGlobalFilter(1030)) - Added global filter 'safety' (class=org.apache.hadoop.hdds.server.http.HttpServer2$QuotingInputFilter)
2021-11-29 08:36:26,365 [Listener at 127.0.0.1/38371] INFO  http.HttpServer2 (HttpServer2.java:addFilter(1006)) - Added filter static_user_filter (class=org.apache.hadoop.http.lib.StaticUserWebFilter$StaticUserFilter) to context hddsDatanode
2021-11-29 08:36:26,365 [Listener at 127.0.0.1/38371] INFO  http.HttpServer2 (HttpServer2.java:addFilter(1014)) - Added filter static_user_filter (class=org.apache.hadoop.http.lib.StaticUserWebFilter$StaticUserFilter) to context logs
2021-11-29 08:36:26,365 [Listener at 127.0.0.1/38371] INFO  http.HttpServer2 (HttpServer2.java:addFilter(1014)) - Added filter static_user_filter (class=org.apache.hadoop.http.lib.StaticUserWebFilter$StaticUserFilter) to context static
2021-11-29 08:36:26,366 [Listener at 127.0.0.1/38371] INFO  http.HttpServer2 (HttpServer2.java:bindListener(1249)) - Jetty bound to port 45919
2021-11-29 08:36:26,366 [Listener at 127.0.0.1/38371] INFO  server.Server (Server.java:doStart(375)) - jetty-9.4.43.v20210629; built: 2021-06-30T11:07:22.254Z; git: 526006ecfa3af7f1a27ef3a288e2bef7ea9dd7e8; jvm 1.8.0_292-b10
2021-11-29 08:36:26,396 [Listener at 127.0.0.1/38371] INFO  server.session (DefaultSessionIdManager.java:doStart(334)) - DefaultSessionIdManager workerName=node0
2021-11-29 08:36:26,396 [Listener at 127.0.0.1/38371] INFO  server.session (DefaultSessionIdManager.java:doStart(339)) - No SessionScavenger set, using defaults
2021-11-29 08:36:26,396 [Listener at 127.0.0.1/38371] INFO  server.session (HouseKeeper.java:startScavenging(132)) - node0 Scavenging every 660000ms
2021-11-29 08:36:26,397 [Listener at 127.0.0.1/38371] INFO  handler.ContextHandler (ContextHandler.java:doStart(915)) - Started o.e.j.s.ServletContextHandler@7d524da2{logs,/logs,file:///home/runner/work/ozone/ozone/hadoop-ozone/integration-test/target/log,AVAILABLE}
2021-11-29 08:36:26,397 [Listener at 127.0.0.1/38371] INFO  handler.ContextHandler (ContextHandler.java:doStart(915)) - Started o.e.j.s.ServletContextHandler@2cb50f9c{static,/static,jar:file:/home/runner/.m2/repository/org/apache/ozone/hdds-container-service/1.3.0-SNAPSHOT/hdds-container-service-1.3.0-SNAPSHOT.jar!/webapps/static,AVAILABLE}
2021-11-29 08:36:26,500 [Listener at 127.0.0.1/38371] INFO  handler.ContextHandler (ContextHandler.java:doStart(915)) - Started o.e.j.w.WebAppContext@59147eb3{hddsDatanode,/,file:///tmp/jetty-0_0_0_0-45919-hdds-container-service-1_3_0-SNAPSHOT_jar-_-any-6625349379307035618/webapp/,AVAILABLE}{jar:file:/home/runner/.m2/repository/org/apache/ozone/hdds-container-service/1.3.0-SNAPSHOT/hdds-container-service-1.3.0-SNAPSHOT.jar!/webapps/hddsDatanode}
2021-11-29 08:36:26,502 [Listener at 127.0.0.1/38371] INFO  server.AbstractConnector (AbstractConnector.java:doStart(331)) - Started ServerConnector@6ed2f640{HTTP/1.1, (http/1.1)}{0.0.0.0:45919}
2021-11-29 08:36:26,502 [Listener at 127.0.0.1/38371] INFO  server.Server (Server.java:doStart(415)) - Started @20597ms
2021-11-29 08:36:26,502 [Listener at 127.0.0.1/38371] WARN  impl.MetricsSystemImpl (MetricsSystemImpl.java:register(279)) - Sink prometheus already exists!
2021-11-29 08:36:26,506 [Listener at 127.0.0.1/38371] INFO  http.BaseHttpServer (BaseHttpServer.java:updateConnectorAddress(329)) - HTTP server of hddsDatanode listening at http://0.0.0.0:45919
2021-11-29 08:36:26,515 [Listener at 127.0.0.1/38371] WARN  impl.MetricRegistriesImpl (MetricRegistriesImpl.java:addReporterRegistration(111)) - New reporters are added after registries were created. Some metrics will be missing from the reporter. Please add reporter before adding any new registry.
2021-11-29 08:36:26,515 [Listener at 127.0.0.1/38371] WARN  impl.MetricRegistriesImpl (MetricRegistriesImpl.java:addReporterRegistration(111)) - New reporters are added after registries were created. Some metrics will be missing from the reporter. Please add reporter before adding any new registry.
2021-11-29 08:36:26,515 [Listener at 127.0.0.1/38371] INFO  impl.MetricsSystemImpl (MetricsSystemImpl.java:init(158)) - HddsDatanode metrics system started (again)
2021-11-29 08:36:26,517 [Datanode State Machine Daemon Thread] INFO  statemachine.DatanodeStateMachine (DatanodeStateMachine.java:lambda$startDaemon$0(467)) - Ozone container server started.
2021-11-29 08:36:26,550 [Listener at 127.0.0.1/38371] INFO  ozone.HddsDatanodeService (HddsDatanodeService.java:start(234)) - HddsDatanodeService host:fv-az294-535.eaanfquahm5ulb5tj050gcxych.jx.internal.cloudapp.net ip:10.1.0.67
2021-11-29 08:36:26,565 [org.apache.hadoop.util.JvmPauseMonitor$Monitor@60f798b2] INFO  util.JvmPauseMonitor (JvmPauseMonitor.java:run(188)) - Starting JVM pause monitor
2021-11-29 08:36:26,574 [Datanode State Machine Task Thread - 0] INFO  datanode.InitDatanodeState (InitDatanodeState.java:persistContainerDatanodeDetails(145)) - DatanodeDetails is persisted to /home/runner/work/ozone/ozone/hadoop-ozone/integration-test/target/test-dir/MiniOzoneClusterImpl-c80c5e57-a00d-42e9-a5d1-a1f89d8b0246/datanode-0/meta/datanode.id
2021-11-29 08:36:26,595 [Listener at 127.0.0.1/38371] INFO  upgrade.AbstractLayoutVersionManager (AbstractLayoutVersionManager.java:init(79)) - Initializing Layout version manager with metadata layout = SCM_HA (version = 2), software layout = SCM_HA (version = 2)
2021-11-29 08:36:26,699 [Listener at 127.0.0.1/38371] INFO  reflections.Reflections (Reflections.java:scan(232)) - Reflections took 100 ms to scan 7 urls, producing 119 keys and 279 values 
2021-11-29 08:36:26,710 [Listener at 127.0.0.1/38371] INFO  statemachine.DatanodeStateMachine (DatanodeStateMachine.java:getEndPointTaskThreadPoolSize(219)) - Datanode State Machine Task Thread Pool size 2
2021-11-29 08:36:26,734 [Listener at 127.0.0.1/38371] INFO  volume.HddsVolume (HddsVolume.java:<init>(120)) - Creating HddsVolume: /home/runner/work/ozone/ozone/hadoop-ozone/integration-test/target/test-dir/MiniOzoneClusterImpl-c80c5e57-a00d-42e9-a5d1-a1f89d8b0246/datanode-1/data-0/containers/hdds of storage type : DISK capacity : 9223372036854775807
2021-11-29 08:36:26,734 [Listener at 127.0.0.1/38371] INFO  volume.MutableVolumeSet (MutableVolumeSet.java:initializeVolumeSet(168)) - Added Volume : /home/runner/work/ozone/ozone/hadoop-ozone/integration-test/target/test-dir/MiniOzoneClusterImpl-c80c5e57-a00d-42e9-a5d1-a1f89d8b0246/datanode-1/data-0/containers/hdds to VolumeSet
2021-11-29 08:36:26,735 [Listener at 127.0.0.1/38371] INFO  volume.ThrottledAsyncChecker (ThrottledAsyncChecker.java:schedule(141)) - Scheduling a check for /home/runner/work/ozone/ozone/hadoop-ozone/integration-test/target/test-dir/MiniOzoneClusterImpl-c80c5e57-a00d-42e9-a5d1-a1f89d8b0246/datanode-1/data-0/containers/hdds
2021-11-29 08:36:26,736 [Listener at 127.0.0.1/38371] INFO  volume.StorageVolumeChecker (StorageVolumeChecker.java:checkAllVolumes(202)) - Scheduled health check for volume /home/runner/work/ozone/ozone/hadoop-ozone/integration-test/target/test-dir/MiniOzoneClusterImpl-c80c5e57-a00d-42e9-a5d1-a1f89d8b0246/datanode-1/data-0/containers/hdds
2021-11-29 08:36:26,782 [Listener at 127.0.0.1/38371] INFO  volume.MutableVolumeSet (MutableVolumeSet.java:initializeVolumeSet(168)) - Added Volume : /home/runner/work/ozone/ozone/hadoop-ozone/integration-test/target/test-dir/MiniOzoneClusterImpl-c80c5e57-a00d-42e9-a5d1-a1f89d8b0246/datanode-1/data/ratis to VolumeSet
2021-11-29 08:36:26,783 [Listener at 127.0.0.1/38371] INFO  volume.ThrottledAsyncChecker (ThrottledAsyncChecker.java:schedule(141)) - Scheduling a check for /home/runner/work/ozone/ozone/hadoop-ozone/integration-test/target/test-dir/MiniOzoneClusterImpl-c80c5e57-a00d-42e9-a5d1-a1f89d8b0246/datanode-1/data/ratis
2021-11-29 08:36:26,784 [Listener at 127.0.0.1/38371] INFO  volume.StorageVolumeChecker (StorageVolumeChecker.java:checkAllVolumes(202)) - Scheduled health check for volume /home/runner/work/ozone/ozone/hadoop-ozone/integration-test/target/test-dir/MiniOzoneClusterImpl-c80c5e57-a00d-42e9-a5d1-a1f89d8b0246/datanode-1/data/ratis
2021-11-29 08:36:26,819 [ReplicationMonitor] INFO  container.ReplicationManager (ReplicationManager.java:processAll(371)) - Replication Monitor Thread took 0 milliseconds for processing 1 containers.
2021-11-29 08:36:26,831 [Thread-455] INFO  ozoneimpl.ContainerReader (ContainerReader.java:readVolume(172)) - Finish verifying containers on volume /home/runner/work/ozone/ozone/hadoop-ozone/integration-test/target/test-dir/MiniOzoneClusterImpl-c80c5e57-a00d-42e9-a5d1-a1f89d8b0246/datanode-1/data-0/containers/hdds
2021-11-29 08:36:26,831 [Listener at 127.0.0.1/38371] INFO  ozoneimpl.OzoneContainer (OzoneContainer.java:buildContainerSet(236)) - Build ContainerSet costs 0s
2021-11-29 08:36:26,834 [Listener at 127.0.0.1/38371] INFO  server.RaftServer (ConfUtils.java:logGet(44)) - raft.rpc.type = GRPC (default)
2021-11-29 08:36:26,834 [Listener at 127.0.0.1/38371] INFO  grpc.GrpcFactory (GrpcFactory.java:checkPooledByteBufAllocatorUseCacheForAllThreads(48)) - PERFORMANCE WARNING: useCacheForAllThreads is true that may cause Netty to create a lot garbage objects and, as a result, trigger GC.
	It is recommended to disable useCacheForAllThreads by setting -Dorg.apache.ratis.thirdparty.io.netty.allocator.useCacheForAllThreads=false in command line.
2021-11-29 08:36:26,835 [Listener at 127.0.0.1/38371] INFO  grpc.GrpcConfigKeys (ConfUtils.java:logGet(44)) - raft.grpc.admin.port = 0 (custom)
2021-11-29 08:36:26,835 [Listener at 127.0.0.1/38371] INFO  grpc.GrpcConfigKeys (ConfUtils.java:logGet(44)) - raft.grpc.client.port = 0 (custom)
2021-11-29 08:36:26,835 [Listener at 127.0.0.1/38371] INFO  grpc.GrpcConfigKeys (ConfUtils.java:logGet(44)) - raft.grpc.server.port = 0 (default)
2021-11-29 08:36:26,835 [Listener at 127.0.0.1/38371] INFO  server.GrpcService (ConfUtils.java:logGet(44)) - raft.grpc.message.size.max = 32MB (=33554432) (custom)
2021-11-29 08:36:26,835 [Listener at 127.0.0.1/38371] INFO  server.RaftServerConfigKeys (ConfUtils.java:logGet(44)) - raft.server.log.appender.buffer.byte-limit = 33554432 (custom)
2021-11-29 08:36:26,835 [Listener at 127.0.0.1/38371] INFO  server.GrpcService (ConfUtils.java:logGet(44)) - raft.grpc.flow.control.window = 5MB (=5242880) (custom)
2021-11-29 08:36:26,835 [Listener at 127.0.0.1/38371] INFO  server.RaftServerConfigKeys (ConfUtils.java:logGet(44)) - raft.server.rpc.request.timeout = 60s (custom)
2021-11-29 08:36:26,840 [Listener at 127.0.0.1/38371] INFO  impl.DataStreamServerImpl (ConfUtils.java:logGet(44)) - raft.datastream.type = DISABLED (default)
2021-11-29 08:36:26,840 [Listener at 127.0.0.1/38371] INFO  server.RaftServerConfigKeys (ConfUtils.java:logGet(44)) - raft.server.rpc.slowness.timeout = 300s (custom)
2021-11-29 08:36:26,840 [Listener at 127.0.0.1/38371] INFO  server.RaftServerConfigKeys (ConfUtils.java:logGet(44)) - raft.server.leaderelection.leader.step-down.wait-time = 10s (default)
2021-11-29 08:36:26,840 [Listener at 127.0.0.1/38371] INFO  server.RaftServerConfigKeys (ConfUtils.java:logGet(44)) - raft.server.storage.dir = [/home/runner/work/ozone/ozone/hadoop-ozone/integration-test/target/test-dir/MiniOzoneClusterImpl-c80c5e57-a00d-42e9-a5d1-a1f89d8b0246/datanode-1/data/ratis] (custom)
2021-11-29 08:36:26,844 [Listener at 127.0.0.1/38371] INFO  http.BaseHttpServer (BaseHttpServer.java:newHttpServer2BuilderForOzone(209)) - Starting Web-server for hddsDatanode at: http://0.0.0.0:0
2021-11-29 08:36:26,844 [Listener at 127.0.0.1/38371] INFO  http.BaseHttpServer (BaseHttpServer.java:<init>(107)) - Hadoop Security Enabled: false Ozone Security Enabled: false Ozone HTTP Security Enabled: false 
2021-11-29 08:36:26,847 [Listener at 127.0.0.1/38371] INFO  server.AuthenticationFilter (AuthenticationFilter.java:constructSecretProvider(240)) - Unable to initialize FileSignerSecretProvider, falling back to use random secrets.
2021-11-29 08:36:26,855 [Listener at 127.0.0.1/38371] WARN  http.HttpRequestLog (HttpRequestLog.java:getRequestLog(103)) - Jetty request log can only be enabled using Log4j
2021-11-29 08:36:26,856 [Listener at 127.0.0.1/38371] INFO  http.HttpServer2 (HttpServer2.java:addGlobalFilter(1030)) - Added global filter 'safety' (class=org.apache.hadoop.hdds.server.http.HttpServer2$QuotingInputFilter)
2021-11-29 08:36:26,857 [Listener at 127.0.0.1/38371] INFO  http.HttpServer2 (HttpServer2.java:addFilter(1006)) - Added filter static_user_filter (class=org.apache.hadoop.http.lib.StaticUserWebFilter$StaticUserFilter) to context hddsDatanode
2021-11-29 08:36:26,867 [Listener at 127.0.0.1/38371] INFO  http.HttpServer2 (HttpServer2.java:addFilter(1014)) - Added filter static_user_filter (class=org.apache.hadoop.http.lib.StaticUserWebFilter$StaticUserFilter) to context logs
2021-11-29 08:36:26,867 [Listener at 127.0.0.1/38371] INFO  http.HttpServer2 (HttpServer2.java:addFilter(1014)) - Added filter static_user_filter (class=org.apache.hadoop.http.lib.StaticUserWebFilter$StaticUserFilter) to context static
2021-11-29 08:36:26,867 [Listener at 127.0.0.1/38371] INFO  http.HttpServer2 (HttpServer2.java:bindListener(1249)) - Jetty bound to port 43297
2021-11-29 08:36:26,868 [Listener at 127.0.0.1/38371] INFO  server.Server (Server.java:doStart(375)) - jetty-9.4.43.v20210629; built: 2021-06-30T11:07:22.254Z; git: 526006ecfa3af7f1a27ef3a288e2bef7ea9dd7e8; jvm 1.8.0_292-b10
2021-11-29 08:36:26,875 [Listener at 127.0.0.1/38371] INFO  server.session (DefaultSessionIdManager.java:doStart(334)) - DefaultSessionIdManager workerName=node0
2021-11-29 08:36:26,875 [Listener at 127.0.0.1/38371] INFO  server.session (DefaultSessionIdManager.java:doStart(339)) - No SessionScavenger set, using defaults
2021-11-29 08:36:26,875 [Listener at 127.0.0.1/38371] INFO  server.session (HouseKeeper.java:startScavenging(132)) - node0 Scavenging every 600000ms
2021-11-29 08:36:26,876 [Listener at 127.0.0.1/38371] INFO  handler.ContextHandler (ContextHandler.java:doStart(915)) - Started o.e.j.s.ServletContextHandler@7cd0a0f6{logs,/logs,file:///home/runner/work/ozone/ozone/hadoop-ozone/integration-test/target/log,AVAILABLE}
2021-11-29 08:36:26,877 [Listener at 127.0.0.1/38371] INFO  handler.ContextHandler (ContextHandler.java:doStart(915)) - Started o.e.j.s.ServletContextHandler@3e5c5064{static,/static,jar:file:/home/runner/.m2/repository/org/apache/ozone/hdds-container-service/1.3.0-SNAPSHOT/hdds-container-service-1.3.0-SNAPSHOT.jar!/webapps/static,AVAILABLE}
2021-11-29 08:36:26,889 [om1@group-C5BA1605619E-FollowerState] INFO  impl.FollowerState (FollowerState.java:run(134)) - om1@group-C5BA1605619E-FollowerState: change to CANDIDATE, lastRpcElapsedTime:1021902464ns, electionTimeout:1021ms
2021-11-29 08:36:26,889 [om1@group-C5BA1605619E-FollowerState] INFO  impl.RoleInfo (RoleInfo.java:shutdownFollowerState(108)) - om1: shutdown om1@group-C5BA1605619E-FollowerState
2021-11-29 08:36:26,889 [om1@group-C5BA1605619E-FollowerState] INFO  server.RaftServer$Division (RaftServerImpl.java:setRole(290)) - om1@group-C5BA1605619E: changes role from  FOLLOWER to CANDIDATE at term 0 for changeToCandidate
2021-11-29 08:36:26,890 [om1@group-C5BA1605619E-FollowerState] INFO  server.RaftServerConfigKeys (ConfUtils.java:logGet(44)) - raft.server.leaderelection.pre-vote = false (custom)
2021-11-29 08:36:26,890 [om1@group-C5BA1605619E-FollowerState] INFO  impl.RoleInfo (RoleInfo.java:updateAndGet(130)) - om1: start om1@group-C5BA1605619E-LeaderElection11
2021-11-29 08:36:26,904 [om1@group-C5BA1605619E-LeaderElection11] INFO  impl.LeaderElection (LeaderElection.java:askForVotes(306)) - om1@group-C5BA1605619E-LeaderElection11 ELECTION round 0: submit vote requests at term 1 for -1: [om1|rpc:localhost:35123|priority:0], old=null
2021-11-29 08:36:26,905 [om1@group-C5BA1605619E-LeaderElection11] INFO  impl.LeaderElection (LeaderElection.java:askForVotes(308)) - om1@group-C5BA1605619E-LeaderElection11 ELECTION round 0: result PASSED (term=1)
2021-11-29 08:36:26,905 [om1@group-C5BA1605619E-LeaderElection11] INFO  impl.RoleInfo (RoleInfo.java:shutdownLeaderElection(121)) - om1: shutdown om1@group-C5BA1605619E-LeaderElection11
2021-11-29 08:36:26,905 [om1@group-C5BA1605619E-LeaderElection11] INFO  server.RaftServer$Division (RaftServerImpl.java:setRole(290)) - om1@group-C5BA1605619E: changes role from CANDIDATE to LEADER at term 1 for changeToLeader
2021-11-29 08:36:26,905 [om1@group-C5BA1605619E-LeaderElection11] INFO  server.RaftServer$Division (ServerState.java:setLeader(285)) - om1@group-C5BA1605619E: change Leader from null to om1 at term 1 for becomeLeader, leader elected after 1085ms
2021-11-29 08:36:26,905 [om1@group-C5BA1605619E-LeaderElection11] INFO  server.RaftServerConfigKeys (ConfUtils.java:logGet(44)) - raft.server.staging.catchup.gap = 1000 (default)
2021-11-29 08:36:26,905 [om1@group-C5BA1605619E-LeaderElection11] INFO  server.RaftServerConfigKeys (ConfUtils.java:logGet(44)) - raft.server.write.element-limit = 4096 (default)
2021-11-29 08:36:26,905 [om1@group-C5BA1605619E-LeaderElection11] INFO  server.RaftServerConfigKeys (ConfUtils.java:logGet(44)) - raft.server.write.byte-limit = 64MB (=67108864) (default)
2021-11-29 08:36:26,905 [om1@group-C5BA1605619E-LeaderElection11] INFO  server.RaftServerConfigKeys (ConfUtils.java:logGet(44)) - raft.server.watch.timeout = 10s (default)
2021-11-29 08:36:26,905 [om1@group-C5BA1605619E-LeaderElection11] INFO  server.RaftServerConfigKeys (ConfUtils.java:logGet(44)) - raft.server.watch.timeout.denomination = 1s (default)
2021-11-29 08:36:26,905 [om1@group-C5BA1605619E-LeaderElection11] INFO  server.RaftServerConfigKeys (ConfUtils.java:logGet(44)) - raft.server.watch.element-limit = 65536 (default)
2021-11-29 08:36:26,905 [om1@group-C5BA1605619E-LeaderElection11] INFO  server.RaftServerConfigKeys (ConfUtils.java:logGet(44)) - raft.server.write.element-limit = 4096 (default)
2021-11-29 08:36:26,905 [om1@group-C5BA1605619E-LeaderElection11] INFO  server.RaftServerConfigKeys (ConfUtils.java:logGet(44)) - raft.server.write.follower.gap.ratio.max = -1.0 (default)
2021-11-29 08:36:26,905 [om1@group-C5BA1605619E-LeaderElection11] INFO  impl.RoleInfo (RoleInfo.java:updateAndGet(130)) - om1: start om1@group-C5BA1605619E-LeaderStateImpl
2021-11-29 08:36:26,905 [om1@group-C5BA1605619E-LeaderElection11] INFO  segmented.SegmentedRaftLogWorker (SegmentedRaftLogWorker.java:startLogSegment(394)) - om1@group-C5BA1605619E-SegmentedRaftLogWorker: Starting segment from index:0
2021-11-29 08:36:26,929 [om1@group-C5BA1605619E-LeaderElection11] INFO  server.RaftServer$Division (ServerState.java:setRaftConf(387)) - om1@group-C5BA1605619E: set configuration 0: [om1|rpc:localhost:35123|admin:|client:|dataStream:|priority:0], old=null
2021-11-29 08:36:26,933 [om1@group-C5BA1605619E-SegmentedRaftLogWorker] INFO  segmented.SegmentedRaftLogWorker (SegmentedRaftLogWorker.java:execute(601)) - om1@group-C5BA1605619E-SegmentedRaftLogWorker: created new log segment /home/runner/work/ozone/ozone/hadoop-ozone/integration-test/target/test-dir/MiniOzoneClusterImpl-c80c5e57-a00d-42e9-a5d1-a1f89d8b0246/ozone-meta/ratis/bf265839-605b-3f16-9796-c5ba1605619e/current/log_inprogress_0
2021-11-29 08:36:26,934 [om1@group-C5BA1605619E-StateMachineUpdater] INFO  ratis.OzoneManagerStateMachine (OzoneManagerStateMachine.java:notifyConfigurationChanged(188)) - Received Configuration change notification from Ratis. New Peer list:
[id: "om1"
address: "localhost:35123"
]
2021-11-29 08:36:26,966 [Listener at 127.0.0.1/38371] INFO  handler.ContextHandler (ContextHandler.java:doStart(915)) - Started o.e.j.w.WebAppContext@3f4e3e69{hddsDatanode,/,file:///tmp/jetty-0_0_0_0-43297-hdds-container-service-1_3_0-SNAPSHOT_jar-_-any-7600032141046470052/webapp/,AVAILABLE}{jar:file:/home/runner/.m2/repository/org/apache/ozone/hdds-container-service/1.3.0-SNAPSHOT/hdds-container-service-1.3.0-SNAPSHOT.jar!/webapps/hddsDatanode}
2021-11-29 08:36:26,971 [Listener at 127.0.0.1/38371] INFO  server.AbstractConnector (AbstractConnector.java:doStart(331)) - Started ServerConnector@6a712b5b{HTTP/1.1, (http/1.1)}{0.0.0.0:43297}
2021-11-29 08:36:26,971 [Listener at 127.0.0.1/38371] INFO  server.Server (Server.java:doStart(415)) - Started @21066ms
2021-11-29 08:36:26,972 [Listener at 127.0.0.1/38371] WARN  impl.MetricsSystemImpl (MetricsSystemImpl.java:register(279)) - Sink prometheus already exists!
2021-11-29 08:36:26,973 [Listener at 127.0.0.1/38371] INFO  http.BaseHttpServer (BaseHttpServer.java:updateConnectorAddress(329)) - HTTP server of hddsDatanode listening at http://0.0.0.0:43297
2021-11-29 08:36:26,975 [Listener at 127.0.0.1/38371] WARN  impl.MetricRegistriesImpl (MetricRegistriesImpl.java:addReporterRegistration(111)) - New reporters are added after registries were created. Some metrics will be missing from the reporter. Please add reporter before adding any new registry.
2021-11-29 08:36:26,978 [Listener at 127.0.0.1/38371] WARN  impl.MetricRegistriesImpl (MetricRegistriesImpl.java:addReporterRegistration(111)) - New reporters are added after registries were created. Some metrics will be missing from the reporter. Please add reporter before adding any new registry.
2021-11-29 08:36:26,978 [Listener at 127.0.0.1/38371] INFO  impl.MetricsSystemImpl (MetricsSystemImpl.java:init(158)) - HddsDatanode metrics system started (again)
2021-11-29 08:36:26,990 [Datanode State Machine Daemon Thread] INFO  statemachine.DatanodeStateMachine (DatanodeStateMachine.java:lambda$startDaemon$0(467)) - Ozone container server started.
2021-11-29 08:36:27,000 [Listener at 127.0.0.1/38371] INFO  ozone.HddsDatanodeService (HddsDatanodeService.java:start(234)) - HddsDatanodeService host:fv-az294-535.eaanfquahm5ulb5tj050gcxych.jx.internal.cloudapp.net ip:10.1.0.67
2021-11-29 08:36:27,050 [Listener at 127.0.0.1/38371] INFO  upgrade.AbstractLayoutVersionManager (AbstractLayoutVersionManager.java:init(79)) - Initializing Layout version manager with metadata layout = SCM_HA (version = 2), software layout = SCM_HA (version = 2)
2021-11-29 08:36:27,067 [org.apache.hadoop.util.JvmPauseMonitor$Monitor@739f4b3a] INFO  util.JvmPauseMonitor (JvmPauseMonitor.java:run(188)) - Starting JVM pause monitor
2021-11-29 08:36:27,072 [Datanode State Machine Task Thread - 0] INFO  datanode.InitDatanodeState (InitDatanodeState.java:persistContainerDatanodeDetails(145)) - DatanodeDetails is persisted to /home/runner/work/ozone/ozone/hadoop-ozone/integration-test/target/test-dir/MiniOzoneClusterImpl-c80c5e57-a00d-42e9-a5d1-a1f89d8b0246/datanode-1/meta/datanode.id
2021-11-29 08:36:27,127 [Listener at 127.0.0.1/38371] INFO  reflections.Reflections (Reflections.java:scan(232)) - Reflections took 76 ms to scan 7 urls, producing 119 keys and 279 values 
2021-11-29 08:36:27,128 [Listener at 127.0.0.1/38371] INFO  statemachine.DatanodeStateMachine (DatanodeStateMachine.java:getEndPointTaskThreadPoolSize(219)) - Datanode State Machine Task Thread Pool size 2
2021-11-29 08:36:27,146 [Listener at 127.0.0.1/38371] INFO  volume.HddsVolume (HddsVolume.java:<init>(120)) - Creating HddsVolume: /home/runner/work/ozone/ozone/hadoop-ozone/integration-test/target/test-dir/MiniOzoneClusterImpl-c80c5e57-a00d-42e9-a5d1-a1f89d8b0246/datanode-2/data-0/containers/hdds of storage type : DISK capacity : 9223372036854775807
2021-11-29 08:36:27,147 [Listener at 127.0.0.1/38371] INFO  volume.MutableVolumeSet (MutableVolumeSet.java:initializeVolumeSet(168)) - Added Volume : /home/runner/work/ozone/ozone/hadoop-ozone/integration-test/target/test-dir/MiniOzoneClusterImpl-c80c5e57-a00d-42e9-a5d1-a1f89d8b0246/datanode-2/data-0/containers/hdds to VolumeSet
2021-11-29 08:36:27,147 [Listener at 127.0.0.1/38371] INFO  volume.ThrottledAsyncChecker (ThrottledAsyncChecker.java:schedule(141)) - Scheduling a check for /home/runner/work/ozone/ozone/hadoop-ozone/integration-test/target/test-dir/MiniOzoneClusterImpl-c80c5e57-a00d-42e9-a5d1-a1f89d8b0246/datanode-2/data-0/containers/hdds
2021-11-29 08:36:27,157 [Listener at 127.0.0.1/38371] INFO  volume.StorageVolumeChecker (StorageVolumeChecker.java:checkAllVolumes(202)) - Scheduled health check for volume /home/runner/work/ozone/ozone/hadoop-ozone/integration-test/target/test-dir/MiniOzoneClusterImpl-c80c5e57-a00d-42e9-a5d1-a1f89d8b0246/datanode-2/data-0/containers/hdds
2021-11-29 08:36:27,200 [Listener at 127.0.0.1/38371] INFO  volume.MutableVolumeSet (MutableVolumeSet.java:initializeVolumeSet(168)) - Added Volume : /home/runner/work/ozone/ozone/hadoop-ozone/integration-test/target/test-dir/MiniOzoneClusterImpl-c80c5e57-a00d-42e9-a5d1-a1f89d8b0246/datanode-2/data/ratis to VolumeSet
2021-11-29 08:36:27,201 [Listener at 127.0.0.1/38371] INFO  volume.ThrottledAsyncChecker (ThrottledAsyncChecker.java:schedule(141)) - Scheduling a check for /home/runner/work/ozone/ozone/hadoop-ozone/integration-test/target/test-dir/MiniOzoneClusterImpl-c80c5e57-a00d-42e9-a5d1-a1f89d8b0246/datanode-2/data/ratis
2021-11-29 08:36:27,201 [Listener at 127.0.0.1/38371] INFO  volume.StorageVolumeChecker (StorageVolumeChecker.java:checkAllVolumes(202)) - Scheduled health check for volume /home/runner/work/ozone/ozone/hadoop-ozone/integration-test/target/test-dir/MiniOzoneClusterImpl-c80c5e57-a00d-42e9-a5d1-a1f89d8b0246/datanode-2/data/ratis
2021-11-29 08:36:27,247 [Thread-479] INFO  ozoneimpl.ContainerReader (ContainerReader.java:readVolume(172)) - Finish verifying containers on volume /home/runner/work/ozone/ozone/hadoop-ozone/integration-test/target/test-dir/MiniOzoneClusterImpl-c80c5e57-a00d-42e9-a5d1-a1f89d8b0246/datanode-2/data-0/containers/hdds
2021-11-29 08:36:27,247 [Listener at 127.0.0.1/38371] INFO  ozoneimpl.OzoneContainer (OzoneContainer.java:buildContainerSet(236)) - Build ContainerSet costs 0s
2021-11-29 08:36:27,249 [Listener at 127.0.0.1/38371] INFO  server.RaftServer (ConfUtils.java:logGet(44)) - raft.rpc.type = GRPC (default)
2021-11-29 08:36:27,249 [Listener at 127.0.0.1/38371] INFO  grpc.GrpcFactory (GrpcFactory.java:checkPooledByteBufAllocatorUseCacheForAllThreads(48)) - PERFORMANCE WARNING: useCacheForAllThreads is true that may cause Netty to create a lot garbage objects and, as a result, trigger GC.
	It is recommended to disable useCacheForAllThreads by setting -Dorg.apache.ratis.thirdparty.io.netty.allocator.useCacheForAllThreads=false in command line.
2021-11-29 08:36:27,249 [Listener at 127.0.0.1/38371] INFO  grpc.GrpcConfigKeys (ConfUtils.java:logGet(44)) - raft.grpc.admin.port = 0 (custom)
2021-11-29 08:36:27,250 [Listener at 127.0.0.1/38371] INFO  grpc.GrpcConfigKeys (ConfUtils.java:logGet(44)) - raft.grpc.client.port = 0 (custom)
2021-11-29 08:36:27,250 [Listener at 127.0.0.1/38371] INFO  grpc.GrpcConfigKeys (ConfUtils.java:logGet(44)) - raft.grpc.server.port = 0 (default)
2021-11-29 08:36:27,250 [Listener at 127.0.0.1/38371] INFO  server.GrpcService (ConfUtils.java:logGet(44)) - raft.grpc.message.size.max = 32MB (=33554432) (custom)
2021-11-29 08:36:27,250 [Listener at 127.0.0.1/38371] INFO  server.RaftServerConfigKeys (ConfUtils.java:logGet(44)) - raft.server.log.appender.buffer.byte-limit = 33554432 (custom)
2021-11-29 08:36:27,250 [Listener at 127.0.0.1/38371] INFO  server.GrpcService (ConfUtils.java:logGet(44)) - raft.grpc.flow.control.window = 5MB (=5242880) (custom)
2021-11-29 08:36:27,250 [Listener at 127.0.0.1/38371] INFO  server.RaftServerConfigKeys (ConfUtils.java:logGet(44)) - raft.server.rpc.request.timeout = 60s (custom)
2021-11-29 08:36:27,251 [Listener at 127.0.0.1/38371] INFO  impl.DataStreamServerImpl (ConfUtils.java:logGet(44)) - raft.datastream.type = DISABLED (default)
2021-11-29 08:36:27,251 [Listener at 127.0.0.1/38371] INFO  server.RaftServerConfigKeys (ConfUtils.java:logGet(44)) - raft.server.rpc.slowness.timeout = 300s (custom)
2021-11-29 08:36:27,251 [Listener at 127.0.0.1/38371] INFO  server.RaftServerConfigKeys (ConfUtils.java:logGet(44)) - raft.server.leaderelection.leader.step-down.wait-time = 10s (default)
2021-11-29 08:36:27,251 [Listener at 127.0.0.1/38371] INFO  server.RaftServerConfigKeys (ConfUtils.java:logGet(44)) - raft.server.storage.dir = [/home/runner/work/ozone/ozone/hadoop-ozone/integration-test/target/test-dir/MiniOzoneClusterImpl-c80c5e57-a00d-42e9-a5d1-a1f89d8b0246/datanode-2/data/ratis] (custom)
2021-11-29 08:36:27,254 [Listener at 127.0.0.1/38371] INFO  http.BaseHttpServer (BaseHttpServer.java:newHttpServer2BuilderForOzone(209)) - Starting Web-server for hddsDatanode at: http://0.0.0.0:0
2021-11-29 08:36:27,254 [Listener at 127.0.0.1/38371] INFO  http.BaseHttpServer (BaseHttpServer.java:<init>(107)) - Hadoop Security Enabled: false Ozone Security Enabled: false Ozone HTTP Security Enabled: false 
2021-11-29 08:36:27,255 [Listener at 127.0.0.1/38371] INFO  server.AuthenticationFilter (AuthenticationFilter.java:constructSecretProvider(240)) - Unable to initialize FileSignerSecretProvider, falling back to use random secrets.
2021-11-29 08:36:27,256 [Listener at 127.0.0.1/38371] WARN  http.HttpRequestLog (HttpRequestLog.java:getRequestLog(103)) - Jetty request log can only be enabled using Log4j
2021-11-29 08:36:27,257 [Listener at 127.0.0.1/38371] INFO  http.HttpServer2 (HttpServer2.java:addGlobalFilter(1030)) - Added global filter 'safety' (class=org.apache.hadoop.hdds.server.http.HttpServer2$QuotingInputFilter)
2021-11-29 08:36:27,257 [Listener at 127.0.0.1/38371] INFO  http.HttpServer2 (HttpServer2.java:addFilter(1006)) - Added filter static_user_filter (class=org.apache.hadoop.http.lib.StaticUserWebFilter$StaticUserFilter) to context hddsDatanode
2021-11-29 08:36:27,257 [Listener at 127.0.0.1/38371] INFO  http.HttpServer2 (HttpServer2.java:addFilter(1014)) - Added filter static_user_filter (class=org.apache.hadoop.http.lib.StaticUserWebFilter$StaticUserFilter) to context logs
2021-11-29 08:36:27,257 [Listener at 127.0.0.1/38371] INFO  http.HttpServer2 (HttpServer2.java:addFilter(1014)) - Added filter static_user_filter (class=org.apache.hadoop.http.lib.StaticUserWebFilter$StaticUserFilter) to context static
2021-11-29 08:36:27,258 [Listener at 127.0.0.1/38371] INFO  http.HttpServer2 (HttpServer2.java:bindListener(1249)) - Jetty bound to port 35125
2021-11-29 08:36:27,258 [Listener at 127.0.0.1/38371] INFO  server.Server (Server.java:doStart(375)) - jetty-9.4.43.v20210629; built: 2021-06-30T11:07:22.254Z; git: 526006ecfa3af7f1a27ef3a288e2bef7ea9dd7e8; jvm 1.8.0_292-b10
2021-11-29 08:36:27,261 [Listener at 127.0.0.1/38371] INFO  server.session (DefaultSessionIdManager.java:doStart(334)) - DefaultSessionIdManager workerName=node0
2021-11-29 08:36:27,261 [Listener at 127.0.0.1/38371] INFO  server.session (DefaultSessionIdManager.java:doStart(339)) - No SessionScavenger set, using defaults
2021-11-29 08:36:27,262 [Listener at 127.0.0.1/38371] INFO  server.session (HouseKeeper.java:startScavenging(132)) - node0 Scavenging every 660000ms
2021-11-29 08:36:27,262 [Listener at 127.0.0.1/38371] INFO  handler.ContextHandler (ContextHandler.java:doStart(915)) - Started o.e.j.s.ServletContextHandler@b464a76{logs,/logs,file:///home/runner/work/ozone/ozone/hadoop-ozone/integration-test/target/log,AVAILABLE}
2021-11-29 08:36:27,263 [Listener at 127.0.0.1/38371] INFO  handler.ContextHandler (ContextHandler.java:doStart(915)) - Started o.e.j.s.ServletContextHandler@5870c581{static,/static,jar:file:/home/runner/.m2/repository/org/apache/ozone/hdds-container-service/1.3.0-SNAPSHOT/hdds-container-service-1.3.0-SNAPSHOT.jar!/webapps/static,AVAILABLE}
2021-11-29 08:36:27,315 [ReplicationMonitor] INFO  container.ReplicationManager (ReplicationManager.java:processAll(371)) - Replication Monitor Thread took 0 milliseconds for processing 0 containers.
2021-11-29 08:36:27,334 [Listener at 127.0.0.1/38371] INFO  handler.ContextHandler (ContextHandler.java:doStart(915)) - Started o.e.j.w.WebAppContext@7ebedb3c{hddsDatanode,/,file:///tmp/jetty-0_0_0_0-35125-hdds-container-service-1_3_0-SNAPSHOT_jar-_-any-4796564705498981461/webapp/,AVAILABLE}{jar:file:/home/runner/.m2/repository/org/apache/ozone/hdds-container-service/1.3.0-SNAPSHOT/hdds-container-service-1.3.0-SNAPSHOT.jar!/webapps/hddsDatanode}
2021-11-29 08:36:27,336 [Listener at 127.0.0.1/38371] INFO  server.AbstractConnector (AbstractConnector.java:doStart(331)) - Started ServerConnector@77c08753{HTTP/1.1, (http/1.1)}{0.0.0.0:35125}
2021-11-29 08:36:27,336 [Listener at 127.0.0.1/38371] INFO  server.Server (Server.java:doStart(415)) - Started @21431ms
2021-11-29 08:36:27,336 [Listener at 127.0.0.1/38371] WARN  impl.MetricsSystemImpl (MetricsSystemImpl.java:register(279)) - Sink prometheus already exists!
2021-11-29 08:36:27,337 [Listener at 127.0.0.1/38371] INFO  http.BaseHttpServer (BaseHttpServer.java:updateConnectorAddress(329)) - HTTP server of hddsDatanode listening at http://0.0.0.0:35125
2021-11-29 08:36:27,337 [Datanode State Machine Daemon Thread] INFO  statemachine.DatanodeStateMachine (DatanodeStateMachine.java:lambda$startDaemon$0(467)) - Ozone container server started.
2021-11-29 08:36:27,337 [Listener at 127.0.0.1/38371] WARN  impl.MetricRegistriesImpl (MetricRegistriesImpl.java:addReporterRegistration(111)) - New reporters are added after registries were created. Some metrics will be missing from the reporter. Please add reporter before adding any new registry.
2021-11-29 08:36:27,339 [Listener at 127.0.0.1/38371] WARN  impl.MetricRegistriesImpl (MetricRegistriesImpl.java:addReporterRegistration(111)) - New reporters are added after registries were created. Some metrics will be missing from the reporter. Please add reporter before adding any new registry.
2021-11-29 08:36:27,339 [Listener at 127.0.0.1/38371] INFO  impl.MetricsSystemImpl (MetricsSystemImpl.java:init(158)) - HddsDatanode metrics system started (again)
2021-11-29 08:36:27,345 [org.apache.hadoop.util.JvmPauseMonitor$Monitor@47d95d9] INFO  util.JvmPauseMonitor (JvmPauseMonitor.java:run(188)) - Starting JVM pause monitor
2021-11-29 08:36:27,346 [Datanode State Machine Task Thread - 0] INFO  datanode.InitDatanodeState (InitDatanodeState.java:persistContainerDatanodeDetails(145)) - DatanodeDetails is persisted to /home/runner/work/ozone/ozone/hadoop-ozone/integration-test/target/test-dir/MiniOzoneClusterImpl-c80c5e57-a00d-42e9-a5d1-a1f89d8b0246/datanode-2/meta/datanode.id
2021-11-29 08:36:27,356 [Listener at 127.0.0.1/38371] INFO  ozone.HddsDatanodeService (HddsDatanodeService.java:start(234)) - HddsDatanodeService host:fv-az294-535.eaanfquahm5ulb5tj050gcxych.jx.internal.cloudapp.net ip:10.1.0.67
2021-11-29 08:36:27,380 [Listener at 127.0.0.1/38371] INFO  upgrade.AbstractLayoutVersionManager (AbstractLayoutVersionManager.java:init(79)) - Initializing Layout version manager with metadata layout = SCM_HA (version = 2), software layout = SCM_HA (version = 2)
2021-11-29 08:36:27,417 [Listener at 127.0.0.1/38371] INFO  reflections.Reflections (Reflections.java:scan(232)) - Reflections took 35 ms to scan 7 urls, producing 119 keys and 279 values 
2021-11-29 08:36:27,418 [Listener at 127.0.0.1/38371] INFO  statemachine.DatanodeStateMachine (DatanodeStateMachine.java:getEndPointTaskThreadPoolSize(219)) - Datanode State Machine Task Thread Pool size 2
2021-11-29 08:36:27,420 [Listener at 127.0.0.1/38371] INFO  volume.HddsVolume (HddsVolume.java:<init>(120)) - Creating HddsVolume: /home/runner/work/ozone/ozone/hadoop-ozone/integration-test/target/test-dir/MiniOzoneClusterImpl-c80c5e57-a00d-42e9-a5d1-a1f89d8b0246/datanode-3/data-0/containers/hdds of storage type : DISK capacity : 9223372036854775807
2021-11-29 08:36:27,421 [Listener at 127.0.0.1/38371] INFO  volume.MutableVolumeSet (MutableVolumeSet.java:initializeVolumeSet(168)) - Added Volume : /home/runner/work/ozone/ozone/hadoop-ozone/integration-test/target/test-dir/MiniOzoneClusterImpl-c80c5e57-a00d-42e9-a5d1-a1f89d8b0246/datanode-3/data-0/containers/hdds to VolumeSet
2021-11-29 08:36:27,421 [Listener at 127.0.0.1/38371] INFO  volume.ThrottledAsyncChecker (ThrottledAsyncChecker.java:schedule(141)) - Scheduling a check for /home/runner/work/ozone/ozone/hadoop-ozone/integration-test/target/test-dir/MiniOzoneClusterImpl-c80c5e57-a00d-42e9-a5d1-a1f89d8b0246/datanode-3/data-0/containers/hdds
2021-11-29 08:36:27,425 [Listener at 127.0.0.1/38371] INFO  volume.StorageVolumeChecker (StorageVolumeChecker.java:checkAllVolumes(202)) - Scheduled health check for volume /home/runner/work/ozone/ozone/hadoop-ozone/integration-test/target/test-dir/MiniOzoneClusterImpl-c80c5e57-a00d-42e9-a5d1-a1f89d8b0246/datanode-3/data-0/containers/hdds
2021-11-29 08:36:27,439 [Listener at 127.0.0.1/38371] INFO  volume.MutableVolumeSet (MutableVolumeSet.java:initializeVolumeSet(168)) - Added Volume : /home/runner/work/ozone/ozone/hadoop-ozone/integration-test/target/test-dir/MiniOzoneClusterImpl-c80c5e57-a00d-42e9-a5d1-a1f89d8b0246/datanode-3/data/ratis to VolumeSet
2021-11-29 08:36:27,440 [Listener at 127.0.0.1/38371] INFO  volume.ThrottledAsyncChecker (ThrottledAsyncChecker.java:schedule(141)) - Scheduling a check for /home/runner/work/ozone/ozone/hadoop-ozone/integration-test/target/test-dir/MiniOzoneClusterImpl-c80c5e57-a00d-42e9-a5d1-a1f89d8b0246/datanode-3/data/ratis
2021-11-29 08:36:27,440 [Listener at 127.0.0.1/38371] INFO  volume.StorageVolumeChecker (StorageVolumeChecker.java:checkAllVolumes(202)) - Scheduled health check for volume /home/runner/work/ozone/ozone/hadoop-ozone/integration-test/target/test-dir/MiniOzoneClusterImpl-c80c5e57-a00d-42e9-a5d1-a1f89d8b0246/datanode-3/data/ratis
2021-11-29 08:36:27,457 [Thread-499] INFO  ozoneimpl.ContainerReader (ContainerReader.java:readVolume(172)) - Finish verifying containers on volume /home/runner/work/ozone/ozone/hadoop-ozone/integration-test/target/test-dir/MiniOzoneClusterImpl-c80c5e57-a00d-42e9-a5d1-a1f89d8b0246/datanode-3/data-0/containers/hdds
2021-11-29 08:36:27,457 [Listener at 127.0.0.1/38371] INFO  ozoneimpl.OzoneContainer (OzoneContainer.java:buildContainerSet(236)) - Build ContainerSet costs 0s
2021-11-29 08:36:27,465 [Listener at 127.0.0.1/38371] INFO  server.RaftServer (ConfUtils.java:logGet(44)) - raft.rpc.type = GRPC (default)
2021-11-29 08:36:27,465 [Listener at 127.0.0.1/38371] INFO  grpc.GrpcFactory (GrpcFactory.java:checkPooledByteBufAllocatorUseCacheForAllThreads(48)) - PERFORMANCE WARNING: useCacheForAllThreads is true that may cause Netty to create a lot garbage objects and, as a result, trigger GC.
	It is recommended to disable useCacheForAllThreads by setting -Dorg.apache.ratis.thirdparty.io.netty.allocator.useCacheForAllThreads=false in command line.
2021-11-29 08:36:27,465 [Listener at 127.0.0.1/38371] INFO  grpc.GrpcConfigKeys (ConfUtils.java:logGet(44)) - raft.grpc.admin.port = 0 (custom)
2021-11-29 08:36:27,465 [Listener at 127.0.0.1/38371] INFO  grpc.GrpcConfigKeys (ConfUtils.java:logGet(44)) - raft.grpc.client.port = 0 (custom)
2021-11-29 08:36:27,465 [Listener at 127.0.0.1/38371] INFO  grpc.GrpcConfigKeys (ConfUtils.java:logGet(44)) - raft.grpc.server.port = 0 (default)
2021-11-29 08:36:27,465 [Listener at 127.0.0.1/38371] INFO  server.GrpcService (ConfUtils.java:logGet(44)) - raft.grpc.message.size.max = 32MB (=33554432) (custom)
2021-11-29 08:36:27,465 [Listener at 127.0.0.1/38371] INFO  server.RaftServerConfigKeys (ConfUtils.java:logGet(44)) - raft.server.log.appender.buffer.byte-limit = 33554432 (custom)
2021-11-29 08:36:27,466 [Listener at 127.0.0.1/38371] INFO  server.GrpcService (ConfUtils.java:logGet(44)) - raft.grpc.flow.control.window = 5MB (=5242880) (custom)
2021-11-29 08:36:27,466 [Listener at 127.0.0.1/38371] INFO  server.RaftServerConfigKeys (ConfUtils.java:logGet(44)) - raft.server.rpc.request.timeout = 60s (custom)
2021-11-29 08:36:27,467 [Listener at 127.0.0.1/38371] INFO  impl.DataStreamServerImpl (ConfUtils.java:logGet(44)) - raft.datastream.type = DISABLED (default)
2021-11-29 08:36:27,467 [Listener at 127.0.0.1/38371] INFO  server.RaftServerConfigKeys (ConfUtils.java:logGet(44)) - raft.server.rpc.slowness.timeout = 300s (custom)
2021-11-29 08:36:27,467 [Listener at 127.0.0.1/38371] INFO  server.RaftServerConfigKeys (ConfUtils.java:logGet(44)) - raft.server.leaderelection.leader.step-down.wait-time = 10s (default)
2021-11-29 08:36:27,467 [Listener at 127.0.0.1/38371] INFO  server.RaftServerConfigKeys (ConfUtils.java:logGet(44)) - raft.server.storage.dir = [/home/runner/work/ozone/ozone/hadoop-ozone/integration-test/target/test-dir/MiniOzoneClusterImpl-c80c5e57-a00d-42e9-a5d1-a1f89d8b0246/datanode-3/data/ratis] (custom)
2021-11-29 08:36:27,470 [Listener at 127.0.0.1/38371] INFO  http.BaseHttpServer (BaseHttpServer.java:newHttpServer2BuilderForOzone(209)) - Starting Web-server for hddsDatanode at: http://0.0.0.0:0
2021-11-29 08:36:27,470 [Listener at 127.0.0.1/38371] INFO  http.BaseHttpServer (BaseHttpServer.java:<init>(107)) - Hadoop Security Enabled: false Ozone Security Enabled: false Ozone HTTP Security Enabled: false 
2021-11-29 08:36:27,471 [Listener at 127.0.0.1/38371] INFO  server.AuthenticationFilter (AuthenticationFilter.java:constructSecretProvider(240)) - Unable to initialize FileSignerSecretProvider, falling back to use random secrets.
2021-11-29 08:36:27,473 [Listener at 127.0.0.1/38371] WARN  http.HttpRequestLog (HttpRequestLog.java:getRequestLog(103)) - Jetty request log can only be enabled using Log4j
2021-11-29 08:36:27,474 [Listener at 127.0.0.1/38371] INFO  http.HttpServer2 (HttpServer2.java:addGlobalFilter(1030)) - Added global filter 'safety' (class=org.apache.hadoop.hdds.server.http.HttpServer2$QuotingInputFilter)
2021-11-29 08:36:27,475 [Listener at 127.0.0.1/38371] INFO  http.HttpServer2 (HttpServer2.java:addFilter(1006)) - Added filter static_user_filter (class=org.apache.hadoop.http.lib.StaticUserWebFilter$StaticUserFilter) to context hddsDatanode
2021-11-29 08:36:27,475 [Listener at 127.0.0.1/38371] INFO  http.HttpServer2 (HttpServer2.java:addFilter(1014)) - Added filter static_user_filter (class=org.apache.hadoop.http.lib.StaticUserWebFilter$StaticUserFilter) to context static
2021-11-29 08:36:27,475 [Listener at 127.0.0.1/38371] INFO  http.HttpServer2 (HttpServer2.java:addFilter(1014)) - Added filter static_user_filter (class=org.apache.hadoop.http.lib.StaticUserWebFilter$StaticUserFilter) to context logs
2021-11-29 08:36:27,475 [Listener at 127.0.0.1/38371] INFO  http.HttpServer2 (HttpServer2.java:bindListener(1249)) - Jetty bound to port 42531
2021-11-29 08:36:27,475 [Listener at 127.0.0.1/38371] INFO  server.Server (Server.java:doStart(375)) - jetty-9.4.43.v20210629; built: 2021-06-30T11:07:22.254Z; git: 526006ecfa3af7f1a27ef3a288e2bef7ea9dd7e8; jvm 1.8.0_292-b10
2021-11-29 08:36:27,479 [Listener at 127.0.0.1/38371] INFO  server.session (DefaultSessionIdManager.java:doStart(334)) - DefaultSessionIdManager workerName=node0
2021-11-29 08:36:27,479 [Listener at 127.0.0.1/38371] INFO  server.session (DefaultSessionIdManager.java:doStart(339)) - No SessionScavenger set, using defaults
2021-11-29 08:36:27,479 [Listener at 127.0.0.1/38371] INFO  server.session (HouseKeeper.java:startScavenging(132)) - node0 Scavenging every 600000ms
2021-11-29 08:36:27,479 [Listener at 127.0.0.1/38371] INFO  handler.ContextHandler (ContextHandler.java:doStart(915)) - Started o.e.j.s.ServletContextHandler@4538bed7{logs,/logs,file:///home/runner/work/ozone/ozone/hadoop-ozone/integration-test/target/log,AVAILABLE}
2021-11-29 08:36:27,480 [Listener at 127.0.0.1/38371] INFO  handler.ContextHandler (ContextHandler.java:doStart(915)) - Started o.e.j.s.ServletContextHandler@363ea283{static,/static,jar:file:/home/runner/.m2/repository/org/apache/ozone/hdds-container-service/1.3.0-SNAPSHOT/hdds-container-service-1.3.0-SNAPSHOT.jar!/webapps/static,AVAILABLE}
2021-11-29 08:36:27,519 [Listener at 127.0.0.1/38371] INFO  handler.ContextHandler (ContextHandler.java:doStart(915)) - Started o.e.j.w.WebAppContext@69191181{hddsDatanode,/,file:///tmp/jetty-0_0_0_0-42531-hdds-container-service-1_3_0-SNAPSHOT_jar-_-any-5198234701423338637/webapp/,AVAILABLE}{jar:file:/home/runner/.m2/repository/org/apache/ozone/hdds-container-service/1.3.0-SNAPSHOT/hdds-container-service-1.3.0-SNAPSHOT.jar!/webapps/hddsDatanode}
2021-11-29 08:36:27,521 [Listener at 127.0.0.1/38371] INFO  server.AbstractConnector (AbstractConnector.java:doStart(331)) - Started ServerConnector@4467696e{HTTP/1.1, (http/1.1)}{0.0.0.0:42531}
2021-11-29 08:36:27,521 [Listener at 127.0.0.1/38371] INFO  server.Server (Server.java:doStart(415)) - Started @21616ms
2021-11-29 08:36:27,521 [Listener at 127.0.0.1/38371] WARN  impl.MetricsSystemImpl (MetricsSystemImpl.java:register(279)) - Sink prometheus already exists!
2021-11-29 08:36:27,522 [Listener at 127.0.0.1/38371] INFO  http.BaseHttpServer (BaseHttpServer.java:updateConnectorAddress(329)) - HTTP server of hddsDatanode listening at http://0.0.0.0:42531
2021-11-29 08:36:27,523 [Listener at 127.0.0.1/38371] WARN  impl.MetricRegistriesImpl (MetricRegistriesImpl.java:addReporterRegistration(111)) - New reporters are added after registries were created. Some metrics will be missing from the reporter. Please add reporter before adding any new registry.
2021-11-29 08:36:27,523 [Listener at 127.0.0.1/38371] WARN  impl.MetricRegistriesImpl (MetricRegistriesImpl.java:addReporterRegistration(111)) - New reporters are added after registries were created. Some metrics will be missing from the reporter. Please add reporter before adding any new registry.
2021-11-29 08:36:27,523 [Listener at 127.0.0.1/38371] INFO  impl.MetricsSystemImpl (MetricsSystemImpl.java:init(158)) - HddsDatanode metrics system started (again)
2021-11-29 08:36:27,524 [Datanode State Machine Daemon Thread] INFO  statemachine.DatanodeStateMachine (DatanodeStateMachine.java:lambda$startDaemon$0(467)) - Ozone container server started.
2021-11-29 08:36:27,538 [Listener at 127.0.0.1/38371] INFO  ozone.HddsDatanodeService (HddsDatanodeService.java:start(234)) - HddsDatanodeService host:fv-az294-535.eaanfquahm5ulb5tj050gcxych.jx.internal.cloudapp.net ip:10.1.0.67
2021-11-29 08:36:27,538 [org.apache.hadoop.util.JvmPauseMonitor$Monitor@60a23ab7] INFO  util.JvmPauseMonitor (JvmPauseMonitor.java:run(188)) - Starting JVM pause monitor
2021-11-29 08:36:27,540 [Datanode State Machine Task Thread - 0] INFO  datanode.InitDatanodeState (InitDatanodeState.java:persistContainerDatanodeDetails(145)) - DatanodeDetails is persisted to /home/runner/work/ozone/ozone/hadoop-ozone/integration-test/target/test-dir/MiniOzoneClusterImpl-c80c5e57-a00d-42e9-a5d1-a1f89d8b0246/datanode-3/meta/datanode.id
2021-11-29 08:36:27,553 [Listener at 127.0.0.1/38371] INFO  upgrade.AbstractLayoutVersionManager (AbstractLayoutVersionManager.java:init(79)) - Initializing Layout version manager with metadata layout = SCM_HA (version = 2), software layout = SCM_HA (version = 2)
2021-11-29 08:36:27,589 [Listener at 127.0.0.1/38371] INFO  reflections.Reflections (Reflections.java:scan(232)) - Reflections took 34 ms to scan 7 urls, producing 119 keys and 279 values 
2021-11-29 08:36:27,591 [Listener at 127.0.0.1/38371] INFO  statemachine.DatanodeStateMachine (DatanodeStateMachine.java:getEndPointTaskThreadPoolSize(219)) - Datanode State Machine Task Thread Pool size 2
2021-11-29 08:36:27,597 [Listener at 127.0.0.1/38371] INFO  volume.HddsVolume (HddsVolume.java:<init>(120)) - Creating HddsVolume: /home/runner/work/ozone/ozone/hadoop-ozone/integration-test/target/test-dir/MiniOzoneClusterImpl-c80c5e57-a00d-42e9-a5d1-a1f89d8b0246/datanode-4/data-0/containers/hdds of storage type : DISK capacity : 9223372036854775807
2021-11-29 08:36:27,598 [Listener at 127.0.0.1/38371] INFO  volume.MutableVolumeSet (MutableVolumeSet.java:initializeVolumeSet(168)) - Added Volume : /home/runner/work/ozone/ozone/hadoop-ozone/integration-test/target/test-dir/MiniOzoneClusterImpl-c80c5e57-a00d-42e9-a5d1-a1f89d8b0246/datanode-4/data-0/containers/hdds to VolumeSet
2021-11-29 08:36:27,598 [Listener at 127.0.0.1/38371] INFO  volume.ThrottledAsyncChecker (ThrottledAsyncChecker.java:schedule(141)) - Scheduling a check for /home/runner/work/ozone/ozone/hadoop-ozone/integration-test/target/test-dir/MiniOzoneClusterImpl-c80c5e57-a00d-42e9-a5d1-a1f89d8b0246/datanode-4/data-0/containers/hdds
2021-11-29 08:36:27,598 [Listener at 127.0.0.1/38371] INFO  volume.StorageVolumeChecker (StorageVolumeChecker.java:checkAllVolumes(202)) - Scheduled health check for volume /home/runner/work/ozone/ozone/hadoop-ozone/integration-test/target/test-dir/MiniOzoneClusterImpl-c80c5e57-a00d-42e9-a5d1-a1f89d8b0246/datanode-4/data-0/containers/hdds
2021-11-29 08:36:27,612 [Listener at 127.0.0.1/38371] INFO  volume.MutableVolumeSet (MutableVolumeSet.java:initializeVolumeSet(168)) - Added Volume : /home/runner/work/ozone/ozone/hadoop-ozone/integration-test/target/test-dir/MiniOzoneClusterImpl-c80c5e57-a00d-42e9-a5d1-a1f89d8b0246/datanode-4/data/ratis to VolumeSet
2021-11-29 08:36:27,612 [Listener at 127.0.0.1/38371] INFO  volume.ThrottledAsyncChecker (ThrottledAsyncChecker.java:schedule(141)) - Scheduling a check for /home/runner/work/ozone/ozone/hadoop-ozone/integration-test/target/test-dir/MiniOzoneClusterImpl-c80c5e57-a00d-42e9-a5d1-a1f89d8b0246/datanode-4/data/ratis
2021-11-29 08:36:27,612 [Listener at 127.0.0.1/38371] INFO  volume.StorageVolumeChecker (StorageVolumeChecker.java:checkAllVolumes(202)) - Scheduled health check for volume /home/runner/work/ozone/ozone/hadoop-ozone/integration-test/target/test-dir/MiniOzoneClusterImpl-c80c5e57-a00d-42e9-a5d1-a1f89d8b0246/datanode-4/data/ratis
2021-11-29 08:36:27,625 [Thread-511] INFO  ozoneimpl.ContainerReader (ContainerReader.java:readVolume(172)) - Finish verifying containers on volume /home/runner/work/ozone/ozone/hadoop-ozone/integration-test/target/test-dir/MiniOzoneClusterImpl-c80c5e57-a00d-42e9-a5d1-a1f89d8b0246/datanode-4/data-0/containers/hdds
2021-11-29 08:36:27,625 [Listener at 127.0.0.1/38371] INFO  ozoneimpl.OzoneContainer (OzoneContainer.java:buildContainerSet(236)) - Build ContainerSet costs 0s
2021-11-29 08:36:27,628 [Listener at 127.0.0.1/38371] INFO  server.RaftServer (ConfUtils.java:logGet(44)) - raft.rpc.type = GRPC (default)
2021-11-29 08:36:27,628 [Listener at 127.0.0.1/38371] INFO  grpc.GrpcFactory (GrpcFactory.java:checkPooledByteBufAllocatorUseCacheForAllThreads(48)) - PERFORMANCE WARNING: useCacheForAllThreads is true that may cause Netty to create a lot garbage objects and, as a result, trigger GC.
	It is recommended to disable useCacheForAllThreads by setting -Dorg.apache.ratis.thirdparty.io.netty.allocator.useCacheForAllThreads=false in command line.
2021-11-29 08:36:27,628 [Listener at 127.0.0.1/38371] INFO  grpc.GrpcConfigKeys (ConfUtils.java:logGet(44)) - raft.grpc.admin.port = 0 (custom)
2021-11-29 08:36:27,628 [Listener at 127.0.0.1/38371] INFO  grpc.GrpcConfigKeys (ConfUtils.java:logGet(44)) - raft.grpc.client.port = 0 (custom)
2021-11-29 08:36:27,628 [Listener at 127.0.0.1/38371] INFO  grpc.GrpcConfigKeys (ConfUtils.java:logGet(44)) - raft.grpc.server.port = 0 (default)
2021-11-29 08:36:27,628 [Listener at 127.0.0.1/38371] INFO  server.GrpcService (ConfUtils.java:logGet(44)) - raft.grpc.message.size.max = 32MB (=33554432) (custom)
2021-11-29 08:36:27,628 [Listener at 127.0.0.1/38371] INFO  server.RaftServerConfigKeys (ConfUtils.java:logGet(44)) - raft.server.log.appender.buffer.byte-limit = 33554432 (custom)
2021-11-29 08:36:27,628 [Listener at 127.0.0.1/38371] INFO  server.GrpcService (ConfUtils.java:logGet(44)) - raft.grpc.flow.control.window = 5MB (=5242880) (custom)
2021-11-29 08:36:27,628 [Listener at 127.0.0.1/38371] INFO  server.RaftServerConfigKeys (ConfUtils.java:logGet(44)) - raft.server.rpc.request.timeout = 60s (custom)
2021-11-29 08:36:27,629 [Listener at 127.0.0.1/38371] INFO  impl.DataStreamServerImpl (ConfUtils.java:logGet(44)) - raft.datastream.type = DISABLED (default)
2021-11-29 08:36:27,629 [Listener at 127.0.0.1/38371] INFO  server.RaftServerConfigKeys (ConfUtils.java:logGet(44)) - raft.server.rpc.slowness.timeout = 300s (custom)
2021-11-29 08:36:27,630 [Listener at 127.0.0.1/38371] INFO  server.RaftServerConfigKeys (ConfUtils.java:logGet(44)) - raft.server.leaderelection.leader.step-down.wait-time = 10s (default)
2021-11-29 08:36:27,630 [Listener at 127.0.0.1/38371] INFO  server.RaftServerConfigKeys (ConfUtils.java:logGet(44)) - raft.server.storage.dir = [/home/runner/work/ozone/ozone/hadoop-ozone/integration-test/target/test-dir/MiniOzoneClusterImpl-c80c5e57-a00d-42e9-a5d1-a1f89d8b0246/datanode-4/data/ratis] (custom)
2021-11-29 08:36:27,633 [Listener at 127.0.0.1/38371] INFO  http.BaseHttpServer (BaseHttpServer.java:newHttpServer2BuilderForOzone(209)) - Starting Web-server for hddsDatanode at: http://0.0.0.0:0
2021-11-29 08:36:27,633 [Listener at 127.0.0.1/38371] INFO  http.BaseHttpServer (BaseHttpServer.java:<init>(107)) - Hadoop Security Enabled: false Ozone Security Enabled: false Ozone HTTP Security Enabled: false 
2021-11-29 08:36:27,634 [Listener at 127.0.0.1/38371] INFO  server.AuthenticationFilter (AuthenticationFilter.java:constructSecretProvider(240)) - Unable to initialize FileSignerSecretProvider, falling back to use random secrets.
2021-11-29 08:36:27,634 [Listener at 127.0.0.1/38371] WARN  http.HttpRequestLog (HttpRequestLog.java:getRequestLog(103)) - Jetty request log can only be enabled using Log4j
2021-11-29 08:36:27,635 [Listener at 127.0.0.1/38371] INFO  http.HttpServer2 (HttpServer2.java:addGlobalFilter(1030)) - Added global filter 'safety' (class=org.apache.hadoop.hdds.server.http.HttpServer2$QuotingInputFilter)
2021-11-29 08:36:27,635 [Listener at 127.0.0.1/38371] INFO  http.HttpServer2 (HttpServer2.java:addFilter(1006)) - Added filter static_user_filter (class=org.apache.hadoop.http.lib.StaticUserWebFilter$StaticUserFilter) to context hddsDatanode
2021-11-29 08:36:27,635 [Listener at 127.0.0.1/38371] INFO  http.HttpServer2 (HttpServer2.java:addFilter(1014)) - Added filter static_user_filter (class=org.apache.hadoop.http.lib.StaticUserWebFilter$StaticUserFilter) to context logs
2021-11-29 08:36:27,635 [Listener at 127.0.0.1/38371] INFO  http.HttpServer2 (HttpServer2.java:addFilter(1014)) - Added filter static_user_filter (class=org.apache.hadoop.http.lib.StaticUserWebFilter$StaticUserFilter) to context static
2021-11-29 08:36:27,636 [Listener at 127.0.0.1/38371] INFO  http.HttpServer2 (HttpServer2.java:bindListener(1249)) - Jetty bound to port 40077
2021-11-29 08:36:27,636 [Listener at 127.0.0.1/38371] INFO  server.Server (Server.java:doStart(375)) - jetty-9.4.43.v20210629; built: 2021-06-30T11:07:22.254Z; git: 526006ecfa3af7f1a27ef3a288e2bef7ea9dd7e8; jvm 1.8.0_292-b10
2021-11-29 08:36:27,637 [Listener at 127.0.0.1/38371] INFO  server.session (DefaultSessionIdManager.java:doStart(334)) - DefaultSessionIdManager workerName=node0
2021-11-29 08:36:27,637 [Listener at 127.0.0.1/38371] INFO  server.session (DefaultSessionIdManager.java:doStart(339)) - No SessionScavenger set, using defaults
2021-11-29 08:36:27,637 [Listener at 127.0.0.1/38371] INFO  server.session (HouseKeeper.java:startScavenging(132)) - node0 Scavenging every 600000ms
2021-11-29 08:36:27,638 [Listener at 127.0.0.1/38371] INFO  handler.ContextHandler (ContextHandler.java:doStart(915)) - Started o.e.j.s.ServletContextHandler@206a54d2{logs,/logs,file:///home/runner/work/ozone/ozone/hadoop-ozone/integration-test/target/log,AVAILABLE}
2021-11-29 08:36:27,638 [Listener at 127.0.0.1/38371] INFO  handler.ContextHandler (ContextHandler.java:doStart(915)) - Started o.e.j.s.ServletContextHandler@2f1313ca{static,/static,jar:file:/home/runner/.m2/repository/org/apache/ozone/hdds-container-service/1.3.0-SNAPSHOT/hdds-container-service-1.3.0-SNAPSHOT.jar!/webapps/static,AVAILABLE}
2021-11-29 08:36:27,677 [Listener at 127.0.0.1/38371] INFO  handler.ContextHandler (ContextHandler.java:doStart(915)) - Started o.e.j.w.WebAppContext@3a99cb13{hddsDatanode,/,file:///tmp/jetty-0_0_0_0-40077-hdds-container-service-1_3_0-SNAPSHOT_jar-_-any-1085042092256927618/webapp/,AVAILABLE}{jar:file:/home/runner/.m2/repository/org/apache/ozone/hdds-container-service/1.3.0-SNAPSHOT/hdds-container-service-1.3.0-SNAPSHOT.jar!/webapps/hddsDatanode}
2021-11-29 08:36:27,680 [Listener at 127.0.0.1/38371] INFO  server.AbstractConnector (AbstractConnector.java:doStart(331)) - Started ServerConnector@f22211c{HTTP/1.1, (http/1.1)}{0.0.0.0:40077}
2021-11-29 08:36:27,680 [Listener at 127.0.0.1/38371] INFO  server.Server (Server.java:doStart(415)) - Started @21775ms
2021-11-29 08:36:27,680 [Listener at 127.0.0.1/38371] WARN  impl.MetricsSystemImpl (MetricsSystemImpl.java:register(279)) - Sink prometheus already exists!
2021-11-29 08:36:27,681 [Listener at 127.0.0.1/38371] INFO  http.BaseHttpServer (BaseHttpServer.java:updateConnectorAddress(329)) - HTTP server of hddsDatanode listening at http://0.0.0.0:40077
2021-11-29 08:36:27,682 [Datanode State Machine Daemon Thread] INFO  statemachine.DatanodeStateMachine (DatanodeStateMachine.java:lambda$startDaemon$0(467)) - Ozone container server started.
2021-11-29 08:36:27,682 [Listener at 127.0.0.1/38371] WARN  impl.MetricRegistriesImpl (MetricRegistriesImpl.java:addReporterRegistration(111)) - New reporters are added after registries were created. Some metrics will be missing from the reporter. Please add reporter before adding any new registry.
2021-11-29 08:36:27,684 [Listener at 127.0.0.1/38371] WARN  impl.MetricRegistriesImpl (MetricRegistriesImpl.java:addReporterRegistration(111)) - New reporters are added after registries were created. Some metrics will be missing from the reporter. Please add reporter before adding any new registry.
2021-11-29 08:36:27,684 [Listener at 127.0.0.1/38371] INFO  impl.MetricsSystemImpl (MetricsSystemImpl.java:init(158)) - HddsDatanode metrics system started (again)
2021-11-29 08:36:27,699 [Listener at 127.0.0.1/38371] INFO  ozone.HddsDatanodeService (HddsDatanodeService.java:start(234)) - HddsDatanodeService host:fv-az294-535.eaanfquahm5ulb5tj050gcxych.jx.internal.cloudapp.net ip:10.1.0.67
2021-11-29 08:36:27,705 [org.apache.hadoop.util.JvmPauseMonitor$Monitor@419d1413] INFO  util.JvmPauseMonitor (JvmPauseMonitor.java:run(188)) - Starting JVM pause monitor
2021-11-29 08:36:27,709 [Datanode State Machine Task Thread - 0] INFO  datanode.InitDatanodeState (InitDatanodeState.java:persistContainerDatanodeDetails(145)) - DatanodeDetails is persisted to /home/runner/work/ozone/ozone/hadoop-ozone/integration-test/target/test-dir/MiniOzoneClusterImpl-c80c5e57-a00d-42e9-a5d1-a1f89d8b0246/datanode-4/meta/datanode.id
2021-11-29 08:36:27,716 [Listener at 127.0.0.1/38371] INFO  upgrade.AbstractLayoutVersionManager (AbstractLayoutVersionManager.java:init(79)) - Initializing Layout version manager with metadata layout = SCM_HA (version = 2), software layout = SCM_HA (version = 2)
2021-11-29 08:36:27,751 [Listener at 127.0.0.1/38371] INFO  reflections.Reflections (Reflections.java:scan(232)) - Reflections took 34 ms to scan 7 urls, producing 119 keys and 279 values 
2021-11-29 08:36:27,752 [Listener at 127.0.0.1/38371] INFO  statemachine.DatanodeStateMachine (DatanodeStateMachine.java:getEndPointTaskThreadPoolSize(219)) - Datanode State Machine Task Thread Pool size 2
2021-11-29 08:36:27,758 [Listener at 127.0.0.1/38371] INFO  volume.HddsVolume (HddsVolume.java:<init>(120)) - Creating HddsVolume: /home/runner/work/ozone/ozone/hadoop-ozone/integration-test/target/test-dir/MiniOzoneClusterImpl-c80c5e57-a00d-42e9-a5d1-a1f89d8b0246/datanode-5/data-0/containers/hdds of storage type : DISK capacity : 9223372036854775807
2021-11-29 08:36:27,758 [Listener at 127.0.0.1/38371] INFO  volume.MutableVolumeSet (MutableVolumeSet.java:initializeVolumeSet(168)) - Added Volume : /home/runner/work/ozone/ozone/hadoop-ozone/integration-test/target/test-dir/MiniOzoneClusterImpl-c80c5e57-a00d-42e9-a5d1-a1f89d8b0246/datanode-5/data-0/containers/hdds to VolumeSet
2021-11-29 08:36:27,758 [Listener at 127.0.0.1/38371] INFO  volume.ThrottledAsyncChecker (ThrottledAsyncChecker.java:schedule(141)) - Scheduling a check for /home/runner/work/ozone/ozone/hadoop-ozone/integration-test/target/test-dir/MiniOzoneClusterImpl-c80c5e57-a00d-42e9-a5d1-a1f89d8b0246/datanode-5/data-0/containers/hdds
2021-11-29 08:36:27,760 [Listener at 127.0.0.1/38371] INFO  volume.StorageVolumeChecker (StorageVolumeChecker.java:checkAllVolumes(202)) - Scheduled health check for volume /home/runner/work/ozone/ozone/hadoop-ozone/integration-test/target/test-dir/MiniOzoneClusterImpl-c80c5e57-a00d-42e9-a5d1-a1f89d8b0246/datanode-5/data-0/containers/hdds
2021-11-29 08:36:27,775 [Listener at 127.0.0.1/38371] INFO  volume.MutableVolumeSet (MutableVolumeSet.java:initializeVolumeSet(168)) - Added Volume : /home/runner/work/ozone/ozone/hadoop-ozone/integration-test/target/test-dir/MiniOzoneClusterImpl-c80c5e57-a00d-42e9-a5d1-a1f89d8b0246/datanode-5/data/ratis to VolumeSet
2021-11-29 08:36:27,776 [Listener at 127.0.0.1/38371] INFO  volume.ThrottledAsyncChecker (ThrottledAsyncChecker.java:schedule(141)) - Scheduling a check for /home/runner/work/ozone/ozone/hadoop-ozone/integration-test/target/test-dir/MiniOzoneClusterImpl-c80c5e57-a00d-42e9-a5d1-a1f89d8b0246/datanode-5/data/ratis
2021-11-29 08:36:27,776 [Listener at 127.0.0.1/38371] INFO  volume.StorageVolumeChecker (StorageVolumeChecker.java:checkAllVolumes(202)) - Scheduled health check for volume /home/runner/work/ozone/ozone/hadoop-ozone/integration-test/target/test-dir/MiniOzoneClusterImpl-c80c5e57-a00d-42e9-a5d1-a1f89d8b0246/datanode-5/data/ratis
2021-11-29 08:36:27,790 [Thread-523] INFO  ozoneimpl.ContainerReader (ContainerReader.java:readVolume(172)) - Finish verifying containers on volume /home/runner/work/ozone/ozone/hadoop-ozone/integration-test/target/test-dir/MiniOzoneClusterImpl-c80c5e57-a00d-42e9-a5d1-a1f89d8b0246/datanode-5/data-0/containers/hdds
2021-11-29 08:36:27,790 [Listener at 127.0.0.1/38371] INFO  ozoneimpl.OzoneContainer (OzoneContainer.java:buildContainerSet(236)) - Build ContainerSet costs 0s
2021-11-29 08:36:27,792 [Listener at 127.0.0.1/38371] INFO  server.RaftServer (ConfUtils.java:logGet(44)) - raft.rpc.type = GRPC (default)
2021-11-29 08:36:27,792 [Listener at 127.0.0.1/38371] INFO  grpc.GrpcFactory (GrpcFactory.java:checkPooledByteBufAllocatorUseCacheForAllThreads(48)) - PERFORMANCE WARNING: useCacheForAllThreads is true that may cause Netty to create a lot garbage objects and, as a result, trigger GC.
	It is recommended to disable useCacheForAllThreads by setting -Dorg.apache.ratis.thirdparty.io.netty.allocator.useCacheForAllThreads=false in command line.
2021-11-29 08:36:27,792 [Listener at 127.0.0.1/38371] INFO  grpc.GrpcConfigKeys (ConfUtils.java:logGet(44)) - raft.grpc.admin.port = 0 (custom)
2021-11-29 08:36:27,792 [Listener at 127.0.0.1/38371] INFO  grpc.GrpcConfigKeys (ConfUtils.java:logGet(44)) - raft.grpc.client.port = 0 (custom)
2021-11-29 08:36:27,792 [Listener at 127.0.0.1/38371] INFO  grpc.GrpcConfigKeys (ConfUtils.java:logGet(44)) - raft.grpc.server.port = 0 (default)
2021-11-29 08:36:27,792 [Listener at 127.0.0.1/38371] INFO  server.GrpcService (ConfUtils.java:logGet(44)) - raft.grpc.message.size.max = 32MB (=33554432) (custom)
2021-11-29 08:36:27,793 [Listener at 127.0.0.1/38371] INFO  server.RaftServerConfigKeys (ConfUtils.java:logGet(44)) - raft.server.log.appender.buffer.byte-limit = 33554432 (custom)
2021-11-29 08:36:27,793 [Listener at 127.0.0.1/38371] INFO  server.GrpcService (ConfUtils.java:logGet(44)) - raft.grpc.flow.control.window = 5MB (=5242880) (custom)
2021-11-29 08:36:27,793 [Listener at 127.0.0.1/38371] INFO  server.RaftServerConfigKeys (ConfUtils.java:logGet(44)) - raft.server.rpc.request.timeout = 60s (custom)
2021-11-29 08:36:27,794 [Listener at 127.0.0.1/38371] INFO  impl.DataStreamServerImpl (ConfUtils.java:logGet(44)) - raft.datastream.type = DISABLED (default)
2021-11-29 08:36:27,794 [Listener at 127.0.0.1/38371] INFO  server.RaftServerConfigKeys (ConfUtils.java:logGet(44)) - raft.server.rpc.slowness.timeout = 300s (custom)
2021-11-29 08:36:27,794 [Listener at 127.0.0.1/38371] INFO  server.RaftServerConfigKeys (ConfUtils.java:logGet(44)) - raft.server.leaderelection.leader.step-down.wait-time = 10s (default)
2021-11-29 08:36:27,794 [Listener at 127.0.0.1/38371] INFO  server.RaftServerConfigKeys (ConfUtils.java:logGet(44)) - raft.server.storage.dir = [/home/runner/work/ozone/ozone/hadoop-ozone/integration-test/target/test-dir/MiniOzoneClusterImpl-c80c5e57-a00d-42e9-a5d1-a1f89d8b0246/datanode-5/data/ratis] (custom)
2021-11-29 08:36:27,798 [Listener at 127.0.0.1/38371] INFO  http.BaseHttpServer (BaseHttpServer.java:newHttpServer2BuilderForOzone(209)) - Starting Web-server for hddsDatanode at: http://0.0.0.0:0
2021-11-29 08:36:27,798 [Listener at 127.0.0.1/38371] INFO  http.BaseHttpServer (BaseHttpServer.java:<init>(107)) - Hadoop Security Enabled: false Ozone Security Enabled: false Ozone HTTP Security Enabled: false 
2021-11-29 08:36:27,799 [Listener at 127.0.0.1/38371] INFO  server.AuthenticationFilter (AuthenticationFilter.java:constructSecretProvider(240)) - Unable to initialize FileSignerSecretProvider, falling back to use random secrets.
2021-11-29 08:36:27,800 [Listener at 127.0.0.1/38371] WARN  http.HttpRequestLog (HttpRequestLog.java:getRequestLog(103)) - Jetty request log can only be enabled using Log4j
2021-11-29 08:36:27,801 [Listener at 127.0.0.1/38371] INFO  http.HttpServer2 (HttpServer2.java:addGlobalFilter(1030)) - Added global filter 'safety' (class=org.apache.hadoop.hdds.server.http.HttpServer2$QuotingInputFilter)
2021-11-29 08:36:27,802 [Listener at 127.0.0.1/38371] INFO  http.HttpServer2 (HttpServer2.java:addFilter(1006)) - Added filter static_user_filter (class=org.apache.hadoop.http.lib.StaticUserWebFilter$StaticUserFilter) to context hddsDatanode
2021-11-29 08:36:27,802 [Listener at 127.0.0.1/38371] INFO  http.HttpServer2 (HttpServer2.java:addFilter(1014)) - Added filter static_user_filter (class=org.apache.hadoop.http.lib.StaticUserWebFilter$StaticUserFilter) to context static
2021-11-29 08:36:27,802 [Listener at 127.0.0.1/38371] INFO  http.HttpServer2 (HttpServer2.java:addFilter(1014)) - Added filter static_user_filter (class=org.apache.hadoop.http.lib.StaticUserWebFilter$StaticUserFilter) to context logs
2021-11-29 08:36:27,803 [Listener at 127.0.0.1/38371] INFO  http.HttpServer2 (HttpServer2.java:bindListener(1249)) - Jetty bound to port 40961
2021-11-29 08:36:27,803 [Listener at 127.0.0.1/38371] INFO  server.Server (Server.java:doStart(375)) - jetty-9.4.43.v20210629; built: 2021-06-30T11:07:22.254Z; git: 526006ecfa3af7f1a27ef3a288e2bef7ea9dd7e8; jvm 1.8.0_292-b10
2021-11-29 08:36:27,804 [Listener at 127.0.0.1/38371] INFO  server.session (DefaultSessionIdManager.java:doStart(334)) - DefaultSessionIdManager workerName=node0
2021-11-29 08:36:27,804 [Listener at 127.0.0.1/38371] INFO  server.session (DefaultSessionIdManager.java:doStart(339)) - No SessionScavenger set, using defaults
2021-11-29 08:36:27,804 [Listener at 127.0.0.1/38371] INFO  server.session (HouseKeeper.java:startScavenging(132)) - node0 Scavenging every 660000ms
2021-11-29 08:36:27,805 [Listener at 127.0.0.1/38371] INFO  handler.ContextHandler (ContextHandler.java:doStart(915)) - Started o.e.j.s.ServletContextHandler@38deb246{logs,/logs,file:///home/runner/work/ozone/ozone/hadoop-ozone/integration-test/target/log,AVAILABLE}
2021-11-29 08:36:27,806 [Listener at 127.0.0.1/38371] INFO  handler.ContextHandler (ContextHandler.java:doStart(915)) - Started o.e.j.s.ServletContextHandler@3433b4b4{static,/static,jar:file:/home/runner/.m2/repository/org/apache/ozone/hdds-container-service/1.3.0-SNAPSHOT/hdds-container-service-1.3.0-SNAPSHOT.jar!/webapps/static,AVAILABLE}
2021-11-29 08:36:27,819 [ReplicationMonitor] INFO  container.ReplicationManager (ReplicationManager.java:processAll(371)) - Replication Monitor Thread took 0 milliseconds for processing 3 containers.
2021-11-29 08:36:27,847 [Listener at 127.0.0.1/38371] INFO  handler.ContextHandler (ContextHandler.java:doStart(915)) - Started o.e.j.w.WebAppContext@4ba60c35{hddsDatanode,/,file:///tmp/jetty-0_0_0_0-40961-hdds-container-service-1_3_0-SNAPSHOT_jar-_-any-1256479594373463068/webapp/,AVAILABLE}{jar:file:/home/runner/.m2/repository/org/apache/ozone/hdds-container-service/1.3.0-SNAPSHOT/hdds-container-service-1.3.0-SNAPSHOT.jar!/webapps/hddsDatanode}
2021-11-29 08:36:27,850 [Listener at 127.0.0.1/38371] INFO  server.AbstractConnector (AbstractConnector.java:doStart(331)) - Started ServerConnector@6b62a1f4{HTTP/1.1, (http/1.1)}{0.0.0.0:40961}
2021-11-29 08:36:27,850 [Listener at 127.0.0.1/38371] INFO  server.Server (Server.java:doStart(415)) - Started @21945ms
2021-11-29 08:36:27,850 [Listener at 127.0.0.1/38371] WARN  impl.MetricsSystemImpl (MetricsSystemImpl.java:register(279)) - Sink prometheus already exists!
2021-11-29 08:36:27,851 [Listener at 127.0.0.1/38371] INFO  http.BaseHttpServer (BaseHttpServer.java:updateConnectorAddress(329)) - HTTP server of hddsDatanode listening at http://0.0.0.0:40961
2021-11-29 08:36:27,852 [Datanode State Machine Daemon Thread] INFO  statemachine.DatanodeStateMachine (DatanodeStateMachine.java:lambda$startDaemon$0(467)) - Ozone container server started.
2021-11-29 08:36:27,855 [Listener at 127.0.0.1/38371] INFO  ozone.MiniOzoneClusterImpl (MiniOzoneClusterImpl.java:lambda$waitForClusterToBeReady$0(235)) - Waiting for nodes to be ready. Got 0 of 6 DN Heartbeats.
2021-11-29 08:36:27,855 [Listener at 127.0.0.1/38371] INFO  ozone.MiniOzoneClusterImpl (MiniOzoneClusterImpl.java:lambda$waitForClusterToBeReady$0(238)) - Waiting for cluster to exit safe mode
2021-11-29 08:36:27,855 [Listener at 127.0.0.1/38371] INFO  ozone.MiniOzoneClusterImpl (MiniOzoneClusterImpl.java:lambda$waitForClusterToBeReady$0(240)) - SCM became leader
2021-11-29 08:36:27,856 [org.apache.hadoop.util.JvmPauseMonitor$Monitor@576a376f] INFO  util.JvmPauseMonitor (JvmPauseMonitor.java:run(188)) - Starting JVM pause monitor
2021-11-29 08:36:27,857 [Datanode State Machine Task Thread - 0] INFO  datanode.InitDatanodeState (InitDatanodeState.java:persistContainerDatanodeDetails(145)) - DatanodeDetails is persisted to /home/runner/work/ozone/ozone/hadoop-ozone/integration-test/target/test-dir/MiniOzoneClusterImpl-c80c5e57-a00d-42e9-a5d1-a1f89d8b0246/datanode-5/meta/datanode.id
2021-11-29 08:36:28,315 [ReplicationMonitor] INFO  container.ReplicationManager (ReplicationManager.java:processAll(371)) - Replication Monitor Thread took 0 milliseconds for processing 0 containers.
2021-11-29 08:36:28,577 [EndpointStateMachine task thread for /0.0.0.0:33383 - 0 ] INFO  ozoneimpl.OzoneContainer (OzoneContainer.java:start(304)) - Attempting to start container services.
2021-11-29 08:36:28,578 [EndpointStateMachine task thread for /0.0.0.0:33383 - 0 ] INFO  ozoneimpl.OzoneContainer (OzoneContainer.java:startContainerScrub(249)) - Background container scanner has been disabled.
2021-11-29 08:36:28,578 [EndpointStateMachine task thread for /0.0.0.0:33383 - 0 ] INFO  replication.ReplicationServer (ReplicationServer.java:start(107)) - ReplicationServer is started using port 38675
2021-11-29 08:36:28,579 [EndpointStateMachine task thread for /0.0.0.0:33383 - 0 ] INFO  ratis.XceiverServerRatis (XceiverServerRatis.java:start(484)) - Starting XceiverServerRatis 2d7c5962-3727-4be5-b7f4-804765c93ab8
2021-11-29 08:36:28,581 [EndpointStateMachine task thread for /0.0.0.0:33383 - 0 ] INFO  server.RaftServer (RaftServerProxy.java:lambda$start$5(374)) - 2d7c5962-3727-4be5-b7f4-804765c93ab8: start RPC server
2021-11-29 08:36:28,581 [EndpointStateMachine task thread for /0.0.0.0:33383 - 0 ] INFO  server.GrpcService (GrpcService.java:startImpl(253)) - 2d7c5962-3727-4be5-b7f4-804765c93ab8: GrpcService started, listening on 39881
2021-11-29 08:36:28,582 [EndpointStateMachine task thread for /0.0.0.0:33383 - 0 ] INFO  ratis.XceiverServerRatis (XceiverServerRatis.java:getRealPort(505)) - XceiverServerRatis 2d7c5962-3727-4be5-b7f4-804765c93ab8 is started using port 39881 for RATIS
2021-11-29 08:36:28,582 [EndpointStateMachine task thread for /0.0.0.0:33383 - 0 ] INFO  ratis.XceiverServerRatis (XceiverServerRatis.java:getRealPort(505)) - XceiverServerRatis 2d7c5962-3727-4be5-b7f4-804765c93ab8 is started using port 39881 for RATIS_ADMIN
2021-11-29 08:36:28,582 [EndpointStateMachine task thread for /0.0.0.0:33383 - 0 ] INFO  ratis.XceiverServerRatis (XceiverServerRatis.java:getRealPort(505)) - XceiverServerRatis 2d7c5962-3727-4be5-b7f4-804765c93ab8 is started using port 39881 for RATIS_SERVER
2021-11-29 08:36:28,582 [EndpointStateMachine task thread for /0.0.0.0:33383 - 0 ] INFO  server.XceiverServerGrpc (XceiverServerGrpc.java:start(135)) - XceiverServerGrpc 2d7c5962-3727-4be5-b7f4-804765c93ab8 is started using port 37755
2021-11-29 08:36:28,591 [org.apache.ratis.util.JvmPauseMonitor$$Lambda$536/2115437300@1749725f] INFO  util.JvmPauseMonitor (JvmPauseMonitor.java:run(103)) - JvmPauseMonitor-2d7c5962-3727-4be5-b7f4-804765c93ab8: Started
2021-11-29 08:36:28,822 [ReplicationMonitor] INFO  container.ReplicationManager (ReplicationManager.java:processAll(371)) - Replication Monitor Thread took 3 milliseconds for processing 3 containers.
2021-11-29 08:36:28,856 [Listener at 127.0.0.1/38371] INFO  ozone.MiniOzoneClusterImpl (MiniOzoneClusterImpl.java:lambda$waitForClusterToBeReady$0(235)) - Waiting for nodes to be ready. Got 0 of 6 DN Heartbeats.
2021-11-29 08:36:28,856 [Listener at 127.0.0.1/38371] INFO  ozone.MiniOzoneClusterImpl (MiniOzoneClusterImpl.java:lambda$waitForClusterToBeReady$0(238)) - Waiting for cluster to exit safe mode
2021-11-29 08:36:28,856 [Listener at 127.0.0.1/38371] INFO  ozone.MiniOzoneClusterImpl (MiniOzoneClusterImpl.java:lambda$waitForClusterToBeReady$0(240)) - SCM became leader
2021-11-29 08:36:29,072 [EndpointStateMachine task thread for /0.0.0.0:33383 - 0 ] INFO  ozoneimpl.OzoneContainer (OzoneContainer.java:start(304)) - Attempting to start container services.
2021-11-29 08:36:29,073 [EndpointStateMachine task thread for /0.0.0.0:33383 - 0 ] INFO  ozoneimpl.OzoneContainer (OzoneContainer.java:startContainerScrub(249)) - Background container scanner has been disabled.
2021-11-29 08:36:29,074 [EndpointStateMachine task thread for /0.0.0.0:33383 - 0 ] INFO  replication.ReplicationServer (ReplicationServer.java:start(107)) - ReplicationServer is started using port 36791
2021-11-29 08:36:29,075 [EndpointStateMachine task thread for /0.0.0.0:33383 - 0 ] INFO  ratis.XceiverServerRatis (XceiverServerRatis.java:start(484)) - Starting XceiverServerRatis 64a97b8f-42f6-4daa-ab57-e9e308fe09c3
2021-11-29 08:36:29,076 [EndpointStateMachine task thread for /0.0.0.0:33383 - 0 ] INFO  server.RaftServer (RaftServerProxy.java:lambda$start$5(374)) - 64a97b8f-42f6-4daa-ab57-e9e308fe09c3: start RPC server
2021-11-29 08:36:29,077 [EndpointStateMachine task thread for /0.0.0.0:33383 - 0 ] INFO  server.GrpcService (GrpcService.java:startImpl(253)) - 64a97b8f-42f6-4daa-ab57-e9e308fe09c3: GrpcService started, listening on 37201
2021-11-29 08:36:29,077 [EndpointStateMachine task thread for /0.0.0.0:33383 - 0 ] INFO  ratis.XceiverServerRatis (XceiverServerRatis.java:getRealPort(505)) - XceiverServerRatis 64a97b8f-42f6-4daa-ab57-e9e308fe09c3 is started using port 37201 for RATIS
2021-11-29 08:36:29,077 [EndpointStateMachine task thread for /0.0.0.0:33383 - 0 ] INFO  ratis.XceiverServerRatis (XceiverServerRatis.java:getRealPort(505)) - XceiverServerRatis 64a97b8f-42f6-4daa-ab57-e9e308fe09c3 is started using port 37201 for RATIS_ADMIN
2021-11-29 08:36:29,077 [EndpointStateMachine task thread for /0.0.0.0:33383 - 0 ] INFO  ratis.XceiverServerRatis (XceiverServerRatis.java:getRealPort(505)) - XceiverServerRatis 64a97b8f-42f6-4daa-ab57-e9e308fe09c3 is started using port 37201 for RATIS_SERVER
2021-11-29 08:36:29,078 [org.apache.ratis.util.JvmPauseMonitor$$Lambda$536/2115437300@4bbdff38] INFO  util.JvmPauseMonitor (JvmPauseMonitor.java:run(103)) - JvmPauseMonitor-64a97b8f-42f6-4daa-ab57-e9e308fe09c3: Started
2021-11-29 08:36:29,078 [EndpointStateMachine task thread for /0.0.0.0:33383 - 0 ] INFO  server.XceiverServerGrpc (XceiverServerGrpc.java:start(135)) - XceiverServerGrpc 64a97b8f-42f6-4daa-ab57-e9e308fe09c3 is started using port 43035
2021-11-29 08:36:29,316 [ReplicationMonitor] INFO  container.ReplicationManager (ReplicationManager.java:processAll(371)) - Replication Monitor Thread took 0 milliseconds for processing 0 containers.
2021-11-29 08:36:29,349 [EndpointStateMachine task thread for /0.0.0.0:33383 - 0 ] INFO  ozoneimpl.OzoneContainer (OzoneContainer.java:start(304)) - Attempting to start container services.
2021-11-29 08:36:29,349 [EndpointStateMachine task thread for /0.0.0.0:33383 - 0 ] INFO  ozoneimpl.OzoneContainer (OzoneContainer.java:startContainerScrub(249)) - Background container scanner has been disabled.
2021-11-29 08:36:29,350 [EndpointStateMachine task thread for /0.0.0.0:33383 - 0 ] INFO  replication.ReplicationServer (ReplicationServer.java:start(107)) - ReplicationServer is started using port 46821
2021-11-29 08:36:29,352 [EndpointStateMachine task thread for /0.0.0.0:33383 - 0 ] INFO  ratis.XceiverServerRatis (XceiverServerRatis.java:start(484)) - Starting XceiverServerRatis 3db34769-df59-458e-92ee-af935640fdc6
2021-11-29 08:36:29,354 [EndpointStateMachine task thread for /0.0.0.0:33383 - 0 ] INFO  server.RaftServer (RaftServerProxy.java:lambda$start$5(374)) - 3db34769-df59-458e-92ee-af935640fdc6: start RPC server
2021-11-29 08:36:29,355 [EndpointStateMachine task thread for /0.0.0.0:33383 - 0 ] INFO  server.GrpcService (GrpcService.java:startImpl(253)) - 3db34769-df59-458e-92ee-af935640fdc6: GrpcService started, listening on 41963
2021-11-29 08:36:29,355 [EndpointStateMachine task thread for /0.0.0.0:33383 - 0 ] INFO  ratis.XceiverServerRatis (XceiverServerRatis.java:getRealPort(505)) - XceiverServerRatis 3db34769-df59-458e-92ee-af935640fdc6 is started using port 41963 for RATIS
2021-11-29 08:36:29,355 [EndpointStateMachine task thread for /0.0.0.0:33383 - 0 ] INFO  ratis.XceiverServerRatis (XceiverServerRatis.java:getRealPort(505)) - XceiverServerRatis 3db34769-df59-458e-92ee-af935640fdc6 is started using port 41963 for RATIS_ADMIN
2021-11-29 08:36:29,355 [EndpointStateMachine task thread for /0.0.0.0:33383 - 0 ] INFO  ratis.XceiverServerRatis (XceiverServerRatis.java:getRealPort(505)) - XceiverServerRatis 3db34769-df59-458e-92ee-af935640fdc6 is started using port 41963 for RATIS_SERVER
2021-11-29 08:36:29,355 [org.apache.ratis.util.JvmPauseMonitor$$Lambda$536/2115437300@40509e09] INFO  util.JvmPauseMonitor (JvmPauseMonitor.java:run(103)) - JvmPauseMonitor-3db34769-df59-458e-92ee-af935640fdc6: Started
2021-11-29 08:36:29,355 [EndpointStateMachine task thread for /0.0.0.0:33383 - 0 ] INFO  server.XceiverServerGrpc (XceiverServerGrpc.java:start(135)) - XceiverServerGrpc 3db34769-df59-458e-92ee-af935640fdc6 is started using port 38069
2021-11-29 08:36:29,555 [EndpointStateMachine task thread for /0.0.0.0:33383 - 0 ] INFO  ozoneimpl.OzoneContainer (OzoneContainer.java:start(304)) - Attempting to start container services.
2021-11-29 08:36:29,555 [EndpointStateMachine task thread for /0.0.0.0:33383 - 0 ] INFO  ozoneimpl.OzoneContainer (OzoneContainer.java:startContainerScrub(249)) - Background container scanner has been disabled.
2021-11-29 08:36:29,556 [EndpointStateMachine task thread for /0.0.0.0:33383 - 0 ] INFO  replication.ReplicationServer (ReplicationServer.java:start(107)) - ReplicationServer is started using port 45493
2021-11-29 08:36:29,557 [EndpointStateMachine task thread for /0.0.0.0:33383 - 0 ] INFO  ratis.XceiverServerRatis (XceiverServerRatis.java:start(484)) - Starting XceiverServerRatis a39b17a5-0a4e-46f3-8d78-c7d3a13330a0
2021-11-29 08:36:29,566 [EndpointStateMachine task thread for /0.0.0.0:33383 - 0 ] INFO  server.RaftServer (RaftServerProxy.java:lambda$start$5(374)) - a39b17a5-0a4e-46f3-8d78-c7d3a13330a0: start RPC server
2021-11-29 08:36:29,567 [EndpointStateMachine task thread for /0.0.0.0:33383 - 0 ] INFO  server.GrpcService (GrpcService.java:startImpl(253)) - a39b17a5-0a4e-46f3-8d78-c7d3a13330a0: GrpcService started, listening on 46853
2021-11-29 08:36:29,567 [EndpointStateMachine task thread for /0.0.0.0:33383 - 0 ] INFO  ratis.XceiverServerRatis (XceiverServerRatis.java:getRealPort(505)) - XceiverServerRatis a39b17a5-0a4e-46f3-8d78-c7d3a13330a0 is started using port 46853 for RATIS
2021-11-29 08:36:29,567 [EndpointStateMachine task thread for /0.0.0.0:33383 - 0 ] INFO  ratis.XceiverServerRatis (XceiverServerRatis.java:getRealPort(505)) - XceiverServerRatis a39b17a5-0a4e-46f3-8d78-c7d3a13330a0 is started using port 46853 for RATIS_ADMIN
2021-11-29 08:36:29,567 [EndpointStateMachine task thread for /0.0.0.0:33383 - 0 ] INFO  ratis.XceiverServerRatis (XceiverServerRatis.java:getRealPort(505)) - XceiverServerRatis a39b17a5-0a4e-46f3-8d78-c7d3a13330a0 is started using port 46853 for RATIS_SERVER
2021-11-29 08:36:29,567 [org.apache.ratis.util.JvmPauseMonitor$$Lambda$536/2115437300@8189139] INFO  util.JvmPauseMonitor (JvmPauseMonitor.java:run(103)) - JvmPauseMonitor-a39b17a5-0a4e-46f3-8d78-c7d3a13330a0: Started
2021-11-29 08:36:29,567 [EndpointStateMachine task thread for /0.0.0.0:33383 - 0 ] INFO  server.XceiverServerGrpc (XceiverServerGrpc.java:start(135)) - XceiverServerGrpc a39b17a5-0a4e-46f3-8d78-c7d3a13330a0 is started using port 34281
2021-11-29 08:36:29,711 [EndpointStateMachine task thread for /0.0.0.0:33383 - 0 ] INFO  ozoneimpl.OzoneContainer (OzoneContainer.java:start(304)) - Attempting to start container services.
2021-11-29 08:36:29,712 [EndpointStateMachine task thread for /0.0.0.0:33383 - 0 ] INFO  ozoneimpl.OzoneContainer (OzoneContainer.java:startContainerScrub(249)) - Background container scanner has been disabled.
2021-11-29 08:36:29,712 [EndpointStateMachine task thread for /0.0.0.0:33383 - 0 ] INFO  replication.ReplicationServer (ReplicationServer.java:start(107)) - ReplicationServer is started using port 39541
2021-11-29 08:36:29,717 [EndpointStateMachine task thread for /0.0.0.0:33383 - 0 ] INFO  ratis.XceiverServerRatis (XceiverServerRatis.java:start(484)) - Starting XceiverServerRatis 0a8fcbf3-87bd-491e-9dcd-b94915d21232
2021-11-29 08:36:29,719 [EndpointStateMachine task thread for /0.0.0.0:33383 - 0 ] INFO  server.RaftServer (RaftServerProxy.java:lambda$start$5(374)) - 0a8fcbf3-87bd-491e-9dcd-b94915d21232: start RPC server
2021-11-29 08:36:29,719 [EndpointStateMachine task thread for /0.0.0.0:33383 - 0 ] INFO  server.GrpcService (GrpcService.java:startImpl(253)) - 0a8fcbf3-87bd-491e-9dcd-b94915d21232: GrpcService started, listening on 36319
2021-11-29 08:36:29,720 [EndpointStateMachine task thread for /0.0.0.0:33383 - 0 ] INFO  ratis.XceiverServerRatis (XceiverServerRatis.java:getRealPort(505)) - XceiverServerRatis 0a8fcbf3-87bd-491e-9dcd-b94915d21232 is started using port 36319 for RATIS
2021-11-29 08:36:29,720 [EndpointStateMachine task thread for /0.0.0.0:33383 - 0 ] INFO  ratis.XceiverServerRatis (XceiverServerRatis.java:getRealPort(505)) - XceiverServerRatis 0a8fcbf3-87bd-491e-9dcd-b94915d21232 is started using port 36319 for RATIS_ADMIN
2021-11-29 08:36:29,720 [EndpointStateMachine task thread for /0.0.0.0:33383 - 0 ] INFO  ratis.XceiverServerRatis (XceiverServerRatis.java:getRealPort(505)) - XceiverServerRatis 0a8fcbf3-87bd-491e-9dcd-b94915d21232 is started using port 36319 for RATIS_SERVER
2021-11-29 08:36:29,720 [org.apache.ratis.util.JvmPauseMonitor$$Lambda$536/2115437300@5fdfe07c] INFO  util.JvmPauseMonitor (JvmPauseMonitor.java:run(103)) - JvmPauseMonitor-0a8fcbf3-87bd-491e-9dcd-b94915d21232: Started
2021-11-29 08:36:29,720 [EndpointStateMachine task thread for /0.0.0.0:33383 - 0 ] INFO  server.XceiverServerGrpc (XceiverServerGrpc.java:start(135)) - XceiverServerGrpc 0a8fcbf3-87bd-491e-9dcd-b94915d21232 is started using port 41037
2021-11-29 08:36:29,822 [ReplicationMonitor] INFO  container.ReplicationManager (ReplicationManager.java:processAll(371)) - Replication Monitor Thread took 0 milliseconds for processing 3 containers.
2021-11-29 08:36:29,856 [Listener at 127.0.0.1/38371] INFO  ozone.MiniOzoneClusterImpl (MiniOzoneClusterImpl.java:lambda$waitForClusterToBeReady$0(235)) - Waiting for nodes to be ready. Got 0 of 6 DN Heartbeats.
2021-11-29 08:36:29,856 [Listener at 127.0.0.1/38371] INFO  ozone.MiniOzoneClusterImpl (MiniOzoneClusterImpl.java:lambda$waitForClusterToBeReady$0(238)) - Waiting for cluster to exit safe mode
2021-11-29 08:36:29,856 [Listener at 127.0.0.1/38371] INFO  ozone.MiniOzoneClusterImpl (MiniOzoneClusterImpl.java:lambda$waitForClusterToBeReady$0(240)) - SCM became leader
2021-11-29 08:36:29,878 [EndpointStateMachine task thread for /0.0.0.0:33383 - 0 ] INFO  ozoneimpl.OzoneContainer (OzoneContainer.java:start(304)) - Attempting to start container services.
2021-11-29 08:36:29,883 [EndpointStateMachine task thread for /0.0.0.0:33383 - 0 ] INFO  ozoneimpl.OzoneContainer (OzoneContainer.java:startContainerScrub(249)) - Background container scanner has been disabled.
2021-11-29 08:36:29,884 [EndpointStateMachine task thread for /0.0.0.0:33383 - 0 ] INFO  replication.ReplicationServer (ReplicationServer.java:start(107)) - ReplicationServer is started using port 37071
2021-11-29 08:36:29,886 [EndpointStateMachine task thread for /0.0.0.0:33383 - 0 ] INFO  ratis.XceiverServerRatis (XceiverServerRatis.java:start(484)) - Starting XceiverServerRatis 172a3cc1-7404-4a1c-a641-e7203df0c6a5
2021-11-29 08:36:29,890 [EndpointStateMachine task thread for /0.0.0.0:33383 - 0 ] INFO  server.RaftServer (RaftServerProxy.java:lambda$start$5(374)) - 172a3cc1-7404-4a1c-a641-e7203df0c6a5: start RPC server
2021-11-29 08:36:29,891 [EndpointStateMachine task thread for /0.0.0.0:33383 - 0 ] INFO  server.GrpcService (GrpcService.java:startImpl(253)) - 172a3cc1-7404-4a1c-a641-e7203df0c6a5: GrpcService started, listening on 39097
2021-11-29 08:36:29,891 [EndpointStateMachine task thread for /0.0.0.0:33383 - 0 ] INFO  ratis.XceiverServerRatis (XceiverServerRatis.java:getRealPort(505)) - XceiverServerRatis 172a3cc1-7404-4a1c-a641-e7203df0c6a5 is started using port 39097 for RATIS
2021-11-29 08:36:29,891 [EndpointStateMachine task thread for /0.0.0.0:33383 - 0 ] INFO  ratis.XceiverServerRatis (XceiverServerRatis.java:getRealPort(505)) - XceiverServerRatis 172a3cc1-7404-4a1c-a641-e7203df0c6a5 is started using port 39097 for RATIS_ADMIN
2021-11-29 08:36:29,891 [EndpointStateMachine task thread for /0.0.0.0:33383 - 0 ] INFO  ratis.XceiverServerRatis (XceiverServerRatis.java:getRealPort(505)) - XceiverServerRatis 172a3cc1-7404-4a1c-a641-e7203df0c6a5 is started using port 39097 for RATIS_SERVER
2021-11-29 08:36:29,892 [org.apache.ratis.util.JvmPauseMonitor$$Lambda$536/2115437300@6d836902] INFO  util.JvmPauseMonitor (JvmPauseMonitor.java:run(103)) - JvmPauseMonitor-172a3cc1-7404-4a1c-a641-e7203df0c6a5: Started
2021-11-29 08:36:29,894 [EndpointStateMachine task thread for /0.0.0.0:33383 - 0 ] INFO  server.XceiverServerGrpc (XceiverServerGrpc.java:start(135)) - XceiverServerGrpc 172a3cc1-7404-4a1c-a641-e7203df0c6a5 is started using port 37611
2021-11-29 08:36:30,316 [ReplicationMonitor] INFO  container.ReplicationManager (ReplicationManager.java:processAll(371)) - Replication Monitor Thread took 0 milliseconds for processing 0 containers.
2021-11-29 08:36:30,569 [IPC Server handler 1 on default port 33383] INFO  net.NetworkTopologyImpl (NetworkTopologyImpl.java:add(112)) - Added a new node: /default-rack/2d7c5962-3727-4be5-b7f4-804765c93ab8
2021-11-29 08:36:30,569 [IPC Server handler 1 on default port 33383] INFO  node.SCMNodeManager (SCMNodeManager.java:register(389)) - Registered Data node : 2d7c5962-3727-4be5-b7f4-804765c93ab8{ip: 10.1.0.67, host: fv-az294-535.eaanfquahm5ulb5tj050gcxych.jx.internal.cloudapp.net, ports: [REPLICATION=38675, RATIS=39881, RATIS_ADMIN=39881, RATIS_SERVER=39881, STANDALONE=37755], networkLocation: /default-rack, certSerialId: null, persistedOpState: null, persistedOpStateExpiryEpochSec: 0}
2021-11-29 08:36:30,576 [EventQueue-NodeRegistrationContainerReportForDataNodeSafeModeRule] INFO  safemode.SCMSafeModeManager (DataNodeSafeModeRule.java:process(71)) - SCM in safe mode. 1 DataNodes registered, 3 required.
2021-11-29 08:36:30,576 [EventQueue-NodeRegistrationContainerReportForContainerSafeModeRule] INFO  safemode.SCMSafeModeManager (SCMSafeModeManager.java:validateSafeModeExitRules(204)) - ContainerSafeModeRule rule is successfully validated
2021-11-29 08:36:30,582 [EventQueue-PipelineReportForOneReplicaPipelineSafeModeRule] INFO  safemode.SCMSafeModeManager (SCMSafeModeManager.java:validateSafeModeExitRules(204)) - AtleastOneDatanodeReportedRule rule is successfully validated
2021-11-29 08:36:30,583 [EventQueue-NewNodeForNewNodeHandler] INFO  pipeline.BackgroundPipelineCreator (BackgroundPipelineCreator.java:notifyEventTriggered(285)) - trigger a one-shot run on RatisPipelineUtilsThread.
2021-11-29 08:36:30,583 [RatisPipelineUtilsThread - 0] INFO  pipeline.RatisPipelineProvider (RatisPipelineProvider.java:lambda$create$0(183)) - Sending CreatePipelineCommand for pipeline:PipelineID=abc075a9-bac1-4f39-b303-ffb748ec78cd to datanode:2d7c5962-3727-4be5-b7f4-804765c93ab8
2021-11-29 08:36:30,584 [RatisPipelineUtilsThread - 0] INFO  pipeline.PipelineStateManagerImpl (PipelineStateManagerImpl.java:addPipeline(101)) - Created pipeline Pipeline[ Id: abc075a9-bac1-4f39-b303-ffb748ec78cd, Nodes: 2d7c5962-3727-4be5-b7f4-804765c93ab8{ip: 10.1.0.67, host: fv-az294-535.eaanfquahm5ulb5tj050gcxych.jx.internal.cloudapp.net, ports: [REPLICATION=38675, RATIS=39881, RATIS_ADMIN=39881, RATIS_SERVER=39881, STANDALONE=37755], networkLocation: /default-rack, certSerialId: null, persistedOpState: IN_SERVICE, persistedOpStateExpiryEpochSec: 0}, ReplicationConfig: RATIS/ONE, State:ALLOCATED, leaderId:, CreationTimestamp2021-11-29T08:36:30.583Z[Etc/UTC]].
2021-11-29 08:36:30,823 [ReplicationMonitor] INFO  container.ReplicationManager (ReplicationManager.java:processAll(371)) - Replication Monitor Thread took 0 milliseconds for processing 3 containers.
2021-11-29 08:36:30,900 [Listener at 127.0.0.1/38371] INFO  ozone.MiniOzoneClusterImpl (MiniOzoneClusterImpl.java:lambda$waitForClusterToBeReady$0(235)) - Waiting for nodes to be ready. Got 1 of 6 DN Heartbeats.
2021-11-29 08:36:30,902 [Listener at 127.0.0.1/38371] INFO  ozone.MiniOzoneClusterImpl (MiniOzoneClusterImpl.java:lambda$waitForClusterToBeReady$0(238)) - Waiting for cluster to exit safe mode
2021-11-29 08:36:30,902 [Listener at 127.0.0.1/38371] INFO  ozone.MiniOzoneClusterImpl (MiniOzoneClusterImpl.java:lambda$waitForClusterToBeReady$0(240)) - SCM became leader
2021-11-29 08:36:30,958 [ab751306-1b7d-4a09-8e2d-d0e9ffa10842@group-735FD42A34FF-FollowerState] INFO  impl.FollowerState (FollowerState.java:run(134)) - ab751306-1b7d-4a09-8e2d-d0e9ffa10842@group-735FD42A34FF-FollowerState: change to CANDIDATE, lastRpcElapsedTime:5106436679ns, electionTimeout:5097ms
2021-11-29 08:36:30,958 [ab751306-1b7d-4a09-8e2d-d0e9ffa10842@group-735FD42A34FF-FollowerState] INFO  impl.RoleInfo (RoleInfo.java:shutdownFollowerState(108)) - ab751306-1b7d-4a09-8e2d-d0e9ffa10842: shutdown ab751306-1b7d-4a09-8e2d-d0e9ffa10842@group-735FD42A34FF-FollowerState
2021-11-29 08:36:30,958 [ab751306-1b7d-4a09-8e2d-d0e9ffa10842@group-735FD42A34FF-FollowerState] INFO  server.RaftServer$Division (RaftServerImpl.java:setRole(290)) - ab751306-1b7d-4a09-8e2d-d0e9ffa10842@group-735FD42A34FF: changes role from  FOLLOWER to CANDIDATE at term 1 for changeToCandidate
2021-11-29 08:36:30,958 [ab751306-1b7d-4a09-8e2d-d0e9ffa10842@group-735FD42A34FF-FollowerState] INFO  server.RaftServerConfigKeys (ConfUtils.java:logGet(44)) - raft.server.leaderelection.pre-vote = false (custom)
2021-11-29 08:36:30,958 [ab751306-1b7d-4a09-8e2d-d0e9ffa10842@group-735FD42A34FF-FollowerState] INFO  impl.RoleInfo (RoleInfo.java:updateAndGet(130)) - ab751306-1b7d-4a09-8e2d-d0e9ffa10842: start ab751306-1b7d-4a09-8e2d-d0e9ffa10842@group-735FD42A34FF-LeaderElection12
2021-11-29 08:36:30,965 [ab751306-1b7d-4a09-8e2d-d0e9ffa10842@group-735FD42A34FF-LeaderElection12] INFO  impl.LeaderElection (LeaderElection.java:askForVotes(306)) - ab751306-1b7d-4a09-8e2d-d0e9ffa10842@group-735FD42A34FF-LeaderElection12 ELECTION round 0: submit vote requests at term 2 for -1: [f4a04b10-217f-404d-90c0-0144621113a2|rpc:10.1.0.67:40385|dataStream:|priority:0, ab751306-1b7d-4a09-8e2d-d0e9ffa10842|rpc:10.1.0.67:40499|dataStream:|priority:1, e898274c-95f2-4b2f-8144-1886504886d7|rpc:10.1.0.67:33347|dataStream:|priority:0], old=null
2021-11-29 08:36:30,966 [e898274c-95f2-4b2f-8144-1886504886d7@group-735FD42A34FF-FollowerState] INFO  impl.FollowerState (FollowerState.java:run(134)) - e898274c-95f2-4b2f-8144-1886504886d7@group-735FD42A34FF-FollowerState: change to CANDIDATE, lastRpcElapsedTime:5123924827ns, electionTimeout:5122ms
2021-11-29 08:36:30,966 [e898274c-95f2-4b2f-8144-1886504886d7@group-735FD42A34FF-FollowerState] INFO  impl.RoleInfo (RoleInfo.java:shutdownFollowerState(108)) - e898274c-95f2-4b2f-8144-1886504886d7: shutdown e898274c-95f2-4b2f-8144-1886504886d7@group-735FD42A34FF-FollowerState
2021-11-29 08:36:30,966 [e898274c-95f2-4b2f-8144-1886504886d7@group-735FD42A34FF-FollowerState] INFO  server.RaftServer$Division (RaftServerImpl.java:setRole(290)) - e898274c-95f2-4b2f-8144-1886504886d7@group-735FD42A34FF: changes role from  FOLLOWER to CANDIDATE at term 1 for changeToCandidate
2021-11-29 08:36:30,969 [e898274c-95f2-4b2f-8144-1886504886d7@group-735FD42A34FF-FollowerState] INFO  server.RaftServerConfigKeys (ConfUtils.java:logGet(44)) - raft.server.leaderelection.pre-vote = false (custom)
2021-11-29 08:36:30,969 [e898274c-95f2-4b2f-8144-1886504886d7@group-735FD42A34FF-FollowerState] INFO  impl.RoleInfo (RoleInfo.java:updateAndGet(130)) - e898274c-95f2-4b2f-8144-1886504886d7: start e898274c-95f2-4b2f-8144-1886504886d7@group-735FD42A34FF-LeaderElection13
2021-11-29 08:36:30,986 [grpc-default-executor-2] INFO  server.RaftServer$Division (RaftServerImpl.java:requestVote(1046)) - f4a04b10-217f-404d-90c0-0144621113a2@group-735FD42A34FF: receive requestVote(ELECTION, ab751306-1b7d-4a09-8e2d-d0e9ffa10842, group-735FD42A34FF, 2, (t:0, i:0))
2021-11-29 08:36:30,990 [grpc-default-executor-2] INFO  impl.VoteContext (VoteContext.java:log(48)) - f4a04b10-217f-404d-90c0-0144621113a2@group-735FD42A34FF-FOLLOWER: accept ELECTION from ab751306-1b7d-4a09-8e2d-d0e9ffa10842: our priority 0 <= candidate's priority 1
2021-11-29 08:36:30,990 [grpc-default-executor-2] INFO  server.RaftServer$Division (RaftServerImpl.java:setRole(290)) - f4a04b10-217f-404d-90c0-0144621113a2@group-735FD42A34FF: changes role from  FOLLOWER to FOLLOWER at term 2 for candidate:ab751306-1b7d-4a09-8e2d-d0e9ffa10842
2021-11-29 08:36:30,991 [grpc-default-executor-2] INFO  impl.RoleInfo (RoleInfo.java:shutdownFollowerState(108)) - f4a04b10-217f-404d-90c0-0144621113a2: shutdown f4a04b10-217f-404d-90c0-0144621113a2@group-735FD42A34FF-FollowerState
2021-11-29 08:36:30,991 [grpc-default-executor-2] INFO  impl.RoleInfo (RoleInfo.java:updateAndGet(130)) - f4a04b10-217f-404d-90c0-0144621113a2: start f4a04b10-217f-404d-90c0-0144621113a2@group-735FD42A34FF-FollowerState
2021-11-29 08:36:30,991 [f4a04b10-217f-404d-90c0-0144621113a2@group-735FD42A34FF-FollowerState] INFO  impl.FollowerState (FollowerState.java:run(143)) - f4a04b10-217f-404d-90c0-0144621113a2@group-735FD42A34FF-FollowerState was interrupted: {}
java.lang.InterruptedException: sleep interrupted
	at java.lang.Thread.sleep(Native Method)
	at java.lang.Thread.sleep(Thread.java:340)
	at java.util.concurrent.TimeUnit.sleep(TimeUnit.java:386)
	at org.apache.ratis.util.TimeDuration.sleep(TimeDuration.java:324)
	at org.apache.ratis.util.TimeDuration.sleep(TimeDuration.java:309)
	at org.apache.ratis.server.impl.FollowerState.run(FollowerState.java:118)
2021-11-29 08:36:30,993 [grpc-default-executor-2] INFO  server.RaftServer$Division (RaftServerImpl.java:requestVote(1078)) - f4a04b10-217f-404d-90c0-0144621113a2@group-735FD42A34FF replies to ELECTION vote request: ab751306-1b7d-4a09-8e2d-d0e9ffa10842<-f4a04b10-217f-404d-90c0-0144621113a2#0:OK-t2. Peer's state: f4a04b10-217f-404d-90c0-0144621113a2@group-735FD42A34FF:t2, leader=null, voted=ab751306-1b7d-4a09-8e2d-d0e9ffa10842, raftlog=f4a04b10-217f-404d-90c0-0144621113a2@group-735FD42A34FF-SegmentedRaftLog:OPENED:c-1, conf=-1: [f4a04b10-217f-404d-90c0-0144621113a2|rpc:10.1.0.67:40385|dataStream:|priority:0, ab751306-1b7d-4a09-8e2d-d0e9ffa10842|rpc:10.1.0.67:40499|dataStream:|priority:1, e898274c-95f2-4b2f-8144-1886504886d7|rpc:10.1.0.67:33347|dataStream:|priority:0], old=null
2021-11-29 08:36:30,994 [e898274c-95f2-4b2f-8144-1886504886d7@group-735FD42A34FF-LeaderElection13] INFO  impl.LeaderElection (LeaderElection.java:askForVotes(306)) - e898274c-95f2-4b2f-8144-1886504886d7@group-735FD42A34FF-LeaderElection13 ELECTION round 0: submit vote requests at term 2 for -1: [f4a04b10-217f-404d-90c0-0144621113a2|rpc:10.1.0.67:40385|priority:0, ab751306-1b7d-4a09-8e2d-d0e9ffa10842|rpc:10.1.0.67:40499|priority:1, e898274c-95f2-4b2f-8144-1886504886d7|rpc:10.1.0.67:33347|priority:0], old=null
2021-11-29 08:36:31,011 [grpc-default-executor-2] INFO  server.RaftServer$Division (RaftServerImpl.java:requestVote(1046)) - e898274c-95f2-4b2f-8144-1886504886d7@group-735FD42A34FF: receive requestVote(ELECTION, ab751306-1b7d-4a09-8e2d-d0e9ffa10842, group-735FD42A34FF, 2, (t:0, i:0))
2021-11-29 08:36:31,011 [ab751306-1b7d-4a09-8e2d-d0e9ffa10842@group-735FD42A34FF-LeaderElection12] INFO  impl.LeaderElection (LeaderElection.java:logAndReturn(89)) - ab751306-1b7d-4a09-8e2d-d0e9ffa10842@group-735FD42A34FF-LeaderElection12: ELECTION PASSED received 1 response(s) and 0 exception(s):
2021-11-29 08:36:31,019 [ab751306-1b7d-4a09-8e2d-d0e9ffa10842@group-735FD42A34FF-LeaderElection12] INFO  impl.LeaderElection (LeaderElection.java:logAndReturn(93)) -   Response 0: ab751306-1b7d-4a09-8e2d-d0e9ffa10842<-f4a04b10-217f-404d-90c0-0144621113a2#0:OK-t2
2021-11-29 08:36:31,019 [ab751306-1b7d-4a09-8e2d-d0e9ffa10842@group-735FD42A34FF-LeaderElection12] INFO  impl.LeaderElection (LeaderElection.java:askForVotes(308)) - ab751306-1b7d-4a09-8e2d-d0e9ffa10842@group-735FD42A34FF-LeaderElection12 ELECTION round 0: result PASSED
2021-11-29 08:36:31,019 [ab751306-1b7d-4a09-8e2d-d0e9ffa10842@group-735FD42A34FF-LeaderElection12] INFO  impl.RoleInfo (RoleInfo.java:shutdownLeaderElection(121)) - ab751306-1b7d-4a09-8e2d-d0e9ffa10842: shutdown ab751306-1b7d-4a09-8e2d-d0e9ffa10842@group-735FD42A34FF-LeaderElection12
2021-11-29 08:36:31,019 [ab751306-1b7d-4a09-8e2d-d0e9ffa10842@group-735FD42A34FF-LeaderElection12] INFO  server.RaftServer$Division (RaftServerImpl.java:setRole(290)) - ab751306-1b7d-4a09-8e2d-d0e9ffa10842@group-735FD42A34FF: changes role from CANDIDATE to LEADER at term 2 for changeToLeader
2021-11-29 08:36:31,019 [ab751306-1b7d-4a09-8e2d-d0e9ffa10842@group-735FD42A34FF-LeaderElection12] INFO  ratis.XceiverServerRatis (XceiverServerRatis.java:handleLeaderChangedNotification(866)) - Leader change notification received for group: group-735FD42A34FF with new leaderId: ab751306-1b7d-4a09-8e2d-d0e9ffa10842
2021-11-29 08:36:31,018 [grpc-default-executor-2] INFO  impl.VoteContext (VoteContext.java:log(48)) - e898274c-95f2-4b2f-8144-1886504886d7@group-735FD42A34FF-CANDIDATE: reject ELECTION from ab751306-1b7d-4a09-8e2d-d0e9ffa10842: already has voted for e898274c-95f2-4b2f-8144-1886504886d7 at current term 2
2021-11-29 08:36:31,019 [ab751306-1b7d-4a09-8e2d-d0e9ffa10842@group-735FD42A34FF-LeaderElection12] INFO  server.RaftServer$Division (ServerState.java:setLeader(285)) - ab751306-1b7d-4a09-8e2d-d0e9ffa10842@group-735FD42A34FF: change Leader from null to ab751306-1b7d-4a09-8e2d-d0e9ffa10842 at term 2 for becomeLeader, leader elected after 10225ms
2021-11-29 08:36:31,019 [grpc-default-executor-2] INFO  server.RaftServer$Division (RaftServerImpl.java:requestVote(1078)) - e898274c-95f2-4b2f-8144-1886504886d7@group-735FD42A34FF replies to ELECTION vote request: ab751306-1b7d-4a09-8e2d-d0e9ffa10842<-e898274c-95f2-4b2f-8144-1886504886d7#0:FAIL-t2. Peer's state: e898274c-95f2-4b2f-8144-1886504886d7@group-735FD42A34FF:t2, leader=null, voted=e898274c-95f2-4b2f-8144-1886504886d7, raftlog=e898274c-95f2-4b2f-8144-1886504886d7@group-735FD42A34FF-SegmentedRaftLog:OPENED:c-1, conf=-1: [f4a04b10-217f-404d-90c0-0144621113a2|rpc:10.1.0.67:40385|priority:0, ab751306-1b7d-4a09-8e2d-d0e9ffa10842|rpc:10.1.0.67:40499|priority:1, e898274c-95f2-4b2f-8144-1886504886d7|rpc:10.1.0.67:33347|priority:0], old=null
2021-11-29 08:36:31,019 [grpc-default-executor-1] INFO  server.RaftServer$Division (RaftServerImpl.java:requestVote(1046)) - ab751306-1b7d-4a09-8e2d-d0e9ffa10842@group-735FD42A34FF: receive requestVote(ELECTION, e898274c-95f2-4b2f-8144-1886504886d7, group-735FD42A34FF, 2, (t:0, i:0))
2021-11-29 08:36:31,019 [ab751306-1b7d-4a09-8e2d-d0e9ffa10842@group-735FD42A34FF-LeaderElection12] INFO  server.RaftServerConfigKeys (ConfUtils.java:logGet(44)) - raft.server.staging.catchup.gap = 1000 (default)
2021-11-29 08:36:31,031 [grpc-default-executor-2] INFO  server.RaftServer$Division (RaftServerImpl.java:requestVote(1046)) - f4a04b10-217f-404d-90c0-0144621113a2@group-735FD42A34FF: receive requestVote(ELECTION, e898274c-95f2-4b2f-8144-1886504886d7, group-735FD42A34FF, 2, (t:0, i:0))
2021-11-29 08:36:31,031 [grpc-default-executor-2] INFO  impl.VoteContext (VoteContext.java:log(48)) - f4a04b10-217f-404d-90c0-0144621113a2@group-735FD42A34FF-FOLLOWER: reject ELECTION from e898274c-95f2-4b2f-8144-1886504886d7: already has voted for ab751306-1b7d-4a09-8e2d-d0e9ffa10842 at current term 2
2021-11-29 08:36:31,031 [grpc-default-executor-2] INFO  server.RaftServer$Division (RaftServerImpl.java:requestVote(1078)) - f4a04b10-217f-404d-90c0-0144621113a2@group-735FD42A34FF replies to ELECTION vote request: e898274c-95f2-4b2f-8144-1886504886d7<-f4a04b10-217f-404d-90c0-0144621113a2#0:FAIL-t2. Peer's state: f4a04b10-217f-404d-90c0-0144621113a2@group-735FD42A34FF:t2, leader=null, voted=ab751306-1b7d-4a09-8e2d-d0e9ffa10842, raftlog=f4a04b10-217f-404d-90c0-0144621113a2@group-735FD42A34FF-SegmentedRaftLog:OPENED:c-1, conf=-1: [f4a04b10-217f-404d-90c0-0144621113a2|rpc:10.1.0.67:40385|dataStream:|priority:0, ab751306-1b7d-4a09-8e2d-d0e9ffa10842|rpc:10.1.0.67:40499|dataStream:|priority:1, e898274c-95f2-4b2f-8144-1886504886d7|rpc:10.1.0.67:33347|dataStream:|priority:0], old=null
2021-11-29 08:36:31,031 [ab751306-1b7d-4a09-8e2d-d0e9ffa10842@group-735FD42A34FF-LeaderElection12] INFO  server.RaftServerConfigKeys (ConfUtils.java:logGet(44)) - raft.server.write.element-limit = 1024 (custom)
2021-11-29 08:36:31,031 [ab751306-1b7d-4a09-8e2d-d0e9ffa10842@group-735FD42A34FF-LeaderElection12] INFO  server.RaftServerConfigKeys (ConfUtils.java:logGet(44)) - raft.server.write.byte-limit = 1024 M (=1073741824) (custom)
2021-11-29 08:36:31,025 [EventQueue-PipelineReportForPipelineReportHandler] INFO  pipeline.PipelineManagerImpl (PipelineManagerImpl.java:openPipeline(289)) - Pipeline Pipeline[ Id: 518896b8-3ec9-4215-9592-735fd42a34ff, Nodes: e898274c-95f2-4b2f-8144-1886504886d7{ip: 10.1.0.67, host: fv-az294-535.eaanfquahm5ulb5tj050gcxych.jx.internal.cloudapp.net, ports: [REPLICATION=46707, RATIS=33347, RATIS_ADMIN=33347, RATIS_SERVER=33347, STANDALONE=44593], networkLocation: /default-rack, certSerialId: null, persistedOpState: IN_SERVICE, persistedOpStateExpiryEpochSec: 0}f4a04b10-217f-404d-90c0-0144621113a2{ip: 10.1.0.67, host: fv-az294-535.eaanfquahm5ulb5tj050gcxych.jx.internal.cloudapp.net, ports: [REPLICATION=35525, RATIS=40385, RATIS_ADMIN=40385, RATIS_SERVER=40385, STANDALONE=36291], networkLocation: /default-rack, certSerialId: null, persistedOpState: IN_SERVICE, persistedOpStateExpiryEpochSec: 0}ab751306-1b7d-4a09-8e2d-d0e9ffa10842{ip: 10.1.0.67, host: fv-az294-535.eaanfquahm5ulb5tj050gcxych.jx.internal.cloudapp.net, ports: [REPLICATION=35605, RATIS=40499, RATIS_ADMIN=40499, RATIS_SERVER=40499, STANDALONE=37519], networkLocation: /default-rack, certSerialId: null, persistedOpState: IN_SERVICE, persistedOpStateExpiryEpochSec: 0}, ReplicationConfig: RATIS/THREE, State:ALLOCATED, leaderId:ab751306-1b7d-4a09-8e2d-d0e9ffa10842, CreationTimestamp2021-11-29T08:36:18.093Z[Etc/UTC]] moved to OPEN state
2021-11-29 08:36:31,031 [ab751306-1b7d-4a09-8e2d-d0e9ffa10842@group-735FD42A34FF-LeaderElection12] INFO  server.RaftServerConfigKeys (ConfUtils.java:logGet(44)) - raft.server.watch.timeout = 180s (custom)
2021-11-29 08:36:31,036 [ab751306-1b7d-4a09-8e2d-d0e9ffa10842@group-735FD42A34FF-LeaderElection12] INFO  server.RaftServerConfigKeys (ConfUtils.java:logGet(44)) - raft.server.watch.timeout.denomination = 1s (default)
2021-11-29 08:36:31,036 [ab751306-1b7d-4a09-8e2d-d0e9ffa10842@group-735FD42A34FF-LeaderElection12] INFO  server.RaftServerConfigKeys (ConfUtils.java:logGet(44)) - raft.server.watch.element-limit = 65536 (default)
2021-11-29 08:36:31,036 [ab751306-1b7d-4a09-8e2d-d0e9ffa10842@group-735FD42A34FF-LeaderElection12] INFO  server.RaftServerConfigKeys (ConfUtils.java:logGet(44)) - raft.server.write.element-limit = 1024 (custom)
2021-11-29 08:36:31,036 [ab751306-1b7d-4a09-8e2d-d0e9ffa10842@group-735FD42A34FF-LeaderElection12] INFO  server.RaftServerConfigKeys (ConfUtils.java:logGet(44)) - raft.server.write.follower.gap.ratio.max = -1.0 (default)
2021-11-29 08:36:31,036 [ab751306-1b7d-4a09-8e2d-d0e9ffa10842@group-735FD42A34FF-LeaderElection12] INFO  server.RaftServerConfigKeys (ConfUtils.java:logGet(44)) - raft.server.log.appender.snapshot.chunk.size.max = 16MB (=16777216) (default)
2021-11-29 08:36:31,036 [ab751306-1b7d-4a09-8e2d-d0e9ffa10842@group-735FD42A34FF-LeaderElection12] INFO  server.RaftServerConfigKeys (ConfUtils.java:logGet(44)) - raft.server.log.appender.buffer.byte-limit = 33554432 (custom)
2021-11-29 08:36:31,036 [ab751306-1b7d-4a09-8e2d-d0e9ffa10842@group-735FD42A34FF-LeaderElection12] INFO  server.RaftServerConfigKeys (ConfUtils.java:logGet(44)) - raft.server.log.appender.buffer.element-limit = 1 (custom)
2021-11-29 08:36:31,036 [ab751306-1b7d-4a09-8e2d-d0e9ffa10842@group-735FD42A34FF-LeaderElection12] INFO  grpc.GrpcConfigKeys (ConfUtils.java:logGet(44)) - raft.grpc.server.leader.outstanding.appends.max = 128 (default)
2021-11-29 08:36:31,036 [ab751306-1b7d-4a09-8e2d-d0e9ffa10842@group-735FD42A34FF-LeaderElection12] INFO  server.RaftServerConfigKeys (ConfUtils.java:logGet(44)) - raft.server.rpc.request.timeout = 60s (custom)
2021-11-29 08:36:31,036 [ab751306-1b7d-4a09-8e2d-d0e9ffa10842@group-735FD42A34FF-LeaderElection12] INFO  server.RaftServerConfigKeys (ConfUtils.java:logGet(44)) - raft.server.log.appender.install.snapshot.enabled = false (custom)
2021-11-29 08:36:31,037 [ab751306-1b7d-4a09-8e2d-d0e9ffa10842@group-735FD42A34FF-LeaderElection12] INFO  server.RaftServerConfigKeys (ConfUtils.java:logGet(44)) - raft.server.log.appender.snapshot.chunk.size.max = 16MB (=16777216) (default)
2021-11-29 08:36:31,038 [ab751306-1b7d-4a09-8e2d-d0e9ffa10842@group-735FD42A34FF-LeaderElection12] INFO  server.RaftServerConfigKeys (ConfUtils.java:logGet(44)) - raft.server.log.appender.buffer.byte-limit = 33554432 (custom)
2021-11-29 08:36:31,038 [ab751306-1b7d-4a09-8e2d-d0e9ffa10842@group-735FD42A34FF-LeaderElection12] INFO  server.RaftServerConfigKeys (ConfUtils.java:logGet(44)) - raft.server.log.appender.buffer.element-limit = 1 (custom)
2021-11-29 08:36:31,038 [ab751306-1b7d-4a09-8e2d-d0e9ffa10842@group-735FD42A34FF-LeaderElection12] INFO  grpc.GrpcConfigKeys (ConfUtils.java:logGet(44)) - raft.grpc.server.leader.outstanding.appends.max = 128 (default)
2021-11-29 08:36:31,038 [ab751306-1b7d-4a09-8e2d-d0e9ffa10842@group-735FD42A34FF-LeaderElection12] INFO  server.RaftServerConfigKeys (ConfUtils.java:logGet(44)) - raft.server.rpc.request.timeout = 60s (custom)
2021-11-29 08:36:31,038 [ab751306-1b7d-4a09-8e2d-d0e9ffa10842@group-735FD42A34FF-LeaderElection12] INFO  server.RaftServerConfigKeys (ConfUtils.java:logGet(44)) - raft.server.log.appender.install.snapshot.enabled = false (custom)
2021-11-29 08:36:31,039 [ab751306-1b7d-4a09-8e2d-d0e9ffa10842@group-735FD42A34FF-LeaderElection12] INFO  impl.RoleInfo (RoleInfo.java:updateAndGet(130)) - ab751306-1b7d-4a09-8e2d-d0e9ffa10842: start ab751306-1b7d-4a09-8e2d-d0e9ffa10842@group-735FD42A34FF-LeaderStateImpl
2021-11-29 08:36:31,039 [ab751306-1b7d-4a09-8e2d-d0e9ffa10842@group-735FD42A34FF-LeaderElection12] INFO  segmented.SegmentedRaftLogWorker (SegmentedRaftLogWorker.java:startLogSegment(394)) - ab751306-1b7d-4a09-8e2d-d0e9ffa10842@group-735FD42A34FF-SegmentedRaftLogWorker: Starting segment from index:0
2021-11-29 08:36:31,041 [ab751306-1b7d-4a09-8e2d-d0e9ffa10842@group-735FD42A34FF-SegmentedRaftLogWorker] INFO  segmented.SegmentedRaftLogWorker (SegmentedRaftLogWorker.java:execute(601)) - ab751306-1b7d-4a09-8e2d-d0e9ffa10842@group-735FD42A34FF-SegmentedRaftLogWorker: created new log segment /home/runner/work/ozone/ozone/hadoop-ozone/integration-test/target/test-dir/MiniOzoneClusterImpl-3d114d2a-f85f-45ce-9fd0-840e2dc708c7/datanode-5/data/ratis/518896b8-3ec9-4215-9592-735fd42a34ff/current/log_inprogress_0
2021-11-29 08:36:31,051 [ab751306-1b7d-4a09-8e2d-d0e9ffa10842@group-735FD42A34FF-LeaderElection12] INFO  server.RaftServer$Division (ServerState.java:setRaftConf(387)) - ab751306-1b7d-4a09-8e2d-d0e9ffa10842@group-735FD42A34FF: set configuration 0: [f4a04b10-217f-404d-90c0-0144621113a2|rpc:10.1.0.67:40385|dataStream:|priority:0, ab751306-1b7d-4a09-8e2d-d0e9ffa10842|rpc:10.1.0.67:40499|dataStream:|priority:1, e898274c-95f2-4b2f-8144-1886504886d7|rpc:10.1.0.67:33347|dataStream:|priority:0], old=null
2021-11-29 08:36:31,052 [grpc-default-executor-1] INFO  impl.VoteContext (VoteContext.java:log(48)) - ab751306-1b7d-4a09-8e2d-d0e9ffa10842@group-735FD42A34FF-LEADER: reject ELECTION from e898274c-95f2-4b2f-8144-1886504886d7: already has voted for ab751306-1b7d-4a09-8e2d-d0e9ffa10842 at current term 2
2021-11-29 08:36:31,052 [grpc-default-executor-1] INFO  server.RaftServer$Division (RaftServerImpl.java:requestVote(1078)) - ab751306-1b7d-4a09-8e2d-d0e9ffa10842@group-735FD42A34FF replies to ELECTION vote request: e898274c-95f2-4b2f-8144-1886504886d7<-ab751306-1b7d-4a09-8e2d-d0e9ffa10842#0:FAIL-t2. Peer's state: ab751306-1b7d-4a09-8e2d-d0e9ffa10842@group-735FD42A34FF:t2, leader=ab751306-1b7d-4a09-8e2d-d0e9ffa10842, voted=ab751306-1b7d-4a09-8e2d-d0e9ffa10842, raftlog=ab751306-1b7d-4a09-8e2d-d0e9ffa10842@group-735FD42A34FF-SegmentedRaftLog:OPENED:c-1, conf=0: [f4a04b10-217f-404d-90c0-0144621113a2|rpc:10.1.0.67:40385|dataStream:|priority:0, ab751306-1b7d-4a09-8e2d-d0e9ffa10842|rpc:10.1.0.67:40499|dataStream:|priority:1, e898274c-95f2-4b2f-8144-1886504886d7|rpc:10.1.0.67:33347|dataStream:|priority:0], old=null
2021-11-29 08:36:31,056 [e898274c-95f2-4b2f-8144-1886504886d7@group-735FD42A34FF-LeaderElection13] INFO  impl.LeaderElection (LeaderElection.java:logAndReturn(89)) - e898274c-95f2-4b2f-8144-1886504886d7@group-735FD42A34FF-LeaderElection13: ELECTION REJECTED received 2 response(s) and 0 exception(s):
2021-11-29 08:36:31,056 [e898274c-95f2-4b2f-8144-1886504886d7@group-735FD42A34FF-LeaderElection13] INFO  impl.LeaderElection (LeaderElection.java:logAndReturn(93)) -   Response 0: e898274c-95f2-4b2f-8144-1886504886d7<-f4a04b10-217f-404d-90c0-0144621113a2#0:FAIL-t2
2021-11-29 08:36:31,056 [e898274c-95f2-4b2f-8144-1886504886d7@group-735FD42A34FF-LeaderElection13] INFO  impl.LeaderElection (LeaderElection.java:logAndReturn(93)) -   Response 1: e898274c-95f2-4b2f-8144-1886504886d7<-ab751306-1b7d-4a09-8e2d-d0e9ffa10842#0:FAIL-t2
2021-11-29 08:36:31,056 [e898274c-95f2-4b2f-8144-1886504886d7@group-735FD42A34FF-LeaderElection13] INFO  impl.LeaderElection (LeaderElection.java:askForVotes(308)) - e898274c-95f2-4b2f-8144-1886504886d7@group-735FD42A34FF-LeaderElection13 ELECTION round 0: result REJECTED
2021-11-29 08:36:31,056 [e898274c-95f2-4b2f-8144-1886504886d7@group-735FD42A34FF-LeaderElection13] INFO  server.RaftServer$Division (RaftServerImpl.java:setRole(290)) - e898274c-95f2-4b2f-8144-1886504886d7@group-735FD42A34FF: changes role from CANDIDATE to FOLLOWER at term 2 for REJECTED
2021-11-29 08:36:31,056 [e898274c-95f2-4b2f-8144-1886504886d7@group-735FD42A34FF-LeaderElection13] INFO  impl.RoleInfo (RoleInfo.java:shutdownLeaderElection(121)) - e898274c-95f2-4b2f-8144-1886504886d7: shutdown e898274c-95f2-4b2f-8144-1886504886d7@group-735FD42A34FF-LeaderElection13
2021-11-29 08:36:31,056 [e898274c-95f2-4b2f-8144-1886504886d7@group-735FD42A34FF-LeaderElection13] INFO  impl.RoleInfo (RoleInfo.java:updateAndGet(130)) - e898274c-95f2-4b2f-8144-1886504886d7: start e898274c-95f2-4b2f-8144-1886504886d7@group-735FD42A34FF-FollowerState
2021-11-29 08:36:31,066 [grpc-default-executor-1] INFO  ratis.XceiverServerRatis (XceiverServerRatis.java:handleLeaderChangedNotification(866)) - Leader change notification received for group: group-735FD42A34FF with new leaderId: ab751306-1b7d-4a09-8e2d-d0e9ffa10842
2021-11-29 08:36:31,071 [grpc-default-executor-1] INFO  server.RaftServer$Division (ServerState.java:setLeader(285)) - e898274c-95f2-4b2f-8144-1886504886d7@group-735FD42A34FF: change Leader from null to ab751306-1b7d-4a09-8e2d-d0e9ffa10842 at term 2 for appendEntries, leader elected after 10374ms
2021-11-29 08:36:31,069 [IPC Server handler 3 on default port 33383] INFO  net.NetworkTopologyImpl (NetworkTopologyImpl.java:add(112)) - Added a new node: /default-rack/64a97b8f-42f6-4daa-ab57-e9e308fe09c3
2021-11-29 08:36:31,071 [IPC Server handler 3 on default port 33383] INFO  node.SCMNodeManager (SCMNodeManager.java:register(389)) - Registered Data node : 64a97b8f-42f6-4daa-ab57-e9e308fe09c3{ip: 10.1.0.67, host: fv-az294-535.eaanfquahm5ulb5tj050gcxych.jx.internal.cloudapp.net, ports: [REPLICATION=36791, RATIS=37201, RATIS_ADMIN=37201, RATIS_SERVER=37201, STANDALONE=43035], networkLocation: /default-rack, certSerialId: null, persistedOpState: null, persistedOpStateExpiryEpochSec: 0}
2021-11-29 08:36:31,066 [grpc-default-executor-0] INFO  ratis.XceiverServerRatis (XceiverServerRatis.java:handleLeaderChangedNotification(866)) - Leader change notification received for group: group-735FD42A34FF with new leaderId: ab751306-1b7d-4a09-8e2d-d0e9ffa10842
2021-11-29 08:36:31,071 [grpc-default-executor-0] INFO  server.RaftServer$Division (ServerState.java:setLeader(285)) - f4a04b10-217f-404d-90c0-0144621113a2@group-735FD42A34FF: change Leader from null to ab751306-1b7d-4a09-8e2d-d0e9ffa10842 at term 2 for appendEntries, leader elected after 10329ms
2021-11-29 08:36:31,076 [grpc-default-executor-1] INFO  server.RaftServer$Division (ServerState.java:setRaftConf(387)) - e898274c-95f2-4b2f-8144-1886504886d7@group-735FD42A34FF: set configuration 0: [f4a04b10-217f-404d-90c0-0144621113a2|rpc:10.1.0.67:40385|dataStream:|priority:0, ab751306-1b7d-4a09-8e2d-d0e9ffa10842|rpc:10.1.0.67:40499|dataStream:|priority:1, e898274c-95f2-4b2f-8144-1886504886d7|rpc:10.1.0.67:33347|dataStream:|priority:0], old=null
2021-11-29 08:36:31,077 [grpc-default-executor-1] INFO  segmented.SegmentedRaftLogWorker (SegmentedRaftLogWorker.java:startLogSegment(394)) - e898274c-95f2-4b2f-8144-1886504886d7@group-735FD42A34FF-SegmentedRaftLogWorker: Starting segment from index:0
2021-11-29 08:36:31,078 [e898274c-95f2-4b2f-8144-1886504886d7@group-735FD42A34FF-SegmentedRaftLogWorker] INFO  segmented.SegmentedRaftLogWorker (SegmentedRaftLogWorker.java:execute(601)) - e898274c-95f2-4b2f-8144-1886504886d7@group-735FD42A34FF-SegmentedRaftLogWorker: created new log segment /home/runner/work/ozone/ozone/hadoop-ozone/integration-test/target/test-dir/MiniOzoneClusterImpl-3d114d2a-f85f-45ce-9fd0-840e2dc708c7/datanode-3/data/ratis/518896b8-3ec9-4215-9592-735fd42a34ff/current/log_inprogress_0
2021-11-29 08:36:31,089 [EventQueue-NewNodeForNewNodeHandler] INFO  pipeline.BackgroundPipelineCreator (BackgroundPipelineCreator.java:notifyEventTriggered(285)) - trigger a one-shot run on RatisPipelineUtilsThread.
2021-11-29 08:36:31,089 [RatisPipelineUtilsThread - 0] INFO  pipeline.RatisPipelineProvider (RatisPipelineProvider.java:lambda$create$0(183)) - Sending CreatePipelineCommand for pipeline:PipelineID=80186afd-52c7-4a9a-9bf4-171e18deca2f to datanode:64a97b8f-42f6-4daa-ab57-e9e308fe09c3
2021-11-29 08:36:31,094 [grpc-default-executor-0] INFO  server.RaftServer$Division (ServerState.java:setRaftConf(387)) - f4a04b10-217f-404d-90c0-0144621113a2@group-735FD42A34FF: set configuration 0: [f4a04b10-217f-404d-90c0-0144621113a2|rpc:10.1.0.67:40385|dataStream:|priority:0, ab751306-1b7d-4a09-8e2d-d0e9ffa10842|rpc:10.1.0.67:40499|dataStream:|priority:1, e898274c-95f2-4b2f-8144-1886504886d7|rpc:10.1.0.67:33347|dataStream:|priority:0], old=null
2021-11-29 08:36:31,094 [grpc-default-executor-0] INFO  segmented.SegmentedRaftLogWorker (SegmentedRaftLogWorker.java:startLogSegment(394)) - f4a04b10-217f-404d-90c0-0144621113a2@group-735FD42A34FF-SegmentedRaftLogWorker: Starting segment from index:0
2021-11-29 08:36:31,095 [f4a04b10-217f-404d-90c0-0144621113a2@group-735FD42A34FF-SegmentedRaftLogWorker] INFO  segmented.SegmentedRaftLogWorker (SegmentedRaftLogWorker.java:execute(601)) - f4a04b10-217f-404d-90c0-0144621113a2@group-735FD42A34FF-SegmentedRaftLogWorker: created new log segment /home/runner/work/ozone/ozone/hadoop-ozone/integration-test/target/test-dir/MiniOzoneClusterImpl-3d114d2a-f85f-45ce-9fd0-840e2dc708c7/datanode-4/data/ratis/518896b8-3ec9-4215-9592-735fd42a34ff/current/log_inprogress_0
2021-11-29 08:36:31,098 [EventQueue-NodeRegistrationContainerReportForDataNodeSafeModeRule] INFO  safemode.SCMSafeModeManager (DataNodeSafeModeRule.java:process(71)) - SCM in safe mode. 2 DataNodes registered, 3 required.
2021-11-29 08:36:31,099 [RatisPipelineUtilsThread - 0] INFO  pipeline.PipelineStateManagerImpl (PipelineStateManagerImpl.java:addPipeline(101)) - Created pipeline Pipeline[ Id: 80186afd-52c7-4a9a-9bf4-171e18deca2f, Nodes: 64a97b8f-42f6-4daa-ab57-e9e308fe09c3{ip: 10.1.0.67, host: fv-az294-535.eaanfquahm5ulb5tj050gcxych.jx.internal.cloudapp.net, ports: [REPLICATION=36791, RATIS=37201, RATIS_ADMIN=37201, RATIS_SERVER=37201, STANDALONE=43035], networkLocation: /default-rack, certSerialId: null, persistedOpState: IN_SERVICE, persistedOpStateExpiryEpochSec: 0}, ReplicationConfig: RATIS/ONE, State:ALLOCATED, leaderId:, CreationTimestamp2021-11-29T08:36:31.089Z[Etc/UTC]].
2021-11-29 08:36:31,148 [IPC Server handler 0 on default port 37271] INFO  node.NodeDecommissionManager (NodeDecommissionManager.java:startDecommission(272)) - Starting Decommission for node f37cff1b-38c0-4a70-af4a-cd1c41c703b6{ip: 10.1.0.67, host: fv-az294-535.eaanfquahm5ulb5tj050gcxych.jx.internal.cloudapp.net, ports: [REPLICATION=37085, RATIS=40907, RATIS_ADMIN=40907, RATIS_SERVER=40907, STANDALONE=46669], networkLocation: /default-rack, certSerialId: null, persistedOpState: IN_SERVICE, persistedOpStateExpiryEpochSec: 0}
2021-11-29 08:36:31,150 [EventQueue-HealthyReadonlyToHealthyNodeForReadOnlyHealthyToHealthyNodeHandler] INFO  node.ReadOnlyHealthyToHealthyNodeHandler (ReadOnlyHealthyToHealthyNodeHandler.java:onMessage(51)) - Datanode f37cff1b-38c0-4a70-af4a-cd1c41c703b6{ip: 10.1.0.67, host: fv-az294-535.eaanfquahm5ulb5tj050gcxych.jx.internal.cloudapp.net, ports: [REPLICATION=37085, RATIS=40907, RATIS_ADMIN=40907, RATIS_SERVER=40907, STANDALONE=46669], networkLocation: /default-rack, certSerialId: null, persistedOpState: IN_SERVICE, persistedOpStateExpiryEpochSec: 0} moved to HEALTHY state.
2021-11-29 08:36:31,153 [EventQueue-HealthyReadonlyToHealthyNodeForReadOnlyHealthyToHealthyNodeHandler] INFO  pipeline.BackgroundPipelineCreator (BackgroundPipelineCreator.java:notifyEventTriggered(285)) - trigger a one-shot run on RatisPipelineUtilsThread.
2021-11-29 08:36:31,270 [IPC Server handler 10 on default port 37365] INFO  node.SCMNodeManager (SCMNodeManager.java:updateDatanodeOpState(483)) - Scheduling a command to update the operationalState persisted on f37cff1b-38c0-4a70-af4a-cd1c41c703b6{ip: 10.1.0.67, host: fv-az294-535.eaanfquahm5ulb5tj050gcxych.jx.internal.cloudapp.net, ports: [REPLICATION=37085, RATIS=40907, RATIS_ADMIN=40907, RATIS_SERVER=40907, STANDALONE=46669], networkLocation: /default-rack, certSerialId: null, persistedOpState: null, persistedOpStateExpiryEpochSec: 0} as the reported value does not match the value stored in SCM (DECOMMISSIONING, 0)
2021-11-29 08:36:31,317 [ReplicationMonitor] INFO  container.ReplicationManager (ReplicationManager.java:processAll(371)) - Replication Monitor Thread took 0 milliseconds for processing 0 containers.
2021-11-29 08:36:31,347 [IPC Server handler 7 on default port 33383] INFO  net.NetworkTopologyImpl (NetworkTopologyImpl.java:add(112)) - Added a new node: /default-rack/3db34769-df59-458e-92ee-af935640fdc6
2021-11-29 08:36:31,349 [IPC Server handler 7 on default port 33383] INFO  node.SCMNodeManager (SCMNodeManager.java:register(389)) - Registered Data node : 3db34769-df59-458e-92ee-af935640fdc6{ip: 10.1.0.67, host: fv-az294-535.eaanfquahm5ulb5tj050gcxych.jx.internal.cloudapp.net, ports: [REPLICATION=46821, RATIS=41963, RATIS_ADMIN=41963, RATIS_SERVER=41963, STANDALONE=38069], networkLocation: /default-rack, certSerialId: null, persistedOpState: null, persistedOpStateExpiryEpochSec: 0}
2021-11-29 08:36:31,349 [EventQueue-NewNodeForNewNodeHandler] INFO  pipeline.BackgroundPipelineCreator (BackgroundPipelineCreator.java:notifyEventTriggered(285)) - trigger a one-shot run on RatisPipelineUtilsThread.
2021-11-29 08:36:31,350 [EventQueue-NodeRegistrationContainerReportForDataNodeSafeModeRule] INFO  safemode.SCMSafeModeManager (DataNodeSafeModeRule.java:process(71)) - SCM in safe mode. 3 DataNodes registered, 3 required.
2021-11-29 08:36:31,350 [EventQueue-NodeRegistrationContainerReportForDataNodeSafeModeRule] INFO  safemode.SCMSafeModeManager (SCMSafeModeManager.java:validateSafeModeExitRules(204)) - DataNodeSafeModeRule rule is successfully validated
2021-11-29 08:36:31,350 [EventQueue-NodeRegistrationContainerReportForDataNodeSafeModeRule] INFO  safemode.SCMSafeModeManager (SCMSafeModeManager.java:completePreCheck(233)) - All SCM safe mode pre check rules have passed
2021-11-29 08:36:31,350 [EventQueue-NodeRegistrationContainerReportForDataNodeSafeModeRule] WARN  events.EventQueue (EventQueue.java:fireEvent(194)) - No event handler registered for event TypedEvent{payloadType=SafeModeStatus, name='Safe mode status'}
2021-11-29 08:36:31,350 [EventQueue-NodeRegistrationContainerReportForDataNodeSafeModeRule] INFO  ha.SCMContext (SCMContext.java:updateSafeModeStatus(205)) - Update SafeModeStatus from SafeModeStatus{safeModeStatus=true, preCheckPassed=false} to SafeModeStatus{safeModeStatus=true, preCheckPassed=true}.
2021-11-29 08:36:31,350 [EventQueue-NodeRegistrationContainerReportForDataNodeSafeModeRule] INFO  pipeline.BackgroundPipelineCreator (BackgroundPipelineCreator.java:notifyEventTriggered(285)) - trigger a one-shot run on RatisPipelineUtilsThread.
2021-11-29 08:36:31,358 [RatisPipelineUtilsThread - 0] INFO  pipeline.RatisPipelineProvider (RatisPipelineProvider.java:lambda$create$0(183)) - Sending CreatePipelineCommand for pipeline:PipelineID=bf9788e5-b6ac-4e24-915c-d0d4912ac5f3 to datanode:3db34769-df59-458e-92ee-af935640fdc6
2021-11-29 08:36:31,358 [RatisPipelineUtilsThread - 0] INFO  pipeline.PipelineStateManagerImpl (PipelineStateManagerImpl.java:addPipeline(101)) - Created pipeline Pipeline[ Id: bf9788e5-b6ac-4e24-915c-d0d4912ac5f3, Nodes: 3db34769-df59-458e-92ee-af935640fdc6{ip: 10.1.0.67, host: fv-az294-535.eaanfquahm5ulb5tj050gcxych.jx.internal.cloudapp.net, ports: [REPLICATION=46821, RATIS=41963, RATIS_ADMIN=41963, RATIS_SERVER=41963, STANDALONE=38069], networkLocation: /default-rack, certSerialId: null, persistedOpState: IN_SERVICE, persistedOpStateExpiryEpochSec: 0}, ReplicationConfig: RATIS/ONE, State:ALLOCATED, leaderId:, CreationTimestamp2021-11-29T08:36:31.358Z[Etc/UTC]].
2021-11-29 08:36:31,359 [RatisPipelineUtilsThread - 0] INFO  pipeline.RatisPipelineProvider (RatisPipelineProvider.java:lambda$create$0(183)) - Sending CreatePipelineCommand for pipeline:PipelineID=3c3c54e0-ad48-4637-ad65-4a3ff73d4b47 to datanode:3db34769-df59-458e-92ee-af935640fdc6
2021-11-29 08:36:31,359 [RatisPipelineUtilsThread - 0] INFO  pipeline.RatisPipelineProvider (RatisPipelineProvider.java:lambda$create$0(183)) - Sending CreatePipelineCommand for pipeline:PipelineID=3c3c54e0-ad48-4637-ad65-4a3ff73d4b47 to datanode:2d7c5962-3727-4be5-b7f4-804765c93ab8
2021-11-29 08:36:31,359 [RatisPipelineUtilsThread - 0] INFO  pipeline.RatisPipelineProvider (RatisPipelineProvider.java:lambda$create$0(183)) - Sending CreatePipelineCommand for pipeline:PipelineID=3c3c54e0-ad48-4637-ad65-4a3ff73d4b47 to datanode:64a97b8f-42f6-4daa-ab57-e9e308fe09c3
2021-11-29 08:36:31,359 [RatisPipelineUtilsThread - 0] INFO  pipeline.PipelineStateManagerImpl (PipelineStateManagerImpl.java:addPipeline(101)) - Created pipeline Pipeline[ Id: 3c3c54e0-ad48-4637-ad65-4a3ff73d4b47, Nodes: 3db34769-df59-458e-92ee-af935640fdc6{ip: 10.1.0.67, host: fv-az294-535.eaanfquahm5ulb5tj050gcxych.jx.internal.cloudapp.net, ports: [REPLICATION=46821, RATIS=41963, RATIS_ADMIN=41963, RATIS_SERVER=41963, STANDALONE=38069], networkLocation: /default-rack, certSerialId: null, persistedOpState: IN_SERVICE, persistedOpStateExpiryEpochSec: 0}2d7c5962-3727-4be5-b7f4-804765c93ab8{ip: 10.1.0.67, host: fv-az294-535.eaanfquahm5ulb5tj050gcxych.jx.internal.cloudapp.net, ports: [REPLICATION=38675, RATIS=39881, RATIS_ADMIN=39881, RATIS_SERVER=39881, STANDALONE=37755], networkLocation: /default-rack, certSerialId: null, persistedOpState: IN_SERVICE, persistedOpStateExpiryEpochSec: 0}64a97b8f-42f6-4daa-ab57-e9e308fe09c3{ip: 10.1.0.67, host: fv-az294-535.eaanfquahm5ulb5tj050gcxych.jx.internal.cloudapp.net, ports: [REPLICATION=36791, RATIS=37201, RATIS_ADMIN=37201, RATIS_SERVER=37201, STANDALONE=43035], networkLocation: /default-rack, certSerialId: null, persistedOpState: IN_SERVICE, persistedOpStateExpiryEpochSec: 0}, ReplicationConfig: RATIS/THREE, State:ALLOCATED, leaderId:, CreationTimestamp2021-11-29T08:36:31.359Z[Etc/UTC]].
2021-11-29 08:36:31,540 [IPC Server handler 0 on default port 33383] INFO  net.NetworkTopologyImpl (NetworkTopologyImpl.java:add(112)) - Added a new node: /default-rack/a39b17a5-0a4e-46f3-8d78-c7d3a13330a0
2021-11-29 08:36:31,542 [IPC Server handler 0 on default port 33383] INFO  node.SCMNodeManager (SCMNodeManager.java:register(389)) - Registered Data node : a39b17a5-0a4e-46f3-8d78-c7d3a13330a0{ip: 10.1.0.67, host: fv-az294-535.eaanfquahm5ulb5tj050gcxych.jx.internal.cloudapp.net, ports: [REPLICATION=45493, RATIS=46853, RATIS_ADMIN=46853, RATIS_SERVER=46853, STANDALONE=34281], networkLocation: /default-rack, certSerialId: null, persistedOpState: null, persistedOpStateExpiryEpochSec: 0}
2021-11-29 08:36:31,543 [EventQueue-NewNodeForNewNodeHandler] INFO  pipeline.BackgroundPipelineCreator (BackgroundPipelineCreator.java:notifyEventTriggered(285)) - trigger a one-shot run on RatisPipelineUtilsThread.
2021-11-29 08:36:31,545 [RatisPipelineUtilsThread - 0] INFO  pipeline.RatisPipelineProvider (RatisPipelineProvider.java:lambda$create$0(183)) - Sending CreatePipelineCommand for pipeline:PipelineID=3bbadd31-e1fd-441f-8df1-398ce440578b to datanode:a39b17a5-0a4e-46f3-8d78-c7d3a13330a0
2021-11-29 08:36:31,546 [RatisPipelineUtilsThread - 0] INFO  pipeline.PipelineStateManagerImpl (PipelineStateManagerImpl.java:addPipeline(101)) - Created pipeline Pipeline[ Id: 3bbadd31-e1fd-441f-8df1-398ce440578b, Nodes: a39b17a5-0a4e-46f3-8d78-c7d3a13330a0{ip: 10.1.0.67, host: fv-az294-535.eaanfquahm5ulb5tj050gcxych.jx.internal.cloudapp.net, ports: [REPLICATION=45493, RATIS=46853, RATIS_ADMIN=46853, RATIS_SERVER=46853, STANDALONE=34281], networkLocation: /default-rack, certSerialId: null, persistedOpState: IN_SERVICE, persistedOpStateExpiryEpochSec: 0}, ReplicationConfig: RATIS/ONE, State:ALLOCATED, leaderId:, CreationTimestamp2021-11-29T08:36:31.544Z[Etc/UTC]].
2021-11-29 08:36:31,706 [IPC Server handler 2 on default port 33383] INFO  net.NetworkTopologyImpl (NetworkTopologyImpl.java:add(112)) - Added a new node: /default-rack/0a8fcbf3-87bd-491e-9dcd-b94915d21232
2021-11-29 08:36:31,707 [IPC Server handler 2 on default port 33383] INFO  node.SCMNodeManager (SCMNodeManager.java:register(389)) - Registered Data node : 0a8fcbf3-87bd-491e-9dcd-b94915d21232{ip: 10.1.0.67, host: fv-az294-535.eaanfquahm5ulb5tj050gcxych.jx.internal.cloudapp.net, ports: [REPLICATION=39541, RATIS=36319, RATIS_ADMIN=36319, RATIS_SERVER=36319, STANDALONE=41037], networkLocation: /default-rack, certSerialId: null, persistedOpState: null, persistedOpStateExpiryEpochSec: 0}
2021-11-29 08:36:31,707 [EventQueue-NewNodeForNewNodeHandler] INFO  pipeline.BackgroundPipelineCreator (BackgroundPipelineCreator.java:notifyEventTriggered(285)) - trigger a one-shot run on RatisPipelineUtilsThread.
2021-11-29 08:36:31,710 [RatisPipelineUtilsThread - 0] INFO  pipeline.RatisPipelineProvider (RatisPipelineProvider.java:lambda$create$0(183)) - Sending CreatePipelineCommand for pipeline:PipelineID=df2b397f-cf80-4130-bbed-97a942bd767b to datanode:0a8fcbf3-87bd-491e-9dcd-b94915d21232
2021-11-29 08:36:31,710 [RatisPipelineUtilsThread - 0] INFO  pipeline.PipelineStateManagerImpl (PipelineStateManagerImpl.java:addPipeline(101)) - Created pipeline Pipeline[ Id: df2b397f-cf80-4130-bbed-97a942bd767b, Nodes: 0a8fcbf3-87bd-491e-9dcd-b94915d21232{ip: 10.1.0.67, host: fv-az294-535.eaanfquahm5ulb5tj050gcxych.jx.internal.cloudapp.net, ports: [REPLICATION=39541, RATIS=36319, RATIS_ADMIN=36319, RATIS_SERVER=36319, STANDALONE=41037], networkLocation: /default-rack, certSerialId: null, persistedOpState: IN_SERVICE, persistedOpStateExpiryEpochSec: 0}, ReplicationConfig: RATIS/ONE, State:ALLOCATED, leaderId:, CreationTimestamp2021-11-29T08:36:31.710Z[Etc/UTC]].
2021-11-29 08:36:31,820 [DatanodeAdminManager-0] INFO  node.DatanodeAdminMonitorImpl (DatanodeAdminMonitorImpl.java:checkPipelinesClosedOnNode(268)) - Waiting for pipelines to close for f37cff1b-38c0-4a70-af4a-cd1c41c703b6{ip: 10.1.0.67, host: fv-az294-535.eaanfquahm5ulb5tj050gcxych.jx.internal.cloudapp.net, ports: [REPLICATION=37085, RATIS=40907, RATIS_ADMIN=40907, RATIS_SERVER=40907, STANDALONE=46669], networkLocation: /default-rack, certSerialId: null, persistedOpState: IN_SERVICE, persistedOpStateExpiryEpochSec: 0}. There are 2 pipelines
2021-11-29 08:36:31,820 [DatanodeAdminManager-0] INFO  node.DatanodeAdminMonitorImpl (DatanodeAdminMonitorImpl.java:run(137)) - There are 1 nodes tracked for decommission and maintenance. 0 pending nodes.
2021-11-29 08:36:31,820 [EventQueue-StartAdminOnNodeForStartDatanodeAdminHandler] INFO  node.StartDatanodeAdminHandler (StartDatanodeAdminHandler.java:onMessage(56)) - Admin start on datanode f37cff1b-38c0-4a70-af4a-cd1c41c703b6{ip: 10.1.0.67, host: fv-az294-535.eaanfquahm5ulb5tj050gcxych.jx.internal.cloudapp.net, ports: [REPLICATION=37085, RATIS=40907, RATIS_ADMIN=40907, RATIS_SERVER=40907, STANDALONE=46669], networkLocation: /default-rack, certSerialId: null, persistedOpState: IN_SERVICE, persistedOpStateExpiryEpochSec: 0}. Finalizing its pipelines [PipelineID=f32656c2-cb13-49b6-b982-d42e3feaafc0, PipelineID=7bfd396b-b013-48a3-9028-14e19cf515ad]
2021-11-29 08:36:31,823 [EventQueue-StartAdminOnNodeForStartDatanodeAdminHandler] INFO  pipeline.PipelineManagerImpl (PipelineManagerImpl.java:closePipeline(349)) - Pipeline Pipeline[ Id: f32656c2-cb13-49b6-b982-d42e3feaafc0, Nodes: f37cff1b-38c0-4a70-af4a-cd1c41c703b6{ip: 10.1.0.67, host: fv-az294-535.eaanfquahm5ulb5tj050gcxych.jx.internal.cloudapp.net, ports: [REPLICATION=37085, RATIS=40907, RATIS_ADMIN=40907, RATIS_SERVER=40907, STANDALONE=46669], networkLocation: /default-rack, certSerialId: null, persistedOpState: IN_SERVICE, persistedOpStateExpiryEpochSec: 0}, ReplicationConfig: RATIS/ONE, State:OPEN, leaderId:f37cff1b-38c0-4a70-af4a-cd1c41c703b6, CreationTimestamp2021-11-29T08:36:16.711Z[Etc/UTC]] moved to CLOSED state
2021-11-29 08:36:31,824 [ReplicationMonitor] INFO  container.ReplicationManager (ReplicationManager.java:processAll(371)) - Replication Monitor Thread took 0 milliseconds for processing 3 containers.
2021-11-29 08:36:31,827 [EventQueue-StartAdminOnNodeForStartDatanodeAdminHandler] INFO  pipeline.RatisPipelineProvider (RatisPipelineProvider.java:lambda$close$1(222)) - Send pipeline:PipelineID=f32656c2-cb13-49b6-b982-d42e3feaafc0 close command to datanode f37cff1b-38c0-4a70-af4a-cd1c41c703b6
2021-11-29 08:36:31,832 [EventQueue-StartAdminOnNodeForStartDatanodeAdminHandler] INFO  pipeline.PipelineStateManagerImpl (PipelineStateManagerImpl.java:removePipeline(223)) - Pipeline Pipeline[ Id: f32656c2-cb13-49b6-b982-d42e3feaafc0, Nodes: f37cff1b-38c0-4a70-af4a-cd1c41c703b6{ip: 10.1.0.67, host: fv-az294-535.eaanfquahm5ulb5tj050gcxych.jx.internal.cloudapp.net, ports: [REPLICATION=37085, RATIS=40907, RATIS_ADMIN=40907, RATIS_SERVER=40907, STANDALONE=46669], networkLocation: /default-rack, certSerialId: null, persistedOpState: IN_SERVICE, persistedOpStateExpiryEpochSec: 0}, ReplicationConfig: RATIS/ONE, State:CLOSED, leaderId:f37cff1b-38c0-4a70-af4a-cd1c41c703b6, CreationTimestamp2021-11-29T08:36:16.711Z[Etc/UTC]] removed.
2021-11-29 08:36:31,833 [EventQueue-StartAdminOnNodeForStartDatanodeAdminHandler] INFO  pipeline.PipelineManagerImpl (PipelineManagerImpl.java:closePipeline(349)) - Pipeline Pipeline[ Id: 7bfd396b-b013-48a3-9028-14e19cf515ad, Nodes: 04f8ee08-a2ad-484b-9e4f-8959f0ebf609{ip: 10.1.0.67, host: fv-az294-535.eaanfquahm5ulb5tj050gcxych.jx.internal.cloudapp.net, ports: [REPLICATION=46107, RATIS=45751, RATIS_ADMIN=45751, RATIS_SERVER=45751, STANDALONE=33203], networkLocation: /default-rack, certSerialId: null, persistedOpState: IN_SERVICE, persistedOpStateExpiryEpochSec: 0}83afdf48-275c-4aa7-9b86-71b323741a7e{ip: 10.1.0.67, host: fv-az294-535.eaanfquahm5ulb5tj050gcxych.jx.internal.cloudapp.net, ports: [REPLICATION=37283, RATIS=36653, RATIS_ADMIN=36653, RATIS_SERVER=36653, STANDALONE=36121], networkLocation: /default-rack, certSerialId: null, persistedOpState: IN_SERVICE, persistedOpStateExpiryEpochSec: 0}f37cff1b-38c0-4a70-af4a-cd1c41c703b6{ip: 10.1.0.67, host: fv-az294-535.eaanfquahm5ulb5tj050gcxych.jx.internal.cloudapp.net, ports: [REPLICATION=37085, RATIS=40907, RATIS_ADMIN=40907, RATIS_SERVER=40907, STANDALONE=46669], networkLocation: /default-rack, certSerialId: null, persistedOpState: IN_SERVICE, persistedOpStateExpiryEpochSec: 0}, ReplicationConfig: RATIS/THREE, State:OPEN, leaderId:f37cff1b-38c0-4a70-af4a-cd1c41c703b6, CreationTimestamp2021-11-29T08:36:17.467Z[Etc/UTC]] moved to CLOSED state
2021-11-29 08:36:31,833 [EventQueue-StartAdminOnNodeForStartDatanodeAdminHandler] INFO  pipeline.RatisPipelineProvider (RatisPipelineProvider.java:lambda$close$1(222)) - Send pipeline:PipelineID=7bfd396b-b013-48a3-9028-14e19cf515ad close command to datanode 04f8ee08-a2ad-484b-9e4f-8959f0ebf609
2021-11-29 08:36:31,833 [EventQueue-StartAdminOnNodeForStartDatanodeAdminHandler] INFO  pipeline.RatisPipelineProvider (RatisPipelineProvider.java:lambda$close$1(222)) - Send pipeline:PipelineID=7bfd396b-b013-48a3-9028-14e19cf515ad close command to datanode 83afdf48-275c-4aa7-9b86-71b323741a7e
2021-11-29 08:36:31,834 [EventQueue-StartAdminOnNodeForStartDatanodeAdminHandler] INFO  pipeline.RatisPipelineProvider (RatisPipelineProvider.java:lambda$close$1(222)) - Send pipeline:PipelineID=7bfd396b-b013-48a3-9028-14e19cf515ad close command to datanode f37cff1b-38c0-4a70-af4a-cd1c41c703b6
2021-11-29 08:36:31,834 [EventQueue-CloseContainerForCloseContainerEventHandler] INFO  container.CloseContainerEventHandler (CloseContainerEventHandler.java:onMessage(69)) - Close container Event triggered for container : #1
2021-11-29 08:36:31,834 [EventQueue-StartAdminOnNodeForStartDatanodeAdminHandler] INFO  pipeline.PipelineStateManagerImpl (PipelineStateManagerImpl.java:removePipeline(223)) - Pipeline Pipeline[ Id: 7bfd396b-b013-48a3-9028-14e19cf515ad, Nodes: 04f8ee08-a2ad-484b-9e4f-8959f0ebf609{ip: 10.1.0.67, host: fv-az294-535.eaanfquahm5ulb5tj050gcxych.jx.internal.cloudapp.net, ports: [REPLICATION=46107, RATIS=45751, RATIS_ADMIN=45751, RATIS_SERVER=45751, STANDALONE=33203], networkLocation: /default-rack, certSerialId: null, persistedOpState: IN_SERVICE, persistedOpStateExpiryEpochSec: 0}83afdf48-275c-4aa7-9b86-71b323741a7e{ip: 10.1.0.67, host: fv-az294-535.eaanfquahm5ulb5tj050gcxych.jx.internal.cloudapp.net, ports: [REPLICATION=37283, RATIS=36653, RATIS_ADMIN=36653, RATIS_SERVER=36653, STANDALONE=36121], networkLocation: /default-rack, certSerialId: null, persistedOpState: IN_SERVICE, persistedOpStateExpiryEpochSec: 0}f37cff1b-38c0-4a70-af4a-cd1c41c703b6{ip: 10.1.0.67, host: fv-az294-535.eaanfquahm5ulb5tj050gcxych.jx.internal.cloudapp.net, ports: [REPLICATION=37085, RATIS=40907, RATIS_ADMIN=40907, RATIS_SERVER=40907, STANDALONE=46669], networkLocation: /default-rack, certSerialId: null, persistedOpState: IN_SERVICE, persistedOpStateExpiryEpochSec: 0}, ReplicationConfig: RATIS/THREE, State:CLOSED, leaderId:f37cff1b-38c0-4a70-af4a-cd1c41c703b6, CreationTimestamp2021-11-29T08:36:17.467Z[Etc/UTC]] removed.
2021-11-29 08:36:31,835 [EventQueue-CloseContainerForCloseContainerEventHandler] INFO  pipeline.PipelineStateManagerImpl (PipelineStateManagerImpl.java:removeContainerFromPipeline(249)) - Pipeline PipelineID=7bfd396b-b013-48a3-9028-14e19cf515ad is not found in the pipeline2ContainerMap. Pipeline may have been closed already.
2021-11-29 08:36:31,837 [EventQueue-CloseContainerForCloseContainerEventHandler] INFO  container.CloseContainerEventHandler (CloseContainerEventHandler.java:onMessage(69)) - Close container Event triggered for container : #2
2021-11-29 08:36:31,838 [EventQueue-CloseContainerForCloseContainerEventHandler] INFO  pipeline.PipelineStateManagerImpl (PipelineStateManagerImpl.java:removeContainerFromPipeline(249)) - Pipeline PipelineID=7bfd396b-b013-48a3-9028-14e19cf515ad is not found in the pipeline2ContainerMap. Pipeline may have been closed already.
2021-11-29 08:36:31,838 [EventQueue-CloseContainerForCloseContainerEventHandler] INFO  container.CloseContainerEventHandler (CloseContainerEventHandler.java:onMessage(69)) - Close container Event triggered for container : #3
2021-11-29 08:36:31,839 [EventQueue-CloseContainerForCloseContainerEventHandler] INFO  pipeline.PipelineStateManagerImpl (PipelineStateManagerImpl.java:removeContainerFromPipeline(249)) - Pipeline PipelineID=7bfd396b-b013-48a3-9028-14e19cf515ad is not found in the pipeline2ContainerMap. Pipeline may have been closed already.
2021-11-29 08:36:31,859 [IPC Server handler 3 on default port 33383] INFO  net.NetworkTopologyImpl (NetworkTopologyImpl.java:add(112)) - Added a new node: /default-rack/172a3cc1-7404-4a1c-a641-e7203df0c6a5
2021-11-29 08:36:31,859 [IPC Server handler 3 on default port 33383] INFO  node.SCMNodeManager (SCMNodeManager.java:register(389)) - Registered Data node : 172a3cc1-7404-4a1c-a641-e7203df0c6a5{ip: 10.1.0.67, host: fv-az294-535.eaanfquahm5ulb5tj050gcxych.jx.internal.cloudapp.net, ports: [REPLICATION=37071, RATIS=39097, RATIS_ADMIN=39097, RATIS_SERVER=39097, STANDALONE=37611], networkLocation: /default-rack, certSerialId: null, persistedOpState: null, persistedOpStateExpiryEpochSec: 0}
2021-11-29 08:36:31,859 [EventQueue-NewNodeForNewNodeHandler] INFO  pipeline.BackgroundPipelineCreator (BackgroundPipelineCreator.java:notifyEventTriggered(285)) - trigger a one-shot run on RatisPipelineUtilsThread.
2021-11-29 08:36:31,859 [RatisPipelineUtilsThread - 0] INFO  pipeline.RatisPipelineProvider (RatisPipelineProvider.java:lambda$create$0(183)) - Sending CreatePipelineCommand for pipeline:PipelineID=7e483507-ce48-4de0-8c13-41271e2cb8a9 to datanode:172a3cc1-7404-4a1c-a641-e7203df0c6a5
2021-11-29 08:36:31,860 [RatisPipelineUtilsThread - 0] INFO  pipeline.PipelineStateManagerImpl (PipelineStateManagerImpl.java:addPipeline(101)) - Created pipeline Pipeline[ Id: 7e483507-ce48-4de0-8c13-41271e2cb8a9, Nodes: 172a3cc1-7404-4a1c-a641-e7203df0c6a5{ip: 10.1.0.67, host: fv-az294-535.eaanfquahm5ulb5tj050gcxych.jx.internal.cloudapp.net, ports: [REPLICATION=37071, RATIS=39097, RATIS_ADMIN=39097, RATIS_SERVER=39097, STANDALONE=37611], networkLocation: /default-rack, certSerialId: null, persistedOpState: IN_SERVICE, persistedOpStateExpiryEpochSec: 0}, ReplicationConfig: RATIS/ONE, State:ALLOCATED, leaderId:, CreationTimestamp2021-11-29T08:36:31.859Z[Etc/UTC]].
2021-11-29 08:36:31,860 [RatisPipelineUtilsThread - 0] INFO  pipeline.RatisPipelineProvider (RatisPipelineProvider.java:lambda$create$0(183)) - Sending CreatePipelineCommand for pipeline:PipelineID=78345da7-c5d2-441d-8f06-c4ff93137a45 to datanode:a39b17a5-0a4e-46f3-8d78-c7d3a13330a0
2021-11-29 08:36:31,860 [RatisPipelineUtilsThread - 0] INFO  pipeline.RatisPipelineProvider (RatisPipelineProvider.java:lambda$create$0(183)) - Sending CreatePipelineCommand for pipeline:PipelineID=78345da7-c5d2-441d-8f06-c4ff93137a45 to datanode:172a3cc1-7404-4a1c-a641-e7203df0c6a5
2021-11-29 08:36:31,860 [RatisPipelineUtilsThread - 0] INFO  pipeline.RatisPipelineProvider (RatisPipelineProvider.java:lambda$create$0(183)) - Sending CreatePipelineCommand for pipeline:PipelineID=78345da7-c5d2-441d-8f06-c4ff93137a45 to datanode:0a8fcbf3-87bd-491e-9dcd-b94915d21232
2021-11-29 08:36:31,861 [RatisPipelineUtilsThread - 0] INFO  pipeline.PipelineStateManagerImpl (PipelineStateManagerImpl.java:addPipeline(101)) - Created pipeline Pipeline[ Id: 78345da7-c5d2-441d-8f06-c4ff93137a45, Nodes: a39b17a5-0a4e-46f3-8d78-c7d3a13330a0{ip: 10.1.0.67, host: fv-az294-535.eaanfquahm5ulb5tj050gcxych.jx.internal.cloudapp.net, ports: [REPLICATION=45493, RATIS=46853, RATIS_ADMIN=46853, RATIS_SERVER=46853, STANDALONE=34281], networkLocation: /default-rack, certSerialId: null, persistedOpState: IN_SERVICE, persistedOpStateExpiryEpochSec: 0}172a3cc1-7404-4a1c-a641-e7203df0c6a5{ip: 10.1.0.67, host: fv-az294-535.eaanfquahm5ulb5tj050gcxych.jx.internal.cloudapp.net, ports: [REPLICATION=37071, RATIS=39097, RATIS_ADMIN=39097, RATIS_SERVER=39097, STANDALONE=37611], networkLocation: /default-rack, certSerialId: null, persistedOpState: IN_SERVICE, persistedOpStateExpiryEpochSec: 0}0a8fcbf3-87bd-491e-9dcd-b94915d21232{ip: 10.1.0.67, host: fv-az294-535.eaanfquahm5ulb5tj050gcxych.jx.internal.cloudapp.net, ports: [REPLICATION=39541, RATIS=36319, RATIS_ADMIN=36319, RATIS_SERVER=36319, STANDALONE=41037], networkLocation: /default-rack, certSerialId: null, persistedOpState: IN_SERVICE, persistedOpStateExpiryEpochSec: 0}, ReplicationConfig: RATIS/THREE, State:ALLOCATED, leaderId:, CreationTimestamp2021-11-29T08:36:31.860Z[Etc/UTC]].
2021-11-29 08:36:31,902 [Listener at 127.0.0.1/38371] INFO  ozone.MiniOzoneClusterImpl (MiniOzoneClusterImpl.java:lambda$waitForClusterToBeReady$0(235)) - Nodes are ready. Got 6 of 6 DN Heartbeats.
2021-11-29 08:36:31,902 [Listener at 127.0.0.1/38371] INFO  ozone.MiniOzoneClusterImpl (MiniOzoneClusterImpl.java:lambda$waitForClusterToBeReady$0(238)) - Waiting for cluster to exit safe mode
2021-11-29 08:36:31,902 [Listener at 127.0.0.1/38371] INFO  ozone.MiniOzoneClusterImpl (MiniOzoneClusterImpl.java:lambda$waitForClusterToBeReady$0(240)) - SCM became leader
2021-11-29 08:36:32,270 [IPC Server handler 11 on default port 37365] INFO  node.SCMNodeManager (SCMNodeManager.java:updateDatanodeOpState(483)) - Scheduling a command to update the operationalState persisted on f37cff1b-38c0-4a70-af4a-cd1c41c703b6{ip: 10.1.0.67, host: fv-az294-535.eaanfquahm5ulb5tj050gcxych.jx.internal.cloudapp.net, ports: [REPLICATION=37085, RATIS=40907, RATIS_ADMIN=40907, RATIS_SERVER=40907, STANDALONE=46669], networkLocation: /default-rack, certSerialId: null, persistedOpState: null, persistedOpStateExpiryEpochSec: 0} as the reported value does not match the value stored in SCM (DECOMMISSIONING, 0)
2021-11-29 08:36:32,272 [EventQueue-PipelineReportForPipelineReportHandler] INFO  pipeline.PipelineReportHandler (PipelineReportHandler.java:processPipelineReport(113)) - Reported pipeline PipelineID=f32656c2-cb13-49b6-b982-d42e3feaafc0 is not found
2021-11-29 08:36:32,273 [EventQueue-PipelineReportForPipelineReportHandler] INFO  pipeline.PipelineReportHandler (PipelineReportHandler.java:processPipelineReport(113)) - Reported pipeline PipelineID=7bfd396b-b013-48a3-9028-14e19cf515ad is not found
2021-11-29 08:36:32,277 [EventQueue-PipelineReportForPipelineReportHandler] INFO  pipeline.PipelineReportHandler (PipelineReportHandler.java:processPipelineReport(113)) - Reported pipeline PipelineID=7bfd396b-b013-48a3-9028-14e19cf515ad is not found
2021-11-29 08:36:32,317 [ReplicationMonitor] INFO  container.ReplicationManager (ReplicationManager.java:processAll(371)) - Replication Monitor Thread took 0 milliseconds for processing 0 containers.
2021-11-29 08:36:32,819 [DatanodeAdminManager-0] INFO  node.DatanodeAdminMonitorImpl (DatanodeAdminMonitorImpl.java:run(137)) - There are 1 nodes tracked for decommission and maintenance. 0 pending nodes.
2021-11-29 08:36:32,828 [ReplicationMonitor] INFO  container.ReplicationManager (ReplicationManager.java:sendCloseCommand(1491)) - Sending close container command for container #1 to datanode f37cff1b-38c0-4a70-af4a-cd1c41c703b6{ip: 10.1.0.67, host: fv-az294-535.eaanfquahm5ulb5tj050gcxych.jx.internal.cloudapp.net, ports: [REPLICATION=37085, RATIS=40907, RATIS_ADMIN=40907, RATIS_SERVER=40907, STANDALONE=46669], networkLocation: /default-rack, certSerialId: null, persistedOpState: IN_SERVICE, persistedOpStateExpiryEpochSec: 0}.
2021-11-29 08:36:32,828 [ReplicationMonitor] INFO  container.ReplicationManager (ReplicationManager.java:sendCloseCommand(1491)) - Sending close container command for container #1 to datanode 83afdf48-275c-4aa7-9b86-71b323741a7e{ip: 10.1.0.67, host: fv-az294-535.eaanfquahm5ulb5tj050gcxych.jx.internal.cloudapp.net, ports: [REPLICATION=37283, RATIS=36653, RATIS_ADMIN=36653, RATIS_SERVER=36653, STANDALONE=36121], networkLocation: /default-rack, certSerialId: null, persistedOpState: IN_SERVICE, persistedOpStateExpiryEpochSec: 0}.
2021-11-29 08:36:32,828 [ReplicationMonitor] INFO  container.ReplicationManager (ReplicationManager.java:sendCloseCommand(1491)) - Sending close container command for container #1 to datanode 04f8ee08-a2ad-484b-9e4f-8959f0ebf609{ip: 10.1.0.67, host: fv-az294-535.eaanfquahm5ulb5tj050gcxych.jx.internal.cloudapp.net, ports: [REPLICATION=46107, RATIS=45751, RATIS_ADMIN=45751, RATIS_SERVER=45751, STANDALONE=33203], networkLocation: /default-rack, certSerialId: null, persistedOpState: IN_SERVICE, persistedOpStateExpiryEpochSec: 0}.
2021-11-29 08:36:32,828 [ReplicationMonitor] INFO  container.ReplicationManager (ReplicationManager.java:sendCloseCommand(1491)) - Sending close container command for container #2 to datanode 04f8ee08-a2ad-484b-9e4f-8959f0ebf609{ip: 10.1.0.67, host: fv-az294-535.eaanfquahm5ulb5tj050gcxych.jx.internal.cloudapp.net, ports: [REPLICATION=46107, RATIS=45751, RATIS_ADMIN=45751, RATIS_SERVER=45751, STANDALONE=33203], networkLocation: /default-rack, certSerialId: null, persistedOpState: IN_SERVICE, persistedOpStateExpiryEpochSec: 0}.
2021-11-29 08:36:32,828 [ReplicationMonitor] INFO  container.ReplicationManager (ReplicationManager.java:sendCloseCommand(1491)) - Sending close container command for container #2 to datanode 83afdf48-275c-4aa7-9b86-71b323741a7e{ip: 10.1.0.67, host: fv-az294-535.eaanfquahm5ulb5tj050gcxych.jx.internal.cloudapp.net, ports: [REPLICATION=37283, RATIS=36653, RATIS_ADMIN=36653, RATIS_SERVER=36653, STANDALONE=36121], networkLocation: /default-rack, certSerialId: null, persistedOpState: IN_SERVICE, persistedOpStateExpiryEpochSec: 0}.
2021-11-29 08:36:32,828 [ReplicationMonitor] INFO  container.ReplicationManager (ReplicationManager.java:sendCloseCommand(1491)) - Sending close container command for container #2 to datanode f37cff1b-38c0-4a70-af4a-cd1c41c703b6{ip: 10.1.0.67, host: fv-az294-535.eaanfquahm5ulb5tj050gcxych.jx.internal.cloudapp.net, ports: [REPLICATION=37085, RATIS=40907, RATIS_ADMIN=40907, RATIS_SERVER=40907, STANDALONE=46669], networkLocation: /default-rack, certSerialId: null, persistedOpState: IN_SERVICE, persistedOpStateExpiryEpochSec: 0}.
2021-11-29 08:36:32,828 [ReplicationMonitor] INFO  container.ReplicationManager (ReplicationManager.java:sendCloseCommand(1491)) - Sending close container command for container #3 to datanode 04f8ee08-a2ad-484b-9e4f-8959f0ebf609{ip: 10.1.0.67, host: fv-az294-535.eaanfquahm5ulb5tj050gcxych.jx.internal.cloudapp.net, ports: [REPLICATION=46107, RATIS=45751, RATIS_ADMIN=45751, RATIS_SERVER=45751, STANDALONE=33203], networkLocation: /default-rack, certSerialId: null, persistedOpState: IN_SERVICE, persistedOpStateExpiryEpochSec: 0}.
2021-11-29 08:36:32,828 [ReplicationMonitor] INFO  container.ReplicationManager (ReplicationManager.java:sendCloseCommand(1491)) - Sending close container command for container #3 to datanode f37cff1b-38c0-4a70-af4a-cd1c41c703b6{ip: 10.1.0.67, host: fv-az294-535.eaanfquahm5ulb5tj050gcxych.jx.internal.cloudapp.net, ports: [REPLICATION=37085, RATIS=40907, RATIS_ADMIN=40907, RATIS_SERVER=40907, STANDALONE=46669], networkLocation: /default-rack, certSerialId: null, persistedOpState: IN_SERVICE, persistedOpStateExpiryEpochSec: 0}.
2021-11-29 08:36:32,828 [ReplicationMonitor] INFO  container.ReplicationManager (ReplicationManager.java:sendCloseCommand(1491)) - Sending close container command for container #3 to datanode 83afdf48-275c-4aa7-9b86-71b323741a7e{ip: 10.1.0.67, host: fv-az294-535.eaanfquahm5ulb5tj050gcxych.jx.internal.cloudapp.net, ports: [REPLICATION=37283, RATIS=36653, RATIS_ADMIN=36653, RATIS_SERVER=36653, STANDALONE=36121], networkLocation: /default-rack, certSerialId: null, persistedOpState: IN_SERVICE, persistedOpStateExpiryEpochSec: 0}.
2021-11-29 08:36:32,828 [ReplicationMonitor] INFO  container.ReplicationManager (ReplicationManager.java:processAll(371)) - Replication Monitor Thread took 1 milliseconds for processing 3 containers.
2021-11-29 08:36:32,903 [Listener at 127.0.0.1/38371] INFO  ozone.MiniOzoneClusterImpl (MiniOzoneClusterImpl.java:lambda$waitForClusterToBeReady$0(235)) - Nodes are ready. Got 6 of 6 DN Heartbeats.
2021-11-29 08:36:32,903 [Listener at 127.0.0.1/38371] INFO  ozone.MiniOzoneClusterImpl (MiniOzoneClusterImpl.java:lambda$waitForClusterToBeReady$0(238)) - Waiting for cluster to exit safe mode
2021-11-29 08:36:32,903 [Listener at 127.0.0.1/38371] INFO  ozone.MiniOzoneClusterImpl (MiniOzoneClusterImpl.java:lambda$waitForClusterToBeReady$0(240)) - SCM became leader
2021-11-29 08:36:33,268 [Command processor thread] INFO  server.RaftServer (RaftServerProxy.java:remove(106)) - 04f8ee08-a2ad-484b-9e4f-8959f0ebf609: remove  FOLLOWER 04f8ee08-a2ad-484b-9e4f-8959f0ebf609@group-14E19CF515AD:t1, leader=f37cff1b-38c0-4a70-af4a-cd1c41c703b6, voted=f37cff1b-38c0-4a70-af4a-cd1c41c703b6, raftlog=04f8ee08-a2ad-484b-9e4f-8959f0ebf609@group-14E19CF515AD-SegmentedRaftLog:OPENED:c77, conf=0: [83afdf48-275c-4aa7-9b86-71b323741a7e|rpc:10.1.0.67:36653|dataStream:|priority:0, f37cff1b-38c0-4a70-af4a-cd1c41c703b6|rpc:10.1.0.67:40907|dataStream:|priority:1, 04f8ee08-a2ad-484b-9e4f-8959f0ebf609|rpc:10.1.0.67:45751|dataStream:|priority:0], old=null RUNNING
2021-11-29 08:36:33,270 [Command processor thread] INFO  server.RaftServer (RaftServerProxy.java:remove(106)) - 83afdf48-275c-4aa7-9b86-71b323741a7e: remove  FOLLOWER 83afdf48-275c-4aa7-9b86-71b323741a7e@group-14E19CF515AD:t1, leader=f37cff1b-38c0-4a70-af4a-cd1c41c703b6, voted=f37cff1b-38c0-4a70-af4a-cd1c41c703b6, raftlog=83afdf48-275c-4aa7-9b86-71b323741a7e@group-14E19CF515AD-SegmentedRaftLog:OPENED:c77, conf=0: [83afdf48-275c-4aa7-9b86-71b323741a7e|rpc:10.1.0.67:36653|dataStream:|priority:0, f37cff1b-38c0-4a70-af4a-cd1c41c703b6|rpc:10.1.0.67:40907|dataStream:|priority:1, 04f8ee08-a2ad-484b-9e4f-8959f0ebf609|rpc:10.1.0.67:45751|dataStream:|priority:0], old=null RUNNING
2021-11-29 08:36:33,270 [Command processor thread] INFO  server.RaftServer$Division (RaftServerImpl.java:lambda$close$4(412)) - 04f8ee08-a2ad-484b-9e4f-8959f0ebf609@group-14E19CF515AD: shutdown
2021-11-29 08:36:33,271 [Command processor thread] INFO  server.RaftServer$Division (RaftServerImpl.java:lambda$close$4(412)) - 83afdf48-275c-4aa7-9b86-71b323741a7e@group-14E19CF515AD: shutdown
2021-11-29 08:36:33,271 [Command processor thread] INFO  util.JmxRegister (JmxRegister.java:unregister(73)) - Successfully un-registered JMX Bean with object name Ratis:service=RaftServer,group=group-14E19CF515AD,id=04f8ee08-a2ad-484b-9e4f-8959f0ebf609
2021-11-29 08:36:33,271 [Command processor thread] INFO  util.JmxRegister (JmxRegister.java:unregister(73)) - Successfully un-registered JMX Bean with object name Ratis:service=RaftServer,group=group-14E19CF515AD,id=83afdf48-275c-4aa7-9b86-71b323741a7e
2021-11-29 08:36:33,271 [Command processor thread] INFO  impl.RoleInfo (RoleInfo.java:shutdownFollowerState(108)) - 83afdf48-275c-4aa7-9b86-71b323741a7e: shutdown 83afdf48-275c-4aa7-9b86-71b323741a7e@group-14E19CF515AD-FollowerState
2021-11-29 08:36:33,271 [Command processor thread] INFO  impl.StateMachineUpdater (StateMachineUpdater.java:stopAndJoin(149)) - 83afdf48-275c-4aa7-9b86-71b323741a7e@group-14E19CF515AD-StateMachineUpdater: set stopIndex = 77
2021-11-29 08:36:33,271 [83afdf48-275c-4aa7-9b86-71b323741a7e@group-14E19CF515AD-FollowerState] INFO  impl.FollowerState (FollowerState.java:run(143)) - 83afdf48-275c-4aa7-9b86-71b323741a7e@group-14E19CF515AD-FollowerState was interrupted: {}
java.lang.InterruptedException: sleep interrupted
	at java.lang.Thread.sleep(Native Method)
	at java.lang.Thread.sleep(Thread.java:340)
	at java.util.concurrent.TimeUnit.sleep(TimeUnit.java:386)
	at org.apache.ratis.util.TimeDuration.sleep(TimeDuration.java:324)
	at org.apache.ratis.util.TimeDuration.sleep(TimeDuration.java:309)
	at org.apache.ratis.server.impl.FollowerState.run(FollowerState.java:118)
2021-11-29 08:36:33,273 [83afdf48-275c-4aa7-9b86-71b323741a7e@group-14E19CF515AD-StateMachineUpdater] INFO  ratis.ContainerStateMachine (ContainerStateMachine.java:takeSnapshot(292)) - group-14E19CF515AD: Taking a snapshot at:(t:1, i:77) file /home/runner/work/ozone/ozone/hadoop-ozone/integration-test/target/test-dir/MiniOzoneClusterImpl-3d114d2a-f85f-45ce-9fd0-840e2dc708c7/datanode-2/data/ratis/7bfd396b-b013-48a3-9028-14e19cf515ad/sm/snapshot.1_77
2021-11-29 08:36:33,273 [Command processor thread] INFO  impl.RoleInfo (RoleInfo.java:shutdownFollowerState(108)) - 04f8ee08-a2ad-484b-9e4f-8959f0ebf609: shutdown 04f8ee08-a2ad-484b-9e4f-8959f0ebf609@group-14E19CF515AD-FollowerState
2021-11-29 08:36:33,273 [04f8ee08-a2ad-484b-9e4f-8959f0ebf609@group-14E19CF515AD-FollowerState] INFO  impl.FollowerState (FollowerState.java:run(143)) - 04f8ee08-a2ad-484b-9e4f-8959f0ebf609@group-14E19CF515AD-FollowerState was interrupted: {}
java.lang.InterruptedException: sleep interrupted
	at java.lang.Thread.sleep(Native Method)
	at java.lang.Thread.sleep(Thread.java:340)
	at java.util.concurrent.TimeUnit.sleep(TimeUnit.java:386)
	at org.apache.ratis.util.TimeDuration.sleep(TimeDuration.java:324)
	at org.apache.ratis.util.TimeDuration.sleep(TimeDuration.java:309)
	at org.apache.ratis.server.impl.FollowerState.run(FollowerState.java:118)
2021-11-29 08:36:33,274 [04f8ee08-a2ad-484b-9e4f-8959f0ebf609@group-14E19CF515AD-StateMachineUpdater] INFO  ratis.ContainerStateMachine (ContainerStateMachine.java:takeSnapshot(292)) - group-14E19CF515AD: Taking a snapshot at:(t:1, i:77) file /home/runner/work/ozone/ozone/hadoop-ozone/integration-test/target/test-dir/MiniOzoneClusterImpl-3d114d2a-f85f-45ce-9fd0-840e2dc708c7/datanode-1/data/ratis/7bfd396b-b013-48a3-9028-14e19cf515ad/sm/snapshot.1_77
2021-11-29 08:36:33,274 [Command processor thread] INFO  impl.StateMachineUpdater (StateMachineUpdater.java:stopAndJoin(149)) - 04f8ee08-a2ad-484b-9e4f-8959f0ebf609@group-14E19CF515AD-StateMachineUpdater: set stopIndex = 77
2021-11-29 08:36:33,280 [EventQueue-PipelineReportForPipelineReportHandler] INFO  pipeline.PipelineReportHandler (PipelineReportHandler.java:processPipelineReport(113)) - Reported pipeline PipelineID=7bfd396b-b013-48a3-9028-14e19cf515ad is not found
2021-11-29 08:36:33,310 [83afdf48-275c-4aa7-9b86-71b323741a7e@group-14E19CF515AD-StateMachineUpdater] INFO  ratis.ContainerStateMachine (ContainerStateMachine.java:takeSnapshot(303)) - group-14E19CF515AD: Finished taking a snapshot at:(t:1, i:77) file:/home/runner/work/ozone/ozone/hadoop-ozone/integration-test/target/test-dir/MiniOzoneClusterImpl-3d114d2a-f85f-45ce-9fd0-840e2dc708c7/datanode-2/data/ratis/7bfd396b-b013-48a3-9028-14e19cf515ad/sm/snapshot.1_77 took: 39 ms
2021-11-29 08:36:33,311 [83afdf48-275c-4aa7-9b86-71b323741a7e@group-14E19CF515AD-StateMachineUpdater] INFO  impl.StateMachineUpdater (StateMachineUpdater.java:takeSnapshot(281)) - 83afdf48-275c-4aa7-9b86-71b323741a7e@group-14E19CF515AD-StateMachineUpdater: Took a snapshot at index 77
2021-11-29 08:36:33,311 [83afdf48-275c-4aa7-9b86-71b323741a7e@group-14E19CF515AD-StateMachineUpdater] INFO  impl.StateMachineUpdater (StateMachineUpdater.java:lambda$new$0(89)) - 83afdf48-275c-4aa7-9b86-71b323741a7e@group-14E19CF515AD-StateMachineUpdater: snapshotIndex: updateIncreasingly -1 -> 77
2021-11-29 08:36:33,310 [04f8ee08-a2ad-484b-9e4f-8959f0ebf609@group-14E19CF515AD-StateMachineUpdater] INFO  ratis.ContainerStateMachine (ContainerStateMachine.java:takeSnapshot(303)) - group-14E19CF515AD: Finished taking a snapshot at:(t:1, i:77) file:/home/runner/work/ozone/ozone/hadoop-ozone/integration-test/target/test-dir/MiniOzoneClusterImpl-3d114d2a-f85f-45ce-9fd0-840e2dc708c7/datanode-1/data/ratis/7bfd396b-b013-48a3-9028-14e19cf515ad/sm/snapshot.1_77 took: 36 ms
2021-11-29 08:36:33,316 [04f8ee08-a2ad-484b-9e4f-8959f0ebf609@group-14E19CF515AD-StateMachineUpdater] INFO  impl.StateMachineUpdater (StateMachineUpdater.java:takeSnapshot(281)) - 04f8ee08-a2ad-484b-9e4f-8959f0ebf609@group-14E19CF515AD-StateMachineUpdater: Took a snapshot at index 77
2021-11-29 08:36:33,316 [04f8ee08-a2ad-484b-9e4f-8959f0ebf609@group-14E19CF515AD-StateMachineUpdater] INFO  impl.StateMachineUpdater (StateMachineUpdater.java:lambda$new$0(89)) - 04f8ee08-a2ad-484b-9e4f-8959f0ebf609@group-14E19CF515AD-StateMachineUpdater: snapshotIndex: updateIncreasingly -1 -> 77
2021-11-29 08:36:33,318 [ReplicationMonitor] INFO  container.ReplicationManager (ReplicationManager.java:processAll(371)) - Replication Monitor Thread took 0 milliseconds for processing 0 containers.
2021-11-29 08:36:33,320 [Command processor thread] INFO  server.RaftServer$Division (ServerState.java:close(419)) - 04f8ee08-a2ad-484b-9e4f-8959f0ebf609@group-14E19CF515AD: closes. applyIndex: 77
2021-11-29 08:36:33,321 [Command processor thread] INFO  server.RaftServer$Division (ServerState.java:close(419)) - 83afdf48-275c-4aa7-9b86-71b323741a7e@group-14E19CF515AD: closes. applyIndex: 77
2021-11-29 08:36:33,322 [83afdf48-275c-4aa7-9b86-71b323741a7e@group-14E19CF515AD-SegmentedRaftLogWorker] INFO  segmented.SegmentedRaftLogWorker (SegmentedRaftLogWorker.java:run(327)) - 83afdf48-275c-4aa7-9b86-71b323741a7e@group-14E19CF515AD-SegmentedRaftLogWorker was interrupted, exiting. There are 0 tasks remaining in the queue.
2021-11-29 08:36:33,322 [Command processor thread] INFO  segmented.SegmentedRaftLogWorker (SegmentedRaftLogWorker.java:close(237)) - 83afdf48-275c-4aa7-9b86-71b323741a7e@group-14E19CF515AD-SegmentedRaftLogWorker close()
2021-11-29 08:36:33,323 [04f8ee08-a2ad-484b-9e4f-8959f0ebf609@group-14E19CF515AD-SegmentedRaftLogWorker] INFO  segmented.SegmentedRaftLogWorker (SegmentedRaftLogWorker.java:run(327)) - 04f8ee08-a2ad-484b-9e4f-8959f0ebf609@group-14E19CF515AD-SegmentedRaftLogWorker was interrupted, exiting. There are 0 tasks remaining in the queue.
2021-11-29 08:36:33,323 [Command processor thread] INFO  segmented.SegmentedRaftLogWorker (SegmentedRaftLogWorker.java:close(237)) - 04f8ee08-a2ad-484b-9e4f-8959f0ebf609@group-14E19CF515AD-SegmentedRaftLogWorker close()
2021-11-29 08:36:33,332 [Command processor thread] INFO  keyvalue.KeyValueContainer (KeyValueContainer.java:flushAndSyncDB(397)) - Container 1 is synced with bcsId 73.
2021-11-29 08:36:33,333 [Command processor thread] INFO  keyvalue.KeyValueContainer (KeyValueContainer.java:flushAndSyncDB(397)) - Container 1 is synced with bcsId 73.
2021-11-29 08:36:33,333 [Command processor thread] INFO  keyvalue.KeyValueContainer (KeyValueContainer.java:flushAndSyncDB(397)) - Container 1 is synced with bcsId 73.
2021-11-29 08:36:33,334 [Command processor thread] INFO  keyvalue.KeyValueContainer (KeyValueContainer.java:flushAndSyncDB(397)) - Container 1 is synced with bcsId 73.
2021-11-29 08:36:33,339 [EventQueue-IncrementalContainerReportForIncrementalContainerReportHandler] INFO  container.IncrementalContainerReportHandler (AbstractContainerReportHandler.java:updateContainerState(216)) - Moving container #1 to QUASI_CLOSED state, datanode 04f8ee08-a2ad-484b-9e4f-8959f0ebf609{ip: 10.1.0.67, host: fv-az294-535.eaanfquahm5ulb5tj050gcxych.jx.internal.cloudapp.net, ports: [REPLICATION=46107, RATIS=45751, RATIS_ADMIN=45751, RATIS_SERVER=45751, STANDALONE=33203], networkLocation: /default-rack, certSerialId: null, persistedOpState: IN_SERVICE, persistedOpStateExpiryEpochSec: 0} reported QUASI_CLOSED replica.
2021-11-29 08:36:33,344 [Command processor thread] INFO  keyvalue.KeyValueContainer (KeyValueContainer.java:flushAndSyncDB(397)) - Container 2 is synced with bcsId 77.
2021-11-29 08:36:33,344 [Command processor thread] INFO  keyvalue.KeyValueContainer (KeyValueContainer.java:flushAndSyncDB(397)) - Container 2 is synced with bcsId 77.
2021-11-29 08:36:33,351 [Command processor thread] INFO  keyvalue.KeyValueContainer (KeyValueContainer.java:flushAndSyncDB(397)) - Container 2 is synced with bcsId 77.
2021-11-29 08:36:33,352 [Command processor thread] INFO  keyvalue.KeyValueContainer (KeyValueContainer.java:flushAndSyncDB(397)) - Container 2 is synced with bcsId 77.
2021-11-29 08:36:33,354 [EventQueue-IncrementalContainerReportForIncrementalContainerReportHandler] INFO  container.IncrementalContainerReportHandler (AbstractContainerReportHandler.java:updateContainerState(216)) - Moving container #2 to QUASI_CLOSED state, datanode 04f8ee08-a2ad-484b-9e4f-8959f0ebf609{ip: 10.1.0.67, host: fv-az294-535.eaanfquahm5ulb5tj050gcxych.jx.internal.cloudapp.net, ports: [REPLICATION=46107, RATIS=45751, RATIS_ADMIN=45751, RATIS_SERVER=45751, STANDALONE=33203], networkLocation: /default-rack, certSerialId: null, persistedOpState: IN_SERVICE, persistedOpStateExpiryEpochSec: 0} reported QUASI_CLOSED replica.
2021-11-29 08:36:33,359 [Command processor thread] INFO  keyvalue.KeyValueContainer (KeyValueContainer.java:flushAndSyncDB(397)) - Container 3 is synced with bcsId 69.
2021-11-29 08:36:33,360 [Command processor thread] INFO  keyvalue.KeyValueContainer (KeyValueContainer.java:flushAndSyncDB(397)) - Container 3 is synced with bcsId 69.
2021-11-29 08:36:33,362 [EventQueue-IncrementalContainerReportForIncrementalContainerReportHandler] INFO  container.IncrementalContainerReportHandler (AbstractContainerReportHandler.java:updateContainerState(216)) - Moving container #3 to QUASI_CLOSED state, datanode 04f8ee08-a2ad-484b-9e4f-8959f0ebf609{ip: 10.1.0.67, host: fv-az294-535.eaanfquahm5ulb5tj050gcxych.jx.internal.cloudapp.net, ports: [REPLICATION=46107, RATIS=45751, RATIS_ADMIN=45751, RATIS_SERVER=45751, STANDALONE=33203], networkLocation: /default-rack, certSerialId: null, persistedOpState: IN_SERVICE, persistedOpStateExpiryEpochSec: 0} reported QUASI_CLOSED replica.
2021-11-29 08:36:33,367 [Command processor thread] INFO  keyvalue.KeyValueContainer (KeyValueContainer.java:flushAndSyncDB(397)) - Container 3 is synced with bcsId 69.
2021-11-29 08:36:33,367 [Command processor thread] INFO  keyvalue.KeyValueContainer (KeyValueContainer.java:flushAndSyncDB(397)) - Container 3 is synced with bcsId 69.
2021-11-29 08:36:33,372 [Command processor thread] INFO  server.RaftServer$Division (RaftServerImpl.java:groupRemove(382)) - 04f8ee08-a2ad-484b-9e4f-8959f0ebf609@group-14E19CF515AD: Succeed to remove RaftStorageDirectory Storage Directory /home/runner/work/ozone/ozone/hadoop-ozone/integration-test/target/test-dir/MiniOzoneClusterImpl-3d114d2a-f85f-45ce-9fd0-840e2dc708c7/datanode-1/data/ratis/7bfd396b-b013-48a3-9028-14e19cf515ad
2021-11-29 08:36:33,372 [Command processor thread] INFO  commandhandler.ClosePipelineCommandHandler (ClosePipelineCommandHandler.java:handle(78)) - Close Pipeline PipelineID=7bfd396b-b013-48a3-9028-14e19cf515ad command on datanode 04f8ee08-a2ad-484b-9e4f-8959f0ebf609.
2021-11-29 08:36:33,375 [Command processor thread] INFO  server.RaftServer$Division (RaftServerImpl.java:groupRemove(382)) - 83afdf48-275c-4aa7-9b86-71b323741a7e@group-14E19CF515AD: Succeed to remove RaftStorageDirectory Storage Directory /home/runner/work/ozone/ozone/hadoop-ozone/integration-test/target/test-dir/MiniOzoneClusterImpl-3d114d2a-f85f-45ce-9fd0-840e2dc708c7/datanode-2/data/ratis/7bfd396b-b013-48a3-9028-14e19cf515ad
2021-11-29 08:36:33,375 [Command processor thread] INFO  commandhandler.ClosePipelineCommandHandler (ClosePipelineCommandHandler.java:handle(78)) - Close Pipeline PipelineID=7bfd396b-b013-48a3-9028-14e19cf515ad command on datanode 83afdf48-275c-4aa7-9b86-71b323741a7e.
2021-11-29 08:36:33,566 [Command processor thread] INFO  server.RaftServer (RaftServerProxy.java:addNew(95)) - 2d7c5962-3727-4be5-b7f4-804765c93ab8: addNew group-FFB748EC78CD:[2d7c5962-3727-4be5-b7f4-804765c93ab8|rpc:10.1.0.67:39881|priority:1] returns group-FFB748EC78CD:java.util.concurrent.CompletableFuture@16e02ce7[Not completed]
2021-11-29 08:36:33,567 [pool-220-thread-1] INFO  server.RaftServer$Division (RaftServerImpl.java:<init>(184)) - 2d7c5962-3727-4be5-b7f4-804765c93ab8: new RaftServerImpl for group-FFB748EC78CD:[2d7c5962-3727-4be5-b7f4-804765c93ab8|rpc:10.1.0.67:39881|priority:1] with ContainerStateMachine:uninitialized
2021-11-29 08:36:33,570 [pool-220-thread-1] INFO  server.RaftServerConfigKeys (ConfUtils.java:logGet(44)) - raft.server.rpc.timeout.min = 5s (custom)
2021-11-29 08:36:33,571 [pool-220-thread-1] INFO  server.RaftServerConfigKeys (ConfUtils.java:logGet(44)) - raft.server.rpc.timeout.max = 5200ms (custom)
2021-11-29 08:36:33,571 [pool-220-thread-1] INFO  server.RaftServerConfigKeys (ConfUtils.java:logGet(44)) - raft.server.rpc.sleep.time = 25ms (default)
2021-11-29 08:36:33,571 [pool-220-thread-1] INFO  server.RaftServerConfigKeys (ConfUtils.java:logGet(44)) - raft.server.rpc.slowness.timeout = 300s (custom)
2021-11-29 08:36:33,571 [pool-220-thread-1] INFO  server.RaftServerConfigKeys (ConfUtils.java:logGet(44)) - raft.server.leaderelection.leader.step-down.wait-time = 10s (default)
2021-11-29 08:36:33,571 [pool-220-thread-1] INFO  server.RaftServerConfigKeys (ConfUtils.java:logGet(44)) - raft.server.sleep.deviation.threshold = 300ms (default)
2021-11-29 08:36:33,571 [pool-220-thread-1] INFO  server.RaftServerConfigKeys (ConfUtils.java:logGet(44)) - raft.server.log.appender.install.snapshot.enabled = false (custom)
2021-11-29 08:36:33,571 [pool-220-thread-1] INFO  server.RaftServer$Division (ServerState.java:<init>(105)) - 2d7c5962-3727-4be5-b7f4-804765c93ab8@group-FFB748EC78CD: ConfigurationManager, init=-1: [2d7c5962-3727-4be5-b7f4-804765c93ab8|rpc:10.1.0.67:39881|priority:1], old=null, confs=<EMPTY_MAP>
2021-11-29 08:36:33,571 [pool-220-thread-1] INFO  server.RaftServerConfigKeys (ConfUtils.java:logGet(44)) - raft.server.storage.dir = [/home/runner/work/ozone/ozone/hadoop-ozone/integration-test/target/test-dir/MiniOzoneClusterImpl-c80c5e57-a00d-42e9-a5d1-a1f89d8b0246/datanode-0/data/ratis] (custom)
2021-11-29 08:36:33,571 [pool-220-thread-1] INFO  server.RaftServerConfigKeys (ConfUtils.java:logGet(44)) - raft.server.log.corruption.policy = EXCEPTION (default)
2021-11-29 08:36:33,571 [pool-220-thread-1] INFO  server.RaftServerConfigKeys (ConfUtils.java:logGet(44)) - raft.server.storage.free-space.min = 0MB (=0) (default)
2021-11-29 08:36:33,571 [pool-220-thread-1] INFO  storage.RaftStorageDirectory (RaftStorageDirectoryImpl.java:analyzeStorage(135)) - The storage directory /home/runner/work/ozone/ozone/hadoop-ozone/integration-test/target/test-dir/MiniOzoneClusterImpl-c80c5e57-a00d-42e9-a5d1-a1f89d8b0246/datanode-0/data/ratis/abc075a9-bac1-4f39-b303-ffb748ec78cd does not exist. Creating ...
2021-11-29 08:36:33,573 [pool-220-thread-1] INFO  storage.RaftStorageDirectory (RaftStorageDirectoryImpl.java:tryLock(230)) - Lock on /home/runner/work/ozone/ozone/hadoop-ozone/integration-test/target/test-dir/MiniOzoneClusterImpl-c80c5e57-a00d-42e9-a5d1-a1f89d8b0246/datanode-0/data/ratis/abc075a9-bac1-4f39-b303-ffb748ec78cd/in_use.lock acquired by nodename 398@fv-az294-535
2021-11-29 08:36:33,574 [pool-220-thread-1] INFO  storage.RaftStorage (RaftStorageImpl.java:format(89)) - Storage directory /home/runner/work/ozone/ozone/hadoop-ozone/integration-test/target/test-dir/MiniOzoneClusterImpl-c80c5e57-a00d-42e9-a5d1-a1f89d8b0246/datanode-0/data/ratis/abc075a9-bac1-4f39-b303-ffb748ec78cd has been successfully formatted.
2021-11-29 08:36:33,577 [pool-220-thread-1] INFO  ratis.ContainerStateMachine (ContainerStateMachine.java:loadSnapshot(224)) - group-FFB748EC78CD: The snapshot info is null. Setting the last applied indexto:(t:0, i:~)
2021-11-29 08:36:33,578 [EventQueue-PipelineReportForPipelineReportHandler] INFO  pipeline.PipelineManagerImpl (PipelineManagerImpl.java:openPipeline(289)) - Pipeline Pipeline[ Id: abc075a9-bac1-4f39-b303-ffb748ec78cd, Nodes: 2d7c5962-3727-4be5-b7f4-804765c93ab8{ip: 10.1.0.67, host: fv-az294-535.eaanfquahm5ulb5tj050gcxych.jx.internal.cloudapp.net, ports: [REPLICATION=38675, RATIS=39881, RATIS_ADMIN=39881, RATIS_SERVER=39881, STANDALONE=37755], networkLocation: /default-rack, certSerialId: null, persistedOpState: IN_SERVICE, persistedOpStateExpiryEpochSec: 0}, ReplicationConfig: RATIS/ONE, State:ALLOCATED, leaderId:2d7c5962-3727-4be5-b7f4-804765c93ab8, CreationTimestamp2021-11-29T08:36:30.583Z[Etc/UTC]] moved to OPEN state
2021-11-29 08:36:33,584 [pool-220-thread-1] INFO  server.RaftServerConfigKeys (ConfUtils.java:logGet(44)) - raft.server.notification.no-leader.timeout = 300s (custom)
2021-11-29 08:36:33,584 [pool-220-thread-1] INFO  server.RaftServerConfigKeys (ConfUtils.java:logGet(44)) - raft.server.log.use.memory = false (default)
2021-11-29 08:36:33,584 [pool-220-thread-1] INFO  server.RaftServerConfigKeys (ConfUtils.java:logGet(44)) - raft.server.log.purge.gap = 1000000 (custom)
2021-11-29 08:36:33,584 [pool-220-thread-1] INFO  server.RaftServerConfigKeys (ConfUtils.java:logGet(44)) - raft.server.log.appender.buffer.byte-limit = 33554432 (custom)
2021-11-29 08:36:33,585 [pool-220-thread-1] INFO  server.RaftServerConfigKeys (ConfUtils.java:logGet(44)) - raft.server.log.segment.size.max = 1048576 (custom)
2021-11-29 08:36:33,585 [EventQueue-OpenPipelineForHealthyPipelineSafeModeRule] INFO  safemode.SCMSafeModeManager (HealthyPipelineSafeModeRule.java:process(124)) - SCM in safe mode. Healthy pipelines reported count is 0, required healthy pipeline reported count is 1
2021-11-29 08:36:33,586 [pool-220-thread-1] INFO  server.RaftServerConfigKeys (ConfUtils.java:logGet(44)) - raft.server.log.segment.cache.num.max = 2 (custom)
2021-11-29 08:36:33,587 [pool-220-thread-1] INFO  server.RaftServerConfigKeys (ConfUtils.java:logGet(44)) - raft.server.log.segment.cache.size.max = 200MB (=209715200) (default)
2021-11-29 08:36:33,587 [pool-220-thread-1] INFO  segmented.SegmentedRaftLogWorker (SegmentedRaftLogWorker.java:<init>(182)) - new 2d7c5962-3727-4be5-b7f4-804765c93ab8@group-FFB748EC78CD-SegmentedRaftLogWorker for RaftStorageImpl:Storage Directory /home/runner/work/ozone/ozone/hadoop-ozone/integration-test/target/test-dir/MiniOzoneClusterImpl-c80c5e57-a00d-42e9-a5d1-a1f89d8b0246/datanode-0/data/ratis/abc075a9-bac1-4f39-b303-ffb748ec78cd
2021-11-29 08:36:33,587 [pool-220-thread-1] INFO  server.RaftServerConfigKeys (ConfUtils.java:logGet(44)) - raft.server.log.queue.byte-limit = 2147483647 (custom)
2021-11-29 08:36:33,587 [pool-220-thread-1] INFO  server.RaftServerConfigKeys (ConfUtils.java:logGet(44)) - raft.server.log.queue.element-limit = 1024 (custom)
2021-11-29 08:36:33,587 [pool-220-thread-1] INFO  server.RaftServerConfigKeys (ConfUtils.java:logGet(44)) - raft.server.log.segment.size.max = 1048576 (custom)
2021-11-29 08:36:33,587 [pool-220-thread-1] INFO  server.RaftServerConfigKeys (ConfUtils.java:logGet(44)) - raft.server.log.preallocated.size = 16384 (custom)
2021-11-29 08:36:33,588 [pool-220-thread-1] INFO  server.RaftServerConfigKeys (ConfUtils.java:logGet(44)) - raft.server.log.force.sync.num = 128 (default)
2021-11-29 08:36:33,588 [pool-220-thread-1] INFO  server.RaftServerConfigKeys (ConfUtils.java:logGet(44)) - raft.server.log.statemachine.data.sync = true (default)
2021-11-29 08:36:33,588 [pool-220-thread-1] INFO  server.RaftServerConfigKeys (ConfUtils.java:logGet(44)) - raft.server.log.statemachine.data.sync.timeout = 10s (default)
2021-11-29 08:36:33,588 [pool-220-thread-1] INFO  server.RaftServerConfigKeys (ConfUtils.java:logGet(44)) - raft.server.log.statemachine.data.sync.timeout.retry = -1 (default)
2021-11-29 08:36:33,589 [pool-220-thread-1] INFO  server.RaftServerConfigKeys (ConfUtils.java:logGet(44)) - raft.server.log.write.buffer.size = 1048576 (custom)
2021-11-29 08:36:33,589 [pool-220-thread-1] INFO  server.RaftServerConfigKeys (ConfUtils.java:logGet(44)) - raft.server.log.statemachine.data.caching.enabled = true (custom)
2021-11-29 08:36:33,590 [pool-220-thread-1] INFO  segmented.SegmentedRaftLogWorker (SegmentedRaftLogWorker.java:lambda$new$0(133)) - 2d7c5962-3727-4be5-b7f4-804765c93ab8@group-FFB748EC78CD-SegmentedRaftLogWorker: flushIndex: setUnconditionally 0 -> -1
2021-11-29 08:36:33,590 [pool-220-thread-1] INFO  segmented.SegmentedRaftLogWorker (SegmentedRaftLogWorker.java:lambda$new$0(133)) - 2d7c5962-3727-4be5-b7f4-804765c93ab8@group-FFB748EC78CD-SegmentedRaftLogWorker: safeCacheEvictIndex: setUnconditionally 0 -> -1
2021-11-29 08:36:33,591 [pool-220-thread-1] INFO  server.RaftServerConfigKeys (ConfUtils.java:logGet(44)) - raft.server.snapshot.auto.trigger.enabled = true (custom)
2021-11-29 08:36:33,592 [pool-220-thread-1] INFO  server.RaftServerConfigKeys (ConfUtils.java:logGet(44)) - raft.server.snapshot.auto.trigger.threshold = 10000 (custom)
2021-11-29 08:36:33,592 [pool-220-thread-1] INFO  server.RaftServerConfigKeys (ConfUtils.java:logGet(44)) - raft.server.snapshot.retention.file.num = 5 (custom)
2021-11-29 08:36:33,592 [pool-220-thread-1] INFO  server.RaftServerConfigKeys (ConfUtils.java:logGet(44)) - raft.server.log.purge.upto.snapshot.index = false (default)
2021-11-29 08:36:33,592 [pool-220-thread-1] INFO  server.RaftServerConfigKeys (ConfUtils.java:logGet(44)) - raft.server.retrycache.expirytime = 600000ms (custom)
2021-11-29 08:36:33,592 [pool-220-thread-1] INFO  server.RaftServerConfigKeys (ConfUtils.java:logGet(44)) - raft.server.retrycache.statistics.expirytime = 100μs (default)
2021-11-29 08:36:33,593 [pool-220-thread-1] INFO  server.RaftServer$Division (RaftServerImpl.java:start(301)) - 2d7c5962-3727-4be5-b7f4-804765c93ab8@group-FFB748EC78CD: start as a follower, conf=-1: [2d7c5962-3727-4be5-b7f4-804765c93ab8|rpc:10.1.0.67:39881|priority:1], old=null
2021-11-29 08:36:33,593 [pool-220-thread-1] INFO  server.RaftServer$Division (RaftServerImpl.java:setRole(290)) - 2d7c5962-3727-4be5-b7f4-804765c93ab8@group-FFB748EC78CD: changes role from      null to FOLLOWER at term 0 for startAsFollower
2021-11-29 08:36:33,593 [pool-220-thread-1] INFO  impl.RoleInfo (RoleInfo.java:updateAndGet(130)) - 2d7c5962-3727-4be5-b7f4-804765c93ab8: start 2d7c5962-3727-4be5-b7f4-804765c93ab8@group-FFB748EC78CD-FollowerState
2021-11-29 08:36:33,594 [pool-220-thread-1] INFO  util.JmxRegister (JmxRegister.java:tryRegister(44)) - Successfully registered JMX Bean with object name Ratis:service=RaftServer,group=group-FFB748EC78CD,id=2d7c5962-3727-4be5-b7f4-804765c93ab8
2021-11-29 08:36:33,599 [Command processor thread] INFO  ratis.XceiverServerRatis (XceiverServerRatis.java:addGroup(768)) - Created group PipelineID=abc075a9-bac1-4f39-b303-ffb748ec78cd
2021-11-29 08:36:33,600 [Command processor thread] INFO  commandhandler.CreatePipelineCommandHandler (CreatePipelineCommandHandler.java:handle(106)) - Created Pipeline RATIS ONE PipelineID=abc075a9-bac1-4f39-b303-ffb748ec78cd.
2021-11-29 08:36:33,609 [Command processor thread] INFO  server.RaftServer (RaftServerProxy.java:addNew(95)) - 2d7c5962-3727-4be5-b7f4-804765c93ab8: addNew group-4A3FF73D4B47:[2d7c5962-3727-4be5-b7f4-804765c93ab8|rpc:10.1.0.67:39881|priority:0, 3db34769-df59-458e-92ee-af935640fdc6|rpc:10.1.0.67:41963|priority:0, 64a97b8f-42f6-4daa-ab57-e9e308fe09c3|rpc:10.1.0.67:37201|priority:1] returns group-4A3FF73D4B47:java.util.concurrent.CompletableFuture@12dfaae3[Not completed]
2021-11-29 08:36:33,610 [pool-220-thread-1] INFO  server.RaftServer$Division (RaftServerImpl.java:<init>(184)) - 2d7c5962-3727-4be5-b7f4-804765c93ab8: new RaftServerImpl for group-4A3FF73D4B47:[2d7c5962-3727-4be5-b7f4-804765c93ab8|rpc:10.1.0.67:39881|priority:0, 3db34769-df59-458e-92ee-af935640fdc6|rpc:10.1.0.67:41963|priority:0, 64a97b8f-42f6-4daa-ab57-e9e308fe09c3|rpc:10.1.0.67:37201|priority:1] with ContainerStateMachine:uninitialized
2021-11-29 08:36:33,610 [pool-220-thread-1] INFO  server.RaftServerConfigKeys (ConfUtils.java:logGet(44)) - raft.server.rpc.timeout.min = 5s (custom)
2021-11-29 08:36:33,610 [pool-220-thread-1] INFO  server.RaftServerConfigKeys (ConfUtils.java:logGet(44)) - raft.server.rpc.timeout.max = 5200ms (custom)
2021-11-29 08:36:33,610 [pool-220-thread-1] INFO  server.RaftServerConfigKeys (ConfUtils.java:logGet(44)) - raft.server.rpc.sleep.time = 25ms (default)
2021-11-29 08:36:33,611 [pool-220-thread-1] INFO  server.RaftServerConfigKeys (ConfUtils.java:logGet(44)) - raft.server.rpc.slowness.timeout = 300s (custom)
2021-11-29 08:36:33,611 [pool-220-thread-1] INFO  server.RaftServerConfigKeys (ConfUtils.java:logGet(44)) - raft.server.leaderelection.leader.step-down.wait-time = 10s (default)
2021-11-29 08:36:33,611 [pool-220-thread-1] INFO  server.RaftServerConfigKeys (ConfUtils.java:logGet(44)) - raft.server.sleep.deviation.threshold = 300ms (default)
2021-11-29 08:36:33,611 [pool-220-thread-1] INFO  server.RaftServerConfigKeys (ConfUtils.java:logGet(44)) - raft.server.log.appender.install.snapshot.enabled = false (custom)
2021-11-29 08:36:33,611 [pool-220-thread-1] INFO  server.RaftServer$Division (ServerState.java:<init>(105)) - 2d7c5962-3727-4be5-b7f4-804765c93ab8@group-4A3FF73D4B47: ConfigurationManager, init=-1: [2d7c5962-3727-4be5-b7f4-804765c93ab8|rpc:10.1.0.67:39881|priority:0, 3db34769-df59-458e-92ee-af935640fdc6|rpc:10.1.0.67:41963|priority:0, 64a97b8f-42f6-4daa-ab57-e9e308fe09c3|rpc:10.1.0.67:37201|priority:1], old=null, confs=<EMPTY_MAP>
2021-11-29 08:36:33,611 [pool-220-thread-1] INFO  server.RaftServerConfigKeys (ConfUtils.java:logGet(44)) - raft.server.storage.dir = [/home/runner/work/ozone/ozone/hadoop-ozone/integration-test/target/test-dir/MiniOzoneClusterImpl-c80c5e57-a00d-42e9-a5d1-a1f89d8b0246/datanode-0/data/ratis] (custom)
2021-11-29 08:36:33,611 [pool-220-thread-1] INFO  server.RaftServerConfigKeys (ConfUtils.java:logGet(44)) - raft.server.log.corruption.policy = EXCEPTION (default)
2021-11-29 08:36:33,611 [pool-220-thread-1] INFO  server.RaftServerConfigKeys (ConfUtils.java:logGet(44)) - raft.server.storage.free-space.min = 0MB (=0) (default)
2021-11-29 08:36:33,611 [pool-220-thread-1] INFO  storage.RaftStorageDirectory (RaftStorageDirectoryImpl.java:analyzeStorage(135)) - The storage directory /home/runner/work/ozone/ozone/hadoop-ozone/integration-test/target/test-dir/MiniOzoneClusterImpl-c80c5e57-a00d-42e9-a5d1-a1f89d8b0246/datanode-0/data/ratis/3c3c54e0-ad48-4637-ad65-4a3ff73d4b47 does not exist. Creating ...
2021-11-29 08:36:33,612 [pool-220-thread-1] INFO  storage.RaftStorageDirectory (RaftStorageDirectoryImpl.java:tryLock(230)) - Lock on /home/runner/work/ozone/ozone/hadoop-ozone/integration-test/target/test-dir/MiniOzoneClusterImpl-c80c5e57-a00d-42e9-a5d1-a1f89d8b0246/datanode-0/data/ratis/3c3c54e0-ad48-4637-ad65-4a3ff73d4b47/in_use.lock acquired by nodename 398@fv-az294-535
2021-11-29 08:36:33,613 [pool-220-thread-1] INFO  storage.RaftStorage (RaftStorageImpl.java:format(89)) - Storage directory /home/runner/work/ozone/ozone/hadoop-ozone/integration-test/target/test-dir/MiniOzoneClusterImpl-c80c5e57-a00d-42e9-a5d1-a1f89d8b0246/datanode-0/data/ratis/3c3c54e0-ad48-4637-ad65-4a3ff73d4b47 has been successfully formatted.
2021-11-29 08:36:33,614 [pool-220-thread-1] INFO  ratis.ContainerStateMachine (ContainerStateMachine.java:loadSnapshot(224)) - group-4A3FF73D4B47: The snapshot info is null. Setting the last applied indexto:(t:0, i:~)
2021-11-29 08:36:33,614 [pool-220-thread-1] INFO  server.RaftServerConfigKeys (ConfUtils.java:logGet(44)) - raft.server.notification.no-leader.timeout = 300s (custom)
2021-11-29 08:36:33,615 [pool-220-thread-1] INFO  server.RaftServerConfigKeys (ConfUtils.java:logGet(44)) - raft.server.log.use.memory = false (default)
2021-11-29 08:36:33,616 [pool-220-thread-1] INFO  server.RaftServerConfigKeys (ConfUtils.java:logGet(44)) - raft.server.log.purge.gap = 1000000 (custom)
2021-11-29 08:36:33,616 [pool-220-thread-1] INFO  server.RaftServerConfigKeys (ConfUtils.java:logGet(44)) - raft.server.log.appender.buffer.byte-limit = 33554432 (custom)
2021-11-29 08:36:33,615 [EventQueue-OpenPipelineForHealthyPipelineSafeModeRule] INFO  safemode.SCMSafeModeManager (HealthyPipelineSafeModeRule.java:process(124)) - SCM in safe mode. Healthy pipelines reported count is 0, required healthy pipeline reported count is 1
2021-11-29 08:36:33,616 [pool-220-thread-1] INFO  server.RaftServerConfigKeys (ConfUtils.java:logGet(44)) - raft.server.log.segment.size.max = 1048576 (custom)
2021-11-29 08:36:33,617 [pool-220-thread-1] INFO  server.RaftServerConfigKeys (ConfUtils.java:logGet(44)) - raft.server.log.segment.cache.num.max = 2 (custom)
2021-11-29 08:36:33,617 [pool-220-thread-1] INFO  server.RaftServerConfigKeys (ConfUtils.java:logGet(44)) - raft.server.log.segment.cache.size.max = 200MB (=209715200) (default)
2021-11-29 08:36:33,617 [pool-220-thread-1] INFO  segmented.SegmentedRaftLogWorker (SegmentedRaftLogWorker.java:<init>(182)) - new 2d7c5962-3727-4be5-b7f4-804765c93ab8@group-4A3FF73D4B47-SegmentedRaftLogWorker for RaftStorageImpl:Storage Directory /home/runner/work/ozone/ozone/hadoop-ozone/integration-test/target/test-dir/MiniOzoneClusterImpl-c80c5e57-a00d-42e9-a5d1-a1f89d8b0246/datanode-0/data/ratis/3c3c54e0-ad48-4637-ad65-4a3ff73d4b47
2021-11-29 08:36:33,617 [pool-220-thread-1] INFO  server.RaftServerConfigKeys (ConfUtils.java:logGet(44)) - raft.server.log.queue.byte-limit = 2147483647 (custom)
2021-11-29 08:36:33,617 [pool-220-thread-1] INFO  server.RaftServerConfigKeys (ConfUtils.java:logGet(44)) - raft.server.log.queue.element-limit = 1024 (custom)
2021-11-29 08:36:33,617 [pool-220-thread-1] INFO  server.RaftServerConfigKeys (ConfUtils.java:logGet(44)) - raft.server.log.segment.size.max = 1048576 (custom)
2021-11-29 08:36:33,617 [pool-220-thread-1] INFO  server.RaftServerConfigKeys (ConfUtils.java:logGet(44)) - raft.server.log.preallocated.size = 16384 (custom)
2021-11-29 08:36:33,617 [pool-220-thread-1] INFO  server.RaftServerConfigKeys (ConfUtils.java:logGet(44)) - raft.server.log.force.sync.num = 128 (default)
2021-11-29 08:36:33,617 [pool-220-thread-1] INFO  server.RaftServerConfigKeys (ConfUtils.java:logGet(44)) - raft.server.log.statemachine.data.sync = true (default)
2021-11-29 08:36:33,618 [pool-220-thread-1] INFO  server.RaftServerConfigKeys (ConfUtils.java:logGet(44)) - raft.server.log.statemachine.data.sync.timeout = 10s (default)
2021-11-29 08:36:33,618 [pool-220-thread-1] INFO  server.RaftServerConfigKeys (ConfUtils.java:logGet(44)) - raft.server.log.statemachine.data.sync.timeout.retry = -1 (default)
2021-11-29 08:36:33,618 [pool-220-thread-1] INFO  server.RaftServerConfigKeys (ConfUtils.java:logGet(44)) - raft.server.log.write.buffer.size = 1048576 (custom)
2021-11-29 08:36:33,619 [pool-220-thread-1] INFO  server.RaftServerConfigKeys (ConfUtils.java:logGet(44)) - raft.server.log.statemachine.data.caching.enabled = true (custom)
2021-11-29 08:36:33,619 [pool-220-thread-1] INFO  segmented.SegmentedRaftLogWorker (SegmentedRaftLogWorker.java:lambda$new$0(133)) - 2d7c5962-3727-4be5-b7f4-804765c93ab8@group-4A3FF73D4B47-SegmentedRaftLogWorker: flushIndex: setUnconditionally 0 -> -1
2021-11-29 08:36:33,619 [pool-220-thread-1] INFO  segmented.SegmentedRaftLogWorker (SegmentedRaftLogWorker.java:lambda$new$0(133)) - 2d7c5962-3727-4be5-b7f4-804765c93ab8@group-4A3FF73D4B47-SegmentedRaftLogWorker: safeCacheEvictIndex: setUnconditionally 0 -> -1
2021-11-29 08:36:33,621 [pool-220-thread-1] INFO  server.RaftServerConfigKeys (ConfUtils.java:logGet(44)) - raft.server.snapshot.auto.trigger.enabled = true (custom)
2021-11-29 08:36:33,622 [pool-220-thread-1] INFO  server.RaftServerConfigKeys (ConfUtils.java:logGet(44)) - raft.server.snapshot.auto.trigger.threshold = 10000 (custom)
2021-11-29 08:36:33,622 [pool-220-thread-1] INFO  server.RaftServerConfigKeys (ConfUtils.java:logGet(44)) - raft.server.snapshot.retention.file.num = 5 (custom)
2021-11-29 08:36:33,622 [pool-220-thread-1] INFO  server.RaftServerConfigKeys (ConfUtils.java:logGet(44)) - raft.server.log.purge.upto.snapshot.index = false (default)
2021-11-29 08:36:33,622 [pool-220-thread-1] INFO  server.RaftServerConfigKeys (ConfUtils.java:logGet(44)) - raft.server.retrycache.expirytime = 600000ms (custom)
2021-11-29 08:36:33,622 [pool-220-thread-1] INFO  server.RaftServerConfigKeys (ConfUtils.java:logGet(44)) - raft.server.retrycache.statistics.expirytime = 100μs (default)
2021-11-29 08:36:33,623 [pool-220-thread-1] INFO  server.RaftServer$Division (RaftServerImpl.java:start(301)) - 2d7c5962-3727-4be5-b7f4-804765c93ab8@group-4A3FF73D4B47: start as a follower, conf=-1: [2d7c5962-3727-4be5-b7f4-804765c93ab8|rpc:10.1.0.67:39881|priority:0, 3db34769-df59-458e-92ee-af935640fdc6|rpc:10.1.0.67:41963|priority:0, 64a97b8f-42f6-4daa-ab57-e9e308fe09c3|rpc:10.1.0.67:37201|priority:1], old=null
2021-11-29 08:36:33,623 [pool-220-thread-1] INFO  server.RaftServer$Division (RaftServerImpl.java:setRole(290)) - 2d7c5962-3727-4be5-b7f4-804765c93ab8@group-4A3FF73D4B47: changes role from      null to FOLLOWER at term 0 for startAsFollower
2021-11-29 08:36:33,623 [pool-220-thread-1] INFO  impl.RoleInfo (RoleInfo.java:updateAndGet(130)) - 2d7c5962-3727-4be5-b7f4-804765c93ab8: start 2d7c5962-3727-4be5-b7f4-804765c93ab8@group-4A3FF73D4B47-FollowerState
2021-11-29 08:36:33,625 [pool-220-thread-1] INFO  util.JmxRegister (JmxRegister.java:tryRegister(44)) - Successfully registered JMX Bean with object name Ratis:service=RaftServer,group=group-4A3FF73D4B47,id=2d7c5962-3727-4be5-b7f4-804765c93ab8
2021-11-29 08:36:33,626 [Command processor thread] INFO  ratis.XceiverServerRatis (XceiverServerRatis.java:addGroup(768)) - Created group PipelineID=3c3c54e0-ad48-4637-ad65-4a3ff73d4b47
2021-11-29 08:36:33,638 [grpc-default-executor-1] INFO  server.RaftServer (RaftServerProxy.java:addNew(95)) - 3db34769-df59-458e-92ee-af935640fdc6: addNew group-4A3FF73D4B47:[2d7c5962-3727-4be5-b7f4-804765c93ab8|rpc:10.1.0.67:39881|dataStream:|priority:0, 3db34769-df59-458e-92ee-af935640fdc6|rpc:10.1.0.67:41963|dataStream:|priority:0, 64a97b8f-42f6-4daa-ab57-e9e308fe09c3|rpc:10.1.0.67:37201|dataStream:|priority:1] returns group-4A3FF73D4B47:java.util.concurrent.CompletableFuture@68f3dba8[Not completed]
2021-11-29 08:36:33,639 [pool-296-thread-1] INFO  server.RaftServer$Division (RaftServerImpl.java:<init>(184)) - 3db34769-df59-458e-92ee-af935640fdc6: new RaftServerImpl for group-4A3FF73D4B47:[2d7c5962-3727-4be5-b7f4-804765c93ab8|rpc:10.1.0.67:39881|dataStream:|priority:0, 3db34769-df59-458e-92ee-af935640fdc6|rpc:10.1.0.67:41963|dataStream:|priority:0, 64a97b8f-42f6-4daa-ab57-e9e308fe09c3|rpc:10.1.0.67:37201|dataStream:|priority:1] with ContainerStateMachine:uninitialized
2021-11-29 08:36:33,640 [pool-296-thread-1] INFO  server.RaftServerConfigKeys (ConfUtils.java:logGet(44)) - raft.server.rpc.timeout.min = 5s (custom)
2021-11-29 08:36:33,642 [pool-296-thread-1] INFO  server.RaftServerConfigKeys (ConfUtils.java:logGet(44)) - raft.server.rpc.timeout.max = 5200ms (custom)
2021-11-29 08:36:33,642 [pool-296-thread-1] INFO  server.RaftServerConfigKeys (ConfUtils.java:logGet(44)) - raft.server.rpc.sleep.time = 25ms (default)
2021-11-29 08:36:33,642 [pool-296-thread-1] INFO  server.RaftServerConfigKeys (ConfUtils.java:logGet(44)) - raft.server.rpc.slowness.timeout = 300s (custom)
2021-11-29 08:36:33,642 [pool-296-thread-1] INFO  server.RaftServerConfigKeys (ConfUtils.java:logGet(44)) - raft.server.leaderelection.leader.step-down.wait-time = 10s (default)
2021-11-29 08:36:33,642 [pool-296-thread-1] INFO  server.RaftServerConfigKeys (ConfUtils.java:logGet(44)) - raft.server.sleep.deviation.threshold = 300ms (default)
2021-11-29 08:36:33,643 [pool-296-thread-1] INFO  server.RaftServerConfigKeys (ConfUtils.java:logGet(44)) - raft.server.log.appender.install.snapshot.enabled = false (custom)
2021-11-29 08:36:33,643 [pool-296-thread-1] INFO  server.RaftServer$Division (ServerState.java:<init>(105)) - 3db34769-df59-458e-92ee-af935640fdc6@group-4A3FF73D4B47: ConfigurationManager, init=-1: [2d7c5962-3727-4be5-b7f4-804765c93ab8|rpc:10.1.0.67:39881|dataStream:|priority:0, 3db34769-df59-458e-92ee-af935640fdc6|rpc:10.1.0.67:41963|dataStream:|priority:0, 64a97b8f-42f6-4daa-ab57-e9e308fe09c3|rpc:10.1.0.67:37201|dataStream:|priority:1], old=null, confs=<EMPTY_MAP>
2021-11-29 08:36:33,643 [pool-296-thread-1] INFO  server.RaftServerConfigKeys (ConfUtils.java:logGet(44)) - raft.server.storage.dir = [/home/runner/work/ozone/ozone/hadoop-ozone/integration-test/target/test-dir/MiniOzoneClusterImpl-c80c5e57-a00d-42e9-a5d1-a1f89d8b0246/datanode-2/data/ratis] (custom)
2021-11-29 08:36:33,643 [pool-296-thread-1] INFO  server.RaftServerConfigKeys (ConfUtils.java:logGet(44)) - raft.server.log.corruption.policy = EXCEPTION (default)
2021-11-29 08:36:33,643 [pool-296-thread-1] INFO  server.RaftServerConfigKeys (ConfUtils.java:logGet(44)) - raft.server.storage.free-space.min = 0MB (=0) (default)
2021-11-29 08:36:33,643 [pool-296-thread-1] INFO  storage.RaftStorageDirectory (RaftStorageDirectoryImpl.java:analyzeStorage(135)) - The storage directory /home/runner/work/ozone/ozone/hadoop-ozone/integration-test/target/test-dir/MiniOzoneClusterImpl-c80c5e57-a00d-42e9-a5d1-a1f89d8b0246/datanode-2/data/ratis/3c3c54e0-ad48-4637-ad65-4a3ff73d4b47 does not exist. Creating ...
2021-11-29 08:36:33,644 [pool-296-thread-1] INFO  storage.RaftStorageDirectory (RaftStorageDirectoryImpl.java:tryLock(230)) - Lock on /home/runner/work/ozone/ozone/hadoop-ozone/integration-test/target/test-dir/MiniOzoneClusterImpl-c80c5e57-a00d-42e9-a5d1-a1f89d8b0246/datanode-2/data/ratis/3c3c54e0-ad48-4637-ad65-4a3ff73d4b47/in_use.lock acquired by nodename 398@fv-az294-535
2021-11-29 08:36:33,645 [pool-296-thread-1] INFO  storage.RaftStorage (RaftStorageImpl.java:format(89)) - Storage directory /home/runner/work/ozone/ozone/hadoop-ozone/integration-test/target/test-dir/MiniOzoneClusterImpl-c80c5e57-a00d-42e9-a5d1-a1f89d8b0246/datanode-2/data/ratis/3c3c54e0-ad48-4637-ad65-4a3ff73d4b47 has been successfully formatted.
2021-11-29 08:36:33,647 [pool-296-thread-1] INFO  ratis.ContainerStateMachine (ContainerStateMachine.java:loadSnapshot(224)) - group-4A3FF73D4B47: The snapshot info is null. Setting the last applied indexto:(t:0, i:~)
2021-11-29 08:36:33,647 [pool-296-thread-1] INFO  server.RaftServerConfigKeys (ConfUtils.java:logGet(44)) - raft.server.notification.no-leader.timeout = 300s (custom)
2021-11-29 08:36:33,650 [pool-296-thread-1] INFO  server.RaftServerConfigKeys (ConfUtils.java:logGet(44)) - raft.server.log.use.memory = false (default)
2021-11-29 08:36:33,650 [pool-296-thread-1] INFO  server.RaftServerConfigKeys (ConfUtils.java:logGet(44)) - raft.server.log.purge.gap = 1000000 (custom)
2021-11-29 08:36:33,650 [pool-296-thread-1] INFO  server.RaftServerConfigKeys (ConfUtils.java:logGet(44)) - raft.server.log.appender.buffer.byte-limit = 33554432 (custom)
2021-11-29 08:36:33,650 [pool-296-thread-1] INFO  server.RaftServerConfigKeys (ConfUtils.java:logGet(44)) - raft.server.log.segment.size.max = 1048576 (custom)
2021-11-29 08:36:33,651 [pool-296-thread-1] INFO  server.RaftServerConfigKeys (ConfUtils.java:logGet(44)) - raft.server.log.segment.cache.num.max = 2 (custom)
2021-11-29 08:36:33,651 [pool-296-thread-1] INFO  server.RaftServerConfigKeys (ConfUtils.java:logGet(44)) - raft.server.log.segment.cache.size.max = 200MB (=209715200) (default)
2021-11-29 08:36:33,651 [pool-296-thread-1] INFO  segmented.SegmentedRaftLogWorker (SegmentedRaftLogWorker.java:<init>(182)) - new 3db34769-df59-458e-92ee-af935640fdc6@group-4A3FF73D4B47-SegmentedRaftLogWorker for RaftStorageImpl:Storage Directory /home/runner/work/ozone/ozone/hadoop-ozone/integration-test/target/test-dir/MiniOzoneClusterImpl-c80c5e57-a00d-42e9-a5d1-a1f89d8b0246/datanode-2/data/ratis/3c3c54e0-ad48-4637-ad65-4a3ff73d4b47
2021-11-29 08:36:33,651 [pool-296-thread-1] INFO  server.RaftServerConfigKeys (ConfUtils.java:logGet(44)) - raft.server.log.queue.byte-limit = 2147483647 (custom)
2021-11-29 08:36:33,651 [pool-296-thread-1] INFO  server.RaftServerConfigKeys (ConfUtils.java:logGet(44)) - raft.server.log.queue.element-limit = 1024 (custom)
2021-11-29 08:36:33,651 [pool-296-thread-1] INFO  server.RaftServerConfigKeys (ConfUtils.java:logGet(44)) - raft.server.log.segment.size.max = 1048576 (custom)
2021-11-29 08:36:33,651 [pool-296-thread-1] INFO  server.RaftServerConfigKeys (ConfUtils.java:logGet(44)) - raft.server.log.preallocated.size = 16384 (custom)
2021-11-29 08:36:33,651 [pool-296-thread-1] INFO  server.RaftServerConfigKeys (ConfUtils.java:logGet(44)) - raft.server.log.force.sync.num = 128 (default)
2021-11-29 08:36:33,651 [pool-296-thread-1] INFO  server.RaftServerConfigKeys (ConfUtils.java:logGet(44)) - raft.server.log.statemachine.data.sync = true (default)
2021-11-29 08:36:33,651 [pool-296-thread-1] INFO  server.RaftServerConfigKeys (ConfUtils.java:logGet(44)) - raft.server.log.statemachine.data.sync.timeout = 10s (default)
2021-11-29 08:36:33,651 [pool-296-thread-1] INFO  server.RaftServerConfigKeys (ConfUtils.java:logGet(44)) - raft.server.log.statemachine.data.sync.timeout.retry = -1 (default)
2021-11-29 08:36:33,652 [pool-296-thread-1] INFO  server.RaftServerConfigKeys (ConfUtils.java:logGet(44)) - raft.server.log.write.buffer.size = 1048576 (custom)
2021-11-29 08:36:33,653 [pool-296-thread-1] INFO  server.RaftServerConfigKeys (ConfUtils.java:logGet(44)) - raft.server.log.statemachine.data.caching.enabled = true (custom)
2021-11-29 08:36:33,653 [pool-296-thread-1] INFO  segmented.SegmentedRaftLogWorker (SegmentedRaftLogWorker.java:lambda$new$0(133)) - 3db34769-df59-458e-92ee-af935640fdc6@group-4A3FF73D4B47-SegmentedRaftLogWorker: flushIndex: setUnconditionally 0 -> -1
2021-11-29 08:36:33,653 [pool-296-thread-1] INFO  segmented.SegmentedRaftLogWorker (SegmentedRaftLogWorker.java:lambda$new$0(133)) - 3db34769-df59-458e-92ee-af935640fdc6@group-4A3FF73D4B47-SegmentedRaftLogWorker: safeCacheEvictIndex: setUnconditionally 0 -> -1
2021-11-29 08:36:33,654 [pool-296-thread-1] INFO  server.RaftServerConfigKeys (ConfUtils.java:logGet(44)) - raft.server.snapshot.auto.trigger.enabled = true (custom)
2021-11-29 08:36:33,654 [pool-296-thread-1] INFO  server.RaftServerConfigKeys (ConfUtils.java:logGet(44)) - raft.server.snapshot.auto.trigger.threshold = 10000 (custom)
2021-11-29 08:36:33,654 [pool-296-thread-1] INFO  server.RaftServerConfigKeys (ConfUtils.java:logGet(44)) - raft.server.snapshot.retention.file.num = 5 (custom)
2021-11-29 08:36:33,654 [pool-296-thread-1] INFO  server.RaftServerConfigKeys (ConfUtils.java:logGet(44)) - raft.server.log.purge.upto.snapshot.index = false (default)
2021-11-29 08:36:33,654 [pool-296-thread-1] INFO  server.RaftServerConfigKeys (ConfUtils.java:logGet(44)) - raft.server.retrycache.expirytime = 600000ms (custom)
2021-11-29 08:36:33,654 [pool-296-thread-1] INFO  server.RaftServerConfigKeys (ConfUtils.java:logGet(44)) - raft.server.retrycache.statistics.expirytime = 100μs (default)
2021-11-29 08:36:33,655 [pool-296-thread-1] INFO  server.RaftServer$Division (RaftServerImpl.java:start(301)) - 3db34769-df59-458e-92ee-af935640fdc6@group-4A3FF73D4B47: start as a follower, conf=-1: [2d7c5962-3727-4be5-b7f4-804765c93ab8|rpc:10.1.0.67:39881|dataStream:|priority:0, 3db34769-df59-458e-92ee-af935640fdc6|rpc:10.1.0.67:41963|dataStream:|priority:0, 64a97b8f-42f6-4daa-ab57-e9e308fe09c3|rpc:10.1.0.67:37201|dataStream:|priority:1], old=null
2021-11-29 08:36:33,655 [pool-296-thread-1] INFO  server.RaftServer$Division (RaftServerImpl.java:setRole(290)) - 3db34769-df59-458e-92ee-af935640fdc6@group-4A3FF73D4B47: changes role from      null to FOLLOWER at term 0 for startAsFollower
2021-11-29 08:36:33,655 [pool-296-thread-1] INFO  impl.RoleInfo (RoleInfo.java:updateAndGet(130)) - 3db34769-df59-458e-92ee-af935640fdc6: start 3db34769-df59-458e-92ee-af935640fdc6@group-4A3FF73D4B47-FollowerState
2021-11-29 08:36:33,657 [pool-296-thread-1] INFO  util.JmxRegister (JmxRegister.java:tryRegister(44)) - Successfully registered JMX Bean with object name Ratis:service=RaftServer,group=group-4A3FF73D4B47,id=3db34769-df59-458e-92ee-af935640fdc6
2021-11-29 08:36:33,681 [grpc-default-executor-1] INFO  server.RaftServer (RaftServerProxy.java:addNew(95)) - 64a97b8f-42f6-4daa-ab57-e9e308fe09c3: addNew group-4A3FF73D4B47:[2d7c5962-3727-4be5-b7f4-804765c93ab8|rpc:10.1.0.67:39881|dataStream:|priority:0, 3db34769-df59-458e-92ee-af935640fdc6|rpc:10.1.0.67:41963|dataStream:|priority:0, 64a97b8f-42f6-4daa-ab57-e9e308fe09c3|rpc:10.1.0.67:37201|dataStream:|priority:1] returns group-4A3FF73D4B47:java.util.concurrent.CompletableFuture@241c3d53[Not completed]
2021-11-29 08:36:33,682 [pool-251-thread-1] INFO  server.RaftServer$Division (RaftServerImpl.java:<init>(184)) - 64a97b8f-42f6-4daa-ab57-e9e308fe09c3: new RaftServerImpl for group-4A3FF73D4B47:[2d7c5962-3727-4be5-b7f4-804765c93ab8|rpc:10.1.0.67:39881|dataStream:|priority:0, 3db34769-df59-458e-92ee-af935640fdc6|rpc:10.1.0.67:41963|dataStream:|priority:0, 64a97b8f-42f6-4daa-ab57-e9e308fe09c3|rpc:10.1.0.67:37201|dataStream:|priority:1] with ContainerStateMachine:uninitialized
2021-11-29 08:36:33,688 [pool-251-thread-1] INFO  server.RaftServerConfigKeys (ConfUtils.java:logGet(44)) - raft.server.rpc.timeout.min = 5s (custom)
2021-11-29 08:36:33,688 [pool-251-thread-1] INFO  server.RaftServerConfigKeys (ConfUtils.java:logGet(44)) - raft.server.rpc.timeout.max = 5200ms (custom)
2021-11-29 08:36:33,688 [pool-251-thread-1] INFO  server.RaftServerConfigKeys (ConfUtils.java:logGet(44)) - raft.server.rpc.sleep.time = 25ms (default)
2021-11-29 08:36:33,688 [pool-251-thread-1] INFO  server.RaftServerConfigKeys (ConfUtils.java:logGet(44)) - raft.server.rpc.slowness.timeout = 300s (custom)
2021-11-29 08:36:33,688 [pool-251-thread-1] INFO  server.RaftServerConfigKeys (ConfUtils.java:logGet(44)) - raft.server.leaderelection.leader.step-down.wait-time = 10s (default)
2021-11-29 08:36:33,688 [pool-251-thread-1] INFO  server.RaftServerConfigKeys (ConfUtils.java:logGet(44)) - raft.server.sleep.deviation.threshold = 300ms (default)
2021-11-29 08:36:33,689 [pool-251-thread-1] INFO  server.RaftServerConfigKeys (ConfUtils.java:logGet(44)) - raft.server.log.appender.install.snapshot.enabled = false (custom)
2021-11-29 08:36:33,689 [pool-251-thread-1] INFO  server.RaftServer$Division (ServerState.java:<init>(105)) - 64a97b8f-42f6-4daa-ab57-e9e308fe09c3@group-4A3FF73D4B47: ConfigurationManager, init=-1: [2d7c5962-3727-4be5-b7f4-804765c93ab8|rpc:10.1.0.67:39881|dataStream:|priority:0, 3db34769-df59-458e-92ee-af935640fdc6|rpc:10.1.0.67:41963|dataStream:|priority:0, 64a97b8f-42f6-4daa-ab57-e9e308fe09c3|rpc:10.1.0.67:37201|dataStream:|priority:1], old=null, confs=<EMPTY_MAP>
2021-11-29 08:36:33,689 [pool-251-thread-1] INFO  server.RaftServerConfigKeys (ConfUtils.java:logGet(44)) - raft.server.storage.dir = [/home/runner/work/ozone/ozone/hadoop-ozone/integration-test/target/test-dir/MiniOzoneClusterImpl-c80c5e57-a00d-42e9-a5d1-a1f89d8b0246/datanode-1/data/ratis] (custom)
2021-11-29 08:36:33,689 [pool-251-thread-1] INFO  server.RaftServerConfigKeys (ConfUtils.java:logGet(44)) - raft.server.log.corruption.policy = EXCEPTION (default)
2021-11-29 08:36:33,689 [pool-251-thread-1] INFO  server.RaftServerConfigKeys (ConfUtils.java:logGet(44)) - raft.server.storage.free-space.min = 0MB (=0) (default)
2021-11-29 08:36:33,689 [pool-251-thread-1] INFO  storage.RaftStorageDirectory (RaftStorageDirectoryImpl.java:analyzeStorage(135)) - The storage directory /home/runner/work/ozone/ozone/hadoop-ozone/integration-test/target/test-dir/MiniOzoneClusterImpl-c80c5e57-a00d-42e9-a5d1-a1f89d8b0246/datanode-1/data/ratis/3c3c54e0-ad48-4637-ad65-4a3ff73d4b47 does not exist. Creating ...
2021-11-29 08:36:33,690 [pool-251-thread-1] INFO  storage.RaftStorageDirectory (RaftStorageDirectoryImpl.java:tryLock(230)) - Lock on /home/runner/work/ozone/ozone/hadoop-ozone/integration-test/target/test-dir/MiniOzoneClusterImpl-c80c5e57-a00d-42e9-a5d1-a1f89d8b0246/datanode-1/data/ratis/3c3c54e0-ad48-4637-ad65-4a3ff73d4b47/in_use.lock acquired by nodename 398@fv-az294-535
2021-11-29 08:36:33,691 [pool-251-thread-1] INFO  storage.RaftStorage (RaftStorageImpl.java:format(89)) - Storage directory /home/runner/work/ozone/ozone/hadoop-ozone/integration-test/target/test-dir/MiniOzoneClusterImpl-c80c5e57-a00d-42e9-a5d1-a1f89d8b0246/datanode-1/data/ratis/3c3c54e0-ad48-4637-ad65-4a3ff73d4b47 has been successfully formatted.
2021-11-29 08:36:33,694 [pool-251-thread-1] INFO  ratis.ContainerStateMachine (ContainerStateMachine.java:loadSnapshot(224)) - group-4A3FF73D4B47: The snapshot info is null. Setting the last applied indexto:(t:0, i:~)
2021-11-29 08:36:33,694 [pool-251-thread-1] INFO  server.RaftServerConfigKeys (ConfUtils.java:logGet(44)) - raft.server.notification.no-leader.timeout = 300s (custom)
2021-11-29 08:36:33,695 [pool-251-thread-1] INFO  server.RaftServerConfigKeys (ConfUtils.java:logGet(44)) - raft.server.log.use.memory = false (default)
2021-11-29 08:36:33,695 [pool-251-thread-1] INFO  server.RaftServerConfigKeys (ConfUtils.java:logGet(44)) - raft.server.log.purge.gap = 1000000 (custom)
2021-11-29 08:36:33,695 [pool-251-thread-1] INFO  server.RaftServerConfigKeys (ConfUtils.java:logGet(44)) - raft.server.log.appender.buffer.byte-limit = 33554432 (custom)
2021-11-29 08:36:33,695 [pool-251-thread-1] INFO  server.RaftServerConfigKeys (ConfUtils.java:logGet(44)) - raft.server.log.segment.size.max = 1048576 (custom)
2021-11-29 08:36:33,696 [pool-251-thread-1] INFO  server.RaftServerConfigKeys (ConfUtils.java:logGet(44)) - raft.server.log.segment.cache.num.max = 2 (custom)
2021-11-29 08:36:33,696 [pool-251-thread-1] INFO  server.RaftServerConfigKeys (ConfUtils.java:logGet(44)) - raft.server.log.segment.cache.size.max = 200MB (=209715200) (default)
2021-11-29 08:36:33,696 [pool-251-thread-1] INFO  segmented.SegmentedRaftLogWorker (SegmentedRaftLogWorker.java:<init>(182)) - new 64a97b8f-42f6-4daa-ab57-e9e308fe09c3@group-4A3FF73D4B47-SegmentedRaftLogWorker for RaftStorageImpl:Storage Directory /home/runner/work/ozone/ozone/hadoop-ozone/integration-test/target/test-dir/MiniOzoneClusterImpl-c80c5e57-a00d-42e9-a5d1-a1f89d8b0246/datanode-1/data/ratis/3c3c54e0-ad48-4637-ad65-4a3ff73d4b47
2021-11-29 08:36:33,696 [pool-251-thread-1] INFO  server.RaftServerConfigKeys (ConfUtils.java:logGet(44)) - raft.server.log.queue.byte-limit = 2147483647 (custom)
2021-11-29 08:36:33,696 [pool-251-thread-1] INFO  server.RaftServerConfigKeys (ConfUtils.java:logGet(44)) - raft.server.log.queue.element-limit = 1024 (custom)
2021-11-29 08:36:33,696 [pool-251-thread-1] INFO  server.RaftServerConfigKeys (ConfUtils.java:logGet(44)) - raft.server.log.segment.size.max = 1048576 (custom)
2021-11-29 08:36:33,696 [pool-251-thread-1] INFO  server.RaftServerConfigKeys (ConfUtils.java:logGet(44)) - raft.server.log.preallocated.size = 16384 (custom)
2021-11-29 08:36:33,697 [pool-251-thread-1] INFO  server.RaftServerConfigKeys (ConfUtils.java:logGet(44)) - raft.server.log.force.sync.num = 128 (default)
2021-11-29 08:36:33,697 [pool-251-thread-1] INFO  server.RaftServerConfigKeys (ConfUtils.java:logGet(44)) - raft.server.log.statemachine.data.sync = true (default)
2021-11-29 08:36:33,697 [pool-251-thread-1] INFO  server.RaftServerConfigKeys (ConfUtils.java:logGet(44)) - raft.server.log.statemachine.data.sync.timeout = 10s (default)
2021-11-29 08:36:33,697 [pool-251-thread-1] INFO  server.RaftServerConfigKeys (ConfUtils.java:logGet(44)) - raft.server.log.statemachine.data.sync.timeout.retry = -1 (default)
2021-11-29 08:36:33,698 [pool-251-thread-1] INFO  server.RaftServerConfigKeys (ConfUtils.java:logGet(44)) - raft.server.log.write.buffer.size = 1048576 (custom)
2021-11-29 08:36:33,699 [pool-251-thread-1] INFO  server.RaftServerConfigKeys (ConfUtils.java:logGet(44)) - raft.server.log.statemachine.data.caching.enabled = true (custom)
2021-11-29 08:36:33,699 [pool-251-thread-1] INFO  segmented.SegmentedRaftLogWorker (SegmentedRaftLogWorker.java:lambda$new$0(133)) - 64a97b8f-42f6-4daa-ab57-e9e308fe09c3@group-4A3FF73D4B47-SegmentedRaftLogWorker: flushIndex: setUnconditionally 0 -> -1
2021-11-29 08:36:33,699 [pool-251-thread-1] INFO  segmented.SegmentedRaftLogWorker (SegmentedRaftLogWorker.java:lambda$new$0(133)) - 64a97b8f-42f6-4daa-ab57-e9e308fe09c3@group-4A3FF73D4B47-SegmentedRaftLogWorker: safeCacheEvictIndex: setUnconditionally 0 -> -1
2021-11-29 08:36:33,699 [pool-251-thread-1] INFO  server.RaftServerConfigKeys (ConfUtils.java:logGet(44)) - raft.server.snapshot.auto.trigger.enabled = true (custom)
2021-11-29 08:36:33,699 [pool-251-thread-1] INFO  server.RaftServerConfigKeys (ConfUtils.java:logGet(44)) - raft.server.snapshot.auto.trigger.threshold = 10000 (custom)
2021-11-29 08:36:33,699 [pool-251-thread-1] INFO  server.RaftServerConfigKeys (ConfUtils.java:logGet(44)) - raft.server.snapshot.retention.file.num = 5 (custom)
2021-11-29 08:36:33,699 [pool-251-thread-1] INFO  server.RaftServerConfigKeys (ConfUtils.java:logGet(44)) - raft.server.log.purge.upto.snapshot.index = false (default)
2021-11-29 08:36:33,699 [pool-251-thread-1] INFO  server.RaftServerConfigKeys (ConfUtils.java:logGet(44)) - raft.server.retrycache.expirytime = 600000ms (custom)
2021-11-29 08:36:33,699 [pool-251-thread-1] INFO  server.RaftServerConfigKeys (ConfUtils.java:logGet(44)) - raft.server.retrycache.statistics.expirytime = 100μs (default)
2021-11-29 08:36:33,701 [pool-251-thread-1] INFO  server.RaftServer$Division (RaftServerImpl.java:start(301)) - 64a97b8f-42f6-4daa-ab57-e9e308fe09c3@group-4A3FF73D4B47: start as a follower, conf=-1: [2d7c5962-3727-4be5-b7f4-804765c93ab8|rpc:10.1.0.67:39881|dataStream:|priority:0, 3db34769-df59-458e-92ee-af935640fdc6|rpc:10.1.0.67:41963|dataStream:|priority:0, 64a97b8f-42f6-4daa-ab57-e9e308fe09c3|rpc:10.1.0.67:37201|dataStream:|priority:1], old=null
2021-11-29 08:36:33,701 [pool-251-thread-1] INFO  server.RaftServer$Division (RaftServerImpl.java:setRole(290)) - 64a97b8f-42f6-4daa-ab57-e9e308fe09c3@group-4A3FF73D4B47: changes role from      null to FOLLOWER at term 0 for startAsFollower
2021-11-29 08:36:33,701 [pool-251-thread-1] INFO  impl.RoleInfo (RoleInfo.java:updateAndGet(130)) - 64a97b8f-42f6-4daa-ab57-e9e308fe09c3: start 64a97b8f-42f6-4daa-ab57-e9e308fe09c3@group-4A3FF73D4B47-FollowerState
2021-11-29 08:36:33,701 [pool-251-thread-1] INFO  util.JmxRegister (JmxRegister.java:tryRegister(44)) - Successfully registered JMX Bean with object name Ratis:service=RaftServer,group=group-4A3FF73D4B47,id=64a97b8f-42f6-4daa-ab57-e9e308fe09c3
2021-11-29 08:36:33,708 [Command processor thread] INFO  commandhandler.CreatePipelineCommandHandler (CreatePipelineCommandHandler.java:handle(106)) - Created Pipeline RATIS THREE PipelineID=3c3c54e0-ad48-4637-ad65-4a3ff73d4b47.
2021-11-29 08:36:33,822 [DatanodeAdminManager-0] INFO  node.DatanodeAdminMonitorImpl (DatanodeAdminMonitorImpl.java:checkContainersReplicatedOnNode(306)) - f37cff1b-38c0-4a70-af4a-cd1c41c703b6{ip: 10.1.0.67, host: fv-az294-535.eaanfquahm5ulb5tj050gcxych.jx.internal.cloudapp.net, ports: [REPLICATION=37085, RATIS=40907, RATIS_ADMIN=40907, RATIS_SERVER=40907, STANDALONE=46669], networkLocation: /default-rack, certSerialId: null, persistedOpState: DECOMMISSIONING, persistedOpStateExpiryEpochSec: 0} has 0 sufficientlyReplicated, 3 underReplicated and 0 unhealthy containers
2021-11-29 08:36:33,822 [DatanodeAdminManager-0] INFO  node.DatanodeAdminMonitorImpl (DatanodeAdminMonitorImpl.java:run(137)) - There are 1 nodes tracked for decommission and maintenance. 0 pending nodes.
2021-11-29 08:36:33,830 [ReplicationMonitor] INFO  container.ReplicationManager (ReplicationManager.java:forceCloseContainer(1082)) - Force closing container #1 with BCSID 73, which is in QUASI_CLOSED state.
2021-11-29 08:36:33,831 [ReplicationMonitor] INFO  container.ReplicationManager (ReplicationManager.java:sendCloseCommand(1491)) - Sending close container command for container #1 to datanode 83afdf48-275c-4aa7-9b86-71b323741a7e{ip: 10.1.0.67, host: fv-az294-535.eaanfquahm5ulb5tj050gcxych.jx.internal.cloudapp.net, ports: [REPLICATION=37283, RATIS=36653, RATIS_ADMIN=36653, RATIS_SERVER=36653, STANDALONE=36121], networkLocation: /default-rack, certSerialId: null, persistedOpState: IN_SERVICE, persistedOpStateExpiryEpochSec: 0}.
2021-11-29 08:36:33,831 [ReplicationMonitor] INFO  container.ReplicationManager (ReplicationManager.java:sendCloseCommand(1491)) - Sending close container command for container #1 to datanode 04f8ee08-a2ad-484b-9e4f-8959f0ebf609{ip: 10.1.0.67, host: fv-az294-535.eaanfquahm5ulb5tj050gcxych.jx.internal.cloudapp.net, ports: [REPLICATION=46107, RATIS=45751, RATIS_ADMIN=45751, RATIS_SERVER=45751, STANDALONE=33203], networkLocation: /default-rack, certSerialId: null, persistedOpState: IN_SERVICE, persistedOpStateExpiryEpochSec: 0}.
2021-11-29 08:36:33,832 [ReplicationMonitor] INFO  container.ReplicationManager (ReplicationManager.java:forceCloseContainer(1082)) - Force closing container #2 with BCSID 77, which is in QUASI_CLOSED state.
2021-11-29 08:36:33,832 [ReplicationMonitor] INFO  container.ReplicationManager (ReplicationManager.java:sendCloseCommand(1491)) - Sending close container command for container #2 to datanode 04f8ee08-a2ad-484b-9e4f-8959f0ebf609{ip: 10.1.0.67, host: fv-az294-535.eaanfquahm5ulb5tj050gcxych.jx.internal.cloudapp.net, ports: [REPLICATION=46107, RATIS=45751, RATIS_ADMIN=45751, RATIS_SERVER=45751, STANDALONE=33203], networkLocation: /default-rack, certSerialId: null, persistedOpState: IN_SERVICE, persistedOpStateExpiryEpochSec: 0}.
2021-11-29 08:36:33,832 [ReplicationMonitor] INFO  container.ReplicationManager (ReplicationManager.java:sendCloseCommand(1491)) - Sending close container command for container #2 to datanode 83afdf48-275c-4aa7-9b86-71b323741a7e{ip: 10.1.0.67, host: fv-az294-535.eaanfquahm5ulb5tj050gcxych.jx.internal.cloudapp.net, ports: [REPLICATION=37283, RATIS=36653, RATIS_ADMIN=36653, RATIS_SERVER=36653, STANDALONE=36121], networkLocation: /default-rack, certSerialId: null, persistedOpState: IN_SERVICE, persistedOpStateExpiryEpochSec: 0}.
2021-11-29 08:36:33,832 [ReplicationMonitor] INFO  container.ReplicationManager (ReplicationManager.java:forceCloseContainer(1082)) - Force closing container #3 with BCSID 69, which is in QUASI_CLOSED state.
2021-11-29 08:36:33,832 [ReplicationMonitor] INFO  container.ReplicationManager (ReplicationManager.java:sendCloseCommand(1491)) - Sending close container command for container #3 to datanode 04f8ee08-a2ad-484b-9e4f-8959f0ebf609{ip: 10.1.0.67, host: fv-az294-535.eaanfquahm5ulb5tj050gcxych.jx.internal.cloudapp.net, ports: [REPLICATION=46107, RATIS=45751, RATIS_ADMIN=45751, RATIS_SERVER=45751, STANDALONE=33203], networkLocation: /default-rack, certSerialId: null, persistedOpState: IN_SERVICE, persistedOpStateExpiryEpochSec: 0}.
2021-11-29 08:36:33,832 [ReplicationMonitor] INFO  container.ReplicationManager (ReplicationManager.java:sendCloseCommand(1491)) - Sending close container command for container #3 to datanode 83afdf48-275c-4aa7-9b86-71b323741a7e{ip: 10.1.0.67, host: fv-az294-535.eaanfquahm5ulb5tj050gcxych.jx.internal.cloudapp.net, ports: [REPLICATION=37283, RATIS=36653, RATIS_ADMIN=36653, RATIS_SERVER=36653, STANDALONE=36121], networkLocation: /default-rack, certSerialId: null, persistedOpState: IN_SERVICE, persistedOpStateExpiryEpochSec: 0}.
2021-11-29 08:36:33,832 [ReplicationMonitor] INFO  container.ReplicationManager (ReplicationManager.java:processAll(371)) - Replication Monitor Thread took 4 milliseconds for processing 3 containers.
2021-11-29 08:36:33,903 [Listener at 127.0.0.1/38371] INFO  ozone.MiniOzoneClusterImpl (MiniOzoneClusterImpl.java:lambda$waitForClusterToBeReady$0(235)) - Nodes are ready. Got 6 of 6 DN Heartbeats.
2021-11-29 08:36:33,903 [Listener at 127.0.0.1/38371] INFO  ozone.MiniOzoneClusterImpl (MiniOzoneClusterImpl.java:lambda$waitForClusterToBeReady$0(238)) - Waiting for cluster to exit safe mode
2021-11-29 08:36:33,903 [Listener at 127.0.0.1/38371] INFO  ozone.MiniOzoneClusterImpl (MiniOzoneClusterImpl.java:lambda$waitForClusterToBeReady$0(240)) - SCM became leader
2021-11-29 08:36:34,068 [Command processor thread] INFO  server.RaftServer (RaftServerProxy.java:addNew(95)) - 64a97b8f-42f6-4daa-ab57-e9e308fe09c3: addNew group-171E18DECA2F:[64a97b8f-42f6-4daa-ab57-e9e308fe09c3|rpc:10.1.0.67:37201|priority:1] returns group-171E18DECA2F:java.util.concurrent.CompletableFuture@43617cce[Not completed]
2021-11-29 08:36:34,069 [pool-251-thread-1] INFO  server.RaftServer$Division (RaftServerImpl.java:<init>(184)) - 64a97b8f-42f6-4daa-ab57-e9e308fe09c3: new RaftServerImpl for group-171E18DECA2F:[64a97b8f-42f6-4daa-ab57-e9e308fe09c3|rpc:10.1.0.67:37201|priority:1] with ContainerStateMachine:uninitialized
2021-11-29 08:36:34,069 [pool-251-thread-1] INFO  server.RaftServerConfigKeys (ConfUtils.java:logGet(44)) - raft.server.rpc.timeout.min = 5s (custom)
2021-11-29 08:36:34,069 [pool-251-thread-1] INFO  server.RaftServerConfigKeys (ConfUtils.java:logGet(44)) - raft.server.rpc.timeout.max = 5200ms (custom)
2021-11-29 08:36:34,069 [pool-251-thread-1] INFO  server.RaftServerConfigKeys (ConfUtils.java:logGet(44)) - raft.server.rpc.sleep.time = 25ms (default)
2021-11-29 08:36:34,069 [pool-251-thread-1] INFO  server.RaftServerConfigKeys (ConfUtils.java:logGet(44)) - raft.server.rpc.slowness.timeout = 300s (custom)
2021-11-29 08:36:34,069 [pool-251-thread-1] INFO  server.RaftServerConfigKeys (ConfUtils.java:logGet(44)) - raft.server.leaderelection.leader.step-down.wait-time = 10s (default)
2021-11-29 08:36:34,069 [pool-251-thread-1] INFO  server.RaftServerConfigKeys (ConfUtils.java:logGet(44)) - raft.server.sleep.deviation.threshold = 300ms (default)
2021-11-29 08:36:34,069 [pool-251-thread-1] INFO  server.RaftServerConfigKeys (ConfUtils.java:logGet(44)) - raft.server.log.appender.install.snapshot.enabled = false (custom)
2021-11-29 08:36:34,070 [pool-251-thread-1] INFO  server.RaftServer$Division (ServerState.java:<init>(105)) - 64a97b8f-42f6-4daa-ab57-e9e308fe09c3@group-171E18DECA2F: ConfigurationManager, init=-1: [64a97b8f-42f6-4daa-ab57-e9e308fe09c3|rpc:10.1.0.67:37201|priority:1], old=null, confs=<EMPTY_MAP>
2021-11-29 08:36:34,070 [pool-251-thread-1] INFO  server.RaftServerConfigKeys (ConfUtils.java:logGet(44)) - raft.server.storage.dir = [/home/runner/work/ozone/ozone/hadoop-ozone/integration-test/target/test-dir/MiniOzoneClusterImpl-c80c5e57-a00d-42e9-a5d1-a1f89d8b0246/datanode-1/data/ratis] (custom)
2021-11-29 08:36:34,070 [pool-251-thread-1] INFO  server.RaftServerConfigKeys (ConfUtils.java:logGet(44)) - raft.server.log.corruption.policy = EXCEPTION (default)
2021-11-29 08:36:34,070 [pool-251-thread-1] INFO  server.RaftServerConfigKeys (ConfUtils.java:logGet(44)) - raft.server.storage.free-space.min = 0MB (=0) (default)
2021-11-29 08:36:34,070 [pool-251-thread-1] INFO  storage.RaftStorageDirectory (RaftStorageDirectoryImpl.java:analyzeStorage(135)) - The storage directory /home/runner/work/ozone/ozone/hadoop-ozone/integration-test/target/test-dir/MiniOzoneClusterImpl-c80c5e57-a00d-42e9-a5d1-a1f89d8b0246/datanode-1/data/ratis/80186afd-52c7-4a9a-9bf4-171e18deca2f does not exist. Creating ...
2021-11-29 08:36:34,071 [pool-251-thread-1] INFO  storage.RaftStorageDirectory (RaftStorageDirectoryImpl.java:tryLock(230)) - Lock on /home/runner/work/ozone/ozone/hadoop-ozone/integration-test/target/test-dir/MiniOzoneClusterImpl-c80c5e57-a00d-42e9-a5d1-a1f89d8b0246/datanode-1/data/ratis/80186afd-52c7-4a9a-9bf4-171e18deca2f/in_use.lock acquired by nodename 398@fv-az294-535
2021-11-29 08:36:34,072 [pool-251-thread-1] INFO  storage.RaftStorage (RaftStorageImpl.java:format(89)) - Storage directory /home/runner/work/ozone/ozone/hadoop-ozone/integration-test/target/test-dir/MiniOzoneClusterImpl-c80c5e57-a00d-42e9-a5d1-a1f89d8b0246/datanode-1/data/ratis/80186afd-52c7-4a9a-9bf4-171e18deca2f has been successfully formatted.
2021-11-29 08:36:34,072 [pool-251-thread-1] INFO  ratis.ContainerStateMachine (ContainerStateMachine.java:loadSnapshot(224)) - group-171E18DECA2F: The snapshot info is null. Setting the last applied indexto:(t:0, i:~)
2021-11-29 08:36:34,073 [pool-251-thread-1] INFO  server.RaftServerConfigKeys (ConfUtils.java:logGet(44)) - raft.server.notification.no-leader.timeout = 300s (custom)
2021-11-29 08:36:34,073 [pool-251-thread-1] INFO  server.RaftServerConfigKeys (ConfUtils.java:logGet(44)) - raft.server.log.use.memory = false (default)
2021-11-29 08:36:34,073 [pool-251-thread-1] INFO  server.RaftServerConfigKeys (ConfUtils.java:logGet(44)) - raft.server.log.purge.gap = 1000000 (custom)
2021-11-29 08:36:34,073 [pool-251-thread-1] INFO  server.RaftServerConfigKeys (ConfUtils.java:logGet(44)) - raft.server.log.appender.buffer.byte-limit = 33554432 (custom)
2021-11-29 08:36:34,073 [pool-251-thread-1] INFO  server.RaftServerConfigKeys (ConfUtils.java:logGet(44)) - raft.server.log.segment.size.max = 1048576 (custom)
2021-11-29 08:36:34,074 [pool-251-thread-1] INFO  server.RaftServerConfigKeys (ConfUtils.java:logGet(44)) - raft.server.log.segment.cache.num.max = 2 (custom)
2021-11-29 08:36:34,074 [pool-251-thread-1] INFO  server.RaftServerConfigKeys (ConfUtils.java:logGet(44)) - raft.server.log.segment.cache.size.max = 200MB (=209715200) (default)
2021-11-29 08:36:34,074 [pool-251-thread-1] INFO  segmented.SegmentedRaftLogWorker (SegmentedRaftLogWorker.java:<init>(182)) - new 64a97b8f-42f6-4daa-ab57-e9e308fe09c3@group-171E18DECA2F-SegmentedRaftLogWorker for RaftStorageImpl:Storage Directory /home/runner/work/ozone/ozone/hadoop-ozone/integration-test/target/test-dir/MiniOzoneClusterImpl-c80c5e57-a00d-42e9-a5d1-a1f89d8b0246/datanode-1/data/ratis/80186afd-52c7-4a9a-9bf4-171e18deca2f
2021-11-29 08:36:34,074 [pool-251-thread-1] INFO  server.RaftServerConfigKeys (ConfUtils.java:logGet(44)) - raft.server.log.queue.byte-limit = 2147483647 (custom)
2021-11-29 08:36:34,074 [pool-251-thread-1] INFO  server.RaftServerConfigKeys (ConfUtils.java:logGet(44)) - raft.server.log.queue.element-limit = 1024 (custom)
2021-11-29 08:36:34,075 [pool-251-thread-1] INFO  server.RaftServerConfigKeys (ConfUtils.java:logGet(44)) - raft.server.log.segment.size.max = 1048576 (custom)
2021-11-29 08:36:34,075 [EventQueue-PipelineReportForPipelineReportHandler] INFO  pipeline.PipelineManagerImpl (PipelineManagerImpl.java:openPipeline(289)) - Pipeline Pipeline[ Id: 80186afd-52c7-4a9a-9bf4-171e18deca2f, Nodes: 64a97b8f-42f6-4daa-ab57-e9e308fe09c3{ip: 10.1.0.67, host: fv-az294-535.eaanfquahm5ulb5tj050gcxych.jx.internal.cloudapp.net, ports: [REPLICATION=36791, RATIS=37201, RATIS_ADMIN=37201, RATIS_SERVER=37201, STANDALONE=43035], networkLocation: /default-rack, certSerialId: null, persistedOpState: IN_SERVICE, persistedOpStateExpiryEpochSec: 0}, ReplicationConfig: RATIS/ONE, State:ALLOCATED, leaderId:64a97b8f-42f6-4daa-ab57-e9e308fe09c3, CreationTimestamp2021-11-29T08:36:31.089Z[Etc/UTC]] moved to OPEN state
2021-11-29 08:36:34,075 [pool-251-thread-1] INFO  server.RaftServerConfigKeys (ConfUtils.java:logGet(44)) - raft.server.log.preallocated.size = 16384 (custom)
2021-11-29 08:36:34,075 [pool-251-thread-1] INFO  server.RaftServerConfigKeys (ConfUtils.java:logGet(44)) - raft.server.log.force.sync.num = 128 (default)
2021-11-29 08:36:34,075 [pool-251-thread-1] INFO  server.RaftServerConfigKeys (ConfUtils.java:logGet(44)) - raft.server.log.statemachine.data.sync = true (default)
2021-11-29 08:36:34,075 [EventQueue-OpenPipelineForHealthyPipelineSafeModeRule] INFO  safemode.SCMSafeModeManager (HealthyPipelineSafeModeRule.java:process(124)) - SCM in safe mode. Healthy pipelines reported count is 0, required healthy pipeline reported count is 1
2021-11-29 08:36:34,075 [pool-251-thread-1] INFO  server.RaftServerConfigKeys (ConfUtils.java:logGet(44)) - raft.server.log.statemachine.data.sync.timeout = 10s (default)
2021-11-29 08:36:34,075 [pool-251-thread-1] INFO  server.RaftServerConfigKeys (ConfUtils.java:logGet(44)) - raft.server.log.statemachine.data.sync.timeout.retry = -1 (default)
2021-11-29 08:36:34,076 [pool-251-thread-1] INFO  server.RaftServerConfigKeys (ConfUtils.java:logGet(44)) - raft.server.log.write.buffer.size = 1048576 (custom)
2021-11-29 08:36:34,077 [pool-251-thread-1] INFO  server.RaftServerConfigKeys (ConfUtils.java:logGet(44)) - raft.server.log.statemachine.data.caching.enabled = true (custom)
2021-11-29 08:36:34,078 [pool-251-thread-1] INFO  segmented.SegmentedRaftLogWorker (SegmentedRaftLogWorker.java:lambda$new$0(133)) - 64a97b8f-42f6-4daa-ab57-e9e308fe09c3@group-171E18DECA2F-SegmentedRaftLogWorker: flushIndex: setUnconditionally 0 -> -1
2021-11-29 08:36:34,079 [pool-251-thread-1] INFO  segmented.SegmentedRaftLogWorker (SegmentedRaftLogWorker.java:lambda$new$0(133)) - 64a97b8f-42f6-4daa-ab57-e9e308fe09c3@group-171E18DECA2F-SegmentedRaftLogWorker: safeCacheEvictIndex: setUnconditionally 0 -> -1
2021-11-29 08:36:34,079 [pool-251-thread-1] INFO  server.RaftServerConfigKeys (ConfUtils.java:logGet(44)) - raft.server.snapshot.auto.trigger.enabled = true (custom)
2021-11-29 08:36:34,079 [pool-251-thread-1] INFO  server.RaftServerConfigKeys (ConfUtils.java:logGet(44)) - raft.server.snapshot.auto.trigger.threshold = 10000 (custom)
2021-11-29 08:36:34,079 [pool-251-thread-1] INFO  server.RaftServerConfigKeys (ConfUtils.java:logGet(44)) - raft.server.snapshot.retention.file.num = 5 (custom)
2021-11-29 08:36:34,079 [pool-251-thread-1] INFO  server.RaftServerConfigKeys (ConfUtils.java:logGet(44)) - raft.server.log.purge.upto.snapshot.index = false (default)
2021-11-29 08:36:34,079 [pool-251-thread-1] INFO  server.RaftServerConfigKeys (ConfUtils.java:logGet(44)) - raft.server.retrycache.expirytime = 600000ms (custom)
2021-11-29 08:36:34,079 [pool-251-thread-1] INFO  server.RaftServerConfigKeys (ConfUtils.java:logGet(44)) - raft.server.retrycache.statistics.expirytime = 100μs (default)
2021-11-29 08:36:34,080 [pool-251-thread-1] INFO  server.RaftServer$Division (RaftServerImpl.java:start(301)) - 64a97b8f-42f6-4daa-ab57-e9e308fe09c3@group-171E18DECA2F: start as a follower, conf=-1: [64a97b8f-42f6-4daa-ab57-e9e308fe09c3|rpc:10.1.0.67:37201|priority:1], old=null
2021-11-29 08:36:34,080 [pool-251-thread-1] INFO  server.RaftServer$Division (RaftServerImpl.java:setRole(290)) - 64a97b8f-42f6-4daa-ab57-e9e308fe09c3@group-171E18DECA2F: changes role from      null to FOLLOWER at term 0 for startAsFollower
2021-11-29 08:36:34,080 [pool-251-thread-1] INFO  impl.RoleInfo (RoleInfo.java:updateAndGet(130)) - 64a97b8f-42f6-4daa-ab57-e9e308fe09c3: start 64a97b8f-42f6-4daa-ab57-e9e308fe09c3@group-171E18DECA2F-FollowerState
2021-11-29 08:36:34,081 [pool-251-thread-1] INFO  util.JmxRegister (JmxRegister.java:tryRegister(44)) - Successfully registered JMX Bean with object name Ratis:service=RaftServer,group=group-171E18DECA2F,id=64a97b8f-42f6-4daa-ab57-e9e308fe09c3
2021-11-29 08:36:34,082 [Command processor thread] INFO  ratis.XceiverServerRatis (XceiverServerRatis.java:addGroup(768)) - Created group PipelineID=80186afd-52c7-4a9a-9bf4-171e18deca2f
2021-11-29 08:36:34,082 [Command processor thread] INFO  commandhandler.CreatePipelineCommandHandler (CreatePipelineCommandHandler.java:handle(106)) - Created Pipeline RATIS ONE PipelineID=80186afd-52c7-4a9a-9bf4-171e18deca2f.
2021-11-29 08:36:34,269 [Command processor thread] INFO  server.RaftServer (RaftServerProxy.java:remove(106)) - f37cff1b-38c0-4a70-af4a-cd1c41c703b6: remove    LEADER f37cff1b-38c0-4a70-af4a-cd1c41c703b6@group-D42E3FEAAFC0:t1, leader=f37cff1b-38c0-4a70-af4a-cd1c41c703b6, voted=f37cff1b-38c0-4a70-af4a-cd1c41c703b6, raftlog=f37cff1b-38c0-4a70-af4a-cd1c41c703b6@group-D42E3FEAAFC0-SegmentedRaftLog:OPENED:c0, conf=0: [f37cff1b-38c0-4a70-af4a-cd1c41c703b6|rpc:10.1.0.67:40907|dataStream:|priority:1], old=null RUNNING
2021-11-29 08:36:34,269 [Command processor thread] INFO  server.RaftServer$Division (RaftServerImpl.java:lambda$close$4(412)) - f37cff1b-38c0-4a70-af4a-cd1c41c703b6@group-D42E3FEAAFC0: shutdown
2021-11-29 08:36:34,269 [Command processor thread] INFO  util.JmxRegister (JmxRegister.java:unregister(73)) - Successfully un-registered JMX Bean with object name Ratis:service=RaftServer,group=group-D42E3FEAAFC0,id=f37cff1b-38c0-4a70-af4a-cd1c41c703b6
2021-11-29 08:36:34,269 [Command processor thread] INFO  impl.RoleInfo (RoleInfo.java:shutdownLeaderState(91)) - f37cff1b-38c0-4a70-af4a-cd1c41c703b6: shutdown f37cff1b-38c0-4a70-af4a-cd1c41c703b6@group-D42E3FEAAFC0-LeaderStateImpl
2021-11-29 08:36:34,270 [Command processor thread] INFO  impl.PendingRequests (PendingRequests.java:sendNotLeaderResponses(282)) - f37cff1b-38c0-4a70-af4a-cd1c41c703b6@group-D42E3FEAAFC0-PendingRequests: sendNotLeaderResponses
2021-11-29 08:36:34,271 [EventQueue-PipelineReportForPipelineReportHandler] INFO  pipeline.PipelineReportHandler (PipelineReportHandler.java:processPipelineReport(113)) - Reported pipeline PipelineID=f32656c2-cb13-49b6-b982-d42e3feaafc0 is not found
2021-11-29 08:36:34,271 [EventQueue-PipelineReportForPipelineReportHandler] INFO  pipeline.PipelineReportHandler (PipelineReportHandler.java:processPipelineReport(113)) - Reported pipeline PipelineID=7bfd396b-b013-48a3-9028-14e19cf515ad is not found
2021-11-29 08:36:34,271 [f37cff1b-38c0-4a70-af4a-cd1c41c703b6@group-D42E3FEAAFC0-StateMachineUpdater] INFO  ratis.ContainerStateMachine (ContainerStateMachine.java:takeSnapshot(292)) - group-D42E3FEAAFC0: Taking a snapshot at:(t:1, i:0) file /home/runner/work/ozone/ozone/hadoop-ozone/integration-test/target/test-dir/MiniOzoneClusterImpl-3d114d2a-f85f-45ce-9fd0-840e2dc708c7/datanode-0/data/ratis/f32656c2-cb13-49b6-b982-d42e3feaafc0/sm/snapshot.1_0
2021-11-29 08:36:34,272 [Command processor thread] INFO  impl.StateMachineUpdater (StateMachineUpdater.java:stopAndJoin(149)) - f37cff1b-38c0-4a70-af4a-cd1c41c703b6@group-D42E3FEAAFC0-StateMachineUpdater: set stopIndex = 0
2021-11-29 08:36:34,272 [f37cff1b-38c0-4a70-af4a-cd1c41c703b6@group-D42E3FEAAFC0-StateMachineUpdater] INFO  ratis.ContainerStateMachine (ContainerStateMachine.java:takeSnapshot(303)) - group-D42E3FEAAFC0: Finished taking a snapshot at:(t:1, i:0) file:/home/runner/work/ozone/ozone/hadoop-ozone/integration-test/target/test-dir/MiniOzoneClusterImpl-3d114d2a-f85f-45ce-9fd0-840e2dc708c7/datanode-0/data/ratis/f32656c2-cb13-49b6-b982-d42e3feaafc0/sm/snapshot.1_0 took: 1 ms
2021-11-29 08:36:34,272 [f37cff1b-38c0-4a70-af4a-cd1c41c703b6@group-D42E3FEAAFC0-StateMachineUpdater] INFO  impl.StateMachineUpdater (StateMachineUpdater.java:takeSnapshot(281)) - f37cff1b-38c0-4a70-af4a-cd1c41c703b6@group-D42E3FEAAFC0-StateMachineUpdater: Took a snapshot at index 0
2021-11-29 08:36:34,272 [f37cff1b-38c0-4a70-af4a-cd1c41c703b6@group-D42E3FEAAFC0-StateMachineUpdater] INFO  impl.StateMachineUpdater (StateMachineUpdater.java:lambda$new$0(89)) - f37cff1b-38c0-4a70-af4a-cd1c41c703b6@group-D42E3FEAAFC0-StateMachineUpdater: snapshotIndex: updateIncreasingly -1 -> 0
2021-11-29 08:36:34,273 [Command processor thread] INFO  server.RaftServer$Division (ServerState.java:close(419)) - f37cff1b-38c0-4a70-af4a-cd1c41c703b6@group-D42E3FEAAFC0: closes. applyIndex: 0
2021-11-29 08:36:34,273 [f37cff1b-38c0-4a70-af4a-cd1c41c703b6@group-D42E3FEAAFC0-SegmentedRaftLogWorker] INFO  segmented.SegmentedRaftLogWorker (SegmentedRaftLogWorker.java:run(327)) - f37cff1b-38c0-4a70-af4a-cd1c41c703b6@group-D42E3FEAAFC0-SegmentedRaftLogWorker was interrupted, exiting. There are 0 tasks remaining in the queue.
2021-11-29 08:36:34,273 [Command processor thread] INFO  segmented.SegmentedRaftLogWorker (SegmentedRaftLogWorker.java:close(237)) - f37cff1b-38c0-4a70-af4a-cd1c41c703b6@group-D42E3FEAAFC0-SegmentedRaftLogWorker close()
2021-11-29 08:36:34,276 [Command processor thread] INFO  server.RaftServer$Division (RaftServerImpl.java:groupRemove(382)) - f37cff1b-38c0-4a70-af4a-cd1c41c703b6@group-D42E3FEAAFC0: Succeed to remove RaftStorageDirectory Storage Directory /home/runner/work/ozone/ozone/hadoop-ozone/integration-test/target/test-dir/MiniOzoneClusterImpl-3d114d2a-f85f-45ce-9fd0-840e2dc708c7/datanode-0/data/ratis/f32656c2-cb13-49b6-b982-d42e3feaafc0
2021-11-29 08:36:34,276 [Command processor thread] INFO  commandhandler.ClosePipelineCommandHandler (ClosePipelineCommandHandler.java:handle(78)) - Close Pipeline PipelineID=f32656c2-cb13-49b6-b982-d42e3feaafc0 command on datanode f37cff1b-38c0-4a70-af4a-cd1c41c703b6.
2021-11-29 08:36:34,276 [Command processor thread] INFO  server.RaftServer (RaftServerProxy.java:remove(106)) - f37cff1b-38c0-4a70-af4a-cd1c41c703b6: remove    LEADER f37cff1b-38c0-4a70-af4a-cd1c41c703b6@group-14E19CF515AD:t1, leader=f37cff1b-38c0-4a70-af4a-cd1c41c703b6, voted=f37cff1b-38c0-4a70-af4a-cd1c41c703b6, raftlog=f37cff1b-38c0-4a70-af4a-cd1c41c703b6@group-14E19CF515AD-SegmentedRaftLog:OPENED:c79, conf=0: [83afdf48-275c-4aa7-9b86-71b323741a7e|rpc:10.1.0.67:36653|dataStream:|priority:0, f37cff1b-38c0-4a70-af4a-cd1c41c703b6|rpc:10.1.0.67:40907|dataStream:|priority:1, 04f8ee08-a2ad-484b-9e4f-8959f0ebf609|rpc:10.1.0.67:45751|dataStream:|priority:0], old=null RUNNING
2021-11-29 08:36:34,276 [Command processor thread] INFO  server.RaftServer$Division (RaftServerImpl.java:lambda$close$4(412)) - f37cff1b-38c0-4a70-af4a-cd1c41c703b6@group-14E19CF515AD: shutdown
2021-11-29 08:36:34,276 [Command processor thread] INFO  util.JmxRegister (JmxRegister.java:unregister(73)) - Successfully un-registered JMX Bean with object name Ratis:service=RaftServer,group=group-14E19CF515AD,id=f37cff1b-38c0-4a70-af4a-cd1c41c703b6
2021-11-29 08:36:34,276 [Command processor thread] INFO  impl.RoleInfo (RoleInfo.java:shutdownLeaderState(91)) - f37cff1b-38c0-4a70-af4a-cd1c41c703b6: shutdown f37cff1b-38c0-4a70-af4a-cd1c41c703b6@group-14E19CF515AD-LeaderStateImpl
2021-11-29 08:36:34,277 [f37cff1b-38c0-4a70-af4a-cd1c41c703b6@group-14E19CF515AD->04f8ee08-a2ad-484b-9e4f-8959f0ebf609-GrpcLogAppender-LogAppenderDaemon] WARN  server.GrpcLogAppender (GrpcLogAppender.java:mayWait(177)) - f37cff1b-38c0-4a70-af4a-cd1c41c703b6@group-14E19CF515AD->04f8ee08-a2ad-484b-9e4f-8959f0ebf609-GrpcLogAppender: Wait interrupted by java.lang.InterruptedException
2021-11-29 08:36:34,279 [Command processor thread] INFO  impl.PendingRequests (PendingRequests.java:sendNotLeaderResponses(282)) - f37cff1b-38c0-4a70-af4a-cd1c41c703b6@group-14E19CF515AD-PendingRequests: sendNotLeaderResponses
2021-11-29 08:36:34,279 [grpc-default-executor-1] INFO  server.GrpcServerProtocolService (GrpcServerProtocolService.java:onCompleted(140)) - 04f8ee08-a2ad-484b-9e4f-8959f0ebf609: Completed APPEND_ENTRIES, lastRequest: f37cff1b-38c0-4a70-af4a-cd1c41c703b6->04f8ee08-a2ad-484b-9e4f-8959f0ebf609#525-t1,previous=(t:1, i:78),leaderCommit=77,initializing? true,entries: size=1, first=(t:1, i:79), METADATAENTRY(c:77)
2021-11-29 08:36:34,279 [grpc-default-executor-0] INFO  server.GrpcServerProtocolService (GrpcServerProtocolService.java:onCompleted(140)) - 83afdf48-275c-4aa7-9b86-71b323741a7e: Completed APPEND_ENTRIES, lastRequest: f37cff1b-38c0-4a70-af4a-cd1c41c703b6->83afdf48-275c-4aa7-9b86-71b323741a7e#543-t1,previous=(t:1, i:78),leaderCommit=77,initializing? true,entries: size=1, first=(t:1, i:79), METADATAENTRY(c:77)
2021-11-29 08:36:34,280 [grpc-default-executor-2] INFO  server.GrpcLogAppender (GrpcLogAppender.java:onCompleted(346)) - f37cff1b-38c0-4a70-af4a-cd1c41c703b6@group-14E19CF515AD->04f8ee08-a2ad-484b-9e4f-8959f0ebf609-AppendLogResponseHandler: follower responses appendEntries COMPLETED
2021-11-29 08:36:34,284 [grpc-default-executor-3] INFO  server.GrpcLogAppender (GrpcLogAppender.java:onCompleted(346)) - f37cff1b-38c0-4a70-af4a-cd1c41c703b6@group-14E19CF515AD->83afdf48-275c-4aa7-9b86-71b323741a7e-AppendLogResponseHandler: follower responses appendEntries COMPLETED
2021-11-29 08:36:34,284 [grpc-default-executor-2] INFO  leader.FollowerInfo (FollowerInfoImpl.java:lambda$new$0(47)) - f37cff1b-38c0-4a70-af4a-cd1c41c703b6@group-14E19CF515AD->04f8ee08-a2ad-484b-9e4f-8959f0ebf609: nextIndex: updateUnconditionally 80 -> 79
2021-11-29 08:36:34,290 [grpc-default-executor-3] INFO  leader.FollowerInfo (FollowerInfoImpl.java:lambda$new$0(47)) - f37cff1b-38c0-4a70-af4a-cd1c41c703b6@group-14E19CF515AD->83afdf48-275c-4aa7-9b86-71b323741a7e: nextIndex: updateUnconditionally 80 -> 79
2021-11-29 08:36:34,292 [f37cff1b-38c0-4a70-af4a-cd1c41c703b6@group-14E19CF515AD-StateMachineUpdater] INFO  ratis.ContainerStateMachine (ContainerStateMachine.java:takeSnapshot(292)) - group-14E19CF515AD: Taking a snapshot at:(t:1, i:79) file /home/runner/work/ozone/ozone/hadoop-ozone/integration-test/target/test-dir/MiniOzoneClusterImpl-3d114d2a-f85f-45ce-9fd0-840e2dc708c7/datanode-0/data/ratis/7bfd396b-b013-48a3-9028-14e19cf515ad/sm/snapshot.1_79
2021-11-29 08:36:34,293 [Command processor thread] INFO  impl.StateMachineUpdater (StateMachineUpdater.java:stopAndJoin(149)) - f37cff1b-38c0-4a70-af4a-cd1c41c703b6@group-14E19CF515AD-StateMachineUpdater: set stopIndex = 79
2021-11-29 08:36:34,293 [f37cff1b-38c0-4a70-af4a-cd1c41c703b6@group-14E19CF515AD-StateMachineUpdater] INFO  ratis.ContainerStateMachine (ContainerStateMachine.java:takeSnapshot(303)) - group-14E19CF515AD: Finished taking a snapshot at:(t:1, i:79) file:/home/runner/work/ozone/ozone/hadoop-ozone/integration-test/target/test-dir/MiniOzoneClusterImpl-3d114d2a-f85f-45ce-9fd0-840e2dc708c7/datanode-0/data/ratis/7bfd396b-b013-48a3-9028-14e19cf515ad/sm/snapshot.1_79 took: 1 ms
2021-11-29 08:36:34,294 [f37cff1b-38c0-4a70-af4a-cd1c41c703b6@group-14E19CF515AD-StateMachineUpdater] INFO  impl.StateMachineUpdater (StateMachineUpdater.java:takeSnapshot(281)) - f37cff1b-38c0-4a70-af4a-cd1c41c703b6@group-14E19CF515AD-StateMachineUpdater: Took a snapshot at index 79
2021-11-29 08:36:34,294 [f37cff1b-38c0-4a70-af4a-cd1c41c703b6@group-14E19CF515AD-StateMachineUpdater] INFO  impl.StateMachineUpdater (StateMachineUpdater.java:lambda$new$0(89)) - f37cff1b-38c0-4a70-af4a-cd1c41c703b6@group-14E19CF515AD-StateMachineUpdater: snapshotIndex: updateIncreasingly -1 -> 79
2021-11-29 08:36:34,295 [Command processor thread] INFO  server.RaftServer$Division (ServerState.java:close(419)) - f37cff1b-38c0-4a70-af4a-cd1c41c703b6@group-14E19CF515AD: closes. applyIndex: 79
2021-11-29 08:36:34,295 [f37cff1b-38c0-4a70-af4a-cd1c41c703b6@group-14E19CF515AD-SegmentedRaftLogWorker] INFO  segmented.SegmentedRaftLogWorker (SegmentedRaftLogWorker.java:run(327)) - f37cff1b-38c0-4a70-af4a-cd1c41c703b6@group-14E19CF515AD-SegmentedRaftLogWorker was interrupted, exiting. There are 0 tasks remaining in the queue.
2021-11-29 08:36:34,295 [Command processor thread] INFO  segmented.SegmentedRaftLogWorker (SegmentedRaftLogWorker.java:close(237)) - f37cff1b-38c0-4a70-af4a-cd1c41c703b6@group-14E19CF515AD-SegmentedRaftLogWorker close()
2021-11-29 08:36:34,304 [Command processor thread] INFO  keyvalue.KeyValueContainer (KeyValueContainer.java:flushAndSyncDB(397)) - Container 1 is synced with bcsId 73.
2021-11-29 08:36:34,304 [Command processor thread] INFO  keyvalue.KeyValueContainer (KeyValueContainer.java:flushAndSyncDB(397)) - Container 1 is synced with bcsId 73.
2021-11-29 08:36:34,310 [Command processor thread] INFO  keyvalue.KeyValueContainer (KeyValueContainer.java:flushAndSyncDB(397)) - Container 2 is synced with bcsId 77.
2021-11-29 08:36:34,310 [Command processor thread] INFO  keyvalue.KeyValueContainer (KeyValueContainer.java:flushAndSyncDB(397)) - Container 2 is synced with bcsId 77.
2021-11-29 08:36:34,315 [Command processor thread] INFO  keyvalue.KeyValueContainer (KeyValueContainer.java:flushAndSyncDB(397)) - Container 3 is synced with bcsId 69.
2021-11-29 08:36:34,316 [Command processor thread] INFO  keyvalue.KeyValueContainer (KeyValueContainer.java:flushAndSyncDB(397)) - Container 3 is synced with bcsId 69.
2021-11-29 08:36:34,318 [ReplicationMonitor] INFO  container.ReplicationManager (ReplicationManager.java:processAll(371)) - Replication Monitor Thread took 0 milliseconds for processing 0 containers.
2021-11-29 08:36:34,319 [Command processor thread] INFO  server.RaftServer$Division (RaftServerImpl.java:groupRemove(382)) - f37cff1b-38c0-4a70-af4a-cd1c41c703b6@group-14E19CF515AD: Succeed to remove RaftStorageDirectory Storage Directory /home/runner/work/ozone/ozone/hadoop-ozone/integration-test/target/test-dir/MiniOzoneClusterImpl-3d114d2a-f85f-45ce-9fd0-840e2dc708c7/datanode-0/data/ratis/7bfd396b-b013-48a3-9028-14e19cf515ad
2021-11-29 08:36:34,319 [Command processor thread] INFO  commandhandler.ClosePipelineCommandHandler (ClosePipelineCommandHandler.java:handle(78)) - Close Pipeline PipelineID=7bfd396b-b013-48a3-9028-14e19cf515ad command on datanode f37cff1b-38c0-4a70-af4a-cd1c41c703b6.
2021-11-29 08:36:34,346 [Command processor thread] INFO  server.RaftServer (RaftServerProxy.java:addNew(95)) - 3db34769-df59-458e-92ee-af935640fdc6: addNew group-D0D4912AC5F3:[3db34769-df59-458e-92ee-af935640fdc6|rpc:10.1.0.67:41963|priority:1] returns group-D0D4912AC5F3:java.util.concurrent.CompletableFuture@6c1c56d9[Not completed]
2021-11-29 08:36:34,347 [pool-296-thread-1] INFO  server.RaftServer$Division (RaftServerImpl.java:<init>(184)) - 3db34769-df59-458e-92ee-af935640fdc6: new RaftServerImpl for group-D0D4912AC5F3:[3db34769-df59-458e-92ee-af935640fdc6|rpc:10.1.0.67:41963|priority:1] with ContainerStateMachine:uninitialized
2021-11-29 08:36:34,347 [pool-296-thread-1] INFO  server.RaftServerConfigKeys (ConfUtils.java:logGet(44)) - raft.server.rpc.timeout.min = 5s (custom)
2021-11-29 08:36:34,347 [pool-296-thread-1] INFO  server.RaftServerConfigKeys (ConfUtils.java:logGet(44)) - raft.server.rpc.timeout.max = 5200ms (custom)
2021-11-29 08:36:34,347 [pool-296-thread-1] INFO  server.RaftServerConfigKeys (ConfUtils.java:logGet(44)) - raft.server.rpc.sleep.time = 25ms (default)
2021-11-29 08:36:34,347 [pool-296-thread-1] INFO  server.RaftServerConfigKeys (ConfUtils.java:logGet(44)) - raft.server.rpc.slowness.timeout = 300s (custom)
2021-11-29 08:36:34,347 [pool-296-thread-1] INFO  server.RaftServerConfigKeys (ConfUtils.java:logGet(44)) - raft.server.leaderelection.leader.step-down.wait-time = 10s (default)
2021-11-29 08:36:34,347 [pool-296-thread-1] INFO  server.RaftServerConfigKeys (ConfUtils.java:logGet(44)) - raft.server.sleep.deviation.threshold = 300ms (default)
2021-11-29 08:36:34,347 [pool-296-thread-1] INFO  server.RaftServerConfigKeys (ConfUtils.java:logGet(44)) - raft.server.log.appender.install.snapshot.enabled = false (custom)
2021-11-29 08:36:34,347 [pool-296-thread-1] INFO  server.RaftServer$Division (ServerState.java:<init>(105)) - 3db34769-df59-458e-92ee-af935640fdc6@group-D0D4912AC5F3: ConfigurationManager, init=-1: [3db34769-df59-458e-92ee-af935640fdc6|rpc:10.1.0.67:41963|priority:1], old=null, confs=<EMPTY_MAP>
2021-11-29 08:36:34,347 [pool-296-thread-1] INFO  server.RaftServerConfigKeys (ConfUtils.java:logGet(44)) - raft.server.storage.dir = [/home/runner/work/ozone/ozone/hadoop-ozone/integration-test/target/test-dir/MiniOzoneClusterImpl-c80c5e57-a00d-42e9-a5d1-a1f89d8b0246/datanode-2/data/ratis] (custom)
2021-11-29 08:36:34,347 [pool-296-thread-1] INFO  server.RaftServerConfigKeys (ConfUtils.java:logGet(44)) - raft.server.log.corruption.policy = EXCEPTION (default)
2021-11-29 08:36:34,347 [pool-296-thread-1] INFO  server.RaftServerConfigKeys (ConfUtils.java:logGet(44)) - raft.server.storage.free-space.min = 0MB (=0) (default)
2021-11-29 08:36:34,348 [pool-296-thread-1] INFO  storage.RaftStorageDirectory (RaftStorageDirectoryImpl.java:analyzeStorage(135)) - The storage directory /home/runner/work/ozone/ozone/hadoop-ozone/integration-test/target/test-dir/MiniOzoneClusterImpl-c80c5e57-a00d-42e9-a5d1-a1f89d8b0246/datanode-2/data/ratis/bf9788e5-b6ac-4e24-915c-d0d4912ac5f3 does not exist. Creating ...
2021-11-29 08:36:34,349 [pool-296-thread-1] INFO  storage.RaftStorageDirectory (RaftStorageDirectoryImpl.java:tryLock(230)) - Lock on /home/runner/work/ozone/ozone/hadoop-ozone/integration-test/target/test-dir/MiniOzoneClusterImpl-c80c5e57-a00d-42e9-a5d1-a1f89d8b0246/datanode-2/data/ratis/bf9788e5-b6ac-4e24-915c-d0d4912ac5f3/in_use.lock acquired by nodename 398@fv-az294-535
2021-11-29 08:36:34,350 [pool-296-thread-1] INFO  storage.RaftStorage (RaftStorageImpl.java:format(89)) - Storage directory /home/runner/work/ozone/ozone/hadoop-ozone/integration-test/target/test-dir/MiniOzoneClusterImpl-c80c5e57-a00d-42e9-a5d1-a1f89d8b0246/datanode-2/data/ratis/bf9788e5-b6ac-4e24-915c-d0d4912ac5f3 has been successfully formatted.
2021-11-29 08:36:34,351 [pool-296-thread-1] INFO  ratis.ContainerStateMachine (ContainerStateMachine.java:loadSnapshot(224)) - group-D0D4912AC5F3: The snapshot info is null. Setting the last applied indexto:(t:0, i:~)
2021-11-29 08:36:34,351 [pool-296-thread-1] INFO  server.RaftServerConfigKeys (ConfUtils.java:logGet(44)) - raft.server.notification.no-leader.timeout = 300s (custom)
2021-11-29 08:36:34,351 [pool-296-thread-1] INFO  server.RaftServerConfigKeys (ConfUtils.java:logGet(44)) - raft.server.log.use.memory = false (default)
2021-11-29 08:36:34,351 [pool-296-thread-1] INFO  server.RaftServerConfigKeys (ConfUtils.java:logGet(44)) - raft.server.log.purge.gap = 1000000 (custom)
2021-11-29 08:36:34,351 [pool-296-thread-1] INFO  server.RaftServerConfigKeys (ConfUtils.java:logGet(44)) - raft.server.log.appender.buffer.byte-limit = 33554432 (custom)
2021-11-29 08:36:34,351 [pool-296-thread-1] INFO  server.RaftServerConfigKeys (ConfUtils.java:logGet(44)) - raft.server.log.segment.size.max = 1048576 (custom)
2021-11-29 08:36:34,352 [pool-296-thread-1] INFO  server.RaftServerConfigKeys (ConfUtils.java:logGet(44)) - raft.server.log.segment.cache.num.max = 2 (custom)
2021-11-29 08:36:34,352 [pool-296-thread-1] INFO  server.RaftServerConfigKeys (ConfUtils.java:logGet(44)) - raft.server.log.segment.cache.size.max = 200MB (=209715200) (default)
2021-11-29 08:36:34,352 [pool-296-thread-1] INFO  segmented.SegmentedRaftLogWorker (SegmentedRaftLogWorker.java:<init>(182)) - new 3db34769-df59-458e-92ee-af935640fdc6@group-D0D4912AC5F3-SegmentedRaftLogWorker for RaftStorageImpl:Storage Directory /home/runner/work/ozone/ozone/hadoop-ozone/integration-test/target/test-dir/MiniOzoneClusterImpl-c80c5e57-a00d-42e9-a5d1-a1f89d8b0246/datanode-2/data/ratis/bf9788e5-b6ac-4e24-915c-d0d4912ac5f3
2021-11-29 08:36:34,352 [pool-296-thread-1] INFO  server.RaftServerConfigKeys (ConfUtils.java:logGet(44)) - raft.server.log.queue.byte-limit = 2147483647 (custom)
2021-11-29 08:36:34,352 [pool-296-thread-1] INFO  server.RaftServerConfigKeys (ConfUtils.java:logGet(44)) - raft.server.log.queue.element-limit = 1024 (custom)
2021-11-29 08:36:34,352 [EventQueue-PipelineReportForPipelineReportHandler] INFO  pipeline.PipelineManagerImpl (PipelineManagerImpl.java:openPipeline(289)) - Pipeline Pipeline[ Id: bf9788e5-b6ac-4e24-915c-d0d4912ac5f3, Nodes: 3db34769-df59-458e-92ee-af935640fdc6{ip: 10.1.0.67, host: fv-az294-535.eaanfquahm5ulb5tj050gcxych.jx.internal.cloudapp.net, ports: [REPLICATION=46821, RATIS=41963, RATIS_ADMIN=41963, RATIS_SERVER=41963, STANDALONE=38069], networkLocation: /default-rack, certSerialId: null, persistedOpState: IN_SERVICE, persistedOpStateExpiryEpochSec: 0}, ReplicationConfig: RATIS/ONE, State:ALLOCATED, leaderId:3db34769-df59-458e-92ee-af935640fdc6, CreationTimestamp2021-11-29T08:36:31.358Z[Etc/UTC]] moved to OPEN state
2021-11-29 08:36:34,353 [EventQueue-OpenPipelineForHealthyPipelineSafeModeRule] INFO  safemode.SCMSafeModeManager (HealthyPipelineSafeModeRule.java:process(124)) - SCM in safe mode. Healthy pipelines reported count is 0, required healthy pipeline reported count is 1
2021-11-29 08:36:34,352 [pool-296-thread-1] INFO  server.RaftServerConfigKeys (ConfUtils.java:logGet(44)) - raft.server.log.segment.size.max = 1048576 (custom)
2021-11-29 08:36:34,353 [pool-296-thread-1] INFO  server.RaftServerConfigKeys (ConfUtils.java:logGet(44)) - raft.server.log.preallocated.size = 16384 (custom)
2021-11-29 08:36:34,353 [pool-296-thread-1] INFO  server.RaftServerConfigKeys (ConfUtils.java:logGet(44)) - raft.server.log.force.sync.num = 128 (default)
2021-11-29 08:36:34,353 [pool-296-thread-1] INFO  server.RaftServerConfigKeys (ConfUtils.java:logGet(44)) - raft.server.log.statemachine.data.sync = true (default)
2021-11-29 08:36:34,353 [pool-296-thread-1] INFO  server.RaftServerConfigKeys (ConfUtils.java:logGet(44)) - raft.server.log.statemachine.data.sync.timeout = 10s (default)
2021-11-29 08:36:34,353 [pool-296-thread-1] INFO  server.RaftServerConfigKeys (ConfUtils.java:logGet(44)) - raft.server.log.statemachine.data.sync.timeout.retry = -1 (default)
2021-11-29 08:36:34,354 [pool-296-thread-1] INFO  server.RaftServerConfigKeys (ConfUtils.java:logGet(44)) - raft.server.log.write.buffer.size = 1048576 (custom)
2021-11-29 08:36:34,355 [pool-296-thread-1] INFO  server.RaftServerConfigKeys (ConfUtils.java:logGet(44)) - raft.server.log.statemachine.data.caching.enabled = true (custom)
2021-11-29 08:36:34,355 [pool-296-thread-1] INFO  segmented.SegmentedRaftLogWorker (SegmentedRaftLogWorker.java:lambda$new$0(133)) - 3db34769-df59-458e-92ee-af935640fdc6@group-D0D4912AC5F3-SegmentedRaftLogWorker: flushIndex: setUnconditionally 0 -> -1
2021-11-29 08:36:34,355 [pool-296-thread-1] INFO  segmented.SegmentedRaftLogWorker (SegmentedRaftLogWorker.java:lambda$new$0(133)) - 3db34769-df59-458e-92ee-af935640fdc6@group-D0D4912AC5F3-SegmentedRaftLogWorker: safeCacheEvictIndex: setUnconditionally 0 -> -1
2021-11-29 08:36:34,355 [pool-296-thread-1] INFO  server.RaftServerConfigKeys (ConfUtils.java:logGet(44)) - raft.server.snapshot.auto.trigger.enabled = true (custom)
2021-11-29 08:36:34,355 [pool-296-thread-1] INFO  server.RaftServerConfigKeys (ConfUtils.java:logGet(44)) - raft.server.snapshot.auto.trigger.threshold = 10000 (custom)
2021-11-29 08:36:34,355 [pool-296-thread-1] INFO  server.RaftServerConfigKeys (ConfUtils.java:logGet(44)) - raft.server.snapshot.retention.file.num = 5 (custom)
2021-11-29 08:36:34,355 [pool-296-thread-1] INFO  server.RaftServerConfigKeys (ConfUtils.java:logGet(44)) - raft.server.log.purge.upto.snapshot.index = false (default)
2021-11-29 08:36:34,355 [pool-296-thread-1] INFO  server.RaftServerConfigKeys (ConfUtils.java:logGet(44)) - raft.server.retrycache.expirytime = 600000ms (custom)
2021-11-29 08:36:34,355 [pool-296-thread-1] INFO  server.RaftServerConfigKeys (ConfUtils.java:logGet(44)) - raft.server.retrycache.statistics.expirytime = 100μs (default)
2021-11-29 08:36:34,357 [pool-296-thread-1] INFO  server.RaftServer$Division (RaftServerImpl.java:start(301)) - 3db34769-df59-458e-92ee-af935640fdc6@group-D0D4912AC5F3: start as a follower, conf=-1: [3db34769-df59-458e-92ee-af935640fdc6|rpc:10.1.0.67:41963|priority:1], old=null
2021-11-29 08:36:34,357 [pool-296-thread-1] INFO  server.RaftServer$Division (RaftServerImpl.java:setRole(290)) - 3db34769-df59-458e-92ee-af935640fdc6@group-D0D4912AC5F3: changes role from      null to FOLLOWER at term 0 for startAsFollower
2021-11-29 08:36:34,357 [pool-296-thread-1] INFO  impl.RoleInfo (RoleInfo.java:updateAndGet(130)) - 3db34769-df59-458e-92ee-af935640fdc6: start 3db34769-df59-458e-92ee-af935640fdc6@group-D0D4912AC5F3-FollowerState
2021-11-29 08:36:34,365 [pool-296-thread-1] INFO  util.JmxRegister (JmxRegister.java:tryRegister(44)) - Successfully registered JMX Bean with object name Ratis:service=RaftServer,group=group-D0D4912AC5F3,id=3db34769-df59-458e-92ee-af935640fdc6
2021-11-29 08:36:34,366 [Command processor thread] INFO  ratis.XceiverServerRatis (XceiverServerRatis.java:addGroup(768)) - Created group PipelineID=bf9788e5-b6ac-4e24-915c-d0d4912ac5f3
2021-11-29 08:36:34,366 [Command processor thread] INFO  commandhandler.CreatePipelineCommandHandler (CreatePipelineCommandHandler.java:handle(106)) - Created Pipeline RATIS ONE PipelineID=bf9788e5-b6ac-4e24-915c-d0d4912ac5f3.
2021-11-29 08:36:34,539 [Command processor thread] INFO  server.RaftServer (RaftServerProxy.java:addNew(95)) - a39b17a5-0a4e-46f3-8d78-c7d3a13330a0: addNew group-398CE440578B:[a39b17a5-0a4e-46f3-8d78-c7d3a13330a0|rpc:10.1.0.67:46853|priority:1] returns group-398CE440578B:java.util.concurrent.CompletableFuture@4fb42244[Not completed]
2021-11-29 08:36:34,540 [pool-315-thread-1] INFO  server.RaftServer$Division (RaftServerImpl.java:<init>(184)) - a39b17a5-0a4e-46f3-8d78-c7d3a13330a0: new RaftServerImpl for group-398CE440578B:[a39b17a5-0a4e-46f3-8d78-c7d3a13330a0|rpc:10.1.0.67:46853|priority:1] with ContainerStateMachine:uninitialized
2021-11-29 08:36:34,541 [pool-315-thread-1] INFO  server.RaftServerConfigKeys (ConfUtils.java:logGet(44)) - raft.server.rpc.timeout.min = 5s (custom)
2021-11-29 08:36:34,541 [pool-315-thread-1] INFO  server.RaftServerConfigKeys (ConfUtils.java:logGet(44)) - raft.server.rpc.timeout.max = 5200ms (custom)
2021-11-29 08:36:34,541 [pool-315-thread-1] INFO  server.RaftServerConfigKeys (ConfUtils.java:logGet(44)) - raft.server.rpc.sleep.time = 25ms (default)
2021-11-29 08:36:34,541 [pool-315-thread-1] INFO  server.RaftServerConfigKeys (ConfUtils.java:logGet(44)) - raft.server.rpc.slowness.timeout = 300s (custom)
2021-11-29 08:36:34,541 [pool-315-thread-1] INFO  server.RaftServerConfigKeys (ConfUtils.java:logGet(44)) - raft.server.leaderelection.leader.step-down.wait-time = 10s (default)
2021-11-29 08:36:34,541 [pool-315-thread-1] INFO  server.RaftServerConfigKeys (ConfUtils.java:logGet(44)) - raft.server.sleep.deviation.threshold = 300ms (default)
2021-11-29 08:36:34,541 [pool-315-thread-1] INFO  server.RaftServerConfigKeys (ConfUtils.java:logGet(44)) - raft.server.log.appender.install.snapshot.enabled = false (custom)
2021-11-29 08:36:34,541 [pool-315-thread-1] INFO  server.RaftServer$Division (ServerState.java:<init>(105)) - a39b17a5-0a4e-46f3-8d78-c7d3a13330a0@group-398CE440578B: ConfigurationManager, init=-1: [a39b17a5-0a4e-46f3-8d78-c7d3a13330a0|rpc:10.1.0.67:46853|priority:1], old=null, confs=<EMPTY_MAP>
2021-11-29 08:36:34,541 [pool-315-thread-1] INFO  server.RaftServerConfigKeys (ConfUtils.java:logGet(44)) - raft.server.storage.dir = [/home/runner/work/ozone/ozone/hadoop-ozone/integration-test/target/test-dir/MiniOzoneClusterImpl-c80c5e57-a00d-42e9-a5d1-a1f89d8b0246/datanode-3/data/ratis] (custom)
2021-11-29 08:36:34,542 [pool-315-thread-1] INFO  server.RaftServerConfigKeys (ConfUtils.java:logGet(44)) - raft.server.log.corruption.policy = EXCEPTION (default)
2021-11-29 08:36:34,542 [pool-315-thread-1] INFO  server.RaftServerConfigKeys (ConfUtils.java:logGet(44)) - raft.server.storage.free-space.min = 0MB (=0) (default)
2021-11-29 08:36:34,542 [pool-315-thread-1] INFO  storage.RaftStorageDirectory (RaftStorageDirectoryImpl.java:analyzeStorage(135)) - The storage directory /home/runner/work/ozone/ozone/hadoop-ozone/integration-test/target/test-dir/MiniOzoneClusterImpl-c80c5e57-a00d-42e9-a5d1-a1f89d8b0246/datanode-3/data/ratis/3bbadd31-e1fd-441f-8df1-398ce440578b does not exist. Creating ...
2021-11-29 08:36:34,543 [pool-315-thread-1] INFO  storage.RaftStorageDirectory (RaftStorageDirectoryImpl.java:tryLock(230)) - Lock on /home/runner/work/ozone/ozone/hadoop-ozone/integration-test/target/test-dir/MiniOzoneClusterImpl-c80c5e57-a00d-42e9-a5d1-a1f89d8b0246/datanode-3/data/ratis/3bbadd31-e1fd-441f-8df1-398ce440578b/in_use.lock acquired by nodename 398@fv-az294-535
2021-11-29 08:36:34,545 [pool-315-thread-1] INFO  storage.RaftStorage (RaftStorageImpl.java:format(89)) - Storage directory /home/runner/work/ozone/ozone/hadoop-ozone/integration-test/target/test-dir/MiniOzoneClusterImpl-c80c5e57-a00d-42e9-a5d1-a1f89d8b0246/datanode-3/data/ratis/3bbadd31-e1fd-441f-8df1-398ce440578b has been successfully formatted.
2021-11-29 08:36:34,547 [pool-315-thread-1] INFO  ratis.ContainerStateMachine (ContainerStateMachine.java:loadSnapshot(224)) - group-398CE440578B: The snapshot info is null. Setting the last applied indexto:(t:0, i:~)
2021-11-29 08:36:34,547 [pool-315-thread-1] INFO  server.RaftServerConfigKeys (ConfUtils.java:logGet(44)) - raft.server.notification.no-leader.timeout = 300s (custom)
2021-11-29 08:36:34,547 [pool-315-thread-1] INFO  server.RaftServerConfigKeys (ConfUtils.java:logGet(44)) - raft.server.log.use.memory = false (default)
2021-11-29 08:36:34,547 [pool-315-thread-1] INFO  server.RaftServerConfigKeys (ConfUtils.java:logGet(44)) - raft.server.log.purge.gap = 1000000 (custom)
2021-11-29 08:36:34,548 [pool-315-thread-1] INFO  server.RaftServerConfigKeys (ConfUtils.java:logGet(44)) - raft.server.log.appender.buffer.byte-limit = 33554432 (custom)
2021-11-29 08:36:34,548 [pool-315-thread-1] INFO  server.RaftServerConfigKeys (ConfUtils.java:logGet(44)) - raft.server.log.segment.size.max = 1048576 (custom)
2021-11-29 08:36:34,548 [EventQueue-PipelineReportForPipelineReportHandler] INFO  pipeline.PipelineManagerImpl (PipelineManagerImpl.java:openPipeline(289)) - Pipeline Pipeline[ Id: 3bbadd31-e1fd-441f-8df1-398ce440578b, Nodes: a39b17a5-0a4e-46f3-8d78-c7d3a13330a0{ip: 10.1.0.67, host: fv-az294-535.eaanfquahm5ulb5tj050gcxych.jx.internal.cloudapp.net, ports: [REPLICATION=45493, RATIS=46853, RATIS_ADMIN=46853, RATIS_SERVER=46853, STANDALONE=34281], networkLocation: /default-rack, certSerialId: null, persistedOpState: IN_SERVICE, persistedOpStateExpiryEpochSec: 0}, ReplicationConfig: RATIS/ONE, State:ALLOCATED, leaderId:a39b17a5-0a4e-46f3-8d78-c7d3a13330a0, CreationTimestamp2021-11-29T08:36:31.544Z[Etc/UTC]] moved to OPEN state
2021-11-29 08:36:34,549 [EventQueue-OpenPipelineForHealthyPipelineSafeModeRule] INFO  safemode.SCMSafeModeManager (HealthyPipelineSafeModeRule.java:process(124)) - SCM in safe mode. Healthy pipelines reported count is 0, required healthy pipeline reported count is 1
2021-11-29 08:36:34,552 [pool-315-thread-1] INFO  server.RaftServerConfigKeys (ConfUtils.java:logGet(44)) - raft.server.log.segment.cache.num.max = 2 (custom)
2021-11-29 08:36:34,552 [pool-315-thread-1] INFO  server.RaftServerConfigKeys (ConfUtils.java:logGet(44)) - raft.server.log.segment.cache.size.max = 200MB (=209715200) (default)
2021-11-29 08:36:34,552 [pool-315-thread-1] INFO  segmented.SegmentedRaftLogWorker (SegmentedRaftLogWorker.java:<init>(182)) - new a39b17a5-0a4e-46f3-8d78-c7d3a13330a0@group-398CE440578B-SegmentedRaftLogWorker for RaftStorageImpl:Storage Directory /home/runner/work/ozone/ozone/hadoop-ozone/integration-test/target/test-dir/MiniOzoneClusterImpl-c80c5e57-a00d-42e9-a5d1-a1f89d8b0246/datanode-3/data/ratis/3bbadd31-e1fd-441f-8df1-398ce440578b
2021-11-29 08:36:34,552 [pool-315-thread-1] INFO  server.RaftServerConfigKeys (ConfUtils.java:logGet(44)) - raft.server.log.queue.byte-limit = 2147483647 (custom)
2021-11-29 08:36:34,552 [pool-315-thread-1] INFO  server.RaftServerConfigKeys (ConfUtils.java:logGet(44)) - raft.server.log.queue.element-limit = 1024 (custom)
2021-11-29 08:36:34,552 [pool-315-thread-1] INFO  server.RaftServerConfigKeys (ConfUtils.java:logGet(44)) - raft.server.log.segment.size.max = 1048576 (custom)
2021-11-29 08:36:34,552 [pool-315-thread-1] INFO  server.RaftServerConfigKeys (ConfUtils.java:logGet(44)) - raft.server.log.preallocated.size = 16384 (custom)
2021-11-29 08:36:34,552 [pool-315-thread-1] INFO  server.RaftServerConfigKeys (ConfUtils.java:logGet(44)) - raft.server.log.force.sync.num = 128 (default)
2021-11-29 08:36:34,552 [pool-315-thread-1] INFO  server.RaftServerConfigKeys (ConfUtils.java:logGet(44)) - raft.server.log.statemachine.data.sync = true (default)
2021-11-29 08:36:34,552 [pool-315-thread-1] INFO  server.RaftServerConfigKeys (ConfUtils.java:logGet(44)) - raft.server.log.statemachine.data.sync.timeout = 10s (default)
2021-11-29 08:36:34,552 [pool-315-thread-1] INFO  server.RaftServerConfigKeys (ConfUtils.java:logGet(44)) - raft.server.log.statemachine.data.sync.timeout.retry = -1 (default)
2021-11-29 08:36:34,553 [pool-315-thread-1] INFO  server.RaftServerConfigKeys (ConfUtils.java:logGet(44)) - raft.server.log.write.buffer.size = 1048576 (custom)
2021-11-29 08:36:34,554 [pool-315-thread-1] INFO  server.RaftServerConfigKeys (ConfUtils.java:logGet(44)) - raft.server.log.statemachine.data.caching.enabled = true (custom)
2021-11-29 08:36:34,554 [pool-315-thread-1] INFO  segmented.SegmentedRaftLogWorker (SegmentedRaftLogWorker.java:lambda$new$0(133)) - a39b17a5-0a4e-46f3-8d78-c7d3a13330a0@group-398CE440578B-SegmentedRaftLogWorker: flushIndex: setUnconditionally 0 -> -1
2021-11-29 08:36:34,554 [pool-315-thread-1] INFO  segmented.SegmentedRaftLogWorker (SegmentedRaftLogWorker.java:lambda$new$0(133)) - a39b17a5-0a4e-46f3-8d78-c7d3a13330a0@group-398CE440578B-SegmentedRaftLogWorker: safeCacheEvictIndex: setUnconditionally 0 -> -1
2021-11-29 08:36:34,555 [pool-315-thread-1] INFO  server.RaftServerConfigKeys (ConfUtils.java:logGet(44)) - raft.server.snapshot.auto.trigger.enabled = true (custom)
2021-11-29 08:36:34,555 [pool-315-thread-1] INFO  server.RaftServerConfigKeys (ConfUtils.java:logGet(44)) - raft.server.snapshot.auto.trigger.threshold = 10000 (custom)
2021-11-29 08:36:34,555 [pool-315-thread-1] INFO  server.RaftServerConfigKeys (ConfUtils.java:logGet(44)) - raft.server.snapshot.retention.file.num = 5 (custom)
2021-11-29 08:36:34,555 [pool-315-thread-1] INFO  server.RaftServerConfigKeys (ConfUtils.java:logGet(44)) - raft.server.log.purge.upto.snapshot.index = false (default)
2021-11-29 08:36:34,555 [pool-315-thread-1] INFO  server.RaftServerConfigKeys (ConfUtils.java:logGet(44)) - raft.server.retrycache.expirytime = 600000ms (custom)
2021-11-29 08:36:34,555 [pool-315-thread-1] INFO  server.RaftServerConfigKeys (ConfUtils.java:logGet(44)) - raft.server.retrycache.statistics.expirytime = 100μs (default)
2021-11-29 08:36:34,557 [pool-315-thread-1] INFO  server.RaftServer$Division (RaftServerImpl.java:start(301)) - a39b17a5-0a4e-46f3-8d78-c7d3a13330a0@group-398CE440578B: start as a follower, conf=-1: [a39b17a5-0a4e-46f3-8d78-c7d3a13330a0|rpc:10.1.0.67:46853|priority:1], old=null
2021-11-29 08:36:34,557 [pool-315-thread-1] INFO  server.RaftServer$Division (RaftServerImpl.java:setRole(290)) - a39b17a5-0a4e-46f3-8d78-c7d3a13330a0@group-398CE440578B: changes role from      null to FOLLOWER at term 0 for startAsFollower
2021-11-29 08:36:34,557 [pool-315-thread-1] INFO  impl.RoleInfo (RoleInfo.java:updateAndGet(130)) - a39b17a5-0a4e-46f3-8d78-c7d3a13330a0: start a39b17a5-0a4e-46f3-8d78-c7d3a13330a0@group-398CE440578B-FollowerState
2021-11-29 08:36:34,557 [pool-315-thread-1] INFO  util.JmxRegister (JmxRegister.java:tryRegister(44)) - Successfully registered JMX Bean with object name Ratis:service=RaftServer,group=group-398CE440578B,id=a39b17a5-0a4e-46f3-8d78-c7d3a13330a0
2021-11-29 08:36:34,558 [Command processor thread] INFO  ratis.XceiverServerRatis (XceiverServerRatis.java:addGroup(768)) - Created group PipelineID=3bbadd31-e1fd-441f-8df1-398ce440578b
2021-11-29 08:36:34,558 [Command processor thread] INFO  commandhandler.CreatePipelineCommandHandler (CreatePipelineCommandHandler.java:handle(106)) - Created Pipeline RATIS ONE PipelineID=3bbadd31-e1fd-441f-8df1-398ce440578b.
2021-11-29 08:36:34,558 [Command processor thread] INFO  server.RaftServer (RaftServerProxy.java:addNew(95)) - a39b17a5-0a4e-46f3-8d78-c7d3a13330a0: addNew group-C4FF93137A45:[172a3cc1-7404-4a1c-a641-e7203df0c6a5|rpc:10.1.0.67:39097|priority:1, 0a8fcbf3-87bd-491e-9dcd-b94915d21232|rpc:10.1.0.67:36319|priority:0, a39b17a5-0a4e-46f3-8d78-c7d3a13330a0|rpc:10.1.0.67:46853|priority:0] returns group-C4FF93137A45:java.util.concurrent.CompletableFuture@4b8baf6a[Not completed]
2021-11-29 08:36:34,559 [pool-315-thread-1] INFO  server.RaftServer$Division (RaftServerImpl.java:<init>(184)) - a39b17a5-0a4e-46f3-8d78-c7d3a13330a0: new RaftServerImpl for group-C4FF93137A45:[172a3cc1-7404-4a1c-a641-e7203df0c6a5|rpc:10.1.0.67:39097|priority:1, 0a8fcbf3-87bd-491e-9dcd-b94915d21232|rpc:10.1.0.67:36319|priority:0, a39b17a5-0a4e-46f3-8d78-c7d3a13330a0|rpc:10.1.0.67:46853|priority:0] with ContainerStateMachine:uninitialized
2021-11-29 08:36:34,559 [pool-315-thread-1] INFO  server.RaftServerConfigKeys (ConfUtils.java:logGet(44)) - raft.server.rpc.timeout.min = 5s (custom)
2021-11-29 08:36:34,560 [pool-315-thread-1] INFO  server.RaftServerConfigKeys (ConfUtils.java:logGet(44)) - raft.server.rpc.timeout.max = 5200ms (custom)
2021-11-29 08:36:34,560 [pool-315-thread-1] INFO  server.RaftServerConfigKeys (ConfUtils.java:logGet(44)) - raft.server.rpc.sleep.time = 25ms (default)
2021-11-29 08:36:34,560 [pool-315-thread-1] INFO  server.RaftServerConfigKeys (ConfUtils.java:logGet(44)) - raft.server.rpc.slowness.timeout = 300s (custom)
2021-11-29 08:36:34,560 [pool-315-thread-1] INFO  server.RaftServerConfigKeys (ConfUtils.java:logGet(44)) - raft.server.leaderelection.leader.step-down.wait-time = 10s (default)
2021-11-29 08:36:34,560 [pool-315-thread-1] INFO  server.RaftServerConfigKeys (ConfUtils.java:logGet(44)) - raft.server.sleep.deviation.threshold = 300ms (default)
2021-11-29 08:36:34,560 [pool-315-thread-1] INFO  server.RaftServerConfigKeys (ConfUtils.java:logGet(44)) - raft.server.log.appender.install.snapshot.enabled = false (custom)
2021-11-29 08:36:34,560 [pool-315-thread-1] INFO  server.RaftServer$Division (ServerState.java:<init>(105)) - a39b17a5-0a4e-46f3-8d78-c7d3a13330a0@group-C4FF93137A45: ConfigurationManager, init=-1: [172a3cc1-7404-4a1c-a641-e7203df0c6a5|rpc:10.1.0.67:39097|priority:1, 0a8fcbf3-87bd-491e-9dcd-b94915d21232|rpc:10.1.0.67:36319|priority:0, a39b17a5-0a4e-46f3-8d78-c7d3a13330a0|rpc:10.1.0.67:46853|priority:0], old=null, confs=<EMPTY_MAP>
2021-11-29 08:36:34,560 [pool-315-thread-1] INFO  server.RaftServerConfigKeys (ConfUtils.java:logGet(44)) - raft.server.storage.dir = [/home/runner/work/ozone/ozone/hadoop-ozone/integration-test/target/test-dir/MiniOzoneClusterImpl-c80c5e57-a00d-42e9-a5d1-a1f89d8b0246/datanode-3/data/ratis] (custom)
2021-11-29 08:36:34,560 [pool-315-thread-1] INFO  server.RaftServerConfigKeys (ConfUtils.java:logGet(44)) - raft.server.log.corruption.policy = EXCEPTION (default)
2021-11-29 08:36:34,560 [pool-315-thread-1] INFO  server.RaftServerConfigKeys (ConfUtils.java:logGet(44)) - raft.server.storage.free-space.min = 0MB (=0) (default)
2021-11-29 08:36:34,560 [pool-315-thread-1] INFO  storage.RaftStorageDirectory (RaftStorageDirectoryImpl.java:analyzeStorage(135)) - The storage directory /home/runner/work/ozone/ozone/hadoop-ozone/integration-test/target/test-dir/MiniOzoneClusterImpl-c80c5e57-a00d-42e9-a5d1-a1f89d8b0246/datanode-3/data/ratis/78345da7-c5d2-441d-8f06-c4ff93137a45 does not exist. Creating ...
2021-11-29 08:36:34,561 [pool-315-thread-1] INFO  storage.RaftStorageDirectory (RaftStorageDirectoryImpl.java:tryLock(230)) - Lock on /home/runner/work/ozone/ozone/hadoop-ozone/integration-test/target/test-dir/MiniOzoneClusterImpl-c80c5e57-a00d-42e9-a5d1-a1f89d8b0246/datanode-3/data/ratis/78345da7-c5d2-441d-8f06-c4ff93137a45/in_use.lock acquired by nodename 398@fv-az294-535
2021-11-29 08:36:34,562 [pool-315-thread-1] INFO  storage.RaftStorage (RaftStorageImpl.java:format(89)) - Storage directory /home/runner/work/ozone/ozone/hadoop-ozone/integration-test/target/test-dir/MiniOzoneClusterImpl-c80c5e57-a00d-42e9-a5d1-a1f89d8b0246/datanode-3/data/ratis/78345da7-c5d2-441d-8f06-c4ff93137a45 has been successfully formatted.
2021-11-29 08:36:34,563 [pool-315-thread-1] INFO  ratis.ContainerStateMachine (ContainerStateMachine.java:loadSnapshot(224)) - group-C4FF93137A45: The snapshot info is null. Setting the last applied indexto:(t:0, i:~)
2021-11-29 08:36:34,563 [pool-315-thread-1] INFO  server.RaftServerConfigKeys (ConfUtils.java:logGet(44)) - raft.server.notification.no-leader.timeout = 300s (custom)
2021-11-29 08:36:34,563 [pool-315-thread-1] INFO  server.RaftServerConfigKeys (ConfUtils.java:logGet(44)) - raft.server.log.use.memory = false (default)
2021-11-29 08:36:34,563 [pool-315-thread-1] INFO  server.RaftServerConfigKeys (ConfUtils.java:logGet(44)) - raft.server.log.purge.gap = 1000000 (custom)
2021-11-29 08:36:34,563 [pool-315-thread-1] INFO  server.RaftServerConfigKeys (ConfUtils.java:logGet(44)) - raft.server.log.appender.buffer.byte-limit = 33554432 (custom)
2021-11-29 08:36:34,565 [EventQueue-OpenPipelineForHealthyPipelineSafeModeRule] INFO  safemode.SCMSafeModeManager (HealthyPipelineSafeModeRule.java:process(124)) - SCM in safe mode. Healthy pipelines reported count is 0, required healthy pipeline reported count is 1
2021-11-29 08:36:34,566 [pool-315-thread-1] INFO  server.RaftServerConfigKeys (ConfUtils.java:logGet(44)) - raft.server.log.segment.size.max = 1048576 (custom)
2021-11-29 08:36:34,566 [pool-315-thread-1] INFO  server.RaftServerConfigKeys (ConfUtils.java:logGet(44)) - raft.server.log.segment.cache.num.max = 2 (custom)
2021-11-29 08:36:34,566 [pool-315-thread-1] INFO  server.RaftServerConfigKeys (ConfUtils.java:logGet(44)) - raft.server.log.segment.cache.size.max = 200MB (=209715200) (default)
2021-11-29 08:36:34,566 [pool-315-thread-1] INFO  segmented.SegmentedRaftLogWorker (SegmentedRaftLogWorker.java:<init>(182)) - new a39b17a5-0a4e-46f3-8d78-c7d3a13330a0@group-C4FF93137A45-SegmentedRaftLogWorker for RaftStorageImpl:Storage Directory /home/runner/work/ozone/ozone/hadoop-ozone/integration-test/target/test-dir/MiniOzoneClusterImpl-c80c5e57-a00d-42e9-a5d1-a1f89d8b0246/datanode-3/data/ratis/78345da7-c5d2-441d-8f06-c4ff93137a45
2021-11-29 08:36:34,566 [pool-315-thread-1] INFO  server.RaftServerConfigKeys (ConfUtils.java:logGet(44)) - raft.server.log.queue.byte-limit = 2147483647 (custom)
2021-11-29 08:36:34,566 [pool-315-thread-1] INFO  server.RaftServerConfigKeys (ConfUtils.java:logGet(44)) - raft.server.log.queue.element-limit = 1024 (custom)
2021-11-29 08:36:34,567 [pool-315-thread-1] INFO  server.RaftServerConfigKeys (ConfUtils.java:logGet(44)) - raft.server.log.segment.size.max = 1048576 (custom)
2021-11-29 08:36:34,567 [pool-315-thread-1] INFO  server.RaftServerConfigKeys (ConfUtils.java:logGet(44)) - raft.server.log.preallocated.size = 16384 (custom)
2021-11-29 08:36:34,567 [pool-315-thread-1] INFO  server.RaftServerConfigKeys (ConfUtils.java:logGet(44)) - raft.server.log.force.sync.num = 128 (default)
2021-11-29 08:36:34,567 [pool-315-thread-1] INFO  server.RaftServerConfigKeys (ConfUtils.java:logGet(44)) - raft.server.log.statemachine.data.sync = true (default)
2021-11-29 08:36:34,567 [pool-315-thread-1] INFO  server.RaftServerConfigKeys (ConfUtils.java:logGet(44)) - raft.server.log.statemachine.data.sync.timeout = 10s (default)
2021-11-29 08:36:34,567 [pool-315-thread-1] INFO  server.RaftServerConfigKeys (ConfUtils.java:logGet(44)) - raft.server.log.statemachine.data.sync.timeout.retry = -1 (default)
2021-11-29 08:36:34,568 [pool-315-thread-1] INFO  server.RaftServerConfigKeys (ConfUtils.java:logGet(44)) - raft.server.log.write.buffer.size = 1048576 (custom)
2021-11-29 08:36:34,568 [pool-315-thread-1] INFO  server.RaftServerConfigKeys (ConfUtils.java:logGet(44)) - raft.server.log.statemachine.data.caching.enabled = true (custom)
2021-11-29 08:36:34,569 [pool-315-thread-1] INFO  segmented.SegmentedRaftLogWorker (SegmentedRaftLogWorker.java:lambda$new$0(133)) - a39b17a5-0a4e-46f3-8d78-c7d3a13330a0@group-C4FF93137A45-SegmentedRaftLogWorker: flushIndex: setUnconditionally 0 -> -1
2021-11-29 08:36:34,569 [pool-315-thread-1] INFO  segmented.SegmentedRaftLogWorker (SegmentedRaftLogWorker.java:lambda$new$0(133)) - a39b17a5-0a4e-46f3-8d78-c7d3a13330a0@group-C4FF93137A45-SegmentedRaftLogWorker: safeCacheEvictIndex: setUnconditionally 0 -> -1
2021-11-29 08:36:34,569 [pool-315-thread-1] INFO  server.RaftServerConfigKeys (ConfUtils.java:logGet(44)) - raft.server.snapshot.auto.trigger.enabled = true (custom)
2021-11-29 08:36:34,569 [pool-315-thread-1] INFO  server.RaftServerConfigKeys (ConfUtils.java:logGet(44)) - raft.server.snapshot.auto.trigger.threshold = 10000 (custom)
2021-11-29 08:36:34,569 [pool-315-thread-1] INFO  server.RaftServerConfigKeys (ConfUtils.java:logGet(44)) - raft.server.snapshot.retention.file.num = 5 (custom)
2021-11-29 08:36:34,569 [pool-315-thread-1] INFO  server.RaftServerConfigKeys (ConfUtils.java:logGet(44)) - raft.server.log.purge.upto.snapshot.index = false (default)
2021-11-29 08:36:34,569 [pool-315-thread-1] INFO  server.RaftServerConfigKeys (ConfUtils.java:logGet(44)) - raft.server.retrycache.expirytime = 600000ms (custom)
2021-11-29 08:36:34,569 [pool-315-thread-1] INFO  server.RaftServerConfigKeys (ConfUtils.java:logGet(44)) - raft.server.retrycache.statistics.expirytime = 100μs (default)
2021-11-29 08:36:34,571 [pool-315-thread-1] INFO  server.RaftServer$Division (RaftServerImpl.java:start(301)) - a39b17a5-0a4e-46f3-8d78-c7d3a13330a0@group-C4FF93137A45: start as a follower, conf=-1: [172a3cc1-7404-4a1c-a641-e7203df0c6a5|rpc:10.1.0.67:39097|priority:1, 0a8fcbf3-87bd-491e-9dcd-b94915d21232|rpc:10.1.0.67:36319|priority:0, a39b17a5-0a4e-46f3-8d78-c7d3a13330a0|rpc:10.1.0.67:46853|priority:0], old=null
2021-11-29 08:36:34,571 [pool-315-thread-1] INFO  server.RaftServer$Division (RaftServerImpl.java:setRole(290)) - a39b17a5-0a4e-46f3-8d78-c7d3a13330a0@group-C4FF93137A45: changes role from      null to FOLLOWER at term 0 for startAsFollower
2021-11-29 08:36:34,571 [pool-315-thread-1] INFO  impl.RoleInfo (RoleInfo.java:updateAndGet(130)) - a39b17a5-0a4e-46f3-8d78-c7d3a13330a0: start a39b17a5-0a4e-46f3-8d78-c7d3a13330a0@group-C4FF93137A45-FollowerState
2021-11-29 08:36:34,577 [pool-315-thread-1] INFO  util.JmxRegister (JmxRegister.java:tryRegister(44)) - Successfully registered JMX Bean with object name Ratis:service=RaftServer,group=group-C4FF93137A45,id=a39b17a5-0a4e-46f3-8d78-c7d3a13330a0
2021-11-29 08:36:34,578 [Command processor thread] INFO  ratis.XceiverServerRatis (XceiverServerRatis.java:addGroup(768)) - Created group PipelineID=78345da7-c5d2-441d-8f06-c4ff93137a45
2021-11-29 08:36:34,587 [grpc-default-executor-0] INFO  server.RaftServer (RaftServerProxy.java:addNew(95)) - 172a3cc1-7404-4a1c-a641-e7203df0c6a5: addNew group-C4FF93137A45:[172a3cc1-7404-4a1c-a641-e7203df0c6a5|rpc:10.1.0.67:39097|dataStream:|priority:1, 0a8fcbf3-87bd-491e-9dcd-b94915d21232|rpc:10.1.0.67:36319|dataStream:|priority:0, a39b17a5-0a4e-46f3-8d78-c7d3a13330a0|rpc:10.1.0.67:46853|dataStream:|priority:0] returns group-C4FF93137A45:java.util.concurrent.CompletableFuture@4b0061b8[Not completed]
2021-11-29 08:36:34,593 [pool-353-thread-1] INFO  server.RaftServer$Division (RaftServerImpl.java:<init>(184)) - 172a3cc1-7404-4a1c-a641-e7203df0c6a5: new RaftServerImpl for group-C4FF93137A45:[172a3cc1-7404-4a1c-a641-e7203df0c6a5|rpc:10.1.0.67:39097|dataStream:|priority:1, 0a8fcbf3-87bd-491e-9dcd-b94915d21232|rpc:10.1.0.67:36319|dataStream:|priority:0, a39b17a5-0a4e-46f3-8d78-c7d3a13330a0|rpc:10.1.0.67:46853|dataStream:|priority:0] with ContainerStateMachine:uninitialized
2021-11-29 08:36:34,593 [pool-353-thread-1] INFO  server.RaftServerConfigKeys (ConfUtils.java:logGet(44)) - raft.server.rpc.timeout.min = 5s (custom)
2021-11-29 08:36:34,593 [pool-353-thread-1] INFO  server.RaftServerConfigKeys (ConfUtils.java:logGet(44)) - raft.server.rpc.timeout.max = 5200ms (custom)
2021-11-29 08:36:34,593 [pool-353-thread-1] INFO  server.RaftServerConfigKeys (ConfUtils.java:logGet(44)) - raft.server.rpc.sleep.time = 25ms (default)
2021-11-29 08:36:34,593 [pool-353-thread-1] INFO  server.RaftServerConfigKeys (ConfUtils.java:logGet(44)) - raft.server.rpc.slowness.timeout = 300s (custom)
2021-11-29 08:36:34,593 [pool-353-thread-1] INFO  server.RaftServerConfigKeys (ConfUtils.java:logGet(44)) - raft.server.leaderelection.leader.step-down.wait-time = 10s (default)
2021-11-29 08:36:34,593 [pool-353-thread-1] INFO  server.RaftServerConfigKeys (ConfUtils.java:logGet(44)) - raft.server.sleep.deviation.threshold = 300ms (default)
2021-11-29 08:36:34,593 [pool-353-thread-1] INFO  server.RaftServerConfigKeys (ConfUtils.java:logGet(44)) - raft.server.log.appender.install.snapshot.enabled = false (custom)
2021-11-29 08:36:34,593 [pool-353-thread-1] INFO  server.RaftServer$Division (ServerState.java:<init>(105)) - 172a3cc1-7404-4a1c-a641-e7203df0c6a5@group-C4FF93137A45: ConfigurationManager, init=-1: [172a3cc1-7404-4a1c-a641-e7203df0c6a5|rpc:10.1.0.67:39097|dataStream:|priority:1, 0a8fcbf3-87bd-491e-9dcd-b94915d21232|rpc:10.1.0.67:36319|dataStream:|priority:0, a39b17a5-0a4e-46f3-8d78-c7d3a13330a0|rpc:10.1.0.67:46853|dataStream:|priority:0], old=null, confs=<EMPTY_MAP>
2021-11-29 08:36:34,593 [pool-353-thread-1] INFO  server.RaftServerConfigKeys (ConfUtils.java:logGet(44)) - raft.server.storage.dir = [/home/runner/work/ozone/ozone/hadoop-ozone/integration-test/target/test-dir/MiniOzoneClusterImpl-c80c5e57-a00d-42e9-a5d1-a1f89d8b0246/datanode-5/data/ratis] (custom)
2021-11-29 08:36:34,594 [pool-353-thread-1] INFO  server.RaftServerConfigKeys (ConfUtils.java:logGet(44)) - raft.server.log.corruption.policy = EXCEPTION (default)
2021-11-29 08:36:34,594 [pool-353-thread-1] INFO  server.RaftServerConfigKeys (ConfUtils.java:logGet(44)) - raft.server.storage.free-space.min = 0MB (=0) (default)
2021-11-29 08:36:34,594 [pool-353-thread-1] INFO  storage.RaftStorageDirectory (RaftStorageDirectoryImpl.java:analyzeStorage(135)) - The storage directory /home/runner/work/ozone/ozone/hadoop-ozone/integration-test/target/test-dir/MiniOzoneClusterImpl-c80c5e57-a00d-42e9-a5d1-a1f89d8b0246/datanode-5/data/ratis/78345da7-c5d2-441d-8f06-c4ff93137a45 does not exist. Creating ...
2021-11-29 08:36:34,595 [pool-353-thread-1] INFO  storage.RaftStorageDirectory (RaftStorageDirectoryImpl.java:tryLock(230)) - Lock on /home/runner/work/ozone/ozone/hadoop-ozone/integration-test/target/test-dir/MiniOzoneClusterImpl-c80c5e57-a00d-42e9-a5d1-a1f89d8b0246/datanode-5/data/ratis/78345da7-c5d2-441d-8f06-c4ff93137a45/in_use.lock acquired by nodename 398@fv-az294-535
2021-11-29 08:36:34,596 [pool-353-thread-1] INFO  storage.RaftStorage (RaftStorageImpl.java:format(89)) - Storage directory /home/runner/work/ozone/ozone/hadoop-ozone/integration-test/target/test-dir/MiniOzoneClusterImpl-c80c5e57-a00d-42e9-a5d1-a1f89d8b0246/datanode-5/data/ratis/78345da7-c5d2-441d-8f06-c4ff93137a45 has been successfully formatted.
2021-11-29 08:36:34,598 [pool-353-thread-1] INFO  ratis.ContainerStateMachine (ContainerStateMachine.java:loadSnapshot(224)) - group-C4FF93137A45: The snapshot info is null. Setting the last applied indexto:(t:0, i:~)
2021-11-29 08:36:34,599 [pool-353-thread-1] INFO  server.RaftServerConfigKeys (ConfUtils.java:logGet(44)) - raft.server.notification.no-leader.timeout = 300s (custom)
2021-11-29 08:36:34,599 [pool-353-thread-1] INFO  server.RaftServerConfigKeys (ConfUtils.java:logGet(44)) - raft.server.log.use.memory = false (default)
2021-11-29 08:36:34,599 [pool-353-thread-1] INFO  server.RaftServerConfigKeys (ConfUtils.java:logGet(44)) - raft.server.log.purge.gap = 1000000 (custom)
2021-11-29 08:36:34,600 [pool-353-thread-1] INFO  server.RaftServerConfigKeys (ConfUtils.java:logGet(44)) - raft.server.log.appender.buffer.byte-limit = 33554432 (custom)
2021-11-29 08:36:34,600 [pool-353-thread-1] INFO  server.RaftServerConfigKeys (ConfUtils.java:logGet(44)) - raft.server.log.segment.size.max = 1048576 (custom)
2021-11-29 08:36:34,600 [pool-353-thread-1] INFO  server.RaftServerConfigKeys (ConfUtils.java:logGet(44)) - raft.server.log.segment.cache.num.max = 2 (custom)
2021-11-29 08:36:34,601 [pool-353-thread-1] INFO  server.RaftServerConfigKeys (ConfUtils.java:logGet(44)) - raft.server.log.segment.cache.size.max = 200MB (=209715200) (default)
2021-11-29 08:36:34,601 [pool-353-thread-1] INFO  segmented.SegmentedRaftLogWorker (SegmentedRaftLogWorker.java:<init>(182)) - new 172a3cc1-7404-4a1c-a641-e7203df0c6a5@group-C4FF93137A45-SegmentedRaftLogWorker for RaftStorageImpl:Storage Directory /home/runner/work/ozone/ozone/hadoop-ozone/integration-test/target/test-dir/MiniOzoneClusterImpl-c80c5e57-a00d-42e9-a5d1-a1f89d8b0246/datanode-5/data/ratis/78345da7-c5d2-441d-8f06-c4ff93137a45
2021-11-29 08:36:34,601 [pool-353-thread-1] INFO  server.RaftServerConfigKeys (ConfUtils.java:logGet(44)) - raft.server.log.queue.byte-limit = 2147483647 (custom)
2021-11-29 08:36:34,601 [pool-353-thread-1] INFO  server.RaftServerConfigKeys (ConfUtils.java:logGet(44)) - raft.server.log.queue.element-limit = 1024 (custom)
2021-11-29 08:36:34,601 [pool-353-thread-1] INFO  server.RaftServerConfigKeys (ConfUtils.java:logGet(44)) - raft.server.log.segment.size.max = 1048576 (custom)
2021-11-29 08:36:34,601 [pool-353-thread-1] INFO  server.RaftServerConfigKeys (ConfUtils.java:logGet(44)) - raft.server.log.preallocated.size = 16384 (custom)
2021-11-29 08:36:34,601 [pool-353-thread-1] INFO  server.RaftServerConfigKeys (ConfUtils.java:logGet(44)) - raft.server.log.force.sync.num = 128 (default)
2021-11-29 08:36:34,601 [pool-353-thread-1] INFO  server.RaftServerConfigKeys (ConfUtils.java:logGet(44)) - raft.server.log.statemachine.data.sync = true (default)
2021-11-29 08:36:34,601 [pool-353-thread-1] INFO  server.RaftServerConfigKeys (ConfUtils.java:logGet(44)) - raft.server.log.statemachine.data.sync.timeout = 10s (default)
2021-11-29 08:36:34,601 [pool-353-thread-1] INFO  server.RaftServerConfigKeys (ConfUtils.java:logGet(44)) - raft.server.log.statemachine.data.sync.timeout.retry = -1 (default)
2021-11-29 08:36:34,605 [pool-353-thread-1] INFO  server.RaftServerConfigKeys (ConfUtils.java:logGet(44)) - raft.server.log.write.buffer.size = 1048576 (custom)
2021-11-29 08:36:34,606 [pool-353-thread-1] INFO  server.RaftServerConfigKeys (ConfUtils.java:logGet(44)) - raft.server.log.statemachine.data.caching.enabled = true (custom)
2021-11-29 08:36:34,606 [pool-353-thread-1] INFO  segmented.SegmentedRaftLogWorker (SegmentedRaftLogWorker.java:lambda$new$0(133)) - 172a3cc1-7404-4a1c-a641-e7203df0c6a5@group-C4FF93137A45-SegmentedRaftLogWorker: flushIndex: setUnconditionally 0 -> -1
2021-11-29 08:36:34,609 [pool-353-thread-1] INFO  segmented.SegmentedRaftLogWorker (SegmentedRaftLogWorker.java:lambda$new$0(133)) - 172a3cc1-7404-4a1c-a641-e7203df0c6a5@group-C4FF93137A45-SegmentedRaftLogWorker: safeCacheEvictIndex: setUnconditionally 0 -> -1
2021-11-29 08:36:34,611 [pool-353-thread-1] INFO  server.RaftServerConfigKeys (ConfUtils.java:logGet(44)) - raft.server.snapshot.auto.trigger.enabled = true (custom)
2021-11-29 08:36:34,611 [pool-353-thread-1] INFO  server.RaftServerConfigKeys (ConfUtils.java:logGet(44)) - raft.server.snapshot.auto.trigger.threshold = 10000 (custom)
2021-11-29 08:36:34,611 [pool-353-thread-1] INFO  server.RaftServerConfigKeys (ConfUtils.java:logGet(44)) - raft.server.snapshot.retention.file.num = 5 (custom)
2021-11-29 08:36:34,611 [pool-353-thread-1] INFO  server.RaftServerConfigKeys (ConfUtils.java:logGet(44)) - raft.server.log.purge.upto.snapshot.index = false (default)
2021-11-29 08:36:34,612 [pool-353-thread-1] INFO  server.RaftServerConfigKeys (ConfUtils.java:logGet(44)) - raft.server.retrycache.expirytime = 600000ms (custom)
2021-11-29 08:36:34,612 [pool-353-thread-1] INFO  server.RaftServerConfigKeys (ConfUtils.java:logGet(44)) - raft.server.retrycache.statistics.expirytime = 100μs (default)
2021-11-29 08:36:34,613 [pool-353-thread-1] INFO  server.RaftServer$Division (RaftServerImpl.java:start(301)) - 172a3cc1-7404-4a1c-a641-e7203df0c6a5@group-C4FF93137A45: start as a follower, conf=-1: [172a3cc1-7404-4a1c-a641-e7203df0c6a5|rpc:10.1.0.67:39097|dataStream:|priority:1, 0a8fcbf3-87bd-491e-9dcd-b94915d21232|rpc:10.1.0.67:36319|dataStream:|priority:0, a39b17a5-0a4e-46f3-8d78-c7d3a13330a0|rpc:10.1.0.67:46853|dataStream:|priority:0], old=null
2021-11-29 08:36:34,613 [pool-353-thread-1] INFO  server.RaftServer$Division (RaftServerImpl.java:setRole(290)) - 172a3cc1-7404-4a1c-a641-e7203df0c6a5@group-C4FF93137A45: changes role from      null to FOLLOWER at term 0 for startAsFollower
2021-11-29 08:36:34,613 [pool-353-thread-1] INFO  impl.RoleInfo (RoleInfo.java:updateAndGet(130)) - 172a3cc1-7404-4a1c-a641-e7203df0c6a5: start 172a3cc1-7404-4a1c-a641-e7203df0c6a5@group-C4FF93137A45-FollowerState
2021-11-29 08:36:34,613 [pool-353-thread-1] INFO  util.JmxRegister (JmxRegister.java:tryRegister(44)) - Successfully registered JMX Bean with object name Ratis:service=RaftServer,group=group-C4FF93137A45,id=172a3cc1-7404-4a1c-a641-e7203df0c6a5
2021-11-29 08:36:34,616 [EventQueue-OpenPipelineForHealthyPipelineSafeModeRule] INFO  safemode.SCMSafeModeManager (HealthyPipelineSafeModeRule.java:process(124)) - SCM in safe mode. Healthy pipelines reported count is 0, required healthy pipeline reported count is 1
2021-11-29 08:36:34,631 [grpc-default-executor-0] INFO  server.RaftServer (RaftServerProxy.java:addNew(95)) - 0a8fcbf3-87bd-491e-9dcd-b94915d21232: addNew group-C4FF93137A45:[172a3cc1-7404-4a1c-a641-e7203df0c6a5|rpc:10.1.0.67:39097|dataStream:|priority:1, 0a8fcbf3-87bd-491e-9dcd-b94915d21232|rpc:10.1.0.67:36319|dataStream:|priority:0, a39b17a5-0a4e-46f3-8d78-c7d3a13330a0|rpc:10.1.0.67:46853|dataStream:|priority:0] returns group-C4FF93137A45:java.util.concurrent.CompletableFuture@53f1c9b5[Not completed]
2021-11-29 08:36:34,634 [pool-334-thread-1] INFO  server.RaftServer$Division (RaftServerImpl.java:<init>(184)) - 0a8fcbf3-87bd-491e-9dcd-b94915d21232: new RaftServerImpl for group-C4FF93137A45:[172a3cc1-7404-4a1c-a641-e7203df0c6a5|rpc:10.1.0.67:39097|dataStream:|priority:1, 0a8fcbf3-87bd-491e-9dcd-b94915d21232|rpc:10.1.0.67:36319|dataStream:|priority:0, a39b17a5-0a4e-46f3-8d78-c7d3a13330a0|rpc:10.1.0.67:46853|dataStream:|priority:0] with ContainerStateMachine:uninitialized
2021-11-29 08:36:34,634 [pool-334-thread-1] INFO  server.RaftServerConfigKeys (ConfUtils.java:logGet(44)) - raft.server.rpc.timeout.min = 5s (custom)
2021-11-29 08:36:34,634 [pool-334-thread-1] INFO  server.RaftServerConfigKeys (ConfUtils.java:logGet(44)) - raft.server.rpc.timeout.max = 5200ms (custom)
2021-11-29 08:36:34,634 [pool-334-thread-1] INFO  server.RaftServerConfigKeys (ConfUtils.java:logGet(44)) - raft.server.rpc.sleep.time = 25ms (default)
2021-11-29 08:36:34,634 [pool-334-thread-1] INFO  server.RaftServerConfigKeys (ConfUtils.java:logGet(44)) - raft.server.rpc.slowness.timeout = 300s (custom)
2021-11-29 08:36:34,634 [pool-334-thread-1] INFO  server.RaftServerConfigKeys (ConfUtils.java:logGet(44)) - raft.server.leaderelection.leader.step-down.wait-time = 10s (default)
2021-11-29 08:36:34,634 [pool-334-thread-1] INFO  server.RaftServerConfigKeys (ConfUtils.java:logGet(44)) - raft.server.sleep.deviation.threshold = 300ms (default)
2021-11-29 08:36:34,634 [pool-334-thread-1] INFO  server.RaftServerConfigKeys (ConfUtils.java:logGet(44)) - raft.server.log.appender.install.snapshot.enabled = false (custom)
2021-11-29 08:36:34,634 [pool-334-thread-1] INFO  server.RaftServer$Division (ServerState.java:<init>(105)) - 0a8fcbf3-87bd-491e-9dcd-b94915d21232@group-C4FF93137A45: ConfigurationManager, init=-1: [172a3cc1-7404-4a1c-a641-e7203df0c6a5|rpc:10.1.0.67:39097|dataStream:|priority:1, 0a8fcbf3-87bd-491e-9dcd-b94915d21232|rpc:10.1.0.67:36319|dataStream:|priority:0, a39b17a5-0a4e-46f3-8d78-c7d3a13330a0|rpc:10.1.0.67:46853|dataStream:|priority:0], old=null, confs=<EMPTY_MAP>
2021-11-29 08:36:34,635 [pool-334-thread-1] INFO  server.RaftServerConfigKeys (ConfUtils.java:logGet(44)) - raft.server.storage.dir = [/home/runner/work/ozone/ozone/hadoop-ozone/integration-test/target/test-dir/MiniOzoneClusterImpl-c80c5e57-a00d-42e9-a5d1-a1f89d8b0246/datanode-4/data/ratis] (custom)
2021-11-29 08:36:34,635 [pool-334-thread-1] INFO  server.RaftServerConfigKeys (ConfUtils.java:logGet(44)) - raft.server.log.corruption.policy = EXCEPTION (default)
2021-11-29 08:36:34,635 [pool-334-thread-1] INFO  server.RaftServerConfigKeys (ConfUtils.java:logGet(44)) - raft.server.storage.free-space.min = 0MB (=0) (default)
2021-11-29 08:36:34,635 [pool-334-thread-1] INFO  storage.RaftStorageDirectory (RaftStorageDirectoryImpl.java:analyzeStorage(135)) - The storage directory /home/runner/work/ozone/ozone/hadoop-ozone/integration-test/target/test-dir/MiniOzoneClusterImpl-c80c5e57-a00d-42e9-a5d1-a1f89d8b0246/datanode-4/data/ratis/78345da7-c5d2-441d-8f06-c4ff93137a45 does not exist. Creating ...
2021-11-29 08:36:34,636 [pool-334-thread-1] INFO  storage.RaftStorageDirectory (RaftStorageDirectoryImpl.java:tryLock(230)) - Lock on /home/runner/work/ozone/ozone/hadoop-ozone/integration-test/target/test-dir/MiniOzoneClusterImpl-c80c5e57-a00d-42e9-a5d1-a1f89d8b0246/datanode-4/data/ratis/78345da7-c5d2-441d-8f06-c4ff93137a45/in_use.lock acquired by nodename 398@fv-az294-535
2021-11-29 08:36:34,637 [pool-334-thread-1] INFO  storage.RaftStorage (RaftStorageImpl.java:format(89)) - Storage directory /home/runner/work/ozone/ozone/hadoop-ozone/integration-test/target/test-dir/MiniOzoneClusterImpl-c80c5e57-a00d-42e9-a5d1-a1f89d8b0246/datanode-4/data/ratis/78345da7-c5d2-441d-8f06-c4ff93137a45 has been successfully formatted.
2021-11-29 08:36:34,641 [pool-334-thread-1] INFO  ratis.ContainerStateMachine (ContainerStateMachine.java:loadSnapshot(224)) - group-C4FF93137A45: The snapshot info is null. Setting the last applied indexto:(t:0, i:~)
2021-11-29 08:36:34,641 [pool-334-thread-1] INFO  server.RaftServerConfigKeys (ConfUtils.java:logGet(44)) - raft.server.notification.no-leader.timeout = 300s (custom)
2021-11-29 08:36:34,641 [pool-334-thread-1] INFO  server.RaftServerConfigKeys (ConfUtils.java:logGet(44)) - raft.server.log.use.memory = false (default)
2021-11-29 08:36:34,641 [pool-334-thread-1] INFO  server.RaftServerConfigKeys (ConfUtils.java:logGet(44)) - raft.server.log.purge.gap = 1000000 (custom)
2021-11-29 08:36:34,641 [pool-334-thread-1] INFO  server.RaftServerConfigKeys (ConfUtils.java:logGet(44)) - raft.server.log.appender.buffer.byte-limit = 33554432 (custom)
2021-11-29 08:36:34,642 [pool-334-thread-1] INFO  server.RaftServerConfigKeys (ConfUtils.java:logGet(44)) - raft.server.log.segment.size.max = 1048576 (custom)
2021-11-29 08:36:34,642 [pool-334-thread-1] INFO  server.RaftServerConfigKeys (ConfUtils.java:logGet(44)) - raft.server.log.segment.cache.num.max = 2 (custom)
2021-11-29 08:36:34,642 [pool-334-thread-1] INFO  server.RaftServerConfigKeys (ConfUtils.java:logGet(44)) - raft.server.log.segment.cache.size.max = 200MB (=209715200) (default)
2021-11-29 08:36:34,642 [pool-334-thread-1] INFO  segmented.SegmentedRaftLogWorker (SegmentedRaftLogWorker.java:<init>(182)) - new 0a8fcbf3-87bd-491e-9dcd-b94915d21232@group-C4FF93137A45-SegmentedRaftLogWorker for RaftStorageImpl:Storage Directory /home/runner/work/ozone/ozone/hadoop-ozone/integration-test/target/test-dir/MiniOzoneClusterImpl-c80c5e57-a00d-42e9-a5d1-a1f89d8b0246/datanode-4/data/ratis/78345da7-c5d2-441d-8f06-c4ff93137a45
2021-11-29 08:36:34,642 [pool-334-thread-1] INFO  server.RaftServerConfigKeys (ConfUtils.java:logGet(44)) - raft.server.log.queue.byte-limit = 2147483647 (custom)
2021-11-29 08:36:34,642 [pool-334-thread-1] INFO  server.RaftServerConfigKeys (ConfUtils.java:logGet(44)) - raft.server.log.queue.element-limit = 1024 (custom)
2021-11-29 08:36:34,642 [pool-334-thread-1] INFO  server.RaftServerConfigKeys (ConfUtils.java:logGet(44)) - raft.server.log.segment.size.max = 1048576 (custom)
2021-11-29 08:36:34,642 [pool-334-thread-1] INFO  server.RaftServerConfigKeys (ConfUtils.java:logGet(44)) - raft.server.log.preallocated.size = 16384 (custom)
2021-11-29 08:36:34,642 [pool-334-thread-1] INFO  server.RaftServerConfigKeys (ConfUtils.java:logGet(44)) - raft.server.log.force.sync.num = 128 (default)
2021-11-29 08:36:34,642 [pool-334-thread-1] INFO  server.RaftServerConfigKeys (ConfUtils.java:logGet(44)) - raft.server.log.statemachine.data.sync = true (default)
2021-11-29 08:36:34,642 [pool-334-thread-1] INFO  server.RaftServerConfigKeys (ConfUtils.java:logGet(44)) - raft.server.log.statemachine.data.sync.timeout = 10s (default)
2021-11-29 08:36:34,642 [pool-334-thread-1] INFO  server.RaftServerConfigKeys (ConfUtils.java:logGet(44)) - raft.server.log.statemachine.data.sync.timeout.retry = -1 (default)
2021-11-29 08:36:34,643 [pool-334-thread-1] INFO  server.RaftServerConfigKeys (ConfUtils.java:logGet(44)) - raft.server.log.write.buffer.size = 1048576 (custom)
2021-11-29 08:36:34,644 [pool-334-thread-1] INFO  server.RaftServerConfigKeys (ConfUtils.java:logGet(44)) - raft.server.log.statemachine.data.caching.enabled = true (custom)
2021-11-29 08:36:34,644 [pool-334-thread-1] INFO  segmented.SegmentedRaftLogWorker (SegmentedRaftLogWorker.java:lambda$new$0(133)) - 0a8fcbf3-87bd-491e-9dcd-b94915d21232@group-C4FF93137A45-SegmentedRaftLogWorker: flushIndex: setUnconditionally 0 -> -1
2021-11-29 08:36:34,644 [pool-334-thread-1] INFO  segmented.SegmentedRaftLogWorker (SegmentedRaftLogWorker.java:lambda$new$0(133)) - 0a8fcbf3-87bd-491e-9dcd-b94915d21232@group-C4FF93137A45-SegmentedRaftLogWorker: safeCacheEvictIndex: setUnconditionally 0 -> -1
2021-11-29 08:36:34,644 [pool-334-thread-1] INFO  server.RaftServerConfigKeys (ConfUtils.java:logGet(44)) - raft.server.snapshot.auto.trigger.enabled = true (custom)
2021-11-29 08:36:34,645 [pool-334-thread-1] INFO  server.RaftServerConfigKeys (ConfUtils.java:logGet(44)) - raft.server.snapshot.auto.trigger.threshold = 10000 (custom)
2021-11-29 08:36:34,645 [pool-334-thread-1] INFO  server.RaftServerConfigKeys (ConfUtils.java:logGet(44)) - raft.server.snapshot.retention.file.num = 5 (custom)
2021-11-29 08:36:34,645 [pool-334-thread-1] INFO  server.RaftServerConfigKeys (ConfUtils.java:logGet(44)) - raft.server.log.purge.upto.snapshot.index = false (default)
2021-11-29 08:36:34,645 [pool-334-thread-1] INFO  server.RaftServerConfigKeys (ConfUtils.java:logGet(44)) - raft.server.retrycache.expirytime = 600000ms (custom)
2021-11-29 08:36:34,645 [pool-334-thread-1] INFO  server.RaftServerConfigKeys (ConfUtils.java:logGet(44)) - raft.server.retrycache.statistics.expirytime = 100μs (default)
2021-11-29 08:36:34,646 [pool-334-thread-1] INFO  server.RaftServer$Division (RaftServerImpl.java:start(301)) - 0a8fcbf3-87bd-491e-9dcd-b94915d21232@group-C4FF93137A45: start as a follower, conf=-1: [172a3cc1-7404-4a1c-a641-e7203df0c6a5|rpc:10.1.0.67:39097|dataStream:|priority:1, 0a8fcbf3-87bd-491e-9dcd-b94915d21232|rpc:10.1.0.67:36319|dataStream:|priority:0, a39b17a5-0a4e-46f3-8d78-c7d3a13330a0|rpc:10.1.0.67:46853|dataStream:|priority:0], old=null
2021-11-29 08:36:34,646 [pool-334-thread-1] INFO  server.RaftServer$Division (RaftServerImpl.java:setRole(290)) - 0a8fcbf3-87bd-491e-9dcd-b94915d21232@group-C4FF93137A45: changes role from      null to FOLLOWER at term 0 for startAsFollower
2021-11-29 08:36:34,646 [pool-334-thread-1] INFO  impl.RoleInfo (RoleInfo.java:updateAndGet(130)) - 0a8fcbf3-87bd-491e-9dcd-b94915d21232: start 0a8fcbf3-87bd-491e-9dcd-b94915d21232@group-C4FF93137A45-FollowerState
2021-11-29 08:36:34,646 [pool-334-thread-1] INFO  util.JmxRegister (JmxRegister.java:tryRegister(44)) - Successfully registered JMX Bean with object name Ratis:service=RaftServer,group=group-C4FF93137A45,id=0a8fcbf3-87bd-491e-9dcd-b94915d21232
2021-11-29 08:36:34,661 [Command processor thread] INFO  commandhandler.CreatePipelineCommandHandler (CreatePipelineCommandHandler.java:handle(106)) - Created Pipeline RATIS THREE PipelineID=78345da7-c5d2-441d-8f06-c4ff93137a45.
2021-11-29 08:36:34,706 [Command processor thread] INFO  server.RaftServer (RaftServerProxy.java:addNew(95)) - 0a8fcbf3-87bd-491e-9dcd-b94915d21232: addNew group-97A942BD767B:[0a8fcbf3-87bd-491e-9dcd-b94915d21232|rpc:10.1.0.67:36319|priority:1] returns group-97A942BD767B:java.util.concurrent.CompletableFuture@1dfeacd1[Not completed]
2021-11-29 08:36:34,707 [pool-334-thread-1] INFO  server.RaftServer$Division (RaftServerImpl.java:<init>(184)) - 0a8fcbf3-87bd-491e-9dcd-b94915d21232: new RaftServerImpl for group-97A942BD767B:[0a8fcbf3-87bd-491e-9dcd-b94915d21232|rpc:10.1.0.67:36319|priority:1] with ContainerStateMachine:uninitialized
2021-11-29 08:36:34,707 [pool-334-thread-1] INFO  server.RaftServerConfigKeys (ConfUtils.java:logGet(44)) - raft.server.rpc.timeout.min = 5s (custom)
2021-11-29 08:36:34,707 [pool-334-thread-1] INFO  server.RaftServerConfigKeys (ConfUtils.java:logGet(44)) - raft.server.rpc.timeout.max = 5200ms (custom)
2021-11-29 08:36:34,707 [pool-334-thread-1] INFO  server.RaftServerConfigKeys (ConfUtils.java:logGet(44)) - raft.server.rpc.sleep.time = 25ms (default)
2021-11-29 08:36:34,707 [pool-334-thread-1] INFO  server.RaftServerConfigKeys (ConfUtils.java:logGet(44)) - raft.server.rpc.slowness.timeout = 300s (custom)
2021-11-29 08:36:34,707 [pool-334-thread-1] INFO  server.RaftServerConfigKeys (ConfUtils.java:logGet(44)) - raft.server.leaderelection.leader.step-down.wait-time = 10s (default)
2021-11-29 08:36:34,707 [pool-334-thread-1] INFO  server.RaftServerConfigKeys (ConfUtils.java:logGet(44)) - raft.server.sleep.deviation.threshold = 300ms (default)
2021-11-29 08:36:34,707 [pool-334-thread-1] INFO  server.RaftServerConfigKeys (ConfUtils.java:logGet(44)) - raft.server.log.appender.install.snapshot.enabled = false (custom)
2021-11-29 08:36:34,708 [pool-334-thread-1] INFO  server.RaftServer$Division (ServerState.java:<init>(105)) - 0a8fcbf3-87bd-491e-9dcd-b94915d21232@group-97A942BD767B: ConfigurationManager, init=-1: [0a8fcbf3-87bd-491e-9dcd-b94915d21232|rpc:10.1.0.67:36319|priority:1], old=null, confs=<EMPTY_MAP>
2021-11-29 08:36:34,708 [pool-334-thread-1] INFO  server.RaftServerConfigKeys (ConfUtils.java:logGet(44)) - raft.server.storage.dir = [/home/runner/work/ozone/ozone/hadoop-ozone/integration-test/target/test-dir/MiniOzoneClusterImpl-c80c5e57-a00d-42e9-a5d1-a1f89d8b0246/datanode-4/data/ratis] (custom)
2021-11-29 08:36:34,708 [pool-334-thread-1] INFO  server.RaftServerConfigKeys (ConfUtils.java:logGet(44)) - raft.server.log.corruption.policy = EXCEPTION (default)
2021-11-29 08:36:34,708 [pool-334-thread-1] INFO  server.RaftServerConfigKeys (ConfUtils.java:logGet(44)) - raft.server.storage.free-space.min = 0MB (=0) (default)
2021-11-29 08:36:34,708 [pool-334-thread-1] INFO  storage.RaftStorageDirectory (RaftStorageDirectoryImpl.java:analyzeStorage(135)) - The storage directory /home/runner/work/ozone/ozone/hadoop-ozone/integration-test/target/test-dir/MiniOzoneClusterImpl-c80c5e57-a00d-42e9-a5d1-a1f89d8b0246/datanode-4/data/ratis/df2b397f-cf80-4130-bbed-97a942bd767b does not exist. Creating ...
2021-11-29 08:36:34,709 [pool-334-thread-1] INFO  storage.RaftStorageDirectory (RaftStorageDirectoryImpl.java:tryLock(230)) - Lock on /home/runner/work/ozone/ozone/hadoop-ozone/integration-test/target/test-dir/MiniOzoneClusterImpl-c80c5e57-a00d-42e9-a5d1-a1f89d8b0246/datanode-4/data/ratis/df2b397f-cf80-4130-bbed-97a942bd767b/in_use.lock acquired by nodename 398@fv-az294-535
2021-11-29 08:36:34,710 [pool-334-thread-1] INFO  storage.RaftStorage (RaftStorageImpl.java:format(89)) - Storage directory /home/runner/work/ozone/ozone/hadoop-ozone/integration-test/target/test-dir/MiniOzoneClusterImpl-c80c5e57-a00d-42e9-a5d1-a1f89d8b0246/datanode-4/data/ratis/df2b397f-cf80-4130-bbed-97a942bd767b has been successfully formatted.
2021-11-29 08:36:34,710 [pool-334-thread-1] INFO  ratis.ContainerStateMachine (ContainerStateMachine.java:loadSnapshot(224)) - group-97A942BD767B: The snapshot info is null. Setting the last applied indexto:(t:0, i:~)
2021-11-29 08:36:34,710 [pool-334-thread-1] INFO  server.RaftServerConfigKeys (ConfUtils.java:logGet(44)) - raft.server.notification.no-leader.timeout = 300s (custom)
2021-11-29 08:36:34,711 [pool-334-thread-1] INFO  server.RaftServerConfigKeys (ConfUtils.java:logGet(44)) - raft.server.log.use.memory = false (default)
2021-11-29 08:36:34,711 [pool-334-thread-1] INFO  server.RaftServerConfigKeys (ConfUtils.java:logGet(44)) - raft.server.log.purge.gap = 1000000 (custom)
2021-11-29 08:36:34,711 [pool-334-thread-1] INFO  server.RaftServerConfigKeys (ConfUtils.java:logGet(44)) - raft.server.log.appender.buffer.byte-limit = 33554432 (custom)
2021-11-29 08:36:34,711 [pool-334-thread-1] INFO  server.RaftServerConfigKeys (ConfUtils.java:logGet(44)) - raft.server.log.segment.size.max = 1048576 (custom)
2021-11-29 08:36:34,712 [pool-334-thread-1] INFO  server.RaftServerConfigKeys (ConfUtils.java:logGet(44)) - raft.server.log.segment.cache.num.max = 2 (custom)
2021-11-29 08:36:34,712 [pool-334-thread-1] INFO  server.RaftServerConfigKeys (ConfUtils.java:logGet(44)) - raft.server.log.segment.cache.size.max = 200MB (=209715200) (default)
2021-11-29 08:36:34,712 [pool-334-thread-1] INFO  segmented.SegmentedRaftLogWorker (SegmentedRaftLogWorker.java:<init>(182)) - new 0a8fcbf3-87bd-491e-9dcd-b94915d21232@group-97A942BD767B-SegmentedRaftLogWorker for RaftStorageImpl:Storage Directory /home/runner/work/ozone/ozone/hadoop-ozone/integration-test/target/test-dir/MiniOzoneClusterImpl-c80c5e57-a00d-42e9-a5d1-a1f89d8b0246/datanode-4/data/ratis/df2b397f-cf80-4130-bbed-97a942bd767b
2021-11-29 08:36:34,712 [pool-334-thread-1] INFO  server.RaftServerConfigKeys (ConfUtils.java:logGet(44)) - raft.server.log.queue.byte-limit = 2147483647 (custom)
2021-11-29 08:36:34,712 [pool-334-thread-1] INFO  server.RaftServerConfigKeys (ConfUtils.java:logGet(44)) - raft.server.log.queue.element-limit = 1024 (custom)
2021-11-29 08:36:34,712 [pool-334-thread-1] INFO  server.RaftServerConfigKeys (ConfUtils.java:logGet(44)) - raft.server.log.segment.size.max = 1048576 (custom)
2021-11-29 08:36:34,712 [pool-334-thread-1] INFO  server.RaftServerConfigKeys (ConfUtils.java:logGet(44)) - raft.server.log.preallocated.size = 16384 (custom)
2021-11-29 08:36:34,712 [pool-334-thread-1] INFO  server.RaftServerConfigKeys (ConfUtils.java:logGet(44)) - raft.server.log.force.sync.num = 128 (default)
2021-11-29 08:36:34,712 [pool-334-thread-1] INFO  server.RaftServerConfigKeys (ConfUtils.java:logGet(44)) - raft.server.log.statemachine.data.sync = true (default)
2021-11-29 08:36:34,712 [pool-334-thread-1] INFO  server.RaftServerConfigKeys (ConfUtils.java:logGet(44)) - raft.server.log.statemachine.data.sync.timeout = 10s (default)
2021-11-29 08:36:34,712 [pool-334-thread-1] INFO  server.RaftServerConfigKeys (ConfUtils.java:logGet(44)) - raft.server.log.statemachine.data.sync.timeout.retry = -1 (default)
2021-11-29 08:36:34,712 [EventQueue-PipelineReportForPipelineReportHandler] INFO  pipeline.PipelineManagerImpl (PipelineManagerImpl.java:openPipeline(289)) - Pipeline Pipeline[ Id: df2b397f-cf80-4130-bbed-97a942bd767b, Nodes: 0a8fcbf3-87bd-491e-9dcd-b94915d21232{ip: 10.1.0.67, host: fv-az294-535.eaanfquahm5ulb5tj050gcxych.jx.internal.cloudapp.net, ports: [REPLICATION=39541, RATIS=36319, RATIS_ADMIN=36319, RATIS_SERVER=36319, STANDALONE=41037], networkLocation: /default-rack, certSerialId: null, persistedOpState: IN_SERVICE, persistedOpStateExpiryEpochSec: 0}, ReplicationConfig: RATIS/ONE, State:ALLOCATED, leaderId:0a8fcbf3-87bd-491e-9dcd-b94915d21232, CreationTimestamp2021-11-29T08:36:31.710Z[Etc/UTC]] moved to OPEN state
2021-11-29 08:36:34,713 [EventQueue-OpenPipelineForHealthyPipelineSafeModeRule] INFO  safemode.SCMSafeModeManager (HealthyPipelineSafeModeRule.java:process(124)) - SCM in safe mode. Healthy pipelines reported count is 0, required healthy pipeline reported count is 1
2021-11-29 08:36:34,714 [pool-334-thread-1] INFO  server.RaftServerConfigKeys (ConfUtils.java:logGet(44)) - raft.server.log.write.buffer.size = 1048576 (custom)
2021-11-29 08:36:34,715 [pool-334-thread-1] INFO  server.RaftServerConfigKeys (ConfUtils.java:logGet(44)) - raft.server.log.statemachine.data.caching.enabled = true (custom)
2021-11-29 08:36:34,715 [pool-334-thread-1] INFO  segmented.SegmentedRaftLogWorker (SegmentedRaftLogWorker.java:lambda$new$0(133)) - 0a8fcbf3-87bd-491e-9dcd-b94915d21232@group-97A942BD767B-SegmentedRaftLogWorker: flushIndex: setUnconditionally 0 -> -1
2021-11-29 08:36:34,715 [pool-334-thread-1] INFO  segmented.SegmentedRaftLogWorker (SegmentedRaftLogWorker.java:lambda$new$0(133)) - 0a8fcbf3-87bd-491e-9dcd-b94915d21232@group-97A942BD767B-SegmentedRaftLogWorker: safeCacheEvictIndex: setUnconditionally 0 -> -1
2021-11-29 08:36:34,715 [pool-334-thread-1] INFO  server.RaftServerConfigKeys (ConfUtils.java:logGet(44)) - raft.server.snapshot.auto.trigger.enabled = true (custom)
2021-11-29 08:36:34,715 [pool-334-thread-1] INFO  server.RaftServerConfigKeys (ConfUtils.java:logGet(44)) - raft.server.snapshot.auto.trigger.threshold = 10000 (custom)
2021-11-29 08:36:34,715 [pool-334-thread-1] INFO  server.RaftServerConfigKeys (ConfUtils.java:logGet(44)) - raft.server.snapshot.retention.file.num = 5 (custom)
2021-11-29 08:36:34,715 [pool-334-thread-1] INFO  server.RaftServerConfigKeys (ConfUtils.java:logGet(44)) - raft.server.log.purge.upto.snapshot.index = false (default)
2021-11-29 08:36:34,715 [pool-334-thread-1] INFO  server.RaftServerConfigKeys (ConfUtils.java:logGet(44)) - raft.server.retrycache.expirytime = 600000ms (custom)
2021-11-29 08:36:34,715 [pool-334-thread-1] INFO  server.RaftServerConfigKeys (ConfUtils.java:logGet(44)) - raft.server.retrycache.statistics.expirytime = 100μs (default)
2021-11-29 08:36:34,717 [pool-334-thread-1] INFO  server.RaftServer$Division (RaftServerImpl.java:start(301)) - 0a8fcbf3-87bd-491e-9dcd-b94915d21232@group-97A942BD767B: start as a follower, conf=-1: [0a8fcbf3-87bd-491e-9dcd-b94915d21232|rpc:10.1.0.67:36319|priority:1], old=null
2021-11-29 08:36:34,717 [pool-334-thread-1] INFO  server.RaftServer$Division (RaftServerImpl.java:setRole(290)) - 0a8fcbf3-87bd-491e-9dcd-b94915d21232@group-97A942BD767B: changes role from      null to FOLLOWER at term 0 for startAsFollower
2021-11-29 08:36:34,717 [pool-334-thread-1] INFO  impl.RoleInfo (RoleInfo.java:updateAndGet(130)) - 0a8fcbf3-87bd-491e-9dcd-b94915d21232: start 0a8fcbf3-87bd-491e-9dcd-b94915d21232@group-97A942BD767B-FollowerState
2021-11-29 08:36:34,717 [pool-334-thread-1] INFO  util.JmxRegister (JmxRegister.java:tryRegister(44)) - Successfully registered JMX Bean with object name Ratis:service=RaftServer,group=group-97A942BD767B,id=0a8fcbf3-87bd-491e-9dcd-b94915d21232
2021-11-29 08:36:34,718 [Command processor thread] INFO  ratis.XceiverServerRatis (XceiverServerRatis.java:addGroup(768)) - Created group PipelineID=df2b397f-cf80-4130-bbed-97a942bd767b
2021-11-29 08:36:34,718 [Command processor thread] INFO  commandhandler.CreatePipelineCommandHandler (CreatePipelineCommandHandler.java:handle(106)) - Created Pipeline RATIS ONE PipelineID=df2b397f-cf80-4130-bbed-97a942bd767b.
2021-11-29 08:36:34,819 [DatanodeAdminManager-0] INFO  node.DatanodeAdminMonitorImpl (DatanodeAdminMonitorImpl.java:checkContainersReplicatedOnNode(306)) - f37cff1b-38c0-4a70-af4a-cd1c41c703b6{ip: 10.1.0.67, host: fv-az294-535.eaanfquahm5ulb5tj050gcxych.jx.internal.cloudapp.net, ports: [REPLICATION=37085, RATIS=40907, RATIS_ADMIN=40907, RATIS_SERVER=40907, STANDALONE=46669], networkLocation: /default-rack, certSerialId: null, persistedOpState: DECOMMISSIONING, persistedOpStateExpiryEpochSec: 0} has 0 sufficientlyReplicated, 3 underReplicated and 0 unhealthy containers
2021-11-29 08:36:34,820 [DatanodeAdminManager-0] INFO  node.DatanodeAdminMonitorImpl (DatanodeAdminMonitorImpl.java:run(137)) - There are 1 nodes tracked for decommission and maintenance. 0 pending nodes.
2021-11-29 08:36:34,833 [ReplicationMonitor] INFO  container.ReplicationManager (ReplicationManager.java:forceCloseContainer(1082)) - Force closing container #1 with BCSID 73, which is in QUASI_CLOSED state.
2021-11-29 08:36:34,833 [ReplicationMonitor] INFO  container.ReplicationManager (ReplicationManager.java:sendCloseCommand(1491)) - Sending close container command for container #1 to datanode f37cff1b-38c0-4a70-af4a-cd1c41c703b6{ip: 10.1.0.67, host: fv-az294-535.eaanfquahm5ulb5tj050gcxych.jx.internal.cloudapp.net, ports: [REPLICATION=37085, RATIS=40907, RATIS_ADMIN=40907, RATIS_SERVER=40907, STANDALONE=46669], networkLocation: /default-rack, certSerialId: null, persistedOpState: DECOMMISSIONING, persistedOpStateExpiryEpochSec: 0}.
2021-11-29 08:36:34,833 [ReplicationMonitor] INFO  container.ReplicationManager (ReplicationManager.java:sendCloseCommand(1491)) - Sending close container command for container #1 to datanode 83afdf48-275c-4aa7-9b86-71b323741a7e{ip: 10.1.0.67, host: fv-az294-535.eaanfquahm5ulb5tj050gcxych.jx.internal.cloudapp.net, ports: [REPLICATION=37283, RATIS=36653, RATIS_ADMIN=36653, RATIS_SERVER=36653, STANDALONE=36121], networkLocation: /default-rack, certSerialId: null, persistedOpState: IN_SERVICE, persistedOpStateExpiryEpochSec: 0}.
2021-11-29 08:36:34,833 [ReplicationMonitor] INFO  container.ReplicationManager (ReplicationManager.java:sendCloseCommand(1491)) - Sending close container command for container #1 to datanode 04f8ee08-a2ad-484b-9e4f-8959f0ebf609{ip: 10.1.0.67, host: fv-az294-535.eaanfquahm5ulb5tj050gcxych.jx.internal.cloudapp.net, ports: [REPLICATION=46107, RATIS=45751, RATIS_ADMIN=45751, RATIS_SERVER=45751, STANDALONE=33203], networkLocation: /default-rack, certSerialId: null, persistedOpState: IN_SERVICE, persistedOpStateExpiryEpochSec: 0}.
2021-11-29 08:36:34,833 [ReplicationMonitor] INFO  container.ReplicationManager (ReplicationManager.java:forceCloseContainer(1082)) - Force closing container #2 with BCSID 77, which is in QUASI_CLOSED state.
2021-11-29 08:36:34,833 [ReplicationMonitor] INFO  container.ReplicationManager (ReplicationManager.java:sendCloseCommand(1491)) - Sending close container command for container #2 to datanode 04f8ee08-a2ad-484b-9e4f-8959f0ebf609{ip: 10.1.0.67, host: fv-az294-535.eaanfquahm5ulb5tj050gcxych.jx.internal.cloudapp.net, ports: [REPLICATION=46107, RATIS=45751, RATIS_ADMIN=45751, RATIS_SERVER=45751, STANDALONE=33203], networkLocation: /default-rack, certSerialId: null, persistedOpState: IN_SERVICE, persistedOpStateExpiryEpochSec: 0}.
2021-11-29 08:36:34,833 [ReplicationMonitor] INFO  container.ReplicationManager (ReplicationManager.java:sendCloseCommand(1491)) - Sending close container command for container #2 to datanode 83afdf48-275c-4aa7-9b86-71b323741a7e{ip: 10.1.0.67, host: fv-az294-535.eaanfquahm5ulb5tj050gcxych.jx.internal.cloudapp.net, ports: [REPLICATION=37283, RATIS=36653, RATIS_ADMIN=36653, RATIS_SERVER=36653, STANDALONE=36121], networkLocation: /default-rack, certSerialId: null, persistedOpState: IN_SERVICE, persistedOpStateExpiryEpochSec: 0}.
2021-11-29 08:36:34,834 [ReplicationMonitor] INFO  container.ReplicationManager (ReplicationManager.java:sendCloseCommand(1491)) - Sending close container command for container #2 to datanode f37cff1b-38c0-4a70-af4a-cd1c41c703b6{ip: 10.1.0.67, host: fv-az294-535.eaanfquahm5ulb5tj050gcxych.jx.internal.cloudapp.net, ports: [REPLICATION=37085, RATIS=40907, RATIS_ADMIN=40907, RATIS_SERVER=40907, STANDALONE=46669], networkLocation: /default-rack, certSerialId: null, persistedOpState: DECOMMISSIONING, persistedOpStateExpiryEpochSec: 0}.
2021-11-29 08:36:34,834 [ReplicationMonitor] INFO  container.ReplicationManager (ReplicationManager.java:forceCloseContainer(1082)) - Force closing container #3 with BCSID 69, which is in QUASI_CLOSED state.
2021-11-29 08:36:34,834 [ReplicationMonitor] INFO  container.ReplicationManager (ReplicationManager.java:sendCloseCommand(1491)) - Sending close container command for container #3 to datanode 04f8ee08-a2ad-484b-9e4f-8959f0ebf609{ip: 10.1.0.67, host: fv-az294-535.eaanfquahm5ulb5tj050gcxych.jx.internal.cloudapp.net, ports: [REPLICATION=46107, RATIS=45751, RATIS_ADMIN=45751, RATIS_SERVER=45751, STANDALONE=33203], networkLocation: /default-rack, certSerialId: null, persistedOpState: IN_SERVICE, persistedOpStateExpiryEpochSec: 0}.
2021-11-29 08:36:34,834 [ReplicationMonitor] INFO  container.ReplicationManager (ReplicationManager.java:sendCloseCommand(1491)) - Sending close container command for container #3 to datanode f37cff1b-38c0-4a70-af4a-cd1c41c703b6{ip: 10.1.0.67, host: fv-az294-535.eaanfquahm5ulb5tj050gcxych.jx.internal.cloudapp.net, ports: [REPLICATION=37085, RATIS=40907, RATIS_ADMIN=40907, RATIS_SERVER=40907, STANDALONE=46669], networkLocation: /default-rack, certSerialId: null, persistedOpState: DECOMMISSIONING, persistedOpStateExpiryEpochSec: 0}.
2021-11-29 08:36:34,834 [ReplicationMonitor] INFO  container.ReplicationManager (ReplicationManager.java:sendCloseCommand(1491)) - Sending close container command for container #3 to datanode 83afdf48-275c-4aa7-9b86-71b323741a7e{ip: 10.1.0.67, host: fv-az294-535.eaanfquahm5ulb5tj050gcxych.jx.internal.cloudapp.net, ports: [REPLICATION=37283, RATIS=36653, RATIS_ADMIN=36653, RATIS_SERVER=36653, STANDALONE=36121], networkLocation: /default-rack, certSerialId: null, persistedOpState: IN_SERVICE, persistedOpStateExpiryEpochSec: 0}.
2021-11-29 08:36:34,834 [ReplicationMonitor] INFO  container.ReplicationManager (ReplicationManager.java:processAll(371)) - Replication Monitor Thread took 2 milliseconds for processing 3 containers.
2021-11-29 08:36:34,858 [Command processor thread] INFO  server.RaftServer (RaftServerProxy.java:addNew(95)) - 172a3cc1-7404-4a1c-a641-e7203df0c6a5: addNew group-41271E2CB8A9:[172a3cc1-7404-4a1c-a641-e7203df0c6a5|rpc:10.1.0.67:39097|priority:1] returns group-41271E2CB8A9:java.util.concurrent.CompletableFuture@36f16924[Not completed]
2021-11-29 08:36:34,859 [pool-353-thread-1] INFO  server.RaftServer$Division (RaftServerImpl.java:<init>(184)) - 172a3cc1-7404-4a1c-a641-e7203df0c6a5: new RaftServerImpl for group-41271E2CB8A9:[172a3cc1-7404-4a1c-a641-e7203df0c6a5|rpc:10.1.0.67:39097|priority:1] with ContainerStateMachine:uninitialized
2021-11-29 08:36:34,859 [pool-353-thread-1] INFO  server.RaftServerConfigKeys (ConfUtils.java:logGet(44)) - raft.server.rpc.timeout.min = 5s (custom)
2021-11-29 08:36:34,859 [pool-353-thread-1] INFO  server.RaftServerConfigKeys (ConfUtils.java:logGet(44)) - raft.server.rpc.timeout.max = 5200ms (custom)
2021-11-29 08:36:34,859 [pool-353-thread-1] INFO  server.RaftServerConfigKeys (ConfUtils.java:logGet(44)) - raft.server.rpc.sleep.time = 25ms (default)
2021-11-29 08:36:34,859 [pool-353-thread-1] INFO  server.RaftServerConfigKeys (ConfUtils.java:logGet(44)) - raft.server.rpc.slowness.timeout = 300s (custom)
2021-11-29 08:36:34,859 [pool-353-thread-1] INFO  server.RaftServerConfigKeys (ConfUtils.java:logGet(44)) - raft.server.leaderelection.leader.step-down.wait-time = 10s (default)
2021-11-29 08:36:34,859 [pool-353-thread-1] INFO  server.RaftServerConfigKeys (ConfUtils.java:logGet(44)) - raft.server.sleep.deviation.threshold = 300ms (default)
2021-11-29 08:36:34,859 [pool-353-thread-1] INFO  server.RaftServerConfigKeys (ConfUtils.java:logGet(44)) - raft.server.log.appender.install.snapshot.enabled = false (custom)
2021-11-29 08:36:34,859 [pool-353-thread-1] INFO  server.RaftServer$Division (ServerState.java:<init>(105)) - 172a3cc1-7404-4a1c-a641-e7203df0c6a5@group-41271E2CB8A9: ConfigurationManager, init=-1: [172a3cc1-7404-4a1c-a641-e7203df0c6a5|rpc:10.1.0.67:39097|priority:1], old=null, confs=<EMPTY_MAP>
2021-11-29 08:36:34,859 [pool-353-thread-1] INFO  server.RaftServerConfigKeys (ConfUtils.java:logGet(44)) - raft.server.storage.dir = [/home/runner/work/ozone/ozone/hadoop-ozone/integration-test/target/test-dir/MiniOzoneClusterImpl-c80c5e57-a00d-42e9-a5d1-a1f89d8b0246/datanode-5/data/ratis] (custom)
2021-11-29 08:36:34,859 [pool-353-thread-1] INFO  server.RaftServerConfigKeys (ConfUtils.java:logGet(44)) - raft.server.log.corruption.policy = EXCEPTION (default)
2021-11-29 08:36:34,859 [pool-353-thread-1] INFO  server.RaftServerConfigKeys (ConfUtils.java:logGet(44)) - raft.server.storage.free-space.min = 0MB (=0) (default)
2021-11-29 08:36:34,860 [pool-353-thread-1] INFO  storage.RaftStorageDirectory (RaftStorageDirectoryImpl.java:analyzeStorage(135)) - The storage directory /home/runner/work/ozone/ozone/hadoop-ozone/integration-test/target/test-dir/MiniOzoneClusterImpl-c80c5e57-a00d-42e9-a5d1-a1f89d8b0246/datanode-5/data/ratis/7e483507-ce48-4de0-8c13-41271e2cb8a9 does not exist. Creating ...
2021-11-29 08:36:34,861 [pool-353-thread-1] INFO  storage.RaftStorageDirectory (RaftStorageDirectoryImpl.java:tryLock(230)) - Lock on /home/runner/work/ozone/ozone/hadoop-ozone/integration-test/target/test-dir/MiniOzoneClusterImpl-c80c5e57-a00d-42e9-a5d1-a1f89d8b0246/datanode-5/data/ratis/7e483507-ce48-4de0-8c13-41271e2cb8a9/in_use.lock acquired by nodename 398@fv-az294-535
2021-11-29 08:36:34,862 [pool-353-thread-1] INFO  storage.RaftStorage (RaftStorageImpl.java:format(89)) - Storage directory /home/runner/work/ozone/ozone/hadoop-ozone/integration-test/target/test-dir/MiniOzoneClusterImpl-c80c5e57-a00d-42e9-a5d1-a1f89d8b0246/datanode-5/data/ratis/7e483507-ce48-4de0-8c13-41271e2cb8a9 has been successfully formatted.
2021-11-29 08:36:34,865 [EventQueue-PipelineReportForPipelineReportHandler] INFO  pipeline.PipelineManagerImpl (PipelineManagerImpl.java:openPipeline(289)) - Pipeline Pipeline[ Id: 7e483507-ce48-4de0-8c13-41271e2cb8a9, Nodes: 172a3cc1-7404-4a1c-a641-e7203df0c6a5{ip: 10.1.0.67, host: fv-az294-535.eaanfquahm5ulb5tj050gcxych.jx.internal.cloudapp.net, ports: [REPLICATION=37071, RATIS=39097, RATIS_ADMIN=39097, RATIS_SERVER=39097, STANDALONE=37611], networkLocation: /default-rack, certSerialId: null, persistedOpState: IN_SERVICE, persistedOpStateExpiryEpochSec: 0}, ReplicationConfig: RATIS/ONE, State:ALLOCATED, leaderId:172a3cc1-7404-4a1c-a641-e7203df0c6a5, CreationTimestamp2021-11-29T08:36:31.859Z[Etc/UTC]] moved to OPEN state
2021-11-29 08:36:34,866 [EventQueue-OpenPipelineForHealthyPipelineSafeModeRule] INFO  safemode.SCMSafeModeManager (HealthyPipelineSafeModeRule.java:process(124)) - SCM in safe mode. Healthy pipelines reported count is 0, required healthy pipeline reported count is 1
2021-11-29 08:36:34,867 [pool-353-thread-1] INFO  ratis.ContainerStateMachine (ContainerStateMachine.java:loadSnapshot(224)) - group-41271E2CB8A9: The snapshot info is null. Setting the last applied indexto:(t:0, i:~)
2021-11-29 08:36:34,867 [pool-353-thread-1] INFO  server.RaftServerConfigKeys (ConfUtils.java:logGet(44)) - raft.server.notification.no-leader.timeout = 300s (custom)
2021-11-29 08:36:34,867 [pool-353-thread-1] INFO  server.RaftServerConfigKeys (ConfUtils.java:logGet(44)) - raft.server.log.use.memory = false (default)
2021-11-29 08:36:34,867 [pool-353-thread-1] INFO  server.RaftServerConfigKeys (ConfUtils.java:logGet(44)) - raft.server.log.purge.gap = 1000000 (custom)
2021-11-29 08:36:34,867 [pool-353-thread-1] INFO  server.RaftServerConfigKeys (ConfUtils.java:logGet(44)) - raft.server.log.appender.buffer.byte-limit = 33554432 (custom)
2021-11-29 08:36:34,867 [pool-353-thread-1] INFO  server.RaftServerConfigKeys (ConfUtils.java:logGet(44)) - raft.server.log.segment.size.max = 1048576 (custom)
2021-11-29 08:36:34,868 [pool-353-thread-1] INFO  server.RaftServerConfigKeys (ConfUtils.java:logGet(44)) - raft.server.log.segment.cache.num.max = 2 (custom)
2021-11-29 08:36:34,868 [pool-353-thread-1] INFO  server.RaftServerConfigKeys (ConfUtils.java:logGet(44)) - raft.server.log.segment.cache.size.max = 200MB (=209715200) (default)
2021-11-29 08:36:34,868 [pool-353-thread-1] INFO  segmented.SegmentedRaftLogWorker (SegmentedRaftLogWorker.java:<init>(182)) - new 172a3cc1-7404-4a1c-a641-e7203df0c6a5@group-41271E2CB8A9-SegmentedRaftLogWorker for RaftStorageImpl:Storage Directory /home/runner/work/ozone/ozone/hadoop-ozone/integration-test/target/test-dir/MiniOzoneClusterImpl-c80c5e57-a00d-42e9-a5d1-a1f89d8b0246/datanode-5/data/ratis/7e483507-ce48-4de0-8c13-41271e2cb8a9
2021-11-29 08:36:34,868 [pool-353-thread-1] INFO  server.RaftServerConfigKeys (ConfUtils.java:logGet(44)) - raft.server.log.queue.byte-limit = 2147483647 (custom)
2021-11-29 08:36:34,868 [pool-353-thread-1] INFO  server.RaftServerConfigKeys (ConfUtils.java:logGet(44)) - raft.server.log.queue.element-limit = 1024 (custom)
2021-11-29 08:36:34,868 [pool-353-thread-1] INFO  server.RaftServerConfigKeys (ConfUtils.java:logGet(44)) - raft.server.log.segment.size.max = 1048576 (custom)
2021-11-29 08:36:34,868 [pool-353-thread-1] INFO  server.RaftServerConfigKeys (ConfUtils.java:logGet(44)) - raft.server.log.preallocated.size = 16384 (custom)
2021-11-29 08:36:34,868 [pool-353-thread-1] INFO  server.RaftServerConfigKeys (ConfUtils.java:logGet(44)) - raft.server.log.force.sync.num = 128 (default)
2021-11-29 08:36:34,868 [pool-353-thread-1] INFO  server.RaftServerConfigKeys (ConfUtils.java:logGet(44)) - raft.server.log.statemachine.data.sync = true (default)
2021-11-29 08:36:34,868 [pool-353-thread-1] INFO  server.RaftServerConfigKeys (ConfUtils.java:logGet(44)) - raft.server.log.statemachine.data.sync.timeout = 10s (default)
2021-11-29 08:36:34,868 [pool-353-thread-1] INFO  server.RaftServerConfigKeys (ConfUtils.java:logGet(44)) - raft.server.log.statemachine.data.sync.timeout.retry = -1 (default)
2021-11-29 08:36:34,869 [pool-353-thread-1] INFO  server.RaftServerConfigKeys (ConfUtils.java:logGet(44)) - raft.server.log.write.buffer.size = 1048576 (custom)
2021-11-29 08:36:34,870 [pool-353-thread-1] INFO  server.RaftServerConfigKeys (ConfUtils.java:logGet(44)) - raft.server.log.statemachine.data.caching.enabled = true (custom)
2021-11-29 08:36:34,870 [pool-353-thread-1] INFO  segmented.SegmentedRaftLogWorker (SegmentedRaftLogWorker.java:lambda$new$0(133)) - 172a3cc1-7404-4a1c-a641-e7203df0c6a5@group-41271E2CB8A9-SegmentedRaftLogWorker: flushIndex: setUnconditionally 0 -> -1
2021-11-29 08:36:34,870 [pool-353-thread-1] INFO  segmented.SegmentedRaftLogWorker (SegmentedRaftLogWorker.java:lambda$new$0(133)) - 172a3cc1-7404-4a1c-a641-e7203df0c6a5@group-41271E2CB8A9-SegmentedRaftLogWorker: safeCacheEvictIndex: setUnconditionally 0 -> -1
2021-11-29 08:36:34,876 [pool-353-thread-1] INFO  server.RaftServerConfigKeys (ConfUtils.java:logGet(44)) - raft.server.snapshot.auto.trigger.enabled = true (custom)
2021-11-29 08:36:34,876 [pool-353-thread-1] INFO  server.RaftServerConfigKeys (ConfUtils.java:logGet(44)) - raft.server.snapshot.auto.trigger.threshold = 10000 (custom)
2021-11-29 08:36:34,876 [pool-353-thread-1] INFO  server.RaftServerConfigKeys (ConfUtils.java:logGet(44)) - raft.server.snapshot.retention.file.num = 5 (custom)
2021-11-29 08:36:34,876 [pool-353-thread-1] INFO  server.RaftServerConfigKeys (ConfUtils.java:logGet(44)) - raft.server.log.purge.upto.snapshot.index = false (default)
2021-11-29 08:36:34,876 [pool-353-thread-1] INFO  server.RaftServerConfigKeys (ConfUtils.java:logGet(44)) - raft.server.retrycache.expirytime = 600000ms (custom)
2021-11-29 08:36:34,876 [pool-353-thread-1] INFO  server.RaftServerConfigKeys (ConfUtils.java:logGet(44)) - raft.server.retrycache.statistics.expirytime = 100μs (default)
2021-11-29 08:36:34,877 [pool-353-thread-1] INFO  server.RaftServer$Division (RaftServerImpl.java:start(301)) - 172a3cc1-7404-4a1c-a641-e7203df0c6a5@group-41271E2CB8A9: start as a follower, conf=-1: [172a3cc1-7404-4a1c-a641-e7203df0c6a5|rpc:10.1.0.67:39097|priority:1], old=null
2021-11-29 08:36:34,878 [pool-353-thread-1] INFO  server.RaftServer$Division (RaftServerImpl.java:setRole(290)) - 172a3cc1-7404-4a1c-a641-e7203df0c6a5@group-41271E2CB8A9: changes role from      null to FOLLOWER at term 0 for startAsFollower
2021-11-29 08:36:34,878 [pool-353-thread-1] INFO  impl.RoleInfo (RoleInfo.java:updateAndGet(130)) - 172a3cc1-7404-4a1c-a641-e7203df0c6a5: start 172a3cc1-7404-4a1c-a641-e7203df0c6a5@group-41271E2CB8A9-FollowerState
2021-11-29 08:36:34,878 [pool-353-thread-1] INFO  util.JmxRegister (JmxRegister.java:tryRegister(44)) - Successfully registered JMX Bean with object name Ratis:service=RaftServer,group=group-41271E2CB8A9,id=172a3cc1-7404-4a1c-a641-e7203df0c6a5
2021-11-29 08:36:34,879 [Command processor thread] INFO  ratis.XceiverServerRatis (XceiverServerRatis.java:addGroup(768)) - Created group PipelineID=7e483507-ce48-4de0-8c13-41271e2cb8a9
2021-11-29 08:36:34,879 [Command processor thread] INFO  commandhandler.CreatePipelineCommandHandler (CreatePipelineCommandHandler.java:handle(106)) - Created Pipeline RATIS ONE PipelineID=7e483507-ce48-4de0-8c13-41271e2cb8a9.
2021-11-29 08:36:34,904 [Listener at 127.0.0.1/38371] INFO  ozone.MiniOzoneClusterImpl (MiniOzoneClusterImpl.java:lambda$waitForClusterToBeReady$0(235)) - Nodes are ready. Got 6 of 6 DN Heartbeats.
2021-11-29 08:36:34,904 [Listener at 127.0.0.1/38371] INFO  ozone.MiniOzoneClusterImpl (MiniOzoneClusterImpl.java:lambda$waitForClusterToBeReady$0(238)) - Waiting for cluster to exit safe mode
2021-11-29 08:36:34,904 [Listener at 127.0.0.1/38371] INFO  ozone.MiniOzoneClusterImpl (MiniOzoneClusterImpl.java:lambda$waitForClusterToBeReady$0(240)) - SCM became leader
2021-11-29 08:36:35,319 [ReplicationMonitor] INFO  container.ReplicationManager (ReplicationManager.java:processAll(371)) - Replication Monitor Thread took 0 milliseconds for processing 0 containers.
2021-11-29 08:36:35,352 [EventQueue-OpenPipelineForHealthyPipelineSafeModeRule] INFO  safemode.SCMSafeModeManager (HealthyPipelineSafeModeRule.java:process(124)) - SCM in safe mode. Healthy pipelines reported count is 0, required healthy pipeline reported count is 1
2021-11-29 08:36:35,362 [Command processor thread] INFO  keyvalue.KeyValueContainer (KeyValueContainer.java:flushAndSyncDB(397)) - Container 1 is synced with bcsId 73.
2021-11-29 08:36:35,362 [Command processor thread] INFO  keyvalue.KeyValueContainer (KeyValueContainer.java:flushAndSyncDB(397)) - Container 1 is synced with bcsId 73.
2021-11-29 08:36:35,364 [Command processor thread] INFO  keyvalue.KeyValueContainer (KeyValueContainer.java:close(334)) - Container 1 is closed with bcsId 73.
2021-11-29 08:36:35,364 [Command processor thread] INFO  keyvalue.KeyValueContainer (KeyValueContainer.java:flushAndSyncDB(397)) - Container 2 is synced with bcsId 77.
2021-11-29 08:36:35,364 [Command processor thread] INFO  keyvalue.KeyValueContainer (KeyValueContainer.java:flushAndSyncDB(397)) - Container 2 is synced with bcsId 77.
2021-11-29 08:36:35,367 [EventQueue-IncrementalContainerReportForIncrementalContainerReportHandler] INFO  container.IncrementalContainerReportHandler (AbstractContainerReportHandler.java:updateContainerState(249)) - Moving container #1 to CLOSED state, datanode 04f8ee08-a2ad-484b-9e4f-8959f0ebf609{ip: 10.1.0.67, host: fv-az294-535.eaanfquahm5ulb5tj050gcxych.jx.internal.cloudapp.net, ports: [REPLICATION=46107, RATIS=45751, RATIS_ADMIN=45751, RATIS_SERVER=45751, STANDALONE=33203], networkLocation: /default-rack, certSerialId: null, persistedOpState: IN_SERVICE, persistedOpStateExpiryEpochSec: 0} reported CLOSED replica.
2021-11-29 08:36:35,369 [Command processor thread] INFO  keyvalue.KeyValueContainer (KeyValueContainer.java:close(334)) - Container 2 is closed with bcsId 77.
2021-11-29 08:36:35,370 [EventQueue-IncrementalContainerReportForIncrementalContainerReportHandler] INFO  container.IncrementalContainerReportHandler (AbstractContainerReportHandler.java:updateContainerState(249)) - Moving container #2 to CLOSED state, datanode 04f8ee08-a2ad-484b-9e4f-8959f0ebf609{ip: 10.1.0.67, host: fv-az294-535.eaanfquahm5ulb5tj050gcxych.jx.internal.cloudapp.net, ports: [REPLICATION=46107, RATIS=45751, RATIS_ADMIN=45751, RATIS_SERVER=45751, STANDALONE=33203], networkLocation: /default-rack, certSerialId: null, persistedOpState: IN_SERVICE, persistedOpStateExpiryEpochSec: 0} reported CLOSED replica.
2021-11-29 08:36:35,371 [Command processor thread] INFO  keyvalue.KeyValueContainer (KeyValueContainer.java:flushAndSyncDB(397)) - Container 3 is synced with bcsId 69.
2021-11-29 08:36:35,371 [Command processor thread] INFO  keyvalue.KeyValueContainer (KeyValueContainer.java:flushAndSyncDB(397)) - Container 3 is synced with bcsId 69.
2021-11-29 08:36:35,372 [Command processor thread] INFO  keyvalue.KeyValueContainer (KeyValueContainer.java:close(334)) - Container 3 is closed with bcsId 69.
2021-11-29 08:36:35,373 [Command processor thread] INFO  keyvalue.KeyValueContainer (KeyValueContainer.java:flushAndSyncDB(397)) - Container 1 is synced with bcsId 73.
2021-11-29 08:36:35,373 [Command processor thread] INFO  keyvalue.KeyValueContainer (KeyValueContainer.java:flushAndSyncDB(397)) - Container 1 is synced with bcsId 73.
2021-11-29 08:36:35,376 [Command processor thread] INFO  keyvalue.KeyValueContainer (KeyValueContainer.java:close(334)) - Container 1 is closed with bcsId 73.
2021-11-29 08:36:35,376 [Command processor thread] INFO  keyvalue.KeyValueContainer (KeyValueContainer.java:flushAndSyncDB(397)) - Container 2 is synced with bcsId 77.
2021-11-29 08:36:35,376 [Command processor thread] INFO  keyvalue.KeyValueContainer (KeyValueContainer.java:flushAndSyncDB(397)) - Container 2 is synced with bcsId 77.
2021-11-29 08:36:35,378 [Command processor thread] INFO  keyvalue.KeyValueContainer (KeyValueContainer.java:close(334)) - Container 2 is closed with bcsId 77.
2021-11-29 08:36:35,379 [Command processor thread] INFO  keyvalue.KeyValueContainer (KeyValueContainer.java:flushAndSyncDB(397)) - Container 3 is synced with bcsId 69.
2021-11-29 08:36:35,379 [Command processor thread] INFO  keyvalue.KeyValueContainer (KeyValueContainer.java:flushAndSyncDB(397)) - Container 3 is synced with bcsId 69.
2021-11-29 08:36:35,379 [EventQueue-IncrementalContainerReportForIncrementalContainerReportHandler] INFO  container.IncrementalContainerReportHandler (AbstractContainerReportHandler.java:updateContainerState(249)) - Moving container #3 to CLOSED state, datanode 04f8ee08-a2ad-484b-9e4f-8959f0ebf609{ip: 10.1.0.67, host: fv-az294-535.eaanfquahm5ulb5tj050gcxych.jx.internal.cloudapp.net, ports: [REPLICATION=46107, RATIS=45751, RATIS_ADMIN=45751, RATIS_SERVER=45751, STANDALONE=33203], networkLocation: /default-rack, certSerialId: null, persistedOpState: IN_SERVICE, persistedOpStateExpiryEpochSec: 0} reported CLOSED replica.
2021-11-29 08:36:35,382 [Command processor thread] INFO  keyvalue.KeyValueContainer (KeyValueContainer.java:close(334)) - Container 3 is closed with bcsId 69.
2021-11-29 08:36:35,565 [EventQueue-OpenPipelineForHealthyPipelineSafeModeRule] INFO  safemode.SCMSafeModeManager (HealthyPipelineSafeModeRule.java:process(124)) - SCM in safe mode. Healthy pipelines reported count is 0, required healthy pipeline reported count is 1
2021-11-29 08:36:35,616 [EventQueue-OpenPipelineForHealthyPipelineSafeModeRule] INFO  safemode.SCMSafeModeManager (HealthyPipelineSafeModeRule.java:process(124)) - SCM in safe mode. Healthy pipelines reported count is 0, required healthy pipeline reported count is 1
2021-11-29 08:36:35,713 [EventQueue-OpenPipelineForHealthyPipelineSafeModeRule] INFO  safemode.SCMSafeModeManager (HealthyPipelineSafeModeRule.java:process(124)) - SCM in safe mode. Healthy pipelines reported count is 0, required healthy pipeline reported count is 1
2021-11-29 08:36:35,819 [DatanodeAdminManager-0] INFO  node.DatanodeAdminMonitorImpl (DatanodeAdminMonitorImpl.java:checkContainersReplicatedOnNode(306)) - f37cff1b-38c0-4a70-af4a-cd1c41c703b6{ip: 10.1.0.67, host: fv-az294-535.eaanfquahm5ulb5tj050gcxych.jx.internal.cloudapp.net, ports: [REPLICATION=37085, RATIS=40907, RATIS_ADMIN=40907, RATIS_SERVER=40907, STANDALONE=46669], networkLocation: /default-rack, certSerialId: null, persistedOpState: DECOMMISSIONING, persistedOpStateExpiryEpochSec: 0} has 0 sufficientlyReplicated, 3 underReplicated and 0 unhealthy containers
2021-11-29 08:36:35,820 [DatanodeAdminManager-0] INFO  node.DatanodeAdminMonitorImpl (DatanodeAdminMonitorImpl.java:run(137)) - There are 1 nodes tracked for decommission and maintenance. 0 pending nodes.
2021-11-29 08:36:35,838 [ReplicationMonitor] INFO  container.ReplicationManager (ReplicationManager.java:handleUnderReplicatedContainer(1175)) - Container #1 is under replicated. Expected replica count is 3, but found 2.
2021-11-29 08:36:35,838 [ReplicationMonitor] INFO  container.ReplicationManager (ReplicationManager.java:sendReplicateCommand(1527)) - Sending replicate container command for container #1 to datanode e898274c-95f2-4b2f-8144-1886504886d7{ip: 10.1.0.67, host: fv-az294-535.eaanfquahm5ulb5tj050gcxych.jx.internal.cloudapp.net, ports: [REPLICATION=46707, RATIS=33347, RATIS_ADMIN=33347, RATIS_SERVER=33347, STANDALONE=44593], networkLocation: /default-rack, certSerialId: null, persistedOpState: IN_SERVICE, persistedOpStateExpiryEpochSec: 0} from datanodes [f37cff1b-38c0-4a70-af4a-cd1c41c703b6{ip: 10.1.0.67, host: fv-az294-535.eaanfquahm5ulb5tj050gcxych.jx.internal.cloudapp.net, ports: [REPLICATION=37085, RATIS=40907, RATIS_ADMIN=40907, RATIS_SERVER=40907, STANDALONE=46669], networkLocation: /default-rack, certSerialId: null, persistedOpState: DECOMMISSIONING, persistedOpStateExpiryEpochSec: 0}, 83afdf48-275c-4aa7-9b86-71b323741a7e{ip: 10.1.0.67, host: fv-az294-535.eaanfquahm5ulb5tj050gcxych.jx.internal.cloudapp.net, ports: [REPLICATION=37283, RATIS=36653, RATIS_ADMIN=36653, RATIS_SERVER=36653, STANDALONE=36121], networkLocation: /default-rack, certSerialId: null, persistedOpState: IN_SERVICE, persistedOpStateExpiryEpochSec: 0}, 04f8ee08-a2ad-484b-9e4f-8959f0ebf609{ip: 10.1.0.67, host: fv-az294-535.eaanfquahm5ulb5tj050gcxych.jx.internal.cloudapp.net, ports: [REPLICATION=46107, RATIS=45751, RATIS_ADMIN=45751, RATIS_SERVER=45751, STANDALONE=33203], networkLocation: /default-rack, certSerialId: null, persistedOpState: IN_SERVICE, persistedOpStateExpiryEpochSec: 0}]
2021-11-29 08:36:35,840 [ReplicationMonitor] INFO  container.ReplicationManager (ReplicationManager.java:handleUnderReplicatedContainer(1175)) - Container #2 is under replicated. Expected replica count is 3, but found 2.
2021-11-29 08:36:35,840 [ReplicationMonitor] INFO  container.ReplicationManager (ReplicationManager.java:sendReplicateCommand(1527)) - Sending replicate container command for container #2 to datanode ab751306-1b7d-4a09-8e2d-d0e9ffa10842{ip: 10.1.0.67, host: fv-az294-535.eaanfquahm5ulb5tj050gcxych.jx.internal.cloudapp.net, ports: [REPLICATION=35605, RATIS=40499, RATIS_ADMIN=40499, RATIS_SERVER=40499, STANDALONE=37519], networkLocation: /default-rack, certSerialId: null, persistedOpState: IN_SERVICE, persistedOpStateExpiryEpochSec: 0} from datanodes [04f8ee08-a2ad-484b-9e4f-8959f0ebf609{ip: 10.1.0.67, host: fv-az294-535.eaanfquahm5ulb5tj050gcxych.jx.internal.cloudapp.net, ports: [REPLICATION=46107, RATIS=45751, RATIS_ADMIN=45751, RATIS_SERVER=45751, STANDALONE=33203], networkLocation: /default-rack, certSerialId: null, persistedOpState: IN_SERVICE, persistedOpStateExpiryEpochSec: 0}, 83afdf48-275c-4aa7-9b86-71b323741a7e{ip: 10.1.0.67, host: fv-az294-535.eaanfquahm5ulb5tj050gcxych.jx.internal.cloudapp.net, ports: [REPLICATION=37283, RATIS=36653, RATIS_ADMIN=36653, RATIS_SERVER=36653, STANDALONE=36121], networkLocation: /default-rack, certSerialId: null, persistedOpState: IN_SERVICE, persistedOpStateExpiryEpochSec: 0}, f37cff1b-38c0-4a70-af4a-cd1c41c703b6{ip: 10.1.0.67, host: fv-az294-535.eaanfquahm5ulb5tj050gcxych.jx.internal.cloudapp.net, ports: [REPLICATION=37085, RATIS=40907, RATIS_ADMIN=40907, RATIS_SERVER=40907, STANDALONE=46669], networkLocation: /default-rack, certSerialId: null, persistedOpState: DECOMMISSIONING, persistedOpStateExpiryEpochSec: 0}]
2021-11-29 08:36:35,840 [ReplicationMonitor] INFO  container.ReplicationManager (ReplicationManager.java:handleUnderReplicatedContainer(1175)) - Container #3 is under replicated. Expected replica count is 3, but found 2.
2021-11-29 08:36:35,840 [ReplicationMonitor] INFO  container.ReplicationManager (ReplicationManager.java:sendReplicateCommand(1527)) - Sending replicate container command for container #3 to datanode f4a04b10-217f-404d-90c0-0144621113a2{ip: 10.1.0.67, host: fv-az294-535.eaanfquahm5ulb5tj050gcxych.jx.internal.cloudapp.net, ports: [REPLICATION=35525, RATIS=40385, RATIS_ADMIN=40385, RATIS_SERVER=40385, STANDALONE=36291], networkLocation: /default-rack, certSerialId: null, persistedOpState: IN_SERVICE, persistedOpStateExpiryEpochSec: 0} from datanodes [04f8ee08-a2ad-484b-9e4f-8959f0ebf609{ip: 10.1.0.67, host: fv-az294-535.eaanfquahm5ulb5tj050gcxych.jx.internal.cloudapp.net, ports: [REPLICATION=46107, RATIS=45751, RATIS_ADMIN=45751, RATIS_SERVER=45751, STANDALONE=33203], networkLocation: /default-rack, certSerialId: null, persistedOpState: IN_SERVICE, persistedOpStateExpiryEpochSec: 0}, f37cff1b-38c0-4a70-af4a-cd1c41c703b6{ip: 10.1.0.67, host: fv-az294-535.eaanfquahm5ulb5tj050gcxych.jx.internal.cloudapp.net, ports: [REPLICATION=37085, RATIS=40907, RATIS_ADMIN=40907, RATIS_SERVER=40907, STANDALONE=46669], networkLocation: /default-rack, certSerialId: null, persistedOpState: DECOMMISSIONING, persistedOpStateExpiryEpochSec: 0}, 83afdf48-275c-4aa7-9b86-71b323741a7e{ip: 10.1.0.67, host: fv-az294-535.eaanfquahm5ulb5tj050gcxych.jx.internal.cloudapp.net, ports: [REPLICATION=37283, RATIS=36653, RATIS_ADMIN=36653, RATIS_SERVER=36653, STANDALONE=36121], networkLocation: /default-rack, certSerialId: null, persistedOpState: IN_SERVICE, persistedOpStateExpiryEpochSec: 0}]
2021-11-29 08:36:35,840 [ReplicationMonitor] INFO  container.ReplicationManager (ReplicationManager.java:processAll(371)) - Replication Monitor Thread took 6 milliseconds for processing 3 containers.
2021-11-29 08:36:35,904 [Listener at 127.0.0.1/38371] INFO  ozone.MiniOzoneClusterImpl (MiniOzoneClusterImpl.java:lambda$waitForClusterToBeReady$0(235)) - Nodes are ready. Got 6 of 6 DN Heartbeats.
2021-11-29 08:36:35,904 [Listener at 127.0.0.1/38371] INFO  ozone.MiniOzoneClusterImpl (MiniOzoneClusterImpl.java:lambda$waitForClusterToBeReady$0(238)) - Waiting for cluster to exit safe mode
2021-11-29 08:36:35,904 [Listener at 127.0.0.1/38371] INFO  ozone.MiniOzoneClusterImpl (MiniOzoneClusterImpl.java:lambda$waitForClusterToBeReady$0(240)) - SCM became leader
2021-11-29 08:36:36,076 [EventQueue-OpenPipelineForHealthyPipelineSafeModeRule] INFO  safemode.SCMSafeModeManager (HealthyPipelineSafeModeRule.java:process(124)) - SCM in safe mode. Healthy pipelines reported count is 0, required healthy pipeline reported count is 1
2021-11-29 08:36:36,318 [Command processor thread] INFO  keyvalue.KeyValueContainer (KeyValueContainer.java:flushAndSyncDB(397)) - Container 1 is synced with bcsId 73.
2021-11-29 08:36:36,318 [Command processor thread] INFO  keyvalue.KeyValueContainer (KeyValueContainer.java:flushAndSyncDB(397)) - Container 1 is synced with bcsId 73.
2021-11-29 08:36:36,320 [ReplicationMonitor] INFO  container.ReplicationManager (ReplicationManager.java:processAll(371)) - Replication Monitor Thread took 0 milliseconds for processing 0 containers.
2021-11-29 08:36:36,322 [Command processor thread] INFO  keyvalue.KeyValueContainer (KeyValueContainer.java:close(334)) - Container 1 is closed with bcsId 73.
2021-11-29 08:36:36,322 [Command processor thread] INFO  keyvalue.KeyValueContainer (KeyValueContainer.java:flushAndSyncDB(397)) - Container 2 is synced with bcsId 77.
2021-11-29 08:36:36,322 [Command processor thread] INFO  keyvalue.KeyValueContainer (KeyValueContainer.java:flushAndSyncDB(397)) - Container 2 is synced with bcsId 77.
2021-11-29 08:36:36,325 [Command processor thread] INFO  keyvalue.KeyValueContainer (KeyValueContainer.java:close(334)) - Container 2 is closed with bcsId 77.
2021-11-29 08:36:36,325 [Command processor thread] INFO  keyvalue.KeyValueContainer (KeyValueContainer.java:flushAndSyncDB(397)) - Container 3 is synced with bcsId 69.
2021-11-29 08:36:36,325 [Command processor thread] INFO  keyvalue.KeyValueContainer (KeyValueContainer.java:flushAndSyncDB(397)) - Container 3 is synced with bcsId 69.
2021-11-29 08:36:36,328 [Command processor thread] INFO  keyvalue.KeyValueContainer (KeyValueContainer.java:close(334)) - Container 3 is closed with bcsId 69.
2021-11-29 08:36:36,565 [EventQueue-OpenPipelineForHealthyPipelineSafeModeRule] INFO  safemode.SCMSafeModeManager (HealthyPipelineSafeModeRule.java:process(124)) - SCM in safe mode. Healthy pipelines reported count is 0, required healthy pipeline reported count is 1
2021-11-29 08:36:36,616 [EventQueue-OpenPipelineForHealthyPipelineSafeModeRule] INFO  safemode.SCMSafeModeManager (HealthyPipelineSafeModeRule.java:process(124)) - SCM in safe mode. Healthy pipelines reported count is 0, required healthy pipeline reported count is 1
2021-11-29 08:36:36,819 [DatanodeAdminManager-0] INFO  node.DatanodeAdminMonitorImpl (DatanodeAdminMonitorImpl.java:checkContainersReplicatedOnNode(306)) - f37cff1b-38c0-4a70-af4a-cd1c41c703b6{ip: 10.1.0.67, host: fv-az294-535.eaanfquahm5ulb5tj050gcxych.jx.internal.cloudapp.net, ports: [REPLICATION=37085, RATIS=40907, RATIS_ADMIN=40907, RATIS_SERVER=40907, STANDALONE=46669], networkLocation: /default-rack, certSerialId: null, persistedOpState: DECOMMISSIONING, persistedOpStateExpiryEpochSec: 0} has 0 sufficientlyReplicated, 3 underReplicated and 0 unhealthy containers
2021-11-29 08:36:36,820 [DatanodeAdminManager-0] INFO  node.DatanodeAdminMonitorImpl (DatanodeAdminMonitorImpl.java:run(137)) - There are 1 nodes tracked for decommission and maintenance. 0 pending nodes.
2021-11-29 08:36:36,841 [ReplicationMonitor] INFO  container.ReplicationManager (ReplicationManager.java:processAll(371)) - Replication Monitor Thread took 1 milliseconds for processing 3 containers.
2021-11-29 08:36:36,842 [ContainerReplicationThread-0] INFO  replication.DownloadAndImportReplicator (DownloadAndImportReplicator.java:replicate(107)) - Starting replication of container 1 from [f37cff1b-38c0-4a70-af4a-cd1c41c703b6{ip: 10.1.0.67, host: fv-az294-535.eaanfquahm5ulb5tj050gcxych.jx.internal.cloudapp.net, ports: [REPLICATION=37085, RATIS=40907, RATIS_ADMIN=40907, RATIS_SERVER=40907, STANDALONE=46669], networkLocation: /default-rack, certSerialId: null, persistedOpState: DECOMMISSIONING, persistedOpStateExpiryEpochSec: 0}, 83afdf48-275c-4aa7-9b86-71b323741a7e{ip: 10.1.0.67, host: fv-az294-535.eaanfquahm5ulb5tj050gcxych.jx.internal.cloudapp.net, ports: [REPLICATION=37283, RATIS=36653, RATIS_ADMIN=36653, RATIS_SERVER=36653, STANDALONE=36121], networkLocation: /default-rack, certSerialId: null, persistedOpState: IN_SERVICE, persistedOpStateExpiryEpochSec: 0}, 04f8ee08-a2ad-484b-9e4f-8959f0ebf609{ip: 10.1.0.67, host: fv-az294-535.eaanfquahm5ulb5tj050gcxych.jx.internal.cloudapp.net, ports: [REPLICATION=46107, RATIS=45751, RATIS_ADMIN=45751, RATIS_SERVER=45751, STANDALONE=33203], networkLocation: /default-rack, certSerialId: null, persistedOpState: IN_SERVICE, persistedOpStateExpiryEpochSec: 0}]
2021-11-29 08:36:36,852 [grpc-default-executor-2] INFO  replication.GrpcReplicationService (GrpcReplicationService.java:download(52)) - Streaming container data (1) to other datanode
2021-11-29 08:36:36,864 [EventQueue-OpenPipelineForHealthyPipelineSafeModeRule] INFO  safemode.SCMSafeModeManager (HealthyPipelineSafeModeRule.java:process(124)) - SCM in safe mode. Healthy pipelines reported count is 0, required healthy pipeline reported count is 1
2021-11-29 08:36:36,889 [grpc-default-executor-2] INFO  replication.GrpcOutputStream (GrpcOutputStream.java:close(104)) - Sent 10121 bytes for container 1
2021-11-29 08:36:36,891 [grpc-default-executor-2] INFO  replication.GrpcReplicationClient (GrpcReplicationClient.java:onCompleted(187)) - Container 1 is downloaded to /home/runner/work/ozone/ozone/hadoop-ozone/integration-test/target/test-dir/MiniOzoneClusterImpl-3d114d2a-f85f-45ce-9fd0-840e2dc708c7/datanode-3/data/replication/work/container-1.tar.gz
2021-11-29 08:36:36,893 [ContainerReplicationThread-0] INFO  replication.DownloadAndImportReplicator (DownloadAndImportReplicator.java:replicate(122)) - Container 1 is downloaded with size 10121, starting to import.
2021-11-29 08:36:36,904 [Listener at 127.0.0.1/38371] INFO  ozone.MiniOzoneClusterImpl (MiniOzoneClusterImpl.java:lambda$waitForClusterToBeReady$0(235)) - Nodes are ready. Got 6 of 6 DN Heartbeats.
2021-11-29 08:36:36,905 [Listener at 127.0.0.1/38371] INFO  ozone.MiniOzoneClusterImpl (MiniOzoneClusterImpl.java:lambda$waitForClusterToBeReady$0(238)) - Waiting for cluster to exit safe mode
2021-11-29 08:36:36,905 [Listener at 127.0.0.1/38371] INFO  ozone.MiniOzoneClusterImpl (MiniOzoneClusterImpl.java:lambda$waitForClusterToBeReady$0(240)) - SCM became leader
2021-11-29 08:36:36,958 [ContainerReplicationThread-0] INFO  replication.DownloadAndImportReplicator (DownloadAndImportReplicator.java:replicate(127)) - Container 1 is replicated successfully
2021-11-29 08:36:36,958 [ContainerReplicationThread-0] INFO  replication.ReplicationSupervisor (ReplicationSupervisor.java:run(168)) - Container 1 is replicated.
2021-11-29 08:36:37,153 [ContainerReplicationThread-0] INFO  replication.DownloadAndImportReplicator (DownloadAndImportReplicator.java:replicate(107)) - Starting replication of container 3 from [04f8ee08-a2ad-484b-9e4f-8959f0ebf609{ip: 10.1.0.67, host: fv-az294-535.eaanfquahm5ulb5tj050gcxych.jx.internal.cloudapp.net, ports: [REPLICATION=46107, RATIS=45751, RATIS_ADMIN=45751, RATIS_SERVER=45751, STANDALONE=33203], networkLocation: /default-rack, certSerialId: null, persistedOpState: IN_SERVICE, persistedOpStateExpiryEpochSec: 0}, f37cff1b-38c0-4a70-af4a-cd1c41c703b6{ip: 10.1.0.67, host: fv-az294-535.eaanfquahm5ulb5tj050gcxych.jx.internal.cloudapp.net, ports: [REPLICATION=37085, RATIS=40907, RATIS_ADMIN=40907, RATIS_SERVER=40907, STANDALONE=46669], networkLocation: /default-rack, certSerialId: null, persistedOpState: DECOMMISSIONING, persistedOpStateExpiryEpochSec: 0}, 83afdf48-275c-4aa7-9b86-71b323741a7e{ip: 10.1.0.67, host: fv-az294-535.eaanfquahm5ulb5tj050gcxych.jx.internal.cloudapp.net, ports: [REPLICATION=37283, RATIS=36653, RATIS_ADMIN=36653, RATIS_SERVER=36653, STANDALONE=36121], networkLocation: /default-rack, certSerialId: null, persistedOpState: IN_SERVICE, persistedOpStateExpiryEpochSec: 0}]
2021-11-29 08:36:37,160 [grpc-default-executor-2] INFO  replication.GrpcReplicationService (GrpcReplicationService.java:download(52)) - Streaming container data (3) to other datanode
2021-11-29 08:36:37,174 [grpc-default-executor-2] INFO  replication.GrpcOutputStream (GrpcOutputStream.java:close(104)) - Sent 10079 bytes for container 3
2021-11-29 08:36:37,175 [grpc-default-executor-3] INFO  replication.GrpcReplicationClient (GrpcReplicationClient.java:onCompleted(187)) - Container 3 is downloaded to /home/runner/work/ozone/ozone/hadoop-ozone/integration-test/target/test-dir/MiniOzoneClusterImpl-3d114d2a-f85f-45ce-9fd0-840e2dc708c7/datanode-4/data/replication/work/container-3.tar.gz
2021-11-29 08:36:37,178 [ContainerReplicationThread-0] INFO  replication.DownloadAndImportReplicator (DownloadAndImportReplicator.java:replicate(122)) - Container 3 is downloaded with size 10079, starting to import.
2021-11-29 08:36:37,193 [ContainerReplicationThread-0] INFO  replication.DownloadAndImportReplicator (DownloadAndImportReplicator.java:replicate(127)) - Container 3 is replicated successfully
2021-11-29 08:36:37,193 [ContainerReplicationThread-0] INFO  replication.ReplicationSupervisor (ReplicationSupervisor.java:run(168)) - Container 3 is replicated.
2021-11-29 08:36:37,320 [ReplicationMonitor] INFO  container.ReplicationManager (ReplicationManager.java:processAll(371)) - Replication Monitor Thread took 0 milliseconds for processing 0 containers.
2021-11-29 08:36:37,352 [EventQueue-OpenPipelineForHealthyPipelineSafeModeRule] INFO  safemode.SCMSafeModeManager (HealthyPipelineSafeModeRule.java:process(124)) - SCM in safe mode. Healthy pipelines reported count is 0, required healthy pipeline reported count is 1
2021-11-29 08:36:37,712 [EventQueue-OpenPipelineForHealthyPipelineSafeModeRule] INFO  safemode.SCMSafeModeManager (HealthyPipelineSafeModeRule.java:process(124)) - SCM in safe mode. Healthy pipelines reported count is 0, required healthy pipeline reported count is 1
2021-11-29 08:36:37,819 [DatanodeAdminManager-0] INFO  node.DatanodeAdminMonitorImpl (DatanodeAdminMonitorImpl.java:checkContainersReplicatedOnNode(306)) - f37cff1b-38c0-4a70-af4a-cd1c41c703b6{ip: 10.1.0.67, host: fv-az294-535.eaanfquahm5ulb5tj050gcxych.jx.internal.cloudapp.net, ports: [REPLICATION=37085, RATIS=40907, RATIS_ADMIN=40907, RATIS_SERVER=40907, STANDALONE=46669], networkLocation: /default-rack, certSerialId: null, persistedOpState: DECOMMISSIONING, persistedOpStateExpiryEpochSec: 0} has 2 sufficientlyReplicated, 1 underReplicated and 0 unhealthy containers
2021-11-29 08:36:37,820 [DatanodeAdminManager-0] INFO  node.DatanodeAdminMonitorImpl (DatanodeAdminMonitorImpl.java:run(137)) - There are 1 nodes tracked for decommission and maintenance. 0 pending nodes.
2021-11-29 08:36:37,842 [ReplicationMonitor] INFO  container.ReplicationManager (ReplicationManager.java:processAll(371)) - Replication Monitor Thread took 0 milliseconds for processing 3 containers.
2021-11-29 08:36:37,905 [Listener at 127.0.0.1/38371] INFO  ozone.MiniOzoneClusterImpl (MiniOzoneClusterImpl.java:lambda$waitForClusterToBeReady$0(235)) - Nodes are ready. Got 6 of 6 DN Heartbeats.
2021-11-29 08:36:37,905 [Listener at 127.0.0.1/38371] INFO  ozone.MiniOzoneClusterImpl (MiniOzoneClusterImpl.java:lambda$waitForClusterToBeReady$0(238)) - Waiting for cluster to exit safe mode
2021-11-29 08:36:37,905 [Listener at 127.0.0.1/38371] INFO  ozone.MiniOzoneClusterImpl (MiniOzoneClusterImpl.java:lambda$waitForClusterToBeReady$0(240)) - SCM became leader
2021-11-29 08:36:38,025 [ContainerReplicationThread-0] INFO  replication.DownloadAndImportReplicator (DownloadAndImportReplicator.java:replicate(107)) - Starting replication of container 2 from [04f8ee08-a2ad-484b-9e4f-8959f0ebf609{ip: 10.1.0.67, host: fv-az294-535.eaanfquahm5ulb5tj050gcxych.jx.internal.cloudapp.net, ports: [REPLICATION=46107, RATIS=45751, RATIS_ADMIN=45751, RATIS_SERVER=45751, STANDALONE=33203], networkLocation: /default-rack, certSerialId: null, persistedOpState: IN_SERVICE, persistedOpStateExpiryEpochSec: 0}, 83afdf48-275c-4aa7-9b86-71b323741a7e{ip: 10.1.0.67, host: fv-az294-535.eaanfquahm5ulb5tj050gcxych.jx.internal.cloudapp.net, ports: [REPLICATION=37283, RATIS=36653, RATIS_ADMIN=36653, RATIS_SERVER=36653, STANDALONE=36121], networkLocation: /default-rack, certSerialId: null, persistedOpState: IN_SERVICE, persistedOpStateExpiryEpochSec: 0}, f37cff1b-38c0-4a70-af4a-cd1c41c703b6{ip: 10.1.0.67, host: fv-az294-535.eaanfquahm5ulb5tj050gcxych.jx.internal.cloudapp.net, ports: [REPLICATION=37085, RATIS=40907, RATIS_ADMIN=40907, RATIS_SERVER=40907, STANDALONE=46669], networkLocation: /default-rack, certSerialId: null, persistedOpState: DECOMMISSIONING, persistedOpStateExpiryEpochSec: 0}]
2021-11-29 08:36:38,032 [grpc-default-executor-3] INFO  replication.GrpcReplicationService (GrpcReplicationService.java:download(52)) - Streaming container data (2) to other datanode
2021-11-29 08:36:38,047 [grpc-default-executor-3] INFO  replication.GrpcOutputStream (GrpcOutputStream.java:close(104)) - Sent 10132 bytes for container 2
2021-11-29 08:36:38,055 [grpc-default-executor-3] INFO  replication.GrpcReplicationClient (GrpcReplicationClient.java:onCompleted(187)) - Container 2 is downloaded to /home/runner/work/ozone/ozone/hadoop-ozone/integration-test/target/test-dir/MiniOzoneClusterImpl-3d114d2a-f85f-45ce-9fd0-840e2dc708c7/datanode-5/data/replication/work/container-2.tar.gz
2021-11-29 08:36:38,057 [ContainerReplicationThread-0] INFO  replication.DownloadAndImportReplicator (DownloadAndImportReplicator.java:replicate(122)) - Container 2 is downloaded with size 10132, starting to import.
2021-11-29 08:36:38,075 [EventQueue-OpenPipelineForHealthyPipelineSafeModeRule] INFO  safemode.SCMSafeModeManager (HealthyPipelineSafeModeRule.java:process(124)) - SCM in safe mode. Healthy pipelines reported count is 0, required healthy pipeline reported count is 1
2021-11-29 08:36:38,078 [ContainerReplicationThread-0] INFO  replication.DownloadAndImportReplicator (DownloadAndImportReplicator.java:replicate(127)) - Container 2 is replicated successfully
2021-11-29 08:36:38,078 [ContainerReplicationThread-0] INFO  replication.ReplicationSupervisor (ReplicationSupervisor.java:run(168)) - Container 2 is replicated.
2021-11-29 08:36:38,320 [ReplicationMonitor] INFO  container.ReplicationManager (ReplicationManager.java:processAll(371)) - Replication Monitor Thread took 0 milliseconds for processing 0 containers.
2021-11-29 08:36:38,352 [EventQueue-OpenPipelineForHealthyPipelineSafeModeRule] INFO  safemode.SCMSafeModeManager (HealthyPipelineSafeModeRule.java:process(124)) - SCM in safe mode. Healthy pipelines reported count is 0, required healthy pipeline reported count is 1
2021-11-29 08:36:38,565 [EventQueue-OpenPipelineForHealthyPipelineSafeModeRule] INFO  safemode.SCMSafeModeManager (HealthyPipelineSafeModeRule.java:process(124)) - SCM in safe mode. Healthy pipelines reported count is 0, required healthy pipeline reported count is 1
2021-11-29 08:36:38,617 [EventQueue-OpenPipelineForHealthyPipelineSafeModeRule] INFO  safemode.SCMSafeModeManager (HealthyPipelineSafeModeRule.java:process(124)) - SCM in safe mode. Healthy pipelines reported count is 0, required healthy pipeline reported count is 1
2021-11-29 08:36:38,636 [2d7c5962-3727-4be5-b7f4-804765c93ab8@group-FFB748EC78CD-FollowerState] INFO  impl.FollowerState (FollowerState.java:run(134)) - 2d7c5962-3727-4be5-b7f4-804765c93ab8@group-FFB748EC78CD-FollowerState: change to CANDIDATE, lastRpcElapsedTime:5042909674ns, electionTimeout:5039ms
2021-11-29 08:36:38,637 [2d7c5962-3727-4be5-b7f4-804765c93ab8@group-FFB748EC78CD-FollowerState] INFO  impl.RoleInfo (RoleInfo.java:shutdownFollowerState(108)) - 2d7c5962-3727-4be5-b7f4-804765c93ab8: shutdown 2d7c5962-3727-4be5-b7f4-804765c93ab8@group-FFB748EC78CD-FollowerState
2021-11-29 08:36:38,637 [2d7c5962-3727-4be5-b7f4-804765c93ab8@group-FFB748EC78CD-FollowerState] INFO  server.RaftServer$Division (RaftServerImpl.java:setRole(290)) - 2d7c5962-3727-4be5-b7f4-804765c93ab8@group-FFB748EC78CD: changes role from  FOLLOWER to CANDIDATE at term 0 for changeToCandidate
2021-11-29 08:36:38,637 [2d7c5962-3727-4be5-b7f4-804765c93ab8@group-FFB748EC78CD-FollowerState] INFO  server.RaftServerConfigKeys (ConfUtils.java:logGet(44)) - raft.server.leaderelection.pre-vote = false (custom)
2021-11-29 08:36:38,637 [2d7c5962-3727-4be5-b7f4-804765c93ab8@group-FFB748EC78CD-FollowerState] INFO  impl.RoleInfo (RoleInfo.java:updateAndGet(130)) - 2d7c5962-3727-4be5-b7f4-804765c93ab8: start 2d7c5962-3727-4be5-b7f4-804765c93ab8@group-FFB748EC78CD-LeaderElection14
2021-11-29 08:36:38,642 [2d7c5962-3727-4be5-b7f4-804765c93ab8@group-FFB748EC78CD-LeaderElection14] INFO  impl.LeaderElection (LeaderElection.java:askForVotes(306)) - 2d7c5962-3727-4be5-b7f4-804765c93ab8@group-FFB748EC78CD-LeaderElection14 ELECTION round 0: submit vote requests at term 1 for -1: [2d7c5962-3727-4be5-b7f4-804765c93ab8|rpc:10.1.0.67:39881|priority:1], old=null
2021-11-29 08:36:38,642 [2d7c5962-3727-4be5-b7f4-804765c93ab8@group-FFB748EC78CD-LeaderElection14] INFO  impl.LeaderElection (LeaderElection.java:askForVotes(308)) - 2d7c5962-3727-4be5-b7f4-804765c93ab8@group-FFB748EC78CD-LeaderElection14 ELECTION round 0: result PASSED (term=1)
2021-11-29 08:36:38,642 [2d7c5962-3727-4be5-b7f4-804765c93ab8@group-FFB748EC78CD-LeaderElection14] INFO  impl.RoleInfo (RoleInfo.java:shutdownLeaderElection(121)) - 2d7c5962-3727-4be5-b7f4-804765c93ab8: shutdown 2d7c5962-3727-4be5-b7f4-804765c93ab8@group-FFB748EC78CD-LeaderElection14
2021-11-29 08:36:38,642 [2d7c5962-3727-4be5-b7f4-804765c93ab8@group-FFB748EC78CD-LeaderElection14] INFO  server.RaftServer$Division (RaftServerImpl.java:setRole(290)) - 2d7c5962-3727-4be5-b7f4-804765c93ab8@group-FFB748EC78CD: changes role from CANDIDATE to LEADER at term 1 for changeToLeader
2021-11-29 08:36:38,643 [2d7c5962-3727-4be5-b7f4-804765c93ab8@group-FFB748EC78CD-LeaderElection14] INFO  ratis.XceiverServerRatis (XceiverServerRatis.java:handleLeaderChangedNotification(866)) - Leader change notification received for group: group-FFB748EC78CD with new leaderId: 2d7c5962-3727-4be5-b7f4-804765c93ab8
2021-11-29 08:36:38,643 [2d7c5962-3727-4be5-b7f4-804765c93ab8@group-FFB748EC78CD-LeaderElection14] INFO  server.RaftServer$Division (ServerState.java:setLeader(285)) - 2d7c5962-3727-4be5-b7f4-804765c93ab8@group-FFB748EC78CD: change Leader from null to 2d7c5962-3727-4be5-b7f4-804765c93ab8 at term 1 for becomeLeader, leader elected after 5058ms
2021-11-29 08:36:38,643 [2d7c5962-3727-4be5-b7f4-804765c93ab8@group-FFB748EC78CD-LeaderElection14] INFO  server.RaftServerConfigKeys (ConfUtils.java:logGet(44)) - raft.server.staging.catchup.gap = 1000 (default)
2021-11-29 08:36:38,644 [2d7c5962-3727-4be5-b7f4-804765c93ab8@group-FFB748EC78CD-LeaderElection14] INFO  server.RaftServerConfigKeys (ConfUtils.java:logGet(44)) - raft.server.write.element-limit = 1024 (custom)
2021-11-29 08:36:38,644 [2d7c5962-3727-4be5-b7f4-804765c93ab8@group-FFB748EC78CD-LeaderElection14] INFO  server.RaftServerConfigKeys (ConfUtils.java:logGet(44)) - raft.server.write.byte-limit = 1024 M (=1073741824) (custom)
2021-11-29 08:36:38,644 [EventQueue-OpenPipelineForHealthyPipelineSafeModeRule] INFO  safemode.SCMSafeModeManager (HealthyPipelineSafeModeRule.java:process(124)) - SCM in safe mode. Healthy pipelines reported count is 0, required healthy pipeline reported count is 1
2021-11-29 08:36:38,644 [2d7c5962-3727-4be5-b7f4-804765c93ab8@group-FFB748EC78CD-LeaderElection14] INFO  server.RaftServerConfigKeys (ConfUtils.java:logGet(44)) - raft.server.watch.timeout = 180s (custom)
2021-11-29 08:36:38,644 [2d7c5962-3727-4be5-b7f4-804765c93ab8@group-FFB748EC78CD-LeaderElection14] INFO  server.RaftServerConfigKeys (ConfUtils.java:logGet(44)) - raft.server.watch.timeout.denomination = 1s (default)
2021-11-29 08:36:38,645 [2d7c5962-3727-4be5-b7f4-804765c93ab8@group-FFB748EC78CD-LeaderElection14] INFO  server.RaftServerConfigKeys (ConfUtils.java:logGet(44)) - raft.server.watch.element-limit = 65536 (default)
2021-11-29 08:36:38,645 [2d7c5962-3727-4be5-b7f4-804765c93ab8@group-FFB748EC78CD-LeaderElection14] INFO  server.RaftServerConfigKeys (ConfUtils.java:logGet(44)) - raft.server.write.element-limit = 1024 (custom)
2021-11-29 08:36:38,645 [2d7c5962-3727-4be5-b7f4-804765c93ab8@group-FFB748EC78CD-LeaderElection14] INFO  server.RaftServerConfigKeys (ConfUtils.java:logGet(44)) - raft.server.write.follower.gap.ratio.max = -1.0 (default)
2021-11-29 08:36:38,645 [2d7c5962-3727-4be5-b7f4-804765c93ab8@group-FFB748EC78CD-LeaderElection14] INFO  impl.RoleInfo (RoleInfo.java:updateAndGet(130)) - 2d7c5962-3727-4be5-b7f4-804765c93ab8: start 2d7c5962-3727-4be5-b7f4-804765c93ab8@group-FFB748EC78CD-LeaderStateImpl
2021-11-29 08:36:38,645 [2d7c5962-3727-4be5-b7f4-804765c93ab8@group-FFB748EC78CD-LeaderElection14] INFO  segmented.SegmentedRaftLogWorker (SegmentedRaftLogWorker.java:startLogSegment(394)) - 2d7c5962-3727-4be5-b7f4-804765c93ab8@group-FFB748EC78CD-SegmentedRaftLogWorker: Starting segment from index:0
2021-11-29 08:36:38,647 [2d7c5962-3727-4be5-b7f4-804765c93ab8@group-FFB748EC78CD-SegmentedRaftLogWorker] INFO  segmented.SegmentedRaftLogWorker (SegmentedRaftLogWorker.java:execute(601)) - 2d7c5962-3727-4be5-b7f4-804765c93ab8@group-FFB748EC78CD-SegmentedRaftLogWorker: created new log segment /home/runner/work/ozone/ozone/hadoop-ozone/integration-test/target/test-dir/MiniOzoneClusterImpl-c80c5e57-a00d-42e9-a5d1-a1f89d8b0246/datanode-0/data/ratis/abc075a9-bac1-4f39-b303-ffb748ec78cd/current/log_inprogress_0
2021-11-29 08:36:38,663 [2d7c5962-3727-4be5-b7f4-804765c93ab8@group-FFB748EC78CD-LeaderElection14] INFO  server.RaftServer$Division (ServerState.java:setRaftConf(387)) - 2d7c5962-3727-4be5-b7f4-804765c93ab8@group-FFB748EC78CD: set configuration 0: [2d7c5962-3727-4be5-b7f4-804765c93ab8|rpc:10.1.0.67:39881|dataStream:|priority:1], old=null
2021-11-29 08:36:38,691 [3db34769-df59-458e-92ee-af935640fdc6@group-4A3FF73D4B47-FollowerState] INFO  impl.FollowerState (FollowerState.java:run(134)) - 3db34769-df59-458e-92ee-af935640fdc6@group-4A3FF73D4B47-FollowerState: change to CANDIDATE, lastRpcElapsedTime:5035615513ns, electionTimeout:5033ms
2021-11-29 08:36:38,691 [3db34769-df59-458e-92ee-af935640fdc6@group-4A3FF73D4B47-FollowerState] INFO  impl.RoleInfo (RoleInfo.java:shutdownFollowerState(108)) - 3db34769-df59-458e-92ee-af935640fdc6: shutdown 3db34769-df59-458e-92ee-af935640fdc6@group-4A3FF73D4B47-FollowerState
2021-11-29 08:36:38,691 [3db34769-df59-458e-92ee-af935640fdc6@group-4A3FF73D4B47-FollowerState] INFO  server.RaftServer$Division (RaftServerImpl.java:setRole(290)) - 3db34769-df59-458e-92ee-af935640fdc6@group-4A3FF73D4B47: changes role from  FOLLOWER to CANDIDATE at term 0 for changeToCandidate
2021-11-29 08:36:38,691 [3db34769-df59-458e-92ee-af935640fdc6@group-4A3FF73D4B47-FollowerState] INFO  server.RaftServerConfigKeys (ConfUtils.java:logGet(44)) - raft.server.leaderelection.pre-vote = false (custom)
2021-11-29 08:36:38,692 [3db34769-df59-458e-92ee-af935640fdc6@group-4A3FF73D4B47-FollowerState] INFO  impl.RoleInfo (RoleInfo.java:updateAndGet(130)) - 3db34769-df59-458e-92ee-af935640fdc6: start 3db34769-df59-458e-92ee-af935640fdc6@group-4A3FF73D4B47-LeaderElection15
2021-11-29 08:36:38,702 [3db34769-df59-458e-92ee-af935640fdc6@group-4A3FF73D4B47-LeaderElection15] INFO  impl.LeaderElection (LeaderElection.java:askForVotes(306)) - 3db34769-df59-458e-92ee-af935640fdc6@group-4A3FF73D4B47-LeaderElection15 ELECTION round 0: submit vote requests at term 1 for -1: [2d7c5962-3727-4be5-b7f4-804765c93ab8|rpc:10.1.0.67:39881|dataStream:|priority:0, 3db34769-df59-458e-92ee-af935640fdc6|rpc:10.1.0.67:41963|dataStream:|priority:0, 64a97b8f-42f6-4daa-ab57-e9e308fe09c3|rpc:10.1.0.67:37201|dataStream:|priority:1], old=null
2021-11-29 08:36:38,710 [grpc-default-executor-3] INFO  server.RaftServer$Division (RaftServerImpl.java:requestVote(1046)) - 2d7c5962-3727-4be5-b7f4-804765c93ab8@group-4A3FF73D4B47: receive requestVote(ELECTION, 3db34769-df59-458e-92ee-af935640fdc6, group-4A3FF73D4B47, 1, (t:0, i:0))
2021-11-29 08:36:38,711 [grpc-default-executor-3] INFO  impl.VoteContext (VoteContext.java:log(48)) - 2d7c5962-3727-4be5-b7f4-804765c93ab8@group-4A3FF73D4B47-FOLLOWER: accept ELECTION from 3db34769-df59-458e-92ee-af935640fdc6: our priority 0 <= candidate's priority 0
2021-11-29 08:36:38,711 [grpc-default-executor-3] INFO  server.RaftServer$Division (RaftServerImpl.java:setRole(290)) - 2d7c5962-3727-4be5-b7f4-804765c93ab8@group-4A3FF73D4B47: changes role from  FOLLOWER to FOLLOWER at term 1 for candidate:3db34769-df59-458e-92ee-af935640fdc6
2021-11-29 08:36:38,711 [grpc-default-executor-3] INFO  impl.RoleInfo (RoleInfo.java:shutdownFollowerState(108)) - 2d7c5962-3727-4be5-b7f4-804765c93ab8: shutdown 2d7c5962-3727-4be5-b7f4-804765c93ab8@group-4A3FF73D4B47-FollowerState
2021-11-29 08:36:38,711 [grpc-default-executor-3] INFO  impl.RoleInfo (RoleInfo.java:updateAndGet(130)) - 2d7c5962-3727-4be5-b7f4-804765c93ab8: start 2d7c5962-3727-4be5-b7f4-804765c93ab8@group-4A3FF73D4B47-FollowerState
2021-11-29 08:36:38,711 [2d7c5962-3727-4be5-b7f4-804765c93ab8@group-4A3FF73D4B47-FollowerState] INFO  impl.FollowerState (FollowerState.java:run(143)) - 2d7c5962-3727-4be5-b7f4-804765c93ab8@group-4A3FF73D4B47-FollowerState was interrupted: {}
java.lang.InterruptedException: sleep interrupted
	at java.lang.Thread.sleep(Native Method)
	at java.lang.Thread.sleep(Thread.java:340)
	at java.util.concurrent.TimeUnit.sleep(TimeUnit.java:386)
	at org.apache.ratis.util.TimeDuration.sleep(TimeDuration.java:324)
	at org.apache.ratis.util.TimeDuration.sleep(TimeDuration.java:309)
	at org.apache.ratis.server.impl.FollowerState.run(FollowerState.java:118)
2021-11-29 08:36:38,723 [grpc-default-executor-3] INFO  server.RaftServer$Division (RaftServerImpl.java:requestVote(1078)) - 2d7c5962-3727-4be5-b7f4-804765c93ab8@group-4A3FF73D4B47 replies to ELECTION vote request: 3db34769-df59-458e-92ee-af935640fdc6<-2d7c5962-3727-4be5-b7f4-804765c93ab8#0:OK-t1. Peer's state: 2d7c5962-3727-4be5-b7f4-804765c93ab8@group-4A3FF73D4B47:t1, leader=null, voted=3db34769-df59-458e-92ee-af935640fdc6, raftlog=2d7c5962-3727-4be5-b7f4-804765c93ab8@group-4A3FF73D4B47-SegmentedRaftLog:OPENED:c-1, conf=-1: [2d7c5962-3727-4be5-b7f4-804765c93ab8|rpc:10.1.0.67:39881|priority:0, 3db34769-df59-458e-92ee-af935640fdc6|rpc:10.1.0.67:41963|priority:0, 64a97b8f-42f6-4daa-ab57-e9e308fe09c3|rpc:10.1.0.67:37201|priority:1], old=null
2021-11-29 08:36:38,724 [EventQueue-OpenPipelineForHealthyPipelineSafeModeRule] INFO  safemode.SCMSafeModeManager (HealthyPipelineSafeModeRule.java:process(124)) - SCM in safe mode. Healthy pipelines reported count is 0, required healthy pipeline reported count is 1
2021-11-29 08:36:38,727 [grpc-default-executor-3] INFO  server.RaftServer$Division (RaftServerImpl.java:requestVote(1046)) - 64a97b8f-42f6-4daa-ab57-e9e308fe09c3@group-4A3FF73D4B47: receive requestVote(ELECTION, 3db34769-df59-458e-92ee-af935640fdc6, group-4A3FF73D4B47, 1, (t:0, i:0))
2021-11-29 08:36:38,728 [grpc-default-executor-3] INFO  impl.VoteContext (VoteContext.java:log(48)) - 64a97b8f-42f6-4daa-ab57-e9e308fe09c3@group-4A3FF73D4B47-FOLLOWER: reject ELECTION from 3db34769-df59-458e-92ee-af935640fdc6: our priority 1 > candidate's priority 0
2021-11-29 08:36:38,728 [grpc-default-executor-3] INFO  server.RaftServer$Division (RaftServerImpl.java:setRole(290)) - 64a97b8f-42f6-4daa-ab57-e9e308fe09c3@group-4A3FF73D4B47: changes role from  FOLLOWER to FOLLOWER at term 1 for candidate:3db34769-df59-458e-92ee-af935640fdc6
2021-11-29 08:36:38,728 [grpc-default-executor-3] INFO  impl.RoleInfo (RoleInfo.java:shutdownFollowerState(108)) - 64a97b8f-42f6-4daa-ab57-e9e308fe09c3: shutdown 64a97b8f-42f6-4daa-ab57-e9e308fe09c3@group-4A3FF73D4B47-FollowerState
2021-11-29 08:36:38,728 [grpc-default-executor-3] INFO  impl.RoleInfo (RoleInfo.java:updateAndGet(130)) - 64a97b8f-42f6-4daa-ab57-e9e308fe09c3: start 64a97b8f-42f6-4daa-ab57-e9e308fe09c3@group-4A3FF73D4B47-FollowerState
2021-11-29 08:36:38,728 [64a97b8f-42f6-4daa-ab57-e9e308fe09c3@group-4A3FF73D4B47-FollowerState] INFO  impl.FollowerState (FollowerState.java:run(143)) - 64a97b8f-42f6-4daa-ab57-e9e308fe09c3@group-4A3FF73D4B47-FollowerState was interrupted: {}
java.lang.InterruptedException: sleep interrupted
	at java.lang.Thread.sleep(Native Method)
	at java.lang.Thread.sleep(Thread.java:340)
	at java.util.concurrent.TimeUnit.sleep(TimeUnit.java:386)
	at org.apache.ratis.util.TimeDuration.sleep(TimeDuration.java:324)
	at org.apache.ratis.util.TimeDuration.sleep(TimeDuration.java:309)
	at org.apache.ratis.server.impl.FollowerState.run(FollowerState.java:118)
2021-11-29 08:36:38,735 [grpc-default-executor-3] INFO  server.RaftServer$Division (RaftServerImpl.java:requestVote(1078)) - 64a97b8f-42f6-4daa-ab57-e9e308fe09c3@group-4A3FF73D4B47 replies to ELECTION vote request: 3db34769-df59-458e-92ee-af935640fdc6<-64a97b8f-42f6-4daa-ab57-e9e308fe09c3#0:FAIL-t1. Peer's state: 64a97b8f-42f6-4daa-ab57-e9e308fe09c3@group-4A3FF73D4B47:t1, leader=null, voted=null, raftlog=64a97b8f-42f6-4daa-ab57-e9e308fe09c3@group-4A3FF73D4B47-SegmentedRaftLog:OPENED:c-1, conf=-1: [2d7c5962-3727-4be5-b7f4-804765c93ab8|rpc:10.1.0.67:39881|dataStream:|priority:0, 3db34769-df59-458e-92ee-af935640fdc6|rpc:10.1.0.67:41963|dataStream:|priority:0, 64a97b8f-42f6-4daa-ab57-e9e308fe09c3|rpc:10.1.0.67:37201|dataStream:|priority:1], old=null
2021-11-29 08:36:38,737 [3db34769-df59-458e-92ee-af935640fdc6@group-4A3FF73D4B47-LeaderElection15] INFO  impl.LeaderElection (LeaderElection.java:logAndReturn(89)) - 3db34769-df59-458e-92ee-af935640fdc6@group-4A3FF73D4B47-LeaderElection15: ELECTION REJECTED received 2 response(s) and 0 exception(s):
2021-11-29 08:36:38,737 [3db34769-df59-458e-92ee-af935640fdc6@group-4A3FF73D4B47-LeaderElection15] INFO  impl.LeaderElection (LeaderElection.java:logAndReturn(93)) -   Response 0: 3db34769-df59-458e-92ee-af935640fdc6<-2d7c5962-3727-4be5-b7f4-804765c93ab8#0:OK-t1
2021-11-29 08:36:38,737 [3db34769-df59-458e-92ee-af935640fdc6@group-4A3FF73D4B47-LeaderElection15] INFO  impl.LeaderElection (LeaderElection.java:logAndReturn(93)) -   Response 1: 3db34769-df59-458e-92ee-af935640fdc6<-64a97b8f-42f6-4daa-ab57-e9e308fe09c3#0:FAIL-t1
2021-11-29 08:36:38,737 [3db34769-df59-458e-92ee-af935640fdc6@group-4A3FF73D4B47-LeaderElection15] INFO  impl.LeaderElection (LeaderElection.java:askForVotes(308)) - 3db34769-df59-458e-92ee-af935640fdc6@group-4A3FF73D4B47-LeaderElection15 ELECTION round 0: result REJECTED
2021-11-29 08:36:38,737 [3db34769-df59-458e-92ee-af935640fdc6@group-4A3FF73D4B47-LeaderElection15] INFO  server.RaftServer$Division (RaftServerImpl.java:setRole(290)) - 3db34769-df59-458e-92ee-af935640fdc6@group-4A3FF73D4B47: changes role from CANDIDATE to FOLLOWER at term 1 for REJECTED
2021-11-29 08:36:38,737 [3db34769-df59-458e-92ee-af935640fdc6@group-4A3FF73D4B47-LeaderElection15] INFO  impl.RoleInfo (RoleInfo.java:shutdownLeaderElection(121)) - 3db34769-df59-458e-92ee-af935640fdc6: shutdown 3db34769-df59-458e-92ee-af935640fdc6@group-4A3FF73D4B47-LeaderElection15
2021-11-29 08:36:38,737 [3db34769-df59-458e-92ee-af935640fdc6@group-4A3FF73D4B47-LeaderElection15] INFO  impl.RoleInfo (RoleInfo.java:updateAndGet(130)) - 3db34769-df59-458e-92ee-af935640fdc6: start 3db34769-df59-458e-92ee-af935640fdc6@group-4A3FF73D4B47-FollowerState
2021-11-29 08:36:38,819 [DatanodeAdminManager-0] INFO  node.DatanodeAdminMonitorImpl (DatanodeAdminMonitorImpl.java:checkContainersReplicatedOnNode(306)) - f37cff1b-38c0-4a70-af4a-cd1c41c703b6{ip: 10.1.0.67, host: fv-az294-535.eaanfquahm5ulb5tj050gcxych.jx.internal.cloudapp.net, ports: [REPLICATION=37085, RATIS=40907, RATIS_ADMIN=40907, RATIS_SERVER=40907, STANDALONE=46669], networkLocation: /default-rack, certSerialId: null, persistedOpState: DECOMMISSIONING, persistedOpStateExpiryEpochSec: 0} has 3 sufficientlyReplicated, 0 underReplicated and 0 unhealthy containers
2021-11-29 08:36:38,820 [DatanodeAdminManager-0] INFO  node.DatanodeAdminMonitorImpl (DatanodeAdminMonitorImpl.java:completeDecommission(324)) - Datanode f37cff1b-38c0-4a70-af4a-cd1c41c703b6{ip: 10.1.0.67, host: fv-az294-535.eaanfquahm5ulb5tj050gcxych.jx.internal.cloudapp.net, ports: [REPLICATION=37085, RATIS=40907, RATIS_ADMIN=40907, RATIS_SERVER=40907, STANDALONE=46669], networkLocation: /default-rack, certSerialId: null, persistedOpState: DECOMMISSIONING, persistedOpStateExpiryEpochSec: 0} has completed the admin workflow. The operational state has been set to DECOMMISSIONED
2021-11-29 08:36:38,820 [EventQueue-HealthyReadonlyToHealthyNodeForReadOnlyHealthyToHealthyNodeHandler] INFO  node.ReadOnlyHealthyToHealthyNodeHandler (ReadOnlyHealthyToHealthyNodeHandler.java:onMessage(51)) - Datanode f37cff1b-38c0-4a70-af4a-cd1c41c703b6{ip: 10.1.0.67, host: fv-az294-535.eaanfquahm5ulb5tj050gcxych.jx.internal.cloudapp.net, ports: [REPLICATION=37085, RATIS=40907, RATIS_ADMIN=40907, RATIS_SERVER=40907, STANDALONE=46669], networkLocation: /default-rack, certSerialId: null, persistedOpState: DECOMMISSIONING, persistedOpStateExpiryEpochSec: 0} moved to HEALTHY state.
2021-11-29 08:36:38,820 [EventQueue-HealthyReadonlyToHealthyNodeForReadOnlyHealthyToHealthyNodeHandler] INFO  pipeline.BackgroundPipelineCreator (BackgroundPipelineCreator.java:notifyEventTriggered(285)) - trigger a one-shot run on RatisPipelineUtilsThread.
2021-11-29 08:36:38,843 [ReplicationMonitor] INFO  container.ReplicationManager (ReplicationManager.java:processAll(371)) - Replication Monitor Thread took 0 milliseconds for processing 3 containers.
2021-11-29 08:36:38,865 [EventQueue-OpenPipelineForHealthyPipelineSafeModeRule] INFO  safemode.SCMSafeModeManager (HealthyPipelineSafeModeRule.java:process(124)) - SCM in safe mode. Healthy pipelines reported count is 0, required healthy pipeline reported count is 1
2021-11-29 08:36:38,905 [Listener at 127.0.0.1/38371] INFO  ozone.MiniOzoneClusterImpl (MiniOzoneClusterImpl.java:lambda$waitForClusterToBeReady$0(235)) - Nodes are ready. Got 6 of 6 DN Heartbeats.
2021-11-29 08:36:38,905 [Listener at 127.0.0.1/38371] INFO  ozone.MiniOzoneClusterImpl (MiniOzoneClusterImpl.java:lambda$waitForClusterToBeReady$0(238)) - Waiting for cluster to exit safe mode
2021-11-29 08:36:38,905 [Listener at 127.0.0.1/38371] INFO  ozone.MiniOzoneClusterImpl (MiniOzoneClusterImpl.java:lambda$waitForClusterToBeReady$0(240)) - SCM became leader
2021-11-29 08:36:39,076 [EventQueue-OpenPipelineForHealthyPipelineSafeModeRule] INFO  safemode.SCMSafeModeManager (HealthyPipelineSafeModeRule.java:process(124)) - SCM in safe mode. Healthy pipelines reported count is 0, required healthy pipeline reported count is 1
2021-11-29 08:36:39,169 [64a97b8f-42f6-4daa-ab57-e9e308fe09c3@group-171E18DECA2F-FollowerState] INFO  impl.FollowerState (FollowerState.java:run(134)) - 64a97b8f-42f6-4daa-ab57-e9e308fe09c3@group-171E18DECA2F-FollowerState: change to CANDIDATE, lastRpcElapsedTime:5088251054ns, electionTimeout:5087ms
2021-11-29 08:36:39,169 [64a97b8f-42f6-4daa-ab57-e9e308fe09c3@group-171E18DECA2F-FollowerState] INFO  impl.RoleInfo (RoleInfo.java:shutdownFollowerState(108)) - 64a97b8f-42f6-4daa-ab57-e9e308fe09c3: shutdown 64a97b8f-42f6-4daa-ab57-e9e308fe09c3@group-171E18DECA2F-FollowerState
2021-11-29 08:36:39,169 [64a97b8f-42f6-4daa-ab57-e9e308fe09c3@group-171E18DECA2F-FollowerState] INFO  server.RaftServer$Division (RaftServerImpl.java:setRole(290)) - 64a97b8f-42f6-4daa-ab57-e9e308fe09c3@group-171E18DECA2F: changes role from  FOLLOWER to CANDIDATE at term 0 for changeToCandidate
2021-11-29 08:36:39,169 [64a97b8f-42f6-4daa-ab57-e9e308fe09c3@group-171E18DECA2F-FollowerState] INFO  server.RaftServerConfigKeys (ConfUtils.java:logGet(44)) - raft.server.leaderelection.pre-vote = false (custom)
2021-11-29 08:36:39,169 [64a97b8f-42f6-4daa-ab57-e9e308fe09c3@group-171E18DECA2F-FollowerState] INFO  impl.RoleInfo (RoleInfo.java:updateAndGet(130)) - 64a97b8f-42f6-4daa-ab57-e9e308fe09c3: start 64a97b8f-42f6-4daa-ab57-e9e308fe09c3@group-171E18DECA2F-LeaderElection16
2021-11-29 08:36:39,175 [64a97b8f-42f6-4daa-ab57-e9e308fe09c3@group-171E18DECA2F-LeaderElection16] INFO  impl.LeaderElection (LeaderElection.java:askForVotes(306)) - 64a97b8f-42f6-4daa-ab57-e9e308fe09c3@group-171E18DECA2F-LeaderElection16 ELECTION round 0: submit vote requests at term 1 for -1: [64a97b8f-42f6-4daa-ab57-e9e308fe09c3|rpc:10.1.0.67:37201|priority:1], old=null
2021-11-29 08:36:39,175 [64a97b8f-42f6-4daa-ab57-e9e308fe09c3@group-171E18DECA2F-LeaderElection16] INFO  impl.LeaderElection (LeaderElection.java:askForVotes(308)) - 64a97b8f-42f6-4daa-ab57-e9e308fe09c3@group-171E18DECA2F-LeaderElection16 ELECTION round 0: result PASSED (term=1)
2021-11-29 08:36:39,175 [64a97b8f-42f6-4daa-ab57-e9e308fe09c3@group-171E18DECA2F-LeaderElection16] INFO  impl.RoleInfo (RoleInfo.java:shutdownLeaderElection(121)) - 64a97b8f-42f6-4daa-ab57-e9e308fe09c3: shutdown 64a97b8f-42f6-4daa-ab57-e9e308fe09c3@group-171E18DECA2F-LeaderElection16
2021-11-29 08:36:39,175 [64a97b8f-42f6-4daa-ab57-e9e308fe09c3@group-171E18DECA2F-LeaderElection16] INFO  server.RaftServer$Division (RaftServerImpl.java:setRole(290)) - 64a97b8f-42f6-4daa-ab57-e9e308fe09c3@group-171E18DECA2F: changes role from CANDIDATE to LEADER at term 1 for changeToLeader
2021-11-29 08:36:39,175 [64a97b8f-42f6-4daa-ab57-e9e308fe09c3@group-171E18DECA2F-LeaderElection16] INFO  ratis.XceiverServerRatis (XceiverServerRatis.java:handleLeaderChangedNotification(866)) - Leader change notification received for group: group-171E18DECA2F with new leaderId: 64a97b8f-42f6-4daa-ab57-e9e308fe09c3
2021-11-29 08:36:39,175 [64a97b8f-42f6-4daa-ab57-e9e308fe09c3@group-171E18DECA2F-LeaderElection16] INFO  server.RaftServer$Division (ServerState.java:setLeader(285)) - 64a97b8f-42f6-4daa-ab57-e9e308fe09c3@group-171E18DECA2F: change Leader from null to 64a97b8f-42f6-4daa-ab57-e9e308fe09c3 at term 1 for becomeLeader, leader elected after 5102ms
2021-11-29 08:36:39,175 [64a97b8f-42f6-4daa-ab57-e9e308fe09c3@group-171E18DECA2F-LeaderElection16] INFO  server.RaftServerConfigKeys (ConfUtils.java:logGet(44)) - raft.server.staging.catchup.gap = 1000 (default)
2021-11-29 08:36:39,176 [EventQueue-OpenPipelineForHealthyPipelineSafeModeRule] INFO  safemode.SCMSafeModeManager (HealthyPipelineSafeModeRule.java:process(124)) - SCM in safe mode. Healthy pipelines reported count is 0, required healthy pipeline reported count is 1
2021-11-29 08:36:39,176 [64a97b8f-42f6-4daa-ab57-e9e308fe09c3@group-171E18DECA2F-LeaderElection16] INFO  server.RaftServerConfigKeys (ConfUtils.java:logGet(44)) - raft.server.write.element-limit = 1024 (custom)
2021-11-29 08:36:39,177 [64a97b8f-42f6-4daa-ab57-e9e308fe09c3@group-171E18DECA2F-LeaderElection16] INFO  server.RaftServerConfigKeys (ConfUtils.java:logGet(44)) - raft.server.write.byte-limit = 1024 M (=1073741824) (custom)
2021-11-29 08:36:39,177 [64a97b8f-42f6-4daa-ab57-e9e308fe09c3@group-171E18DECA2F-LeaderElection16] INFO  server.RaftServerConfigKeys (ConfUtils.java:logGet(44)) - raft.server.watch.timeout = 180s (custom)
2021-11-29 08:36:39,177 [64a97b8f-42f6-4daa-ab57-e9e308fe09c3@group-171E18DECA2F-LeaderElection16] INFO  server.RaftServerConfigKeys (ConfUtils.java:logGet(44)) - raft.server.watch.timeout.denomination = 1s (default)
2021-11-29 08:36:39,177 [64a97b8f-42f6-4daa-ab57-e9e308fe09c3@group-171E18DECA2F-LeaderElection16] INFO  server.RaftServerConfigKeys (ConfUtils.java:logGet(44)) - raft.server.watch.element-limit = 65536 (default)
2021-11-29 08:36:39,178 [64a97b8f-42f6-4daa-ab57-e9e308fe09c3@group-171E18DECA2F-LeaderElection16] INFO  server.RaftServerConfigKeys (ConfUtils.java:logGet(44)) - raft.server.write.element-limit = 1024 (custom)
2021-11-29 08:36:39,178 [64a97b8f-42f6-4daa-ab57-e9e308fe09c3@group-171E18DECA2F-LeaderElection16] INFO  server.RaftServerConfigKeys (ConfUtils.java:logGet(44)) - raft.server.write.follower.gap.ratio.max = -1.0 (default)
2021-11-29 08:36:39,178 [64a97b8f-42f6-4daa-ab57-e9e308fe09c3@group-171E18DECA2F-LeaderElection16] INFO  impl.RoleInfo (RoleInfo.java:updateAndGet(130)) - 64a97b8f-42f6-4daa-ab57-e9e308fe09c3: start 64a97b8f-42f6-4daa-ab57-e9e308fe09c3@group-171E18DECA2F-LeaderStateImpl
2021-11-29 08:36:39,178 [64a97b8f-42f6-4daa-ab57-e9e308fe09c3@group-171E18DECA2F-LeaderElection16] INFO  segmented.SegmentedRaftLogWorker (SegmentedRaftLogWorker.java:startLogSegment(394)) - 64a97b8f-42f6-4daa-ab57-e9e308fe09c3@group-171E18DECA2F-SegmentedRaftLogWorker: Starting segment from index:0
2021-11-29 08:36:39,179 [64a97b8f-42f6-4daa-ab57-e9e308fe09c3@group-171E18DECA2F-SegmentedRaftLogWorker] INFO  segmented.SegmentedRaftLogWorker (SegmentedRaftLogWorker.java:execute(601)) - 64a97b8f-42f6-4daa-ab57-e9e308fe09c3@group-171E18DECA2F-SegmentedRaftLogWorker: created new log segment /home/runner/work/ozone/ozone/hadoop-ozone/integration-test/target/test-dir/MiniOzoneClusterImpl-c80c5e57-a00d-42e9-a5d1-a1f89d8b0246/datanode-1/data/ratis/80186afd-52c7-4a9a-9bf4-171e18deca2f/current/log_inprogress_0
2021-11-29 08:36:39,190 [64a97b8f-42f6-4daa-ab57-e9e308fe09c3@group-171E18DECA2F-LeaderElection16] INFO  server.RaftServer$Division (ServerState.java:setRaftConf(387)) - 64a97b8f-42f6-4daa-ab57-e9e308fe09c3@group-171E18DECA2F: set configuration 0: [64a97b8f-42f6-4daa-ab57-e9e308fe09c3|rpc:10.1.0.67:37201|dataStream:|priority:1], old=null
2021-11-29 08:36:39,321 [ReplicationMonitor] INFO  container.ReplicationManager (ReplicationManager.java:processAll(371)) - Replication Monitor Thread took 0 milliseconds for processing 0 containers.
2021-11-29 08:36:39,352 [EventQueue-OpenPipelineForHealthyPipelineSafeModeRule] INFO  safemode.SCMSafeModeManager (HealthyPipelineSafeModeRule.java:process(124)) - SCM in safe mode. Healthy pipelines reported count is 0, required healthy pipeline reported count is 1
2021-11-29 08:36:39,554 [3db34769-df59-458e-92ee-af935640fdc6@group-D0D4912AC5F3-FollowerState] INFO  impl.FollowerState (FollowerState.java:run(134)) - 3db34769-df59-458e-92ee-af935640fdc6@group-D0D4912AC5F3-FollowerState: change to CANDIDATE, lastRpcElapsedTime:5197036872ns, electionTimeout:5183ms
2021-11-29 08:36:39,554 [3db34769-df59-458e-92ee-af935640fdc6@group-D0D4912AC5F3-FollowerState] INFO  impl.RoleInfo (RoleInfo.java:shutdownFollowerState(108)) - 3db34769-df59-458e-92ee-af935640fdc6: shutdown 3db34769-df59-458e-92ee-af935640fdc6@group-D0D4912AC5F3-FollowerState
2021-11-29 08:36:39,554 [3db34769-df59-458e-92ee-af935640fdc6@group-D0D4912AC5F3-FollowerState] INFO  server.RaftServer$Division (RaftServerImpl.java:setRole(290)) - 3db34769-df59-458e-92ee-af935640fdc6@group-D0D4912AC5F3: changes role from  FOLLOWER to CANDIDATE at term 0 for changeToCandidate
2021-11-29 08:36:39,554 [3db34769-df59-458e-92ee-af935640fdc6@group-D0D4912AC5F3-FollowerState] INFO  server.RaftServerConfigKeys (ConfUtils.java:logGet(44)) - raft.server.leaderelection.pre-vote = false (custom)
2021-11-29 08:36:39,555 [3db34769-df59-458e-92ee-af935640fdc6@group-D0D4912AC5F3-FollowerState] INFO  impl.RoleInfo (RoleInfo.java:updateAndGet(130)) - 3db34769-df59-458e-92ee-af935640fdc6: start 3db34769-df59-458e-92ee-af935640fdc6@group-D0D4912AC5F3-LeaderElection17
2021-11-29 08:36:39,562 [3db34769-df59-458e-92ee-af935640fdc6@group-D0D4912AC5F3-LeaderElection17] INFO  impl.LeaderElection (LeaderElection.java:askForVotes(306)) - 3db34769-df59-458e-92ee-af935640fdc6@group-D0D4912AC5F3-LeaderElection17 ELECTION round 0: submit vote requests at term 1 for -1: [3db34769-df59-458e-92ee-af935640fdc6|rpc:10.1.0.67:41963|priority:1], old=null
2021-11-29 08:36:39,562 [3db34769-df59-458e-92ee-af935640fdc6@group-D0D4912AC5F3-LeaderElection17] INFO  impl.LeaderElection (LeaderElection.java:askForVotes(308)) - 3db34769-df59-458e-92ee-af935640fdc6@group-D0D4912AC5F3-LeaderElection17 ELECTION round 0: result PASSED (term=1)
2021-11-29 08:36:39,562 [3db34769-df59-458e-92ee-af935640fdc6@group-D0D4912AC5F3-LeaderElection17] INFO  impl.RoleInfo (RoleInfo.java:shutdownLeaderElection(121)) - 3db34769-df59-458e-92ee-af935640fdc6: shutdown 3db34769-df59-458e-92ee-af935640fdc6@group-D0D4912AC5F3-LeaderElection17
2021-11-29 08:36:39,562 [3db34769-df59-458e-92ee-af935640fdc6@group-D0D4912AC5F3-LeaderElection17] INFO  server.RaftServer$Division (RaftServerImpl.java:setRole(290)) - 3db34769-df59-458e-92ee-af935640fdc6@group-D0D4912AC5F3: changes role from CANDIDATE to LEADER at term 1 for changeToLeader
2021-11-29 08:36:39,562 [3db34769-df59-458e-92ee-af935640fdc6@group-D0D4912AC5F3-LeaderElection17] INFO  ratis.XceiverServerRatis (XceiverServerRatis.java:handleLeaderChangedNotification(866)) - Leader change notification received for group: group-D0D4912AC5F3 with new leaderId: 3db34769-df59-458e-92ee-af935640fdc6
2021-11-29 08:36:39,562 [3db34769-df59-458e-92ee-af935640fdc6@group-D0D4912AC5F3-LeaderElection17] INFO  server.RaftServer$Division (ServerState.java:setLeader(285)) - 3db34769-df59-458e-92ee-af935640fdc6@group-D0D4912AC5F3: change Leader from null to 3db34769-df59-458e-92ee-af935640fdc6 at term 1 for becomeLeader, leader elected after 5211ms
2021-11-29 08:36:39,563 [3db34769-df59-458e-92ee-af935640fdc6@group-D0D4912AC5F3-LeaderElection17] INFO  server.RaftServerConfigKeys (ConfUtils.java:logGet(44)) - raft.server.staging.catchup.gap = 1000 (default)
2021-11-29 08:36:39,565 [EventQueue-OpenPipelineForHealthyPipelineSafeModeRule] INFO  safemode.SCMSafeModeManager (HealthyPipelineSafeModeRule.java:process(124)) - SCM in safe mode. Healthy pipelines reported count is 0, required healthy pipeline reported count is 1
2021-11-29 08:36:39,567 [3db34769-df59-458e-92ee-af935640fdc6@group-D0D4912AC5F3-LeaderElection17] INFO  server.RaftServerConfigKeys (ConfUtils.java:logGet(44)) - raft.server.write.element-limit = 1024 (custom)
2021-11-29 08:36:39,568 [3db34769-df59-458e-92ee-af935640fdc6@group-D0D4912AC5F3-LeaderElection17] INFO  server.RaftServerConfigKeys (ConfUtils.java:logGet(44)) - raft.server.write.byte-limit = 1024 M (=1073741824) (custom)
2021-11-29 08:36:39,568 [3db34769-df59-458e-92ee-af935640fdc6@group-D0D4912AC5F3-LeaderElection17] INFO  server.RaftServerConfigKeys (ConfUtils.java:logGet(44)) - raft.server.watch.timeout = 180s (custom)
2021-11-29 08:36:39,568 [3db34769-df59-458e-92ee-af935640fdc6@group-D0D4912AC5F3-LeaderElection17] INFO  server.RaftServerConfigKeys (ConfUtils.java:logGet(44)) - raft.server.watch.timeout.denomination = 1s (default)
2021-11-29 08:36:39,568 [3db34769-df59-458e-92ee-af935640fdc6@group-D0D4912AC5F3-LeaderElection17] INFO  server.RaftServerConfigKeys (ConfUtils.java:logGet(44)) - raft.server.watch.element-limit = 65536 (default)
2021-11-29 08:36:39,568 [3db34769-df59-458e-92ee-af935640fdc6@group-D0D4912AC5F3-LeaderElection17] INFO  server.RaftServerConfigKeys (ConfUtils.java:logGet(44)) - raft.server.write.element-limit = 1024 (custom)
2021-11-29 08:36:39,568 [3db34769-df59-458e-92ee-af935640fdc6@group-D0D4912AC5F3-LeaderElection17] INFO  server.RaftServerConfigKeys (ConfUtils.java:logGet(44)) - raft.server.write.follower.gap.ratio.max = -1.0 (default)
2021-11-29 08:36:39,568 [3db34769-df59-458e-92ee-af935640fdc6@group-D0D4912AC5F3-LeaderElection17] INFO  impl.RoleInfo (RoleInfo.java:updateAndGet(130)) - 3db34769-df59-458e-92ee-af935640fdc6: start 3db34769-df59-458e-92ee-af935640fdc6@group-D0D4912AC5F3-LeaderStateImpl
2021-11-29 08:36:39,569 [3db34769-df59-458e-92ee-af935640fdc6@group-D0D4912AC5F3-LeaderElection17] INFO  segmented.SegmentedRaftLogWorker (SegmentedRaftLogWorker.java:startLogSegment(394)) - 3db34769-df59-458e-92ee-af935640fdc6@group-D0D4912AC5F3-SegmentedRaftLogWorker: Starting segment from index:0
2021-11-29 08:36:39,572 [3db34769-df59-458e-92ee-af935640fdc6@group-D0D4912AC5F3-SegmentedRaftLogWorker] INFO  segmented.SegmentedRaftLogWorker (SegmentedRaftLogWorker.java:execute(601)) - 3db34769-df59-458e-92ee-af935640fdc6@group-D0D4912AC5F3-SegmentedRaftLogWorker: created new log segment /home/runner/work/ozone/ozone/hadoop-ozone/integration-test/target/test-dir/MiniOzoneClusterImpl-c80c5e57-a00d-42e9-a5d1-a1f89d8b0246/datanode-2/data/ratis/bf9788e5-b6ac-4e24-915c-d0d4912ac5f3/current/log_inprogress_0
2021-11-29 08:36:39,572 [3db34769-df59-458e-92ee-af935640fdc6@group-D0D4912AC5F3-LeaderElection17] INFO  server.RaftServer$Division (ServerState.java:setRaftConf(387)) - 3db34769-df59-458e-92ee-af935640fdc6@group-D0D4912AC5F3: set configuration 0: [3db34769-df59-458e-92ee-af935640fdc6|rpc:10.1.0.67:41963|dataStream:|priority:1], old=null
2021-11-29 08:36:39,596 [a39b17a5-0a4e-46f3-8d78-c7d3a13330a0@group-398CE440578B-FollowerState] INFO  impl.FollowerState (FollowerState.java:run(134)) - a39b17a5-0a4e-46f3-8d78-c7d3a13330a0@group-398CE440578B-FollowerState: change to CANDIDATE, lastRpcElapsedTime:5039087334ns, electionTimeout:5034ms
2021-11-29 08:36:39,596 [a39b17a5-0a4e-46f3-8d78-c7d3a13330a0@group-398CE440578B-FollowerState] INFO  impl.RoleInfo (RoleInfo.java:shutdownFollowerState(108)) - a39b17a5-0a4e-46f3-8d78-c7d3a13330a0: shutdown a39b17a5-0a4e-46f3-8d78-c7d3a13330a0@group-398CE440578B-FollowerState
2021-11-29 08:36:39,596 [a39b17a5-0a4e-46f3-8d78-c7d3a13330a0@group-398CE440578B-FollowerState] INFO  server.RaftServer$Division (RaftServerImpl.java:setRole(290)) - a39b17a5-0a4e-46f3-8d78-c7d3a13330a0@group-398CE440578B: changes role from  FOLLOWER to CANDIDATE at term 0 for changeToCandidate
2021-11-29 08:36:39,596 [a39b17a5-0a4e-46f3-8d78-c7d3a13330a0@group-398CE440578B-FollowerState] INFO  server.RaftServerConfigKeys (ConfUtils.java:logGet(44)) - raft.server.leaderelection.pre-vote = false (custom)
2021-11-29 08:36:39,596 [a39b17a5-0a4e-46f3-8d78-c7d3a13330a0@group-398CE440578B-FollowerState] INFO  impl.RoleInfo (RoleInfo.java:updateAndGet(130)) - a39b17a5-0a4e-46f3-8d78-c7d3a13330a0: start a39b17a5-0a4e-46f3-8d78-c7d3a13330a0@group-398CE440578B-LeaderElection18
2021-11-29 08:36:39,602 [a39b17a5-0a4e-46f3-8d78-c7d3a13330a0@group-398CE440578B-LeaderElection18] INFO  impl.LeaderElection (LeaderElection.java:askForVotes(306)) - a39b17a5-0a4e-46f3-8d78-c7d3a13330a0@group-398CE440578B-LeaderElection18 ELECTION round 0: submit vote requests at term 1 for -1: [a39b17a5-0a4e-46f3-8d78-c7d3a13330a0|rpc:10.1.0.67:46853|priority:1], old=null
2021-11-29 08:36:39,602 [a39b17a5-0a4e-46f3-8d78-c7d3a13330a0@group-398CE440578B-LeaderElection18] INFO  impl.LeaderElection (LeaderElection.java:askForVotes(308)) - a39b17a5-0a4e-46f3-8d78-c7d3a13330a0@group-398CE440578B-LeaderElection18 ELECTION round 0: result PASSED (term=1)
2021-11-29 08:36:39,602 [a39b17a5-0a4e-46f3-8d78-c7d3a13330a0@group-398CE440578B-LeaderElection18] INFO  impl.RoleInfo (RoleInfo.java:shutdownLeaderElection(121)) - a39b17a5-0a4e-46f3-8d78-c7d3a13330a0: shutdown a39b17a5-0a4e-46f3-8d78-c7d3a13330a0@group-398CE440578B-LeaderElection18
2021-11-29 08:36:39,602 [a39b17a5-0a4e-46f3-8d78-c7d3a13330a0@group-398CE440578B-LeaderElection18] INFO  server.RaftServer$Division (RaftServerImpl.java:setRole(290)) - a39b17a5-0a4e-46f3-8d78-c7d3a13330a0@group-398CE440578B: changes role from CANDIDATE to LEADER at term 1 for changeToLeader
2021-11-29 08:36:39,602 [a39b17a5-0a4e-46f3-8d78-c7d3a13330a0@group-398CE440578B-LeaderElection18] INFO  ratis.XceiverServerRatis (XceiverServerRatis.java:handleLeaderChangedNotification(866)) - Leader change notification received for group: group-398CE440578B with new leaderId: a39b17a5-0a4e-46f3-8d78-c7d3a13330a0
2021-11-29 08:36:39,603 [a39b17a5-0a4e-46f3-8d78-c7d3a13330a0@group-398CE440578B-LeaderElection18] INFO  server.RaftServer$Division (ServerState.java:setLeader(285)) - a39b17a5-0a4e-46f3-8d78-c7d3a13330a0@group-398CE440578B: change Leader from null to a39b17a5-0a4e-46f3-8d78-c7d3a13330a0 at term 1 for becomeLeader, leader elected after 5055ms
2021-11-29 08:36:39,603 [a39b17a5-0a4e-46f3-8d78-c7d3a13330a0@group-398CE440578B-LeaderElection18] INFO  server.RaftServerConfigKeys (ConfUtils.java:logGet(44)) - raft.server.staging.catchup.gap = 1000 (default)
2021-11-29 08:36:39,604 [a39b17a5-0a4e-46f3-8d78-c7d3a13330a0@group-398CE440578B-LeaderElection18] INFO  server.RaftServerConfigKeys (ConfUtils.java:logGet(44)) - raft.server.write.element-limit = 1024 (custom)
2021-11-29 08:36:39,604 [a39b17a5-0a4e-46f3-8d78-c7d3a13330a0@group-398CE440578B-LeaderElection18] INFO  server.RaftServerConfigKeys (ConfUtils.java:logGet(44)) - raft.server.write.byte-limit = 1024 M (=1073741824) (custom)
2021-11-29 08:36:39,604 [EventQueue-OpenPipelineForHealthyPipelineSafeModeRule] INFO  safemode.SCMSafeModeManager (HealthyPipelineSafeModeRule.java:process(124)) - SCM in safe mode. Healthy pipelines reported count is 0, required healthy pipeline reported count is 1
2021-11-29 08:36:39,605 [a39b17a5-0a4e-46f3-8d78-c7d3a13330a0@group-398CE440578B-LeaderElection18] INFO  server.RaftServerConfigKeys (ConfUtils.java:logGet(44)) - raft.server.watch.timeout = 180s (custom)
2021-11-29 08:36:39,605 [a39b17a5-0a4e-46f3-8d78-c7d3a13330a0@group-398CE440578B-LeaderElection18] INFO  server.RaftServerConfigKeys (ConfUtils.java:logGet(44)) - raft.server.watch.timeout.denomination = 1s (default)
2021-11-29 08:36:39,605 [a39b17a5-0a4e-46f3-8d78-c7d3a13330a0@group-398CE440578B-LeaderElection18] INFO  server.RaftServerConfigKeys (ConfUtils.java:logGet(44)) - raft.server.watch.element-limit = 65536 (default)
2021-11-29 08:36:39,605 [a39b17a5-0a4e-46f3-8d78-c7d3a13330a0@group-398CE440578B-LeaderElection18] INFO  server.RaftServerConfigKeys (ConfUtils.java:logGet(44)) - raft.server.write.element-limit = 1024 (custom)
2021-11-29 08:36:39,605 [a39b17a5-0a4e-46f3-8d78-c7d3a13330a0@group-398CE440578B-LeaderElection18] INFO  server.RaftServerConfigKeys (ConfUtils.java:logGet(44)) - raft.server.write.follower.gap.ratio.max = -1.0 (default)
2021-11-29 08:36:39,606 [a39b17a5-0a4e-46f3-8d78-c7d3a13330a0@group-398CE440578B-LeaderElection18] INFO  impl.RoleInfo (RoleInfo.java:updateAndGet(130)) - a39b17a5-0a4e-46f3-8d78-c7d3a13330a0: start a39b17a5-0a4e-46f3-8d78-c7d3a13330a0@group-398CE440578B-LeaderStateImpl
2021-11-29 08:36:39,606 [a39b17a5-0a4e-46f3-8d78-c7d3a13330a0@group-398CE440578B-LeaderElection18] INFO  segmented.SegmentedRaftLogWorker (SegmentedRaftLogWorker.java:startLogSegment(394)) - a39b17a5-0a4e-46f3-8d78-c7d3a13330a0@group-398CE440578B-SegmentedRaftLogWorker: Starting segment from index:0
2021-11-29 08:36:39,607 [a39b17a5-0a4e-46f3-8d78-c7d3a13330a0@group-398CE440578B-SegmentedRaftLogWorker] INFO  segmented.SegmentedRaftLogWorker (SegmentedRaftLogWorker.java:execute(601)) - a39b17a5-0a4e-46f3-8d78-c7d3a13330a0@group-398CE440578B-SegmentedRaftLogWorker: created new log segment /home/runner/work/ozone/ozone/hadoop-ozone/integration-test/target/test-dir/MiniOzoneClusterImpl-c80c5e57-a00d-42e9-a5d1-a1f89d8b0246/datanode-3/data/ratis/3bbadd31-e1fd-441f-8df1-398ce440578b/current/log_inprogress_0
2021-11-29 08:36:39,609 [a39b17a5-0a4e-46f3-8d78-c7d3a13330a0@group-398CE440578B-LeaderElection18] INFO  server.RaftServer$Division (ServerState.java:setRaftConf(387)) - a39b17a5-0a4e-46f3-8d78-c7d3a13330a0@group-398CE440578B: set configuration 0: [a39b17a5-0a4e-46f3-8d78-c7d3a13330a0|rpc:10.1.0.67:46853|dataStream:|priority:1], old=null
2021-11-29 08:36:39,645 [EventQueue-OpenPipelineForHealthyPipelineSafeModeRule] INFO  safemode.SCMSafeModeManager (HealthyPipelineSafeModeRule.java:process(124)) - SCM in safe mode. Healthy pipelines reported count is 0, required healthy pipeline reported count is 1
2021-11-29 08:36:39,699 [172a3cc1-7404-4a1c-a641-e7203df0c6a5@group-C4FF93137A45-FollowerState] INFO  impl.FollowerState (FollowerState.java:run(134)) - 172a3cc1-7404-4a1c-a641-e7203df0c6a5@group-C4FF93137A45-FollowerState: change to CANDIDATE, lastRpcElapsedTime:5086132132ns, electionTimeout:5085ms
2021-11-29 08:36:39,699 [172a3cc1-7404-4a1c-a641-e7203df0c6a5@group-C4FF93137A45-FollowerState] INFO  impl.RoleInfo (RoleInfo.java:shutdownFollowerState(108)) - 172a3cc1-7404-4a1c-a641-e7203df0c6a5: shutdown 172a3cc1-7404-4a1c-a641-e7203df0c6a5@group-C4FF93137A45-FollowerState
2021-11-29 08:36:39,700 [172a3cc1-7404-4a1c-a641-e7203df0c6a5@group-C4FF93137A45-FollowerState] INFO  server.RaftServer$Division (RaftServerImpl.java:setRole(290)) - 172a3cc1-7404-4a1c-a641-e7203df0c6a5@group-C4FF93137A45: changes role from  FOLLOWER to CANDIDATE at term 0 for changeToCandidate
2021-11-29 08:36:39,700 [172a3cc1-7404-4a1c-a641-e7203df0c6a5@group-C4FF93137A45-FollowerState] INFO  server.RaftServerConfigKeys (ConfUtils.java:logGet(44)) - raft.server.leaderelection.pre-vote = false (custom)
2021-11-29 08:36:39,700 [172a3cc1-7404-4a1c-a641-e7203df0c6a5@group-C4FF93137A45-FollowerState] INFO  impl.RoleInfo (RoleInfo.java:updateAndGet(130)) - 172a3cc1-7404-4a1c-a641-e7203df0c6a5: start 172a3cc1-7404-4a1c-a641-e7203df0c6a5@group-C4FF93137A45-LeaderElection19
2021-11-29 08:36:39,708 [0a8fcbf3-87bd-491e-9dcd-b94915d21232@group-C4FF93137A45-FollowerState] INFO  impl.FollowerState (FollowerState.java:run(134)) - 0a8fcbf3-87bd-491e-9dcd-b94915d21232@group-C4FF93137A45-FollowerState: change to CANDIDATE, lastRpcElapsedTime:5062019528ns, electionTimeout:5058ms
2021-11-29 08:36:39,708 [0a8fcbf3-87bd-491e-9dcd-b94915d21232@group-C4FF93137A45-FollowerState] INFO  impl.RoleInfo (RoleInfo.java:shutdownFollowerState(108)) - 0a8fcbf3-87bd-491e-9dcd-b94915d21232: shutdown 0a8fcbf3-87bd-491e-9dcd-b94915d21232@group-C4FF93137A45-FollowerState
2021-11-29 08:36:39,708 [0a8fcbf3-87bd-491e-9dcd-b94915d21232@group-C4FF93137A45-FollowerState] INFO  server.RaftServer$Division (RaftServerImpl.java:setRole(290)) - 0a8fcbf3-87bd-491e-9dcd-b94915d21232@group-C4FF93137A45: changes role from  FOLLOWER to CANDIDATE at term 0 for changeToCandidate
2021-11-29 08:36:39,709 [0a8fcbf3-87bd-491e-9dcd-b94915d21232@group-C4FF93137A45-FollowerState] INFO  server.RaftServerConfigKeys (ConfUtils.java:logGet(44)) - raft.server.leaderelection.pre-vote = false (custom)
2021-11-29 08:36:39,709 [0a8fcbf3-87bd-491e-9dcd-b94915d21232@group-C4FF93137A45-FollowerState] INFO  impl.RoleInfo (RoleInfo.java:updateAndGet(130)) - 0a8fcbf3-87bd-491e-9dcd-b94915d21232: start 0a8fcbf3-87bd-491e-9dcd-b94915d21232@group-C4FF93137A45-LeaderElection20
2021-11-29 08:36:39,712 [172a3cc1-7404-4a1c-a641-e7203df0c6a5@group-C4FF93137A45-LeaderElection19] INFO  impl.LeaderElection (LeaderElection.java:askForVotes(306)) - 172a3cc1-7404-4a1c-a641-e7203df0c6a5@group-C4FF93137A45-LeaderElection19 ELECTION round 0: submit vote requests at term 1 for -1: [172a3cc1-7404-4a1c-a641-e7203df0c6a5|rpc:10.1.0.67:39097|dataStream:|priority:1, 0a8fcbf3-87bd-491e-9dcd-b94915d21232|rpc:10.1.0.67:36319|dataStream:|priority:0, a39b17a5-0a4e-46f3-8d78-c7d3a13330a0|rpc:10.1.0.67:46853|dataStream:|priority:0], old=null
2021-11-29 08:36:39,712 [EventQueue-OpenPipelineForHealthyPipelineSafeModeRule] INFO  safemode.SCMSafeModeManager (HealthyPipelineSafeModeRule.java:process(124)) - SCM in safe mode. Healthy pipelines reported count is 0, required healthy pipeline reported count is 1
2021-11-29 08:36:39,713 [0a8fcbf3-87bd-491e-9dcd-b94915d21232@group-C4FF93137A45-LeaderElection20] INFO  impl.LeaderElection (LeaderElection.java:askForVotes(306)) - 0a8fcbf3-87bd-491e-9dcd-b94915d21232@group-C4FF93137A45-LeaderElection20 ELECTION round 0: submit vote requests at term 1 for -1: [172a3cc1-7404-4a1c-a641-e7203df0c6a5|rpc:10.1.0.67:39097|dataStream:|priority:1, 0a8fcbf3-87bd-491e-9dcd-b94915d21232|rpc:10.1.0.67:36319|dataStream:|priority:0, a39b17a5-0a4e-46f3-8d78-c7d3a13330a0|rpc:10.1.0.67:46853|dataStream:|priority:0], old=null
2021-11-29 08:36:39,732 [grpc-default-executor-0] INFO  server.RaftServer$Division (RaftServerImpl.java:requestVote(1046)) - 0a8fcbf3-87bd-491e-9dcd-b94915d21232@group-C4FF93137A45: receive requestVote(ELECTION, 172a3cc1-7404-4a1c-a641-e7203df0c6a5, group-C4FF93137A45, 1, (t:0, i:0))
2021-11-29 08:36:39,732 [grpc-default-executor-3] INFO  server.RaftServer$Division (RaftServerImpl.java:requestVote(1046)) - 172a3cc1-7404-4a1c-a641-e7203df0c6a5@group-C4FF93137A45: receive requestVote(ELECTION, 0a8fcbf3-87bd-491e-9dcd-b94915d21232, group-C4FF93137A45, 1, (t:0, i:0))
2021-11-29 08:36:39,732 [grpc-default-executor-0] INFO  impl.VoteContext (VoteContext.java:log(48)) - 0a8fcbf3-87bd-491e-9dcd-b94915d21232@group-C4FF93137A45-CANDIDATE: reject ELECTION from 172a3cc1-7404-4a1c-a641-e7203df0c6a5: already has voted for 0a8fcbf3-87bd-491e-9dcd-b94915d21232 at current term 1
2021-11-29 08:36:39,732 [grpc-default-executor-0] INFO  server.RaftServer$Division (RaftServerImpl.java:requestVote(1078)) - 0a8fcbf3-87bd-491e-9dcd-b94915d21232@group-C4FF93137A45 replies to ELECTION vote request: 172a3cc1-7404-4a1c-a641-e7203df0c6a5<-0a8fcbf3-87bd-491e-9dcd-b94915d21232#0:FAIL-t1. Peer's state: 0a8fcbf3-87bd-491e-9dcd-b94915d21232@group-C4FF93137A45:t1, leader=null, voted=0a8fcbf3-87bd-491e-9dcd-b94915d21232, raftlog=0a8fcbf3-87bd-491e-9dcd-b94915d21232@group-C4FF93137A45-SegmentedRaftLog:OPENED:c-1, conf=-1: [172a3cc1-7404-4a1c-a641-e7203df0c6a5|rpc:10.1.0.67:39097|dataStream:|priority:1, 0a8fcbf3-87bd-491e-9dcd-b94915d21232|rpc:10.1.0.67:36319|dataStream:|priority:0, a39b17a5-0a4e-46f3-8d78-c7d3a13330a0|rpc:10.1.0.67:46853|dataStream:|priority:0], old=null
2021-11-29 08:36:39,734 [grpc-default-executor-3] INFO  impl.VoteContext (VoteContext.java:log(48)) - 172a3cc1-7404-4a1c-a641-e7203df0c6a5@group-C4FF93137A45-CANDIDATE: reject ELECTION from 0a8fcbf3-87bd-491e-9dcd-b94915d21232: already has voted for 172a3cc1-7404-4a1c-a641-e7203df0c6a5 at current term 1
2021-11-29 08:36:39,734 [grpc-default-executor-3] INFO  server.RaftServer$Division (RaftServerImpl.java:requestVote(1078)) - 172a3cc1-7404-4a1c-a641-e7203df0c6a5@group-C4FF93137A45 replies to ELECTION vote request: 0a8fcbf3-87bd-491e-9dcd-b94915d21232<-172a3cc1-7404-4a1c-a641-e7203df0c6a5#0:FAIL-t1. Peer's state: 172a3cc1-7404-4a1c-a641-e7203df0c6a5@group-C4FF93137A45:t1, leader=null, voted=172a3cc1-7404-4a1c-a641-e7203df0c6a5, raftlog=172a3cc1-7404-4a1c-a641-e7203df0c6a5@group-C4FF93137A45-SegmentedRaftLog:OPENED:c-1, conf=-1: [172a3cc1-7404-4a1c-a641-e7203df0c6a5|rpc:10.1.0.67:39097|dataStream:|priority:1, 0a8fcbf3-87bd-491e-9dcd-b94915d21232|rpc:10.1.0.67:36319|dataStream:|priority:0, a39b17a5-0a4e-46f3-8d78-c7d3a13330a0|rpc:10.1.0.67:46853|dataStream:|priority:0], old=null
2021-11-29 08:36:39,738 [a39b17a5-0a4e-46f3-8d78-c7d3a13330a0@group-C4FF93137A45-FollowerState] INFO  impl.FollowerState (FollowerState.java:run(134)) - a39b17a5-0a4e-46f3-8d78-c7d3a13330a0@group-C4FF93137A45-FollowerState: change to CANDIDATE, lastRpcElapsedTime:5167181717ns, electionTimeout:5161ms
2021-11-29 08:36:39,738 [a39b17a5-0a4e-46f3-8d78-c7d3a13330a0@group-C4FF93137A45-FollowerState] INFO  impl.RoleInfo (RoleInfo.java:shutdownFollowerState(108)) - a39b17a5-0a4e-46f3-8d78-c7d3a13330a0: shutdown a39b17a5-0a4e-46f3-8d78-c7d3a13330a0@group-C4FF93137A45-FollowerState
2021-11-29 08:36:39,738 [a39b17a5-0a4e-46f3-8d78-c7d3a13330a0@group-C4FF93137A45-FollowerState] INFO  server.RaftServer$Division (RaftServerImpl.java:setRole(290)) - a39b17a5-0a4e-46f3-8d78-c7d3a13330a0@group-C4FF93137A45: changes role from  FOLLOWER to CANDIDATE at term 0 for changeToCandidate
2021-11-29 08:36:39,738 [a39b17a5-0a4e-46f3-8d78-c7d3a13330a0@group-C4FF93137A45-FollowerState] INFO  server.RaftServerConfigKeys (ConfUtils.java:logGet(44)) - raft.server.leaderelection.pre-vote = false (custom)
2021-11-29 08:36:39,738 [a39b17a5-0a4e-46f3-8d78-c7d3a13330a0@group-C4FF93137A45-FollowerState] INFO  impl.RoleInfo (RoleInfo.java:updateAndGet(130)) - a39b17a5-0a4e-46f3-8d78-c7d3a13330a0: start a39b17a5-0a4e-46f3-8d78-c7d3a13330a0@group-C4FF93137A45-LeaderElection21
2021-11-29 08:36:39,744 [0a8fcbf3-87bd-491e-9dcd-b94915d21232@group-C4FF93137A45-LeaderElection20] INFO  impl.LeaderElection (LeaderElection.java:logAndReturn(89)) - 0a8fcbf3-87bd-491e-9dcd-b94915d21232@group-C4FF93137A45-LeaderElection20: ELECTION REJECTED received 1 response(s) and 0 exception(s):
2021-11-29 08:36:39,745 [0a8fcbf3-87bd-491e-9dcd-b94915d21232@group-C4FF93137A45-LeaderElection20] INFO  impl.LeaderElection (LeaderElection.java:logAndReturn(93)) -   Response 0: 0a8fcbf3-87bd-491e-9dcd-b94915d21232<-172a3cc1-7404-4a1c-a641-e7203df0c6a5#0:FAIL-t1
2021-11-29 08:36:39,745 [0a8fcbf3-87bd-491e-9dcd-b94915d21232@group-C4FF93137A45-LeaderElection20] INFO  impl.LeaderElection (LeaderElection.java:askForVotes(308)) - 0a8fcbf3-87bd-491e-9dcd-b94915d21232@group-C4FF93137A45-LeaderElection20 ELECTION round 0: result REJECTED
2021-11-29 08:36:39,745 [0a8fcbf3-87bd-491e-9dcd-b94915d21232@group-C4FF93137A45-LeaderElection20] INFO  server.RaftServer$Division (RaftServerImpl.java:setRole(290)) - 0a8fcbf3-87bd-491e-9dcd-b94915d21232@group-C4FF93137A45: changes role from CANDIDATE to FOLLOWER at term 1 for REJECTED
2021-11-29 08:36:39,745 [0a8fcbf3-87bd-491e-9dcd-b94915d21232@group-C4FF93137A45-LeaderElection20] INFO  impl.RoleInfo (RoleInfo.java:shutdownLeaderElection(121)) - 0a8fcbf3-87bd-491e-9dcd-b94915d21232: shutdown 0a8fcbf3-87bd-491e-9dcd-b94915d21232@group-C4FF93137A45-LeaderElection20
2021-11-29 08:36:39,745 [0a8fcbf3-87bd-491e-9dcd-b94915d21232@group-C4FF93137A45-LeaderElection20] INFO  impl.RoleInfo (RoleInfo.java:updateAndGet(130)) - 0a8fcbf3-87bd-491e-9dcd-b94915d21232: start 0a8fcbf3-87bd-491e-9dcd-b94915d21232@group-C4FF93137A45-FollowerState
2021-11-29 08:36:39,755 [grpc-default-executor-3] INFO  server.RaftServer$Division (RaftServerImpl.java:requestVote(1046)) - a39b17a5-0a4e-46f3-8d78-c7d3a13330a0@group-C4FF93137A45: receive requestVote(ELECTION, 0a8fcbf3-87bd-491e-9dcd-b94915d21232, group-C4FF93137A45, 1, (t:0, i:0))
2021-11-29 08:36:39,755 [grpc-default-executor-3] INFO  impl.VoteContext (VoteContext.java:log(48)) - a39b17a5-0a4e-46f3-8d78-c7d3a13330a0@group-C4FF93137A45-CANDIDATE: accept ELECTION from 0a8fcbf3-87bd-491e-9dcd-b94915d21232: our priority 0 <= candidate's priority 0
2021-11-29 08:36:39,755 [grpc-default-executor-3] INFO  server.RaftServer$Division (RaftServerImpl.java:setRole(290)) - a39b17a5-0a4e-46f3-8d78-c7d3a13330a0@group-C4FF93137A45: changes role from CANDIDATE to FOLLOWER at term 1 for candidate:0a8fcbf3-87bd-491e-9dcd-b94915d21232
2021-11-29 08:36:39,755 [grpc-default-executor-3] INFO  impl.RoleInfo (RoleInfo.java:shutdownLeaderElection(121)) - a39b17a5-0a4e-46f3-8d78-c7d3a13330a0: shutdown a39b17a5-0a4e-46f3-8d78-c7d3a13330a0@group-C4FF93137A45-LeaderElection21
2021-11-29 08:36:39,755 [grpc-default-executor-3] INFO  impl.RoleInfo (RoleInfo.java:updateAndGet(130)) - a39b17a5-0a4e-46f3-8d78-c7d3a13330a0: start a39b17a5-0a4e-46f3-8d78-c7d3a13330a0@group-C4FF93137A45-FollowerState
2021-11-29 08:36:39,756 [grpc-default-executor-0] INFO  server.RaftServer$Division (RaftServerImpl.java:requestVote(1046)) - a39b17a5-0a4e-46f3-8d78-c7d3a13330a0@group-C4FF93137A45: receive requestVote(ELECTION, 172a3cc1-7404-4a1c-a641-e7203df0c6a5, group-C4FF93137A45, 1, (t:0, i:0))
2021-11-29 08:36:39,758 [grpc-default-executor-3] INFO  server.RaftServer$Division (RaftServerImpl.java:requestVote(1078)) - a39b17a5-0a4e-46f3-8d78-c7d3a13330a0@group-C4FF93137A45 replies to ELECTION vote request: 0a8fcbf3-87bd-491e-9dcd-b94915d21232<-a39b17a5-0a4e-46f3-8d78-c7d3a13330a0#0:OK-t1. Peer's state: a39b17a5-0a4e-46f3-8d78-c7d3a13330a0@group-C4FF93137A45:t1, leader=null, voted=0a8fcbf3-87bd-491e-9dcd-b94915d21232, raftlog=a39b17a5-0a4e-46f3-8d78-c7d3a13330a0@group-C4FF93137A45-SegmentedRaftLog:OPENED:c-1, conf=-1: [172a3cc1-7404-4a1c-a641-e7203df0c6a5|rpc:10.1.0.67:39097|priority:1, 0a8fcbf3-87bd-491e-9dcd-b94915d21232|rpc:10.1.0.67:36319|priority:0, a39b17a5-0a4e-46f3-8d78-c7d3a13330a0|rpc:10.1.0.67:46853|priority:0], old=null
2021-11-29 08:36:39,759 [grpc-default-executor-0] INFO  impl.VoteContext (VoteContext.java:log(48)) - a39b17a5-0a4e-46f3-8d78-c7d3a13330a0@group-C4FF93137A45-FOLLOWER: reject ELECTION from 172a3cc1-7404-4a1c-a641-e7203df0c6a5: already has voted for 0a8fcbf3-87bd-491e-9dcd-b94915d21232 at current term 1
2021-11-29 08:36:39,759 [grpc-default-executor-0] INFO  server.RaftServer$Division (RaftServerImpl.java:requestVote(1078)) - a39b17a5-0a4e-46f3-8d78-c7d3a13330a0@group-C4FF93137A45 replies to ELECTION vote request: 172a3cc1-7404-4a1c-a641-e7203df0c6a5<-a39b17a5-0a4e-46f3-8d78-c7d3a13330a0#0:FAIL-t1. Peer's state: a39b17a5-0a4e-46f3-8d78-c7d3a13330a0@group-C4FF93137A45:t1, leader=null, voted=0a8fcbf3-87bd-491e-9dcd-b94915d21232, raftlog=a39b17a5-0a4e-46f3-8d78-c7d3a13330a0@group-C4FF93137A45-SegmentedRaftLog:OPENED:c-1, conf=-1: [172a3cc1-7404-4a1c-a641-e7203df0c6a5|rpc:10.1.0.67:39097|priority:1, 0a8fcbf3-87bd-491e-9dcd-b94915d21232|rpc:10.1.0.67:36319|priority:0, a39b17a5-0a4e-46f3-8d78-c7d3a13330a0|rpc:10.1.0.67:46853|priority:0], old=null
2021-11-29 08:36:39,760 [172a3cc1-7404-4a1c-a641-e7203df0c6a5@group-C4FF93137A45-LeaderElection19] INFO  impl.LeaderElection (LeaderElection.java:logAndReturn(89)) - 172a3cc1-7404-4a1c-a641-e7203df0c6a5@group-C4FF93137A45-LeaderElection19: ELECTION REJECTED received 2 response(s) and 0 exception(s):
2021-11-29 08:36:39,760 [172a3cc1-7404-4a1c-a641-e7203df0c6a5@group-C4FF93137A45-LeaderElection19] INFO  impl.LeaderElection (LeaderElection.java:logAndReturn(93)) -   Response 0: 172a3cc1-7404-4a1c-a641-e7203df0c6a5<-0a8fcbf3-87bd-491e-9dcd-b94915d21232#0:FAIL-t1
2021-11-29 08:36:39,760 [172a3cc1-7404-4a1c-a641-e7203df0c6a5@group-C4FF93137A45-LeaderElection19] INFO  impl.LeaderElection (LeaderElection.java:logAndReturn(93)) -   Response 1: 172a3cc1-7404-4a1c-a641-e7203df0c6a5<-a39b17a5-0a4e-46f3-8d78-c7d3a13330a0#0:FAIL-t1
2021-11-29 08:36:39,760 [172a3cc1-7404-4a1c-a641-e7203df0c6a5@group-C4FF93137A45-LeaderElection19] INFO  impl.LeaderElection (LeaderElection.java:askForVotes(308)) - 172a3cc1-7404-4a1c-a641-e7203df0c6a5@group-C4FF93137A45-LeaderElection19 ELECTION round 0: result REJECTED
2021-11-29 08:36:39,760 [172a3cc1-7404-4a1c-a641-e7203df0c6a5@group-C4FF93137A45-LeaderElection19] INFO  server.RaftServer$Division (RaftServerImpl.java:setRole(290)) - 172a3cc1-7404-4a1c-a641-e7203df0c6a5@group-C4FF93137A45: changes role from CANDIDATE to FOLLOWER at term 1 for REJECTED
2021-11-29 08:36:39,760 [172a3cc1-7404-4a1c-a641-e7203df0c6a5@group-C4FF93137A45-LeaderElection19] INFO  impl.RoleInfo (RoleInfo.java:shutdownLeaderElection(121)) - 172a3cc1-7404-4a1c-a641-e7203df0c6a5: shutdown 172a3cc1-7404-4a1c-a641-e7203df0c6a5@group-C4FF93137A45-LeaderElection19
2021-11-29 08:36:39,760 [172a3cc1-7404-4a1c-a641-e7203df0c6a5@group-C4FF93137A45-LeaderElection19] INFO  impl.RoleInfo (RoleInfo.java:updateAndGet(130)) - 172a3cc1-7404-4a1c-a641-e7203df0c6a5: start 172a3cc1-7404-4a1c-a641-e7203df0c6a5@group-C4FF93137A45-FollowerState
2021-11-29 08:36:39,844 [ReplicationMonitor] INFO  container.ReplicationManager (ReplicationManager.java:processAll(371)) - Replication Monitor Thread took 1 milliseconds for processing 3 containers.
2021-11-29 08:36:39,866 [EventQueue-OpenPipelineForHealthyPipelineSafeModeRule] INFO  safemode.SCMSafeModeManager (HealthyPipelineSafeModeRule.java:process(124)) - SCM in safe mode. Healthy pipelines reported count is 0, required healthy pipeline reported count is 1
2021-11-29 08:36:39,882 [0a8fcbf3-87bd-491e-9dcd-b94915d21232@group-97A942BD767B-FollowerState] INFO  impl.FollowerState (FollowerState.java:run(134)) - 0a8fcbf3-87bd-491e-9dcd-b94915d21232@group-97A942BD767B-FollowerState: change to CANDIDATE, lastRpcElapsedTime:5165061599ns, electionTimeout:5164ms
2021-11-29 08:36:39,882 [0a8fcbf3-87bd-491e-9dcd-b94915d21232@group-97A942BD767B-FollowerState] INFO  impl.RoleInfo (RoleInfo.java:shutdownFollowerState(108)) - 0a8fcbf3-87bd-491e-9dcd-b94915d21232: shutdown 0a8fcbf3-87bd-491e-9dcd-b94915d21232@group-97A942BD767B-FollowerState
2021-11-29 08:36:39,882 [0a8fcbf3-87bd-491e-9dcd-b94915d21232@group-97A942BD767B-FollowerState] INFO  server.RaftServer$Division (RaftServerImpl.java:setRole(290)) - 0a8fcbf3-87bd-491e-9dcd-b94915d21232@group-97A942BD767B: changes role from  FOLLOWER to CANDIDATE at term 0 for changeToCandidate
2021-11-29 08:36:39,882 [0a8fcbf3-87bd-491e-9dcd-b94915d21232@group-97A942BD767B-FollowerState] INFO  server.RaftServerConfigKeys (ConfUtils.java:logGet(44)) - raft.server.leaderelection.pre-vote = false (custom)
2021-11-29 08:36:39,882 [0a8fcbf3-87bd-491e-9dcd-b94915d21232@group-97A942BD767B-FollowerState] INFO  impl.RoleInfo (RoleInfo.java:updateAndGet(130)) - 0a8fcbf3-87bd-491e-9dcd-b94915d21232: start 0a8fcbf3-87bd-491e-9dcd-b94915d21232@group-97A942BD767B-LeaderElection22
2021-11-29 08:36:39,887 [0a8fcbf3-87bd-491e-9dcd-b94915d21232@group-97A942BD767B-LeaderElection22] INFO  impl.LeaderElection (LeaderElection.java:askForVotes(306)) - 0a8fcbf3-87bd-491e-9dcd-b94915d21232@group-97A942BD767B-LeaderElection22 ELECTION round 0: submit vote requests at term 1 for -1: [0a8fcbf3-87bd-491e-9dcd-b94915d21232|rpc:10.1.0.67:36319|priority:1], old=null
2021-11-29 08:36:39,887 [0a8fcbf3-87bd-491e-9dcd-b94915d21232@group-97A942BD767B-LeaderElection22] INFO  impl.LeaderElection (LeaderElection.java:askForVotes(308)) - 0a8fcbf3-87bd-491e-9dcd-b94915d21232@group-97A942BD767B-LeaderElection22 ELECTION round 0: result PASSED (term=1)
2021-11-29 08:36:39,887 [0a8fcbf3-87bd-491e-9dcd-b94915d21232@group-97A942BD767B-LeaderElection22] INFO  impl.RoleInfo (RoleInfo.java:shutdownLeaderElection(121)) - 0a8fcbf3-87bd-491e-9dcd-b94915d21232: shutdown 0a8fcbf3-87bd-491e-9dcd-b94915d21232@group-97A942BD767B-LeaderElection22
2021-11-29 08:36:39,888 [0a8fcbf3-87bd-491e-9dcd-b94915d21232@group-97A942BD767B-LeaderElection22] INFO  server.RaftServer$Division (RaftServerImpl.java:setRole(290)) - 0a8fcbf3-87bd-491e-9dcd-b94915d21232@group-97A942BD767B: changes role from CANDIDATE to LEADER at term 1 for changeToLeader
2021-11-29 08:36:39,888 [0a8fcbf3-87bd-491e-9dcd-b94915d21232@group-97A942BD767B-LeaderElection22] INFO  ratis.XceiverServerRatis (XceiverServerRatis.java:handleLeaderChangedNotification(866)) - Leader change notification received for group: group-97A942BD767B with new leaderId: 0a8fcbf3-87bd-491e-9dcd-b94915d21232
2021-11-29 08:36:39,888 [0a8fcbf3-87bd-491e-9dcd-b94915d21232@group-97A942BD767B-LeaderElection22] INFO  server.RaftServer$Division (ServerState.java:setLeader(285)) - 0a8fcbf3-87bd-491e-9dcd-b94915d21232@group-97A942BD767B: change Leader from null to 0a8fcbf3-87bd-491e-9dcd-b94915d21232 at term 1 for becomeLeader, leader elected after 5177ms
2021-11-29 08:36:39,888 [0a8fcbf3-87bd-491e-9dcd-b94915d21232@group-97A942BD767B-LeaderElection22] INFO  server.RaftServerConfigKeys (ConfUtils.java:logGet(44)) - raft.server.staging.catchup.gap = 1000 (default)
2021-11-29 08:36:39,889 [0a8fcbf3-87bd-491e-9dcd-b94915d21232@group-97A942BD767B-LeaderElection22] INFO  server.RaftServerConfigKeys (ConfUtils.java:logGet(44)) - raft.server.write.element-limit = 1024 (custom)
2021-11-29 08:36:39,889 [EventQueue-OpenPipelineForHealthyPipelineSafeModeRule] INFO  safemode.SCMSafeModeManager (HealthyPipelineSafeModeRule.java:process(124)) - SCM in safe mode. Healthy pipelines reported count is 0, required healthy pipeline reported count is 1
2021-11-29 08:36:39,891 [0a8fcbf3-87bd-491e-9dcd-b94915d21232@group-97A942BD767B-LeaderElection22] INFO  server.RaftServerConfigKeys (ConfUtils.java:logGet(44)) - raft.server.write.byte-limit = 1024 M (=1073741824) (custom)
2021-11-29 08:36:39,892 [0a8fcbf3-87bd-491e-9dcd-b94915d21232@group-97A942BD767B-LeaderElection22] INFO  server.RaftServerConfigKeys (ConfUtils.java:logGet(44)) - raft.server.watch.timeout = 180s (custom)
2021-11-29 08:36:39,892 [0a8fcbf3-87bd-491e-9dcd-b94915d21232@group-97A942BD767B-LeaderElection22] INFO  server.RaftServerConfigKeys (ConfUtils.java:logGet(44)) - raft.server.watch.timeout.denomination = 1s (default)
2021-11-29 08:36:39,892 [0a8fcbf3-87bd-491e-9dcd-b94915d21232@group-97A942BD767B-LeaderElection22] INFO  server.RaftServerConfigKeys (ConfUtils.java:logGet(44)) - raft.server.watch.element-limit = 65536 (default)
2021-11-29 08:36:39,892 [0a8fcbf3-87bd-491e-9dcd-b94915d21232@group-97A942BD767B-LeaderElection22] INFO  server.RaftServerConfigKeys (ConfUtils.java:logGet(44)) - raft.server.write.element-limit = 1024 (custom)
2021-11-29 08:36:39,892 [0a8fcbf3-87bd-491e-9dcd-b94915d21232@group-97A942BD767B-LeaderElection22] INFO  server.RaftServerConfigKeys (ConfUtils.java:logGet(44)) - raft.server.write.follower.gap.ratio.max = -1.0 (default)
2021-11-29 08:36:39,892 [0a8fcbf3-87bd-491e-9dcd-b94915d21232@group-97A942BD767B-LeaderElection22] INFO  impl.RoleInfo (RoleInfo.java:updateAndGet(130)) - 0a8fcbf3-87bd-491e-9dcd-b94915d21232: start 0a8fcbf3-87bd-491e-9dcd-b94915d21232@group-97A942BD767B-LeaderStateImpl
2021-11-29 08:36:39,892 [0a8fcbf3-87bd-491e-9dcd-b94915d21232@group-97A942BD767B-LeaderElection22] INFO  segmented.SegmentedRaftLogWorker (SegmentedRaftLogWorker.java:startLogSegment(394)) - 0a8fcbf3-87bd-491e-9dcd-b94915d21232@group-97A942BD767B-SegmentedRaftLogWorker: Starting segment from index:0
2021-11-29 08:36:39,894 [0a8fcbf3-87bd-491e-9dcd-b94915d21232@group-97A942BD767B-SegmentedRaftLogWorker] INFO  segmented.SegmentedRaftLogWorker (SegmentedRaftLogWorker.java:execute(601)) - 0a8fcbf3-87bd-491e-9dcd-b94915d21232@group-97A942BD767B-SegmentedRaftLogWorker: created new log segment /home/runner/work/ozone/ozone/hadoop-ozone/integration-test/target/test-dir/MiniOzoneClusterImpl-c80c5e57-a00d-42e9-a5d1-a1f89d8b0246/datanode-4/data/ratis/df2b397f-cf80-4130-bbed-97a942bd767b/current/log_inprogress_0
2021-11-29 08:36:39,896 [0a8fcbf3-87bd-491e-9dcd-b94915d21232@group-97A942BD767B-LeaderElection22] INFO  server.RaftServer$Division (ServerState.java:setRaftConf(387)) - 0a8fcbf3-87bd-491e-9dcd-b94915d21232@group-97A942BD767B: set configuration 0: [0a8fcbf3-87bd-491e-9dcd-b94915d21232|rpc:10.1.0.67:36319|dataStream:|priority:1], old=null
2021-11-29 08:36:39,906 [Listener at 127.0.0.1/38371] INFO  ozone.MiniOzoneClusterImpl (MiniOzoneClusterImpl.java:lambda$waitForClusterToBeReady$0(235)) - Nodes are ready. Got 6 of 6 DN Heartbeats.
2021-11-29 08:36:39,906 [Listener at 127.0.0.1/38371] INFO  ozone.MiniOzoneClusterImpl (MiniOzoneClusterImpl.java:lambda$waitForClusterToBeReady$0(238)) - Waiting for cluster to exit safe mode
2021-11-29 08:36:39,906 [Listener at 127.0.0.1/38371] INFO  ozone.MiniOzoneClusterImpl (MiniOzoneClusterImpl.java:lambda$waitForClusterToBeReady$0(240)) - SCM became leader
2021-11-29 08:36:39,976 [172a3cc1-7404-4a1c-a641-e7203df0c6a5@group-41271E2CB8A9-FollowerState] INFO  impl.FollowerState (FollowerState.java:run(134)) - 172a3cc1-7404-4a1c-a641-e7203df0c6a5@group-41271E2CB8A9-FollowerState: change to CANDIDATE, lastRpcElapsedTime:5098227432ns, electionTimeout:5097ms
2021-11-29 08:36:39,976 [172a3cc1-7404-4a1c-a641-e7203df0c6a5@group-41271E2CB8A9-FollowerState] INFO  impl.RoleInfo (RoleInfo.java:shutdownFollowerState(108)) - 172a3cc1-7404-4a1c-a641-e7203df0c6a5: shutdown 172a3cc1-7404-4a1c-a641-e7203df0c6a5@group-41271E2CB8A9-FollowerState
2021-11-29 08:36:39,976 [172a3cc1-7404-4a1c-a641-e7203df0c6a5@group-41271E2CB8A9-FollowerState] INFO  server.RaftServer$Division (RaftServerImpl.java:setRole(290)) - 172a3cc1-7404-4a1c-a641-e7203df0c6a5@group-41271E2CB8A9: changes role from  FOLLOWER to CANDIDATE at term 0 for changeToCandidate
2021-11-29 08:36:39,976 [172a3cc1-7404-4a1c-a641-e7203df0c6a5@group-41271E2CB8A9-FollowerState] INFO  server.RaftServerConfigKeys (ConfUtils.java:logGet(44)) - raft.server.leaderelection.pre-vote = false (custom)
2021-11-29 08:36:39,977 [172a3cc1-7404-4a1c-a641-e7203df0c6a5@group-41271E2CB8A9-FollowerState] INFO  impl.RoleInfo (RoleInfo.java:updateAndGet(130)) - 172a3cc1-7404-4a1c-a641-e7203df0c6a5: start 172a3cc1-7404-4a1c-a641-e7203df0c6a5@group-41271E2CB8A9-LeaderElection23
2021-11-29 08:36:39,990 [172a3cc1-7404-4a1c-a641-e7203df0c6a5@group-41271E2CB8A9-LeaderElection23] INFO  impl.LeaderElection (LeaderElection.java:askForVotes(306)) - 172a3cc1-7404-4a1c-a641-e7203df0c6a5@group-41271E2CB8A9-LeaderElection23 ELECTION round 0: submit vote requests at term 1 for -1: [172a3cc1-7404-4a1c-a641-e7203df0c6a5|rpc:10.1.0.67:39097|priority:1], old=null
2021-11-29 08:36:39,990 [172a3cc1-7404-4a1c-a641-e7203df0c6a5@group-41271E2CB8A9-LeaderElection23] INFO  impl.LeaderElection (LeaderElection.java:askForVotes(308)) - 172a3cc1-7404-4a1c-a641-e7203df0c6a5@group-41271E2CB8A9-LeaderElection23 ELECTION round 0: result PASSED (term=1)
2021-11-29 08:36:39,990 [172a3cc1-7404-4a1c-a641-e7203df0c6a5@group-41271E2CB8A9-LeaderElection23] INFO  impl.RoleInfo (RoleInfo.java:shutdownLeaderElection(121)) - 172a3cc1-7404-4a1c-a641-e7203df0c6a5: shutdown 172a3cc1-7404-4a1c-a641-e7203df0c6a5@group-41271E2CB8A9-LeaderElection23
2021-11-29 08:36:39,990 [172a3cc1-7404-4a1c-a641-e7203df0c6a5@group-41271E2CB8A9-LeaderElection23] INFO  server.RaftServer$Division (RaftServerImpl.java:setRole(290)) - 172a3cc1-7404-4a1c-a641-e7203df0c6a5@group-41271E2CB8A9: changes role from CANDIDATE to LEADER at term 1 for changeToLeader
2021-11-29 08:36:39,990 [172a3cc1-7404-4a1c-a641-e7203df0c6a5@group-41271E2CB8A9-LeaderElection23] INFO  ratis.XceiverServerRatis (XceiverServerRatis.java:handleLeaderChangedNotification(866)) - Leader change notification received for group: group-41271E2CB8A9 with new leaderId: 172a3cc1-7404-4a1c-a641-e7203df0c6a5
2021-11-29 08:36:39,991 [172a3cc1-7404-4a1c-a641-e7203df0c6a5@group-41271E2CB8A9-LeaderElection23] INFO  server.RaftServer$Division (ServerState.java:setLeader(285)) - 172a3cc1-7404-4a1c-a641-e7203df0c6a5@group-41271E2CB8A9: change Leader from null to 172a3cc1-7404-4a1c-a641-e7203df0c6a5 at term 1 for becomeLeader, leader elected after 5123ms
2021-11-29 08:36:39,991 [172a3cc1-7404-4a1c-a641-e7203df0c6a5@group-41271E2CB8A9-LeaderElection23] INFO  server.RaftServerConfigKeys (ConfUtils.java:logGet(44)) - raft.server.staging.catchup.gap = 1000 (default)
2021-11-29 08:36:39,991 [172a3cc1-7404-4a1c-a641-e7203df0c6a5@group-41271E2CB8A9-LeaderElection23] INFO  server.RaftServerConfigKeys (ConfUtils.java:logGet(44)) - raft.server.write.element-limit = 1024 (custom)
2021-11-29 08:36:39,991 [172a3cc1-7404-4a1c-a641-e7203df0c6a5@group-41271E2CB8A9-LeaderElection23] INFO  server.RaftServerConfigKeys (ConfUtils.java:logGet(44)) - raft.server.write.byte-limit = 1024 M (=1073741824) (custom)
2021-11-29 08:36:39,992 [172a3cc1-7404-4a1c-a641-e7203df0c6a5@group-41271E2CB8A9-LeaderElection23] INFO  server.RaftServerConfigKeys (ConfUtils.java:logGet(44)) - raft.server.watch.timeout = 180s (custom)
2021-11-29 08:36:39,992 [172a3cc1-7404-4a1c-a641-e7203df0c6a5@group-41271E2CB8A9-LeaderElection23] INFO  server.RaftServerConfigKeys (ConfUtils.java:logGet(44)) - raft.server.watch.timeout.denomination = 1s (default)
2021-11-29 08:36:39,992 [172a3cc1-7404-4a1c-a641-e7203df0c6a5@group-41271E2CB8A9-LeaderElection23] INFO  server.RaftServerConfigKeys (ConfUtils.java:logGet(44)) - raft.server.watch.element-limit = 65536 (default)
2021-11-29 08:36:39,992 [172a3cc1-7404-4a1c-a641-e7203df0c6a5@group-41271E2CB8A9-LeaderElection23] INFO  server.RaftServerConfigKeys (ConfUtils.java:logGet(44)) - raft.server.write.element-limit = 1024 (custom)
2021-11-29 08:36:39,992 [172a3cc1-7404-4a1c-a641-e7203df0c6a5@group-41271E2CB8A9-LeaderElection23] INFO  server.RaftServerConfigKeys (ConfUtils.java:logGet(44)) - raft.server.write.follower.gap.ratio.max = -1.0 (default)
2021-11-29 08:36:39,992 [172a3cc1-7404-4a1c-a641-e7203df0c6a5@group-41271E2CB8A9-LeaderElection23] INFO  impl.RoleInfo (RoleInfo.java:updateAndGet(130)) - 172a3cc1-7404-4a1c-a641-e7203df0c6a5: start 172a3cc1-7404-4a1c-a641-e7203df0c6a5@group-41271E2CB8A9-LeaderStateImpl
2021-11-29 08:36:39,992 [EventQueue-OpenPipelineForHealthyPipelineSafeModeRule] INFO  safemode.SCMSafeModeManager (HealthyPipelineSafeModeRule.java:process(124)) - SCM in safe mode. Healthy pipelines reported count is 0, required healthy pipeline reported count is 1
2021-11-29 08:36:39,993 [172a3cc1-7404-4a1c-a641-e7203df0c6a5@group-41271E2CB8A9-LeaderElection23] INFO  segmented.SegmentedRaftLogWorker (SegmentedRaftLogWorker.java:startLogSegment(394)) - 172a3cc1-7404-4a1c-a641-e7203df0c6a5@group-41271E2CB8A9-SegmentedRaftLogWorker: Starting segment from index:0
2021-11-29 08:36:40,002 [172a3cc1-7404-4a1c-a641-e7203df0c6a5@group-41271E2CB8A9-LeaderElection23] INFO  server.RaftServer$Division (ServerState.java:setRaftConf(387)) - 172a3cc1-7404-4a1c-a641-e7203df0c6a5@group-41271E2CB8A9: set configuration 0: [172a3cc1-7404-4a1c-a641-e7203df0c6a5|rpc:10.1.0.67:39097|dataStream:|priority:1], old=null
2021-11-29 08:36:40,002 [172a3cc1-7404-4a1c-a641-e7203df0c6a5@group-41271E2CB8A9-SegmentedRaftLogWorker] INFO  segmented.SegmentedRaftLogWorker (SegmentedRaftLogWorker.java:execute(601)) - 172a3cc1-7404-4a1c-a641-e7203df0c6a5@group-41271E2CB8A9-SegmentedRaftLogWorker: created new log segment /home/runner/work/ozone/ozone/hadoop-ozone/integration-test/target/test-dir/MiniOzoneClusterImpl-c80c5e57-a00d-42e9-a5d1-a1f89d8b0246/datanode-5/data/ratis/7e483507-ce48-4de0-8c13-41271e2cb8a9/current/log_inprogress_0
2021-11-29 08:36:40,177 [EventQueue-OpenPipelineForHealthyPipelineSafeModeRule] INFO  safemode.SCMSafeModeManager (HealthyPipelineSafeModeRule.java:process(124)) - SCM in safe mode. Healthy pipelines reported count is 0, required healthy pipeline reported count is 1
2021-11-29 08:36:40,321 [ReplicationMonitor] INFO  container.ReplicationManager (ReplicationManager.java:processAll(371)) - Replication Monitor Thread took 0 milliseconds for processing 0 containers.
2021-11-29 08:36:40,564 [EventQueue-OpenPipelineForHealthyPipelineSafeModeRule] INFO  safemode.SCMSafeModeManager (HealthyPipelineSafeModeRule.java:process(124)) - SCM in safe mode. Healthy pipelines reported count is 0, required healthy pipeline reported count is 1
2021-11-29 08:36:40,605 [EventQueue-OpenPipelineForHealthyPipelineSafeModeRule] INFO  safemode.SCMSafeModeManager (HealthyPipelineSafeModeRule.java:process(124)) - SCM in safe mode. Healthy pipelines reported count is 0, required healthy pipeline reported count is 1
2021-11-29 08:36:40,646 [EventQueue-OpenPipelineForHealthyPipelineSafeModeRule] INFO  safemode.SCMSafeModeManager (HealthyPipelineSafeModeRule.java:process(124)) - SCM in safe mode. Healthy pipelines reported count is 0, required healthy pipeline reported count is 1
2021-11-29 08:36:40,844 [ReplicationMonitor] INFO  container.ReplicationManager (ReplicationManager.java:processAll(371)) - Replication Monitor Thread took 0 milliseconds for processing 3 containers.
2021-11-29 08:36:40,906 [Listener at 127.0.0.1/38371] INFO  ozone.MiniOzoneClusterImpl (MiniOzoneClusterImpl.java:lambda$waitForClusterToBeReady$0(235)) - Nodes are ready. Got 6 of 6 DN Heartbeats.
2021-11-29 08:36:40,906 [Listener at 127.0.0.1/38371] INFO  ozone.MiniOzoneClusterImpl (MiniOzoneClusterImpl.java:lambda$waitForClusterToBeReady$0(238)) - Waiting for cluster to exit safe mode
2021-11-29 08:36:40,906 [Listener at 127.0.0.1/38371] INFO  ozone.MiniOzoneClusterImpl (MiniOzoneClusterImpl.java:lambda$waitForClusterToBeReady$0(240)) - SCM became leader
2021-11-29 08:36:41,177 [EventQueue-OpenPipelineForHealthyPipelineSafeModeRule] INFO  safemode.SCMSafeModeManager (HealthyPipelineSafeModeRule.java:process(124)) - SCM in safe mode. Healthy pipelines reported count is 0, required healthy pipeline reported count is 1
2021-11-29 08:36:41,322 [ReplicationMonitor] INFO  container.ReplicationManager (ReplicationManager.java:processAll(371)) - Replication Monitor Thread took 1 milliseconds for processing 0 containers.
2021-11-29 08:36:41,415 [EventQueue-StaleNodeForStaleNodeHandler] INFO  node.StaleNodeHandler (StaleNodeHandler.java:onMessage(58)) - Datanode f37cff1b-38c0-4a70-af4a-cd1c41c703b6{ip: 10.1.0.67, host: fv-az294-535.eaanfquahm5ulb5tj050gcxych.jx.internal.cloudapp.net, ports: [REPLICATION=37085, RATIS=40907, RATIS_ADMIN=40907, RATIS_SERVER=40907, STANDALONE=46669], networkLocation: /default-rack, certSerialId: null, persistedOpState: DECOMMISSIONING, persistedOpStateExpiryEpochSec: 0} moved to stale state. Finalizing its pipelines []
2021-11-29 08:36:41,565 [EventQueue-OpenPipelineForHealthyPipelineSafeModeRule] INFO  safemode.SCMSafeModeManager (HealthyPipelineSafeModeRule.java:process(124)) - SCM in safe mode. Healthy pipelines reported count is 0, required healthy pipeline reported count is 1
2021-11-29 08:36:41,845 [ReplicationMonitor] INFO  container.ReplicationManager (ReplicationManager.java:processAll(371)) - Replication Monitor Thread took 0 milliseconds for processing 3 containers.
2021-11-29 08:36:41,889 [EventQueue-OpenPipelineForHealthyPipelineSafeModeRule] INFO  safemode.SCMSafeModeManager (HealthyPipelineSafeModeRule.java:process(124)) - SCM in safe mode. Healthy pipelines reported count is 0, required healthy pipeline reported count is 1
2021-11-29 08:36:41,906 [Listener at 127.0.0.1/38371] INFO  ozone.MiniOzoneClusterImpl (MiniOzoneClusterImpl.java:lambda$waitForClusterToBeReady$0(235)) - Nodes are ready. Got 6 of 6 DN Heartbeats.
2021-11-29 08:36:41,906 [Listener at 127.0.0.1/38371] INFO  ozone.MiniOzoneClusterImpl (MiniOzoneClusterImpl.java:lambda$waitForClusterToBeReady$0(238)) - Waiting for cluster to exit safe mode
2021-11-29 08:36:41,906 [Listener at 127.0.0.1/38371] INFO  ozone.MiniOzoneClusterImpl (MiniOzoneClusterImpl.java:lambda$waitForClusterToBeReady$0(240)) - SCM became leader
2021-11-29 08:36:41,993 [EventQueue-OpenPipelineForHealthyPipelineSafeModeRule] INFO  safemode.SCMSafeModeManager (HealthyPipelineSafeModeRule.java:process(124)) - SCM in safe mode. Healthy pipelines reported count is 0, required healthy pipeline reported count is 1
2021-11-29 08:36:42,322 [ReplicationMonitor] INFO  container.ReplicationManager (ReplicationManager.java:processAll(371)) - Replication Monitor Thread took 0 milliseconds for processing 0 containers.
2021-11-29 08:36:42,605 [EventQueue-OpenPipelineForHealthyPipelineSafeModeRule] INFO  safemode.SCMSafeModeManager (HealthyPipelineSafeModeRule.java:process(124)) - SCM in safe mode. Healthy pipelines reported count is 0, required healthy pipeline reported count is 1
2021-11-29 08:36:42,645 [EventQueue-OpenPipelineForHealthyPipelineSafeModeRule] INFO  safemode.SCMSafeModeManager (HealthyPipelineSafeModeRule.java:process(124)) - SCM in safe mode. Healthy pipelines reported count is 0, required healthy pipeline reported count is 1
2021-11-29 08:36:42,846 [ReplicationMonitor] INFO  container.ReplicationManager (ReplicationManager.java:processAll(371)) - Replication Monitor Thread took 1 milliseconds for processing 3 containers.
2021-11-29 08:36:42,907 [Listener at 127.0.0.1/38371] INFO  ozone.MiniOzoneClusterImpl (MiniOzoneClusterImpl.java:lambda$waitForClusterToBeReady$0(235)) - Nodes are ready. Got 6 of 6 DN Heartbeats.
2021-11-29 08:36:42,907 [Listener at 127.0.0.1/38371] INFO  ozone.MiniOzoneClusterImpl (MiniOzoneClusterImpl.java:lambda$waitForClusterToBeReady$0(238)) - Waiting for cluster to exit safe mode
2021-11-29 08:36:42,907 [Listener at 127.0.0.1/38371] INFO  ozone.MiniOzoneClusterImpl (MiniOzoneClusterImpl.java:lambda$waitForClusterToBeReady$0(240)) - SCM became leader
2021-11-29 08:36:42,993 [EventQueue-OpenPipelineForHealthyPipelineSafeModeRule] INFO  safemode.SCMSafeModeManager (HealthyPipelineSafeModeRule.java:process(124)) - SCM in safe mode. Healthy pipelines reported count is 0, required healthy pipeline reported count is 1
2021-11-29 08:36:43,176 [EventQueue-OpenPipelineForHealthyPipelineSafeModeRule] INFO  safemode.SCMSafeModeManager (HealthyPipelineSafeModeRule.java:process(124)) - SCM in safe mode. Healthy pipelines reported count is 0, required healthy pipeline reported count is 1
2021-11-29 08:36:43,322 [ReplicationMonitor] INFO  container.ReplicationManager (ReplicationManager.java:processAll(371)) - Replication Monitor Thread took 0 milliseconds for processing 0 containers.
2021-11-29 08:36:43,565 [EventQueue-OpenPipelineForHealthyPipelineSafeModeRule] INFO  safemode.SCMSafeModeManager (HealthyPipelineSafeModeRule.java:process(124)) - SCM in safe mode. Healthy pipelines reported count is 0, required healthy pipeline reported count is 1
2021-11-29 08:36:43,605 [EventQueue-OpenPipelineForHealthyPipelineSafeModeRule] INFO  safemode.SCMSafeModeManager (HealthyPipelineSafeModeRule.java:process(124)) - SCM in safe mode. Healthy pipelines reported count is 0, required healthy pipeline reported count is 1
2021-11-29 08:36:43,646 [EventQueue-OpenPipelineForHealthyPipelineSafeModeRule] INFO  safemode.SCMSafeModeManager (HealthyPipelineSafeModeRule.java:process(124)) - SCM in safe mode. Healthy pipelines reported count is 0, required healthy pipeline reported count is 1
2021-11-29 08:36:43,791 [3db34769-df59-458e-92ee-af935640fdc6@group-4A3FF73D4B47-FollowerState] INFO  impl.FollowerState (FollowerState.java:run(134)) - 3db34769-df59-458e-92ee-af935640fdc6@group-4A3FF73D4B47-FollowerState: change to CANDIDATE, lastRpcElapsedTime:5053153019ns, electionTimeout:5044ms
2021-11-29 08:36:43,791 [3db34769-df59-458e-92ee-af935640fdc6@group-4A3FF73D4B47-FollowerState] INFO  impl.RoleInfo (RoleInfo.java:shutdownFollowerState(108)) - 3db34769-df59-458e-92ee-af935640fdc6: shutdown 3db34769-df59-458e-92ee-af935640fdc6@group-4A3FF73D4B47-FollowerState
2021-11-29 08:36:43,791 [3db34769-df59-458e-92ee-af935640fdc6@group-4A3FF73D4B47-FollowerState] INFO  server.RaftServer$Division (RaftServerImpl.java:setRole(290)) - 3db34769-df59-458e-92ee-af935640fdc6@group-4A3FF73D4B47: changes role from  FOLLOWER to CANDIDATE at term 1 for changeToCandidate
2021-11-29 08:36:43,791 [3db34769-df59-458e-92ee-af935640fdc6@group-4A3FF73D4B47-FollowerState] INFO  server.RaftServerConfigKeys (ConfUtils.java:logGet(44)) - raft.server.leaderelection.pre-vote = false (custom)
2021-11-29 08:36:43,791 [3db34769-df59-458e-92ee-af935640fdc6@group-4A3FF73D4B47-FollowerState] INFO  impl.RoleInfo (RoleInfo.java:updateAndGet(130)) - 3db34769-df59-458e-92ee-af935640fdc6: start 3db34769-df59-458e-92ee-af935640fdc6@group-4A3FF73D4B47-LeaderElection24
2021-11-29 08:36:43,795 [3db34769-df59-458e-92ee-af935640fdc6@group-4A3FF73D4B47-LeaderElection24] INFO  impl.LeaderElection (LeaderElection.java:askForVotes(306)) - 3db34769-df59-458e-92ee-af935640fdc6@group-4A3FF73D4B47-LeaderElection24 ELECTION round 0: submit vote requests at term 2 for -1: [2d7c5962-3727-4be5-b7f4-804765c93ab8|rpc:10.1.0.67:39881|dataStream:|priority:0, 3db34769-df59-458e-92ee-af935640fdc6|rpc:10.1.0.67:41963|dataStream:|priority:0, 64a97b8f-42f6-4daa-ab57-e9e308fe09c3|rpc:10.1.0.67:37201|dataStream:|priority:1], old=null
2021-11-29 08:36:43,799 [grpc-default-executor-0] INFO  server.RaftServer$Division (RaftServerImpl.java:requestVote(1046)) - 64a97b8f-42f6-4daa-ab57-e9e308fe09c3@group-4A3FF73D4B47: receive requestVote(ELECTION, 3db34769-df59-458e-92ee-af935640fdc6, group-4A3FF73D4B47, 2, (t:0, i:0))
2021-11-29 08:36:43,799 [grpc-default-executor-0] INFO  impl.VoteContext (VoteContext.java:log(48)) - 64a97b8f-42f6-4daa-ab57-e9e308fe09c3@group-4A3FF73D4B47-FOLLOWER: reject ELECTION from 3db34769-df59-458e-92ee-af935640fdc6: our priority 1 > candidate's priority 0
2021-11-29 08:36:43,799 [grpc-default-executor-0] INFO  server.RaftServer$Division (RaftServerImpl.java:setRole(290)) - 64a97b8f-42f6-4daa-ab57-e9e308fe09c3@group-4A3FF73D4B47: changes role from  FOLLOWER to FOLLOWER at term 2 for candidate:3db34769-df59-458e-92ee-af935640fdc6
2021-11-29 08:36:43,799 [grpc-default-executor-0] INFO  impl.RoleInfo (RoleInfo.java:shutdownFollowerState(108)) - 64a97b8f-42f6-4daa-ab57-e9e308fe09c3: shutdown 64a97b8f-42f6-4daa-ab57-e9e308fe09c3@group-4A3FF73D4B47-FollowerState
2021-11-29 08:36:43,799 [grpc-default-executor-0] INFO  impl.RoleInfo (RoleInfo.java:updateAndGet(130)) - 64a97b8f-42f6-4daa-ab57-e9e308fe09c3: start 64a97b8f-42f6-4daa-ab57-e9e308fe09c3@group-4A3FF73D4B47-FollowerState
2021-11-29 08:36:43,799 [64a97b8f-42f6-4daa-ab57-e9e308fe09c3@group-4A3FF73D4B47-FollowerState] INFO  impl.FollowerState (FollowerState.java:run(143)) - 64a97b8f-42f6-4daa-ab57-e9e308fe09c3@group-4A3FF73D4B47-FollowerState was interrupted: {}
java.lang.InterruptedException: sleep interrupted
	at java.lang.Thread.sleep(Native Method)
	at java.lang.Thread.sleep(Thread.java:340)
	at java.util.concurrent.TimeUnit.sleep(TimeUnit.java:386)
	at org.apache.ratis.util.TimeDuration.sleep(TimeDuration.java:324)
	at org.apache.ratis.util.TimeDuration.sleep(TimeDuration.java:309)
	at org.apache.ratis.server.impl.FollowerState.run(FollowerState.java:118)
2021-11-29 08:36:43,806 [grpc-default-executor-0] INFO  server.RaftServer$Division (RaftServerImpl.java:requestVote(1078)) - 64a97b8f-42f6-4daa-ab57-e9e308fe09c3@group-4A3FF73D4B47 replies to ELECTION vote request: 3db34769-df59-458e-92ee-af935640fdc6<-64a97b8f-42f6-4daa-ab57-e9e308fe09c3#0:FAIL-t2. Peer's state: 64a97b8f-42f6-4daa-ab57-e9e308fe09c3@group-4A3FF73D4B47:t2, leader=null, voted=null, raftlog=64a97b8f-42f6-4daa-ab57-e9e308fe09c3@group-4A3FF73D4B47-SegmentedRaftLog:OPENED:c-1, conf=-1: [2d7c5962-3727-4be5-b7f4-804765c93ab8|rpc:10.1.0.67:39881|dataStream:|priority:0, 3db34769-df59-458e-92ee-af935640fdc6|rpc:10.1.0.67:41963|dataStream:|priority:0, 64a97b8f-42f6-4daa-ab57-e9e308fe09c3|rpc:10.1.0.67:37201|dataStream:|priority:1], old=null
2021-11-29 08:36:43,811 [3db34769-df59-458e-92ee-af935640fdc6@group-4A3FF73D4B47-LeaderElection24] INFO  impl.LeaderElection (LeaderElection.java:logAndReturn(89)) - 3db34769-df59-458e-92ee-af935640fdc6@group-4A3FF73D4B47-LeaderElection24: ELECTION REJECTED received 1 response(s) and 0 exception(s):
2021-11-29 08:36:43,811 [3db34769-df59-458e-92ee-af935640fdc6@group-4A3FF73D4B47-LeaderElection24] INFO  impl.LeaderElection (LeaderElection.java:logAndReturn(93)) -   Response 0: 3db34769-df59-458e-92ee-af935640fdc6<-64a97b8f-42f6-4daa-ab57-e9e308fe09c3#0:FAIL-t2
2021-11-29 08:36:43,811 [3db34769-df59-458e-92ee-af935640fdc6@group-4A3FF73D4B47-LeaderElection24] INFO  impl.LeaderElection (LeaderElection.java:askForVotes(308)) - 3db34769-df59-458e-92ee-af935640fdc6@group-4A3FF73D4B47-LeaderElection24 ELECTION round 0: result REJECTED
2021-11-29 08:36:43,811 [3db34769-df59-458e-92ee-af935640fdc6@group-4A3FF73D4B47-LeaderElection24] INFO  server.RaftServer$Division (RaftServerImpl.java:setRole(290)) - 3db34769-df59-458e-92ee-af935640fdc6@group-4A3FF73D4B47: changes role from CANDIDATE to FOLLOWER at term 2 for REJECTED
2021-11-29 08:36:43,811 [3db34769-df59-458e-92ee-af935640fdc6@group-4A3FF73D4B47-LeaderElection24] INFO  impl.RoleInfo (RoleInfo.java:shutdownLeaderElection(121)) - 3db34769-df59-458e-92ee-af935640fdc6: shutdown 3db34769-df59-458e-92ee-af935640fdc6@group-4A3FF73D4B47-LeaderElection24
2021-11-29 08:36:43,811 [3db34769-df59-458e-92ee-af935640fdc6@group-4A3FF73D4B47-LeaderElection24] INFO  impl.RoleInfo (RoleInfo.java:updateAndGet(130)) - 3db34769-df59-458e-92ee-af935640fdc6: start 3db34769-df59-458e-92ee-af935640fdc6@group-4A3FF73D4B47-FollowerState
2021-11-29 08:36:43,812 [grpc-default-executor-3] INFO  server.RaftServer$Division (RaftServerImpl.java:requestVote(1046)) - 2d7c5962-3727-4be5-b7f4-804765c93ab8@group-4A3FF73D4B47: receive requestVote(ELECTION, 3db34769-df59-458e-92ee-af935640fdc6, group-4A3FF73D4B47, 2, (t:0, i:0))
2021-11-29 08:36:43,813 [grpc-default-executor-3] INFO  impl.VoteContext (VoteContext.java:log(48)) - 2d7c5962-3727-4be5-b7f4-804765c93ab8@group-4A3FF73D4B47-FOLLOWER: accept ELECTION from 3db34769-df59-458e-92ee-af935640fdc6: our priority 0 <= candidate's priority 0
2021-11-29 08:36:43,813 [grpc-default-executor-3] INFO  server.RaftServer$Division (RaftServerImpl.java:setRole(290)) - 2d7c5962-3727-4be5-b7f4-804765c93ab8@group-4A3FF73D4B47: changes role from  FOLLOWER to FOLLOWER at term 2 for candidate:3db34769-df59-458e-92ee-af935640fdc6
2021-11-29 08:36:43,813 [grpc-default-executor-3] INFO  impl.RoleInfo (RoleInfo.java:shutdownFollowerState(108)) - 2d7c5962-3727-4be5-b7f4-804765c93ab8: shutdown 2d7c5962-3727-4be5-b7f4-804765c93ab8@group-4A3FF73D4B47-FollowerState
2021-11-29 08:36:43,813 [grpc-default-executor-3] INFO  impl.RoleInfo (RoleInfo.java:updateAndGet(130)) - 2d7c5962-3727-4be5-b7f4-804765c93ab8: start 2d7c5962-3727-4be5-b7f4-804765c93ab8@group-4A3FF73D4B47-FollowerState
2021-11-29 08:36:43,813 [2d7c5962-3727-4be5-b7f4-804765c93ab8@group-4A3FF73D4B47-FollowerState] INFO  impl.FollowerState (FollowerState.java:run(143)) - 2d7c5962-3727-4be5-b7f4-804765c93ab8@group-4A3FF73D4B47-FollowerState was interrupted: {}
java.lang.InterruptedException: sleep interrupted
	at java.lang.Thread.sleep(Native Method)
	at java.lang.Thread.sleep(Thread.java:340)
	at java.util.concurrent.TimeUnit.sleep(TimeUnit.java:386)
	at org.apache.ratis.util.TimeDuration.sleep(TimeDuration.java:324)
	at org.apache.ratis.util.TimeDuration.sleep(TimeDuration.java:309)
	at org.apache.ratis.server.impl.FollowerState.run(FollowerState.java:118)
2021-11-29 08:36:43,815 [grpc-default-executor-3] INFO  server.RaftServer$Division (RaftServerImpl.java:requestVote(1078)) - 2d7c5962-3727-4be5-b7f4-804765c93ab8@group-4A3FF73D4B47 replies to ELECTION vote request: 3db34769-df59-458e-92ee-af935640fdc6<-2d7c5962-3727-4be5-b7f4-804765c93ab8#0:OK-t2. Peer's state: 2d7c5962-3727-4be5-b7f4-804765c93ab8@group-4A3FF73D4B47:t2, leader=null, voted=3db34769-df59-458e-92ee-af935640fdc6, raftlog=2d7c5962-3727-4be5-b7f4-804765c93ab8@group-4A3FF73D4B47-SegmentedRaftLog:OPENED:c-1, conf=-1: [2d7c5962-3727-4be5-b7f4-804765c93ab8|rpc:10.1.0.67:39881|priority:0, 3db34769-df59-458e-92ee-af935640fdc6|rpc:10.1.0.67:41963|priority:0, 64a97b8f-42f6-4daa-ab57-e9e308fe09c3|rpc:10.1.0.67:37201|priority:1], old=null
2021-11-29 08:36:43,846 [ReplicationMonitor] INFO  container.ReplicationManager (ReplicationManager.java:processAll(371)) - Replication Monitor Thread took 0 milliseconds for processing 3 containers.
2021-11-29 08:36:43,890 [EventQueue-OpenPipelineForHealthyPipelineSafeModeRule] INFO  safemode.SCMSafeModeManager (HealthyPipelineSafeModeRule.java:process(124)) - SCM in safe mode. Healthy pipelines reported count is 0, required healthy pipeline reported count is 1
2021-11-29 08:36:43,907 [Listener at 127.0.0.1/38371] INFO  ozone.MiniOzoneClusterImpl (MiniOzoneClusterImpl.java:lambda$waitForClusterToBeReady$0(235)) - Nodes are ready. Got 6 of 6 DN Heartbeats.
2021-11-29 08:36:43,907 [Listener at 127.0.0.1/38371] INFO  ozone.MiniOzoneClusterImpl (MiniOzoneClusterImpl.java:lambda$waitForClusterToBeReady$0(238)) - Waiting for cluster to exit safe mode
2021-11-29 08:36:43,907 [Listener at 127.0.0.1/38371] INFO  ozone.MiniOzoneClusterImpl (MiniOzoneClusterImpl.java:lambda$waitForClusterToBeReady$0(240)) - SCM became leader
2021-11-29 08:36:43,976 [main] INFO  ozoneimpl.OzoneContainer (OzoneContainer.java:stop(325)) - Attempting to stop container services.
2021-11-29 08:36:43,980 [main] INFO  server.RaftServer (RaftServerProxy.java:lambda$close$6(391)) - f37cff1b-38c0-4a70-af4a-cd1c41c703b6: close
2021-11-29 08:36:43,981 [main] INFO  server.GrpcService (GrpcService.java:closeImpl(262)) - f37cff1b-38c0-4a70-af4a-cd1c41c703b6: shutdown server with port 40907 now
2021-11-29 08:36:43,992 [grpc-default-executor-3] WARN  client.GrpcClientProtocolService (LogUtils.java:warn(122)) - 1-UnorderedRequestStreamObserver1: onError: org.apache.ratis.thirdparty.io.grpc.StatusRuntimeException: CANCELLED: client cancelled
2021-11-29 08:36:43,997 [EventQueue-OpenPipelineForHealthyPipelineSafeModeRule] INFO  safemode.SCMSafeModeManager (HealthyPipelineSafeModeRule.java:process(124)) - SCM in safe mode. Healthy pipelines reported count is 0, required healthy pipeline reported count is 1
2021-11-29 08:36:44,000 [main] INFO  server.GrpcService (GrpcService.java:closeImpl(271)) - f37cff1b-38c0-4a70-af4a-cd1c41c703b6: shutdown server with port 40907 successfully
2021-11-29 08:36:44,001 [org.apache.ratis.util.JvmPauseMonitor$$Lambda$536/2115437300@1048dac3] INFO  util.JvmPauseMonitor (JvmPauseMonitor.java:run(109)) - JvmPauseMonitor-f37cff1b-38c0-4a70-af4a-cd1c41c703b6: Stopped
2021-11-29 08:36:44,005 [main] INFO  utils.BackgroundService (BackgroundService.java:shutdown(132)) - Shutting down service BlockDeletingService
2021-11-29 08:36:44,323 [ReplicationMonitor] INFO  container.ReplicationManager (ReplicationManager.java:processAll(371)) - Replication Monitor Thread took 0 milliseconds for processing 0 containers.
2021-11-29 08:36:44,421 [EventQueue-DeadNodeForDeadNodeHandler] INFO  node.DeadNodeHandler (DeadNodeHandler.java:onMessage(80)) - A dead datanode is detected. f37cff1b-38c0-4a70-af4a-cd1c41c703b6{ip: 10.1.0.67, host: fv-az294-535.eaanfquahm5ulb5tj050gcxych.jx.internal.cloudapp.net, ports: [REPLICATION=37085, RATIS=40907, RATIS_ADMIN=40907, RATIS_SERVER=40907, STANDALONE=46669], networkLocation: /default-rack, certSerialId: null, persistedOpState: DECOMMISSIONING, persistedOpStateExpiryEpochSec: 0}
2021-11-29 08:36:44,424 [EventQueue-DeadNodeForDeadNodeHandler] INFO  net.NetworkTopologyImpl (NetworkTopologyImpl.java:remove(137)) - Removed a node: /default-rack/f37cff1b-38c0-4a70-af4a-cd1c41c703b6
2021-11-29 08:36:44,565 [EventQueue-OpenPipelineForHealthyPipelineSafeModeRule] INFO  safemode.SCMSafeModeManager (HealthyPipelineSafeModeRule.java:process(124)) - SCM in safe mode. Healthy pipelines reported count is 0, required healthy pipeline reported count is 1
2021-11-29 08:36:44,793 [172a3cc1-7404-4a1c-a641-e7203df0c6a5@group-C4FF93137A45-FollowerState] INFO  impl.FollowerState (FollowerState.java:run(134)) - 172a3cc1-7404-4a1c-a641-e7203df0c6a5@group-C4FF93137A45-FollowerState: change to CANDIDATE, lastRpcElapsedTime:5032612038ns, electionTimeout:5032ms
2021-11-29 08:36:44,793 [172a3cc1-7404-4a1c-a641-e7203df0c6a5@group-C4FF93137A45-FollowerState] INFO  impl.RoleInfo (RoleInfo.java:shutdownFollowerState(108)) - 172a3cc1-7404-4a1c-a641-e7203df0c6a5: shutdown 172a3cc1-7404-4a1c-a641-e7203df0c6a5@group-C4FF93137A45-FollowerState
2021-11-29 08:36:44,793 [172a3cc1-7404-4a1c-a641-e7203df0c6a5@group-C4FF93137A45-FollowerState] INFO  server.RaftServer$Division (RaftServerImpl.java:setRole(290)) - 172a3cc1-7404-4a1c-a641-e7203df0c6a5@group-C4FF93137A45: changes role from  FOLLOWER to CANDIDATE at term 1 for changeToCandidate
2021-11-29 08:36:44,793 [172a3cc1-7404-4a1c-a641-e7203df0c6a5@group-C4FF93137A45-FollowerState] INFO  server.RaftServerConfigKeys (ConfUtils.java:logGet(44)) - raft.server.leaderelection.pre-vote = false (custom)
2021-11-29 08:36:44,793 [172a3cc1-7404-4a1c-a641-e7203df0c6a5@group-C4FF93137A45-FollowerState] INFO  impl.RoleInfo (RoleInfo.java:updateAndGet(130)) - 172a3cc1-7404-4a1c-a641-e7203df0c6a5: start 172a3cc1-7404-4a1c-a641-e7203df0c6a5@group-C4FF93137A45-LeaderElection25
2021-11-29 08:36:44,800 [172a3cc1-7404-4a1c-a641-e7203df0c6a5@group-C4FF93137A45-LeaderElection25] INFO  impl.LeaderElection (LeaderElection.java:askForVotes(306)) - 172a3cc1-7404-4a1c-a641-e7203df0c6a5@group-C4FF93137A45-LeaderElection25 ELECTION round 0: submit vote requests at term 2 for -1: [172a3cc1-7404-4a1c-a641-e7203df0c6a5|rpc:10.1.0.67:39097|dataStream:|priority:1, 0a8fcbf3-87bd-491e-9dcd-b94915d21232|rpc:10.1.0.67:36319|dataStream:|priority:0, a39b17a5-0a4e-46f3-8d78-c7d3a13330a0|rpc:10.1.0.67:46853|dataStream:|priority:0], old=null
2021-11-29 08:36:44,811 [grpc-default-executor-3] INFO  server.RaftServer$Division (RaftServerImpl.java:requestVote(1046)) - 0a8fcbf3-87bd-491e-9dcd-b94915d21232@group-C4FF93137A45: receive requestVote(ELECTION, 172a3cc1-7404-4a1c-a641-e7203df0c6a5, group-C4FF93137A45, 2, (t:0, i:0))
2021-11-29 08:36:44,811 [grpc-default-executor-3] INFO  impl.VoteContext (VoteContext.java:log(48)) - 0a8fcbf3-87bd-491e-9dcd-b94915d21232@group-C4FF93137A45-FOLLOWER: accept ELECTION from 172a3cc1-7404-4a1c-a641-e7203df0c6a5: our priority 0 <= candidate's priority 1
2021-11-29 08:36:44,811 [grpc-default-executor-3] INFO  server.RaftServer$Division (RaftServerImpl.java:setRole(290)) - 0a8fcbf3-87bd-491e-9dcd-b94915d21232@group-C4FF93137A45: changes role from  FOLLOWER to FOLLOWER at term 2 for candidate:172a3cc1-7404-4a1c-a641-e7203df0c6a5
2021-11-29 08:36:44,811 [grpc-default-executor-3] INFO  impl.RoleInfo (RoleInfo.java:shutdownFollowerState(108)) - 0a8fcbf3-87bd-491e-9dcd-b94915d21232: shutdown 0a8fcbf3-87bd-491e-9dcd-b94915d21232@group-C4FF93137A45-FollowerState
2021-11-29 08:36:44,811 [grpc-default-executor-3] INFO  impl.RoleInfo (RoleInfo.java:updateAndGet(130)) - 0a8fcbf3-87bd-491e-9dcd-b94915d21232: start 0a8fcbf3-87bd-491e-9dcd-b94915d21232@group-C4FF93137A45-FollowerState
2021-11-29 08:36:44,811 [0a8fcbf3-87bd-491e-9dcd-b94915d21232@group-C4FF93137A45-FollowerState] INFO  impl.FollowerState (FollowerState.java:run(143)) - 0a8fcbf3-87bd-491e-9dcd-b94915d21232@group-C4FF93137A45-FollowerState was interrupted: {}
java.lang.InterruptedException: sleep interrupted
	at java.lang.Thread.sleep(Native Method)
	at java.lang.Thread.sleep(Thread.java:340)
	at java.util.concurrent.TimeUnit.sleep(TimeUnit.java:386)
	at org.apache.ratis.util.TimeDuration.sleep(TimeDuration.java:324)
	at org.apache.ratis.util.TimeDuration.sleep(TimeDuration.java:309)
	at org.apache.ratis.server.impl.FollowerState.run(FollowerState.java:118)
2021-11-29 08:36:44,816 [grpc-default-executor-3] INFO  server.RaftServer$Division (RaftServerImpl.java:requestVote(1078)) - 0a8fcbf3-87bd-491e-9dcd-b94915d21232@group-C4FF93137A45 replies to ELECTION vote request: 172a3cc1-7404-4a1c-a641-e7203df0c6a5<-0a8fcbf3-87bd-491e-9dcd-b94915d21232#0:OK-t2. Peer's state: 0a8fcbf3-87bd-491e-9dcd-b94915d21232@group-C4FF93137A45:t2, leader=null, voted=172a3cc1-7404-4a1c-a641-e7203df0c6a5, raftlog=0a8fcbf3-87bd-491e-9dcd-b94915d21232@group-C4FF93137A45-SegmentedRaftLog:OPENED:c-1, conf=-1: [172a3cc1-7404-4a1c-a641-e7203df0c6a5|rpc:10.1.0.67:39097|dataStream:|priority:1, 0a8fcbf3-87bd-491e-9dcd-b94915d21232|rpc:10.1.0.67:36319|dataStream:|priority:0, a39b17a5-0a4e-46f3-8d78-c7d3a13330a0|rpc:10.1.0.67:46853|dataStream:|priority:0], old=null
2021-11-29 08:36:44,816 [grpc-default-executor-0] INFO  server.RaftServer$Division (RaftServerImpl.java:requestVote(1046)) - a39b17a5-0a4e-46f3-8d78-c7d3a13330a0@group-C4FF93137A45: receive requestVote(ELECTION, 172a3cc1-7404-4a1c-a641-e7203df0c6a5, group-C4FF93137A45, 2, (t:0, i:0))
2021-11-29 08:36:44,817 [grpc-default-executor-0] INFO  impl.VoteContext (VoteContext.java:log(48)) - a39b17a5-0a4e-46f3-8d78-c7d3a13330a0@group-C4FF93137A45-FOLLOWER: accept ELECTION from 172a3cc1-7404-4a1c-a641-e7203df0c6a5: our priority 0 <= candidate's priority 1
2021-11-29 08:36:44,817 [grpc-default-executor-0] INFO  server.RaftServer$Division (RaftServerImpl.java:setRole(290)) - a39b17a5-0a4e-46f3-8d78-c7d3a13330a0@group-C4FF93137A45: changes role from  FOLLOWER to FOLLOWER at term 2 for candidate:172a3cc1-7404-4a1c-a641-e7203df0c6a5
2021-11-29 08:36:44,817 [grpc-default-executor-0] INFO  impl.RoleInfo (RoleInfo.java:shutdownFollowerState(108)) - a39b17a5-0a4e-46f3-8d78-c7d3a13330a0: shutdown a39b17a5-0a4e-46f3-8d78-c7d3a13330a0@group-C4FF93137A45-FollowerState
2021-11-29 08:36:44,817 [grpc-default-executor-0] INFO  impl.RoleInfo (RoleInfo.java:updateAndGet(130)) - a39b17a5-0a4e-46f3-8d78-c7d3a13330a0: start a39b17a5-0a4e-46f3-8d78-c7d3a13330a0@group-C4FF93137A45-FollowerState
2021-11-29 08:36:44,817 [a39b17a5-0a4e-46f3-8d78-c7d3a13330a0@group-C4FF93137A45-FollowerState] INFO  impl.FollowerState (FollowerState.java:run(143)) - a39b17a5-0a4e-46f3-8d78-c7d3a13330a0@group-C4FF93137A45-FollowerState was interrupted: {}
java.lang.InterruptedException: sleep interrupted
	at java.lang.Thread.sleep(Native Method)
	at java.lang.Thread.sleep(Thread.java:340)
	at java.util.concurrent.TimeUnit.sleep(TimeUnit.java:386)
	at org.apache.ratis.util.TimeDuration.sleep(TimeDuration.java:324)
	at org.apache.ratis.util.TimeDuration.sleep(TimeDuration.java:309)
	at org.apache.ratis.server.impl.FollowerState.run(FollowerState.java:118)
2021-11-29 08:36:44,821 [grpc-default-executor-0] INFO  server.RaftServer$Division (RaftServerImpl.java:requestVote(1078)) - a39b17a5-0a4e-46f3-8d78-c7d3a13330a0@group-C4FF93137A45 replies to ELECTION vote request: 172a3cc1-7404-4a1c-a641-e7203df0c6a5<-a39b17a5-0a4e-46f3-8d78-c7d3a13330a0#0:OK-t2. Peer's state: a39b17a5-0a4e-46f3-8d78-c7d3a13330a0@group-C4FF93137A45:t2, leader=null, voted=172a3cc1-7404-4a1c-a641-e7203df0c6a5, raftlog=a39b17a5-0a4e-46f3-8d78-c7d3a13330a0@group-C4FF93137A45-SegmentedRaftLog:OPENED:c-1, conf=-1: [172a3cc1-7404-4a1c-a641-e7203df0c6a5|rpc:10.1.0.67:39097|priority:1, 0a8fcbf3-87bd-491e-9dcd-b94915d21232|rpc:10.1.0.67:36319|priority:0, a39b17a5-0a4e-46f3-8d78-c7d3a13330a0|rpc:10.1.0.67:46853|priority:0], old=null
2021-11-29 08:36:44,823 [172a3cc1-7404-4a1c-a641-e7203df0c6a5@group-C4FF93137A45-LeaderElection25] INFO  impl.LeaderElection (LeaderElection.java:logAndReturn(89)) - 172a3cc1-7404-4a1c-a641-e7203df0c6a5@group-C4FF93137A45-LeaderElection25: ELECTION PASSED received 1 response(s) and 0 exception(s):
2021-11-29 08:36:44,823 [172a3cc1-7404-4a1c-a641-e7203df0c6a5@group-C4FF93137A45-LeaderElection25] INFO  impl.LeaderElection (LeaderElection.java:logAndReturn(93)) -   Response 0: 172a3cc1-7404-4a1c-a641-e7203df0c6a5<-a39b17a5-0a4e-46f3-8d78-c7d3a13330a0#0:OK-t2
2021-11-29 08:36:44,823 [172a3cc1-7404-4a1c-a641-e7203df0c6a5@group-C4FF93137A45-LeaderElection25] INFO  impl.LeaderElection (LeaderElection.java:askForVotes(308)) - 172a3cc1-7404-4a1c-a641-e7203df0c6a5@group-C4FF93137A45-LeaderElection25 ELECTION round 0: result PASSED
2021-11-29 08:36:44,823 [172a3cc1-7404-4a1c-a641-e7203df0c6a5@group-C4FF93137A45-LeaderElection25] INFO  impl.RoleInfo (RoleInfo.java:shutdownLeaderElection(121)) - 172a3cc1-7404-4a1c-a641-e7203df0c6a5: shutdown 172a3cc1-7404-4a1c-a641-e7203df0c6a5@group-C4FF93137A45-LeaderElection25
2021-11-29 08:36:44,823 [172a3cc1-7404-4a1c-a641-e7203df0c6a5@group-C4FF93137A45-LeaderElection25] INFO  server.RaftServer$Division (RaftServerImpl.java:setRole(290)) - 172a3cc1-7404-4a1c-a641-e7203df0c6a5@group-C4FF93137A45: changes role from CANDIDATE to LEADER at term 2 for changeToLeader
2021-11-29 08:36:44,823 [172a3cc1-7404-4a1c-a641-e7203df0c6a5@group-C4FF93137A45-LeaderElection25] INFO  ratis.XceiverServerRatis (XceiverServerRatis.java:handleLeaderChangedNotification(866)) - Leader change notification received for group: group-C4FF93137A45 with new leaderId: 172a3cc1-7404-4a1c-a641-e7203df0c6a5
2021-11-29 08:36:44,823 [172a3cc1-7404-4a1c-a641-e7203df0c6a5@group-C4FF93137A45-LeaderElection25] INFO  server.RaftServer$Division (ServerState.java:setLeader(285)) - 172a3cc1-7404-4a1c-a641-e7203df0c6a5@group-C4FF93137A45: change Leader from null to 172a3cc1-7404-4a1c-a641-e7203df0c6a5 at term 2 for becomeLeader, leader elected after 10224ms
2021-11-29 08:36:44,823 [172a3cc1-7404-4a1c-a641-e7203df0c6a5@group-C4FF93137A45-LeaderElection25] INFO  server.RaftServerConfigKeys (ConfUtils.java:logGet(44)) - raft.server.staging.catchup.gap = 1000 (default)
2021-11-29 08:36:44,824 [172a3cc1-7404-4a1c-a641-e7203df0c6a5@group-C4FF93137A45-LeaderElection25] INFO  server.RaftServerConfigKeys (ConfUtils.java:logGet(44)) - raft.server.write.element-limit = 1024 (custom)
2021-11-29 08:36:44,824 [172a3cc1-7404-4a1c-a641-e7203df0c6a5@group-C4FF93137A45-LeaderElection25] INFO  server.RaftServerConfigKeys (ConfUtils.java:logGet(44)) - raft.server.write.byte-limit = 1024 M (=1073741824) (custom)
2021-11-29 08:36:44,824 [172a3cc1-7404-4a1c-a641-e7203df0c6a5@group-C4FF93137A45-LeaderElection25] INFO  server.RaftServerConfigKeys (ConfUtils.java:logGet(44)) - raft.server.watch.timeout = 180s (custom)
2021-11-29 08:36:44,824 [172a3cc1-7404-4a1c-a641-e7203df0c6a5@group-C4FF93137A45-LeaderElection25] INFO  server.RaftServerConfigKeys (ConfUtils.java:logGet(44)) - raft.server.watch.timeout.denomination = 1s (default)
2021-11-29 08:36:44,824 [172a3cc1-7404-4a1c-a641-e7203df0c6a5@group-C4FF93137A45-LeaderElection25] INFO  server.RaftServerConfigKeys (ConfUtils.java:logGet(44)) - raft.server.watch.element-limit = 65536 (default)
2021-11-29 08:36:44,824 [172a3cc1-7404-4a1c-a641-e7203df0c6a5@group-C4FF93137A45-LeaderElection25] INFO  server.RaftServerConfigKeys (ConfUtils.java:logGet(44)) - raft.server.write.element-limit = 1024 (custom)
2021-11-29 08:36:44,824 [172a3cc1-7404-4a1c-a641-e7203df0c6a5@group-C4FF93137A45-LeaderElection25] INFO  server.RaftServerConfigKeys (ConfUtils.java:logGet(44)) - raft.server.write.follower.gap.ratio.max = -1.0 (default)
2021-11-29 08:36:44,825 [172a3cc1-7404-4a1c-a641-e7203df0c6a5@group-C4FF93137A45-LeaderElection25] INFO  server.RaftServerConfigKeys (ConfUtils.java:logGet(44)) - raft.server.log.appender.snapshot.chunk.size.max = 16MB (=16777216) (default)
2021-11-29 08:36:44,825 [172a3cc1-7404-4a1c-a641-e7203df0c6a5@group-C4FF93137A45-LeaderElection25] INFO  server.RaftServerConfigKeys (ConfUtils.java:logGet(44)) - raft.server.log.appender.buffer.byte-limit = 33554432 (custom)
2021-11-29 08:36:44,825 [172a3cc1-7404-4a1c-a641-e7203df0c6a5@group-C4FF93137A45-LeaderElection25] INFO  server.RaftServerConfigKeys (ConfUtils.java:logGet(44)) - raft.server.log.appender.buffer.element-limit = 1 (custom)
2021-11-29 08:36:44,825 [172a3cc1-7404-4a1c-a641-e7203df0c6a5@group-C4FF93137A45-LeaderElection25] INFO  grpc.GrpcConfigKeys (ConfUtils.java:logGet(44)) - raft.grpc.server.leader.outstanding.appends.max = 128 (default)
2021-11-29 08:36:44,825 [172a3cc1-7404-4a1c-a641-e7203df0c6a5@group-C4FF93137A45-LeaderElection25] INFO  server.RaftServerConfigKeys (ConfUtils.java:logGet(44)) - raft.server.rpc.request.timeout = 60s (custom)
2021-11-29 08:36:44,825 [172a3cc1-7404-4a1c-a641-e7203df0c6a5@group-C4FF93137A45-LeaderElection25] INFO  server.RaftServerConfigKeys (ConfUtils.java:logGet(44)) - raft.server.log.appender.install.snapshot.enabled = false (custom)
2021-11-29 08:36:44,826 [172a3cc1-7404-4a1c-a641-e7203df0c6a5@group-C4FF93137A45-LeaderElection25] INFO  server.RaftServerConfigKeys (ConfUtils.java:logGet(44)) - raft.server.log.appender.snapshot.chunk.size.max = 16MB (=16777216) (default)
2021-11-29 08:36:44,827 [172a3cc1-7404-4a1c-a641-e7203df0c6a5@group-C4FF93137A45-LeaderElection25] INFO  server.RaftServerConfigKeys (ConfUtils.java:logGet(44)) - raft.server.log.appender.buffer.byte-limit = 33554432 (custom)
2021-11-29 08:36:44,827 [172a3cc1-7404-4a1c-a641-e7203df0c6a5@group-C4FF93137A45-LeaderElection25] INFO  server.RaftServerConfigKeys (ConfUtils.java:logGet(44)) - raft.server.log.appender.buffer.element-limit = 1 (custom)
2021-11-29 08:36:44,827 [172a3cc1-7404-4a1c-a641-e7203df0c6a5@group-C4FF93137A45-LeaderElection25] INFO  grpc.GrpcConfigKeys (ConfUtils.java:logGet(44)) - raft.grpc.server.leader.outstanding.appends.max = 128 (default)
2021-11-29 08:36:44,827 [172a3cc1-7404-4a1c-a641-e7203df0c6a5@group-C4FF93137A45-LeaderElection25] INFO  server.RaftServerConfigKeys (ConfUtils.java:logGet(44)) - raft.server.rpc.request.timeout = 60s (custom)
2021-11-29 08:36:44,827 [172a3cc1-7404-4a1c-a641-e7203df0c6a5@group-C4FF93137A45-LeaderElection25] INFO  server.RaftServerConfigKeys (ConfUtils.java:logGet(44)) - raft.server.log.appender.install.snapshot.enabled = false (custom)
2021-11-29 08:36:44,827 [172a3cc1-7404-4a1c-a641-e7203df0c6a5@group-C4FF93137A45-LeaderElection25] INFO  impl.RoleInfo (RoleInfo.java:updateAndGet(130)) - 172a3cc1-7404-4a1c-a641-e7203df0c6a5: start 172a3cc1-7404-4a1c-a641-e7203df0c6a5@group-C4FF93137A45-LeaderStateImpl
2021-11-29 08:36:44,828 [172a3cc1-7404-4a1c-a641-e7203df0c6a5@group-C4FF93137A45-LeaderElection25] INFO  segmented.SegmentedRaftLogWorker (SegmentedRaftLogWorker.java:startLogSegment(394)) - 172a3cc1-7404-4a1c-a641-e7203df0c6a5@group-C4FF93137A45-SegmentedRaftLogWorker: Starting segment from index:0
2021-11-29 08:36:44,829 [172a3cc1-7404-4a1c-a641-e7203df0c6a5@group-C4FF93137A45-SegmentedRaftLogWorker] INFO  segmented.SegmentedRaftLogWorker (SegmentedRaftLogWorker.java:execute(601)) - 172a3cc1-7404-4a1c-a641-e7203df0c6a5@group-C4FF93137A45-SegmentedRaftLogWorker: created new log segment /home/runner/work/ozone/ozone/hadoop-ozone/integration-test/target/test-dir/MiniOzoneClusterImpl-c80c5e57-a00d-42e9-a5d1-a1f89d8b0246/datanode-5/data/ratis/78345da7-c5d2-441d-8f06-c4ff93137a45/current/log_inprogress_0
2021-11-29 08:36:44,829 [EventQueue-PipelineReportForPipelineReportHandler] INFO  pipeline.PipelineManagerImpl (PipelineManagerImpl.java:openPipeline(289)) - Pipeline Pipeline[ Id: 78345da7-c5d2-441d-8f06-c4ff93137a45, Nodes: a39b17a5-0a4e-46f3-8d78-c7d3a13330a0{ip: 10.1.0.67, host: fv-az294-535.eaanfquahm5ulb5tj050gcxych.jx.internal.cloudapp.net, ports: [REPLICATION=45493, RATIS=46853, RATIS_ADMIN=46853, RATIS_SERVER=46853, STANDALONE=34281], networkLocation: /default-rack, certSerialId: null, persistedOpState: IN_SERVICE, persistedOpStateExpiryEpochSec: 0}172a3cc1-7404-4a1c-a641-e7203df0c6a5{ip: 10.1.0.67, host: fv-az294-535.eaanfquahm5ulb5tj050gcxych.jx.internal.cloudapp.net, ports: [REPLICATION=37071, RATIS=39097, RATIS_ADMIN=39097, RATIS_SERVER=39097, STANDALONE=37611], networkLocation: /default-rack, certSerialId: null, persistedOpState: IN_SERVICE, persistedOpStateExpiryEpochSec: 0}0a8fcbf3-87bd-491e-9dcd-b94915d21232{ip: 10.1.0.67, host: fv-az294-535.eaanfquahm5ulb5tj050gcxych.jx.internal.cloudapp.net, ports: [REPLICATION=39541, RATIS=36319, RATIS_ADMIN=36319, RATIS_SERVER=36319, STANDALONE=41037], networkLocation: /default-rack, certSerialId: null, persistedOpState: IN_SERVICE, persistedOpStateExpiryEpochSec: 0}, ReplicationConfig: RATIS/THREE, State:ALLOCATED, leaderId:172a3cc1-7404-4a1c-a641-e7203df0c6a5, CreationTimestamp2021-11-29T08:36:31.860Z[Etc/UTC]] moved to OPEN state
2021-11-29 08:36:44,830 [EventQueue-OpenPipelineForHealthyPipelineSafeModeRule] INFO  safemode.SCMSafeModeManager (HealthyPipelineSafeModeRule.java:process(124)) - SCM in safe mode. Healthy pipelines reported count is 1, required healthy pipeline reported count is 1
2021-11-29 08:36:44,830 [EventQueue-OpenPipelineForHealthyPipelineSafeModeRule] INFO  safemode.SCMSafeModeManager (SCMSafeModeManager.java:validateSafeModeExitRules(204)) - HealthyPipelineSafeModeRule rule is successfully validated
2021-11-29 08:36:44,830 [EventQueue-OpenPipelineForHealthyPipelineSafeModeRule] INFO  safemode.SCMSafeModeManager (SCMSafeModeManager.java:validateSafeModeExitRules(219)) - ScmSafeModeManager, all rules are successfully validated
2021-11-29 08:36:44,830 [EventQueue-OpenPipelineForHealthyPipelineSafeModeRule] INFO  safemode.SCMSafeModeManager (SCMSafeModeManager.java:exitSafeMode(248)) - SCM exiting safe mode.
2021-11-29 08:36:44,830 [EventQueue-OpenPipelineForHealthyPipelineSafeModeRule] WARN  events.EventQueue (EventQueue.java:fireEvent(194)) - No event handler registered for event TypedEvent{payloadType=SafeModeStatus, name='Safe mode status'}
2021-11-29 08:36:44,830 [EventQueue-OpenPipelineForHealthyPipelineSafeModeRule] INFO  ha.SCMContext (SCMContext.java:updateSafeModeStatus(205)) - Update SafeModeStatus from SafeModeStatus{safeModeStatus=true, preCheckPassed=true} to SafeModeStatus{safeModeStatus=false, preCheckPassed=true}.
2021-11-29 08:36:44,830 [EventQueue-OpenPipelineForHealthyPipelineSafeModeRule] INFO  pipeline.BackgroundPipelineCreator (BackgroundPipelineCreator.java:notifyStatusChanged(264)) - Service BackgroundPipelineCreator transitions to RUNNING.
2021-11-29 08:36:44,830 [EventQueue-OpenPipelineForHealthyPipelineSafeModeRule] INFO  container.ReplicationManager (ReplicationManager.java:notifyStatusChanged(1756)) - Service ReplicationManager transitions to RUNNING.
2021-11-29 08:36:44,846 [172a3cc1-7404-4a1c-a641-e7203df0c6a5@group-C4FF93137A45-LeaderElection25] INFO  server.RaftServer$Division (ServerState.java:setRaftConf(387)) - 172a3cc1-7404-4a1c-a641-e7203df0c6a5@group-C4FF93137A45: set configuration 0: [172a3cc1-7404-4a1c-a641-e7203df0c6a5|rpc:10.1.0.67:39097|dataStream:|priority:1, 0a8fcbf3-87bd-491e-9dcd-b94915d21232|rpc:10.1.0.67:36319|dataStream:|priority:0, a39b17a5-0a4e-46f3-8d78-c7d3a13330a0|rpc:10.1.0.67:46853|dataStream:|priority:0], old=null
2021-11-29 08:36:44,847 [ReplicationMonitor] INFO  container.ReplicationManager (ReplicationManager.java:processAll(371)) - Replication Monitor Thread took 0 milliseconds for processing 3 containers.
2021-11-29 08:36:44,856 [grpc-default-executor-0] INFO  ratis.XceiverServerRatis (XceiverServerRatis.java:handleLeaderChangedNotification(866)) - Leader change notification received for group: group-C4FF93137A45 with new leaderId: 172a3cc1-7404-4a1c-a641-e7203df0c6a5
2021-11-29 08:36:44,856 [grpc-default-executor-0] INFO  server.RaftServer$Division (ServerState.java:setLeader(285)) - a39b17a5-0a4e-46f3-8d78-c7d3a13330a0@group-C4FF93137A45: change Leader from null to 172a3cc1-7404-4a1c-a641-e7203df0c6a5 at term 2 for appendEntries, leader elected after 10292ms
2021-11-29 08:36:44,857 [grpc-default-executor-3] INFO  ratis.XceiverServerRatis (XceiverServerRatis.java:handleLeaderChangedNotification(866)) - Leader change notification received for group: group-C4FF93137A45 with new leaderId: 172a3cc1-7404-4a1c-a641-e7203df0c6a5
2021-11-29 08:36:44,857 [grpc-default-executor-3] INFO  server.RaftServer$Division (ServerState.java:setLeader(285)) - 0a8fcbf3-87bd-491e-9dcd-b94915d21232@group-C4FF93137A45: change Leader from null to 172a3cc1-7404-4a1c-a641-e7203df0c6a5 at term 2 for appendEntries, leader elected after 10216ms
2021-11-29 08:36:44,866 [grpc-default-executor-0] INFO  server.RaftServer$Division (ServerState.java:setRaftConf(387)) - a39b17a5-0a4e-46f3-8d78-c7d3a13330a0@group-C4FF93137A45: set configuration 0: [172a3cc1-7404-4a1c-a641-e7203df0c6a5|rpc:10.1.0.67:39097|dataStream:|priority:1, 0a8fcbf3-87bd-491e-9dcd-b94915d21232|rpc:10.1.0.67:36319|dataStream:|priority:0, a39b17a5-0a4e-46f3-8d78-c7d3a13330a0|rpc:10.1.0.67:46853|dataStream:|priority:0], old=null
2021-11-29 08:36:44,866 [grpc-default-executor-0] INFO  segmented.SegmentedRaftLogWorker (SegmentedRaftLogWorker.java:startLogSegment(394)) - a39b17a5-0a4e-46f3-8d78-c7d3a13330a0@group-C4FF93137A45-SegmentedRaftLogWorker: Starting segment from index:0
2021-11-29 08:36:44,868 [grpc-default-executor-0] INFO  server.RaftServer$Division (ServerState.java:setRaftConf(387)) - 0a8fcbf3-87bd-491e-9dcd-b94915d21232@group-C4FF93137A45: set configuration 0: [172a3cc1-7404-4a1c-a641-e7203df0c6a5|rpc:10.1.0.67:39097|dataStream:|priority:1, 0a8fcbf3-87bd-491e-9dcd-b94915d21232|rpc:10.1.0.67:36319|dataStream:|priority:0, a39b17a5-0a4e-46f3-8d78-c7d3a13330a0|rpc:10.1.0.67:46853|dataStream:|priority:0], old=null
2021-11-29 08:36:44,868 [grpc-default-executor-0] INFO  segmented.SegmentedRaftLogWorker (SegmentedRaftLogWorker.java:startLogSegment(394)) - 0a8fcbf3-87bd-491e-9dcd-b94915d21232@group-C4FF93137A45-SegmentedRaftLogWorker: Starting segment from index:0
2021-11-29 08:36:44,868 [a39b17a5-0a4e-46f3-8d78-c7d3a13330a0@group-C4FF93137A45-SegmentedRaftLogWorker] INFO  segmented.SegmentedRaftLogWorker (SegmentedRaftLogWorker.java:execute(601)) - a39b17a5-0a4e-46f3-8d78-c7d3a13330a0@group-C4FF93137A45-SegmentedRaftLogWorker: created new log segment /home/runner/work/ozone/ozone/hadoop-ozone/integration-test/target/test-dir/MiniOzoneClusterImpl-c80c5e57-a00d-42e9-a5d1-a1f89d8b0246/datanode-3/data/ratis/78345da7-c5d2-441d-8f06-c4ff93137a45/current/log_inprogress_0
2021-11-29 08:36:44,869 [0a8fcbf3-87bd-491e-9dcd-b94915d21232@group-C4FF93137A45-SegmentedRaftLogWorker] INFO  segmented.SegmentedRaftLogWorker (SegmentedRaftLogWorker.java:execute(601)) - 0a8fcbf3-87bd-491e-9dcd-b94915d21232@group-C4FF93137A45-SegmentedRaftLogWorker: created new log segment /home/runner/work/ozone/ozone/hadoop-ozone/integration-test/target/test-dir/MiniOzoneClusterImpl-c80c5e57-a00d-42e9-a5d1-a1f89d8b0246/datanode-4/data/ratis/78345da7-c5d2-441d-8f06-c4ff93137a45/current/log_inprogress_0
2021-11-29 08:36:44,907 [Listener at 127.0.0.1/38371] INFO  ozone.MiniOzoneClusterImpl (MiniOzoneClusterImpl.java:lambda$waitForClusterToBeReady$0(235)) - Nodes are ready. Got 6 of 6 DN Heartbeats.
2021-11-29 08:36:44,907 [Listener at 127.0.0.1/38371] INFO  ozone.MiniOzoneClusterImpl (MiniOzoneClusterImpl.java:lambda$waitForClusterToBeReady$0(238)) - Cluster exits safe mode
2021-11-29 08:36:44,907 [Listener at 127.0.0.1/38371] INFO  ozone.MiniOzoneClusterImpl (MiniOzoneClusterImpl.java:lambda$waitForClusterToBeReady$0(240)) - SCM became leader
2021-11-29 08:36:44,910 [Listener at 127.0.0.1/38371] WARN  server.ServerUtils (ServerUtils.java:getScmDbDir(148)) - ozone.scm.db.dirs is not configured. We recommend adding this setting. Falling back to ozone.metadata.dirs instead.
2021-11-29 08:36:44,915 [Listener at 127.0.0.1/38371] INFO  ha.SCMHANodeDetails (SCMHANodeDetails.java:loadSCMHAConfig(157)) - ServiceID for StorageContainerManager is null
2021-11-29 08:36:44,915 [Listener at 127.0.0.1/38371] INFO  ha.SCMHANodeDetails (SCMHANodeDetails.java:loadSCMHAConfig(162)) - ozone.scm.default.service.id is not defined, falling back to ozone.scm.service.ids to find serviceID for StorageContainerManager if it is HA enabled cluster
2021-11-29 08:36:44,916 [Listener at 127.0.0.1/38371] WARN  server.ServerUtils (ServerUtils.java:getScmDbDir(148)) - ozone.scm.db.dirs is not configured. We recommend adding this setting. Falling back to ozone.metadata.dirs instead.
2021-11-29 08:36:44,917 [Listener at 127.0.0.1/38371] INFO  upgrade.AbstractLayoutVersionManager (AbstractLayoutVersionManager.java:init(79)) - Initializing Layout version manager with metadata layout = SCM_HA (version = 2), software layout = SCM_HA (version = 2)
2021-11-29 08:36:44,986 [Listener at 127.0.0.1/38371] INFO  reflections.Reflections (Reflections.java:scan(232)) - Reflections took 68 ms to scan 7 urls, producing 119 keys and 279 values 
2021-11-29 08:36:44,988 [Listener at 127.0.0.1/38371] WARN  utils.HAUtils (HAUtils.java:getMetaDir(342)) - ozone.scm.db.dirs is not configured. We recommend adding this setting. Falling back to ozone.metadata.dirs instead.
2021-11-29 08:36:44,989 [Listener at 127.0.0.1/38371] WARN  db.DBStoreBuilder (DBStoreBuilder.java:applyDBDefinition(145)) - ozone.scm.db.dirs is not configured. We recommend adding this setting. Falling back to ozone.metadata.dirs instead.
2021-11-29 08:36:45,054 [Listener at 127.0.0.1/38371] INFO  net.NodeSchemaLoader (NodeSchemaLoader.java:loadSchemaFromFile(129)) - Loading schema from [jar:file:/home/runner/.m2/repository/org/apache/ozone/hdds-common/1.3.0-SNAPSHOT/hdds-common-1.3.0-SNAPSHOT.jar!/network-topology-default.xml]
2021-11-29 08:36:45,054 [Listener at 127.0.0.1/38371] INFO  net.NodeSchemaLoader (NodeSchemaLoader.java:loadSchema(176)) - Loading network topology layer schema file
2021-11-29 08:36:45,057 [Listener at 127.0.0.1/38371] WARN  impl.MetricRegistriesImpl (MetricRegistriesImpl.java:addReporterRegistration(111)) - New reporters are added after registries were created. Some metrics will be missing from the reporter. Please add reporter before adding any new registry.
2021-11-29 08:36:45,057 [Listener at 127.0.0.1/38371] WARN  impl.MetricRegistriesImpl (MetricRegistriesImpl.java:addReporterRegistration(111)) - New reporters are added after registries were created. Some metrics will be missing from the reporter. Please add reporter before adding any new registry.
2021-11-29 08:36:45,057 [Listener at 127.0.0.1/38371] INFO  ha.SequenceIdGenerator (SequenceIdGenerator.java:upgradeToSequenceId(347)) - upgrade localId to 107544261427200000
2021-11-29 08:36:45,057 [Listener at 127.0.0.1/38371] INFO  ha.SequenceIdGenerator (SequenceIdGenerator.java:upgradeToSequenceId(357)) - upgrade delTxnId to 0
2021-11-29 08:36:45,058 [Listener at 127.0.0.1/38371] INFO  ha.SequenceIdGenerator (SequenceIdGenerator.java:upgradeToSequenceId(371)) - upgrade containerId to 0
2021-11-29 08:36:45,058 [Listener at 127.0.0.1/38371] INFO  ha.SequenceIdGenerator (SequenceIdGenerator.java:<init>(218)) - Init the HA SequenceIdGenerator.
2021-11-29 08:36:45,058 [Listener at 127.0.0.1/38371] INFO  node.SCMNodeManager (SCMNodeManager.java:<init>(144)) - Entering startup safe mode.
2021-11-29 08:36:45,059 [Listener at 127.0.0.1/38371] INFO  algorithms.ContainerPlacementPolicyFactory (ContainerPlacementPolicyFactory.java:getPolicy(60)) - Create container placement policy of type org.apache.hadoop.hdds.scm.container.placement.algorithms.SCMContainerPlacementRandom
2021-11-29 08:36:45,059 [Listener at 127.0.0.1/38371] INFO  pipeline.PipelineStateManagerImpl (PipelineStateManagerImpl.java:initialize(78)) - No pipeline exists in current db
2021-11-29 08:36:45,059 [Listener at 127.0.0.1/38371] INFO  algorithms.LeaderChoosePolicyFactory (LeaderChoosePolicyFactory.java:getPolicy(57)) - Create leader choose policy of type org.apache.hadoop.hdds.scm.pipeline.leader.choose.algorithms.MinLeaderCountChoosePolicy
2021-11-29 08:36:45,059 [Listener at 127.0.0.1/38371] INFO  ha.SCMServiceManager (SCMServiceManager.java:register(43)) - Registering service BackgroundPipelineCreator.
2021-11-29 08:36:45,059 [Listener at 127.0.0.1/38371] INFO  pipeline.BackgroundPipelineCreator (BackgroundPipelineCreator.java:start(130)) - Starting RatisPipelineUtilsThread.
2021-11-29 08:36:45,060 [Listener at 127.0.0.1/38371] INFO  algorithms.PipelineChoosePolicyFactory (PipelineChoosePolicyFactory.java:createPipelineChoosePolicyFromClass(73)) - Create pipeline choose policy of type org.apache.hadoop.hdds.scm.pipeline.choose.algorithms.RandomPipelineChoosePolicy
2021-11-29 08:36:45,061 [Listener at 127.0.0.1/38371] INFO  ha.SCMServiceManager (SCMServiceManager.java:register(43)) - Registering service SCMBlockDeletingService.
2021-11-29 08:36:45,061 [Listener at 127.0.0.1/38371] INFO  ha.SCMServiceManager (SCMServiceManager.java:register(43)) - Registering service ReplicationManager.
2021-11-29 08:36:45,061 [Listener at 127.0.0.1/38371] INFO  container.ReplicationManager (ReplicationManager.java:start(319)) - Starting Replication Monitor Thread.
2021-11-29 08:36:45,066 [Listener at 127.0.0.1/38371] INFO  safemode.ContainerSafeModeRule (ContainerSafeModeRule.java:<init>(89)) - containers with one replica threshold count 0
2021-11-29 08:36:45,066 [Listener at 127.0.0.1/38371] INFO  safemode.HealthyPipelineSafeModeRule (HealthyPipelineSafeModeRule.java:initializeRule(156)) - Total pipeline count is 0, healthy pipeline threshold count is 1
2021-11-29 08:36:45,066 [Listener at 127.0.0.1/38371] INFO  safemode.OneReplicaPipelineSafeModeRule (OneReplicaPipelineSafeModeRule.java:initializeRule(180)) - Total pipeline count is 0, pipeline's with at least one datanode reported threshold count is 0
2021-11-29 08:36:45,067 [Listener at 127.0.0.1/38371] INFO  ipc.CallQueueManager (CallQueueManager.java:<init>(90)) - Using callQueue: class java.util.concurrent.LinkedBlockingQueue, queueCapacity: 2000, scheduler: class org.apache.hadoop.ipc.DefaultRpcScheduler, ipcBackoff: false.
2021-11-29 08:36:45,073 [Socket Reader #1 for port 0] INFO  ipc.Server (Server.java:run(1265)) - Starting Socket Reader #1 for port 0
2021-11-29 08:36:45,077 [Listener at 0.0.0.0/42897] INFO  ipc.CallQueueManager (CallQueueManager.java:<init>(90)) - Using callQueue: class java.util.concurrent.LinkedBlockingQueue, queueCapacity: 2000, scheduler: class org.apache.hadoop.ipc.DefaultRpcScheduler, ipcBackoff: false.
2021-11-29 08:36:45,078 [Socket Reader #1 for port 0] INFO  ipc.Server (Server.java:run(1265)) - Starting Socket Reader #1 for port 0
2021-11-29 08:36:45,079 [Listener at 0.0.0.0/42563] INFO  ipc.CallQueueManager (CallQueueManager.java:<init>(90)) - Using callQueue: class java.util.concurrent.LinkedBlockingQueue, queueCapacity: 2000, scheduler: class org.apache.hadoop.ipc.DefaultRpcScheduler, ipcBackoff: false.
2021-11-29 08:36:45,081 [Socket Reader #1 for port 0] INFO  ipc.Server (Server.java:run(1265)) - Starting Socket Reader #1 for port 0
2021-11-29 08:36:45,085 [ReplicationMonitor] INFO  container.ReplicationManager (ReplicationManager.java:processAll(371)) - Replication Monitor Thread took 0 milliseconds for processing 0 containers.
2021-11-29 08:36:45,104 [Listener at 0.0.0.0/45415] INFO  algorithms.ContainerPlacementPolicyFactory (ContainerPlacementPolicyFactory.java:getPolicy(60)) - Create container placement policy of type org.apache.hadoop.hdds.scm.container.placement.algorithms.SCMContainerPlacementRandom
2021-11-29 08:36:45,106 [Listener at 0.0.0.0/45415] INFO  server.StorageContainerManager (StorageContainerManager.java:<init>(388)) - 
Container Balancer status:
Key                            Value
Running                        false
Container Balancer Configuration values:
Key                                                Value
Threshold                                          0.1
Max Datanodes to Involve per Iteration(ratio)      0.2
Max Size to Move per Iteration                     30GB
Max Size Entering Target per Iteration             1GB
Max Size Leaving Source per Iteration              1GB

2021-11-29 08:36:45,106 [Listener at 0.0.0.0/45415] WARN  events.EventQueue (EventQueue.java:fireEvent(194)) - No event handler registered for event TypedEvent{payloadType=SafeModeStatus, name='Safe mode status'}
2021-11-29 08:36:45,106 [Listener at 0.0.0.0/45415] INFO  ha.SCMContext (SCMContext.java:updateSafeModeStatus(205)) - Update SafeModeStatus from SafeModeStatus{safeModeStatus=true, preCheckPassed=false} to SafeModeStatus{safeModeStatus=true, preCheckPassed=false}.
2021-11-29 08:36:45,107 [Listener at 0.0.0.0/45415] INFO  server.StorageContainerManager (StorageContainerManager.java:start(1303)) - StorageContainerLocationProtocol RPC server is listening at /0.0.0.0:45415
2021-11-29 08:36:45,107 [Listener at 0.0.0.0/45415] INFO  impl.MetricsSystemImpl (MetricsSystemImpl.java:init(158)) - StorageContainerManager metrics system started (again)
2021-11-29 08:36:45,120 [Listener at 0.0.0.0/45415] INFO  server.SCMClientProtocolServer (SCMClientProtocolServer.java:start(164)) - RPC server for Client  is listening at /0.0.0.0:45415
2021-11-29 08:36:45,120 [IPC Server Responder] INFO  ipc.Server (Server.java:run(1507)) - IPC Server Responder: starting
2021-11-29 08:36:45,120 [IPC Server listener on 0] INFO  ipc.Server (Server.java:run(1344)) - IPC Server listener on 0: starting
2021-11-29 08:36:45,136 [Listener at 0.0.0.0/45415] INFO  server.StorageContainerManager (StorageContainerManager.java:start(1318)) - ScmBlockLocationProtocol RPC server is listening at /0.0.0.0:42563
2021-11-29 08:36:45,136 [Listener at 0.0.0.0/45415] INFO  server.SCMBlockProtocolServer (SCMBlockProtocolServer.java:start(151)) - RPC server for Block Protocol is listening at /0.0.0.0:42563
2021-11-29 08:36:45,137 [IPC Server Responder] INFO  ipc.Server (Server.java:run(1507)) - IPC Server Responder: starting
2021-11-29 08:36:45,137 [IPC Server listener on 0] INFO  ipc.Server (Server.java:run(1344)) - IPC Server listener on 0: starting
2021-11-29 08:36:45,139 [Listener at 0.0.0.0/45415] INFO  server.StorageContainerManager (StorageContainerManager.java:start(1324)) - ScmDatanodeProtocl RPC server is listening at /0.0.0.0:42897
2021-11-29 08:36:45,139 [Listener at 0.0.0.0/45415] INFO  server.SCMDatanodeProtocolServer (SCMDatanodeProtocolServer.java:start(181)) - RPC server for DataNodes is listening at /0.0.0.0:42897
2021-11-29 08:36:45,140 [IPC Server Responder] INFO  ipc.Server (Server.java:run(1507)) - IPC Server Responder: starting
2021-11-29 08:36:45,140 [IPC Server listener on 0] INFO  ipc.Server (Server.java:run(1344)) - IPC Server listener on 0: starting
2021-11-29 08:36:45,146 [Listener at 0.0.0.0/45415] INFO  http.BaseHttpServer (BaseHttpServer.java:newHttpServer2BuilderForOzone(209)) - Starting Web-server for scm at: http://0.0.0.0:0
2021-11-29 08:36:45,148 [Listener at 0.0.0.0/45415] INFO  http.BaseHttpServer (BaseHttpServer.java:<init>(107)) - Hadoop Security Enabled: false Ozone Security Enabled: false Ozone HTTP Security Enabled: false 
2021-11-29 08:36:45,149 [Listener at 0.0.0.0/45415] INFO  server.AuthenticationFilter (AuthenticationFilter.java:constructSecretProvider(240)) - Unable to initialize FileSignerSecretProvider, falling back to use random secrets.
2021-11-29 08:36:45,147 [org.apache.hadoop.util.JvmPauseMonitor$Monitor@21d773b4] INFO  util.JvmPauseMonitor (JvmPauseMonitor.java:run(188)) - Starting JVM pause monitor
2021-11-29 08:36:45,149 [Listener at 0.0.0.0/45415] WARN  http.HttpRequestLog (HttpRequestLog.java:getRequestLog(103)) - Jetty request log can only be enabled using Log4j
2021-11-29 08:36:45,150 [Listener at 0.0.0.0/45415] INFO  http.HttpServer2 (HttpServer2.java:addGlobalFilter(1030)) - Added global filter 'safety' (class=org.apache.hadoop.hdds.server.http.HttpServer2$QuotingInputFilter)
2021-11-29 08:36:45,151 [Listener at 0.0.0.0/45415] INFO  http.HttpServer2 (HttpServer2.java:addFilter(1006)) - Added filter static_user_filter (class=org.apache.hadoop.http.lib.StaticUserWebFilter$StaticUserFilter) to context scm
2021-11-29 08:36:45,151 [Listener at 0.0.0.0/45415] INFO  http.HttpServer2 (HttpServer2.java:addFilter(1014)) - Added filter static_user_filter (class=org.apache.hadoop.http.lib.StaticUserWebFilter$StaticUserFilter) to context static
2021-11-29 08:36:45,151 [Listener at 0.0.0.0/45415] INFO  http.HttpServer2 (HttpServer2.java:addFilter(1014)) - Added filter static_user_filter (class=org.apache.hadoop.http.lib.StaticUserWebFilter$StaticUserFilter) to context logs
2021-11-29 08:36:45,151 [Listener at 0.0.0.0/45415] INFO  http.HttpServer2 (HttpServer2.java:bindListener(1249)) - Jetty bound to port 40977
2021-11-29 08:36:45,152 [Listener at 0.0.0.0/45415] INFO  server.Server (Server.java:doStart(375)) - jetty-9.4.43.v20210629; built: 2021-06-30T11:07:22.254Z; git: 526006ecfa3af7f1a27ef3a288e2bef7ea9dd7e8; jvm 1.8.0_292-b10
2021-11-29 08:36:45,155 [Listener at 0.0.0.0/45415] INFO  server.session (DefaultSessionIdManager.java:doStart(334)) - DefaultSessionIdManager workerName=node0
2021-11-29 08:36:45,155 [Listener at 0.0.0.0/45415] INFO  server.session (DefaultSessionIdManager.java:doStart(339)) - No SessionScavenger set, using defaults
2021-11-29 08:36:45,155 [Listener at 0.0.0.0/45415] INFO  server.session (HouseKeeper.java:startScavenging(132)) - node0 Scavenging every 600000ms
2021-11-29 08:36:45,156 [Listener at 0.0.0.0/45415] INFO  handler.ContextHandler (ContextHandler.java:doStart(915)) - Started o.e.j.s.ServletContextHandler@4002c189{logs,/logs,file:///home/runner/work/ozone/ozone/hadoop-ozone/integration-test/target/log,AVAILABLE}
2021-11-29 08:36:45,156 [Listener at 0.0.0.0/45415] INFO  handler.ContextHandler (ContextHandler.java:doStart(915)) - Started o.e.j.s.ServletContextHandler@2f2f8339{static,/static,file:///home/runner/work/ozone/ozone/hadoop-ozone/integration-test/target/test-classes/webapps/static,AVAILABLE}
2021-11-29 08:36:45,159 [Listener at 0.0.0.0/45415] INFO  handler.ContextHandler (ContextHandler.java:doStart(915)) - Started o.e.j.w.WebAppContext@7000dbd0{scm,/,file:///home/runner/work/ozone/ozone/hadoop-ozone/integration-test/target/test-classes/webapps/scm/,AVAILABLE}{file:/home/runner/work/ozone/ozone/hadoop-ozone/integration-test/target/test-classes/webapps/scm}
2021-11-29 08:36:45,162 [Listener at 0.0.0.0/45415] INFO  server.AbstractConnector (AbstractConnector.java:doStart(331)) - Started ServerConnector@6f369a4a{HTTP/1.1, (http/1.1)}{0.0.0.0:40977}
2021-11-29 08:36:45,162 [Listener at 0.0.0.0/45415] INFO  server.Server (Server.java:doStart(415)) - Started @39257ms
2021-11-29 08:36:45,162 [Listener at 0.0.0.0/45415] WARN  impl.MetricsSystemImpl (MetricsSystemImpl.java:register(279)) - Sink prometheus already exists!
2021-11-29 08:36:45,163 [Listener at 0.0.0.0/45415] INFO  http.BaseHttpServer (BaseHttpServer.java:updateConnectorAddress(329)) - HTTP server of scm listening at http://0.0.0.0:40977
2021-11-29 08:36:45,163 [Listener at 0.0.0.0/45415] WARN  server.ServerUtils (ServerUtils.java:getDBPath(225)) - ozone.om.db.dirs is not configured. We recommend adding this setting. Falling back to ozone.metadata.dirs instead.
2021-11-29 08:36:45,164 [Listener at 0.0.0.0/45415] INFO  ha.OMHANodeDetails (OMHANodeDetails.java:loadOMHAConfig(112)) - ozone.om.internal.service.id is not defined, falling back to ozone.om.service.ids to find serviceID for OzoneManager if it is HA enabled cluster
2021-11-29 08:36:45,164 [Listener at 0.0.0.0/45415] INFO  ha.OMHANodeDetails (OMHANodeDetails.java:loadOMHAConfig(217)) - Configuration does not have ozone.om.address set. Falling back to the default OM address /127.0.0.1:0
2021-11-29 08:36:45,164 [Listener at 0.0.0.0/45415] INFO  ha.OMHANodeDetails (OMHANodeDetails.java:getOMNodeDetailsForNonHA(245)) - OM Service ID is not set. Setting it to the default ID: omServiceIdDefault
2021-11-29 08:36:45,164 [Listener at 0.0.0.0/45415] INFO  ha.OMHANodeDetails (OMHANodeDetails.java:getOMNodeDetailsForNonHA(252)) - OM Node ID is not set. Setting it to the default ID: om1
2021-11-29 08:36:45,165 [Listener at 0.0.0.0/45415] WARN  server.ServerUtils (ServerUtils.java:getDBPath(225)) - ozone.om.db.dirs is not configured. We recommend adding this setting. Falling back to ozone.metadata.dirs instead.
2021-11-29 08:36:45,165 [Listener at 0.0.0.0/45415] INFO  upgrade.AbstractLayoutVersionManager (AbstractLayoutVersionManager.java:init(79)) - Initializing Layout version manager with metadata layout = INITIAL_VERSION (version = 0), software layout = INITIAL_VERSION (version = 0)
2021-11-29 08:36:45,224 [Listener at 0.0.0.0/45415] INFO  reflections.Reflections (Reflections.java:scan(232)) - Reflections took 58 ms to scan 2 urls, producing 132 keys and 344 values [using 2 cores]
2021-11-29 08:36:45,224 [Listener at 0.0.0.0/45415] INFO  upgrade.OMLayoutVersionManager (OMLayoutVersionManager.java:lambda$0(115)) - Skipping Upgrade Action MockOmUpgradeAction since it has been finalized.
2021-11-29 08:36:45,225 [Listener at 0.0.0.0/45415] WARN  server.ServerUtils (ServerUtils.java:getDBPath(225)) - ozone.om.db.dirs is not configured. We recommend adding this setting. Falling back to ozone.metadata.dirs instead.
2021-11-29 08:36:45,237 [Listener at 0.0.0.0/45415] WARN  server.ServerUtils (ServerUtils.java:getDBPath(225)) - ozone.om.db.dirs is not configured. We recommend adding this setting. Falling back to ozone.metadata.dirs instead.
2021-11-29 08:36:45,238 [Listener at 0.0.0.0/45415] INFO  codec.OmKeyInfoCodec (OmKeyInfoCodec.java:<init>(50)) - OmKeyInfoCodec ignorePipeline = true
2021-11-29 08:36:45,238 [Listener at 0.0.0.0/45415] INFO  codec.RepeatedOmKeyInfoCodec (RepeatedOmKeyInfoCodec.java:<init>(42)) - RepeatedOmKeyInfoCodec ignorePipeline = true
2021-11-29 08:36:45,323 [ReplicationMonitor] INFO  container.ReplicationManager (ReplicationManager.java:processAll(371)) - Replication Monitor Thread took 0 milliseconds for processing 0 containers.
2021-11-29 08:36:45,418 [Listener at 0.0.0.0/45415] INFO  om.OzoneManager (OzoneManager.java:addS3GVolumeToDB(3609)) - Created Volume s3v With Owner runner required for S3Gateway operations.
2021-11-29 08:36:45,418 [Listener at 0.0.0.0/45415] WARN  server.ServerUtils (ServerUtils.java:getDefaultRatisDirectory(237)) - Storage directory for Ratis is not configured. It is a good idea to map this to an SSD disk. Falling back to ozone.metadata.dirs
2021-11-29 08:36:45,420 [Listener at 0.0.0.0/45415] WARN  utils.OzoneManagerRatisUtils (OzoneManagerRatisUtils.java:getOMRatisSnapshotDirectory(431)) - ozone.om.ratis.snapshot.dir is not configured. Falling back to ozone.metadata.dirs config
2021-11-29 08:36:45,421 [Listener at 0.0.0.0/45415] WARN  impl.MetricRegistriesImpl (MetricRegistriesImpl.java:addReporterRegistration(111)) - New reporters are added after registries were created. Some metrics will be missing from the reporter. Please add reporter before adding any new registry.
2021-11-29 08:36:45,422 [Listener at 0.0.0.0/45415] WARN  impl.MetricRegistriesImpl (MetricRegistriesImpl.java:addReporterRegistration(111)) - New reporters are added after registries were created. Some metrics will be missing from the reporter. Please add reporter before adding any new registry.
2021-11-29 08:36:45,422 [Listener at 0.0.0.0/45415] WARN  server.ServerUtils (ServerUtils.java:getDefaultRatisDirectory(237)) - Storage directory for Ratis is not configured. It is a good idea to map this to an SSD disk. Falling back to ozone.metadata.dirs
2021-11-29 08:36:45,423 [Listener at 0.0.0.0/45415] INFO  ratis.OzoneManagerRatisServer (OzoneManagerRatisServer.java:<init>(159)) - Instantiating OM Ratis server with groupID: omServiceIdDefault and peers: localhost:37761
2021-11-29 08:36:45,426 [Listener at 0.0.0.0/45415] INFO  ratis.OzoneManagerStateMachine (OzoneManagerStateMachine.java:loadSnapshotInfoFromDB(605)) - LastAppliedIndex is set from TransactionInfo from OM DB as (t:0, i:~)
2021-11-29 08:36:45,431 [Listener at 0.0.0.0/45415] INFO  server.RaftServer (ConfUtils.java:logGet(44)) - raft.rpc.type = GRPC (default)
2021-11-29 08:36:45,431 [Listener at 0.0.0.0/45415] INFO  grpc.GrpcFactory (GrpcFactory.java:checkPooledByteBufAllocatorUseCacheForAllThreads(48)) - PERFORMANCE WARNING: useCacheForAllThreads is true that may cause Netty to create a lot garbage objects and, as a result, trigger GC.
	It is recommended to disable useCacheForAllThreads by setting -Dorg.apache.ratis.thirdparty.io.netty.allocator.useCacheForAllThreads=false in command line.
2021-11-29 08:36:45,431 [Listener at 0.0.0.0/45415] INFO  grpc.GrpcConfigKeys (ConfUtils.java:logGet(44)) - raft.grpc.admin.port = -1 (default)
2021-11-29 08:36:45,431 [Listener at 0.0.0.0/45415] INFO  grpc.GrpcConfigKeys (ConfUtils.java:logGet(44)) - raft.grpc.server.port = 37761 (custom)
2021-11-29 08:36:45,431 [Listener at 0.0.0.0/45415] INFO  grpc.GrpcConfigKeys (ConfUtils.java:logGet(44)) - raft.grpc.client.port = -1 (default)
2021-11-29 08:36:45,432 [Listener at 0.0.0.0/45415] INFO  grpc.GrpcConfigKeys (ConfUtils.java:logGet(44)) - raft.grpc.server.port = 37761 (custom)
2021-11-29 08:36:45,432 [Listener at 0.0.0.0/45415] INFO  grpc.GrpcConfigKeys (ConfUtils.java:logGet(44)) - raft.grpc.server.port = 37761 (custom)
2021-11-29 08:36:45,432 [Listener at 0.0.0.0/45415] INFO  server.GrpcService (ConfUtils.java:logGet(44)) - raft.grpc.message.size.max = 33554432 (custom)
2021-11-29 08:36:45,432 [Listener at 0.0.0.0/45415] INFO  server.RaftServerConfigKeys (ConfUtils.java:logGet(44)) - raft.server.log.appender.buffer.byte-limit = 33554432 (custom)
2021-11-29 08:36:45,432 [Listener at 0.0.0.0/45415] INFO  server.GrpcService (ConfUtils.java:logGet(44)) - raft.grpc.flow.control.window = 1MB (=1048576) (default)
2021-11-29 08:36:45,432 [Listener at 0.0.0.0/45415] INFO  server.RaftServerConfigKeys (ConfUtils.java:logGet(44)) - raft.server.rpc.request.timeout = 3000ms (default)
2021-11-29 08:36:45,433 [Listener at 0.0.0.0/45415] INFO  impl.DataStreamServerImpl (ConfUtils.java:logGet(44)) - raft.datastream.type = DISABLED (default)
2021-11-29 08:36:45,433 [Listener at 0.0.0.0/45415] INFO  server.RaftServerConfigKeys (ConfUtils.java:logGet(44)) - raft.server.rpc.slowness.timeout = 120s (custom)
2021-11-29 08:36:45,433 [Listener at 0.0.0.0/45415] INFO  server.RaftServerConfigKeys (ConfUtils.java:logGet(44)) - raft.server.leaderelection.leader.step-down.wait-time = 10s (default)
2021-11-29 08:36:45,433 [Listener at 0.0.0.0/45415] INFO  server.RaftServerConfigKeys (ConfUtils.java:logGet(44)) - raft.server.storage.dir = [/home/runner/work/ozone/ozone/hadoop-ozone/integration-test/target/test-dir/MiniOzoneClusterImpl-1264e839-bf81-4321-8fa1-d8fb3a10d01e/ozone-meta/ratis] (custom)
2021-11-29 08:36:45,440 [Listener at 0.0.0.0/45415] INFO  server.RaftServer (RaftServerProxy.java:addNew(95)) - om1: addNew group-C5BA1605619E:[om1|rpc:localhost:37761|priority:0] returns group-C5BA1605619E:java.util.concurrent.CompletableFuture@787c18fa[Not completed]
2021-11-29 08:36:45,440 [Listener at 0.0.0.0/45415] INFO  om.OzoneManager (OzoneManager.java:initializeRatisServer(1771)) - OzoneManager Ratis server initialized at port 37761
2021-11-29 08:36:45,441 [Listener at 0.0.0.0/45415] INFO  ipc.CallQueueManager (CallQueueManager.java:<init>(90)) - Using callQueue: class java.util.concurrent.LinkedBlockingQueue, queueCapacity: 2000, scheduler: class org.apache.hadoop.ipc.DefaultRpcScheduler, ipcBackoff: false.
2021-11-29 08:36:45,443 [pool-438-thread-1] INFO  server.RaftServer$Division (RaftServerImpl.java:<init>(184)) - om1: new RaftServerImpl for group-C5BA1605619E:[om1|rpc:localhost:37761|priority:0] with OzoneManagerStateMachine:uninitialized
2021-11-29 08:36:45,443 [pool-438-thread-1] INFO  server.RaftServerConfigKeys (ConfUtils.java:logGet(44)) - raft.server.rpc.timeout.min = 1s (custom)
2021-11-29 08:36:45,443 [pool-438-thread-1] INFO  server.RaftServerConfigKeys (ConfUtils.java:logGet(44)) - raft.server.rpc.timeout.max = 1200ms (custom)
2021-11-29 08:36:45,443 [pool-438-thread-1] INFO  server.RaftServerConfigKeys (ConfUtils.java:logGet(44)) - raft.server.rpc.sleep.time = 25ms (default)
2021-11-29 08:36:45,443 [pool-438-thread-1] INFO  server.RaftServerConfigKeys (ConfUtils.java:logGet(44)) - raft.server.rpc.slowness.timeout = 120s (custom)
2021-11-29 08:36:45,443 [pool-438-thread-1] INFO  server.RaftServerConfigKeys (ConfUtils.java:logGet(44)) - raft.server.leaderelection.leader.step-down.wait-time = 10s (default)
2021-11-29 08:36:45,443 [pool-438-thread-1] INFO  server.RaftServerConfigKeys (ConfUtils.java:logGet(44)) - raft.server.sleep.deviation.threshold = 300ms (default)
2021-11-29 08:36:45,444 [pool-438-thread-1] INFO  server.RaftServerConfigKeys (ConfUtils.java:logGet(44)) - raft.server.log.appender.install.snapshot.enabled = false (custom)
2021-11-29 08:36:45,444 [pool-438-thread-1] INFO  server.RaftServer$Division (ServerState.java:<init>(105)) - om1@group-C5BA1605619E: ConfigurationManager, init=-1: [om1|rpc:localhost:37761|priority:0], old=null, confs=<EMPTY_MAP>
2021-11-29 08:36:45,444 [pool-438-thread-1] INFO  server.RaftServerConfigKeys (ConfUtils.java:logGet(44)) - raft.server.storage.dir = [/home/runner/work/ozone/ozone/hadoop-ozone/integration-test/target/test-dir/MiniOzoneClusterImpl-1264e839-bf81-4321-8fa1-d8fb3a10d01e/ozone-meta/ratis] (custom)
2021-11-29 08:36:45,444 [pool-438-thread-1] INFO  server.RaftServerConfigKeys (ConfUtils.java:logGet(44)) - raft.server.log.corruption.policy = EXCEPTION (default)
2021-11-29 08:36:45,444 [pool-438-thread-1] INFO  server.RaftServerConfigKeys (ConfUtils.java:logGet(44)) - raft.server.storage.free-space.min = 0MB (=0) (default)
2021-11-29 08:36:45,444 [pool-438-thread-1] INFO  storage.RaftStorageDirectory (RaftStorageDirectoryImpl.java:analyzeStorage(135)) - The storage directory /home/runner/work/ozone/ozone/hadoop-ozone/integration-test/target/test-dir/MiniOzoneClusterImpl-1264e839-bf81-4321-8fa1-d8fb3a10d01e/ozone-meta/ratis/bf265839-605b-3f16-9796-c5ba1605619e does not exist. Creating ...
2021-11-29 08:36:45,446 [pool-438-thread-1] INFO  storage.RaftStorageDirectory (RaftStorageDirectoryImpl.java:tryLock(230)) - Lock on /home/runner/work/ozone/ozone/hadoop-ozone/integration-test/target/test-dir/MiniOzoneClusterImpl-1264e839-bf81-4321-8fa1-d8fb3a10d01e/ozone-meta/ratis/bf265839-605b-3f16-9796-c5ba1605619e/in_use.lock acquired by nodename 398@fv-az294-535
2021-11-29 08:36:45,448 [pool-438-thread-1] INFO  storage.RaftStorage (RaftStorageImpl.java:format(89)) - Storage directory /home/runner/work/ozone/ozone/hadoop-ozone/integration-test/target/test-dir/MiniOzoneClusterImpl-1264e839-bf81-4321-8fa1-d8fb3a10d01e/ozone-meta/ratis/bf265839-605b-3f16-9796-c5ba1605619e has been successfully formatted.
2021-11-29 08:36:45,449 [pool-438-thread-1] INFO  server.RaftServerConfigKeys (ConfUtils.java:logGet(44)) - raft.server.notification.no-leader.timeout = 120s (custom)
2021-11-29 08:36:45,449 [Socket Reader #1 for port 0] INFO  ipc.Server (Server.java:run(1265)) - Starting Socket Reader #1 for port 0
2021-11-29 08:36:45,449 [pool-438-thread-1] INFO  server.RaftServerConfigKeys (ConfUtils.java:logGet(44)) - raft.server.log.use.memory = false (default)
2021-11-29 08:36:45,455 [pool-438-thread-1] INFO  server.RaftServerConfigKeys (ConfUtils.java:logGet(44)) - raft.server.log.purge.gap = 1000000 (custom)
2021-11-29 08:36:45,455 [pool-438-thread-1] INFO  server.RaftServerConfigKeys (ConfUtils.java:logGet(44)) - raft.server.log.appender.buffer.byte-limit = 33554432 (custom)
2021-11-29 08:36:45,455 [pool-438-thread-1] INFO  server.RaftServerConfigKeys (ConfUtils.java:logGet(44)) - raft.server.log.segment.size.max = 4194304 (custom)
2021-11-29 08:36:45,455 [pool-438-thread-1] INFO  server.RaftServerConfigKeys (ConfUtils.java:logGet(44)) - raft.server.log.segment.cache.num.max = 2 (custom)
2021-11-29 08:36:45,455 [pool-438-thread-1] INFO  server.RaftServerConfigKeys (ConfUtils.java:logGet(44)) - raft.server.log.segment.cache.size.max = 200MB (=209715200) (default)
2021-11-29 08:36:45,455 [pool-438-thread-1] INFO  segmented.SegmentedRaftLogWorker (SegmentedRaftLogWorker.java:<init>(182)) - new om1@group-C5BA1605619E-SegmentedRaftLogWorker for RaftStorageImpl:Storage Directory /home/runner/work/ozone/ozone/hadoop-ozone/integration-test/target/test-dir/MiniOzoneClusterImpl-1264e839-bf81-4321-8fa1-d8fb3a10d01e/ozone-meta/ratis/bf265839-605b-3f16-9796-c5ba1605619e
2021-11-29 08:36:45,455 [pool-438-thread-1] INFO  server.RaftServerConfigKeys (ConfUtils.java:logGet(44)) - raft.server.log.queue.byte-limit = 64MB (=67108864) (default)
2021-11-29 08:36:45,455 [pool-438-thread-1] INFO  server.RaftServerConfigKeys (ConfUtils.java:logGet(44)) - raft.server.log.queue.element-limit = 4096 (default)
2021-11-29 08:36:45,455 [pool-438-thread-1] INFO  server.RaftServerConfigKeys (ConfUtils.java:logGet(44)) - raft.server.log.segment.size.max = 4194304 (custom)
2021-11-29 08:36:45,455 [pool-438-thread-1] INFO  server.RaftServerConfigKeys (ConfUtils.java:logGet(44)) - raft.server.log.preallocated.size = 4194304 (custom)
2021-11-29 08:36:45,455 [pool-438-thread-1] INFO  server.RaftServerConfigKeys (ConfUtils.java:logGet(44)) - raft.server.log.force.sync.num = 128 (default)
2021-11-29 08:36:45,456 [pool-438-thread-1] INFO  server.RaftServerConfigKeys (ConfUtils.java:logGet(44)) - raft.server.log.statemachine.data.sync = true (default)
2021-11-29 08:36:45,456 [pool-438-thread-1] INFO  server.RaftServerConfigKeys (ConfUtils.java:logGet(44)) - raft.server.log.statemachine.data.sync.timeout = 10s (default)
2021-11-29 08:36:45,456 [pool-438-thread-1] INFO  server.RaftServerConfigKeys (ConfUtils.java:logGet(44)) - raft.server.log.statemachine.data.sync.timeout.retry = -1 (default)
2021-11-29 08:36:45,456 [pool-438-thread-1] INFO  server.RaftServerConfigKeys (ConfUtils.java:logGet(44)) - raft.server.log.write.buffer.size = 64KB (=65536) (default)
2021-11-29 08:36:45,456 [pool-438-thread-1] INFO  server.RaftServerConfigKeys (ConfUtils.java:logGet(44)) - raft.server.log.statemachine.data.caching.enabled = false (default)
2021-11-29 08:36:45,456 [pool-438-thread-1] INFO  segmented.SegmentedRaftLogWorker (SegmentedRaftLogWorker.java:lambda$new$0(133)) - om1@group-C5BA1605619E-SegmentedRaftLogWorker: flushIndex: setUnconditionally 0 -> -1
2021-11-29 08:36:45,456 [pool-438-thread-1] INFO  segmented.SegmentedRaftLogWorker (SegmentedRaftLogWorker.java:lambda$new$0(133)) - om1@group-C5BA1605619E-SegmentedRaftLogWorker: safeCacheEvictIndex: setUnconditionally 0 -> -1
2021-11-29 08:36:45,456 [pool-438-thread-1] INFO  server.RaftServerConfigKeys (ConfUtils.java:logGet(44)) - raft.server.snapshot.auto.trigger.enabled = true (custom)
2021-11-29 08:36:45,456 [pool-438-thread-1] INFO  server.RaftServerConfigKeys (ConfUtils.java:logGet(44)) - raft.server.snapshot.auto.trigger.threshold = 400000 (default)
2021-11-29 08:36:45,456 [pool-438-thread-1] INFO  server.RaftServerConfigKeys (ConfUtils.java:logGet(44)) - raft.server.snapshot.retention.file.num = -1 (default)
2021-11-29 08:36:45,456 [pool-438-thread-1] INFO  server.RaftServerConfigKeys (ConfUtils.java:logGet(44)) - raft.server.log.purge.upto.snapshot.index = true (custom)
2021-11-29 08:36:45,456 [pool-438-thread-1] INFO  server.RaftServerConfigKeys (ConfUtils.java:logGet(44)) - raft.server.retrycache.expirytime = 300s (custom)
2021-11-29 08:36:45,456 [pool-438-thread-1] INFO  server.RaftServerConfigKeys (ConfUtils.java:logGet(44)) - raft.server.retrycache.statistics.expirytime = 100μs (default)
2021-11-29 08:36:45,480 [Listener at 127.0.0.1/41867] INFO  om.OzoneManager (OzoneManager.java:initFSOLayout(3786)) - Configured ozone.om.metadata.layout=SIMPLE and disabled optimized OM FS operations
2021-11-29 08:36:45,485 [Listener at 127.0.0.1/41867] INFO  impl.MetricsSystemImpl (MetricsSystemImpl.java:init(158)) - OzoneManager metrics system started (again)
2021-11-29 08:36:45,507 [Listener at 127.0.0.1/41867] INFO  om.OzoneManager (OzoneManager.java:start(1365)) - OzoneManager RPC server is listening at localhost/127.0.0.1:41867
2021-11-29 08:36:45,508 [Listener at 127.0.0.1/41867] INFO  ratis.OzoneManagerRatisServer (OzoneManagerRatisServer.java:start(516)) - Starting OzoneManagerRatisServer om1 at port 37761
2021-11-29 08:36:45,509 [Listener at 127.0.0.1/41867] INFO  server.RaftServer$Division (RaftServerImpl.java:start(301)) - om1@group-C5BA1605619E: start as a follower, conf=-1: [om1|rpc:localhost:37761|priority:0], old=null
2021-11-29 08:36:45,509 [Listener at 127.0.0.1/41867] INFO  server.RaftServer$Division (RaftServerImpl.java:setRole(290)) - om1@group-C5BA1605619E: changes role from      null to FOLLOWER at term 0 for startAsFollower
2021-11-29 08:36:45,509 [Listener at 127.0.0.1/41867] INFO  impl.RoleInfo (RoleInfo.java:updateAndGet(130)) - om1: start om1@group-C5BA1605619E-FollowerState
2021-11-29 08:36:45,516 [Listener at 127.0.0.1/41867] ERROR util.JmxRegister (JmxRegister.java:tryRegister(40)) - Failed to register JMX Bean with name Ratis:service=RaftServer,group=group-C5BA1605619E,id=om1
javax.management.InstanceAlreadyExistsException: Ratis:service=RaftServer,group=group-C5BA1605619E,id=om1
	at com.sun.jmx.mbeanserver.Repository.addMBean(Repository.java:437)
	at com.sun.jmx.interceptor.DefaultMBeanServerInterceptor.registerWithRepository(DefaultMBeanServerInterceptor.java:1898)
	at com.sun.jmx.interceptor.DefaultMBeanServerInterceptor.registerDynamicMBean(DefaultMBeanServerInterceptor.java:966)
	at com.sun.jmx.interceptor.DefaultMBeanServerInterceptor.registerObject(DefaultMBeanServerInterceptor.java:900)
	at com.sun.jmx.interceptor.DefaultMBeanServerInterceptor.registerMBean(DefaultMBeanServerInterceptor.java:324)
	at com.sun.jmx.mbeanserver.JmxMBeanServer.registerMBean(JmxMBeanServer.java:522)
	at org.apache.ratis.util.JmxRegister.tryRegister(JmxRegister.java:38)
	at org.apache.ratis.util.JmxRegister.register(JmxRegister.java:56)
	at org.apache.ratis.server.impl.RaftServerImpl.registerMBean(RaftServerImpl.java:317)
	at org.apache.ratis.server.impl.RaftServerImpl.start(RaftServerImpl.java:308)
	at java.util.stream.ForEachOps$ForEachOp$OfRef.accept(ForEachOps.java:183)
	at java.util.ArrayList$ArrayListSpliterator.forEachRemaining(ArrayList.java:1384)
	at java.util.stream.AbstractPipeline.copyInto(AbstractPipeline.java:482)
	at java.util.stream.ForEachOps$ForEachTask.compute(ForEachOps.java:290)
	at java.util.concurrent.CountedCompleter.exec(CountedCompleter.java:731)
	at java.util.concurrent.ForkJoinTask.doExec(ForkJoinTask.java:289)
	at java.util.concurrent.ForkJoinTask.doInvoke(ForkJoinTask.java:401)
	at java.util.concurrent.ForkJoinTask.invoke(ForkJoinTask.java:734)
	at java.util.stream.ForEachOps$ForEachOp.evaluateParallel(ForEachOps.java:159)
	at java.util.stream.ForEachOps$ForEachOp$OfRef.evaluateParallel(ForEachOps.java:173)
	at java.util.stream.AbstractPipeline.evaluate(AbstractPipeline.java:233)
	at java.util.stream.ReferencePipeline.forEach(ReferencePipeline.java:485)
	at java.util.stream.ReferencePipeline$Head.forEach(ReferencePipeline.java:650)
	at org.apache.ratis.server.impl.RaftServerProxy.start(RaftServerProxy.java:371)
	at org.apache.hadoop.ozone.om.ratis.OzoneManagerRatisServer.start(OzoneManagerRatisServer.java:518)
	at org.apache.hadoop.ozone.om.OzoneManager.start(OzoneManager.java:1372)
	at org.apache.hadoop.ozone.MiniOzoneClusterImpl$Builder.build(MiniOzoneClusterImpl.java:597)
	at org.apache.hadoop.ozone.MiniOzoneClusterProvider.lambda$createClusters$1(MiniOzoneClusterProvider.java:234)
	at java.lang.Thread.run(Thread.java:748)
2021-11-29 08:36:45,516 [Listener at 127.0.0.1/41867] ERROR util.JmxRegister (JmxRegister.java:tryRegister(40)) - Failed to register JMX Bean with name Ratis:service=RaftServer,group=group-C5BA1605619E,id="om1"
javax.management.InstanceAlreadyExistsException: Ratis:service=RaftServer,group=group-C5BA1605619E,id="om1"
	at com.sun.jmx.mbeanserver.Repository.addMBean(Repository.java:437)
	at com.sun.jmx.interceptor.DefaultMBeanServerInterceptor.registerWithRepository(DefaultMBeanServerInterceptor.java:1898)
	at com.sun.jmx.interceptor.DefaultMBeanServerInterceptor.registerDynamicMBean(DefaultMBeanServerInterceptor.java:966)
	at com.sun.jmx.interceptor.DefaultMBeanServerInterceptor.registerObject(DefaultMBeanServerInterceptor.java:900)
	at com.sun.jmx.interceptor.DefaultMBeanServerInterceptor.registerMBean(DefaultMBeanServerInterceptor.java:324)
	at com.sun.jmx.mbeanserver.JmxMBeanServer.registerMBean(JmxMBeanServer.java:522)
	at org.apache.ratis.util.JmxRegister.tryRegister(JmxRegister.java:38)
	at org.apache.ratis.util.JmxRegister.register(JmxRegister.java:56)
	at org.apache.ratis.server.impl.RaftServerImpl.registerMBean(RaftServerImpl.java:317)
	at org.apache.ratis.server.impl.RaftServerImpl.start(RaftServerImpl.java:308)
	at java.util.stream.ForEachOps$ForEachOp$OfRef.accept(ForEachOps.java:183)
	at java.util.ArrayList$ArrayListSpliterator.forEachRemaining(ArrayList.java:1384)
	at java.util.stream.AbstractPipeline.copyInto(AbstractPipeline.java:482)
	at java.util.stream.ForEachOps$ForEachTask.compute(ForEachOps.java:290)
	at java.util.concurrent.CountedCompleter.exec(CountedCompleter.java:731)
	at java.util.concurrent.ForkJoinTask.doExec(ForkJoinTask.java:289)
	at java.util.concurrent.ForkJoinTask.doInvoke(ForkJoinTask.java:401)
	at java.util.concurrent.ForkJoinTask.invoke(ForkJoinTask.java:734)
	at java.util.stream.ForEachOps$ForEachOp.evaluateParallel(ForEachOps.java:159)
	at java.util.stream.ForEachOps$ForEachOp$OfRef.evaluateParallel(ForEachOps.java:173)
	at java.util.stream.AbstractPipeline.evaluate(AbstractPipeline.java:233)
	at java.util.stream.ReferencePipeline.forEach(ReferencePipeline.java:485)
	at java.util.stream.ReferencePipeline$Head.forEach(ReferencePipeline.java:650)
	at org.apache.ratis.server.impl.RaftServerProxy.start(RaftServerProxy.java:371)
	at org.apache.hadoop.ozone.om.ratis.OzoneManagerRatisServer.start(OzoneManagerRatisServer.java:518)
	at org.apache.hadoop.ozone.om.OzoneManager.start(OzoneManager.java:1372)
	at org.apache.hadoop.ozone.MiniOzoneClusterImpl$Builder.build(MiniOzoneClusterImpl.java:597)
	at org.apache.hadoop.ozone.MiniOzoneClusterProvider.lambda$createClusters$1(MiniOzoneClusterProvider.java:234)
	at java.lang.Thread.run(Thread.java:748)
2021-11-29 08:36:45,522 [Listener at 127.0.0.1/41867] INFO  server.RaftServer (RaftServerProxy.java:lambda$start$5(374)) - om1: start RPC server
2021-11-29 08:36:45,522 [Listener at 127.0.0.1/41867] INFO  server.GrpcService (GrpcService.java:startImpl(253)) - om1: GrpcService started, listening on 37761
2021-11-29 08:36:45,526 [Listener at 127.0.0.1/41867] INFO  om.OzoneManager (OzoneManager.java:start(1381)) - Version File has different layout version (0) than OM DB (null). That is expected if this OM has never been finalized to a newer layout version.
2021-11-29 08:36:45,526 [org.apache.ratis.util.JvmPauseMonitor$$Lambda$536/2115437300@39c950ff] INFO  util.JvmPauseMonitor (JvmPauseMonitor.java:run(103)) - JvmPauseMonitor-om1: Started
2021-11-29 08:36:45,541 [Listener at 127.0.0.1/41867] INFO  http.BaseHttpServer (BaseHttpServer.java:newHttpServer2BuilderForOzone(209)) - Starting Web-server for ozoneManager at: http://0.0.0.0:0
2021-11-29 08:36:45,541 [Listener at 127.0.0.1/41867] INFO  http.BaseHttpServer (BaseHttpServer.java:<init>(107)) - Hadoop Security Enabled: false Ozone Security Enabled: false Ozone HTTP Security Enabled: false 
2021-11-29 08:36:45,542 [Listener at 127.0.0.1/41867] INFO  server.AuthenticationFilter (AuthenticationFilter.java:constructSecretProvider(240)) - Unable to initialize FileSignerSecretProvider, falling back to use random secrets.
2021-11-29 08:36:45,546 [Listener at 127.0.0.1/41867] WARN  http.HttpRequestLog (HttpRequestLog.java:getRequestLog(103)) - Jetty request log can only be enabled using Log4j
2021-11-29 08:36:45,547 [Listener at 127.0.0.1/41867] INFO  http.HttpServer2 (HttpServer2.java:addGlobalFilter(1030)) - Added global filter 'safety' (class=org.apache.hadoop.hdds.server.http.HttpServer2$QuotingInputFilter)
2021-11-29 08:36:45,547 [Listener at 127.0.0.1/41867] INFO  http.HttpServer2 (HttpServer2.java:addFilter(1006)) - Added filter static_user_filter (class=org.apache.hadoop.http.lib.StaticUserWebFilter$StaticUserFilter) to context ozoneManager
2021-11-29 08:36:45,547 [Listener at 127.0.0.1/41867] INFO  http.HttpServer2 (HttpServer2.java:addFilter(1014)) - Added filter static_user_filter (class=org.apache.hadoop.http.lib.StaticUserWebFilter$StaticUserFilter) to context logs
2021-11-29 08:36:45,547 [Listener at 127.0.0.1/41867] INFO  http.HttpServer2 (HttpServer2.java:addFilter(1014)) - Added filter static_user_filter (class=org.apache.hadoop.http.lib.StaticUserWebFilter$StaticUserFilter) to context static
2021-11-29 08:36:45,548 [Listener at 127.0.0.1/41867] INFO  http.HttpServer2 (HttpServer2.java:bindListener(1249)) - Jetty bound to port 41015
2021-11-29 08:36:45,548 [Listener at 127.0.0.1/41867] INFO  server.Server (Server.java:doStart(375)) - jetty-9.4.43.v20210629; built: 2021-06-30T11:07:22.254Z; git: 526006ecfa3af7f1a27ef3a288e2bef7ea9dd7e8; jvm 1.8.0_292-b10
2021-11-29 08:36:45,597 [Listener at 127.0.0.1/41867] INFO  server.session (DefaultSessionIdManager.java:doStart(334)) - DefaultSessionIdManager workerName=node0
2021-11-29 08:36:45,598 [Listener at 127.0.0.1/41867] INFO  server.session (DefaultSessionIdManager.java:doStart(339)) - No SessionScavenger set, using defaults
2021-11-29 08:36:45,598 [Listener at 127.0.0.1/41867] INFO  server.session (HouseKeeper.java:startScavenging(132)) - node0 Scavenging every 660000ms
2021-11-29 08:36:45,604 [Listener at 127.0.0.1/41867] INFO  handler.ContextHandler (ContextHandler.java:doStart(915)) - Started o.e.j.s.ServletContextHandler@71bb603b{logs,/logs,file:///home/runner/work/ozone/ozone/hadoop-ozone/integration-test/target/log,AVAILABLE}
2021-11-29 08:36:45,604 [Listener at 127.0.0.1/41867] INFO  handler.ContextHandler (ContextHandler.java:doStart(915)) - Started o.e.j.s.ServletContextHandler@59d21bf7{static,/static,file:///home/runner/work/ozone/ozone/hadoop-ozone/integration-test/target/test-classes/webapps/static,AVAILABLE}
2021-11-29 08:36:45,608 [Listener at 127.0.0.1/41867] INFO  handler.ContextHandler (ContextHandler.java:doStart(915)) - Started o.e.j.w.WebAppContext@21816517{ozoneManager,/,file:///home/runner/work/ozone/ozone/hadoop-ozone/integration-test/target/test-classes/webapps/ozoneManager/,AVAILABLE}{file:/home/runner/work/ozone/ozone/hadoop-ozone/integration-test/target/test-classes/webapps/ozoneManager}
2021-11-29 08:36:45,611 [Listener at 127.0.0.1/41867] INFO  server.AbstractConnector (AbstractConnector.java:doStart(331)) - Started ServerConnector@6db6677e{HTTP/1.1, (http/1.1)}{0.0.0.0:41015}
2021-11-29 08:36:45,611 [Listener at 127.0.0.1/41867] INFO  server.Server (Server.java:doStart(415)) - Started @39706ms
2021-11-29 08:36:45,611 [Listener at 127.0.0.1/41867] WARN  impl.MetricsSystemImpl (MetricsSystemImpl.java:register(279)) - Sink prometheus already exists!
2021-11-29 08:36:45,612 [Listener at 127.0.0.1/41867] INFO  http.BaseHttpServer (BaseHttpServer.java:updateConnectorAddress(329)) - HTTP server of ozoneManager listening at http://0.0.0.0:41015
2021-11-29 08:36:45,612 [IPC Server Responder] INFO  ipc.Server (Server.java:run(1507)) - IPC Server Responder: starting
2021-11-29 08:36:45,613 [IPC Server listener on 0] INFO  ipc.Server (Server.java:run(1344)) - IPC Server listener on 0: starting
2021-11-29 08:36:45,618 [Listener at 127.0.0.1/41867] INFO  om.OzoneManager (OzoneManager.java:startTrashEmptier(1729)) - Trash Interval set to 0. Files deleted will not move to trash
2021-11-29 08:36:45,632 [org.apache.hadoop.util.JvmPauseMonitor$Monitor@5b443] INFO  util.JvmPauseMonitor (JvmPauseMonitor.java:run(188)) - Starting JVM pause monitor
2021-11-29 08:36:45,652 [Listener at 127.0.0.1/41867] WARN  impl.MetricRegistriesImpl (MetricRegistriesImpl.java:addReporterRegistration(111)) - New reporters are added after registries were created. Some metrics will be missing from the reporter. Please add reporter before adding any new registry.
2021-11-29 08:36:45,652 [Listener at 127.0.0.1/41867] WARN  impl.MetricRegistriesImpl (MetricRegistriesImpl.java:addReporterRegistration(111)) - New reporters are added after registries were created. Some metrics will be missing from the reporter. Please add reporter before adding any new registry.
2021-11-29 08:36:45,652 [Listener at 127.0.0.1/41867] INFO  impl.MetricsSystemImpl (MetricsSystemImpl.java:init(158)) - HddsDatanode metrics system started (again)
2021-11-29 08:36:45,672 [Listener at 127.0.0.1/41867] INFO  ozone.HddsDatanodeService (HddsDatanodeService.java:start(234)) - HddsDatanodeService host:fv-az294-535.eaanfquahm5ulb5tj050gcxych.jx.internal.cloudapp.net ip:10.1.0.67
2021-11-29 08:36:45,699 [Listener at 127.0.0.1/41867] INFO  upgrade.AbstractLayoutVersionManager (AbstractLayoutVersionManager.java:init(79)) - Initializing Layout version manager with metadata layout = SCM_HA (version = 2), software layout = SCM_HA (version = 2)
2021-11-29 08:36:45,758 [Listener at 127.0.0.1/41867] INFO  reflections.Reflections (Reflections.java:scan(232)) - Reflections took 55 ms to scan 7 urls, producing 119 keys and 279 values 
2021-11-29 08:36:45,762 [Listener at 127.0.0.1/41867] INFO  statemachine.DatanodeStateMachine (DatanodeStateMachine.java:getEndPointTaskThreadPoolSize(219)) - Datanode State Machine Task Thread Pool size 2
2021-11-29 08:36:45,763 [Listener at 127.0.0.1/41867] INFO  volume.HddsVolume (HddsVolume.java:<init>(120)) - Creating HddsVolume: /home/runner/work/ozone/ozone/hadoop-ozone/integration-test/target/test-dir/MiniOzoneClusterImpl-1264e839-bf81-4321-8fa1-d8fb3a10d01e/datanode-0/data-0/containers/hdds of storage type : DISK capacity : 9223372036854775807
2021-11-29 08:36:45,764 [Listener at 127.0.0.1/41867] INFO  volume.MutableVolumeSet (MutableVolumeSet.java:initializeVolumeSet(168)) - Added Volume : /home/runner/work/ozone/ozone/hadoop-ozone/integration-test/target/test-dir/MiniOzoneClusterImpl-1264e839-bf81-4321-8fa1-d8fb3a10d01e/datanode-0/data-0/containers/hdds to VolumeSet
2021-11-29 08:36:45,764 [Listener at 127.0.0.1/41867] INFO  volume.ThrottledAsyncChecker (ThrottledAsyncChecker.java:schedule(141)) - Scheduling a check for /home/runner/work/ozone/ozone/hadoop-ozone/integration-test/target/test-dir/MiniOzoneClusterImpl-1264e839-bf81-4321-8fa1-d8fb3a10d01e/datanode-0/data-0/containers/hdds
2021-11-29 08:36:45,765 [Listener at 127.0.0.1/41867] INFO  volume.StorageVolumeChecker (StorageVolumeChecker.java:checkAllVolumes(202)) - Scheduled health check for volume /home/runner/work/ozone/ozone/hadoop-ozone/integration-test/target/test-dir/MiniOzoneClusterImpl-1264e839-bf81-4321-8fa1-d8fb3a10d01e/datanode-0/data-0/containers/hdds
2021-11-29 08:36:45,779 [Listener at 127.0.0.1/41867] INFO  volume.MutableVolumeSet (MutableVolumeSet.java:initializeVolumeSet(168)) - Added Volume : /home/runner/work/ozone/ozone/hadoop-ozone/integration-test/target/test-dir/MiniOzoneClusterImpl-1264e839-bf81-4321-8fa1-d8fb3a10d01e/datanode-0/data/ratis to VolumeSet
2021-11-29 08:36:45,779 [Listener at 127.0.0.1/41867] INFO  volume.ThrottledAsyncChecker (ThrottledAsyncChecker.java:schedule(141)) - Scheduling a check for /home/runner/work/ozone/ozone/hadoop-ozone/integration-test/target/test-dir/MiniOzoneClusterImpl-1264e839-bf81-4321-8fa1-d8fb3a10d01e/datanode-0/data/ratis
2021-11-29 08:36:45,780 [Listener at 127.0.0.1/41867] INFO  volume.StorageVolumeChecker (StorageVolumeChecker.java:checkAllVolumes(202)) - Scheduled health check for volume /home/runner/work/ozone/ozone/hadoop-ozone/integration-test/target/test-dir/MiniOzoneClusterImpl-1264e839-bf81-4321-8fa1-d8fb3a10d01e/datanode-0/data/ratis
2021-11-29 08:36:45,795 [Thread-1004] INFO  ozoneimpl.ContainerReader (ContainerReader.java:readVolume(172)) - Finish verifying containers on volume /home/runner/work/ozone/ozone/hadoop-ozone/integration-test/target/test-dir/MiniOzoneClusterImpl-1264e839-bf81-4321-8fa1-d8fb3a10d01e/datanode-0/data-0/containers/hdds
2021-11-29 08:36:45,795 [Listener at 127.0.0.1/41867] INFO  ozoneimpl.OzoneContainer (OzoneContainer.java:buildContainerSet(236)) - Build ContainerSet costs 0s
2021-11-29 08:36:45,797 [Listener at 127.0.0.1/41867] INFO  server.RaftServer (ConfUtils.java:logGet(44)) - raft.rpc.type = GRPC (default)
2021-11-29 08:36:45,798 [Listener at 127.0.0.1/41867] INFO  grpc.GrpcFactory (GrpcFactory.java:checkPooledByteBufAllocatorUseCacheForAllThreads(48)) - PERFORMANCE WARNING: useCacheForAllThreads is true that may cause Netty to create a lot garbage objects and, as a result, trigger GC.
	It is recommended to disable useCacheForAllThreads by setting -Dorg.apache.ratis.thirdparty.io.netty.allocator.useCacheForAllThreads=false in command line.
2021-11-29 08:36:45,798 [Listener at 127.0.0.1/41867] INFO  grpc.GrpcConfigKeys (ConfUtils.java:logGet(44)) - raft.grpc.admin.port = 0 (custom)
2021-11-29 08:36:45,798 [Listener at 127.0.0.1/41867] INFO  grpc.GrpcConfigKeys (ConfUtils.java:logGet(44)) - raft.grpc.client.port = 0 (custom)
2021-11-29 08:36:45,798 [Listener at 127.0.0.1/41867] INFO  grpc.GrpcConfigKeys (ConfUtils.java:logGet(44)) - raft.grpc.server.port = 0 (default)
2021-11-29 08:36:45,798 [Listener at 127.0.0.1/41867] INFO  server.GrpcService (ConfUtils.java:logGet(44)) - raft.grpc.message.size.max = 32MB (=33554432) (custom)
2021-11-29 08:36:45,798 [Listener at 127.0.0.1/41867] INFO  server.RaftServerConfigKeys (ConfUtils.java:logGet(44)) - raft.server.log.appender.buffer.byte-limit = 33554432 (custom)
2021-11-29 08:36:45,798 [Listener at 127.0.0.1/41867] INFO  server.GrpcService (ConfUtils.java:logGet(44)) - raft.grpc.flow.control.window = 5MB (=5242880) (custom)
2021-11-29 08:36:45,798 [Listener at 127.0.0.1/41867] INFO  server.RaftServerConfigKeys (ConfUtils.java:logGet(44)) - raft.server.rpc.request.timeout = 60s (custom)
2021-11-29 08:36:45,800 [Listener at 127.0.0.1/41867] INFO  impl.DataStreamServerImpl (ConfUtils.java:logGet(44)) - raft.datastream.type = DISABLED (default)
2021-11-29 08:36:45,800 [Listener at 127.0.0.1/41867] INFO  server.RaftServerConfigKeys (ConfUtils.java:logGet(44)) - raft.server.rpc.slowness.timeout = 300s (custom)
2021-11-29 08:36:45,800 [Listener at 127.0.0.1/41867] INFO  server.RaftServerConfigKeys (ConfUtils.java:logGet(44)) - raft.server.leaderelection.leader.step-down.wait-time = 10s (default)
2021-11-29 08:36:45,801 [Listener at 127.0.0.1/41867] INFO  server.RaftServerConfigKeys (ConfUtils.java:logGet(44)) - raft.server.storage.dir = [/home/runner/work/ozone/ozone/hadoop-ozone/integration-test/target/test-dir/MiniOzoneClusterImpl-1264e839-bf81-4321-8fa1-d8fb3a10d01e/datanode-0/data/ratis] (custom)
2021-11-29 08:36:45,813 [Listener at 127.0.0.1/41867] INFO  http.BaseHttpServer (BaseHttpServer.java:newHttpServer2BuilderForOzone(209)) - Starting Web-server for hddsDatanode at: http://0.0.0.0:0
2021-11-29 08:36:45,813 [Listener at 127.0.0.1/41867] INFO  http.BaseHttpServer (BaseHttpServer.java:<init>(107)) - Hadoop Security Enabled: false Ozone Security Enabled: false Ozone HTTP Security Enabled: false 
2021-11-29 08:36:45,814 [Listener at 127.0.0.1/41867] INFO  server.AuthenticationFilter (AuthenticationFilter.java:constructSecretProvider(240)) - Unable to initialize FileSignerSecretProvider, falling back to use random secrets.
2021-11-29 08:36:45,818 [Listener at 127.0.0.1/41867] WARN  http.HttpRequestLog (HttpRequestLog.java:getRequestLog(103)) - Jetty request log can only be enabled using Log4j
2021-11-29 08:36:45,819 [Listener at 127.0.0.1/41867] INFO  http.HttpServer2 (HttpServer2.java:addGlobalFilter(1030)) - Added global filter 'safety' (class=org.apache.hadoop.hdds.server.http.HttpServer2$QuotingInputFilter)
2021-11-29 08:36:45,820 [Listener at 127.0.0.1/41867] INFO  http.HttpServer2 (HttpServer2.java:addFilter(1006)) - Added filter static_user_filter (class=org.apache.hadoop.http.lib.StaticUserWebFilter$StaticUserFilter) to context hddsDatanode
2021-11-29 08:36:45,820 [Listener at 127.0.0.1/41867] INFO  http.HttpServer2 (HttpServer2.java:addFilter(1014)) - Added filter static_user_filter (class=org.apache.hadoop.http.lib.StaticUserWebFilter$StaticUserFilter) to context logs
2021-11-29 08:36:45,820 [Listener at 127.0.0.1/41867] INFO  http.HttpServer2 (HttpServer2.java:addFilter(1014)) - Added filter static_user_filter (class=org.apache.hadoop.http.lib.StaticUserWebFilter$StaticUserFilter) to context static
2021-11-29 08:36:45,820 [Listener at 127.0.0.1/41867] INFO  http.HttpServer2 (HttpServer2.java:bindListener(1249)) - Jetty bound to port 44765
2021-11-29 08:36:45,820 [Listener at 127.0.0.1/41867] INFO  server.Server (Server.java:doStart(375)) - jetty-9.4.43.v20210629; built: 2021-06-30T11:07:22.254Z; git: 526006ecfa3af7f1a27ef3a288e2bef7ea9dd7e8; jvm 1.8.0_292-b10
2021-11-29 08:36:46,061 [org.apache.ratis.util.JvmPauseMonitor$$Lambda$536/2115437300@38ec0959] WARN  util.JvmPauseMonitor (JvmPauseMonitor.java:detectPause(124)) - JvmPauseMonitor-om1: Detected pause in JVM or host machine (eg GC): pause of approximately 113277880ns.
GC pool 'PS MarkSweep' had collection(s): count=1 time=171ms
GC pool 'PS Scavenge' had collection(s): count=1 time=35ms
2021-11-29 08:36:46,062 [org.apache.ratis.util.JvmPauseMonitor$$Lambda$536/2115437300@56815898] WARN  util.JvmPauseMonitor (JvmPauseMonitor.java:detectPause(124)) - JvmPauseMonitor-om1: Detected pause in JVM or host machine (eg GC): pause of approximately 115928003ns.
GC pool 'PS MarkSweep' had collection(s): count=1 time=171ms
GC pool 'PS Scavenge' had collection(s): count=1 time=35ms
2021-11-29 08:36:46,062 [org.apache.ratis.util.JvmPauseMonitor$$Lambda$536/2115437300@6d836902] WARN  util.JvmPauseMonitor (JvmPauseMonitor.java:detectPause(124)) - JvmPauseMonitor-172a3cc1-7404-4a1c-a641-e7203df0c6a5: Detected pause in JVM or host machine (eg GC): pause of approximately 154617430ns.
GC pool 'PS MarkSweep' had collection(s): count=1 time=171ms
GC pool 'PS Scavenge' had collection(s): count=1 time=35ms
2021-11-29 08:36:46,062 [org.apache.ratis.util.JvmPauseMonitor$$Lambda$536/2115437300@40509e09] WARN  util.JvmPauseMonitor (JvmPauseMonitor.java:detectPause(124)) - JvmPauseMonitor-3db34769-df59-458e-92ee-af935640fdc6: Detected pause in JVM or host machine (eg GC): pause of approximately 155030233ns.
GC pool 'PS MarkSweep' had collection(s): count=1 time=171ms
GC pool 'PS Scavenge' had collection(s): count=1 time=35ms
2021-11-29 08:36:46,064 [ReplicationMonitor] INFO  container.ReplicationManager (ReplicationManager.java:processAll(371)) - Replication Monitor Thread took 0 milliseconds for processing 3 containers.
2021-11-29 08:36:46,065 [Listener at 127.0.0.1/41867] INFO  server.session (DefaultSessionIdManager.java:doStart(334)) - DefaultSessionIdManager workerName=node0
2021-11-29 08:36:46,065 [Listener at 127.0.0.1/41867] INFO  server.session (DefaultSessionIdManager.java:doStart(339)) - No SessionScavenger set, using defaults
2021-11-29 08:36:46,065 [Listener at 127.0.0.1/41867] INFO  server.session (HouseKeeper.java:startScavenging(132)) - node0 Scavenging every 600000ms
2021-11-29 08:36:46,066 [Listener at 127.0.0.1/41867] INFO  handler.ContextHandler (ContextHandler.java:doStart(915)) - Started o.e.j.s.ServletContextHandler@6fed482a{logs,/logs,file:///home/runner/work/ozone/ozone/hadoop-ozone/integration-test/target/log,AVAILABLE}
2021-11-29 08:36:46,067 [Listener at 127.0.0.1/41867] INFO  handler.ContextHandler (ContextHandler.java:doStart(915)) - Started o.e.j.s.ServletContextHandler@3155307a{static,/static,jar:file:/home/runner/.m2/repository/org/apache/ozone/hdds-container-service/1.3.0-SNAPSHOT/hdds-container-service-1.3.0-SNAPSHOT.jar!/webapps/static,AVAILABLE}
2021-11-29 08:36:46,086 [ReplicationMonitor] INFO  container.ReplicationManager (ReplicationManager.java:processAll(371)) - Replication Monitor Thread took 0 milliseconds for processing 0 containers.
2021-11-29 08:36:46,119 [Listener at 127.0.0.1/41867] INFO  handler.ContextHandler (ContextHandler.java:doStart(915)) - Started o.e.j.w.WebAppContext@1914fcd6{hddsDatanode,/,file:///tmp/jetty-0_0_0_0-44765-hdds-container-service-1_3_0-SNAPSHOT_jar-_-any-4836383200141856764/webapp/,AVAILABLE}{jar:file:/home/runner/.m2/repository/org/apache/ozone/hdds-container-service/1.3.0-SNAPSHOT/hdds-container-service-1.3.0-SNAPSHOT.jar!/webapps/hddsDatanode}
2021-11-29 08:36:46,122 [Listener at 127.0.0.1/41867] INFO  server.AbstractConnector (AbstractConnector.java:doStart(331)) - Started ServerConnector@42e3af76{HTTP/1.1, (http/1.1)}{0.0.0.0:44765}
2021-11-29 08:36:46,123 [Listener at 127.0.0.1/41867] INFO  server.Server (Server.java:doStart(415)) - Started @40218ms
2021-11-29 08:36:46,123 [Listener at 127.0.0.1/41867] WARN  impl.MetricsSystemImpl (MetricsSystemImpl.java:register(279)) - Sink prometheus already exists!
2021-11-29 08:36:46,123 [Listener at 127.0.0.1/41867] INFO  http.BaseHttpServer (BaseHttpServer.java:updateConnectorAddress(329)) - HTTP server of hddsDatanode listening at http://0.0.0.0:44765
2021-11-29 08:36:46,124 [Listener at 127.0.0.1/41867] WARN  impl.MetricRegistriesImpl (MetricRegistriesImpl.java:addReporterRegistration(111)) - New reporters are added after registries were created. Some metrics will be missing from the reporter. Please add reporter before adding any new registry.
2021-11-29 08:36:46,124 [Listener at 127.0.0.1/41867] WARN  impl.MetricRegistriesImpl (MetricRegistriesImpl.java:addReporterRegistration(111)) - New reporters are added after registries were created. Some metrics will be missing from the reporter. Please add reporter before adding any new registry.
2021-11-29 08:36:46,124 [Listener at 127.0.0.1/41867] INFO  impl.MetricsSystemImpl (MetricsSystemImpl.java:init(158)) - HddsDatanode metrics system started (again)
2021-11-29 08:36:46,129 [Datanode State Machine Daemon Thread] INFO  statemachine.DatanodeStateMachine (DatanodeStateMachine.java:lambda$startDaemon$0(467)) - Ozone container server started.
2021-11-29 08:36:46,138 [Listener at 127.0.0.1/41867] INFO  ozone.HddsDatanodeService (HddsDatanodeService.java:start(234)) - HddsDatanodeService host:fv-az294-535.eaanfquahm5ulb5tj050gcxych.jx.internal.cloudapp.net ip:10.1.0.67
2021-11-29 08:36:46,165 [Listener at 127.0.0.1/41867] INFO  upgrade.AbstractLayoutVersionManager (AbstractLayoutVersionManager.java:init(79)) - Initializing Layout version manager with metadata layout = SCM_HA (version = 2), software layout = SCM_HA (version = 2)
2021-11-29 08:36:46,198 [org.apache.hadoop.util.JvmPauseMonitor$Monitor@131f6494] INFO  util.JvmPauseMonitor (JvmPauseMonitor.java:run(188)) - Starting JVM pause monitor
2021-11-29 08:36:46,203 [Datanode State Machine Task Thread - 0] INFO  datanode.InitDatanodeState (InitDatanodeState.java:persistContainerDatanodeDetails(145)) - DatanodeDetails is persisted to /home/runner/work/ozone/ozone/hadoop-ozone/integration-test/target/test-dir/MiniOzoneClusterImpl-1264e839-bf81-4321-8fa1-d8fb3a10d01e/datanode-0/meta/datanode.id
2021-11-29 08:36:46,213 [Listener at 127.0.0.1/41867] INFO  reflections.Reflections (Reflections.java:scan(232)) - Reflections took 46 ms to scan 7 urls, producing 119 keys and 279 values 
2021-11-29 08:36:46,214 [Listener at 127.0.0.1/41867] INFO  statemachine.DatanodeStateMachine (DatanodeStateMachine.java:getEndPointTaskThreadPoolSize(219)) - Datanode State Machine Task Thread Pool size 2
2021-11-29 08:36:46,216 [Listener at 127.0.0.1/41867] INFO  volume.HddsVolume (HddsVolume.java:<init>(120)) - Creating HddsVolume: /home/runner/work/ozone/ozone/hadoop-ozone/integration-test/target/test-dir/MiniOzoneClusterImpl-1264e839-bf81-4321-8fa1-d8fb3a10d01e/datanode-1/data-0/containers/hdds of storage type : DISK capacity : 9223372036854775807
2021-11-29 08:36:46,216 [Listener at 127.0.0.1/41867] INFO  volume.MutableVolumeSet (MutableVolumeSet.java:initializeVolumeSet(168)) - Added Volume : /home/runner/work/ozone/ozone/hadoop-ozone/integration-test/target/test-dir/MiniOzoneClusterImpl-1264e839-bf81-4321-8fa1-d8fb3a10d01e/datanode-1/data-0/containers/hdds to VolumeSet
2021-11-29 08:36:46,216 [Listener at 127.0.0.1/41867] INFO  volume.ThrottledAsyncChecker (ThrottledAsyncChecker.java:schedule(141)) - Scheduling a check for /home/runner/work/ozone/ozone/hadoop-ozone/integration-test/target/test-dir/MiniOzoneClusterImpl-1264e839-bf81-4321-8fa1-d8fb3a10d01e/datanode-1/data-0/containers/hdds
2021-11-29 08:36:46,224 [Listener at 127.0.0.1/41867] INFO  volume.StorageVolumeChecker (StorageVolumeChecker.java:checkAllVolumes(202)) - Scheduled health check for volume /home/runner/work/ozone/ozone/hadoop-ozone/integration-test/target/test-dir/MiniOzoneClusterImpl-1264e839-bf81-4321-8fa1-d8fb3a10d01e/datanode-1/data-0/containers/hdds
2021-11-29 08:36:46,237 [Listener at 127.0.0.1/41867] INFO  volume.MutableVolumeSet (MutableVolumeSet.java:initializeVolumeSet(168)) - Added Volume : /home/runner/work/ozone/ozone/hadoop-ozone/integration-test/target/test-dir/MiniOzoneClusterImpl-1264e839-bf81-4321-8fa1-d8fb3a10d01e/datanode-1/data/ratis to VolumeSet
2021-11-29 08:36:46,237 [Listener at 127.0.0.1/41867] INFO  volume.ThrottledAsyncChecker (ThrottledAsyncChecker.java:schedule(141)) - Scheduling a check for /home/runner/work/ozone/ozone/hadoop-ozone/integration-test/target/test-dir/MiniOzoneClusterImpl-1264e839-bf81-4321-8fa1-d8fb3a10d01e/datanode-1/data/ratis
2021-11-29 08:36:46,237 [Listener at 127.0.0.1/41867] INFO  volume.StorageVolumeChecker (StorageVolumeChecker.java:checkAllVolumes(202)) - Scheduled health check for volume /home/runner/work/ozone/ozone/hadoop-ozone/integration-test/target/test-dir/MiniOzoneClusterImpl-1264e839-bf81-4321-8fa1-d8fb3a10d01e/datanode-1/data/ratis
2021-11-29 08:36:46,249 [Thread-1018] INFO  ozoneimpl.ContainerReader (ContainerReader.java:readVolume(172)) - Finish verifying containers on volume /home/runner/work/ozone/ozone/hadoop-ozone/integration-test/target/test-dir/MiniOzoneClusterImpl-1264e839-bf81-4321-8fa1-d8fb3a10d01e/datanode-1/data-0/containers/hdds
2021-11-29 08:36:46,249 [Listener at 127.0.0.1/41867] INFO  ozoneimpl.OzoneContainer (OzoneContainer.java:buildContainerSet(236)) - Build ContainerSet costs 0s
2021-11-29 08:36:46,251 [Listener at 127.0.0.1/41867] INFO  server.RaftServer (ConfUtils.java:logGet(44)) - raft.rpc.type = GRPC (default)
2021-11-29 08:36:46,251 [Listener at 127.0.0.1/41867] INFO  grpc.GrpcFactory (GrpcFactory.java:checkPooledByteBufAllocatorUseCacheForAllThreads(48)) - PERFORMANCE WARNING: useCacheForAllThreads is true that may cause Netty to create a lot garbage objects and, as a result, trigger GC.
	It is recommended to disable useCacheForAllThreads by setting -Dorg.apache.ratis.thirdparty.io.netty.allocator.useCacheForAllThreads=false in command line.
2021-11-29 08:36:46,252 [Listener at 127.0.0.1/41867] INFO  grpc.GrpcConfigKeys (ConfUtils.java:logGet(44)) - raft.grpc.admin.port = 0 (custom)
2021-11-29 08:36:46,252 [Listener at 127.0.0.1/41867] INFO  grpc.GrpcConfigKeys (ConfUtils.java:logGet(44)) - raft.grpc.client.port = 0 (custom)
2021-11-29 08:36:46,252 [Listener at 127.0.0.1/41867] INFO  grpc.GrpcConfigKeys (ConfUtils.java:logGet(44)) - raft.grpc.server.port = 0 (default)
2021-11-29 08:36:46,252 [Listener at 127.0.0.1/41867] INFO  server.GrpcService (ConfUtils.java:logGet(44)) - raft.grpc.message.size.max = 32MB (=33554432) (custom)
2021-11-29 08:36:46,252 [Listener at 127.0.0.1/41867] INFO  server.RaftServerConfigKeys (ConfUtils.java:logGet(44)) - raft.server.log.appender.buffer.byte-limit = 33554432 (custom)
2021-11-29 08:36:46,252 [Listener at 127.0.0.1/41867] INFO  server.GrpcService (ConfUtils.java:logGet(44)) - raft.grpc.flow.control.window = 5MB (=5242880) (custom)
2021-11-29 08:36:46,252 [Listener at 127.0.0.1/41867] INFO  server.RaftServerConfigKeys (ConfUtils.java:logGet(44)) - raft.server.rpc.request.timeout = 60s (custom)
2021-11-29 08:36:46,253 [Listener at 127.0.0.1/41867] INFO  impl.DataStreamServerImpl (ConfUtils.java:logGet(44)) - raft.datastream.type = DISABLED (default)
2021-11-29 08:36:46,253 [Listener at 127.0.0.1/41867] INFO  server.RaftServerConfigKeys (ConfUtils.java:logGet(44)) - raft.server.rpc.slowness.timeout = 300s (custom)
2021-11-29 08:36:46,253 [Listener at 127.0.0.1/41867] INFO  server.RaftServerConfigKeys (ConfUtils.java:logGet(44)) - raft.server.leaderelection.leader.step-down.wait-time = 10s (default)
2021-11-29 08:36:46,253 [Listener at 127.0.0.1/41867] INFO  server.RaftServerConfigKeys (ConfUtils.java:logGet(44)) - raft.server.storage.dir = [/home/runner/work/ozone/ozone/hadoop-ozone/integration-test/target/test-dir/MiniOzoneClusterImpl-1264e839-bf81-4321-8fa1-d8fb3a10d01e/datanode-1/data/ratis] (custom)
2021-11-29 08:36:46,258 [Listener at 127.0.0.1/41867] INFO  http.BaseHttpServer (BaseHttpServer.java:newHttpServer2BuilderForOzone(209)) - Starting Web-server for hddsDatanode at: http://0.0.0.0:0
2021-11-29 08:36:46,258 [Listener at 127.0.0.1/41867] INFO  http.BaseHttpServer (BaseHttpServer.java:<init>(107)) - Hadoop Security Enabled: false Ozone Security Enabled: false Ozone HTTP Security Enabled: false 
2021-11-29 08:36:46,259 [Listener at 127.0.0.1/41867] INFO  server.AuthenticationFilter (AuthenticationFilter.java:constructSecretProvider(240)) - Unable to initialize FileSignerSecretProvider, falling back to use random secrets.
2021-11-29 08:36:46,261 [Listener at 127.0.0.1/41867] WARN  http.HttpRequestLog (HttpRequestLog.java:getRequestLog(103)) - Jetty request log can only be enabled using Log4j
2021-11-29 08:36:46,262 [Listener at 127.0.0.1/41867] INFO  http.HttpServer2 (HttpServer2.java:addGlobalFilter(1030)) - Added global filter 'safety' (class=org.apache.hadoop.hdds.server.http.HttpServer2$QuotingInputFilter)
2021-11-29 08:36:46,263 [Listener at 127.0.0.1/41867] INFO  http.HttpServer2 (HttpServer2.java:addFilter(1006)) - Added filter static_user_filter (class=org.apache.hadoop.http.lib.StaticUserWebFilter$StaticUserFilter) to context hddsDatanode
2021-11-29 08:36:46,263 [Listener at 127.0.0.1/41867] INFO  http.HttpServer2 (HttpServer2.java:addFilter(1014)) - Added filter static_user_filter (class=org.apache.hadoop.http.lib.StaticUserWebFilter$StaticUserFilter) to context static
2021-11-29 08:36:46,263 [Listener at 127.0.0.1/41867] INFO  http.HttpServer2 (HttpServer2.java:addFilter(1014)) - Added filter static_user_filter (class=org.apache.hadoop.http.lib.StaticUserWebFilter$StaticUserFilter) to context logs
2021-11-29 08:36:46,263 [Listener at 127.0.0.1/41867] INFO  http.HttpServer2 (HttpServer2.java:bindListener(1249)) - Jetty bound to port 34495
2021-11-29 08:36:46,263 [Listener at 127.0.0.1/41867] INFO  server.Server (Server.java:doStart(375)) - jetty-9.4.43.v20210629; built: 2021-06-30T11:07:22.254Z; git: 526006ecfa3af7f1a27ef3a288e2bef7ea9dd7e8; jvm 1.8.0_292-b10
2021-11-29 08:36:46,265 [Listener at 127.0.0.1/41867] INFO  server.session (DefaultSessionIdManager.java:doStart(334)) - DefaultSessionIdManager workerName=node0
2021-11-29 08:36:46,265 [Listener at 127.0.0.1/41867] INFO  server.session (DefaultSessionIdManager.java:doStart(339)) - No SessionScavenger set, using defaults
2021-11-29 08:36:46,266 [Listener at 127.0.0.1/41867] INFO  server.session (HouseKeeper.java:startScavenging(132)) - node0 Scavenging every 600000ms
2021-11-29 08:36:46,266 [Listener at 127.0.0.1/41867] INFO  handler.ContextHandler (ContextHandler.java:doStart(915)) - Started o.e.j.s.ServletContextHandler@3cd2d129{logs,/logs,file:///home/runner/work/ozone/ozone/hadoop-ozone/integration-test/target/log,AVAILABLE}
2021-11-29 08:36:46,266 [Listener at 127.0.0.1/41867] INFO  handler.ContextHandler (ContextHandler.java:doStart(915)) - Started o.e.j.s.ServletContextHandler@1e30023a{static,/static,jar:file:/home/runner/.m2/repository/org/apache/ozone/hdds-container-service/1.3.0-SNAPSHOT/hdds-container-service-1.3.0-SNAPSHOT.jar!/webapps/static,AVAILABLE}
2021-11-29 08:36:46,306 [Listener at 127.0.0.1/41867] INFO  handler.ContextHandler (ContextHandler.java:doStart(915)) - Started o.e.j.w.WebAppContext@68ca49f2{hddsDatanode,/,file:///tmp/jetty-0_0_0_0-34495-hdds-container-service-1_3_0-SNAPSHOT_jar-_-any-4282105003910618400/webapp/,AVAILABLE}{jar:file:/home/runner/.m2/repository/org/apache/ozone/hdds-container-service/1.3.0-SNAPSHOT/hdds-container-service-1.3.0-SNAPSHOT.jar!/webapps/hddsDatanode}
2021-11-29 08:36:46,309 [Listener at 127.0.0.1/41867] INFO  server.AbstractConnector (AbstractConnector.java:doStart(331)) - Started ServerConnector@281ac7e9{HTTP/1.1, (http/1.1)}{0.0.0.0:34495}
2021-11-29 08:36:46,309 [Listener at 127.0.0.1/41867] INFO  server.Server (Server.java:doStart(415)) - Started @40404ms
2021-11-29 08:36:46,309 [Listener at 127.0.0.1/41867] WARN  impl.MetricsSystemImpl (MetricsSystemImpl.java:register(279)) - Sink prometheus already exists!
2021-11-29 08:36:46,310 [Listener at 127.0.0.1/41867] INFO  http.BaseHttpServer (BaseHttpServer.java:updateConnectorAddress(329)) - HTTP server of hddsDatanode listening at http://0.0.0.0:34495
2021-11-29 08:36:46,313 [Listener at 127.0.0.1/41867] WARN  impl.MetricRegistriesImpl (MetricRegistriesImpl.java:addReporterRegistration(111)) - New reporters are added after registries were created. Some metrics will be missing from the reporter. Please add reporter before adding any new registry.
2021-11-29 08:36:46,313 [Listener at 127.0.0.1/41867] WARN  impl.MetricRegistriesImpl (MetricRegistriesImpl.java:addReporterRegistration(111)) - New reporters are added after registries were created. Some metrics will be missing from the reporter. Please add reporter before adding any new registry.
2021-11-29 08:36:46,313 [Listener at 127.0.0.1/41867] INFO  impl.MetricsSystemImpl (MetricsSystemImpl.java:init(158)) - HddsDatanode metrics system started (again)
2021-11-29 08:36:46,317 [Datanode State Machine Daemon Thread] INFO  statemachine.DatanodeStateMachine (DatanodeStateMachine.java:lambda$startDaemon$0(467)) - Ozone container server started.
2021-11-29 08:36:46,324 [ReplicationMonitor] INFO  container.ReplicationManager (ReplicationManager.java:processAll(371)) - Replication Monitor Thread took 0 milliseconds for processing 0 containers.
2021-11-29 08:36:46,334 [Listener at 127.0.0.1/41867] INFO  ozone.HddsDatanodeService (HddsDatanodeService.java:start(234)) - HddsDatanodeService host:fv-az294-535.eaanfquahm5ulb5tj050gcxych.jx.internal.cloudapp.net ip:10.1.0.67
2021-11-29 08:36:46,345 [org.apache.hadoop.util.JvmPauseMonitor$Monitor@2fdfe690] INFO  util.JvmPauseMonitor (JvmPauseMonitor.java:run(188)) - Starting JVM pause monitor
2021-11-29 08:36:46,351 [Datanode State Machine Task Thread - 0] INFO  datanode.InitDatanodeState (InitDatanodeState.java:persistContainerDatanodeDetails(145)) - DatanodeDetails is persisted to /home/runner/work/ozone/ozone/hadoop-ozone/integration-test/target/test-dir/MiniOzoneClusterImpl-1264e839-bf81-4321-8fa1-d8fb3a10d01e/datanode-1/meta/datanode.id
2021-11-29 08:36:46,356 [Listener at 127.0.0.1/41867] INFO  upgrade.AbstractLayoutVersionManager (AbstractLayoutVersionManager.java:init(79)) - Initializing Layout version manager with metadata layout = SCM_HA (version = 2), software layout = SCM_HA (version = 2)
2021-11-29 08:36:46,395 [Listener at 127.0.0.1/41867] INFO  reflections.Reflections (Reflections.java:scan(232)) - Reflections took 36 ms to scan 7 urls, producing 119 keys and 279 values 
2021-11-29 08:36:46,396 [Listener at 127.0.0.1/41867] INFO  statemachine.DatanodeStateMachine (DatanodeStateMachine.java:getEndPointTaskThreadPoolSize(219)) - Datanode State Machine Task Thread Pool size 2
2021-11-29 08:36:46,398 [Listener at 127.0.0.1/41867] INFO  volume.HddsVolume (HddsVolume.java:<init>(120)) - Creating HddsVolume: /home/runner/work/ozone/ozone/hadoop-ozone/integration-test/target/test-dir/MiniOzoneClusterImpl-1264e839-bf81-4321-8fa1-d8fb3a10d01e/datanode-2/data-0/containers/hdds of storage type : DISK capacity : 9223372036854775807
2021-11-29 08:36:46,398 [Listener at 127.0.0.1/41867] INFO  volume.MutableVolumeSet (MutableVolumeSet.java:initializeVolumeSet(168)) - Added Volume : /home/runner/work/ozone/ozone/hadoop-ozone/integration-test/target/test-dir/MiniOzoneClusterImpl-1264e839-bf81-4321-8fa1-d8fb3a10d01e/datanode-2/data-0/containers/hdds to VolumeSet
2021-11-29 08:36:46,398 [Listener at 127.0.0.1/41867] INFO  volume.ThrottledAsyncChecker (ThrottledAsyncChecker.java:schedule(141)) - Scheduling a check for /home/runner/work/ozone/ozone/hadoop-ozone/integration-test/target/test-dir/MiniOzoneClusterImpl-1264e839-bf81-4321-8fa1-d8fb3a10d01e/datanode-2/data-0/containers/hdds
2021-11-29 08:36:46,411 [Listener at 127.0.0.1/41867] INFO  volume.StorageVolumeChecker (StorageVolumeChecker.java:checkAllVolumes(202)) - Scheduled health check for volume /home/runner/work/ozone/ozone/hadoop-ozone/integration-test/target/test-dir/MiniOzoneClusterImpl-1264e839-bf81-4321-8fa1-d8fb3a10d01e/datanode-2/data-0/containers/hdds
2021-11-29 08:36:46,424 [Listener at 127.0.0.1/41867] INFO  volume.MutableVolumeSet (MutableVolumeSet.java:initializeVolumeSet(168)) - Added Volume : /home/runner/work/ozone/ozone/hadoop-ozone/integration-test/target/test-dir/MiniOzoneClusterImpl-1264e839-bf81-4321-8fa1-d8fb3a10d01e/datanode-2/data/ratis to VolumeSet
2021-11-29 08:36:46,424 [Listener at 127.0.0.1/41867] INFO  volume.ThrottledAsyncChecker (ThrottledAsyncChecker.java:schedule(141)) - Scheduling a check for /home/runner/work/ozone/ozone/hadoop-ozone/integration-test/target/test-dir/MiniOzoneClusterImpl-1264e839-bf81-4321-8fa1-d8fb3a10d01e/datanode-2/data/ratis
2021-11-29 08:36:46,424 [Listener at 127.0.0.1/41867] INFO  volume.StorageVolumeChecker (StorageVolumeChecker.java:checkAllVolumes(202)) - Scheduled health check for volume /home/runner/work/ozone/ozone/hadoop-ozone/integration-test/target/test-dir/MiniOzoneClusterImpl-1264e839-bf81-4321-8fa1-d8fb3a10d01e/datanode-2/data/ratis
2021-11-29 08:36:46,449 [Thread-1030] INFO  ozoneimpl.ContainerReader (ContainerReader.java:readVolume(172)) - Finish verifying containers on volume /home/runner/work/ozone/ozone/hadoop-ozone/integration-test/target/test-dir/MiniOzoneClusterImpl-1264e839-bf81-4321-8fa1-d8fb3a10d01e/datanode-2/data-0/containers/hdds
2021-11-29 08:36:46,449 [Listener at 127.0.0.1/41867] INFO  ozoneimpl.OzoneContainer (OzoneContainer.java:buildContainerSet(236)) - Build ContainerSet costs 0s
2021-11-29 08:36:46,461 [Listener at 127.0.0.1/41867] INFO  server.RaftServer (ConfUtils.java:logGet(44)) - raft.rpc.type = GRPC (default)
2021-11-29 08:36:46,462 [Listener at 127.0.0.1/41867] INFO  grpc.GrpcFactory (GrpcFactory.java:checkPooledByteBufAllocatorUseCacheForAllThreads(48)) - PERFORMANCE WARNING: useCacheForAllThreads is true that may cause Netty to create a lot garbage objects and, as a result, trigger GC.
	It is recommended to disable useCacheForAllThreads by setting -Dorg.apache.ratis.thirdparty.io.netty.allocator.useCacheForAllThreads=false in command line.
2021-11-29 08:36:46,462 [Listener at 127.0.0.1/41867] INFO  grpc.GrpcConfigKeys (ConfUtils.java:logGet(44)) - raft.grpc.admin.port = 0 (custom)
2021-11-29 08:36:46,462 [Listener at 127.0.0.1/41867] INFO  grpc.GrpcConfigKeys (ConfUtils.java:logGet(44)) - raft.grpc.client.port = 0 (custom)
2021-11-29 08:36:46,462 [Listener at 127.0.0.1/41867] INFO  grpc.GrpcConfigKeys (ConfUtils.java:logGet(44)) - raft.grpc.server.port = 0 (default)
2021-11-29 08:36:46,462 [Listener at 127.0.0.1/41867] INFO  server.GrpcService (ConfUtils.java:logGet(44)) - raft.grpc.message.size.max = 32MB (=33554432) (custom)
2021-11-29 08:36:46,462 [Listener at 127.0.0.1/41867] INFO  server.RaftServerConfigKeys (ConfUtils.java:logGet(44)) - raft.server.log.appender.buffer.byte-limit = 33554432 (custom)
2021-11-29 08:36:46,462 [Listener at 127.0.0.1/41867] INFO  server.GrpcService (ConfUtils.java:logGet(44)) - raft.grpc.flow.control.window = 5MB (=5242880) (custom)
2021-11-29 08:36:46,463 [Listener at 127.0.0.1/41867] INFO  server.RaftServerConfigKeys (ConfUtils.java:logGet(44)) - raft.server.rpc.request.timeout = 60s (custom)
2021-11-29 08:36:46,464 [Listener at 127.0.0.1/41867] INFO  impl.DataStreamServerImpl (ConfUtils.java:logGet(44)) - raft.datastream.type = DISABLED (default)
2021-11-29 08:36:46,469 [Listener at 127.0.0.1/41867] INFO  server.RaftServerConfigKeys (ConfUtils.java:logGet(44)) - raft.server.rpc.slowness.timeout = 300s (custom)
2021-11-29 08:36:46,469 [Listener at 127.0.0.1/41867] INFO  server.RaftServerConfigKeys (ConfUtils.java:logGet(44)) - raft.server.leaderelection.leader.step-down.wait-time = 10s (default)
2021-11-29 08:36:46,469 [Listener at 127.0.0.1/41867] INFO  server.RaftServerConfigKeys (ConfUtils.java:logGet(44)) - raft.server.storage.dir = [/home/runner/work/ozone/ozone/hadoop-ozone/integration-test/target/test-dir/MiniOzoneClusterImpl-1264e839-bf81-4321-8fa1-d8fb3a10d01e/datanode-2/data/ratis] (custom)
2021-11-29 08:36:46,483 [Listener at 127.0.0.1/41867] INFO  http.BaseHttpServer (BaseHttpServer.java:newHttpServer2BuilderForOzone(209)) - Starting Web-server for hddsDatanode at: http://0.0.0.0:0
2021-11-29 08:36:46,483 [Listener at 127.0.0.1/41867] INFO  http.BaseHttpServer (BaseHttpServer.java:<init>(107)) - Hadoop Security Enabled: false Ozone Security Enabled: false Ozone HTTP Security Enabled: false 
2021-11-29 08:36:46,490 [Listener at 127.0.0.1/41867] INFO  server.AuthenticationFilter (AuthenticationFilter.java:constructSecretProvider(240)) - Unable to initialize FileSignerSecretProvider, falling back to use random secrets.
2021-11-29 08:36:46,490 [Listener at 127.0.0.1/41867] WARN  http.HttpRequestLog (HttpRequestLog.java:getRequestLog(103)) - Jetty request log can only be enabled using Log4j
2021-11-29 08:36:46,491 [Listener at 127.0.0.1/41867] INFO  http.HttpServer2 (HttpServer2.java:addGlobalFilter(1030)) - Added global filter 'safety' (class=org.apache.hadoop.hdds.server.http.HttpServer2$QuotingInputFilter)
2021-11-29 08:36:46,492 [Listener at 127.0.0.1/41867] INFO  http.HttpServer2 (HttpServer2.java:addFilter(1006)) - Added filter static_user_filter (class=org.apache.hadoop.http.lib.StaticUserWebFilter$StaticUserFilter) to context hddsDatanode
2021-11-29 08:36:46,492 [Listener at 127.0.0.1/41867] INFO  http.HttpServer2 (HttpServer2.java:addFilter(1014)) - Added filter static_user_filter (class=org.apache.hadoop.http.lib.StaticUserWebFilter$StaticUserFilter) to context logs
2021-11-29 08:36:46,492 [Listener at 127.0.0.1/41867] INFO  http.HttpServer2 (HttpServer2.java:addFilter(1014)) - Added filter static_user_filter (class=org.apache.hadoop.http.lib.StaticUserWebFilter$StaticUserFilter) to context static
2021-11-29 08:36:46,492 [Listener at 127.0.0.1/41867] INFO  http.HttpServer2 (HttpServer2.java:bindListener(1249)) - Jetty bound to port 36749
2021-11-29 08:36:46,492 [Listener at 127.0.0.1/41867] INFO  server.Server (Server.java:doStart(375)) - jetty-9.4.43.v20210629; built: 2021-06-30T11:07:22.254Z; git: 526006ecfa3af7f1a27ef3a288e2bef7ea9dd7e8; jvm 1.8.0_292-b10
2021-11-29 08:36:46,513 [Listener at 127.0.0.1/41867] INFO  server.session (DefaultSessionIdManager.java:doStart(334)) - DefaultSessionIdManager workerName=node0
2021-11-29 08:36:46,513 [Listener at 127.0.0.1/41867] INFO  server.session (DefaultSessionIdManager.java:doStart(339)) - No SessionScavenger set, using defaults
2021-11-29 08:36:46,519 [Listener at 127.0.0.1/41867] INFO  server.session (HouseKeeper.java:startScavenging(132)) - node0 Scavenging every 600000ms
2021-11-29 08:36:46,520 [Listener at 127.0.0.1/41867] INFO  handler.ContextHandler (ContextHandler.java:doStart(915)) - Started o.e.j.s.ServletContextHandler@51273d47{logs,/logs,file:///home/runner/work/ozone/ozone/hadoop-ozone/integration-test/target/log,AVAILABLE}
2021-11-29 08:36:46,520 [Listener at 127.0.0.1/41867] INFO  handler.ContextHandler (ContextHandler.java:doStart(915)) - Started o.e.j.s.ServletContextHandler@2d941b60{static,/static,jar:file:/home/runner/.m2/repository/org/apache/ozone/hdds-container-service/1.3.0-SNAPSHOT/hdds-container-service-1.3.0-SNAPSHOT.jar!/webapps/static,AVAILABLE}
2021-11-29 08:36:46,580 [om1@group-C5BA1605619E-FollowerState] INFO  impl.FollowerState (FollowerState.java:run(134)) - om1@group-C5BA1605619E-FollowerState: change to CANDIDATE, lastRpcElapsedTime:1070876045ns, electionTimeout:1063ms
2021-11-29 08:36:46,580 [om1@group-C5BA1605619E-FollowerState] INFO  impl.RoleInfo (RoleInfo.java:shutdownFollowerState(108)) - om1: shutdown om1@group-C5BA1605619E-FollowerState
2021-11-29 08:36:46,580 [om1@group-C5BA1605619E-FollowerState] INFO  server.RaftServer$Division (RaftServerImpl.java:setRole(290)) - om1@group-C5BA1605619E: changes role from  FOLLOWER to CANDIDATE at term 0 for changeToCandidate
2021-11-29 08:36:46,580 [om1@group-C5BA1605619E-FollowerState] INFO  server.RaftServerConfigKeys (ConfUtils.java:logGet(44)) - raft.server.leaderelection.pre-vote = false (custom)
2021-11-29 08:36:46,580 [om1@group-C5BA1605619E-FollowerState] INFO  impl.RoleInfo (RoleInfo.java:updateAndGet(130)) - om1: start om1@group-C5BA1605619E-LeaderElection26
2021-11-29 08:36:46,606 [om1@group-C5BA1605619E-LeaderElection26] INFO  impl.LeaderElection (LeaderElection.java:askForVotes(306)) - om1@group-C5BA1605619E-LeaderElection26 ELECTION round 0: submit vote requests at term 1 for -1: [om1|rpc:localhost:37761|priority:0], old=null
2021-11-29 08:36:46,606 [om1@group-C5BA1605619E-LeaderElection26] INFO  impl.LeaderElection (LeaderElection.java:askForVotes(308)) - om1@group-C5BA1605619E-LeaderElection26 ELECTION round 0: result PASSED (term=1)
2021-11-29 08:36:46,606 [om1@group-C5BA1605619E-LeaderElection26] INFO  impl.RoleInfo (RoleInfo.java:shutdownLeaderElection(121)) - om1: shutdown om1@group-C5BA1605619E-LeaderElection26
2021-11-29 08:36:46,606 [om1@group-C5BA1605619E-LeaderElection26] INFO  server.RaftServer$Division (RaftServerImpl.java:setRole(290)) - om1@group-C5BA1605619E: changes role from CANDIDATE to LEADER at term 1 for changeToLeader
2021-11-29 08:36:46,606 [om1@group-C5BA1605619E-LeaderElection26] INFO  server.RaftServer$Division (ServerState.java:setLeader(285)) - om1@group-C5BA1605619E: change Leader from null to om1 at term 1 for becomeLeader, leader elected after 1157ms
2021-11-29 08:36:46,607 [om1@group-C5BA1605619E-LeaderElection26] INFO  server.RaftServerConfigKeys (ConfUtils.java:logGet(44)) - raft.server.staging.catchup.gap = 1000 (default)
2021-11-29 08:36:46,607 [om1@group-C5BA1605619E-LeaderElection26] INFO  server.RaftServerConfigKeys (ConfUtils.java:logGet(44)) - raft.server.write.element-limit = 4096 (default)
2021-11-29 08:36:46,607 [om1@group-C5BA1605619E-LeaderElection26] INFO  server.RaftServerConfigKeys (ConfUtils.java:logGet(44)) - raft.server.write.byte-limit = 64MB (=67108864) (default)
2021-11-29 08:36:46,607 [om1@group-C5BA1605619E-LeaderElection26] INFO  server.RaftServerConfigKeys (ConfUtils.java:logGet(44)) - raft.server.watch.timeout = 10s (default)
2021-11-29 08:36:46,607 [om1@group-C5BA1605619E-LeaderElection26] INFO  server.RaftServerConfigKeys (ConfUtils.java:logGet(44)) - raft.server.watch.timeout.denomination = 1s (default)
2021-11-29 08:36:46,607 [om1@group-C5BA1605619E-LeaderElection26] INFO  server.RaftServerConfigKeys (ConfUtils.java:logGet(44)) - raft.server.watch.element-limit = 65536 (default)
2021-11-29 08:36:46,607 [om1@group-C5BA1605619E-LeaderElection26] INFO  server.RaftServerConfigKeys (ConfUtils.java:logGet(44)) - raft.server.write.element-limit = 4096 (default)
2021-11-29 08:36:46,607 [om1@group-C5BA1605619E-LeaderElection26] INFO  server.RaftServerConfigKeys (ConfUtils.java:logGet(44)) - raft.server.write.follower.gap.ratio.max = -1.0 (default)
2021-11-29 08:36:46,607 [om1@group-C5BA1605619E-LeaderElection26] INFO  impl.RoleInfo (RoleInfo.java:updateAndGet(130)) - om1: start om1@group-C5BA1605619E-LeaderStateImpl
2021-11-29 08:36:46,607 [om1@group-C5BA1605619E-LeaderElection26] INFO  segmented.SegmentedRaftLogWorker (SegmentedRaftLogWorker.java:startLogSegment(394)) - om1@group-C5BA1605619E-SegmentedRaftLogWorker: Starting segment from index:0
2021-11-29 08:36:46,609 [Listener at 127.0.0.1/41867] INFO  handler.ContextHandler (ContextHandler.java:doStart(915)) - Started o.e.j.w.WebAppContext@390da49f{hddsDatanode,/,file:///tmp/jetty-0_0_0_0-36749-hdds-container-service-1_3_0-SNAPSHOT_jar-_-any-4045271617075933766/webapp/,AVAILABLE}{jar:file:/home/runner/.m2/repository/org/apache/ozone/hdds-container-service/1.3.0-SNAPSHOT/hdds-container-service-1.3.0-SNAPSHOT.jar!/webapps/hddsDatanode}
2021-11-29 08:36:46,613 [om1@group-C5BA1605619E-SegmentedRaftLogWorker] INFO  segmented.SegmentedRaftLogWorker (SegmentedRaftLogWorker.java:execute(601)) - om1@group-C5BA1605619E-SegmentedRaftLogWorker: created new log segment /home/runner/work/ozone/ozone/hadoop-ozone/integration-test/target/test-dir/MiniOzoneClusterImpl-1264e839-bf81-4321-8fa1-d8fb3a10d01e/ozone-meta/ratis/bf265839-605b-3f16-9796-c5ba1605619e/current/log_inprogress_0
2021-11-29 08:36:46,623 [om1@group-C5BA1605619E-LeaderElection26] INFO  server.RaftServer$Division (ServerState.java:setRaftConf(387)) - om1@group-C5BA1605619E: set configuration 0: [om1|rpc:localhost:37761|admin:|client:|dataStream:|priority:0], old=null
2021-11-29 08:36:46,623 [om1@group-C5BA1605619E-StateMachineUpdater] INFO  ratis.OzoneManagerStateMachine (OzoneManagerStateMachine.java:notifyConfigurationChanged(188)) - Received Configuration change notification from Ratis. New Peer list:
[id: "om1"
address: "localhost:37761"
]
2021-11-29 08:36:46,624 [Listener at 127.0.0.1/41867] INFO  server.AbstractConnector (AbstractConnector.java:doStart(331)) - Started ServerConnector@72adad96{HTTP/1.1, (http/1.1)}{0.0.0.0:36749}
2021-11-29 08:36:46,624 [Listener at 127.0.0.1/41867] INFO  server.Server (Server.java:doStart(415)) - Started @40719ms
2021-11-29 08:36:46,624 [Listener at 127.0.0.1/41867] WARN  impl.MetricsSystemImpl (MetricsSystemImpl.java:register(279)) - Sink prometheus already exists!
2021-11-29 08:36:46,624 [Listener at 127.0.0.1/41867] INFO  http.BaseHttpServer (BaseHttpServer.java:updateConnectorAddress(329)) - HTTP server of hddsDatanode listening at http://0.0.0.0:36749
2021-11-29 08:36:46,629 [Listener at 127.0.0.1/41867] WARN  impl.MetricRegistriesImpl (MetricRegistriesImpl.java:addReporterRegistration(111)) - New reporters are added after registries were created. Some metrics will be missing from the reporter. Please add reporter before adding any new registry.
2021-11-29 08:36:46,629 [Listener at 127.0.0.1/41867] WARN  impl.MetricRegistriesImpl (MetricRegistriesImpl.java:addReporterRegistration(111)) - New reporters are added after registries were created. Some metrics will be missing from the reporter. Please add reporter before adding any new registry.
2021-11-29 08:36:46,629 [Listener at 127.0.0.1/41867] INFO  impl.MetricsSystemImpl (MetricsSystemImpl.java:init(158)) - HddsDatanode metrics system started (again)
2021-11-29 08:36:46,641 [Datanode State Machine Daemon Thread] INFO  statemachine.DatanodeStateMachine (DatanodeStateMachine.java:lambda$startDaemon$0(467)) - Ozone container server started.
2021-11-29 08:36:46,655 [Listener at 127.0.0.1/41867] INFO  ozone.HddsDatanodeService (HddsDatanodeService.java:start(234)) - HddsDatanodeService host:fv-az294-535.eaanfquahm5ulb5tj050gcxych.jx.internal.cloudapp.net ip:10.1.0.67
2021-11-29 08:36:46,674 [org.apache.hadoop.util.JvmPauseMonitor$Monitor@41e835da] INFO  util.JvmPauseMonitor (JvmPauseMonitor.java:run(188)) - Starting JVM pause monitor
2021-11-29 08:36:46,675 [Datanode State Machine Task Thread - 0] INFO  datanode.InitDatanodeState (InitDatanodeState.java:persistContainerDatanodeDetails(145)) - DatanodeDetails is persisted to /home/runner/work/ozone/ozone/hadoop-ozone/integration-test/target/test-dir/MiniOzoneClusterImpl-1264e839-bf81-4321-8fa1-d8fb3a10d01e/datanode-2/meta/datanode.id
2021-11-29 08:36:46,679 [Listener at 127.0.0.1/41867] INFO  upgrade.AbstractLayoutVersionManager (AbstractLayoutVersionManager.java:init(79)) - Initializing Layout version manager with metadata layout = SCM_HA (version = 2), software layout = SCM_HA (version = 2)
2021-11-29 08:36:46,714 [Listener at 127.0.0.1/41867] INFO  reflections.Reflections (Reflections.java:scan(232)) - Reflections took 34 ms to scan 7 urls, producing 119 keys and 279 values 
2021-11-29 08:36:46,715 [Listener at 127.0.0.1/41867] INFO  statemachine.DatanodeStateMachine (DatanodeStateMachine.java:getEndPointTaskThreadPoolSize(219)) - Datanode State Machine Task Thread Pool size 2
2021-11-29 08:36:46,716 [Listener at 127.0.0.1/41867] INFO  volume.HddsVolume (HddsVolume.java:<init>(120)) - Creating HddsVolume: /home/runner/work/ozone/ozone/hadoop-ozone/integration-test/target/test-dir/MiniOzoneClusterImpl-1264e839-bf81-4321-8fa1-d8fb3a10d01e/datanode-3/data-0/containers/hdds of storage type : DISK capacity : 9223372036854775807
2021-11-29 08:36:46,717 [Listener at 127.0.0.1/41867] INFO  volume.MutableVolumeSet (MutableVolumeSet.java:initializeVolumeSet(168)) - Added Volume : /home/runner/work/ozone/ozone/hadoop-ozone/integration-test/target/test-dir/MiniOzoneClusterImpl-1264e839-bf81-4321-8fa1-d8fb3a10d01e/datanode-3/data-0/containers/hdds to VolumeSet
2021-11-29 08:36:46,717 [Listener at 127.0.0.1/41867] INFO  volume.ThrottledAsyncChecker (ThrottledAsyncChecker.java:schedule(141)) - Scheduling a check for /home/runner/work/ozone/ozone/hadoop-ozone/integration-test/target/test-dir/MiniOzoneClusterImpl-1264e839-bf81-4321-8fa1-d8fb3a10d01e/datanode-3/data-0/containers/hdds
2021-11-29 08:36:46,717 [Listener at 127.0.0.1/41867] INFO  volume.StorageVolumeChecker (StorageVolumeChecker.java:checkAllVolumes(202)) - Scheduled health check for volume /home/runner/work/ozone/ozone/hadoop-ozone/integration-test/target/test-dir/MiniOzoneClusterImpl-1264e839-bf81-4321-8fa1-d8fb3a10d01e/datanode-3/data-0/containers/hdds
2021-11-29 08:36:46,730 [Listener at 127.0.0.1/41867] INFO  volume.MutableVolumeSet (MutableVolumeSet.java:initializeVolumeSet(168)) - Added Volume : /home/runner/work/ozone/ozone/hadoop-ozone/integration-test/target/test-dir/MiniOzoneClusterImpl-1264e839-bf81-4321-8fa1-d8fb3a10d01e/datanode-3/data/ratis to VolumeSet
2021-11-29 08:36:46,730 [Listener at 127.0.0.1/41867] INFO  volume.ThrottledAsyncChecker (ThrottledAsyncChecker.java:schedule(141)) - Scheduling a check for /home/runner/work/ozone/ozone/hadoop-ozone/integration-test/target/test-dir/MiniOzoneClusterImpl-1264e839-bf81-4321-8fa1-d8fb3a10d01e/datanode-3/data/ratis
2021-11-29 08:36:46,730 [Listener at 127.0.0.1/41867] INFO  volume.StorageVolumeChecker (StorageVolumeChecker.java:checkAllVolumes(202)) - Scheduled health check for volume /home/runner/work/ozone/ozone/hadoop-ozone/integration-test/target/test-dir/MiniOzoneClusterImpl-1264e839-bf81-4321-8fa1-d8fb3a10d01e/datanode-3/data/ratis
2021-11-29 08:36:46,742 [Thread-1044] INFO  ozoneimpl.ContainerReader (ContainerReader.java:readVolume(172)) - Finish verifying containers on volume /home/runner/work/ozone/ozone/hadoop-ozone/integration-test/target/test-dir/MiniOzoneClusterImpl-1264e839-bf81-4321-8fa1-d8fb3a10d01e/datanode-3/data-0/containers/hdds
2021-11-29 08:36:46,742 [Listener at 127.0.0.1/41867] INFO  ozoneimpl.OzoneContainer (OzoneContainer.java:buildContainerSet(236)) - Build ContainerSet costs 0s
2021-11-29 08:36:46,745 [Listener at 127.0.0.1/41867] INFO  server.RaftServer (ConfUtils.java:logGet(44)) - raft.rpc.type = GRPC (default)
2021-11-29 08:36:46,745 [Listener at 127.0.0.1/41867] INFO  grpc.GrpcFactory (GrpcFactory.java:checkPooledByteBufAllocatorUseCacheForAllThreads(48)) - PERFORMANCE WARNING: useCacheForAllThreads is true that may cause Netty to create a lot garbage objects and, as a result, trigger GC.
	It is recommended to disable useCacheForAllThreads by setting -Dorg.apache.ratis.thirdparty.io.netty.allocator.useCacheForAllThreads=false in command line.
2021-11-29 08:36:46,745 [Listener at 127.0.0.1/41867] INFO  grpc.GrpcConfigKeys (ConfUtils.java:logGet(44)) - raft.grpc.admin.port = 0 (custom)
2021-11-29 08:36:46,745 [Listener at 127.0.0.1/41867] INFO  grpc.GrpcConfigKeys (ConfUtils.java:logGet(44)) - raft.grpc.client.port = 0 (custom)
2021-11-29 08:36:46,746 [Listener at 127.0.0.1/41867] INFO  grpc.GrpcConfigKeys (ConfUtils.java:logGet(44)) - raft.grpc.server.port = 0 (default)
2021-11-29 08:36:46,746 [Listener at 127.0.0.1/41867] INFO  server.GrpcService (ConfUtils.java:logGet(44)) - raft.grpc.message.size.max = 32MB (=33554432) (custom)
2021-11-29 08:36:46,746 [Listener at 127.0.0.1/41867] INFO  server.RaftServerConfigKeys (ConfUtils.java:logGet(44)) - raft.server.log.appender.buffer.byte-limit = 33554432 (custom)
2021-11-29 08:36:46,746 [Listener at 127.0.0.1/41867] INFO  server.GrpcService (ConfUtils.java:logGet(44)) - raft.grpc.flow.control.window = 5MB (=5242880) (custom)
2021-11-29 08:36:46,746 [Listener at 127.0.0.1/41867] INFO  server.RaftServerConfigKeys (ConfUtils.java:logGet(44)) - raft.server.rpc.request.timeout = 60s (custom)
2021-11-29 08:36:46,747 [Listener at 127.0.0.1/41867] INFO  impl.DataStreamServerImpl (ConfUtils.java:logGet(44)) - raft.datastream.type = DISABLED (default)
2021-11-29 08:36:46,747 [Listener at 127.0.0.1/41867] INFO  server.RaftServerConfigKeys (ConfUtils.java:logGet(44)) - raft.server.rpc.slowness.timeout = 300s (custom)
2021-11-29 08:36:46,747 [Listener at 127.0.0.1/41867] INFO  server.RaftServerConfigKeys (ConfUtils.java:logGet(44)) - raft.server.leaderelection.leader.step-down.wait-time = 10s (default)
2021-11-29 08:36:46,747 [Listener at 127.0.0.1/41867] INFO  server.RaftServerConfigKeys (ConfUtils.java:logGet(44)) - raft.server.storage.dir = [/home/runner/work/ozone/ozone/hadoop-ozone/integration-test/target/test-dir/MiniOzoneClusterImpl-1264e839-bf81-4321-8fa1-d8fb3a10d01e/datanode-3/data/ratis] (custom)
2021-11-29 08:36:46,751 [Listener at 127.0.0.1/41867] INFO  http.BaseHttpServer (BaseHttpServer.java:newHttpServer2BuilderForOzone(209)) - Starting Web-server for hddsDatanode at: http://0.0.0.0:0
2021-11-29 08:36:46,751 [Listener at 127.0.0.1/41867] INFO  http.BaseHttpServer (BaseHttpServer.java:<init>(107)) - Hadoop Security Enabled: false Ozone Security Enabled: false Ozone HTTP Security Enabled: false 
2021-11-29 08:36:46,752 [Listener at 127.0.0.1/41867] INFO  server.AuthenticationFilter (AuthenticationFilter.java:constructSecretProvider(240)) - Unable to initialize FileSignerSecretProvider, falling back to use random secrets.
2021-11-29 08:36:46,753 [Listener at 127.0.0.1/41867] WARN  http.HttpRequestLog (HttpRequestLog.java:getRequestLog(103)) - Jetty request log can only be enabled using Log4j
2021-11-29 08:36:46,754 [Listener at 127.0.0.1/41867] INFO  http.HttpServer2 (HttpServer2.java:addGlobalFilter(1030)) - Added global filter 'safety' (class=org.apache.hadoop.hdds.server.http.HttpServer2$QuotingInputFilter)
2021-11-29 08:36:46,754 [Listener at 127.0.0.1/41867] INFO  http.HttpServer2 (HttpServer2.java:addFilter(1006)) - Added filter static_user_filter (class=org.apache.hadoop.http.lib.StaticUserWebFilter$StaticUserFilter) to context hddsDatanode
2021-11-29 08:36:46,755 [Listener at 127.0.0.1/41867] INFO  http.HttpServer2 (HttpServer2.java:addFilter(1014)) - Added filter static_user_filter (class=org.apache.hadoop.http.lib.StaticUserWebFilter$StaticUserFilter) to context static
2021-11-29 08:36:46,755 [Listener at 127.0.0.1/41867] INFO  http.HttpServer2 (HttpServer2.java:addFilter(1014)) - Added filter static_user_filter (class=org.apache.hadoop.http.lib.StaticUserWebFilter$StaticUserFilter) to context logs
2021-11-29 08:36:46,755 [Listener at 127.0.0.1/41867] INFO  http.HttpServer2 (HttpServer2.java:bindListener(1249)) - Jetty bound to port 44219
2021-11-29 08:36:46,755 [Listener at 127.0.0.1/41867] INFO  server.Server (Server.java:doStart(375)) - jetty-9.4.43.v20210629; built: 2021-06-30T11:07:22.254Z; git: 526006ecfa3af7f1a27ef3a288e2bef7ea9dd7e8; jvm 1.8.0_292-b10
2021-11-29 08:36:46,756 [Listener at 127.0.0.1/41867] INFO  server.session (DefaultSessionIdManager.java:doStart(334)) - DefaultSessionIdManager workerName=node0
2021-11-29 08:36:46,757 [Listener at 127.0.0.1/41867] INFO  server.session (DefaultSessionIdManager.java:doStart(339)) - No SessionScavenger set, using defaults
2021-11-29 08:36:46,757 [Listener at 127.0.0.1/41867] INFO  server.session (HouseKeeper.java:startScavenging(132)) - node0 Scavenging every 600000ms
2021-11-29 08:36:46,762 [Listener at 127.0.0.1/41867] INFO  handler.ContextHandler (ContextHandler.java:doStart(915)) - Started o.e.j.s.ServletContextHandler@3aabe6b1{logs,/logs,file:///home/runner/work/ozone/ozone/hadoop-ozone/integration-test/target/log,AVAILABLE}
2021-11-29 08:36:46,762 [Listener at 127.0.0.1/41867] INFO  handler.ContextHandler (ContextHandler.java:doStart(915)) - Started o.e.j.s.ServletContextHandler@4f1fcff8{static,/static,jar:file:/home/runner/.m2/repository/org/apache/ozone/hdds-container-service/1.3.0-SNAPSHOT/hdds-container-service-1.3.0-SNAPSHOT.jar!/webapps/static,AVAILABLE}
2021-11-29 08:36:46,807 [Listener at 127.0.0.1/41867] INFO  handler.ContextHandler (ContextHandler.java:doStart(915)) - Started o.e.j.w.WebAppContext@2e7e9b59{hddsDatanode,/,file:///tmp/jetty-0_0_0_0-44219-hdds-container-service-1_3_0-SNAPSHOT_jar-_-any-1863046388812945072/webapp/,AVAILABLE}{jar:file:/home/runner/.m2/repository/org/apache/ozone/hdds-container-service/1.3.0-SNAPSHOT/hdds-container-service-1.3.0-SNAPSHOT.jar!/webapps/hddsDatanode}
2021-11-29 08:36:46,810 [Listener at 127.0.0.1/41867] INFO  server.AbstractConnector (AbstractConnector.java:doStart(331)) - Started ServerConnector@4231b20{HTTP/1.1, (http/1.1)}{0.0.0.0:44219}
2021-11-29 08:36:46,811 [Listener at 127.0.0.1/41867] INFO  server.Server (Server.java:doStart(415)) - Started @40906ms
2021-11-29 08:36:46,811 [Listener at 127.0.0.1/41867] WARN  impl.MetricsSystemImpl (MetricsSystemImpl.java:register(279)) - Sink prometheus already exists!
2021-11-29 08:36:46,811 [Listener at 127.0.0.1/41867] INFO  http.BaseHttpServer (BaseHttpServer.java:updateConnectorAddress(329)) - HTTP server of hddsDatanode listening at http://0.0.0.0:44219
2021-11-29 08:36:46,812 [Listener at 127.0.0.1/41867] WARN  impl.MetricRegistriesImpl (MetricRegistriesImpl.java:addReporterRegistration(111)) - New reporters are added after registries were created. Some metrics will be missing from the reporter. Please add reporter before adding any new registry.
2021-11-29 08:36:46,812 [Listener at 127.0.0.1/41867] WARN  impl.MetricRegistriesImpl (MetricRegistriesImpl.java:addReporterRegistration(111)) - New reporters are added after registries were created. Some metrics will be missing from the reporter. Please add reporter before adding any new registry.
2021-11-29 08:36:46,812 [Listener at 127.0.0.1/41867] INFO  impl.MetricsSystemImpl (MetricsSystemImpl.java:init(158)) - HddsDatanode metrics system started (again)
2021-11-29 08:36:46,820 [Datanode State Machine Daemon Thread] INFO  statemachine.DatanodeStateMachine (DatanodeStateMachine.java:lambda$startDaemon$0(467)) - Ozone container server started.
2021-11-29 08:36:46,830 [Listener at 127.0.0.1/41867] INFO  ozone.HddsDatanodeService (HddsDatanodeService.java:start(234)) - HddsDatanodeService host:fv-az294-535.eaanfquahm5ulb5tj050gcxych.jx.internal.cloudapp.net ip:10.1.0.67
2021-11-29 08:36:46,855 [Listener at 127.0.0.1/41867] INFO  upgrade.AbstractLayoutVersionManager (AbstractLayoutVersionManager.java:init(79)) - Initializing Layout version manager with metadata layout = SCM_HA (version = 2), software layout = SCM_HA (version = 2)
2021-11-29 08:36:46,868 [org.apache.hadoop.util.JvmPauseMonitor$Monitor@493578e8] INFO  util.JvmPauseMonitor (JvmPauseMonitor.java:run(188)) - Starting JVM pause monitor
2021-11-29 08:36:46,882 [Datanode State Machine Task Thread - 0] INFO  datanode.InitDatanodeState (InitDatanodeState.java:persistContainerDatanodeDetails(145)) - DatanodeDetails is persisted to /home/runner/work/ozone/ozone/hadoop-ozone/integration-test/target/test-dir/MiniOzoneClusterImpl-1264e839-bf81-4321-8fa1-d8fb3a10d01e/datanode-3/meta/datanode.id
2021-11-29 08:36:46,924 [Listener at 127.0.0.1/41867] INFO  reflections.Reflections (Reflections.java:scan(232)) - Reflections took 67 ms to scan 7 urls, producing 119 keys and 279 values 
2021-11-29 08:36:46,931 [Listener at 127.0.0.1/41867] INFO  statemachine.DatanodeStateMachine (DatanodeStateMachine.java:getEndPointTaskThreadPoolSize(219)) - Datanode State Machine Task Thread Pool size 2
2021-11-29 08:36:46,938 [Listener at 127.0.0.1/41867] INFO  volume.HddsVolume (HddsVolume.java:<init>(120)) - Creating HddsVolume: /home/runner/work/ozone/ozone/hadoop-ozone/integration-test/target/test-dir/MiniOzoneClusterImpl-1264e839-bf81-4321-8fa1-d8fb3a10d01e/datanode-4/data-0/containers/hdds of storage type : DISK capacity : 9223372036854775807
2021-11-29 08:36:46,938 [Listener at 127.0.0.1/41867] INFO  volume.MutableVolumeSet (MutableVolumeSet.java:initializeVolumeSet(168)) - Added Volume : /home/runner/work/ozone/ozone/hadoop-ozone/integration-test/target/test-dir/MiniOzoneClusterImpl-1264e839-bf81-4321-8fa1-d8fb3a10d01e/datanode-4/data-0/containers/hdds to VolumeSet
2021-11-29 08:36:46,938 [Listener at 127.0.0.1/41867] INFO  volume.ThrottledAsyncChecker (ThrottledAsyncChecker.java:schedule(141)) - Scheduling a check for /home/runner/work/ozone/ozone/hadoop-ozone/integration-test/target/test-dir/MiniOzoneClusterImpl-1264e839-bf81-4321-8fa1-d8fb3a10d01e/datanode-4/data-0/containers/hdds
2021-11-29 08:36:46,938 [Listener at 127.0.0.1/41867] INFO  volume.StorageVolumeChecker (StorageVolumeChecker.java:checkAllVolumes(202)) - Scheduled health check for volume /home/runner/work/ozone/ozone/hadoop-ozone/integration-test/target/test-dir/MiniOzoneClusterImpl-1264e839-bf81-4321-8fa1-d8fb3a10d01e/datanode-4/data-0/containers/hdds
2021-11-29 08:36:46,951 [Listener at 127.0.0.1/41867] INFO  volume.MutableVolumeSet (MutableVolumeSet.java:initializeVolumeSet(168)) - Added Volume : /home/runner/work/ozone/ozone/hadoop-ozone/integration-test/target/test-dir/MiniOzoneClusterImpl-1264e839-bf81-4321-8fa1-d8fb3a10d01e/datanode-4/data/ratis to VolumeSet
2021-11-29 08:36:46,951 [Listener at 127.0.0.1/41867] INFO  volume.ThrottledAsyncChecker (ThrottledAsyncChecker.java:schedule(141)) - Scheduling a check for /home/runner/work/ozone/ozone/hadoop-ozone/integration-test/target/test-dir/MiniOzoneClusterImpl-1264e839-bf81-4321-8fa1-d8fb3a10d01e/datanode-4/data/ratis
2021-11-29 08:36:46,952 [Listener at 127.0.0.1/41867] INFO  volume.StorageVolumeChecker (StorageVolumeChecker.java:checkAllVolumes(202)) - Scheduled health check for volume /home/runner/work/ozone/ozone/hadoop-ozone/integration-test/target/test-dir/MiniOzoneClusterImpl-1264e839-bf81-4321-8fa1-d8fb3a10d01e/datanode-4/data/ratis
2021-11-29 08:36:46,963 [Thread-1056] INFO  ozoneimpl.ContainerReader (ContainerReader.java:readVolume(172)) - Finish verifying containers on volume /home/runner/work/ozone/ozone/hadoop-ozone/integration-test/target/test-dir/MiniOzoneClusterImpl-1264e839-bf81-4321-8fa1-d8fb3a10d01e/datanode-4/data-0/containers/hdds
2021-11-29 08:36:46,963 [Listener at 127.0.0.1/41867] INFO  ozoneimpl.OzoneContainer (OzoneContainer.java:buildContainerSet(236)) - Build ContainerSet costs 0s
2021-11-29 08:36:46,965 [Listener at 127.0.0.1/41867] INFO  server.RaftServer (ConfUtils.java:logGet(44)) - raft.rpc.type = GRPC (default)
2021-11-29 08:36:46,965 [Listener at 127.0.0.1/41867] INFO  grpc.GrpcFactory (GrpcFactory.java:checkPooledByteBufAllocatorUseCacheForAllThreads(48)) - PERFORMANCE WARNING: useCacheForAllThreads is true that may cause Netty to create a lot garbage objects and, as a result, trigger GC.
	It is recommended to disable useCacheForAllThreads by setting -Dorg.apache.ratis.thirdparty.io.netty.allocator.useCacheForAllThreads=false in command line.
2021-11-29 08:36:46,965 [Listener at 127.0.0.1/41867] INFO  grpc.GrpcConfigKeys (ConfUtils.java:logGet(44)) - raft.grpc.admin.port = 0 (custom)
2021-11-29 08:36:46,965 [Listener at 127.0.0.1/41867] INFO  grpc.GrpcConfigKeys (ConfUtils.java:logGet(44)) - raft.grpc.client.port = 0 (custom)
2021-11-29 08:36:46,965 [Listener at 127.0.0.1/41867] INFO  grpc.GrpcConfigKeys (ConfUtils.java:logGet(44)) - raft.grpc.server.port = 0 (default)
2021-11-29 08:36:46,965 [Listener at 127.0.0.1/41867] INFO  server.GrpcService (ConfUtils.java:logGet(44)) - raft.grpc.message.size.max = 32MB (=33554432) (custom)
2021-11-29 08:36:46,965 [Listener at 127.0.0.1/41867] INFO  server.RaftServerConfigKeys (ConfUtils.java:logGet(44)) - raft.server.log.appender.buffer.byte-limit = 33554432 (custom)
2021-11-29 08:36:46,966 [Listener at 127.0.0.1/41867] INFO  server.GrpcService (ConfUtils.java:logGet(44)) - raft.grpc.flow.control.window = 5MB (=5242880) (custom)
2021-11-29 08:36:46,966 [Listener at 127.0.0.1/41867] INFO  server.RaftServerConfigKeys (ConfUtils.java:logGet(44)) - raft.server.rpc.request.timeout = 60s (custom)
2021-11-29 08:36:46,967 [Listener at 127.0.0.1/41867] INFO  impl.DataStreamServerImpl (ConfUtils.java:logGet(44)) - raft.datastream.type = DISABLED (default)
2021-11-29 08:36:46,967 [Listener at 127.0.0.1/41867] INFO  server.RaftServerConfigKeys (ConfUtils.java:logGet(44)) - raft.server.rpc.slowness.timeout = 300s (custom)
2021-11-29 08:36:46,967 [Listener at 127.0.0.1/41867] INFO  server.RaftServerConfigKeys (ConfUtils.java:logGet(44)) - raft.server.leaderelection.leader.step-down.wait-time = 10s (default)
2021-11-29 08:36:46,967 [Listener at 127.0.0.1/41867] INFO  server.RaftServerConfigKeys (ConfUtils.java:logGet(44)) - raft.server.storage.dir = [/home/runner/work/ozone/ozone/hadoop-ozone/integration-test/target/test-dir/MiniOzoneClusterImpl-1264e839-bf81-4321-8fa1-d8fb3a10d01e/datanode-4/data/ratis] (custom)
2021-11-29 08:36:46,970 [Listener at 127.0.0.1/41867] INFO  http.BaseHttpServer (BaseHttpServer.java:newHttpServer2BuilderForOzone(209)) - Starting Web-server for hddsDatanode at: http://0.0.0.0:0
2021-11-29 08:36:46,970 [Listener at 127.0.0.1/41867] INFO  http.BaseHttpServer (BaseHttpServer.java:<init>(107)) - Hadoop Security Enabled: false Ozone Security Enabled: false Ozone HTTP Security Enabled: false 
2021-11-29 08:36:46,971 [Listener at 127.0.0.1/41867] INFO  server.AuthenticationFilter (AuthenticationFilter.java:constructSecretProvider(240)) - Unable to initialize FileSignerSecretProvider, falling back to use random secrets.
2021-11-29 08:36:46,971 [Listener at 127.0.0.1/41867] WARN  http.HttpRequestLog (HttpRequestLog.java:getRequestLog(103)) - Jetty request log can only be enabled using Log4j
2021-11-29 08:36:46,972 [Listener at 127.0.0.1/41867] INFO  http.HttpServer2 (HttpServer2.java:addGlobalFilter(1030)) - Added global filter 'safety' (class=org.apache.hadoop.hdds.server.http.HttpServer2$QuotingInputFilter)
2021-11-29 08:36:46,972 [Listener at 127.0.0.1/41867] INFO  http.HttpServer2 (HttpServer2.java:addFilter(1006)) - Added filter static_user_filter (class=org.apache.hadoop.http.lib.StaticUserWebFilter$StaticUserFilter) to context hddsDatanode
2021-11-29 08:36:46,972 [Listener at 127.0.0.1/41867] INFO  http.HttpServer2 (HttpServer2.java:addFilter(1014)) - Added filter static_user_filter (class=org.apache.hadoop.http.lib.StaticUserWebFilter$StaticUserFilter) to context static
2021-11-29 08:36:46,972 [Listener at 127.0.0.1/41867] INFO  http.HttpServer2 (HttpServer2.java:addFilter(1014)) - Added filter static_user_filter (class=org.apache.hadoop.http.lib.StaticUserWebFilter$StaticUserFilter) to context logs
2021-11-29 08:36:46,973 [Listener at 127.0.0.1/41867] INFO  http.HttpServer2 (HttpServer2.java:bindListener(1249)) - Jetty bound to port 43319
2021-11-29 08:36:46,973 [Listener at 127.0.0.1/41867] INFO  server.Server (Server.java:doStart(375)) - jetty-9.4.43.v20210629; built: 2021-06-30T11:07:22.254Z; git: 526006ecfa3af7f1a27ef3a288e2bef7ea9dd7e8; jvm 1.8.0_292-b10
2021-11-29 08:36:46,983 [Listener at 127.0.0.1/41867] INFO  server.session (DefaultSessionIdManager.java:doStart(334)) - DefaultSessionIdManager workerName=node0
2021-11-29 08:36:46,983 [Listener at 127.0.0.1/41867] INFO  server.session (DefaultSessionIdManager.java:doStart(339)) - No SessionScavenger set, using defaults
2021-11-29 08:36:46,983 [Listener at 127.0.0.1/41867] INFO  server.session (HouseKeeper.java:startScavenging(132)) - node0 Scavenging every 600000ms
2021-11-29 08:36:46,986 [Listener at 127.0.0.1/41867] INFO  handler.ContextHandler (ContextHandler.java:doStart(915)) - Started o.e.j.s.ServletContextHandler@318594dd{logs,/logs,file:///home/runner/work/ozone/ozone/hadoop-ozone/integration-test/target/log,AVAILABLE}
2021-11-29 08:36:46,986 [Listener at 127.0.0.1/41867] INFO  handler.ContextHandler (ContextHandler.java:doStart(915)) - Started o.e.j.s.ServletContextHandler@11aadd9c{static,/static,jar:file:/home/runner/.m2/repository/org/apache/ozone/hdds-container-service/1.3.0-SNAPSHOT/hdds-container-service-1.3.0-SNAPSHOT.jar!/webapps/static,AVAILABLE}
2021-11-29 08:36:47,012 [main] INFO  statemachine.DatanodeStateMachine (DatanodeStateMachine.java:stopDaemon(526)) - Ozone container server stopped.
2021-11-29 08:36:47,020 [main] INFO  handler.ContextHandler (ContextHandler.java:doStop(1153)) - Stopped o.e.j.w.WebAppContext@1a5a8c2{hddsDatanode,/,null,STOPPED}{jar:file:/home/runner/.m2/repository/org/apache/ozone/hdds-container-service/1.3.0-SNAPSHOT/hdds-container-service-1.3.0-SNAPSHOT.jar!/webapps/hddsDatanode}
2021-11-29 08:36:47,025 [main] INFO  server.AbstractConnector (AbstractConnector.java:doStop(381)) - Stopped ServerConnector@4a277ca2{HTTP/1.1, (http/1.1)}{0.0.0.0:0}
2021-11-29 08:36:47,025 [main] INFO  server.session (HouseKeeper.java:stopScavenging(149)) - node0 Stopped scavenging
2021-11-29 08:36:47,029 [main] INFO  handler.ContextHandler (ContextHandler.java:doStop(1153)) - Stopped o.e.j.s.ServletContextHandler@2ca5ffd3{static,/static,jar:file:/home/runner/.m2/repository/org/apache/ozone/hdds-container-service/1.3.0-SNAPSHOT/hdds-container-service-1.3.0-SNAPSHOT.jar!/webapps/static,STOPPED}
2021-11-29 08:36:47,030 [main] INFO  handler.ContextHandler (ContextHandler.java:doStop(1153)) - Stopped o.e.j.s.ServletContextHandler@68f575f2{logs,/logs,file:///home/runner/work/ozone/ozone/hadoop-ozone/integration-test/target/log,STOPPED}
2021-11-29 08:36:47,040 [main] WARN  impl.MetricRegistriesImpl (MetricRegistriesImpl.java:addReporterRegistration(111)) - New reporters are added after registries were created. Some metrics will be missing from the reporter. Please add reporter before adding any new registry.
2021-11-29 08:36:47,040 [main] WARN  impl.MetricRegistriesImpl (MetricRegistriesImpl.java:addReporterRegistration(111)) - New reporters are added after registries were created. Some metrics will be missing from the reporter. Please add reporter before adding any new registry.
2021-11-29 08:36:47,040 [main] INFO  impl.MetricsSystemImpl (MetricsSystemImpl.java:init(158)) - HddsDatanode metrics system started (again)
2021-11-29 08:36:47,059 [Listener at 127.0.0.1/41867] INFO  handler.ContextHandler (ContextHandler.java:doStart(915)) - Started o.e.j.w.WebAppContext@7abe51b{hddsDatanode,/,file:///tmp/jetty-0_0_0_0-43319-hdds-container-service-1_3_0-SNAPSHOT_jar-_-any-219101579593797572/webapp/,AVAILABLE}{jar:file:/home/runner/.m2/repository/org/apache/ozone/hdds-container-service/1.3.0-SNAPSHOT/hdds-container-service-1.3.0-SNAPSHOT.jar!/webapps/hddsDatanode}
2021-11-29 08:36:47,063 [Listener at 127.0.0.1/41867] INFO  server.AbstractConnector (AbstractConnector.java:doStart(331)) - Started ServerConnector@48f6d406{HTTP/1.1, (http/1.1)}{0.0.0.0:43319}
2021-11-29 08:36:47,064 [ReplicationMonitor] INFO  container.ReplicationManager (ReplicationManager.java:processAll(371)) - Replication Monitor Thread took 0 milliseconds for processing 3 containers.
2021-11-29 08:36:47,065 [Listener at 127.0.0.1/41867] INFO  server.Server (Server.java:doStart(415)) - Started @41160ms
2021-11-29 08:36:47,065 [Listener at 127.0.0.1/41867] WARN  impl.MetricsSystemImpl (MetricsSystemImpl.java:register(279)) - Sink prometheus already exists!
2021-11-29 08:36:47,066 [Listener at 127.0.0.1/41867] INFO  http.BaseHttpServer (BaseHttpServer.java:updateConnectorAddress(329)) - HTTP server of hddsDatanode listening at http://0.0.0.0:43319
2021-11-29 08:36:47,067 [Listener at 127.0.0.1/41867] WARN  impl.MetricRegistriesImpl (MetricRegistriesImpl.java:addReporterRegistration(111)) - New reporters are added after registries were created. Some metrics will be missing from the reporter. Please add reporter before adding any new registry.
2021-11-29 08:36:47,067 [Listener at 127.0.0.1/41867] WARN  impl.MetricRegistriesImpl (MetricRegistriesImpl.java:addReporterRegistration(111)) - New reporters are added after registries were created. Some metrics will be missing from the reporter. Please add reporter before adding any new registry.
2021-11-29 08:36:47,067 [Listener at 127.0.0.1/41867] INFO  impl.MetricsSystemImpl (MetricsSystemImpl.java:init(158)) - HddsDatanode metrics system started (again)
2021-11-29 08:36:47,079 [Datanode State Machine Daemon Thread] INFO  statemachine.DatanodeStateMachine (DatanodeStateMachine.java:lambda$startDaemon$0(467)) - Ozone container server started.
2021-11-29 08:36:47,086 [ReplicationMonitor] INFO  container.ReplicationManager (ReplicationManager.java:processAll(371)) - Replication Monitor Thread took 0 milliseconds for processing 0 containers.
2021-11-29 08:36:47,127 [org.apache.hadoop.util.JvmPauseMonitor$Monitor@3c708028] INFO  util.JvmPauseMonitor (JvmPauseMonitor.java:run(188)) - Starting JVM pause monitor
2021-11-29 08:36:47,123 [main] INFO  ozone.HddsDatanodeService (HddsDatanodeService.java:start(234)) - HddsDatanodeService host:fv-az294-535.eaanfquahm5ulb5tj050gcxych.jx.internal.cloudapp.net ip:10.1.0.67
2021-11-29 08:36:47,142 [Listener at 127.0.0.1/41867] INFO  ozone.HddsDatanodeService (HddsDatanodeService.java:start(234)) - HddsDatanodeService host:fv-az294-535.eaanfquahm5ulb5tj050gcxych.jx.internal.cloudapp.net ip:10.1.0.67
2021-11-29 08:36:47,142 [Datanode State Machine Task Thread - 0] INFO  datanode.InitDatanodeState (InitDatanodeState.java:persistContainerDatanodeDetails(145)) - DatanodeDetails is persisted to /home/runner/work/ozone/ozone/hadoop-ozone/integration-test/target/test-dir/MiniOzoneClusterImpl-1264e839-bf81-4321-8fa1-d8fb3a10d01e/datanode-4/meta/datanode.id
2021-11-29 08:36:47,167 [main] INFO  upgrade.AbstractLayoutVersionManager (AbstractLayoutVersionManager.java:init(79)) - Initializing Layout version manager with metadata layout = SCM_HA (version = 2), software layout = SCM_HA (version = 2)
2021-11-29 08:36:47,183 [Listener at 127.0.0.1/41867] INFO  upgrade.AbstractLayoutVersionManager (AbstractLayoutVersionManager.java:init(79)) - Initializing Layout version manager with metadata layout = SCM_HA (version = 2), software layout = SCM_HA (version = 2)
2021-11-29 08:36:47,225 [Mini-Cluster-Provider-Reap] INFO  ozone.MiniOzoneClusterImpl (MiniOzoneClusterImpl.java:shutdown(453)) - Shutting down the Mini Ozone Cluster
2021-11-29 08:36:47,234 [Mini-Cluster-Provider-Reap] INFO  ozone.MiniOzoneClusterImpl (MiniOzoneClusterImpl.java:stop(468)) - Stopping the Mini Ozone Cluster
2021-11-29 08:36:47,234 [Mini-Cluster-Provider-Reap] INFO  ozone.MiniOzoneClusterImpl (MiniOzoneClusterImpl.java:stopOM(550)) - Stopping the OzoneManager
2021-11-29 08:36:47,234 [Mini-Cluster-Provider-Reap] INFO  om.OzoneManager (OzoneManager.java:stop(1830)) - om1[localhost:0]: Stopping Ozone Manager
2021-11-29 08:36:47,235 [Mini-Cluster-Provider-Reap] INFO  ipc.Server (Server.java:stop(3414)) - Stopping server on 45237
2021-11-29 08:36:47,250 [IPC Server listener on 0] INFO  ipc.Server (Server.java:run(1376)) - Stopping IPC Server listener on 0
2021-11-29 08:36:47,250 [IPC Server Responder] INFO  ipc.Server (Server.java:run(1512)) - Stopping IPC Server Responder
2021-11-29 08:36:47,279 [Mini-Cluster-Provider-Reap] INFO  server.RaftServer (RaftServerProxy.java:lambda$close$6(391)) - om1: close
2021-11-29 08:36:47,281 [Mini-Cluster-Provider-Reap] INFO  server.RaftServer$Division (RaftServerImpl.java:lambda$close$4(412)) - om1@group-C5BA1605619E: shutdown
2021-11-29 08:36:47,281 [Mini-Cluster-Provider-Reap] INFO  util.JmxRegister (JmxRegister.java:unregister(73)) - Successfully un-registered JMX Bean with object name Ratis:service=RaftServer,group=group-C5BA1605619E,id=om1
2021-11-29 08:36:47,281 [Mini-Cluster-Provider-Reap] INFO  impl.RoleInfo (RoleInfo.java:shutdownLeaderState(91)) - om1: shutdown om1@group-C5BA1605619E-LeaderStateImpl
]]></system-out>
  </testcase>
  <testcase name="testContainerIsReplicatedWhenAllNodesGotoMaintenance" classname="org.apache.hadoop.ozone.scm.node.TestDecommissionAndMaintenance" time="22.289"/>
  <testcase name="testMaintenanceEndsAutomaticallyAtTimeout" classname="org.apache.hadoop.ozone.scm.node.TestDecommissionAndMaintenance" time="41.074"/>
  <testcase name="testSingleNodeWithOpenPipelineCanGotoMaintenance" classname="org.apache.hadoop.ozone.scm.node.TestDecommissionAndMaintenance" time="44.075"/>
  <testcase name="testSCMHandlesRestartForMaintenanceNode" classname="org.apache.hadoop.ozone.scm.node.TestDecommissionAndMaintenance" time="32.169"/>
  <testcase name="testStoppedDecommissionedNodeTakesSCMStateOnRestart" classname="org.apache.hadoop.ozone.scm.node.TestDecommissionAndMaintenance" time="31.83"/>
  <testcase name="testEnteringMaintenanceNodeCompletesAfterSCMRestart" classname="org.apache.hadoop.ozone.scm.node.TestDecommissionAndMaintenance" time="20.126"/>
  <testcase name="testDecommissioningNodesCompleteDecommissionOnSCMRestart" classname="org.apache.hadoop.ozone.scm.node.TestDecommissionAndMaintenance" time="25.617"/>
</testsuite>