<?xml version="1.0" encoding="UTF-8"?>
<testsuite xmlns:xsi="http://www.w3.org/2001/XMLSchema-instance" xsi:noNamespaceSchemaLocation="https://maven.apache.org/surefire/maven-surefire-plugin/xsd/surefire-test-report.xsd" name="org.apache.hadoop.ozone.client.rpc.TestWatchForCommit" time="295.712" tests="4" errors="0" skipped="0" failures="1">
  <properties>
    <property name="awt.toolkit" value="sun.awt.X11.XToolkit"/>
    <property name="file.encoding.pkg" value="sun.io"/>
    <property name="java.specification.version" value="1.8"/>
    <property name="sun.cpu.isalist" value=""/>
    <property name="sun.jnu.encoding" value="UTF-8"/>
    <property name="java.class.path" value="/home/runner/work/ozone/ozone/hadoop-ozone/integration-test/target/test-classes:/home/runner/work/ozone/ozone/hadoop-ozone/integration-test/target/classes:/home/runner/.m2/repository/org/apache/ozone/ozone-common/1.2.0-SNAPSHOT/ozone-common-1.2.0-SNAPSHOT.jar:/home/runner/.m2/repository/org/apache/commons/commons-compress/1.20/commons-compress-1.20.jar:/home/runner/.m2/repository/org/apache/ozone/hdds-common/1.2.0-SNAPSHOT/hdds-common-1.2.0-SNAPSHOT.jar:/home/runner/.m2/repository/org/apache/ozone/hdds-client/1.2.0-SNAPSHOT/hdds-client-1.2.0-SNAPSHOT.jar:/home/runner/.m2/repository/org/apache/ozone/ozone-interface-client/1.2.0-SNAPSHOT/ozone-interface-client-1.2.0-SNAPSHOT.jar:/home/runner/.m2/repository/org/apache/ozone/hdds-server-framework/1.2.0-SNAPSHOT/hdds-server-framework-1.2.0-SNAPSHOT.jar:/home/runner/.m2/repository/org/apache/ozone/hdds-interface-server/1.2.0-SNAPSHOT/hdds-interface-server-1.2.0-SNAPSHOT.jar:/home/runner/.m2/repository/org/eclipse/jetty/jetty-servlet/9.4.43.v20210629/jetty-servlet-9.4.43.v20210629.jar:/home/runner/.m2/repository/org/eclipse/jetty/jetty-security/9.4.43.v20210629/jetty-security-9.4.43.v20210629.jar:/home/runner/.m2/repository/org/rocksdb/rocksdbjni/6.20.3/rocksdbjni-6.20.3.jar:/home/runner/.m2/repository/io/prometheus/simpleclient_dropwizard/0.7.0/simpleclient_dropwizard-0.7.0.jar:/home/runner/.m2/repository/io/prometheus/simpleclient/0.7.0/simpleclient-0.7.0.jar:/home/runner/.m2/repository/io/prometheus/simpleclient_common/0.7.0/simpleclient_common-0.7.0.jar:/home/runner/.m2/repository/com/fasterxml/jackson/datatype/jackson-datatype-jsr310/2.12.1/jackson-datatype-jsr310-2.12.1.jar:/home/runner/.m2/repository/org/apache/ozone/hdds-test-utils/1.2.0-SNAPSHOT/hdds-test-utils-1.2.0-SNAPSHOT.jar:/home/runner/.m2/repository/com/google/guava/guava/30.1.1-jre/guava-30.1.1-jre.jar:/home/runner/.m2/repository/com/google/guava/failureaccess/1.0.1/failureaccess-1.0.1.jar:/home/runner/.m2/repository/com/google/guava/listenablefuture/9999.0-empty-to-avoid-conflict-with-guava/listenablefuture-9999.0-empty-to-avoid-conflict-with-guava.jar:/home/runner/.m2/repository/com/google/code/findbugs/jsr305/3.0.0/jsr305-3.0.0.jar:/home/runner/.m2/repository/org/checkerframework/checker-qual/3.8.0/checker-qual-3.8.0.jar:/home/runner/.m2/repository/com/google/errorprone/error_prone_annotations/2.2.0/error_prone_annotations-2.2.0.jar:/home/runner/.m2/repository/com/google/j2objc/j2objc-annotations/1.3/j2objc-annotations-1.3.jar:/home/runner/.m2/repository/commons-io/commons-io/2.8.0/commons-io-2.8.0.jar:/home/runner/.m2/repository/commons-logging/commons-logging/1.2/commons-logging-1.2.jar:/home/runner/.m2/repository/log4j/log4j/1.2.17/log4j-1.2.17.jar:/home/runner/.m2/repository/org/slf4j/slf4j-api/1.7.30/slf4j-api-1.7.30.jar:/home/runner/.m2/repository/org/apache/ozone/hdds-server-scm/1.2.0-SNAPSHOT/hdds-server-scm-1.2.0-SNAPSHOT.jar:/home/runner/.m2/repository/org/apache/ozone/hdds-container-service/1.2.0-SNAPSHOT/hdds-container-service-1.2.0-SNAPSHOT.jar:/home/runner/.m2/repository/org/apache/ozone/hdds-hadoop-dependency-server/1.2.0-SNAPSHOT/hdds-hadoop-dependency-server-1.2.0-SNAPSHOT.jar:/home/runner/.m2/repository/org/apache/hadoop/hadoop-hdfs/3.3.1/hadoop-hdfs-3.3.1.jar:/home/runner/.m2/repository/io/dropwizard/metrics/metrics-core/3.2.4/metrics-core-3.2.4.jar:/home/runner/.m2/repository/org/apache/hadoop/hadoop-hdfs-client/3.3.1/hadoop-hdfs-client-3.3.1.jar:/home/runner/.m2/repository/org/bouncycastle/bcprov-jdk15on/1.67/bcprov-jdk15on-1.67.jar:/home/runner/.m2/repository/com/google/protobuf/protobuf-java/2.5.0/protobuf-java-2.5.0.jar:/home/runner/.m2/repository/org/apache/ozone/ozone-manager/1.2.0-SNAPSHOT/ozone-manager-1.2.0-SNAPSHOT.jar:/home/runner/.m2/repository/org/aspectj/aspectjrt/1.8.9/aspectjrt-1.8.9.jar:/home/runner/.m2/repository/org/aspectj/aspectjweaver/1.8.9/aspectjweaver-1.8.9.jar:/home/runner/.m2/repository/org/apache/ozone/hdds-interface-client/1.2.0-SNAPSHOT/hdds-interface-client-1.2.0-SNAPSHOT.jar:/home/runner/.m2/repository/org/apache/hadoop/thirdparty/hadoop-shaded-protobuf_3_7/1.1.1/hadoop-shaded-protobuf_3_7-1.1.1.jar:/home/runner/.m2/repository/org/apache/ozone/ozone-interface-storage/1.2.0-SNAPSHOT/ozone-interface-storage-1.2.0-SNAPSHOT.jar:/home/runner/.m2/repository/org/reflections/reflections/0.9.11/reflections-0.9.11.jar:/home/runner/.m2/repository/org/apache/hadoop/hadoop-minikdc/3.3.1/hadoop-minikdc-3.3.1.jar:/home/runner/.m2/repository/org/apache/kerby/kerb-simplekdc/1.0.1/kerb-simplekdc-1.0.1.jar:/home/runner/.m2/repository/org/apache/kerby/kerb-client/1.0.1/kerb-client-1.0.1.jar:/home/runner/.m2/repository/org/apache/kerby/kerby-config/1.0.1/kerby-config-1.0.1.jar:/home/runner/.m2/repository/org/apache/kerby/kerb-common/1.0.1/kerb-common-1.0.1.jar:/home/runner/.m2/repository/org/apache/kerby/kerb-crypto/1.0.1/kerb-crypto-1.0.1.jar:/home/runner/.m2/repository/org/apache/kerby/kerb-util/1.0.1/kerb-util-1.0.1.jar:/home/runner/.m2/repository/org/apache/kerby/token-provider/1.0.1/token-provider-1.0.1.jar:/home/runner/.m2/repository/org/apache/kerby/kerb-admin/1.0.1/kerb-admin-1.0.1.jar:/home/runner/.m2/repository/org/apache/kerby/kerb-server/1.0.1/kerb-server-1.0.1.jar:/home/runner/.m2/repository/org/apache/kerby/kerb-identity/1.0.1/kerb-identity-1.0.1.jar:/home/runner/.m2/repository/org/apache/kerby/kerby-xdr/1.0.1/kerby-xdr-1.0.1.jar:/home/runner/.m2/repository/org/slf4j/slf4j-log4j12/1.7.30/slf4j-log4j12-1.7.30.jar:/home/runner/.m2/repository/org/apache/ozone/ozone-s3gateway/1.2.0-SNAPSHOT/ozone-s3gateway-1.2.0-SNAPSHOT.jar:/home/runner/.m2/repository/org/javassist/javassist/3.21.0-GA/javassist-3.21.0-GA.jar:/home/runner/.m2/repository/org/jboss/weld/servlet/weld-servlet/2.4.7.Final/weld-servlet-2.4.7.Final.jar:/home/runner/.m2/repository/org/glassfish/jersey/containers/jersey-container-servlet-core/2.33/jersey-container-servlet-core-2.33.jar:/home/runner/.m2/repository/org/glassfish/hk2/external/jakarta.inject/2.6.1/jakarta.inject-2.6.1.jar:/home/runner/.m2/repository/org/glassfish/jersey/core/jersey-common/2.33/jersey-common-2.33.jar:/home/runner/.m2/repository/jakarta/ws/rs/jakarta.ws.rs-api/2.1.6/jakarta.ws.rs-api-2.1.6.jar:/home/runner/.m2/repository/org/glassfish/jersey/ext/cdi/jersey-cdi1x/2.33/jersey-cdi1x-2.33.jar:/home/runner/.m2/repository/org/glassfish/jersey/inject/jersey-hk2/2.33/jersey-hk2-2.33.jar:/home/runner/.m2/repository/org/glassfish/hk2/hk2-locator/2.6.1/hk2-locator-2.6.1.jar:/home/runner/.m2/repository/org/glassfish/jersey/media/jersey-media-jaxb/2.33/jersey-media-jaxb-2.33.jar:/home/runner/.m2/repository/org/glassfish/hk2/osgi-resource-locator/1.0.3/osgi-resource-locator-1.0.3.jar:/home/runner/.m2/repository/org/glassfish/hk2/hk2-api/2.5.0/hk2-api-2.5.0.jar:/home/runner/.m2/repository/org/glassfish/hk2/hk2-utils/2.5.0/hk2-utils-2.5.0.jar:/home/runner/.m2/repository/org/glassfish/hk2/external/aopalliance-repackaged/2.5.0/aopalliance-repackaged-2.5.0.jar:/home/runner/.m2/repository/com/fasterxml/jackson/dataformat/jackson-dataformat-xml/2.12.1/jackson-dataformat-xml-2.12.1.jar:/home/runner/.m2/repository/com/fasterxml/jackson/core/jackson-core/2.12.1/jackson-core-2.12.1.jar:/home/runner/.m2/repository/com/fasterxml/jackson/module/jackson-module-jaxb-annotations/2.12.1/jackson-module-jaxb-annotations-2.12.1.jar:/home/runner/.m2/repository/jakarta/xml/bind/jakarta.xml.bind-api/2.3.2/jakarta.xml.bind-api-2.3.2.jar:/home/runner/.m2/repository/org/codehaus/woodstox/stax2-api/3.1.4/stax2-api-3.1.4.jar:/home/runner/.m2/repository/com/fasterxml/woodstox/woodstox-core/5.0.3/woodstox-core-5.0.3.jar:/home/runner/.m2/repository/javax/enterprise/cdi-api/1.2/cdi-api-1.2.jar:/home/runner/.m2/repository/javax/el/javax.el-api/3.0.0/javax.el-api-3.0.0.jar:/home/runner/.m2/repository/javax/interceptor/javax.interceptor-api/1.2/javax.interceptor-api-1.2.jar:/home/runner/.m2/repository/javax/inject/javax.inject/1/javax.inject-1.jar:/home/runner/.m2/repository/javax/xml/bind/jaxb-api/2.3.0/jaxb-api-2.3.0.jar:/home/runner/.m2/repository/org/glassfish/jaxb/jaxb-runtime/2.3.0.1/jaxb-runtime-2.3.0.1.jar:/home/runner/.m2/repository/org/glassfish/jaxb/jaxb-core/2.3.0.1/jaxb-core-2.3.0.1.jar:/home/runner/.m2/repository/org/glassfish/jaxb/txw2/2.3.0.1/txw2-2.3.0.1.jar:/home/runner/.m2/repository/com/sun/istack/istack-commons-runtime/3.0.5/istack-commons-runtime-3.0.5.jar:/home/runner/.m2/repository/org/jvnet/staxex/stax-ex/1.7.8/stax-ex-1.7.8.jar:/home/runner/.m2/repository/com/sun/xml/fastinfoset/FastInfoset/1.2.13/FastInfoset-1.2.13.jar:/home/runner/.m2/repository/javax/activation/activation/1.1.1/activation-1.1.1.jar:/home/runner/.m2/repository/org/apache/ozone/ozone-csi/1.2.0-SNAPSHOT/ozone-csi-1.2.0-SNAPSHOT.jar:/home/runner/.m2/repository/com/google/protobuf/protobuf-java-util/3.12.0/protobuf-java-util-3.12.0.jar:/home/runner/.m2/repository/com/google/code/gson/gson/2.2.4/gson-2.2.4.jar:/home/runner/.m2/repository/org/apache/ozone/hdds-config/1.2.0-SNAPSHOT/hdds-config-1.2.0-SNAPSHOT.jar:/home/runner/.m2/repository/io/grpc/grpc-netty/1.33.0/grpc-netty-1.33.0.jar:/home/runner/.m2/repository/io/grpc/grpc-core/1.33.0/grpc-core-1.33.0.jar:/home/runner/.m2/repository/com/google/android/annotations/4.1.1.4/annotations-4.1.1.4.jar:/home/runner/.m2/repository/io/netty/netty-codec-http2/4.1.63.Final/netty-codec-http2-4.1.63.Final.jar:/home/runner/.m2/repository/io/netty/netty-codec-http/4.1.63.Final/netty-codec-http-4.1.63.Final.jar:/home/runner/.m2/repository/io/netty/netty-handler-proxy/4.1.63.Final/netty-handler-proxy-4.1.63.Final.jar:/home/runner/.m2/repository/io/netty/netty-codec-socks/4.1.63.Final/netty-codec-socks-4.1.63.Final.jar:/home/runner/.m2/repository/io/perfmark/perfmark-api/0.19.0/perfmark-api-0.19.0.jar:/home/runner/.m2/repository/org/codehaus/mojo/animal-sniffer-annotations/1.18/animal-sniffer-annotations-1.18.jar:/home/runner/.m2/repository/io/netty/netty-transport-native-epoll/4.1.63.Final/netty-transport-native-epoll-4.1.63.Final.jar:/home/runner/.m2/repository/io/netty/netty-common/4.1.63.Final/netty-common-4.1.63.Final.jar:/home/runner/.m2/repository/io/netty/netty-buffer/4.1.63.Final/netty-buffer-4.1.63.Final.jar:/home/runner/.m2/repository/io/netty/netty-transport-native-unix-common/4.1.63.Final/netty-transport-native-unix-common-4.1.63.Final.jar:/home/runner/.m2/repository/io/grpc/grpc-protobuf/1.33.0/grpc-protobuf-1.33.0.jar:/home/runner/.m2/repository/io/grpc/grpc-api/1.33.0/grpc-api-1.33.0.jar:/home/runner/.m2/repository/io/grpc/grpc-context/1.33.0/grpc-context-1.33.0.jar:/home/runner/.m2/repository/com/google/api/grpc/proto-google-common-protos/1.17.0/proto-google-common-protos-1.17.0.jar:/home/runner/.m2/repository/io/grpc/grpc-protobuf-lite/1.33.0/grpc-protobuf-lite-1.33.0.jar:/home/runner/.m2/repository/io/grpc/grpc-stub/1.33.0/grpc-stub-1.33.0.jar:/home/runner/.m2/repository/org/apache/ozone/ozone-recon/1.2.0-SNAPSHOT/ozone-recon-1.2.0-SNAPSHOT.jar:/home/runner/.m2/repository/org/apache/ozone/ozone-reconcodegen/1.2.0-SNAPSHOT/ozone-reconcodegen-1.2.0-SNAPSHOT.jar:/home/runner/.m2/repository/com/google/inject/extensions/guice-multibindings/4.0/guice-multibindings-4.0.jar:/home/runner/.m2/repository/com/google/inject/guice/4.0/guice-4.0.jar:/home/runner/.m2/repository/aopalliance/aopalliance/1.0/aopalliance-1.0.jar:/home/runner/.m2/repository/com/google/inject/extensions/guice-assistedinject/4.0/guice-assistedinject-4.0.jar:/home/runner/.m2/repository/com/google/inject/extensions/guice-servlet/4.0/guice-servlet-4.0.jar:/home/runner/.m2/repository/org/glassfish/jersey/containers/jersey-container-servlet/2.33/jersey-container-servlet-2.33.jar:/home/runner/.m2/repository/org/glassfish/hk2/guice-bridge/2.5.0/guice-bridge-2.5.0.jar:/home/runner/.m2/repository/org/glassfish/jersey/core/jersey-server/2.33/jersey-server-2.33.jar:/home/runner/.m2/repository/org/glassfish/jersey/core/jersey-client/2.33/jersey-client-2.33.jar:/home/runner/.m2/repository/jakarta/annotation/jakarta.annotation-api/1.3.5/jakarta.annotation-api-1.3.5.jar:/home/runner/.m2/repository/jakarta/validation/jakarta.validation-api/2.0.2/jakarta.validation-api-2.0.2.jar:/home/runner/.m2/repository/org/glassfish/jersey/media/jersey-media-json-jackson/2.33/jersey-media-json-jackson-2.33.jar:/home/runner/.m2/repository/org/glassfish/jersey/ext/jersey-entity-filtering/2.33/jersey-entity-filtering-2.33.jar:/home/runner/.m2/repository/org/jooq/jooq/3.11.10/jooq-3.11.10.jar:/home/runner/.m2/repository/org/jooq/jooq-meta/3.11.10/jooq-meta-3.11.10.jar:/home/runner/.m2/repository/org/jooq/jooq-codegen/3.11.10/jooq-codegen-3.11.10.jar:/home/runner/.m2/repository/com/jolbox/bonecp/0.8.0.RELEASE/bonecp-0.8.0.RELEASE.jar:/home/runner/.m2/repository/org/apache/derby/derby/10.14.2.0/derby-10.14.2.0.jar:/home/runner/.m2/repository/org/xerial/sqlite-jdbc/3.25.2/sqlite-jdbc-3.25.2.jar:/home/runner/.m2/repository/org/springframework/spring-jdbc/5.2.11.RELEASE/spring-jdbc-5.2.11.RELEASE.jar:/home/runner/.m2/repository/org/springframework/spring-beans/5.2.11.RELEASE/spring-beans-5.2.11.RELEASE.jar:/home/runner/.m2/repository/org/springframework/spring-core/5.2.11.RELEASE/spring-core-5.2.11.RELEASE.jar:/home/runner/.m2/repository/org/springframework/spring-jcl/5.2.11.RELEASE/spring-jcl-5.2.11.RELEASE.jar:/home/runner/.m2/repository/org/springframework/spring-tx/5.2.11.RELEASE/spring-tx-5.2.11.RELEASE.jar:/home/runner/.m2/repository/org/apache/ozone/ozone-client/1.2.0-SNAPSHOT/ozone-client-1.2.0-SNAPSHOT.jar:/home/runner/.m2/repository/org/apache/ozone/ozone-filesystem/1.2.0-SNAPSHOT/ozone-filesystem-1.2.0-SNAPSHOT.jar:/home/runner/.m2/repository/org/apache/ozone/ozone-filesystem-common/1.2.0-SNAPSHOT/ozone-filesystem-common-1.2.0-SNAPSHOT.jar:/home/runner/.m2/repository/org/apache/ozone/ozone-tools/1.2.0-SNAPSHOT/ozone-tools-1.2.0-SNAPSHOT.jar:/home/runner/.m2/repository/org/apache/ratis/ratis-tools/2.1.0-03f3b68-SNAPSHOT/ratis-tools-2.1.0-03f3b68-SNAPSHOT.jar:/home/runner/.m2/repository/com/amazonaws/aws-java-sdk-core/1.11.901/aws-java-sdk-core-1.11.901.jar:/home/runner/.m2/repository/org/apache/httpcomponents/httpclient/4.5.13/httpclient-4.5.13.jar:/home/runner/.m2/repository/org/apache/httpcomponents/httpcore/4.4.13/httpcore-4.4.13.jar:/home/runner/.m2/repository/software/amazon/ion/ion-java/1.0.2/ion-java-1.0.2.jar:/home/runner/.m2/repository/com/fasterxml/jackson/dataformat/jackson-dataformat-cbor/2.12.1/jackson-dataformat-cbor-2.12.1.jar:/home/runner/.m2/repository/joda-time/joda-time/2.8.1/joda-time-2.8.1.jar:/home/runner/.m2/repository/com/amazonaws/aws-java-sdk-s3/1.11.901/aws-java-sdk-s3-1.11.901.jar:/home/runner/.m2/repository/com/amazonaws/aws-java-sdk-kms/1.11.901/aws-java-sdk-kms-1.11.901.jar:/home/runner/.m2/repository/com/amazonaws/jmespath-java/1.11.901/jmespath-java-1.11.901.jar:/home/runner/.m2/repository/org/kohsuke/metainf-services/metainf-services/1.8/metainf-services-1.8.jar:/home/runner/.m2/repository/org/apache/ozone/hdds-tools/1.2.0-SNAPSHOT/hdds-tools-1.2.0-SNAPSHOT.jar:/home/runner/.m2/repository/commons-cli/commons-cli/1.2/commons-cli-1.2.jar:/home/runner/.m2/repository/org/apache/commons/commons-lang3/3.7/commons-lang3-3.7.jar:/home/runner/.m2/repository/org/apache/ozone/ozone-manager/1.2.0-SNAPSHOT/ozone-manager-1.2.0-SNAPSHOT-tests.jar:/home/runner/.m2/repository/org/apache/ozone/hdds-common/1.2.0-SNAPSHOT/hdds-common-1.2.0-SNAPSHOT-tests.jar:/home/runner/.m2/repository/org/apache/ozone/hdds-hadoop-dependency-client/1.2.0-SNAPSHOT/hdds-hadoop-dependency-client-1.2.0-SNAPSHOT.jar:/home/runner/.m2/repository/info/picocli/picocli/4.4.0/picocli-4.4.0.jar:/home/runner/.m2/repository/com/fasterxml/jackson/core/jackson-annotations/2.12.1/jackson-annotations-2.12.1.jar:/home/runner/.m2/repository/javax/annotation/javax.annotation-api/1.2/javax.annotation-api-1.2.jar:/home/runner/.m2/repository/org/apache/ratis/ratis-server/2.1.0-03f3b68-SNAPSHOT/ratis-server-2.1.0-03f3b68-SNAPSHOT.jar:/home/runner/.m2/repository/org/apache/ratis/ratis-client/2.1.0-03f3b68-SNAPSHOT/ratis-client-2.1.0-03f3b68-SNAPSHOT.jar:/home/runner/.m2/repository/org/apache/ratis/ratis-server-api/2.1.0-03f3b68-SNAPSHOT/ratis-server-api-2.1.0-03f3b68-SNAPSHOT.jar:/home/runner/.m2/repository/org/apache/ratis/ratis-metrics/2.1.0-03f3b68-SNAPSHOT/ratis-metrics-2.1.0-03f3b68-SNAPSHOT.jar:/home/runner/.m2/repository/org/apache/ratis/ratis-netty/2.1.0-03f3b68-SNAPSHOT/ratis-netty-2.1.0-03f3b68-SNAPSHOT.jar:/home/runner/.m2/repository/org/apache/ratis/ratis-grpc/2.1.0-03f3b68-SNAPSHOT/ratis-grpc-2.1.0-03f3b68-SNAPSHOT.jar:/home/runner/.m2/repository/org/apache/logging/log4j/log4j-api/2.13.3/log4j-api-2.13.3.jar:/home/runner/.m2/repository/org/apache/logging/log4j/log4j-core/2.13.3/log4j-core-2.13.3.jar:/home/runner/.m2/repository/com/lmax/disruptor/3.4.2/disruptor-3.4.2.jar:/home/runner/.m2/repository/org/apache/commons/commons-pool2/2.6.0/commons-pool2-2.6.0.jar:/home/runner/.m2/repository/org/bouncycastle/bcpkix-jdk15on/1.67/bcpkix-jdk15on-1.67.jar:/home/runner/.m2/repository/commons-validator/commons-validator/1.6/commons-validator-1.6.jar:/home/runner/.m2/repository/commons-beanutils/commons-beanutils/1.9.4/commons-beanutils-1.9.4.jar:/home/runner/.m2/repository/commons-digester/commons-digester/1.8.1/commons-digester-1.8.1.jar:/home/runner/.m2/repository/commons-collections/commons-collections/3.2.2/commons-collections-3.2.2.jar:/home/runner/.m2/repository/io/jaegertracing/jaeger-client/1.6.0/jaeger-client-1.6.0.jar:/home/runner/.m2/repository/io/jaegertracing/jaeger-thrift/1.6.0/jaeger-thrift-1.6.0.jar:/home/runner/.m2/repository/org/apache/thrift/libthrift/0.14.1/libthrift-0.14.1.jar:/home/runner/.m2/repository/com/squareup/okhttp3/okhttp/4.9.0/okhttp-4.9.0.jar:/home/runner/.m2/repository/com/squareup/okio/okio/2.8.0/okio-2.8.0.jar:/home/runner/.m2/repository/io/jaegertracing/jaeger-core/1.6.0/jaeger-core-1.6.0.jar:/home/runner/.m2/repository/io/jaegertracing/jaeger-tracerresolver/1.6.0/jaeger-tracerresolver-1.6.0.jar:/home/runner/.m2/repository/io/opentracing/contrib/opentracing-tracerresolver/0.1.8/opentracing-tracerresolver-0.1.8.jar:/home/runner/.m2/repository/org/jetbrains/kotlin/kotlin-stdlib/1.4.31/kotlin-stdlib-1.4.31.jar:/home/runner/.m2/repository/org/jetbrains/kotlin/kotlin-stdlib-common/1.4.31/kotlin-stdlib-common-1.4.31.jar:/home/runner/.m2/repository/org/jetbrains/annotations/13.0/annotations-13.0.jar:/home/runner/.m2/repository/io/opentracing/opentracing-util/0.33.0/opentracing-util-0.33.0.jar:/home/runner/.m2/repository/io/opentracing/opentracing-api/0.33.0/opentracing-api-0.33.0.jar:/home/runner/.m2/repository/io/opentracing/opentracing-noop/0.33.0/opentracing-noop-0.33.0.jar:/home/runner/.m2/repository/org/yaml/snakeyaml/1.26/snakeyaml-1.26.jar:/home/runner/.m2/repository/org/apache/ozone/hdds-interface-admin/1.2.0-SNAPSHOT/hdds-interface-admin-1.2.0-SNAPSHOT.jar:/home/runner/.m2/repository/junit/junit/4.13.1/junit-4.13.1.jar:/home/runner/.m2/repository/org/hamcrest/hamcrest-core/1.3/hamcrest-core-1.3.jar:/home/runner/.m2/repository/org/junit/jupiter/junit-jupiter-api/5.7.0/junit-jupiter-api-5.7.0.jar:/home/runner/.m2/repository/org/apiguardian/apiguardian-api/1.1.0/apiguardian-api-1.1.0.jar:/home/runner/.m2/repository/org/opentest4j/opentest4j/1.2.0/opentest4j-1.2.0.jar:/home/runner/.m2/repository/org/junit/platform/junit-platform-commons/1.7.0/junit-platform-commons-1.7.0.jar:/home/runner/.m2/repository/org/junit/jupiter/junit-jupiter-engine/5.7.0/junit-jupiter-engine-5.7.0.jar:/home/runner/.m2/repository/org/junit/platform/junit-platform-engine/1.7.0/junit-platform-engine-1.7.0.jar:/home/runner/.m2/repository/org/junit/vintage/junit-vintage-engine/5.7.0/junit-vintage-engine-5.7.0.jar:/home/runner/.m2/repository/org/junit/platform/junit-platform-launcher/1.7.0/junit-platform-launcher-1.7.0.jar:/home/runner/.m2/repository/org/openjdk/jmh/jmh-core/1.19/jmh-core-1.19.jar:/home/runner/.m2/repository/net/sf/jopt-simple/jopt-simple/4.6/jopt-simple-4.6.jar:/home/runner/.m2/repository/org/apache/commons/commons-math3/3.1.1/commons-math3-3.1.1.jar:/home/runner/.m2/repository/org/openjdk/jmh/jmh-generator-annprocess/1.19/jmh-generator-annprocess-1.19.jar:/home/runner/.m2/repository/org/mockito/mockito-core/2.28.2/mockito-core-2.28.2.jar:/home/runner/.m2/repository/net/bytebuddy/byte-buddy/1.9.10/byte-buddy-1.9.10.jar:/home/runner/.m2/repository/net/bytebuddy/byte-buddy-agent/1.9.10/byte-buddy-agent-1.9.10.jar:/home/runner/.m2/repository/org/objenesis/objenesis/1.0/objenesis-1.0.jar:/home/runner/.m2/repository/org/apache/hadoop/hadoop-kms/3.3.1/hadoop-kms-3.3.1.jar:/home/runner/.m2/repository/org/apache/hadoop/hadoop-auth/3.3.1/hadoop-auth-3.3.1.jar:/home/runner/.m2/repository/com/nimbusds/nimbus-jose-jwt/7.9/nimbus-jose-jwt-7.9.jar:/home/runner/.m2/repository/com/github/stephenc/jcip/jcip-annotations/1.0-1/jcip-annotations-1.0-1.jar:/home/runner/.m2/repository/net/minidev/json-smart/2.3/json-smart-2.3.jar:/home/runner/.m2/repository/net/minidev/accessors-smart/1.2/accessors-smart-1.2.jar:/home/runner/.m2/repository/org/ow2/asm/asm/5.0.4/asm-5.0.4.jar:/home/runner/.m2/repository/org/apache/zookeeper/zookeeper/3.5.6/zookeeper-3.5.6.jar:/home/runner/.m2/repository/org/apache/zookeeper/zookeeper-jute/3.5.6/zookeeper-jute-3.5.6.jar:/home/runner/.m2/repository/org/apache/yetus/audience-annotations/0.5.0/audience-annotations-0.5.0.jar:/home/runner/.m2/repository/org/apache/curator/curator-framework/4.2.0/curator-framework-4.2.0.jar:/home/runner/.m2/repository/org/apache/hadoop/thirdparty/hadoop-shaded-guava/1.1.1/hadoop-shaded-guava-1.1.1.jar:/home/runner/.m2/repository/com/sun/jersey/jersey-core/1.19/jersey-core-1.19.jar:/home/runner/.m2/repository/javax/ws/rs/jsr311-api/1.1.1/jsr311-api-1.1.1.jar:/home/runner/.m2/repository/com/sun/jersey/jersey-server/1.19/jersey-server-1.19.jar:/home/runner/.m2/repository/javax/servlet/javax.servlet-api/3.1.0/javax.servlet-api-3.1.0.jar:/home/runner/.m2/repository/org/eclipse/jetty/jetty-server/9.4.43.v20210629/jetty-server-9.4.43.v20210629.jar:/home/runner/.m2/repository/org/eclipse/jetty/jetty-http/9.4.43.v20210629/jetty-http-9.4.43.v20210629.jar:/home/runner/.m2/repository/org/eclipse/jetty/jetty-io/9.4.43.v20210629/jetty-io-9.4.43.v20210629.jar:/home/runner/.m2/repository/org/eclipse/jetty/jetty-webapp/9.4.43.v20210629/jetty-webapp-9.4.43.v20210629.jar:/home/runner/.m2/repository/org/eclipse/jetty/jetty-xml/9.4.43.v20210629/jetty-xml-9.4.43.v20210629.jar:/home/runner/.m2/repository/org/apache/hadoop/hadoop-common/3.3.1/hadoop-common-3.3.1.jar:/home/runner/.m2/repository/commons-net/commons-net/3.6/commons-net-3.6.jar:/home/runner/.m2/repository/jakarta/activation/jakarta.activation-api/1.2.1/jakarta.activation-api-1.2.1.jar:/home/runner/.m2/repository/com/sun/jersey/jersey-servlet/1.19/jersey-servlet-1.19.jar:/home/runner/.m2/repository/com/sun/jersey/jersey-json/1.19/jersey-json-1.19.jar:/home/runner/.m2/repository/org/codehaus/jettison/jettison/1.1/jettison-1.1.jar:/home/runner/.m2/repository/com/sun/xml/bind/jaxb-impl/2.2.3-1/jaxb-impl-2.2.3-1.jar:/home/runner/.m2/repository/org/codehaus/jackson/jackson-jaxrs/1.9.2/jackson-jaxrs-1.9.2.jar:/home/runner/.m2/repository/org/codehaus/jackson/jackson-xc/1.9.2/jackson-xc-1.9.2.jar:/home/runner/.m2/repository/org/apache/commons/commons-configuration2/2.1.1/commons-configuration2-2.1.1.jar:/home/runner/.m2/repository/org/apache/commons/commons-text/1.4/commons-text-1.4.jar:/home/runner/.m2/repository/com/google/re2j/re2j/1.1/re2j-1.1.jar:/home/runner/.m2/repository/com/jcraft/jsch/0.1.54/jsch-0.1.54.jar:/home/runner/.m2/repository/org/apache/curator/curator-client/4.2.0/curator-client-4.2.0.jar:/home/runner/.m2/repository/org/apache/curator/curator-recipes/4.2.0/curator-recipes-4.2.0.jar:/home/runner/.m2/repository/org/apache/kerby/kerb-core/1.0.1/kerb-core-1.0.1.jar:/home/runner/.m2/repository/org/apache/kerby/kerby-pkix/1.0.1/kerby-pkix-1.0.1.jar:/home/runner/.m2/repository/org/apache/kerby/kerby-asn1/1.0.1/kerby-asn1-1.0.1.jar:/home/runner/.m2/repository/org/apache/kerby/kerby-util/1.0.1/kerby-util-1.0.1.jar:/home/runner/.m2/repository/dnsjava/dnsjava/2.1.7/dnsjava-2.1.7.jar:/home/runner/.m2/repository/org/xerial/snappy/snappy-java/1.1.8.2/snappy-java-1.1.8.2.jar:/home/runner/.m2/repository/org/slf4j/jul-to-slf4j/1.7.30/jul-to-slf4j-1.7.30.jar:/home/runner/.m2/repository/org/eclipse/jetty/jetty-util/9.4.43.v20210629/jetty-util-9.4.43.v20210629.jar:/home/runner/.m2/repository/com/fasterxml/jackson/core/jackson-databind/2.12.1/jackson-databind-2.12.1.jar:/home/runner/.m2/repository/org/apache/hadoop/hadoop-kms/3.3.1/hadoop-kms-3.3.1-tests.jar:/home/runner/.m2/repository/org/apache/ozone/hdds-server-scm/1.2.0-SNAPSHOT/hdds-server-scm-1.2.0-SNAPSHOT-tests.jar:/home/runner/.m2/repository/org/apache/ozone/hdds-container-service/1.2.0-SNAPSHOT/hdds-container-service-1.2.0-SNAPSHOT-tests.jar:/home/runner/.m2/repository/commons-codec/commons-codec/1.11/commons-codec-1.11.jar:/home/runner/.m2/repository/io/netty/netty-transport/4.1.63.Final/netty-transport-4.1.63.Final.jar:/home/runner/.m2/repository/io/netty/netty-resolver/4.1.63.Final/netty-resolver-4.1.63.Final.jar:/home/runner/.m2/repository/io/netty/netty-codec/4.1.63.Final/netty-codec-4.1.63.Final.jar:/home/runner/.m2/repository/io/netty/netty-handler/4.1.63.Final/netty-handler-4.1.63.Final.jar:/home/runner/.m2/repository/org/apache/ozone/hdds-hadoop-dependency-test/1.2.0-SNAPSHOT/hdds-hadoop-dependency-test-1.2.0-SNAPSHOT.jar:/home/runner/.m2/repository/org/apache/hadoop/hadoop-common/3.3.1/hadoop-common-3.3.1-tests.jar:/home/runner/.m2/repository/org/assertj/assertj-core/3.12.2/assertj-core-3.12.2.jar:/home/runner/.m2/repository/org/apache/hadoop/hadoop-hdfs/3.3.1/hadoop-hdfs-3.3.1-tests.jar:/home/runner/.m2/repository/org/eclipse/jetty/jetty-util-ajax/9.4.43.v20210629/jetty-util-ajax-9.4.43.v20210629.jar:/home/runner/.m2/repository/commons-daemon/commons-daemon/1.0.13/commons-daemon-1.0.13.jar:/home/runner/.m2/repository/io/netty/netty/3.10.6.Final/netty-3.10.6.Final.jar:/home/runner/.m2/repository/io/netty/netty-all/4.1.63.Final/netty-all-4.1.63.Final.jar:/home/runner/.m2/repository/org/apache/htrace/htrace-core4/4.1.0-incubating/htrace-core4-4.1.0-incubating.jar:/home/runner/.m2/repository/org/fusesource/leveldbjni/leveldbjni-all/1.8/leveldbjni-all-1.8.jar:/home/runner/.m2/repository/org/apache/hadoop/hadoop-distcp/3.3.1/hadoop-distcp-3.3.1.jar:/home/runner/.m2/repository/org/apache/hadoop/hadoop-mapreduce-client-jobclient/3.3.1/hadoop-mapreduce-client-jobclient-3.3.1.jar:/home/runner/.m2/repository/org/apache/hadoop/hadoop-mapreduce-client-common/3.3.1/hadoop-mapreduce-client-common-3.3.1.jar:/home/runner/.m2/repository/org/apache/hadoop/hadoop-yarn-common/3.3.1/hadoop-yarn-common-3.3.1.jar:/home/runner/.m2/repository/org/apache/hadoop/hadoop-yarn-api/3.3.1/hadoop-yarn-api-3.3.1.jar:/home/runner/.m2/repository/com/sun/jersey/jersey-client/1.19/jersey-client-1.19.jar:/home/runner/.m2/repository/com/sun/jersey/contribs/jersey-guice/1.19/jersey-guice-1.19.jar:/home/runner/.m2/repository/com/fasterxml/jackson/jaxrs/jackson-jaxrs-json-provider/2.12.1/jackson-jaxrs-json-provider-2.12.1.jar:/home/runner/.m2/repository/com/fasterxml/jackson/jaxrs/jackson-jaxrs-base/2.12.1/jackson-jaxrs-base-2.12.1.jar:/home/runner/.m2/repository/org/apache/hadoop/hadoop-yarn-client/3.3.1/hadoop-yarn-client-3.3.1.jar:/home/runner/.m2/repository/org/eclipse/jetty/websocket/websocket-client/9.4.40.v20210413/websocket-client-9.4.40.v20210413.jar:/home/runner/.m2/repository/org/eclipse/jetty/jetty-client/9.4.40.v20210413/jetty-client-9.4.40.v20210413.jar:/home/runner/.m2/repository/org/eclipse/jetty/websocket/websocket-common/9.4.40.v20210413/websocket-common-9.4.40.v20210413.jar:/home/runner/.m2/repository/org/eclipse/jetty/websocket/websocket-api/9.4.40.v20210413/websocket-api-9.4.40.v20210413.jar:/home/runner/.m2/repository/org/jline/jline/3.9.0/jline-3.9.0.jar:/home/runner/.m2/repository/org/apache/hadoop/hadoop-mapreduce-client-core/3.3.1/hadoop-mapreduce-client-core-3.3.1.jar:/home/runner/.m2/repository/org/apache/avro/avro/1.7.7/avro-1.7.7.jar:/home/runner/.m2/repository/org/codehaus/jackson/jackson-core-asl/1.9.13/jackson-core-asl-1.9.13.jar:/home/runner/.m2/repository/org/codehaus/jackson/jackson-mapper-asl/1.9.13/jackson-mapper-asl-1.9.13.jar:/home/runner/.m2/repository/com/thoughtworks/paranamer/paranamer/2.3/paranamer-2.3.jar:/home/runner/.m2/repository/org/apache/hadoop/hadoop-annotations/3.3.1/hadoop-annotations-3.3.1.jar:/usr/lib/jvm/adoptopenjdk-8-hotspot-amd64/jre/../lib/tools.jar:/home/runner/.m2/repository/org/apache/hadoop/hadoop-distcp/3.3.1/hadoop-distcp-3.3.1-tests.jar:/home/runner/.m2/repository/org/apache/ratis/ratis-common/2.1.0-03f3b68-SNAPSHOT/ratis-common-2.1.0-03f3b68-SNAPSHOT.jar:/home/runner/.m2/repository/org/apache/ratis/ratis-thirdparty-misc/0.7.0/ratis-thirdparty-misc-0.7.0.jar:/home/runner/.m2/repository/org/apache/ratis/ratis-proto/2.1.0-03f3b68-SNAPSHOT/ratis-proto-2.1.0-03f3b68-SNAPSHOT.jar:"/>
    <property name="java.vm.vendor" value="AdoptOpenJDK"/>
    <property name="sun.arch.data.model" value="64"/>
    <property name="test.build.dir" value="/home/runner/work/ozone/ozone/hadoop-ozone/integration-test/target/test-dir"/>
    <property name="test.cache.data" value=""/>
    <property name="java.vendor.url" value="https://adoptopenjdk.net/"/>
    <property name="user.timezone" value=""/>
    <property name="java.vm.specification.version" value="1.8"/>
    <property name="os.name" value="Linux"/>
    <property name="test.build.data" value="/home/runner/work/ozone/ozone/hadoop-ozone/integration-test/target/test-dir"/>
    <property name="sun.java.launcher" value="SUN_STANDARD"/>
    <property name="sun.boot.library.path" value="/usr/lib/jvm/adoptopenjdk-8-hotspot-amd64/jre/lib/amd64"/>
    <property name="sun.java.command" value="/home/runner/work/ozone/ozone/hadoop-ozone/integration-test/target/surefire/surefirebooter1220505486891293073.jar /home/runner/work/ozone/ozone/hadoop-ozone/integration-test/target/surefire 2021-08-25T22-53-14_750-jvmRun1 surefire5001076284408896183tmp surefire_85146208380418076896tmp"/>
    <property name="surefire.test.class.path" value="/home/runner/work/ozone/ozone/hadoop-ozone/integration-test/target/test-classes:/home/runner/work/ozone/ozone/hadoop-ozone/integration-test/target/classes:/home/runner/.m2/repository/org/apache/ozone/ozone-common/1.2.0-SNAPSHOT/ozone-common-1.2.0-SNAPSHOT.jar:/home/runner/.m2/repository/org/apache/commons/commons-compress/1.20/commons-compress-1.20.jar:/home/runner/.m2/repository/org/apache/ozone/hdds-common/1.2.0-SNAPSHOT/hdds-common-1.2.0-SNAPSHOT.jar:/home/runner/.m2/repository/org/apache/ozone/hdds-client/1.2.0-SNAPSHOT/hdds-client-1.2.0-SNAPSHOT.jar:/home/runner/.m2/repository/org/apache/ozone/ozone-interface-client/1.2.0-SNAPSHOT/ozone-interface-client-1.2.0-SNAPSHOT.jar:/home/runner/.m2/repository/org/apache/ozone/hdds-server-framework/1.2.0-SNAPSHOT/hdds-server-framework-1.2.0-SNAPSHOT.jar:/home/runner/.m2/repository/org/apache/ozone/hdds-interface-server/1.2.0-SNAPSHOT/hdds-interface-server-1.2.0-SNAPSHOT.jar:/home/runner/.m2/repository/org/eclipse/jetty/jetty-servlet/9.4.43.v20210629/jetty-servlet-9.4.43.v20210629.jar:/home/runner/.m2/repository/org/eclipse/jetty/jetty-security/9.4.43.v20210629/jetty-security-9.4.43.v20210629.jar:/home/runner/.m2/repository/org/rocksdb/rocksdbjni/6.20.3/rocksdbjni-6.20.3.jar:/home/runner/.m2/repository/io/prometheus/simpleclient_dropwizard/0.7.0/simpleclient_dropwizard-0.7.0.jar:/home/runner/.m2/repository/io/prometheus/simpleclient/0.7.0/simpleclient-0.7.0.jar:/home/runner/.m2/repository/io/prometheus/simpleclient_common/0.7.0/simpleclient_common-0.7.0.jar:/home/runner/.m2/repository/com/fasterxml/jackson/datatype/jackson-datatype-jsr310/2.12.1/jackson-datatype-jsr310-2.12.1.jar:/home/runner/.m2/repository/org/apache/ozone/hdds-test-utils/1.2.0-SNAPSHOT/hdds-test-utils-1.2.0-SNAPSHOT.jar:/home/runner/.m2/repository/com/google/guava/guava/30.1.1-jre/guava-30.1.1-jre.jar:/home/runner/.m2/repository/com/google/guava/failureaccess/1.0.1/failureaccess-1.0.1.jar:/home/runner/.m2/repository/com/google/guava/listenablefuture/9999.0-empty-to-avoid-conflict-with-guava/listenablefuture-9999.0-empty-to-avoid-conflict-with-guava.jar:/home/runner/.m2/repository/com/google/code/findbugs/jsr305/3.0.0/jsr305-3.0.0.jar:/home/runner/.m2/repository/org/checkerframework/checker-qual/3.8.0/checker-qual-3.8.0.jar:/home/runner/.m2/repository/com/google/errorprone/error_prone_annotations/2.2.0/error_prone_annotations-2.2.0.jar:/home/runner/.m2/repository/com/google/j2objc/j2objc-annotations/1.3/j2objc-annotations-1.3.jar:/home/runner/.m2/repository/commons-io/commons-io/2.8.0/commons-io-2.8.0.jar:/home/runner/.m2/repository/commons-logging/commons-logging/1.2/commons-logging-1.2.jar:/home/runner/.m2/repository/log4j/log4j/1.2.17/log4j-1.2.17.jar:/home/runner/.m2/repository/org/slf4j/slf4j-api/1.7.30/slf4j-api-1.7.30.jar:/home/runner/.m2/repository/org/apache/ozone/hdds-server-scm/1.2.0-SNAPSHOT/hdds-server-scm-1.2.0-SNAPSHOT.jar:/home/runner/.m2/repository/org/apache/ozone/hdds-container-service/1.2.0-SNAPSHOT/hdds-container-service-1.2.0-SNAPSHOT.jar:/home/runner/.m2/repository/org/apache/ozone/hdds-hadoop-dependency-server/1.2.0-SNAPSHOT/hdds-hadoop-dependency-server-1.2.0-SNAPSHOT.jar:/home/runner/.m2/repository/org/apache/hadoop/hadoop-hdfs/3.3.1/hadoop-hdfs-3.3.1.jar:/home/runner/.m2/repository/io/dropwizard/metrics/metrics-core/3.2.4/metrics-core-3.2.4.jar:/home/runner/.m2/repository/org/apache/hadoop/hadoop-hdfs-client/3.3.1/hadoop-hdfs-client-3.3.1.jar:/home/runner/.m2/repository/org/bouncycastle/bcprov-jdk15on/1.67/bcprov-jdk15on-1.67.jar:/home/runner/.m2/repository/com/google/protobuf/protobuf-java/2.5.0/protobuf-java-2.5.0.jar:/home/runner/.m2/repository/org/apache/ozone/ozone-manager/1.2.0-SNAPSHOT/ozone-manager-1.2.0-SNAPSHOT.jar:/home/runner/.m2/repository/org/aspectj/aspectjrt/1.8.9/aspectjrt-1.8.9.jar:/home/runner/.m2/repository/org/aspectj/aspectjweaver/1.8.9/aspectjweaver-1.8.9.jar:/home/runner/.m2/repository/org/apache/ozone/hdds-interface-client/1.2.0-SNAPSHOT/hdds-interface-client-1.2.0-SNAPSHOT.jar:/home/runner/.m2/repository/org/apache/hadoop/thirdparty/hadoop-shaded-protobuf_3_7/1.1.1/hadoop-shaded-protobuf_3_7-1.1.1.jar:/home/runner/.m2/repository/org/apache/ozone/ozone-interface-storage/1.2.0-SNAPSHOT/ozone-interface-storage-1.2.0-SNAPSHOT.jar:/home/runner/.m2/repository/org/reflections/reflections/0.9.11/reflections-0.9.11.jar:/home/runner/.m2/repository/org/apache/hadoop/hadoop-minikdc/3.3.1/hadoop-minikdc-3.3.1.jar:/home/runner/.m2/repository/org/apache/kerby/kerb-simplekdc/1.0.1/kerb-simplekdc-1.0.1.jar:/home/runner/.m2/repository/org/apache/kerby/kerb-client/1.0.1/kerb-client-1.0.1.jar:/home/runner/.m2/repository/org/apache/kerby/kerby-config/1.0.1/kerby-config-1.0.1.jar:/home/runner/.m2/repository/org/apache/kerby/kerb-common/1.0.1/kerb-common-1.0.1.jar:/home/runner/.m2/repository/org/apache/kerby/kerb-crypto/1.0.1/kerb-crypto-1.0.1.jar:/home/runner/.m2/repository/org/apache/kerby/kerb-util/1.0.1/kerb-util-1.0.1.jar:/home/runner/.m2/repository/org/apache/kerby/token-provider/1.0.1/token-provider-1.0.1.jar:/home/runner/.m2/repository/org/apache/kerby/kerb-admin/1.0.1/kerb-admin-1.0.1.jar:/home/runner/.m2/repository/org/apache/kerby/kerb-server/1.0.1/kerb-server-1.0.1.jar:/home/runner/.m2/repository/org/apache/kerby/kerb-identity/1.0.1/kerb-identity-1.0.1.jar:/home/runner/.m2/repository/org/apache/kerby/kerby-xdr/1.0.1/kerby-xdr-1.0.1.jar:/home/runner/.m2/repository/org/slf4j/slf4j-log4j12/1.7.30/slf4j-log4j12-1.7.30.jar:/home/runner/.m2/repository/org/apache/ozone/ozone-s3gateway/1.2.0-SNAPSHOT/ozone-s3gateway-1.2.0-SNAPSHOT.jar:/home/runner/.m2/repository/org/javassist/javassist/3.21.0-GA/javassist-3.21.0-GA.jar:/home/runner/.m2/repository/org/jboss/weld/servlet/weld-servlet/2.4.7.Final/weld-servlet-2.4.7.Final.jar:/home/runner/.m2/repository/org/glassfish/jersey/containers/jersey-container-servlet-core/2.33/jersey-container-servlet-core-2.33.jar:/home/runner/.m2/repository/org/glassfish/hk2/external/jakarta.inject/2.6.1/jakarta.inject-2.6.1.jar:/home/runner/.m2/repository/org/glassfish/jersey/core/jersey-common/2.33/jersey-common-2.33.jar:/home/runner/.m2/repository/jakarta/ws/rs/jakarta.ws.rs-api/2.1.6/jakarta.ws.rs-api-2.1.6.jar:/home/runner/.m2/repository/org/glassfish/jersey/ext/cdi/jersey-cdi1x/2.33/jersey-cdi1x-2.33.jar:/home/runner/.m2/repository/org/glassfish/jersey/inject/jersey-hk2/2.33/jersey-hk2-2.33.jar:/home/runner/.m2/repository/org/glassfish/hk2/hk2-locator/2.6.1/hk2-locator-2.6.1.jar:/home/runner/.m2/repository/org/glassfish/jersey/media/jersey-media-jaxb/2.33/jersey-media-jaxb-2.33.jar:/home/runner/.m2/repository/org/glassfish/hk2/osgi-resource-locator/1.0.3/osgi-resource-locator-1.0.3.jar:/home/runner/.m2/repository/org/glassfish/hk2/hk2-api/2.5.0/hk2-api-2.5.0.jar:/home/runner/.m2/repository/org/glassfish/hk2/hk2-utils/2.5.0/hk2-utils-2.5.0.jar:/home/runner/.m2/repository/org/glassfish/hk2/external/aopalliance-repackaged/2.5.0/aopalliance-repackaged-2.5.0.jar:/home/runner/.m2/repository/com/fasterxml/jackson/dataformat/jackson-dataformat-xml/2.12.1/jackson-dataformat-xml-2.12.1.jar:/home/runner/.m2/repository/com/fasterxml/jackson/core/jackson-core/2.12.1/jackson-core-2.12.1.jar:/home/runner/.m2/repository/com/fasterxml/jackson/module/jackson-module-jaxb-annotations/2.12.1/jackson-module-jaxb-annotations-2.12.1.jar:/home/runner/.m2/repository/jakarta/xml/bind/jakarta.xml.bind-api/2.3.2/jakarta.xml.bind-api-2.3.2.jar:/home/runner/.m2/repository/org/codehaus/woodstox/stax2-api/3.1.4/stax2-api-3.1.4.jar:/home/runner/.m2/repository/com/fasterxml/woodstox/woodstox-core/5.0.3/woodstox-core-5.0.3.jar:/home/runner/.m2/repository/javax/enterprise/cdi-api/1.2/cdi-api-1.2.jar:/home/runner/.m2/repository/javax/el/javax.el-api/3.0.0/javax.el-api-3.0.0.jar:/home/runner/.m2/repository/javax/interceptor/javax.interceptor-api/1.2/javax.interceptor-api-1.2.jar:/home/runner/.m2/repository/javax/inject/javax.inject/1/javax.inject-1.jar:/home/runner/.m2/repository/javax/xml/bind/jaxb-api/2.3.0/jaxb-api-2.3.0.jar:/home/runner/.m2/repository/org/glassfish/jaxb/jaxb-runtime/2.3.0.1/jaxb-runtime-2.3.0.1.jar:/home/runner/.m2/repository/org/glassfish/jaxb/jaxb-core/2.3.0.1/jaxb-core-2.3.0.1.jar:/home/runner/.m2/repository/org/glassfish/jaxb/txw2/2.3.0.1/txw2-2.3.0.1.jar:/home/runner/.m2/repository/com/sun/istack/istack-commons-runtime/3.0.5/istack-commons-runtime-3.0.5.jar:/home/runner/.m2/repository/org/jvnet/staxex/stax-ex/1.7.8/stax-ex-1.7.8.jar:/home/runner/.m2/repository/com/sun/xml/fastinfoset/FastInfoset/1.2.13/FastInfoset-1.2.13.jar:/home/runner/.m2/repository/javax/activation/activation/1.1.1/activation-1.1.1.jar:/home/runner/.m2/repository/org/apache/ozone/ozone-csi/1.2.0-SNAPSHOT/ozone-csi-1.2.0-SNAPSHOT.jar:/home/runner/.m2/repository/com/google/protobuf/protobuf-java-util/3.12.0/protobuf-java-util-3.12.0.jar:/home/runner/.m2/repository/com/google/code/gson/gson/2.2.4/gson-2.2.4.jar:/home/runner/.m2/repository/org/apache/ozone/hdds-config/1.2.0-SNAPSHOT/hdds-config-1.2.0-SNAPSHOT.jar:/home/runner/.m2/repository/io/grpc/grpc-netty/1.33.0/grpc-netty-1.33.0.jar:/home/runner/.m2/repository/io/grpc/grpc-core/1.33.0/grpc-core-1.33.0.jar:/home/runner/.m2/repository/com/google/android/annotations/4.1.1.4/annotations-4.1.1.4.jar:/home/runner/.m2/repository/io/netty/netty-codec-http2/4.1.63.Final/netty-codec-http2-4.1.63.Final.jar:/home/runner/.m2/repository/io/netty/netty-codec-http/4.1.63.Final/netty-codec-http-4.1.63.Final.jar:/home/runner/.m2/repository/io/netty/netty-handler-proxy/4.1.63.Final/netty-handler-proxy-4.1.63.Final.jar:/home/runner/.m2/repository/io/netty/netty-codec-socks/4.1.63.Final/netty-codec-socks-4.1.63.Final.jar:/home/runner/.m2/repository/io/perfmark/perfmark-api/0.19.0/perfmark-api-0.19.0.jar:/home/runner/.m2/repository/org/codehaus/mojo/animal-sniffer-annotations/1.18/animal-sniffer-annotations-1.18.jar:/home/runner/.m2/repository/io/netty/netty-transport-native-epoll/4.1.63.Final/netty-transport-native-epoll-4.1.63.Final.jar:/home/runner/.m2/repository/io/netty/netty-common/4.1.63.Final/netty-common-4.1.63.Final.jar:/home/runner/.m2/repository/io/netty/netty-buffer/4.1.63.Final/netty-buffer-4.1.63.Final.jar:/home/runner/.m2/repository/io/netty/netty-transport-native-unix-common/4.1.63.Final/netty-transport-native-unix-common-4.1.63.Final.jar:/home/runner/.m2/repository/io/grpc/grpc-protobuf/1.33.0/grpc-protobuf-1.33.0.jar:/home/runner/.m2/repository/io/grpc/grpc-api/1.33.0/grpc-api-1.33.0.jar:/home/runner/.m2/repository/io/grpc/grpc-context/1.33.0/grpc-context-1.33.0.jar:/home/runner/.m2/repository/com/google/api/grpc/proto-google-common-protos/1.17.0/proto-google-common-protos-1.17.0.jar:/home/runner/.m2/repository/io/grpc/grpc-protobuf-lite/1.33.0/grpc-protobuf-lite-1.33.0.jar:/home/runner/.m2/repository/io/grpc/grpc-stub/1.33.0/grpc-stub-1.33.0.jar:/home/runner/.m2/repository/org/apache/ozone/ozone-recon/1.2.0-SNAPSHOT/ozone-recon-1.2.0-SNAPSHOT.jar:/home/runner/.m2/repository/org/apache/ozone/ozone-reconcodegen/1.2.0-SNAPSHOT/ozone-reconcodegen-1.2.0-SNAPSHOT.jar:/home/runner/.m2/repository/com/google/inject/extensions/guice-multibindings/4.0/guice-multibindings-4.0.jar:/home/runner/.m2/repository/com/google/inject/guice/4.0/guice-4.0.jar:/home/runner/.m2/repository/aopalliance/aopalliance/1.0/aopalliance-1.0.jar:/home/runner/.m2/repository/com/google/inject/extensions/guice-assistedinject/4.0/guice-assistedinject-4.0.jar:/home/runner/.m2/repository/com/google/inject/extensions/guice-servlet/4.0/guice-servlet-4.0.jar:/home/runner/.m2/repository/org/glassfish/jersey/containers/jersey-container-servlet/2.33/jersey-container-servlet-2.33.jar:/home/runner/.m2/repository/org/glassfish/hk2/guice-bridge/2.5.0/guice-bridge-2.5.0.jar:/home/runner/.m2/repository/org/glassfish/jersey/core/jersey-server/2.33/jersey-server-2.33.jar:/home/runner/.m2/repository/org/glassfish/jersey/core/jersey-client/2.33/jersey-client-2.33.jar:/home/runner/.m2/repository/jakarta/annotation/jakarta.annotation-api/1.3.5/jakarta.annotation-api-1.3.5.jar:/home/runner/.m2/repository/jakarta/validation/jakarta.validation-api/2.0.2/jakarta.validation-api-2.0.2.jar:/home/runner/.m2/repository/org/glassfish/jersey/media/jersey-media-json-jackson/2.33/jersey-media-json-jackson-2.33.jar:/home/runner/.m2/repository/org/glassfish/jersey/ext/jersey-entity-filtering/2.33/jersey-entity-filtering-2.33.jar:/home/runner/.m2/repository/org/jooq/jooq/3.11.10/jooq-3.11.10.jar:/home/runner/.m2/repository/org/jooq/jooq-meta/3.11.10/jooq-meta-3.11.10.jar:/home/runner/.m2/repository/org/jooq/jooq-codegen/3.11.10/jooq-codegen-3.11.10.jar:/home/runner/.m2/repository/com/jolbox/bonecp/0.8.0.RELEASE/bonecp-0.8.0.RELEASE.jar:/home/runner/.m2/repository/org/apache/derby/derby/10.14.2.0/derby-10.14.2.0.jar:/home/runner/.m2/repository/org/xerial/sqlite-jdbc/3.25.2/sqlite-jdbc-3.25.2.jar:/home/runner/.m2/repository/org/springframework/spring-jdbc/5.2.11.RELEASE/spring-jdbc-5.2.11.RELEASE.jar:/home/runner/.m2/repository/org/springframework/spring-beans/5.2.11.RELEASE/spring-beans-5.2.11.RELEASE.jar:/home/runner/.m2/repository/org/springframework/spring-core/5.2.11.RELEASE/spring-core-5.2.11.RELEASE.jar:/home/runner/.m2/repository/org/springframework/spring-jcl/5.2.11.RELEASE/spring-jcl-5.2.11.RELEASE.jar:/home/runner/.m2/repository/org/springframework/spring-tx/5.2.11.RELEASE/spring-tx-5.2.11.RELEASE.jar:/home/runner/.m2/repository/org/apache/ozone/ozone-client/1.2.0-SNAPSHOT/ozone-client-1.2.0-SNAPSHOT.jar:/home/runner/.m2/repository/org/apache/ozone/ozone-filesystem/1.2.0-SNAPSHOT/ozone-filesystem-1.2.0-SNAPSHOT.jar:/home/runner/.m2/repository/org/apache/ozone/ozone-filesystem-common/1.2.0-SNAPSHOT/ozone-filesystem-common-1.2.0-SNAPSHOT.jar:/home/runner/.m2/repository/org/apache/ozone/ozone-tools/1.2.0-SNAPSHOT/ozone-tools-1.2.0-SNAPSHOT.jar:/home/runner/.m2/repository/org/apache/ratis/ratis-tools/2.1.0-03f3b68-SNAPSHOT/ratis-tools-2.1.0-03f3b68-SNAPSHOT.jar:/home/runner/.m2/repository/com/amazonaws/aws-java-sdk-core/1.11.901/aws-java-sdk-core-1.11.901.jar:/home/runner/.m2/repository/org/apache/httpcomponents/httpclient/4.5.13/httpclient-4.5.13.jar:/home/runner/.m2/repository/org/apache/httpcomponents/httpcore/4.4.13/httpcore-4.4.13.jar:/home/runner/.m2/repository/software/amazon/ion/ion-java/1.0.2/ion-java-1.0.2.jar:/home/runner/.m2/repository/com/fasterxml/jackson/dataformat/jackson-dataformat-cbor/2.12.1/jackson-dataformat-cbor-2.12.1.jar:/home/runner/.m2/repository/joda-time/joda-time/2.8.1/joda-time-2.8.1.jar:/home/runner/.m2/repository/com/amazonaws/aws-java-sdk-s3/1.11.901/aws-java-sdk-s3-1.11.901.jar:/home/runner/.m2/repository/com/amazonaws/aws-java-sdk-kms/1.11.901/aws-java-sdk-kms-1.11.901.jar:/home/runner/.m2/repository/com/amazonaws/jmespath-java/1.11.901/jmespath-java-1.11.901.jar:/home/runner/.m2/repository/org/kohsuke/metainf-services/metainf-services/1.8/metainf-services-1.8.jar:/home/runner/.m2/repository/org/apache/ozone/hdds-tools/1.2.0-SNAPSHOT/hdds-tools-1.2.0-SNAPSHOT.jar:/home/runner/.m2/repository/commons-cli/commons-cli/1.2/commons-cli-1.2.jar:/home/runner/.m2/repository/org/apache/commons/commons-lang3/3.7/commons-lang3-3.7.jar:/home/runner/.m2/repository/org/apache/ozone/ozone-manager/1.2.0-SNAPSHOT/ozone-manager-1.2.0-SNAPSHOT-tests.jar:/home/runner/.m2/repository/org/apache/ozone/hdds-common/1.2.0-SNAPSHOT/hdds-common-1.2.0-SNAPSHOT-tests.jar:/home/runner/.m2/repository/org/apache/ozone/hdds-hadoop-dependency-client/1.2.0-SNAPSHOT/hdds-hadoop-dependency-client-1.2.0-SNAPSHOT.jar:/home/runner/.m2/repository/info/picocli/picocli/4.4.0/picocli-4.4.0.jar:/home/runner/.m2/repository/com/fasterxml/jackson/core/jackson-annotations/2.12.1/jackson-annotations-2.12.1.jar:/home/runner/.m2/repository/javax/annotation/javax.annotation-api/1.2/javax.annotation-api-1.2.jar:/home/runner/.m2/repository/org/apache/ratis/ratis-server/2.1.0-03f3b68-SNAPSHOT/ratis-server-2.1.0-03f3b68-SNAPSHOT.jar:/home/runner/.m2/repository/org/apache/ratis/ratis-client/2.1.0-03f3b68-SNAPSHOT/ratis-client-2.1.0-03f3b68-SNAPSHOT.jar:/home/runner/.m2/repository/org/apache/ratis/ratis-server-api/2.1.0-03f3b68-SNAPSHOT/ratis-server-api-2.1.0-03f3b68-SNAPSHOT.jar:/home/runner/.m2/repository/org/apache/ratis/ratis-metrics/2.1.0-03f3b68-SNAPSHOT/ratis-metrics-2.1.0-03f3b68-SNAPSHOT.jar:/home/runner/.m2/repository/org/apache/ratis/ratis-netty/2.1.0-03f3b68-SNAPSHOT/ratis-netty-2.1.0-03f3b68-SNAPSHOT.jar:/home/runner/.m2/repository/org/apache/ratis/ratis-grpc/2.1.0-03f3b68-SNAPSHOT/ratis-grpc-2.1.0-03f3b68-SNAPSHOT.jar:/home/runner/.m2/repository/org/apache/logging/log4j/log4j-api/2.13.3/log4j-api-2.13.3.jar:/home/runner/.m2/repository/org/apache/logging/log4j/log4j-core/2.13.3/log4j-core-2.13.3.jar:/home/runner/.m2/repository/com/lmax/disruptor/3.4.2/disruptor-3.4.2.jar:/home/runner/.m2/repository/org/apache/commons/commons-pool2/2.6.0/commons-pool2-2.6.0.jar:/home/runner/.m2/repository/org/bouncycastle/bcpkix-jdk15on/1.67/bcpkix-jdk15on-1.67.jar:/home/runner/.m2/repository/commons-validator/commons-validator/1.6/commons-validator-1.6.jar:/home/runner/.m2/repository/commons-beanutils/commons-beanutils/1.9.4/commons-beanutils-1.9.4.jar:/home/runner/.m2/repository/commons-digester/commons-digester/1.8.1/commons-digester-1.8.1.jar:/home/runner/.m2/repository/commons-collections/commons-collections/3.2.2/commons-collections-3.2.2.jar:/home/runner/.m2/repository/io/jaegertracing/jaeger-client/1.6.0/jaeger-client-1.6.0.jar:/home/runner/.m2/repository/io/jaegertracing/jaeger-thrift/1.6.0/jaeger-thrift-1.6.0.jar:/home/runner/.m2/repository/org/apache/thrift/libthrift/0.14.1/libthrift-0.14.1.jar:/home/runner/.m2/repository/com/squareup/okhttp3/okhttp/4.9.0/okhttp-4.9.0.jar:/home/runner/.m2/repository/com/squareup/okio/okio/2.8.0/okio-2.8.0.jar:/home/runner/.m2/repository/io/jaegertracing/jaeger-core/1.6.0/jaeger-core-1.6.0.jar:/home/runner/.m2/repository/io/jaegertracing/jaeger-tracerresolver/1.6.0/jaeger-tracerresolver-1.6.0.jar:/home/runner/.m2/repository/io/opentracing/contrib/opentracing-tracerresolver/0.1.8/opentracing-tracerresolver-0.1.8.jar:/home/runner/.m2/repository/org/jetbrains/kotlin/kotlin-stdlib/1.4.31/kotlin-stdlib-1.4.31.jar:/home/runner/.m2/repository/org/jetbrains/kotlin/kotlin-stdlib-common/1.4.31/kotlin-stdlib-common-1.4.31.jar:/home/runner/.m2/repository/org/jetbrains/annotations/13.0/annotations-13.0.jar:/home/runner/.m2/repository/io/opentracing/opentracing-util/0.33.0/opentracing-util-0.33.0.jar:/home/runner/.m2/repository/io/opentracing/opentracing-api/0.33.0/opentracing-api-0.33.0.jar:/home/runner/.m2/repository/io/opentracing/opentracing-noop/0.33.0/opentracing-noop-0.33.0.jar:/home/runner/.m2/repository/org/yaml/snakeyaml/1.26/snakeyaml-1.26.jar:/home/runner/.m2/repository/org/apache/ozone/hdds-interface-admin/1.2.0-SNAPSHOT/hdds-interface-admin-1.2.0-SNAPSHOT.jar:/home/runner/.m2/repository/junit/junit/4.13.1/junit-4.13.1.jar:/home/runner/.m2/repository/org/hamcrest/hamcrest-core/1.3/hamcrest-core-1.3.jar:/home/runner/.m2/repository/org/junit/jupiter/junit-jupiter-api/5.7.0/junit-jupiter-api-5.7.0.jar:/home/runner/.m2/repository/org/apiguardian/apiguardian-api/1.1.0/apiguardian-api-1.1.0.jar:/home/runner/.m2/repository/org/opentest4j/opentest4j/1.2.0/opentest4j-1.2.0.jar:/home/runner/.m2/repository/org/junit/platform/junit-platform-commons/1.7.0/junit-platform-commons-1.7.0.jar:/home/runner/.m2/repository/org/junit/jupiter/junit-jupiter-engine/5.7.0/junit-jupiter-engine-5.7.0.jar:/home/runner/.m2/repository/org/junit/platform/junit-platform-engine/1.7.0/junit-platform-engine-1.7.0.jar:/home/runner/.m2/repository/org/junit/vintage/junit-vintage-engine/5.7.0/junit-vintage-engine-5.7.0.jar:/home/runner/.m2/repository/org/junit/platform/junit-platform-launcher/1.7.0/junit-platform-launcher-1.7.0.jar:/home/runner/.m2/repository/org/openjdk/jmh/jmh-core/1.19/jmh-core-1.19.jar:/home/runner/.m2/repository/net/sf/jopt-simple/jopt-simple/4.6/jopt-simple-4.6.jar:/home/runner/.m2/repository/org/apache/commons/commons-math3/3.1.1/commons-math3-3.1.1.jar:/home/runner/.m2/repository/org/openjdk/jmh/jmh-generator-annprocess/1.19/jmh-generator-annprocess-1.19.jar:/home/runner/.m2/repository/org/mockito/mockito-core/2.28.2/mockito-core-2.28.2.jar:/home/runner/.m2/repository/net/bytebuddy/byte-buddy/1.9.10/byte-buddy-1.9.10.jar:/home/runner/.m2/repository/net/bytebuddy/byte-buddy-agent/1.9.10/byte-buddy-agent-1.9.10.jar:/home/runner/.m2/repository/org/objenesis/objenesis/1.0/objenesis-1.0.jar:/home/runner/.m2/repository/org/apache/hadoop/hadoop-kms/3.3.1/hadoop-kms-3.3.1.jar:/home/runner/.m2/repository/org/apache/hadoop/hadoop-auth/3.3.1/hadoop-auth-3.3.1.jar:/home/runner/.m2/repository/com/nimbusds/nimbus-jose-jwt/7.9/nimbus-jose-jwt-7.9.jar:/home/runner/.m2/repository/com/github/stephenc/jcip/jcip-annotations/1.0-1/jcip-annotations-1.0-1.jar:/home/runner/.m2/repository/net/minidev/json-smart/2.3/json-smart-2.3.jar:/home/runner/.m2/repository/net/minidev/accessors-smart/1.2/accessors-smart-1.2.jar:/home/runner/.m2/repository/org/ow2/asm/asm/5.0.4/asm-5.0.4.jar:/home/runner/.m2/repository/org/apache/zookeeper/zookeeper/3.5.6/zookeeper-3.5.6.jar:/home/runner/.m2/repository/org/apache/zookeeper/zookeeper-jute/3.5.6/zookeeper-jute-3.5.6.jar:/home/runner/.m2/repository/org/apache/yetus/audience-annotations/0.5.0/audience-annotations-0.5.0.jar:/home/runner/.m2/repository/org/apache/curator/curator-framework/4.2.0/curator-framework-4.2.0.jar:/home/runner/.m2/repository/org/apache/hadoop/thirdparty/hadoop-shaded-guava/1.1.1/hadoop-shaded-guava-1.1.1.jar:/home/runner/.m2/repository/com/sun/jersey/jersey-core/1.19/jersey-core-1.19.jar:/home/runner/.m2/repository/javax/ws/rs/jsr311-api/1.1.1/jsr311-api-1.1.1.jar:/home/runner/.m2/repository/com/sun/jersey/jersey-server/1.19/jersey-server-1.19.jar:/home/runner/.m2/repository/javax/servlet/javax.servlet-api/3.1.0/javax.servlet-api-3.1.0.jar:/home/runner/.m2/repository/org/eclipse/jetty/jetty-server/9.4.43.v20210629/jetty-server-9.4.43.v20210629.jar:/home/runner/.m2/repository/org/eclipse/jetty/jetty-http/9.4.43.v20210629/jetty-http-9.4.43.v20210629.jar:/home/runner/.m2/repository/org/eclipse/jetty/jetty-io/9.4.43.v20210629/jetty-io-9.4.43.v20210629.jar:/home/runner/.m2/repository/org/eclipse/jetty/jetty-webapp/9.4.43.v20210629/jetty-webapp-9.4.43.v20210629.jar:/home/runner/.m2/repository/org/eclipse/jetty/jetty-xml/9.4.43.v20210629/jetty-xml-9.4.43.v20210629.jar:/home/runner/.m2/repository/org/apache/hadoop/hadoop-common/3.3.1/hadoop-common-3.3.1.jar:/home/runner/.m2/repository/commons-net/commons-net/3.6/commons-net-3.6.jar:/home/runner/.m2/repository/jakarta/activation/jakarta.activation-api/1.2.1/jakarta.activation-api-1.2.1.jar:/home/runner/.m2/repository/com/sun/jersey/jersey-servlet/1.19/jersey-servlet-1.19.jar:/home/runner/.m2/repository/com/sun/jersey/jersey-json/1.19/jersey-json-1.19.jar:/home/runner/.m2/repository/org/codehaus/jettison/jettison/1.1/jettison-1.1.jar:/home/runner/.m2/repository/com/sun/xml/bind/jaxb-impl/2.2.3-1/jaxb-impl-2.2.3-1.jar:/home/runner/.m2/repository/org/codehaus/jackson/jackson-jaxrs/1.9.2/jackson-jaxrs-1.9.2.jar:/home/runner/.m2/repository/org/codehaus/jackson/jackson-xc/1.9.2/jackson-xc-1.9.2.jar:/home/runner/.m2/repository/org/apache/commons/commons-configuration2/2.1.1/commons-configuration2-2.1.1.jar:/home/runner/.m2/repository/org/apache/commons/commons-text/1.4/commons-text-1.4.jar:/home/runner/.m2/repository/com/google/re2j/re2j/1.1/re2j-1.1.jar:/home/runner/.m2/repository/com/jcraft/jsch/0.1.54/jsch-0.1.54.jar:/home/runner/.m2/repository/org/apache/curator/curator-client/4.2.0/curator-client-4.2.0.jar:/home/runner/.m2/repository/org/apache/curator/curator-recipes/4.2.0/curator-recipes-4.2.0.jar:/home/runner/.m2/repository/org/apache/kerby/kerb-core/1.0.1/kerb-core-1.0.1.jar:/home/runner/.m2/repository/org/apache/kerby/kerby-pkix/1.0.1/kerby-pkix-1.0.1.jar:/home/runner/.m2/repository/org/apache/kerby/kerby-asn1/1.0.1/kerby-asn1-1.0.1.jar:/home/runner/.m2/repository/org/apache/kerby/kerby-util/1.0.1/kerby-util-1.0.1.jar:/home/runner/.m2/repository/dnsjava/dnsjava/2.1.7/dnsjava-2.1.7.jar:/home/runner/.m2/repository/org/xerial/snappy/snappy-java/1.1.8.2/snappy-java-1.1.8.2.jar:/home/runner/.m2/repository/org/slf4j/jul-to-slf4j/1.7.30/jul-to-slf4j-1.7.30.jar:/home/runner/.m2/repository/org/eclipse/jetty/jetty-util/9.4.43.v20210629/jetty-util-9.4.43.v20210629.jar:/home/runner/.m2/repository/com/fasterxml/jackson/core/jackson-databind/2.12.1/jackson-databind-2.12.1.jar:/home/runner/.m2/repository/org/apache/hadoop/hadoop-kms/3.3.1/hadoop-kms-3.3.1-tests.jar:/home/runner/.m2/repository/org/apache/ozone/hdds-server-scm/1.2.0-SNAPSHOT/hdds-server-scm-1.2.0-SNAPSHOT-tests.jar:/home/runner/.m2/repository/org/apache/ozone/hdds-container-service/1.2.0-SNAPSHOT/hdds-container-service-1.2.0-SNAPSHOT-tests.jar:/home/runner/.m2/repository/commons-codec/commons-codec/1.11/commons-codec-1.11.jar:/home/runner/.m2/repository/io/netty/netty-transport/4.1.63.Final/netty-transport-4.1.63.Final.jar:/home/runner/.m2/repository/io/netty/netty-resolver/4.1.63.Final/netty-resolver-4.1.63.Final.jar:/home/runner/.m2/repository/io/netty/netty-codec/4.1.63.Final/netty-codec-4.1.63.Final.jar:/home/runner/.m2/repository/io/netty/netty-handler/4.1.63.Final/netty-handler-4.1.63.Final.jar:/home/runner/.m2/repository/org/apache/ozone/hdds-hadoop-dependency-test/1.2.0-SNAPSHOT/hdds-hadoop-dependency-test-1.2.0-SNAPSHOT.jar:/home/runner/.m2/repository/org/apache/hadoop/hadoop-common/3.3.1/hadoop-common-3.3.1-tests.jar:/home/runner/.m2/repository/org/assertj/assertj-core/3.12.2/assertj-core-3.12.2.jar:/home/runner/.m2/repository/org/apache/hadoop/hadoop-hdfs/3.3.1/hadoop-hdfs-3.3.1-tests.jar:/home/runner/.m2/repository/org/eclipse/jetty/jetty-util-ajax/9.4.43.v20210629/jetty-util-ajax-9.4.43.v20210629.jar:/home/runner/.m2/repository/commons-daemon/commons-daemon/1.0.13/commons-daemon-1.0.13.jar:/home/runner/.m2/repository/io/netty/netty/3.10.6.Final/netty-3.10.6.Final.jar:/home/runner/.m2/repository/io/netty/netty-all/4.1.63.Final/netty-all-4.1.63.Final.jar:/home/runner/.m2/repository/org/apache/htrace/htrace-core4/4.1.0-incubating/htrace-core4-4.1.0-incubating.jar:/home/runner/.m2/repository/org/fusesource/leveldbjni/leveldbjni-all/1.8/leveldbjni-all-1.8.jar:/home/runner/.m2/repository/org/apache/hadoop/hadoop-distcp/3.3.1/hadoop-distcp-3.3.1.jar:/home/runner/.m2/repository/org/apache/hadoop/hadoop-mapreduce-client-jobclient/3.3.1/hadoop-mapreduce-client-jobclient-3.3.1.jar:/home/runner/.m2/repository/org/apache/hadoop/hadoop-mapreduce-client-common/3.3.1/hadoop-mapreduce-client-common-3.3.1.jar:/home/runner/.m2/repository/org/apache/hadoop/hadoop-yarn-common/3.3.1/hadoop-yarn-common-3.3.1.jar:/home/runner/.m2/repository/org/apache/hadoop/hadoop-yarn-api/3.3.1/hadoop-yarn-api-3.3.1.jar:/home/runner/.m2/repository/com/sun/jersey/jersey-client/1.19/jersey-client-1.19.jar:/home/runner/.m2/repository/com/sun/jersey/contribs/jersey-guice/1.19/jersey-guice-1.19.jar:/home/runner/.m2/repository/com/fasterxml/jackson/jaxrs/jackson-jaxrs-json-provider/2.12.1/jackson-jaxrs-json-provider-2.12.1.jar:/home/runner/.m2/repository/com/fasterxml/jackson/jaxrs/jackson-jaxrs-base/2.12.1/jackson-jaxrs-base-2.12.1.jar:/home/runner/.m2/repository/org/apache/hadoop/hadoop-yarn-client/3.3.1/hadoop-yarn-client-3.3.1.jar:/home/runner/.m2/repository/org/eclipse/jetty/websocket/websocket-client/9.4.40.v20210413/websocket-client-9.4.40.v20210413.jar:/home/runner/.m2/repository/org/eclipse/jetty/jetty-client/9.4.40.v20210413/jetty-client-9.4.40.v20210413.jar:/home/runner/.m2/repository/org/eclipse/jetty/websocket/websocket-common/9.4.40.v20210413/websocket-common-9.4.40.v20210413.jar:/home/runner/.m2/repository/org/eclipse/jetty/websocket/websocket-api/9.4.40.v20210413/websocket-api-9.4.40.v20210413.jar:/home/runner/.m2/repository/org/jline/jline/3.9.0/jline-3.9.0.jar:/home/runner/.m2/repository/org/apache/hadoop/hadoop-mapreduce-client-core/3.3.1/hadoop-mapreduce-client-core-3.3.1.jar:/home/runner/.m2/repository/org/apache/avro/avro/1.7.7/avro-1.7.7.jar:/home/runner/.m2/repository/org/codehaus/jackson/jackson-core-asl/1.9.13/jackson-core-asl-1.9.13.jar:/home/runner/.m2/repository/org/codehaus/jackson/jackson-mapper-asl/1.9.13/jackson-mapper-asl-1.9.13.jar:/home/runner/.m2/repository/com/thoughtworks/paranamer/paranamer/2.3/paranamer-2.3.jar:/home/runner/.m2/repository/org/apache/hadoop/hadoop-annotations/3.3.1/hadoop-annotations-3.3.1.jar:/usr/lib/jvm/adoptopenjdk-8-hotspot-amd64/jre/../lib/tools.jar:/home/runner/.m2/repository/org/apache/hadoop/hadoop-distcp/3.3.1/hadoop-distcp-3.3.1-tests.jar:/home/runner/.m2/repository/org/apache/ratis/ratis-common/2.1.0-03f3b68-SNAPSHOT/ratis-common-2.1.0-03f3b68-SNAPSHOT.jar:/home/runner/.m2/repository/org/apache/ratis/ratis-thirdparty-misc/0.7.0/ratis-thirdparty-misc-0.7.0.jar:/home/runner/.m2/repository/org/apache/ratis/ratis-proto/2.1.0-03f3b68-SNAPSHOT/ratis-proto-2.1.0-03f3b68-SNAPSHOT.jar:"/>
    <property name="sun.cpu.endian" value="little"/>
    <property name="user.home" value="/home/runner"/>
    <property name="user.language" value="en"/>
    <property name="java.specification.vendor" value="Oracle Corporation"/>
    <property name="java.home" value="/usr/lib/jvm/adoptopenjdk-8-hotspot-amd64/jre"/>
    <property name="java.security.krb5.conf" value="/home/runner/work/ozone/ozone/hadoop-ozone/integration-test/target/test-classes/krb5.conf"/>
    <property name="basedir" value="/home/runner/work/ozone/ozone/hadoop-ozone/integration-test"/>
    <property name="file.separator" value="/"/>
    <property name="line.separator" value="&#10;"/>
    <property name="java.vm.specification.vendor" value="Oracle Corporation"/>
    <property name="java.specification.name" value="Java Platform API Specification"/>
    <property name="java.awt.graphicsenv" value="sun.awt.X11GraphicsEnvironment"/>
    <property name="skip.installnpx" value="true"/>
    <property name="surefire.real.class.path" value="/home/runner/work/ozone/ozone/hadoop-ozone/integration-test/target/surefire/surefirebooter1220505486891293073.jar:/home/runner/.m2/repository/org/jacoco/org.jacoco.agent/0.8.5/org.jacoco.agent-0.8.5-runtime.jar"/>
    <property name="hadoop.log.dir" value="/home/runner/work/ozone/ozone/hadoop-ozone/integration-test/target/log"/>
    <property name="sun.boot.class.path" value="/usr/lib/jvm/adoptopenjdk-8-hotspot-amd64/jre/lib/resources.jar:/usr/lib/jvm/adoptopenjdk-8-hotspot-amd64/jre/lib/rt.jar:/usr/lib/jvm/adoptopenjdk-8-hotspot-amd64/jre/lib/sunrsasign.jar:/usr/lib/jvm/adoptopenjdk-8-hotspot-amd64/jre/lib/jsse.jar:/usr/lib/jvm/adoptopenjdk-8-hotspot-amd64/jre/lib/jce.jar:/usr/lib/jvm/adoptopenjdk-8-hotspot-amd64/jre/lib/charsets.jar:/usr/lib/jvm/adoptopenjdk-8-hotspot-amd64/jre/lib/jfr.jar:/usr/lib/jvm/adoptopenjdk-8-hotspot-amd64/jre/classes"/>
    <property name="sun.management.compiler" value="HotSpot 64-Bit Tiered Compilers"/>
    <property name="skip.npx" value="true"/>
    <property name="java.runtime.version" value="1.8.0_292-b10"/>
    <property name="java.net.preferIPv4Stack" value="true"/>
    <property name="user.name" value="runner"/>
    <property name="path.separator" value=":"/>
    <property name="java.security.egd" value="file:///dev/urandom"/>
    <property name="os.version" value="5.4.0-1055-azure"/>
    <property name="java.endorsed.dirs" value="/usr/lib/jvm/adoptopenjdk-8-hotspot-amd64/jre/lib/endorsed"/>
    <property name="java.runtime.name" value="OpenJDK Runtime Environment"/>
    <property name="file.encoding" value="UTF-8"/>
    <property name="java.vm.name" value="OpenJDK 64-Bit Server VM"/>
    <property name="test.build.webapps" value=""/>
    <property name="localRepository" value="/home/runner/.m2/repository"/>
    <property name="java.vendor.url.bug" value="https://github.com/AdoptOpenJDK/openjdk-support/issues"/>
    <property name="java.io.tmpdir" value="/tmp"/>
    <property name="require.test.libhadoop" value=""/>
    <property name="java.version" value="1.8.0_292"/>
    <property name="user.dir" value="/home/runner/work/ozone/ozone/hadoop-ozone/integration-test"/>
    <property name="os.arch" value="amd64"/>
    <property name="java.vm.specification.name" value="Java Virtual Machine Specification"/>
    <property name="test.build.classes" value="/home/runner/work/ozone/ozone/hadoop-ozone/integration-test/target/test-classes"/>
    <property name="java.awt.printerjob" value="sun.print.PSPrinterJob"/>
    <property name="sun.os.patch.level" value="unknown"/>
    <property name="hadoop.tmp.dir" value="/home/runner/work/ozone/ozone/hadoop-ozone/integration-test/target/tmp"/>
    <property name="java.library.path" value="/usr/java/packages/lib/amd64:/usr/lib64:/lib64:/lib:/usr/lib"/>
    <property name="java.vm.info" value="mixed mode"/>
    <property name="java.vendor" value="AdoptOpenJDK"/>
    <property name="java.vm.version" value="25.292-b10"/>
    <property name="java.ext.dirs" value="/usr/lib/jvm/adoptopenjdk-8-hotspot-amd64/jre/lib/ext:/usr/java/packages/lib/ext"/>
    <property name="sun.io.unicode.encoding" value="UnicodeLittle"/>
    <property name="java.class.version" value="52.0"/>
  </properties>
  <testcase name="testWatchForCommitWithKeyWrite" classname="org.apache.hadoop.ozone.client.rpc.TestWatchForCommit" time="73.333">
    <failure message="expected:&lt;450&gt; but was:&lt;400&gt;" type="java.lang.AssertionError"><![CDATA[java.lang.AssertionError: expected:<450> but was:<400>
	at org.junit.Assert.fail(Assert.java:89)
	at org.junit.Assert.failNotEquals(Assert.java:835)
	at org.junit.Assert.assertEquals(Assert.java:647)
	at org.junit.Assert.assertEquals(Assert.java:633)
	at org.apache.hadoop.ozone.client.rpc.TestWatchForCommit.testWatchForCommitWithKeyWrite(TestWatchForCommit.java:192)
	at sun.reflect.NativeMethodAccessorImpl.invoke0(Native Method)
	at sun.reflect.NativeMethodAccessorImpl.invoke(NativeMethodAccessorImpl.java:62)
	at sun.reflect.DelegatingMethodAccessorImpl.invoke(DelegatingMethodAccessorImpl.java:43)
	at java.lang.reflect.Method.invoke(Method.java:498)
	at org.junit.runners.model.FrameworkMethod$1.runReflectiveCall(FrameworkMethod.java:59)
	at org.junit.internal.runners.model.ReflectiveCallable.run(ReflectiveCallable.java:12)
	at org.junit.runners.model.FrameworkMethod.invokeExplosively(FrameworkMethod.java:56)
	at org.junit.internal.runners.statements.InvokeMethod.evaluate(InvokeMethod.java:17)
	at org.junit.internal.runners.statements.RunBefores.evaluate(RunBefores.java:26)
	at org.junit.internal.runners.statements.RunAfters.evaluate(RunAfters.java:27)
	at org.junit.runners.ParentRunner$3.evaluate(ParentRunner.java:306)
	at org.junit.runners.BlockJUnit4ClassRunner$1.evaluate(BlockJUnit4ClassRunner.java:100)
	at org.junit.runners.ParentRunner.runLeaf(ParentRunner.java:366)
	at org.junit.runners.BlockJUnit4ClassRunner.runChild(BlockJUnit4ClassRunner.java:103)
	at org.junit.runners.BlockJUnit4ClassRunner.runChild(BlockJUnit4ClassRunner.java:63)
	at org.junit.runners.ParentRunner$4.run(ParentRunner.java:331)
	at org.junit.runners.ParentRunner$1.schedule(ParentRunner.java:79)
	at org.junit.runners.ParentRunner.runChildren(ParentRunner.java:329)
	at org.junit.runners.ParentRunner.access$100(ParentRunner.java:66)
	at org.junit.runners.ParentRunner$2.evaluate(ParentRunner.java:293)
	at org.junit.runners.ParentRunner$3.evaluate(ParentRunner.java:306)
	at org.junit.runners.ParentRunner.run(ParentRunner.java:413)
	at org.junit.runner.JUnitCore.run(JUnitCore.java:137)
	at org.junit.runner.JUnitCore.run(JUnitCore.java:115)
	at org.junit.vintage.engine.execution.RunnerExecutor.execute(RunnerExecutor.java:43)
	at java.util.stream.ForEachOps$ForEachOp$OfRef.accept(ForEachOps.java:183)
	at java.util.stream.ReferencePipeline$3$1.accept(ReferencePipeline.java:193)
	at java.util.Iterator.forEachRemaining(Iterator.java:116)
	at java.util.Spliterators$IteratorSpliterator.forEachRemaining(Spliterators.java:1801)
	at java.util.stream.AbstractPipeline.copyInto(AbstractPipeline.java:482)
	at java.util.stream.AbstractPipeline.wrapAndCopyInto(AbstractPipeline.java:472)
	at java.util.stream.ForEachOps$ForEachOp.evaluateSequential(ForEachOps.java:150)
	at java.util.stream.ForEachOps$ForEachOp$OfRef.evaluateSequential(ForEachOps.java:173)
	at java.util.stream.AbstractPipeline.evaluate(AbstractPipeline.java:234)
	at java.util.stream.ReferencePipeline.forEach(ReferencePipeline.java:485)
	at org.junit.vintage.engine.VintageTestEngine.executeAllChildren(VintageTestEngine.java:82)
	at org.junit.vintage.engine.VintageTestEngine.execute(VintageTestEngine.java:73)
	at org.junit.platform.launcher.core.EngineExecutionOrchestrator.execute(EngineExecutionOrchestrator.java:108)
	at org.junit.platform.launcher.core.EngineExecutionOrchestrator.execute(EngineExecutionOrchestrator.java:88)
	at org.junit.platform.launcher.core.EngineExecutionOrchestrator.lambda$execute$0(EngineExecutionOrchestrator.java:54)
	at org.junit.platform.launcher.core.EngineExecutionOrchestrator.withInterceptedStreams(EngineExecutionOrchestrator.java:67)
	at org.junit.platform.launcher.core.EngineExecutionOrchestrator.execute(EngineExecutionOrchestrator.java:52)
	at org.junit.platform.launcher.core.DefaultLauncher.execute(DefaultLauncher.java:96)
	at org.junit.platform.launcher.core.DefaultLauncher.execute(DefaultLauncher.java:75)
	at org.apache.maven.surefire.junitplatform.JUnitPlatformProvider.invokeAllTests(JUnitPlatformProvider.java:142)
	at org.apache.maven.surefire.junitplatform.JUnitPlatformProvider.invoke(JUnitPlatformProvider.java:113)
	at org.apache.maven.surefire.booter.ForkedBooter.invokeProviderInSameClassLoader(ForkedBooter.java:384)
	at org.apache.maven.surefire.booter.ForkedBooter.runSuitesInProcess(ForkedBooter.java:345)
	at org.apache.maven.surefire.booter.ForkedBooter.execute(ForkedBooter.java:126)
	at org.apache.maven.surefire.booter.ForkedBooter.main(ForkedBooter.java:418)
]]></failure>
    <system-out><![CDATA[2021-08-25 23:20:00,257 [main] WARN  server.ServerUtils (ServerUtils.java:getScmDbDir(148)) - ozone.scm.db.dirs is not configured. We recommend adding this setting. Falling back to ozone.metadata.dirs instead.
2021-08-25 23:20:00,336 [main] INFO  ha.SCMHANodeDetails (SCMHANodeDetails.java:loadSCMHAConfig(157)) - ServiceID for StorageContainerManager is null
2021-08-25 23:20:00,336 [main] INFO  ha.SCMHANodeDetails (SCMHANodeDetails.java:loadSCMHAConfig(162)) - ozone.scm.default.service.id is not defined, falling back to ozone.scm.service.ids to find serviceID for StorageContainerManager if it is HA enabled cluster
2021-08-25 23:20:00,436 [main] WARN  server.ServerUtils (ServerUtils.java:getScmDbDir(148)) - ozone.scm.db.dirs is not configured. We recommend adding this setting. Falling back to ozone.metadata.dirs instead.
2021-08-25 23:20:00,439 [main] INFO  upgrade.AbstractLayoutVersionManager (AbstractLayoutVersionManager.java:init(70)) - Initializing Layout version manager with metadata layout = SCM_HA (version = 2), software layout = SCM_HA (version = 2)
2021-08-25 23:20:00,644 [main] INFO  reflections.Reflections (Reflections.java:scan(232)) - Reflections took 127 ms to scan 7 urls, producing 120 keys and 275 values 
2021-08-25 23:20:01,125 [main] WARN  utils.HAUtils (HAUtils.java:getMetaDir(342)) - ozone.scm.db.dirs is not configured. We recommend adding this setting. Falling back to ozone.metadata.dirs instead.
2021-08-25 23:20:01,236 [main] WARN  db.DBStoreBuilder (DBStoreBuilder.java:applyDBDefinition(145)) - ozone.scm.db.dirs is not configured. We recommend adding this setting. Falling back to ozone.metadata.dirs instead.
2021-08-25 23:20:01,374 [main] INFO  net.NodeSchemaLoader (NodeSchemaLoader.java:loadSchemaFromFile(129)) - Loading schema from [jar:file:/home/runner/.m2/repository/org/apache/ozone/hdds-common/1.2.0-SNAPSHOT/hdds-common-1.2.0-SNAPSHOT.jar!/network-topology-default.xml]
2021-08-25 23:20:01,376 [main] INFO  net.NodeSchemaLoader (NodeSchemaLoader.java:loadSchema(176)) - Loading network topology layer schema file
2021-08-25 23:20:01,417 [main] INFO  ha.SequenceIdGenerator (SequenceIdGenerator.java:upgradeToSequenceId(327)) - upgrade localId to 107544261427200000
2021-08-25 23:20:01,417 [main] INFO  ha.SequenceIdGenerator (SequenceIdGenerator.java:upgradeToSequenceId(337)) - upgrade delTxnId to 0
2021-08-25 23:20:01,424 [main] INFO  ha.SequenceIdGenerator (SequenceIdGenerator.java:upgradeToSequenceId(351)) - upgrade containerId to 0
2021-08-25 23:20:01,427 [main] INFO  ha.SequenceIdGenerator (SequenceIdGenerator.java:<init>(217)) - Init the HA SequenceIdGenerator.
2021-08-25 23:20:01,470 [main] INFO  node.SCMNodeManager (SCMNodeManager.java:<init>(145)) - Entering startup safe mode.
2021-08-25 23:20:01,526 [main] INFO  algorithms.ContainerPlacementPolicyFactory (ContainerPlacementPolicyFactory.java:getPolicy(60)) - Create container placement policy of type org.apache.hadoop.hdds.scm.container.placement.algorithms.SCMContainerPlacementRandom
2021-08-25 23:20:01,535 [main] INFO  pipeline.PipelineStateManager (PipelineStateManagerV2Impl.java:initialize(78)) - No pipeline exists in current db
2021-08-25 23:20:01,564 [main] INFO  algorithms.LeaderChoosePolicyFactory (LeaderChoosePolicyFactory.java:getPolicy(57)) - Create leader choose policy of type org.apache.hadoop.hdds.scm.pipeline.leader.choose.algorithms.MinLeaderCountChoosePolicy
2021-08-25 23:20:01,576 [main] INFO  ha.SCMServiceManager (SCMServiceManager.java:register(43)) - Registering service BackgroundPipelineCreator.
2021-08-25 23:20:01,576 [main] INFO  pipeline.BackgroundPipelineCreator (BackgroundPipelineCreatorV2.java:start(130)) - Starting RatisPipelineUtilsThread.
2021-08-25 23:20:01,609 [main] INFO  algorithms.PipelineChoosePolicyFactory (PipelineChoosePolicyFactory.java:createPipelineChoosePolicyFromClass(73)) - Create pipeline choose policy of type org.apache.hadoop.hdds.scm.pipeline.choose.algorithms.RandomPipelineChoosePolicy
2021-08-25 23:20:01,627 [main] INFO  ha.SCMServiceManager (SCMServiceManager.java:register(43)) - Registering service SCMBlockDeletingService.
2021-08-25 23:20:01,655 [main] INFO  ha.SCMServiceManager (SCMServiceManager.java:register(43)) - Registering service ReplicationManager.
2021-08-25 23:20:01,659 [main] INFO  container.ReplicationManager (ReplicationManager.java:start(307)) - Starting Replication Monitor Thread.
2021-08-25 23:20:01,670 [ReplicationMonitor] INFO  container.ReplicationManager (ReplicationManager.java:processAll(359)) - Replication Monitor Thread took 1 milliseconds for processing 0 containers.
2021-08-25 23:20:01,671 [main] INFO  safemode.ContainerSafeModeRule (ContainerSafeModeRule.java:<init>(89)) - containers with one replica threshold count 0
2021-08-25 23:20:01,674 [main] INFO  safemode.HealthyPipelineSafeModeRule (HealthyPipelineSafeModeRule.java:initializeRule(156)) - Total pipeline count is 0, healthy pipeline threshold count is 1
2021-08-25 23:20:01,678 [main] INFO  safemode.OneReplicaPipelineSafeModeRule (OneReplicaPipelineSafeModeRule.java:initializeRule(180)) - Total pipeline count is 0, pipeline's with at least one datanode reported threshold count is 0
2021-08-25 23:20:02,020 [main] INFO  ipc.CallQueueManager (CallQueueManager.java:<init>(90)) - Using callQueue: class java.util.concurrent.LinkedBlockingQueue, queueCapacity: 2000, scheduler: class org.apache.hadoop.ipc.DefaultRpcScheduler, ipcBackoff: false.
2021-08-25 23:20:02,052 [Socket Reader #1 for port 0] INFO  ipc.Server (Server.java:run(1265)) - Starting Socket Reader #1 for port 0
2021-08-25 23:20:02,093 [Listener at 0.0.0.0/36949] INFO  ipc.CallQueueManager (CallQueueManager.java:<init>(90)) - Using callQueue: class java.util.concurrent.LinkedBlockingQueue, queueCapacity: 2000, scheduler: class org.apache.hadoop.ipc.DefaultRpcScheduler, ipcBackoff: false.
2021-08-25 23:20:02,094 [Socket Reader #1 for port 0] INFO  ipc.Server (Server.java:run(1265)) - Starting Socket Reader #1 for port 0
2021-08-25 23:20:02,113 [Listener at 0.0.0.0/38383] INFO  ipc.CallQueueManager (CallQueueManager.java:<init>(90)) - Using callQueue: class java.util.concurrent.LinkedBlockingQueue, queueCapacity: 2000, scheduler: class org.apache.hadoop.ipc.DefaultRpcScheduler, ipcBackoff: false.
2021-08-25 23:20:02,114 [Socket Reader #1 for port 0] INFO  ipc.Server (Server.java:run(1265)) - Starting Socket Reader #1 for port 0
2021-08-25 23:20:02,165 [Listener at 0.0.0.0/39591] INFO  algorithms.ContainerPlacementPolicyFactory (ContainerPlacementPolicyFactory.java:getPolicy(60)) - Create container placement policy of type org.apache.hadoop.hdds.scm.container.placement.algorithms.SCMContainerPlacementRandom
2021-08-25 23:20:02,169 [Listener at 0.0.0.0/39591] INFO  server.StorageContainerManager (StorageContainerManager.java:<init>(387)) - 
Container Balancer status:
Key                            Value
Running                        false
Container Balancer Configuration values:
Key                                                Value
Threshold                                          0.1
Max Datanodes to Involve per Iteration(ratio)      0.5
Max Size to Move per Iteration                     10737418240B

2021-08-25 23:20:02,170 [Listener at 0.0.0.0/39591] WARN  events.EventQueue (EventQueue.java:fireEvent(194)) - No event handler registered for event TypedEvent{payloadType=SafeModeStatus, name='Safe mode status'}
2021-08-25 23:20:02,170 [Listener at 0.0.0.0/39591] INFO  ha.SCMContext (SCMContext.java:updateSafeModeStatus(205)) - Update SafeModeStatus from SafeModeStatus{safeModeStatus=true, preCheckPassed=false} to SafeModeStatus{safeModeStatus=true, preCheckPassed=false}.
2021-08-25 23:20:02,172 [Listener at 0.0.0.0/39591] INFO  server.StorageContainerManager (StorageContainerManager.java:start(1255)) - StorageContainerLocationProtocol RPC server is listening at /0.0.0.0:39591
2021-08-25 23:20:02,229 [Listener at 0.0.0.0/39591] WARN  impl.MetricsConfig (MetricsConfig.java:loadFirst(136)) - Cannot locate configuration: tried hadoop-metrics2-storagecontainermanager.properties,hadoop-metrics2.properties
2021-08-25 23:20:02,242 [Listener at 0.0.0.0/39591] INFO  impl.MetricsSystemImpl (MetricsSystemImpl.java:startTimer(378)) - Scheduled Metric snapshot period at 10 second(s).
2021-08-25 23:20:02,242 [Listener at 0.0.0.0/39591] INFO  impl.MetricsSystemImpl (MetricsSystemImpl.java:start(191)) - StorageContainerManager metrics system started
2021-08-25 23:20:02,542 [Listener at 0.0.0.0/39591] INFO  metrics.MetricRegistries (MetricRegistriesLoader.java:load(64)) - Loaded MetricRegistries class org.apache.ratis.metrics.impl.MetricRegistriesImpl
2021-08-25 23:20:02,547 [Listener at 0.0.0.0/39591] INFO  server.SCMClientProtocolServer (SCMClientProtocolServer.java:start(164)) - RPC server for Client  is listening at /0.0.0.0:39591
2021-08-25 23:20:02,550 [IPC Server Responder] INFO  ipc.Server (Server.java:run(1507)) - IPC Server Responder: starting
2021-08-25 23:20:02,554 [IPC Server listener on 0] INFO  ipc.Server (Server.java:run(1344)) - IPC Server listener on 0: starting
2021-08-25 23:20:02,562 [Listener at 0.0.0.0/39591] INFO  server.StorageContainerManager (StorageContainerManager.java:start(1272)) - ScmBlockLocationProtocol RPC server is listening at /0.0.0.0:38383
2021-08-25 23:20:02,562 [Listener at 0.0.0.0/39591] INFO  server.SCMBlockProtocolServer (SCMBlockProtocolServer.java:start(151)) - RPC server for Block Protocol is listening at /0.0.0.0:38383
2021-08-25 23:20:02,563 [IPC Server Responder] INFO  ipc.Server (Server.java:run(1507)) - IPC Server Responder: starting
2021-08-25 23:20:02,563 [IPC Server listener on 0] INFO  ipc.Server (Server.java:run(1344)) - IPC Server listener on 0: starting
2021-08-25 23:20:02,566 [Listener at 0.0.0.0/39591] INFO  server.StorageContainerManager (StorageContainerManager.java:start(1278)) - ScmDatanodeProtocl RPC server is listening at /0.0.0.0:36949
2021-08-25 23:20:02,566 [Listener at 0.0.0.0/39591] INFO  server.SCMDatanodeProtocolServer (SCMDatanodeProtocolServer.java:start(181)) - RPC server for DataNodes is listening at /0.0.0.0:36949
2021-08-25 23:20:02,567 [IPC Server Responder] INFO  ipc.Server (Server.java:run(1507)) - IPC Server Responder: starting
2021-08-25 23:20:02,567 [IPC Server listener on 0] INFO  ipc.Server (Server.java:run(1344)) - IPC Server listener on 0: starting
2021-08-25 23:20:02,586 [org.apache.hadoop.util.JvmPauseMonitor$Monitor@795eddda] INFO  util.JvmPauseMonitor (JvmPauseMonitor.java:run(188)) - Starting JVM pause monitor
2021-08-25 23:20:02,593 [Listener at 0.0.0.0/39591] INFO  http.BaseHttpServer (BaseHttpServer.java:newHttpServer2BuilderForOzone(209)) - Starting Web-server for scm at: http://0.0.0.0:0
2021-08-25 23:20:02,593 [Listener at 0.0.0.0/39591] INFO  http.BaseHttpServer (BaseHttpServer.java:<init>(107)) - Hadoop Security Enabled: false Ozone Security Enabled: false Ozone HTTP Security Enabled: false 
2021-08-25 23:20:02,615 [Listener at 0.0.0.0/39591] INFO  util.log (Log.java:initialized(170)) - Logging initialized @3547ms to org.eclipse.jetty.util.log.Slf4jLog
2021-08-25 23:20:02,715 [Listener at 0.0.0.0/39591] INFO  server.AuthenticationFilter (AuthenticationFilter.java:constructSecretProvider(240)) - Unable to initialize FileSignerSecretProvider, falling back to use random secrets.
2021-08-25 23:20:02,719 [Listener at 0.0.0.0/39591] WARN  http.HttpRequestLog (HttpRequestLog.java:getRequestLog(103)) - Jetty request log can only be enabled using Log4j
2021-08-25 23:20:02,726 [Listener at 0.0.0.0/39591] INFO  http.HttpServer2 (HttpServer2.java:addGlobalFilter(1030)) - Added global filter 'safety' (class=org.apache.hadoop.hdds.server.http.HttpServer2$QuotingInputFilter)
2021-08-25 23:20:02,728 [Listener at 0.0.0.0/39591] INFO  http.HttpServer2 (HttpServer2.java:addFilter(1006)) - Added filter static_user_filter (class=org.apache.hadoop.http.lib.StaticUserWebFilter$StaticUserFilter) to context scm
2021-08-25 23:20:02,729 [Listener at 0.0.0.0/39591] INFO  http.HttpServer2 (HttpServer2.java:addFilter(1014)) - Added filter static_user_filter (class=org.apache.hadoop.http.lib.StaticUserWebFilter$StaticUserFilter) to context logs
2021-08-25 23:20:02,729 [Listener at 0.0.0.0/39591] INFO  http.HttpServer2 (HttpServer2.java:addFilter(1014)) - Added filter static_user_filter (class=org.apache.hadoop.http.lib.StaticUserWebFilter$StaticUserFilter) to context static
2021-08-25 23:20:02,764 [Listener at 0.0.0.0/39591] INFO  http.HttpServer2 (HttpServer2.java:bindListener(1249)) - Jetty bound to port 45315
2021-08-25 23:20:02,765 [Listener at 0.0.0.0/39591] INFO  server.Server (Server.java:doStart(375)) - jetty-9.4.43.v20210629; built: 2021-06-30T11:07:22.254Z; git: 526006ecfa3af7f1a27ef3a288e2bef7ea9dd7e8; jvm 1.8.0_292-b10
2021-08-25 23:20:02,792 [Listener at 0.0.0.0/39591] INFO  server.session (DefaultSessionIdManager.java:doStart(334)) - DefaultSessionIdManager workerName=node0
2021-08-25 23:20:02,792 [Listener at 0.0.0.0/39591] INFO  server.session (DefaultSessionIdManager.java:doStart(339)) - No SessionScavenger set, using defaults
2021-08-25 23:20:02,794 [Listener at 0.0.0.0/39591] INFO  server.session (HouseKeeper.java:startScavenging(132)) - node0 Scavenging every 600000ms
2021-08-25 23:20:02,804 [Listener at 0.0.0.0/39591] INFO  handler.ContextHandler (ContextHandler.java:doStart(915)) - Started o.e.j.s.ServletContextHandler@5c316230{logs,/logs,file:///home/runner/work/ozone/ozone/hadoop-ozone/integration-test/target/log,AVAILABLE}
2021-08-25 23:20:02,805 [Listener at 0.0.0.0/39591] INFO  handler.ContextHandler (ContextHandler.java:doStart(915)) - Started o.e.j.s.ServletContextHandler@716e6fa5{static,/static,file:///home/runner/work/ozone/ozone/hadoop-ozone/integration-test/target/test-classes/webapps/static,AVAILABLE}
2021-08-25 23:20:02,839 [Listener at 0.0.0.0/39591] INFO  handler.ContextHandler (ContextHandler.java:doStart(915)) - Started o.e.j.w.WebAppContext@40c6d1ef{scm,/,file:///home/runner/work/ozone/ozone/hadoop-ozone/integration-test/target/test-classes/webapps/scm/,AVAILABLE}{file:/home/runner/work/ozone/ozone/hadoop-ozone/integration-test/target/test-classes/webapps/scm}
2021-08-25 23:20:02,847 [Listener at 0.0.0.0/39591] INFO  server.AbstractConnector (AbstractConnector.java:doStart(331)) - Started ServerConnector@64887fbc{HTTP/1.1, (http/1.1)}{0.0.0.0:45315}
2021-08-25 23:20:02,847 [Listener at 0.0.0.0/39591] INFO  server.Server (Server.java:doStart(415)) - Started @3779ms
2021-08-25 23:20:02,849 [Listener at 0.0.0.0/39591] INFO  impl.MetricsSinkAdapter (MetricsSinkAdapter.java:start(204)) - Sink prometheus started
2021-08-25 23:20:02,850 [Listener at 0.0.0.0/39591] INFO  impl.MetricsSystemImpl (MetricsSystemImpl.java:registerSink(305)) - Registered sink prometheus
2021-08-25 23:20:02,851 [Listener at 0.0.0.0/39591] INFO  http.BaseHttpServer (BaseHttpServer.java:updateConnectorAddress(329)) - HTTP server of scm listening at http://0.0.0.0:45315
2021-08-25 23:20:02,852 [Listener at 0.0.0.0/39591] WARN  server.ServerUtils (ServerUtils.java:getDBPath(225)) - ozone.om.db.dirs is not configured. We recommend adding this setting. Falling back to ozone.metadata.dirs instead.
2021-08-25 23:20:02,947 [Listener at 0.0.0.0/39591] INFO  ha.OMHANodeDetails (OMHANodeDetails.java:loadOMHAConfig(112)) - ozone.om.internal.service.id is not defined, falling back to ozone.om.service.ids to find serviceID for OzoneManager if it is HA enabled cluster
2021-08-25 23:20:02,950 [Listener at 0.0.0.0/39591] INFO  ha.OMHANodeDetails (OMHANodeDetails.java:loadOMHAConfig(219)) - Configuration does not have ozone.om.address set. Falling back to the default OM address /127.0.0.1:0
2021-08-25 23:20:02,950 [Listener at 0.0.0.0/39591] INFO  ha.OMHANodeDetails (OMHANodeDetails.java:getOMNodeDetails(247)) - OM Service ID is not set. Setting it to the default ID: omServiceIdDefault
2021-08-25 23:20:02,950 [Listener at 0.0.0.0/39591] INFO  ha.OMHANodeDetails (OMHANodeDetails.java:getOMNodeDetails(254)) - OM Node ID is not set. Setting it to the default ID: om1
2021-08-25 23:20:02,954 [Listener at 0.0.0.0/39591] WARN  server.ServerUtils (ServerUtils.java:getDBPath(225)) - ozone.om.db.dirs is not configured. We recommend adding this setting. Falling back to ozone.metadata.dirs instead.
2021-08-25 23:20:02,955 [Listener at 0.0.0.0/39591] INFO  upgrade.AbstractLayoutVersionManager (AbstractLayoutVersionManager.java:init(70)) - Initializing Layout version manager with metadata layout = INITIAL_VERSION (version = 0), software layout = INITIAL_VERSION (version = 0)
2021-08-25 23:20:03,018 [Listener at 0.0.0.0/39591] INFO  reflections.Reflections (Reflections.java:scan(232)) - Reflections took 57 ms to scan 2 urls, producing 131 keys and 342 values [using 2 cores]
2021-08-25 23:20:03,022 [Listener at 0.0.0.0/39591] INFO  upgrade.OMLayoutVersionManager (OMLayoutVersionManager.java:lambda$0(116)) - Skipping Upgrade Action MockOmUpgradeAction since it has been finalized.
2021-08-25 23:20:03,024 [Listener at 0.0.0.0/39591] WARN  server.ServerUtils (ServerUtils.java:getDBPath(225)) - ozone.om.db.dirs is not configured. We recommend adding this setting. Falling back to ozone.metadata.dirs instead.
2021-08-25 23:20:03,366 [Listener at 0.0.0.0/39591] WARN  server.ServerUtils (ServerUtils.java:getDBPath(225)) - ozone.om.db.dirs is not configured. We recommend adding this setting. Falling back to ozone.metadata.dirs instead.
2021-08-25 23:20:03,372 [Listener at 0.0.0.0/39591] INFO  codec.OmKeyInfoCodec (OmKeyInfoCodec.java:<init>(51)) - OmKeyInfoCodec ignorePipeline = true
2021-08-25 23:20:03,373 [Listener at 0.0.0.0/39591] INFO  codec.RepeatedOmKeyInfoCodec (RepeatedOmKeyInfoCodec.java:<init>(42)) - RepeatedOmKeyInfoCodec ignorePipeline = true
2021-08-25 23:20:03,561 [Listener at 0.0.0.0/39591] INFO  om.OzoneManager (OzoneManager.java:addS3GVolumeToDB(4115)) - Created Volume s3v With Owner runner required for S3Gateway operations.
2021-08-25 23:20:03,620 [Listener at 0.0.0.0/39591] WARN  server.ServerUtils (ServerUtils.java:getDefaultRatisDirectory(237)) - Storage directory for Ratis is not configured. It is a good idea to map this to an SSD disk. Falling back to ozone.metadata.dirs
2021-08-25 23:20:03,620 [Listener at 0.0.0.0/39591] WARN  utils.OzoneManagerRatisUtils (OzoneManagerRatisUtils.java:getOMRatisSnapshotDirectory(391)) - ozone.om.ratis.snapshot.dir is not configured. Falling back to ozone.metadata.dirs config
2021-08-25 23:20:03,648 [Listener at 0.0.0.0/39591] WARN  server.ServerUtils (ServerUtils.java:getDefaultRatisDirectory(237)) - Storage directory for Ratis is not configured. It is a good idea to map this to an SSD disk. Falling back to ozone.metadata.dirs
2021-08-25 23:20:03,674 [Listener at 0.0.0.0/39591] INFO  ratis.OzoneManagerRatisServer (OzoneManagerRatisServer.java:<init>(158)) - Instantiating OM Ratis server with groupID: omServiceIdDefault and peers: localhost:9872
2021-08-25 23:20:03,681 [Listener at 0.0.0.0/39591] INFO  ratis.OzoneManagerStateMachine (OzoneManagerStateMachine.java:loadSnapshotInfoFromDB(605)) - LastAppliedIndex is set from TransactionInfo from OM DB as (t:0, i:~)
2021-08-25 23:20:03,716 [Listener at 0.0.0.0/39591] INFO  server.RaftServer (ConfUtils.java:logGet(44)) - raft.rpc.type = GRPC (default)
2021-08-25 23:20:03,786 [Listener at 0.0.0.0/39591] INFO  grpc.GrpcFactory (GrpcFactory.java:checkPooledByteBufAllocatorUseCacheForAllThreads(48)) - PERFORMANCE WARNING: useCacheForAllThreads is true that may cause Netty to create a lot garbage objects and, as a result, trigger GC.
	It is recommended to disable useCacheForAllThreads by setting -Dorg.apache.ratis.thirdparty.io.netty.allocator.useCacheForAllThreads=false in command line.
2021-08-25 23:20:03,789 [Listener at 0.0.0.0/39591] INFO  grpc.GrpcConfigKeys (ConfUtils.java:logGet(44)) - raft.grpc.admin.port = -1 (default)
2021-08-25 23:20:03,790 [Listener at 0.0.0.0/39591] INFO  grpc.GrpcConfigKeys (ConfUtils.java:logGet(44)) - raft.grpc.server.port = 9872 (custom)
2021-08-25 23:20:03,790 [Listener at 0.0.0.0/39591] INFO  grpc.GrpcConfigKeys (ConfUtils.java:logGet(44)) - raft.grpc.client.port = -1 (default)
2021-08-25 23:20:03,791 [Listener at 0.0.0.0/39591] INFO  grpc.GrpcConfigKeys (ConfUtils.java:logGet(44)) - raft.grpc.server.port = 9872 (custom)
2021-08-25 23:20:03,791 [Listener at 0.0.0.0/39591] INFO  grpc.GrpcConfigKeys (ConfUtils.java:logGet(44)) - raft.grpc.server.port = 9872 (custom)
2021-08-25 23:20:03,791 [Listener at 0.0.0.0/39591] INFO  server.GrpcService (ConfUtils.java:logGet(44)) - raft.grpc.message.size.max = 33554432 (custom)
2021-08-25 23:20:03,792 [Listener at 0.0.0.0/39591] INFO  server.RaftServerConfigKeys (ConfUtils.java:logGet(44)) - raft.server.log.appender.buffer.byte-limit = 33554432 (custom)
2021-08-25 23:20:03,793 [Listener at 0.0.0.0/39591] INFO  server.GrpcService (ConfUtils.java:logGet(44)) - raft.grpc.flow.control.window = 1MB (=1048576) (default)
2021-08-25 23:20:03,793 [Listener at 0.0.0.0/39591] INFO  server.RaftServerConfigKeys (ConfUtils.java:logGet(44)) - raft.server.rpc.request.timeout = 3000ms (default)
2021-08-25 23:20:04,056 [Listener at 0.0.0.0/39591] INFO  impl.DataStreamServerImpl (ConfUtils.java:logGet(44)) - raft.datastream.type = DISABLED (default)
2021-08-25 23:20:04,058 [Listener at 0.0.0.0/39591] INFO  server.RaftServerConfigKeys (ConfUtils.java:logGet(44)) - raft.server.rpc.slowness.timeout = 120s (custom)
2021-08-25 23:20:04,059 [Listener at 0.0.0.0/39591] INFO  server.RaftServerConfigKeys (ConfUtils.java:logGet(44)) - raft.server.leaderelection.leader.step-down.wait-time = 10s (default)
2021-08-25 23:20:04,072 [Listener at 0.0.0.0/39591] INFO  server.RaftServerConfigKeys (ConfUtils.java:logGet(44)) - raft.server.storage.dir = [/home/runner/work/ozone/ozone/hadoop-ozone/integration-test/target/test-dir/MiniOzoneClusterImpl-05b781a4-7df0-48b9-8d73-8dabce68a637/ozone-meta/ratis] (custom)
2021-08-25 23:20:04,078 [Listener at 0.0.0.0/39591] INFO  server.RaftServer (RaftServerProxy.java:addNew(95)) - om1: addNew group-C5BA1605619E:[om1|rpc:localhost:9872|priority:0] returns group-C5BA1605619E:java.util.concurrent.CompletableFuture@fbd9b1f[Not completed]
2021-08-25 23:20:04,078 [Listener at 0.0.0.0/39591] INFO  om.OzoneManager (OzoneManager.java:initializeRatisServer(1573)) - OzoneManager Ratis server initialized at port 9872
2021-08-25 23:20:04,095 [Listener at 0.0.0.0/39591] INFO  ipc.CallQueueManager (CallQueueManager.java:<init>(90)) - Using callQueue: class java.util.concurrent.LinkedBlockingQueue, queueCapacity: 2000, scheduler: class org.apache.hadoop.ipc.DefaultRpcScheduler, ipcBackoff: false.
2021-08-25 23:20:04,107 [Socket Reader #1 for port 0] INFO  ipc.Server (Server.java:run(1265)) - Starting Socket Reader #1 for port 0
2021-08-25 23:20:04,114 [pool-39-thread-1] INFO  server.RaftServer$Division (RaftServerImpl.java:<init>(181)) - om1: new RaftServerImpl for group-C5BA1605619E:[om1|rpc:localhost:9872|priority:0] with OzoneManagerStateMachine:uninitialized
2021-08-25 23:20:04,116 [pool-39-thread-1] INFO  server.RaftServerConfigKeys (ConfUtils.java:logGet(44)) - raft.server.rpc.timeout.min = 1s (custom)
2021-08-25 23:20:04,117 [pool-39-thread-1] INFO  server.RaftServerConfigKeys (ConfUtils.java:logGet(44)) - raft.server.rpc.timeout.max = 1200ms (custom)
2021-08-25 23:20:04,117 [pool-39-thread-1] INFO  server.RaftServerConfigKeys (ConfUtils.java:logGet(44)) - raft.server.rpc.sleep.time = 25ms (default)
2021-08-25 23:20:04,117 [pool-39-thread-1] INFO  server.RaftServerConfigKeys (ConfUtils.java:logGet(44)) - raft.server.rpc.slowness.timeout = 120s (custom)
2021-08-25 23:20:04,117 [pool-39-thread-1] INFO  server.RaftServerConfigKeys (ConfUtils.java:logGet(44)) - raft.server.leaderelection.leader.step-down.wait-time = 10s (default)
2021-08-25 23:20:04,117 [pool-39-thread-1] INFO  server.RaftServerConfigKeys (ConfUtils.java:logGet(44)) - raft.server.sleep.deviation.threshold = 300ms (default)
2021-08-25 23:20:04,118 [pool-39-thread-1] INFO  server.RaftServerConfigKeys (ConfUtils.java:logGet(44)) - raft.server.log.appender.install.snapshot.enabled = false (custom)
2021-08-25 23:20:04,122 [pool-39-thread-1] INFO  server.RaftServer$Division (ServerState.java:<init>(105)) - om1@group-C5BA1605619E: ConfigurationManager, init=-1: [om1|rpc:localhost:9872|priority:0], old=null, confs=<EMPTY_MAP>
2021-08-25 23:20:04,127 [pool-39-thread-1] INFO  server.RaftServerConfigKeys (ConfUtils.java:logGet(44)) - raft.server.storage.dir = [/home/runner/work/ozone/ozone/hadoop-ozone/integration-test/target/test-dir/MiniOzoneClusterImpl-05b781a4-7df0-48b9-8d73-8dabce68a637/ozone-meta/ratis] (custom)
2021-08-25 23:20:04,135 [pool-39-thread-1] INFO  server.RaftServerConfigKeys (ConfUtils.java:logGet(44)) - raft.server.log.corruption.policy = EXCEPTION (default)
2021-08-25 23:20:04,142 [pool-39-thread-1] INFO  server.RaftServerConfigKeys (ConfUtils.java:logGet(44)) - raft.server.storage.free-space.min = 0MB (=0) (default)
2021-08-25 23:20:04,144 [pool-39-thread-1] INFO  storage.RaftStorageDirectory (RaftStorageDirectoryImpl.java:analyzeStorage(135)) - The storage directory /home/runner/work/ozone/ozone/hadoop-ozone/integration-test/target/test-dir/MiniOzoneClusterImpl-05b781a4-7df0-48b9-8d73-8dabce68a637/ozone-meta/ratis/bf265839-605b-3f16-9796-c5ba1605619e does not exist. Creating ...
2021-08-25 23:20:04,151 [pool-39-thread-1] INFO  storage.RaftStorageDirectory (RaftStorageDirectoryImpl.java:tryLock(230)) - Lock on /home/runner/work/ozone/ozone/hadoop-ozone/integration-test/target/test-dir/MiniOzoneClusterImpl-05b781a4-7df0-48b9-8d73-8dabce68a637/ozone-meta/ratis/bf265839-605b-3f16-9796-c5ba1605619e/in_use.lock acquired by nodename 4155@fv-az12-462
2021-08-25 23:20:04,157 [Listener at 127.0.0.1/39119] INFO  om.OzoneManager (OzoneManager.java:initFSOLayout(4321)) - Configured ozone.om.metadata.layout=SIMPLE and disabled optimized OM FS operations
2021-08-25 23:20:04,158 [Listener at 127.0.0.1/39119] INFO  impl.MetricsSystemImpl (MetricsSystemImpl.java:init(158)) - OzoneManager metrics system started (again)
2021-08-25 23:20:04,160 [pool-39-thread-1] INFO  storage.RaftStorage (RaftStorageImpl.java:format(89)) - Storage directory /home/runner/work/ozone/ozone/hadoop-ozone/integration-test/target/test-dir/MiniOzoneClusterImpl-05b781a4-7df0-48b9-8d73-8dabce68a637/ozone-meta/ratis/bf265839-605b-3f16-9796-c5ba1605619e has been successfully formatted.
2021-08-25 23:20:04,162 [pool-39-thread-1] INFO  server.RaftServerConfigKeys (ConfUtils.java:logGet(44)) - raft.server.notification.no-leader.timeout = 120s (custom)
2021-08-25 23:20:04,164 [pool-39-thread-1] INFO  server.RaftServerConfigKeys (ConfUtils.java:logGet(44)) - raft.server.log.use.memory = false (default)
2021-08-25 23:20:04,179 [pool-39-thread-1] INFO  server.RaftServerConfigKeys (ConfUtils.java:logGet(44)) - raft.server.log.purge.gap = 1000000 (custom)
2021-08-25 23:20:04,179 [pool-39-thread-1] INFO  server.RaftServerConfigKeys (ConfUtils.java:logGet(44)) - raft.server.log.appender.buffer.byte-limit = 33554432 (custom)
2021-08-25 23:20:04,192 [Listener at 127.0.0.1/39119] INFO  om.OzoneManager (OzoneManager.java:start(1270)) - OzoneManager RPC server is listening at localhost/127.0.0.1:39119
2021-08-25 23:20:04,193 [Listener at 127.0.0.1/39119] INFO  ratis.OzoneManagerRatisServer (OzoneManagerRatisServer.java:start(516)) - Starting OzoneManagerRatisServer om1 at port 9872
2021-08-25 23:20:04,196 [pool-39-thread-1] INFO  server.RaftServerConfigKeys (ConfUtils.java:logGet(44)) - raft.server.log.segment.size.max = 4194304 (custom)
2021-08-25 23:20:04,203 [pool-39-thread-1] INFO  server.RaftServerConfigKeys (ConfUtils.java:logGet(44)) - raft.server.log.segment.cache.num.max = 2 (custom)
2021-08-25 23:20:04,203 [pool-39-thread-1] INFO  server.RaftServerConfigKeys (ConfUtils.java:logGet(44)) - raft.server.log.segment.cache.size.max = 200MB (=209715200) (default)
2021-08-25 23:20:04,208 [pool-39-thread-1] INFO  segmented.SegmentedRaftLogWorker (SegmentedRaftLogWorker.java:<init>(182)) - new om1@group-C5BA1605619E-SegmentedRaftLogWorker for RaftStorageImpl:Storage Directory /home/runner/work/ozone/ozone/hadoop-ozone/integration-test/target/test-dir/MiniOzoneClusterImpl-05b781a4-7df0-48b9-8d73-8dabce68a637/ozone-meta/ratis/bf265839-605b-3f16-9796-c5ba1605619e
2021-08-25 23:20:04,209 [pool-39-thread-1] INFO  server.RaftServerConfigKeys (ConfUtils.java:logGet(44)) - raft.server.log.queue.byte-limit = 64MB (=67108864) (default)
2021-08-25 23:20:04,209 [pool-39-thread-1] INFO  server.RaftServerConfigKeys (ConfUtils.java:logGet(44)) - raft.server.log.queue.element-limit = 4096 (default)
2021-08-25 23:20:04,210 [pool-39-thread-1] INFO  server.RaftServerConfigKeys (ConfUtils.java:logGet(44)) - raft.server.log.segment.size.max = 4194304 (custom)
2021-08-25 23:20:04,210 [pool-39-thread-1] INFO  server.RaftServerConfigKeys (ConfUtils.java:logGet(44)) - raft.server.log.preallocated.size = 4194304 (custom)
2021-08-25 23:20:04,210 [pool-39-thread-1] INFO  server.RaftServerConfigKeys (ConfUtils.java:logGet(44)) - raft.server.log.force.sync.num = 128 (default)
2021-08-25 23:20:04,212 [pool-39-thread-1] INFO  server.RaftServerConfigKeys (ConfUtils.java:logGet(44)) - raft.server.log.statemachine.data.sync = true (default)
2021-08-25 23:20:04,212 [pool-39-thread-1] INFO  server.RaftServerConfigKeys (ConfUtils.java:logGet(44)) - raft.server.log.statemachine.data.sync.timeout = 10s (default)
2021-08-25 23:20:04,212 [pool-39-thread-1] INFO  server.RaftServerConfigKeys (ConfUtils.java:logGet(44)) - raft.server.log.statemachine.data.sync.timeout.retry = -1 (default)
2021-08-25 23:20:04,219 [pool-39-thread-1] INFO  server.RaftServerConfigKeys (ConfUtils.java:logGet(44)) - raft.server.log.write.buffer.size = 64KB (=65536) (default)
2021-08-25 23:20:04,220 [pool-39-thread-1] INFO  server.RaftServerConfigKeys (ConfUtils.java:logGet(44)) - raft.server.log.statemachine.data.caching.enabled = false (default)
2021-08-25 23:20:04,225 [pool-39-thread-1] INFO  segmented.SegmentedRaftLogWorker (SegmentedRaftLogWorker.java:lambda$new$0(133)) - om1@group-C5BA1605619E-SegmentedRaftLogWorker: flushIndex: setUnconditionally 0 -> -1
2021-08-25 23:20:04,225 [pool-39-thread-1] INFO  segmented.SegmentedRaftLogWorker (SegmentedRaftLogWorker.java:lambda$new$0(133)) - om1@group-C5BA1605619E-SegmentedRaftLogWorker: safeCacheEvictIndex: setUnconditionally 0 -> -1
2021-08-25 23:20:04,229 [pool-39-thread-1] INFO  server.RaftServerConfigKeys (ConfUtils.java:logGet(44)) - raft.server.snapshot.auto.trigger.enabled = true (custom)
2021-08-25 23:20:04,229 [pool-39-thread-1] INFO  server.RaftServerConfigKeys (ConfUtils.java:logGet(44)) - raft.server.snapshot.auto.trigger.threshold = 400000 (default)
2021-08-25 23:20:04,230 [pool-39-thread-1] INFO  server.RaftServerConfigKeys (ConfUtils.java:logGet(44)) - raft.server.snapshot.retention.file.num = -1 (default)
2021-08-25 23:20:04,230 [pool-39-thread-1] INFO  server.RaftServerConfigKeys (ConfUtils.java:logGet(44)) - raft.server.log.purge.upto.snapshot.index = true (custom)
2021-08-25 23:20:04,231 [pool-39-thread-1] INFO  server.RaftServerConfigKeys (ConfUtils.java:logGet(44)) - raft.server.retrycache.expirytime = 300s (custom)
2021-08-25 23:20:04,232 [pool-39-thread-1] INFO  server.RaftServerConfigKeys (ConfUtils.java:logGet(44)) - raft.server.retrycache.statistics.expirytime = 100μs (default)
2021-08-25 23:20:04,271 [Listener at 127.0.0.1/39119] INFO  server.RaftServer$Division (RaftServerImpl.java:start(296)) - om1@group-C5BA1605619E: start as a follower, conf=-1: [om1|rpc:localhost:9872|priority:0], old=null
2021-08-25 23:20:04,273 [Listener at 127.0.0.1/39119] INFO  server.RaftServer$Division (RaftServerImpl.java:setRole(285)) - om1@group-C5BA1605619E: changes role from      null to FOLLOWER at term 0 for startAsFollower
2021-08-25 23:20:04,274 [Listener at 127.0.0.1/39119] INFO  impl.RoleInfo (RoleInfo.java:updateAndGet(130)) - om1: start om1@group-C5BA1605619E-FollowerState
2021-08-25 23:20:04,275 [Listener at 127.0.0.1/39119] INFO  util.JmxRegister (JmxRegister.java:tryRegister(44)) - Successfully registered JMX Bean with object name Ratis:service=RaftServer,group=group-C5BA1605619E,id=om1
2021-08-25 23:20:04,278 [Listener at 127.0.0.1/39119] INFO  server.RaftServer (RaftServerProxy.java:lambda$start$5(374)) - om1: start RPC server
2021-08-25 23:20:04,333 [Listener at 127.0.0.1/39119] INFO  server.GrpcService (GrpcService.java:startImpl(253)) - om1: GrpcService started, listening on 9872
2021-08-25 23:20:04,338 [Listener at 127.0.0.1/39119] INFO  om.OzoneManager (OzoneManager.java:start(1288)) - Version File has different layout version (0) than OM DB (null). That is expected if this OM has never been finalized to a newer layout version.
2021-08-25 23:20:04,339 [org.apache.ratis.util.JvmPauseMonitor$$Lambda$531/840931289@3a4e3343] INFO  util.JvmPauseMonitor (JvmPauseMonitor.java:run(103)) - JvmPauseMonitor-om1: Started
2021-08-25 23:20:04,349 [Listener at 127.0.0.1/39119] INFO  http.BaseHttpServer (BaseHttpServer.java:newHttpServer2BuilderForOzone(209)) - Starting Web-server for ozoneManager at: http://0.0.0.0:0
2021-08-25 23:20:04,350 [Listener at 127.0.0.1/39119] INFO  http.BaseHttpServer (BaseHttpServer.java:<init>(107)) - Hadoop Security Enabled: false Ozone Security Enabled: false Ozone HTTP Security Enabled: false 
2021-08-25 23:20:04,351 [Listener at 127.0.0.1/39119] INFO  server.AuthenticationFilter (AuthenticationFilter.java:constructSecretProvider(240)) - Unable to initialize FileSignerSecretProvider, falling back to use random secrets.
2021-08-25 23:20:04,352 [Listener at 127.0.0.1/39119] WARN  http.HttpRequestLog (HttpRequestLog.java:getRequestLog(103)) - Jetty request log can only be enabled using Log4j
2021-08-25 23:20:04,353 [Listener at 127.0.0.1/39119] INFO  http.HttpServer2 (HttpServer2.java:addGlobalFilter(1030)) - Added global filter 'safety' (class=org.apache.hadoop.hdds.server.http.HttpServer2$QuotingInputFilter)
2021-08-25 23:20:04,354 [Listener at 127.0.0.1/39119] INFO  http.HttpServer2 (HttpServer2.java:addFilter(1006)) - Added filter static_user_filter (class=org.apache.hadoop.http.lib.StaticUserWebFilter$StaticUserFilter) to context ozoneManager
2021-08-25 23:20:04,354 [Listener at 127.0.0.1/39119] INFO  http.HttpServer2 (HttpServer2.java:addFilter(1014)) - Added filter static_user_filter (class=org.apache.hadoop.http.lib.StaticUserWebFilter$StaticUserFilter) to context logs
2021-08-25 23:20:04,354 [Listener at 127.0.0.1/39119] INFO  http.HttpServer2 (HttpServer2.java:addFilter(1014)) - Added filter static_user_filter (class=org.apache.hadoop.http.lib.StaticUserWebFilter$StaticUserFilter) to context static
2021-08-25 23:20:04,356 [Listener at 127.0.0.1/39119] INFO  http.HttpServer2 (HttpServer2.java:bindListener(1249)) - Jetty bound to port 37159
2021-08-25 23:20:04,356 [Listener at 127.0.0.1/39119] INFO  server.Server (Server.java:doStart(375)) - jetty-9.4.43.v20210629; built: 2021-06-30T11:07:22.254Z; git: 526006ecfa3af7f1a27ef3a288e2bef7ea9dd7e8; jvm 1.8.0_292-b10
2021-08-25 23:20:04,360 [Listener at 127.0.0.1/39119] INFO  server.session (DefaultSessionIdManager.java:doStart(334)) - DefaultSessionIdManager workerName=node0
2021-08-25 23:20:04,360 [Listener at 127.0.0.1/39119] INFO  server.session (DefaultSessionIdManager.java:doStart(339)) - No SessionScavenger set, using defaults
2021-08-25 23:20:04,360 [Listener at 127.0.0.1/39119] INFO  server.session (HouseKeeper.java:startScavenging(132)) - node0 Scavenging every 660000ms
2021-08-25 23:20:04,361 [Listener at 127.0.0.1/39119] INFO  handler.ContextHandler (ContextHandler.java:doStart(915)) - Started o.e.j.s.ServletContextHandler@68b2ce71{logs,/logs,file:///home/runner/work/ozone/ozone/hadoop-ozone/integration-test/target/log,AVAILABLE}
2021-08-25 23:20:04,361 [Listener at 127.0.0.1/39119] INFO  handler.ContextHandler (ContextHandler.java:doStart(915)) - Started o.e.j.s.ServletContextHandler@52bd1783{static,/static,file:///home/runner/work/ozone/ozone/hadoop-ozone/integration-test/target/test-classes/webapps/static,AVAILABLE}
2021-08-25 23:20:04,365 [Listener at 127.0.0.1/39119] INFO  handler.ContextHandler (ContextHandler.java:doStart(915)) - Started o.e.j.w.WebAppContext@32a8ce3{ozoneManager,/,file:///home/runner/work/ozone/ozone/hadoop-ozone/integration-test/target/test-classes/webapps/ozoneManager/,AVAILABLE}{file:/home/runner/work/ozone/ozone/hadoop-ozone/integration-test/target/test-classes/webapps/ozoneManager}
2021-08-25 23:20:04,366 [Listener at 127.0.0.1/39119] INFO  server.AbstractConnector (AbstractConnector.java:doStart(331)) - Started ServerConnector@73c72238{HTTP/1.1, (http/1.1)}{0.0.0.0:37159}
2021-08-25 23:20:04,367 [Listener at 127.0.0.1/39119] INFO  server.Server (Server.java:doStart(415)) - Started @5298ms
2021-08-25 23:20:04,367 [Listener at 127.0.0.1/39119] WARN  impl.MetricsSystemImpl (MetricsSystemImpl.java:register(279)) - Sink prometheus already exists!
2021-08-25 23:20:04,368 [Listener at 127.0.0.1/39119] INFO  http.BaseHttpServer (BaseHttpServer.java:updateConnectorAddress(329)) - HTTP server of ozoneManager listening at http://0.0.0.0:37159
2021-08-25 23:20:04,368 [IPC Server Responder] INFO  ipc.Server (Server.java:run(1507)) - IPC Server Responder: starting
2021-08-25 23:20:04,368 [IPC Server listener on 0] INFO  ipc.Server (Server.java:run(1344)) - IPC Server listener on 0: starting
2021-08-25 23:20:04,375 [Listener at 127.0.0.1/39119] INFO  om.OzoneManager (OzoneManager.java:startTrashEmptier(1531)) - Trash Interval set to 0. Files deleted will not move to trash
2021-08-25 23:20:04,377 [org.apache.hadoop.util.JvmPauseMonitor$Monitor@250e9655] INFO  util.JvmPauseMonitor (JvmPauseMonitor.java:run(188)) - Starting JVM pause monitor
2021-08-25 23:20:04,526 [Listener at 127.0.0.1/39119] WARN  impl.MetricRegistriesImpl (MetricRegistriesImpl.java:addReporterRegistration(111)) - New reporters are added after registries were created. Some metrics will be missing from the reporter. Please add reporter before adding any new registry.
2021-08-25 23:20:04,526 [Listener at 127.0.0.1/39119] WARN  impl.MetricRegistriesImpl (MetricRegistriesImpl.java:addReporterRegistration(111)) - New reporters are added after registries were created. Some metrics will be missing from the reporter. Please add reporter before adding any new registry.
2021-08-25 23:20:04,526 [Listener at 127.0.0.1/39119] INFO  impl.MetricsSystemImpl (MetricsSystemImpl.java:init(158)) - HddsDatanode metrics system started (again)
2021-08-25 23:20:04,544 [Listener at 127.0.0.1/39119] INFO  ozone.HddsDatanodeService (HddsDatanodeService.java:start(234)) - HddsDatanodeService host:fv-az12-462.exdb2aeach2ezidoxz41lk3bwg.cx.internal.cloudapp.net ip:10.1.0.32
2021-08-25 23:20:04,572 [Listener at 127.0.0.1/39119] INFO  upgrade.AbstractLayoutVersionManager (AbstractLayoutVersionManager.java:init(70)) - Initializing Layout version manager with metadata layout = SCM_HA (version = 2), software layout = SCM_HA (version = 2)
2021-08-25 23:20:04,609 [Listener at 127.0.0.1/39119] INFO  reflections.Reflections (Reflections.java:scan(232)) - Reflections took 36 ms to scan 7 urls, producing 120 keys and 275 values 
2021-08-25 23:20:04,660 [Listener at 127.0.0.1/39119] INFO  volume.HddsVolume (HddsVolume.java:<init>(120)) - Creating HddsVolume: /home/runner/work/ozone/ozone/hadoop-ozone/integration-test/target/test-dir/MiniOzoneClusterImpl-05b781a4-7df0-48b9-8d73-8dabce68a637/datanode-0/data-0/containers/hdds of storage type : DISK capacity : 9223372036854775807
2021-08-25 23:20:04,662 [Listener at 127.0.0.1/39119] INFO  volume.MutableVolumeSet (MutableVolumeSet.java:initializeVolumeSet(181)) - Added Volume : /home/runner/work/ozone/ozone/hadoop-ozone/integration-test/target/test-dir/MiniOzoneClusterImpl-05b781a4-7df0-48b9-8d73-8dabce68a637/datanode-0/data-0/containers/hdds to VolumeSet
2021-08-25 23:20:04,662 [Listener at 127.0.0.1/39119] INFO  volume.ThrottledAsyncChecker (ThrottledAsyncChecker.java:schedule(141)) - Scheduling a check for /home/runner/work/ozone/ozone/hadoop-ozone/integration-test/target/test-dir/MiniOzoneClusterImpl-05b781a4-7df0-48b9-8d73-8dabce68a637/datanode-0/data-0/containers/hdds
2021-08-25 23:20:04,680 [Listener at 127.0.0.1/39119] INFO  volume.StorageVolumeChecker (StorageVolumeChecker.java:checkAllVolumes(202)) - Scheduled health check for volume /home/runner/work/ozone/ozone/hadoop-ozone/integration-test/target/test-dir/MiniOzoneClusterImpl-05b781a4-7df0-48b9-8d73-8dabce68a637/datanode-0/data-0/containers/hdds
2021-08-25 23:20:04,699 [Listener at 127.0.0.1/39119] INFO  volume.MutableVolumeSet (MutableVolumeSet.java:initializeVolumeSet(181)) - Added Volume : /home/runner/work/ozone/ozone/hadoop-ozone/integration-test/target/test-dir/MiniOzoneClusterImpl-05b781a4-7df0-48b9-8d73-8dabce68a637/datanode-0/data/ratis to VolumeSet
2021-08-25 23:20:04,699 [Listener at 127.0.0.1/39119] INFO  volume.ThrottledAsyncChecker (ThrottledAsyncChecker.java:schedule(141)) - Scheduling a check for /home/runner/work/ozone/ozone/hadoop-ozone/integration-test/target/test-dir/MiniOzoneClusterImpl-05b781a4-7df0-48b9-8d73-8dabce68a637/datanode-0/data/ratis
2021-08-25 23:20:04,700 [Listener at 127.0.0.1/39119] INFO  volume.StorageVolumeChecker (StorageVolumeChecker.java:checkAllVolumes(202)) - Scheduled health check for volume /home/runner/work/ozone/ozone/hadoop-ozone/integration-test/target/test-dir/MiniOzoneClusterImpl-05b781a4-7df0-48b9-8d73-8dabce68a637/datanode-0/data/ratis
2021-08-25 23:20:04,724 [Listener at 127.0.0.1/39119] INFO  ozoneimpl.ContainerReader (ContainerReader.java:<init>(98)) - Running in upgrade mode:true
2021-08-25 23:20:04,725 [Thread-128] INFO  ozoneimpl.ContainerReader (ContainerReader.java:readVolume(142)) - Start to verify containers on volume /home/runner/work/ozone/ozone/hadoop-ozone/integration-test/target/test-dir/MiniOzoneClusterImpl-05b781a4-7df0-48b9-8d73-8dabce68a637/datanode-0/data-0/containers/hdds
2021-08-25 23:20:04,727 [Thread-128] INFO  ozoneimpl.ContainerReader (ContainerReader.java:readVolume(174)) - Finish verifying containers on volume /home/runner/work/ozone/ozone/hadoop-ozone/integration-test/target/test-dir/MiniOzoneClusterImpl-05b781a4-7df0-48b9-8d73-8dabce68a637/datanode-0/data-0/containers/hdds
2021-08-25 23:20:04,727 [Listener at 127.0.0.1/39119] INFO  ozoneimpl.OzoneContainer (OzoneContainer.java:buildContainerSet(237)) - Build ContainerSet costs 0s
2021-08-25 23:20:04,793 [Listener at 127.0.0.1/39119] INFO  server.RaftServer (ConfUtils.java:logGet(44)) - raft.rpc.type = GRPC (default)
2021-08-25 23:20:04,793 [Listener at 127.0.0.1/39119] INFO  grpc.GrpcFactory (GrpcFactory.java:checkPooledByteBufAllocatorUseCacheForAllThreads(48)) - PERFORMANCE WARNING: useCacheForAllThreads is true that may cause Netty to create a lot garbage objects and, as a result, trigger GC.
	It is recommended to disable useCacheForAllThreads by setting -Dorg.apache.ratis.thirdparty.io.netty.allocator.useCacheForAllThreads=false in command line.
2021-08-25 23:20:04,793 [Listener at 127.0.0.1/39119] INFO  grpc.GrpcConfigKeys (ConfUtils.java:logGet(44)) - raft.grpc.admin.port = 0 (custom)
2021-08-25 23:20:04,793 [Listener at 127.0.0.1/39119] INFO  grpc.GrpcConfigKeys (ConfUtils.java:logGet(44)) - raft.grpc.client.port = 0 (custom)
2021-08-25 23:20:04,793 [Listener at 127.0.0.1/39119] INFO  grpc.GrpcConfigKeys (ConfUtils.java:logGet(44)) - raft.grpc.server.port = 0 (default)
2021-08-25 23:20:04,795 [Listener at 127.0.0.1/39119] INFO  server.GrpcService (ConfUtils.java:logGet(44)) - raft.grpc.message.size.max = 32MB (=33554432) (custom)
2021-08-25 23:20:04,795 [Listener at 127.0.0.1/39119] INFO  server.RaftServerConfigKeys (ConfUtils.java:logGet(44)) - raft.server.log.appender.buffer.byte-limit = 33554432 (custom)
2021-08-25 23:20:04,796 [Listener at 127.0.0.1/39119] INFO  server.GrpcService (ConfUtils.java:logGet(44)) - raft.grpc.flow.control.window = 5MB (=5242880) (custom)
2021-08-25 23:20:04,796 [Listener at 127.0.0.1/39119] INFO  server.RaftServerConfigKeys (ConfUtils.java:logGet(44)) - raft.server.rpc.request.timeout = 3000ms (default)
2021-08-25 23:20:04,799 [Listener at 127.0.0.1/39119] INFO  impl.DataStreamServerImpl (ConfUtils.java:logGet(44)) - raft.datastream.type = DISABLED (default)
2021-08-25 23:20:04,799 [Listener at 127.0.0.1/39119] INFO  server.RaftServerConfigKeys (ConfUtils.java:logGet(44)) - raft.server.rpc.slowness.timeout = 300000ms (custom)
2021-08-25 23:20:04,799 [Listener at 127.0.0.1/39119] INFO  server.RaftServerConfigKeys (ConfUtils.java:logGet(44)) - raft.server.leaderelection.leader.step-down.wait-time = 10s (default)
2021-08-25 23:20:04,799 [Listener at 127.0.0.1/39119] INFO  server.RaftServerConfigKeys (ConfUtils.java:logGet(44)) - raft.server.storage.dir = [/home/runner/work/ozone/ozone/hadoop-ozone/integration-test/target/test-dir/MiniOzoneClusterImpl-05b781a4-7df0-48b9-8d73-8dabce68a637/datanode-0/data/ratis] (custom)
2021-08-25 23:20:04,883 [Listener at 127.0.0.1/39119] INFO  http.BaseHttpServer (BaseHttpServer.java:newHttpServer2BuilderForOzone(209)) - Starting Web-server for hddsDatanode at: http://0.0.0.0:0
2021-08-25 23:20:04,884 [Listener at 127.0.0.1/39119] INFO  http.BaseHttpServer (BaseHttpServer.java:<init>(107)) - Hadoop Security Enabled: false Ozone Security Enabled: false Ozone HTTP Security Enabled: false 
2021-08-25 23:20:04,885 [Listener at 127.0.0.1/39119] INFO  server.AuthenticationFilter (AuthenticationFilter.java:constructSecretProvider(240)) - Unable to initialize FileSignerSecretProvider, falling back to use random secrets.
2021-08-25 23:20:04,889 [Listener at 127.0.0.1/39119] WARN  http.HttpRequestLog (HttpRequestLog.java:getRequestLog(103)) - Jetty request log can only be enabled using Log4j
2021-08-25 23:20:04,892 [Listener at 127.0.0.1/39119] INFO  http.HttpServer2 (HttpServer2.java:addGlobalFilter(1030)) - Added global filter 'safety' (class=org.apache.hadoop.hdds.server.http.HttpServer2$QuotingInputFilter)
2021-08-25 23:20:04,893 [Listener at 127.0.0.1/39119] INFO  http.HttpServer2 (HttpServer2.java:addFilter(1006)) - Added filter static_user_filter (class=org.apache.hadoop.http.lib.StaticUserWebFilter$StaticUserFilter) to context hddsDatanode
2021-08-25 23:20:04,893 [Listener at 127.0.0.1/39119] INFO  http.HttpServer2 (HttpServer2.java:addFilter(1014)) - Added filter static_user_filter (class=org.apache.hadoop.http.lib.StaticUserWebFilter$StaticUserFilter) to context logs
2021-08-25 23:20:04,893 [Listener at 127.0.0.1/39119] INFO  http.HttpServer2 (HttpServer2.java:addFilter(1014)) - Added filter static_user_filter (class=org.apache.hadoop.http.lib.StaticUserWebFilter$StaticUserFilter) to context static
2021-08-25 23:20:04,895 [Listener at 127.0.0.1/39119] INFO  http.HttpServer2 (HttpServer2.java:bindListener(1249)) - Jetty bound to port 46155
2021-08-25 23:20:04,896 [Listener at 127.0.0.1/39119] INFO  server.Server (Server.java:doStart(375)) - jetty-9.4.43.v20210629; built: 2021-06-30T11:07:22.254Z; git: 526006ecfa3af7f1a27ef3a288e2bef7ea9dd7e8; jvm 1.8.0_292-b10
2021-08-25 23:20:04,898 [Listener at 127.0.0.1/39119] INFO  server.session (DefaultSessionIdManager.java:doStart(334)) - DefaultSessionIdManager workerName=node0
2021-08-25 23:20:04,898 [Listener at 127.0.0.1/39119] INFO  server.session (DefaultSessionIdManager.java:doStart(339)) - No SessionScavenger set, using defaults
2021-08-25 23:20:04,898 [Listener at 127.0.0.1/39119] INFO  server.session (HouseKeeper.java:startScavenging(132)) - node0 Scavenging every 660000ms
2021-08-25 23:20:04,899 [Listener at 127.0.0.1/39119] INFO  handler.ContextHandler (ContextHandler.java:doStart(915)) - Started o.e.j.s.ServletContextHandler@5f17140d{logs,/logs,file:///home/runner/work/ozone/ozone/hadoop-ozone/integration-test/target/log,AVAILABLE}
2021-08-25 23:20:04,900 [Listener at 127.0.0.1/39119] INFO  handler.ContextHandler (ContextHandler.java:doStart(915)) - Started o.e.j.s.ServletContextHandler@6902e2bf{static,/static,jar:file:/home/runner/.m2/repository/org/apache/ozone/hdds-container-service/1.2.0-SNAPSHOT/hdds-container-service-1.2.0-SNAPSHOT.jar!/webapps/static,AVAILABLE}
2021-08-25 23:20:04,956 [Listener at 127.0.0.1/39119] INFO  handler.ContextHandler (ContextHandler.java:doStart(915)) - Started o.e.j.w.WebAppContext@494e6dbb{hddsDatanode,/,file:///tmp/jetty-0_0_0_0-46155-hdds-container-service-1_2_0-SNAPSHOT_jar-_-any-299897263910666943/webapp/,AVAILABLE}{jar:file:/home/runner/.m2/repository/org/apache/ozone/hdds-container-service/1.2.0-SNAPSHOT/hdds-container-service-1.2.0-SNAPSHOT.jar!/webapps/hddsDatanode}
2021-08-25 23:20:04,957 [Listener at 127.0.0.1/39119] INFO  server.AbstractConnector (AbstractConnector.java:doStart(331)) - Started ServerConnector@7eaa78f2{HTTP/1.1, (http/1.1)}{0.0.0.0:46155}
2021-08-25 23:20:04,958 [Listener at 127.0.0.1/39119] INFO  server.Server (Server.java:doStart(415)) - Started @5889ms
2021-08-25 23:20:04,958 [Listener at 127.0.0.1/39119] WARN  impl.MetricsSystemImpl (MetricsSystemImpl.java:register(279)) - Sink prometheus already exists!
2021-08-25 23:20:04,958 [Listener at 127.0.0.1/39119] INFO  http.BaseHttpServer (BaseHttpServer.java:updateConnectorAddress(329)) - HTTP server of hddsDatanode listening at http://0.0.0.0:46155
2021-08-25 23:20:04,962 [Listener at 127.0.0.1/39119] WARN  impl.MetricRegistriesImpl (MetricRegistriesImpl.java:addReporterRegistration(111)) - New reporters are added after registries were created. Some metrics will be missing from the reporter. Please add reporter before adding any new registry.
2021-08-25 23:20:04,962 [Listener at 127.0.0.1/39119] WARN  impl.MetricRegistriesImpl (MetricRegistriesImpl.java:addReporterRegistration(111)) - New reporters are added after registries were created. Some metrics will be missing from the reporter. Please add reporter before adding any new registry.
2021-08-25 23:20:04,962 [Listener at 127.0.0.1/39119] INFO  impl.MetricsSystemImpl (MetricsSystemImpl.java:init(158)) - HddsDatanode metrics system started (again)
2021-08-25 23:20:04,985 [org.apache.hadoop.util.JvmPauseMonitor$Monitor@996461b] INFO  util.JvmPauseMonitor (JvmPauseMonitor.java:run(188)) - Starting JVM pause monitor
2021-08-25 23:20:04,996 [Listener at 127.0.0.1/39119] INFO  ozone.HddsDatanodeService (HddsDatanodeService.java:start(234)) - HddsDatanodeService host:fv-az12-462.exdb2aeach2ezidoxz41lk3bwg.cx.internal.cloudapp.net ip:10.1.0.32
2021-08-25 23:20:05,043 [Listener at 127.0.0.1/39119] INFO  upgrade.AbstractLayoutVersionManager (AbstractLayoutVersionManager.java:init(70)) - Initializing Layout version manager with metadata layout = SCM_HA (version = 2), software layout = SCM_HA (version = 2)
2021-08-25 23:20:05,093 [Listener at 127.0.0.1/39119] INFO  reflections.Reflections (Reflections.java:scan(232)) - Reflections took 48 ms to scan 7 urls, producing 120 keys and 275 values 
2021-08-25 23:20:05,095 [Datanode State Machine Task Thread - 0] INFO  datanode.InitDatanodeState (InitDatanodeState.java:persistContainerDatanodeDetails(145)) - DatanodeDetails is persisted to /home/runner/work/ozone/ozone/hadoop-ozone/integration-test/target/test-dir/MiniOzoneClusterImpl-05b781a4-7df0-48b9-8d73-8dabce68a637/datanode-0/meta/datanode.id
2021-08-25 23:20:05,104 [Listener at 127.0.0.1/39119] INFO  volume.HddsVolume (HddsVolume.java:<init>(120)) - Creating HddsVolume: /home/runner/work/ozone/ozone/hadoop-ozone/integration-test/target/test-dir/MiniOzoneClusterImpl-05b781a4-7df0-48b9-8d73-8dabce68a637/datanode-1/data-0/containers/hdds of storage type : DISK capacity : 9223372036854775807
2021-08-25 23:20:05,104 [Listener at 127.0.0.1/39119] INFO  volume.MutableVolumeSet (MutableVolumeSet.java:initializeVolumeSet(181)) - Added Volume : /home/runner/work/ozone/ozone/hadoop-ozone/integration-test/target/test-dir/MiniOzoneClusterImpl-05b781a4-7df0-48b9-8d73-8dabce68a637/datanode-1/data-0/containers/hdds to VolumeSet
2021-08-25 23:20:05,105 [Listener at 127.0.0.1/39119] INFO  volume.ThrottledAsyncChecker (ThrottledAsyncChecker.java:schedule(141)) - Scheduling a check for /home/runner/work/ozone/ozone/hadoop-ozone/integration-test/target/test-dir/MiniOzoneClusterImpl-05b781a4-7df0-48b9-8d73-8dabce68a637/datanode-1/data-0/containers/hdds
2021-08-25 23:20:05,106 [Listener at 127.0.0.1/39119] INFO  volume.StorageVolumeChecker (StorageVolumeChecker.java:checkAllVolumes(202)) - Scheduled health check for volume /home/runner/work/ozone/ozone/hadoop-ozone/integration-test/target/test-dir/MiniOzoneClusterImpl-05b781a4-7df0-48b9-8d73-8dabce68a637/datanode-1/data-0/containers/hdds
2021-08-25 23:20:05,124 [Listener at 127.0.0.1/39119] INFO  volume.MutableVolumeSet (MutableVolumeSet.java:initializeVolumeSet(181)) - Added Volume : /home/runner/work/ozone/ozone/hadoop-ozone/integration-test/target/test-dir/MiniOzoneClusterImpl-05b781a4-7df0-48b9-8d73-8dabce68a637/datanode-1/data/ratis to VolumeSet
2021-08-25 23:20:05,124 [Listener at 127.0.0.1/39119] INFO  volume.ThrottledAsyncChecker (ThrottledAsyncChecker.java:schedule(141)) - Scheduling a check for /home/runner/work/ozone/ozone/hadoop-ozone/integration-test/target/test-dir/MiniOzoneClusterImpl-05b781a4-7df0-48b9-8d73-8dabce68a637/datanode-1/data/ratis
2021-08-25 23:20:05,130 [Listener at 127.0.0.1/39119] INFO  volume.StorageVolumeChecker (StorageVolumeChecker.java:checkAllVolumes(202)) - Scheduled health check for volume /home/runner/work/ozone/ozone/hadoop-ozone/integration-test/target/test-dir/MiniOzoneClusterImpl-05b781a4-7df0-48b9-8d73-8dabce68a637/datanode-1/data/ratis
2021-08-25 23:20:05,144 [Listener at 127.0.0.1/39119] INFO  ozoneimpl.ContainerReader (ContainerReader.java:<init>(98)) - Running in upgrade mode:true
2021-08-25 23:20:05,147 [Thread-140] INFO  ozoneimpl.ContainerReader (ContainerReader.java:readVolume(142)) - Start to verify containers on volume /home/runner/work/ozone/ozone/hadoop-ozone/integration-test/target/test-dir/MiniOzoneClusterImpl-05b781a4-7df0-48b9-8d73-8dabce68a637/datanode-1/data-0/containers/hdds
2021-08-25 23:20:05,147 [Thread-140] INFO  ozoneimpl.ContainerReader (ContainerReader.java:readVolume(174)) - Finish verifying containers on volume /home/runner/work/ozone/ozone/hadoop-ozone/integration-test/target/test-dir/MiniOzoneClusterImpl-05b781a4-7df0-48b9-8d73-8dabce68a637/datanode-1/data-0/containers/hdds
2021-08-25 23:20:05,147 [Listener at 127.0.0.1/39119] INFO  ozoneimpl.OzoneContainer (OzoneContainer.java:buildContainerSet(237)) - Build ContainerSet costs 0s
2021-08-25 23:20:05,150 [Listener at 127.0.0.1/39119] INFO  server.RaftServer (ConfUtils.java:logGet(44)) - raft.rpc.type = GRPC (default)
2021-08-25 23:20:05,150 [Listener at 127.0.0.1/39119] INFO  grpc.GrpcFactory (GrpcFactory.java:checkPooledByteBufAllocatorUseCacheForAllThreads(48)) - PERFORMANCE WARNING: useCacheForAllThreads is true that may cause Netty to create a lot garbage objects and, as a result, trigger GC.
	It is recommended to disable useCacheForAllThreads by setting -Dorg.apache.ratis.thirdparty.io.netty.allocator.useCacheForAllThreads=false in command line.
2021-08-25 23:20:05,150 [Listener at 127.0.0.1/39119] INFO  grpc.GrpcConfigKeys (ConfUtils.java:logGet(44)) - raft.grpc.admin.port = 0 (custom)
2021-08-25 23:20:05,151 [Listener at 127.0.0.1/39119] INFO  grpc.GrpcConfigKeys (ConfUtils.java:logGet(44)) - raft.grpc.client.port = 0 (custom)
2021-08-25 23:20:05,151 [Listener at 127.0.0.1/39119] INFO  grpc.GrpcConfigKeys (ConfUtils.java:logGet(44)) - raft.grpc.server.port = 0 (default)
2021-08-25 23:20:05,151 [Listener at 127.0.0.1/39119] INFO  server.GrpcService (ConfUtils.java:logGet(44)) - raft.grpc.message.size.max = 32MB (=33554432) (custom)
2021-08-25 23:20:05,151 [Listener at 127.0.0.1/39119] INFO  server.RaftServerConfigKeys (ConfUtils.java:logGet(44)) - raft.server.log.appender.buffer.byte-limit = 33554432 (custom)
2021-08-25 23:20:05,151 [Listener at 127.0.0.1/39119] INFO  server.GrpcService (ConfUtils.java:logGet(44)) - raft.grpc.flow.control.window = 5MB (=5242880) (custom)
2021-08-25 23:20:05,151 [Listener at 127.0.0.1/39119] INFO  server.RaftServerConfigKeys (ConfUtils.java:logGet(44)) - raft.server.rpc.request.timeout = 3000ms (default)
2021-08-25 23:20:05,152 [Listener at 127.0.0.1/39119] INFO  impl.DataStreamServerImpl (ConfUtils.java:logGet(44)) - raft.datastream.type = DISABLED (default)
2021-08-25 23:20:05,153 [Listener at 127.0.0.1/39119] INFO  server.RaftServerConfigKeys (ConfUtils.java:logGet(44)) - raft.server.rpc.slowness.timeout = 300000ms (custom)
2021-08-25 23:20:05,153 [Listener at 127.0.0.1/39119] INFO  server.RaftServerConfigKeys (ConfUtils.java:logGet(44)) - raft.server.leaderelection.leader.step-down.wait-time = 10s (default)
2021-08-25 23:20:05,153 [Listener at 127.0.0.1/39119] INFO  server.RaftServerConfigKeys (ConfUtils.java:logGet(44)) - raft.server.storage.dir = [/home/runner/work/ozone/ozone/hadoop-ozone/integration-test/target/test-dir/MiniOzoneClusterImpl-05b781a4-7df0-48b9-8d73-8dabce68a637/datanode-1/data/ratis] (custom)
2021-08-25 23:20:05,163 [Listener at 127.0.0.1/39119] INFO  http.BaseHttpServer (BaseHttpServer.java:newHttpServer2BuilderForOzone(209)) - Starting Web-server for hddsDatanode at: http://0.0.0.0:0
2021-08-25 23:20:05,163 [Listener at 127.0.0.1/39119] INFO  http.BaseHttpServer (BaseHttpServer.java:<init>(107)) - Hadoop Security Enabled: false Ozone Security Enabled: false Ozone HTTP Security Enabled: false 
2021-08-25 23:20:05,164 [Listener at 127.0.0.1/39119] INFO  server.AuthenticationFilter (AuthenticationFilter.java:constructSecretProvider(240)) - Unable to initialize FileSignerSecretProvider, falling back to use random secrets.
2021-08-25 23:20:05,166 [Listener at 127.0.0.1/39119] WARN  http.HttpRequestLog (HttpRequestLog.java:getRequestLog(103)) - Jetty request log can only be enabled using Log4j
2021-08-25 23:20:05,166 [Listener at 127.0.0.1/39119] INFO  http.HttpServer2 (HttpServer2.java:addGlobalFilter(1030)) - Added global filter 'safety' (class=org.apache.hadoop.hdds.server.http.HttpServer2$QuotingInputFilter)
2021-08-25 23:20:05,167 [Listener at 127.0.0.1/39119] INFO  http.HttpServer2 (HttpServer2.java:addFilter(1006)) - Added filter static_user_filter (class=org.apache.hadoop.http.lib.StaticUserWebFilter$StaticUserFilter) to context hddsDatanode
2021-08-25 23:20:05,168 [Listener at 127.0.0.1/39119] INFO  http.HttpServer2 (HttpServer2.java:addFilter(1014)) - Added filter static_user_filter (class=org.apache.hadoop.http.lib.StaticUserWebFilter$StaticUserFilter) to context logs
2021-08-25 23:20:05,168 [Listener at 127.0.0.1/39119] INFO  http.HttpServer2 (HttpServer2.java:addFilter(1014)) - Added filter static_user_filter (class=org.apache.hadoop.http.lib.StaticUserWebFilter$StaticUserFilter) to context static
2021-08-25 23:20:05,168 [Listener at 127.0.0.1/39119] INFO  http.HttpServer2 (HttpServer2.java:bindListener(1249)) - Jetty bound to port 41879
2021-08-25 23:20:05,168 [Listener at 127.0.0.1/39119] INFO  server.Server (Server.java:doStart(375)) - jetty-9.4.43.v20210629; built: 2021-06-30T11:07:22.254Z; git: 526006ecfa3af7f1a27ef3a288e2bef7ea9dd7e8; jvm 1.8.0_292-b10
2021-08-25 23:20:05,174 [Listener at 127.0.0.1/39119] INFO  server.session (DefaultSessionIdManager.java:doStart(334)) - DefaultSessionIdManager workerName=node0
2021-08-25 23:20:05,174 [Listener at 127.0.0.1/39119] INFO  server.session (DefaultSessionIdManager.java:doStart(339)) - No SessionScavenger set, using defaults
2021-08-25 23:20:05,174 [Listener at 127.0.0.1/39119] INFO  server.session (HouseKeeper.java:startScavenging(132)) - node0 Scavenging every 660000ms
2021-08-25 23:20:05,177 [Listener at 127.0.0.1/39119] INFO  handler.ContextHandler (ContextHandler.java:doStart(915)) - Started o.e.j.s.ServletContextHandler@61a4a71c{logs,/logs,file:///home/runner/work/ozone/ozone/hadoop-ozone/integration-test/target/log,AVAILABLE}
2021-08-25 23:20:05,177 [Listener at 127.0.0.1/39119] INFO  handler.ContextHandler (ContextHandler.java:doStart(915)) - Started o.e.j.s.ServletContextHandler@462d8276{static,/static,jar:file:/home/runner/.m2/repository/org/apache/ozone/hdds-container-service/1.2.0-SNAPSHOT/hdds-container-service-1.2.0-SNAPSHOT.jar!/webapps/static,AVAILABLE}
2021-08-25 23:20:05,225 [Listener at 127.0.0.1/39119] INFO  handler.ContextHandler (ContextHandler.java:doStart(915)) - Started o.e.j.w.WebAppContext@4b6f7369{hddsDatanode,/,file:///tmp/jetty-0_0_0_0-41879-hdds-container-service-1_2_0-SNAPSHOT_jar-_-any-4190537937845631341/webapp/,AVAILABLE}{jar:file:/home/runner/.m2/repository/org/apache/ozone/hdds-container-service/1.2.0-SNAPSHOT/hdds-container-service-1.2.0-SNAPSHOT.jar!/webapps/hddsDatanode}
2021-08-25 23:20:05,226 [Listener at 127.0.0.1/39119] INFO  server.AbstractConnector (AbstractConnector.java:doStart(331)) - Started ServerConnector@10743711{HTTP/1.1, (http/1.1)}{0.0.0.0:41879}
2021-08-25 23:20:05,227 [Listener at 127.0.0.1/39119] INFO  server.Server (Server.java:doStart(415)) - Started @6158ms
2021-08-25 23:20:05,227 [Listener at 127.0.0.1/39119] WARN  impl.MetricsSystemImpl (MetricsSystemImpl.java:register(279)) - Sink prometheus already exists!
2021-08-25 23:20:05,227 [Listener at 127.0.0.1/39119] INFO  http.BaseHttpServer (BaseHttpServer.java:updateConnectorAddress(329)) - HTTP server of hddsDatanode listening at http://0.0.0.0:41879
2021-08-25 23:20:05,228 [Listener at 127.0.0.1/39119] WARN  impl.MetricRegistriesImpl (MetricRegistriesImpl.java:addReporterRegistration(111)) - New reporters are added after registries were created. Some metrics will be missing from the reporter. Please add reporter before adding any new registry.
2021-08-25 23:20:05,228 [Listener at 127.0.0.1/39119] WARN  impl.MetricRegistriesImpl (MetricRegistriesImpl.java:addReporterRegistration(111)) - New reporters are added after registries were created. Some metrics will be missing from the reporter. Please add reporter before adding any new registry.
2021-08-25 23:20:05,228 [Listener at 127.0.0.1/39119] INFO  impl.MetricsSystemImpl (MetricsSystemImpl.java:init(158)) - HddsDatanode metrics system started (again)
2021-08-25 23:20:05,243 [Listener at 127.0.0.1/39119] INFO  ozone.HddsDatanodeService (HddsDatanodeService.java:start(234)) - HddsDatanodeService host:fv-az12-462.exdb2aeach2ezidoxz41lk3bwg.cx.internal.cloudapp.net ip:10.1.0.32
2021-08-25 23:20:05,262 [org.apache.hadoop.util.JvmPauseMonitor$Monitor@5512826e] INFO  util.JvmPauseMonitor (JvmPauseMonitor.java:run(188)) - Starting JVM pause monitor
2021-08-25 23:20:05,266 [Listener at 127.0.0.1/39119] INFO  upgrade.AbstractLayoutVersionManager (AbstractLayoutVersionManager.java:init(70)) - Initializing Layout version manager with metadata layout = SCM_HA (version = 2), software layout = SCM_HA (version = 2)
2021-08-25 23:20:05,272 [Datanode State Machine Task Thread - 0] INFO  datanode.InitDatanodeState (InitDatanodeState.java:persistContainerDatanodeDetails(145)) - DatanodeDetails is persisted to /home/runner/work/ozone/ozone/hadoop-ozone/integration-test/target/test-dir/MiniOzoneClusterImpl-05b781a4-7df0-48b9-8d73-8dabce68a637/datanode-1/meta/datanode.id
2021-08-25 23:20:05,316 [Listener at 127.0.0.1/39119] INFO  reflections.Reflections (Reflections.java:scan(232)) - Reflections took 48 ms to scan 7 urls, producing 120 keys and 275 values 
2021-08-25 23:20:05,319 [Listener at 127.0.0.1/39119] INFO  volume.HddsVolume (HddsVolume.java:<init>(120)) - Creating HddsVolume: /home/runner/work/ozone/ozone/hadoop-ozone/integration-test/target/test-dir/MiniOzoneClusterImpl-05b781a4-7df0-48b9-8d73-8dabce68a637/datanode-2/data-0/containers/hdds of storage type : DISK capacity : 9223372036854775807
2021-08-25 23:20:05,319 [Listener at 127.0.0.1/39119] INFO  volume.MutableVolumeSet (MutableVolumeSet.java:initializeVolumeSet(181)) - Added Volume : /home/runner/work/ozone/ozone/hadoop-ozone/integration-test/target/test-dir/MiniOzoneClusterImpl-05b781a4-7df0-48b9-8d73-8dabce68a637/datanode-2/data-0/containers/hdds to VolumeSet
2021-08-25 23:20:05,319 [Listener at 127.0.0.1/39119] INFO  volume.ThrottledAsyncChecker (ThrottledAsyncChecker.java:schedule(141)) - Scheduling a check for /home/runner/work/ozone/ozone/hadoop-ozone/integration-test/target/test-dir/MiniOzoneClusterImpl-05b781a4-7df0-48b9-8d73-8dabce68a637/datanode-2/data-0/containers/hdds
2021-08-25 23:20:05,320 [Listener at 127.0.0.1/39119] INFO  volume.StorageVolumeChecker (StorageVolumeChecker.java:checkAllVolumes(202)) - Scheduled health check for volume /home/runner/work/ozone/ozone/hadoop-ozone/integration-test/target/test-dir/MiniOzoneClusterImpl-05b781a4-7df0-48b9-8d73-8dabce68a637/datanode-2/data-0/containers/hdds
2021-08-25 23:20:05,334 [Listener at 127.0.0.1/39119] INFO  volume.MutableVolumeSet (MutableVolumeSet.java:initializeVolumeSet(181)) - Added Volume : /home/runner/work/ozone/ozone/hadoop-ozone/integration-test/target/test-dir/MiniOzoneClusterImpl-05b781a4-7df0-48b9-8d73-8dabce68a637/datanode-2/data/ratis to VolumeSet
2021-08-25 23:20:05,334 [Listener at 127.0.0.1/39119] INFO  volume.ThrottledAsyncChecker (ThrottledAsyncChecker.java:schedule(141)) - Scheduling a check for /home/runner/work/ozone/ozone/hadoop-ozone/integration-test/target/test-dir/MiniOzoneClusterImpl-05b781a4-7df0-48b9-8d73-8dabce68a637/datanode-2/data/ratis
2021-08-25 23:20:05,335 [Listener at 127.0.0.1/39119] INFO  volume.StorageVolumeChecker (StorageVolumeChecker.java:checkAllVolumes(202)) - Scheduled health check for volume /home/runner/work/ozone/ozone/hadoop-ozone/integration-test/target/test-dir/MiniOzoneClusterImpl-05b781a4-7df0-48b9-8d73-8dabce68a637/datanode-2/data/ratis
2021-08-25 23:20:05,347 [Listener at 127.0.0.1/39119] INFO  ozoneimpl.ContainerReader (ContainerReader.java:<init>(98)) - Running in upgrade mode:true
2021-08-25 23:20:05,347 [Thread-152] INFO  ozoneimpl.ContainerReader (ContainerReader.java:readVolume(142)) - Start to verify containers on volume /home/runner/work/ozone/ozone/hadoop-ozone/integration-test/target/test-dir/MiniOzoneClusterImpl-05b781a4-7df0-48b9-8d73-8dabce68a637/datanode-2/data-0/containers/hdds
2021-08-25 23:20:05,348 [Thread-152] INFO  ozoneimpl.ContainerReader (ContainerReader.java:readVolume(174)) - Finish verifying containers on volume /home/runner/work/ozone/ozone/hadoop-ozone/integration-test/target/test-dir/MiniOzoneClusterImpl-05b781a4-7df0-48b9-8d73-8dabce68a637/datanode-2/data-0/containers/hdds
2021-08-25 23:20:05,348 [Listener at 127.0.0.1/39119] INFO  ozoneimpl.OzoneContainer (OzoneContainer.java:buildContainerSet(237)) - Build ContainerSet costs 0s
2021-08-25 23:20:05,350 [Listener at 127.0.0.1/39119] INFO  server.RaftServer (ConfUtils.java:logGet(44)) - raft.rpc.type = GRPC (default)
2021-08-25 23:20:05,351 [Listener at 127.0.0.1/39119] INFO  grpc.GrpcFactory (GrpcFactory.java:checkPooledByteBufAllocatorUseCacheForAllThreads(48)) - PERFORMANCE WARNING: useCacheForAllThreads is true that may cause Netty to create a lot garbage objects and, as a result, trigger GC.
	It is recommended to disable useCacheForAllThreads by setting -Dorg.apache.ratis.thirdparty.io.netty.allocator.useCacheForAllThreads=false in command line.
2021-08-25 23:20:05,351 [Listener at 127.0.0.1/39119] INFO  grpc.GrpcConfigKeys (ConfUtils.java:logGet(44)) - raft.grpc.admin.port = 0 (custom)
2021-08-25 23:20:05,351 [Listener at 127.0.0.1/39119] INFO  grpc.GrpcConfigKeys (ConfUtils.java:logGet(44)) - raft.grpc.client.port = 0 (custom)
2021-08-25 23:20:05,351 [Listener at 127.0.0.1/39119] INFO  grpc.GrpcConfigKeys (ConfUtils.java:logGet(44)) - raft.grpc.server.port = 0 (default)
2021-08-25 23:20:05,351 [Listener at 127.0.0.1/39119] INFO  server.GrpcService (ConfUtils.java:logGet(44)) - raft.grpc.message.size.max = 32MB (=33554432) (custom)
2021-08-25 23:20:05,351 [Listener at 127.0.0.1/39119] INFO  server.RaftServerConfigKeys (ConfUtils.java:logGet(44)) - raft.server.log.appender.buffer.byte-limit = 33554432 (custom)
2021-08-25 23:20:05,351 [Listener at 127.0.0.1/39119] INFO  server.GrpcService (ConfUtils.java:logGet(44)) - raft.grpc.flow.control.window = 5MB (=5242880) (custom)
2021-08-25 23:20:05,352 [Listener at 127.0.0.1/39119] INFO  server.RaftServerConfigKeys (ConfUtils.java:logGet(44)) - raft.server.rpc.request.timeout = 3000ms (default)
2021-08-25 23:20:05,353 [Listener at 127.0.0.1/39119] INFO  impl.DataStreamServerImpl (ConfUtils.java:logGet(44)) - raft.datastream.type = DISABLED (default)
2021-08-25 23:20:05,353 [Listener at 127.0.0.1/39119] INFO  server.RaftServerConfigKeys (ConfUtils.java:logGet(44)) - raft.server.rpc.slowness.timeout = 300000ms (custom)
2021-08-25 23:20:05,353 [Listener at 127.0.0.1/39119] INFO  server.RaftServerConfigKeys (ConfUtils.java:logGet(44)) - raft.server.leaderelection.leader.step-down.wait-time = 10s (default)
2021-08-25 23:20:05,353 [Listener at 127.0.0.1/39119] INFO  server.RaftServerConfigKeys (ConfUtils.java:logGet(44)) - raft.server.storage.dir = [/home/runner/work/ozone/ozone/hadoop-ozone/integration-test/target/test-dir/MiniOzoneClusterImpl-05b781a4-7df0-48b9-8d73-8dabce68a637/datanode-2/data/ratis] (custom)
2021-08-25 23:20:05,358 [Listener at 127.0.0.1/39119] INFO  http.BaseHttpServer (BaseHttpServer.java:newHttpServer2BuilderForOzone(209)) - Starting Web-server for hddsDatanode at: http://0.0.0.0:0
2021-08-25 23:20:05,358 [Listener at 127.0.0.1/39119] INFO  http.BaseHttpServer (BaseHttpServer.java:<init>(107)) - Hadoop Security Enabled: false Ozone Security Enabled: false Ozone HTTP Security Enabled: false 
2021-08-25 23:20:05,360 [Listener at 127.0.0.1/39119] INFO  server.AuthenticationFilter (AuthenticationFilter.java:constructSecretProvider(240)) - Unable to initialize FileSignerSecretProvider, falling back to use random secrets.
2021-08-25 23:20:05,361 [Listener at 127.0.0.1/39119] WARN  http.HttpRequestLog (HttpRequestLog.java:getRequestLog(103)) - Jetty request log can only be enabled using Log4j
2021-08-25 23:20:05,362 [Listener at 127.0.0.1/39119] INFO  http.HttpServer2 (HttpServer2.java:addGlobalFilter(1030)) - Added global filter 'safety' (class=org.apache.hadoop.hdds.server.http.HttpServer2$QuotingInputFilter)
2021-08-25 23:20:05,363 [Listener at 127.0.0.1/39119] INFO  http.HttpServer2 (HttpServer2.java:addFilter(1006)) - Added filter static_user_filter (class=org.apache.hadoop.http.lib.StaticUserWebFilter$StaticUserFilter) to context hddsDatanode
2021-08-25 23:20:05,363 [Listener at 127.0.0.1/39119] INFO  http.HttpServer2 (HttpServer2.java:addFilter(1014)) - Added filter static_user_filter (class=org.apache.hadoop.http.lib.StaticUserWebFilter$StaticUserFilter) to context logs
2021-08-25 23:20:05,363 [Listener at 127.0.0.1/39119] INFO  http.HttpServer2 (HttpServer2.java:addFilter(1014)) - Added filter static_user_filter (class=org.apache.hadoop.http.lib.StaticUserWebFilter$StaticUserFilter) to context static
2021-08-25 23:20:05,364 [Listener at 127.0.0.1/39119] INFO  http.HttpServer2 (HttpServer2.java:bindListener(1249)) - Jetty bound to port 44807
2021-08-25 23:20:05,364 [Listener at 127.0.0.1/39119] INFO  server.Server (Server.java:doStart(375)) - jetty-9.4.43.v20210629; built: 2021-06-30T11:07:22.254Z; git: 526006ecfa3af7f1a27ef3a288e2bef7ea9dd7e8; jvm 1.8.0_292-b10
2021-08-25 23:20:05,366 [Listener at 127.0.0.1/39119] INFO  server.session (DefaultSessionIdManager.java:doStart(334)) - DefaultSessionIdManager workerName=node0
2021-08-25 23:20:05,367 [Listener at 127.0.0.1/39119] INFO  server.session (DefaultSessionIdManager.java:doStart(339)) - No SessionScavenger set, using defaults
2021-08-25 23:20:05,367 [Listener at 127.0.0.1/39119] INFO  server.session (HouseKeeper.java:startScavenging(132)) - node0 Scavenging every 600000ms
2021-08-25 23:20:05,370 [Listener at 127.0.0.1/39119] INFO  handler.ContextHandler (ContextHandler.java:doStart(915)) - Started o.e.j.s.ServletContextHandler@3c4161d1{logs,/logs,file:///home/runner/work/ozone/ozone/hadoop-ozone/integration-test/target/log,AVAILABLE}
2021-08-25 23:20:05,370 [Listener at 127.0.0.1/39119] INFO  handler.ContextHandler (ContextHandler.java:doStart(915)) - Started o.e.j.s.ServletContextHandler@136ee66d{static,/static,jar:file:/home/runner/.m2/repository/org/apache/ozone/hdds-container-service/1.2.0-SNAPSHOT/hdds-container-service-1.2.0-SNAPSHOT.jar!/webapps/static,AVAILABLE}
2021-08-25 23:20:05,411 [Listener at 127.0.0.1/39119] INFO  handler.ContextHandler (ContextHandler.java:doStart(915)) - Started o.e.j.w.WebAppContext@50e1c39c{hddsDatanode,/,file:///tmp/jetty-0_0_0_0-44807-hdds-container-service-1_2_0-SNAPSHOT_jar-_-any-2420538865695121230/webapp/,AVAILABLE}{jar:file:/home/runner/.m2/repository/org/apache/ozone/hdds-container-service/1.2.0-SNAPSHOT/hdds-container-service-1.2.0-SNAPSHOT.jar!/webapps/hddsDatanode}
2021-08-25 23:20:05,413 [Listener at 127.0.0.1/39119] INFO  server.AbstractConnector (AbstractConnector.java:doStart(331)) - Started ServerConnector@30f6791d{HTTP/1.1, (http/1.1)}{0.0.0.0:44807}
2021-08-25 23:20:05,413 [Listener at 127.0.0.1/39119] INFO  server.Server (Server.java:doStart(415)) - Started @6345ms
2021-08-25 23:20:05,413 [Listener at 127.0.0.1/39119] WARN  impl.MetricsSystemImpl (MetricsSystemImpl.java:register(279)) - Sink prometheus already exists!
2021-08-25 23:20:05,414 [Listener at 127.0.0.1/39119] INFO  http.BaseHttpServer (BaseHttpServer.java:updateConnectorAddress(329)) - HTTP server of hddsDatanode listening at http://0.0.0.0:44807
2021-08-25 23:20:05,415 [Listener at 127.0.0.1/39119] WARN  impl.MetricRegistriesImpl (MetricRegistriesImpl.java:addReporterRegistration(111)) - New reporters are added after registries were created. Some metrics will be missing from the reporter. Please add reporter before adding any new registry.
2021-08-25 23:20:05,415 [Listener at 127.0.0.1/39119] WARN  impl.MetricRegistriesImpl (MetricRegistriesImpl.java:addReporterRegistration(111)) - New reporters are added after registries were created. Some metrics will be missing from the reporter. Please add reporter before adding any new registry.
2021-08-25 23:20:05,415 [Listener at 127.0.0.1/39119] INFO  impl.MetricsSystemImpl (MetricsSystemImpl.java:init(158)) - HddsDatanode metrics system started (again)
2021-08-25 23:20:05,430 [org.apache.hadoop.util.JvmPauseMonitor$Monitor@f086432] INFO  util.JvmPauseMonitor (JvmPauseMonitor.java:run(188)) - Starting JVM pause monitor
2021-08-25 23:20:05,436 [Datanode State Machine Task Thread - 0] INFO  datanode.InitDatanodeState (InitDatanodeState.java:persistContainerDatanodeDetails(145)) - DatanodeDetails is persisted to /home/runner/work/ozone/ozone/hadoop-ozone/integration-test/target/test-dir/MiniOzoneClusterImpl-05b781a4-7df0-48b9-8d73-8dabce68a637/datanode-2/meta/datanode.id
2021-08-25 23:20:05,437 [Listener at 127.0.0.1/39119] INFO  ozone.HddsDatanodeService (HddsDatanodeService.java:start(234)) - HddsDatanodeService host:fv-az12-462.exdb2aeach2ezidoxz41lk3bwg.cx.internal.cloudapp.net ip:10.1.0.32
2021-08-25 23:20:05,458 [Listener at 127.0.0.1/39119] INFO  upgrade.AbstractLayoutVersionManager (AbstractLayoutVersionManager.java:init(70)) - Initializing Layout version manager with metadata layout = SCM_HA (version = 2), software layout = SCM_HA (version = 2)
2021-08-25 23:20:05,476 [om1@group-C5BA1605619E-FollowerState] INFO  impl.FollowerState (FollowerState.java:run(134)) - om1@group-C5BA1605619E-FollowerState: change to CANDIDATE, lastRpcElapsedTime:1202087741ns, electionTimeout:1196ms
2021-08-25 23:20:05,477 [om1@group-C5BA1605619E-FollowerState] INFO  impl.RoleInfo (RoleInfo.java:shutdownFollowerState(108)) - om1: shutdown om1@group-C5BA1605619E-FollowerState
2021-08-25 23:20:05,478 [om1@group-C5BA1605619E-FollowerState] INFO  server.RaftServer$Division (RaftServerImpl.java:setRole(285)) - om1@group-C5BA1605619E: changes role from  FOLLOWER to CANDIDATE at term 0 for changeToCandidate
2021-08-25 23:20:05,480 [om1@group-C5BA1605619E-FollowerState] INFO  server.RaftServerConfigKeys (ConfUtils.java:logGet(44)) - raft.server.leaderelection.pre-vote = false (custom)
2021-08-25 23:20:05,481 [om1@group-C5BA1605619E-FollowerState] INFO  impl.RoleInfo (RoleInfo.java:updateAndGet(130)) - om1: start om1@group-C5BA1605619E-LeaderElection1
2021-08-25 23:20:05,498 [om1@group-C5BA1605619E-LeaderElection1] INFO  impl.LeaderElection (LeaderElection.java:askForVotes(306)) - om1@group-C5BA1605619E-LeaderElection1 ELECTION round 0: submit vote requests at term 1 for -1: [om1|rpc:localhost:9872|priority:0], old=null
2021-08-25 23:20:05,499 [om1@group-C5BA1605619E-LeaderElection1] INFO  impl.LeaderElection (LeaderElection.java:askForVotes(308)) - om1@group-C5BA1605619E-LeaderElection1 ELECTION round 0: result PASSED (term=1)
2021-08-25 23:20:05,500 [om1@group-C5BA1605619E-LeaderElection1] INFO  impl.RoleInfo (RoleInfo.java:shutdownLeaderElection(121)) - om1: shutdown om1@group-C5BA1605619E-LeaderElection1
2021-08-25 23:20:05,500 [om1@group-C5BA1605619E-LeaderElection1] INFO  server.RaftServer$Division (RaftServerImpl.java:setRole(285)) - om1@group-C5BA1605619E: changes role from CANDIDATE to LEADER at term 1 for changeToLeader
2021-08-25 23:20:05,500 [om1@group-C5BA1605619E-LeaderElection1] INFO  server.RaftServer$Division (ServerState.java:setLeader(285)) - om1@group-C5BA1605619E: change Leader from null to om1 at term 1 for becomeLeader, leader elected after 1338ms
2021-08-25 23:20:05,645 [om1@group-C5BA1605619E-LeaderElection1] INFO  server.RaftServerConfigKeys (ConfUtils.java:logGet(44)) - raft.server.staging.catchup.gap = 1000 (default)
2021-08-25 23:20:05,660 [om1@group-C5BA1605619E-LeaderElection1] INFO  server.RaftServerConfigKeys (ConfUtils.java:logGet(44)) - raft.server.write.element-limit = 4096 (default)
2021-08-25 23:20:05,660 [om1@group-C5BA1605619E-LeaderElection1] INFO  server.RaftServerConfigKeys (ConfUtils.java:logGet(44)) - raft.server.write.byte-limit = 64MB (=67108864) (default)
2021-08-25 23:20:05,670 [Listener at 127.0.0.1/39119] INFO  reflections.Reflections (Reflections.java:scan(232)) - Reflections took 210 ms to scan 7 urls, producing 120 keys and 275 values 
2021-08-25 23:20:05,673 [om1@group-C5BA1605619E-LeaderElection1] INFO  server.RaftServerConfigKeys (ConfUtils.java:logGet(44)) - raft.server.watch.timeout = 10s (default)
2021-08-25 23:20:05,673 [om1@group-C5BA1605619E-LeaderElection1] INFO  server.RaftServerConfigKeys (ConfUtils.java:logGet(44)) - raft.server.watch.timeout.denomination = 1s (default)
2021-08-25 23:20:05,673 [om1@group-C5BA1605619E-LeaderElection1] INFO  server.RaftServerConfigKeys (ConfUtils.java:logGet(44)) - raft.server.watch.element-limit = 65536 (default)
2021-08-25 23:20:05,684 [om1@group-C5BA1605619E-LeaderElection1] INFO  impl.RoleInfo (RoleInfo.java:updateAndGet(130)) - om1: start om1@group-C5BA1605619E-LeaderStateImpl
2021-08-25 23:20:05,690 [Listener at 127.0.0.1/39119] INFO  volume.HddsVolume (HddsVolume.java:<init>(120)) - Creating HddsVolume: /home/runner/work/ozone/ozone/hadoop-ozone/integration-test/target/test-dir/MiniOzoneClusterImpl-05b781a4-7df0-48b9-8d73-8dabce68a637/datanode-3/data-0/containers/hdds of storage type : DISK capacity : 9223372036854775807
2021-08-25 23:20:05,691 [Listener at 127.0.0.1/39119] INFO  volume.MutableVolumeSet (MutableVolumeSet.java:initializeVolumeSet(181)) - Added Volume : /home/runner/work/ozone/ozone/hadoop-ozone/integration-test/target/test-dir/MiniOzoneClusterImpl-05b781a4-7df0-48b9-8d73-8dabce68a637/datanode-3/data-0/containers/hdds to VolumeSet
2021-08-25 23:20:05,691 [Listener at 127.0.0.1/39119] INFO  volume.ThrottledAsyncChecker (ThrottledAsyncChecker.java:schedule(141)) - Scheduling a check for /home/runner/work/ozone/ozone/hadoop-ozone/integration-test/target/test-dir/MiniOzoneClusterImpl-05b781a4-7df0-48b9-8d73-8dabce68a637/datanode-3/data-0/containers/hdds
2021-08-25 23:20:05,705 [Listener at 127.0.0.1/39119] INFO  volume.StorageVolumeChecker (StorageVolumeChecker.java:checkAllVolumes(202)) - Scheduled health check for volume /home/runner/work/ozone/ozone/hadoop-ozone/integration-test/target/test-dir/MiniOzoneClusterImpl-05b781a4-7df0-48b9-8d73-8dabce68a637/datanode-3/data-0/containers/hdds
2021-08-25 23:20:05,732 [Listener at 127.0.0.1/39119] INFO  volume.MutableVolumeSet (MutableVolumeSet.java:initializeVolumeSet(181)) - Added Volume : /home/runner/work/ozone/ozone/hadoop-ozone/integration-test/target/test-dir/MiniOzoneClusterImpl-05b781a4-7df0-48b9-8d73-8dabce68a637/datanode-3/data/ratis to VolumeSet
2021-08-25 23:20:05,733 [Listener at 127.0.0.1/39119] INFO  volume.ThrottledAsyncChecker (ThrottledAsyncChecker.java:schedule(141)) - Scheduling a check for /home/runner/work/ozone/ozone/hadoop-ozone/integration-test/target/test-dir/MiniOzoneClusterImpl-05b781a4-7df0-48b9-8d73-8dabce68a637/datanode-3/data/ratis
2021-08-25 23:20:05,733 [Listener at 127.0.0.1/39119] INFO  volume.StorageVolumeChecker (StorageVolumeChecker.java:checkAllVolumes(202)) - Scheduled health check for volume /home/runner/work/ozone/ozone/hadoop-ozone/integration-test/target/test-dir/MiniOzoneClusterImpl-05b781a4-7df0-48b9-8d73-8dabce68a637/datanode-3/data/ratis
2021-08-25 23:20:05,730 [om1@group-C5BA1605619E-LeaderElection1] INFO  segmented.SegmentedRaftLogWorker (SegmentedRaftLogWorker.java:startLogSegment(394)) - om1@group-C5BA1605619E-SegmentedRaftLogWorker: Starting segment from index:0
2021-08-25 23:20:05,763 [Listener at 127.0.0.1/39119] INFO  ozoneimpl.ContainerReader (ContainerReader.java:<init>(98)) - Running in upgrade mode:true
2021-08-25 23:20:05,778 [Thread-166] INFO  ozoneimpl.ContainerReader (ContainerReader.java:readVolume(142)) - Start to verify containers on volume /home/runner/work/ozone/ozone/hadoop-ozone/integration-test/target/test-dir/MiniOzoneClusterImpl-05b781a4-7df0-48b9-8d73-8dabce68a637/datanode-3/data-0/containers/hdds
2021-08-25 23:20:05,778 [Thread-166] INFO  ozoneimpl.ContainerReader (ContainerReader.java:readVolume(174)) - Finish verifying containers on volume /home/runner/work/ozone/ozone/hadoop-ozone/integration-test/target/test-dir/MiniOzoneClusterImpl-05b781a4-7df0-48b9-8d73-8dabce68a637/datanode-3/data-0/containers/hdds
2021-08-25 23:20:05,781 [om1@group-C5BA1605619E-LeaderElection1] INFO  server.RaftServer$Division (ServerState.java:setRaftConf(387)) - om1@group-C5BA1605619E: set configuration 0: [om1|rpc:localhost:9872|admin:|client:|dataStream:|priority:0], old=null
2021-08-25 23:20:05,781 [Listener at 127.0.0.1/39119] INFO  ozoneimpl.OzoneContainer (OzoneContainer.java:buildContainerSet(237)) - Build ContainerSet costs 0s
2021-08-25 23:20:05,784 [Listener at 127.0.0.1/39119] INFO  server.RaftServer (ConfUtils.java:logGet(44)) - raft.rpc.type = GRPC (default)
2021-08-25 23:20:05,784 [Listener at 127.0.0.1/39119] INFO  grpc.GrpcFactory (GrpcFactory.java:checkPooledByteBufAllocatorUseCacheForAllThreads(48)) - PERFORMANCE WARNING: useCacheForAllThreads is true that may cause Netty to create a lot garbage objects and, as a result, trigger GC.
	It is recommended to disable useCacheForAllThreads by setting -Dorg.apache.ratis.thirdparty.io.netty.allocator.useCacheForAllThreads=false in command line.
2021-08-25 23:20:05,784 [Listener at 127.0.0.1/39119] INFO  grpc.GrpcConfigKeys (ConfUtils.java:logGet(44)) - raft.grpc.admin.port = 0 (custom)
2021-08-25 23:20:05,785 [Listener at 127.0.0.1/39119] INFO  grpc.GrpcConfigKeys (ConfUtils.java:logGet(44)) - raft.grpc.client.port = 0 (custom)
2021-08-25 23:20:05,785 [Listener at 127.0.0.1/39119] INFO  grpc.GrpcConfigKeys (ConfUtils.java:logGet(44)) - raft.grpc.server.port = 0 (default)
2021-08-25 23:20:05,785 [Listener at 127.0.0.1/39119] INFO  server.GrpcService (ConfUtils.java:logGet(44)) - raft.grpc.message.size.max = 32MB (=33554432) (custom)
2021-08-25 23:20:05,785 [Listener at 127.0.0.1/39119] INFO  server.RaftServerConfigKeys (ConfUtils.java:logGet(44)) - raft.server.log.appender.buffer.byte-limit = 33554432 (custom)
2021-08-25 23:20:05,785 [Listener at 127.0.0.1/39119] INFO  server.GrpcService (ConfUtils.java:logGet(44)) - raft.grpc.flow.control.window = 5MB (=5242880) (custom)
2021-08-25 23:20:05,785 [Listener at 127.0.0.1/39119] INFO  server.RaftServerConfigKeys (ConfUtils.java:logGet(44)) - raft.server.rpc.request.timeout = 3000ms (default)
2021-08-25 23:20:05,786 [Listener at 127.0.0.1/39119] INFO  impl.DataStreamServerImpl (ConfUtils.java:logGet(44)) - raft.datastream.type = DISABLED (default)
2021-08-25 23:20:05,792 [Listener at 127.0.0.1/39119] INFO  server.RaftServerConfigKeys (ConfUtils.java:logGet(44)) - raft.server.rpc.slowness.timeout = 300000ms (custom)
2021-08-25 23:20:05,792 [Listener at 127.0.0.1/39119] INFO  server.RaftServerConfigKeys (ConfUtils.java:logGet(44)) - raft.server.leaderelection.leader.step-down.wait-time = 10s (default)
2021-08-25 23:20:05,794 [Listener at 127.0.0.1/39119] INFO  server.RaftServerConfigKeys (ConfUtils.java:logGet(44)) - raft.server.storage.dir = [/home/runner/work/ozone/ozone/hadoop-ozone/integration-test/target/test-dir/MiniOzoneClusterImpl-05b781a4-7df0-48b9-8d73-8dabce68a637/datanode-3/data/ratis] (custom)
2021-08-25 23:20:05,807 [Listener at 127.0.0.1/39119] INFO  http.BaseHttpServer (BaseHttpServer.java:newHttpServer2BuilderForOzone(209)) - Starting Web-server for hddsDatanode at: http://0.0.0.0:0
2021-08-25 23:20:05,807 [Listener at 127.0.0.1/39119] INFO  http.BaseHttpServer (BaseHttpServer.java:<init>(107)) - Hadoop Security Enabled: false Ozone Security Enabled: false Ozone HTTP Security Enabled: false 
2021-08-25 23:20:05,809 [Listener at 127.0.0.1/39119] INFO  server.AuthenticationFilter (AuthenticationFilter.java:constructSecretProvider(240)) - Unable to initialize FileSignerSecretProvider, falling back to use random secrets.
2021-08-25 23:20:05,810 [Listener at 127.0.0.1/39119] WARN  http.HttpRequestLog (HttpRequestLog.java:getRequestLog(103)) - Jetty request log can only be enabled using Log4j
2021-08-25 23:20:05,811 [Listener at 127.0.0.1/39119] INFO  http.HttpServer2 (HttpServer2.java:addGlobalFilter(1030)) - Added global filter 'safety' (class=org.apache.hadoop.hdds.server.http.HttpServer2$QuotingInputFilter)
2021-08-25 23:20:05,812 [Listener at 127.0.0.1/39119] INFO  http.HttpServer2 (HttpServer2.java:addFilter(1006)) - Added filter static_user_filter (class=org.apache.hadoop.http.lib.StaticUserWebFilter$StaticUserFilter) to context hddsDatanode
2021-08-25 23:20:05,812 [Listener at 127.0.0.1/39119] INFO  http.HttpServer2 (HttpServer2.java:addFilter(1014)) - Added filter static_user_filter (class=org.apache.hadoop.http.lib.StaticUserWebFilter$StaticUserFilter) to context static
2021-08-25 23:20:05,812 [Listener at 127.0.0.1/39119] INFO  http.HttpServer2 (HttpServer2.java:addFilter(1014)) - Added filter static_user_filter (class=org.apache.hadoop.http.lib.StaticUserWebFilter$StaticUserFilter) to context logs
2021-08-25 23:20:05,813 [Listener at 127.0.0.1/39119] INFO  http.HttpServer2 (HttpServer2.java:bindListener(1249)) - Jetty bound to port 45587
2021-08-25 23:20:05,813 [Listener at 127.0.0.1/39119] INFO  server.Server (Server.java:doStart(375)) - jetty-9.4.43.v20210629; built: 2021-06-30T11:07:22.254Z; git: 526006ecfa3af7f1a27ef3a288e2bef7ea9dd7e8; jvm 1.8.0_292-b10
2021-08-25 23:20:05,818 [Listener at 127.0.0.1/39119] INFO  server.session (DefaultSessionIdManager.java:doStart(334)) - DefaultSessionIdManager workerName=node0
2021-08-25 23:20:05,818 [Listener at 127.0.0.1/39119] INFO  server.session (DefaultSessionIdManager.java:doStart(339)) - No SessionScavenger set, using defaults
2021-08-25 23:20:05,818 [Listener at 127.0.0.1/39119] INFO  server.session (HouseKeeper.java:startScavenging(132)) - node0 Scavenging every 660000ms
2021-08-25 23:20:05,822 [Listener at 127.0.0.1/39119] INFO  handler.ContextHandler (ContextHandler.java:doStart(915)) - Started o.e.j.s.ServletContextHandler@75380a14{logs,/logs,file:///home/runner/work/ozone/ozone/hadoop-ozone/integration-test/target/log,AVAILABLE}
2021-08-25 23:20:05,822 [Listener at 127.0.0.1/39119] INFO  handler.ContextHandler (ContextHandler.java:doStart(915)) - Started o.e.j.s.ServletContextHandler@415de886{static,/static,jar:file:/home/runner/.m2/repository/org/apache/ozone/hdds-container-service/1.2.0-SNAPSHOT/hdds-container-service-1.2.0-SNAPSHOT.jar!/webapps/static,AVAILABLE}
2021-08-25 23:20:05,861 [om1@group-C5BA1605619E-SegmentedRaftLogWorker] INFO  segmented.SegmentedRaftLogWorker (SegmentedRaftLogWorker.java:execute(601)) - om1@group-C5BA1605619E-SegmentedRaftLogWorker: created new log segment /home/runner/work/ozone/ozone/hadoop-ozone/integration-test/target/test-dir/MiniOzoneClusterImpl-05b781a4-7df0-48b9-8d73-8dabce68a637/ozone-meta/ratis/bf265839-605b-3f16-9796-c5ba1605619e/current/log_inprogress_0
2021-08-25 23:20:05,881 [Listener at 127.0.0.1/39119] INFO  handler.ContextHandler (ContextHandler.java:doStart(915)) - Started o.e.j.w.WebAppContext@6ce6b828{hddsDatanode,/,file:///tmp/jetty-0_0_0_0-45587-hdds-container-service-1_2_0-SNAPSHOT_jar-_-any-541992013657399145/webapp/,AVAILABLE}{jar:file:/home/runner/.m2/repository/org/apache/ozone/hdds-container-service/1.2.0-SNAPSHOT/hdds-container-service-1.2.0-SNAPSHOT.jar!/webapps/hddsDatanode}
2021-08-25 23:20:05,887 [Listener at 127.0.0.1/39119] INFO  server.AbstractConnector (AbstractConnector.java:doStart(331)) - Started ServerConnector@6dee647f{HTTP/1.1, (http/1.1)}{0.0.0.0:45587}
2021-08-25 23:20:05,887 [Listener at 127.0.0.1/39119] INFO  server.Server (Server.java:doStart(415)) - Started @6818ms
2021-08-25 23:20:05,887 [Listener at 127.0.0.1/39119] WARN  impl.MetricsSystemImpl (MetricsSystemImpl.java:register(279)) - Sink prometheus already exists!
2021-08-25 23:20:05,888 [Listener at 127.0.0.1/39119] INFO  http.BaseHttpServer (BaseHttpServer.java:updateConnectorAddress(329)) - HTTP server of hddsDatanode listening at http://0.0.0.0:45587
2021-08-25 23:20:05,888 [Listener at 127.0.0.1/39119] WARN  impl.MetricRegistriesImpl (MetricRegistriesImpl.java:addReporterRegistration(111)) - New reporters are added after registries were created. Some metrics will be missing from the reporter. Please add reporter before adding any new registry.
2021-08-25 23:20:05,888 [Listener at 127.0.0.1/39119] WARN  impl.MetricRegistriesImpl (MetricRegistriesImpl.java:addReporterRegistration(111)) - New reporters are added after registries were created. Some metrics will be missing from the reporter. Please add reporter before adding any new registry.
2021-08-25 23:20:05,888 [Listener at 127.0.0.1/39119] INFO  impl.MetricsSystemImpl (MetricsSystemImpl.java:init(158)) - HddsDatanode metrics system started (again)
2021-08-25 23:20:05,920 [Listener at 127.0.0.1/39119] INFO  ozone.HddsDatanodeService (HddsDatanodeService.java:start(234)) - HddsDatanodeService host:fv-az12-462.exdb2aeach2ezidoxz41lk3bwg.cx.internal.cloudapp.net ip:10.1.0.32
2021-08-25 23:20:05,923 [org.apache.hadoop.util.JvmPauseMonitor$Monitor@335e909b] INFO  util.JvmPauseMonitor (JvmPauseMonitor.java:run(188)) - Starting JVM pause monitor
2021-08-25 23:20:05,926 [Datanode State Machine Task Thread - 0] INFO  datanode.InitDatanodeState (InitDatanodeState.java:persistContainerDatanodeDetails(145)) - DatanodeDetails is persisted to /home/runner/work/ozone/ozone/hadoop-ozone/integration-test/target/test-dir/MiniOzoneClusterImpl-05b781a4-7df0-48b9-8d73-8dabce68a637/datanode-3/meta/datanode.id
2021-08-25 23:20:05,955 [Listener at 127.0.0.1/39119] INFO  upgrade.AbstractLayoutVersionManager (AbstractLayoutVersionManager.java:init(70)) - Initializing Layout version manager with metadata layout = SCM_HA (version = 2), software layout = SCM_HA (version = 2)
2021-08-25 23:20:05,968 [om1@group-C5BA1605619E-StateMachineUpdater] INFO  ratis.OzoneManagerStateMachine (OzoneManagerStateMachine.java:notifyConfigurationChanged(188)) - Received Configuration change notification from Ratis. New Peer list:
[id: "om1"
address: "localhost:9872"
]
2021-08-25 23:20:05,994 [Listener at 127.0.0.1/39119] INFO  reflections.Reflections (Reflections.java:scan(232)) - Reflections took 38 ms to scan 7 urls, producing 120 keys and 275 values 
2021-08-25 23:20:05,999 [Listener at 127.0.0.1/39119] INFO  volume.HddsVolume (HddsVolume.java:<init>(120)) - Creating HddsVolume: /home/runner/work/ozone/ozone/hadoop-ozone/integration-test/target/test-dir/MiniOzoneClusterImpl-05b781a4-7df0-48b9-8d73-8dabce68a637/datanode-4/data-0/containers/hdds of storage type : DISK capacity : 9223372036854775807
2021-08-25 23:20:05,999 [Listener at 127.0.0.1/39119] INFO  volume.MutableVolumeSet (MutableVolumeSet.java:initializeVolumeSet(181)) - Added Volume : /home/runner/work/ozone/ozone/hadoop-ozone/integration-test/target/test-dir/MiniOzoneClusterImpl-05b781a4-7df0-48b9-8d73-8dabce68a637/datanode-4/data-0/containers/hdds to VolumeSet
2021-08-25 23:20:05,999 [Listener at 127.0.0.1/39119] INFO  volume.ThrottledAsyncChecker (ThrottledAsyncChecker.java:schedule(141)) - Scheduling a check for /home/runner/work/ozone/ozone/hadoop-ozone/integration-test/target/test-dir/MiniOzoneClusterImpl-05b781a4-7df0-48b9-8d73-8dabce68a637/datanode-4/data-0/containers/hdds
2021-08-25 23:20:06,000 [Listener at 127.0.0.1/39119] INFO  volume.StorageVolumeChecker (StorageVolumeChecker.java:checkAllVolumes(202)) - Scheduled health check for volume /home/runner/work/ozone/ozone/hadoop-ozone/integration-test/target/test-dir/MiniOzoneClusterImpl-05b781a4-7df0-48b9-8d73-8dabce68a637/datanode-4/data-0/containers/hdds
2021-08-25 23:20:06,016 [Listener at 127.0.0.1/39119] INFO  volume.MutableVolumeSet (MutableVolumeSet.java:initializeVolumeSet(181)) - Added Volume : /home/runner/work/ozone/ozone/hadoop-ozone/integration-test/target/test-dir/MiniOzoneClusterImpl-05b781a4-7df0-48b9-8d73-8dabce68a637/datanode-4/data/ratis to VolumeSet
2021-08-25 23:20:06,017 [Listener at 127.0.0.1/39119] INFO  volume.ThrottledAsyncChecker (ThrottledAsyncChecker.java:schedule(141)) - Scheduling a check for /home/runner/work/ozone/ozone/hadoop-ozone/integration-test/target/test-dir/MiniOzoneClusterImpl-05b781a4-7df0-48b9-8d73-8dabce68a637/datanode-4/data/ratis
2021-08-25 23:20:06,017 [Listener at 127.0.0.1/39119] INFO  volume.StorageVolumeChecker (StorageVolumeChecker.java:checkAllVolumes(202)) - Scheduled health check for volume /home/runner/work/ozone/ozone/hadoop-ozone/integration-test/target/test-dir/MiniOzoneClusterImpl-05b781a4-7df0-48b9-8d73-8dabce68a637/datanode-4/data/ratis
2021-08-25 23:20:06,030 [Listener at 127.0.0.1/39119] INFO  ozoneimpl.ContainerReader (ContainerReader.java:<init>(98)) - Running in upgrade mode:true
2021-08-25 23:20:06,031 [Thread-178] INFO  ozoneimpl.ContainerReader (ContainerReader.java:readVolume(142)) - Start to verify containers on volume /home/runner/work/ozone/ozone/hadoop-ozone/integration-test/target/test-dir/MiniOzoneClusterImpl-05b781a4-7df0-48b9-8d73-8dabce68a637/datanode-4/data-0/containers/hdds
2021-08-25 23:20:06,031 [Thread-178] INFO  ozoneimpl.ContainerReader (ContainerReader.java:readVolume(174)) - Finish verifying containers on volume /home/runner/work/ozone/ozone/hadoop-ozone/integration-test/target/test-dir/MiniOzoneClusterImpl-05b781a4-7df0-48b9-8d73-8dabce68a637/datanode-4/data-0/containers/hdds
2021-08-25 23:20:06,031 [Listener at 127.0.0.1/39119] INFO  ozoneimpl.OzoneContainer (OzoneContainer.java:buildContainerSet(237)) - Build ContainerSet costs 0s
2021-08-25 23:20:06,033 [Listener at 127.0.0.1/39119] INFO  server.RaftServer (ConfUtils.java:logGet(44)) - raft.rpc.type = GRPC (default)
2021-08-25 23:20:06,034 [Listener at 127.0.0.1/39119] INFO  grpc.GrpcFactory (GrpcFactory.java:checkPooledByteBufAllocatorUseCacheForAllThreads(48)) - PERFORMANCE WARNING: useCacheForAllThreads is true that may cause Netty to create a lot garbage objects and, as a result, trigger GC.
	It is recommended to disable useCacheForAllThreads by setting -Dorg.apache.ratis.thirdparty.io.netty.allocator.useCacheForAllThreads=false in command line.
2021-08-25 23:20:06,034 [Listener at 127.0.0.1/39119] INFO  grpc.GrpcConfigKeys (ConfUtils.java:logGet(44)) - raft.grpc.admin.port = 0 (custom)
2021-08-25 23:20:06,034 [Listener at 127.0.0.1/39119] INFO  grpc.GrpcConfigKeys (ConfUtils.java:logGet(44)) - raft.grpc.client.port = 0 (custom)
2021-08-25 23:20:06,034 [Listener at 127.0.0.1/39119] INFO  grpc.GrpcConfigKeys (ConfUtils.java:logGet(44)) - raft.grpc.server.port = 0 (default)
2021-08-25 23:20:06,034 [Listener at 127.0.0.1/39119] INFO  server.GrpcService (ConfUtils.java:logGet(44)) - raft.grpc.message.size.max = 32MB (=33554432) (custom)
2021-08-25 23:20:06,034 [Listener at 127.0.0.1/39119] INFO  server.RaftServerConfigKeys (ConfUtils.java:logGet(44)) - raft.server.log.appender.buffer.byte-limit = 33554432 (custom)
2021-08-25 23:20:06,034 [Listener at 127.0.0.1/39119] INFO  server.GrpcService (ConfUtils.java:logGet(44)) - raft.grpc.flow.control.window = 5MB (=5242880) (custom)
2021-08-25 23:20:06,034 [Listener at 127.0.0.1/39119] INFO  server.RaftServerConfigKeys (ConfUtils.java:logGet(44)) - raft.server.rpc.request.timeout = 3000ms (default)
2021-08-25 23:20:06,035 [Listener at 127.0.0.1/39119] INFO  impl.DataStreamServerImpl (ConfUtils.java:logGet(44)) - raft.datastream.type = DISABLED (default)
2021-08-25 23:20:06,035 [Listener at 127.0.0.1/39119] INFO  server.RaftServerConfigKeys (ConfUtils.java:logGet(44)) - raft.server.rpc.slowness.timeout = 300000ms (custom)
2021-08-25 23:20:06,036 [Listener at 127.0.0.1/39119] INFO  server.RaftServerConfigKeys (ConfUtils.java:logGet(44)) - raft.server.leaderelection.leader.step-down.wait-time = 10s (default)
2021-08-25 23:20:06,036 [Listener at 127.0.0.1/39119] INFO  server.RaftServerConfigKeys (ConfUtils.java:logGet(44)) - raft.server.storage.dir = [/home/runner/work/ozone/ozone/hadoop-ozone/integration-test/target/test-dir/MiniOzoneClusterImpl-05b781a4-7df0-48b9-8d73-8dabce68a637/datanode-4/data/ratis] (custom)
2021-08-25 23:20:06,045 [Listener at 127.0.0.1/39119] INFO  http.BaseHttpServer (BaseHttpServer.java:newHttpServer2BuilderForOzone(209)) - Starting Web-server for hddsDatanode at: http://0.0.0.0:0
2021-08-25 23:20:06,045 [Listener at 127.0.0.1/39119] INFO  http.BaseHttpServer (BaseHttpServer.java:<init>(107)) - Hadoop Security Enabled: false Ozone Security Enabled: false Ozone HTTP Security Enabled: false 
2021-08-25 23:20:06,046 [Listener at 127.0.0.1/39119] INFO  server.AuthenticationFilter (AuthenticationFilter.java:constructSecretProvider(240)) - Unable to initialize FileSignerSecretProvider, falling back to use random secrets.
2021-08-25 23:20:06,047 [Listener at 127.0.0.1/39119] WARN  http.HttpRequestLog (HttpRequestLog.java:getRequestLog(103)) - Jetty request log can only be enabled using Log4j
2021-08-25 23:20:06,048 [Listener at 127.0.0.1/39119] INFO  http.HttpServer2 (HttpServer2.java:addGlobalFilter(1030)) - Added global filter 'safety' (class=org.apache.hadoop.hdds.server.http.HttpServer2$QuotingInputFilter)
2021-08-25 23:20:06,048 [Listener at 127.0.0.1/39119] INFO  http.HttpServer2 (HttpServer2.java:addFilter(1006)) - Added filter static_user_filter (class=org.apache.hadoop.http.lib.StaticUserWebFilter$StaticUserFilter) to context hddsDatanode
2021-08-25 23:20:06,048 [Listener at 127.0.0.1/39119] INFO  http.HttpServer2 (HttpServer2.java:addFilter(1014)) - Added filter static_user_filter (class=org.apache.hadoop.http.lib.StaticUserWebFilter$StaticUserFilter) to context logs
2021-08-25 23:20:06,048 [Listener at 127.0.0.1/39119] INFO  http.HttpServer2 (HttpServer2.java:addFilter(1014)) - Added filter static_user_filter (class=org.apache.hadoop.http.lib.StaticUserWebFilter$StaticUserFilter) to context static
2021-08-25 23:20:06,049 [Listener at 127.0.0.1/39119] INFO  http.HttpServer2 (HttpServer2.java:bindListener(1249)) - Jetty bound to port 41277
2021-08-25 23:20:06,049 [Listener at 127.0.0.1/39119] INFO  server.Server (Server.java:doStart(375)) - jetty-9.4.43.v20210629; built: 2021-06-30T11:07:22.254Z; git: 526006ecfa3af7f1a27ef3a288e2bef7ea9dd7e8; jvm 1.8.0_292-b10
2021-08-25 23:20:06,052 [Listener at 127.0.0.1/39119] INFO  server.session (DefaultSessionIdManager.java:doStart(334)) - DefaultSessionIdManager workerName=node0
2021-08-25 23:20:06,052 [Listener at 127.0.0.1/39119] INFO  server.session (DefaultSessionIdManager.java:doStart(339)) - No SessionScavenger set, using defaults
2021-08-25 23:20:06,053 [Listener at 127.0.0.1/39119] INFO  server.session (HouseKeeper.java:startScavenging(132)) - node0 Scavenging every 600000ms
2021-08-25 23:20:06,054 [Listener at 127.0.0.1/39119] INFO  handler.ContextHandler (ContextHandler.java:doStart(915)) - Started o.e.j.s.ServletContextHandler@2d8c51c9{logs,/logs,file:///home/runner/work/ozone/ozone/hadoop-ozone/integration-test/target/log,AVAILABLE}
2021-08-25 23:20:06,054 [Listener at 127.0.0.1/39119] INFO  handler.ContextHandler (ContextHandler.java:doStart(915)) - Started o.e.j.s.ServletContextHandler@70ab102c{static,/static,jar:file:/home/runner/.m2/repository/org/apache/ozone/hdds-container-service/1.2.0-SNAPSHOT/hdds-container-service-1.2.0-SNAPSHOT.jar!/webapps/static,AVAILABLE}
2021-08-25 23:20:06,097 [Listener at 127.0.0.1/39119] INFO  handler.ContextHandler (ContextHandler.java:doStart(915)) - Started o.e.j.w.WebAppContext@20f7197f{hddsDatanode,/,file:///tmp/jetty-0_0_0_0-41277-hdds-container-service-1_2_0-SNAPSHOT_jar-_-any-7410892103107576111/webapp/,AVAILABLE}{jar:file:/home/runner/.m2/repository/org/apache/ozone/hdds-container-service/1.2.0-SNAPSHOT/hdds-container-service-1.2.0-SNAPSHOT.jar!/webapps/hddsDatanode}
2021-08-25 23:20:06,098 [Listener at 127.0.0.1/39119] INFO  server.AbstractConnector (AbstractConnector.java:doStart(331)) - Started ServerConnector@3a103112{HTTP/1.1, (http/1.1)}{0.0.0.0:41277}
2021-08-25 23:20:06,098 [Listener at 127.0.0.1/39119] INFO  server.Server (Server.java:doStart(415)) - Started @7030ms
2021-08-25 23:20:06,098 [Listener at 127.0.0.1/39119] WARN  impl.MetricsSystemImpl (MetricsSystemImpl.java:register(279)) - Sink prometheus already exists!
2021-08-25 23:20:06,099 [Listener at 127.0.0.1/39119] INFO  http.BaseHttpServer (BaseHttpServer.java:updateConnectorAddress(329)) - HTTP server of hddsDatanode listening at http://0.0.0.0:41277
2021-08-25 23:20:06,099 [Listener at 127.0.0.1/39119] WARN  impl.MetricRegistriesImpl (MetricRegistriesImpl.java:addReporterRegistration(111)) - New reporters are added after registries were created. Some metrics will be missing from the reporter. Please add reporter before adding any new registry.
2021-08-25 23:20:06,099 [Listener at 127.0.0.1/39119] WARN  impl.MetricRegistriesImpl (MetricRegistriesImpl.java:addReporterRegistration(111)) - New reporters are added after registries were created. Some metrics will be missing from the reporter. Please add reporter before adding any new registry.
2021-08-25 23:20:06,099 [Listener at 127.0.0.1/39119] INFO  impl.MetricsSystemImpl (MetricsSystemImpl.java:init(158)) - HddsDatanode metrics system started (again)
2021-08-25 23:20:06,122 [Listener at 127.0.0.1/39119] INFO  ozone.HddsDatanodeService (HddsDatanodeService.java:start(234)) - HddsDatanodeService host:fv-az12-462.exdb2aeach2ezidoxz41lk3bwg.cx.internal.cloudapp.net ip:10.1.0.32
2021-08-25 23:20:06,128 [org.apache.hadoop.util.JvmPauseMonitor$Monitor@64d843d1] INFO  util.JvmPauseMonitor (JvmPauseMonitor.java:run(188)) - Starting JVM pause monitor
2021-08-25 23:20:06,132 [Datanode State Machine Task Thread - 0] INFO  datanode.InitDatanodeState (InitDatanodeState.java:persistContainerDatanodeDetails(145)) - DatanodeDetails is persisted to /home/runner/work/ozone/ozone/hadoop-ozone/integration-test/target/test-dir/MiniOzoneClusterImpl-05b781a4-7df0-48b9-8d73-8dabce68a637/datanode-4/meta/datanode.id
2021-08-25 23:20:06,145 [Listener at 127.0.0.1/39119] INFO  upgrade.AbstractLayoutVersionManager (AbstractLayoutVersionManager.java:init(70)) - Initializing Layout version manager with metadata layout = SCM_HA (version = 2), software layout = SCM_HA (version = 2)
2021-08-25 23:20:06,181 [Listener at 127.0.0.1/39119] INFO  reflections.Reflections (Reflections.java:scan(232)) - Reflections took 35 ms to scan 7 urls, producing 120 keys and 275 values 
2021-08-25 23:20:06,186 [Listener at 127.0.0.1/39119] INFO  volume.HddsVolume (HddsVolume.java:<init>(120)) - Creating HddsVolume: /home/runner/work/ozone/ozone/hadoop-ozone/integration-test/target/test-dir/MiniOzoneClusterImpl-05b781a4-7df0-48b9-8d73-8dabce68a637/datanode-5/data-0/containers/hdds of storage type : DISK capacity : 9223372036854775807
2021-08-25 23:20:06,187 [Listener at 127.0.0.1/39119] INFO  volume.MutableVolumeSet (MutableVolumeSet.java:initializeVolumeSet(181)) - Added Volume : /home/runner/work/ozone/ozone/hadoop-ozone/integration-test/target/test-dir/MiniOzoneClusterImpl-05b781a4-7df0-48b9-8d73-8dabce68a637/datanode-5/data-0/containers/hdds to VolumeSet
2021-08-25 23:20:06,187 [Listener at 127.0.0.1/39119] INFO  volume.ThrottledAsyncChecker (ThrottledAsyncChecker.java:schedule(141)) - Scheduling a check for /home/runner/work/ozone/ozone/hadoop-ozone/integration-test/target/test-dir/MiniOzoneClusterImpl-05b781a4-7df0-48b9-8d73-8dabce68a637/datanode-5/data-0/containers/hdds
2021-08-25 23:20:06,190 [Listener at 127.0.0.1/39119] INFO  volume.StorageVolumeChecker (StorageVolumeChecker.java:checkAllVolumes(202)) - Scheduled health check for volume /home/runner/work/ozone/ozone/hadoop-ozone/integration-test/target/test-dir/MiniOzoneClusterImpl-05b781a4-7df0-48b9-8d73-8dabce68a637/datanode-5/data-0/containers/hdds
2021-08-25 23:20:06,203 [Listener at 127.0.0.1/39119] INFO  volume.MutableVolumeSet (MutableVolumeSet.java:initializeVolumeSet(181)) - Added Volume : /home/runner/work/ozone/ozone/hadoop-ozone/integration-test/target/test-dir/MiniOzoneClusterImpl-05b781a4-7df0-48b9-8d73-8dabce68a637/datanode-5/data/ratis to VolumeSet
2021-08-25 23:20:06,203 [Listener at 127.0.0.1/39119] INFO  volume.ThrottledAsyncChecker (ThrottledAsyncChecker.java:schedule(141)) - Scheduling a check for /home/runner/work/ozone/ozone/hadoop-ozone/integration-test/target/test-dir/MiniOzoneClusterImpl-05b781a4-7df0-48b9-8d73-8dabce68a637/datanode-5/data/ratis
2021-08-25 23:20:06,203 [Listener at 127.0.0.1/39119] INFO  volume.StorageVolumeChecker (StorageVolumeChecker.java:checkAllVolumes(202)) - Scheduled health check for volume /home/runner/work/ozone/ozone/hadoop-ozone/integration-test/target/test-dir/MiniOzoneClusterImpl-05b781a4-7df0-48b9-8d73-8dabce68a637/datanode-5/data/ratis
2021-08-25 23:20:06,216 [Listener at 127.0.0.1/39119] INFO  ozoneimpl.ContainerReader (ContainerReader.java:<init>(98)) - Running in upgrade mode:true
2021-08-25 23:20:06,216 [Thread-190] INFO  ozoneimpl.ContainerReader (ContainerReader.java:readVolume(142)) - Start to verify containers on volume /home/runner/work/ozone/ozone/hadoop-ozone/integration-test/target/test-dir/MiniOzoneClusterImpl-05b781a4-7df0-48b9-8d73-8dabce68a637/datanode-5/data-0/containers/hdds
2021-08-25 23:20:06,217 [Thread-190] INFO  ozoneimpl.ContainerReader (ContainerReader.java:readVolume(174)) - Finish verifying containers on volume /home/runner/work/ozone/ozone/hadoop-ozone/integration-test/target/test-dir/MiniOzoneClusterImpl-05b781a4-7df0-48b9-8d73-8dabce68a637/datanode-5/data-0/containers/hdds
2021-08-25 23:20:06,217 [Listener at 127.0.0.1/39119] INFO  ozoneimpl.OzoneContainer (OzoneContainer.java:buildContainerSet(237)) - Build ContainerSet costs 0s
2021-08-25 23:20:06,220 [Listener at 127.0.0.1/39119] INFO  server.RaftServer (ConfUtils.java:logGet(44)) - raft.rpc.type = GRPC (default)
2021-08-25 23:20:06,221 [Listener at 127.0.0.1/39119] INFO  grpc.GrpcFactory (GrpcFactory.java:checkPooledByteBufAllocatorUseCacheForAllThreads(48)) - PERFORMANCE WARNING: useCacheForAllThreads is true that may cause Netty to create a lot garbage objects and, as a result, trigger GC.
	It is recommended to disable useCacheForAllThreads by setting -Dorg.apache.ratis.thirdparty.io.netty.allocator.useCacheForAllThreads=false in command line.
2021-08-25 23:20:06,221 [Listener at 127.0.0.1/39119] INFO  grpc.GrpcConfigKeys (ConfUtils.java:logGet(44)) - raft.grpc.admin.port = 0 (custom)
2021-08-25 23:20:06,221 [Listener at 127.0.0.1/39119] INFO  grpc.GrpcConfigKeys (ConfUtils.java:logGet(44)) - raft.grpc.client.port = 0 (custom)
2021-08-25 23:20:06,221 [Listener at 127.0.0.1/39119] INFO  grpc.GrpcConfigKeys (ConfUtils.java:logGet(44)) - raft.grpc.server.port = 0 (default)
2021-08-25 23:20:06,221 [Listener at 127.0.0.1/39119] INFO  server.GrpcService (ConfUtils.java:logGet(44)) - raft.grpc.message.size.max = 32MB (=33554432) (custom)
2021-08-25 23:20:06,221 [Listener at 127.0.0.1/39119] INFO  server.RaftServerConfigKeys (ConfUtils.java:logGet(44)) - raft.server.log.appender.buffer.byte-limit = 33554432 (custom)
2021-08-25 23:20:06,222 [Listener at 127.0.0.1/39119] INFO  server.GrpcService (ConfUtils.java:logGet(44)) - raft.grpc.flow.control.window = 5MB (=5242880) (custom)
2021-08-25 23:20:06,222 [Listener at 127.0.0.1/39119] INFO  server.RaftServerConfigKeys (ConfUtils.java:logGet(44)) - raft.server.rpc.request.timeout = 3000ms (default)
2021-08-25 23:20:06,223 [Listener at 127.0.0.1/39119] INFO  impl.DataStreamServerImpl (ConfUtils.java:logGet(44)) - raft.datastream.type = DISABLED (default)
2021-08-25 23:20:06,223 [Listener at 127.0.0.1/39119] INFO  server.RaftServerConfigKeys (ConfUtils.java:logGet(44)) - raft.server.rpc.slowness.timeout = 300000ms (custom)
2021-08-25 23:20:06,223 [Listener at 127.0.0.1/39119] INFO  server.RaftServerConfigKeys (ConfUtils.java:logGet(44)) - raft.server.leaderelection.leader.step-down.wait-time = 10s (default)
2021-08-25 23:20:06,223 [Listener at 127.0.0.1/39119] INFO  server.RaftServerConfigKeys (ConfUtils.java:logGet(44)) - raft.server.storage.dir = [/home/runner/work/ozone/ozone/hadoop-ozone/integration-test/target/test-dir/MiniOzoneClusterImpl-05b781a4-7df0-48b9-8d73-8dabce68a637/datanode-5/data/ratis] (custom)
2021-08-25 23:20:06,229 [Listener at 127.0.0.1/39119] INFO  http.BaseHttpServer (BaseHttpServer.java:newHttpServer2BuilderForOzone(209)) - Starting Web-server for hddsDatanode at: http://0.0.0.0:0
2021-08-25 23:20:06,229 [Listener at 127.0.0.1/39119] INFO  http.BaseHttpServer (BaseHttpServer.java:<init>(107)) - Hadoop Security Enabled: false Ozone Security Enabled: false Ozone HTTP Security Enabled: false 
2021-08-25 23:20:06,230 [Listener at 127.0.0.1/39119] INFO  server.AuthenticationFilter (AuthenticationFilter.java:constructSecretProvider(240)) - Unable to initialize FileSignerSecretProvider, falling back to use random secrets.
2021-08-25 23:20:06,230 [Listener at 127.0.0.1/39119] WARN  http.HttpRequestLog (HttpRequestLog.java:getRequestLog(103)) - Jetty request log can only be enabled using Log4j
2021-08-25 23:20:06,231 [Listener at 127.0.0.1/39119] INFO  http.HttpServer2 (HttpServer2.java:addGlobalFilter(1030)) - Added global filter 'safety' (class=org.apache.hadoop.hdds.server.http.HttpServer2$QuotingInputFilter)
2021-08-25 23:20:06,232 [Listener at 127.0.0.1/39119] INFO  http.HttpServer2 (HttpServer2.java:addFilter(1006)) - Added filter static_user_filter (class=org.apache.hadoop.http.lib.StaticUserWebFilter$StaticUserFilter) to context hddsDatanode
2021-08-25 23:20:06,232 [Listener at 127.0.0.1/39119] INFO  http.HttpServer2 (HttpServer2.java:addFilter(1014)) - Added filter static_user_filter (class=org.apache.hadoop.http.lib.StaticUserWebFilter$StaticUserFilter) to context static
2021-08-25 23:20:06,232 [Listener at 127.0.0.1/39119] INFO  http.HttpServer2 (HttpServer2.java:addFilter(1014)) - Added filter static_user_filter (class=org.apache.hadoop.http.lib.StaticUserWebFilter$StaticUserFilter) to context logs
2021-08-25 23:20:06,233 [Listener at 127.0.0.1/39119] INFO  http.HttpServer2 (HttpServer2.java:bindListener(1249)) - Jetty bound to port 44571
2021-08-25 23:20:06,233 [Listener at 127.0.0.1/39119] INFO  server.Server (Server.java:doStart(375)) - jetty-9.4.43.v20210629; built: 2021-06-30T11:07:22.254Z; git: 526006ecfa3af7f1a27ef3a288e2bef7ea9dd7e8; jvm 1.8.0_292-b10
2021-08-25 23:20:06,235 [Listener at 127.0.0.1/39119] INFO  server.session (DefaultSessionIdManager.java:doStart(334)) - DefaultSessionIdManager workerName=node0
2021-08-25 23:20:06,236 [Listener at 127.0.0.1/39119] INFO  server.session (DefaultSessionIdManager.java:doStart(339)) - No SessionScavenger set, using defaults
2021-08-25 23:20:06,236 [Listener at 127.0.0.1/39119] INFO  server.session (HouseKeeper.java:startScavenging(132)) - node0 Scavenging every 660000ms
2021-08-25 23:20:06,237 [Listener at 127.0.0.1/39119] INFO  handler.ContextHandler (ContextHandler.java:doStart(915)) - Started o.e.j.s.ServletContextHandler@4ef6a2fd{logs,/logs,file:///home/runner/work/ozone/ozone/hadoop-ozone/integration-test/target/log,AVAILABLE}
2021-08-25 23:20:06,237 [Listener at 127.0.0.1/39119] INFO  handler.ContextHandler (ContextHandler.java:doStart(915)) - Started o.e.j.s.ServletContextHandler@4611fe60{static,/static,jar:file:/home/runner/.m2/repository/org/apache/ozone/hdds-container-service/1.2.0-SNAPSHOT/hdds-container-service-1.2.0-SNAPSHOT.jar!/webapps/static,AVAILABLE}
2021-08-25 23:20:06,279 [Listener at 127.0.0.1/39119] INFO  handler.ContextHandler (ContextHandler.java:doStart(915)) - Started o.e.j.w.WebAppContext@4c24e56e{hddsDatanode,/,file:///tmp/jetty-0_0_0_0-44571-hdds-container-service-1_2_0-SNAPSHOT_jar-_-any-1682615810080965904/webapp/,AVAILABLE}{jar:file:/home/runner/.m2/repository/org/apache/ozone/hdds-container-service/1.2.0-SNAPSHOT/hdds-container-service-1.2.0-SNAPSHOT.jar!/webapps/hddsDatanode}
2021-08-25 23:20:06,281 [Listener at 127.0.0.1/39119] INFO  server.AbstractConnector (AbstractConnector.java:doStart(331)) - Started ServerConnector@4110e312{HTTP/1.1, (http/1.1)}{0.0.0.0:44571}
2021-08-25 23:20:06,281 [Listener at 127.0.0.1/39119] INFO  server.Server (Server.java:doStart(415)) - Started @7212ms
2021-08-25 23:20:06,281 [Listener at 127.0.0.1/39119] WARN  impl.MetricsSystemImpl (MetricsSystemImpl.java:register(279)) - Sink prometheus already exists!
2021-08-25 23:20:06,282 [Listener at 127.0.0.1/39119] INFO  http.BaseHttpServer (BaseHttpServer.java:updateConnectorAddress(329)) - HTTP server of hddsDatanode listening at http://0.0.0.0:44571
2021-08-25 23:20:06,283 [Listener at 127.0.0.1/39119] WARN  impl.MetricRegistriesImpl (MetricRegistriesImpl.java:addReporterRegistration(111)) - New reporters are added after registries were created. Some metrics will be missing from the reporter. Please add reporter before adding any new registry.
2021-08-25 23:20:06,283 [Listener at 127.0.0.1/39119] WARN  impl.MetricRegistriesImpl (MetricRegistriesImpl.java:addReporterRegistration(111)) - New reporters are added after registries were created. Some metrics will be missing from the reporter. Please add reporter before adding any new registry.
2021-08-25 23:20:06,283 [Listener at 127.0.0.1/39119] INFO  impl.MetricsSystemImpl (MetricsSystemImpl.java:init(158)) - HddsDatanode metrics system started (again)
2021-08-25 23:20:06,300 [Listener at 127.0.0.1/39119] INFO  ozone.HddsDatanodeService (HddsDatanodeService.java:start(234)) - HddsDatanodeService host:fv-az12-462.exdb2aeach2ezidoxz41lk3bwg.cx.internal.cloudapp.net ip:10.1.0.32
2021-08-25 23:20:06,317 [org.apache.hadoop.util.JvmPauseMonitor$Monitor@11b5199c] INFO  util.JvmPauseMonitor (JvmPauseMonitor.java:run(188)) - Starting JVM pause monitor
2021-08-25 23:20:06,323 [Datanode State Machine Task Thread - 0] INFO  datanode.InitDatanodeState (InitDatanodeState.java:persistContainerDatanodeDetails(145)) - DatanodeDetails is persisted to /home/runner/work/ozone/ozone/hadoop-ozone/integration-test/target/test-dir/MiniOzoneClusterImpl-05b781a4-7df0-48b9-8d73-8dabce68a637/datanode-5/meta/datanode.id
2021-08-25 23:20:06,343 [Listener at 127.0.0.1/39119] INFO  upgrade.AbstractLayoutVersionManager (AbstractLayoutVersionManager.java:init(70)) - Initializing Layout version manager with metadata layout = SCM_HA (version = 2), software layout = SCM_HA (version = 2)
2021-08-25 23:20:06,377 [Listener at 127.0.0.1/39119] INFO  reflections.Reflections (Reflections.java:scan(232)) - Reflections took 32 ms to scan 7 urls, producing 120 keys and 275 values 
2021-08-25 23:20:06,382 [Listener at 127.0.0.1/39119] INFO  volume.HddsVolume (HddsVolume.java:<init>(120)) - Creating HddsVolume: /home/runner/work/ozone/ozone/hadoop-ozone/integration-test/target/test-dir/MiniOzoneClusterImpl-05b781a4-7df0-48b9-8d73-8dabce68a637/datanode-6/data-0/containers/hdds of storage type : DISK capacity : 9223372036854775807
2021-08-25 23:20:06,382 [Listener at 127.0.0.1/39119] INFO  volume.MutableVolumeSet (MutableVolumeSet.java:initializeVolumeSet(181)) - Added Volume : /home/runner/work/ozone/ozone/hadoop-ozone/integration-test/target/test-dir/MiniOzoneClusterImpl-05b781a4-7df0-48b9-8d73-8dabce68a637/datanode-6/data-0/containers/hdds to VolumeSet
2021-08-25 23:20:06,383 [Listener at 127.0.0.1/39119] INFO  volume.ThrottledAsyncChecker (ThrottledAsyncChecker.java:schedule(141)) - Scheduling a check for /home/runner/work/ozone/ozone/hadoop-ozone/integration-test/target/test-dir/MiniOzoneClusterImpl-05b781a4-7df0-48b9-8d73-8dabce68a637/datanode-6/data-0/containers/hdds
2021-08-25 23:20:06,386 [Listener at 127.0.0.1/39119] INFO  volume.StorageVolumeChecker (StorageVolumeChecker.java:checkAllVolumes(202)) - Scheduled health check for volume /home/runner/work/ozone/ozone/hadoop-ozone/integration-test/target/test-dir/MiniOzoneClusterImpl-05b781a4-7df0-48b9-8d73-8dabce68a637/datanode-6/data-0/containers/hdds
2021-08-25 23:20:06,399 [Listener at 127.0.0.1/39119] INFO  volume.MutableVolumeSet (MutableVolumeSet.java:initializeVolumeSet(181)) - Added Volume : /home/runner/work/ozone/ozone/hadoop-ozone/integration-test/target/test-dir/MiniOzoneClusterImpl-05b781a4-7df0-48b9-8d73-8dabce68a637/datanode-6/data/ratis to VolumeSet
2021-08-25 23:20:06,399 [Listener at 127.0.0.1/39119] INFO  volume.ThrottledAsyncChecker (ThrottledAsyncChecker.java:schedule(141)) - Scheduling a check for /home/runner/work/ozone/ozone/hadoop-ozone/integration-test/target/test-dir/MiniOzoneClusterImpl-05b781a4-7df0-48b9-8d73-8dabce68a637/datanode-6/data/ratis
2021-08-25 23:20:06,400 [Listener at 127.0.0.1/39119] INFO  volume.StorageVolumeChecker (StorageVolumeChecker.java:checkAllVolumes(202)) - Scheduled health check for volume /home/runner/work/ozone/ozone/hadoop-ozone/integration-test/target/test-dir/MiniOzoneClusterImpl-05b781a4-7df0-48b9-8d73-8dabce68a637/datanode-6/data/ratis
2021-08-25 23:20:06,412 [Listener at 127.0.0.1/39119] INFO  ozoneimpl.ContainerReader (ContainerReader.java:<init>(98)) - Running in upgrade mode:true
2021-08-25 23:20:06,413 [Thread-202] INFO  ozoneimpl.ContainerReader (ContainerReader.java:readVolume(142)) - Start to verify containers on volume /home/runner/work/ozone/ozone/hadoop-ozone/integration-test/target/test-dir/MiniOzoneClusterImpl-05b781a4-7df0-48b9-8d73-8dabce68a637/datanode-6/data-0/containers/hdds
2021-08-25 23:20:06,413 [Thread-202] INFO  ozoneimpl.ContainerReader (ContainerReader.java:readVolume(174)) - Finish verifying containers on volume /home/runner/work/ozone/ozone/hadoop-ozone/integration-test/target/test-dir/MiniOzoneClusterImpl-05b781a4-7df0-48b9-8d73-8dabce68a637/datanode-6/data-0/containers/hdds
2021-08-25 23:20:06,413 [Listener at 127.0.0.1/39119] INFO  ozoneimpl.OzoneContainer (OzoneContainer.java:buildContainerSet(237)) - Build ContainerSet costs 0s
2021-08-25 23:20:06,415 [Listener at 127.0.0.1/39119] INFO  server.RaftServer (ConfUtils.java:logGet(44)) - raft.rpc.type = GRPC (default)
2021-08-25 23:20:06,415 [Listener at 127.0.0.1/39119] INFO  grpc.GrpcFactory (GrpcFactory.java:checkPooledByteBufAllocatorUseCacheForAllThreads(48)) - PERFORMANCE WARNING: useCacheForAllThreads is true that may cause Netty to create a lot garbage objects and, as a result, trigger GC.
	It is recommended to disable useCacheForAllThreads by setting -Dorg.apache.ratis.thirdparty.io.netty.allocator.useCacheForAllThreads=false in command line.
2021-08-25 23:20:06,416 [Listener at 127.0.0.1/39119] INFO  grpc.GrpcConfigKeys (ConfUtils.java:logGet(44)) - raft.grpc.admin.port = 0 (custom)
2021-08-25 23:20:06,416 [Listener at 127.0.0.1/39119] INFO  grpc.GrpcConfigKeys (ConfUtils.java:logGet(44)) - raft.grpc.client.port = 0 (custom)
2021-08-25 23:20:06,416 [Listener at 127.0.0.1/39119] INFO  grpc.GrpcConfigKeys (ConfUtils.java:logGet(44)) - raft.grpc.server.port = 0 (default)
2021-08-25 23:20:06,416 [Listener at 127.0.0.1/39119] INFO  server.GrpcService (ConfUtils.java:logGet(44)) - raft.grpc.message.size.max = 32MB (=33554432) (custom)
2021-08-25 23:20:06,416 [Listener at 127.0.0.1/39119] INFO  server.RaftServerConfigKeys (ConfUtils.java:logGet(44)) - raft.server.log.appender.buffer.byte-limit = 33554432 (custom)
2021-08-25 23:20:06,416 [Listener at 127.0.0.1/39119] INFO  server.GrpcService (ConfUtils.java:logGet(44)) - raft.grpc.flow.control.window = 5MB (=5242880) (custom)
2021-08-25 23:20:06,416 [Listener at 127.0.0.1/39119] INFO  server.RaftServerConfigKeys (ConfUtils.java:logGet(44)) - raft.server.rpc.request.timeout = 3000ms (default)
2021-08-25 23:20:06,417 [Listener at 127.0.0.1/39119] INFO  impl.DataStreamServerImpl (ConfUtils.java:logGet(44)) - raft.datastream.type = DISABLED (default)
2021-08-25 23:20:06,417 [Listener at 127.0.0.1/39119] INFO  server.RaftServerConfigKeys (ConfUtils.java:logGet(44)) - raft.server.rpc.slowness.timeout = 300000ms (custom)
2021-08-25 23:20:06,417 [Listener at 127.0.0.1/39119] INFO  server.RaftServerConfigKeys (ConfUtils.java:logGet(44)) - raft.server.leaderelection.leader.step-down.wait-time = 10s (default)
2021-08-25 23:20:06,420 [Listener at 127.0.0.1/39119] INFO  server.RaftServerConfigKeys (ConfUtils.java:logGet(44)) - raft.server.storage.dir = [/home/runner/work/ozone/ozone/hadoop-ozone/integration-test/target/test-dir/MiniOzoneClusterImpl-05b781a4-7df0-48b9-8d73-8dabce68a637/datanode-6/data/ratis] (custom)
2021-08-25 23:20:06,424 [Listener at 127.0.0.1/39119] INFO  http.BaseHttpServer (BaseHttpServer.java:newHttpServer2BuilderForOzone(209)) - Starting Web-server for hddsDatanode at: http://0.0.0.0:0
2021-08-25 23:20:06,424 [Listener at 127.0.0.1/39119] INFO  http.BaseHttpServer (BaseHttpServer.java:<init>(107)) - Hadoop Security Enabled: false Ozone Security Enabled: false Ozone HTTP Security Enabled: false 
2021-08-25 23:20:06,425 [Listener at 127.0.0.1/39119] INFO  server.AuthenticationFilter (AuthenticationFilter.java:constructSecretProvider(240)) - Unable to initialize FileSignerSecretProvider, falling back to use random secrets.
2021-08-25 23:20:06,426 [Listener at 127.0.0.1/39119] WARN  http.HttpRequestLog (HttpRequestLog.java:getRequestLog(103)) - Jetty request log can only be enabled using Log4j
2021-08-25 23:20:06,426 [Listener at 127.0.0.1/39119] INFO  http.HttpServer2 (HttpServer2.java:addGlobalFilter(1030)) - Added global filter 'safety' (class=org.apache.hadoop.hdds.server.http.HttpServer2$QuotingInputFilter)
2021-08-25 23:20:06,428 [Listener at 127.0.0.1/39119] INFO  http.HttpServer2 (HttpServer2.java:addFilter(1006)) - Added filter static_user_filter (class=org.apache.hadoop.http.lib.StaticUserWebFilter$StaticUserFilter) to context hddsDatanode
2021-08-25 23:20:06,428 [Listener at 127.0.0.1/39119] INFO  http.HttpServer2 (HttpServer2.java:addFilter(1014)) - Added filter static_user_filter (class=org.apache.hadoop.http.lib.StaticUserWebFilter$StaticUserFilter) to context static
2021-08-25 23:20:06,428 [Listener at 127.0.0.1/39119] INFO  http.HttpServer2 (HttpServer2.java:addFilter(1014)) - Added filter static_user_filter (class=org.apache.hadoop.http.lib.StaticUserWebFilter$StaticUserFilter) to context logs
2021-08-25 23:20:06,428 [Listener at 127.0.0.1/39119] INFO  http.HttpServer2 (HttpServer2.java:bindListener(1249)) - Jetty bound to port 40895
2021-08-25 23:20:06,429 [Listener at 127.0.0.1/39119] INFO  server.Server (Server.java:doStart(375)) - jetty-9.4.43.v20210629; built: 2021-06-30T11:07:22.254Z; git: 526006ecfa3af7f1a27ef3a288e2bef7ea9dd7e8; jvm 1.8.0_292-b10
2021-08-25 23:20:06,430 [Listener at 127.0.0.1/39119] INFO  server.session (DefaultSessionIdManager.java:doStart(334)) - DefaultSessionIdManager workerName=node0
2021-08-25 23:20:06,431 [Listener at 127.0.0.1/39119] INFO  server.session (DefaultSessionIdManager.java:doStart(339)) - No SessionScavenger set, using defaults
2021-08-25 23:20:06,431 [Listener at 127.0.0.1/39119] INFO  server.session (HouseKeeper.java:startScavenging(132)) - node0 Scavenging every 600000ms
2021-08-25 23:20:06,431 [Listener at 127.0.0.1/39119] INFO  handler.ContextHandler (ContextHandler.java:doStart(915)) - Started o.e.j.s.ServletContextHandler@7ebc3412{logs,/logs,file:///home/runner/work/ozone/ozone/hadoop-ozone/integration-test/target/log,AVAILABLE}
2021-08-25 23:20:06,432 [Listener at 127.0.0.1/39119] INFO  handler.ContextHandler (ContextHandler.java:doStart(915)) - Started o.e.j.s.ServletContextHandler@4dd8a37e{static,/static,jar:file:/home/runner/.m2/repository/org/apache/ozone/hdds-container-service/1.2.0-SNAPSHOT/hdds-container-service-1.2.0-SNAPSHOT.jar!/webapps/static,AVAILABLE}
2021-08-25 23:20:06,475 [Listener at 127.0.0.1/39119] INFO  handler.ContextHandler (ContextHandler.java:doStart(915)) - Started o.e.j.w.WebAppContext@1812ba7f{hddsDatanode,/,file:///tmp/jetty-0_0_0_0-40895-hdds-container-service-1_2_0-SNAPSHOT_jar-_-any-3111457832172651057/webapp/,AVAILABLE}{jar:file:/home/runner/.m2/repository/org/apache/ozone/hdds-container-service/1.2.0-SNAPSHOT/hdds-container-service-1.2.0-SNAPSHOT.jar!/webapps/hddsDatanode}
2021-08-25 23:20:06,476 [Listener at 127.0.0.1/39119] INFO  server.AbstractConnector (AbstractConnector.java:doStart(331)) - Started ServerConnector@7d9277f7{HTTP/1.1, (http/1.1)}{0.0.0.0:40895}
2021-08-25 23:20:06,477 [Listener at 127.0.0.1/39119] INFO  server.Server (Server.java:doStart(415)) - Started @7408ms
2021-08-25 23:20:06,477 [Listener at 127.0.0.1/39119] WARN  impl.MetricsSystemImpl (MetricsSystemImpl.java:register(279)) - Sink prometheus already exists!
2021-08-25 23:20:06,477 [Listener at 127.0.0.1/39119] INFO  http.BaseHttpServer (BaseHttpServer.java:updateConnectorAddress(329)) - HTTP server of hddsDatanode listening at http://0.0.0.0:40895
2021-08-25 23:20:06,478 [Listener at 127.0.0.1/39119] WARN  impl.MetricRegistriesImpl (MetricRegistriesImpl.java:addReporterRegistration(111)) - New reporters are added after registries were created. Some metrics will be missing from the reporter. Please add reporter before adding any new registry.
2021-08-25 23:20:06,478 [Listener at 127.0.0.1/39119] WARN  impl.MetricRegistriesImpl (MetricRegistriesImpl.java:addReporterRegistration(111)) - New reporters are added after registries were created. Some metrics will be missing from the reporter. Please add reporter before adding any new registry.
2021-08-25 23:20:06,478 [Listener at 127.0.0.1/39119] INFO  impl.MetricsSystemImpl (MetricsSystemImpl.java:init(158)) - HddsDatanode metrics system started (again)
2021-08-25 23:20:06,499 [Listener at 127.0.0.1/39119] INFO  ozone.HddsDatanodeService (HddsDatanodeService.java:start(234)) - HddsDatanodeService host:fv-az12-462.exdb2aeach2ezidoxz41lk3bwg.cx.internal.cloudapp.net ip:10.1.0.32
2021-08-25 23:20:06,510 [org.apache.hadoop.util.JvmPauseMonitor$Monitor@15bc08f2] INFO  util.JvmPauseMonitor (JvmPauseMonitor.java:run(188)) - Starting JVM pause monitor
2021-08-25 23:20:06,519 [Datanode State Machine Task Thread - 0] INFO  datanode.InitDatanodeState (InitDatanodeState.java:persistContainerDatanodeDetails(145)) - DatanodeDetails is persisted to /home/runner/work/ozone/ozone/hadoop-ozone/integration-test/target/test-dir/MiniOzoneClusterImpl-05b781a4-7df0-48b9-8d73-8dabce68a637/datanode-6/meta/datanode.id
2021-08-25 23:20:06,519 [Listener at 127.0.0.1/39119] INFO  upgrade.AbstractLayoutVersionManager (AbstractLayoutVersionManager.java:init(70)) - Initializing Layout version manager with metadata layout = SCM_HA (version = 2), software layout = SCM_HA (version = 2)
2021-08-25 23:20:06,553 [Listener at 127.0.0.1/39119] INFO  reflections.Reflections (Reflections.java:scan(232)) - Reflections took 32 ms to scan 7 urls, producing 120 keys and 275 values 
2021-08-25 23:20:06,558 [Listener at 127.0.0.1/39119] INFO  volume.HddsVolume (HddsVolume.java:<init>(120)) - Creating HddsVolume: /home/runner/work/ozone/ozone/hadoop-ozone/integration-test/target/test-dir/MiniOzoneClusterImpl-05b781a4-7df0-48b9-8d73-8dabce68a637/datanode-7/data-0/containers/hdds of storage type : DISK capacity : 9223372036854775807
2021-08-25 23:20:06,559 [Listener at 127.0.0.1/39119] INFO  volume.MutableVolumeSet (MutableVolumeSet.java:initializeVolumeSet(181)) - Added Volume : /home/runner/work/ozone/ozone/hadoop-ozone/integration-test/target/test-dir/MiniOzoneClusterImpl-05b781a4-7df0-48b9-8d73-8dabce68a637/datanode-7/data-0/containers/hdds to VolumeSet
2021-08-25 23:20:06,559 [Listener at 127.0.0.1/39119] INFO  volume.ThrottledAsyncChecker (ThrottledAsyncChecker.java:schedule(141)) - Scheduling a check for /home/runner/work/ozone/ozone/hadoop-ozone/integration-test/target/test-dir/MiniOzoneClusterImpl-05b781a4-7df0-48b9-8d73-8dabce68a637/datanode-7/data-0/containers/hdds
2021-08-25 23:20:06,562 [Listener at 127.0.0.1/39119] INFO  volume.StorageVolumeChecker (StorageVolumeChecker.java:checkAllVolumes(202)) - Scheduled health check for volume /home/runner/work/ozone/ozone/hadoop-ozone/integration-test/target/test-dir/MiniOzoneClusterImpl-05b781a4-7df0-48b9-8d73-8dabce68a637/datanode-7/data-0/containers/hdds
2021-08-25 23:20:06,575 [Listener at 127.0.0.1/39119] INFO  volume.MutableVolumeSet (MutableVolumeSet.java:initializeVolumeSet(181)) - Added Volume : /home/runner/work/ozone/ozone/hadoop-ozone/integration-test/target/test-dir/MiniOzoneClusterImpl-05b781a4-7df0-48b9-8d73-8dabce68a637/datanode-7/data/ratis to VolumeSet
2021-08-25 23:20:06,575 [Listener at 127.0.0.1/39119] INFO  volume.ThrottledAsyncChecker (ThrottledAsyncChecker.java:schedule(141)) - Scheduling a check for /home/runner/work/ozone/ozone/hadoop-ozone/integration-test/target/test-dir/MiniOzoneClusterImpl-05b781a4-7df0-48b9-8d73-8dabce68a637/datanode-7/data/ratis
2021-08-25 23:20:06,575 [Listener at 127.0.0.1/39119] INFO  volume.StorageVolumeChecker (StorageVolumeChecker.java:checkAllVolumes(202)) - Scheduled health check for volume /home/runner/work/ozone/ozone/hadoop-ozone/integration-test/target/test-dir/MiniOzoneClusterImpl-05b781a4-7df0-48b9-8d73-8dabce68a637/datanode-7/data/ratis
2021-08-25 23:20:06,587 [Listener at 127.0.0.1/39119] INFO  ozoneimpl.ContainerReader (ContainerReader.java:<init>(98)) - Running in upgrade mode:true
2021-08-25 23:20:06,587 [Thread-214] INFO  ozoneimpl.ContainerReader (ContainerReader.java:readVolume(142)) - Start to verify containers on volume /home/runner/work/ozone/ozone/hadoop-ozone/integration-test/target/test-dir/MiniOzoneClusterImpl-05b781a4-7df0-48b9-8d73-8dabce68a637/datanode-7/data-0/containers/hdds
2021-08-25 23:20:06,587 [Thread-214] INFO  ozoneimpl.ContainerReader (ContainerReader.java:readVolume(174)) - Finish verifying containers on volume /home/runner/work/ozone/ozone/hadoop-ozone/integration-test/target/test-dir/MiniOzoneClusterImpl-05b781a4-7df0-48b9-8d73-8dabce68a637/datanode-7/data-0/containers/hdds
2021-08-25 23:20:06,587 [Listener at 127.0.0.1/39119] INFO  ozoneimpl.OzoneContainer (OzoneContainer.java:buildContainerSet(237)) - Build ContainerSet costs 0s
2021-08-25 23:20:06,590 [Listener at 127.0.0.1/39119] INFO  server.RaftServer (ConfUtils.java:logGet(44)) - raft.rpc.type = GRPC (default)
2021-08-25 23:20:06,591 [Listener at 127.0.0.1/39119] INFO  grpc.GrpcFactory (GrpcFactory.java:checkPooledByteBufAllocatorUseCacheForAllThreads(48)) - PERFORMANCE WARNING: useCacheForAllThreads is true that may cause Netty to create a lot garbage objects and, as a result, trigger GC.
	It is recommended to disable useCacheForAllThreads by setting -Dorg.apache.ratis.thirdparty.io.netty.allocator.useCacheForAllThreads=false in command line.
2021-08-25 23:20:06,591 [Listener at 127.0.0.1/39119] INFO  grpc.GrpcConfigKeys (ConfUtils.java:logGet(44)) - raft.grpc.admin.port = 0 (custom)
2021-08-25 23:20:06,591 [Listener at 127.0.0.1/39119] INFO  grpc.GrpcConfigKeys (ConfUtils.java:logGet(44)) - raft.grpc.client.port = 0 (custom)
2021-08-25 23:20:06,591 [Listener at 127.0.0.1/39119] INFO  grpc.GrpcConfigKeys (ConfUtils.java:logGet(44)) - raft.grpc.server.port = 0 (default)
2021-08-25 23:20:06,591 [Listener at 127.0.0.1/39119] INFO  server.GrpcService (ConfUtils.java:logGet(44)) - raft.grpc.message.size.max = 32MB (=33554432) (custom)
2021-08-25 23:20:06,591 [Listener at 127.0.0.1/39119] INFO  server.RaftServerConfigKeys (ConfUtils.java:logGet(44)) - raft.server.log.appender.buffer.byte-limit = 33554432 (custom)
2021-08-25 23:20:06,591 [Listener at 127.0.0.1/39119] INFO  server.GrpcService (ConfUtils.java:logGet(44)) - raft.grpc.flow.control.window = 5MB (=5242880) (custom)
2021-08-25 23:20:06,591 [Listener at 127.0.0.1/39119] INFO  server.RaftServerConfigKeys (ConfUtils.java:logGet(44)) - raft.server.rpc.request.timeout = 3000ms (default)
2021-08-25 23:20:06,592 [Listener at 127.0.0.1/39119] INFO  impl.DataStreamServerImpl (ConfUtils.java:logGet(44)) - raft.datastream.type = DISABLED (default)
2021-08-25 23:20:06,593 [Listener at 127.0.0.1/39119] INFO  server.RaftServerConfigKeys (ConfUtils.java:logGet(44)) - raft.server.rpc.slowness.timeout = 300000ms (custom)
2021-08-25 23:20:06,593 [Listener at 127.0.0.1/39119] INFO  server.RaftServerConfigKeys (ConfUtils.java:logGet(44)) - raft.server.leaderelection.leader.step-down.wait-time = 10s (default)
2021-08-25 23:20:06,593 [Listener at 127.0.0.1/39119] INFO  server.RaftServerConfigKeys (ConfUtils.java:logGet(44)) - raft.server.storage.dir = [/home/runner/work/ozone/ozone/hadoop-ozone/integration-test/target/test-dir/MiniOzoneClusterImpl-05b781a4-7df0-48b9-8d73-8dabce68a637/datanode-7/data/ratis] (custom)
2021-08-25 23:20:06,596 [Listener at 127.0.0.1/39119] INFO  http.BaseHttpServer (BaseHttpServer.java:newHttpServer2BuilderForOzone(209)) - Starting Web-server for hddsDatanode at: http://0.0.0.0:0
2021-08-25 23:20:06,596 [Listener at 127.0.0.1/39119] INFO  http.BaseHttpServer (BaseHttpServer.java:<init>(107)) - Hadoop Security Enabled: false Ozone Security Enabled: false Ozone HTTP Security Enabled: false 
2021-08-25 23:20:06,597 [Listener at 127.0.0.1/39119] INFO  server.AuthenticationFilter (AuthenticationFilter.java:constructSecretProvider(240)) - Unable to initialize FileSignerSecretProvider, falling back to use random secrets.
2021-08-25 23:20:06,598 [Listener at 127.0.0.1/39119] WARN  http.HttpRequestLog (HttpRequestLog.java:getRequestLog(103)) - Jetty request log can only be enabled using Log4j
2021-08-25 23:20:06,598 [Listener at 127.0.0.1/39119] INFO  http.HttpServer2 (HttpServer2.java:addGlobalFilter(1030)) - Added global filter 'safety' (class=org.apache.hadoop.hdds.server.http.HttpServer2$QuotingInputFilter)
2021-08-25 23:20:06,599 [Listener at 127.0.0.1/39119] INFO  http.HttpServer2 (HttpServer2.java:addFilter(1006)) - Added filter static_user_filter (class=org.apache.hadoop.http.lib.StaticUserWebFilter$StaticUserFilter) to context hddsDatanode
2021-08-25 23:20:06,599 [Listener at 127.0.0.1/39119] INFO  http.HttpServer2 (HttpServer2.java:addFilter(1014)) - Added filter static_user_filter (class=org.apache.hadoop.http.lib.StaticUserWebFilter$StaticUserFilter) to context logs
2021-08-25 23:20:06,599 [Listener at 127.0.0.1/39119] INFO  http.HttpServer2 (HttpServer2.java:addFilter(1014)) - Added filter static_user_filter (class=org.apache.hadoop.http.lib.StaticUserWebFilter$StaticUserFilter) to context static
2021-08-25 23:20:06,600 [Listener at 127.0.0.1/39119] INFO  http.HttpServer2 (HttpServer2.java:bindListener(1249)) - Jetty bound to port 40533
2021-08-25 23:20:06,600 [Listener at 127.0.0.1/39119] INFO  server.Server (Server.java:doStart(375)) - jetty-9.4.43.v20210629; built: 2021-06-30T11:07:22.254Z; git: 526006ecfa3af7f1a27ef3a288e2bef7ea9dd7e8; jvm 1.8.0_292-b10
2021-08-25 23:20:06,601 [Listener at 127.0.0.1/39119] INFO  server.session (DefaultSessionIdManager.java:doStart(334)) - DefaultSessionIdManager workerName=node0
2021-08-25 23:20:06,601 [Listener at 127.0.0.1/39119] INFO  server.session (DefaultSessionIdManager.java:doStart(339)) - No SessionScavenger set, using defaults
2021-08-25 23:20:06,601 [Listener at 127.0.0.1/39119] INFO  server.session (HouseKeeper.java:startScavenging(132)) - node0 Scavenging every 600000ms
2021-08-25 23:20:06,602 [Listener at 127.0.0.1/39119] INFO  handler.ContextHandler (ContextHandler.java:doStart(915)) - Started o.e.j.s.ServletContextHandler@4dcaa972{logs,/logs,file:///home/runner/work/ozone/ozone/hadoop-ozone/integration-test/target/log,AVAILABLE}
2021-08-25 23:20:06,602 [Listener at 127.0.0.1/39119] INFO  handler.ContextHandler (ContextHandler.java:doStart(915)) - Started o.e.j.s.ServletContextHandler@798cdd5{static,/static,jar:file:/home/runner/.m2/repository/org/apache/ozone/hdds-container-service/1.2.0-SNAPSHOT/hdds-container-service-1.2.0-SNAPSHOT.jar!/webapps/static,AVAILABLE}
2021-08-25 23:20:06,641 [Listener at 127.0.0.1/39119] INFO  handler.ContextHandler (ContextHandler.java:doStart(915)) - Started o.e.j.w.WebAppContext@17993651{hddsDatanode,/,file:///tmp/jetty-0_0_0_0-40533-hdds-container-service-1_2_0-SNAPSHOT_jar-_-any-9151713795561239005/webapp/,AVAILABLE}{jar:file:/home/runner/.m2/repository/org/apache/ozone/hdds-container-service/1.2.0-SNAPSHOT/hdds-container-service-1.2.0-SNAPSHOT.jar!/webapps/hddsDatanode}
2021-08-25 23:20:06,643 [Listener at 127.0.0.1/39119] INFO  server.AbstractConnector (AbstractConnector.java:doStart(331)) - Started ServerConnector@53f68c97{HTTP/1.1, (http/1.1)}{0.0.0.0:40533}
2021-08-25 23:20:06,643 [Listener at 127.0.0.1/39119] INFO  server.Server (Server.java:doStart(415)) - Started @7574ms
2021-08-25 23:20:06,643 [Listener at 127.0.0.1/39119] WARN  impl.MetricsSystemImpl (MetricsSystemImpl.java:register(279)) - Sink prometheus already exists!
2021-08-25 23:20:06,644 [Listener at 127.0.0.1/39119] INFO  http.BaseHttpServer (BaseHttpServer.java:updateConnectorAddress(329)) - HTTP server of hddsDatanode listening at http://0.0.0.0:40533
2021-08-25 23:20:06,646 [Listener at 127.0.0.1/39119] WARN  impl.MetricRegistriesImpl (MetricRegistriesImpl.java:addReporterRegistration(111)) - New reporters are added after registries were created. Some metrics will be missing from the reporter. Please add reporter before adding any new registry.
2021-08-25 23:20:06,646 [Listener at 127.0.0.1/39119] WARN  impl.MetricRegistriesImpl (MetricRegistriesImpl.java:addReporterRegistration(111)) - New reporters are added after registries were created. Some metrics will be missing from the reporter. Please add reporter before adding any new registry.
2021-08-25 23:20:06,646 [Listener at 127.0.0.1/39119] INFO  impl.MetricsSystemImpl (MetricsSystemImpl.java:init(158)) - HddsDatanode metrics system started (again)
2021-08-25 23:20:06,654 [org.apache.hadoop.util.JvmPauseMonitor$Monitor@5af2f105] INFO  util.JvmPauseMonitor (JvmPauseMonitor.java:run(188)) - Starting JVM pause monitor
2021-08-25 23:20:06,655 [Datanode State Machine Task Thread - 0] INFO  datanode.InitDatanodeState (InitDatanodeState.java:persistContainerDatanodeDetails(145)) - DatanodeDetails is persisted to /home/runner/work/ozone/ozone/hadoop-ozone/integration-test/target/test-dir/MiniOzoneClusterImpl-05b781a4-7df0-48b9-8d73-8dabce68a637/datanode-7/meta/datanode.id
2021-08-25 23:20:06,665 [Listener at 127.0.0.1/39119] INFO  ozone.HddsDatanodeService (HddsDatanodeService.java:start(234)) - HddsDatanodeService host:fv-az12-462.exdb2aeach2ezidoxz41lk3bwg.cx.internal.cloudapp.net ip:10.1.0.32
2021-08-25 23:20:06,682 [Listener at 127.0.0.1/39119] INFO  upgrade.AbstractLayoutVersionManager (AbstractLayoutVersionManager.java:init(70)) - Initializing Layout version manager with metadata layout = SCM_HA (version = 2), software layout = SCM_HA (version = 2)
2021-08-25 23:20:06,717 [Listener at 127.0.0.1/39119] INFO  reflections.Reflections (Reflections.java:scan(232)) - Reflections took 34 ms to scan 7 urls, producing 120 keys and 275 values 
2021-08-25 23:20:06,720 [Listener at 127.0.0.1/39119] INFO  volume.HddsVolume (HddsVolume.java:<init>(120)) - Creating HddsVolume: /home/runner/work/ozone/ozone/hadoop-ozone/integration-test/target/test-dir/MiniOzoneClusterImpl-05b781a4-7df0-48b9-8d73-8dabce68a637/datanode-8/data-0/containers/hdds of storage type : DISK capacity : 9223372036854775807
2021-08-25 23:20:06,720 [Listener at 127.0.0.1/39119] INFO  volume.MutableVolumeSet (MutableVolumeSet.java:initializeVolumeSet(181)) - Added Volume : /home/runner/work/ozone/ozone/hadoop-ozone/integration-test/target/test-dir/MiniOzoneClusterImpl-05b781a4-7df0-48b9-8d73-8dabce68a637/datanode-8/data-0/containers/hdds to VolumeSet
2021-08-25 23:20:06,720 [Listener at 127.0.0.1/39119] INFO  volume.ThrottledAsyncChecker (ThrottledAsyncChecker.java:schedule(141)) - Scheduling a check for /home/runner/work/ozone/ozone/hadoop-ozone/integration-test/target/test-dir/MiniOzoneClusterImpl-05b781a4-7df0-48b9-8d73-8dabce68a637/datanode-8/data-0/containers/hdds
2021-08-25 23:20:06,722 [Listener at 127.0.0.1/39119] INFO  volume.StorageVolumeChecker (StorageVolumeChecker.java:checkAllVolumes(202)) - Scheduled health check for volume /home/runner/work/ozone/ozone/hadoop-ozone/integration-test/target/test-dir/MiniOzoneClusterImpl-05b781a4-7df0-48b9-8d73-8dabce68a637/datanode-8/data-0/containers/hdds
2021-08-25 23:20:06,735 [Listener at 127.0.0.1/39119] INFO  volume.MutableVolumeSet (MutableVolumeSet.java:initializeVolumeSet(181)) - Added Volume : /home/runner/work/ozone/ozone/hadoop-ozone/integration-test/target/test-dir/MiniOzoneClusterImpl-05b781a4-7df0-48b9-8d73-8dabce68a637/datanode-8/data/ratis to VolumeSet
2021-08-25 23:20:06,735 [Listener at 127.0.0.1/39119] INFO  volume.ThrottledAsyncChecker (ThrottledAsyncChecker.java:schedule(141)) - Scheduling a check for /home/runner/work/ozone/ozone/hadoop-ozone/integration-test/target/test-dir/MiniOzoneClusterImpl-05b781a4-7df0-48b9-8d73-8dabce68a637/datanode-8/data/ratis
2021-08-25 23:20:06,736 [Listener at 127.0.0.1/39119] INFO  volume.StorageVolumeChecker (StorageVolumeChecker.java:checkAllVolumes(202)) - Scheduled health check for volume /home/runner/work/ozone/ozone/hadoop-ozone/integration-test/target/test-dir/MiniOzoneClusterImpl-05b781a4-7df0-48b9-8d73-8dabce68a637/datanode-8/data/ratis
2021-08-25 23:20:06,749 [Listener at 127.0.0.1/39119] INFO  ozoneimpl.ContainerReader (ContainerReader.java:<init>(98)) - Running in upgrade mode:true
2021-08-25 23:20:06,752 [Thread-226] INFO  ozoneimpl.ContainerReader (ContainerReader.java:readVolume(142)) - Start to verify containers on volume /home/runner/work/ozone/ozone/hadoop-ozone/integration-test/target/test-dir/MiniOzoneClusterImpl-05b781a4-7df0-48b9-8d73-8dabce68a637/datanode-8/data-0/containers/hdds
2021-08-25 23:20:06,752 [Thread-226] INFO  ozoneimpl.ContainerReader (ContainerReader.java:readVolume(174)) - Finish verifying containers on volume /home/runner/work/ozone/ozone/hadoop-ozone/integration-test/target/test-dir/MiniOzoneClusterImpl-05b781a4-7df0-48b9-8d73-8dabce68a637/datanode-8/data-0/containers/hdds
2021-08-25 23:20:06,752 [Listener at 127.0.0.1/39119] INFO  ozoneimpl.OzoneContainer (OzoneContainer.java:buildContainerSet(237)) - Build ContainerSet costs 0s
2021-08-25 23:20:06,754 [Listener at 127.0.0.1/39119] INFO  server.RaftServer (ConfUtils.java:logGet(44)) - raft.rpc.type = GRPC (default)
2021-08-25 23:20:06,755 [Listener at 127.0.0.1/39119] INFO  grpc.GrpcFactory (GrpcFactory.java:checkPooledByteBufAllocatorUseCacheForAllThreads(48)) - PERFORMANCE WARNING: useCacheForAllThreads is true that may cause Netty to create a lot garbage objects and, as a result, trigger GC.
	It is recommended to disable useCacheForAllThreads by setting -Dorg.apache.ratis.thirdparty.io.netty.allocator.useCacheForAllThreads=false in command line.
2021-08-25 23:20:06,755 [Listener at 127.0.0.1/39119] INFO  grpc.GrpcConfigKeys (ConfUtils.java:logGet(44)) - raft.grpc.admin.port = 0 (custom)
2021-08-25 23:20:06,755 [Listener at 127.0.0.1/39119] INFO  grpc.GrpcConfigKeys (ConfUtils.java:logGet(44)) - raft.grpc.client.port = 0 (custom)
2021-08-25 23:20:06,755 [Listener at 127.0.0.1/39119] INFO  grpc.GrpcConfigKeys (ConfUtils.java:logGet(44)) - raft.grpc.server.port = 0 (default)
2021-08-25 23:20:06,755 [Listener at 127.0.0.1/39119] INFO  server.GrpcService (ConfUtils.java:logGet(44)) - raft.grpc.message.size.max = 32MB (=33554432) (custom)
2021-08-25 23:20:06,755 [Listener at 127.0.0.1/39119] INFO  server.RaftServerConfigKeys (ConfUtils.java:logGet(44)) - raft.server.log.appender.buffer.byte-limit = 33554432 (custom)
2021-08-25 23:20:06,755 [Listener at 127.0.0.1/39119] INFO  server.GrpcService (ConfUtils.java:logGet(44)) - raft.grpc.flow.control.window = 5MB (=5242880) (custom)
2021-08-25 23:20:06,755 [Listener at 127.0.0.1/39119] INFO  server.RaftServerConfigKeys (ConfUtils.java:logGet(44)) - raft.server.rpc.request.timeout = 3000ms (default)
2021-08-25 23:20:06,756 [Listener at 127.0.0.1/39119] INFO  impl.DataStreamServerImpl (ConfUtils.java:logGet(44)) - raft.datastream.type = DISABLED (default)
2021-08-25 23:20:06,757 [Listener at 127.0.0.1/39119] INFO  server.RaftServerConfigKeys (ConfUtils.java:logGet(44)) - raft.server.rpc.slowness.timeout = 300000ms (custom)
2021-08-25 23:20:06,757 [Listener at 127.0.0.1/39119] INFO  server.RaftServerConfigKeys (ConfUtils.java:logGet(44)) - raft.server.leaderelection.leader.step-down.wait-time = 10s (default)
2021-08-25 23:20:06,757 [Listener at 127.0.0.1/39119] INFO  server.RaftServerConfigKeys (ConfUtils.java:logGet(44)) - raft.server.storage.dir = [/home/runner/work/ozone/ozone/hadoop-ozone/integration-test/target/test-dir/MiniOzoneClusterImpl-05b781a4-7df0-48b9-8d73-8dabce68a637/datanode-8/data/ratis] (custom)
2021-08-25 23:20:06,761 [Listener at 127.0.0.1/39119] INFO  http.BaseHttpServer (BaseHttpServer.java:newHttpServer2BuilderForOzone(209)) - Starting Web-server for hddsDatanode at: http://0.0.0.0:0
2021-08-25 23:20:06,761 [Listener at 127.0.0.1/39119] INFO  http.BaseHttpServer (BaseHttpServer.java:<init>(107)) - Hadoop Security Enabled: false Ozone Security Enabled: false Ozone HTTP Security Enabled: false 
2021-08-25 23:20:06,763 [Listener at 127.0.0.1/39119] INFO  server.AuthenticationFilter (AuthenticationFilter.java:constructSecretProvider(240)) - Unable to initialize FileSignerSecretProvider, falling back to use random secrets.
2021-08-25 23:20:06,765 [Listener at 127.0.0.1/39119] WARN  http.HttpRequestLog (HttpRequestLog.java:getRequestLog(103)) - Jetty request log can only be enabled using Log4j
2021-08-25 23:20:06,766 [Listener at 127.0.0.1/39119] INFO  http.HttpServer2 (HttpServer2.java:addGlobalFilter(1030)) - Added global filter 'safety' (class=org.apache.hadoop.hdds.server.http.HttpServer2$QuotingInputFilter)
2021-08-25 23:20:06,767 [Listener at 127.0.0.1/39119] INFO  http.HttpServer2 (HttpServer2.java:addFilter(1006)) - Added filter static_user_filter (class=org.apache.hadoop.http.lib.StaticUserWebFilter$StaticUserFilter) to context hddsDatanode
2021-08-25 23:20:06,767 [Listener at 127.0.0.1/39119] INFO  http.HttpServer2 (HttpServer2.java:addFilter(1014)) - Added filter static_user_filter (class=org.apache.hadoop.http.lib.StaticUserWebFilter$StaticUserFilter) to context static
2021-08-25 23:20:06,767 [Listener at 127.0.0.1/39119] INFO  http.HttpServer2 (HttpServer2.java:addFilter(1014)) - Added filter static_user_filter (class=org.apache.hadoop.http.lib.StaticUserWebFilter$StaticUserFilter) to context logs
2021-08-25 23:20:06,768 [Listener at 127.0.0.1/39119] INFO  http.HttpServer2 (HttpServer2.java:bindListener(1249)) - Jetty bound to port 46773
2021-08-25 23:20:06,768 [Listener at 127.0.0.1/39119] INFO  server.Server (Server.java:doStart(375)) - jetty-9.4.43.v20210629; built: 2021-06-30T11:07:22.254Z; git: 526006ecfa3af7f1a27ef3a288e2bef7ea9dd7e8; jvm 1.8.0_292-b10
2021-08-25 23:20:06,770 [Listener at 127.0.0.1/39119] INFO  server.session (DefaultSessionIdManager.java:doStart(334)) - DefaultSessionIdManager workerName=node0
2021-08-25 23:20:06,770 [Listener at 127.0.0.1/39119] INFO  server.session (DefaultSessionIdManager.java:doStart(339)) - No SessionScavenger set, using defaults
2021-08-25 23:20:06,771 [Listener at 127.0.0.1/39119] INFO  server.session (HouseKeeper.java:startScavenging(132)) - node0 Scavenging every 600000ms
2021-08-25 23:20:06,771 [Listener at 127.0.0.1/39119] INFO  handler.ContextHandler (ContextHandler.java:doStart(915)) - Started o.e.j.s.ServletContextHandler@43c9c0b5{logs,/logs,file:///home/runner/work/ozone/ozone/hadoop-ozone/integration-test/target/log,AVAILABLE}
2021-08-25 23:20:06,772 [Listener at 127.0.0.1/39119] INFO  handler.ContextHandler (ContextHandler.java:doStart(915)) - Started o.e.j.s.ServletContextHandler@421581cd{static,/static,jar:file:/home/runner/.m2/repository/org/apache/ozone/hdds-container-service/1.2.0-SNAPSHOT/hdds-container-service-1.2.0-SNAPSHOT.jar!/webapps/static,AVAILABLE}
2021-08-25 23:20:06,812 [Listener at 127.0.0.1/39119] INFO  handler.ContextHandler (ContextHandler.java:doStart(915)) - Started o.e.j.w.WebAppContext@39e79429{hddsDatanode,/,file:///tmp/jetty-0_0_0_0-46773-hdds-container-service-1_2_0-SNAPSHOT_jar-_-any-1944715692781730319/webapp/,AVAILABLE}{jar:file:/home/runner/.m2/repository/org/apache/ozone/hdds-container-service/1.2.0-SNAPSHOT/hdds-container-service-1.2.0-SNAPSHOT.jar!/webapps/hddsDatanode}
2021-08-25 23:20:06,816 [Listener at 127.0.0.1/39119] INFO  server.AbstractConnector (AbstractConnector.java:doStart(331)) - Started ServerConnector@e51fa39{HTTP/1.1, (http/1.1)}{0.0.0.0:46773}
2021-08-25 23:20:06,816 [Listener at 127.0.0.1/39119] INFO  server.Server (Server.java:doStart(415)) - Started @7747ms
2021-08-25 23:20:06,816 [Listener at 127.0.0.1/39119] WARN  impl.MetricsSystemImpl (MetricsSystemImpl.java:register(279)) - Sink prometheus already exists!
2021-08-25 23:20:06,817 [Listener at 127.0.0.1/39119] INFO  http.BaseHttpServer (BaseHttpServer.java:updateConnectorAddress(329)) - HTTP server of hddsDatanode listening at http://0.0.0.0:46773
2021-08-25 23:20:06,819 [Listener at 127.0.0.1/39119] INFO  ozone.MiniOzoneClusterImpl (MiniOzoneClusterImpl.java:lambda$waitForClusterToBeReady$0(235)) - Waiting for nodes to be ready. Got 0 of 9 DN Heartbeats.
2021-08-25 23:20:06,820 [Listener at 127.0.0.1/39119] INFO  ozone.MiniOzoneClusterImpl (MiniOzoneClusterImpl.java:lambda$waitForClusterToBeReady$0(238)) - Waiting for cluster to exit safe mode
2021-08-25 23:20:06,820 [Listener at 127.0.0.1/39119] INFO  ozone.MiniOzoneClusterImpl (MiniOzoneClusterImpl.java:lambda$waitForClusterToBeReady$0(240)) - SCM became leader
2021-08-25 23:20:06,827 [org.apache.hadoop.util.JvmPauseMonitor$Monitor@3636efef] INFO  util.JvmPauseMonitor (JvmPauseMonitor.java:run(188)) - Starting JVM pause monitor
2021-08-25 23:20:06,832 [Datanode State Machine Task Thread - 0] INFO  datanode.InitDatanodeState (InitDatanodeState.java:persistContainerDatanodeDetails(145)) - DatanodeDetails is persisted to /home/runner/work/ozone/ozone/hadoop-ozone/integration-test/target/test-dir/MiniOzoneClusterImpl-05b781a4-7df0-48b9-8d73-8dabce68a637/datanode-8/meta/datanode.id
2021-08-25 23:20:07,037 [EndpointStateMachine task thread for /0.0.0.0:36949 - 0 ] INFO  ozoneimpl.OzoneContainer (OzoneContainer.java:start(305)) - Attempting to start container services.
2021-08-25 23:20:07,039 [EndpointStateMachine task thread for /0.0.0.0:36949 - 0 ] INFO  ozoneimpl.OzoneContainer (OzoneContainer.java:startContainerScrub(250)) - Background container scanner has been disabled.
2021-08-25 23:20:07,040 [EndpointStateMachine task thread for /0.0.0.0:36949 - 0 ] INFO  replication.ReplicationServer (ReplicationServer.java:start(107)) - ReplicationServer is started using port 35377
2021-08-25 23:20:07,043 [EndpointStateMachine task thread for /0.0.0.0:36949 - 0 ] INFO  ratis.XceiverServerRatis (XceiverServerRatis.java:start(482)) - Starting XceiverServerRatis d3a6c254-c963-411b-bd1c-0e160a3b8690
2021-08-25 23:20:07,048 [EndpointStateMachine task thread for /0.0.0.0:36949 - 0 ] INFO  server.RaftServer (RaftServerProxy.java:lambda$start$5(374)) - d3a6c254-c963-411b-bd1c-0e160a3b8690: start RPC server
2021-08-25 23:20:07,054 [EndpointStateMachine task thread for /0.0.0.0:36949 - 0 ] INFO  server.GrpcService (GrpcService.java:startImpl(253)) - d3a6c254-c963-411b-bd1c-0e160a3b8690: GrpcService started, listening on 42735
2021-08-25 23:20:07,054 [EndpointStateMachine task thread for /0.0.0.0:36949 - 0 ] INFO  ratis.XceiverServerRatis (XceiverServerRatis.java:getRealPort(503)) - XceiverServerRatis d3a6c254-c963-411b-bd1c-0e160a3b8690 is started using port 42735 for RATIS
2021-08-25 23:20:07,055 [EndpointStateMachine task thread for /0.0.0.0:36949 - 0 ] INFO  ratis.XceiverServerRatis (XceiverServerRatis.java:getRealPort(503)) - XceiverServerRatis d3a6c254-c963-411b-bd1c-0e160a3b8690 is started using port 42735 for RATIS_ADMIN
2021-08-25 23:20:07,055 [EndpointStateMachine task thread for /0.0.0.0:36949 - 0 ] INFO  ratis.XceiverServerRatis (XceiverServerRatis.java:getRealPort(503)) - XceiverServerRatis d3a6c254-c963-411b-bd1c-0e160a3b8690 is started using port 42735 for RATIS_SERVER
2021-08-25 23:20:07,058 [EndpointStateMachine task thread for /0.0.0.0:36949 - 0 ] INFO  server.XceiverServerGrpc (XceiverServerGrpc.java:start(135)) - XceiverServerGrpc d3a6c254-c963-411b-bd1c-0e160a3b8690 is started using port 41829
2021-08-25 23:20:07,062 [org.apache.ratis.util.JvmPauseMonitor$$Lambda$531/840931289@3b05e6de] INFO  util.JvmPauseMonitor (JvmPauseMonitor.java:run(103)) - JvmPauseMonitor-d3a6c254-c963-411b-bd1c-0e160a3b8690: Started
2021-08-25 23:20:07,267 [EndpointStateMachine task thread for /0.0.0.0:36949 - 0 ] INFO  ozoneimpl.OzoneContainer (OzoneContainer.java:start(305)) - Attempting to start container services.
2021-08-25 23:20:07,267 [EndpointStateMachine task thread for /0.0.0.0:36949 - 0 ] INFO  ozoneimpl.OzoneContainer (OzoneContainer.java:startContainerScrub(250)) - Background container scanner has been disabled.
2021-08-25 23:20:07,268 [EndpointStateMachine task thread for /0.0.0.0:36949 - 0 ] INFO  replication.ReplicationServer (ReplicationServer.java:start(107)) - ReplicationServer is started using port 35189
2021-08-25 23:20:07,269 [EndpointStateMachine task thread for /0.0.0.0:36949 - 0 ] INFO  ratis.XceiverServerRatis (XceiverServerRatis.java:start(482)) - Starting XceiverServerRatis 282e11bf-8d58-444e-a800-cb732d8168d5
2021-08-25 23:20:07,274 [EndpointStateMachine task thread for /0.0.0.0:36949 - 0 ] INFO  server.RaftServer (RaftServerProxy.java:lambda$start$5(374)) - 282e11bf-8d58-444e-a800-cb732d8168d5: start RPC server
2021-08-25 23:20:07,278 [EndpointStateMachine task thread for /0.0.0.0:36949 - 0 ] INFO  server.GrpcService (GrpcService.java:startImpl(253)) - 282e11bf-8d58-444e-a800-cb732d8168d5: GrpcService started, listening on 39035
2021-08-25 23:20:07,278 [EndpointStateMachine task thread for /0.0.0.0:36949 - 0 ] INFO  ratis.XceiverServerRatis (XceiverServerRatis.java:getRealPort(503)) - XceiverServerRatis 282e11bf-8d58-444e-a800-cb732d8168d5 is started using port 39035 for RATIS
2021-08-25 23:20:07,278 [EndpointStateMachine task thread for /0.0.0.0:36949 - 0 ] INFO  ratis.XceiverServerRatis (XceiverServerRatis.java:getRealPort(503)) - XceiverServerRatis 282e11bf-8d58-444e-a800-cb732d8168d5 is started using port 39035 for RATIS_ADMIN
2021-08-25 23:20:07,278 [EndpointStateMachine task thread for /0.0.0.0:36949 - 0 ] INFO  ratis.XceiverServerRatis (XceiverServerRatis.java:getRealPort(503)) - XceiverServerRatis 282e11bf-8d58-444e-a800-cb732d8168d5 is started using port 39035 for RATIS_SERVER
2021-08-25 23:20:07,279 [org.apache.ratis.util.JvmPauseMonitor$$Lambda$531/840931289@2b85b3d8] INFO  util.JvmPauseMonitor (JvmPauseMonitor.java:run(103)) - JvmPauseMonitor-282e11bf-8d58-444e-a800-cb732d8168d5: Started
2021-08-25 23:20:07,279 [EndpointStateMachine task thread for /0.0.0.0:36949 - 0 ] INFO  server.XceiverServerGrpc (XceiverServerGrpc.java:start(135)) - XceiverServerGrpc 282e11bf-8d58-444e-a800-cb732d8168d5 is started using port 37603
2021-08-25 23:20:07,434 [EndpointStateMachine task thread for /0.0.0.0:36949 - 0 ] INFO  ozoneimpl.OzoneContainer (OzoneContainer.java:start(305)) - Attempting to start container services.
2021-08-25 23:20:07,434 [EndpointStateMachine task thread for /0.0.0.0:36949 - 0 ] INFO  ozoneimpl.OzoneContainer (OzoneContainer.java:startContainerScrub(250)) - Background container scanner has been disabled.
2021-08-25 23:20:07,435 [EndpointStateMachine task thread for /0.0.0.0:36949 - 0 ] INFO  replication.ReplicationServer (ReplicationServer.java:start(107)) - ReplicationServer is started using port 45975
2021-08-25 23:20:07,436 [EndpointStateMachine task thread for /0.0.0.0:36949 - 0 ] INFO  ratis.XceiverServerRatis (XceiverServerRatis.java:start(482)) - Starting XceiverServerRatis 551d55f6-e55a-4cfa-9f5c-62fc7ce672f1
2021-08-25 23:20:07,437 [EndpointStateMachine task thread for /0.0.0.0:36949 - 0 ] INFO  server.RaftServer (RaftServerProxy.java:lambda$start$5(374)) - 551d55f6-e55a-4cfa-9f5c-62fc7ce672f1: start RPC server
2021-08-25 23:20:07,438 [EndpointStateMachine task thread for /0.0.0.0:36949 - 0 ] INFO  server.GrpcService (GrpcService.java:startImpl(253)) - 551d55f6-e55a-4cfa-9f5c-62fc7ce672f1: GrpcService started, listening on 34175
2021-08-25 23:20:07,438 [EndpointStateMachine task thread for /0.0.0.0:36949 - 0 ] INFO  ratis.XceiverServerRatis (XceiverServerRatis.java:getRealPort(503)) - XceiverServerRatis 551d55f6-e55a-4cfa-9f5c-62fc7ce672f1 is started using port 34175 for RATIS
2021-08-25 23:20:07,438 [EndpointStateMachine task thread for /0.0.0.0:36949 - 0 ] INFO  ratis.XceiverServerRatis (XceiverServerRatis.java:getRealPort(503)) - XceiverServerRatis 551d55f6-e55a-4cfa-9f5c-62fc7ce672f1 is started using port 34175 for RATIS_ADMIN
2021-08-25 23:20:07,438 [EndpointStateMachine task thread for /0.0.0.0:36949 - 0 ] INFO  ratis.XceiverServerRatis (XceiverServerRatis.java:getRealPort(503)) - XceiverServerRatis 551d55f6-e55a-4cfa-9f5c-62fc7ce672f1 is started using port 34175 for RATIS_SERVER
2021-08-25 23:20:07,438 [org.apache.ratis.util.JvmPauseMonitor$$Lambda$531/840931289@18c556bd] INFO  util.JvmPauseMonitor (JvmPauseMonitor.java:run(103)) - JvmPauseMonitor-551d55f6-e55a-4cfa-9f5c-62fc7ce672f1: Started
2021-08-25 23:20:07,441 [EndpointStateMachine task thread for /0.0.0.0:36949 - 0 ] INFO  server.XceiverServerGrpc (XceiverServerGrpc.java:start(135)) - XceiverServerGrpc 551d55f6-e55a-4cfa-9f5c-62fc7ce672f1 is started using port 36595
2021-08-25 23:20:07,820 [Listener at 127.0.0.1/39119] INFO  ozone.MiniOzoneClusterImpl (MiniOzoneClusterImpl.java:lambda$waitForClusterToBeReady$0(235)) - Waiting for nodes to be ready. Got 0 of 9 DN Heartbeats.
2021-08-25 23:20:07,820 [Listener at 127.0.0.1/39119] INFO  ozone.MiniOzoneClusterImpl (MiniOzoneClusterImpl.java:lambda$waitForClusterToBeReady$0(238)) - Waiting for cluster to exit safe mode
2021-08-25 23:20:07,820 [Listener at 127.0.0.1/39119] INFO  ozone.MiniOzoneClusterImpl (MiniOzoneClusterImpl.java:lambda$waitForClusterToBeReady$0(240)) - SCM became leader
2021-08-25 23:20:07,922 [EndpointStateMachine task thread for /0.0.0.0:36949 - 0 ] INFO  ozoneimpl.OzoneContainer (OzoneContainer.java:start(305)) - Attempting to start container services.
2021-08-25 23:20:07,922 [EndpointStateMachine task thread for /0.0.0.0:36949 - 0 ] INFO  ozoneimpl.OzoneContainer (OzoneContainer.java:startContainerScrub(250)) - Background container scanner has been disabled.
2021-08-25 23:20:07,924 [EndpointStateMachine task thread for /0.0.0.0:36949 - 0 ] INFO  replication.ReplicationServer (ReplicationServer.java:start(107)) - ReplicationServer is started using port 43891
2021-08-25 23:20:07,924 [EndpointStateMachine task thread for /0.0.0.0:36949 - 0 ] INFO  ratis.XceiverServerRatis (XceiverServerRatis.java:start(482)) - Starting XceiverServerRatis d2e949a9-e5b3-4c4c-92b0-47a0169dba23
2021-08-25 23:20:07,925 [EndpointStateMachine task thread for /0.0.0.0:36949 - 0 ] INFO  server.RaftServer (RaftServerProxy.java:lambda$start$5(374)) - d2e949a9-e5b3-4c4c-92b0-47a0169dba23: start RPC server
2021-08-25 23:20:07,926 [EndpointStateMachine task thread for /0.0.0.0:36949 - 0 ] INFO  server.GrpcService (GrpcService.java:startImpl(253)) - d2e949a9-e5b3-4c4c-92b0-47a0169dba23: GrpcService started, listening on 37449
2021-08-25 23:20:07,926 [EndpointStateMachine task thread for /0.0.0.0:36949 - 0 ] INFO  ratis.XceiverServerRatis (XceiverServerRatis.java:getRealPort(503)) - XceiverServerRatis d2e949a9-e5b3-4c4c-92b0-47a0169dba23 is started using port 37449 for RATIS
2021-08-25 23:20:07,926 [EndpointStateMachine task thread for /0.0.0.0:36949 - 0 ] INFO  ratis.XceiverServerRatis (XceiverServerRatis.java:getRealPort(503)) - XceiverServerRatis d2e949a9-e5b3-4c4c-92b0-47a0169dba23 is started using port 37449 for RATIS_ADMIN
2021-08-25 23:20:07,944 [EndpointStateMachine task thread for /0.0.0.0:36949 - 0 ] INFO  ratis.XceiverServerRatis (XceiverServerRatis.java:getRealPort(503)) - XceiverServerRatis d2e949a9-e5b3-4c4c-92b0-47a0169dba23 is started using port 37449 for RATIS_SERVER
2021-08-25 23:20:07,945 [org.apache.ratis.util.JvmPauseMonitor$$Lambda$531/840931289@2c0956fd] INFO  util.JvmPauseMonitor (JvmPauseMonitor.java:run(103)) - JvmPauseMonitor-d2e949a9-e5b3-4c4c-92b0-47a0169dba23: Started
2021-08-25 23:20:07,946 [EndpointStateMachine task thread for /0.0.0.0:36949 - 0 ] INFO  server.XceiverServerGrpc (XceiverServerGrpc.java:start(135)) - XceiverServerGrpc d2e949a9-e5b3-4c4c-92b0-47a0169dba23 is started using port 38135
2021-08-25 23:20:08,134 [EndpointStateMachine task thread for /0.0.0.0:36949 - 0 ] INFO  ozoneimpl.OzoneContainer (OzoneContainer.java:start(305)) - Attempting to start container services.
2021-08-25 23:20:08,134 [EndpointStateMachine task thread for /0.0.0.0:36949 - 0 ] INFO  ozoneimpl.OzoneContainer (OzoneContainer.java:startContainerScrub(250)) - Background container scanner has been disabled.
2021-08-25 23:20:08,136 [EndpointStateMachine task thread for /0.0.0.0:36949 - 0 ] INFO  replication.ReplicationServer (ReplicationServer.java:start(107)) - ReplicationServer is started using port 45061
2021-08-25 23:20:08,137 [EndpointStateMachine task thread for /0.0.0.0:36949 - 0 ] INFO  ratis.XceiverServerRatis (XceiverServerRatis.java:start(482)) - Starting XceiverServerRatis 55460722-07fd-4e57-847c-29244a947e0a
2021-08-25 23:20:08,137 [EndpointStateMachine task thread for /0.0.0.0:36949 - 0 ] INFO  server.RaftServer (RaftServerProxy.java:lambda$start$5(374)) - 55460722-07fd-4e57-847c-29244a947e0a: start RPC server
2021-08-25 23:20:08,139 [EndpointStateMachine task thread for /0.0.0.0:36949 - 0 ] INFO  server.GrpcService (GrpcService.java:startImpl(253)) - 55460722-07fd-4e57-847c-29244a947e0a: GrpcService started, listening on 40409
2021-08-25 23:20:08,140 [EndpointStateMachine task thread for /0.0.0.0:36949 - 0 ] INFO  ratis.XceiverServerRatis (XceiverServerRatis.java:getRealPort(503)) - XceiverServerRatis 55460722-07fd-4e57-847c-29244a947e0a is started using port 40409 for RATIS
2021-08-25 23:20:08,140 [EndpointStateMachine task thread for /0.0.0.0:36949 - 0 ] INFO  ratis.XceiverServerRatis (XceiverServerRatis.java:getRealPort(503)) - XceiverServerRatis 55460722-07fd-4e57-847c-29244a947e0a is started using port 40409 for RATIS_ADMIN
2021-08-25 23:20:08,140 [org.apache.ratis.util.JvmPauseMonitor$$Lambda$531/840931289@5f899ff9] INFO  util.JvmPauseMonitor (JvmPauseMonitor.java:run(103)) - JvmPauseMonitor-55460722-07fd-4e57-847c-29244a947e0a: Started
2021-08-25 23:20:08,140 [EndpointStateMachine task thread for /0.0.0.0:36949 - 0 ] INFO  ratis.XceiverServerRatis (XceiverServerRatis.java:getRealPort(503)) - XceiverServerRatis 55460722-07fd-4e57-847c-29244a947e0a is started using port 40409 for RATIS_SERVER
2021-08-25 23:20:08,141 [EndpointStateMachine task thread for /0.0.0.0:36949 - 0 ] INFO  server.XceiverServerGrpc (XceiverServerGrpc.java:start(135)) - XceiverServerGrpc 55460722-07fd-4e57-847c-29244a947e0a is started using port 35129
2021-08-25 23:20:08,322 [EndpointStateMachine task thread for /0.0.0.0:36949 - 0 ] INFO  ozoneimpl.OzoneContainer (OzoneContainer.java:start(305)) - Attempting to start container services.
2021-08-25 23:20:08,322 [EndpointStateMachine task thread for /0.0.0.0:36949 - 0 ] INFO  ozoneimpl.OzoneContainer (OzoneContainer.java:startContainerScrub(250)) - Background container scanner has been disabled.
2021-08-25 23:20:08,324 [EndpointStateMachine task thread for /0.0.0.0:36949 - 0 ] INFO  replication.ReplicationServer (ReplicationServer.java:start(107)) - ReplicationServer is started using port 46521
2021-08-25 23:20:08,324 [EndpointStateMachine task thread for /0.0.0.0:36949 - 0 ] INFO  ratis.XceiverServerRatis (XceiverServerRatis.java:start(482)) - Starting XceiverServerRatis f3c5edec-fcc1-440f-ba30-167340659c5c
2021-08-25 23:20:08,328 [EndpointStateMachine task thread for /0.0.0.0:36949 - 0 ] INFO  server.RaftServer (RaftServerProxy.java:lambda$start$5(374)) - f3c5edec-fcc1-440f-ba30-167340659c5c: start RPC server
2021-08-25 23:20:08,330 [EndpointStateMachine task thread for /0.0.0.0:36949 - 0 ] INFO  server.GrpcService (GrpcService.java:startImpl(253)) - f3c5edec-fcc1-440f-ba30-167340659c5c: GrpcService started, listening on 45103
2021-08-25 23:20:08,330 [EndpointStateMachine task thread for /0.0.0.0:36949 - 0 ] INFO  ratis.XceiverServerRatis (XceiverServerRatis.java:getRealPort(503)) - XceiverServerRatis f3c5edec-fcc1-440f-ba30-167340659c5c is started using port 45103 for RATIS
2021-08-25 23:20:08,330 [EndpointStateMachine task thread for /0.0.0.0:36949 - 0 ] INFO  ratis.XceiverServerRatis (XceiverServerRatis.java:getRealPort(503)) - XceiverServerRatis f3c5edec-fcc1-440f-ba30-167340659c5c is started using port 45103 for RATIS_ADMIN
2021-08-25 23:20:08,330 [EndpointStateMachine task thread for /0.0.0.0:36949 - 0 ] INFO  ratis.XceiverServerRatis (XceiverServerRatis.java:getRealPort(503)) - XceiverServerRatis f3c5edec-fcc1-440f-ba30-167340659c5c is started using port 45103 for RATIS_SERVER
2021-08-25 23:20:08,331 [org.apache.ratis.util.JvmPauseMonitor$$Lambda$531/840931289@5091aa34] INFO  util.JvmPauseMonitor (JvmPauseMonitor.java:run(103)) - JvmPauseMonitor-f3c5edec-fcc1-440f-ba30-167340659c5c: Started
2021-08-25 23:20:08,331 [EndpointStateMachine task thread for /0.0.0.0:36949 - 0 ] INFO  server.XceiverServerGrpc (XceiverServerGrpc.java:start(135)) - XceiverServerGrpc f3c5edec-fcc1-440f-ba30-167340659c5c is started using port 32773
2021-08-25 23:20:08,513 [EndpointStateMachine task thread for /0.0.0.0:36949 - 0 ] INFO  ozoneimpl.OzoneContainer (OzoneContainer.java:start(305)) - Attempting to start container services.
2021-08-25 23:20:08,513 [EndpointStateMachine task thread for /0.0.0.0:36949 - 0 ] INFO  ozoneimpl.OzoneContainer (OzoneContainer.java:startContainerScrub(250)) - Background container scanner has been disabled.
2021-08-25 23:20:08,517 [EndpointStateMachine task thread for /0.0.0.0:36949 - 0 ] INFO  replication.ReplicationServer (ReplicationServer.java:start(107)) - ReplicationServer is started using port 38795
2021-08-25 23:20:08,517 [EndpointStateMachine task thread for /0.0.0.0:36949 - 0 ] INFO  ratis.XceiverServerRatis (XceiverServerRatis.java:start(482)) - Starting XceiverServerRatis e56ee20f-9a03-437e-8d1d-8d6614c978b9
2021-08-25 23:20:08,518 [EndpointStateMachine task thread for /0.0.0.0:36949 - 0 ] INFO  server.RaftServer (RaftServerProxy.java:lambda$start$5(374)) - e56ee20f-9a03-437e-8d1d-8d6614c978b9: start RPC server
2021-08-25 23:20:08,525 [EndpointStateMachine task thread for /0.0.0.0:36949 - 0 ] INFO  server.GrpcService (GrpcService.java:startImpl(253)) - e56ee20f-9a03-437e-8d1d-8d6614c978b9: GrpcService started, listening on 35337
2021-08-25 23:20:08,526 [EndpointStateMachine task thread for /0.0.0.0:36949 - 0 ] INFO  ratis.XceiverServerRatis (XceiverServerRatis.java:getRealPort(503)) - XceiverServerRatis e56ee20f-9a03-437e-8d1d-8d6614c978b9 is started using port 35337 for RATIS
2021-08-25 23:20:08,526 [org.apache.ratis.util.JvmPauseMonitor$$Lambda$531/840931289@234a4c30] INFO  util.JvmPauseMonitor (JvmPauseMonitor.java:run(103)) - JvmPauseMonitor-e56ee20f-9a03-437e-8d1d-8d6614c978b9: Started
2021-08-25 23:20:08,526 [EndpointStateMachine task thread for /0.0.0.0:36949 - 0 ] INFO  ratis.XceiverServerRatis (XceiverServerRatis.java:getRealPort(503)) - XceiverServerRatis e56ee20f-9a03-437e-8d1d-8d6614c978b9 is started using port 35337 for RATIS_ADMIN
2021-08-25 23:20:08,526 [EndpointStateMachine task thread for /0.0.0.0:36949 - 0 ] INFO  ratis.XceiverServerRatis (XceiverServerRatis.java:getRealPort(503)) - XceiverServerRatis e56ee20f-9a03-437e-8d1d-8d6614c978b9 is started using port 35337 for RATIS_SERVER
2021-08-25 23:20:08,527 [EndpointStateMachine task thread for /0.0.0.0:36949 - 0 ] INFO  server.XceiverServerGrpc (XceiverServerGrpc.java:start(135)) - XceiverServerGrpc e56ee20f-9a03-437e-8d1d-8d6614c978b9 is started using port 44253
2021-08-25 23:20:08,657 [EndpointStateMachine task thread for /0.0.0.0:36949 - 0 ] INFO  ozoneimpl.OzoneContainer (OzoneContainer.java:start(305)) - Attempting to start container services.
2021-08-25 23:20:08,658 [EndpointStateMachine task thread for /0.0.0.0:36949 - 0 ] INFO  ozoneimpl.OzoneContainer (OzoneContainer.java:startContainerScrub(250)) - Background container scanner has been disabled.
2021-08-25 23:20:08,659 [EndpointStateMachine task thread for /0.0.0.0:36949 - 0 ] INFO  replication.ReplicationServer (ReplicationServer.java:start(107)) - ReplicationServer is started using port 41993
2021-08-25 23:20:08,659 [EndpointStateMachine task thread for /0.0.0.0:36949 - 0 ] INFO  ratis.XceiverServerRatis (XceiverServerRatis.java:start(482)) - Starting XceiverServerRatis 02c65f58-31b6-441b-a599-132cd2d8b363
2021-08-25 23:20:08,661 [EndpointStateMachine task thread for /0.0.0.0:36949 - 0 ] INFO  server.RaftServer (RaftServerProxy.java:lambda$start$5(374)) - 02c65f58-31b6-441b-a599-132cd2d8b363: start RPC server
2021-08-25 23:20:08,663 [EndpointStateMachine task thread for /0.0.0.0:36949 - 0 ] INFO  server.GrpcService (GrpcService.java:startImpl(253)) - 02c65f58-31b6-441b-a599-132cd2d8b363: GrpcService started, listening on 34905
2021-08-25 23:20:08,663 [EndpointStateMachine task thread for /0.0.0.0:36949 - 0 ] INFO  ratis.XceiverServerRatis (XceiverServerRatis.java:getRealPort(503)) - XceiverServerRatis 02c65f58-31b6-441b-a599-132cd2d8b363 is started using port 34905 for RATIS
2021-08-25 23:20:08,663 [EndpointStateMachine task thread for /0.0.0.0:36949 - 0 ] INFO  ratis.XceiverServerRatis (XceiverServerRatis.java:getRealPort(503)) - XceiverServerRatis 02c65f58-31b6-441b-a599-132cd2d8b363 is started using port 34905 for RATIS_ADMIN
2021-08-25 23:20:08,663 [org.apache.ratis.util.JvmPauseMonitor$$Lambda$531/840931289@351fd4c5] INFO  util.JvmPauseMonitor (JvmPauseMonitor.java:run(103)) - JvmPauseMonitor-02c65f58-31b6-441b-a599-132cd2d8b363: Started
2021-08-25 23:20:08,663 [EndpointStateMachine task thread for /0.0.0.0:36949 - 0 ] INFO  ratis.XceiverServerRatis (XceiverServerRatis.java:getRealPort(503)) - XceiverServerRatis 02c65f58-31b6-441b-a599-132cd2d8b363 is started using port 34905 for RATIS_SERVER
2021-08-25 23:20:08,670 [EndpointStateMachine task thread for /0.0.0.0:36949 - 0 ] INFO  server.XceiverServerGrpc (XceiverServerGrpc.java:start(135)) - XceiverServerGrpc 02c65f58-31b6-441b-a599-132cd2d8b363 is started using port 35275
2021-08-25 23:20:08,821 [Listener at 127.0.0.1/39119] INFO  ozone.MiniOzoneClusterImpl (MiniOzoneClusterImpl.java:lambda$waitForClusterToBeReady$0(235)) - Waiting for nodes to be ready. Got 0 of 9 DN Heartbeats.
2021-08-25 23:20:08,821 [Listener at 127.0.0.1/39119] INFO  ozone.MiniOzoneClusterImpl (MiniOzoneClusterImpl.java:lambda$waitForClusterToBeReady$0(238)) - Waiting for cluster to exit safe mode
2021-08-25 23:20:08,821 [Listener at 127.0.0.1/39119] INFO  ozone.MiniOzoneClusterImpl (MiniOzoneClusterImpl.java:lambda$waitForClusterToBeReady$0(240)) - SCM became leader
2021-08-25 23:20:08,831 [EndpointStateMachine task thread for /0.0.0.0:36949 - 0 ] INFO  ozoneimpl.OzoneContainer (OzoneContainer.java:start(305)) - Attempting to start container services.
2021-08-25 23:20:08,831 [EndpointStateMachine task thread for /0.0.0.0:36949 - 0 ] INFO  ozoneimpl.OzoneContainer (OzoneContainer.java:startContainerScrub(250)) - Background container scanner has been disabled.
2021-08-25 23:20:08,836 [EndpointStateMachine task thread for /0.0.0.0:36949 - 0 ] INFO  replication.ReplicationServer (ReplicationServer.java:start(107)) - ReplicationServer is started using port 45905
2021-08-25 23:20:08,837 [EndpointStateMachine task thread for /0.0.0.0:36949 - 0 ] INFO  ratis.XceiverServerRatis (XceiverServerRatis.java:start(482)) - Starting XceiverServerRatis 4553ea2b-b05c-4809-ad97-5bb271da1b92
2021-08-25 23:20:08,837 [EndpointStateMachine task thread for /0.0.0.0:36949 - 0 ] INFO  server.RaftServer (RaftServerProxy.java:lambda$start$5(374)) - 4553ea2b-b05c-4809-ad97-5bb271da1b92: start RPC server
2021-08-25 23:20:08,839 [EndpointStateMachine task thread for /0.0.0.0:36949 - 0 ] INFO  server.GrpcService (GrpcService.java:startImpl(253)) - 4553ea2b-b05c-4809-ad97-5bb271da1b92: GrpcService started, listening on 36113
2021-08-25 23:20:08,839 [EndpointStateMachine task thread for /0.0.0.0:36949 - 0 ] INFO  ratis.XceiverServerRatis (XceiverServerRatis.java:getRealPort(503)) - XceiverServerRatis 4553ea2b-b05c-4809-ad97-5bb271da1b92 is started using port 36113 for RATIS
2021-08-25 23:20:08,839 [org.apache.ratis.util.JvmPauseMonitor$$Lambda$531/840931289@3acb4cb3] INFO  util.JvmPauseMonitor (JvmPauseMonitor.java:run(103)) - JvmPauseMonitor-4553ea2b-b05c-4809-ad97-5bb271da1b92: Started
2021-08-25 23:20:08,840 [EndpointStateMachine task thread for /0.0.0.0:36949 - 0 ] INFO  ratis.XceiverServerRatis (XceiverServerRatis.java:getRealPort(503)) - XceiverServerRatis 4553ea2b-b05c-4809-ad97-5bb271da1b92 is started using port 36113 for RATIS_ADMIN
2021-08-25 23:20:08,840 [EndpointStateMachine task thread for /0.0.0.0:36949 - 0 ] INFO  ratis.XceiverServerRatis (XceiverServerRatis.java:getRealPort(503)) - XceiverServerRatis 4553ea2b-b05c-4809-ad97-5bb271da1b92 is started using port 36113 for RATIS_SERVER
2021-08-25 23:20:08,841 [EndpointStateMachine task thread for /0.0.0.0:36949 - 0 ] INFO  server.XceiverServerGrpc (XceiverServerGrpc.java:start(135)) - XceiverServerGrpc 4553ea2b-b05c-4809-ad97-5bb271da1b92 is started using port 43949
2021-08-25 23:20:09,016 [IPC Server handler 2 on default port 36949] INFO  net.NetworkTopologyImpl (NetworkTopologyImpl.java:add(112)) - Added a new node: /default-rack/d3a6c254-c963-411b-bd1c-0e160a3b8690
2021-08-25 23:20:09,018 [IPC Server handler 2 on default port 36949] INFO  node.SCMNodeManager (SCMNodeManager.java:register(390)) - Registered Data node : d3a6c254-c963-411b-bd1c-0e160a3b8690{ip: 10.1.0.32, host: fv-az12-462.exdb2aeach2ezidoxz41lk3bwg.cx.internal.cloudapp.net, ports: [REPLICATION=35377, RATIS=42735, RATIS_ADMIN=42735, RATIS_SERVER=42735, STANDALONE=41829], networkLocation: /default-rack, certSerialId: null, persistedOpState: null, persistedOpStateExpiryEpochSec: 0}
2021-08-25 23:20:09,021 [EventQueue-NewNodeForNewNodeHandler] INFO  pipeline.BackgroundPipelineCreator (BackgroundPipelineCreatorV2.java:notifyEventTriggered(285)) - trigger a one-shot run on RatisPipelineUtilsThread.
2021-08-25 23:20:09,023 [EventQueue-NodeRegistrationContainerReportForDataNodeSafeModeRule] INFO  safemode.SCMSafeModeManager (DataNodeSafeModeRule.java:process(71)) - SCM in safe mode. 1 DataNodes registered, 3 required.
2021-08-25 23:20:09,024 [EventQueue-NodeRegistrationContainerReportForContainerSafeModeRule] INFO  safemode.SCMSafeModeManager (SCMSafeModeManager.java:validateSafeModeExitRules(204)) - ContainerSafeModeRule rule is successfully validated
2021-08-25 23:20:09,024 [EventQueue-PipelineReportForOneReplicaPipelineSafeModeRule] INFO  safemode.SCMSafeModeManager (SCMSafeModeManager.java:validateSafeModeExitRules(204)) - AtleastOneDatanodeReportedRule rule is successfully validated
2021-08-25 23:20:09,034 [RatisPipelineUtilsThread - 0] INFO  pipeline.RatisPipelineProvider (RatisPipelineProvider.java:lambda$create$0(183)) - Sending CreatePipelineCommand for pipeline:PipelineID=bb4e502b-6c1b-4048-ae63-6eebec280c44 to datanode:d3a6c254-c963-411b-bd1c-0e160a3b8690
2021-08-25 23:20:09,041 [RatisPipelineUtilsThread - 0] INFO  pipeline.PipelineStateManager (PipelineStateManagerV2Impl.java:addPipeline(101)) - Created pipeline Pipeline[ Id: bb4e502b-6c1b-4048-ae63-6eebec280c44, Nodes: d3a6c254-c963-411b-bd1c-0e160a3b8690{ip: 10.1.0.32, host: fv-az12-462.exdb2aeach2ezidoxz41lk3bwg.cx.internal.cloudapp.net, ports: [REPLICATION=35377, RATIS=42735, RATIS_ADMIN=42735, RATIS_SERVER=42735, STANDALONE=41829], networkLocation: /default-rack, certSerialId: null, persistedOpState: IN_SERVICE, persistedOpStateExpiryEpochSec: 0}, ReplicationConfig: RATIS/ONE, State:ALLOCATED, leaderId:, CreationTimestamp2021-08-25T23:20:09.032Z[Etc/UTC]].
2021-08-25 23:20:09,264 [IPC Server handler 4 on default port 36949] INFO  net.NetworkTopologyImpl (NetworkTopologyImpl.java:add(112)) - Added a new node: /default-rack/282e11bf-8d58-444e-a800-cb732d8168d5
2021-08-25 23:20:09,264 [IPC Server handler 4 on default port 36949] INFO  node.SCMNodeManager (SCMNodeManager.java:register(390)) - Registered Data node : 282e11bf-8d58-444e-a800-cb732d8168d5{ip: 10.1.0.32, host: fv-az12-462.exdb2aeach2ezidoxz41lk3bwg.cx.internal.cloudapp.net, ports: [REPLICATION=35189, RATIS=39035, RATIS_ADMIN=39035, RATIS_SERVER=39035, STANDALONE=37603], networkLocation: /default-rack, certSerialId: null, persistedOpState: null, persistedOpStateExpiryEpochSec: 0}
2021-08-25 23:20:09,264 [EventQueue-NewNodeForNewNodeHandler] INFO  pipeline.BackgroundPipelineCreator (BackgroundPipelineCreatorV2.java:notifyEventTriggered(285)) - trigger a one-shot run on RatisPipelineUtilsThread.
2021-08-25 23:20:09,266 [EventQueue-NodeRegistrationContainerReportForDataNodeSafeModeRule] INFO  safemode.SCMSafeModeManager (DataNodeSafeModeRule.java:process(71)) - SCM in safe mode. 2 DataNodes registered, 3 required.
2021-08-25 23:20:09,268 [RatisPipelineUtilsThread - 0] INFO  pipeline.RatisPipelineProvider (RatisPipelineProvider.java:lambda$create$0(183)) - Sending CreatePipelineCommand for pipeline:PipelineID=63f08369-242b-4be1-9b9a-ec4d5b6dbba9 to datanode:282e11bf-8d58-444e-a800-cb732d8168d5
2021-08-25 23:20:09,268 [RatisPipelineUtilsThread - 0] INFO  pipeline.PipelineStateManager (PipelineStateManagerV2Impl.java:addPipeline(101)) - Created pipeline Pipeline[ Id: 63f08369-242b-4be1-9b9a-ec4d5b6dbba9, Nodes: 282e11bf-8d58-444e-a800-cb732d8168d5{ip: 10.1.0.32, host: fv-az12-462.exdb2aeach2ezidoxz41lk3bwg.cx.internal.cloudapp.net, ports: [REPLICATION=35189, RATIS=39035, RATIS_ADMIN=39035, RATIS_SERVER=39035, STANDALONE=37603], networkLocation: /default-rack, certSerialId: null, persistedOpState: IN_SERVICE, persistedOpStateExpiryEpochSec: 0}, ReplicationConfig: RATIS/ONE, State:ALLOCATED, leaderId:, CreationTimestamp2021-08-25T23:20:09.268Z[Etc/UTC]].
2021-08-25 23:20:09,433 [IPC Server handler 6 on default port 36949] INFO  net.NetworkTopologyImpl (NetworkTopologyImpl.java:add(112)) - Added a new node: /default-rack/551d55f6-e55a-4cfa-9f5c-62fc7ce672f1
2021-08-25 23:20:09,433 [IPC Server handler 6 on default port 36949] INFO  node.SCMNodeManager (SCMNodeManager.java:register(390)) - Registered Data node : 551d55f6-e55a-4cfa-9f5c-62fc7ce672f1{ip: 10.1.0.32, host: fv-az12-462.exdb2aeach2ezidoxz41lk3bwg.cx.internal.cloudapp.net, ports: [REPLICATION=45975, RATIS=34175, RATIS_ADMIN=34175, RATIS_SERVER=34175, STANDALONE=36595], networkLocation: /default-rack, certSerialId: null, persistedOpState: null, persistedOpStateExpiryEpochSec: 0}
2021-08-25 23:20:09,434 [EventQueue-NewNodeForNewNodeHandler] INFO  pipeline.BackgroundPipelineCreator (BackgroundPipelineCreatorV2.java:notifyEventTriggered(285)) - trigger a one-shot run on RatisPipelineUtilsThread.
2021-08-25 23:20:09,435 [EventQueue-NodeRegistrationContainerReportForDataNodeSafeModeRule] INFO  safemode.SCMSafeModeManager (DataNodeSafeModeRule.java:process(71)) - SCM in safe mode. 3 DataNodes registered, 3 required.
2021-08-25 23:20:09,435 [EventQueue-NodeRegistrationContainerReportForDataNodeSafeModeRule] INFO  safemode.SCMSafeModeManager (SCMSafeModeManager.java:validateSafeModeExitRules(204)) - DataNodeSafeModeRule rule is successfully validated
2021-08-25 23:20:09,435 [EventQueue-NodeRegistrationContainerReportForDataNodeSafeModeRule] INFO  safemode.SCMSafeModeManager (SCMSafeModeManager.java:completePreCheck(233)) - All SCM safe mode pre check rules have passed
2021-08-25 23:20:09,435 [EventQueue-NodeRegistrationContainerReportForDataNodeSafeModeRule] WARN  events.EventQueue (EventQueue.java:fireEvent(194)) - No event handler registered for event TypedEvent{payloadType=SafeModeStatus, name='Safe mode status'}
2021-08-25 23:20:09,435 [EventQueue-NodeRegistrationContainerReportForDataNodeSafeModeRule] INFO  ha.SCMContext (SCMContext.java:updateSafeModeStatus(205)) - Update SafeModeStatus from SafeModeStatus{safeModeStatus=true, preCheckPassed=false} to SafeModeStatus{safeModeStatus=true, preCheckPassed=true}.
2021-08-25 23:20:09,435 [EventQueue-NodeRegistrationContainerReportForDataNodeSafeModeRule] INFO  pipeline.BackgroundPipelineCreator (BackgroundPipelineCreatorV2.java:notifyEventTriggered(285)) - trigger a one-shot run on RatisPipelineUtilsThread.
2021-08-25 23:20:09,436 [RatisPipelineUtilsThread - 0] INFO  pipeline.RatisPipelineProvider (RatisPipelineProvider.java:lambda$create$0(183)) - Sending CreatePipelineCommand for pipeline:PipelineID=9e9041c8-3114-4e2c-b4af-4799fec00e20 to datanode:551d55f6-e55a-4cfa-9f5c-62fc7ce672f1
2021-08-25 23:20:09,437 [RatisPipelineUtilsThread - 0] INFO  pipeline.PipelineStateManager (PipelineStateManagerV2Impl.java:addPipeline(101)) - Created pipeline Pipeline[ Id: 9e9041c8-3114-4e2c-b4af-4799fec00e20, Nodes: 551d55f6-e55a-4cfa-9f5c-62fc7ce672f1{ip: 10.1.0.32, host: fv-az12-462.exdb2aeach2ezidoxz41lk3bwg.cx.internal.cloudapp.net, ports: [REPLICATION=45975, RATIS=34175, RATIS_ADMIN=34175, RATIS_SERVER=34175, STANDALONE=36595], networkLocation: /default-rack, certSerialId: null, persistedOpState: IN_SERVICE, persistedOpStateExpiryEpochSec: 0}, ReplicationConfig: RATIS/ONE, State:ALLOCATED, leaderId:, CreationTimestamp2021-08-25T23:20:09.436Z[Etc/UTC]].
2021-08-25 23:20:09,440 [RatisPipelineUtilsThread - 0] INFO  pipeline.RatisPipelineProvider (RatisPipelineProvider.java:lambda$create$0(183)) - Sending CreatePipelineCommand for pipeline:PipelineID=96e4d95f-3c0f-4364-8360-a0c5cfe587c4 to datanode:d3a6c254-c963-411b-bd1c-0e160a3b8690
2021-08-25 23:20:09,440 [RatisPipelineUtilsThread - 0] INFO  pipeline.RatisPipelineProvider (RatisPipelineProvider.java:lambda$create$0(183)) - Sending CreatePipelineCommand for pipeline:PipelineID=96e4d95f-3c0f-4364-8360-a0c5cfe587c4 to datanode:551d55f6-e55a-4cfa-9f5c-62fc7ce672f1
2021-08-25 23:20:09,440 [RatisPipelineUtilsThread - 0] INFO  pipeline.RatisPipelineProvider (RatisPipelineProvider.java:lambda$create$0(183)) - Sending CreatePipelineCommand for pipeline:PipelineID=96e4d95f-3c0f-4364-8360-a0c5cfe587c4 to datanode:282e11bf-8d58-444e-a800-cb732d8168d5
2021-08-25 23:20:09,441 [RatisPipelineUtilsThread - 0] INFO  pipeline.PipelineStateManager (PipelineStateManagerV2Impl.java:addPipeline(101)) - Created pipeline Pipeline[ Id: 96e4d95f-3c0f-4364-8360-a0c5cfe587c4, Nodes: d3a6c254-c963-411b-bd1c-0e160a3b8690{ip: 10.1.0.32, host: fv-az12-462.exdb2aeach2ezidoxz41lk3bwg.cx.internal.cloudapp.net, ports: [REPLICATION=35377, RATIS=42735, RATIS_ADMIN=42735, RATIS_SERVER=42735, STANDALONE=41829], networkLocation: /default-rack, certSerialId: null, persistedOpState: IN_SERVICE, persistedOpStateExpiryEpochSec: 0}551d55f6-e55a-4cfa-9f5c-62fc7ce672f1{ip: 10.1.0.32, host: fv-az12-462.exdb2aeach2ezidoxz41lk3bwg.cx.internal.cloudapp.net, ports: [REPLICATION=45975, RATIS=34175, RATIS_ADMIN=34175, RATIS_SERVER=34175, STANDALONE=36595], networkLocation: /default-rack, certSerialId: null, persistedOpState: IN_SERVICE, persistedOpStateExpiryEpochSec: 0}282e11bf-8d58-444e-a800-cb732d8168d5{ip: 10.1.0.32, host: fv-az12-462.exdb2aeach2ezidoxz41lk3bwg.cx.internal.cloudapp.net, ports: [REPLICATION=35189, RATIS=39035, RATIS_ADMIN=39035, RATIS_SERVER=39035, STANDALONE=37603], networkLocation: /default-rack, certSerialId: null, persistedOpState: IN_SERVICE, persistedOpStateExpiryEpochSec: 0}, ReplicationConfig: RATIS/THREE, State:ALLOCATED, leaderId:, CreationTimestamp2021-08-25T23:20:09.440Z[Etc/UTC]].
2021-08-25 23:20:09,821 [Listener at 127.0.0.1/39119] INFO  ozone.MiniOzoneClusterImpl (MiniOzoneClusterImpl.java:lambda$waitForClusterToBeReady$0(235)) - Waiting for nodes to be ready. Got 3 of 9 DN Heartbeats.
2021-08-25 23:20:09,822 [Listener at 127.0.0.1/39119] INFO  ozone.MiniOzoneClusterImpl (MiniOzoneClusterImpl.java:lambda$waitForClusterToBeReady$0(238)) - Waiting for cluster to exit safe mode
2021-08-25 23:20:09,823 [Listener at 127.0.0.1/39119] INFO  ozone.MiniOzoneClusterImpl (MiniOzoneClusterImpl.java:lambda$waitForClusterToBeReady$0(240)) - SCM became leader
2021-08-25 23:20:09,920 [IPC Server handler 2 on default port 36949] INFO  net.NetworkTopologyImpl (NetworkTopologyImpl.java:add(112)) - Added a new node: /default-rack/d2e949a9-e5b3-4c4c-92b0-47a0169dba23
2021-08-25 23:20:09,921 [IPC Server handler 2 on default port 36949] INFO  node.SCMNodeManager (SCMNodeManager.java:register(390)) - Registered Data node : d2e949a9-e5b3-4c4c-92b0-47a0169dba23{ip: 10.1.0.32, host: fv-az12-462.exdb2aeach2ezidoxz41lk3bwg.cx.internal.cloudapp.net, ports: [REPLICATION=43891, RATIS=37449, RATIS_ADMIN=37449, RATIS_SERVER=37449, STANDALONE=38135], networkLocation: /default-rack, certSerialId: null, persistedOpState: null, persistedOpStateExpiryEpochSec: 0}
2021-08-25 23:20:09,921 [EventQueue-NewNodeForNewNodeHandler] INFO  pipeline.BackgroundPipelineCreator (BackgroundPipelineCreatorV2.java:notifyEventTriggered(285)) - trigger a one-shot run on RatisPipelineUtilsThread.
2021-08-25 23:20:09,922 [RatisPipelineUtilsThread - 0] INFO  pipeline.RatisPipelineProvider (RatisPipelineProvider.java:lambda$create$0(183)) - Sending CreatePipelineCommand for pipeline:PipelineID=5e7708cc-accf-450f-89b3-ea16c3ceb103 to datanode:d2e949a9-e5b3-4c4c-92b0-47a0169dba23
2021-08-25 23:20:09,923 [RatisPipelineUtilsThread - 0] INFO  pipeline.PipelineStateManager (PipelineStateManagerV2Impl.java:addPipeline(101)) - Created pipeline Pipeline[ Id: 5e7708cc-accf-450f-89b3-ea16c3ceb103, Nodes: d2e949a9-e5b3-4c4c-92b0-47a0169dba23{ip: 10.1.0.32, host: fv-az12-462.exdb2aeach2ezidoxz41lk3bwg.cx.internal.cloudapp.net, ports: [REPLICATION=43891, RATIS=37449, RATIS_ADMIN=37449, RATIS_SERVER=37449, STANDALONE=38135], networkLocation: /default-rack, certSerialId: null, persistedOpState: IN_SERVICE, persistedOpStateExpiryEpochSec: 0}, ReplicationConfig: RATIS/ONE, State:ALLOCATED, leaderId:, CreationTimestamp2021-08-25T23:20:09.922Z[Etc/UTC]].
2021-08-25 23:20:10,132 [IPC Server handler 4 on default port 36949] INFO  net.NetworkTopologyImpl (NetworkTopologyImpl.java:add(112)) - Added a new node: /default-rack/55460722-07fd-4e57-847c-29244a947e0a
2021-08-25 23:20:10,132 [IPC Server handler 4 on default port 36949] INFO  node.SCMNodeManager (SCMNodeManager.java:register(390)) - Registered Data node : 55460722-07fd-4e57-847c-29244a947e0a{ip: 10.1.0.32, host: fv-az12-462.exdb2aeach2ezidoxz41lk3bwg.cx.internal.cloudapp.net, ports: [REPLICATION=45061, RATIS=40409, RATIS_ADMIN=40409, RATIS_SERVER=40409, STANDALONE=35129], networkLocation: /default-rack, certSerialId: null, persistedOpState: null, persistedOpStateExpiryEpochSec: 0}
2021-08-25 23:20:10,133 [EventQueue-NewNodeForNewNodeHandler] INFO  pipeline.BackgroundPipelineCreator (BackgroundPipelineCreatorV2.java:notifyEventTriggered(285)) - trigger a one-shot run on RatisPipelineUtilsThread.
2021-08-25 23:20:10,135 [RatisPipelineUtilsThread - 0] INFO  pipeline.RatisPipelineProvider (RatisPipelineProvider.java:lambda$create$0(183)) - Sending CreatePipelineCommand for pipeline:PipelineID=a08f549b-4053-449d-b408-d975e08d8ef0 to datanode:55460722-07fd-4e57-847c-29244a947e0a
2021-08-25 23:20:10,135 [RatisPipelineUtilsThread - 0] INFO  pipeline.PipelineStateManager (PipelineStateManagerV2Impl.java:addPipeline(101)) - Created pipeline Pipeline[ Id: a08f549b-4053-449d-b408-d975e08d8ef0, Nodes: 55460722-07fd-4e57-847c-29244a947e0a{ip: 10.1.0.32, host: fv-az12-462.exdb2aeach2ezidoxz41lk3bwg.cx.internal.cloudapp.net, ports: [REPLICATION=45061, RATIS=40409, RATIS_ADMIN=40409, RATIS_SERVER=40409, STANDALONE=35129], networkLocation: /default-rack, certSerialId: null, persistedOpState: IN_SERVICE, persistedOpStateExpiryEpochSec: 0}, ReplicationConfig: RATIS/ONE, State:ALLOCATED, leaderId:, CreationTimestamp2021-08-25T23:20:10.135Z[Etc/UTC]].
2021-08-25 23:20:10,322 [IPC Server handler 6 on default port 36949] INFO  net.NetworkTopologyImpl (NetworkTopologyImpl.java:add(112)) - Added a new node: /default-rack/f3c5edec-fcc1-440f-ba30-167340659c5c
2021-08-25 23:20:10,322 [IPC Server handler 6 on default port 36949] INFO  node.SCMNodeManager (SCMNodeManager.java:register(390)) - Registered Data node : f3c5edec-fcc1-440f-ba30-167340659c5c{ip: 10.1.0.32, host: fv-az12-462.exdb2aeach2ezidoxz41lk3bwg.cx.internal.cloudapp.net, ports: [REPLICATION=46521, RATIS=45103, RATIS_ADMIN=45103, RATIS_SERVER=45103, STANDALONE=32773], networkLocation: /default-rack, certSerialId: null, persistedOpState: null, persistedOpStateExpiryEpochSec: 0}
2021-08-25 23:20:10,322 [EventQueue-NewNodeForNewNodeHandler] INFO  pipeline.BackgroundPipelineCreator (BackgroundPipelineCreatorV2.java:notifyEventTriggered(285)) - trigger a one-shot run on RatisPipelineUtilsThread.
2021-08-25 23:20:10,323 [RatisPipelineUtilsThread - 0] INFO  pipeline.RatisPipelineProvider (RatisPipelineProvider.java:lambda$create$0(183)) - Sending CreatePipelineCommand for pipeline:PipelineID=e9796aa1-dbd9-43ab-bad6-970c7929bed2 to datanode:f3c5edec-fcc1-440f-ba30-167340659c5c
2021-08-25 23:20:10,324 [RatisPipelineUtilsThread - 0] INFO  pipeline.PipelineStateManager (PipelineStateManagerV2Impl.java:addPipeline(101)) - Created pipeline Pipeline[ Id: e9796aa1-dbd9-43ab-bad6-970c7929bed2, Nodes: f3c5edec-fcc1-440f-ba30-167340659c5c{ip: 10.1.0.32, host: fv-az12-462.exdb2aeach2ezidoxz41lk3bwg.cx.internal.cloudapp.net, ports: [REPLICATION=46521, RATIS=45103, RATIS_ADMIN=45103, RATIS_SERVER=45103, STANDALONE=32773], networkLocation: /default-rack, certSerialId: null, persistedOpState: IN_SERVICE, persistedOpStateExpiryEpochSec: 0}, ReplicationConfig: RATIS/ONE, State:ALLOCATED, leaderId:, CreationTimestamp2021-08-25T23:20:10.323Z[Etc/UTC]].
2021-08-25 23:20:10,324 [RatisPipelineUtilsThread - 0] INFO  pipeline.RatisPipelineProvider (RatisPipelineProvider.java:lambda$create$0(183)) - Sending CreatePipelineCommand for pipeline:PipelineID=0d03a30e-984d-483d-b770-35e29bafb5c9 to datanode:d2e949a9-e5b3-4c4c-92b0-47a0169dba23
2021-08-25 23:20:10,324 [RatisPipelineUtilsThread - 0] INFO  pipeline.RatisPipelineProvider (RatisPipelineProvider.java:lambda$create$0(183)) - Sending CreatePipelineCommand for pipeline:PipelineID=0d03a30e-984d-483d-b770-35e29bafb5c9 to datanode:f3c5edec-fcc1-440f-ba30-167340659c5c
2021-08-25 23:20:10,324 [RatisPipelineUtilsThread - 0] INFO  pipeline.RatisPipelineProvider (RatisPipelineProvider.java:lambda$create$0(183)) - Sending CreatePipelineCommand for pipeline:PipelineID=0d03a30e-984d-483d-b770-35e29bafb5c9 to datanode:55460722-07fd-4e57-847c-29244a947e0a
2021-08-25 23:20:10,325 [RatisPipelineUtilsThread - 0] INFO  pipeline.PipelineStateManager (PipelineStateManagerV2Impl.java:addPipeline(101)) - Created pipeline Pipeline[ Id: 0d03a30e-984d-483d-b770-35e29bafb5c9, Nodes: d2e949a9-e5b3-4c4c-92b0-47a0169dba23{ip: 10.1.0.32, host: fv-az12-462.exdb2aeach2ezidoxz41lk3bwg.cx.internal.cloudapp.net, ports: [REPLICATION=43891, RATIS=37449, RATIS_ADMIN=37449, RATIS_SERVER=37449, STANDALONE=38135], networkLocation: /default-rack, certSerialId: null, persistedOpState: IN_SERVICE, persistedOpStateExpiryEpochSec: 0}f3c5edec-fcc1-440f-ba30-167340659c5c{ip: 10.1.0.32, host: fv-az12-462.exdb2aeach2ezidoxz41lk3bwg.cx.internal.cloudapp.net, ports: [REPLICATION=46521, RATIS=45103, RATIS_ADMIN=45103, RATIS_SERVER=45103, STANDALONE=32773], networkLocation: /default-rack, certSerialId: null, persistedOpState: IN_SERVICE, persistedOpStateExpiryEpochSec: 0}55460722-07fd-4e57-847c-29244a947e0a{ip: 10.1.0.32, host: fv-az12-462.exdb2aeach2ezidoxz41lk3bwg.cx.internal.cloudapp.net, ports: [REPLICATION=45061, RATIS=40409, RATIS_ADMIN=40409, RATIS_SERVER=40409, STANDALONE=35129], networkLocation: /default-rack, certSerialId: null, persistedOpState: IN_SERVICE, persistedOpStateExpiryEpochSec: 0}, ReplicationConfig: RATIS/THREE, State:ALLOCATED, leaderId:, CreationTimestamp2021-08-25T23:20:10.324Z[Etc/UTC]].
2021-08-25 23:20:10,512 [IPC Server handler 5 on default port 36949] INFO  net.NetworkTopologyImpl (NetworkTopologyImpl.java:add(112)) - Added a new node: /default-rack/e56ee20f-9a03-437e-8d1d-8d6614c978b9
2021-08-25 23:20:10,513 [IPC Server handler 5 on default port 36949] INFO  node.SCMNodeManager (SCMNodeManager.java:register(390)) - Registered Data node : e56ee20f-9a03-437e-8d1d-8d6614c978b9{ip: 10.1.0.32, host: fv-az12-462.exdb2aeach2ezidoxz41lk3bwg.cx.internal.cloudapp.net, ports: [REPLICATION=38795, RATIS=35337, RATIS_ADMIN=35337, RATIS_SERVER=35337, STANDALONE=44253], networkLocation: /default-rack, certSerialId: null, persistedOpState: null, persistedOpStateExpiryEpochSec: 0}
2021-08-25 23:20:10,513 [EventQueue-NewNodeForNewNodeHandler] INFO  pipeline.BackgroundPipelineCreator (BackgroundPipelineCreatorV2.java:notifyEventTriggered(285)) - trigger a one-shot run on RatisPipelineUtilsThread.
2021-08-25 23:20:10,514 [RatisPipelineUtilsThread - 0] INFO  pipeline.RatisPipelineProvider (RatisPipelineProvider.java:lambda$create$0(183)) - Sending CreatePipelineCommand for pipeline:PipelineID=65f77d9c-e1aa-4389-88a0-416aa078e38f to datanode:e56ee20f-9a03-437e-8d1d-8d6614c978b9
2021-08-25 23:20:10,515 [RatisPipelineUtilsThread - 0] INFO  pipeline.PipelineStateManager (PipelineStateManagerV2Impl.java:addPipeline(101)) - Created pipeline Pipeline[ Id: 65f77d9c-e1aa-4389-88a0-416aa078e38f, Nodes: e56ee20f-9a03-437e-8d1d-8d6614c978b9{ip: 10.1.0.32, host: fv-az12-462.exdb2aeach2ezidoxz41lk3bwg.cx.internal.cloudapp.net, ports: [REPLICATION=38795, RATIS=35337, RATIS_ADMIN=35337, RATIS_SERVER=35337, STANDALONE=44253], networkLocation: /default-rack, certSerialId: null, persistedOpState: IN_SERVICE, persistedOpStateExpiryEpochSec: 0}, ReplicationConfig: RATIS/ONE, State:ALLOCATED, leaderId:, CreationTimestamp2021-08-25T23:20:10.514Z[Etc/UTC]].
2021-08-25 23:20:10,656 [IPC Server handler 0 on default port 36949] INFO  net.NetworkTopologyImpl (NetworkTopologyImpl.java:add(112)) - Added a new node: /default-rack/02c65f58-31b6-441b-a599-132cd2d8b363
2021-08-25 23:20:10,656 [IPC Server handler 0 on default port 36949] INFO  node.SCMNodeManager (SCMNodeManager.java:register(390)) - Registered Data node : 02c65f58-31b6-441b-a599-132cd2d8b363{ip: 10.1.0.32, host: fv-az12-462.exdb2aeach2ezidoxz41lk3bwg.cx.internal.cloudapp.net, ports: [REPLICATION=41993, RATIS=34905, RATIS_ADMIN=34905, RATIS_SERVER=34905, STANDALONE=35275], networkLocation: /default-rack, certSerialId: null, persistedOpState: null, persistedOpStateExpiryEpochSec: 0}
2021-08-25 23:20:10,657 [EventQueue-NewNodeForNewNodeHandler] INFO  pipeline.BackgroundPipelineCreator (BackgroundPipelineCreatorV2.java:notifyEventTriggered(285)) - trigger a one-shot run on RatisPipelineUtilsThread.
2021-08-25 23:20:10,659 [RatisPipelineUtilsThread - 0] INFO  pipeline.RatisPipelineProvider (RatisPipelineProvider.java:lambda$create$0(183)) - Sending CreatePipelineCommand for pipeline:PipelineID=844d1fb8-d5cd-4663-bc04-4913882f1bf6 to datanode:02c65f58-31b6-441b-a599-132cd2d8b363
2021-08-25 23:20:10,660 [RatisPipelineUtilsThread - 0] INFO  pipeline.PipelineStateManager (PipelineStateManagerV2Impl.java:addPipeline(101)) - Created pipeline Pipeline[ Id: 844d1fb8-d5cd-4663-bc04-4913882f1bf6, Nodes: 02c65f58-31b6-441b-a599-132cd2d8b363{ip: 10.1.0.32, host: fv-az12-462.exdb2aeach2ezidoxz41lk3bwg.cx.internal.cloudapp.net, ports: [REPLICATION=41993, RATIS=34905, RATIS_ADMIN=34905, RATIS_SERVER=34905, STANDALONE=35275], networkLocation: /default-rack, certSerialId: null, persistedOpState: IN_SERVICE, persistedOpStateExpiryEpochSec: 0}, ReplicationConfig: RATIS/ONE, State:ALLOCATED, leaderId:, CreationTimestamp2021-08-25T23:20:10.659Z[Etc/UTC]].
2021-08-25 23:20:10,823 [Listener at 127.0.0.1/39119] INFO  ozone.MiniOzoneClusterImpl (MiniOzoneClusterImpl.java:lambda$waitForClusterToBeReady$0(235)) - Waiting for nodes to be ready. Got 8 of 9 DN Heartbeats.
2021-08-25 23:20:10,823 [Listener at 127.0.0.1/39119] INFO  ozone.MiniOzoneClusterImpl (MiniOzoneClusterImpl.java:lambda$waitForClusterToBeReady$0(238)) - Waiting for cluster to exit safe mode
2021-08-25 23:20:10,823 [Listener at 127.0.0.1/39119] INFO  ozone.MiniOzoneClusterImpl (MiniOzoneClusterImpl.java:lambda$waitForClusterToBeReady$0(240)) - SCM became leader
2021-08-25 23:20:10,830 [IPC Server handler 1 on default port 36949] INFO  net.NetworkTopologyImpl (NetworkTopologyImpl.java:add(112)) - Added a new node: /default-rack/4553ea2b-b05c-4809-ad97-5bb271da1b92
2021-08-25 23:20:10,830 [IPC Server handler 1 on default port 36949] INFO  node.SCMNodeManager (SCMNodeManager.java:register(390)) - Registered Data node : 4553ea2b-b05c-4809-ad97-5bb271da1b92{ip: 10.1.0.32, host: fv-az12-462.exdb2aeach2ezidoxz41lk3bwg.cx.internal.cloudapp.net, ports: [REPLICATION=45905, RATIS=36113, RATIS_ADMIN=36113, RATIS_SERVER=36113, STANDALONE=43949], networkLocation: /default-rack, certSerialId: null, persistedOpState: null, persistedOpStateExpiryEpochSec: 0}
2021-08-25 23:20:10,831 [EventQueue-NewNodeForNewNodeHandler] INFO  pipeline.BackgroundPipelineCreator (BackgroundPipelineCreatorV2.java:notifyEventTriggered(285)) - trigger a one-shot run on RatisPipelineUtilsThread.
2021-08-25 23:20:10,831 [RatisPipelineUtilsThread - 0] INFO  pipeline.RatisPipelineProvider (RatisPipelineProvider.java:lambda$create$0(183)) - Sending CreatePipelineCommand for pipeline:PipelineID=2e707aec-8ed5-4e1f-bdc6-db6cb93ac769 to datanode:4553ea2b-b05c-4809-ad97-5bb271da1b92
2021-08-25 23:20:10,832 [RatisPipelineUtilsThread - 0] INFO  pipeline.PipelineStateManager (PipelineStateManagerV2Impl.java:addPipeline(101)) - Created pipeline Pipeline[ Id: 2e707aec-8ed5-4e1f-bdc6-db6cb93ac769, Nodes: 4553ea2b-b05c-4809-ad97-5bb271da1b92{ip: 10.1.0.32, host: fv-az12-462.exdb2aeach2ezidoxz41lk3bwg.cx.internal.cloudapp.net, ports: [REPLICATION=45905, RATIS=36113, RATIS_ADMIN=36113, RATIS_SERVER=36113, STANDALONE=43949], networkLocation: /default-rack, certSerialId: null, persistedOpState: IN_SERVICE, persistedOpStateExpiryEpochSec: 0}, ReplicationConfig: RATIS/ONE, State:ALLOCATED, leaderId:, CreationTimestamp2021-08-25T23:20:10.831Z[Etc/UTC]].
2021-08-25 23:20:10,832 [RatisPipelineUtilsThread - 0] INFO  pipeline.RatisPipelineProvider (RatisPipelineProvider.java:lambda$create$0(183)) - Sending CreatePipelineCommand for pipeline:PipelineID=69f609fc-1725-4d99-98f5-85f725802a99 to datanode:4553ea2b-b05c-4809-ad97-5bb271da1b92
2021-08-25 23:20:10,832 [RatisPipelineUtilsThread - 0] INFO  pipeline.RatisPipelineProvider (RatisPipelineProvider.java:lambda$create$0(183)) - Sending CreatePipelineCommand for pipeline:PipelineID=69f609fc-1725-4d99-98f5-85f725802a99 to datanode:02c65f58-31b6-441b-a599-132cd2d8b363
2021-08-25 23:20:10,832 [RatisPipelineUtilsThread - 0] INFO  pipeline.RatisPipelineProvider (RatisPipelineProvider.java:lambda$create$0(183)) - Sending CreatePipelineCommand for pipeline:PipelineID=69f609fc-1725-4d99-98f5-85f725802a99 to datanode:e56ee20f-9a03-437e-8d1d-8d6614c978b9
2021-08-25 23:20:10,833 [RatisPipelineUtilsThread - 0] INFO  pipeline.PipelineStateManager (PipelineStateManagerV2Impl.java:addPipeline(101)) - Created pipeline Pipeline[ Id: 69f609fc-1725-4d99-98f5-85f725802a99, Nodes: 4553ea2b-b05c-4809-ad97-5bb271da1b92{ip: 10.1.0.32, host: fv-az12-462.exdb2aeach2ezidoxz41lk3bwg.cx.internal.cloudapp.net, ports: [REPLICATION=45905, RATIS=36113, RATIS_ADMIN=36113, RATIS_SERVER=36113, STANDALONE=43949], networkLocation: /default-rack, certSerialId: null, persistedOpState: IN_SERVICE, persistedOpStateExpiryEpochSec: 0}02c65f58-31b6-441b-a599-132cd2d8b363{ip: 10.1.0.32, host: fv-az12-462.exdb2aeach2ezidoxz41lk3bwg.cx.internal.cloudapp.net, ports: [REPLICATION=41993, RATIS=34905, RATIS_ADMIN=34905, RATIS_SERVER=34905, STANDALONE=35275], networkLocation: /default-rack, certSerialId: null, persistedOpState: IN_SERVICE, persistedOpStateExpiryEpochSec: 0}e56ee20f-9a03-437e-8d1d-8d6614c978b9{ip: 10.1.0.32, host: fv-az12-462.exdb2aeach2ezidoxz41lk3bwg.cx.internal.cloudapp.net, ports: [REPLICATION=38795, RATIS=35337, RATIS_ADMIN=35337, RATIS_SERVER=35337, STANDALONE=44253], networkLocation: /default-rack, certSerialId: null, persistedOpState: IN_SERVICE, persistedOpStateExpiryEpochSec: 0}, ReplicationConfig: RATIS/THREE, State:ALLOCATED, leaderId:, CreationTimestamp2021-08-25T23:20:10.832Z[Etc/UTC]].
2021-08-25 23:20:11,824 [Listener at 127.0.0.1/39119] INFO  ozone.MiniOzoneClusterImpl (MiniOzoneClusterImpl.java:lambda$waitForClusterToBeReady$0(235)) - Nodes are ready. Got 9 of 9 DN Heartbeats.
2021-08-25 23:20:11,825 [Listener at 127.0.0.1/39119] INFO  ozone.MiniOzoneClusterImpl (MiniOzoneClusterImpl.java:lambda$waitForClusterToBeReady$0(238)) - Waiting for cluster to exit safe mode
2021-08-25 23:20:11,825 [Listener at 127.0.0.1/39119] INFO  ozone.MiniOzoneClusterImpl (MiniOzoneClusterImpl.java:lambda$waitForClusterToBeReady$0(240)) - SCM became leader
2021-08-25 23:20:12,009 [Command processor thread] INFO  server.RaftServer (RaftServerProxy.java:addNew(95)) - d3a6c254-c963-411b-bd1c-0e160a3b8690: addNew group-6EEBEC280C44:[d3a6c254-c963-411b-bd1c-0e160a3b8690|rpc:10.1.0.32:42735|priority:1] returns group-6EEBEC280C44:java.util.concurrent.CompletableFuture@511922bf[Not completed]
2021-08-25 23:20:12,025 [pool-55-thread-1] INFO  server.RaftServer$Division (RaftServerImpl.java:<init>(181)) - d3a6c254-c963-411b-bd1c-0e160a3b8690: new RaftServerImpl for group-6EEBEC280C44:[d3a6c254-c963-411b-bd1c-0e160a3b8690|rpc:10.1.0.32:42735|priority:1] with ContainerStateMachine:uninitialized
2021-08-25 23:20:12,028 [pool-55-thread-1] INFO  server.RaftServerConfigKeys (ConfUtils.java:logGet(44)) - raft.server.rpc.timeout.min = 5s (custom)
2021-08-25 23:20:12,028 [pool-55-thread-1] INFO  server.RaftServerConfigKeys (ConfUtils.java:logGet(44)) - raft.server.rpc.timeout.max = 5200ms (custom)
2021-08-25 23:20:12,028 [pool-55-thread-1] INFO  server.RaftServerConfigKeys (ConfUtils.java:logGet(44)) - raft.server.rpc.sleep.time = 25ms (default)
2021-08-25 23:20:12,028 [pool-55-thread-1] INFO  server.RaftServerConfigKeys (ConfUtils.java:logGet(44)) - raft.server.rpc.slowness.timeout = 300000ms (custom)
2021-08-25 23:20:12,028 [pool-55-thread-1] INFO  server.RaftServerConfigKeys (ConfUtils.java:logGet(44)) - raft.server.leaderelection.leader.step-down.wait-time = 10s (default)
2021-08-25 23:20:12,028 [pool-55-thread-1] INFO  server.RaftServerConfigKeys (ConfUtils.java:logGet(44)) - raft.server.sleep.deviation.threshold = 300ms (default)
2021-08-25 23:20:12,028 [pool-55-thread-1] INFO  server.RaftServerConfigKeys (ConfUtils.java:logGet(44)) - raft.server.log.appender.install.snapshot.enabled = false (custom)
2021-08-25 23:20:12,028 [pool-55-thread-1] INFO  server.RaftServer$Division (ServerState.java:<init>(105)) - d3a6c254-c963-411b-bd1c-0e160a3b8690@group-6EEBEC280C44: ConfigurationManager, init=-1: [d3a6c254-c963-411b-bd1c-0e160a3b8690|rpc:10.1.0.32:42735|priority:1], old=null, confs=<EMPTY_MAP>
2021-08-25 23:20:12,028 [pool-55-thread-1] INFO  server.RaftServerConfigKeys (ConfUtils.java:logGet(44)) - raft.server.storage.dir = [/home/runner/work/ozone/ozone/hadoop-ozone/integration-test/target/test-dir/MiniOzoneClusterImpl-05b781a4-7df0-48b9-8d73-8dabce68a637/datanode-0/data/ratis] (custom)
2021-08-25 23:20:12,029 [pool-55-thread-1] INFO  server.RaftServerConfigKeys (ConfUtils.java:logGet(44)) - raft.server.log.corruption.policy = EXCEPTION (default)
2021-08-25 23:20:12,029 [pool-55-thread-1] INFO  server.RaftServerConfigKeys (ConfUtils.java:logGet(44)) - raft.server.storage.free-space.min = 0MB (=0) (default)
2021-08-25 23:20:12,029 [pool-55-thread-1] INFO  storage.RaftStorageDirectory (RaftStorageDirectoryImpl.java:analyzeStorage(135)) - The storage directory /home/runner/work/ozone/ozone/hadoop-ozone/integration-test/target/test-dir/MiniOzoneClusterImpl-05b781a4-7df0-48b9-8d73-8dabce68a637/datanode-0/data/ratis/bb4e502b-6c1b-4048-ae63-6eebec280c44 does not exist. Creating ...
2021-08-25 23:20:12,031 [pool-55-thread-1] INFO  storage.RaftStorageDirectory (RaftStorageDirectoryImpl.java:tryLock(230)) - Lock on /home/runner/work/ozone/ozone/hadoop-ozone/integration-test/target/test-dir/MiniOzoneClusterImpl-05b781a4-7df0-48b9-8d73-8dabce68a637/datanode-0/data/ratis/bb4e502b-6c1b-4048-ae63-6eebec280c44/in_use.lock acquired by nodename 4155@fv-az12-462
2021-08-25 23:20:12,032 [pool-55-thread-1] INFO  storage.RaftStorage (RaftStorageImpl.java:format(89)) - Storage directory /home/runner/work/ozone/ozone/hadoop-ozone/integration-test/target/test-dir/MiniOzoneClusterImpl-05b781a4-7df0-48b9-8d73-8dabce68a637/datanode-0/data/ratis/bb4e502b-6c1b-4048-ae63-6eebec280c44 has been successfully formatted.
2021-08-25 23:20:12,035 [Datanode State Machine Thread - 0] WARN  statemachine.StateContext (StateContext.java:execute(621)) - No available thread in pool for past 1 seconds.
2021-08-25 23:20:12,045 [pool-55-thread-1] INFO  ratis.ContainerStateMachine (ContainerStateMachine.java:loadSnapshot(224)) - group-6EEBEC280C44: The snapshot info is null. Setting the last applied indexto:(t:0, i:~)
2021-08-25 23:20:12,046 [pool-55-thread-1] INFO  server.RaftServerConfigKeys (ConfUtils.java:logGet(44)) - raft.server.notification.no-leader.timeout = 300000ms (custom)
2021-08-25 23:20:12,046 [pool-55-thread-1] INFO  server.RaftServerConfigKeys (ConfUtils.java:logGet(44)) - raft.server.log.use.memory = false (default)
2021-08-25 23:20:12,046 [pool-55-thread-1] INFO  server.RaftServerConfigKeys (ConfUtils.java:logGet(44)) - raft.server.log.purge.gap = 1000000 (custom)
2021-08-25 23:20:12,046 [pool-55-thread-1] INFO  server.RaftServerConfigKeys (ConfUtils.java:logGet(44)) - raft.server.log.appender.buffer.byte-limit = 33554432 (custom)
2021-08-25 23:20:12,046 [pool-55-thread-1] INFO  server.RaftServerConfigKeys (ConfUtils.java:logGet(44)) - raft.server.log.segment.size.max = 1048576 (custom)
2021-08-25 23:20:12,047 [pool-55-thread-1] INFO  server.RaftServerConfigKeys (ConfUtils.java:logGet(44)) - raft.server.log.segment.cache.num.max = 2 (custom)
2021-08-25 23:20:12,048 [pool-55-thread-1] INFO  server.RaftServerConfigKeys (ConfUtils.java:logGet(44)) - raft.server.log.segment.cache.size.max = 200MB (=209715200) (default)
2021-08-25 23:20:12,048 [pool-55-thread-1] INFO  segmented.SegmentedRaftLogWorker (SegmentedRaftLogWorker.java:<init>(182)) - new d3a6c254-c963-411b-bd1c-0e160a3b8690@group-6EEBEC280C44-SegmentedRaftLogWorker for RaftStorageImpl:Storage Directory /home/runner/work/ozone/ozone/hadoop-ozone/integration-test/target/test-dir/MiniOzoneClusterImpl-05b781a4-7df0-48b9-8d73-8dabce68a637/datanode-0/data/ratis/bb4e502b-6c1b-4048-ae63-6eebec280c44
2021-08-25 23:20:12,048 [pool-55-thread-1] INFO  server.RaftServerConfigKeys (ConfUtils.java:logGet(44)) - raft.server.log.queue.byte-limit = 2147483647 (custom)
2021-08-25 23:20:12,048 [pool-55-thread-1] INFO  server.RaftServerConfigKeys (ConfUtils.java:logGet(44)) - raft.server.log.queue.element-limit = 1024 (custom)
2021-08-25 23:20:12,048 [pool-55-thread-1] INFO  server.RaftServerConfigKeys (ConfUtils.java:logGet(44)) - raft.server.log.segment.size.max = 1048576 (custom)
2021-08-25 23:20:12,048 [pool-55-thread-1] INFO  server.RaftServerConfigKeys (ConfUtils.java:logGet(44)) - raft.server.log.preallocated.size = 16384 (custom)
2021-08-25 23:20:12,048 [pool-55-thread-1] INFO  server.RaftServerConfigKeys (ConfUtils.java:logGet(44)) - raft.server.log.force.sync.num = 128 (default)
2021-08-25 23:20:12,048 [pool-55-thread-1] INFO  server.RaftServerConfigKeys (ConfUtils.java:logGet(44)) - raft.server.log.statemachine.data.sync = true (default)
2021-08-25 23:20:12,048 [pool-55-thread-1] INFO  server.RaftServerConfigKeys (ConfUtils.java:logGet(44)) - raft.server.log.statemachine.data.sync.timeout = 10s (default)
2021-08-25 23:20:12,048 [pool-55-thread-1] INFO  server.RaftServerConfigKeys (ConfUtils.java:logGet(44)) - raft.server.log.statemachine.data.sync.timeout.retry = -1 (default)
2021-08-25 23:20:12,051 [pool-55-thread-1] INFO  server.RaftServerConfigKeys (ConfUtils.java:logGet(44)) - raft.server.log.write.buffer.size = 1048576 (custom)
2021-08-25 23:20:12,052 [pool-55-thread-1] INFO  server.RaftServerConfigKeys (ConfUtils.java:logGet(44)) - raft.server.log.statemachine.data.caching.enabled = true (custom)
2021-08-25 23:20:12,052 [pool-55-thread-1] INFO  segmented.SegmentedRaftLogWorker (SegmentedRaftLogWorker.java:lambda$new$0(133)) - d3a6c254-c963-411b-bd1c-0e160a3b8690@group-6EEBEC280C44-SegmentedRaftLogWorker: flushIndex: setUnconditionally 0 -> -1
2021-08-25 23:20:12,052 [pool-55-thread-1] INFO  segmented.SegmentedRaftLogWorker (SegmentedRaftLogWorker.java:lambda$new$0(133)) - d3a6c254-c963-411b-bd1c-0e160a3b8690@group-6EEBEC280C44-SegmentedRaftLogWorker: safeCacheEvictIndex: setUnconditionally 0 -> -1
2021-08-25 23:20:12,053 [EventQueue-PipelineReportForPipelineReportHandler] INFO  pipeline.PipelineManagerImpl (PipelineManagerImpl.java:openPipeline(282)) - Pipeline Pipeline[ Id: bb4e502b-6c1b-4048-ae63-6eebec280c44, Nodes: d3a6c254-c963-411b-bd1c-0e160a3b8690{ip: 10.1.0.32, host: fv-az12-462.exdb2aeach2ezidoxz41lk3bwg.cx.internal.cloudapp.net, ports: [REPLICATION=35377, RATIS=42735, RATIS_ADMIN=42735, RATIS_SERVER=42735, STANDALONE=41829], networkLocation: /default-rack, certSerialId: null, persistedOpState: IN_SERVICE, persistedOpStateExpiryEpochSec: 0}, ReplicationConfig: RATIS/ONE, State:ALLOCATED, leaderId:d3a6c254-c963-411b-bd1c-0e160a3b8690, CreationTimestamp2021-08-25T23:20:09.032Z[Etc/UTC]] moved to OPEN state
2021-08-25 23:20:12,059 [pool-55-thread-1] INFO  server.RaftServerConfigKeys (ConfUtils.java:logGet(44)) - raft.server.snapshot.auto.trigger.enabled = true (custom)
2021-08-25 23:20:12,059 [pool-55-thread-1] INFO  server.RaftServerConfigKeys (ConfUtils.java:logGet(44)) - raft.server.snapshot.auto.trigger.threshold = 10000 (custom)
2021-08-25 23:20:12,059 [pool-55-thread-1] INFO  server.RaftServerConfigKeys (ConfUtils.java:logGet(44)) - raft.server.snapshot.retention.file.num = 5 (custom)
2021-08-25 23:20:12,059 [pool-55-thread-1] INFO  server.RaftServerConfigKeys (ConfUtils.java:logGet(44)) - raft.server.log.purge.upto.snapshot.index = false (default)
2021-08-25 23:20:12,059 [pool-55-thread-1] INFO  server.RaftServerConfigKeys (ConfUtils.java:logGet(44)) - raft.server.retrycache.expirytime = 600000ms (custom)
2021-08-25 23:20:12,059 [pool-55-thread-1] INFO  server.RaftServerConfigKeys (ConfUtils.java:logGet(44)) - raft.server.retrycache.statistics.expirytime = 100μs (default)
2021-08-25 23:20:12,064 [pool-55-thread-1] INFO  server.RaftServer$Division (RaftServerImpl.java:start(296)) - d3a6c254-c963-411b-bd1c-0e160a3b8690@group-6EEBEC280C44: start as a follower, conf=-1: [d3a6c254-c963-411b-bd1c-0e160a3b8690|rpc:10.1.0.32:42735|priority:1], old=null
2021-08-25 23:20:12,066 [pool-55-thread-1] INFO  server.RaftServer$Division (RaftServerImpl.java:setRole(285)) - d3a6c254-c963-411b-bd1c-0e160a3b8690@group-6EEBEC280C44: changes role from      null to FOLLOWER at term 0 for startAsFollower
2021-08-25 23:20:12,066 [pool-55-thread-1] INFO  impl.RoleInfo (RoleInfo.java:updateAndGet(130)) - d3a6c254-c963-411b-bd1c-0e160a3b8690: start d3a6c254-c963-411b-bd1c-0e160a3b8690@group-6EEBEC280C44-FollowerState
2021-08-25 23:20:12,066 [EventQueue-OpenPipelineForHealthyPipelineSafeModeRule] INFO  safemode.SCMSafeModeManager (HealthyPipelineSafeModeRule.java:process(124)) - SCM in safe mode. Healthy pipelines reported count is 0, required healthy pipeline reported count is 1
2021-08-25 23:20:12,073 [pool-55-thread-1] INFO  util.JmxRegister (JmxRegister.java:tryRegister(44)) - Successfully registered JMX Bean with object name Ratis:service=RaftServer,group=group-6EEBEC280C44,id=d3a6c254-c963-411b-bd1c-0e160a3b8690
2021-08-25 23:20:12,085 [Command processor thread] INFO  ratis.XceiverServerRatis (XceiverServerRatis.java:addGroup(763)) - Created group PipelineID=bb4e502b-6c1b-4048-ae63-6eebec280c44
2021-08-25 23:20:12,086 [Command processor thread] INFO  commandhandler.CreatePipelineCommandHandler (CreatePipelineCommandHandler.java:handle(106)) - Created Pipeline RATIS ONE PipelineID=bb4e502b-6c1b-4048-ae63-6eebec280c44.
2021-08-25 23:20:12,086 [Command processor thread] INFO  server.RaftServer (RaftServerProxy.java:addNew(95)) - d3a6c254-c963-411b-bd1c-0e160a3b8690: addNew group-A0C5CFE587C4:[282e11bf-8d58-444e-a800-cb732d8168d5|rpc:10.1.0.32:39035|priority:1, d3a6c254-c963-411b-bd1c-0e160a3b8690|rpc:10.1.0.32:42735|priority:0, 551d55f6-e55a-4cfa-9f5c-62fc7ce672f1|rpc:10.1.0.32:34175|priority:0] returns group-A0C5CFE587C4:java.util.concurrent.CompletableFuture@32c2ec5[Not completed]
2021-08-25 23:20:12,089 [pool-55-thread-1] INFO  server.RaftServer$Division (RaftServerImpl.java:<init>(181)) - d3a6c254-c963-411b-bd1c-0e160a3b8690: new RaftServerImpl for group-A0C5CFE587C4:[282e11bf-8d58-444e-a800-cb732d8168d5|rpc:10.1.0.32:39035|priority:1, d3a6c254-c963-411b-bd1c-0e160a3b8690|rpc:10.1.0.32:42735|priority:0, 551d55f6-e55a-4cfa-9f5c-62fc7ce672f1|rpc:10.1.0.32:34175|priority:0] with ContainerStateMachine:uninitialized
2021-08-25 23:20:12,090 [pool-55-thread-1] INFO  server.RaftServerConfigKeys (ConfUtils.java:logGet(44)) - raft.server.rpc.timeout.min = 5s (custom)
2021-08-25 23:20:12,090 [pool-55-thread-1] INFO  server.RaftServerConfigKeys (ConfUtils.java:logGet(44)) - raft.server.rpc.timeout.max = 5200ms (custom)
2021-08-25 23:20:12,090 [pool-55-thread-1] INFO  server.RaftServerConfigKeys (ConfUtils.java:logGet(44)) - raft.server.rpc.sleep.time = 25ms (default)
2021-08-25 23:20:12,090 [pool-55-thread-1] INFO  server.RaftServerConfigKeys (ConfUtils.java:logGet(44)) - raft.server.rpc.slowness.timeout = 300000ms (custom)
2021-08-25 23:20:12,090 [pool-55-thread-1] INFO  server.RaftServerConfigKeys (ConfUtils.java:logGet(44)) - raft.server.leaderelection.leader.step-down.wait-time = 10s (default)
2021-08-25 23:20:12,090 [pool-55-thread-1] INFO  server.RaftServerConfigKeys (ConfUtils.java:logGet(44)) - raft.server.sleep.deviation.threshold = 300ms (default)
2021-08-25 23:20:12,090 [pool-55-thread-1] INFO  server.RaftServerConfigKeys (ConfUtils.java:logGet(44)) - raft.server.log.appender.install.snapshot.enabled = false (custom)
2021-08-25 23:20:12,090 [pool-55-thread-1] INFO  server.RaftServer$Division (ServerState.java:<init>(105)) - d3a6c254-c963-411b-bd1c-0e160a3b8690@group-A0C5CFE587C4: ConfigurationManager, init=-1: [282e11bf-8d58-444e-a800-cb732d8168d5|rpc:10.1.0.32:39035|priority:1, d3a6c254-c963-411b-bd1c-0e160a3b8690|rpc:10.1.0.32:42735|priority:0, 551d55f6-e55a-4cfa-9f5c-62fc7ce672f1|rpc:10.1.0.32:34175|priority:0], old=null, confs=<EMPTY_MAP>
2021-08-25 23:20:12,090 [pool-55-thread-1] INFO  server.RaftServerConfigKeys (ConfUtils.java:logGet(44)) - raft.server.storage.dir = [/home/runner/work/ozone/ozone/hadoop-ozone/integration-test/target/test-dir/MiniOzoneClusterImpl-05b781a4-7df0-48b9-8d73-8dabce68a637/datanode-0/data/ratis] (custom)
2021-08-25 23:20:12,090 [pool-55-thread-1] INFO  server.RaftServerConfigKeys (ConfUtils.java:logGet(44)) - raft.server.log.corruption.policy = EXCEPTION (default)
2021-08-25 23:20:12,090 [pool-55-thread-1] INFO  server.RaftServerConfigKeys (ConfUtils.java:logGet(44)) - raft.server.storage.free-space.min = 0MB (=0) (default)
2021-08-25 23:20:12,091 [pool-55-thread-1] INFO  storage.RaftStorageDirectory (RaftStorageDirectoryImpl.java:analyzeStorage(135)) - The storage directory /home/runner/work/ozone/ozone/hadoop-ozone/integration-test/target/test-dir/MiniOzoneClusterImpl-05b781a4-7df0-48b9-8d73-8dabce68a637/datanode-0/data/ratis/96e4d95f-3c0f-4364-8360-a0c5cfe587c4 does not exist. Creating ...
2021-08-25 23:20:12,091 [pool-55-thread-1] INFO  storage.RaftStorageDirectory (RaftStorageDirectoryImpl.java:tryLock(230)) - Lock on /home/runner/work/ozone/ozone/hadoop-ozone/integration-test/target/test-dir/MiniOzoneClusterImpl-05b781a4-7df0-48b9-8d73-8dabce68a637/datanode-0/data/ratis/96e4d95f-3c0f-4364-8360-a0c5cfe587c4/in_use.lock acquired by nodename 4155@fv-az12-462
2021-08-25 23:20:12,092 [pool-55-thread-1] INFO  storage.RaftStorage (RaftStorageImpl.java:format(89)) - Storage directory /home/runner/work/ozone/ozone/hadoop-ozone/integration-test/target/test-dir/MiniOzoneClusterImpl-05b781a4-7df0-48b9-8d73-8dabce68a637/datanode-0/data/ratis/96e4d95f-3c0f-4364-8360-a0c5cfe587c4 has been successfully formatted.
2021-08-25 23:20:12,093 [pool-55-thread-1] INFO  ratis.ContainerStateMachine (ContainerStateMachine.java:loadSnapshot(224)) - group-A0C5CFE587C4: The snapshot info is null. Setting the last applied indexto:(t:0, i:~)
2021-08-25 23:20:12,093 [pool-55-thread-1] INFO  server.RaftServerConfigKeys (ConfUtils.java:logGet(44)) - raft.server.notification.no-leader.timeout = 300000ms (custom)
2021-08-25 23:20:12,096 [EventQueue-OpenPipelineForHealthyPipelineSafeModeRule] INFO  safemode.SCMSafeModeManager (HealthyPipelineSafeModeRule.java:process(124)) - SCM in safe mode. Healthy pipelines reported count is 0, required healthy pipeline reported count is 1
2021-08-25 23:20:12,093 [Datanode State Machine Thread - 0] WARN  statemachine.StateContext (StateContext.java:execute(621)) - No available thread in pool for past 1 seconds.
2021-08-25 23:20:12,097 [pool-55-thread-1] INFO  server.RaftServerConfigKeys (ConfUtils.java:logGet(44)) - raft.server.log.use.memory = false (default)
2021-08-25 23:20:12,098 [pool-55-thread-1] INFO  server.RaftServerConfigKeys (ConfUtils.java:logGet(44)) - raft.server.log.purge.gap = 1000000 (custom)
2021-08-25 23:20:12,098 [pool-55-thread-1] INFO  server.RaftServerConfigKeys (ConfUtils.java:logGet(44)) - raft.server.log.appender.buffer.byte-limit = 33554432 (custom)
2021-08-25 23:20:12,099 [pool-55-thread-1] INFO  server.RaftServerConfigKeys (ConfUtils.java:logGet(44)) - raft.server.log.segment.size.max = 1048576 (custom)
2021-08-25 23:20:12,101 [pool-55-thread-1] INFO  server.RaftServerConfigKeys (ConfUtils.java:logGet(44)) - raft.server.log.segment.cache.num.max = 2 (custom)
2021-08-25 23:20:12,102 [pool-55-thread-1] INFO  server.RaftServerConfigKeys (ConfUtils.java:logGet(44)) - raft.server.log.segment.cache.size.max = 200MB (=209715200) (default)
2021-08-25 23:20:12,102 [pool-55-thread-1] INFO  segmented.SegmentedRaftLogWorker (SegmentedRaftLogWorker.java:<init>(182)) - new d3a6c254-c963-411b-bd1c-0e160a3b8690@group-A0C5CFE587C4-SegmentedRaftLogWorker for RaftStorageImpl:Storage Directory /home/runner/work/ozone/ozone/hadoop-ozone/integration-test/target/test-dir/MiniOzoneClusterImpl-05b781a4-7df0-48b9-8d73-8dabce68a637/datanode-0/data/ratis/96e4d95f-3c0f-4364-8360-a0c5cfe587c4
2021-08-25 23:20:12,102 [pool-55-thread-1] INFO  server.RaftServerConfigKeys (ConfUtils.java:logGet(44)) - raft.server.log.queue.byte-limit = 2147483647 (custom)
2021-08-25 23:20:12,102 [pool-55-thread-1] INFO  server.RaftServerConfigKeys (ConfUtils.java:logGet(44)) - raft.server.log.queue.element-limit = 1024 (custom)
2021-08-25 23:20:12,102 [pool-55-thread-1] INFO  server.RaftServerConfigKeys (ConfUtils.java:logGet(44)) - raft.server.log.segment.size.max = 1048576 (custom)
2021-08-25 23:20:12,102 [pool-55-thread-1] INFO  server.RaftServerConfigKeys (ConfUtils.java:logGet(44)) - raft.server.log.preallocated.size = 16384 (custom)
2021-08-25 23:20:12,102 [pool-55-thread-1] INFO  server.RaftServerConfigKeys (ConfUtils.java:logGet(44)) - raft.server.log.force.sync.num = 128 (default)
2021-08-25 23:20:12,102 [pool-55-thread-1] INFO  server.RaftServerConfigKeys (ConfUtils.java:logGet(44)) - raft.server.log.statemachine.data.sync = true (default)
2021-08-25 23:20:12,102 [pool-55-thread-1] INFO  server.RaftServerConfigKeys (ConfUtils.java:logGet(44)) - raft.server.log.statemachine.data.sync.timeout = 10s (default)
2021-08-25 23:20:12,102 [pool-55-thread-1] INFO  server.RaftServerConfigKeys (ConfUtils.java:logGet(44)) - raft.server.log.statemachine.data.sync.timeout.retry = -1 (default)
2021-08-25 23:20:12,104 [pool-55-thread-1] INFO  server.RaftServerConfigKeys (ConfUtils.java:logGet(44)) - raft.server.log.write.buffer.size = 1048576 (custom)
2021-08-25 23:20:12,105 [pool-55-thread-1] INFO  server.RaftServerConfigKeys (ConfUtils.java:logGet(44)) - raft.server.log.statemachine.data.caching.enabled = true (custom)
2021-08-25 23:20:12,105 [pool-55-thread-1] INFO  segmented.SegmentedRaftLogWorker (SegmentedRaftLogWorker.java:lambda$new$0(133)) - d3a6c254-c963-411b-bd1c-0e160a3b8690@group-A0C5CFE587C4-SegmentedRaftLogWorker: flushIndex: setUnconditionally 0 -> -1
2021-08-25 23:20:12,105 [pool-55-thread-1] INFO  segmented.SegmentedRaftLogWorker (SegmentedRaftLogWorker.java:lambda$new$0(133)) - d3a6c254-c963-411b-bd1c-0e160a3b8690@group-A0C5CFE587C4-SegmentedRaftLogWorker: safeCacheEvictIndex: setUnconditionally 0 -> -1
2021-08-25 23:20:12,105 [pool-55-thread-1] INFO  server.RaftServerConfigKeys (ConfUtils.java:logGet(44)) - raft.server.snapshot.auto.trigger.enabled = true (custom)
2021-08-25 23:20:12,105 [pool-55-thread-1] INFO  server.RaftServerConfigKeys (ConfUtils.java:logGet(44)) - raft.server.snapshot.auto.trigger.threshold = 10000 (custom)
2021-08-25 23:20:12,105 [pool-55-thread-1] INFO  server.RaftServerConfigKeys (ConfUtils.java:logGet(44)) - raft.server.snapshot.retention.file.num = 5 (custom)
2021-08-25 23:20:12,105 [pool-55-thread-1] INFO  server.RaftServerConfigKeys (ConfUtils.java:logGet(44)) - raft.server.log.purge.upto.snapshot.index = false (default)
2021-08-25 23:20:12,106 [pool-55-thread-1] INFO  server.RaftServerConfigKeys (ConfUtils.java:logGet(44)) - raft.server.retrycache.expirytime = 600000ms (custom)
2021-08-25 23:20:12,106 [pool-55-thread-1] INFO  server.RaftServerConfigKeys (ConfUtils.java:logGet(44)) - raft.server.retrycache.statistics.expirytime = 100μs (default)
2021-08-25 23:20:12,108 [pool-55-thread-1] INFO  server.RaftServer$Division (RaftServerImpl.java:start(296)) - d3a6c254-c963-411b-bd1c-0e160a3b8690@group-A0C5CFE587C4: start as a follower, conf=-1: [282e11bf-8d58-444e-a800-cb732d8168d5|rpc:10.1.0.32:39035|priority:1, d3a6c254-c963-411b-bd1c-0e160a3b8690|rpc:10.1.0.32:42735|priority:0, 551d55f6-e55a-4cfa-9f5c-62fc7ce672f1|rpc:10.1.0.32:34175|priority:0], old=null
2021-08-25 23:20:12,108 [pool-55-thread-1] INFO  server.RaftServer$Division (RaftServerImpl.java:setRole(285)) - d3a6c254-c963-411b-bd1c-0e160a3b8690@group-A0C5CFE587C4: changes role from      null to FOLLOWER at term 0 for startAsFollower
2021-08-25 23:20:12,108 [pool-55-thread-1] INFO  impl.RoleInfo (RoleInfo.java:updateAndGet(130)) - d3a6c254-c963-411b-bd1c-0e160a3b8690: start d3a6c254-c963-411b-bd1c-0e160a3b8690@group-A0C5CFE587C4-FollowerState
2021-08-25 23:20:12,110 [pool-55-thread-1] INFO  util.JmxRegister (JmxRegister.java:tryRegister(44)) - Successfully registered JMX Bean with object name Ratis:service=RaftServer,group=group-A0C5CFE587C4,id=d3a6c254-c963-411b-bd1c-0e160a3b8690
2021-08-25 23:20:12,116 [Command processor thread] INFO  ratis.XceiverServerRatis (XceiverServerRatis.java:addGroup(763)) - Created group PipelineID=96e4d95f-3c0f-4364-8360-a0c5cfe587c4
2021-08-25 23:20:12,269 [Command processor thread] INFO  server.RaftServer (RaftServerProxy.java:addNew(95)) - 282e11bf-8d58-444e-a800-cb732d8168d5: addNew group-EC4D5B6DBBA9:[282e11bf-8d58-444e-a800-cb732d8168d5|rpc:10.1.0.32:39035|priority:1] returns group-EC4D5B6DBBA9:java.util.concurrent.CompletableFuture@6c7d3e96[Not completed]
2021-08-25 23:20:12,312 [pool-74-thread-1] INFO  server.RaftServer$Division (RaftServerImpl.java:<init>(181)) - 282e11bf-8d58-444e-a800-cb732d8168d5: new RaftServerImpl for group-EC4D5B6DBBA9:[282e11bf-8d58-444e-a800-cb732d8168d5|rpc:10.1.0.32:39035|priority:1] with ContainerStateMachine:uninitialized
2021-08-25 23:20:12,312 [pool-74-thread-1] INFO  server.RaftServerConfigKeys (ConfUtils.java:logGet(44)) - raft.server.rpc.timeout.min = 5s (custom)
2021-08-25 23:20:12,313 [pool-74-thread-1] INFO  server.RaftServerConfigKeys (ConfUtils.java:logGet(44)) - raft.server.rpc.timeout.max = 5200ms (custom)
2021-08-25 23:20:12,313 [pool-74-thread-1] INFO  server.RaftServerConfigKeys (ConfUtils.java:logGet(44)) - raft.server.rpc.sleep.time = 25ms (default)
2021-08-25 23:20:12,313 [pool-74-thread-1] INFO  server.RaftServerConfigKeys (ConfUtils.java:logGet(44)) - raft.server.rpc.slowness.timeout = 300000ms (custom)
2021-08-25 23:20:12,313 [pool-74-thread-1] INFO  server.RaftServerConfigKeys (ConfUtils.java:logGet(44)) - raft.server.leaderelection.leader.step-down.wait-time = 10s (default)
2021-08-25 23:20:12,313 [pool-74-thread-1] INFO  server.RaftServerConfigKeys (ConfUtils.java:logGet(44)) - raft.server.sleep.deviation.threshold = 300ms (default)
2021-08-25 23:20:12,313 [pool-74-thread-1] INFO  server.RaftServerConfigKeys (ConfUtils.java:logGet(44)) - raft.server.log.appender.install.snapshot.enabled = false (custom)
2021-08-25 23:20:12,313 [pool-74-thread-1] INFO  server.RaftServer$Division (ServerState.java:<init>(105)) - 282e11bf-8d58-444e-a800-cb732d8168d5@group-EC4D5B6DBBA9: ConfigurationManager, init=-1: [282e11bf-8d58-444e-a800-cb732d8168d5|rpc:10.1.0.32:39035|priority:1], old=null, confs=<EMPTY_MAP>
2021-08-25 23:20:12,313 [pool-74-thread-1] INFO  server.RaftServerConfigKeys (ConfUtils.java:logGet(44)) - raft.server.storage.dir = [/home/runner/work/ozone/ozone/hadoop-ozone/integration-test/target/test-dir/MiniOzoneClusterImpl-05b781a4-7df0-48b9-8d73-8dabce68a637/datanode-1/data/ratis] (custom)
2021-08-25 23:20:12,313 [pool-74-thread-1] INFO  server.RaftServerConfigKeys (ConfUtils.java:logGet(44)) - raft.server.log.corruption.policy = EXCEPTION (default)
2021-08-25 23:20:12,313 [pool-74-thread-1] INFO  server.RaftServerConfigKeys (ConfUtils.java:logGet(44)) - raft.server.storage.free-space.min = 0MB (=0) (default)
2021-08-25 23:20:12,313 [pool-74-thread-1] INFO  storage.RaftStorageDirectory (RaftStorageDirectoryImpl.java:analyzeStorage(135)) - The storage directory /home/runner/work/ozone/ozone/hadoop-ozone/integration-test/target/test-dir/MiniOzoneClusterImpl-05b781a4-7df0-48b9-8d73-8dabce68a637/datanode-1/data/ratis/63f08369-242b-4be1-9b9a-ec4d5b6dbba9 does not exist. Creating ...
2021-08-25 23:20:12,314 [pool-74-thread-1] INFO  storage.RaftStorageDirectory (RaftStorageDirectoryImpl.java:tryLock(230)) - Lock on /home/runner/work/ozone/ozone/hadoop-ozone/integration-test/target/test-dir/MiniOzoneClusterImpl-05b781a4-7df0-48b9-8d73-8dabce68a637/datanode-1/data/ratis/63f08369-242b-4be1-9b9a-ec4d5b6dbba9/in_use.lock acquired by nodename 4155@fv-az12-462
2021-08-25 23:20:12,316 [pool-74-thread-1] INFO  storage.RaftStorage (RaftStorageImpl.java:format(89)) - Storage directory /home/runner/work/ozone/ozone/hadoop-ozone/integration-test/target/test-dir/MiniOzoneClusterImpl-05b781a4-7df0-48b9-8d73-8dabce68a637/datanode-1/data/ratis/63f08369-242b-4be1-9b9a-ec4d5b6dbba9 has been successfully formatted.
2021-08-25 23:20:12,316 [pool-74-thread-1] INFO  ratis.ContainerStateMachine (ContainerStateMachine.java:loadSnapshot(224)) - group-EC4D5B6DBBA9: The snapshot info is null. Setting the last applied indexto:(t:0, i:~)
2021-08-25 23:20:12,317 [pool-74-thread-1] INFO  server.RaftServerConfigKeys (ConfUtils.java:logGet(44)) - raft.server.notification.no-leader.timeout = 300000ms (custom)
2021-08-25 23:20:12,317 [pool-74-thread-1] INFO  server.RaftServerConfigKeys (ConfUtils.java:logGet(44)) - raft.server.log.use.memory = false (default)
2021-08-25 23:20:12,317 [pool-74-thread-1] INFO  server.RaftServerConfigKeys (ConfUtils.java:logGet(44)) - raft.server.log.purge.gap = 1000000 (custom)
2021-08-25 23:20:12,317 [pool-74-thread-1] INFO  server.RaftServerConfigKeys (ConfUtils.java:logGet(44)) - raft.server.log.appender.buffer.byte-limit = 33554432 (custom)
2021-08-25 23:20:12,318 [pool-74-thread-1] INFO  server.RaftServerConfigKeys (ConfUtils.java:logGet(44)) - raft.server.log.segment.size.max = 1048576 (custom)
2021-08-25 23:20:12,317 [Datanode State Machine Thread - 0] WARN  statemachine.StateContext (StateContext.java:execute(621)) - No available thread in pool for past 1 seconds.
2021-08-25 23:20:12,333 [pool-74-thread-1] INFO  server.RaftServerConfigKeys (ConfUtils.java:logGet(44)) - raft.server.log.segment.cache.num.max = 2 (custom)
2021-08-25 23:20:12,333 [pool-74-thread-1] INFO  server.RaftServerConfigKeys (ConfUtils.java:logGet(44)) - raft.server.log.segment.cache.size.max = 200MB (=209715200) (default)
2021-08-25 23:20:12,333 [pool-74-thread-1] INFO  segmented.SegmentedRaftLogWorker (SegmentedRaftLogWorker.java:<init>(182)) - new 282e11bf-8d58-444e-a800-cb732d8168d5@group-EC4D5B6DBBA9-SegmentedRaftLogWorker for RaftStorageImpl:Storage Directory /home/runner/work/ozone/ozone/hadoop-ozone/integration-test/target/test-dir/MiniOzoneClusterImpl-05b781a4-7df0-48b9-8d73-8dabce68a637/datanode-1/data/ratis/63f08369-242b-4be1-9b9a-ec4d5b6dbba9
2021-08-25 23:20:12,333 [pool-74-thread-1] INFO  server.RaftServerConfigKeys (ConfUtils.java:logGet(44)) - raft.server.log.queue.byte-limit = 2147483647 (custom)
2021-08-25 23:20:12,333 [pool-74-thread-1] INFO  server.RaftServerConfigKeys (ConfUtils.java:logGet(44)) - raft.server.log.queue.element-limit = 1024 (custom)
2021-08-25 23:20:12,334 [pool-74-thread-1] INFO  server.RaftServerConfigKeys (ConfUtils.java:logGet(44)) - raft.server.log.segment.size.max = 1048576 (custom)
2021-08-25 23:20:12,334 [pool-74-thread-1] INFO  server.RaftServerConfigKeys (ConfUtils.java:logGet(44)) - raft.server.log.preallocated.size = 16384 (custom)
2021-08-25 23:20:12,334 [pool-74-thread-1] INFO  server.RaftServerConfigKeys (ConfUtils.java:logGet(44)) - raft.server.log.force.sync.num = 128 (default)
2021-08-25 23:20:12,334 [pool-74-thread-1] INFO  server.RaftServerConfigKeys (ConfUtils.java:logGet(44)) - raft.server.log.statemachine.data.sync = true (default)
2021-08-25 23:20:12,334 [pool-74-thread-1] INFO  server.RaftServerConfigKeys (ConfUtils.java:logGet(44)) - raft.server.log.statemachine.data.sync.timeout = 10s (default)
2021-08-25 23:20:12,334 [pool-74-thread-1] INFO  server.RaftServerConfigKeys (ConfUtils.java:logGet(44)) - raft.server.log.statemachine.data.sync.timeout.retry = -1 (default)
2021-08-25 23:20:12,335 [pool-74-thread-1] INFO  server.RaftServerConfigKeys (ConfUtils.java:logGet(44)) - raft.server.log.write.buffer.size = 1048576 (custom)
2021-08-25 23:20:12,336 [pool-74-thread-1] INFO  server.RaftServerConfigKeys (ConfUtils.java:logGet(44)) - raft.server.log.statemachine.data.caching.enabled = true (custom)
2021-08-25 23:20:12,336 [pool-74-thread-1] INFO  segmented.SegmentedRaftLogWorker (SegmentedRaftLogWorker.java:lambda$new$0(133)) - 282e11bf-8d58-444e-a800-cb732d8168d5@group-EC4D5B6DBBA9-SegmentedRaftLogWorker: flushIndex: setUnconditionally 0 -> -1
2021-08-25 23:20:12,336 [pool-74-thread-1] INFO  segmented.SegmentedRaftLogWorker (SegmentedRaftLogWorker.java:lambda$new$0(133)) - 282e11bf-8d58-444e-a800-cb732d8168d5@group-EC4D5B6DBBA9-SegmentedRaftLogWorker: safeCacheEvictIndex: setUnconditionally 0 -> -1
2021-08-25 23:20:12,336 [pool-74-thread-1] INFO  server.RaftServerConfigKeys (ConfUtils.java:logGet(44)) - raft.server.snapshot.auto.trigger.enabled = true (custom)
2021-08-25 23:20:12,336 [pool-74-thread-1] INFO  server.RaftServerConfigKeys (ConfUtils.java:logGet(44)) - raft.server.snapshot.auto.trigger.threshold = 10000 (custom)
2021-08-25 23:20:12,336 [pool-74-thread-1] INFO  server.RaftServerConfigKeys (ConfUtils.java:logGet(44)) - raft.server.snapshot.retention.file.num = 5 (custom)
2021-08-25 23:20:12,336 [pool-74-thread-1] INFO  server.RaftServerConfigKeys (ConfUtils.java:logGet(44)) - raft.server.log.purge.upto.snapshot.index = false (default)
2021-08-25 23:20:12,336 [pool-74-thread-1] INFO  server.RaftServerConfigKeys (ConfUtils.java:logGet(44)) - raft.server.retrycache.expirytime = 600000ms (custom)
2021-08-25 23:20:12,336 [pool-74-thread-1] INFO  server.RaftServerConfigKeys (ConfUtils.java:logGet(44)) - raft.server.retrycache.statistics.expirytime = 100μs (default)
2021-08-25 23:20:12,347 [EventQueue-PipelineReportForPipelineReportHandler] INFO  pipeline.PipelineManagerImpl (PipelineManagerImpl.java:openPipeline(282)) - Pipeline Pipeline[ Id: 63f08369-242b-4be1-9b9a-ec4d5b6dbba9, Nodes: 282e11bf-8d58-444e-a800-cb732d8168d5{ip: 10.1.0.32, host: fv-az12-462.exdb2aeach2ezidoxz41lk3bwg.cx.internal.cloudapp.net, ports: [REPLICATION=35189, RATIS=39035, RATIS_ADMIN=39035, RATIS_SERVER=39035, STANDALONE=37603], networkLocation: /default-rack, certSerialId: null, persistedOpState: IN_SERVICE, persistedOpStateExpiryEpochSec: 0}, ReplicationConfig: RATIS/ONE, State:ALLOCATED, leaderId:282e11bf-8d58-444e-a800-cb732d8168d5, CreationTimestamp2021-08-25T23:20:09.268Z[Etc/UTC]] moved to OPEN state
2021-08-25 23:20:12,348 [EventQueue-OpenPipelineForHealthyPipelineSafeModeRule] INFO  safemode.SCMSafeModeManager (HealthyPipelineSafeModeRule.java:process(124)) - SCM in safe mode. Healthy pipelines reported count is 0, required healthy pipeline reported count is 1
2021-08-25 23:20:12,349 [pool-74-thread-1] INFO  server.RaftServer$Division (RaftServerImpl.java:start(296)) - 282e11bf-8d58-444e-a800-cb732d8168d5@group-EC4D5B6DBBA9: start as a follower, conf=-1: [282e11bf-8d58-444e-a800-cb732d8168d5|rpc:10.1.0.32:39035|priority:1], old=null
2021-08-25 23:20:12,352 [pool-74-thread-1] INFO  server.RaftServer$Division (RaftServerImpl.java:setRole(285)) - 282e11bf-8d58-444e-a800-cb732d8168d5@group-EC4D5B6DBBA9: changes role from      null to FOLLOWER at term 0 for startAsFollower
2021-08-25 23:20:12,352 [pool-74-thread-1] INFO  impl.RoleInfo (RoleInfo.java:updateAndGet(130)) - 282e11bf-8d58-444e-a800-cb732d8168d5: start 282e11bf-8d58-444e-a800-cb732d8168d5@group-EC4D5B6DBBA9-FollowerState
2021-08-25 23:20:12,354 [pool-74-thread-1] INFO  util.JmxRegister (JmxRegister.java:tryRegister(44)) - Successfully registered JMX Bean with object name Ratis:service=RaftServer,group=group-EC4D5B6DBBA9,id=282e11bf-8d58-444e-a800-cb732d8168d5
2021-08-25 23:20:12,357 [Command processor thread] INFO  ratis.XceiverServerRatis (XceiverServerRatis.java:addGroup(763)) - Created group PipelineID=63f08369-242b-4be1-9b9a-ec4d5b6dbba9
2021-08-25 23:20:12,357 [Command processor thread] INFO  commandhandler.CreatePipelineCommandHandler (CreatePipelineCommandHandler.java:handle(106)) - Created Pipeline RATIS ONE PipelineID=63f08369-242b-4be1-9b9a-ec4d5b6dbba9.
2021-08-25 23:20:12,359 [Command processor thread] INFO  server.RaftServer (RaftServerProxy.java:addNew(95)) - 282e11bf-8d58-444e-a800-cb732d8168d5: addNew group-A0C5CFE587C4:[282e11bf-8d58-444e-a800-cb732d8168d5|rpc:10.1.0.32:39035|priority:1, d3a6c254-c963-411b-bd1c-0e160a3b8690|rpc:10.1.0.32:42735|priority:0, 551d55f6-e55a-4cfa-9f5c-62fc7ce672f1|rpc:10.1.0.32:34175|priority:0] returns group-A0C5CFE587C4:java.util.concurrent.CompletableFuture@6842a7c1[Not completed]
2021-08-25 23:20:12,360 [pool-74-thread-1] INFO  server.RaftServer$Division (RaftServerImpl.java:<init>(181)) - 282e11bf-8d58-444e-a800-cb732d8168d5: new RaftServerImpl for group-A0C5CFE587C4:[282e11bf-8d58-444e-a800-cb732d8168d5|rpc:10.1.0.32:39035|priority:1, d3a6c254-c963-411b-bd1c-0e160a3b8690|rpc:10.1.0.32:42735|priority:0, 551d55f6-e55a-4cfa-9f5c-62fc7ce672f1|rpc:10.1.0.32:34175|priority:0] with ContainerStateMachine:uninitialized
2021-08-25 23:20:12,360 [pool-74-thread-1] INFO  server.RaftServerConfigKeys (ConfUtils.java:logGet(44)) - raft.server.rpc.timeout.min = 5s (custom)
2021-08-25 23:20:12,360 [pool-74-thread-1] INFO  server.RaftServerConfigKeys (ConfUtils.java:logGet(44)) - raft.server.rpc.timeout.max = 5200ms (custom)
2021-08-25 23:20:12,360 [pool-74-thread-1] INFO  server.RaftServerConfigKeys (ConfUtils.java:logGet(44)) - raft.server.rpc.sleep.time = 25ms (default)
2021-08-25 23:20:12,360 [pool-74-thread-1] INFO  server.RaftServerConfigKeys (ConfUtils.java:logGet(44)) - raft.server.rpc.slowness.timeout = 300000ms (custom)
2021-08-25 23:20:12,370 [pool-74-thread-1] INFO  server.RaftServerConfigKeys (ConfUtils.java:logGet(44)) - raft.server.leaderelection.leader.step-down.wait-time = 10s (default)
2021-08-25 23:20:12,370 [pool-74-thread-1] INFO  server.RaftServerConfigKeys (ConfUtils.java:logGet(44)) - raft.server.sleep.deviation.threshold = 300ms (default)
2021-08-25 23:20:12,370 [pool-74-thread-1] INFO  server.RaftServerConfigKeys (ConfUtils.java:logGet(44)) - raft.server.log.appender.install.snapshot.enabled = false (custom)
2021-08-25 23:20:12,370 [pool-74-thread-1] INFO  server.RaftServer$Division (ServerState.java:<init>(105)) - 282e11bf-8d58-444e-a800-cb732d8168d5@group-A0C5CFE587C4: ConfigurationManager, init=-1: [282e11bf-8d58-444e-a800-cb732d8168d5|rpc:10.1.0.32:39035|priority:1, d3a6c254-c963-411b-bd1c-0e160a3b8690|rpc:10.1.0.32:42735|priority:0, 551d55f6-e55a-4cfa-9f5c-62fc7ce672f1|rpc:10.1.0.32:34175|priority:0], old=null, confs=<EMPTY_MAP>
2021-08-25 23:20:12,370 [pool-74-thread-1] INFO  server.RaftServerConfigKeys (ConfUtils.java:logGet(44)) - raft.server.storage.dir = [/home/runner/work/ozone/ozone/hadoop-ozone/integration-test/target/test-dir/MiniOzoneClusterImpl-05b781a4-7df0-48b9-8d73-8dabce68a637/datanode-1/data/ratis] (custom)
2021-08-25 23:20:12,370 [pool-74-thread-1] INFO  server.RaftServerConfigKeys (ConfUtils.java:logGet(44)) - raft.server.log.corruption.policy = EXCEPTION (default)
2021-08-25 23:20:12,370 [pool-74-thread-1] INFO  server.RaftServerConfigKeys (ConfUtils.java:logGet(44)) - raft.server.storage.free-space.min = 0MB (=0) (default)
2021-08-25 23:20:12,370 [pool-74-thread-1] INFO  storage.RaftStorageDirectory (RaftStorageDirectoryImpl.java:analyzeStorage(135)) - The storage directory /home/runner/work/ozone/ozone/hadoop-ozone/integration-test/target/test-dir/MiniOzoneClusterImpl-05b781a4-7df0-48b9-8d73-8dabce68a637/datanode-1/data/ratis/96e4d95f-3c0f-4364-8360-a0c5cfe587c4 does not exist. Creating ...
2021-08-25 23:20:12,371 [pool-74-thread-1] INFO  storage.RaftStorageDirectory (RaftStorageDirectoryImpl.java:tryLock(230)) - Lock on /home/runner/work/ozone/ozone/hadoop-ozone/integration-test/target/test-dir/MiniOzoneClusterImpl-05b781a4-7df0-48b9-8d73-8dabce68a637/datanode-1/data/ratis/96e4d95f-3c0f-4364-8360-a0c5cfe587c4/in_use.lock acquired by nodename 4155@fv-az12-462
2021-08-25 23:20:12,372 [pool-74-thread-1] INFO  storage.RaftStorage (RaftStorageImpl.java:format(89)) - Storage directory /home/runner/work/ozone/ozone/hadoop-ozone/integration-test/target/test-dir/MiniOzoneClusterImpl-05b781a4-7df0-48b9-8d73-8dabce68a637/datanode-1/data/ratis/96e4d95f-3c0f-4364-8360-a0c5cfe587c4 has been successfully formatted.
2021-08-25 23:20:12,373 [pool-74-thread-1] INFO  ratis.ContainerStateMachine (ContainerStateMachine.java:loadSnapshot(224)) - group-A0C5CFE587C4: The snapshot info is null. Setting the last applied indexto:(t:0, i:~)
2021-08-25 23:20:12,373 [pool-74-thread-1] INFO  server.RaftServerConfigKeys (ConfUtils.java:logGet(44)) - raft.server.notification.no-leader.timeout = 300000ms (custom)
2021-08-25 23:20:12,373 [pool-74-thread-1] INFO  server.RaftServerConfigKeys (ConfUtils.java:logGet(44)) - raft.server.log.use.memory = false (default)
2021-08-25 23:20:12,373 [pool-74-thread-1] INFO  server.RaftServerConfigKeys (ConfUtils.java:logGet(44)) - raft.server.log.purge.gap = 1000000 (custom)
2021-08-25 23:20:12,373 [pool-74-thread-1] INFO  server.RaftServerConfigKeys (ConfUtils.java:logGet(44)) - raft.server.log.appender.buffer.byte-limit = 33554432 (custom)
2021-08-25 23:20:12,373 [pool-74-thread-1] INFO  server.RaftServerConfigKeys (ConfUtils.java:logGet(44)) - raft.server.log.segment.size.max = 1048576 (custom)
2021-08-25 23:20:12,374 [pool-74-thread-1] INFO  server.RaftServerConfigKeys (ConfUtils.java:logGet(44)) - raft.server.log.segment.cache.num.max = 2 (custom)
2021-08-25 23:20:12,374 [pool-74-thread-1] INFO  server.RaftServerConfigKeys (ConfUtils.java:logGet(44)) - raft.server.log.segment.cache.size.max = 200MB (=209715200) (default)
2021-08-25 23:20:12,374 [pool-74-thread-1] INFO  segmented.SegmentedRaftLogWorker (SegmentedRaftLogWorker.java:<init>(182)) - new 282e11bf-8d58-444e-a800-cb732d8168d5@group-A0C5CFE587C4-SegmentedRaftLogWorker for RaftStorageImpl:Storage Directory /home/runner/work/ozone/ozone/hadoop-ozone/integration-test/target/test-dir/MiniOzoneClusterImpl-05b781a4-7df0-48b9-8d73-8dabce68a637/datanode-1/data/ratis/96e4d95f-3c0f-4364-8360-a0c5cfe587c4
2021-08-25 23:20:12,374 [pool-74-thread-1] INFO  server.RaftServerConfigKeys (ConfUtils.java:logGet(44)) - raft.server.log.queue.byte-limit = 2147483647 (custom)
2021-08-25 23:20:12,374 [pool-74-thread-1] INFO  server.RaftServerConfigKeys (ConfUtils.java:logGet(44)) - raft.server.log.queue.element-limit = 1024 (custom)
2021-08-25 23:20:12,374 [pool-74-thread-1] INFO  server.RaftServerConfigKeys (ConfUtils.java:logGet(44)) - raft.server.log.segment.size.max = 1048576 (custom)
2021-08-25 23:20:12,374 [pool-74-thread-1] INFO  server.RaftServerConfigKeys (ConfUtils.java:logGet(44)) - raft.server.log.preallocated.size = 16384 (custom)
2021-08-25 23:20:12,374 [pool-74-thread-1] INFO  server.RaftServerConfigKeys (ConfUtils.java:logGet(44)) - raft.server.log.force.sync.num = 128 (default)
2021-08-25 23:20:12,374 [pool-74-thread-1] INFO  server.RaftServerConfigKeys (ConfUtils.java:logGet(44)) - raft.server.log.statemachine.data.sync = true (default)
2021-08-25 23:20:12,375 [pool-74-thread-1] INFO  server.RaftServerConfigKeys (ConfUtils.java:logGet(44)) - raft.server.log.statemachine.data.sync.timeout = 10s (default)
2021-08-25 23:20:12,375 [pool-74-thread-1] INFO  server.RaftServerConfigKeys (ConfUtils.java:logGet(44)) - raft.server.log.statemachine.data.sync.timeout.retry = -1 (default)
2021-08-25 23:20:12,377 [EventQueue-OpenPipelineForHealthyPipelineSafeModeRule] INFO  safemode.SCMSafeModeManager (HealthyPipelineSafeModeRule.java:process(124)) - SCM in safe mode. Healthy pipelines reported count is 0, required healthy pipeline reported count is 1
2021-08-25 23:20:12,386 [pool-74-thread-1] INFO  server.RaftServerConfigKeys (ConfUtils.java:logGet(44)) - raft.server.log.write.buffer.size = 1048576 (custom)
2021-08-25 23:20:12,386 [pool-74-thread-1] INFO  server.RaftServerConfigKeys (ConfUtils.java:logGet(44)) - raft.server.log.statemachine.data.caching.enabled = true (custom)
2021-08-25 23:20:12,387 [pool-74-thread-1] INFO  segmented.SegmentedRaftLogWorker (SegmentedRaftLogWorker.java:lambda$new$0(133)) - 282e11bf-8d58-444e-a800-cb732d8168d5@group-A0C5CFE587C4-SegmentedRaftLogWorker: flushIndex: setUnconditionally 0 -> -1
2021-08-25 23:20:12,387 [pool-74-thread-1] INFO  segmented.SegmentedRaftLogWorker (SegmentedRaftLogWorker.java:lambda$new$0(133)) - 282e11bf-8d58-444e-a800-cb732d8168d5@group-A0C5CFE587C4-SegmentedRaftLogWorker: safeCacheEvictIndex: setUnconditionally 0 -> -1
2021-08-25 23:20:12,389 [pool-74-thread-1] INFO  server.RaftServerConfigKeys (ConfUtils.java:logGet(44)) - raft.server.snapshot.auto.trigger.enabled = true (custom)
2021-08-25 23:20:12,390 [pool-74-thread-1] INFO  server.RaftServerConfigKeys (ConfUtils.java:logGet(44)) - raft.server.snapshot.auto.trigger.threshold = 10000 (custom)
2021-08-25 23:20:12,390 [pool-74-thread-1] INFO  server.RaftServerConfigKeys (ConfUtils.java:logGet(44)) - raft.server.snapshot.retention.file.num = 5 (custom)
2021-08-25 23:20:12,390 [pool-74-thread-1] INFO  server.RaftServerConfigKeys (ConfUtils.java:logGet(44)) - raft.server.log.purge.upto.snapshot.index = false (default)
2021-08-25 23:20:12,390 [pool-74-thread-1] INFO  server.RaftServerConfigKeys (ConfUtils.java:logGet(44)) - raft.server.retrycache.expirytime = 600000ms (custom)
2021-08-25 23:20:12,390 [pool-74-thread-1] INFO  server.RaftServerConfigKeys (ConfUtils.java:logGet(44)) - raft.server.retrycache.statistics.expirytime = 100μs (default)
2021-08-25 23:20:12,391 [pool-74-thread-1] INFO  server.RaftServer$Division (RaftServerImpl.java:start(296)) - 282e11bf-8d58-444e-a800-cb732d8168d5@group-A0C5CFE587C4: start as a follower, conf=-1: [282e11bf-8d58-444e-a800-cb732d8168d5|rpc:10.1.0.32:39035|priority:1, d3a6c254-c963-411b-bd1c-0e160a3b8690|rpc:10.1.0.32:42735|priority:0, 551d55f6-e55a-4cfa-9f5c-62fc7ce672f1|rpc:10.1.0.32:34175|priority:0], old=null
2021-08-25 23:20:12,391 [pool-74-thread-1] INFO  server.RaftServer$Division (RaftServerImpl.java:setRole(285)) - 282e11bf-8d58-444e-a800-cb732d8168d5@group-A0C5CFE587C4: changes role from      null to FOLLOWER at term 0 for startAsFollower
2021-08-25 23:20:12,391 [pool-74-thread-1] INFO  impl.RoleInfo (RoleInfo.java:updateAndGet(130)) - 282e11bf-8d58-444e-a800-cb732d8168d5: start 282e11bf-8d58-444e-a800-cb732d8168d5@group-A0C5CFE587C4-FollowerState
2021-08-25 23:20:12,392 [pool-74-thread-1] INFO  util.JmxRegister (JmxRegister.java:tryRegister(44)) - Successfully registered JMX Bean with object name Ratis:service=RaftServer,group=group-A0C5CFE587C4,id=282e11bf-8d58-444e-a800-cb732d8168d5
2021-08-25 23:20:12,397 [Command processor thread] INFO  ratis.XceiverServerRatis (XceiverServerRatis.java:addGroup(763)) - Created group PipelineID=96e4d95f-3c0f-4364-8360-a0c5cfe587c4
2021-08-25 23:20:12,434 [Command processor thread] INFO  server.RaftServer (RaftServerProxy.java:addNew(95)) - 551d55f6-e55a-4cfa-9f5c-62fc7ce672f1: addNew group-4799FEC00E20:[551d55f6-e55a-4cfa-9f5c-62fc7ce672f1|rpc:10.1.0.32:34175|priority:1] returns group-4799FEC00E20:java.util.concurrent.CompletableFuture@3d6f3f4c[Not completed]
2021-08-25 23:20:12,446 [pool-93-thread-1] INFO  server.RaftServer$Division (RaftServerImpl.java:<init>(181)) - 551d55f6-e55a-4cfa-9f5c-62fc7ce672f1: new RaftServerImpl for group-4799FEC00E20:[551d55f6-e55a-4cfa-9f5c-62fc7ce672f1|rpc:10.1.0.32:34175|priority:1] with ContainerStateMachine:uninitialized
2021-08-25 23:20:12,446 [pool-93-thread-1] INFO  server.RaftServerConfigKeys (ConfUtils.java:logGet(44)) - raft.server.rpc.timeout.min = 5s (custom)
2021-08-25 23:20:12,447 [pool-93-thread-1] INFO  server.RaftServerConfigKeys (ConfUtils.java:logGet(44)) - raft.server.rpc.timeout.max = 5200ms (custom)
2021-08-25 23:20:12,447 [pool-93-thread-1] INFO  server.RaftServerConfigKeys (ConfUtils.java:logGet(44)) - raft.server.rpc.sleep.time = 25ms (default)
2021-08-25 23:20:12,447 [pool-93-thread-1] INFO  server.RaftServerConfigKeys (ConfUtils.java:logGet(44)) - raft.server.rpc.slowness.timeout = 300000ms (custom)
2021-08-25 23:20:12,447 [pool-93-thread-1] INFO  server.RaftServerConfigKeys (ConfUtils.java:logGet(44)) - raft.server.leaderelection.leader.step-down.wait-time = 10s (default)
2021-08-25 23:20:12,447 [pool-93-thread-1] INFO  server.RaftServerConfigKeys (ConfUtils.java:logGet(44)) - raft.server.sleep.deviation.threshold = 300ms (default)
2021-08-25 23:20:12,447 [pool-93-thread-1] INFO  server.RaftServerConfigKeys (ConfUtils.java:logGet(44)) - raft.server.log.appender.install.snapshot.enabled = false (custom)
2021-08-25 23:20:12,447 [pool-93-thread-1] INFO  server.RaftServer$Division (ServerState.java:<init>(105)) - 551d55f6-e55a-4cfa-9f5c-62fc7ce672f1@group-4799FEC00E20: ConfigurationManager, init=-1: [551d55f6-e55a-4cfa-9f5c-62fc7ce672f1|rpc:10.1.0.32:34175|priority:1], old=null, confs=<EMPTY_MAP>
2021-08-25 23:20:12,447 [pool-93-thread-1] INFO  server.RaftServerConfigKeys (ConfUtils.java:logGet(44)) - raft.server.storage.dir = [/home/runner/work/ozone/ozone/hadoop-ozone/integration-test/target/test-dir/MiniOzoneClusterImpl-05b781a4-7df0-48b9-8d73-8dabce68a637/datanode-2/data/ratis] (custom)
2021-08-25 23:20:12,448 [pool-93-thread-1] INFO  server.RaftServerConfigKeys (ConfUtils.java:logGet(44)) - raft.server.log.corruption.policy = EXCEPTION (default)
2021-08-25 23:20:12,448 [pool-93-thread-1] INFO  server.RaftServerConfigKeys (ConfUtils.java:logGet(44)) - raft.server.storage.free-space.min = 0MB (=0) (default)
2021-08-25 23:20:12,448 [pool-93-thread-1] INFO  storage.RaftStorageDirectory (RaftStorageDirectoryImpl.java:analyzeStorage(135)) - The storage directory /home/runner/work/ozone/ozone/hadoop-ozone/integration-test/target/test-dir/MiniOzoneClusterImpl-05b781a4-7df0-48b9-8d73-8dabce68a637/datanode-2/data/ratis/9e9041c8-3114-4e2c-b4af-4799fec00e20 does not exist. Creating ...
2021-08-25 23:20:12,449 [pool-93-thread-1] INFO  storage.RaftStorageDirectory (RaftStorageDirectoryImpl.java:tryLock(230)) - Lock on /home/runner/work/ozone/ozone/hadoop-ozone/integration-test/target/test-dir/MiniOzoneClusterImpl-05b781a4-7df0-48b9-8d73-8dabce68a637/datanode-2/data/ratis/9e9041c8-3114-4e2c-b4af-4799fec00e20/in_use.lock acquired by nodename 4155@fv-az12-462
2021-08-25 23:20:12,450 [pool-93-thread-1] INFO  storage.RaftStorage (RaftStorageImpl.java:format(89)) - Storage directory /home/runner/work/ozone/ozone/hadoop-ozone/integration-test/target/test-dir/MiniOzoneClusterImpl-05b781a4-7df0-48b9-8d73-8dabce68a637/datanode-2/data/ratis/9e9041c8-3114-4e2c-b4af-4799fec00e20 has been successfully formatted.
2021-08-25 23:20:12,451 [pool-93-thread-1] INFO  ratis.ContainerStateMachine (ContainerStateMachine.java:loadSnapshot(224)) - group-4799FEC00E20: The snapshot info is null. Setting the last applied indexto:(t:0, i:~)
2021-08-25 23:20:12,451 [pool-93-thread-1] INFO  server.RaftServerConfigKeys (ConfUtils.java:logGet(44)) - raft.server.notification.no-leader.timeout = 300000ms (custom)
2021-08-25 23:20:12,451 [pool-93-thread-1] INFO  server.RaftServerConfigKeys (ConfUtils.java:logGet(44)) - raft.server.log.use.memory = false (default)
2021-08-25 23:20:12,451 [Datanode State Machine Thread - 0] WARN  statemachine.StateContext (StateContext.java:execute(621)) - No available thread in pool for past 1 seconds.
2021-08-25 23:20:12,451 [pool-93-thread-1] INFO  server.RaftServerConfigKeys (ConfUtils.java:logGet(44)) - raft.server.log.purge.gap = 1000000 (custom)
2021-08-25 23:20:12,454 [pool-93-thread-1] INFO  server.RaftServerConfigKeys (ConfUtils.java:logGet(44)) - raft.server.log.appender.buffer.byte-limit = 33554432 (custom)
2021-08-25 23:20:12,455 [pool-93-thread-1] INFO  server.RaftServerConfigKeys (ConfUtils.java:logGet(44)) - raft.server.log.segment.size.max = 1048576 (custom)
2021-08-25 23:20:12,455 [pool-93-thread-1] INFO  server.RaftServerConfigKeys (ConfUtils.java:logGet(44)) - raft.server.log.segment.cache.num.max = 2 (custom)
2021-08-25 23:20:12,455 [pool-93-thread-1] INFO  server.RaftServerConfigKeys (ConfUtils.java:logGet(44)) - raft.server.log.segment.cache.size.max = 200MB (=209715200) (default)
2021-08-25 23:20:12,455 [pool-93-thread-1] INFO  segmented.SegmentedRaftLogWorker (SegmentedRaftLogWorker.java:<init>(182)) - new 551d55f6-e55a-4cfa-9f5c-62fc7ce672f1@group-4799FEC00E20-SegmentedRaftLogWorker for RaftStorageImpl:Storage Directory /home/runner/work/ozone/ozone/hadoop-ozone/integration-test/target/test-dir/MiniOzoneClusterImpl-05b781a4-7df0-48b9-8d73-8dabce68a637/datanode-2/data/ratis/9e9041c8-3114-4e2c-b4af-4799fec00e20
2021-08-25 23:20:12,455 [pool-93-thread-1] INFO  server.RaftServerConfigKeys (ConfUtils.java:logGet(44)) - raft.server.log.queue.byte-limit = 2147483647 (custom)
2021-08-25 23:20:12,455 [pool-93-thread-1] INFO  server.RaftServerConfigKeys (ConfUtils.java:logGet(44)) - raft.server.log.queue.element-limit = 1024 (custom)
2021-08-25 23:20:12,455 [pool-93-thread-1] INFO  server.RaftServerConfigKeys (ConfUtils.java:logGet(44)) - raft.server.log.segment.size.max = 1048576 (custom)
2021-08-25 23:20:12,455 [pool-93-thread-1] INFO  server.RaftServerConfigKeys (ConfUtils.java:logGet(44)) - raft.server.log.preallocated.size = 16384 (custom)
2021-08-25 23:20:12,455 [pool-93-thread-1] INFO  server.RaftServerConfigKeys (ConfUtils.java:logGet(44)) - raft.server.log.force.sync.num = 128 (default)
2021-08-25 23:20:12,455 [pool-93-thread-1] INFO  server.RaftServerConfigKeys (ConfUtils.java:logGet(44)) - raft.server.log.statemachine.data.sync = true (default)
2021-08-25 23:20:12,455 [pool-93-thread-1] INFO  server.RaftServerConfigKeys (ConfUtils.java:logGet(44)) - raft.server.log.statemachine.data.sync.timeout = 10s (default)
2021-08-25 23:20:12,455 [pool-93-thread-1] INFO  server.RaftServerConfigKeys (ConfUtils.java:logGet(44)) - raft.server.log.statemachine.data.sync.timeout.retry = -1 (default)
2021-08-25 23:20:12,456 [pool-93-thread-1] INFO  server.RaftServerConfigKeys (ConfUtils.java:logGet(44)) - raft.server.log.write.buffer.size = 1048576 (custom)
2021-08-25 23:20:12,457 [pool-93-thread-1] INFO  server.RaftServerConfigKeys (ConfUtils.java:logGet(44)) - raft.server.log.statemachine.data.caching.enabled = true (custom)
2021-08-25 23:20:12,457 [pool-93-thread-1] INFO  segmented.SegmentedRaftLogWorker (SegmentedRaftLogWorker.java:lambda$new$0(133)) - 551d55f6-e55a-4cfa-9f5c-62fc7ce672f1@group-4799FEC00E20-SegmentedRaftLogWorker: flushIndex: setUnconditionally 0 -> -1
2021-08-25 23:20:12,457 [pool-93-thread-1] INFO  segmented.SegmentedRaftLogWorker (SegmentedRaftLogWorker.java:lambda$new$0(133)) - 551d55f6-e55a-4cfa-9f5c-62fc7ce672f1@group-4799FEC00E20-SegmentedRaftLogWorker: safeCacheEvictIndex: setUnconditionally 0 -> -1
2021-08-25 23:20:12,453 [EventQueue-PipelineReportForPipelineReportHandler] INFO  pipeline.PipelineManagerImpl (PipelineManagerImpl.java:openPipeline(282)) - Pipeline Pipeline[ Id: 9e9041c8-3114-4e2c-b4af-4799fec00e20, Nodes: 551d55f6-e55a-4cfa-9f5c-62fc7ce672f1{ip: 10.1.0.32, host: fv-az12-462.exdb2aeach2ezidoxz41lk3bwg.cx.internal.cloudapp.net, ports: [REPLICATION=45975, RATIS=34175, RATIS_ADMIN=34175, RATIS_SERVER=34175, STANDALONE=36595], networkLocation: /default-rack, certSerialId: null, persistedOpState: IN_SERVICE, persistedOpStateExpiryEpochSec: 0}, ReplicationConfig: RATIS/ONE, State:ALLOCATED, leaderId:551d55f6-e55a-4cfa-9f5c-62fc7ce672f1, CreationTimestamp2021-08-25T23:20:09.436Z[Etc/UTC]] moved to OPEN state
2021-08-25 23:20:12,458 [EventQueue-OpenPipelineForHealthyPipelineSafeModeRule] INFO  safemode.SCMSafeModeManager (HealthyPipelineSafeModeRule.java:process(124)) - SCM in safe mode. Healthy pipelines reported count is 0, required healthy pipeline reported count is 1
2021-08-25 23:20:12,458 [pool-93-thread-1] INFO  server.RaftServerConfigKeys (ConfUtils.java:logGet(44)) - raft.server.snapshot.auto.trigger.enabled = true (custom)
2021-08-25 23:20:12,460 [pool-93-thread-1] INFO  server.RaftServerConfigKeys (ConfUtils.java:logGet(44)) - raft.server.snapshot.auto.trigger.threshold = 10000 (custom)
2021-08-25 23:20:12,460 [pool-93-thread-1] INFO  server.RaftServerConfigKeys (ConfUtils.java:logGet(44)) - raft.server.snapshot.retention.file.num = 5 (custom)
2021-08-25 23:20:12,460 [pool-93-thread-1] INFO  server.RaftServerConfigKeys (ConfUtils.java:logGet(44)) - raft.server.log.purge.upto.snapshot.index = false (default)
2021-08-25 23:20:12,460 [pool-93-thread-1] INFO  server.RaftServerConfigKeys (ConfUtils.java:logGet(44)) - raft.server.retrycache.expirytime = 600000ms (custom)
2021-08-25 23:20:12,460 [pool-93-thread-1] INFO  server.RaftServerConfigKeys (ConfUtils.java:logGet(44)) - raft.server.retrycache.statistics.expirytime = 100μs (default)
2021-08-25 23:20:12,461 [pool-93-thread-1] INFO  server.RaftServer$Division (RaftServerImpl.java:start(296)) - 551d55f6-e55a-4cfa-9f5c-62fc7ce672f1@group-4799FEC00E20: start as a follower, conf=-1: [551d55f6-e55a-4cfa-9f5c-62fc7ce672f1|rpc:10.1.0.32:34175|priority:1], old=null
2021-08-25 23:20:12,462 [pool-93-thread-1] INFO  server.RaftServer$Division (RaftServerImpl.java:setRole(285)) - 551d55f6-e55a-4cfa-9f5c-62fc7ce672f1@group-4799FEC00E20: changes role from      null to FOLLOWER at term 0 for startAsFollower
2021-08-25 23:20:12,462 [pool-93-thread-1] INFO  impl.RoleInfo (RoleInfo.java:updateAndGet(130)) - 551d55f6-e55a-4cfa-9f5c-62fc7ce672f1: start 551d55f6-e55a-4cfa-9f5c-62fc7ce672f1@group-4799FEC00E20-FollowerState
2021-08-25 23:20:12,471 [pool-93-thread-1] INFO  util.JmxRegister (JmxRegister.java:tryRegister(44)) - Successfully registered JMX Bean with object name Ratis:service=RaftServer,group=group-4799FEC00E20,id=551d55f6-e55a-4cfa-9f5c-62fc7ce672f1
2021-08-25 23:20:12,472 [Command processor thread] INFO  ratis.XceiverServerRatis (XceiverServerRatis.java:addGroup(763)) - Created group PipelineID=9e9041c8-3114-4e2c-b4af-4799fec00e20
2021-08-25 23:20:12,472 [Command processor thread] INFO  commandhandler.CreatePipelineCommandHandler (CreatePipelineCommandHandler.java:handle(106)) - Created Pipeline RATIS ONE PipelineID=9e9041c8-3114-4e2c-b4af-4799fec00e20.
2021-08-25 23:20:12,473 [Command processor thread] INFO  server.RaftServer (RaftServerProxy.java:addNew(95)) - 551d55f6-e55a-4cfa-9f5c-62fc7ce672f1: addNew group-A0C5CFE587C4:[282e11bf-8d58-444e-a800-cb732d8168d5|rpc:10.1.0.32:39035|priority:1, d3a6c254-c963-411b-bd1c-0e160a3b8690|rpc:10.1.0.32:42735|priority:0, 551d55f6-e55a-4cfa-9f5c-62fc7ce672f1|rpc:10.1.0.32:34175|priority:0] returns group-A0C5CFE587C4:java.util.concurrent.CompletableFuture@3950ac39[Not completed]
2021-08-25 23:20:12,474 [pool-93-thread-1] INFO  server.RaftServer$Division (RaftServerImpl.java:<init>(181)) - 551d55f6-e55a-4cfa-9f5c-62fc7ce672f1: new RaftServerImpl for group-A0C5CFE587C4:[282e11bf-8d58-444e-a800-cb732d8168d5|rpc:10.1.0.32:39035|priority:1, d3a6c254-c963-411b-bd1c-0e160a3b8690|rpc:10.1.0.32:42735|priority:0, 551d55f6-e55a-4cfa-9f5c-62fc7ce672f1|rpc:10.1.0.32:34175|priority:0] with ContainerStateMachine:uninitialized
2021-08-25 23:20:12,474 [pool-93-thread-1] INFO  server.RaftServerConfigKeys (ConfUtils.java:logGet(44)) - raft.server.rpc.timeout.min = 5s (custom)
2021-08-25 23:20:12,474 [pool-93-thread-1] INFO  server.RaftServerConfigKeys (ConfUtils.java:logGet(44)) - raft.server.rpc.timeout.max = 5200ms (custom)
2021-08-25 23:20:12,474 [pool-93-thread-1] INFO  server.RaftServerConfigKeys (ConfUtils.java:logGet(44)) - raft.server.rpc.sleep.time = 25ms (default)
2021-08-25 23:20:12,474 [pool-93-thread-1] INFO  server.RaftServerConfigKeys (ConfUtils.java:logGet(44)) - raft.server.rpc.slowness.timeout = 300000ms (custom)
2021-08-25 23:20:12,474 [pool-93-thread-1] INFO  server.RaftServerConfigKeys (ConfUtils.java:logGet(44)) - raft.server.leaderelection.leader.step-down.wait-time = 10s (default)
2021-08-25 23:20:12,475 [pool-93-thread-1] INFO  server.RaftServerConfigKeys (ConfUtils.java:logGet(44)) - raft.server.sleep.deviation.threshold = 300ms (default)
2021-08-25 23:20:12,475 [pool-93-thread-1] INFO  server.RaftServerConfigKeys (ConfUtils.java:logGet(44)) - raft.server.log.appender.install.snapshot.enabled = false (custom)
2021-08-25 23:20:12,475 [pool-93-thread-1] INFO  server.RaftServer$Division (ServerState.java:<init>(105)) - 551d55f6-e55a-4cfa-9f5c-62fc7ce672f1@group-A0C5CFE587C4: ConfigurationManager, init=-1: [282e11bf-8d58-444e-a800-cb732d8168d5|rpc:10.1.0.32:39035|priority:1, d3a6c254-c963-411b-bd1c-0e160a3b8690|rpc:10.1.0.32:42735|priority:0, 551d55f6-e55a-4cfa-9f5c-62fc7ce672f1|rpc:10.1.0.32:34175|priority:0], old=null, confs=<EMPTY_MAP>
2021-08-25 23:20:12,475 [pool-93-thread-1] INFO  server.RaftServerConfigKeys (ConfUtils.java:logGet(44)) - raft.server.storage.dir = [/home/runner/work/ozone/ozone/hadoop-ozone/integration-test/target/test-dir/MiniOzoneClusterImpl-05b781a4-7df0-48b9-8d73-8dabce68a637/datanode-2/data/ratis] (custom)
2021-08-25 23:20:12,475 [pool-93-thread-1] INFO  server.RaftServerConfigKeys (ConfUtils.java:logGet(44)) - raft.server.log.corruption.policy = EXCEPTION (default)
2021-08-25 23:20:12,475 [pool-93-thread-1] INFO  server.RaftServerConfigKeys (ConfUtils.java:logGet(44)) - raft.server.storage.free-space.min = 0MB (=0) (default)
2021-08-25 23:20:12,475 [pool-93-thread-1] INFO  storage.RaftStorageDirectory (RaftStorageDirectoryImpl.java:analyzeStorage(135)) - The storage directory /home/runner/work/ozone/ozone/hadoop-ozone/integration-test/target/test-dir/MiniOzoneClusterImpl-05b781a4-7df0-48b9-8d73-8dabce68a637/datanode-2/data/ratis/96e4d95f-3c0f-4364-8360-a0c5cfe587c4 does not exist. Creating ...
2021-08-25 23:20:12,476 [pool-93-thread-1] INFO  storage.RaftStorageDirectory (RaftStorageDirectoryImpl.java:tryLock(230)) - Lock on /home/runner/work/ozone/ozone/hadoop-ozone/integration-test/target/test-dir/MiniOzoneClusterImpl-05b781a4-7df0-48b9-8d73-8dabce68a637/datanode-2/data/ratis/96e4d95f-3c0f-4364-8360-a0c5cfe587c4/in_use.lock acquired by nodename 4155@fv-az12-462
2021-08-25 23:20:12,477 [pool-93-thread-1] INFO  storage.RaftStorage (RaftStorageImpl.java:format(89)) - Storage directory /home/runner/work/ozone/ozone/hadoop-ozone/integration-test/target/test-dir/MiniOzoneClusterImpl-05b781a4-7df0-48b9-8d73-8dabce68a637/datanode-2/data/ratis/96e4d95f-3c0f-4364-8360-a0c5cfe587c4 has been successfully formatted.
2021-08-25 23:20:12,477 [pool-93-thread-1] INFO  ratis.ContainerStateMachine (ContainerStateMachine.java:loadSnapshot(224)) - group-A0C5CFE587C4: The snapshot info is null. Setting the last applied indexto:(t:0, i:~)
2021-08-25 23:20:12,477 [pool-93-thread-1] INFO  server.RaftServerConfigKeys (ConfUtils.java:logGet(44)) - raft.server.notification.no-leader.timeout = 300000ms (custom)
2021-08-25 23:20:12,478 [pool-93-thread-1] INFO  server.RaftServerConfigKeys (ConfUtils.java:logGet(44)) - raft.server.log.use.memory = false (default)
2021-08-25 23:20:12,478 [pool-93-thread-1] INFO  server.RaftServerConfigKeys (ConfUtils.java:logGet(44)) - raft.server.log.purge.gap = 1000000 (custom)
2021-08-25 23:20:12,478 [pool-93-thread-1] INFO  server.RaftServerConfigKeys (ConfUtils.java:logGet(44)) - raft.server.log.appender.buffer.byte-limit = 33554432 (custom)
2021-08-25 23:20:12,478 [pool-93-thread-1] INFO  server.RaftServerConfigKeys (ConfUtils.java:logGet(44)) - raft.server.log.segment.size.max = 1048576 (custom)
2021-08-25 23:20:12,478 [pool-93-thread-1] INFO  server.RaftServerConfigKeys (ConfUtils.java:logGet(44)) - raft.server.log.segment.cache.num.max = 2 (custom)
2021-08-25 23:20:12,478 [pool-93-thread-1] INFO  server.RaftServerConfigKeys (ConfUtils.java:logGet(44)) - raft.server.log.segment.cache.size.max = 200MB (=209715200) (default)
2021-08-25 23:20:12,478 [pool-93-thread-1] INFO  segmented.SegmentedRaftLogWorker (SegmentedRaftLogWorker.java:<init>(182)) - new 551d55f6-e55a-4cfa-9f5c-62fc7ce672f1@group-A0C5CFE587C4-SegmentedRaftLogWorker for RaftStorageImpl:Storage Directory /home/runner/work/ozone/ozone/hadoop-ozone/integration-test/target/test-dir/MiniOzoneClusterImpl-05b781a4-7df0-48b9-8d73-8dabce68a637/datanode-2/data/ratis/96e4d95f-3c0f-4364-8360-a0c5cfe587c4
2021-08-25 23:20:12,478 [pool-93-thread-1] INFO  server.RaftServerConfigKeys (ConfUtils.java:logGet(44)) - raft.server.log.queue.byte-limit = 2147483647 (custom)
2021-08-25 23:20:12,478 [pool-93-thread-1] INFO  server.RaftServerConfigKeys (ConfUtils.java:logGet(44)) - raft.server.log.queue.element-limit = 1024 (custom)
2021-08-25 23:20:12,478 [pool-93-thread-1] INFO  server.RaftServerConfigKeys (ConfUtils.java:logGet(44)) - raft.server.log.segment.size.max = 1048576 (custom)
2021-08-25 23:20:12,479 [pool-93-thread-1] INFO  server.RaftServerConfigKeys (ConfUtils.java:logGet(44)) - raft.server.log.preallocated.size = 16384 (custom)
2021-08-25 23:20:12,479 [pool-93-thread-1] INFO  server.RaftServerConfigKeys (ConfUtils.java:logGet(44)) - raft.server.log.force.sync.num = 128 (default)
2021-08-25 23:20:12,479 [pool-93-thread-1] INFO  server.RaftServerConfigKeys (ConfUtils.java:logGet(44)) - raft.server.log.statemachine.data.sync = true (default)
2021-08-25 23:20:12,479 [pool-93-thread-1] INFO  server.RaftServerConfigKeys (ConfUtils.java:logGet(44)) - raft.server.log.statemachine.data.sync.timeout = 10s (default)
2021-08-25 23:20:12,479 [pool-93-thread-1] INFO  server.RaftServerConfigKeys (ConfUtils.java:logGet(44)) - raft.server.log.statemachine.data.sync.timeout.retry = -1 (default)
2021-08-25 23:20:12,480 [pool-93-thread-1] INFO  server.RaftServerConfigKeys (ConfUtils.java:logGet(44)) - raft.server.log.write.buffer.size = 1048576 (custom)
2021-08-25 23:20:12,480 [pool-93-thread-1] INFO  server.RaftServerConfigKeys (ConfUtils.java:logGet(44)) - raft.server.log.statemachine.data.caching.enabled = true (custom)
2021-08-25 23:20:12,480 [pool-93-thread-1] INFO  segmented.SegmentedRaftLogWorker (SegmentedRaftLogWorker.java:lambda$new$0(133)) - 551d55f6-e55a-4cfa-9f5c-62fc7ce672f1@group-A0C5CFE587C4-SegmentedRaftLogWorker: flushIndex: setUnconditionally 0 -> -1
2021-08-25 23:20:12,480 [pool-93-thread-1] INFO  segmented.SegmentedRaftLogWorker (SegmentedRaftLogWorker.java:lambda$new$0(133)) - 551d55f6-e55a-4cfa-9f5c-62fc7ce672f1@group-A0C5CFE587C4-SegmentedRaftLogWorker: safeCacheEvictIndex: setUnconditionally 0 -> -1
2021-08-25 23:20:12,481 [Datanode State Machine Thread - 0] WARN  statemachine.StateContext (StateContext.java:execute(621)) - No available thread in pool for past 1 seconds.
2021-08-25 23:20:12,490 [EventQueue-OpenPipelineForHealthyPipelineSafeModeRule] INFO  safemode.SCMSafeModeManager (HealthyPipelineSafeModeRule.java:process(124)) - SCM in safe mode. Healthy pipelines reported count is 0, required healthy pipeline reported count is 1
2021-08-25 23:20:12,490 [pool-93-thread-1] INFO  server.RaftServerConfigKeys (ConfUtils.java:logGet(44)) - raft.server.snapshot.auto.trigger.enabled = true (custom)
2021-08-25 23:20:12,490 [pool-93-thread-1] INFO  server.RaftServerConfigKeys (ConfUtils.java:logGet(44)) - raft.server.snapshot.auto.trigger.threshold = 10000 (custom)
2021-08-25 23:20:12,491 [pool-93-thread-1] INFO  server.RaftServerConfigKeys (ConfUtils.java:logGet(44)) - raft.server.snapshot.retention.file.num = 5 (custom)
2021-08-25 23:20:12,491 [pool-93-thread-1] INFO  server.RaftServerConfigKeys (ConfUtils.java:logGet(44)) - raft.server.log.purge.upto.snapshot.index = false (default)
2021-08-25 23:20:12,491 [pool-93-thread-1] INFO  server.RaftServerConfigKeys (ConfUtils.java:logGet(44)) - raft.server.retrycache.expirytime = 600000ms (custom)
2021-08-25 23:20:12,491 [pool-93-thread-1] INFO  server.RaftServerConfigKeys (ConfUtils.java:logGet(44)) - raft.server.retrycache.statistics.expirytime = 100μs (default)
2021-08-25 23:20:12,494 [pool-93-thread-1] INFO  server.RaftServer$Division (RaftServerImpl.java:start(296)) - 551d55f6-e55a-4cfa-9f5c-62fc7ce672f1@group-A0C5CFE587C4: start as a follower, conf=-1: [282e11bf-8d58-444e-a800-cb732d8168d5|rpc:10.1.0.32:39035|priority:1, d3a6c254-c963-411b-bd1c-0e160a3b8690|rpc:10.1.0.32:42735|priority:0, 551d55f6-e55a-4cfa-9f5c-62fc7ce672f1|rpc:10.1.0.32:34175|priority:0], old=null
2021-08-25 23:20:12,494 [pool-93-thread-1] INFO  server.RaftServer$Division (RaftServerImpl.java:setRole(285)) - 551d55f6-e55a-4cfa-9f5c-62fc7ce672f1@group-A0C5CFE587C4: changes role from      null to FOLLOWER at term 0 for startAsFollower
2021-08-25 23:20:12,495 [pool-93-thread-1] INFO  impl.RoleInfo (RoleInfo.java:updateAndGet(130)) - 551d55f6-e55a-4cfa-9f5c-62fc7ce672f1: start 551d55f6-e55a-4cfa-9f5c-62fc7ce672f1@group-A0C5CFE587C4-FollowerState
2021-08-25 23:20:12,506 [pool-93-thread-1] INFO  util.JmxRegister (JmxRegister.java:tryRegister(44)) - Successfully registered JMX Bean with object name Ratis:service=RaftServer,group=group-A0C5CFE587C4,id=551d55f6-e55a-4cfa-9f5c-62fc7ce672f1
2021-08-25 23:20:12,511 [Command processor thread] INFO  ratis.XceiverServerRatis (XceiverServerRatis.java:addGroup(763)) - Created group PipelineID=96e4d95f-3c0f-4364-8360-a0c5cfe587c4
2021-08-25 23:20:12,826 [Listener at 127.0.0.1/39119] INFO  ozone.MiniOzoneClusterImpl (MiniOzoneClusterImpl.java:lambda$waitForClusterToBeReady$0(235)) - Nodes are ready. Got 9 of 9 DN Heartbeats.
2021-08-25 23:20:12,830 [Listener at 127.0.0.1/39119] INFO  ozone.MiniOzoneClusterImpl (MiniOzoneClusterImpl.java:lambda$waitForClusterToBeReady$0(238)) - Waiting for cluster to exit safe mode
2021-08-25 23:20:12,830 [Listener at 127.0.0.1/39119] INFO  ozone.MiniOzoneClusterImpl (MiniOzoneClusterImpl.java:lambda$waitForClusterToBeReady$0(240)) - SCM became leader
2021-08-25 23:20:12,860 [Command processor thread] INFO  commandhandler.CreatePipelineCommandHandler (CreatePipelineCommandHandler.java:handle(106)) - Created Pipeline RATIS THREE PipelineID=96e4d95f-3c0f-4364-8360-a0c5cfe587c4.
2021-08-25 23:20:12,860 [Command processor thread] INFO  commandhandler.CreatePipelineCommandHandler (CreatePipelineCommandHandler.java:handle(106)) - Created Pipeline RATIS THREE PipelineID=96e4d95f-3c0f-4364-8360-a0c5cfe587c4.
2021-08-25 23:20:12,879 [Command processor thread] INFO  commandhandler.CreatePipelineCommandHandler (CreatePipelineCommandHandler.java:handle(106)) - Created Pipeline RATIS THREE PipelineID=96e4d95f-3c0f-4364-8360-a0c5cfe587c4.
2021-08-25 23:20:12,920 [Command processor thread] INFO  server.RaftServer (RaftServerProxy.java:addNew(95)) - d2e949a9-e5b3-4c4c-92b0-47a0169dba23: addNew group-EA16C3CEB103:[d2e949a9-e5b3-4c4c-92b0-47a0169dba23|rpc:10.1.0.32:37449|priority:1] returns group-EA16C3CEB103:java.util.concurrent.CompletableFuture@70dbb998[Not completed]
2021-08-25 23:20:12,921 [pool-112-thread-1] INFO  server.RaftServer$Division (RaftServerImpl.java:<init>(181)) - d2e949a9-e5b3-4c4c-92b0-47a0169dba23: new RaftServerImpl for group-EA16C3CEB103:[d2e949a9-e5b3-4c4c-92b0-47a0169dba23|rpc:10.1.0.32:37449|priority:1] with ContainerStateMachine:uninitialized
2021-08-25 23:20:12,922 [pool-112-thread-1] INFO  server.RaftServerConfigKeys (ConfUtils.java:logGet(44)) - raft.server.rpc.timeout.min = 5s (custom)
2021-08-25 23:20:12,922 [pool-112-thread-1] INFO  server.RaftServerConfigKeys (ConfUtils.java:logGet(44)) - raft.server.rpc.timeout.max = 5200ms (custom)
2021-08-25 23:20:12,922 [pool-112-thread-1] INFO  server.RaftServerConfigKeys (ConfUtils.java:logGet(44)) - raft.server.rpc.sleep.time = 25ms (default)
2021-08-25 23:20:12,922 [pool-112-thread-1] INFO  server.RaftServerConfigKeys (ConfUtils.java:logGet(44)) - raft.server.rpc.slowness.timeout = 300000ms (custom)
2021-08-25 23:20:12,922 [pool-112-thread-1] INFO  server.RaftServerConfigKeys (ConfUtils.java:logGet(44)) - raft.server.leaderelection.leader.step-down.wait-time = 10s (default)
2021-08-25 23:20:12,922 [pool-112-thread-1] INFO  server.RaftServerConfigKeys (ConfUtils.java:logGet(44)) - raft.server.sleep.deviation.threshold = 300ms (default)
2021-08-25 23:20:12,922 [pool-112-thread-1] INFO  server.RaftServerConfigKeys (ConfUtils.java:logGet(44)) - raft.server.log.appender.install.snapshot.enabled = false (custom)
2021-08-25 23:20:12,922 [pool-112-thread-1] INFO  server.RaftServer$Division (ServerState.java:<init>(105)) - d2e949a9-e5b3-4c4c-92b0-47a0169dba23@group-EA16C3CEB103: ConfigurationManager, init=-1: [d2e949a9-e5b3-4c4c-92b0-47a0169dba23|rpc:10.1.0.32:37449|priority:1], old=null, confs=<EMPTY_MAP>
2021-08-25 23:20:12,922 [pool-112-thread-1] INFO  server.RaftServerConfigKeys (ConfUtils.java:logGet(44)) - raft.server.storage.dir = [/home/runner/work/ozone/ozone/hadoop-ozone/integration-test/target/test-dir/MiniOzoneClusterImpl-05b781a4-7df0-48b9-8d73-8dabce68a637/datanode-3/data/ratis] (custom)
2021-08-25 23:20:12,922 [pool-112-thread-1] INFO  server.RaftServerConfigKeys (ConfUtils.java:logGet(44)) - raft.server.log.corruption.policy = EXCEPTION (default)
2021-08-25 23:20:12,923 [pool-112-thread-1] INFO  server.RaftServerConfigKeys (ConfUtils.java:logGet(44)) - raft.server.storage.free-space.min = 0MB (=0) (default)
2021-08-25 23:20:12,923 [pool-112-thread-1] INFO  storage.RaftStorageDirectory (RaftStorageDirectoryImpl.java:analyzeStorage(135)) - The storage directory /home/runner/work/ozone/ozone/hadoop-ozone/integration-test/target/test-dir/MiniOzoneClusterImpl-05b781a4-7df0-48b9-8d73-8dabce68a637/datanode-3/data/ratis/5e7708cc-accf-450f-89b3-ea16c3ceb103 does not exist. Creating ...
2021-08-25 23:20:12,924 [pool-112-thread-1] INFO  storage.RaftStorageDirectory (RaftStorageDirectoryImpl.java:tryLock(230)) - Lock on /home/runner/work/ozone/ozone/hadoop-ozone/integration-test/target/test-dir/MiniOzoneClusterImpl-05b781a4-7df0-48b9-8d73-8dabce68a637/datanode-3/data/ratis/5e7708cc-accf-450f-89b3-ea16c3ceb103/in_use.lock acquired by nodename 4155@fv-az12-462
2021-08-25 23:20:12,925 [pool-112-thread-1] INFO  storage.RaftStorage (RaftStorageImpl.java:format(89)) - Storage directory /home/runner/work/ozone/ozone/hadoop-ozone/integration-test/target/test-dir/MiniOzoneClusterImpl-05b781a4-7df0-48b9-8d73-8dabce68a637/datanode-3/data/ratis/5e7708cc-accf-450f-89b3-ea16c3ceb103 has been successfully formatted.
2021-08-25 23:20:12,925 [pool-112-thread-1] INFO  ratis.ContainerStateMachine (ContainerStateMachine.java:loadSnapshot(224)) - group-EA16C3CEB103: The snapshot info is null. Setting the last applied indexto:(t:0, i:~)
2021-08-25 23:20:12,926 [pool-112-thread-1] INFO  server.RaftServerConfigKeys (ConfUtils.java:logGet(44)) - raft.server.notification.no-leader.timeout = 300000ms (custom)
2021-08-25 23:20:12,927 [EventQueue-PipelineReportForPipelineReportHandler] INFO  pipeline.PipelineManagerImpl (PipelineManagerImpl.java:openPipeline(282)) - Pipeline Pipeline[ Id: 5e7708cc-accf-450f-89b3-ea16c3ceb103, Nodes: d2e949a9-e5b3-4c4c-92b0-47a0169dba23{ip: 10.1.0.32, host: fv-az12-462.exdb2aeach2ezidoxz41lk3bwg.cx.internal.cloudapp.net, ports: [REPLICATION=43891, RATIS=37449, RATIS_ADMIN=37449, RATIS_SERVER=37449, STANDALONE=38135], networkLocation: /default-rack, certSerialId: null, persistedOpState: IN_SERVICE, persistedOpStateExpiryEpochSec: 0}, ReplicationConfig: RATIS/ONE, State:ALLOCATED, leaderId:d2e949a9-e5b3-4c4c-92b0-47a0169dba23, CreationTimestamp2021-08-25T23:20:09.922Z[Etc/UTC]] moved to OPEN state
2021-08-25 23:20:12,932 [EventQueue-OpenPipelineForHealthyPipelineSafeModeRule] INFO  safemode.SCMSafeModeManager (HealthyPipelineSafeModeRule.java:process(124)) - SCM in safe mode. Healthy pipelines reported count is 0, required healthy pipeline reported count is 1
2021-08-25 23:20:12,932 [pool-112-thread-1] INFO  server.RaftServerConfigKeys (ConfUtils.java:logGet(44)) - raft.server.log.use.memory = false (default)
2021-08-25 23:20:12,932 [pool-112-thread-1] INFO  server.RaftServerConfigKeys (ConfUtils.java:logGet(44)) - raft.server.log.purge.gap = 1000000 (custom)
2021-08-25 23:20:12,933 [pool-112-thread-1] INFO  server.RaftServerConfigKeys (ConfUtils.java:logGet(44)) - raft.server.log.appender.buffer.byte-limit = 33554432 (custom)
2021-08-25 23:20:12,933 [pool-112-thread-1] INFO  server.RaftServerConfigKeys (ConfUtils.java:logGet(44)) - raft.server.log.segment.size.max = 1048576 (custom)
2021-08-25 23:20:12,933 [pool-112-thread-1] INFO  server.RaftServerConfigKeys (ConfUtils.java:logGet(44)) - raft.server.log.segment.cache.num.max = 2 (custom)
2021-08-25 23:20:12,933 [pool-112-thread-1] INFO  server.RaftServerConfigKeys (ConfUtils.java:logGet(44)) - raft.server.log.segment.cache.size.max = 200MB (=209715200) (default)
2021-08-25 23:20:12,933 [pool-112-thread-1] INFO  segmented.SegmentedRaftLogWorker (SegmentedRaftLogWorker.java:<init>(182)) - new d2e949a9-e5b3-4c4c-92b0-47a0169dba23@group-EA16C3CEB103-SegmentedRaftLogWorker for RaftStorageImpl:Storage Directory /home/runner/work/ozone/ozone/hadoop-ozone/integration-test/target/test-dir/MiniOzoneClusterImpl-05b781a4-7df0-48b9-8d73-8dabce68a637/datanode-3/data/ratis/5e7708cc-accf-450f-89b3-ea16c3ceb103
2021-08-25 23:20:12,933 [pool-112-thread-1] INFO  server.RaftServerConfigKeys (ConfUtils.java:logGet(44)) - raft.server.log.queue.byte-limit = 2147483647 (custom)
2021-08-25 23:20:12,935 [pool-112-thread-1] INFO  server.RaftServerConfigKeys (ConfUtils.java:logGet(44)) - raft.server.log.queue.element-limit = 1024 (custom)
2021-08-25 23:20:12,936 [pool-112-thread-1] INFO  server.RaftServerConfigKeys (ConfUtils.java:logGet(44)) - raft.server.log.segment.size.max = 1048576 (custom)
2021-08-25 23:20:12,936 [pool-112-thread-1] INFO  server.RaftServerConfigKeys (ConfUtils.java:logGet(44)) - raft.server.log.preallocated.size = 16384 (custom)
2021-08-25 23:20:12,936 [pool-112-thread-1] INFO  server.RaftServerConfigKeys (ConfUtils.java:logGet(44)) - raft.server.log.force.sync.num = 128 (default)
2021-08-25 23:20:12,936 [pool-112-thread-1] INFO  server.RaftServerConfigKeys (ConfUtils.java:logGet(44)) - raft.server.log.statemachine.data.sync = true (default)
2021-08-25 23:20:12,936 [pool-112-thread-1] INFO  server.RaftServerConfigKeys (ConfUtils.java:logGet(44)) - raft.server.log.statemachine.data.sync.timeout = 10s (default)
2021-08-25 23:20:12,936 [pool-112-thread-1] INFO  server.RaftServerConfigKeys (ConfUtils.java:logGet(44)) - raft.server.log.statemachine.data.sync.timeout.retry = -1 (default)
2021-08-25 23:20:12,937 [pool-112-thread-1] INFO  server.RaftServerConfigKeys (ConfUtils.java:logGet(44)) - raft.server.log.write.buffer.size = 1048576 (custom)
2021-08-25 23:20:12,937 [pool-112-thread-1] INFO  server.RaftServerConfigKeys (ConfUtils.java:logGet(44)) - raft.server.log.statemachine.data.caching.enabled = true (custom)
2021-08-25 23:20:12,937 [pool-112-thread-1] INFO  segmented.SegmentedRaftLogWorker (SegmentedRaftLogWorker.java:lambda$new$0(133)) - d2e949a9-e5b3-4c4c-92b0-47a0169dba23@group-EA16C3CEB103-SegmentedRaftLogWorker: flushIndex: setUnconditionally 0 -> -1
2021-08-25 23:20:12,937 [pool-112-thread-1] INFO  segmented.SegmentedRaftLogWorker (SegmentedRaftLogWorker.java:lambda$new$0(133)) - d2e949a9-e5b3-4c4c-92b0-47a0169dba23@group-EA16C3CEB103-SegmentedRaftLogWorker: safeCacheEvictIndex: setUnconditionally 0 -> -1
2021-08-25 23:20:12,939 [pool-112-thread-1] INFO  server.RaftServerConfigKeys (ConfUtils.java:logGet(44)) - raft.server.snapshot.auto.trigger.enabled = true (custom)
2021-08-25 23:20:12,939 [pool-112-thread-1] INFO  server.RaftServerConfigKeys (ConfUtils.java:logGet(44)) - raft.server.snapshot.auto.trigger.threshold = 10000 (custom)
2021-08-25 23:20:12,939 [pool-112-thread-1] INFO  server.RaftServerConfigKeys (ConfUtils.java:logGet(44)) - raft.server.snapshot.retention.file.num = 5 (custom)
2021-08-25 23:20:12,939 [pool-112-thread-1] INFO  server.RaftServerConfigKeys (ConfUtils.java:logGet(44)) - raft.server.log.purge.upto.snapshot.index = false (default)
2021-08-25 23:20:12,939 [pool-112-thread-1] INFO  server.RaftServerConfigKeys (ConfUtils.java:logGet(44)) - raft.server.retrycache.expirytime = 600000ms (custom)
2021-08-25 23:20:12,939 [pool-112-thread-1] INFO  server.RaftServerConfigKeys (ConfUtils.java:logGet(44)) - raft.server.retrycache.statistics.expirytime = 100μs (default)
2021-08-25 23:20:12,940 [pool-112-thread-1] INFO  server.RaftServer$Division (RaftServerImpl.java:start(296)) - d2e949a9-e5b3-4c4c-92b0-47a0169dba23@group-EA16C3CEB103: start as a follower, conf=-1: [d2e949a9-e5b3-4c4c-92b0-47a0169dba23|rpc:10.1.0.32:37449|priority:1], old=null
2021-08-25 23:20:12,940 [pool-112-thread-1] INFO  server.RaftServer$Division (RaftServerImpl.java:setRole(285)) - d2e949a9-e5b3-4c4c-92b0-47a0169dba23@group-EA16C3CEB103: changes role from      null to FOLLOWER at term 0 for startAsFollower
2021-08-25 23:20:12,940 [pool-112-thread-1] INFO  impl.RoleInfo (RoleInfo.java:updateAndGet(130)) - d2e949a9-e5b3-4c4c-92b0-47a0169dba23: start d2e949a9-e5b3-4c4c-92b0-47a0169dba23@group-EA16C3CEB103-FollowerState
2021-08-25 23:20:12,941 [pool-112-thread-1] INFO  util.JmxRegister (JmxRegister.java:tryRegister(44)) - Successfully registered JMX Bean with object name Ratis:service=RaftServer,group=group-EA16C3CEB103,id=d2e949a9-e5b3-4c4c-92b0-47a0169dba23
2021-08-25 23:20:12,944 [Command processor thread] INFO  ratis.XceiverServerRatis (XceiverServerRatis.java:addGroup(763)) - Created group PipelineID=5e7708cc-accf-450f-89b3-ea16c3ceb103
2021-08-25 23:20:12,944 [Command processor thread] INFO  commandhandler.CreatePipelineCommandHandler (CreatePipelineCommandHandler.java:handle(106)) - Created Pipeline RATIS ONE PipelineID=5e7708cc-accf-450f-89b3-ea16c3ceb103.
2021-08-25 23:20:12,944 [Command processor thread] INFO  server.RaftServer (RaftServerProxy.java:addNew(95)) - d2e949a9-e5b3-4c4c-92b0-47a0169dba23: addNew group-35E29BAFB5C9:[f3c5edec-fcc1-440f-ba30-167340659c5c|rpc:10.1.0.32:45103|priority:0, d2e949a9-e5b3-4c4c-92b0-47a0169dba23|rpc:10.1.0.32:37449|priority:1, 55460722-07fd-4e57-847c-29244a947e0a|rpc:10.1.0.32:40409|priority:0] returns group-35E29BAFB5C9:java.util.concurrent.CompletableFuture@74e4235b[Not completed]
2021-08-25 23:20:12,945 [pool-112-thread-1] INFO  server.RaftServer$Division (RaftServerImpl.java:<init>(181)) - d2e949a9-e5b3-4c4c-92b0-47a0169dba23: new RaftServerImpl for group-35E29BAFB5C9:[f3c5edec-fcc1-440f-ba30-167340659c5c|rpc:10.1.0.32:45103|priority:0, d2e949a9-e5b3-4c4c-92b0-47a0169dba23|rpc:10.1.0.32:37449|priority:1, 55460722-07fd-4e57-847c-29244a947e0a|rpc:10.1.0.32:40409|priority:0] with ContainerStateMachine:uninitialized
2021-08-25 23:20:12,945 [pool-112-thread-1] INFO  server.RaftServerConfigKeys (ConfUtils.java:logGet(44)) - raft.server.rpc.timeout.min = 5s (custom)
2021-08-25 23:20:12,945 [pool-112-thread-1] INFO  server.RaftServerConfigKeys (ConfUtils.java:logGet(44)) - raft.server.rpc.timeout.max = 5200ms (custom)
2021-08-25 23:20:12,945 [pool-112-thread-1] INFO  server.RaftServerConfigKeys (ConfUtils.java:logGet(44)) - raft.server.rpc.sleep.time = 25ms (default)
2021-08-25 23:20:12,945 [pool-112-thread-1] INFO  server.RaftServerConfigKeys (ConfUtils.java:logGet(44)) - raft.server.rpc.slowness.timeout = 300000ms (custom)
2021-08-25 23:20:12,945 [pool-112-thread-1] INFO  server.RaftServerConfigKeys (ConfUtils.java:logGet(44)) - raft.server.leaderelection.leader.step-down.wait-time = 10s (default)
2021-08-25 23:20:12,945 [pool-112-thread-1] INFO  server.RaftServerConfigKeys (ConfUtils.java:logGet(44)) - raft.server.sleep.deviation.threshold = 300ms (default)
2021-08-25 23:20:12,945 [pool-112-thread-1] INFO  server.RaftServerConfigKeys (ConfUtils.java:logGet(44)) - raft.server.log.appender.install.snapshot.enabled = false (custom)
2021-08-25 23:20:12,945 [pool-112-thread-1] INFO  server.RaftServer$Division (ServerState.java:<init>(105)) - d2e949a9-e5b3-4c4c-92b0-47a0169dba23@group-35E29BAFB5C9: ConfigurationManager, init=-1: [f3c5edec-fcc1-440f-ba30-167340659c5c|rpc:10.1.0.32:45103|priority:0, d2e949a9-e5b3-4c4c-92b0-47a0169dba23|rpc:10.1.0.32:37449|priority:1, 55460722-07fd-4e57-847c-29244a947e0a|rpc:10.1.0.32:40409|priority:0], old=null, confs=<EMPTY_MAP>
2021-08-25 23:20:12,945 [pool-112-thread-1] INFO  server.RaftServerConfigKeys (ConfUtils.java:logGet(44)) - raft.server.storage.dir = [/home/runner/work/ozone/ozone/hadoop-ozone/integration-test/target/test-dir/MiniOzoneClusterImpl-05b781a4-7df0-48b9-8d73-8dabce68a637/datanode-3/data/ratis] (custom)
2021-08-25 23:20:12,945 [pool-112-thread-1] INFO  server.RaftServerConfigKeys (ConfUtils.java:logGet(44)) - raft.server.log.corruption.policy = EXCEPTION (default)
2021-08-25 23:20:12,945 [pool-112-thread-1] INFO  server.RaftServerConfigKeys (ConfUtils.java:logGet(44)) - raft.server.storage.free-space.min = 0MB (=0) (default)
2021-08-25 23:20:12,946 [pool-112-thread-1] INFO  storage.RaftStorageDirectory (RaftStorageDirectoryImpl.java:analyzeStorage(135)) - The storage directory /home/runner/work/ozone/ozone/hadoop-ozone/integration-test/target/test-dir/MiniOzoneClusterImpl-05b781a4-7df0-48b9-8d73-8dabce68a637/datanode-3/data/ratis/0d03a30e-984d-483d-b770-35e29bafb5c9 does not exist. Creating ...
2021-08-25 23:20:12,946 [pool-112-thread-1] INFO  storage.RaftStorageDirectory (RaftStorageDirectoryImpl.java:tryLock(230)) - Lock on /home/runner/work/ozone/ozone/hadoop-ozone/integration-test/target/test-dir/MiniOzoneClusterImpl-05b781a4-7df0-48b9-8d73-8dabce68a637/datanode-3/data/ratis/0d03a30e-984d-483d-b770-35e29bafb5c9/in_use.lock acquired by nodename 4155@fv-az12-462
2021-08-25 23:20:12,947 [pool-112-thread-1] INFO  storage.RaftStorage (RaftStorageImpl.java:format(89)) - Storage directory /home/runner/work/ozone/ozone/hadoop-ozone/integration-test/target/test-dir/MiniOzoneClusterImpl-05b781a4-7df0-48b9-8d73-8dabce68a637/datanode-3/data/ratis/0d03a30e-984d-483d-b770-35e29bafb5c9 has been successfully formatted.
2021-08-25 23:20:12,948 [pool-112-thread-1] INFO  ratis.ContainerStateMachine (ContainerStateMachine.java:loadSnapshot(224)) - group-35E29BAFB5C9: The snapshot info is null. Setting the last applied indexto:(t:0, i:~)
2021-08-25 23:20:12,948 [pool-112-thread-1] INFO  server.RaftServerConfigKeys (ConfUtils.java:logGet(44)) - raft.server.notification.no-leader.timeout = 300000ms (custom)
2021-08-25 23:20:12,948 [pool-112-thread-1] INFO  server.RaftServerConfigKeys (ConfUtils.java:logGet(44)) - raft.server.log.use.memory = false (default)
2021-08-25 23:20:12,948 [pool-112-thread-1] INFO  server.RaftServerConfigKeys (ConfUtils.java:logGet(44)) - raft.server.log.purge.gap = 1000000 (custom)
2021-08-25 23:20:12,948 [pool-112-thread-1] INFO  server.RaftServerConfigKeys (ConfUtils.java:logGet(44)) - raft.server.log.appender.buffer.byte-limit = 33554432 (custom)
2021-08-25 23:20:12,948 [pool-112-thread-1] INFO  server.RaftServerConfigKeys (ConfUtils.java:logGet(44)) - raft.server.log.segment.size.max = 1048576 (custom)
2021-08-25 23:20:12,949 [pool-112-thread-1] INFO  server.RaftServerConfigKeys (ConfUtils.java:logGet(44)) - raft.server.log.segment.cache.num.max = 2 (custom)
2021-08-25 23:20:12,949 [pool-112-thread-1] INFO  server.RaftServerConfigKeys (ConfUtils.java:logGet(44)) - raft.server.log.segment.cache.size.max = 200MB (=209715200) (default)
2021-08-25 23:20:12,949 [pool-112-thread-1] INFO  segmented.SegmentedRaftLogWorker (SegmentedRaftLogWorker.java:<init>(182)) - new d2e949a9-e5b3-4c4c-92b0-47a0169dba23@group-35E29BAFB5C9-SegmentedRaftLogWorker for RaftStorageImpl:Storage Directory /home/runner/work/ozone/ozone/hadoop-ozone/integration-test/target/test-dir/MiniOzoneClusterImpl-05b781a4-7df0-48b9-8d73-8dabce68a637/datanode-3/data/ratis/0d03a30e-984d-483d-b770-35e29bafb5c9
2021-08-25 23:20:12,949 [pool-112-thread-1] INFO  server.RaftServerConfigKeys (ConfUtils.java:logGet(44)) - raft.server.log.queue.byte-limit = 2147483647 (custom)
2021-08-25 23:20:12,949 [pool-112-thread-1] INFO  server.RaftServerConfigKeys (ConfUtils.java:logGet(44)) - raft.server.log.queue.element-limit = 1024 (custom)
2021-08-25 23:20:12,949 [pool-112-thread-1] INFO  server.RaftServerConfigKeys (ConfUtils.java:logGet(44)) - raft.server.log.segment.size.max = 1048576 (custom)
2021-08-25 23:20:12,949 [pool-112-thread-1] INFO  server.RaftServerConfigKeys (ConfUtils.java:logGet(44)) - raft.server.log.preallocated.size = 16384 (custom)
2021-08-25 23:20:12,949 [pool-112-thread-1] INFO  server.RaftServerConfigKeys (ConfUtils.java:logGet(44)) - raft.server.log.force.sync.num = 128 (default)
2021-08-25 23:20:12,949 [pool-112-thread-1] INFO  server.RaftServerConfigKeys (ConfUtils.java:logGet(44)) - raft.server.log.statemachine.data.sync = true (default)
2021-08-25 23:20:12,949 [pool-112-thread-1] INFO  server.RaftServerConfigKeys (ConfUtils.java:logGet(44)) - raft.server.log.statemachine.data.sync.timeout = 10s (default)
2021-08-25 23:20:12,949 [pool-112-thread-1] INFO  server.RaftServerConfigKeys (ConfUtils.java:logGet(44)) - raft.server.log.statemachine.data.sync.timeout.retry = -1 (default)
2021-08-25 23:20:12,948 [Datanode State Machine Thread - 0] WARN  statemachine.StateContext (StateContext.java:execute(621)) - No available thread in pool for past 1 seconds.
2021-08-25 23:20:12,949 [EventQueue-OpenPipelineForHealthyPipelineSafeModeRule] INFO  safemode.SCMSafeModeManager (HealthyPipelineSafeModeRule.java:process(124)) - SCM in safe mode. Healthy pipelines reported count is 0, required healthy pipeline reported count is 1
2021-08-25 23:20:12,950 [pool-112-thread-1] INFO  server.RaftServerConfigKeys (ConfUtils.java:logGet(44)) - raft.server.log.write.buffer.size = 1048576 (custom)
2021-08-25 23:20:12,950 [pool-112-thread-1] INFO  server.RaftServerConfigKeys (ConfUtils.java:logGet(44)) - raft.server.log.statemachine.data.caching.enabled = true (custom)
2021-08-25 23:20:12,950 [pool-112-thread-1] INFO  segmented.SegmentedRaftLogWorker (SegmentedRaftLogWorker.java:lambda$new$0(133)) - d2e949a9-e5b3-4c4c-92b0-47a0169dba23@group-35E29BAFB5C9-SegmentedRaftLogWorker: flushIndex: setUnconditionally 0 -> -1
2021-08-25 23:20:12,950 [pool-112-thread-1] INFO  segmented.SegmentedRaftLogWorker (SegmentedRaftLogWorker.java:lambda$new$0(133)) - d2e949a9-e5b3-4c4c-92b0-47a0169dba23@group-35E29BAFB5C9-SegmentedRaftLogWorker: safeCacheEvictIndex: setUnconditionally 0 -> -1
2021-08-25 23:20:12,954 [pool-112-thread-1] INFO  server.RaftServerConfigKeys (ConfUtils.java:logGet(44)) - raft.server.snapshot.auto.trigger.enabled = true (custom)
2021-08-25 23:20:12,954 [pool-112-thread-1] INFO  server.RaftServerConfigKeys (ConfUtils.java:logGet(44)) - raft.server.snapshot.auto.trigger.threshold = 10000 (custom)
2021-08-25 23:20:12,954 [pool-112-thread-1] INFO  server.RaftServerConfigKeys (ConfUtils.java:logGet(44)) - raft.server.snapshot.retention.file.num = 5 (custom)
2021-08-25 23:20:12,954 [pool-112-thread-1] INFO  server.RaftServerConfigKeys (ConfUtils.java:logGet(44)) - raft.server.log.purge.upto.snapshot.index = false (default)
2021-08-25 23:20:12,954 [pool-112-thread-1] INFO  server.RaftServerConfigKeys (ConfUtils.java:logGet(44)) - raft.server.retrycache.expirytime = 600000ms (custom)
2021-08-25 23:20:12,954 [pool-112-thread-1] INFO  server.RaftServerConfigKeys (ConfUtils.java:logGet(44)) - raft.server.retrycache.statistics.expirytime = 100μs (default)
2021-08-25 23:20:12,955 [pool-112-thread-1] INFO  server.RaftServer$Division (RaftServerImpl.java:start(296)) - d2e949a9-e5b3-4c4c-92b0-47a0169dba23@group-35E29BAFB5C9: start as a follower, conf=-1: [f3c5edec-fcc1-440f-ba30-167340659c5c|rpc:10.1.0.32:45103|priority:0, d2e949a9-e5b3-4c4c-92b0-47a0169dba23|rpc:10.1.0.32:37449|priority:1, 55460722-07fd-4e57-847c-29244a947e0a|rpc:10.1.0.32:40409|priority:0], old=null
2021-08-25 23:20:12,955 [pool-112-thread-1] INFO  server.RaftServer$Division (RaftServerImpl.java:setRole(285)) - d2e949a9-e5b3-4c4c-92b0-47a0169dba23@group-35E29BAFB5C9: changes role from      null to FOLLOWER at term 0 for startAsFollower
2021-08-25 23:20:12,955 [pool-112-thread-1] INFO  impl.RoleInfo (RoleInfo.java:updateAndGet(130)) - d2e949a9-e5b3-4c4c-92b0-47a0169dba23: start d2e949a9-e5b3-4c4c-92b0-47a0169dba23@group-35E29BAFB5C9-FollowerState
2021-08-25 23:20:12,959 [pool-112-thread-1] INFO  util.JmxRegister (JmxRegister.java:tryRegister(44)) - Successfully registered JMX Bean with object name Ratis:service=RaftServer,group=group-35E29BAFB5C9,id=d2e949a9-e5b3-4c4c-92b0-47a0169dba23
2021-08-25 23:20:12,961 [Command processor thread] INFO  ratis.XceiverServerRatis (XceiverServerRatis.java:addGroup(763)) - Created group PipelineID=0d03a30e-984d-483d-b770-35e29bafb5c9
2021-08-25 23:20:12,974 [grpc-default-executor-1] INFO  server.RaftServer (RaftServerProxy.java:addNew(95)) - f3c5edec-fcc1-440f-ba30-167340659c5c: addNew group-35E29BAFB5C9:[f3c5edec-fcc1-440f-ba30-167340659c5c|rpc:10.1.0.32:45103|dataStream:|priority:0, d2e949a9-e5b3-4c4c-92b0-47a0169dba23|rpc:10.1.0.32:37449|dataStream:|priority:1, 55460722-07fd-4e57-847c-29244a947e0a|rpc:10.1.0.32:40409|dataStream:|priority:0] returns group-35E29BAFB5C9:java.util.concurrent.CompletableFuture@2be124fa[Not completed]
2021-08-25 23:20:12,976 [pool-150-thread-1] INFO  server.RaftServer$Division (RaftServerImpl.java:<init>(181)) - f3c5edec-fcc1-440f-ba30-167340659c5c: new RaftServerImpl for group-35E29BAFB5C9:[f3c5edec-fcc1-440f-ba30-167340659c5c|rpc:10.1.0.32:45103|dataStream:|priority:0, d2e949a9-e5b3-4c4c-92b0-47a0169dba23|rpc:10.1.0.32:37449|dataStream:|priority:1, 55460722-07fd-4e57-847c-29244a947e0a|rpc:10.1.0.32:40409|dataStream:|priority:0] with ContainerStateMachine:uninitialized
2021-08-25 23:20:12,976 [pool-150-thread-1] INFO  server.RaftServerConfigKeys (ConfUtils.java:logGet(44)) - raft.server.rpc.timeout.min = 5s (custom)
2021-08-25 23:20:12,976 [pool-150-thread-1] INFO  server.RaftServerConfigKeys (ConfUtils.java:logGet(44)) - raft.server.rpc.timeout.max = 5200ms (custom)
2021-08-25 23:20:12,976 [pool-150-thread-1] INFO  server.RaftServerConfigKeys (ConfUtils.java:logGet(44)) - raft.server.rpc.sleep.time = 25ms (default)
2021-08-25 23:20:12,976 [pool-150-thread-1] INFO  server.RaftServerConfigKeys (ConfUtils.java:logGet(44)) - raft.server.rpc.slowness.timeout = 300000ms (custom)
2021-08-25 23:20:12,976 [pool-150-thread-1] INFO  server.RaftServerConfigKeys (ConfUtils.java:logGet(44)) - raft.server.leaderelection.leader.step-down.wait-time = 10s (default)
2021-08-25 23:20:12,976 [pool-150-thread-1] INFO  server.RaftServerConfigKeys (ConfUtils.java:logGet(44)) - raft.server.sleep.deviation.threshold = 300ms (default)
2021-08-25 23:20:12,976 [pool-150-thread-1] INFO  server.RaftServerConfigKeys (ConfUtils.java:logGet(44)) - raft.server.log.appender.install.snapshot.enabled = false (custom)
2021-08-25 23:20:12,976 [pool-150-thread-1] INFO  server.RaftServer$Division (ServerState.java:<init>(105)) - f3c5edec-fcc1-440f-ba30-167340659c5c@group-35E29BAFB5C9: ConfigurationManager, init=-1: [f3c5edec-fcc1-440f-ba30-167340659c5c|rpc:10.1.0.32:45103|dataStream:|priority:0, d2e949a9-e5b3-4c4c-92b0-47a0169dba23|rpc:10.1.0.32:37449|dataStream:|priority:1, 55460722-07fd-4e57-847c-29244a947e0a|rpc:10.1.0.32:40409|dataStream:|priority:0], old=null, confs=<EMPTY_MAP>
2021-08-25 23:20:12,976 [pool-150-thread-1] INFO  server.RaftServerConfigKeys (ConfUtils.java:logGet(44)) - raft.server.storage.dir = [/home/runner/work/ozone/ozone/hadoop-ozone/integration-test/target/test-dir/MiniOzoneClusterImpl-05b781a4-7df0-48b9-8d73-8dabce68a637/datanode-5/data/ratis] (custom)
2021-08-25 23:20:12,977 [pool-150-thread-1] INFO  server.RaftServerConfigKeys (ConfUtils.java:logGet(44)) - raft.server.log.corruption.policy = EXCEPTION (default)
2021-08-25 23:20:12,977 [pool-150-thread-1] INFO  server.RaftServerConfigKeys (ConfUtils.java:logGet(44)) - raft.server.storage.free-space.min = 0MB (=0) (default)
2021-08-25 23:20:12,977 [pool-150-thread-1] INFO  storage.RaftStorageDirectory (RaftStorageDirectoryImpl.java:analyzeStorage(135)) - The storage directory /home/runner/work/ozone/ozone/hadoop-ozone/integration-test/target/test-dir/MiniOzoneClusterImpl-05b781a4-7df0-48b9-8d73-8dabce68a637/datanode-5/data/ratis/0d03a30e-984d-483d-b770-35e29bafb5c9 does not exist. Creating ...
2021-08-25 23:20:12,978 [pool-150-thread-1] INFO  storage.RaftStorageDirectory (RaftStorageDirectoryImpl.java:tryLock(230)) - Lock on /home/runner/work/ozone/ozone/hadoop-ozone/integration-test/target/test-dir/MiniOzoneClusterImpl-05b781a4-7df0-48b9-8d73-8dabce68a637/datanode-5/data/ratis/0d03a30e-984d-483d-b770-35e29bafb5c9/in_use.lock acquired by nodename 4155@fv-az12-462
2021-08-25 23:20:12,979 [pool-150-thread-1] INFO  storage.RaftStorage (RaftStorageImpl.java:format(89)) - Storage directory /home/runner/work/ozone/ozone/hadoop-ozone/integration-test/target/test-dir/MiniOzoneClusterImpl-05b781a4-7df0-48b9-8d73-8dabce68a637/datanode-5/data/ratis/0d03a30e-984d-483d-b770-35e29bafb5c9 has been successfully formatted.
2021-08-25 23:20:12,979 [pool-150-thread-1] INFO  ratis.ContainerStateMachine (ContainerStateMachine.java:loadSnapshot(224)) - group-35E29BAFB5C9: The snapshot info is null. Setting the last applied indexto:(t:0, i:~)
2021-08-25 23:20:12,979 [pool-150-thread-1] INFO  server.RaftServerConfigKeys (ConfUtils.java:logGet(44)) - raft.server.notification.no-leader.timeout = 300000ms (custom)
2021-08-25 23:20:12,979 [Datanode State Machine Thread - 0] WARN  statemachine.StateContext (StateContext.java:execute(621)) - No available thread in pool for past 1 seconds.
2021-08-25 23:20:12,979 [pool-150-thread-1] INFO  server.RaftServerConfigKeys (ConfUtils.java:logGet(44)) - raft.server.log.use.memory = false (default)
2021-08-25 23:20:12,980 [pool-150-thread-1] INFO  server.RaftServerConfigKeys (ConfUtils.java:logGet(44)) - raft.server.log.purge.gap = 1000000 (custom)
2021-08-25 23:20:12,980 [pool-150-thread-1] INFO  server.RaftServerConfigKeys (ConfUtils.java:logGet(44)) - raft.server.log.appender.buffer.byte-limit = 33554432 (custom)
2021-08-25 23:20:12,981 [pool-150-thread-1] INFO  server.RaftServerConfigKeys (ConfUtils.java:logGet(44)) - raft.server.log.segment.size.max = 1048576 (custom)
2021-08-25 23:20:12,981 [pool-150-thread-1] INFO  server.RaftServerConfigKeys (ConfUtils.java:logGet(44)) - raft.server.log.segment.cache.num.max = 2 (custom)
2021-08-25 23:20:12,981 [pool-150-thread-1] INFO  server.RaftServerConfigKeys (ConfUtils.java:logGet(44)) - raft.server.log.segment.cache.size.max = 200MB (=209715200) (default)
2021-08-25 23:20:12,981 [pool-150-thread-1] INFO  segmented.SegmentedRaftLogWorker (SegmentedRaftLogWorker.java:<init>(182)) - new f3c5edec-fcc1-440f-ba30-167340659c5c@group-35E29BAFB5C9-SegmentedRaftLogWorker for RaftStorageImpl:Storage Directory /home/runner/work/ozone/ozone/hadoop-ozone/integration-test/target/test-dir/MiniOzoneClusterImpl-05b781a4-7df0-48b9-8d73-8dabce68a637/datanode-5/data/ratis/0d03a30e-984d-483d-b770-35e29bafb5c9
2021-08-25 23:20:12,981 [pool-150-thread-1] INFO  server.RaftServerConfigKeys (ConfUtils.java:logGet(44)) - raft.server.log.queue.byte-limit = 2147483647 (custom)
2021-08-25 23:20:12,981 [pool-150-thread-1] INFO  server.RaftServerConfigKeys (ConfUtils.java:logGet(44)) - raft.server.log.queue.element-limit = 1024 (custom)
2021-08-25 23:20:12,981 [pool-150-thread-1] INFO  server.RaftServerConfigKeys (ConfUtils.java:logGet(44)) - raft.server.log.segment.size.max = 1048576 (custom)
2021-08-25 23:20:12,982 [pool-150-thread-1] INFO  server.RaftServerConfigKeys (ConfUtils.java:logGet(44)) - raft.server.log.preallocated.size = 16384 (custom)
2021-08-25 23:20:12,982 [pool-150-thread-1] INFO  server.RaftServerConfigKeys (ConfUtils.java:logGet(44)) - raft.server.log.force.sync.num = 128 (default)
2021-08-25 23:20:12,982 [pool-150-thread-1] INFO  server.RaftServerConfigKeys (ConfUtils.java:logGet(44)) - raft.server.log.statemachine.data.sync = true (default)
2021-08-25 23:20:12,982 [pool-150-thread-1] INFO  server.RaftServerConfigKeys (ConfUtils.java:logGet(44)) - raft.server.log.statemachine.data.sync.timeout = 10s (default)
2021-08-25 23:20:12,982 [pool-150-thread-1] INFO  server.RaftServerConfigKeys (ConfUtils.java:logGet(44)) - raft.server.log.statemachine.data.sync.timeout.retry = -1 (default)
2021-08-25 23:20:12,983 [pool-150-thread-1] INFO  server.RaftServerConfigKeys (ConfUtils.java:logGet(44)) - raft.server.log.write.buffer.size = 1048576 (custom)
2021-08-25 23:20:12,983 [pool-150-thread-1] INFO  server.RaftServerConfigKeys (ConfUtils.java:logGet(44)) - raft.server.log.statemachine.data.caching.enabled = true (custom)
2021-08-25 23:20:12,983 [pool-150-thread-1] INFO  segmented.SegmentedRaftLogWorker (SegmentedRaftLogWorker.java:lambda$new$0(133)) - f3c5edec-fcc1-440f-ba30-167340659c5c@group-35E29BAFB5C9-SegmentedRaftLogWorker: flushIndex: setUnconditionally 0 -> -1
2021-08-25 23:20:12,983 [pool-150-thread-1] INFO  segmented.SegmentedRaftLogWorker (SegmentedRaftLogWorker.java:lambda$new$0(133)) - f3c5edec-fcc1-440f-ba30-167340659c5c@group-35E29BAFB5C9-SegmentedRaftLogWorker: safeCacheEvictIndex: setUnconditionally 0 -> -1
2021-08-25 23:20:12,983 [pool-150-thread-1] INFO  server.RaftServerConfigKeys (ConfUtils.java:logGet(44)) - raft.server.snapshot.auto.trigger.enabled = true (custom)
2021-08-25 23:20:12,983 [pool-150-thread-1] INFO  server.RaftServerConfigKeys (ConfUtils.java:logGet(44)) - raft.server.snapshot.auto.trigger.threshold = 10000 (custom)
2021-08-25 23:20:12,983 [pool-150-thread-1] INFO  server.RaftServerConfigKeys (ConfUtils.java:logGet(44)) - raft.server.snapshot.retention.file.num = 5 (custom)
2021-08-25 23:20:12,984 [pool-150-thread-1] INFO  server.RaftServerConfigKeys (ConfUtils.java:logGet(44)) - raft.server.log.purge.upto.snapshot.index = false (default)
2021-08-25 23:20:12,984 [pool-150-thread-1] INFO  server.RaftServerConfigKeys (ConfUtils.java:logGet(44)) - raft.server.retrycache.expirytime = 600000ms (custom)
2021-08-25 23:20:12,984 [pool-150-thread-1] INFO  server.RaftServerConfigKeys (ConfUtils.java:logGet(44)) - raft.server.retrycache.statistics.expirytime = 100μs (default)
2021-08-25 23:20:12,985 [pool-150-thread-1] INFO  server.RaftServer$Division (RaftServerImpl.java:start(296)) - f3c5edec-fcc1-440f-ba30-167340659c5c@group-35E29BAFB5C9: start as a follower, conf=-1: [f3c5edec-fcc1-440f-ba30-167340659c5c|rpc:10.1.0.32:45103|dataStream:|priority:0, d2e949a9-e5b3-4c4c-92b0-47a0169dba23|rpc:10.1.0.32:37449|dataStream:|priority:1, 55460722-07fd-4e57-847c-29244a947e0a|rpc:10.1.0.32:40409|dataStream:|priority:0], old=null
2021-08-25 23:20:12,985 [pool-150-thread-1] INFO  server.RaftServer$Division (RaftServerImpl.java:setRole(285)) - f3c5edec-fcc1-440f-ba30-167340659c5c@group-35E29BAFB5C9: changes role from      null to FOLLOWER at term 0 for startAsFollower
2021-08-25 23:20:12,985 [pool-150-thread-1] INFO  impl.RoleInfo (RoleInfo.java:updateAndGet(130)) - f3c5edec-fcc1-440f-ba30-167340659c5c: start f3c5edec-fcc1-440f-ba30-167340659c5c@group-35E29BAFB5C9-FollowerState
2021-08-25 23:20:12,988 [pool-150-thread-1] INFO  util.JmxRegister (JmxRegister.java:tryRegister(44)) - Successfully registered JMX Bean with object name Ratis:service=RaftServer,group=group-35E29BAFB5C9,id=f3c5edec-fcc1-440f-ba30-167340659c5c
2021-08-25 23:20:13,021 [grpc-default-executor-1] INFO  server.RaftServer (RaftServerProxy.java:addNew(95)) - 55460722-07fd-4e57-847c-29244a947e0a: addNew group-35E29BAFB5C9:[f3c5edec-fcc1-440f-ba30-167340659c5c|rpc:10.1.0.32:45103|dataStream:|priority:0, d2e949a9-e5b3-4c4c-92b0-47a0169dba23|rpc:10.1.0.32:37449|dataStream:|priority:1, 55460722-07fd-4e57-847c-29244a947e0a|rpc:10.1.0.32:40409|dataStream:|priority:0] returns group-35E29BAFB5C9:java.util.concurrent.CompletableFuture@2bd24e94[Not completed]
2021-08-25 23:20:13,022 [pool-131-thread-1] INFO  server.RaftServer$Division (RaftServerImpl.java:<init>(181)) - 55460722-07fd-4e57-847c-29244a947e0a: new RaftServerImpl for group-35E29BAFB5C9:[f3c5edec-fcc1-440f-ba30-167340659c5c|rpc:10.1.0.32:45103|dataStream:|priority:0, d2e949a9-e5b3-4c4c-92b0-47a0169dba23|rpc:10.1.0.32:37449|dataStream:|priority:1, 55460722-07fd-4e57-847c-29244a947e0a|rpc:10.1.0.32:40409|dataStream:|priority:0] with ContainerStateMachine:uninitialized
2021-08-25 23:20:13,022 [pool-131-thread-1] INFO  server.RaftServerConfigKeys (ConfUtils.java:logGet(44)) - raft.server.rpc.timeout.min = 5s (custom)
2021-08-25 23:20:13,022 [pool-131-thread-1] INFO  server.RaftServerConfigKeys (ConfUtils.java:logGet(44)) - raft.server.rpc.timeout.max = 5200ms (custom)
2021-08-25 23:20:13,023 [pool-131-thread-1] INFO  server.RaftServerConfigKeys (ConfUtils.java:logGet(44)) - raft.server.rpc.sleep.time = 25ms (default)
2021-08-25 23:20:13,023 [pool-131-thread-1] INFO  server.RaftServerConfigKeys (ConfUtils.java:logGet(44)) - raft.server.rpc.slowness.timeout = 300000ms (custom)
2021-08-25 23:20:13,023 [pool-131-thread-1] INFO  server.RaftServerConfigKeys (ConfUtils.java:logGet(44)) - raft.server.leaderelection.leader.step-down.wait-time = 10s (default)
2021-08-25 23:20:13,023 [pool-131-thread-1] INFO  server.RaftServerConfigKeys (ConfUtils.java:logGet(44)) - raft.server.sleep.deviation.threshold = 300ms (default)
2021-08-25 23:20:13,023 [pool-131-thread-1] INFO  server.RaftServerConfigKeys (ConfUtils.java:logGet(44)) - raft.server.log.appender.install.snapshot.enabled = false (custom)
2021-08-25 23:20:13,023 [pool-131-thread-1] INFO  server.RaftServer$Division (ServerState.java:<init>(105)) - 55460722-07fd-4e57-847c-29244a947e0a@group-35E29BAFB5C9: ConfigurationManager, init=-1: [f3c5edec-fcc1-440f-ba30-167340659c5c|rpc:10.1.0.32:45103|dataStream:|priority:0, d2e949a9-e5b3-4c4c-92b0-47a0169dba23|rpc:10.1.0.32:37449|dataStream:|priority:1, 55460722-07fd-4e57-847c-29244a947e0a|rpc:10.1.0.32:40409|dataStream:|priority:0], old=null, confs=<EMPTY_MAP>
2021-08-25 23:20:13,023 [pool-131-thread-1] INFO  server.RaftServerConfigKeys (ConfUtils.java:logGet(44)) - raft.server.storage.dir = [/home/runner/work/ozone/ozone/hadoop-ozone/integration-test/target/test-dir/MiniOzoneClusterImpl-05b781a4-7df0-48b9-8d73-8dabce68a637/datanode-4/data/ratis] (custom)
2021-08-25 23:20:13,023 [pool-131-thread-1] INFO  server.RaftServerConfigKeys (ConfUtils.java:logGet(44)) - raft.server.log.corruption.policy = EXCEPTION (default)
2021-08-25 23:20:13,023 [pool-131-thread-1] INFO  server.RaftServerConfigKeys (ConfUtils.java:logGet(44)) - raft.server.storage.free-space.min = 0MB (=0) (default)
2021-08-25 23:20:13,023 [pool-131-thread-1] INFO  storage.RaftStorageDirectory (RaftStorageDirectoryImpl.java:analyzeStorage(135)) - The storage directory /home/runner/work/ozone/ozone/hadoop-ozone/integration-test/target/test-dir/MiniOzoneClusterImpl-05b781a4-7df0-48b9-8d73-8dabce68a637/datanode-4/data/ratis/0d03a30e-984d-483d-b770-35e29bafb5c9 does not exist. Creating ...
2021-08-25 23:20:13,024 [pool-131-thread-1] INFO  storage.RaftStorageDirectory (RaftStorageDirectoryImpl.java:tryLock(230)) - Lock on /home/runner/work/ozone/ozone/hadoop-ozone/integration-test/target/test-dir/MiniOzoneClusterImpl-05b781a4-7df0-48b9-8d73-8dabce68a637/datanode-4/data/ratis/0d03a30e-984d-483d-b770-35e29bafb5c9/in_use.lock acquired by nodename 4155@fv-az12-462
2021-08-25 23:20:13,025 [pool-131-thread-1] INFO  storage.RaftStorage (RaftStorageImpl.java:format(89)) - Storage directory /home/runner/work/ozone/ozone/hadoop-ozone/integration-test/target/test-dir/MiniOzoneClusterImpl-05b781a4-7df0-48b9-8d73-8dabce68a637/datanode-4/data/ratis/0d03a30e-984d-483d-b770-35e29bafb5c9 has been successfully formatted.
2021-08-25 23:20:13,026 [Datanode State Machine Thread - 0] WARN  statemachine.StateContext (StateContext.java:execute(621)) - No available thread in pool for past 1 seconds.
2021-08-25 23:20:13,026 [pool-131-thread-1] INFO  ratis.ContainerStateMachine (ContainerStateMachine.java:loadSnapshot(224)) - group-35E29BAFB5C9: The snapshot info is null. Setting the last applied indexto:(t:0, i:~)
2021-08-25 23:20:13,027 [pool-131-thread-1] INFO  server.RaftServerConfigKeys (ConfUtils.java:logGet(44)) - raft.server.notification.no-leader.timeout = 300000ms (custom)
2021-08-25 23:20:13,027 [pool-131-thread-1] INFO  server.RaftServerConfigKeys (ConfUtils.java:logGet(44)) - raft.server.log.use.memory = false (default)
2021-08-25 23:20:13,027 [pool-131-thread-1] INFO  server.RaftServerConfigKeys (ConfUtils.java:logGet(44)) - raft.server.log.purge.gap = 1000000 (custom)
2021-08-25 23:20:13,027 [pool-131-thread-1] INFO  server.RaftServerConfigKeys (ConfUtils.java:logGet(44)) - raft.server.log.appender.buffer.byte-limit = 33554432 (custom)
2021-08-25 23:20:13,027 [pool-131-thread-1] INFO  server.RaftServerConfigKeys (ConfUtils.java:logGet(44)) - raft.server.log.segment.size.max = 1048576 (custom)
2021-08-25 23:20:13,028 [pool-131-thread-1] INFO  server.RaftServerConfigKeys (ConfUtils.java:logGet(44)) - raft.server.log.segment.cache.num.max = 2 (custom)
2021-08-25 23:20:13,028 [pool-131-thread-1] INFO  server.RaftServerConfigKeys (ConfUtils.java:logGet(44)) - raft.server.log.segment.cache.size.max = 200MB (=209715200) (default)
2021-08-25 23:20:13,029 [pool-131-thread-1] INFO  segmented.SegmentedRaftLogWorker (SegmentedRaftLogWorker.java:<init>(182)) - new 55460722-07fd-4e57-847c-29244a947e0a@group-35E29BAFB5C9-SegmentedRaftLogWorker for RaftStorageImpl:Storage Directory /home/runner/work/ozone/ozone/hadoop-ozone/integration-test/target/test-dir/MiniOzoneClusterImpl-05b781a4-7df0-48b9-8d73-8dabce68a637/datanode-4/data/ratis/0d03a30e-984d-483d-b770-35e29bafb5c9
2021-08-25 23:20:13,029 [pool-131-thread-1] INFO  server.RaftServerConfigKeys (ConfUtils.java:logGet(44)) - raft.server.log.queue.byte-limit = 2147483647 (custom)
2021-08-25 23:20:13,029 [pool-131-thread-1] INFO  server.RaftServerConfigKeys (ConfUtils.java:logGet(44)) - raft.server.log.queue.element-limit = 1024 (custom)
2021-08-25 23:20:13,029 [pool-131-thread-1] INFO  server.RaftServerConfigKeys (ConfUtils.java:logGet(44)) - raft.server.log.segment.size.max = 1048576 (custom)
2021-08-25 23:20:13,029 [pool-131-thread-1] INFO  server.RaftServerConfigKeys (ConfUtils.java:logGet(44)) - raft.server.log.preallocated.size = 16384 (custom)
2021-08-25 23:20:13,029 [pool-131-thread-1] INFO  server.RaftServerConfigKeys (ConfUtils.java:logGet(44)) - raft.server.log.force.sync.num = 128 (default)
2021-08-25 23:20:13,029 [pool-131-thread-1] INFO  server.RaftServerConfigKeys (ConfUtils.java:logGet(44)) - raft.server.log.statemachine.data.sync = true (default)
2021-08-25 23:20:13,029 [pool-131-thread-1] INFO  server.RaftServerConfigKeys (ConfUtils.java:logGet(44)) - raft.server.log.statemachine.data.sync.timeout = 10s (default)
2021-08-25 23:20:13,029 [pool-131-thread-1] INFO  server.RaftServerConfigKeys (ConfUtils.java:logGet(44)) - raft.server.log.statemachine.data.sync.timeout.retry = -1 (default)
2021-08-25 23:20:13,030 [pool-131-thread-1] INFO  server.RaftServerConfigKeys (ConfUtils.java:logGet(44)) - raft.server.log.write.buffer.size = 1048576 (custom)
2021-08-25 23:20:13,030 [pool-131-thread-1] INFO  server.RaftServerConfigKeys (ConfUtils.java:logGet(44)) - raft.server.log.statemachine.data.caching.enabled = true (custom)
2021-08-25 23:20:13,030 [pool-131-thread-1] INFO  segmented.SegmentedRaftLogWorker (SegmentedRaftLogWorker.java:lambda$new$0(133)) - 55460722-07fd-4e57-847c-29244a947e0a@group-35E29BAFB5C9-SegmentedRaftLogWorker: flushIndex: setUnconditionally 0 -> -1
2021-08-25 23:20:13,031 [pool-131-thread-1] INFO  segmented.SegmentedRaftLogWorker (SegmentedRaftLogWorker.java:lambda$new$0(133)) - 55460722-07fd-4e57-847c-29244a947e0a@group-35E29BAFB5C9-SegmentedRaftLogWorker: safeCacheEvictIndex: setUnconditionally 0 -> -1
2021-08-25 23:20:13,031 [pool-131-thread-1] INFO  server.RaftServerConfigKeys (ConfUtils.java:logGet(44)) - raft.server.snapshot.auto.trigger.enabled = true (custom)
2021-08-25 23:20:13,031 [pool-131-thread-1] INFO  server.RaftServerConfigKeys (ConfUtils.java:logGet(44)) - raft.server.snapshot.auto.trigger.threshold = 10000 (custom)
2021-08-25 23:20:13,031 [pool-131-thread-1] INFO  server.RaftServerConfigKeys (ConfUtils.java:logGet(44)) - raft.server.snapshot.retention.file.num = 5 (custom)
2021-08-25 23:20:13,031 [pool-131-thread-1] INFO  server.RaftServerConfigKeys (ConfUtils.java:logGet(44)) - raft.server.log.purge.upto.snapshot.index = false (default)
2021-08-25 23:20:13,031 [pool-131-thread-1] INFO  server.RaftServerConfigKeys (ConfUtils.java:logGet(44)) - raft.server.retrycache.expirytime = 600000ms (custom)
2021-08-25 23:20:13,031 [pool-131-thread-1] INFO  server.RaftServerConfigKeys (ConfUtils.java:logGet(44)) - raft.server.retrycache.statistics.expirytime = 100μs (default)
2021-08-25 23:20:13,032 [pool-131-thread-1] INFO  server.RaftServer$Division (RaftServerImpl.java:start(296)) - 55460722-07fd-4e57-847c-29244a947e0a@group-35E29BAFB5C9: start as a follower, conf=-1: [f3c5edec-fcc1-440f-ba30-167340659c5c|rpc:10.1.0.32:45103|dataStream:|priority:0, d2e949a9-e5b3-4c4c-92b0-47a0169dba23|rpc:10.1.0.32:37449|dataStream:|priority:1, 55460722-07fd-4e57-847c-29244a947e0a|rpc:10.1.0.32:40409|dataStream:|priority:0], old=null
2021-08-25 23:20:13,032 [pool-131-thread-1] INFO  server.RaftServer$Division (RaftServerImpl.java:setRole(285)) - 55460722-07fd-4e57-847c-29244a947e0a@group-35E29BAFB5C9: changes role from      null to FOLLOWER at term 0 for startAsFollower
2021-08-25 23:20:13,032 [pool-131-thread-1] INFO  impl.RoleInfo (RoleInfo.java:updateAndGet(130)) - 55460722-07fd-4e57-847c-29244a947e0a: start 55460722-07fd-4e57-847c-29244a947e0a@group-35E29BAFB5C9-FollowerState
2021-08-25 23:20:13,033 [pool-131-thread-1] INFO  util.JmxRegister (JmxRegister.java:tryRegister(44)) - Successfully registered JMX Bean with object name Ratis:service=RaftServer,group=group-35E29BAFB5C9,id=55460722-07fd-4e57-847c-29244a947e0a
2021-08-25 23:20:13,040 [Command processor thread] INFO  commandhandler.CreatePipelineCommandHandler (CreatePipelineCommandHandler.java:handle(106)) - Created Pipeline RATIS THREE PipelineID=0d03a30e-984d-483d-b770-35e29bafb5c9.
2021-08-25 23:20:13,130 [Command processor thread] INFO  server.RaftServer (RaftServerProxy.java:addNew(95)) - 55460722-07fd-4e57-847c-29244a947e0a: addNew group-D975E08D8EF0:[55460722-07fd-4e57-847c-29244a947e0a|rpc:10.1.0.32:40409|priority:1] returns group-D975E08D8EF0:java.util.concurrent.CompletableFuture@58dbfc5e[Not completed]
2021-08-25 23:20:13,131 [pool-131-thread-1] INFO  server.RaftServer$Division (RaftServerImpl.java:<init>(181)) - 55460722-07fd-4e57-847c-29244a947e0a: new RaftServerImpl for group-D975E08D8EF0:[55460722-07fd-4e57-847c-29244a947e0a|rpc:10.1.0.32:40409|priority:1] with ContainerStateMachine:uninitialized
2021-08-25 23:20:13,132 [pool-131-thread-1] INFO  server.RaftServerConfigKeys (ConfUtils.java:logGet(44)) - raft.server.rpc.timeout.min = 5s (custom)
2021-08-25 23:20:13,132 [pool-131-thread-1] INFO  server.RaftServerConfigKeys (ConfUtils.java:logGet(44)) - raft.server.rpc.timeout.max = 5200ms (custom)
2021-08-25 23:20:13,132 [pool-131-thread-1] INFO  server.RaftServerConfigKeys (ConfUtils.java:logGet(44)) - raft.server.rpc.sleep.time = 25ms (default)
2021-08-25 23:20:13,132 [pool-131-thread-1] INFO  server.RaftServerConfigKeys (ConfUtils.java:logGet(44)) - raft.server.rpc.slowness.timeout = 300000ms (custom)
2021-08-25 23:20:13,132 [pool-131-thread-1] INFO  server.RaftServerConfigKeys (ConfUtils.java:logGet(44)) - raft.server.leaderelection.leader.step-down.wait-time = 10s (default)
2021-08-25 23:20:13,132 [pool-131-thread-1] INFO  server.RaftServerConfigKeys (ConfUtils.java:logGet(44)) - raft.server.sleep.deviation.threshold = 300ms (default)
2021-08-25 23:20:13,132 [pool-131-thread-1] INFO  server.RaftServerConfigKeys (ConfUtils.java:logGet(44)) - raft.server.log.appender.install.snapshot.enabled = false (custom)
2021-08-25 23:20:13,132 [pool-131-thread-1] INFO  server.RaftServer$Division (ServerState.java:<init>(105)) - 55460722-07fd-4e57-847c-29244a947e0a@group-D975E08D8EF0: ConfigurationManager, init=-1: [55460722-07fd-4e57-847c-29244a947e0a|rpc:10.1.0.32:40409|priority:1], old=null, confs=<EMPTY_MAP>
2021-08-25 23:20:13,132 [pool-131-thread-1] INFO  server.RaftServerConfigKeys (ConfUtils.java:logGet(44)) - raft.server.storage.dir = [/home/runner/work/ozone/ozone/hadoop-ozone/integration-test/target/test-dir/MiniOzoneClusterImpl-05b781a4-7df0-48b9-8d73-8dabce68a637/datanode-4/data/ratis] (custom)
2021-08-25 23:20:13,132 [pool-131-thread-1] INFO  server.RaftServerConfigKeys (ConfUtils.java:logGet(44)) - raft.server.log.corruption.policy = EXCEPTION (default)
2021-08-25 23:20:13,132 [pool-131-thread-1] INFO  server.RaftServerConfigKeys (ConfUtils.java:logGet(44)) - raft.server.storage.free-space.min = 0MB (=0) (default)
2021-08-25 23:20:13,132 [pool-131-thread-1] INFO  storage.RaftStorageDirectory (RaftStorageDirectoryImpl.java:analyzeStorage(135)) - The storage directory /home/runner/work/ozone/ozone/hadoop-ozone/integration-test/target/test-dir/MiniOzoneClusterImpl-05b781a4-7df0-48b9-8d73-8dabce68a637/datanode-4/data/ratis/a08f549b-4053-449d-b408-d975e08d8ef0 does not exist. Creating ...
2021-08-25 23:20:13,134 [pool-131-thread-1] INFO  storage.RaftStorageDirectory (RaftStorageDirectoryImpl.java:tryLock(230)) - Lock on /home/runner/work/ozone/ozone/hadoop-ozone/integration-test/target/test-dir/MiniOzoneClusterImpl-05b781a4-7df0-48b9-8d73-8dabce68a637/datanode-4/data/ratis/a08f549b-4053-449d-b408-d975e08d8ef0/in_use.lock acquired by nodename 4155@fv-az12-462
2021-08-25 23:20:13,135 [pool-131-thread-1] INFO  storage.RaftStorage (RaftStorageImpl.java:format(89)) - Storage directory /home/runner/work/ozone/ozone/hadoop-ozone/integration-test/target/test-dir/MiniOzoneClusterImpl-05b781a4-7df0-48b9-8d73-8dabce68a637/datanode-4/data/ratis/a08f549b-4053-449d-b408-d975e08d8ef0 has been successfully formatted.
2021-08-25 23:20:13,135 [pool-131-thread-1] INFO  ratis.ContainerStateMachine (ContainerStateMachine.java:loadSnapshot(224)) - group-D975E08D8EF0: The snapshot info is null. Setting the last applied indexto:(t:0, i:~)
2021-08-25 23:20:13,135 [pool-131-thread-1] INFO  server.RaftServerConfigKeys (ConfUtils.java:logGet(44)) - raft.server.notification.no-leader.timeout = 300000ms (custom)
2021-08-25 23:20:13,135 [Datanode State Machine Thread - 0] WARN  statemachine.StateContext (StateContext.java:execute(621)) - No available thread in pool for past 1 seconds.
2021-08-25 23:20:13,135 [pool-131-thread-1] INFO  server.RaftServerConfigKeys (ConfUtils.java:logGet(44)) - raft.server.log.use.memory = false (default)
2021-08-25 23:20:13,135 [pool-131-thread-1] INFO  server.RaftServerConfigKeys (ConfUtils.java:logGet(44)) - raft.server.log.purge.gap = 1000000 (custom)
2021-08-25 23:20:13,136 [pool-131-thread-1] INFO  server.RaftServerConfigKeys (ConfUtils.java:logGet(44)) - raft.server.log.appender.buffer.byte-limit = 33554432 (custom)
2021-08-25 23:20:13,136 [pool-131-thread-1] INFO  server.RaftServerConfigKeys (ConfUtils.java:logGet(44)) - raft.server.log.segment.size.max = 1048576 (custom)
2021-08-25 23:20:13,136 [pool-131-thread-1] INFO  server.RaftServerConfigKeys (ConfUtils.java:logGet(44)) - raft.server.log.segment.cache.num.max = 2 (custom)
2021-08-25 23:20:13,137 [pool-131-thread-1] INFO  server.RaftServerConfigKeys (ConfUtils.java:logGet(44)) - raft.server.log.segment.cache.size.max = 200MB (=209715200) (default)
2021-08-25 23:20:13,137 [pool-131-thread-1] INFO  segmented.SegmentedRaftLogWorker (SegmentedRaftLogWorker.java:<init>(182)) - new 55460722-07fd-4e57-847c-29244a947e0a@group-D975E08D8EF0-SegmentedRaftLogWorker for RaftStorageImpl:Storage Directory /home/runner/work/ozone/ozone/hadoop-ozone/integration-test/target/test-dir/MiniOzoneClusterImpl-05b781a4-7df0-48b9-8d73-8dabce68a637/datanode-4/data/ratis/a08f549b-4053-449d-b408-d975e08d8ef0
2021-08-25 23:20:13,137 [pool-131-thread-1] INFO  server.RaftServerConfigKeys (ConfUtils.java:logGet(44)) - raft.server.log.queue.byte-limit = 2147483647 (custom)
2021-08-25 23:20:13,137 [EventQueue-PipelineReportForPipelineReportHandler] INFO  pipeline.PipelineManagerImpl (PipelineManagerImpl.java:openPipeline(282)) - Pipeline Pipeline[ Id: a08f549b-4053-449d-b408-d975e08d8ef0, Nodes: 55460722-07fd-4e57-847c-29244a947e0a{ip: 10.1.0.32, host: fv-az12-462.exdb2aeach2ezidoxz41lk3bwg.cx.internal.cloudapp.net, ports: [REPLICATION=45061, RATIS=40409, RATIS_ADMIN=40409, RATIS_SERVER=40409, STANDALONE=35129], networkLocation: /default-rack, certSerialId: null, persistedOpState: IN_SERVICE, persistedOpStateExpiryEpochSec: 0}, ReplicationConfig: RATIS/ONE, State:ALLOCATED, leaderId:55460722-07fd-4e57-847c-29244a947e0a, CreationTimestamp2021-08-25T23:20:10.135Z[Etc/UTC]] moved to OPEN state
2021-08-25 23:20:13,137 [EventQueue-OpenPipelineForHealthyPipelineSafeModeRule] INFO  safemode.SCMSafeModeManager (HealthyPipelineSafeModeRule.java:process(124)) - SCM in safe mode. Healthy pipelines reported count is 0, required healthy pipeline reported count is 1
2021-08-25 23:20:13,137 [pool-131-thread-1] INFO  server.RaftServerConfigKeys (ConfUtils.java:logGet(44)) - raft.server.log.queue.element-limit = 1024 (custom)
2021-08-25 23:20:13,139 [pool-131-thread-1] INFO  server.RaftServerConfigKeys (ConfUtils.java:logGet(44)) - raft.server.log.segment.size.max = 1048576 (custom)
2021-08-25 23:20:13,139 [pool-131-thread-1] INFO  server.RaftServerConfigKeys (ConfUtils.java:logGet(44)) - raft.server.log.preallocated.size = 16384 (custom)
2021-08-25 23:20:13,139 [pool-131-thread-1] INFO  server.RaftServerConfigKeys (ConfUtils.java:logGet(44)) - raft.server.log.force.sync.num = 128 (default)
2021-08-25 23:20:13,139 [pool-131-thread-1] INFO  server.RaftServerConfigKeys (ConfUtils.java:logGet(44)) - raft.server.log.statemachine.data.sync = true (default)
2021-08-25 23:20:13,139 [pool-131-thread-1] INFO  server.RaftServerConfigKeys (ConfUtils.java:logGet(44)) - raft.server.log.statemachine.data.sync.timeout = 10s (default)
2021-08-25 23:20:13,139 [pool-131-thread-1] INFO  server.RaftServerConfigKeys (ConfUtils.java:logGet(44)) - raft.server.log.statemachine.data.sync.timeout.retry = -1 (default)
2021-08-25 23:20:13,140 [pool-131-thread-1] INFO  server.RaftServerConfigKeys (ConfUtils.java:logGet(44)) - raft.server.log.write.buffer.size = 1048576 (custom)
2021-08-25 23:20:13,140 [pool-131-thread-1] INFO  server.RaftServerConfigKeys (ConfUtils.java:logGet(44)) - raft.server.log.statemachine.data.caching.enabled = true (custom)
2021-08-25 23:20:13,140 [pool-131-thread-1] INFO  segmented.SegmentedRaftLogWorker (SegmentedRaftLogWorker.java:lambda$new$0(133)) - 55460722-07fd-4e57-847c-29244a947e0a@group-D975E08D8EF0-SegmentedRaftLogWorker: flushIndex: setUnconditionally 0 -> -1
2021-08-25 23:20:13,140 [pool-131-thread-1] INFO  segmented.SegmentedRaftLogWorker (SegmentedRaftLogWorker.java:lambda$new$0(133)) - 55460722-07fd-4e57-847c-29244a947e0a@group-D975E08D8EF0-SegmentedRaftLogWorker: safeCacheEvictIndex: setUnconditionally 0 -> -1
2021-08-25 23:20:13,141 [pool-131-thread-1] INFO  server.RaftServerConfigKeys (ConfUtils.java:logGet(44)) - raft.server.snapshot.auto.trigger.enabled = true (custom)
2021-08-25 23:20:13,141 [pool-131-thread-1] INFO  server.RaftServerConfigKeys (ConfUtils.java:logGet(44)) - raft.server.snapshot.auto.trigger.threshold = 10000 (custom)
2021-08-25 23:20:13,141 [pool-131-thread-1] INFO  server.RaftServerConfigKeys (ConfUtils.java:logGet(44)) - raft.server.snapshot.retention.file.num = 5 (custom)
2021-08-25 23:20:13,141 [pool-131-thread-1] INFO  server.RaftServerConfigKeys (ConfUtils.java:logGet(44)) - raft.server.log.purge.upto.snapshot.index = false (default)
2021-08-25 23:20:13,141 [pool-131-thread-1] INFO  server.RaftServerConfigKeys (ConfUtils.java:logGet(44)) - raft.server.retrycache.expirytime = 600000ms (custom)
2021-08-25 23:20:13,141 [pool-131-thread-1] INFO  server.RaftServerConfigKeys (ConfUtils.java:logGet(44)) - raft.server.retrycache.statistics.expirytime = 100μs (default)
2021-08-25 23:20:13,142 [pool-131-thread-1] INFO  server.RaftServer$Division (RaftServerImpl.java:start(296)) - 55460722-07fd-4e57-847c-29244a947e0a@group-D975E08D8EF0: start as a follower, conf=-1: [55460722-07fd-4e57-847c-29244a947e0a|rpc:10.1.0.32:40409|priority:1], old=null
2021-08-25 23:20:13,142 [pool-131-thread-1] INFO  server.RaftServer$Division (RaftServerImpl.java:setRole(285)) - 55460722-07fd-4e57-847c-29244a947e0a@group-D975E08D8EF0: changes role from      null to FOLLOWER at term 0 for startAsFollower
2021-08-25 23:20:13,143 [pool-131-thread-1] INFO  impl.RoleInfo (RoleInfo.java:updateAndGet(130)) - 55460722-07fd-4e57-847c-29244a947e0a: start 55460722-07fd-4e57-847c-29244a947e0a@group-D975E08D8EF0-FollowerState
2021-08-25 23:20:13,146 [pool-131-thread-1] INFO  util.JmxRegister (JmxRegister.java:tryRegister(44)) - Successfully registered JMX Bean with object name Ratis:service=RaftServer,group=group-D975E08D8EF0,id=55460722-07fd-4e57-847c-29244a947e0a
2021-08-25 23:20:13,154 [Command processor thread] INFO  ratis.XceiverServerRatis (XceiverServerRatis.java:addGroup(763)) - Created group PipelineID=a08f549b-4053-449d-b408-d975e08d8ef0
2021-08-25 23:20:13,154 [Command processor thread] INFO  commandhandler.CreatePipelineCommandHandler (CreatePipelineCommandHandler.java:handle(106)) - Created Pipeline RATIS ONE PipelineID=a08f549b-4053-449d-b408-d975e08d8ef0.
2021-08-25 23:20:13,318 [Command processor thread] INFO  server.RaftServer (RaftServerProxy.java:addNew(95)) - f3c5edec-fcc1-440f-ba30-167340659c5c: addNew group-970C7929BED2:[f3c5edec-fcc1-440f-ba30-167340659c5c|rpc:10.1.0.32:45103|priority:1] returns group-970C7929BED2:java.util.concurrent.CompletableFuture@129a33b2[Not completed]
2021-08-25 23:20:13,319 [pool-150-thread-1] INFO  server.RaftServer$Division (RaftServerImpl.java:<init>(181)) - f3c5edec-fcc1-440f-ba30-167340659c5c: new RaftServerImpl for group-970C7929BED2:[f3c5edec-fcc1-440f-ba30-167340659c5c|rpc:10.1.0.32:45103|priority:1] with ContainerStateMachine:uninitialized
2021-08-25 23:20:13,319 [pool-150-thread-1] INFO  server.RaftServerConfigKeys (ConfUtils.java:logGet(44)) - raft.server.rpc.timeout.min = 5s (custom)
2021-08-25 23:20:13,320 [pool-150-thread-1] INFO  server.RaftServerConfigKeys (ConfUtils.java:logGet(44)) - raft.server.rpc.timeout.max = 5200ms (custom)
2021-08-25 23:20:13,320 [pool-150-thread-1] INFO  server.RaftServerConfigKeys (ConfUtils.java:logGet(44)) - raft.server.rpc.sleep.time = 25ms (default)
2021-08-25 23:20:13,320 [pool-150-thread-1] INFO  server.RaftServerConfigKeys (ConfUtils.java:logGet(44)) - raft.server.rpc.slowness.timeout = 300000ms (custom)
2021-08-25 23:20:13,320 [pool-150-thread-1] INFO  server.RaftServerConfigKeys (ConfUtils.java:logGet(44)) - raft.server.leaderelection.leader.step-down.wait-time = 10s (default)
2021-08-25 23:20:13,320 [pool-150-thread-1] INFO  server.RaftServerConfigKeys (ConfUtils.java:logGet(44)) - raft.server.sleep.deviation.threshold = 300ms (default)
2021-08-25 23:20:13,320 [pool-150-thread-1] INFO  server.RaftServerConfigKeys (ConfUtils.java:logGet(44)) - raft.server.log.appender.install.snapshot.enabled = false (custom)
2021-08-25 23:20:13,320 [pool-150-thread-1] INFO  server.RaftServer$Division (ServerState.java:<init>(105)) - f3c5edec-fcc1-440f-ba30-167340659c5c@group-970C7929BED2: ConfigurationManager, init=-1: [f3c5edec-fcc1-440f-ba30-167340659c5c|rpc:10.1.0.32:45103|priority:1], old=null, confs=<EMPTY_MAP>
2021-08-25 23:20:13,320 [pool-150-thread-1] INFO  server.RaftServerConfigKeys (ConfUtils.java:logGet(44)) - raft.server.storage.dir = [/home/runner/work/ozone/ozone/hadoop-ozone/integration-test/target/test-dir/MiniOzoneClusterImpl-05b781a4-7df0-48b9-8d73-8dabce68a637/datanode-5/data/ratis] (custom)
2021-08-25 23:20:13,320 [pool-150-thread-1] INFO  server.RaftServerConfigKeys (ConfUtils.java:logGet(44)) - raft.server.log.corruption.policy = EXCEPTION (default)
2021-08-25 23:20:13,320 [pool-150-thread-1] INFO  server.RaftServerConfigKeys (ConfUtils.java:logGet(44)) - raft.server.storage.free-space.min = 0MB (=0) (default)
2021-08-25 23:20:13,320 [pool-150-thread-1] INFO  storage.RaftStorageDirectory (RaftStorageDirectoryImpl.java:analyzeStorage(135)) - The storage directory /home/runner/work/ozone/ozone/hadoop-ozone/integration-test/target/test-dir/MiniOzoneClusterImpl-05b781a4-7df0-48b9-8d73-8dabce68a637/datanode-5/data/ratis/e9796aa1-dbd9-43ab-bad6-970c7929bed2 does not exist. Creating ...
2021-08-25 23:20:13,321 [pool-150-thread-1] INFO  storage.RaftStorageDirectory (RaftStorageDirectoryImpl.java:tryLock(230)) - Lock on /home/runner/work/ozone/ozone/hadoop-ozone/integration-test/target/test-dir/MiniOzoneClusterImpl-05b781a4-7df0-48b9-8d73-8dabce68a637/datanode-5/data/ratis/e9796aa1-dbd9-43ab-bad6-970c7929bed2/in_use.lock acquired by nodename 4155@fv-az12-462
2021-08-25 23:20:13,322 [pool-150-thread-1] INFO  storage.RaftStorage (RaftStorageImpl.java:format(89)) - Storage directory /home/runner/work/ozone/ozone/hadoop-ozone/integration-test/target/test-dir/MiniOzoneClusterImpl-05b781a4-7df0-48b9-8d73-8dabce68a637/datanode-5/data/ratis/e9796aa1-dbd9-43ab-bad6-970c7929bed2 has been successfully formatted.
2021-08-25 23:20:13,323 [pool-150-thread-1] INFO  ratis.ContainerStateMachine (ContainerStateMachine.java:loadSnapshot(224)) - group-970C7929BED2: The snapshot info is null. Setting the last applied indexto:(t:0, i:~)
2021-08-25 23:20:13,324 [EventQueue-PipelineReportForPipelineReportHandler] INFO  pipeline.PipelineManagerImpl (PipelineManagerImpl.java:openPipeline(282)) - Pipeline Pipeline[ Id: e9796aa1-dbd9-43ab-bad6-970c7929bed2, Nodes: f3c5edec-fcc1-440f-ba30-167340659c5c{ip: 10.1.0.32, host: fv-az12-462.exdb2aeach2ezidoxz41lk3bwg.cx.internal.cloudapp.net, ports: [REPLICATION=46521, RATIS=45103, RATIS_ADMIN=45103, RATIS_SERVER=45103, STANDALONE=32773], networkLocation: /default-rack, certSerialId: null, persistedOpState: IN_SERVICE, persistedOpStateExpiryEpochSec: 0}, ReplicationConfig: RATIS/ONE, State:ALLOCATED, leaderId:f3c5edec-fcc1-440f-ba30-167340659c5c, CreationTimestamp2021-08-25T23:20:10.323Z[Etc/UTC]] moved to OPEN state
2021-08-25 23:20:13,325 [EventQueue-OpenPipelineForHealthyPipelineSafeModeRule] INFO  safemode.SCMSafeModeManager (HealthyPipelineSafeModeRule.java:process(124)) - SCM in safe mode. Healthy pipelines reported count is 0, required healthy pipeline reported count is 1
2021-08-25 23:20:13,326 [pool-150-thread-1] INFO  server.RaftServerConfigKeys (ConfUtils.java:logGet(44)) - raft.server.notification.no-leader.timeout = 300000ms (custom)
2021-08-25 23:20:13,327 [pool-150-thread-1] INFO  server.RaftServerConfigKeys (ConfUtils.java:logGet(44)) - raft.server.log.use.memory = false (default)
2021-08-25 23:20:13,327 [pool-150-thread-1] INFO  server.RaftServerConfigKeys (ConfUtils.java:logGet(44)) - raft.server.log.purge.gap = 1000000 (custom)
2021-08-25 23:20:13,327 [pool-150-thread-1] INFO  server.RaftServerConfigKeys (ConfUtils.java:logGet(44)) - raft.server.log.appender.buffer.byte-limit = 33554432 (custom)
2021-08-25 23:20:13,327 [pool-150-thread-1] INFO  server.RaftServerConfigKeys (ConfUtils.java:logGet(44)) - raft.server.log.segment.size.max = 1048576 (custom)
2021-08-25 23:20:13,328 [pool-150-thread-1] INFO  server.RaftServerConfigKeys (ConfUtils.java:logGet(44)) - raft.server.log.segment.cache.num.max = 2 (custom)
2021-08-25 23:20:13,328 [pool-150-thread-1] INFO  server.RaftServerConfigKeys (ConfUtils.java:logGet(44)) - raft.server.log.segment.cache.size.max = 200MB (=209715200) (default)
2021-08-25 23:20:13,328 [pool-150-thread-1] INFO  segmented.SegmentedRaftLogWorker (SegmentedRaftLogWorker.java:<init>(182)) - new f3c5edec-fcc1-440f-ba30-167340659c5c@group-970C7929BED2-SegmentedRaftLogWorker for RaftStorageImpl:Storage Directory /home/runner/work/ozone/ozone/hadoop-ozone/integration-test/target/test-dir/MiniOzoneClusterImpl-05b781a4-7df0-48b9-8d73-8dabce68a637/datanode-5/data/ratis/e9796aa1-dbd9-43ab-bad6-970c7929bed2
2021-08-25 23:20:13,328 [pool-150-thread-1] INFO  server.RaftServerConfigKeys (ConfUtils.java:logGet(44)) - raft.server.log.queue.byte-limit = 2147483647 (custom)
2021-08-25 23:20:13,328 [pool-150-thread-1] INFO  server.RaftServerConfigKeys (ConfUtils.java:logGet(44)) - raft.server.log.queue.element-limit = 1024 (custom)
2021-08-25 23:20:13,328 [pool-150-thread-1] INFO  server.RaftServerConfigKeys (ConfUtils.java:logGet(44)) - raft.server.log.segment.size.max = 1048576 (custom)
2021-08-25 23:20:13,328 [pool-150-thread-1] INFO  server.RaftServerConfigKeys (ConfUtils.java:logGet(44)) - raft.server.log.preallocated.size = 16384 (custom)
2021-08-25 23:20:13,328 [pool-150-thread-1] INFO  server.RaftServerConfigKeys (ConfUtils.java:logGet(44)) - raft.server.log.force.sync.num = 128 (default)
2021-08-25 23:20:13,328 [pool-150-thread-1] INFO  server.RaftServerConfigKeys (ConfUtils.java:logGet(44)) - raft.server.log.statemachine.data.sync = true (default)
2021-08-25 23:20:13,328 [pool-150-thread-1] INFO  server.RaftServerConfigKeys (ConfUtils.java:logGet(44)) - raft.server.log.statemachine.data.sync.timeout = 10s (default)
2021-08-25 23:20:13,328 [pool-150-thread-1] INFO  server.RaftServerConfigKeys (ConfUtils.java:logGet(44)) - raft.server.log.statemachine.data.sync.timeout.retry = -1 (default)
2021-08-25 23:20:13,329 [pool-150-thread-1] INFO  server.RaftServerConfigKeys (ConfUtils.java:logGet(44)) - raft.server.log.write.buffer.size = 1048576 (custom)
2021-08-25 23:20:13,330 [pool-150-thread-1] INFO  server.RaftServerConfigKeys (ConfUtils.java:logGet(44)) - raft.server.log.statemachine.data.caching.enabled = true (custom)
2021-08-25 23:20:13,330 [pool-150-thread-1] INFO  segmented.SegmentedRaftLogWorker (SegmentedRaftLogWorker.java:lambda$new$0(133)) - f3c5edec-fcc1-440f-ba30-167340659c5c@group-970C7929BED2-SegmentedRaftLogWorker: flushIndex: setUnconditionally 0 -> -1
2021-08-25 23:20:13,330 [pool-150-thread-1] INFO  segmented.SegmentedRaftLogWorker (SegmentedRaftLogWorker.java:lambda$new$0(133)) - f3c5edec-fcc1-440f-ba30-167340659c5c@group-970C7929BED2-SegmentedRaftLogWorker: safeCacheEvictIndex: setUnconditionally 0 -> -1
2021-08-25 23:20:13,332 [pool-150-thread-1] INFO  server.RaftServerConfigKeys (ConfUtils.java:logGet(44)) - raft.server.snapshot.auto.trigger.enabled = true (custom)
2021-08-25 23:20:13,332 [pool-150-thread-1] INFO  server.RaftServerConfigKeys (ConfUtils.java:logGet(44)) - raft.server.snapshot.auto.trigger.threshold = 10000 (custom)
2021-08-25 23:20:13,332 [pool-150-thread-1] INFO  server.RaftServerConfigKeys (ConfUtils.java:logGet(44)) - raft.server.snapshot.retention.file.num = 5 (custom)
2021-08-25 23:20:13,332 [pool-150-thread-1] INFO  server.RaftServerConfigKeys (ConfUtils.java:logGet(44)) - raft.server.log.purge.upto.snapshot.index = false (default)
2021-08-25 23:20:13,332 [pool-150-thread-1] INFO  server.RaftServerConfigKeys (ConfUtils.java:logGet(44)) - raft.server.retrycache.expirytime = 600000ms (custom)
2021-08-25 23:20:13,332 [pool-150-thread-1] INFO  server.RaftServerConfigKeys (ConfUtils.java:logGet(44)) - raft.server.retrycache.statistics.expirytime = 100μs (default)
2021-08-25 23:20:13,333 [pool-150-thread-1] INFO  server.RaftServer$Division (RaftServerImpl.java:start(296)) - f3c5edec-fcc1-440f-ba30-167340659c5c@group-970C7929BED2: start as a follower, conf=-1: [f3c5edec-fcc1-440f-ba30-167340659c5c|rpc:10.1.0.32:45103|priority:1], old=null
2021-08-25 23:20:13,333 [pool-150-thread-1] INFO  server.RaftServer$Division (RaftServerImpl.java:setRole(285)) - f3c5edec-fcc1-440f-ba30-167340659c5c@group-970C7929BED2: changes role from      null to FOLLOWER at term 0 for startAsFollower
2021-08-25 23:20:13,333 [pool-150-thread-1] INFO  impl.RoleInfo (RoleInfo.java:updateAndGet(130)) - f3c5edec-fcc1-440f-ba30-167340659c5c: start f3c5edec-fcc1-440f-ba30-167340659c5c@group-970C7929BED2-FollowerState
2021-08-25 23:20:13,333 [pool-150-thread-1] INFO  util.JmxRegister (JmxRegister.java:tryRegister(44)) - Successfully registered JMX Bean with object name Ratis:service=RaftServer,group=group-970C7929BED2,id=f3c5edec-fcc1-440f-ba30-167340659c5c
2021-08-25 23:20:13,334 [Command processor thread] INFO  ratis.XceiverServerRatis (XceiverServerRatis.java:addGroup(763)) - Created group PipelineID=e9796aa1-dbd9-43ab-bad6-970c7929bed2
2021-08-25 23:20:13,334 [Command processor thread] INFO  commandhandler.CreatePipelineCommandHandler (CreatePipelineCommandHandler.java:handle(106)) - Created Pipeline RATIS ONE PipelineID=e9796aa1-dbd9-43ab-bad6-970c7929bed2.
2021-08-25 23:20:13,511 [Command processor thread] INFO  server.RaftServer (RaftServerProxy.java:addNew(95)) - e56ee20f-9a03-437e-8d1d-8d6614c978b9: addNew group-416AA078E38F:[e56ee20f-9a03-437e-8d1d-8d6614c978b9|rpc:10.1.0.32:35337|priority:1] returns group-416AA078E38F:java.util.concurrent.CompletableFuture@4a8ea131[Not completed]
2021-08-25 23:20:13,513 [pool-169-thread-1] INFO  server.RaftServer$Division (RaftServerImpl.java:<init>(181)) - e56ee20f-9a03-437e-8d1d-8d6614c978b9: new RaftServerImpl for group-416AA078E38F:[e56ee20f-9a03-437e-8d1d-8d6614c978b9|rpc:10.1.0.32:35337|priority:1] with ContainerStateMachine:uninitialized
2021-08-25 23:20:13,513 [pool-169-thread-1] INFO  server.RaftServerConfigKeys (ConfUtils.java:logGet(44)) - raft.server.rpc.timeout.min = 5s (custom)
2021-08-25 23:20:13,514 [pool-169-thread-1] INFO  server.RaftServerConfigKeys (ConfUtils.java:logGet(44)) - raft.server.rpc.timeout.max = 5200ms (custom)
2021-08-25 23:20:13,514 [pool-169-thread-1] INFO  server.RaftServerConfigKeys (ConfUtils.java:logGet(44)) - raft.server.rpc.sleep.time = 25ms (default)
2021-08-25 23:20:13,514 [pool-169-thread-1] INFO  server.RaftServerConfigKeys (ConfUtils.java:logGet(44)) - raft.server.rpc.slowness.timeout = 300000ms (custom)
2021-08-25 23:20:13,514 [pool-169-thread-1] INFO  server.RaftServerConfigKeys (ConfUtils.java:logGet(44)) - raft.server.leaderelection.leader.step-down.wait-time = 10s (default)
2021-08-25 23:20:13,514 [pool-169-thread-1] INFO  server.RaftServerConfigKeys (ConfUtils.java:logGet(44)) - raft.server.sleep.deviation.threshold = 300ms (default)
2021-08-25 23:20:13,514 [pool-169-thread-1] INFO  server.RaftServerConfigKeys (ConfUtils.java:logGet(44)) - raft.server.log.appender.install.snapshot.enabled = false (custom)
2021-08-25 23:20:13,514 [pool-169-thread-1] INFO  server.RaftServer$Division (ServerState.java:<init>(105)) - e56ee20f-9a03-437e-8d1d-8d6614c978b9@group-416AA078E38F: ConfigurationManager, init=-1: [e56ee20f-9a03-437e-8d1d-8d6614c978b9|rpc:10.1.0.32:35337|priority:1], old=null, confs=<EMPTY_MAP>
2021-08-25 23:20:13,514 [pool-169-thread-1] INFO  server.RaftServerConfigKeys (ConfUtils.java:logGet(44)) - raft.server.storage.dir = [/home/runner/work/ozone/ozone/hadoop-ozone/integration-test/target/test-dir/MiniOzoneClusterImpl-05b781a4-7df0-48b9-8d73-8dabce68a637/datanode-6/data/ratis] (custom)
2021-08-25 23:20:13,514 [pool-169-thread-1] INFO  server.RaftServerConfigKeys (ConfUtils.java:logGet(44)) - raft.server.log.corruption.policy = EXCEPTION (default)
2021-08-25 23:20:13,514 [pool-169-thread-1] INFO  server.RaftServerConfigKeys (ConfUtils.java:logGet(44)) - raft.server.storage.free-space.min = 0MB (=0) (default)
2021-08-25 23:20:13,514 [pool-169-thread-1] INFO  storage.RaftStorageDirectory (RaftStorageDirectoryImpl.java:analyzeStorage(135)) - The storage directory /home/runner/work/ozone/ozone/hadoop-ozone/integration-test/target/test-dir/MiniOzoneClusterImpl-05b781a4-7df0-48b9-8d73-8dabce68a637/datanode-6/data/ratis/65f77d9c-e1aa-4389-88a0-416aa078e38f does not exist. Creating ...
2021-08-25 23:20:13,515 [pool-169-thread-1] INFO  storage.RaftStorageDirectory (RaftStorageDirectoryImpl.java:tryLock(230)) - Lock on /home/runner/work/ozone/ozone/hadoop-ozone/integration-test/target/test-dir/MiniOzoneClusterImpl-05b781a4-7df0-48b9-8d73-8dabce68a637/datanode-6/data/ratis/65f77d9c-e1aa-4389-88a0-416aa078e38f/in_use.lock acquired by nodename 4155@fv-az12-462
2021-08-25 23:20:13,516 [pool-169-thread-1] INFO  storage.RaftStorage (RaftStorageImpl.java:format(89)) - Storage directory /home/runner/work/ozone/ozone/hadoop-ozone/integration-test/target/test-dir/MiniOzoneClusterImpl-05b781a4-7df0-48b9-8d73-8dabce68a637/datanode-6/data/ratis/65f77d9c-e1aa-4389-88a0-416aa078e38f has been successfully formatted.
2021-08-25 23:20:13,517 [pool-169-thread-1] INFO  ratis.ContainerStateMachine (ContainerStateMachine.java:loadSnapshot(224)) - group-416AA078E38F: The snapshot info is null. Setting the last applied indexto:(t:0, i:~)
2021-08-25 23:20:13,518 [Datanode State Machine Thread - 0] WARN  statemachine.StateContext (StateContext.java:execute(621)) - No available thread in pool for past 1 seconds.
2021-08-25 23:20:13,518 [pool-169-thread-1] INFO  server.RaftServerConfigKeys (ConfUtils.java:logGet(44)) - raft.server.notification.no-leader.timeout = 300000ms (custom)
2021-08-25 23:20:13,518 [pool-169-thread-1] INFO  server.RaftServerConfigKeys (ConfUtils.java:logGet(44)) - raft.server.log.use.memory = false (default)
2021-08-25 23:20:13,518 [pool-169-thread-1] INFO  server.RaftServerConfigKeys (ConfUtils.java:logGet(44)) - raft.server.log.purge.gap = 1000000 (custom)
2021-08-25 23:20:13,518 [pool-169-thread-1] INFO  server.RaftServerConfigKeys (ConfUtils.java:logGet(44)) - raft.server.log.appender.buffer.byte-limit = 33554432 (custom)
2021-08-25 23:20:13,518 [pool-169-thread-1] INFO  server.RaftServerConfigKeys (ConfUtils.java:logGet(44)) - raft.server.log.segment.size.max = 1048576 (custom)
2021-08-25 23:20:13,519 [pool-169-thread-1] INFO  server.RaftServerConfigKeys (ConfUtils.java:logGet(44)) - raft.server.log.segment.cache.num.max = 2 (custom)
2021-08-25 23:20:13,519 [pool-169-thread-1] INFO  server.RaftServerConfigKeys (ConfUtils.java:logGet(44)) - raft.server.log.segment.cache.size.max = 200MB (=209715200) (default)
2021-08-25 23:20:13,519 [pool-169-thread-1] INFO  segmented.SegmentedRaftLogWorker (SegmentedRaftLogWorker.java:<init>(182)) - new e56ee20f-9a03-437e-8d1d-8d6614c978b9@group-416AA078E38F-SegmentedRaftLogWorker for RaftStorageImpl:Storage Directory /home/runner/work/ozone/ozone/hadoop-ozone/integration-test/target/test-dir/MiniOzoneClusterImpl-05b781a4-7df0-48b9-8d73-8dabce68a637/datanode-6/data/ratis/65f77d9c-e1aa-4389-88a0-416aa078e38f
2021-08-25 23:20:13,519 [pool-169-thread-1] INFO  server.RaftServerConfigKeys (ConfUtils.java:logGet(44)) - raft.server.log.queue.byte-limit = 2147483647 (custom)
2021-08-25 23:20:13,519 [pool-169-thread-1] INFO  server.RaftServerConfigKeys (ConfUtils.java:logGet(44)) - raft.server.log.queue.element-limit = 1024 (custom)
2021-08-25 23:20:13,519 [pool-169-thread-1] INFO  server.RaftServerConfigKeys (ConfUtils.java:logGet(44)) - raft.server.log.segment.size.max = 1048576 (custom)
2021-08-25 23:20:13,519 [pool-169-thread-1] INFO  server.RaftServerConfigKeys (ConfUtils.java:logGet(44)) - raft.server.log.preallocated.size = 16384 (custom)
2021-08-25 23:20:13,519 [pool-169-thread-1] INFO  server.RaftServerConfigKeys (ConfUtils.java:logGet(44)) - raft.server.log.force.sync.num = 128 (default)
2021-08-25 23:20:13,519 [pool-169-thread-1] INFO  server.RaftServerConfigKeys (ConfUtils.java:logGet(44)) - raft.server.log.statemachine.data.sync = true (default)
2021-08-25 23:20:13,519 [pool-169-thread-1] INFO  server.RaftServerConfigKeys (ConfUtils.java:logGet(44)) - raft.server.log.statemachine.data.sync.timeout = 10s (default)
2021-08-25 23:20:13,519 [pool-169-thread-1] INFO  server.RaftServerConfigKeys (ConfUtils.java:logGet(44)) - raft.server.log.statemachine.data.sync.timeout.retry = -1 (default)
2021-08-25 23:20:13,519 [EventQueue-PipelineReportForPipelineReportHandler] INFO  pipeline.PipelineManagerImpl (PipelineManagerImpl.java:openPipeline(282)) - Pipeline Pipeline[ Id: 65f77d9c-e1aa-4389-88a0-416aa078e38f, Nodes: e56ee20f-9a03-437e-8d1d-8d6614c978b9{ip: 10.1.0.32, host: fv-az12-462.exdb2aeach2ezidoxz41lk3bwg.cx.internal.cloudapp.net, ports: [REPLICATION=38795, RATIS=35337, RATIS_ADMIN=35337, RATIS_SERVER=35337, STANDALONE=44253], networkLocation: /default-rack, certSerialId: null, persistedOpState: IN_SERVICE, persistedOpStateExpiryEpochSec: 0}, ReplicationConfig: RATIS/ONE, State:ALLOCATED, leaderId:e56ee20f-9a03-437e-8d1d-8d6614c978b9, CreationTimestamp2021-08-25T23:20:10.514Z[Etc/UTC]] moved to OPEN state
2021-08-25 23:20:13,520 [EventQueue-OpenPipelineForHealthyPipelineSafeModeRule] INFO  safemode.SCMSafeModeManager (HealthyPipelineSafeModeRule.java:process(124)) - SCM in safe mode. Healthy pipelines reported count is 0, required healthy pipeline reported count is 1
2021-08-25 23:20:13,520 [pool-169-thread-1] INFO  server.RaftServerConfigKeys (ConfUtils.java:logGet(44)) - raft.server.log.write.buffer.size = 1048576 (custom)
2021-08-25 23:20:13,522 [pool-169-thread-1] INFO  server.RaftServerConfigKeys (ConfUtils.java:logGet(44)) - raft.server.log.statemachine.data.caching.enabled = true (custom)
2021-08-25 23:20:13,522 [pool-169-thread-1] INFO  segmented.SegmentedRaftLogWorker (SegmentedRaftLogWorker.java:lambda$new$0(133)) - e56ee20f-9a03-437e-8d1d-8d6614c978b9@group-416AA078E38F-SegmentedRaftLogWorker: flushIndex: setUnconditionally 0 -> -1
2021-08-25 23:20:13,522 [pool-169-thread-1] INFO  segmented.SegmentedRaftLogWorker (SegmentedRaftLogWorker.java:lambda$new$0(133)) - e56ee20f-9a03-437e-8d1d-8d6614c978b9@group-416AA078E38F-SegmentedRaftLogWorker: safeCacheEvictIndex: setUnconditionally 0 -> -1
2021-08-25 23:20:13,522 [pool-169-thread-1] INFO  server.RaftServerConfigKeys (ConfUtils.java:logGet(44)) - raft.server.snapshot.auto.trigger.enabled = true (custom)
2021-08-25 23:20:13,523 [pool-169-thread-1] INFO  server.RaftServerConfigKeys (ConfUtils.java:logGet(44)) - raft.server.snapshot.auto.trigger.threshold = 10000 (custom)
2021-08-25 23:20:13,523 [pool-169-thread-1] INFO  server.RaftServerConfigKeys (ConfUtils.java:logGet(44)) - raft.server.snapshot.retention.file.num = 5 (custom)
2021-08-25 23:20:13,523 [pool-169-thread-1] INFO  server.RaftServerConfigKeys (ConfUtils.java:logGet(44)) - raft.server.log.purge.upto.snapshot.index = false (default)
2021-08-25 23:20:13,523 [pool-169-thread-1] INFO  server.RaftServerConfigKeys (ConfUtils.java:logGet(44)) - raft.server.retrycache.expirytime = 600000ms (custom)
2021-08-25 23:20:13,523 [pool-169-thread-1] INFO  server.RaftServerConfigKeys (ConfUtils.java:logGet(44)) - raft.server.retrycache.statistics.expirytime = 100μs (default)
2021-08-25 23:20:13,524 [pool-169-thread-1] INFO  server.RaftServer$Division (RaftServerImpl.java:start(296)) - e56ee20f-9a03-437e-8d1d-8d6614c978b9@group-416AA078E38F: start as a follower, conf=-1: [e56ee20f-9a03-437e-8d1d-8d6614c978b9|rpc:10.1.0.32:35337|priority:1], old=null
2021-08-25 23:20:13,524 [pool-169-thread-1] INFO  server.RaftServer$Division (RaftServerImpl.java:setRole(285)) - e56ee20f-9a03-437e-8d1d-8d6614c978b9@group-416AA078E38F: changes role from      null to FOLLOWER at term 0 for startAsFollower
2021-08-25 23:20:13,524 [pool-169-thread-1] INFO  impl.RoleInfo (RoleInfo.java:updateAndGet(130)) - e56ee20f-9a03-437e-8d1d-8d6614c978b9: start e56ee20f-9a03-437e-8d1d-8d6614c978b9@group-416AA078E38F-FollowerState
2021-08-25 23:20:13,524 [pool-169-thread-1] INFO  util.JmxRegister (JmxRegister.java:tryRegister(44)) - Successfully registered JMX Bean with object name Ratis:service=RaftServer,group=group-416AA078E38F,id=e56ee20f-9a03-437e-8d1d-8d6614c978b9
2021-08-25 23:20:13,525 [Command processor thread] INFO  ratis.XceiverServerRatis (XceiverServerRatis.java:addGroup(763)) - Created group PipelineID=65f77d9c-e1aa-4389-88a0-416aa078e38f
2021-08-25 23:20:13,525 [Command processor thread] INFO  commandhandler.CreatePipelineCommandHandler (CreatePipelineCommandHandler.java:handle(106)) - Created Pipeline RATIS ONE PipelineID=65f77d9c-e1aa-4389-88a0-416aa078e38f.
2021-08-25 23:20:13,525 [Command processor thread] INFO  server.RaftServer (RaftServerProxy.java:addNew(95)) - e56ee20f-9a03-437e-8d1d-8d6614c978b9: addNew group-85F725802A99:[4553ea2b-b05c-4809-ad97-5bb271da1b92|rpc:10.1.0.32:36113|priority:1, 02c65f58-31b6-441b-a599-132cd2d8b363|rpc:10.1.0.32:34905|priority:0, e56ee20f-9a03-437e-8d1d-8d6614c978b9|rpc:10.1.0.32:35337|priority:0] returns group-85F725802A99:java.util.concurrent.CompletableFuture@4eb13cb8[Not completed]
2021-08-25 23:20:13,526 [pool-169-thread-1] INFO  server.RaftServer$Division (RaftServerImpl.java:<init>(181)) - e56ee20f-9a03-437e-8d1d-8d6614c978b9: new RaftServerImpl for group-85F725802A99:[4553ea2b-b05c-4809-ad97-5bb271da1b92|rpc:10.1.0.32:36113|priority:1, 02c65f58-31b6-441b-a599-132cd2d8b363|rpc:10.1.0.32:34905|priority:0, e56ee20f-9a03-437e-8d1d-8d6614c978b9|rpc:10.1.0.32:35337|priority:0] with ContainerStateMachine:uninitialized
2021-08-25 23:20:13,526 [pool-169-thread-1] INFO  server.RaftServerConfigKeys (ConfUtils.java:logGet(44)) - raft.server.rpc.timeout.min = 5s (custom)
2021-08-25 23:20:13,526 [pool-169-thread-1] INFO  server.RaftServerConfigKeys (ConfUtils.java:logGet(44)) - raft.server.rpc.timeout.max = 5200ms (custom)
2021-08-25 23:20:13,526 [pool-169-thread-1] INFO  server.RaftServerConfigKeys (ConfUtils.java:logGet(44)) - raft.server.rpc.sleep.time = 25ms (default)
2021-08-25 23:20:13,526 [pool-169-thread-1] INFO  server.RaftServerConfigKeys (ConfUtils.java:logGet(44)) - raft.server.rpc.slowness.timeout = 300000ms (custom)
2021-08-25 23:20:13,526 [pool-169-thread-1] INFO  server.RaftServerConfigKeys (ConfUtils.java:logGet(44)) - raft.server.leaderelection.leader.step-down.wait-time = 10s (default)
2021-08-25 23:20:13,526 [pool-169-thread-1] INFO  server.RaftServerConfigKeys (ConfUtils.java:logGet(44)) - raft.server.sleep.deviation.threshold = 300ms (default)
2021-08-25 23:20:13,527 [pool-169-thread-1] INFO  server.RaftServerConfigKeys (ConfUtils.java:logGet(44)) - raft.server.log.appender.install.snapshot.enabled = false (custom)
2021-08-25 23:20:13,527 [pool-169-thread-1] INFO  server.RaftServer$Division (ServerState.java:<init>(105)) - e56ee20f-9a03-437e-8d1d-8d6614c978b9@group-85F725802A99: ConfigurationManager, init=-1: [4553ea2b-b05c-4809-ad97-5bb271da1b92|rpc:10.1.0.32:36113|priority:1, 02c65f58-31b6-441b-a599-132cd2d8b363|rpc:10.1.0.32:34905|priority:0, e56ee20f-9a03-437e-8d1d-8d6614c978b9|rpc:10.1.0.32:35337|priority:0], old=null, confs=<EMPTY_MAP>
2021-08-25 23:20:13,527 [pool-169-thread-1] INFO  server.RaftServerConfigKeys (ConfUtils.java:logGet(44)) - raft.server.storage.dir = [/home/runner/work/ozone/ozone/hadoop-ozone/integration-test/target/test-dir/MiniOzoneClusterImpl-05b781a4-7df0-48b9-8d73-8dabce68a637/datanode-6/data/ratis] (custom)
2021-08-25 23:20:13,527 [pool-169-thread-1] INFO  server.RaftServerConfigKeys (ConfUtils.java:logGet(44)) - raft.server.log.corruption.policy = EXCEPTION (default)
2021-08-25 23:20:13,527 [pool-169-thread-1] INFO  server.RaftServerConfigKeys (ConfUtils.java:logGet(44)) - raft.server.storage.free-space.min = 0MB (=0) (default)
2021-08-25 23:20:13,527 [pool-169-thread-1] INFO  storage.RaftStorageDirectory (RaftStorageDirectoryImpl.java:analyzeStorage(135)) - The storage directory /home/runner/work/ozone/ozone/hadoop-ozone/integration-test/target/test-dir/MiniOzoneClusterImpl-05b781a4-7df0-48b9-8d73-8dabce68a637/datanode-6/data/ratis/69f609fc-1725-4d99-98f5-85f725802a99 does not exist. Creating ...
2021-08-25 23:20:13,528 [pool-169-thread-1] INFO  storage.RaftStorageDirectory (RaftStorageDirectoryImpl.java:tryLock(230)) - Lock on /home/runner/work/ozone/ozone/hadoop-ozone/integration-test/target/test-dir/MiniOzoneClusterImpl-05b781a4-7df0-48b9-8d73-8dabce68a637/datanode-6/data/ratis/69f609fc-1725-4d99-98f5-85f725802a99/in_use.lock acquired by nodename 4155@fv-az12-462
2021-08-25 23:20:13,529 [pool-169-thread-1] INFO  storage.RaftStorage (RaftStorageImpl.java:format(89)) - Storage directory /home/runner/work/ozone/ozone/hadoop-ozone/integration-test/target/test-dir/MiniOzoneClusterImpl-05b781a4-7df0-48b9-8d73-8dabce68a637/datanode-6/data/ratis/69f609fc-1725-4d99-98f5-85f725802a99 has been successfully formatted.
2021-08-25 23:20:13,529 [pool-169-thread-1] INFO  ratis.ContainerStateMachine (ContainerStateMachine.java:loadSnapshot(224)) - group-85F725802A99: The snapshot info is null. Setting the last applied indexto:(t:0, i:~)
2021-08-25 23:20:13,529 [pool-169-thread-1] INFO  server.RaftServerConfigKeys (ConfUtils.java:logGet(44)) - raft.server.notification.no-leader.timeout = 300000ms (custom)
2021-08-25 23:20:13,529 [pool-169-thread-1] INFO  server.RaftServerConfigKeys (ConfUtils.java:logGet(44)) - raft.server.log.use.memory = false (default)
2021-08-25 23:20:13,529 [pool-169-thread-1] INFO  server.RaftServerConfigKeys (ConfUtils.java:logGet(44)) - raft.server.log.purge.gap = 1000000 (custom)
2021-08-25 23:20:13,529 [pool-169-thread-1] INFO  server.RaftServerConfigKeys (ConfUtils.java:logGet(44)) - raft.server.log.appender.buffer.byte-limit = 33554432 (custom)
2021-08-25 23:20:13,530 [pool-169-thread-1] INFO  server.RaftServerConfigKeys (ConfUtils.java:logGet(44)) - raft.server.log.segment.size.max = 1048576 (custom)
2021-08-25 23:20:13,530 [pool-169-thread-1] INFO  server.RaftServerConfigKeys (ConfUtils.java:logGet(44)) - raft.server.log.segment.cache.num.max = 2 (custom)
2021-08-25 23:20:13,530 [pool-169-thread-1] INFO  server.RaftServerConfigKeys (ConfUtils.java:logGet(44)) - raft.server.log.segment.cache.size.max = 200MB (=209715200) (default)
2021-08-25 23:20:13,530 [pool-169-thread-1] INFO  segmented.SegmentedRaftLogWorker (SegmentedRaftLogWorker.java:<init>(182)) - new e56ee20f-9a03-437e-8d1d-8d6614c978b9@group-85F725802A99-SegmentedRaftLogWorker for RaftStorageImpl:Storage Directory /home/runner/work/ozone/ozone/hadoop-ozone/integration-test/target/test-dir/MiniOzoneClusterImpl-05b781a4-7df0-48b9-8d73-8dabce68a637/datanode-6/data/ratis/69f609fc-1725-4d99-98f5-85f725802a99
2021-08-25 23:20:13,530 [pool-169-thread-1] INFO  server.RaftServerConfigKeys (ConfUtils.java:logGet(44)) - raft.server.log.queue.byte-limit = 2147483647 (custom)
2021-08-25 23:20:13,530 [pool-169-thread-1] INFO  server.RaftServerConfigKeys (ConfUtils.java:logGet(44)) - raft.server.log.queue.element-limit = 1024 (custom)
2021-08-25 23:20:13,530 [pool-169-thread-1] INFO  server.RaftServerConfigKeys (ConfUtils.java:logGet(44)) - raft.server.log.segment.size.max = 1048576 (custom)
2021-08-25 23:20:13,530 [pool-169-thread-1] INFO  server.RaftServerConfigKeys (ConfUtils.java:logGet(44)) - raft.server.log.preallocated.size = 16384 (custom)
2021-08-25 23:20:13,530 [pool-169-thread-1] INFO  server.RaftServerConfigKeys (ConfUtils.java:logGet(44)) - raft.server.log.force.sync.num = 128 (default)
2021-08-25 23:20:13,530 [pool-169-thread-1] INFO  server.RaftServerConfigKeys (ConfUtils.java:logGet(44)) - raft.server.log.statemachine.data.sync = true (default)
2021-08-25 23:20:13,531 [pool-169-thread-1] INFO  server.RaftServerConfigKeys (ConfUtils.java:logGet(44)) - raft.server.log.statemachine.data.sync.timeout = 10s (default)
2021-08-25 23:20:13,531 [pool-169-thread-1] INFO  server.RaftServerConfigKeys (ConfUtils.java:logGet(44)) - raft.server.log.statemachine.data.sync.timeout.retry = -1 (default)
2021-08-25 23:20:13,531 [pool-169-thread-1] INFO  server.RaftServerConfigKeys (ConfUtils.java:logGet(44)) - raft.server.log.write.buffer.size = 1048576 (custom)
2021-08-25 23:20:13,532 [pool-169-thread-1] INFO  server.RaftServerConfigKeys (ConfUtils.java:logGet(44)) - raft.server.log.statemachine.data.caching.enabled = true (custom)
2021-08-25 23:20:13,532 [pool-169-thread-1] INFO  segmented.SegmentedRaftLogWorker (SegmentedRaftLogWorker.java:lambda$new$0(133)) - e56ee20f-9a03-437e-8d1d-8d6614c978b9@group-85F725802A99-SegmentedRaftLogWorker: flushIndex: setUnconditionally 0 -> -1
2021-08-25 23:20:13,532 [pool-169-thread-1] INFO  segmented.SegmentedRaftLogWorker (SegmentedRaftLogWorker.java:lambda$new$0(133)) - e56ee20f-9a03-437e-8d1d-8d6614c978b9@group-85F725802A99-SegmentedRaftLogWorker: safeCacheEvictIndex: setUnconditionally 0 -> -1
2021-08-25 23:20:13,532 [pool-169-thread-1] INFO  server.RaftServerConfigKeys (ConfUtils.java:logGet(44)) - raft.server.snapshot.auto.trigger.enabled = true (custom)
2021-08-25 23:20:13,532 [pool-169-thread-1] INFO  server.RaftServerConfigKeys (ConfUtils.java:logGet(44)) - raft.server.snapshot.auto.trigger.threshold = 10000 (custom)
2021-08-25 23:20:13,532 [pool-169-thread-1] INFO  server.RaftServerConfigKeys (ConfUtils.java:logGet(44)) - raft.server.snapshot.retention.file.num = 5 (custom)
2021-08-25 23:20:13,532 [pool-169-thread-1] INFO  server.RaftServerConfigKeys (ConfUtils.java:logGet(44)) - raft.server.log.purge.upto.snapshot.index = false (default)
2021-08-25 23:20:13,533 [pool-169-thread-1] INFO  server.RaftServerConfigKeys (ConfUtils.java:logGet(44)) - raft.server.retrycache.expirytime = 600000ms (custom)
2021-08-25 23:20:13,533 [pool-169-thread-1] INFO  server.RaftServerConfigKeys (ConfUtils.java:logGet(44)) - raft.server.retrycache.statistics.expirytime = 100μs (default)
2021-08-25 23:20:13,533 [Datanode State Machine Thread - 0] WARN  statemachine.StateContext (StateContext.java:execute(621)) - No available thread in pool for past 1 seconds.
2021-08-25 23:20:13,534 [pool-169-thread-1] INFO  server.RaftServer$Division (RaftServerImpl.java:start(296)) - e56ee20f-9a03-437e-8d1d-8d6614c978b9@group-85F725802A99: start as a follower, conf=-1: [4553ea2b-b05c-4809-ad97-5bb271da1b92|rpc:10.1.0.32:36113|priority:1, 02c65f58-31b6-441b-a599-132cd2d8b363|rpc:10.1.0.32:34905|priority:0, e56ee20f-9a03-437e-8d1d-8d6614c978b9|rpc:10.1.0.32:35337|priority:0], old=null
2021-08-25 23:20:13,534 [pool-169-thread-1] INFO  server.RaftServer$Division (RaftServerImpl.java:setRole(285)) - e56ee20f-9a03-437e-8d1d-8d6614c978b9@group-85F725802A99: changes role from      null to FOLLOWER at term 0 for startAsFollower
2021-08-25 23:20:13,534 [pool-169-thread-1] INFO  impl.RoleInfo (RoleInfo.java:updateAndGet(130)) - e56ee20f-9a03-437e-8d1d-8d6614c978b9: start e56ee20f-9a03-437e-8d1d-8d6614c978b9@group-85F725802A99-FollowerState
2021-08-25 23:20:13,534 [pool-169-thread-1] INFO  util.JmxRegister (JmxRegister.java:tryRegister(44)) - Successfully registered JMX Bean with object name Ratis:service=RaftServer,group=group-85F725802A99,id=e56ee20f-9a03-437e-8d1d-8d6614c978b9
2021-08-25 23:20:13,535 [Command processor thread] INFO  ratis.XceiverServerRatis (XceiverServerRatis.java:addGroup(763)) - Created group PipelineID=69f609fc-1725-4d99-98f5-85f725802a99
2021-08-25 23:20:13,535 [EventQueue-OpenPipelineForHealthyPipelineSafeModeRule] INFO  safemode.SCMSafeModeManager (HealthyPipelineSafeModeRule.java:process(124)) - SCM in safe mode. Healthy pipelines reported count is 0, required healthy pipeline reported count is 1
2021-08-25 23:20:13,545 [grpc-default-executor-1] INFO  server.RaftServer (RaftServerProxy.java:addNew(95)) - 4553ea2b-b05c-4809-ad97-5bb271da1b92: addNew group-85F725802A99:[4553ea2b-b05c-4809-ad97-5bb271da1b92|rpc:10.1.0.32:36113|dataStream:|priority:1, 02c65f58-31b6-441b-a599-132cd2d8b363|rpc:10.1.0.32:34905|dataStream:|priority:0, e56ee20f-9a03-437e-8d1d-8d6614c978b9|rpc:10.1.0.32:35337|dataStream:|priority:0] returns group-85F725802A99:java.util.concurrent.CompletableFuture@1ad2a0a3[Not completed]
2021-08-25 23:20:13,547 [pool-207-thread-1] INFO  server.RaftServer$Division (RaftServerImpl.java:<init>(181)) - 4553ea2b-b05c-4809-ad97-5bb271da1b92: new RaftServerImpl for group-85F725802A99:[4553ea2b-b05c-4809-ad97-5bb271da1b92|rpc:10.1.0.32:36113|dataStream:|priority:1, 02c65f58-31b6-441b-a599-132cd2d8b363|rpc:10.1.0.32:34905|dataStream:|priority:0, e56ee20f-9a03-437e-8d1d-8d6614c978b9|rpc:10.1.0.32:35337|dataStream:|priority:0] with ContainerStateMachine:uninitialized
2021-08-25 23:20:13,547 [pool-207-thread-1] INFO  server.RaftServerConfigKeys (ConfUtils.java:logGet(44)) - raft.server.rpc.timeout.min = 5s (custom)
2021-08-25 23:20:13,547 [pool-207-thread-1] INFO  server.RaftServerConfigKeys (ConfUtils.java:logGet(44)) - raft.server.rpc.timeout.max = 5200ms (custom)
2021-08-25 23:20:13,547 [pool-207-thread-1] INFO  server.RaftServerConfigKeys (ConfUtils.java:logGet(44)) - raft.server.rpc.sleep.time = 25ms (default)
2021-08-25 23:20:13,547 [pool-207-thread-1] INFO  server.RaftServerConfigKeys (ConfUtils.java:logGet(44)) - raft.server.rpc.slowness.timeout = 300000ms (custom)
2021-08-25 23:20:13,547 [pool-207-thread-1] INFO  server.RaftServerConfigKeys (ConfUtils.java:logGet(44)) - raft.server.leaderelection.leader.step-down.wait-time = 10s (default)
2021-08-25 23:20:13,547 [pool-207-thread-1] INFO  server.RaftServerConfigKeys (ConfUtils.java:logGet(44)) - raft.server.sleep.deviation.threshold = 300ms (default)
2021-08-25 23:20:13,547 [pool-207-thread-1] INFO  server.RaftServerConfigKeys (ConfUtils.java:logGet(44)) - raft.server.log.appender.install.snapshot.enabled = false (custom)
2021-08-25 23:20:13,547 [pool-207-thread-1] INFO  server.RaftServer$Division (ServerState.java:<init>(105)) - 4553ea2b-b05c-4809-ad97-5bb271da1b92@group-85F725802A99: ConfigurationManager, init=-1: [4553ea2b-b05c-4809-ad97-5bb271da1b92|rpc:10.1.0.32:36113|dataStream:|priority:1, 02c65f58-31b6-441b-a599-132cd2d8b363|rpc:10.1.0.32:34905|dataStream:|priority:0, e56ee20f-9a03-437e-8d1d-8d6614c978b9|rpc:10.1.0.32:35337|dataStream:|priority:0], old=null, confs=<EMPTY_MAP>
2021-08-25 23:20:13,547 [pool-207-thread-1] INFO  server.RaftServerConfigKeys (ConfUtils.java:logGet(44)) - raft.server.storage.dir = [/home/runner/work/ozone/ozone/hadoop-ozone/integration-test/target/test-dir/MiniOzoneClusterImpl-05b781a4-7df0-48b9-8d73-8dabce68a637/datanode-8/data/ratis] (custom)
2021-08-25 23:20:13,547 [pool-207-thread-1] INFO  server.RaftServerConfigKeys (ConfUtils.java:logGet(44)) - raft.server.log.corruption.policy = EXCEPTION (default)
2021-08-25 23:20:13,547 [pool-207-thread-1] INFO  server.RaftServerConfigKeys (ConfUtils.java:logGet(44)) - raft.server.storage.free-space.min = 0MB (=0) (default)
2021-08-25 23:20:13,548 [pool-207-thread-1] INFO  storage.RaftStorageDirectory (RaftStorageDirectoryImpl.java:analyzeStorage(135)) - The storage directory /home/runner/work/ozone/ozone/hadoop-ozone/integration-test/target/test-dir/MiniOzoneClusterImpl-05b781a4-7df0-48b9-8d73-8dabce68a637/datanode-8/data/ratis/69f609fc-1725-4d99-98f5-85f725802a99 does not exist. Creating ...
2021-08-25 23:20:13,548 [pool-207-thread-1] INFO  storage.RaftStorageDirectory (RaftStorageDirectoryImpl.java:tryLock(230)) - Lock on /home/runner/work/ozone/ozone/hadoop-ozone/integration-test/target/test-dir/MiniOzoneClusterImpl-05b781a4-7df0-48b9-8d73-8dabce68a637/datanode-8/data/ratis/69f609fc-1725-4d99-98f5-85f725802a99/in_use.lock acquired by nodename 4155@fv-az12-462
2021-08-25 23:20:13,549 [pool-207-thread-1] INFO  storage.RaftStorage (RaftStorageImpl.java:format(89)) - Storage directory /home/runner/work/ozone/ozone/hadoop-ozone/integration-test/target/test-dir/MiniOzoneClusterImpl-05b781a4-7df0-48b9-8d73-8dabce68a637/datanode-8/data/ratis/69f609fc-1725-4d99-98f5-85f725802a99 has been successfully formatted.
2021-08-25 23:20:13,550 [pool-207-thread-1] INFO  ratis.ContainerStateMachine (ContainerStateMachine.java:loadSnapshot(224)) - group-85F725802A99: The snapshot info is null. Setting the last applied indexto:(t:0, i:~)
2021-08-25 23:20:13,552 [pool-207-thread-1] INFO  server.RaftServerConfigKeys (ConfUtils.java:logGet(44)) - raft.server.notification.no-leader.timeout = 300000ms (custom)
2021-08-25 23:20:13,553 [pool-207-thread-1] INFO  server.RaftServerConfigKeys (ConfUtils.java:logGet(44)) - raft.server.log.use.memory = false (default)
2021-08-25 23:20:13,553 [pool-207-thread-1] INFO  server.RaftServerConfigKeys (ConfUtils.java:logGet(44)) - raft.server.log.purge.gap = 1000000 (custom)
2021-08-25 23:20:13,553 [pool-207-thread-1] INFO  server.RaftServerConfigKeys (ConfUtils.java:logGet(44)) - raft.server.log.appender.buffer.byte-limit = 33554432 (custom)
2021-08-25 23:20:13,553 [pool-207-thread-1] INFO  server.RaftServerConfigKeys (ConfUtils.java:logGet(44)) - raft.server.log.segment.size.max = 1048576 (custom)
2021-08-25 23:20:13,553 [pool-207-thread-1] INFO  server.RaftServerConfigKeys (ConfUtils.java:logGet(44)) - raft.server.log.segment.cache.num.max = 2 (custom)
2021-08-25 23:20:13,553 [pool-207-thread-1] INFO  server.RaftServerConfigKeys (ConfUtils.java:logGet(44)) - raft.server.log.segment.cache.size.max = 200MB (=209715200) (default)
2021-08-25 23:20:13,553 [pool-207-thread-1] INFO  segmented.SegmentedRaftLogWorker (SegmentedRaftLogWorker.java:<init>(182)) - new 4553ea2b-b05c-4809-ad97-5bb271da1b92@group-85F725802A99-SegmentedRaftLogWorker for RaftStorageImpl:Storage Directory /home/runner/work/ozone/ozone/hadoop-ozone/integration-test/target/test-dir/MiniOzoneClusterImpl-05b781a4-7df0-48b9-8d73-8dabce68a637/datanode-8/data/ratis/69f609fc-1725-4d99-98f5-85f725802a99
2021-08-25 23:20:13,554 [pool-207-thread-1] INFO  server.RaftServerConfigKeys (ConfUtils.java:logGet(44)) - raft.server.log.queue.byte-limit = 2147483647 (custom)
2021-08-25 23:20:13,554 [pool-207-thread-1] INFO  server.RaftServerConfigKeys (ConfUtils.java:logGet(44)) - raft.server.log.queue.element-limit = 1024 (custom)
2021-08-25 23:20:13,554 [pool-207-thread-1] INFO  server.RaftServerConfigKeys (ConfUtils.java:logGet(44)) - raft.server.log.segment.size.max = 1048576 (custom)
2021-08-25 23:20:13,554 [pool-207-thread-1] INFO  server.RaftServerConfigKeys (ConfUtils.java:logGet(44)) - raft.server.log.preallocated.size = 16384 (custom)
2021-08-25 23:20:13,554 [pool-207-thread-1] INFO  server.RaftServerConfigKeys (ConfUtils.java:logGet(44)) - raft.server.log.force.sync.num = 128 (default)
2021-08-25 23:20:13,554 [pool-207-thread-1] INFO  server.RaftServerConfigKeys (ConfUtils.java:logGet(44)) - raft.server.log.statemachine.data.sync = true (default)
2021-08-25 23:20:13,554 [pool-207-thread-1] INFO  server.RaftServerConfigKeys (ConfUtils.java:logGet(44)) - raft.server.log.statemachine.data.sync.timeout = 10s (default)
2021-08-25 23:20:13,554 [pool-207-thread-1] INFO  server.RaftServerConfigKeys (ConfUtils.java:logGet(44)) - raft.server.log.statemachine.data.sync.timeout.retry = -1 (default)
2021-08-25 23:20:13,555 [pool-207-thread-1] INFO  server.RaftServerConfigKeys (ConfUtils.java:logGet(44)) - raft.server.log.write.buffer.size = 1048576 (custom)
2021-08-25 23:20:13,555 [pool-207-thread-1] INFO  server.RaftServerConfigKeys (ConfUtils.java:logGet(44)) - raft.server.log.statemachine.data.caching.enabled = true (custom)
2021-08-25 23:20:13,555 [pool-207-thread-1] INFO  segmented.SegmentedRaftLogWorker (SegmentedRaftLogWorker.java:lambda$new$0(133)) - 4553ea2b-b05c-4809-ad97-5bb271da1b92@group-85F725802A99-SegmentedRaftLogWorker: flushIndex: setUnconditionally 0 -> -1
2021-08-25 23:20:13,556 [pool-207-thread-1] INFO  segmented.SegmentedRaftLogWorker (SegmentedRaftLogWorker.java:lambda$new$0(133)) - 4553ea2b-b05c-4809-ad97-5bb271da1b92@group-85F725802A99-SegmentedRaftLogWorker: safeCacheEvictIndex: setUnconditionally 0 -> -1
2021-08-25 23:20:13,556 [pool-207-thread-1] INFO  server.RaftServerConfigKeys (ConfUtils.java:logGet(44)) - raft.server.snapshot.auto.trigger.enabled = true (custom)
2021-08-25 23:20:13,556 [pool-207-thread-1] INFO  server.RaftServerConfigKeys (ConfUtils.java:logGet(44)) - raft.server.snapshot.auto.trigger.threshold = 10000 (custom)
2021-08-25 23:20:13,556 [pool-207-thread-1] INFO  server.RaftServerConfigKeys (ConfUtils.java:logGet(44)) - raft.server.snapshot.retention.file.num = 5 (custom)
2021-08-25 23:20:13,556 [pool-207-thread-1] INFO  server.RaftServerConfigKeys (ConfUtils.java:logGet(44)) - raft.server.log.purge.upto.snapshot.index = false (default)
2021-08-25 23:20:13,556 [pool-207-thread-1] INFO  server.RaftServerConfigKeys (ConfUtils.java:logGet(44)) - raft.server.retrycache.expirytime = 600000ms (custom)
2021-08-25 23:20:13,556 [pool-207-thread-1] INFO  server.RaftServerConfigKeys (ConfUtils.java:logGet(44)) - raft.server.retrycache.statistics.expirytime = 100μs (default)
2021-08-25 23:20:13,557 [pool-207-thread-1] INFO  server.RaftServer$Division (RaftServerImpl.java:start(296)) - 4553ea2b-b05c-4809-ad97-5bb271da1b92@group-85F725802A99: start as a follower, conf=-1: [4553ea2b-b05c-4809-ad97-5bb271da1b92|rpc:10.1.0.32:36113|dataStream:|priority:1, 02c65f58-31b6-441b-a599-132cd2d8b363|rpc:10.1.0.32:34905|dataStream:|priority:0, e56ee20f-9a03-437e-8d1d-8d6614c978b9|rpc:10.1.0.32:35337|dataStream:|priority:0], old=null
2021-08-25 23:20:13,557 [pool-207-thread-1] INFO  server.RaftServer$Division (RaftServerImpl.java:setRole(285)) - 4553ea2b-b05c-4809-ad97-5bb271da1b92@group-85F725802A99: changes role from      null to FOLLOWER at term 0 for startAsFollower
2021-08-25 23:20:13,557 [pool-207-thread-1] INFO  impl.RoleInfo (RoleInfo.java:updateAndGet(130)) - 4553ea2b-b05c-4809-ad97-5bb271da1b92: start 4553ea2b-b05c-4809-ad97-5bb271da1b92@group-85F725802A99-FollowerState
2021-08-25 23:20:13,557 [pool-207-thread-1] INFO  util.JmxRegister (JmxRegister.java:tryRegister(44)) - Successfully registered JMX Bean with object name Ratis:service=RaftServer,group=group-85F725802A99,id=4553ea2b-b05c-4809-ad97-5bb271da1b92
2021-08-25 23:20:13,572 [grpc-default-executor-1] INFO  server.RaftServer (RaftServerProxy.java:addNew(95)) - 02c65f58-31b6-441b-a599-132cd2d8b363: addNew group-85F725802A99:[4553ea2b-b05c-4809-ad97-5bb271da1b92|rpc:10.1.0.32:36113|dataStream:|priority:1, 02c65f58-31b6-441b-a599-132cd2d8b363|rpc:10.1.0.32:34905|dataStream:|priority:0, e56ee20f-9a03-437e-8d1d-8d6614c978b9|rpc:10.1.0.32:35337|dataStream:|priority:0] returns group-85F725802A99:java.util.concurrent.CompletableFuture@4a258660[Not completed]
2021-08-25 23:20:13,573 [pool-188-thread-1] INFO  server.RaftServer$Division (RaftServerImpl.java:<init>(181)) - 02c65f58-31b6-441b-a599-132cd2d8b363: new RaftServerImpl for group-85F725802A99:[4553ea2b-b05c-4809-ad97-5bb271da1b92|rpc:10.1.0.32:36113|dataStream:|priority:1, 02c65f58-31b6-441b-a599-132cd2d8b363|rpc:10.1.0.32:34905|dataStream:|priority:0, e56ee20f-9a03-437e-8d1d-8d6614c978b9|rpc:10.1.0.32:35337|dataStream:|priority:0] with ContainerStateMachine:uninitialized
2021-08-25 23:20:13,573 [pool-188-thread-1] INFO  server.RaftServerConfigKeys (ConfUtils.java:logGet(44)) - raft.server.rpc.timeout.min = 5s (custom)
2021-08-25 23:20:13,574 [pool-188-thread-1] INFO  server.RaftServerConfigKeys (ConfUtils.java:logGet(44)) - raft.server.rpc.timeout.max = 5200ms (custom)
2021-08-25 23:20:13,574 [pool-188-thread-1] INFO  server.RaftServerConfigKeys (ConfUtils.java:logGet(44)) - raft.server.rpc.sleep.time = 25ms (default)
2021-08-25 23:20:13,574 [pool-188-thread-1] INFO  server.RaftServerConfigKeys (ConfUtils.java:logGet(44)) - raft.server.rpc.slowness.timeout = 300000ms (custom)
2021-08-25 23:20:13,574 [pool-188-thread-1] INFO  server.RaftServerConfigKeys (ConfUtils.java:logGet(44)) - raft.server.leaderelection.leader.step-down.wait-time = 10s (default)
2021-08-25 23:20:13,574 [pool-188-thread-1] INFO  server.RaftServerConfigKeys (ConfUtils.java:logGet(44)) - raft.server.sleep.deviation.threshold = 300ms (default)
2021-08-25 23:20:13,574 [pool-188-thread-1] INFO  server.RaftServerConfigKeys (ConfUtils.java:logGet(44)) - raft.server.log.appender.install.snapshot.enabled = false (custom)
2021-08-25 23:20:13,574 [pool-188-thread-1] INFO  server.RaftServer$Division (ServerState.java:<init>(105)) - 02c65f58-31b6-441b-a599-132cd2d8b363@group-85F725802A99: ConfigurationManager, init=-1: [4553ea2b-b05c-4809-ad97-5bb271da1b92|rpc:10.1.0.32:36113|dataStream:|priority:1, 02c65f58-31b6-441b-a599-132cd2d8b363|rpc:10.1.0.32:34905|dataStream:|priority:0, e56ee20f-9a03-437e-8d1d-8d6614c978b9|rpc:10.1.0.32:35337|dataStream:|priority:0], old=null, confs=<EMPTY_MAP>
2021-08-25 23:20:13,574 [pool-188-thread-1] INFO  server.RaftServerConfigKeys (ConfUtils.java:logGet(44)) - raft.server.storage.dir = [/home/runner/work/ozone/ozone/hadoop-ozone/integration-test/target/test-dir/MiniOzoneClusterImpl-05b781a4-7df0-48b9-8d73-8dabce68a637/datanode-7/data/ratis] (custom)
2021-08-25 23:20:13,574 [pool-188-thread-1] INFO  server.RaftServerConfigKeys (ConfUtils.java:logGet(44)) - raft.server.log.corruption.policy = EXCEPTION (default)
2021-08-25 23:20:13,574 [pool-188-thread-1] INFO  server.RaftServerConfigKeys (ConfUtils.java:logGet(44)) - raft.server.storage.free-space.min = 0MB (=0) (default)
2021-08-25 23:20:13,574 [pool-188-thread-1] INFO  storage.RaftStorageDirectory (RaftStorageDirectoryImpl.java:analyzeStorage(135)) - The storage directory /home/runner/work/ozone/ozone/hadoop-ozone/integration-test/target/test-dir/MiniOzoneClusterImpl-05b781a4-7df0-48b9-8d73-8dabce68a637/datanode-7/data/ratis/69f609fc-1725-4d99-98f5-85f725802a99 does not exist. Creating ...
2021-08-25 23:20:13,575 [pool-188-thread-1] INFO  storage.RaftStorageDirectory (RaftStorageDirectoryImpl.java:tryLock(230)) - Lock on /home/runner/work/ozone/ozone/hadoop-ozone/integration-test/target/test-dir/MiniOzoneClusterImpl-05b781a4-7df0-48b9-8d73-8dabce68a637/datanode-7/data/ratis/69f609fc-1725-4d99-98f5-85f725802a99/in_use.lock acquired by nodename 4155@fv-az12-462
2021-08-25 23:20:13,576 [pool-188-thread-1] INFO  storage.RaftStorage (RaftStorageImpl.java:format(89)) - Storage directory /home/runner/work/ozone/ozone/hadoop-ozone/integration-test/target/test-dir/MiniOzoneClusterImpl-05b781a4-7df0-48b9-8d73-8dabce68a637/datanode-7/data/ratis/69f609fc-1725-4d99-98f5-85f725802a99 has been successfully formatted.
2021-08-25 23:20:13,576 [pool-188-thread-1] INFO  ratis.ContainerStateMachine (ContainerStateMachine.java:loadSnapshot(224)) - group-85F725802A99: The snapshot info is null. Setting the last applied indexto:(t:0, i:~)
2021-08-25 23:20:13,577 [pool-188-thread-1] INFO  server.RaftServerConfigKeys (ConfUtils.java:logGet(44)) - raft.server.notification.no-leader.timeout = 300000ms (custom)
2021-08-25 23:20:13,577 [Datanode State Machine Thread - 0] WARN  statemachine.StateContext (StateContext.java:execute(621)) - No available thread in pool for past 1 seconds.
2021-08-25 23:20:13,577 [pool-188-thread-1] INFO  server.RaftServerConfigKeys (ConfUtils.java:logGet(44)) - raft.server.log.use.memory = false (default)
2021-08-25 23:20:13,578 [pool-188-thread-1] INFO  server.RaftServerConfigKeys (ConfUtils.java:logGet(44)) - raft.server.log.purge.gap = 1000000 (custom)
2021-08-25 23:20:13,578 [pool-188-thread-1] INFO  server.RaftServerConfigKeys (ConfUtils.java:logGet(44)) - raft.server.log.appender.buffer.byte-limit = 33554432 (custom)
2021-08-25 23:20:13,578 [pool-188-thread-1] INFO  server.RaftServerConfigKeys (ConfUtils.java:logGet(44)) - raft.server.log.segment.size.max = 1048576 (custom)
2021-08-25 23:20:13,579 [pool-188-thread-1] INFO  server.RaftServerConfigKeys (ConfUtils.java:logGet(44)) - raft.server.log.segment.cache.num.max = 2 (custom)
2021-08-25 23:20:13,579 [pool-188-thread-1] INFO  server.RaftServerConfigKeys (ConfUtils.java:logGet(44)) - raft.server.log.segment.cache.size.max = 200MB (=209715200) (default)
2021-08-25 23:20:13,579 [pool-188-thread-1] INFO  segmented.SegmentedRaftLogWorker (SegmentedRaftLogWorker.java:<init>(182)) - new 02c65f58-31b6-441b-a599-132cd2d8b363@group-85F725802A99-SegmentedRaftLogWorker for RaftStorageImpl:Storage Directory /home/runner/work/ozone/ozone/hadoop-ozone/integration-test/target/test-dir/MiniOzoneClusterImpl-05b781a4-7df0-48b9-8d73-8dabce68a637/datanode-7/data/ratis/69f609fc-1725-4d99-98f5-85f725802a99
2021-08-25 23:20:13,579 [pool-188-thread-1] INFO  server.RaftServerConfigKeys (ConfUtils.java:logGet(44)) - raft.server.log.queue.byte-limit = 2147483647 (custom)
2021-08-25 23:20:13,579 [pool-188-thread-1] INFO  server.RaftServerConfigKeys (ConfUtils.java:logGet(44)) - raft.server.log.queue.element-limit = 1024 (custom)
2021-08-25 23:20:13,579 [pool-188-thread-1] INFO  server.RaftServerConfigKeys (ConfUtils.java:logGet(44)) - raft.server.log.segment.size.max = 1048576 (custom)
2021-08-25 23:20:13,579 [pool-188-thread-1] INFO  server.RaftServerConfigKeys (ConfUtils.java:logGet(44)) - raft.server.log.preallocated.size = 16384 (custom)
2021-08-25 23:20:13,579 [pool-188-thread-1] INFO  server.RaftServerConfigKeys (ConfUtils.java:logGet(44)) - raft.server.log.force.sync.num = 128 (default)
2021-08-25 23:20:13,579 [pool-188-thread-1] INFO  server.RaftServerConfigKeys (ConfUtils.java:logGet(44)) - raft.server.log.statemachine.data.sync = true (default)
2021-08-25 23:20:13,579 [pool-188-thread-1] INFO  server.RaftServerConfigKeys (ConfUtils.java:logGet(44)) - raft.server.log.statemachine.data.sync.timeout = 10s (default)
2021-08-25 23:20:13,579 [pool-188-thread-1] INFO  server.RaftServerConfigKeys (ConfUtils.java:logGet(44)) - raft.server.log.statemachine.data.sync.timeout.retry = -1 (default)
2021-08-25 23:20:13,581 [pool-188-thread-1] INFO  server.RaftServerConfigKeys (ConfUtils.java:logGet(44)) - raft.server.log.write.buffer.size = 1048576 (custom)
2021-08-25 23:20:13,581 [pool-188-thread-1] INFO  server.RaftServerConfigKeys (ConfUtils.java:logGet(44)) - raft.server.log.statemachine.data.caching.enabled = true (custom)
2021-08-25 23:20:13,581 [pool-188-thread-1] INFO  segmented.SegmentedRaftLogWorker (SegmentedRaftLogWorker.java:lambda$new$0(133)) - 02c65f58-31b6-441b-a599-132cd2d8b363@group-85F725802A99-SegmentedRaftLogWorker: flushIndex: setUnconditionally 0 -> -1
2021-08-25 23:20:13,581 [pool-188-thread-1] INFO  segmented.SegmentedRaftLogWorker (SegmentedRaftLogWorker.java:lambda$new$0(133)) - 02c65f58-31b6-441b-a599-132cd2d8b363@group-85F725802A99-SegmentedRaftLogWorker: safeCacheEvictIndex: setUnconditionally 0 -> -1
2021-08-25 23:20:13,582 [pool-188-thread-1] INFO  server.RaftServerConfigKeys (ConfUtils.java:logGet(44)) - raft.server.snapshot.auto.trigger.enabled = true (custom)
2021-08-25 23:20:13,582 [pool-188-thread-1] INFO  server.RaftServerConfigKeys (ConfUtils.java:logGet(44)) - raft.server.snapshot.auto.trigger.threshold = 10000 (custom)
2021-08-25 23:20:13,582 [pool-188-thread-1] INFO  server.RaftServerConfigKeys (ConfUtils.java:logGet(44)) - raft.server.snapshot.retention.file.num = 5 (custom)
2021-08-25 23:20:13,582 [pool-188-thread-1] INFO  server.RaftServerConfigKeys (ConfUtils.java:logGet(44)) - raft.server.log.purge.upto.snapshot.index = false (default)
2021-08-25 23:20:13,582 [pool-188-thread-1] INFO  server.RaftServerConfigKeys (ConfUtils.java:logGet(44)) - raft.server.retrycache.expirytime = 600000ms (custom)
2021-08-25 23:20:13,582 [pool-188-thread-1] INFO  server.RaftServerConfigKeys (ConfUtils.java:logGet(44)) - raft.server.retrycache.statistics.expirytime = 100μs (default)
2021-08-25 23:20:13,583 [pool-188-thread-1] INFO  server.RaftServer$Division (RaftServerImpl.java:start(296)) - 02c65f58-31b6-441b-a599-132cd2d8b363@group-85F725802A99: start as a follower, conf=-1: [4553ea2b-b05c-4809-ad97-5bb271da1b92|rpc:10.1.0.32:36113|dataStream:|priority:1, 02c65f58-31b6-441b-a599-132cd2d8b363|rpc:10.1.0.32:34905|dataStream:|priority:0, e56ee20f-9a03-437e-8d1d-8d6614c978b9|rpc:10.1.0.32:35337|dataStream:|priority:0], old=null
2021-08-25 23:20:13,583 [pool-188-thread-1] INFO  server.RaftServer$Division (RaftServerImpl.java:setRole(285)) - 02c65f58-31b6-441b-a599-132cd2d8b363@group-85F725802A99: changes role from      null to FOLLOWER at term 0 for startAsFollower
2021-08-25 23:20:13,583 [pool-188-thread-1] INFO  impl.RoleInfo (RoleInfo.java:updateAndGet(130)) - 02c65f58-31b6-441b-a599-132cd2d8b363: start 02c65f58-31b6-441b-a599-132cd2d8b363@group-85F725802A99-FollowerState
2021-08-25 23:20:13,583 [pool-188-thread-1] INFO  util.JmxRegister (JmxRegister.java:tryRegister(44)) - Successfully registered JMX Bean with object name Ratis:service=RaftServer,group=group-85F725802A99,id=02c65f58-31b6-441b-a599-132cd2d8b363
2021-08-25 23:20:13,589 [Command processor thread] INFO  commandhandler.CreatePipelineCommandHandler (CreatePipelineCommandHandler.java:handle(106)) - Created Pipeline RATIS THREE PipelineID=69f609fc-1725-4d99-98f5-85f725802a99.
2021-08-25 23:20:13,654 [Command processor thread] INFO  server.RaftServer (RaftServerProxy.java:addNew(95)) - 02c65f58-31b6-441b-a599-132cd2d8b363: addNew group-4913882F1BF6:[02c65f58-31b6-441b-a599-132cd2d8b363|rpc:10.1.0.32:34905|priority:1] returns group-4913882F1BF6:java.util.concurrent.CompletableFuture@6d0d106b[Not completed]
2021-08-25 23:20:13,655 [pool-188-thread-1] INFO  server.RaftServer$Division (RaftServerImpl.java:<init>(181)) - 02c65f58-31b6-441b-a599-132cd2d8b363: new RaftServerImpl for group-4913882F1BF6:[02c65f58-31b6-441b-a599-132cd2d8b363|rpc:10.1.0.32:34905|priority:1] with ContainerStateMachine:uninitialized
2021-08-25 23:20:13,655 [pool-188-thread-1] INFO  server.RaftServerConfigKeys (ConfUtils.java:logGet(44)) - raft.server.rpc.timeout.min = 5s (custom)
2021-08-25 23:20:13,655 [pool-188-thread-1] INFO  server.RaftServerConfigKeys (ConfUtils.java:logGet(44)) - raft.server.rpc.timeout.max = 5200ms (custom)
2021-08-25 23:20:13,655 [pool-188-thread-1] INFO  server.RaftServerConfigKeys (ConfUtils.java:logGet(44)) - raft.server.rpc.sleep.time = 25ms (default)
2021-08-25 23:20:13,655 [pool-188-thread-1] INFO  server.RaftServerConfigKeys (ConfUtils.java:logGet(44)) - raft.server.rpc.slowness.timeout = 300000ms (custom)
2021-08-25 23:20:13,655 [pool-188-thread-1] INFO  server.RaftServerConfigKeys (ConfUtils.java:logGet(44)) - raft.server.leaderelection.leader.step-down.wait-time = 10s (default)
2021-08-25 23:20:13,655 [pool-188-thread-1] INFO  server.RaftServerConfigKeys (ConfUtils.java:logGet(44)) - raft.server.sleep.deviation.threshold = 300ms (default)
2021-08-25 23:20:13,656 [pool-188-thread-1] INFO  server.RaftServerConfigKeys (ConfUtils.java:logGet(44)) - raft.server.log.appender.install.snapshot.enabled = false (custom)
2021-08-25 23:20:13,656 [pool-188-thread-1] INFO  server.RaftServer$Division (ServerState.java:<init>(105)) - 02c65f58-31b6-441b-a599-132cd2d8b363@group-4913882F1BF6: ConfigurationManager, init=-1: [02c65f58-31b6-441b-a599-132cd2d8b363|rpc:10.1.0.32:34905|priority:1], old=null, confs=<EMPTY_MAP>
2021-08-25 23:20:13,656 [pool-188-thread-1] INFO  server.RaftServerConfigKeys (ConfUtils.java:logGet(44)) - raft.server.storage.dir = [/home/runner/work/ozone/ozone/hadoop-ozone/integration-test/target/test-dir/MiniOzoneClusterImpl-05b781a4-7df0-48b9-8d73-8dabce68a637/datanode-7/data/ratis] (custom)
2021-08-25 23:20:13,656 [pool-188-thread-1] INFO  server.RaftServerConfigKeys (ConfUtils.java:logGet(44)) - raft.server.log.corruption.policy = EXCEPTION (default)
2021-08-25 23:20:13,656 [pool-188-thread-1] INFO  server.RaftServerConfigKeys (ConfUtils.java:logGet(44)) - raft.server.storage.free-space.min = 0MB (=0) (default)
2021-08-25 23:20:13,656 [pool-188-thread-1] INFO  storage.RaftStorageDirectory (RaftStorageDirectoryImpl.java:analyzeStorage(135)) - The storage directory /home/runner/work/ozone/ozone/hadoop-ozone/integration-test/target/test-dir/MiniOzoneClusterImpl-05b781a4-7df0-48b9-8d73-8dabce68a637/datanode-7/data/ratis/844d1fb8-d5cd-4663-bc04-4913882f1bf6 does not exist. Creating ...
2021-08-25 23:20:13,657 [pool-188-thread-1] INFO  storage.RaftStorageDirectory (RaftStorageDirectoryImpl.java:tryLock(230)) - Lock on /home/runner/work/ozone/ozone/hadoop-ozone/integration-test/target/test-dir/MiniOzoneClusterImpl-05b781a4-7df0-48b9-8d73-8dabce68a637/datanode-7/data/ratis/844d1fb8-d5cd-4663-bc04-4913882f1bf6/in_use.lock acquired by nodename 4155@fv-az12-462
2021-08-25 23:20:13,658 [pool-188-thread-1] INFO  storage.RaftStorage (RaftStorageImpl.java:format(89)) - Storage directory /home/runner/work/ozone/ozone/hadoop-ozone/integration-test/target/test-dir/MiniOzoneClusterImpl-05b781a4-7df0-48b9-8d73-8dabce68a637/datanode-7/data/ratis/844d1fb8-d5cd-4663-bc04-4913882f1bf6 has been successfully formatted.
2021-08-25 23:20:13,658 [pool-188-thread-1] INFO  ratis.ContainerStateMachine (ContainerStateMachine.java:loadSnapshot(224)) - group-4913882F1BF6: The snapshot info is null. Setting the last applied indexto:(t:0, i:~)
2021-08-25 23:20:13,659 [pool-188-thread-1] INFO  server.RaftServerConfigKeys (ConfUtils.java:logGet(44)) - raft.server.notification.no-leader.timeout = 300000ms (custom)
2021-08-25 23:20:13,659 [pool-188-thread-1] INFO  server.RaftServerConfigKeys (ConfUtils.java:logGet(44)) - raft.server.log.use.memory = false (default)
2021-08-25 23:20:13,659 [pool-188-thread-1] INFO  server.RaftServerConfigKeys (ConfUtils.java:logGet(44)) - raft.server.log.purge.gap = 1000000 (custom)
2021-08-25 23:20:13,659 [pool-188-thread-1] INFO  server.RaftServerConfigKeys (ConfUtils.java:logGet(44)) - raft.server.log.appender.buffer.byte-limit = 33554432 (custom)
2021-08-25 23:20:13,659 [pool-188-thread-1] INFO  server.RaftServerConfigKeys (ConfUtils.java:logGet(44)) - raft.server.log.segment.size.max = 1048576 (custom)
2021-08-25 23:20:13,660 [pool-188-thread-1] INFO  server.RaftServerConfigKeys (ConfUtils.java:logGet(44)) - raft.server.log.segment.cache.num.max = 2 (custom)
2021-08-25 23:20:13,660 [EventQueue-PipelineReportForPipelineReportHandler] INFO  pipeline.PipelineManagerImpl (PipelineManagerImpl.java:openPipeline(282)) - Pipeline Pipeline[ Id: 844d1fb8-d5cd-4663-bc04-4913882f1bf6, Nodes: 02c65f58-31b6-441b-a599-132cd2d8b363{ip: 10.1.0.32, host: fv-az12-462.exdb2aeach2ezidoxz41lk3bwg.cx.internal.cloudapp.net, ports: [REPLICATION=41993, RATIS=34905, RATIS_ADMIN=34905, RATIS_SERVER=34905, STANDALONE=35275], networkLocation: /default-rack, certSerialId: null, persistedOpState: IN_SERVICE, persistedOpStateExpiryEpochSec: 0}, ReplicationConfig: RATIS/ONE, State:ALLOCATED, leaderId:02c65f58-31b6-441b-a599-132cd2d8b363, CreationTimestamp2021-08-25T23:20:10.659Z[Etc/UTC]] moved to OPEN state
2021-08-25 23:20:13,660 [EventQueue-OpenPipelineForHealthyPipelineSafeModeRule] INFO  safemode.SCMSafeModeManager (HealthyPipelineSafeModeRule.java:process(124)) - SCM in safe mode. Healthy pipelines reported count is 0, required healthy pipeline reported count is 1
2021-08-25 23:20:13,660 [pool-188-thread-1] INFO  server.RaftServerConfigKeys (ConfUtils.java:logGet(44)) - raft.server.log.segment.cache.size.max = 200MB (=209715200) (default)
2021-08-25 23:20:13,663 [pool-188-thread-1] INFO  segmented.SegmentedRaftLogWorker (SegmentedRaftLogWorker.java:<init>(182)) - new 02c65f58-31b6-441b-a599-132cd2d8b363@group-4913882F1BF6-SegmentedRaftLogWorker for RaftStorageImpl:Storage Directory /home/runner/work/ozone/ozone/hadoop-ozone/integration-test/target/test-dir/MiniOzoneClusterImpl-05b781a4-7df0-48b9-8d73-8dabce68a637/datanode-7/data/ratis/844d1fb8-d5cd-4663-bc04-4913882f1bf6
2021-08-25 23:20:13,664 [pool-188-thread-1] INFO  server.RaftServerConfigKeys (ConfUtils.java:logGet(44)) - raft.server.log.queue.byte-limit = 2147483647 (custom)
2021-08-25 23:20:13,664 [pool-188-thread-1] INFO  server.RaftServerConfigKeys (ConfUtils.java:logGet(44)) - raft.server.log.queue.element-limit = 1024 (custom)
2021-08-25 23:20:13,664 [pool-188-thread-1] INFO  server.RaftServerConfigKeys (ConfUtils.java:logGet(44)) - raft.server.log.segment.size.max = 1048576 (custom)
2021-08-25 23:20:13,664 [pool-188-thread-1] INFO  server.RaftServerConfigKeys (ConfUtils.java:logGet(44)) - raft.server.log.preallocated.size = 16384 (custom)
2021-08-25 23:20:13,664 [pool-188-thread-1] INFO  server.RaftServerConfigKeys (ConfUtils.java:logGet(44)) - raft.server.log.force.sync.num = 128 (default)
2021-08-25 23:20:13,664 [pool-188-thread-1] INFO  server.RaftServerConfigKeys (ConfUtils.java:logGet(44)) - raft.server.log.statemachine.data.sync = true (default)
2021-08-25 23:20:13,664 [pool-188-thread-1] INFO  server.RaftServerConfigKeys (ConfUtils.java:logGet(44)) - raft.server.log.statemachine.data.sync.timeout = 10s (default)
2021-08-25 23:20:13,664 [pool-188-thread-1] INFO  server.RaftServerConfigKeys (ConfUtils.java:logGet(44)) - raft.server.log.statemachine.data.sync.timeout.retry = -1 (default)
2021-08-25 23:20:13,665 [pool-188-thread-1] INFO  server.RaftServerConfigKeys (ConfUtils.java:logGet(44)) - raft.server.log.write.buffer.size = 1048576 (custom)
2021-08-25 23:20:13,665 [pool-188-thread-1] INFO  server.RaftServerConfigKeys (ConfUtils.java:logGet(44)) - raft.server.log.statemachine.data.caching.enabled = true (custom)
2021-08-25 23:20:13,666 [pool-188-thread-1] INFO  segmented.SegmentedRaftLogWorker (SegmentedRaftLogWorker.java:lambda$new$0(133)) - 02c65f58-31b6-441b-a599-132cd2d8b363@group-4913882F1BF6-SegmentedRaftLogWorker: flushIndex: setUnconditionally 0 -> -1
2021-08-25 23:20:13,666 [pool-188-thread-1] INFO  segmented.SegmentedRaftLogWorker (SegmentedRaftLogWorker.java:lambda$new$0(133)) - 02c65f58-31b6-441b-a599-132cd2d8b363@group-4913882F1BF6-SegmentedRaftLogWorker: safeCacheEvictIndex: setUnconditionally 0 -> -1
2021-08-25 23:20:13,667 [pool-188-thread-1] INFO  server.RaftServerConfigKeys (ConfUtils.java:logGet(44)) - raft.server.snapshot.auto.trigger.enabled = true (custom)
2021-08-25 23:20:13,668 [pool-188-thread-1] INFO  server.RaftServerConfigKeys (ConfUtils.java:logGet(44)) - raft.server.snapshot.auto.trigger.threshold = 10000 (custom)
2021-08-25 23:20:13,668 [pool-188-thread-1] INFO  server.RaftServerConfigKeys (ConfUtils.java:logGet(44)) - raft.server.snapshot.retention.file.num = 5 (custom)
2021-08-25 23:20:13,668 [pool-188-thread-1] INFO  server.RaftServerConfigKeys (ConfUtils.java:logGet(44)) - raft.server.log.purge.upto.snapshot.index = false (default)
2021-08-25 23:20:13,668 [pool-188-thread-1] INFO  server.RaftServerConfigKeys (ConfUtils.java:logGet(44)) - raft.server.retrycache.expirytime = 600000ms (custom)
2021-08-25 23:20:13,668 [pool-188-thread-1] INFO  server.RaftServerConfigKeys (ConfUtils.java:logGet(44)) - raft.server.retrycache.statistics.expirytime = 100μs (default)
2021-08-25 23:20:13,669 [pool-188-thread-1] INFO  server.RaftServer$Division (RaftServerImpl.java:start(296)) - 02c65f58-31b6-441b-a599-132cd2d8b363@group-4913882F1BF6: start as a follower, conf=-1: [02c65f58-31b6-441b-a599-132cd2d8b363|rpc:10.1.0.32:34905|priority:1], old=null
2021-08-25 23:20:13,669 [pool-188-thread-1] INFO  server.RaftServer$Division (RaftServerImpl.java:setRole(285)) - 02c65f58-31b6-441b-a599-132cd2d8b363@group-4913882F1BF6: changes role from      null to FOLLOWER at term 0 for startAsFollower
2021-08-25 23:20:13,669 [pool-188-thread-1] INFO  impl.RoleInfo (RoleInfo.java:updateAndGet(130)) - 02c65f58-31b6-441b-a599-132cd2d8b363: start 02c65f58-31b6-441b-a599-132cd2d8b363@group-4913882F1BF6-FollowerState
2021-08-25 23:20:13,669 [pool-188-thread-1] INFO  util.JmxRegister (JmxRegister.java:tryRegister(44)) - Successfully registered JMX Bean with object name Ratis:service=RaftServer,group=group-4913882F1BF6,id=02c65f58-31b6-441b-a599-132cd2d8b363
2021-08-25 23:20:13,670 [Command processor thread] INFO  ratis.XceiverServerRatis (XceiverServerRatis.java:addGroup(763)) - Created group PipelineID=844d1fb8-d5cd-4663-bc04-4913882f1bf6
2021-08-25 23:20:13,671 [Command processor thread] INFO  commandhandler.CreatePipelineCommandHandler (CreatePipelineCommandHandler.java:handle(106)) - Created Pipeline RATIS ONE PipelineID=844d1fb8-d5cd-4663-bc04-4913882f1bf6.
2021-08-25 23:20:13,828 [Command processor thread] INFO  server.RaftServer (RaftServerProxy.java:addNew(95)) - 4553ea2b-b05c-4809-ad97-5bb271da1b92: addNew group-DB6CB93AC769:[4553ea2b-b05c-4809-ad97-5bb271da1b92|rpc:10.1.0.32:36113|priority:1] returns group-DB6CB93AC769:java.util.concurrent.CompletableFuture@1c1fc0c7[Not completed]
2021-08-25 23:20:13,829 [pool-207-thread-1] INFO  server.RaftServer$Division (RaftServerImpl.java:<init>(181)) - 4553ea2b-b05c-4809-ad97-5bb271da1b92: new RaftServerImpl for group-DB6CB93AC769:[4553ea2b-b05c-4809-ad97-5bb271da1b92|rpc:10.1.0.32:36113|priority:1] with ContainerStateMachine:uninitialized
2021-08-25 23:20:13,829 [pool-207-thread-1] INFO  server.RaftServerConfigKeys (ConfUtils.java:logGet(44)) - raft.server.rpc.timeout.min = 5s (custom)
2021-08-25 23:20:13,830 [Listener at 127.0.0.1/39119] INFO  ozone.MiniOzoneClusterImpl (MiniOzoneClusterImpl.java:lambda$waitForClusterToBeReady$0(235)) - Nodes are ready. Got 9 of 9 DN Heartbeats.
2021-08-25 23:20:13,832 [Listener at 127.0.0.1/39119] INFO  ozone.MiniOzoneClusterImpl (MiniOzoneClusterImpl.java:lambda$waitForClusterToBeReady$0(238)) - Waiting for cluster to exit safe mode
2021-08-25 23:20:13,832 [Listener at 127.0.0.1/39119] INFO  ozone.MiniOzoneClusterImpl (MiniOzoneClusterImpl.java:lambda$waitForClusterToBeReady$0(240)) - SCM became leader
2021-08-25 23:20:13,831 [pool-207-thread-1] INFO  server.RaftServerConfigKeys (ConfUtils.java:logGet(44)) - raft.server.rpc.timeout.max = 5200ms (custom)
2021-08-25 23:20:13,832 [pool-207-thread-1] INFO  server.RaftServerConfigKeys (ConfUtils.java:logGet(44)) - raft.server.rpc.sleep.time = 25ms (default)
2021-08-25 23:20:13,832 [pool-207-thread-1] INFO  server.RaftServerConfigKeys (ConfUtils.java:logGet(44)) - raft.server.rpc.slowness.timeout = 300000ms (custom)
2021-08-25 23:20:13,833 [pool-207-thread-1] INFO  server.RaftServerConfigKeys (ConfUtils.java:logGet(44)) - raft.server.leaderelection.leader.step-down.wait-time = 10s (default)
2021-08-25 23:20:13,833 [pool-207-thread-1] INFO  server.RaftServerConfigKeys (ConfUtils.java:logGet(44)) - raft.server.sleep.deviation.threshold = 300ms (default)
2021-08-25 23:20:13,833 [pool-207-thread-1] INFO  server.RaftServerConfigKeys (ConfUtils.java:logGet(44)) - raft.server.log.appender.install.snapshot.enabled = false (custom)
2021-08-25 23:20:13,833 [pool-207-thread-1] INFO  server.RaftServer$Division (ServerState.java:<init>(105)) - 4553ea2b-b05c-4809-ad97-5bb271da1b92@group-DB6CB93AC769: ConfigurationManager, init=-1: [4553ea2b-b05c-4809-ad97-5bb271da1b92|rpc:10.1.0.32:36113|priority:1], old=null, confs=<EMPTY_MAP>
2021-08-25 23:20:13,833 [pool-207-thread-1] INFO  server.RaftServerConfigKeys (ConfUtils.java:logGet(44)) - raft.server.storage.dir = [/home/runner/work/ozone/ozone/hadoop-ozone/integration-test/target/test-dir/MiniOzoneClusterImpl-05b781a4-7df0-48b9-8d73-8dabce68a637/datanode-8/data/ratis] (custom)
2021-08-25 23:20:13,833 [pool-207-thread-1] INFO  server.RaftServerConfigKeys (ConfUtils.java:logGet(44)) - raft.server.log.corruption.policy = EXCEPTION (default)
2021-08-25 23:20:13,833 [pool-207-thread-1] INFO  server.RaftServerConfigKeys (ConfUtils.java:logGet(44)) - raft.server.storage.free-space.min = 0MB (=0) (default)
2021-08-25 23:20:13,833 [pool-207-thread-1] INFO  storage.RaftStorageDirectory (RaftStorageDirectoryImpl.java:analyzeStorage(135)) - The storage directory /home/runner/work/ozone/ozone/hadoop-ozone/integration-test/target/test-dir/MiniOzoneClusterImpl-05b781a4-7df0-48b9-8d73-8dabce68a637/datanode-8/data/ratis/2e707aec-8ed5-4e1f-bdc6-db6cb93ac769 does not exist. Creating ...
2021-08-25 23:20:13,834 [pool-207-thread-1] INFO  storage.RaftStorageDirectory (RaftStorageDirectoryImpl.java:tryLock(230)) - Lock on /home/runner/work/ozone/ozone/hadoop-ozone/integration-test/target/test-dir/MiniOzoneClusterImpl-05b781a4-7df0-48b9-8d73-8dabce68a637/datanode-8/data/ratis/2e707aec-8ed5-4e1f-bdc6-db6cb93ac769/in_use.lock acquired by nodename 4155@fv-az12-462
2021-08-25 23:20:13,835 [pool-207-thread-1] INFO  storage.RaftStorage (RaftStorageImpl.java:format(89)) - Storage directory /home/runner/work/ozone/ozone/hadoop-ozone/integration-test/target/test-dir/MiniOzoneClusterImpl-05b781a4-7df0-48b9-8d73-8dabce68a637/datanode-8/data/ratis/2e707aec-8ed5-4e1f-bdc6-db6cb93ac769 has been successfully formatted.
2021-08-25 23:20:13,836 [Datanode State Machine Thread - 0] WARN  statemachine.StateContext (StateContext.java:execute(621)) - No available thread in pool for past 1 seconds.
2021-08-25 23:20:13,836 [pool-207-thread-1] INFO  ratis.ContainerStateMachine (ContainerStateMachine.java:loadSnapshot(224)) - group-DB6CB93AC769: The snapshot info is null. Setting the last applied indexto:(t:0, i:~)
2021-08-25 23:20:13,836 [pool-207-thread-1] INFO  server.RaftServerConfigKeys (ConfUtils.java:logGet(44)) - raft.server.notification.no-leader.timeout = 300000ms (custom)
2021-08-25 23:20:13,836 [pool-207-thread-1] INFO  server.RaftServerConfigKeys (ConfUtils.java:logGet(44)) - raft.server.log.use.memory = false (default)
2021-08-25 23:20:13,836 [pool-207-thread-1] INFO  server.RaftServerConfigKeys (ConfUtils.java:logGet(44)) - raft.server.log.purge.gap = 1000000 (custom)
2021-08-25 23:20:13,836 [pool-207-thread-1] INFO  server.RaftServerConfigKeys (ConfUtils.java:logGet(44)) - raft.server.log.appender.buffer.byte-limit = 33554432 (custom)
2021-08-25 23:20:13,837 [pool-207-thread-1] INFO  server.RaftServerConfigKeys (ConfUtils.java:logGet(44)) - raft.server.log.segment.size.max = 1048576 (custom)
2021-08-25 23:20:13,837 [EventQueue-PipelineReportForPipelineReportHandler] INFO  pipeline.PipelineManagerImpl (PipelineManagerImpl.java:openPipeline(282)) - Pipeline Pipeline[ Id: 2e707aec-8ed5-4e1f-bdc6-db6cb93ac769, Nodes: 4553ea2b-b05c-4809-ad97-5bb271da1b92{ip: 10.1.0.32, host: fv-az12-462.exdb2aeach2ezidoxz41lk3bwg.cx.internal.cloudapp.net, ports: [REPLICATION=45905, RATIS=36113, RATIS_ADMIN=36113, RATIS_SERVER=36113, STANDALONE=43949], networkLocation: /default-rack, certSerialId: null, persistedOpState: IN_SERVICE, persistedOpStateExpiryEpochSec: 0}, ReplicationConfig: RATIS/ONE, State:ALLOCATED, leaderId:4553ea2b-b05c-4809-ad97-5bb271da1b92, CreationTimestamp2021-08-25T23:20:10.831Z[Etc/UTC]] moved to OPEN state
2021-08-25 23:20:13,838 [EventQueue-OpenPipelineForHealthyPipelineSafeModeRule] INFO  safemode.SCMSafeModeManager (HealthyPipelineSafeModeRule.java:process(124)) - SCM in safe mode. Healthy pipelines reported count is 0, required healthy pipeline reported count is 1
2021-08-25 23:20:13,838 [pool-207-thread-1] INFO  server.RaftServerConfigKeys (ConfUtils.java:logGet(44)) - raft.server.log.segment.cache.num.max = 2 (custom)
2021-08-25 23:20:13,839 [pool-207-thread-1] INFO  server.RaftServerConfigKeys (ConfUtils.java:logGet(44)) - raft.server.log.segment.cache.size.max = 200MB (=209715200) (default)
2021-08-25 23:20:13,839 [pool-207-thread-1] INFO  segmented.SegmentedRaftLogWorker (SegmentedRaftLogWorker.java:<init>(182)) - new 4553ea2b-b05c-4809-ad97-5bb271da1b92@group-DB6CB93AC769-SegmentedRaftLogWorker for RaftStorageImpl:Storage Directory /home/runner/work/ozone/ozone/hadoop-ozone/integration-test/target/test-dir/MiniOzoneClusterImpl-05b781a4-7df0-48b9-8d73-8dabce68a637/datanode-8/data/ratis/2e707aec-8ed5-4e1f-bdc6-db6cb93ac769
2021-08-25 23:20:13,839 [pool-207-thread-1] INFO  server.RaftServerConfigKeys (ConfUtils.java:logGet(44)) - raft.server.log.queue.byte-limit = 2147483647 (custom)
2021-08-25 23:20:13,839 [pool-207-thread-1] INFO  server.RaftServerConfigKeys (ConfUtils.java:logGet(44)) - raft.server.log.queue.element-limit = 1024 (custom)
2021-08-25 23:20:13,839 [pool-207-thread-1] INFO  server.RaftServerConfigKeys (ConfUtils.java:logGet(44)) - raft.server.log.segment.size.max = 1048576 (custom)
2021-08-25 23:20:13,839 [pool-207-thread-1] INFO  server.RaftServerConfigKeys (ConfUtils.java:logGet(44)) - raft.server.log.preallocated.size = 16384 (custom)
2021-08-25 23:20:13,839 [pool-207-thread-1] INFO  server.RaftServerConfigKeys (ConfUtils.java:logGet(44)) - raft.server.log.force.sync.num = 128 (default)
2021-08-25 23:20:13,840 [pool-207-thread-1] INFO  server.RaftServerConfigKeys (ConfUtils.java:logGet(44)) - raft.server.log.statemachine.data.sync = true (default)
2021-08-25 23:20:13,840 [pool-207-thread-1] INFO  server.RaftServerConfigKeys (ConfUtils.java:logGet(44)) - raft.server.log.statemachine.data.sync.timeout = 10s (default)
2021-08-25 23:20:13,840 [pool-207-thread-1] INFO  server.RaftServerConfigKeys (ConfUtils.java:logGet(44)) - raft.server.log.statemachine.data.sync.timeout.retry = -1 (default)
2021-08-25 23:20:13,840 [pool-207-thread-1] INFO  server.RaftServerConfigKeys (ConfUtils.java:logGet(44)) - raft.server.log.write.buffer.size = 1048576 (custom)
2021-08-25 23:20:13,841 [pool-207-thread-1] INFO  server.RaftServerConfigKeys (ConfUtils.java:logGet(44)) - raft.server.log.statemachine.data.caching.enabled = true (custom)
2021-08-25 23:20:13,841 [pool-207-thread-1] INFO  segmented.SegmentedRaftLogWorker (SegmentedRaftLogWorker.java:lambda$new$0(133)) - 4553ea2b-b05c-4809-ad97-5bb271da1b92@group-DB6CB93AC769-SegmentedRaftLogWorker: flushIndex: setUnconditionally 0 -> -1
2021-08-25 23:20:13,841 [pool-207-thread-1] INFO  segmented.SegmentedRaftLogWorker (SegmentedRaftLogWorker.java:lambda$new$0(133)) - 4553ea2b-b05c-4809-ad97-5bb271da1b92@group-DB6CB93AC769-SegmentedRaftLogWorker: safeCacheEvictIndex: setUnconditionally 0 -> -1
2021-08-25 23:20:13,841 [pool-207-thread-1] INFO  server.RaftServerConfigKeys (ConfUtils.java:logGet(44)) - raft.server.snapshot.auto.trigger.enabled = true (custom)
2021-08-25 23:20:13,842 [pool-207-thread-1] INFO  server.RaftServerConfigKeys (ConfUtils.java:logGet(44)) - raft.server.snapshot.auto.trigger.threshold = 10000 (custom)
2021-08-25 23:20:13,842 [pool-207-thread-1] INFO  server.RaftServerConfigKeys (ConfUtils.java:logGet(44)) - raft.server.snapshot.retention.file.num = 5 (custom)
2021-08-25 23:20:13,842 [pool-207-thread-1] INFO  server.RaftServerConfigKeys (ConfUtils.java:logGet(44)) - raft.server.log.purge.upto.snapshot.index = false (default)
2021-08-25 23:20:13,842 [pool-207-thread-1] INFO  server.RaftServerConfigKeys (ConfUtils.java:logGet(44)) - raft.server.retrycache.expirytime = 600000ms (custom)
2021-08-25 23:20:13,842 [pool-207-thread-1] INFO  server.RaftServerConfigKeys (ConfUtils.java:logGet(44)) - raft.server.retrycache.statistics.expirytime = 100μs (default)
2021-08-25 23:20:13,843 [pool-207-thread-1] INFO  server.RaftServer$Division (RaftServerImpl.java:start(296)) - 4553ea2b-b05c-4809-ad97-5bb271da1b92@group-DB6CB93AC769: start as a follower, conf=-1: [4553ea2b-b05c-4809-ad97-5bb271da1b92|rpc:10.1.0.32:36113|priority:1], old=null
2021-08-25 23:20:13,843 [pool-207-thread-1] INFO  server.RaftServer$Division (RaftServerImpl.java:setRole(285)) - 4553ea2b-b05c-4809-ad97-5bb271da1b92@group-DB6CB93AC769: changes role from      null to FOLLOWER at term 0 for startAsFollower
2021-08-25 23:20:13,843 [pool-207-thread-1] INFO  impl.RoleInfo (RoleInfo.java:updateAndGet(130)) - 4553ea2b-b05c-4809-ad97-5bb271da1b92: start 4553ea2b-b05c-4809-ad97-5bb271da1b92@group-DB6CB93AC769-FollowerState
2021-08-25 23:20:13,843 [pool-207-thread-1] INFO  util.JmxRegister (JmxRegister.java:tryRegister(44)) - Successfully registered JMX Bean with object name Ratis:service=RaftServer,group=group-DB6CB93AC769,id=4553ea2b-b05c-4809-ad97-5bb271da1b92
2021-08-25 23:20:13,844 [Command processor thread] INFO  ratis.XceiverServerRatis (XceiverServerRatis.java:addGroup(763)) - Created group PipelineID=2e707aec-8ed5-4e1f-bdc6-db6cb93ac769
2021-08-25 23:20:13,844 [Command processor thread] INFO  commandhandler.CreatePipelineCommandHandler (CreatePipelineCommandHandler.java:handle(106)) - Created Pipeline RATIS ONE PipelineID=2e707aec-8ed5-4e1f-bdc6-db6cb93ac769.
2021-08-25 23:20:14,832 [Listener at 127.0.0.1/39119] INFO  ozone.MiniOzoneClusterImpl (MiniOzoneClusterImpl.java:lambda$waitForClusterToBeReady$0(235)) - Nodes are ready. Got 9 of 9 DN Heartbeats.
2021-08-25 23:20:14,833 [Listener at 127.0.0.1/39119] INFO  ozone.MiniOzoneClusterImpl (MiniOzoneClusterImpl.java:lambda$waitForClusterToBeReady$0(238)) - Waiting for cluster to exit safe mode
2021-08-25 23:20:14,833 [Listener at 127.0.0.1/39119] INFO  ozone.MiniOzoneClusterImpl (MiniOzoneClusterImpl.java:lambda$waitForClusterToBeReady$0(240)) - SCM became leader
2021-08-25 23:20:15,833 [Listener at 127.0.0.1/39119] INFO  ozone.MiniOzoneClusterImpl (MiniOzoneClusterImpl.java:lambda$waitForClusterToBeReady$0(235)) - Nodes are ready. Got 9 of 9 DN Heartbeats.
2021-08-25 23:20:15,833 [Listener at 127.0.0.1/39119] INFO  ozone.MiniOzoneClusterImpl (MiniOzoneClusterImpl.java:lambda$waitForClusterToBeReady$0(238)) - Waiting for cluster to exit safe mode
2021-08-25 23:20:15,834 [Listener at 127.0.0.1/39119] INFO  ozone.MiniOzoneClusterImpl (MiniOzoneClusterImpl.java:lambda$waitForClusterToBeReady$0(240)) - SCM became leader
2021-08-25 23:20:16,834 [Listener at 127.0.0.1/39119] INFO  ozone.MiniOzoneClusterImpl (MiniOzoneClusterImpl.java:lambda$waitForClusterToBeReady$0(235)) - Nodes are ready. Got 9 of 9 DN Heartbeats.
2021-08-25 23:20:16,834 [Listener at 127.0.0.1/39119] INFO  ozone.MiniOzoneClusterImpl (MiniOzoneClusterImpl.java:lambda$waitForClusterToBeReady$0(238)) - Waiting for cluster to exit safe mode
2021-08-25 23:20:16,834 [Listener at 127.0.0.1/39119] INFO  ozone.MiniOzoneClusterImpl (MiniOzoneClusterImpl.java:lambda$waitForClusterToBeReady$0(240)) - SCM became leader
2021-08-25 23:20:17,147 [d3a6c254-c963-411b-bd1c-0e160a3b8690@group-A0C5CFE587C4-FollowerState] INFO  impl.FollowerState (FollowerState.java:run(134)) - d3a6c254-c963-411b-bd1c-0e160a3b8690@group-A0C5CFE587C4-FollowerState: change to CANDIDATE, lastRpcElapsedTime:5039580917ns, electionTimeout:5037ms
2021-08-25 23:20:17,148 [d3a6c254-c963-411b-bd1c-0e160a3b8690@group-A0C5CFE587C4-FollowerState] INFO  impl.RoleInfo (RoleInfo.java:shutdownFollowerState(108)) - d3a6c254-c963-411b-bd1c-0e160a3b8690: shutdown d3a6c254-c963-411b-bd1c-0e160a3b8690@group-A0C5CFE587C4-FollowerState
2021-08-25 23:20:17,148 [d3a6c254-c963-411b-bd1c-0e160a3b8690@group-A0C5CFE587C4-FollowerState] INFO  server.RaftServer$Division (RaftServerImpl.java:setRole(285)) - d3a6c254-c963-411b-bd1c-0e160a3b8690@group-A0C5CFE587C4: changes role from  FOLLOWER to CANDIDATE at term 0 for changeToCandidate
2021-08-25 23:20:17,149 [d3a6c254-c963-411b-bd1c-0e160a3b8690@group-A0C5CFE587C4-FollowerState] INFO  server.RaftServerConfigKeys (ConfUtils.java:logGet(44)) - raft.server.leaderelection.pre-vote = false (custom)
2021-08-25 23:20:17,149 [d3a6c254-c963-411b-bd1c-0e160a3b8690@group-A0C5CFE587C4-FollowerState] INFO  impl.RoleInfo (RoleInfo.java:updateAndGet(130)) - d3a6c254-c963-411b-bd1c-0e160a3b8690: start d3a6c254-c963-411b-bd1c-0e160a3b8690@group-A0C5CFE587C4-LeaderElection2
2021-08-25 23:20:17,152 [d3a6c254-c963-411b-bd1c-0e160a3b8690@group-A0C5CFE587C4-LeaderElection2] INFO  impl.LeaderElection (LeaderElection.java:askForVotes(306)) - d3a6c254-c963-411b-bd1c-0e160a3b8690@group-A0C5CFE587C4-LeaderElection2 ELECTION round 0: submit vote requests at term 1 for -1: [282e11bf-8d58-444e-a800-cb732d8168d5|rpc:10.1.0.32:39035|priority:1, d3a6c254-c963-411b-bd1c-0e160a3b8690|rpc:10.1.0.32:42735|priority:0, 551d55f6-e55a-4cfa-9f5c-62fc7ce672f1|rpc:10.1.0.32:34175|priority:0], old=null
2021-08-25 23:20:17,174 [grpc-default-executor-1] INFO  server.RaftServer$Division (RaftServerImpl.java:requestVote(1043)) - 282e11bf-8d58-444e-a800-cb732d8168d5@group-A0C5CFE587C4: receive requestVote(ELECTION, d3a6c254-c963-411b-bd1c-0e160a3b8690, group-A0C5CFE587C4, 1, (t:0, i:0))
2021-08-25 23:20:17,176 [grpc-default-executor-1] INFO  impl.VoteContext (VoteContext.java:log(48)) - 282e11bf-8d58-444e-a800-cb732d8168d5@group-A0C5CFE587C4-FOLLOWER: reject ELECTION from d3a6c254-c963-411b-bd1c-0e160a3b8690: our priority 1 > candidate's priority 0
2021-08-25 23:20:17,176 [grpc-default-executor-1] INFO  server.RaftServer$Division (RaftServerImpl.java:setRole(285)) - 282e11bf-8d58-444e-a800-cb732d8168d5@group-A0C5CFE587C4: changes role from  FOLLOWER to FOLLOWER at term 1 for candidate:d3a6c254-c963-411b-bd1c-0e160a3b8690
2021-08-25 23:20:17,176 [grpc-default-executor-1] INFO  impl.RoleInfo (RoleInfo.java:shutdownFollowerState(108)) - 282e11bf-8d58-444e-a800-cb732d8168d5: shutdown 282e11bf-8d58-444e-a800-cb732d8168d5@group-A0C5CFE587C4-FollowerState
2021-08-25 23:20:17,176 [grpc-default-executor-1] INFO  impl.RoleInfo (RoleInfo.java:updateAndGet(130)) - 282e11bf-8d58-444e-a800-cb732d8168d5: start 282e11bf-8d58-444e-a800-cb732d8168d5@group-A0C5CFE587C4-FollowerState
2021-08-25 23:20:17,177 [282e11bf-8d58-444e-a800-cb732d8168d5@group-A0C5CFE587C4-FollowerState] INFO  impl.FollowerState (FollowerState.java:run(143)) - 282e11bf-8d58-444e-a800-cb732d8168d5@group-A0C5CFE587C4-FollowerState was interrupted: {}
java.lang.InterruptedException: sleep interrupted
	at java.lang.Thread.sleep(Native Method)
	at java.lang.Thread.sleep(Thread.java:340)
	at java.util.concurrent.TimeUnit.sleep(TimeUnit.java:386)
	at org.apache.ratis.util.TimeDuration.sleep(TimeDuration.java:324)
	at org.apache.ratis.util.TimeDuration.sleep(TimeDuration.java:309)
	at org.apache.ratis.server.impl.FollowerState.run(FollowerState.java:118)
2021-08-25 23:20:17,181 [d3a6c254-c963-411b-bd1c-0e160a3b8690@group-6EEBEC280C44-FollowerState] INFO  impl.FollowerState (FollowerState.java:run(134)) - d3a6c254-c963-411b-bd1c-0e160a3b8690@group-6EEBEC280C44-FollowerState: change to CANDIDATE, lastRpcElapsedTime:5114936227ns, electionTimeout:5100ms
2021-08-25 23:20:17,182 [d3a6c254-c963-411b-bd1c-0e160a3b8690@group-6EEBEC280C44-FollowerState] INFO  impl.RoleInfo (RoleInfo.java:shutdownFollowerState(108)) - d3a6c254-c963-411b-bd1c-0e160a3b8690: shutdown d3a6c254-c963-411b-bd1c-0e160a3b8690@group-6EEBEC280C44-FollowerState
2021-08-25 23:20:17,182 [d3a6c254-c963-411b-bd1c-0e160a3b8690@group-6EEBEC280C44-FollowerState] INFO  server.RaftServer$Division (RaftServerImpl.java:setRole(285)) - d3a6c254-c963-411b-bd1c-0e160a3b8690@group-6EEBEC280C44: changes role from  FOLLOWER to CANDIDATE at term 0 for changeToCandidate
2021-08-25 23:20:17,182 [d3a6c254-c963-411b-bd1c-0e160a3b8690@group-6EEBEC280C44-FollowerState] INFO  server.RaftServerConfigKeys (ConfUtils.java:logGet(44)) - raft.server.leaderelection.pre-vote = false (custom)
2021-08-25 23:20:17,182 [d3a6c254-c963-411b-bd1c-0e160a3b8690@group-6EEBEC280C44-FollowerState] INFO  impl.RoleInfo (RoleInfo.java:updateAndGet(130)) - d3a6c254-c963-411b-bd1c-0e160a3b8690: start d3a6c254-c963-411b-bd1c-0e160a3b8690@group-6EEBEC280C44-LeaderElection3
2021-08-25 23:20:17,186 [grpc-default-executor-1] INFO  server.RaftServer$Division (RaftServerImpl.java:requestVote(1075)) - 282e11bf-8d58-444e-a800-cb732d8168d5@group-A0C5CFE587C4 replies to ELECTION vote request: d3a6c254-c963-411b-bd1c-0e160a3b8690<-282e11bf-8d58-444e-a800-cb732d8168d5#0:FAIL-t1. Peer's state: 282e11bf-8d58-444e-a800-cb732d8168d5@group-A0C5CFE587C4:t1, leader=null, voted=null, raftlog=282e11bf-8d58-444e-a800-cb732d8168d5@group-A0C5CFE587C4-SegmentedRaftLog:OPENED:c-1,f-1,i0, conf=-1: [282e11bf-8d58-444e-a800-cb732d8168d5|rpc:10.1.0.32:39035|priority:1, d3a6c254-c963-411b-bd1c-0e160a3b8690|rpc:10.1.0.32:42735|priority:0, 551d55f6-e55a-4cfa-9f5c-62fc7ce672f1|rpc:10.1.0.32:34175|priority:0], old=null
2021-08-25 23:20:17,194 [grpc-default-executor-0] INFO  server.RaftServer$Division (RaftServerImpl.java:requestVote(1043)) - 551d55f6-e55a-4cfa-9f5c-62fc7ce672f1@group-A0C5CFE587C4: receive requestVote(ELECTION, d3a6c254-c963-411b-bd1c-0e160a3b8690, group-A0C5CFE587C4, 1, (t:0, i:0))
2021-08-25 23:20:17,194 [grpc-default-executor-0] INFO  impl.VoteContext (VoteContext.java:log(48)) - 551d55f6-e55a-4cfa-9f5c-62fc7ce672f1@group-A0C5CFE587C4-FOLLOWER: accept ELECTION from d3a6c254-c963-411b-bd1c-0e160a3b8690: our priority 0 <= candidate's priority 0
2021-08-25 23:20:17,196 [grpc-default-executor-0] INFO  server.RaftServer$Division (RaftServerImpl.java:setRole(285)) - 551d55f6-e55a-4cfa-9f5c-62fc7ce672f1@group-A0C5CFE587C4: changes role from  FOLLOWER to FOLLOWER at term 1 for candidate:d3a6c254-c963-411b-bd1c-0e160a3b8690
2021-08-25 23:20:17,196 [grpc-default-executor-0] INFO  impl.RoleInfo (RoleInfo.java:shutdownFollowerState(108)) - 551d55f6-e55a-4cfa-9f5c-62fc7ce672f1: shutdown 551d55f6-e55a-4cfa-9f5c-62fc7ce672f1@group-A0C5CFE587C4-FollowerState
2021-08-25 23:20:17,196 [grpc-default-executor-0] INFO  impl.RoleInfo (RoleInfo.java:updateAndGet(130)) - 551d55f6-e55a-4cfa-9f5c-62fc7ce672f1: start 551d55f6-e55a-4cfa-9f5c-62fc7ce672f1@group-A0C5CFE587C4-FollowerState
2021-08-25 23:20:17,196 [551d55f6-e55a-4cfa-9f5c-62fc7ce672f1@group-A0C5CFE587C4-FollowerState] INFO  impl.FollowerState (FollowerState.java:run(143)) - 551d55f6-e55a-4cfa-9f5c-62fc7ce672f1@group-A0C5CFE587C4-FollowerState was interrupted: {}
java.lang.InterruptedException: sleep interrupted
	at java.lang.Thread.sleep(Native Method)
	at java.lang.Thread.sleep(Thread.java:340)
	at java.util.concurrent.TimeUnit.sleep(TimeUnit.java:386)
	at org.apache.ratis.util.TimeDuration.sleep(TimeDuration.java:324)
	at org.apache.ratis.util.TimeDuration.sleep(TimeDuration.java:309)
	at org.apache.ratis.server.impl.FollowerState.run(FollowerState.java:118)
2021-08-25 23:20:17,198 [d3a6c254-c963-411b-bd1c-0e160a3b8690@group-6EEBEC280C44-LeaderElection3] INFO  impl.LeaderElection (LeaderElection.java:askForVotes(306)) - d3a6c254-c963-411b-bd1c-0e160a3b8690@group-6EEBEC280C44-LeaderElection3 ELECTION round 0: submit vote requests at term 1 for -1: [d3a6c254-c963-411b-bd1c-0e160a3b8690|rpc:10.1.0.32:42735|priority:1], old=null
2021-08-25 23:20:17,199 [d3a6c254-c963-411b-bd1c-0e160a3b8690@group-6EEBEC280C44-LeaderElection3] INFO  impl.LeaderElection (LeaderElection.java:askForVotes(308)) - d3a6c254-c963-411b-bd1c-0e160a3b8690@group-6EEBEC280C44-LeaderElection3 ELECTION round 0: result PASSED (term=1)
2021-08-25 23:20:17,200 [d3a6c254-c963-411b-bd1c-0e160a3b8690@group-6EEBEC280C44-LeaderElection3] INFO  impl.RoleInfo (RoleInfo.java:shutdownLeaderElection(121)) - d3a6c254-c963-411b-bd1c-0e160a3b8690: shutdown d3a6c254-c963-411b-bd1c-0e160a3b8690@group-6EEBEC280C44-LeaderElection3
2021-08-25 23:20:17,200 [d3a6c254-c963-411b-bd1c-0e160a3b8690@group-6EEBEC280C44-LeaderElection3] INFO  server.RaftServer$Division (RaftServerImpl.java:setRole(285)) - d3a6c254-c963-411b-bd1c-0e160a3b8690@group-6EEBEC280C44: changes role from CANDIDATE to LEADER at term 1 for changeToLeader
2021-08-25 23:20:17,200 [d3a6c254-c963-411b-bd1c-0e160a3b8690@group-6EEBEC280C44-LeaderElection3] INFO  ratis.XceiverServerRatis (XceiverServerRatis.java:handleLeaderChangedNotification(861)) - Leader change notification received for group: group-6EEBEC280C44 with new leaderId: d3a6c254-c963-411b-bd1c-0e160a3b8690
2021-08-25 23:20:17,200 [d3a6c254-c963-411b-bd1c-0e160a3b8690@group-6EEBEC280C44-LeaderElection3] INFO  server.RaftServer$Division (ServerState.java:setLeader(285)) - d3a6c254-c963-411b-bd1c-0e160a3b8690@group-6EEBEC280C44: change Leader from null to d3a6c254-c963-411b-bd1c-0e160a3b8690 at term 1 for becomeLeader, leader elected after 5153ms
2021-08-25 23:20:17,200 [d3a6c254-c963-411b-bd1c-0e160a3b8690@group-6EEBEC280C44-LeaderElection3] INFO  server.RaftServerConfigKeys (ConfUtils.java:logGet(44)) - raft.server.staging.catchup.gap = 1000 (default)
2021-08-25 23:20:17,200 [d3a6c254-c963-411b-bd1c-0e160a3b8690@group-6EEBEC280C44-LeaderElection3] INFO  server.RaftServerConfigKeys (ConfUtils.java:logGet(44)) - raft.server.write.element-limit = 1024 (custom)
2021-08-25 23:20:17,200 [d3a6c254-c963-411b-bd1c-0e160a3b8690@group-6EEBEC280C44-LeaderElection3] INFO  server.RaftServerConfigKeys (ConfUtils.java:logGet(44)) - raft.server.write.byte-limit = 1024 M (=1073741824) (custom)
2021-08-25 23:20:17,200 [d3a6c254-c963-411b-bd1c-0e160a3b8690@group-6EEBEC280C44-LeaderElection3] INFO  server.RaftServerConfigKeys (ConfUtils.java:logGet(44)) - raft.server.watch.timeout = 3000ms (custom)
2021-08-25 23:20:17,201 [d3a6c254-c963-411b-bd1c-0e160a3b8690@group-6EEBEC280C44-LeaderElection3] INFO  server.RaftServerConfigKeys (ConfUtils.java:logGet(44)) - raft.server.watch.timeout.denomination = 1s (default)
2021-08-25 23:20:17,201 [d3a6c254-c963-411b-bd1c-0e160a3b8690@group-6EEBEC280C44-LeaderElection3] INFO  server.RaftServerConfigKeys (ConfUtils.java:logGet(44)) - raft.server.watch.element-limit = 65536 (default)
2021-08-25 23:20:17,201 [d3a6c254-c963-411b-bd1c-0e160a3b8690@group-6EEBEC280C44-LeaderElection3] INFO  impl.RoleInfo (RoleInfo.java:updateAndGet(130)) - d3a6c254-c963-411b-bd1c-0e160a3b8690: start d3a6c254-c963-411b-bd1c-0e160a3b8690@group-6EEBEC280C44-LeaderStateImpl
2021-08-25 23:20:17,201 [grpc-default-executor-0] INFO  server.RaftServer$Division (RaftServerImpl.java:requestVote(1075)) - 551d55f6-e55a-4cfa-9f5c-62fc7ce672f1@group-A0C5CFE587C4 replies to ELECTION vote request: d3a6c254-c963-411b-bd1c-0e160a3b8690<-551d55f6-e55a-4cfa-9f5c-62fc7ce672f1#0:OK-t1. Peer's state: 551d55f6-e55a-4cfa-9f5c-62fc7ce672f1@group-A0C5CFE587C4:t1, leader=null, voted=d3a6c254-c963-411b-bd1c-0e160a3b8690, raftlog=551d55f6-e55a-4cfa-9f5c-62fc7ce672f1@group-A0C5CFE587C4-SegmentedRaftLog:OPENED:c-1,f-1,i0, conf=-1: [282e11bf-8d58-444e-a800-cb732d8168d5|rpc:10.1.0.32:39035|priority:1, d3a6c254-c963-411b-bd1c-0e160a3b8690|rpc:10.1.0.32:42735|priority:0, 551d55f6-e55a-4cfa-9f5c-62fc7ce672f1|rpc:10.1.0.32:34175|priority:0], old=null
2021-08-25 23:20:17,201 [Datanode State Machine Thread - 0] WARN  statemachine.StateContext (StateContext.java:execute(621)) - No available thread in pool for past 1 seconds.
2021-08-25 23:20:17,202 [d3a6c254-c963-411b-bd1c-0e160a3b8690@group-A0C5CFE587C4-LeaderElection2] INFO  impl.LeaderElection (LeaderElection.java:logAndReturn(89)) - d3a6c254-c963-411b-bd1c-0e160a3b8690@group-A0C5CFE587C4-LeaderElection2: ELECTION REJECTED received 1 response(s) and 0 exception(s):
2021-08-25 23:20:17,205 [d3a6c254-c963-411b-bd1c-0e160a3b8690@group-A0C5CFE587C4-LeaderElection2] INFO  impl.LeaderElection (LeaderElection.java:logAndReturn(93)) -   Response 0: d3a6c254-c963-411b-bd1c-0e160a3b8690<-282e11bf-8d58-444e-a800-cb732d8168d5#0:FAIL-t1
2021-08-25 23:20:17,205 [d3a6c254-c963-411b-bd1c-0e160a3b8690@group-A0C5CFE587C4-LeaderElection2] INFO  impl.LeaderElection (LeaderElection.java:askForVotes(308)) - d3a6c254-c963-411b-bd1c-0e160a3b8690@group-A0C5CFE587C4-LeaderElection2 ELECTION round 0: result REJECTED
2021-08-25 23:20:17,205 [d3a6c254-c963-411b-bd1c-0e160a3b8690@group-A0C5CFE587C4-LeaderElection2] INFO  server.RaftServer$Division (RaftServerImpl.java:setRole(285)) - d3a6c254-c963-411b-bd1c-0e160a3b8690@group-A0C5CFE587C4: changes role from CANDIDATE to FOLLOWER at term 1 for REJECTED
2021-08-25 23:20:17,205 [d3a6c254-c963-411b-bd1c-0e160a3b8690@group-A0C5CFE587C4-LeaderElection2] INFO  impl.RoleInfo (RoleInfo.java:shutdownLeaderElection(121)) - d3a6c254-c963-411b-bd1c-0e160a3b8690: shutdown d3a6c254-c963-411b-bd1c-0e160a3b8690@group-A0C5CFE587C4-LeaderElection2
2021-08-25 23:20:17,205 [d3a6c254-c963-411b-bd1c-0e160a3b8690@group-A0C5CFE587C4-LeaderElection2] INFO  impl.RoleInfo (RoleInfo.java:updateAndGet(130)) - d3a6c254-c963-411b-bd1c-0e160a3b8690: start d3a6c254-c963-411b-bd1c-0e160a3b8690@group-A0C5CFE587C4-FollowerState
2021-08-25 23:20:17,205 [EventQueue-OpenPipelineForHealthyPipelineSafeModeRule] INFO  safemode.SCMSafeModeManager (HealthyPipelineSafeModeRule.java:process(124)) - SCM in safe mode. Healthy pipelines reported count is 0, required healthy pipeline reported count is 1
2021-08-25 23:20:17,205 [d3a6c254-c963-411b-bd1c-0e160a3b8690@group-6EEBEC280C44-LeaderElection3] INFO  segmented.SegmentedRaftLogWorker (SegmentedRaftLogWorker.java:startLogSegment(394)) - d3a6c254-c963-411b-bd1c-0e160a3b8690@group-6EEBEC280C44-SegmentedRaftLogWorker: Starting segment from index:0
2021-08-25 23:20:17,218 [d3a6c254-c963-411b-bd1c-0e160a3b8690@group-6EEBEC280C44-LeaderElection3] INFO  server.RaftServer$Division (ServerState.java:setRaftConf(387)) - d3a6c254-c963-411b-bd1c-0e160a3b8690@group-6EEBEC280C44: set configuration 0: [d3a6c254-c963-411b-bd1c-0e160a3b8690|rpc:10.1.0.32:42735|dataStream:|priority:1], old=null
2021-08-25 23:20:17,219 [d3a6c254-c963-411b-bd1c-0e160a3b8690@group-6EEBEC280C44-SegmentedRaftLogWorker] INFO  segmented.SegmentedRaftLogWorker (SegmentedRaftLogWorker.java:execute(601)) - d3a6c254-c963-411b-bd1c-0e160a3b8690@group-6EEBEC280C44-SegmentedRaftLogWorker: created new log segment /home/runner/work/ozone/ozone/hadoop-ozone/integration-test/target/test-dir/MiniOzoneClusterImpl-05b781a4-7df0-48b9-8d73-8dabce68a637/datanode-0/data/ratis/bb4e502b-6c1b-4048-ae63-6eebec280c44/current/log_inprogress_0
2021-08-25 23:20:17,508 [282e11bf-8d58-444e-a800-cb732d8168d5@group-EC4D5B6DBBA9-FollowerState] INFO  impl.FollowerState (FollowerState.java:run(134)) - 282e11bf-8d58-444e-a800-cb732d8168d5@group-EC4D5B6DBBA9-FollowerState: change to CANDIDATE, lastRpcElapsedTime:5156038577ns, electionTimeout:5154ms
2021-08-25 23:20:17,509 [282e11bf-8d58-444e-a800-cb732d8168d5@group-EC4D5B6DBBA9-FollowerState] INFO  impl.RoleInfo (RoleInfo.java:shutdownFollowerState(108)) - 282e11bf-8d58-444e-a800-cb732d8168d5: shutdown 282e11bf-8d58-444e-a800-cb732d8168d5@group-EC4D5B6DBBA9-FollowerState
2021-08-25 23:20:17,509 [282e11bf-8d58-444e-a800-cb732d8168d5@group-EC4D5B6DBBA9-FollowerState] INFO  server.RaftServer$Division (RaftServerImpl.java:setRole(285)) - 282e11bf-8d58-444e-a800-cb732d8168d5@group-EC4D5B6DBBA9: changes role from  FOLLOWER to CANDIDATE at term 0 for changeToCandidate
2021-08-25 23:20:17,510 [282e11bf-8d58-444e-a800-cb732d8168d5@group-EC4D5B6DBBA9-FollowerState] INFO  server.RaftServerConfigKeys (ConfUtils.java:logGet(44)) - raft.server.leaderelection.pre-vote = false (custom)
2021-08-25 23:20:17,510 [282e11bf-8d58-444e-a800-cb732d8168d5@group-EC4D5B6DBBA9-FollowerState] INFO  impl.RoleInfo (RoleInfo.java:updateAndGet(130)) - 282e11bf-8d58-444e-a800-cb732d8168d5: start 282e11bf-8d58-444e-a800-cb732d8168d5@group-EC4D5B6DBBA9-LeaderElection4
2021-08-25 23:20:17,513 [282e11bf-8d58-444e-a800-cb732d8168d5@group-EC4D5B6DBBA9-LeaderElection4] INFO  impl.LeaderElection (LeaderElection.java:askForVotes(306)) - 282e11bf-8d58-444e-a800-cb732d8168d5@group-EC4D5B6DBBA9-LeaderElection4 ELECTION round 0: submit vote requests at term 1 for -1: [282e11bf-8d58-444e-a800-cb732d8168d5|rpc:10.1.0.32:39035|priority:1], old=null
2021-08-25 23:20:17,513 [282e11bf-8d58-444e-a800-cb732d8168d5@group-EC4D5B6DBBA9-LeaderElection4] INFO  impl.LeaderElection (LeaderElection.java:askForVotes(308)) - 282e11bf-8d58-444e-a800-cb732d8168d5@group-EC4D5B6DBBA9-LeaderElection4 ELECTION round 0: result PASSED (term=1)
2021-08-25 23:20:17,513 [282e11bf-8d58-444e-a800-cb732d8168d5@group-EC4D5B6DBBA9-LeaderElection4] INFO  impl.RoleInfo (RoleInfo.java:shutdownLeaderElection(121)) - 282e11bf-8d58-444e-a800-cb732d8168d5: shutdown 282e11bf-8d58-444e-a800-cb732d8168d5@group-EC4D5B6DBBA9-LeaderElection4
2021-08-25 23:20:17,513 [282e11bf-8d58-444e-a800-cb732d8168d5@group-EC4D5B6DBBA9-LeaderElection4] INFO  server.RaftServer$Division (RaftServerImpl.java:setRole(285)) - 282e11bf-8d58-444e-a800-cb732d8168d5@group-EC4D5B6DBBA9: changes role from CANDIDATE to LEADER at term 1 for changeToLeader
2021-08-25 23:20:17,513 [282e11bf-8d58-444e-a800-cb732d8168d5@group-EC4D5B6DBBA9-LeaderElection4] INFO  ratis.XceiverServerRatis (XceiverServerRatis.java:handleLeaderChangedNotification(861)) - Leader change notification received for group: group-EC4D5B6DBBA9 with new leaderId: 282e11bf-8d58-444e-a800-cb732d8168d5
2021-08-25 23:20:17,513 [282e11bf-8d58-444e-a800-cb732d8168d5@group-EC4D5B6DBBA9-LeaderElection4] INFO  server.RaftServer$Division (ServerState.java:setLeader(285)) - 282e11bf-8d58-444e-a800-cb732d8168d5@group-EC4D5B6DBBA9: change Leader from null to 282e11bf-8d58-444e-a800-cb732d8168d5 at term 1 for becomeLeader, leader elected after 5195ms
2021-08-25 23:20:17,513 [282e11bf-8d58-444e-a800-cb732d8168d5@group-EC4D5B6DBBA9-LeaderElection4] INFO  server.RaftServerConfigKeys (ConfUtils.java:logGet(44)) - raft.server.staging.catchup.gap = 1000 (default)
2021-08-25 23:20:17,513 [Datanode State Machine Thread - 0] WARN  statemachine.StateContext (StateContext.java:execute(621)) - No available thread in pool for past 1 seconds.
2021-08-25 23:20:17,515 [282e11bf-8d58-444e-a800-cb732d8168d5@group-EC4D5B6DBBA9-LeaderElection4] INFO  server.RaftServerConfigKeys (ConfUtils.java:logGet(44)) - raft.server.write.element-limit = 1024 (custom)
2021-08-25 23:20:17,515 [EventQueue-OpenPipelineForHealthyPipelineSafeModeRule] INFO  safemode.SCMSafeModeManager (HealthyPipelineSafeModeRule.java:process(124)) - SCM in safe mode. Healthy pipelines reported count is 0, required healthy pipeline reported count is 1
2021-08-25 23:20:17,515 [282e11bf-8d58-444e-a800-cb732d8168d5@group-EC4D5B6DBBA9-LeaderElection4] INFO  server.RaftServerConfigKeys (ConfUtils.java:logGet(44)) - raft.server.write.byte-limit = 1024 M (=1073741824) (custom)
2021-08-25 23:20:17,515 [282e11bf-8d58-444e-a800-cb732d8168d5@group-EC4D5B6DBBA9-LeaderElection4] INFO  server.RaftServerConfigKeys (ConfUtils.java:logGet(44)) - raft.server.watch.timeout = 3000ms (custom)
2021-08-25 23:20:17,515 [282e11bf-8d58-444e-a800-cb732d8168d5@group-EC4D5B6DBBA9-LeaderElection4] INFO  server.RaftServerConfigKeys (ConfUtils.java:logGet(44)) - raft.server.watch.timeout.denomination = 1s (default)
2021-08-25 23:20:17,516 [282e11bf-8d58-444e-a800-cb732d8168d5@group-EC4D5B6DBBA9-LeaderElection4] INFO  server.RaftServerConfigKeys (ConfUtils.java:logGet(44)) - raft.server.watch.element-limit = 65536 (default)
2021-08-25 23:20:17,516 [282e11bf-8d58-444e-a800-cb732d8168d5@group-EC4D5B6DBBA9-LeaderElection4] INFO  impl.RoleInfo (RoleInfo.java:updateAndGet(130)) - 282e11bf-8d58-444e-a800-cb732d8168d5: start 282e11bf-8d58-444e-a800-cb732d8168d5@group-EC4D5B6DBBA9-LeaderStateImpl
2021-08-25 23:20:17,516 [282e11bf-8d58-444e-a800-cb732d8168d5@group-EC4D5B6DBBA9-LeaderElection4] INFO  segmented.SegmentedRaftLogWorker (SegmentedRaftLogWorker.java:startLogSegment(394)) - 282e11bf-8d58-444e-a800-cb732d8168d5@group-EC4D5B6DBBA9-SegmentedRaftLogWorker: Starting segment from index:0
2021-08-25 23:20:17,517 [282e11bf-8d58-444e-a800-cb732d8168d5@group-EC4D5B6DBBA9-SegmentedRaftLogWorker] INFO  segmented.SegmentedRaftLogWorker (SegmentedRaftLogWorker.java:execute(601)) - 282e11bf-8d58-444e-a800-cb732d8168d5@group-EC4D5B6DBBA9-SegmentedRaftLogWorker: created new log segment /home/runner/work/ozone/ozone/hadoop-ozone/integration-test/target/test-dir/MiniOzoneClusterImpl-05b781a4-7df0-48b9-8d73-8dabce68a637/datanode-1/data/ratis/63f08369-242b-4be1-9b9a-ec4d5b6dbba9/current/log_inprogress_0
2021-08-25 23:20:17,518 [282e11bf-8d58-444e-a800-cb732d8168d5@group-EC4D5B6DBBA9-LeaderElection4] INFO  server.RaftServer$Division (ServerState.java:setRaftConf(387)) - 282e11bf-8d58-444e-a800-cb732d8168d5@group-EC4D5B6DBBA9: set configuration 0: [282e11bf-8d58-444e-a800-cb732d8168d5|rpc:10.1.0.32:39035|dataStream:|priority:1], old=null
2021-08-25 23:20:17,615 [551d55f6-e55a-4cfa-9f5c-62fc7ce672f1@group-4799FEC00E20-FollowerState] INFO  impl.FollowerState (FollowerState.java:run(134)) - 551d55f6-e55a-4cfa-9f5c-62fc7ce672f1@group-4799FEC00E20-FollowerState: change to CANDIDATE, lastRpcElapsedTime:5153431342ns, electionTimeout:5143ms
2021-08-25 23:20:17,615 [551d55f6-e55a-4cfa-9f5c-62fc7ce672f1@group-4799FEC00E20-FollowerState] INFO  impl.RoleInfo (RoleInfo.java:shutdownFollowerState(108)) - 551d55f6-e55a-4cfa-9f5c-62fc7ce672f1: shutdown 551d55f6-e55a-4cfa-9f5c-62fc7ce672f1@group-4799FEC00E20-FollowerState
2021-08-25 23:20:17,616 [551d55f6-e55a-4cfa-9f5c-62fc7ce672f1@group-4799FEC00E20-FollowerState] INFO  server.RaftServer$Division (RaftServerImpl.java:setRole(285)) - 551d55f6-e55a-4cfa-9f5c-62fc7ce672f1@group-4799FEC00E20: changes role from  FOLLOWER to CANDIDATE at term 0 for changeToCandidate
2021-08-25 23:20:17,617 [551d55f6-e55a-4cfa-9f5c-62fc7ce672f1@group-4799FEC00E20-FollowerState] INFO  server.RaftServerConfigKeys (ConfUtils.java:logGet(44)) - raft.server.leaderelection.pre-vote = false (custom)
2021-08-25 23:20:17,617 [551d55f6-e55a-4cfa-9f5c-62fc7ce672f1@group-4799FEC00E20-FollowerState] INFO  impl.RoleInfo (RoleInfo.java:updateAndGet(130)) - 551d55f6-e55a-4cfa-9f5c-62fc7ce672f1: start 551d55f6-e55a-4cfa-9f5c-62fc7ce672f1@group-4799FEC00E20-LeaderElection5
2021-08-25 23:20:17,621 [551d55f6-e55a-4cfa-9f5c-62fc7ce672f1@group-4799FEC00E20-LeaderElection5] INFO  impl.LeaderElection (LeaderElection.java:askForVotes(306)) - 551d55f6-e55a-4cfa-9f5c-62fc7ce672f1@group-4799FEC00E20-LeaderElection5 ELECTION round 0: submit vote requests at term 1 for -1: [551d55f6-e55a-4cfa-9f5c-62fc7ce672f1|rpc:10.1.0.32:34175|priority:1], old=null
2021-08-25 23:20:17,621 [551d55f6-e55a-4cfa-9f5c-62fc7ce672f1@group-4799FEC00E20-LeaderElection5] INFO  impl.LeaderElection (LeaderElection.java:askForVotes(308)) - 551d55f6-e55a-4cfa-9f5c-62fc7ce672f1@group-4799FEC00E20-LeaderElection5 ELECTION round 0: result PASSED (term=1)
2021-08-25 23:20:17,621 [551d55f6-e55a-4cfa-9f5c-62fc7ce672f1@group-4799FEC00E20-LeaderElection5] INFO  impl.RoleInfo (RoleInfo.java:shutdownLeaderElection(121)) - 551d55f6-e55a-4cfa-9f5c-62fc7ce672f1: shutdown 551d55f6-e55a-4cfa-9f5c-62fc7ce672f1@group-4799FEC00E20-LeaderElection5
2021-08-25 23:20:17,621 [551d55f6-e55a-4cfa-9f5c-62fc7ce672f1@group-4799FEC00E20-LeaderElection5] INFO  server.RaftServer$Division (RaftServerImpl.java:setRole(285)) - 551d55f6-e55a-4cfa-9f5c-62fc7ce672f1@group-4799FEC00E20: changes role from CANDIDATE to LEADER at term 1 for changeToLeader
2021-08-25 23:20:17,621 [551d55f6-e55a-4cfa-9f5c-62fc7ce672f1@group-4799FEC00E20-LeaderElection5] INFO  ratis.XceiverServerRatis (XceiverServerRatis.java:handleLeaderChangedNotification(861)) - Leader change notification received for group: group-4799FEC00E20 with new leaderId: 551d55f6-e55a-4cfa-9f5c-62fc7ce672f1
2021-08-25 23:20:17,622 [551d55f6-e55a-4cfa-9f5c-62fc7ce672f1@group-4799FEC00E20-LeaderElection5] INFO  server.RaftServer$Division (ServerState.java:setLeader(285)) - 551d55f6-e55a-4cfa-9f5c-62fc7ce672f1@group-4799FEC00E20: change Leader from null to 551d55f6-e55a-4cfa-9f5c-62fc7ce672f1 at term 1 for becomeLeader, leader elected after 5170ms
2021-08-25 23:20:17,622 [551d55f6-e55a-4cfa-9f5c-62fc7ce672f1@group-4799FEC00E20-LeaderElection5] INFO  server.RaftServerConfigKeys (ConfUtils.java:logGet(44)) - raft.server.staging.catchup.gap = 1000 (default)
2021-08-25 23:20:17,622 [551d55f6-e55a-4cfa-9f5c-62fc7ce672f1@group-4799FEC00E20-LeaderElection5] INFO  server.RaftServerConfigKeys (ConfUtils.java:logGet(44)) - raft.server.write.element-limit = 1024 (custom)
2021-08-25 23:20:17,622 [551d55f6-e55a-4cfa-9f5c-62fc7ce672f1@group-4799FEC00E20-LeaderElection5] INFO  server.RaftServerConfigKeys (ConfUtils.java:logGet(44)) - raft.server.write.byte-limit = 1024 M (=1073741824) (custom)
2021-08-25 23:20:17,623 [EventQueue-OpenPipelineForHealthyPipelineSafeModeRule] INFO  safemode.SCMSafeModeManager (HealthyPipelineSafeModeRule.java:process(124)) - SCM in safe mode. Healthy pipelines reported count is 0, required healthy pipeline reported count is 1
2021-08-25 23:20:17,623 [551d55f6-e55a-4cfa-9f5c-62fc7ce672f1@group-4799FEC00E20-LeaderElection5] INFO  server.RaftServerConfigKeys (ConfUtils.java:logGet(44)) - raft.server.watch.timeout = 3000ms (custom)
2021-08-25 23:20:17,623 [551d55f6-e55a-4cfa-9f5c-62fc7ce672f1@group-4799FEC00E20-LeaderElection5] INFO  server.RaftServerConfigKeys (ConfUtils.java:logGet(44)) - raft.server.watch.timeout.denomination = 1s (default)
2021-08-25 23:20:17,624 [551d55f6-e55a-4cfa-9f5c-62fc7ce672f1@group-4799FEC00E20-LeaderElection5] INFO  server.RaftServerConfigKeys (ConfUtils.java:logGet(44)) - raft.server.watch.element-limit = 65536 (default)
2021-08-25 23:20:17,624 [551d55f6-e55a-4cfa-9f5c-62fc7ce672f1@group-4799FEC00E20-LeaderElection5] INFO  impl.RoleInfo (RoleInfo.java:updateAndGet(130)) - 551d55f6-e55a-4cfa-9f5c-62fc7ce672f1: start 551d55f6-e55a-4cfa-9f5c-62fc7ce672f1@group-4799FEC00E20-LeaderStateImpl
2021-08-25 23:20:17,624 [551d55f6-e55a-4cfa-9f5c-62fc7ce672f1@group-4799FEC00E20-LeaderElection5] INFO  segmented.SegmentedRaftLogWorker (SegmentedRaftLogWorker.java:startLogSegment(394)) - 551d55f6-e55a-4cfa-9f5c-62fc7ce672f1@group-4799FEC00E20-SegmentedRaftLogWorker: Starting segment from index:0
2021-08-25 23:20:17,625 [551d55f6-e55a-4cfa-9f5c-62fc7ce672f1@group-4799FEC00E20-SegmentedRaftLogWorker] INFO  segmented.SegmentedRaftLogWorker (SegmentedRaftLogWorker.java:execute(601)) - 551d55f6-e55a-4cfa-9f5c-62fc7ce672f1@group-4799FEC00E20-SegmentedRaftLogWorker: created new log segment /home/runner/work/ozone/ozone/hadoop-ozone/integration-test/target/test-dir/MiniOzoneClusterImpl-05b781a4-7df0-48b9-8d73-8dabce68a637/datanode-2/data/ratis/9e9041c8-3114-4e2c-b4af-4799fec00e20/current/log_inprogress_0
2021-08-25 23:20:17,626 [551d55f6-e55a-4cfa-9f5c-62fc7ce672f1@group-4799FEC00E20-LeaderElection5] INFO  server.RaftServer$Division (ServerState.java:setRaftConf(387)) - 551d55f6-e55a-4cfa-9f5c-62fc7ce672f1@group-4799FEC00E20: set configuration 0: [551d55f6-e55a-4cfa-9f5c-62fc7ce672f1|rpc:10.1.0.32:34175|dataStream:|priority:1], old=null
2021-08-25 23:20:17,835 [Listener at 127.0.0.1/39119] INFO  ozone.MiniOzoneClusterImpl (MiniOzoneClusterImpl.java:lambda$waitForClusterToBeReady$0(235)) - Nodes are ready. Got 9 of 9 DN Heartbeats.
2021-08-25 23:20:17,835 [Listener at 127.0.0.1/39119] INFO  ozone.MiniOzoneClusterImpl (MiniOzoneClusterImpl.java:lambda$waitForClusterToBeReady$0(238)) - Waiting for cluster to exit safe mode
2021-08-25 23:20:17,835 [Listener at 127.0.0.1/39119] INFO  ozone.MiniOzoneClusterImpl (MiniOzoneClusterImpl.java:lambda$waitForClusterToBeReady$0(240)) - SCM became leader
2021-08-25 23:20:17,979 [d2e949a9-e5b3-4c4c-92b0-47a0169dba23@group-EA16C3CEB103-FollowerState] INFO  impl.FollowerState (FollowerState.java:run(134)) - d2e949a9-e5b3-4c4c-92b0-47a0169dba23@group-EA16C3CEB103-FollowerState: change to CANDIDATE, lastRpcElapsedTime:5038853302ns, electionTimeout:5038ms
2021-08-25 23:20:17,979 [d2e949a9-e5b3-4c4c-92b0-47a0169dba23@group-EA16C3CEB103-FollowerState] INFO  impl.RoleInfo (RoleInfo.java:shutdownFollowerState(108)) - d2e949a9-e5b3-4c4c-92b0-47a0169dba23: shutdown d2e949a9-e5b3-4c4c-92b0-47a0169dba23@group-EA16C3CEB103-FollowerState
2021-08-25 23:20:17,980 [d2e949a9-e5b3-4c4c-92b0-47a0169dba23@group-EA16C3CEB103-FollowerState] INFO  server.RaftServer$Division (RaftServerImpl.java:setRole(285)) - d2e949a9-e5b3-4c4c-92b0-47a0169dba23@group-EA16C3CEB103: changes role from  FOLLOWER to CANDIDATE at term 0 for changeToCandidate
2021-08-25 23:20:17,981 [d2e949a9-e5b3-4c4c-92b0-47a0169dba23@group-EA16C3CEB103-FollowerState] INFO  server.RaftServerConfigKeys (ConfUtils.java:logGet(44)) - raft.server.leaderelection.pre-vote = false (custom)
2021-08-25 23:20:17,981 [d2e949a9-e5b3-4c4c-92b0-47a0169dba23@group-EA16C3CEB103-FollowerState] INFO  impl.RoleInfo (RoleInfo.java:updateAndGet(130)) - d2e949a9-e5b3-4c4c-92b0-47a0169dba23: start d2e949a9-e5b3-4c4c-92b0-47a0169dba23@group-EA16C3CEB103-LeaderElection6
2021-08-25 23:20:17,983 [d2e949a9-e5b3-4c4c-92b0-47a0169dba23@group-EA16C3CEB103-LeaderElection6] INFO  impl.LeaderElection (LeaderElection.java:askForVotes(306)) - d2e949a9-e5b3-4c4c-92b0-47a0169dba23@group-EA16C3CEB103-LeaderElection6 ELECTION round 0: submit vote requests at term 1 for -1: [d2e949a9-e5b3-4c4c-92b0-47a0169dba23|rpc:10.1.0.32:37449|priority:1], old=null
2021-08-25 23:20:17,984 [d2e949a9-e5b3-4c4c-92b0-47a0169dba23@group-EA16C3CEB103-LeaderElection6] INFO  impl.LeaderElection (LeaderElection.java:askForVotes(308)) - d2e949a9-e5b3-4c4c-92b0-47a0169dba23@group-EA16C3CEB103-LeaderElection6 ELECTION round 0: result PASSED (term=1)
2021-08-25 23:20:17,984 [d2e949a9-e5b3-4c4c-92b0-47a0169dba23@group-EA16C3CEB103-LeaderElection6] INFO  impl.RoleInfo (RoleInfo.java:shutdownLeaderElection(121)) - d2e949a9-e5b3-4c4c-92b0-47a0169dba23: shutdown d2e949a9-e5b3-4c4c-92b0-47a0169dba23@group-EA16C3CEB103-LeaderElection6
2021-08-25 23:20:17,984 [d2e949a9-e5b3-4c4c-92b0-47a0169dba23@group-EA16C3CEB103-LeaderElection6] INFO  server.RaftServer$Division (RaftServerImpl.java:setRole(285)) - d2e949a9-e5b3-4c4c-92b0-47a0169dba23@group-EA16C3CEB103: changes role from CANDIDATE to LEADER at term 1 for changeToLeader
2021-08-25 23:20:17,984 [d2e949a9-e5b3-4c4c-92b0-47a0169dba23@group-EA16C3CEB103-LeaderElection6] INFO  ratis.XceiverServerRatis (XceiverServerRatis.java:handleLeaderChangedNotification(861)) - Leader change notification received for group: group-EA16C3CEB103 with new leaderId: d2e949a9-e5b3-4c4c-92b0-47a0169dba23
2021-08-25 23:20:17,984 [d2e949a9-e5b3-4c4c-92b0-47a0169dba23@group-EA16C3CEB103-LeaderElection6] INFO  server.RaftServer$Division (ServerState.java:setLeader(285)) - d2e949a9-e5b3-4c4c-92b0-47a0169dba23@group-EA16C3CEB103: change Leader from null to d2e949a9-e5b3-4c4c-92b0-47a0169dba23 at term 1 for becomeLeader, leader elected after 5058ms
2021-08-25 23:20:17,984 [d2e949a9-e5b3-4c4c-92b0-47a0169dba23@group-EA16C3CEB103-LeaderElection6] INFO  server.RaftServerConfigKeys (ConfUtils.java:logGet(44)) - raft.server.staging.catchup.gap = 1000 (default)
2021-08-25 23:20:17,984 [d2e949a9-e5b3-4c4c-92b0-47a0169dba23@group-EA16C3CEB103-LeaderElection6] INFO  server.RaftServerConfigKeys (ConfUtils.java:logGet(44)) - raft.server.write.element-limit = 1024 (custom)
2021-08-25 23:20:17,984 [d2e949a9-e5b3-4c4c-92b0-47a0169dba23@group-EA16C3CEB103-LeaderElection6] INFO  server.RaftServerConfigKeys (ConfUtils.java:logGet(44)) - raft.server.write.byte-limit = 1024 M (=1073741824) (custom)
2021-08-25 23:20:17,985 [d2e949a9-e5b3-4c4c-92b0-47a0169dba23@group-EA16C3CEB103-LeaderElection6] INFO  server.RaftServerConfigKeys (ConfUtils.java:logGet(44)) - raft.server.watch.timeout = 3000ms (custom)
2021-08-25 23:20:17,985 [d2e949a9-e5b3-4c4c-92b0-47a0169dba23@group-EA16C3CEB103-LeaderElection6] INFO  server.RaftServerConfigKeys (ConfUtils.java:logGet(44)) - raft.server.watch.timeout.denomination = 1s (default)
2021-08-25 23:20:17,985 [d2e949a9-e5b3-4c4c-92b0-47a0169dba23@group-EA16C3CEB103-LeaderElection6] INFO  server.RaftServerConfigKeys (ConfUtils.java:logGet(44)) - raft.server.watch.element-limit = 65536 (default)
2021-08-25 23:20:17,985 [d2e949a9-e5b3-4c4c-92b0-47a0169dba23@group-EA16C3CEB103-LeaderElection6] INFO  impl.RoleInfo (RoleInfo.java:updateAndGet(130)) - d2e949a9-e5b3-4c4c-92b0-47a0169dba23: start d2e949a9-e5b3-4c4c-92b0-47a0169dba23@group-EA16C3CEB103-LeaderStateImpl
2021-08-25 23:20:17,985 [d2e949a9-e5b3-4c4c-92b0-47a0169dba23@group-EA16C3CEB103-LeaderElection6] INFO  segmented.SegmentedRaftLogWorker (SegmentedRaftLogWorker.java:startLogSegment(394)) - d2e949a9-e5b3-4c4c-92b0-47a0169dba23@group-EA16C3CEB103-SegmentedRaftLogWorker: Starting segment from index:0
2021-08-25 23:20:17,985 [EventQueue-OpenPipelineForHealthyPipelineSafeModeRule] INFO  safemode.SCMSafeModeManager (HealthyPipelineSafeModeRule.java:process(124)) - SCM in safe mode. Healthy pipelines reported count is 0, required healthy pipeline reported count is 1
2021-08-25 23:20:17,987 [d2e949a9-e5b3-4c4c-92b0-47a0169dba23@group-EA16C3CEB103-SegmentedRaftLogWorker] INFO  segmented.SegmentedRaftLogWorker (SegmentedRaftLogWorker.java:execute(601)) - d2e949a9-e5b3-4c4c-92b0-47a0169dba23@group-EA16C3CEB103-SegmentedRaftLogWorker: created new log segment /home/runner/work/ozone/ozone/hadoop-ozone/integration-test/target/test-dir/MiniOzoneClusterImpl-05b781a4-7df0-48b9-8d73-8dabce68a637/datanode-3/data/ratis/5e7708cc-accf-450f-89b3-ea16c3ceb103/current/log_inprogress_0
2021-08-25 23:20:17,990 [d2e949a9-e5b3-4c4c-92b0-47a0169dba23@group-EA16C3CEB103-LeaderElection6] INFO  server.RaftServer$Division (ServerState.java:setRaftConf(387)) - d2e949a9-e5b3-4c4c-92b0-47a0169dba23@group-EA16C3CEB103: set configuration 0: [d2e949a9-e5b3-4c4c-92b0-47a0169dba23|rpc:10.1.0.32:37449|dataStream:|priority:1], old=null
2021-08-25 23:20:18,054 [d2e949a9-e5b3-4c4c-92b0-47a0169dba23@group-35E29BAFB5C9-FollowerState] INFO  impl.FollowerState (FollowerState.java:run(134)) - d2e949a9-e5b3-4c4c-92b0-47a0169dba23@group-35E29BAFB5C9-FollowerState: change to CANDIDATE, lastRpcElapsedTime:5098508103ns, electionTimeout:5093ms
2021-08-25 23:20:18,054 [d2e949a9-e5b3-4c4c-92b0-47a0169dba23@group-35E29BAFB5C9-FollowerState] INFO  impl.RoleInfo (RoleInfo.java:shutdownFollowerState(108)) - d2e949a9-e5b3-4c4c-92b0-47a0169dba23: shutdown d2e949a9-e5b3-4c4c-92b0-47a0169dba23@group-35E29BAFB5C9-FollowerState
2021-08-25 23:20:18,054 [d2e949a9-e5b3-4c4c-92b0-47a0169dba23@group-35E29BAFB5C9-FollowerState] INFO  server.RaftServer$Division (RaftServerImpl.java:setRole(285)) - d2e949a9-e5b3-4c4c-92b0-47a0169dba23@group-35E29BAFB5C9: changes role from  FOLLOWER to CANDIDATE at term 0 for changeToCandidate
2021-08-25 23:20:18,054 [d2e949a9-e5b3-4c4c-92b0-47a0169dba23@group-35E29BAFB5C9-FollowerState] INFO  server.RaftServerConfigKeys (ConfUtils.java:logGet(44)) - raft.server.leaderelection.pre-vote = false (custom)
2021-08-25 23:20:18,054 [d2e949a9-e5b3-4c4c-92b0-47a0169dba23@group-35E29BAFB5C9-FollowerState] INFO  impl.RoleInfo (RoleInfo.java:updateAndGet(130)) - d2e949a9-e5b3-4c4c-92b0-47a0169dba23: start d2e949a9-e5b3-4c4c-92b0-47a0169dba23@group-35E29BAFB5C9-LeaderElection7
2021-08-25 23:20:18,058 [d2e949a9-e5b3-4c4c-92b0-47a0169dba23@group-35E29BAFB5C9-LeaderElection7] INFO  impl.LeaderElection (LeaderElection.java:askForVotes(306)) - d2e949a9-e5b3-4c4c-92b0-47a0169dba23@group-35E29BAFB5C9-LeaderElection7 ELECTION round 0: submit vote requests at term 1 for -1: [f3c5edec-fcc1-440f-ba30-167340659c5c|rpc:10.1.0.32:45103|priority:0, d2e949a9-e5b3-4c4c-92b0-47a0169dba23|rpc:10.1.0.32:37449|priority:1, 55460722-07fd-4e57-847c-29244a947e0a|rpc:10.1.0.32:40409|priority:0], old=null
2021-08-25 23:20:18,071 [grpc-default-executor-0] INFO  server.RaftServer$Division (RaftServerImpl.java:requestVote(1043)) - f3c5edec-fcc1-440f-ba30-167340659c5c@group-35E29BAFB5C9: receive requestVote(ELECTION, d2e949a9-e5b3-4c4c-92b0-47a0169dba23, group-35E29BAFB5C9, 1, (t:0, i:0))
2021-08-25 23:20:18,072 [grpc-default-executor-0] INFO  impl.VoteContext (VoteContext.java:log(48)) - f3c5edec-fcc1-440f-ba30-167340659c5c@group-35E29BAFB5C9-FOLLOWER: accept ELECTION from d2e949a9-e5b3-4c4c-92b0-47a0169dba23: our priority 0 <= candidate's priority 1
2021-08-25 23:20:18,072 [grpc-default-executor-0] INFO  server.RaftServer$Division (RaftServerImpl.java:setRole(285)) - f3c5edec-fcc1-440f-ba30-167340659c5c@group-35E29BAFB5C9: changes role from  FOLLOWER to FOLLOWER at term 1 for candidate:d2e949a9-e5b3-4c4c-92b0-47a0169dba23
2021-08-25 23:20:18,093 [grpc-default-executor-0] INFO  impl.RoleInfo (RoleInfo.java:shutdownFollowerState(108)) - f3c5edec-fcc1-440f-ba30-167340659c5c: shutdown f3c5edec-fcc1-440f-ba30-167340659c5c@group-35E29BAFB5C9-FollowerState
2021-08-25 23:20:18,093 [grpc-default-executor-0] INFO  impl.RoleInfo (RoleInfo.java:updateAndGet(130)) - f3c5edec-fcc1-440f-ba30-167340659c5c: start f3c5edec-fcc1-440f-ba30-167340659c5c@group-35E29BAFB5C9-FollowerState
2021-08-25 23:20:18,096 [grpc-default-executor-0] INFO  server.RaftServer$Division (RaftServerImpl.java:requestVote(1075)) - f3c5edec-fcc1-440f-ba30-167340659c5c@group-35E29BAFB5C9 replies to ELECTION vote request: d2e949a9-e5b3-4c4c-92b0-47a0169dba23<-f3c5edec-fcc1-440f-ba30-167340659c5c#0:OK-t1. Peer's state: f3c5edec-fcc1-440f-ba30-167340659c5c@group-35E29BAFB5C9:t1, leader=null, voted=d2e949a9-e5b3-4c4c-92b0-47a0169dba23, raftlog=f3c5edec-fcc1-440f-ba30-167340659c5c@group-35E29BAFB5C9-SegmentedRaftLog:OPENED:c-1,f-1,i0, conf=-1: [f3c5edec-fcc1-440f-ba30-167340659c5c|rpc:10.1.0.32:45103|dataStream:|priority:0, d2e949a9-e5b3-4c4c-92b0-47a0169dba23|rpc:10.1.0.32:37449|dataStream:|priority:1, 55460722-07fd-4e57-847c-29244a947e0a|rpc:10.1.0.32:40409|dataStream:|priority:0], old=null
2021-08-25 23:20:18,101 [f3c5edec-fcc1-440f-ba30-167340659c5c@group-35E29BAFB5C9-FollowerState] INFO  impl.FollowerState (FollowerState.java:run(134)) - f3c5edec-fcc1-440f-ba30-167340659c5c@group-35E29BAFB5C9-FollowerState: change to CANDIDATE, lastRpcElapsedTime:5115887035ns, electionTimeout:5096ms
2021-08-25 23:20:18,102 [f3c5edec-fcc1-440f-ba30-167340659c5c@group-35E29BAFB5C9-FollowerState] INFO  impl.RoleInfo (RoleInfo.java:shutdownFollowerState(108)) - f3c5edec-fcc1-440f-ba30-167340659c5c: shutdown f3c5edec-fcc1-440f-ba30-167340659c5c@group-35E29BAFB5C9-FollowerState
2021-08-25 23:20:18,102 [f3c5edec-fcc1-440f-ba30-167340659c5c@group-35E29BAFB5C9-FollowerState] INFO  server.RaftServer$Division (RaftServerImpl.java:setRole(285)) - f3c5edec-fcc1-440f-ba30-167340659c5c@group-35E29BAFB5C9: changes role from  FOLLOWER to CANDIDATE at term 1 for changeToCandidate
2021-08-25 23:20:18,102 [f3c5edec-fcc1-440f-ba30-167340659c5c@group-35E29BAFB5C9-FollowerState] INFO  impl.FollowerState (FollowerState.java:run(143)) - f3c5edec-fcc1-440f-ba30-167340659c5c@group-35E29BAFB5C9-FollowerState was interrupted: {}
java.lang.InterruptedException: sleep interrupted
	at java.lang.Thread.sleep(Native Method)
	at java.lang.Thread.sleep(Thread.java:340)
	at java.util.concurrent.TimeUnit.sleep(TimeUnit.java:386)
	at org.apache.ratis.util.TimeDuration.sleep(TimeDuration.java:324)
	at org.apache.ratis.util.TimeDuration.sleep(TimeDuration.java:309)
	at org.apache.ratis.server.impl.FollowerState.run(FollowerState.java:118)
2021-08-25 23:20:18,111 [grpc-default-executor-0] INFO  server.RaftServer$Division (RaftServerImpl.java:requestVote(1043)) - 55460722-07fd-4e57-847c-29244a947e0a@group-35E29BAFB5C9: receive requestVote(ELECTION, d2e949a9-e5b3-4c4c-92b0-47a0169dba23, group-35E29BAFB5C9, 1, (t:0, i:0))
2021-08-25 23:20:18,111 [55460722-07fd-4e57-847c-29244a947e0a@group-35E29BAFB5C9-FollowerState] INFO  impl.FollowerState (FollowerState.java:run(134)) - 55460722-07fd-4e57-847c-29244a947e0a@group-35E29BAFB5C9-FollowerState: change to CANDIDATE, lastRpcElapsedTime:5079144042ns, electionTimeout:5077ms
2021-08-25 23:20:18,109 [f3c5edec-fcc1-440f-ba30-167340659c5c@group-35E29BAFB5C9-FollowerState] INFO  server.RaftServerConfigKeys (ConfUtils.java:logGet(44)) - raft.server.leaderelection.pre-vote = false (custom)
2021-08-25 23:20:18,122 [f3c5edec-fcc1-440f-ba30-167340659c5c@group-35E29BAFB5C9-FollowerState] INFO  impl.RoleInfo (RoleInfo.java:updateAndGet(130)) - f3c5edec-fcc1-440f-ba30-167340659c5c: start f3c5edec-fcc1-440f-ba30-167340659c5c@group-35E29BAFB5C9-LeaderElection8
2021-08-25 23:20:18,102 [d2e949a9-e5b3-4c4c-92b0-47a0169dba23@group-35E29BAFB5C9-LeaderElection7] INFO  impl.LeaderElection (LeaderElection.java:logAndReturn(89)) - d2e949a9-e5b3-4c4c-92b0-47a0169dba23@group-35E29BAFB5C9-LeaderElection7: ELECTION PASSED received 1 response(s) and 0 exception(s):
2021-08-25 23:20:18,122 [55460722-07fd-4e57-847c-29244a947e0a@group-35E29BAFB5C9-FollowerState] INFO  impl.RoleInfo (RoleInfo.java:shutdownFollowerState(108)) - 55460722-07fd-4e57-847c-29244a947e0a: shutdown 55460722-07fd-4e57-847c-29244a947e0a@group-35E29BAFB5C9-FollowerState
2021-08-25 23:20:18,123 [d2e949a9-e5b3-4c4c-92b0-47a0169dba23@group-35E29BAFB5C9-LeaderElection7] INFO  impl.LeaderElection (LeaderElection.java:logAndReturn(93)) -   Response 0: d2e949a9-e5b3-4c4c-92b0-47a0169dba23<-f3c5edec-fcc1-440f-ba30-167340659c5c#0:OK-t1
2021-08-25 23:20:18,123 [55460722-07fd-4e57-847c-29244a947e0a@group-35E29BAFB5C9-FollowerState] INFO  server.RaftServer$Division (RaftServerImpl.java:setRole(285)) - 55460722-07fd-4e57-847c-29244a947e0a@group-35E29BAFB5C9: changes role from  FOLLOWER to CANDIDATE at term 0 for changeToCandidate
2021-08-25 23:20:18,126 [d2e949a9-e5b3-4c4c-92b0-47a0169dba23@group-35E29BAFB5C9-LeaderElection7] INFO  impl.LeaderElection (LeaderElection.java:askForVotes(308)) - d2e949a9-e5b3-4c4c-92b0-47a0169dba23@group-35E29BAFB5C9-LeaderElection7 ELECTION round 0: result PASSED
2021-08-25 23:20:18,126 [d2e949a9-e5b3-4c4c-92b0-47a0169dba23@group-35E29BAFB5C9-LeaderElection7] INFO  impl.RoleInfo (RoleInfo.java:shutdownLeaderElection(121)) - d2e949a9-e5b3-4c4c-92b0-47a0169dba23: shutdown d2e949a9-e5b3-4c4c-92b0-47a0169dba23@group-35E29BAFB5C9-LeaderElection7
2021-08-25 23:20:18,126 [d2e949a9-e5b3-4c4c-92b0-47a0169dba23@group-35E29BAFB5C9-LeaderElection7] INFO  server.RaftServer$Division (RaftServerImpl.java:setRole(285)) - d2e949a9-e5b3-4c4c-92b0-47a0169dba23@group-35E29BAFB5C9: changes role from CANDIDATE to LEADER at term 1 for changeToLeader
2021-08-25 23:20:18,126 [d2e949a9-e5b3-4c4c-92b0-47a0169dba23@group-35E29BAFB5C9-LeaderElection7] INFO  ratis.XceiverServerRatis (XceiverServerRatis.java:handleLeaderChangedNotification(861)) - Leader change notification received for group: group-35E29BAFB5C9 with new leaderId: d2e949a9-e5b3-4c4c-92b0-47a0169dba23
2021-08-25 23:20:18,126 [d2e949a9-e5b3-4c4c-92b0-47a0169dba23@group-35E29BAFB5C9-LeaderElection7] INFO  server.RaftServer$Division (ServerState.java:setLeader(285)) - d2e949a9-e5b3-4c4c-92b0-47a0169dba23@group-35E29BAFB5C9: change Leader from null to d2e949a9-e5b3-4c4c-92b0-47a0169dba23 at term 1 for becomeLeader, leader elected after 5178ms
2021-08-25 23:20:18,126 [d2e949a9-e5b3-4c4c-92b0-47a0169dba23@group-35E29BAFB5C9-LeaderElection7] INFO  server.RaftServerConfigKeys (ConfUtils.java:logGet(44)) - raft.server.staging.catchup.gap = 1000 (default)
2021-08-25 23:20:18,126 [d2e949a9-e5b3-4c4c-92b0-47a0169dba23@group-35E29BAFB5C9-LeaderElection7] INFO  server.RaftServerConfigKeys (ConfUtils.java:logGet(44)) - raft.server.write.element-limit = 1024 (custom)
2021-08-25 23:20:18,126 [d2e949a9-e5b3-4c4c-92b0-47a0169dba23@group-35E29BAFB5C9-LeaderElection7] INFO  server.RaftServerConfigKeys (ConfUtils.java:logGet(44)) - raft.server.write.byte-limit = 1024 M (=1073741824) (custom)
2021-08-25 23:20:18,126 [d2e949a9-e5b3-4c4c-92b0-47a0169dba23@group-35E29BAFB5C9-LeaderElection7] INFO  server.RaftServerConfigKeys (ConfUtils.java:logGet(44)) - raft.server.watch.timeout = 3000ms (custom)
2021-08-25 23:20:18,127 [d2e949a9-e5b3-4c4c-92b0-47a0169dba23@group-35E29BAFB5C9-LeaderElection7] INFO  server.RaftServerConfigKeys (ConfUtils.java:logGet(44)) - raft.server.watch.timeout.denomination = 1s (default)
2021-08-25 23:20:18,127 [d2e949a9-e5b3-4c4c-92b0-47a0169dba23@group-35E29BAFB5C9-LeaderElection7] INFO  server.RaftServerConfigKeys (ConfUtils.java:logGet(44)) - raft.server.watch.element-limit = 65536 (default)
2021-08-25 23:20:18,131 [EventQueue-PipelineReportForPipelineReportHandler] INFO  pipeline.PipelineManagerImpl (PipelineManagerImpl.java:openPipeline(282)) - Pipeline Pipeline[ Id: 0d03a30e-984d-483d-b770-35e29bafb5c9, Nodes: d2e949a9-e5b3-4c4c-92b0-47a0169dba23{ip: 10.1.0.32, host: fv-az12-462.exdb2aeach2ezidoxz41lk3bwg.cx.internal.cloudapp.net, ports: [REPLICATION=43891, RATIS=37449, RATIS_ADMIN=37449, RATIS_SERVER=37449, STANDALONE=38135], networkLocation: /default-rack, certSerialId: null, persistedOpState: IN_SERVICE, persistedOpStateExpiryEpochSec: 0}f3c5edec-fcc1-440f-ba30-167340659c5c{ip: 10.1.0.32, host: fv-az12-462.exdb2aeach2ezidoxz41lk3bwg.cx.internal.cloudapp.net, ports: [REPLICATION=46521, RATIS=45103, RATIS_ADMIN=45103, RATIS_SERVER=45103, STANDALONE=32773], networkLocation: /default-rack, certSerialId: null, persistedOpState: IN_SERVICE, persistedOpStateExpiryEpochSec: 0}55460722-07fd-4e57-847c-29244a947e0a{ip: 10.1.0.32, host: fv-az12-462.exdb2aeach2ezidoxz41lk3bwg.cx.internal.cloudapp.net, ports: [REPLICATION=45061, RATIS=40409, RATIS_ADMIN=40409, RATIS_SERVER=40409, STANDALONE=35129], networkLocation: /default-rack, certSerialId: null, persistedOpState: IN_SERVICE, persistedOpStateExpiryEpochSec: 0}, ReplicationConfig: RATIS/THREE, State:ALLOCATED, leaderId:d2e949a9-e5b3-4c4c-92b0-47a0169dba23, CreationTimestamp2021-08-25T23:20:10.324Z[Etc/UTC]] moved to OPEN state
2021-08-25 23:20:18,132 [EventQueue-OpenPipelineForHealthyPipelineSafeModeRule] INFO  safemode.SCMSafeModeManager (HealthyPipelineSafeModeRule.java:process(124)) - SCM in safe mode. Healthy pipelines reported count is 0, required healthy pipeline reported count is 1
2021-08-25 23:20:18,132 [EventQueue-OpenPipelineForHealthyPipelineSafeModeRule] INFO  safemode.SCMSafeModeManager (HealthyPipelineSafeModeRule.java:process(124)) - SCM in safe mode. Healthy pipelines reported count is 1, required healthy pipeline reported count is 1
2021-08-25 23:20:18,132 [EventQueue-OpenPipelineForHealthyPipelineSafeModeRule] INFO  safemode.SCMSafeModeManager (SCMSafeModeManager.java:validateSafeModeExitRules(204)) - HealthyPipelineSafeModeRule rule is successfully validated
2021-08-25 23:20:18,132 [EventQueue-OpenPipelineForHealthyPipelineSafeModeRule] INFO  safemode.SCMSafeModeManager (SCMSafeModeManager.java:validateSafeModeExitRules(219)) - ScmSafeModeManager, all rules are successfully validated
2021-08-25 23:20:18,132 [EventQueue-OpenPipelineForHealthyPipelineSafeModeRule] INFO  safemode.SCMSafeModeManager (SCMSafeModeManager.java:exitSafeMode(248)) - SCM exiting safe mode.
2021-08-25 23:20:18,132 [EventQueue-OpenPipelineForHealthyPipelineSafeModeRule] WARN  events.EventQueue (EventQueue.java:fireEvent(194)) - No event handler registered for event TypedEvent{payloadType=SafeModeStatus, name='Safe mode status'}
2021-08-25 23:20:18,132 [EventQueue-OpenPipelineForHealthyPipelineSafeModeRule] INFO  ha.SCMContext (SCMContext.java:updateSafeModeStatus(205)) - Update SafeModeStatus from SafeModeStatus{safeModeStatus=true, preCheckPassed=true} to SafeModeStatus{safeModeStatus=false, preCheckPassed=true}.
2021-08-25 23:20:18,132 [EventQueue-OpenPipelineForHealthyPipelineSafeModeRule] INFO  pipeline.BackgroundPipelineCreator (BackgroundPipelineCreatorV2.java:notifyStatusChanged(264)) - Service BackgroundPipelineCreator transitions to RUNNING.
2021-08-25 23:20:18,132 [EventQueue-OpenPipelineForHealthyPipelineSafeModeRule] INFO  container.ReplicationManager (ReplicationManager.java:notifyStatusChanged(1722)) - Service ReplicationManager transitions to RUNNING.
2021-08-25 23:20:18,134 [55460722-07fd-4e57-847c-29244a947e0a@group-35E29BAFB5C9-FollowerState] INFO  server.RaftServerConfigKeys (ConfUtils.java:logGet(44)) - raft.server.leaderelection.pre-vote = false (custom)
2021-08-25 23:20:18,138 [55460722-07fd-4e57-847c-29244a947e0a@group-35E29BAFB5C9-FollowerState] INFO  impl.RoleInfo (RoleInfo.java:updateAndGet(130)) - 55460722-07fd-4e57-847c-29244a947e0a: start 55460722-07fd-4e57-847c-29244a947e0a@group-35E29BAFB5C9-LeaderElection9
2021-08-25 23:20:18,139 [f3c5edec-fcc1-440f-ba30-167340659c5c@group-35E29BAFB5C9-LeaderElection8] INFO  impl.LeaderElection (LeaderElection.java:askForVotes(306)) - f3c5edec-fcc1-440f-ba30-167340659c5c@group-35E29BAFB5C9-LeaderElection8 ELECTION round 0: submit vote requests at term 2 for -1: [f3c5edec-fcc1-440f-ba30-167340659c5c|rpc:10.1.0.32:45103|dataStream:|priority:0, d2e949a9-e5b3-4c4c-92b0-47a0169dba23|rpc:10.1.0.32:37449|dataStream:|priority:1, 55460722-07fd-4e57-847c-29244a947e0a|rpc:10.1.0.32:40409|dataStream:|priority:0], old=null
2021-08-25 23:20:18,139 [grpc-default-executor-0] INFO  impl.VoteContext (VoteContext.java:log(48)) - 55460722-07fd-4e57-847c-29244a947e0a@group-35E29BAFB5C9-CANDIDATE: accept ELECTION from d2e949a9-e5b3-4c4c-92b0-47a0169dba23: our priority 0 <= candidate's priority 1
2021-08-25 23:20:18,139 [grpc-default-executor-0] INFO  server.RaftServer$Division (RaftServerImpl.java:setRole(285)) - 55460722-07fd-4e57-847c-29244a947e0a@group-35E29BAFB5C9: changes role from CANDIDATE to FOLLOWER at term 1 for candidate:d2e949a9-e5b3-4c4c-92b0-47a0169dba23
2021-08-25 23:20:18,139 [grpc-default-executor-0] INFO  impl.RoleInfo (RoleInfo.java:shutdownLeaderElection(121)) - 55460722-07fd-4e57-847c-29244a947e0a: shutdown 55460722-07fd-4e57-847c-29244a947e0a@group-35E29BAFB5C9-LeaderElection9
2021-08-25 23:20:18,142 [d2e949a9-e5b3-4c4c-92b0-47a0169dba23@group-35E29BAFB5C9-LeaderElection7] INFO  server.RaftServerConfigKeys (ConfUtils.java:logGet(44)) - raft.server.log.appender.snapshot.chunk.size.max = 16MB (=16777216) (default)
2021-08-25 23:20:18,143 [grpc-default-executor-0] INFO  impl.RoleInfo (RoleInfo.java:updateAndGet(130)) - 55460722-07fd-4e57-847c-29244a947e0a: start 55460722-07fd-4e57-847c-29244a947e0a@group-35E29BAFB5C9-FollowerState
2021-08-25 23:20:18,143 [d2e949a9-e5b3-4c4c-92b0-47a0169dba23@group-35E29BAFB5C9-LeaderElection7] INFO  server.RaftServerConfigKeys (ConfUtils.java:logGet(44)) - raft.server.log.appender.buffer.byte-limit = 33554432 (custom)
2021-08-25 23:20:18,144 [d2e949a9-e5b3-4c4c-92b0-47a0169dba23@group-35E29BAFB5C9-LeaderElection7] INFO  server.RaftServerConfigKeys (ConfUtils.java:logGet(44)) - raft.server.log.appender.buffer.element-limit = 1 (custom)
2021-08-25 23:20:18,145 [grpc-default-executor-0] INFO  server.RaftServer$Division (RaftServerImpl.java:requestVote(1075)) - 55460722-07fd-4e57-847c-29244a947e0a@group-35E29BAFB5C9 replies to ELECTION vote request: d2e949a9-e5b3-4c4c-92b0-47a0169dba23<-55460722-07fd-4e57-847c-29244a947e0a#0:OK-t1. Peer's state: 55460722-07fd-4e57-847c-29244a947e0a@group-35E29BAFB5C9:t1, leader=null, voted=d2e949a9-e5b3-4c4c-92b0-47a0169dba23, raftlog=55460722-07fd-4e57-847c-29244a947e0a@group-35E29BAFB5C9-SegmentedRaftLog:OPENED:c-1,f-1,i0, conf=-1: [f3c5edec-fcc1-440f-ba30-167340659c5c|rpc:10.1.0.32:45103|dataStream:|priority:0, d2e949a9-e5b3-4c4c-92b0-47a0169dba23|rpc:10.1.0.32:37449|dataStream:|priority:1, 55460722-07fd-4e57-847c-29244a947e0a|rpc:10.1.0.32:40409|dataStream:|priority:0], old=null
2021-08-25 23:20:18,146 [d2e949a9-e5b3-4c4c-92b0-47a0169dba23@group-35E29BAFB5C9-LeaderElection7] INFO  grpc.GrpcConfigKeys (ConfUtils.java:logGet(44)) - raft.grpc.server.leader.outstanding.appends.max = 128 (default)
2021-08-25 23:20:18,146 [d2e949a9-e5b3-4c4c-92b0-47a0169dba23@group-35E29BAFB5C9-LeaderElection7] INFO  server.RaftServerConfigKeys (ConfUtils.java:logGet(44)) - raft.server.rpc.request.timeout = 3000ms (default)
2021-08-25 23:20:18,146 [d2e949a9-e5b3-4c4c-92b0-47a0169dba23@group-35E29BAFB5C9-LeaderElection7] INFO  server.RaftServerConfigKeys (ConfUtils.java:logGet(44)) - raft.server.log.appender.install.snapshot.enabled = false (custom)
2021-08-25 23:20:18,152 [d2e949a9-e5b3-4c4c-92b0-47a0169dba23@group-35E29BAFB5C9-LeaderElection7] INFO  server.RaftServerConfigKeys (ConfUtils.java:logGet(44)) - raft.server.log.appender.snapshot.chunk.size.max = 16MB (=16777216) (default)
2021-08-25 23:20:18,152 [d2e949a9-e5b3-4c4c-92b0-47a0169dba23@group-35E29BAFB5C9-LeaderElection7] INFO  server.RaftServerConfigKeys (ConfUtils.java:logGet(44)) - raft.server.log.appender.buffer.byte-limit = 33554432 (custom)
2021-08-25 23:20:18,152 [d2e949a9-e5b3-4c4c-92b0-47a0169dba23@group-35E29BAFB5C9-LeaderElection7] INFO  server.RaftServerConfigKeys (ConfUtils.java:logGet(44)) - raft.server.log.appender.buffer.element-limit = 1 (custom)
2021-08-25 23:20:18,152 [d2e949a9-e5b3-4c4c-92b0-47a0169dba23@group-35E29BAFB5C9-LeaderElection7] INFO  grpc.GrpcConfigKeys (ConfUtils.java:logGet(44)) - raft.grpc.server.leader.outstanding.appends.max = 128 (default)
2021-08-25 23:20:18,152 [d2e949a9-e5b3-4c4c-92b0-47a0169dba23@group-35E29BAFB5C9-LeaderElection7] INFO  server.RaftServerConfigKeys (ConfUtils.java:logGet(44)) - raft.server.rpc.request.timeout = 3000ms (default)
2021-08-25 23:20:18,152 [d2e949a9-e5b3-4c4c-92b0-47a0169dba23@group-35E29BAFB5C9-LeaderElection7] INFO  server.RaftServerConfigKeys (ConfUtils.java:logGet(44)) - raft.server.log.appender.install.snapshot.enabled = false (custom)
2021-08-25 23:20:18,153 [d2e949a9-e5b3-4c4c-92b0-47a0169dba23@group-35E29BAFB5C9-LeaderElection7] INFO  impl.RoleInfo (RoleInfo.java:updateAndGet(130)) - d2e949a9-e5b3-4c4c-92b0-47a0169dba23: start d2e949a9-e5b3-4c4c-92b0-47a0169dba23@group-35E29BAFB5C9-LeaderStateImpl
2021-08-25 23:20:18,166 [grpc-default-executor-0] INFO  server.RaftServer$Division (RaftServerImpl.java:requestVote(1043)) - d2e949a9-e5b3-4c4c-92b0-47a0169dba23@group-35E29BAFB5C9: receive requestVote(ELECTION, f3c5edec-fcc1-440f-ba30-167340659c5c, group-35E29BAFB5C9, 2, (t:0, i:0))
2021-08-25 23:20:18,167 [d2e949a9-e5b3-4c4c-92b0-47a0169dba23@group-35E29BAFB5C9-LeaderElection7] INFO  segmented.SegmentedRaftLogWorker (SegmentedRaftLogWorker.java:startLogSegment(394)) - d2e949a9-e5b3-4c4c-92b0-47a0169dba23@group-35E29BAFB5C9-SegmentedRaftLogWorker: Starting segment from index:0
2021-08-25 23:20:18,169 [d2e949a9-e5b3-4c4c-92b0-47a0169dba23@group-35E29BAFB5C9-SegmentedRaftLogWorker] INFO  segmented.SegmentedRaftLogWorker (SegmentedRaftLogWorker.java:execute(601)) - d2e949a9-e5b3-4c4c-92b0-47a0169dba23@group-35E29BAFB5C9-SegmentedRaftLogWorker: created new log segment /home/runner/work/ozone/ozone/hadoop-ozone/integration-test/target/test-dir/MiniOzoneClusterImpl-05b781a4-7df0-48b9-8d73-8dabce68a637/datanode-3/data/ratis/0d03a30e-984d-483d-b770-35e29bafb5c9/current/log_inprogress_0
2021-08-25 23:20:18,172 [grpc-default-executor-1] INFO  server.RaftServer$Division (RaftServerImpl.java:requestVote(1043)) - 55460722-07fd-4e57-847c-29244a947e0a@group-35E29BAFB5C9: receive requestVote(ELECTION, f3c5edec-fcc1-440f-ba30-167340659c5c, group-35E29BAFB5C9, 2, (t:0, i:0))
2021-08-25 23:20:18,172 [grpc-default-executor-1] INFO  impl.VoteContext (VoteContext.java:log(48)) - 55460722-07fd-4e57-847c-29244a947e0a@group-35E29BAFB5C9-FOLLOWER: accept ELECTION from f3c5edec-fcc1-440f-ba30-167340659c5c: our priority 0 <= candidate's priority 0
2021-08-25 23:20:18,173 [grpc-default-executor-1] INFO  server.RaftServer$Division (RaftServerImpl.java:setRole(285)) - 55460722-07fd-4e57-847c-29244a947e0a@group-35E29BAFB5C9: changes role from  FOLLOWER to FOLLOWER at term 2 for candidate:f3c5edec-fcc1-440f-ba30-167340659c5c
2021-08-25 23:20:18,173 [grpc-default-executor-1] INFO  impl.RoleInfo (RoleInfo.java:shutdownFollowerState(108)) - 55460722-07fd-4e57-847c-29244a947e0a: shutdown 55460722-07fd-4e57-847c-29244a947e0a@group-35E29BAFB5C9-FollowerState
2021-08-25 23:20:18,182 [grpc-default-executor-1] INFO  impl.RoleInfo (RoleInfo.java:updateAndGet(130)) - 55460722-07fd-4e57-847c-29244a947e0a: start 55460722-07fd-4e57-847c-29244a947e0a@group-35E29BAFB5C9-FollowerState
2021-08-25 23:20:18,182 [d2e949a9-e5b3-4c4c-92b0-47a0169dba23@group-35E29BAFB5C9-LeaderElection7] INFO  server.RaftServer$Division (ServerState.java:setRaftConf(387)) - d2e949a9-e5b3-4c4c-92b0-47a0169dba23@group-35E29BAFB5C9: set configuration 0: [f3c5edec-fcc1-440f-ba30-167340659c5c|rpc:10.1.0.32:45103|dataStream:|priority:0, d2e949a9-e5b3-4c4c-92b0-47a0169dba23|rpc:10.1.0.32:37449|dataStream:|priority:1, 55460722-07fd-4e57-847c-29244a947e0a|rpc:10.1.0.32:40409|dataStream:|priority:0], old=null
2021-08-25 23:20:18,182 [55460722-07fd-4e57-847c-29244a947e0a@group-35E29BAFB5C9-FollowerState] INFO  impl.FollowerState (FollowerState.java:run(143)) - 55460722-07fd-4e57-847c-29244a947e0a@group-35E29BAFB5C9-FollowerState was interrupted: {}
java.lang.InterruptedException: sleep interrupted
	at java.lang.Thread.sleep(Native Method)
	at java.lang.Thread.sleep(Thread.java:340)
	at java.util.concurrent.TimeUnit.sleep(TimeUnit.java:386)
	at org.apache.ratis.util.TimeDuration.sleep(TimeDuration.java:324)
	at org.apache.ratis.util.TimeDuration.sleep(TimeDuration.java:309)
	at org.apache.ratis.server.impl.FollowerState.run(FollowerState.java:118)
2021-08-25 23:20:18,184 [grpc-default-executor-1] INFO  server.RaftServer$Division (RaftServerImpl.java:requestVote(1075)) - 55460722-07fd-4e57-847c-29244a947e0a@group-35E29BAFB5C9 replies to ELECTION vote request: f3c5edec-fcc1-440f-ba30-167340659c5c<-55460722-07fd-4e57-847c-29244a947e0a#0:OK-t2. Peer's state: 55460722-07fd-4e57-847c-29244a947e0a@group-35E29BAFB5C9:t2, leader=null, voted=f3c5edec-fcc1-440f-ba30-167340659c5c, raftlog=55460722-07fd-4e57-847c-29244a947e0a@group-35E29BAFB5C9-SegmentedRaftLog:OPENED:c-1,f-1,i0, conf=-1: [f3c5edec-fcc1-440f-ba30-167340659c5c|rpc:10.1.0.32:45103|dataStream:|priority:0, d2e949a9-e5b3-4c4c-92b0-47a0169dba23|rpc:10.1.0.32:37449|dataStream:|priority:1, 55460722-07fd-4e57-847c-29244a947e0a|rpc:10.1.0.32:40409|dataStream:|priority:0], old=null
2021-08-25 23:20:18,217 [grpc-default-executor-0] INFO  impl.VoteContext (VoteContext.java:log(48)) - d2e949a9-e5b3-4c4c-92b0-47a0169dba23@group-35E29BAFB5C9-LEADER: reject ELECTION from f3c5edec-fcc1-440f-ba30-167340659c5c: our last entry (t:1, i:0) > candidate's last entry (t:0, i:0)
2021-08-25 23:20:18,217 [grpc-default-executor-0] INFO  server.RaftServer$Division (ServerState.java:setLeader(285)) - d2e949a9-e5b3-4c4c-92b0-47a0169dba23@group-35E29BAFB5C9: change Leader from d2e949a9-e5b3-4c4c-92b0-47a0169dba23 to null at term 2 for updateCurrentTerm
2021-08-25 23:20:18,217 [grpc-default-executor-0] INFO  server.RaftServer$Division (RaftServerImpl.java:setRole(285)) - d2e949a9-e5b3-4c4c-92b0-47a0169dba23@group-35E29BAFB5C9: changes role from    LEADER to FOLLOWER at term 2 for candidate:f3c5edec-fcc1-440f-ba30-167340659c5c
2021-08-25 23:20:18,217 [grpc-default-executor-0] INFO  impl.RoleInfo (RoleInfo.java:shutdownLeaderState(91)) - d2e949a9-e5b3-4c4c-92b0-47a0169dba23: shutdown d2e949a9-e5b3-4c4c-92b0-47a0169dba23@group-35E29BAFB5C9-LeaderStateImpl
2021-08-25 23:20:18,219 [grpc-default-executor-0] INFO  impl.PendingRequests (PendingRequests.java:sendNotLeaderResponses(282)) - d2e949a9-e5b3-4c4c-92b0-47a0169dba23@group-35E29BAFB5C9-PendingRequests: sendNotLeaderResponses
2021-08-25 23:20:18,219 [d2e949a9-e5b3-4c4c-92b0-47a0169dba23@group-35E29BAFB5C9->f3c5edec-fcc1-440f-ba30-167340659c5c-GrpcLogAppender-LogAppenderDaemon] WARN  server.GrpcLogAppender (GrpcLogAppender.java:mayWait(175)) - d2e949a9-e5b3-4c4c-92b0-47a0169dba23@group-35E29BAFB5C9->f3c5edec-fcc1-440f-ba30-167340659c5c-GrpcLogAppender: Wait interrupted by java.lang.InterruptedException
2021-08-25 23:20:18,219 [d2e949a9-e5b3-4c4c-92b0-47a0169dba23@group-35E29BAFB5C9->55460722-07fd-4e57-847c-29244a947e0a-GrpcLogAppender-LogAppenderDaemon] WARN  server.GrpcLogAppender (GrpcLogAppender.java:mayWait(175)) - d2e949a9-e5b3-4c4c-92b0-47a0169dba23@group-35E29BAFB5C9->55460722-07fd-4e57-847c-29244a947e0a-GrpcLogAppender: Wait interrupted by java.lang.InterruptedException
2021-08-25 23:20:18,220 [grpc-default-executor-0] INFO  impl.RoleInfo (RoleInfo.java:updateAndGet(130)) - d2e949a9-e5b3-4c4c-92b0-47a0169dba23: start d2e949a9-e5b3-4c4c-92b0-47a0169dba23@group-35E29BAFB5C9-FollowerState
2021-08-25 23:20:18,230 [grpc-default-executor-3] INFO  server.GrpcServerProtocolService (GrpcServerProtocolService.java:onCompleted(140)) - f3c5edec-fcc1-440f-ba30-167340659c5c: Completed APPEND_ENTRIES, lastRequest: d2e949a9-e5b3-4c4c-92b0-47a0169dba23->f3c5edec-fcc1-440f-ba30-167340659c5c#1-t1,previous=(t:0, i:0),leaderCommit=0,initializing? true,entries: size=1, first=(t:1, i:0), CONFIGURATIONENTRY
2021-08-25 23:20:18,233 [grpc-default-executor-0] INFO  server.RaftServer$Division (RaftServerImpl.java:requestVote(1075)) - d2e949a9-e5b3-4c4c-92b0-47a0169dba23@group-35E29BAFB5C9 replies to ELECTION vote request: f3c5edec-fcc1-440f-ba30-167340659c5c<-d2e949a9-e5b3-4c4c-92b0-47a0169dba23#0:FAIL-t2. Peer's state: d2e949a9-e5b3-4c4c-92b0-47a0169dba23@group-35E29BAFB5C9:t2, leader=null, voted=null, raftlog=d2e949a9-e5b3-4c4c-92b0-47a0169dba23@group-35E29BAFB5C9-SegmentedRaftLog:OPENED:c0,f0,i0, conf=0: [f3c5edec-fcc1-440f-ba30-167340659c5c|rpc:10.1.0.32:45103|dataStream:|priority:0, d2e949a9-e5b3-4c4c-92b0-47a0169dba23|rpc:10.1.0.32:37449|dataStream:|priority:1, 55460722-07fd-4e57-847c-29244a947e0a|rpc:10.1.0.32:40409|dataStream:|priority:0], old=null
2021-08-25 23:20:18,234 [f3c5edec-fcc1-440f-ba30-167340659c5c@group-35E29BAFB5C9-LeaderElection8] INFO  impl.LeaderElection (LeaderElection.java:logAndReturn(89)) - f3c5edec-fcc1-440f-ba30-167340659c5c@group-35E29BAFB5C9-LeaderElection8: ELECTION REJECTED received 2 response(s) and 0 exception(s):
2021-08-25 23:20:18,234 [f3c5edec-fcc1-440f-ba30-167340659c5c@group-35E29BAFB5C9-LeaderElection8] INFO  impl.LeaderElection (LeaderElection.java:logAndReturn(93)) -   Response 0: f3c5edec-fcc1-440f-ba30-167340659c5c<-d2e949a9-e5b3-4c4c-92b0-47a0169dba23#0:FAIL-t2
2021-08-25 23:20:18,234 [f3c5edec-fcc1-440f-ba30-167340659c5c@group-35E29BAFB5C9-LeaderElection8] INFO  impl.LeaderElection (LeaderElection.java:logAndReturn(93)) -   Response 1: f3c5edec-fcc1-440f-ba30-167340659c5c<-55460722-07fd-4e57-847c-29244a947e0a#0:OK-t2
2021-08-25 23:20:18,234 [f3c5edec-fcc1-440f-ba30-167340659c5c@group-35E29BAFB5C9-LeaderElection8] INFO  impl.LeaderElection (LeaderElection.java:askForVotes(308)) - f3c5edec-fcc1-440f-ba30-167340659c5c@group-35E29BAFB5C9-LeaderElection8 ELECTION round 0: result REJECTED
2021-08-25 23:20:18,234 [f3c5edec-fcc1-440f-ba30-167340659c5c@group-35E29BAFB5C9-LeaderElection8] INFO  server.RaftServer$Division (RaftServerImpl.java:setRole(285)) - f3c5edec-fcc1-440f-ba30-167340659c5c@group-35E29BAFB5C9: changes role from CANDIDATE to FOLLOWER at term 2 for REJECTED
2021-08-25 23:20:18,234 [f3c5edec-fcc1-440f-ba30-167340659c5c@group-35E29BAFB5C9-LeaderElection8] INFO  impl.RoleInfo (RoleInfo.java:shutdownLeaderElection(121)) - f3c5edec-fcc1-440f-ba30-167340659c5c: shutdown f3c5edec-fcc1-440f-ba30-167340659c5c@group-35E29BAFB5C9-LeaderElection8
2021-08-25 23:20:18,235 [f3c5edec-fcc1-440f-ba30-167340659c5c@group-35E29BAFB5C9-LeaderElection8] INFO  impl.RoleInfo (RoleInfo.java:updateAndGet(130)) - f3c5edec-fcc1-440f-ba30-167340659c5c: start f3c5edec-fcc1-440f-ba30-167340659c5c@group-35E29BAFB5C9-FollowerState
2021-08-25 23:20:18,235 [grpc-default-executor-1] INFO  server.GrpcLogAppender (GrpcLogAppender.java:onCompleted(344)) - d2e949a9-e5b3-4c4c-92b0-47a0169dba23@group-35E29BAFB5C9->f3c5edec-fcc1-440f-ba30-167340659c5c-AppendLogResponseHandler: follower responses appendEntries COMPLETED
2021-08-25 23:20:18,240 [grpc-default-executor-1] INFO  leader.FollowerInfo (FollowerInfoImpl.java:lambda$new$0(46)) - d2e949a9-e5b3-4c4c-92b0-47a0169dba23@group-35E29BAFB5C9->f3c5edec-fcc1-440f-ba30-167340659c5c: nextIndex: updateUnconditionally 1 -> 0
2021-08-25 23:20:18,233 [grpc-default-executor-4] INFO  server.GrpcServerProtocolService (GrpcServerProtocolService.java:onCompleted(140)) - 55460722-07fd-4e57-847c-29244a947e0a: Completed APPEND_ENTRIES, lastRequest: d2e949a9-e5b3-4c4c-92b0-47a0169dba23->55460722-07fd-4e57-847c-29244a947e0a#1-t1,previous=(t:0, i:0),leaderCommit=0,initializing? true,entries: size=1, first=(t:1, i:0), CONFIGURATIONENTRY
2021-08-25 23:20:18,241 [grpc-default-executor-1] INFO  server.GrpcLogAppender (GrpcLogAppender.java:onCompleted(344)) - d2e949a9-e5b3-4c4c-92b0-47a0169dba23@group-35E29BAFB5C9->55460722-07fd-4e57-847c-29244a947e0a-AppendLogResponseHandler: follower responses appendEntries COMPLETED
2021-08-25 23:20:18,241 [grpc-default-executor-1] INFO  leader.FollowerInfo (FollowerInfoImpl.java:lambda$new$0(46)) - d2e949a9-e5b3-4c4c-92b0-47a0169dba23@group-35E29BAFB5C9->55460722-07fd-4e57-847c-29244a947e0a: nextIndex: updateUnconditionally 1 -> 0
2021-08-25 23:20:18,291 [55460722-07fd-4e57-847c-29244a947e0a@group-D975E08D8EF0-FollowerState] INFO  impl.FollowerState (FollowerState.java:run(134)) - 55460722-07fd-4e57-847c-29244a947e0a@group-D975E08D8EF0-FollowerState: change to CANDIDATE, lastRpcElapsedTime:5148937378ns, electionTimeout:5138ms
2021-08-25 23:20:18,292 [55460722-07fd-4e57-847c-29244a947e0a@group-D975E08D8EF0-FollowerState] INFO  impl.RoleInfo (RoleInfo.java:shutdownFollowerState(108)) - 55460722-07fd-4e57-847c-29244a947e0a: shutdown 55460722-07fd-4e57-847c-29244a947e0a@group-D975E08D8EF0-FollowerState
2021-08-25 23:20:18,292 [55460722-07fd-4e57-847c-29244a947e0a@group-D975E08D8EF0-FollowerState] INFO  server.RaftServer$Division (RaftServerImpl.java:setRole(285)) - 55460722-07fd-4e57-847c-29244a947e0a@group-D975E08D8EF0: changes role from  FOLLOWER to CANDIDATE at term 0 for changeToCandidate
2021-08-25 23:20:18,292 [55460722-07fd-4e57-847c-29244a947e0a@group-D975E08D8EF0-FollowerState] INFO  server.RaftServerConfigKeys (ConfUtils.java:logGet(44)) - raft.server.leaderelection.pre-vote = false (custom)
2021-08-25 23:20:18,292 [55460722-07fd-4e57-847c-29244a947e0a@group-D975E08D8EF0-FollowerState] INFO  impl.RoleInfo (RoleInfo.java:updateAndGet(130)) - 55460722-07fd-4e57-847c-29244a947e0a: start 55460722-07fd-4e57-847c-29244a947e0a@group-D975E08D8EF0-LeaderElection10
2021-08-25 23:20:18,295 [55460722-07fd-4e57-847c-29244a947e0a@group-D975E08D8EF0-LeaderElection10] INFO  impl.LeaderElection (LeaderElection.java:askForVotes(306)) - 55460722-07fd-4e57-847c-29244a947e0a@group-D975E08D8EF0-LeaderElection10 ELECTION round 0: submit vote requests at term 1 for -1: [55460722-07fd-4e57-847c-29244a947e0a|rpc:10.1.0.32:40409|priority:1], old=null
2021-08-25 23:20:18,295 [55460722-07fd-4e57-847c-29244a947e0a@group-D975E08D8EF0-LeaderElection10] INFO  impl.LeaderElection (LeaderElection.java:askForVotes(308)) - 55460722-07fd-4e57-847c-29244a947e0a@group-D975E08D8EF0-LeaderElection10 ELECTION round 0: result PASSED (term=1)
2021-08-25 23:20:18,295 [55460722-07fd-4e57-847c-29244a947e0a@group-D975E08D8EF0-LeaderElection10] INFO  impl.RoleInfo (RoleInfo.java:shutdownLeaderElection(121)) - 55460722-07fd-4e57-847c-29244a947e0a: shutdown 55460722-07fd-4e57-847c-29244a947e0a@group-D975E08D8EF0-LeaderElection10
2021-08-25 23:20:18,295 [55460722-07fd-4e57-847c-29244a947e0a@group-D975E08D8EF0-LeaderElection10] INFO  server.RaftServer$Division (RaftServerImpl.java:setRole(285)) - 55460722-07fd-4e57-847c-29244a947e0a@group-D975E08D8EF0: changes role from CANDIDATE to LEADER at term 1 for changeToLeader
2021-08-25 23:20:18,295 [55460722-07fd-4e57-847c-29244a947e0a@group-D975E08D8EF0-LeaderElection10] INFO  ratis.XceiverServerRatis (XceiverServerRatis.java:handleLeaderChangedNotification(861)) - Leader change notification received for group: group-D975E08D8EF0 with new leaderId: 55460722-07fd-4e57-847c-29244a947e0a
2021-08-25 23:20:18,296 [55460722-07fd-4e57-847c-29244a947e0a@group-D975E08D8EF0-LeaderElection10] INFO  server.RaftServer$Division (ServerState.java:setLeader(285)) - 55460722-07fd-4e57-847c-29244a947e0a@group-D975E08D8EF0: change Leader from null to 55460722-07fd-4e57-847c-29244a947e0a at term 1 for becomeLeader, leader elected after 5160ms
2021-08-25 23:20:18,296 [55460722-07fd-4e57-847c-29244a947e0a@group-D975E08D8EF0-LeaderElection10] INFO  server.RaftServerConfigKeys (ConfUtils.java:logGet(44)) - raft.server.staging.catchup.gap = 1000 (default)
2021-08-25 23:20:18,296 [Datanode State Machine Thread - 0] WARN  statemachine.StateContext (StateContext.java:execute(621)) - No available thread in pool for past 1 seconds.
2021-08-25 23:20:18,300 [55460722-07fd-4e57-847c-29244a947e0a@group-D975E08D8EF0-LeaderElection10] INFO  server.RaftServerConfigKeys (ConfUtils.java:logGet(44)) - raft.server.write.element-limit = 1024 (custom)
2021-08-25 23:20:18,300 [55460722-07fd-4e57-847c-29244a947e0a@group-D975E08D8EF0-LeaderElection10] INFO  server.RaftServerConfigKeys (ConfUtils.java:logGet(44)) - raft.server.write.byte-limit = 1024 M (=1073741824) (custom)
2021-08-25 23:20:18,301 [55460722-07fd-4e57-847c-29244a947e0a@group-D975E08D8EF0-LeaderElection10] INFO  server.RaftServerConfigKeys (ConfUtils.java:logGet(44)) - raft.server.watch.timeout = 3000ms (custom)
2021-08-25 23:20:18,301 [55460722-07fd-4e57-847c-29244a947e0a@group-D975E08D8EF0-LeaderElection10] INFO  server.RaftServerConfigKeys (ConfUtils.java:logGet(44)) - raft.server.watch.timeout.denomination = 1s (default)
2021-08-25 23:20:18,301 [55460722-07fd-4e57-847c-29244a947e0a@group-D975E08D8EF0-LeaderElection10] INFO  server.RaftServerConfigKeys (ConfUtils.java:logGet(44)) - raft.server.watch.element-limit = 65536 (default)
2021-08-25 23:20:18,301 [55460722-07fd-4e57-847c-29244a947e0a@group-D975E08D8EF0-LeaderElection10] INFO  impl.RoleInfo (RoleInfo.java:updateAndGet(130)) - 55460722-07fd-4e57-847c-29244a947e0a: start 55460722-07fd-4e57-847c-29244a947e0a@group-D975E08D8EF0-LeaderStateImpl
2021-08-25 23:20:18,301 [55460722-07fd-4e57-847c-29244a947e0a@group-D975E08D8EF0-LeaderElection10] INFO  segmented.SegmentedRaftLogWorker (SegmentedRaftLogWorker.java:startLogSegment(394)) - 55460722-07fd-4e57-847c-29244a947e0a@group-D975E08D8EF0-SegmentedRaftLogWorker: Starting segment from index:0
2021-08-25 23:20:18,303 [55460722-07fd-4e57-847c-29244a947e0a@group-D975E08D8EF0-SegmentedRaftLogWorker] INFO  segmented.SegmentedRaftLogWorker (SegmentedRaftLogWorker.java:execute(601)) - 55460722-07fd-4e57-847c-29244a947e0a@group-D975E08D8EF0-SegmentedRaftLogWorker: created new log segment /home/runner/work/ozone/ozone/hadoop-ozone/integration-test/target/test-dir/MiniOzoneClusterImpl-05b781a4-7df0-48b9-8d73-8dabce68a637/datanode-4/data/ratis/a08f549b-4053-449d-b408-d975e08d8ef0/current/log_inprogress_0
2021-08-25 23:20:18,310 [55460722-07fd-4e57-847c-29244a947e0a@group-D975E08D8EF0-LeaderElection10] INFO  server.RaftServer$Division (ServerState.java:setRaftConf(387)) - 55460722-07fd-4e57-847c-29244a947e0a@group-D975E08D8EF0: set configuration 0: [55460722-07fd-4e57-847c-29244a947e0a|rpc:10.1.0.32:40409|dataStream:|priority:1], old=null
2021-08-25 23:20:18,354 [f3c5edec-fcc1-440f-ba30-167340659c5c@group-970C7929BED2-FollowerState] INFO  impl.FollowerState (FollowerState.java:run(134)) - f3c5edec-fcc1-440f-ba30-167340659c5c@group-970C7929BED2-FollowerState: change to CANDIDATE, lastRpcElapsedTime:5020898559ns, electionTimeout:5020ms
2021-08-25 23:20:18,354 [f3c5edec-fcc1-440f-ba30-167340659c5c@group-970C7929BED2-FollowerState] INFO  impl.RoleInfo (RoleInfo.java:shutdownFollowerState(108)) - f3c5edec-fcc1-440f-ba30-167340659c5c: shutdown f3c5edec-fcc1-440f-ba30-167340659c5c@group-970C7929BED2-FollowerState
2021-08-25 23:20:18,354 [f3c5edec-fcc1-440f-ba30-167340659c5c@group-970C7929BED2-FollowerState] INFO  server.RaftServer$Division (RaftServerImpl.java:setRole(285)) - f3c5edec-fcc1-440f-ba30-167340659c5c@group-970C7929BED2: changes role from  FOLLOWER to CANDIDATE at term 0 for changeToCandidate
2021-08-25 23:20:18,355 [f3c5edec-fcc1-440f-ba30-167340659c5c@group-970C7929BED2-FollowerState] INFO  server.RaftServerConfigKeys (ConfUtils.java:logGet(44)) - raft.server.leaderelection.pre-vote = false (custom)
2021-08-25 23:20:18,355 [f3c5edec-fcc1-440f-ba30-167340659c5c@group-970C7929BED2-FollowerState] INFO  impl.RoleInfo (RoleInfo.java:updateAndGet(130)) - f3c5edec-fcc1-440f-ba30-167340659c5c: start f3c5edec-fcc1-440f-ba30-167340659c5c@group-970C7929BED2-LeaderElection11
2021-08-25 23:20:18,358 [f3c5edec-fcc1-440f-ba30-167340659c5c@group-970C7929BED2-LeaderElection11] INFO  impl.LeaderElection (LeaderElection.java:askForVotes(306)) - f3c5edec-fcc1-440f-ba30-167340659c5c@group-970C7929BED2-LeaderElection11 ELECTION round 0: submit vote requests at term 1 for -1: [f3c5edec-fcc1-440f-ba30-167340659c5c|rpc:10.1.0.32:45103|priority:1], old=null
2021-08-25 23:20:18,358 [f3c5edec-fcc1-440f-ba30-167340659c5c@group-970C7929BED2-LeaderElection11] INFO  impl.LeaderElection (LeaderElection.java:askForVotes(308)) - f3c5edec-fcc1-440f-ba30-167340659c5c@group-970C7929BED2-LeaderElection11 ELECTION round 0: result PASSED (term=1)
2021-08-25 23:20:18,358 [f3c5edec-fcc1-440f-ba30-167340659c5c@group-970C7929BED2-LeaderElection11] INFO  impl.RoleInfo (RoleInfo.java:shutdownLeaderElection(121)) - f3c5edec-fcc1-440f-ba30-167340659c5c: shutdown f3c5edec-fcc1-440f-ba30-167340659c5c@group-970C7929BED2-LeaderElection11
2021-08-25 23:20:18,358 [f3c5edec-fcc1-440f-ba30-167340659c5c@group-970C7929BED2-LeaderElection11] INFO  server.RaftServer$Division (RaftServerImpl.java:setRole(285)) - f3c5edec-fcc1-440f-ba30-167340659c5c@group-970C7929BED2: changes role from CANDIDATE to LEADER at term 1 for changeToLeader
2021-08-25 23:20:18,358 [f3c5edec-fcc1-440f-ba30-167340659c5c@group-970C7929BED2-LeaderElection11] INFO  ratis.XceiverServerRatis (XceiverServerRatis.java:handleLeaderChangedNotification(861)) - Leader change notification received for group: group-970C7929BED2 with new leaderId: f3c5edec-fcc1-440f-ba30-167340659c5c
2021-08-25 23:20:18,358 [f3c5edec-fcc1-440f-ba30-167340659c5c@group-970C7929BED2-LeaderElection11] INFO  server.RaftServer$Division (ServerState.java:setLeader(285)) - f3c5edec-fcc1-440f-ba30-167340659c5c@group-970C7929BED2: change Leader from null to f3c5edec-fcc1-440f-ba30-167340659c5c at term 1 for becomeLeader, leader elected after 5032ms
2021-08-25 23:20:18,358 [f3c5edec-fcc1-440f-ba30-167340659c5c@group-970C7929BED2-LeaderElection11] INFO  server.RaftServerConfigKeys (ConfUtils.java:logGet(44)) - raft.server.staging.catchup.gap = 1000 (default)
2021-08-25 23:20:18,359 [f3c5edec-fcc1-440f-ba30-167340659c5c@group-970C7929BED2-LeaderElection11] INFO  server.RaftServerConfigKeys (ConfUtils.java:logGet(44)) - raft.server.write.element-limit = 1024 (custom)
2021-08-25 23:20:18,360 [f3c5edec-fcc1-440f-ba30-167340659c5c@group-970C7929BED2-LeaderElection11] INFO  server.RaftServerConfigKeys (ConfUtils.java:logGet(44)) - raft.server.write.byte-limit = 1024 M (=1073741824) (custom)
2021-08-25 23:20:18,360 [f3c5edec-fcc1-440f-ba30-167340659c5c@group-970C7929BED2-LeaderElection11] INFO  server.RaftServerConfigKeys (ConfUtils.java:logGet(44)) - raft.server.watch.timeout = 3000ms (custom)
2021-08-25 23:20:18,360 [f3c5edec-fcc1-440f-ba30-167340659c5c@group-970C7929BED2-LeaderElection11] INFO  server.RaftServerConfigKeys (ConfUtils.java:logGet(44)) - raft.server.watch.timeout.denomination = 1s (default)
2021-08-25 23:20:18,360 [f3c5edec-fcc1-440f-ba30-167340659c5c@group-970C7929BED2-LeaderElection11] INFO  server.RaftServerConfigKeys (ConfUtils.java:logGet(44)) - raft.server.watch.element-limit = 65536 (default)
2021-08-25 23:20:18,360 [f3c5edec-fcc1-440f-ba30-167340659c5c@group-970C7929BED2-LeaderElection11] INFO  impl.RoleInfo (RoleInfo.java:updateAndGet(130)) - f3c5edec-fcc1-440f-ba30-167340659c5c: start f3c5edec-fcc1-440f-ba30-167340659c5c@group-970C7929BED2-LeaderStateImpl
2021-08-25 23:20:18,361 [f3c5edec-fcc1-440f-ba30-167340659c5c@group-970C7929BED2-LeaderElection11] INFO  segmented.SegmentedRaftLogWorker (SegmentedRaftLogWorker.java:startLogSegment(394)) - f3c5edec-fcc1-440f-ba30-167340659c5c@group-970C7929BED2-SegmentedRaftLogWorker: Starting segment from index:0
2021-08-25 23:20:18,362 [f3c5edec-fcc1-440f-ba30-167340659c5c@group-970C7929BED2-SegmentedRaftLogWorker] INFO  segmented.SegmentedRaftLogWorker (SegmentedRaftLogWorker.java:execute(601)) - f3c5edec-fcc1-440f-ba30-167340659c5c@group-970C7929BED2-SegmentedRaftLogWorker: created new log segment /home/runner/work/ozone/ozone/hadoop-ozone/integration-test/target/test-dir/MiniOzoneClusterImpl-05b781a4-7df0-48b9-8d73-8dabce68a637/datanode-5/data/ratis/e9796aa1-dbd9-43ab-bad6-970c7929bed2/current/log_inprogress_0
2021-08-25 23:20:18,363 [f3c5edec-fcc1-440f-ba30-167340659c5c@group-970C7929BED2-LeaderElection11] INFO  server.RaftServer$Division (ServerState.java:setRaftConf(387)) - f3c5edec-fcc1-440f-ba30-167340659c5c@group-970C7929BED2: set configuration 0: [f3c5edec-fcc1-440f-ba30-167340659c5c|rpc:10.1.0.32:45103|dataStream:|priority:1], old=null
2021-08-25 23:20:18,623 [e56ee20f-9a03-437e-8d1d-8d6614c978b9@group-416AA078E38F-FollowerState] INFO  impl.FollowerState (FollowerState.java:run(134)) - e56ee20f-9a03-437e-8d1d-8d6614c978b9@group-416AA078E38F-FollowerState: change to CANDIDATE, lastRpcElapsedTime:5098559900ns, electionTimeout:5098ms
2021-08-25 23:20:18,623 [e56ee20f-9a03-437e-8d1d-8d6614c978b9@group-416AA078E38F-FollowerState] INFO  impl.RoleInfo (RoleInfo.java:shutdownFollowerState(108)) - e56ee20f-9a03-437e-8d1d-8d6614c978b9: shutdown e56ee20f-9a03-437e-8d1d-8d6614c978b9@group-416AA078E38F-FollowerState
2021-08-25 23:20:18,623 [e56ee20f-9a03-437e-8d1d-8d6614c978b9@group-416AA078E38F-FollowerState] INFO  server.RaftServer$Division (RaftServerImpl.java:setRole(285)) - e56ee20f-9a03-437e-8d1d-8d6614c978b9@group-416AA078E38F: changes role from  FOLLOWER to CANDIDATE at term 0 for changeToCandidate
2021-08-25 23:20:18,624 [e56ee20f-9a03-437e-8d1d-8d6614c978b9@group-416AA078E38F-FollowerState] INFO  server.RaftServerConfigKeys (ConfUtils.java:logGet(44)) - raft.server.leaderelection.pre-vote = false (custom)
2021-08-25 23:20:18,624 [e56ee20f-9a03-437e-8d1d-8d6614c978b9@group-416AA078E38F-FollowerState] INFO  impl.RoleInfo (RoleInfo.java:updateAndGet(130)) - e56ee20f-9a03-437e-8d1d-8d6614c978b9: start e56ee20f-9a03-437e-8d1d-8d6614c978b9@group-416AA078E38F-LeaderElection12
2021-08-25 23:20:18,630 [e56ee20f-9a03-437e-8d1d-8d6614c978b9@group-416AA078E38F-LeaderElection12] INFO  impl.LeaderElection (LeaderElection.java:askForVotes(306)) - e56ee20f-9a03-437e-8d1d-8d6614c978b9@group-416AA078E38F-LeaderElection12 ELECTION round 0: submit vote requests at term 1 for -1: [e56ee20f-9a03-437e-8d1d-8d6614c978b9|rpc:10.1.0.32:35337|priority:1], old=null
2021-08-25 23:20:18,631 [e56ee20f-9a03-437e-8d1d-8d6614c978b9@group-416AA078E38F-LeaderElection12] INFO  impl.LeaderElection (LeaderElection.java:askForVotes(308)) - e56ee20f-9a03-437e-8d1d-8d6614c978b9@group-416AA078E38F-LeaderElection12 ELECTION round 0: result PASSED (term=1)
2021-08-25 23:20:18,631 [e56ee20f-9a03-437e-8d1d-8d6614c978b9@group-416AA078E38F-LeaderElection12] INFO  impl.RoleInfo (RoleInfo.java:shutdownLeaderElection(121)) - e56ee20f-9a03-437e-8d1d-8d6614c978b9: shutdown e56ee20f-9a03-437e-8d1d-8d6614c978b9@group-416AA078E38F-LeaderElection12
2021-08-25 23:20:18,631 [e56ee20f-9a03-437e-8d1d-8d6614c978b9@group-416AA078E38F-LeaderElection12] INFO  server.RaftServer$Division (RaftServerImpl.java:setRole(285)) - e56ee20f-9a03-437e-8d1d-8d6614c978b9@group-416AA078E38F: changes role from CANDIDATE to LEADER at term 1 for changeToLeader
2021-08-25 23:20:18,631 [e56ee20f-9a03-437e-8d1d-8d6614c978b9@group-416AA078E38F-LeaderElection12] INFO  ratis.XceiverServerRatis (XceiverServerRatis.java:handleLeaderChangedNotification(861)) - Leader change notification received for group: group-416AA078E38F with new leaderId: e56ee20f-9a03-437e-8d1d-8d6614c978b9
2021-08-25 23:20:18,631 [e56ee20f-9a03-437e-8d1d-8d6614c978b9@group-416AA078E38F-LeaderElection12] INFO  server.RaftServer$Division (ServerState.java:setLeader(285)) - e56ee20f-9a03-437e-8d1d-8d6614c978b9@group-416AA078E38F: change Leader from null to e56ee20f-9a03-437e-8d1d-8d6614c978b9 at term 1 for becomeLeader, leader elected after 5113ms
2021-08-25 23:20:18,631 [e56ee20f-9a03-437e-8d1d-8d6614c978b9@group-416AA078E38F-LeaderElection12] INFO  server.RaftServerConfigKeys (ConfUtils.java:logGet(44)) - raft.server.staging.catchup.gap = 1000 (default)
2021-08-25 23:20:18,631 [e56ee20f-9a03-437e-8d1d-8d6614c978b9@group-416AA078E38F-LeaderElection12] INFO  server.RaftServerConfigKeys (ConfUtils.java:logGet(44)) - raft.server.write.element-limit = 1024 (custom)
2021-08-25 23:20:18,631 [e56ee20f-9a03-437e-8d1d-8d6614c978b9@group-416AA078E38F-LeaderElection12] INFO  server.RaftServerConfigKeys (ConfUtils.java:logGet(44)) - raft.server.write.byte-limit = 1024 M (=1073741824) (custom)
2021-08-25 23:20:18,632 [e56ee20f-9a03-437e-8d1d-8d6614c978b9@group-416AA078E38F-LeaderElection12] INFO  server.RaftServerConfigKeys (ConfUtils.java:logGet(44)) - raft.server.watch.timeout = 3000ms (custom)
2021-08-25 23:20:18,632 [e56ee20f-9a03-437e-8d1d-8d6614c978b9@group-416AA078E38F-LeaderElection12] INFO  server.RaftServerConfigKeys (ConfUtils.java:logGet(44)) - raft.server.watch.timeout.denomination = 1s (default)
2021-08-25 23:20:18,632 [e56ee20f-9a03-437e-8d1d-8d6614c978b9@group-416AA078E38F-LeaderElection12] INFO  server.RaftServerConfigKeys (ConfUtils.java:logGet(44)) - raft.server.watch.element-limit = 65536 (default)
2021-08-25 23:20:18,632 [e56ee20f-9a03-437e-8d1d-8d6614c978b9@group-416AA078E38F-LeaderElection12] INFO  impl.RoleInfo (RoleInfo.java:updateAndGet(130)) - e56ee20f-9a03-437e-8d1d-8d6614c978b9: start e56ee20f-9a03-437e-8d1d-8d6614c978b9@group-416AA078E38F-LeaderStateImpl
2021-08-25 23:20:18,632 [e56ee20f-9a03-437e-8d1d-8d6614c978b9@group-416AA078E38F-LeaderElection12] INFO  segmented.SegmentedRaftLogWorker (SegmentedRaftLogWorker.java:startLogSegment(394)) - e56ee20f-9a03-437e-8d1d-8d6614c978b9@group-416AA078E38F-SegmentedRaftLogWorker: Starting segment from index:0
2021-08-25 23:20:18,638 [e56ee20f-9a03-437e-8d1d-8d6614c978b9@group-416AA078E38F-LeaderElection12] INFO  server.RaftServer$Division (ServerState.java:setRaftConf(387)) - e56ee20f-9a03-437e-8d1d-8d6614c978b9@group-416AA078E38F: set configuration 0: [e56ee20f-9a03-437e-8d1d-8d6614c978b9|rpc:10.1.0.32:35337|dataStream:|priority:1], old=null
2021-08-25 23:20:18,638 [e56ee20f-9a03-437e-8d1d-8d6614c978b9@group-416AA078E38F-SegmentedRaftLogWorker] INFO  segmented.SegmentedRaftLogWorker (SegmentedRaftLogWorker.java:execute(601)) - e56ee20f-9a03-437e-8d1d-8d6614c978b9@group-416AA078E38F-SegmentedRaftLogWorker: created new log segment /home/runner/work/ozone/ozone/hadoop-ozone/integration-test/target/test-dir/MiniOzoneClusterImpl-05b781a4-7df0-48b9-8d73-8dabce68a637/datanode-6/data/ratis/65f77d9c-e1aa-4389-88a0-416aa078e38f/current/log_inprogress_0
2021-08-25 23:20:18,653 [02c65f58-31b6-441b-a599-132cd2d8b363@group-85F725802A99-FollowerState] INFO  impl.FollowerState (FollowerState.java:run(134)) - 02c65f58-31b6-441b-a599-132cd2d8b363@group-85F725802A99-FollowerState: change to CANDIDATE, lastRpcElapsedTime:5069566911ns, electionTimeout:5069ms
2021-08-25 23:20:18,653 [02c65f58-31b6-441b-a599-132cd2d8b363@group-85F725802A99-FollowerState] INFO  impl.RoleInfo (RoleInfo.java:shutdownFollowerState(108)) - 02c65f58-31b6-441b-a599-132cd2d8b363: shutdown 02c65f58-31b6-441b-a599-132cd2d8b363@group-85F725802A99-FollowerState
2021-08-25 23:20:18,653 [02c65f58-31b6-441b-a599-132cd2d8b363@group-85F725802A99-FollowerState] INFO  server.RaftServer$Division (RaftServerImpl.java:setRole(285)) - 02c65f58-31b6-441b-a599-132cd2d8b363@group-85F725802A99: changes role from  FOLLOWER to CANDIDATE at term 0 for changeToCandidate
2021-08-25 23:20:18,653 [02c65f58-31b6-441b-a599-132cd2d8b363@group-85F725802A99-FollowerState] INFO  server.RaftServerConfigKeys (ConfUtils.java:logGet(44)) - raft.server.leaderelection.pre-vote = false (custom)
2021-08-25 23:20:18,654 [02c65f58-31b6-441b-a599-132cd2d8b363@group-85F725802A99-FollowerState] INFO  impl.RoleInfo (RoleInfo.java:updateAndGet(130)) - 02c65f58-31b6-441b-a599-132cd2d8b363: start 02c65f58-31b6-441b-a599-132cd2d8b363@group-85F725802A99-LeaderElection13
2021-08-25 23:20:18,656 [02c65f58-31b6-441b-a599-132cd2d8b363@group-85F725802A99-LeaderElection13] INFO  impl.LeaderElection (LeaderElection.java:askForVotes(306)) - 02c65f58-31b6-441b-a599-132cd2d8b363@group-85F725802A99-LeaderElection13 ELECTION round 0: submit vote requests at term 1 for -1: [4553ea2b-b05c-4809-ad97-5bb271da1b92|rpc:10.1.0.32:36113|dataStream:|priority:1, 02c65f58-31b6-441b-a599-132cd2d8b363|rpc:10.1.0.32:34905|dataStream:|priority:0, e56ee20f-9a03-437e-8d1d-8d6614c978b9|rpc:10.1.0.32:35337|dataStream:|priority:0], old=null
2021-08-25 23:20:18,668 [grpc-default-executor-4] INFO  server.RaftServer$Division (RaftServerImpl.java:requestVote(1043)) - 4553ea2b-b05c-4809-ad97-5bb271da1b92@group-85F725802A99: receive requestVote(ELECTION, 02c65f58-31b6-441b-a599-132cd2d8b363, group-85F725802A99, 1, (t:0, i:0))
2021-08-25 23:20:18,668 [grpc-default-executor-4] INFO  impl.VoteContext (VoteContext.java:log(48)) - 4553ea2b-b05c-4809-ad97-5bb271da1b92@group-85F725802A99-FOLLOWER: reject ELECTION from 02c65f58-31b6-441b-a599-132cd2d8b363: our priority 1 > candidate's priority 0
2021-08-25 23:20:18,668 [grpc-default-executor-4] INFO  server.RaftServer$Division (RaftServerImpl.java:setRole(285)) - 4553ea2b-b05c-4809-ad97-5bb271da1b92@group-85F725802A99: changes role from  FOLLOWER to FOLLOWER at term 1 for candidate:02c65f58-31b6-441b-a599-132cd2d8b363
2021-08-25 23:20:18,668 [grpc-default-executor-4] INFO  impl.RoleInfo (RoleInfo.java:shutdownFollowerState(108)) - 4553ea2b-b05c-4809-ad97-5bb271da1b92: shutdown 4553ea2b-b05c-4809-ad97-5bb271da1b92@group-85F725802A99-FollowerState
2021-08-25 23:20:18,668 [grpc-default-executor-4] INFO  impl.RoleInfo (RoleInfo.java:updateAndGet(130)) - 4553ea2b-b05c-4809-ad97-5bb271da1b92: start 4553ea2b-b05c-4809-ad97-5bb271da1b92@group-85F725802A99-FollowerState
2021-08-25 23:20:18,668 [4553ea2b-b05c-4809-ad97-5bb271da1b92@group-85F725802A99-FollowerState] INFO  impl.FollowerState (FollowerState.java:run(143)) - 4553ea2b-b05c-4809-ad97-5bb271da1b92@group-85F725802A99-FollowerState was interrupted: {}
java.lang.InterruptedException: sleep interrupted
	at java.lang.Thread.sleep(Native Method)
	at java.lang.Thread.sleep(Thread.java:340)
	at java.util.concurrent.TimeUnit.sleep(TimeUnit.java:386)
	at org.apache.ratis.util.TimeDuration.sleep(TimeDuration.java:324)
	at org.apache.ratis.util.TimeDuration.sleep(TimeDuration.java:309)
	at org.apache.ratis.server.impl.FollowerState.run(FollowerState.java:118)
2021-08-25 23:20:18,675 [grpc-default-executor-4] INFO  server.RaftServer$Division (RaftServerImpl.java:requestVote(1075)) - 4553ea2b-b05c-4809-ad97-5bb271da1b92@group-85F725802A99 replies to ELECTION vote request: 02c65f58-31b6-441b-a599-132cd2d8b363<-4553ea2b-b05c-4809-ad97-5bb271da1b92#0:FAIL-t1. Peer's state: 4553ea2b-b05c-4809-ad97-5bb271da1b92@group-85F725802A99:t1, leader=null, voted=null, raftlog=4553ea2b-b05c-4809-ad97-5bb271da1b92@group-85F725802A99-SegmentedRaftLog:OPENED:c-1,f-1,i0, conf=-1: [4553ea2b-b05c-4809-ad97-5bb271da1b92|rpc:10.1.0.32:36113|dataStream:|priority:1, 02c65f58-31b6-441b-a599-132cd2d8b363|rpc:10.1.0.32:34905|dataStream:|priority:0, e56ee20f-9a03-437e-8d1d-8d6614c978b9|rpc:10.1.0.32:35337|dataStream:|priority:0], old=null
2021-08-25 23:20:18,676 [02c65f58-31b6-441b-a599-132cd2d8b363@group-85F725802A99-LeaderElection13] INFO  impl.LeaderElection (LeaderElection.java:logAndReturn(89)) - 02c65f58-31b6-441b-a599-132cd2d8b363@group-85F725802A99-LeaderElection13: ELECTION REJECTED received 1 response(s) and 0 exception(s):
2021-08-25 23:20:18,676 [02c65f58-31b6-441b-a599-132cd2d8b363@group-85F725802A99-LeaderElection13] INFO  impl.LeaderElection (LeaderElection.java:logAndReturn(93)) -   Response 0: 02c65f58-31b6-441b-a599-132cd2d8b363<-4553ea2b-b05c-4809-ad97-5bb271da1b92#0:FAIL-t1
2021-08-25 23:20:18,676 [02c65f58-31b6-441b-a599-132cd2d8b363@group-85F725802A99-LeaderElection13] INFO  impl.LeaderElection (LeaderElection.java:askForVotes(308)) - 02c65f58-31b6-441b-a599-132cd2d8b363@group-85F725802A99-LeaderElection13 ELECTION round 0: result REJECTED
2021-08-25 23:20:18,676 [02c65f58-31b6-441b-a599-132cd2d8b363@group-85F725802A99-LeaderElection13] INFO  server.RaftServer$Division (RaftServerImpl.java:setRole(285)) - 02c65f58-31b6-441b-a599-132cd2d8b363@group-85F725802A99: changes role from CANDIDATE to FOLLOWER at term 1 for REJECTED
2021-08-25 23:20:18,676 [02c65f58-31b6-441b-a599-132cd2d8b363@group-85F725802A99-LeaderElection13] INFO  impl.RoleInfo (RoleInfo.java:shutdownLeaderElection(121)) - 02c65f58-31b6-441b-a599-132cd2d8b363: shutdown 02c65f58-31b6-441b-a599-132cd2d8b363@group-85F725802A99-LeaderElection13
2021-08-25 23:20:18,677 [02c65f58-31b6-441b-a599-132cd2d8b363@group-85F725802A99-LeaderElection13] INFO  impl.RoleInfo (RoleInfo.java:updateAndGet(130)) - 02c65f58-31b6-441b-a599-132cd2d8b363: start 02c65f58-31b6-441b-a599-132cd2d8b363@group-85F725802A99-FollowerState
2021-08-25 23:20:18,680 [grpc-default-executor-4] INFO  server.RaftServer$Division (RaftServerImpl.java:requestVote(1043)) - e56ee20f-9a03-437e-8d1d-8d6614c978b9@group-85F725802A99: receive requestVote(ELECTION, 02c65f58-31b6-441b-a599-132cd2d8b363, group-85F725802A99, 1, (t:0, i:0))
2021-08-25 23:20:18,686 [grpc-default-executor-4] INFO  impl.VoteContext (VoteContext.java:log(48)) - e56ee20f-9a03-437e-8d1d-8d6614c978b9@group-85F725802A99-FOLLOWER: accept ELECTION from 02c65f58-31b6-441b-a599-132cd2d8b363: our priority 0 <= candidate's priority 0
2021-08-25 23:20:18,686 [grpc-default-executor-4] INFO  server.RaftServer$Division (RaftServerImpl.java:setRole(285)) - e56ee20f-9a03-437e-8d1d-8d6614c978b9@group-85F725802A99: changes role from  FOLLOWER to FOLLOWER at term 1 for candidate:02c65f58-31b6-441b-a599-132cd2d8b363
2021-08-25 23:20:18,686 [grpc-default-executor-4] INFO  impl.RoleInfo (RoleInfo.java:shutdownFollowerState(108)) - e56ee20f-9a03-437e-8d1d-8d6614c978b9: shutdown e56ee20f-9a03-437e-8d1d-8d6614c978b9@group-85F725802A99-FollowerState
2021-08-25 23:20:18,686 [grpc-default-executor-4] INFO  impl.RoleInfo (RoleInfo.java:updateAndGet(130)) - e56ee20f-9a03-437e-8d1d-8d6614c978b9: start e56ee20f-9a03-437e-8d1d-8d6614c978b9@group-85F725802A99-FollowerState
2021-08-25 23:20:18,686 [e56ee20f-9a03-437e-8d1d-8d6614c978b9@group-85F725802A99-FollowerState] INFO  impl.FollowerState (FollowerState.java:run(143)) - e56ee20f-9a03-437e-8d1d-8d6614c978b9@group-85F725802A99-FollowerState was interrupted: {}
java.lang.InterruptedException: sleep interrupted
	at java.lang.Thread.sleep(Native Method)
	at java.lang.Thread.sleep(Thread.java:340)
	at java.util.concurrent.TimeUnit.sleep(TimeUnit.java:386)
	at org.apache.ratis.util.TimeDuration.sleep(TimeDuration.java:324)
	at org.apache.ratis.util.TimeDuration.sleep(TimeDuration.java:309)
	at org.apache.ratis.server.impl.FollowerState.run(FollowerState.java:118)
2021-08-25 23:20:18,688 [grpc-default-executor-4] INFO  server.RaftServer$Division (RaftServerImpl.java:requestVote(1075)) - e56ee20f-9a03-437e-8d1d-8d6614c978b9@group-85F725802A99 replies to ELECTION vote request: 02c65f58-31b6-441b-a599-132cd2d8b363<-e56ee20f-9a03-437e-8d1d-8d6614c978b9#0:OK-t1. Peer's state: e56ee20f-9a03-437e-8d1d-8d6614c978b9@group-85F725802A99:t1, leader=null, voted=02c65f58-31b6-441b-a599-132cd2d8b363, raftlog=e56ee20f-9a03-437e-8d1d-8d6614c978b9@group-85F725802A99-SegmentedRaftLog:OPENED:c-1,f-1,i0, conf=-1: [4553ea2b-b05c-4809-ad97-5bb271da1b92|rpc:10.1.0.32:36113|priority:1, 02c65f58-31b6-441b-a599-132cd2d8b363|rpc:10.1.0.32:34905|priority:0, e56ee20f-9a03-437e-8d1d-8d6614c978b9|rpc:10.1.0.32:35337|priority:0], old=null
2021-08-25 23:20:18,835 [Listener at 127.0.0.1/39119] INFO  ozone.MiniOzoneClusterImpl (MiniOzoneClusterImpl.java:lambda$waitForClusterToBeReady$0(235)) - Nodes are ready. Got 9 of 9 DN Heartbeats.
2021-08-25 23:20:18,836 [Listener at 127.0.0.1/39119] INFO  ozone.MiniOzoneClusterImpl (MiniOzoneClusterImpl.java:lambda$waitForClusterToBeReady$0(238)) - Cluster exits safe mode
2021-08-25 23:20:18,836 [Listener at 127.0.0.1/39119] INFO  ozone.MiniOzoneClusterImpl (MiniOzoneClusterImpl.java:lambda$waitForClusterToBeReady$0(240)) - SCM became leader
2021-08-25 23:20:18,845 [02c65f58-31b6-441b-a599-132cd2d8b363@group-4913882F1BF6-FollowerState] INFO  impl.FollowerState (FollowerState.java:run(134)) - 02c65f58-31b6-441b-a599-132cd2d8b363@group-4913882F1BF6-FollowerState: change to CANDIDATE, lastRpcElapsedTime:5176000039ns, electionTimeout:5175ms
2021-08-25 23:20:18,846 [02c65f58-31b6-441b-a599-132cd2d8b363@group-4913882F1BF6-FollowerState] INFO  impl.RoleInfo (RoleInfo.java:shutdownFollowerState(108)) - 02c65f58-31b6-441b-a599-132cd2d8b363: shutdown 02c65f58-31b6-441b-a599-132cd2d8b363@group-4913882F1BF6-FollowerState
2021-08-25 23:20:18,846 [02c65f58-31b6-441b-a599-132cd2d8b363@group-4913882F1BF6-FollowerState] INFO  server.RaftServer$Division (RaftServerImpl.java:setRole(285)) - 02c65f58-31b6-441b-a599-132cd2d8b363@group-4913882F1BF6: changes role from  FOLLOWER to CANDIDATE at term 0 for changeToCandidate
2021-08-25 23:20:18,846 [02c65f58-31b6-441b-a599-132cd2d8b363@group-4913882F1BF6-FollowerState] INFO  server.RaftServerConfigKeys (ConfUtils.java:logGet(44)) - raft.server.leaderelection.pre-vote = false (custom)
2021-08-25 23:20:18,846 [02c65f58-31b6-441b-a599-132cd2d8b363@group-4913882F1BF6-FollowerState] INFO  impl.RoleInfo (RoleInfo.java:updateAndGet(130)) - 02c65f58-31b6-441b-a599-132cd2d8b363: start 02c65f58-31b6-441b-a599-132cd2d8b363@group-4913882F1BF6-LeaderElection14
2021-08-25 23:20:18,861 [02c65f58-31b6-441b-a599-132cd2d8b363@group-4913882F1BF6-LeaderElection14] INFO  impl.LeaderElection (LeaderElection.java:askForVotes(306)) - 02c65f58-31b6-441b-a599-132cd2d8b363@group-4913882F1BF6-LeaderElection14 ELECTION round 0: submit vote requests at term 1 for -1: [02c65f58-31b6-441b-a599-132cd2d8b363|rpc:10.1.0.32:34905|priority:1], old=null
2021-08-25 23:20:18,861 [02c65f58-31b6-441b-a599-132cd2d8b363@group-4913882F1BF6-LeaderElection14] INFO  impl.LeaderElection (LeaderElection.java:askForVotes(308)) - 02c65f58-31b6-441b-a599-132cd2d8b363@group-4913882F1BF6-LeaderElection14 ELECTION round 0: result PASSED (term=1)
2021-08-25 23:20:18,861 [02c65f58-31b6-441b-a599-132cd2d8b363@group-4913882F1BF6-LeaderElection14] INFO  impl.RoleInfo (RoleInfo.java:shutdownLeaderElection(121)) - 02c65f58-31b6-441b-a599-132cd2d8b363: shutdown 02c65f58-31b6-441b-a599-132cd2d8b363@group-4913882F1BF6-LeaderElection14
2021-08-25 23:20:18,861 [02c65f58-31b6-441b-a599-132cd2d8b363@group-4913882F1BF6-LeaderElection14] INFO  server.RaftServer$Division (RaftServerImpl.java:setRole(285)) - 02c65f58-31b6-441b-a599-132cd2d8b363@group-4913882F1BF6: changes role from CANDIDATE to LEADER at term 1 for changeToLeader
2021-08-25 23:20:18,861 [02c65f58-31b6-441b-a599-132cd2d8b363@group-4913882F1BF6-LeaderElection14] INFO  ratis.XceiverServerRatis (XceiverServerRatis.java:handleLeaderChangedNotification(861)) - Leader change notification received for group: group-4913882F1BF6 with new leaderId: 02c65f58-31b6-441b-a599-132cd2d8b363
2021-08-25 23:20:18,861 [02c65f58-31b6-441b-a599-132cd2d8b363@group-4913882F1BF6-LeaderElection14] INFO  server.RaftServer$Division (ServerState.java:setLeader(285)) - 02c65f58-31b6-441b-a599-132cd2d8b363@group-4913882F1BF6: change Leader from null to 02c65f58-31b6-441b-a599-132cd2d8b363 at term 1 for becomeLeader, leader elected after 5202ms
2021-08-25 23:20:18,861 [02c65f58-31b6-441b-a599-132cd2d8b363@group-4913882F1BF6-LeaderElection14] INFO  server.RaftServerConfigKeys (ConfUtils.java:logGet(44)) - raft.server.staging.catchup.gap = 1000 (default)
2021-08-25 23:20:18,861 [02c65f58-31b6-441b-a599-132cd2d8b363@group-4913882F1BF6-LeaderElection14] INFO  server.RaftServerConfigKeys (ConfUtils.java:logGet(44)) - raft.server.write.element-limit = 1024 (custom)
2021-08-25 23:20:18,861 [02c65f58-31b6-441b-a599-132cd2d8b363@group-4913882F1BF6-LeaderElection14] INFO  server.RaftServerConfigKeys (ConfUtils.java:logGet(44)) - raft.server.write.byte-limit = 1024 M (=1073741824) (custom)
2021-08-25 23:20:18,861 [Datanode State Machine Thread - 0] WARN  statemachine.StateContext (StateContext.java:execute(621)) - No available thread in pool for past 1 seconds.
2021-08-25 23:20:18,862 [02c65f58-31b6-441b-a599-132cd2d8b363@group-4913882F1BF6-LeaderElection14] INFO  server.RaftServerConfigKeys (ConfUtils.java:logGet(44)) - raft.server.watch.timeout = 3000ms (custom)
2021-08-25 23:20:18,862 [02c65f58-31b6-441b-a599-132cd2d8b363@group-4913882F1BF6-LeaderElection14] INFO  server.RaftServerConfigKeys (ConfUtils.java:logGet(44)) - raft.server.watch.timeout.denomination = 1s (default)
2021-08-25 23:20:18,862 [02c65f58-31b6-441b-a599-132cd2d8b363@group-4913882F1BF6-LeaderElection14] INFO  server.RaftServerConfigKeys (ConfUtils.java:logGet(44)) - raft.server.watch.element-limit = 65536 (default)
2021-08-25 23:20:18,862 [02c65f58-31b6-441b-a599-132cd2d8b363@group-4913882F1BF6-LeaderElection14] INFO  impl.RoleInfo (RoleInfo.java:updateAndGet(130)) - 02c65f58-31b6-441b-a599-132cd2d8b363: start 02c65f58-31b6-441b-a599-132cd2d8b363@group-4913882F1BF6-LeaderStateImpl
2021-08-25 23:20:18,862 [02c65f58-31b6-441b-a599-132cd2d8b363@group-4913882F1BF6-LeaderElection14] INFO  segmented.SegmentedRaftLogWorker (SegmentedRaftLogWorker.java:startLogSegment(394)) - 02c65f58-31b6-441b-a599-132cd2d8b363@group-4913882F1BF6-SegmentedRaftLogWorker: Starting segment from index:0
2021-08-25 23:20:18,865 [02c65f58-31b6-441b-a599-132cd2d8b363@group-4913882F1BF6-SegmentedRaftLogWorker] INFO  segmented.SegmentedRaftLogWorker (SegmentedRaftLogWorker.java:execute(601)) - 02c65f58-31b6-441b-a599-132cd2d8b363@group-4913882F1BF6-SegmentedRaftLogWorker: created new log segment /home/runner/work/ozone/ozone/hadoop-ozone/integration-test/target/test-dir/MiniOzoneClusterImpl-05b781a4-7df0-48b9-8d73-8dabce68a637/datanode-7/data/ratis/844d1fb8-d5cd-4663-bc04-4913882f1bf6/current/log_inprogress_0
2021-08-25 23:20:18,866 [02c65f58-31b6-441b-a599-132cd2d8b363@group-4913882F1BF6-LeaderElection14] INFO  server.RaftServer$Division (ServerState.java:setRaftConf(387)) - 02c65f58-31b6-441b-a599-132cd2d8b363@group-4913882F1BF6: set configuration 0: [02c65f58-31b6-441b-a599-132cd2d8b363|rpc:10.1.0.32:34905|dataStream:|priority:1], old=null
2021-08-25 23:20:18,969 [4553ea2b-b05c-4809-ad97-5bb271da1b92@group-DB6CB93AC769-FollowerState] INFO  impl.FollowerState (FollowerState.java:run(134)) - 4553ea2b-b05c-4809-ad97-5bb271da1b92@group-DB6CB93AC769-FollowerState: change to CANDIDATE, lastRpcElapsedTime:5125728863ns, electionTimeout:5125ms
2021-08-25 23:20:18,969 [4553ea2b-b05c-4809-ad97-5bb271da1b92@group-DB6CB93AC769-FollowerState] INFO  impl.RoleInfo (RoleInfo.java:shutdownFollowerState(108)) - 4553ea2b-b05c-4809-ad97-5bb271da1b92: shutdown 4553ea2b-b05c-4809-ad97-5bb271da1b92@group-DB6CB93AC769-FollowerState
2021-08-25 23:20:18,969 [4553ea2b-b05c-4809-ad97-5bb271da1b92@group-DB6CB93AC769-FollowerState] INFO  server.RaftServer$Division (RaftServerImpl.java:setRole(285)) - 4553ea2b-b05c-4809-ad97-5bb271da1b92@group-DB6CB93AC769: changes role from  FOLLOWER to CANDIDATE at term 0 for changeToCandidate
2021-08-25 23:20:18,970 [4553ea2b-b05c-4809-ad97-5bb271da1b92@group-DB6CB93AC769-FollowerState] INFO  server.RaftServerConfigKeys (ConfUtils.java:logGet(44)) - raft.server.leaderelection.pre-vote = false (custom)
2021-08-25 23:20:18,970 [4553ea2b-b05c-4809-ad97-5bb271da1b92@group-DB6CB93AC769-FollowerState] INFO  impl.RoleInfo (RoleInfo.java:updateAndGet(130)) - 4553ea2b-b05c-4809-ad97-5bb271da1b92: start 4553ea2b-b05c-4809-ad97-5bb271da1b92@group-DB6CB93AC769-LeaderElection15
2021-08-25 23:20:18,981 [4553ea2b-b05c-4809-ad97-5bb271da1b92@group-DB6CB93AC769-LeaderElection15] INFO  impl.LeaderElection (LeaderElection.java:askForVotes(306)) - 4553ea2b-b05c-4809-ad97-5bb271da1b92@group-DB6CB93AC769-LeaderElection15 ELECTION round 0: submit vote requests at term 1 for -1: [4553ea2b-b05c-4809-ad97-5bb271da1b92|rpc:10.1.0.32:36113|priority:1], old=null
2021-08-25 23:20:18,981 [4553ea2b-b05c-4809-ad97-5bb271da1b92@group-DB6CB93AC769-LeaderElection15] INFO  impl.LeaderElection (LeaderElection.java:askForVotes(308)) - 4553ea2b-b05c-4809-ad97-5bb271da1b92@group-DB6CB93AC769-LeaderElection15 ELECTION round 0: result PASSED (term=1)
2021-08-25 23:20:18,982 [4553ea2b-b05c-4809-ad97-5bb271da1b92@group-DB6CB93AC769-LeaderElection15] INFO  impl.RoleInfo (RoleInfo.java:shutdownLeaderElection(121)) - 4553ea2b-b05c-4809-ad97-5bb271da1b92: shutdown 4553ea2b-b05c-4809-ad97-5bb271da1b92@group-DB6CB93AC769-LeaderElection15
2021-08-25 23:20:18,982 [4553ea2b-b05c-4809-ad97-5bb271da1b92@group-DB6CB93AC769-LeaderElection15] INFO  server.RaftServer$Division (RaftServerImpl.java:setRole(285)) - 4553ea2b-b05c-4809-ad97-5bb271da1b92@group-DB6CB93AC769: changes role from CANDIDATE to LEADER at term 1 for changeToLeader
2021-08-25 23:20:18,982 [4553ea2b-b05c-4809-ad97-5bb271da1b92@group-DB6CB93AC769-LeaderElection15] INFO  ratis.XceiverServerRatis (XceiverServerRatis.java:handleLeaderChangedNotification(861)) - Leader change notification received for group: group-DB6CB93AC769 with new leaderId: 4553ea2b-b05c-4809-ad97-5bb271da1b92
2021-08-25 23:20:18,982 [4553ea2b-b05c-4809-ad97-5bb271da1b92@group-DB6CB93AC769-LeaderElection15] INFO  server.RaftServer$Division (ServerState.java:setLeader(285)) - 4553ea2b-b05c-4809-ad97-5bb271da1b92@group-DB6CB93AC769: change Leader from null to 4553ea2b-b05c-4809-ad97-5bb271da1b92 at term 1 for becomeLeader, leader elected after 5145ms
2021-08-25 23:20:18,982 [4553ea2b-b05c-4809-ad97-5bb271da1b92@group-DB6CB93AC769-LeaderElection15] INFO  server.RaftServerConfigKeys (ConfUtils.java:logGet(44)) - raft.server.staging.catchup.gap = 1000 (default)
2021-08-25 23:20:18,987 [4553ea2b-b05c-4809-ad97-5bb271da1b92@group-DB6CB93AC769-LeaderElection15] INFO  server.RaftServerConfigKeys (ConfUtils.java:logGet(44)) - raft.server.write.element-limit = 1024 (custom)
2021-08-25 23:20:18,988 [4553ea2b-b05c-4809-ad97-5bb271da1b92@group-DB6CB93AC769-LeaderElection15] INFO  server.RaftServerConfigKeys (ConfUtils.java:logGet(44)) - raft.server.write.byte-limit = 1024 M (=1073741824) (custom)
2021-08-25 23:20:18,988 [4553ea2b-b05c-4809-ad97-5bb271da1b92@group-DB6CB93AC769-LeaderElection15] INFO  server.RaftServerConfigKeys (ConfUtils.java:logGet(44)) - raft.server.watch.timeout = 3000ms (custom)
2021-08-25 23:20:18,989 [4553ea2b-b05c-4809-ad97-5bb271da1b92@group-DB6CB93AC769-LeaderElection15] INFO  server.RaftServerConfigKeys (ConfUtils.java:logGet(44)) - raft.server.watch.timeout.denomination = 1s (default)
2021-08-25 23:20:18,989 [4553ea2b-b05c-4809-ad97-5bb271da1b92@group-DB6CB93AC769-LeaderElection15] INFO  server.RaftServerConfigKeys (ConfUtils.java:logGet(44)) - raft.server.watch.element-limit = 65536 (default)
2021-08-25 23:20:18,989 [4553ea2b-b05c-4809-ad97-5bb271da1b92@group-DB6CB93AC769-LeaderElection15] INFO  impl.RoleInfo (RoleInfo.java:updateAndGet(130)) - 4553ea2b-b05c-4809-ad97-5bb271da1b92: start 4553ea2b-b05c-4809-ad97-5bb271da1b92@group-DB6CB93AC769-LeaderStateImpl
2021-08-25 23:20:18,989 [4553ea2b-b05c-4809-ad97-5bb271da1b92@group-DB6CB93AC769-LeaderElection15] INFO  segmented.SegmentedRaftLogWorker (SegmentedRaftLogWorker.java:startLogSegment(394)) - 4553ea2b-b05c-4809-ad97-5bb271da1b92@group-DB6CB93AC769-SegmentedRaftLogWorker: Starting segment from index:0
2021-08-25 23:20:18,990 [4553ea2b-b05c-4809-ad97-5bb271da1b92@group-DB6CB93AC769-SegmentedRaftLogWorker] INFO  segmented.SegmentedRaftLogWorker (SegmentedRaftLogWorker.java:execute(601)) - 4553ea2b-b05c-4809-ad97-5bb271da1b92@group-DB6CB93AC769-SegmentedRaftLogWorker: created new log segment /home/runner/work/ozone/ozone/hadoop-ozone/integration-test/target/test-dir/MiniOzoneClusterImpl-05b781a4-7df0-48b9-8d73-8dabce68a637/datanode-8/data/ratis/2e707aec-8ed5-4e1f-bdc6-db6cb93ac769/current/log_inprogress_0
2021-08-25 23:20:19,006 [4553ea2b-b05c-4809-ad97-5bb271da1b92@group-DB6CB93AC769-LeaderElection15] INFO  server.RaftServer$Division (ServerState.java:setRaftConf(387)) - 4553ea2b-b05c-4809-ad97-5bb271da1b92@group-DB6CB93AC769: set configuration 0: [4553ea2b-b05c-4809-ad97-5bb271da1b92|rpc:10.1.0.32:36113|dataStream:|priority:1], old=null
2021-08-25 23:20:19,256 [Listener at 127.0.0.1/39119] INFO  rpc.RpcClient (RpcClient.java:createVolume(342)) - Creating Volume: watchforcommithandlingtest, with runner as owner and space quota set to -1 bytes, counts quota set to -1
2021-08-25 23:20:19,301 [OM StateMachine ApplyTransaction Thread - 0] INFO  volume.OMVolumeCreateRequest (OMVolumeCreateRequest.java:validateAndUpdateCache(195)) - created volume:watchforcommithandlingtest for user:runner
2021-08-25 23:20:19,326 [Listener at 127.0.0.1/39119] INFO  rpc.RpcClient (RpcClient.java:createBucket(502)) - Creating Bucket: watchforcommithandlingtest/watchforcommithandlingtest, with Versioning false and Storage Type set to DISK and Encryption set to false 
2021-08-25 23:20:19,344 [Listener at 127.0.0.1/39119] INFO  ozone.MiniOzoneClusterImpl (MiniOzoneClusterImpl.java:getStorageContainerLocationClient(346)) - Creating StorageContainerLocationProtocol RPC client with address /0.0.0.0:39591
2021-08-25 23:20:19,386 [IPC Server handler 8 on default port 38383] INFO  ha.SequenceIdGenerator (SequenceIdGenerator.java:getNextId(127)) - Allocate a batch for containerId, change lastId from 0 to 1000.
2021-08-25 23:20:19,398 [IPC Server handler 8 on default port 38383] WARN  ha.SequenceIdGenerator (SequenceIdGenerator.java:allocateBatch(234)) - Failed to allocate a batch for localId, expected lastId is 0, actual lastId is 107544261427200000.
2021-08-25 23:20:19,398 [IPC Server handler 8 on default port 38383] INFO  ha.SequenceIdGenerator (SequenceIdGenerator.java:getNextId(127)) - Allocate a batch for localId, change lastId from 107544261427200000 to 107544261427201000.
2021-08-25 23:20:19,476 [Listener at 127.0.0.1/39119] INFO  impl.MetricsSystemImpl (MetricsSystemImpl.java:init(158)) - XceiverClientMetrics metrics system started (again)
2021-08-25 23:20:22,204 [551d55f6-e55a-4cfa-9f5c-62fc7ce672f1@group-A0C5CFE587C4-FollowerState] INFO  impl.FollowerState (FollowerState.java:run(134)) - 551d55f6-e55a-4cfa-9f5c-62fc7ce672f1@group-A0C5CFE587C4-FollowerState: change to CANDIDATE, lastRpcElapsedTime:5003622908ns, electionTimeout:5001ms
2021-08-25 23:20:22,205 [551d55f6-e55a-4cfa-9f5c-62fc7ce672f1@group-A0C5CFE587C4-FollowerState] INFO  impl.RoleInfo (RoleInfo.java:shutdownFollowerState(108)) - 551d55f6-e55a-4cfa-9f5c-62fc7ce672f1: shutdown 551d55f6-e55a-4cfa-9f5c-62fc7ce672f1@group-A0C5CFE587C4-FollowerState
2021-08-25 23:20:22,205 [551d55f6-e55a-4cfa-9f5c-62fc7ce672f1@group-A0C5CFE587C4-FollowerState] INFO  server.RaftServer$Division (RaftServerImpl.java:setRole(285)) - 551d55f6-e55a-4cfa-9f5c-62fc7ce672f1@group-A0C5CFE587C4: changes role from  FOLLOWER to CANDIDATE at term 1 for changeToCandidate
2021-08-25 23:20:22,205 [551d55f6-e55a-4cfa-9f5c-62fc7ce672f1@group-A0C5CFE587C4-FollowerState] INFO  server.RaftServerConfigKeys (ConfUtils.java:logGet(44)) - raft.server.leaderelection.pre-vote = false (custom)
2021-08-25 23:20:22,205 [551d55f6-e55a-4cfa-9f5c-62fc7ce672f1@group-A0C5CFE587C4-FollowerState] INFO  impl.RoleInfo (RoleInfo.java:updateAndGet(130)) - 551d55f6-e55a-4cfa-9f5c-62fc7ce672f1: start 551d55f6-e55a-4cfa-9f5c-62fc7ce672f1@group-A0C5CFE587C4-LeaderElection16
2021-08-25 23:20:22,206 [551d55f6-e55a-4cfa-9f5c-62fc7ce672f1@group-A0C5CFE587C4-LeaderElection16] INFO  impl.LeaderElection (LeaderElection.java:askForVotes(306)) - 551d55f6-e55a-4cfa-9f5c-62fc7ce672f1@group-A0C5CFE587C4-LeaderElection16 ELECTION round 0: submit vote requests at term 2 for -1: [282e11bf-8d58-444e-a800-cb732d8168d5|rpc:10.1.0.32:39035|priority:1, d3a6c254-c963-411b-bd1c-0e160a3b8690|rpc:10.1.0.32:42735|priority:0, 551d55f6-e55a-4cfa-9f5c-62fc7ce672f1|rpc:10.1.0.32:34175|priority:0], old=null
2021-08-25 23:20:22,213 [grpc-default-executor-4] INFO  server.RaftServer$Division (RaftServerImpl.java:requestVote(1043)) - 282e11bf-8d58-444e-a800-cb732d8168d5@group-A0C5CFE587C4: receive requestVote(ELECTION, 551d55f6-e55a-4cfa-9f5c-62fc7ce672f1, group-A0C5CFE587C4, 2, (t:0, i:0))
2021-08-25 23:20:22,222 [grpc-default-executor-4] INFO  impl.VoteContext (VoteContext.java:log(48)) - 282e11bf-8d58-444e-a800-cb732d8168d5@group-A0C5CFE587C4-FOLLOWER: reject ELECTION from 551d55f6-e55a-4cfa-9f5c-62fc7ce672f1: our priority 1 > candidate's priority 0
2021-08-25 23:20:22,222 [grpc-default-executor-4] INFO  server.RaftServer$Division (RaftServerImpl.java:setRole(285)) - 282e11bf-8d58-444e-a800-cb732d8168d5@group-A0C5CFE587C4: changes role from  FOLLOWER to FOLLOWER at term 2 for candidate:551d55f6-e55a-4cfa-9f5c-62fc7ce672f1
2021-08-25 23:20:22,222 [grpc-default-executor-4] INFO  impl.RoleInfo (RoleInfo.java:shutdownFollowerState(108)) - 282e11bf-8d58-444e-a800-cb732d8168d5: shutdown 282e11bf-8d58-444e-a800-cb732d8168d5@group-A0C5CFE587C4-FollowerState
2021-08-25 23:20:22,222 [grpc-default-executor-4] INFO  impl.RoleInfo (RoleInfo.java:updateAndGet(130)) - 282e11bf-8d58-444e-a800-cb732d8168d5: start 282e11bf-8d58-444e-a800-cb732d8168d5@group-A0C5CFE587C4-FollowerState
2021-08-25 23:20:22,222 [282e11bf-8d58-444e-a800-cb732d8168d5@group-A0C5CFE587C4-FollowerState] INFO  impl.FollowerState (FollowerState.java:run(143)) - 282e11bf-8d58-444e-a800-cb732d8168d5@group-A0C5CFE587C4-FollowerState was interrupted: {}
java.lang.InterruptedException: sleep interrupted
	at java.lang.Thread.sleep(Native Method)
	at java.lang.Thread.sleep(Thread.java:340)
	at java.util.concurrent.TimeUnit.sleep(TimeUnit.java:386)
	at org.apache.ratis.util.TimeDuration.sleep(TimeDuration.java:324)
	at org.apache.ratis.util.TimeDuration.sleep(TimeDuration.java:309)
	at org.apache.ratis.server.impl.FollowerState.run(FollowerState.java:118)
2021-08-25 23:20:22,224 [grpc-default-executor-4] INFO  server.RaftServer$Division (RaftServerImpl.java:requestVote(1075)) - 282e11bf-8d58-444e-a800-cb732d8168d5@group-A0C5CFE587C4 replies to ELECTION vote request: 551d55f6-e55a-4cfa-9f5c-62fc7ce672f1<-282e11bf-8d58-444e-a800-cb732d8168d5#0:FAIL-t2. Peer's state: 282e11bf-8d58-444e-a800-cb732d8168d5@group-A0C5CFE587C4:t2, leader=null, voted=null, raftlog=282e11bf-8d58-444e-a800-cb732d8168d5@group-A0C5CFE587C4-SegmentedRaftLog:OPENED:c-1,f-1,i0, conf=-1: [282e11bf-8d58-444e-a800-cb732d8168d5|rpc:10.1.0.32:39035|priority:1, d3a6c254-c963-411b-bd1c-0e160a3b8690|rpc:10.1.0.32:42735|priority:0, 551d55f6-e55a-4cfa-9f5c-62fc7ce672f1|rpc:10.1.0.32:34175|priority:0], old=null
2021-08-25 23:20:22,231 [551d55f6-e55a-4cfa-9f5c-62fc7ce672f1@group-A0C5CFE587C4-LeaderElection16] INFO  impl.LeaderElection (LeaderElection.java:logAndReturn(89)) - 551d55f6-e55a-4cfa-9f5c-62fc7ce672f1@group-A0C5CFE587C4-LeaderElection16: ELECTION REJECTED received 1 response(s) and 0 exception(s):
2021-08-25 23:20:22,231 [551d55f6-e55a-4cfa-9f5c-62fc7ce672f1@group-A0C5CFE587C4-LeaderElection16] INFO  impl.LeaderElection (LeaderElection.java:logAndReturn(93)) -   Response 0: 551d55f6-e55a-4cfa-9f5c-62fc7ce672f1<-282e11bf-8d58-444e-a800-cb732d8168d5#0:FAIL-t2
2021-08-25 23:20:22,231 [551d55f6-e55a-4cfa-9f5c-62fc7ce672f1@group-A0C5CFE587C4-LeaderElection16] INFO  impl.LeaderElection (LeaderElection.java:askForVotes(308)) - 551d55f6-e55a-4cfa-9f5c-62fc7ce672f1@group-A0C5CFE587C4-LeaderElection16 ELECTION round 0: result REJECTED
2021-08-25 23:20:22,231 [551d55f6-e55a-4cfa-9f5c-62fc7ce672f1@group-A0C5CFE587C4-LeaderElection16] INFO  server.RaftServer$Division (RaftServerImpl.java:setRole(285)) - 551d55f6-e55a-4cfa-9f5c-62fc7ce672f1@group-A0C5CFE587C4: changes role from CANDIDATE to FOLLOWER at term 2 for REJECTED
2021-08-25 23:20:22,231 [551d55f6-e55a-4cfa-9f5c-62fc7ce672f1@group-A0C5CFE587C4-LeaderElection16] INFO  impl.RoleInfo (RoleInfo.java:shutdownLeaderElection(121)) - 551d55f6-e55a-4cfa-9f5c-62fc7ce672f1: shutdown 551d55f6-e55a-4cfa-9f5c-62fc7ce672f1@group-A0C5CFE587C4-LeaderElection16
2021-08-25 23:20:22,231 [551d55f6-e55a-4cfa-9f5c-62fc7ce672f1@group-A0C5CFE587C4-LeaderElection16] INFO  impl.RoleInfo (RoleInfo.java:updateAndGet(130)) - 551d55f6-e55a-4cfa-9f5c-62fc7ce672f1: start 551d55f6-e55a-4cfa-9f5c-62fc7ce672f1@group-A0C5CFE587C4-FollowerState
2021-08-25 23:20:22,238 [grpc-default-executor-4] INFO  server.RaftServer$Division (RaftServerImpl.java:requestVote(1043)) - d3a6c254-c963-411b-bd1c-0e160a3b8690@group-A0C5CFE587C4: receive requestVote(ELECTION, 551d55f6-e55a-4cfa-9f5c-62fc7ce672f1, group-A0C5CFE587C4, 2, (t:0, i:0))
2021-08-25 23:20:22,240 [grpc-default-executor-4] INFO  impl.VoteContext (VoteContext.java:log(48)) - d3a6c254-c963-411b-bd1c-0e160a3b8690@group-A0C5CFE587C4-FOLLOWER: accept ELECTION from 551d55f6-e55a-4cfa-9f5c-62fc7ce672f1: our priority 0 <= candidate's priority 0
2021-08-25 23:20:22,240 [grpc-default-executor-4] INFO  server.RaftServer$Division (RaftServerImpl.java:setRole(285)) - d3a6c254-c963-411b-bd1c-0e160a3b8690@group-A0C5CFE587C4: changes role from  FOLLOWER to FOLLOWER at term 2 for candidate:551d55f6-e55a-4cfa-9f5c-62fc7ce672f1
2021-08-25 23:20:22,240 [grpc-default-executor-4] INFO  impl.RoleInfo (RoleInfo.java:shutdownFollowerState(108)) - d3a6c254-c963-411b-bd1c-0e160a3b8690: shutdown d3a6c254-c963-411b-bd1c-0e160a3b8690@group-A0C5CFE587C4-FollowerState
2021-08-25 23:20:22,240 [grpc-default-executor-4] INFO  impl.RoleInfo (RoleInfo.java:updateAndGet(130)) - d3a6c254-c963-411b-bd1c-0e160a3b8690: start d3a6c254-c963-411b-bd1c-0e160a3b8690@group-A0C5CFE587C4-FollowerState
2021-08-25 23:20:22,241 [d3a6c254-c963-411b-bd1c-0e160a3b8690@group-A0C5CFE587C4-FollowerState] INFO  impl.FollowerState (FollowerState.java:run(143)) - d3a6c254-c963-411b-bd1c-0e160a3b8690@group-A0C5CFE587C4-FollowerState was interrupted: {}
java.lang.InterruptedException: sleep interrupted
	at java.lang.Thread.sleep(Native Method)
	at java.lang.Thread.sleep(Thread.java:340)
	at java.util.concurrent.TimeUnit.sleep(TimeUnit.java:386)
	at org.apache.ratis.util.TimeDuration.sleep(TimeDuration.java:324)
	at org.apache.ratis.util.TimeDuration.sleep(TimeDuration.java:309)
	at org.apache.ratis.server.impl.FollowerState.run(FollowerState.java:118)
2021-08-25 23:20:22,242 [grpc-default-executor-4] INFO  server.RaftServer$Division (RaftServerImpl.java:requestVote(1075)) - d3a6c254-c963-411b-bd1c-0e160a3b8690@group-A0C5CFE587C4 replies to ELECTION vote request: 551d55f6-e55a-4cfa-9f5c-62fc7ce672f1<-d3a6c254-c963-411b-bd1c-0e160a3b8690#0:OK-t2. Peer's state: d3a6c254-c963-411b-bd1c-0e160a3b8690@group-A0C5CFE587C4:t2, leader=null, voted=551d55f6-e55a-4cfa-9f5c-62fc7ce672f1, raftlog=d3a6c254-c963-411b-bd1c-0e160a3b8690@group-A0C5CFE587C4-SegmentedRaftLog:OPENED:c-1,f-1,i0, conf=-1: [282e11bf-8d58-444e-a800-cb732d8168d5|rpc:10.1.0.32:39035|priority:1, d3a6c254-c963-411b-bd1c-0e160a3b8690|rpc:10.1.0.32:42735|priority:0, 551d55f6-e55a-4cfa-9f5c-62fc7ce672f1|rpc:10.1.0.32:34175|priority:0], old=null
2021-08-25 23:20:23,259 [f3c5edec-fcc1-440f-ba30-167340659c5c@group-35E29BAFB5C9-FollowerState] INFO  impl.FollowerState (FollowerState.java:run(134)) - f3c5edec-fcc1-440f-ba30-167340659c5c@group-35E29BAFB5C9-FollowerState: change to CANDIDATE, lastRpcElapsedTime:5024824788ns, electionTimeout:5024ms
2021-08-25 23:20:23,260 [f3c5edec-fcc1-440f-ba30-167340659c5c@group-35E29BAFB5C9-FollowerState] INFO  impl.RoleInfo (RoleInfo.java:shutdownFollowerState(108)) - f3c5edec-fcc1-440f-ba30-167340659c5c: shutdown f3c5edec-fcc1-440f-ba30-167340659c5c@group-35E29BAFB5C9-FollowerState
2021-08-25 23:20:23,260 [f3c5edec-fcc1-440f-ba30-167340659c5c@group-35E29BAFB5C9-FollowerState] INFO  server.RaftServer$Division (RaftServerImpl.java:setRole(285)) - f3c5edec-fcc1-440f-ba30-167340659c5c@group-35E29BAFB5C9: changes role from  FOLLOWER to CANDIDATE at term 2 for changeToCandidate
2021-08-25 23:20:23,260 [f3c5edec-fcc1-440f-ba30-167340659c5c@group-35E29BAFB5C9-FollowerState] INFO  server.RaftServerConfigKeys (ConfUtils.java:logGet(44)) - raft.server.leaderelection.pre-vote = false (custom)
2021-08-25 23:20:23,260 [f3c5edec-fcc1-440f-ba30-167340659c5c@group-35E29BAFB5C9-FollowerState] INFO  impl.RoleInfo (RoleInfo.java:updateAndGet(130)) - f3c5edec-fcc1-440f-ba30-167340659c5c: start f3c5edec-fcc1-440f-ba30-167340659c5c@group-35E29BAFB5C9-LeaderElection17
2021-08-25 23:20:23,262 [f3c5edec-fcc1-440f-ba30-167340659c5c@group-35E29BAFB5C9-LeaderElection17] INFO  impl.LeaderElection (LeaderElection.java:askForVotes(306)) - f3c5edec-fcc1-440f-ba30-167340659c5c@group-35E29BAFB5C9-LeaderElection17 ELECTION round 0: submit vote requests at term 3 for -1: [f3c5edec-fcc1-440f-ba30-167340659c5c|rpc:10.1.0.32:45103|dataStream:|priority:0, d2e949a9-e5b3-4c4c-92b0-47a0169dba23|rpc:10.1.0.32:37449|dataStream:|priority:1, 55460722-07fd-4e57-847c-29244a947e0a|rpc:10.1.0.32:40409|dataStream:|priority:0], old=null
2021-08-25 23:20:23,270 [grpc-default-executor-4] INFO  server.RaftServer$Division (RaftServerImpl.java:requestVote(1043)) - 55460722-07fd-4e57-847c-29244a947e0a@group-35E29BAFB5C9: receive requestVote(ELECTION, f3c5edec-fcc1-440f-ba30-167340659c5c, group-35E29BAFB5C9, 3, (t:0, i:0))
2021-08-25 23:20:23,270 [grpc-default-executor-1] INFO  server.RaftServer$Division (RaftServerImpl.java:requestVote(1043)) - d2e949a9-e5b3-4c4c-92b0-47a0169dba23@group-35E29BAFB5C9: receive requestVote(ELECTION, f3c5edec-fcc1-440f-ba30-167340659c5c, group-35E29BAFB5C9, 3, (t:0, i:0))
2021-08-25 23:20:23,271 [grpc-default-executor-4] INFO  impl.VoteContext (VoteContext.java:log(48)) - 55460722-07fd-4e57-847c-29244a947e0a@group-35E29BAFB5C9-FOLLOWER: accept ELECTION from f3c5edec-fcc1-440f-ba30-167340659c5c: our priority 0 <= candidate's priority 0
2021-08-25 23:20:23,271 [grpc-default-executor-4] INFO  server.RaftServer$Division (RaftServerImpl.java:setRole(285)) - 55460722-07fd-4e57-847c-29244a947e0a@group-35E29BAFB5C9: changes role from  FOLLOWER to FOLLOWER at term 3 for candidate:f3c5edec-fcc1-440f-ba30-167340659c5c
2021-08-25 23:20:23,271 [grpc-default-executor-4] INFO  impl.RoleInfo (RoleInfo.java:shutdownFollowerState(108)) - 55460722-07fd-4e57-847c-29244a947e0a: shutdown 55460722-07fd-4e57-847c-29244a947e0a@group-35E29BAFB5C9-FollowerState
2021-08-25 23:20:23,271 [grpc-default-executor-4] INFO  impl.RoleInfo (RoleInfo.java:updateAndGet(130)) - 55460722-07fd-4e57-847c-29244a947e0a: start 55460722-07fd-4e57-847c-29244a947e0a@group-35E29BAFB5C9-FollowerState
2021-08-25 23:20:23,272 [55460722-07fd-4e57-847c-29244a947e0a@group-35E29BAFB5C9-FollowerState] INFO  impl.FollowerState (FollowerState.java:run(143)) - 55460722-07fd-4e57-847c-29244a947e0a@group-35E29BAFB5C9-FollowerState was interrupted: {}
java.lang.InterruptedException: sleep interrupted
	at java.lang.Thread.sleep(Native Method)
	at java.lang.Thread.sleep(Thread.java:340)
	at java.util.concurrent.TimeUnit.sleep(TimeUnit.java:386)
	at org.apache.ratis.util.TimeDuration.sleep(TimeDuration.java:324)
	at org.apache.ratis.util.TimeDuration.sleep(TimeDuration.java:309)
	at org.apache.ratis.server.impl.FollowerState.run(FollowerState.java:118)
2021-08-25 23:20:23,271 [grpc-default-executor-1] INFO  impl.VoteContext (VoteContext.java:log(48)) - d2e949a9-e5b3-4c4c-92b0-47a0169dba23@group-35E29BAFB5C9-FOLLOWER: reject ELECTION from f3c5edec-fcc1-440f-ba30-167340659c5c: our last entry (t:1, i:0) > candidate's last entry (t:0, i:0)
2021-08-25 23:20:23,272 [grpc-default-executor-1] INFO  server.RaftServer$Division (RaftServerImpl.java:setRole(285)) - d2e949a9-e5b3-4c4c-92b0-47a0169dba23@group-35E29BAFB5C9: changes role from  FOLLOWER to FOLLOWER at term 3 for candidate:f3c5edec-fcc1-440f-ba30-167340659c5c
2021-08-25 23:20:23,272 [grpc-default-executor-1] INFO  impl.RoleInfo (RoleInfo.java:shutdownFollowerState(108)) - d2e949a9-e5b3-4c4c-92b0-47a0169dba23: shutdown d2e949a9-e5b3-4c4c-92b0-47a0169dba23@group-35E29BAFB5C9-FollowerState
2021-08-25 23:20:23,272 [grpc-default-executor-1] INFO  impl.RoleInfo (RoleInfo.java:updateAndGet(130)) - d2e949a9-e5b3-4c4c-92b0-47a0169dba23: start d2e949a9-e5b3-4c4c-92b0-47a0169dba23@group-35E29BAFB5C9-FollowerState
2021-08-25 23:20:23,272 [d2e949a9-e5b3-4c4c-92b0-47a0169dba23@group-35E29BAFB5C9-FollowerState] INFO  impl.FollowerState (FollowerState.java:run(143)) - d2e949a9-e5b3-4c4c-92b0-47a0169dba23@group-35E29BAFB5C9-FollowerState was interrupted: {}
java.lang.InterruptedException: sleep interrupted
	at java.lang.Thread.sleep(Native Method)
	at java.lang.Thread.sleep(Thread.java:340)
	at java.util.concurrent.TimeUnit.sleep(TimeUnit.java:386)
	at org.apache.ratis.util.TimeDuration.sleep(TimeDuration.java:324)
	at org.apache.ratis.util.TimeDuration.sleep(TimeDuration.java:309)
	at org.apache.ratis.server.impl.FollowerState.run(FollowerState.java:118)
2021-08-25 23:20:23,273 [grpc-default-executor-1] INFO  server.RaftServer$Division (RaftServerImpl.java:requestVote(1075)) - d2e949a9-e5b3-4c4c-92b0-47a0169dba23@group-35E29BAFB5C9 replies to ELECTION vote request: f3c5edec-fcc1-440f-ba30-167340659c5c<-d2e949a9-e5b3-4c4c-92b0-47a0169dba23#0:FAIL-t3. Peer's state: d2e949a9-e5b3-4c4c-92b0-47a0169dba23@group-35E29BAFB5C9:t3, leader=null, voted=null, raftlog=d2e949a9-e5b3-4c4c-92b0-47a0169dba23@group-35E29BAFB5C9-SegmentedRaftLog:OPENED:c0,f0,i0, conf=0: [f3c5edec-fcc1-440f-ba30-167340659c5c|rpc:10.1.0.32:45103|dataStream:|priority:0, d2e949a9-e5b3-4c4c-92b0-47a0169dba23|rpc:10.1.0.32:37449|dataStream:|priority:1, 55460722-07fd-4e57-847c-29244a947e0a|rpc:10.1.0.32:40409|dataStream:|priority:0], old=null
2021-08-25 23:20:23,274 [grpc-default-executor-4] INFO  server.RaftServer$Division (RaftServerImpl.java:requestVote(1075)) - 55460722-07fd-4e57-847c-29244a947e0a@group-35E29BAFB5C9 replies to ELECTION vote request: f3c5edec-fcc1-440f-ba30-167340659c5c<-55460722-07fd-4e57-847c-29244a947e0a#0:OK-t3. Peer's state: 55460722-07fd-4e57-847c-29244a947e0a@group-35E29BAFB5C9:t3, leader=null, voted=f3c5edec-fcc1-440f-ba30-167340659c5c, raftlog=55460722-07fd-4e57-847c-29244a947e0a@group-35E29BAFB5C9-SegmentedRaftLog:OPENED:c-1,f-1,i0, conf=-1: [f3c5edec-fcc1-440f-ba30-167340659c5c|rpc:10.1.0.32:45103|dataStream:|priority:0, d2e949a9-e5b3-4c4c-92b0-47a0169dba23|rpc:10.1.0.32:37449|dataStream:|priority:1, 55460722-07fd-4e57-847c-29244a947e0a|rpc:10.1.0.32:40409|dataStream:|priority:0], old=null
2021-08-25 23:20:23,275 [f3c5edec-fcc1-440f-ba30-167340659c5c@group-35E29BAFB5C9-LeaderElection17] INFO  impl.LeaderElection (LeaderElection.java:logAndReturn(89)) - f3c5edec-fcc1-440f-ba30-167340659c5c@group-35E29BAFB5C9-LeaderElection17: ELECTION REJECTED received 1 response(s) and 0 exception(s):
2021-08-25 23:20:23,276 [f3c5edec-fcc1-440f-ba30-167340659c5c@group-35E29BAFB5C9-LeaderElection17] INFO  impl.LeaderElection (LeaderElection.java:logAndReturn(93)) -   Response 0: f3c5edec-fcc1-440f-ba30-167340659c5c<-d2e949a9-e5b3-4c4c-92b0-47a0169dba23#0:FAIL-t3
2021-08-25 23:20:23,276 [f3c5edec-fcc1-440f-ba30-167340659c5c@group-35E29BAFB5C9-LeaderElection17] INFO  impl.LeaderElection (LeaderElection.java:askForVotes(308)) - f3c5edec-fcc1-440f-ba30-167340659c5c@group-35E29BAFB5C9-LeaderElection17 ELECTION round 0: result REJECTED
2021-08-25 23:20:23,276 [f3c5edec-fcc1-440f-ba30-167340659c5c@group-35E29BAFB5C9-LeaderElection17] INFO  server.RaftServer$Division (RaftServerImpl.java:setRole(285)) - f3c5edec-fcc1-440f-ba30-167340659c5c@group-35E29BAFB5C9: changes role from CANDIDATE to FOLLOWER at term 3 for REJECTED
2021-08-25 23:20:23,276 [f3c5edec-fcc1-440f-ba30-167340659c5c@group-35E29BAFB5C9-LeaderElection17] INFO  impl.RoleInfo (RoleInfo.java:shutdownLeaderElection(121)) - f3c5edec-fcc1-440f-ba30-167340659c5c: shutdown f3c5edec-fcc1-440f-ba30-167340659c5c@group-35E29BAFB5C9-LeaderElection17
2021-08-25 23:20:23,276 [f3c5edec-fcc1-440f-ba30-167340659c5c@group-35E29BAFB5C9-LeaderElection17] INFO  impl.RoleInfo (RoleInfo.java:updateAndGet(130)) - f3c5edec-fcc1-440f-ba30-167340659c5c: start f3c5edec-fcc1-440f-ba30-167340659c5c@group-35E29BAFB5C9-FollowerState
2021-08-25 23:20:23,765 [e56ee20f-9a03-437e-8d1d-8d6614c978b9@group-85F725802A99-FollowerState] INFO  impl.FollowerState (FollowerState.java:run(134)) - e56ee20f-9a03-437e-8d1d-8d6614c978b9@group-85F725802A99-FollowerState: change to CANDIDATE, lastRpcElapsedTime:5077206488ns, electionTimeout:5077ms
2021-08-25 23:20:23,767 [e56ee20f-9a03-437e-8d1d-8d6614c978b9@group-85F725802A99-FollowerState] INFO  impl.RoleInfo (RoleInfo.java:shutdownFollowerState(108)) - e56ee20f-9a03-437e-8d1d-8d6614c978b9: shutdown e56ee20f-9a03-437e-8d1d-8d6614c978b9@group-85F725802A99-FollowerState
2021-08-25 23:20:23,767 [e56ee20f-9a03-437e-8d1d-8d6614c978b9@group-85F725802A99-FollowerState] INFO  server.RaftServer$Division (RaftServerImpl.java:setRole(285)) - e56ee20f-9a03-437e-8d1d-8d6614c978b9@group-85F725802A99: changes role from  FOLLOWER to CANDIDATE at term 1 for changeToCandidate
2021-08-25 23:20:23,767 [e56ee20f-9a03-437e-8d1d-8d6614c978b9@group-85F725802A99-FollowerState] INFO  server.RaftServerConfigKeys (ConfUtils.java:logGet(44)) - raft.server.leaderelection.pre-vote = false (custom)
2021-08-25 23:20:23,767 [e56ee20f-9a03-437e-8d1d-8d6614c978b9@group-85F725802A99-FollowerState] INFO  impl.RoleInfo (RoleInfo.java:updateAndGet(130)) - e56ee20f-9a03-437e-8d1d-8d6614c978b9: start e56ee20f-9a03-437e-8d1d-8d6614c978b9@group-85F725802A99-LeaderElection18
2021-08-25 23:20:23,769 [e56ee20f-9a03-437e-8d1d-8d6614c978b9@group-85F725802A99-LeaderElection18] INFO  impl.LeaderElection (LeaderElection.java:askForVotes(306)) - e56ee20f-9a03-437e-8d1d-8d6614c978b9@group-85F725802A99-LeaderElection18 ELECTION round 0: submit vote requests at term 2 for -1: [4553ea2b-b05c-4809-ad97-5bb271da1b92|rpc:10.1.0.32:36113|priority:1, 02c65f58-31b6-441b-a599-132cd2d8b363|rpc:10.1.0.32:34905|priority:0, e56ee20f-9a03-437e-8d1d-8d6614c978b9|rpc:10.1.0.32:35337|priority:0], old=null
2021-08-25 23:20:23,782 [grpc-default-executor-1] INFO  server.RaftServer$Division (RaftServerImpl.java:requestVote(1043)) - 02c65f58-31b6-441b-a599-132cd2d8b363@group-85F725802A99: receive requestVote(ELECTION, e56ee20f-9a03-437e-8d1d-8d6614c978b9, group-85F725802A99, 2, (t:0, i:0))
2021-08-25 23:20:23,782 [grpc-default-executor-1] INFO  impl.VoteContext (VoteContext.java:log(48)) - 02c65f58-31b6-441b-a599-132cd2d8b363@group-85F725802A99-FOLLOWER: accept ELECTION from e56ee20f-9a03-437e-8d1d-8d6614c978b9: our priority 0 <= candidate's priority 0
2021-08-25 23:20:23,782 [grpc-default-executor-1] INFO  server.RaftServer$Division (RaftServerImpl.java:setRole(285)) - 02c65f58-31b6-441b-a599-132cd2d8b363@group-85F725802A99: changes role from  FOLLOWER to FOLLOWER at term 2 for candidate:e56ee20f-9a03-437e-8d1d-8d6614c978b9
2021-08-25 23:20:23,782 [grpc-default-executor-1] INFO  impl.RoleInfo (RoleInfo.java:shutdownFollowerState(108)) - 02c65f58-31b6-441b-a599-132cd2d8b363: shutdown 02c65f58-31b6-441b-a599-132cd2d8b363@group-85F725802A99-FollowerState
2021-08-25 23:20:23,782 [grpc-default-executor-1] INFO  impl.RoleInfo (RoleInfo.java:updateAndGet(130)) - 02c65f58-31b6-441b-a599-132cd2d8b363: start 02c65f58-31b6-441b-a599-132cd2d8b363@group-85F725802A99-FollowerState
2021-08-25 23:20:23,782 [02c65f58-31b6-441b-a599-132cd2d8b363@group-85F725802A99-FollowerState] INFO  impl.FollowerState (FollowerState.java:run(143)) - 02c65f58-31b6-441b-a599-132cd2d8b363@group-85F725802A99-FollowerState was interrupted: {}
java.lang.InterruptedException: sleep interrupted
	at java.lang.Thread.sleep(Native Method)
	at java.lang.Thread.sleep(Thread.java:340)
	at java.util.concurrent.TimeUnit.sleep(TimeUnit.java:386)
	at org.apache.ratis.util.TimeDuration.sleep(TimeDuration.java:324)
	at org.apache.ratis.util.TimeDuration.sleep(TimeDuration.java:309)
	at org.apache.ratis.server.impl.FollowerState.run(FollowerState.java:118)
2021-08-25 23:20:23,784 [grpc-default-executor-1] INFO  server.RaftServer$Division (RaftServerImpl.java:requestVote(1075)) - 02c65f58-31b6-441b-a599-132cd2d8b363@group-85F725802A99 replies to ELECTION vote request: e56ee20f-9a03-437e-8d1d-8d6614c978b9<-02c65f58-31b6-441b-a599-132cd2d8b363#0:OK-t2. Peer's state: 02c65f58-31b6-441b-a599-132cd2d8b363@group-85F725802A99:t2, leader=null, voted=e56ee20f-9a03-437e-8d1d-8d6614c978b9, raftlog=02c65f58-31b6-441b-a599-132cd2d8b363@group-85F725802A99-SegmentedRaftLog:OPENED:c-1,f-1,i0, conf=-1: [4553ea2b-b05c-4809-ad97-5bb271da1b92|rpc:10.1.0.32:36113|dataStream:|priority:1, 02c65f58-31b6-441b-a599-132cd2d8b363|rpc:10.1.0.32:34905|dataStream:|priority:0, e56ee20f-9a03-437e-8d1d-8d6614c978b9|rpc:10.1.0.32:35337|dataStream:|priority:0], old=null
2021-08-25 23:20:23,791 [grpc-default-executor-1] INFO  server.RaftServer$Division (RaftServerImpl.java:requestVote(1043)) - 4553ea2b-b05c-4809-ad97-5bb271da1b92@group-85F725802A99: receive requestVote(ELECTION, e56ee20f-9a03-437e-8d1d-8d6614c978b9, group-85F725802A99, 2, (t:0, i:0))
2021-08-25 23:20:23,792 [grpc-default-executor-1] INFO  impl.VoteContext (VoteContext.java:log(48)) - 4553ea2b-b05c-4809-ad97-5bb271da1b92@group-85F725802A99-FOLLOWER: reject ELECTION from e56ee20f-9a03-437e-8d1d-8d6614c978b9: our priority 1 > candidate's priority 0
2021-08-25 23:20:23,792 [grpc-default-executor-1] INFO  server.RaftServer$Division (RaftServerImpl.java:setRole(285)) - 4553ea2b-b05c-4809-ad97-5bb271da1b92@group-85F725802A99: changes role from  FOLLOWER to FOLLOWER at term 2 for candidate:e56ee20f-9a03-437e-8d1d-8d6614c978b9
2021-08-25 23:20:23,792 [grpc-default-executor-1] INFO  impl.RoleInfo (RoleInfo.java:shutdownFollowerState(108)) - 4553ea2b-b05c-4809-ad97-5bb271da1b92: shutdown 4553ea2b-b05c-4809-ad97-5bb271da1b92@group-85F725802A99-FollowerState
2021-08-25 23:20:23,792 [grpc-default-executor-1] INFO  impl.RoleInfo (RoleInfo.java:updateAndGet(130)) - 4553ea2b-b05c-4809-ad97-5bb271da1b92: start 4553ea2b-b05c-4809-ad97-5bb271da1b92@group-85F725802A99-FollowerState
2021-08-25 23:20:23,792 [4553ea2b-b05c-4809-ad97-5bb271da1b92@group-85F725802A99-FollowerState] INFO  impl.FollowerState (FollowerState.java:run(143)) - 4553ea2b-b05c-4809-ad97-5bb271da1b92@group-85F725802A99-FollowerState was interrupted: {}
java.lang.InterruptedException: sleep interrupted
	at java.lang.Thread.sleep(Native Method)
	at java.lang.Thread.sleep(Thread.java:340)
	at java.util.concurrent.TimeUnit.sleep(TimeUnit.java:386)
	at org.apache.ratis.util.TimeDuration.sleep(TimeDuration.java:324)
	at org.apache.ratis.util.TimeDuration.sleep(TimeDuration.java:309)
	at org.apache.ratis.server.impl.FollowerState.run(FollowerState.java:118)
2021-08-25 23:20:23,800 [grpc-default-executor-1] INFO  server.RaftServer$Division (RaftServerImpl.java:requestVote(1075)) - 4553ea2b-b05c-4809-ad97-5bb271da1b92@group-85F725802A99 replies to ELECTION vote request: e56ee20f-9a03-437e-8d1d-8d6614c978b9<-4553ea2b-b05c-4809-ad97-5bb271da1b92#0:FAIL-t2. Peer's state: 4553ea2b-b05c-4809-ad97-5bb271da1b92@group-85F725802A99:t2, leader=null, voted=null, raftlog=4553ea2b-b05c-4809-ad97-5bb271da1b92@group-85F725802A99-SegmentedRaftLog:OPENED:c-1,f-1,i0, conf=-1: [4553ea2b-b05c-4809-ad97-5bb271da1b92|rpc:10.1.0.32:36113|dataStream:|priority:1, 02c65f58-31b6-441b-a599-132cd2d8b363|rpc:10.1.0.32:34905|dataStream:|priority:0, e56ee20f-9a03-437e-8d1d-8d6614c978b9|rpc:10.1.0.32:35337|dataStream:|priority:0], old=null
2021-08-25 23:20:23,801 [e56ee20f-9a03-437e-8d1d-8d6614c978b9@group-85F725802A99-LeaderElection18] INFO  impl.LeaderElection (LeaderElection.java:logAndReturn(89)) - e56ee20f-9a03-437e-8d1d-8d6614c978b9@group-85F725802A99-LeaderElection18: ELECTION REJECTED received 2 response(s) and 0 exception(s):
2021-08-25 23:20:23,801 [e56ee20f-9a03-437e-8d1d-8d6614c978b9@group-85F725802A99-LeaderElection18] INFO  impl.LeaderElection (LeaderElection.java:logAndReturn(93)) -   Response 0: e56ee20f-9a03-437e-8d1d-8d6614c978b9<-02c65f58-31b6-441b-a599-132cd2d8b363#0:OK-t2
2021-08-25 23:20:23,801 [e56ee20f-9a03-437e-8d1d-8d6614c978b9@group-85F725802A99-LeaderElection18] INFO  impl.LeaderElection (LeaderElection.java:logAndReturn(93)) -   Response 1: e56ee20f-9a03-437e-8d1d-8d6614c978b9<-4553ea2b-b05c-4809-ad97-5bb271da1b92#0:FAIL-t2
2021-08-25 23:20:23,801 [e56ee20f-9a03-437e-8d1d-8d6614c978b9@group-85F725802A99-LeaderElection18] INFO  impl.LeaderElection (LeaderElection.java:askForVotes(308)) - e56ee20f-9a03-437e-8d1d-8d6614c978b9@group-85F725802A99-LeaderElection18 ELECTION round 0: result REJECTED
2021-08-25 23:20:23,801 [e56ee20f-9a03-437e-8d1d-8d6614c978b9@group-85F725802A99-LeaderElection18] INFO  server.RaftServer$Division (RaftServerImpl.java:setRole(285)) - e56ee20f-9a03-437e-8d1d-8d6614c978b9@group-85F725802A99: changes role from CANDIDATE to FOLLOWER at term 2 for REJECTED
2021-08-25 23:20:23,801 [e56ee20f-9a03-437e-8d1d-8d6614c978b9@group-85F725802A99-LeaderElection18] INFO  impl.RoleInfo (RoleInfo.java:shutdownLeaderElection(121)) - e56ee20f-9a03-437e-8d1d-8d6614c978b9: shutdown e56ee20f-9a03-437e-8d1d-8d6614c978b9@group-85F725802A99-LeaderElection18
2021-08-25 23:20:23,801 [e56ee20f-9a03-437e-8d1d-8d6614c978b9@group-85F725802A99-LeaderElection18] INFO  impl.RoleInfo (RoleInfo.java:updateAndGet(130)) - e56ee20f-9a03-437e-8d1d-8d6614c978b9: start e56ee20f-9a03-437e-8d1d-8d6614c978b9@group-85F725802A99-FollowerState
2021-08-25 23:20:27,271 [551d55f6-e55a-4cfa-9f5c-62fc7ce672f1@group-A0C5CFE587C4-FollowerState] INFO  impl.FollowerState (FollowerState.java:run(134)) - 551d55f6-e55a-4cfa-9f5c-62fc7ce672f1@group-A0C5CFE587C4-FollowerState: change to CANDIDATE, lastRpcElapsedTime:5040192375ns, electionTimeout:5033ms
2021-08-25 23:20:27,274 [551d55f6-e55a-4cfa-9f5c-62fc7ce672f1@group-A0C5CFE587C4-FollowerState] INFO  impl.RoleInfo (RoleInfo.java:shutdownFollowerState(108)) - 551d55f6-e55a-4cfa-9f5c-62fc7ce672f1: shutdown 551d55f6-e55a-4cfa-9f5c-62fc7ce672f1@group-A0C5CFE587C4-FollowerState
2021-08-25 23:20:27,275 [551d55f6-e55a-4cfa-9f5c-62fc7ce672f1@group-A0C5CFE587C4-FollowerState] INFO  server.RaftServer$Division (RaftServerImpl.java:setRole(285)) - 551d55f6-e55a-4cfa-9f5c-62fc7ce672f1@group-A0C5CFE587C4: changes role from  FOLLOWER to CANDIDATE at term 2 for changeToCandidate
2021-08-25 23:20:27,275 [551d55f6-e55a-4cfa-9f5c-62fc7ce672f1@group-A0C5CFE587C4-FollowerState] INFO  server.RaftServerConfigKeys (ConfUtils.java:logGet(44)) - raft.server.leaderelection.pre-vote = false (custom)
2021-08-25 23:20:27,275 [551d55f6-e55a-4cfa-9f5c-62fc7ce672f1@group-A0C5CFE587C4-FollowerState] INFO  impl.RoleInfo (RoleInfo.java:updateAndGet(130)) - 551d55f6-e55a-4cfa-9f5c-62fc7ce672f1: start 551d55f6-e55a-4cfa-9f5c-62fc7ce672f1@group-A0C5CFE587C4-LeaderElection19
2021-08-25 23:20:27,276 [551d55f6-e55a-4cfa-9f5c-62fc7ce672f1@group-A0C5CFE587C4-LeaderElection19] INFO  impl.LeaderElection (LeaderElection.java:askForVotes(306)) - 551d55f6-e55a-4cfa-9f5c-62fc7ce672f1@group-A0C5CFE587C4-LeaderElection19 ELECTION round 0: submit vote requests at term 3 for -1: [282e11bf-8d58-444e-a800-cb732d8168d5|rpc:10.1.0.32:39035|priority:1, d3a6c254-c963-411b-bd1c-0e160a3b8690|rpc:10.1.0.32:42735|priority:0, 551d55f6-e55a-4cfa-9f5c-62fc7ce672f1|rpc:10.1.0.32:34175|priority:0], old=null
2021-08-25 23:20:27,281 [grpc-default-executor-1] INFO  server.RaftServer$Division (RaftServerImpl.java:requestVote(1043)) - d3a6c254-c963-411b-bd1c-0e160a3b8690@group-A0C5CFE587C4: receive requestVote(ELECTION, 551d55f6-e55a-4cfa-9f5c-62fc7ce672f1, group-A0C5CFE587C4, 3, (t:0, i:0))
2021-08-25 23:20:27,281 [grpc-default-executor-1] INFO  impl.VoteContext (VoteContext.java:log(48)) - d3a6c254-c963-411b-bd1c-0e160a3b8690@group-A0C5CFE587C4-FOLLOWER: accept ELECTION from 551d55f6-e55a-4cfa-9f5c-62fc7ce672f1: our priority 0 <= candidate's priority 0
2021-08-25 23:20:27,281 [grpc-default-executor-1] INFO  server.RaftServer$Division (RaftServerImpl.java:setRole(285)) - d3a6c254-c963-411b-bd1c-0e160a3b8690@group-A0C5CFE587C4: changes role from  FOLLOWER to FOLLOWER at term 3 for candidate:551d55f6-e55a-4cfa-9f5c-62fc7ce672f1
2021-08-25 23:20:27,281 [grpc-default-executor-1] INFO  impl.RoleInfo (RoleInfo.java:shutdownFollowerState(108)) - d3a6c254-c963-411b-bd1c-0e160a3b8690: shutdown d3a6c254-c963-411b-bd1c-0e160a3b8690@group-A0C5CFE587C4-FollowerState
2021-08-25 23:20:27,281 [grpc-default-executor-1] INFO  impl.RoleInfo (RoleInfo.java:updateAndGet(130)) - d3a6c254-c963-411b-bd1c-0e160a3b8690: start d3a6c254-c963-411b-bd1c-0e160a3b8690@group-A0C5CFE587C4-FollowerState
2021-08-25 23:20:27,281 [d3a6c254-c963-411b-bd1c-0e160a3b8690@group-A0C5CFE587C4-FollowerState] INFO  impl.FollowerState (FollowerState.java:run(143)) - d3a6c254-c963-411b-bd1c-0e160a3b8690@group-A0C5CFE587C4-FollowerState was interrupted: {}
java.lang.InterruptedException: sleep interrupted
	at java.lang.Thread.sleep(Native Method)
	at java.lang.Thread.sleep(Thread.java:340)
	at java.util.concurrent.TimeUnit.sleep(TimeUnit.java:386)
	at org.apache.ratis.util.TimeDuration.sleep(TimeDuration.java:324)
	at org.apache.ratis.util.TimeDuration.sleep(TimeDuration.java:309)
	at org.apache.ratis.server.impl.FollowerState.run(FollowerState.java:118)
2021-08-25 23:20:27,286 [grpc-default-executor-4] INFO  server.RaftServer$Division (RaftServerImpl.java:requestVote(1043)) - 282e11bf-8d58-444e-a800-cb732d8168d5@group-A0C5CFE587C4: receive requestVote(ELECTION, 551d55f6-e55a-4cfa-9f5c-62fc7ce672f1, group-A0C5CFE587C4, 3, (t:0, i:0))
2021-08-25 23:20:27,286 [grpc-default-executor-4] INFO  impl.VoteContext (VoteContext.java:log(48)) - 282e11bf-8d58-444e-a800-cb732d8168d5@group-A0C5CFE587C4-FOLLOWER: reject ELECTION from 551d55f6-e55a-4cfa-9f5c-62fc7ce672f1: our priority 1 > candidate's priority 0
2021-08-25 23:20:27,286 [grpc-default-executor-4] INFO  server.RaftServer$Division (RaftServerImpl.java:setRole(285)) - 282e11bf-8d58-444e-a800-cb732d8168d5@group-A0C5CFE587C4: changes role from  FOLLOWER to FOLLOWER at term 3 for candidate:551d55f6-e55a-4cfa-9f5c-62fc7ce672f1
2021-08-25 23:20:27,286 [grpc-default-executor-4] INFO  impl.RoleInfo (RoleInfo.java:shutdownFollowerState(108)) - 282e11bf-8d58-444e-a800-cb732d8168d5: shutdown 282e11bf-8d58-444e-a800-cb732d8168d5@group-A0C5CFE587C4-FollowerState
2021-08-25 23:20:27,286 [grpc-default-executor-4] INFO  impl.RoleInfo (RoleInfo.java:updateAndGet(130)) - 282e11bf-8d58-444e-a800-cb732d8168d5: start 282e11bf-8d58-444e-a800-cb732d8168d5@group-A0C5CFE587C4-FollowerState
2021-08-25 23:20:27,286 [282e11bf-8d58-444e-a800-cb732d8168d5@group-A0C5CFE587C4-FollowerState] INFO  impl.FollowerState (FollowerState.java:run(143)) - 282e11bf-8d58-444e-a800-cb732d8168d5@group-A0C5CFE587C4-FollowerState was interrupted: {}
java.lang.InterruptedException: sleep interrupted
	at java.lang.Thread.sleep(Native Method)
	at java.lang.Thread.sleep(Thread.java:340)
	at java.util.concurrent.TimeUnit.sleep(TimeUnit.java:386)
	at org.apache.ratis.util.TimeDuration.sleep(TimeDuration.java:324)
	at org.apache.ratis.util.TimeDuration.sleep(TimeDuration.java:309)
	at org.apache.ratis.server.impl.FollowerState.run(FollowerState.java:118)
2021-08-25 23:20:27,288 [grpc-default-executor-1] INFO  server.RaftServer$Division (RaftServerImpl.java:requestVote(1075)) - d3a6c254-c963-411b-bd1c-0e160a3b8690@group-A0C5CFE587C4 replies to ELECTION vote request: 551d55f6-e55a-4cfa-9f5c-62fc7ce672f1<-d3a6c254-c963-411b-bd1c-0e160a3b8690#0:OK-t3. Peer's state: d3a6c254-c963-411b-bd1c-0e160a3b8690@group-A0C5CFE587C4:t3, leader=null, voted=551d55f6-e55a-4cfa-9f5c-62fc7ce672f1, raftlog=d3a6c254-c963-411b-bd1c-0e160a3b8690@group-A0C5CFE587C4-SegmentedRaftLog:OPENED:c-1,f-1,i0, conf=-1: [282e11bf-8d58-444e-a800-cb732d8168d5|rpc:10.1.0.32:39035|priority:1, d3a6c254-c963-411b-bd1c-0e160a3b8690|rpc:10.1.0.32:42735|priority:0, 551d55f6-e55a-4cfa-9f5c-62fc7ce672f1|rpc:10.1.0.32:34175|priority:0], old=null
2021-08-25 23:20:27,289 [grpc-default-executor-4] INFO  server.RaftServer$Division (RaftServerImpl.java:requestVote(1075)) - 282e11bf-8d58-444e-a800-cb732d8168d5@group-A0C5CFE587C4 replies to ELECTION vote request: 551d55f6-e55a-4cfa-9f5c-62fc7ce672f1<-282e11bf-8d58-444e-a800-cb732d8168d5#0:FAIL-t3. Peer's state: 282e11bf-8d58-444e-a800-cb732d8168d5@group-A0C5CFE587C4:t3, leader=null, voted=null, raftlog=282e11bf-8d58-444e-a800-cb732d8168d5@group-A0C5CFE587C4-SegmentedRaftLog:OPENED:c-1,f-1,i0, conf=-1: [282e11bf-8d58-444e-a800-cb732d8168d5|rpc:10.1.0.32:39035|priority:1, d3a6c254-c963-411b-bd1c-0e160a3b8690|rpc:10.1.0.32:42735|priority:0, 551d55f6-e55a-4cfa-9f5c-62fc7ce672f1|rpc:10.1.0.32:34175|priority:0], old=null
2021-08-25 23:20:27,290 [551d55f6-e55a-4cfa-9f5c-62fc7ce672f1@group-A0C5CFE587C4-LeaderElection19] INFO  impl.LeaderElection (LeaderElection.java:logAndReturn(89)) - 551d55f6-e55a-4cfa-9f5c-62fc7ce672f1@group-A0C5CFE587C4-LeaderElection19: ELECTION REJECTED received 2 response(s) and 0 exception(s):
2021-08-25 23:20:27,290 [551d55f6-e55a-4cfa-9f5c-62fc7ce672f1@group-A0C5CFE587C4-LeaderElection19] INFO  impl.LeaderElection (LeaderElection.java:logAndReturn(93)) -   Response 0: 551d55f6-e55a-4cfa-9f5c-62fc7ce672f1<-282e11bf-8d58-444e-a800-cb732d8168d5#0:FAIL-t3
2021-08-25 23:20:27,290 [551d55f6-e55a-4cfa-9f5c-62fc7ce672f1@group-A0C5CFE587C4-LeaderElection19] INFO  impl.LeaderElection (LeaderElection.java:logAndReturn(93)) -   Response 1: 551d55f6-e55a-4cfa-9f5c-62fc7ce672f1<-d3a6c254-c963-411b-bd1c-0e160a3b8690#0:OK-t3
2021-08-25 23:20:27,290 [551d55f6-e55a-4cfa-9f5c-62fc7ce672f1@group-A0C5CFE587C4-LeaderElection19] INFO  impl.LeaderElection (LeaderElection.java:askForVotes(308)) - 551d55f6-e55a-4cfa-9f5c-62fc7ce672f1@group-A0C5CFE587C4-LeaderElection19 ELECTION round 0: result REJECTED
2021-08-25 23:20:27,290 [551d55f6-e55a-4cfa-9f5c-62fc7ce672f1@group-A0C5CFE587C4-LeaderElection19] INFO  server.RaftServer$Division (RaftServerImpl.java:setRole(285)) - 551d55f6-e55a-4cfa-9f5c-62fc7ce672f1@group-A0C5CFE587C4: changes role from CANDIDATE to FOLLOWER at term 3 for REJECTED
2021-08-25 23:20:27,291 [551d55f6-e55a-4cfa-9f5c-62fc7ce672f1@group-A0C5CFE587C4-LeaderElection19] INFO  impl.RoleInfo (RoleInfo.java:shutdownLeaderElection(121)) - 551d55f6-e55a-4cfa-9f5c-62fc7ce672f1: shutdown 551d55f6-e55a-4cfa-9f5c-62fc7ce672f1@group-A0C5CFE587C4-LeaderElection19
2021-08-25 23:20:27,291 [551d55f6-e55a-4cfa-9f5c-62fc7ce672f1@group-A0C5CFE587C4-LeaderElection19] INFO  impl.RoleInfo (RoleInfo.java:updateAndGet(130)) - 551d55f6-e55a-4cfa-9f5c-62fc7ce672f1: start 551d55f6-e55a-4cfa-9f5c-62fc7ce672f1@group-A0C5CFE587C4-FollowerState
2021-08-25 23:20:28,340 [f3c5edec-fcc1-440f-ba30-167340659c5c@group-35E29BAFB5C9-FollowerState] INFO  impl.FollowerState (FollowerState.java:run(134)) - f3c5edec-fcc1-440f-ba30-167340659c5c@group-35E29BAFB5C9-FollowerState: change to CANDIDATE, lastRpcElapsedTime:5063838986ns, electionTimeout:5063ms
2021-08-25 23:20:28,340 [f3c5edec-fcc1-440f-ba30-167340659c5c@group-35E29BAFB5C9-FollowerState] INFO  impl.RoleInfo (RoleInfo.java:shutdownFollowerState(108)) - f3c5edec-fcc1-440f-ba30-167340659c5c: shutdown f3c5edec-fcc1-440f-ba30-167340659c5c@group-35E29BAFB5C9-FollowerState
2021-08-25 23:20:28,341 [f3c5edec-fcc1-440f-ba30-167340659c5c@group-35E29BAFB5C9-FollowerState] INFO  server.RaftServer$Division (RaftServerImpl.java:setRole(285)) - f3c5edec-fcc1-440f-ba30-167340659c5c@group-35E29BAFB5C9: changes role from  FOLLOWER to CANDIDATE at term 3 for changeToCandidate
2021-08-25 23:20:28,341 [f3c5edec-fcc1-440f-ba30-167340659c5c@group-35E29BAFB5C9-FollowerState] INFO  server.RaftServerConfigKeys (ConfUtils.java:logGet(44)) - raft.server.leaderelection.pre-vote = false (custom)
2021-08-25 23:20:28,341 [f3c5edec-fcc1-440f-ba30-167340659c5c@group-35E29BAFB5C9-FollowerState] INFO  impl.RoleInfo (RoleInfo.java:updateAndGet(130)) - f3c5edec-fcc1-440f-ba30-167340659c5c: start f3c5edec-fcc1-440f-ba30-167340659c5c@group-35E29BAFB5C9-LeaderElection20
2021-08-25 23:20:28,348 [f3c5edec-fcc1-440f-ba30-167340659c5c@group-35E29BAFB5C9-LeaderElection20] INFO  impl.LeaderElection (LeaderElection.java:askForVotes(306)) - f3c5edec-fcc1-440f-ba30-167340659c5c@group-35E29BAFB5C9-LeaderElection20 ELECTION round 0: submit vote requests at term 4 for -1: [f3c5edec-fcc1-440f-ba30-167340659c5c|rpc:10.1.0.32:45103|dataStream:|priority:0, d2e949a9-e5b3-4c4c-92b0-47a0169dba23|rpc:10.1.0.32:37449|dataStream:|priority:1, 55460722-07fd-4e57-847c-29244a947e0a|rpc:10.1.0.32:40409|dataStream:|priority:0], old=null
2021-08-25 23:20:28,354 [grpc-default-executor-4] INFO  server.RaftServer$Division (RaftServerImpl.java:requestVote(1043)) - d2e949a9-e5b3-4c4c-92b0-47a0169dba23@group-35E29BAFB5C9: receive requestVote(ELECTION, f3c5edec-fcc1-440f-ba30-167340659c5c, group-35E29BAFB5C9, 4, (t:0, i:0))
2021-08-25 23:20:28,354 [grpc-default-executor-4] INFO  impl.VoteContext (VoteContext.java:log(48)) - d2e949a9-e5b3-4c4c-92b0-47a0169dba23@group-35E29BAFB5C9-FOLLOWER: reject ELECTION from f3c5edec-fcc1-440f-ba30-167340659c5c: our last entry (t:1, i:0) > candidate's last entry (t:0, i:0)
2021-08-25 23:20:28,355 [grpc-default-executor-4] INFO  server.RaftServer$Division (RaftServerImpl.java:setRole(285)) - d2e949a9-e5b3-4c4c-92b0-47a0169dba23@group-35E29BAFB5C9: changes role from  FOLLOWER to FOLLOWER at term 4 for candidate:f3c5edec-fcc1-440f-ba30-167340659c5c
2021-08-25 23:20:28,355 [grpc-default-executor-4] INFO  impl.RoleInfo (RoleInfo.java:shutdownFollowerState(108)) - d2e949a9-e5b3-4c4c-92b0-47a0169dba23: shutdown d2e949a9-e5b3-4c4c-92b0-47a0169dba23@group-35E29BAFB5C9-FollowerState
2021-08-25 23:20:28,355 [grpc-default-executor-4] INFO  impl.RoleInfo (RoleInfo.java:updateAndGet(130)) - d2e949a9-e5b3-4c4c-92b0-47a0169dba23: start d2e949a9-e5b3-4c4c-92b0-47a0169dba23@group-35E29BAFB5C9-FollowerState
2021-08-25 23:20:28,355 [d2e949a9-e5b3-4c4c-92b0-47a0169dba23@group-35E29BAFB5C9-FollowerState] INFO  impl.FollowerState (FollowerState.java:run(143)) - d2e949a9-e5b3-4c4c-92b0-47a0169dba23@group-35E29BAFB5C9-FollowerState was interrupted: {}
java.lang.InterruptedException: sleep interrupted
	at java.lang.Thread.sleep(Native Method)
	at java.lang.Thread.sleep(Thread.java:340)
	at java.util.concurrent.TimeUnit.sleep(TimeUnit.java:386)
	at org.apache.ratis.util.TimeDuration.sleep(TimeDuration.java:324)
	at org.apache.ratis.util.TimeDuration.sleep(TimeDuration.java:309)
	at org.apache.ratis.server.impl.FollowerState.run(FollowerState.java:118)
2021-08-25 23:20:28,361 [grpc-default-executor-4] INFO  server.RaftServer$Division (RaftServerImpl.java:requestVote(1075)) - d2e949a9-e5b3-4c4c-92b0-47a0169dba23@group-35E29BAFB5C9 replies to ELECTION vote request: f3c5edec-fcc1-440f-ba30-167340659c5c<-d2e949a9-e5b3-4c4c-92b0-47a0169dba23#0:FAIL-t4. Peer's state: d2e949a9-e5b3-4c4c-92b0-47a0169dba23@group-35E29BAFB5C9:t4, leader=null, voted=null, raftlog=d2e949a9-e5b3-4c4c-92b0-47a0169dba23@group-35E29BAFB5C9-SegmentedRaftLog:OPENED:c0,f0,i0, conf=0: [f3c5edec-fcc1-440f-ba30-167340659c5c|rpc:10.1.0.32:45103|dataStream:|priority:0, d2e949a9-e5b3-4c4c-92b0-47a0169dba23|rpc:10.1.0.32:37449|dataStream:|priority:1, 55460722-07fd-4e57-847c-29244a947e0a|rpc:10.1.0.32:40409|dataStream:|priority:0], old=null
2021-08-25 23:20:28,366 [grpc-default-executor-1] INFO  server.RaftServer$Division (RaftServerImpl.java:requestVote(1043)) - 55460722-07fd-4e57-847c-29244a947e0a@group-35E29BAFB5C9: receive requestVote(ELECTION, f3c5edec-fcc1-440f-ba30-167340659c5c, group-35E29BAFB5C9, 4, (t:0, i:0))
2021-08-25 23:20:28,366 [grpc-default-executor-1] INFO  impl.VoteContext (VoteContext.java:log(48)) - 55460722-07fd-4e57-847c-29244a947e0a@group-35E29BAFB5C9-FOLLOWER: accept ELECTION from f3c5edec-fcc1-440f-ba30-167340659c5c: our priority 0 <= candidate's priority 0
2021-08-25 23:20:28,366 [grpc-default-executor-1] INFO  server.RaftServer$Division (RaftServerImpl.java:setRole(285)) - 55460722-07fd-4e57-847c-29244a947e0a@group-35E29BAFB5C9: changes role from  FOLLOWER to FOLLOWER at term 4 for candidate:f3c5edec-fcc1-440f-ba30-167340659c5c
2021-08-25 23:20:28,366 [grpc-default-executor-1] INFO  impl.RoleInfo (RoleInfo.java:shutdownFollowerState(108)) - 55460722-07fd-4e57-847c-29244a947e0a: shutdown 55460722-07fd-4e57-847c-29244a947e0a@group-35E29BAFB5C9-FollowerState
2021-08-25 23:20:28,366 [grpc-default-executor-1] INFO  impl.RoleInfo (RoleInfo.java:updateAndGet(130)) - 55460722-07fd-4e57-847c-29244a947e0a: start 55460722-07fd-4e57-847c-29244a947e0a@group-35E29BAFB5C9-FollowerState
2021-08-25 23:20:28,366 [55460722-07fd-4e57-847c-29244a947e0a@group-35E29BAFB5C9-FollowerState] INFO  impl.FollowerState (FollowerState.java:run(143)) - 55460722-07fd-4e57-847c-29244a947e0a@group-35E29BAFB5C9-FollowerState was interrupted: {}
java.lang.InterruptedException: sleep interrupted
	at java.lang.Thread.sleep(Native Method)
	at java.lang.Thread.sleep(Thread.java:340)
	at java.util.concurrent.TimeUnit.sleep(TimeUnit.java:386)
	at org.apache.ratis.util.TimeDuration.sleep(TimeDuration.java:324)
	at org.apache.ratis.util.TimeDuration.sleep(TimeDuration.java:309)
	at org.apache.ratis.server.impl.FollowerState.run(FollowerState.java:118)
2021-08-25 23:20:28,367 [f3c5edec-fcc1-440f-ba30-167340659c5c@group-35E29BAFB5C9-LeaderElection20] INFO  impl.LeaderElection (LeaderElection.java:logAndReturn(89)) - f3c5edec-fcc1-440f-ba30-167340659c5c@group-35E29BAFB5C9-LeaderElection20: ELECTION REJECTED received 1 response(s) and 0 exception(s):
2021-08-25 23:20:28,367 [f3c5edec-fcc1-440f-ba30-167340659c5c@group-35E29BAFB5C9-LeaderElection20] INFO  impl.LeaderElection (LeaderElection.java:logAndReturn(93)) -   Response 0: f3c5edec-fcc1-440f-ba30-167340659c5c<-d2e949a9-e5b3-4c4c-92b0-47a0169dba23#0:FAIL-t4
2021-08-25 23:20:28,367 [f3c5edec-fcc1-440f-ba30-167340659c5c@group-35E29BAFB5C9-LeaderElection20] INFO  impl.LeaderElection (LeaderElection.java:askForVotes(308)) - f3c5edec-fcc1-440f-ba30-167340659c5c@group-35E29BAFB5C9-LeaderElection20 ELECTION round 0: result REJECTED
2021-08-25 23:20:28,367 [f3c5edec-fcc1-440f-ba30-167340659c5c@group-35E29BAFB5C9-LeaderElection20] INFO  server.RaftServer$Division (RaftServerImpl.java:setRole(285)) - f3c5edec-fcc1-440f-ba30-167340659c5c@group-35E29BAFB5C9: changes role from CANDIDATE to FOLLOWER at term 4 for REJECTED
2021-08-25 23:20:28,367 [f3c5edec-fcc1-440f-ba30-167340659c5c@group-35E29BAFB5C9-LeaderElection20] INFO  impl.RoleInfo (RoleInfo.java:shutdownLeaderElection(121)) - f3c5edec-fcc1-440f-ba30-167340659c5c: shutdown f3c5edec-fcc1-440f-ba30-167340659c5c@group-35E29BAFB5C9-LeaderElection20
2021-08-25 23:20:28,367 [f3c5edec-fcc1-440f-ba30-167340659c5c@group-35E29BAFB5C9-LeaderElection20] INFO  impl.RoleInfo (RoleInfo.java:updateAndGet(130)) - f3c5edec-fcc1-440f-ba30-167340659c5c: start f3c5edec-fcc1-440f-ba30-167340659c5c@group-35E29BAFB5C9-FollowerState
2021-08-25 23:20:28,371 [grpc-default-executor-1] INFO  server.RaftServer$Division (RaftServerImpl.java:requestVote(1075)) - 55460722-07fd-4e57-847c-29244a947e0a@group-35E29BAFB5C9 replies to ELECTION vote request: f3c5edec-fcc1-440f-ba30-167340659c5c<-55460722-07fd-4e57-847c-29244a947e0a#0:OK-t4. Peer's state: 55460722-07fd-4e57-847c-29244a947e0a@group-35E29BAFB5C9:t4, leader=null, voted=f3c5edec-fcc1-440f-ba30-167340659c5c, raftlog=55460722-07fd-4e57-847c-29244a947e0a@group-35E29BAFB5C9-SegmentedRaftLog:OPENED:c-1,f-1,i0, conf=-1: [f3c5edec-fcc1-440f-ba30-167340659c5c|rpc:10.1.0.32:45103|dataStream:|priority:0, d2e949a9-e5b3-4c4c-92b0-47a0169dba23|rpc:10.1.0.32:37449|dataStream:|priority:1, 55460722-07fd-4e57-847c-29244a947e0a|rpc:10.1.0.32:40409|dataStream:|priority:0], old=null
2021-08-25 23:20:28,862 [4553ea2b-b05c-4809-ad97-5bb271da1b92@group-85F725802A99-FollowerState] INFO  impl.FollowerState (FollowerState.java:run(134)) - 4553ea2b-b05c-4809-ad97-5bb271da1b92@group-85F725802A99-FollowerState: change to CANDIDATE, lastRpcElapsedTime:5069655462ns, electionTimeout:5060ms
2021-08-25 23:20:28,862 [4553ea2b-b05c-4809-ad97-5bb271da1b92@group-85F725802A99-FollowerState] INFO  impl.RoleInfo (RoleInfo.java:shutdownFollowerState(108)) - 4553ea2b-b05c-4809-ad97-5bb271da1b92: shutdown 4553ea2b-b05c-4809-ad97-5bb271da1b92@group-85F725802A99-FollowerState
2021-08-25 23:20:28,862 [4553ea2b-b05c-4809-ad97-5bb271da1b92@group-85F725802A99-FollowerState] INFO  server.RaftServer$Division (RaftServerImpl.java:setRole(285)) - 4553ea2b-b05c-4809-ad97-5bb271da1b92@group-85F725802A99: changes role from  FOLLOWER to CANDIDATE at term 2 for changeToCandidate
2021-08-25 23:20:28,862 [4553ea2b-b05c-4809-ad97-5bb271da1b92@group-85F725802A99-FollowerState] INFO  server.RaftServerConfigKeys (ConfUtils.java:logGet(44)) - raft.server.leaderelection.pre-vote = false (custom)
2021-08-25 23:20:28,862 [4553ea2b-b05c-4809-ad97-5bb271da1b92@group-85F725802A99-FollowerState] INFO  impl.RoleInfo (RoleInfo.java:updateAndGet(130)) - 4553ea2b-b05c-4809-ad97-5bb271da1b92: start 4553ea2b-b05c-4809-ad97-5bb271da1b92@group-85F725802A99-LeaderElection21
2021-08-25 23:20:28,866 [4553ea2b-b05c-4809-ad97-5bb271da1b92@group-85F725802A99-LeaderElection21] INFO  impl.LeaderElection (LeaderElection.java:askForVotes(306)) - 4553ea2b-b05c-4809-ad97-5bb271da1b92@group-85F725802A99-LeaderElection21 ELECTION round 0: submit vote requests at term 3 for -1: [4553ea2b-b05c-4809-ad97-5bb271da1b92|rpc:10.1.0.32:36113|dataStream:|priority:1, 02c65f58-31b6-441b-a599-132cd2d8b363|rpc:10.1.0.32:34905|dataStream:|priority:0, e56ee20f-9a03-437e-8d1d-8d6614c978b9|rpc:10.1.0.32:35337|dataStream:|priority:0], old=null
2021-08-25 23:20:28,877 [grpc-default-executor-1] INFO  server.RaftServer$Division (RaftServerImpl.java:requestVote(1043)) - 02c65f58-31b6-441b-a599-132cd2d8b363@group-85F725802A99: receive requestVote(ELECTION, 4553ea2b-b05c-4809-ad97-5bb271da1b92, group-85F725802A99, 3, (t:0, i:0))
2021-08-25 23:20:28,877 [grpc-default-executor-1] INFO  impl.VoteContext (VoteContext.java:log(48)) - 02c65f58-31b6-441b-a599-132cd2d8b363@group-85F725802A99-FOLLOWER: accept ELECTION from 4553ea2b-b05c-4809-ad97-5bb271da1b92: our priority 0 <= candidate's priority 1
2021-08-25 23:20:28,877 [grpc-default-executor-1] INFO  server.RaftServer$Division (RaftServerImpl.java:setRole(285)) - 02c65f58-31b6-441b-a599-132cd2d8b363@group-85F725802A99: changes role from  FOLLOWER to FOLLOWER at term 3 for candidate:4553ea2b-b05c-4809-ad97-5bb271da1b92
2021-08-25 23:20:28,877 [grpc-default-executor-1] INFO  impl.RoleInfo (RoleInfo.java:shutdownFollowerState(108)) - 02c65f58-31b6-441b-a599-132cd2d8b363: shutdown 02c65f58-31b6-441b-a599-132cd2d8b363@group-85F725802A99-FollowerState
2021-08-25 23:20:28,877 [grpc-default-executor-1] INFO  impl.RoleInfo (RoleInfo.java:updateAndGet(130)) - 02c65f58-31b6-441b-a599-132cd2d8b363: start 02c65f58-31b6-441b-a599-132cd2d8b363@group-85F725802A99-FollowerState
2021-08-25 23:20:28,877 [02c65f58-31b6-441b-a599-132cd2d8b363@group-85F725802A99-FollowerState] INFO  impl.FollowerState (FollowerState.java:run(143)) - 02c65f58-31b6-441b-a599-132cd2d8b363@group-85F725802A99-FollowerState was interrupted: {}
java.lang.InterruptedException: sleep interrupted
	at java.lang.Thread.sleep(Native Method)
	at java.lang.Thread.sleep(Thread.java:340)
	at java.util.concurrent.TimeUnit.sleep(TimeUnit.java:386)
	at org.apache.ratis.util.TimeDuration.sleep(TimeDuration.java:324)
	at org.apache.ratis.util.TimeDuration.sleep(TimeDuration.java:309)
	at org.apache.ratis.server.impl.FollowerState.run(FollowerState.java:118)
2021-08-25 23:20:28,884 [grpc-default-executor-1] INFO  server.RaftServer$Division (RaftServerImpl.java:requestVote(1075)) - 02c65f58-31b6-441b-a599-132cd2d8b363@group-85F725802A99 replies to ELECTION vote request: 4553ea2b-b05c-4809-ad97-5bb271da1b92<-02c65f58-31b6-441b-a599-132cd2d8b363#0:OK-t3. Peer's state: 02c65f58-31b6-441b-a599-132cd2d8b363@group-85F725802A99:t3, leader=null, voted=4553ea2b-b05c-4809-ad97-5bb271da1b92, raftlog=02c65f58-31b6-441b-a599-132cd2d8b363@group-85F725802A99-SegmentedRaftLog:OPENED:c-1,f-1,i0, conf=-1: [4553ea2b-b05c-4809-ad97-5bb271da1b92|rpc:10.1.0.32:36113|dataStream:|priority:1, 02c65f58-31b6-441b-a599-132cd2d8b363|rpc:10.1.0.32:34905|dataStream:|priority:0, e56ee20f-9a03-437e-8d1d-8d6614c978b9|rpc:10.1.0.32:35337|dataStream:|priority:0], old=null
2021-08-25 23:20:28,884 [grpc-default-executor-4] INFO  server.RaftServer$Division (RaftServerImpl.java:requestVote(1043)) - e56ee20f-9a03-437e-8d1d-8d6614c978b9@group-85F725802A99: receive requestVote(ELECTION, 4553ea2b-b05c-4809-ad97-5bb271da1b92, group-85F725802A99, 3, (t:0, i:0))
2021-08-25 23:20:28,884 [grpc-default-executor-4] INFO  impl.VoteContext (VoteContext.java:log(48)) - e56ee20f-9a03-437e-8d1d-8d6614c978b9@group-85F725802A99-FOLLOWER: accept ELECTION from 4553ea2b-b05c-4809-ad97-5bb271da1b92: our priority 0 <= candidate's priority 1
2021-08-25 23:20:28,884 [grpc-default-executor-4] INFO  server.RaftServer$Division (RaftServerImpl.java:setRole(285)) - e56ee20f-9a03-437e-8d1d-8d6614c978b9@group-85F725802A99: changes role from  FOLLOWER to FOLLOWER at term 3 for candidate:4553ea2b-b05c-4809-ad97-5bb271da1b92
2021-08-25 23:20:28,884 [grpc-default-executor-4] INFO  impl.RoleInfo (RoleInfo.java:shutdownFollowerState(108)) - e56ee20f-9a03-437e-8d1d-8d6614c978b9: shutdown e56ee20f-9a03-437e-8d1d-8d6614c978b9@group-85F725802A99-FollowerState
2021-08-25 23:20:28,884 [grpc-default-executor-4] INFO  impl.RoleInfo (RoleInfo.java:updateAndGet(130)) - e56ee20f-9a03-437e-8d1d-8d6614c978b9: start e56ee20f-9a03-437e-8d1d-8d6614c978b9@group-85F725802A99-FollowerState
2021-08-25 23:20:28,884 [e56ee20f-9a03-437e-8d1d-8d6614c978b9@group-85F725802A99-FollowerState] INFO  impl.FollowerState (FollowerState.java:run(143)) - e56ee20f-9a03-437e-8d1d-8d6614c978b9@group-85F725802A99-FollowerState was interrupted: {}
java.lang.InterruptedException: sleep interrupted
	at java.lang.Thread.sleep(Native Method)
	at java.lang.Thread.sleep(Thread.java:340)
	at java.util.concurrent.TimeUnit.sleep(TimeUnit.java:386)
	at org.apache.ratis.util.TimeDuration.sleep(TimeDuration.java:324)
	at org.apache.ratis.util.TimeDuration.sleep(TimeDuration.java:309)
	at org.apache.ratis.server.impl.FollowerState.run(FollowerState.java:118)
2021-08-25 23:20:28,886 [grpc-default-executor-4] INFO  server.RaftServer$Division (RaftServerImpl.java:requestVote(1075)) - e56ee20f-9a03-437e-8d1d-8d6614c978b9@group-85F725802A99 replies to ELECTION vote request: 4553ea2b-b05c-4809-ad97-5bb271da1b92<-e56ee20f-9a03-437e-8d1d-8d6614c978b9#0:OK-t3. Peer's state: e56ee20f-9a03-437e-8d1d-8d6614c978b9@group-85F725802A99:t3, leader=null, voted=4553ea2b-b05c-4809-ad97-5bb271da1b92, raftlog=e56ee20f-9a03-437e-8d1d-8d6614c978b9@group-85F725802A99-SegmentedRaftLog:OPENED:c-1,f-1,i0, conf=-1: [4553ea2b-b05c-4809-ad97-5bb271da1b92|rpc:10.1.0.32:36113|priority:1, 02c65f58-31b6-441b-a599-132cd2d8b363|rpc:10.1.0.32:34905|priority:0, e56ee20f-9a03-437e-8d1d-8d6614c978b9|rpc:10.1.0.32:35337|priority:0], old=null
2021-08-25 23:20:28,886 [4553ea2b-b05c-4809-ad97-5bb271da1b92@group-85F725802A99-LeaderElection21] INFO  impl.LeaderElection (LeaderElection.java:logAndReturn(89)) - 4553ea2b-b05c-4809-ad97-5bb271da1b92@group-85F725802A99-LeaderElection21: ELECTION PASSED received 1 response(s) and 0 exception(s):
2021-08-25 23:20:28,887 [4553ea2b-b05c-4809-ad97-5bb271da1b92@group-85F725802A99-LeaderElection21] INFO  impl.LeaderElection (LeaderElection.java:logAndReturn(93)) -   Response 0: 4553ea2b-b05c-4809-ad97-5bb271da1b92<-02c65f58-31b6-441b-a599-132cd2d8b363#0:OK-t3
2021-08-25 23:20:28,887 [4553ea2b-b05c-4809-ad97-5bb271da1b92@group-85F725802A99-LeaderElection21] INFO  impl.LeaderElection (LeaderElection.java:askForVotes(308)) - 4553ea2b-b05c-4809-ad97-5bb271da1b92@group-85F725802A99-LeaderElection21 ELECTION round 0: result PASSED
2021-08-25 23:20:28,887 [4553ea2b-b05c-4809-ad97-5bb271da1b92@group-85F725802A99-LeaderElection21] INFO  impl.RoleInfo (RoleInfo.java:shutdownLeaderElection(121)) - 4553ea2b-b05c-4809-ad97-5bb271da1b92: shutdown 4553ea2b-b05c-4809-ad97-5bb271da1b92@group-85F725802A99-LeaderElection21
2021-08-25 23:20:28,887 [4553ea2b-b05c-4809-ad97-5bb271da1b92@group-85F725802A99-LeaderElection21] INFO  server.RaftServer$Division (RaftServerImpl.java:setRole(285)) - 4553ea2b-b05c-4809-ad97-5bb271da1b92@group-85F725802A99: changes role from CANDIDATE to LEADER at term 3 for changeToLeader
2021-08-25 23:20:28,887 [4553ea2b-b05c-4809-ad97-5bb271da1b92@group-85F725802A99-LeaderElection21] INFO  ratis.XceiverServerRatis (XceiverServerRatis.java:handleLeaderChangedNotification(861)) - Leader change notification received for group: group-85F725802A99 with new leaderId: 4553ea2b-b05c-4809-ad97-5bb271da1b92
2021-08-25 23:20:28,887 [4553ea2b-b05c-4809-ad97-5bb271da1b92@group-85F725802A99-LeaderElection21] INFO  server.RaftServer$Division (ServerState.java:setLeader(285)) - 4553ea2b-b05c-4809-ad97-5bb271da1b92@group-85F725802A99: change Leader from null to 4553ea2b-b05c-4809-ad97-5bb271da1b92 at term 3 for becomeLeader, leader elected after 15334ms
2021-08-25 23:20:28,887 [4553ea2b-b05c-4809-ad97-5bb271da1b92@group-85F725802A99-LeaderElection21] INFO  server.RaftServerConfigKeys (ConfUtils.java:logGet(44)) - raft.server.staging.catchup.gap = 1000 (default)
2021-08-25 23:20:28,888 [4553ea2b-b05c-4809-ad97-5bb271da1b92@group-85F725802A99-LeaderElection21] INFO  server.RaftServerConfigKeys (ConfUtils.java:logGet(44)) - raft.server.write.element-limit = 1024 (custom)
2021-08-25 23:20:28,888 [4553ea2b-b05c-4809-ad97-5bb271da1b92@group-85F725802A99-LeaderElection21] INFO  server.RaftServerConfigKeys (ConfUtils.java:logGet(44)) - raft.server.write.byte-limit = 1024 M (=1073741824) (custom)
2021-08-25 23:20:28,888 [4553ea2b-b05c-4809-ad97-5bb271da1b92@group-85F725802A99-LeaderElection21] INFO  server.RaftServerConfigKeys (ConfUtils.java:logGet(44)) - raft.server.watch.timeout = 3000ms (custom)
2021-08-25 23:20:28,888 [4553ea2b-b05c-4809-ad97-5bb271da1b92@group-85F725802A99-LeaderElection21] INFO  server.RaftServerConfigKeys (ConfUtils.java:logGet(44)) - raft.server.watch.timeout.denomination = 1s (default)
2021-08-25 23:20:28,888 [4553ea2b-b05c-4809-ad97-5bb271da1b92@group-85F725802A99-LeaderElection21] INFO  server.RaftServerConfigKeys (ConfUtils.java:logGet(44)) - raft.server.watch.element-limit = 65536 (default)
2021-08-25 23:20:28,888 [4553ea2b-b05c-4809-ad97-5bb271da1b92@group-85F725802A99-LeaderElection21] INFO  server.RaftServerConfigKeys (ConfUtils.java:logGet(44)) - raft.server.log.appender.snapshot.chunk.size.max = 16MB (=16777216) (default)
2021-08-25 23:20:28,888 [4553ea2b-b05c-4809-ad97-5bb271da1b92@group-85F725802A99-LeaderElection21] INFO  server.RaftServerConfigKeys (ConfUtils.java:logGet(44)) - raft.server.log.appender.buffer.byte-limit = 33554432 (custom)
2021-08-25 23:20:28,888 [4553ea2b-b05c-4809-ad97-5bb271da1b92@group-85F725802A99-LeaderElection21] INFO  server.RaftServerConfigKeys (ConfUtils.java:logGet(44)) - raft.server.log.appender.buffer.element-limit = 1 (custom)
2021-08-25 23:20:28,890 [EventQueue-PipelineReportForPipelineReportHandler] INFO  pipeline.PipelineManagerImpl (PipelineManagerImpl.java:openPipeline(282)) - Pipeline Pipeline[ Id: 69f609fc-1725-4d99-98f5-85f725802a99, Nodes: 4553ea2b-b05c-4809-ad97-5bb271da1b92{ip: 10.1.0.32, host: fv-az12-462.exdb2aeach2ezidoxz41lk3bwg.cx.internal.cloudapp.net, ports: [REPLICATION=45905, RATIS=36113, RATIS_ADMIN=36113, RATIS_SERVER=36113, STANDALONE=43949], networkLocation: /default-rack, certSerialId: null, persistedOpState: IN_SERVICE, persistedOpStateExpiryEpochSec: 0}02c65f58-31b6-441b-a599-132cd2d8b363{ip: 10.1.0.32, host: fv-az12-462.exdb2aeach2ezidoxz41lk3bwg.cx.internal.cloudapp.net, ports: [REPLICATION=41993, RATIS=34905, RATIS_ADMIN=34905, RATIS_SERVER=34905, STANDALONE=35275], networkLocation: /default-rack, certSerialId: null, persistedOpState: IN_SERVICE, persistedOpStateExpiryEpochSec: 0}e56ee20f-9a03-437e-8d1d-8d6614c978b9{ip: 10.1.0.32, host: fv-az12-462.exdb2aeach2ezidoxz41lk3bwg.cx.internal.cloudapp.net, ports: [REPLICATION=38795, RATIS=35337, RATIS_ADMIN=35337, RATIS_SERVER=35337, STANDALONE=44253], networkLocation: /default-rack, certSerialId: null, persistedOpState: IN_SERVICE, persistedOpStateExpiryEpochSec: 0}, ReplicationConfig: RATIS/THREE, State:ALLOCATED, leaderId:4553ea2b-b05c-4809-ad97-5bb271da1b92, CreationTimestamp2021-08-25T23:20:10.832Z[Etc/UTC]] moved to OPEN state
2021-08-25 23:20:28,888 [4553ea2b-b05c-4809-ad97-5bb271da1b92@group-85F725802A99-LeaderElection21] INFO  grpc.GrpcConfigKeys (ConfUtils.java:logGet(44)) - raft.grpc.server.leader.outstanding.appends.max = 128 (default)
2021-08-25 23:20:28,892 [4553ea2b-b05c-4809-ad97-5bb271da1b92@group-85F725802A99-LeaderElection21] INFO  server.RaftServerConfigKeys (ConfUtils.java:logGet(44)) - raft.server.rpc.request.timeout = 3000ms (default)
2021-08-25 23:20:28,892 [4553ea2b-b05c-4809-ad97-5bb271da1b92@group-85F725802A99-LeaderElection21] INFO  server.RaftServerConfigKeys (ConfUtils.java:logGet(44)) - raft.server.log.appender.install.snapshot.enabled = false (custom)
2021-08-25 23:20:28,893 [4553ea2b-b05c-4809-ad97-5bb271da1b92@group-85F725802A99-LeaderElection21] INFO  server.RaftServerConfigKeys (ConfUtils.java:logGet(44)) - raft.server.log.appender.snapshot.chunk.size.max = 16MB (=16777216) (default)
2021-08-25 23:20:28,893 [4553ea2b-b05c-4809-ad97-5bb271da1b92@group-85F725802A99-LeaderElection21] INFO  server.RaftServerConfigKeys (ConfUtils.java:logGet(44)) - raft.server.log.appender.buffer.byte-limit = 33554432 (custom)
2021-08-25 23:20:28,893 [4553ea2b-b05c-4809-ad97-5bb271da1b92@group-85F725802A99-LeaderElection21] INFO  server.RaftServerConfigKeys (ConfUtils.java:logGet(44)) - raft.server.log.appender.buffer.element-limit = 1 (custom)
2021-08-25 23:20:28,893 [4553ea2b-b05c-4809-ad97-5bb271da1b92@group-85F725802A99-LeaderElection21] INFO  grpc.GrpcConfigKeys (ConfUtils.java:logGet(44)) - raft.grpc.server.leader.outstanding.appends.max = 128 (default)
2021-08-25 23:20:28,893 [4553ea2b-b05c-4809-ad97-5bb271da1b92@group-85F725802A99-LeaderElection21] INFO  server.RaftServerConfigKeys (ConfUtils.java:logGet(44)) - raft.server.rpc.request.timeout = 3000ms (default)
2021-08-25 23:20:28,893 [4553ea2b-b05c-4809-ad97-5bb271da1b92@group-85F725802A99-LeaderElection21] INFO  server.RaftServerConfigKeys (ConfUtils.java:logGet(44)) - raft.server.log.appender.install.snapshot.enabled = false (custom)
2021-08-25 23:20:28,894 [4553ea2b-b05c-4809-ad97-5bb271da1b92@group-85F725802A99-LeaderElection21] INFO  impl.RoleInfo (RoleInfo.java:updateAndGet(130)) - 4553ea2b-b05c-4809-ad97-5bb271da1b92: start 4553ea2b-b05c-4809-ad97-5bb271da1b92@group-85F725802A99-LeaderStateImpl
2021-08-25 23:20:28,894 [4553ea2b-b05c-4809-ad97-5bb271da1b92@group-85F725802A99-LeaderElection21] INFO  segmented.SegmentedRaftLogWorker (SegmentedRaftLogWorker.java:startLogSegment(394)) - 4553ea2b-b05c-4809-ad97-5bb271da1b92@group-85F725802A99-SegmentedRaftLogWorker: Starting segment from index:0
2021-08-25 23:20:28,901 [4553ea2b-b05c-4809-ad97-5bb271da1b92@group-85F725802A99-SegmentedRaftLogWorker] INFO  segmented.SegmentedRaftLogWorker (SegmentedRaftLogWorker.java:execute(601)) - 4553ea2b-b05c-4809-ad97-5bb271da1b92@group-85F725802A99-SegmentedRaftLogWorker: created new log segment /home/runner/work/ozone/ozone/hadoop-ozone/integration-test/target/test-dir/MiniOzoneClusterImpl-05b781a4-7df0-48b9-8d73-8dabce68a637/datanode-8/data/ratis/69f609fc-1725-4d99-98f5-85f725802a99/current/log_inprogress_0
2021-08-25 23:20:28,908 [grpc-default-executor-1] INFO  ratis.XceiverServerRatis (XceiverServerRatis.java:handleLeaderChangedNotification(861)) - Leader change notification received for group: group-85F725802A99 with new leaderId: 4553ea2b-b05c-4809-ad97-5bb271da1b92
2021-08-25 23:20:28,908 [grpc-default-executor-1] INFO  server.RaftServer$Division (ServerState.java:setLeader(285)) - 02c65f58-31b6-441b-a599-132cd2d8b363@group-85F725802A99: change Leader from null to 4553ea2b-b05c-4809-ad97-5bb271da1b92 at term 3 for appendEntries, leader elected after 15331ms
2021-08-25 23:20:28,911 [grpc-default-executor-4] INFO  ratis.XceiverServerRatis (XceiverServerRatis.java:handleLeaderChangedNotification(861)) - Leader change notification received for group: group-85F725802A99 with new leaderId: 4553ea2b-b05c-4809-ad97-5bb271da1b92
2021-08-25 23:20:28,911 [grpc-default-executor-4] INFO  server.RaftServer$Division (ServerState.java:setLeader(285)) - e56ee20f-9a03-437e-8d1d-8d6614c978b9@group-85F725802A99: change Leader from null to 4553ea2b-b05c-4809-ad97-5bb271da1b92 at term 3 for appendEntries, leader elected after 15382ms
2021-08-25 23:20:28,918 [4553ea2b-b05c-4809-ad97-5bb271da1b92@group-85F725802A99-LeaderElection21] INFO  server.RaftServer$Division (ServerState.java:setRaftConf(387)) - 4553ea2b-b05c-4809-ad97-5bb271da1b92@group-85F725802A99: set configuration 0: [4553ea2b-b05c-4809-ad97-5bb271da1b92|rpc:10.1.0.32:36113|dataStream:|priority:1, 02c65f58-31b6-441b-a599-132cd2d8b363|rpc:10.1.0.32:34905|dataStream:|priority:0, e56ee20f-9a03-437e-8d1d-8d6614c978b9|rpc:10.1.0.32:35337|dataStream:|priority:0], old=null
2021-08-25 23:20:28,927 [grpc-default-executor-4] INFO  server.RaftServer$Division (ServerState.java:setRaftConf(387)) - e56ee20f-9a03-437e-8d1d-8d6614c978b9@group-85F725802A99: set configuration 0: [4553ea2b-b05c-4809-ad97-5bb271da1b92|rpc:10.1.0.32:36113|dataStream:|priority:1, 02c65f58-31b6-441b-a599-132cd2d8b363|rpc:10.1.0.32:34905|dataStream:|priority:0, e56ee20f-9a03-437e-8d1d-8d6614c978b9|rpc:10.1.0.32:35337|dataStream:|priority:0], old=null
2021-08-25 23:20:28,927 [grpc-default-executor-4] INFO  segmented.SegmentedRaftLogWorker (SegmentedRaftLogWorker.java:startLogSegment(394)) - e56ee20f-9a03-437e-8d1d-8d6614c978b9@group-85F725802A99-SegmentedRaftLogWorker: Starting segment from index:0
2021-08-25 23:20:28,928 [grpc-default-executor-1] INFO  server.RaftServer$Division (ServerState.java:setRaftConf(387)) - 02c65f58-31b6-441b-a599-132cd2d8b363@group-85F725802A99: set configuration 0: [4553ea2b-b05c-4809-ad97-5bb271da1b92|rpc:10.1.0.32:36113|dataStream:|priority:1, 02c65f58-31b6-441b-a599-132cd2d8b363|rpc:10.1.0.32:34905|dataStream:|priority:0, e56ee20f-9a03-437e-8d1d-8d6614c978b9|rpc:10.1.0.32:35337|dataStream:|priority:0], old=null
2021-08-25 23:20:28,929 [grpc-default-executor-1] INFO  segmented.SegmentedRaftLogWorker (SegmentedRaftLogWorker.java:startLogSegment(394)) - 02c65f58-31b6-441b-a599-132cd2d8b363@group-85F725802A99-SegmentedRaftLogWorker: Starting segment from index:0
2021-08-25 23:20:28,929 [e56ee20f-9a03-437e-8d1d-8d6614c978b9@group-85F725802A99-SegmentedRaftLogWorker] INFO  segmented.SegmentedRaftLogWorker (SegmentedRaftLogWorker.java:execute(601)) - e56ee20f-9a03-437e-8d1d-8d6614c978b9@group-85F725802A99-SegmentedRaftLogWorker: created new log segment /home/runner/work/ozone/ozone/hadoop-ozone/integration-test/target/test-dir/MiniOzoneClusterImpl-05b781a4-7df0-48b9-8d73-8dabce68a637/datanode-6/data/ratis/69f609fc-1725-4d99-98f5-85f725802a99/current/log_inprogress_0
2021-08-25 23:20:28,929 [02c65f58-31b6-441b-a599-132cd2d8b363@group-85F725802A99-SegmentedRaftLogWorker] INFO  segmented.SegmentedRaftLogWorker (SegmentedRaftLogWorker.java:execute(601)) - 02c65f58-31b6-441b-a599-132cd2d8b363@group-85F725802A99-SegmentedRaftLogWorker: created new log segment /home/runner/work/ozone/ozone/hadoop-ozone/integration-test/target/test-dir/MiniOzoneClusterImpl-05b781a4-7df0-48b9-8d73-8dabce68a637/datanode-7/data/ratis/69f609fc-1725-4d99-98f5-85f725802a99/current/log_inprogress_0
2021-08-25 23:20:32,072 [Listener at 127.0.0.1/39119] WARN  io.KeyOutputStream (KeyOutputStream.java:handleException(318)) - Encountered exception java.io.IOException: Unexpected Storage Container Exception: java.util.concurrent.CompletionException: Failed to write chunk 107544261427200001_chunk_1 into block conID: 1 locID: 107544261427200001 bcsId: 0 on the pipeline Pipeline[ Id: 0d03a30e-984d-483d-b770-35e29bafb5c9, Nodes: d2e949a9-e5b3-4c4c-92b0-47a0169dba23{ip: 10.1.0.32, host: fv-az12-462.exdb2aeach2ezidoxz41lk3bwg.cx.internal.cloudapp.net, ports: [REPLICATION=43891, RATIS=37449, RATIS_ADMIN=37449, RATIS_SERVER=37449, STANDALONE=38135], networkLocation: /default-rack, certSerialId: null, persistedOpState: IN_SERVICE, persistedOpStateExpiryEpochSec: 0}f3c5edec-fcc1-440f-ba30-167340659c5c{ip: 10.1.0.32, host: fv-az12-462.exdb2aeach2ezidoxz41lk3bwg.cx.internal.cloudapp.net, ports: [REPLICATION=46521, RATIS=45103, RATIS_ADMIN=45103, RATIS_SERVER=45103, STANDALONE=32773], networkLocation: /default-rack, certSerialId: null, persistedOpState: IN_SERVICE, persistedOpStateExpiryEpochSec: 0}55460722-07fd-4e57-847c-29244a947e0a{ip: 10.1.0.32, host: fv-az12-462.exdb2aeach2ezidoxz41lk3bwg.cx.internal.cloudapp.net, ports: [REPLICATION=45061, RATIS=40409, RATIS_ADMIN=40409, RATIS_SERVER=40409, STANDALONE=35129], networkLocation: /default-rack, certSerialId: null, persistedOpState: IN_SERVICE, persistedOpStateExpiryEpochSec: 0}, ReplicationConfig: RATIS/THREE, State:OPEN, leaderId:d2e949a9-e5b3-4c4c-92b0-47a0169dba23, CreationTimestamp2021-08-25T23:20:10.324Z[Etc/UTC]]. The last committed block length is 0, uncommitted data length is 400 retry count 0
2021-08-25 23:20:32,241 [Datanode State Machine Thread - 0] WARN  statemachine.StateContext (StateContext.java:execute(621)) - No available thread in pool for past 1 seconds.
2021-08-25 23:20:32,255 [Datanode State Machine Thread - 0] WARN  statemachine.StateContext (StateContext.java:execute(621)) - No available thread in pool for past 1 seconds.
2021-08-25 23:20:32,288 [282e11bf-8d58-444e-a800-cb732d8168d5@group-A0C5CFE587C4-FollowerState] INFO  impl.FollowerState (FollowerState.java:run(134)) - 282e11bf-8d58-444e-a800-cb732d8168d5@group-A0C5CFE587C4-FollowerState: change to CANDIDATE, lastRpcElapsedTime:5002028738ns, electionTimeout:5000ms
2021-08-25 23:20:32,289 [282e11bf-8d58-444e-a800-cb732d8168d5@group-A0C5CFE587C4-FollowerState] INFO  impl.RoleInfo (RoleInfo.java:shutdownFollowerState(108)) - 282e11bf-8d58-444e-a800-cb732d8168d5: shutdown 282e11bf-8d58-444e-a800-cb732d8168d5@group-A0C5CFE587C4-FollowerState
2021-08-25 23:20:32,289 [282e11bf-8d58-444e-a800-cb732d8168d5@group-A0C5CFE587C4-FollowerState] INFO  server.RaftServer$Division (RaftServerImpl.java:setRole(285)) - 282e11bf-8d58-444e-a800-cb732d8168d5@group-A0C5CFE587C4: changes role from  FOLLOWER to CANDIDATE at term 3 for changeToCandidate
2021-08-25 23:20:32,289 [282e11bf-8d58-444e-a800-cb732d8168d5@group-A0C5CFE587C4-FollowerState] INFO  server.RaftServerConfigKeys (ConfUtils.java:logGet(44)) - raft.server.leaderelection.pre-vote = false (custom)
2021-08-25 23:20:32,289 [282e11bf-8d58-444e-a800-cb732d8168d5@group-A0C5CFE587C4-FollowerState] INFO  impl.RoleInfo (RoleInfo.java:updateAndGet(130)) - 282e11bf-8d58-444e-a800-cb732d8168d5: start 282e11bf-8d58-444e-a800-cb732d8168d5@group-A0C5CFE587C4-LeaderElection22
2021-08-25 23:20:32,297 [282e11bf-8d58-444e-a800-cb732d8168d5@group-A0C5CFE587C4-LeaderElection22] INFO  impl.LeaderElection (LeaderElection.java:askForVotes(306)) - 282e11bf-8d58-444e-a800-cb732d8168d5@group-A0C5CFE587C4-LeaderElection22 ELECTION round 0: submit vote requests at term 4 for -1: [282e11bf-8d58-444e-a800-cb732d8168d5|rpc:10.1.0.32:39035|priority:1, d3a6c254-c963-411b-bd1c-0e160a3b8690|rpc:10.1.0.32:42735|priority:0, 551d55f6-e55a-4cfa-9f5c-62fc7ce672f1|rpc:10.1.0.32:34175|priority:0], old=null
2021-08-25 23:20:32,377 [grpc-default-executor-3] INFO  server.RaftServer$Division (RaftServerImpl.java:requestVote(1043)) - d3a6c254-c963-411b-bd1c-0e160a3b8690@group-A0C5CFE587C4: receive requestVote(ELECTION, 282e11bf-8d58-444e-a800-cb732d8168d5, group-A0C5CFE587C4, 4, (t:0, i:0))
2021-08-25 23:20:32,378 [grpc-default-executor-3] INFO  impl.VoteContext (VoteContext.java:log(48)) - d3a6c254-c963-411b-bd1c-0e160a3b8690@group-A0C5CFE587C4-FOLLOWER: accept ELECTION from 282e11bf-8d58-444e-a800-cb732d8168d5: our priority 0 <= candidate's priority 1
2021-08-25 23:20:32,378 [grpc-default-executor-3] INFO  server.RaftServer$Division (RaftServerImpl.java:setRole(285)) - d3a6c254-c963-411b-bd1c-0e160a3b8690@group-A0C5CFE587C4: changes role from  FOLLOWER to FOLLOWER at term 4 for candidate:282e11bf-8d58-444e-a800-cb732d8168d5
2021-08-25 23:20:32,378 [grpc-default-executor-3] INFO  impl.RoleInfo (RoleInfo.java:shutdownFollowerState(108)) - d3a6c254-c963-411b-bd1c-0e160a3b8690: shutdown d3a6c254-c963-411b-bd1c-0e160a3b8690@group-A0C5CFE587C4-FollowerState
2021-08-25 23:20:32,378 [grpc-default-executor-1] INFO  server.RaftServer$Division (RaftServerImpl.java:requestVote(1043)) - 551d55f6-e55a-4cfa-9f5c-62fc7ce672f1@group-A0C5CFE587C4: receive requestVote(ELECTION, 282e11bf-8d58-444e-a800-cb732d8168d5, group-A0C5CFE587C4, 4, (t:0, i:0))
2021-08-25 23:20:32,378 [grpc-default-executor-1] INFO  impl.VoteContext (VoteContext.java:log(48)) - 551d55f6-e55a-4cfa-9f5c-62fc7ce672f1@group-A0C5CFE587C4-FOLLOWER: accept ELECTION from 282e11bf-8d58-444e-a800-cb732d8168d5: our priority 0 <= candidate's priority 1
2021-08-25 23:20:32,378 [grpc-default-executor-1] INFO  server.RaftServer$Division (RaftServerImpl.java:setRole(285)) - 551d55f6-e55a-4cfa-9f5c-62fc7ce672f1@group-A0C5CFE587C4: changes role from  FOLLOWER to FOLLOWER at term 4 for candidate:282e11bf-8d58-444e-a800-cb732d8168d5
2021-08-25 23:20:32,378 [grpc-default-executor-1] INFO  impl.RoleInfo (RoleInfo.java:shutdownFollowerState(108)) - 551d55f6-e55a-4cfa-9f5c-62fc7ce672f1: shutdown 551d55f6-e55a-4cfa-9f5c-62fc7ce672f1@group-A0C5CFE587C4-FollowerState
2021-08-25 23:20:32,388 [grpc-default-executor-1] INFO  impl.RoleInfo (RoleInfo.java:updateAndGet(130)) - 551d55f6-e55a-4cfa-9f5c-62fc7ce672f1: start 551d55f6-e55a-4cfa-9f5c-62fc7ce672f1@group-A0C5CFE587C4-FollowerState
2021-08-25 23:20:32,388 [551d55f6-e55a-4cfa-9f5c-62fc7ce672f1@group-A0C5CFE587C4-FollowerState] INFO  impl.FollowerState (FollowerState.java:run(143)) - 551d55f6-e55a-4cfa-9f5c-62fc7ce672f1@group-A0C5CFE587C4-FollowerState was interrupted: {}
java.lang.InterruptedException: sleep interrupted
	at java.lang.Thread.sleep(Native Method)
	at java.lang.Thread.sleep(Thread.java:340)
	at java.util.concurrent.TimeUnit.sleep(TimeUnit.java:386)
	at org.apache.ratis.util.TimeDuration.sleep(TimeDuration.java:324)
	at org.apache.ratis.util.TimeDuration.sleep(TimeDuration.java:309)
	at org.apache.ratis.server.impl.FollowerState.run(FollowerState.java:118)
2021-08-25 23:20:32,389 [grpc-default-executor-3] INFO  impl.RoleInfo (RoleInfo.java:updateAndGet(130)) - d3a6c254-c963-411b-bd1c-0e160a3b8690: start d3a6c254-c963-411b-bd1c-0e160a3b8690@group-A0C5CFE587C4-FollowerState
2021-08-25 23:20:32,391 [grpc-default-executor-1] INFO  server.RaftServer$Division (RaftServerImpl.java:requestVote(1075)) - 551d55f6-e55a-4cfa-9f5c-62fc7ce672f1@group-A0C5CFE587C4 replies to ELECTION vote request: 282e11bf-8d58-444e-a800-cb732d8168d5<-551d55f6-e55a-4cfa-9f5c-62fc7ce672f1#0:OK-t4. Peer's state: 551d55f6-e55a-4cfa-9f5c-62fc7ce672f1@group-A0C5CFE587C4:t4, leader=null, voted=282e11bf-8d58-444e-a800-cb732d8168d5, raftlog=551d55f6-e55a-4cfa-9f5c-62fc7ce672f1@group-A0C5CFE587C4-SegmentedRaftLog:OPENED:c-1,f-1,i0, conf=-1: [282e11bf-8d58-444e-a800-cb732d8168d5|rpc:10.1.0.32:39035|priority:1, d3a6c254-c963-411b-bd1c-0e160a3b8690|rpc:10.1.0.32:42735|priority:0, 551d55f6-e55a-4cfa-9f5c-62fc7ce672f1|rpc:10.1.0.32:34175|priority:0], old=null
2021-08-25 23:20:32,393 [d3a6c254-c963-411b-bd1c-0e160a3b8690@group-A0C5CFE587C4-FollowerState] INFO  impl.FollowerState (FollowerState.java:run(143)) - d3a6c254-c963-411b-bd1c-0e160a3b8690@group-A0C5CFE587C4-FollowerState was interrupted: {}
java.lang.InterruptedException: sleep interrupted
	at java.lang.Thread.sleep(Native Method)
	at java.lang.Thread.sleep(Thread.java:340)
	at java.util.concurrent.TimeUnit.sleep(TimeUnit.java:386)
	at org.apache.ratis.util.TimeDuration.sleep(TimeDuration.java:324)
	at org.apache.ratis.util.TimeDuration.sleep(TimeDuration.java:309)
	at org.apache.ratis.server.impl.FollowerState.run(FollowerState.java:118)
2021-08-25 23:20:32,394 [grpc-default-executor-3] INFO  server.RaftServer$Division (RaftServerImpl.java:requestVote(1075)) - d3a6c254-c963-411b-bd1c-0e160a3b8690@group-A0C5CFE587C4 replies to ELECTION vote request: 282e11bf-8d58-444e-a800-cb732d8168d5<-d3a6c254-c963-411b-bd1c-0e160a3b8690#0:OK-t4. Peer's state: d3a6c254-c963-411b-bd1c-0e160a3b8690@group-A0C5CFE587C4:t4, leader=null, voted=282e11bf-8d58-444e-a800-cb732d8168d5, raftlog=d3a6c254-c963-411b-bd1c-0e160a3b8690@group-A0C5CFE587C4-SegmentedRaftLog:OPENED:c-1,f-1,i0, conf=-1: [282e11bf-8d58-444e-a800-cb732d8168d5|rpc:10.1.0.32:39035|priority:1, d3a6c254-c963-411b-bd1c-0e160a3b8690|rpc:10.1.0.32:42735|priority:0, 551d55f6-e55a-4cfa-9f5c-62fc7ce672f1|rpc:10.1.0.32:34175|priority:0], old=null
2021-08-25 23:20:32,401 [282e11bf-8d58-444e-a800-cb732d8168d5@group-A0C5CFE587C4-LeaderElection22] INFO  impl.LeaderElection (LeaderElection.java:logAndReturn(89)) - 282e11bf-8d58-444e-a800-cb732d8168d5@group-A0C5CFE587C4-LeaderElection22: ELECTION PASSED received 1 response(s) and 0 exception(s):
2021-08-25 23:20:32,401 [282e11bf-8d58-444e-a800-cb732d8168d5@group-A0C5CFE587C4-LeaderElection22] INFO  impl.LeaderElection (LeaderElection.java:logAndReturn(93)) -   Response 0: 282e11bf-8d58-444e-a800-cb732d8168d5<-551d55f6-e55a-4cfa-9f5c-62fc7ce672f1#0:OK-t4
2021-08-25 23:20:32,401 [282e11bf-8d58-444e-a800-cb732d8168d5@group-A0C5CFE587C4-LeaderElection22] INFO  impl.LeaderElection (LeaderElection.java:askForVotes(308)) - 282e11bf-8d58-444e-a800-cb732d8168d5@group-A0C5CFE587C4-LeaderElection22 ELECTION round 0: result PASSED
2021-08-25 23:20:32,401 [282e11bf-8d58-444e-a800-cb732d8168d5@group-A0C5CFE587C4-LeaderElection22] INFO  impl.RoleInfo (RoleInfo.java:shutdownLeaderElection(121)) - 282e11bf-8d58-444e-a800-cb732d8168d5: shutdown 282e11bf-8d58-444e-a800-cb732d8168d5@group-A0C5CFE587C4-LeaderElection22
2021-08-25 23:20:32,401 [282e11bf-8d58-444e-a800-cb732d8168d5@group-A0C5CFE587C4-LeaderElection22] INFO  server.RaftServer$Division (RaftServerImpl.java:setRole(285)) - 282e11bf-8d58-444e-a800-cb732d8168d5@group-A0C5CFE587C4: changes role from CANDIDATE to LEADER at term 4 for changeToLeader
2021-08-25 23:20:32,401 [282e11bf-8d58-444e-a800-cb732d8168d5@group-A0C5CFE587C4-LeaderElection22] INFO  ratis.XceiverServerRatis (XceiverServerRatis.java:handleLeaderChangedNotification(861)) - Leader change notification received for group: group-A0C5CFE587C4 with new leaderId: 282e11bf-8d58-444e-a800-cb732d8168d5
2021-08-25 23:20:32,401 [282e11bf-8d58-444e-a800-cb732d8168d5@group-A0C5CFE587C4-LeaderElection22] INFO  server.RaftServer$Division (ServerState.java:setLeader(285)) - 282e11bf-8d58-444e-a800-cb732d8168d5@group-A0C5CFE587C4: change Leader from null to 282e11bf-8d58-444e-a800-cb732d8168d5 at term 4 for becomeLeader, leader elected after 20027ms
2021-08-25 23:20:32,401 [282e11bf-8d58-444e-a800-cb732d8168d5@group-A0C5CFE587C4-LeaderElection22] INFO  server.RaftServerConfigKeys (ConfUtils.java:logGet(44)) - raft.server.staging.catchup.gap = 1000 (default)
2021-08-25 23:20:32,401 [282e11bf-8d58-444e-a800-cb732d8168d5@group-A0C5CFE587C4-LeaderElection22] INFO  server.RaftServerConfigKeys (ConfUtils.java:logGet(44)) - raft.server.write.element-limit = 1024 (custom)
2021-08-25 23:20:32,401 [282e11bf-8d58-444e-a800-cb732d8168d5@group-A0C5CFE587C4-LeaderElection22] INFO  server.RaftServerConfigKeys (ConfUtils.java:logGet(44)) - raft.server.write.byte-limit = 1024 M (=1073741824) (custom)
2021-08-25 23:20:32,401 [Datanode State Machine Thread - 0] WARN  statemachine.StateContext (StateContext.java:execute(621)) - No available thread in pool for past 1 seconds.
2021-08-25 23:20:32,402 [282e11bf-8d58-444e-a800-cb732d8168d5@group-A0C5CFE587C4-LeaderElection22] INFO  server.RaftServerConfigKeys (ConfUtils.java:logGet(44)) - raft.server.watch.timeout = 3000ms (custom)
2021-08-25 23:20:32,402 [282e11bf-8d58-444e-a800-cb732d8168d5@group-A0C5CFE587C4-LeaderElection22] INFO  server.RaftServerConfigKeys (ConfUtils.java:logGet(44)) - raft.server.watch.timeout.denomination = 1s (default)
2021-08-25 23:20:32,402 [282e11bf-8d58-444e-a800-cb732d8168d5@group-A0C5CFE587C4-LeaderElection22] INFO  server.RaftServerConfigKeys (ConfUtils.java:logGet(44)) - raft.server.watch.element-limit = 65536 (default)
2021-08-25 23:20:32,402 [282e11bf-8d58-444e-a800-cb732d8168d5@group-A0C5CFE587C4-LeaderElection22] INFO  server.RaftServerConfigKeys (ConfUtils.java:logGet(44)) - raft.server.log.appender.snapshot.chunk.size.max = 16MB (=16777216) (default)
2021-08-25 23:20:32,402 [282e11bf-8d58-444e-a800-cb732d8168d5@group-A0C5CFE587C4-LeaderElection22] INFO  server.RaftServerConfigKeys (ConfUtils.java:logGet(44)) - raft.server.log.appender.buffer.byte-limit = 33554432 (custom)
2021-08-25 23:20:32,402 [282e11bf-8d58-444e-a800-cb732d8168d5@group-A0C5CFE587C4-LeaderElection22] INFO  server.RaftServerConfigKeys (ConfUtils.java:logGet(44)) - raft.server.log.appender.buffer.element-limit = 1 (custom)
2021-08-25 23:20:32,402 [282e11bf-8d58-444e-a800-cb732d8168d5@group-A0C5CFE587C4-LeaderElection22] INFO  grpc.GrpcConfigKeys (ConfUtils.java:logGet(44)) - raft.grpc.server.leader.outstanding.appends.max = 128 (default)
2021-08-25 23:20:32,402 [282e11bf-8d58-444e-a800-cb732d8168d5@group-A0C5CFE587C4-LeaderElection22] INFO  server.RaftServerConfigKeys (ConfUtils.java:logGet(44)) - raft.server.rpc.request.timeout = 3000ms (default)
2021-08-25 23:20:32,402 [282e11bf-8d58-444e-a800-cb732d8168d5@group-A0C5CFE587C4-LeaderElection22] INFO  server.RaftServerConfigKeys (ConfUtils.java:logGet(44)) - raft.server.log.appender.install.snapshot.enabled = false (custom)
2021-08-25 23:20:32,403 [282e11bf-8d58-444e-a800-cb732d8168d5@group-A0C5CFE587C4-LeaderElection22] INFO  server.RaftServerConfigKeys (ConfUtils.java:logGet(44)) - raft.server.log.appender.snapshot.chunk.size.max = 16MB (=16777216) (default)
2021-08-25 23:20:32,403 [282e11bf-8d58-444e-a800-cb732d8168d5@group-A0C5CFE587C4-LeaderElection22] INFO  server.RaftServerConfigKeys (ConfUtils.java:logGet(44)) - raft.server.log.appender.buffer.byte-limit = 33554432 (custom)
2021-08-25 23:20:32,403 [282e11bf-8d58-444e-a800-cb732d8168d5@group-A0C5CFE587C4-LeaderElection22] INFO  server.RaftServerConfigKeys (ConfUtils.java:logGet(44)) - raft.server.log.appender.buffer.element-limit = 1 (custom)
2021-08-25 23:20:32,403 [282e11bf-8d58-444e-a800-cb732d8168d5@group-A0C5CFE587C4-LeaderElection22] INFO  grpc.GrpcConfigKeys (ConfUtils.java:logGet(44)) - raft.grpc.server.leader.outstanding.appends.max = 128 (default)
2021-08-25 23:20:32,403 [282e11bf-8d58-444e-a800-cb732d8168d5@group-A0C5CFE587C4-LeaderElection22] INFO  server.RaftServerConfigKeys (ConfUtils.java:logGet(44)) - raft.server.rpc.request.timeout = 3000ms (default)
2021-08-25 23:20:32,403 [282e11bf-8d58-444e-a800-cb732d8168d5@group-A0C5CFE587C4-LeaderElection22] INFO  server.RaftServerConfigKeys (ConfUtils.java:logGet(44)) - raft.server.log.appender.install.snapshot.enabled = false (custom)
2021-08-25 23:20:32,404 [282e11bf-8d58-444e-a800-cb732d8168d5@group-A0C5CFE587C4-LeaderElection22] INFO  impl.RoleInfo (RoleInfo.java:updateAndGet(130)) - 282e11bf-8d58-444e-a800-cb732d8168d5: start 282e11bf-8d58-444e-a800-cb732d8168d5@group-A0C5CFE587C4-LeaderStateImpl
2021-08-25 23:20:32,404 [282e11bf-8d58-444e-a800-cb732d8168d5@group-A0C5CFE587C4-LeaderElection22] INFO  segmented.SegmentedRaftLogWorker (SegmentedRaftLogWorker.java:startLogSegment(394)) - 282e11bf-8d58-444e-a800-cb732d8168d5@group-A0C5CFE587C4-SegmentedRaftLogWorker: Starting segment from index:0
2021-08-25 23:20:32,405 [282e11bf-8d58-444e-a800-cb732d8168d5@group-A0C5CFE587C4-SegmentedRaftLogWorker] INFO  segmented.SegmentedRaftLogWorker (SegmentedRaftLogWorker.java:execute(601)) - 282e11bf-8d58-444e-a800-cb732d8168d5@group-A0C5CFE587C4-SegmentedRaftLogWorker: created new log segment /home/runner/work/ozone/ozone/hadoop-ozone/integration-test/target/test-dir/MiniOzoneClusterImpl-05b781a4-7df0-48b9-8d73-8dabce68a637/datanode-1/data/ratis/96e4d95f-3c0f-4364-8360-a0c5cfe587c4/current/log_inprogress_0
2021-08-25 23:20:32,416 [EventQueue-PipelineReportForPipelineReportHandler] INFO  pipeline.PipelineManagerImpl (PipelineManagerImpl.java:openPipeline(282)) - Pipeline Pipeline[ Id: 96e4d95f-3c0f-4364-8360-a0c5cfe587c4, Nodes: d3a6c254-c963-411b-bd1c-0e160a3b8690{ip: 10.1.0.32, host: fv-az12-462.exdb2aeach2ezidoxz41lk3bwg.cx.internal.cloudapp.net, ports: [REPLICATION=35377, RATIS=42735, RATIS_ADMIN=42735, RATIS_SERVER=42735, STANDALONE=41829], networkLocation: /default-rack, certSerialId: null, persistedOpState: IN_SERVICE, persistedOpStateExpiryEpochSec: 0}551d55f6-e55a-4cfa-9f5c-62fc7ce672f1{ip: 10.1.0.32, host: fv-az12-462.exdb2aeach2ezidoxz41lk3bwg.cx.internal.cloudapp.net, ports: [REPLICATION=45975, RATIS=34175, RATIS_ADMIN=34175, RATIS_SERVER=34175, STANDALONE=36595], networkLocation: /default-rack, certSerialId: null, persistedOpState: IN_SERVICE, persistedOpStateExpiryEpochSec: 0}282e11bf-8d58-444e-a800-cb732d8168d5{ip: 10.1.0.32, host: fv-az12-462.exdb2aeach2ezidoxz41lk3bwg.cx.internal.cloudapp.net, ports: [REPLICATION=35189, RATIS=39035, RATIS_ADMIN=39035, RATIS_SERVER=39035, STANDALONE=37603], networkLocation: /default-rack, certSerialId: null, persistedOpState: IN_SERVICE, persistedOpStateExpiryEpochSec: 0}, ReplicationConfig: RATIS/THREE, State:ALLOCATED, leaderId:282e11bf-8d58-444e-a800-cb732d8168d5, CreationTimestamp2021-08-25T23:20:09.440Z[Etc/UTC]] moved to OPEN state
2021-08-25 23:20:32,418 [282e11bf-8d58-444e-a800-cb732d8168d5@group-A0C5CFE587C4-LeaderElection22] INFO  server.RaftServer$Division (ServerState.java:setRaftConf(387)) - 282e11bf-8d58-444e-a800-cb732d8168d5@group-A0C5CFE587C4: set configuration 0: [282e11bf-8d58-444e-a800-cb732d8168d5|rpc:10.1.0.32:39035|dataStream:|priority:1, d3a6c254-c963-411b-bd1c-0e160a3b8690|rpc:10.1.0.32:42735|dataStream:|priority:0, 551d55f6-e55a-4cfa-9f5c-62fc7ce672f1|rpc:10.1.0.32:34175|dataStream:|priority:0], old=null
2021-08-25 23:20:32,419 [grpc-default-executor-1] INFO  ratis.XceiverServerRatis (XceiverServerRatis.java:handleLeaderChangedNotification(861)) - Leader change notification received for group: group-A0C5CFE587C4 with new leaderId: 282e11bf-8d58-444e-a800-cb732d8168d5
2021-08-25 23:20:32,419 [grpc-default-executor-1] INFO  server.RaftServer$Division (ServerState.java:setLeader(285)) - 551d55f6-e55a-4cfa-9f5c-62fc7ce672f1@group-A0C5CFE587C4: change Leader from null to 282e11bf-8d58-444e-a800-cb732d8168d5 at term 4 for appendEntries, leader elected after 19941ms
2021-08-25 23:20:32,419 [grpc-default-executor-3] INFO  ratis.XceiverServerRatis (XceiverServerRatis.java:handleLeaderChangedNotification(861)) - Leader change notification received for group: group-A0C5CFE587C4 with new leaderId: 282e11bf-8d58-444e-a800-cb732d8168d5
2021-08-25 23:20:32,420 [grpc-default-executor-3] INFO  server.RaftServer$Division (ServerState.java:setLeader(285)) - d3a6c254-c963-411b-bd1c-0e160a3b8690@group-A0C5CFE587C4: change Leader from null to 282e11bf-8d58-444e-a800-cb732d8168d5 at term 4 for appendEntries, leader elected after 20326ms
2021-08-25 23:20:32,438 [grpc-default-executor-2] INFO  server.RaftServer$Division (ServerState.java:setRaftConf(387)) - d3a6c254-c963-411b-bd1c-0e160a3b8690@group-A0C5CFE587C4: set configuration 0: [282e11bf-8d58-444e-a800-cb732d8168d5|rpc:10.1.0.32:39035|dataStream:|priority:1, d3a6c254-c963-411b-bd1c-0e160a3b8690|rpc:10.1.0.32:42735|dataStream:|priority:0, 551d55f6-e55a-4cfa-9f5c-62fc7ce672f1|rpc:10.1.0.32:34175|dataStream:|priority:0], old=null
2021-08-25 23:20:32,439 [grpc-default-executor-2] INFO  segmented.SegmentedRaftLogWorker (SegmentedRaftLogWorker.java:startLogSegment(394)) - d3a6c254-c963-411b-bd1c-0e160a3b8690@group-A0C5CFE587C4-SegmentedRaftLogWorker: Starting segment from index:0
2021-08-25 23:20:32,438 [grpc-default-executor-1] INFO  server.RaftServer$Division (ServerState.java:setRaftConf(387)) - 551d55f6-e55a-4cfa-9f5c-62fc7ce672f1@group-A0C5CFE587C4: set configuration 0: [282e11bf-8d58-444e-a800-cb732d8168d5|rpc:10.1.0.32:39035|dataStream:|priority:1, d3a6c254-c963-411b-bd1c-0e160a3b8690|rpc:10.1.0.32:42735|dataStream:|priority:0, 551d55f6-e55a-4cfa-9f5c-62fc7ce672f1|rpc:10.1.0.32:34175|dataStream:|priority:0], old=null
2021-08-25 23:20:32,439 [grpc-default-executor-1] INFO  segmented.SegmentedRaftLogWorker (SegmentedRaftLogWorker.java:startLogSegment(394)) - 551d55f6-e55a-4cfa-9f5c-62fc7ce672f1@group-A0C5CFE587C4-SegmentedRaftLogWorker: Starting segment from index:0
2021-08-25 23:20:32,442 [d3a6c254-c963-411b-bd1c-0e160a3b8690@group-A0C5CFE587C4-SegmentedRaftLogWorker] INFO  segmented.SegmentedRaftLogWorker (SegmentedRaftLogWorker.java:execute(601)) - d3a6c254-c963-411b-bd1c-0e160a3b8690@group-A0C5CFE587C4-SegmentedRaftLogWorker: created new log segment /home/runner/work/ozone/ozone/hadoop-ozone/integration-test/target/test-dir/MiniOzoneClusterImpl-05b781a4-7df0-48b9-8d73-8dabce68a637/datanode-0/data/ratis/96e4d95f-3c0f-4364-8360-a0c5cfe587c4/current/log_inprogress_0
2021-08-25 23:20:32,457 [551d55f6-e55a-4cfa-9f5c-62fc7ce672f1@group-A0C5CFE587C4-SegmentedRaftLogWorker] INFO  segmented.SegmentedRaftLogWorker (SegmentedRaftLogWorker.java:execute(601)) - 551d55f6-e55a-4cfa-9f5c-62fc7ce672f1@group-A0C5CFE587C4-SegmentedRaftLogWorker: created new log segment /home/runner/work/ozone/ozone/hadoop-ozone/integration-test/target/test-dir/MiniOzoneClusterImpl-05b781a4-7df0-48b9-8d73-8dabce68a637/datanode-2/data/ratis/96e4d95f-3c0f-4364-8360-a0c5cfe587c4/current/log_inprogress_0
2021-08-25 23:20:32,482 [Listener at 127.0.0.1/39119] INFO  ozone.MiniOzoneClusterImpl (MiniOzoneClusterImpl.java:shutdown(453)) - Shutting down the Mini Ozone Cluster
2021-08-25 23:20:32,482 [Listener at 127.0.0.1/39119] INFO  ozone.MiniOzoneClusterImpl (MiniOzoneClusterImpl.java:stop(468)) - Stopping the Mini Ozone Cluster
2021-08-25 23:20:32,482 [Listener at 127.0.0.1/39119] INFO  ozone.MiniOzoneClusterImpl (MiniOzoneClusterImpl.java:stopOM(550)) - Stopping the OzoneManager
2021-08-25 23:20:32,482 [Listener at 127.0.0.1/39119] INFO  om.OzoneManager (OzoneManager.java:stop(1632)) - Stopping Ozone Manager
2021-08-25 23:20:32,482 [Listener at 127.0.0.1/39119] INFO  ipc.Server (Server.java:stop(3414)) - Stopping server on 39119
2021-08-25 23:20:32,488 [IPC Server listener on 0] INFO  ipc.Server (Server.java:run(1376)) - Stopping IPC Server listener on 0
2021-08-25 23:20:32,488 [IPC Server Responder] INFO  ipc.Server (Server.java:run(1512)) - Stopping IPC Server Responder
2021-08-25 23:20:32,489 [Listener at 127.0.0.1/39119] INFO  server.RaftServer (RaftServerProxy.java:lambda$close$6(391)) - om1: close
2021-08-25 23:20:32,490 [Listener at 127.0.0.1/39119] INFO  server.RaftServer$Division (RaftServerImpl.java:lambda$close$4(407)) - om1@group-C5BA1605619E: shutdown
2021-08-25 23:20:32,490 [Listener at 127.0.0.1/39119] INFO  util.JmxRegister (JmxRegister.java:unregister(73)) - Successfully un-registered JMX Bean with object name Ratis:service=RaftServer,group=group-C5BA1605619E,id=om1
2021-08-25 23:20:32,490 [Listener at 127.0.0.1/39119] INFO  impl.RoleInfo (RoleInfo.java:shutdownLeaderState(91)) - om1: shutdown om1@group-C5BA1605619E-LeaderStateImpl
2021-08-25 23:20:32,490 [Listener at 127.0.0.1/39119] INFO  impl.PendingRequests (PendingRequests.java:sendNotLeaderResponses(282)) - om1@group-C5BA1605619E-PendingRequests: sendNotLeaderResponses
2021-08-25 23:20:32,493 [Listener at 127.0.0.1/39119] INFO  impl.StateMachineUpdater (StateMachineUpdater.java:stopAndJoin(149)) - om1@group-C5BA1605619E-StateMachineUpdater: set stopIndex = 8
2021-08-25 23:20:32,493 [om1@group-C5BA1605619E-StateMachineUpdater] INFO  ratis.OzoneManagerStateMachine (OzoneManagerStateMachine.java:takeSnapshot(417)) - Current Snapshot Index (t:1, i:8)
2021-08-25 23:20:32,494 [om1@group-C5BA1605619E-StateMachineUpdater] INFO  impl.StateMachineUpdater (StateMachineUpdater.java:takeSnapshot(281)) - om1@group-C5BA1605619E-StateMachineUpdater: Took a snapshot at index 8
2021-08-25 23:20:32,494 [om1@group-C5BA1605619E-StateMachineUpdater] INFO  impl.StateMachineUpdater (StateMachineUpdater.java:lambda$new$0(89)) - om1@group-C5BA1605619E-StateMachineUpdater: snapshotIndex: updateIncreasingly -1 -> 8
2021-08-25 23:20:32,495 [om1@group-C5BA1605619E-StateMachineUpdater] INFO  ratis.OzoneManagerStateMachine (OzoneManagerStateMachine.java:close(471)) - StateMachine has shutdown. Shutdown OzoneManager if not already shutdown.
2021-08-25 23:20:32,495 [Listener at 127.0.0.1/39119] INFO  server.RaftServer$Division (ServerState.java:close(419)) - om1@group-C5BA1605619E: closes. applyIndex: 8
2021-08-25 23:20:32,496 [om1@group-C5BA1605619E-SegmentedRaftLogWorker] INFO  segmented.SegmentedRaftLogWorker (SegmentedRaftLogWorker.java:run(327)) - om1@group-C5BA1605619E-SegmentedRaftLogWorker was interrupted, exiting. There are 0 tasks remaining in the queue.
2021-08-25 23:20:32,498 [Listener at 127.0.0.1/39119] INFO  segmented.SegmentedRaftLogWorker (SegmentedRaftLogWorker.java:close(237)) - om1@group-C5BA1605619E-SegmentedRaftLogWorker close()
2021-08-25 23:20:32,500 [Listener at 127.0.0.1/39119] INFO  server.GrpcService (GrpcService.java:closeImpl(262)) - om1: shutdown server with port 9872 now
2021-08-25 23:20:32,502 [Listener at 127.0.0.1/39119] INFO  server.GrpcService (GrpcService.java:closeImpl(271)) - om1: shutdown server with port 9872 successfully
2021-08-25 23:20:32,502 [org.apache.ratis.util.JvmPauseMonitor$$Lambda$531/840931289@3a4e3343] INFO  util.JvmPauseMonitor (JvmPauseMonitor.java:run(109)) - JvmPauseMonitor-om1: Stopped
2021-08-25 23:20:32,502 [Listener at 127.0.0.1/39119] INFO  ratis.OzoneManagerDoubleBuffer (OzoneManagerDoubleBuffer.java:stop(437)) - Stopping OMDoubleBuffer flush thread
2021-08-25 23:20:32,502 [OMDoubleBufferFlushThread] INFO  ratis.OzoneManagerDoubleBuffer (OzoneManagerDoubleBuffer.java:flushTransactions(356)) - OMDoubleBuffer flush thread OMDoubleBufferFlushThread is interrupted and will exit. OMDoubleBufferFlushThread
2021-08-25 23:20:32,503 [Listener at 127.0.0.1/39119] INFO  utils.BackgroundService (BackgroundService.java:shutdown(132)) - Shutting down service KeyDeletingService
2021-08-25 23:20:32,505 [Listener at 127.0.0.1/39119] INFO  handler.ContextHandler (ContextHandler.java:doStop(1153)) - Stopped o.e.j.w.WebAppContext@32a8ce3{ozoneManager,/,null,STOPPED}{file:/home/runner/work/ozone/ozone/hadoop-ozone/integration-test/target/test-classes/webapps/ozoneManager}
2021-08-25 23:20:32,508 [Listener at 127.0.0.1/39119] INFO  server.AbstractConnector (AbstractConnector.java:doStop(381)) - Stopped ServerConnector@73c72238{HTTP/1.1, (http/1.1)}{0.0.0.0:0}
2021-08-25 23:20:32,508 [Listener at 127.0.0.1/39119] INFO  server.session (HouseKeeper.java:stopScavenging(149)) - node0 Stopped scavenging
2021-08-25 23:20:32,509 [Listener at 127.0.0.1/39119] INFO  handler.ContextHandler (ContextHandler.java:doStop(1153)) - Stopped o.e.j.s.ServletContextHandler@52bd1783{static,/static,file:///home/runner/work/ozone/ozone/hadoop-ozone/integration-test/target/test-classes/webapps/static,STOPPED}
2021-08-25 23:20:32,510 [Listener at 127.0.0.1/39119] INFO  handler.ContextHandler (ContextHandler.java:doStop(1153)) - Stopped o.e.j.s.ServletContextHandler@68b2ce71{logs,/logs,file:///home/runner/work/ozone/ozone/hadoop-ozone/integration-test/target/log,STOPPED}
2021-08-25 23:20:32,512 [Listener at 127.0.0.1/39119] INFO  ozone.MiniOzoneClusterImpl (MiniOzoneClusterImpl.java:stopDatanodes(527)) - Stopping the HddsDatanodes
2021-08-25 23:20:32,624 [Datanode State Machine Thread - 0] INFO  statemachine.DatanodeStateMachine (DatanodeStateMachine.java:lambda$startDaemon$0(457)) - Ozone container server started.
2021-08-25 23:20:33,298 [Datanode State Machine Thread - 0] INFO  statemachine.DatanodeStateMachine (DatanodeStateMachine.java:lambda$startDaemon$0(457)) - Ozone container server started.
2021-08-25 23:20:33,459 [f3c5edec-fcc1-440f-ba30-167340659c5c@group-35E29BAFB5C9-FollowerState] INFO  impl.FollowerState (FollowerState.java:run(134)) - f3c5edec-fcc1-440f-ba30-167340659c5c@group-35E29BAFB5C9-FollowerState: change to CANDIDATE, lastRpcElapsedTime:5092209041ns, electionTimeout:5083ms
2021-08-25 23:20:33,460 [f3c5edec-fcc1-440f-ba30-167340659c5c@group-35E29BAFB5C9-FollowerState] INFO  impl.RoleInfo (RoleInfo.java:shutdownFollowerState(108)) - f3c5edec-fcc1-440f-ba30-167340659c5c: shutdown f3c5edec-fcc1-440f-ba30-167340659c5c@group-35E29BAFB5C9-FollowerState
2021-08-25 23:20:33,460 [f3c5edec-fcc1-440f-ba30-167340659c5c@group-35E29BAFB5C9-FollowerState] INFO  server.RaftServer$Division (RaftServerImpl.java:setRole(285)) - f3c5edec-fcc1-440f-ba30-167340659c5c@group-35E29BAFB5C9: changes role from  FOLLOWER to CANDIDATE at term 4 for changeToCandidate
2021-08-25 23:20:33,460 [f3c5edec-fcc1-440f-ba30-167340659c5c@group-35E29BAFB5C9-FollowerState] INFO  server.RaftServerConfigKeys (ConfUtils.java:logGet(44)) - raft.server.leaderelection.pre-vote = false (custom)
2021-08-25 23:20:33,460 [f3c5edec-fcc1-440f-ba30-167340659c5c@group-35E29BAFB5C9-FollowerState] INFO  impl.RoleInfo (RoleInfo.java:updateAndGet(130)) - f3c5edec-fcc1-440f-ba30-167340659c5c: start f3c5edec-fcc1-440f-ba30-167340659c5c@group-35E29BAFB5C9-LeaderElection23
2021-08-25 23:20:33,463 [f3c5edec-fcc1-440f-ba30-167340659c5c@group-35E29BAFB5C9-LeaderElection23] INFO  impl.LeaderElection (LeaderElection.java:askForVotes(306)) - f3c5edec-fcc1-440f-ba30-167340659c5c@group-35E29BAFB5C9-LeaderElection23 ELECTION round 0: submit vote requests at term 5 for -1: [f3c5edec-fcc1-440f-ba30-167340659c5c|rpc:10.1.0.32:45103|dataStream:|priority:0, d2e949a9-e5b3-4c4c-92b0-47a0169dba23|rpc:10.1.0.32:37449|dataStream:|priority:1, 55460722-07fd-4e57-847c-29244a947e0a|rpc:10.1.0.32:40409|dataStream:|priority:0], old=null
2021-08-25 23:20:33,467 [grpc-default-executor-2] INFO  server.RaftServer$Division (RaftServerImpl.java:requestVote(1043)) - 55460722-07fd-4e57-847c-29244a947e0a@group-35E29BAFB5C9: receive requestVote(ELECTION, f3c5edec-fcc1-440f-ba30-167340659c5c, group-35E29BAFB5C9, 5, (t:0, i:0))
2021-08-25 23:20:33,467 [grpc-default-executor-2] INFO  impl.VoteContext (VoteContext.java:log(48)) - 55460722-07fd-4e57-847c-29244a947e0a@group-35E29BAFB5C9-FOLLOWER: accept ELECTION from f3c5edec-fcc1-440f-ba30-167340659c5c: our priority 0 <= candidate's priority 0
2021-08-25 23:20:33,467 [grpc-default-executor-2] INFO  server.RaftServer$Division (RaftServerImpl.java:setRole(285)) - 55460722-07fd-4e57-847c-29244a947e0a@group-35E29BAFB5C9: changes role from  FOLLOWER to FOLLOWER at term 5 for candidate:f3c5edec-fcc1-440f-ba30-167340659c5c
2021-08-25 23:20:33,467 [grpc-default-executor-2] INFO  impl.RoleInfo (RoleInfo.java:shutdownFollowerState(108)) - 55460722-07fd-4e57-847c-29244a947e0a: shutdown 55460722-07fd-4e57-847c-29244a947e0a@group-35E29BAFB5C9-FollowerState
2021-08-25 23:20:33,467 [grpc-default-executor-2] INFO  impl.RoleInfo (RoleInfo.java:updateAndGet(130)) - 55460722-07fd-4e57-847c-29244a947e0a: start 55460722-07fd-4e57-847c-29244a947e0a@group-35E29BAFB5C9-FollowerState
2021-08-25 23:20:33,467 [55460722-07fd-4e57-847c-29244a947e0a@group-35E29BAFB5C9-FollowerState] INFO  impl.FollowerState (FollowerState.java:run(143)) - 55460722-07fd-4e57-847c-29244a947e0a@group-35E29BAFB5C9-FollowerState was interrupted: {}
java.lang.InterruptedException: sleep interrupted
	at java.lang.Thread.sleep(Native Method)
	at java.lang.Thread.sleep(Thread.java:340)
	at java.util.concurrent.TimeUnit.sleep(TimeUnit.java:386)
	at org.apache.ratis.util.TimeDuration.sleep(TimeDuration.java:324)
	at org.apache.ratis.util.TimeDuration.sleep(TimeDuration.java:309)
	at org.apache.ratis.server.impl.FollowerState.run(FollowerState.java:118)
2021-08-25 23:20:33,468 [grpc-default-executor-1] INFO  server.RaftServer$Division (RaftServerImpl.java:requestVote(1043)) - d2e949a9-e5b3-4c4c-92b0-47a0169dba23@group-35E29BAFB5C9: receive requestVote(ELECTION, f3c5edec-fcc1-440f-ba30-167340659c5c, group-35E29BAFB5C9, 5, (t:0, i:0))
2021-08-25 23:20:33,468 [grpc-default-executor-1] INFO  impl.VoteContext (VoteContext.java:log(48)) - d2e949a9-e5b3-4c4c-92b0-47a0169dba23@group-35E29BAFB5C9-FOLLOWER: reject ELECTION from f3c5edec-fcc1-440f-ba30-167340659c5c: our last entry (t:1, i:0) > candidate's last entry (t:0, i:0)
2021-08-25 23:20:33,469 [grpc-default-executor-1] INFO  server.RaftServer$Division (RaftServerImpl.java:setRole(285)) - d2e949a9-e5b3-4c4c-92b0-47a0169dba23@group-35E29BAFB5C9: changes role from  FOLLOWER to FOLLOWER at term 5 for candidate:f3c5edec-fcc1-440f-ba30-167340659c5c
2021-08-25 23:20:33,469 [grpc-default-executor-1] INFO  impl.RoleInfo (RoleInfo.java:shutdownFollowerState(108)) - d2e949a9-e5b3-4c4c-92b0-47a0169dba23: shutdown d2e949a9-e5b3-4c4c-92b0-47a0169dba23@group-35E29BAFB5C9-FollowerState
2021-08-25 23:20:33,469 [grpc-default-executor-1] INFO  impl.RoleInfo (RoleInfo.java:updateAndGet(130)) - d2e949a9-e5b3-4c4c-92b0-47a0169dba23: start d2e949a9-e5b3-4c4c-92b0-47a0169dba23@group-35E29BAFB5C9-FollowerState
2021-08-25 23:20:33,469 [d2e949a9-e5b3-4c4c-92b0-47a0169dba23@group-35E29BAFB5C9-FollowerState] INFO  impl.FollowerState (FollowerState.java:run(143)) - d2e949a9-e5b3-4c4c-92b0-47a0169dba23@group-35E29BAFB5C9-FollowerState was interrupted: {}
java.lang.InterruptedException: sleep interrupted
	at java.lang.Thread.sleep(Native Method)
	at java.lang.Thread.sleep(Thread.java:340)
	at java.util.concurrent.TimeUnit.sleep(TimeUnit.java:386)
	at org.apache.ratis.util.TimeDuration.sleep(TimeDuration.java:324)
	at org.apache.ratis.util.TimeDuration.sleep(TimeDuration.java:309)
	at org.apache.ratis.server.impl.FollowerState.run(FollowerState.java:118)
2021-08-25 23:20:33,474 [grpc-default-executor-2] INFO  server.RaftServer$Division (RaftServerImpl.java:requestVote(1075)) - 55460722-07fd-4e57-847c-29244a947e0a@group-35E29BAFB5C9 replies to ELECTION vote request: f3c5edec-fcc1-440f-ba30-167340659c5c<-55460722-07fd-4e57-847c-29244a947e0a#0:OK-t5. Peer's state: 55460722-07fd-4e57-847c-29244a947e0a@group-35E29BAFB5C9:t5, leader=null, voted=f3c5edec-fcc1-440f-ba30-167340659c5c, raftlog=55460722-07fd-4e57-847c-29244a947e0a@group-35E29BAFB5C9-SegmentedRaftLog:OPENED:c-1,f-1,i0, conf=-1: [f3c5edec-fcc1-440f-ba30-167340659c5c|rpc:10.1.0.32:45103|dataStream:|priority:0, d2e949a9-e5b3-4c4c-92b0-47a0169dba23|rpc:10.1.0.32:37449|dataStream:|priority:1, 55460722-07fd-4e57-847c-29244a947e0a|rpc:10.1.0.32:40409|dataStream:|priority:0], old=null
2021-08-25 23:20:33,475 [grpc-default-executor-1] INFO  server.RaftServer$Division (RaftServerImpl.java:requestVote(1075)) - d2e949a9-e5b3-4c4c-92b0-47a0169dba23@group-35E29BAFB5C9 replies to ELECTION vote request: f3c5edec-fcc1-440f-ba30-167340659c5c<-d2e949a9-e5b3-4c4c-92b0-47a0169dba23#0:FAIL-t5. Peer's state: d2e949a9-e5b3-4c4c-92b0-47a0169dba23@group-35E29BAFB5C9:t5, leader=null, voted=null, raftlog=d2e949a9-e5b3-4c4c-92b0-47a0169dba23@group-35E29BAFB5C9-SegmentedRaftLog:OPENED:c0,f0,i0, conf=0: [f3c5edec-fcc1-440f-ba30-167340659c5c|rpc:10.1.0.32:45103|dataStream:|priority:0, d2e949a9-e5b3-4c4c-92b0-47a0169dba23|rpc:10.1.0.32:37449|dataStream:|priority:1, 55460722-07fd-4e57-847c-29244a947e0a|rpc:10.1.0.32:40409|dataStream:|priority:0], old=null
2021-08-25 23:20:33,477 [f3c5edec-fcc1-440f-ba30-167340659c5c@group-35E29BAFB5C9-LeaderElection23] INFO  impl.LeaderElection (LeaderElection.java:logAndReturn(89)) - f3c5edec-fcc1-440f-ba30-167340659c5c@group-35E29BAFB5C9-LeaderElection23: ELECTION REJECTED received 2 response(s) and 0 exception(s):
2021-08-25 23:20:33,478 [f3c5edec-fcc1-440f-ba30-167340659c5c@group-35E29BAFB5C9-LeaderElection23] INFO  impl.LeaderElection (LeaderElection.java:logAndReturn(93)) -   Response 0: f3c5edec-fcc1-440f-ba30-167340659c5c<-d2e949a9-e5b3-4c4c-92b0-47a0169dba23#0:FAIL-t5
2021-08-25 23:20:33,478 [f3c5edec-fcc1-440f-ba30-167340659c5c@group-35E29BAFB5C9-LeaderElection23] INFO  impl.LeaderElection (LeaderElection.java:logAndReturn(93)) -   Response 1: f3c5edec-fcc1-440f-ba30-167340659c5c<-55460722-07fd-4e57-847c-29244a947e0a#0:OK-t5
2021-08-25 23:20:33,478 [f3c5edec-fcc1-440f-ba30-167340659c5c@group-35E29BAFB5C9-LeaderElection23] INFO  impl.LeaderElection (LeaderElection.java:askForVotes(308)) - f3c5edec-fcc1-440f-ba30-167340659c5c@group-35E29BAFB5C9-LeaderElection23 ELECTION round 0: result REJECTED
2021-08-25 23:20:33,478 [f3c5edec-fcc1-440f-ba30-167340659c5c@group-35E29BAFB5C9-LeaderElection23] INFO  server.RaftServer$Division (RaftServerImpl.java:setRole(285)) - f3c5edec-fcc1-440f-ba30-167340659c5c@group-35E29BAFB5C9: changes role from CANDIDATE to FOLLOWER at term 5 for REJECTED
2021-08-25 23:20:33,478 [f3c5edec-fcc1-440f-ba30-167340659c5c@group-35E29BAFB5C9-LeaderElection23] INFO  impl.RoleInfo (RoleInfo.java:shutdownLeaderElection(121)) - f3c5edec-fcc1-440f-ba30-167340659c5c: shutdown f3c5edec-fcc1-440f-ba30-167340659c5c@group-35E29BAFB5C9-LeaderElection23
2021-08-25 23:20:33,478 [f3c5edec-fcc1-440f-ba30-167340659c5c@group-35E29BAFB5C9-LeaderElection23] INFO  impl.RoleInfo (RoleInfo.java:updateAndGet(130)) - f3c5edec-fcc1-440f-ba30-167340659c5c: start f3c5edec-fcc1-440f-ba30-167340659c5c@group-35E29BAFB5C9-FollowerState
2021-08-25 23:20:37,516 [Listener at 127.0.0.1/39119] INFO  ozoneimpl.OzoneContainer (OzoneContainer.java:stop(326)) - Attempting to stop container services.
2021-08-25 23:20:37,516 [ForkJoinPool.commonPool-worker-0] INFO  ozoneimpl.OzoneContainer (OzoneContainer.java:stop(326)) - Attempting to stop container services.
2021-08-25 23:20:37,517 [Listener at 127.0.0.1/39119] INFO  server.RaftServer (RaftServerProxy.java:lambda$close$6(391)) - 55460722-07fd-4e57-847c-29244a947e0a: close
2021-08-25 23:20:37,517 [Listener at 127.0.0.1/39119] INFO  server.RaftServer$Division (RaftServerImpl.java:lambda$close$4(407)) - 55460722-07fd-4e57-847c-29244a947e0a@group-35E29BAFB5C9: shutdown
2021-08-25 23:20:37,517 [ForkJoinPool.commonPool-worker-0] INFO  server.RaftServer (RaftServerProxy.java:lambda$close$6(391)) - 551d55f6-e55a-4cfa-9f5c-62fc7ce672f1: close
2021-08-25 23:20:37,517 [Listener at 127.0.0.1/39119] INFO  util.JmxRegister (JmxRegister.java:unregister(73)) - Successfully un-registered JMX Bean with object name Ratis:service=RaftServer,group=group-35E29BAFB5C9,id=55460722-07fd-4e57-847c-29244a947e0a
2021-08-25 23:20:37,517 [Listener at 127.0.0.1/39119] INFO  impl.RoleInfo (RoleInfo.java:shutdownFollowerState(108)) - 55460722-07fd-4e57-847c-29244a947e0a: shutdown 55460722-07fd-4e57-847c-29244a947e0a@group-35E29BAFB5C9-FollowerState
2021-08-25 23:20:37,517 [ForkJoinPool.commonPool-worker-0] INFO  server.RaftServer$Division (RaftServerImpl.java:lambda$close$4(407)) - 551d55f6-e55a-4cfa-9f5c-62fc7ce672f1@group-A0C5CFE587C4: shutdown
2021-08-25 23:20:37,518 [ForkJoinPool.commonPool-worker-0] INFO  util.JmxRegister (JmxRegister.java:unregister(73)) - Successfully un-registered JMX Bean with object name Ratis:service=RaftServer,group=group-A0C5CFE587C4,id=551d55f6-e55a-4cfa-9f5c-62fc7ce672f1
2021-08-25 23:20:37,518 [ForkJoinPool.commonPool-worker-0] INFO  impl.RoleInfo (RoleInfo.java:shutdownFollowerState(108)) - 551d55f6-e55a-4cfa-9f5c-62fc7ce672f1: shutdown 551d55f6-e55a-4cfa-9f5c-62fc7ce672f1@group-A0C5CFE587C4-FollowerState
2021-08-25 23:20:37,518 [ForkJoinPool.commonPool-worker-0] INFO  impl.StateMachineUpdater (StateMachineUpdater.java:stopAndJoin(149)) - 551d55f6-e55a-4cfa-9f5c-62fc7ce672f1@group-A0C5CFE587C4-StateMachineUpdater: set stopIndex = 0
2021-08-25 23:20:37,518 [551d55f6-e55a-4cfa-9f5c-62fc7ce672f1@group-A0C5CFE587C4-FollowerState] INFO  impl.FollowerState (FollowerState.java:run(143)) - 551d55f6-e55a-4cfa-9f5c-62fc7ce672f1@group-A0C5CFE587C4-FollowerState was interrupted: {}
java.lang.InterruptedException: sleep interrupted
	at java.lang.Thread.sleep(Native Method)
	at java.lang.Thread.sleep(Thread.java:340)
	at java.util.concurrent.TimeUnit.sleep(TimeUnit.java:386)
	at org.apache.ratis.util.TimeDuration.sleep(TimeDuration.java:324)
	at org.apache.ratis.util.TimeDuration.sleep(TimeDuration.java:309)
	at org.apache.ratis.server.impl.FollowerState.run(FollowerState.java:118)
2021-08-25 23:20:37,518 [55460722-07fd-4e57-847c-29244a947e0a@group-35E29BAFB5C9-FollowerState] INFO  impl.FollowerState (FollowerState.java:run(143)) - 55460722-07fd-4e57-847c-29244a947e0a@group-35E29BAFB5C9-FollowerState was interrupted: {}
java.lang.InterruptedException: sleep interrupted
	at java.lang.Thread.sleep(Native Method)
	at java.lang.Thread.sleep(Thread.java:340)
	at java.util.concurrent.TimeUnit.sleep(TimeUnit.java:386)
	at org.apache.ratis.util.TimeDuration.sleep(TimeDuration.java:324)
	at org.apache.ratis.util.TimeDuration.sleep(TimeDuration.java:309)
	at org.apache.ratis.server.impl.FollowerState.run(FollowerState.java:118)
2021-08-25 23:20:37,518 [Listener at 127.0.0.1/39119] INFO  impl.StateMachineUpdater (StateMachineUpdater.java:stopAndJoin(149)) - 55460722-07fd-4e57-847c-29244a947e0a@group-35E29BAFB5C9-StateMachineUpdater: set stopIndex = -1
2021-08-25 23:20:37,520 [Listener at 127.0.0.1/39119] INFO  server.RaftServer$Division (ServerState.java:close(419)) - 55460722-07fd-4e57-847c-29244a947e0a@group-35E29BAFB5C9: closes. applyIndex: -1
2021-08-25 23:20:37,519 [551d55f6-e55a-4cfa-9f5c-62fc7ce672f1@group-A0C5CFE587C4-StateMachineUpdater] INFO  ratis.ContainerStateMachine (ContainerStateMachine.java:takeSnapshot(292)) - group-A0C5CFE587C4: Taking a snapshot at:(t:4, i:0) file /home/runner/work/ozone/ozone/hadoop-ozone/integration-test/target/test-dir/MiniOzoneClusterImpl-05b781a4-7df0-48b9-8d73-8dabce68a637/datanode-2/data/ratis/96e4d95f-3c0f-4364-8360-a0c5cfe587c4/sm/snapshot.4_0
2021-08-25 23:20:37,520 [55460722-07fd-4e57-847c-29244a947e0a@group-35E29BAFB5C9-SegmentedRaftLogWorker] INFO  segmented.SegmentedRaftLogWorker (SegmentedRaftLogWorker.java:run(327)) - 55460722-07fd-4e57-847c-29244a947e0a@group-35E29BAFB5C9-SegmentedRaftLogWorker was interrupted, exiting. There are 0 tasks remaining in the queue.
2021-08-25 23:20:37,521 [Listener at 127.0.0.1/39119] INFO  segmented.SegmentedRaftLogWorker (SegmentedRaftLogWorker.java:close(237)) - 55460722-07fd-4e57-847c-29244a947e0a@group-35E29BAFB5C9-SegmentedRaftLogWorker close()
2021-08-25 23:20:37,522 [Listener at 127.0.0.1/39119] INFO  server.RaftServer$Division (RaftServerImpl.java:lambda$close$4(407)) - 55460722-07fd-4e57-847c-29244a947e0a@group-D975E08D8EF0: shutdown
2021-08-25 23:20:37,522 [Listener at 127.0.0.1/39119] INFO  util.JmxRegister (JmxRegister.java:unregister(73)) - Successfully un-registered JMX Bean with object name Ratis:service=RaftServer,group=group-D975E08D8EF0,id=55460722-07fd-4e57-847c-29244a947e0a
2021-08-25 23:20:37,522 [Listener at 127.0.0.1/39119] INFO  impl.RoleInfo (RoleInfo.java:shutdownLeaderState(91)) - 55460722-07fd-4e57-847c-29244a947e0a: shutdown 55460722-07fd-4e57-847c-29244a947e0a@group-D975E08D8EF0-LeaderStateImpl
2021-08-25 23:20:37,522 [Listener at 127.0.0.1/39119] INFO  impl.PendingRequests (PendingRequests.java:sendNotLeaderResponses(282)) - 55460722-07fd-4e57-847c-29244a947e0a@group-D975E08D8EF0-PendingRequests: sendNotLeaderResponses
2021-08-25 23:20:37,523 [55460722-07fd-4e57-847c-29244a947e0a@group-D975E08D8EF0-StateMachineUpdater] INFO  ratis.ContainerStateMachine (ContainerStateMachine.java:takeSnapshot(292)) - group-D975E08D8EF0: Taking a snapshot at:(t:1, i:0) file /home/runner/work/ozone/ozone/hadoop-ozone/integration-test/target/test-dir/MiniOzoneClusterImpl-05b781a4-7df0-48b9-8d73-8dabce68a637/datanode-4/data/ratis/a08f549b-4053-449d-b408-d975e08d8ef0/sm/snapshot.1_0
2021-08-25 23:20:37,523 [Listener at 127.0.0.1/39119] INFO  impl.StateMachineUpdater (StateMachineUpdater.java:stopAndJoin(149)) - 55460722-07fd-4e57-847c-29244a947e0a@group-D975E08D8EF0-StateMachineUpdater: set stopIndex = 0
2021-08-25 23:20:37,562 [551d55f6-e55a-4cfa-9f5c-62fc7ce672f1@group-A0C5CFE587C4-StateMachineUpdater] INFO  ratis.ContainerStateMachine (ContainerStateMachine.java:takeSnapshot(303)) - group-A0C5CFE587C4: Finished taking a snapshot at:(t:4, i:0) file:/home/runner/work/ozone/ozone/hadoop-ozone/integration-test/target/test-dir/MiniOzoneClusterImpl-05b781a4-7df0-48b9-8d73-8dabce68a637/datanode-2/data/ratis/96e4d95f-3c0f-4364-8360-a0c5cfe587c4/sm/snapshot.4_0 took: 44 ms
2021-08-25 23:20:37,563 [551d55f6-e55a-4cfa-9f5c-62fc7ce672f1@group-A0C5CFE587C4-StateMachineUpdater] INFO  impl.StateMachineUpdater (StateMachineUpdater.java:takeSnapshot(281)) - 551d55f6-e55a-4cfa-9f5c-62fc7ce672f1@group-A0C5CFE587C4-StateMachineUpdater: Took a snapshot at index 0
2021-08-25 23:20:37,564 [551d55f6-e55a-4cfa-9f5c-62fc7ce672f1@group-A0C5CFE587C4-StateMachineUpdater] INFO  impl.StateMachineUpdater (StateMachineUpdater.java:lambda$new$0(89)) - 551d55f6-e55a-4cfa-9f5c-62fc7ce672f1@group-A0C5CFE587C4-StateMachineUpdater: snapshotIndex: updateIncreasingly -1 -> 0
2021-08-25 23:20:37,564 [55460722-07fd-4e57-847c-29244a947e0a@group-D975E08D8EF0-StateMachineUpdater] INFO  ratis.ContainerStateMachine (ContainerStateMachine.java:takeSnapshot(303)) - group-D975E08D8EF0: Finished taking a snapshot at:(t:1, i:0) file:/home/runner/work/ozone/ozone/hadoop-ozone/integration-test/target/test-dir/MiniOzoneClusterImpl-05b781a4-7df0-48b9-8d73-8dabce68a637/datanode-4/data/ratis/a08f549b-4053-449d-b408-d975e08d8ef0/sm/snapshot.1_0 took: 41 ms
2021-08-25 23:20:37,565 [55460722-07fd-4e57-847c-29244a947e0a@group-D975E08D8EF0-StateMachineUpdater] INFO  impl.StateMachineUpdater (StateMachineUpdater.java:takeSnapshot(281)) - 55460722-07fd-4e57-847c-29244a947e0a@group-D975E08D8EF0-StateMachineUpdater: Took a snapshot at index 0
2021-08-25 23:20:37,565 [55460722-07fd-4e57-847c-29244a947e0a@group-D975E08D8EF0-StateMachineUpdater] INFO  impl.StateMachineUpdater (StateMachineUpdater.java:lambda$new$0(89)) - 55460722-07fd-4e57-847c-29244a947e0a@group-D975E08D8EF0-StateMachineUpdater: snapshotIndex: updateIncreasingly -1 -> 0
2021-08-25 23:20:37,570 [Listener at 127.0.0.1/39119] INFO  server.RaftServer$Division (ServerState.java:close(419)) - 55460722-07fd-4e57-847c-29244a947e0a@group-D975E08D8EF0: closes. applyIndex: 0
2021-08-25 23:20:37,570 [55460722-07fd-4e57-847c-29244a947e0a@group-D975E08D8EF0-SegmentedRaftLogWorker] INFO  segmented.SegmentedRaftLogWorker (SegmentedRaftLogWorker.java:run(327)) - 55460722-07fd-4e57-847c-29244a947e0a@group-D975E08D8EF0-SegmentedRaftLogWorker was interrupted, exiting. There are 0 tasks remaining in the queue.
2021-08-25 23:20:37,577 [Listener at 127.0.0.1/39119] INFO  segmented.SegmentedRaftLogWorker (SegmentedRaftLogWorker.java:close(237)) - 55460722-07fd-4e57-847c-29244a947e0a@group-D975E08D8EF0-SegmentedRaftLogWorker close()
2021-08-25 23:20:37,578 [Listener at 127.0.0.1/39119] INFO  server.GrpcService (GrpcService.java:closeImpl(262)) - 55460722-07fd-4e57-847c-29244a947e0a: shutdown server with port 40409 now
2021-08-25 23:20:37,580 [Listener at 127.0.0.1/39119] INFO  server.GrpcService (GrpcService.java:closeImpl(271)) - 55460722-07fd-4e57-847c-29244a947e0a: shutdown server with port 40409 successfully
2021-08-25 23:20:37,581 [org.apache.ratis.util.JvmPauseMonitor$$Lambda$531/840931289@5f899ff9] INFO  util.JvmPauseMonitor (JvmPauseMonitor.java:run(109)) - JvmPauseMonitor-55460722-07fd-4e57-847c-29244a947e0a: Stopped
2021-08-25 23:20:37,583 [ForkJoinPool.commonPool-worker-0] INFO  server.RaftServer$Division (ServerState.java:close(419)) - 551d55f6-e55a-4cfa-9f5c-62fc7ce672f1@group-A0C5CFE587C4: closes. applyIndex: 0
2021-08-25 23:20:37,583 [551d55f6-e55a-4cfa-9f5c-62fc7ce672f1@group-A0C5CFE587C4-SegmentedRaftLogWorker] INFO  segmented.SegmentedRaftLogWorker (SegmentedRaftLogWorker.java:run(327)) - 551d55f6-e55a-4cfa-9f5c-62fc7ce672f1@group-A0C5CFE587C4-SegmentedRaftLogWorker was interrupted, exiting. There are 0 tasks remaining in the queue.
2021-08-25 23:20:37,585 [Listener at 127.0.0.1/39119] INFO  utils.BackgroundService (BackgroundService.java:shutdown(132)) - Shutting down service BlockDeletingService
2021-08-25 23:20:37,586 [ForkJoinPool.commonPool-worker-0] INFO  segmented.SegmentedRaftLogWorker (SegmentedRaftLogWorker.java:close(237)) - 551d55f6-e55a-4cfa-9f5c-62fc7ce672f1@group-A0C5CFE587C4-SegmentedRaftLogWorker close()
2021-08-25 23:20:37,587 [ForkJoinPool.commonPool-worker-0] INFO  server.RaftServer$Division (RaftServerImpl.java:lambda$close$4(407)) - 551d55f6-e55a-4cfa-9f5c-62fc7ce672f1@group-4799FEC00E20: shutdown
2021-08-25 23:20:37,587 [ForkJoinPool.commonPool-worker-0] INFO  util.JmxRegister (JmxRegister.java:unregister(73)) - Successfully un-registered JMX Bean with object name Ratis:service=RaftServer,group=group-4799FEC00E20,id=551d55f6-e55a-4cfa-9f5c-62fc7ce672f1
2021-08-25 23:20:37,587 [ForkJoinPool.commonPool-worker-0] INFO  impl.RoleInfo (RoleInfo.java:shutdownLeaderState(91)) - 551d55f6-e55a-4cfa-9f5c-62fc7ce672f1: shutdown 551d55f6-e55a-4cfa-9f5c-62fc7ce672f1@group-4799FEC00E20-LeaderStateImpl
2021-08-25 23:20:37,587 [ForkJoinPool.commonPool-worker-0] INFO  impl.PendingRequests (PendingRequests.java:sendNotLeaderResponses(282)) - 551d55f6-e55a-4cfa-9f5c-62fc7ce672f1@group-4799FEC00E20-PendingRequests: sendNotLeaderResponses
2021-08-25 23:20:37,588 [ForkJoinPool.commonPool-worker-0] INFO  impl.StateMachineUpdater (StateMachineUpdater.java:stopAndJoin(149)) - 551d55f6-e55a-4cfa-9f5c-62fc7ce672f1@group-4799FEC00E20-StateMachineUpdater: set stopIndex = 0
2021-08-25 23:20:37,588 [551d55f6-e55a-4cfa-9f5c-62fc7ce672f1@group-4799FEC00E20-StateMachineUpdater] INFO  ratis.ContainerStateMachine (ContainerStateMachine.java:takeSnapshot(292)) - group-4799FEC00E20: Taking a snapshot at:(t:1, i:0) file /home/runner/work/ozone/ozone/hadoop-ozone/integration-test/target/test-dir/MiniOzoneClusterImpl-05b781a4-7df0-48b9-8d73-8dabce68a637/datanode-2/data/ratis/9e9041c8-3114-4e2c-b4af-4799fec00e20/sm/snapshot.1_0
2021-08-25 23:20:37,590 [551d55f6-e55a-4cfa-9f5c-62fc7ce672f1@group-4799FEC00E20-StateMachineUpdater] INFO  ratis.ContainerStateMachine (ContainerStateMachine.java:takeSnapshot(303)) - group-4799FEC00E20: Finished taking a snapshot at:(t:1, i:0) file:/home/runner/work/ozone/ozone/hadoop-ozone/integration-test/target/test-dir/MiniOzoneClusterImpl-05b781a4-7df0-48b9-8d73-8dabce68a637/datanode-2/data/ratis/9e9041c8-3114-4e2c-b4af-4799fec00e20/sm/snapshot.1_0 took: 1 ms
2021-08-25 23:20:37,590 [551d55f6-e55a-4cfa-9f5c-62fc7ce672f1@group-4799FEC00E20-StateMachineUpdater] INFO  impl.StateMachineUpdater (StateMachineUpdater.java:takeSnapshot(281)) - 551d55f6-e55a-4cfa-9f5c-62fc7ce672f1@group-4799FEC00E20-StateMachineUpdater: Took a snapshot at index 0
2021-08-25 23:20:37,590 [551d55f6-e55a-4cfa-9f5c-62fc7ce672f1@group-4799FEC00E20-StateMachineUpdater] INFO  impl.StateMachineUpdater (StateMachineUpdater.java:lambda$new$0(89)) - 551d55f6-e55a-4cfa-9f5c-62fc7ce672f1@group-4799FEC00E20-StateMachineUpdater: snapshotIndex: updateIncreasingly -1 -> 0
2021-08-25 23:20:37,591 [ForkJoinPool.commonPool-worker-0] INFO  server.RaftServer$Division (ServerState.java:close(419)) - 551d55f6-e55a-4cfa-9f5c-62fc7ce672f1@group-4799FEC00E20: closes. applyIndex: 0
2021-08-25 23:20:37,591 [551d55f6-e55a-4cfa-9f5c-62fc7ce672f1@group-4799FEC00E20-SegmentedRaftLogWorker] INFO  segmented.SegmentedRaftLogWorker (SegmentedRaftLogWorker.java:run(327)) - 551d55f6-e55a-4cfa-9f5c-62fc7ce672f1@group-4799FEC00E20-SegmentedRaftLogWorker was interrupted, exiting. There are 0 tasks remaining in the queue.
2021-08-25 23:20:37,591 [ForkJoinPool.commonPool-worker-0] INFO  segmented.SegmentedRaftLogWorker (SegmentedRaftLogWorker.java:close(237)) - 551d55f6-e55a-4cfa-9f5c-62fc7ce672f1@group-4799FEC00E20-SegmentedRaftLogWorker close()
2021-08-25 23:20:37,594 [ForkJoinPool.commonPool-worker-0] INFO  server.GrpcService (GrpcService.java:closeImpl(262)) - 551d55f6-e55a-4cfa-9f5c-62fc7ce672f1: shutdown server with port 34175 now
2021-08-25 23:20:37,600 [grpc-default-executor-1] WARN  server.GrpcServerProtocolService (LogUtils.java:warn(122)) - 551d55f6-e55a-4cfa-9f5c-62fc7ce672f1: installSnapshot onError, lastRequest: 282e11bf-8d58-444e-a800-cb732d8168d5->551d55f6-e55a-4cfa-9f5c-62fc7ce672f1#1-t4,previous=(t:0, i:0),leaderCommit=-1,initializing? true,entries: size=1, first=(t:4, i:0), CONFIGURATIONENTRY: org.apache.ratis.thirdparty.io.grpc.StatusRuntimeException: CANCELLED: client cancelled
2021-08-25 23:20:37,607 [grpc-default-executor-1] WARN  server.GrpcLogAppender (LogUtils.java:warn(122)) - 282e11bf-8d58-444e-a800-cb732d8168d5@group-A0C5CFE587C4->551d55f6-e55a-4cfa-9f5c-62fc7ce672f1-AppendLogResponseHandler: Failed appendEntries: org.apache.ratis.thirdparty.io.grpc.StatusRuntimeException: CANCELLED: HTTP/2 error code: CANCEL
Received Rst Stream
2021-08-25 23:20:37,607 [grpc-default-executor-1] WARN  server.GrpcLogAppender (GrpcLogAppender.java:resetClient(111)) - 282e11bf-8d58-444e-a800-cb732d8168d5@group-A0C5CFE587C4->551d55f6-e55a-4cfa-9f5c-62fc7ce672f1-GrpcLogAppender: Leader has not got in touch with Follower 282e11bf-8d58-444e-a800-cb732d8168d5@group-A0C5CFE587C4->551d55f6-e55a-4cfa-9f5c-62fc7ce672f1(c0,m0,n1, attendVote=true, lastRpcSendTime=130, lastRpcResponseTime=128) yet, just keep nextIndex unchanged and retry.
2021-08-25 23:20:37,616 [ForkJoinPool.commonPool-worker-0] INFO  server.GrpcService (GrpcService.java:closeImpl(271)) - 551d55f6-e55a-4cfa-9f5c-62fc7ce672f1: shutdown server with port 34175 successfully
2021-08-25 23:20:37,616 [org.apache.ratis.util.JvmPauseMonitor$$Lambda$531/840931289@18c556bd] INFO  util.JvmPauseMonitor (JvmPauseMonitor.java:run(109)) - JvmPauseMonitor-551d55f6-e55a-4cfa-9f5c-62fc7ce672f1: Stopped
2021-08-25 23:20:37,618 [ForkJoinPool.commonPool-worker-0] INFO  utils.BackgroundService (BackgroundService.java:shutdown(132)) - Shutting down service BlockDeletingService
2021-08-25 23:20:38,530 [f3c5edec-fcc1-440f-ba30-167340659c5c@group-35E29BAFB5C9-FollowerState] INFO  impl.FollowerState (FollowerState.java:run(134)) - f3c5edec-fcc1-440f-ba30-167340659c5c@group-35E29BAFB5C9-FollowerState: change to CANDIDATE, lastRpcElapsedTime:5052546087ns, electionTimeout:5052ms
2021-08-25 23:20:38,530 [f3c5edec-fcc1-440f-ba30-167340659c5c@group-35E29BAFB5C9-FollowerState] INFO  impl.RoleInfo (RoleInfo.java:shutdownFollowerState(108)) - f3c5edec-fcc1-440f-ba30-167340659c5c: shutdown f3c5edec-fcc1-440f-ba30-167340659c5c@group-35E29BAFB5C9-FollowerState
2021-08-25 23:20:38,531 [f3c5edec-fcc1-440f-ba30-167340659c5c@group-35E29BAFB5C9-FollowerState] INFO  server.RaftServer$Division (RaftServerImpl.java:setRole(285)) - f3c5edec-fcc1-440f-ba30-167340659c5c@group-35E29BAFB5C9: changes role from  FOLLOWER to CANDIDATE at term 5 for changeToCandidate
2021-08-25 23:20:38,531 [f3c5edec-fcc1-440f-ba30-167340659c5c@group-35E29BAFB5C9-FollowerState] INFO  server.RaftServerConfigKeys (ConfUtils.java:logGet(44)) - raft.server.leaderelection.pre-vote = false (custom)
2021-08-25 23:20:38,531 [f3c5edec-fcc1-440f-ba30-167340659c5c@group-35E29BAFB5C9-FollowerState] INFO  impl.RoleInfo (RoleInfo.java:updateAndGet(130)) - f3c5edec-fcc1-440f-ba30-167340659c5c: start f3c5edec-fcc1-440f-ba30-167340659c5c@group-35E29BAFB5C9-LeaderElection24
2021-08-25 23:20:38,546 [f3c5edec-fcc1-440f-ba30-167340659c5c@group-35E29BAFB5C9-LeaderElection24] INFO  impl.LeaderElection (LeaderElection.java:askForVotes(306)) - f3c5edec-fcc1-440f-ba30-167340659c5c@group-35E29BAFB5C9-LeaderElection24 ELECTION round 0: submit vote requests at term 6 for -1: [f3c5edec-fcc1-440f-ba30-167340659c5c|rpc:10.1.0.32:45103|dataStream:|priority:0, d2e949a9-e5b3-4c4c-92b0-47a0169dba23|rpc:10.1.0.32:37449|dataStream:|priority:1, 55460722-07fd-4e57-847c-29244a947e0a|rpc:10.1.0.32:40409|dataStream:|priority:0], old=null
2021-08-25 23:20:38,568 [grpc-default-executor-2] INFO  server.RaftServer$Division (RaftServerImpl.java:requestVote(1043)) - d2e949a9-e5b3-4c4c-92b0-47a0169dba23@group-35E29BAFB5C9: receive requestVote(ELECTION, f3c5edec-fcc1-440f-ba30-167340659c5c, group-35E29BAFB5C9, 6, (t:0, i:0))
2021-08-25 23:20:38,568 [grpc-default-executor-2] INFO  impl.VoteContext (VoteContext.java:log(48)) - d2e949a9-e5b3-4c4c-92b0-47a0169dba23@group-35E29BAFB5C9-FOLLOWER: reject ELECTION from f3c5edec-fcc1-440f-ba30-167340659c5c: our last entry (t:1, i:0) > candidate's last entry (t:0, i:0)
2021-08-25 23:20:38,568 [grpc-default-executor-2] INFO  server.RaftServer$Division (RaftServerImpl.java:setRole(285)) - d2e949a9-e5b3-4c4c-92b0-47a0169dba23@group-35E29BAFB5C9: changes role from  FOLLOWER to FOLLOWER at term 6 for candidate:f3c5edec-fcc1-440f-ba30-167340659c5c
2021-08-25 23:20:38,568 [grpc-default-executor-2] INFO  impl.RoleInfo (RoleInfo.java:shutdownFollowerState(108)) - d2e949a9-e5b3-4c4c-92b0-47a0169dba23: shutdown d2e949a9-e5b3-4c4c-92b0-47a0169dba23@group-35E29BAFB5C9-FollowerState
2021-08-25 23:20:38,568 [grpc-default-executor-2] INFO  impl.RoleInfo (RoleInfo.java:updateAndGet(130)) - d2e949a9-e5b3-4c4c-92b0-47a0169dba23: start d2e949a9-e5b3-4c4c-92b0-47a0169dba23@group-35E29BAFB5C9-FollowerState
2021-08-25 23:20:38,569 [d2e949a9-e5b3-4c4c-92b0-47a0169dba23@group-35E29BAFB5C9-FollowerState] INFO  impl.FollowerState (FollowerState.java:run(143)) - d2e949a9-e5b3-4c4c-92b0-47a0169dba23@group-35E29BAFB5C9-FollowerState was interrupted: {}
java.lang.InterruptedException: sleep interrupted
	at java.lang.Thread.sleep(Native Method)
	at java.lang.Thread.sleep(Thread.java:340)
	at java.util.concurrent.TimeUnit.sleep(TimeUnit.java:386)
	at org.apache.ratis.util.TimeDuration.sleep(TimeDuration.java:324)
	at org.apache.ratis.util.TimeDuration.sleep(TimeDuration.java:309)
	at org.apache.ratis.server.impl.FollowerState.run(FollowerState.java:118)
2021-08-25 23:20:38,570 [grpc-default-executor-2] INFO  server.RaftServer$Division (RaftServerImpl.java:requestVote(1075)) - d2e949a9-e5b3-4c4c-92b0-47a0169dba23@group-35E29BAFB5C9 replies to ELECTION vote request: f3c5edec-fcc1-440f-ba30-167340659c5c<-d2e949a9-e5b3-4c4c-92b0-47a0169dba23#0:FAIL-t6. Peer's state: d2e949a9-e5b3-4c4c-92b0-47a0169dba23@group-35E29BAFB5C9:t6, leader=null, voted=null, raftlog=d2e949a9-e5b3-4c4c-92b0-47a0169dba23@group-35E29BAFB5C9-SegmentedRaftLog:OPENED:c0,f0,i0, conf=0: [f3c5edec-fcc1-440f-ba30-167340659c5c|rpc:10.1.0.32:45103|dataStream:|priority:0, d2e949a9-e5b3-4c4c-92b0-47a0169dba23|rpc:10.1.0.32:37449|dataStream:|priority:1, 55460722-07fd-4e57-847c-29244a947e0a|rpc:10.1.0.32:40409|dataStream:|priority:0], old=null
2021-08-25 23:20:38,571 [f3c5edec-fcc1-440f-ba30-167340659c5c@group-35E29BAFB5C9-LeaderElection24] INFO  impl.LeaderElection (LeaderElection.java:logAndReturn(89)) - f3c5edec-fcc1-440f-ba30-167340659c5c@group-35E29BAFB5C9-LeaderElection24: ELECTION REJECTED received 1 response(s) and 0 exception(s):
2021-08-25 23:20:38,571 [f3c5edec-fcc1-440f-ba30-167340659c5c@group-35E29BAFB5C9-LeaderElection24] INFO  impl.LeaderElection (LeaderElection.java:logAndReturn(93)) -   Response 0: f3c5edec-fcc1-440f-ba30-167340659c5c<-d2e949a9-e5b3-4c4c-92b0-47a0169dba23#0:FAIL-t6
2021-08-25 23:20:38,571 [f3c5edec-fcc1-440f-ba30-167340659c5c@group-35E29BAFB5C9-LeaderElection24] INFO  impl.LeaderElection (LeaderElection.java:askForVotes(308)) - f3c5edec-fcc1-440f-ba30-167340659c5c@group-35E29BAFB5C9-LeaderElection24 ELECTION round 0: result REJECTED
2021-08-25 23:20:38,571 [f3c5edec-fcc1-440f-ba30-167340659c5c@group-35E29BAFB5C9-LeaderElection24] INFO  server.RaftServer$Division (RaftServerImpl.java:setRole(285)) - f3c5edec-fcc1-440f-ba30-167340659c5c@group-35E29BAFB5C9: changes role from CANDIDATE to FOLLOWER at term 6 for REJECTED
2021-08-25 23:20:38,571 [f3c5edec-fcc1-440f-ba30-167340659c5c@group-35E29BAFB5C9-LeaderElection24] INFO  impl.RoleInfo (RoleInfo.java:shutdownLeaderElection(121)) - f3c5edec-fcc1-440f-ba30-167340659c5c: shutdown f3c5edec-fcc1-440f-ba30-167340659c5c@group-35E29BAFB5C9-LeaderElection24
2021-08-25 23:20:38,571 [f3c5edec-fcc1-440f-ba30-167340659c5c@group-35E29BAFB5C9-LeaderElection24] INFO  impl.RoleInfo (RoleInfo.java:updateAndGet(130)) - f3c5edec-fcc1-440f-ba30-167340659c5c: start f3c5edec-fcc1-440f-ba30-167340659c5c@group-35E29BAFB5C9-FollowerState
2021-08-25 23:20:39,984 [grpc-default-executor-1] WARN  server.GrpcLogAppender (LogUtils.java:warn(122)) - 282e11bf-8d58-444e-a800-cb732d8168d5@group-A0C5CFE587C4->551d55f6-e55a-4cfa-9f5c-62fc7ce672f1-AppendLogResponseHandler: Failed appendEntries: org.apache.ratis.thirdparty.io.grpc.StatusRuntimeException: UNAVAILABLE: io exception
2021-08-25 23:20:39,985 [grpc-default-executor-1] WARN  server.GrpcLogAppender (GrpcLogAppender.java:resetClient(111)) - 282e11bf-8d58-444e-a800-cb732d8168d5@group-A0C5CFE587C4->551d55f6-e55a-4cfa-9f5c-62fc7ce672f1-GrpcLogAppender: Leader has not got in touch with Follower 282e11bf-8d58-444e-a800-cb732d8168d5@group-A0C5CFE587C4->551d55f6-e55a-4cfa-9f5c-62fc7ce672f1(c0,m0,n1, attendVote=true, lastRpcSendTime=0, lastRpcResponseTime=2506) yet, just keep nextIndex unchanged and retry.
2021-08-25 23:20:40,591 [Listener at 127.0.0.1/39119] INFO  statemachine.DatanodeStateMachine (DatanodeStateMachine.java:stopDaemon(515)) - Ozone container server stopped.
2021-08-25 23:20:40,592 [Listener at 127.0.0.1/39119] INFO  handler.ContextHandler (ContextHandler.java:doStop(1153)) - Stopped o.e.j.w.WebAppContext@20f7197f{hddsDatanode,/,null,STOPPED}{jar:file:/home/runner/.m2/repository/org/apache/ozone/hdds-container-service/1.2.0-SNAPSHOT/hdds-container-service-1.2.0-SNAPSHOT.jar!/webapps/hddsDatanode}
2021-08-25 23:20:40,593 [Listener at 127.0.0.1/39119] INFO  server.AbstractConnector (AbstractConnector.java:doStop(381)) - Stopped ServerConnector@3a103112{HTTP/1.1, (http/1.1)}{0.0.0.0:0}
2021-08-25 23:20:40,593 [Listener at 127.0.0.1/39119] INFO  server.session (HouseKeeper.java:stopScavenging(149)) - node0 Stopped scavenging
2021-08-25 23:20:40,593 [Listener at 127.0.0.1/39119] INFO  handler.ContextHandler (ContextHandler.java:doStop(1153)) - Stopped o.e.j.s.ServletContextHandler@70ab102c{static,/static,jar:file:/home/runner/.m2/repository/org/apache/ozone/hdds-container-service/1.2.0-SNAPSHOT/hdds-container-service-1.2.0-SNAPSHOT.jar!/webapps/static,STOPPED}
2021-08-25 23:20:40,593 [Listener at 127.0.0.1/39119] INFO  handler.ContextHandler (ContextHandler.java:doStop(1153)) - Stopped o.e.j.s.ServletContextHandler@2d8c51c9{logs,/logs,file:///home/runner/work/ozone/ozone/hadoop-ozone/integration-test/target/log,STOPPED}
2021-08-25 23:20:40,677 [ForkJoinPool.commonPool-worker-0] INFO  statemachine.DatanodeStateMachine (DatanodeStateMachine.java:stopDaemon(515)) - Ozone container server stopped.
2021-08-25 23:20:40,683 [ForkJoinPool.commonPool-worker-0] INFO  handler.ContextHandler (ContextHandler.java:doStop(1153)) - Stopped o.e.j.w.WebAppContext@50e1c39c{hddsDatanode,/,null,STOPPED}{jar:file:/home/runner/.m2/repository/org/apache/ozone/hdds-container-service/1.2.0-SNAPSHOT/hdds-container-service-1.2.0-SNAPSHOT.jar!/webapps/hddsDatanode}
2021-08-25 23:20:40,684 [ForkJoinPool.commonPool-worker-0] INFO  server.AbstractConnector (AbstractConnector.java:doStop(381)) - Stopped ServerConnector@30f6791d{HTTP/1.1, (http/1.1)}{0.0.0.0:0}
2021-08-25 23:20:40,684 [ForkJoinPool.commonPool-worker-0] INFO  server.session (HouseKeeper.java:stopScavenging(149)) - node0 Stopped scavenging
2021-08-25 23:20:40,685 [ForkJoinPool.commonPool-worker-0] INFO  handler.ContextHandler (ContextHandler.java:doStop(1153)) - Stopped o.e.j.s.ServletContextHandler@136ee66d{static,/static,jar:file:/home/runner/.m2/repository/org/apache/ozone/hdds-container-service/1.2.0-SNAPSHOT/hdds-container-service-1.2.0-SNAPSHOT.jar!/webapps/static,STOPPED}
2021-08-25 23:20:40,685 [ForkJoinPool.commonPool-worker-0] INFO  handler.ContextHandler (ContextHandler.java:doStop(1153)) - Stopped o.e.j.s.ServletContextHandler@3c4161d1{logs,/logs,file:///home/runner/work/ozone/ozone/hadoop-ozone/integration-test/target/log,STOPPED}
2021-08-25 23:20:41,131 [Datanode State Machine Thread - 0] INFO  statemachine.DatanodeStateMachine (DatanodeStateMachine.java:lambda$startDaemon$0(457)) - Ozone container server started.
2021-08-25 23:20:41,371 [Datanode State Machine Thread - 0] INFO  statemachine.DatanodeStateMachine (DatanodeStateMachine.java:lambda$startDaemon$0(457)) - Ozone container server started.
2021-08-25 23:20:42,485 [grpc-default-executor-1] WARN  server.GrpcLogAppender (LogUtils.java:warn(122)) - 282e11bf-8d58-444e-a800-cb732d8168d5@group-A0C5CFE587C4->551d55f6-e55a-4cfa-9f5c-62fc7ce672f1-AppendLogResponseHandler: Failed appendEntries: org.apache.ratis.thirdparty.io.grpc.StatusRuntimeException: UNAVAILABLE: io exception
2021-08-25 23:20:42,486 [grpc-default-executor-1] WARN  server.GrpcLogAppender (GrpcLogAppender.java:resetClient(111)) - 282e11bf-8d58-444e-a800-cb732d8168d5@group-A0C5CFE587C4->551d55f6-e55a-4cfa-9f5c-62fc7ce672f1-GrpcLogAppender: Leader has not got in touch with Follower 282e11bf-8d58-444e-a800-cb732d8168d5@group-A0C5CFE587C4->551d55f6-e55a-4cfa-9f5c-62fc7ce672f1(c0,m0,n1, attendVote=true, lastRpcSendTime=0, lastRpcResponseTime=5006) yet, just keep nextIndex unchanged and retry.
2021-08-25 23:20:43,644 [d2e949a9-e5b3-4c4c-92b0-47a0169dba23@group-35E29BAFB5C9-FollowerState] INFO  impl.FollowerState (FollowerState.java:run(134)) - d2e949a9-e5b3-4c4c-92b0-47a0169dba23@group-35E29BAFB5C9-FollowerState: change to CANDIDATE, lastRpcElapsedTime:5075223167ns, electionTimeout:5050ms
2021-08-25 23:20:43,644 [d2e949a9-e5b3-4c4c-92b0-47a0169dba23@group-35E29BAFB5C9-FollowerState] INFO  impl.RoleInfo (RoleInfo.java:shutdownFollowerState(108)) - d2e949a9-e5b3-4c4c-92b0-47a0169dba23: shutdown d2e949a9-e5b3-4c4c-92b0-47a0169dba23@group-35E29BAFB5C9-FollowerState
2021-08-25 23:20:43,644 [d2e949a9-e5b3-4c4c-92b0-47a0169dba23@group-35E29BAFB5C9-FollowerState] INFO  server.RaftServer$Division (RaftServerImpl.java:setRole(285)) - d2e949a9-e5b3-4c4c-92b0-47a0169dba23@group-35E29BAFB5C9: changes role from  FOLLOWER to CANDIDATE at term 6 for changeToCandidate
2021-08-25 23:20:43,644 [d2e949a9-e5b3-4c4c-92b0-47a0169dba23@group-35E29BAFB5C9-FollowerState] INFO  server.RaftServerConfigKeys (ConfUtils.java:logGet(44)) - raft.server.leaderelection.pre-vote = false (custom)
2021-08-25 23:20:43,644 [d2e949a9-e5b3-4c4c-92b0-47a0169dba23@group-35E29BAFB5C9-FollowerState] INFO  impl.RoleInfo (RoleInfo.java:updateAndGet(130)) - d2e949a9-e5b3-4c4c-92b0-47a0169dba23: start d2e949a9-e5b3-4c4c-92b0-47a0169dba23@group-35E29BAFB5C9-LeaderElection25
2021-08-25 23:20:43,671 [f3c5edec-fcc1-440f-ba30-167340659c5c@group-35E29BAFB5C9-FollowerState] INFO  impl.FollowerState (FollowerState.java:run(134)) - f3c5edec-fcc1-440f-ba30-167340659c5c@group-35E29BAFB5C9-FollowerState: change to CANDIDATE, lastRpcElapsedTime:5099244688ns, electionTimeout:5077ms
2021-08-25 23:20:43,671 [f3c5edec-fcc1-440f-ba30-167340659c5c@group-35E29BAFB5C9-FollowerState] INFO  impl.RoleInfo (RoleInfo.java:shutdownFollowerState(108)) - f3c5edec-fcc1-440f-ba30-167340659c5c: shutdown f3c5edec-fcc1-440f-ba30-167340659c5c@group-35E29BAFB5C9-FollowerState
2021-08-25 23:20:43,671 [f3c5edec-fcc1-440f-ba30-167340659c5c@group-35E29BAFB5C9-FollowerState] INFO  server.RaftServer$Division (RaftServerImpl.java:setRole(285)) - f3c5edec-fcc1-440f-ba30-167340659c5c@group-35E29BAFB5C9: changes role from  FOLLOWER to CANDIDATE at term 6 for changeToCandidate
2021-08-25 23:20:43,671 [f3c5edec-fcc1-440f-ba30-167340659c5c@group-35E29BAFB5C9-FollowerState] INFO  server.RaftServerConfigKeys (ConfUtils.java:logGet(44)) - raft.server.leaderelection.pre-vote = false (custom)
2021-08-25 23:20:43,671 [f3c5edec-fcc1-440f-ba30-167340659c5c@group-35E29BAFB5C9-FollowerState] INFO  impl.RoleInfo (RoleInfo.java:updateAndGet(130)) - f3c5edec-fcc1-440f-ba30-167340659c5c: start f3c5edec-fcc1-440f-ba30-167340659c5c@group-35E29BAFB5C9-LeaderElection26
2021-08-25 23:20:43,672 [d2e949a9-e5b3-4c4c-92b0-47a0169dba23@group-35E29BAFB5C9-LeaderElection25] INFO  impl.LeaderElection (LeaderElection.java:askForVotes(306)) - d2e949a9-e5b3-4c4c-92b0-47a0169dba23@group-35E29BAFB5C9-LeaderElection25 ELECTION round 0: submit vote requests at term 7 for 0: [f3c5edec-fcc1-440f-ba30-167340659c5c|rpc:10.1.0.32:45103|dataStream:|priority:0, d2e949a9-e5b3-4c4c-92b0-47a0169dba23|rpc:10.1.0.32:37449|dataStream:|priority:1, 55460722-07fd-4e57-847c-29244a947e0a|rpc:10.1.0.32:40409|dataStream:|priority:0], old=null
2021-08-25 23:20:43,681 [f3c5edec-fcc1-440f-ba30-167340659c5c@group-35E29BAFB5C9-LeaderElection26] INFO  impl.LeaderElection (LeaderElection.java:askForVotes(306)) - f3c5edec-fcc1-440f-ba30-167340659c5c@group-35E29BAFB5C9-LeaderElection26 ELECTION round 0: submit vote requests at term 7 for -1: [f3c5edec-fcc1-440f-ba30-167340659c5c|rpc:10.1.0.32:45103|dataStream:|priority:0, d2e949a9-e5b3-4c4c-92b0-47a0169dba23|rpc:10.1.0.32:37449|dataStream:|priority:1, 55460722-07fd-4e57-847c-29244a947e0a|rpc:10.1.0.32:40409|dataStream:|priority:0], old=null
2021-08-25 23:20:43,686 [grpc-default-executor-1] INFO  server.RaftServer$Division (RaftServerImpl.java:requestVote(1043)) - f3c5edec-fcc1-440f-ba30-167340659c5c@group-35E29BAFB5C9: receive requestVote(ELECTION, d2e949a9-e5b3-4c4c-92b0-47a0169dba23, group-35E29BAFB5C9, 7, (t:1, i:0))
2021-08-25 23:20:43,687 [grpc-default-executor-1] INFO  impl.VoteContext (VoteContext.java:log(48)) - f3c5edec-fcc1-440f-ba30-167340659c5c@group-35E29BAFB5C9-CANDIDATE: reject ELECTION from d2e949a9-e5b3-4c4c-92b0-47a0169dba23: already has voted for f3c5edec-fcc1-440f-ba30-167340659c5c at current term 7
2021-08-25 23:20:43,687 [grpc-default-executor-1] INFO  server.RaftServer$Division (RaftServerImpl.java:requestVote(1075)) - f3c5edec-fcc1-440f-ba30-167340659c5c@group-35E29BAFB5C9 replies to ELECTION vote request: d2e949a9-e5b3-4c4c-92b0-47a0169dba23<-f3c5edec-fcc1-440f-ba30-167340659c5c#0:FAIL-t7. Peer's state: f3c5edec-fcc1-440f-ba30-167340659c5c@group-35E29BAFB5C9:t7, leader=null, voted=f3c5edec-fcc1-440f-ba30-167340659c5c, raftlog=f3c5edec-fcc1-440f-ba30-167340659c5c@group-35E29BAFB5C9-SegmentedRaftLog:OPENED:c-1,f-1,i0, conf=-1: [f3c5edec-fcc1-440f-ba30-167340659c5c|rpc:10.1.0.32:45103|dataStream:|priority:0, d2e949a9-e5b3-4c4c-92b0-47a0169dba23|rpc:10.1.0.32:37449|dataStream:|priority:1, 55460722-07fd-4e57-847c-29244a947e0a|rpc:10.1.0.32:40409|dataStream:|priority:0], old=null
2021-08-25 23:20:43,707 [d2e949a9-e5b3-4c4c-92b0-47a0169dba23@group-35E29BAFB5C9-LeaderElection25] INFO  impl.LeaderElection (LogUtils.java:infoOrTrace(137)) - d2e949a9-e5b3-4c4c-92b0-47a0169dba23@group-35E29BAFB5C9-LeaderElection25 got exception when requesting votes: java.util.concurrent.ExecutionException: org.apache.ratis.thirdparty.io.grpc.StatusRuntimeException: UNAVAILABLE: io exception
2021-08-25 23:20:43,707 [d2e949a9-e5b3-4c4c-92b0-47a0169dba23@group-35E29BAFB5C9-LeaderElection25] INFO  impl.LeaderElection (LeaderElection.java:logAndReturn(89)) - d2e949a9-e5b3-4c4c-92b0-47a0169dba23@group-35E29BAFB5C9-LeaderElection25: ELECTION REJECTED received 1 response(s) and 1 exception(s):
2021-08-25 23:20:43,707 [d2e949a9-e5b3-4c4c-92b0-47a0169dba23@group-35E29BAFB5C9-LeaderElection25] INFO  impl.LeaderElection (LeaderElection.java:logAndReturn(93)) -   Response 0: d2e949a9-e5b3-4c4c-92b0-47a0169dba23<-f3c5edec-fcc1-440f-ba30-167340659c5c#0:FAIL-t7
2021-08-25 23:20:43,707 [d2e949a9-e5b3-4c4c-92b0-47a0169dba23@group-35E29BAFB5C9-LeaderElection25] INFO  impl.LeaderElection (LogUtils.java:infoOrTrace(137)) -   Exception 1: java.util.concurrent.ExecutionException: org.apache.ratis.thirdparty.io.grpc.StatusRuntimeException: UNAVAILABLE: io exception
2021-08-25 23:20:43,707 [d2e949a9-e5b3-4c4c-92b0-47a0169dba23@group-35E29BAFB5C9-LeaderElection25] INFO  impl.LeaderElection (LeaderElection.java:askForVotes(308)) - d2e949a9-e5b3-4c4c-92b0-47a0169dba23@group-35E29BAFB5C9-LeaderElection25 ELECTION round 0: result REJECTED
2021-08-25 23:20:43,707 [d2e949a9-e5b3-4c4c-92b0-47a0169dba23@group-35E29BAFB5C9-LeaderElection25] INFO  server.RaftServer$Division (RaftServerImpl.java:setRole(285)) - d2e949a9-e5b3-4c4c-92b0-47a0169dba23@group-35E29BAFB5C9: changes role from CANDIDATE to FOLLOWER at term 7 for REJECTED
2021-08-25 23:20:43,707 [d2e949a9-e5b3-4c4c-92b0-47a0169dba23@group-35E29BAFB5C9-LeaderElection25] INFO  impl.RoleInfo (RoleInfo.java:shutdownLeaderElection(121)) - d2e949a9-e5b3-4c4c-92b0-47a0169dba23: shutdown d2e949a9-e5b3-4c4c-92b0-47a0169dba23@group-35E29BAFB5C9-LeaderElection25
2021-08-25 23:20:43,707 [d2e949a9-e5b3-4c4c-92b0-47a0169dba23@group-35E29BAFB5C9-LeaderElection25] INFO  impl.RoleInfo (RoleInfo.java:updateAndGet(130)) - d2e949a9-e5b3-4c4c-92b0-47a0169dba23: start d2e949a9-e5b3-4c4c-92b0-47a0169dba23@group-35E29BAFB5C9-FollowerState
2021-08-25 23:20:43,710 [grpc-default-executor-1] INFO  server.RaftServer$Division (RaftServerImpl.java:requestVote(1043)) - d2e949a9-e5b3-4c4c-92b0-47a0169dba23@group-35E29BAFB5C9: receive requestVote(ELECTION, f3c5edec-fcc1-440f-ba30-167340659c5c, group-35E29BAFB5C9, 7, (t:0, i:0))
2021-08-25 23:20:43,710 [grpc-default-executor-1] INFO  impl.VoteContext (VoteContext.java:log(48)) - d2e949a9-e5b3-4c4c-92b0-47a0169dba23@group-35E29BAFB5C9-FOLLOWER: reject ELECTION from f3c5edec-fcc1-440f-ba30-167340659c5c: already has voted for d2e949a9-e5b3-4c4c-92b0-47a0169dba23 at current term 7
2021-08-25 23:20:43,710 [grpc-default-executor-1] INFO  server.RaftServer$Division (RaftServerImpl.java:requestVote(1075)) - d2e949a9-e5b3-4c4c-92b0-47a0169dba23@group-35E29BAFB5C9 replies to ELECTION vote request: f3c5edec-fcc1-440f-ba30-167340659c5c<-d2e949a9-e5b3-4c4c-92b0-47a0169dba23#0:FAIL-t7. Peer's state: d2e949a9-e5b3-4c4c-92b0-47a0169dba23@group-35E29BAFB5C9:t7, leader=null, voted=d2e949a9-e5b3-4c4c-92b0-47a0169dba23, raftlog=d2e949a9-e5b3-4c4c-92b0-47a0169dba23@group-35E29BAFB5C9-SegmentedRaftLog:OPENED:c0,f0,i0, conf=0: [f3c5edec-fcc1-440f-ba30-167340659c5c|rpc:10.1.0.32:45103|dataStream:|priority:0, d2e949a9-e5b3-4c4c-92b0-47a0169dba23|rpc:10.1.0.32:37449|dataStream:|priority:1, 55460722-07fd-4e57-847c-29244a947e0a|rpc:10.1.0.32:40409|dataStream:|priority:0], old=null
2021-08-25 23:20:43,711 [f3c5edec-fcc1-440f-ba30-167340659c5c@group-35E29BAFB5C9-LeaderElection26] INFO  impl.LeaderElection (LogUtils.java:infoOrTrace(137)) - f3c5edec-fcc1-440f-ba30-167340659c5c@group-35E29BAFB5C9-LeaderElection26 got exception when requesting votes: java.util.concurrent.ExecutionException: org.apache.ratis.thirdparty.io.grpc.StatusRuntimeException: UNAVAILABLE: io exception
2021-08-25 23:20:43,712 [f3c5edec-fcc1-440f-ba30-167340659c5c@group-35E29BAFB5C9-LeaderElection26] INFO  impl.LeaderElection (LeaderElection.java:logAndReturn(89)) - f3c5edec-fcc1-440f-ba30-167340659c5c@group-35E29BAFB5C9-LeaderElection26: ELECTION REJECTED received 1 response(s) and 1 exception(s):
2021-08-25 23:20:43,712 [f3c5edec-fcc1-440f-ba30-167340659c5c@group-35E29BAFB5C9-LeaderElection26] INFO  impl.LeaderElection (LeaderElection.java:logAndReturn(93)) -   Response 0: f3c5edec-fcc1-440f-ba30-167340659c5c<-d2e949a9-e5b3-4c4c-92b0-47a0169dba23#0:FAIL-t7
2021-08-25 23:20:43,712 [f3c5edec-fcc1-440f-ba30-167340659c5c@group-35E29BAFB5C9-LeaderElection26] INFO  impl.LeaderElection (LogUtils.java:infoOrTrace(137)) -   Exception 1: java.util.concurrent.ExecutionException: org.apache.ratis.thirdparty.io.grpc.StatusRuntimeException: UNAVAILABLE: io exception
2021-08-25 23:20:43,712 [f3c5edec-fcc1-440f-ba30-167340659c5c@group-35E29BAFB5C9-LeaderElection26] INFO  impl.LeaderElection (LeaderElection.java:askForVotes(308)) - f3c5edec-fcc1-440f-ba30-167340659c5c@group-35E29BAFB5C9-LeaderElection26 ELECTION round 0: result REJECTED
2021-08-25 23:20:43,712 [f3c5edec-fcc1-440f-ba30-167340659c5c@group-35E29BAFB5C9-LeaderElection26] INFO  server.RaftServer$Division (RaftServerImpl.java:setRole(285)) - f3c5edec-fcc1-440f-ba30-167340659c5c@group-35E29BAFB5C9: changes role from CANDIDATE to FOLLOWER at term 7 for REJECTED
2021-08-25 23:20:43,712 [f3c5edec-fcc1-440f-ba30-167340659c5c@group-35E29BAFB5C9-LeaderElection26] INFO  impl.RoleInfo (RoleInfo.java:shutdownLeaderElection(121)) - f3c5edec-fcc1-440f-ba30-167340659c5c: shutdown f3c5edec-fcc1-440f-ba30-167340659c5c@group-35E29BAFB5C9-LeaderElection26
2021-08-25 23:20:43,712 [f3c5edec-fcc1-440f-ba30-167340659c5c@group-35E29BAFB5C9-LeaderElection26] INFO  impl.RoleInfo (RoleInfo.java:updateAndGet(130)) - f3c5edec-fcc1-440f-ba30-167340659c5c: start f3c5edec-fcc1-440f-ba30-167340659c5c@group-35E29BAFB5C9-FollowerState
2021-08-25 23:20:44,985 [grpc-default-executor-1] WARN  server.GrpcLogAppender (LogUtils.java:warn(122)) - 282e11bf-8d58-444e-a800-cb732d8168d5@group-A0C5CFE587C4->551d55f6-e55a-4cfa-9f5c-62fc7ce672f1-AppendLogResponseHandler: Failed appendEntries: org.apache.ratis.thirdparty.io.grpc.StatusRuntimeException: UNAVAILABLE: io exception
2021-08-25 23:20:44,986 [grpc-default-executor-1] WARN  server.GrpcLogAppender (GrpcLogAppender.java:resetClient(111)) - 282e11bf-8d58-444e-a800-cb732d8168d5@group-A0C5CFE587C4->551d55f6-e55a-4cfa-9f5c-62fc7ce672f1-GrpcLogAppender: Leader has not got in touch with Follower 282e11bf-8d58-444e-a800-cb732d8168d5@group-A0C5CFE587C4->551d55f6-e55a-4cfa-9f5c-62fc7ce672f1(c0,m0,n1, attendVote=true, lastRpcSendTime=1, lastRpcResponseTime=7507) yet, just keep nextIndex unchanged and retry.
2021-08-25 23:20:45,596 [Listener at 127.0.0.1/39119] INFO  ozoneimpl.OzoneContainer (OzoneContainer.java:stop(326)) - Attempting to stop container services.
2021-08-25 23:20:45,600 [Listener at 127.0.0.1/39119] INFO  server.RaftServer (RaftServerProxy.java:lambda$close$6(391)) - f3c5edec-fcc1-440f-ba30-167340659c5c: close
2021-08-25 23:20:45,600 [Listener at 127.0.0.1/39119] INFO  server.RaftServer$Division (RaftServerImpl.java:lambda$close$4(407)) - f3c5edec-fcc1-440f-ba30-167340659c5c@group-35E29BAFB5C9: shutdown
2021-08-25 23:20:45,600 [Listener at 127.0.0.1/39119] INFO  util.JmxRegister (JmxRegister.java:unregister(73)) - Successfully un-registered JMX Bean with object name Ratis:service=RaftServer,group=group-35E29BAFB5C9,id=f3c5edec-fcc1-440f-ba30-167340659c5c
2021-08-25 23:20:45,600 [Listener at 127.0.0.1/39119] INFO  impl.RoleInfo (RoleInfo.java:shutdownFollowerState(108)) - f3c5edec-fcc1-440f-ba30-167340659c5c: shutdown f3c5edec-fcc1-440f-ba30-167340659c5c@group-35E29BAFB5C9-FollowerState
2021-08-25 23:20:45,601 [Listener at 127.0.0.1/39119] INFO  impl.StateMachineUpdater (StateMachineUpdater.java:stopAndJoin(149)) - f3c5edec-fcc1-440f-ba30-167340659c5c@group-35E29BAFB5C9-StateMachineUpdater: set stopIndex = -1
2021-08-25 23:20:45,601 [f3c5edec-fcc1-440f-ba30-167340659c5c@group-35E29BAFB5C9-FollowerState] INFO  impl.FollowerState (FollowerState.java:run(143)) - f3c5edec-fcc1-440f-ba30-167340659c5c@group-35E29BAFB5C9-FollowerState was interrupted: {}
java.lang.InterruptedException: sleep interrupted
	at java.lang.Thread.sleep(Native Method)
	at java.lang.Thread.sleep(Thread.java:340)
	at java.util.concurrent.TimeUnit.sleep(TimeUnit.java:386)
	at org.apache.ratis.util.TimeDuration.sleep(TimeDuration.java:324)
	at org.apache.ratis.util.TimeDuration.sleep(TimeDuration.java:309)
	at org.apache.ratis.server.impl.FollowerState.run(FollowerState.java:118)
2021-08-25 23:20:45,602 [Listener at 127.0.0.1/39119] INFO  server.RaftServer$Division (ServerState.java:close(419)) - f3c5edec-fcc1-440f-ba30-167340659c5c@group-35E29BAFB5C9: closes. applyIndex: -1
2021-08-25 23:20:45,602 [f3c5edec-fcc1-440f-ba30-167340659c5c@group-35E29BAFB5C9-SegmentedRaftLogWorker] INFO  segmented.SegmentedRaftLogWorker (SegmentedRaftLogWorker.java:run(327)) - f3c5edec-fcc1-440f-ba30-167340659c5c@group-35E29BAFB5C9-SegmentedRaftLogWorker was interrupted, exiting. There are 0 tasks remaining in the queue.
2021-08-25 23:20:45,602 [Listener at 127.0.0.1/39119] INFO  segmented.SegmentedRaftLogWorker (SegmentedRaftLogWorker.java:close(237)) - f3c5edec-fcc1-440f-ba30-167340659c5c@group-35E29BAFB5C9-SegmentedRaftLogWorker close()
2021-08-25 23:20:45,607 [Listener at 127.0.0.1/39119] INFO  server.RaftServer$Division (RaftServerImpl.java:lambda$close$4(407)) - f3c5edec-fcc1-440f-ba30-167340659c5c@group-970C7929BED2: shutdown
2021-08-25 23:20:45,607 [Listener at 127.0.0.1/39119] INFO  util.JmxRegister (JmxRegister.java:unregister(73)) - Successfully un-registered JMX Bean with object name Ratis:service=RaftServer,group=group-970C7929BED2,id=f3c5edec-fcc1-440f-ba30-167340659c5c
2021-08-25 23:20:45,607 [Listener at 127.0.0.1/39119] INFO  impl.RoleInfo (RoleInfo.java:shutdownLeaderState(91)) - f3c5edec-fcc1-440f-ba30-167340659c5c: shutdown f3c5edec-fcc1-440f-ba30-167340659c5c@group-970C7929BED2-LeaderStateImpl
2021-08-25 23:20:45,608 [Listener at 127.0.0.1/39119] INFO  impl.PendingRequests (PendingRequests.java:sendNotLeaderResponses(282)) - f3c5edec-fcc1-440f-ba30-167340659c5c@group-970C7929BED2-PendingRequests: sendNotLeaderResponses
2021-08-25 23:20:45,610 [f3c5edec-fcc1-440f-ba30-167340659c5c@group-970C7929BED2-StateMachineUpdater] INFO  ratis.ContainerStateMachine (ContainerStateMachine.java:takeSnapshot(292)) - group-970C7929BED2: Taking a snapshot at:(t:1, i:0) file /home/runner/work/ozone/ozone/hadoop-ozone/integration-test/target/test-dir/MiniOzoneClusterImpl-05b781a4-7df0-48b9-8d73-8dabce68a637/datanode-5/data/ratis/e9796aa1-dbd9-43ab-bad6-970c7929bed2/sm/snapshot.1_0
2021-08-25 23:20:45,610 [Listener at 127.0.0.1/39119] INFO  impl.StateMachineUpdater (StateMachineUpdater.java:stopAndJoin(149)) - f3c5edec-fcc1-440f-ba30-167340659c5c@group-970C7929BED2-StateMachineUpdater: set stopIndex = 0
2021-08-25 23:20:45,611 [f3c5edec-fcc1-440f-ba30-167340659c5c@group-970C7929BED2-StateMachineUpdater] INFO  ratis.ContainerStateMachine (ContainerStateMachine.java:takeSnapshot(303)) - group-970C7929BED2: Finished taking a snapshot at:(t:1, i:0) file:/home/runner/work/ozone/ozone/hadoop-ozone/integration-test/target/test-dir/MiniOzoneClusterImpl-05b781a4-7df0-48b9-8d73-8dabce68a637/datanode-5/data/ratis/e9796aa1-dbd9-43ab-bad6-970c7929bed2/sm/snapshot.1_0 took: 1 ms
2021-08-25 23:20:45,611 [f3c5edec-fcc1-440f-ba30-167340659c5c@group-970C7929BED2-StateMachineUpdater] INFO  impl.StateMachineUpdater (StateMachineUpdater.java:takeSnapshot(281)) - f3c5edec-fcc1-440f-ba30-167340659c5c@group-970C7929BED2-StateMachineUpdater: Took a snapshot at index 0
2021-08-25 23:20:45,611 [f3c5edec-fcc1-440f-ba30-167340659c5c@group-970C7929BED2-StateMachineUpdater] INFO  impl.StateMachineUpdater (StateMachineUpdater.java:lambda$new$0(89)) - f3c5edec-fcc1-440f-ba30-167340659c5c@group-970C7929BED2-StateMachineUpdater: snapshotIndex: updateIncreasingly -1 -> 0
2021-08-25 23:20:45,611 [Listener at 127.0.0.1/39119] INFO  server.RaftServer$Division (ServerState.java:close(419)) - f3c5edec-fcc1-440f-ba30-167340659c5c@group-970C7929BED2: closes. applyIndex: 0
2021-08-25 23:20:45,611 [f3c5edec-fcc1-440f-ba30-167340659c5c@group-970C7929BED2-SegmentedRaftLogWorker] INFO  segmented.SegmentedRaftLogWorker (SegmentedRaftLogWorker.java:run(327)) - f3c5edec-fcc1-440f-ba30-167340659c5c@group-970C7929BED2-SegmentedRaftLogWorker was interrupted, exiting. There are 0 tasks remaining in the queue.
2021-08-25 23:20:45,612 [Listener at 127.0.0.1/39119] INFO  segmented.SegmentedRaftLogWorker (SegmentedRaftLogWorker.java:close(237)) - f3c5edec-fcc1-440f-ba30-167340659c5c@group-970C7929BED2-SegmentedRaftLogWorker close()
2021-08-25 23:20:45,638 [Listener at 127.0.0.1/39119] INFO  server.GrpcService (GrpcService.java:closeImpl(262)) - f3c5edec-fcc1-440f-ba30-167340659c5c: shutdown server with port 45103 now
2021-08-25 23:20:45,674 [Listener at 127.0.0.1/39119] INFO  server.GrpcService (GrpcService.java:closeImpl(271)) - f3c5edec-fcc1-440f-ba30-167340659c5c: shutdown server with port 45103 successfully
2021-08-25 23:20:45,674 [org.apache.ratis.util.JvmPauseMonitor$$Lambda$531/840931289@5091aa34] INFO  util.JvmPauseMonitor (JvmPauseMonitor.java:run(109)) - JvmPauseMonitor-f3c5edec-fcc1-440f-ba30-167340659c5c: Stopped
2021-08-25 23:20:45,675 [Listener at 127.0.0.1/39119] INFO  utils.BackgroundService (BackgroundService.java:shutdown(132)) - Shutting down service BlockDeletingService
2021-08-25 23:20:45,694 [ForkJoinPool.commonPool-worker-0] INFO  ozoneimpl.OzoneContainer (OzoneContainer.java:stop(326)) - Attempting to stop container services.
2021-08-25 23:20:45,697 [ForkJoinPool.commonPool-worker-0] INFO  server.RaftServer (RaftServerProxy.java:lambda$close$6(391)) - d2e949a9-e5b3-4c4c-92b0-47a0169dba23: close
2021-08-25 23:20:45,697 [ForkJoinPool.commonPool-worker-0] INFO  server.RaftServer$Division (RaftServerImpl.java:lambda$close$4(407)) - d2e949a9-e5b3-4c4c-92b0-47a0169dba23@group-EA16C3CEB103: shutdown
2021-08-25 23:20:45,697 [ForkJoinPool.commonPool-worker-0] INFO  util.JmxRegister (JmxRegister.java:unregister(73)) - Successfully un-registered JMX Bean with object name Ratis:service=RaftServer,group=group-EA16C3CEB103,id=d2e949a9-e5b3-4c4c-92b0-47a0169dba23
2021-08-25 23:20:45,697 [ForkJoinPool.commonPool-worker-0] INFO  impl.RoleInfo (RoleInfo.java:shutdownLeaderState(91)) - d2e949a9-e5b3-4c4c-92b0-47a0169dba23: shutdown d2e949a9-e5b3-4c4c-92b0-47a0169dba23@group-EA16C3CEB103-LeaderStateImpl
2021-08-25 23:20:45,697 [ForkJoinPool.commonPool-worker-0] INFO  impl.PendingRequests (PendingRequests.java:sendNotLeaderResponses(282)) - d2e949a9-e5b3-4c4c-92b0-47a0169dba23@group-EA16C3CEB103-PendingRequests: sendNotLeaderResponses
2021-08-25 23:20:45,698 [ForkJoinPool.commonPool-worker-0] INFO  impl.StateMachineUpdater (StateMachineUpdater.java:stopAndJoin(149)) - d2e949a9-e5b3-4c4c-92b0-47a0169dba23@group-EA16C3CEB103-StateMachineUpdater: set stopIndex = 0
2021-08-25 23:20:45,698 [d2e949a9-e5b3-4c4c-92b0-47a0169dba23@group-EA16C3CEB103-StateMachineUpdater] INFO  ratis.ContainerStateMachine (ContainerStateMachine.java:takeSnapshot(292)) - group-EA16C3CEB103: Taking a snapshot at:(t:1, i:0) file /home/runner/work/ozone/ozone/hadoop-ozone/integration-test/target/test-dir/MiniOzoneClusterImpl-05b781a4-7df0-48b9-8d73-8dabce68a637/datanode-3/data/ratis/5e7708cc-accf-450f-89b3-ea16c3ceb103/sm/snapshot.1_0
2021-08-25 23:20:45,699 [d2e949a9-e5b3-4c4c-92b0-47a0169dba23@group-EA16C3CEB103-StateMachineUpdater] INFO  ratis.ContainerStateMachine (ContainerStateMachine.java:takeSnapshot(303)) - group-EA16C3CEB103: Finished taking a snapshot at:(t:1, i:0) file:/home/runner/work/ozone/ozone/hadoop-ozone/integration-test/target/test-dir/MiniOzoneClusterImpl-05b781a4-7df0-48b9-8d73-8dabce68a637/datanode-3/data/ratis/5e7708cc-accf-450f-89b3-ea16c3ceb103/sm/snapshot.1_0 took: 1 ms
2021-08-25 23:20:45,699 [d2e949a9-e5b3-4c4c-92b0-47a0169dba23@group-EA16C3CEB103-StateMachineUpdater] INFO  impl.StateMachineUpdater (StateMachineUpdater.java:takeSnapshot(281)) - d2e949a9-e5b3-4c4c-92b0-47a0169dba23@group-EA16C3CEB103-StateMachineUpdater: Took a snapshot at index 0
2021-08-25 23:20:45,699 [d2e949a9-e5b3-4c4c-92b0-47a0169dba23@group-EA16C3CEB103-StateMachineUpdater] INFO  impl.StateMachineUpdater (StateMachineUpdater.java:lambda$new$0(89)) - d2e949a9-e5b3-4c4c-92b0-47a0169dba23@group-EA16C3CEB103-StateMachineUpdater: snapshotIndex: updateIncreasingly -1 -> 0
2021-08-25 23:20:45,700 [ForkJoinPool.commonPool-worker-0] INFO  server.RaftServer$Division (ServerState.java:close(419)) - d2e949a9-e5b3-4c4c-92b0-47a0169dba23@group-EA16C3CEB103: closes. applyIndex: 0
2021-08-25 23:20:45,700 [d2e949a9-e5b3-4c4c-92b0-47a0169dba23@group-EA16C3CEB103-SegmentedRaftLogWorker] INFO  segmented.SegmentedRaftLogWorker (SegmentedRaftLogWorker.java:run(327)) - d2e949a9-e5b3-4c4c-92b0-47a0169dba23@group-EA16C3CEB103-SegmentedRaftLogWorker was interrupted, exiting. There are 0 tasks remaining in the queue.
2021-08-25 23:20:45,702 [ForkJoinPool.commonPool-worker-0] INFO  segmented.SegmentedRaftLogWorker (SegmentedRaftLogWorker.java:close(237)) - d2e949a9-e5b3-4c4c-92b0-47a0169dba23@group-EA16C3CEB103-SegmentedRaftLogWorker close()
2021-08-25 23:20:45,714 [ForkJoinPool.commonPool-worker-0] INFO  server.RaftServer$Division (RaftServerImpl.java:lambda$close$4(407)) - d2e949a9-e5b3-4c4c-92b0-47a0169dba23@group-35E29BAFB5C9: shutdown
2021-08-25 23:20:45,714 [ForkJoinPool.commonPool-worker-0] INFO  util.JmxRegister (JmxRegister.java:unregister(73)) - Successfully un-registered JMX Bean with object name Ratis:service=RaftServer,group=group-35E29BAFB5C9,id=d2e949a9-e5b3-4c4c-92b0-47a0169dba23
2021-08-25 23:20:45,714 [ForkJoinPool.commonPool-worker-0] INFO  impl.RoleInfo (RoleInfo.java:shutdownFollowerState(108)) - d2e949a9-e5b3-4c4c-92b0-47a0169dba23: shutdown d2e949a9-e5b3-4c4c-92b0-47a0169dba23@group-35E29BAFB5C9-FollowerState
2021-08-25 23:20:45,714 [ForkJoinPool.commonPool-worker-0] INFO  impl.StateMachineUpdater (StateMachineUpdater.java:stopAndJoin(149)) - d2e949a9-e5b3-4c4c-92b0-47a0169dba23@group-35E29BAFB5C9-StateMachineUpdater: set stopIndex = 0
2021-08-25 23:20:45,714 [d2e949a9-e5b3-4c4c-92b0-47a0169dba23@group-35E29BAFB5C9-StateMachineUpdater] INFO  ratis.ContainerStateMachine (ContainerStateMachine.java:takeSnapshot(292)) - group-35E29BAFB5C9: Taking a snapshot at:(t:1, i:0) file /home/runner/work/ozone/ozone/hadoop-ozone/integration-test/target/test-dir/MiniOzoneClusterImpl-05b781a4-7df0-48b9-8d73-8dabce68a637/datanode-3/data/ratis/0d03a30e-984d-483d-b770-35e29bafb5c9/sm/snapshot.1_0
2021-08-25 23:20:45,714 [d2e949a9-e5b3-4c4c-92b0-47a0169dba23@group-35E29BAFB5C9-FollowerState] INFO  impl.FollowerState (FollowerState.java:run(143)) - d2e949a9-e5b3-4c4c-92b0-47a0169dba23@group-35E29BAFB5C9-FollowerState was interrupted: {}
java.lang.InterruptedException: sleep interrupted
	at java.lang.Thread.sleep(Native Method)
	at java.lang.Thread.sleep(Thread.java:340)
	at java.util.concurrent.TimeUnit.sleep(TimeUnit.java:386)
	at org.apache.ratis.util.TimeDuration.sleep(TimeDuration.java:324)
	at org.apache.ratis.util.TimeDuration.sleep(TimeDuration.java:309)
	at org.apache.ratis.server.impl.FollowerState.run(FollowerState.java:118)
2021-08-25 23:20:45,715 [d2e949a9-e5b3-4c4c-92b0-47a0169dba23@group-35E29BAFB5C9-StateMachineUpdater] INFO  ratis.ContainerStateMachine (ContainerStateMachine.java:takeSnapshot(303)) - group-35E29BAFB5C9: Finished taking a snapshot at:(t:1, i:0) file:/home/runner/work/ozone/ozone/hadoop-ozone/integration-test/target/test-dir/MiniOzoneClusterImpl-05b781a4-7df0-48b9-8d73-8dabce68a637/datanode-3/data/ratis/0d03a30e-984d-483d-b770-35e29bafb5c9/sm/snapshot.1_0 took: 1 ms
2021-08-25 23:20:45,716 [d2e949a9-e5b3-4c4c-92b0-47a0169dba23@group-35E29BAFB5C9-StateMachineUpdater] INFO  impl.StateMachineUpdater (StateMachineUpdater.java:takeSnapshot(281)) - d2e949a9-e5b3-4c4c-92b0-47a0169dba23@group-35E29BAFB5C9-StateMachineUpdater: Took a snapshot at index 0
2021-08-25 23:20:45,716 [d2e949a9-e5b3-4c4c-92b0-47a0169dba23@group-35E29BAFB5C9-StateMachineUpdater] INFO  impl.StateMachineUpdater (StateMachineUpdater.java:lambda$new$0(89)) - d2e949a9-e5b3-4c4c-92b0-47a0169dba23@group-35E29BAFB5C9-StateMachineUpdater: snapshotIndex: updateIncreasingly -1 -> 0
2021-08-25 23:20:45,716 [ForkJoinPool.commonPool-worker-0] INFO  server.RaftServer$Division (ServerState.java:close(419)) - d2e949a9-e5b3-4c4c-92b0-47a0169dba23@group-35E29BAFB5C9: closes. applyIndex: 0
2021-08-25 23:20:45,716 [d2e949a9-e5b3-4c4c-92b0-47a0169dba23@group-35E29BAFB5C9-SegmentedRaftLogWorker] INFO  segmented.SegmentedRaftLogWorker (SegmentedRaftLogWorker.java:run(327)) - d2e949a9-e5b3-4c4c-92b0-47a0169dba23@group-35E29BAFB5C9-SegmentedRaftLogWorker was interrupted, exiting. There are 0 tasks remaining in the queue.
2021-08-25 23:20:45,722 [ForkJoinPool.commonPool-worker-0] INFO  segmented.SegmentedRaftLogWorker (SegmentedRaftLogWorker.java:close(237)) - d2e949a9-e5b3-4c4c-92b0-47a0169dba23@group-35E29BAFB5C9-SegmentedRaftLogWorker close()
2021-08-25 23:20:45,723 [ForkJoinPool.commonPool-worker-0] INFO  server.GrpcService (GrpcService.java:closeImpl(262)) - d2e949a9-e5b3-4c4c-92b0-47a0169dba23: shutdown server with port 37449 now
2021-08-25 23:20:45,743 [ForkJoinPool.commonPool-worker-0] INFO  server.GrpcService (GrpcService.java:closeImpl(271)) - d2e949a9-e5b3-4c4c-92b0-47a0169dba23: shutdown server with port 37449 successfully
2021-08-25 23:20:45,743 [org.apache.ratis.util.JvmPauseMonitor$$Lambda$531/840931289@2c0956fd] INFO  util.JvmPauseMonitor (JvmPauseMonitor.java:run(109)) - JvmPauseMonitor-d2e949a9-e5b3-4c4c-92b0-47a0169dba23: Stopped
2021-08-25 23:20:45,754 [ForkJoinPool.commonPool-worker-0] INFO  utils.BackgroundService (BackgroundService.java:shutdown(132)) - Shutting down service BlockDeletingService
2021-08-25 23:20:47,486 [grpc-default-executor-2] WARN  server.GrpcLogAppender (LogUtils.java:warn(122)) - 282e11bf-8d58-444e-a800-cb732d8168d5@group-A0C5CFE587C4->551d55f6-e55a-4cfa-9f5c-62fc7ce672f1-AppendLogResponseHandler: Failed appendEntries: org.apache.ratis.thirdparty.io.grpc.StatusRuntimeException: UNAVAILABLE: io exception
2021-08-25 23:20:47,486 [grpc-default-executor-2] WARN  server.GrpcLogAppender (GrpcLogAppender.java:resetClient(111)) - 282e11bf-8d58-444e-a800-cb732d8168d5@group-A0C5CFE587C4->551d55f6-e55a-4cfa-9f5c-62fc7ce672f1-GrpcLogAppender: Leader has not got in touch with Follower 282e11bf-8d58-444e-a800-cb732d8168d5@group-A0C5CFE587C4->551d55f6-e55a-4cfa-9f5c-62fc7ce672f1(c0,m0,n1, attendVote=true, lastRpcSendTime=2501, lastRpcResponseTime=10007) yet, just keep nextIndex unchanged and retry.
2021-08-25 23:20:48,678 [Listener at 127.0.0.1/39119] INFO  statemachine.DatanodeStateMachine (DatanodeStateMachine.java:stopDaemon(515)) - Ozone container server stopped.
2021-08-25 23:20:48,679 [Listener at 127.0.0.1/39119] INFO  handler.ContextHandler (ContextHandler.java:doStop(1153)) - Stopped o.e.j.w.WebAppContext@4c24e56e{hddsDatanode,/,null,STOPPED}{jar:file:/home/runner/.m2/repository/org/apache/ozone/hdds-container-service/1.2.0-SNAPSHOT/hdds-container-service-1.2.0-SNAPSHOT.jar!/webapps/hddsDatanode}
2021-08-25 23:20:48,680 [Listener at 127.0.0.1/39119] INFO  server.AbstractConnector (AbstractConnector.java:doStop(381)) - Stopped ServerConnector@4110e312{HTTP/1.1, (http/1.1)}{0.0.0.0:0}
2021-08-25 23:20:48,680 [Listener at 127.0.0.1/39119] INFO  server.session (HouseKeeper.java:stopScavenging(149)) - node0 Stopped scavenging
2021-08-25 23:20:48,680 [Listener at 127.0.0.1/39119] INFO  handler.ContextHandler (ContextHandler.java:doStop(1153)) - Stopped o.e.j.s.ServletContextHandler@4611fe60{static,/static,jar:file:/home/runner/.m2/repository/org/apache/ozone/hdds-container-service/1.2.0-SNAPSHOT/hdds-container-service-1.2.0-SNAPSHOT.jar!/webapps/static,STOPPED}
2021-08-25 23:20:48,681 [Listener at 127.0.0.1/39119] INFO  handler.ContextHandler (ContextHandler.java:doStop(1153)) - Stopped o.e.j.s.ServletContextHandler@4ef6a2fd{logs,/logs,file:///home/runner/work/ozone/ozone/hadoop-ozone/integration-test/target/log,STOPPED}
2021-08-25 23:20:48,762 [ForkJoinPool.commonPool-worker-0] INFO  statemachine.DatanodeStateMachine (DatanodeStateMachine.java:stopDaemon(515)) - Ozone container server stopped.
2021-08-25 23:20:48,769 [ForkJoinPool.commonPool-worker-0] INFO  handler.ContextHandler (ContextHandler.java:doStop(1153)) - Stopped o.e.j.w.WebAppContext@6ce6b828{hddsDatanode,/,null,STOPPED}{jar:file:/home/runner/.m2/repository/org/apache/ozone/hdds-container-service/1.2.0-SNAPSHOT/hdds-container-service-1.2.0-SNAPSHOT.jar!/webapps/hddsDatanode}
2021-08-25 23:20:48,770 [ForkJoinPool.commonPool-worker-0] INFO  server.AbstractConnector (AbstractConnector.java:doStop(381)) - Stopped ServerConnector@6dee647f{HTTP/1.1, (http/1.1)}{0.0.0.0:0}
2021-08-25 23:20:48,770 [ForkJoinPool.commonPool-worker-0] INFO  server.session (HouseKeeper.java:stopScavenging(149)) - node0 Stopped scavenging
2021-08-25 23:20:48,771 [ForkJoinPool.commonPool-worker-0] INFO  handler.ContextHandler (ContextHandler.java:doStop(1153)) - Stopped o.e.j.s.ServletContextHandler@415de886{static,/static,jar:file:/home/runner/.m2/repository/org/apache/ozone/hdds-container-service/1.2.0-SNAPSHOT/hdds-container-service-1.2.0-SNAPSHOT.jar!/webapps/static,STOPPED}
2021-08-25 23:20:48,771 [ForkJoinPool.commonPool-worker-0] INFO  handler.ContextHandler (ContextHandler.java:doStop(1153)) - Stopped o.e.j.s.ServletContextHandler@75380a14{logs,/logs,file:///home/runner/work/ozone/ozone/hadoop-ozone/integration-test/target/log,STOPPED}
2021-08-25 23:20:49,209 [Datanode State Machine Thread - 0] INFO  statemachine.DatanodeStateMachine (DatanodeStateMachine.java:lambda$startDaemon$0(457)) - Ozone container server started.
2021-08-25 23:20:49,245 [Datanode State Machine Thread - 0] INFO  statemachine.DatanodeStateMachine (DatanodeStateMachine.java:lambda$startDaemon$0(457)) - Ozone container server started.
2021-08-25 23:20:49,993 [grpc-default-executor-1] WARN  server.GrpcLogAppender (LogUtils.java:warn(122)) - 282e11bf-8d58-444e-a800-cb732d8168d5@group-A0C5CFE587C4->551d55f6-e55a-4cfa-9f5c-62fc7ce672f1-AppendLogResponseHandler: Failed appendEntries: org.apache.ratis.thirdparty.io.grpc.StatusRuntimeException: UNAVAILABLE: io exception
2021-08-25 23:20:49,994 [grpc-default-executor-1] WARN  server.GrpcLogAppender (GrpcLogAppender.java:resetClient(111)) - 282e11bf-8d58-444e-a800-cb732d8168d5@group-A0C5CFE587C4->551d55f6-e55a-4cfa-9f5c-62fc7ce672f1-GrpcLogAppender: Leader has not got in touch with Follower 282e11bf-8d58-444e-a800-cb732d8168d5@group-A0C5CFE587C4->551d55f6-e55a-4cfa-9f5c-62fc7ce672f1(c0,m0,n1, attendVote=true, lastRpcSendTime=2502, lastRpcResponseTime=12515) yet, just keep nextIndex unchanged and retry.
2021-08-25 23:20:52,497 [grpc-default-executor-2] WARN  server.GrpcLogAppender (LogUtils.java:warn(122)) - 282e11bf-8d58-444e-a800-cb732d8168d5@group-A0C5CFE587C4->551d55f6-e55a-4cfa-9f5c-62fc7ce672f1-AppendLogResponseHandler: Failed appendEntries: org.apache.ratis.thirdparty.io.grpc.StatusRuntimeException: UNAVAILABLE: io exception
2021-08-25 23:20:52,498 [grpc-default-executor-2] WARN  server.GrpcLogAppender (GrpcLogAppender.java:resetClient(111)) - 282e11bf-8d58-444e-a800-cb732d8168d5@group-A0C5CFE587C4->551d55f6-e55a-4cfa-9f5c-62fc7ce672f1-GrpcLogAppender: Leader has not got in touch with Follower 282e11bf-8d58-444e-a800-cb732d8168d5@group-A0C5CFE587C4->551d55f6-e55a-4cfa-9f5c-62fc7ce672f1(c0,m0,n1, attendVote=true, lastRpcSendTime=0, lastRpcResponseTime=15019) yet, just keep nextIndex unchanged and retry.
2021-08-25 23:20:53,682 [Listener at 127.0.0.1/39119] INFO  ozoneimpl.OzoneContainer (OzoneContainer.java:stop(326)) - Attempting to stop container services.
2021-08-25 23:20:53,683 [Listener at 127.0.0.1/39119] INFO  server.RaftServer (RaftServerProxy.java:lambda$close$6(391)) - 02c65f58-31b6-441b-a599-132cd2d8b363: close
2021-08-25 23:20:53,683 [Listener at 127.0.0.1/39119] INFO  server.RaftServer$Division (RaftServerImpl.java:lambda$close$4(407)) - 02c65f58-31b6-441b-a599-132cd2d8b363@group-4913882F1BF6: shutdown
2021-08-25 23:20:53,684 [Listener at 127.0.0.1/39119] INFO  util.JmxRegister (JmxRegister.java:unregister(73)) - Successfully un-registered JMX Bean with object name Ratis:service=RaftServer,group=group-4913882F1BF6,id=02c65f58-31b6-441b-a599-132cd2d8b363
2021-08-25 23:20:53,684 [Listener at 127.0.0.1/39119] INFO  impl.RoleInfo (RoleInfo.java:shutdownLeaderState(91)) - 02c65f58-31b6-441b-a599-132cd2d8b363: shutdown 02c65f58-31b6-441b-a599-132cd2d8b363@group-4913882F1BF6-LeaderStateImpl
2021-08-25 23:20:53,684 [Listener at 127.0.0.1/39119] INFO  impl.PendingRequests (PendingRequests.java:sendNotLeaderResponses(282)) - 02c65f58-31b6-441b-a599-132cd2d8b363@group-4913882F1BF6-PendingRequests: sendNotLeaderResponses
2021-08-25 23:20:53,684 [Listener at 127.0.0.1/39119] INFO  impl.StateMachineUpdater (StateMachineUpdater.java:stopAndJoin(149)) - 02c65f58-31b6-441b-a599-132cd2d8b363@group-4913882F1BF6-StateMachineUpdater: set stopIndex = 0
2021-08-25 23:20:53,685 [02c65f58-31b6-441b-a599-132cd2d8b363@group-4913882F1BF6-StateMachineUpdater] INFO  ratis.ContainerStateMachine (ContainerStateMachine.java:takeSnapshot(292)) - group-4913882F1BF6: Taking a snapshot at:(t:1, i:0) file /home/runner/work/ozone/ozone/hadoop-ozone/integration-test/target/test-dir/MiniOzoneClusterImpl-05b781a4-7df0-48b9-8d73-8dabce68a637/datanode-7/data/ratis/844d1fb8-d5cd-4663-bc04-4913882f1bf6/sm/snapshot.1_0
2021-08-25 23:20:53,689 [02c65f58-31b6-441b-a599-132cd2d8b363@group-4913882F1BF6-StateMachineUpdater] INFO  ratis.ContainerStateMachine (ContainerStateMachine.java:takeSnapshot(303)) - group-4913882F1BF6: Finished taking a snapshot at:(t:1, i:0) file:/home/runner/work/ozone/ozone/hadoop-ozone/integration-test/target/test-dir/MiniOzoneClusterImpl-05b781a4-7df0-48b9-8d73-8dabce68a637/datanode-7/data/ratis/844d1fb8-d5cd-4663-bc04-4913882f1bf6/sm/snapshot.1_0 took: 5 ms
2021-08-25 23:20:53,689 [02c65f58-31b6-441b-a599-132cd2d8b363@group-4913882F1BF6-StateMachineUpdater] INFO  impl.StateMachineUpdater (StateMachineUpdater.java:takeSnapshot(281)) - 02c65f58-31b6-441b-a599-132cd2d8b363@group-4913882F1BF6-StateMachineUpdater: Took a snapshot at index 0
2021-08-25 23:20:53,690 [02c65f58-31b6-441b-a599-132cd2d8b363@group-4913882F1BF6-StateMachineUpdater] INFO  impl.StateMachineUpdater (StateMachineUpdater.java:lambda$new$0(89)) - 02c65f58-31b6-441b-a599-132cd2d8b363@group-4913882F1BF6-StateMachineUpdater: snapshotIndex: updateIncreasingly -1 -> 0
2021-08-25 23:20:53,690 [Listener at 127.0.0.1/39119] INFO  server.RaftServer$Division (ServerState.java:close(419)) - 02c65f58-31b6-441b-a599-132cd2d8b363@group-4913882F1BF6: closes. applyIndex: 0
2021-08-25 23:20:53,690 [02c65f58-31b6-441b-a599-132cd2d8b363@group-4913882F1BF6-SegmentedRaftLogWorker] INFO  segmented.SegmentedRaftLogWorker (SegmentedRaftLogWorker.java:run(327)) - 02c65f58-31b6-441b-a599-132cd2d8b363@group-4913882F1BF6-SegmentedRaftLogWorker was interrupted, exiting. There are 0 tasks remaining in the queue.
2021-08-25 23:20:53,705 [Listener at 127.0.0.1/39119] INFO  segmented.SegmentedRaftLogWorker (SegmentedRaftLogWorker.java:close(237)) - 02c65f58-31b6-441b-a599-132cd2d8b363@group-4913882F1BF6-SegmentedRaftLogWorker close()
2021-08-25 23:20:53,711 [Listener at 127.0.0.1/39119] INFO  server.RaftServer$Division (RaftServerImpl.java:lambda$close$4(407)) - 02c65f58-31b6-441b-a599-132cd2d8b363@group-85F725802A99: shutdown
2021-08-25 23:20:53,711 [Listener at 127.0.0.1/39119] INFO  util.JmxRegister (JmxRegister.java:unregister(73)) - Successfully un-registered JMX Bean with object name Ratis:service=RaftServer,group=group-85F725802A99,id=02c65f58-31b6-441b-a599-132cd2d8b363
2021-08-25 23:20:53,711 [Listener at 127.0.0.1/39119] INFO  impl.RoleInfo (RoleInfo.java:shutdownFollowerState(108)) - 02c65f58-31b6-441b-a599-132cd2d8b363: shutdown 02c65f58-31b6-441b-a599-132cd2d8b363@group-85F725802A99-FollowerState
2021-08-25 23:20:53,711 [Listener at 127.0.0.1/39119] INFO  impl.StateMachineUpdater (StateMachineUpdater.java:stopAndJoin(149)) - 02c65f58-31b6-441b-a599-132cd2d8b363@group-85F725802A99-StateMachineUpdater: set stopIndex = 11
2021-08-25 23:20:53,711 [02c65f58-31b6-441b-a599-132cd2d8b363@group-85F725802A99-FollowerState] INFO  impl.FollowerState (FollowerState.java:run(143)) - 02c65f58-31b6-441b-a599-132cd2d8b363@group-85F725802A99-FollowerState was interrupted: {}
java.lang.InterruptedException: sleep interrupted
	at java.lang.Thread.sleep(Native Method)
	at java.lang.Thread.sleep(Thread.java:340)
	at java.util.concurrent.TimeUnit.sleep(TimeUnit.java:386)
	at org.apache.ratis.util.TimeDuration.sleep(TimeDuration.java:324)
	at org.apache.ratis.util.TimeDuration.sleep(TimeDuration.java:309)
	at org.apache.ratis.server.impl.FollowerState.run(FollowerState.java:118)
2021-08-25 23:20:53,712 [02c65f58-31b6-441b-a599-132cd2d8b363@group-85F725802A99-StateMachineUpdater] INFO  ratis.ContainerStateMachine (ContainerStateMachine.java:takeSnapshot(292)) - group-85F725802A99: Taking a snapshot at:(t:3, i:11) file /home/runner/work/ozone/ozone/hadoop-ozone/integration-test/target/test-dir/MiniOzoneClusterImpl-05b781a4-7df0-48b9-8d73-8dabce68a637/datanode-7/data/ratis/69f609fc-1725-4d99-98f5-85f725802a99/sm/snapshot.3_11
2021-08-25 23:20:53,725 [02c65f58-31b6-441b-a599-132cd2d8b363@group-85F725802A99-StateMachineUpdater] INFO  ratis.ContainerStateMachine (ContainerStateMachine.java:takeSnapshot(303)) - group-85F725802A99: Finished taking a snapshot at:(t:3, i:11) file:/home/runner/work/ozone/ozone/hadoop-ozone/integration-test/target/test-dir/MiniOzoneClusterImpl-05b781a4-7df0-48b9-8d73-8dabce68a637/datanode-7/data/ratis/69f609fc-1725-4d99-98f5-85f725802a99/sm/snapshot.3_11 took: 14 ms
2021-08-25 23:20:53,726 [02c65f58-31b6-441b-a599-132cd2d8b363@group-85F725802A99-StateMachineUpdater] INFO  impl.StateMachineUpdater (StateMachineUpdater.java:takeSnapshot(281)) - 02c65f58-31b6-441b-a599-132cd2d8b363@group-85F725802A99-StateMachineUpdater: Took a snapshot at index 11
2021-08-25 23:20:53,726 [02c65f58-31b6-441b-a599-132cd2d8b363@group-85F725802A99-StateMachineUpdater] INFO  impl.StateMachineUpdater (StateMachineUpdater.java:lambda$new$0(89)) - 02c65f58-31b6-441b-a599-132cd2d8b363@group-85F725802A99-StateMachineUpdater: snapshotIndex: updateIncreasingly -1 -> 11
2021-08-25 23:20:53,730 [Listener at 127.0.0.1/39119] INFO  server.RaftServer$Division (ServerState.java:close(419)) - 02c65f58-31b6-441b-a599-132cd2d8b363@group-85F725802A99: closes. applyIndex: 11
2021-08-25 23:20:53,730 [02c65f58-31b6-441b-a599-132cd2d8b363@group-85F725802A99-SegmentedRaftLogWorker] INFO  segmented.SegmentedRaftLogWorker (SegmentedRaftLogWorker.java:run(327)) - 02c65f58-31b6-441b-a599-132cd2d8b363@group-85F725802A99-SegmentedRaftLogWorker was interrupted, exiting. There are 0 tasks remaining in the queue.
2021-08-25 23:20:53,734 [Listener at 127.0.0.1/39119] INFO  segmented.SegmentedRaftLogWorker (SegmentedRaftLogWorker.java:close(237)) - 02c65f58-31b6-441b-a599-132cd2d8b363@group-85F725802A99-SegmentedRaftLogWorker close()
2021-08-25 23:20:53,736 [Listener at 127.0.0.1/39119] INFO  server.GrpcService (GrpcService.java:closeImpl(262)) - 02c65f58-31b6-441b-a599-132cd2d8b363: shutdown server with port 34905 now
2021-08-25 23:20:53,738 [grpc-default-executor-1] WARN  server.GrpcServerProtocolService (LogUtils.java:warn(122)) - 02c65f58-31b6-441b-a599-132cd2d8b363: installSnapshot onError, lastRequest: 4553ea2b-b05c-4809-ad97-5bb271da1b92->02c65f58-31b6-441b-a599-132cd2d8b363#17-t3,previous=(t:3, i:10),leaderCommit=6,initializing? true,entries: size=1, first=(t:3, i:11), METADATAENTRY(c:6): org.apache.ratis.thirdparty.io.grpc.StatusRuntimeException: CANCELLED: client cancelled
2021-08-25 23:20:53,739 [grpc-default-executor-1] WARN  server.GrpcLogAppender (LogUtils.java:warn(122)) - 4553ea2b-b05c-4809-ad97-5bb271da1b92@group-85F725802A99->02c65f58-31b6-441b-a599-132cd2d8b363-AppendLogResponseHandler: Failed appendEntries: org.apache.ratis.thirdparty.io.grpc.StatusRuntimeException: CANCELLED: HTTP/2 error code: CANCEL
Received Rst Stream
2021-08-25 23:20:53,739 [grpc-default-executor-1] INFO  leader.FollowerInfo (FollowerInfoImpl.java:lambda$new$0(46)) - 4553ea2b-b05c-4809-ad97-5bb271da1b92@group-85F725802A99->02c65f58-31b6-441b-a599-132cd2d8b363: nextIndex: updateUnconditionally 12 -> 11
2021-08-25 23:20:53,768 [Listener at 127.0.0.1/39119] INFO  server.GrpcService (GrpcService.java:closeImpl(271)) - 02c65f58-31b6-441b-a599-132cd2d8b363: shutdown server with port 34905 successfully
2021-08-25 23:20:53,768 [org.apache.ratis.util.JvmPauseMonitor$$Lambda$531/840931289@351fd4c5] INFO  util.JvmPauseMonitor (JvmPauseMonitor.java:run(109)) - JvmPauseMonitor-02c65f58-31b6-441b-a599-132cd2d8b363: Stopped
2021-08-25 23:20:53,769 [Listener at 127.0.0.1/39119] INFO  utils.BackgroundService (BackgroundService.java:shutdown(132)) - Shutting down service BlockDeletingService
2021-08-25 23:20:53,773 [ForkJoinPool.commonPool-worker-0] INFO  ozoneimpl.OzoneContainer (OzoneContainer.java:stop(326)) - Attempting to stop container services.
2021-08-25 23:20:53,773 [grpc-default-executor-2] WARN  server.GrpcLogAppender (LogUtils.java:warn(122)) - 4553ea2b-b05c-4809-ad97-5bb271da1b92@group-85F725802A99->02c65f58-31b6-441b-a599-132cd2d8b363-AppendLogResponseHandler: Failed appendEntries: org.apache.ratis.thirdparty.io.grpc.StatusRuntimeException: UNAVAILABLE: io exception
2021-08-25 23:20:53,775 [ForkJoinPool.commonPool-worker-0] INFO  server.RaftServer (RaftServerProxy.java:lambda$close$6(391)) - d3a6c254-c963-411b-bd1c-0e160a3b8690: close
2021-08-25 23:20:53,775 [ForkJoinPool.commonPool-worker-0] INFO  server.RaftServer$Division (RaftServerImpl.java:lambda$close$4(407)) - d3a6c254-c963-411b-bd1c-0e160a3b8690@group-6EEBEC280C44: shutdown
2021-08-25 23:20:53,775 [ForkJoinPool.commonPool-worker-0] INFO  util.JmxRegister (JmxRegister.java:unregister(73)) - Successfully un-registered JMX Bean with object name Ratis:service=RaftServer,group=group-6EEBEC280C44,id=d3a6c254-c963-411b-bd1c-0e160a3b8690
2021-08-25 23:20:53,775 [ForkJoinPool.commonPool-worker-0] INFO  impl.RoleInfo (RoleInfo.java:shutdownLeaderState(91)) - d3a6c254-c963-411b-bd1c-0e160a3b8690: shutdown d3a6c254-c963-411b-bd1c-0e160a3b8690@group-6EEBEC280C44-LeaderStateImpl
2021-08-25 23:20:53,776 [ForkJoinPool.commonPool-worker-0] INFO  impl.PendingRequests (PendingRequests.java:sendNotLeaderResponses(282)) - d3a6c254-c963-411b-bd1c-0e160a3b8690@group-6EEBEC280C44-PendingRequests: sendNotLeaderResponses
2021-08-25 23:20:53,776 [ForkJoinPool.commonPool-worker-0] INFO  impl.StateMachineUpdater (StateMachineUpdater.java:stopAndJoin(149)) - d3a6c254-c963-411b-bd1c-0e160a3b8690@group-6EEBEC280C44-StateMachineUpdater: set stopIndex = 0
2021-08-25 23:20:53,776 [d3a6c254-c963-411b-bd1c-0e160a3b8690@group-6EEBEC280C44-StateMachineUpdater] INFO  ratis.ContainerStateMachine (ContainerStateMachine.java:takeSnapshot(292)) - group-6EEBEC280C44: Taking a snapshot at:(t:1, i:0) file /home/runner/work/ozone/ozone/hadoop-ozone/integration-test/target/test-dir/MiniOzoneClusterImpl-05b781a4-7df0-48b9-8d73-8dabce68a637/datanode-0/data/ratis/bb4e502b-6c1b-4048-ae63-6eebec280c44/sm/snapshot.1_0
2021-08-25 23:20:53,774 [grpc-default-executor-2] INFO  leader.FollowerInfo (FollowerInfoImpl.java:lambda$new$0(46)) - 4553ea2b-b05c-4809-ad97-5bb271da1b92@group-85F725802A99->02c65f58-31b6-441b-a599-132cd2d8b363: nextIndex: updateUnconditionally 12 -> 11
2021-08-25 23:20:53,785 [d3a6c254-c963-411b-bd1c-0e160a3b8690@group-6EEBEC280C44-StateMachineUpdater] INFO  ratis.ContainerStateMachine (ContainerStateMachine.java:takeSnapshot(303)) - group-6EEBEC280C44: Finished taking a snapshot at:(t:1, i:0) file:/home/runner/work/ozone/ozone/hadoop-ozone/integration-test/target/test-dir/MiniOzoneClusterImpl-05b781a4-7df0-48b9-8d73-8dabce68a637/datanode-0/data/ratis/bb4e502b-6c1b-4048-ae63-6eebec280c44/sm/snapshot.1_0 took: 9 ms
2021-08-25 23:20:53,788 [d3a6c254-c963-411b-bd1c-0e160a3b8690@group-6EEBEC280C44-StateMachineUpdater] INFO  impl.StateMachineUpdater (StateMachineUpdater.java:takeSnapshot(281)) - d3a6c254-c963-411b-bd1c-0e160a3b8690@group-6EEBEC280C44-StateMachineUpdater: Took a snapshot at index 0
2021-08-25 23:20:53,788 [d3a6c254-c963-411b-bd1c-0e160a3b8690@group-6EEBEC280C44-StateMachineUpdater] INFO  impl.StateMachineUpdater (StateMachineUpdater.java:lambda$new$0(89)) - d3a6c254-c963-411b-bd1c-0e160a3b8690@group-6EEBEC280C44-StateMachineUpdater: snapshotIndex: updateIncreasingly -1 -> 0
2021-08-25 23:20:53,791 [ForkJoinPool.commonPool-worker-0] INFO  server.RaftServer$Division (ServerState.java:close(419)) - d3a6c254-c963-411b-bd1c-0e160a3b8690@group-6EEBEC280C44: closes. applyIndex: 0
2021-08-25 23:20:53,791 [d3a6c254-c963-411b-bd1c-0e160a3b8690@group-6EEBEC280C44-SegmentedRaftLogWorker] INFO  segmented.SegmentedRaftLogWorker (SegmentedRaftLogWorker.java:run(327)) - d3a6c254-c963-411b-bd1c-0e160a3b8690@group-6EEBEC280C44-SegmentedRaftLogWorker was interrupted, exiting. There are 0 tasks remaining in the queue.
2021-08-25 23:20:53,791 [ForkJoinPool.commonPool-worker-0] INFO  segmented.SegmentedRaftLogWorker (SegmentedRaftLogWorker.java:close(237)) - d3a6c254-c963-411b-bd1c-0e160a3b8690@group-6EEBEC280C44-SegmentedRaftLogWorker close()
2021-08-25 23:20:53,806 [ForkJoinPool.commonPool-worker-0] INFO  server.RaftServer$Division (RaftServerImpl.java:lambda$close$4(407)) - d3a6c254-c963-411b-bd1c-0e160a3b8690@group-A0C5CFE587C4: shutdown
2021-08-25 23:20:53,806 [ForkJoinPool.commonPool-worker-0] INFO  util.JmxRegister (JmxRegister.java:unregister(73)) - Successfully un-registered JMX Bean with object name Ratis:service=RaftServer,group=group-A0C5CFE587C4,id=d3a6c254-c963-411b-bd1c-0e160a3b8690
2021-08-25 23:20:53,806 [ForkJoinPool.commonPool-worker-0] INFO  impl.RoleInfo (RoleInfo.java:shutdownFollowerState(108)) - d3a6c254-c963-411b-bd1c-0e160a3b8690: shutdown d3a6c254-c963-411b-bd1c-0e160a3b8690@group-A0C5CFE587C4-FollowerState
2021-08-25 23:20:53,806 [ForkJoinPool.commonPool-worker-0] INFO  impl.StateMachineUpdater (StateMachineUpdater.java:stopAndJoin(149)) - d3a6c254-c963-411b-bd1c-0e160a3b8690@group-A0C5CFE587C4-StateMachineUpdater: set stopIndex = 0
2021-08-25 23:20:53,807 [d3a6c254-c963-411b-bd1c-0e160a3b8690@group-A0C5CFE587C4-StateMachineUpdater] INFO  ratis.ContainerStateMachine (ContainerStateMachine.java:takeSnapshot(292)) - group-A0C5CFE587C4: Taking a snapshot at:(t:4, i:0) file /home/runner/work/ozone/ozone/hadoop-ozone/integration-test/target/test-dir/MiniOzoneClusterImpl-05b781a4-7df0-48b9-8d73-8dabce68a637/datanode-0/data/ratis/96e4d95f-3c0f-4364-8360-a0c5cfe587c4/sm/snapshot.4_0
2021-08-25 23:20:53,807 [d3a6c254-c963-411b-bd1c-0e160a3b8690@group-A0C5CFE587C4-FollowerState] INFO  impl.FollowerState (FollowerState.java:run(143)) - d3a6c254-c963-411b-bd1c-0e160a3b8690@group-A0C5CFE587C4-FollowerState was interrupted: {}
java.lang.InterruptedException: sleep interrupted
	at java.lang.Thread.sleep(Native Method)
	at java.lang.Thread.sleep(Thread.java:340)
	at java.util.concurrent.TimeUnit.sleep(TimeUnit.java:386)
	at org.apache.ratis.util.TimeDuration.sleep(TimeDuration.java:324)
	at org.apache.ratis.util.TimeDuration.sleep(TimeDuration.java:309)
	at org.apache.ratis.server.impl.FollowerState.run(FollowerState.java:118)
2021-08-25 23:20:53,810 [d3a6c254-c963-411b-bd1c-0e160a3b8690@group-A0C5CFE587C4-StateMachineUpdater] INFO  ratis.ContainerStateMachine (ContainerStateMachine.java:takeSnapshot(303)) - group-A0C5CFE587C4: Finished taking a snapshot at:(t:4, i:0) file:/home/runner/work/ozone/ozone/hadoop-ozone/integration-test/target/test-dir/MiniOzoneClusterImpl-05b781a4-7df0-48b9-8d73-8dabce68a637/datanode-0/data/ratis/96e4d95f-3c0f-4364-8360-a0c5cfe587c4/sm/snapshot.4_0 took: 3 ms
2021-08-25 23:20:53,810 [d3a6c254-c963-411b-bd1c-0e160a3b8690@group-A0C5CFE587C4-StateMachineUpdater] INFO  impl.StateMachineUpdater (StateMachineUpdater.java:takeSnapshot(281)) - d3a6c254-c963-411b-bd1c-0e160a3b8690@group-A0C5CFE587C4-StateMachineUpdater: Took a snapshot at index 0
2021-08-25 23:20:53,810 [d3a6c254-c963-411b-bd1c-0e160a3b8690@group-A0C5CFE587C4-StateMachineUpdater] INFO  impl.StateMachineUpdater (StateMachineUpdater.java:lambda$new$0(89)) - d3a6c254-c963-411b-bd1c-0e160a3b8690@group-A0C5CFE587C4-StateMachineUpdater: snapshotIndex: updateIncreasingly -1 -> 0
2021-08-25 23:20:53,810 [ForkJoinPool.commonPool-worker-0] INFO  server.RaftServer$Division (ServerState.java:close(419)) - d3a6c254-c963-411b-bd1c-0e160a3b8690@group-A0C5CFE587C4: closes. applyIndex: 0
2021-08-25 23:20:53,810 [d3a6c254-c963-411b-bd1c-0e160a3b8690@group-A0C5CFE587C4-SegmentedRaftLogWorker] INFO  segmented.SegmentedRaftLogWorker (SegmentedRaftLogWorker.java:run(327)) - d3a6c254-c963-411b-bd1c-0e160a3b8690@group-A0C5CFE587C4-SegmentedRaftLogWorker was interrupted, exiting. There are 0 tasks remaining in the queue.
2021-08-25 23:20:53,810 [ForkJoinPool.commonPool-worker-0] INFO  segmented.SegmentedRaftLogWorker (SegmentedRaftLogWorker.java:close(237)) - d3a6c254-c963-411b-bd1c-0e160a3b8690@group-A0C5CFE587C4-SegmentedRaftLogWorker close()
2021-08-25 23:20:53,814 [ForkJoinPool.commonPool-worker-0] INFO  server.GrpcService (GrpcService.java:closeImpl(262)) - d3a6c254-c963-411b-bd1c-0e160a3b8690: shutdown server with port 42735 now
2021-08-25 23:20:53,826 [ForkJoinPool.commonPool-worker-0] INFO  server.GrpcService (GrpcService.java:closeImpl(271)) - d3a6c254-c963-411b-bd1c-0e160a3b8690: shutdown server with port 42735 successfully
2021-08-25 23:20:53,827 [grpc-default-executor-1] WARN  server.GrpcServerProtocolService (LogUtils.java:warn(122)) - d3a6c254-c963-411b-bd1c-0e160a3b8690: installSnapshot onError, lastRequest: 282e11bf-8d58-444e-a800-cb732d8168d5->d3a6c254-c963-411b-bd1c-0e160a3b8690#1-t4,previous=(t:0, i:0),leaderCommit=-1,initializing? true,entries: size=1, first=(t:4, i:0), CONFIGURATIONENTRY: org.apache.ratis.thirdparty.io.grpc.StatusRuntimeException: CANCELLED: client cancelled
2021-08-25 23:20:53,827 [org.apache.ratis.util.JvmPauseMonitor$$Lambda$531/840931289@3b05e6de] INFO  util.JvmPauseMonitor (JvmPauseMonitor.java:run(109)) - JvmPauseMonitor-d3a6c254-c963-411b-bd1c-0e160a3b8690: Stopped
2021-08-25 23:20:53,827 [grpc-default-executor-3] WARN  server.GrpcLogAppender (LogUtils.java:warn(122)) - 282e11bf-8d58-444e-a800-cb732d8168d5@group-A0C5CFE587C4->d3a6c254-c963-411b-bd1c-0e160a3b8690-AppendLogResponseHandler: Failed appendEntries: org.apache.ratis.thirdparty.io.grpc.StatusRuntimeException: CANCELLED: HTTP/2 error code: CANCEL
Received Rst Stream
2021-08-25 23:20:53,827 [grpc-default-executor-3] WARN  server.GrpcLogAppender (GrpcLogAppender.java:resetClient(111)) - 282e11bf-8d58-444e-a800-cb732d8168d5@group-A0C5CFE587C4->d3a6c254-c963-411b-bd1c-0e160a3b8690-GrpcLogAppender: Leader has not got in touch with Follower 282e11bf-8d58-444e-a800-cb732d8168d5@group-A0C5CFE587C4->d3a6c254-c963-411b-bd1c-0e160a3b8690(c0,m0,n1, attendVote=true, lastRpcSendTime=1308, lastRpcResponseTime=1301) yet, just keep nextIndex unchanged and retry.
2021-08-25 23:20:53,854 [ForkJoinPool.commonPool-worker-0] INFO  utils.BackgroundService (BackgroundService.java:shutdown(132)) - Shutting down service BlockDeletingService
2021-08-25 23:20:54,998 [grpc-default-executor-3] WARN  server.GrpcLogAppender (LogUtils.java:warn(122)) - 282e11bf-8d58-444e-a800-cb732d8168d5@group-A0C5CFE587C4->551d55f6-e55a-4cfa-9f5c-62fc7ce672f1-AppendLogResponseHandler: Failed appendEntries: org.apache.ratis.thirdparty.io.grpc.StatusRuntimeException: UNAVAILABLE: io exception
2021-08-25 23:20:54,999 [grpc-default-executor-3] WARN  server.GrpcLogAppender (GrpcLogAppender.java:resetClient(111)) - 282e11bf-8d58-444e-a800-cb732d8168d5@group-A0C5CFE587C4->551d55f6-e55a-4cfa-9f5c-62fc7ce672f1-GrpcLogAppender: Leader has not got in touch with Follower 282e11bf-8d58-444e-a800-cb732d8168d5@group-A0C5CFE587C4->551d55f6-e55a-4cfa-9f5c-62fc7ce672f1(c0,m0,n1, attendVote=true, lastRpcSendTime=1, lastRpcResponseTime=17520) yet, just keep nextIndex unchanged and retry.
2021-08-25 23:20:55,030 [grpc-default-executor-1] WARN  server.GrpcLogAppender (LogUtils.java:warn(122)) - 282e11bf-8d58-444e-a800-cb732d8168d5@group-A0C5CFE587C4->d3a6c254-c963-411b-bd1c-0e160a3b8690-AppendLogResponseHandler: Failed appendEntries: org.apache.ratis.thirdparty.io.grpc.StatusRuntimeException: UNAVAILABLE: io exception
2021-08-25 23:20:55,031 [grpc-default-executor-1] WARN  server.GrpcLogAppender (GrpcLogAppender.java:resetClient(111)) - 282e11bf-8d58-444e-a800-cb732d8168d5@group-A0C5CFE587C4->d3a6c254-c963-411b-bd1c-0e160a3b8690-GrpcLogAppender: Leader has not got in touch with Follower 282e11bf-8d58-444e-a800-cb732d8168d5@group-A0C5CFE587C4->d3a6c254-c963-411b-bd1c-0e160a3b8690(c0,m0,n1, attendVote=true, lastRpcSendTime=1, lastRpcResponseTime=2505) yet, just keep nextIndex unchanged and retry.
2021-08-25 23:20:56,262 [grpc-default-executor-1] WARN  server.GrpcLogAppender (LogUtils.java:warn(122)) - 4553ea2b-b05c-4809-ad97-5bb271da1b92@group-85F725802A99->02c65f58-31b6-441b-a599-132cd2d8b363-AppendLogResponseHandler: Failed appendEntries: org.apache.ratis.thirdparty.io.grpc.StatusRuntimeException: UNAVAILABLE: io exception
2021-08-25 23:20:56,263 [grpc-default-executor-1] INFO  leader.FollowerInfo (FollowerInfoImpl.java:lambda$new$0(46)) - 4553ea2b-b05c-4809-ad97-5bb271da1b92@group-85F725802A99->02c65f58-31b6-441b-a599-132cd2d8b363: nextIndex: updateUnconditionally 12 -> 11
2021-08-25 23:20:56,807 [Listener at 127.0.0.1/39119] INFO  statemachine.DatanodeStateMachine (DatanodeStateMachine.java:stopDaemon(515)) - Ozone container server stopped.
2021-08-25 23:20:56,807 [Listener at 127.0.0.1/39119] INFO  handler.ContextHandler (ContextHandler.java:doStop(1153)) - Stopped o.e.j.w.WebAppContext@17993651{hddsDatanode,/,null,STOPPED}{jar:file:/home/runner/.m2/repository/org/apache/ozone/hdds-container-service/1.2.0-SNAPSHOT/hdds-container-service-1.2.0-SNAPSHOT.jar!/webapps/hddsDatanode}
2021-08-25 23:20:56,814 [Listener at 127.0.0.1/39119] INFO  server.AbstractConnector (AbstractConnector.java:doStop(381)) - Stopped ServerConnector@53f68c97{HTTP/1.1, (http/1.1)}{0.0.0.0:0}
2021-08-25 23:20:56,814 [Listener at 127.0.0.1/39119] INFO  server.session (HouseKeeper.java:stopScavenging(149)) - node0 Stopped scavenging
2021-08-25 23:20:56,814 [Listener at 127.0.0.1/39119] INFO  handler.ContextHandler (ContextHandler.java:doStop(1153)) - Stopped o.e.j.s.ServletContextHandler@798cdd5{static,/static,jar:file:/home/runner/.m2/repository/org/apache/ozone/hdds-container-service/1.2.0-SNAPSHOT/hdds-container-service-1.2.0-SNAPSHOT.jar!/webapps/static,STOPPED}
2021-08-25 23:20:56,814 [Listener at 127.0.0.1/39119] INFO  handler.ContextHandler (ContextHandler.java:doStop(1153)) - Stopped o.e.j.s.ServletContextHandler@4dcaa972{logs,/logs,file:///home/runner/work/ozone/ozone/hadoop-ozone/integration-test/target/log,STOPPED}
2021-08-25 23:20:56,878 [ForkJoinPool.commonPool-worker-0] INFO  statemachine.DatanodeStateMachine (DatanodeStateMachine.java:stopDaemon(515)) - Ozone container server stopped.
2021-08-25 23:20:56,888 [ForkJoinPool.commonPool-worker-0] INFO  handler.ContextHandler (ContextHandler.java:doStop(1153)) - Stopped o.e.j.w.WebAppContext@494e6dbb{hddsDatanode,/,null,STOPPED}{jar:file:/home/runner/.m2/repository/org/apache/ozone/hdds-container-service/1.2.0-SNAPSHOT/hdds-container-service-1.2.0-SNAPSHOT.jar!/webapps/hddsDatanode}
2021-08-25 23:20:56,889 [ForkJoinPool.commonPool-worker-0] INFO  server.AbstractConnector (AbstractConnector.java:doStop(381)) - Stopped ServerConnector@7eaa78f2{HTTP/1.1, (http/1.1)}{0.0.0.0:0}
2021-08-25 23:20:56,889 [ForkJoinPool.commonPool-worker-0] INFO  server.session (HouseKeeper.java:stopScavenging(149)) - node0 Stopped scavenging
2021-08-25 23:20:56,898 [ForkJoinPool.commonPool-worker-0] INFO  handler.ContextHandler (ContextHandler.java:doStop(1153)) - Stopped o.e.j.s.ServletContextHandler@6902e2bf{static,/static,jar:file:/home/runner/.m2/repository/org/apache/ozone/hdds-container-service/1.2.0-SNAPSHOT/hdds-container-service-1.2.0-SNAPSHOT.jar!/webapps/static,STOPPED}
2021-08-25 23:20:56,910 [ForkJoinPool.commonPool-worker-0] INFO  handler.ContextHandler (ContextHandler.java:doStop(1153)) - Stopped o.e.j.s.ServletContextHandler@5f17140d{logs,/logs,file:///home/runner/work/ozone/ozone/hadoop-ozone/integration-test/target/log,STOPPED}
2021-08-25 23:20:57,263 [Datanode State Machine Thread - 0] INFO  statemachine.DatanodeStateMachine (DatanodeStateMachine.java:lambda$startDaemon$0(457)) - Ozone container server started.
2021-08-25 23:20:57,405 [Datanode State Machine Thread - 0] INFO  statemachine.DatanodeStateMachine (DatanodeStateMachine.java:lambda$startDaemon$0(457)) - Ozone container server started.
2021-08-25 23:20:57,515 [grpc-default-executor-1] WARN  server.GrpcLogAppender (LogUtils.java:warn(122)) - 282e11bf-8d58-444e-a800-cb732d8168d5@group-A0C5CFE587C4->551d55f6-e55a-4cfa-9f5c-62fc7ce672f1-AppendLogResponseHandler: Failed appendEntries: org.apache.ratis.thirdparty.io.grpc.StatusRuntimeException: UNAVAILABLE: io exception
2021-08-25 23:20:57,516 [grpc-default-executor-1] WARN  server.GrpcLogAppender (GrpcLogAppender.java:resetClient(111)) - 282e11bf-8d58-444e-a800-cb732d8168d5@group-A0C5CFE587C4->551d55f6-e55a-4cfa-9f5c-62fc7ce672f1-GrpcLogAppender: Leader has not got in touch with Follower 282e11bf-8d58-444e-a800-cb732d8168d5@group-A0C5CFE587C4->551d55f6-e55a-4cfa-9f5c-62fc7ce672f1(c0,m0,n1, attendVote=true, lastRpcSendTime=0, lastRpcResponseTime=20037) yet, just keep nextIndex unchanged and retry.
2021-08-25 23:20:57,545 [grpc-default-executor-1] WARN  server.GrpcLogAppender (LogUtils.java:warn(122)) - 282e11bf-8d58-444e-a800-cb732d8168d5@group-A0C5CFE587C4->d3a6c254-c963-411b-bd1c-0e160a3b8690-AppendLogResponseHandler: Failed appendEntries: org.apache.ratis.thirdparty.io.grpc.StatusRuntimeException: UNAVAILABLE: io exception
2021-08-25 23:20:57,546 [grpc-default-executor-1] WARN  server.GrpcLogAppender (GrpcLogAppender.java:resetClient(111)) - 282e11bf-8d58-444e-a800-cb732d8168d5@group-A0C5CFE587C4->d3a6c254-c963-411b-bd1c-0e160a3b8690-GrpcLogAppender: Leader has not got in touch with Follower 282e11bf-8d58-444e-a800-cb732d8168d5@group-A0C5CFE587C4->d3a6c254-c963-411b-bd1c-0e160a3b8690(c0,m0,n1, attendVote=true, lastRpcSendTime=2516, lastRpcResponseTime=5020) yet, just keep nextIndex unchanged and retry.
2021-08-25 23:20:58,419 [282e11bf-8d58-444e-a800-cb732d8168d5@group-A0C5CFE587C4-LeaderStateImpl] WARN  server.RaftServer$Division (LeaderStateImpl.java:checkLeadership(944)) - 282e11bf-8d58-444e-a800-cb732d8168d5@group-A0C5CFE587C4-LeaderStateImpl: Lost leadership on term: 4. Election timeout: 5200ms. In charge for: 26018ms. Conf: 0: [282e11bf-8d58-444e-a800-cb732d8168d5|rpc:10.1.0.32:39035|dataStream:|priority:1, d3a6c254-c963-411b-bd1c-0e160a3b8690|rpc:10.1.0.32:42735|dataStream:|priority:0, 551d55f6-e55a-4cfa-9f5c-62fc7ce672f1|rpc:10.1.0.32:34175|dataStream:|priority:0], old=null
2021-08-25 23:20:58,420 [282e11bf-8d58-444e-a800-cb732d8168d5@group-A0C5CFE587C4-LeaderStateImpl] WARN  server.RaftServer$Division (LeaderStateImpl.java:lambda$checkLeadership$15(948)) - Follower 282e11bf-8d58-444e-a800-cb732d8168d5@group-A0C5CFE587C4->d3a6c254-c963-411b-bd1c-0e160a3b8690(c0,m0,n1, attendVote=true, lastRpcSendTime=872, lastRpcResponseTime=5894)
2021-08-25 23:20:58,420 [282e11bf-8d58-444e-a800-cb732d8168d5@group-A0C5CFE587C4-LeaderStateImpl] WARN  server.RaftServer$Division (LeaderStateImpl.java:lambda$checkLeadership$15(948)) - Follower 282e11bf-8d58-444e-a800-cb732d8168d5@group-A0C5CFE587C4->551d55f6-e55a-4cfa-9f5c-62fc7ce672f1(c0,m0,n1, attendVote=true, lastRpcSendTime=904, lastRpcResponseTime=20941)
2021-08-25 23:20:58,420 [282e11bf-8d58-444e-a800-cb732d8168d5@group-A0C5CFE587C4-LeaderStateImpl] INFO  server.RaftServer$Division (RaftServerImpl.java:setRole(285)) - 282e11bf-8d58-444e-a800-cb732d8168d5@group-A0C5CFE587C4: changes role from    LEADER to FOLLOWER at term 4 for StepDownReason:LOST_MAJORITY_HEARTBEATS
2021-08-25 23:20:58,420 [282e11bf-8d58-444e-a800-cb732d8168d5@group-A0C5CFE587C4-LeaderStateImpl] INFO  impl.RoleInfo (RoleInfo.java:shutdownLeaderState(91)) - 282e11bf-8d58-444e-a800-cb732d8168d5: shutdown 282e11bf-8d58-444e-a800-cb732d8168d5@group-A0C5CFE587C4-LeaderStateImpl
2021-08-25 23:20:58,420 [282e11bf-8d58-444e-a800-cb732d8168d5@group-A0C5CFE587C4-LeaderStateImpl] INFO  impl.PendingRequests (PendingRequests.java:sendNotLeaderResponses(282)) - 282e11bf-8d58-444e-a800-cb732d8168d5@group-A0C5CFE587C4-PendingRequests: sendNotLeaderResponses
2021-08-25 23:20:58,420 [282e11bf-8d58-444e-a800-cb732d8168d5@group-A0C5CFE587C4-LeaderStateImpl] INFO  impl.RoleInfo (RoleInfo.java:updateAndGet(130)) - 282e11bf-8d58-444e-a800-cb732d8168d5: start 282e11bf-8d58-444e-a800-cb732d8168d5@group-A0C5CFE587C4-FollowerState
2021-08-25 23:20:58,763 [grpc-default-executor-1] WARN  server.GrpcLogAppender (LogUtils.java:warn(122)) - 4553ea2b-b05c-4809-ad97-5bb271da1b92@group-85F725802A99->02c65f58-31b6-441b-a599-132cd2d8b363-AppendLogResponseHandler: Failed appendEntries: org.apache.ratis.thirdparty.io.grpc.StatusRuntimeException: UNAVAILABLE: io exception
2021-08-25 23:20:58,763 [grpc-default-executor-1] INFO  leader.FollowerInfo (FollowerInfoImpl.java:lambda$new$0(46)) - 4553ea2b-b05c-4809-ad97-5bb271da1b92@group-85F725802A99->02c65f58-31b6-441b-a599-132cd2d8b363: nextIndex: updateUnconditionally 12 -> 11
2021-08-25 23:21:01,263 [grpc-default-executor-1] WARN  server.GrpcLogAppender (LogUtils.java:warn(122)) - 4553ea2b-b05c-4809-ad97-5bb271da1b92@group-85F725802A99->02c65f58-31b6-441b-a599-132cd2d8b363-AppendLogResponseHandler: Failed appendEntries: org.apache.ratis.thirdparty.io.grpc.StatusRuntimeException: UNAVAILABLE: io exception
2021-08-25 23:21:01,264 [grpc-default-executor-1] INFO  leader.FollowerInfo (FollowerInfoImpl.java:lambda$new$0(46)) - 4553ea2b-b05c-4809-ad97-5bb271da1b92@group-85F725802A99->02c65f58-31b6-441b-a599-132cd2d8b363: nextIndex: updateUnconditionally 12 -> 11
2021-08-25 23:21:01,670 [EventQueue-StaleNodeForStaleNodeHandler] INFO  node.StaleNodeHandler (StaleNodeHandler.java:onMessage(58)) - Datanode 551d55f6-e55a-4cfa-9f5c-62fc7ce672f1{ip: 10.1.0.32, host: fv-az12-462.exdb2aeach2ezidoxz41lk3bwg.cx.internal.cloudapp.net, ports: [REPLICATION=45975, RATIS=34175, RATIS_ADMIN=34175, RATIS_SERVER=34175, STANDALONE=36595], networkLocation: /default-rack, certSerialId: null, persistedOpState: IN_SERVICE, persistedOpStateExpiryEpochSec: 0} moved to stale state. Finalizing its pipelines [PipelineID=96e4d95f-3c0f-4364-8360-a0c5cfe587c4, PipelineID=9e9041c8-3114-4e2c-b4af-4799fec00e20]
2021-08-25 23:21:01,674 [EventQueue-StaleNodeForStaleNodeHandler] INFO  pipeline.PipelineManagerImpl (PipelineManagerImpl.java:closePipeline(342)) - Pipeline Pipeline[ Id: 96e4d95f-3c0f-4364-8360-a0c5cfe587c4, Nodes: d3a6c254-c963-411b-bd1c-0e160a3b8690{ip: 10.1.0.32, host: fv-az12-462.exdb2aeach2ezidoxz41lk3bwg.cx.internal.cloudapp.net, ports: [REPLICATION=35377, RATIS=42735, RATIS_ADMIN=42735, RATIS_SERVER=42735, STANDALONE=41829], networkLocation: /default-rack, certSerialId: null, persistedOpState: IN_SERVICE, persistedOpStateExpiryEpochSec: 0}551d55f6-e55a-4cfa-9f5c-62fc7ce672f1{ip: 10.1.0.32, host: fv-az12-462.exdb2aeach2ezidoxz41lk3bwg.cx.internal.cloudapp.net, ports: [REPLICATION=45975, RATIS=34175, RATIS_ADMIN=34175, RATIS_SERVER=34175, STANDALONE=36595], networkLocation: /default-rack, certSerialId: null, persistedOpState: IN_SERVICE, persistedOpStateExpiryEpochSec: 0}282e11bf-8d58-444e-a800-cb732d8168d5{ip: 10.1.0.32, host: fv-az12-462.exdb2aeach2ezidoxz41lk3bwg.cx.internal.cloudapp.net, ports: [REPLICATION=35189, RATIS=39035, RATIS_ADMIN=39035, RATIS_SERVER=39035, STANDALONE=37603], networkLocation: /default-rack, certSerialId: null, persistedOpState: IN_SERVICE, persistedOpStateExpiryEpochSec: 0}, ReplicationConfig: RATIS/THREE, State:OPEN, leaderId:282e11bf-8d58-444e-a800-cb732d8168d5, CreationTimestamp2021-08-25T23:20:09.440Z[Etc/UTC]] moved to CLOSED state
2021-08-25 23:21:01,679 [EventQueue-StaleNodeForStaleNodeHandler] INFO  pipeline.PipelineManagerImpl (PipelineManagerImpl.java:closePipeline(342)) - Pipeline Pipeline[ Id: 9e9041c8-3114-4e2c-b4af-4799fec00e20, Nodes: 551d55f6-e55a-4cfa-9f5c-62fc7ce672f1{ip: 10.1.0.32, host: fv-az12-462.exdb2aeach2ezidoxz41lk3bwg.cx.internal.cloudapp.net, ports: [REPLICATION=45975, RATIS=34175, RATIS_ADMIN=34175, RATIS_SERVER=34175, STANDALONE=36595], networkLocation: /default-rack, certSerialId: null, persistedOpState: IN_SERVICE, persistedOpStateExpiryEpochSec: 0}, ReplicationConfig: RATIS/ONE, State:OPEN, leaderId:551d55f6-e55a-4cfa-9f5c-62fc7ce672f1, CreationTimestamp2021-08-25T23:20:09.436Z[Etc/UTC]] moved to CLOSED state
2021-08-25 23:21:01,819 [Listener at 127.0.0.1/39119] INFO  ozoneimpl.OzoneContainer (OzoneContainer.java:stop(326)) - Attempting to stop container services.
2021-08-25 23:21:01,820 [Listener at 127.0.0.1/39119] INFO  server.RaftServer (RaftServerProxy.java:lambda$close$6(391)) - 4553ea2b-b05c-4809-ad97-5bb271da1b92: close
2021-08-25 23:21:01,820 [Listener at 127.0.0.1/39119] INFO  server.RaftServer$Division (RaftServerImpl.java:lambda$close$4(407)) - 4553ea2b-b05c-4809-ad97-5bb271da1b92@group-85F725802A99: shutdown
2021-08-25 23:21:01,820 [Listener at 127.0.0.1/39119] INFO  util.JmxRegister (JmxRegister.java:unregister(73)) - Successfully un-registered JMX Bean with object name Ratis:service=RaftServer,group=group-85F725802A99,id=4553ea2b-b05c-4809-ad97-5bb271da1b92
2021-08-25 23:21:01,820 [Listener at 127.0.0.1/39119] INFO  impl.RoleInfo (RoleInfo.java:shutdownLeaderState(91)) - 4553ea2b-b05c-4809-ad97-5bb271da1b92: shutdown 4553ea2b-b05c-4809-ad97-5bb271da1b92@group-85F725802A99-LeaderStateImpl
2021-08-25 23:21:01,821 [Listener at 127.0.0.1/39119] INFO  impl.PendingRequests (PendingRequests.java:sendNotLeaderResponses(282)) - 4553ea2b-b05c-4809-ad97-5bb271da1b92@group-85F725802A99-PendingRequests: sendNotLeaderResponses
2021-08-25 23:21:01,821 [4553ea2b-b05c-4809-ad97-5bb271da1b92@group-85F725802A99->02c65f58-31b6-441b-a599-132cd2d8b363-GrpcLogAppender-LogAppenderDaemon] WARN  server.GrpcLogAppender (GrpcLogAppender.java:mayWait(175)) - 4553ea2b-b05c-4809-ad97-5bb271da1b92@group-85F725802A99->02c65f58-31b6-441b-a599-132cd2d8b363-GrpcLogAppender: Wait interrupted by java.lang.InterruptedException
2021-08-25 23:21:01,821 [4553ea2b-b05c-4809-ad97-5bb271da1b92@group-85F725802A99->e56ee20f-9a03-437e-8d1d-8d6614c978b9-GrpcLogAppender-LogAppenderDaemon] WARN  server.GrpcLogAppender (GrpcLogAppender.java:mayWait(175)) - 4553ea2b-b05c-4809-ad97-5bb271da1b92@group-85F725802A99->e56ee20f-9a03-437e-8d1d-8d6614c978b9-GrpcLogAppender: Wait interrupted by java.lang.InterruptedException
2021-08-25 23:21:01,822 [grpc-default-executor-1] INFO  server.GrpcServerProtocolService (GrpcServerProtocolService.java:onCompleted(140)) - e56ee20f-9a03-437e-8d1d-8d6614c978b9: Completed APPEND_ENTRIES, lastRequest: 4553ea2b-b05c-4809-ad97-5bb271da1b92->e56ee20f-9a03-437e-8d1d-8d6614c978b9#263-t3,previous=(t:3, i:10),leaderCommit=6,initializing? true,entries: size=1, first=(t:3, i:11), METADATAENTRY(c:6)
2021-08-25 23:21:01,823 [grpc-default-executor-3] INFO  server.GrpcLogAppender (GrpcLogAppender.java:onCompleted(344)) - 4553ea2b-b05c-4809-ad97-5bb271da1b92@group-85F725802A99->e56ee20f-9a03-437e-8d1d-8d6614c978b9-AppendLogResponseHandler: follower responses appendEntries COMPLETED
2021-08-25 23:21:01,823 [grpc-default-executor-3] INFO  leader.FollowerInfo (FollowerInfoImpl.java:lambda$new$0(46)) - 4553ea2b-b05c-4809-ad97-5bb271da1b92@group-85F725802A99->e56ee20f-9a03-437e-8d1d-8d6614c978b9: nextIndex: updateUnconditionally 12 -> 11
2021-08-25 23:21:01,825 [Listener at 127.0.0.1/39119] INFO  impl.StateMachineUpdater (StateMachineUpdater.java:stopAndJoin(149)) - 4553ea2b-b05c-4809-ad97-5bb271da1b92@group-85F725802A99-StateMachineUpdater: set stopIndex = 11
2021-08-25 23:21:01,825 [4553ea2b-b05c-4809-ad97-5bb271da1b92@group-85F725802A99-StateMachineUpdater] INFO  ratis.ContainerStateMachine (ContainerStateMachine.java:takeSnapshot(292)) - group-85F725802A99: Taking a snapshot at:(t:3, i:11) file /home/runner/work/ozone/ozone/hadoop-ozone/integration-test/target/test-dir/MiniOzoneClusterImpl-05b781a4-7df0-48b9-8d73-8dabce68a637/datanode-8/data/ratis/69f609fc-1725-4d99-98f5-85f725802a99/sm/snapshot.3_11
2021-08-25 23:21:01,829 [4553ea2b-b05c-4809-ad97-5bb271da1b92@group-85F725802A99-StateMachineUpdater] INFO  ratis.ContainerStateMachine (ContainerStateMachine.java:takeSnapshot(303)) - group-85F725802A99: Finished taking a snapshot at:(t:3, i:11) file:/home/runner/work/ozone/ozone/hadoop-ozone/integration-test/target/test-dir/MiniOzoneClusterImpl-05b781a4-7df0-48b9-8d73-8dabce68a637/datanode-8/data/ratis/69f609fc-1725-4d99-98f5-85f725802a99/sm/snapshot.3_11 took: 3 ms
2021-08-25 23:21:01,829 [4553ea2b-b05c-4809-ad97-5bb271da1b92@group-85F725802A99-StateMachineUpdater] INFO  impl.StateMachineUpdater (StateMachineUpdater.java:takeSnapshot(281)) - 4553ea2b-b05c-4809-ad97-5bb271da1b92@group-85F725802A99-StateMachineUpdater: Took a snapshot at index 11
2021-08-25 23:21:01,829 [4553ea2b-b05c-4809-ad97-5bb271da1b92@group-85F725802A99-StateMachineUpdater] INFO  impl.StateMachineUpdater (StateMachineUpdater.java:lambda$new$0(89)) - 4553ea2b-b05c-4809-ad97-5bb271da1b92@group-85F725802A99-StateMachineUpdater: snapshotIndex: updateIncreasingly -1 -> 11
2021-08-25 23:21:01,829 [Listener at 127.0.0.1/39119] INFO  server.RaftServer$Division (ServerState.java:close(419)) - 4553ea2b-b05c-4809-ad97-5bb271da1b92@group-85F725802A99: closes. applyIndex: 11
2021-08-25 23:21:01,830 [4553ea2b-b05c-4809-ad97-5bb271da1b92@group-85F725802A99-SegmentedRaftLogWorker] INFO  segmented.SegmentedRaftLogWorker (SegmentedRaftLogWorker.java:run(327)) - 4553ea2b-b05c-4809-ad97-5bb271da1b92@group-85F725802A99-SegmentedRaftLogWorker was interrupted, exiting. There are 0 tasks remaining in the queue.
2021-08-25 23:21:01,830 [Listener at 127.0.0.1/39119] INFO  segmented.SegmentedRaftLogWorker (SegmentedRaftLogWorker.java:close(237)) - 4553ea2b-b05c-4809-ad97-5bb271da1b92@group-85F725802A99-SegmentedRaftLogWorker close()
2021-08-25 23:21:01,831 [Listener at 127.0.0.1/39119] INFO  server.RaftServer$Division (RaftServerImpl.java:lambda$close$4(407)) - 4553ea2b-b05c-4809-ad97-5bb271da1b92@group-DB6CB93AC769: shutdown
2021-08-25 23:21:01,831 [Listener at 127.0.0.1/39119] INFO  util.JmxRegister (JmxRegister.java:unregister(73)) - Successfully un-registered JMX Bean with object name Ratis:service=RaftServer,group=group-DB6CB93AC769,id=4553ea2b-b05c-4809-ad97-5bb271da1b92
2021-08-25 23:21:01,831 [Listener at 127.0.0.1/39119] INFO  impl.RoleInfo (RoleInfo.java:shutdownLeaderState(91)) - 4553ea2b-b05c-4809-ad97-5bb271da1b92: shutdown 4553ea2b-b05c-4809-ad97-5bb271da1b92@group-DB6CB93AC769-LeaderStateImpl
2021-08-25 23:21:01,831 [Listener at 127.0.0.1/39119] INFO  impl.PendingRequests (PendingRequests.java:sendNotLeaderResponses(282)) - 4553ea2b-b05c-4809-ad97-5bb271da1b92@group-DB6CB93AC769-PendingRequests: sendNotLeaderResponses
2021-08-25 23:21:01,832 [Listener at 127.0.0.1/39119] INFO  impl.StateMachineUpdater (StateMachineUpdater.java:stopAndJoin(149)) - 4553ea2b-b05c-4809-ad97-5bb271da1b92@group-DB6CB93AC769-StateMachineUpdater: set stopIndex = 0
2021-08-25 23:21:01,832 [4553ea2b-b05c-4809-ad97-5bb271da1b92@group-DB6CB93AC769-StateMachineUpdater] INFO  ratis.ContainerStateMachine (ContainerStateMachine.java:takeSnapshot(292)) - group-DB6CB93AC769: Taking a snapshot at:(t:1, i:0) file /home/runner/work/ozone/ozone/hadoop-ozone/integration-test/target/test-dir/MiniOzoneClusterImpl-05b781a4-7df0-48b9-8d73-8dabce68a637/datanode-8/data/ratis/2e707aec-8ed5-4e1f-bdc6-db6cb93ac769/sm/snapshot.1_0
2021-08-25 23:21:01,833 [4553ea2b-b05c-4809-ad97-5bb271da1b92@group-DB6CB93AC769-StateMachineUpdater] INFO  ratis.ContainerStateMachine (ContainerStateMachine.java:takeSnapshot(303)) - group-DB6CB93AC769: Finished taking a snapshot at:(t:1, i:0) file:/home/runner/work/ozone/ozone/hadoop-ozone/integration-test/target/test-dir/MiniOzoneClusterImpl-05b781a4-7df0-48b9-8d73-8dabce68a637/datanode-8/data/ratis/2e707aec-8ed5-4e1f-bdc6-db6cb93ac769/sm/snapshot.1_0 took: 0 ms
2021-08-25 23:21:01,833 [4553ea2b-b05c-4809-ad97-5bb271da1b92@group-DB6CB93AC769-StateMachineUpdater] INFO  impl.StateMachineUpdater (StateMachineUpdater.java:takeSnapshot(281)) - 4553ea2b-b05c-4809-ad97-5bb271da1b92@group-DB6CB93AC769-StateMachineUpdater: Took a snapshot at index 0
2021-08-25 23:21:01,833 [4553ea2b-b05c-4809-ad97-5bb271da1b92@group-DB6CB93AC769-StateMachineUpdater] INFO  impl.StateMachineUpdater (StateMachineUpdater.java:lambda$new$0(89)) - 4553ea2b-b05c-4809-ad97-5bb271da1b92@group-DB6CB93AC769-StateMachineUpdater: snapshotIndex: updateIncreasingly -1 -> 0
2021-08-25 23:21:01,833 [Listener at 127.0.0.1/39119] INFO  server.RaftServer$Division (ServerState.java:close(419)) - 4553ea2b-b05c-4809-ad97-5bb271da1b92@group-DB6CB93AC769: closes. applyIndex: 0
2021-08-25 23:21:01,833 [4553ea2b-b05c-4809-ad97-5bb271da1b92@group-DB6CB93AC769-SegmentedRaftLogWorker] INFO  segmented.SegmentedRaftLogWorker (SegmentedRaftLogWorker.java:run(327)) - 4553ea2b-b05c-4809-ad97-5bb271da1b92@group-DB6CB93AC769-SegmentedRaftLogWorker was interrupted, exiting. There are 0 tasks remaining in the queue.
2021-08-25 23:21:01,833 [Listener at 127.0.0.1/39119] INFO  segmented.SegmentedRaftLogWorker (SegmentedRaftLogWorker.java:close(237)) - 4553ea2b-b05c-4809-ad97-5bb271da1b92@group-DB6CB93AC769-SegmentedRaftLogWorker close()
2021-08-25 23:21:01,834 [Listener at 127.0.0.1/39119] INFO  server.GrpcService (GrpcService.java:closeImpl(262)) - 4553ea2b-b05c-4809-ad97-5bb271da1b92: shutdown server with port 36113 now
2021-08-25 23:21:01,856 [Listener at 127.0.0.1/39119] INFO  server.GrpcService (GrpcService.java:closeImpl(271)) - 4553ea2b-b05c-4809-ad97-5bb271da1b92: shutdown server with port 36113 successfully
2021-08-25 23:21:01,856 [org.apache.ratis.util.JvmPauseMonitor$$Lambda$531/840931289@3acb4cb3] INFO  util.JvmPauseMonitor (JvmPauseMonitor.java:run(109)) - JvmPauseMonitor-4553ea2b-b05c-4809-ad97-5bb271da1b92: Stopped
2021-08-25 23:21:01,860 [Listener at 127.0.0.1/39119] INFO  utils.BackgroundService (BackgroundService.java:shutdown(132)) - Shutting down service BlockDeletingService
2021-08-25 23:21:01,919 [ForkJoinPool.commonPool-worker-0] INFO  ozoneimpl.OzoneContainer (OzoneContainer.java:stop(326)) - Attempting to stop container services.
2021-08-25 23:21:01,926 [ForkJoinPool.commonPool-worker-0] INFO  server.RaftServer (RaftServerProxy.java:lambda$close$6(391)) - 282e11bf-8d58-444e-a800-cb732d8168d5: close
2021-08-25 23:21:01,926 [ForkJoinPool.commonPool-worker-0] INFO  server.RaftServer$Division (RaftServerImpl.java:lambda$close$4(407)) - 282e11bf-8d58-444e-a800-cb732d8168d5@group-EC4D5B6DBBA9: shutdown
2021-08-25 23:21:01,926 [ForkJoinPool.commonPool-worker-0] INFO  util.JmxRegister (JmxRegister.java:unregister(73)) - Successfully un-registered JMX Bean with object name Ratis:service=RaftServer,group=group-EC4D5B6DBBA9,id=282e11bf-8d58-444e-a800-cb732d8168d5
2021-08-25 23:21:01,926 [ForkJoinPool.commonPool-worker-0] INFO  impl.RoleInfo (RoleInfo.java:shutdownLeaderState(91)) - 282e11bf-8d58-444e-a800-cb732d8168d5: shutdown 282e11bf-8d58-444e-a800-cb732d8168d5@group-EC4D5B6DBBA9-LeaderStateImpl
2021-08-25 23:21:01,926 [ForkJoinPool.commonPool-worker-0] INFO  impl.PendingRequests (PendingRequests.java:sendNotLeaderResponses(282)) - 282e11bf-8d58-444e-a800-cb732d8168d5@group-EC4D5B6DBBA9-PendingRequests: sendNotLeaderResponses
2021-08-25 23:21:01,927 [ForkJoinPool.commonPool-worker-0] INFO  impl.StateMachineUpdater (StateMachineUpdater.java:stopAndJoin(149)) - 282e11bf-8d58-444e-a800-cb732d8168d5@group-EC4D5B6DBBA9-StateMachineUpdater: set stopIndex = 0
2021-08-25 23:21:01,930 [282e11bf-8d58-444e-a800-cb732d8168d5@group-EC4D5B6DBBA9-StateMachineUpdater] INFO  ratis.ContainerStateMachine (ContainerStateMachine.java:takeSnapshot(292)) - group-EC4D5B6DBBA9: Taking a snapshot at:(t:1, i:0) file /home/runner/work/ozone/ozone/hadoop-ozone/integration-test/target/test-dir/MiniOzoneClusterImpl-05b781a4-7df0-48b9-8d73-8dabce68a637/datanode-1/data/ratis/63f08369-242b-4be1-9b9a-ec4d5b6dbba9/sm/snapshot.1_0
2021-08-25 23:21:01,933 [282e11bf-8d58-444e-a800-cb732d8168d5@group-EC4D5B6DBBA9-StateMachineUpdater] INFO  ratis.ContainerStateMachine (ContainerStateMachine.java:takeSnapshot(303)) - group-EC4D5B6DBBA9: Finished taking a snapshot at:(t:1, i:0) file:/home/runner/work/ozone/ozone/hadoop-ozone/integration-test/target/test-dir/MiniOzoneClusterImpl-05b781a4-7df0-48b9-8d73-8dabce68a637/datanode-1/data/ratis/63f08369-242b-4be1-9b9a-ec4d5b6dbba9/sm/snapshot.1_0 took: 3 ms
2021-08-25 23:21:01,933 [282e11bf-8d58-444e-a800-cb732d8168d5@group-EC4D5B6DBBA9-StateMachineUpdater] INFO  impl.StateMachineUpdater (StateMachineUpdater.java:takeSnapshot(281)) - 282e11bf-8d58-444e-a800-cb732d8168d5@group-EC4D5B6DBBA9-StateMachineUpdater: Took a snapshot at index 0
2021-08-25 23:21:01,933 [282e11bf-8d58-444e-a800-cb732d8168d5@group-EC4D5B6DBBA9-StateMachineUpdater] INFO  impl.StateMachineUpdater (StateMachineUpdater.java:lambda$new$0(89)) - 282e11bf-8d58-444e-a800-cb732d8168d5@group-EC4D5B6DBBA9-StateMachineUpdater: snapshotIndex: updateIncreasingly -1 -> 0
2021-08-25 23:21:01,934 [ForkJoinPool.commonPool-worker-0] INFO  server.RaftServer$Division (ServerState.java:close(419)) - 282e11bf-8d58-444e-a800-cb732d8168d5@group-EC4D5B6DBBA9: closes. applyIndex: 0
2021-08-25 23:21:01,934 [282e11bf-8d58-444e-a800-cb732d8168d5@group-EC4D5B6DBBA9-SegmentedRaftLogWorker] INFO  segmented.SegmentedRaftLogWorker (SegmentedRaftLogWorker.java:run(327)) - 282e11bf-8d58-444e-a800-cb732d8168d5@group-EC4D5B6DBBA9-SegmentedRaftLogWorker was interrupted, exiting. There are 0 tasks remaining in the queue.
2021-08-25 23:21:01,934 [ForkJoinPool.commonPool-worker-0] INFO  segmented.SegmentedRaftLogWorker (SegmentedRaftLogWorker.java:close(237)) - 282e11bf-8d58-444e-a800-cb732d8168d5@group-EC4D5B6DBBA9-SegmentedRaftLogWorker close()
2021-08-25 23:21:01,935 [ForkJoinPool.commonPool-worker-0] INFO  server.RaftServer$Division (RaftServerImpl.java:lambda$close$4(407)) - 282e11bf-8d58-444e-a800-cb732d8168d5@group-A0C5CFE587C4: shutdown
2021-08-25 23:21:01,935 [ForkJoinPool.commonPool-worker-0] INFO  util.JmxRegister (JmxRegister.java:unregister(73)) - Successfully un-registered JMX Bean with object name Ratis:service=RaftServer,group=group-A0C5CFE587C4,id=282e11bf-8d58-444e-a800-cb732d8168d5
2021-08-25 23:21:01,935 [ForkJoinPool.commonPool-worker-0] INFO  impl.RoleInfo (RoleInfo.java:shutdownFollowerState(108)) - 282e11bf-8d58-444e-a800-cb732d8168d5: shutdown 282e11bf-8d58-444e-a800-cb732d8168d5@group-A0C5CFE587C4-FollowerState
2021-08-25 23:21:01,935 [ForkJoinPool.commonPool-worker-0] INFO  impl.StateMachineUpdater (StateMachineUpdater.java:stopAndJoin(149)) - 282e11bf-8d58-444e-a800-cb732d8168d5@group-A0C5CFE587C4-StateMachineUpdater: set stopIndex = 0
2021-08-25 23:21:01,935 [282e11bf-8d58-444e-a800-cb732d8168d5@group-A0C5CFE587C4-FollowerState] INFO  impl.FollowerState (FollowerState.java:run(143)) - 282e11bf-8d58-444e-a800-cb732d8168d5@group-A0C5CFE587C4-FollowerState was interrupted: {}
java.lang.InterruptedException: sleep interrupted
	at java.lang.Thread.sleep(Native Method)
	at java.lang.Thread.sleep(Thread.java:340)
	at java.util.concurrent.TimeUnit.sleep(TimeUnit.java:386)
	at org.apache.ratis.util.TimeDuration.sleep(TimeDuration.java:324)
	at org.apache.ratis.util.TimeDuration.sleep(TimeDuration.java:309)
	at org.apache.ratis.server.impl.FollowerState.run(FollowerState.java:118)
2021-08-25 23:21:01,936 [282e11bf-8d58-444e-a800-cb732d8168d5@group-A0C5CFE587C4-StateMachineUpdater] INFO  ratis.ContainerStateMachine (ContainerStateMachine.java:takeSnapshot(292)) - group-A0C5CFE587C4: Taking a snapshot at:(t:4, i:0) file /home/runner/work/ozone/ozone/hadoop-ozone/integration-test/target/test-dir/MiniOzoneClusterImpl-05b781a4-7df0-48b9-8d73-8dabce68a637/datanode-1/data/ratis/96e4d95f-3c0f-4364-8360-a0c5cfe587c4/sm/snapshot.4_0
2021-08-25 23:21:01,939 [282e11bf-8d58-444e-a800-cb732d8168d5@group-A0C5CFE587C4-StateMachineUpdater] INFO  ratis.ContainerStateMachine (ContainerStateMachine.java:takeSnapshot(303)) - group-A0C5CFE587C4: Finished taking a snapshot at:(t:4, i:0) file:/home/runner/work/ozone/ozone/hadoop-ozone/integration-test/target/test-dir/MiniOzoneClusterImpl-05b781a4-7df0-48b9-8d73-8dabce68a637/datanode-1/data/ratis/96e4d95f-3c0f-4364-8360-a0c5cfe587c4/sm/snapshot.4_0 took: 4 ms
2021-08-25 23:21:01,940 [282e11bf-8d58-444e-a800-cb732d8168d5@group-A0C5CFE587C4-StateMachineUpdater] INFO  impl.StateMachineUpdater (StateMachineUpdater.java:takeSnapshot(281)) - 282e11bf-8d58-444e-a800-cb732d8168d5@group-A0C5CFE587C4-StateMachineUpdater: Took a snapshot at index 0
2021-08-25 23:21:01,940 [282e11bf-8d58-444e-a800-cb732d8168d5@group-A0C5CFE587C4-StateMachineUpdater] INFO  impl.StateMachineUpdater (StateMachineUpdater.java:lambda$new$0(89)) - 282e11bf-8d58-444e-a800-cb732d8168d5@group-A0C5CFE587C4-StateMachineUpdater: snapshotIndex: updateIncreasingly -1 -> 0
2021-08-25 23:21:01,940 [ForkJoinPool.commonPool-worker-0] INFO  server.RaftServer$Division (ServerState.java:close(419)) - 282e11bf-8d58-444e-a800-cb732d8168d5@group-A0C5CFE587C4: closes. applyIndex: 0
2021-08-25 23:21:01,940 [282e11bf-8d58-444e-a800-cb732d8168d5@group-A0C5CFE587C4-SegmentedRaftLogWorker] INFO  segmented.SegmentedRaftLogWorker (SegmentedRaftLogWorker.java:run(327)) - 282e11bf-8d58-444e-a800-cb732d8168d5@group-A0C5CFE587C4-SegmentedRaftLogWorker was interrupted, exiting. There are 0 tasks remaining in the queue.
2021-08-25 23:21:01,940 [ForkJoinPool.commonPool-worker-0] INFO  segmented.SegmentedRaftLogWorker (SegmentedRaftLogWorker.java:close(237)) - 282e11bf-8d58-444e-a800-cb732d8168d5@group-A0C5CFE587C4-SegmentedRaftLogWorker close()
2021-08-25 23:21:01,941 [ForkJoinPool.commonPool-worker-0] INFO  server.GrpcService (GrpcService.java:closeImpl(262)) - 282e11bf-8d58-444e-a800-cb732d8168d5: shutdown server with port 39035 now
2021-08-25 23:21:01,970 [ForkJoinPool.commonPool-worker-0] INFO  server.GrpcService (GrpcService.java:closeImpl(271)) - 282e11bf-8d58-444e-a800-cb732d8168d5: shutdown server with port 39035 successfully
2021-08-25 23:21:01,970 [org.apache.ratis.util.JvmPauseMonitor$$Lambda$531/840931289@2b85b3d8] INFO  util.JvmPauseMonitor (JvmPauseMonitor.java:run(109)) - JvmPauseMonitor-282e11bf-8d58-444e-a800-cb732d8168d5: Stopped
2021-08-25 23:21:01,979 [ForkJoinPool.commonPool-worker-0] INFO  utils.BackgroundService (BackgroundService.java:shutdown(132)) - Shutting down service BlockDeletingService
2021-08-25 23:21:02,378 [EventQueue-StaleNodeForStaleNodeHandler] INFO  node.StaleNodeHandler (StaleNodeHandler.java:onMessage(58)) - Datanode 55460722-07fd-4e57-847c-29244a947e0a{ip: 10.1.0.32, host: fv-az12-462.exdb2aeach2ezidoxz41lk3bwg.cx.internal.cloudapp.net, ports: [REPLICATION=45061, RATIS=40409, RATIS_ADMIN=40409, RATIS_SERVER=40409, STANDALONE=35129], networkLocation: /default-rack, certSerialId: null, persistedOpState: IN_SERVICE, persistedOpStateExpiryEpochSec: 0} moved to stale state. Finalizing its pipelines [PipelineID=0d03a30e-984d-483d-b770-35e29bafb5c9, PipelineID=a08f549b-4053-449d-b408-d975e08d8ef0]
2021-08-25 23:21:02,378 [EventQueue-StaleNodeForStaleNodeHandler] INFO  pipeline.PipelineManagerImpl (PipelineManagerImpl.java:closePipeline(342)) - Pipeline Pipeline[ Id: 0d03a30e-984d-483d-b770-35e29bafb5c9, Nodes: d2e949a9-e5b3-4c4c-92b0-47a0169dba23{ip: 10.1.0.32, host: fv-az12-462.exdb2aeach2ezidoxz41lk3bwg.cx.internal.cloudapp.net, ports: [REPLICATION=43891, RATIS=37449, RATIS_ADMIN=37449, RATIS_SERVER=37449, STANDALONE=38135], networkLocation: /default-rack, certSerialId: null, persistedOpState: IN_SERVICE, persistedOpStateExpiryEpochSec: 0}f3c5edec-fcc1-440f-ba30-167340659c5c{ip: 10.1.0.32, host: fv-az12-462.exdb2aeach2ezidoxz41lk3bwg.cx.internal.cloudapp.net, ports: [REPLICATION=46521, RATIS=45103, RATIS_ADMIN=45103, RATIS_SERVER=45103, STANDALONE=32773], networkLocation: /default-rack, certSerialId: null, persistedOpState: IN_SERVICE, persistedOpStateExpiryEpochSec: 0}55460722-07fd-4e57-847c-29244a947e0a{ip: 10.1.0.32, host: fv-az12-462.exdb2aeach2ezidoxz41lk3bwg.cx.internal.cloudapp.net, ports: [REPLICATION=45061, RATIS=40409, RATIS_ADMIN=40409, RATIS_SERVER=40409, STANDALONE=35129], networkLocation: /default-rack, certSerialId: null, persistedOpState: IN_SERVICE, persistedOpStateExpiryEpochSec: 0}, ReplicationConfig: RATIS/THREE, State:OPEN, leaderId:d2e949a9-e5b3-4c4c-92b0-47a0169dba23, CreationTimestamp2021-08-25T23:20:10.324Z[Etc/UTC]] moved to CLOSED state
2021-08-25 23:21:02,387 [EventQueue-StaleNodeForStaleNodeHandler] INFO  pipeline.PipelineManagerImpl (PipelineManagerImpl.java:closePipeline(342)) - Pipeline Pipeline[ Id: a08f549b-4053-449d-b408-d975e08d8ef0, Nodes: 55460722-07fd-4e57-847c-29244a947e0a{ip: 10.1.0.32, host: fv-az12-462.exdb2aeach2ezidoxz41lk3bwg.cx.internal.cloudapp.net, ports: [REPLICATION=45061, RATIS=40409, RATIS_ADMIN=40409, RATIS_SERVER=40409, STANDALONE=35129], networkLocation: /default-rack, certSerialId: null, persistedOpState: IN_SERVICE, persistedOpStateExpiryEpochSec: 0}, ReplicationConfig: RATIS/ONE, State:OPEN, leaderId:55460722-07fd-4e57-847c-29244a947e0a, CreationTimestamp2021-08-25T23:20:10.135Z[Etc/UTC]] moved to CLOSED state
2021-08-25 23:21:02,389 [EventQueue-CloseContainerForCloseContainerEventHandler] INFO  container.CloseContainerEventHandler (CloseContainerEventHandler.java:onMessage(69)) - Close container Event triggered for container : #1
2021-08-25 23:21:04,863 [Listener at 127.0.0.1/39119] INFO  statemachine.DatanodeStateMachine (DatanodeStateMachine.java:stopDaemon(515)) - Ozone container server stopped.
2021-08-25 23:21:04,864 [Listener at 127.0.0.1/39119] INFO  handler.ContextHandler (ContextHandler.java:doStop(1153)) - Stopped o.e.j.w.WebAppContext@39e79429{hddsDatanode,/,null,STOPPED}{jar:file:/home/runner/.m2/repository/org/apache/ozone/hdds-container-service/1.2.0-SNAPSHOT/hdds-container-service-1.2.0-SNAPSHOT.jar!/webapps/hddsDatanode}
2021-08-25 23:21:04,865 [Listener at 127.0.0.1/39119] INFO  server.AbstractConnector (AbstractConnector.java:doStop(381)) - Stopped ServerConnector@e51fa39{HTTP/1.1, (http/1.1)}{0.0.0.0:0}
2021-08-25 23:21:04,866 [Listener at 127.0.0.1/39119] INFO  server.session (HouseKeeper.java:stopScavenging(149)) - node0 Stopped scavenging
2021-08-25 23:21:04,866 [Listener at 127.0.0.1/39119] INFO  handler.ContextHandler (ContextHandler.java:doStop(1153)) - Stopped o.e.j.s.ServletContextHandler@421581cd{static,/static,jar:file:/home/runner/.m2/repository/org/apache/ozone/hdds-container-service/1.2.0-SNAPSHOT/hdds-container-service-1.2.0-SNAPSHOT.jar!/webapps/static,STOPPED}
2021-08-25 23:21:04,866 [Listener at 127.0.0.1/39119] INFO  handler.ContextHandler (ContextHandler.java:doStop(1153)) - Stopped o.e.j.s.ServletContextHandler@43c9c0b5{logs,/logs,file:///home/runner/work/ozone/ozone/hadoop-ozone/integration-test/target/log,STOPPED}
2021-08-25 23:21:04,982 [ForkJoinPool.commonPool-worker-0] INFO  statemachine.DatanodeStateMachine (DatanodeStateMachine.java:stopDaemon(515)) - Ozone container server stopped.
2021-08-25 23:21:04,991 [ForkJoinPool.commonPool-worker-0] INFO  handler.ContextHandler (ContextHandler.java:doStop(1153)) - Stopped o.e.j.w.WebAppContext@4b6f7369{hddsDatanode,/,null,STOPPED}{jar:file:/home/runner/.m2/repository/org/apache/ozone/hdds-container-service/1.2.0-SNAPSHOT/hdds-container-service-1.2.0-SNAPSHOT.jar!/webapps/hddsDatanode}
2021-08-25 23:21:05,011 [ForkJoinPool.commonPool-worker-0] INFO  server.AbstractConnector (AbstractConnector.java:doStop(381)) - Stopped ServerConnector@10743711{HTTP/1.1, (http/1.1)}{0.0.0.0:0}
2021-08-25 23:21:05,012 [ForkJoinPool.commonPool-worker-0] INFO  server.session (HouseKeeper.java:stopScavenging(149)) - node0 Stopped scavenging
2021-08-25 23:21:05,013 [ForkJoinPool.commonPool-worker-0] INFO  handler.ContextHandler (ContextHandler.java:doStop(1153)) - Stopped o.e.j.s.ServletContextHandler@462d8276{static,/static,jar:file:/home/runner/.m2/repository/org/apache/ozone/hdds-container-service/1.2.0-SNAPSHOT/hdds-container-service-1.2.0-SNAPSHOT.jar!/webapps/static,STOPPED}
2021-08-25 23:21:05,022 [ForkJoinPool.commonPool-worker-0] INFO  handler.ContextHandler (ContextHandler.java:doStop(1153)) - Stopped o.e.j.s.ServletContextHandler@61a4a71c{logs,/logs,file:///home/runner/work/ozone/ozone/hadoop-ozone/integration-test/target/log,STOPPED}
2021-08-25 23:21:05,266 [Datanode State Machine Thread - 0] INFO  statemachine.DatanodeStateMachine (DatanodeStateMachine.java:lambda$startDaemon$0(457)) - Ozone container server started.
2021-08-25 23:21:09,510 [e56ee20f-9a03-437e-8d1d-8d6614c978b9@group-85F725802A99-FollowerState] INFO  impl.FollowerState (FollowerState.java:run(134)) - e56ee20f-9a03-437e-8d1d-8d6614c978b9@group-85F725802A99-FollowerState: change to CANDIDATE, lastRpcElapsedTime:9513694274ns, electionTimeout:5100ms
2021-08-25 23:21:09,510 [e56ee20f-9a03-437e-8d1d-8d6614c978b9@group-85F725802A99-FollowerState] INFO  impl.RoleInfo (RoleInfo.java:shutdownFollowerState(108)) - e56ee20f-9a03-437e-8d1d-8d6614c978b9: shutdown e56ee20f-9a03-437e-8d1d-8d6614c978b9@group-85F725802A99-FollowerState
2021-08-25 23:21:09,510 [e56ee20f-9a03-437e-8d1d-8d6614c978b9@group-85F725802A99-FollowerState] INFO  server.RaftServer$Division (RaftServerImpl.java:setRole(285)) - e56ee20f-9a03-437e-8d1d-8d6614c978b9@group-85F725802A99: changes role from  FOLLOWER to CANDIDATE at term 3 for changeToCandidate
2021-08-25 23:21:09,510 [e56ee20f-9a03-437e-8d1d-8d6614c978b9@group-85F725802A99-FollowerState] INFO  server.RaftServerConfigKeys (ConfUtils.java:logGet(44)) - raft.server.leaderelection.pre-vote = false (custom)
2021-08-25 23:21:09,510 [e56ee20f-9a03-437e-8d1d-8d6614c978b9@group-85F725802A99-FollowerState] INFO  impl.RoleInfo (RoleInfo.java:updateAndGet(130)) - e56ee20f-9a03-437e-8d1d-8d6614c978b9: start e56ee20f-9a03-437e-8d1d-8d6614c978b9@group-85F725802A99-LeaderElection27
2021-08-25 23:21:09,522 [e56ee20f-9a03-437e-8d1d-8d6614c978b9@group-85F725802A99-LeaderElection27] INFO  server.RaftServer$Division (ServerState.java:setLeader(285)) - e56ee20f-9a03-437e-8d1d-8d6614c978b9@group-85F725802A99: change Leader from 4553ea2b-b05c-4809-ad97-5bb271da1b92 to null at term 3 for ELECTION
2021-08-25 23:21:09,526 [e56ee20f-9a03-437e-8d1d-8d6614c978b9@group-85F725802A99-LeaderElection27] INFO  impl.LeaderElection (LeaderElection.java:askForVotes(306)) - e56ee20f-9a03-437e-8d1d-8d6614c978b9@group-85F725802A99-LeaderElection27 ELECTION round 0: submit vote requests at term 4 for 0: [4553ea2b-b05c-4809-ad97-5bb271da1b92|rpc:10.1.0.32:36113|dataStream:|priority:1, 02c65f58-31b6-441b-a599-132cd2d8b363|rpc:10.1.0.32:34905|dataStream:|priority:0, e56ee20f-9a03-437e-8d1d-8d6614c978b9|rpc:10.1.0.32:35337|dataStream:|priority:0], old=null
2021-08-25 23:21:09,549 [e56ee20f-9a03-437e-8d1d-8d6614c978b9@group-85F725802A99-LeaderElection27] INFO  impl.LeaderElection (LogUtils.java:infoOrTrace(137)) - e56ee20f-9a03-437e-8d1d-8d6614c978b9@group-85F725802A99-LeaderElection27 got exception when requesting votes: java.util.concurrent.ExecutionException: org.apache.ratis.thirdparty.io.grpc.StatusRuntimeException: UNAVAILABLE: io exception
2021-08-25 23:21:09,551 [e56ee20f-9a03-437e-8d1d-8d6614c978b9@group-85F725802A99-LeaderElection27] INFO  impl.LeaderElection (LogUtils.java:infoOrTrace(137)) - e56ee20f-9a03-437e-8d1d-8d6614c978b9@group-85F725802A99-LeaderElection27 got exception when requesting votes: java.util.concurrent.ExecutionException: org.apache.ratis.thirdparty.io.grpc.StatusRuntimeException: UNAVAILABLE: io exception
2021-08-25 23:21:09,551 [e56ee20f-9a03-437e-8d1d-8d6614c978b9@group-85F725802A99-LeaderElection27] INFO  impl.LeaderElection (LeaderElection.java:logAndReturn(89)) - e56ee20f-9a03-437e-8d1d-8d6614c978b9@group-85F725802A99-LeaderElection27: ELECTION REJECTED received 0 response(s) and 2 exception(s):
2021-08-25 23:21:09,551 [e56ee20f-9a03-437e-8d1d-8d6614c978b9@group-85F725802A99-LeaderElection27] INFO  impl.LeaderElection (LogUtils.java:infoOrTrace(137)) -   Exception 0: java.util.concurrent.ExecutionException: org.apache.ratis.thirdparty.io.grpc.StatusRuntimeException: UNAVAILABLE: io exception
2021-08-25 23:21:09,551 [e56ee20f-9a03-437e-8d1d-8d6614c978b9@group-85F725802A99-LeaderElection27] INFO  impl.LeaderElection (LogUtils.java:infoOrTrace(137)) -   Exception 1: java.util.concurrent.ExecutionException: org.apache.ratis.thirdparty.io.grpc.StatusRuntimeException: UNAVAILABLE: io exception
2021-08-25 23:21:09,551 [e56ee20f-9a03-437e-8d1d-8d6614c978b9@group-85F725802A99-LeaderElection27] INFO  impl.LeaderElection (LeaderElection.java:askForVotes(308)) - e56ee20f-9a03-437e-8d1d-8d6614c978b9@group-85F725802A99-LeaderElection27 ELECTION round 0: result REJECTED
2021-08-25 23:21:09,552 [e56ee20f-9a03-437e-8d1d-8d6614c978b9@group-85F725802A99-LeaderElection27] INFO  server.RaftServer$Division (RaftServerImpl.java:setRole(285)) - e56ee20f-9a03-437e-8d1d-8d6614c978b9@group-85F725802A99: changes role from CANDIDATE to FOLLOWER at term 4 for REJECTED
2021-08-25 23:21:09,552 [e56ee20f-9a03-437e-8d1d-8d6614c978b9@group-85F725802A99-LeaderElection27] INFO  impl.RoleInfo (RoleInfo.java:shutdownLeaderElection(121)) - e56ee20f-9a03-437e-8d1d-8d6614c978b9: shutdown e56ee20f-9a03-437e-8d1d-8d6614c978b9@group-85F725802A99-LeaderElection27
2021-08-25 23:21:09,552 [e56ee20f-9a03-437e-8d1d-8d6614c978b9@group-85F725802A99-LeaderElection27] INFO  impl.RoleInfo (RoleInfo.java:updateAndGet(130)) - e56ee20f-9a03-437e-8d1d-8d6614c978b9: start e56ee20f-9a03-437e-8d1d-8d6614c978b9@group-85F725802A99-FollowerState
2021-08-25 23:21:09,872 [Listener at 127.0.0.1/39119] INFO  ozoneimpl.OzoneContainer (OzoneContainer.java:stop(326)) - Attempting to stop container services.
2021-08-25 23:21:09,877 [Listener at 127.0.0.1/39119] INFO  server.RaftServer (RaftServerProxy.java:lambda$close$6(391)) - e56ee20f-9a03-437e-8d1d-8d6614c978b9: close
2021-08-25 23:21:09,878 [Listener at 127.0.0.1/39119] INFO  server.RaftServer$Division (RaftServerImpl.java:lambda$close$4(407)) - e56ee20f-9a03-437e-8d1d-8d6614c978b9@group-416AA078E38F: shutdown
2021-08-25 23:21:09,878 [Listener at 127.0.0.1/39119] INFO  util.JmxRegister (JmxRegister.java:unregister(73)) - Successfully un-registered JMX Bean with object name Ratis:service=RaftServer,group=group-416AA078E38F,id=e56ee20f-9a03-437e-8d1d-8d6614c978b9
2021-08-25 23:21:09,878 [Listener at 127.0.0.1/39119] INFO  impl.RoleInfo (RoleInfo.java:shutdownLeaderState(91)) - e56ee20f-9a03-437e-8d1d-8d6614c978b9: shutdown e56ee20f-9a03-437e-8d1d-8d6614c978b9@group-416AA078E38F-LeaderStateImpl
2021-08-25 23:21:09,879 [Listener at 127.0.0.1/39119] INFO  impl.PendingRequests (PendingRequests.java:sendNotLeaderResponses(282)) - e56ee20f-9a03-437e-8d1d-8d6614c978b9@group-416AA078E38F-PendingRequests: sendNotLeaderResponses
2021-08-25 23:21:09,879 [Listener at 127.0.0.1/39119] INFO  impl.StateMachineUpdater (StateMachineUpdater.java:stopAndJoin(149)) - e56ee20f-9a03-437e-8d1d-8d6614c978b9@group-416AA078E38F-StateMachineUpdater: set stopIndex = 0
2021-08-25 23:21:09,879 [e56ee20f-9a03-437e-8d1d-8d6614c978b9@group-416AA078E38F-StateMachineUpdater] INFO  ratis.ContainerStateMachine (ContainerStateMachine.java:takeSnapshot(292)) - group-416AA078E38F: Taking a snapshot at:(t:1, i:0) file /home/runner/work/ozone/ozone/hadoop-ozone/integration-test/target/test-dir/MiniOzoneClusterImpl-05b781a4-7df0-48b9-8d73-8dabce68a637/datanode-6/data/ratis/65f77d9c-e1aa-4389-88a0-416aa078e38f/sm/snapshot.1_0
2021-08-25 23:21:09,879 [ForkJoinPool.commonPool-worker-1] INFO  server.RaftServer$Division (RaftServerImpl.java:lambda$close$4(407)) - e56ee20f-9a03-437e-8d1d-8d6614c978b9@group-85F725802A99: shutdown
2021-08-25 23:21:09,880 [ForkJoinPool.commonPool-worker-1] INFO  util.JmxRegister (JmxRegister.java:unregister(73)) - Successfully un-registered JMX Bean with object name Ratis:service=RaftServer,group=group-85F725802A99,id=e56ee20f-9a03-437e-8d1d-8d6614c978b9
2021-08-25 23:21:09,880 [ForkJoinPool.commonPool-worker-1] INFO  impl.RoleInfo (RoleInfo.java:shutdownFollowerState(108)) - e56ee20f-9a03-437e-8d1d-8d6614c978b9: shutdown e56ee20f-9a03-437e-8d1d-8d6614c978b9@group-85F725802A99-FollowerState
2021-08-25 23:21:09,880 [ForkJoinPool.commonPool-worker-1] INFO  impl.StateMachineUpdater (StateMachineUpdater.java:stopAndJoin(149)) - e56ee20f-9a03-437e-8d1d-8d6614c978b9@group-85F725802A99-StateMachineUpdater: set stopIndex = 11
2021-08-25 23:21:09,881 [e56ee20f-9a03-437e-8d1d-8d6614c978b9@group-85F725802A99-FollowerState] INFO  impl.FollowerState (FollowerState.java:run(143)) - e56ee20f-9a03-437e-8d1d-8d6614c978b9@group-85F725802A99-FollowerState was interrupted: {}
java.lang.InterruptedException: sleep interrupted
	at java.lang.Thread.sleep(Native Method)
	at java.lang.Thread.sleep(Thread.java:340)
	at java.util.concurrent.TimeUnit.sleep(TimeUnit.java:386)
	at org.apache.ratis.util.TimeDuration.sleep(TimeDuration.java:324)
	at org.apache.ratis.util.TimeDuration.sleep(TimeDuration.java:309)
	at org.apache.ratis.server.impl.FollowerState.run(FollowerState.java:118)
2021-08-25 23:21:09,881 [e56ee20f-9a03-437e-8d1d-8d6614c978b9@group-85F725802A99-StateMachineUpdater] INFO  ratis.ContainerStateMachine (ContainerStateMachine.java:takeSnapshot(292)) - group-85F725802A99: Taking a snapshot at:(t:3, i:11) file /home/runner/work/ozone/ozone/hadoop-ozone/integration-test/target/test-dir/MiniOzoneClusterImpl-05b781a4-7df0-48b9-8d73-8dabce68a637/datanode-6/data/ratis/69f609fc-1725-4d99-98f5-85f725802a99/sm/snapshot.3_11
2021-08-25 23:21:09,882 [e56ee20f-9a03-437e-8d1d-8d6614c978b9@group-416AA078E38F-StateMachineUpdater] INFO  ratis.ContainerStateMachine (ContainerStateMachine.java:takeSnapshot(303)) - group-416AA078E38F: Finished taking a snapshot at:(t:1, i:0) file:/home/runner/work/ozone/ozone/hadoop-ozone/integration-test/target/test-dir/MiniOzoneClusterImpl-05b781a4-7df0-48b9-8d73-8dabce68a637/datanode-6/data/ratis/65f77d9c-e1aa-4389-88a0-416aa078e38f/sm/snapshot.1_0 took: 2 ms
2021-08-25 23:21:09,882 [e56ee20f-9a03-437e-8d1d-8d6614c978b9@group-416AA078E38F-StateMachineUpdater] INFO  impl.StateMachineUpdater (StateMachineUpdater.java:takeSnapshot(281)) - e56ee20f-9a03-437e-8d1d-8d6614c978b9@group-416AA078E38F-StateMachineUpdater: Took a snapshot at index 0
2021-08-25 23:21:09,882 [e56ee20f-9a03-437e-8d1d-8d6614c978b9@group-416AA078E38F-StateMachineUpdater] INFO  impl.StateMachineUpdater (StateMachineUpdater.java:lambda$new$0(89)) - e56ee20f-9a03-437e-8d1d-8d6614c978b9@group-416AA078E38F-StateMachineUpdater: snapshotIndex: updateIncreasingly -1 -> 0
2021-08-25 23:21:09,883 [Listener at 127.0.0.1/39119] INFO  server.RaftServer$Division (ServerState.java:close(419)) - e56ee20f-9a03-437e-8d1d-8d6614c978b9@group-416AA078E38F: closes. applyIndex: 0
2021-08-25 23:21:09,883 [e56ee20f-9a03-437e-8d1d-8d6614c978b9@group-85F725802A99-StateMachineUpdater] INFO  ratis.ContainerStateMachine (ContainerStateMachine.java:takeSnapshot(303)) - group-85F725802A99: Finished taking a snapshot at:(t:3, i:11) file:/home/runner/work/ozone/ozone/hadoop-ozone/integration-test/target/test-dir/MiniOzoneClusterImpl-05b781a4-7df0-48b9-8d73-8dabce68a637/datanode-6/data/ratis/69f609fc-1725-4d99-98f5-85f725802a99/sm/snapshot.3_11 took: 2 ms
2021-08-25 23:21:09,884 [e56ee20f-9a03-437e-8d1d-8d6614c978b9@group-85F725802A99-StateMachineUpdater] INFO  impl.StateMachineUpdater (StateMachineUpdater.java:takeSnapshot(281)) - e56ee20f-9a03-437e-8d1d-8d6614c978b9@group-85F725802A99-StateMachineUpdater: Took a snapshot at index 11
2021-08-25 23:21:09,884 [e56ee20f-9a03-437e-8d1d-8d6614c978b9@group-85F725802A99-StateMachineUpdater] INFO  impl.StateMachineUpdater (StateMachineUpdater.java:lambda$new$0(89)) - e56ee20f-9a03-437e-8d1d-8d6614c978b9@group-85F725802A99-StateMachineUpdater: snapshotIndex: updateIncreasingly -1 -> 11
2021-08-25 23:21:09,883 [e56ee20f-9a03-437e-8d1d-8d6614c978b9@group-416AA078E38F-SegmentedRaftLogWorker] INFO  segmented.SegmentedRaftLogWorker (SegmentedRaftLogWorker.java:run(327)) - e56ee20f-9a03-437e-8d1d-8d6614c978b9@group-416AA078E38F-SegmentedRaftLogWorker was interrupted, exiting. There are 0 tasks remaining in the queue.
2021-08-25 23:21:09,884 [ForkJoinPool.commonPool-worker-1] INFO  server.RaftServer$Division (ServerState.java:close(419)) - e56ee20f-9a03-437e-8d1d-8d6614c978b9@group-85F725802A99: closes. applyIndex: 11
2021-08-25 23:21:09,884 [e56ee20f-9a03-437e-8d1d-8d6614c978b9@group-85F725802A99-SegmentedRaftLogWorker] INFO  segmented.SegmentedRaftLogWorker (SegmentedRaftLogWorker.java:run(327)) - e56ee20f-9a03-437e-8d1d-8d6614c978b9@group-85F725802A99-SegmentedRaftLogWorker was interrupted, exiting. There are 0 tasks remaining in the queue.
2021-08-25 23:21:09,884 [Listener at 127.0.0.1/39119] INFO  segmented.SegmentedRaftLogWorker (SegmentedRaftLogWorker.java:close(237)) - e56ee20f-9a03-437e-8d1d-8d6614c978b9@group-416AA078E38F-SegmentedRaftLogWorker close()
2021-08-25 23:21:09,885 [ForkJoinPool.commonPool-worker-1] INFO  segmented.SegmentedRaftLogWorker (SegmentedRaftLogWorker.java:close(237)) - e56ee20f-9a03-437e-8d1d-8d6614c978b9@group-85F725802A99-SegmentedRaftLogWorker close()
2021-08-25 23:21:09,913 [Listener at 127.0.0.1/39119] INFO  server.GrpcService (GrpcService.java:closeImpl(262)) - e56ee20f-9a03-437e-8d1d-8d6614c978b9: shutdown server with port 35337 now
2021-08-25 23:21:09,923 [Listener at 127.0.0.1/39119] INFO  server.GrpcService (GrpcService.java:closeImpl(271)) - e56ee20f-9a03-437e-8d1d-8d6614c978b9: shutdown server with port 35337 successfully
2021-08-25 23:21:09,925 [org.apache.ratis.util.JvmPauseMonitor$$Lambda$531/840931289@234a4c30] INFO  util.JvmPauseMonitor (JvmPauseMonitor.java:run(109)) - JvmPauseMonitor-e56ee20f-9a03-437e-8d1d-8d6614c978b9: Stopped
2021-08-25 23:21:09,938 [Listener at 127.0.0.1/39119] INFO  utils.BackgroundService (BackgroundService.java:shutdown(132)) - Shutting down service BlockDeletingService
2021-08-25 23:21:10,205 [EventQueue-StaleNodeForStaleNodeHandler] INFO  node.StaleNodeHandler (StaleNodeHandler.java:onMessage(58)) - Datanode d2e949a9-e5b3-4c4c-92b0-47a0169dba23{ip: 10.1.0.32, host: fv-az12-462.exdb2aeach2ezidoxz41lk3bwg.cx.internal.cloudapp.net, ports: [REPLICATION=43891, RATIS=37449, RATIS_ADMIN=37449, RATIS_SERVER=37449, STANDALONE=38135], networkLocation: /default-rack, certSerialId: null, persistedOpState: IN_SERVICE, persistedOpStateExpiryEpochSec: 0} moved to stale state. Finalizing its pipelines [PipelineID=5e7708cc-accf-450f-89b3-ea16c3ceb103, PipelineID=0d03a30e-984d-483d-b770-35e29bafb5c9]
2021-08-25 23:21:10,206 [EventQueue-StaleNodeForStaleNodeHandler] INFO  pipeline.PipelineManagerImpl (PipelineManagerImpl.java:closePipeline(342)) - Pipeline Pipeline[ Id: 5e7708cc-accf-450f-89b3-ea16c3ceb103, Nodes: d2e949a9-e5b3-4c4c-92b0-47a0169dba23{ip: 10.1.0.32, host: fv-az12-462.exdb2aeach2ezidoxz41lk3bwg.cx.internal.cloudapp.net, ports: [REPLICATION=43891, RATIS=37449, RATIS_ADMIN=37449, RATIS_SERVER=37449, STANDALONE=38135], networkLocation: /default-rack, certSerialId: null, persistedOpState: IN_SERVICE, persistedOpStateExpiryEpochSec: 0}, ReplicationConfig: RATIS/ONE, State:OPEN, leaderId:d2e949a9-e5b3-4c4c-92b0-47a0169dba23, CreationTimestamp2021-08-25T23:20:09.922Z[Etc/UTC]] moved to CLOSED state
2021-08-25 23:21:10,406 [EventQueue-StaleNodeForStaleNodeHandler] INFO  node.StaleNodeHandler (StaleNodeHandler.java:onMessage(58)) - Datanode f3c5edec-fcc1-440f-ba30-167340659c5c{ip: 10.1.0.32, host: fv-az12-462.exdb2aeach2ezidoxz41lk3bwg.cx.internal.cloudapp.net, ports: [REPLICATION=46521, RATIS=45103, RATIS_ADMIN=45103, RATIS_SERVER=45103, STANDALONE=32773], networkLocation: /default-rack, certSerialId: null, persistedOpState: IN_SERVICE, persistedOpStateExpiryEpochSec: 0} moved to stale state. Finalizing its pipelines [PipelineID=0d03a30e-984d-483d-b770-35e29bafb5c9, PipelineID=e9796aa1-dbd9-43ab-bad6-970c7929bed2]
2021-08-25 23:21:10,406 [EventQueue-StaleNodeForStaleNodeHandler] INFO  pipeline.PipelineManagerImpl (PipelineManagerImpl.java:closePipeline(342)) - Pipeline Pipeline[ Id: e9796aa1-dbd9-43ab-bad6-970c7929bed2, Nodes: f3c5edec-fcc1-440f-ba30-167340659c5c{ip: 10.1.0.32, host: fv-az12-462.exdb2aeach2ezidoxz41lk3bwg.cx.internal.cloudapp.net, ports: [REPLICATION=46521, RATIS=45103, RATIS_ADMIN=45103, RATIS_SERVER=45103, STANDALONE=32773], networkLocation: /default-rack, certSerialId: null, persistedOpState: IN_SERVICE, persistedOpStateExpiryEpochSec: 0}, ReplicationConfig: RATIS/ONE, State:OPEN, leaderId:f3c5edec-fcc1-440f-ba30-167340659c5c, CreationTimestamp2021-08-25T23:20:10.323Z[Etc/UTC]] moved to CLOSED state
2021-08-25 23:21:12,946 [Listener at 127.0.0.1/39119] INFO  statemachine.DatanodeStateMachine (DatanodeStateMachine.java:stopDaemon(515)) - Ozone container server stopped.
2021-08-25 23:21:12,947 [Listener at 127.0.0.1/39119] INFO  handler.ContextHandler (ContextHandler.java:doStop(1153)) - Stopped o.e.j.w.WebAppContext@1812ba7f{hddsDatanode,/,null,STOPPED}{jar:file:/home/runner/.m2/repository/org/apache/ozone/hdds-container-service/1.2.0-SNAPSHOT/hdds-container-service-1.2.0-SNAPSHOT.jar!/webapps/hddsDatanode}
2021-08-25 23:21:12,948 [Listener at 127.0.0.1/39119] INFO  server.AbstractConnector (AbstractConnector.java:doStop(381)) - Stopped ServerConnector@7d9277f7{HTTP/1.1, (http/1.1)}{0.0.0.0:0}
2021-08-25 23:21:12,948 [Listener at 127.0.0.1/39119] INFO  server.session (HouseKeeper.java:stopScavenging(149)) - node0 Stopped scavenging
2021-08-25 23:21:12,948 [Listener at 127.0.0.1/39119] INFO  handler.ContextHandler (ContextHandler.java:doStop(1153)) - Stopped o.e.j.s.ServletContextHandler@4dd8a37e{static,/static,jar:file:/home/runner/.m2/repository/org/apache/ozone/hdds-container-service/1.2.0-SNAPSHOT/hdds-container-service-1.2.0-SNAPSHOT.jar!/webapps/static,STOPPED}
2021-08-25 23:21:12,948 [Listener at 127.0.0.1/39119] INFO  handler.ContextHandler (ContextHandler.java:doStop(1153)) - Stopped o.e.j.s.ServletContextHandler@7ebc3412{logs,/logs,file:///home/runner/work/ozone/ozone/hadoop-ozone/integration-test/target/log,STOPPED}
2021-08-25 23:21:12,950 [Listener at 127.0.0.1/39119] INFO  ozone.MiniOzoneClusterImpl (MiniOzoneClusterImpl.java:stopSCM(542)) - Stopping the StorageContainerManager
2021-08-25 23:21:12,950 [Listener at 127.0.0.1/39119] INFO  server.StorageContainerManager (StorageContainerManager.java:stop(1349)) - Stopping Container Balancer service.
2021-08-25 23:21:12,950 [Listener at 127.0.0.1/39119] INFO  balancer.ContainerBalancer (ContainerBalancer.java:stop(721)) - Container Balancer is not running.
2021-08-25 23:21:12,950 [Listener at 127.0.0.1/39119] INFO  server.StorageContainerManager (StorageContainerManager.java:stop(1356)) - Stopping Replication Manager Service.
2021-08-25 23:21:12,950 [Listener at 127.0.0.1/39119] INFO  container.ReplicationManager (ReplicationManager.java:stop(338)) - Stopping Replication Monitor Thread.
2021-08-25 23:21:12,951 [Listener at 127.0.0.1/39119] INFO  server.StorageContainerManager (StorageContainerManager.java:stop(1363)) - Stopping the Datanode Admin Monitor.
2021-08-25 23:21:12,951 [Listener at 127.0.0.1/39119] INFO  server.StorageContainerManager (StorageContainerManager.java:stop(1370)) - Stopping Lease Manager of the command watchers
2021-08-25 23:21:12,951 [Listener at 127.0.0.1/39119] INFO  server.StorageContainerManager (StorageContainerManager.java:stop(1377)) - Stopping datanode service RPC server
2021-08-25 23:21:12,951 [Listener at 127.0.0.1/39119] INFO  server.SCMDatanodeProtocolServer (SCMDatanodeProtocolServer.java:stop(389)) - Stopping the RPC server for DataNodes
2021-08-25 23:21:12,951 [Listener at 127.0.0.1/39119] INFO  ipc.Server (Server.java:stop(3414)) - Stopping server on 36949
2021-08-25 23:21:12,953 [IPC Server listener on 0] INFO  ipc.Server (Server.java:run(1376)) - Stopping IPC Server listener on 0
2021-08-25 23:21:12,953 [IPC Server Responder] INFO  ipc.Server (Server.java:run(1512)) - Stopping IPC Server Responder
2021-08-25 23:21:13,017 [SCM Heartbeat Processing Thread - 0] WARN  node.NodeStateManager (NodeStateManager.java:scheduleNextHealthCheck(799)) - Current Thread is interrupted, shutting down HB processing thread for Node Manager.
2021-08-25 23:21:13,017 [Listener at 127.0.0.1/39119] INFO  server.StorageContainerManager (StorageContainerManager.java:stop(1385)) - Stopping block service RPC server
2021-08-25 23:21:13,017 [Listener at 127.0.0.1/39119] INFO  server.SCMBlockProtocolServer (SCMBlockProtocolServer.java:stop(160)) - Stopping the RPC server for Block Protocol
2021-08-25 23:21:13,017 [Listener at 127.0.0.1/39119] INFO  ipc.Server (Server.java:stop(3414)) - Stopping server on 38383
2021-08-25 23:21:13,019 [IPC Server listener on 0] INFO  ipc.Server (Server.java:run(1376)) - Stopping IPC Server listener on 0
2021-08-25 23:21:13,019 [Listener at 127.0.0.1/39119] INFO  server.StorageContainerManager (StorageContainerManager.java:stop(1392)) - Stopping the StorageContainerLocationProtocol RPC server
2021-08-25 23:21:13,019 [Listener at 127.0.0.1/39119] INFO  server.SCMClientProtocolServer (SCMClientProtocolServer.java:stop(173)) - Stopping the RPC server for Client Protocol
2021-08-25 23:21:13,019 [Listener at 127.0.0.1/39119] INFO  ipc.Server (Server.java:stop(3414)) - Stopping server on 39591
2021-08-25 23:21:13,019 [IPC Server Responder] INFO  ipc.Server (Server.java:run(1512)) - Stopping IPC Server Responder
2021-08-25 23:21:13,022 [Listener at 127.0.0.1/39119] INFO  server.StorageContainerManager (StorageContainerManager.java:stop(1399)) - Stopping Storage Container Manager HTTP server.
2021-08-25 23:21:13,022 [IPC Server Responder] INFO  ipc.Server (Server.java:run(1512)) - Stopping IPC Server Responder
2021-08-25 23:21:13,023 [IPC Server listener on 0] INFO  ipc.Server (Server.java:run(1376)) - Stopping IPC Server listener on 0
2021-08-25 23:21:13,023 [Listener at 127.0.0.1/39119] INFO  handler.ContextHandler (ContextHandler.java:doStop(1153)) - Stopped o.e.j.w.WebAppContext@40c6d1ef{scm,/,null,STOPPED}{file:/home/runner/work/ozone/ozone/hadoop-ozone/integration-test/target/test-classes/webapps/scm}
2021-08-25 23:21:13,024 [Listener at 127.0.0.1/39119] INFO  server.AbstractConnector (AbstractConnector.java:doStop(381)) - Stopped ServerConnector@64887fbc{HTTP/1.1, (http/1.1)}{0.0.0.0:0}
2021-08-25 23:21:13,024 [Listener at 127.0.0.1/39119] INFO  server.session (HouseKeeper.java:stopScavenging(149)) - node0 Stopped scavenging
2021-08-25 23:21:13,025 [Listener at 127.0.0.1/39119] INFO  handler.ContextHandler (ContextHandler.java:doStop(1153)) - Stopped o.e.j.s.ServletContextHandler@716e6fa5{static,/static,file:///home/runner/work/ozone/ozone/hadoop-ozone/integration-test/target/test-classes/webapps/static,STOPPED}
2021-08-25 23:21:13,025 [Listener at 127.0.0.1/39119] INFO  handler.ContextHandler (ContextHandler.java:doStop(1153)) - Stopped o.e.j.s.ServletContextHandler@5c316230{logs,/logs,file:///home/runner/work/ozone/ozone/hadoop-ozone/integration-test/target/log,STOPPED}
2021-08-25 23:21:13,026 [Listener at 127.0.0.1/39119] INFO  server.StorageContainerManager (StorageContainerManager.java:stop(1410)) - Stopping Block Manager Service.
2021-08-25 23:21:13,026 [Listener at 127.0.0.1/39119] INFO  utils.BackgroundService (BackgroundService.java:shutdown(132)) - Shutting down service SCMBlockDeletingService
2021-08-25 23:21:13,026 [Listener at 127.0.0.1/39119] INFO  utils.BackgroundService (BackgroundService.java:shutdown(132)) - Shutting down service SCMBlockDeletingService
2021-08-25 23:21:13,027 [Listener at 127.0.0.1/39119] INFO  server.StorageContainerManager (StorageContainerManager.java:stop(1437)) - Stopping SCM Event Queue.
2021-08-25 23:21:13,030 [Listener at 127.0.0.1/39119] INFO  server.StorageContainerManager (StorageContainerManager.java:stop(1448)) - Stopping SCM HA services.
2021-08-25 23:21:13,030 [Listener at 127.0.0.1/39119] INFO  pipeline.BackgroundPipelineCreator (BackgroundPipelineCreatorV2.java:stop(158)) - Stopping RatisPipelineUtilsThread.
2021-08-25 23:21:13,034 [Listener at 127.0.0.1/39119] INFO  server.StorageContainerManager (StorageContainerManager.java:stop(1458)) - Stopping SCM MetadataStore.
2021-08-25 23:21:13,035 [Listener at 127.0.0.1/39119] INFO  impl.MetricsSystemImpl (MetricsSystemImpl.java:stop(210)) - Stopping XceiverClientMetrics metrics system...
2021-08-25 23:21:13,099 [prometheus] INFO  impl.MetricsSinkAdapter (MetricsSinkAdapter.java:publishMetricsFromQueue(141)) - prometheus thread interrupted.
2021-08-25 23:21:13,099 [Listener at 127.0.0.1/39119] INFO  impl.MetricsSystemImpl (MetricsSystemImpl.java:stop(216)) - XceiverClientMetrics metrics system stopped.
]]></system-out>
  </testcase>
  <testcase name="testWatchForCommitForRetryfailure" classname="org.apache.hadoop.ozone.client.rpc.TestWatchForCommit" time="98.193"/>
  <testcase name="testWatchForCommitForGroupMismatchException" classname="org.apache.hadoop.ozone.client.rpc.TestWatchForCommit" time="60.659"/>
  <testcase name="test2WayCommitForTimeoutException" classname="org.apache.hadoop.ozone.client.rpc.TestWatchForCommit" time="63.518"/>
</testsuite>